{"target": -175.7915453041413, "params": {"k_pid_pos": [1.2849845897650676, 0.008704309274406768, 0.7690255213092644], "k_pid_alt": [2.0, 0.004179345091888636, 0.008513349236684464], "k_pid_att": [14.80316123459552, 0.15985476971873233, 0.41475293227603255], "k_pid_yaw": [0.5, 1e-06, 0.1], "k_pid_hsp": [0.19551072434228758, 0.015611312955464954, 0.0], "k_pid_vsp": [300.7041770655333, 400.0, 1.278569408610257]}, "datetime": {"datetime": "2025-08-21 16:21:00", "elapsed": 27376.58252429962, "delta": 18.106135368347168}, "costs": {"total_cost": 175.7915453041413, "time_cost": 70.824, "final_distance_cost": 1.8523603827444823, "oscillation_cost": 26.991861345999624, "completition_cost": 0.0, "overshoot_cost": 50.43639950708069, "power_cost": 13.3342083984375, "noise_cost": 12.352715669878986, "n_waypoints_completed": 9, "tot_waypoints": 9}}
{"target": -179.36292767664602, "params": {"k_pid_pos": [1.71442421141045, 0.009894818370423464, 0.9697843869085195], "k_pid_alt": [1.5834846241546465, 0.0017790443928931698, 0.008042186851697325], "k_pid_att": [11.608837223233685, 0.16531336924578513, 0.33930266593827635], "k_pid_yaw": [0.5, 1e-06, 0.1], "k_pid_hsp": [0.16934564870139465, 0.016945009572070298, 0.0], "k_pid_vsp": [165.493259595019, 287.558580651071, 1.3296950530776188]}, "datetime": {"datetime": "2025-08-21 16:21:16", "elapsed": 27392.678007125854, "delta": 16.09548282623291}, "costs": {"total_cost": 179.36292767664602, "time_cost": 70.544, "final_distance_cost": 1.8492941561607472, "oscillation_cost": 28.392191875120766, "completition_cost": 0.0, "overshoot_cost": 50.40175353393127, "power_cost": 15.080550549316406, "noise_cost": 13.095137562116832, "n_waypoints_completed": 9, "tot_waypoints": 9}}
{"target": -177.25917156789848, "params": {"k_pid_pos": [1.7791838924794792, 0.018664358247316847, 0.8325836297251367], "k_pid_alt": [1.1993824597617733, 0.0033540096579824995, 0.010083433209411817], "k_pid_att": [14.353443378146125, 0.12814099568991336, 0.42252843757862474], "k_pid_yaw": [0.5, 1e-06, 0.1], "k_pid_hsp": [0.1689642391500662, 0.01610504097510712, 0.0], "k_pid_vsp": [110.69703655827725, 353.32138069694935, 1.5434781565676976]}, "datetime": {"datetime": "2025-08-21 16:21:32", "elapsed": 27409.342751264572, "delta": 16.66474413871765}, "costs": {"total_cost": 177.25917156789848, "time_cost": 69.44, "final_distance_cost": 1.8443261821629515, "oscillation_cost": 30.688838561697573, "completition_cost": 0.0, "overshoot_cost": 49.711363628033524, "power_cost": 13.716609338378907, "noise_cost": 11.85803385762554, "n_waypoints_completed": 9, "tot_waypoints": 9}}
{"target": -174.23565439480325, "params": {"k_pid_pos": [1.9202542324808451, 0.026194394464382462, 0.6379098319587521], "k_pid_alt": [1.8033407983233574, 0.0030541891396396255, 0.010844882384410866], "k_pid_att": [16.389383088349046, 0.13993009562949815, 0.31660046609493525], "k_pid_yaw": [0.5, 1e-06, 0.1], "k_pid_hsp": [0.1205815631868028, 0.020350542900254908, 0.0], "k_pid_vsp": [183.1051850992305, 304.5482426646564, 1.0840289206010307]}, "datetime": {"datetime": "2025-08-21 16:21:49", "elapsed": 27426.220769643784, "delta": 16.878018379211426}, "costs": {"total_cost": 174.23565439480325, "time_cost": 68.8, "final_distance_cost": 1.7970744604605156, "oscillation_cost": 31.232684975911745, "completition_cost": 0.0, "overshoot_cost": 50.406390170400165, "power_cost": 11.38381444091797, "noise_cost": 10.615690347112864, "n_waypoints_completed": 9, "tot_waypoints": 9}}
{"target": -175.85610899175668, "params": {"k_pid_pos": [1.7409076055370871, 0.019765761283040004, 0.8039301863675918], "k_pid_alt": [1.2562993832406402, 0.0031736525765974667, 0.010588029621389695], "k_pid_att": [7.975808428264805, 0.1884757353492158, 0.3084695758175147], "k_pid_yaw": [0.5, 1e-06, 0.1], "k_pid_hsp": [0.223220176332807, 0.021927413403549936, 0.0], "k_pid_vsp": [196.76851655189589, 260.796543306469, 1.465649918930793]}, "datetime": {"datetime": "2025-08-21 16:22:05", "elapsed": 27442.356345415115, "delta": 16.135575771331787}, "costs": {"total_cost": 175.85610899175668, "time_cost": 69.224, "final_distance_cost": 1.8454883354819354, "oscillation_cost": 30.229684111408844, "completition_cost": 0.0, "overshoot_cost": 49.940350919734094, "power_cost": 12.769153918457032, "noise_cost": 11.847431706674806, "n_waypoints_completed": 9, "tot_waypoints": 9}}
{"target": -170.76092258763111, "params": {"k_pid_pos": [1.751626371779001, 0.02341722861005882, 1.0], "k_pid_alt": [1.4132193796354278, 0.0030326349495182862, 0.010061197388269605], "k_pid_att": [13.507211479862526, 0.21821889203403097, 0.39491020105007113], "k_pid_yaw": [0.5, 1e-06, 0.1], "k_pid_hsp": [0.16860823798786287, 0.024846343859864135, 0.0], "k_pid_vsp": [176.7467796943106, 278.8078724606152, 1.1069952305302466]}, "datetime": {"datetime": "2025-08-21 16:22:23", "elapsed": 27459.837862730026, "delta": 17.48151731491089}, "costs": {"total_cost": 170.76092258763111, "time_cost": 69.128, "final_distance_cost": 1.8404302638215506, "oscillation_cost": 29.73548648707935, "completition_cost": 0.0, "overshoot_cost": 49.670087650118504, "power_cost": 10.252356262207032, "noise_cost": 10.134561924404668, "n_waypoints_completed": 9, "tot_waypoints": 9}}
{"target": -179.37455200857596, "params": {"k_pid_pos": [1.4472923374073299, 0.021990927956203953, 1.0], "k_pid_alt": [1.8134457079892636, 0.0038953737330263915, 0.009319534201046774], "k_pid_att": [13.939527201902164, 0.07649370551712702, 0.3307840138961248], "k_pid_yaw": [0.5, 1e-06, 0.1], "k_pid_hsp": [0.17712395061732042, 0.022397133665916325, 0.0], "k_pid_vsp": [238.8186040011586, 229.4620944614273, 2.1433838248742236]}, "datetime": {"datetime": "2025-08-21 16:22:39", "elapsed": 27475.804298877716, "delta": 15.96643614768982}, "costs": {"total_cost": 179.37455200857596, "time_cost": 71.21600000000001, "final_distance_cost": 1.8422659597156141, "oscillation_cost": 27.553734940496554, "completition_cost": 0.0, "overshoot_cost": 50.645678562245735, "power_cost": 14.929998303222657, "noise_cost": 13.18687424289538, "n_waypoints_completed": 9, "tot_waypoints": 9}}
{"target": -175.53956007092856, "params": {"k_pid_pos": [0.8611727535594659, 0.018356283868020056, 0.6777623626114826], "k_pid_alt": [1.7981313701711006, 0.0024551288653745142, 0.008896489526234062], "k_pid_att": [6.790062541713624, 0.1686719438634943, 0.29952742286962714], "k_pid_yaw": [0.5, 1e-06, 0.1], "k_pid_hsp": [0.1780739670997793, 0.02198013013097709, 0.0], "k_pid_vsp": [188.1774561326554, 267.6944337827294, 1.1328209473117286]}, "datetime": {"datetime": "2025-08-21 16:22:59", "elapsed": 27496.277501106262, "delta": 20.473202228546143}, "costs": {"total_cost": 175.53956007092856, "time_cost": 77.144, "final_distance_cost": 1.8575544865477664, "oscillation_cost": 26.69648887764779, "completition_cost": 0.0, "overshoot_cost": 50.087914779487214, "power_cost": 9.278753344726564, "noise_cost": 10.474848582519195, "n_waypoints_completed": 9, "tot_waypoints": 9}}
{"target": -169.93523882037954, "params": {"k_pid_pos": [1.5934122867594542, 0.030449754386604706, 0.9633348604531408], "k_pid_alt": [1.6796361462405702, 0.0025706278840222888, 0.011850609304090874], "k_pid_att": [12.223750057634717, 0.1403133393493091, 0.22465033904717427], "k_pid_yaw": [0.5, 1e-06, 0.1], "k_pid_hsp": [0.18003319276897198, 0.014614659095985166, 0.0], "k_pid_vsp": [225.37016498073532, 140.34507891459677, 1.4717840620731781]}, "datetime": {"datetime": "2025-08-21 16:23:15", "elapsed": 27512.21224141121, "delta": 15.9347403049469}, "costs": {"total_cost": 169.93523882037954, "time_cost": 69.488, "final_distance_cost": 1.848290017606656, "oscillation_cost": 27.747864936983735, "completition_cost": 0.0, "overshoot_cost": 49.965811830043684, "power_cost": 10.359913305664064, "noise_cost": 10.525358730081381, "n_waypoints_completed": 9, "tot_waypoints": 9}}
{"target": -182.3837729062554, "params": {"k_pid_pos": [1.409141543043759, 0.005418789127067295, 0.9653231568134283], "k_pid_alt": [1.3592964900269848, 0.004395907625828185, 0.007992955189115363], "k_pid_att": [14.464746087845652, 0.1594040768364249, 0.20614516197823374], "k_pid_yaw": [0.5, 1e-06, 0.1], "k_pid_hsp": [0.20493700288497477, 0.02231802417587106, 0.0], "k_pid_vsp": [200.4975460711468, 270.78739409483865, 1.1373481703862918]}, "datetime": {"datetime": "2025-08-21 16:23:32", "elapsed": 27529.396863222122, "delta": 17.184621810913086}, "costs": {"total_cost": 182.3837729062554, "time_cost": 71.952, "final_distance_cost": 1.846050393613775, "oscillation_cost": 27.839996572755492, "completition_cost": 0.0, "overshoot_cost": 50.64834650594534, "power_cost": 16.241816870117187, "noise_cost": 13.855562563823584, "n_waypoints_completed": 9, "tot_waypoints": 9}}
{"target": -170.56471799624128, "params": {"k_pid_pos": [1.93484736340404, 0.024540920848956108, 0.8081276085063003], "k_pid_alt": [1.2033564515435715, 0.0036562084061664054, 0.014027283080015057], "k_pid_att": [11.334648322673914, 0.19973255023598113, 0.3076420114170683], "k_pid_yaw": [0.5, 1e-06, 0.1], "k_pid_hsp": [0.14085574333883366, 0.016765630706487376, 0.0], "k_pid_vsp": [280.87632295383526, 274.49844042154496, 1.286358357065493]}, "datetime": {"datetime": "2025-08-21 16:23:49", "elapsed": 27545.877041578293, "delta": 16.480178356170654}, "costs": {"total_cost": 170.56471799624128, "time_cost": 68.776, "final_distance_cost": 1.809678139172812, "oscillation_cost": 30.319896176694275, "completition_cost": 0.0, "overshoot_cost": 49.55812334746747, "power_cost": 10.028727587890625, "noise_cost": 10.072292745016108, "n_waypoints_completed": 9, "tot_waypoints": 9}}
{"target": -176.55242259714942, "params": {"k_pid_pos": [1.8146275435195884, 0.017213278644189787, 0.6177509208363626], "k_pid_alt": [2.0, 0.00393103481216477, 0.007925008539411768], "k_pid_att": [14.852254976691441, 0.128072608939968, 0.3386023636152378], "k_pid_yaw": [0.5, 1e-06, 0.1], "k_pid_hsp": [0.19622849477031537, 0.020702709963184435, 0.0], "k_pid_vsp": [216.59106840162835, 300.57626259181035, 1.3889752940987534]}, "datetime": {"datetime": "2025-08-21 16:24:05", "elapsed": 27561.53289747238, "delta": 15.655855894088745}, "costs": {"total_cost": 176.55242259714942, "time_cost": 69.504, "final_distance_cost": 1.826595314109339, "oscillation_cost": 29.87757190219616, "completition_cost": 0.0, "overshoot_cost": 50.285821261403775, "power_cost": 13.240225891113282, "noise_cost": 11.818208228326842, "n_waypoints_completed": 9, "tot_waypoints": 9}}
{"target": -173.33683523645817, "params": {"k_pid_pos": [1.8720503595426994, 0.024615928689047675, 1.0], "k_pid_alt": [2.0, 0.0015252097700428641, 0.012000164485081925], "k_pid_att": [22.730260670644146, 0.1539937190599798, 0.274634749160922], "k_pid_yaw": [0.5, 1e-06, 0.1], "k_pid_hsp": [0.19610519060912143, 0.01612544804889388, 0.0], "k_pid_vsp": [261.6954016796232, 242.7883738342468, 1.4037673739566952]}, "datetime": {"datetime": "2025-08-21 16:24:21", "elapsed": 27578.217599630356, "delta": 16.684702157974243}, "costs": {"total_cost": 173.33683523645817, "time_cost": 69.856, "final_distance_cost": 1.8386969972326412, "oscillation_cost": 27.91896235385796, "completition_cost": 0.0, "overshoot_cost": 50.14595059332854, "power_cost": 12.23340947265625, "noise_cost": 11.343815819382769, "n_waypoints_completed": 9, "tot_waypoints": 9}}
{"target": -171.8279470430872, "params": {"k_pid_pos": [1.696216167959154, 0.029543298348416472, 0.9672262884845907], "k_pid_alt": [1.1220086092369703, 0.004661089331960434, 0.011826583259212993], "k_pid_att": [15.80200136842634, 0.15379856372434583, 0.3211133883401452], "k_pid_yaw": [0.5, 1e-06, 0.1], "k_pid_hsp": [0.17692869979407858, 0.01928732719091758, 0.0], "k_pid_vsp": [327.5057956501404, 244.20447865874053, 1.1574480808474485]}, "datetime": {"datetime": "2025-08-21 16:24:38", "elapsed": 27594.470986127853, "delta": 16.25338649749756}, "costs": {"total_cost": 171.8279470430872, "time_cost": 69.672, "final_distance_cost": 1.8411211229016458, "oscillation_cost": 29.18418146539506, "completition_cost": 0.0, "overshoot_cost": 49.29873815666909, "power_cost": 11.062048706054687, "noise_cost": 10.76985759206671, "n_waypoints_completed": 9, "tot_waypoints": 9}}
{"target": -169.31924891428054, "params": {"k_pid_pos": [1.923601068702526, 0.020547028551653572, 1.0], "k_pid_alt": [1.9031972884477082, 0.0030548602013093606, 0.011028295497845682], "k_pid_att": [14.997887588365401, 0.1569432796686229, 0.16502640985017888], "k_pid_yaw": [0.5, 1e-06, 0.1], "k_pid_hsp": [0.19033409533561155, 0.02094238015039972, 0.0], "k_pid_vsp": [266.73303817419406, 279.9387879220596, 1.2377452706594738]}, "datetime": {"datetime": "2025-08-21 16:24:55", "elapsed": 27612.21685385704, "delta": 17.74586772918701}, "costs": {"total_cost": 169.31924891428054, "time_cost": 68.952, "final_distance_cost": 1.834890953460978, "oscillation_cost": 29.403265411427817, "completition_cost": 0.0, "overshoot_cost": 49.60003143386371, "power_cost": 9.643521069335938, "noise_cost": 9.885540046192101, "n_waypoints_completed": 9, "tot_waypoints": 9}}
{"target": -174.82050671237025, "params": {"k_pid_pos": [1.6655299375226313, 0.025284690661296145, 0.9901811037302813], "k_pid_alt": [1.323292016965013, 0.002706715142513827, 0.00704601956222], "k_pid_att": [10.555816631457324, 0.17186463929081305, 0.2924971500092862], "k_pid_yaw": [0.5, 1e-06, 0.1], "k_pid_hsp": [0.09135891636821052, 0.02158329972247915, 0.0], "k_pid_vsp": [221.0763019390118, 251.92679119330128, 1.3248559210493742]}, "datetime": {"datetime": "2025-08-21 16:25:11", "elapsed": 27628.226333856583, "delta": 16.009479999542236}, "costs": {"total_cost": 174.82050671237025, "time_cost": 69.664, "final_distance_cost": 1.8320362882919656, "oscillation_cost": 29.61827743508971, "completition_cost": 0.0, "overshoot_cost": 49.86820533475556, "power_cost": 12.397425219726562, "noise_cost": 11.440562434506463, "n_waypoints_completed": 9, "tot_waypoints": 9}}
{"target": -178.86376861066356, "params": {"k_pid_pos": [1.7231388485808978, 0.01799795638210913, 1.0], "k_pid_alt": [0.9328385583056185, 0.0036548039877693883, 0.008921463659913016], "k_pid_att": [14.589270475886854, 0.17384733152306828, 0.29449731832311815], "k_pid_yaw": [0.5, 1e-06, 0.1], "k_pid_hsp": [0.1437645521891976, 0.0077392446644577615, 0.0], "k_pid_vsp": [254.32855508666242, 256.80450396731743, 1.3459484336659508]}, "datetime": {"datetime": "2025-08-21 16:25:28", "elapsed": 27644.480772018433, "delta": 16.254438161849976}, "costs": {"total_cost": 178.86376861066356, "time_cost": 71.024, "final_distance_cost": 1.8291781352912497, "oscillation_cost": 27.804392421807574, "completition_cost": 0.0, "overshoot_cost": 50.96037768004454, "power_cost": 14.547223315429688, "noise_cost": 12.698597058090526, "n_waypoints_completed": 9, "tot_waypoints": 9}}
{"target": -168.47543357552564, "params": {"k_pid_pos": [2.0, 0.021714070121072532, 0.9756867333996926], "k_pid_alt": [1.5320062127207341, 0.0033748048003689243, 0.01397260169366551], "k_pid_att": [5.2602579122717765, 0.1983143710871056, 0.20078775207081886], "k_pid_yaw": [0.5, 1e-06, 0.1], "k_pid_hsp": [0.17112248611455208, 0.02397514573912927, 0.0], "k_pid_vsp": [250.33200134947813, 383.596397793034, 1.179003514166338]}, "datetime": {"datetime": "2025-08-21 16:25:44", "elapsed": 27661.052973985672, "delta": 16.57220196723938}, "costs": {"total_cost": 168.47543357552564, "time_cost": 68.392, "final_distance_cost": 1.83825916624937, "oscillation_cost": 30.818183701250806, "completition_cost": 0.0, "overshoot_cost": 49.75863425389544, "power_cost": 8.499525122070313, "noise_cost": 9.168831332059744, "n_waypoints_completed": 9, "tot_waypoints": 9}}
{"target": -178.94131016383832, "params": {"k_pid_pos": [1.781014045512481, 0.01729556691485926, 0.6212679561651283], "k_pid_alt": [1.4451476885804329, 0.0020285173230670532, 0.008704195433173993], "k_pid_att": [16.730023718986292, 0.20679609358419968, 0.3164542133339738], "k_pid_yaw": [0.5, 1e-06, 0.1], "k_pid_hsp": [0.18981476374816686, 0.024673653149470884, 0.0], "k_pid_vsp": [251.57697902263146, 400.0, 0.8269394286843181]}, "datetime": {"datetime": "2025-08-21 16:26:00", "elapsed": 27677.30849957466, "delta": 16.255525588989258}, "costs": {"total_cost": 178.94131016383832, "time_cost": 69.536, "final_distance_cost": 1.8052059373668479, "oscillation_cost": 29.636411549920634, "completition_cost": 0.0, "overshoot_cost": 50.6814495633671, "power_cost": 14.77162353515625, "noise_cost": 12.510619578027503, "n_waypoints_completed": 9, "tot_waypoints": 9}}
{"target": -183.84307054333414, "params": {"k_pid_pos": [1.073432722974627, 0.023587126181357738, 1.0], "k_pid_alt": [1.6181852015999787, 0.0030491134975995124, 0.010347526500146791], "k_pid_att": [12.455647143985345, 0.22523222386428912, 0.32318331545630824], "k_pid_yaw": [0.5, 1e-06, 0.1], "k_pid_hsp": [0.24382890395279402, 0.024725767201908163, 0.0], "k_pid_vsp": [169.36821417720853, 234.09902912776226, 1.3043065545937613]}, "datetime": {"datetime": "2025-08-21 16:26:20", "elapsed": 27696.71771478653, "delta": 19.409215211868286}, "costs": {"total_cost": 183.84307054333414, "time_cost": 77.456, "final_distance_cost": 1.8524614315892565, "oscillation_cost": 27.73691212056582, "completition_cost": 0.0, "overshoot_cost": 50.22488717361702, "power_cost": 13.53164237060547, "noise_cost": 13.041167446956534, "n_waypoints_completed": 9, "tot_waypoints": 9}}
{"target": -174.409384335194, "params": {"k_pid_pos": [1.8448183946943952, 0.026180472014841857, 0.613937523169476], "k_pid_alt": [2.0, 0.0030246715566722617, 0.01045508210774204], "k_pid_att": [8.805269913905539, 0.17890328621081553, 0.26050836974153535], "k_pid_yaw": [0.5, 1e-06, 0.1], "k_pid_hsp": [0.16212225466390628, 0.027191140963825116, 0.0], "k_pid_vsp": [200.36475963782559, 350.90210563295244, 1.359862080052162]}, "datetime": {"datetime": "2025-08-21 16:26:36", "elapsed": 27713.2618560791, "delta": 16.54414129257202}, "costs": {"total_cost": 174.409384335194, "time_cost": 69.16, "final_distance_cost": 1.8335737483035202, "oscillation_cost": 31.027532029288125, "completition_cost": 0.0, "overshoot_cost": 50.15345308943166, "power_cost": 11.542361608886718, "noise_cost": 10.692463859283974, "n_waypoints_completed": 9, "tot_waypoints": 9}}
{"target": -172.76670843098938, "params": {"k_pid_pos": [1.7001785270047332, 0.0122653872233065, 0.949431635445951], "k_pid_alt": [1.0853626472345084, 0.004020426740761809, 0.010163551764640984], "k_pid_att": [13.390449997402046, 0.1373354654104334, 0.29316727261859593], "k_pid_yaw": [0.5, 1e-06, 0.1], "k_pid_hsp": [0.1684501094197954, 0.02287228157353101, 0.0], "k_pid_vsp": [163.18401913990743, 302.8291147407131, 1.2012289454065657]}, "datetime": {"datetime": "2025-08-21 16:26:53", "elapsed": 27729.762303352356, "delta": 16.500447273254395}, "costs": {"total_cost": 172.76670843098938, "time_cost": 69.712, "final_distance_cost": 1.8429862964242392, "oscillation_cost": 29.957269562892233, "completition_cost": 0.0, "overshoot_cost": 49.37377646878588, "power_cost": 11.238473242187501, "noise_cost": 10.6422028606995, "n_waypoints_completed": 9, "tot_waypoints": 9}}
{"target": -170.96488340355893, "params": {"k_pid_pos": [1.506138726842912, 0.016708183628109313, 0.7010929479030826], "k_pid_alt": [1.5496399241702552, 0.003774558323070382, 0.014636808319462957], "k_pid_att": [10.892973159162473, 0.1520921494686263, 0.23339071003059475], "k_pid_yaw": [0.5, 1e-06, 0.1], "k_pid_hsp": [0.1572578109855566, 0.027489612065902242, 0.0], "k_pid_vsp": [208.19596252903693, 373.8075918114873, 1.2450536783064672]}, "datetime": {"datetime": "2025-08-21 16:27:09", "elapsed": 27746.443441152573, "delta": 16.681137800216675}, "costs": {"total_cost": 170.96488340355893, "time_cost": 68.784, "final_distance_cost": 1.8394930933551044, "oscillation_cost": 29.964743636609324, "completition_cost": 0.0, "overshoot_cost": 49.66286154714091, "power_cost": 10.468440258789062, "noise_cost": 10.24534486766452, "n_waypoints_completed": 9, "tot_waypoints": 9}}
{"target": -174.3921532245676, "params": {"k_pid_pos": [2.0, 0.01966609988312727, 0.6894652411002199], "k_pid_alt": [0.8786942647983936, 0.004499524991835571, 0.01171105315274167], "k_pid_att": [10.104404564320589, 0.11027991089010887, 0.2685411677182577], "k_pid_yaw": [0.5, 1e-06, 0.1], "k_pid_hsp": [0.1864877783331731, 0.021264512044755282, 0.0], "k_pid_vsp": [253.49948598682647, 289.02918810970056, 1.2290603958535669]}, "datetime": {"datetime": "2025-08-21 16:27:25", "elapsed": 27762.31230354309, "delta": 15.868862390518188}, "costs": {"total_cost": 174.3921532245676, "time_cost": 69.456, "final_distance_cost": 1.7864401945839965, "oscillation_cost": 31.008475078163894, "completition_cost": 0.0, "overshoot_cost": 49.373342440962396, "power_cost": 11.813939306640625, "noise_cost": 10.95395620421667, "n_waypoints_completed": 9, "tot_waypoints": 9}}
{"target": -168.94895332001522, "params": {"k_pid_pos": [1.6376215699033452, 0.014744600408313999, 1.0], "k_pid_alt": [1.651205836486204, 0.005825297601737535, 0.009524085875675922], "k_pid_att": [12.91755923367068, 0.1732655695835733, 0.2232775332140604], "k_pid_yaw": [0.5, 1e-06, 0.1], "k_pid_hsp": [0.18600290037789105, 0.01967591051905578, 0.0], "k_pid_vsp": [141.57328871301073, 186.33685715689225, 1.096122990799261]}, "datetime": {"datetime": "2025-08-21 16:27:42", "elapsed": 27779.1699051857, "delta": 16.857601642608643}, "costs": {"total_cost": 168.94895332001522, "time_cost": 69.44, "final_distance_cost": 1.8421907371314428, "oscillation_cost": 28.61428673011392, "completition_cost": 0.0, "overshoot_cost": 49.22998596156863, "power_cost": 9.689927978515625, "noise_cost": 10.132561912685631, "n_waypoints_completed": 9, "tot_waypoints": 9}}
