{"target": -171.58924195250435, "params": {"k_pid_pos": [1.5703623571550487, 0.0717145489945817, 1.0], "k_pid_alt": [1.8396839768699393, 0.00120984475506534, 0.012019641341864123], "k_pid_att": [16.460585995088845, 0.16665759037585112, 0.5657730700590583], "k_pid_yaw": [0.5, 1e-06, 0.1], "k_pid_hsp": [0.2444080060858064, 0.019661951179478044, 0.0], "k_pid_vsp": [227.86689724064954, 233.3527887481265, 1.6492228103960436]}, "datetime": {"datetime": "2025-08-21 14:28:42", "elapsed": 20639.064572811127, "delta": 16.37221622467041}, "costs": {"total_cost": 171.58924195250435, "time_cost": 69.648, "final_distance_cost": 1.8438524724746854, "oscillation_cost": 27.44532805842146, "completition_cost": 0.0, "overshoot_cost": 49.965382054319605, "power_cost": 11.461667602539062, "noise_cost": 11.225011764749564, "n_waypoints_completed": 9, "tot_waypoints": 9}}
{"target": -172.6614266127716, "params": {"k_pid_pos": [1.4083391990836835, 0.05144476136466932, 0.9121747170918812], "k_pid_alt": [2.0, 0.0022186412076317195, 0.011011704183113999], "k_pid_att": [33.40757983606009, 0.199127340044698, 0.28220276728704946], "k_pid_yaw": [0.5, 1e-06, 0.1], "k_pid_hsp": [0.2297959798119288, 0.012532458008685063, 0.0], "k_pid_vsp": [190.90791035951074, 90.73122334024417, 0.3252106397445298]}, "datetime": {"datetime": "2025-08-21 14:28:59", "elapsed": 20655.557559728622, "delta": 16.492986917495728}, "costs": {"total_cost": 172.6614266127716, "time_cost": 70.744, "final_distance_cost": 1.8494186722481984, "oscillation_cost": 26.45320622467468, "completition_cost": 0.0, "overshoot_cost": 50.69802212789662, "power_cost": 11.693585217285158, "noise_cost": 11.223194370666961, "n_waypoints_completed": 9, "tot_waypoints": 9}}
{"target": -166.92946082891874, "params": {"k_pid_pos": [1.702113869162477, 0.050131046030864414, 1.0], "k_pid_alt": [2.0, 0.002834491948868627, 0.013154548651853499], "k_pid_att": [16.809638458885562, 0.13956357656294646, 0.4079977574040939], "k_pid_yaw": [0.5, 1e-06, 0.1], "k_pid_hsp": [0.22703088456716158, 0.012373947658239804, 0.0], "k_pid_vsp": [273.63143572716916, 209.9032445452558, 2.353620503962228]}, "datetime": {"datetime": "2025-08-21 14:29:14", "elapsed": 20671.40216755867, "delta": 15.844607830047607}, "costs": {"total_cost": 166.92946082891874, "time_cost": 69.456, "final_distance_cost": 1.846541269075652, "oscillation_cost": 28.078179331536482, "completition_cost": 0.0, "overshoot_cost": 49.7135999850164, "power_cost": 8.47459940185547, "noise_cost": 9.360540841434739, "n_waypoints_completed": 9, "tot_waypoints": 9}}
{"target": -171.5597699633751, "params": {"k_pid_pos": [1.7865094094403935, 0.07413660299902376, 1.0], "k_pid_alt": [2.0, 0.005203467553617682, 0.0035507664759225825], "k_pid_att": [9.900239199818083, 0.09430389671353294, 0.26966275905764864], "k_pid_yaw": [0.5, 1e-06, 0.1], "k_pid_hsp": [0.06992755686146579, 0.013625420654080034, 0.0], "k_pid_vsp": [246.08275630204557, 251.91137087399326, 3.424721350112989]}, "datetime": {"datetime": "2025-08-21 14:29:31", "elapsed": 20688.130165815353, "delta": 16.72799825668335}, "costs": {"total_cost": 171.5597699633751, "time_cost": 70.104, "final_distance_cost": 1.79256949748494, "oscillation_cost": 28.093722258902556, "completition_cost": 0.0, "overshoot_cost": 50.8702169126213, "power_cost": 10.458645422363281, "noise_cost": 10.240615872003017, "n_waypoints_completed": 9, "tot_waypoints": 9}}
{"target": -185.67862844312475, "params": {"k_pid_pos": [1.4930872850434345, 0.061526573645439314, 1.0], "k_pid_alt": [2.0, 0.003483963114386594, 0.007509688579318159], "k_pid_att": [13.298288523292456, 0.2565392807195119, 0.48215183705068815], "k_pid_yaw": [0.5, 1e-06, 0.1], "k_pid_hsp": [0.2697871297579881, 0.011776009668179497, 0.0], "k_pid_vsp": [176.35752146629093, 202.10124534593828, 1.5861256404148019]}, "datetime": {"datetime": "2025-08-21 14:29:48", "elapsed": 20704.634546518326, "delta": 16.504380702972412}, "costs": {"total_cost": 185.67862844312475, "time_cost": 71.104, "final_distance_cost": 1.8004569790488787, "oscillation_cost": 27.590037907587114, "completition_cost": 0.0, "overshoot_cost": 51.306673967450664, "power_cost": 17.165513439941407, "noise_cost": 16.711946149096686, "n_waypoints_completed": 9, "tot_waypoints": 9}}
{"target": -178.74965121522567, "params": {"k_pid_pos": [1.1591387991995028, 0.09002855471235072, 1.0], "k_pid_alt": [2.0, 0.0043880281216832715, 0.005357637971703998], "k_pid_att": [23.71272593235359, 0.27966980306081174, 0.37868934225380496], "k_pid_yaw": [0.5, 1e-06, 0.1], "k_pid_hsp": [0.24856647775743712, 0.01636627624706304, 0.0], "k_pid_vsp": [92.74439771635262, 167.3442883378103, 2.4177923654414424]}, "datetime": {"datetime": "2025-08-21 14:30:05", "elapsed": 20722.268902778625, "delta": 17.634356260299683}, "costs": {"total_cost": 178.74965121522567, "time_cost": 74.44, "final_distance_cost": 1.851722656323524, "oscillation_cost": 27.93909742813855, "completition_cost": 0.0, "overshoot_cost": 50.40192013142912, "power_cost": 12.17490859375, "noise_cost": 11.942002405584486, "n_waypoints_completed": 9, "tot_waypoints": 9}}
{"target": -181.65112274740568, "params": {"k_pid_pos": [1.7275479691742142, 0.07296862150356338, 1.0], "k_pid_alt": [1.9871422173839737, 0.005268632167940474, 0.011631103826736862], "k_pid_att": [19.19574537123995, 0.21535400704785623, 0.21102444044831223], "k_pid_yaw": [0.5, 1e-06, 0.1], "k_pid_hsp": [0.13282734179964809, 0.02014380584157636, 0.0], "k_pid_vsp": [386.62983395698865, 183.17040416842246, 1.8868639712103341]}, "datetime": {"datetime": "2025-08-21 14:30:22", "elapsed": 20739.310893535614, "delta": 17.041990756988525}, "costs": {"total_cost": 181.65112274740568, "time_cost": 70.776, "final_distance_cost": 1.832016905760171, "oscillation_cost": 29.17705105994868, "completition_cost": 0.0, "overshoot_cost": 51.32720547826117, "power_cost": 15.370121313476563, "noise_cost": 13.168727989959084, "n_waypoints_completed": 9, "tot_waypoints": 9}}
{"target": -170.32021136604624, "params": {"k_pid_pos": [1.850148896058552, 0.03592604373745854, 0.8725476177679635], "k_pid_alt": [1.3434603994206118, 0.0054585257990536346, 0.004769628503014275], "k_pid_att": [21.858376069145095, 0.19992971330788403, 0.540874804263124], "k_pid_yaw": [0.5, 1e-06, 0.1], "k_pid_hsp": [0.23561280217615796, 0.025764773132989156, 0.0], "k_pid_vsp": [87.37804641937016, 253.40643718307163, 3.543985877770002]}, "datetime": {"datetime": "2025-08-21 14:30:38", "elapsed": 20754.89079093933, "delta": 15.579897403717041}, "costs": {"total_cost": 170.32021136604624, "time_cost": 68.552, "final_distance_cost": 1.8286202409405814, "oscillation_cost": 30.987256079679945, "completition_cost": 0.0, "overshoot_cost": 49.6547864612916, "power_cost": 9.600014294433594, "noise_cost": 9.697534289700526, "n_waypoints_completed": 9, "tot_waypoints": 9}}
{"target": -180.70269918789745, "params": {"k_pid_pos": [0.6480114556072891, 0.02174400759238676, 0.2813840982680895], "k_pid_alt": [2.0, 0.004427661054435358, 0.00984947070837521], "k_pid_att": [12.196557933739227, 0.16208574503420384, 0.38240500092293517], "k_pid_yaw": [0.5, 1e-06, 0.1], "k_pid_hsp": [0.22292727500949464, 0.011236153504367354, 0.0], "k_pid_vsp": [251.447924520505, 200.79863763577927, 1.7720426374757423]}, "datetime": {"datetime": "2025-08-21 14:30:57", "elapsed": 20773.542872428894, "delta": 18.65208148956299}, "costs": {"total_cost": 180.70269918789745, "time_cost": 76.504, "final_distance_cost": 1.855025295275569, "oscillation_cost": 25.545299160413077, "completition_cost": 0.0, "overshoot_cost": 50.69737988268607, "power_cost": 13.263899780273437, "noise_cost": 12.83709506924927, "n_waypoints_completed": 9, "tot_waypoints": 9}}
{"target": -171.90990621441318, "params": {"k_pid_pos": [1.620769598788599, 0.0874734274641424, 1.0], "k_pid_alt": [2.0, 0.0025231669844872164, 0.013125124253528644], "k_pid_att": [29.954133530022705, 0.20783881473592, 0.4742778362072079], "k_pid_yaw": [0.5, 1e-06, 0.1], "k_pid_hsp": [0.11105045158606604, 0.013085167982042553, 0.0], "k_pid_vsp": [146.80963862269894, 166.35497017573834, 1.9582494379849098]}, "datetime": {"datetime": "2025-08-21 14:31:14", "elapsed": 20790.507247447968, "delta": 16.964375019073486}, "costs": {"total_cost": 171.90990621441318, "time_cost": 70.28, "final_distance_cost": 1.8400689223115296, "oscillation_cost": 26.361022834909754, "completition_cost": 0.0, "overshoot_cost": 50.3965306162671, "power_cost": 11.855195349121095, "noise_cost": 11.177088491803685, "n_waypoints_completed": 9, "tot_waypoints": 9}}
{"target": -177.16658564763873, "params": {"k_pid_pos": [2.0, 0.0, 0.9170394218853629], "k_pid_alt": [1.6416647699384288, 0.003410624566004252, 0.012166744155091466], "k_pid_att": [19.01071653492777, 0.32215876262518134, 0.4822278981315151], "k_pid_yaw": [0.5, 1e-06, 0.1], "k_pid_hsp": [0.25017738041964543, 0.014203174539169769, 0.0], "k_pid_vsp": [245.3937833125066, 121.82016490793599, 1.3578706038911774]}, "datetime": {"datetime": "2025-08-21 14:31:29", "elapsed": 20806.191370487213, "delta": 15.684123039245605}, "costs": {"total_cost": 177.16658564763873, "time_cost": 69.968, "final_distance_cost": 1.8338508315739581, "oscillation_cost": 29.504281403882747, "completition_cost": 0.0, "overshoot_cost": 50.58381226257749, "power_cost": 13.277882836914063, "noise_cost": 11.998758312690457, "n_waypoints_completed": 9, "tot_waypoints": 9}}
{"target": -174.6709387870228, "params": {"k_pid_pos": [1.3157171794977014, 0.0694861781480018, 0.7204281058741541], "k_pid_alt": [1.5375612464096313, 0.0044057861972119595, 0.00882705961675282], "k_pid_att": [20.36300346166442, 0.27305116096455034, 0.4050857936488625], "k_pid_yaw": [0.5, 1e-06, 0.1], "k_pid_hsp": [0.1586868831040855, 0.011707702342424506, 0.0], "k_pid_vsp": [285.3423895140522, 175.17903101665672, 3.194213621834083]}, "datetime": {"datetime": "2025-08-21 14:31:46", "elapsed": 20823.227199792862, "delta": 17.035829305648804}, "costs": {"total_cost": 174.6709387870228, "time_cost": 70.048, "final_distance_cost": 1.8385978251814765, "oscillation_cost": 26.37594171506772, "completition_cost": 0.0, "overshoot_cost": 51.0144886343846, "power_cost": 13.396461669921875, "noise_cost": 11.997448942467127, "n_waypoints_completed": 9, "tot_waypoints": 9}}
{"target": -168.27476918331914, "params": {"k_pid_pos": [1.239970936796053, 0.025607968615858196, 0.7777964414781562], "k_pid_alt": [2.0, 0.0039653695682642445, 0.015405641230398151], "k_pid_att": [13.56333111919259, 0.27429525134705923, 0.48744284636680596], "k_pid_yaw": [0.5, 1e-06, 0.1], "k_pid_hsp": [0.2738112405643171, 0.020917748109074805, 0.0], "k_pid_vsp": [260.02499514629864, 169.8957619886384, 3.920558125846767]}, "datetime": {"datetime": "2025-08-21 14:32:02", "elapsed": 20839.229676008224, "delta": 16.00247621536255}, "costs": {"total_cost": 168.27476918331914, "time_cost": 71.016, "final_distance_cost": 1.8437582401402124, "oscillation_cost": 26.83104508278088, "completition_cost": 0.0, "overshoot_cost": 50.01490231589346, "power_cost": 8.791765356445312, "noise_cost": 9.777298188059262, "n_waypoints_completed": 9, "tot_waypoints": 9}}
{"target": -169.65115749768577, "params": {"k_pid_pos": [1.4269782117192962, 0.07017187018740874, 0.7211984013125932], "k_pid_alt": [1.3670764792575811, 0.005310926686445246, 0.010900702809828355], "k_pid_att": [28.125019083293548, 0.17849886373012, 0.26554886759985025], "k_pid_yaw": [0.5, 1e-06, 0.1], "k_pid_hsp": [0.3190746009291779, 0.018407464695936505, 0.0], "k_pid_vsp": [226.3291401243182, 199.70636330068172, 1.85587721668382]}, "datetime": {"datetime": "2025-08-21 14:32:19", "elapsed": 20855.841560840607, "delta": 16.611884832382202}, "costs": {"total_cost": 169.65115749768577, "time_cost": 69.60000000000001, "final_distance_cost": 1.8472463613222012, "oscillation_cost": 28.55739763823616, "completition_cost": 0.0, "overshoot_cost": 49.33621162295502, "power_cost": 9.948542236328125, "noise_cost": 10.361759638844235, "n_waypoints_completed": 9, "tot_waypoints": 9}}
{"target": -173.844101353603, "params": {"k_pid_pos": [1.2403832110511963, 0.029853042507488072, 0.9026823637708098], "k_pid_alt": [2.0, 0.0031608436867528954, 0.012904783735916685], "k_pid_att": [19.725189030033096, 0.2831812653424726, 0.3457807869452994], "k_pid_yaw": [0.5, 1e-06, 0.1], "k_pid_hsp": [0.14285883982185849, 0.01053623026466934, 0.0], "k_pid_vsp": [246.766460774399, 258.766903600582, 2.561874452390479]}, "datetime": {"datetime": "2025-08-21 14:32:35", "elapsed": 20872.35177206993, "delta": 16.51021122932434}, "costs": {"total_cost": 173.844101353603, "time_cost": 72.056, "final_distance_cost": 1.8441635875760847, "oscillation_cost": 25.857172280512582, "completition_cost": 0.0, "overshoot_cost": 50.61815985391983, "power_cost": 11.998736376953126, "noise_cost": 11.46986925464136, "n_waypoints_completed": 9, "tot_waypoints": 9}}
{"target": -177.01346278522828, "params": {"k_pid_pos": [0.9370801467731124, 0.07541658316334031, 0.759146195069958], "k_pid_alt": [1.240760660407636, 0.005958108699614607, 0.009530832447146092], "k_pid_att": [28.772049251365303, 0.21539017191634346, 0.3146305094694499], "k_pid_yaw": [0.5, 1e-06, 0.1], "k_pid_hsp": [0.3044327159743263, 0.013337884472697398, 0.0], "k_pid_vsp": [275.129675497298, 137.9348610335119, 2.1445332106434414]}, "datetime": {"datetime": "2025-08-21 14:32:53", "elapsed": 20889.694576978683, "delta": 17.34280490875244}, "costs": {"total_cost": 177.01346278522828, "time_cost": 76.464, "final_distance_cost": 1.8523828309743404, "oscillation_cost": 25.872510057218584, "completition_cost": 0.0, "overshoot_cost": 50.779232134938795, "power_cost": 10.668861523437501, "noise_cost": 11.376476238659043, "n_waypoints_completed": 9, "tot_waypoints": 9}}
{"target": -172.9060800918997, "params": {"k_pid_pos": [1.917124119170234, 0.07158324225084477, 1.0], "k_pid_alt": [1.2289806531488872, 0.005558750014392054, 0.009656327445189503], "k_pid_att": [15.526499915047246, 0.2235745398001717, 0.5992868790926363], "k_pid_yaw": [0.5, 1e-06, 0.1], "k_pid_hsp": [0.12425151596020674, 0.0087820516703273, 0.0], "k_pid_vsp": [189.13318956008052, 174.3548067927677, 0.8971269138774224]}, "datetime": {"datetime": "2025-08-21 14:33:09", "elapsed": 20906.42536687851, "delta": 16.73078989982605}, "costs": {"total_cost": 172.9060800918997, "time_cost": 69.56, "final_distance_cost": 1.8351481303318753, "oscillation_cost": 28.25365222172102, "completition_cost": 0.0, "overshoot_cost": 50.388077068661346, "power_cost": 11.829736596679687, "noise_cost": 11.039466074505778, "n_waypoints_completed": 9, "tot_waypoints": 9}}
{"target": -175.48239673185552, "params": {"k_pid_pos": [1.7788302873280772, 0.11268454819015444, 1.0], "k_pid_alt": [1.7223433201387817, 0.004457277530366143, 0.008785738690654086], "k_pid_att": [16.36449646777623, 0.17033131912342336, 0.2312315265482209], "k_pid_yaw": [0.5, 1e-06, 0.1], "k_pid_hsp": [0.24114795031338931, 0.017932243938976855, 0.0], "k_pid_vsp": [245.0905297468247, 232.62518660027123, 2.472696729029067]}, "datetime": {"datetime": "2025-08-21 14:33:26", "elapsed": 20922.548540830612, "delta": 16.12317395210266}, "costs": {"total_cost": 175.48239673185552, "time_cost": 69.864, "final_distance_cost": 1.8384042969167196, "oscillation_cost": 28.45410079185237, "completition_cost": 0.0, "overshoot_cost": 50.691772126853785, "power_cost": 12.888038098144532, "noise_cost": 11.7460814180881, "n_waypoints_completed": 9, "tot_waypoints": 9}}
{"target": -169.00831498551025, "params": {"k_pid_pos": [1.7738554064961232, 0.023716196064351033, 0.7560540377055927], "k_pid_alt": [1.2620419040194057, 0.004031472034380687, 0.010672311461417701], "k_pid_att": [15.249771181515433, 0.27576694022525416, 0.6597777441708836], "k_pid_yaw": [0.5, 1e-06, 0.1], "k_pid_hsp": [0.12255973646492642, 0.014231393144677666, 0.0], "k_pid_vsp": [319.595516667247, 183.24545053208718, 3.2990655903719284]}, "datetime": {"datetime": "2025-08-21 14:33:42", "elapsed": 20939.057064533234, "delta": 16.50852370262146}, "costs": {"total_cost": 169.00831498551025, "time_cost": 69.016, "final_distance_cost": 1.8293779005015525, "oscillation_cost": 29.524056549730762, "completition_cost": 0.0, "overshoot_cost": 50.1277398736833, "power_cost": 8.991584741210938, "noise_cost": 9.519555920383693, "n_waypoints_completed": 9, "tot_waypoints": 9}}
{"target": -178.00766999962457, "params": {"k_pid_pos": [2.0, 0.0010656285157486002, 1.0], "k_pid_alt": [1.8661667824230819, 0.0054555024691403725, 0.008664005665343455], "k_pid_att": [18.752622991306932, 0.17142767840558157, 0.45969262498632585], "k_pid_yaw": [0.5, 1e-06, 0.1], "k_pid_hsp": [0.27164840404971946, 0.02395587272747911, 0.0], "k_pid_vsp": [19.713676171208352, 183.31410237393945, 1.626362818866119]}, "datetime": {"datetime": "2025-08-21 14:33:58", "elapsed": 20955.370894432068, "delta": 16.31382989883423}, "costs": {"total_cost": 178.00766999962457, "time_cost": 69.968, "final_distance_cost": 1.8113737059877248, "oscillation_cost": 33.71636829830863, "completition_cost": 0.0, "overshoot_cost": 50.75148613764334, "power_cost": 11.52785115966797, "noise_cost": 10.232590698016935, "n_waypoints_completed": 9, "tot_waypoints": 9}}
{"target": -179.54680800058088, "params": {"k_pid_pos": [2.0, 0.08782218784356184, 1.0], "k_pid_alt": [1.9622325877170466, 0.003677370364999656, 0.009324252879309486], "k_pid_att": [16.083561773011166, 0.28896004295598104, 0.2412604873767831], "k_pid_yaw": [0.5, 1e-06, 0.1], "k_pid_hsp": [0.23841441243234615, 0.024200330321413874, 0.0], "k_pid_vsp": [326.0971983128183, 314.2524704988369, 1.8378542020438766]}, "datetime": {"datetime": "2025-08-21 14:34:15", "elapsed": 20971.688039779663, "delta": 16.317145347595215}, "costs": {"total_cost": 179.54680800058088, "time_cost": 69.688, "final_distance_cost": 1.828047857647998, "oscillation_cost": 30.605964868262465, "completition_cost": 0.0, "overshoot_cost": 50.480259240754194, "power_cost": 14.289532885742188, "noise_cost": 12.655003148174032, "n_waypoints_completed": 9, "tot_waypoints": 9}}
{"target": -180.60577563313475, "params": {"k_pid_pos": [1.4280683352843049, 0.10513859016052973, 1.0], "k_pid_alt": [2.0, 0.004768728167545727, 0.010668356852082573], "k_pid_att": [20.690121834154674, 0.21656846859532422, 0.18666579094778157], "k_pid_yaw": [0.5, 1e-06, 0.1], "k_pid_hsp": [0.2166085366773061, 0.022591207764286844, 0.0], "k_pid_vsp": [228.54955196004013, 217.97231386892952, 2.4821268686221694]}, "datetime": {"datetime": "2025-08-21 14:34:32", "elapsed": 20988.470223903656, "delta": 16.78218412399292}, "costs": {"total_cost": 180.60577563313475, "time_cost": 71.536, "final_distance_cost": 1.837280959578449, "oscillation_cost": 27.638717168507164, "completition_cost": 0.0, "overshoot_cost": 50.90225836151398, "power_cost": 15.309719189453126, "noise_cost": 13.38179995408204, "n_waypoints_completed": 9, "tot_waypoints": 9}}
{"target": -167.5010257514446, "params": {"k_pid_pos": [1.6085894923727155, 0.05268894374168692, 0.8054435130519434], "k_pid_alt": [1.2112076831128857, 0.004791713183019932, 0.007066298997088052], "k_pid_att": [8.134317377775508, 0.3188491136514292, 0.40761447140759194], "k_pid_yaw": [0.5, 1e-06, 0.1], "k_pid_hsp": [0.12611198494061238, 0.018914026764104582, 0.0], "k_pid_vsp": [126.17441291277487, 166.41444089771153, 2.5797864411211666]}, "datetime": {"datetime": "2025-08-21 14:34:48", "elapsed": 21004.855239391327, "delta": 16.3850154876709}, "costs": {"total_cost": 167.5010257514446, "time_cost": 69.104, "final_distance_cost": 1.8336078144882264, "oscillation_cost": 29.588704719224634, "completition_cost": 0.0, "overshoot_cost": 49.29825073581622, "power_cost": 8.450166882324218, "noise_cost": 9.226295599591278, "n_waypoints_completed": 9, "tot_waypoints": 9}}
{"target": -193.87890214422433, "params": {"k_pid_pos": [0.6826886034700029, 0.036886643245350625, 1.0], "k_pid_alt": [2.0, 0.004567138276947648, 0.011907518321190138], "k_pid_att": [8.448005482131913, 0.28405052448917134, 0.3626848543413406], "k_pid_yaw": [0.5, 1e-06, 0.1], "k_pid_hsp": [0.24365832934333906, 0.010350010798964806, 0.0], "k_pid_vsp": [381.84773400236173, 184.9820462806339, 2.2170819491129206]}, "datetime": {"datetime": "2025-08-21 14:35:08", "elapsed": 21025.03649330139, "delta": 20.181253910064697}, "costs": {"total_cost": 193.87890214422433, "time_cost": 88.528, "final_distance_cost": 1.8562019185891052, "oscillation_cost": 23.069389716090278, "completition_cost": 0.0, "overshoot_cost": 52.45251175266032, "power_cost": 13.556551000976564, "noise_cost": 14.416247755908085, "n_waypoints_completed": 9, "tot_waypoints": 9}}
{"target": -176.6965171714428, "params": {"k_pid_pos": [2.0, 0.018066587555848203, 1.0], "k_pid_alt": [0.9993103726730196, 0.0017858985733525921, 0.015706681429415757], "k_pid_att": [18.11002682513647, 0.046657002321923526, 0.4189146001202997], "k_pid_yaw": [0.5, 1e-06, 0.1], "k_pid_hsp": [0.22877281460563847, 0.015504304851054142, 0.0], "k_pid_vsp": [268.5268986379756, 144.860470840423, 2.288102408534391]}, "datetime": {"datetime": "2025-08-21 14:35:24", "elapsed": 21040.82794570923, "delta": 15.791452407836914}, "costs": {"total_cost": 176.6965171714428, "time_cost": 69.888, "final_distance_cost": 1.8384685618232868, "oscillation_cost": 29.885764854054063, "completition_cost": 0.0, "overshoot_cost": 49.75454076269664, "power_cost": 13.390211572265626, "noise_cost": 11.939531420603164, "n_waypoints_completed": 9, "tot_waypoints": 9}}
