{"target": -195.60937695232113, "params": {"k_pid_pos": [0.7785940520761362, 0.24982205857800568, 0.6333125269074379], "k_pid_alt": [1.2106415761740843, 0.008173688340380132, 0.09437976856452977], "k_pid_att": [5.835574070525719, 0.0784238578324759, 0.9760006899389787], "k_pid_yaw": [0.5, 1e-06, 0.1], "k_pid_hsp": [0.5054358865265017, 0.04358990364479188, 0.0], "k_pid_vsp": [154.46710691434245, 209.09967533374, 6.346010591429149]}, "datetime": {"datetime": "2025-08-21 11:21:30", "elapsed": 9406.575716018677, "delta": 18.275432109832764}, "costs": {"total_cost": 195.60937695232113, "time_cost": 80.584, "final_distance_cost": 1.8378966218555823, "oscillation_cost": 28.5057841243483, "completition_cost": 0.0, "overshoot_cost": 52.75683818154805, "power_cost": 17.176226489257814, "noise_cost": 14.748631535311373, "n_waypoints_completed": 9, "tot_waypoints": 9}}
{"target": -183.25052186153042, "params": {"k_pid_pos": [2.0, 0.13994755270187928, 0.0], "k_pid_alt": [2.0, 0.004253753545710803, 0.054838963234858075], "k_pid_att": [51.879826351183574, 0.24763911070470043, 0.7463973004914921], "k_pid_yaw": [0.5, 1e-06, 0.1], "k_pid_hsp": [0.618679695208704, 0.049744072838767396, 0.0], "k_pid_vsp": [400.0, 164.95629600831776, 4.346080854034572]}, "datetime": {"datetime": "2025-08-21 11:21:46", "elapsed": 9422.705919027328, "delta": 16.130203008651733}, "costs": {"total_cost": 183.25052186153042, "time_cost": 69.64, "final_distance_cost": 1.725247029371466, "oscillation_cost": 38.612630706693224, "completition_cost": 0.0, "overshoot_cost": 50.537093522407886, "power_cost": 11.838088940429689, "noise_cost": 10.897461662628167, "n_waypoints_completed": 9, "tot_waypoints": 9}}
{"target": -174.9865518918862, "params": {"k_pid_pos": [1.766560170839156, 0.07285378990093344, 0.384867663882093], "k_pid_alt": [1.772388498669376, 0.02011318487394831, 0.053545197658774614], "k_pid_att": [48.24181105428938, 0.1876912245232202, 1.0], "k_pid_yaw": [0.5, 1e-06, 0.1], "k_pid_hsp": [0.2895062190456784, 0.0613249985867437, 0.0], "k_pid_vsp": [92.75578756455127, 151.1036703870478, 1e-06]}, "datetime": {"datetime": "2025-08-21 11:22:02", "elapsed": 9438.851822137833, "delta": 16.14590311050415}, "costs": {"total_cost": 174.9865518918862, "time_cost": 68.728, "final_distance_cost": 1.8196741728667785, "oscillation_cost": 33.21653639579256, "completition_cost": 0.0, "overshoot_cost": 49.281124319678774, "power_cost": 11.287471166992187, "noise_cost": 10.653745836555876, "n_waypoints_completed": 9, "tot_waypoints": 9}}
{"target": -183.17284580065697, "params": {"k_pid_pos": [0.9903605855841341, 0.12401292053793107, 0.7304956053244318], "k_pid_alt": [2.0, 0.010486670263103152, 0.06913721123084686], "k_pid_att": [55.91039593387251, 0.4414832178485964, 0.9238154280411481], "k_pid_yaw": [0.5, 1e-06, 0.1], "k_pid_hsp": [0.8761865534191076, 0.06733745940459605, 0.0], "k_pid_vsp": [394.76865420144424, 253.78388958759305, 0.5409502849726086]}, "datetime": {"datetime": "2025-08-21 11:22:19", "elapsed": 9456.437333583832, "delta": 17.585511445999146}, "costs": {"total_cost": 183.17284580065697, "time_cost": 75.128, "final_distance_cost": 1.844488156645914, "oscillation_cost": 29.753682214701588, "completition_cost": 0.0, "overshoot_cost": 51.25554938624855, "power_cost": 12.721709667968751, "noise_cost": 12.469416375092178, "n_waypoints_completed": 9, "tot_waypoints": 9}}
{"target": -183.19561390746782, "params": {"k_pid_pos": [1.5066306845941397, 0.169921931923991, 0.54434921795171], "k_pid_alt": [2.0, 0.015538091297779007, 0.07732752686428161], "k_pid_att": [37.362678153824426, 0.1927325506039358, 0.3243614414005413], "k_pid_yaw": [0.5, 1e-06, 0.1], "k_pid_hsp": [0.46922624663553725, 0.07064338338188073, 0.0], "k_pid_vsp": [281.75772099410716, 400.0, 1.0471573598132302]}, "datetime": {"datetime": "2025-08-21 11:22:36", "elapsed": 9472.59092926979, "delta": 16.153595685958862}, "costs": {"total_cost": 183.19561390746782, "time_cost": 70.248, "final_distance_cost": 1.8291276773688179, "oscillation_cost": 32.68706614989843, "completition_cost": 0.0, "overshoot_cost": 51.24929737342673, "power_cost": 14.686502905273437, "noise_cost": 12.495619801500391, "n_waypoints_completed": 9, "tot_waypoints": 9}}
{"target": -186.788383462067, "params": {"k_pid_pos": [1.0819361183505747, 0.07721131901888681, 0.5005180138723951], "k_pid_alt": [1.8373286990260997, 0.009203203345784656, 0.04114254650591168], "k_pid_att": [37.73237094140166, 0.18289525917470603, 0.5940533900099197], "k_pid_yaw": [0.5, 1e-06, 0.1], "k_pid_hsp": [0.613258479498735, 9.394518881641889e-05, 0.0], "k_pid_vsp": [300.9444775921746, 213.88748582406333, 5.401638587001965]}, "datetime": {"datetime": "2025-08-21 11:22:53", "elapsed": 9489.542865037918, "delta": 16.95193576812744}, "costs": {"total_cost": 186.788383462067, "time_cost": 72.608, "final_distance_cost": 1.8447068840620042, "oscillation_cost": 28.50245139794484, "completition_cost": 0.0, "overshoot_cost": 51.57355673548126, "power_cost": 17.566159436035157, "noise_cost": 14.693509008543739, "n_waypoints_completed": 9, "tot_waypoints": 9}}
{"target": -192.361886534261, "params": {"k_pid_pos": [2.0, 0.22737667398609349, 0.2708880300862942], "k_pid_alt": [2.0, 0.01376797326419852, 0.14217690520950435], "k_pid_att": [35.62041206358415, 0.22074976279301003, 0.6569390774473668], "k_pid_yaw": [0.5, 1e-06, 0.1], "k_pid_hsp": [0.29526156180557395, 0.14029551469305934, 0.0], "k_pid_vsp": [400.0, 221.67391604055138, 5.679641110755594]}, "datetime": {"datetime": "2025-08-21 11:23:10", "elapsed": 9506.572138786316, "delta": 17.029273748397827}, "costs": {"total_cost": 192.361886534261, "time_cost": 72.464, "final_distance_cost": 1.7612838371256614, "oscillation_cost": 43.30015950407093, "completition_cost": 0.0, "overshoot_cost": 50.1375743944386, "power_cost": 13.149134118652345, "noise_cost": 11.549734679973458, "n_waypoints_completed": 9, "tot_waypoints": 9}}
{"target": -190.0523767529242, "params": {"k_pid_pos": [1.3141643764732398, 0.09025867979004944, 1.0], "k_pid_alt": [1.6402244990656392, 0.009878556851803527, 0.08751791592748055], "k_pid_att": [60.527726627157655, 0.12811960317544702, 0.7559525907168756], "k_pid_yaw": [0.5, 1e-06, 0.1], "k_pid_hsp": [0.4782122716227495, 0.034962009322611357, 0.0], "k_pid_vsp": [316.9946048823149, 400.0, 1.850842813458186]}, "datetime": {"datetime": "2025-08-21 11:23:30", "elapsed": 9526.70569896698, "delta": 20.133560180664062}, "costs": {"total_cost": 190.0523767529242, "time_cost": 75.512, "final_distance_cost": 1.8392488524695791, "oscillation_cost": 29.716109554810416, "completition_cost": 0.0, "overshoot_cost": 51.98428143464063, "power_cost": 16.559351904296875, "noise_cost": 14.44138500670671, "n_waypoints_completed": 9, "tot_waypoints": 9}}
{"target": -185.6643760413717, "params": {"k_pid_pos": [1.7311231982355508, 0.08422903316550538, 0.43517347411416146], "k_pid_alt": [2.0, 0.013911890860296717, 0.0221914256325741], "k_pid_att": [53.27930023330981, 0.2238528502124474, 1.0], "k_pid_yaw": [0.5, 1e-06, 0.1], "k_pid_hsp": [0.3058881710807478, 0.026073028190737504, 0.0], "k_pid_vsp": [355.8189951310964, 185.035483019493, 5.452714770748712]}, "datetime": {"datetime": "2025-08-21 11:23:48", "elapsed": 9544.563383579254, "delta": 17.85768461227417}, "costs": {"total_cost": 185.6643760413717, "time_cost": 70.416, "final_distance_cost": 1.8323338881119346, "oscillation_cost": 32.616308178311456, "completition_cost": 0.0, "overshoot_cost": 51.27172740297088, "power_cost": 16.23747275390625, "noise_cost": 13.290533818071191, "n_waypoints_completed": 9, "tot_waypoints": 9}}
{"target": -188.18039650182612, "params": {"k_pid_pos": [1.1958800230882705, 0.07884347284978128, 1.0], "k_pid_alt": [1.896591547971404, 0.019307767381972853, 0.12396467990518971], "k_pid_att": [30.51746219374766, 0.1963153963003712, 0.8787660251736735], "k_pid_yaw": [0.5, 1e-06, 0.1], "k_pid_hsp": [0.3483336201252223, 0.07103605786983085, 0.0], "k_pid_vsp": [385.1425010468691, 285.67420352491405, 1.7696442388125941]}, "datetime": {"datetime": "2025-08-21 11:24:07", "elapsed": 9563.889037370682, "delta": 19.325653791427612}, "costs": {"total_cost": 188.18039650182612, "time_cost": 75.232, "final_distance_cost": 1.8461602380160353, "oscillation_cost": 29.978958243640676, "completition_cost": 0.0, "overshoot_cost": 50.83739493432079, "power_cost": 15.951633203125, "noise_cost": 14.334249882723618, "n_waypoints_completed": 9, "tot_waypoints": 9}}
{"target": -174.11691014632422, "params": {"k_pid_pos": [1.25124786762088, 0.12120138294628195, 0.32998574987683116], "k_pid_alt": [1.2332725675791385, 0.015983225645558485, 0.07598350550411606], "k_pid_att": [43.05961273617995, 0.3557660802942321, 0.5134407762501366], "k_pid_yaw": [0.5, 1e-06, 0.1], "k_pid_hsp": [0.5980555022740193, 0.05637750710679893, 0.0], "k_pid_vsp": [398.68850559604834, 263.2404502105173, 6.497509133012225]}, "datetime": {"datetime": "2025-08-21 11:24:23", "elapsed": 9579.983679533005, "delta": 16.094642162322998}, "costs": {"total_cost": 174.11691014632422, "time_cost": 69.528, "final_distance_cost": 1.8348162873066554, "oscillation_cost": 31.395416471835556, "completition_cost": 0.0, "overshoot_cost": 50.00985033458204, "power_cost": 10.88138739013672, "noise_cost": 10.467439662463223, "n_waypoints_completed": 9, "tot_waypoints": 9}}
{"target": -186.43640238183698, "params": {"k_pid_pos": [1.561732881473181, 0.19268749809257182, 0.08047282601848786], "k_pid_alt": [1.54248832145372, 0.017545558341949753, 0.07926010899883167], "k_pid_att": [29.42844646975088, 0.20836891704834168, 1.0], "k_pid_yaw": [0.5, 1e-06, 0.1], "k_pid_hsp": [0.3981712973770934, 0.005386582597206489, 0.0], "k_pid_vsp": [400.0, 228.5742334521323, 3.8724257802038413]}, "datetime": {"datetime": "2025-08-21 11:24:39", "elapsed": 9596.340081691742, "delta": 16.356402158737183}, "costs": {"total_cost": 186.43640238183698, "time_cost": 71.112, "final_distance_cost": 1.7672163724202146, "oscillation_cost": 33.725620932319146, "completition_cost": 0.0, "overshoot_cost": 51.078585072862815, "power_cost": 15.715777368164064, "noise_cost": 13.037202636070768, "n_waypoints_completed": 9, "tot_waypoints": 9}}
{"target": -184.3268401494855, "params": {"k_pid_pos": [1.633559432728391, 0.17463438745685678, 0.08643668562206686], "k_pid_alt": [2.0, 0.012883696676494333, 0.049613854091885325], "k_pid_att": [25.22615786714349, 0.23016924075834475, 0.6200835819585261], "k_pid_yaw": [0.5, 1e-06, 0.1], "k_pid_hsp": [0.5114612586049907, 0.05425630688734776, 0.0], "k_pid_vsp": [343.6552725112826, 219.08881057626078, 6.078519142188124]}, "datetime": {"datetime": "2025-08-21 11:24:56", "elapsed": 9612.490525960922, "delta": 16.150444269180298}, "costs": {"total_cost": 184.3268401494855, "time_cost": 69.864, "final_distance_cost": 1.7410328472409144, "oscillation_cost": 34.50322899530521, "completition_cost": 0.0, "overshoot_cost": 50.909965828860905, "power_cost": 14.915323266601563, "noise_cost": 12.393289211476876, "n_waypoints_completed": 9, "tot_waypoints": 9}}
{"target": -991.6137611935804, "params": {"k_pid_pos": [1.742440729670885, 0.12579587227294928, 0.7621646053477237], "k_pid_alt": [0.022832080386619324, 0.012205794897157278, 0.07929439665528452], "k_pid_att": [27.29595577657173, 0.28226754232463563, 0.8352615884201336], "k_pid_yaw": [0.5, 1e-06, 0.1], "k_pid_hsp": [0.031712587375987845, 0.007124597747483662, 0.0], "k_pid_vsp": [191.71246698196978, 168.161084376076, 2.301494267513567]}, "datetime": {"datetime": "2025-08-21 11:25:18", "elapsed": 9635.14788556099, "delta": 22.65735960006714}, "costs": {"total_cost": 991.6137611935804, "time_cost": 150, "final_distance_cost": 85.94578643968066, "oscillation_cost": 11.223065498263999, "completition_cost": 666.6666666666667, "overshoot_cost": 47.655122080784935, "power_cost": 15.79875877685547, "noise_cost": 14.324361731328587, "n_waypoints_completed": 3, "tot_waypoints": 9}}
{"target": -210.6245585865755, "params": {"k_pid_pos": [0.9738336564769311, 0.04009840600677019, 0.45088059589942436], "k_pid_alt": [0.6497036288212864, 0.017874087903452816, 0.07920173813145369], "k_pid_att": [31.48563842731657, 0.2326446606867358, 0.650438629532674], "k_pid_yaw": [0.5, 1e-06, 0.1], "k_pid_hsp": [0.5223586364649728, 0.07996628794823402, 0.0], "k_pid_vsp": [378.23693673505664, 123.44636266680943, 3.665005101486743]}, "datetime": {"datetime": "2025-08-21 11:25:37", "elapsed": 9654.415551662445, "delta": 19.26766610145569}, "costs": {"total_cost": 210.6245585865755, "time_cost": 84.288, "final_distance_cost": 1.8503860138699368, "oscillation_cost": 30.194792227732734, "completition_cost": 0.0, "overshoot_cost": 56.253087636549765, "power_cost": 20.974265185546876, "noise_cost": 17.06402752287619, "n_waypoints_completed": 9, "tot_waypoints": 9}}
{"target": -545.0158120950945, "params": {"k_pid_pos": [0.2643977420242773, 0.04101577636473062, 0.4849676696444103], "k_pid_alt": [1.13704279948238, 0.01400066902336475, 0.04158046600646567], "k_pid_att": [55.14465633125517, 0.28471911111730075, 0.9877080274770607], "k_pid_yaw": [0.5, 1e-06, 0.1], "k_pid_hsp": [0.6454149086097665, 0.034091399919048034, 0.0], "k_pid_vsp": [400.0, 293.85994437942014, 0.31276043439271445]}, "datetime": {"datetime": "2025-08-21 11:26:00", "elapsed": 9677.130208015442, "delta": 22.714656352996826}, "costs": {"total_cost": 545.0158120950945, "time_cost": 150, "final_distance_cost": 68.32952008180787, "oscillation_cost": 15.904781768007986, "completition_cost": 222.2222222222222, "overshoot_cost": 50.319797094571996, "power_cost": 21.608796875, "noise_cost": 16.630694053484355, "n_waypoints_completed": 7, "tot_waypoints": 9}}
{"target": -171.2726808929104, "params": {"k_pid_pos": [1.946624734239226, 0.13029063554946163, 0.775999420683333], "k_pid_alt": [0.9641795751288376, 0.008190129911257523, 0.11335628697411694], "k_pid_att": [45.16012571231428, 0.3432957211491959, 0.5275251294487928], "k_pid_yaw": [0.5, 1e-06, 0.1], "k_pid_hsp": [0.1942166088375171, 0.04664320794458571, 0.0], "k_pid_vsp": [237.90314567146996, 270.7213618492926, 2.2637155196590024]}, "datetime": {"datetime": "2025-08-21 11:26:16", "elapsed": 9693.249399900436, "delta": 16.119191884994507}, "costs": {"total_cost": 171.2726808929104, "time_cost": 69.512, "final_distance_cost": 1.8104297579024449, "oscillation_cost": 32.31602501843759, "completition_cost": 0.0, "overshoot_cost": 49.3034837022154, "power_cost": 8.928716625976563, "noise_cost": 9.402025788378385, "n_waypoints_completed": 9, "tot_waypoints": 9}}
{"target": -184.67046557432292, "params": {"k_pid_pos": [1.4141219610401272, 0.08944483785340294, 0.0370322967458599], "k_pid_alt": [0.6263808425803897, 0.01931549532689326, 0.068583139520028], "k_pid_att": [55.97805548288783, 0.23830790885201206, 0.6688890249688976], "k_pid_yaw": [0.5, 1e-06, 0.1], "k_pid_hsp": [0.37530208543453464, 0.035771618944272054, 0.0], "k_pid_vsp": [400.0, 197.05994617783657, 1.8272137063417506]}, "datetime": {"datetime": "2025-08-21 11:26:33", "elapsed": 9709.84243631363, "delta": 16.59303641319275}, "costs": {"total_cost": 184.67046557432292, "time_cost": 72.152, "final_distance_cost": 1.7923197021953003, "oscillation_cost": 33.6779652703729, "completition_cost": 0.0, "overshoot_cost": 50.60297644454198, "power_cost": 14.270880615234375, "noise_cost": 12.174323541978353, "n_waypoints_completed": 9, "tot_waypoints": 9}}
{"target": -177.42965568234897, "params": {"k_pid_pos": [1.911116034983901, 0.13283163239722787, 0.845627038800392], "k_pid_alt": [1.0285090644327224, 0.014253101762544148, 0.025569310694457125], "k_pid_att": [71.01934405390071, 0.14963893072450482, 1.0], "k_pid_yaw": [0.5, 1e-06, 0.1], "k_pid_hsp": [0.4466823348383609, 0.036338506813529424, 0.0], "k_pid_vsp": [126.91711101708302, 276.3801369967519, 5.28790727334254]}, "datetime": {"datetime": "2025-08-21 11:26:49", "elapsed": 9725.718045473099, "delta": 15.875609159469604}, "costs": {"total_cost": 177.42965568234897, "time_cost": 69.408, "final_distance_cost": 1.839066148254788, "oscillation_cost": 33.0560744727603, "completition_cost": 0.0, "overshoot_cost": 50.04277378402958, "power_cost": 11.962317932128906, "noise_cost": 11.121423345175403, "n_waypoints_completed": 9, "tot_waypoints": 9}}
{"target": -182.39645537151455, "params": {"k_pid_pos": [1.4856269960684465, 0.1155367322758733, 0.5556779934969693], "k_pid_alt": [2.0, 0.012165640632563942, 0.1020043523534369], "k_pid_att": [56.08454302307795, 0.04387701602409256, 0.9645813517006944], "k_pid_yaw": [0.5, 1e-06, 0.1], "k_pid_hsp": [0.3760532787812254, 0.04587694214684122, 0.0], "k_pid_vsp": [187.39384608740417, 128.48305607184267, 4.4748393346502695]}, "datetime": {"datetime": "2025-08-21 11:27:05", "elapsed": 9741.570576190948, "delta": 15.852530717849731}, "costs": {"total_cost": 182.39645537151455, "time_cost": 69.44, "final_distance_cost": 1.790820708996057, "oscillation_cost": 30.50004783098496, "completition_cost": 0.0, "overshoot_cost": 50.66537307068866, "power_cost": 16.506327111816407, "noise_cost": 13.493886649028482, "n_waypoints_completed": 9, "tot_waypoints": 9}}
{"target": -248.45824695622977, "params": {"k_pid_pos": [1.7376581507014093, 0.11797248197731941, 0.6141613061858033], "k_pid_alt": [2.0, 0.012361485063149059, 0.04132277764692509], "k_pid_att": [41.67440740857926, 0.1783302430831554, 0.5267645481147304], "k_pid_yaw": [0.5, 1e-06, 0.1], "k_pid_hsp": [0.42336811262903956, 0.07747827649837684, 0.0], "k_pid_vsp": [0.0, 257.50574161155487, 4.289163396049589]}, "datetime": {"datetime": "2025-08-21 11:27:27", "elapsed": 9763.67716050148, "delta": 22.106584310531616}, "costs": {"total_cost": 248.45824695622977, "time_cost": 96.352, "final_distance_cost": 1.8362292769510489, "oscillation_cost": 57.40383718896445, "completition_cost": 0.0, "overshoot_cost": 59.40618825404592, "power_cost": 19.371913073730468, "noise_cost": 14.088079162537863, "n_waypoints_completed": 9, "tot_waypoints": 9}}
{"target": -178.8227943624602, "params": {"k_pid_pos": [1.8876202386785883, 0.08915729277984626, 0.43901058779805585], "k_pid_alt": [0.9072816209886444, 0.009662562216383596, 0.11229075209257176], "k_pid_att": [41.186923919051296, 0.2782146209616297, 0.5364769459968227], "k_pid_yaw": [0.5, 1e-06, 0.1], "k_pid_hsp": [0.49971952285909405, 0.06136862319077462, 0.0], "k_pid_vsp": [400.0, 200.00599254815484, 5.379912478736944]}, "datetime": {"datetime": "2025-08-21 11:27:43", "elapsed": 9779.77867937088, "delta": 16.101518869400024}, "costs": {"total_cost": 178.8227943624602, "time_cost": 69.648, "final_distance_cost": 1.775245297445691, "oscillation_cost": 32.943137742174564, "completition_cost": 0.0, "overshoot_cost": 50.37533506673935, "power_cost": 12.696857946777344, "noise_cost": 11.384218309323256, "n_waypoints_completed": 9, "tot_waypoints": 9}}
{"target": -190.5587390760513, "params": {"k_pid_pos": [0.7779719521958718, 0.07538611107909211, 0.675416896071977], "k_pid_alt": [1.9950617071689611, 0.01603912080512639, 0.08744570130163572], "k_pid_att": [18.58473100241104, 0.21760162044067913, 1.0], "k_pid_yaw": [0.5, 1e-06, 0.1], "k_pid_hsp": [0.4233941564192807, 0.01864567236751645, 0.0], "k_pid_vsp": [400.0, 59.725652752334526, 6.522454641383937]}, "datetime": {"datetime": "2025-08-21 11:28:01", "elapsed": 9797.985335111618, "delta": 18.206655740737915}, "costs": {"total_cost": 190.5587390760513, "time_cost": 79.70400000000001, "final_distance_cost": 1.8541033241938083, "oscillation_cost": 26.414705619353132, "completition_cost": 0.0, "overshoot_cost": 52.321476716803446, "power_cost": 15.708338293457032, "noise_cost": 14.55611512224387, "n_waypoints_completed": 9, "tot_waypoints": 9}}
{"target": -768.9562630344262, "params": {"k_pid_pos": [0.2102971927817007, 0.1088812908563518, 0.3021815410114826], "k_pid_alt": [1.877477967772351, 0.00949304527149649, 0.09193619945772835], "k_pid_att": [64.3326980909102, 0.17224314639919194, 0.8265264257462501], "k_pid_yaw": [0.5, 1e-06, 0.1], "k_pid_hsp": [0.031251152373095836, 0.11232643313787939, 0.0], "k_pid_vsp": [74.71203127226181, 243.89764930107597, 6.864753557480256]}, "datetime": {"datetime": "2025-08-21 11:28:24", "elapsed": 9821.093445301056, "delta": 23.108110189437866}, "costs": {"total_cost": 768.9562630344262, "time_cost": 150, "final_distance_cost": 52.44772955151813, "oscillation_cost": 40.24452996998265, "completition_cost": 444.4444444444444, "overshoot_cost": 48.74524272265379, "power_cost": 18.10946697998047, "noise_cost": 14.964849365846888, "n_waypoints_completed": 5, "tot_waypoints": 9}}
{"target": -175.7454444622437, "params": {"k_pid_pos": [1.5382444177853445, 0.09142033348113486, 0.7437844976133592], "k_pid_alt": [2.0, 0.008824728476308398, 0.03504497338998406], "k_pid_att": [34.25328817354531, 0.15685499890113572, 0.7991038743151183], "k_pid_yaw": [0.5, 1e-06, 0.1], "k_pid_hsp": [0.6966830152506089, 0.05250129164627834, 0.0], "k_pid_vsp": [246.28848014959672, 228.13960714619898, 1e-06]}, "datetime": {"datetime": "2025-08-21 11:28:40", "elapsed": 9837.11201930046, "delta": 16.018573999404907}, "costs": {"total_cost": 175.7454444622437, "time_cost": 69.688, "final_distance_cost": 1.8335410479865766, "oscillation_cost": 30.87095573619546, "completition_cost": 0.0, "overshoot_cost": 50.33956512275689, "power_cost": 11.590611987304689, "noise_cost": 11.422770568000093, "n_waypoints_completed": 9, "tot_waypoints": 9}}
