{"target": -177.10232179456955, "params": {"k_pid_pos": [1.1797314934410945, 0.056288323738249324, 1.0], "k_pid_alt": [2.0, 0.0041274671316199486, 0.0060816955846200145], "k_pid_att": [13.601074074435397, 0.26158238544983253, 0.2676033117869729], "k_pid_yaw": [0.5, 1e-06, 0.1], "k_pid_hsp": [0.10578806511373377, 0.018742459272812696, 0.0], "k_pid_vsp": [131.595970860604, 311.2917588589299, 2.5730366950829366]}, "datetime": {"datetime": "2025-08-21 15:11:02", "elapsed": 23179.155779361725, "delta": 17.72465968132019}, "costs": {"total_cost": 177.10232179456955, "time_cost": 72.944, "final_distance_cost": 1.8528379938962236, "oscillation_cost": 27.11598197469134, "completition_cost": 0.0, "overshoot_cost": 50.428935394004455, "power_cost": 12.739274035644533, "noise_cost": 12.021292396332967, "n_waypoints_completed": 9, "tot_waypoints": 9}}
{"target": -176.0388576224397, "params": {"k_pid_pos": [2.0, 0.08967032069863302, 1.0], "k_pid_alt": [1.705897484613567, 0.005242970474383515, 0.008437296775400898], "k_pid_att": [18.921417595607732, 0.12974084268803265, 0.2724636290350894], "k_pid_yaw": [0.5, 1e-06, 0.1], "k_pid_hsp": [0.21831901218710692, 0.010841085143885253, 0.0], "k_pid_vsp": [232.14179161212144, 246.2781833254746, 1.354087615909533]}, "datetime": {"datetime": "2025-08-21 15:11:19", "elapsed": 23195.750985860825, "delta": 16.59520649909973}, "costs": {"total_cost": 176.0388576224397, "time_cost": 69.752, "final_distance_cost": 1.8361391460446053, "oscillation_cost": 28.66473836534543, "completition_cost": 0.0, "overshoot_cost": 50.65087249854615, "power_cost": 13.323368957519532, "noise_cost": 11.81173865498401, "n_waypoints_completed": 9, "tot_waypoints": 9}}
{"target": -171.10438678017667, "params": {"k_pid_pos": [1.4202693227137246, 0.06387491803015309, 0.8413179511074685], "k_pid_alt": [2.0, 0.004824930461538262, 0.005729550597942653], "k_pid_att": [9.803354803222737, 0.11964570934621717, 0.3011483752568436], "k_pid_yaw": [0.5, 1e-06, 0.1], "k_pid_hsp": [0.18848326022542913, 0.013728826894301114, 0.0], "k_pid_vsp": [54.018758519243455, 217.5488622111868, 1.7669944252331813]}, "datetime": {"datetime": "2025-08-21 15:11:35", "elapsed": 23211.70112347603, "delta": 15.950137615203857}, "costs": {"total_cost": 171.10438678017667, "time_cost": 70.176, "final_distance_cost": 1.8409301582395754, "oscillation_cost": 27.96723802929411, "completition_cost": 0.0, "overshoot_cost": 50.33283810566146, "power_cost": 10.588221032714845, "noise_cost": 10.199159454266692, "n_waypoints_completed": 9, "tot_waypoints": 9}}
{"target": -177.76836604853517, "params": {"k_pid_pos": [2.0, 0.03256279111843862, 0.5622453716950889], "k_pid_alt": [1.750967751668446, 0.004858846713652889, 0.008607973334408386], "k_pid_att": [13.616619710817728, 0.1783697864227881, 0.2382261783724177], "k_pid_yaw": [0.5, 1e-06, 0.1], "k_pid_hsp": [0.21039268809858291, 0.013243937355111928, 0.0], "k_pid_vsp": [168.70648090786568, 326.0860189753592, 1.6969668332569612]}, "datetime": {"datetime": "2025-08-21 15:11:51", "elapsed": 23227.82682466507, "delta": 16.125701189041138}, "costs": {"total_cost": 177.76836604853517, "time_cost": 68.872, "final_distance_cost": 1.813051809661523, "oscillation_cost": 30.348343574956314, "completition_cost": 0.0, "overshoot_cost": 49.87007919189159, "power_cost": 14.624721557617189, "noise_cost": 12.240169914408552, "n_waypoints_completed": 9, "tot_waypoints": 9}}
{"target": -173.15685937947723, "params": {"k_pid_pos": [2.0, 0.020369632133317526, 0.8534447286766875], "k_pid_alt": [2.0, 0.0036432952920478923, 0.013423099873356223], "k_pid_att": [16.575614926821487, 0.16901999858066266, 0.2716066647323176], "k_pid_yaw": [0.5, 1e-06, 0.1], "k_pid_hsp": [0.0649967047078346, 0.02405369237299323, 0.0], "k_pid_vsp": [286.2667547995125, 237.95531125606877, 1.995056253061983]}, "datetime": {"datetime": "2025-08-21 15:12:06", "elapsed": 23243.183813095093, "delta": 15.356988430023193}, "costs": {"total_cost": 173.15685937947723, "time_cost": 70.168, "final_distance_cost": 1.802680550247779, "oscillation_cost": 31.89109083793215, "completition_cost": 0.0, "overshoot_cost": 50.778835803370846, "power_cost": 9.013743286132813, "noise_cost": 9.502508901793611, "n_waypoints_completed": 9, "tot_waypoints": 9}}
{"target": -173.90511905513375, "params": {"k_pid_pos": [1.9524658984800987, 0.03249175440498154, 1.0], "k_pid_alt": [2.0, 0.0026269746853099588, 0.0033705998498545393], "k_pid_att": [10.253436056243027, 0.15806193477497796, 0.30172796141968156], "k_pid_yaw": [0.5, 1e-06, 0.1], "k_pid_hsp": [0.1344784583715364, 0.01523773341131275, 0.0], "k_pid_vsp": [155.47325137874682, 274.75308190963665, 0.9263557334534855]}, "datetime": {"datetime": "2025-08-21 15:12:23", "elapsed": 23259.602476596832, "delta": 16.418663501739502}, "costs": {"total_cost": 173.90511905513375, "time_cost": 69.728, "final_distance_cost": 1.8410339656966648, "oscillation_cost": 28.784531715408267, "completition_cost": 0.0, "overshoot_cost": 50.4535401734542, "power_cost": 11.943624584960938, "noise_cost": 11.154388615613689, "n_waypoints_completed": 9, "tot_waypoints": 9}}
{"target": -171.41883564619718, "params": {"k_pid_pos": [1.744113408392961, 0.028167510406753516, 0.9939058761305604], "k_pid_alt": [2.0, 0.005638246816483148, 0.007455034320554474], "k_pid_att": [12.276216111621963, 0.14374476717832516, 0.21078392436081528], "k_pid_yaw": [0.5, 1e-06, 0.1], "k_pid_hsp": [0.1934981149626863, 0.013135375916123453, 0.0], "k_pid_vsp": [334.47409715179407, 283.95285880810053, 1.3967014973257041]}, "datetime": {"datetime": "2025-08-21 15:12:39", "elapsed": 23275.75756406784, "delta": 16.1550874710083}, "costs": {"total_cost": 171.41883564619718, "time_cost": 69.88, "final_distance_cost": 1.8465280333647163, "oscillation_cost": 27.49525889436188, "completition_cost": 0.0, "overshoot_cost": 50.10104855109358, "power_cost": 11.172293432617188, "noise_cost": 10.923706734759826, "n_waypoints_completed": 9, "tot_waypoints": 9}}
{"target": -175.7996680389375, "params": {"k_pid_pos": [1.948523329178321, 0.059831881729085164, 0.8080461168335682], "k_pid_alt": [2.0, 0.003785493930810854, 0.008839013157012778], "k_pid_att": [15.291597217666743, 0.07908491676381198, 0.25327560899311424], "k_pid_yaw": [0.5, 1e-06, 0.1], "k_pid_hsp": [0.13240763875502667, 0.012830973897399067, 0.0], "k_pid_vsp": [202.08581270048717, 249.83648988295135, 2.070462196317441]}, "datetime": {"datetime": "2025-08-21 15:12:54", "elapsed": 23291.163856983185, "delta": 15.406292915344238}, "costs": {"total_cost": 175.7996680389375, "time_cost": 69.304, "final_distance_cost": 1.7999773118367186, "oscillation_cost": 29.385728164898104, "completition_cost": 0.0, "overshoot_cost": 50.592324494430706, "power_cost": 13.08545028076172, "noise_cost": 11.632187787010249, "n_waypoints_completed": 9, "tot_waypoints": 9}}
{"target": -172.69133444474258, "params": {"k_pid_pos": [2.0, 0.042274126698782076, 1.0], "k_pid_alt": [1.851499130931316, 0.003998084354158715, 0.008902623546719071], "k_pid_att": [16.749527878673863, 0.2404435227063936, 0.3709148337301739], "k_pid_yaw": [0.5, 1e-06, 0.1], "k_pid_hsp": [0.1543325093750365, 0.01560495912795089, 0.0], "k_pid_vsp": [208.32666474514346, 293.06968823661066, 1.5327399242294633]}, "datetime": {"datetime": "2025-08-21 15:13:11", "elapsed": 23308.023557186127, "delta": 16.859700202941895}, "costs": {"total_cost": 172.69133444474258, "time_cost": 69.032, "final_distance_cost": 1.8411154073459333, "oscillation_cost": 29.287136079787437, "completition_cost": 0.0, "overshoot_cost": 50.08007845912782, "power_cost": 11.538667932128908, "noise_cost": 10.912336566352504, "n_waypoints_completed": 9, "tot_waypoints": 9}}
{"target": -168.3862079832385, "params": {"k_pid_pos": [1.363349166195819, 0.09662593138501542, 1.0], "k_pid_alt": [2.0, 0.0039028928774092835, 0.007976245067524305], "k_pid_att": [13.74697961360041, 0.12675876346068027, 0.2506536156110229], "k_pid_yaw": [0.5, 1e-06, 0.1], "k_pid_hsp": [0.12998174486087574, 0.011717324489288722, 0.0], "k_pid_vsp": [267.4426386075654, 219.28580024981014, 1.5714043434305065]}, "datetime": {"datetime": "2025-08-21 15:13:27", "elapsed": 23324.212873220444, "delta": 16.189316034317017}, "costs": {"total_cost": 168.3862079832385, "time_cost": 70.504, "final_distance_cost": 1.8416330411619246, "oscillation_cost": 26.096468329207678, "completition_cost": 0.0, "overshoot_cost": 50.31412196668269, "power_cost": 9.494772937011719, "noise_cost": 10.135211709174483, "n_waypoints_completed": 9, "tot_waypoints": 9}}
{"target": -178.13156858296196, "params": {"k_pid_pos": [1.9264066366085089, 0.012113663159919604, 0.9103994426054038], "k_pid_alt": [1.0697100799202637, 0.00400533588455915, 0.006961539231334916], "k_pid_att": [12.346615996287364, 0.1704010272283161, 0.35428553710620814], "k_pid_yaw": [0.5, 1e-06, 0.1], "k_pid_hsp": [0.24052561645527168, 0.012280658978742726, 0.0], "k_pid_vsp": [265.35270612549186, 303.12519785196736, 2.3356153616020205]}, "datetime": {"datetime": "2025-08-21 15:13:44", "elapsed": 23340.581287384033, "delta": 16.368414163589478}, "costs": {"total_cost": 178.13156858296196, "time_cost": 69.952, "final_distance_cost": 1.8400762949277907, "oscillation_cost": 30.108307489305876, "completition_cost": 0.0, "overshoot_cost": 49.999732822869454, "power_cost": 13.971215087890625, "noise_cost": 12.260236887968226, "n_waypoints_completed": 9, "tot_waypoints": 9}}
{"target": -176.04777839664374, "params": {"k_pid_pos": [2.0, 0.04158606795358666, 1.0], "k_pid_alt": [1.4899530255778979, 0.002870216849674896, 0.014926558018141032], "k_pid_att": [8.792983343012594, 0.09266619860107406, 0.3302960600690749], "k_pid_yaw": [0.5, 1e-06, 0.1], "k_pid_hsp": [0.07536021128258714, 0.017602053563531502, 0.0], "k_pid_vsp": [165.49031834239295, 343.9974849418461, 1.6274560517612595]}, "datetime": {"datetime": "2025-08-21 15:14:01", "elapsed": 23357.59757232666, "delta": 17.016284942626953}, "costs": {"total_cost": 176.04777839664374, "time_cost": 69.616, "final_distance_cost": 1.8189340030595433, "oscillation_cost": 30.56043224009595, "completition_cost": 0.0, "overshoot_cost": 50.78292380053419, "power_cost": 12.139824047851564, "noise_cost": 11.129664305102484, "n_waypoints_completed": 9, "tot_waypoints": 9}}
{"target": -174.26200628597692, "params": {"k_pid_pos": [1.758293247853107, 0.05307578763293939, 0.5979036467900051], "k_pid_alt": [2.0, 0.003450624502072581, 0.010621245689432887], "k_pid_att": [14.16619157371565, 0.14588362612038372, 0.33139177275225334], "k_pid_yaw": [0.5, 1e-06, 0.1], "k_pid_hsp": [0.15100546190577777, 0.012025532568995917, 0.0], "k_pid_vsp": [230.53439620332185, 239.40353922859944, 1.4419051357004726]}, "datetime": {"datetime": "2025-08-21 15:14:17", "elapsed": 23373.485474824905, "delta": 15.88790249824524}, "costs": {"total_cost": 174.26200628597692, "time_cost": 69.592, "final_distance_cost": 1.8164691966982365, "oscillation_cost": 29.116924651616348, "completition_cost": 0.0, "overshoot_cost": 50.48459460107237, "power_cost": 12.154902050781251, "noise_cost": 11.097115785808713, "n_waypoints_completed": 9, "tot_waypoints": 9}}
{"target": -172.39259715159963, "params": {"k_pid_pos": [1.9661790421729701, 0.03259880980027246, 1.0], "k_pid_alt": [1.5172999639156697, 0.0038453967148674995, 0.01036129315316739], "k_pid_att": [6.2931537991209465, 0.10885240678410224, 0.21152024981065268], "k_pid_yaw": [0.5, 1e-06, 0.1], "k_pid_hsp": [0.17726776573885464, 0.021269744253604405, 0.0], "k_pid_vsp": [236.63317035303953, 267.4122953413956, 1.1298765984957797]}, "datetime": {"datetime": "2025-08-21 15:14:33", "elapsed": 23389.84392976761, "delta": 16.358454942703247}, "costs": {"total_cost": 172.39259715159963, "time_cost": 68.984, "final_distance_cost": 1.8352474138351422, "oscillation_cost": 30.282917367614637, "completition_cost": 0.0, "overshoot_cost": 49.73232257037317, "power_cost": 10.90838310546875, "noise_cost": 10.649726694307969, "n_waypoints_completed": 9, "tot_waypoints": 9}}
{"target": -183.2296055219939, "params": {"k_pid_pos": [1.7272225137717763, 0.08820898983289278, 0.8939764836383867], "k_pid_alt": [1.1378378379614285, 0.0050862002963425025, 0.006427200417339349], "k_pid_att": [8.744759292197317, 0.15757627668985952, 0.38443204932772373], "k_pid_yaw": [0.5, 1e-06, 0.1], "k_pid_hsp": [0.1619883692192514, 0.02033421690994305, 0.0], "k_pid_vsp": [236.60431385505225, 130.6220712143139, 1.419683505883862]}, "datetime": {"datetime": "2025-08-21 15:14:50", "elapsed": 23406.734565973282, "delta": 16.890636205673218}, "costs": {"total_cost": 183.2296055219939, "time_cost": 70.84, "final_distance_cost": 1.8353724916373233, "oscillation_cost": 30.06206269008773, "completition_cost": 0.0, "overshoot_cost": 51.0688462439756, "power_cost": 16.21773798828125, "noise_cost": 13.205586108012003, "n_waypoints_completed": 9, "tot_waypoints": 9}}
{"target": -169.3677128231752, "params": {"k_pid_pos": [1.505562722919539, 0.0668739447626515, 1.0], "k_pid_alt": [2.0, 0.0034583473935034838, 0.006899076653029484], "k_pid_att": [18.150867169556587, 0.24054120876833718, 0.3424500426687767], "k_pid_yaw": [0.5, 1e-06, 0.1], "k_pid_hsp": [0.1780408685940386, 0.024043492440769237, 0.0], "k_pid_vsp": [235.40897190935274, 123.72414642799122, 1.163473467177439]}, "datetime": {"datetime": "2025-08-21 15:15:06", "elapsed": 23422.78183197975, "delta": 16.047266006469727}, "costs": {"total_cost": 169.3677128231752, "time_cost": 70.072, "final_distance_cost": 1.842696721387375, "oscillation_cost": 26.83102512932673, "completition_cost": 0.0, "overshoot_cost": 50.545017063940314, "power_cost": 9.879237268066406, "noise_cost": 10.197736640454368, "n_waypoints_completed": 9, "tot_waypoints": 9}}
{"target": -176.36542118582668, "params": {"k_pid_pos": [2.0, 0.04029546514619702, 1.0], "k_pid_alt": [2.0, 0.0020660397689079937, 0.01530612190313755], "k_pid_att": [13.753079433696284, 0.10609208654762868, 0.4093172976606807], "k_pid_yaw": [0.5, 1e-06, 0.1], "k_pid_hsp": [0.2129366728303932, 0.015475562823006675, 0.0], "k_pid_vsp": [176.3602249320369, 285.2424827683951, 1.3685359980671237]}, "datetime": {"datetime": "2025-08-21 15:15:23", "elapsed": 23439.648903608322, "delta": 16.867071628570557}, "costs": {"total_cost": 176.36542118582668, "time_cost": 70.056, "final_distance_cost": 1.833397889382618, "oscillation_cost": 29.170444725076017, "completition_cost": 0.0, "overshoot_cost": 49.869081235579024, "power_cost": 13.406831982421876, "noise_cost": 12.029665353367172, "n_waypoints_completed": 9, "tot_waypoints": 9}}
{"target": -178.08854581403475, "params": {"k_pid_pos": [1.8744609938997225, 0.03280892302959906, 0.6169582032818174], "k_pid_alt": [1.8617375095501176, 0.005526299209680654, 0.012168983633208544], "k_pid_att": [24.437642539085527, 0.12285942055862357, 0.5840930365650002], "k_pid_yaw": [0.5, 1e-06, 0.1], "k_pid_hsp": [0.17695176216988076, 0.01681948665731081, 0.0], "k_pid_vsp": [258.42709085099096, 277.07896940363946, 1.1422768285846983]}, "datetime": {"datetime": "2025-08-21 15:15:38", "elapsed": 23455.310565948486, "delta": 15.661662340164185}, "costs": {"total_cost": 178.08854581403475, "time_cost": 69.384, "final_distance_cost": 1.8199326840969676, "oscillation_cost": 30.18738155911509, "completition_cost": 0.0, "overshoot_cost": 50.827334971677104, "power_cost": 13.720832641601563, "noise_cost": 12.14906395754401, "n_waypoints_completed": 9, "tot_waypoints": 9}}
{"target": -172.65166300090175, "params": {"k_pid_pos": [1.1822861257150052, 0.091807026590788, 0.8816241634682466], "k_pid_alt": [2.0, 0.005725885608993648, 0.006741015146360957], "k_pid_att": [19.931442763924228, 0.09048730710865893, 0.2874198577733203], "k_pid_yaw": [0.5, 1e-06, 0.1], "k_pid_hsp": [0.2667783344169729, 0.015472544689594058, 0.0], "k_pid_vsp": [305.5666780455595, 156.44176244250977, 1.5424309930468778]}, "datetime": {"datetime": "2025-08-21 15:15:55", "elapsed": 23472.352819681168, "delta": 17.042253732681274}, "costs": {"total_cost": 172.65166300090175, "time_cost": 72.672, "final_distance_cost": 1.8406529065508312, "oscillation_cost": 26.586526934217122, "completition_cost": 0.0, "overshoot_cost": 50.56689181227347, "power_cost": 10.282897326660157, "noise_cost": 10.702694021200175, "n_waypoints_completed": 9, "tot_waypoints": 9}}
{"target": -176.3112171668164, "params": {"k_pid_pos": [1.1173526851599902, 0.06597726902680857, 0.7940273437912594], "k_pid_alt": [2.0, 0.002742014276484874, 0.007509711489740477], "k_pid_att": [9.661817221511969, 0.19981337589329082, 0.3462614546405189], "k_pid_yaw": [0.5, 1e-06, 0.1], "k_pid_hsp": [0.18569872684616975, 0.01887984530596432, 0.0], "k_pid_vsp": [254.7161821695498, 305.96904907039993, 1.8976721417955613]}, "datetime": {"datetime": "2025-08-21 15:16:13", "elapsed": 23489.604048252106, "delta": 17.25122857093811}, "costs": {"total_cost": 176.3112171668164, "time_cost": 72.496, "final_distance_cost": 1.8393751527917883, "oscillation_cost": 26.9022045026366, "completition_cost": 0.0, "overshoot_cost": 50.23092220471115, "power_cost": 12.804095959472656, "noise_cost": 12.038619347204191, "n_waypoints_completed": 9, "tot_waypoints": 9}}
{"target": -181.34316422825052, "params": {"k_pid_pos": [1.4167190130222416, 0.02472389664009489, 0.9154587458940725], "k_pid_alt": [1.9936764085734033, 0.0040305823240369175, 0.00660090776122042], "k_pid_att": [19.6683234871476, 0.18269569731448568, 0.3785870919652418], "k_pid_yaw": [0.5, 1e-06, 0.1], "k_pid_hsp": [0.21530778436155107, 0.02120506104492294, 0.0], "k_pid_vsp": [217.56163312520866, 255.96447369283428, 1.713755311436077]}, "datetime": {"datetime": "2025-08-21 15:16:29", "elapsed": 23505.965074062347, "delta": 16.3610258102417}, "costs": {"total_cost": 181.34316422825052, "time_cost": 71.536, "final_distance_cost": 1.8433238492695645, "oscillation_cost": 28.36121919011661, "completition_cost": 0.0, "overshoot_cost": 50.72639910709637, "power_cost": 15.569426965332031, "noise_cost": 13.306795116435923, "n_waypoints_completed": 9, "tot_waypoints": 9}}
{"target": -179.51756395736774, "params": {"k_pid_pos": [2.0, 0.030621846086644148, 1.0], "k_pid_alt": [1.6603706982357966, 0.006747584379137726, 0.009371755409739129], "k_pid_att": [18.783688093570106, 0.247438761757653, 0.3782496522489258], "k_pid_yaw": [0.5, 1e-06, 0.1], "k_pid_hsp": [0.17894198171701273, 0.0127150274381636, 0.0], "k_pid_vsp": [313.0831517884337, 237.8611166061437, 1.4828817907957872]}, "datetime": {"datetime": "2025-08-21 15:16:46", "elapsed": 23522.600317001343, "delta": 16.63524293899536}, "costs": {"total_cost": 179.51756395736774, "time_cost": 70.2, "final_distance_cost": 1.8368989973027219, "oscillation_cost": 28.245797205259453, "completition_cost": 0.0, "overshoot_cost": 51.41496999083257, "power_cost": 14.993612207031251, "noise_cost": 12.82628555694174, "n_waypoints_completed": 9, "tot_waypoints": 9}}
{"target": -182.15246627694793, "params": {"k_pid_pos": [1.6492379993768498, 0.06510046777542673, 1.0], "k_pid_alt": [2.0, 0.0037591683195838505, 0.012318782121270175], "k_pid_att": [12.139841645433483, 0.20107092768828674, 0.28598664879670604], "k_pid_yaw": [0.5, 1e-06, 0.1], "k_pid_hsp": [0.17580272516737705, 0.019470793120293418, 0.0], "k_pid_vsp": [112.79842843889412, 193.72302428142658, 0.2886743522387855]}, "datetime": {"datetime": "2025-08-21 15:17:02", "elapsed": 23539.238912582397, "delta": 16.638595581054688}, "costs": {"total_cost": 182.15246627694793, "time_cost": 70.688, "final_distance_cost": 1.8436614389404014, "oscillation_cost": 29.211150459795192, "completition_cost": 0.0, "overshoot_cost": 50.65763696422787, "power_cost": 16.268466064453126, "noise_cost": 13.483551349531366, "n_waypoints_completed": 9, "tot_waypoints": 9}}
{"target": -166.630874340197, "params": {"k_pid_pos": [2.0, 0.06295288211473336, 0.8757147189343139], "k_pid_alt": [1.5157337140634397, 0.004287343862408663, 0.009175031281521183], "k_pid_att": [14.266265818153352, 0.20207008288891212, 0.24625552108026047], "k_pid_yaw": [0.5, 1e-06, 0.1], "k_pid_hsp": [0.18775908857194867, 0.01441409200819727, 0.0], "k_pid_vsp": [218.1966721173023, 279.3132846162669, 1.7631782513132226]}, "datetime": {"datetime": "2025-08-21 15:17:18", "elapsed": 23555.04382777214, "delta": 15.804915189743042}, "costs": {"total_cost": 166.630874340197, "time_cost": 68.368, "final_distance_cost": 1.8204312445251387, "oscillation_cost": 29.936849166594094, "completition_cost": 0.0, "overshoot_cost": 49.90977517867352, "power_cost": 7.797927111816406, "noise_cost": 8.797891638587835, "n_waypoints_completed": 9, "tot_waypoints": 9}}
{"target": -174.1828392921017, "params": {"k_pid_pos": [1.888756876919124, 0.03697318975695547, 1.0], "k_pid_alt": [1.5246803448623385, 0.004380830586859311, 0.013245341302294671], "k_pid_att": [13.44308546442108, 0.17327540781799108, 0.2886834551840484], "k_pid_yaw": [0.5, 1e-06, 0.1], "k_pid_hsp": [0.20155256320719991, 0.01453634525721196, 0.0], "k_pid_vsp": [145.57844780219094, 269.5393624266745, 1.2884668673506134]}, "datetime": {"datetime": "2025-08-21 15:17:35", "elapsed": 23571.80864405632, "delta": 16.764816284179688}, "costs": {"total_cost": 174.1828392921017, "time_cost": 69.768, "final_distance_cost": 1.8299670095356124, "oscillation_cost": 28.53122166800284, "completition_cost": 0.0, "overshoot_cost": 50.13308507056181, "power_cost": 12.39743914794922, "noise_cost": 11.523126396052227, "n_waypoints_completed": 9, "tot_waypoints": 9}}
