{"target": -172.93400469805024, "params": {"k_pid_pos": [2.0, 0.051351483439975414, 1.0], "k_pid_alt": [1.7308116657823305, 0.002266395477210159, 0.010627269739187204], "k_pid_att": [10.688169668754787, 0.18730253119088316, 0.24756902683032742], "k_pid_yaw": [0.5, 1e-06, 0.1], "k_pid_hsp": [0.21975701171285836, 0.01509743560971706, 0.0], "k_pid_vsp": [127.62300020102049, 101.65560265978928, 1.4813508171978789]}, "datetime": {"datetime": "2025-08-21 14:49:41", "elapsed": 21898.201981544495, "delta": 15.524427652359009}, "costs": {"total_cost": 172.93400469805024, "time_cost": 69.528, "final_distance_cost": 1.8397749411513227, "oscillation_cost": 28.952493286545483, "completition_cost": 0.0, "overshoot_cost": 49.78306689465829, "power_cost": 11.73078125, "noise_cost": 11.099888325695156, "n_waypoints_completed": 9, "tot_waypoints": 9}}
{"target": -176.45665009501747, "params": {"k_pid_pos": [2.0, 0.0657327892882484, 0.7847968324552809], "k_pid_alt": [2.0, 0.004447455457663092, 0.010711462888620365], "k_pid_att": [9.244459603384719, 0.11573207682236131, 0.4738696820024395], "k_pid_yaw": [0.5, 1e-06, 0.1], "k_pid_hsp": [0.0860483260577171, 0.014010983097222221, 0.0], "k_pid_vsp": [307.7154075155888, 201.66235863855277, 1.4595920610858748]}, "datetime": {"datetime": "2025-08-21 14:49:58", "elapsed": 21914.922606945038, "delta": 16.720625400543213}, "costs": {"total_cost": 176.45665009501747, "time_cost": 69.536, "final_distance_cost": 1.7899154276619686, "oscillation_cost": 30.174519506929823, "completition_cost": 0.0, "overshoot_cost": 50.908506343702555, "power_cost": 12.664907006835938, "noise_cost": 11.382801809887187, "n_waypoints_completed": 9, "tot_waypoints": 9}}
{"target": -181.72795952771978, "params": {"k_pid_pos": [1.9106756005482222, 0.045067327825561776, 1.0], "k_pid_alt": [1.2949644554445734, 0.0034792785895828367, 0.00925909350134931], "k_pid_att": [21.50108439017823, 0.011535508458930255, 0.4824266140099529], "k_pid_yaw": [0.5, 1e-06, 0.1], "k_pid_hsp": [0.26181124352035945, 0.011019980607463162, 0.0], "k_pid_vsp": [311.0713447959995, 332.6003979902809, 1.4893256413082527]}, "datetime": {"datetime": "2025-08-21 14:50:14", "elapsed": 21931.32392859459, "delta": 16.40132164955139}, "costs": {"total_cost": 181.72795952771978, "time_cost": 70.496, "final_distance_cost": 1.8315656415832975, "oscillation_cost": 29.574092448160368, "completition_cost": 0.0, "overshoot_cost": 50.57587264801172, "power_cost": 15.902328601074219, "noise_cost": 13.348100188890157, "n_waypoints_completed": 9, "tot_waypoints": 9}}
{"target": -178.86970521321203, "params": {"k_pid_pos": [1.5765915634171892, 0.04474424905576228, 0.9498278416812332], "k_pid_alt": [1.6567710663668656, 0.0023286050899553492, 0.010737402206754421], "k_pid_att": [15.749497107765285, 0.1967443505360484, 0.5017905999071129], "k_pid_yaw": [0.5, 1e-06, 0.1], "k_pid_hsp": [0.1856534658376466, 0.01778208985186955, 0.0], "k_pid_vsp": [320.32493586048616, 273.6016623236465, 2.306053236164205]}, "datetime": {"datetime": "2025-08-21 14:50:30", "elapsed": 21947.444885253906, "delta": 16.120956659317017}, "costs": {"total_cost": 178.86970521321203, "time_cost": 70.752, "final_distance_cost": 1.8379202014617328, "oscillation_cost": 27.679810808539628, "completition_cost": 0.0, "overshoot_cost": 51.47388734919169, "power_cost": 14.534848645019531, "noise_cost": 12.59123820899945, "n_waypoints_completed": 9, "tot_waypoints": 9}}
{"target": -171.71707402681773, "params": {"k_pid_pos": [2.0, 0.05725523913210081, 0.9760365341961744], "k_pid_alt": [2.0, 0.0029041980696649047, 0.007147662939939546], "k_pid_att": [21.941299793495997, 0.18156664599360484, 0.41521846955879776], "k_pid_yaw": [0.5, 1e-06, 0.1], "k_pid_hsp": [0.16050047557833666, 0.010654404376881288, 0.0], "k_pid_vsp": [186.1799213728549, 234.34616736868688, 1.1351109894541538]}, "datetime": {"datetime": "2025-08-21 14:50:46", "elapsed": 21963.274501800537, "delta": 15.82961654663086}, "costs": {"total_cost": 171.71707402681773, "time_cost": 69.136, "final_distance_cost": 1.8274271009581824, "oscillation_cost": 28.738018231373513, "completition_cost": 0.0, "overshoot_cost": 50.38746953817472, "power_cost": 10.890391040039063, "noise_cost": 10.737768116272251, "n_waypoints_completed": 9, "tot_waypoints": 9}}
{"target": -179.83695583616995, "params": {"k_pid_pos": [1.8006697250873254, 0.05176051111053879, 0.6931642508400655], "k_pid_alt": [2.0, 0.005728936773853323, 0.01460485323168823], "k_pid_att": [10.786875672256867, 0.15395112434235514, 0.4827237402553588], "k_pid_yaw": [0.5, 1e-06, 0.1], "k_pid_hsp": [0.15270305155908312, 0.011729132997981803, 0.0], "k_pid_vsp": [135.23828738677898, 132.6381488645978, 1.776924400017552]}, "datetime": {"datetime": "2025-08-21 14:51:03", "elapsed": 21979.827485084534, "delta": 16.552983283996582}, "costs": {"total_cost": 179.83695583616995, "time_cost": 69.896, "final_distance_cost": 1.8071047649409073, "oscillation_cost": 30.100248843519086, "completition_cost": 0.0, "overshoot_cost": 51.244293103339686, "power_cost": 14.376340966796876, "noise_cost": 12.4129681575734, "n_waypoints_completed": 9, "tot_waypoints": 9}}
{"target": -174.57605379908864, "params": {"k_pid_pos": [2.0, 0.03546504394388332, 0.5739492901074593], "k_pid_alt": [1.1390230827831862, 0.0016320643925025493, 0.017747225560841892], "k_pid_att": [18.17222857137555, 0.17427970118988467, 0.4690177092516083], "k_pid_yaw": [0.5, 1e-06, 0.1], "k_pid_hsp": [0.16150666193012464, 0.01251794659645339, 0.0], "k_pid_vsp": [246.70872542370057, 133.36952647028826, 3.5435935484029257]}, "datetime": {"datetime": "2025-08-21 14:51:19", "elapsed": 21995.64958190918, "delta": 15.822096824645996}, "costs": {"total_cost": 174.57605379908864, "time_cost": 69.368, "final_distance_cost": 1.775427712996952, "oscillation_cost": 30.909281766542176, "completition_cost": 0.0, "overshoot_cost": 49.9964052876584, "power_cost": 11.695804541015626, "noise_cost": 10.831134490875483, "n_waypoints_completed": 9, "tot_waypoints": 9}}
{"target": -184.490199453042, "params": {"k_pid_pos": [2.0, 0.057845751673378305, 1.0], "k_pid_alt": [1.0731801193732522, 0.002951461587763973, 0.009940123008796346], "k_pid_att": [18.881170439311067, 0.10911016417532964, 0.4120993939948856], "k_pid_yaw": [0.5, 1e-06, 0.1], "k_pid_hsp": [0.15898376689139856, 0.012497767167846735, 0.0], "k_pid_vsp": [199.6474274588929, 196.5041990425569, 1.0761145810475832]}, "datetime": {"datetime": "2025-08-21 14:51:36", "elapsed": 22013.106169223785, "delta": 17.456587314605713}, "costs": {"total_cost": 184.490199453042, "time_cost": 71.488, "final_distance_cost": 1.8275915944992924, "oscillation_cost": 28.697361415598174, "completition_cost": 0.0, "overshoot_cost": 51.152499291470505, "power_cost": 17.477102355957033, "noise_cost": 13.847644795516985, "n_waypoints_completed": 9, "tot_waypoints": 9}}
{"target": -210.51451311209783, "params": {"k_pid_pos": [1.9760196209257355, 0.014696579355969746, 1.0], "k_pid_alt": [0.23702296525200808, 0.003340107395393981, 0.014113847827323492], "k_pid_att": [18.391859184198875, 0.2670566525359708, 0.07705483547099314], "k_pid_yaw": [0.5, 1e-06, 0.1], "k_pid_hsp": [0.16559271587425448, 0.01896275932678281, 0.0], "k_pid_vsp": [206.1052209516438, 173.95125420048825, 2.8539748718329427]}, "datetime": {"datetime": "2025-08-21 14:52:00", "elapsed": 22036.782254219055, "delta": 23.676084995269775}, "costs": {"total_cost": 210.51451311209783, "time_cost": 99.44800000000001, "final_distance_cost": 1.860848151140464, "oscillation_cost": 35.209834221259555, "completition_cost": 0.0, "overshoot_cost": 51.89200856736754, "power_cost": 10.455126440429687, "noise_cost": 11.648695731900577, "n_waypoints_completed": 9, "tot_waypoints": 9}}
{"target": -173.4710120173229, "params": {"k_pid_pos": [1.6740191581345807, 0.015484271745650776, 1.0], "k_pid_alt": [1.3107041276949927, 0.002562153368523769, 0.012797263849018118], "k_pid_att": [19.112479210108287, 0.16282658943484646, 0.4059398620021705], "k_pid_yaw": [0.5, 1e-06, 0.1], "k_pid_hsp": [0.09700538931329898, 0.018990685134294753, 0.0], "k_pid_vsp": [167.436662056084, 229.4615457258021, 0.5132569933811925]}, "datetime": {"datetime": "2025-08-21 14:52:16", "elapsed": 22052.509356975555, "delta": 15.727102756500244}, "costs": {"total_cost": 173.4710120173229, "time_cost": 69.688, "final_distance_cost": 1.8352882587678925, "oscillation_cost": 28.932021788510106, "completition_cost": 0.0, "overshoot_cost": 49.40135814077896, "power_cost": 12.141493322753908, "noise_cost": 11.472850506512012, "n_waypoints_completed": 9, "tot_waypoints": 9}}
{"target": -176.32964173836058, "params": {"k_pid_pos": [2.0, 0.019460256779546447, 1.0], "k_pid_alt": [2.0, 0.003897301023571256, 0.014570701603038744], "k_pid_att": [14.318829154969848, 0.14120592707686308, 0.662535015709009], "k_pid_yaw": [0.5, 1e-06, 0.1], "k_pid_hsp": [0.0797442657673169, 0.016846681963580565, 0.0], "k_pid_vsp": [220.79018683531885, 113.69983772680091, 2.615758136542745]}, "datetime": {"datetime": "2025-08-21 14:52:32", "elapsed": 22069.144290447235, "delta": 16.634933471679688}, "costs": {"total_cost": 176.32964173836058, "time_cost": 69.84, "final_distance_cost": 1.7985145186973797, "oscillation_cost": 29.155016257190645, "completition_cost": 0.0, "overshoot_cost": 50.97987289030896, "power_cost": 12.918326977539063, "noise_cost": 11.63791109462451, "n_waypoints_completed": 9, "tot_waypoints": 9}}
{"target": -175.58601617396542, "params": {"k_pid_pos": [1.0365163467322747, 0.0461890692959494, 0.8395587603153837], "k_pid_alt": [2.0, 0.0020292088331523885, 0.015255808923030453], "k_pid_att": [19.61666230633401, 0.13056433512167528, 0.3980395546118511], "k_pid_yaw": [0.5, 1e-06, 0.1], "k_pid_hsp": [0.10135802409505353, 0.015464736399304277, 0.0], "k_pid_vsp": [188.3200784824003, 266.53686077444667, 2.8371945650257757]}, "datetime": {"datetime": "2025-08-21 14:52:49", "elapsed": 22085.92952299118, "delta": 16.785232543945312}, "costs": {"total_cost": 175.58601617396542, "time_cost": 73.232, "final_distance_cost": 1.8488551819160624, "oscillation_cost": 26.07912687100307, "completition_cost": 0.0, "overshoot_cost": 50.327707434885625, "power_cost": 12.213690747070313, "noise_cost": 11.884635939090373, "n_waypoints_completed": 9, "tot_waypoints": 9}}
{"target": -721.5218775148242, "params": {"k_pid_pos": [1.6917657454415878, 0.008681524508532117, 1.0], "k_pid_alt": [1.4156429764325742, 0.0035872339815687993, 0.010517985978711982], "k_pid_att": [14.224107537261673, 0.1861252503769899, 0.4638985616031845], "k_pid_yaw": [0.5, 1e-06, 0.1], "k_pid_hsp": [0.15028976070551833, 0.009481816542281094, 0.0], "k_pid_vsp": [316.77147284043946, 188.71220818448964, 1.3283234278099676]}, "datetime": {"datetime": "2025-08-21 14:53:12", "elapsed": 22108.69397211075, "delta": 22.76444911956787}, "costs": {"total_cost": 721.5218775148242, "time_cost": 150, "final_distance_cost": 54.47145005807529, "oscillation_cost": 21.956641008175552, "completition_cost": 333.33333333333337, "overshoot_cost": 90.86335836518155, "power_cost": 31.255818127441408, "noise_cost": 39.64127662261689, "n_waypoints_completed": 6, "tot_waypoints": 9}}
{"target": -183.54679469896507, "params": {"k_pid_pos": [2.0, 0.05860702546236488, 0.9405309282643134], "k_pid_alt": [1.6917694017918077, 0.0037696384074969724, 0.00775493742822009], "k_pid_att": [8.114449002448573, 0.18621419811640813, 0.2835569370554171], "k_pid_yaw": [0.5, 1e-06, 0.1], "k_pid_hsp": [0.16799680373468992, 0.0120710196578896, 0.0], "k_pid_vsp": [168.7205143177504, 261.8186818050921, 2.1016637472814765]}, "datetime": {"datetime": "2025-08-21 14:53:29", "elapsed": 22126.099867105484, "delta": 17.405894994735718}, "costs": {"total_cost": 183.54679469896507, "time_cost": 70.44800000000001, "final_distance_cost": 1.833422845241966, "oscillation_cost": 31.481000179275558, "completition_cost": 0.0, "overshoot_cost": 50.97270110898933, "power_cost": 15.631603515625, "noise_cost": 13.180067049833205, "n_waypoints_completed": 9, "tot_waypoints": 9}}
{"target": -172.6284672054387, "params": {"k_pid_pos": [1.405945561026342, 0.0023624252479627003, 1.0], "k_pid_alt": [1.8044513723842595, 0.004529170027964413, 0.008465133495434037], "k_pid_att": [21.02949944865102, 0.1280983988110934, 0.40551458063744955], "k_pid_yaw": [0.5, 1e-06, 0.1], "k_pid_hsp": [0.1566599025367809, 0.01846276359882472, 0.0], "k_pid_vsp": [236.43956077680068, 307.6687169963495, 1.7547344647289567]}, "datetime": {"datetime": "2025-08-21 14:53:46", "elapsed": 22143.130116701126, "delta": 17.03024959564209}, "costs": {"total_cost": 172.6284672054387, "time_cost": 70.88, "final_distance_cost": 1.8481812767660364, "oscillation_cost": 26.8942573073953, "completition_cost": 0.0, "overshoot_cost": 50.14905856856507, "power_cost": 11.441981323242189, "noise_cost": 11.414988729470105, "n_waypoints_completed": 9, "tot_waypoints": 9}}
{"target": -173.59905651231122, "params": {"k_pid_pos": [1.3058654277580475, 0.02567543558551791, 0.7993303091007621], "k_pid_alt": [1.4072818251306483, 0.004695699183073393, 0.01242599740074008], "k_pid_att": [18.306783279624092, 0.14581864848902082, 0.4312817531625164], "k_pid_yaw": [0.5, 1e-06, 0.1], "k_pid_hsp": [0.19933666773348602, 0.012790515607261174, 0.0], "k_pid_vsp": [213.97080388308845, 180.91218715992136, 0.3175934111040441]}, "datetime": {"datetime": "2025-08-21 14:54:03", "elapsed": 22159.53610420227, "delta": 16.40598750114441}, "costs": {"total_cost": 173.59905651231122, "time_cost": 70.768, "final_distance_cost": 1.8481252896169293, "oscillation_cost": 26.447435162362183, "completition_cost": 0.0, "overshoot_cost": 50.026746839800694, "power_cost": 12.683686828613283, "noise_cost": 11.82506239191813, "n_waypoints_completed": 9, "tot_waypoints": 9}}
{"target": -177.79455370553168, "params": {"k_pid_pos": [2.0, 0.03127505445654711, 0.642354561988186], "k_pid_alt": [2.0, 0.0035839042226139483, 0.009088587881071301], "k_pid_att": [16.97453458321449, 0.2160552403617704, 0.5474067113489994], "k_pid_yaw": [0.5, 1e-06, 0.1], "k_pid_hsp": [0.18626487780469936, 0.017991848016543594, 0.0], "k_pid_vsp": [199.27883303454726, 213.23918201845132, 2.3756411869697662]}, "datetime": {"datetime": "2025-08-21 14:54:20", "elapsed": 22176.526711940765, "delta": 16.990607738494873}, "costs": {"total_cost": 177.79455370553168, "time_cost": 69.368, "final_distance_cost": 1.8253562323337262, "oscillation_cost": 30.49276108711223, "completition_cost": 0.0, "overshoot_cost": 50.24591412322671, "power_cost": 13.87385389404297, "noise_cost": 11.988668368816047, "n_waypoints_completed": 9, "tot_waypoints": 9}}
{"target": -195.71221486462576, "params": {"k_pid_pos": [1.4446240150984249, 0.036681217730992366, 0.8786388770194092], "k_pid_alt": [1.2254721320237212, 0.0045426074013384206, 0.0], "k_pid_att": [22.010697960068402, 0.07370340580654385, 0.25244279689636084], "k_pid_yaw": [0.5, 1e-06, 0.1], "k_pid_hsp": [0.22151662632655658, 0.016294017457544854, 0.0], "k_pid_vsp": [0.0, 178.71905369067358, 1.8785122926097262]}, "datetime": {"datetime": "2025-08-21 14:54:37", "elapsed": 22193.776253461838, "delta": 17.249541521072388}, "costs": {"total_cost": 195.71221486462576, "time_cost": 76.736, "final_distance_cost": 1.749248546727569, "oscillation_cost": 37.70905784652015, "completition_cost": 0.0, "overshoot_cost": 52.16793230953031, "power_cost": 15.982176635742189, "noise_cost": 11.36779952610556, "n_waypoints_completed": 9, "tot_waypoints": 9}}
{"target": -175.8074003587337, "params": {"k_pid_pos": [2.0, 0.08182503316479016, 0.9118681805142951], "k_pid_alt": [2.0, 0.0014174219397444564, 0.0038130036714184314], "k_pid_att": [17.91931219033106, 0.11596145984298278, 0.2945570067709932], "k_pid_yaw": [0.5, 1e-06, 0.1], "k_pid_hsp": [0.19675914563378907, 0.016752193884826305, 0.0], "k_pid_vsp": [311.05740787848873, 220.56971236861645, 1.8741649156046225]}, "datetime": {"datetime": "2025-08-21 14:54:53", "elapsed": 22210.44894337654, "delta": 16.67268991470337}, "costs": {"total_cost": 175.8074003587337, "time_cost": 69.408, "final_distance_cost": 1.820838282051099, "oscillation_cost": 29.735560893999207, "completition_cost": 0.0, "overshoot_cost": 50.45004440597117, "power_cost": 12.813969445800781, "noise_cost": 11.578987330911445, "n_waypoints_completed": 9, "tot_waypoints": 9}}
{"target": -177.93167847209241, "params": {"k_pid_pos": [1.5528608934608534, 0.03410194889977164, 0.5687578311353637], "k_pid_alt": [2.0, 0.004238448799503916, 0.009837103293795488], "k_pid_att": [17.89360194175227, 0.1149757836561699, 0.5470837911137094], "k_pid_yaw": [0.5, 1e-06, 0.1], "k_pid_hsp": [0.17989017511479452, 0.020742651585298255, 0.0], "k_pid_vsp": [254.81843425928852, 259.89857683891904, 1.0817066786267633]}, "datetime": {"datetime": "2025-08-21 14:55:11", "elapsed": 22227.557619333267, "delta": 17.108675956726074}, "costs": {"total_cost": 177.93167847209241, "time_cost": 69.83200000000001, "final_distance_cost": 1.8185276502912284, "oscillation_cost": 29.074536956321847, "completition_cost": 0.0, "overshoot_cost": 50.36025526393599, "power_cost": 14.540204565429688, "noise_cost": 12.30615403611365, "n_waypoints_completed": 9, "tot_waypoints": 9}}
{"target": -170.93796922109448, "params": {"k_pid_pos": [1.8052021424311784, 0.04933443366632976, 1.0], "k_pid_alt": [1.7994363596627219, 0.003605604794301868, 0.003928586087416032], "k_pid_att": [22.09600264526091, 0.18710400737682395, 0.4616729921038993], "k_pid_yaw": [0.5, 1e-06, 0.1], "k_pid_hsp": [0.10001783766724888, 0.01610722944159269, 0.0], "k_pid_vsp": [292.6058092363538, 273.8662346642258, 1.4751266282893283]}, "datetime": {"datetime": "2025-08-21 14:55:26", "elapsed": 22243.338189840317, "delta": 15.78057050704956}, "costs": {"total_cost": 170.93796922109448, "time_cost": 69.06400000000001, "final_distance_cost": 1.83855612527533, "oscillation_cost": 28.537829983092816, "completition_cost": 0.0, "overshoot_cost": 50.77808114370041, "power_cost": 10.390331201171875, "noise_cost": 10.329170767854034, "n_waypoints_completed": 9, "tot_waypoints": 9}}
{"target": -235.05534298516943, "params": {"k_pid_pos": [1.566353908816659, 0.044895131274933255, 1.0], "k_pid_alt": [2.0, 0.0034377507660407376, 0.00764659153681235], "k_pid_att": [7.928628595245357, 0.25177067980413387, 0.6008887577336945], "k_pid_yaw": [0.5, 1e-06, 0.1], "k_pid_hsp": [0.13023589037773006, 0.01978673084418533, 0.0], "k_pid_vsp": [0.0, 186.98418156145814, 1.345234989762407]}, "datetime": {"datetime": "2025-08-21 14:55:49", "elapsed": 22265.786362171173, "delta": 22.448172330856323}, "costs": {"total_cost": 235.05534298516943, "time_cost": 97.256, "final_distance_cost": 1.8231908926523126, "oscillation_cost": 43.40439923732772, "completition_cost": 0.0, "overshoot_cost": 59.92981212986132, "power_cost": 18.91124012451172, "noise_cost": 13.730700600816366, "n_waypoints_completed": 9, "tot_waypoints": 9}}
{"target": -172.88114937827325, "params": {"k_pid_pos": [1.786690042884907, 0.06619307048272845, 0.9617615849933913], "k_pid_alt": [2.0, 0.0044383750449154, 0.006116248093653069], "k_pid_att": [10.366645409191856, 0.20833136324022125, 0.40344754014882805], "k_pid_yaw": [0.5, 1e-06, 0.1], "k_pid_hsp": [0.2604649008291183, 0.015192373513253655, 0.0], "k_pid_vsp": [222.13555820701876, 242.96783793296655, 1.0127678686452122]}, "datetime": {"datetime": "2025-08-21 14:56:06", "elapsed": 22282.499687433243, "delta": 16.713325262069702}, "costs": {"total_cost": 172.88114937827325, "time_cost": 69.56, "final_distance_cost": 1.828356397465818, "oscillation_cost": 28.425289502857883, "completition_cost": 0.0, "overshoot_cost": 50.01682777322937, "power_cost": 11.949855358886719, "noise_cost": 11.10082034583345, "n_waypoints_completed": 9, "tot_waypoints": 9}}
{"target": -174.02077306060735, "params": {"k_pid_pos": [1.5443768096600685, 0.030872288847071782, 0.8323682911554352], "k_pid_alt": [2.0, 0.0031498269471178196, 0.009634128264245721], "k_pid_att": [17.46987314425743, 0.26932110603500503, 0.3536118811848657], "k_pid_yaw": [0.5, 1e-06, 0.1], "k_pid_hsp": [0.18803531884417743, 0.016736157506442157, 0.0], "k_pid_vsp": [157.50810211767273, 123.48567744199904, 2.3482318362938597]}, "datetime": {"datetime": "2025-08-21 14:56:21", "elapsed": 22298.301768779755, "delta": 15.80208134651184}, "costs": {"total_cost": 174.02077306060735, "time_cost": 70.144, "final_distance_cost": 1.8405535594700382, "oscillation_cost": 26.96714930923268, "completition_cost": 0.0, "overshoot_cost": 50.501346165634004, "power_cost": 12.914135302734376, "noise_cost": 11.653588723536235, "n_waypoints_completed": 9, "tot_waypoints": 9}}
{"target": -182.357607905293, "params": {"k_pid_pos": [1.7005564134446478, 0.049688336881176236, 0.9069053695706687], "k_pid_alt": [1.5412104475115793, 0.002386598254762814, 0.0076590840322733654], "k_pid_att": [13.370130475159463, 0.20016946286598725, 0.2865839447998009], "k_pid_yaw": [0.5, 1e-06, 0.1], "k_pid_hsp": [0.08996218436474339, 0.019497042810557873, 0.0], "k_pid_vsp": [219.94128233001138, 203.87011282948242, 1.5884711461036403]}, "datetime": {"datetime": "2025-08-21 14:56:38", "elapsed": 22315.006575345993, "delta": 16.704806566238403}, "costs": {"total_cost": 182.357607905293, "time_cost": 70.632, "final_distance_cost": 1.8221261323933047, "oscillation_cost": 28.624412193509315, "completition_cost": 0.0, "overshoot_cost": 51.052035140891284, "power_cost": 16.70130738525391, "noise_cost": 13.525727053245195, "n_waypoints_completed": 9, "tot_waypoints": 9}}
