{"target": -181.3003839280598, "params": {"k_pid_pos": [1.2805567079040758, 0.11419943861700922, 0.08363655246387054], "k_pid_alt": [1.4832924592782843, 0.013806840281189952, 0.04509886731055986], "k_pid_att": [40.03903541701215, 0.3917192842202168, 0.7586553709963217], "k_pid_yaw": [0.5, 1e-06, 0.1], "k_pid_hsp": [0.7182409018730759, 0.08115643777710554, 0.0], "k_pid_vsp": [335.8869985298872, 313.796729207045, 7.704504258045066]}, "datetime": {"datetime": "2025-08-21 11:43:43", "elapsed": 10739.737415075302, "delta": 16.146739721298218}, "costs": {"total_cost": 181.3003839280598, "time_cost": 69.328, "final_distance_cost": 1.8048503443209927, "oscillation_cost": 32.88780239802705, "completition_cost": 0.0, "overshoot_cost": 50.03497493782099, "power_cost": 14.866790173339844, "noise_cost": 12.377966074550935, "n_waypoints_completed": 9, "tot_waypoints": 9}}
{"target": -194.17464846421, "params": {"k_pid_pos": [0.5905271379004136, 0.13389956705854775, 0.7965595035061975], "k_pid_alt": [0.9623714682621308, 0.009817951542913173, 0.10058656722841815], "k_pid_att": [36.191639304075025, 0.21718191162838943, 0.5043350573224951], "k_pid_yaw": [0.5, 1e-06, 0.1], "k_pid_hsp": [0.3941301367307885, 0.07101186649833152, 0.0], "k_pid_vsp": [400.0, 226.80449489787233, 3.303280646953348]}, "datetime": {"datetime": "2025-08-21 11:44:04", "elapsed": 10761.094888448715, "delta": 21.357473373413086}, "costs": {"total_cost": 194.17464846421, "time_cost": 93.104, "final_distance_cost": 1.847458163748052, "oscillation_cost": 24.381238751042392, "completition_cost": 0.0, "overshoot_cost": 52.40020026305491, "power_cost": 10.102307897949219, "noise_cost": 12.339443388415427, "n_waypoints_completed": 9, "tot_waypoints": 9}}
{"target": -176.53347731117051, "params": {"k_pid_pos": [1.9642578469060432, 0.10791064868244948, 0.36792512622943113], "k_pid_alt": [2.0, 0.010217339796922242, 0.04760384288838535], "k_pid_att": [42.934504446626335, 0.21465179546850574, 1.0], "k_pid_yaw": [0.5, 1e-06, 0.1], "k_pid_hsp": [0.4740636749955871, 0.010298191148291126, 0.0], "k_pid_vsp": [321.9453841270593, 214.194376336796, 3.6005705865107216]}, "datetime": {"datetime": "2025-08-21 11:44:20", "elapsed": 10777.346661806107, "delta": 16.251773357391357}, "costs": {"total_cost": 176.53347731117051, "time_cost": 69.224, "final_distance_cost": 1.7621869316519585, "oscillation_cost": 31.221882681112703, "completition_cost": 0.0, "overshoot_cost": 50.744744007772596, "power_cost": 12.318413427734376, "noise_cost": 11.262250262898869, "n_waypoints_completed": 9, "tot_waypoints": 9}}
{"target": -200.017082783452, "params": {"k_pid_pos": [0.8794374677240789, 0.1078873060703744, 0.7464356984247035], "k_pid_alt": [0.9479689472605294, 0.009626148596833466, 0.12969874642303245], "k_pid_att": [78.01592934210169, 0.1163323204560065, 0.6796460303039131], "k_pid_yaw": [0.5, 1e-06, 0.1], "k_pid_hsp": [0.06954349454558202, 0.0421433735695342, 0.0], "k_pid_vsp": [33.579352920776266, 254.85135248620713, 7.813840622974361]}, "datetime": {"datetime": "2025-08-21 11:44:40", "elapsed": 10796.874817848206, "delta": 19.528156042099}, "costs": {"total_cost": 200.017082783452, "time_cost": 84.712, "final_distance_cost": 1.8509940495811699, "oscillation_cost": 32.16021532400828, "completition_cost": 0.0, "overshoot_cost": 51.30135572316954, "power_cost": 15.670512561035157, "noise_cost": 14.322005125657823, "n_waypoints_completed": 9, "tot_waypoints": 9}}
{"target": -185.32440894339905, "params": {"k_pid_pos": [1.021013675803893, 0.11124827705514272, 0.518183662445558], "k_pid_alt": [0.47874053026294056, 0.0072278373956834565, 0.05049893921523466], "k_pid_att": [51.88454764034936, 0.11536356480251946, 0.5426943369892522], "k_pid_yaw": [0.5, 1e-06, 0.1], "k_pid_hsp": [0.33704468317824016, 0.01224249735484203, 0.0], "k_pid_vsp": [400.0, 167.4120652310795, 4.933412953848846]}, "datetime": {"datetime": "2025-08-21 11:44:58", "elapsed": 10814.92332315445, "delta": 18.048505306243896}, "costs": {"total_cost": 185.32440894339905, "time_cost": 78.376, "final_distance_cost": 1.8313908174487215, "oscillation_cost": 27.288552536364705, "completition_cost": 0.0, "overshoot_cost": 51.09183729393429, "power_cost": 14.05991455078125, "noise_cost": 12.676713744870078, "n_waypoints_completed": 9, "tot_waypoints": 9}}
{"target": -176.2209374956932, "params": {"k_pid_pos": [1.6758862904905216, 0.10959949075075036, 0.3496102559000354], "k_pid_alt": [1.231679115419863, 0.012595577750803853, 0.05813851173360477], "k_pid_att": [28.65105819840549, 0.1852827387755566, 0.515490831601019], "k_pid_yaw": [0.5, 1e-06, 0.1], "k_pid_hsp": [0.8983732989102554, 0.0572336461431473, 0.0], "k_pid_vsp": [245.51662985488792, 172.57660658663363, 4.166260017059714]}, "datetime": {"datetime": "2025-08-21 11:45:14", "elapsed": 10830.91357421875, "delta": 15.990251064300537}, "costs": {"total_cost": 176.2209374956932, "time_cost": 68.768, "final_distance_cost": 1.8107552898981847, "oscillation_cost": 32.121401611476955, "completition_cost": 0.0, "overshoot_cost": 49.429237502109494, "power_cost": 12.658416247558595, "noise_cost": 11.43312684464995, "n_waypoints_completed": 9, "tot_waypoints": 9}}
{"target": -184.18786857213465, "params": {"k_pid_pos": [1.2886897236558585, 0.06446281653470999, 0.47031379978598126], "k_pid_alt": [2.0, 0.02049474517907156, 0.048829346638261655], "k_pid_att": [52.89312394582776, 0.2564720119974936, 0.49439276559687423], "k_pid_yaw": [0.5, 1e-06, 0.1], "k_pid_hsp": [0.8664808920080049, 0.04028697826394987, 0.0], "k_pid_vsp": [88.21528065915233, 223.27166070513454, 3.465585914606225]}, "datetime": {"datetime": "2025-08-21 11:45:30", "elapsed": 10847.182118177414, "delta": 16.26854395866394}, "costs": {"total_cost": 184.18786857213465, "time_cost": 70.08, "final_distance_cost": 1.8324856838099661, "oscillation_cost": 33.617241157819784, "completition_cost": 0.0, "overshoot_cost": 50.89376611595642, "power_cost": 14.853169335937501, "noise_cost": 12.911206278610965, "n_waypoints_completed": 9, "tot_waypoints": 9}}
{"target": -189.3950914062431, "params": {"k_pid_pos": [0.9894762075848993, 0.052984694541772216, 0.38076484099404273], "k_pid_alt": [2.0, 0.0008010163142962526, 0.12434644738697977], "k_pid_att": [62.58444081058644, 0.24150763507395423, 1.0], "k_pid_yaw": [0.5, 1e-06, 0.1], "k_pid_hsp": [0.17959524703644755, 0.08711494120099957, 0.0], "k_pid_vsp": [214.30871735459598, 1e-06, 0.9186042838609946]}, "datetime": {"datetime": "2025-08-21 11:45:48", "elapsed": 10864.634771585464, "delta": 17.452653408050537}, "costs": {"total_cost": 189.3950914062431, "time_cost": 73.136, "final_distance_cost": 1.8509429121424879, "oscillation_cost": 32.711213126125685, "completition_cost": 0.0, "overshoot_cost": 51.581373732275246, "power_cost": 16.12396669921875, "noise_cost": 13.991594936480936, "n_waypoints_completed": 9, "tot_waypoints": 9}}
{"target": -172.49746098308367, "params": {"k_pid_pos": [1.2563028493237924, 0.06714433426131337, 0.45071315899071296], "k_pid_alt": [2.0, 0.011775729473382629, 0.050032870653742116], "k_pid_att": [59.82487905796478, 0.2984551039563506, 1.0], "k_pid_yaw": [0.5, 1e-06, 0.1], "k_pid_hsp": [0.30657474971579884, 0.058858061182394394, 0.0], "k_pid_vsp": [255.58452071979926, 154.71661275495322, 5.7008524279790835]}, "datetime": {"datetime": "2025-08-21 11:46:04", "elapsed": 10881.019077777863, "delta": 16.38430619239807}, "costs": {"total_cost": 172.49746098308367, "time_cost": 69.328, "final_distance_cost": 1.8361446993371862, "oscillation_cost": 32.49540591817956, "completition_cost": 0.0, "overshoot_cost": 50.25197711737846, "power_cost": 8.963173010253907, "noise_cost": 9.622760237934557, "n_waypoints_completed": 9, "tot_waypoints": 9}}
{"target": -177.1416703071544, "params": {"k_pid_pos": [1.7592115463431226, 0.14029807465056318, 0.4573171342160806], "k_pid_alt": [1.8463966057111174, 0.01998127362246441, 0.051834146387967885], "k_pid_att": [68.61230982694426, 0.3486479554543876, 0.5492944003534923], "k_pid_yaw": [0.5, 1e-06, 0.1], "k_pid_hsp": [0.4842585932171159, 0.0628926605972585, 0.0], "k_pid_vsp": [166.51651793162276, 217.4377230196732, 2.6290100798832747]}, "datetime": {"datetime": "2025-08-21 11:46:20", "elapsed": 10897.344267368317, "delta": 16.3251895904541}, "costs": {"total_cost": 177.1416703071544, "time_cost": 69.152, "final_distance_cost": 1.8078498093839637, "oscillation_cost": 32.965465124806435, "completition_cost": 0.0, "overshoot_cost": 50.275921813723706, "power_cost": 11.903572961425782, "noise_cost": 11.036860597814515, "n_waypoints_completed": 9, "tot_waypoints": 9}}
{"target": -199.99581300882068, "params": {"k_pid_pos": [0.6152435388070717, 0.14046688830369988, 0.5454732678479216], "k_pid_alt": [1.2013525333097943, 0.006799217961417296, 0.12676582625955526], "k_pid_att": [53.009923208959655, 0.22069319042398683, 1.0], "k_pid_yaw": [0.5, 1e-06, 0.1], "k_pid_hsp": [0.2538170525219014, 0.07550076225219145, 0.0], "k_pid_vsp": [138.4823005150646, 109.70841204985118, 7.023477500814138]}, "datetime": {"datetime": "2025-08-21 11:46:40", "elapsed": 10917.261579751968, "delta": 19.917312383651733}, "costs": {"total_cost": 199.99581300882068, "time_cost": 85.672, "final_distance_cost": 1.841804755324645, "oscillation_cost": 26.771089545681825, "completition_cost": 0.0, "overshoot_cost": 51.898547574141574, "power_cost": 17.740268371582033, "noise_cost": 16.072102762090594, "n_waypoints_completed": 9, "tot_waypoints": 9}}
{"target": -662.1076506341107, "params": {"k_pid_pos": [1.4675619993361828, 0.13081361725254276, 0.40041208574946996], "k_pid_alt": [0.15857622608802116, 0.009494911906049097, 0.06589080803151733], "k_pid_att": [34.10805793364866, 0.12035166328090191, 0.6327022433033457], "k_pid_yaw": [0.5, 1e-06, 0.1], "k_pid_hsp": [0.3305518922563926, 0.10556915066381771, 0.0], "k_pid_vsp": [82.52158113415938, 147.3557447773313, 6.419545941338964]}, "datetime": {"datetime": "2025-08-21 11:47:03", "elapsed": 10940.175659179688, "delta": 22.914079427719116}, "costs": {"total_cost": 662.1076506341107, "time_cost": 150, "final_distance_cost": 71.29596488751861, "oscillation_cost": 29.061278241263466, "completition_cost": 333.33333333333337, "overshoot_cost": 42.52437226452019, "power_cost": 19.900153088378907, "noise_cost": 15.99254881909609, "n_waypoints_completed": 6, "tot_waypoints": 9}}
{"target": -186.6829712314711, "params": {"k_pid_pos": [0.9662666896777935, 0.1691301331443308, 0.5648225545656894], "k_pid_alt": [1.8982124506228464, 0.00782595638213781, 0.06872647691969232], "k_pid_att": [50.633419461387405, 0.342262619473511, 0.7495675347993013], "k_pid_yaw": [0.5, 1e-06, 0.1], "k_pid_hsp": [0.27622060046084146, 0.055625378777070494, 0.0], "k_pid_vsp": [250.56914055882007, 329.81492994391834, 1.8513234944187562]}, "datetime": {"datetime": "2025-08-21 11:47:21", "elapsed": 10957.473160982132, "delta": 17.297501802444458}, "costs": {"total_cost": 186.6829712314711, "time_cost": 73.936, "final_distance_cost": 1.840968345375603, "oscillation_cost": 28.833402989798603, "completition_cost": 0.0, "overshoot_cost": 51.65072581925253, "power_cost": 16.273454089355468, "noise_cost": 14.148419987688873, "n_waypoints_completed": 9, "tot_waypoints": 9}}
{"target": -181.92665081743488, "params": {"k_pid_pos": [1.3567000537983223, 0.12620282975610392, 0.4507505831431262], "k_pid_alt": [2.0, 0.01665461653603322, 0.02506870309230769], "k_pid_att": [50.71927789402884, 0.25616505329796857, 1.0], "k_pid_yaw": [0.5, 1e-06, 0.1], "k_pid_hsp": [0.3476362400755589, 0.04968749858174321, 0.0], "k_pid_vsp": [289.5910477232595, 122.87946584609868, 5.257161038261552]}, "datetime": {"datetime": "2025-08-21 11:47:36", "elapsed": 10973.406029701233, "delta": 15.932868719100952}, "costs": {"total_cost": 181.92665081743488, "time_cost": 69.808, "final_distance_cost": 1.8202554924246055, "oscillation_cost": 30.512698099561238, "completition_cost": 0.0, "overshoot_cost": 50.9101323491826, "power_cost": 15.788898645019533, "noise_cost": 13.086666231246888, "n_waypoints_completed": 9, "tot_waypoints": 9}}
{"target": -178.39291429296802, "params": {"k_pid_pos": [1.7004744529986404, 0.1644602043862271, 0.32814090235321053], "k_pid_alt": [1.8165151034424019, 0.009547206090002619, 0.13498263635626992], "k_pid_att": [40.76256625565927, 0.3162470005625485, 0.9918209684083176], "k_pid_yaw": [0.5, 1e-06, 0.1], "k_pid_hsp": [0.4704026715837483, 0.05971278946192211, 0.0], "k_pid_vsp": [198.50794941603405, 292.7353246180578, 4.825252157782432]}, "datetime": {"datetime": "2025-08-21 11:47:52", "elapsed": 10989.249695062637, "delta": 15.843665361404419}, "costs": {"total_cost": 178.39291429296802, "time_cost": 68.84, "final_distance_cost": 1.7698500762806053, "oscillation_cost": 32.83055589937379, "completition_cost": 0.0, "overshoot_cost": 49.99347054874714, "power_cost": 13.321119018554688, "noise_cost": 11.637918750011774, "n_waypoints_completed": 9, "tot_waypoints": 9}}
{"target": -183.41025502957294, "params": {"k_pid_pos": [1.5561684752327338, 0.15070986525359858, 0.19541050855813594], "k_pid_alt": [0.8027104421590643, 0.0033434172289184424, 0.045240732192541135], "k_pid_att": [70.72980102023975, 0.1747188601177768, 0.27905473055069857], "k_pid_yaw": [0.5, 1e-06, 0.1], "k_pid_hsp": [0.2466413654757185, 0.05626566061236136, 0.0], "k_pid_vsp": [90.88136802171061, 310.02952590722293, 4.53341844488278]}, "datetime": {"datetime": "2025-08-21 11:48:09", "elapsed": 11005.75294303894, "delta": 16.5032479763031}, "costs": {"total_cost": 183.41025502957294, "time_cost": 71.016, "final_distance_cost": 1.8048041076699841, "oscillation_cost": 37.62492602140823, "completition_cost": 0.0, "overshoot_cost": 49.59778734520264, "power_cost": 12.35443065185547, "noise_cost": 11.01230690343661, "n_waypoints_completed": 9, "tot_waypoints": 9}}
{"target": -174.07399953506294, "params": {"k_pid_pos": [1.2333692852236888, 0.049357860500896765, 0.5940148132334394], "k_pid_alt": [2.0, 0.015175078184962243, 0.020337828175855846], "k_pid_att": [74.07114443927472, 0.14385941243176933, 0.38899399155949954], "k_pid_yaw": [0.5, 1e-06, 0.1], "k_pid_hsp": [0.3447116773580532, 0.02541084917623895, 0.0], "k_pid_vsp": [104.64814423303248, 106.6839981771866, 3.708519668604089]}, "datetime": {"datetime": "2025-08-21 11:48:25", "elapsed": 11022.21540927887, "delta": 16.4624662399292}, "costs": {"total_cost": 174.07399953506294, "time_cost": 70.376, "final_distance_cost": 1.8438064940340206, "oscillation_cost": 31.108735025502337, "completition_cost": 0.0, "overshoot_cost": 50.27296781144553, "power_cost": 10.112053857421875, "noise_cost": 10.360436346659167, "n_waypoints_completed": 9, "tot_waypoints": 9}}
{"target": -176.34186811683816, "params": {"k_pid_pos": [1.2621279666777285, 0.15595333676148201, 0.6996019452374832], "k_pid_alt": [2.0, 0.011634720497901424, 0.08952801606791146], "k_pid_att": [49.42599652140289, 0.38617473364524546, 1.0], "k_pid_yaw": [0.5, 1e-06, 0.1], "k_pid_hsp": [0.24685827956735698, 0.07494750512231353, 0.0], "k_pid_vsp": [332.6849425029864, 225.88943096540024, 4.574993414279045]}, "datetime": {"datetime": "2025-08-21 11:48:41", "elapsed": 11038.449389219284, "delta": 16.23397994041443}, "costs": {"total_cost": 176.34186811683816, "time_cost": 70.88, "final_distance_cost": 1.8273637770287652, "oscillation_cost": 30.00132449929398, "completition_cost": 0.0, "overshoot_cost": 50.430737357816525, "power_cost": 11.876218225097658, "noise_cost": 11.326224257601243, "n_waypoints_completed": 9, "tot_waypoints": 9}}
{"target": -175.08349483014783, "params": {"k_pid_pos": [1.2425650342991958, 0.052903798746296825, 0.5321723379239546], "k_pid_alt": [2.0, 0.01649175944258174, 0.08262270139234863], "k_pid_att": [35.736451258732046, 0.17305018322222013, 0.8183367995915688], "k_pid_yaw": [0.5, 1e-06, 0.1], "k_pid_hsp": [0.2193897218272274, 0.06363377542058112, 0.0], "k_pid_vsp": [263.7589392850968, 196.9955935396149, 5.944937023100174]}, "datetime": {"datetime": "2025-08-21 11:48:58", "elapsed": 11054.884548664093, "delta": 16.43515944480896}, "costs": {"total_cost": 175.08349483014783, "time_cost": 70.096, "final_distance_cost": 1.8499447020304143, "oscillation_cost": 30.376893610574577, "completition_cost": 0.0, "overshoot_cost": 50.20480150654017, "power_cost": 11.538604699707031, "noise_cost": 11.017250311295607, "n_waypoints_completed": 9, "tot_waypoints": 9}}
{"target": -174.98513085045357, "params": {"k_pid_pos": [1.3627090370745918, 0.1051938694065791, 0.4448480530224552], "k_pid_alt": [2.0, 0.022892469607878635, 0.009015251592900881], "k_pid_att": [56.743956573665024, 0.23729039292121187, 0.7032278290694141], "k_pid_yaw": [0.5, 1e-06, 0.1], "k_pid_hsp": [0.45972458041026837, 0.049163089279584175, 0.0], "k_pid_vsp": [290.8878588961345, 240.43049533720827, 3.5438317750195982]}, "datetime": {"datetime": "2025-08-21 11:49:14", "elapsed": 11071.071988105774, "delta": 16.187439441680908}, "costs": {"total_cost": 174.98513085045357, "time_cost": 69.8, "final_distance_cost": 1.8327151831297366, "oscillation_cost": 30.41945716750211, "completition_cost": 0.0, "overshoot_cost": 50.14674329393032, "power_cost": 11.64009002685547, "noise_cost": 11.146125179035952, "n_waypoints_completed": 9, "tot_waypoints": 9}}
{"target": -179.92971676956176, "params": {"k_pid_pos": [0.9461869971383455, 0.07384684228620576, 0.8802065057759648], "k_pid_alt": [2.0, 0.0045640665879624195, 0.0615714720160369], "k_pid_att": [45.64431749308849, 0.14215445619188877, 0.7039172111902103], "k_pid_yaw": [0.5, 1e-06, 0.1], "k_pid_hsp": [0.1133870657527364, 0.0698835076004498, 0.0], "k_pid_vsp": [363.8281324197356, 176.85349744360167, 1.3780751067020527]}, "datetime": {"datetime": "2025-08-21 11:49:32", "elapsed": 11088.891827583313, "delta": 17.819839477539062}, "costs": {"total_cost": 179.92971676956176, "time_cost": 76.864, "final_distance_cost": 1.8501773197111777, "oscillation_cost": 32.55345096459443, "completition_cost": 0.0, "overshoot_cost": 50.72125518798154, "power_cost": 8.06832401123047, "noise_cost": 9.87250928604415, "n_waypoints_completed": 9, "tot_waypoints": 9}}
{"target": -172.61699706828338, "params": {"k_pid_pos": [1.952583195515907, 0.1607799306813744, 0.9259348443435119], "k_pid_alt": [1.8789676823310728, 0.013467216924643206, 0.04693681172939532], "k_pid_att": [55.76764153911156, 0.21651016331959627, 0.7131534245328637], "k_pid_yaw": [0.5, 1e-06, 0.1], "k_pid_hsp": [0.39774942139566377, 0.02801370953298028, 0.0], "k_pid_vsp": [400.0, 193.99025777870773, 6.578364611577183]}, "datetime": {"datetime": "2025-08-21 11:49:48", "elapsed": 11104.644143104553, "delta": 15.752315521240234}, "costs": {"total_cost": 172.61699706828338, "time_cost": 68.912, "final_distance_cost": 1.8380168485892445, "oscillation_cost": 36.016517817948156, "completition_cost": 0.0, "overshoot_cost": 49.911818660005665, "power_cost": 7.424340710449219, "noise_cost": 8.514303031291096, "n_waypoints_completed": 9, "tot_waypoints": 9}}
{"target": -183.70752804184556, "params": {"k_pid_pos": [2.0, 0.2115346985962122, 0.0], "k_pid_alt": [1.4007980208363344, 0.016477027299870366, 0.08527346065367114], "k_pid_att": [42.71629031625444, 0.33519031170819935, 1.0], "k_pid_yaw": [0.5, 1e-06, 0.1], "k_pid_hsp": [0.7285109809359792, 0.06615104360281567, 0.0], "k_pid_vsp": [186.02341553520455, 187.1733637721668, 3.1589323506590206]}, "datetime": {"datetime": "2025-08-21 11:50:04", "elapsed": 11121.353561162949, "delta": 16.709418058395386}, "costs": {"total_cost": 183.70752804184556, "time_cost": 70.256, "final_distance_cost": 1.7047711048190142, "oscillation_cost": 39.00407674319675, "completition_cost": 0.0, "overshoot_cost": 50.59223302004241, "power_cost": 11.521993786621094, "noise_cost": 10.628453387166298, "n_waypoints_completed": 9, "tot_waypoints": 9}}
{"target": -183.96133643162617, "params": {"k_pid_pos": [1.6182784872017493, 0.1404484336200261, 0.5886954944488904], "k_pid_alt": [1.296486378432977, 0.008886662901229534, 0.03146024995226504], "k_pid_att": [32.75309115700165, 0.1905078618176016, 0.7765346694016872], "k_pid_yaw": [0.5, 1e-06, 0.1], "k_pid_hsp": [0.8746054603603617, 0.0856405482803995, 0.0], "k_pid_vsp": [400.0, 214.06907843684385, 4.32161575719279]}, "datetime": {"datetime": "2025-08-21 11:50:21", "elapsed": 11137.760499238968, "delta": 16.406938076019287}, "costs": {"total_cost": 183.96133643162617, "time_cost": 70.72, "final_distance_cost": 1.825563721843007, "oscillation_cost": 31.393595735581535, "completition_cost": 0.0, "overshoot_cost": 51.050867455900914, "power_cost": 15.73708367919922, "noise_cost": 13.234225839101473, "n_waypoints_completed": 9, "tot_waypoints": 9}}
{"target": -175.02146455408086, "params": {"k_pid_pos": [0.9239329409595521, 0.11690966999576231, 0.29478655480281774], "k_pid_alt": [2.0, 0.011988438931008866, 0.08928574087481263], "k_pid_att": [25.812370390728745, 0.18742311443394533, 0.6617519603565443], "k_pid_yaw": [0.5, 1e-06, 0.1], "k_pid_hsp": [0.5296126752614775, 0.03678032645786647, 0.0], "k_pid_vsp": [242.99550051737677, 133.28288498610019, 3.4972877618111653]}, "datetime": {"datetime": "2025-08-21 11:50:37", "elapsed": 11154.077576637268, "delta": 16.31707739830017}, "costs": {"total_cost": 175.02146455408086, "time_cost": 70.944, "final_distance_cost": 1.8373429262201886, "oscillation_cost": 27.340264547455927, "completition_cost": 0.0, "overshoot_cost": 51.113414723348725, "power_cost": 12.105624035644531, "noise_cost": 11.680818321411483, "n_waypoints_completed": 9, "tot_waypoints": 9}}
