{"target": -227.73368466026253, "params": {"k_pid_pos": [2.0, 0.39184357468564485, 0.6275037716191346], "k_pid_alt": [0.5490389220130892, 0.049132797767908964, 0.015582020452595805], "k_pid_att": [63.86209447969261, 1.556583204081931, 1.0], "k_pid_yaw": [0.5, 1e-06, 0.1], "k_pid_hsp": [3.6851364830068287, 0.33905066340695206, 0.0], "k_pid_vsp": [87.18236702746297, 400.0, 1e-06]}, "datetime": {"datetime": "2025-08-21 09:40:49", "elapsed": 3365.762226343155, "delta": 22.667579889297485}, "costs": {"total_cost": 227.73368466026253, "time_cost": 90.12, "final_distance_cost": 1.7923796182141059, "oscillation_cost": 51.25259328667442, "completition_cost": 0.0, "overshoot_cost": 51.37069765537157, "power_cost": 18.085261694335937, "noise_cost": 15.112752405666503, "n_waypoints_completed": 9, "tot_waypoints": 9}}
{"target": -3926.8673911164883, "params": {"k_pid_pos": [1.039064729288398, 0.2649785106041243, 0.7723417650043595], "k_pid_alt": [2.0, 0.0, 0.2170457140006432], "k_pid_att": [0.0, 1.098543360496349, 0.4295324838403689], "k_pid_yaw": [0.5, 1e-06, 0.1], "k_pid_hsp": [4.313027068198214, 0.5513433102392781, 0.0], "k_pid_vsp": [46.2962350024794, 94.11223736805368, 9.991343029093455]}, "datetime": {"datetime": "2025-08-21 09:41:18", "elapsed": 3395.080544233322, "delta": 29.318317890167236}, "costs": {"total_cost": 3926.8673911164883, "time_cost": 150, "final_distance_cost": 526.4576653279963, "oscillation_cost": 895.4495330646449, "completition_cost": 1000.0, "overshoot_cost": 1223.9890436645621, "power_cost": 35.18249248046875, "noise_cost": 95.7886565788163, "n_waypoints_completed": 0, "tot_waypoints": 9}}
{"target": -372.76735077295143, "params": {"k_pid_pos": [2.0, 0.29109888159649316, 0.7484602493519961], "k_pid_alt": [1.4611629727043118, 0.26368794909096427, 0.42593429533262156], "k_pid_att": [36.54728575583501, 1.887599626391445, 0.41299952979410043], "k_pid_yaw": [0.5, 1e-06, 0.1], "k_pid_hsp": [3.776151506554727, 0.31043188064460336, 0.23649144993160967], "k_pid_vsp": [30.814774452207086, 348.6839251709284, 1e-06]}, "datetime": {"datetime": "2025-08-21 09:41:41", "elapsed": 3418.1315064430237, "delta": 23.050962209701538}, "costs": {"total_cost": 372.76735077295143, "time_cost": 81.544, "final_distance_cost": 1.769863392604606, "oscillation_cost": 204.49380015970098, "completition_cost": 0.0, "overshoot_cost": 52.149232297848265, "power_cost": 18.68127645263672, "noise_cost": 14.129178470160845, "n_waypoints_completed": 9, "tot_waypoints": 9}}
{"target": -178.4907365978801, "params": {"k_pid_pos": [1.258284721543335, 0.04855785286550599, 0.41778480887332087], "k_pid_alt": [1.5817998909543547, 0.0, 0.030330741318093133], "k_pid_att": [43.08976466412086, 0.948837009906908, 0.8633874109933447], "k_pid_yaw": [0.5, 1e-06, 0.1], "k_pid_hsp": [2.199639243658959, 0.4480021334952297, 0.0], "k_pid_vsp": [141.1049096885194, 285.7399407239381, 11.844519883700869]}, "datetime": {"datetime": "2025-08-21 09:41:58", "elapsed": 3435.382380962372, "delta": 17.250874519348145}, "costs": {"total_cost": 178.4907365978801, "time_cost": 68.83200000000001, "final_distance_cost": 1.8362470781121338, "oscillation_cost": 39.867258885480155, "completition_cost": 0.0, "overshoot_cost": 49.1261927967042, "power_cost": 9.498917822265625, "noise_cost": 9.33012001531798, "n_waypoints_completed": 9, "tot_waypoints": 9}}
{"target": -445.2869986102057, "params": {"k_pid_pos": [1.2151041927908153, 0.2543521428988736, 0.929965169059845], "k_pid_alt": [1.8958472870328198, 0.08873307688578809, 0.0], "k_pid_att": [31.12257760824275, 0.6704554506671853, 0.2292595063426296], "k_pid_yaw": [0.5, 1e-06, 0.1], "k_pid_hsp": [2.1430936363934125, 0.5783801579733232, 0.0], "k_pid_vsp": [267.53707978464865, 256.5200214089334, 1e-06]}, "datetime": {"datetime": "2025-08-21 09:42:29", "elapsed": 3465.594034433365, "delta": 30.211653470993042}, "costs": {"total_cost": 445.2869986102057, "time_cost": 150, "final_distance_cost": 66.28088597351699, "oscillation_cost": 43.600152808115034, "completition_cost": 111.11111111111116, "overshoot_cost": 41.889633682004224, "power_cost": 17.57884527587891, "noise_cost": 14.826369759579427, "n_waypoints_completed": 8, "tot_waypoints": 9}}
{"target": -1268.2835207524552, "params": {"k_pid_pos": [0.0001, 0.1050725906964131, 1.0], "k_pid_alt": [1.1922341711298634, 0.09104745853307182, 0.3149124842042456], "k_pid_att": [83.00708736875019, 1.3805389996943171, 0.03651295648941414], "k_pid_yaw": [0.5, 1e-06, 0.1], "k_pid_hsp": [2.708080335240695, 0.42246919987410037, 0.0], "k_pid_vsp": [183.93791619595825, 245.49679976920854, 1e-06]}, "datetime": {"datetime": "2025-08-21 09:42:55", "elapsed": 3491.8650658130646, "delta": 26.271031379699707}, "costs": {"total_cost": 1268.2835207524552, "time_cost": 150, "final_distance_cost": 53.25707578718279, "oscillation_cost": 61.984137353833304, "completition_cost": 888.8888888888888, "overshoot_cost": 87.2114529645954, "power_cost": 13.848529077148438, "noise_cost": 13.093436680806438, "n_waypoints_completed": 1, "tot_waypoints": 9}}
{"target": -3745.361873210361, "params": {"k_pid_pos": [0.862577269706068, 0.321695084684873, 0.41504958980588674], "k_pid_alt": [1.4739568230372404, 0.0, 0.44416414731983167], "k_pid_att": [0.0, 0.6497854823136102, 0.5356212492900955], "k_pid_yaw": [0.5, 1e-06, 0.1], "k_pid_hsp": [5.71896166358714, 0.30450980312731013, 0.0], "k_pid_vsp": [35.02935152980381, 192.22550871470696, 30.65063331992809]}, "datetime": {"datetime": "2025-08-21 09:43:24", "elapsed": 3521.3535220623016, "delta": 29.48845624923706}, "costs": {"total_cost": 3745.361873210361, "time_cost": 150, "final_distance_cost": 540.9780911645433, "oscillation_cost": 745.5548246159752, "completition_cost": 1000.0, "overshoot_cost": 1178.3943577000637, "power_cost": 34.72846055908203, "noise_cost": 95.7061391706964, "n_waypoints_completed": 0, "tot_waypoints": 9}}
{"target": -232.5508058100069, "params": {"k_pid_pos": [0.46261877332013884, 0.4336957666483041, 0.7913535047528909], "k_pid_alt": [1.248543638498508, 0.0, 0.012277187429484922], "k_pid_att": [39.53582514462769, 1.5333450391924577, 0.41634047960921955], "k_pid_yaw": [0.5, 1e-06, 0.1], "k_pid_hsp": [0.5767232348329288, 0.3858832256751233, 0.01617161338749789], "k_pid_vsp": [204.0382052473585, 377.2055898114665, 12.232318603816495]}, "datetime": {"datetime": "2025-08-21 09:43:48", "elapsed": 3544.637681245804, "delta": 23.284159183502197}, "costs": {"total_cost": 232.5508058100069, "time_cost": 89.88, "final_distance_cost": 1.8344153237293994, "oscillation_cost": 66.82612587902216, "completition_cost": 0.0, "overshoot_cost": 51.42913318694221, "power_cost": 11.93943055419922, "noise_cost": 10.641700866113894, "n_waypoints_completed": 9, "tot_waypoints": 9}}
{"target": -201.04834372771236, "params": {"k_pid_pos": [1.5954470678723585, 0.7500348376066168, 0.8173528643610156], "k_pid_alt": [1.0964915348193733, 0.0, 0.1509851269792411], "k_pid_att": [58.13210808456487, 1.4886316683335459, 1.0], "k_pid_yaw": [0.5, 1e-06, 0.1], "k_pid_hsp": [5.309510013603496, 0.5806431877207814, 0.0], "k_pid_vsp": [145.03833422309103, 400.0, 0.7789079597466971]}, "datetime": {"datetime": "2025-08-21 09:44:09", "elapsed": 3565.554713010788, "delta": 20.91703176498413}, "costs": {"total_cost": 201.04834372771236, "time_cost": 74.04, "final_distance_cost": 1.7622438234296647, "oscillation_cost": 54.67178970713245, "completition_cost": 0.0, "overshoot_cost": 49.73603811227242, "power_cost": 10.43386776123047, "noise_cost": 10.404404323647388, "n_waypoints_completed": 9, "tot_waypoints": 9}}
{"target": -200.73475885854504, "params": {"k_pid_pos": [1.8976970017230486, 0.5577577216263815, 0.7687895357325797], "k_pid_alt": [2.0, 0.0, 0.014886615693564384], "k_pid_att": [34.24780691024829, 0.5453379176125169, 0.7951809946831135], "k_pid_yaw": [0.5, 1e-06, 0.1], "k_pid_hsp": [2.0577610737649206, 0.7337535186662939, 0.0], "k_pid_vsp": [70.43097434503231, 400.0, 1e-06]}, "datetime": {"datetime": "2025-08-21 09:44:34", "elapsed": 3590.76109623909, "delta": 25.206383228302002}, "costs": {"total_cost": 200.73475885854504, "time_cost": 76.784, "final_distance_cost": 1.7697627323724738, "oscillation_cost": 47.714738253612765, "completition_cost": 0.0, "overshoot_cost": 50.72346305131276, "power_cost": 12.394284106445314, "noise_cost": 11.348510714801696, "n_waypoints_completed": 9, "tot_waypoints": 9}}
{"target": -3264.326345021069, "params": {"k_pid_pos": [2.0, 0.41730595177372415, 1.0], "k_pid_alt": [2.0, 0.0, 0.5314551195050617], "k_pid_att": [0.0, 0.0001, 0.546589064715534], "k_pid_yaw": [0.5, 1e-06, 0.1], "k_pid_hsp": [1.6458305356539846, 0.2733447260607755, 0.0], "k_pid_vsp": [90.35985249963045, 400.0, 13.456647391156096]}, "datetime": {"datetime": "2025-08-21 09:45:01", "elapsed": 3617.891356945038, "delta": 27.130260705947876}, "costs": {"total_cost": 3264.326345021069, "time_cost": 150, "final_distance_cost": 675.251240641605, "oscillation_cost": 1.9120818106391462, "completition_cost": 888.8888888888888, "overshoot_cost": 1489.8352683422177, "power_cost": 35.393623974609376, "noise_cost": 23.045241363108588, "n_waypoints_completed": 1, "tot_waypoints": 9}}
{"target": -1371.2061900855763, "params": {"k_pid_pos": [1.849505325606625, 0.3190596507769394, 1.0], "k_pid_alt": [0.0, 0.0, 0.37373355185973667], "k_pid_att": [69.75159674962883, 1.900238696705417, 0.5117166120221311], "k_pid_yaw": [0.5, 1e-06, 0.1], "k_pid_hsp": [2.943908559172178, 0.47535860346332287, 0.0009481586093792377], "k_pid_vsp": [215.1906118224447, 389.40407597354357, 1e-06]}, "datetime": {"datetime": "2025-08-21 09:45:38", "elapsed": 3655.377205133438, "delta": 37.48584818840027}, "costs": {"total_cost": 1371.2061900855763, "time_cost": 150, "final_distance_cost": 1.0000000000637812, "oscillation_cost": 24.13239603371583, "completition_cost": 1000.0, "overshoot_cost": 135.81884160460436, "power_cost": 8.852684143066407, "noise_cost": 51.40226830412602, "n_waypoints_completed": 0, "tot_waypoints": 9}}
{"target": -183.01961782884607, "params": {"k_pid_pos": [1.032471260329492, 0.6758182014640237, 1.0], "k_pid_alt": [1.078217613949981, 0.02620032647205239, 0.009777125969032888], "k_pid_att": [55.233962509705, 1.968456581313329, 0.551501369795904], "k_pid_yaw": [0.5, 1e-06, 0.1], "k_pid_hsp": [2.2817497318008813, 0.26900421639864097, 0.0], "k_pid_vsp": [213.91415842808235, 301.062101471758, 1e-06]}, "datetime": {"datetime": "2025-08-21 09:46:05", "elapsed": 3681.464731693268, "delta": 26.087526559829712}, "costs": {"total_cost": 183.01961782884607, "time_cost": 76.368, "final_distance_cost": 1.7859521281259203, "oscillation_cost": 36.28187712657242, "completition_cost": 0.0, "overshoot_cost": 50.21836207490017, "power_cost": 8.54027138671875, "noise_cost": 9.825155112528806, "n_waypoints_completed": 9, "tot_waypoints": 9}}
{"target": -229.34306854580421, "params": {"k_pid_pos": [1.7635549999165985, 0.2805597157017732, 0.9299406458702935], "k_pid_alt": [2.0, 0.0, 0.17244120753691453], "k_pid_att": [43.204607450099466, 0.1004370853279375, 0.5514267178463234], "k_pid_yaw": [0.5, 1e-06, 0.1], "k_pid_hsp": [0.26887096782748454, 0.49137768499416645, 0.0], "k_pid_vsp": [209.52875943440094, 400.0, 15.461712713122585]}, "datetime": {"datetime": "2025-08-21 09:46:25", "elapsed": 3702.1856331825256, "delta": 20.720901489257812}, "costs": {"total_cost": 229.34306854580421, "time_cost": 77.28, "final_distance_cost": 1.8310839136791657, "oscillation_cost": 73.08440807010234, "completition_cost": 0.0, "overshoot_cost": 50.82079744460458, "power_cost": 14.169570800781251, "noise_cost": 12.157208316636895, "n_waypoints_completed": 9, "tot_waypoints": 9}}
{"target": -198.30619911733206, "params": {"k_pid_pos": [1.8222863484207377, 0.32443031294334634, 1.0], "k_pid_alt": [1.797263279687794, 0.0, 0.028955328699207295], "k_pid_att": [66.81860007704148, 2.004784989760223, 0.15852484546762477], "k_pid_yaw": [0.5, 1e-06, 0.1], "k_pid_hsp": [3.1251243307128376, 0.45632721185481584, 0.0], "k_pid_vsp": [142.44769071480957, 400.0, 20.947091390848687]}, "datetime": {"datetime": "2025-08-21 09:46:48", "elapsed": 3725.0130002498627, "delta": 22.827367067337036}, "costs": {"total_cost": 198.30619911733206, "time_cost": 69.544, "final_distance_cost": 1.8055406357003825, "oscillation_cost": 58.17945860827121, "completition_cost": 0.0, "overshoot_cost": 50.44179261057238, "power_cost": 9.712163024902344, "noise_cost": 8.623244237885768, "n_waypoints_completed": 9, "tot_waypoints": 9}}
{"target": -244.79742353335985, "params": {"k_pid_pos": [1.4411207595351117, 0.5724693034225158, 0.9354566223253679], "k_pid_alt": [1.7397446222037443, 0.06746738577316876, 0.18471358392543483], "k_pid_att": [30.667182259978414, 1.7022699718292396, 0.676843611479509], "k_pid_yaw": [0.5, 1e-06, 0.1], "k_pid_hsp": [1.1359926021144162, 0.4159358343879036, 0.0], "k_pid_vsp": [212.79780239890397, 259.0355810628421, 1e-06]}, "datetime": {"datetime": "2025-08-21 09:47:18", "elapsed": 3755.1415152549744, "delta": 30.128515005111694}, "costs": {"total_cost": 244.79742353335985, "time_cost": 99.328, "final_distance_cost": 1.7513841147657796, "oscillation_cost": 40.02749433314127, "completition_cost": 0.0, "overshoot_cost": 57.528717690926335, "power_cost": 26.18813114013672, "noise_cost": 19.97369625438973, "n_waypoints_completed": 9, "tot_waypoints": 9}}
{"target": -602.1746809324248, "params": {"k_pid_pos": [1.6488519386197442, 0.21814720464067253, 1.0], "k_pid_alt": [0.18686225307253634, 0.0, 0.0071091082173593], "k_pid_att": [48.542864905628115, 0.43292601936789765, 0.6938391234978966], "k_pid_yaw": [0.5, 1e-06, 0.1], "k_pid_hsp": [4.208824787982348, 0.4011138959071557, 0.0], "k_pid_vsp": [0.0, 234.72054989520595, 17.08936647476786]}, "datetime": {"datetime": "2025-08-21 09:47:44", "elapsed": 3780.894891023636, "delta": 25.7533757686615}, "costs": {"total_cost": 602.1746809324248, "time_cost": 150, "final_distance_cost": 71.58471180713525, "oscillation_cost": 73.80787239799257, "completition_cost": 222.2222222222222, "overshoot_cost": 46.43202314000206, "power_cost": 22.683189233398437, "noise_cost": 15.444662131674363, "n_waypoints_completed": 7, "tot_waypoints": 9}}
{"target": -205.68401444121562, "params": {"k_pid_pos": [1.3427787073418795, 0.8344395090054161, 0.1591061106074384], "k_pid_alt": [1.042813993922503, 0.007735635050454474, 0.04482308351379086], "k_pid_att": [53.02073118510197, 1.1942782568278496, 1.0], "k_pid_yaw": [0.5, 1e-06, 0.1], "k_pid_hsp": [1.9987383664968277, 0.0, 0.0], "k_pid_vsp": [150.56403735816852, 300.5304145800549, 1e-06]}, "datetime": {"datetime": "2025-08-21 09:48:09", "elapsed": 3806.1144256591797, "delta": 25.219534635543823}, "costs": {"total_cost": 205.68401444121562, "time_cost": 83.232, "final_distance_cost": 1.7701969034776346, "oscillation_cost": 38.179643389882756, "completition_cost": 0.0, "overshoot_cost": 54.04527635702259, "power_cost": 15.263663500976563, "noise_cost": 13.193234289856072, "n_waypoints_completed": 9, "tot_waypoints": 9}}
{"target": -590.3563422514928, "params": {"k_pid_pos": [1.5105708712662764, 0.6500843981468002, 0.38588363919348545], "k_pid_alt": [0.3054582140921849, 0.1617490472669222, 0.038087998427348745], "k_pid_att": [56.546899840849, 0.686800603450239, 0.7455383163451255], "k_pid_yaw": [0.5, 1e-06, 0.1], "k_pid_hsp": [2.115606926787383, 0.4934866407088249, 0.0], "k_pid_vsp": [31.49266864802455, 400.0, 18.940808048344493]}, "datetime": {"datetime": "2025-08-21 09:48:36", "elapsed": 3832.6736295223236, "delta": 26.55920386314392}, "costs": {"total_cost": 590.3563422514928, "time_cost": 150, "final_distance_cost": 70.29214260814655, "oscillation_cost": 56.408643909122034, "completition_cost": 222.2222222222222, "overshoot_cost": 46.226529650673264, "power_cost": 26.408881958007814, "noise_cost": 18.797921903321054, "n_waypoints_completed": 7, "tot_waypoints": 9}}
{"target": -732.3561995116999, "params": {"k_pid_pos": [1.7034444997526075, 0.677111406612173, 1.0], "k_pid_alt": [0.9297321344649055, 0.0, 0.08954301210765425], "k_pid_att": [60.4234914138246, 1.6478349958850647, 0.49678348937681466], "k_pid_yaw": [0.5, 1e-06, 0.1], "k_pid_hsp": [0.9489810230045618, 0.37396769863032125, 0.0], "k_pid_vsp": [147.38711782905787, 392.73890223349935, 1.4520288005758584]}, "datetime": {"datetime": "2025-08-21 09:49:04", "elapsed": 3860.863531589508, "delta": 28.18990206718445}, "costs": {"total_cost": 732.3561995116999, "time_cost": 150, "final_distance_cost": 54.42855355621592, "oscillation_cost": 34.89066936839145, "completition_cost": 333.33333333333337, "overshoot_cost": 83.0768129850392, "power_cost": 31.53078826904297, "noise_cost": 45.09604199967693, "n_waypoints_completed": 6, "tot_waypoints": 9}}
{"target": -452.4363609323424, "params": {"k_pid_pos": [1.3297281481004635, 0.6934099862720267, 0.8456503469150851], "k_pid_alt": [0.23784754451527976, 0.0, 0.0861306228211879], "k_pid_att": [55.378535401903356, 0.7137706281984378, 0.624149159420292], "k_pid_yaw": [0.5, 1e-06, 0.1], "k_pid_hsp": [0.6527056318742407, 0.23017935205532533, 0.0], "k_pid_vsp": [0.0, 144.9997023182393, 6.9997157718261365]}, "datetime": {"datetime": "2025-08-21 09:49:39", "elapsed": 3895.849079847336, "delta": 34.98554825782776}, "costs": {"total_cost": 452.4363609323424, "time_cost": 150, "final_distance_cost": 47.18271837830506, "oscillation_cost": 64.10806149378146, "completition_cost": 111.11111111111116, "overshoot_cost": 51.045743864939276, "power_cost": 16.51225791015625, "noise_cost": 12.476468174049161, "n_waypoints_completed": 8, "tot_waypoints": 9}}
{"target": -579.2732056264559, "params": {"k_pid_pos": [2.0, 0.9462054524466222, 0.42120574750168105], "k_pid_alt": [0.2647835080110461, 0.0, 0.0], "k_pid_att": [50.45277051926204, 2.8880700146711864, 0.6202589709816558], "k_pid_yaw": [0.5, 1e-06, 0.1], "k_pid_hsp": [1.7360575692011126, 0.23425535097720354, 0.0], "k_pid_vsp": [98.86811128685991, 221.43353267533266, 17.68302760430461]}, "datetime": {"datetime": "2025-08-21 09:50:06", "elapsed": 3922.708463191986, "delta": 26.85938334465027}, "costs": {"total_cost": 579.2732056264559, "time_cost": 150, "final_distance_cost": 63.43114383074834, "oscillation_cost": 55.4908930153499, "completition_cost": 222.2222222222222, "overshoot_cost": 50.840327234321485, "power_cost": 21.572271252441407, "noise_cost": 15.716348071372574, "n_waypoints_completed": 7, "tot_waypoints": 9}}
{"target": -232.0730145216834, "params": {"k_pid_pos": [0.2699690122218108, 0.6553969698282868, 1.0], "k_pid_alt": [1.05567608612052, 0.0, 0.05724650151215799], "k_pid_att": [49.601382079292925, 1.5953263013476722, 0.31874790325080715], "k_pid_yaw": [0.5, 1e-06, 0.1], "k_pid_hsp": [2.9594766722941634, 0.5050932450297076, 0.0], "k_pid_vsp": [205.67834066853035, 400.0, 1e-06]}, "datetime": {"datetime": "2025-08-21 09:50:38", "elapsed": 3955.3802297115326, "delta": 32.67176651954651}, "costs": {"total_cost": 232.0730145216834, "time_cost": 98.168, "final_distance_cost": 1.7896428767588313, "oscillation_cost": 47.93562765320807, "completition_cost": 0.0, "overshoot_cost": 54.88388732679584, "power_cost": 14.565662231445312, "noise_cost": 14.730194433475342, "n_waypoints_completed": 9, "tot_waypoints": 9}}
{"target": -202.24295278009888, "params": {"k_pid_pos": [2.0, 0.6385874727791133, 0.5320641399264907], "k_pid_alt": [1.2151361934548857, 0.0, 0.013786696688630917], "k_pid_att": [100.0, 1.8747217036684443, 0.522873642148069], "k_pid_yaw": [0.5, 1e-06, 0.1], "k_pid_hsp": [3.0357569097037547, 0.5405129177615645, 0.0], "k_pid_vsp": [238.80282679013814, 127.04552033024379, 10.312917480621515]}, "datetime": {"datetime": "2025-08-21 09:50:58", "elapsed": 3974.7688133716583, "delta": 19.388583660125732}, "costs": {"total_cost": 202.24295278009888, "time_cost": 74.12, "final_distance_cost": 1.7659804050778787, "oscillation_cost": 51.055961585336576, "completition_cost": 0.0, "overshoot_cost": 50.86503584989224, "power_cost": 12.912432751464845, "noise_cost": 11.52354218832732, "n_waypoints_completed": 9, "tot_waypoints": 9}}
{"target": -196.3726327150127, "params": {"k_pid_pos": [1.5781809903444872, 0.511550238555354, 0.8733917718635601], "k_pid_alt": [1.421756065040867, 0.010635379434330001, 0.07426848902671392], "k_pid_att": [32.53458949766631, 1.3785899835032147, 0.45824746956588763], "k_pid_yaw": [0.5, 1e-06, 0.1], "k_pid_hsp": [3.6420832493259527, 0.4794592939010857, 0.0], "k_pid_vsp": [181.3770497615652, 226.9453821681304, 22.35496976351963]}, "datetime": {"datetime": "2025-08-21 09:51:18", "elapsed": 3995.1615011692047, "delta": 20.392687797546387}, "costs": {"total_cost": 196.3726327150127, "time_cost": 74.696, "final_distance_cost": 1.8139773080924322, "oscillation_cost": 41.284260774454424, "completition_cost": 0.0, "overshoot_cost": 50.89170629117682, "power_cost": 15.062148791503907, "noise_cost": 12.624539549785139, "n_waypoints_completed": 9, "tot_waypoints": 9}}
{"target": -195.6728475923041, "params": {"k_pid_pos": [1.2431307842555708, 0.3975309212531557, 0.9355330609048952], "k_pid_alt": [1.3592902952970844, 0.0015622752254676419, 0.2186475398454517], "k_pid_att": [37.66402484383613, 2.5416974591604933, 0.8317923001405165], "k_pid_yaw": [0.5, 1e-06, 0.1], "k_pid_hsp": [2.520420655959008, 0.3558236781544593, 0.0], "k_pid_vsp": [80.2929058326734, 101.4706461160808, 13.757688525285664]}, "datetime": {"datetime": "2025-08-21 09:51:43", "elapsed": 4020.037552833557, "delta": 24.876051664352417}, "costs": {"total_cost": 195.6728475923041, "time_cost": 77.824, "final_distance_cost": 1.828708537912846, "oscillation_cost": 39.08430751865644, "completition_cost": 0.0, "overshoot_cost": 50.32430635297562, "power_cost": 14.604997277832032, "noise_cost": 12.006527904927161, "n_waypoints_completed": 9, "tot_waypoints": 9}}
