{"target": -166.60268534246512, "params": {"k_pid_pos": [1.7114037589292674, 0.008776711563025176, 0.8878342975331907], "k_pid_alt": [2.0, 0.0024643877953863624, 0.013896353680661873], "k_pid_att": [11.296462655354025, 0.20174565534840183, 0.3849837352919283], "k_pid_yaw": [0.5, 1e-06, 0.1], "k_pid_hsp": [0.12412051638064525, 0.02131643512867648, 0.0], "k_pid_vsp": [307.27747152510955, 291.93338263181744, 1.34129089571369]}, "datetime": {"datetime": "2025-08-21 18:41:23", "elapsed": 35799.81727409363, "delta": 15.658092498779297}, "costs": {"total_cost": 166.60268534246512, "time_cost": 68.84, "final_distance_cost": 1.838659945426448, "oscillation_cost": 29.355871978760494, "completition_cost": 0.0, "overshoot_cost": 49.40418804559265, "power_cost": 8.179200891113283, "noise_cost": 8.984764481572252, "n_waypoints_completed": 9, "tot_waypoints": 9}}
{"target": -168.09841610659672, "params": {"k_pid_pos": [1.666766626177016, 0.006545711346979197, 0.8911701110206877], "k_pid_alt": [1.9858625172237876, 0.0028751644528360516, 0.011386971524896409], "k_pid_att": [14.50177946903401, 0.16390772572124052, 0.3102894338095689], "k_pid_yaw": [0.5, 1e-06, 0.1], "k_pid_hsp": [0.1932861633862465, 0.015517314525939662, 0.0], "k_pid_vsp": [206.68597916760555, 266.03264985748376, 0.9219691220821553]}, "datetime": {"datetime": "2025-08-21 18:41:41", "elapsed": 35817.99887800217, "delta": 18.18160390853882}, "costs": {"total_cost": 168.09841610659672, "time_cost": 69.552, "final_distance_cost": 1.8426337962418438, "oscillation_cost": 27.921290267131724, "completition_cost": 0.0, "overshoot_cost": 49.57995861127666, "power_cost": 9.373124731445312, "noise_cost": 9.82940870050117, "n_waypoints_completed": 9, "tot_waypoints": 9}}
{"target": -167.93790522064577, "params": {"k_pid_pos": [1.4873525203133298, 0.00839583941287624, 0.9391377361909118], "k_pid_alt": [2.0, 0.0025497695449711827, 0.012779099061647517], "k_pid_att": [11.26554000621337, 0.1592245557930988, 0.3133932575031216], "k_pid_yaw": [0.5, 1e-06, 0.1], "k_pid_hsp": [0.09977883146680681, 0.01453807682478174, 0.0], "k_pid_vsp": [261.76605409514974, 260.767085316068, 0.9267442211205922]}, "datetime": {"datetime": "2025-08-21 18:41:57", "elapsed": 35834.160749435425, "delta": 16.161871433258057}, "costs": {"total_cost": 167.93790522064577, "time_cost": 69.84, "final_distance_cost": 1.848022645190057, "oscillation_cost": 27.493177612382567, "completition_cost": 0.0, "overshoot_cost": 50.327895466488926, "power_cost": 8.87536219482422, "noise_cost": 9.553447301760013, "n_waypoints_completed": 9, "tot_waypoints": 9}}
{"target": -176.17733260847297, "params": {"k_pid_pos": [1.4844919345880185, 0.007443083747689663, 0.8919285818978011], "k_pid_alt": [2.0, 0.0029502038024850456, 0.01245836311309999], "k_pid_att": [10.99634919449111, 0.15048878096121995, 0.35873801398381683], "k_pid_yaw": [0.5, 1e-06, 0.1], "k_pid_hsp": [0.15469241834190026, 0.01953893581526518, 0.0], "k_pid_vsp": [260.31103194596477, 240.21155565638568, 0.7597148877704513]}, "datetime": {"datetime": "2025-08-21 18:42:15", "elapsed": 35851.77991604805, "delta": 17.619166612625122}, "costs": {"total_cost": 176.17733260847297, "time_cost": 70.52, "final_distance_cost": 1.8397912402112897, "oscillation_cost": 27.406676712772352, "completition_cost": 0.0, "overshoot_cost": 50.05288627101759, "power_cost": 13.829293969726564, "noise_cost": 12.528684414745182, "n_waypoints_completed": 9, "tot_waypoints": 9}}
{"target": -172.3982461024842, "params": {"k_pid_pos": [1.6664857263123605, 0.006556681830868378, 0.9116363321469372], "k_pid_alt": [1.5273015821928215, 0.0030813425917529964, 0.009948659535661037], "k_pid_att": [12.301878882134238, 0.20987485621198973, 0.3644769810795166], "k_pid_yaw": [0.5, 1e-06, 0.1], "k_pid_hsp": [0.16841739901701128, 0.019805831176782984, 0.0], "k_pid_vsp": [315.08717974200755, 203.568012447572, 0.9857447827399545]}, "datetime": {"datetime": "2025-08-21 18:42:31", "elapsed": 35867.83025455475, "delta": 16.05033850669861}, "costs": {"total_cost": 172.3982461024842, "time_cost": 69.184, "final_distance_cost": 1.8376249564753202, "oscillation_cost": 28.843281664343653, "completition_cost": 0.0, "overshoot_cost": 49.815898728311595, "power_cost": 11.581703845214845, "noise_cost": 11.135736908138806, "n_waypoints_completed": 9, "tot_waypoints": 9}}
{"target": -176.3889381880541, "params": {"k_pid_pos": [2.0, 0.0042084959820158285, 0.7958385179560586], "k_pid_alt": [2.0, 0.002417965508355546, 0.012880413686465553], "k_pid_att": [10.497420858918384, 0.13477749785281706, 0.3431940649479035], "k_pid_yaw": [0.5, 1e-06, 0.1], "k_pid_hsp": [0.15414706788624855, 0.01885498172281663, 0.0], "k_pid_vsp": [308.95803873466645, 290.0875448938579, 1.2556468784818773]}, "datetime": {"datetime": "2025-08-21 18:42:47", "elapsed": 35884.1713283062, "delta": 16.341073751449585}, "costs": {"total_cost": 176.3889381880541, "time_cost": 69.408, "final_distance_cost": 1.8391776963832438, "oscillation_cost": 29.752826115525696, "completition_cost": 0.0, "overshoot_cost": 50.4049765250878, "power_cost": 13.206846789550783, "noise_cost": 11.777111061506588, "n_waypoints_completed": 9, "tot_waypoints": 9}}
{"target": -936.8435787810761, "params": {"k_pid_pos": [1.614541623465325, 0.008015102744101265, 1.0], "k_pid_alt": [2.0, 0.0023651184129299617, 0.0108404317281358], "k_pid_att": [11.741439883235218, 0.18886447305037843, 0.27408536773442144], "k_pid_yaw": [0.5, 1e-06, 0.1], "k_pid_hsp": [0.17362074712582456, 0.019438541568393454, 0.0], "k_pid_vsp": [316.8785663550331, 243.67928481072695, 1.20437102408264]}, "datetime": {"datetime": "2025-08-21 18:43:12", "elapsed": 35909.10901260376, "delta": 24.937684297561646}, "costs": {"total_cost": 936.8435787810761, "time_cost": 150, "final_distance_cost": 37.79045494682387, "oscillation_cost": 15.00778425442501, "completition_cost": 555.5555555555555, "overshoot_cost": 79.40509023238958, "power_cost": 30.461772875976564, "noise_cost": 68.62292091590554, "n_waypoints_completed": 4, "tot_waypoints": 9}}
{"target": -168.2415516693435, "params": {"k_pid_pos": [1.6627588230854056, 0.0075256600963943925, 0.9290408822758135], "k_pid_alt": [1.8327635351815121, 0.0018157977455359811, 0.010275788510479392], "k_pid_att": [13.64427175087694, 0.19734648231152804, 0.3432126667882867], "k_pid_yaw": [0.5, 1e-06, 0.1], "k_pid_hsp": [0.16238358526976682, 0.018819551150961466, 0.0], "k_pid_vsp": [236.9076127942907, 234.62838691707347, 0.9971724767622568]}, "datetime": {"datetime": "2025-08-21 18:43:29", "elapsed": 35925.8165409565, "delta": 16.707528352737427}, "costs": {"total_cost": 168.2415516693435, "time_cost": 69.328, "final_distance_cost": 1.8434715754273663, "oscillation_cost": 28.059082818387935, "completition_cost": 0.0, "overshoot_cost": 49.54983825581167, "power_cost": 9.599140698242188, "noise_cost": 9.862018321474336, "n_waypoints_completed": 9, "tot_waypoints": 9}}
{"target": -172.60144896008467, "params": {"k_pid_pos": [1.8758729423049523, 0.008961281908577746, 0.7061374754949691], "k_pid_alt": [2.0, 0.003649266856005435, 0.012301680095896833], "k_pid_att": [11.169027990850742, 0.15526908136314022, 0.3456910926772871], "k_pid_yaw": [0.5, 1e-06, 0.1], "k_pid_hsp": [0.14888561598327846, 0.017255114019051915, 0.0], "k_pid_vsp": [285.3164519280005, 242.01412513634946, 1.1183755104856365]}, "datetime": {"datetime": "2025-08-21 18:43:45", "elapsed": 35942.31154322624, "delta": 16.495002269744873}, "costs": {"total_cost": 172.60144896008467, "time_cost": 68.784, "final_distance_cost": 1.8173184739822714, "oscillation_cost": 30.0896732047096, "completition_cost": 0.0, "overshoot_cost": 49.82978626064832, "power_cost": 11.43969149169922, "noise_cost": 10.640979529045264, "n_waypoints_completed": 9, "tot_waypoints": 9}}
{"target": -184.08300589334442, "params": {"k_pid_pos": [1.6384293554063447, 0.006768365664154845, 0.5570604005437377], "k_pid_alt": [2.0, 0.002976682432961645, 0.010843455073192272], "k_pid_att": [11.466428465698753, 0.16043336921544812, 0.3016453851370086], "k_pid_yaw": [0.5, 1e-06, 0.1], "k_pid_hsp": [0.1304017029018306, 0.020408494260375196, 0.0], "k_pid_vsp": [257.22298585376876, 253.85340679678689, 1.17238518034113]}, "datetime": {"datetime": "2025-08-21 18:44:01", "elapsed": 35958.369735479355, "delta": 16.058192253112793}, "costs": {"total_cost": 184.08300589334442, "time_cost": 70.328, "final_distance_cost": 1.8143471537299494, "oscillation_cost": 30.916859105870483, "completition_cost": 0.0, "overshoot_cost": 51.49731220359841, "power_cost": 16.18438233642578, "noise_cost": 13.34210509371978, "n_waypoints_completed": 9, "tot_waypoints": 9}}
{"target": -168.94063031966948, "params": {"k_pid_pos": [1.4336938639710244, 0.006683364451281093, 0.8472673096015692], "k_pid_alt": [1.8584561475113641, 0.002812793539661592, 0.013077059695642608], "k_pid_att": [10.075862061989847, 0.15867891868672937, 0.2703266368395527], "k_pid_yaw": [0.5, 1e-06, 0.1], "k_pid_hsp": [0.1546407449904307, 0.02500478558573478, 0.0], "k_pid_vsp": [252.76196907691164, 292.7062982516897, 0.902485698995044]}, "datetime": {"datetime": "2025-08-21 18:44:20", "elapsed": 35977.20998835564, "delta": 18.84025287628174}, "costs": {"total_cost": 168.94063031966948, "time_cost": 69.984, "final_distance_cost": 1.8461351418240786, "oscillation_cost": 27.30420827852691, "completition_cost": 0.0, "overshoot_cost": 49.07885713217391, "power_cost": 10.273710559082032, "noise_cost": 10.453719208062578, "n_waypoints_completed": 9, "tot_waypoints": 9}}
{"target": -177.47909078616055, "params": {"k_pid_pos": [1.4528470870608292, 0.00694573515522907, 0.9830552310381181], "k_pid_alt": [2.0, 0.00376621890037738, 0.013116340865703723], "k_pid_att": [14.473848562142075, 0.18369642061393643, 0.37435774241492553], "k_pid_yaw": [0.5, 1e-06, 0.1], "k_pid_hsp": [0.18424501834254917, 0.014973546790570983, 0.0], "k_pid_vsp": [241.88089790459853, 282.1843675257367, 0.8630528173018365]}, "datetime": {"datetime": "2025-08-21 18:44:37", "elapsed": 35993.66506719589, "delta": 16.455078840255737}, "costs": {"total_cost": 177.47909078616055, "time_cost": 71.424, "final_distance_cost": 1.8419940287802306, "oscillation_cost": 27.75805202611415, "completition_cost": 0.0, "overshoot_cost": 50.51379462679034, "power_cost": 13.613354309082032, "noise_cost": 12.327895795393774, "n_waypoints_completed": 9, "tot_waypoints": 9}}
{"target": -178.1025987045597, "params": {"k_pid_pos": [1.4463273568527588, 0.00684359344498017, 0.9165644657714086], "k_pid_alt": [2.0, 0.0021083790552113204, 0.013713402307423475], "k_pid_att": [12.429887212783834, 0.17091758243277988, 0.2710904439078476], "k_pid_yaw": [0.5, 1e-06, 0.1], "k_pid_hsp": [0.15361706457703686, 0.016737205471093267, 0.0], "k_pid_vsp": [240.05429112614806, 278.4349713734278, 1.2999898034420188]}, "datetime": {"datetime": "2025-08-21 18:44:55", "elapsed": 36011.50587749481, "delta": 17.840810298919678}, "costs": {"total_cost": 178.1025987045597, "time_cost": 71.112, "final_distance_cost": 1.841129083423765, "oscillation_cost": 27.646155232759117, "completition_cost": 0.0, "overshoot_cost": 50.9714121676044, "power_cost": 14.049084484863283, "noise_cost": 12.482817735909157, "n_waypoints_completed": 9, "tot_waypoints": 9}}
{"target": -168.50129861342546, "params": {"k_pid_pos": [1.4067345316604742, 0.011708675208541831, 1.0], "k_pid_alt": [1.8230164535020197, 0.0031552943828499712, 0.012736296004941772], "k_pid_att": [11.587592277075387, 0.18758467004725046, 0.3031946700635393], "k_pid_yaw": [0.5, 1e-06, 0.1], "k_pid_hsp": [0.19395507358543762, 0.01629319297345013, 0.0], "k_pid_vsp": [333.1000090101873, 248.71989510797266, 1.2408856881166415]}, "datetime": {"datetime": "2025-08-21 18:45:13", "elapsed": 36030.43931245804, "delta": 18.93343496322632}, "costs": {"total_cost": 168.50129861342546, "time_cost": 71.312, "final_distance_cost": 1.847150182710653, "oscillation_cost": 27.262731653504247, "completition_cost": 0.0, "overshoot_cost": 49.96030848403493, "power_cost": 8.384603881835938, "noise_cost": 9.734504411339687, "n_waypoints_completed": 9, "tot_waypoints": 9}}
{"target": -173.00935440940748, "params": {"k_pid_pos": [1.6950216349489924, 0.007369146149223502, 0.9942520663188829], "k_pid_alt": [2.0, 0.0025501002917213147, 0.012234243702627892], "k_pid_att": [8.570625243616165, 0.1433417846539697, 0.2919224639817861], "k_pid_yaw": [0.5, 1e-06, 0.1], "k_pid_hsp": [0.15270430768983537, 0.014671765332726168, 0.0], "k_pid_vsp": [198.83029646333034, 256.89228141148755, 0.9550922939389567]}, "datetime": {"datetime": "2025-08-21 18:45:32", "elapsed": 36049.244689941406, "delta": 18.80537748336792}, "costs": {"total_cost": 173.00935440940748, "time_cost": 70.176, "final_distance_cost": 1.8399536730601693, "oscillation_cost": 27.026968456259137, "completition_cost": 0.0, "overshoot_cost": 50.840509344638505, "power_cost": 11.889576550292968, "noise_cost": 11.236346385156713, "n_waypoints_completed": 9, "tot_waypoints": 9}}
{"target": -168.6776462640463, "params": {"k_pid_pos": [1.5686582480876712, 0.0072497320513443255, 1.0], "k_pid_alt": [1.7197694932299614, 0.0021542184143185272, 0.014103385587796417], "k_pid_att": [11.213866422814592, 0.16295150390573987, 0.34309900217383166], "k_pid_yaw": [0.5, 1e-06, 0.1], "k_pid_hsp": [0.18484028032847935, 0.019563070138456953, 0.0], "k_pid_vsp": [229.01553583325162, 283.97711093554784, 0.7969706908719708]}, "datetime": {"datetime": "2025-08-21 18:45:51", "elapsed": 36068.12806034088, "delta": 18.883370399475098}, "costs": {"total_cost": 168.6776462640463, "time_cost": 69.72, "final_distance_cost": 1.853224380155961, "oscillation_cost": 28.06880492122128, "completition_cost": 0.0, "overshoot_cost": 49.731788316071814, "power_cost": 9.340308605957032, "noise_cost": 9.96352004064021, "n_waypoints_completed": 9, "tot_waypoints": 9}}
{"target": -179.51304504488456, "params": {"k_pid_pos": [1.8939066852446256, 0.007480966942433141, 0.6805063595799589], "k_pid_alt": [1.8648503920210047, 0.0019351483626318812, 0.010985523250139843], "k_pid_att": [10.42093335613997, 0.17189855600547735, 0.3681922254321583], "k_pid_yaw": [0.5, 1e-06, 0.1], "k_pid_hsp": [0.12094578608099911, 0.018892960717369733, 0.0], "k_pid_vsp": [255.93045679299817, 314.4814910206689, 1.0029685989487847]}, "datetime": {"datetime": "2025-08-21 18:46:08", "elapsed": 36085.06751179695, "delta": 16.939451456069946}, "costs": {"total_cost": 179.51304504488456, "time_cost": 69.808, "final_distance_cost": 1.824764497376901, "oscillation_cost": 30.314415814356384, "completition_cost": 0.0, "overshoot_cost": 51.29091631701227, "power_cost": 14.182424157714845, "noise_cost": 12.092524258424154, "n_waypoints_completed": 9, "tot_waypoints": 9}}
{"target": -181.7771348914441, "params": {"k_pid_pos": [1.7315212708185268, 0.006452167258733365, 0.9472715662645094], "k_pid_alt": [1.8178013285386532, 0.003072543591376087, 0.014489359494552698], "k_pid_att": [8.664853898062168, 0.18573258251064004, 0.34432975696828877], "k_pid_yaw": [0.5, 1e-06, 0.1], "k_pid_hsp": [0.17047610326808837, 0.023216919796137585, 0.0], "k_pid_vsp": [273.8611482337277, 267.5160300849875, 1.2540657330574947]}, "datetime": {"datetime": "2025-08-21 18:46:25", "elapsed": 36102.300810575485, "delta": 17.233298778533936}, "costs": {"total_cost": 181.7771348914441, "time_cost": 70.288, "final_distance_cost": 1.841129607405236, "oscillation_cost": 28.55564017432978, "completition_cost": 0.0, "overshoot_cost": 51.064704960219416, "power_cost": 16.514523779296876, "noise_cost": 13.513136370192786, "n_waypoints_completed": 9, "tot_waypoints": 9}}
{"target": -174.69673482012493, "params": {"k_pid_pos": [1.3242913729385177, 0.005879842494648486, 1.0], "k_pid_alt": [2.0, 0.0025892414514363513, 0.015481028398979335], "k_pid_att": [11.370439625236154, 0.1864394008374098, 0.26005039877794767], "k_pid_yaw": [0.5, 1e-06, 0.1], "k_pid_hsp": [0.1253280383471214, 0.01861273118569409, 0.0], "k_pid_vsp": [247.81592647596287, 266.19569504947634, 1.2528012429616882]}, "datetime": {"datetime": "2025-08-21 18:46:42", "elapsed": 36118.641362667084, "delta": 16.34055209159851}, "costs": {"total_cost": 174.69673482012493, "time_cost": 71.568, "final_distance_cost": 1.8571728052057965, "oscillation_cost": 26.58316792474108, "completition_cost": 0.0, "overshoot_cost": 50.39891510010992, "power_cost": 12.424991235351563, "noise_cost": 11.864487754716569, "n_waypoints_completed": 9, "tot_waypoints": 9}}
{"target": -178.75726069080673, "params": {"k_pid_pos": [1.7228559290058494, 0.0059033527973451445, 1.0], "k_pid_alt": [1.9582593748214512, 0.002702930924338157, 0.010302235042346026], "k_pid_att": [9.335369060083128, 0.16938650528445245, 0.31027852531997674], "k_pid_yaw": [0.5, 1e-06, 0.1], "k_pid_hsp": [0.19771770510907483, 0.015713568237487735, 0.0], "k_pid_vsp": [240.71521462666684, 286.9663387001583, 1.2873665631406015]}, "datetime": {"datetime": "2025-08-21 18:46:59", "elapsed": 36136.27485918999, "delta": 17.633496522903442}, "costs": {"total_cost": 178.75726069080673, "time_cost": 70.024, "final_distance_cost": 1.842488644201785, "oscillation_cost": 28.778428383635084, "completition_cost": 0.0, "overshoot_cost": 50.64548134718298, "power_cost": 14.640687548828126, "noise_cost": 12.826174766958786, "n_waypoints_completed": 9, "tot_waypoints": 9}}
{"target": -168.21698147240232, "params": {"k_pid_pos": [1.4214130512731158, 0.006641129075015907, 0.9551482198128639], "k_pid_alt": [1.828921086688131, 0.002354568290750562, 0.012479395562356383], "k_pid_att": [10.42936978140239, 0.16628952674483374, 0.3043014809617801], "k_pid_yaw": [0.5, 1e-06, 0.1], "k_pid_hsp": [0.1836554828858662, 0.0186229847768065, 0.0], "k_pid_vsp": [308.8097794681936, 213.04849567585973, 1.4134900375439867]}, "datetime": {"datetime": "2025-08-21 18:47:15", "elapsed": 36152.3727517128, "delta": 16.09789252281189}, "costs": {"total_cost": 168.21698147240232, "time_cost": 70.496, "final_distance_cost": 1.8546434133358163, "oscillation_cost": 26.87152612466923, "completition_cost": 0.0, "overshoot_cost": 49.51995002794145, "power_cost": 9.351530725097657, "noise_cost": 10.123331181358154, "n_waypoints_completed": 9, "tot_waypoints": 9}}
{"target": -177.24712615978487, "params": {"k_pid_pos": [2.0, 0.00786360451546342, 1.0], "k_pid_alt": [1.8630643467427443, 0.0026722826807754466, 0.016634162998102386], "k_pid_att": [12.25011279411874, 0.18637653015875796, 0.3142769200011542], "k_pid_yaw": [0.5, 1e-06, 0.1], "k_pid_hsp": [0.14025555410596993, 0.022147109848510677, 0.0], "k_pid_vsp": [279.1326959070311, 302.74221514924335, 1.3612587166809125]}, "datetime": {"datetime": "2025-08-21 18:47:33", "elapsed": 36169.76032090187, "delta": 17.387569189071655}, "costs": {"total_cost": 177.24712615978487, "time_cost": 69.864, "final_distance_cost": 1.8305414948259124, "oscillation_cost": 28.963830203805117, "completition_cost": 0.0, "overshoot_cost": 50.79282530572551, "power_cost": 13.676907678222657, "noise_cost": 12.119021477205667, "n_waypoints_completed": 9, "tot_waypoints": 9}}
{"target": -179.40204625323375, "params": {"k_pid_pos": [1.5511230585455535, 0.006222015629804382, 0.7744010500703031], "k_pid_alt": [2.0, 0.003123988542824984, 0.010509022286614345], "k_pid_att": [15.555184153616059, 0.17264205389569998, 0.26392700503176036], "k_pid_yaw": [0.5, 1e-06, 0.1], "k_pid_hsp": [0.1622132546273408, 0.014309686788269571, 0.0], "k_pid_vsp": [233.31714770626215, 112.61679398270792, 1.4148767248738174]}, "datetime": {"datetime": "2025-08-21 18:47:49", "elapsed": 36185.75359725952, "delta": 15.993276357650757}, "costs": {"total_cost": 179.40204625323375, "time_cost": 70.512, "final_distance_cost": 1.8374346101373422, "oscillation_cost": 28.11955481972985, "completition_cost": 0.0, "overshoot_cost": 51.07366562458234, "power_cost": 14.954339965820314, "noise_cost": 12.90505123296393, "n_waypoints_completed": 9, "tot_waypoints": 9}}
{"target": -168.76655750547735, "params": {"k_pid_pos": [1.9145978408250024, 0.002433443908764149, 0.7646136179607207], "k_pid_alt": [1.8736887648871885, 0.003185919194767059, 0.012927347334567288], "k_pid_att": [8.18950464298245, 0.17633301463236586, 0.2616726458268431], "k_pid_yaw": [0.5, 1e-06, 0.1], "k_pid_hsp": [0.15713445739622267, 0.016485065418001776, 0.0], "k_pid_vsp": [302.93282705013036, 278.11712012897596, 0.9978243656200161]}, "datetime": {"datetime": "2025-08-21 18:48:06", "elapsed": 36203.41833734512, "delta": 17.664740085601807}, "costs": {"total_cost": 168.76655750547735, "time_cost": 68.408, "final_distance_cost": 1.822107993682779, "oscillation_cost": 30.537196846058006, "completition_cost": 0.0, "overshoot_cost": 49.520476712226, "power_cost": 9.011196276855468, "noise_cost": 9.467579676655099, "n_waypoints_completed": 9, "tot_waypoints": 9}}
{"target": -173.3840837648129, "params": {"k_pid_pos": [1.6156990692323383, 0.006455190790044749, 1.0], "k_pid_alt": [2.0, 0.0027543785500098185, 0.013208939188826862], "k_pid_att": [10.775146513769636, 0.16965007106410088, 0.36057466684451045], "k_pid_yaw": [0.5, 1e-06, 0.1], "k_pid_hsp": [0.18081859167807138, 0.021713401631702062, 0.0], "k_pid_vsp": [258.22026986821396, 263.40750190902673, 1.0515905000658596]}, "datetime": {"datetime": "2025-08-21 18:48:23", "elapsed": 36220.27577137947, "delta": 16.857434034347534}, "costs": {"total_cost": 173.3840837648129, "time_cost": 70.12, "final_distance_cost": 1.8502412906920194, "oscillation_cost": 27.523840174453394, "completition_cost": 0.0, "overshoot_cost": 50.35223005660915, "power_cost": 12.018774096679689, "noise_cost": 11.518998146378642, "n_waypoints_completed": 9, "tot_waypoints": 9}}
