{"target": -174.78711596796256, "params": {"k_pid_pos": [1.8790684483449318, 0.13272600781273813, 0.5833900409164195], "k_pid_alt": [2.0, 0.012349302210930538, 0.07696581200242023], "k_pid_att": [40.72038474738555, 0.2598253328516045, 0.40179603334666725], "k_pid_yaw": [0.5, 1e-06, 0.1], "k_pid_hsp": [0.5575885216544606, 0.06959783828706288, 0.0], "k_pid_vsp": [305.22101124871773, 158.13786755153342, 1e-06]}, "datetime": {"datetime": "2025-08-21 12:13:15", "elapsed": 12512.149881124496, "delta": 16.011731147766113}, "costs": {"total_cost": 174.78711596796256, "time_cost": 69.0, "final_distance_cost": 1.815717947906136, "oscillation_cost": 31.879475770214228, "completition_cost": 0.0, "overshoot_cost": 50.53539359458725, "power_cost": 10.882523278808595, "noise_cost": 10.674005376446349, "n_waypoints_completed": 9, "tot_waypoints": 9}}
{"target": -180.54990734855835, "params": {"k_pid_pos": [1.4025599253419347, 0.07978372544594768, 0.38971798452152306], "k_pid_alt": [1.5378711862580337, 0.012460756442615647, 0.12491398884241918], "k_pid_att": [61.4031569933456, 0.323981794857753, 0.7946174989991599], "k_pid_yaw": [0.5, 1e-06, 0.1], "k_pid_hsp": [0.6630955499366727, 0.06194252269048855, 0.0], "k_pid_vsp": [283.95899068425024, 283.1192974769015, 1.2400898264168332]}, "datetime": {"datetime": "2025-08-21 12:13:32", "elapsed": 12528.515491962433, "delta": 16.3656108379364}, "costs": {"total_cost": 180.54990734855835, "time_cost": 69.904, "final_distance_cost": 1.8346192429010069, "oscillation_cost": 31.634105108554543, "completition_cost": 0.0, "overshoot_cost": 50.064359221418854, "power_cost": 14.563732678222657, "noise_cost": 12.549091097461263, "n_waypoints_completed": 9, "tot_waypoints": 9}}
{"target": -174.77376302643947, "params": {"k_pid_pos": [1.7748437790514233, 0.14130176159161975, 0.4821782852921288], "k_pid_alt": [1.360272467917224, 0.007606916102717504, 0.027031728902388297], "k_pid_att": [41.90984452800226, 0.28310153066560934, 0.6389388872010843], "k_pid_yaw": [0.5, 1e-06, 0.1], "k_pid_hsp": [0.6088461435156147, 0.0640222924769464, 0.0], "k_pid_vsp": [381.3341959469651, 248.27712703971542, 3.546026468309426]}, "datetime": {"datetime": "2025-08-21 12:13:48", "elapsed": 12544.573566436768, "delta": 16.058074474334717}, "costs": {"total_cost": 174.77376302643947, "time_cost": 68.792, "final_distance_cost": 1.8135907261333895, "oscillation_cost": 32.324566469463626, "completition_cost": 0.0, "overshoot_cost": 49.74103522336957, "power_cost": 11.390018798828125, "noise_cost": 10.712551808644736, "n_waypoints_completed": 9, "tot_waypoints": 9}}
{"target": -184.53508663187702, "params": {"k_pid_pos": [0.7742634437787942, 0.08494066099367646, 0.45711298063860006], "k_pid_alt": [2.0, 0.004626563624712479, 0.06331972412801236], "k_pid_att": [46.11158954840149, 0.24077095926618372, 0.9551402929258047], "k_pid_yaw": [0.5, 1e-06, 0.1], "k_pid_hsp": [0.43685781335608964, 0.08292108386264131, 0.0], "k_pid_vsp": [93.55164732575888, 93.21742464743618, 4.406289543699791]}, "datetime": {"datetime": "2025-08-21 12:14:05", "elapsed": 12562.131378412247, "delta": 17.557811975479126}, "costs": {"total_cost": 184.53508663187702, "time_cost": 75.96000000000001, "final_distance_cost": 1.8473187745852355, "oscillation_cost": 29.200211970634363, "completition_cost": 0.0, "overshoot_cost": 51.29764047491546, "power_cost": 13.664177941894533, "noise_cost": 12.565737469847418, "n_waypoints_completed": 9, "tot_waypoints": 9}}
{"target": -713.6473597774096, "params": {"k_pid_pos": [0.8188632255801487, 0.047895242439705686, 0.6345306692314033], "k_pid_alt": [1.6745159147649717, 0.009883734777657778, 0.03555546958143791], "k_pid_att": [35.46356507291028, 0.2319716251188382, 0.8008072983904929], "k_pid_yaw": [0.5, 1e-06, 0.1], "k_pid_hsp": [0.015265773453712753, 0.06408740664605315, 0.0], "k_pid_vsp": [211.28151741596147, 78.51159163658821, 5.185051144424612]}, "datetime": {"datetime": "2025-08-21 12:14:28", "elapsed": 12585.292124509811, "delta": 23.160746097564697}, "costs": {"total_cost": 713.6473597774096, "time_cost": 150, "final_distance_cost": 70.3083908416946, "oscillation_cost": 69.26242914855986, "completition_cost": 333.33333333333337, "overshoot_cost": 50.15289367202596, "power_cost": 23.139798681640627, "noise_cost": 17.45051410015523, "n_waypoints_completed": 6, "tot_waypoints": 9}}
{"target": -177.51821577357794, "params": {"k_pid_pos": [1.1619783529123218, 0.13650516674182223, 0.0], "k_pid_alt": [1.3316348429707274, 0.007919303409963586, 0.07961138649396764], "k_pid_att": [55.509344825869704, 0.3103352421490505, 0.5996204822687263], "k_pid_yaw": [0.5, 1e-06, 0.1], "k_pid_hsp": [0.32515439480092223, 0.07079122515235244, 0.0], "k_pid_vsp": [315.4129594729582, 239.48886857751071, 1.9251632334079776]}, "datetime": {"datetime": "2025-08-21 12:14:45", "elapsed": 12601.731270074844, "delta": 16.43914556503296}, "costs": {"total_cost": 177.51821577357794, "time_cost": 70.792, "final_distance_cost": 1.8097461655396838, "oscillation_cost": 33.810509679119264, "completition_cost": 0.0, "overshoot_cost": 49.7120519551376, "power_cost": 10.935251098632813, "noise_cost": 10.458656875148561, "n_waypoints_completed": 9, "tot_waypoints": 9}}
{"target": -188.18050851788115, "params": {"k_pid_pos": [1.7583694179233056, 0.12226501612728298, 0.8223164157513426], "k_pid_alt": [0.4276447268579731, 0.009338106675499825, 0.07114273183950454], "k_pid_att": [51.808189329885685, 0.11881824753966432, 0.9414106144007204], "k_pid_yaw": [0.5, 1e-06, 0.1], "k_pid_hsp": [1.0755619249228106, 0.09414861718013294, 0.0], "k_pid_vsp": [35.21412853996471, 212.45057479063436, 1.524463557682078]}, "datetime": {"datetime": "2025-08-21 12:15:02", "elapsed": 12619.403900384903, "delta": 17.672630310058594}, "costs": {"total_cost": 188.18050851788115, "time_cost": 77.04, "final_distance_cost": 1.8447763690754566, "oscillation_cost": 38.08992457108268, "completition_cost": 0.0, "overshoot_cost": 49.73102090128693, "power_cost": 11.000543237304688, "noise_cost": 10.474243439131355, "n_waypoints_completed": 9, "tot_waypoints": 9}}
{"target": -207.63820441959462, "params": {"k_pid_pos": [0.49028210625657476, 0.14942321678335277, 0.778425516823461], "k_pid_alt": [0.9848709222952713, 0.0, 0.06291050304849485], "k_pid_att": [42.727078413133846, 0.10083394936352082, 0.4335511086631609], "k_pid_yaw": [0.5, 1e-06, 0.1], "k_pid_hsp": [0.662567522611149, 0.04235825049177424, 0.0], "k_pid_vsp": [316.6032967429995, 222.93025420068923, 4.019857235199898]}, "datetime": {"datetime": "2025-08-21 12:15:25", "elapsed": 12641.688894033432, "delta": 22.284993648529053}, "costs": {"total_cost": 207.63820441959462, "time_cost": 97.808, "final_distance_cost": 1.8469503258957185, "oscillation_cost": 24.276716593801492, "completition_cost": 0.0, "overshoot_cost": 54.152115284979985, "power_cost": 14.232137609863281, "noise_cost": 15.322284605054117, "n_waypoints_completed": 9, "tot_waypoints": 9}}
{"target": -173.6468894053729, "params": {"k_pid_pos": [1.2041671154779898, 0.14726251403572108, 0.6598003307397843], "k_pid_alt": [1.6527258257216122, 0.006386449426719343, 0.07907265310830144], "k_pid_att": [46.41714746113983, 0.2418480699022756, 1.0], "k_pid_yaw": [0.5, 1e-06, 0.1], "k_pid_hsp": [0.5769053984928603, 0.045152543048399364, 0.0], "k_pid_vsp": [324.1199711880508, 155.05780544674178, 2.2131944981040497]}, "datetime": {"datetime": "2025-08-21 12:15:41", "elapsed": 12658.033913373947, "delta": 16.345019340515137}, "costs": {"total_cost": 173.6468894053729, "time_cost": 71.0, "final_distance_cost": 1.8248706984424121, "oscillation_cost": 29.17472105320652, "completition_cost": 0.0, "overshoot_cost": 50.81580011537614, "power_cost": 10.209257470703125, "noise_cost": 10.622240067644674, "n_waypoints_completed": 9, "tot_waypoints": 9}}
{"target": -176.8371506112572, "params": {"k_pid_pos": [2.0, 0.11031946137837549, 0.6904247366784486], "k_pid_alt": [0.867243075048291, 0.010919123152736007, 0.07258327273647298], "k_pid_att": [36.89004005932429, 0.12403574452896023, 0.6513410595515974], "k_pid_yaw": [0.5, 1e-06, 0.1], "k_pid_hsp": [0.5131537200058731, 0.04833601635905483, 0.0], "k_pid_vsp": [254.23396900426624, 204.04836361466187, 1.083117964709353]}, "datetime": {"datetime": "2025-08-21 12:15:58", "elapsed": 12674.566998958588, "delta": 16.533085584640503}, "costs": {"total_cost": 176.8371506112572, "time_cost": 69.408, "final_distance_cost": 1.7855972769966504, "oscillation_cost": 31.697447089712806, "completition_cost": 0.0, "overshoot_cost": 49.95417365976014, "power_cost": 12.548314709472656, "noise_cost": 11.443617875314905, "n_waypoints_completed": 9, "tot_waypoints": 9}}
{"target": -170.81459024295782, "params": {"k_pid_pos": [2.0, 0.1340301320729921, 0.9995483287366481], "k_pid_alt": [1.2409964908708029, 0.010302383139276042, 0.1063745011582387], "k_pid_att": [48.82700167013069, 0.17553920437752782, 1.0], "k_pid_yaw": [0.5, 1e-06, 0.1], "k_pid_hsp": [0.5861928761618893, 0.02831520259744239, 0.0], "k_pid_vsp": [313.51793265462925, 119.60023214585472, 5.498696660493937]}, "datetime": {"datetime": "2025-08-21 12:16:14", "elapsed": 12690.927599668503, "delta": 16.36060070991516}, "costs": {"total_cost": 170.81459024295782, "time_cost": 69.176, "final_distance_cost": 1.8278839741838135, "oscillation_cost": 32.641940018013614, "completition_cost": 0.0, "overshoot_cost": 49.60761658596294, "power_cost": 8.365454321289063, "noise_cost": 9.195695343508381, "n_waypoints_completed": 9, "tot_waypoints": 9}}
{"target": -172.60466127758713, "params": {"k_pid_pos": [1.308556264523483, 0.1372263191239569, 0.4334352784489853], "k_pid_alt": [1.2740236655084614, 0.005578679793909482, 0.1190254560162219], "k_pid_att": [67.3747087895663, 0.2447348935558038, 1.0], "k_pid_yaw": [0.5, 1e-06, 0.1], "k_pid_hsp": [0.7111299008248926, 0.03126797719262786, 0.0], "k_pid_vsp": [336.51482465698683, 193.4261713442937, 2.0658774394061115]}, "datetime": {"datetime": "2025-08-21 12:16:30", "elapsed": 12706.687465906143, "delta": 15.75986623764038}, "costs": {"total_cost": 172.60466127758713, "time_cost": 69.792, "final_distance_cost": 1.8316347365056158, "oscillation_cost": 32.46345324905598, "completition_cost": 0.0, "overshoot_cost": 49.623969535246026, "power_cost": 9.037279785156251, "noise_cost": 9.856323971623267, "n_waypoints_completed": 9, "tot_waypoints": 9}}
{"target": -176.34778046888454, "params": {"k_pid_pos": [1.269242310620384, 0.06555748318412953, 0.5276679623276471], "k_pid_alt": [1.763065847810272, 0.00940836365718721, 0.10867060869526506], "k_pid_att": [61.09133116723843, 0.15799256242998286, 1.0], "k_pid_yaw": [0.5, 1e-06, 0.1], "k_pid_hsp": [0.12628584578678426, 0.04049038224242047, 0.0], "k_pid_vsp": [280.39774695147764, 194.5957567294362, 4.080728798561563]}, "datetime": {"datetime": "2025-08-21 12:16:46", "elapsed": 12722.964555740356, "delta": 16.277089834213257}, "costs": {"total_cost": 176.34778046888454, "time_cost": 70.208, "final_distance_cost": 1.8458216190104735, "oscillation_cost": 29.718725698940492, "completition_cost": 0.0, "overshoot_cost": 50.32262402835285, "power_cost": 12.66049833984375, "noise_cost": 11.592110782737008, "n_waypoints_completed": 9, "tot_waypoints": 9}}
{"target": -180.91060554027712, "params": {"k_pid_pos": [1.2415022762181644, 0.19095348523281816, 0.7571357660257031], "k_pid_alt": [1.7300613391260475, 0.002625346461842986, 0.09022534084964025], "k_pid_att": [29.944169164335005, 0.07057414178981278, 0.004142187210247172], "k_pid_yaw": [0.5, 1e-06, 0.1], "k_pid_hsp": [0.23572682551417776, 0.07729779056920105, 0.0], "k_pid_vsp": [194.12926288476015, 303.0665522966797, 2.9174570710881604]}, "datetime": {"datetime": "2025-08-21 12:17:02", "elapsed": 12739.191149711609, "delta": 16.22659397125244}, "costs": {"total_cost": 180.91060554027712, "time_cost": 71.152, "final_distance_cost": 1.842514385087492, "oscillation_cost": 36.354938389409675, "completition_cost": 0.0, "overshoot_cost": 49.64529796542287, "power_cost": 11.06094002685547, "noise_cost": 10.854914773501607, "n_waypoints_completed": 9, "tot_waypoints": 9}}
{"target": -181.41918949373874, "params": {"k_pid_pos": [1.5371545756532685, 0.14048825175624502, 0.34292723275187864], "k_pid_alt": [1.1787629702981128, 0.002922096485717691, 0.06411655558586221], "k_pid_att": [86.03504388064569, 0.14024725693012152, 0.9729560916262735], "k_pid_yaw": [0.5, 1e-06, 0.1], "k_pid_hsp": [0.6137037287062866, 0.05509517846635093, 0.0], "k_pid_vsp": [323.3133482344963, 343.40215469921054, 2.955979051078131]}, "datetime": {"datetime": "2025-08-21 12:17:18", "elapsed": 12755.137736320496, "delta": 15.946586608886719}, "costs": {"total_cost": 181.41918949373874, "time_cost": 69.632, "final_distance_cost": 1.782271271998408, "oscillation_cost": 33.60182837853358, "completition_cost": 0.0, "overshoot_cost": 50.05602735123132, "power_cost": 14.106888159179688, "noise_cost": 12.24017433279577, "n_waypoints_completed": 9, "tot_waypoints": 9}}
{"target": -178.10359453099522, "params": {"k_pid_pos": [2.0, 0.09186059085297232, 0.4191255140604016], "k_pid_alt": [1.6051669660315457, 0.01165175923260342, 0.055600452205841595], "k_pid_att": [60.390018305835326, 0.19770415170249991, 0.7497665936848422], "k_pid_yaw": [0.5, 1e-06, 0.1], "k_pid_hsp": [0.5389783780766231, 0.043923105490887675, 0.0], "k_pid_vsp": [195.06248611906616, 222.72515852645893, 6.28147281504247]}, "datetime": {"datetime": "2025-08-21 12:17:34", "elapsed": 12771.279982566833, "delta": 16.14224624633789}, "costs": {"total_cost": 178.10359453099522, "time_cost": 68.984, "final_distance_cost": 1.7660588675419788, "oscillation_cost": 31.478755746534258, "completition_cost": 0.0, "overshoot_cost": 50.8360779478083, "power_cost": 13.363092724609375, "noise_cost": 11.675609244501322, "n_waypoints_completed": 9, "tot_waypoints": 9}}
{"target": -172.79017834253264, "params": {"k_pid_pos": [1.482287226854379, 0.16621294564256248, 0.7433733741752536], "k_pid_alt": [2.0, 0.0042450176538786485, 0.04795283322701103], "k_pid_att": [59.45668489263292, 0.16496536373048304, 0.9623808278804279], "k_pid_yaw": [0.5, 1e-06, 0.1], "k_pid_hsp": [0.8031083264824773, 0.08581476359432376, 0.0], "k_pid_vsp": [248.48077066682046, 202.25772392389777, 5.073054793101787]}, "datetime": {"datetime": "2025-08-21 12:17:50", "elapsed": 12786.788182497025, "delta": 15.50819993019104}, "costs": {"total_cost": 172.79017834253264, "time_cost": 69.464, "final_distance_cost": 1.830380407612064, "oscillation_cost": 34.09047946590244, "completition_cost": 0.0, "overshoot_cost": 49.99590075233853, "power_cost": 8.248098449707031, "noise_cost": 9.161319266972558, "n_waypoints_completed": 9, "tot_waypoints": 9}}
{"target": -171.63290898028052, "params": {"k_pid_pos": [2.0, 0.08347717563707178, 0.6923477133090783], "k_pid_alt": [2.0, 0.010622337198856342, 0.08439469538340229], "k_pid_att": [32.45742344666044, 0.18525331694436578, 0.7361088501256362], "k_pid_yaw": [0.5, 1e-06, 0.1], "k_pid_hsp": [0.4280665091362286, 0.09057021530069291, 0.0], "k_pid_vsp": [157.09138436665214, 208.1153736775698, 4.156574809270898]}, "datetime": {"datetime": "2025-08-21 12:18:06", "elapsed": 12802.896222114563, "delta": 16.108039617538452}, "costs": {"total_cost": 171.63290898028052, "time_cost": 68.272, "final_distance_cost": 1.841065642430361, "oscillation_cost": 33.041884338790844, "completition_cost": 0.0, "overshoot_cost": 49.39506510887532, "power_cost": 9.391099096679689, "noise_cost": 9.691794793504304, "n_waypoints_completed": 9, "tot_waypoints": 9}}
{"target": -184.51512982688018, "params": {"k_pid_pos": [1.185536906003059, 0.10908853720841465, 0.5523794037954435], "k_pid_alt": [0.947487366412688, 0.0013723662456077725, 0.09930159395892242], "k_pid_att": [40.09308701276844, 0.42404131131308337, 0.7875337242983133], "k_pid_yaw": [0.5, 1e-06, 0.1], "k_pid_hsp": [0.4431695122023281, 0.040192184023864916, 0.0], "k_pid_vsp": [85.96471884199104, 219.68901060543445, 2.6722348064872796]}, "datetime": {"datetime": "2025-08-21 12:18:23", "elapsed": 12819.748205423355, "delta": 16.851983308792114}, "costs": {"total_cost": 184.51512982688018, "time_cost": 72.768, "final_distance_cost": 1.8433285840035212, "oscillation_cost": 29.467494471968976, "completition_cost": 0.0, "overshoot_cost": 50.60557127244685, "power_cost": 16.138480749511718, "noise_cost": 13.692254748949136, "n_waypoints_completed": 9, "tot_waypoints": 9}}
{"target": -183.53618110602775, "params": {"k_pid_pos": [2.0, 0.1757690201815435, 0.22795440981455165], "k_pid_alt": [1.3546659243803638, 0.008774035567807967, 0.08344708069383805], "k_pid_att": [17.380856790054526, 0.06947027602401538, 0.2022336363526627], "k_pid_yaw": [0.5, 1e-06, 0.1], "k_pid_hsp": [0.18194775125122256, 0.02035941325054056, 0.0], "k_pid_vsp": [400.0, 119.43428106943007, 5.438495995295966]}, "datetime": {"datetime": "2025-08-21 12:18:39", "elapsed": 12835.943168640137, "delta": 16.194963216781616}, "costs": {"total_cost": 183.53618110602775, "time_cost": 70.016, "final_distance_cost": 1.7865554467077902, "oscillation_cost": 34.585851606409015, "completition_cost": 0.0, "overshoot_cost": 50.53694707717081, "power_cost": 14.386713635253907, "noise_cost": 12.224113340486207, "n_waypoints_completed": 9, "tot_waypoints": 9}}
{"target": -207.59580206119423, "params": {"k_pid_pos": [1.8673853678789607, 0.13357181510236635, 0.85697976538113], "k_pid_alt": [1.3027581465559264, 0.004730606511926566, 0.0429247696940091], "k_pid_att": [69.85925040262386, 0.16142444002137404, 0.6310180243217861], "k_pid_yaw": [0.5, 1e-06, 0.1], "k_pid_hsp": [0.018498346281736133, 0.03207452735014876, 0.0], "k_pid_vsp": [148.9611442768409, 1e-06, 1.3266736858164248]}, "datetime": {"datetime": "2025-08-21 12:18:59", "elapsed": 12855.9823782444, "delta": 20.039209604263306}, "costs": {"total_cost": 207.59580206119423, "time_cost": 87.736, "final_distance_cost": 1.7460918919093267, "oscillation_cost": 29.869802552328522, "completition_cost": 0.0, "overshoot_cost": 60.03251538683655, "power_cost": 14.723900146484375, "noise_cost": 13.487492083635455, "n_waypoints_completed": 9, "tot_waypoints": 9}}
{"target": -175.7227466234694, "params": {"k_pid_pos": [2.0, 0.19208455054976362, 0.6597467078357029], "k_pid_alt": [1.414707196884467, 0.009189896788509488, 0.06919698626790892], "k_pid_att": [35.831749813830776, 0.11665202803965435, 0.4538224520359468], "k_pid_yaw": [0.5, 1e-06, 0.1], "k_pid_hsp": [0.5073656309535663, 0.03312431528997209, 0.0], "k_pid_vsp": [289.01622640454525, 148.92610955682926, 2.922217122820976]}, "datetime": {"datetime": "2025-08-21 12:19:15", "elapsed": 12872.051803827286, "delta": 16.069425582885742}, "costs": {"total_cost": 175.7227466234694, "time_cost": 69.128, "final_distance_cost": 1.7678796129465306, "oscillation_cost": 31.022089727608414, "completition_cost": 0.0, "overshoot_cost": 50.414913688316005, "power_cost": 12.18322889404297, "noise_cost": 11.206634700555476, "n_waypoints_completed": 9, "tot_waypoints": 9}}
{"target": -174.2984115140615, "params": {"k_pid_pos": [1.4958695797477153, 0.027290575772159265, 0.4051783104894436], "k_pid_alt": [1.61636534631016, 0.006798947475556619, 0.09334387990284598], "k_pid_att": [33.03009502305384, 0.2194225348543334, 0.37796805863746674], "k_pid_yaw": [0.5, 1e-06, 0.1], "k_pid_hsp": [0.3141847988467254, 0.019003446901627787, 0.0], "k_pid_vsp": [165.01376098780815, 92.93782987886141, 7.591694191533343]}, "datetime": {"datetime": "2025-08-21 12:19:31", "elapsed": 12887.64331817627, "delta": 15.591514348983765}, "costs": {"total_cost": 174.2984115140615, "time_cost": 68.648, "final_distance_cost": 1.8300536660338937, "oscillation_cost": 30.793748186246987, "completition_cost": 0.0, "overshoot_cost": 50.33934512952922, "power_cost": 11.66426142578125, "noise_cost": 11.023003106470165, "n_waypoints_completed": 9, "tot_waypoints": 9}}
{"target": -177.6017514949369, "params": {"k_pid_pos": [1.5703729978203487, 0.10419707804938094, 0.37420200189973896], "k_pid_alt": [1.8812587990288334, 0.012666952835768871, 0.09084483742817884], "k_pid_att": [28.71437247101237, 0.13775020554204068, 0.2939217240443676], "k_pid_yaw": [0.5, 1e-06, 0.1], "k_pid_hsp": [0.5941176602946819, 0.07512440887988435, 0.0], "k_pid_vsp": [220.9590256631427, 197.69716021669046, 0.02363423488415532]}, "datetime": {"datetime": "2025-08-21 12:19:47", "elapsed": 12903.62604379654, "delta": 15.982725620269775}, "costs": {"total_cost": 177.6017514949369, "time_cost": 69.096, "final_distance_cost": 1.8086904854769388, "oscillation_cost": 31.784729628199027, "completition_cost": 0.0, "overshoot_cost": 50.12008590867259, "power_cost": 13.117579943847657, "noise_cost": 11.674665528740677, "n_waypoints_completed": 9, "tot_waypoints": 9}}
{"target": -175.32000813439691, "params": {"k_pid_pos": [1.5182090193327324, 0.09106437270177865, 0.6290904035158605], "k_pid_alt": [2.0, 0.009724491152177613, 0.1415245739923686], "k_pid_att": [27.52893077884086, 0.2151605932284226, 0.26414603539986553], "k_pid_yaw": [0.5, 1e-06, 0.1], "k_pid_hsp": [0.33952828987845685, 0.04518573876223269, 0.0], "k_pid_vsp": [265.3819178325494, 197.7201306562899, 4.429638067732481]}, "datetime": {"datetime": "2025-08-21 12:20:03", "elapsed": 12920.40676498413, "delta": 16.780721187591553}, "costs": {"total_cost": 175.32000813439691, "time_cost": 69.4, "final_distance_cost": 1.8394173101228282, "oscillation_cost": 30.321698530646795, "completition_cost": 0.0, "overshoot_cost": 49.87187798461832, "power_cost": 12.458711547851562, "noise_cost": 11.428302761157429, "n_waypoints_completed": 9, "tot_waypoints": 9}}
