{"target": -184.02531991764494, "params": {"k_pid_pos": [0.8775370706294855, 0.06925543234298462, 1.0], "k_pid_alt": [2.0, 0.0046261960375542305, 0.009853014490956132], "k_pid_att": [10.975950703159882, 0.08012816742984503, 0.46741950589518194], "k_pid_yaw": [0.5, 1e-06, 0.1], "k_pid_hsp": [0.1449617435923658, 0.01937111955356369, 0.0], "k_pid_vsp": [232.39480498103887, 267.17992324622645, 2.9170169596521043]}, "datetime": {"datetime": "2025-08-21 14:14:41", "elapsed": 19797.629885435104, "delta": 18.502057790756226}, "costs": {"total_cost": 184.02531991764494, "time_cost": 79.056, "final_distance_cost": 1.8504666492470534, "oscillation_cost": 25.25944200476784, "completition_cost": 0.0, "overshoot_cost": 51.454197124079165, "power_cost": 13.32326512451172, "noise_cost": 13.081949015039154, "n_waypoints_completed": 9, "tot_waypoints": 9}}
{"target": -189.24458039635957, "params": {"k_pid_pos": [0.8351738153144034, 0.015356830831368537, 1.0], "k_pid_alt": [1.9815189482007913, 0.0039960940545632866, 0.014644166334786088], "k_pid_att": [26.005542772064825, 0.13510834262739604, 0.40736524735161955], "k_pid_yaw": [0.5, 1e-06, 0.1], "k_pid_hsp": [0.10268106035686257, 0.02249465416513657, 0.0], "k_pid_vsp": [60.486177467596576, 294.3431676331348, 2.8408806856737114]}, "datetime": {"datetime": "2025-08-21 14:15:00", "elapsed": 19816.532658576965, "delta": 18.902773141860962}, "costs": {"total_cost": 189.24458039635957, "time_cost": 83.528, "final_distance_cost": 1.8599656664100577, "oscillation_cost": 25.83870645847066, "completition_cost": 0.0, "overshoot_cost": 51.243643547534866, "power_cost": 13.304586975097656, "noise_cost": 13.46967774884629, "n_waypoints_completed": 9, "tot_waypoints": 9}}
{"target": -178.75760349011745, "params": {"k_pid_pos": [2.0, 0.05277547430761994, 0.5852813118129571], "k_pid_alt": [1.5864127277173516, 0.00388204300069676, 0.012575537942050628], "k_pid_att": [22.335596256196293, 0.15365755905158662, 0.7461033193721774], "k_pid_yaw": [0.5, 1e-06, 0.1], "k_pid_hsp": [0.24660211982543068, 0.018561377832970464, 0.0], "k_pid_vsp": [257.0415043860751, 103.0935106169073, 1.4760285496640686]}, "datetime": {"datetime": "2025-08-21 14:15:16", "elapsed": 19832.593484401703, "delta": 16.06082582473755}, "costs": {"total_cost": 178.75760349011745, "time_cost": 69.528, "final_distance_cost": 1.8097744986782367, "oscillation_cost": 30.325382319636557, "completition_cost": 0.0, "overshoot_cost": 50.56521371465905, "power_cost": 14.346293762207033, "noise_cost": 12.182939194936555, "n_waypoints_completed": 9, "tot_waypoints": 9}}
{"target": -168.63116090429511, "params": {"k_pid_pos": [1.6917285183221118, 0.013590403704032467, 0.7308875469874913], "k_pid_alt": [2.0, 0.005840487918778223, 0.00851894421051285], "k_pid_att": [30.121850186781106, 0.18436272049039407, 0.2818167457381399], "k_pid_yaw": [0.5, 1e-06, 0.1], "k_pid_hsp": [0.2583673147153756, 0.033239097586141846, 0.0], "k_pid_vsp": [160.18341491883004, 230.83198432595654, 2.3746485740456458]}, "datetime": {"datetime": "2025-08-21 14:15:32", "elapsed": 19848.71304655075, "delta": 16.11956214904785}, "costs": {"total_cost": 168.63116090429511, "time_cost": 68.816, "final_distance_cost": 1.8350693316513607, "oscillation_cost": 30.41187815987111, "completition_cost": 0.0, "overshoot_cost": 49.369905999211625, "power_cost": 8.829236938476562, "noise_cost": 9.369070475084465, "n_waypoints_completed": 9, "tot_waypoints": 9}}
{"target": -205.94383632613835, "params": {"k_pid_pos": [2.0, 0.0639099044226974, 0.8149429443851687], "k_pid_alt": [1.9929963045677537, 0.004615276255244998, 0.011003187161276415], "k_pid_att": [35.42478980219432, 0.09266907467500878, 0.2183733287429025], "k_pid_yaw": [0.5, 1e-06, 0.1], "k_pid_hsp": [0.19430294678775237, 0.013479508265091499, 0.0], "k_pid_vsp": [20.929400993931008, 243.966234950021, 2.569384675515422]}, "datetime": {"datetime": "2025-08-21 14:15:50", "elapsed": 19867.425796747208, "delta": 18.71275019645691}, "costs": {"total_cost": 205.94383632613835, "time_cost": 82.408, "final_distance_cost": 1.811249136358415, "oscillation_cost": 36.76619740234903, "completition_cost": 0.0, "overshoot_cost": 53.36063365167494, "power_cost": 17.801205773925783, "noise_cost": 13.796550361830226, "n_waypoints_completed": 9, "tot_waypoints": 9}}
{"target": -173.90341023843456, "params": {"k_pid_pos": [1.1259869642833282, 0.0903914216967084, 1.0], "k_pid_alt": [0.8246717511658094, 0.004288862537381631, 0.010136390082977951], "k_pid_att": [41.99028310739403, 0.2571489888921719, 0.35439594843826255], "k_pid_yaw": [0.5, 1e-06, 0.1], "k_pid_hsp": [0.1586768326785525, 0.01887401534764658, 0.0], "k_pid_vsp": [128.99918780625163, 238.01056167576357, 2.4273308532929874]}, "datetime": {"datetime": "2025-08-21 14:16:09", "elapsed": 19885.507842063904, "delta": 18.082045316696167}, "costs": {"total_cost": 173.90341023843456, "time_cost": 76.176, "final_distance_cost": 1.8522695404953955, "oscillation_cost": 28.063551783848784, "completition_cost": 0.0, "overshoot_cost": 49.90743463644918, "power_cost": 8.243578430175782, "noise_cost": 9.660575847465413, "n_waypoints_completed": 9, "tot_waypoints": 9}}
{"target": -174.27942556846546, "params": {"k_pid_pos": [1.8404960832106345, 0.13356172098305735, 1.0], "k_pid_alt": [1.634770390266498, 0.0065534966143435186, 0.010452655877400116], "k_pid_att": [12.088927887433952, 0.09920261893567357, 0.36870961451491513], "k_pid_yaw": [0.5, 1e-06, 0.1], "k_pid_hsp": [0.17757651774704966, 0.02434013716364669, 0.0], "k_pid_vsp": [193.38972215678794, 161.34108275960196, 2.5389136479871346]}, "datetime": {"datetime": "2025-08-21 14:16:25", "elapsed": 19902.009015083313, "delta": 16.50117301940918}, "costs": {"total_cost": 174.27942556846546, "time_cost": 70.008, "final_distance_cost": 1.8186982900818531, "oscillation_cost": 28.440067678294568, "completition_cost": 0.0, "overshoot_cost": 50.39104430247575, "power_cost": 12.400032897949218, "noise_cost": 11.221582399664076, "n_waypoints_completed": 9, "tot_waypoints": 9}}
{"target": -182.22103653767923, "params": {"k_pid_pos": [1.1430393018930967, 0.09694375713563279, 1.0], "k_pid_alt": [1.7161488778470446, 0.004210418683361233, 0.013119811541186042], "k_pid_att": [18.215492525725008, 0.35138991494045263, 0.3260956194789103], "k_pid_yaw": [0.5, 1e-06, 0.1], "k_pid_hsp": [0.2242493185626899, 0.019603048405545276, 0.0], "k_pid_vsp": [177.72387300734954, 200.40740937355199, 3.1314076587373694]}, "datetime": {"datetime": "2025-08-21 14:16:42", "elapsed": 19919.19024324417, "delta": 17.181228160858154}, "costs": {"total_cost": 182.22103653767923, "time_cost": 74.936, "final_distance_cost": 1.8444635217962144, "oscillation_cost": 26.657857475691632, "completition_cost": 0.0, "overshoot_cost": 51.40641054592723, "power_cost": 14.287029809570313, "noise_cost": 13.089275184693836, "n_waypoints_completed": 9, "tot_waypoints": 9}}
{"target": -192.21919042387745, "params": {"k_pid_pos": [1.1027382432177932, 0.06568537334335912, 0.6593197424019971], "k_pid_alt": [1.9009252926172444, 0.006468418671352647, 0.011741504813010348], "k_pid_att": [26.660423422137086, 0.1552581276497083, 0.4020035659490227], "k_pid_yaw": [0.5, 1e-06, 0.1], "k_pid_hsp": [0.3581139952332452, 0.028211461085968833, 0.0], "k_pid_vsp": [284.23525922229504, 152.88709906916563, 2.613002292535924]}, "datetime": {"datetime": "2025-08-21 14:17:00", "elapsed": 19936.919920921326, "delta": 17.72967767715454}, "costs": {"total_cost": 192.21919042387745, "time_cost": 75.712, "final_distance_cost": 1.836687158460946, "oscillation_cost": 27.848339148035226, "completition_cost": 0.0, "overshoot_cost": 53.00562942919772, "power_cost": 18.572779333496094, "noise_cost": 15.24375535468746, "n_waypoints_completed": 9, "tot_waypoints": 9}}
{"target": -166.3864454566997, "params": {"k_pid_pos": [1.8854453665740236, 0.07477020446123807, 1.0], "k_pid_alt": [1.9295217149064916, 0.0044567543449538114, 0.006550523490831929], "k_pid_att": [18.95332858491869, 0.20553005769908403, 0.4334295587181846], "k_pid_yaw": [0.5, 1e-06, 0.1], "k_pid_hsp": [0.130542660816489, 0.015139420590908143, 0.0], "k_pid_vsp": [81.78057581506111, 216.39694038499343, 1.8984585412141708]}, "datetime": {"datetime": "2025-08-21 14:17:16", "elapsed": 19952.773419618607, "delta": 15.853498697280884}, "costs": {"total_cost": 166.3864454566997, "time_cost": 68.64, "final_distance_cost": 1.8389004192551321, "oscillation_cost": 29.925236555897445, "completition_cost": 0.0, "overshoot_cost": 49.73605896192965, "power_cost": 7.5851697143554695, "noise_cost": 8.661079805262027, "n_waypoints_completed": 9, "tot_waypoints": 9}}
{"target": -175.90300145615538, "params": {"k_pid_pos": [1.7919299360263883, 0.11588783893244271, 1.0], "k_pid_alt": [1.4533062877106688, 0.005765380407893185, 0.00835067482814856], "k_pid_att": [39.166530048386726, 0.15982383123573948, 0.4317162862867536], "k_pid_yaw": [0.5, 1e-06, 0.1], "k_pid_hsp": [0.28342421281488167, 0.021960374696911793, 0.0], "k_pid_vsp": [187.66211540353996, 217.27894093153904, 1.817251196721952]}, "datetime": {"datetime": "2025-08-21 14:17:33", "elapsed": 19969.622540950775, "delta": 16.84912133216858}, "costs": {"total_cost": 175.90300145615538, "time_cost": 70.176, "final_distance_cost": 1.8299088416981635, "oscillation_cost": 28.081708190952465, "completition_cost": 0.0, "overshoot_cost": 50.59477052502517, "power_cost": 13.291231616210938, "noise_cost": 11.92938228226862, "n_waypoints_completed": 9, "tot_waypoints": 9}}
{"target": -170.64355131497624, "params": {"k_pid_pos": [1.9636301788707484, 0.06766147526386256, 1.0], "k_pid_alt": [2.0, 0.005770654762409425, 0.008988107236329758], "k_pid_att": [26.13054156507864, 0.12204797877895768, 0.5354887673552338], "k_pid_yaw": [0.5, 1e-06, 0.1], "k_pid_hsp": [0.1948617535142584, 0.028706109314792134, 0.0], "k_pid_vsp": [191.30649371963725, 156.58901512699887, 1.1315898569091445]}, "datetime": {"datetime": "2025-08-21 14:17:49", "elapsed": 19986.085861206055, "delta": 16.46332025527954}, "costs": {"total_cost": 170.64355131497624, "time_cost": 69.512, "final_distance_cost": 1.8382973510670586, "oscillation_cost": 28.821623871639456, "completition_cost": 0.0, "overshoot_cost": 50.003369062888694, "power_cost": 10.313929711914064, "noise_cost": 10.154331317466962, "n_waypoints_completed": 9, "tot_waypoints": 9}}
{"target": -176.299377039208, "params": {"k_pid_pos": [2.0, 0.20509785806574143, 0.7490055401291711], "k_pid_alt": [2.0, 0.004759926968575923, 0.004490393544037875], "k_pid_att": [20.1641989317893, 0.25372267362989104, 0.3752767244414164], "k_pid_yaw": [0.5, 1e-06, 0.1], "k_pid_hsp": [0.24657156866259025, 0.019040681716645438, 0.0], "k_pid_vsp": [221.38910954823234, 187.01404810271288, 1.9982255208097264]}, "datetime": {"datetime": "2025-08-21 14:18:05", "elapsed": 20002.391065835953, "delta": 16.30520462989807}, "costs": {"total_cost": 176.299377039208, "time_cost": 69.44800000000001, "final_distance_cost": 1.8099041264636049, "oscillation_cost": 29.833042650347725, "completition_cost": 0.0, "overshoot_cost": 50.48232436252331, "power_cost": 13.019915502929688, "noise_cost": 11.706190396943668, "n_waypoints_completed": 9, "tot_waypoints": 9}}
{"target": -190.5045506511053, "params": {"k_pid_pos": [2.0, 0.060491750361372686, 1.0], "k_pid_alt": [2.0, 0.005001308275667534, 0.011040860832462389], "k_pid_att": [27.542917975040535, 0.16150974095355733, 0.1630899170027312], "k_pid_yaw": [0.5, 1e-06, 0.1], "k_pid_hsp": [0.14134644446223088, 0.02394389420527669, 0.0], "k_pid_vsp": [204.08949834928288, 337.13620524045103, 2.115239540580746]}, "datetime": {"datetime": "2025-08-21 14:18:24", "elapsed": 20020.489013433456, "delta": 18.097947597503662}, "costs": {"total_cost": 190.5045506511053, "time_cost": 73.16, "final_distance_cost": 1.834755879027586, "oscillation_cost": 31.17366909303887, "completition_cost": 0.0, "overshoot_cost": 52.57901673210409, "power_cost": 17.626811865234377, "noise_cost": 14.130297081700371, "n_waypoints_completed": 9, "tot_waypoints": 9}}
{"target": -176.14075306499524, "params": {"k_pid_pos": [1.655505709805343, 0.08930068662652983, 1.0], "k_pid_alt": [1.3426543170460896, 0.0050161599952959985, 0.006434465189378955], "k_pid_att": [14.604126986638612, 0.028882944739442484, 0.4416474781600858], "k_pid_yaw": [0.5, 1e-06, 0.1], "k_pid_hsp": [0.13170087193547206, 0.01903735402428156, 0.0], "k_pid_vsp": [283.1072508710849, 228.29688561914358, 2.0851692112541524]}, "datetime": {"datetime": "2025-08-21 14:18:40", "elapsed": 20037.016325235367, "delta": 16.5273118019104}, "costs": {"total_cost": 176.14075306499524, "time_cost": 70.512, "final_distance_cost": 1.8276012006165911, "oscillation_cost": 26.936288636520406, "completition_cost": 0.0, "overshoot_cost": 50.597497521295544, "power_cost": 13.94193671875, "noise_cost": 12.325428987812693, "n_waypoints_completed": 9, "tot_waypoints": 9}}
{"target": -173.45968909377663, "params": {"k_pid_pos": [1.7649581723627354, 0.0, 0.8182058010391199], "k_pid_alt": [2.0, 0.0019124227088376782, 0.014693567635352392], "k_pid_att": [23.619649835674494, 0.10654627623154116, 0.3798849262861375], "k_pid_yaw": [0.5, 1e-06, 0.1], "k_pid_hsp": [0.1684880186720744, 0.023435359464621944, 0.0], "k_pid_vsp": [254.09867148003983, 269.7217330843244, 3.119416086658846]}, "datetime": {"datetime": "2025-08-21 14:18:56", "elapsed": 20052.58731031418, "delta": 15.570985078811646}, "costs": {"total_cost": 173.45968909377663, "time_cost": 68.936, "final_distance_cost": 1.8387419774449254, "oscillation_cost": 29.632427253350105, "completition_cost": 0.0, "overshoot_cost": 50.003723407811506, "power_cost": 11.716995458984375, "noise_cost": 11.331800996185725, "n_waypoints_completed": 9, "tot_waypoints": 9}}
{"target": -167.98210744689214, "params": {"k_pid_pos": [1.4277477103357088, 0.09219436830242911, 1.0], "k_pid_alt": [2.0, 0.004980643193016114, 0.01005068956250483], "k_pid_att": [24.006558319991978, 0.20063280925789595, 0.3228131935193717], "k_pid_yaw": [0.5, 1e-06, 0.1], "k_pid_hsp": [0.17927647797559398, 0.005554783796875404, 0.0], "k_pid_vsp": [180.6562473881285, 208.56401868908995, 1.7471102362921755]}, "datetime": {"datetime": "2025-08-21 14:19:13", "elapsed": 20069.47598218918, "delta": 16.888671875}, "costs": {"total_cost": 167.98210744689214, "time_cost": 70.752, "final_distance_cost": 1.8295403968067252, "oscillation_cost": 25.775704708438177, "completition_cost": 0.0, "overshoot_cost": 50.54042085599976, "power_cost": 9.236199536132814, "noise_cost": 9.848241949514692, "n_waypoints_completed": 9, "tot_waypoints": 9}}
{"target": -203.6395712226746, "params": {"k_pid_pos": [0.7180780802362753, 0.09261259311704123, 0.9993068614063585], "k_pid_alt": [1.8889994668245436, 0.003996051297511841, 0.010923396027071477], "k_pid_att": [25.169360654656526, 0.1894080080993351, 0.4075842189260232], "k_pid_yaw": [0.5, 1e-06, 0.1], "k_pid_hsp": [0.21891476008598745, 0.009289992046167492, 0.0], "k_pid_vsp": [210.58665422510717, 122.55730230341464, 1.1838651913294174]}, "datetime": {"datetime": "2025-08-21 14:19:32", "elapsed": 20089.323714494705, "delta": 19.847732305526733}, "costs": {"total_cost": 203.6395712226746, "time_cost": 85.992, "final_distance_cost": 1.8513237924471218, "oscillation_cost": 22.803909455337482, "completition_cost": 0.0, "overshoot_cost": 54.90070839263187, "power_cost": 20.45740640869141, "noise_cost": 17.63422317356672, "n_waypoints_completed": 9, "tot_waypoints": 9}}
{"target": -172.53814708924114, "params": {"k_pid_pos": [2.0, 0.09695885758034543, 0.532344109421189], "k_pid_alt": [1.2149449666977836, 0.0037075098583936733, 0.014089061319051834], "k_pid_att": [18.070944857381438, 0.226131046454221, 0.44212395816501265], "k_pid_yaw": [0.5, 1e-06, 0.1], "k_pid_hsp": [0.20383052653351486, 0.017217735597421683, 0.0], "k_pid_vsp": [225.78208174786826, 197.27990703693135, 1.657917435289394]}, "datetime": {"datetime": "2025-08-21 14:19:49", "elapsed": 20106.037328004837, "delta": 16.713613510131836}, "costs": {"total_cost": 172.53814708924114, "time_cost": 68.68, "final_distance_cost": 1.7549559684335858, "oscillation_cost": 31.385525568627163, "completition_cost": 0.0, "overshoot_cost": 49.533799921741384, "power_cost": 10.788788330078125, "noise_cost": 10.395077300360867, "n_waypoints_completed": 9, "tot_waypoints": 9}}
{"target": -189.82978815859025, "params": {"k_pid_pos": [0.744810137750236, 0.07199236674550426, 0.9713147281420436], "k_pid_alt": [2.0, 0.0031447934845497357, 0.01854563054315296], "k_pid_att": [19.657351332381694, 0.2400544923215159, 0.5013164132010353], "k_pid_yaw": [0.5, 1e-06, 0.1], "k_pid_hsp": [0.24037162122112088, 0.019330415180632568, 0.0], "k_pid_vsp": [206.46374622933044, 205.10678629103487, 2.5662823241068744]}, "datetime": {"datetime": "2025-08-21 14:20:08", "elapsed": 20125.139563798904, "delta": 19.102235794067383}, "costs": {"total_cost": 189.82978815859025, "time_cost": 83.04, "final_distance_cost": 1.8559178758518187, "oscillation_cost": 24.633951717690806, "completition_cost": 0.0, "overshoot_cost": 51.71529002673838, "power_cost": 14.371036547851563, "noise_cost": 14.21359199045768, "n_waypoints_completed": 9, "tot_waypoints": 9}}
{"target": -176.86667387011636, "params": {"k_pid_pos": [2.0, 0.0, 0.4695750338398663], "k_pid_alt": [2.0, 0.0025995221470532614, 0.008141345020854793], "k_pid_att": [19.695931308503543, 0.19709046718790305, 0.4207232199532693], "k_pid_yaw": [0.5, 1e-06, 0.1], "k_pid_hsp": [0.2428668062755572, 0.023712766575294846, 0.0], "k_pid_vsp": [144.8445950783726, 131.4692586183929, 1.135827946254291]}, "datetime": {"datetime": "2025-08-21 14:20:24", "elapsed": 20141.376489639282, "delta": 16.236925840377808}, "costs": {"total_cost": 176.86667387011636, "time_cost": 69.224, "final_distance_cost": 1.7878249238279766, "oscillation_cost": 30.587903570093026, "completition_cost": 0.0, "overshoot_cost": 50.07284300792635, "power_cost": 13.523417211914063, "noise_cost": 11.670685156354956, "n_waypoints_completed": 9, "tot_waypoints": 9}}
{"target": -178.3247416342527, "params": {"k_pid_pos": [2.0, 0.07885826105316403, 0.9668208105773282], "k_pid_alt": [1.5649872023748135, 0.00463033580985749, 0.010977660014317358], "k_pid_att": [28.600096302422287, 0.23981121391758584, 0.36927621203676725], "k_pid_yaw": [0.5, 1e-06, 0.1], "k_pid_hsp": [0.10832728586569336, 0.014689723167914717, 0.0], "k_pid_vsp": [274.35716409163325, 215.03006972206504, 2.869046188129382]}, "datetime": {"datetime": "2025-08-21 14:20:41", "elapsed": 20157.900044441223, "delta": 16.523554801940918}, "costs": {"total_cost": 178.3247416342527, "time_cost": 69.528, "final_distance_cost": 1.827791248442686, "oscillation_cost": 29.12301510415081, "completition_cost": 0.0, "overshoot_cost": 51.0176801786198, "power_cost": 14.36095897216797, "noise_cost": 12.467296130871437, "n_waypoints_completed": 9, "tot_waypoints": 9}}
{"target": -181.7293139561274, "params": {"k_pid_pos": [1.805782298940408, 0.09852077013171946, 0.2688733224737457], "k_pid_alt": [2.0, 0.005029328261450127, 0.013065779557897826], "k_pid_att": [22.79723313406978, 0.22827324266725357, 0.43656238575612366], "k_pid_yaw": [0.5, 1e-06, 0.1], "k_pid_hsp": [0.20590894437356486, 0.011980486340931984, 0.0], "k_pid_vsp": [214.17107733232703, 237.16560447536133, 1.7997716039115843]}, "datetime": {"datetime": "2025-08-21 14:20:57", "elapsed": 20173.992968082428, "delta": 16.092923641204834}, "costs": {"total_cost": 181.7293139561274, "time_cost": 69.728, "final_distance_cost": 1.7498157754564025, "oscillation_cost": 31.278709180815685, "completition_cost": 0.0, "overshoot_cost": 50.92161034224736, "power_cost": 15.383923278808595, "noise_cost": 12.667255378799382, "n_waypoints_completed": 9, "tot_waypoints": 9}}
{"target": -167.927659858796, "params": {"k_pid_pos": [1.5695620832929595, 0.06290134179753666, 1.0], "k_pid_alt": [1.4668456877553517, 0.004404003597896931, 0.007990749535424889], "k_pid_att": [25.798724610784614, 0.08256605472872591, 0.27535527439846147], "k_pid_yaw": [0.5, 1e-06, 0.1], "k_pid_hsp": [0.1349618800835298, 0.013071130125230937, 0.0], "k_pid_vsp": [107.35310863420428, 155.6673115101597, 2.047164476858853]}, "datetime": {"datetime": "2025-08-21 14:21:13", "elapsed": 20190.185494184494, "delta": 16.19252610206604}, "costs": {"total_cost": 167.927659858796, "time_cost": 69.696, "final_distance_cost": 1.8296428244929128, "oscillation_cost": 28.151219278972608, "completition_cost": 0.0, "overshoot_cost": 49.893787647407315, "power_cost": 8.77959158935547, "noise_cost": 9.577418518567693, "n_waypoints_completed": 9, "tot_waypoints": 9}}
{"target": -184.50348492254597, "params": {"k_pid_pos": [1.9937341544803353, 0.05814454410374373, 0.6380113711427227], "k_pid_alt": [1.8493935330068048, 0.005872451719170454, 0.005562279657536809], "k_pid_att": [17.76658884598908, 0.32122727128724843, 0.4506099861108373], "k_pid_yaw": [0.5, 1e-06, 0.1], "k_pid_hsp": [0.17465760185942614, 0.014717838414281715, 0.0], "k_pid_vsp": [297.41983812796667, 174.6004812031708, 1.4045275964549113]}, "datetime": {"datetime": "2025-08-21 14:21:29", "elapsed": 20206.11829519272, "delta": 15.932801008224487}, "costs": {"total_cost": 184.50348492254597, "time_cost": 70.632, "final_distance_cost": 1.800795582367172, "oscillation_cost": 32.651936997177685, "completition_cost": 0.0, "overshoot_cost": 50.5733869283103, "power_cost": 15.86683631591797, "noise_cost": 12.978529098772853, "n_waypoints_completed": 9, "tot_waypoints": 9}}
