{"target": -183.61029962547707, "params": {"k_pid_pos": [1.685306157260495, 0.012073176614124837, 0.924561368216905], "k_pid_alt": [1.7740519493014801, 0.0023134424161678478, 0.016734816084364917], "k_pid_att": [10.860390620874028, 0.17424430911638955, 0.18726213072978462], "k_pid_yaw": [0.5, 1e-06, 0.1], "k_pid_hsp": [0.17386333815229935, 0.018484499981744146, 0.0], "k_pid_vsp": [227.08252616503228, 387.8295757266169, 0.8904708133850338]}, "datetime": {"datetime": "2025-08-21 17:44:49", "elapsed": 32405.574219703674, "delta": 16.828917503356934}, "costs": {"total_cost": 183.61029962547707, "time_cost": 70.83200000000001, "final_distance_cost": 1.8350354716948538, "oscillation_cost": 29.9875037857771, "completition_cost": 0.0, "overshoot_cost": 51.19554567489961, "power_cost": 16.251346997070314, "noise_cost": 13.508867696035177, "n_waypoints_completed": 9, "tot_waypoints": 9}}
{"target": -170.55484869192028, "params": {"k_pid_pos": [1.5952370775325588, 0.008295336474986243, 0.7039627860514845], "k_pid_alt": [1.9893679130545479, 0.0039775834904386305, 0.010514252569159145], "k_pid_att": [11.442445561597795, 0.1518806537022432, 0.25999576301105376], "k_pid_yaw": [0.5, 1e-06, 0.1], "k_pid_hsp": [0.1870903309118582, 0.018809024955796297, 0.0], "k_pid_vsp": [331.7856029084866, 225.5557352720551, 1.0278601941696321]}, "datetime": {"datetime": "2025-08-21 17:45:04", "elapsed": 32420.822447776794, "delta": 15.248228073120117}, "costs": {"total_cost": 170.55484869192028, "time_cost": 69.104, "final_distance_cost": 1.8468569433041218, "oscillation_cost": 28.73374028649246, "completition_cost": 0.0, "overshoot_cost": 50.036411995425524, "power_cost": 10.541111010742188, "noise_cost": 10.292728455956006, "n_waypoints_completed": 9, "tot_waypoints": 9}}
{"target": -169.88051239312017, "params": {"k_pid_pos": [1.3784504141706642, 0.015695750818928687, 0.5734206299007844], "k_pid_alt": [1.6255165535971237, 0.0031029034737183533, 0.010626264401448432], "k_pid_att": [14.186866559863082, 0.11901277853083203, 0.2825667384265649], "k_pid_yaw": [0.5, 1e-06, 0.1], "k_pid_hsp": [0.20568597896307514, 0.021332196601790518, 0.0], "k_pid_vsp": [231.99366914703853, 234.43283632877237, 0.9574399595098653]}, "datetime": {"datetime": "2025-08-21 17:45:20", "elapsed": 32436.667615413666, "delta": 15.845167636871338}, "costs": {"total_cost": 169.88051239312017, "time_cost": 68.824, "final_distance_cost": 1.8323844133539835, "oscillation_cost": 28.899944799033854, "completition_cost": 0.0, "overshoot_cost": 49.58099294493777, "power_cost": 10.427807482910156, "noise_cost": 10.3153827528844, "n_waypoints_completed": 9, "tot_waypoints": 9}}
{"target": -167.70225052886687, "params": {"k_pid_pos": [1.8919508886629048, 0.014878454497987406, 0.800394011108048], "k_pid_alt": [1.9797476912787941, 0.0036832337121451863, 0.01196349819640799], "k_pid_att": [11.98898208130142, 0.1816108310271113, 0.29925844460886497], "k_pid_yaw": [0.5, 1e-06, 0.1], "k_pid_hsp": [0.18556391514853085, 0.01665393389912669, 0.0], "k_pid_vsp": [280.6537087029389, 370.2225956347925, 0.7732569638565305]}, "datetime": {"datetime": "2025-08-21 17:45:36", "elapsed": 32452.80827140808, "delta": 16.140655994415283}, "costs": {"total_cost": 167.70225052886687, "time_cost": 68.512, "final_distance_cost": 1.8256735706352667, "oscillation_cost": 30.50288781157621, "completition_cost": 0.0, "overshoot_cost": 49.19779999668779, "power_cost": 8.53227254638672, "noise_cost": 9.131616603580902, "n_waypoints_completed": 9, "tot_waypoints": 9}}
{"target": -173.72066225354885, "params": {"k_pid_pos": [1.4871992601492405, 0.011131614988826618, 0.9696854077092181], "k_pid_alt": [1.3729644167418993, 0.0034164081289549627, 0.011759798674320582], "k_pid_att": [13.163758453826238, 0.1488541170019937, 0.32639922947226047], "k_pid_yaw": [0.5, 1e-06, 0.1], "k_pid_hsp": [0.19250851795371507, 0.024383650583075542, 0.0], "k_pid_vsp": [242.08181025802, 186.461107244226, 1.1138088568494762]}, "datetime": {"datetime": "2025-08-21 17:45:52", "elapsed": 32469.36864256859, "delta": 16.560371160507202}, "costs": {"total_cost": 173.72066225354885, "time_cost": 70.47200000000001, "final_distance_cost": 1.844603583595479, "oscillation_cost": 28.157185026501693, "completition_cost": 0.0, "overshoot_cost": 50.298136467352705, "power_cost": 11.670514123535156, "noise_cost": 11.278223052563776, "n_waypoints_completed": 9, "tot_waypoints": 9}}
{"target": -170.77236844705493, "params": {"k_pid_pos": [1.239466746642521, 0.022604656582115964, 0.9031985772877883], "k_pid_alt": [1.9676592952503633, 0.003034260711030782, 0.014361939288837208], "k_pid_att": [13.19077372270712, 0.17212814083478856, 0.31724769120076307], "k_pid_yaw": [0.5, 1e-06, 0.1], "k_pid_hsp": [0.24523418926264373, 0.01812086585054479, 0.0], "k_pid_vsp": [255.08982644619212, 336.5377846144202, 0.6849039047553527]}, "datetime": {"datetime": "2025-08-21 17:46:10", "elapsed": 32486.668949127197, "delta": 17.30030655860901}, "costs": {"total_cost": 170.77236844705493, "time_cost": 72.608, "final_distance_cost": 1.8497513055564525, "oscillation_cost": 28.007057915974713, "completition_cost": 0.0, "overshoot_cost": 49.89509480833223, "power_cost": 8.673893334960939, "noise_cost": 9.738571082230585, "n_waypoints_completed": 9, "tot_waypoints": 9}}
{"target": -172.2768086640677, "params": {"k_pid_pos": [1.6052817305114921, 0.017152062106345668, 1.0], "k_pid_alt": [1.4464730554252527, 0.0038880253240102212, 0.012692413226407776], "k_pid_att": [13.508294023627824, 0.1648164622562668, 0.20227742441181806], "k_pid_yaw": [0.5, 1e-06, 0.1], "k_pid_hsp": [0.1937603508888026, 0.024155271975502657, 0.0], "k_pid_vsp": [294.7142004433697, 199.8870827422801, 1.1380595501328172]}, "datetime": {"datetime": "2025-08-21 17:46:26", "elapsed": 32502.634066343307, "delta": 15.96511721611023}, "costs": {"total_cost": 172.2768086640677, "time_cost": 70.152, "final_distance_cost": 1.8509967160974186, "oscillation_cost": 27.514527265662696, "completition_cost": 0.0, "overshoot_cost": 49.88345268869981, "power_cost": 11.646871899414062, "noise_cost": 11.228960094193688, "n_waypoints_completed": 9, "tot_waypoints": 9}}
{"target": -171.1471004882121, "params": {"k_pid_pos": [1.1901428907927498, 0.015251413900180352, 0.8728153859084107], "k_pid_alt": [1.7747934203554536, 0.003966044788613941, 0.010914637231803559], "k_pid_att": [11.10839068584923, 0.11982671386066246, 0.261369317295679], "k_pid_yaw": [0.5, 1e-06, 0.1], "k_pid_hsp": [0.1942444953562946, 0.020837700123158706, 0.0], "k_pid_vsp": [332.2183204394226, 231.24597621767347, 1.2703734135792726]}, "datetime": {"datetime": "2025-08-21 17:46:44", "elapsed": 32521.13977265358, "delta": 18.505706310272217}, "costs": {"total_cost": 171.1471004882121, "time_cost": 73.12, "final_distance_cost": 1.8535573332843789, "oscillation_cost": 27.578183067724048, "completition_cost": 0.0, "overshoot_cost": 49.34639249456298, "power_cost": 9.040056823730469, "noise_cost": 10.208910768910227, "n_waypoints_completed": 9, "tot_waypoints": 9}}
{"target": -173.7542276638737, "params": {"k_pid_pos": [2.0, 0.012482635714860107, 0.96247747465212], "k_pid_alt": [2.0, 0.0023637123005022256, 0.013117944148796079], "k_pid_att": [13.443022874949802, 0.15500388646733834, 0.3266097628487274], "k_pid_yaw": [0.5, 1e-06, 0.1], "k_pid_hsp": [0.20244702206514634, 0.01652078640331336, 0.0], "k_pid_vsp": [314.19071364483693, 251.39926924947272, 1.2716323089933426]}, "datetime": {"datetime": "2025-08-21 17:47:00", "elapsed": 32536.739642381668, "delta": 15.599869728088379}, "costs": {"total_cost": 173.7542276638737, "time_cost": 69.648, "final_distance_cost": 1.8460951502635892, "oscillation_cost": 28.98105081500737, "completition_cost": 0.0, "overshoot_cost": 50.137244952126984, "power_cost": 11.961535302734376, "noise_cost": 11.180301443741365, "n_waypoints_completed": 9, "tot_waypoints": 9}}
{"target": -175.30840581501408, "params": {"k_pid_pos": [1.8532092652859575, 0.013945988591315175, 1.0], "k_pid_alt": [1.7880602358527635, 0.0032619077876707907, 0.012985276427834036], "k_pid_att": [10.162689122196094, 0.18664368448500354, 0.3903864539896198], "k_pid_yaw": [0.5, 1e-06, 0.1], "k_pid_hsp": [0.19908045824986542, 0.019505554656800136, 0.0], "k_pid_vsp": [293.4105919342422, 266.40002324391236, 1.2080591876225555]}, "datetime": {"datetime": "2025-08-21 17:47:17", "elapsed": 32553.738388299942, "delta": 16.998745918273926}, "costs": {"total_cost": 175.30840581501408, "time_cost": 69.632, "final_distance_cost": 1.8392965574630338, "oscillation_cost": 28.860980379189105, "completition_cost": 0.0, "overshoot_cost": 50.53389140174128, "power_cost": 12.860014062500001, "noise_cost": 11.582223414120664, "n_waypoints_completed": 9, "tot_waypoints": 9}}
{"target": -173.53736760243848, "params": {"k_pid_pos": [1.2211538403450726, 0.01138709853682767, 0.720717098474568], "k_pid_alt": [1.2561780679662469, 0.003062098618369598, 0.013322537725126801], "k_pid_att": [11.525067321566624, 0.164351693172107, 0.36040082277789853], "k_pid_yaw": [0.5, 1e-06, 0.1], "k_pid_hsp": [0.23431010796477678, 0.029197763806340194, 0.0], "k_pid_vsp": [320.09123434840694, 292.50937922886254, 1.4176333517333237]}, "datetime": {"datetime": "2025-08-21 17:47:33", "elapsed": 32570.21574807167, "delta": 16.477359771728516}, "costs": {"total_cost": 173.53736760243848, "time_cost": 71.56, "final_distance_cost": 1.852482197105152, "oscillation_cost": 28.088386600692488, "completition_cost": 0.0, "overshoot_cost": 49.773554355004116, "power_cost": 11.18344276123047, "noise_cost": 11.079501688406266, "n_waypoints_completed": 9, "tot_waypoints": 9}}
{"target": -174.3458772224904, "params": {"k_pid_pos": [1.993123663469051, 0.01997257082341071, 0.8206698406705804], "k_pid_alt": [2.0, 0.0032689117707398545, 0.009143770200114743], "k_pid_att": [12.52440364643674, 0.17758968656328852, 0.3165537678963538], "k_pid_yaw": [0.5, 1e-06, 0.1], "k_pid_hsp": [0.13882149450438355, 0.02310869283694551, 0.0], "k_pid_vsp": [245.70208222759018, 196.70571087245233, 1.6852320310516067]}, "datetime": {"datetime": "2025-08-21 17:47:52", "elapsed": 32588.46780896187, "delta": 18.252060890197754}, "costs": {"total_cost": 174.3458772224904, "time_cost": 69.024, "final_distance_cost": 1.8276403235826466, "oscillation_cost": 30.208096399420366, "completition_cost": 0.0, "overshoot_cost": 49.80973359773678, "power_cost": 12.28153095703125, "noise_cost": 11.194875944719337, "n_waypoints_completed": 9, "tot_waypoints": 9}}
{"target": -169.9814557375328, "params": {"k_pid_pos": [1.5677704792579157, 0.017824933294829193, 1.0], "k_pid_alt": [2.0, 0.003218774788425654, 0.011809903291953265], "k_pid_att": [10.51210868634348, 0.15685441273068113, 0.17887351783899708], "k_pid_yaw": [0.5, 1e-06, 0.1], "k_pid_hsp": [0.16784533296675355, 0.019781111282627436, 0.0], "k_pid_vsp": [191.23958298649745, 194.81401524885624, 1.315933538251594]}, "datetime": {"datetime": "2025-08-21 17:48:07", "elapsed": 32604.265123844147, "delta": 15.797314882278442}, "costs": {"total_cost": 169.9814557375328, "time_cost": 69.864, "final_distance_cost": 1.8422597691045326, "oscillation_cost": 27.91268687174706, "completition_cost": 0.0, "overshoot_cost": 49.52105803013608, "power_cost": 10.242779602050781, "noise_cost": 10.598671464494338, "n_waypoints_completed": 9, "tot_waypoints": 9}}
{"target": -171.45117325336966, "params": {"k_pid_pos": [1.9663262327297508, 0.014082090041749734, 1.0], "k_pid_alt": [1.7028245426981183, 0.0027960749895378965, 0.012722103714616831], "k_pid_att": [10.593156981273046, 0.1782409242384503, 0.29279025660227115], "k_pid_yaw": [0.5, 1e-06, 0.1], "k_pid_hsp": [0.18515685843680285, 0.01827345623736032, 0.0], "k_pid_vsp": [277.1934294279426, 297.9917568948128, 0.7753706864985803]}, "datetime": {"datetime": "2025-08-21 17:48:25", "elapsed": 32621.77326273918, "delta": 17.50813889503479}, "costs": {"total_cost": 171.45117325336966, "time_cost": 68.88, "final_distance_cost": 1.8379306801030515, "oscillation_cost": 29.913024681919694, "completition_cost": 0.0, "overshoot_cost": 49.590557087913204, "power_cost": 10.749710192871094, "noise_cost": 10.479950610562609, "n_waypoints_completed": 9, "tot_waypoints": 9}}
{"target": -175.0274807570369, "params": {"k_pid_pos": [2.0, 0.009701452568423512, 0.5864658838064774], "k_pid_alt": [1.9279667109102696, 0.0035273357602308686, 0.012130143149599851], "k_pid_att": [12.874703108638043, 0.18715519224482247, 0.3509703311916013], "k_pid_yaw": [0.5, 1e-06, 0.1], "k_pid_hsp": [0.15784424649225254, 0.026788186186723295, 0.0], "k_pid_vsp": [318.8599158360201, 263.61848802518716, 1.213413465687671]}, "datetime": {"datetime": "2025-08-21 17:48:42", "elapsed": 32638.61684846878, "delta": 16.843585729599}, "costs": {"total_cost": 175.0274807570369, "time_cost": 68.584, "final_distance_cost": 1.794171745937955, "oscillation_cost": 31.331567973727324, "completition_cost": 0.0, "overshoot_cost": 50.31146541222912, "power_cost": 12.061186486816407, "noise_cost": 10.945089138326072, "n_waypoints_completed": 9, "tot_waypoints": 9}}
{"target": -174.05468925277677, "params": {"k_pid_pos": [1.8916634147933913, 0.015619277861034786, 0.9603798847728161], "k_pid_alt": [2.0, 0.0028802286297545305, 0.008600473738713033], "k_pid_att": [10.716671117357114, 0.09660208260742346, 0.24013690046403333], "k_pid_yaw": [0.5, 1e-06, 0.1], "k_pid_hsp": [0.24986618240871636, 0.024825755579498492, 0.0], "k_pid_vsp": [319.064879774961, 244.65560518500845, 1.0746735658650362]}, "datetime": {"datetime": "2025-08-21 17:48:59", "elapsed": 32655.871793031693, "delta": 17.254944562911987}, "costs": {"total_cost": 174.05468925277677, "time_cost": 69.752, "final_distance_cost": 1.8385810132053948, "oscillation_cost": 29.126621128052093, "completition_cost": 0.0, "overshoot_cost": 50.241753897773826, "power_cost": 11.903167468261719, "noise_cost": 11.19256574548374, "n_waypoints_completed": 9, "tot_waypoints": 9}}
{"target": -171.8483796346997, "params": {"k_pid_pos": [1.9873650899662085, 0.009548539245004893, 0.8194039230391574], "k_pid_alt": [1.8039601479249558, 0.0029883791904524817, 0.010781514134793788], "k_pid_att": [13.470271663239108, 0.1876239573872971, 0.40765271569868955], "k_pid_yaw": [0.5, 1e-06, 0.1], "k_pid_hsp": [0.18961308176383437, 0.0219062494162595, 0.0], "k_pid_vsp": [340.0927345170109, 334.43607329511616, 0.9089223461947729]}, "datetime": {"datetime": "2025-08-21 17:49:14", "elapsed": 32671.3647916317, "delta": 15.492998600006104}, "costs": {"total_cost": 171.8483796346997, "time_cost": 68.64, "final_distance_cost": 1.8237076264251726, "oscillation_cost": 30.174623098865347, "completition_cost": 0.0, "overshoot_cost": 49.46630829066785, "power_cost": 11.080260693359376, "noise_cost": 10.663479925381946, "n_waypoints_completed": 9, "tot_waypoints": 9}}
{"target": -171.2831279421125, "params": {"k_pid_pos": [2.0, 0.011810061472603689, 0.854927098924621], "k_pid_alt": [1.5727352870812714, 0.002855640708875772, 0.012066338788003651], "k_pid_att": [12.281662037946093, 0.21442912650115917, 0.21938549615949665], "k_pid_yaw": [0.5, 1e-06, 0.1], "k_pid_hsp": [0.19318595606901842, 0.016409891051562677, 0.0], "k_pid_vsp": [293.5596902641291, 204.8510322148479, 0.8399063984615497]}, "datetime": {"datetime": "2025-08-21 17:49:32", "elapsed": 32688.703820705414, "delta": 17.33902907371521}, "costs": {"total_cost": 171.2831279421125, "time_cost": 68.68, "final_distance_cost": 1.8223570547180394, "oscillation_cost": 30.512026051923446, "completition_cost": 0.0, "overshoot_cost": 49.529464000412815, "power_cost": 10.438950109863281, "noise_cost": 10.30033072519491, "n_waypoints_completed": 9, "tot_waypoints": 9}}
{"target": -167.2937092011807, "params": {"k_pid_pos": [1.6127466077010977, 0.009072437965453378, 0.862230524825531], "k_pid_alt": [1.7696770615853172, 0.002672917520453639, 0.010609711003367014], "k_pid_att": [11.967999654506073, 0.14593946493480445, 0.24948143599610262], "k_pid_yaw": [0.5, 1e-06, 0.1], "k_pid_hsp": [0.15332113644329068, 0.023397074910008187, 0.0], "k_pid_vsp": [320.1541042441299, 302.85632826884216, 0.9296089290867914]}, "datetime": {"datetime": "2025-08-21 17:49:47", "elapsed": 32704.256045103073, "delta": 15.552224397659302}, "costs": {"total_cost": 167.2937092011807, "time_cost": 68.928, "final_distance_cost": 1.8410804282619038, "oscillation_cost": 29.41331908947306, "completition_cost": 0.0, "overshoot_cost": 49.3655080938172, "power_cost": 8.455183142089844, "noise_cost": 9.290618447538682, "n_waypoints_completed": 9, "tot_waypoints": 9}}
{"target": -177.25595937398768, "params": {"k_pid_pos": [1.8787645836116216, 0.02186708543812259, 1.0], "k_pid_alt": [1.596073958376761, 0.0035565740621293467, 0.012738812007078085], "k_pid_att": [13.1300337595152, 0.1352528451222048, 0.18807492695648662], "k_pid_yaw": [0.5, 1e-06, 0.1], "k_pid_hsp": [0.13203723246169932, 0.020343178382158256, 0.0], "k_pid_vsp": [201.78320053022358, 277.5300169400826, 1.0941888711124417]}, "datetime": {"datetime": "2025-08-21 17:50:06", "elapsed": 32722.691809892654, "delta": 18.4357647895813}, "costs": {"total_cost": 177.25595937398768, "time_cost": 69.976, "final_distance_cost": 1.8369199197091004, "oscillation_cost": 28.666493761287168, "completition_cost": 0.0, "overshoot_cost": 50.74598611492411, "power_cost": 13.921247900390625, "noise_cost": 12.109311677676647, "n_waypoints_completed": 9, "tot_waypoints": 9}}
{"target": -177.38061450764314, "params": {"k_pid_pos": [1.7290525820888802, 0.011929326898399711, 0.8219672581959333], "k_pid_alt": [1.8003917451688094, 0.0022937630806344656, 0.007061636945542335], "k_pid_att": [11.686909900069354, 0.126954106841859, 0.20031917827381793], "k_pid_yaw": [0.5, 1e-06, 0.1], "k_pid_hsp": [0.24471239320117463, 0.014862434517030475, 0.0], "k_pid_vsp": [266.3364458263361, 317.79268124188246, 0.8774288721682678]}, "datetime": {"datetime": "2025-08-21 17:50:22", "elapsed": 32738.53722834587, "delta": 15.845418453216553}, "costs": {"total_cost": 177.38061450764314, "time_cost": 69.92, "final_distance_cost": 1.8322824360778514, "oscillation_cost": 28.601473060269033, "completition_cost": 0.0, "overshoot_cost": 50.50812404736373, "power_cost": 14.21468094482422, "noise_cost": 12.304054019108321, "n_waypoints_completed": 9, "tot_waypoints": 9}}
{"target": -170.07359283899754, "params": {"k_pid_pos": [1.9066501950294594, 0.012151642494870066, 0.9000127460607565], "k_pid_alt": [1.6505860840364306, 0.0030649275285231834, 0.012203156291046338], "k_pid_att": [13.305988421307447, 0.21383762647140628, 0.3068939837746881], "k_pid_yaw": [0.5, 1e-06, 0.1], "k_pid_hsp": [0.1988843402770832, 0.011876446503810477, 0.0], "k_pid_vsp": [264.2441765326984, 259.0285738970454, 0.8975268242353794]}, "datetime": {"datetime": "2025-08-21 17:50:39", "elapsed": 32756.217826604843, "delta": 17.680598258972168}, "costs": {"total_cost": 170.07359283899754, "time_cost": 68.896, "final_distance_cost": 1.8418916604997302, "oscillation_cost": 30.013354409140522, "completition_cost": 0.0, "overshoot_cost": 49.823803471497705, "power_cost": 9.639981811523437, "noise_cost": 9.858561486336164, "n_waypoints_completed": 9, "tot_waypoints": 9}}
{"target": -184.2744056953249, "params": {"k_pid_pos": [2.0, 0.024480898353111968, 1.0], "k_pid_alt": [2.0, 0.004039747499941901, 0.013936965898540203], "k_pid_att": [14.106542745123306, 0.13520713637392334, 0.33734031271865755], "k_pid_yaw": [0.5, 1e-06, 0.1], "k_pid_hsp": [0.12436595396783377, 0.025467239289288974, 0.0], "k_pid_vsp": [356.4795779105471, 260.6491510523802, 0.7536839739324699]}, "datetime": {"datetime": "2025-08-21 17:50:55", "elapsed": 32772.003996133804, "delta": 15.786169528961182}, "costs": {"total_cost": 184.2744056953249, "time_cost": 70.032, "final_distance_cost": 1.841422258422681, "oscillation_cost": 30.50054026514835, "completition_cost": 0.0, "overshoot_cost": 51.494913535396144, "power_cost": 16.759933142089846, "noise_cost": 13.645596494267881, "n_waypoints_completed": 9, "tot_waypoints": 9}}
{"target": -173.82676765939587, "params": {"k_pid_pos": [1.5561396727183932, 0.016450201646177467, 0.6980993919271737], "k_pid_alt": [1.07175242193189, 0.002217942942876566, 0.012672805734130432], "k_pid_att": [13.419437335587865, 0.15718162810956893, 0.3178562090769203], "k_pid_yaw": [0.5, 1e-06, 0.1], "k_pid_hsp": [0.18020250139519048, 0.02162460391878542, 0.0], "k_pid_vsp": [284.44182730030235, 201.66635910759942, 1.1720313679815952]}, "datetime": {"datetime": "2025-08-21 17:51:12", "elapsed": 32789.336287498474, "delta": 17.3322913646698}, "costs": {"total_cost": 173.82676765939587, "time_cost": 69.48, "final_distance_cost": 1.8334628205638248, "oscillation_cost": 29.77089477176594, "completition_cost": 0.0, "overshoot_cost": 50.08502297371179, "power_cost": 11.728804162597656, "noise_cost": 10.928582930756642, "n_waypoints_completed": 9, "tot_waypoints": 9}}
{"target": -172.38696505948843, "params": {"k_pid_pos": [1.7435526875834109, 0.015027499148297282, 1.0], "k_pid_alt": [1.6789752589227813, 0.00253337216565762, 0.007982911465427026], "k_pid_att": [11.19815709641535, 0.19823130317339333, 0.23072476900486816], "k_pid_yaw": [0.5, 1e-06, 0.1], "k_pid_hsp": [0.1571715852819212, 0.012986340514144728, 0.0], "k_pid_vsp": [252.7013248960466, 273.2928240795257, 1.0134031306053048]}, "datetime": {"datetime": "2025-08-21 17:51:28", "elapsed": 32805.25927948952, "delta": 15.92299199104309}, "costs": {"total_cost": 172.38696505948843, "time_cost": 70.008, "final_distance_cost": 1.8336046240987405, "oscillation_cost": 27.271410285948246, "completition_cost": 0.0, "overshoot_cost": 50.160162493585425, "power_cost": 11.922460498046876, "noise_cost": 11.191327157809118, "n_waypoints_completed": 9, "tot_waypoints": 9}}
