{"target": -178.13429506606175, "params": {"k_pid_pos": [2.0, 0.006411316806399129, 0.9288346259756307], "k_pid_alt": [1.5534969843332753, 0.003325082170536039, 0.011465458481619326], "k_pid_att": [14.997496936415478, 0.16607909597743453, 0.3179637153296698], "k_pid_yaw": [0.5, 1e-06, 0.1], "k_pid_hsp": [0.2285455789714276, 0.0157107681301287, 0.0], "k_pid_vsp": [285.67309780033446, 203.1545071011503, 0.9269508565015251]}, "datetime": {"datetime": "2025-08-21 17:37:49", "elapsed": 31985.70434308052, "delta": 15.840797424316406}, "costs": {"total_cost": 178.13429506606175, "time_cost": 70.128, "final_distance_cost": 1.844783021418317, "oscillation_cost": 29.484640278667868, "completition_cost": 0.0, "overshoot_cost": 50.56043969250441, "power_cost": 13.86174237060547, "noise_cost": 12.254689702865665, "n_waypoints_completed": 9, "tot_waypoints": 9}}
{"target": -171.9905202235318, "params": {"k_pid_pos": [2.0, 0.016017576440050477, 0.9291519908095695], "k_pid_alt": [1.4076014455220018, 0.003268321791246656, 0.011182522928956015], "k_pid_att": [12.796144454066342, 0.18568298919672785, 0.3923623492506352], "k_pid_yaw": [0.5, 1e-06, 0.1], "k_pid_hsp": [0.17645008312163846, 0.0112614783008633, 0.0], "k_pid_vsp": [278.2584888114434, 325.8009271464802, 1.625320630847697]}, "datetime": {"datetime": "2025-08-21 17:38:06", "elapsed": 32002.482551574707, "delta": 16.7782084941864}, "costs": {"total_cost": 171.9905202235318, "time_cost": 68.72, "final_distance_cost": 1.826038785683697, "oscillation_cost": 30.08812686452838, "completition_cost": 0.0, "overshoot_cost": 49.86496343256782, "power_cost": 10.950755676269532, "noise_cost": 10.540635464482385, "n_waypoints_completed": 9, "tot_waypoints": 9}}
{"target": -170.86006241499024, "params": {"k_pid_pos": [1.6240275743171158, 0.01623393113198136, 0.43674411224286724], "k_pid_alt": [1.1568293132603265, 0.004523528746695371, 0.013862588123969538], "k_pid_att": [10.074142765976331, 0.13572947857347345, 0.23761094361049503], "k_pid_yaw": [0.5, 1e-06, 0.1], "k_pid_hsp": [0.17043250679375235, 0.02229141414688489, 0.0], "k_pid_vsp": [400.0, 296.3164259993846, 1.2517780283924098]}, "datetime": {"datetime": "2025-08-21 17:38:21", "elapsed": 32018.2854950428, "delta": 15.802943468093872}, "costs": {"total_cost": 170.86006241499024, "time_cost": 68.712, "final_distance_cost": 1.8128625688541538, "oscillation_cost": 30.95299619527916, "completition_cost": 0.0, "overshoot_cost": 49.47331491360335, "power_cost": 9.97605556640625, "noise_cost": 9.932833170847331, "n_waypoints_completed": 9, "tot_waypoints": 9}}
{"target": -167.6242628908744, "params": {"k_pid_pos": [2.0, 0.02192968873228718, 1.0], "k_pid_alt": [1.6154702643901961, 0.002212259520938663, 0.01061400025623903], "k_pid_att": [13.26606633881878, 0.1290163495894389, 0.28185212917496844], "k_pid_yaw": [0.5, 1e-06, 0.1], "k_pid_hsp": [0.17879191613500423, 0.022920935732883257, 0.0], "k_pid_vsp": [318.8893607324422, 173.6705740639118, 1.319475890507691]}, "datetime": {"datetime": "2025-08-21 17:38:40", "elapsed": 32036.99022936821, "delta": 18.704734325408936}, "costs": {"total_cost": 167.6242628908744, "time_cost": 68.552, "final_distance_cost": 1.840791381414572, "oscillation_cost": 30.094963741982742, "completition_cost": 0.0, "overshoot_cost": 48.83481004017481, "power_cost": 8.757492932128907, "noise_cost": 9.544204795173362, "n_waypoints_completed": 9, "tot_waypoints": 9}}
{"target": -171.37847622002823, "params": {"k_pid_pos": [1.569566602781391, 0.014410425590644217, 0.4898259814095319], "k_pid_alt": [1.9025434507832386, 0.002852850643565094, 0.014049643215328747], "k_pid_att": [12.955094733729057, 0.15343077951088818, 0.2608566043751376], "k_pid_yaw": [0.5, 1e-06, 0.1], "k_pid_hsp": [0.22837961005809845, 0.01757323442673712, 0.0], "k_pid_vsp": [257.87026363709737, 229.6460796782704, 1.1916543621231885]}, "datetime": {"datetime": "2025-08-21 17:38:56", "elapsed": 32053.011622667313, "delta": 16.021393299102783}, "costs": {"total_cost": 171.37847622002823, "time_cost": 69.08800000000001, "final_distance_cost": 1.8293486751812598, "oscillation_cost": 29.648599937348372, "completition_cost": 0.0, "overshoot_cost": 50.161363461009024, "power_cost": 10.42184490966797, "noise_cost": 10.229319236821599, "n_waypoints_completed": 9, "tot_waypoints": 9}}
{"target": -181.796092519631, "params": {"k_pid_pos": [2.0, 0.01660321582859733, 0.7794943375694485], "k_pid_alt": [1.9709672698878984, 0.0026659317362184333, 0.012102338430205995], "k_pid_att": [12.79860989778583, 0.17415181618203948, 0.2828409028109295], "k_pid_yaw": [0.5, 1e-06, 0.1], "k_pid_hsp": [0.2641725356273483, 0.015962666691932133, 0.0], "k_pid_vsp": [297.36942754066865, 253.90651291731942, 1.3598193479946288]}, "datetime": {"datetime": "2025-08-21 17:39:14", "elapsed": 32070.945165157318, "delta": 17.933542490005493}, "costs": {"total_cost": 181.796092519631, "time_cost": 69.544, "final_distance_cost": 1.8186223355093643, "oscillation_cost": 31.020814604650393, "completition_cost": 0.0, "overshoot_cost": 50.99357238842511, "power_cost": 15.487883215332031, "noise_cost": 12.931199975714133, "n_waypoints_completed": 9, "tot_waypoints": 9}}
{"target": -169.04380987770458, "params": {"k_pid_pos": [1.637872666594273, 0.013360205965281674, 0.8913854263263806], "k_pid_alt": [2.0, 0.002291307595609672, 0.007954610426132389], "k_pid_att": [13.306818146061948, 0.2089472634634205, 0.2812122666792168], "k_pid_yaw": [0.5, 1e-06, 0.1], "k_pid_hsp": [0.2456379411778448, 0.02161148047281193, 0.0], "k_pid_vsp": [357.4966981930606, 247.61798165682262, 1.5565064288822212]}, "datetime": {"datetime": "2025-08-21 17:39:31", "elapsed": 32087.878484010696, "delta": 16.933318853378296}, "costs": {"total_cost": 169.04380987770458, "time_cost": 69.96000000000001, "final_distance_cost": 1.844115930992614, "oscillation_cost": 27.846958306200296, "completition_cost": 0.0, "overshoot_cost": 49.74862555700661, "power_cost": 9.709585888671876, "noise_cost": 9.934524194833172, "n_waypoints_completed": 9, "tot_waypoints": 9}}
{"target": -171.5849882916305, "params": {"k_pid_pos": [1.8847520249808092, 0.01569298360759664, 1.0], "k_pid_alt": [2.0, 0.0028643551831358666, 0.010040461340737182], "k_pid_att": [10.820767001952627, 0.13565777125768783, 0.38067064663948463], "k_pid_yaw": [0.5, 1e-06, 0.1], "k_pid_hsp": [0.15651827523900447, 0.029827700658434927, 0.0], "k_pid_vsp": [327.6026206674133, 277.3877022265278, 1.1190706892158058]}, "datetime": {"datetime": "2025-08-21 17:39:47", "elapsed": 32104.333464860916, "delta": 16.454980850219727}, "costs": {"total_cost": 171.5849882916305, "time_cost": 69.328, "final_distance_cost": 1.8467402503258934, "oscillation_cost": 29.125759895705404, "completition_cost": 0.0, "overshoot_cost": 49.80589469158278, "power_cost": 10.874163720703125, "noise_cost": 10.604429733313312, "n_waypoints_completed": 9, "tot_waypoints": 9}}
{"target": -173.9350782007494, "params": {"k_pid_pos": [2.0, 0.012686310080956775, 0.7097600176194873], "k_pid_alt": [1.558678962173475, 0.0032412468169930875, 0.009559517670611471], "k_pid_att": [15.598857630422387, 0.20079831179073546, 0.23567751625488031], "k_pid_yaw": [0.5, 1e-06, 0.1], "k_pid_hsp": [0.21125181076474697, 0.02024267792771187, 0.0], "k_pid_vsp": [287.5024052458518, 226.38894460437675, 0.9928531332612565]}, "datetime": {"datetime": "2025-08-21 17:40:05", "elapsed": 32122.270120859146, "delta": 17.93665599822998}, "costs": {"total_cost": 173.9350782007494, "time_cost": 68.544, "final_distance_cost": 1.832122874441334, "oscillation_cost": 30.40371875866235, "completition_cost": 0.0, "overshoot_cost": 49.74609139710077, "power_cost": 12.240265905761719, "noise_cost": 11.168879264783213, "n_waypoints_completed": 9, "tot_waypoints": 9}}
{"target": -175.33162190149264, "params": {"k_pid_pos": [1.1055103486668918, 0.014528344052902813, 0.8582015558068589], "k_pid_alt": [1.3179570768631288, 0.003985473619777997, 0.011188476187869641], "k_pid_att": [11.261597151503546, 0.21235381405865264, 0.31643391712401364], "k_pid_yaw": [0.5, 1e-06, 0.1], "k_pid_hsp": [0.20616939097167017, 0.007853481878258994, 0.0], "k_pid_vsp": [241.04450452014464, 149.89889381052512, 1.6123572071237762]}, "datetime": {"datetime": "2025-08-21 17:40:23", "elapsed": 32140.081924438477, "delta": 17.811803579330444}, "costs": {"total_cost": 175.33162190149264, "time_cost": 75.304, "final_distance_cost": 1.8488217343308757, "oscillation_cost": 26.081697884601965, "completition_cost": 0.0, "overshoot_cost": 50.58665657983436, "power_cost": 10.255271020507813, "noise_cost": 11.25517468221762, "n_waypoints_completed": 9, "tot_waypoints": 9}}
{"target": -169.3506351414157, "params": {"k_pid_pos": [1.8358869734467265, 0.01305639084469091, 0.8660606988438723], "k_pid_alt": [1.7864240960517348, 0.0031764537715786374, 0.012265766187977435], "k_pid_att": [12.658618444818849, 0.23791596286037422, 0.27340041324308473], "k_pid_yaw": [0.5, 1e-06, 0.1], "k_pid_hsp": [0.20305498574359546, 0.01748976626913389, 0.0], "k_pid_vsp": [234.33870801264325, 260.98318719729144, 1.2381985567536846]}, "datetime": {"datetime": "2025-08-21 17:40:40", "elapsed": 32157.277809619904, "delta": 17.195885181427002}, "costs": {"total_cost": 169.3506351414157, "time_cost": 68.83200000000001, "final_distance_cost": 1.8411162215250418, "oscillation_cost": 29.72378747356944, "completition_cost": 0.0, "overshoot_cost": 48.98381288251958, "power_cost": 9.901354345703126, "noise_cost": 10.068564218098505, "n_waypoints_completed": 9, "tot_waypoints": 9}}
{"target": -172.8516011048285, "params": {"k_pid_pos": [1.2560109052802615, 0.020267978739344127, 1.0], "k_pid_alt": [1.662187629363948, 0.0028750398755930037, 0.013463394051997452], "k_pid_att": [11.94327521441587, 0.19484131982005218, 0.3148875189897049], "k_pid_yaw": [0.5, 1e-06, 0.1], "k_pid_hsp": [0.1935711869279647, 0.021829377588051795, 0.0], "k_pid_vsp": [230.9758084036166, 329.1348263984484, 1.5193177883753293]}, "datetime": {"datetime": "2025-08-21 17:40:57", "elapsed": 32174.155458450317, "delta": 16.87764883041382}, "costs": {"total_cost": 172.8516011048285, "time_cost": 73.608, "final_distance_cost": 1.8524838845721776, "oscillation_cost": 27.629267734822925, "completition_cost": 0.0, "overshoot_cost": 50.26396255624084, "power_cost": 9.294285119628906, "noise_cost": 10.203601809563612, "n_waypoints_completed": 9, "tot_waypoints": 9}}
{"target": -171.44017516032824, "params": {"k_pid_pos": [2.0, 0.01200081368537708, 0.8997671570236462], "k_pid_alt": [1.9449770521743208, 0.003411302929480695, 0.011879742300943094], "k_pid_att": [17.384945916280447, 0.1557311584003173, 0.3698204102599158], "k_pid_yaw": [0.5, 1e-06, 0.1], "k_pid_hsp": [0.08693693951634722, 0.022600837125780315, 0.0], "k_pid_vsp": [191.51212425170687, 372.5174143951762, 1.5239430512005887]}, "datetime": {"datetime": "2025-08-21 17:41:14", "elapsed": 32191.02514076233, "delta": 16.86968231201172}, "costs": {"total_cost": 171.44017516032824, "time_cost": 69.016, "final_distance_cost": 1.8220453063600346, "oscillation_cost": 30.911215402538215, "completition_cost": 0.0, "overshoot_cost": 50.34354449503477, "power_cost": 9.68550557861328, "noise_cost": 9.66186437778192, "n_waypoints_completed": 9, "tot_waypoints": 9}}
{"target": -175.2175084557182, "params": {"k_pid_pos": [2.0, 0.01941076488642812, 0.780327154146097], "k_pid_alt": [1.7812080248323847, 0.003911915076442619, 0.012785126512164695], "k_pid_att": [11.755985020765047, 0.15307211233858287, 0.3178223099925619], "k_pid_yaw": [0.5, 1e-06, 0.1], "k_pid_hsp": [0.19862583921327562, 0.0203936261563624, 0.0], "k_pid_vsp": [324.94247259278774, 251.4296643298171, 1.2911146853990003]}, "datetime": {"datetime": "2025-08-21 17:41:30", "elapsed": 32206.970912218094, "delta": 15.94577145576477}, "costs": {"total_cost": 175.2175084557182, "time_cost": 69.32000000000001, "final_distance_cost": 1.8341267858886978, "oscillation_cost": 29.433413886434614, "completition_cost": 0.0, "overshoot_cost": 50.33149662746524, "power_cost": 12.891142065429689, "noise_cost": 11.407329090499942, "n_waypoints_completed": 9, "tot_waypoints": 9}}
{"target": -173.77799732709977, "params": {"k_pid_pos": [2.0, 0.007094172476911091, 0.6449032264419632], "k_pid_alt": [1.7618227452947162, 0.0030364773854946784, 0.011208679213737513], "k_pid_att": [12.428923059602306, 0.1681968747507212, 0.3451965492879925], "k_pid_yaw": [0.5, 1e-06, 0.1], "k_pid_hsp": [0.19334233641649848, 0.022043078104377934, 0.0], "k_pid_vsp": [275.7848331095574, 226.77393348281907, 1.000283891698978]}, "datetime": {"datetime": "2025-08-21 17:41:47", "elapsed": 32224.056381225586, "delta": 17.085469007492065}, "costs": {"total_cost": 173.77799732709977, "time_cost": 68.64, "final_distance_cost": 1.7995745646546797, "oscillation_cost": 30.390099796255413, "completition_cost": 0.0, "overshoot_cost": 49.7943152029109, "power_cost": 12.087244580078126, "noise_cost": 11.066763183200637, "n_waypoints_completed": 9, "tot_waypoints": 9}}
{"target": -189.46755741094626, "params": {"k_pid_pos": [1.5591543650517725, 0.013198141055889795, 0.9030471287516318], "k_pid_alt": [1.6066788468675537, 0.0037799444176045915, 0.00668525029919937], "k_pid_att": [16.433991689368803, 0.1428028438594017, 0.3224988041550135], "k_pid_yaw": [0.5, 1e-06, 0.1], "k_pid_hsp": [0.19291961531357504, 0.022162780242632487, 0.0], "k_pid_vsp": [255.04996935041376, 238.29079602127385, 1.1359103675021986]}, "datetime": {"datetime": "2025-08-21 17:42:04", "elapsed": 32240.816976308823, "delta": 16.760595083236694}, "costs": {"total_cost": 189.46755741094626, "time_cost": 73.184, "final_distance_cost": 1.841930729700009, "oscillation_cost": 29.2752557580942, "completition_cost": 0.0, "overshoot_cost": 52.387802206150084, "power_cost": 18.096669201660156, "noise_cost": 14.681899515341819, "n_waypoints_completed": 9, "tot_waypoints": 9}}
{"target": -174.1895553593093, "params": {"k_pid_pos": [1.9053286307352828, 0.014610613075753336, 0.7530914801619343], "k_pid_alt": [1.6608321721185482, 0.003750352656829802, 0.010922842723907533], "k_pid_att": [12.082069266286195, 0.10583403459503327, 0.3582013824800534], "k_pid_yaw": [0.5, 1e-06, 0.1], "k_pid_hsp": [0.16522662575964905, 0.022892275415507268, 0.0], "k_pid_vsp": [289.2357865819725, 278.8914642473593, 1.1147666954835314]}, "datetime": {"datetime": "2025-08-21 17:42:20", "elapsed": 32257.355756521225, "delta": 16.538780212402344}, "costs": {"total_cost": 174.1895553593093, "time_cost": 69.0, "final_distance_cost": 1.829145482537827, "oscillation_cost": 30.163773652424943, "completition_cost": 0.0, "overshoot_cost": 50.25852693603402, "power_cost": 11.885795275878907, "noise_cost": 11.052314012433625, "n_waypoints_completed": 9, "tot_waypoints": 9}}
{"target": -175.27640062273278, "params": {"k_pid_pos": [1.5669527889823058, 0.011682836506533486, 0.7303057336438363], "k_pid_alt": [1.2821943673307745, 0.0035023706531270827, 0.011909094694361232], "k_pid_att": [12.926878793398389, 0.11065746886955023, 0.3466020886887007], "k_pid_yaw": [0.5, 1e-06, 0.1], "k_pid_hsp": [0.2197249652194965, 0.023853264669101166, 0.0], "k_pid_vsp": [198.53503674884686, 384.39443721040476, 1.4177053904222843]}, "datetime": {"datetime": "2025-08-21 17:42:37", "elapsed": 32274.080253839493, "delta": 16.724497318267822}, "costs": {"total_cost": 175.27640062273278, "time_cost": 69.19200000000001, "final_distance_cost": 1.841331178364734, "oscillation_cost": 29.859854681424313, "completition_cost": 0.0, "overshoot_cost": 49.457461051721424, "power_cost": 12.981894030761719, "noise_cost": 11.943859680460616, "n_waypoints_completed": 9, "tot_waypoints": 9}}
{"target": -174.59470912332543, "params": {"k_pid_pos": [2.0, 0.011543964212558025, 0.5860841191560588], "k_pid_alt": [1.7158424076120908, 0.003719439254625756, 0.011093052074076099], "k_pid_att": [13.1420806924783, 0.1529544204163723, 0.3068586446251867], "k_pid_yaw": [0.5, 1e-06, 0.1], "k_pid_hsp": [0.22532282090694103, 0.018302644740360013, 0.0], "k_pid_vsp": [249.4420275895321, 254.4987276921971, 0.9819694424165929]}, "datetime": {"datetime": "2025-08-21 17:42:53", "elapsed": 32289.76717066765, "delta": 15.686916828155518}, "costs": {"total_cost": 174.59470912332543, "time_cost": 68.64, "final_distance_cost": 1.8074660010909946, "oscillation_cost": 30.691734582591536, "completition_cost": 0.0, "overshoot_cost": 49.847530299742566, "power_cost": 12.400600268554689, "noise_cost": 11.207377971345627, "n_waypoints_completed": 9, "tot_waypoints": 9}}
{"target": -170.12205141281527, "params": {"k_pid_pos": [1.709112326165328, 0.01055511578187735, 0.9623036594231876], "k_pid_alt": [1.6983164562549788, 0.0035160366542708117, 0.006784625621415505], "k_pid_att": [11.444400314229162, 0.15325606539040626, 0.26752653149177935], "k_pid_yaw": [0.5, 1e-06, 0.1], "k_pid_hsp": [0.1527862832944028, 0.018591238423887477, 0.0], "k_pid_vsp": [245.38510880337466, 205.3920250876172, 1.1310401013143856]}, "datetime": {"datetime": "2025-08-21 17:43:10", "elapsed": 32307.31625199318, "delta": 17.549081325531006}, "costs": {"total_cost": 170.12205141281527, "time_cost": 69.032, "final_distance_cost": 1.8446475587724553, "oscillation_cost": 28.7067791983575, "completition_cost": 0.0, "overshoot_cost": 49.47451760661734, "power_cost": 10.526470166015626, "noise_cost": 10.537636883052372, "n_waypoints_completed": 9, "tot_waypoints": 9}}
{"target": -171.3734461441147, "params": {"k_pid_pos": [1.9345321057085743, 0.015248388507046804, 1.0], "k_pid_alt": [1.6953379275136016, 0.002742744823038186, 0.0128656025566331], "k_pid_att": [11.52946490978204, 0.15516679716357698, 0.33968715802207344], "k_pid_yaw": [0.5, 1e-06, 0.1], "k_pid_hsp": [0.18938021766315685, 0.019945353210967562, 0.0], "k_pid_vsp": [270.960844052887, 220.49490939808356, 1.2191806171942494]}, "datetime": {"datetime": "2025-08-21 17:43:26", "elapsed": 32323.42321753502, "delta": 16.1069655418396}, "costs": {"total_cost": 171.3734461441147, "time_cost": 68.864, "final_distance_cost": 1.8385421583514345, "oscillation_cost": 29.837758902925028, "completition_cost": 0.0, "overshoot_cost": 50.05751823718778, "power_cost": 10.493565686035156, "noise_cost": 10.282061159615298, "n_waypoints_completed": 9, "tot_waypoints": 9}}
{"target": -170.05154752646067, "params": {"k_pid_pos": [1.9426283022499724, 0.010675792401675576, 0.7859828423629827], "k_pid_alt": [1.7476903209861234, 0.002546949206545024, 0.012975864073361773], "k_pid_att": [15.982870719915738, 0.14102450815153966, 0.3240722337724242], "k_pid_yaw": [0.5, 1e-06, 0.1], "k_pid_hsp": [0.16193174000785554, 0.023019212259855593, 0.0], "k_pid_vsp": [274.57921542865523, 303.47966797149144, 0.841651649399796]}, "datetime": {"datetime": "2025-08-21 17:43:43", "elapsed": 32340.26744222641, "delta": 16.84422469139099}, "costs": {"total_cost": 170.05154752646067, "time_cost": 68.44800000000001, "final_distance_cost": 1.838000622524402, "oscillation_cost": 30.57095174845897, "completition_cost": 0.0, "overshoot_cost": 49.45672448595663, "power_cost": 9.821839086914062, "noise_cost": 9.916031582606617, "n_waypoints_completed": 9, "tot_waypoints": 9}}
{"target": -173.11096759797917, "params": {"k_pid_pos": [1.70360113272272, 0.010853175830211897, 0.7990756957568976], "k_pid_alt": [1.9895594258619411, 0.0018551152081175426, 0.00898015650029266], "k_pid_att": [12.553496308194875, 0.1624334670644204, 0.3202260173430772], "k_pid_yaw": [0.5, 1e-06, 0.1], "k_pid_hsp": [0.200920696416212, 0.016407224087626057, 0.0], "k_pid_vsp": [262.5710967957978, 309.4614829122486, 1.0666491779571863]}, "datetime": {"datetime": "2025-08-21 17:43:59", "elapsed": 32355.9659678936, "delta": 15.698525667190552}, "costs": {"total_cost": 173.11096759797917, "time_cost": 69.76, "final_distance_cost": 1.8408181859569528, "oscillation_cost": 28.358399498177196, "completition_cost": 0.0, "overshoot_cost": 50.71753974417591, "power_cost": 11.582378747558595, "noise_cost": 10.851831422110504, "n_waypoints_completed": 9, "tot_waypoints": 9}}
{"target": -173.87010795008294, "params": {"k_pid_pos": [2.0, 0.022119332133842623, 0.9113176595018153], "k_pid_alt": [1.1465470427215667, 0.004169715091970865, 0.012372261235492066], "k_pid_att": [13.64740466242958, 0.14818488773264787, 0.21428614112202662], "k_pid_yaw": [0.5, 1e-06, 0.1], "k_pid_hsp": [0.168891825164745, 0.016832867233873217, 0.0], "k_pid_vsp": [354.0583109238887, 253.13597928062475, 0.9705847867210661]}, "datetime": {"datetime": "2025-08-21 17:44:16", "elapsed": 32372.926624059677, "delta": 16.96065616607666}, "costs": {"total_cost": 173.87010795008294, "time_cost": 69.336, "final_distance_cost": 1.836805452857102, "oscillation_cost": 29.722015802580792, "completition_cost": 0.0, "overshoot_cost": 49.9708356063656, "power_cost": 11.949723071289062, "noise_cost": 11.054728016990367, "n_waypoints_completed": 9, "tot_waypoints": 9}}
{"target": -171.0712046014148, "params": {"k_pid_pos": [1.602082434168846, 0.01866947915407165, 0.9758903154951802], "k_pid_alt": [1.944081329806118, 0.0032263246046067614, 0.011496810353238249], "k_pid_att": [11.276601920582335, 0.11925675812340185, 0.36242740234490056], "k_pid_yaw": [0.5, 1e-06, 0.1], "k_pid_hsp": [0.1541062212003924, 0.025647251399000193, 0.0], "k_pid_vsp": [220.5953601232404, 245.78492031731784, 1.3363199059548492]}, "datetime": {"datetime": "2025-08-21 17:44:32", "elapsed": 32388.745302200317, "delta": 15.818678140640259}, "costs": {"total_cost": 171.0712046014148, "time_cost": 69.552, "final_distance_cost": 1.8399161639611992, "oscillation_cost": 27.93456974976168, "completition_cost": 0.0, "overshoot_cost": 50.43982999219042, "power_cost": 10.748369323730468, "noise_cost": 10.556519371771019, "n_waypoints_completed": 9, "tot_waypoints": 9}}
