{"target": -178.93366041814227, "params": {"k_pid_pos": [1.0058519211829395, 0.08090109157378043, 0.7829436458204805], "k_pid_alt": [1.4020496628258652, 0.003872673583816532, 0.009235318619309972], "k_pid_att": [33.18782047972721, 0.17437964536321351, 0.6051868255789141], "k_pid_yaw": [0.5, 1e-06, 0.1], "k_pid_hsp": [0.2106938588730873, 0.007762775700257751, 0.0], "k_pid_vsp": [65.72685677017661, 196.47158476327323, 1.754668513653322]}, "datetime": {"datetime": "2025-08-21 14:07:37", "elapsed": 19374.22006225586, "delta": 17.519081354141235}, "costs": {"total_cost": 178.93366041814227, "time_cost": 74.616, "final_distance_cost": 1.8377267772503392, "oscillation_cost": 26.715450775770737, "completition_cost": 0.0, "overshoot_cost": 50.41771223444468, "power_cost": 13.034662622070313, "noise_cost": 12.31210800860622, "n_waypoints_completed": 9, "tot_waypoints": 9}}
{"target": -168.4814079452981, "params": {"k_pid_pos": [1.9820400379395993, 0.0735530337052743, 0.9674140266121384], "k_pid_alt": [1.9452347687377685, 0.007459629877249995, 0.01163267605459012], "k_pid_att": [34.171304055571824, 0.1849111761420935, 0.4134253341467877], "k_pid_yaw": [0.5, 1e-06, 0.1], "k_pid_hsp": [0.1487945551787983, 0.01172267695069217, 0.0], "k_pid_vsp": [316.78278631848724, 229.08653339471311, 1.5820038733759636]}, "datetime": {"datetime": "2025-08-21 14:07:53", "elapsed": 19390.236315965652, "delta": 16.01625370979309}, "costs": {"total_cost": 168.4814079452981, "time_cost": 68.96000000000001, "final_distance_cost": 1.8135424486175855, "oscillation_cost": 29.092036720015642, "completition_cost": 0.0, "overshoot_cost": 50.086293948174244, "power_cost": 8.915647570800783, "noise_cost": 9.613887257689843, "n_waypoints_completed": 9, "tot_waypoints": 9}}
{"target": -183.5021732193524, "params": {"k_pid_pos": [1.1109965497527703, 0.11689825994966468, 1.0], "k_pid_alt": [1.2336355305974185, 0.004372586115678521, 0.005154935205165717], "k_pid_att": [24.380737307391147, 0.11828307106890369, 0.40921913932518733], "k_pid_yaw": [0.5, 1e-06, 0.1], "k_pid_hsp": [0.24846183568076943, 0.02605696035344085, 0.0], "k_pid_vsp": [181.06984537366236, 258.47978944095513, 2.8290231389315914]}, "datetime": {"datetime": "2025-08-21 14:08:11", "elapsed": 19407.689249038696, "delta": 17.452933073043823}, "costs": {"total_cost": 183.5021732193524, "time_cost": 75.56, "final_distance_cost": 1.8493969596516076, "oscillation_cost": 27.19663558589483, "completition_cost": 0.0, "overshoot_cost": 51.12294792449789, "power_cost": 14.597843884277344, "noise_cost": 13.175348865030672, "n_waypoints_completed": 9, "tot_waypoints": 9}}
{"target": -183.4381756172878, "params": {"k_pid_pos": [1.89928317597402, 0.0, 0.824363670018], "k_pid_alt": [1.8335475937136974, 0.0028695592593868725, 0.010011255484563027], "k_pid_att": [18.457807476751643, 0.2152502843332674, 0.2209216658847566], "k_pid_yaw": [0.5, 1e-06, 0.1], "k_pid_hsp": [0.22662686241798205, 0.021656500035583195, 0.0], "k_pid_vsp": [29.827482470770875, 261.9199710002194, 1.8813076091934782]}, "datetime": {"datetime": "2025-08-21 14:08:28", "elapsed": 19424.551197767258, "delta": 16.8619487285614}, "costs": {"total_cost": 183.4381756172878, "time_cost": 71.008, "final_distance_cost": 1.8331452817458855, "oscillation_cost": 35.65530972253102, "completition_cost": 0.0, "overshoot_cost": 50.90751719258729, "power_cost": 12.949925427246095, "noise_cost": 11.084277993177544, "n_waypoints_completed": 9, "tot_waypoints": 9}}
{"target": -176.9048345004715, "params": {"k_pid_pos": [2.0, 0.08633307071929482, 0.7665458602028191], "k_pid_alt": [1.9551632734223476, 0.006192592124517941, 0.007520733681127209], "k_pid_att": [9.192096219417975, 0.292257517596145, 0.3441639751574932], "k_pid_yaw": [0.5, 1e-06, 0.1], "k_pid_hsp": [0.20494082358085677, 0.00901598842697609, 0.0], "k_pid_vsp": [156.4250893770451, 162.47809939965273, 2.3809952043688543]}, "datetime": {"datetime": "2025-08-21 14:08:44", "elapsed": 19440.82648563385, "delta": 16.275287866592407}, "costs": {"total_cost": 176.9048345004715, "time_cost": 69.44800000000001, "final_distance_cost": 1.8029483198629235, "oscillation_cost": 29.657535474243307, "completition_cost": 0.0, "overshoot_cost": 50.78639586219794, "power_cost": 13.433590954589844, "noise_cost": 11.776363889577482, "n_waypoints_completed": 9, "tot_waypoints": 9}}
{"target": -171.30505158193597, "params": {"k_pid_pos": [1.5847699480766477, 0.10712649954004864, 1.0], "k_pid_alt": [2.0, 0.00521388460979767, 0.013696808554872868], "k_pid_att": [33.41293433838701, 0.12910390307539713, 0.4977283457473758], "k_pid_yaw": [0.5, 1e-06, 0.1], "k_pid_hsp": [0.150193165233064, 0.022786871368147266, 0.0], "k_pid_vsp": [156.18384230322602, 187.74094063468564, 2.4119642347250703]}, "datetime": {"datetime": "2025-08-21 14:09:00", "elapsed": 19456.942121982574, "delta": 16.115636348724365}, "costs": {"total_cost": 171.30505158193597, "time_cost": 69.856, "final_distance_cost": 1.825823604105492, "oscillation_cost": 27.176891402985152, "completition_cost": 0.0, "overshoot_cost": 49.59682053298527, "power_cost": 11.734643676757813, "noise_cost": 11.114872365102258, "n_waypoints_completed": 9, "tot_waypoints": 9}}
{"target": -193.28823021742846, "params": {"k_pid_pos": [1.8410505995244633, 0.06805283806561421, 1.0], "k_pid_alt": [1.979616630059673, 0.0057761997725383485, 0.007974951894419534], "k_pid_att": [13.071663501133436, 0.18375525362017267, 0.5090307379198035], "k_pid_yaw": [0.5, 1e-06, 0.1], "k_pid_hsp": [0.27491028264467193, 0.018911209027689346, 0.0], "k_pid_vsp": [306.3427891187157, 262.02980640351683, 1.220076636111575]}, "datetime": {"datetime": "2025-08-21 14:09:17", "elapsed": 19474.224689006805, "delta": 17.282567024230957}, "costs": {"total_cost": 193.28823021742846, "time_cost": 73.712, "final_distance_cost": 1.8352329699111343, "oscillation_cost": 31.178398653409314, "completition_cost": 0.0, "overshoot_cost": 52.45082450235399, "power_cost": 18.928255700683593, "noise_cost": 15.18351839107043, "n_waypoints_completed": 9, "tot_waypoints": 9}}
{"target": -180.64681561207033, "params": {"k_pid_pos": [1.657496212792549, 0.18119231896787144, 0.636562013565276], "k_pid_alt": [0.9548260503416316, 0.0048444007546603225, 0.007467426774589794], "k_pid_att": [13.172469585887816, 0.20953993388486047, 0.7156836457075272], "k_pid_yaw": [0.5, 1e-06, 0.1], "k_pid_hsp": [0.24267653715269613, 0.01749153908339725, 0.0], "k_pid_vsp": [282.13344553627536, 186.982669361936, 3.141546784132853]}, "datetime": {"datetime": "2025-08-21 14:09:34", "elapsed": 19490.8213391304, "delta": 16.59665012359619}, "costs": {"total_cost": 180.64681561207033, "time_cost": 70.328, "final_distance_cost": 1.7954853699886992, "oscillation_cost": 30.825079730669007, "completition_cost": 0.0, "overshoot_cost": 50.41720219418887, "power_cost": 14.721771362304688, "noise_cost": 12.559276954919074, "n_waypoints_completed": 9, "tot_waypoints": 9}}
{"target": -534.9008888563935, "params": {"k_pid_pos": [1.850944541743046, 0.0455533697828878, 1.0], "k_pid_alt": [0.16638410697714137, 0.004100293124948368, 0.010647871400978413], "k_pid_att": [20.51940745627684, 0.23013063880593163, 0.24303636381263669], "k_pid_yaw": [0.5, 1e-06, 0.1], "k_pid_hsp": [0.2343310323745823, 0.01658699851358959, 0.0], "k_pid_vsp": [225.17108222618637, 208.3313702491844, 3.1641409717788136]}, "datetime": {"datetime": "2025-08-21 14:09:58", "elapsed": 19514.74439883232, "delta": 23.923059701919556}, "costs": {"total_cost": 534.9008888563935, "time_cost": 150, "final_distance_cost": 67.91794043123184, "oscillation_cost": 27.149212978286997, "completition_cost": 222.2222222222222, "overshoot_cost": 44.790028897917864, "power_cost": 11.252920715332031, "noise_cost": 11.568563611402604, "n_waypoints_completed": 7, "tot_waypoints": 9}}
{"target": -183.08506565582033, "params": {"k_pid_pos": [1.0526261626022562, 0.018226754740568157, 0.5477780583455466], "k_pid_alt": [1.2437897892883099, 0.005348633754703273, 0.0038564123990603508], "k_pid_att": [17.937284768690162, 0.22078531962665357, 0.6788596697950808], "k_pid_yaw": [0.5, 1e-06, 0.1], "k_pid_hsp": [0.16828351520534993, 0.021060272117197854, 0.0], "k_pid_vsp": [7.70576475755297, 212.42353919679576, 2.707312191198264]}, "datetime": {"datetime": "2025-08-21 14:10:14", "elapsed": 19530.45709347725, "delta": 15.712694644927979}, "costs": {"total_cost": 183.08506565582033, "time_cost": 70.184, "final_distance_cost": 1.8441333755345204, "oscillation_cost": 31.13920021389538, "completition_cost": 0.0, "overshoot_cost": 49.03395590372397, "power_cost": 17.25191522216797, "noise_cost": 13.63186094049849, "n_waypoints_completed": 9, "tot_waypoints": 9}}
{"target": -171.77921565896187, "params": {"k_pid_pos": [1.1521865756322114, 0.10094508348345915, 1.0], "k_pid_alt": [1.6755998282030375, 0.00386766129067441, 0.014286975170263219], "k_pid_att": [13.369744357544056, 0.283654157177692, 0.5081504835654179], "k_pid_yaw": [0.5, 1e-06, 0.1], "k_pid_hsp": [0.09174085445974255, 0.013860008808764313, 0.0], "k_pid_vsp": [120.04609293660036, 210.39848077788318, 2.430636051066416]}, "datetime": {"datetime": "2025-08-21 14:10:30", "elapsed": 19547.21367764473, "delta": 16.75658416748047}, "costs": {"total_cost": 171.77921565896187, "time_cost": 72.56, "final_distance_cost": 1.8451486075792958, "oscillation_cost": 25.34329614716956, "completition_cost": 0.0, "overshoot_cost": 50.85489120776755, "power_cost": 10.499000451660157, "noise_cost": 10.676879244785338, "n_waypoints_completed": 9, "tot_waypoints": 9}}
{"target": -180.6232504196768, "params": {"k_pid_pos": [1.0174338689694253, 0.0, 1.0], "k_pid_alt": [2.0, 0.007756299300377241, 0.007760816875408448], "k_pid_att": [24.93865620318878, 0.1673638591415184, 0.4627398399924622], "k_pid_yaw": [0.5, 1e-06, 0.1], "k_pid_hsp": [0.19258664796937652, 0.028037261560297944, 0.0], "k_pid_vsp": [155.79847670492558, 243.545255177832, 1.230722850319944]}, "datetime": {"datetime": "2025-08-21 14:10:49", "elapsed": 19565.71219611168, "delta": 18.498518466949463}, "costs": {"total_cost": 180.6232504196768, "time_cost": 79.536, "final_distance_cost": 1.859644544624161, "oscillation_cost": 27.13808226642298, "completition_cost": 0.0, "overshoot_cost": 50.382449127337516, "power_cost": 10.016417443847656, "noise_cost": 11.69065703744448, "n_waypoints_completed": 9, "tot_waypoints": 9}}
{"target": -175.133388680336, "params": {"k_pid_pos": [1.3377364490913628, 0.04807394367514845, 1.0], "k_pid_alt": [1.094858942355153, 0.0049130951692115685, 0.0047316284276100054], "k_pid_att": [26.993822876304773, 0.110927805280911, 0.45363542951914465], "k_pid_yaw": [0.5, 1e-06, 0.1], "k_pid_hsp": [0.1896652511079057, 0.016420113469638217, 0.0], "k_pid_vsp": [123.67368841004514, 269.2104398488168, 1.6295801155596183]}, "datetime": {"datetime": "2025-08-21 14:11:06", "elapsed": 19582.503810167313, "delta": 16.791614055633545}, "costs": {"total_cost": 175.133388680336, "time_cost": 72.72, "final_distance_cost": 1.8451266832532653, "oscillation_cost": 27.713642091992654, "completition_cost": 0.0, "overshoot_cost": 50.24289074845988, "power_cost": 11.426802563476564, "noise_cost": 11.184926593153623, "n_waypoints_completed": 9, "tot_waypoints": 9}}
{"target": -172.69213581424341, "params": {"k_pid_pos": [2.0, 0.08375224639335653, 1.0], "k_pid_alt": [2.0, 0.004402830615010878, 0.010988044739727526], "k_pid_att": [39.12795275500202, 0.19392050949218306, 0.3984494757905858], "k_pid_yaw": [0.5, 1e-06, 0.1], "k_pid_hsp": [0.319698894810665, 0.023414449179280473, 0.0], "k_pid_vsp": [123.49554590800352, 263.83244089760916, 2.420207189166533]}, "datetime": {"datetime": "2025-08-21 14:11:23", "elapsed": 19599.532905101776, "delta": 17.0290949344635}, "costs": {"total_cost": 172.69213581424341, "time_cost": 69.536, "final_distance_cost": 1.826895941596473, "oscillation_cost": 29.54669976099271, "completition_cost": 0.0, "overshoot_cost": 50.00561634071587, "power_cost": 11.152125561523437, "noise_cost": 10.624798209414934, "n_waypoints_completed": 9, "tot_waypoints": 9}}
{"target": -169.28918565863825, "params": {"k_pid_pos": [1.6930956329171358, 0.11920331124993695, 1.0], "k_pid_alt": [1.980757585963353, 0.006003788811379817, 0.014069630303267314], "k_pid_att": [24.332897747639397, 0.28296508411994353, 0.6770767266011095], "k_pid_yaw": [0.5, 1e-06, 0.1], "k_pid_hsp": [0.32546540200393786, 0.01822060983890204, 0.0], "k_pid_vsp": [283.0957349055671, 203.69783424738844, 2.291878715457634]}, "datetime": {"datetime": "2025-08-21 14:11:39", "elapsed": 19615.463240623474, "delta": 15.930335521697998}, "costs": {"total_cost": 169.28918565863825, "time_cost": 69.70400000000001, "final_distance_cost": 1.8397874053027676, "oscillation_cost": 27.68850155090089, "completition_cost": 0.0, "overshoot_cost": 49.69041935823997, "power_cost": 10.069268896484376, "noise_cost": 10.297208447710233, "n_waypoints_completed": 9, "tot_waypoints": 9}}
{"target": -179.4691851341819, "params": {"k_pid_pos": [1.0497317198951708, 0.08740487207845915, 0.8161307767105338], "k_pid_alt": [1.7650742882241335, 0.0052141491091377305, 0.008117845580526223], "k_pid_att": [31.483372588641135, 0.08652482706903493, 0.7318105834236711], "k_pid_yaw": [0.5, 1e-06, 0.1], "k_pid_hsp": [0.15568885672452937, 0.002636534230002043, 0.0], "k_pid_vsp": [99.97159727542636, 141.4995409519435, 2.5161908604967373]}, "datetime": {"datetime": "2025-08-21 14:11:56", "elapsed": 19632.730152130127, "delta": 17.266911506652832}, "costs": {"total_cost": 179.4691851341819, "time_cost": 73.368, "final_distance_cost": 1.8316646965923091, "oscillation_cost": 25.62119448724558, "completition_cost": 0.0, "overshoot_cost": 50.714257107942515, "power_cost": 14.626920104980469, "noise_cost": 13.307148737421057, "n_waypoints_completed": 9, "tot_waypoints": 9}}
{"target": -169.91824335951037, "params": {"k_pid_pos": [1.4883558405310875, 0.037541760999971335, 1.0], "k_pid_alt": [2.0, 0.004542810156809649, 0.005199547194771579], "k_pid_att": [34.52559582378943, 0.2057676979037303, 0.41283127528047103], "k_pid_yaw": [0.5, 1e-06, 0.1], "k_pid_hsp": [0.19498550618193802, 0.03112705722106311, 0.0], "k_pid_vsp": [227.28249612881987, 286.60401021064825, 2.5134743992550805]}, "datetime": {"datetime": "2025-08-21 14:12:12", "elapsed": 19649.03058385849, "delta": 16.300431728363037}, "costs": {"total_cost": 169.91824335951037, "time_cost": 70.304, "final_distance_cost": 1.8507432691881764, "oscillation_cost": 27.925678866216916, "completition_cost": 0.0, "overshoot_cost": 49.64419241571939, "power_cost": 9.983706262207031, "noise_cost": 10.20992254617886, "n_waypoints_completed": 9, "tot_waypoints": 9}}
{"target": -177.19394892168853, "params": {"k_pid_pos": [2.0, 0.11767161931087751, 0.7345883417644892], "k_pid_alt": [2.0, 0.005878981852305291, 0.010765391205697729], "k_pid_att": [32.52671866283584, 0.18726876014007202, 0.6147444868210977], "k_pid_yaw": [0.5, 1e-06, 0.1], "k_pid_hsp": [0.21571795775678604, 0.016890652287653518, 0.0], "k_pid_vsp": [122.36363018726284, 133.26430936441992, 2.364177139846252]}, "datetime": {"datetime": "2025-08-21 14:12:28", "elapsed": 19664.832614183426, "delta": 15.802030324935913}, "costs": {"total_cost": 177.19394892168853, "time_cost": 69.552, "final_distance_cost": 1.8133534889881249, "oscillation_cost": 29.564819137564037, "completition_cost": 0.0, "overshoot_cost": 50.96500032898503, "power_cost": 13.486615588378907, "noise_cost": 11.812160377772447, "n_waypoints_completed": 9, "tot_waypoints": 9}}
{"target": -174.61256508963368, "params": {"k_pid_pos": [1.6122585839526298, 0.11746467327440639, 0.5021798157775583], "k_pid_alt": [1.7461546125300202, 0.0038819873823053297, 0.006448539089077092], "k_pid_att": [22.24019972932582, 0.20210709589871687, 0.5745245629187132], "k_pid_yaw": [0.5, 1e-06, 0.1], "k_pid_hsp": [0.17719494934179417, 0.02196955764875601, 0.0], "k_pid_vsp": [242.80875474569598, 256.5612674303755, 1.7228171091611229]}, "datetime": {"datetime": "2025-08-21 14:12:44", "elapsed": 19681.048308849335, "delta": 16.215694665908813}, "costs": {"total_cost": 174.61256508963368, "time_cost": 68.72, "final_distance_cost": 1.8038233556334509, "oscillation_cost": 30.71110854637688, "completition_cost": 0.0, "overshoot_cost": 49.71930457370663, "power_cost": 12.429879907226564, "noise_cost": 11.228448706690168, "n_waypoints_completed": 9, "tot_waypoints": 9}}
{"target": -174.45659367763443, "params": {"k_pid_pos": [1.7222076906535546, 0.09600325193836871, 0.46913874415906953], "k_pid_alt": [2.0, 0.00840132202560478, 0.0038165401542074053], "k_pid_att": [41.85401068034648, 0.14501898447284597, 0.3671231006883861], "k_pid_yaw": [0.5, 1e-06, 0.1], "k_pid_hsp": [0.1535152125036243, 0.013905013589544555, 0.0], "k_pid_vsp": [297.7905449633352, 256.407923686536, 1.9724417217163392]}, "datetime": {"datetime": "2025-08-21 14:13:00", "elapsed": 19696.922612667084, "delta": 15.874303817749023}, "costs": {"total_cost": 174.45659367763443, "time_cost": 69.528, "final_distance_cost": 1.7900244981084352, "oscillation_cost": 30.075734768440597, "completition_cost": 0.0, "overshoot_cost": 50.62619843967991, "power_cost": 11.602447863769532, "noise_cost": 10.834188107635956, "n_waypoints_completed": 9, "tot_waypoints": 9}}
{"target": -175.95759220437355, "params": {"k_pid_pos": [2.0, 0.09574480079360025, 0.8819619763057761], "k_pid_alt": [1.127310072141711, 0.0040038222288876135, 0.006891544379277651], "k_pid_att": [23.761717183242187, 0.15837190647572852, 0.39144344637207], "k_pid_yaw": [0.5, 1e-06, 0.1], "k_pid_hsp": [0.19080984974063608, 0.027824590830664114, 0.0], "k_pid_vsp": [275.44835292895544, 337.2208276552471, 2.127069836019777]}, "datetime": {"datetime": "2025-08-21 14:13:16", "elapsed": 19712.968688726425, "delta": 16.04607605934143}, "costs": {"total_cost": 175.95759220437355, "time_cost": 69.32000000000001, "final_distance_cost": 1.8098049384657844, "oscillation_cost": 30.32446742421396, "completition_cost": 0.0, "overshoot_cost": 50.23915761655836, "power_cost": 12.784876977539064, "noise_cost": 11.479285247596374, "n_waypoints_completed": 9, "tot_waypoints": 9}}
{"target": -176.50668832729662, "params": {"k_pid_pos": [1.587248441259785, 0.09095174717520749, 0.9610334046381445], "k_pid_alt": [2.0, 0.004744486373534217, 0.007576417603072191], "k_pid_att": [27.19154290355516, 0.16540630514561738, 0.6524548949533774], "k_pid_yaw": [0.5, 1e-06, 0.1], "k_pid_hsp": [0.16808052683248575, 0.0203889628358844, 0.0], "k_pid_vsp": [281.1069484292978, 259.34979024243006, 1.532199769072383]}, "datetime": {"datetime": "2025-08-21 14:13:33", "elapsed": 19729.8073489666, "delta": 16.83866024017334}, "costs": {"total_cost": 176.50668832729662, "time_cost": 70.184, "final_distance_cost": 1.8344500250196565, "oscillation_cost": 27.116841976959936, "completition_cost": 0.0, "overshoot_cost": 50.6846661766141, "power_cost": 14.266101525878907, "noise_cost": 12.420628622824022, "n_waypoints_completed": 9, "tot_waypoints": 9}}
{"target": -170.5520830322973, "params": {"k_pid_pos": [1.573261348442933, 0.12341339696687013, 1.0], "k_pid_alt": [1.698987080682343, 0.004302622006890937, 0.011463245858573943], "k_pid_att": [14.069117458830434, 0.38687456695958494, 0.32444853602612156], "k_pid_yaw": [0.5, 1e-06, 0.1], "k_pid_hsp": [0.3886073929542624, 0.025345173303711083, 0.0], "k_pid_vsp": [258.05864008901557, 361.33766638442927, 1.3287936648007932]}, "datetime": {"datetime": "2025-08-21 14:13:49", "elapsed": 19746.020809173584, "delta": 16.213460206985474}, "costs": {"total_cost": 170.5520830322973, "time_cost": 69.624, "final_distance_cost": 1.8300917305889732, "oscillation_cost": 29.350557879879855, "completition_cost": 0.0, "overshoot_cost": 49.64809214604036, "power_cost": 9.94192274169922, "noise_cost": 10.157418534088903, "n_waypoints_completed": 9, "tot_waypoints": 9}}
{"target": -172.6753805874553, "params": {"k_pid_pos": [1.327922870292379, 0.1016036091047962, 1.0], "k_pid_alt": [2.0, 0.003088967139761601, 0.008082121043926272], "k_pid_att": [28.546336135450556, 0.1823942652096984, 0.46663368524192195], "k_pid_yaw": [0.5, 1e-06, 0.1], "k_pid_hsp": [0.2398705307944523, 0.028907833930576925, 0.0], "k_pid_vsp": [117.4966802933962, 255.4798040300809, 2.483642329474377]}, "datetime": {"datetime": "2025-08-21 14:14:05", "elapsed": 19762.198783636093, "delta": 16.177974462509155}, "costs": {"total_cost": 172.6753805874553, "time_cost": 71.272, "final_distance_cost": 1.83763816101623, "oscillation_cost": 27.974111025715676, "completition_cost": 0.0, "overshoot_cost": 49.8071748080161, "power_cost": 10.924405798339844, "noise_cost": 10.860050794367446, "n_waypoints_completed": 9, "tot_waypoints": 9}}
{"target": -169.1857096403365, "params": {"k_pid_pos": [1.6023681532618392, 0.008316833618663505, 1.0], "k_pid_alt": [1.9403796947262146, 0.0032181670481597276, 0.007416245877287529], "k_pid_att": [31.720548302471695, 0.20758735378128246, 0.6183490812553404], "k_pid_yaw": [0.5, 1e-06, 0.1], "k_pid_hsp": [0.2267336256155251, 0.03771983035189238, 0.0], "k_pid_vsp": [329.9050485494678, 274.49952454997793, 1.926107770327343]}, "datetime": {"datetime": "2025-08-21 14:14:22", "elapsed": 19779.127827644348, "delta": 16.929044008255005}, "costs": {"total_cost": 169.1857096403365, "time_cost": 69.808, "final_distance_cost": 1.849244641126514, "oscillation_cost": 28.402909441935225, "completition_cost": 0.0, "overshoot_cost": 49.85222890486539, "power_cost": 9.361189440917968, "noise_cost": 9.912137211491402, "n_waypoints_completed": 9, "tot_waypoints": 9}}
