{"target": -171.99508457076547, "params": {"k_pid_pos": [2.0, 0.009927611986444766, 0.5801904903387322], "k_pid_alt": [1.721973017318871, 0.002747549686872857, 0.018665325300135874], "k_pid_att": [12.367134053604202, 0.15853611390021813, 0.3251758039832142], "k_pid_yaw": [0.5, 1e-06, 0.1], "k_pid_hsp": [0.1587811395141633, 0.01813082598478674, 0.0], "k_pid_vsp": [220.80438806368215, 224.85483488925368, 1.1746959011951625]}, "datetime": {"datetime": "2025-08-21 18:05:40", "elapsed": 33656.54091143608, "delta": 16.5042884349823}, "costs": {"total_cost": 171.99508457076547, "time_cost": 68.32000000000001, "final_distance_cost": 1.7944570040676342, "oscillation_cost": 31.04800294036081, "completition_cost": 0.0, "overshoot_cost": 50.46408696376488, "power_cost": 10.342451403808594, "noise_cost": 10.026086258763552, "n_waypoints_completed": 9, "tot_waypoints": 9}}
{"target": -184.82629903723344, "params": {"k_pid_pos": [1.4118715577737782, 0.012526143934901153, 1.0], "k_pid_alt": [2.0, 0.002911746564618933, 0.014031260277687951], "k_pid_att": [8.923160559870448, 0.1581521277181275, 0.2735081866936393], "k_pid_yaw": [0.5, 1e-06, 0.1], "k_pid_hsp": [0.199478445655772, 0.016494785628937688, 0.0], "k_pid_vsp": [251.06900794484545, 247.1372141380676, 1.1710005355861528]}, "datetime": {"datetime": "2025-08-21 18:05:57", "elapsed": 33673.599269628525, "delta": 17.058358192443848}, "costs": {"total_cost": 184.82629903723344, "time_cost": 72.032, "final_distance_cost": 1.842541567154065, "oscillation_cost": 28.984694105728185, "completition_cost": 0.0, "overshoot_cost": 50.73602310608797, "power_cost": 16.913799145507813, "noise_cost": 14.317241112755406, "n_waypoints_completed": 9, "tot_waypoints": 9}}
{"target": -175.35532540365205, "params": {"k_pid_pos": [1.9786104643391098, 0.008577551763238956, 1.0], "k_pid_alt": [2.0, 0.0023852359752856754, 0.012366702213213149], "k_pid_att": [10.58347395660102, 0.12517120323883169, 0.3219748400297163], "k_pid_yaw": [0.5, 1e-06, 0.1], "k_pid_hsp": [0.16442944277701402, 0.020153403505090418, 0.0], "k_pid_vsp": [267.2204155213783, 238.28793681335233, 1.0518006247429492]}, "datetime": {"datetime": "2025-08-21 18:06:14", "elapsed": 33690.91735243797, "delta": 17.318082809448242}, "costs": {"total_cost": 175.35532540365205, "time_cost": 69.904, "final_distance_cost": 1.8465849827035223, "oscillation_cost": 28.721651489708226, "completition_cost": 0.0, "overshoot_cost": 50.88080677553162, "power_cost": 12.573711181640626, "noise_cost": 11.428570974068062, "n_waypoints_completed": 9, "tot_waypoints": 9}}
{"target": -187.3310739316192, "params": {"k_pid_pos": [1.0436250903559745, 0.0085779012305529, 0.9653235726166001], "k_pid_alt": [2.0, 0.0019005101307937322, 0.01154303056603703], "k_pid_att": [17.424274563719248, 0.1813994822426207, 0.26713008248194253], "k_pid_yaw": [0.5, 1e-06, 0.1], "k_pid_hsp": [0.20998783823736947, 0.02085454567410236, 0.0], "k_pid_vsp": [259.7533355773637, 336.3407770145724, 1.4569152750798893]}, "datetime": {"datetime": "2025-08-21 18:06:32", "elapsed": 33708.89537572861, "delta": 17.978023290634155}, "costs": {"total_cost": 187.3310739316192, "time_cost": 78.12, "final_distance_cost": 1.8577240163276252, "oscillation_cost": 27.38737851572849, "completition_cost": 0.0, "overshoot_cost": 51.12832340779413, "power_cost": 14.956855847167969, "noise_cost": 13.880792144600994, "n_waypoints_completed": 9, "tot_waypoints": 9}}
{"target": -173.34228296856278, "params": {"k_pid_pos": [1.7325494722217811, 0.009581019914216254, 1.0], "k_pid_alt": [2.0, 0.003107908126917518, 0.01302105733772794], "k_pid_att": [11.492096180293771, 0.13516855860828778, 0.2647814199350797], "k_pid_yaw": [0.5, 1e-06, 0.1], "k_pid_hsp": [0.1412515502439261, 0.016813965711312027, 0.0], "k_pid_vsp": [285.64805402612586, 229.92570021965813, 1.036144732431957]}, "datetime": {"datetime": "2025-08-21 18:06:50", "elapsed": 33726.52352261543, "delta": 17.62814688682556}, "costs": {"total_cost": 173.34228296856278, "time_cost": 70.056, "final_distance_cost": 1.842053085084607, "oscillation_cost": 26.974523234077385, "completition_cost": 0.0, "overshoot_cost": 50.38635254144696, "power_cost": 12.562295361328125, "noise_cost": 11.521058746625735, "n_waypoints_completed": 9, "tot_waypoints": 9}}
{"target": -172.9833780432879, "params": {"k_pid_pos": [1.892643152583547, 0.015855827973917377, 0.8903830999574195], "k_pid_alt": [1.8575161644241198, 0.0018827728198258095, 0.014121751407742042], "k_pid_att": [10.53540435241762, 0.18259105669447254, 0.3007770528017218], "k_pid_yaw": [0.5, 1e-06, 0.1], "k_pid_hsp": [0.18879448449709044, 0.01796536247925069, 0.0], "k_pid_vsp": [293.9230982197084, 385.6311204204564, 1.3965363963857234]}, "datetime": {"datetime": "2025-08-21 18:07:05", "elapsed": 33742.09591937065, "delta": 15.572396755218506}, "costs": {"total_cost": 172.9833780432879, "time_cost": 68.816, "final_distance_cost": 1.8369851075107047, "oscillation_cost": 29.626310377272723, "completition_cost": 0.0, "overshoot_cost": 49.295197636963096, "power_cost": 12.244122888183595, "noise_cost": 11.164762033357793, "n_waypoints_completed": 9, "tot_waypoints": 9}}
{"target": -167.7569858720855, "params": {"k_pid_pos": [1.7292470949622836, 0.012830467371035692, 1.0], "k_pid_alt": [2.0, 0.0027648217555156754, 0.01318701807714316], "k_pid_att": [12.516322359583718, 0.1419513002963032, 0.38045503991482704], "k_pid_yaw": [0.5, 1e-06, 0.1], "k_pid_hsp": [0.2133511263423371, 0.018343485883720558, 0.0], "k_pid_vsp": [307.7613482244987, 305.1851541774202, 1.041197338019619]}, "datetime": {"datetime": "2025-08-21 18:07:23", "elapsed": 33759.7869720459, "delta": 17.691052675247192}, "costs": {"total_cost": 167.7569858720855, "time_cost": 69.688, "final_distance_cost": 1.8446208009303107, "oscillation_cost": 27.658127783981747, "completition_cost": 0.0, "overshoot_cost": 49.904958495592986, "power_cost": 8.981024645996094, "noise_cost": 9.680254145584378, "n_waypoints_completed": 9, "tot_waypoints": 9}}
{"target": -177.08556953694406, "params": {"k_pid_pos": [2.0, 0.008945277974221623, 1.0], "k_pid_alt": [2.0, 0.0011388219547081495, 0.01545470527912523], "k_pid_att": [14.643724927836798, 0.1249004299228989, 0.2942331239812636], "k_pid_yaw": [0.5, 1e-06, 0.1], "k_pid_hsp": [0.14462059957873896, 0.021191245188666996, 0.0], "k_pid_vsp": [263.6684073984905, 335.95280711788547, 1.1780506218716322]}, "datetime": {"datetime": "2025-08-21 18:07:40", "elapsed": 33776.56789970398, "delta": 16.780927658081055}, "costs": {"total_cost": 177.08556953694406, "time_cost": 69.824, "final_distance_cost": 1.8305912180451789, "oscillation_cost": 29.2291994057108, "completition_cost": 0.0, "overshoot_cost": 50.48995846380376, "power_cost": 13.715622546386719, "noise_cost": 11.996197902997572, "n_waypoints_completed": 9, "tot_waypoints": 9}}
{"target": -175.03787622355793, "params": {"k_pid_pos": [1.621428200316596, 0.009272479792352697, 0.7474419020926799], "k_pid_alt": [1.9911482728827572, 0.002766825779785022, 0.014572101561522903], "k_pid_att": [11.546898846874205, 0.2273375662052365, 0.2479175023501731], "k_pid_yaw": [0.5, 1e-06, 0.1], "k_pid_hsp": [0.14577453056330916, 0.02184290626054808, 0.0], "k_pid_vsp": [206.27518008342142, 242.23523698259532, 1.2683064907651287]}, "datetime": {"datetime": "2025-08-21 18:07:56", "elapsed": 33792.97633552551, "delta": 16.408435821533203}, "costs": {"total_cost": 175.03787622355793, "time_cost": 69.504, "final_distance_cost": 1.837966550821937, "oscillation_cost": 29.22812243925106, "completition_cost": 0.0, "overshoot_cost": 49.93476492917622, "power_cost": 12.750006494140626, "noise_cost": 11.783015810168088, "n_waypoints_completed": 9, "tot_waypoints": 9}}
{"target": -170.16848518615367, "params": {"k_pid_pos": [1.6524485348289437, 0.009829062276748053, 1.0], "k_pid_alt": [1.6903199352107396, 0.0025479336475431693, 0.010549157980275503], "k_pid_att": [10.354171248793135, 0.22683462643673621, 0.23090028579659916], "k_pid_yaw": [0.5, 1e-06, 0.1], "k_pid_hsp": [0.17579085641832046, 0.01647474531159412, 0.0], "k_pid_vsp": [223.64889964658622, 245.00773143302538, 0.795584479071071]}, "datetime": {"datetime": "2025-08-21 18:08:13", "elapsed": 33809.96568441391, "delta": 16.989348888397217}, "costs": {"total_cost": 170.16848518615367, "time_cost": 69.408, "final_distance_cost": 1.8399455521906376, "oscillation_cost": 28.688990556514515, "completition_cost": 0.0, "overshoot_cost": 50.1150878815402, "power_cost": 9.900124523925781, "noise_cost": 10.21633667198256, "n_waypoints_completed": 9, "tot_waypoints": 9}}
{"target": -181.23548945774542, "params": {"k_pid_pos": [1.7621665703447722, 0.007510949031130281, 0.8430650778553824], "k_pid_alt": [2.0, 0.0025852480616891564, 0.01541469052847874], "k_pid_att": [10.455865397378007, 0.19555663979763405, 0.36102599715213457], "k_pid_yaw": [0.5, 1e-06, 0.1], "k_pid_hsp": [0.11780195765725669, 0.01767586357880478, 0.0], "k_pid_vsp": [280.7383111944813, 251.8820513605112, 1.2598071042336452]}, "datetime": {"datetime": "2025-08-21 18:08:29", "elapsed": 33825.87651133537, "delta": 15.910826921463013}, "costs": {"total_cost": 181.23548945774542, "time_cost": 70.568, "final_distance_cost": 1.8253934717811924, "oscillation_cost": 29.301476793363175, "completition_cost": 0.0, "overshoot_cost": 51.23058201509103, "power_cost": 15.156281494140625, "noise_cost": 13.153755683369404, "n_waypoints_completed": 9, "tot_waypoints": 9}}
{"target": -175.769184239353, "params": {"k_pid_pos": [2.0, 0.0069219715883634915, 1.0], "k_pid_alt": [2.0, 0.0019178640185658214, 0.012826214385484877], "k_pid_att": [12.249770192456841, 0.17563434208259202, 0.30972707804352423], "k_pid_yaw": [0.5, 1e-06, 0.1], "k_pid_hsp": [0.1739970679924768, 0.020624526870332116, 0.0], "k_pid_vsp": [259.2240687595593, 275.7151607653107, 1.1146882098706132]}, "datetime": {"datetime": "2025-08-21 18:08:46", "elapsed": 33843.22997665405, "delta": 17.35346531867981}, "costs": {"total_cost": 175.769184239353, "time_cost": 69.664, "final_distance_cost": 1.8318486325664565, "oscillation_cost": 29.161961547964182, "completition_cost": 0.0, "overshoot_cost": 50.37127840013292, "power_cost": 12.821167651367189, "noise_cost": 11.91892800732224, "n_waypoints_completed": 9, "tot_waypoints": 9}}
{"target": -173.44970503835233, "params": {"k_pid_pos": [1.7409177931599888, 0.002525816450333305, 0.8885734119293819], "k_pid_alt": [2.0, 0.002384768816409203, 0.013027950437397596], "k_pid_att": [11.528419689926276, 0.20340801514451967, 0.20592923812248587], "k_pid_yaw": [0.5, 1e-06, 0.1], "k_pid_hsp": [0.1500244905395129, 0.020151760263531562, 0.0], "k_pid_vsp": [237.05333115824848, 224.71900694302056, 1.216229419106436]}, "datetime": {"datetime": "2025-08-21 18:09:02", "elapsed": 33859.01383304596, "delta": 15.783856391906738}, "costs": {"total_cost": 173.44970503835233, "time_cost": 69.808, "final_distance_cost": 1.8400460508147363, "oscillation_cost": 28.092242157867105, "completition_cost": 0.0, "overshoot_cost": 50.360244192300115, "power_cost": 12.062654467773438, "noise_cost": 11.286518169596954, "n_waypoints_completed": 9, "tot_waypoints": 9}}
{"target": -169.7225671569613, "params": {"k_pid_pos": [1.9578239876178154, 0.009596556659331358, 1.0], "k_pid_alt": [2.0, 0.0026974824416298843, 0.01512121555677691], "k_pid_att": [11.858509805457553, 0.17479100061835018, 0.22403013420786852], "k_pid_yaw": [0.5, 1e-06, 0.1], "k_pid_hsp": [0.15622992598439664, 0.02101625306877099, 0.0], "k_pid_vsp": [261.69229215780507, 332.4096779368227, 1.0976038287536507]}, "datetime": {"datetime": "2025-08-21 18:09:19", "elapsed": 33876.09208369255, "delta": 17.078250646591187}, "costs": {"total_cost": 169.7225671569613, "time_cost": 68.928, "final_distance_cost": 1.8420759291763837, "oscillation_cost": 29.409243599566576, "completition_cost": 0.0, "overshoot_cost": 49.78024322423012, "power_cost": 9.739338024902343, "noise_cost": 10.023666379085888, "n_waypoints_completed": 9, "tot_waypoints": 9}}
{"target": -184.00679595460858, "params": {"k_pid_pos": [1.1925403932122578, 0.009405015989614187, 0.8975420965757072], "k_pid_alt": [1.7268962460032071, 0.002761287759748383, 0.011557225603050739], "k_pid_att": [9.695552587192038, 0.15881922670684923, 0.3208294039222644], "k_pid_yaw": [0.5, 1e-06, 0.1], "k_pid_hsp": [0.18413167736362346, 0.021946657459285843, 0.0], "k_pid_vsp": [283.317262682395, 278.6065464285352, 1.360761310948113]}, "datetime": {"datetime": "2025-08-21 18:09:36", "elapsed": 33892.65047478676, "delta": 16.558391094207764}, "costs": {"total_cost": 184.00679595460858, "time_cost": 74.272, "final_distance_cost": 1.8501393569996427, "oscillation_cost": 27.947903688711026, "completition_cost": 0.0, "overshoot_cost": 50.5144725486846, "power_cost": 15.455473339843751, "noise_cost": 13.966807020369533, "n_waypoints_completed": 9, "tot_waypoints": 9}}
{"target": -172.96308119710952, "params": {"k_pid_pos": [2.0, 0.00654061025750675, 0.9779333918885639], "k_pid_alt": [2.0, 0.0022491832649941873, 0.011968634542554313], "k_pid_att": [10.71922996860863, 0.17002893581562262, 0.3119216636325231], "k_pid_yaw": [0.5, 1e-06, 0.1], "k_pid_hsp": [0.130154393565616, 0.020639103378528777, 0.0], "k_pid_vsp": [332.3989438869705, 252.68128383414924, 0.6884599390788196]}, "datetime": {"datetime": "2025-08-21 18:09:53", "elapsed": 33910.24504709244, "delta": 17.59457230567932}, "costs": {"total_cost": 172.96308119710952, "time_cost": 69.32000000000001, "final_distance_cost": 1.8265112828239929, "oscillation_cost": 29.287589985669097, "completition_cost": 0.0, "overshoot_cost": 50.712359496802065, "power_cost": 11.147324267578126, "noise_cost": 10.669296164236238, "n_waypoints_completed": 9, "tot_waypoints": 9}}
{"target": -174.62216396136967, "params": {"k_pid_pos": [1.6497978082687108, 0.007789390390383136, 0.8565955143273333], "k_pid_alt": [1.918016285097421, 0.0027641676609012245, 0.013733765301586714], "k_pid_att": [9.700054666117847, 0.2014696424198086, 0.27638993417445074], "k_pid_yaw": [0.5, 1e-06, 0.1], "k_pid_hsp": [0.1662042786726854, 0.015335374703487115, 0.0], "k_pid_vsp": [293.8374544367122, 295.63866109412226, 1.2253415945484283]}, "datetime": {"datetime": "2025-08-21 18:10:09", "elapsed": 33926.00478363037, "delta": 15.75973653793335}, "costs": {"total_cost": 174.62216396136967, "time_cost": 69.888, "final_distance_cost": 1.8370382337525317, "oscillation_cost": 27.793435147938396, "completition_cost": 0.0, "overshoot_cost": 50.183027300811254, "power_cost": 12.961724597167969, "noise_cost": 11.958938681699482, "n_waypoints_completed": 9, "tot_waypoints": 9}}
{"target": -172.04277508645546, "params": {"k_pid_pos": [1.5563923796863801, 0.010623823164055591, 1.0], "k_pid_alt": [1.2839277555050737, 0.003105692701790831, 0.011302128797476245], "k_pid_att": [12.984665803294275, 0.17301383539039217, 0.3029974620307147], "k_pid_yaw": [0.5, 1e-06, 0.1], "k_pid_hsp": [0.1710392123563019, 0.017904425944628048, 0.0], "k_pid_vsp": [293.46342675607104, 325.09076710335825, 1.1705532319399456]}, "datetime": {"datetime": "2025-08-21 18:10:28", "elapsed": 33944.94447469711, "delta": 18.939691066741943}, "costs": {"total_cost": 172.04277508645546, "time_cost": 70.352, "final_distance_cost": 1.849753696194529, "oscillation_cost": 28.447175208396303, "completition_cost": 0.0, "overshoot_cost": 49.879258044184645, "power_cost": 10.695699121093751, "noise_cost": 10.818889016586253, "n_waypoints_completed": 9, "tot_waypoints": 9}}
{"target": -171.96207836676487, "params": {"k_pid_pos": [1.722438743366917, 0.014710886516367727, 0.8131619221733071], "k_pid_alt": [1.855666977070672, 0.0023180566060271844, 0.012796318913582601], "k_pid_att": [16.50288365332236, 0.16149255928322453, 0.34384654691732736], "k_pid_yaw": [0.5, 1e-06, 0.1], "k_pid_hsp": [0.1674498480118042, 0.01894067428975046, 0.0], "k_pid_vsp": [319.4855142127999, 171.59927801409762, 1.0768972299479913]}, "datetime": {"datetime": "2025-08-21 18:10:44", "elapsed": 33960.887841939926, "delta": 15.94336724281311}, "costs": {"total_cost": 171.96207836676487, "time_cost": 69.568, "final_distance_cost": 1.8384122817435602, "oscillation_cost": 28.17514782100895, "completition_cost": 0.0, "overshoot_cost": 50.24055654119341, "power_cost": 11.371258129882813, "noise_cost": 10.768703592936129, "n_waypoints_completed": 9, "tot_waypoints": 9}}
{"target": -172.79531272938004, "params": {"k_pid_pos": [1.3345049280237584, 0.00819660879998656, 0.9308999524194599], "k_pid_alt": [2.0, 0.0027956292748874435, 0.01322722276357473], "k_pid_att": [12.698815365304634, 0.14455393957481494, 0.3017237833382063], "k_pid_yaw": [0.5, 1e-06, 0.1], "k_pid_hsp": [0.1467509384811604, 0.015034018291498042, 0.0], "k_pid_vsp": [229.00485443997852, 298.038343893262, 1.394716711847387]}, "datetime": {"datetime": "2025-08-21 18:11:02", "elapsed": 33978.79537630081, "delta": 17.90753436088562}, "costs": {"total_cost": 172.79531272938004, "time_cost": 70.984, "final_distance_cost": 1.8525602691875531, "oscillation_cost": 26.761556743580584, "completition_cost": 0.0, "overshoot_cost": 50.11013420450691, "power_cost": 11.647070739746095, "noise_cost": 11.439990772358911, "n_waypoints_completed": 9, "tot_waypoints": 9}}
{"target": -173.97315416104928, "params": {"k_pid_pos": [1.6895183787629071, 0.006305932054671777, 1.0], "k_pid_alt": [1.815365165962084, 0.0025745403794559135, 0.014934118557287853], "k_pid_att": [9.184754732927294, 0.16905492214695728, 0.2610338564663553], "k_pid_yaw": [0.5, 1e-06, 0.1], "k_pid_hsp": [0.09300459850810988, 0.019401667884518817, 0.0], "k_pid_vsp": [260.3645546487541, 281.8927047403102, 0.8535293219743502]}, "datetime": {"datetime": "2025-08-21 18:11:18", "elapsed": 33994.69498419762, "delta": 15.89960789680481}, "costs": {"total_cost": 173.97315416104928, "time_cost": 69.592, "final_distance_cost": 1.838009448489326, "oscillation_cost": 28.78996814061123, "completition_cost": 0.0, "overshoot_cost": 50.37219217180978, "power_cost": 12.191800500488283, "noise_cost": 11.189183899650663, "n_waypoints_completed": 9, "tot_waypoints": 9}}
{"target": -176.67671353159636, "params": {"k_pid_pos": [1.9396747426945307, 0.012319704702287387, 0.6470276967190717], "k_pid_alt": [1.846361306431623, 0.002913499397925725, 0.01015243268395537], "k_pid_att": [9.120490439561445, 0.14463886253691352, 0.2802861312892543], "k_pid_yaw": [0.5, 1e-06, 0.1], "k_pid_hsp": [0.139844663655694, 0.019316212967753637, 0.0], "k_pid_vsp": [223.71464045988623, 243.59165945599364, 1.2587363445145499]}, "datetime": {"datetime": "2025-08-21 18:11:35", "elapsed": 34011.91405057907, "delta": 17.219066381454468}, "costs": {"total_cost": 176.67671353159636, "time_cost": 68.928, "final_distance_cost": 1.8121586237940086, "oscillation_cost": 30.79017900181533, "completition_cost": 0.0, "overshoot_cost": 50.22535355491439, "power_cost": 13.273609191894533, "noise_cost": 11.647413159178075, "n_waypoints_completed": 9, "tot_waypoints": 9}}
{"target": -186.0618157020461, "params": {"k_pid_pos": [1.0996657230291191, 0.011388868495057476, 0.9233541063623582], "k_pid_alt": [1.6123166313412496, 0.0029087722389694788, 0.01255105533812685], "k_pid_att": [12.217769420651548, 0.18802798879548935, 0.3188728377979086], "k_pid_yaw": [0.5, 1e-06, 0.1], "k_pid_hsp": [0.19862780281974526, 0.019882661913065886, 0.0], "k_pid_vsp": [243.8842042869435, 217.7895795432455, 1.18913130000116]}, "datetime": {"datetime": "2025-08-21 18:11:53", "elapsed": 34029.71920657158, "delta": 17.805155992507935}, "costs": {"total_cost": 186.0618157020461, "time_cost": 76.44, "final_distance_cost": 1.8540380409130264, "oscillation_cost": 27.234789391805403, "completition_cost": 0.0, "overshoot_cost": 51.38337118115726, "power_cost": 15.090091235351563, "noise_cost": 14.059525852818831, "n_waypoints_completed": 9, "tot_waypoints": 9}}
{"target": -169.83335508143765, "params": {"k_pid_pos": [1.6536643086069918, 0.007334801517894572, 1.0], "k_pid_alt": [2.0, 0.0032829965004849415, 0.014208088456966805], "k_pid_att": [10.141360417251896, 0.15963315626467897, 0.28974177397173356], "k_pid_yaw": [0.5, 1e-06, 0.1], "k_pid_hsp": [0.17182309188859837, 0.021940675201023618, 0.0], "k_pid_vsp": [292.4078584365111, 286.9589035896078, 1.1037408323052238]}, "datetime": {"datetime": "2025-08-21 18:12:10", "elapsed": 34046.71853876114, "delta": 16.999332189559937}, "costs": {"total_cost": 169.83335508143765, "time_cost": 70.072, "final_distance_cost": 1.8393389709726544, "oscillation_cost": 27.39134715780624, "completition_cost": 0.0, "overshoot_cost": 49.94946890241302, "power_cost": 10.305757006835938, "noise_cost": 10.27544304340981, "n_waypoints_completed": 9, "tot_waypoints": 9}}
{"target": -174.11186033011933, "params": {"k_pid_pos": [2.0, 0.008733066886352992, 0.8083381046290993], "k_pid_alt": [2.0, 0.002637180418363293, 0.012900339609526435], "k_pid_att": [12.871710872036791, 0.14515066162906984, 0.32381758553503975], "k_pid_yaw": [0.5, 1e-06, 0.1], "k_pid_hsp": [0.2185003125684577, 0.02129993622399426, 0.0], "k_pid_vsp": [239.62518686302528, 251.04803964759904, 1.600927544818734]}, "datetime": {"datetime": "2025-08-21 18:12:26", "elapsed": 34062.59215474129, "delta": 15.873615980148315}, "costs": {"total_cost": 174.11186033011933, "time_cost": 69.008, "final_distance_cost": 1.833348121792727, "oscillation_cost": 30.04296252441351, "completition_cost": 0.0, "overshoot_cost": 50.10065375758358, "power_cost": 11.931622863769531, "noise_cost": 11.195273062560002, "n_waypoints_completed": 9, "tot_waypoints": 9}}
