{"target": -185.56168517213393, "params": {"k_pid_pos": [0.7184376500845658, 0.0, 0.2665651883665043], "k_pid_alt": [1.8960283229174018, 0.005247016928957558, 0.01357185050534517], "k_pid_att": [58.15055953712649, 0.21737872821089976, 0.5061452182918958], "k_pid_yaw": [0.5, 1e-06, 0.1], "k_pid_hsp": [0.4503002928373206, 0.03483269341949707, 0.0], "k_pid_vsp": [136.29614457342396, 152.37642480562906, 1.5651516510024261]}, "datetime": {"datetime": "2025-08-21 12:34:15", "elapsed": 13772.402917146683, "delta": 17.710482597351074}, "costs": {"total_cost": 185.56168517213393, "time_cost": 77.112, "final_distance_cost": 1.8501112268640423, "oscillation_cost": 28.701745441858556, "completition_cost": 0.0, "overshoot_cost": 50.33372835989687, "power_cost": 14.128363330078125, "noise_cost": 13.435736813436366, "n_waypoints_completed": 9, "tot_waypoints": 9}}
{"target": -1188.3933265491419, "params": {"k_pid_pos": [0.0003054866209090494, 0.2608610849316709, 0.6784652656435339], "k_pid_alt": [2.0, 0.004731512463089583, 0.11633287959965842], "k_pid_att": [71.4215509148239, 0.16421278401873263, 0.7014956076632878], "k_pid_yaw": [0.5, 1e-06, 0.1], "k_pid_hsp": [0.1210634858709605, 0.043781608007164984, 0.0], "k_pid_vsp": [285.8678660300529, 91.60974058343334, 0.9191566264025685]}, "datetime": {"datetime": "2025-08-21 12:34:38", "elapsed": 13795.03318142891, "delta": 22.630264282226562}, "costs": {"total_cost": 1188.3933265491419, "time_cost": 150, "final_distance_cost": 64.3456344125186, "oscillation_cost": 5.324543808275644, "completition_cost": 888.8888888888888, "overshoot_cost": 44.22910506457246, "power_cost": 19.695317749023438, "noise_cost": 15.909836625862923, "n_waypoints_completed": 1, "tot_waypoints": 9}}
{"target": -185.50969553501466, "params": {"k_pid_pos": [0.9267705703330669, 0.16990018846505914, 0.587857120919027], "k_pid_alt": [1.2040057018538135, 0.0, 0.08805232128319752], "k_pid_att": [54.209138682944, 0.13062472880083087, 0.44570368713498604], "k_pid_yaw": [0.5, 1e-06, 0.1], "k_pid_hsp": [0.603541778404255, 0.03426283475822429, 0.0], "k_pid_vsp": [146.4363951724012, 176.00936191180259, 1e-06]}, "datetime": {"datetime": "2025-08-21 12:34:56", "elapsed": 13812.63611483574, "delta": 17.602933406829834}, "costs": {"total_cost": 185.50969553501466, "time_cost": 77.416, "final_distance_cost": 1.8291299046664549, "oscillation_cost": 29.3942730263891, "completition_cost": 0.0, "overshoot_cost": 51.00176612523406, "power_cost": 13.123680480957033, "noise_cost": 12.74484599776802, "n_waypoints_completed": 9, "tot_waypoints": 9}}
{"target": -188.1449630190028, "params": {"k_pid_pos": [0.8188564532189763, 0.07110176152226062, 0.5376803105017122], "k_pid_alt": [2.0, 0.006683532130599277, 0.036492697165874964], "k_pid_att": [22.70664578557221, 0.2718464796270254, 0.3111902628882784], "k_pid_yaw": [0.5, 1e-06, 0.1], "k_pid_hsp": [0.503190040819412, 0.02899848330937267, 0.0], "k_pid_vsp": [345.43881418945716, 167.13704759422876, 0.03106738579422519]}, "datetime": {"datetime": "2025-08-21 12:35:13", "elapsed": 13830.244951963425, "delta": 17.608837127685547}, "costs": {"total_cost": 188.1449630190028, "time_cost": 76.696, "final_distance_cost": 1.844288088292316, "oscillation_cost": 27.728121170419637, "completition_cost": 0.0, "overshoot_cost": 51.55296145867825, "power_cost": 16.121051196289063, "noise_cost": 14.202541105323515, "n_waypoints_completed": 9, "tot_waypoints": 9}}
{"target": -182.6912965743527, "params": {"k_pid_pos": [0.9199375191857029, 0.10671654143379432, 0.8217392875257614], "k_pid_alt": [2.0, 0.003980853654773435, 0.039355702340923907], "k_pid_att": [48.08704870867641, 0.24921221318998413, 0.5339307019115965], "k_pid_yaw": [0.5, 1e-06, 0.1], "k_pid_hsp": [0.3291955787030176, 0.02902507528505863, 0.0], "k_pid_vsp": [224.3834973188793, 194.5689671360724, 2.702305376179355]}, "datetime": {"datetime": "2025-08-21 12:35:31", "elapsed": 13847.982374668121, "delta": 17.737422704696655}, "costs": {"total_cost": 182.6912965743527, "time_cost": 76.616, "final_distance_cost": 1.838468557766624, "oscillation_cost": 27.00559560403646, "completition_cost": 0.0, "overshoot_cost": 51.196190911664694, "power_cost": 13.319697290039063, "noise_cost": 12.715344210845831, "n_waypoints_completed": 9, "tot_waypoints": 9}}
{"target": -172.24160970612152, "params": {"k_pid_pos": [2.0, 0.11156380167209236, 0.6107418678552091], "k_pid_alt": [2.0, 0.00672348685479519, 0.07145163720674777], "k_pid_att": [43.35930621952784, 0.14710120472616162, 0.982139862648105], "k_pid_yaw": [0.5, 1e-06, 0.1], "k_pid_hsp": [0.21181843827167227, 0.04704631377508927, 0.0], "k_pid_vsp": [100.60242725329056, 168.05276838871154, 2.716693802548382]}, "datetime": {"datetime": "2025-08-21 12:35:47", "elapsed": 13863.964574337006, "delta": 15.982199668884277}, "costs": {"total_cost": 172.24160970612152, "time_cost": 68.352, "final_distance_cost": 1.7942776634461206, "oscillation_cost": 33.89647050163007, "completition_cost": 0.0, "overshoot_cost": 49.70773660018389, "power_cost": 9.15479365234375, "noise_cost": 9.33633128851768, "n_waypoints_completed": 9, "tot_waypoints": 9}}
{"target": -175.232780324532, "params": {"k_pid_pos": [1.353564628698299, 0.12614715561258363, 0.06026530849209388], "k_pid_alt": [2.0, 0.00835341497390447, 0.037837786925850485], "k_pid_att": [50.813785630392516, 0.2731240034959382, 0.30313060287569715], "k_pid_yaw": [0.5, 1e-06, 0.1], "k_pid_hsp": [0.4294262792247416, 0.05517008098434519, 0.0], "k_pid_vsp": [143.67429350614296, 212.0545039214961, 6.801922730507468]}, "datetime": {"datetime": "2025-08-21 12:36:03", "elapsed": 13879.852877140045, "delta": 15.88830280303955}, "costs": {"total_cost": 175.232780324532, "time_cost": 68.728, "final_distance_cost": 1.7931170310341347, "oscillation_cost": 33.05612851031326, "completition_cost": 0.0, "overshoot_cost": 50.354134182644366, "power_cost": 10.948673303222657, "noise_cost": 10.352727297317626, "n_waypoints_completed": 9, "tot_waypoints": 9}}
{"target": -174.1607141917317, "params": {"k_pid_pos": [2.0, 0.0, 0.6923543894348052], "k_pid_alt": [2.0, 0.007419359607677087, 0.06803731773067913], "k_pid_att": [20.700713478739463, 0.326031619307495, 0.4599882829585136], "k_pid_yaw": [0.5, 1e-06, 0.1], "k_pid_hsp": [0.4476231616361314, 0.02949763039981369, 0.0], "k_pid_vsp": [335.10980040194937, 218.7159486206816, 3.4105491466558617]}, "datetime": {"datetime": "2025-08-21 12:36:19", "elapsed": 13895.534764289856, "delta": 15.681887149810791}, "costs": {"total_cost": 174.1607141917317, "time_cost": 69.184, "final_distance_cost": 1.8428670110803163, "oscillation_cost": 30.377754118496664, "completition_cost": 0.0, "overshoot_cost": 50.4122383280369, "power_cost": 11.477875598144532, "noise_cost": 10.865979135973298, "n_waypoints_completed": 9, "tot_waypoints": 9}}
{"target": -170.40026007553806, "params": {"k_pid_pos": [1.8939405333658554, 0.06427147265826456, 0.6546015065682825], "k_pid_alt": [2.0, 0.007411101204049961, 0.1430714296439364], "k_pid_att": [29.040679436054365, 0.2535155250336607, 0.47424772815772975], "k_pid_yaw": [0.5, 1e-06, 0.1], "k_pid_hsp": [0.4392918260436434, 0.027042661470228865, 0.0], "k_pid_vsp": [226.46444523239066, 175.25715997117527, 3.399846532885696]}, "datetime": {"datetime": "2025-08-21 12:36:34", "elapsed": 13911.413573741913, "delta": 15.878809452056885}, "costs": {"total_cost": 170.40026007553806, "time_cost": 68.57600000000001, "final_distance_cost": 1.815640858640855, "oscillation_cost": 30.449300089957564, "completition_cost": 0.0, "overshoot_cost": 50.21215081999481, "power_cost": 9.620768090820313, "noise_cost": 9.726400216124478, "n_waypoints_completed": 9, "tot_waypoints": 9}}
{"target": -172.70737359088767, "params": {"k_pid_pos": [1.5420037271936815, 0.10116987593416504, 0.9707884910203978], "k_pid_alt": [2.0, 0.0032500812949154217, 0.1313177183016363], "k_pid_att": [31.780006455792286, 0.2792940090558935, 0.6159823369957852], "k_pid_yaw": [0.5, 1e-06, 0.1], "k_pid_hsp": [0.719037829677133, 0.01699153173475876, 0.0], "k_pid_vsp": [223.53455053515776, 196.20392511287255, 5.6077660485000465]}, "datetime": {"datetime": "2025-08-21 12:36:51", "elapsed": 13927.6387758255, "delta": 16.225202083587646}, "costs": {"total_cost": 172.70737359088767, "time_cost": 70.272, "final_distance_cost": 1.8480866865535357, "oscillation_cost": 29.88029573398989, "completition_cost": 0.0, "overshoot_cost": 50.01593529252741, "power_cost": 10.305820520019532, "noise_cost": 10.385235357797317, "n_waypoints_completed": 9, "tot_waypoints": 9}}
{"target": -182.8773757379937, "params": {"k_pid_pos": [1.5789088197300618, 0.05838822155268445, 0.30447104012850534], "k_pid_alt": [1.8791420912060268, 0.008857955408435722, 0.07767180053528382], "k_pid_att": [84.71015833507118, 0.38494830512185035, 0.7100366150501775], "k_pid_yaw": [0.5, 1e-06, 0.1], "k_pid_hsp": [0.20940565043966353, 0.035574988640171196, 0.0], "k_pid_vsp": [145.14383785763025, 187.1488882691791, 1.1240400636602697]}, "datetime": {"datetime": "2025-08-21 12:37:07", "elapsed": 13943.616173744202, "delta": 15.977397918701172}, "costs": {"total_cost": 182.8773757379937, "time_cost": 70.488, "final_distance_cost": 1.8148447442400761, "oscillation_cost": 33.8341728017562, "completition_cost": 0.0, "overshoot_cost": 50.36797289681126, "power_cost": 14.274103198242187, "noise_cost": 12.098282096943965, "n_waypoints_completed": 9, "tot_waypoints": 9}}
{"target": -172.9675244404428, "params": {"k_pid_pos": [2.0, 0.06582316053259413, 0.7108371549577509], "k_pid_alt": [2.0, 0.007011086493300532, 0.06743818113703794], "k_pid_att": [36.53552584917367, 0.30523227118476487, 0.9810463831816655], "k_pid_yaw": [0.5, 1e-06, 0.1], "k_pid_hsp": [0.3508272044727077, 0.03482318819680102, 0.0], "k_pid_vsp": [290.72150388364463, 259.0414682415103, 5.346362288162237]}, "datetime": {"datetime": "2025-08-21 12:37:22", "elapsed": 13959.427738666534, "delta": 15.811564922332764}, "costs": {"total_cost": 172.9675244404428, "time_cost": 69.06400000000001, "final_distance_cost": 1.8137214128385086, "oscillation_cost": 30.412032698035084, "completition_cost": 0.0, "overshoot_cost": 49.90307344093604, "power_cost": 11.254265795898439, "noise_cost": 10.52043109273471, "n_waypoints_completed": 9, "tot_waypoints": 9}}
{"target": -175.66040401338637, "params": {"k_pid_pos": [1.8875726584184795, 0.23617572941434864, 0.38833972346530127], "k_pid_alt": [1.7251100848004135, 0.004588441820495752, 0.08585982808999741], "k_pid_att": [24.454803278089884, 0.19804289600586011, 0.3999773615027104], "k_pid_yaw": [0.5, 1e-06, 0.1], "k_pid_hsp": [0.4704456654998699, 0.05026724739445046, 0.0], "k_pid_vsp": [144.6122697587276, 150.90839460999823, 7.407543338747035]}, "datetime": {"datetime": "2025-08-21 12:37:38", "elapsed": 13974.970073223114, "delta": 15.54233455657959}, "costs": {"total_cost": 175.66040401338637, "time_cost": 68.608, "final_distance_cost": 1.775945108997579, "oscillation_cost": 33.26381274323458, "completition_cost": 0.0, "overshoot_cost": 49.683732765039075, "power_cost": 11.577923107910157, "noise_cost": 10.750990288204969, "n_waypoints_completed": 9, "tot_waypoints": 9}}
{"target": -179.6796100316827, "params": {"k_pid_pos": [1.53791867597626, 0.1550961365561271, 0.5243934111758404], "k_pid_alt": [2.0, 0.007333818053966386, 0.08233451275838666], "k_pid_att": [44.328945077198746, 0.19938420356286682, 0.4607235898676896], "k_pid_yaw": [0.5, 1e-06, 0.1], "k_pid_hsp": [0.3082788505794882, 0.03998677453314705, 0.0], "k_pid_vsp": [72.8210358137754, 236.88586240946168, 0.2949287983382378]}, "datetime": {"datetime": "2025-08-21 12:37:54", "elapsed": 13991.059095621109, "delta": 16.089022397994995}, "costs": {"total_cost": 179.6796100316827, "time_cost": 69.808, "final_distance_cost": 1.824950934101451, "oscillation_cost": 31.200311814702278, "completition_cost": 0.0, "overshoot_cost": 50.55290887128896, "power_cost": 13.97666297607422, "noise_cost": 12.316775435515797, "n_waypoints_completed": 9, "tot_waypoints": 9}}
{"target": -191.9340877662895, "params": {"k_pid_pos": [1.558309741750764, 0.09814074556484881, 0.6497838245723986], "k_pid_alt": [2.0, 0.005126891668407574, 0.1168264586435304], "k_pid_att": [28.548394832297674, 0.1773690038795959, 0.06289820113544704], "k_pid_yaw": [0.5, 1e-06, 0.1], "k_pid_hsp": [0.4783639565131153, 0.061043291180638566, 0.0], "k_pid_vsp": [199.3928383859554, 188.0774972025623, 0.08457102715875653]}, "datetime": {"datetime": "2025-08-21 12:38:11", "elapsed": 14008.088393449783, "delta": 17.029297828674316}, "costs": {"total_cost": 191.9340877662895, "time_cost": 71.616, "final_distance_cost": 1.8425333866791314, "oscillation_cost": 34.50277737289765, "completition_cost": 0.0, "overshoot_cost": 52.03909786665466, "power_cost": 17.63427147216797, "noise_cost": 14.299407667890119, "n_waypoints_completed": 9, "tot_waypoints": 9}}
{"target": -181.8771241859635, "params": {"k_pid_pos": [1.4541755603583948, 0.18593716648969286, 0.5217693417633432], "k_pid_alt": [1.6347837958156284, 0.006579676569866519, 0.05380612977110293], "k_pid_att": [47.18500326948013, 0.21068280751321722, 0.6283296096686786], "k_pid_yaw": [0.5, 1e-06, 0.1], "k_pid_hsp": [0.40718839010327623, 0.02903830612876422, 0.0], "k_pid_vsp": [121.56910342381771, 223.03039778596988, 3.956526876779904]}, "datetime": {"datetime": "2025-08-21 12:38:27", "elapsed": 14024.1124958992, "delta": 16.024102449417114}, "costs": {"total_cost": 181.8771241859635, "time_cost": 70.44800000000001, "final_distance_cost": 1.8029421324296244, "oscillation_cost": 30.212602394945055, "completition_cost": 0.0, "overshoot_cost": 51.01974631611525, "power_cost": 15.35468709716797, "noise_cost": 13.039146245305606, "n_waypoints_completed": 9, "tot_waypoints": 9}}
{"target": -181.07393579926034, "params": {"k_pid_pos": [1.5311943381771547, 0.09844216138365287, 0.34724095592865845], "k_pid_alt": [0.7508099107838628, 0.0032966849872545973, 0.034801133792069984], "k_pid_att": [35.676284750637365, 0.19518845622055983, 0.7870633017343417], "k_pid_yaw": [0.5, 1e-06, 0.1], "k_pid_hsp": [0.5279738718054419, 0.02384468856533729, 0.0], "k_pid_vsp": [352.9395272811848, 137.45390555527922, 2.8214402734924917]}, "datetime": {"datetime": "2025-08-21 12:38:44", "elapsed": 14040.582445144653, "delta": 16.46994924545288}, "costs": {"total_cost": 181.07393579926034, "time_cost": 71.352, "final_distance_cost": 1.8074631816782416, "oscillation_cost": 31.16538390365819, "completition_cost": 0.0, "overshoot_cost": 50.05035607700678, "power_cost": 14.345085205078126, "noise_cost": 12.353647431839004, "n_waypoints_completed": 9, "tot_waypoints": 9}}
{"target": -201.2084421311022, "params": {"k_pid_pos": [0.9153617033330126, 0.11992226706223191, 0.65191947497634], "k_pid_alt": [0.6512645499368682, 0.006223289385881883, 0.0876631026581628], "k_pid_att": [35.94710842753886, 0.06103630974457644, 0.5980426752155991], "k_pid_yaw": [0.5, 1e-06, 0.1], "k_pid_hsp": [0.3347484857954972, 0.05345199178929159, 0.0], "k_pid_vsp": [298.0386353825279, 253.4367555348174, 2.706360370877585]}, "datetime": {"datetime": "2025-08-21 12:39:02", "elapsed": 14059.363421440125, "delta": 18.78097629547119}, "costs": {"total_cost": 201.2084421311022, "time_cost": 81.32000000000001, "final_distance_cost": 1.8481725267298326, "oscillation_cost": 27.70187989773146, "completition_cost": 0.0, "overshoot_cost": 52.58263871304458, "power_cost": 21.004427368164063, "noise_cost": 16.751323625432267, "n_waypoints_completed": 9, "tot_waypoints": 9}}
{"target": -170.82954771802616, "params": {"k_pid_pos": [1.594884289184965, 0.17515560358841345, 0.7685441067904072], "k_pid_alt": [1.8132285509068495, 0.005774509148645801, 0.0904590885048946], "k_pid_att": [24.03334602364285, 0.20678920670217746, 0.6865062392550151], "k_pid_yaw": [0.5, 1e-06, 0.1], "k_pid_hsp": [0.4540161588733665, 0.043889150816341406, 0.0], "k_pid_vsp": [276.9754463136713, 155.14828032842124, 1.2460247266253457]}, "datetime": {"datetime": "2025-08-21 12:39:18", "elapsed": 14075.132203578949, "delta": 15.768782138824463}, "costs": {"total_cost": 170.82954771802616, "time_cost": 69.24, "final_distance_cost": 1.8220878176023305, "oscillation_cost": 30.193071131034838, "completition_cost": 0.0, "overshoot_cost": 49.660547568187106, "power_cost": 9.835164526367189, "noise_cost": 10.078676674834693, "n_waypoints_completed": 9, "tot_waypoints": 9}}
{"target": -1225.736015947352, "params": {"k_pid_pos": [0.0001, 0.05364011678928249, 0.9584204104304991], "k_pid_alt": [2.0, 0.004067828880995358, 0.09739772186224409], "k_pid_att": [48.28353190602734, 0.18744776614590408, 0.650693328895254], "k_pid_yaw": [0.5, 1e-06, 0.1], "k_pid_hsp": [0.2740573869098628, 0.023614219459534038, 0.0], "k_pid_vsp": [232.6534702962596, 213.76214698896638, 1.3651599745445528]}, "datetime": {"datetime": "2025-08-21 12:39:41", "elapsed": 14097.834287881851, "delta": 22.70208430290222}, "costs": {"total_cost": 1225.736015947352, "time_cost": 150, "final_distance_cost": 47.437239606242926, "oscillation_cost": 1.3956754270874248, "completition_cost": 888.8888888888888, "overshoot_cost": 108.37706009794594, "power_cost": 15.674963708496094, "noise_cost": 13.962188218690773, "n_waypoints_completed": 1, "tot_waypoints": 9}}
{"target": -184.61321962030843, "params": {"k_pid_pos": [1.1434534521275468, 0.09127842373807273, 0.3615863258045146], "k_pid_alt": [1.3754318121265428, 0.0047177638703874555, 0.08671701001211103], "k_pid_att": [65.1554352330513, 0.07382941817290041, 0.6942093705217188], "k_pid_yaw": [0.5, 1e-06, 0.1], "k_pid_hsp": [0.4706930127961846, 0.03207820497554515, 0.0], "k_pid_vsp": [243.73796464425448, 399.9185614080786, 4.440609002098692]}, "datetime": {"datetime": "2025-08-21 12:39:58", "elapsed": 14114.844348430634, "delta": 17.01006054878235}, "costs": {"total_cost": 184.61321962030843, "time_cost": 71.032, "final_distance_cost": 1.8329930733877775, "oscillation_cost": 29.135018162449928, "completition_cost": 0.0, "overshoot_cost": 51.523805019047806, "power_cost": 16.897706835937502, "noise_cost": 14.191696529485437, "n_waypoints_completed": 9, "tot_waypoints": 9}}
{"target": -174.62448048567137, "params": {"k_pid_pos": [1.7248600472863966, 0.06164525009997751, 0.7569764653536434], "k_pid_alt": [1.0631338827368706, 0.00535535538727622, 0.11810435709905927], "k_pid_att": [62.08619124677861, 0.27968971160331896, 0.2733660770643295], "k_pid_yaw": [0.5, 1e-06, 0.1], "k_pid_hsp": [0.5088340450663412, 0.0347352088156928, 0.0], "k_pid_vsp": [241.1559525028921, 196.49006978550165, 1.1268694856474792]}, "datetime": {"datetime": "2025-08-21 12:40:14", "elapsed": 14130.686213254929, "delta": 15.841864824295044}, "costs": {"total_cost": 174.62448048567137, "time_cost": 69.64, "final_distance_cost": 1.830089689583702, "oscillation_cost": 33.254002040640685, "completition_cost": 0.0, "overshoot_cost": 49.43241452485378, "power_cost": 10.003523742675782, "noise_cost": 10.46445048791743, "n_waypoints_completed": 9, "tot_waypoints": 9}}
{"target": -176.61361462296173, "params": {"k_pid_pos": [1.4608468118607585, 0.14491902303816698, 0.460282207502362], "k_pid_alt": [2.0, 0.00564010611593613, 0.11768598904076007], "k_pid_att": [12.548845954894015, 0.1873078844058351, 0.49200530718907315], "k_pid_yaw": [0.5, 1e-06, 0.1], "k_pid_hsp": [0.5473299416203813, 0.061696854326405655, 0.0], "k_pid_vsp": [40.23361981996225, 85.07533182149318, 2.6314269601825644]}, "datetime": {"datetime": "2025-08-21 12:40:30", "elapsed": 14146.759239196777, "delta": 16.073025941848755}, "costs": {"total_cost": 176.61361462296173, "time_cost": 69.44, "final_distance_cost": 1.8323102005398175, "oscillation_cost": 31.58710116606126, "completition_cost": 0.0, "overshoot_cost": 49.82321860707283, "power_cost": 12.379784509277345, "noise_cost": 11.551200140010478, "n_waypoints_completed": 9, "tot_waypoints": 9}}
{"target": -185.0571596996781, "params": {"k_pid_pos": [1.462717744906624, 0.13391349501697705, 0.5556736532417105], "k_pid_alt": [1.51583018636895, 0.0033564280224438817, 0.08766584710313673], "k_pid_att": [30.43721477387639, 0.2390144649698609, 0.635567613504335], "k_pid_yaw": [0.5, 1e-06, 0.1], "k_pid_hsp": [0.431972374804287, 0.03908856042240514, 0.0], "k_pid_vsp": [11.11343847375998, 219.70416340755855, 2.157043792744653]}, "datetime": {"datetime": "2025-08-21 12:40:47", "elapsed": 14163.885175466537, "delta": 17.125936269760132}, "costs": {"total_cost": 185.0571596996781, "time_cost": 73.976, "final_distance_cost": 1.8231600534306498, "oscillation_cost": 38.83451990349406, "completition_cost": 0.0, "overshoot_cost": 49.49604121475216, "power_cost": 11.15130994873047, "noise_cost": 9.776128579270766, "n_waypoints_completed": 9, "tot_waypoints": 9}}
{"target": -187.18121321421404, "params": {"k_pid_pos": [2.0, 0.02751610392721476, 0.5466008267374635], "k_pid_alt": [1.0337186788888408, 0.006986521552384881, 0.08149731249951776], "k_pid_att": [38.025349587732585, 0.2545521808363708, 0.7790438222644513], "k_pid_yaw": [0.5, 1e-06, 0.1], "k_pid_hsp": [0.536590675429166, 0.056655889163026586, 0.0], "k_pid_vsp": [225.52435865647553, 117.54132444430876, 1.3821553579048886]}, "datetime": {"datetime": "2025-08-21 12:41:04", "elapsed": 14180.481617689133, "delta": 16.596442222595215}, "costs": {"total_cost": 187.18121321421404, "time_cost": 71.552, "final_distance_cost": 1.800243748408326, "oscillation_cost": 33.92862023001804, "completition_cost": 0.0, "overshoot_cost": 49.87946948121283, "power_cost": 16.49175114746094, "noise_cost": 13.529128607113917, "n_waypoints_completed": 9, "tot_waypoints": 9}}
