{"target": -201.5138647848497, "params": {"k_pid_pos": [2.0, 0.4750938383053909, 0.9524258760650876], "k_pid_alt": [1.5557971728922613, 0.0040011415920352894, 0.008005003408021221], "k_pid_att": [37.59830748066623, 1.0002542159904515, 1.0], "k_pid_yaw": [0.5, 1e-06, 0.1], "k_pid_hsp": [0.8289742590494157, 0.2717610448588023, 0.0], "k_pid_vsp": [189.48252776221034, 327.831556069112, 4.884081390203629]}, "datetime": {"datetime": "2025-08-21 10:02:56", "elapsed": 4693.082360029221, "delta": 19.983665466308594}, "costs": {"total_cost": 201.5138647848497, "time_cost": 79.544, "final_distance_cost": 1.8008251019639747, "oscillation_cost": 39.40468710458158, "completition_cost": 0.0, "overshoot_cost": 51.1223930864884, "power_cost": 15.93906326904297, "noise_cost": 13.702896222772761, "n_waypoints_completed": 9, "tot_waypoints": 9}}
{"target": -200.44570486987217, "params": {"k_pid_pos": [0.5272578513562259, 0.5808975201174191, 0.36493706257637853], "k_pid_alt": [2.0, 0.022036058899385463, 0.09818910166998496], "k_pid_att": [71.34255178959246, 1.4166088710404778, 0.7080909604361979], "k_pid_yaw": [0.5, 1e-06, 0.1], "k_pid_hsp": [2.623298498003549, 0.4713757066640189, 0.0], "k_pid_vsp": [97.14202970490561, 233.60579267312255, 9.378769353177967]}, "datetime": {"datetime": "2025-08-21 10:03:20", "elapsed": 4716.83073425293, "delta": 23.748374223709106}, "costs": {"total_cost": 200.44570486987217, "time_cost": 83.896, "final_distance_cost": 1.7726639581502284, "oscillation_cost": 38.95683915994288, "completition_cost": 0.0, "overshoot_cost": 50.86730079919215, "power_cost": 12.775389013671875, "noise_cost": 12.17751193891502, "n_waypoints_completed": 9, "tot_waypoints": 9}}
{"target": -190.21233518795538, "params": {"k_pid_pos": [2.0, 0.39429983499149346, 0.5919700201541733], "k_pid_alt": [1.269474208435237, 0.0067136649748555655, 0.0], "k_pid_att": [70.78174527983619, 2.1099691366234317, 0.34900314683626177], "k_pid_yaw": [0.5, 1e-06, 0.1], "k_pid_hsp": [2.6141195266414883, 0.24828346844455193, 0.0], "k_pid_vsp": [120.49253035540573, 175.9532833559949, 1e-06]}, "datetime": {"datetime": "2025-08-21 10:03:41", "elapsed": 4737.923585653305, "delta": 21.092851400375366}, "costs": {"total_cost": 190.21233518795538, "time_cost": 73.296, "final_distance_cost": 1.7940451440731098, "oscillation_cost": 39.2859675682165, "completition_cost": 0.0, "overshoot_cost": 50.713822921506456, "power_cost": 13.157029003906251, "noise_cost": 11.965470550253073, "n_waypoints_completed": 9, "tot_waypoints": 9}}
{"target": -394.1368650282227, "params": {"k_pid_pos": [0.1637855759236333, 0.3046707177424575, 0.3380882608192404], "k_pid_alt": [1.9766330302192623, 0.0, 0.0], "k_pid_att": [65.8408277034731, 1.685049054291268, 0.6895526532041165], "k_pid_yaw": [0.5, 1e-06, 0.1], "k_pid_hsp": [1.4209918859807045, 0.17775158724931606, 0.0], "k_pid_vsp": [168.87313776433663, 295.54983974468934, 1e-06]}, "datetime": {"datetime": "2025-08-21 10:04:06", "elapsed": 4763.426704883575, "delta": 25.503119230270386}, "costs": {"total_cost": 394.1368650282227, "time_cost": 150, "final_distance_cost": 21.976728528690273, "oscillation_cost": 29.03382730127709, "completition_cost": 111.11111111111116, "overshoot_cost": 58.10904627736733, "power_cost": 11.736642517089845, "noise_cost": 12.169509292687053, "n_waypoints_completed": 8, "tot_waypoints": 9}}
{"target": -214.23978475378797, "params": {"k_pid_pos": [0.48253985480162864, 0.410183386422851, 0.6723415648513479], "k_pid_alt": [2.0, 0.0010420209200418735, 0.019234539207447898], "k_pid_att": [53.514115004211895, 2.9111828615672426, 0.5960699954148194], "k_pid_yaw": [0.5, 1e-06, 0.1], "k_pid_hsp": [2.2224534986008524, 0.2184573078995605, 0.0], "k_pid_vsp": [167.95298818161928, 322.8786954279135, 1e-06]}, "datetime": {"datetime": "2025-08-21 10:04:35", "elapsed": 4791.876230955124, "delta": 28.449526071548462}, "costs": {"total_cost": 214.23978475378797, "time_cost": 88.816, "final_distance_cost": 1.8278795725261507, "oscillation_cost": 34.1861787135819, "completition_cost": 0.0, "overshoot_cost": 52.39493796078099, "power_cost": 19.733077270507813, "noise_cost": 17.28171123639113, "n_waypoints_completed": 9, "tot_waypoints": 9}}
{"target": -220.3312196579354, "params": {"k_pid_pos": [0.7850555786956465, 0.46799303654235186, 0.7676642434568145], "k_pid_alt": [1.3657038012596796, 0.0, 0.0], "k_pid_att": [40.90164648088215, 1.8061113046025732, 0.6714164158879231], "k_pid_yaw": [0.5, 1e-06, 0.1], "k_pid_hsp": [1.1867542975957326, 0.39154827548776655, 0.0], "k_pid_vsp": [41.76875140452952, 400.0, 2.7502851200805396]}, "datetime": {"datetime": "2025-08-21 10:04:58", "elapsed": 4815.127187252045, "delta": 23.250956296920776}, "costs": {"total_cost": 220.3312196579354, "time_cost": 90.152, "final_distance_cost": 1.799300856735457, "oscillation_cost": 49.204995146168976, "completition_cost": 0.0, "overshoot_cost": 50.22175467494893, "power_cost": 15.406245385742189, "noise_cost": 13.546923594339853, "n_waypoints_completed": 9, "tot_waypoints": 9}}
{"target": -395.2525108197056, "params": {"k_pid_pos": [0.21630808780258737, 0.4773871028770449, 0.4425647269901793], "k_pid_alt": [1.5023246262802805, 0.013942011780108607, 0.01907095173009384], "k_pid_att": [62.615579034793804, 1.495999488316695, 0.22665089377123457], "k_pid_yaw": [0.5, 1e-06, 0.1], "k_pid_hsp": [2.2316600655807624, 0.2660955105483715, 0.0], "k_pid_vsp": [212.4939117389049, 222.75113784385357, 2.550074468128378]}, "datetime": {"datetime": "2025-08-21 10:05:27", "elapsed": 4844.199902296066, "delta": 29.072715044021606}, "costs": {"total_cost": 395.2525108197056, "time_cost": 150, "final_distance_cost": 6.868489994442194, "oscillation_cost": 36.69701372332782, "completition_cost": 111.11111111111116, "overshoot_cost": 54.7635706392808, "power_cost": 19.223580541992188, "noise_cost": 16.58874480955144, "n_waypoints_completed": 8, "tot_waypoints": 9}}
{"target": -1236.3144182376934, "params": {"k_pid_pos": [1.114778861546717, 0.2717020392813412, 0.5284380082768516], "k_pid_alt": [1.7174889265652287, 0.013217811861099013, 0.06572328764414816], "k_pid_att": [66.43660149911209, 1.831295383275056, 0.8759111916564776], "k_pid_yaw": [0.5, 1e-06, 0.1], "k_pid_hsp": [0.0001, 0.19234628906258144, 0.0], "k_pid_vsp": [343.4780299856072, 363.09231050017826, 5.679976785713695]}, "datetime": {"datetime": "2025-08-21 10:05:54", "elapsed": 4871.029921293259, "delta": 26.830018997192383}, "costs": {"total_cost": 1236.3144182376934, "time_cost": 150, "final_distance_cost": 90.0694754518828, "oscillation_cost": 107.03699999311368, "completition_cost": 777.7777777777778, "overshoot_cost": 76.21279658473344, "power_cost": 19.367594848632812, "noise_cost": 15.849773581552892, "n_waypoints_completed": 2, "tot_waypoints": 9}}
{"target": -192.52688597358792, "params": {"k_pid_pos": [1.4581211838845463, 0.5613365153539759, 0.426818838442905], "k_pid_alt": [1.4004962097453963, 0.018033208993929153, 0.0], "k_pid_att": [77.2641390162537, 1.5669902065443664, 0.6435547915834112], "k_pid_yaw": [0.5, 1e-06, 0.1], "k_pid_hsp": [2.157265427677137, 0.236088019755293, 0.0], "k_pid_vsp": [336.61295859562296, 240.0029122085648, 7.031537240142221]}, "datetime": {"datetime": "2025-08-21 10:06:14", "elapsed": 4891.314879417419, "delta": 20.284958124160767}, "costs": {"total_cost": 192.52688597358792, "time_cost": 77.128, "final_distance_cost": 1.7817045807124778, "oscillation_cost": 39.15665739951548, "completition_cost": 0.0, "overshoot_cost": 50.86446276602221, "power_cost": 12.044693420410157, "noise_cost": 11.551367806927601, "n_waypoints_completed": 9, "tot_waypoints": 9}}
{"target": -1285.5816662589646, "params": {"k_pid_pos": [0.0001, 0.5970836369692184, 0.4983993507855928], "k_pid_alt": [0.0, 0.014500778272115775, 0.1376385996750253], "k_pid_att": [97.18129572495222, 1.62935042702912, 0.0], "k_pid_yaw": [0.5, 1e-06, 0.1], "k_pid_hsp": [4.434660178969108, 0.4278492815412133, 0.0], "k_pid_vsp": [147.41278166903587, 364.9722337794586, 6.550641884800787]}, "datetime": {"datetime": "2025-08-21 10:06:43", "elapsed": 4919.829248428345, "delta": 28.514369010925293}, "costs": {"total_cost": 1285.5816662589646, "time_cost": 150, "final_distance_cost": 70.98853643721608, "oscillation_cost": 64.49425254390208, "completition_cost": 888.8888888888888, "overshoot_cost": 71.17533662036074, "power_cost": 21.281078845214846, "noise_cost": 18.75357292338197, "n_waypoints_completed": 1, "tot_waypoints": 9}}
{"target": -203.2575814137203, "params": {"k_pid_pos": [1.2665203668448852, 0.0, 0.8367695808537646], "k_pid_alt": [1.1588734970728047, 0.0, 0.08500087442150943], "k_pid_att": [54.11278553536237, 0.527185799825083, 0.47572090574677955], "k_pid_yaw": [0.5, 1e-06, 0.1], "k_pid_hsp": [3.075863701307816, 0.3091314932507247, 0.0], "k_pid_vsp": [238.73789726554068, 313.44248068444716, 11.546789753321937]}, "datetime": {"datetime": "2025-08-21 10:07:01", "elapsed": 4938.3663811683655, "delta": 18.537132740020752}, "costs": {"total_cost": 203.2575814137203, "time_cost": 74.616, "final_distance_cost": 1.8526340702998148, "oscillation_cost": 44.35431481305838, "completition_cost": 0.0, "overshoot_cost": 49.99539997368999, "power_cost": 17.821737841796875, "noise_cost": 14.617494714875233, "n_waypoints_completed": 9, "tot_waypoints": 9}}
{"target": -548.5069489954494, "params": {"k_pid_pos": [0.8100365208166928, 0.205514492745328, 0.5761056734551055], "k_pid_alt": [0.5851393602631222, 0.025363775408769423, 0.0], "k_pid_att": [60.97439038448513, 1.203564205108863, 0.4905460756602551], "k_pid_yaw": [0.5, 1e-06, 0.1], "k_pid_hsp": [2.5553985237617627, 0.23018427474995126, 0.0], "k_pid_vsp": [125.05612777025748, 304.0897832130687, 1e-06]}, "datetime": {"datetime": "2025-08-21 10:07:33", "elapsed": 4970.159957408905, "delta": 31.79357624053955}, "costs": {"total_cost": 548.5069489954494, "time_cost": 150, "final_distance_cost": 66.89320096746467, "oscillation_cost": 34.20712917981323, "completition_cost": 222.2222222222222, "overshoot_cost": 42.27754950035972, "power_cost": 17.848191821289063, "noise_cost": 15.058655304300538, "n_waypoints_completed": 7, "tot_waypoints": 9}}
{"target": -250.79136611061728, "params": {"k_pid_pos": [1.5343295365827843, 0.9353990681795329, 0.3163677435595829], "k_pid_alt": [0.8154996195342936, 0.009543456690117502, 0.0], "k_pid_att": [60.27506850065948, 1.6493386829171277, 0.06340415774326529], "k_pid_yaw": [0.5, 1e-06, 0.1], "k_pid_hsp": [2.0087219270789194, 0.4308348950946825, 0.0], "k_pid_vsp": [135.9400810640641, 395.2253023837764, 16.801704916267948]}, "datetime": {"datetime": "2025-08-21 10:08:03", "elapsed": 5000.2697739601135, "delta": 30.109816551208496}, "costs": {"total_cost": 250.79136611061728, "time_cost": 99.808, "final_distance_cost": 1.7733573404494227, "oscillation_cost": 55.66364685699903, "completition_cost": 0.0, "overshoot_cost": 63.36236915617687, "power_cost": 15.232019787597658, "noise_cost": 14.951972969394287, "n_waypoints_completed": 9, "tot_waypoints": 9}}
{"target": -209.14594461522694, "params": {"k_pid_pos": [1.2276046347033285, 0.44108236386379235, 1.0], "k_pid_alt": [1.1333700475307504, 0.02910802775919254, 0.09661468299977673], "k_pid_att": [24.45735678593068, 2.475195790829368, 1.0], "k_pid_yaw": [0.5, 1e-06, 0.1], "k_pid_hsp": [1.9169868235422272, 0.39810418531481123, 0.0], "k_pid_vsp": [230.9475287965088, 244.0082888123652, 4.628275813153157]}, "datetime": {"datetime": "2025-08-21 10:08:31", "elapsed": 5028.374660015106, "delta": 28.104886054992676}, "costs": {"total_cost": 209.14594461522694, "time_cost": 89.768, "final_distance_cost": 1.7842324719370015, "oscillation_cost": 35.570676335633394, "completition_cost": 0.0, "overshoot_cost": 51.144099831111056, "power_cost": 16.304931689453127, "noise_cost": 14.57400428709236, "n_waypoints_completed": 9, "tot_waypoints": 9}}
{"target": -187.8286377936694, "params": {"k_pid_pos": [1.2233556240937113, 0.4215255431985041, 0.7916177025592711], "k_pid_alt": [1.6244236694733203, 0.0, 0.07138061673294718], "k_pid_att": [62.578200637728, 0.17298441615551255, 0.5699540495636759], "k_pid_yaw": [0.5, 1e-06, 0.1], "k_pid_hsp": [1.963145036575116, 0.4156014181461765, 0.0], "k_pid_vsp": [225.17352874958237, 241.7698322033774, 0.135040164137702]}, "datetime": {"datetime": "2025-08-21 10:08:52", "elapsed": 5048.538776636124, "delta": 20.164116621017456}, "costs": {"total_cost": 187.8286377936694, "time_cost": 75.72, "final_distance_cost": 1.8169962478916661, "oscillation_cost": 36.512214098787496, "completition_cost": 0.0, "overshoot_cost": 50.32228347385561, "power_cost": 11.715919018554688, "noise_cost": 11.741224954579943, "n_waypoints_completed": 9, "tot_waypoints": 9}}
{"target": -673.7756847258845, "params": {"k_pid_pos": [0.8167493303609316, 0.23546014125006168, 0.9639009800936664], "k_pid_alt": [0.1527190640929105, 0.005866409073965073, 0.07394492358461706], "k_pid_att": [85.20667756569736, 2.2663767180825727, 0.673515498530382], "k_pid_yaw": [0.5, 1e-06, 0.1], "k_pid_hsp": [3.076857337171996, 0.41306968810613465, 0.0], "k_pid_vsp": [221.19658690457797, 73.85061475737432, 15.475745248385623]}, "datetime": {"datetime": "2025-08-21 10:09:16", "elapsed": 5073.179290771484, "delta": 24.640514135360718}, "costs": {"total_cost": 673.7756847258845, "time_cost": 150, "final_distance_cost": 70.89428091418544, "oscillation_cost": 42.09005612350103, "completition_cost": 333.33333333333337, "overshoot_cost": 44.720705827753015, "power_cost": 18.41341218261719, "noise_cost": 14.323896344494417, "n_waypoints_completed": 6, "tot_waypoints": 9}}
{"target": -189.56672225605445, "params": {"k_pid_pos": [2.0, 0.07470866123863823, 0.7479792081161794], "k_pid_alt": [1.3053729794873175, 0.02057905907025032, 0.06309378600276948], "k_pid_att": [54.284019845461216, 1.335050456644791, 0.8815694464046976], "k_pid_yaw": [0.5, 1e-06, 0.1], "k_pid_hsp": [4.222139464385493, 0.3177531578484141, 0.013461191890273694], "k_pid_vsp": [122.90802405038403, 339.94113603163083, 9.656233094380653]}, "datetime": {"datetime": "2025-08-21 10:09:38", "elapsed": 5095.140880346298, "delta": 21.961589574813843}, "costs": {"total_cost": 189.56672225605445, "time_cost": 68.432, "final_distance_cost": 1.8159540505963712, "oscillation_cost": 42.74720058232311, "completition_cost": 0.0, "overshoot_cost": 49.979898785499756, "power_cost": 14.462638195800782, "noise_cost": 12.129030641834417, "n_waypoints_completed": 9, "tot_waypoints": 9}}
{"target": -184.32695951372204, "params": {"k_pid_pos": [1.1813528250977703, 0.6624458511359584, 0.935678911591023], "k_pid_alt": [1.726608760291812, 0.004342110813550811, 0.09195827744332076], "k_pid_att": [33.02123514008118, 1.372420165173245, 0.902138124935271], "k_pid_yaw": [0.5, 1e-06, 0.1], "k_pid_hsp": [3.6308727036843487, 0.5248455181988896, 0.0], "k_pid_vsp": [154.3731943313821, 225.70446324568152, 3.7836873463564813]}, "datetime": {"datetime": "2025-08-21 10:10:01", "elapsed": 5117.6341326236725, "delta": 22.493252277374268}, "costs": {"total_cost": 184.32695951372204, "time_cost": 74.8, "final_distance_cost": 1.8097607894926138, "oscillation_cost": 34.73559237797162, "completition_cost": 0.0, "overshoot_cost": 50.49625973760195, "power_cost": 11.307307934570312, "noise_cost": 11.178038674085558, "n_waypoints_completed": 9, "tot_waypoints": 9}}
{"target": -260.44208159497, "params": {"k_pid_pos": [1.6819705526714561, 0.29828510934358593, 0.5360047959425468], "k_pid_alt": [1.558798075956594, 0.003210171420135273, 0.1351224679038703], "k_pid_att": [51.47282642475091, 1.448872835417107, 0.6580872434953581], "k_pid_yaw": [0.5, 1e-06, 0.1], "k_pid_hsp": [2.767561445005805, 0.14072295439706523, 0.0], "k_pid_vsp": [0.0, 332.7026605867849, 8.490597554604495]}, "datetime": {"datetime": "2025-08-21 10:10:25", "elapsed": 5142.233413219452, "delta": 24.59928059577942}, "costs": {"total_cost": 260.44208159497, "time_cost": 97.288, "final_distance_cost": 1.7161341347778158, "oscillation_cost": 77.22687343780322, "completition_cost": 0.0, "overshoot_cost": 55.07403248481303, "power_cost": 16.805408947753907, "noise_cost": 12.33163258982198, "n_waypoints_completed": 9, "tot_waypoints": 9}}
{"target": -250.94943700037774, "params": {"k_pid_pos": [1.2402065040317298, 0.348649371505301, 0.9532806923430762], "k_pid_alt": [0.7950478198583365, 0.015127204740677027, 0.0], "k_pid_att": [45.0693613341412, 1.6216884431420802, 0.41241942008499866], "k_pid_yaw": [0.5, 1e-06, 0.1], "k_pid_hsp": [1.9181729504660916, 0.5196291326411857, 0.0], "k_pid_vsp": [0.0, 289.9111544641424, 10.143857763646723]}, "datetime": {"datetime": "2025-08-21 10:10:54", "elapsed": 5171.122552394867, "delta": 28.88913917541504}, "costs": {"total_cost": 250.94943700037774, "time_cost": 89.84, "final_distance_cost": 1.7815848174499835, "oscillation_cost": 71.26382749328265, "completition_cost": 0.0, "overshoot_cost": 54.31125173638893, "power_cost": 19.504361633300782, "noise_cost": 14.248411319955368, "n_waypoints_completed": 9, "tot_waypoints": 9}}
{"target": -196.43203328461257, "params": {"k_pid_pos": [1.9401718261982452, 0.5366794628550359, 0.7677393204471258], "k_pid_alt": [1.3511982147031685, 0.01720086829724464, 0.19001286335179635], "k_pid_att": [51.441453692898676, 1.5758629631062717, 0.6432903969726093], "k_pid_yaw": [0.5, 1e-06, 0.1], "k_pid_hsp": [1.4146927111661738, 0.37159555009935397, 0.0], "k_pid_vsp": [55.75877573085367, 400.0, 4.161760121750814]}, "datetime": {"datetime": "2025-08-21 10:11:13", "elapsed": 5189.962217330933, "delta": 18.839664936065674}, "costs": {"total_cost": 196.43203328461257, "time_cost": 75.70400000000001, "final_distance_cost": 1.7676229708255917, "oscillation_cost": 42.77916438258562, "completition_cost": 0.0, "overshoot_cost": 50.56689717982201, "power_cost": 13.704976757812501, "noise_cost": 11.909371993566882, "n_waypoints_completed": 9, "tot_waypoints": 9}}
{"target": -196.42552335680534, "params": {"k_pid_pos": [1.8267937630553757, 0.30721056218217646, 0.6164803786599059], "k_pid_alt": [2.0, 0.006421502666848593, 0.05915157242657112], "k_pid_att": [62.73677046266769, 0.6910625330440437, 0.5843978987912711], "k_pid_yaw": [0.5, 1e-06, 0.1], "k_pid_hsp": [3.0369763701703456, 0.3260458898812772, 0.0], "k_pid_vsp": [174.51110569435764, 157.79472724443272, 12.884018501740174]}, "datetime": {"datetime": "2025-08-21 10:11:32", "elapsed": 5209.129461765289, "delta": 19.16724443435669}, "costs": {"total_cost": 196.42552335680534, "time_cost": 69.232, "final_distance_cost": 1.8061157073161525, "oscillation_cost": 44.5843290450527, "completition_cost": 0.0, "overshoot_cost": 50.284892371397895, "power_cost": 17.469701000976563, "noise_cost": 13.048485232062024, "n_waypoints_completed": 9, "tot_waypoints": 9}}
{"target": -3449.1856246340035, "params": {"k_pid_pos": [0.641043566944239, 0.17809171993950823, 0.5519239772162726], "k_pid_alt": [1.4103744993429803, 0.021793465152621885, 0.07556593872223384], "k_pid_att": [0.0, 1.1299897882997247, 0.7901546313186011], "k_pid_yaw": [0.5, 1e-06, 0.1], "k_pid_hsp": [3.064503147684659, 0.0, 0.0], "k_pid_vsp": [241.58246881737784, 330.62025620022126, 7.072368157659526]}, "datetime": {"datetime": "2025-08-21 10:12:01", "elapsed": 5238.247948169708, "delta": 29.118486404418945}, "costs": {"total_cost": 3449.1856246340035, "time_cost": 150, "final_distance_cost": 369.257461030827, "oscillation_cost": 944.1849523166157, "completition_cost": 1000.0, "overshoot_cost": 852.8400183280686, "power_cost": 35.31493778076172, "noise_cost": 97.58825517773046, "n_waypoints_completed": 0, "tot_waypoints": 9}}
{"target": -202.1022011838173, "params": {"k_pid_pos": [1.5005640173662034, 0.6014254700430036, 1.0], "k_pid_alt": [0.5877234842288426, 0.006614140215545499, 0.09631800063802531], "k_pid_att": [22.315993204980014, 0.7370793499471896, 1.0], "k_pid_yaw": [0.5, 1e-06, 0.1], "k_pid_hsp": [1.3444943186150038, 0.4391473374268157, 0.0], "k_pid_vsp": [230.49517218451328, 176.38946066141662, 2.3890659998879067]}, "datetime": {"datetime": "2025-08-21 10:12:24", "elapsed": 5260.658571243286, "delta": 22.41062307357788}, "costs": {"total_cost": 202.1022011838173, "time_cost": 84.736, "final_distance_cost": 1.8329713825880054, "oscillation_cost": 37.61969142150019, "completition_cost": 0.0, "overshoot_cost": 49.9080949429054, "power_cost": 14.873056164550782, "noise_cost": 13.132387272272933, "n_waypoints_completed": 9, "tot_waypoints": 9}}
{"target": -180.0811689344221, "params": {"k_pid_pos": [0.9087886354066154, 0.0, 0.08218811538322691], "k_pid_alt": [1.3763052288385438, 0.0003612828369198492, 0.1575344365898867], "k_pid_att": [60.59901744071883, 0.486643480233121, 0.2884963331099683], "k_pid_yaw": [0.5, 1e-06, 0.1], "k_pid_hsp": [2.222584759178413, 0.16255334291721021, 0.0], "k_pid_vsp": [146.57284211137915, 400.0, 2.6180278123634633]}, "datetime": {"datetime": "2025-08-21 10:12:47", "elapsed": 5283.933664321899, "delta": 23.27509307861328}, "costs": {"total_cost": 180.0811689344221, "time_cost": 70.72, "final_distance_cost": 1.8440284577664454, "oscillation_cost": 40.92275867850073, "completition_cost": 0.0, "overshoot_cost": 49.49103869985194, "power_cost": 7.882709375, "noise_cost": 9.220633723302994, "n_waypoints_completed": 9, "tot_waypoints": 9}}
