{"target": -207.14579174356226, "params": {"k_pid_pos": [1.7746916903579866, 0.010327705673240812, 0.8756798560137614], "k_pid_alt": [2.0, 0.0028012403503976497, 0.015444178487944016], "k_pid_att": [13.92134832950559, 0.20193517690078047, 0.2305444011189041], "k_pid_yaw": [0.5, 1e-06, 0.1], "k_pid_hsp": [0.21576019712270422, 0.017924166714985697, 0.0], "k_pid_vsp": [237.4760511397475, 239.45877175424937, 0.9621839843141077]}, "datetime": {"datetime": "2025-08-21 18:26:52", "elapsed": 34929.27261710167, "delta": 18.38489580154419}, "costs": {"total_cost": 207.14579174356226, "time_cost": 78.696, "final_distance_cost": 1.831435057248493, "oscillation_cost": 31.483022176694124, "completition_cost": 0.0, "overshoot_cost": 56.56656781210928, "power_cost": 19.82864385986328, "noise_cost": 18.740122837647093, "n_waypoints_completed": 9, "tot_waypoints": 9}}
{"target": -167.66704811513506, "params": {"k_pid_pos": [1.543930292763038, 0.006088918346098086, 0.9511941821776958], "k_pid_alt": [2.0, 0.0027154431632424587, 0.009322753205590032], "k_pid_att": [10.870673722542003, 0.2035019933911383, 0.31732598499872744], "k_pid_yaw": [0.5, 1e-06, 0.1], "k_pid_hsp": [0.16787277586236818, 0.021171807380595837, 0.0], "k_pid_vsp": [220.44073233780253, 297.38381926346597, 0.7682340903926795]}, "datetime": {"datetime": "2025-08-21 18:27:09", "elapsed": 34946.35387277603, "delta": 17.081255674362183}, "costs": {"total_cost": 167.66704811513506, "time_cost": 69.648, "final_distance_cost": 1.845073042509152, "oscillation_cost": 27.995513190012485, "completition_cost": 0.0, "overshoot_cost": 49.801921134311435, "power_cost": 8.837163366699219, "noise_cost": 9.539377381602753, "n_waypoints_completed": 9, "tot_waypoints": 9}}
{"target": -173.04061701807248, "params": {"k_pid_pos": [1.6158769404447895, 0.005190053368955553, 0.9434286596848821], "k_pid_alt": [2.0, 0.0027977919932827854, 0.010540003865753522], "k_pid_att": [10.063369710743531, 0.12958497922168652, 0.3017892208603828], "k_pid_yaw": [0.5, 1e-06, 0.1], "k_pid_hsp": [0.15026331867461484, 0.015560688259307549, 0.0], "k_pid_vsp": [208.29802989620416, 288.10736364470694, 1.243829852855638]}, "datetime": {"datetime": "2025-08-21 18:27:25", "elapsed": 34961.966935157776, "delta": 15.613062381744385}, "costs": {"total_cost": 173.04061701807248, "time_cost": 69.648, "final_distance_cost": 1.8412087312421583, "oscillation_cost": 28.35564836715427, "completition_cost": 0.0, "overshoot_cost": 50.17406694741111, "power_cost": 11.657389575195314, "noise_cost": 11.364303397069614, "n_waypoints_completed": 9, "tot_waypoints": 9}}
{"target": -201.00033213343795, "params": {"k_pid_pos": [0.9425967606712681, 0.004755517339279868, 0.954847014166741], "k_pid_alt": [1.642482040203839, 0.002980663381324239, 0.01118274298953645], "k_pid_att": [9.471095889427318, 0.15065554634099562, 0.2449775029319028], "k_pid_yaw": [0.5, 1e-06, 0.1], "k_pid_hsp": [0.14948912018715269, 0.020734426812226262, 0.0], "k_pid_vsp": [250.98810197236173, 259.7572189077645, 0.5151398427616113]}, "datetime": {"datetime": "2025-08-21 18:27:46", "elapsed": 34982.707631111145, "delta": 20.74069595336914}, "costs": {"total_cost": 201.00033213343795, "time_cost": 81.44800000000001, "final_distance_cost": 1.8620003906313924, "oscillation_cost": 25.745649492987138, "completition_cost": 0.0, "overshoot_cost": 51.6560480567086, "power_cost": 20.645110876464845, "noise_cost": 19.64352331664595, "n_waypoints_completed": 9, "tot_waypoints": 9}}
{"target": -172.5206215930083, "params": {"k_pid_pos": [1.511559445087995, 0.011258560648310404, 1.0], "k_pid_alt": [1.8436740517948802, 0.0033910249738359293, 0.009851445505193466], "k_pid_att": [12.251503650822462, 0.17913476418210983, 0.3663697976619496], "k_pid_yaw": [0.5, 1e-06, 0.1], "k_pid_hsp": [0.1594758051541783, 0.015517248383846943, 0.0], "k_pid_vsp": [202.17405325069194, 243.9641603408978, 1.1905495973558253]}, "datetime": {"datetime": "2025-08-21 18:28:02", "elapsed": 34998.64817762375, "delta": 15.94054651260376}, "costs": {"total_cost": 172.5206215930083, "time_cost": 70.432, "final_distance_cost": 1.8467124946256872, "oscillation_cost": 27.130208114193927, "completition_cost": 0.0, "overshoot_cost": 50.109001915469776, "power_cost": 11.818998254394533, "noise_cost": 11.183700814324354, "n_waypoints_completed": 9, "tot_waypoints": 9}}
{"target": -174.20347474415192, "params": {"k_pid_pos": [1.7325531310143194, 0.007228119430587869, 0.932560328820415], "k_pid_alt": [1.8472842776029779, 0.0022971836339941223, 0.011755341420613246], "k_pid_att": [13.936881942571608, 0.1525837861615591, 0.28585219747483365], "k_pid_yaw": [0.5, 1e-06, 0.1], "k_pid_hsp": [0.16707960243431538, 0.022444243445365938, 0.0], "k_pid_vsp": [284.28842801308207, 135.84609803970827, 1.3666562003620717]}, "datetime": {"datetime": "2025-08-21 18:28:20", "elapsed": 35017.04295706749, "delta": 18.394779443740845}, "costs": {"total_cost": 174.20347474415192, "time_cost": 69.96000000000001, "final_distance_cost": 1.8394015687309089, "oscillation_cost": 28.07429902479223, "completition_cost": 0.0, "overshoot_cost": 50.34175475198239, "power_cost": 12.529181994628907, "noise_cost": 11.458837404017496, "n_waypoints_completed": 9, "tot_waypoints": 9}}
{"target": -166.39454270193818, "params": {"k_pid_pos": [1.1923966179287409, 0.0086853003480766, 0.7294280332279359], "k_pid_alt": [1.54000506343396, 0.0021058975941825107, 0.013187549875863916], "k_pid_att": [9.718023833118725, 0.1513887031509966, 0.3273869760362211], "k_pid_yaw": [0.5, 1e-06, 0.1], "k_pid_hsp": [0.13269368817929306, 0.020939468203150926, 0.0], "k_pid_vsp": [375.1086002168857, 222.55719374745334, 1.2250724932746782]}, "datetime": {"datetime": "2025-08-21 18:28:37", "elapsed": 35033.81412029266, "delta": 16.77116322517395}, "costs": {"total_cost": 166.39454270193818, "time_cost": 70.96000000000001, "final_distance_cost": 1.8468436636787482, "oscillation_cost": 27.21501896722558, "completition_cost": 0.0, "overshoot_cost": 50.17578672856048, "power_cost": 7.390780432128906, "noise_cost": 8.80611291034445, "n_waypoints_completed": 9, "tot_waypoints": 9}}
{"target": -170.0787689156846, "params": {"k_pid_pos": [1.455832576803792, 0.009238774050060704, 0.8790879156966502], "k_pid_alt": [1.8111261054260732, 0.002055987594546957, 0.0151350988746552], "k_pid_att": [12.99489077816231, 0.1409925312330079, 0.26386352426248133], "k_pid_yaw": [0.5, 1e-06, 0.1], "k_pid_hsp": [0.1719042904381791, 0.020067823122973807, 0.0], "k_pid_vsp": [371.29422859487585, 274.9812692745948, 0.9195420230903014]}, "datetime": {"datetime": "2025-08-21 18:28:53", "elapsed": 35050.09524989128, "delta": 16.281129598617554}, "costs": {"total_cost": 170.0787689156846, "time_cost": 69.976, "final_distance_cost": 1.852872489899413, "oscillation_cost": 27.235778155924205, "completition_cost": 0.0, "overshoot_cost": 49.95563242455025, "power_cost": 10.412330017089845, "noise_cost": 10.646155828220873, "n_waypoints_completed": 9, "tot_waypoints": 9}}
{"target": -180.49916180324598, "params": {"k_pid_pos": [1.915235162199969, 0.00923081588757059, 1.0], "k_pid_alt": [2.0, 0.0028545095949734367, 0.015113051218867442], "k_pid_att": [11.03206954299565, 0.21986722203198425, 0.3222923681823018], "k_pid_yaw": [0.5, 1e-06, 0.1], "k_pid_hsp": [0.17336208587517735, 0.01700517767346722, 0.0], "k_pid_vsp": [240.84689040995679, 254.89110909619444, 1.1501780318881316]}, "datetime": {"datetime": "2025-08-21 18:29:11", "elapsed": 35067.64417219162, "delta": 17.548922300338745}, "costs": {"total_cost": 180.49916180324598, "time_cost": 70.032, "final_distance_cost": 1.836964557950405, "oscillation_cost": 29.168406094524748, "completition_cost": 0.0, "overshoot_cost": 50.67901848074234, "power_cost": 15.509307116699219, "noise_cost": 13.273465553329263, "n_waypoints_completed": 9, "tot_waypoints": 9}}
{"target": -174.71389987267557, "params": {"k_pid_pos": [2.0, 0.008012151587050305, 0.9798371414654552], "k_pid_alt": [2.0, 0.0026220249007009727, 0.011668350922198013], "k_pid_att": [14.793339818473717, 0.13732597222861473, 0.3444214139597066], "k_pid_yaw": [0.5, 1e-06, 0.1], "k_pid_hsp": [0.16646522413229126, 0.021409702889741162, 0.0], "k_pid_vsp": [283.0903509065003, 264.4463587756386, 0.6614731505515593]}, "datetime": {"datetime": "2025-08-21 18:29:27", "elapsed": 35083.68816971779, "delta": 16.043997526168823}, "costs": {"total_cost": 174.71389987267557, "time_cost": 69.696, "final_distance_cost": 1.8339326276634695, "oscillation_cost": 29.011406684466632, "completition_cost": 0.0, "overshoot_cost": 50.36565630472578, "power_cost": 12.536971362304689, "noise_cost": 11.269932893515016, "n_waypoints_completed": 9, "tot_waypoints": 9}}
{"target": -167.57806335910772, "params": {"k_pid_pos": [1.7487667958196198, 0.00954146679952419, 0.8316107668282781], "k_pid_alt": [2.0, 0.003188174563294967, 0.007848568222722577], "k_pid_att": [14.06753606711481, 0.18466666325925685, 0.3120810649598617], "k_pid_yaw": [0.5, 1e-06, 0.1], "k_pid_hsp": [0.20280142345908314, 0.022095249286169374, 0.0], "k_pid_vsp": [281.40345996016487, 242.91640316522057, 0.9985038111917438]}, "datetime": {"datetime": "2025-08-21 18:29:44", "elapsed": 35101.177912950516, "delta": 17.48974323272705}, "costs": {"total_cost": 167.57806335910772, "time_cost": 68.83200000000001, "final_distance_cost": 1.8361234206383577, "oscillation_cost": 29.228573015801732, "completition_cost": 0.0, "overshoot_cost": 49.37638141263531, "power_cost": 8.828138293457032, "noise_cost": 9.476847216575278, "n_waypoints_completed": 9, "tot_waypoints": 9}}
{"target": -183.61043733657337, "params": {"k_pid_pos": [1.4243851036022248, 0.0061491420776076345, 1.0], "k_pid_alt": [2.0, 0.0027424356985428916, 0.01666841997128567], "k_pid_att": [15.131234162850989, 0.19416124122686884, 0.24994426828938535], "k_pid_yaw": [0.5, 1e-06, 0.1], "k_pid_hsp": [0.17585305853131672, 0.020552414195025435, 0.0], "k_pid_vsp": [299.55695981204286, 279.00478399574996, 1.19419812897341]}, "datetime": {"datetime": "2025-08-21 18:30:02", "elapsed": 35118.654720544815, "delta": 17.476807594299316}, "costs": {"total_cost": 183.61043733657337, "time_cost": 72.232, "final_distance_cost": 1.8539393986838797, "oscillation_cost": 28.36582678653241, "completition_cost": 0.0, "overshoot_cost": 50.78151754506688, "power_cost": 16.32602198486328, "noise_cost": 14.05113162142693, "n_waypoints_completed": 9, "tot_waypoints": 9}}
{"target": -170.19569477844325, "params": {"k_pid_pos": [1.5833694106081488, 0.0060940729678102545, 0.9420612651560645], "k_pid_alt": [2.0, 0.0028828306464254035, 0.014000945596028623], "k_pid_att": [13.220401439580796, 0.21089670138092978, 0.3876233456366862], "k_pid_yaw": [0.5, 1e-06, 0.1], "k_pid_hsp": [0.14127440231866076, 0.018365342392229003, 0.0], "k_pid_vsp": [295.92149255825336, 141.1550104238693, 0.937303379457847]}, "datetime": {"datetime": "2025-08-21 18:30:19", "elapsed": 35136.048011779785, "delta": 17.393291234970093}, "costs": {"total_cost": 170.19569477844325, "time_cost": 70.016, "final_distance_cost": 1.846712508419202, "oscillation_cost": 26.911276309775587, "completition_cost": 0.0, "overshoot_cost": 50.387296754527554, "power_cost": 10.497278234863282, "noise_cost": 10.53713097085761, "n_waypoints_completed": 9, "tot_waypoints": 9}}
{"target": -167.99145530684407, "params": {"k_pid_pos": [1.568997316520073, 0.006544390926322523, 0.9865289633382176], "k_pid_alt": [1.589594904358165, 0.0029449549165458007, 0.013801290414634714], "k_pid_att": [11.462332894903879, 0.19941641366601207, 0.27392812519236615], "k_pid_yaw": [0.5, 1e-06, 0.1], "k_pid_hsp": [0.18639827007573917, 0.017203976235109452, 0.0], "k_pid_vsp": [301.71611693526626, 240.28073421622742, 1.3001602521306825]}, "datetime": {"datetime": "2025-08-21 18:30:36", "elapsed": 35152.61349654198, "delta": 16.565484762191772}, "costs": {"total_cost": 167.99145530684407, "time_cost": 70.0, "final_distance_cost": 1.843485800761421, "oscillation_cost": 28.325185796362437, "completition_cost": 0.0, "overshoot_cost": 50.02103247721139, "power_cost": 8.442564953613282, "noise_cost": 9.359186278895585, "n_waypoints_completed": 9, "tot_waypoints": 9}}
{"target": -173.74619644854624, "params": {"k_pid_pos": [2.0, 0.007923509861289571, 0.7847928995328384], "k_pid_alt": [2.0, 0.002920388859113969, 0.013180396738317189], "k_pid_att": [11.525248725549005, 0.2062176657391883, 0.31677632023005436], "k_pid_yaw": [0.5, 1e-06, 0.1], "k_pid_hsp": [0.17167707719582004, 0.018552323699035717, 0.0], "k_pid_vsp": [153.95776976265336, 318.404367684381, 0.9431304274736451]}, "datetime": {"datetime": "2025-08-21 18:30:54", "elapsed": 35170.634022951126, "delta": 18.02052640914917}, "costs": {"total_cost": 173.74619644854624, "time_cost": 69.34400000000001, "final_distance_cost": 1.8369906663871345, "oscillation_cost": 29.775504099123058, "completition_cost": 0.0, "overshoot_cost": 50.147759869162314, "power_cost": 11.727464416503906, "noise_cost": 10.914477397369795, "n_waypoints_completed": 9, "tot_waypoints": 9}}
{"target": -166.82608111931472, "params": {"k_pid_pos": [1.7337257701259607, 0.005404527538183505, 0.9932228505109203], "k_pid_alt": [1.7194718494901133, 0.0028689724199463737, 0.008946815021812098], "k_pid_att": [9.710234411768162, 0.16346582386594863, 0.2176404471869562], "k_pid_yaw": [0.5, 1e-06, 0.1], "k_pid_hsp": [0.15238252609977607, 0.01723128308263316, 0.0], "k_pid_vsp": [278.73912512243595, 259.7896623682873, 0.725039903753284]}, "datetime": {"datetime": "2025-08-21 18:31:13", "elapsed": 35189.52912735939, "delta": 18.89510440826416}, "costs": {"total_cost": 166.82608111931472, "time_cost": 68.984, "final_distance_cost": 1.8461533388565192, "oscillation_cost": 29.28652356004076, "completition_cost": 0.0, "overshoot_cost": 49.824500197062825, "power_cost": 7.952462683105469, "noise_cost": 8.93244134024913, "n_waypoints_completed": 9, "tot_waypoints": 9}}
{"target": -175.67843492873348, "params": {"k_pid_pos": [1.896366928877489, 0.007028624424322946, 1.0], "k_pid_alt": [1.9665994396715345, 0.0033502538172357, 0.013336193419585115], "k_pid_att": [13.39488657742396, 0.2202725751282697, 0.23194565070576437], "k_pid_yaw": [0.5, 1e-06, 0.1], "k_pid_hsp": [0.11447044117315375, 0.02139411016534351, 0.0], "k_pid_vsp": [174.04850271873576, 307.74016328954406, 1.0912555775464616]}, "datetime": {"datetime": "2025-08-21 18:31:32", "elapsed": 35209.34471654892, "delta": 19.81558918952942}, "costs": {"total_cost": 175.67843492873348, "time_cost": 70.08, "final_distance_cost": 1.8266345764430387, "oscillation_cost": 28.561463839741975, "completition_cost": 0.0, "overshoot_cost": 50.8571090427288, "power_cost": 12.721271899414063, "noise_cost": 11.63195557040562, "n_waypoints_completed": 9, "tot_waypoints": 9}}
{"target": -175.47424628844917, "params": {"k_pid_pos": [1.9021978827147137, 0.007373453669792004, 0.9740184754579819], "k_pid_alt": [1.4990547893045962, 0.0026589585103236114, 0.009788978428988383], "k_pid_att": [11.700322611201338, 0.21451445745646022, 0.2955580248789302], "k_pid_yaw": [0.5, 1e-06, 0.1], "k_pid_hsp": [0.15403083035585832, 0.01844770923343206, 0.0], "k_pid_vsp": [225.52391268214743, 211.51281860420602, 0.9261631282653869]}, "datetime": {"datetime": "2025-08-21 18:31:50", "elapsed": 35227.16322898865, "delta": 17.818512439727783}, "costs": {"total_cost": 175.47424628844917, "time_cost": 69.744, "final_distance_cost": 1.8370391087897846, "oscillation_cost": 28.773795418684074, "completition_cost": 0.0, "overshoot_cost": 50.38583507626185, "power_cost": 12.963832263183594, "noise_cost": 11.769744421529841, "n_waypoints_completed": 9, "tot_waypoints": 9}}
{"target": -175.1694915600308, "params": {"k_pid_pos": [1.5116883676206292, 0.007518470958049544, 0.88920960417353], "k_pid_alt": [1.5725896700449027, 0.0025700554751279157, 0.010514097171958142], "k_pid_att": [10.592481488130867, 0.17778745569062004, 0.3060394866238187], "k_pid_yaw": [0.5, 1e-06, 0.1], "k_pid_hsp": [0.16677720178533725, 0.02125124631737016, 0.0], "k_pid_vsp": [255.81190185718606, 221.76655161952613, 0.9050770871067858]}, "datetime": {"datetime": "2025-08-21 18:32:08", "elapsed": 35244.6460249424, "delta": 17.48279595375061}, "costs": {"total_cost": 175.1694915600308, "time_cost": 70.424, "final_distance_cost": 1.850190231875435, "oscillation_cost": 27.35134416532316, "completition_cost": 0.0, "overshoot_cost": 50.05891481196116, "power_cost": 13.308514306640626, "noise_cost": 12.176528044230391, "n_waypoints_completed": 9, "tot_waypoints": 9}}
{"target": -174.47362085229898, "params": {"k_pid_pos": [1.6422500991694473, 0.009146364038347945, 0.6602007182606046], "k_pid_alt": [2.0, 0.002768194671896769, 0.011297863598822127], "k_pid_att": [11.65803888159906, 0.14488362159399046, 0.32159808765524667], "k_pid_yaw": [0.5, 1e-06, 0.1], "k_pid_hsp": [0.09544311072759804, 0.01863862628544292, 0.0], "k_pid_vsp": [241.59751406037262, 226.67180300625373, 0.5839048111865079]}, "datetime": {"datetime": "2025-08-21 18:32:24", "elapsed": 35261.445163965225, "delta": 16.79913902282715}, "costs": {"total_cost": 174.47362085229898, "time_cost": 69.608, "final_distance_cost": 1.8141405236131949, "oscillation_cost": 29.49578113437226, "completition_cost": 0.0, "overshoot_cost": 50.75204684594714, "power_cost": 11.792974206542969, "noise_cost": 11.010678141823396, "n_waypoints_completed": 9, "tot_waypoints": 9}}
{"target": -174.1427003022648, "params": {"k_pid_pos": [1.7098109644214736, 0.006033411233851013, 0.8788743954729731], "k_pid_alt": [1.9259415455935216, 0.003857836998700829, 0.014952451790048974], "k_pid_att": [11.282790734714547, 0.1809028062930117, 0.3375211053716695], "k_pid_yaw": [0.5, 1e-06, 0.1], "k_pid_hsp": [0.17052465315651374, 0.01673732036972075, 0.0], "k_pid_vsp": [337.10499309633553, 277.92656904179097, 0.8464722567603694]}, "datetime": {"datetime": "2025-08-21 18:32:41", "elapsed": 35277.70922446251, "delta": 16.264060497283936}, "costs": {"total_cost": 174.1427003022648, "time_cost": 70.016, "final_distance_cost": 1.8440221719254932, "oscillation_cost": 27.658713900265035, "completition_cost": 0.0, "overshoot_cost": 50.33538779452841, "power_cost": 12.59976483154297, "noise_cost": 11.688811604002915, "n_waypoints_completed": 9, "tot_waypoints": 9}}
{"target": -171.1936767886977, "params": {"k_pid_pos": [1.6403648215324733, 0.006930020084776049, 1.0], "k_pid_alt": [1.9455854355020705, 0.003637485433223328, 0.012645377136361673], "k_pid_att": [9.93370740756778, 0.11426450695385858, 0.3701180660558074], "k_pid_yaw": [0.5, 1e-06, 0.1], "k_pid_hsp": [0.1578676398003497, 0.0189208600002737, 0.0], "k_pid_vsp": [225.67273454033466, 273.5846713363521, 0.9194843649154297]}, "datetime": {"datetime": "2025-08-21 18:32:59", "elapsed": 35295.823781728745, "delta": 18.11455726623535}, "costs": {"total_cost": 171.1936767886977, "time_cost": 70.144, "final_distance_cost": 1.8413759561294532, "oscillation_cost": 27.103165816199642, "completition_cost": 0.0, "overshoot_cost": 50.16179140869379, "power_cost": 11.1281318359375, "noise_cost": 10.815211771737333, "n_waypoints_completed": 9, "tot_waypoints": 9}}
{"target": -169.4780711973723, "params": {"k_pid_pos": [1.8837248602959145, 0.008363362949635363, 0.8555585802194378], "k_pid_alt": [2.0, 0.00284483854043174, 0.012394821368516782], "k_pid_att": [10.4762013311961, 0.18232297484450122, 0.2874187286372417], "k_pid_yaw": [0.5, 1e-06, 0.1], "k_pid_hsp": [0.11425379668390256, 0.017049798173047626, 0.0], "k_pid_vsp": [273.857551332887, 335.0362643742563, 0.9290379448742354]}, "datetime": {"datetime": "2025-08-21 18:33:15", "elapsed": 35311.92180681229, "delta": 16.09802508354187}, "costs": {"total_cost": 169.4780711973723, "time_cost": 68.768, "final_distance_cost": 1.819696157083361, "oscillation_cost": 29.855283435383335, "completition_cost": 0.0, "overshoot_cost": 50.26740879690179, "power_cost": 9.215837097167968, "noise_cost": 9.55184571083586, "n_waypoints_completed": 9, "tot_waypoints": 9}}
{"target": -174.78191887549553, "params": {"k_pid_pos": [1.7080121834616129, 0.00684401776435379, 0.9023876583518634], "k_pid_alt": [1.4527244441386848, 0.0023335771914432197, 0.01373920065182236], "k_pid_att": [14.041085775326115, 0.1856192950581769, 0.3141342750933913], "k_pid_yaw": [0.5, 1e-06, 0.1], "k_pid_hsp": [0.09750760008000603, 0.016496960089773766, 0.0], "k_pid_vsp": [208.17553800248186, 222.6065081613614, 0.7406515459513106]}, "datetime": {"datetime": "2025-08-21 18:33:33", "elapsed": 35329.98290729523, "delta": 18.061100482940674}, "costs": {"total_cost": 174.78191887549553, "time_cost": 69.464, "final_distance_cost": 1.8275295389925972, "oscillation_cost": 28.538081334626558, "completition_cost": 0.0, "overshoot_cost": 50.48122465834119, "power_cost": 12.609648559570314, "noise_cost": 11.861434783964906, "n_waypoints_completed": 9, "tot_waypoints": 9}}
{"target": -172.45460717233084, "params": {"k_pid_pos": [1.1929286960909706, 0.008407305560238262, 0.9219632599612412], "k_pid_alt": [2.0, 0.0027351994472769696, 0.011540757734619938], "k_pid_att": [8.909976484262875, 0.19684711296164106, 0.2704661768063225], "k_pid_yaw": [0.5, 1e-06, 0.1], "k_pid_hsp": [0.13463661923342227, 0.02021412110311754, 0.0], "k_pid_vsp": [139.54282818671314, 287.5415560815157, 1.0174852913823298]}, "datetime": {"datetime": "2025-08-21 18:33:50", "elapsed": 35346.87910199165, "delta": 16.89619469642639}, "costs": {"total_cost": 172.45460717233084, "time_cost": 73.28, "final_distance_cost": 1.8525535226558678, "oscillation_cost": 27.91374542125316, "completition_cost": 0.0, "overshoot_cost": 49.62364785619794, "power_cost": 9.408720190429689, "noise_cost": 10.375940181794197, "n_waypoints_completed": 9, "tot_waypoints": 9}}
