{"target": -193.16794828419222, "params": {"k_pid_pos": [0.9024439553018034, 0.022705797753068534, 0.6381835250906849], "k_pid_alt": [0.5192583346657008, 0.002664001597812332, 0.011344470198124077], "k_pid_att": [18.794286600703376, 0.164555933655932, 0.31690455341284557], "k_pid_yaw": [0.5, 1e-06, 0.1], "k_pid_hsp": [0.12956926716945397, 0.027996050467364104, 0.0], "k_pid_vsp": [139.34184854851495, 317.65377976580567, 1.1793615760262424]}, "datetime": {"datetime": "2025-08-21 15:38:59", "elapsed": 24856.07910323143, "delta": 18.641688346862793}, "costs": {"total_cost": 193.16794828419222, "time_cost": 81.432, "final_distance_cost": 1.8601278129612269, "oscillation_cost": 27.57921301053661, "completition_cost": 0.0, "overshoot_cost": 50.516708480268385, "power_cost": 17.01729274902344, "noise_cost": 14.762606231402568, "n_waypoints_completed": 9, "tot_waypoints": 9}}
{"target": -172.86136836436745, "params": {"k_pid_pos": [1.234458182181763, 0.016241557120145505, 0.5468126751860417], "k_pid_alt": [1.1383086391484767, 0.002621277440160654, 0.012719554978444056], "k_pid_att": [12.929624267783948, 0.05746454700844455, 0.32998132696200805], "k_pid_yaw": [0.5, 1e-06, 0.1], "k_pid_hsp": [0.21961330997329284, 0.013515641423133542, 0.0], "k_pid_vsp": [329.1599015306182, 284.68569437330757, 1.2020644473736568]}, "datetime": {"datetime": "2025-08-21 15:39:16", "elapsed": 24873.404148101807, "delta": 17.325044870376587}, "costs": {"total_cost": 172.86136836436745, "time_cost": 70.312, "final_distance_cost": 1.8465328337560303, "oscillation_cost": 27.86056706725998, "completition_cost": 0.0, "overshoot_cost": 49.920507577148044, "power_cost": 11.634510974121094, "noise_cost": 11.287249912082304, "n_waypoints_completed": 9, "tot_waypoints": 9}}
{"target": -175.76875235783163, "params": {"k_pid_pos": [1.405554484898745, 0.02243409460403099, 0.6487789142422242], "k_pid_alt": [1.9549112885013358, 0.004739719133335305, 0.010335046930359455], "k_pid_att": [7.352549585610833, 0.20196291679118783, 0.27493601186985933], "k_pid_yaw": [0.5, 1e-06, 0.1], "k_pid_hsp": [0.10365668565584307, 0.016895778138289307, 0.0], "k_pid_vsp": [195.1247765600485, 229.52510430788405, 1.2810851226326807]}, "datetime": {"datetime": "2025-08-21 15:39:33", "elapsed": 24890.253758192062, "delta": 16.849610090255737}, "costs": {"total_cost": 175.76875235783163, "time_cost": 69.856, "final_distance_cost": 1.8265736569815965, "oscillation_cost": 28.229646152229453, "completition_cost": 0.0, "overshoot_cost": 50.49140604390243, "power_cost": 13.21191375732422, "noise_cost": 12.15321274739396, "n_waypoints_completed": 9, "tot_waypoints": 9}}
{"target": -172.3522536019787, "params": {"k_pid_pos": [1.7790307948957012, 0.007902410663511545, 0.7686887207516554], "k_pid_alt": [1.7991284779023953, 0.00470845510469782, 0.008934591148466425], "k_pid_att": [14.23103464799731, 0.21600561901455032, 0.3560616827667487], "k_pid_yaw": [0.5, 1e-06, 0.1], "k_pid_hsp": [0.20386775040259542, 0.026078514980818562, 0.0], "k_pid_vsp": [315.8596648948039, 342.83826072555354, 1.4307362196371225]}, "datetime": {"datetime": "2025-08-21 15:39:49", "elapsed": 24906.11069393158, "delta": 15.856935739517212}, "costs": {"total_cost": 172.3522536019787, "time_cost": 69.21600000000001, "final_distance_cost": 1.8445361721949207, "oscillation_cost": 29.661804325380157, "completition_cost": 0.0, "overshoot_cost": 49.93443422923837, "power_cost": 11.091238378906251, "noise_cost": 10.604240496259008, "n_waypoints_completed": 9, "tot_waypoints": 9}}
{"target": -179.64624311626864, "params": {"k_pid_pos": [1.8610200583891288, 0.03031715550930088, 0.6647194220858008], "k_pid_alt": [1.0456678005038886, 0.002364453290498391, 0.015055320595766331], "k_pid_att": [6.356266595440931, 0.18029909274975775, 0.32052755674101346], "k_pid_yaw": [0.5, 1e-06, 0.1], "k_pid_hsp": [0.24314539764837087, 0.01661004462765671, 0.0], "k_pid_vsp": [304.2248139886189, 171.7198460798189, 1.606305415755801]}, "datetime": {"datetime": "2025-08-21 15:40:06", "elapsed": 24923.20716047287, "delta": 17.096466541290283}, "costs": {"total_cost": 179.64624311626864, "time_cost": 69.784, "final_distance_cost": 1.8032248190160092, "oscillation_cost": 30.460190877697663, "completition_cost": 0.0, "overshoot_cost": 50.97233821892909, "power_cost": 14.394566125488282, "noise_cost": 12.231923075137624, "n_waypoints_completed": 9, "tot_waypoints": 9}}
{"target": -182.9269085331822, "params": {"k_pid_pos": [0.8890230002606604, 0.023347379048227316, 0.7104482805103322], "k_pid_alt": [1.6455612978631045, 0.004132084751482064, 0.011071797398072293], "k_pid_att": [16.12449683928422, 0.16548307660795147, 0.22516601151486526], "k_pid_yaw": [0.5, 1e-06, 0.1], "k_pid_hsp": [0.14167007684432345, 0.018575601684710914, 0.0], "k_pid_vsp": [298.41684523310033, 328.7449689742172, 1.2703256603177802]}, "datetime": {"datetime": "2025-08-21 15:40:23", "elapsed": 24940.273567676544, "delta": 17.066407203674316}, "costs": {"total_cost": 182.9269085331822, "time_cost": 76.184, "final_distance_cost": 1.8577514324097468, "oscillation_cost": 26.170920144265246, "completition_cost": 0.0, "overshoot_cost": 50.63127825990644, "power_cost": 14.416269433593751, "noise_cost": 13.666689263007026, "n_waypoints_completed": 9, "tot_waypoints": 9}}
{"target": -177.02290027727904, "params": {"k_pid_pos": [1.7539525680960624, 0.01625775488487668, 0.9577846899296946], "k_pid_alt": [1.4195400020888365, 0.0035020031207141492, 0.009646695032932315], "k_pid_att": [5.061273828130381, 0.14171715015057984, 0.28806903732103456], "k_pid_yaw": [0.5, 1e-06, 0.1], "k_pid_hsp": [0.15176909437071465, 0.011027993868969086, 0.0], "k_pid_vsp": [312.8734538003371, 189.1360192535444, 1.3521066152035959]}, "datetime": {"datetime": "2025-08-21 15:40:40", "elapsed": 24956.738772392273, "delta": 16.46520471572876}, "costs": {"total_cost": 177.02290027727904, "time_cost": 69.96000000000001, "final_distance_cost": 1.8286913659235822, "oscillation_cost": 28.48526148470621, "completition_cost": 0.0, "overshoot_cost": 50.893763494921984, "power_cost": 13.710672375488281, "noise_cost": 12.144511556238951, "n_waypoints_completed": 9, "tot_waypoints": 9}}
{"target": -171.17155577067808, "params": {"k_pid_pos": [1.8387972394938874, 0.01918299696380373, 0.5351611574860194], "k_pid_alt": [1.8434165747406173, 0.0032990342240467384, 0.008548234228840497], "k_pid_att": [9.098920372097728, 0.14448233287187165, 0.26962588158389944], "k_pid_yaw": [0.5, 1e-06, 0.1], "k_pid_hsp": [0.2650377120473361, 0.012799797767900118, 0.0], "k_pid_vsp": [310.0068397087121, 371.72893169453346, 1.6173240911443265]}, "datetime": {"datetime": "2025-08-21 15:40:56", "elapsed": 24972.866809606552, "delta": 16.128037214279175}, "costs": {"total_cost": 171.17155577067808, "time_cost": 68.536, "final_distance_cost": 1.805392181720197, "oscillation_cost": 30.832593429188666, "completition_cost": 0.0, "overshoot_cost": 49.75386309727735, "power_cost": 10.236920446777344, "noise_cost": 10.006786615714537, "n_waypoints_completed": 9, "tot_waypoints": 9}}
{"target": -185.91752155506703, "params": {"k_pid_pos": [1.347182796627056, 0.021286432084385437, 0.7713151199716681], "k_pid_alt": [1.6206511393153873, 0.004452139216474191, 0.010690036037176718], "k_pid_att": [17.846808225814524, 0.1815907487513683, 0.35772343840888826], "k_pid_yaw": [0.5, 1e-06, 0.1], "k_pid_hsp": [0.14734727792644708, 0.02456073357787572, 0.0], "k_pid_vsp": [209.92053744485074, 302.6993398991762, 0.7552458601371966]}, "datetime": {"datetime": "2025-08-21 15:41:13", "elapsed": 24989.452409267426, "delta": 16.585599660873413}, "costs": {"total_cost": 185.91752155506703, "time_cost": 72.328, "final_distance_cost": 1.851956931398487, "oscillation_cost": 28.303985051109134, "completition_cost": 0.0, "overshoot_cost": 51.635164942331876, "power_cost": 17.39971306152344, "noise_cost": 14.398701568704064, "n_waypoints_completed": 9, "tot_waypoints": 9}}
{"target": -180.04127890892207, "params": {"k_pid_pos": [1.096816787026639, 0.021328959716038636, 1.0], "k_pid_alt": [1.6588646305501353, 0.0030021191159180396, 0.01067271139900986], "k_pid_att": [16.293751906962992, 0.15788293518619756, 0.15105176870038298], "k_pid_yaw": [0.5, 1e-06, 0.1], "k_pid_hsp": [0.19943589687918029, 0.01591129627305174, 0.0], "k_pid_vsp": [328.1091306204626, 320.300954341417, 1.0931828955184002]}, "datetime": {"datetime": "2025-08-21 15:41:31", "elapsed": 25007.64398241043, "delta": 18.19157314300537}, "costs": {"total_cost": 180.04127890892207, "time_cost": 76.488, "final_distance_cost": 1.8559383540712895, "oscillation_cost": 26.75027033359403, "completition_cost": 0.0, "overshoot_cost": 50.421186185568025, "power_cost": 12.100449328613282, "noise_cost": 12.425434707075455, "n_waypoints_completed": 9, "tot_waypoints": 9}}
{"target": -178.04227305914833, "params": {"k_pid_pos": [1.779960523516557, 0.004834500022038962, 0.5622361468756393], "k_pid_alt": [0.816894188646037, 0.003833145741547751, 0.010312861268583322], "k_pid_att": [13.354465475946364, 0.20189530977106215, 0.2865744038749191], "k_pid_yaw": [0.5, 1e-06, 0.1], "k_pid_hsp": [0.15933172707707519, 0.01304395654709748, 0.0], "k_pid_vsp": [319.50422099990857, 337.3162177035089, 1.0335001469879674]}, "datetime": {"datetime": "2025-08-21 15:41:47", "elapsed": 25023.689932346344, "delta": 16.045949935913086}, "costs": {"total_cost": 178.04227305914833, "time_cost": 70.368, "final_distance_cost": 1.7904369219090177, "oscillation_cost": 30.59946584004053, "completition_cost": 0.0, "overshoot_cost": 50.59607911014297, "power_cost": 13.011480908203126, "noise_cost": 11.676810278852718, "n_waypoints_completed": 9, "tot_waypoints": 9}}
{"target": -174.2785910397061, "params": {"k_pid_pos": [1.9602242872802522, 0.02101013516356, 0.4697297814666799], "k_pid_alt": [2.0, 0.0028598456890014455, 0.011732342385324383], "k_pid_att": [13.911568160701606, 0.1295399738446704, 0.3807679733454665], "k_pid_yaw": [0.5, 1e-06, 0.1], "k_pid_hsp": [0.09903081507445517, 0.017384206296361643, 0.0], "k_pid_vsp": [213.53105960087535, 317.1571946970516, 1.148690655301303]}, "datetime": {"datetime": "2025-08-21 15:42:03", "elapsed": 25040.066425561905, "delta": 16.376493215560913}, "costs": {"total_cost": 174.2785910397061, "time_cost": 69.0, "final_distance_cost": 1.762430813312158, "oscillation_cost": 32.37617114487922, "completition_cost": 0.0, "overshoot_cost": 50.817962432847864, "power_cost": 10.335150317382814, "noise_cost": 9.986876331284025, "n_waypoints_completed": 9, "tot_waypoints": 9}}
{"target": -173.08686347072555, "params": {"k_pid_pos": [1.5891195097229678, 0.013919680332940684, 0.6084235416671188], "k_pid_alt": [1.5113334123718294, 0.0033007648343426834, 0.014391071806326261], "k_pid_att": [14.452343956097053, 0.16662392726237377, 0.3518761725972703], "k_pid_yaw": [0.5, 1e-06, 0.1], "k_pid_hsp": [0.25688582738345506, 0.012860811449143217, 0.0], "k_pid_vsp": [176.69205468404652, 297.8038949593342, 1.8542380375712721]}, "datetime": {"datetime": "2025-08-21 15:42:19", "elapsed": 25056.292360782623, "delta": 16.225935220718384}, "costs": {"total_cost": 173.08686347072555, "time_cost": 68.896, "final_distance_cost": 1.830969654293018, "oscillation_cost": 29.763292325156417, "completition_cost": 0.0, "overshoot_cost": 49.94854144052452, "power_cost": 11.634681628417969, "noise_cost": 11.013378422333602, "n_waypoints_completed": 9, "tot_waypoints": 9}}
{"target": -174.39929301264192, "params": {"k_pid_pos": [2.0, 0.01282732100960756, 0.7934803818502313], "k_pid_alt": [1.31010764395437, 0.0038091439430543114, 0.009860828213693254], "k_pid_att": [16.180749110768087, 0.2024225319314125, 0.18800502818815257], "k_pid_yaw": [0.5, 1e-06, 0.1], "k_pid_hsp": [0.20214412012357483, 0.01314677330505018, 0.0], "k_pid_vsp": [328.2960111072545, 251.36270024464525, 1.4751654050620508]}, "datetime": {"datetime": "2025-08-21 15:42:35", "elapsed": 25072.129823207855, "delta": 15.837462425231934}, "costs": {"total_cost": 174.39929301264192, "time_cost": 68.952, "final_distance_cost": 1.8084323072471273, "oscillation_cost": 30.204601500250305, "completition_cost": 0.0, "overshoot_cost": 49.68152018311026, "power_cost": 12.384093591308595, "noise_cost": 11.368645430725657, "n_waypoints_completed": 9, "tot_waypoints": 9}}
{"target": -176.15589268735079, "params": {"k_pid_pos": [1.635976815361999, 0.01020904427672115, 0.8442879841623082], "k_pid_alt": [2.0, 0.0025249585448199937, 0.009664561682313487], "k_pid_att": [10.692317734521216, 0.11399480855533073, 0.4204989532522579], "k_pid_yaw": [0.5, 1e-06, 0.1], "k_pid_hsp": [0.19453283815645248, 0.02429646369140248, 0.0], "k_pid_vsp": [303.642529783051, 294.1106756806176, 1.3986851011046852]}, "datetime": {"datetime": "2025-08-21 15:42:52", "elapsed": 25088.920330286026, "delta": 16.790507078170776}, "costs": {"total_cost": 176.15589268735079, "time_cost": 69.84, "final_distance_cost": 1.8352682829135978, "oscillation_cost": 29.20291473470248, "completition_cost": 0.0, "overshoot_cost": 50.234080859786175, "power_cost": 12.932312219238282, "noise_cost": 12.11131659071026, "n_waypoints_completed": 9, "tot_waypoints": 9}}
{"target": -196.86659033105474, "params": {"k_pid_pos": [0.6861433715517178, 0.018837840079801573, 0.9694696415078075], "k_pid_alt": [1.2863242865101896, 0.0036326571795527313, 0.011328615161515745], "k_pid_att": [13.599502377471063, 0.13196761115442196, 0.23091532852881755], "k_pid_yaw": [0.5, 1e-06, 0.1], "k_pid_hsp": [0.15009957439280017, 0.0181881253106102, 0.0], "k_pid_vsp": [291.1483378424231, 395.439751575017, 1.2782656266111212]}, "datetime": {"datetime": "2025-08-21 15:43:13", "elapsed": 25110.07178878784, "delta": 21.151458501815796}, "costs": {"total_cost": 196.86659033105474, "time_cost": 89.592, "final_distance_cost": 1.8598126045402212, "oscillation_cost": 22.98783341549711, "completition_cost": 0.0, "overshoot_cost": 52.608576517685144, "power_cost": 14.366463989257813, "noise_cost": 15.451903804074446, "n_waypoints_completed": 9, "tot_waypoints": 9}}
{"target": -174.8866302454868, "params": {"k_pid_pos": [1.5732681417535728, 0.030513073569283136, 0.8646150739824322], "k_pid_alt": [2.0, 0.003799821038463982, 0.010710327299111774], "k_pid_att": [11.373474947037364, 0.17127419315493184, 0.338289294656775], "k_pid_yaw": [0.5, 1e-06, 0.1], "k_pid_hsp": [0.22981980003790914, 0.02673154037252462, 0.0], "k_pid_vsp": [312.1451514026241, 340.55635611463714, 1.4573548936345535]}, "datetime": {"datetime": "2025-08-21 15:43:29", "elapsed": 25126.159244537354, "delta": 16.08745574951172}, "costs": {"total_cost": 174.8866302454868, "time_cost": 69.816, "final_distance_cost": 1.8327397822378326, "oscillation_cost": 28.92496534470557, "completition_cost": 0.0, "overshoot_cost": 49.63193798288984, "power_cost": 12.810192321777345, "noise_cost": 11.870794813876184, "n_waypoints_completed": 9, "tot_waypoints": 9}}
{"target": -172.66087444389896, "params": {"k_pid_pos": [1.8365385284249987, 0.01648178647557894, 1.0], "k_pid_alt": [1.536924815436015, 0.0029338622718204674, 0.01112411976595959], "k_pid_att": [15.637653239883297, 0.2176487059645192, 0.3019204998002974], "k_pid_yaw": [0.5, 1e-06, 0.1], "k_pid_hsp": [0.1358352431434835, 0.019094735738930946, 0.0], "k_pid_vsp": [263.9588108728687, 306.81576043639683, 0.8376797224237968]}, "datetime": {"datetime": "2025-08-21 15:43:46", "elapsed": 25142.53073978424, "delta": 16.371495246887207}, "costs": {"total_cost": 172.66087444389896, "time_cost": 68.904, "final_distance_cost": 1.8355227123119449, "oscillation_cost": 29.48820808386193, "completition_cost": 0.0, "overshoot_cost": 49.862845696362776, "power_cost": 11.566242895507813, "noise_cost": 11.004055055854472, "n_waypoints_completed": 9, "tot_waypoints": 9}}
{"target": -180.03700170809392, "params": {"k_pid_pos": [1.6477184890800176, 0.01660304838018033, 0.8849793413194154], "k_pid_alt": [1.9552940303306212, 0.001986436291280417, 0.011902270209342106], "k_pid_att": [8.461217466273963, 0.19789761601989975, 0.3865064912343609], "k_pid_yaw": [0.5, 1e-06, 0.1], "k_pid_hsp": [0.24152521265752544, 0.02437726333035081, 0.0], "k_pid_vsp": [199.18123438578027, 279.9801313283054, 1.3342396750689918]}, "datetime": {"datetime": "2025-08-21 15:44:02", "elapsed": 25158.645616292953, "delta": 16.11487650871277}, "costs": {"total_cost": 180.03700170809392, "time_cost": 70.152, "final_distance_cost": 1.84270802094072, "oscillation_cost": 30.398452030084364, "completition_cost": 0.0, "overshoot_cost": 50.742892532460104, "power_cost": 14.364974719238282, "noise_cost": 12.53597440537045, "n_waypoints_completed": 9, "tot_waypoints": 9}}
{"target": -182.1876423908604, "params": {"k_pid_pos": [0.9801823947422085, 0.020805797004568954, 0.7049135232666733], "k_pid_alt": [1.4963347508817657, 0.001422136307240439, 0.013738894546235959], "k_pid_att": [13.200253695929566, 0.2036187833837427, 0.38215270970050685], "k_pid_yaw": [0.5, 1e-06, 0.1], "k_pid_hsp": [0.16468154822984737, 0.017633251545900935, 0.0], "k_pid_vsp": [251.6481728256265, 250.24940112512377, 1.1498442613438213]}, "datetime": {"datetime": "2025-08-21 15:44:20", "elapsed": 25176.45841741562, "delta": 17.812801122665405}, "costs": {"total_cost": 182.1876423908604, "time_cost": 74.672, "final_distance_cost": 1.8530825760467635, "oscillation_cost": 26.649246452257845, "completition_cost": 0.0, "overshoot_cost": 50.857687340358254, "power_cost": 14.458540869140625, "noise_cost": 13.69708515305692, "n_waypoints_completed": 9, "tot_waypoints": 9}}
{"target": -179.31290520164538, "params": {"k_pid_pos": [1.805237800615372, 0.013433354768834093, 0.8306281966830543], "k_pid_alt": [1.5165354673991613, 0.0016590437983045644, 0.014122843078484883], "k_pid_att": [12.360750728236269, 0.1783110032162237, 0.2978104908623874], "k_pid_yaw": [0.5, 1e-06, 0.1], "k_pid_hsp": [0.1946224688391752, 0.007095632996752273, 0.0], "k_pid_vsp": [215.0778898918417, 334.4576685303348, 1.0121379996292326]}, "datetime": {"datetime": "2025-08-21 15:44:37", "elapsed": 25193.9459297657, "delta": 17.487512350082397}, "costs": {"total_cost": 179.31290520164538, "time_cost": 70.392, "final_distance_cost": 1.8330265004605655, "oscillation_cost": 28.89702059656945, "completition_cost": 0.0, "overshoot_cost": 50.63768425684663, "power_cost": 14.782272338867188, "noise_cost": 12.77090150890156, "n_waypoints_completed": 9, "tot_waypoints": 9}}
{"target": -173.8408582297547, "params": {"k_pid_pos": [2.0, 0.019394914539432023, 0.853009932743202], "k_pid_alt": [1.7026281375482097, 0.004769081153533448, 0.009635133706278979], "k_pid_att": [11.544278952933775, 0.15811132957215615, 0.17333245114992513], "k_pid_yaw": [0.5, 1e-06, 0.1], "k_pid_hsp": [0.2124236181880678, 0.009300457119427443, 0.0], "k_pid_vsp": [77.36447286382028, 267.6636126171204, 1.3040206985336127]}, "datetime": {"datetime": "2025-08-21 15:44:53", "elapsed": 25210.308047533035, "delta": 16.362117767333984}, "costs": {"total_cost": 173.8408582297547, "time_cost": 69.008, "final_distance_cost": 1.8208405751329193, "oscillation_cost": 30.49555913770181, "completition_cost": 0.0, "overshoot_cost": 49.87488913355304, "power_cost": 11.732129504394532, "noise_cost": 10.909439878972414, "n_waypoints_completed": 9, "tot_waypoints": 9}}
{"target": -172.16832630370115, "params": {"k_pid_pos": [2.0, 0.0174498736955341, 0.7431559869875161], "k_pid_alt": [1.5760008946850916, 0.004249409507895966, 0.01016540878278166], "k_pid_att": [12.520568641877626, 0.1101185167435154, 0.3585849991049466], "k_pid_yaw": [0.5, 1e-06, 0.1], "k_pid_hsp": [0.15483226868895972, 0.010540070613400546, 0.0], "k_pid_vsp": [187.9859955649766, 267.8612652455483, 1.219857192794607]}, "datetime": {"datetime": "2025-08-21 15:45:09", "elapsed": 25226.322536706924, "delta": 16.01448917388916}, "costs": {"total_cost": 172.16832630370115, "time_cost": 68.744, "final_distance_cost": 1.8086359717704794, "oscillation_cost": 30.1136592076239, "completition_cost": 0.0, "overshoot_cost": 50.3043192186235, "power_cost": 10.894349340820312, "noise_cost": 10.30336256486296, "n_waypoints_completed": 9, "tot_waypoints": 9}}
{"target": -227.5055815318372, "params": {"k_pid_pos": [1.8670944629692106, 0.026905480723973474, 0.17308667199638297], "k_pid_alt": [1.1977151671653437, 0.0026760757847037082, 0.011088881254936442], "k_pid_att": [13.706934253822086, 0.15851992858363798, 0.37046539732942835], "k_pid_yaw": [0.5, 1e-06, 0.1], "k_pid_hsp": [0.14534240259267694, 0.0291952597050418, 0.0], "k_pid_vsp": [239.99419508766655, 323.13064398346086, 1.658419897130516]}, "datetime": {"datetime": "2025-08-21 15:45:29", "elapsed": 25245.74800491333, "delta": 19.42546820640564}, "costs": {"total_cost": 227.5055815318372, "time_cost": 86.376, "final_distance_cost": 1.7656946748580988, "oscillation_cost": 38.15805124665905, "completition_cost": 0.0, "overshoot_cost": 59.04987853840848, "power_cost": 23.67173221435547, "noise_cost": 18.4842248575561, "n_waypoints_completed": 9, "tot_waypoints": 9}}
{"target": -173.80668476322455, "params": {"k_pid_pos": [1.3435727084302815, 0.01869002678843491, 0.8262088851004932], "k_pid_alt": [2.0, 0.0038875828966183855, 0.009990763683698353], "k_pid_att": [11.644742711539008, 0.12352528136774216, 0.24053394023868968], "k_pid_yaw": [0.5, 1e-06, 0.1], "k_pid_hsp": [0.18431339580337203, 0.01974988214494988, 0.0], "k_pid_vsp": [247.2039657921039, 156.73644106747184, 2.035638292579812]}, "datetime": {"datetime": "2025-08-21 15:45:46", "elapsed": 25262.674864292145, "delta": 16.926859378814697}, "costs": {"total_cost": 173.80668476322455, "time_cost": 70.536, "final_distance_cost": 1.8531132853895136, "oscillation_cost": 27.501506569363006, "completition_cost": 0.0, "overshoot_cost": 50.63258136947637, "power_cost": 11.936913317871094, "noise_cost": 11.346570221124548, "n_waypoints_completed": 9, "tot_waypoints": 9}}
