{"target": -197.6591971726186, "params": {"k_pid_pos": [1.4686967822904828, 0.1896868935502094, 0.5927794817132397], "k_pid_alt": [1.3640739872088836, 0.25754833427500473, 0.2517260904535941], "k_pid_att": [50.24266146785292, 0.1632961051206541, 0.7103082113849499], "k_pid_yaw": [0.5, 1e-06, 0.1], "k_pid_hsp": [0.9337712208926209, 0.2485503681532489, 0.0], "k_pid_vsp": [75.76192756555135, 400.0, 20.66538858873007]}, "datetime": {"datetime": "2025-08-21 09:30:28", "elapsed": 2744.5649621486664, "delta": 24.280293464660645}, "costs": {"total_cost": 197.6591971726186, "time_cost": 78.968, "final_distance_cost": 1.7544622798787937, "oscillation_cost": 46.832074503851224, "completition_cost": 0.0, "overshoot_cost": 50.3276721146457, "power_cost": 10.660108276367188, "noise_cost": 9.116879997875676, "n_waypoints_completed": 9, "tot_waypoints": 9}}
{"target": -561.2748170239247, "params": {"k_pid_pos": [0.6890811242933843, 0.6194405273109548, 0.7805223000743761], "k_pid_alt": [1.8972258546157494, 0.13400699167080632, 0.2918385816818687], "k_pid_att": [100.0, 1.6661551079361339, 0.9501124650098403], "k_pid_yaw": [0.5, 1e-06, 0.1], "k_pid_hsp": [1.5679613185584456, 0.20192271766583555, 0.0], "k_pid_vsp": [23.121173904341855, 297.7276037283205, 41.82815310350127]}, "datetime": {"datetime": "2025-08-21 09:30:59", "elapsed": 2775.8892171382904, "delta": 31.324254989624023}, "costs": {"total_cost": 561.2748170239247, "time_cost": 150, "final_distance_cost": 71.53354923114681, "oscillation_cost": 40.8591036819991, "completition_cost": 222.2222222222222, "overshoot_cost": 42.248289410474946, "power_cost": 19.655594372558596, "noise_cost": 14.75605810552294, "n_waypoints_completed": 7, "tot_waypoints": 9}}
{"target": -259.4916909497669, "params": {"k_pid_pos": [1.7392261399352407, 0.25884752088023893, 0.633247402623912], "k_pid_alt": [1.362928820548906, 0.10628952005193636, 0.4522742606396519], "k_pid_att": [36.35275082255024, 3.0271485246823793, 0.38658303414992007], "k_pid_yaw": [0.5, 1e-06, 0.1], "k_pid_hsp": [4.260533872531643, 0.0, 0.0], "k_pid_vsp": [0.0, 400.0, 46.88202056203545]}, "datetime": {"datetime": "2025-08-21 09:31:27", "elapsed": 2803.484419107437, "delta": 27.59520196914673}, "costs": {"total_cost": 259.4916909497669, "time_cost": 94.792, "final_distance_cost": 1.7497625236260503, "oscillation_cost": 69.14523408984607, "completition_cost": 0.0, "overshoot_cost": 55.69712313285162, "power_cost": 22.15759235839844, "noise_cost": 15.949978845044722, "n_waypoints_completed": 9, "tot_waypoints": 9}}
{"target": -246.2269617442913, "params": {"k_pid_pos": [0.7204440092632322, 0.38410401790938137, 1.0], "k_pid_alt": [1.2041015533149761, 0.0, 0.08879774655913349], "k_pid_att": [56.0196207934213, 1.016077766022485, 0.660929414656643], "k_pid_yaw": [0.5, 1e-06, 0.1], "k_pid_hsp": [6.786946393527546, 0.06490076507478983, 0.015021182804221189], "k_pid_vsp": [43.164126414515124, 326.47153326681115, 17.32913818267583]}, "datetime": {"datetime": "2025-08-21 09:31:48", "elapsed": 2825.335542201996, "delta": 21.851123094558716}, "costs": {"total_cost": 246.2269617442913, "time_cost": 84.144, "final_distance_cost": 1.829591379204426, "oscillation_cost": 73.24586100234072, "completition_cost": 0.0, "overshoot_cost": 51.93393287129302, "power_cost": 19.854704650878908, "noise_cost": 15.218871840574183, "n_waypoints_completed": 9, "tot_waypoints": 9}}
{"target": -222.6501847079799, "params": {"k_pid_pos": [0.8168781078746049, 0.48828416271802605, 0.6551914853999325], "k_pid_alt": [0.9710292629915948, 0.392886782906418, 0.0], "k_pid_att": [47.75390381610199, 0.0001, 0.8841135207658786], "k_pid_yaw": [0.5, 1e-06, 0.1], "k_pid_hsp": [2.2562651638090756, 0.06285709611977554, 0.0], "k_pid_vsp": [135.09399067404996, 394.3605373849785, 1e-06]}, "datetime": {"datetime": "2025-08-21 09:32:18", "elapsed": 2855.2370989322662, "delta": 29.901556730270386}, "costs": {"total_cost": 222.6501847079799, "time_cost": 95.84, "final_distance_cost": 1.7204592222215502, "oscillation_cost": 38.44130021267933, "completition_cost": 0.0, "overshoot_cost": 55.263317875243104, "power_cost": 16.84128377685547, "noise_cost": 14.543823620980419, "n_waypoints_completed": 9, "tot_waypoints": 9}}
{"target": -237.36774544100476, "params": {"k_pid_pos": [2.0, 0.4818084156281734, 0.41063106373921415], "k_pid_alt": [1.302035411530462, 0.3080881217334716, 0.291738416147102], "k_pid_att": [54.601076963465914, 0.0001, 0.19782311881202783], "k_pid_yaw": [0.5, 1e-06, 0.1], "k_pid_hsp": [2.51996515998933, 0.14797109825197502, 0.0], "k_pid_vsp": [66.93005186304991, 281.54158461658363, 1e-06]}, "datetime": {"datetime": "2025-08-21 09:32:42", "elapsed": 2878.754726409912, "delta": 23.517627477645874}, "costs": {"total_cost": 237.36774544100476, "time_cost": 94.8, "final_distance_cost": 1.782493647006683, "oscillation_cost": 54.63925354781986, "completition_cost": 0.0, "overshoot_cost": 52.474984955287475, "power_cost": 18.336338769531253, "noise_cost": 15.33467452135945, "n_waypoints_completed": 9, "tot_waypoints": 9}}
{"target": -228.092048505916, "params": {"k_pid_pos": [0.7344731685112583, 0.0, 0.6930310888771146], "k_pid_alt": [1.5028840767691125, 0.08493649999139241, 0.5105312208104021], "k_pid_att": [94.86525694204492, 1.9046961571396246, 0.5213390443036192], "k_pid_yaw": [0.5, 1e-06, 0.1], "k_pid_hsp": [4.717134267529704, 0.06282119203892637, 0.0], "k_pid_vsp": [125.83666178563713, 187.67057885624453, 47.25713012757114]}, "datetime": {"datetime": "2025-08-21 09:33:09", "elapsed": 2906.2356810569763, "delta": 27.48095464706421}, "costs": {"total_cost": 228.092048505916, "time_cost": 93.64, "final_distance_cost": 1.8283554661294288, "oscillation_cost": 53.46785672358551, "completition_cost": 0.0, "overshoot_cost": 53.1513551936462, "power_cost": 13.904807751464844, "noise_cost": 12.099673371090034, "n_waypoints_completed": 9, "tot_waypoints": 9}}
{"target": -212.39880021094862, "params": {"k_pid_pos": [2.0, 0.3924831789308558, 0.216796153783568], "k_pid_alt": [0.7920724781485499, 0.0, 0.34605526025075656], "k_pid_att": [73.02429759010339, 0.3199660991438564, 0.38296254593103124], "k_pid_yaw": [0.5, 1e-06, 0.1], "k_pid_hsp": [4.265216291932618, 0.2728399074457613, 0.0012251746237814242], "k_pid_vsp": [36.00411270499571, 400.0, 1e-06]}, "datetime": {"datetime": "2025-08-21 09:33:31", "elapsed": 2927.565628528595, "delta": 21.329947471618652}, "costs": {"total_cost": 212.39880021094862, "time_cost": 76.34400000000001, "final_distance_cost": 1.800144835563523, "oscillation_cost": 58.27308380208029, "completition_cost": 0.0, "overshoot_cost": 50.23631976337712, "power_cost": 13.99101854248047, "noise_cost": 11.754233267447193, "n_waypoints_completed": 9, "tot_waypoints": 9}}
{"target": -190.8107202597601, "params": {"k_pid_pos": [2.0, 0.3385851964095725, 0.9937176191313263], "k_pid_alt": [1.3596356336710385, 0.026254978351089236, 0.3268990231180239], "k_pid_att": [31.378501986384695, 0.0001, 0.8746054119050991], "k_pid_yaw": [0.5, 1e-06, 0.1], "k_pid_hsp": [2.5058828996678906, 0.37150598922610384, 0.0], "k_pid_vsp": [41.42906290340051, 400.0, 1e-06]}, "datetime": {"datetime": "2025-08-21 09:33:48", "elapsed": 2944.641237974167, "delta": 17.0756094455719}, "costs": {"total_cost": 190.8107202597601, "time_cost": 69.47200000000001, "final_distance_cost": 1.7949751992778233, "oscillation_cost": 45.31941951938613, "completition_cost": 0.0, "overshoot_cost": 50.30930294250206, "power_cost": 12.7869126953125, "noise_cost": 11.128109903281558, "n_waypoints_completed": 9, "tot_waypoints": 9}}
{"target": -4174.769123778773, "params": {"k_pid_pos": [2.0, 0.11497956711934436, 1.0], "k_pid_alt": [2.0, 0.27466910364495317, 0.31399793881530624], "k_pid_att": [0.0, 0.2422772515092395, 0.7738909290351255], "k_pid_yaw": [0.5, 1e-06, 0.1], "k_pid_hsp": [5.377645083365692, 0.2639642168416561, 0.0], "k_pid_vsp": [32.77933710046188, 400.0, 21.408110649097114]}, "datetime": {"datetime": "2025-08-21 09:34:18", "elapsed": 2974.959533214569, "delta": 30.31829524040222}, "costs": {"total_cost": 4174.769123778773, "time_cost": 150, "final_distance_cost": 748.2889896783419, "oscillation_cost": 408.41834135862655, "completition_cost": 1000.0, "overshoot_cost": 1743.7777556016051, "power_cost": 34.08992807617188, "noise_cost": 90.19410906402793, "n_waypoints_completed": 0, "tot_waypoints": 9}}
{"target": -412.09729609282846, "params": {"k_pid_pos": [1.4356177045619616, 0.35081877844437676, 0.6503562474049085], "k_pid_alt": [0.14482135788595873, 0.20972405215628606, 0.20524716454004202], "k_pid_att": [70.56207561499515, 1.5751449092533119, 0.9223342848564262], "k_pid_yaw": [0.5, 1e-06, 0.1], "k_pid_hsp": [5.2205712219334215, 0.2883658859585973, 0.0], "k_pid_vsp": [97.52084932233542, 268.5822423364251, 8.621444597368146]}, "datetime": {"datetime": "2025-08-21 09:34:44", "elapsed": 3000.7730219364166, "delta": 25.813488721847534}, "costs": {"total_cost": 412.09729609282846, "time_cost": 150, "final_distance_cost": 14.638681207618596, "oscillation_cost": 45.34094670569308, "completition_cost": 111.11111111111116, "overshoot_cost": 57.21274835364546, "power_cost": 18.543087524414062, "noise_cost": 15.250721190346177, "n_waypoints_completed": 8, "tot_waypoints": 9}}
{"target": -206.8190679654423, "params": {"k_pid_pos": [1.4433873744946524, 0.0, 0.3422806296156653], "k_pid_alt": [1.5314650358980602, 0.13130066504675428, 0.6481003964592743], "k_pid_att": [55.869933139020134, 0.9599435601950574, 0.7218574807934616], "k_pid_yaw": [0.5, 1e-06, 0.1], "k_pid_hsp": [6.104866929139714, 0.4543546767606547, 0.0], "k_pid_vsp": [33.40012276543615, 294.76919782015733, 1e-06]}, "datetime": {"datetime": "2025-08-21 09:35:09", "elapsed": 3026.0314910411835, "delta": 25.258469104766846}, "costs": {"total_cost": 206.8190679654423, "time_cost": 82.83200000000001, "final_distance_cost": 1.7956244446072906, "oscillation_cost": 48.57343351099276, "completition_cost": 0.0, "overshoot_cost": 50.1768455627295, "power_cost": 12.080517993164063, "noise_cost": 11.360646453948664, "n_waypoints_completed": 9, "tot_waypoints": 9}}
{"target": -281.05067008363534, "params": {"k_pid_pos": [1.1232622657421916, 0.17624719498558283, 0.7821583266133564], "k_pid_alt": [1.4721798443762364, 0.3172088707620485, 0.20807353340857573], "k_pid_att": [91.7698765148006, 1.338150095870769, 0.38874540938643504], "k_pid_yaw": [0.5, 1e-06, 0.1], "k_pid_hsp": [5.626012529859036, 0.2771417651955379, 0.0], "k_pid_vsp": [0.0, 350.2702008929393, 1e-06]}, "datetime": {"datetime": "2025-08-21 09:35:35", "elapsed": 3052.064046859741, "delta": 26.03255581855774}, "costs": {"total_cost": 281.05067008363534, "time_cost": 95.744, "final_distance_cost": 1.7436657392901782, "oscillation_cost": 86.86367643270485, "completition_cost": 0.0, "overshoot_cost": 58.06781619108171, "power_cost": 22.270220471191408, "noise_cost": 16.361291249367167, "n_waypoints_completed": 9, "tot_waypoints": 9}}
{"target": -1204.376748134786, "params": {"k_pid_pos": [0.9396076001614757, 0.6949364604021837, 0.6789317135262548], "k_pid_alt": [1.9117096840071934, 0.05988682844307811, 0.0], "k_pid_att": [73.44825441632817, 1.368632828879454, 0.7311445664618376], "k_pid_yaw": [0.5, 1e-06, 0.1], "k_pid_hsp": [0.0001, 0.0, 0.0], "k_pid_vsp": [266.8152726142183, 400.0, 1e-06]}, "datetime": {"datetime": "2025-08-21 09:36:02", "elapsed": 3078.850334882736, "delta": 26.786288022994995}, "costs": {"total_cost": 1204.376748134786, "time_cost": 150, "final_distance_cost": 47.327852160132494, "oscillation_cost": 1.0283073438381205, "completition_cost": 888.8888888888888, "overshoot_cost": 84.44700175012298, "power_cost": 17.67710615234375, "noise_cost": 15.007591839460101, "n_waypoints_completed": 1, "tot_waypoints": 9}}
{"target": -372.2390882336576, "params": {"k_pid_pos": [1.5284706028610444, 0.3208372310672592, 0.759614149291869], "k_pid_alt": [1.132324086618793, 0.7852176569297988, 0.2068646883271016], "k_pid_att": [44.18043378572273, 0.0001, 0.39380694013464623], "k_pid_yaw": [0.5, 1e-06, 0.1], "k_pid_hsp": [4.064303372876965, 0.31734749907490273, 0.05179269009116277], "k_pid_vsp": [25.58914106407239, 400.0, 48.292928076809744]}, "datetime": {"datetime": "2025-08-21 09:36:30", "elapsed": 3107.0895721912384, "delta": 28.239237308502197}, "costs": {"total_cost": 372.2390882336576, "time_cost": 90.688, "final_distance_cost": 1.7217459952324259, "oscillation_cost": 190.1841234449765, "completition_cost": 0.0, "overshoot_cost": 54.22106339550248, "power_cost": 20.521391906738284, "noise_cost": 14.902763491207836, "n_waypoints_completed": 9, "tot_waypoints": 9}}
{"target": -187.8867741951248, "params": {"k_pid_pos": [1.3997907456891083, 0.5235440327576341, 0.912919559684436], "k_pid_alt": [1.3034095416691496, 0.0, 0.11175515727088454], "k_pid_att": [49.21562509758306, 1.8652147377157018, 0.4844146085363304], "k_pid_yaw": [0.5, 1e-06, 0.1], "k_pid_hsp": [3.371309978919849, 0.42297479488151374, 0.0], "k_pid_vsp": [130.3395665048278, 338.2125488680221, 25.956692234218934]}, "datetime": {"datetime": "2025-08-21 09:36:50", "elapsed": 3127.37437415123, "delta": 20.284801959991455}, "costs": {"total_cost": 187.8867741951248, "time_cost": 74.856, "final_distance_cost": 1.7961749773990434, "oscillation_cost": 43.17355027001382, "completition_cost": 0.0, "overshoot_cost": 49.51993352395023, "power_cost": 9.326679162597657, "noise_cost": 9.214436261164025, "n_waypoints_completed": 9, "tot_waypoints": 9}}
{"target": -1286.2753017129019, "params": {"k_pid_pos": [1.3562616784087507, 0.31264477581359595, 0.7717811689414505], "k_pid_alt": [0.9536914214261497, 0.16589238961900146, 0.5900229780550369], "k_pid_att": [37.61157542499823, 0.0001, 0.9268751352080985], "k_pid_yaw": [0.5, 1e-06, 0.1], "k_pid_hsp": [3.254844105127255, 0.02980304498330963, 0.0], "k_pid_vsp": [0.0, 48.94691768077072, 25.936855971715108]}, "datetime": {"datetime": "2025-08-21 09:37:18", "elapsed": 3155.1957807540894, "delta": 27.821406602859497}, "costs": {"total_cost": 1286.2753017129019, "time_cost": 150, "final_distance_cost": 68.18168289078943, "oscillation_cost": 31.49223098857543, "completition_cost": 888.8888888888888, "overshoot_cost": 114.50802333249501, "power_cost": 10.382986364746094, "noise_cost": 22.82148924740702, "n_waypoints_completed": 1, "tot_waypoints": 9}}
{"target": -193.46450967906577, "params": {"k_pid_pos": [1.785946967350199, 0.2083463186175444, 0.39689538402238894], "k_pid_alt": [1.7132232288396174, 0.0, 0.34681330340060407], "k_pid_att": [67.98973033254735, 3.593477947534403, 0.7472524700440869], "k_pid_yaw": [0.5, 1e-06, 0.1], "k_pid_hsp": [2.603470838782288, 0.148575738802572, 0.0], "k_pid_vsp": [29.907738655161932, 400.0, 67.66742963801211]}, "datetime": {"datetime": "2025-08-21 09:37:38", "elapsed": 3174.9110350608826, "delta": 19.715254306793213}, "costs": {"total_cost": 193.46450967906577, "time_cost": 69.624, "final_distance_cost": 1.8022458130952008, "oscillation_cost": 47.292934612985846, "completition_cost": 0.0, "overshoot_cost": 51.00949868722098, "power_cost": 13.028929821777345, "noise_cost": 10.706900743986397, "n_waypoints_completed": 9, "tot_waypoints": 9}}
{"target": -189.64492596468799, "params": {"k_pid_pos": [1.6411349307721077, 0.29827341500806526, 0.7569432213961128], "k_pid_alt": [1.4192752753425957, 0.0, 0.024043873621735896], "k_pid_att": [47.35421865190164, 0.33222369640516697, 0.81007294382855], "k_pid_yaw": [0.5, 1e-06, 0.1], "k_pid_hsp": [1.9903060133074952, 0.2771288248381401, 0.0], "k_pid_vsp": [50.12188158663548, 400.0, 2.25291399242354]}, "datetime": {"datetime": "2025-08-21 09:37:55", "elapsed": 3192.320336818695, "delta": 17.4093017578125}, "costs": {"total_cost": 189.64492596468799, "time_cost": 70.368, "final_distance_cost": 1.8042431581911627, "oscillation_cost": 42.50483968531925, "completition_cost": 0.0, "overshoot_cost": 50.19635646866885, "power_cost": 13.158841674804687, "noise_cost": 11.612644977704056, "n_waypoints_completed": 9, "tot_waypoints": 9}}
{"target": -203.40406045786506, "params": {"k_pid_pos": [1.000874222810672, 0.2965408479571433, 0.6435090639893404], "k_pid_alt": [1.1905769708532121, 0.0, 0.3757133706279252], "k_pid_att": [100.0, 2.801820942017436, 0.15593969095602048], "k_pid_yaw": [0.5, 1e-06, 0.1], "k_pid_hsp": [2.07969639822395, 0.11351461678910675, 0.0], "k_pid_vsp": [189.08731528778102, 400.0, 21.179519255495833]}, "datetime": {"datetime": "2025-08-21 09:38:15", "elapsed": 3211.721181869507, "delta": 19.400845050811768}, "costs": {"total_cost": 203.40406045786506, "time_cost": 76.288, "final_distance_cost": 1.8347353330618574, "oscillation_cost": 47.960701701873354, "completition_cost": 0.0, "overshoot_cost": 50.78295390573452, "power_cost": 14.221197021484375, "noise_cost": 12.316472495710945, "n_waypoints_completed": 9, "tot_waypoints": 9}}
{"target": -192.11884159164032, "params": {"k_pid_pos": [1.0173236129605392, 0.5265399498209539, 0.6359535743876554], "k_pid_alt": [0.8779544584125282, 0.0, 0.0], "k_pid_att": [61.71377426249401, 1.7839772582608153, 0.7761521968201288], "k_pid_yaw": [0.5, 1e-06, 0.1], "k_pid_hsp": [3.4356696755494753, 0.44576963666547176, 0.0], "k_pid_vsp": [258.2742877518193, 400.0, 22.853415888911858]}, "datetime": {"datetime": "2025-08-21 09:38:39", "elapsed": 3235.8894057273865, "delta": 24.16822385787964}, "costs": {"total_cost": 192.11884159164032, "time_cost": 75.784, "final_distance_cost": 1.81004420567064, "oscillation_cost": 43.58452620911446, "completition_cost": 0.0, "overshoot_cost": 49.53783353358158, "power_cost": 11.303372497558595, "noise_cost": 10.099065145715034, "n_waypoints_completed": 9, "tot_waypoints": 9}}
{"target": -190.8730734280649, "params": {"k_pid_pos": [2.0, 0.4086757892278789, 0.5462664258044655], "k_pid_alt": [1.1778576922935917, 0.0, 0.10132476661786817], "k_pid_att": [39.766453859252174, 0.6995625696025196, 1.0], "k_pid_yaw": [0.5, 1e-06, 0.1], "k_pid_hsp": [3.3949934621678217, 0.34006790896694356, 0.0], "k_pid_vsp": [325.8656624575152, 258.72497953630585, 1.1831254370764708]}, "datetime": {"datetime": "2025-08-21 09:38:57", "elapsed": 3254.096027612686, "delta": 18.206621885299683}, "costs": {"total_cost": 190.8730734280649, "time_cost": 73.736, "final_distance_cost": 1.7520050356102037, "oscillation_cost": 39.310955239465365, "completition_cost": 0.0, "overshoot_cost": 49.951187309620636, "power_cost": 13.84363074951172, "noise_cost": 12.279295093856964, "n_waypoints_completed": 9, "tot_waypoints": 9}}
{"target": -385.38787569728964, "params": {"k_pid_pos": [2.0, 0.3755811449525522, 0.7797761183470229], "k_pid_alt": [0.7142360809484819, 0.3770396135285819, 0.13798867818683433], "k_pid_att": [48.13541175837935, 0.9440276959082817, 0.0], "k_pid_yaw": [0.5, 1e-06, 0.1], "k_pid_hsp": [1.7795977647784325, 0.23264812295579043, 0.04482273302606676], "k_pid_vsp": [177.7651412957507, 107.92202349038403, 1e-06]}, "datetime": {"datetime": "2025-08-21 09:39:25", "elapsed": 3281.4900176525116, "delta": 27.39399003982544}, "costs": {"total_cost": 385.38787569728964, "time_cost": 93.048, "final_distance_cost": 1.7764292697333701, "oscillation_cost": 209.00819053868656, "completition_cost": 0.0, "overshoot_cost": 52.51114710887227, "power_cost": 14.886503393554689, "noise_cost": 14.15760538644274, "n_waypoints_completed": 9, "tot_waypoints": 9}}
{"target": -185.71062866290654, "params": {"k_pid_pos": [1.298697446517793, 0.5702380943404068, 0.8391183399482097], "k_pid_alt": [2.0, 0.0, 0.10085181998464869], "k_pid_att": [61.923189921161594, 1.7868235880472279, 0.9169648702769143], "k_pid_yaw": [0.5, 1e-06, 0.1], "k_pid_hsp": [3.181404222427398, 0.1942736257789415, 0.0], "k_pid_vsp": [122.39674204298292, 400.0, 1e-06]}, "datetime": {"datetime": "2025-08-21 09:39:45", "elapsed": 3302.199696779251, "delta": 20.709679126739502}, "costs": {"total_cost": 185.71062866290654, "time_cost": 74.456, "final_distance_cost": 1.8193626964738119, "oscillation_cost": 38.978324848580804, "completition_cost": 0.0, "overshoot_cost": 50.402509268643485, "power_cost": 9.768895617675781, "noise_cost": 10.28553623153267, "n_waypoints_completed": 9, "tot_waypoints": 9}}
{"target": -201.01876655429905, "params": {"k_pid_pos": [1.6466346558702831, 0.23401450633776646, 0.6265984090135638], "k_pid_alt": [2.0, 0.007968707799216575, 0.41970234116695054], "k_pid_att": [83.87383653375474, 1.7480439328455386, 1.0], "k_pid_yaw": [0.5, 1e-06, 0.1], "k_pid_hsp": [0.300914708420402, 0.25206567275130637, 0.0], "k_pid_vsp": [73.04598154874084, 400.0, 1e-06]}, "datetime": {"datetime": "2025-08-21 09:40:03", "elapsed": 3320.2090735435486, "delta": 18.009376764297485}, "costs": {"total_cost": 201.01876655429905, "time_cost": 71.68, "final_distance_cost": 1.8204250651908882, "oscillation_cost": 48.46416901222906, "completition_cost": 0.0, "overshoot_cost": 50.41206815651377, "power_cost": 15.602517773437501, "noise_cost": 13.039586546927838, "n_waypoints_completed": 9, "tot_waypoints": 9}}
{"target": -211.5140808861898, "params": {"k_pid_pos": [1.8145713283425504, 0.3780284332891181, 0.03728719387304469], "k_pid_alt": [1.2284050343275192, 0.0, 0.11460644597873755], "k_pid_att": [26.40448862382479, 1.7799694459735529, 0.16591952733862592], "k_pid_yaw": [0.5, 1e-06, 0.1], "k_pid_hsp": [3.038133884640876, 0.2504061891459412, 0.0], "k_pid_vsp": [41.43652786479771, 400.0, 23.396678832652878]}, "datetime": {"datetime": "2025-08-21 09:40:26", "elapsed": 3343.0946464538574, "delta": 22.885572910308838}, "costs": {"total_cost": 211.5140808861898, "time_cost": 73.776, "final_distance_cost": 1.7803328971583061, "oscillation_cost": 53.49889430719549, "completition_cost": 0.0, "overshoot_cost": 49.868022840538686, "power_cost": 19.016316137695313, "noise_cost": 13.574514703602004, "n_waypoints_completed": 9, "tot_waypoints": 9}}
