{"target": -174.7771891026363, "params": {"k_pid_pos": [1.857127024609173, 0.07129231908648934, 0.6581625079523907], "k_pid_alt": [2.0, 0.003464606651235816, 0.009959999888554486], "k_pid_att": [18.875638325222027, 0.1897706529896418, 0.3077652954327582], "k_pid_yaw": [0.5, 1e-06, 0.1], "k_pid_hsp": [0.21873808081115612, 0.00898410639976503, 0.0], "k_pid_vsp": [235.73021028307573, 187.31542856318833, 1.978745210677233]}, "datetime": {"datetime": "2025-08-21 15:17:50", "elapsed": 23587.077472686768, "delta": 15.268828630447388}, "costs": {"total_cost": 174.7771891026363, "time_cost": 69.47200000000001, "final_distance_cost": 1.8273640501445585, "oscillation_cost": 29.23710414427363, "completition_cost": 0.0, "overshoot_cost": 50.50911826922924, "power_cost": 12.443788232421875, "noise_cost": 11.28781440656702, "n_waypoints_completed": 9, "tot_waypoints": 9}}
{"target": -177.64691310653205, "params": {"k_pid_pos": [2.0, 0.04020092007829675, 0.668328553227274], "k_pid_alt": [1.933035782473829, 0.0037567967958824916, 0.013065321274855393], "k_pid_att": [14.7681778061957, 0.19492709817515605, 0.3876696012471959], "k_pid_yaw": [0.5, 1e-06, 0.1], "k_pid_hsp": [0.20863411608924065, 0.0186122516073812, 0.0], "k_pid_vsp": [166.51099486712448, 335.11527791777127, 0.27319896041925307]}, "datetime": {"datetime": "2025-08-21 15:18:07", "elapsed": 23603.903952360153, "delta": 16.82647967338562}, "costs": {"total_cost": 177.64691310653205, "time_cost": 69.416, "final_distance_cost": 1.8038289745372789, "oscillation_cost": 30.454524989275917, "completition_cost": 0.0, "overshoot_cost": 50.50462294471381, "power_cost": 13.659556323242189, "noise_cost": 11.808379874762874, "n_waypoints_completed": 9, "tot_waypoints": 9}}
{"target": -172.9528833240812, "params": {"k_pid_pos": [1.2905673684785894, 0.021867574517980867, 0.7213559701039346], "k_pid_alt": [1.7108323094196365, 0.002682231148686889, 0.009634236647050584], "k_pid_att": [12.298358618137685, 0.12313149110934951, 0.36000867000064307], "k_pid_yaw": [0.5, 1e-06, 0.1], "k_pid_hsp": [0.15810053854594566, 0.019375541560233422, 0.0], "k_pid_vsp": [244.65825631695486, 242.84094090235854, 1.9073736756111215]}, "datetime": {"datetime": "2025-08-21 15:18:24", "elapsed": 23621.294347286224, "delta": 17.390394926071167}, "costs": {"total_cost": 172.9528833240812, "time_cost": 70.06400000000001, "final_distance_cost": 1.8456302015329464, "oscillation_cost": 26.852112793091795, "completition_cost": 0.0, "overshoot_cost": 49.99433128859186, "power_cost": 12.446912890625, "noise_cost": 11.749896150239573, "n_waypoints_completed": 9, "tot_waypoints": 9}}
{"target": -171.43048054192312, "params": {"k_pid_pos": [1.7719186613097229, 0.07935052179921756, 0.8013238811766562], "k_pid_alt": [2.0, 0.004144835082135946, 0.007771738263578728], "k_pid_att": [14.650577238137055, 0.16480563124728528, 0.2381239624146151], "k_pid_yaw": [0.5, 1e-06, 0.1], "k_pid_hsp": [0.18966800389034252, 0.010303837123984345, 0.0], "k_pid_vsp": [161.84074661542866, 269.5577489122199, 1.9044505247789807]}, "datetime": {"datetime": "2025-08-21 15:18:40", "elapsed": 23636.941670179367, "delta": 15.6473228931427}, "costs": {"total_cost": 171.43048054192312, "time_cost": 69.06400000000001, "final_distance_cost": 1.822125635701856, "oscillation_cost": 29.055542129757114, "completition_cost": 0.0, "overshoot_cost": 49.868760930480505, "power_cost": 11.023185900878907, "noise_cost": 10.596865945104717, "n_waypoints_completed": 9, "tot_waypoints": 9}}
{"target": -178.73793027804442, "params": {"k_pid_pos": [2.0, 0.017495229477907864, 1.0], "k_pid_alt": [2.0, 0.0035252107217019902, 0.006942718328683418], "k_pid_att": [13.078839118191475, 0.23009213795680541, 0.4063725574337686], "k_pid_yaw": [0.5, 1e-06, 0.1], "k_pid_hsp": [0.1576658757787757, 0.007630070759773839, 0.0], "k_pid_vsp": [360.00853368279076, 219.58950953549257, 0.4373435020764039]}, "datetime": {"datetime": "2025-08-21 15:18:57", "elapsed": 23653.576873779297, "delta": 16.63520359992981}, "costs": {"total_cost": 178.73793027804442, "time_cost": 70.76, "final_distance_cost": 1.8425769854851382, "oscillation_cost": 27.951047940071557, "completition_cost": 0.0, "overshoot_cost": 51.70302620024866, "power_cost": 14.005094482421876, "noise_cost": 12.476184669817185, "n_waypoints_completed": 9, "tot_waypoints": 9}}
{"target": -171.37022453379865, "params": {"k_pid_pos": [1.6628390953808152, 0.0245178502503815, 1.0], "k_pid_alt": [2.0, 0.004251175225499187, 0.008065554894051903], "k_pid_att": [17.58389365729086, 0.28951212140192545, 0.3663766671620971], "k_pid_yaw": [0.5, 1e-06, 0.1], "k_pid_hsp": [0.15477886087572124, 0.01287937735429068, 0.0], "k_pid_vsp": [388.9590950259774, 124.84730035014638, 1.5093599659179036]}, "datetime": {"datetime": "2025-08-21 15:19:13", "elapsed": 23669.662052869797, "delta": 16.085179090499878}, "costs": {"total_cost": 171.37022453379865, "time_cost": 70.256, "final_distance_cost": 1.8441506083426804, "oscillation_cost": 27.05242772974251, "completition_cost": 0.0, "overshoot_cost": 50.15711016089266, "power_cost": 11.165684729003907, "noise_cost": 10.89485130581691, "n_waypoints_completed": 9, "tot_waypoints": 9}}
{"target": -177.58145858444655, "params": {"k_pid_pos": [1.956832794739095, 0.025799030030320996, 1.0], "k_pid_alt": [1.4161921244185285, 0.002141097358007712, 0.007408311081947901], "k_pid_att": [15.069345541944955, 0.20899747868574178, 0.388460175969265], "k_pid_yaw": [0.5, 1e-06, 0.1], "k_pid_hsp": [0.16473509860808597, 0.019655910393457102, 0.0], "k_pid_vsp": [145.53289371871466, 157.32753272205326, 1.4702382448189202]}, "datetime": {"datetime": "2025-08-21 15:19:29", "elapsed": 23686.251096248627, "delta": 16.589043378829956}, "costs": {"total_cost": 177.58145858444655, "time_cost": 69.992, "final_distance_cost": 1.8331595512213383, "oscillation_cost": 28.923848050683837, "completition_cost": 0.0, "overshoot_cost": 50.66722519396668, "power_cost": 13.94576025390625, "noise_cost": 12.21946553466842, "n_waypoints_completed": 9, "tot_waypoints": 9}}
{"target": -174.70472899437723, "params": {"k_pid_pos": [2.0, 0.047515404360654934, 1.0], "k_pid_alt": [1.0421415783064785, 0.0041520857840558235, 0.00902369456977243], "k_pid_att": [15.704620144227581, 0.23639946991367514, 0.35128679115769174], "k_pid_yaw": [0.5, 1e-06, 0.1], "k_pid_hsp": [0.2097838077735755, 0.012123858548285562, 0.0], "k_pid_vsp": [146.66545421158858, 231.10443393279323, 1.2928947124420096]}, "datetime": {"datetime": "2025-08-21 15:19:46", "elapsed": 23702.480058908463, "delta": 16.228962659835815}, "costs": {"total_cost": 174.70472899437723, "time_cost": 69.44, "final_distance_cost": 1.8277755094943018, "oscillation_cost": 29.925200739614883, "completition_cost": 0.0, "overshoot_cost": 49.942281556947044, "power_cost": 12.26631697998047, "noise_cost": 11.303154208340537, "n_waypoints_completed": 9, "tot_waypoints": 9}}
{"target": -174.89127249229938, "params": {"k_pid_pos": [1.9628919214675324, 0.059567459755979796, 1.0], "k_pid_alt": [2.0, 0.006166217944384063, 0.011498572584690942], "k_pid_att": [13.823848246613139, 0.24105998450183863, 0.4043455754213558], "k_pid_yaw": [0.5, 1e-06, 0.1], "k_pid_hsp": [0.05991651779571833, 0.014872648410119453, 0.0], "k_pid_vsp": [289.71382186222104, 234.54462215024168, 1.580300892700725]}, "datetime": {"datetime": "2025-08-21 15:20:02", "elapsed": 23719.022310256958, "delta": 16.542251348495483}, "costs": {"total_cost": 174.89127249229938, "time_cost": 70.68, "final_distance_cost": 1.771253701011832, "oscillation_cost": 28.81037759405174, "completition_cost": 0.0, "overshoot_cost": 51.933502409723154, "power_cost": 11.035250378417969, "noise_cost": 10.66088840909467, "n_waypoints_completed": 9, "tot_waypoints": 9}}
{"target": -173.20538019768279, "params": {"k_pid_pos": [1.4860085393366118, 0.03851336956132847, 0.6328489554295695], "k_pid_alt": [2.0, 0.004101919870590343, 0.01224713890236779], "k_pid_att": [15.749398860179397, 0.14972415308387124, 0.30474127114927735], "k_pid_yaw": [0.5, 1e-06, 0.1], "k_pid_hsp": [0.16618513620830952, 0.008661583531769929, 0.0], "k_pid_vsp": [237.65914923367475, 238.86837608958467, 1.9643729312039901]}, "datetime": {"datetime": "2025-08-21 15:20:19", "elapsed": 23735.53106880188, "delta": 16.508758544921875}, "costs": {"total_cost": 173.20538019768279, "time_cost": 69.504, "final_distance_cost": 1.837505050668765, "oscillation_cost": 27.673993433364565, "completition_cost": 0.0, "overshoot_cost": 50.615644087507626, "power_cost": 12.059536962890625, "noise_cost": 11.51470066325117, "n_waypoints_completed": 9, "tot_waypoints": 9}}
{"target": -174.5081958342907, "params": {"k_pid_pos": [2.0, 0.05129519769828386, 1.0], "k_pid_alt": [1.7079806067858103, 0.00715729453840427, 0.013693207574734826], "k_pid_att": [14.144849359789767, 0.14769718955919728, 0.06777884446484683], "k_pid_yaw": [0.5, 1e-06, 0.1], "k_pid_hsp": [0.17434947452670777, 0.012733177634772877, 0.0], "k_pid_vsp": [195.14809514417155, 335.6073052233152, 1.6163423017353091]}, "datetime": {"datetime": "2025-08-21 15:20:34", "elapsed": 23751.433842420578, "delta": 15.90277361869812}, "costs": {"total_cost": 174.5081958342907, "time_cost": 69.144, "final_distance_cost": 1.828565399665554, "oscillation_cost": 30.151165825921833, "completition_cost": 0.0, "overshoot_cost": 50.167589978695716, "power_cost": 11.939426318359375, "noise_cost": 11.277448311648175, "n_waypoints_completed": 9, "tot_waypoints": 9}}
{"target": -174.67665080011707, "params": {"k_pid_pos": [1.615930926920394, 0.024099393154301197, 0.6455230020459445], "k_pid_alt": [2.0, 0.0059379784331226905, 0.009755934372868138], "k_pid_att": [3.4134731184780427, 0.11897335231953625, 0.27086963634887057], "k_pid_yaw": [0.5, 1e-06, 0.1], "k_pid_hsp": [0.20170600097811867, 0.015658560426275742, 0.0], "k_pid_vsp": [167.32779189407572, 189.03644746281648, 2.009874075797877]}, "datetime": {"datetime": "2025-08-21 15:20:51", "elapsed": 23767.61100435257, "delta": 16.177161931991577}, "costs": {"total_cost": 174.67665080011707, "time_cost": 69.736, "final_distance_cost": 1.829283085388102, "oscillation_cost": 29.649586291036584, "completition_cost": 0.0, "overshoot_cost": 50.411103739272775, "power_cost": 12.008136767578126, "noise_cost": 11.04254091684149, "n_waypoints_completed": 9, "tot_waypoints": 9}}
{"target": -172.2333736534651, "params": {"k_pid_pos": [1.9809283447197217, 0.0032105913171551806, 0.5896703353091532], "k_pid_alt": [2.0, 0.004881778872444475, 0.008512234548387293], "k_pid_att": [11.347835799657219, 0.14533378968455332, 0.48630747146000547], "k_pid_yaw": [0.5, 1e-06, 0.1], "k_pid_hsp": [0.19958364992077735, 0.012424789670877045, 0.0], "k_pid_vsp": [202.3051422456343, 149.5951121691136, 1.5396772102271317]}, "datetime": {"datetime": "2025-08-21 15:21:07", "elapsed": 23783.970077991486, "delta": 16.359073638916016}, "costs": {"total_cost": 172.2333736534651, "time_cost": 68.8, "final_distance_cost": 1.8257077404100606, "oscillation_cost": 30.36649252934619, "completition_cost": 0.0, "overshoot_cost": 50.364285073766794, "power_cost": 10.700263708496093, "noise_cost": 10.176624601445953, "n_waypoints_completed": 9, "tot_waypoints": 9}}
{"target": -177.3403760080261, "params": {"k_pid_pos": [2.0, 0.058780162468938, 0.9136205540607388], "k_pid_alt": [2.0, 0.004213781347925101, 0.01110217637369232], "k_pid_att": [17.11318684438261, 0.13611254759722458, 0.2654314477383396], "k_pid_yaw": [0.5, 1e-06, 0.1], "k_pid_hsp": [0.2346175695695616, 0.017529341784327784, 0.0], "k_pid_vsp": [173.38202267379222, 202.54908512571842, 1.151962287119237]}, "datetime": {"datetime": "2025-08-21 15:21:23", "elapsed": 23799.981567382812, "delta": 16.011489391326904}, "costs": {"total_cost": 177.3403760080261, "time_cost": 69.848, "final_distance_cost": 1.8338079594280274, "oscillation_cost": 30.34811784321434, "completition_cost": 0.0, "overshoot_cost": 50.25495322804253, "power_cost": 12.979828283691408, "noise_cost": 12.075668693649817, "n_waypoints_completed": 9, "tot_waypoints": 9}}
{"target": -185.73604942225043, "params": {"k_pid_pos": [1.973493130361696, 0.00024593569009816185, 0.5889477414408563], "k_pid_alt": [2.0, 0.004233297914004242, 0.010707221559178734], "k_pid_att": [15.830492604465897, 0.22925163026478543, 0.29276263833610483], "k_pid_yaw": [0.5, 1e-06, 0.1], "k_pid_hsp": [0.23539961780141228, 0.014927505158109255, 0.0], "k_pid_vsp": [250.09385316838322, 244.82019187396853, 1.1044985855109999]}, "datetime": {"datetime": "2025-08-21 15:21:40", "elapsed": 23816.58349752426, "delta": 16.601930141448975}, "costs": {"total_cost": 185.73604942225043, "time_cost": 70.584, "final_distance_cost": 1.8268846340035587, "oscillation_cost": 32.55487096917582, "completition_cost": 0.0, "overshoot_cost": 50.56903052565095, "power_cost": 16.626754150390624, "noise_cost": 13.574509143029484, "n_waypoints_completed": 9, "tot_waypoints": 9}}
{"target": -199.86301880882777, "params": {"k_pid_pos": [1.558090879882658, 0.06140637383219063, 1.0], "k_pid_alt": [1.9911333723223035, 0.0036064619104823788, 0.007870205146836716], "k_pid_att": [3.62867790531214, 0.10311894465201253, 0.17772683457672386], "k_pid_yaw": [0.5, 1e-06, 0.1], "k_pid_hsp": [0.09987190287632874, 0.016544575146231578, 0.0], "k_pid_vsp": [160.23779726418184, 113.93854390965832, 1.5932878279568816]}, "datetime": {"datetime": "2025-08-21 15:21:57", "elapsed": 23834.420610189438, "delta": 17.83711266517639}, "costs": {"total_cost": 199.86301880882777, "time_cost": 76.08800000000001, "final_distance_cost": 1.844771413556012, "oscillation_cost": 31.337573211758063, "completition_cost": 0.0, "overshoot_cost": 54.834559556376725, "power_cost": 19.855194580078127, "noise_cost": 15.902920047058846, "n_waypoints_completed": 9, "tot_waypoints": 9}}
{"target": -194.9990464666093, "params": {"k_pid_pos": [0.728927218051361, 0.023451393528093566, 0.9367649168819431], "k_pid_alt": [1.6854503487740444, 0.004463874237744868, 0.0030908985784083957], "k_pid_att": [21.24233730918945, 0.2829308194071789, 0.4503822013549807], "k_pid_yaw": [0.5, 1e-06, 0.1], "k_pid_hsp": [0.19808779898430376, 0.01176334184751989, 0.0], "k_pid_vsp": [254.92979935283418, 210.12387380538107, 2.113592892876909]}, "datetime": {"datetime": "2025-08-21 15:22:18", "elapsed": 23854.482135772705, "delta": 20.061525583267212}, "costs": {"total_cost": 194.9990464666093, "time_cost": 86.008, "final_distance_cost": 1.8567068837260534, "oscillation_cost": 23.601792638317633, "completition_cost": 0.0, "overshoot_cost": 51.88103226999387, "power_cost": 16.126781823730468, "noise_cost": 15.524732850841236, "n_waypoints_completed": 9, "tot_waypoints": 9}}
{"target": -174.94922250602772, "params": {"k_pid_pos": [1.4471300018965476, 0.04720385101523642, 1.0], "k_pid_alt": [1.5479135979829242, 0.005227062457054981, 0.010618947078784037], "k_pid_att": [9.26221266651502, 0.1942512803629818, 0.3492477362302235], "k_pid_yaw": [0.5, 1e-06, 0.1], "k_pid_hsp": [0.16712626890838758, 0.015638772207093896, 0.0], "k_pid_vsp": [282.4929742540692, 262.6899569128404, 1.0509027093212329]}, "datetime": {"datetime": "2025-08-21 15:22:34", "elapsed": 23870.560052633286, "delta": 16.077916860580444}, "costs": {"total_cost": 174.94922250602772, "time_cost": 70.536, "final_distance_cost": 1.8491585858143085, "oscillation_cost": 26.487307471111617, "completition_cost": 0.0, "overshoot_cost": 50.283869600071625, "power_cost": 13.504703771972657, "noise_cost": 12.2881830770575, "n_waypoints_completed": 9, "tot_waypoints": 9}}
{"target": -178.7666148558532, "params": {"k_pid_pos": [1.0000789380045576, 0.05448775462331943, 1.0], "k_pid_alt": [2.0, 0.005520603172888015, 0.009960731400410688], "k_pid_att": [16.52751582366494, 0.14955029989798677, 0.27378498692827047], "k_pid_yaw": [0.5, 1e-06, 0.1], "k_pid_hsp": [0.20441480323627848, 0.012795206564640721, 0.0], "k_pid_vsp": [90.64602240973547, 274.27575979533736, 1.3418904424381772]}, "datetime": {"datetime": "2025-08-21 15:22:52", "elapsed": 23888.989463329315, "delta": 18.429410696029663}, "costs": {"total_cost": 178.7666148558532, "time_cost": 77.312, "final_distance_cost": 1.8494731905214297, "oscillation_cost": 27.00815516187397, "completition_cost": 0.0, "overshoot_cost": 50.42247935507919, "power_cost": 10.82737108154297, "noise_cost": 11.347136066835617, "n_waypoints_completed": 9, "tot_waypoints": 9}}
{"target": -175.07775602828553, "params": {"k_pid_pos": [2.0, 0.04388766175725602, 0.5326293672916552], "k_pid_alt": [2.0, 0.003557452527292461, 0.006357908124158255], "k_pid_att": [14.395428102828689, 0.1801790737106217, 0.29577909880917974], "k_pid_yaw": [0.5, 1e-06, 0.1], "k_pid_hsp": [0.14352221172461488, 0.006100190066716392, 0.0], "k_pid_vsp": [284.53661095029696, 211.8486427427289, 1.8206990803390586]}, "datetime": {"datetime": "2025-08-21 15:23:08", "elapsed": 23904.464696884155, "delta": 15.475233554840088}, "costs": {"total_cost": 175.07775602828553, "time_cost": 68.84, "final_distance_cost": 1.7921142772673735, "oscillation_cost": 30.689050225791494, "completition_cost": 0.0, "overshoot_cost": 50.59586167812222, "power_cost": 12.210404797363282, "noise_cost": 10.95032504974116, "n_waypoints_completed": 9, "tot_waypoints": 9}}
{"target": -169.95578340129808, "params": {"k_pid_pos": [1.3759474862667365, 0.029442157999179833, 1.0], "k_pid_alt": [2.0, 0.00162164029097186, 0.008566276013140839], "k_pid_att": [12.98359645750869, 0.22365961946589488, 0.3475407104194636], "k_pid_yaw": [0.5, 1e-06, 0.1], "k_pid_hsp": [0.1389622383955247, 0.014265839113699268, 0.0], "k_pid_vsp": [298.34288311751726, 274.3354685523155, 1.463646950051493]}, "datetime": {"datetime": "2025-08-21 15:23:24", "elapsed": 23921.28625869751, "delta": 16.821561813354492}, "costs": {"total_cost": 169.95578340129808, "time_cost": 70.72, "final_distance_cost": 1.8462745665327522, "oscillation_cost": 26.406360610333834, "completition_cost": 0.0, "overshoot_cost": 50.17361795889604, "power_cost": 10.194952893066407, "noise_cost": 10.614577372469029, "n_waypoints_completed": 9, "tot_waypoints": 9}}
{"target": -181.1621801873897, "params": {"k_pid_pos": [0.7638315588503058, 0.028266368517026807, 0.6821578190436263], "k_pid_alt": [1.9298103208350998, 0.0028427564758499737, 0.00801276388444077], "k_pid_att": [11.959552559397423, 0.23175362958038934, 0.2498724752757688], "k_pid_yaw": [0.5, 1e-06, 0.1], "k_pid_hsp": [0.15120052956870736, 0.013304074188897423, 0.0], "k_pid_vsp": [142.60197180632372, 230.73111870994185, 2.131631883561879]}, "datetime": {"datetime": "2025-08-21 15:23:43", "elapsed": 23939.56765270233, "delta": 18.281394004821777}, "costs": {"total_cost": 181.1621801873897, "time_cost": 78.648, "final_distance_cost": 1.8576684131046062, "oscillation_cost": 25.13085617382956, "completition_cost": 0.0, "overshoot_cost": 51.155202828572676, "power_cost": 11.957589489746095, "noise_cost": 12.412863282136795, "n_waypoints_completed": 9, "tot_waypoints": 9}}
{"target": -171.49408635376724, "params": {"k_pid_pos": [1.3418979171339653, 0.041433239387510236, 0.9604472361434716], "k_pid_alt": [1.4074145807098757, 0.0055169346206006, 0.01206185654418687], "k_pid_att": [13.12608566579928, 0.14750394313408263, 0.09383301727424075], "k_pid_yaw": [0.5, 1e-06, 0.1], "k_pid_hsp": [0.08413230529923123, 0.018567595192726282, 0.0], "k_pid_vsp": [333.08487206409194, 196.30556954538133, 1.256255410097484]}, "datetime": {"datetime": "2025-08-21 15:23:59", "elapsed": 23955.586820840836, "delta": 16.01916813850403}, "costs": {"total_cost": 171.49408635376724, "time_cost": 70.712, "final_distance_cost": 1.8451601479440782, "oscillation_cost": 27.209175914913953, "completition_cost": 0.0, "overshoot_cost": 50.14835737220668, "power_cost": 10.63963134765625, "noise_cost": 10.939761571046262, "n_waypoints_completed": 9, "tot_waypoints": 9}}
{"target": -166.7190176777569, "params": {"k_pid_pos": [1.9724590885551372, 0.027839409764588954, 1.0], "k_pid_alt": [2.0, 0.003909682215063893, 0.0053090421753797315], "k_pid_att": [4.935024934625516, 0.2415462607482389, 0.33475474951723455], "k_pid_yaw": [0.5, 1e-06, 0.1], "k_pid_hsp": [0.21954221824037312, 0.017796806111573225, 0.0], "k_pid_vsp": [254.82850350657637, 220.943573928491, 0.9702720007792903]}, "datetime": {"datetime": "2025-08-21 15:24:15", "elapsed": 23972.153844833374, "delta": 16.567023992538452}, "costs": {"total_cost": 166.7190176777569, "time_cost": 68.648, "final_distance_cost": 1.8369312448159338, "oscillation_cost": 30.73693028536501, "completition_cost": 0.0, "overshoot_cost": 48.97538767896618, "power_cost": 7.624864001464844, "noise_cost": 8.896904467144925, "n_waypoints_completed": 9, "tot_waypoints": 9}}
{"target": -175.36031760209872, "params": {"k_pid_pos": [1.8907227562307745, 0.035411235610476134, 0.6839830692098405], "k_pid_alt": [1.1925690673145357, 0.005096627299475752, 0.009236053884973934], "k_pid_att": [13.88701629879072, 0.20799414977808217, 0.33154619595989177], "k_pid_yaw": [0.5, 1e-06, 0.1], "k_pid_hsp": [0.22232832277502532, 0.00922694175636393, 0.0], "k_pid_vsp": [142.81033301875502, 379.1270906540878, 1.14605565762486]}, "datetime": {"datetime": "2025-08-21 15:24:31", "elapsed": 23987.940884828568, "delta": 15.787039995193481}, "costs": {"total_cost": 175.36031760209872, "time_cost": 68.848, "final_distance_cost": 1.8263735330388202, "oscillation_cost": 30.679761689939923, "completition_cost": 0.0, "overshoot_cost": 49.65770095411571, "power_cost": 12.847156945800782, "noise_cost": 11.501324479203495, "n_waypoints_completed": 9, "tot_waypoints": 9}}
