{"target": -167.70245167985993, "params": {"k_pid_pos": [1.8237552364778133, 0.008583106373237483, 0.9855291852739967], "k_pid_alt": [1.9305593187104673, 0.003186301073558538, 0.014022585235131405], "k_pid_att": [12.786055074591637, 0.17360917051462257, 0.2774120832552206], "k_pid_yaw": [0.5, 1e-06, 0.1], "k_pid_hsp": [0.1600705721631169, 0.01819774484091311, 0.0], "k_pid_vsp": [280.99621705281925, 241.34368326323101, 0.8018189167979065]}, "datetime": {"datetime": "2025-08-21 19:02:48", "elapsed": 37085.15090084076, "delta": 15.547889471054077}, "costs": {"total_cost": 167.70245167985993, "time_cost": 68.936, "final_distance_cost": 1.8322474097215475, "oscillation_cost": 29.027635706293484, "completition_cost": 0.0, "overshoot_cost": 49.89944874669792, "power_cost": 8.672789807128906, "noise_cost": 9.334330010018075, "n_waypoints_completed": 9, "tot_waypoints": 9}}
{"target": -174.72931516359114, "params": {"k_pid_pos": [1.5061045049482662, 0.006948228923866578, 0.8804521156164015], "k_pid_alt": [2.0, 0.002707984911026746, 0.014767404709177473], "k_pid_att": [9.838735445792524, 0.19967461199455694, 0.290938620032168], "k_pid_yaw": [0.5, 1e-06, 0.1], "k_pid_hsp": [0.19145563818889758, 0.020611819028937797, 0.0], "k_pid_vsp": [229.02466922556542, 269.5656233021551, 1.2211479232764608]}, "datetime": {"datetime": "2025-08-21 19:03:07", "elapsed": 37103.90967774391, "delta": 18.758776903152466}, "costs": {"total_cost": 174.72931516359114, "time_cost": 70.28, "final_distance_cost": 1.8490052960260042, "oscillation_cost": 27.69684301812985, "completition_cost": 0.0, "overshoot_cost": 49.816415412820426, "power_cost": 13.197040222167969, "noise_cost": 11.890011214446883, "n_waypoints_completed": 9, "tot_waypoints": 9}}
{"target": -181.57117081362222, "params": {"k_pid_pos": [1.5371500537626428, 0.006992433694358611, 0.8917959338019799], "k_pid_alt": [2.0, 0.0029312730223652744, 0.014154134691022354], "k_pid_att": [11.557987835869236, 0.18101728737498332, 0.31207425168737774], "k_pid_yaw": [0.5, 1e-06, 0.1], "k_pid_hsp": [0.1380040891535224, 0.014752307381735155, 0.0], "k_pid_vsp": [236.1627759451038, 250.4952634184666, 1.2655392579343456]}, "datetime": {"datetime": "2025-08-21 19:03:23", "elapsed": 37120.14564538002, "delta": 16.2359676361084}, "costs": {"total_cost": 181.57117081362222, "time_cost": 71.176, "final_distance_cost": 1.8433255663603505, "oscillation_cost": 27.99712263651601, "completition_cost": 0.0, "overshoot_cost": 51.316537342752916, "power_cost": 15.880494970703126, "noise_cost": 13.357690297289823, "n_waypoints_completed": 9, "tot_waypoints": 9}}
{"target": -180.07638329293644, "params": {"k_pid_pos": [1.4429080542110082, 0.0066137897798282325, 0.791453967328255], "k_pid_alt": [2.0, 0.0029430859919803987, 0.011119922539564439], "k_pid_att": [10.607572433498808, 0.16808789009157646, 0.3181063405045986], "k_pid_yaw": [0.5, 1e-06, 0.1], "k_pid_hsp": [0.16973113497786887, 0.018459321789444413, 0.0], "k_pid_vsp": [267.84769032573917, 247.7681471298446, 1.0377607337423462]}, "datetime": {"datetime": "2025-08-21 19:03:41", "elapsed": 37138.02685570717, "delta": 17.881210327148438}, "costs": {"total_cost": 180.07638329293644, "time_cost": 71.0, "final_distance_cost": 1.8364631622655372, "oscillation_cost": 28.32442007521382, "completition_cost": 0.0, "overshoot_cost": 51.00892523106309, "power_cost": 14.957851306152344, "noise_cost": 12.94872351824165, "n_waypoints_completed": 9, "tot_waypoints": 9}}
{"target": -169.93324296330286, "params": {"k_pid_pos": [1.9736115000040158, 0.006603651035166292, 1.0], "k_pid_alt": [1.9385252717121333, 0.0032295073719727286, 0.015298108143253539], "k_pid_att": [11.984310969436143, 0.19189936210830968, 0.41798239786855523], "k_pid_yaw": [0.5, 1e-06, 0.1], "k_pid_hsp": [0.14847397728310838, 0.023255339645312973, 0.0], "k_pid_vsp": [269.4015163012911, 322.04403283238037, 1.1645540990961445]}, "datetime": {"datetime": "2025-08-21 19:03:57", "elapsed": 37154.446138858795, "delta": 16.419283151626587}, "costs": {"total_cost": 169.93324296330286, "time_cost": 69.016, "final_distance_cost": 1.8312856983876182, "oscillation_cost": 29.603645691655608, "completition_cost": 0.0, "overshoot_cost": 49.9997888204338, "power_cost": 9.715377673339844, "noise_cost": 9.767145079485987, "n_waypoints_completed": 9, "tot_waypoints": 9}}
{"target": -173.24932087381248, "params": {"k_pid_pos": [1.440575263961002, 0.00396190289033005, 0.9816009614576884], "k_pid_alt": [1.9328595513924138, 0.0032267754396897753, 0.01381007978745809], "k_pid_att": [12.053143265081724, 0.15634208935455274, 0.16833917643497673], "k_pid_yaw": [0.5, 1e-06, 0.1], "k_pid_hsp": [0.15252475498486714, 0.01867639495481183, 0.0], "k_pid_vsp": [197.56507213196264, 278.8775788651322, 1.001871922118058]}, "datetime": {"datetime": "2025-08-21 19:04:14", "elapsed": 37170.54752326012, "delta": 16.10138440132141}, "costs": {"total_cost": 173.24932087381248, "time_cost": 70.776, "final_distance_cost": 1.8546537099226632, "oscillation_cost": 26.694394045410682, "completition_cost": 0.0, "overshoot_cost": 50.06539635642443, "power_cost": 12.183207470703126, "noise_cost": 11.675669291351566, "n_waypoints_completed": 9, "tot_waypoints": 9}}
{"target": -174.9835488868892, "params": {"k_pid_pos": [1.6735762653636836, 0.005234525723966143, 0.838884950495768], "k_pid_alt": [2.0, 0.0028844089137351134, 0.013679872305360724], "k_pid_att": [11.201537594533866, 0.18494868264720044, 0.35046647712468887], "k_pid_yaw": [0.5, 1e-06, 0.1], "k_pid_hsp": [0.15848990426227308, 0.018771689885531115, 0.0], "k_pid_vsp": [183.75651644003827, 290.67862036908355, 1.1818977794249683]}, "datetime": {"datetime": "2025-08-21 19:04:31", "elapsed": 37188.427280664444, "delta": 17.879757404327393}, "costs": {"total_cost": 174.9835488868892, "time_cost": 70.016, "final_distance_cost": 1.8406470567265192, "oscillation_cost": 28.225504996289917, "completition_cost": 0.0, "overshoot_cost": 50.297929220180265, "power_cost": 12.902442590332031, "noise_cost": 11.70102502336043, "n_waypoints_completed": 9, "tot_waypoints": 9}}
{"target": -170.2287952172533, "params": {"k_pid_pos": [2.0, 0.007012326340558425, 0.8352697101584973], "k_pid_alt": [2.0, 0.003033098869698684, 0.013468283929187148], "k_pid_att": [12.390900524666526, 0.14334679468608058, 0.3310120326165809], "k_pid_yaw": [0.5, 1e-06, 0.1], "k_pid_hsp": [0.17124406032709275, 0.016694514991888478, 0.0], "k_pid_vsp": [197.84010664418614, 204.45721554428303, 1.233784310401828]}, "datetime": {"datetime": "2025-08-21 19:04:47", "elapsed": 37203.923454761505, "delta": 15.496174097061157}, "costs": {"total_cost": 170.2287952172533, "time_cost": 68.752, "final_distance_cost": 1.839774889944117, "oscillation_cost": 30.18726085755389, "completition_cost": 0.0, "overshoot_cost": 49.823911677128706, "power_cost": 9.772773815917969, "noise_cost": 9.8530739767086, "n_waypoints_completed": 9, "tot_waypoints": 9}}
{"target": -171.39074862098724, "params": {"k_pid_pos": [1.7812492731401424, 0.006084117945575678, 0.8999809313250079], "k_pid_alt": [2.0, 0.002939834796746669, 0.009817365050651587], "k_pid_att": [13.806183668441358, 0.15015797083085478, 0.25347090292626856], "k_pid_yaw": [0.5, 1e-06, 0.1], "k_pid_hsp": [0.13193871400958043, 0.019047981791863015, 0.0], "k_pid_vsp": [227.64236783708932, 285.1897973348187, 0.9648131328062587]}, "datetime": {"datetime": "2025-08-21 19:05:05", "elapsed": 37221.57077932358, "delta": 17.647324562072754}, "costs": {"total_cost": 171.39074862098724, "time_cost": 69.512, "final_distance_cost": 1.8320909965505028, "oscillation_cost": 28.50434604363658, "completition_cost": 0.0, "overshoot_cost": 49.82984085886479, "power_cost": 11.063492822265626, "noise_cost": 10.648977899669704, "n_waypoints_completed": 9, "tot_waypoints": 9}}
{"target": -171.3133919539232, "params": {"k_pid_pos": [1.5745986289021519, 0.00782836721357623, 0.8061430967311742], "k_pid_alt": [1.9994852446927525, 0.003004151611306879, 0.013105069605957878], "k_pid_att": [11.67701332368791, 0.1596651783598412, 0.30656496228296565], "k_pid_yaw": [0.5, 1e-06, 0.1], "k_pid_hsp": [0.13384403455086305, 0.02107190019639368, 0.0], "k_pid_vsp": [264.5122713274898, 296.4059714264501, 0.6870129174903647]}, "datetime": {"datetime": "2025-08-21 19:05:21", "elapsed": 37237.9256067276, "delta": 16.354827404022217}, "costs": {"total_cost": 171.3133919539232, "time_cost": 69.904, "final_distance_cost": 1.833731257664658, "oscillation_cost": 27.77109031410905, "completition_cost": 0.0, "overshoot_cost": 49.92434908460499, "power_cost": 11.163676806640625, "noise_cost": 10.716544490903878, "n_waypoints_completed": 9, "tot_waypoints": 9}}
{"target": -169.42098113938016, "params": {"k_pid_pos": [1.4230660418210253, 0.00720540479500095, 0.8389280840946228], "k_pid_alt": [2.0, 0.0028146478141430065, 0.008892970623700104], "k_pid_att": [12.415057171345495, 0.1542986336016503, 0.32423457653724547], "k_pid_yaw": [0.5, 1e-06, 0.1], "k_pid_hsp": [0.18468115865091064, 0.020217092854148085, 0.0], "k_pid_vsp": [297.13670425672865, 238.04811205635815, 0.8633700600958164]}, "datetime": {"datetime": "2025-08-21 19:05:39", "elapsed": 37255.471720695496, "delta": 17.546113967895508}, "costs": {"total_cost": 169.42098113938016, "time_cost": 69.824, "final_distance_cost": 1.8470617663507654, "oscillation_cost": 27.29245663799097, "completition_cost": 0.0, "overshoot_cost": 49.71498392905046, "power_cost": 10.246263134765625, "noise_cost": 10.496215671222345, "n_waypoints_completed": 9, "tot_waypoints": 9}}
{"target": -192.4784035816849, "params": {"k_pid_pos": [1.4405698509431535, 0.007756229392259571, 1.0], "k_pid_alt": [2.0, 0.0029028151537045938, 0.012826608090235938], "k_pid_att": [13.399542050039523, 0.18287335600615395, 0.30115686383557755], "k_pid_yaw": [0.5, 1e-06, 0.1], "k_pid_hsp": [0.13450604349227965, 0.017262857433477555, 0.0], "k_pid_vsp": [306.7575090042191, 248.05258885000708, 0.9393185631654335]}, "datetime": {"datetime": "2025-08-21 19:05:56", "elapsed": 37272.974835157394, "delta": 17.503114461898804}, "costs": {"total_cost": 192.4784035816849, "time_cost": 75.856, "final_distance_cost": 1.8426709830768564, "oscillation_cost": 27.897476262745013, "completition_cost": 0.0, "overshoot_cost": 52.91636638451865, "power_cost": 18.643779638671877, "noise_cost": 15.322110312672487, "n_waypoints_completed": 9, "tot_waypoints": 9}}
{"target": -186.2901204549452, "params": {"k_pid_pos": [2.0, 0.006699277127967762, 1.0], "k_pid_alt": [2.0, 0.0024120447780441915, 0.011946847643867949], "k_pid_att": [11.020212401239597, 0.16247211423545174, 0.30051326639378195], "k_pid_yaw": [0.5, 1e-06, 0.1], "k_pid_hsp": [0.1583772231679669, 0.014476787226692593, 0.0], "k_pid_vsp": [220.0863893502134, 262.19041808336044, 1.0506727485304994]}, "datetime": {"datetime": "2025-08-21 19:06:13", "elapsed": 37290.42870044708, "delta": 17.45386528968811}, "costs": {"total_cost": 186.2901204549452, "time_cost": 71.32000000000001, "final_distance_cost": 1.8306180148661286, "oscillation_cost": 31.26799522720877, "completition_cost": 0.0, "overshoot_cost": 51.64569739054464, "power_cost": 16.44822568359375, "noise_cost": 13.777584138731896, "n_waypoints_completed": 9, "tot_waypoints": 9}}
{"target": -169.6736575022555, "params": {"k_pid_pos": [1.5262709993937296, 0.007643179695009651, 0.8666135787684935], "k_pid_alt": [1.919558550134016, 0.00306168946189529, 0.009431195722262373], "k_pid_att": [13.492387918504738, 0.19899450615991623, 0.2994328906581038], "k_pid_yaw": [0.5, 1e-06, 0.1], "k_pid_hsp": [0.12552000730381804, 0.022842313603213996, 0.0], "k_pid_vsp": [207.7473431251531, 304.98797580483165, 1.0017218777171764]}, "datetime": {"datetime": "2025-08-21 19:06:30", "elapsed": 37306.52700328827, "delta": 16.098302841186523}, "costs": {"total_cost": 169.6736575022555, "time_cost": 69.304, "final_distance_cost": 1.8428140433098747, "oscillation_cost": 28.461944034329452, "completition_cost": 0.0, "overshoot_cost": 49.61937892306904, "power_cost": 10.157058483886718, "noise_cost": 10.288462017660425, "n_waypoints_completed": 9, "tot_waypoints": 9}}
{"target": -171.63177676001874, "params": {"k_pid_pos": [1.6155766875927273, 0.007980518129595342, 0.7953483634554884], "k_pid_alt": [1.6099787608949727, 0.0019712922318358248, 0.01126194618181966], "k_pid_att": [12.414559342643118, 0.15493227931255513, 0.26850590264880886], "k_pid_yaw": [0.5, 1e-06, 0.1], "k_pid_hsp": [0.15269559026256072, 0.017702888313237054, 0.0], "k_pid_vsp": [264.5064963135547, 223.9878233479943, 0.929556747153781]}, "datetime": {"datetime": "2025-08-21 19:06:47", "elapsed": 37323.5675406456, "delta": 17.040537357330322}, "costs": {"total_cost": 171.63177676001874, "time_cost": 69.52, "final_distance_cost": 1.835700017011166, "oscillation_cost": 27.929333442991933, "completition_cost": 0.0, "overshoot_cost": 50.32514378112328, "power_cost": 11.274183276367188, "noise_cost": 10.74741624252518, "n_waypoints_completed": 9, "tot_waypoints": 9}}
{"target": -172.1896088383056, "params": {"k_pid_pos": [1.6479992596158002, 0.0071578959982004295, 0.8077155930103791], "k_pid_alt": [2.0, 0.0021350457833937235, 0.012453566339929356], "k_pid_att": [14.184641524611651, 0.16271123902621173, 0.3214477332946122], "k_pid_yaw": [0.5, 1e-06, 0.1], "k_pid_hsp": [0.13785215035077372, 0.012193266420520488, 0.0], "k_pid_vsp": [365.4146996964523, 254.51012947963054, 1.2043188408501193]}, "datetime": {"datetime": "2025-08-21 19:07:03", "elapsed": 37340.11238145828, "delta": 16.544840812683105}, "costs": {"total_cost": 172.1896088383056, "time_cost": 69.864, "final_distance_cost": 1.8431219067640259, "oscillation_cost": 27.61280016446581, "completition_cost": 0.0, "overshoot_cost": 50.35587201939966, "power_cost": 11.574676770019531, "noise_cost": 10.939137977656566, "n_waypoints_completed": 9, "tot_waypoints": 9}}
{"target": -175.347066154652, "params": {"k_pid_pos": [1.8520309235787786, 0.007482348307507873, 1.0], "k_pid_alt": [2.0, 0.002362962178183854, 0.012512224966431151], "k_pid_att": [9.908512522102953, 0.20878667381051733, 0.31274842712288997], "k_pid_yaw": [0.5, 1e-06, 0.1], "k_pid_hsp": [0.12717968322900455, 0.01662723363845294, 0.0], "k_pid_vsp": [263.6303735654367, 333.5560283518768, 1.4722869580491456]}, "datetime": {"datetime": "2025-08-21 19:07:20", "elapsed": 37356.806788921356, "delta": 16.69440746307373}, "costs": {"total_cost": 175.347066154652, "time_cost": 69.936, "final_distance_cost": 1.8398315935153708, "oscillation_cost": 28.282261434003928, "completition_cost": 0.0, "overshoot_cost": 50.651278581431995, "power_cost": 12.891646716308594, "noise_cost": 11.746047829392092, "n_waypoints_completed": 9, "tot_waypoints": 9}}
{"target": -175.21109865101633, "params": {"k_pid_pos": [1.3538793142639018, 0.007453200832029494, 0.8041195246549288], "k_pid_alt": [2.0, 0.003097874352155342, 0.00966752344584031], "k_pid_att": [13.68291734774939, 0.1524740962306899, 0.3617812461112407], "k_pid_yaw": [0.5, 1e-06, 0.1], "k_pid_hsp": [0.10418279376529076, 0.015624915534404466, 0.0], "k_pid_vsp": [274.09429650733057, 276.20903477844007, 0.9478808710664492]}, "datetime": {"datetime": "2025-08-21 19:07:37", "elapsed": 37373.7576341629, "delta": 16.95084524154663}, "costs": {"total_cost": 175.21109865101633, "time_cost": 70.768, "final_distance_cost": 1.8371767455893608, "oscillation_cost": 26.18188085327562, "completition_cost": 0.0, "overshoot_cost": 50.58095620414977, "power_cost": 13.643006530761719, "noise_cost": 12.200078317239877, "n_waypoints_completed": 9, "tot_waypoints": 9}}
{"target": -172.51567157305954, "params": {"k_pid_pos": [1.9193175947655405, 0.009266023228518513, 1.0], "k_pid_alt": [1.6732065063954078, 0.0026265898637903157, 0.013303477484782994], "k_pid_att": [11.015524468146884, 0.12910622925946796, 0.27413416643790917], "k_pid_yaw": [0.5, 1e-06, 0.1], "k_pid_hsp": [0.14609462759902334, 0.018362862057269932, 0.0], "k_pid_vsp": [248.5823246275837, 198.75937211866594, 1.066238295230208]}, "datetime": {"datetime": "2025-08-21 19:07:53", "elapsed": 37389.6571495533, "delta": 15.899515390396118}, "costs": {"total_cost": 172.51567157305954, "time_cost": 69.47200000000001, "final_distance_cost": 1.8303724741325866, "oscillation_cost": 28.8182263977897, "completition_cost": 0.0, "overshoot_cost": 50.642721335034366, "power_cost": 11.087674377441406, "noise_cost": 10.664676988661466, "n_waypoints_completed": 9, "tot_waypoints": 9}}
{"target": -168.4432070053856, "params": {"k_pid_pos": [1.709016445457929, 0.007785169681281089, 1.0], "k_pid_alt": [2.0, 0.0026616089719476207, 0.014621747974361258], "k_pid_att": [13.017651926904328, 0.15653922291224528, 0.291424601343228], "k_pid_yaw": [0.5, 1e-06, 0.1], "k_pid_hsp": [0.14772105521407175, 0.016584894080602892, 0.0], "k_pid_vsp": [171.67373969786445, 320.5826212853877, 1.0869528843074254]}, "datetime": {"datetime": "2025-08-21 19:08:10", "elapsed": 37407.37333035469, "delta": 17.7161808013916}, "costs": {"total_cost": 168.4432070053856, "time_cost": 69.19200000000001, "final_distance_cost": 1.8376339248143279, "oscillation_cost": 28.661232575355374, "completition_cost": 0.0, "overshoot_cost": 50.06776283913389, "power_cost": 9.020193896484376, "noise_cost": 9.664383769597624, "n_waypoints_completed": 9, "tot_waypoints": 9}}
{"target": -172.30464394599875, "params": {"k_pid_pos": [1.6040495222238438, 0.006096201420842627, 0.8457574454932216], "k_pid_alt": [1.6822734357325102, 0.0029564426550886037, 0.013850648104726844], "k_pid_att": [13.461758280692207, 0.17639912819072587, 0.2834273528943569], "k_pid_yaw": [0.5, 1e-06, 0.1], "k_pid_hsp": [0.1308623475981235, 0.016143289706671175, 0.0], "k_pid_vsp": [250.79851815382472, 257.85286944513865, 0.900132152830012]}, "datetime": {"datetime": "2025-08-21 19:08:26", "elapsed": 37423.42292881012, "delta": 16.049598455429077}, "costs": {"total_cost": 172.30464394599875, "time_cost": 69.488, "final_distance_cost": 1.843717016859915, "oscillation_cost": 27.846628070248226, "completition_cost": 0.0, "overshoot_cost": 50.18582395575484, "power_cost": 11.821500512695312, "noise_cost": 11.118974390440464, "n_waypoints_completed": 9, "tot_waypoints": 9}}
{"target": -167.4585904134882, "params": {"k_pid_pos": [1.6054310431593963, 0.009022910884347033, 1.0], "k_pid_alt": [1.8947779351399214, 0.0024377522141526904, 0.010378657808793755], "k_pid_att": [9.986873759667679, 0.17483869668786234, 0.23513791048944874], "k_pid_yaw": [0.5, 1e-06, 0.1], "k_pid_hsp": [0.14424496848647497, 0.010810321471218387, 0.0], "k_pid_vsp": [315.4743589195314, 261.6285580797215, 1.167578506517492]}, "datetime": {"datetime": "2025-08-21 19:08:44", "elapsed": 37440.791994810104, "delta": 17.36906599998474}, "costs": {"total_cost": 167.4585904134882, "time_cost": 69.592, "final_distance_cost": 1.8408593420916206, "oscillation_cost": 27.65874905908064, "completition_cost": 0.0, "overshoot_cost": 49.87124754097422, "power_cost": 8.856944848632812, "noise_cost": 9.638789622708899, "n_waypoints_completed": 9, "tot_waypoints": 9}}
{"target": -175.74734782653596, "params": {"k_pid_pos": [1.818600272587308, 0.009238966699039425, 0.9608094615092604], "k_pid_alt": [2.0, 0.0032814225132518685, 0.011038913207456891], "k_pid_att": [10.632021829798171, 0.1734753505103294, 0.2993160427742695], "k_pid_yaw": [0.5, 1e-06, 0.1], "k_pid_hsp": [0.10855968715822069, 0.018656314104597234, 0.0], "k_pid_vsp": [241.27915073195027, 314.2326353314132, 0.9773064969800235]}, "datetime": {"datetime": "2025-08-21 19:09:00", "elapsed": 37456.64935088158, "delta": 15.857356071472168}, "costs": {"total_cost": 175.74734782653596, "time_cost": 70.008, "final_distance_cost": 1.8332693909119726, "oscillation_cost": 28.751827968415924, "completition_cost": 0.0, "overshoot_cost": 50.93303987626172, "power_cost": 12.72293544921875, "noise_cost": 11.498275141727621, "n_waypoints_completed": 9, "tot_waypoints": 9}}
{"target": -179.04301904505292, "params": {"k_pid_pos": [1.828757835482939, 0.00703663260725831, 0.8861296694652138], "k_pid_alt": [2.0, 0.0020086251694237905, 0.014425651107030132], "k_pid_att": [10.780454105074185, 0.1649429158826582, 0.30502961569390347], "k_pid_yaw": [0.5, 1e-06, 0.1], "k_pid_hsp": [0.21371014494657606, 0.017775821675313216, 0.0], "k_pid_vsp": [237.94059485482603, 259.21270969793994, 0.9396240326395389]}, "datetime": {"datetime": "2025-08-21 19:09:17", "elapsed": 37473.78668856621, "delta": 17.137337684631348}, "costs": {"total_cost": 179.04301904505292, "time_cost": 70.0, "final_distance_cost": 1.8338895161581439, "oscillation_cost": 29.49166889245289, "completition_cost": 0.0, "overshoot_cost": 50.49811253349529, "power_cost": 14.738092248535157, "noise_cost": 12.481255854411424, "n_waypoints_completed": 9, "tot_waypoints": 9}}
{"target": -177.56535417348022, "params": {"k_pid_pos": [1.9641712085693541, 0.008494815769304347, 1.0], "k_pid_alt": [1.7263658855391075, 0.0019675011446218583, 0.01180764098254248], "k_pid_att": [12.47389925916805, 0.13905065736487296, 0.2893394608395818], "k_pid_yaw": [0.5, 1e-06, 0.1], "k_pid_hsp": [0.16789482202124026, 0.015228227821817757, 0.0], "k_pid_vsp": [335.51671033930296, 263.53219175300075, 0.8475222403645901]}, "datetime": {"datetime": "2025-08-21 19:09:33", "elapsed": 37489.88668847084, "delta": 16.09999990463257}, "costs": {"total_cost": 177.56535417348022, "time_cost": 69.464, "final_distance_cost": 1.821908624769833, "oscillation_cost": 28.026468698748356, "completition_cost": 0.0, "overshoot_cost": 50.48452104116264, "power_cost": 14.958220739746094, "noise_cost": 12.8102350690533, "n_waypoints_completed": 9, "tot_waypoints": 9}}
