{"target": -181.03380597221062, "params": {"k_pid_pos": [1.1993954237945965, 0.10321769035304673, 0.5486077289868602], "k_pid_alt": [2.0, 0.00785662114621176, 0.05143656430107491], "k_pid_att": [43.10459867004037, 0.19314380876162704, 0.34256667223609627], "k_pid_yaw": [0.5, 1e-06, 0.1], "k_pid_hsp": [0.3016243667973612, 0.025684270604833307, 0.0], "k_pid_vsp": [329.01468310043805, 245.8874975290992, 1.416029565002024]}, "datetime": {"datetime": "2025-08-21 13:02:40", "elapsed": 15476.759286880493, "delta": 16.027934074401855}, "costs": {"total_cost": 181.03380597221062, "time_cost": 70.528, "final_distance_cost": 1.821811556224091, "oscillation_cost": 27.708019612368233, "completition_cost": 0.0, "overshoot_cost": 50.766567499799166, "power_cost": 16.536083068847656, "noise_cost": 13.673324234971473, "n_waypoints_completed": 9, "tot_waypoints": 9}}
{"target": -1210.7009694829171, "params": {"k_pid_pos": [1.5339506027485237, 0.2195469803521374, 0.7279692553037549], "k_pid_alt": [1.4916559590779397, 0.007834876413658322, 0.0], "k_pid_att": [59.53244397871351, 0.07540620609470126, 0.47315339849172716], "k_pid_yaw": [0.5, 1e-06, 0.1], "k_pid_hsp": [0.0001, 0.022626716868620455, 0.0], "k_pid_vsp": [226.26814679251137, 293.47035273972386, 2.42155216330819]}, "datetime": {"datetime": "2025-08-21 13:03:03", "elapsed": 15499.486789941788, "delta": 22.727503061294556}, "costs": {"total_cost": 1210.7009694829171, "time_cost": 150, "final_distance_cost": 62.461219152110324, "oscillation_cost": 10.565764825496801, "completition_cost": 888.8888888888888, "overshoot_cost": 70.54392016158418, "power_cost": 14.659079919433594, "noise_cost": 13.582096535403462, "n_waypoints_completed": 1, "tot_waypoints": 9}}
{"target": -176.1510933769229, "params": {"k_pid_pos": [1.72649324079024, 0.15319649359877927, 0.8017322641726379], "k_pid_alt": [2.0, 0.007004513919209243, 0.02467265067455653], "k_pid_att": [45.9994406520073, 0.15953619954122142, 0.40116654378690564], "k_pid_yaw": [0.5, 1e-06, 0.1], "k_pid_hsp": [0.24131071452237762, 0.018159501366587016, 0.0], "k_pid_vsp": [267.6572385451268, 319.5961985522559, 0.6480510327245833]}, "datetime": {"datetime": "2025-08-21 13:03:18", "elapsed": 15515.418684244156, "delta": 15.931894302368164}, "costs": {"total_cost": 176.1510933769229, "time_cost": 69.848, "final_distance_cost": 1.8241227825335808, "oscillation_cost": 29.278980518819484, "completition_cost": 0.0, "overshoot_cost": 50.35985367161014, "power_cost": 12.87886328125, "noise_cost": 11.961273122709683, "n_waypoints_completed": 9, "tot_waypoints": 9}}
{"target": -177.75856957749113, "params": {"k_pid_pos": [1.351618625361871, 0.12987535444129017, 0.33131852119164734], "k_pid_alt": [1.8835747568833476, 0.008410156843048038, 0.0465134771158112], "k_pid_att": [63.77358606172032, 0.2233822291098797, 0.4634603768810353], "k_pid_yaw": [0.5, 1e-06, 0.1], "k_pid_hsp": [0.2485152759138797, 0.014589739391823434, 0.0], "k_pid_vsp": [195.64537561886027, 299.08860361779153, 2.015124049122548]}, "datetime": {"datetime": "2025-08-21 13:03:35", "elapsed": 15531.534306287766, "delta": 16.11562204360962}, "costs": {"total_cost": 177.75856957749113, "time_cost": 69.456, "final_distance_cost": 1.8241971925823632, "oscillation_cost": 31.048254215992017, "completition_cost": 0.0, "overshoot_cost": 50.806941881889884, "power_cost": 12.973744165039063, "noise_cost": 11.64943212198781, "n_waypoints_completed": 9, "tot_waypoints": 9}}
{"target": -198.09657812261509, "params": {"k_pid_pos": [0.5912459580401106, 0.13638090371976327, 0.6100466170420149], "k_pid_alt": [2.0, 0.006158503151831962, 0.014647557235925847], "k_pid_att": [70.49390820329313, 0.11895913044307788, 0.5590923457316948], "k_pid_yaw": [0.5, 1e-06, 0.1], "k_pid_hsp": [0.30839845679527017, 0.01867629808842432, 0.0], "k_pid_vsp": [200.0583736717052, 243.19163722729047, 1.5503111667007197]}, "datetime": {"datetime": "2025-08-21 13:03:55", "elapsed": 15551.485452413559, "delta": 19.951146125793457}, "costs": {"total_cost": 198.09657812261509, "time_cost": 87.352, "final_distance_cost": 1.8440279120216856, "oscillation_cost": 25.757345039270707, "completition_cost": 0.0, "overshoot_cost": 52.68696647090974, "power_cost": 15.517966174316406, "noise_cost": 14.938272526096538, "n_waypoints_completed": 9, "tot_waypoints": 9}}
{"target": -184.7461924297003, "params": {"k_pid_pos": [1.2423830074385542, 0.12698922260841009, 0.360504204245053], "k_pid_alt": [2.0, 0.007795729094104027, 0.025388060869109025], "k_pid_att": [28.366185486591803, 0.31194538597270693, 0.2456923596118867], "k_pid_yaw": [0.5, 1e-06, 0.1], "k_pid_hsp": [0.3343360886700768, 0.022502787874068227, 0.0], "k_pid_vsp": [221.6061529502906, 156.93051823674924, 2.9089434194266857]}, "datetime": {"datetime": "2025-08-21 13:04:11", "elapsed": 15567.725804805756, "delta": 16.240352392196655}, "costs": {"total_cost": 184.7461924297003, "time_cost": 70.488, "final_distance_cost": 1.8229542094600757, "oscillation_cost": 30.030352261443443, "completition_cost": 0.0, "overshoot_cost": 51.53017570647462, "power_cost": 17.02724645996094, "noise_cost": 13.847463792361236, "n_waypoints_completed": 9, "tot_waypoints": 9}}
{"target": -177.02838872890666, "params": {"k_pid_pos": [1.5745964193834165, 0.1788222093732027, 0.9770003341395928], "k_pid_alt": [1.1495278048811934, 0.004216045385418887, 0.0216239658495133], "k_pid_att": [50.37720335153872, 0.27323405109730564, 0.39572567252838237], "k_pid_yaw": [0.5, 1e-06, 0.1], "k_pid_hsp": [0.39240439596396715, 0.0, 0.0], "k_pid_vsp": [236.08444414881873, 185.17579125574423, 1.5072580135420992]}, "datetime": {"datetime": "2025-08-21 13:04:27", "elapsed": 15584.151149988174, "delta": 16.425345182418823}, "costs": {"total_cost": 177.02838872890666, "time_cost": 71.24, "final_distance_cost": 1.8362918972020936, "oscillation_cost": 29.651068222243698, "completition_cost": 0.0, "overshoot_cost": 50.92053408107921, "power_cost": 12.006865954589845, "noise_cost": 11.373628573791816, "n_waypoints_completed": 9, "tot_waypoints": 9}}
{"target": -178.64108813261038, "params": {"k_pid_pos": [2.0, 0.23924670637640255, 1.0], "k_pid_alt": [2.0, 0.006170670025896909, 0.013615179437458389], "k_pid_att": [37.34059136840659, 0.19607243152805667, 0.38423317216195185], "k_pid_yaw": [0.5, 1e-06, 0.1], "k_pid_hsp": [0.2717522758654514, 0.05478246613279018, 0.0], "k_pid_vsp": [222.49045111892482, 313.22174895766443, 0.6940832869292262]}, "datetime": {"datetime": "2025-08-21 13:04:43", "elapsed": 15600.18753862381, "delta": 16.036388635635376}, "costs": {"total_cost": 178.64108813261038, "time_cost": 69.864, "final_distance_cost": 1.8107235212830974, "oscillation_cost": 30.159026788434897, "completition_cost": 0.0, "overshoot_cost": 50.30804240115858, "power_cost": 14.143229980468751, "noise_cost": 12.35606544126502, "n_waypoints_completed": 9, "tot_waypoints": 9}}
{"target": -184.08556263868422, "params": {"k_pid_pos": [0.9343775082867342, 0.0720136652069257, 0.6564475623073037], "k_pid_alt": [2.0, 0.0040434478471284875, 0.04138783690907805], "k_pid_att": [32.84227024800022, 0.27963486754544575, 0.3894018998347595], "k_pid_yaw": [0.5, 1e-06, 0.1], "k_pid_hsp": [0.20398942188205113, 0.05185659625630604, 0.0], "k_pid_vsp": [341.7519874976744, 182.09739903932905, 2.211474291653702]}, "datetime": {"datetime": "2025-08-21 13:05:00", "elapsed": 15617.104268312454, "delta": 16.91672968864441}, "costs": {"total_cost": 184.08556263868422, "time_cost": 74.688, "final_distance_cost": 1.853828231792815, "oscillation_cost": 28.863798099062738, "completition_cost": 0.0, "overshoot_cost": 50.778900271243145, "power_cost": 14.504213403320314, "noise_cost": 13.396822633265222, "n_waypoints_completed": 9, "tot_waypoints": 9}}
{"target": -178.65025670711339, "params": {"k_pid_pos": [1.2194387555942174, 0.06523700462382356, 1.0], "k_pid_alt": [0.9213944053822226, 0.004719195908907897, 0.015024705393145215], "k_pid_att": [34.905447530222716, 0.2585033673493005, 0.3861917128061667], "k_pid_yaw": [0.5, 1e-06, 0.1], "k_pid_hsp": [0.4508903205781856, 0.04900749224297011, 0.0], "k_pid_vsp": [239.87921505315452, 288.42334136601517, 0.8746673883289878]}, "datetime": {"datetime": "2025-08-21 13:05:17", "elapsed": 15634.22573852539, "delta": 17.1214702129364}, "costs": {"total_cost": 178.65025670711339, "time_cost": 75.968, "final_distance_cost": 1.848101822334784, "oscillation_cost": 28.463269170719087, "completition_cost": 0.0, "overshoot_cost": 49.28597134321311, "power_cost": 11.408529638671876, "noise_cost": 11.676384732174542, "n_waypoints_completed": 9, "tot_waypoints": 9}}
{"target": -178.3066219119213, "params": {"k_pid_pos": [1.1564723055557928, 0.12241529320313732, 1.0], "k_pid_alt": [2.0, 0.0025040363490643727, 0.0], "k_pid_att": [23.946715004351002, 0.147303088254152, 0.5647844602777491], "k_pid_yaw": [0.5, 1e-06, 0.1], "k_pid_hsp": [0.3230601118232217, 0.03325919262108603, 0.0], "k_pid_vsp": [47.576302503343264, 250.757110201341, 0.2284182681580775]}, "datetime": {"datetime": "2025-08-21 13:05:34", "elapsed": 15651.411076545715, "delta": 17.185338020324707}, "costs": {"total_cost": 178.3066219119213, "time_cost": 74.06400000000001, "final_distance_cost": 1.8487554811008236, "oscillation_cost": 31.924727656352403, "completition_cost": 0.0, "overshoot_cost": 50.488451938578386, "power_cost": 9.6387142578125, "noise_cost": 10.341972578077177, "n_waypoints_completed": 9, "tot_waypoints": 9}}
{"target": -174.74508858901712, "params": {"k_pid_pos": [1.613667698212775, 0.07038598164488236, 1.0], "k_pid_alt": [2.0, 0.0061701301265451895, 0.019371743885872525], "k_pid_att": [5.28734095909341, 0.23740218718908737, 0.09538438163257068], "k_pid_yaw": [0.5, 1e-06, 0.1], "k_pid_hsp": [0.20472257447670575, 0.024665580575610167, 0.0], "k_pid_vsp": [262.7876487761907, 220.8823593802165, 1.8408532116860796]}, "datetime": {"datetime": "2025-08-21 13:05:50", "elapsed": 15667.030238389969, "delta": 15.61916184425354}, "costs": {"total_cost": 174.74508858901712, "time_cost": 69.76, "final_distance_cost": 1.842616065960098, "oscillation_cost": 28.523931646724325, "completition_cost": 0.0, "overshoot_cost": 49.84725161908184, "power_cost": 12.749146386718751, "noise_cost": 12.02214287053209, "n_waypoints_completed": 9, "tot_waypoints": 9}}
{"target": -165.46418124774493, "params": {"k_pid_pos": [1.5774428100276703, 0.003389194326755179, 1.0], "k_pid_alt": [1.928860841136543, 0.004132495296160467, 0.012606930250775363], "k_pid_att": [12.087179771498397, 0.14877208053933044, 0.33003649728389667], "k_pid_yaw": [0.5, 1e-06, 0.1], "k_pid_hsp": [0.17771436831268814, 0.0203414772884284, 0.0], "k_pid_vsp": [288.9483730705011, 219.9648457102212, 1.338515240629355]}, "datetime": {"datetime": "2025-08-21 13:06:07", "elapsed": 15684.043317079544, "delta": 17.013078689575195}, "costs": {"total_cost": 165.46418124774493, "time_cost": 69.648, "final_distance_cost": 1.852941587371899, "oscillation_cost": 27.672188330514274, "completition_cost": 0.0, "overshoot_cost": 49.32109193569323, "power_cost": 7.828972814941407, "noise_cost": 9.14098657922411, "n_waypoints_completed": 9, "tot_waypoints": 9}}
{"target": -175.4082334509833, "params": {"k_pid_pos": [1.413422303870852, 0.0400218572797413, 0.8880498364334256], "k_pid_alt": [2.0, 0.007064967785773371, 0.04530317212865307], "k_pid_att": [39.45220565267291, 0.18207145486900722, 0.5286594230223046], "k_pid_yaw": [0.5, 1e-06, 0.1], "k_pid_hsp": [0.30560202812292725, 0.0009032048241300097, 0.0], "k_pid_vsp": [236.35299877407707, 182.24520723796172, 1.675346100641771]}, "datetime": {"datetime": "2025-08-21 13:06:25", "elapsed": 15702.087538003922, "delta": 18.04422092437744}, "costs": {"total_cost": 175.4082334509833, "time_cost": 71.21600000000001, "final_distance_cost": 1.843899229575772, "oscillation_cost": 26.493631786336888, "completition_cost": 0.0, "overshoot_cost": 50.33871022800413, "power_cost": 13.245042541503906, "noise_cost": 12.270949665562568, "n_waypoints_completed": 9, "tot_waypoints": 9}}
{"target": -180.59217356270452, "params": {"k_pid_pos": [2.0, 0.13144285738235392, 0.4384203840142485], "k_pid_alt": [1.838245441516877, 0.004686506215642407, 0.0156288953760477], "k_pid_att": [46.92556428600587, 0.024305526154170132, 0.22234191720713228], "k_pid_yaw": [0.5, 1e-06, 0.1], "k_pid_hsp": [0.4267994992195436, 0.035935915958653426, 0.0], "k_pid_vsp": [196.53646654143893, 119.83767534076257, 1.1011925970965573]}, "datetime": {"datetime": "2025-08-21 13:06:43", "elapsed": 15719.552156209946, "delta": 17.46461820602417}, "costs": {"total_cost": 180.59217356270452, "time_cost": 69.168, "final_distance_cost": 1.7569282705920213, "oscillation_cost": 33.342995435264214, "completition_cost": 0.0, "overshoot_cost": 50.75909586529805, "power_cost": 13.660467456054688, "noise_cost": 11.904686535495529, "n_waypoints_completed": 9, "tot_waypoints": 9}}
{"target": -178.45884318477695, "params": {"k_pid_pos": [1.4771370436246587, 0.17576266816833544, 0.31700317572368003], "k_pid_alt": [2.0, 0.006011217612862658, 0.029875625467313472], "k_pid_att": [33.94960024160195, 0.42837574804740947, 0.5572596067511096], "k_pid_yaw": [0.5, 1e-06, 0.1], "k_pid_hsp": [0.3003230155131626, 0.009516016206505192, 0.0], "k_pid_vsp": [227.23210342861572, 134.6458593794418, 1.2512444175637694]}, "datetime": {"datetime": "2025-08-21 13:06:59", "elapsed": 15736.350482702255, "delta": 16.79832649230957}, "costs": {"total_cost": 178.45884318477695, "time_cost": 69.92, "final_distance_cost": 1.807766247772972, "oscillation_cost": 29.692445427003708, "completition_cost": 0.0, "overshoot_cost": 51.096986314666204, "power_cost": 13.806028186035157, "noise_cost": 12.135617009298928, "n_waypoints_completed": 9, "tot_waypoints": 9}}
{"target": -167.61928810415355, "params": {"k_pid_pos": [2.0, 0.13661301359057829, 0.944690874472033], "k_pid_alt": [1.7672026890927797, 0.006571453531855307, 0.0], "k_pid_att": [37.31395291372627, 0.1583747603814546, 0.5781347067964258], "k_pid_yaw": [0.5, 1e-06, 0.1], "k_pid_hsp": [0.20453714984991955, 0.029882573271816083, 0.0], "k_pid_vsp": [78.47413893537303, 291.22404432698244, 1.7174342415871104]}, "datetime": {"datetime": "2025-08-21 13:07:16", "elapsed": 15752.770611524582, "delta": 16.42012882232666}, "costs": {"total_cost": 167.61928810415355, "time_cost": 68.392, "final_distance_cost": 1.811642158999157, "oscillation_cost": 32.27054708329364, "completition_cost": 0.0, "overshoot_cost": 49.23553136384515, "power_cost": 7.474140673828125, "noise_cost": 8.43542682418749, "n_waypoints_completed": 9, "tot_waypoints": 9}}
{"target": -174.04616190071937, "params": {"k_pid_pos": [1.1907978960489014, 0.15969675322386134, 0.41502841049720285], "k_pid_alt": [2.0, 0.006894031792215882, 0.026889268813548823], "k_pid_att": [38.07543329397844, 0.17173820643011004, 0.4598344830779611], "k_pid_yaw": [0.5, 1e-06, 0.1], "k_pid_hsp": [0.17610716826906433, 0.034229309882010485, 0.0], "k_pid_vsp": [177.2727969310598, 184.9306259481328, 3.5130169894538255]}, "datetime": {"datetime": "2025-08-21 13:07:32", "elapsed": 15768.917884349823, "delta": 16.14727282524109}, "costs": {"total_cost": 174.04616190071937, "time_cost": 71.12, "final_distance_cost": 1.8204659818020714, "oscillation_cost": 29.160011439284226, "completition_cost": 0.0, "overshoot_cost": 50.42460541514333, "power_cost": 10.883077709960938, "noise_cost": 10.638001354528809, "n_waypoints_completed": 9, "tot_waypoints": 9}}
{"target": -173.91062827572952, "params": {"k_pid_pos": [1.4054382581861684, 0.0791794860539519, 0.42042420361913474], "k_pid_alt": [2.0, 0.004669880904898951, 0.007798866397207974], "k_pid_att": [12.712230728944851, 0.14760405095656248, 0.583223560968259], "k_pid_yaw": [0.5, 1e-06, 0.1], "k_pid_hsp": [0.5038200117256942, 0.03438711708600292, 0.0], "k_pid_vsp": [304.02776132057437, 202.90877427613043, 3.0404420242559618]}, "datetime": {"datetime": "2025-08-21 13:07:48", "elapsed": 15784.954040765762, "delta": 16.03615641593933}, "costs": {"total_cost": 173.91062827572952, "time_cost": 69.12, "final_distance_cost": 1.8370680097601437, "oscillation_cost": 30.85338921016329, "completition_cost": 0.0, "overshoot_cost": 49.83935774428764, "power_cost": 11.352091027832032, "noise_cost": 10.908722283686394, "n_waypoints_completed": 9, "tot_waypoints": 9}}
{"target": -195.01598343894736, "params": {"k_pid_pos": [0.6926316792467088, 0.22479547823958754, 0.8741288714271279], "k_pid_alt": [1.0711773023777835, 0.006016056952149831, 0.0531526103697073], "k_pid_att": [31.163038050667726, 0.220431473225056, 0.38124297806629315], "k_pid_yaw": [0.5, 1e-06, 0.1], "k_pid_hsp": [0.3119121235022023, 0.03321795575139077, 0.0], "k_pid_vsp": [337.294124718642, 255.4329758364992, 3.3172599040042576]}, "datetime": {"datetime": "2025-08-21 13:08:08", "elapsed": 15805.259474754333, "delta": 20.305433988571167}, "costs": {"total_cost": 195.01598343894736, "time_cost": 87.36, "final_distance_cost": 1.8310485331838673, "oscillation_cost": 24.925813631795922, "completition_cost": 0.0, "overshoot_cost": 52.18882611851492, "power_cost": 14.564973681640625, "noise_cost": 14.145321473812032, "n_waypoints_completed": 9, "tot_waypoints": 9}}
{"target": -415.13733153410146, "params": {"k_pid_pos": [0.40615014289219165, 0.16340522678687167, 1.0], "k_pid_alt": [2.0, 0.009197277344880845, 0.028023203165126753], "k_pid_att": [63.94641742043749, 0.12820362824184056, 0.4160285437576463], "k_pid_yaw": [0.5, 1e-06, 0.1], "k_pid_hsp": [0.12094358532318517, 0.04360490172827814, 0.0], "k_pid_vsp": [338.4940555048338, 198.30045767134138, 3.3725931883482616]}, "datetime": {"datetime": "2025-08-21 13:08:31", "elapsed": 15828.29662847519, "delta": 23.037153720855713}, "costs": {"total_cost": 415.13733153410146, "time_cost": 150, "final_distance_cost": 38.07378561986683, "oscillation_cost": 20.216010323657876, "completition_cost": 111.11111111111116, "overshoot_cost": 54.57411880224444, "power_cost": 23.668089575195314, "noise_cost": 17.494216102025856, "n_waypoints_completed": 8, "tot_waypoints": 9}}
{"target": -171.86313201956256, "params": {"k_pid_pos": [1.5317567047310696, 0.2325427846546044, 1.0], "k_pid_alt": [2.0, 0.00651434236935565, 0.03894349408122413], "k_pid_att": [35.72029407422711, 0.22532286521089503, 0.2928025018106251], "k_pid_yaw": [0.5, 1e-06, 0.1], "k_pid_hsp": [0.210001378178055, 0.024560664337234417, 0.0], "k_pid_vsp": [242.09457264127118, 270.80084594762496, 2.1393812760047437]}, "datetime": {"datetime": "2025-08-21 13:08:47", "elapsed": 15844.420268297195, "delta": 16.123639822006226}, "costs": {"total_cost": 171.86313201956256, "time_cost": 70.208, "final_distance_cost": 1.8292305713799508, "oscillation_cost": 28.099736612126872, "completition_cost": 0.0, "overshoot_cost": 50.50541984204917, "power_cost": 10.60403427734375, "noise_cost": 10.616710716662828, "n_waypoints_completed": 9, "tot_waypoints": 9}}
{"target": -178.4834418843527, "params": {"k_pid_pos": [1.1798359239899028, 0.16855240172476063, 0.7761732622124887], "k_pid_alt": [1.831526868233281, 0.0025063661867512827, 0.0883796239978621], "k_pid_att": [42.83630161421891, 0.09300203123961252, 0.5175843211296379], "k_pid_yaw": [0.5, 1e-06, 0.1], "k_pid_hsp": [0.3959759296972596, 0.04738730955825879, 0.0], "k_pid_vsp": [65.25953759400475, 151.88646597532087, 2.9873196208684143]}, "datetime": {"datetime": "2025-08-21 13:09:04", "elapsed": 15861.02414059639, "delta": 16.603872299194336}, "costs": {"total_cost": 178.4834418843527, "time_cost": 72.08, "final_distance_cost": 1.8344950448547028, "oscillation_cost": 28.633735016627373, "completition_cost": 0.0, "overshoot_cost": 50.61873862253012, "power_cost": 13.026971948242188, "noise_cost": 12.289501252098296, "n_waypoints_completed": 9, "tot_waypoints": 9}}
{"target": -202.22116913806127, "params": {"k_pid_pos": [0.5239565287641178, 0.12719398868035928, 1.0], "k_pid_alt": [1.4733050927697822, 0.009713341750108307, 0.01230095691494885], "k_pid_att": [62.14608545896695, 0.294592985951171, 0.782317468479202], "k_pid_yaw": [0.5, 1e-06, 0.1], "k_pid_hsp": [0.3764199509640134, 0.03558993547268102, 0.0], "k_pid_vsp": [343.0392536843956, 224.57105763017856, 2.0208304346286354]}, "datetime": {"datetime": "2025-08-21 13:09:25", "elapsed": 15881.8009557724, "delta": 20.776815176010132}, "costs": {"total_cost": 202.22116913806127, "time_cost": 91.2, "final_distance_cost": 1.8478643264306476, "oscillation_cost": 23.449475122720802, "completition_cost": 0.0, "overshoot_cost": 53.98092754625719, "power_cost": 15.37923994140625, "noise_cost": 16.363662201246363, "n_waypoints_completed": 9, "tot_waypoints": 9}}
{"target": -175.0012435460582, "params": {"k_pid_pos": [2.0, 0.23495877598360446, 0.8585768038380585], "k_pid_alt": [2.0, 0.007814134092810477, 0.036898814465394746], "k_pid_att": [26.63537187960495, 0.21901417584699093, 0.5339632235637602], "k_pid_yaw": [0.5, 1e-06, 0.1], "k_pid_hsp": [0.2213005830282462, 0.03621380831285358, 0.0], "k_pid_vsp": [132.38709144345543, 315.6378206763087, 1.1442837712438536]}, "datetime": {"datetime": "2025-08-21 13:09:41", "elapsed": 15897.456430196762, "delta": 15.655474424362183}, "costs": {"total_cost": 175.0012435460582, "time_cost": 69.496, "final_distance_cost": 1.7885289009429097, "oscillation_cost": 30.305495426663544, "completition_cost": 0.0, "overshoot_cost": 50.3741780313152, "power_cost": 12.043548767089844, "noise_cost": 10.993492420046687, "n_waypoints_completed": 9, "tot_waypoints": 9}}
