{"target": -169.64242231965716, "params": {"k_pid_pos": [1.4977027607736533, 0.006800379763086998, 0.8944092730668581], "k_pid_alt": [2.0, 0.002842558084144124, 0.012913283034592875], "k_pid_att": [11.001496350885148, 0.16044567912609276, 0.30005845606206455], "k_pid_yaw": [0.5, 1e-06, 0.1], "k_pid_hsp": [0.1745133542811693, 0.021331932836960568, 0.0], "k_pid_vsp": [227.29588647783544, 229.8687773779648, 0.9387448970208577]}, "datetime": {"datetime": "2025-08-21 19:30:52", "elapsed": 38768.464730262756, "delta": 15.626903533935547}, "costs": {"total_cost": 169.64242231965716, "time_cost": 69.888, "final_distance_cost": 1.8481694171593799, "oscillation_cost": 27.725063897081135, "completition_cost": 0.0, "overshoot_cost": 50.09349257600398, "power_cost": 9.771859045410157, "noise_cost": 10.315837384002455, "n_waypoints_completed": 9, "tot_waypoints": 9}}
{"target": -174.11859026396488, "params": {"k_pid_pos": [1.8430157138191614, 0.006469777399522159, 0.8311413890930924], "k_pid_alt": [1.6487063933652746, 0.0030506672784252, 0.010431494304837106], "k_pid_att": [11.564953021032052, 0.17902516990325287, 0.3245597521848684], "k_pid_yaw": [0.5, 1e-06, 0.1], "k_pid_hsp": [0.19410330194605616, 0.0217958555224817, 0.0], "k_pid_vsp": [258.4265535674244, 215.14927074230044, 1.107917108904014]}, "datetime": {"datetime": "2025-08-21 19:31:09", "elapsed": 38785.63962197304, "delta": 17.174891710281372}, "costs": {"total_cost": 174.11859026396488, "time_cost": 69.0, "final_distance_cost": 1.831446071089564, "oscillation_cost": 29.68613398391917, "completition_cost": 0.0, "overshoot_cost": 50.11618023962024, "power_cost": 12.247302282714845, "noise_cost": 11.23752768662107, "n_waypoints_completed": 9, "tot_waypoints": 9}}
{"target": -176.71550340054515, "params": {"k_pid_pos": [1.644034027140435, 0.008089182167817075, 0.996888639847517], "k_pid_alt": [2.0, 0.002423182795819745, 0.012747109949384626], "k_pid_att": [13.968214986429814, 0.18031905272271861, 0.33624515217856943], "k_pid_yaw": [0.5, 1e-06, 0.1], "k_pid_hsp": [0.16504304207675308, 0.019075333959765604, 0.0], "k_pid_vsp": [270.4183122895122, 230.2182781285837, 1.0468281494177802]}, "datetime": {"datetime": "2025-08-21 19:31:25", "elapsed": 38801.73854517937, "delta": 16.098923206329346}, "costs": {"total_cost": 176.71550340054515, "time_cost": 70.248, "final_distance_cost": 1.8381053630937054, "oscillation_cost": 27.80959312483694, "completition_cost": 0.0, "overshoot_cost": 50.37173081025023, "power_cost": 14.058186511230469, "noise_cost": 12.389887591133807, "n_waypoints_completed": 9, "tot_waypoints": 9}}
{"target": -169.47796018199085, "params": {"k_pid_pos": [1.6012199184703075, 0.0073099728570967136, 0.921983307831005], "k_pid_alt": [2.0, 0.002496806521441942, 0.01569569790657211], "k_pid_att": [11.12450384737164, 0.16237081984464782, 0.29505924312775367], "k_pid_yaw": [0.5, 1e-06, 0.1], "k_pid_hsp": [0.1838286346970827, 0.01579252437443482, 0.0], "k_pid_vsp": [256.94361107661956, 290.8913591517542, 1.1457986695329994]}, "datetime": {"datetime": "2025-08-21 19:31:42", "elapsed": 38818.613604068756, "delta": 16.875058889389038}, "costs": {"total_cost": 169.47796018199085, "time_cost": 70.016, "final_distance_cost": 1.840882634523347, "oscillation_cost": 26.796100992286316, "completition_cost": 0.0, "overshoot_cost": 50.027554186383625, "power_cost": 10.401352502441407, "noise_cost": 10.396069866356166, "n_waypoints_completed": 9, "tot_waypoints": 9}}
{"target": -176.24390356727312, "params": {"k_pid_pos": [1.6454173406705035, 0.00763580857057335, 0.8510356868878471], "k_pid_alt": [2.0, 0.003005865263941316, 0.01219877540939636], "k_pid_att": [11.53791760617456, 0.16271948443746817, 0.2824067800299063], "k_pid_yaw": [0.5, 1e-06, 0.1], "k_pid_hsp": [0.13991435895169976, 0.018564146590034566, 0.0], "k_pid_vsp": [283.2387280355401, 270.8213379148701, 0.9750876842741049]}, "datetime": {"datetime": "2025-08-21 19:32:00", "elapsed": 38836.77327299118, "delta": 18.159668922424316}, "costs": {"total_cost": 176.24390356727312, "time_cost": 70.224, "final_distance_cost": 1.83311517860866, "oscillation_cost": 27.85464467467031, "completition_cost": 0.0, "overshoot_cost": 50.7072045507681, "power_cost": 13.453902038574219, "noise_cost": 12.171037124651829, "n_waypoints_completed": 9, "tot_waypoints": 9}}
{"target": -172.2738092639363, "params": {"k_pid_pos": [1.5878236184446235, 0.0073309582916972526, 0.8837067445866925], "k_pid_alt": [2.0, 0.002739959799065205, 0.014412904724326709], "k_pid_att": [12.718500226219177, 0.16976095947384265, 0.2640887734283642], "k_pid_yaw": [0.5, 1e-06, 0.1], "k_pid_hsp": [0.19811179665930104, 0.017601882209206814, 0.0], "k_pid_vsp": [318.3789890510482, 261.76831928780774, 0.9471732190643678]}, "datetime": {"datetime": "2025-08-21 19:32:15", "elapsed": 38852.356459617615, "delta": 15.583186626434326}, "costs": {"total_cost": 172.2738092639363, "time_cost": 70.104, "final_distance_cost": 1.8478288681739667, "oscillation_cost": 27.17542247247932, "completition_cost": 0.0, "overshoot_cost": 50.089481758701275, "power_cost": 11.732120837402345, "noise_cost": 11.324955327179403, "n_waypoints_completed": 9, "tot_waypoints": 9}}
{"target": -167.96850299355305, "params": {"k_pid_pos": [1.5699072250156823, 0.0073947607429512355, 0.8367787637640353], "k_pid_alt": [1.9652400420749494, 0.0031920638798742912, 0.010389586585264116], "k_pid_att": [12.367149715938112, 0.18363062907625086, 0.3023441405019463], "k_pid_yaw": [0.5, 1e-06, 0.1], "k_pid_hsp": [0.15491797986602382, 0.01803670035782617, 0.0], "k_pid_vsp": [246.88479683960134, 255.18948516799682, 1.0590000796184078]}, "datetime": {"datetime": "2025-08-21 19:32:33", "elapsed": 38869.953201293945, "delta": 17.596741676330566}, "costs": {"total_cost": 167.96850299355305, "time_cost": 69.256, "final_distance_cost": 1.837809858132329, "oscillation_cost": 28.05860124016804, "completition_cost": 0.0, "overshoot_cost": 49.980903001614365, "power_cost": 9.2036916015625, "noise_cost": 9.6314972920758, "n_waypoints_completed": 9, "tot_waypoints": 9}}
{"target": -168.29989001534008, "params": {"k_pid_pos": [1.8015235123605071, 0.010877878254666554, 0.8903642632418696], "k_pid_alt": [1.7072972100012105, 0.0031788521450620273, 0.012056542624751134], "k_pid_att": [12.550460588367855, 0.1969077798949522, 0.32174899806484514], "k_pid_yaw": [0.5, 1e-06, 0.1], "k_pid_hsp": [0.18992035835009344, 0.017043810804611922, 0.0], "k_pid_vsp": [323.5343434196419, 229.8997075052076, 1.0571313605387251]}, "datetime": {"datetime": "2025-08-21 19:32:49", "elapsed": 38886.10335993767, "delta": 16.150158643722534}, "costs": {"total_cost": 168.29989001534008, "time_cost": 68.752, "final_distance_cost": 1.837640682544459, "oscillation_cost": 29.667290809502084, "completition_cost": 0.0, "overshoot_cost": 49.59622056100949, "power_cost": 8.926486889648437, "noise_cost": 9.520251072635638, "n_waypoints_completed": 9, "tot_waypoints": 9}}
{"target": -194.84514815069312, "params": {"k_pid_pos": [1.6084322718916404, 0.006425023200835381, 0.9234380761860072], "k_pid_alt": [1.9819020258891342, 0.002834039016036908, 0.009079123141720323], "k_pid_att": [12.405531955665154, 0.17043239040522104, 0.30229999260735324], "k_pid_yaw": [0.5, 1e-06, 0.1], "k_pid_hsp": [0.18030770378984118, 0.01645257984040527, 0.0], "k_pid_vsp": [248.96764185478946, 254.3459677449166, 0.9209779488915378]}, "datetime": {"datetime": "2025-08-21 19:33:06", "elapsed": 38903.40220117569, "delta": 17.29884123802185}, "costs": {"total_cost": 194.84514815069312, "time_cost": 74.584, "final_distance_cost": 1.8414685181254784, "oscillation_cost": 29.725970668920713, "completition_cost": 0.0, "overshoot_cost": 53.5389418871545, "power_cost": 19.731867736816408, "noise_cost": 15.422899339676015, "n_waypoints_completed": 9, "tot_waypoints": 9}}
{"target": -172.73876184543025, "params": {"k_pid_pos": [1.7687053598858953, 0.007596224289019588, 1.0], "k_pid_alt": [2.0, 0.00280491299006057, 0.01021845608165602], "k_pid_att": [11.632783948952971, 0.16826106798664395, 0.25608204320128153], "k_pid_yaw": [0.5, 1e-06, 0.1], "k_pid_hsp": [0.17747780132296645, 0.018361887778279275, 0.0], "k_pid_vsp": [242.80081427509936, 282.4829616636882, 1.135804495511572]}, "datetime": {"datetime": "2025-08-21 19:33:24", "elapsed": 38921.273364543915, "delta": 17.871163368225098}, "costs": {"total_cost": 172.73876184543025, "time_cost": 69.544, "final_distance_cost": 1.8469369965483216, "oscillation_cost": 27.97438016838432, "completition_cost": 0.0, "overshoot_cost": 49.67258148046276, "power_cost": 12.281083557128907, "noise_cost": 11.419779642905956, "n_waypoints_completed": 9, "tot_waypoints": 9}}
{"target": -177.2641278407986, "params": {"k_pid_pos": [1.8278231648359229, 0.008229751665655994, 0.990812566820506], "k_pid_alt": [2.0, 0.003306811505608315, 0.013696039466295848], "k_pid_att": [9.512944004803758, 0.14312810208810425, 0.26960866172298686], "k_pid_yaw": [0.5, 1e-06, 0.1], "k_pid_hsp": [0.18437489753461814, 0.01742099994334331, 0.0], "k_pid_vsp": [267.0126742552604, 274.2217290301716, 1.003634867451721]}, "datetime": {"datetime": "2025-08-21 19:33:40", "elapsed": 38937.073120594025, "delta": 15.799756050109863}, "costs": {"total_cost": 177.2641278407986, "time_cost": 70.12, "final_distance_cost": 1.84899184268004, "oscillation_cost": 28.400793057663993, "completition_cost": 0.0, "overshoot_cost": 50.94842525701305, "power_cost": 13.7129828125, "noise_cost": 12.232934870941534, "n_waypoints_completed": 9, "tot_waypoints": 9}}
{"target": -175.01457052188985, "params": {"k_pid_pos": [1.5129632237068087, 0.008631628749550722, 0.8289698879365623], "k_pid_alt": [1.8588211511138943, 0.0025858944412105148, 0.012772099929214853], "k_pid_att": [12.784409540911994, 0.16750430054577556, 0.22298712040564925], "k_pid_yaw": [0.5, 1e-06, 0.1], "k_pid_hsp": [0.16666808184302828, 0.018698691230746887, 0.0], "k_pid_vsp": [248.40233845332537, 285.8394685892728, 0.9868466075539107]}, "datetime": {"datetime": "2025-08-21 19:33:57", "elapsed": 38954.128011226654, "delta": 17.054890632629395}, "costs": {"total_cost": 175.01457052188985, "time_cost": 70.048, "final_distance_cost": 1.848406465459957, "oscillation_cost": 27.850133061927068, "completition_cost": 0.0, "overshoot_cost": 49.85247051984064, "power_cost": 13.368883740234375, "noise_cost": 12.04667673442781, "n_waypoints_completed": 9, "tot_waypoints": 9}}
{"target": -186.8811376301833, "params": {"k_pid_pos": [1.6631811111765582, 0.007221632746995756, 1.0], "k_pid_alt": [1.7695993419924025, 0.002132904204171068, 0.014153378209083104], "k_pid_att": [11.329639000427262, 0.161732308902131, 0.27353238613381503], "k_pid_yaw": [0.5, 1e-06, 0.1], "k_pid_hsp": [0.14455842783915995, 0.016523002081417455, 0.0], "k_pid_vsp": [297.1167682186254, 228.3996871505416, 1.2956746212637087]}, "datetime": {"datetime": "2025-08-21 19:34:13", "elapsed": 38970.22355890274, "delta": 16.095547676086426}, "costs": {"total_cost": 186.8811376301833, "time_cost": 71.96000000000001, "final_distance_cost": 1.8467742147864317, "oscillation_cost": 29.035200620224526, "completition_cost": 0.0, "overshoot_cost": 51.630933106441326, "power_cost": 17.850909729003906, "noise_cost": 14.557319959727096, "n_waypoints_completed": 9, "tot_waypoints": 9}}
{"target": -170.07496436559944, "params": {"k_pid_pos": [1.5146995842283129, 0.00885287890944871, 0.8791923074646535], "k_pid_alt": [2.0, 0.0030206840724189264, 0.011947664164774337], "k_pid_att": [10.595901595981433, 0.17393940981880548, 0.25147249449757725], "k_pid_yaw": [0.5, 1e-06, 0.1], "k_pid_hsp": [0.1592828965887615, 0.02082341981783716, 0.0], "k_pid_vsp": [242.91779652109324, 255.69363870038046, 1.1170616288101098]}, "datetime": {"datetime": "2025-08-21 19:34:30", "elapsed": 38987.1848359108, "delta": 16.96127700805664}, "costs": {"total_cost": 170.07496436559944, "time_cost": 70.008, "final_distance_cost": 1.8388184106748735, "oscillation_cost": 27.10794219486824, "completition_cost": 0.0, "overshoot_cost": 50.13762804364994, "power_cost": 10.480137915039062, "noise_cost": 10.502437801367337, "n_waypoints_completed": 9, "tot_waypoints": 9}}
{"target": -177.52351416296298, "params": {"k_pid_pos": [1.587057287024214, 0.0070905519760117415, 0.721233476646125], "k_pid_alt": [1.8618643680232962, 0.0028667693860340835, 0.013021949506458358], "k_pid_att": [10.440528686202088, 0.1816503376839502, 0.30074691669339776], "k_pid_yaw": [0.5, 1e-06, 0.1], "k_pid_hsp": [0.15867900995572506, 0.018107375896242065, 0.0], "k_pid_vsp": [266.04467413119255, 250.68462311949088, 0.8183934295009229]}, "datetime": {"datetime": "2025-08-21 19:34:46", "elapsed": 39003.31520867348, "delta": 16.130372762680054}, "costs": {"total_cost": 177.52351416296298, "time_cost": 69.88, "final_distance_cost": 1.832340955485775, "oscillation_cost": 29.05854142194893, "completition_cost": 0.0, "overshoot_cost": 50.69864251230963, "power_cost": 13.917991015625, "noise_cost": 12.135998257593657, "n_waypoints_completed": 9, "tot_waypoints": 9}}
{"target": -179.53815010876625, "params": {"k_pid_pos": [2.0, 0.007853855065960669, 0.9737246158515216], "k_pid_alt": [1.762544962212468, 0.003309333736586298, 0.012364862115911217], "k_pid_att": [12.53650410068476, 0.1702937066846001, 0.297878743376718], "k_pid_yaw": [0.5, 1e-06, 0.1], "k_pid_hsp": [0.14195977758532047, 0.015878289932736087, 0.0], "k_pid_vsp": [250.59466238966607, 258.99667162344537, 1.175203158775493]}, "datetime": {"datetime": "2025-08-21 19:35:02", "elapsed": 39019.34253978729, "delta": 16.027331113815308}, "costs": {"total_cost": 179.53815010876625, "time_cost": 70.096, "final_distance_cost": 1.8368582944949698, "oscillation_cost": 28.91570451743438, "completition_cost": 0.0, "overshoot_cost": 51.24247771383246, "power_cost": 14.841911694335938, "noise_cost": 12.605197888668487, "n_waypoints_completed": 9, "tot_waypoints": 9}}
{"target": -168.86210810470178, "params": {"k_pid_pos": [1.6076535083116215, 0.0056888843434332705, 1.0], "k_pid_alt": [2.0, 0.00293614160710644, 0.013276925418739966], "k_pid_att": [11.129652723963, 0.18473013797576487, 0.25064420388558944], "k_pid_yaw": [0.5, 1e-06, 0.1], "k_pid_hsp": [0.16432320976228457, 0.018325839542405475, 0.0], "k_pid_vsp": [271.19904972476724, 235.8814571052975, 1.0880816430148537]}, "datetime": {"datetime": "2025-08-21 19:35:20", "elapsed": 39036.68253016472, "delta": 17.339990377426147}, "costs": {"total_cost": 168.86210810470178, "time_cost": 70.19200000000001, "final_distance_cost": 1.8427494374507258, "oscillation_cost": 26.889363241863688, "completition_cost": 0.0, "overshoot_cost": 49.44236576521991, "power_cost": 10.186607556152344, "noise_cost": 10.309022104015108, "n_waypoints_completed": 9, "tot_waypoints": 9}}
{"target": -177.56984327029144, "params": {"k_pid_pos": [1.817211035317604, 0.007187674074100475, 0.6991913387993897], "k_pid_alt": [2.0, 0.002345838829818246, 0.013290059061281516], "k_pid_att": [13.2728639777754, 0.14031898144242602, 0.3849265387960024], "k_pid_yaw": [0.5, 1e-06, 0.1], "k_pid_hsp": [0.14160328308923764, 0.018678574597557496, 0.0], "k_pid_vsp": [227.8189217739598, 311.9976793142419, 1.2409154163710758]}, "datetime": {"datetime": "2025-08-21 19:35:36", "elapsed": 39052.51155304909, "delta": 15.829022884368896}, "costs": {"total_cost": 177.56984327029144, "time_cost": 69.56, "final_distance_cost": 1.8215282416302028, "oscillation_cost": 29.668404541502603, "completition_cost": 0.0, "overshoot_cost": 50.60072503836587, "power_cost": 13.806550012207031, "noise_cost": 12.11263543658571, "n_waypoints_completed": 9, "tot_waypoints": 9}}
{"target": -176.30366939404735, "params": {"k_pid_pos": [1.7081883071536608, 0.006836005057295623, 1.0], "k_pid_alt": [2.0, 0.0030138340980404126, 0.01269313220674489], "k_pid_att": [10.475836078517142, 0.16430471846652442, 0.3105777683209782], "k_pid_yaw": [0.5, 1e-06, 0.1], "k_pid_hsp": [0.13666011389568652, 0.01870856474112327, 0.0], "k_pid_vsp": [273.68296053301947, 316.65687083942703, 0.7877311259319836]}, "datetime": {"datetime": "2025-08-21 19:35:53", "elapsed": 39070.07644152641, "delta": 17.56488847732544}, "costs": {"total_cost": 176.30366939404735, "time_cost": 70.21600000000001, "final_distance_cost": 1.8425739505198284, "oscillation_cost": 27.89685588164946, "completition_cost": 0.0, "overshoot_cost": 50.3845361389774, "power_cost": 13.591379907226564, "noise_cost": 12.372323515674081, "n_waypoints_completed": 9, "tot_waypoints": 9}}
{"target": -173.9226017875261, "params": {"k_pid_pos": [1.4545354013506364, 0.0068722615652503, 0.8187489846278564], "k_pid_alt": [1.8689271075126779, 0.003411125448861281, 0.011729582728895465], "k_pid_att": [11.649524394070232, 0.15958437914078438, 0.29201469841780064], "k_pid_yaw": [0.5, 1e-06, 0.1], "k_pid_hsp": [0.15255658861819718, 0.02259191493564597, 0.0], "k_pid_vsp": [301.5217034582783, 288.3619696336995, 1.246248106528106]}, "datetime": {"datetime": "2025-08-21 19:36:09", "elapsed": 39086.0875351429, "delta": 16.011093616485596}, "costs": {"total_cost": 173.9226017875261, "time_cost": 70.136, "final_distance_cost": 1.8490971935766427, "oscillation_cost": 27.53514194316603, "completition_cost": 0.0, "overshoot_cost": 49.9117331303441, "power_cost": 12.669910083007814, "noise_cost": 11.820719437431535, "n_waypoints_completed": 9, "tot_waypoints": 9}}
{"target": -173.48099627212702, "params": {"k_pid_pos": [1.3040965455511604, 0.007178780422879979, 0.8614090170431853], "k_pid_alt": [1.7354878765174977, 0.0025301021792678673, 0.010618715131732246], "k_pid_att": [11.70179088462305, 0.17374187666555438, 0.307802806071476], "k_pid_yaw": [0.5, 1e-06, 0.1], "k_pid_hsp": [0.15437497019212076, 0.018137840389099744, 0.0], "k_pid_vsp": [283.18945887043645, 265.7996767878196, 1.0994050315220567]}, "datetime": {"datetime": "2025-08-21 19:36:27", "elapsed": 39103.77447414398, "delta": 17.686939001083374}, "costs": {"total_cost": 173.48099627212702, "time_cost": 70.824, "final_distance_cost": 1.8526602348841057, "oscillation_cost": 26.644285145765483, "completition_cost": 0.0, "overshoot_cost": 49.73633378285627, "power_cost": 12.54754560546875, "noise_cost": 11.876171503152426, "n_waypoints_completed": 9, "tot_waypoints": 9}}
{"target": -171.1768342478253, "params": {"k_pid_pos": [1.6177816814246038, 0.008927027294427825, 0.8290040508818081], "k_pid_alt": [2.0, 0.0031157016419291425, 0.014431346079431957], "k_pid_att": [10.492659196929857, 0.1883616885221743, 0.28325741210019734], "k_pid_yaw": [0.5, 1e-06, 0.1], "k_pid_hsp": [0.11590456860402515, 0.0186328452151014, 0.0], "k_pid_vsp": [281.96074319772515, 304.92605752742907, 1.0720683422891162]}, "datetime": {"datetime": "2025-08-21 19:36:43", "elapsed": 39119.872817993164, "delta": 16.09834384918213}, "costs": {"total_cost": 171.1768342478253, "time_cost": 69.136, "final_distance_cost": 1.832768594388328, "oscillation_cost": 28.75629365918903, "completition_cost": 0.0, "overshoot_cost": 50.05717857433134, "power_cost": 10.889697680664064, "noise_cost": 10.504895739252548, "n_waypoints_completed": 9, "tot_waypoints": 9}}
{"target": -174.6346495785959, "params": {"k_pid_pos": [1.615908573739743, 0.0067338303532754286, 0.8168081423072073], "k_pid_alt": [2.0, 0.0020112283974404173, 0.00950409667687871], "k_pid_att": [11.765025476214118, 0.16525823000769405, 0.31093497650208485], "k_pid_yaw": [0.5, 1e-06, 0.1], "k_pid_hsp": [0.19151835749941645, 0.01717162795867298, 0.0], "k_pid_vsp": [316.7138208599156, 241.63104453021234, 1.0115037021042]}, "datetime": {"datetime": "2025-08-21 19:37:01", "elapsed": 39137.502190351486, "delta": 17.629372358322144}, "costs": {"total_cost": 174.6346495785959, "time_cost": 70.056, "final_distance_cost": 1.8417521008440274, "oscillation_cost": 27.913393072096248, "completition_cost": 0.0, "overshoot_cost": 50.448093529738465, "power_cost": 12.71779873046875, "noise_cost": 11.657612145448416, "n_waypoints_completed": 9, "tot_waypoints": 9}}
{"target": -174.81623149669093, "params": {"k_pid_pos": [1.6268732764028975, 0.007413380594645536, 0.8340353867566175], "k_pid_alt": [2.0, 0.00301892871424689, 0.011827526435969205], "k_pid_att": [12.17481933201672, 0.17807219361899063, 0.29276451991354574], "k_pid_yaw": [0.5, 1e-06, 0.1], "k_pid_hsp": [0.1660992221358998, 0.018808982648701244, 0.0], "k_pid_vsp": [265.89847477114586, 257.6145150169038, 1.0612808706525163]}, "datetime": {"datetime": "2025-08-21 19:37:17", "elapsed": 39153.46735262871, "delta": 15.96516227722168}, "costs": {"total_cost": 174.81623149669093, "time_cost": 69.944, "final_distance_cost": 1.8331576411884574, "oscillation_cost": 27.419580344563062, "completition_cost": 0.0, "overshoot_cost": 50.4337882796297, "power_cost": 13.25385106201172, "noise_cost": 11.931854169298004, "n_waypoints_completed": 9, "tot_waypoints": 9}}
{"target": -169.66001096065906, "params": {"k_pid_pos": [1.4571007450416718, 0.008212387179091177, 0.868536421548335], "k_pid_alt": [2.0, 0.0031294742893275894, 0.01296233097089325], "k_pid_att": [10.636638669925441, 0.1930471144350859, 0.33099752747509587], "k_pid_yaw": [0.5, 1e-06, 0.1], "k_pid_hsp": [0.14122581702904383, 0.02195691877236086, 0.0], "k_pid_vsp": [240.48444386930422, 262.353319404096, 1.1267019621555507]}, "datetime": {"datetime": "2025-08-21 19:37:34", "elapsed": 39171.321823358536, "delta": 17.85447072982788}, "costs": {"total_cost": 169.66001096065906, "time_cost": 70.328, "final_distance_cost": 1.8494820433326529, "oscillation_cost": 26.98174127724266, "completition_cost": 0.0, "overshoot_cost": 49.8823358743926, "power_cost": 10.231590478515626, "noise_cost": 10.386861287175508, "n_waypoints_completed": 9, "tot_waypoints": 9}}
