{"target": -173.88073099486712, "params": {"k_pid_pos": [1.6808221720943006, 0.031240953764026875, 0.8830952434250783], "k_pid_alt": [1.8232686528700575, 0.003224988050598048, 0.011273980978436326], "k_pid_att": [11.364206622933418, 0.15746106784238553, 0.3819540794050526], "k_pid_yaw": [0.5, 1e-06, 0.1], "k_pid_hsp": [0.2566069512291576, 0.018596832994072707, 0.0], "k_pid_vsp": [187.66833670699225, 357.42464232946855, 2.399805223088308]}, "datetime": {"datetime": "2025-08-21 14:21:46", "elapsed": 20222.91940188408, "delta": 16.801106691360474}, "costs": {"total_cost": 173.88073099486712, "time_cost": 69.648, "final_distance_cost": 1.8342558211233757, "oscillation_cost": 29.53512752613927, "completition_cost": 0.0, "overshoot_cost": 49.920776448923625, "power_cost": 11.759026599121094, "noise_cost": 11.183544599559774, "n_waypoints_completed": 9, "tot_waypoints": 9}}
{"target": -174.35231242716097, "params": {"k_pid_pos": [1.5033728915328004, 0.02406186717801374, 0.8305268226234109], "k_pid_alt": [2.0, 0.004732633042873397, 0.011771411396793488], "k_pid_att": [30.035440114464176, 0.17229255767214488, 0.06421579303433583], "k_pid_yaw": [0.5, 1e-06, 0.1], "k_pid_hsp": [0.2688294122134484, 0.010580614912649949, 0.0], "k_pid_vsp": [299.99069872479026, 106.21249656353744, 1.425173993936984]}, "datetime": {"datetime": "2025-08-21 14:22:02", "elapsed": 20239.138196706772, "delta": 16.21879482269287}, "costs": {"total_cost": 174.35231242716097, "time_cost": 70.34400000000001, "final_distance_cost": 1.8494333443498625, "oscillation_cost": 30.82367852533943, "completition_cost": 0.0, "overshoot_cost": 50.16882211089353, "power_cost": 10.376732934570313, "noise_cost": 10.789645512007802, "n_waypoints_completed": 9, "tot_waypoints": 9}}
{"target": -189.90378542434996, "params": {"k_pid_pos": [1.455961606986305, 0.06439196607720514, 0.9827719983810432], "k_pid_alt": [1.9330035370803156, 0.0044143464110055755, 0.010621836218548184], "k_pid_att": [17.96008846515794, 0.2960216388194538, 0.4982830628003491], "k_pid_yaw": [0.5, 1e-06, 0.1], "k_pid_hsp": [0.32061580821952324, 0.021301038785695666, 0.0], "k_pid_vsp": [260.1829836975864, 170.35415879931358, 2.4098192090244077]}, "datetime": {"datetime": "2025-08-21 14:22:19", "elapsed": 20255.699850797653, "delta": 16.561654090881348}, "costs": {"total_cost": 189.90378542434996, "time_cost": 73.648, "final_distance_cost": 1.847489494479668, "oscillation_cost": 28.5818564115655, "completition_cost": 0.0, "overshoot_cost": 52.481716033118545, "power_cost": 18.45694832763672, "noise_cost": 14.88777515754954, "n_waypoints_completed": 9, "tot_waypoints": 9}}
{"target": -173.7477073690853, "params": {"k_pid_pos": [1.2575403472477094, 0.012952792786315509, 0.6920705733984772], "k_pid_alt": [1.2912145191282078, 0.005177535540959359, 0.0087063304684036], "k_pid_att": [14.802205127981123, 0.19047928963731964, 0.32301237380394626], "k_pid_yaw": [0.5, 1e-06, 0.1], "k_pid_hsp": [0.2992452225684992, 0.017768447874544544, 0.0], "k_pid_vsp": [216.04597164317866, 210.9972863303084, 2.82669739189156]}, "datetime": {"datetime": "2025-08-21 14:22:35", "elapsed": 20272.094505786896, "delta": 16.394654989242554}, "costs": {"total_cost": 173.7477073690853, "time_cost": 71.184, "final_distance_cost": 1.8437932183563972, "oscillation_cost": 28.045827480677325, "completition_cost": 0.0, "overshoot_cost": 49.73071986767176, "power_cost": 11.638281286621094, "noise_cost": 11.305085515758755, "n_waypoints_completed": 9, "tot_waypoints": 9}}
{"target": -180.19939962868335, "params": {"k_pid_pos": [1.2068889784423837, 0.08267873416629472, 1.0], "k_pid_alt": [1.9224156935676913, 0.0035985135155630122, 0.015177478821836773], "k_pid_att": [22.390952822794386, 0.2616674682508973, 0.36415398840310736], "k_pid_yaw": [0.5, 1e-06, 0.1], "k_pid_hsp": [0.28453701921470415, 0.034876778849669464, 0.0], "k_pid_vsp": [133.2171834283806, 185.79284763329383, 1.93825174670103]}, "datetime": {"datetime": "2025-08-21 14:22:52", "elapsed": 20289.1689453125, "delta": 17.074439525604248}, "costs": {"total_cost": 180.19939962868335, "time_cost": 74.112, "final_distance_cost": 1.8485317005282997, "oscillation_cost": 28.534389233953814, "completition_cost": 0.0, "overshoot_cost": 50.68554907877378, "power_cost": 13.005240905761719, "noise_cost": 12.013688709665729, "n_waypoints_completed": 9, "tot_waypoints": 9}}
{"target": -173.53391113681226, "params": {"k_pid_pos": [2.0, 0.09142893142216578, 0.5964764492028394], "k_pid_alt": [1.7794131541895186, 0.00401369686531823, 0.01721291233426889], "k_pid_att": [21.63032690354316, 0.03788063325148524, 0.3328646066030521], "k_pid_yaw": [0.5, 1e-06, 0.1], "k_pid_hsp": [0.26714895462839566, 0.01942787980943774, 0.0], "k_pid_vsp": [298.307926802608, 213.8681997128393, 3.005624007592847]}, "datetime": {"datetime": "2025-08-21 14:23:08", "elapsed": 20304.606097221375, "delta": 15.437151908874512}, "costs": {"total_cost": 173.53391113681226, "time_cost": 68.336, "final_distance_cost": 1.8188456731161895, "oscillation_cost": 30.876435212074043, "completition_cost": 0.0, "overshoot_cost": 50.10162771210653, "power_cost": 11.589065344238282, "noise_cost": 10.811937195277212, "n_waypoints_completed": 9, "tot_waypoints": 9}}
{"target": -172.63644473004723, "params": {"k_pid_pos": [1.3850955245978034, 0.057732806908663115, 0.8384485613082081], "k_pid_alt": [1.8186260671436034, 0.005049534486270073, 0.009832270432637234], "k_pid_att": [22.705342908093574, 0.24973845658639018, 0.43913248082691486], "k_pid_yaw": [0.5, 1e-06, 0.1], "k_pid_hsp": [0.16137374814734845, 0.017095423010350583, 0.0], "k_pid_vsp": [141.41451700316225, 162.82746215844253, 2.4924280404537567]}, "datetime": {"datetime": "2025-08-21 14:23:24", "elapsed": 20321.30747818947, "delta": 16.701380968093872}, "costs": {"total_cost": 172.63644473004723, "time_cost": 70.168, "final_distance_cost": 1.833945549002782, "oscillation_cost": 26.593392659651332, "completition_cost": 0.0, "overshoot_cost": 50.14522755616926, "power_cost": 12.409942614746095, "noise_cost": 11.485936350477761, "n_waypoints_completed": 9, "tot_waypoints": 9}}
{"target": -178.04405627143151, "params": {"k_pid_pos": [1.8998304390870928, 0.039193119741869516, 0.4625092846953261], "k_pid_alt": [1.6672930880292032, 0.0047455463144068614, 0.010072921781831078], "k_pid_att": [2.784778336037807, 0.178843306615568, 0.3282901642976677], "k_pid_yaw": [0.5, 1e-06, 0.1], "k_pid_hsp": [0.23374116473269702, 0.019947270286145017, 0.0], "k_pid_vsp": [246.15465547288213, 240.52915464375553, 0.9969699164878935]}, "datetime": {"datetime": "2025-08-21 14:23:40", "elapsed": 20336.8183965683, "delta": 15.510918378829956}, "costs": {"total_cost": 178.04405627143151, "time_cost": 68.696, "final_distance_cost": 1.7907115238273534, "oscillation_cost": 32.4562721390415, "completition_cost": 0.0, "overshoot_cost": 50.24985144264104, "power_cost": 13.298495983886719, "noise_cost": 11.55272518203493, "n_waypoints_completed": 9, "tot_waypoints": 9}}
{"target": -197.90389190359377, "params": {"k_pid_pos": [1.7145596610290026, 0.08081768596094425, 0.8760860567280093], "k_pid_alt": [1.731327324733848, 0.00655483433797436, 0.015559731594310082], "k_pid_att": [11.92906403745799, 0.32540619862144543, 0.3657142362889017], "k_pid_yaw": [0.5, 1e-06, 0.1], "k_pid_hsp": [0.1352847077665637, 0.026874857028705883, 0.0], "k_pid_vsp": [149.48769017754867, 196.2177221453386, 1.9186289027905097]}, "datetime": {"datetime": "2025-08-21 14:24:01", "elapsed": 20357.65692639351, "delta": 20.83852982521057}, "costs": {"total_cost": 197.90389190359377, "time_cost": 76.04, "final_distance_cost": 1.8260194282955693, "oscillation_cost": 31.319751271394924, "completition_cost": 0.0, "overshoot_cost": 55.01853638444913, "power_cost": 18.820120703125, "noise_cost": 14.879464116329139, "n_waypoints_completed": 9, "tot_waypoints": 9}}
{"target": -171.419896845869, "params": {"k_pid_pos": [1.6388247555254873, 0.06582710633682376, 1.0], "k_pid_alt": [2.0, 0.005537590192982712, 0.009243567614401009], "k_pid_att": [9.335688793056365, 0.2256993985568785, 0.4824826171788981], "k_pid_yaw": [0.5, 1e-06, 0.1], "k_pid_hsp": [0.16377355787597, 0.01682055709932354, 0.0], "k_pid_vsp": [132.2983368264217, 260.8243011235961, 2.637759172579882]}, "datetime": {"datetime": "2025-08-21 14:24:18", "elapsed": 20374.526285409927, "delta": 16.869359016418457}, "costs": {"total_cost": 171.419896845869, "time_cost": 69.872, "final_distance_cost": 1.8453344733191366, "oscillation_cost": 27.548071275040062, "completition_cost": 0.0, "overshoot_cost": 50.51713434052351, "power_cost": 10.976499340820313, "noise_cost": 10.660857416165992, "n_waypoints_completed": 9, "tot_waypoints": 9}}
{"target": -167.67014444685987, "params": {"k_pid_pos": [2.0, 0.0380758232225801, 0.6832560362449932], "k_pid_alt": [2.0, 0.006496695752650977, 0.007942098711963759], "k_pid_att": [23.650122162904452, 0.23210631381052974, 0.4750891440283458], "k_pid_yaw": [0.5, 1e-06, 0.1], "k_pid_hsp": [0.19981610653425488, 0.0166316821288761, 0.0], "k_pid_vsp": [300.2314525489497, 248.88081291951403, 1.7125505187154848]}, "datetime": {"datetime": "2025-08-21 14:24:33", "elapsed": 20390.316879749298, "delta": 15.790594339370728}, "costs": {"total_cost": 167.67014444685987, "time_cost": 68.552, "final_distance_cost": 1.801991106168345, "oscillation_cost": 30.145729425791906, "completition_cost": 0.0, "overshoot_cost": 49.94198062297588, "power_cost": 8.18046649169922, "noise_cost": 9.047976800224507, "n_waypoints_completed": 9, "tot_waypoints": 9}}
{"target": -175.27334978459282, "params": {"k_pid_pos": [1.1183264350908797, 0.08894730250881766, 0.8982740923652758], "k_pid_alt": [1.3143148266491878, 0.004045574269987497, 0.0120331642122082], "k_pid_att": [13.842742715101304, 0.2205594943665136, 0.431933210660135], "k_pid_yaw": [0.5, 1e-06, 0.1], "k_pid_hsp": [0.2107566545706041, 0.01865039193259321, 0.0], "k_pid_vsp": [247.51435524442937, 224.77963851254802, 3.2397318187442514]}, "datetime": {"datetime": "2025-08-21 14:24:52", "elapsed": 20408.51170539856, "delta": 18.194825649261475}, "costs": {"total_cost": 175.27334978459282, "time_cost": 74.168, "final_distance_cost": 1.8482883602454867, "oscillation_cost": 26.947192098884912, "completition_cost": 0.0, "overshoot_cost": 50.39028021075868, "power_cost": 10.730073095703126, "noise_cost": 11.189516019000633, "n_waypoints_completed": 9, "tot_waypoints": 9}}
{"target": -179.47924493824115, "params": {"k_pid_pos": [1.2521210121273734, 0.11559495028433209, 1.0], "k_pid_alt": [2.0, 0.003723196941437659, 0.012050622988351176], "k_pid_att": [23.308613314296732, 0.13418780317098242, 0.534760247165315], "k_pid_yaw": [0.5, 1e-06, 0.1], "k_pid_hsp": [0.13434897601341989, 0.014031011719562345, 0.0], "k_pid_vsp": [270.4284024576686, 209.89243454846584, 1.926491376160901]}, "datetime": {"datetime": "2025-08-21 14:25:09", "elapsed": 20425.7388048172, "delta": 17.227099418640137}, "costs": {"total_cost": 179.47924493824115, "time_cost": 72.856, "final_distance_cost": 1.8312007049304597, "oscillation_cost": 25.85182621217542, "completition_cost": 0.0, "overshoot_cost": 51.63040999547378, "power_cost": 14.33487186279297, "noise_cost": 12.974936162868508, "n_waypoints_completed": 9, "tot_waypoints": 9}}
{"target": -174.4783479460291, "params": {"k_pid_pos": [1.813312646496567, 0.05269447679930939, 1.0], "k_pid_alt": [1.8290906172431116, 0.004732458066952758, 0.008833662716172141], "k_pid_att": [24.672395608646767, 0.21980015156867427, 0.24236558598028304], "k_pid_yaw": [0.5, 1e-06, 0.1], "k_pid_hsp": [0.08895774997628654, 0.018236459278715554, 0.0], "k_pid_vsp": [127.23768609626553, 193.4809423946002, 1.0251851467863908]}, "datetime": {"datetime": "2025-08-21 14:25:24", "elapsed": 20441.378319501877, "delta": 15.639514684677124}, "costs": {"total_cost": 174.4783479460291, "time_cost": 69.536, "final_distance_cost": 1.8249186075360324, "oscillation_cost": 28.9162311281919, "completition_cost": 0.0, "overshoot_cost": 50.52480997194457, "power_cost": 12.376089685058595, "noise_cost": 11.300298553298013, "n_waypoints_completed": 9, "tot_waypoints": 9}}
{"target": -169.93237719525007, "params": {"k_pid_pos": [2.0, 0.09143732200171086, 1.0], "k_pid_alt": [1.9845273324021118, 0.005426928580014946, 0.005870165627618741], "k_pid_att": [19.554651128732786, 0.28702939521495896, 0.3961998638879429], "k_pid_yaw": [0.5, 1e-06, 0.1], "k_pid_hsp": [0.33426269354518906, 0.014086169269047504, 0.0], "k_pid_vsp": [225.6819612072874, 340.6277106388373, 2.3044108614019527]}, "datetime": {"datetime": "2025-08-21 14:25:41", "elapsed": 20457.59263086319, "delta": 16.214311361312866}, "costs": {"total_cost": 169.93237719525007, "time_cost": 68.848, "final_distance_cost": 1.8397104200113172, "oscillation_cost": 30.48145728479652, "completition_cost": 0.0, "overshoot_cost": 49.60777664061288, "power_cost": 9.45176162109375, "noise_cost": 9.703671228735642, "n_waypoints_completed": 9, "tot_waypoints": 9}}
{"target": -169.92769990296983, "params": {"k_pid_pos": [0.9868026083914451, 0.03759613543857652, 0.4617548040082296], "k_pid_alt": [2.0, 0.0035832015367845554, 0.009882364519842165], "k_pid_att": [16.26905808050982, 0.20400701472879143, 0.4545747087804071], "k_pid_yaw": [0.5, 1e-06, 0.1], "k_pid_hsp": [0.30754097108532213, 0.020375867011066282, 0.0], "k_pid_vsp": [197.35666977861447, 133.3577318562579, 2.8520217244008474]}, "datetime": {"datetime": "2025-08-21 14:25:58", "elapsed": 20474.83894586563, "delta": 17.246315002441406}, "costs": {"total_cost": 169.92769990296983, "time_cost": 71.48, "final_distance_cost": 1.843205911682107, "oscillation_cost": 26.829656682390432, "completition_cost": 0.0, "overshoot_cost": 50.16306743972975, "power_cost": 9.502764868164062, "noise_cost": 10.109005001003483, "n_waypoints_completed": 9, "tot_waypoints": 9}}
{"target": -171.39690107882936, "params": {"k_pid_pos": [1.456211273331611, 0.061233164531514395, 0.7783735699429585], "k_pid_alt": [2.0, 0.004228444011560754, 0.007615635684603901], "k_pid_att": [22.437294572112336, 0.13722737244391917, 0.44478171550960277], "k_pid_yaw": [0.5, 1e-06, 0.1], "k_pid_hsp": [0.21455209524089117, 0.0, 0.0], "k_pid_vsp": [203.31261471325908, 299.3884986021944, 1.111959421865792]}, "datetime": {"datetime": "2025-08-21 14:26:14", "elapsed": 20491.08726501465, "delta": 16.248319149017334}, "costs": {"total_cost": 171.39690107882936, "time_cost": 70.152, "final_distance_cost": 1.8333147926070223, "oscillation_cost": 26.707491343414972, "completition_cost": 0.0, "overshoot_cost": 50.18480289701791, "power_cost": 11.407583471679688, "noise_cost": 11.11170857410977, "n_waypoints_completed": 9, "tot_waypoints": 9}}
{"target": -173.40904728204637, "params": {"k_pid_pos": [2.0, 0.08950623956914999, 1.0], "k_pid_alt": [1.8303237762254838, 0.0032880712131869772, 0.01057418083979412], "k_pid_att": [15.655237065326704, 0.20831631559067398, 0.42842969702006495], "k_pid_yaw": [0.5, 1e-06, 0.1], "k_pid_hsp": [0.14874082997762236, 0.010030166786483852, 0.0], "k_pid_vsp": [205.42694624799051, 192.8446910440082, 1.8995235084236697]}, "datetime": {"datetime": "2025-08-21 14:26:30", "elapsed": 20507.109721899033, "delta": 16.022456884384155}, "costs": {"total_cost": 173.40904728204637, "time_cost": 68.904, "final_distance_cost": 1.8223595600434885, "oscillation_cost": 29.254293152244298, "completition_cost": 0.0, "overshoot_cost": 50.61867670054536, "power_cost": 11.764247790527344, "noise_cost": 11.045470078685868, "n_waypoints_completed": 9, "tot_waypoints": 9}}
{"target": -173.37959420456048, "params": {"k_pid_pos": [1.675237827651929, 0.09254340301888864, 1.0], "k_pid_alt": [1.6648376623400178, 0.004261641205897304, 0.010080122245033756], "k_pid_att": [19.81220875768645, 0.26925103805181744, 0.448714855266848], "k_pid_yaw": [0.5, 1e-06, 0.1], "k_pid_hsp": [0.3500999627411762, 0.01763578524717878, 0.0], "k_pid_vsp": [177.58660571536242, 110.75211497626292, 2.2774439719058788]}, "datetime": {"datetime": "2025-08-21 14:26:46", "elapsed": 20523.226346969604, "delta": 16.1166250705719}, "costs": {"total_cost": 173.37959420456048, "time_cost": 70.048, "final_distance_cost": 1.8309320141697107, "oscillation_cost": 27.845222575970347, "completition_cost": 0.0, "overshoot_cost": 50.31014841469705, "power_cost": 12.001601428222656, "noise_cost": 11.34368977150069, "n_waypoints_completed": 9, "tot_waypoints": 9}}
{"target": -174.1044095292893, "params": {"k_pid_pos": [1.5366728885788152, 0.0695307948001822, 0.8866287608172577], "k_pid_alt": [2.0, 0.006030864472699379, 0.013236114157514611], "k_pid_att": [19.139778778407607, 0.34092797879709363, 0.5331729780106997], "k_pid_yaw": [0.5, 1e-06, 0.1], "k_pid_hsp": [0.3021876185895142, 0.015877450502292004, 0.0], "k_pid_vsp": [194.1861388148442, 230.1305040512266, 2.3676344607686857]}, "datetime": {"datetime": "2025-08-21 14:27:03", "elapsed": 20539.867174625397, "delta": 16.640827655792236}, "costs": {"total_cost": 174.1044095292893, "time_cost": 70.04, "final_distance_cost": 1.8366070114704305, "oscillation_cost": 27.92224480142772, "completition_cost": 0.0, "overshoot_cost": 50.377540765233206, "power_cost": 12.382042883300782, "noise_cost": 11.545974067857182, "n_waypoints_completed": 9, "tot_waypoints": 9}}
{"target": -179.9056010418479, "params": {"k_pid_pos": [2.0, 0.05338086965838602, 1.0], "k_pid_alt": [1.7722189996484736, 0.007456973525947719, 0.013668717182932342], "k_pid_att": [26.7873565342917, 0.4054418003883209, 0.30371522586104743], "k_pid_yaw": [0.5, 1e-06, 0.1], "k_pid_hsp": [0.21801748474234625, 0.016379679506555337, 0.0], "k_pid_vsp": [169.0443156867793, 325.34005607986256, 2.6131800231031335]}, "datetime": {"datetime": "2025-08-21 14:27:19", "elapsed": 20556.130301237106, "delta": 16.263126611709595}, "costs": {"total_cost": 179.9056010418479, "time_cost": 69.816, "final_distance_cost": 1.8248017244575931, "oscillation_cost": 30.458784379900816, "completition_cost": 0.0, "overshoot_cost": 50.66207712470573, "power_cost": 14.710631237792969, "noise_cost": 12.433306574990779, "n_waypoints_completed": 9, "tot_waypoints": 9}}
{"target": -182.44591355374789, "params": {"k_pid_pos": [1.0067779342719054, 0.06127827742431321, 0.9727839286020158], "k_pid_alt": [2.0, 0.0032306662841189893, 0.006138933024562151], "k_pid_att": [33.95421939116395, 0.21151499922286096, 0.4911718608069595], "k_pid_yaw": [0.5, 1e-06, 0.1], "k_pid_hsp": [0.24783017014708184, 0.02027884895257265, 0.0], "k_pid_vsp": [282.43757025665525, 182.40131035732273, 1.6139842719348725]}, "datetime": {"datetime": "2025-08-21 14:27:36", "elapsed": 20573.377099990845, "delta": 17.246798753738403}, "costs": {"total_cost": 182.44591355374789, "time_cost": 77.264, "final_distance_cost": 1.846862807273913, "oscillation_cost": 26.70132495564073, "completition_cost": 0.0, "overshoot_cost": 50.81609787275557, "power_cost": 13.190345922851563, "noise_cost": 12.62728199522612, "n_waypoints_completed": 9, "tot_waypoints": 9}}
{"target": -176.6942801826178, "params": {"k_pid_pos": [1.9638459598292919, 0.04587364705502256, 1.0], "k_pid_alt": [2.0, 0.0049499370050274825, 0.012588346614642776], "k_pid_att": [14.837397828379075, 0.15148519017447268, 0.4209674464348245], "k_pid_yaw": [0.5, 1e-06, 0.1], "k_pid_hsp": [0.18488313806507994, 0.016016499154133678, 0.0], "k_pid_vsp": [175.59895396176572, 296.43253776611124, 1.723480812213425]}, "datetime": {"datetime": "2025-08-21 14:27:53", "elapsed": 20589.72064423561, "delta": 16.343544244766235}, "costs": {"total_cost": 176.6942801826178, "time_cost": 69.776, "final_distance_cost": 1.8288712935250737, "oscillation_cost": 29.15834017359262, "completition_cost": 0.0, "overshoot_cost": 50.781790095640226, "power_cost": 13.399415258789062, "noise_cost": 11.749863361070863, "n_waypoints_completed": 9, "tot_waypoints": 9}}
{"target": -176.2396253837436, "params": {"k_pid_pos": [1.852781848160892, 0.0, 1.0], "k_pid_alt": [2.0, 0.006256618400698226, 0.0131034072009876], "k_pid_att": [20.417157008651206, 0.15006405049161195, 0.37437850306097564], "k_pid_yaw": [0.5, 1e-06, 0.1], "k_pid_hsp": [0.21136706613118664, 0.02147124778009286, 0.0], "k_pid_vsp": [280.437402938601, 251.05247449982662, 2.1140746856492094]}, "datetime": {"datetime": "2025-08-21 14:28:09", "elapsed": 20606.360716104507, "delta": 16.640071868896484}, "costs": {"total_cost": 176.2396253837436, "time_cost": 69.968, "final_distance_cost": 1.8405877949247187, "oscillation_cost": 28.453953537053174, "completition_cost": 0.0, "overshoot_cost": 50.58125318622614, "power_cost": 13.47256307373047, "noise_cost": 11.923267791809076, "n_waypoints_completed": 9, "tot_waypoints": 9}}
{"target": -173.85986540642426, "params": {"k_pid_pos": [1.3425306682843055, 0.06537240068716565, 0.9305434523924446], "k_pid_alt": [2.0, 0.0038482192768679886, 0.0027207217132665814], "k_pid_att": [15.508769048447407, 0.23132425828848527, 0.20463471930645513], "k_pid_yaw": [0.5, 1e-06, 0.1], "k_pid_hsp": [0.2766364723030646, 0.013854348725270199, 0.0], "k_pid_vsp": [237.97035234829391, 257.0790376407051, 1.720936254519233]}, "datetime": {"datetime": "2025-08-21 14:28:26", "elapsed": 20622.692356586456, "delta": 16.331640481948853}, "costs": {"total_cost": 173.85986540642426, "time_cost": 71.264, "final_distance_cost": 1.8430502521844978, "oscillation_cost": 26.533975519024484, "completition_cost": 0.0, "overshoot_cost": 50.1116934776789, "power_cost": 12.431118103027345, "noise_cost": 11.67602805450905, "n_waypoints_completed": 9, "tot_waypoints": 9}}
