{"target": -192.1335306831232, "params": {"k_pid_pos": [0.8427201759314978, 0.1659546889684893, 1.0], "k_pid_alt": [1.6827319508991667, 0.007473135193651489, 0.03169442536389258], "k_pid_att": [23.77071441306739, 0.20386493429796645, 0.435588115568428], "k_pid_yaw": [0.5, 1e-06, 0.1], "k_pid_hsp": [0.1412370169707737, 0.010547873991131463, 0.0], "k_pid_vsp": [322.5450337418277, 234.904663597517, 2.1682651324975795]}, "datetime": {"datetime": "2025-08-21 13:24:18", "elapsed": 16774.65873861313, "delta": 19.17541480064392}, "costs": {"total_cost": 192.1335306831232, "time_cost": 81.896, "final_distance_cost": 1.835800449997398, "oscillation_cost": 24.023695877812195, "completition_cost": 0.0, "overshoot_cost": 52.83964308919567, "power_cost": 16.544023889160158, "noise_cost": 14.994367376957806, "n_waypoints_completed": 9, "tot_waypoints": 9}}
{"target": -179.97312661207798, "params": {"k_pid_pos": [2.0, 0.12035106838092723, 1.0], "k_pid_alt": [1.4073494602728065, 0.003521789520119502, 0.0], "k_pid_att": [23.718934635158604, 0.12139978917358824, 0.4383186282664489], "k_pid_yaw": [0.5, 1e-06, 0.1], "k_pid_hsp": [0.07323460328854536, 0.016579867659679354, 0.0], "k_pid_vsp": [171.65842464072423, 214.12071441305463, 1.0880245997831854]}, "datetime": {"datetime": "2025-08-21 13:24:35", "elapsed": 16791.513293027878, "delta": 16.854554414749146}, "costs": {"total_cost": 179.97312661207798, "time_cost": 70.176, "final_distance_cost": 1.80228419547028, "oscillation_cost": 30.277737742149824, "completition_cost": 0.0, "overshoot_cost": 51.47309539037452, "power_cost": 13.962025927734375, "noise_cost": 12.281983356348967, "n_waypoints_completed": 9, "tot_waypoints": 9}}
{"target": -219.06653886199356, "params": {"k_pid_pos": [2.0, 0.1893334494139177, 0.7818594780228603], "k_pid_alt": [2.0, 0.009497918129734934, 0.012518768162578867], "k_pid_att": [14.424908539149817, 0.26126535642129783, 0.5875853476191422], "k_pid_yaw": [0.5, 1e-06, 0.1], "k_pid_hsp": [0.2381699136298788, 0.026232758896084497, 0.0], "k_pid_vsp": [159.91690649857046, 185.87824465212455, 1.3608197364243235]}, "datetime": {"datetime": "2025-08-21 13:24:53", "elapsed": 16810.36741924286, "delta": 18.85412621498108}, "costs": {"total_cost": 219.06653886199356, "time_cost": 81.496, "final_distance_cost": 1.8279920831427696, "oscillation_cost": 33.402311802099504, "completition_cost": 0.0, "overshoot_cost": 59.15546152599018, "power_cost": 21.60245749511719, "noise_cost": 21.582315955643924, "n_waypoints_completed": 9, "tot_waypoints": 9}}
{"target": -185.21910914289745, "params": {"k_pid_pos": [1.1105847264611282, 0.11232108533655671, 1.0], "k_pid_alt": [2.0, 0.005706081686169273, 0.005531369259925495], "k_pid_att": [30.455349459572815, 0.08906549984691185, 0.5029858899190837], "k_pid_yaw": [0.5, 1e-06, 0.1], "k_pid_hsp": [0.14268938159555272, 0.03066418689995311, 0.0], "k_pid_vsp": [82.45385239094638, 273.96871934289453, 2.430871484966642]}, "datetime": {"datetime": "2025-08-21 13:25:11", "elapsed": 16827.533791065216, "delta": 17.166371822357178}, "costs": {"total_cost": 185.21910914289745, "time_cost": 74.568, "final_distance_cost": 1.8517778393379076, "oscillation_cost": 28.881814017882423, "completition_cost": 0.0, "overshoot_cost": 51.42152230137548, "power_cost": 15.160087548828125, "noise_cost": 13.335907435473498, "n_waypoints_completed": 9, "tot_waypoints": 9}}
{"target": -183.87840222825244, "params": {"k_pid_pos": [1.0631611615405216, 0.1529090151950061, 0.8152419341121302], "k_pid_alt": [2.0, 0.007115665309074842, 0.020089043070557835], "k_pid_att": [24.669116475745625, 0.0884931458259322, 0.5081440321383552], "k_pid_yaw": [0.5, 1e-06, 0.1], "k_pid_hsp": [0.4238730164088563, 0.023652969588677474, 0.0], "k_pid_vsp": [161.90561908613225, 280.7772083671383, 1.80660280992696]}, "datetime": {"datetime": "2025-08-21 13:25:28", "elapsed": 16844.830736875534, "delta": 17.296945810317993}, "costs": {"total_cost": 183.87840222825244, "time_cost": 74.256, "final_distance_cost": 1.8428333144508746, "oscillation_cost": 29.11355759257228, "completition_cost": 0.0, "overshoot_cost": 51.41785567773293, "power_cost": 14.107242260742188, "noise_cost": 13.140913382754157, "n_waypoints_completed": 9, "tot_waypoints": 9}}
{"target": -181.92137227283794, "params": {"k_pid_pos": [2.0, 0.02845807884971126, 0.3768069956583442], "k_pid_alt": [1.1943844309628908, 0.0069346581858922805, 0.030606338142995917], "k_pid_att": [15.917337966453266, 0.17809138167094893, 0.19289711083750002], "k_pid_yaw": [0.5, 1e-06, 0.1], "k_pid_hsp": [0.2607618679765664, 0.027715194975200586, 0.0], "k_pid_vsp": [384.4208539124113, 155.87923003069145, 0.7172435917748788]}, "datetime": {"datetime": "2025-08-21 13:25:43", "elapsed": 16860.4298787117, "delta": 15.599141836166382}, "costs": {"total_cost": 181.92137227283794, "time_cost": 69.408, "final_distance_cost": 1.7724717212194359, "oscillation_cost": 32.567448294065755, "completition_cost": 0.0, "overshoot_cost": 50.82386063984313, "power_cost": 14.848011437988282, "noise_cost": 12.501580179721351, "n_waypoints_completed": 9, "tot_waypoints": 9}}
{"target": -167.20646718088798, "params": {"k_pid_pos": [1.422540898000423, 0.09122873784240598, 0.9937048368198242], "k_pid_alt": [2.0, 0.004460325275318128, 0.012083433578898248], "k_pid_att": [25.798586070508247, 0.27443356764100674, 0.4236683597858623], "k_pid_yaw": [0.5, 1e-06, 0.1], "k_pid_hsp": [0.2922813932392032, 0.013203458959967385, 0.0], "k_pid_vsp": [254.85391238810396, 174.85089415011376, 2.7491210968678588]}, "datetime": {"datetime": "2025-08-21 13:26:00", "elapsed": 16876.962782859802, "delta": 16.532904148101807}, "costs": {"total_cost": 167.20646718088798, "time_cost": 70.584, "final_distance_cost": 1.8433723333317702, "oscillation_cost": 26.518530554459392, "completition_cost": 0.0, "overshoot_cost": 50.02675316516258, "power_cost": 8.625679016113281, "noise_cost": 9.608132111820973, "n_waypoints_completed": 9, "tot_waypoints": 9}}
{"target": -178.8560909693227, "params": {"k_pid_pos": [1.4076879811416534, 0.1217384065650914, 0.30605009628207563], "k_pid_alt": [1.0835020119890713, 0.006071663438544843, 0.0], "k_pid_att": [27.717553862194865, 0.14916958635418634, 0.5099746935887745], "k_pid_yaw": [0.5, 1e-06, 0.1], "k_pid_hsp": [0.1609628461069205, 0.017829916052076705, 0.0], "k_pid_vsp": [116.01433045026431, 200.86485674761556, 2.2714099970545694]}, "datetime": {"datetime": "2025-08-21 13:26:18", "elapsed": 16894.624682426453, "delta": 17.66189956665039}, "costs": {"total_cost": 178.8560909693227, "time_cost": 70.032, "final_distance_cost": 1.7899532412872712, "oscillation_cost": 30.686756687234936, "completition_cost": 0.0, "overshoot_cost": 50.20456236250606, "power_cost": 14.175077795410157, "noise_cost": 11.967740882884291, "n_waypoints_completed": 9, "tot_waypoints": 9}}
{"target": -174.00579209365534, "params": {"k_pid_pos": [1.5569957502697258, 0.053301189583991306, 0.8615311214974395], "k_pid_alt": [1.4502470285280855, 0.002692402119197052, 0.032209991995874133], "k_pid_att": [54.37823816656228, 0.15070820074087138, 0.5851493162774475], "k_pid_yaw": [0.5, 1e-06, 0.1], "k_pid_hsp": [0.08221668994599078, 0.02474088589924583, 0.0], "k_pid_vsp": [299.1810554664559, 231.35076613902663, 1.795042710420106]}, "datetime": {"datetime": "2025-08-21 13:26:34", "elapsed": 16910.64364171028, "delta": 16.018959283828735}, "costs": {"total_cost": 174.00579209365534, "time_cost": 69.944, "final_distance_cost": 1.8278383518799939, "oscillation_cost": 29.435366833000224, "completition_cost": 0.0, "overshoot_cost": 50.99376235886051, "power_cost": 11.011363305664062, "noise_cost": 10.793461244250542, "n_waypoints_completed": 9, "tot_waypoints": 9}}
{"target": -170.29113907758614, "params": {"k_pid_pos": [1.3760962270628128, 0.07893104563446975, 1.0], "k_pid_alt": [2.0, 0.008175379518206386, 0.009415194472546287], "k_pid_att": [24.713777344747523, 0.26717502028109746, 0.4204170222601283], "k_pid_yaw": [0.5, 1e-06, 0.1], "k_pid_hsp": [0.24955425912865312, 0.025078572867026045, 0.0], "k_pid_vsp": [280.61953156791117, 1e-06, 1.5346149862580845]}, "datetime": {"datetime": "2025-08-21 13:26:51", "elapsed": 16928.119669675827, "delta": 17.476027965545654}, "costs": {"total_cost": 170.29113907758614, "time_cost": 72.744, "final_distance_cost": 1.8366264550605005, "oscillation_cost": 26.61562784096803, "completition_cost": 0.0, "overshoot_cost": 51.125860325019914, "power_cost": 8.257139367675782, "noise_cost": 9.711885088861894, "n_waypoints_completed": 9, "tot_waypoints": 9}}
{"target": -2557.2853645540054, "params": {"k_pid_pos": [1.5267887225483634, 0.11728639183730227, 1.0], "k_pid_alt": [1.8638503404613591, 0.006125775884513347, 0.002555911852632854], "k_pid_att": [0.0, 0.19354011476721275, 0.39018400114150364], "k_pid_yaw": [0.5, 1e-06, 0.1], "k_pid_hsp": [0.24725739174535574, 0.013558061721719514, 0.0], "k_pid_vsp": [32.59723247582247, 264.6627252630451, 2.162247019246894]}, "datetime": {"datetime": "2025-08-21 13:27:15", "elapsed": 16952.277322769165, "delta": 24.157653093338013}, "costs": {"total_cost": 2557.2853645540054, "time_cost": 150, "final_distance_cost": 304.7695362455409, "oscillation_cost": 416.5834562074951, "completition_cost": 1000.0, "overshoot_cost": 563.0354680831276, "power_cost": 34.1853705078125, "noise_cost": 88.71153351002933, "n_waypoints_completed": 0, "tot_waypoints": 9}}
{"target": -173.49301324647277, "params": {"k_pid_pos": [1.2940258791429464, 0.04422391351081594, 1.0], "k_pid_alt": [1.5100172331043933, 0.007102923132250565, 0.015167445056194556], "k_pid_att": [31.072461477271798, 0.21190925096889202, 0.5940474111925352], "k_pid_yaw": [0.5, 1e-06, 0.1], "k_pid_hsp": [0.28451704668689687, 0.01889954845549741, 0.0], "k_pid_vsp": [138.15242204226817, 154.2774106938541, 2.479725049795477]}, "datetime": {"datetime": "2025-08-21 13:27:33", "elapsed": 16969.4870929718, "delta": 17.20977020263672}, "costs": {"total_cost": 173.49301324647277, "time_cost": 73.464, "final_distance_cost": 1.8535719267880786, "oscillation_cost": 27.8061843395242, "completition_cost": 0.0, "overshoot_cost": 49.616853074568155, "power_cost": 9.987419201660156, "noise_cost": 10.764984703932178, "n_waypoints_completed": 9, "tot_waypoints": 9}}
{"target": -185.40105790803906, "params": {"k_pid_pos": [0.8717062342925658, 0.07131776517695616, 1.0], "k_pid_alt": [2.0, 0.006018961091197354, 0.007106169236752123], "k_pid_att": [28.1148659384164, 0.22926155918736255, 0.6878320211934815], "k_pid_yaw": [0.5, 1e-06, 0.1], "k_pid_hsp": [0.24556344552554635, 0.02675340968288308, 0.0], "k_pid_vsp": [325.8482133592675, 284.5317764309186, 0.932516289540604]}, "datetime": {"datetime": "2025-08-21 13:27:51", "elapsed": 16987.460755348206, "delta": 17.97366237640381}, "costs": {"total_cost": 185.40105790803906, "time_cost": 79.8, "final_distance_cost": 1.848883936016431, "oscillation_cost": 26.229034442415582, "completition_cost": 0.0, "overshoot_cost": 50.81248810049315, "power_cost": 13.216569409179687, "noise_cost": 13.494082019934204, "n_waypoints_completed": 9, "tot_waypoints": 9}}
{"target": -177.45478078125035, "params": {"k_pid_pos": [1.3451764224215301, 0.0700450495767399, 1.0], "k_pid_alt": [1.966717462983822, 0.0029494556989035046, 0.02149504334225413], "k_pid_att": [16.704371244286076, 0.2689814661861893, 0.4820698776997297], "k_pid_yaw": [0.5, 1e-06, 0.1], "k_pid_hsp": [0.20216519378688735, 0.016312162839369673, 0.0], "k_pid_vsp": [310.6790703746042, 275.0958685988917, 1.4593288323610836]}, "datetime": {"datetime": "2025-08-21 13:28:07", "elapsed": 17004.188308238983, "delta": 16.727552890777588}, "costs": {"total_cost": 177.45478078125035, "time_cost": 72.08800000000001, "final_distance_cost": 1.8471435661435462, "oscillation_cost": 27.22180828801358, "completition_cost": 0.0, "overshoot_cost": 50.85608014033036, "power_cost": 13.051951049804687, "noise_cost": 12.389797736958151, "n_waypoints_completed": 9, "tot_waypoints": 9}}
{"target": -1141.151324283748, "params": {"k_pid_pos": [2.0, 0.11820603425498775, 0.48537770500981425], "k_pid_alt": [0.7466652260525489, 0.005822172073909066, 0.008684944398485099], "k_pid_att": [21.204093467215685, 0.19933363922873606, 0.2593436217778922], "k_pid_yaw": [0.5, 1e-06, 0.1], "k_pid_hsp": [0.0001, 0.04067722959804251, 0.0], "k_pid_vsp": [168.14655897921088, 223.44674793669387, 1.2091660564925786]}, "datetime": {"datetime": "2025-08-21 13:28:30", "elapsed": 17027.444714307785, "delta": 23.25640606880188}, "costs": {"total_cost": 1141.151324283748, "time_cost": 150, "final_distance_cost": 91.46733129281445, "oscillation_cost": 22.457862087436276, "completition_cost": 777.7777777777778, "overshoot_cost": 78.63616805836095, "power_cost": 9.844383239746094, "noise_cost": 10.967801827612522, "n_waypoints_completed": 2, "tot_waypoints": 9}}
{"target": -364.38300071317974, "params": {"k_pid_pos": [0.3932323765871694, 0.11107249818883473, 0.8937897039050142], "k_pid_alt": [1.9624110192385913, 0.004838756347073908, 0.004405952363988986], "k_pid_att": [31.64705977952715, 0.1337408013351634, 0.359754554086887], "k_pid_yaw": [0.5, 1e-06, 0.1], "k_pid_hsp": [0.15772668776937132, 0.024933252978983616, 0.0], "k_pid_vsp": [251.21903249627488, 189.8223280852353, 1.6056568664614]}, "datetime": {"datetime": "2025-08-21 13:28:53", "elapsed": 17050.28626561165, "delta": 22.841551303863525}, "costs": {"total_cost": 364.38300071317974, "time_cost": 150, "final_distance_cost": 4.0021706082724355, "oscillation_cost": 18.93578038072785, "completition_cost": 111.11111111111116, "overshoot_cost": 56.52756617006362, "power_cost": 10.59828426513672, "noise_cost": 13.208088177867982, "n_waypoints_completed": 8, "tot_waypoints": 9}}
{"target": -176.22757070386635, "params": {"k_pid_pos": [2.0, 0.0319078159424394, 1.0], "k_pid_alt": [2.0, 0.0025992968296183494, 0.01310358632093859], "k_pid_att": [32.02852272175709, 0.16741422912457635, 0.5407531022577049], "k_pid_yaw": [0.5, 1e-06, 0.1], "k_pid_hsp": [0.3127912610566832, 0.022588054418930026, 0.0], "k_pid_vsp": [116.7612632762144, 179.54793053572425, 2.0284943738038677]}, "datetime": {"datetime": "2025-08-21 13:29:10", "elapsed": 17066.67685365677, "delta": 16.39058804512024}, "costs": {"total_cost": 176.22757070386635, "time_cost": 69.648, "final_distance_cost": 1.8449355385462325, "oscillation_cost": 29.87721419739654, "completition_cost": 0.0, "overshoot_cost": 50.133661949776496, "power_cost": 12.994131274414062, "noise_cost": 11.72962774373303, "n_waypoints_completed": 9, "tot_waypoints": 9}}
{"target": -176.52642866326755, "params": {"k_pid_pos": [2.0, 0.09409126536846828, 0.9196816427011408], "k_pid_alt": [2.0, 0.004860413970292928, 0.00919629441622723], "k_pid_att": [21.954437896735936, 0.16801344771506113, 0.44291402953141396], "k_pid_yaw": [0.5, 1e-06, 0.1], "k_pid_hsp": [0.18023521604575318, 0.03672031544538138, 0.0], "k_pid_vsp": [267.02220499184403, 226.60236233075724, 1.8738324292986288]}, "datetime": {"datetime": "2025-08-21 13:29:26", "elapsed": 17082.811283111572, "delta": 16.134429454803467}, "costs": {"total_cost": 176.52642866326755, "time_cost": 69.408, "final_distance_cost": 1.8274667015056674, "oscillation_cost": 29.495965503807962, "completition_cost": 0.0, "overshoot_cost": 50.018256032946546, "power_cost": 13.676825341796876, "noise_cost": 12.099915083210496, "n_waypoints_completed": 9, "tot_waypoints": 9}}
{"target": -169.57128408779278, "params": {"k_pid_pos": [1.496467145693073, 0.06700036391876966, 0.6328933248655282], "k_pid_alt": [1.8335295669282878, 0.004312792922403262, 0.005063869679703572], "k_pid_att": [28.707060005630098, 0.20105034763865373, 0.3763008302359916], "k_pid_yaw": [0.5, 1e-06, 0.1], "k_pid_hsp": [0.16148082943425235, 0.021096647863190984, 0.0], "k_pid_vsp": [260.7382922072018, 283.219656546097, 1e-06]}, "datetime": {"datetime": "2025-08-21 13:29:42", "elapsed": 17098.49941587448, "delta": 15.688132762908936}, "costs": {"total_cost": 169.57128408779278, "time_cost": 68.70400000000001, "final_distance_cost": 1.8337307583101856, "oscillation_cost": 29.08766606528266, "completition_cost": 0.0, "overshoot_cost": 49.306686795173, "power_cost": 10.35770721435547, "noise_cost": 10.281493254671469, "n_waypoints_completed": 9, "tot_waypoints": 9}}
{"target": -189.02503033137722, "params": {"k_pid_pos": [1.8489838525913591, 0.03872507275829353, 0.8078098961354779], "k_pid_alt": [1.8159332199191913, 0.0054313556482259865, 0.011251518779784484], "k_pid_att": [24.440576443650382, 0.326363666144675, 0.31571222435050367], "k_pid_yaw": [0.5, 1e-06, 0.1], "k_pid_hsp": [0.28248630857482643, 0.021434367145753048, 0.0], "k_pid_vsp": [190.26212618316313, 294.6731375959021, 2.0233422614119663]}, "datetime": {"datetime": "2025-08-21 13:29:59", "elapsed": 17115.55175447464, "delta": 17.05233860015869}, "costs": {"total_cost": 189.02503033137722, "time_cost": 71.984, "final_distance_cost": 1.8264706437846947, "oscillation_cost": 32.046740665046045, "completition_cost": 0.0, "overshoot_cost": 52.087179178900655, "power_cost": 17.091408264160158, "noise_cost": 13.989231579485716, "n_waypoints_completed": 9, "tot_waypoints": 9}}
{"target": -177.54149802607503, "params": {"k_pid_pos": [1.5250294002740599, 0.09203441363161614, 1.0], "k_pid_alt": [2.0, 0.005859271384858178, 0.0], "k_pid_att": [23.780659238838172, 0.1322733318394902, 0.5043428584554147], "k_pid_yaw": [0.5, 1e-06, 0.1], "k_pid_hsp": [0.40055604402082107, 0.037641651651520634, 0.0], "k_pid_vsp": [132.5097879523475, 270.1253221237946, 1.873538037193903]}, "datetime": {"datetime": "2025-08-21 13:30:15", "elapsed": 17131.593852043152, "delta": 16.042097568511963}, "costs": {"total_cost": 177.54149802607503, "time_cost": 70.56, "final_distance_cost": 1.8444310123886272, "oscillation_cost": 29.641792270979867, "completition_cost": 0.0, "overshoot_cost": 50.54957785431516, "power_cost": 13.142811535644531, "noise_cost": 11.802885352746843, "n_waypoints_completed": 9, "tot_waypoints": 9}}
{"target": -186.96009425608614, "params": {"k_pid_pos": [1.1358655915301095, 0.13032931539753573, 0.8832442118472706], "k_pid_alt": [1.1330564924667792, 0.0060204714242059745, 0.012849156651049486], "k_pid_att": [24.029129093289356, 0.061920767173238224, 0.0], "k_pid_yaw": [0.5, 1e-06, 0.1], "k_pid_hsp": [0.21676507812216972, 0.04124267637437457, 0.0], "k_pid_vsp": [32.99533236907382, 215.60266557991613, 2.0300548993906067]}, "datetime": {"datetime": "2025-08-21 13:30:32", "elapsed": 17149.14048576355, "delta": 17.54663372039795}, "costs": {"total_cost": 186.96009425608614, "time_cost": 73.712, "final_distance_cost": 1.8486830524967621, "oscillation_cost": 34.31250231464989, "completition_cost": 0.0, "overshoot_cost": 49.9505893510959, "power_cost": 14.170493603515625, "noise_cost": 12.965825934327942, "n_waypoints_completed": 9, "tot_waypoints": 9}}
{"target": -173.86234346863807, "params": {"k_pid_pos": [1.4845083918125808, 0.09400163951095537, 0.9339470494166625], "k_pid_alt": [1.4424251346811268, 0.0046197355923827945, 0.013179459360834783], "k_pid_att": [33.004443617755136, 0.1633668928719727, 0.47605530550849684], "k_pid_yaw": [0.5, 1e-06, 0.1], "k_pid_hsp": [0.30948523777463727, 0.010094118859344041, 0.0], "k_pid_vsp": [242.22209833442955, 214.73298349674874, 1.8153069385224]}, "datetime": {"datetime": "2025-08-21 13:30:49", "elapsed": 17165.718230485916, "delta": 16.577744722366333}, "costs": {"total_cost": 173.86234346863807, "time_cost": 70.4, "final_distance_cost": 1.8462770541194293, "oscillation_cost": 27.56344556173149, "completition_cost": 0.0, "overshoot_cost": 49.98693809850345, "power_cost": 12.318253247070313, "noise_cost": 11.74742950721339, "n_waypoints_completed": 9, "tot_waypoints": 9}}
{"target": -179.9763108228175, "params": {"k_pid_pos": [1.4084153089170997, 0.07590023110984477, 0.668757860288463], "k_pid_alt": [1.151385482064849, 0.006945114536758047, 0.008624029160538955], "k_pid_att": [10.169483304060437, 0.18521650915148194, 0.5914332523346858], "k_pid_yaw": [0.5, 1e-06, 0.1], "k_pid_hsp": [0.26670356584001786, 0.029165972620068092, 0.0], "k_pid_vsp": [306.1196455024133, 267.9940525830596, 0.9877586885569273]}, "datetime": {"datetime": "2025-08-21 13:31:05", "elapsed": 17181.79276061058, "delta": 16.074530124664307}, "costs": {"total_cost": 179.9763108228175, "time_cost": 70.624, "final_distance_cost": 1.8387275468804998, "oscillation_cost": 29.815056967433318, "completition_cost": 0.0, "overshoot_cost": 50.71674342091844, "power_cost": 14.385294470214845, "noise_cost": 12.596488417370399, "n_waypoints_completed": 9, "tot_waypoints": 9}}
{"target": -179.68369907632515, "params": {"k_pid_pos": [1.7340134484563163, 0.021259551294406178, 1.0], "k_pid_alt": [2.0, 0.005647743132182217, 0.011031137567573665], "k_pid_att": [18.13214218217221, 0.20057724956209375, 0.37085213091316466], "k_pid_yaw": [0.5, 1e-06, 0.1], "k_pid_hsp": [0.1563691899119869, 0.011482992883075019, 0.0], "k_pid_vsp": [62.42980853376438, 323.73736729984086, 2.3471116421085623]}, "datetime": {"datetime": "2025-08-21 13:31:21", "elapsed": 17198.080020666122, "delta": 16.287260055541992}, "costs": {"total_cost": 179.68369907632515, "time_cost": 70.168, "final_distance_cost": 1.836731277703949, "oscillation_cost": 31.059120997484975, "completition_cost": 0.0, "overshoot_cost": 50.70288025650772, "power_cost": 13.890988195800782, "noise_cost": 12.025978348827731, "n_waypoints_completed": 9, "tot_waypoints": 9}}
