{"target": -745.3889049816454, "params": {"k_pid_pos": [1.8390395715496328, 0.14200189843980704, 0.38378089289542766], "k_pid_alt": [0.4250265998276303, 0.0680354820215038, 0.29412453297137114], "k_pid_att": [70.34059849855812, 0.0001, 0.3395313553972172], "k_pid_yaw": [0.5, 1e-06, 0.1], "k_pid_hsp": [4.059804181485997, 0.24674031502109064, 0.08318114878326281], "k_pid_vsp": [12.16561258174221, 1e-06, 3.382419045081902]}, "datetime": {"datetime": "2025-08-21 09:19:23", "elapsed": 2080.2113251686096, "delta": 28.787040948867798}, "costs": {"total_cost": 745.3889049816454, "time_cost": 150, "final_distance_cost": 67.61037061064611, "oscillation_cost": 103.82411820840429, "completition_cost": 333.33333333333337, "overshoot_cost": 51.99353357719652, "power_cost": 21.0251369140625, "noise_cost": 17.60241233800251, "n_waypoints_completed": 6, "tot_waypoints": 9}}
{"target": -237.17666262404802, "params": {"k_pid_pos": [2.0, 0.1947889184094382, 0.1981774043681723], "k_pid_alt": [0.9340421474296349, 0.43759000563776485, 0.6128132928244034], "k_pid_att": [39.381085712613576, 0.45800602412718905, 1.0], "k_pid_yaw": [0.5, 1e-06, 0.1], "k_pid_hsp": [3.1727015628641233, 0.13577362228410414, 0.0], "k_pid_vsp": [113.88148205121843, 204.66490748103033, 70.74555483962119]}, "datetime": {"datetime": "2025-08-21 09:19:48", "elapsed": 2105.36061835289, "delta": 25.149293184280396}, "costs": {"total_cost": 237.17666262404802, "time_cost": 91.168, "final_distance_cost": 1.7168827641696056, "oscillation_cost": 55.82596516405838, "completition_cost": 0.0, "overshoot_cost": 54.349471184272026, "power_cost": 19.18073631591797, "noise_cost": 14.93560719563001, "n_waypoints_completed": 9, "tot_waypoints": 9}}
{"target": -1236.9283800699804, "params": {"k_pid_pos": [0.0001, 0.06349895401792546, 0.2755150939664077], "k_pid_alt": [0.6090544394706312, 1.0, 0.06765769166490644], "k_pid_att": [45.537382549832365, 1.4886479879305583, 0.5224210850287254], "k_pid_yaw": [0.5, 1e-06, 0.1], "k_pid_hsp": [2.6847663438543132, 0.11086369902604291, 0.006460777315503717], "k_pid_vsp": [115.06572544443212, 99.20446764195164, 40.734724008338524]}, "datetime": {"datetime": "2025-08-21 09:20:14", "elapsed": 2130.4915130138397, "delta": 25.130894660949707}, "costs": {"total_cost": 1236.9283800699804, "time_cost": 150, "final_distance_cost": 52.45687296321255, "oscillation_cost": 24.104790376001958, "completition_cost": 888.8888888888888, "overshoot_cost": 91.59099903439814, "power_cost": 17.03233876953125, "noise_cost": 12.854490037947787, "n_waypoints_completed": 1, "tot_waypoints": 9}}
{"target": -322.9944280681268, "params": {"k_pid_pos": [2.0, 0.39099121391969627, 0.3180026680556025], "k_pid_alt": [1.6896055038969238, 0.4191816783806708, 0.5602323382267497], "k_pid_att": [47.37260897745413, 3.2473289218461368, 0.18571231266770594], "k_pid_yaw": [0.5, 1e-06, 0.1], "k_pid_hsp": [3.2640984220499085, 0.18890808902414422, 0.03758035590090989], "k_pid_vsp": [346.4571714728286, 254.13682186987526, 176.28831292550692]}, "datetime": {"datetime": "2025-08-21 09:20:37", "elapsed": 2154.4463946819305, "delta": 23.95488166809082}, "costs": {"total_cost": 322.9944280681268, "time_cost": 81.432, "final_distance_cost": 1.7225135652523398, "oscillation_cost": 154.86096442198973, "completition_cost": 0.0, "overshoot_cost": 54.96850825519123, "power_cost": 17.13099881591797, "noise_cost": 12.879443009775512, "n_waypoints_completed": 9, "tot_waypoints": 9}}
{"target": -831.828369514884, "params": {"k_pid_pos": [1.6053975096341062, 0.3799202099028134, 0.39948223334290317], "k_pid_alt": [1.5432254678859654, 0.19588407933953353, 0.7126733857006405], "k_pid_att": [64.48663300452692, 1.075636980678283, 0.9278026627839373], "k_pid_yaw": [0.5, 1e-06, 0.1], "k_pid_hsp": [0.0001, 0.10357230624646828, 0.02731100825841085], "k_pid_vsp": [16.54370142575098, 1e-06, 1e-06]}, "datetime": {"datetime": "2025-08-21 09:21:04", "elapsed": 2180.7809665203094, "delta": 26.334571838378906}, "costs": {"total_cost": 831.828369514884, "time_cost": 150, "final_distance_cost": 55.95363461049344, "oscillation_cost": 73.47759613338198, "completition_cost": 444.4444444444444, "overshoot_cost": 66.30333207108285, "power_cost": 23.616475720214844, "noise_cost": 18.03288653526659, "n_waypoints_completed": 5, "tot_waypoints": 9}}
{"target": -213.8746864726145, "params": {"k_pid_pos": [2.0, 0.2702795744202717, 0.4186034282793554], "k_pid_alt": [1.6962819254095611, 0.11161218087489848, 0.3279709038185519], "k_pid_att": [82.82645813529513, 0.5555061897571782, 0.6936557745148054], "k_pid_yaw": [0.5, 1e-06, 0.1], "k_pid_hsp": [1.4031354463403545, 0.15791178230568753, 0.0], "k_pid_vsp": [0.0, 400.0, 7.056541902310509]}, "datetime": {"datetime": "2025-08-21 09:21:28", "elapsed": 2204.7490367889404, "delta": 23.96807026863098}, "costs": {"total_cost": 213.8746864726145, "time_cost": 76.76, "final_distance_cost": 1.7807261462103707, "oscillation_cost": 55.15650485410484, "completition_cost": 0.0, "overshoot_cost": 51.961888328981594, "power_cost": 16.37596522216797, "noise_cost": 11.839601921149754, "n_waypoints_completed": 9, "tot_waypoints": 9}}
{"target": -1702.932854732814, "params": {"k_pid_pos": [2.0, 0.8108932832540862, 0.07508264186127062], "k_pid_alt": [1.3399678528533265, 0.08880846130642583, 0.372168306953305], "k_pid_att": [70.19841113979795, 0.0001, 0.5300142570161502], "k_pid_yaw": [0.5, 1e-06, 0.1], "k_pid_hsp": [0.0001, 0.0, 0.21901108622013066], "k_pid_vsp": [201.7253952922513, 271.5361584348516, 24.792393248562828]}, "datetime": {"datetime": "2025-08-21 09:21:53", "elapsed": 2230.0665879249573, "delta": 25.317551136016846}, "costs": {"total_cost": 1702.932854732814, "time_cost": 150, "final_distance_cost": 56.71356778550124, "oscillation_cost": 374.91876838553753, "completition_cost": 1000.0, "overshoot_cost": 80.46364224959896, "power_cost": 23.432895373535157, "noise_cost": 17.40398093864103, "n_waypoints_completed": 0, "tot_waypoints": 9}}
{"target": -841.6281404949392, "params": {"k_pid_pos": [1.1354170366812815, 0.5501467486360653, 0.4628372732337536], "k_pid_alt": [0.675804205918447, 0.6394349264066089, 0.3454851180190414], "k_pid_att": [42.973720559198966, 1.9616246873689924, 0.7357205707334837], "k_pid_yaw": [0.5, 1e-06, 0.1], "k_pid_hsp": [6.3936352274164845, 0.09252682630698637, 0.0746757532022848], "k_pid_vsp": [306.7336616688643, 102.69258503476289, 168.74567082447624]}, "datetime": {"datetime": "2025-08-21 09:22:23", "elapsed": 2259.672422885895, "delta": 29.6058349609375}, "costs": {"total_cost": 841.6281404949392, "time_cost": 150, "final_distance_cost": 77.35301380111203, "oscillation_cost": 197.4092163752408, "completition_cost": 333.33333333333337, "overshoot_cost": 50.82682510083603, "power_cost": 18.453142822265626, "noise_cost": 14.25260906215148, "n_waypoints_completed": 6, "tot_waypoints": 9}}
{"target": -1690.5941020333144, "params": {"k_pid_pos": [1.7609818805638213, 0.2621439458355435, 0.2876291573092363], "k_pid_alt": [1.8708229686516848, 0.3168004178866724, 0.5527120278353713], "k_pid_att": [36.93536038829762, 1.819150301496143, 0.0], "k_pid_yaw": [0.5, 1e-06, 0.1], "k_pid_hsp": [3.5277040604759207, 0.0, 0.07323158259868857], "k_pid_vsp": [0.0, 89.04300191153447, 95.06405986726948]}, "datetime": {"datetime": "2025-08-21 09:22:48", "elapsed": 2285.096311569214, "delta": 25.423888683319092}, "costs": {"total_cost": 1690.5941020333144, "time_cost": 150, "final_distance_cost": 59.13746442285324, "oscillation_cost": 412.7418137307016, "completition_cost": 888.8888888888888, "overshoot_cost": 108.51516332417665, "power_cost": 22.956520825195312, "noise_cost": 48.354250841498626, "n_waypoints_completed": 1, "tot_waypoints": 9}}
{"target": -4363.411574141918, "params": {"k_pid_pos": [1.7819795299363157, 0.2845249529494971, 0.15818023273185103], "k_pid_alt": [1.214189284099185, 0.11540217396721646, 0.474318493436331], "k_pid_att": [0.0, 0.0001, 0.8295528172621922], "k_pid_yaw": [0.5, 1e-06, 0.1], "k_pid_hsp": [2.243260784994151, 0.094591699739622, 0.1311501337894644], "k_pid_vsp": [284.45968156726525, 52.85725921519887, 33.3470095469708]}, "datetime": {"datetime": "2025-08-21 09:23:17", "elapsed": 2314.304719686508, "delta": 29.20840811729431}, "costs": {"total_cost": 4363.411574141918, "time_cost": 150, "final_distance_cost": 1250.7891970632038, "oscillation_cost": 1.4604178770516907, "completition_cost": 1000.0, "overshoot_cost": 1926.8029326131746, "power_cost": 20.031195434570314, "noise_cost": 14.32783115391664, "n_waypoints_completed": 0, "tot_waypoints": 9}}
{"target": -204.2144068343016, "params": {"k_pid_pos": [1.1771187923252857, 0.5337181213711789, 0.9114083710120443], "k_pid_alt": [1.0175536794787245, 0.0, 0.39746343836178294], "k_pid_att": [34.58554619051519, 0.0001, 0.5709140918368165], "k_pid_yaw": [0.5, 1e-06, 0.1], "k_pid_hsp": [5.754667963629887, 0.4718867646962331, 0.0], "k_pid_vsp": [145.7914656579112, 248.05184297453005, 12.023852921991589]}, "datetime": {"datetime": "2025-08-21 09:23:38", "elapsed": 2334.58846282959, "delta": 20.283743143081665}, "costs": {"total_cost": 204.2144068343016, "time_cost": 78.328, "final_distance_cost": 1.8048634472132612, "oscillation_cost": 45.028890630592436, "completition_cost": 0.0, "overshoot_cost": 49.84933788739596, "power_cost": 16.30056062011719, "noise_cost": 12.90275424898275, "n_waypoints_completed": 9, "tot_waypoints": 9}}
{"target": -452.10488071049673, "params": {"k_pid_pos": [1.5010193230347249, 0.3844151223316445, 0.49079683396486623], "k_pid_alt": [1.078211258741182, 1.0, 0.6499563325088804], "k_pid_att": [4.744437821281589, 0.09725460287776666, 0.1725273367581167], "k_pid_yaw": [0.5, 1e-06, 0.1], "k_pid_hsp": [0.38927318275498135, 0.08941125309393351, 0.010039338086832793], "k_pid_vsp": [40.82343882475033, 173.41531134752407, 1e-06]}, "datetime": {"datetime": "2025-08-21 09:24:05", "elapsed": 2361.706588745117, "delta": 27.118125915527344}, "costs": {"total_cost": 452.10488071049673, "time_cost": 150, "final_distance_cost": 47.785307677294114, "oscillation_cost": 61.60676849013301, "completition_cost": 111.11111111111116, "overshoot_cost": 53.37084649858688, "power_cost": 14.576525842285157, "noise_cost": 13.654321091086421, "n_waypoints_completed": 8, "tot_waypoints": 9}}
{"target": -493.592604639431, "params": {"k_pid_pos": [0.6222164681632156, 0.19831318570527048, 0.0], "k_pid_alt": [0.6042654101133066, 0.6742943665546343, 0.7950546134690031], "k_pid_att": [41.531849506287976, 0.8065710003214019, 0.6749637447608722], "k_pid_yaw": [0.5, 1e-06, 0.1], "k_pid_hsp": [6.1368753343461675, 0.07477087322276414, 0.046099073948865955], "k_pid_vsp": [124.77409514543244, 117.14650139518879, 83.38049486951493]}, "datetime": {"datetime": "2025-08-21 09:24:38", "elapsed": 2395.2081961631775, "delta": 33.5016074180603}, "costs": {"total_cost": 493.592604639431, "time_cost": 150, "final_distance_cost": 64.6651979135985, "oscillation_cost": 88.14442589316974, "completition_cost": 111.11111111111116, "overshoot_cost": 51.320756432927304, "power_cost": 15.867800073242188, "noise_cost": 12.483313215382175, "n_waypoints_completed": 8, "tot_waypoints": 9}}
{"target": -1228.4084907113088, "params": {"k_pid_pos": [1.290205458049758, 0.08301764302623534, 0.949452263170261], "k_pid_alt": [0.9085317343889407, 0.7305394510291313, 0.8830005487997523], "k_pid_att": [51.293716567049245, 0.0001, 0.9162072698969977], "k_pid_yaw": [0.5, 1e-06, 0.1], "k_pid_hsp": [0.0001, 0.3278088401204236, 0.0], "k_pid_vsp": [126.15242534822632, 244.96791129110818, 70.56692500505548]}, "datetime": {"datetime": "2025-08-21 09:25:04", "elapsed": 2421.2318136692047, "delta": 26.02361750602722}, "costs": {"total_cost": 1228.4084907113088, "time_cost": 150, "final_distance_cost": 92.88907085039422, "oscillation_cost": 115.91999540752717, "completition_cost": 777.7777777777778, "overshoot_cost": 70.77233788787204, "power_cost": 11.082654760742187, "noise_cost": 9.966654026995343, "n_waypoints_completed": 2, "tot_waypoints": 9}}
{"target": -959.9604699765039, "params": {"k_pid_pos": [1.4839605848013964, 0.07786499100590838, 0.17268776395649868], "k_pid_alt": [0.11631904355582923, 0.0, 0.2498638498072312], "k_pid_att": [41.05774303669862, 0.0001, 0.5539203075235589], "k_pid_yaw": [0.5, 1e-06, 0.1], "k_pid_hsp": [3.8825643786863524, 0.0, 0.0], "k_pid_vsp": [91.53905410389082, 174.3667959742265, 5.588833258222077]}, "datetime": {"datetime": "2025-08-21 09:25:33", "elapsed": 2450.0006289482117, "delta": 28.768815279006958}, "costs": {"total_cost": 959.9604699765039, "time_cost": 150, "final_distance_cost": 53.57048691018837, "oscillation_cost": 17.829501679509434, "completition_cost": 666.6666666666667, "overshoot_cost": 43.27142817139378, "power_cost": 14.867082287597658, "noise_cost": 13.75530426114778, "n_waypoints_completed": 3, "tot_waypoints": 9}}
{"target": -581.5968561314236, "params": {"k_pid_pos": [2.0, 0.24496717119124897, 0.4257066904954072], "k_pid_alt": [1.8042495827905924, 0.2051491631410204, 0.262936540188483], "k_pid_att": [17.649089604339174, 1.5536945697505835, 1.0], "k_pid_yaw": [0.5, 1e-06, 0.1], "k_pid_hsp": [4.3827161999411715, 0.219252705166175, 0.0], "k_pid_vsp": [40.147690235509366, 274.8258082232399, 26.29179633302266]}, "datetime": {"datetime": "2025-08-21 09:25:59", "elapsed": 2476.405280351639, "delta": 26.404651403427124}, "costs": {"total_cost": 581.5968561314236, "time_cost": 150, "final_distance_cost": 68.82881009215902, "oscillation_cost": 52.40370894635664, "completition_cost": 222.2222222222222, "overshoot_cost": 44.76543733726572, "power_cost": 25.466819384765625, "noise_cost": 17.90985814865452, "n_waypoints_completed": 7, "tot_waypoints": 9}}
{"target": -182.16748014411831, "params": {"k_pid_pos": [2.0, 0.4388002245606632, 0.6871001962569148], "k_pid_alt": [1.7198566962783346, 0.0, 0.13311536433405768], "k_pid_att": [50.42402363977732, 1.6880516585581107, 0.5422874960127703], "k_pid_yaw": [0.5, 1e-06, 0.1], "k_pid_hsp": [2.315775368732995, 0.2783720479788539, 0.0], "k_pid_vsp": [225.27194822967826, 326.0190279155357, 3.0444178880449875]}, "datetime": {"datetime": "2025-08-21 09:26:18", "elapsed": 2495.2359697818756, "delta": 18.830689430236816}, "costs": {"total_cost": 182.16748014411831, "time_cost": 71.728, "final_distance_cost": 1.7829003948756947, "oscillation_cost": 43.19993710968461, "completition_cost": 0.0, "overshoot_cost": 49.399765552002826, "power_cost": 7.4105667236328125, "noise_cost": 8.64631036392237, "n_waypoints_completed": 9, "tot_waypoints": 9}}
{"target": -308.30908083375726, "params": {"k_pid_pos": [0.8990626058693953, 0.15487773755654782, 0.46612055654122636], "k_pid_alt": [1.0761049146327901, 0.41635646157086975, 0.3011939968156189], "k_pid_att": [48.81461403635971, 1.6956603024181838, 1.0], "k_pid_yaw": [0.5, 1e-06, 0.1], "k_pid_hsp": [4.68668267008121, 0.08762519770836942, 0.04886401334066001], "k_pid_vsp": [0.0, 400.0, 21.685107042254447]}, "datetime": {"datetime": "2025-08-21 09:26:47", "elapsed": 2524.155161857605, "delta": 28.91919207572937}, "costs": {"total_cost": 308.30908083375726, "time_cost": 90.288, "final_distance_cost": 1.7750895297854632, "oscillation_cost": 136.93613967853923, "completition_cost": 0.0, "overshoot_cost": 53.90185612494686, "power_cost": 14.19415205078125, "noise_cost": 11.213843449704425, "n_waypoints_completed": 9, "tot_waypoints": 9}}
{"target": -196.7137645628464, "params": {"k_pid_pos": [2.0, 0.3768454513899933, 0.6469221473930614], "k_pid_alt": [2.0, 0.033229892901940714, 0.14370471725144252], "k_pid_att": [68.18149925310352, 1.3267069248976187, 0.7733590257959045], "k_pid_yaw": [0.5, 1e-06, 0.1], "k_pid_hsp": [3.0059507180673344, 0.12575563860294175, 0.0], "k_pid_vsp": [46.96921987741627, 316.07444483176414, 49.3336130854078]}, "datetime": {"datetime": "2025-08-21 09:27:06", "elapsed": 2543.382261276245, "delta": 19.227099418640137}, "costs": {"total_cost": 196.7137645628464, "time_cost": 73.2, "final_distance_cost": 1.7770027763134655, "oscillation_cost": 48.95411979041949, "completition_cost": 0.0, "overshoot_cost": 51.07128378615562, "power_cost": 11.721683508300782, "noise_cost": 9.989674701657028, "n_waypoints_completed": 9, "tot_waypoints": 9}}
{"target": -715.8488217487943, "params": {"k_pid_pos": [2.0, 0.3994390892596451, 0.6183588301697127], "k_pid_alt": [0.7529699293536528, 0.17417016151857445, 0.6523961794465435], "k_pid_att": [24.23064391848448, 0.8608783817462337, 1.0], "k_pid_yaw": [0.5, 1e-06, 0.1], "k_pid_hsp": [8.828365244206895, 0.2923584209370555, 0.0], "k_pid_vsp": [61.577554701487344, 1e-06, 43.975915820518544]}, "datetime": {"datetime": "2025-08-21 09:27:36", "elapsed": 2572.57275390625, "delta": 29.190492630004883}, "costs": {"total_cost": 715.8488217487943, "time_cost": 150, "final_distance_cost": 68.02849223401742, "oscillation_cost": 74.58117585982515, "completition_cost": 333.33333333333337, "overshoot_cost": 56.93564719950889, "power_cost": 18.481223083496094, "noise_cost": 14.488950038613405, "n_waypoints_completed": 6, "tot_waypoints": 9}}
{"target": -242.26435177548882, "params": {"k_pid_pos": [1.6400935332464723, 0.3873861071244886, 0.3964592630939459], "k_pid_alt": [1.0673969615508196, 0.1957469801561429, 0.17700414325395433], "k_pid_att": [4.36774486244624, 0.7133399539639917, 0.5199271075474031], "k_pid_yaw": [0.5, 1e-06, 0.1], "k_pid_hsp": [5.212190211623985, 0.23647605696506294, 0.0], "k_pid_vsp": [132.52430891766613, 142.40213064073777, 1.5181932327536458]}, "datetime": {"datetime": "2025-08-21 09:28:04", "elapsed": 2600.822737455368, "delta": 28.249983549118042}, "costs": {"total_cost": 242.26435177548882, "time_cost": 98.19200000000001, "final_distance_cost": 1.75391638094157, "oscillation_cost": 50.61257487324625, "completition_cost": 0.0, "overshoot_cost": 52.841066348762226, "power_cost": 21.866907666015624, "noise_cost": 16.99788650652315, "n_waypoints_completed": 9, "tot_waypoints": 9}}
{"target": -475.461031883467, "params": {"k_pid_pos": [1.9742449099467756, 0.20955024172481443, 0.7225331426717384], "k_pid_alt": [2.0, 0.1298959065132181, 0.12032539083646375], "k_pid_att": [79.13831438212411, 2.8528635622734675, 0.0], "k_pid_yaw": [0.5, 1e-06, 0.1], "k_pid_hsp": [3.8194793094280333, 0.2938156997157319, 0.0], "k_pid_vsp": [118.20963614239919, 1e-06, 27.81137605449007]}, "datetime": {"datetime": "2025-08-21 09:28:31", "elapsed": 2627.7244787216187, "delta": 26.90174126625061}, "costs": {"total_cost": 475.461031883467, "time_cost": 150, "final_distance_cost": 26.640139626026873, "oscillation_cost": 89.24551850481012, "completition_cost": 111.11111111111116, "overshoot_cost": 54.04482447707118, "power_cost": 26.145054296875003, "noise_cost": 18.274383867572656, "n_waypoints_completed": 8, "tot_waypoints": 9}}
{"target": -573.2031565711865, "params": {"k_pid_pos": [0.27234243231698035, 0.905606820320167, 0.24363802467329], "k_pid_alt": [0.7038066344894139, 0.0, 0.1933729471981864], "k_pid_att": [9.361924905037432, 1.9588254162636707, 0.8654046333199045], "k_pid_yaw": [0.5, 1e-06, 0.1], "k_pid_hsp": [6.111295853819221, 0.03043024444204029, 0.0], "k_pid_vsp": [114.2382469251046, 400.0, 19.80021347095765]}, "datetime": {"datetime": "2025-08-21 09:29:03", "elapsed": 2660.200632572174, "delta": 32.47615385055542}, "costs": {"total_cost": 573.2031565711865, "time_cost": 150, "final_distance_cost": 64.18349706168904, "oscillation_cost": 58.6817793023579, "completition_cost": 222.2222222222222, "overshoot_cost": 45.59918650348829, "power_cost": 18.28836787109375, "noise_cost": 14.228103610335248, "n_waypoints_completed": 7, "tot_waypoints": 9}}
{"target": -383.5887735278106, "params": {"k_pid_pos": [1.521821122335706, 0.0, 1.0], "k_pid_alt": [1.2368366728682745, 0.3476696950119494, 0.6064878451783619], "k_pid_att": [58.94764817626446, 1.3063985261420135, 0.7361671901564396], "k_pid_yaw": [0.5, 1e-06, 0.1], "k_pid_hsp": [4.539672917323408, 0.0, 0.40917790174892593], "k_pid_vsp": [334.0730039658003, 22.702545470235872, 1e-06]}, "datetime": {"datetime": "2025-08-21 09:29:24", "elapsed": 2681.443693637848, "delta": 21.243061065673828}, "costs": {"total_cost": 383.5887735278106, "time_cost": 83.06400000000001, "final_distance_cost": 1.7909783373014627, "oscillation_cost": 215.5030304892846, "completition_cost": 0.0, "overshoot_cost": 51.8583941308483, "power_cost": 17.120901440429687, "noise_cost": 14.251469129946464, "n_waypoints_completed": 9, "tot_waypoints": 9}}
{"target": -671.2754624932293, "params": {"k_pid_pos": [2.0, 0.6600055830984116, 0.48787438545188283], "k_pid_alt": [0.9447756283547388, 0.06329467542865665, 0.16389177444115094], "k_pid_att": [72.73331096989557, 1.0205902245673693, 0.9667569490623339], "k_pid_yaw": [0.5, 1e-06, 0.1], "k_pid_hsp": [0.9570506846986112, 0.2831581465645444, 0.0], "k_pid_vsp": [260.5961032629764, 400.0, 32.45178471513468]}, "datetime": {"datetime": "2025-08-21 09:30:03", "elapsed": 2720.2846686840057, "delta": 38.84097504615784}, "costs": {"total_cost": 671.2754624932293, "time_cost": 150, "final_distance_cost": 73.09697549972978, "oscillation_cost": 52.064019695791366, "completition_cost": 333.33333333333337, "overshoot_cost": 41.2327931010466, "power_cost": 11.735585900878906, "noise_cost": 9.81275496244918, "n_waypoints_completed": 6, "tot_waypoints": 9}}
