{"target": -268.5068374389646, "params": {"k_pid_pos": [1.112430064465202, 0.07932207773936813, 0.5267376034737586], "k_pid_alt": [2.0, 0.0055941677980288875, 0.07077073083312717], "k_pid_att": [21.290002655328617, 0.20446991642978418, 1.0], "k_pid_yaw": [0.5, 1e-06, 0.1], "k_pid_hsp": [0.02737273642056016, 0.07005165667635113, 0.0], "k_pid_vsp": [327.15907248534876, 146.63770990514033, 1.2655334706182282]}, "datetime": {"datetime": "2025-08-21 11:36:24", "elapsed": 10301.363263845444, "delta": 22.17886996269226}, "costs": {"total_cost": 268.5068374389646, "time_cost": 96.648, "final_distance_cost": 1.8029459847274336, "oscillation_cost": 73.26363929047679, "completition_cost": 0.0, "overshoot_cost": 60.57363108278932, "power_cost": 19.678937524414064, "noise_cost": 16.53968355655699, "n_waypoints_completed": 9, "tot_waypoints": 9}}
{"target": -177.0487162850955, "params": {"k_pid_pos": [2.0, 0.12791487764636691, 0.21954332661540232], "k_pid_alt": [2.0, 0.009574350765707626, 0.0825207617957759], "k_pid_att": [55.385963870539, 0.0994781384590215, 0.825635271384067], "k_pid_yaw": [0.5, 1e-06, 0.1], "k_pid_hsp": [0.8076397359521078, 0.03971846292611166, 0.0], "k_pid_vsp": [276.8451925863626, 125.98473527233875, 4.280903367162335]}, "datetime": {"datetime": "2025-08-21 11:36:40", "elapsed": 10317.278203964233, "delta": 15.914940118789673}, "costs": {"total_cost": 177.0487162850955, "time_cost": 68.83200000000001, "final_distance_cost": 1.747010327786016, "oscillation_cost": 36.038681869683245, "completition_cost": 0.0, "overshoot_cost": 50.325955124384855, "power_cost": 10.041298132324219, "noise_cost": 10.063770830917177, "n_waypoints_completed": 9, "tot_waypoints": 9}}
{"target": -739.8691872684547, "params": {"k_pid_pos": [0.35500438226047454, 0.1556642581495181, 0.39552186762957353], "k_pid_alt": [2.0, 0.00705002897830456, 0.048103129306983884], "k_pid_att": [42.03697980797234, 0.35967304452775767, 0.13977477838188931], "k_pid_yaw": [0.5, 1e-06, 0.1], "k_pid_hsp": [0.054457300735437864, 0.06399742595564913, 0.0], "k_pid_vsp": [212.89306812935092, 55.753338425909845, 8.705504161234847]}, "datetime": {"datetime": "2025-08-21 11:37:04", "elapsed": 10340.473290205002, "delta": 23.195086240768433}, "costs": {"total_cost": 739.8691872684547, "time_cost": 150, "final_distance_cost": 52.43528455101975, "oscillation_cost": 18.826687090967663, "completition_cost": 444.4444444444444, "overshoot_cost": 39.948369203025536, "power_cost": 19.249619165039064, "noise_cost": 14.964782813958259, "n_waypoints_completed": 5, "tot_waypoints": 9}}
{"target": -189.01456362587237, "params": {"k_pid_pos": [0.9636778760059226, 0.1420274501608261, 0.46456827814697044], "k_pid_alt": [2.0, 0.01004606450344001, 0.0850696595491931], "k_pid_att": [37.12772349228765, 0.1528884341488926, 0.80855276896765], "k_pid_yaw": [0.5, 1e-06, 0.1], "k_pid_hsp": [0.17715056502124113, 0.07247030846724252, 0.0], "k_pid_vsp": [195.8152833536711, 84.74656679931832, 6.783807631312183]}, "datetime": {"datetime": "2025-08-21 11:37:21", "elapsed": 10358.024705171585, "delta": 17.551414966583252}, "costs": {"total_cost": 189.01456362587237, "time_cost": 75.872, "final_distance_cost": 1.8438179148639617, "oscillation_cost": 31.287616363096095, "completition_cost": 0.0, "overshoot_cost": 50.527258029951376, "power_cost": 15.732224633789063, "noise_cost": 13.751646684171869, "n_waypoints_completed": 9, "tot_waypoints": 9}}
{"target": -179.11636589630012, "params": {"k_pid_pos": [1.4529278820733424, 0.06803835399201864, 0.2247842895410174], "k_pid_alt": [2.0, 0.010593211408422525, 0.10533684907185199], "k_pid_att": [25.251586706653644, 0.1780054845219037, 0.7567233676498505], "k_pid_yaw": [0.5, 1e-06, 0.1], "k_pid_hsp": [0.5528099739922686, 0.03666058049526159, 0.0], "k_pid_vsp": [320.03791224569216, 199.03432643011715, 8.331432379002905]}, "datetime": {"datetime": "2025-08-21 11:37:37", "elapsed": 10374.133404970169, "delta": 16.108699798583984}, "costs": {"total_cost": 179.11636589630012, "time_cost": 69.4, "final_distance_cost": 1.8056356030036853, "oscillation_cost": 31.53065531360287, "completition_cost": 0.0, "overshoot_cost": 50.63115295906539, "power_cost": 13.772599450683595, "noise_cost": 11.9763225699446, "n_waypoints_completed": 9, "tot_waypoints": 9}}
{"target": -182.33708483345495, "params": {"k_pid_pos": [0.9621956538226044, 0.08567148115097352, 0.537942790907158], "k_pid_alt": [0.6929832144455038, 0.010762808003572504, 0.07020717495881822], "k_pid_att": [48.98366880490597, 0.2389833166056574, 0.3068297973262882], "k_pid_yaw": [0.5, 1e-06, 0.1], "k_pid_hsp": [0.19101426376245026, 0.023575628677236355, 0.0], "k_pid_vsp": [209.76198923102675, 291.40651617462254, 2.29770361140449]}, "datetime": {"datetime": "2025-08-21 11:37:54", "elapsed": 10391.16413640976, "delta": 17.030731439590454}, "costs": {"total_cost": 182.33708483345495, "time_cost": 74.83200000000001, "final_distance_cost": 1.8494378308128998, "oscillation_cost": 27.726922060946794, "completition_cost": 0.0, "overshoot_cost": 50.40076031120465, "power_cost": 14.625995642089844, "noise_cost": 12.901968988400759, "n_waypoints_completed": 9, "tot_waypoints": 9}}
{"target": -177.03898958622648, "params": {"k_pid_pos": [1.358472547750942, 0.20839217745423466, 0.2527477403290925], "k_pid_alt": [1.8638521377412502, 0.01980413453440703, 0.05392891059845332], "k_pid_att": [59.11703941971532, 0.32872872671548037, 0.598022509416176], "k_pid_yaw": [0.5, 1e-06, 0.1], "k_pid_hsp": [0.6675365816644311, 0.06754096246273898, 0.0], "k_pid_vsp": [368.2444313524734, 351.1905359184455, 1e-06]}, "datetime": {"datetime": "2025-08-21 11:38:11", "elapsed": 10407.651526212692, "delta": 16.48738980293274}, "costs": {"total_cost": 177.03898958622648, "time_cost": 69.824, "final_distance_cost": 1.791035800623027, "oscillation_cost": 32.28967066487876, "completition_cost": 0.0, "overshoot_cost": 50.45215174953965, "power_cost": 11.662550024414063, "noise_cost": 11.019581346771, "n_waypoints_completed": 9, "tot_waypoints": 9}}
{"target": -181.6667615863245, "params": {"k_pid_pos": [1.1012530754369587, 0.11055597198532281, 0.7352140886051816], "k_pid_alt": [1.440434506060135, 0.012853892271657124, 0.0528446813711999], "k_pid_att": [82.50579964531595, 0.30212773286988237, 0.911696768861876], "k_pid_yaw": [0.5, 1e-06, 0.1], "k_pid_hsp": [0.39532266945693967, 0.02599876065023014, 0.0], "k_pid_vsp": [314.2323300631951, 243.3997090899717, 1.1467867305783899]}, "datetime": {"datetime": "2025-08-21 11:38:28", "elapsed": 10424.578848600388, "delta": 16.927322387695312}, "costs": {"total_cost": 181.6667615863245, "time_cost": 73.72800000000001, "final_distance_cost": 1.8339703949752848, "oscillation_cost": 28.905127869207114, "completition_cost": 0.0, "overshoot_cost": 50.929355991090006, "power_cost": 13.67419169921875, "noise_cost": 12.59611563183336, "n_waypoints_completed": 9, "tot_waypoints": 9}}
{"target": -1110.7776178617844, "params": {"k_pid_pos": [1.7822822544311119, 0.18096557030240615, 0.3801788709960346], "k_pid_alt": [0.0, 0.017576407706264747, 0.052084940983495136], "k_pid_att": [23.52526298803092, 0.16439626137370167, 0.9594727564450972], "k_pid_yaw": [0.5, 1e-06, 0.1], "k_pid_hsp": [0.4151850137838613, 0.07857691399031774, 0.0], "k_pid_vsp": [264.6318759701137, 177.49636958934093, 1e-06]}, "datetime": {"datetime": "2025-08-21 11:38:51", "elapsed": 10447.738977432251, "delta": 23.160128831863403}, "costs": {"total_cost": 1110.7776178617844, "time_cost": 150, "final_distance_cost": 83.96214097580746, "oscillation_cost": 13.296238510629763, "completition_cost": 777.7777777777778, "overshoot_cost": 58.862349597560495, "power_cost": 12.827572204589844, "noise_cost": 14.05153879541889, "n_waypoints_completed": 2, "tot_waypoints": 9}}
{"target": -181.66011726386012, "params": {"k_pid_pos": [1.9756282932242966, 0.12458058784605268, 0.33236304733557515], "k_pid_alt": [2.0, 0.006215562034205652, 0.0770974543323589], "k_pid_att": [48.46475783853419, 0.3204948066500855, 0.40574935902997816], "k_pid_yaw": [0.5, 1e-06, 0.1], "k_pid_hsp": [0.20953516159627075, 0.04044024096379826, 0.0], "k_pid_vsp": [291.7387198689809, 88.57415060797736, 1.1570103199383615]}, "datetime": {"datetime": "2025-08-21 11:39:07", "elapsed": 10463.803802013397, "delta": 16.06482458114624}, "costs": {"total_cost": 181.66011726386012, "time_cost": 69.816, "final_distance_cost": 1.7593866534722336, "oscillation_cost": 33.18319075659261, "completition_cost": 0.0, "overshoot_cost": 51.181871420127344, "power_cost": 13.880213098144532, "noise_cost": 11.83945533552338, "n_waypoints_completed": 9, "tot_waypoints": 9}}
{"target": -180.70117847324468, "params": {"k_pid_pos": [1.5633496503805528, 0.043616414208341, 0.6612802407838657], "k_pid_alt": [2.0, 0.014819431923505851, 0.06095957186915505], "k_pid_att": [20.91428551382941, 0.13443583816561055, 0.5598460294675328], "k_pid_yaw": [0.5, 1e-06, 0.1], "k_pid_hsp": [0.31163057722903414, 0.02320357202824631, 0.0], "k_pid_vsp": [242.84275308539426, 197.48368487659627, 2.655770006735288]}, "datetime": {"datetime": "2025-08-21 11:39:23", "elapsed": 10480.25362944603, "delta": 16.449827432632446}, "costs": {"total_cost": 180.70117847324468, "time_cost": 69.96000000000001, "final_distance_cost": 1.8363855492640453, "oscillation_cost": 30.272721474590856, "completition_cost": 0.0, "overshoot_cost": 50.90640488038586, "power_cost": 14.907555993652345, "noise_cost": 12.818110575351568, "n_waypoints_completed": 9, "tot_waypoints": 9}}
{"target": -191.7202509189009, "params": {"k_pid_pos": [0.506007707906357, 0.15395163215337737, 0.13741795554884537], "k_pid_alt": [1.9284208751672303, 0.001983685906998972, 0.10025914700237869], "k_pid_att": [59.513729669920394, 0.24241611192128354, 0.9157415627058215], "k_pid_yaw": [0.5, 1e-06, 0.1], "k_pid_hsp": [0.6131761275593443, 0.06630382668520013, 0.0], "k_pid_vsp": [155.70741290512632, 217.4923946606557, 4.97676996860641]}, "datetime": {"datetime": "2025-08-21 11:39:42", "elapsed": 10498.77048587799, "delta": 18.51685643196106}, "costs": {"total_cost": 191.7202509189009, "time_cost": 81.288, "final_distance_cost": 1.8243507744948544, "oscillation_cost": 27.131910478250767, "completition_cost": 0.0, "overshoot_cost": 51.247625963830416, "power_cost": 15.771360400390625, "noise_cost": 14.457003301934229, "n_waypoints_completed": 9, "tot_waypoints": 9}}
{"target": -172.31579312012144, "params": {"k_pid_pos": [1.8625752337351693, 0.09770445468047856, 0.5792424694479781], "k_pid_alt": [2.0, 0.011709014310375479, 0.11064743717562715], "k_pid_att": [40.382479184366616, 0.16010617502874377, 0.44714786548629964], "k_pid_yaw": [0.5, 1e-06, 0.1], "k_pid_hsp": [0.4537146996174866, 0.06583121717400783, 0.0], "k_pid_vsp": [400.0, 213.78430603837492, 7.156452625069565]}, "datetime": {"datetime": "2025-08-21 11:39:58", "elapsed": 10515.202197313309, "delta": 16.431711435317993}, "costs": {"total_cost": 172.31579312012144, "time_cost": 68.48, "final_distance_cost": 1.836074859739637, "oscillation_cost": 32.80443702795564, "completition_cost": 0.0, "overshoot_cost": 49.74573709087291, "power_cost": 9.725206213378907, "noise_cost": 9.724337928174355, "n_waypoints_completed": 9, "tot_waypoints": 9}}
{"target": -195.65462904280852, "params": {"k_pid_pos": [1.9481572918309524, 0.07330118656090832, 0.1734285578112866], "k_pid_alt": [1.4440634287343208, 0.015790024299704504, 0.08514852882637657], "k_pid_att": [30.510708697021062, 0.12236418826466748, 0.6728859046743286], "k_pid_yaw": [0.5, 1e-06, 0.1], "k_pid_hsp": [0.35396965076930464, 0.08883324017328446, 0.0], "k_pid_vsp": [205.8215770351986, 259.3998668989756, 3.0569243756049267]}, "datetime": {"datetime": "2025-08-21 11:40:15", "elapsed": 10531.717250347137, "delta": 16.515053033828735}, "costs": {"total_cost": 195.65462904280852, "time_cost": 72.056, "final_distance_cost": 1.741839384229299, "oscillation_cost": 39.40272910769022, "completition_cost": 0.0, "overshoot_cost": 51.37483976632819, "power_cost": 17.415622705078125, "noise_cost": 13.663598079482686, "n_waypoints_completed": 9, "tot_waypoints": 9}}
{"target": -181.16632938461794, "params": {"k_pid_pos": [1.5258666693028837, 0.07532793240117437, 0.371499610954112], "k_pid_alt": [1.9227714657384445, 0.018603482710904867, 0.08076779355565838], "k_pid_att": [58.801431036895224, 0.039584672048887666, 1.0], "k_pid_yaw": [0.5, 1e-06, 0.1], "k_pid_hsp": [0.6406426737129585, 0.061447089971676395, 0.0], "k_pid_vsp": [163.82687010960703, 221.32663165822285, 5.40052489503804]}, "datetime": {"datetime": "2025-08-21 11:40:31", "elapsed": 10547.689043998718, "delta": 15.97179365158081}, "costs": {"total_cost": 181.16632938461794, "time_cost": 69.336, "final_distance_cost": 1.8342817015902357, "oscillation_cost": 32.57803162927283, "completition_cost": 0.0, "overshoot_cost": 50.60181732414996, "power_cost": 14.507113818359375, "noise_cost": 12.309084911245526, "n_waypoints_completed": 9, "tot_waypoints": 9}}
{"target": -181.62332673632724, "params": {"k_pid_pos": [1.5055129511386378, 0.1613979213646188, 0.7813243778417833], "k_pid_alt": [0.815480623676686, 0.005084849074070372, 0.08690426632754032], "k_pid_att": [22.094480138790065, 0.20615118260384088, 0.8330476999988544], "k_pid_yaw": [0.5, 1e-06, 0.1], "k_pid_hsp": [0.9418415109737092, 0.0658386749492115, 0.0], "k_pid_vsp": [217.41194819904737, 143.74942288648006, 7.219437279698077]}, "datetime": {"datetime": "2025-08-21 11:40:47", "elapsed": 10564.147983789444, "delta": 16.458939790725708}, "costs": {"total_cost": 181.62332673632724, "time_cost": 72.376, "final_distance_cost": 1.8237035647633946, "oscillation_cost": 31.13138940026946, "completition_cost": 0.0, "overshoot_cost": 49.77331146596549, "power_cost": 14.089249609375, "noise_cost": 12.429672695953903, "n_waypoints_completed": 9, "tot_waypoints": 9}}
{"target": -206.7712617561055, "params": {"k_pid_pos": [0.7161553857942676, 0.043107730636103236, 0.638381342636979], "k_pid_alt": [2.0, 0.010298536333419648, 0.0329950185600732], "k_pid_att": [24.886217218340278, 0.2563729536571537, 1.0], "k_pid_yaw": [0.5, 1e-06, 0.1], "k_pid_hsp": [0.5644628665871521, 0.06363098270136287, 0.0], "k_pid_vsp": [0.0, 262.255590012681, 2.0595683306030734]}, "datetime": {"datetime": "2025-08-21 11:41:06", "elapsed": 10583.054868221283, "delta": 18.90688443183899}, "costs": {"total_cost": 206.7712617561055, "time_cost": 80.568, "final_distance_cost": 1.853838362591925, "oscillation_cost": 43.65651393809421, "completition_cost": 0.0, "overshoot_cost": 52.331895017141804, "power_cost": 16.172450268554687, "noise_cost": 12.188564169722868, "n_waypoints_completed": 9, "tot_waypoints": 9}}
{"target": -183.52365494501032, "params": {"k_pid_pos": [1.7660280118277243, 0.14101858700685466, 0.0], "k_pid_alt": [2.0, 0.002256419991355651, 0.04182205636996677], "k_pid_att": [31.805819269370684, 0.34143332779549923, 0.15842393417193343], "k_pid_yaw": [0.5, 1e-06, 0.1], "k_pid_hsp": [0.39803090904448407, 0.07613312449805441, 0.0], "k_pid_vsp": [360.0511871833085, 163.7314387700226, 3.3813233148269535]}, "datetime": {"datetime": "2025-08-21 11:41:22", "elapsed": 10599.262475252151, "delta": 16.20760703086853}, "costs": {"total_cost": 183.52365494501032, "time_cost": 69.4, "final_distance_cost": 1.751588499833018, "oscillation_cost": 37.740897483652546, "completition_cost": 0.0, "overshoot_cost": 50.46104935965019, "power_cost": 12.780574877929688, "noise_cost": 11.389544723944852, "n_waypoints_completed": 9, "tot_waypoints": 9}}
{"target": -171.55169721663466, "params": {"k_pid_pos": [1.4316714010453577, 0.07563541097095568, 0.5697091742161927], "k_pid_alt": [1.7227246405731058, 0.009999495752911996, 0.040593828675038475], "k_pid_att": [55.07567850211779, 0.24522765472858365, 0.6625852084733196], "k_pid_yaw": [0.5, 1e-06, 0.1], "k_pid_hsp": [0.7620725814161219, 0.06578128848132547, 0.0], "k_pid_vsp": [186.93187978733081, 205.65644392081228, 1.435917282954508]}, "datetime": {"datetime": "2025-08-21 11:41:38", "elapsed": 10614.79800438881, "delta": 15.535529136657715}, "costs": {"total_cost": 171.55169721663466, "time_cost": 68.976, "final_distance_cost": 1.839002504957086, "oscillation_cost": 33.192942041505546, "completition_cost": 0.0, "overshoot_cost": 49.99004945369408, "power_cost": 8.27793475341797, "noise_cost": 9.275768463059983, "n_waypoints_completed": 9, "tot_waypoints": 9}}
{"target": -937.4124999843335, "params": {"k_pid_pos": [1.9958410995694844, 0.14336871609497417, 0.6277883415572794], "k_pid_alt": [1.3919562218293537, 0.0067339610454557886, 0.05260372854937911], "k_pid_att": [51.7252934455135, 0.1533000338547519, 0.6725350759970402], "k_pid_yaw": [0.5, 1e-06, 0.1], "k_pid_hsp": [0.6035638693638999, 0.06854547877857203, 0.0], "k_pid_vsp": [266.2035414931804, 138.68581120764816, 5.055640872559816]}, "datetime": {"datetime": "2025-08-21 11:42:01", "elapsed": 10637.839507102966, "delta": 23.041502714157104}, "costs": {"total_cost": 937.4124999843335, "time_cost": 150, "final_distance_cost": 37.787086694484096, "oscillation_cost": 18.41559863726049, "completition_cost": 555.5555555555555, "overshoot_cost": 78.82863829143909, "power_cost": 31.891123059082034, "noise_cost": 64.93449774651215, "n_waypoints_completed": 4, "tot_waypoints": 9}}
{"target": -188.12952394662923, "params": {"k_pid_pos": [0.9486438576847269, 0.09323474375913336, 0.391132768158666], "k_pid_alt": [0.6713416313109862, 0.0031030467544207567, 0.07477920939328069], "k_pid_att": [34.521680157957356, 0.20741765963841374, 0.6365365422458954], "k_pid_yaw": [0.5, 1e-06, 0.1], "k_pid_hsp": [0.594280126539851, 0.05422932277780368, 0.0], "k_pid_vsp": [52.14003090930851, 155.8010731611589, 8.0858983474749]}, "datetime": {"datetime": "2025-08-21 11:42:19", "elapsed": 10655.649283885956, "delta": 17.809776782989502}, "costs": {"total_cost": 188.12952394662923, "time_cost": 76.552, "final_distance_cost": 1.8450477247227544, "oscillation_cost": 29.02526411116263, "completition_cost": 0.0, "overshoot_cost": 50.52447938417027, "power_cost": 16.36391618652344, "noise_cost": 13.8188165400501, "n_waypoints_completed": 9, "tot_waypoints": 9}}
{"target": -177.71317111420427, "params": {"k_pid_pos": [1.0752733869504363, 0.17589544774688035, 1.0], "k_pid_alt": [2.0, 0.009710086865090181, 0.06908519711064023], "k_pid_att": [49.21467651168399, 0.1480086125833502, 1.0], "k_pid_yaw": [0.5, 1e-06, 0.1], "k_pid_hsp": [0.3394960230136525, 0.10353944381756341, 0.0], "k_pid_vsp": [400.0, 211.83236567961922, 0.15969985949126833]}, "datetime": {"datetime": "2025-08-21 11:42:36", "elapsed": 10672.933445930481, "delta": 17.284162044525146}, "costs": {"total_cost": 177.71317111420427, "time_cost": 75.83200000000001, "final_distance_cost": 1.8415364276694717, "oscillation_cost": 31.086212648828326, "completition_cost": 0.0, "overshoot_cost": 50.79230546337225, "power_cost": 8.25902596435547, "noise_cost": 9.902090609978744, "n_waypoints_completed": 9, "tot_waypoints": 9}}
{"target": -180.8560490982529, "params": {"k_pid_pos": [2.0, 0.1669375684192266, 1.0], "k_pid_alt": [1.0045855023630128, 0.004281637197525648, 0.05604036646565114], "k_pid_att": [50.64963460406128, 0.2387714769525698, 0.9514358504463619], "k_pid_yaw": [0.5, 1e-06, 0.1], "k_pid_hsp": [0.49317709141792027, 0.050828844378060435, 0.0], "k_pid_vsp": [400.0, 215.9300468996282, 4.513906151192717]}, "datetime": {"datetime": "2025-08-21 11:42:52", "elapsed": 10689.363014698029, "delta": 16.429568767547607}, "costs": {"total_cost": 180.8560490982529, "time_cost": 70.96000000000001, "final_distance_cost": 1.8142198084336971, "oscillation_cost": 30.161238478897037, "completition_cost": 0.0, "overshoot_cost": 50.81653632804135, "power_cost": 14.630206213378907, "noise_cost": 12.473848269501906, "n_waypoints_completed": 9, "tot_waypoints": 9}}
{"target": -187.99818632043164, "params": {"k_pid_pos": [0.7252136114285385, 0.13806322780369532, 0.3164765911476066], "k_pid_alt": [1.553652611639045, 0.005152971188197749, 0.08749198100249245], "k_pid_att": [42.13244677834586, 0.08341490098522486, 0.6744128148690153], "k_pid_yaw": [0.5, 1e-06, 0.1], "k_pid_hsp": [0.542999756924546, 0.04945072023274092, 0.0], "k_pid_vsp": [126.88165048469341, 207.89753790990767, 6.592833067683013]}, "datetime": {"datetime": "2025-08-21 11:43:10", "elapsed": 10707.212032794952, "delta": 17.849018096923828}, "costs": {"total_cost": 187.99818632043164, "time_cost": 77.288, "final_distance_cost": 1.8362085294172046, "oscillation_cost": 27.826107647610243, "completition_cost": 0.0, "overshoot_cost": 51.288687182489234, "power_cost": 15.646447424316406, "noise_cost": 14.112735536598528, "n_waypoints_completed": 9, "tot_waypoints": 9}}
{"target": -179.52250042106385, "params": {"k_pid_pos": [1.9482950976917215, 0.1009152696151326, 0.4150513834815621], "k_pid_alt": [1.8162617096136637, 0.005052358781592309, 0.09865000904235956], "k_pid_att": [37.55048930511364, 0.22590504269970155, 0.5013338480816006], "k_pid_yaw": [0.5, 1e-06, 0.1], "k_pid_hsp": [0.719861471901829, 0.03392693668350435, 0.0], "k_pid_vsp": [225.7089221967752, 93.56173152612196, 7.397924877846475]}, "datetime": {"datetime": "2025-08-21 11:43:27", "elapsed": 10723.590675354004, "delta": 16.378642559051514}, "costs": {"total_cost": 179.52250042106385, "time_cost": 69.336, "final_distance_cost": 1.7730016433859084, "oscillation_cost": 31.906596545153995, "completition_cost": 0.0, "overshoot_cost": 50.0233353181968, "power_cost": 14.423377648925783, "noise_cost": 12.060189265401327, "n_waypoints_completed": 9, "tot_waypoints": 9}}
