{"target": -173.63650120329376, "params": {"k_pid_pos": [1.772804430694066, 0.008231524287322992, 0.9280781218436459], "k_pid_alt": [1.4262230951693209, 0.002700639942192402, 0.014972559910001048], "k_pid_att": [11.623390387315283, 0.17995536198696882, 0.3423747865233291], "k_pid_yaw": [0.5, 1e-06, 0.1], "k_pid_hsp": [0.16673608638066453, 0.016792210876204763, 0.0], "k_pid_vsp": [286.1952965782414, 248.10736777845838, 1.0357314059546257]}, "datetime": {"datetime": "2025-08-21 18:48:40", "elapsed": 36236.73726463318, "delta": 16.461493253707886}, "costs": {"total_cost": 173.63650120329376, "time_cost": 69.21600000000001, "final_distance_cost": 1.8384507656747033, "oscillation_cost": 29.193554764624, "completition_cost": 0.0, "overshoot_cost": 50.38813257524254, "power_cost": 11.804662475585937, "noise_cost": 11.19570062216659, "n_waypoints_completed": 9, "tot_waypoints": 9}}
{"target": -182.54701208703014, "params": {"k_pid_pos": [1.0827772468433015, 0.006299197470361129, 0.88850075740377], "k_pid_alt": [2.0, 0.0027254761417121274, 0.009848588394019538], "k_pid_att": [11.347266710423499, 0.18618056802774297, 0.28145736633827484], "k_pid_yaw": [0.5, 1e-06, 0.1], "k_pid_hsp": [0.13437624863530181, 0.01600422470812077, 0.0], "k_pid_vsp": [238.9289196393694, 221.14904903598392, 1.2279149588878322]}, "datetime": {"datetime": "2025-08-21 18:48:58", "elapsed": 36254.71186757088, "delta": 17.974602937698364}, "costs": {"total_cost": 182.54701208703014, "time_cost": 74.896, "final_distance_cost": 1.8548992884792772, "oscillation_cost": 26.820615692581875, "completition_cost": 0.0, "overshoot_cost": 50.192749860403055, "power_cost": 15.013622753906251, "noise_cost": 13.769124491659717, "n_waypoints_completed": 9, "tot_waypoints": 9}}
{"target": -174.84409421821425, "params": {"k_pid_pos": [1.5722437652135397, 0.005993514435410786, 0.9195564170085765], "k_pid_alt": [1.639967057741629, 0.0029703120578823627, 0.01493037872668211], "k_pid_att": [12.66197681678298, 0.19040803474748538, 0.26073290938528176], "k_pid_yaw": [0.5, 1e-06, 0.1], "k_pid_hsp": [0.1649983846947843, 0.020647134809857973, 0.0], "k_pid_vsp": [258.5439278640699, 209.39037563898114, 1.017363064105669]}, "datetime": {"datetime": "2025-08-21 18:49:14", "elapsed": 36270.53863286972, "delta": 15.826765298843384}, "costs": {"total_cost": 174.84409421821425, "time_cost": 70.12, "final_distance_cost": 1.8444310937475843, "oscillation_cost": 27.540000678629536, "completition_cost": 0.0, "overshoot_cost": 50.66964311087386, "power_cost": 12.733277526855469, "noise_cost": 11.936741808107808, "n_waypoints_completed": 9, "tot_waypoints": 9}}
{"target": -173.19806970111608, "params": {"k_pid_pos": [1.5478165007784697, 0.007816124325565993, 0.9935587631980415], "k_pid_alt": [2.0, 0.003092642168050412, 0.008056044517051754], "k_pid_att": [7.278760414840279, 0.19628679304968974, 0.35155257309744864], "k_pid_yaw": [0.5, 1e-06, 0.1], "k_pid_hsp": [0.15191846899214975, 0.023280762729027182, 0.0], "k_pid_vsp": [290.67703898220435, 226.22179002545366, 1.2678149231547515]}, "datetime": {"datetime": "2025-08-21 18:49:31", "elapsed": 36287.93432879448, "delta": 17.39569592475891}, "costs": {"total_cost": 173.19806970111608, "time_cost": 70.264, "final_distance_cost": 1.8498424888591254, "oscillation_cost": 28.03196623161766, "completition_cost": 0.0, "overshoot_cost": 49.66411539433286, "power_cost": 11.946993298339844, "noise_cost": 11.441152287966629, "n_waypoints_completed": 9, "tot_waypoints": 9}}
{"target": -180.69908941459542, "params": {"k_pid_pos": [1.4561332142860524, 0.009498205564794129, 1.0], "k_pid_alt": [1.9138940185658917, 0.002391568569559726, 0.011064332659435646], "k_pid_att": [11.135135313494947, 0.1435422247562952, 0.23514696881011088], "k_pid_yaw": [0.5, 1e-06, 0.1], "k_pid_hsp": [0.16647890475919658, 0.01775106284177516, 0.0], "k_pid_vsp": [228.30295393272584, 228.05250314801265, 0.9534338851401909]}, "datetime": {"datetime": "2025-08-21 18:49:47", "elapsed": 36303.978565216064, "delta": 16.044236421585083}, "costs": {"total_cost": 180.69908941459542, "time_cost": 71.896, "final_distance_cost": 1.8492573163056967, "oscillation_cost": 27.654445132102346, "completition_cost": 0.0, "overshoot_cost": 51.021249347417154, "power_cost": 15.130992492675782, "noise_cost": 13.147145126094443, "n_waypoints_completed": 9, "tot_waypoints": 9}}
{"target": -173.68745996773347, "params": {"k_pid_pos": [1.70477525861218, 0.005373897315123888, 0.9390712663921935], "k_pid_alt": [2.0, 0.0034412437002160966, 0.013260500154378718], "k_pid_att": [8.687460765003756, 0.0886555116493255, 0.26461107282595897], "k_pid_yaw": [0.5, 1e-06, 0.1], "k_pid_hsp": [0.19783846286649245, 0.016502708775446646, 0.0], "k_pid_vsp": [257.04207126636646, 258.47819455424343, 1.175134994995974]}, "datetime": {"datetime": "2025-08-21 18:50:05", "elapsed": 36322.11638498306, "delta": 18.13781976699829}, "costs": {"total_cost": 173.68745996773347, "time_cost": 69.96000000000001, "final_distance_cost": 1.8350082704674056, "oscillation_cost": 28.23277518766103, "completition_cost": 0.0, "overshoot_cost": 50.50544573628441, "power_cost": 11.745941052246094, "noise_cost": 11.408289721074528, "n_waypoints_completed": 9, "tot_waypoints": 9}}
{"target": -170.96060554071295, "params": {"k_pid_pos": [1.3685480972157225, 0.007155849844732653, 0.9855570621760227], "k_pid_alt": [2.0, 0.003230971606643117, 0.010888798838876433], "k_pid_att": [11.645896130557354, 0.1983911638841717, 0.3265975773930075], "k_pid_yaw": [0.5, 1e-06, 0.1], "k_pid_hsp": [0.16195476147271382, 0.023177140332865196, 0.0], "k_pid_vsp": [237.0297882471351, 233.10551710026888, 1.055752059504998]}, "datetime": {"datetime": "2025-08-21 18:50:21", "elapsed": 36338.21172904968, "delta": 16.095344066619873}, "costs": {"total_cost": 170.96060554071295, "time_cost": 70.984, "final_distance_cost": 1.852192876571256, "oscillation_cost": 27.27389804305531, "completition_cost": 0.0, "overshoot_cost": 49.946767552019026, "power_cost": 10.25308387451172, "noise_cost": 10.650663194555644, "n_waypoints_completed": 9, "tot_waypoints": 9}}
{"target": -179.35552512306896, "params": {"k_pid_pos": [1.9388966373455088, 0.009071454155545599, 0.9535900414009495], "k_pid_alt": [2.0, 0.002926226619411087, 0.013617252672588821], "k_pid_att": [10.118055412175403, 0.14575364817208078, 0.28612595706848853], "k_pid_yaw": [0.5, 1e-06, 0.1], "k_pid_hsp": [0.13843049119587905, 0.0158314896852996, 0.0], "k_pid_vsp": [288.28709626861365, 292.4195995474244, 1.2691758755044547]}, "datetime": {"datetime": "2025-08-21 18:50:39", "elapsed": 36356.11399650574, "delta": 17.902267456054688}, "costs": {"total_cost": 179.35552512306896, "time_cost": 69.984, "final_distance_cost": 1.8429021144472928, "oscillation_cost": 29.354273179503195, "completition_cost": 0.0, "overshoot_cost": 50.67877707600827, "power_cost": 14.69436572265625, "noise_cost": 12.801207030453945, "n_waypoints_completed": 9, "tot_waypoints": 9}}
{"target": -170.12744388999718, "params": {"k_pid_pos": [1.1458757262961587, 0.006113677645807115, 0.6968864873675638], "k_pid_alt": [2.0, 0.0035588228675055805, 0.012594593312923707], "k_pid_att": [11.198911891917644, 0.1509148291863032, 0.2596859757085929], "k_pid_yaw": [0.5, 1e-06, 0.1], "k_pid_hsp": [0.19092802936598882, 0.027121851738391368, 0.0], "k_pid_vsp": [247.45666304467582, 278.23364451716003, 0.7587821477680853]}, "datetime": {"datetime": "2025-08-21 18:50:56", "elapsed": 36372.99959778786, "delta": 16.88560128211975}, "costs": {"total_cost": 170.12744388999718, "time_cost": 71.28, "final_distance_cost": 1.8538110109096755, "oscillation_cost": 27.36160242087425, "completition_cost": 0.0, "overshoot_cost": 49.727007741476626, "power_cost": 9.599044897460939, "noise_cost": 10.305977819275679, "n_waypoints_completed": 9, "tot_waypoints": 9}}
{"target": -171.6878341987917, "params": {"k_pid_pos": [1.412785960716761, 0.006690388659475817, 0.8572114945328578], "k_pid_alt": [1.9358973085950375, 0.0024557323346013253, 0.012902478844007609], "k_pid_att": [13.637548997922408, 0.193914949970685, 0.30723590837694953], "k_pid_yaw": [0.5, 1e-06, 0.1], "k_pid_hsp": [0.11525380834774106, 0.020777987725144064, 0.0], "k_pid_vsp": [280.9883228000004, 287.29669126416064, 1.0596856872821825]}, "datetime": {"datetime": "2025-08-21 18:51:13", "elapsed": 36390.079650878906, "delta": 17.080053091049194}, "costs": {"total_cost": 171.6878341987917, "time_cost": 69.776, "final_distance_cost": 1.846418271640402, "oscillation_cost": 27.79831679587491, "completition_cost": 0.0, "overshoot_cost": 49.98285348395806, "power_cost": 11.258168371582032, "noise_cost": 11.026077275736286, "n_waypoints_completed": 9, "tot_waypoints": 9}}
{"target": -170.07807431924127, "params": {"k_pid_pos": [1.7055787083525626, 0.009723541065548244, 1.0], "k_pid_alt": [1.8951323554474981, 0.003569528607470847, 0.013464334589906507], "k_pid_att": [12.624077302557902, 0.1894263484374292, 0.2694540494882587], "k_pid_yaw": [0.5, 1e-06, 0.1], "k_pid_hsp": [0.1729903251258459, 0.014828131479157314, 0.0], "k_pid_vsp": [345.24017927766226, 346.0764179496935, 1.42307981506883]}, "datetime": {"datetime": "2025-08-21 18:51:30", "elapsed": 36407.193161726, "delta": 17.113510847091675}, "costs": {"total_cost": 170.07807431924127, "time_cost": 69.744, "final_distance_cost": 1.839170786492974, "oscillation_cost": 27.46578708989462, "completition_cost": 0.0, "overshoot_cost": 50.067800713794824, "power_cost": 10.490635510253906, "noise_cost": 10.47068021880494, "n_waypoints_completed": 9, "tot_waypoints": 9}}
{"target": -177.71366835984503, "params": {"k_pid_pos": [2.0, 0.0094240154242413, 0.9137443446458072], "k_pid_alt": [1.9449295020221655, 0.003019760012829592, 0.012850802664434674], "k_pid_att": [11.66357515715117, 0.156137911561935, 0.30097137295456305], "k_pid_yaw": [0.5, 1e-06, 0.1], "k_pid_hsp": [0.1828992248073585, 0.01930111503264426, 0.0], "k_pid_vsp": [273.711878004251, 292.22920706454573, 1.2568149597086415]}, "datetime": {"datetime": "2025-08-21 18:51:46", "elapsed": 36422.9085123539, "delta": 15.71535062789917}, "costs": {"total_cost": 177.71366835984503, "time_cost": 69.816, "final_distance_cost": 1.8345001429647503, "oscillation_cost": 29.57172958631104, "completition_cost": 0.0, "overshoot_cost": 49.94337060573158, "power_cost": 14.190076892089845, "noise_cost": 12.357991132747788, "n_waypoints_completed": 9, "tot_waypoints": 9}}
{"target": -166.72949662693796, "params": {"k_pid_pos": [1.7833984470012745, 0.006119542299201048, 0.9256856123970397], "k_pid_alt": [2.0, 0.0036335803394702284, 0.01165634070349049], "k_pid_att": [12.07618055784591, 0.20180220437437957, 0.32558825876930286], "k_pid_yaw": [0.5, 1e-06, 0.1], "k_pid_hsp": [0.17346137727795993, 0.015030077487488807, 0.0], "k_pid_vsp": [240.79978271437574, 252.88224224174863, 0.9766564458822543]}, "datetime": {"datetime": "2025-08-21 18:52:03", "elapsed": 36439.94809007645, "delta": 17.03957772254944}, "costs": {"total_cost": 166.72949662693796, "time_cost": 68.8, "final_distance_cost": 1.846348752092312, "oscillation_cost": 29.102735545381677, "completition_cost": 0.0, "overshoot_cost": 50.02052158967484, "power_cost": 8.018732446289063, "noise_cost": 8.94115829350007, "n_waypoints_completed": 9, "tot_waypoints": 9}}
{"target": -176.14771436316525, "params": {"k_pid_pos": [1.849529170182274, 0.008757141490569957, 0.8943116156139901], "k_pid_alt": [2.0, 0.002922447894895607, 0.011892115856280847], "k_pid_att": [11.207708765907507, 0.12674382169501694, 0.29147613022760216], "k_pid_yaw": [0.5, 1e-06, 0.1], "k_pid_hsp": [0.15623715697757679, 0.019970576418545702, 0.0], "k_pid_vsp": [338.1378030185697, 214.47506291376354, 0.9077949983555342]}, "datetime": {"datetime": "2025-08-21 18:52:19", "elapsed": 36455.89632368088, "delta": 15.948233604431152}, "costs": {"total_cost": 176.14771436316525, "time_cost": 69.60000000000001, "final_distance_cost": 1.8268454745732972, "oscillation_cost": 29.224090650809128, "completition_cost": 0.0, "overshoot_cost": 50.418994681501374, "power_cost": 13.214245739746094, "noise_cost": 11.863537816535334, "n_waypoints_completed": 9, "tot_waypoints": 9}}
{"target": -179.6197238482377, "params": {"k_pid_pos": [1.5572060505576848, 0.00906569849120036, 0.9788617765293569], "k_pid_alt": [2.0, 0.0022053649830414894, 0.013983920473624152], "k_pid_att": [12.134162998438208, 0.232806348820448, 0.30201056667111237], "k_pid_yaw": [0.5, 1e-06, 0.1], "k_pid_hsp": [0.13890731968805198, 0.01519050992022808, 0.0], "k_pid_vsp": [230.94421207737204, 282.2876405067445, 0.9305929309682023]}, "datetime": {"datetime": "2025-08-21 18:52:36", "elapsed": 36473.065774679184, "delta": 17.169450998306274}, "costs": {"total_cost": 179.6197238482377, "time_cost": 70.712, "final_distance_cost": 1.8440169222121146, "oscillation_cost": 27.738907442045093, "completition_cost": 0.0, "overshoot_cost": 50.724293087614335, "power_cost": 15.398513745117189, "noise_cost": 13.201992651248965, "n_waypoints_completed": 9, "tot_waypoints": 9}}
{"target": -172.87953436725084, "params": {"k_pid_pos": [1.484952380847971, 0.008688212737248905, 1.0], "k_pid_alt": [1.8759287761458756, 0.002804185733455271, 0.012079679964657206], "k_pid_att": [12.831296780784262, 0.1651010312118714, 0.29438808353530616], "k_pid_yaw": [0.5, 1e-06, 0.1], "k_pid_hsp": [0.1463491272998471, 0.017251151250192862, 0.0], "k_pid_vsp": [215.16177026801958, 264.51176345154585, 1.0289173248023562]}, "datetime": {"datetime": "2025-08-21 18:52:52", "elapsed": 36488.693385362625, "delta": 15.627610683441162}, "costs": {"total_cost": 172.87953436725084, "time_cost": 70.47200000000001, "final_distance_cost": 1.849585807976631, "oscillation_cost": 26.746173003874922, "completition_cost": 0.0, "overshoot_cost": 50.058771452543496, "power_cost": 12.126940930175781, "noise_cost": 11.626063172680015, "n_waypoints_completed": 9, "tot_waypoints": 9}}
{"target": -179.65351383867016, "params": {"k_pid_pos": [1.8294806052261157, 0.005885373484598866, 0.8616261138106478], "k_pid_alt": [2.0, 0.0036076572875108053, 0.012167890753169111], "k_pid_att": [10.911857293038295, 0.16129825729891667, 0.2609639113040167], "k_pid_yaw": [0.5, 1e-06, 0.1], "k_pid_hsp": [0.1310013616190556, 0.015188786793037907, 0.0], "k_pid_vsp": [242.81781070853796, 252.6549994052331, 1.0469785463517425]}, "datetime": {"datetime": "2025-08-21 18:53:09", "elapsed": 36505.64283275604, "delta": 16.94944739341736}, "costs": {"total_cost": 179.65351383867016, "time_cost": 70.304, "final_distance_cost": 1.8423347611762213, "oscillation_cost": 28.158270229981824, "completition_cost": 0.0, "overshoot_cost": 50.842504608299045, "power_cost": 15.49880634765625, "noise_cost": 13.00759789155684, "n_waypoints_completed": 9, "tot_waypoints": 9}}
{"target": -183.53850458655558, "params": {"k_pid_pos": [1.851115514421168, 0.009268641713604857, 0.8911547406971033], "k_pid_alt": [1.6830489439406007, 0.0015711677285976354, 0.013223845772591704], "k_pid_att": [10.350540191009861, 0.18195348313107237, 0.27470081310311417], "k_pid_yaw": [0.5, 1e-06, 0.1], "k_pid_hsp": [0.14049994901603508, 0.018534388220058238, 0.0], "k_pid_vsp": [200.96271990835297, 300.35987226579255, 1.1043265494846815]}, "datetime": {"datetime": "2025-08-21 18:53:25", "elapsed": 36521.84058856964, "delta": 16.197755813598633}, "costs": {"total_cost": 183.53850458655558, "time_cost": 70.384, "final_distance_cost": 1.8261913361524045, "oscillation_cost": 30.710694266480605, "completition_cost": 0.0, "overshoot_cost": 51.10295716850174, "power_cost": 16.03792380371094, "noise_cost": 13.476738011709879, "n_waypoints_completed": 9, "tot_waypoints": 9}}
{"target": -175.55591051600354, "params": {"k_pid_pos": [1.8418153836179023, 0.009056671099873265, 0.8918850411984144], "k_pid_alt": [1.6160762721346602, 0.0025027223256015546, 0.01348724248588779], "k_pid_att": [12.017512533377143, 0.12829358895709736, 0.27148960475724965], "k_pid_yaw": [0.5, 1e-06, 0.1], "k_pid_hsp": [0.16373036778096142, 0.016439523366774813, 0.0], "k_pid_vsp": [200.78507064323563, 240.87396396606937, 0.9929314667705347]}, "datetime": {"datetime": "2025-08-21 18:53:43", "elapsed": 36539.45439696312, "delta": 17.613808393478394}, "costs": {"total_cost": 175.55591051600354, "time_cost": 70.0, "final_distance_cost": 1.827649624009096, "oscillation_cost": 28.392587550610855, "completition_cost": 0.0, "overshoot_cost": 50.81159479716067, "power_cost": 12.99507236328125, "noise_cost": 11.529006180941654, "n_waypoints_completed": 9, "tot_waypoints": 9}}
{"target": -175.5173130684192, "params": {"k_pid_pos": [1.4509522030359145, 0.007189903407714485, 0.8841722486040298], "k_pid_alt": [2.0, 0.0023605362046606924, 0.012285874116478268], "k_pid_att": [11.659374775886386, 0.12875397812555345, 0.24424069547234692], "k_pid_yaw": [0.5, 1e-06, 0.1], "k_pid_hsp": [0.17670485851629703, 0.014320028581496757, 0.0], "k_pid_vsp": [276.54893098918865, 291.5338176142372, 0.8920883711899039]}, "datetime": {"datetime": "2025-08-21 18:54:01", "elapsed": 36557.74428343773, "delta": 18.289886474609375}, "costs": {"total_cost": 175.5173130684192, "time_cost": 70.608, "final_distance_cost": 1.8492537998009944, "oscillation_cost": 27.405514526971313, "completition_cost": 0.0, "overshoot_cost": 50.53825965978084, "power_cost": 13.055394580078126, "noise_cost": 12.060890501787958, "n_waypoints_completed": 9, "tot_waypoints": 9}}
{"target": -171.01647188170074, "params": {"k_pid_pos": [1.6358187101279646, 0.006928105050558781, 0.7819099890447355], "k_pid_alt": [1.9893986683343234, 0.0028246590799925198, 0.009825530703881607], "k_pid_att": [12.928733338880628, 0.12470245236726533, 0.2551971278989728], "k_pid_yaw": [0.5, 1e-06, 0.1], "k_pid_hsp": [0.15227465996948236, 0.017498769950130718, 0.0], "k_pid_vsp": [235.9723885936728, 208.64521026253158, 1.2839084966282164]}, "datetime": {"datetime": "2025-08-21 18:54:17", "elapsed": 36573.50321483612, "delta": 15.758931398391724}, "costs": {"total_cost": 171.01647188170074, "time_cost": 69.48, "final_distance_cost": 1.842183391126408, "oscillation_cost": 28.111307020222192, "completition_cost": 0.0, "overshoot_cost": 50.209165835196835, "power_cost": 10.764791723632813, "noise_cost": 10.609023911522499, "n_waypoints_completed": 9, "tot_waypoints": 9}}
{"target": -167.9825540134765, "params": {"k_pid_pos": [1.7567288261121885, 0.005994678838301427, 1.0], "k_pid_alt": [1.9840620410838694, 0.002919173612552641, 0.011959763409307997], "k_pid_att": [11.538218750235536, 0.1700088752026894, 0.38409205621963755], "k_pid_yaw": [0.5, 1e-06, 0.1], "k_pid_hsp": [0.1418621068259752, 0.02309557786016278, 0.0], "k_pid_vsp": [248.40625349004895, 337.4695143545121, 0.9522539390384765]}, "datetime": {"datetime": "2025-08-21 18:54:34", "elapsed": 36591.11384129524, "delta": 17.610626459121704}, "costs": {"total_cost": 167.9825540134765, "time_cost": 68.92, "final_distance_cost": 1.8412463978429605, "oscillation_cost": 29.362168453843026, "completition_cost": 0.0, "overshoot_cost": 50.01986579317427, "power_cost": 8.383966992187501, "noise_cost": 9.45530637642872, "n_waypoints_completed": 9, "tot_waypoints": 9}}
{"target": -175.24598492484347, "params": {"k_pid_pos": [1.7279698240985943, 0.0063734588304083075, 1.0], "k_pid_alt": [2.0, 0.0026219886377628642, 0.009785377239214387], "k_pid_att": [11.508715879192414, 0.17869194140080538, 0.37740597199922704], "k_pid_yaw": [0.5, 1e-06, 0.1], "k_pid_hsp": [0.14882330584627776, 0.02241774823634496, 0.0], "k_pid_vsp": [275.76920033790145, 221.9729138776613, 1.043245193314977]}, "datetime": {"datetime": "2025-08-21 18:54:50", "elapsed": 36607.12272691727, "delta": 16.008885622024536}, "costs": {"total_cost": 175.24598492484347, "time_cost": 70.128, "final_distance_cost": 1.8465134477428409, "oscillation_cost": 28.18403338472204, "completition_cost": 0.0, "overshoot_cost": 50.40797376858939, "power_cost": 12.736065258789063, "noise_cost": 11.943399065000126, "n_waypoints_completed": 9, "tot_waypoints": 9}}
{"target": -174.23611185069456, "params": {"k_pid_pos": [1.9517580601992826, 0.007154830136483774, 1.0], "k_pid_alt": [1.890841142478776, 0.0020497340774588983, 0.012998962272001438], "k_pid_att": [13.313756604064174, 0.13007799238075268, 0.30509283930757586], "k_pid_yaw": [0.5, 1e-06, 0.1], "k_pid_hsp": [0.12941667849082225, 0.019633745529788967, 0.0], "k_pid_vsp": [242.81448650347116, 264.4434808703395, 1.2652632027209167]}, "datetime": {"datetime": "2025-08-21 18:55:07", "elapsed": 36624.05071544647, "delta": 16.927988529205322}, "costs": {"total_cost": 174.23611185069456, "time_cost": 69.728, "final_distance_cost": 1.826240463663871, "oscillation_cost": 28.485820825591002, "completition_cost": 0.0, "overshoot_cost": 50.333844898436, "power_cost": 12.402894677734375, "noise_cost": 11.459310985269315, "n_waypoints_completed": 9, "tot_waypoints": 9}}
{"target": -175.07068171426468, "params": {"k_pid_pos": [1.2773193910721035, 0.007040865916758597, 1.0], "k_pid_alt": [2.0, 0.002466298280304159, 0.011814657945367521], "k_pid_att": [7.764031735120542, 0.13366817054337396, 0.2505223933891536], "k_pid_yaw": [0.5, 1e-06, 0.1], "k_pid_hsp": [0.19862141530918676, 0.020080779061584147, 0.0], "k_pid_vsp": [284.2062775854888, 324.58055582818434, 0.8705957945870408]}, "datetime": {"datetime": "2025-08-21 18:55:24", "elapsed": 36641.178040504456, "delta": 17.1273250579834}, "costs": {"total_cost": 175.07068171426468, "time_cost": 73.232, "final_distance_cost": 1.8515053712033986, "oscillation_cost": 28.224369446010364, "completition_cost": 0.0, "overshoot_cost": 49.82114928617353, "power_cost": 10.744356799316407, "noise_cost": 11.197300811561016, "n_waypoints_completed": 9, "tot_waypoints": 9}}
