{"target": -1221.6545030220402, "params": {"k_pid_pos": [2.0, 0.14515189628709382, 0.5816043495215036], "k_pid_alt": [1.17970726329718, 0.011610686296955405, 0.04527890421575362], "k_pid_att": [38.58364419403753, 0.117234108362952, 0.7141122799602925], "k_pid_yaw": [0.5, 1e-06, 0.1], "k_pid_hsp": [0.0001, 0.019357491739396212, 0.0], "k_pid_vsp": [126.5824684051209, 316.543515822517, 8.90635812271424]}, "datetime": {"datetime": "2025-08-21 10:59:00", "elapsed": 8057.401580095291, "delta": 22.882981538772583}, "costs": {"total_cost": 1221.6545030220402, "time_cost": 150, "final_distance_cost": 64.08367075478694, "oscillation_cost": 6.965968791706113, "completition_cost": 888.8888888888888, "overshoot_cost": 81.40774535817297, "power_cost": 16.334620935058595, "noise_cost": 13.973608293426961, "n_waypoints_completed": 1, "tot_waypoints": 9}}
{"target": -174.69469578363675, "params": {"k_pid_pos": [2.0, 0.12041779419183922, 0.31833841701724], "k_pid_alt": [1.126576497407654, 0.009657559545565757, 0.04217080083231881], "k_pid_att": [45.425958874960486, 0.14024837447995428, 1.0], "k_pid_yaw": [0.5, 1e-06, 0.1], "k_pid_hsp": [0.2646014371174525, 0.0512314528063696, 0.0], "k_pid_vsp": [137.30661918630378, 175.47011849436103, 5.849905574528368]}, "datetime": {"datetime": "2025-08-21 10:59:16", "elapsed": 8072.937799453735, "delta": 15.536219358444214}, "costs": {"total_cost": 174.69469578363675, "time_cost": 68.584, "final_distance_cost": 1.7613582104142878, "oscillation_cost": 35.85344807271331, "completition_cost": 0.0, "overshoot_cost": 49.21105594928387, "power_cost": 9.68248271484375, "noise_cost": 9.602350836381525, "n_waypoints_completed": 9, "tot_waypoints": 9}}
{"target": -182.79433924879274, "params": {"k_pid_pos": [1.5140926245892885, 0.0, 0.5554876045510381], "k_pid_alt": [1.0260370103195748, 0.01360351095058968, 0.038493667799722416], "k_pid_att": [66.83297953401417, 0.20166792670184452, 1.0], "k_pid_yaw": [0.5, 1e-06, 0.1], "k_pid_hsp": [0.16416490204994705, 0.1094792672319838, 0.0], "k_pid_vsp": [307.26527299947946, 251.27042687643643, 4.016120603378416]}, "datetime": {"datetime": "2025-08-21 10:59:33", "elapsed": 8089.670634508133, "delta": 16.732835054397583}, "costs": {"total_cost": 182.79433924879274, "time_cost": 70.144, "final_distance_cost": 1.859730460157044, "oscillation_cost": 41.34713404218827, "completition_cost": 0.0, "overshoot_cost": 49.25558268530679, "power_cost": 9.788593725585939, "noise_cost": 10.399298335554679, "n_waypoints_completed": 9, "tot_waypoints": 9}}
{"target": -180.08947575558238, "params": {"k_pid_pos": [1.6854739930102693, 0.09783788650893395, 0.09475665468703488], "k_pid_alt": [1.7851796053865172, 0.004818492584433297, 0.01725346620808898], "k_pid_att": [20.755556117992423, 0.14965064007200166, 0.9365694340354134], "k_pid_yaw": [0.5, 1e-06, 0.1], "k_pid_hsp": [0.5926762271508675, 0.14705070784716065, 0.0], "k_pid_vsp": [243.13253402822565, 350.8477041218319, 5.186321688450529]}, "datetime": {"datetime": "2025-08-21 10:59:49", "elapsed": 8106.061005830765, "delta": 16.390371322631836}, "costs": {"total_cost": 180.08947575558238, "time_cost": 68.368, "final_distance_cost": 1.7622980572445213, "oscillation_cost": 39.16350505399272, "completition_cost": 0.0, "overshoot_cost": 49.32514343531911, "power_cost": 11.133732934570313, "noise_cost": 10.336796274455741, "n_waypoints_completed": 9, "tot_waypoints": 9}}
{"target": -178.46901867001296, "params": {"k_pid_pos": [1.547063089313337, 0.12067370424617026, 0.15666327659013957], "k_pid_alt": [1.2626265528170768, 0.016826815774402686, 0.03068385580783221], "k_pid_att": [58.51881951591929, 0.3111272393017846, 0.7412868140839662], "k_pid_yaw": [0.5, 1e-06, 0.1], "k_pid_hsp": [2.6851676796179933, 0.0803560446855135, 0.0], "k_pid_vsp": [79.19943741486937, 245.51309001682955, 4.16088715215234]}, "datetime": {"datetime": "2025-08-21 11:00:05", "elapsed": 8121.833931684494, "delta": 15.772925853729248}, "costs": {"total_cost": 178.46901867001296, "time_cost": 68.352, "final_distance_cost": 1.7927382722661225, "oscillation_cost": 38.13947246142956, "completition_cost": 0.0, "overshoot_cost": 50.37990246828657, "power_cost": 9.881218237304688, "noise_cost": 9.923687230725983, "n_waypoints_completed": 9, "tot_waypoints": 9}}
{"target": -183.91649182940623, "params": {"k_pid_pos": [1.7853578888492034, 0.18889854234651157, 0.23909377806023766], "k_pid_alt": [1.3170397963551477, 0.010787231710453052, 0.03655071003442402], "k_pid_att": [55.12187869802091, 0.21702269511918346, 1.0], "k_pid_yaw": [0.5, 1e-06, 0.1], "k_pid_hsp": [0.23559413942158391, 0.04783528533801188, 0.0], "k_pid_vsp": [68.55567159116752, 177.03875733907236, 3.37890779787965]}, "datetime": {"datetime": "2025-08-21 11:00:21", "elapsed": 8137.941908836365, "delta": 16.107977151870728}, "costs": {"total_cost": 183.91649182940623, "time_cost": 69.752, "final_distance_cost": 1.773690837316464, "oscillation_cost": 33.63224316551579, "completition_cost": 0.0, "overshoot_cost": 50.713356831144175, "power_cost": 15.307197106933595, "noise_cost": 12.738003888496221, "n_waypoints_completed": 9, "tot_waypoints": 9}}
{"target": -1218.0058929091895, "params": {"k_pid_pos": [1.5190314050286853, 0.0708031851896572, 0.6179630702832458], "k_pid_alt": [0.0, 0.012371208835786946, 0.10150648194487029], "k_pid_att": [50.55040602235919, 0.18432513848793788, 0.5637683667559986], "k_pid_yaw": [0.5, 1e-06, 0.1], "k_pid_hsp": [0.31035588915207174, 0.1051304407625178, 0.0], "k_pid_vsp": [146.7417074638051, 277.0210168027282, 6.785985232155229]}, "datetime": {"datetime": "2025-08-21 11:00:44", "elapsed": 8160.7365782260895, "delta": 22.79466938972473}, "costs": {"total_cost": 1218.0058929091895, "time_cost": 150, "final_distance_cost": 69.05702337952484, "oscillation_cost": 9.0310716301932, "completition_cost": 888.8888888888888, "overshoot_cost": 68.8823782254258, "power_cost": 16.03190458984375, "noise_cost": 16.114626195313036, "n_waypoints_completed": 1, "tot_waypoints": 9}}
{"target": -3605.9354947876595, "params": {"k_pid_pos": [1.9851659586386614, 0.1170091352346387, 0.6079602543668517], "k_pid_alt": [0.5495337929137375, 0.000608839940976535, 0.04506660686738408], "k_pid_att": [0.0, 0.13552796654049376, 0.6868327246553249], "k_pid_yaw": [0.5, 1e-06, 0.1], "k_pid_hsp": [0.5795725675691769, 0.04672381330229047, 0.0], "k_pid_vsp": [174.36694001414006, 231.39119703175206, 3.4776283353674766]}, "datetime": {"datetime": "2025-08-21 11:01:07", "elapsed": 8183.991443634033, "delta": 23.254865407943726}, "costs": {"total_cost": 3605.9354947876595, "time_cost": 150, "final_distance_cost": 890.6780222185455, "oscillation_cost": 205.92721311982604, "completition_cost": 1000.0, "overshoot_cost": 1253.7689189879418, "power_cost": 32.59099703369141, "noise_cost": 72.97034342765494, "n_waypoints_completed": 0, "tot_waypoints": 9}}
{"target": -1196.652602550637, "params": {"k_pid_pos": [1.8722555264636738, 0.16954047325467803, 0.351300328319138], "k_pid_alt": [0.0, 0.011340424102381166, 0.0694483706071958], "k_pid_att": [42.91115447925218, 0.20996393081864229, 1.0], "k_pid_yaw": [0.5, 1e-06, 0.1], "k_pid_hsp": [0.221289081152631, 0.06774207346056979, 0.0], "k_pid_vsp": [0.0, 303.95515139644755, 7.098022028193522]}, "datetime": {"datetime": "2025-08-21 11:01:30", "elapsed": 8206.845354795456, "delta": 22.85391116142273}, "costs": {"total_cost": 1196.652602550637, "time_cost": 150, "final_distance_cost": 46.92917181470529, "oscillation_cost": 7.062282709479403, "completition_cost": 888.8888888888888, "overshoot_cost": 69.95622180740394, "power_cost": 16.849692492675782, "noise_cost": 16.966344837484026, "n_waypoints_completed": 1, "tot_waypoints": 9}}
{"target": -1123.3721557564136, "params": {"k_pid_pos": [1.7688863669136758, 0.2324487155628345, 0.4185755335587597], "k_pid_alt": [1.2058168785990133, 0.011846695581419894, 0.05595772466223294], "k_pid_att": [55.725071718348865, 0.2489025206441147, 0.6371970405763665], "k_pid_yaw": [0.5, 1e-06, 0.1], "k_pid_hsp": [0.0001, 0.03265119326195612, 0.0], "k_pid_vsp": [277.99840831792784, 190.644695914442, 2.3412877502502174]}, "datetime": {"datetime": "2025-08-21 11:01:53", "elapsed": 8229.580035209656, "delta": 22.73468041419983}, "costs": {"total_cost": 1123.3721557564136, "time_cost": 150, "final_distance_cost": 86.66782251562618, "oscillation_cost": 16.030384379956736, "completition_cost": 777.7777777777778, "overshoot_cost": 70.47719908860957, "power_cost": 10.788900988769532, "noise_cost": 11.630071005673841, "n_waypoints_completed": 2, "tot_waypoints": 9}}
{"target": -181.88928191949387, "params": {"k_pid_pos": [1.4810098357298445, 0.16087438976605176, 0.7892169696592121], "k_pid_alt": [1.1533878180656743, 0.016173639868736447, 0.027059094408630552], "k_pid_att": [32.21073225114138, 0.2571953186110234, 0.8060577818865068], "k_pid_yaw": [0.5, 1e-06, 0.1], "k_pid_hsp": [0.9825587694432875, 0.13017947765035867, 0.0], "k_pid_vsp": [134.71293429252339, 130.16686592794522, 9.054607285583947]}, "datetime": {"datetime": "2025-08-21 11:02:09", "elapsed": 8245.641547679901, "delta": 16.06151247024536}, "costs": {"total_cost": 181.88928191949387, "time_cost": 70.34400000000001, "final_distance_cost": 1.8434034666243466, "oscillation_cost": 32.119841630844775, "completition_cost": 0.0, "overshoot_cost": 49.54100655437335, "power_cost": 15.155462194824219, "noise_cost": 12.885568072827166, "n_waypoints_completed": 9, "tot_waypoints": 9}}
{"target": -1199.0302953886298, "params": {"k_pid_pos": [1.4611332075866812, 0.2023726667346705, 0.025041161159321257], "k_pid_alt": [1.356902965193827, 0.011268765922547887, 0.03852288808806371], "k_pid_att": [68.00956455493659, 0.2816797391878166, 0.8927650435720382], "k_pid_yaw": [0.5, 1e-06, 0.1], "k_pid_hsp": [0.0001, 0.06379946548952338, 0.0], "k_pid_vsp": [200.19826486600093, 302.97833269950235, 2.7743855211164696]}, "datetime": {"datetime": "2025-08-21 11:02:32", "elapsed": 8268.546256542206, "delta": 22.904708862304688}, "costs": {"total_cost": 1199.0302953886298, "time_cost": 150, "final_distance_cost": 94.89418488683029, "oscillation_cost": 45.906591043292025, "completition_cost": 777.7777777777778, "overshoot_cost": 88.24462941069072, "power_cost": 24.15942442626953, "noise_cost": 18.047687843769552, "n_waypoints_completed": 2, "tot_waypoints": 9}}
{"target": -181.0597010332096, "params": {"k_pid_pos": [1.393517936973171, 0.16102139983154748, 0.4836051333541273], "k_pid_alt": [1.2382258126507741, 0.01535539280778638, 0.017186051595460133], "k_pid_att": [15.079685698434027, 0.1692196210279645, 0.9930816725187442], "k_pid_yaw": [0.5, 1e-06, 0.1], "k_pid_hsp": [0.38399606095268163, 0.038119068990529824, 0.0], "k_pid_vsp": [139.3248977806921, 400.0, 8.221866291865505]}, "datetime": {"datetime": "2025-08-21 11:02:48", "elapsed": 8284.585166215897, "delta": 16.038909673690796}, "costs": {"total_cost": 181.0597010332096, "time_cost": 70.19200000000001, "final_distance_cost": 1.8110277231976817, "oscillation_cost": 31.31701546320343, "completition_cost": 0.0, "overshoot_cost": 50.60105871102473, "power_cost": 14.680998181152345, "noise_cost": 12.457600954631388, "n_waypoints_completed": 9, "tot_waypoints": 9}}
{"target": -185.8201402306968, "params": {"k_pid_pos": [1.2265113918929698, 0.11895740501441669, 0.9286706460567355], "k_pid_alt": [1.9911833894372133, 0.00660165430629929, 0.035295118300273355], "k_pid_att": [24.890094868409875, 0.13037945677950188, 0.6977392310940677], "k_pid_yaw": [0.5, 1e-06, 0.1], "k_pid_hsp": [1.456630550712892, 0.012595354387548198, 0.0], "k_pid_vsp": [224.33978320926, 190.95772019893033, 6.461692842089119]}, "datetime": {"datetime": "2025-08-21 11:03:05", "elapsed": 8301.666150808334, "delta": 17.080984592437744}, "costs": {"total_cost": 185.8201402306968, "time_cost": 73.72800000000001, "final_distance_cost": 1.8484893825590158, "oscillation_cost": 32.61726880784188, "completition_cost": 0.0, "overshoot_cost": 50.85767700530855, "power_cost": 13.883554370117189, "noise_cost": 12.88515066487018, "n_waypoints_completed": 9, "tot_waypoints": 9}}
{"target": -1301.6633937969898, "params": {"k_pid_pos": [2.0, 0.1925281660410388, 0.7779041814220237], "k_pid_alt": [0.0, 0.010332857835402188, 0.036113878483586166], "k_pid_att": [12.1012489625818, 0.4258891636608549, 1.0], "k_pid_yaw": [0.5, 1e-06, 0.1], "k_pid_hsp": [0.5388650278271762, 0.07264857644094096, 0.0], "k_pid_vsp": [206.96171118491142, 314.0809281334571, 6.7628636245971725]}, "datetime": {"datetime": "2025-08-21 11:03:28", "elapsed": 8324.784887552261, "delta": 23.118736743927002}, "costs": {"total_cost": 1301.6633937969898, "time_cost": 150, "final_distance_cost": 42.68170432922772, "oscillation_cost": 4.521955750838447, "completition_cost": 1000.0, "overshoot_cost": 70.59494755800434, "power_cost": 16.859648571777345, "noise_cost": 17.005137587141963, "n_waypoints_completed": 0, "tot_waypoints": 9}}
{"target": -177.29922477721988, "params": {"k_pid_pos": [1.849910131009467, 0.04324186745494513, 0.7065711804117146], "k_pid_alt": [2.0, 0.011863278756673652, 0.05392847625203049], "k_pid_att": [57.126506677917284, 0.17973452504174145, 1.0], "k_pid_yaw": [0.5, 1e-06, 0.1], "k_pid_hsp": [0.5862816485333378, 0.04629916779151261, 0.0], "k_pid_vsp": [103.68815527208922, 37.47412924114774, 8.549316969293374]}, "datetime": {"datetime": "2025-08-21 11:03:44", "elapsed": 8340.866659641266, "delta": 16.081772089004517}, "costs": {"total_cost": 177.29922477721988, "time_cost": 69.696, "final_distance_cost": 1.8366526105565533, "oscillation_cost": 32.569534318555185, "completition_cost": 0.0, "overshoot_cost": 50.5732334797061, "power_cost": 11.646358703613283, "noise_cost": 10.977445664788732, "n_waypoints_completed": 9, "tot_waypoints": 9}}
{"target": -177.36726456518727, "params": {"k_pid_pos": [1.5196192288501937, 0.10553704656318026, 0.9538609818186804], "k_pid_alt": [1.5043766564030783, 0.0013351264059788804, 0.003964807814460978], "k_pid_att": [42.32718329139838, 0.17791654823416056, 0.7561274108770516], "k_pid_yaw": [0.5, 1e-06, 0.1], "k_pid_hsp": [0.583936617896775, 0.05799267330823179, 0.0], "k_pid_vsp": [169.65714799026458, 342.6743159430953, 6.457312053977991]}, "datetime": {"datetime": "2025-08-21 11:04:00", "elapsed": 8356.931827545166, "delta": 16.065167903900146}, "costs": {"total_cost": 177.36726456518727, "time_cost": 70.104, "final_distance_cost": 1.8341052321609614, "oscillation_cost": 31.543744964069095, "completition_cost": 0.0, "overshoot_cost": 49.722183758800384, "power_cost": 12.511843029785156, "noise_cost": 11.651387580371678, "n_waypoints_completed": 9, "tot_waypoints": 9}}
{"target": -1187.2885103087565, "params": {"k_pid_pos": [0.01786636951222516, 0.18301069552002977, 1.0], "k_pid_alt": [1.2185911608033884, 0.012803603604143498, 0.026465142465524612], "k_pid_att": [62.78321558044458, 0.020191906753419298, 0.6920028453707273], "k_pid_yaw": [0.5, 1e-06, 0.1], "k_pid_hsp": [0.22805916075933486, 0.04716007636733283, 0.0], "k_pid_vsp": [125.94524555976159, 214.5577237549153, 8.677692286822596]}, "datetime": {"datetime": "2025-08-21 11:04:23", "elapsed": 8379.771008729935, "delta": 22.839181184768677}, "costs": {"total_cost": 1187.2885103087565, "time_cost": 150, "final_distance_cost": 67.88557063018766, "oscillation_cost": 6.899850035263291, "completition_cost": 888.8888888888888, "overshoot_cost": 48.017379066513435, "power_cost": 13.067981176757813, "noise_cost": 12.528840511145527, "n_waypoints_completed": 1, "tot_waypoints": 9}}
{"target": -183.21818271125198, "params": {"k_pid_pos": [2.0, 0.11288907064979652, 0.3059668104668069], "k_pid_alt": [1.4973678023576715, 0.011827067807226138, 0.02149393379903944], "k_pid_att": [42.787406861395, 0.08942548326165319, 1.0], "k_pid_yaw": [0.5, 1e-06, 0.1], "k_pid_hsp": [0.1931996316205881, 0.08089126887627718, 0.0], "k_pid_vsp": [212.86079305095132, 400.0, 2.3670658830923044]}, "datetime": {"datetime": "2025-08-21 11:04:39", "elapsed": 8395.467955827713, "delta": 15.69694709777832}, "costs": {"total_cost": 183.21818271125198, "time_cost": 68.96000000000001, "final_distance_cost": 1.7970475319016797, "oscillation_cost": 39.65857988394608, "completition_cost": 0.0, "overshoot_cost": 49.923352981127955, "power_cost": 11.977684118652345, "noise_cost": 10.901518195623902, "n_waypoints_completed": 9, "tot_waypoints": 9}}
{"target": -187.1928663660752, "params": {"k_pid_pos": [1.8378114628796365, 0.31778434203173717, 0.5425078484357709], "k_pid_alt": [0.8255323157096575, 0.015028527816424525, 0.0633930987293801], "k_pid_att": [52.08170322450752, 0.1740419524343817, 0.18217521776285725], "k_pid_yaw": [0.5, 1e-06, 0.1], "k_pid_hsp": [0.7520088406837182, 0.022656918758073834, 0.0], "k_pid_vsp": [140.49197460327082, 324.86645398730775, 7.965839012264909]}, "datetime": {"datetime": "2025-08-21 11:04:55", "elapsed": 8412.361325740814, "delta": 16.893369913101196}, "costs": {"total_cost": 187.1928663660752, "time_cost": 72.224, "final_distance_cost": 1.7940679618436997, "oscillation_cost": 38.16424316845887, "completition_cost": 0.0, "overshoot_cost": 49.97676354127088, "power_cost": 13.33728358154297, "noise_cost": 11.696508112958794, "n_waypoints_completed": 9, "tot_waypoints": 9}}
{"target": -1193.482231771751, "params": {"k_pid_pos": [1.5816226681221248, 0.16531840995327535, 0.03671983828921662], "k_pid_alt": [0.9010042793518589, 0.006125793335239137, 0.04199847314313696], "k_pid_att": [27.259841109983572, 0.23171490445923404, 0.5349684558480255], "k_pid_yaw": [0.5, 1e-06, 0.1], "k_pid_hsp": [0.0001, 0.0, 0.0], "k_pid_vsp": [137.42463446549417, 400.0, 1.385553388439253]}, "datetime": {"datetime": "2025-08-21 11:05:18", "elapsed": 8434.986973047256, "delta": 22.62564730644226}, "costs": {"total_cost": 1193.482231771751, "time_cost": 150, "final_distance_cost": 47.13971972921479, "oscillation_cost": 0.004154352091657287, "completition_cost": 888.8888888888888, "overshoot_cost": 84.13424928964557, "power_cost": 11.29995029296875, "noise_cost": 12.01526921894118, "n_waypoints_completed": 1, "tot_waypoints": 9}}
{"target": -423.4012334503095, "params": {"k_pid_pos": [1.3092577435169577, 0.11446695148642129, 0.6191546298345755], "k_pid_alt": [0.7037029750765028, 0.014859683311290154, 0.0012078084794462645], "k_pid_att": [19.249613854444963, 0.3144739117087478, 1.0], "k_pid_yaw": [0.5, 1e-06, 0.1], "k_pid_hsp": [0.020576131758082556, 0.03298425758366008, 0.0], "k_pid_vsp": [227.49963373532339, 246.3722297040058, 10.798634116755148]}, "datetime": {"datetime": "2025-08-21 11:05:41", "elapsed": 8457.853655815125, "delta": 22.866682767868042}, "costs": {"total_cost": 423.4012334503095, "time_cost": 150, "final_distance_cost": 21.504468305610704, "oscillation_cost": 33.449744274872195, "completition_cost": 111.11111111111116, "overshoot_cost": 59.98299361039246, "power_cost": 28.27259284667969, "noise_cost": 19.08032330164331, "n_waypoints_completed": 8, "tot_waypoints": 9}}
{"target": -174.62736583391418, "params": {"k_pid_pos": [1.140740928833265, 0.0, 0.0], "k_pid_alt": [1.0943311637300217, 0.013560643094304707, 0.0], "k_pid_att": [54.62536240119815, 0.30096634636863145, 0.9267637905581321], "k_pid_yaw": [0.5, 1e-06, 0.1], "k_pid_hsp": [0.1911877208425751, 0.02400277879694276, 0.0], "k_pid_vsp": [124.92099696628235, 336.5541259324296, 6.9367729909163565]}, "datetime": {"datetime": "2025-08-21 11:05:57", "elapsed": 8473.739985466003, "delta": 15.886329650878906}, "costs": {"total_cost": 174.62736583391418, "time_cost": 68.68, "final_distance_cost": 1.7952869147756085, "oscillation_cost": 32.60968487477317, "completition_cost": 0.0, "overshoot_cost": 49.30715836813428, "power_cost": 11.560713732910157, "noise_cost": 10.674521943320961, "n_waypoints_completed": 9, "tot_waypoints": 9}}
{"target": -1224.9198111632859, "params": {"k_pid_pos": [1.1156885872797284, 0.14851158860276978, 0.4345406312519806], "k_pid_alt": [1.354326044103484, 0.013615359570401145, 0.05044027235049659], "k_pid_att": [70.37553288927215, 0.10334788455185621, 1.0], "k_pid_yaw": [0.5, 1e-06, 0.1], "k_pid_hsp": [0.0001, 0.012081152568562598, 0.0], "k_pid_vsp": [295.3450463376095, 354.7563852504424, 8.751912202372653]}, "datetime": {"datetime": "2025-08-21 11:06:19", "elapsed": 8496.421303272247, "delta": 22.681317806243896}, "costs": {"total_cost": 1224.9198111632859, "time_cost": 150, "final_distance_cost": 62.97803549776016, "oscillation_cost": 8.890620294008622, "completition_cost": 888.8888888888888, "overshoot_cost": 87.35014716962006, "power_cost": 14.176063427734375, "noise_cost": 12.636055885273942, "n_waypoints_completed": 1, "tot_waypoints": 9}}
{"target": -192.02253393178, "params": {"k_pid_pos": [1.2939817084057117, 0.06795411775277317, 0.5899431016821745], "k_pid_alt": [2.0, 0.018024906723381046, 0.07952864247847442], "k_pid_att": [37.132612719458905, 0.08604161666505598, 0.07505616974476692], "k_pid_yaw": [0.5, 1e-06, 0.1], "k_pid_hsp": [0.1035454487190306, 0.05011044827974694, 0.0], "k_pid_vsp": [354.0721686072358, 137.0056365464965, 3.7148429346820655]}, "datetime": {"datetime": "2025-08-21 11:06:36", "elapsed": 8513.117542743683, "delta": 16.696239471435547}, "costs": {"total_cost": 192.02253393178, "time_cost": 72.248, "final_distance_cost": 1.8502869340685477, "oscillation_cost": 33.955247138284385, "completition_cost": 0.0, "overshoot_cost": 52.025848719571805, "power_cost": 17.54812421875, "noise_cost": 14.395026921105275, "n_waypoints_completed": 9, "tot_waypoints": 9}}
