{"target": -184.55860776968981, "params": {"k_pid_pos": [1.0815568430783735, 0.1777894498513433, 0.5721712376098933], "k_pid_alt": [1.249087509649128, 0.01175143890271992, 0.033303844745088754], "k_pid_att": [44.1689931768579, 0.2853764028392218, 0.11438556098908477], "k_pid_yaw": [0.5, 1e-06, 0.1], "k_pid_hsp": [0.8766273806822005, 0.01709148374376594, 0.0], "k_pid_vsp": [299.3803174333894, 255.25724308086197, 0.8779895792430142]}, "datetime": {"datetime": "2025-08-21 11:14:14", "elapsed": 8970.62684226036, "delta": 16.7860324382782}, "costs": {"total_cost": 184.55860776968981, "time_cost": 73.47200000000001, "final_distance_cost": 1.8278573142654981, "oscillation_cost": 30.638833691884713, "completition_cost": 0.0, "overshoot_cost": 51.018979987161856, "power_cost": 14.53697587890625, "noise_cost": 13.063960897471476, "n_waypoints_completed": 9, "tot_waypoints": 9}}
{"target": -176.38340756771532, "params": {"k_pid_pos": [2.0, 0.10043288567195419, 0.32429172564929204], "k_pid_alt": [1.1683322346612701, 0.011764550168516788, 0.036332845977218524], "k_pid_att": [47.37636483236059, 0.07049119400325783, 0.8831421184108788], "k_pid_yaw": [0.5, 1e-06, 0.1], "k_pid_hsp": [0.5081957062354737, 0.0, 0.0], "k_pid_vsp": [304.54235440452635, 82.76214624652575, 1.8267499320855192]}, "datetime": {"datetime": "2025-08-21 11:14:30", "elapsed": 8986.963725805283, "delta": 16.336883544921875}, "costs": {"total_cost": 176.38340756771532, "time_cost": 69.296, "final_distance_cost": 1.7764801908516628, "oscillation_cost": 32.28169563741313, "completition_cost": 0.0, "overshoot_cost": 50.47057492326385, "power_cost": 11.687983361816407, "noise_cost": 10.870673454370255, "n_waypoints_completed": 9, "tot_waypoints": 9}}
{"target": -191.8056688645899, "params": {"k_pid_pos": [1.8963929482145316, 0.10938129280879481, 0.15412182132345878], "k_pid_alt": [2.0, 0.012722305490312167, 0.10994376967391352], "k_pid_att": [45.521383772437865, 0.25127651474640345, 0.9282484962106402], "k_pid_yaw": [0.5, 1e-06, 0.1], "k_pid_hsp": [0.143248172054676, 0.050439952000791176, 0.0], "k_pid_vsp": [238.67108569810918, 400.0, 3.816627839471888]}, "datetime": {"datetime": "2025-08-21 11:14:47", "elapsed": 9003.559809923172, "delta": 16.596084117889404}, "costs": {"total_cost": 191.8056688645899, "time_cost": 72.60000000000001, "final_distance_cost": 1.7456647337375746, "oscillation_cost": 40.25265310417929, "completition_cost": 0.0, "overshoot_cost": 50.50948258213191, "power_cost": 14.407467358398439, "noise_cost": 12.29040108614271, "n_waypoints_completed": 9, "tot_waypoints": 9}}
{"target": -169.91980246385765, "params": {"k_pid_pos": [1.4792665507772285, 0.132841850658977, 0.6905411292045086], "k_pid_alt": [1.3254440381889525, 0.005307094070311214, 0.09750924699445475], "k_pid_att": [35.62745880492459, 0.19635603967446225, 0.6220781838880051], "k_pid_yaw": [0.5, 1e-06, 0.1], "k_pid_hsp": [0.4681740810482751, 0.05963053170939923, 0.0], "k_pid_vsp": [124.0770915987789, 244.86184684554462, 1e-06]}, "datetime": {"datetime": "2025-08-21 11:15:03", "elapsed": 9019.75481724739, "delta": 16.19500732421875}, "costs": {"total_cost": 169.91980246385765, "time_cost": 69.408, "final_distance_cost": 1.8392543400066537, "oscillation_cost": 31.703579135127708, "completition_cost": 0.0, "overshoot_cost": 49.31120192190173, "power_cost": 8.334403991699219, "noise_cost": 9.323363075122353, "n_waypoints_completed": 9, "tot_waypoints": 9}}
{"target": -207.76618373361168, "params": {"k_pid_pos": [2.0, 0.06619502679493548, 0.569180742191322], "k_pid_alt": [0.6102980726212964, 0.02852338833152857, 0.0009784753394851038], "k_pid_att": [100.0, 0.264004990760266, 1.0], "k_pid_yaw": [0.5, 1e-06, 0.1], "k_pid_hsp": [0.4403291468681571, 0.025730398651351082, 0.0], "k_pid_vsp": [212.4594561525646, 400.0, 3.5492358183102066]}, "datetime": {"datetime": "2025-08-21 11:15:24", "elapsed": 9040.550647735596, "delta": 20.795830488204956}, "costs": {"total_cost": 207.76618373361168, "time_cost": 86.336, "final_distance_cost": 1.7999459565268137, "oscillation_cost": 38.19029472569664, "completition_cost": 0.0, "overshoot_cost": 50.91126599789612, "power_cost": 16.394965771484376, "noise_cost": 14.133711282007743, "n_waypoints_completed": 9, "tot_waypoints": 9}}
{"target": -199.55253823924906, "params": {"k_pid_pos": [0.5367300890014988, 0.006166840048313633, 0.2633560595336914], "k_pid_alt": [1.7391101231214379, 0.009794102501436225, 0.012194594291986133], "k_pid_att": [82.03875311495115, 0.23735551390936568, 0.46943520708715525], "k_pid_yaw": [0.5, 1e-06, 0.1], "k_pid_hsp": [0.5998492191734504, 0.07763250113502346, 0.0], "k_pid_vsp": [42.597050142251845, 201.15233535291168, 9.360214492616265]}, "datetime": {"datetime": "2025-08-21 11:15:43", "elapsed": 9059.615938901901, "delta": 19.065291166305542}, "costs": {"total_cost": 199.55253823924906, "time_cost": 84.656, "final_distance_cost": 1.8547834125228455, "oscillation_cost": 32.81615263211199, "completition_cost": 0.0, "overshoot_cost": 51.69369113170793, "power_cost": 13.832085607910157, "noise_cost": 14.699825454996132, "n_waypoints_completed": 9, "tot_waypoints": 9}}
{"target": -188.9614235700496, "params": {"k_pid_pos": [1.7494099950449449, 0.17862272899399823, 0.5157772296016012], "k_pid_alt": [2.0, 0.005193970900017984, 0.05425174226118198], "k_pid_att": [47.73658155624404, 0.14058125954919434, 0.3834975269909074], "k_pid_yaw": [0.5, 1e-06, 0.1], "k_pid_hsp": [0.7166901238669746, 0.163846326833096, 0.0], "k_pid_vsp": [135.69516122202893, 65.06551346423525, 6.947237161074956]}, "datetime": {"datetime": "2025-08-21 11:15:59", "elapsed": 9076.028380155563, "delta": 16.41244125366211}, "costs": {"total_cost": 188.9614235700496, "time_cost": 71.136, "final_distance_cost": 1.8116922844452372, "oscillation_cost": 34.99911254439887, "completition_cost": 0.0, "overshoot_cost": 51.15214201884648, "power_cost": 16.50627947998047, "noise_cost": 13.356197242378514, "n_waypoints_completed": 9, "tot_waypoints": 9}}
{"target": -178.43135206412975, "params": {"k_pid_pos": [1.9049964935092574, 0.193348036914984, 0.9471019462828784], "k_pid_alt": [1.877522821058401, 0.0028843186881086177, 0.0375634903193516], "k_pid_att": [49.00151792853575, 0.15396300570227325, 0.8531092163059452], "k_pid_yaw": [0.5, 1e-06, 0.1], "k_pid_hsp": [0.7833583788358006, 0.031015402810779958, 0.0], "k_pid_vsp": [249.8603892100784, 273.18348533384125, 6.235611852047149]}, "datetime": {"datetime": "2025-08-21 11:16:15", "elapsed": 9092.198760986328, "delta": 16.17038083076477}, "costs": {"total_cost": 178.43135206412975, "time_cost": 69.72, "final_distance_cost": 1.826434136885571, "oscillation_cost": 31.132464268112557, "completition_cost": 0.0, "overshoot_cost": 50.56758656613123, "power_cost": 13.236433642578126, "noise_cost": 11.948433450422272, "n_waypoints_completed": 9, "tot_waypoints": 9}}
{"target": -1217.0521133055627, "params": {"k_pid_pos": [2.0, 0.047139195983689576, 0.29494113504477043], "k_pid_alt": [0.0, 0.012357621317045979, 0.050937917399741996], "k_pid_att": [25.31452992443839, 0.17134274955585097, 1.0], "k_pid_yaw": [0.5, 1e-06, 0.1], "k_pid_hsp": [0.9219083048405222, 0.07957173043384398, 0.0], "k_pid_vsp": [276.4462273891972, 165.5685367919161, 8.647258297039484]}, "datetime": {"datetime": "2025-08-21 11:16:38", "elapsed": 9115.002122879028, "delta": 22.803361892700195}, "costs": {"total_cost": 1217.0521133055627, "time_cost": 150, "final_distance_cost": 68.17549471470149, "oscillation_cost": 10.905616842090843, "completition_cost": 888.8888888888888, "overshoot_cost": 66.81784158470698, "power_cost": 16.157066723632813, "noise_cost": 16.107204551541713, "n_waypoints_completed": 1, "tot_waypoints": 9}}
{"target": -185.8240229340612, "params": {"k_pid_pos": [1.3847182531506947, 0.08418749546720648, 0.33785870529836887], "k_pid_alt": [1.3459056466829988, 0.013273388749511584, 0.06907110609920787], "k_pid_att": [91.82267922388782, 0.29119989940452823, 0.8304889818632114], "k_pid_yaw": [0.5, 1e-06, 0.1], "k_pid_hsp": [0.7343073301686512, 0.0, 0.0], "k_pid_vsp": [63.001662196497854, 212.80017071390282, 4.152911046165922]}, "datetime": {"datetime": "2025-08-21 11:16:55", "elapsed": 9131.519503355026, "delta": 16.517380475997925}, "costs": {"total_cost": 185.8240229340612, "time_cost": 70.28, "final_distance_cost": 1.8258696602980866, "oscillation_cost": 32.85705966171744, "completition_cost": 0.0, "overshoot_cost": 51.18919851603257, "power_cost": 16.20941892089844, "noise_cost": 13.462476175114661, "n_waypoints_completed": 9, "tot_waypoints": 9}}
{"target": -174.60767468872695, "params": {"k_pid_pos": [0.9999354084104466, 0.057322331971998854, 0.22676530847226006], "k_pid_alt": [2.0, 0.019817003750772205, 0.09563098441797326], "k_pid_att": [64.16300557114022, 0.24362086656322346, 0.7719307160251581], "k_pid_yaw": [0.5, 1e-06, 0.1], "k_pid_hsp": [0.7865020281613052, 0.0530207664425914, 0.0], "k_pid_vsp": [355.40640184006867, 203.67045442881934, 1e-06]}, "datetime": {"datetime": "2025-08-21 11:17:11", "elapsed": 9147.864542722702, "delta": 16.34503936767578}, "costs": {"total_cost": 174.60767468872695, "time_cost": 70.016, "final_distance_cost": 1.8373084616465314, "oscillation_cost": 29.82386508298594, "completition_cost": 0.0, "overshoot_cost": 50.44697812419637, "power_cost": 11.323850024414064, "noise_cost": 11.159672995484035, "n_waypoints_completed": 9, "tot_waypoints": 9}}
{"target": -181.0230366584464, "params": {"k_pid_pos": [1.8457831766573907, 0.13032531458013383, 1.0], "k_pid_alt": [2.0, 0.009275107247984873, 0.1090498209687399], "k_pid_att": [42.92981286594823, 0.039480069512546116, 0.5072068298616063], "k_pid_yaw": [0.5, 1e-06, 0.1], "k_pid_hsp": [0.41302848954448157, 0.0646562906597649, 0.0], "k_pid_vsp": [400.0, 143.46761698996173, 7.06613604198989]}, "datetime": {"datetime": "2025-08-21 11:17:27", "elapsed": 9164.042481660843, "delta": 16.17793893814087}, "costs": {"total_cost": 181.0230366584464, "time_cost": 71.008, "final_distance_cost": 1.8357099397247085, "oscillation_cost": 31.925403128621486, "completition_cost": 0.0, "overshoot_cost": 51.01001865975766, "power_cost": 13.308711682128907, "noise_cost": 11.935193248213633, "n_waypoints_completed": 9, "tot_waypoints": 9}}
{"target": -177.83666730213523, "params": {"k_pid_pos": [1.8144344079780679, 0.16596422454241297, 0.676991213872766], "k_pid_alt": [1.5796302721248068, 0.009715812766760262, 0.10788946110829978], "k_pid_att": [62.084317996657994, 0.2446024579656552, 0.5878189631016798], "k_pid_yaw": [0.5, 1e-06, 0.1], "k_pid_hsp": [0.4583885990437686, 0.13130206162617164, 0.0], "k_pid_vsp": [120.65669277348536, 209.62125295854176, 7.017057326098144]}, "datetime": {"datetime": "2025-08-21 11:17:43", "elapsed": 9179.92394065857, "delta": 15.88145899772644}, "costs": {"total_cost": 177.83666730213523, "time_cost": 69.304, "final_distance_cost": 1.8364737564363562, "oscillation_cost": 33.54197492160272, "completition_cost": 0.0, "overshoot_cost": 49.77700077665486, "power_cost": 12.2125388671875, "noise_cost": 11.16467898025378, "n_waypoints_completed": 9, "tot_waypoints": 9}}
{"target": -176.9498732189643, "params": {"k_pid_pos": [1.8555673583371377, 0.11146839543054084, 0.7406736716018382], "k_pid_alt": [2.0, 0.011369258350201852, 0.05009517290946185], "k_pid_att": [64.62621615442269, 0.21273775854660784, 1.0], "k_pid_yaw": [0.5, 1e-06, 0.1], "k_pid_hsp": [0.4530449296961196, 0.07255649467153237, 0.0], "k_pid_vsp": [373.45761574444913, 193.71700355311012, 3.436443887021541]}, "datetime": {"datetime": "2025-08-21 11:17:59", "elapsed": 9195.8661236763, "delta": 15.942183017730713}, "costs": {"total_cost": 176.9498732189643, "time_cost": 69.528, "final_distance_cost": 1.8321838292474775, "oscillation_cost": 31.0989085955092, "completition_cost": 0.0, "overshoot_cost": 50.44047143129358, "power_cost": 12.594079260253906, "noise_cost": 11.456230102660156, "n_waypoints_completed": 9, "tot_waypoints": 9}}
{"target": -223.18280198211855, "params": {"k_pid_pos": [0.9042896626827743, 0.09507280420304372, 0.3203390183537847], "k_pid_alt": [1.073467737245046, 0.010068523577416071, 0.06300040770397826], "k_pid_att": [17.74899521080469, 0.2499436129379851, 1.0], "k_pid_yaw": [0.5, 1e-06, 0.1], "k_pid_hsp": [0.039541088046898785, 0.07902207483898858, 0.0], "k_pid_vsp": [271.97651743012193, 311.24748135415103, 2.8179961121010133]}, "datetime": {"datetime": "2025-08-21 11:18:18", "elapsed": 9214.45851111412, "delta": 18.592387437820435}, "costs": {"total_cost": 223.18280198211855, "time_cost": 78.888, "final_distance_cost": 1.8092381944855056, "oscillation_cost": 57.08053565785137, "completition_cost": 0.0, "overshoot_cost": 55.03105310505426, "power_cost": 16.458794055175783, "noise_cost": 13.915180969551617, "n_waypoints_completed": 9, "tot_waypoints": 9}}
{"target": -196.61175574728918, "params": {"k_pid_pos": [2.0, 0.14951288480644698, 0.22519916528686793], "k_pid_alt": [1.3881537335254361, 0.003241359106084172, 0.07803074582457757], "k_pid_att": [51.655232189599324, 0.07751630982053052, 0.6961525480637114], "k_pid_yaw": [0.5, 1e-06, 0.1], "k_pid_hsp": [0.2869537715793802, 0.042941328355567, 0.0], "k_pid_vsp": [400.0, 233.8688037010862, 9.756905713047937]}, "datetime": {"datetime": "2025-08-21 11:18:34", "elapsed": 9230.70950627327, "delta": 16.25099515914917}, "costs": {"total_cost": 196.61175574728918, "time_cost": 70.904, "final_distance_cost": 1.782618529424806, "oscillation_cost": 37.19111404841791, "completition_cost": 0.0, "overshoot_cost": 51.06005260293533, "power_cost": 20.716730505371096, "noise_cost": 14.957240061140018, "n_waypoints_completed": 9, "tot_waypoints": 9}}
{"target": -182.27073749121965, "params": {"k_pid_pos": [1.9956571219224397, 0.18465347506889518, 0.839150194298528], "k_pid_alt": [1.7669293273515567, 0.005440486770649201, 0.06965074532582664], "k_pid_att": [41.44114483753495, 0.28127601730696083, 1.0], "k_pid_yaw": [0.5, 1e-06, 0.1], "k_pid_hsp": [0.3983338387395768, 0.06763005753977823, 0.0], "k_pid_vsp": [52.45815945423217, 112.03419926445424, 3.908982409531015]}, "datetime": {"datetime": "2025-08-21 11:18:50", "elapsed": 9246.87125992775, "delta": 16.16175365447998}, "costs": {"total_cost": 182.27073749121965, "time_cost": 69.912, "final_distance_cost": 1.8100461119532898, "oscillation_cost": 31.570444697215827, "completition_cost": 0.0, "overshoot_cost": 50.91746894446327, "power_cost": 15.205447412109375, "noise_cost": 12.855330325477858, "n_waypoints_completed": 9, "tot_waypoints": 9}}
{"target": -2001.6294083187722, "params": {"k_pid_pos": [1.1641204008166168, 0.15808648490082866, 0.44462498504005515], "k_pid_alt": [2.0, 0.0070178477920788155, 0.004129318603622624], "k_pid_att": [0.0, 0.10398465580633139, 1.0], "k_pid_yaw": [0.5, 1e-06, 0.1], "k_pid_hsp": [0.43205348134545035, 0.012741111636333206, 0.0], "k_pid_vsp": [253.47959898620934, 118.46571719489397, 5.018913829712342]}, "datetime": {"datetime": "2025-08-21 11:19:13", "elapsed": 9269.787845134735, "delta": 22.916585206985474}, "costs": {"total_cost": 2001.6294083187722, "time_cost": 150, "final_distance_cost": 481.112877495417, "oscillation_cost": 60.79484077595812, "completition_cost": 777.7777777777778, "overshoot_cost": 451.13746778963724, "power_cost": 28.451154614257813, "noise_cost": 52.355289865724274, "n_waypoints_completed": 2, "tot_waypoints": 9}}
{"target": -187.35057376990832, "params": {"k_pid_pos": [0.9385938807508047, 0.12136204069532879, 0.6557002376659448], "k_pid_alt": [0.758648434806244, 0.006052553558576833, 0.08077617182984582], "k_pid_att": [40.11806099902751, 0.20827990258179327, 1.0], "k_pid_yaw": [0.5, 1e-06, 0.1], "k_pid_hsp": [0.21146441336362531, 0.02929539112823232, 0.0], "k_pid_vsp": [400.0, 359.6218354291038, 3.3077048283501846]}, "datetime": {"datetime": "2025-08-21 11:19:31", "elapsed": 9287.599439620972, "delta": 17.811594486236572}, "costs": {"total_cost": 187.35057376990832, "time_cost": 77.248, "final_distance_cost": 1.8461111561157126, "oscillation_cost": 27.032799327887865, "completition_cost": 0.0, "overshoot_cost": 51.03020728683615, "power_cost": 16.091745239257815, "noise_cost": 14.101710759810766, "n_waypoints_completed": 9, "tot_waypoints": 9}}
{"target": -198.1616888844582, "params": {"k_pid_pos": [0.6052154650448174, 0.15948342047582273, 0.43914530573403937], "k_pid_alt": [1.8412972084855541, 0.005607810468948193, 0.1220444447380712], "k_pid_att": [40.83425526194116, 0.1470879397459843, 0.8572353372711875], "k_pid_yaw": [0.5, 1e-06, 0.1], "k_pid_hsp": [0.6453634961876086, 0.02883226870800874, 0.0], "k_pid_vsp": [142.02680817384393, 116.6481814763174, 23.614488934228092]}, "datetime": {"datetime": "2025-08-21 11:19:50", "elapsed": 9307.070932865143, "delta": 19.471493244171143}, "costs": {"total_cost": 198.1616888844582, "time_cost": 83.136, "final_distance_cost": 1.8394705690918747, "oscillation_cost": 32.67077829692422, "completition_cost": 0.0, "overshoot_cost": 51.40662355173496, "power_cost": 15.256558947753907, "noise_cost": 13.85225751895323, "n_waypoints_completed": 9, "tot_waypoints": 9}}
{"target": -174.59735135512128, "params": {"k_pid_pos": [1.4493280190461941, 0.15018812405611115, 0.6822255745116882], "k_pid_alt": [2.0, 0.008115876825928865, 0.11184284257207322], "k_pid_att": [56.77354375550692, 0.21270316388777652, 0.5065995546832124], "k_pid_yaw": [0.5, 1e-06, 0.1], "k_pid_hsp": [0.7192132139888137, 0.09776661963758904, 0.0], "k_pid_vsp": [283.23312079461704, 247.12294284750442, 4.778894560245494]}, "datetime": {"datetime": "2025-08-21 11:20:06", "elapsed": 9323.30399441719, "delta": 16.23306155204773}, "costs": {"total_cost": 174.59735135512128, "time_cost": 69.784, "final_distance_cost": 1.8371711025544684, "oscillation_cost": 32.00888719383199, "completition_cost": 0.0, "overshoot_cost": 50.30620523722073, "power_cost": 10.287080920410157, "noise_cost": 10.37400690110395, "n_waypoints_completed": 9, "tot_waypoints": 9}}
{"target": -180.23752873305105, "params": {"k_pid_pos": [1.1182364422109545, 0.11189080492790641, 0.220840466916039], "k_pid_alt": [1.543502317729062, 0.012093629649909602, 0.07535993620523397], "k_pid_att": [57.96199261335957, 0.13880871957246677, 0.13634116714855618], "k_pid_yaw": [0.5, 1e-06, 0.1], "k_pid_hsp": [0.49106939994091786, 0.05559400157154123, 0.0], "k_pid_vsp": [381.8007890903918, 229.5177312968457, 2.7290275850370804]}, "datetime": {"datetime": "2025-08-21 11:20:22", "elapsed": 9339.18141245842, "delta": 15.877418041229248}, "costs": {"total_cost": 180.23752873305105, "time_cost": 69.688, "final_distance_cost": 1.826400796321735, "oscillation_cost": 34.02202279525398, "completition_cost": 0.0, "overshoot_cost": 50.426800044450346, "power_cost": 12.670654760742188, "noise_cost": 11.60365033628277, "n_waypoints_completed": 9, "tot_waypoints": 9}}
{"target": -177.21638226319402, "params": {"k_pid_pos": [2.0, 0.14213582290105473, 0.5809289771438504], "k_pid_alt": [2.0, 0.014141365169663453, 0.06810158511214508], "k_pid_att": [4.225279070999302, 0.19535214180701133, 0.8229811048245684], "k_pid_yaw": [0.5, 1e-06, 0.1], "k_pid_hsp": [0.5002316678903078, 0.132732091263473, 0.0], "k_pid_vsp": [400.0, 250.878415506995, 3.860816330069215]}, "datetime": {"datetime": "2025-08-21 11:20:38", "elapsed": 9354.71643781662, "delta": 15.535025358200073}, "costs": {"total_cost": 177.21638226319402, "time_cost": 68.672, "final_distance_cost": 1.770644128450449, "oscillation_cost": 36.79605609214171, "completition_cost": 0.0, "overshoot_cost": 50.16951285672608, "power_cost": 9.988685827636719, "noise_cost": 9.819483358239058, "n_waypoints_completed": 9, "tot_waypoints": 9}}
{"target": -195.48928316280146, "params": {"k_pid_pos": [1.1063379794449564, 0.19975885535782742, 0.38481026665183576], "k_pid_alt": [2.0, 0.00908934245873177, 0.07155687355601625], "k_pid_att": [51.57991013932074, 0.0001, 0.785873126103566], "k_pid_yaw": [0.5, 1e-06, 0.1], "k_pid_hsp": [0.5379153557855079, 0.08987686875946922, 0.0], "k_pid_vsp": [221.17989560482872, 159.154843034964, 7.6389053935952305]}, "datetime": {"datetime": "2025-08-21 11:20:55", "elapsed": 9372.137955188751, "delta": 17.421517372131348}, "costs": {"total_cost": 195.48928316280146, "time_cost": 76.312, "final_distance_cost": 1.8330075384004034, "oscillation_cost": 31.669358098313197, "completition_cost": 0.0, "overshoot_cost": 52.212049450391405, "power_cost": 18.317738732910158, "noise_cost": 15.145129342786285, "n_waypoints_completed": 9, "tot_waypoints": 9}}
{"target": -177.88385479206266, "params": {"k_pid_pos": [1.8242558032768488, 0.1444194142306928, 0.30181692214743333], "k_pid_alt": [1.1489466910807578, 0.0, 0.0790178523346126], "k_pid_att": [25.560181585883896, 0.1332061764574323, 0.9732437597945399], "k_pid_yaw": [0.5, 1e-06, 0.1], "k_pid_hsp": [0.5067244614655069, 0.026720631894076936, 0.0], "k_pid_vsp": [240.58365758601067, 250.45047806701712, 2.0332864215459114]}, "datetime": {"datetime": "2025-08-21 11:21:11", "elapsed": 9388.300283908844, "delta": 16.162328720092773}, "costs": {"total_cost": 177.88385479206266, "time_cost": 69.248, "final_distance_cost": 1.7816593504789224, "oscillation_cost": 32.88538341948772, "completition_cost": 0.0, "overshoot_cost": 49.843491757042905, "power_cost": 12.74898515625, "noise_cost": 11.376335108803133, "n_waypoints_completed": 9, "tot_waypoints": 9}}
