{"target": -178.25346892167883, "params": {"k_pid_pos": [1.5297226220438978, 0.11959673226638583, 0.8679231623061491], "k_pid_alt": [1.814288534510398, 0.01295168627511395, 0.019850846697411766], "k_pid_att": [62.55061780733692, 0.27016599467600283, 0.678864291651824], "k_pid_yaw": [0.5, 1e-06, 0.1], "k_pid_hsp": [0.5848818845869018, 0.03859111499483058, 0.0], "k_pid_vsp": [191.64397963289844, 165.89065577051147, 2.0724443838538216]}, "datetime": {"datetime": "2025-08-21 11:28:56", "elapsed": 9853.40383052826, "delta": 16.291811227798462}, "costs": {"total_cost": 178.25346892167883, "time_cost": 70.2, "final_distance_cost": 1.8271017392724613, "oscillation_cost": 30.352837888952465, "completition_cost": 0.0, "overshoot_cost": 50.337510091996414, "power_cost": 13.283900537109375, "noise_cost": 12.252118664348108, "n_waypoints_completed": 9, "tot_waypoints": 9}}
{"target": -186.05062029556524, "params": {"k_pid_pos": [1.190918309292721, 0.03713328635937261, 0.6225203350755453], "k_pid_alt": [2.0, 0.008384106575942178, 0.11290872268480884], "k_pid_att": [43.82066155278371, 0.28963030956266717, 0.19883549037787626], "k_pid_yaw": [0.5, 1e-06, 0.1], "k_pid_hsp": [0.12260675921127241, 0.0699258187213825, 0.0], "k_pid_vsp": [264.59422789881654, 208.2374438655776, 2.8322938245190694]}, "datetime": {"datetime": "2025-08-21 11:29:13", "elapsed": 9870.0018491745, "delta": 16.598018646240234}, "costs": {"total_cost": 186.05062029556524, "time_cost": 72.16, "final_distance_cost": 1.8548887546357347, "oscillation_cost": 34.51513206375491, "completition_cost": 0.0, "overshoot_cost": 50.28226446971129, "power_cost": 14.133248779296876, "noise_cost": 13.10508622816641, "n_waypoints_completed": 9, "tot_waypoints": 9}}
{"target": -201.00485417653337, "params": {"k_pid_pos": [0.6470590496629819, 0.11766301566855715, 0.7075326935418588], "k_pid_alt": [0.8946089453828328, 0.015791893291787085, 0.06691855798137471], "k_pid_att": [66.29740571857356, 0.2970082082647051, 0.5841186768774164], "k_pid_yaw": [0.5, 1e-06, 0.1], "k_pid_hsp": [0.5408522159285475, 0.06910339948626355, 0.0], "k_pid_vsp": [31.57878394939213, 146.25483459261338, 3.148019838416871]}, "datetime": {"datetime": "2025-08-21 11:29:34", "elapsed": 9891.369924068451, "delta": 21.368074893951416}, "costs": {"total_cost": 201.00485417653337, "time_cost": 90.864, "final_distance_cost": 1.8548974645662526, "oscillation_cost": 28.916080851929262, "completition_cost": 0.0, "overshoot_cost": 51.88259794577785, "power_cost": 13.227948510742188, "noise_cost": 14.25932940351783, "n_waypoints_completed": 9, "tot_waypoints": 9}}
{"target": -955.153403092079, "params": {"k_pid_pos": [1.1719624006423104, 0.09025577082257186, 0.6603929434764048], "k_pid_alt": [0.06378046560640456, 0.008269872779989461, 0.09254375527357057], "k_pid_att": [30.77409012547975, 0.19028139554030185, 0.8181126049099067], "k_pid_yaw": [0.5, 1e-06, 0.1], "k_pid_hsp": [0.4192153071034066, 0.08262208298690482, 0.0], "k_pid_vsp": [153.50773470184424, 145.92944238535026, 1.2162186443557537]}, "datetime": {"datetime": "2025-08-21 11:29:58", "elapsed": 9914.944901704788, "delta": 23.57497763633728}, "costs": {"total_cost": 955.153403092079, "time_cost": 150, "final_distance_cost": 56.860668215900844, "oscillation_cost": 12.19584707956616, "completition_cost": 666.6666666666667, "overshoot_cost": 46.030341151375005, "power_cost": 11.372964721679688, "noise_cost": 12.026915256890709, "n_waypoints_completed": 3, "tot_waypoints": 9}}
{"target": -184.99565647473366, "params": {"k_pid_pos": [0.7814005551140611, 0.12470640795620218, 0.42301851548614283], "k_pid_alt": [2.0, 0.014307196973136654, 0.028578356432957017], "k_pid_att": [56.47414856620767, 0.20745360771617263, 1.0], "k_pid_yaw": [0.5, 1e-06, 0.1], "k_pid_hsp": [0.5346390611350343, 0.05030482967282559, 0.0], "k_pid_vsp": [328.58056603508527, 293.48693462477587, 2.131819732096835]}, "datetime": {"datetime": "2025-08-21 11:30:16", "elapsed": 9932.513058423996, "delta": 17.568156719207764}, "costs": {"total_cost": 184.99565647473366, "time_cost": 77.016, "final_distance_cost": 1.8440690399622086, "oscillation_cost": 28.11326144916509, "completition_cost": 0.0, "overshoot_cost": 51.932360096204015, "power_cost": 13.24177080078125, "noise_cost": 12.848195088621098, "n_waypoints_completed": 9, "tot_waypoints": 9}}
{"target": -175.18492496810123, "params": {"k_pid_pos": [1.288453878179846, 0.17201432167750386, 0.44333160877813044], "k_pid_alt": [2.0, 0.016405378061987528, 0.11126713726272867], "k_pid_att": [50.28375016065613, 0.2568692188589254, 0.9349918062293551], "k_pid_yaw": [0.5, 1e-06, 0.1], "k_pid_hsp": [0.598672557500961, 0.05701990072482907, 0.0], "k_pid_vsp": [138.31552084557697, 182.10745398832373, 1e-06]}, "datetime": {"datetime": "2025-08-21 11:30:32", "elapsed": 9948.519455909729, "delta": 16.006397485733032}, "costs": {"total_cost": 175.18492496810123, "time_cost": 69.928, "final_distance_cost": 1.8359966062327573, "oscillation_cost": 30.986882735400265, "completition_cost": 0.0, "overshoot_cost": 50.32912176238719, "power_cost": 11.097702954101562, "noise_cost": 11.007220909979472, "n_waypoints_completed": 9, "tot_waypoints": 9}}
{"target": -183.29914271363003, "params": {"k_pid_pos": [0.9764331704163954, 0.13568342668140002, 0.624251305453199], "k_pid_alt": [1.2186699284424438, 0.008409179358779752, 0.04644858296673917], "k_pid_att": [51.17379782989204, 0.23899780435866405, 0.6520412206012823], "k_pid_yaw": [0.5, 1e-06, 0.1], "k_pid_hsp": [0.963676444802851, 0.07710396844436151, 0.0], "k_pid_vsp": [130.31618985275202, 292.63616550778016, 5.77125595059221]}, "datetime": {"datetime": "2025-08-21 11:30:50", "elapsed": 9966.69724202156, "delta": 18.177786111831665}, "costs": {"total_cost": 183.29914271363003, "time_cost": 75.416, "final_distance_cost": 1.8388714068583238, "oscillation_cost": 30.79931703976732, "completition_cost": 0.0, "overshoot_cost": 50.4867480452818, "power_cost": 12.43799539794922, "noise_cost": 12.3202108237734, "n_waypoints_completed": 9, "tot_waypoints": 9}}
{"target": -200.17191776177486, "params": {"k_pid_pos": [0.7035822664683714, 0.16231448214458746, 0.5889907512389657], "k_pid_alt": [0.958415574519603, 0.004776297335607083, 0.09779848873477674], "k_pid_att": [17.383646469125637, 0.1446777154855783, 1.0], "k_pid_yaw": [0.5, 1e-06, 0.1], "k_pid_hsp": [0.15375055802266188, 0.04230575189544831, 0.0], "k_pid_vsp": [399.9612759574907, 303.52292006094746, 1.9298544773367972]}, "datetime": {"datetime": "2025-08-21 11:31:11", "elapsed": 9988.440413475037, "delta": 21.743171453475952}, "costs": {"total_cost": 200.17191776177486, "time_cost": 89.768, "final_distance_cost": 1.8393969181314909, "oscillation_cost": 26.198069457753697, "completition_cost": 0.0, "overshoot_cost": 51.31502948901041, "power_cost": 16.10079581298828, "noise_cost": 14.950626083891, "n_waypoints_completed": 9, "tot_waypoints": 9}}
{"target": -172.89312051074998, "params": {"k_pid_pos": [1.950730192535926, 0.11752847204497713, 0.7578520617984604], "k_pid_alt": [1.38755122450963, 0.008761134713592555, 0.023402383129718835], "k_pid_att": [15.52063162530979, 0.036864863361164936, 0.5510817933252355], "k_pid_yaw": [0.5, 1e-06, 0.1], "k_pid_hsp": [0.43389448124151847, 0.014734636397971755, 0.0], "k_pid_vsp": [400.0, 132.60665350077537, 4.873464087006351]}, "datetime": {"datetime": "2025-08-21 11:31:27", "elapsed": 10004.245683431625, "delta": 15.805269956588745}, "costs": {"total_cost": 172.89312051074998, "time_cost": 69.168, "final_distance_cost": 1.8017796975613853, "oscillation_cost": 30.292304109607468, "completition_cost": 0.0, "overshoot_cost": 49.936506417365734, "power_cost": 10.969245495605469, "noise_cost": 10.725284790609921, "n_waypoints_completed": 9, "tot_waypoints": 9}}
{"target": -177.12111737737615, "params": {"k_pid_pos": [1.5076544487578507, 0.16126233482219682, 0.22834907197783824], "k_pid_alt": [2.0, 0.0014856973545267493, 0.04623300908812506], "k_pid_att": [48.34561400789641, 0.2507123578168589, 1.0], "k_pid_yaw": [0.5, 1e-06, 0.1], "k_pid_hsp": [0.637536062581895, 0.0319002808142059, 0.0], "k_pid_vsp": [400.0, 106.7155247473047, 4.101726774864644]}, "datetime": {"datetime": "2025-08-21 11:31:43", "elapsed": 10020.174469470978, "delta": 15.928786039352417}, "costs": {"total_cost": 177.12111737737615, "time_cost": 69.47200000000001, "final_distance_cost": 1.794974492796874, "oscillation_cost": 31.650287871998817, "completition_cost": 0.0, "overshoot_cost": 50.055046883475484, "power_cost": 12.667757263183594, "noise_cost": 11.481050865921352, "n_waypoints_completed": 9, "tot_waypoints": 9}}
{"target": -186.96921704211778, "params": {"k_pid_pos": [1.5802876132712476, 0.09632047078916628, 0.26773413568300064], "k_pid_alt": [1.8936065311036696, 0.014000050207656704, 0.07133932092549441], "k_pid_att": [42.705188995709875, 0.16893265045531872, 0.7988012566141767], "k_pid_yaw": [0.5, 1e-06, 0.1], "k_pid_hsp": [0.7124857963207157, 0.07405420680982892, 0.0], "k_pid_vsp": [21.96187819133283, 209.33017106026202, 3.461973470914575]}, "datetime": {"datetime": "2025-08-21 11:31:59", "elapsed": 10036.036218881607, "delta": 15.861749410629272}, "costs": {"total_cost": 186.96921704211778, "time_cost": 69.384, "final_distance_cost": 1.8331731306386299, "oscillation_cost": 38.68847895928456, "completition_cost": 0.0, "overshoot_cost": 50.31581469921787, "power_cost": 14.658236816406252, "noise_cost": 12.089513436570467, "n_waypoints_completed": 9, "tot_waypoints": 9}}
{"target": -180.822266319991, "params": {"k_pid_pos": [2.0, 0.23438966518368307, 0.7026802520074162], "k_pid_alt": [2.0, 0.013380648819958532, 0.08448785684723327], "k_pid_att": [40.05008669982828, 0.23285813725829618, 0.4062755443837556], "k_pid_yaw": [0.5, 1e-06, 0.1], "k_pid_hsp": [0.3516630791145921, 0.058814663604154015, 0.0], "k_pid_vsp": [400.0, 380.96610589400393, 4.220481137136954]}, "datetime": {"datetime": "2025-08-21 11:32:15", "elapsed": 10051.895351409912, "delta": 15.859132528305054}, "costs": {"total_cost": 180.822266319991, "time_cost": 69.70400000000001, "final_distance_cost": 1.7785645779252075, "oscillation_cost": 32.000794387744676, "completition_cost": 0.0, "overshoot_cost": 50.77190527332128, "power_cost": 14.2968736328125, "noise_cost": 12.270128448187322, "n_waypoints_completed": 9, "tot_waypoints": 9}}
{"target": -173.50857130994038, "params": {"k_pid_pos": [0.9171063641836609, 0.02785031515322654, 0.13813524982624178], "k_pid_alt": [1.0414495393365792, 0.007109796623270246, 0.09676017978478597], "k_pid_att": [45.831630956446396, 0.3157937274651433, 0.8634105760769571], "k_pid_yaw": [0.5, 1e-06, 0.1], "k_pid_hsp": [0.480728759732637, 0.07515821376216929, 0.0], "k_pid_vsp": [271.98409252893975, 93.28996673249264, 1e-06]}, "datetime": {"datetime": "2025-08-21 11:32:31", "elapsed": 10068.297725915909, "delta": 16.402374505996704}, "costs": {"total_cost": 173.50857130994038, "time_cost": 70.632, "final_distance_cost": 1.8504805763034269, "oscillation_cost": 30.126509383302054, "completition_cost": 0.0, "overshoot_cost": 49.83869019625607, "power_cost": 10.368609594726562, "noise_cost": 10.692281559352264, "n_waypoints_completed": 9, "tot_waypoints": 9}}
{"target": -185.33903173529995, "params": {"k_pid_pos": [1.3907038128381461, 0.18201654010780288, 0.45533448869198084], "k_pid_alt": [1.3136685183209547, 0.006233809102835742, 0.06361578048301313], "k_pid_att": [26.199580444314375, 0.2750342127804865, 0.7171539756781761], "k_pid_yaw": [0.5, 1e-06, 0.1], "k_pid_hsp": [0.7928189327264686, 0.04382044105132162, 0.0], "k_pid_vsp": [70.03808081370586, 155.50102666952623, 1.5839122332948552]}, "datetime": {"datetime": "2025-08-21 11:32:47", "elapsed": 10084.31716632843, "delta": 16.019440412521362}, "costs": {"total_cost": 185.33903173529995, "time_cost": 70.744, "final_distance_cost": 1.817262219681272, "oscillation_cost": 32.489512143134455, "completition_cost": 0.0, "overshoot_cost": 50.788506871018406, "power_cost": 16.138736645507812, "noise_cost": 13.36101385595801, "n_waypoints_completed": 9, "tot_waypoints": 9}}
{"target": -174.7885300972518, "params": {"k_pid_pos": [1.027593848596703, 0.13209727795542844, 0.5237331146749127], "k_pid_alt": [1.780721024713916, 0.004801908286647967, 0.08695826040657868], "k_pid_att": [36.08898512283283, 0.17095671490510214, 0.7137682855145182], "k_pid_yaw": [0.5, 1e-06, 0.1], "k_pid_hsp": [0.31240424855228105, 0.061152866962870124, 0.0], "k_pid_vsp": [132.4274089366534, 137.79536357117726, 0.2727420105821743]}, "datetime": {"datetime": "2025-08-21 11:33:04", "elapsed": 10100.645460367203, "delta": 16.328294038772583}, "costs": {"total_cost": 174.7885300972518, "time_cost": 71.2, "final_distance_cost": 1.8343831483537512, "oscillation_cost": 28.642025747581876, "completition_cost": 0.0, "overshoot_cost": 50.38639273849454, "power_cost": 11.41705067138672, "noise_cost": 11.30867779143489, "n_waypoints_completed": 9, "tot_waypoints": 9}}
{"target": -176.0162709913736, "params": {"k_pid_pos": [1.3141692256042512, 0.1722198779006908, 0.5105990797627361], "k_pid_alt": [2.0, 0.0, 0.08666950840573794], "k_pid_att": [49.816084605092136, 0.3097749593260776, 0.8308414296812101], "k_pid_yaw": [0.5, 1e-06, 0.1], "k_pid_hsp": [0.745985038286837, 0.03993944852263761, 0.0], "k_pid_vsp": [176.97483191665594, 328.30871662575476, 5.38371888322618]}, "datetime": {"datetime": "2025-08-21 11:33:20", "elapsed": 10116.803295612335, "delta": 16.157835245132446}, "costs": {"total_cost": 176.0162709913736, "time_cost": 69.936, "final_distance_cost": 1.8216728466798335, "oscillation_cost": 31.993315294037906, "completition_cost": 0.0, "overshoot_cost": 50.28391040188265, "power_cost": 11.31160487060547, "noise_cost": 10.669767578167749, "n_waypoints_completed": 9, "tot_waypoints": 9}}
{"target": -179.8264442027473, "params": {"k_pid_pos": [1.231649751338458, 0.05246689220274592, 0.09021019693865841], "k_pid_alt": [2.0, 0.011843683618369885, 0.04395019692819754], "k_pid_att": [48.033814309178375, 0.09183086589365365, 0.6317400648296018], "k_pid_yaw": [0.5, 1e-06, 0.1], "k_pid_hsp": [0.4656099492993109, 0.12371749556220475, 0.0], "k_pid_vsp": [170.27252063934267, 226.86106543017414, 5.946277078636541]}, "datetime": {"datetime": "2025-08-21 11:33:36", "elapsed": 10132.513077020645, "delta": 15.709781408309937}, "costs": {"total_cost": 179.8264442027473, "time_cost": 68.928, "final_distance_cost": 1.824010785266921, "oscillation_cost": 34.05178959934177, "completition_cost": 0.0, "overshoot_cost": 49.570145909620244, "power_cost": 13.5917478515625, "noise_cost": 11.860750056955888, "n_waypoints_completed": 9, "tot_waypoints": 9}}
{"target": -181.79258325494752, "params": {"k_pid_pos": [1.1651573601898992, 0.11536781891619874, 0.05010283855491071], "k_pid_alt": [1.9643601825611794, 0.006079057185464425, 0.04987177033164739], "k_pid_att": [56.172540028129845, 0.240744947859825, 0.5725955206209481], "k_pid_yaw": [0.5, 1e-06, 0.1], "k_pid_hsp": [0.5466441910570302, 0.06024550097406337, 0.0], "k_pid_vsp": [318.21512986614385, 214.6351067132628, 0.544350226052103]}, "datetime": {"datetime": "2025-08-21 11:33:52", "elapsed": 10148.559386491776, "delta": 16.04630947113037}, "costs": {"total_cost": 181.79258325494752, "time_cost": 69.83200000000001, "final_distance_cost": 1.8012051912998595, "oscillation_cost": 33.190791493833345, "completition_cost": 0.0, "overshoot_cost": 50.442834422876444, "power_cost": 14.306655761718751, "noise_cost": 12.21909638521909, "n_waypoints_completed": 9, "tot_waypoints": 9}}
{"target": -213.9018046308056, "params": {"k_pid_pos": [1.1922124979903863, 0.1388225623883059, 0.18569280915933525], "k_pid_alt": [2.0, 0.0174266286645097, 0.10112019255357191], "k_pid_att": [15.090874160712977, 0.33183622723273964, 0.9950687179055069], "k_pid_yaw": [0.5, 1e-06, 0.1], "k_pid_hsp": [0.5374722157168247, 0.02278430461208894, 0.0], "k_pid_vsp": [267.23260143668784, 159.1487598652943, 7.67761337716341]}, "datetime": {"datetime": "2025-08-21 11:34:11", "elapsed": 10167.575549602509, "delta": 19.016163110733032}, "costs": {"total_cost": 213.9018046308056, "time_cost": 83.232, "final_distance_cost": 1.7974582215165424, "oscillation_cost": 31.993406887045698, "completition_cost": 0.0, "overshoot_cost": 60.361677717098104, "power_cost": 20.609516162109376, "noise_cost": 15.907745643035893, "n_waypoints_completed": 9, "tot_waypoints": 9}}
{"target": -193.91648582027275, "params": {"k_pid_pos": [1.025667335709432, 0.1958347329117576, 0.23910862787419043], "k_pid_alt": [1.3480549788854346, 0.007568129083191527, 0.01645157337993873], "k_pid_att": [43.39094430229221, 0.3212044580539133, 0.8989018774460077], "k_pid_yaw": [0.5, 1e-06, 0.1], "k_pid_hsp": [0.3872112575417593, 0.04236322000519719, 0.0], "k_pid_vsp": [400.0, 297.8023884554851, 0.32856174029805957]}, "datetime": {"datetime": "2025-08-21 11:34:28", "elapsed": 10185.082526445389, "delta": 17.50697684288025}, "costs": {"total_cost": 193.91648582027275, "time_cost": 76.328, "final_distance_cost": 1.798901360847958, "oscillation_cost": 30.386201596270705, "completition_cost": 0.0, "overshoot_cost": 52.185251641979875, "power_cost": 18.245443896484375, "noise_cost": 14.97268732468984, "n_waypoints_completed": 9, "tot_waypoints": 9}}
{"target": -184.05220504934368, "params": {"k_pid_pos": [0.5328990993888376, 0.08798034479406762, 0.0865972740401295], "k_pid_alt": [1.6304385082664241, 0.013813189506847396, 0.12084448650045632], "k_pid_att": [39.282069618681845, 0.2432164192317089, 0.8653014388093382], "k_pid_yaw": [0.5, 1e-06, 0.1], "k_pid_hsp": [0.20306559986036155, 0.04175570495550901, 0.0], "k_pid_vsp": [369.9057019791356, 189.15812490426052, 1e-06]}, "datetime": {"datetime": "2025-08-21 11:34:45", "elapsed": 10202.429256677628, "delta": 17.34673023223877}, "costs": {"total_cost": 184.05220504934368, "time_cost": 75.136, "final_distance_cost": 1.839960145381738, "oscillation_cost": 26.918127652876354, "completition_cost": 0.0, "overshoot_cost": 50.75586833151643, "power_cost": 15.335040576171876, "noise_cost": 14.067208343397297, "n_waypoints_completed": 9, "tot_waypoints": 9}}
{"target": -193.58218010814107, "params": {"k_pid_pos": [1.8505923179725403, 0.18140517180085125, 0.4162567356216509], "k_pid_alt": [2.0, 0.016045010104977803, 0.08271432030679617], "k_pid_att": [46.724507814549206, 0.3328387424590086, 0.31128124939700513], "k_pid_yaw": [0.5, 1e-06, 0.1], "k_pid_hsp": [0.15391445154076988, 0.07169150492962806, 0.0], "k_pid_vsp": [385.21842651135967, 329.2841282852326, 2.1853369340551128]}, "datetime": {"datetime": "2025-08-21 11:35:02", "elapsed": 10218.889816999435, "delta": 16.46056032180786}, "costs": {"total_cost": 193.58218010814107, "time_cost": 72.608, "final_distance_cost": 1.8061362478903968, "oscillation_cost": 38.74948251923927, "completition_cost": 0.0, "overshoot_cost": 51.168155647301084, "power_cost": 16.092228686523438, "noise_cost": 13.158177007186886, "n_waypoints_completed": 9, "tot_waypoints": 9}}
{"target": -1225.2253982380457, "params": {"k_pid_pos": [0.3452042345020799, 0.15879992090386266, 0.2621579384867166], "k_pid_alt": [0.0, 0.012043246940506932, 0.04913156375784383], "k_pid_att": [45.658372197832456, 0.26431181267224213, 0.7149984367448261], "k_pid_yaw": [0.5, 1e-06, 0.1], "k_pid_hsp": [0.34107700197674024, 0.042052550577790115, 0.0], "k_pid_vsp": [347.9674445698575, 299.20455680754895, 2.9935664891857456]}, "datetime": {"datetime": "2025-08-21 11:35:25", "elapsed": 10241.607992649078, "delta": 22.718175649642944}, "costs": {"total_cost": 1225.2253982380457, "time_cost": 150, "final_distance_cost": 62.099817350508616, "oscillation_cost": 4.412654746608958, "completition_cost": 888.8888888888888, "overshoot_cost": 69.19180961109376, "power_cost": 28.605557849121094, "noise_cost": 22.02666979182462, "n_waypoints_completed": 1, "tot_waypoints": 9}}
{"target": -188.41412722873073, "params": {"k_pid_pos": [0.7528969401989349, 0.09359155333261486, 0.7627922531857436], "k_pid_alt": [2.0, 0.004801145978252268, 0.0779878266515853], "k_pid_att": [32.65044533850372, 0.2334000288185857, 0.8182839262186391], "k_pid_yaw": [0.5, 1e-06, 0.1], "k_pid_hsp": [0.3691853937050911, 0.06550442694987728, 0.0], "k_pid_vsp": [296.1944534834397, 348.5400012166427, 3.34737048503888]}, "datetime": {"datetime": "2025-08-21 11:35:43", "elapsed": 10259.575886964798, "delta": 17.967894315719604}, "costs": {"total_cost": 188.41412722873073, "time_cost": 79.592, "final_distance_cost": 1.8445392734671475, "oscillation_cost": 27.5019206399172, "completition_cost": 0.0, "overshoot_cost": 51.29740708204583, "power_cost": 14.365336743164063, "noise_cost": 13.812923490136505, "n_waypoints_completed": 9, "tot_waypoints": 9}}
{"target": -191.44635470735804, "params": {"k_pid_pos": [0.6289650541629326, 0.12843298675481754, 0.584562762496289], "k_pid_alt": [1.8610274140118435, 0.014779309666743137, 0.08751439912627734], "k_pid_att": [63.97940670603725, 0.12816479504701359, 0.8038982754009023], "k_pid_yaw": [0.5, 1e-06, 0.1], "k_pid_hsp": [0.27212345909490904, 0.0646881046679836, 0.0], "k_pid_vsp": [400.0, 1e-06, 1.6540386699752891]}, "datetime": {"datetime": "2025-08-21 11:36:02", "elapsed": 10279.184393882751, "delta": 19.60850691795349}, "costs": {"total_cost": 191.44635470735804, "time_cost": 85.688, "final_distance_cost": 1.847781502670895, "oscillation_cost": 26.90489170371212, "completition_cost": 0.0, "overshoot_cost": 53.004218573484316, "power_cost": 11.407749145507813, "noise_cost": 12.593713781982897, "n_waypoints_completed": 9, "tot_waypoints": 9}}
