{"target": -179.25457236324914, "params": {"k_pid_pos": [1.5006538664952391, 0.00638534001549568, 1.0], "k_pid_alt": [1.8916859445339114, 0.002962065656834991, 0.014363143976096436], "k_pid_att": [11.260060670012919, 0.18592255618157702, 0.2857141481435173], "k_pid_yaw": [0.5, 1e-06, 0.1], "k_pid_hsp": [0.1388759016119274, 0.016508055760804385, 0.0], "k_pid_vsp": [279.2326183623825, 270.8215560234823, 1.1545315588970917]}, "datetime": {"datetime": "2025-08-21 20:13:10", "elapsed": 41307.17608141899, "delta": 17.055415630340576}, "costs": {"total_cost": 179.25457236324914, "time_cost": 71.19200000000001, "final_distance_cost": 1.8415175382845281, "oscillation_cost": 27.4257064604994, "completition_cost": 0.0, "overshoot_cost": 51.064782591891436, "power_cost": 14.895400634765625, "noise_cost": 12.83516513780812, "n_waypoints_completed": 9, "tot_waypoints": 9}}
{"target": -170.89727188880644, "params": {"k_pid_pos": [1.6476022110244666, 0.006592211469036585, 0.9710138681290527], "k_pid_alt": [2.0, 0.0030025388941391576, 0.01287139992900597], "k_pid_att": [10.822955004652494, 0.1777334707752446, 0.3035960580257359], "k_pid_yaw": [0.5, 1e-06, 0.1], "k_pid_hsp": [0.15901160633859024, 0.019122999148118255, 0.0], "k_pid_vsp": [242.37377556714532, 281.1249101004444, 1.1084527116065201]}, "datetime": {"datetime": "2025-08-21 20:13:27", "elapsed": 41324.38822102547, "delta": 17.21213960647583}, "costs": {"total_cost": 170.89727188880644, "time_cost": 70.04, "final_distance_cost": 1.8389124966975714, "oscillation_cost": 27.19842491197568, "completition_cost": 0.0, "overshoot_cost": 49.91802473334525, "power_cost": 11.103000866699219, "noise_cost": 10.798908880088701, "n_waypoints_completed": 9, "tot_waypoints": 9}}
{"target": -178.93430053076415, "params": {"k_pid_pos": [1.6392795341607371, 0.007881450064504194, 0.897206494651751], "k_pid_alt": [1.9943695957970176, 0.0027857672300158533, 0.013373264071057635], "k_pid_att": [11.194241494455662, 0.17886332490467946, 0.3040831009751004], "k_pid_yaw": [0.5, 1e-06, 0.1], "k_pid_hsp": [0.16042272110859088, 0.01992996895826425, 0.0], "k_pid_vsp": [269.714193451071, 234.49345878342538, 1.1549964772837402]}, "datetime": {"datetime": "2025-08-21 20:13:44", "elapsed": 41340.65620827675, "delta": 16.26798725128174}, "costs": {"total_cost": 178.93430053076415, "time_cost": 70.776, "final_distance_cost": 1.8477532175718234, "oscillation_cost": 28.95811864728851, "completition_cost": 0.0, "overshoot_cost": 50.9574574038676, "power_cost": 14.037351196289062, "noise_cost": 12.357620065747165, "n_waypoints_completed": 9, "tot_waypoints": 9}}
{"target": -165.86951935975065, "params": {"k_pid_pos": [1.8920058786669818, 0.008708078894227346, 1.0], "k_pid_alt": [1.904512408966104, 0.0031993902851055714, 0.012135742921069234], "k_pid_att": [12.354988604941335, 0.17800752528374963, 0.3400522868182437], "k_pid_yaw": [0.5, 1e-06, 0.1], "k_pid_hsp": [0.1457127987515742, 0.01866126569114703, 0.0], "k_pid_vsp": [241.92330854991874, 233.91319198060683, 1.2293100072191516]}, "datetime": {"datetime": "2025-08-21 20:14:01", "elapsed": 41358.29289627075, "delta": 17.636687994003296}, "costs": {"total_cost": 165.86951935975065, "time_cost": 68.64, "final_distance_cost": 1.8371430901093027, "oscillation_cost": 29.489259186623183, "completition_cost": 0.0, "overshoot_cost": 49.560612305896015, "power_cost": 7.471202844238282, "noise_cost": 8.871301932883842, "n_waypoints_completed": 9, "tot_waypoints": 9}}
{"target": -172.9132621749512, "params": {"k_pid_pos": [1.6000804544968128, 0.007846834616843141, 0.9622194346320915], "k_pid_alt": [1.9940882078519184, 0.002636915706291923, 0.014399067753940781], "k_pid_att": [12.328964872093861, 0.14613191102848683, 0.28715023298859244], "k_pid_yaw": [0.5, 1e-06, 0.1], "k_pid_hsp": [0.16215747765588553, 0.016619172050135782, 0.0], "k_pid_vsp": [288.801661174441, 228.6173347817985, 1.054417268265274]}, "datetime": {"datetime": "2025-08-21 20:14:17", "elapsed": 41374.13716888428, "delta": 15.84427261352539}, "costs": {"total_cost": 172.9132621749512, "time_cost": 70.104, "final_distance_cost": 1.8371290004923304, "oscillation_cost": 27.446716967050147, "completition_cost": 0.0, "overshoot_cost": 49.647729462817736, "power_cost": 12.253982434082031, "noise_cost": 11.623704310508982, "n_waypoints_completed": 9, "tot_waypoints": 9}}
{"target": -170.1514531040241, "params": {"k_pid_pos": [1.5592779537315635, 0.008046082228678109, 0.8981742433523943], "k_pid_alt": [2.0, 0.0033654723610446365, 0.012688819674850152], "k_pid_att": [12.29862563206602, 0.16173609452893153, 0.3346576609984151], "k_pid_yaw": [0.5, 1e-06, 0.1], "k_pid_hsp": [0.1370567485757285, 0.01789237898406526, 0.0], "k_pid_vsp": [293.7871034940219, 260.4678549578112, 1.2145734808389803]}, "datetime": {"datetime": "2025-08-21 20:14:35", "elapsed": 41391.464789152145, "delta": 17.327620267868042}, "costs": {"total_cost": 170.1514531040241, "time_cost": 70.104, "final_distance_cost": 1.8363504202565146, "oscillation_cost": 27.19952481481161, "completition_cost": 0.0, "overshoot_cost": 49.96809613585095, "power_cost": 10.487936450195313, "noise_cost": 10.555545282909721, "n_waypoints_completed": 9, "tot_waypoints": 9}}
{"target": -165.80520174579144, "params": {"k_pid_pos": [1.635115343543258, 0.007024621845902631, 0.987409574552014], "k_pid_alt": [1.9872697853999963, 0.002737997408991537, 0.009123641052606895], "k_pid_att": [11.015355874948234, 0.17855949530519236, 0.3296366340057901], "k_pid_yaw": [0.5, 1e-06, 0.1], "k_pid_hsp": [0.1362628115611455, 0.018417363716756906, 0.0], "k_pid_vsp": [245.2304884321932, 290.8144377603166, 1.1288702951163434]}, "datetime": {"datetime": "2025-08-21 20:14:51", "elapsed": 41407.963876485825, "delta": 16.4990873336792}, "costs": {"total_cost": 165.80520174579144, "time_cost": 69.336, "final_distance_cost": 1.8388619049356443, "oscillation_cost": 27.965606753849997, "completition_cost": 0.0, "overshoot_cost": 49.46321383520235, "power_cost": 8.136872241210938, "noise_cost": 9.06464701059249, "n_waypoints_completed": 9, "tot_waypoints": 9}}
{"target": -178.2658361651544, "params": {"k_pid_pos": [1.6984136211127048, 0.0071036854830129345, 0.8554474998354143], "k_pid_alt": [1.8367225855850424, 0.002812044385717246, 0.013110827002425393], "k_pid_att": [10.529112563459478, 0.1595272212298385, 0.3116259788691193], "k_pid_yaw": [0.5, 1e-06, 0.1], "k_pid_hsp": [0.14891030099363112, 0.017593242305369763, 0.0], "k_pid_vsp": [223.9367264111819, 271.50571323086615, 1.0627587676223023]}, "datetime": {"datetime": "2025-08-21 20:15:09", "elapsed": 41425.51806974411, "delta": 17.554193258285522}, "costs": {"total_cost": 178.2658361651544, "time_cost": 70.0, "final_distance_cost": 1.8409172733130665, "oscillation_cost": 28.37032817157115, "completition_cost": 0.0, "overshoot_cost": 50.644764161979396, "power_cost": 14.557488415527345, "noise_cost": 12.852338142763454, "n_waypoints_completed": 9, "tot_waypoints": 9}}
{"target": -210.37070348991236, "params": {"k_pid_pos": [1.6173541194831198, 0.0058462547447740475, 0.8256952330091051], "k_pid_alt": [1.9852288498618649, 0.0017445692041661905, 0.01231914665140741], "k_pid_att": [9.569754612114922, 0.2007225329081849, 0.2918320676985624], "k_pid_yaw": [0.5, 1e-06, 0.1], "k_pid_hsp": [0.15479478186615817, 0.016383531089745718, 0.0], "k_pid_vsp": [236.4979116118427, 247.47153785508272, 1.100911113067051]}, "datetime": {"datetime": "2025-08-21 20:15:27", "elapsed": 41444.40330195427, "delta": 18.8852322101593}, "costs": {"total_cost": 210.37070348991236, "time_cost": 80.864, "final_distance_cost": 1.8303150772479488, "oscillation_cost": 29.96955407698892, "completition_cost": 0.0, "overshoot_cost": 58.402942499176625, "power_cost": 19.555279553222658, "noise_cost": 19.748612283276223, "n_waypoints_completed": 9, "tot_waypoints": 9}}
{"target": -173.14587815871153, "params": {"k_pid_pos": [1.6216512759787793, 0.005954472674663029, 0.8335719732178375], "k_pid_alt": [1.6640580591532783, 0.0027899536944386498, 0.010495488655661083], "k_pid_att": [10.080265913627692, 0.1669225584520021, 0.3374114016553611], "k_pid_yaw": [0.5, 1e-06, 0.1], "k_pid_hsp": [0.1454294564175141, 0.019476082198916358, 0.0], "k_pid_vsp": [256.0411227878428, 253.95283516250024, 1.1747159232778353]}, "datetime": {"datetime": "2025-08-21 20:15:43", "elapsed": 41459.82778477669, "delta": 15.424482822418213}, "costs": {"total_cost": 173.14587815871153, "time_cost": 69.784, "final_distance_cost": 1.834938446253448, "oscillation_cost": 27.802688172177586, "completition_cost": 0.0, "overshoot_cost": 50.03297867792614, "power_cost": 12.35742371826172, "noise_cost": 11.333849144092644, "n_waypoints_completed": 9, "tot_waypoints": 9}}
{"target": -170.52127379807553, "params": {"k_pid_pos": [1.6867093541757257, 0.00759177421032724, 1.0], "k_pid_alt": [1.683408036754671, 0.0039708049721650165, 0.015056696268391859], "k_pid_att": [12.651912218678879, 0.14786266031025463, 0.30497778752753], "k_pid_yaw": [0.5, 1e-06, 0.1], "k_pid_hsp": [0.15211744666765342, 0.016735552332759956, 0.0], "k_pid_vsp": [281.4918815904498, 290.1943354612568, 1.108953952534043]}, "datetime": {"datetime": "2025-08-21 20:16:02", "elapsed": 41478.963465452194, "delta": 19.135680675506592}, "costs": {"total_cost": 170.52127379807553, "time_cost": 69.232, "final_distance_cost": 1.8418315651111703, "oscillation_cost": 28.571880007848012, "completition_cost": 0.0, "overshoot_cost": 49.96194576532729, "power_cost": 10.435572387695313, "noise_cost": 10.47804407209376, "n_waypoints_completed": 9, "tot_waypoints": 9}}
{"target": -171.25369763473947, "params": {"k_pid_pos": [1.4832107425521635, 0.005924208533954741, 0.8191711524904314], "k_pid_alt": [1.9094968603268132, 0.0025272793612664594, 0.012583703824930077], "k_pid_att": [14.195983787105286, 0.16928220117565496, 0.30155181473990006], "k_pid_yaw": [0.5, 1e-06, 0.1], "k_pid_hsp": [0.1603836040516595, 0.01988134938318632, 0.0], "k_pid_vsp": [274.72934072631773, 258.8280876614621, 1.0851418098804049]}, "datetime": {"datetime": "2025-08-21 20:16:18", "elapsed": 41495.227878808975, "delta": 16.264413356781006}, "costs": {"total_cost": 171.25369763473947, "time_cost": 70.152, "final_distance_cost": 1.8504985940194292, "oscillation_cost": 26.946206899154532, "completition_cost": 0.0, "overshoot_cost": 50.050619348323075, "power_cost": 11.297433752441407, "noise_cost": 10.956939040801009, "n_waypoints_completed": 9, "tot_waypoints": 9}}
{"target": -174.17287166823567, "params": {"k_pid_pos": [1.4198282145655388, 0.006864981153835777, 0.9444197873272696], "k_pid_alt": [1.6866455976097185, 0.0023856285889203334, 0.01282524301902554], "k_pid_att": [13.056294639275357, 0.1701721338836983, 0.29613390024837866], "k_pid_yaw": [0.5, 1e-06, 0.1], "k_pid_hsp": [0.16257627385382886, 0.016438932584465386, 0.0], "k_pid_vsp": [217.25698616924316, 290.2102626412194, 1.043883246518081]}, "datetime": {"datetime": "2025-08-21 20:16:36", "elapsed": 41512.46329522133, "delta": 17.235416412353516}, "costs": {"total_cost": 174.17287166823567, "time_cost": 70.672, "final_distance_cost": 1.8437688196554922, "oscillation_cost": 26.832374868660526, "completition_cost": 0.0, "overshoot_cost": 50.25685710773834, "power_cost": 12.745075292968751, "noise_cost": 11.822795579212569, "n_waypoints_completed": 9, "tot_waypoints": 9}}
{"target": -172.55042565487184, "params": {"k_pid_pos": [1.9096760129188872, 0.006681172772448267, 0.7055595442640336], "k_pid_alt": [2.0, 0.002258546427582437, 0.012610483369742102], "k_pid_att": [9.305025165320986, 0.18782873976369144, 0.3142842017177075], "k_pid_yaw": [0.5, 1e-06, 0.1], "k_pid_hsp": [0.18562040738906538, 0.02284495762150934, 0.0], "k_pid_vsp": [266.7239784542857, 219.78341830735204, 0.9919396851809638]}, "datetime": {"datetime": "2025-08-21 20:16:52", "elapsed": 41529.13010239601, "delta": 16.666807174682617}, "costs": {"total_cost": 172.55042565487184, "time_cost": 68.568, "final_distance_cost": 1.834497266512319, "oscillation_cost": 30.396606052077594, "completition_cost": 0.0, "overshoot_cost": 49.75267380157382, "power_cost": 11.272766772460939, "noise_cost": 10.725881762247182, "n_waypoints_completed": 9, "tot_waypoints": 9}}
{"target": -170.64796531075757, "params": {"k_pid_pos": [1.5949585545876008, 0.00783358539990906, 0.8156746173927995], "k_pid_alt": [1.7086510398936017, 0.002238425860599317, 0.011951045360857079], "k_pid_att": [11.567526783955435, 0.18114982394363835, 0.32087125411765643], "k_pid_yaw": [0.5, 1e-06, 0.1], "k_pid_hsp": [0.13826429158722453, 0.017943032297697045, 0.0], "k_pid_vsp": [298.1365078126482, 231.20466306307083, 1.036722867743915]}, "datetime": {"datetime": "2025-08-21 20:17:08", "elapsed": 41544.68304491043, "delta": 15.552942514419556}, "costs": {"total_cost": 170.64796531075757, "time_cost": 69.16, "final_distance_cost": 1.8387996919398715, "oscillation_cost": 28.420119426134626, "completition_cost": 0.0, "overshoot_cost": 49.74605115243506, "power_cost": 10.873053295898439, "noise_cost": 10.609941744349591, "n_waypoints_completed": 9, "tot_waypoints": 9}}
{"target": -177.83740156167474, "params": {"k_pid_pos": [1.5731356408699158, 0.006663275220512229, 0.9502119638754968], "k_pid_alt": [1.8522886853812282, 0.0024306056965808045, 0.012559877218724933], "k_pid_att": [11.05141049574261, 0.1838090189212952, 0.2779214645544932], "k_pid_yaw": [0.5, 1e-06, 0.1], "k_pid_hsp": [0.1370948151240012, 0.017249246333667062, 0.0], "k_pid_vsp": [323.3009650758077, 252.0516999495027, 1.030913106537846]}, "datetime": {"datetime": "2025-08-21 20:17:26", "elapsed": 41562.70864844322, "delta": 18.025603532791138}, "costs": {"total_cost": 177.83740156167474, "time_cost": 70.328, "final_distance_cost": 1.8369769323876035, "oscillation_cost": 27.73805605907195, "completition_cost": 0.0, "overshoot_cost": 50.03344968574807, "power_cost": 14.923891210937501, "noise_cost": 12.977027673529626, "n_waypoints_completed": 9, "tot_waypoints": 9}}
{"target": -168.80777740622884, "params": {"k_pid_pos": [1.7594466658969017, 0.008848618919964088, 1.0], "k_pid_alt": [1.7888416507820637, 0.003167673741733889, 0.011221392530535031], "k_pid_att": [12.475931988172102, 0.14517681136587127, 0.31682858759682464], "k_pid_yaw": [0.5, 1e-06, 0.1], "k_pid_hsp": [0.15031372011837218, 0.01974905738550929, 0.0], "k_pid_vsp": [256.60976794404434, 289.8771550176957, 1.0338854440878849]}, "datetime": {"datetime": "2025-08-21 20:17:42", "elapsed": 41578.49951148033, "delta": 15.790863037109375}, "costs": {"total_cost": 168.80777740622884, "time_cost": 69.072, "final_distance_cost": 1.8360812678087877, "oscillation_cost": 28.79762780405751, "completition_cost": 0.0, "overshoot_cost": 49.4432472410071, "power_cost": 9.713830346679687, "noise_cost": 9.944990746675744, "n_waypoints_completed": 9, "tot_waypoints": 9}}
{"target": -169.05312053209167, "params": {"k_pid_pos": [1.5494977294624386, 0.006231251025293713, 0.6708078315542005], "k_pid_alt": [1.7805006101704752, 0.0028680833613669823, 0.011190769164278642], "k_pid_att": [10.851232912176764, 0.1637673374519467, 0.29721518777943884], "k_pid_yaw": [0.5, 1e-06, 0.1], "k_pid_hsp": [0.1818012542637014, 0.01647911221525387, 0.0], "k_pid_vsp": [215.78054326786364, 254.01790740240367, 1.1767745345440261]}, "datetime": {"datetime": "2025-08-21 20:17:59", "elapsed": 41595.49692797661, "delta": 16.997416496276855}, "costs": {"total_cost": 169.05312053209167, "time_cost": 68.768, "final_distance_cost": 1.8288353770282189, "oscillation_cost": 29.325871876356626, "completition_cost": 0.0, "overshoot_cost": 49.70698232559502, "power_cost": 9.543307849121094, "noise_cost": 9.880123103990691, "n_waypoints_completed": 9, "tot_waypoints": 9}}
{"target": -174.03591332823927, "params": {"k_pid_pos": [1.8397500598041072, 0.007256292294643231, 0.8810579590910033], "k_pid_alt": [1.955680192137577, 0.0030563934440805073, 0.012041233784894878], "k_pid_att": [12.917808714720122, 0.13339426668561333, 0.27721252903124644], "k_pid_yaw": [0.5, 1e-06, 0.1], "k_pid_hsp": [0.15821503908230042, 0.01718349647694968, 0.0], "k_pid_vsp": [294.6411805957436, 296.9583382486501, 1.138516055385675]}, "datetime": {"datetime": "2025-08-21 20:18:15", "elapsed": 41612.06749367714, "delta": 16.570565700531006}, "costs": {"total_cost": 174.03591332823927, "time_cost": 69.712, "final_distance_cost": 1.8397254842064608, "oscillation_cost": 28.83803964118611, "completition_cost": 0.0, "overshoot_cost": 50.395775011928, "power_cost": 12.015691491699219, "noise_cost": 11.234681699219493, "n_waypoints_completed": 9, "tot_waypoints": 9}}
{"target": -183.9469763796871, "params": {"k_pid_pos": [1.5788872245986016, 0.00809434610993647, 0.8491920629692141], "k_pid_alt": [1.891064591811286, 0.0022899296803079294, 0.01234470409647514], "k_pid_att": [12.359258607230133, 0.16205000282038654, 0.30461622122532], "k_pid_yaw": [0.5, 1e-06, 0.1], "k_pid_hsp": [0.1606885553906728, 0.019046478048570795, 0.0], "k_pid_vsp": [244.0016354087414, 247.1387015438942, 1.0182716996735086]}, "datetime": {"datetime": "2025-08-21 20:18:34", "elapsed": 41630.88402700424, "delta": 18.81653332710266}, "costs": {"total_cost": 183.9469763796871, "time_cost": 70.872, "final_distance_cost": 1.8437742968122068, "oscillation_cost": 28.84791127767525, "completition_cost": 0.0, "overshoot_cost": 51.220996829430106, "power_cost": 16.97903161621094, "noise_cost": 14.18326235955859, "n_waypoints_completed": 9, "tot_waypoints": 9}}
{"target": -184.0308635414026, "params": {"k_pid_pos": [1.5697939397841363, 0.007628550424410273, 0.8849502336873843], "k_pid_alt": [1.8681242546200412, 0.002888216290528317, 0.013745436716688842], "k_pid_att": [11.840269593673575, 0.1641700006248096, 0.32751633004675257], "k_pid_yaw": [0.5, 1e-06, 0.1], "k_pid_hsp": [0.18453281027177293, 0.016721419112929983, 0.0], "k_pid_vsp": [266.9740043073594, 211.49317968368464, 1.1662919152093478]}, "datetime": {"datetime": "2025-08-21 20:18:51", "elapsed": 41647.7402215004, "delta": 16.856194496154785}, "costs": {"total_cost": 184.0308635414026, "time_cost": 71.408, "final_distance_cost": 1.8440748451587765, "oscillation_cost": 28.68071350871192, "completition_cost": 0.0, "overshoot_cost": 51.34409864262845, "power_cost": 16.74364133300781, "noise_cost": 14.010335211895628, "n_waypoints_completed": 9, "tot_waypoints": 9}}
{"target": -176.47567648289728, "params": {"k_pid_pos": [1.844106874801204, 0.007982727238249344, 0.8370413781081328], "k_pid_alt": [2.0, 0.002783362301127792, 0.012194077663355328], "k_pid_att": [11.206414851586715, 0.16617079535824988, 0.2978395414664547], "k_pid_yaw": [0.5, 1e-06, 0.1], "k_pid_hsp": [0.1874451590315153, 0.018279451010446368, 0.0], "k_pid_vsp": [349.7181350034221, 183.91408545546415, 0.9611726845845509]}, "datetime": {"datetime": "2025-08-21 20:19:08", "elapsed": 41665.37615609169, "delta": 17.635934591293335}, "costs": {"total_cost": 176.47567648289728, "time_cost": 69.8, "final_distance_cost": 1.8293756904624334, "oscillation_cost": 29.195630008116385, "completition_cost": 0.0, "overshoot_cost": 50.67395625059685, "power_cost": 13.034520678710939, "noise_cost": 11.942193855010684, "n_waypoints_completed": 9, "tot_waypoints": 9}}
{"target": -166.31607500859343, "params": {"k_pid_pos": [1.572234753900996, 0.006552075983327354, 0.9346727191836991], "k_pid_alt": [1.9271271126521594, 0.003310361229310766, 0.013107639895383466], "k_pid_att": [12.144043260350173, 0.15162738718695482, 0.3354966604988696], "k_pid_yaw": [0.5, 1e-06, 0.1], "k_pid_hsp": [0.16117503553601747, 0.018944115940415646, 0.0], "k_pid_vsp": [275.4420244723178, 241.01277221085647, 0.9359149717481111]}, "datetime": {"datetime": "2025-08-21 20:19:26", "elapsed": 41683.25474476814, "delta": 17.878588676452637}, "costs": {"total_cost": 166.31607500859343, "time_cost": 69.688, "final_distance_cost": 1.8486011111198961, "oscillation_cost": 27.38209646286141, "completition_cost": 0.0, "overshoot_cost": 49.44145612697406, "power_cost": 8.535558630371094, "noise_cost": 9.42036267726696, "n_waypoints_completed": 9, "tot_waypoints": 9}}
{"target": -169.7482589523861, "params": {"k_pid_pos": [1.5460606260118475, 0.006131256345698638, 0.9310009595570955], "k_pid_alt": [1.7822017942523114, 0.0028633178745263808, 0.01094704758178471], "k_pid_att": [12.490244501035775, 0.16330109817933358, 0.314539231284523], "k_pid_yaw": [0.5, 1e-06, 0.1], "k_pid_hsp": [0.17716869321366494, 0.02295504699855805, 0.0], "k_pid_vsp": [254.995810682477, 212.31739761968802, 0.9399724296473163]}, "datetime": {"datetime": "2025-08-21 20:19:42", "elapsed": 41699.340215444565, "delta": 16.08547067642212}, "costs": {"total_cost": 169.7482589523861, "time_cost": 69.944, "final_distance_cost": 1.8444285893492094, "oscillation_cost": 27.3854608745462, "completition_cost": 0.0, "overshoot_cost": 49.9710384372004, "power_cost": 10.173313366699219, "noise_cost": 10.430017684591071, "n_waypoints_completed": 9, "tot_waypoints": 9}}
{"target": -173.08606134329494, "params": {"k_pid_pos": [1.8323409923831822, 0.008054262176194983, 1.0], "k_pid_alt": [2.0, 0.0024351580514811945, 0.012937376070465828], "k_pid_att": [10.95543138648174, 0.2088442226442281, 0.3020038663071925], "k_pid_yaw": [0.5, 1e-06, 0.1], "k_pid_hsp": [0.1493369791902239, 0.020185718673778132, 0.0], "k_pid_vsp": [321.82490846906325, 229.54628856310975, 1.1348321195592779]}, "datetime": {"datetime": "2025-08-21 20:20:00", "elapsed": 41717.34429168701, "delta": 18.0040762424469}, "costs": {"total_cost": 173.08606134329494, "time_cost": 69.83200000000001, "final_distance_cost": 1.8365689374707923, "oscillation_cost": 28.245442874008546, "completition_cost": 0.0, "overshoot_cost": 50.084083542545024, "power_cost": 11.849345129394532, "noise_cost": 11.238620859876043, "n_waypoints_completed": 9, "tot_waypoints": 9}}
