{"target": -173.0933296547435, "params": {"k_pid_pos": [1.8435263480417114, 0.02039826437624172, 1.0], "k_pid_alt": [1.6869249683630505, 0.003464121719874739, 0.008804396906421518], "k_pid_att": [17.394975179172196, 0.1945944484861586, 0.20955014404715303], "k_pid_yaw": [0.5, 1e-06, 0.1], "k_pid_hsp": [0.18081265288324208, 0.02448975067224983, 0.0], "k_pid_vsp": [194.24843705896947, 319.47049198139865, 1.37672951523094]}, "datetime": {"datetime": "2025-08-21 16:42:01", "elapsed": 28638.136219501495, "delta": 15.70202898979187}, "costs": {"total_cost": 173.0933296547435, "time_cost": 68.83200000000001, "final_distance_cost": 1.844471898230749, "oscillation_cost": 29.944957203011484, "completition_cost": 0.0, "overshoot_cost": 49.789544338030105, "power_cost": 11.426861938476563, "noise_cost": 11.255494276994616, "n_waypoints_completed": 9, "tot_waypoints": 9}}
{"target": -173.98736122301833, "params": {"k_pid_pos": [1.7901082752315893, 0.007162905538684795, 0.9479176906628779], "k_pid_alt": [1.582226603000205, 0.004928074219739219, 0.010589153049622364], "k_pid_att": [12.897294119339412, 0.17343283709476962, 0.20900988296625125], "k_pid_yaw": [0.5, 1e-06, 0.1], "k_pid_hsp": [0.18478656949065972, 0.02554503236570529, 0.0], "k_pid_vsp": [267.9453884378784, 263.09329391985415, 1.2718650006642704]}, "datetime": {"datetime": "2025-08-21 16:42:18", "elapsed": 28654.77892589569, "delta": 16.642706394195557}, "costs": {"total_cost": 173.98736122301833, "time_cost": 69.496, "final_distance_cost": 1.8424947834268133, "oscillation_cost": 28.96105747384566, "completition_cost": 0.0, "overshoot_cost": 49.89310846054969, "power_cost": 12.29512646484375, "noise_cost": 11.499574040352423, "n_waypoints_completed": 9, "tot_waypoints": 9}}
{"target": -174.8050995609283, "params": {"k_pid_pos": [1.5692365526593781, 0.010456150720442111, 0.5299853219934263], "k_pid_alt": [1.6330691969633158, 0.0035868423070468483, 0.011452474451154512], "k_pid_att": [16.447927286931108, 0.13842613650165028, 0.23020159129095075], "k_pid_yaw": [0.5, 1e-06, 0.1], "k_pid_hsp": [0.1829691220974726, 0.03520413106287378, 0.0], "k_pid_vsp": [293.2516031038926, 285.7879311278491, 1.1000545264132726]}, "datetime": {"datetime": "2025-08-21 16:42:34", "elapsed": 28670.720533132553, "delta": 15.941607236862183}, "costs": {"total_cost": 174.8050995609283, "time_cost": 69.024, "final_distance_cost": 1.8318619543880934, "oscillation_cost": 30.419424307579366, "completition_cost": 0.0, "overshoot_cost": 49.855062451671785, "power_cost": 12.339451147460938, "noise_cost": 11.335299699828123, "n_waypoints_completed": 9, "tot_waypoints": 9}}
{"target": -174.8442780352012, "params": {"k_pid_pos": [1.9060016703664633, 0.019929630857475216, 0.9375741173967737], "k_pid_alt": [1.2081884928172466, 0.0028477296218247447, 0.009019350350323899], "k_pid_att": [16.52297295468895, 0.16317707967323383, 0.25006607197023945], "k_pid_yaw": [0.5, 1e-06, 0.1], "k_pid_hsp": [0.13546075776754807, 0.017294920900323515, 0.0], "k_pid_vsp": [286.93477972675083, 205.88895180555096, 1.2258468352922538]}, "datetime": {"datetime": "2025-08-21 16:42:50", "elapsed": 28686.799503087997, "delta": 16.078969955444336}, "costs": {"total_cost": 174.8442780352012, "time_cost": 69.208, "final_distance_cost": 1.8346314813254048, "oscillation_cost": 29.140129387099567, "completition_cost": 0.0, "overshoot_cost": 50.033058886870094, "power_cost": 12.936084484863281, "noise_cost": 11.692373795042874, "n_waypoints_completed": 9, "tot_waypoints": 9}}
{"target": -176.79311473095845, "params": {"k_pid_pos": [1.7467493002137833, 0.020355657404021454, 0.8636859556719609], "k_pid_alt": [1.7716765948762905, 0.0036491865408369746, 0.008574565153231434], "k_pid_att": [13.135415087864436, 0.18126262561235892, 0.2801241255830257], "k_pid_yaw": [0.5, 1e-06, 0.1], "k_pid_hsp": [0.14574023523343674, 0.023040147755556017, 0.0], "k_pid_vsp": [204.0806687348135, 318.4997923234043, 1.8209238867826423]}, "datetime": {"datetime": "2025-08-21 16:43:07", "elapsed": 28703.835228443146, "delta": 17.035725355148315}, "costs": {"total_cost": 176.79311473095845, "time_cost": 69.552, "final_distance_cost": 1.8368772431036229, "oscillation_cost": 29.993106891621235, "completition_cost": 0.0, "overshoot_cost": 50.219338510101174, "power_cost": 13.430452905273437, "noise_cost": 11.761339180858988, "n_waypoints_completed": 9, "tot_waypoints": 9}}
{"target": -173.90958928868824, "params": {"k_pid_pos": [1.698967454269838, 0.023396056547695162, 0.910166009217228], "k_pid_alt": [1.0681513406040406, 0.003798834682764296, 0.010309063305768786], "k_pid_att": [13.981615837425224, 0.20670779322033098, 0.16785412788656973], "k_pid_yaw": [0.5, 1e-06, 0.1], "k_pid_hsp": [0.17248967758450828, 0.016491073491945885, 0.0], "k_pid_vsp": [250.68679914255128, 197.81232611559435, 1.3780349772827403]}, "datetime": {"datetime": "2025-08-21 16:43:23", "elapsed": 28719.635100126266, "delta": 15.799871683120728}, "costs": {"total_cost": 173.90958928868824, "time_cost": 69.68, "final_distance_cost": 1.8305821451215418, "oscillation_cost": 29.15573626233252, "completition_cost": 0.0, "overshoot_cost": 49.54778226971773, "power_cost": 12.24787059326172, "noise_cost": 11.44761801825469, "n_waypoints_completed": 9, "tot_waypoints": 9}}
{"target": -173.88357572298546, "params": {"k_pid_pos": [1.4477135267586452, 0.021329704098800945, 1.0], "k_pid_alt": [1.5328265961577217, 0.004476329291678343, 0.012524239329092024], "k_pid_att": [10.892706279147136, 0.1949456622860554, 0.2705537083385669], "k_pid_yaw": [0.5, 1e-06, 0.1], "k_pid_hsp": [0.14296971331020983, 0.024093248355807288, 0.0], "k_pid_vsp": [230.08832953196202, 238.73728740263127, 1.3115276347844707]}, "datetime": {"datetime": "2025-08-21 16:43:40", "elapsed": 28736.46862888336, "delta": 16.833528757095337}, "costs": {"total_cost": 173.88357572298546, "time_cost": 70.512, "final_distance_cost": 1.8487607381382718, "oscillation_cost": 27.36267338232163, "completition_cost": 0.0, "overshoot_cost": 49.955402460875284, "power_cost": 12.492091650390625, "noise_cost": 11.712647491259647, "n_waypoints_completed": 9, "tot_waypoints": 9}}
{"target": -172.02091451437084, "params": {"k_pid_pos": [1.739207272411219, 0.006874050496547881, 0.6775604456714227], "k_pid_alt": [1.844675706098059, 0.003136999674965637, 0.01166856695522246], "k_pid_att": [10.907195552253436, 0.12903101981977924, 0.22465388691974744], "k_pid_yaw": [0.5, 1e-06, 0.1], "k_pid_hsp": [0.12304960117250896, 0.015644125662931874, 0.0], "k_pid_vsp": [305.85293796955136, 363.3240217629548, 1.5025294819500639]}, "datetime": {"datetime": "2025-08-21 16:43:55", "elapsed": 28752.050256729126, "delta": 15.58162784576416}, "costs": {"total_cost": 172.02091451437084, "time_cost": 68.816, "final_distance_cost": 1.8222641831833162, "oscillation_cost": 29.90156129498527, "completition_cost": 0.0, "overshoot_cost": 49.95076666591187, "power_cost": 10.992513928222657, "noise_cost": 10.537808442067726, "n_waypoints_completed": 9, "tot_waypoints": 9}}
{"target": -171.53402191863356, "params": {"k_pid_pos": [1.613563594798871, 0.02031695479692164, 0.7006721268751533], "k_pid_alt": [1.9642523339013398, 0.003500267853034649, 0.008463687867573884], "k_pid_att": [12.558578856159201, 0.18362249874646278, 0.26353280426565445], "k_pid_yaw": [0.5, 1e-06, 0.1], "k_pid_hsp": [0.1291763993027533, 0.025117112409002617, 0.0], "k_pid_vsp": [226.3844748670649, 339.17369149656975, 1.3420010900303911]}, "datetime": {"datetime": "2025-08-21 16:44:12", "elapsed": 28769.152893066406, "delta": 17.102636337280273}, "costs": {"total_cost": 171.53402191863356, "time_cost": 69.0, "final_distance_cost": 1.8382962800137561, "oscillation_cost": 29.977410760579378, "completition_cost": 0.0, "overshoot_cost": 49.67695732115004, "power_cost": 10.570809460449219, "noise_cost": 10.47054809644119, "n_waypoints_completed": 9, "tot_waypoints": 9}}
{"target": -178.73888751157833, "params": {"k_pid_pos": [1.5650806777809017, 0.020896145262155774, 0.8713799861809667], "k_pid_alt": [2.0, 0.0028061592848309114, 0.009665359002056917], "k_pid_att": [18.015027817479133, 0.212771664724706, 0.2802891987424045], "k_pid_yaw": [0.5, 1e-06, 0.1], "k_pid_hsp": [0.1568302285719395, 0.026155620603808865, 0.0], "k_pid_vsp": [196.92152446092777, 244.93227177314907, 1.4167575636671952]}, "datetime": {"datetime": "2025-08-21 16:44:29", "elapsed": 28786.339807510376, "delta": 17.186914443969727}, "costs": {"total_cost": 178.73888751157833, "time_cost": 70.28, "final_distance_cost": 1.8450250361040506, "oscillation_cost": 29.207927754366537, "completition_cost": 0.0, "overshoot_cost": 49.983900892891945, "power_cost": 14.695919470214845, "noise_cost": 12.726114358000947, "n_waypoints_completed": 9, "tot_waypoints": 9}}
{"target": -170.6098575827544, "params": {"k_pid_pos": [2.0, 0.020643447197008696, 0.9848384074346032], "k_pid_alt": [1.4677128506607573, 0.0037945093997800313, 0.010190529471684091], "k_pid_att": [9.929523981170686, 0.1552680635834244, 0.2787647037200696], "k_pid_yaw": [0.5, 1e-06, 0.1], "k_pid_hsp": [0.1214885072261976, 0.020526255683129508, 0.0], "k_pid_vsp": [311.0500777695859, 380.8599928936682, 1.4664801726658014]}, "datetime": {"datetime": "2025-08-21 16:44:46", "elapsed": 28802.748682498932, "delta": 16.408874988555908}, "costs": {"total_cost": 170.6098575827544, "time_cost": 68.784, "final_distance_cost": 1.8218998326902487, "oscillation_cost": 30.100058568126205, "completition_cost": 0.0, "overshoot_cost": 49.85207312007148, "power_cost": 9.999246545410157, "noise_cost": 10.052579516456303, "n_waypoints_completed": 9, "tot_waypoints": 9}}
{"target": -171.50766071256356, "params": {"k_pid_pos": [1.5975592110122652, 0.027689368332259528, 0.781048888456002], "k_pid_alt": [1.4297119437946595, 0.003172789109258504, 0.01373563758160253], "k_pid_att": [10.848632981078618, 0.15636237972322367, 0.2972355081744224], "k_pid_yaw": [0.5, 1e-06, 0.1], "k_pid_hsp": [0.1887378067260712, 0.01434676092133424, 0.0], "k_pid_vsp": [268.8756798170886, 268.46550077237924, 1.387679223126927]}, "datetime": {"datetime": "2025-08-21 16:45:02", "elapsed": 28819.261405944824, "delta": 16.512723445892334}, "costs": {"total_cost": 171.50766071256356, "time_cost": 68.936, "final_distance_cost": 1.8278355221474423, "oscillation_cost": 29.150983945231822, "completition_cost": 0.0, "overshoot_cost": 49.903230804888636, "power_cost": 10.885297961425781, "noise_cost": 10.804312478869877, "n_waypoints_completed": 9, "tot_waypoints": 9}}
{"target": -172.84400160244763, "params": {"k_pid_pos": [2.0, 0.019361025215084492, 1.0], "k_pid_alt": [2.0, 0.0036593163180288503, 0.011112216733869336], "k_pid_att": [14.769132635932328, 0.14621293625509582, 0.34970659658630027], "k_pid_yaw": [0.5, 1e-06, 0.1], "k_pid_hsp": [0.16910361068078172, 0.01789802091742389, 0.0], "k_pid_vsp": [223.39002823624722, 285.2886666081497, 1.3787011352369938]}, "datetime": {"datetime": "2025-08-21 16:45:18", "elapsed": 28834.73690223694, "delta": 15.475496292114258}, "costs": {"total_cost": 172.84400160244763, "time_cost": 69.68, "final_distance_cost": 1.8247478977402563, "oscillation_cost": 28.725335179666597, "completition_cost": 0.0, "overshoot_cost": 49.77164540354462, "power_cost": 11.726702685546876, "noise_cost": 11.11557043594929, "n_waypoints_completed": 9, "tot_waypoints": 9}}
{"target": -181.00155265870825, "params": {"k_pid_pos": [2.0, 0.021605239908889767, 0.7844497702305087], "k_pid_alt": [1.132476337418184, 0.003268354080626493, 0.011635642028655782], "k_pid_att": [14.262301056064976, 0.13715909662443274, 0.2904117731283205], "k_pid_yaw": [0.5, 1e-06, 0.1], "k_pid_hsp": [0.16773941481669272, 0.02028008566610193, 0.0], "k_pid_vsp": [354.1441322578914, 262.3086687288996, 0.6474499419017826]}, "datetime": {"datetime": "2025-08-21 16:45:35", "elapsed": 28852.413014173508, "delta": 17.676111936569214}, "costs": {"total_cost": 181.00155265870825, "time_cost": 70.296, "final_distance_cost": 1.8200965643226008, "oscillation_cost": 29.769809801093153, "completition_cost": 0.0, "overshoot_cost": 50.65380711123096, "power_cost": 15.600296020507812, "noise_cost": 12.861543161553698, "n_waypoints_completed": 9, "tot_waypoints": 9}}
{"target": -172.97106193212267, "params": {"k_pid_pos": [2.0, 0.021129346890324748, 0.9145672747546035], "k_pid_alt": [1.5031780560635795, 0.0026755563407231844, 0.010530328371709453], "k_pid_att": [11.62614368109446, 0.13215894914401363, 0.21571982727705227], "k_pid_yaw": [0.5, 1e-06, 0.1], "k_pid_hsp": [0.183366570701593, 0.020657396734156102, 0.0], "k_pid_vsp": [279.4514751351203, 262.98523277366417, 1.1315925183312623]}, "datetime": {"datetime": "2025-08-21 16:45:51", "elapsed": 28867.887189388275, "delta": 15.474175214767456}, "costs": {"total_cost": 172.97106193212267, "time_cost": 68.52, "final_distance_cost": 1.8017841078565162, "oscillation_cost": 30.420789466466704, "completition_cost": 0.0, "overshoot_cost": 49.342383455359425, "power_cost": 11.7118916015625, "noise_cost": 11.174213300877513, "n_waypoints_completed": 9, "tot_waypoints": 9}}
{"target": -173.82084967159972, "params": {"k_pid_pos": [1.3354503284747565, 0.007389059502967179, 1.0], "k_pid_alt": [1.7717116313491588, 0.003711183305226693, 0.010269002122655671], "k_pid_att": [11.119953697182263, 0.15018892740843862, 0.4772336987238863], "k_pid_yaw": [0.5, 1e-06, 0.1], "k_pid_hsp": [0.19365955638535262, 0.02354052669343196, 0.0], "k_pid_vsp": [172.8881663716248, 259.2438259555219, 1.0717100820006145]}, "datetime": {"datetime": "2025-08-21 16:46:09", "elapsed": 28886.186370134354, "delta": 18.29918074607849}, "costs": {"total_cost": 173.82084967159972, "time_cost": 72.336, "final_distance_cost": 1.850340606950217, "oscillation_cost": 28.33969614167423, "completition_cost": 0.0, "overshoot_cost": 49.903988024492804, "power_cost": 10.595221752929689, "noise_cost": 10.795603145552787, "n_waypoints_completed": 9, "tot_waypoints": 9}}
{"target": -173.48503062009033, "params": {"k_pid_pos": [1.5464031029723173, 0.018527907438807546, 1.0], "k_pid_alt": [1.6903517539198418, 0.0025533437204938356, 0.014981998607475214], "k_pid_att": [19.382554405726093, 0.1406093039923758, 0.35233750638660927], "k_pid_yaw": [0.5, 1e-06, 0.1], "k_pid_hsp": [0.142268752482378, 0.03336297782225054, 0.0], "k_pid_vsp": [280.5501980970933, 305.6558545465353, 0.9195442225667025]}, "datetime": {"datetime": "2025-08-21 16:46:26", "elapsed": 28902.915170907974, "delta": 16.728800773620605}, "costs": {"total_cost": 173.48503062009033, "time_cost": 70.248, "final_distance_cost": 1.8514130020819697, "oscillation_cost": 28.209740327944974, "completition_cost": 0.0, "overshoot_cost": 49.68315397228822, "power_cost": 12.023417846679688, "noise_cost": 11.469305471095481, "n_waypoints_completed": 9, "tot_waypoints": 9}}
{"target": -172.61566271858362, "params": {"k_pid_pos": [1.4484268774919151, 0.019203632609486435, 0.6775427182501715], "k_pid_alt": [1.7880540957934759, 0.004336095849985527, 0.012217440486880178], "k_pid_att": [14.436219925236893, 0.1699576513099601, 0.37098047807199874], "k_pid_yaw": [0.5, 1e-06, 0.1], "k_pid_hsp": [0.20013106886563872, 0.030558170039606564, 0.0], "k_pid_vsp": [244.10073577867377, 272.13918385503234, 1.5202854401173298]}, "datetime": {"datetime": "2025-08-21 16:46:46", "elapsed": 28923.148614168167, "delta": 20.23344326019287}, "costs": {"total_cost": 172.61566271858362, "time_cost": 69.624, "final_distance_cost": 1.8500293699895938, "oscillation_cost": 28.309291664306688, "completition_cost": 0.0, "overshoot_cost": 50.125207780231435, "power_cost": 11.62139404296875, "noise_cost": 11.08573986108717, "n_waypoints_completed": 9, "tot_waypoints": 9}}
{"target": -174.05108329820195, "params": {"k_pid_pos": [1.8214891464697425, 0.0067432250835111765, 0.5911049232817681], "k_pid_alt": [1.6547836501821698, 0.0038808249498674427, 0.008498463397179416], "k_pid_att": [15.602795880449017, 0.1754944878823778, 0.2341201533664615], "k_pid_yaw": [0.5, 1e-06, 0.1], "k_pid_hsp": [0.11843774414769404, 0.023093543784896114, 0.0], "k_pid_vsp": [205.67611027391482, 304.4809354907527, 1.1606953689255726]}, "datetime": {"datetime": "2025-08-21 16:47:05", "elapsed": 28941.88988852501, "delta": 18.74127435684204}, "costs": {"total_cost": 174.05108329820195, "time_cost": 68.608, "final_distance_cost": 1.814641300693516, "oscillation_cost": 31.45131510321518, "completition_cost": 0.0, "overshoot_cost": 50.35682219970739, "power_cost": 11.238248779296876, "noise_cost": 10.582055915289006, "n_waypoints_completed": 9, "tot_waypoints": 9}}
{"target": -167.86456347385808, "params": {"k_pid_pos": [1.411313936681431, 0.022143105902632434, 0.9067156250541114], "k_pid_alt": [1.4203017770853232, 0.0036671392467654287, 0.008108472395090176], "k_pid_att": [11.500033106416078, 0.20502867371549618, 0.47835093687288427], "k_pid_yaw": [0.5, 1e-06, 0.1], "k_pid_hsp": [0.18320873591237496, 0.01529805307962359, 0.0], "k_pid_vsp": [206.6300271728597, 256.7485969738556, 1.2033655698672776]}, "datetime": {"datetime": "2025-08-21 16:47:21", "elapsed": 28957.729784488678, "delta": 15.839895963668823}, "costs": {"total_cost": 167.86456347385808, "time_cost": 70.696, "final_distance_cost": 1.8447437813127912, "oscillation_cost": 27.818075053878484, "completition_cost": 0.0, "overshoot_cost": 49.70147417935991, "power_cost": 8.320265112304687, "noise_cost": 9.484005347002205, "n_waypoints_completed": 9, "tot_waypoints": 9}}
{"target": -171.28124346212937, "params": {"k_pid_pos": [1.6186017929798122, 0.015792999510027217, 0.7021702466607328], "k_pid_alt": [1.2295386875764525, 0.0028840918516368, 0.008857072955478516], "k_pid_att": [15.871014458863648, 0.19567693306378212, 0.276561763376735], "k_pid_yaw": [0.5, 1e-06, 0.1], "k_pid_hsp": [0.184738462216307, 0.017025848783791347, 0.0], "k_pid_vsp": [312.8831861357258, 400.0, 1.288982366768324]}, "datetime": {"datetime": "2025-08-21 16:47:38", "elapsed": 28974.953337430954, "delta": 17.223552942276}, "costs": {"total_cost": 171.28124346212937, "time_cost": 68.976, "final_distance_cost": 1.8426145457600058, "oscillation_cost": 29.52695213250059, "completition_cost": 0.0, "overshoot_cost": 49.143740870068854, "power_cost": 10.990836010742187, "noise_cost": 10.801099903057734, "n_waypoints_completed": 9, "tot_waypoints": 9}}
{"target": -169.51298008344602, "params": {"k_pid_pos": [2.0, 0.01966934907534694, 0.7316633032875967], "k_pid_alt": [1.7270455672468394, 0.004849015347756371, 0.009247649604534494], "k_pid_att": [9.779397852855418, 0.14337526742871645, 0.264275990564394], "k_pid_yaw": [0.5, 1e-06, 0.1], "k_pid_hsp": [0.16621652656776242, 0.02187610019537829, 0.0], "k_pid_vsp": [202.0135272599266, 345.82646839505816, 1.353615166286219]}, "datetime": {"datetime": "2025-08-21 16:47:53", "elapsed": 28990.28493666649, "delta": 15.331599235534668}, "costs": {"total_cost": 169.51298008344602, "time_cost": 68.296, "final_distance_cost": 1.8276339478014463, "oscillation_cost": 31.010756892281847, "completition_cost": 0.0, "overshoot_cost": 49.74721664235142, "power_cost": 9.196698962402344, "noise_cost": 9.434673638608944, "n_waypoints_completed": 9, "tot_waypoints": 9}}
{"target": -174.27774383390195, "params": {"k_pid_pos": [1.9222111111370872, 0.023152910596227805, 0.9790639851576586], "k_pid_alt": [1.979902911399808, 0.0027575883914097974, 0.008918214602365413], "k_pid_att": [10.310660739783266, 0.14259080833873014, 0.259175549773455], "k_pid_yaw": [0.5, 1e-06, 0.1], "k_pid_hsp": [0.21213908964519532, 0.024264985091773366, 0.0], "k_pid_vsp": [228.86623927882036, 248.22116618462235, 1.1714285027068174]}, "datetime": {"datetime": "2025-08-21 16:48:11", "elapsed": 29007.483593463898, "delta": 17.198656797409058}, "costs": {"total_cost": 174.27774383390195, "time_cost": 69.56, "final_distance_cost": 1.8402902818750493, "oscillation_cost": 29.217282544083293, "completition_cost": 0.0, "overshoot_cost": 49.8302053216795, "power_cost": 12.385879431152345, "noise_cost": 11.444086255111744, "n_waypoints_completed": 9, "tot_waypoints": 9}}
{"target": -173.79352161773357, "params": {"k_pid_pos": [1.8991805247068134, 0.015253651465566474, 0.9714358383100259], "k_pid_alt": [1.344879948684558, 0.0033334419528148235, 0.009110215341568006], "k_pid_att": [13.576388124863064, 0.1699369344770576, 0.3021959842817397], "k_pid_yaw": [0.5, 1e-06, 0.1], "k_pid_hsp": [0.1702673152427738, 0.016361817772461793, 0.0], "k_pid_vsp": [270.4798790361924, 272.3451488714818, 1.3057684749793552]}, "datetime": {"datetime": "2025-08-21 16:48:28", "elapsed": 29024.45448589325, "delta": 16.970892429351807}, "costs": {"total_cost": 173.79352161773357, "time_cost": 69.664, "final_distance_cost": 1.8439555020796792, "oscillation_cost": 28.626968621053166, "completition_cost": 0.0, "overshoot_cost": 50.12483871539704, "power_cost": 12.175520275878906, "noise_cost": 11.358238503324776, "n_waypoints_completed": 9, "tot_waypoints": 9}}
{"target": -174.68790451858047, "params": {"k_pid_pos": [1.463268278501755, 0.027201215461096873, 0.7420404822087444], "k_pid_alt": [1.9408249596472078, 0.0036045436885079004, 0.009365379905607844], "k_pid_att": [12.357817831204779, 0.13309818785994362, 0.27722184913494435], "k_pid_yaw": [0.5, 1e-06, 0.1], "k_pid_hsp": [0.17413268301895002, 0.015442241227852212, 0.0], "k_pid_vsp": [186.75207899616592, 167.34208721960695, 1.896990232640574]}, "datetime": {"datetime": "2025-08-21 16:48:44", "elapsed": 29040.580328464508, "delta": 16.125842571258545}, "costs": {"total_cost": 174.68790451858047, "time_cost": 69.808, "final_distance_cost": 1.8446328149567555, "oscillation_cost": 27.383899328538273, "completition_cost": 0.0, "overshoot_cost": 49.90639256033336, "power_cost": 13.465625524902345, "noise_cost": 12.279354289849707, "n_waypoints_completed": 9, "tot_waypoints": 9}}
