{"target": -171.78687601109496, "params": {"k_pid_pos": [1.4759560976647765, 0.0070406967537192874, 0.9009317490038344], "k_pid_alt": [2.0, 0.002920362078866269, 0.013313499143695702], "k_pid_att": [11.036360687581622, 0.18656803940049652, 0.30837017816390927], "k_pid_yaw": [0.5, 1e-06, 0.1], "k_pid_hsp": [0.18281772006726663, 0.01868793543372244, 0.0], "k_pid_vsp": [286.62693258365493, 238.75459641653745, 1.043393138863139]}, "datetime": {"datetime": "2025-08-21 19:37:50", "elapsed": 39187.25891137123, "delta": 15.937088012695312}, "costs": {"total_cost": 171.78687601109496, "time_cost": 70.304, "final_distance_cost": 1.851153074735449, "oscillation_cost": 27.1560261830937, "completition_cost": 0.0, "overshoot_cost": 50.15943614407754, "power_cost": 11.377346948242188, "noise_cost": 10.938913660946097, "n_waypoints_completed": 9, "tot_waypoints": 9}}
{"target": -175.0971677352158, "params": {"k_pid_pos": [1.85246184547045, 0.007049905205459293, 0.9761595420227539], "k_pid_alt": [2.0, 0.0026869065002230502, 0.014396798128089161], "k_pid_att": [13.453382296429993, 0.12544684362146707, 0.33812836339361657], "k_pid_yaw": [0.5, 1e-06, 0.1], "k_pid_hsp": [0.12242509602348102, 0.01893304531341874, 0.0], "k_pid_vsp": [258.1065872783967, 281.27418747344, 1.4272566024519502]}, "datetime": {"datetime": "2025-08-21 19:38:08", "elapsed": 39205.12527155876, "delta": 17.866360187530518}, "costs": {"total_cost": 175.0971677352158, "time_cost": 70.032, "final_distance_cost": 1.8268591990666483, "oscillation_cost": 28.21087935363527, "completition_cost": 0.0, "overshoot_cost": 50.70536906332768, "power_cost": 12.75952978515625, "noise_cost": 11.562530334029951, "n_waypoints_completed": 9, "tot_waypoints": 9}}
{"target": -177.75042928872378, "params": {"k_pid_pos": [1.4696041827945454, 0.008083701958905056, 0.8532468486158331], "k_pid_alt": [1.995573866716765, 0.0028473834821244755, 0.014728636420398329], "k_pid_att": [10.531771774806296, 0.16287859298031007, 0.3134058394961616], "k_pid_yaw": [0.5, 1e-06, 0.1], "k_pid_hsp": [0.13773292126874936, 0.018442797750723067, 0.0], "k_pid_vsp": [255.09039270660307, 229.88981244088117, 1.1106522594778563]}, "datetime": {"datetime": "2025-08-21 19:38:25", "elapsed": 39221.657594919205, "delta": 16.532323360443115}, "costs": {"total_cost": 177.75042928872378, "time_cost": 70.592, "final_distance_cost": 1.848442720461448, "oscillation_cost": 28.133976602297178, "completition_cost": 0.0, "overshoot_cost": 50.16221942985185, "power_cost": 14.338384802246095, "noise_cost": 12.67540573386721, "n_waypoints_completed": 9, "tot_waypoints": 9}}
{"target": -183.68843279786384, "params": {"k_pid_pos": [2.0, 0.008316306725516693, 0.8423264272192651], "k_pid_alt": [2.0, 0.002328560703550564, 0.01191751989470192], "k_pid_att": [13.242155312830311, 0.21199416034174523, 0.37133381137064464], "k_pid_yaw": [0.5, 1e-06, 0.1], "k_pid_hsp": [0.10165873763492013, 0.02203416798807741, 0.0], "k_pid_vsp": [253.75655163239773, 288.67802487848627, 1.0676499685396894]}, "datetime": {"datetime": "2025-08-21 19:38:42", "elapsed": 39238.64412856102, "delta": 16.986533641815186}, "costs": {"total_cost": 183.68843279786384, "time_cost": 70.392, "final_distance_cost": 1.8306991997460018, "oscillation_cost": 30.343174131501527, "completition_cost": 0.0, "overshoot_cost": 51.51896374375844, "power_cost": 16.244990100097656, "noise_cost": 13.35860562276023, "n_waypoints_completed": 9, "tot_waypoints": 9}}
{"target": -167.99670885581568, "params": {"k_pid_pos": [1.8755570979737808, 0.007072312763850538, 0.8389221796888179], "k_pid_alt": [2.0, 0.002550990587798032, 0.01145030614280549], "k_pid_att": [12.418251455327464, 0.16449054620319534, 0.29683346527446375], "k_pid_yaw": [0.5, 1e-06, 0.1], "k_pid_hsp": [0.15433833978235562, 0.015679751142880703, 0.0], "k_pid_vsp": [303.8839375836107, 246.56709543424918, 0.8419824841281276]}, "datetime": {"datetime": "2025-08-21 19:38:58", "elapsed": 39255.29642415047, "delta": 16.65229558944702}, "costs": {"total_cost": 167.99670885581568, "time_cost": 68.76, "final_distance_cost": 1.8333012791279, "oscillation_cost": 29.626945062709424, "completition_cost": 0.0, "overshoot_cost": 49.532715348518195, "power_cost": 8.859428002929688, "noise_cost": 9.384319162530486, "n_waypoints_completed": 9, "tot_waypoints": 9}}
{"target": -170.90133638390034, "params": {"k_pid_pos": [1.4315034977975485, 0.007277754954096417, 0.7951189062841575], "k_pid_alt": [2.0, 0.0023762651015328557, 0.010325066626081661], "k_pid_att": [10.200402788575714, 0.17860531137330513, 0.31343737177720843], "k_pid_yaw": [0.5, 1e-06, 0.1], "k_pid_hsp": [0.1823921254782438, 0.014658218645758494, 0.0], "k_pid_vsp": [258.0609319576183, 336.4954371956585, 0.7487618813659696]}, "datetime": {"datetime": "2025-08-21 19:39:14", "elapsed": 39271.20422124863, "delta": 15.90779709815979}, "costs": {"total_cost": 170.90133638390034, "time_cost": 70.128, "final_distance_cost": 1.8371746952851953, "oscillation_cost": 26.959285920872443, "completition_cost": 0.0, "overshoot_cost": 50.02886015816066, "power_cost": 11.11322392578125, "noise_cost": 10.834791683800766, "n_waypoints_completed": 9, "tot_waypoints": 9}}
{"target": -173.09471692694046, "params": {"k_pid_pos": [1.944950712896351, 0.007124996638155033, 1.0], "k_pid_alt": [2.0, 0.00275978489563457, 0.006169590910260283], "k_pid_att": [11.55921672153452, 0.17952007471301998, 0.33008161103496153], "k_pid_yaw": [0.5, 1e-06, 0.1], "k_pid_hsp": [0.1608843435397094, 0.021107262833257073, 0.0], "k_pid_vsp": [220.08536605500976, 223.4776993603642, 1.0142922125021576]}, "datetime": {"datetime": "2025-08-21 19:39:32", "elapsed": 39289.15062427521, "delta": 17.94640302658081}, "costs": {"total_cost": 173.09471692694046, "time_cost": 69.792, "final_distance_cost": 1.8415138146104382, "oscillation_cost": 28.34058723240794, "completition_cost": 0.0, "overshoot_cost": 50.31799392811229, "power_cost": 11.767168041992187, "noise_cost": 11.035453909817585, "n_waypoints_completed": 9, "tot_waypoints": 9}}
{"target": -174.76373618386634, "params": {"k_pid_pos": [1.9194607076527423, 0.00835745730468296, 0.9648043251892379], "k_pid_alt": [2.0, 0.002472906395903639, 0.012992318756479979], "k_pid_att": [12.341978286560584, 0.16762978543123733, 0.3309863790984695], "k_pid_yaw": [0.5, 1e-06, 0.1], "k_pid_hsp": [0.17830342572002902, 0.01904187659791938, 0.0], "k_pid_vsp": [236.49026929584625, 257.63889898447445, 1.1162735934818315]}, "datetime": {"datetime": "2025-08-21 19:39:48", "elapsed": 39305.29001736641, "delta": 16.139393091201782}, "costs": {"total_cost": 174.76373618386634, "time_cost": 69.792, "final_distance_cost": 1.845530076409601, "oscillation_cost": 28.92187049968797, "completition_cost": 0.0, "overshoot_cost": 50.04452298715722, "power_cost": 12.683607177734375, "noise_cost": 11.476205442877157, "n_waypoints_completed": 9, "tot_waypoints": 9}}
{"target": -171.02196646027986, "params": {"k_pid_pos": [1.9818536337372246, 0.007602928871381709, 0.9582189829216713], "k_pid_alt": [1.8341960862378308, 0.003495324626744508, 0.011582050027607461], "k_pid_att": [11.751662293814086, 0.13530600345929297, 0.2889891251877166], "k_pid_yaw": [0.5, 1e-06, 0.1], "k_pid_hsp": [0.14719594725381338, 0.019849132392796315, 0.0], "k_pid_vsp": [269.8252907415925, 328.18144514596764, 1.204206220495393]}, "datetime": {"datetime": "2025-08-21 19:40:06", "elapsed": 39322.554147958755, "delta": 17.26413059234619}, "costs": {"total_cost": 171.02196646027986, "time_cost": 68.70400000000001, "final_distance_cost": 1.8326392178204263, "oscillation_cost": 29.920673455006067, "completition_cost": 0.0, "overshoot_cost": 49.39895202428414, "power_cost": 10.676971044921876, "noise_cost": 10.48873071824733, "n_waypoints_completed": 9, "tot_waypoints": 9}}
{"target": -172.32572014815034, "params": {"k_pid_pos": [1.8552744964292132, 0.005710938314672551, 1.0], "k_pid_alt": [1.9116568227117778, 0.0031347467109971647, 0.011780009024028584], "k_pid_att": [11.633592203219543, 0.17485837502181265, 0.3238949773008378], "k_pid_yaw": [0.5, 1e-06, 0.1], "k_pid_hsp": [0.1054339492440048, 0.01951747086649548, 0.0], "k_pid_vsp": [209.04810928799108, 265.565635802406, 0.917520447582978]}, "datetime": {"datetime": "2025-08-21 19:40:21", "elapsed": 39338.403067827225, "delta": 15.848919868469238}, "costs": {"total_cost": 172.32572014815034, "time_cost": 69.384, "final_distance_cost": 1.8271547722655237, "oscillation_cost": 29.022048563733946, "completition_cost": 0.0, "overshoot_cost": 50.57489818825835, "power_cost": 10.86152049560547, "noise_cost": 10.656098128287024, "n_waypoints_completed": 9, "tot_waypoints": 9}}
{"target": -170.28748088018975, "params": {"k_pid_pos": [1.7921712206964824, 0.00821403891735243, 0.9225270841812704], "k_pid_alt": [2.0, 0.0024632731338940224, 0.011393767592637905], "k_pid_att": [13.713506131990925, 0.15895467869239754, 0.31638426756010934], "k_pid_yaw": [0.5, 1e-06, 0.1], "k_pid_hsp": [0.17227617629380662, 0.021233454673633727, 0.0], "k_pid_vsp": [264.99169914866104, 254.30725040290574, 1.035137429287052]}, "datetime": {"datetime": "2025-08-21 19:40:39", "elapsed": 39355.4718811512, "delta": 17.06881332397461}, "costs": {"total_cost": 170.28748088018975, "time_cost": 69.544, "final_distance_cost": 1.8343091082418734, "oscillation_cost": 28.3182872254945, "completition_cost": 0.0, "overshoot_cost": 50.18205201491326, "power_cost": 10.139237145996095, "noise_cost": 10.269595385544028, "n_waypoints_completed": 9, "tot_waypoints": 9}}
{"target": -175.02437270940032, "params": {"k_pid_pos": [1.652602421722716, 0.007893388055363014, 0.7763774415498478], "k_pid_alt": [2.0, 0.0027658364490267284, 0.012798013190512372], "k_pid_att": [11.700460016885353, 0.16336627402616136, 0.29657218197230256], "k_pid_yaw": [0.5, 1e-06, 0.1], "k_pid_hsp": [0.15713165655104375, 0.01709779778198926, 0.0], "k_pid_vsp": [290.394283085414, 285.2293183327516, 1.2847256519820496]}, "datetime": {"datetime": "2025-08-21 19:40:56", "elapsed": 39373.07764816284, "delta": 17.605767011642456}, "costs": {"total_cost": 175.02437270940032, "time_cost": 69.864, "final_distance_cost": 1.839653464085711, "oscillation_cost": 28.36925591691464, "completition_cost": 0.0, "overshoot_cost": 50.03275452215888, "power_cost": 12.926176745605469, "noise_cost": 11.992532060635638, "n_waypoints_completed": 9, "tot_waypoints": 9}}
{"target": -175.390384744577, "params": {"k_pid_pos": [1.8801628101756196, 0.008818538214417328, 0.9422631744377438], "k_pid_alt": [2.0, 0.002675347016874985, 0.01137105502888918], "k_pid_att": [11.105699281877596, 0.16884372254839644, 0.2718135499334266], "k_pid_yaw": [0.5, 1e-06, 0.1], "k_pid_hsp": [0.15201468853336114, 0.019142728393819666, 0.0], "k_pid_vsp": [290.7499563370541, 255.38806591725606, 0.8473473635868082]}, "datetime": {"datetime": "2025-08-21 19:41:12", "elapsed": 39389.35891246796, "delta": 16.281264305114746}, "costs": {"total_cost": 175.390384744577, "time_cost": 69.83200000000001, "final_distance_cost": 1.8339058936605286, "oscillation_cost": 28.625312750815766, "completition_cost": 0.0, "overshoot_cost": 50.893216214903596, "power_cost": 12.711856005859376, "noise_cost": 11.494093879337717, "n_waypoints_completed": 9, "tot_waypoints": 9}}
{"target": -168.39254953186358, "params": {"k_pid_pos": [1.325572578384237, 0.007705691170361836, 0.9821219720675819], "k_pid_alt": [1.8145693913919043, 0.0027930966647721944, 0.01125352859156789], "k_pid_att": [11.093643807234068, 0.17809625327729595, 0.32846549445711243], "k_pid_yaw": [0.5, 1e-06, 0.1], "k_pid_hsp": [0.1770381354948298, 0.01570684766058253, 0.0], "k_pid_vsp": [271.1706241551091, 256.7113533869503, 1.0913429783475397]}, "datetime": {"datetime": "2025-08-21 19:41:30", "elapsed": 39406.52949666977, "delta": 17.170584201812744}, "costs": {"total_cost": 168.39254953186358, "time_cost": 71.808, "final_distance_cost": 1.8468713439243787, "oscillation_cost": 26.70690712867176, "completition_cost": 0.0, "overshoot_cost": 49.74865782332927, "power_cost": 8.544159155273437, "noise_cost": 9.737954080664734, "n_waypoints_completed": 9, "tot_waypoints": 9}}
{"target": -170.2697131525182, "params": {"k_pid_pos": [1.5865554887340139, 0.00649936649060405, 0.916177495273521], "k_pid_alt": [2.0, 0.002801272697513493, 0.011266016320903932], "k_pid_att": [10.40750614091293, 0.16794464127206013, 0.3012316167252738], "k_pid_yaw": [0.5, 1e-06, 0.1], "k_pid_hsp": [0.13619528847287213, 0.01778270782859552, 0.0], "k_pid_vsp": [239.6293038439101, 252.55057600436103, 1.1657912898653244]}, "datetime": {"datetime": "2025-08-21 19:41:47", "elapsed": 39423.828513622284, "delta": 17.29901695251465}, "costs": {"total_cost": 170.2697131525182, "time_cost": 69.808, "final_distance_cost": 1.8430976974126556, "oscillation_cost": 27.42848691293293, "completition_cost": 0.0, "overshoot_cost": 49.88119297063544, "power_cost": 10.800197937011719, "noise_cost": 10.508737634525458, "n_waypoints_completed": 9, "tot_waypoints": 9}}
{"target": -170.21194924312556, "params": {"k_pid_pos": [1.711684097889868, 0.0052882887340049865, 0.693308290964571], "k_pid_alt": [2.0, 0.00281881372130467, 0.014196215050035646], "k_pid_att": [12.49680050941763, 0.17056000288726078, 0.3169561749395138], "k_pid_yaw": [0.5, 1e-06, 0.1], "k_pid_hsp": [0.1573505486230498, 0.0200576263355468, 0.0], "k_pid_vsp": [271.96406891204055, 214.35344377445324, 0.9513511688861017]}, "datetime": {"datetime": "2025-08-21 19:42:03", "elapsed": 39439.48529100418, "delta": 15.656777381896973}, "costs": {"total_cost": 170.21194924312556, "time_cost": 68.928, "final_distance_cost": 1.8219537299138868, "oscillation_cost": 29.60667636815175, "completition_cost": 0.0, "overshoot_cost": 49.4650619607035, "power_cost": 10.215470043945313, "noise_cost": 10.174787140411112, "n_waypoints_completed": 9, "tot_waypoints": 9}}
{"target": -179.24942874065704, "params": {"k_pid_pos": [1.7508754583866109, 0.010118322686593363, 0.8735985644220143], "k_pid_alt": [1.8103642163469063, 0.001774884226972645, 0.012362870439776472], "k_pid_att": [11.91808932896007, 0.20126666899226967, 0.40347701330059493], "k_pid_yaw": [0.5, 1e-06, 0.1], "k_pid_hsp": [0.140062891399122, 0.018389248677028555, 0.0], "k_pid_vsp": [260.4839428604451, 199.77025641433292, 1.0797503828268822]}, "datetime": {"datetime": "2025-08-21 19:42:20", "elapsed": 39457.00281071663, "delta": 17.51751971244812}, "costs": {"total_cost": 179.24942874065704, "time_cost": 70.096, "final_distance_cost": 1.8378630171925876, "oscillation_cost": 28.70003079009644, "completition_cost": 0.0, "overshoot_cost": 50.94947392151111, "power_cost": 14.856507238769533, "noise_cost": 12.809553773087366, "n_waypoints_completed": 9, "tot_waypoints": 9}}
{"target": -180.8994860888994, "params": {"k_pid_pos": [2.0, 0.007823208143596539, 0.9648207927375044], "k_pid_alt": [2.0, 0.003084228360115914, 0.012612252814368757], "k_pid_att": [13.726817869244613, 0.19263352602303138, 0.3239785625372224], "k_pid_yaw": [0.5, 1e-06, 0.1], "k_pid_hsp": [0.15985648272624797, 0.019182573591897595, 0.0], "k_pid_vsp": [256.6386266791376, 260.7116309549492, 1.2486477385756427]}, "datetime": {"datetime": "2025-08-21 19:42:36", "elapsed": 39473.426146268845, "delta": 16.423335552215576}, "costs": {"total_cost": 180.8994860888994, "time_cost": 69.728, "final_distance_cost": 1.8454280167036075, "oscillation_cost": 30.418190251197043, "completition_cost": 0.0, "overshoot_cost": 50.29094867008416, "power_cost": 15.610289575195313, "noise_cost": 13.00662957571928, "n_waypoints_completed": 9, "tot_waypoints": 9}}
{"target": -169.22843180090572, "params": {"k_pid_pos": [1.6280157213384256, 0.007889286527963016, 0.9280714287384851], "k_pid_alt": [1.97695271851401, 0.003447603120049996, 0.014125544894141176], "k_pid_att": [9.839048536586112, 0.19476288010490883, 0.28791248119101914], "k_pid_yaw": [0.5, 1e-06, 0.1], "k_pid_hsp": [0.1381788651969307, 0.019967362299398533, 0.0], "k_pid_vsp": [241.38135052799433, 264.26888976716424, 0.967134781325313]}, "datetime": {"datetime": "2025-08-21 19:42:54", "elapsed": 39490.84033083916, "delta": 17.4141845703125}, "costs": {"total_cost": 169.22843180090572, "time_cost": 69.264, "final_distance_cost": 1.8422138880059764, "oscillation_cost": 28.210785729005618, "completition_cost": 0.0, "overshoot_cost": 49.80953192622908, "power_cost": 9.933410205078125, "noise_cost": 10.168490052586906, "n_waypoints_completed": 9, "tot_waypoints": 9}}
{"target": -174.26647473488973, "params": {"k_pid_pos": [1.7654064193969063, 0.008042382050895613, 0.9864275692654813], "k_pid_alt": [1.8717230130478804, 0.0025939001797964747, 0.012092308479231208], "k_pid_att": [11.779426668890588, 0.17835835005652403, 0.3269804671927293], "k_pid_yaw": [0.5, 1e-06, 0.1], "k_pid_hsp": [0.18552148901526286, 0.021007595470701954, 0.0], "k_pid_vsp": [232.22296121084005, 245.07140491815144, 0.9132207874508421]}, "datetime": {"datetime": "2025-08-21 19:43:10", "elapsed": 39507.362780332565, "delta": 16.522449493408203}, "costs": {"total_cost": 174.26647473488973, "time_cost": 69.928, "final_distance_cost": 1.8395331344152261, "oscillation_cost": 28.056897210855173, "completition_cost": 0.0, "overshoot_cost": 50.700611031189446, "power_cost": 12.271055187988281, "noise_cost": 11.470378170441618, "n_waypoints_completed": 9, "tot_waypoints": 9}}
{"target": -177.9117536135502, "params": {"k_pid_pos": [1.566811771529654, 0.006414214553828416, 1.0], "k_pid_alt": [2.0, 0.003231179639157424, 0.012753047651362773], "k_pid_att": [13.69102740792743, 0.16119546997557258, 0.3409542487480845], "k_pid_yaw": [0.5, 1e-06, 0.1], "k_pid_hsp": [0.13239111610462062, 0.01704077119386579, 0.0], "k_pid_vsp": [285.47221784719767, 312.0926771946558, 0.9486898566625431]}, "datetime": {"datetime": "2025-08-21 19:43:27", "elapsed": 39524.188318014145, "delta": 16.82553768157959}, "costs": {"total_cost": 177.9117536135502, "time_cost": 70.64, "final_distance_cost": 1.8388205481962934, "oscillation_cost": 26.948030014572737, "completition_cost": 0.0, "overshoot_cost": 50.52875080325139, "power_cost": 15.016461499023439, "noise_cost": 12.939690748506305, "n_waypoints_completed": 9, "tot_waypoints": 9}}
{"target": -173.67652455918042, "params": {"k_pid_pos": [1.630524301938572, 0.006560741825177802, 0.9931934860893542], "k_pid_alt": [1.8094433840166244, 0.0030312979464733234, 0.011601342280513035], "k_pid_att": [11.494065799915424, 0.15637064616207388, 0.33928574669942585], "k_pid_yaw": [0.5, 1e-06, 0.1], "k_pid_hsp": [0.12662632475912852, 0.019251045840492895, 0.0], "k_pid_vsp": [290.0525115482047, 257.7389381974043, 1.0791683440561235]}, "datetime": {"datetime": "2025-08-21 19:43:45", "elapsed": 39542.03266906738, "delta": 17.844351053237915}, "costs": {"total_cost": 173.67652455918042, "time_cost": 70.312, "final_distance_cost": 1.8512199412275638, "oscillation_cost": 26.77637262306014, "completition_cost": 0.0, "overshoot_cost": 50.108115337299296, "power_cost": 12.895915014648438, "noise_cost": 11.732901642945007, "n_waypoints_completed": 9, "tot_waypoints": 9}}
{"target": -177.89141637248136, "params": {"k_pid_pos": [1.9319104070115793, 0.006502254995109667, 0.8459196240475494], "k_pid_alt": [1.4157309739276267, 0.002585162091768131, 0.01408303464853178], "k_pid_att": [11.938907913026048, 0.15182917399525753, 0.29922242743325184], "k_pid_yaw": [0.5, 1e-06, 0.1], "k_pid_hsp": [0.17205256148983064, 0.018032563788397144, 0.0], "k_pid_vsp": [228.60899387736094, 272.87074823551967, 1.29513335520155]}, "datetime": {"datetime": "2025-08-21 19:44:01", "elapsed": 39558.085023880005, "delta": 16.05235481262207}, "costs": {"total_cost": 177.89141637248136, "time_cost": 69.552, "final_distance_cost": 1.8295703556892489, "oscillation_cost": 29.37158420124849, "completition_cost": 0.0, "overshoot_cost": 50.5041566092944, "power_cost": 14.306019860839845, "noise_cost": 12.32808534540936, "n_waypoints_completed": 9, "tot_waypoints": 9}}
{"target": -177.5459225258076, "params": {"k_pid_pos": [1.3221023833973375, 0.006001169117276085, 0.8556132438782518], "k_pid_alt": [1.662734891911951, 0.002815107386424894, 0.01226271990266197], "k_pid_att": [11.33597344046786, 0.14588245653444845, 0.2393742442480404], "k_pid_yaw": [0.5, 1e-06, 0.1], "k_pid_hsp": [0.17567383450109073, 0.01712442374051949, 0.0], "k_pid_vsp": [238.96017485944571, 236.52758690782696, 1.099066722364143]}, "datetime": {"datetime": "2025-08-21 19:44:19", "elapsed": 39575.8243625164, "delta": 17.739338636398315}, "costs": {"total_cost": 177.5459225258076, "time_cost": 71.104, "final_distance_cost": 1.848111316484222, "oscillation_cost": 26.904289918986283, "completition_cost": 0.0, "overshoot_cost": 49.90625298436292, "power_cost": 14.587858715820314, "noise_cost": 13.195409590153881, "n_waypoints_completed": 9, "tot_waypoints": 9}}
{"target": -166.16803764719478, "params": {"k_pid_pos": [1.3978479336274434, 0.007265813248106628, 0.7902449663909515], "k_pid_alt": [2.0, 0.003084996229785372, 0.013613440301520542], "k_pid_att": [10.049277004230602, 0.19974578063580084, 0.27414849265938346], "k_pid_yaw": [0.5, 1e-06, 0.1], "k_pid_hsp": [0.1568538362956097, 0.01600213217172405, 0.0], "k_pid_vsp": [199.92192560058697, 242.5988108064565, 0.9098387087140324]}, "datetime": {"datetime": "2025-08-21 19:44:35", "elapsed": 39591.81052136421, "delta": 15.986158847808838}, "costs": {"total_cost": 166.16803764719478, "time_cost": 69.616, "final_distance_cost": 1.8387703291190458, "oscillation_cost": 27.82956579976755, "completition_cost": 0.0, "overshoot_cost": 49.613593290291746, "power_cost": 8.027796032714845, "noise_cost": 9.242312195301597, "n_waypoints_completed": 9, "tot_waypoints": 9}}
