{"target": -179.4526126790401, "params": {"k_pid_pos": [1.5308609494632093, 0.014590680192160291, 0.5614689522437538], "k_pid_alt": [1.738855159308996, 0.0015241909149877246, 0.012586092950741071], "k_pid_att": [10.432618341527908, 0.17661489828377508, 0.29914363869556765], "k_pid_yaw": [0.5, 1e-06, 0.1], "k_pid_hsp": [0.15295836408820826, 0.022192753684840832, 0.0], "k_pid_vsp": [343.0682965931719, 150.1897712480986, 1.1447058445128262]}, "datetime": {"datetime": "2025-08-21 17:58:41", "elapsed": 33237.90556073189, "delta": 16.356188535690308}, "costs": {"total_cost": 179.4526126790401, "time_cost": 70.016, "final_distance_cost": 1.8377041460300094, "oscillation_cost": 29.06969194409816, "completition_cost": 0.0, "overshoot_cost": 50.78460074911471, "power_cost": 15.009111877441407, "noise_cost": 12.73550396235585, "n_waypoints_completed": 9, "tot_waypoints": 9}}
{"target": -180.4284416410525, "params": {"k_pid_pos": [2.0, 0.010666287078551917, 1.0], "k_pid_alt": [1.346481226201704, 0.0029428613880609876, 0.010470892475416457], "k_pid_att": [12.765822911293506, 0.17014512239808918, 0.2552512837144949], "k_pid_yaw": [0.5, 1e-06, 0.1], "k_pid_hsp": [0.190385040569504, 0.0189390067074334, 0.0], "k_pid_vsp": [323.2922066801714, 231.94308358910237, 1.2932126167295162]}, "datetime": {"datetime": "2025-08-21 17:58:58", "elapsed": 33254.75411295891, "delta": 16.848552227020264}, "costs": {"total_cost": 180.4284416410525, "time_cost": 70.056, "final_distance_cost": 1.837157289444214, "oscillation_cost": 30.127306599399724, "completition_cost": 0.0, "overshoot_cost": 50.72236059186928, "power_cost": 14.95381151123047, "noise_cost": 12.731805649108791, "n_waypoints_completed": 9, "tot_waypoints": 9}}
{"target": -173.57429978365536, "params": {"k_pid_pos": [1.4809835746143731, 0.014531562756954252, 0.920474068688649], "k_pid_alt": [1.9478561524870315, 0.0023908649709763006, 0.010454979510271417], "k_pid_att": [8.226940937465784, 0.18247066570248757, 0.2883356945833603], "k_pid_yaw": [0.5, 1e-06, 0.1], "k_pid_hsp": [0.19525005537806517, 0.020917879275152772, 0.0], "k_pid_vsp": [244.66577159180102, 261.9292081914665, 1.3456320414795375]}, "datetime": {"datetime": "2025-08-21 17:59:14", "elapsed": 33271.243119478226, "delta": 16.489006519317627}, "costs": {"total_cost": 173.57429978365536, "time_cost": 70.272, "final_distance_cost": 1.8486561912476487, "oscillation_cost": 27.75169245272808, "completition_cost": 0.0, "overshoot_cost": 49.65918516383972, "power_cost": 12.371787597656251, "noise_cost": 11.6709783781837, "n_waypoints_completed": 9, "tot_waypoints": 9}}
{"target": -177.44506819071452, "params": {"k_pid_pos": [1.8374510577967798, 0.01555774556985928, 0.6381622559924373], "k_pid_alt": [1.9252805467181375, 0.002766175380799122, 0.01195985653130563], "k_pid_att": [11.945069198678196, 0.12588545234249757, 0.19840476040314023], "k_pid_yaw": [0.5, 1e-06, 0.1], "k_pid_hsp": [0.12288258552383113, 0.024949917012033807, 0.0], "k_pid_vsp": [314.1580822843056, 286.2874136255177, 1.0215451977658114]}, "datetime": {"datetime": "2025-08-21 17:59:31", "elapsed": 33288.004944086075, "delta": 16.76182460784912}, "costs": {"total_cost": 177.44506819071452, "time_cost": 69.208, "final_distance_cost": 1.8327970381714647, "oscillation_cost": 30.672272308643617, "completition_cost": 0.0, "overshoot_cost": 50.340440545664485, "power_cost": 13.577005102539063, "noise_cost": 11.814553195695908, "n_waypoints_completed": 9, "tot_waypoints": 9}}
{"target": -173.17547502107703, "params": {"k_pid_pos": [1.991561324189033, 0.011321124673790933, 1.0], "k_pid_alt": [1.9054129410366674, 0.002700084329744811, 0.016528004155069043], "k_pid_att": [13.97330418402944, 0.12718385379747374, 0.331319721973314], "k_pid_yaw": [0.5, 1e-06, 0.1], "k_pid_hsp": [0.11601553355628559, 0.01903049516266286, 0.0], "k_pid_vsp": [367.09363241008265, 295.20998644286834, 1.3880653329019268]}, "datetime": {"datetime": "2025-08-21 17:59:47", "elapsed": 33303.46365070343, "delta": 15.458706617355347}, "costs": {"total_cost": 173.17547502107703, "time_cost": 69.128, "final_distance_cost": 1.831919337278448, "oscillation_cost": 29.4084597317043, "completition_cost": 0.0, "overshoot_cost": 50.05020373967705, "power_cost": 11.704173779296875, "noise_cost": 11.052718433120372, "n_waypoints_completed": 9, "tot_waypoints": 9}}
{"target": -170.44948118402445, "params": {"k_pid_pos": [1.3893733029890676, 0.011500383624562368, 0.7584803559673303], "k_pid_alt": [1.842300874716609, 0.002525675419926687, 0.014320849502414431], "k_pid_att": [10.700726493300058, 0.22078135913733019, 0.23534775755000736], "k_pid_yaw": [0.5, 1e-06, 0.1], "k_pid_hsp": [0.17758138645421753, 0.0195144223217231, 0.0], "k_pid_vsp": [236.7130289064029, 248.31536966310406, 1.0030011216622146]}, "datetime": {"datetime": "2025-08-21 18:00:05", "elapsed": 33322.351571559906, "delta": 18.88792085647583}, "costs": {"total_cost": 170.44948118402445, "time_cost": 69.872, "final_distance_cost": 1.8508770239391497, "oscillation_cost": 27.460430986246426, "completition_cost": 0.0, "overshoot_cost": 49.924583682313205, "power_cost": 10.607810949707032, "noise_cost": 10.733778541818628, "n_waypoints_completed": 9, "tot_waypoints": 9}}
{"target": -189.25032148911595, "params": {"k_pid_pos": [1.9505179119362437, 0.011514130412310869, 1.0], "k_pid_alt": [2.0, 0.0032591197994043812, 0.01218624301356284], "k_pid_att": [12.585709714847484, 0.15967686245910884, 0.2924990993779622], "k_pid_yaw": [0.5, 1e-06, 0.1], "k_pid_hsp": [0.21222884948064202, 0.01854171940627648, 0.0], "k_pid_vsp": [264.34605384736886, 215.0454318591779, 0.8303600660355025]}, "datetime": {"datetime": "2025-08-21 18:00:21", "elapsed": 33338.2197906971, "delta": 15.868219137191772}, "costs": {"total_cost": 189.25032148911595, "time_cost": 71.248, "final_distance_cost": 1.8335984398963876, "oscillation_cost": 30.88637287225345, "completition_cost": 0.0, "overshoot_cost": 52.28793144884351, "power_cost": 18.525253833007813, "noise_cost": 14.469164895114774, "n_waypoints_completed": 9, "tot_waypoints": 9}}
{"target": -181.44992742146079, "params": {"k_pid_pos": [1.522751983920621, 0.017825566197269615, 0.7681288126124993], "k_pid_alt": [1.7486414716964616, 0.0025164589658816495, 0.013639476805767395], "k_pid_att": [11.913956132757908, 0.18243168400683576, 0.2651495594882816], "k_pid_yaw": [0.5, 1e-06, 0.1], "k_pid_hsp": [0.17703479723159177, 0.019938277046531176, 0.0], "k_pid_vsp": [316.47311825791803, 239.14263324812555, 1.1814328884269514]}, "datetime": {"datetime": "2025-08-21 18:00:38", "elapsed": 33355.416362285614, "delta": 17.196571588516235}, "costs": {"total_cost": 181.44992742146079, "time_cost": 70.88, "final_distance_cost": 1.8474542305245287, "oscillation_cost": 28.96560026800215, "completition_cost": 0.0, "overshoot_cost": 50.910086531499964, "power_cost": 15.510430981445314, "noise_cost": 13.336355409988819, "n_waypoints_completed": 9, "tot_waypoints": 9}}
{"target": -176.39029533555774, "params": {"k_pid_pos": [1.7332169870043879, 0.007919204015393262, 1.0], "k_pid_alt": [1.7776727342740068, 0.0022874400640236128, 0.00912050668277178], "k_pid_att": [13.764409750629232, 0.17673508627716503, 0.31630917339066805], "k_pid_yaw": [0.5, 1e-06, 0.1], "k_pid_hsp": [0.1556830449902328, 0.022057667806835653, 0.0], "k_pid_vsp": [274.3453758357022, 270.5429885689999, 0.529590957397234]}, "datetime": {"datetime": "2025-08-21 18:00:55", "elapsed": 33371.61803269386, "delta": 16.2016704082489}, "costs": {"total_cost": 176.39029533555774, "time_cost": 70.21600000000001, "final_distance_cost": 1.8421318822204154, "oscillation_cost": 27.6265200570473, "completition_cost": 0.0, "overshoot_cost": 50.33002793635597, "power_cost": 13.833640576171875, "noise_cost": 12.54197488376215, "n_waypoints_completed": 9, "tot_waypoints": 9}}
{"target": -172.264528557461, "params": {"k_pid_pos": [1.8024219085129733, 0.010742824140036128, 0.6875968367995204], "k_pid_alt": [2.0, 0.0024790571860528712, 0.01061632684782208], "k_pid_att": [11.421600657954606, 0.18625195358224592, 0.3024619431220246], "k_pid_yaw": [0.5, 1e-06, 0.1], "k_pid_hsp": [0.13297912889889896, 0.018433447637485823, 0.0], "k_pid_vsp": [263.08861363078853, 243.87455291751925, 1.062606604750998]}, "datetime": {"datetime": "2025-08-21 18:01:11", "elapsed": 33388.38220953941, "delta": 16.764176845550537}, "costs": {"total_cost": 172.264528557461, "time_cost": 69.184, "final_distance_cost": 1.812534674318981, "oscillation_cost": 29.69033385526216, "completition_cost": 0.0, "overshoot_cost": 50.496838140286876, "power_cost": 10.688597924804688, "noise_cost": 10.392223962788277, "n_waypoints_completed": 9, "tot_waypoints": 9}}
{"target": -177.86081104599498, "params": {"k_pid_pos": [1.8326574711687684, 0.00806095352558138, 0.9633875010029355], "k_pid_alt": [1.922065197322075, 0.0027166493820263995, 0.0120932045985623], "k_pid_att": [12.989501633855115, 0.12146990588672645, 0.2991261252397817], "k_pid_yaw": [0.5, 1e-06, 0.1], "k_pid_hsp": [0.13807636924377045, 0.022264530241677127, 0.0], "k_pid_vsp": [276.5913099624915, 301.35638110356945, 1.2424715979592746]}, "datetime": {"datetime": "2025-08-21 18:01:28", "elapsed": 33404.71269917488, "delta": 16.33048963546753}, "costs": {"total_cost": 177.86081104599498, "time_cost": 69.952, "final_distance_cost": 1.8482441054879915, "oscillation_cost": 29.122448691281612, "completition_cost": 0.0, "overshoot_cost": 50.59544919983035, "power_cost": 13.930467749023439, "noise_cost": 12.412201300371585, "n_waypoints_completed": 9, "tot_waypoints": 9}}
{"target": -167.66632033440132, "params": {"k_pid_pos": [2.0, 0.010663696020023955, 1.0], "k_pid_alt": [1.8668771933436485, 0.002775652039582357, 0.011634066047501607], "k_pid_att": [13.804388073700766, 0.21160232901645046, 0.26469912101641196], "k_pid_yaw": [0.5, 1e-06, 0.1], "k_pid_hsp": [0.18113228888591745, 0.014440626764599888, 0.0], "k_pid_vsp": [282.8395873935569, 282.33086500455084, 1.148814378381459]}, "datetime": {"datetime": "2025-08-21 18:01:44", "elapsed": 33420.78711628914, "delta": 16.074417114257812}, "costs": {"total_cost": 167.66632033440132, "time_cost": 68.936, "final_distance_cost": 1.8334460220600621, "oscillation_cost": 29.546671515106414, "completition_cost": 0.0, "overshoot_cost": 49.68227077909717, "power_cost": 8.507382543945313, "noise_cost": 9.16054947419234, "n_waypoints_completed": 9, "tot_waypoints": 9}}
{"target": -175.42554731288016, "params": {"k_pid_pos": [1.417208937044182, 0.0029116917072756405, 1.0], "k_pid_alt": [1.729287245189761, 0.0037644964819390446, 0.013504568644852876], "k_pid_att": [14.966453222410841, 0.1292953846552077, 0.3454796843000989], "k_pid_yaw": [0.5, 1e-06, 0.1], "k_pid_hsp": [0.18853828015065988, 0.020031338327316666, 0.0], "k_pid_vsp": [232.71313255519567, 303.8275708680262, 1.0811998702209202]}, "datetime": {"datetime": "2025-08-21 18:02:01", "elapsed": 33438.1962287426, "delta": 17.409112453460693}, "costs": {"total_cost": 175.42554731288016, "time_cost": 71.248, "final_distance_cost": 1.8456382885947342, "oscillation_cost": 27.163821993571073, "completition_cost": 0.0, "overshoot_cost": 50.12648983265939, "power_cost": 13.054666137695314, "noise_cost": 11.986931060359634, "n_waypoints_completed": 9, "tot_waypoints": 9}}
{"target": -167.4750810294707, "params": {"k_pid_pos": [1.3359060333299009, 0.0168232349143326, 0.8212514558114125], "k_pid_alt": [2.0, 0.0031592467544594494, 0.012517571247362693], "k_pid_att": [9.299583698379534, 0.17563810639323796, 0.2713729867644405], "k_pid_yaw": [0.5, 1e-06, 0.1], "k_pid_hsp": [0.21798328159269795, 0.014011389984048191, 0.0], "k_pid_vsp": [284.3255065944315, 271.45436878935936, 1.434040828495391]}, "datetime": {"datetime": "2025-08-21 18:02:17", "elapsed": 33453.99303841591, "delta": 15.796809673309326}, "costs": {"total_cost": 167.4750810294707, "time_cost": 70.304, "final_distance_cost": 1.8445528352913205, "oscillation_cost": 26.928806883627647, "completition_cost": 0.0, "overshoot_cost": 49.7911348136945, "power_cost": 8.877210949707031, "noise_cost": 9.729375547150196, "n_waypoints_completed": 9, "tot_waypoints": 9}}
{"target": -173.3523070569448, "params": {"k_pid_pos": [1.6425270219494372, 0.010659153668016416, 0.9244020422771625], "k_pid_alt": [1.6494062630029909, 0.0019110962360446963, 0.013846725776512261], "k_pid_att": [12.486059924652203, 0.15787561420709514, 0.24675509184289343], "k_pid_yaw": [0.5, 1e-06, 0.1], "k_pid_hsp": [0.17110228031775368, 0.020519846516756514, 0.0], "k_pid_vsp": [281.12906306945314, 275.4413824771063, 1.2099102546255018]}, "datetime": {"datetime": "2025-08-21 18:02:34", "elapsed": 33471.387543439865, "delta": 17.3945050239563}, "costs": {"total_cost": 173.3523070569448, "time_cost": 69.824, "final_distance_cost": 1.8458443637309956, "oscillation_cost": 27.804472030417916, "completition_cost": 0.0, "overshoot_cost": 49.94286861643211, "power_cost": 12.481984179687501, "noise_cost": 11.453137866676258, "n_waypoints_completed": 9, "tot_waypoints": 9}}
{"target": -174.75729368881753, "params": {"k_pid_pos": [1.367843682917013, 0.012366358720049644, 1.0], "k_pid_alt": [1.817648564561029, 0.002385822026050684, 0.008390316281234315], "k_pid_att": [14.414351202417874, 0.2019768364704985, 0.2955878740520492], "k_pid_yaw": [0.5, 1e-06, 0.1], "k_pid_hsp": [0.16820548513041456, 0.016389076389036, 0.0], "k_pid_vsp": [228.64099356258328, 226.15619984093792, 1.0262874246804965]}, "datetime": {"datetime": "2025-08-21 18:02:51", "elapsed": 33487.58211994171, "delta": 16.194576501846313}, "costs": {"total_cost": 174.75729368881753, "time_cost": 71.488, "final_distance_cost": 1.8496690994368434, "oscillation_cost": 26.708014448190628, "completition_cost": 0.0, "overshoot_cost": 50.319670060919755, "power_cost": 12.527365551757812, "noise_cost": 11.864574528512483, "n_waypoints_completed": 9, "tot_waypoints": 9}}
{"target": -189.24699416540952, "params": {"k_pid_pos": [1.2408167884368428, 0.008235965427200781, 0.9878719860932664], "k_pid_alt": [1.6050038189286144, 0.0025188939954292125, 0.011865095207418288], "k_pid_att": [8.502535845851389, 0.18170797935186767, 0.26650925785796425], "k_pid_yaw": [0.5, 1e-06, 0.1], "k_pid_hsp": [0.1462897996436191, 0.016306144150442046, 0.0], "k_pid_vsp": [263.78444318148655, 300.29707093545545, 1.0841719740246354]}, "datetime": {"datetime": "2025-08-21 18:03:09", "elapsed": 33506.17536878586, "delta": 18.59324884414673}, "costs": {"total_cost": 189.24699416540952, "time_cost": 74.744, "final_distance_cost": 1.8550887289602982, "oscillation_cost": 27.94880747036796, "completition_cost": 0.0, "overshoot_cost": 51.78786819985784, "power_cost": 17.829989025878906, "noise_cost": 15.081240740344523, "n_waypoints_completed": 9, "tot_waypoints": 9}}
{"target": -185.07341305025614, "params": {"k_pid_pos": [1.7263122818531464, 0.010221888149926155, 0.6866775877330626], "k_pid_alt": [2.0, 0.0020320848135991112, 0.012781510060258768], "k_pid_att": [16.108011088849896, 0.20024833166099656, 0.2508279036803103], "k_pid_yaw": [0.5, 1e-06, 0.1], "k_pid_hsp": [0.14820735818315697, 0.019105816888294786, 0.0], "k_pid_vsp": [281.4715362653578, 229.77441795616014, 0.766443073068294]}, "datetime": {"datetime": "2025-08-21 18:03:25", "elapsed": 33522.28827762604, "delta": 16.112908840179443}, "costs": {"total_cost": 185.07341305025614, "time_cost": 69.944, "final_distance_cost": 1.8133106610590721, "oscillation_cost": 30.411331154394837, "completition_cost": 0.0, "overshoot_cost": 50.977477388017746, "power_cost": 17.772396520996093, "noise_cost": 14.154897325788367, "n_waypoints_completed": 9, "tot_waypoints": 9}}
{"target": -182.9675138762851, "params": {"k_pid_pos": [1.2421713073818157, 0.01092497415377138, 1.0], "k_pid_alt": [2.0, 0.0038412330291578457, 0.011187753026407713], "k_pid_att": [13.43411232464935, 0.1704017870058402, 0.3376082233172477], "k_pid_yaw": [0.5, 1e-06, 0.1], "k_pid_hsp": [0.18567656510734587, 0.01693383793821365, 0.0], "k_pid_vsp": [202.73033033720637, 270.94686734100105, 1.3413453513510312]}, "datetime": {"datetime": "2025-08-21 18:03:44", "elapsed": 33541.43329024315, "delta": 19.145012617111206}, "costs": {"total_cost": 182.9675138762851, "time_cost": 74.52, "final_distance_cost": 1.849030805421914, "oscillation_cost": 27.86253298521717, "completition_cost": 0.0, "overshoot_cost": 50.48933245973054, "power_cost": 14.706368029785157, "noise_cost": 13.54024959613031, "n_waypoints_completed": 9, "tot_waypoints": 9}}
{"target": -168.39323653984044, "params": {"k_pid_pos": [2.0, 0.007930296205440203, 0.735233710688273], "k_pid_alt": [1.6662423580080283, 0.0022290337893831366, 0.01591097020199043], "k_pid_att": [12.162688084449739, 0.17957645192010674, 0.3278691376709203], "k_pid_yaw": [0.5, 1e-06, 0.1], "k_pid_hsp": [0.1656417184821382, 0.017087248278657367, 0.0], "k_pid_vsp": [293.14658501766183, 361.2323514572259, 1.2585315130623425]}, "datetime": {"datetime": "2025-08-21 18:04:00", "elapsed": 33557.24536275864, "delta": 15.812072515487671}, "costs": {"total_cost": 168.39323653984044, "time_cost": 68.34400000000001, "final_distance_cost": 1.8063685819947717, "oscillation_cost": 30.535274784701013, "completition_cost": 0.0, "overshoot_cost": 49.500929016505424, "power_cost": 8.860837316894532, "noise_cost": 9.345826839744687, "n_waypoints_completed": 9, "tot_waypoints": 9}}
{"target": -174.20756516524787, "params": {"k_pid_pos": [1.5521833489207424, 0.008921942443324367, 0.8224466553888664], "k_pid_alt": [2.0, 0.003239590134325753, 0.014593715657134668], "k_pid_att": [10.971431089856019, 0.17746642899955758, 0.32119738927369573], "k_pid_yaw": [0.5, 1e-06, 0.1], "k_pid_hsp": [0.16205181180213496, 0.019802633819797077, 0.0], "k_pid_vsp": [364.0733025803285, 285.13648263724446, 1.2574743728675388]}, "datetime": {"datetime": "2025-08-21 18:04:18", "elapsed": 33574.53304505348, "delta": 17.28768229484558}, "costs": {"total_cost": 174.20756516524787, "time_cost": 69.896, "final_distance_cost": 1.8438069911761137, "oscillation_cost": 27.501635167616683, "completition_cost": 0.0, "overshoot_cost": 50.4895776209175, "power_cost": 12.707384057617189, "noise_cost": 11.769161327920378, "n_waypoints_completed": 9, "tot_waypoints": 9}}
{"target": -170.13800243217844, "params": {"k_pid_pos": [2.0, 0.005799192335114203, 0.9591280531646048], "k_pid_alt": [1.923920521084102, 0.0022447099899143585, 0.010415392771704484], "k_pid_att": [14.117162693855539, 0.1951352202885487, 0.30922077914090246], "k_pid_yaw": [0.5, 1e-06, 0.1], "k_pid_hsp": [0.15178404995367129, 0.019658589439128845, 0.0], "k_pid_vsp": [274.2321707836865, 126.58178333755545, 0.8054335879188095]}, "datetime": {"datetime": "2025-08-21 18:04:34", "elapsed": 33590.81005549431, "delta": 16.277010440826416}, "costs": {"total_cost": 170.13800243217844, "time_cost": 69.496, "final_distance_cost": 1.840272383786102, "oscillation_cost": 28.94843946089468, "completition_cost": 0.0, "overshoot_cost": 50.160987717288585, "power_cost": 9.723563098144531, "noise_cost": 9.968739772064554, "n_waypoints_completed": 9, "tot_waypoints": 9}}
{"target": -174.8119328655922, "params": {"k_pid_pos": [2.0, 0.016253354854694573, 1.0], "k_pid_alt": [1.1813028305273956, 0.0014509010860153397, 0.012481235660795315], "k_pid_att": [15.960204365188053, 0.14800462032221828, 0.2617015333709081], "k_pid_yaw": [0.5, 1e-06, 0.1], "k_pid_hsp": [0.12417114299275152, 0.016471476796833976, 0.0], "k_pid_vsp": [169.74748914971215, 283.50185782353145, 1.0458141614981593]}, "datetime": {"datetime": "2025-08-21 18:04:51", "elapsed": 33607.48055720329, "delta": 16.670501708984375}, "costs": {"total_cost": 174.8119328655922, "time_cost": 69.392, "final_distance_cost": 1.8401529739120486, "oscillation_cost": 29.645484003718046, "completition_cost": 0.0, "overshoot_cost": 50.41723384737409, "power_cost": 12.16249384765625, "noise_cost": 11.354568192931756, "n_waypoints_completed": 9, "tot_waypoints": 9}}
{"target": -168.55019278955902, "params": {"k_pid_pos": [1.7888087787862723, 0.011170241072311274, 1.0], "k_pid_alt": [1.6975750828430491, 0.002981327149292938, 0.012114128611485225], "k_pid_att": [11.564386961296828, 0.11913618303762523, 0.2428501500498974], "k_pid_yaw": [0.5, 1e-06, 0.1], "k_pid_hsp": [0.18965788045461984, 0.018153060630662698, 0.0], "k_pid_vsp": [264.8179555604959, 234.05507104008151, 0.7642471910337614]}, "datetime": {"datetime": "2025-08-21 18:05:07", "elapsed": 33624.19878721237, "delta": 16.71823000907898}, "costs": {"total_cost": 168.55019278955902, "time_cost": 69.08, "final_distance_cost": 1.83506875023741, "oscillation_cost": 29.106507276226207, "completition_cost": 0.0, "overshoot_cost": 49.480664935827676, "power_cost": 9.310610046386719, "noise_cost": 9.737341780880984, "n_waypoints_completed": 9, "tot_waypoints": 9}}
{"target": -168.90659362702758, "params": {"k_pid_pos": [1.7560417245177617, 0.010617164429291224, 0.8579655448782922], "k_pid_alt": [1.8670691819840928, 0.002822392542432333, 0.012661505254033117], "k_pid_att": [15.738174639045575, 0.15459506436413353, 0.3803710070119801], "k_pid_yaw": [0.5, 1e-06, 0.1], "k_pid_hsp": [0.228926621430433, 0.01557749571699143, 0.0], "k_pid_vsp": [270.63596407984625, 211.9155138282024, 1.2267349219763972]}, "datetime": {"datetime": "2025-08-21 18:05:23", "elapsed": 33640.0366230011, "delta": 15.837835788726807}, "costs": {"total_cost": 168.90659362702758, "time_cost": 68.952, "final_distance_cost": 1.8399780942660433, "oscillation_cost": 29.07872726565374, "completition_cost": 0.0, "overshoot_cost": 49.47588984365793, "power_cost": 9.533661462402344, "noise_cost": 10.026336961047512, "n_waypoints_completed": 9, "tot_waypoints": 9}}
