{"target": -172.9103493328346, "params": {"k_pid_pos": [1.169275223410948, 0.0, 0.46124878047946866], "k_pid_alt": [1.7017994947620407, 0.0037442825405256223, 0.07310617633190099], "k_pid_att": [49.38051004188596, 0.14669425101355196, 0.7844520520353808], "k_pid_yaw": [0.5, 1e-06, 0.1], "k_pid_hsp": [0.12279301570331674, 0.05734649701039987, 0.0], "k_pid_vsp": [400.0, 135.7152595475543, 0.35226823781900807]}, "datetime": {"datetime": "2025-08-21 12:48:15", "elapsed": 14612.306220769882, "delta": 16.832314491271973}, "costs": {"total_cost": 172.9103493328346, "time_cost": 70.744, "final_distance_cost": 1.8610235501996388, "oscillation_cost": 33.90557300854743, "completition_cost": 0.0, "overshoot_cost": 49.704154298461624, "power_cost": 7.548441906738281, "noise_cost": 9.147156568887647, "n_waypoints_completed": 9, "tot_waypoints": 9}}
{"target": -172.64638181599835, "params": {"k_pid_pos": [1.4013754853012967, 0.10945125388046151, 0.8799985603861079], "k_pid_alt": [1.2590761906246768, 0.005525443635078157, 0.1319981434394082], "k_pid_att": [9.898228217815488, 0.2878079244255764, 1.0], "k_pid_yaw": [0.5, 1e-06, 0.1], "k_pid_hsp": [0.5764680133999149, 0.036096838383267195, 0.0], "k_pid_vsp": [271.9350751721402, 254.63071323529493, 0.8021759864222883]}, "datetime": {"datetime": "2025-08-21 12:48:32", "elapsed": 14629.01975107193, "delta": 16.71353030204773}, "costs": {"total_cost": 172.64638181599835, "time_cost": 71.376, "final_distance_cost": 1.8390809512761923, "oscillation_cost": 29.969206434140613, "completition_cost": 0.0, "overshoot_cost": 50.101929512488795, "power_cost": 9.471709729003907, "noise_cost": 9.888455189088837, "n_waypoints_completed": 9, "tot_waypoints": 9}}
{"target": -3773.856604416395, "params": {"k_pid_pos": [1.6962540006629168, 0.10543845475028685, 0.8767822069450218], "k_pid_alt": [1.6087743400804728, 0.004722844513731732, 0.04179045986794742], "k_pid_att": [0.0, 0.21219485262422277, 0.5036416160547887], "k_pid_yaw": [0.5, 1e-06, 0.1], "k_pid_hsp": [0.4439483658969117, 0.02812665550767286, 0.0], "k_pid_vsp": [288.95566745966676, 205.84364437855834, 3.6150864451830835]}, "datetime": {"datetime": "2025-08-21 12:48:55", "elapsed": 14652.183499574661, "delta": 23.163748502731323}, "costs": {"total_cost": 3773.856604416395, "time_cost": 150, "final_distance_cost": 746.8380516951088, "oscillation_cost": 368.2016141530582, "completition_cost": 1000.0, "overshoot_cost": 1390.1591130615516, "power_cost": 34.067368371582035, "noise_cost": 84.59045713509434, "n_waypoints_completed": 0, "tot_waypoints": 9}}
{"target": -173.07480182354686, "params": {"k_pid_pos": [2.0, 0.14719885707993488, 0.44883828127779885], "k_pid_alt": [1.7065669707744207, 0.006797838161589208, 0.08030421001864534], "k_pid_att": [47.393007198270396, 0.19582709903698436, 0.9023102567125191], "k_pid_yaw": [0.5, 1e-06, 0.1], "k_pid_hsp": [0.46125211421055806, 0.0, 0.0], "k_pid_vsp": [300.6672388697422, 294.9109640277214, 1.4958206265121072]}, "datetime": {"datetime": "2025-08-21 12:49:11", "elapsed": 14667.957243204117, "delta": 15.773743629455566}, "costs": {"total_cost": 173.07480182354686, "time_cost": 68.76, "final_distance_cost": 1.798784676832819, "oscillation_cost": 31.426821163196824, "completition_cost": 0.0, "overshoot_cost": 50.39410700838242, "power_cost": 10.466746142578126, "noise_cost": 10.228342832556665, "n_waypoints_completed": 9, "tot_waypoints": 9}}
{"target": -174.28273757559276, "params": {"k_pid_pos": [1.4619454179981932, 0.12427895171871987, 0.7045835495438947], "k_pid_alt": [2.0, 0.003845640468221932, 0.046988036147598604], "k_pid_att": [28.20254172898017, 0.19401902034515095, 1.0], "k_pid_yaw": [0.5, 1e-06, 0.1], "k_pid_hsp": [0.3470854874455786, 0.053351026481999526, 0.0], "k_pid_vsp": [287.94775341475514, 232.25828261796752, 2.1740740664928992]}, "datetime": {"datetime": "2025-08-21 12:49:27", "elapsed": 14683.936366558075, "delta": 15.97912335395813}, "costs": {"total_cost": 174.28273757559276, "time_cost": 69.88, "final_distance_cost": 1.8308520449995327, "oscillation_cost": 29.193759604895114, "completition_cost": 0.0, "overshoot_cost": 50.135445714955644, "power_cost": 11.969460070800782, "noise_cost": 11.273220139941705, "n_waypoints_completed": 9, "tot_waypoints": 9}}
{"target": -3333.3139921189413, "params": {"k_pid_pos": [1.832872181609904, 0.011643851244790135, 0.5803325220570363], "k_pid_alt": [1.6656513015667962, 0.005591974970598052, 0.048469072739162934], "k_pid_att": [0.0, 0.24414158234805763, 0.5344537976114889], "k_pid_yaw": [0.5, 1e-06, 0.1], "k_pid_hsp": [0.45597637114221895, 0.053281894932318906, 0.0], "k_pid_vsp": [260.07600501073483, 243.28116530082457, 0.8622382773216497]}, "datetime": {"datetime": "2025-08-21 12:49:51", "elapsed": 14707.609457731247, "delta": 23.673091173171997}, "costs": {"total_cost": 3333.3139921189413, "time_cost": 150, "final_distance_cost": 577.7518633254391, "oscillation_cost": 412.3399985110817, "completition_cost": 1000.0, "overshoot_cost": 1073.2152318606131, "power_cost": 34.113035009765625, "noise_cost": 85.89386341204178, "n_waypoints_completed": 0, "tot_waypoints": 9}}
{"target": -177.74256035698915, "params": {"k_pid_pos": [1.9798918537139716, 0.06917898543765344, 0.839673964942827], "k_pid_alt": [2.0, 0.011314349664352727, 0.05906247822267252], "k_pid_att": [51.66498172216729, 0.23217461075505855, 0.41295846021365007], "k_pid_yaw": [0.5, 1e-06, 0.1], "k_pid_hsp": [0.5131585238873949, 0.051193721409793634, 0.0], "k_pid_vsp": [240.47784609608172, 246.34821856840549, 2.643644025329604]}, "datetime": {"datetime": "2025-08-21 12:50:07", "elapsed": 14723.478608369827, "delta": 15.869150638580322}, "costs": {"total_cost": 177.74256035698915, "time_cost": 69.552, "final_distance_cost": 1.8309513969741626, "oscillation_cost": 31.10919957385096, "completition_cost": 0.0, "overshoot_cost": 50.248179496457496, "power_cost": 13.203911669921876, "noise_cost": 11.798318219784688, "n_waypoints_completed": 9, "tot_waypoints": 9}}
{"target": -180.71548109119283, "params": {"k_pid_pos": [1.5142356549798894, 0.13772767079027762, 0.6901062959612349], "k_pid_alt": [1.2619271347944914, 0.0035389729311258796, 0.09323294634600603], "k_pid_att": [43.95917356893568, 0.2634702681369645, 1.0], "k_pid_yaw": [0.5, 1e-06, 0.1], "k_pid_hsp": [0.42454661824208334, 0.04130193064037633, 0.0], "k_pid_vsp": [215.9780743023624, 203.46209239324412, 4.365132015674111]}, "datetime": {"datetime": "2025-08-21 12:50:23", "elapsed": 14739.943730592728, "delta": 16.46512222290039}, "costs": {"total_cost": 180.71548109119283, "time_cost": 70.976, "final_distance_cost": 1.8362152697554004, "oscillation_cost": 29.77130024515904, "completition_cost": 0.0, "overshoot_cost": 50.48331309116689, "power_cost": 14.816950671386719, "noise_cost": 12.83170181372479, "n_waypoints_completed": 9, "tot_waypoints": 9}}
{"target": -180.59902778426147, "params": {"k_pid_pos": [1.3802204818367994, 0.02790141923463152, 0.560100679838612], "k_pid_alt": [0.8295266024070426, 0.006034079361721814, 0.10769554775639291], "k_pid_att": [43.928518126973096, 0.07142488992427998, 0.35560723925951426], "k_pid_yaw": [0.5, 1e-06, 0.1], "k_pid_hsp": [0.46923241005628347, 0.0, 0.0], "k_pid_vsp": [108.75860191352604, 186.20539553196343, 2.6068143421696135]}, "datetime": {"datetime": "2025-08-21 12:50:40", "elapsed": 14756.527499437332, "delta": 16.583768844604492}, "costs": {"total_cost": 180.59902778426147, "time_cost": 72.072, "final_distance_cost": 1.837356755844694, "oscillation_cost": 29.89141081813377, "completition_cost": 0.0, "overshoot_cost": 50.36112156140935, "power_cost": 13.905033203125, "noise_cost": 12.532105445748655, "n_waypoints_completed": 9, "tot_waypoints": 9}}
{"target": -188.89171760541052, "params": {"k_pid_pos": [0.8699161328689531, 0.16389552591309345, 0.5038934241456959], "k_pid_alt": [2.0, 0.002301252305168707, 0.1125154817973671], "k_pid_att": [43.56451850444689, 0.4204030090216701, 0.820970395304021], "k_pid_yaw": [0.5, 1e-06, 0.1], "k_pid_hsp": [0.6483172996691808, 0.044641979158195365, 0.0], "k_pid_vsp": [251.83043170229848, 361.11031400550496, 0.846571948985448]}, "datetime": {"datetime": "2025-08-21 12:50:58", "elapsed": 14774.69184756279, "delta": 18.164348125457764}, "costs": {"total_cost": 188.89171760541052, "time_cost": 76.744, "final_distance_cost": 1.8277564780865818, "oscillation_cost": 28.923995529714222, "completition_cost": 0.0, "overshoot_cost": 52.04721400594955, "power_cost": 15.433701916503907, "noise_cost": 13.915049675156267, "n_waypoints_completed": 9, "tot_waypoints": 9}}
{"target": -184.96767034334886, "params": {"k_pid_pos": [1.638873090485961, 0.1260419970784979, 0.14603306521374446], "k_pid_alt": [1.1737385396186852, 0.0023092568604134943, 0.046418289104694234], "k_pid_att": [31.098825519123917, 0.25930603416249337, 0.9943423922479573], "k_pid_yaw": [0.5, 1e-06, 0.1], "k_pid_hsp": [0.21707236256391896, 0.039794057788310966, 0.0], "k_pid_vsp": [191.12633278953285, 174.4587720108399, 0.35251242966393265]}, "datetime": {"datetime": "2025-08-21 12:51:14", "elapsed": 14790.667561769485, "delta": 15.975714206695557}, "costs": {"total_cost": 184.96767034334886, "time_cost": 70.376, "final_distance_cost": 1.7796430798816674, "oscillation_cost": 33.79179378881799, "completition_cost": 0.0, "overshoot_cost": 51.0058152795366, "power_cost": 15.283386181640626, "noise_cost": 12.731032013471966, "n_waypoints_completed": 9, "tot_waypoints": 9}}
{"target": -179.10799852789756, "params": {"k_pid_pos": [1.596351249883788, 0.06922638133920699, 0.5254194039664112], "k_pid_alt": [2.0, 0.0034712596555362338, 0.11638331286189252], "k_pid_att": [25.213782195561564, 0.1315197109508034, 0.5333388595067373], "k_pid_yaw": [0.5, 1e-06, 0.1], "k_pid_hsp": [0.6840504891468737, 0.0, 0.0], "k_pid_vsp": [260.60509728159394, 186.72354373517484, 2.2105316187471997]}, "datetime": {"datetime": "2025-08-21 12:51:30", "elapsed": 14806.701477050781, "delta": 16.033915281295776}, "costs": {"total_cost": 179.10799852789756, "time_cost": 69.624, "final_distance_cost": 1.8421178559671316, "oscillation_cost": 31.424124307022225, "completition_cost": 0.0, "overshoot_cost": 50.450807241030596, "power_cost": 13.609530346679689, "noise_cost": 12.157418777197938, "n_waypoints_completed": 9, "tot_waypoints": 9}}
{"target": -187.3841548475134, "params": {"k_pid_pos": [1.8175009326922413, 0.05298020999507569, 0.012292185810240497], "k_pid_alt": [1.715165526557385, 0.0030130561017404165, 0.06743617477395837], "k_pid_att": [69.40125545802975, 0.28921580043163725, 0.26886403795993896], "k_pid_yaw": [0.5, 1e-06, 0.1], "k_pid_hsp": [0.33287048605919206, 0.034023560068502254, 0.0], "k_pid_vsp": [263.6693815158747, 115.36994430381054, 2.592620055388378]}, "datetime": {"datetime": "2025-08-21 12:51:46", "elapsed": 14822.605938196182, "delta": 15.904461145401001}, "costs": {"total_cost": 187.3841548475134, "time_cost": 69.60000000000001, "final_distance_cost": 1.7771585480314371, "oscillation_cost": 35.866212639935, "completition_cost": 0.0, "overshoot_cost": 51.37562760268694, "power_cost": 15.769650244140626, "noise_cost": 12.995505812719385, "n_waypoints_completed": 9, "tot_waypoints": 9}}
{"target": -171.8658545604867, "params": {"k_pid_pos": [1.4279534235847882, 0.10493487707866073, 0.6480045544509481], "k_pid_alt": [1.9211680007930265, 0.0027671276697241215, 0.008373731786214039], "k_pid_att": [8.973916269875238, 0.3163567627765355, 0.5921172921024491], "k_pid_yaw": [0.5, 1e-06, 0.1], "k_pid_hsp": [0.7271632670839455, 0.019295945435799284, 0.0], "k_pid_vsp": [152.16847146280662, 305.0332820224074, 4.257300676320436]}, "datetime": {"datetime": "2025-08-21 12:52:02", "elapsed": 14838.524849891663, "delta": 15.918911695480347}, "costs": {"total_cost": 171.8658545604867, "time_cost": 69.08800000000001, "final_distance_cost": 1.844742391074231, "oscillation_cost": 31.785797321715, "completition_cost": 0.0, "overshoot_cost": 50.03468950975781, "power_cost": 9.330957238769532, "noise_cost": 9.781668099170119, "n_waypoints_completed": 9, "tot_waypoints": 9}}
{"target": -174.9286617592361, "params": {"k_pid_pos": [1.4537499011183341, 0.12049997227150115, 0.3216921447095317], "k_pid_alt": [2.0, 0.004087869815605012, 0.05333402719345381], "k_pid_att": [19.093296854877075, 0.2073609172842683, 0.4743523125092679], "k_pid_yaw": [0.5, 1e-06, 0.1], "k_pid_hsp": [0.5225953066991742, 0.057409522709638616, 0.0], "k_pid_vsp": [190.6492775392701, 234.63358324992785, 1.6172392857027973]}, "datetime": {"datetime": "2025-08-21 12:52:17", "elapsed": 14854.294033050537, "delta": 15.769183158874512}, "costs": {"total_cost": 174.9286617592361, "time_cost": 69.024, "final_distance_cost": 1.8077123003691762, "oscillation_cost": 31.85951486087243, "completition_cost": 0.0, "overshoot_cost": 50.15608149047926, "power_cost": 11.349203393554689, "noise_cost": 10.732149713960514, "n_waypoints_completed": 9, "tot_waypoints": 9}}
{"target": -189.3814794857358, "params": {"k_pid_pos": [1.816714989574178, 0.15787112765751454, 0.42350578852025916], "k_pid_alt": [1.395817032815356, 0.0, 0.09129561772199173], "k_pid_att": [51.72128930133285, 0.16925374391609915, 0.21966344848009758], "k_pid_yaw": [0.5, 1e-06, 0.1], "k_pid_hsp": [0.03881003030570368, 0.0, 0.0], "k_pid_vsp": [316.06330461783796, 393.2722412041664, 1.3072416410088559]}, "datetime": {"datetime": "2025-08-21 12:52:36", "elapsed": 14872.528061151505, "delta": 18.234028100967407}, "costs": {"total_cost": 189.3814794857358, "time_cost": 80.56, "final_distance_cost": 1.7278632406355239, "oscillation_cost": 22.238526473908067, "completition_cost": 0.0, "overshoot_cost": 56.16113177345846, "power_cost": 15.043029235839844, "noise_cost": 13.650928761893907, "n_waypoints_completed": 9, "tot_waypoints": 9}}
{"target": -175.1296674165893, "params": {"k_pid_pos": [1.6446901986905338, 0.05706528361551935, 0.5166210132112701], "k_pid_alt": [2.0, 0.006559272457877279, 0.012459024967422338], "k_pid_att": [32.91141865433514, 0.23053265219556915, 0.5590032896165399], "k_pid_yaw": [0.5, 1e-06, 0.1], "k_pid_hsp": [0.3585786638768281, 0.047114422228518665, 0.0], "k_pid_vsp": [71.85237896748613, 238.18092916729245, 10.451336792982298]}, "datetime": {"datetime": "2025-08-21 12:52:51", "elapsed": 14888.443384170532, "delta": 15.91532301902771}, "costs": {"total_cost": 175.1296674165893, "time_cost": 69.304, "final_distance_cost": 1.8261035951636009, "oscillation_cost": 31.364176799971116, "completition_cost": 0.0, "overshoot_cost": 49.82920423581968, "power_cost": 12.047008422851563, "noise_cost": 10.759174362783337, "n_waypoints_completed": 9, "tot_waypoints": 9}}
{"target": -184.17115206464305, "params": {"k_pid_pos": [1.1199453031837887, 0.09399262612617158, 0.857393516218773], "k_pid_alt": [1.1359090304028607, 0.003206085354227678, 0.01732993594245538], "k_pid_att": [24.888461191300326, 0.1342903505779638, 0.7042541178482445], "k_pid_yaw": [0.5, 1e-06, 0.1], "k_pid_hsp": [0.09329395303325128, 0.05502827169542693, 0.0], "k_pid_vsp": [267.19193398191686, 275.7661096893217, 0.9205090929962916]}, "datetime": {"datetime": "2025-08-21 12:53:09", "elapsed": 14906.29633641243, "delta": 17.852952241897583}, "costs": {"total_cost": 184.17115206464305, "time_cost": 76.176, "final_distance_cost": 1.8500524478620677, "oscillation_cost": 32.37257032922096, "completition_cost": 0.0, "overshoot_cost": 50.55908793569294, "power_cost": 11.41315703125, "noise_cost": 11.800284320617083, "n_waypoints_completed": 9, "tot_waypoints": 9}}
{"target": -172.67548639483653, "params": {"k_pid_pos": [1.5633132019969114, 0.12784536939971938, 0.37278766884165], "k_pid_alt": [2.0, 0.006193201937735002, 0.0], "k_pid_att": [50.521237215464055, 0.17079911142991433, 0.2634272161372957], "k_pid_yaw": [0.5, 1e-06, 0.1], "k_pid_hsp": [0.33044440102045625, 0.036110002156404586, 0.0], "k_pid_vsp": [169.13303566100763, 313.8177664099289, 0.7608757543741617]}, "datetime": {"datetime": "2025-08-21 12:53:25", "elapsed": 14922.266815423965, "delta": 15.970479011535645}, "costs": {"total_cost": 172.67548639483653, "time_cost": 68.568, "final_distance_cost": 1.8062725116334104, "oscillation_cost": 33.28086305079838, "completition_cost": 0.0, "overshoot_cost": 50.029472770048244, "power_cost": 9.373590393066406, "noise_cost": 9.617287669290109, "n_waypoints_completed": 9, "tot_waypoints": 9}}
{"target": -176.13265905656425, "params": {"k_pid_pos": [1.741660225551863, 0.10293194070063165, 0.8572271336804257], "k_pid_alt": [2.0, 0.005268714618177237, 0.0705790349434229], "k_pid_att": [37.020868810407414, 0.1837845013514573, 0.4570683743039104], "k_pid_yaw": [0.5, 1e-06, 0.1], "k_pid_hsp": [0.7046712312861411, 0.04692146112410645, 0.0], "k_pid_vsp": [199.13949558517996, 167.1047094523492, 1.7648281403602748]}, "datetime": {"datetime": "2025-08-21 12:53:41", "elapsed": 14938.004521846771, "delta": 15.737706422805786}, "costs": {"total_cost": 176.13265905656425, "time_cost": 69.672, "final_distance_cost": 1.840162693675805, "oscillation_cost": 30.0787139480059, "completition_cost": 0.0, "overshoot_cost": 49.86352582596068, "power_cost": 12.83817109375, "noise_cost": 11.840085495171888, "n_waypoints_completed": 9, "tot_waypoints": 9}}
{"target": -189.66063169321072, "params": {"k_pid_pos": [1.0145087551320489, 0.1493060136435444, 0.9273419247790041], "k_pid_alt": [1.8526399860227565, 0.0037161921186852948, 0.06253708054141541], "k_pid_att": [25.957502186355825, 0.2452765929615809, 0.12368491446749778], "k_pid_yaw": [0.5, 1e-06, 0.1], "k_pid_hsp": [0.1707374867558341, 0.024177182941887726, 0.0], "k_pid_vsp": [279.4934337303819, 41.321232675549744, 1.1755426385212855]}, "datetime": {"datetime": "2025-08-21 12:53:59", "elapsed": 14956.029631614685, "delta": 18.02510976791382}, "costs": {"total_cost": 189.66063169321072, "time_cost": 76.904, "final_distance_cost": 1.8457383754553458, "oscillation_cost": 26.237598924961773, "completition_cost": 0.0, "overshoot_cost": 52.2893856046343, "power_cost": 17.280313830566406, "noise_cost": 15.10359495759291, "n_waypoints_completed": 9, "tot_waypoints": 9}}
{"target": -175.74651401664283, "params": {"k_pid_pos": [1.6239991551063178, 0.07641685082391425, 0.527604210009604], "k_pid_alt": [1.0187738862919005, 0.00719791894257834, 0.06620782097896678], "k_pid_att": [28.78925582176119, 0.23574063729265968, 0.23138318687771184], "k_pid_yaw": [0.5, 1e-06, 0.1], "k_pid_hsp": [0.5588306902836302, 0.03573744837187125, 0.0], "k_pid_vsp": [175.63175429918735, 256.5798087415034, 1e-06]}, "datetime": {"datetime": "2025-08-21 12:54:15", "elapsed": 14971.962718725204, "delta": 15.93308711051941}, "costs": {"total_cost": 175.74651401664283, "time_cost": 69.304, "final_distance_cost": 1.82204777173939, "oscillation_cost": 31.878068886667545, "completition_cost": 0.0, "overshoot_cost": 49.83516578524874, "power_cost": 11.940154956054688, "noise_cost": 10.967076616932431, "n_waypoints_completed": 9, "tot_waypoints": 9}}
{"target": -175.90487367536133, "params": {"k_pid_pos": [1.6630717669699029, 0.16758974116368042, 1.0], "k_pid_alt": [2.0, 0.006179106205838131, 0.09739081255173776], "k_pid_att": [38.661210505482764, 0.19783454893231212, 0.635784209763648], "k_pid_yaw": [0.5, 1e-06, 0.1], "k_pid_hsp": [0.527979736795559, 0.03334164579964609, 0.0], "k_pid_vsp": [239.93688455135168, 238.34962233893478, 1.6127069028277667]}, "datetime": {"datetime": "2025-08-21 12:54:31", "elapsed": 14988.241413354874, "delta": 16.27869462966919}, "costs": {"total_cost": 175.90487367536133, "time_cost": 70.21600000000001, "final_distance_cost": 1.842107031315602, "oscillation_cost": 29.16925723480285, "completition_cost": 0.0, "overshoot_cost": 50.27292381773178, "power_cost": 12.482503137207031, "noise_cost": 11.922082454304054, "n_waypoints_completed": 9, "tot_waypoints": 9}}
{"target": -177.27228077727005, "params": {"k_pid_pos": [1.9502829059939064, 0.15409989247834208, 1.0], "k_pid_alt": [0.9473298651802349, 0.004697947769880669, 0.04748168138695714], "k_pid_att": [52.21786614241055, 0.14767900698695727, 0.5820611853782732], "k_pid_yaw": [0.5, 1e-06, 0.1], "k_pid_hsp": [0.15881575042227053, 0.0506721761580578, 0.0], "k_pid_vsp": [173.9339956480229, 208.52566857947545, 1.233114754058115]}, "datetime": {"datetime": "2025-08-21 12:54:47", "elapsed": 15004.130680322647, "delta": 15.889266967773438}, "costs": {"total_cost": 177.27228077727005, "time_cost": 70.21600000000001, "final_distance_cost": 1.8189794574697242, "oscillation_cost": 32.04034544492426, "completition_cost": 0.0, "overshoot_cost": 49.648323376403596, "power_cost": 12.207075512695313, "noise_cost": 11.341556985777157, "n_waypoints_completed": 9, "tot_waypoints": 9}}
{"target": -188.66116275472572, "params": {"k_pid_pos": [2.0, 0.1064033114717009, 0.7762350846610352], "k_pid_alt": [0.48037982132013374, 0.0043702337148449595, 0.014436361819092407], "k_pid_att": [24.060286162507804, 0.14989039581847244, 0.0], "k_pid_yaw": [0.5, 1e-06, 0.1], "k_pid_hsp": [0.3734201380558009, 0.029346112124757195, 0.0], "k_pid_vsp": [292.4679454380912, 278.30449692413094, 1.510379754319797]}, "datetime": {"datetime": "2025-08-21 12:55:05", "elapsed": 15021.503561735153, "delta": 17.372881412506104}, "costs": {"total_cost": 188.66116275472572, "time_cost": 75.12, "final_distance_cost": 1.8402184176269898, "oscillation_cost": 36.02806180154938, "completition_cost": 0.0, "overshoot_cost": 49.702487713738286, "power_cost": 13.872652062988282, "noise_cost": 12.097742758822754, "n_waypoints_completed": 9, "tot_waypoints": 9}}
