{"target": -179.59765099860866, "params": {"k_pid_pos": [1.782798144439635, 0.07655485651794529, 0.7558132727010447], "k_pid_alt": [2.0, 0.0008918101913373295, 0.07288228727459893], "k_pid_att": [62.58742392587309, 0.29471932957083397, 0.4800361990769319], "k_pid_yaw": [0.5, 1e-06, 0.1], "k_pid_hsp": [0.3547063282746051, 0.025531773570820596, 0.0], "k_pid_vsp": [239.1389025883925, 197.0545717197248, 2.8302662042907087]}, "datetime": {"datetime": "2025-08-21 12:55:20", "elapsed": 15037.429669618607, "delta": 15.92610788345337}, "costs": {"total_cost": 179.59765099860866, "time_cost": 69.32000000000001, "final_distance_cost": 1.8299733481116156, "oscillation_cost": 30.248071402606588, "completition_cost": 0.0, "overshoot_cost": 50.12784201038616, "power_cost": 15.222845056152345, "noise_cost": 12.848919181351931, "n_waypoints_completed": 9, "tot_waypoints": 9}}
{"target": -170.95833993353426, "params": {"k_pid_pos": [1.6890565019950001, 0.016407675598473257, 0.5850350690994107], "k_pid_alt": [1.8723148816832105, 0.005802082766045301, 0.021679766277701785], "k_pid_att": [42.80382448342468, 0.1500443405280259, 0.5205319231612789], "k_pid_yaw": [0.5, 1e-06, 0.1], "k_pid_hsp": [0.26916144866937114, 0.0639979827512283, 0.0], "k_pid_vsp": [161.13446310991506, 331.6768950204607, 2.3360380008429247]}, "datetime": {"datetime": "2025-08-21 12:55:41", "elapsed": 15057.579915046692, "delta": 20.150245428085327}, "costs": {"total_cost": 170.95833993353426, "time_cost": 68.384, "final_distance_cost": 1.8396878955140268, "oscillation_cost": 33.71713864232957, "completition_cost": 0.0, "overshoot_cost": 49.33186141121508, "power_cost": 8.620041430664063, "noise_cost": 9.06561055381153, "n_waypoints_completed": 9, "tot_waypoints": 9}}
{"target": -181.429366731166, "params": {"k_pid_pos": [1.095555458772538, 0.10039733082904995, 0.741115193796948], "k_pid_alt": [2.0, 0.008117053493507597, 0.0903913807612704], "k_pid_att": [44.27387705941791, 0.2328387841180287, 0.4929097561235152], "k_pid_yaw": [0.5, 1e-06, 0.1], "k_pid_hsp": [0.427246164636361, 0.02093385909567047, 0.0], "k_pid_vsp": [39.252007858276066, 247.30829105224333, 0.7558433579770002]}, "datetime": {"datetime": "2025-08-21 12:55:59", "elapsed": 15075.807438611984, "delta": 18.22752356529236}, "costs": {"total_cost": 181.429366731166, "time_cost": 73.376, "final_distance_cost": 1.8428186860169555, "oscillation_cost": 32.77606132531715, "completition_cost": 0.0, "overshoot_cost": 50.807150565637095, "power_cost": 11.46028250732422, "noise_cost": 11.16705364687057, "n_waypoints_completed": 9, "tot_waypoints": 9}}
{"target": -169.6556647091984, "params": {"k_pid_pos": [1.130980355563129, 0.15906501433207948, 0.5297616450923882], "k_pid_alt": [2.0, 0.003991934574199573, 0.003975934361968886], "k_pid_att": [33.00643520979788, 0.18891363637786562, 0.365454280359919], "k_pid_yaw": [0.5, 1e-06, 0.1], "k_pid_hsp": [0.25728851356078447, 0.037679870352860134, 0.0], "k_pid_vsp": [201.28928069483322, 255.84287433327745, 2.385431601074432]}, "datetime": {"datetime": "2025-08-21 12:56:15", "elapsed": 15091.952713012695, "delta": 16.14527440071106}, "costs": {"total_cost": 169.6556647091984, "time_cost": 69.864, "final_distance_cost": 1.8401016711097475, "oscillation_cost": 28.554484492130076, "completition_cost": 0.0, "overshoot_cost": 50.21188339972526, "power_cost": 9.286282934570313, "noise_cost": 9.89891221166298, "n_waypoints_completed": 9, "tot_waypoints": 9}}
{"target": -176.87379068621047, "params": {"k_pid_pos": [1.6923702731007537, 0.1219201186280664, 0.09261853185974482], "k_pid_alt": [1.2507047186903468, 0.0039696279385744914, 0.07046650701764905], "k_pid_att": [24.130344101913582, 0.1806873408038894, 0.8886645175044512], "k_pid_yaw": [0.5, 1e-06, 0.1], "k_pid_hsp": [0.34653410642773363, 0.030489180809454317, 0.0], "k_pid_vsp": [142.15488827055108, 211.30226779669275, 0.3090841109150353]}, "datetime": {"datetime": "2025-08-21 12:56:31", "elapsed": 15107.639798164368, "delta": 15.687085151672363}, "costs": {"total_cost": 176.87379068621047, "time_cost": 68.824, "final_distance_cost": 1.7857181774062318, "oscillation_cost": 34.786570643154704, "completition_cost": 0.0, "overshoot_cost": 50.25983412518901, "power_cost": 10.947541723632813, "noise_cost": 10.27012601682769, "n_waypoints_completed": 9, "tot_waypoints": 9}}
{"target": -180.45562072463574, "params": {"k_pid_pos": [1.4663621500946213, 0.06593604354870725, 0.9948509060609324], "k_pid_alt": [1.5033539069059147, 0.0014901390456867963, 0.06600723499326444], "k_pid_att": [45.70719436101814, 0.2288448784081131, 0.5174508236098065], "k_pid_yaw": [0.5, 1e-06, 0.1], "k_pid_hsp": [0.29860182015392245, 0.014607393741583834, 0.0], "k_pid_vsp": [124.03823003563245, 353.9627865528652, 1.0139131043934022]}, "datetime": {"datetime": "2025-08-21 12:56:47", "elapsed": 15123.890954494476, "delta": 16.251156330108643}, "costs": {"total_cost": 180.45562072463574, "time_cost": 70.83200000000001, "final_distance_cost": 1.8481690125848595, "oscillation_cost": 29.57049683051332, "completition_cost": 0.0, "overshoot_cost": 50.09292789670741, "power_cost": 14.737263195800782, "noise_cost": 13.374763789029355, "n_waypoints_completed": 9, "tot_waypoints": 9}}
{"target": -204.10165389964962, "params": {"k_pid_pos": [1.131120057082733, 0.16236266114612372, 0.6370318433666663], "k_pid_alt": [0.3485918147298246, 0.00591456391394718, 0.042034264199819815], "k_pid_att": [27.55629430511193, 0.06099917776314551, 0.8835018321909981], "k_pid_yaw": [0.5, 1e-06, 0.1], "k_pid_hsp": [0.3903148709589155, 0.049746469824594707, 0.0], "k_pid_vsp": [211.77301479777114, 114.80725771221104, 1.4617353745996005]}, "datetime": {"datetime": "2025-08-21 12:57:07", "elapsed": 15143.722426652908, "delta": 19.831472158432007}, "costs": {"total_cost": 204.10165389964962, "time_cost": 86.592, "final_distance_cost": 1.8472575084341425, "oscillation_cost": 28.634150627568253, "completition_cost": 0.0, "overshoot_cost": 51.70959689594611, "power_cost": 19.739440258789063, "noise_cost": 15.579208608912046, "n_waypoints_completed": 9, "tot_waypoints": 9}}
{"target": -178.5216587625254, "params": {"k_pid_pos": [1.935991017411908, 0.010834432756466566, 1.0], "k_pid_alt": [1.8894625550627897, 0.008007640386952218, 0.06142142024257679], "k_pid_att": [53.78095270261935, 0.17857317750311216, 0.6018913125718145], "k_pid_yaw": [0.5, 1e-06, 0.1], "k_pid_hsp": [0.4809966650588251, 0.04671322317757212, 0.0], "k_pid_vsp": [230.65532470140383, 232.365434079275, 1.3541578705221207]}, "datetime": {"datetime": "2025-08-21 12:57:23", "elapsed": 15159.648618936539, "delta": 15.926192283630371}, "costs": {"total_cost": 178.5216587625254, "time_cost": 70.04, "final_distance_cost": 1.8454584004194845, "oscillation_cost": 31.030276855845386, "completition_cost": 0.0, "overshoot_cost": 50.285336526147184, "power_cost": 13.296843469238281, "noise_cost": 12.023743510875056, "n_waypoints_completed": 9, "tot_waypoints": 9}}
{"target": -176.71433518636368, "params": {"k_pid_pos": [2.0, 0.12648372156234539, 0.786517313660394], "k_pid_alt": [2.0, 0.005707321956127949, 0.1109682440573762], "k_pid_att": [24.945563671764337, 0.27423227854928106, 0.28025233304339264], "k_pid_yaw": [0.5, 1e-06, 0.1], "k_pid_hsp": [0.3034694797736075, 0.08285315373244079, 0.0], "k_pid_vsp": [168.12623723238045, 162.67268525883244, 0.6237934011770799]}, "datetime": {"datetime": "2025-08-21 12:57:38", "elapsed": 15175.283689975739, "delta": 15.635071039199829}, "costs": {"total_cost": 176.71433518636368, "time_cost": 68.96000000000001, "final_distance_cost": 1.8153886052577923, "oscillation_cost": 31.940449715367194, "completition_cost": 0.0, "overshoot_cost": 49.34725101295617, "power_cost": 13.02024383544922, "noise_cost": 11.631002017333316, "n_waypoints_completed": 9, "tot_waypoints": 9}}
{"target": -183.3927839393162, "params": {"k_pid_pos": [1.373943255133678, 0.07919436737184853, 0.9252979836011542], "k_pid_alt": [1.47835344526488, 0.006216528425914571, 0.04748920382044633], "k_pid_att": [65.66360264738425, 0.24061872056472944, 0.3056611737378441], "k_pid_yaw": [0.5, 1e-06, 0.1], "k_pid_hsp": [0.36753590051766444, 0.0, 0.0], "k_pid_vsp": [209.49082695019084, 174.22731433758153, 1.105438973530365]}, "datetime": {"datetime": "2025-08-21 12:57:55", "elapsed": 15192.199912786484, "delta": 16.91622281074524}, "costs": {"total_cost": 183.3927839393162, "time_cost": 72.912, "final_distance_cost": 1.847707610121026, "oscillation_cost": 27.65422307166448, "completition_cost": 0.0, "overshoot_cost": 50.9348350420944, "power_cost": 16.20740368652344, "noise_cost": 13.836614528912849, "n_waypoints_completed": 9, "tot_waypoints": 9}}
{"target": -170.39087330992737, "params": {"k_pid_pos": [1.1427859272041405, 0.12905886748025253, 0.4561119859949733], "k_pid_alt": [2.0, 0.0041318763795768045, 0.044012937502201276], "k_pid_att": [22.277211053673863, 0.3562654916563483, 0.8439434464057821], "k_pid_yaw": [0.5, 1e-06, 0.1], "k_pid_hsp": [0.5271953290377317, 0.04035518884905822, 0.0], "k_pid_vsp": [140.211380767112, 114.0022661583455, 1.0435457660618097]}, "datetime": {"datetime": "2025-08-21 12:58:11", "elapsed": 15208.161351919174, "delta": 15.96143913269043}, "costs": {"total_cost": 170.39087330992737, "time_cost": 70.04, "final_distance_cost": 1.8198904586250146, "oscillation_cost": 28.525507948081163, "completition_cost": 0.0, "overshoot_cost": 50.34592211227666, "power_cost": 9.615976965332031, "noise_cost": 10.043575825612495, "n_waypoints_completed": 9, "tot_waypoints": 9}}
{"target": -200.95057525344555, "params": {"k_pid_pos": [0.6777800249373263, 0.19161465830390165, 0.6212339474437044], "k_pid_alt": [1.7671582481595192, 0.003223558578213713, 0.09978938389843724], "k_pid_att": [26.8447489711992, 0.15671952924751975, 0.33803312846322847], "k_pid_yaw": [0.5, 1e-06, 0.1], "k_pid_hsp": [0.2907513684508462, 0.02294897316030257, 0.0], "k_pid_vsp": [82.40986136374836, 194.0232859315078, 0.7821692695654673]}, "datetime": {"datetime": "2025-08-21 12:58:31", "elapsed": 15227.768396615982, "delta": 19.60704469680786}, "costs": {"total_cost": 200.95057525344555, "time_cost": 84.21600000000001, "final_distance_cost": 1.8398171731484427, "oscillation_cost": 25.669946697797698, "completition_cost": 0.0, "overshoot_cost": 53.11342182055489, "power_cost": 19.609576977539064, "noise_cost": 16.501812584405442, "n_waypoints_completed": 9, "tot_waypoints": 9}}
{"target": -176.58509029421538, "params": {"k_pid_pos": [1.8911887852678266, 0.11702372232256752, 0.5089500947385612], "k_pid_alt": [1.6360921724464248, 0.006455339644131028, 0.07096658134044016], "k_pid_att": [36.18418061255306, 0.19139434039143124, 0.6871958641203674], "k_pid_yaw": [0.5, 1e-06, 0.1], "k_pid_hsp": [0.30045215728066377, 0.010978715524795978, 0.0], "k_pid_vsp": [298.3471625358884, 149.70411967687184, 1e-06]}, "datetime": {"datetime": "2025-08-21 12:58:47", "elapsed": 15244.165791749954, "delta": 16.397395133972168}, "costs": {"total_cost": 176.58509029421538, "time_cost": 69.552, "final_distance_cost": 1.815133768752777, "oscillation_cost": 29.8477481239957, "completition_cost": 0.0, "overshoot_cost": 50.404439717955185, "power_cost": 13.213529602050782, "noise_cost": 11.752239081460932, "n_waypoints_completed": 9, "tot_waypoints": 9}}
{"target": -182.30735780914938, "params": {"k_pid_pos": [1.9259943037919571, 0.10371622276606263, 0.7537777809759829], "k_pid_alt": [1.9639876152818827, 0.005069885369991443, 0.08145849543406179], "k_pid_att": [32.27713179076895, 0.14682566423197377, 0.5912469098754788], "k_pid_yaw": [0.5, 1e-06, 0.1], "k_pid_hsp": [0.48802336118155365, 0.03240521104053928, 0.0], "k_pid_vsp": [233.25907648058626, 121.6820671920935, 1.778172858260312]}, "datetime": {"datetime": "2025-08-21 12:59:03", "elapsed": 15260.434647083282, "delta": 16.268855333328247}, "costs": {"total_cost": 182.30735780914938, "time_cost": 69.664, "final_distance_cost": 1.8313612722169017, "oscillation_cost": 31.433711281399383, "completition_cost": 0.0, "overshoot_cost": 50.563824546873256, "power_cost": 15.66966513671875, "noise_cost": 13.14479557194109, "n_waypoints_completed": 9, "tot_waypoints": 9}}
{"target": -174.2275695693921, "params": {"k_pid_pos": [2.0, 0.053485226859482, 0.8954166388320585], "k_pid_alt": [1.306587548947723, 0.008482400943589062, 0.045560215414458566], "k_pid_att": [40.98246512570839, 0.12423169404865664, 0.2608149253331355], "k_pid_yaw": [0.5, 1e-06, 0.1], "k_pid_hsp": [0.2026153727231551, 0.03019605932684341, 0.0], "k_pid_vsp": [136.04207803915327, 242.51113786882274, 1e-06]}, "datetime": {"datetime": "2025-08-21 12:59:19", "elapsed": 15276.00612783432, "delta": 15.571480751037598}, "costs": {"total_cost": 174.2275695693921, "time_cost": 68.72, "final_distance_cost": 1.8237507770070982, "oscillation_cost": 31.08513818004038, "completition_cost": 0.0, "overshoot_cost": 49.43117690330386, "power_cost": 12.02500057373047, "noise_cost": 11.142503135310305, "n_waypoints_completed": 9, "tot_waypoints": 9}}
{"target": -181.0326081526886, "params": {"k_pid_pos": [1.0306328770949789, 0.08694598386395401, 0.76152720425862], "k_pid_alt": [2.0, 0.006839378160293823, 0.059897484634409304], "k_pid_att": [33.460190891434344, 0.1689051026984372, 0.4186157605784316], "k_pid_yaw": [0.5, 1e-06, 0.1], "k_pid_hsp": [0.5109444518737564, 0.05774477944465273, 0.0], "k_pid_vsp": [186.29728328259944, 166.1036204617889, 0.2485225786274274]}, "datetime": {"datetime": "2025-08-21 12:59:36", "elapsed": 15293.331653118134, "delta": 17.325525283813477}, "costs": {"total_cost": 181.0326081526886, "time_cost": 74.624, "final_distance_cost": 1.848387505559019, "oscillation_cost": 29.465932260913213, "completition_cost": 0.0, "overshoot_cost": 50.79846999377943, "power_cost": 12.289909509277344, "noise_cost": 12.005908883159584, "n_waypoints_completed": 9, "tot_waypoints": 9}}
{"target": -183.70583997242397, "params": {"k_pid_pos": [0.8623385628642456, 0.2071347922227567, 1.0], "k_pid_alt": [2.0, 0.006745444396012462, 0.014203487200063933], "k_pid_att": [51.08829951286484, 0.08892629057021577, 0.4054331715901936], "k_pid_yaw": [0.5, 1e-06, 0.1], "k_pid_hsp": [0.2475748535416693, 0.024518425608935954, 0.0], "k_pid_vsp": [385.1957749480451, 183.11003713311842, 0.8159866981291692]}, "datetime": {"datetime": "2025-08-21 12:59:56", "elapsed": 15312.788736343384, "delta": 19.457083225250244}, "costs": {"total_cost": 183.70583997242397, "time_cost": 81.85600000000001, "final_distance_cost": 1.8372324934583009, "oscillation_cost": 26.52027989580419, "completition_cost": 0.0, "overshoot_cost": 52.25654102311535, "power_cost": 9.885212963867188, "noise_cost": 11.350573596178913, "n_waypoints_completed": 9, "tot_waypoints": 9}}
{"target": -178.6286492847971, "params": {"k_pid_pos": [2.0, 0.11582920468696796, 0.8428657412245214], "k_pid_alt": [0.7044363684728921, 0.0044177584212577265, 0.06516063208089949], "k_pid_att": [41.484834351999275, 0.22748205278345035, 0.031797774052850704], "k_pid_yaw": [0.5, 1e-06, 0.1], "k_pid_hsp": [0.3314731896932344, 0.04136505215048331, 0.0], "k_pid_vsp": [177.2277603502048, 41.455162120605614, 2.2628102233386787]}, "datetime": {"datetime": "2025-08-21 13:00:12", "elapsed": 15329.141253709793, "delta": 16.3525173664093}, "costs": {"total_cost": 178.6286492847971, "time_cost": 71.352, "final_distance_cost": 1.8354658305883722, "oscillation_cost": 33.129773929632776, "completition_cost": 0.0, "overshoot_cost": 50.59750898486647, "power_cost": 10.991434851074219, "noise_cost": 10.722465688635262, "n_waypoints_completed": 9, "tot_waypoints": 9}}
{"target": -216.23187682861692, "params": {"k_pid_pos": [0.4479519536874281, 0.12178730775894021, 1.0], "k_pid_alt": [2.0, 0.006923908077767628, 0.07608699891950008], "k_pid_att": [69.00095403223236, 0.11244161838725582, 0.5528474838703016], "k_pid_yaw": [0.5, 1e-06, 0.1], "k_pid_hsp": [0.35134061895131835, 0.03353788142793219, 0.0], "k_pid_vsp": [108.80973876073556, 165.5257120084224, 1e-06]}, "datetime": {"datetime": "2025-08-21 13:00:35", "elapsed": 15351.560685873032, "delta": 22.419432163238525}, "costs": {"total_cost": 216.23187682861692, "time_cost": 98.168, "final_distance_cost": 1.849224579976764, "oscillation_cost": 22.979709858610967, "completition_cost": 0.0, "overshoot_cost": 55.98390326740325, "power_cost": 18.914762133789065, "noise_cost": 18.336276988836865, "n_waypoints_completed": 9, "tot_waypoints": 9}}
{"target": -180.7578890278316, "params": {"k_pid_pos": [1.5908284942780722, 0.10704920074755347, 0.7225685713654167], "k_pid_alt": [2.0, 0.006553472719448269, 0.0], "k_pid_att": [35.69215804851448, 0.15955718668902988, 0.5621795277381337], "k_pid_yaw": [0.5, 1e-06, 0.1], "k_pid_hsp": [0.24042536547668228, 0.03964363922649731, 0.0], "k_pid_vsp": [86.75212012311671, 232.3374268746355, 1.9246382558422581]}, "datetime": {"datetime": "2025-08-21 13:00:51", "elapsed": 15367.676622867584, "delta": 16.115936994552612}, "costs": {"total_cost": 180.7578890278316, "time_cost": 70.144, "final_distance_cost": 1.8308753039385561, "oscillation_cost": 31.496889977163708, "completition_cost": 0.0, "overshoot_cost": 50.42193584797987, "power_cost": 14.316905737304689, "noise_cost": 12.547282161444778, "n_waypoints_completed": 9, "tot_waypoints": 9}}
{"target": -201.2870219836216, "params": {"k_pid_pos": [0.5091872014932919, 0.09314583101452516, 0.7101581735234731], "k_pid_alt": [2.0, 0.008448222299537577, 0.02589105958323802], "k_pid_att": [25.868915842843943, 0.19625243845543552, 0.3182449162839046], "k_pid_yaw": [0.5, 1e-06, 0.1], "k_pid_hsp": [0.23879462182757902, 0.020006961584486786, 0.0], "k_pid_vsp": [209.18764468061147, 231.0709015157995, 2.1391790596998397]}, "datetime": {"datetime": "2025-08-21 13:01:11", "elapsed": 15388.021795749664, "delta": 20.345172882080078}, "costs": {"total_cost": 201.2870219836216, "time_cost": 87.34400000000001, "final_distance_cost": 1.8551496424408902, "oscillation_cost": 23.19767661901772, "completition_cost": 0.0, "overshoot_cost": 53.35184737318748, "power_cost": 18.1665693359375, "noise_cost": 17.37177901303802, "n_waypoints_completed": 9, "tot_waypoints": 9}}
{"target": -194.8707628142138, "params": {"k_pid_pos": [2.0, 0.1963363528581279, 0.9718457487711368], "k_pid_alt": [2.0, 0.007817328723125455, 0.02007436399888954], "k_pid_att": [17.07376801836705, 0.24695807032074338, 0.5415765269923839], "k_pid_yaw": [0.5, 1e-06, 0.1], "k_pid_hsp": [0.4634477742245057, 0.026384914841188618, 0.0], "k_pid_vsp": [0.0, 148.85163107464504, 8.339449556674571]}, "datetime": {"datetime": "2025-08-21 13:01:29", "elapsed": 15405.649144887924, "delta": 17.627349138259888}, "costs": {"total_cost": 194.8707628142138, "time_cost": 75.4, "final_distance_cost": 1.748143915943174, "oscillation_cost": 45.160225141084524, "completition_cost": 0.0, "overshoot_cost": 50.63317530763964, "power_cost": 12.359284741210939, "noise_cost": 9.569933708335514, "n_waypoints_completed": 9, "tot_waypoints": 9}}
{"target": -180.6916345658571, "params": {"k_pid_pos": [2.0, 0.05557119140303691, 0.4940748895281954], "k_pid_alt": [2.0, 0.006226963360134653, 0.022040339224763544], "k_pid_att": [39.91408866829165, 0.20841004974163777, 0.4525166998491521], "k_pid_yaw": [0.5, 1e-06, 0.1], "k_pid_hsp": [0.17455922209704808, 0.04426624938425791, 0.0], "k_pid_vsp": [347.1351932664831, 176.4424294890763, 1.3669746053739458]}, "datetime": {"datetime": "2025-08-21 13:01:45", "elapsed": 15421.519356489182, "delta": 15.870211601257324}, "costs": {"total_cost": 180.6916345658571, "time_cost": 69.464, "final_distance_cost": 1.8190342254843244, "oscillation_cost": 32.61319062715491, "completition_cost": 0.0, "overshoot_cost": 50.549894307682955, "power_cost": 14.177037951660157, "noise_cost": 12.068477453874753, "n_waypoints_completed": 9, "tot_waypoints": 9}}
{"target": -181.31989271711782, "params": {"k_pid_pos": [1.3529699556626464, 0.13448021340100402, 0.4752689847075178], "k_pid_alt": [2.0, 0.006097048232288579, 0.018878277536664333], "k_pid_att": [28.02130614528295, 0.11318484760018821, 0.26373025460704624], "k_pid_yaw": [0.5, 1e-06, 0.1], "k_pid_hsp": [0.30052512380865387, 0.03302145255684997, 0.0], "k_pid_vsp": [273.52761507139036, 196.83884074381544, 0.38125430440472147]}, "datetime": {"datetime": "2025-08-21 13:02:01", "elapsed": 15437.718863487244, "delta": 16.199506998062134}, "costs": {"total_cost": 181.31989271711782, "time_cost": 69.968, "final_distance_cost": 1.8106576085846635, "oscillation_cost": 30.268173947686506, "completition_cost": 0.0, "overshoot_cost": 50.73471717129894, "power_cost": 15.430860400390626, "noise_cost": 13.107483589157074, "n_waypoints_completed": 9, "tot_waypoints": 9}}
{"target": -1101.9970069325657, "params": {"k_pid_pos": [0.8484265471038025, 0.10079526101183149, 0.7380956575999639], "k_pid_alt": [2.0, 0.004162620447820478, 0.028593498078795705], "k_pid_att": [38.08944716485039, 0.21349727967353394, 0.3883445134315265], "k_pid_yaw": [0.5, 1e-06, 0.1], "k_pid_hsp": [0.0001, 0.026668298913222848, 0.0], "k_pid_vsp": [263.1687801325357, 108.91807138974893, 2.9710018061127372]}, "datetime": {"datetime": "2025-08-21 13:02:24", "elapsed": 15460.731352806091, "delta": 23.012489318847656}, "costs": {"total_cost": 1101.9970069325657, "time_cost": 150, "final_distance_cost": 71.39623575979448, "oscillation_cost": 13.72226126574591, "completition_cost": 777.7777777777778, "overshoot_cost": 68.95035218696826, "power_cost": 9.33611239013672, "noise_cost": 10.814267552142303, "n_waypoints_completed": 2, "tot_waypoints": 9}}
