{"target": -183.31701012251008, "params": {"k_pid_pos": [1.4441083058459476, 0.1769788035515143, 0.27082877482137785], "k_pid_alt": [0.9593589940588503, 0.002500703231018376, 0.02161429614017774], "k_pid_att": [59.94756908086696, 0.14732438304693216, 0.8117913582832723], "k_pid_yaw": [0.5, 1e-06, 0.1], "k_pid_hsp": [1.0222582216731693, 0.008538542234500282, 0.0], "k_pid_vsp": [77.93064252112946, 300.6114750965393, 5.9201215180214035]}, "datetime": {"datetime": "2025-08-21 10:51:16", "elapsed": 7593.129685640335, "delta": 17.834028720855713}, "costs": {"total_cost": 183.31701012251008, "time_cost": 70.784, "final_distance_cost": 1.7842501039139351, "oscillation_cost": 35.67843301869019, "completition_cost": 0.0, "overshoot_cost": 50.188486560642, "power_cost": 13.21771982421875, "noise_cost": 11.664120615045189, "n_waypoints_completed": 9, "tot_waypoints": 9}}
{"target": -181.91475293698326, "params": {"k_pid_pos": [2.0, 0.03297932368544756, 0.6630557307343478], "k_pid_alt": [1.6313688077994595, 0.002736442904083187, 0.0], "k_pid_att": [63.82080480090542, 0.3094540572458581, 1.0], "k_pid_yaw": [0.5, 1e-06, 0.1], "k_pid_hsp": [1.5290432937627603, 0.022949212865717942, 0.0], "k_pid_vsp": [254.01037726592006, 320.60650801046495, 3.2999475504312397]}, "datetime": {"datetime": "2025-08-21 10:51:32", "elapsed": 7609.1141901016235, "delta": 15.984504461288452}, "costs": {"total_cost": 181.91475293698326, "time_cost": 69.384, "final_distance_cost": 1.8313418062478146, "oscillation_cost": 33.124259341845104, "completition_cost": 0.0, "overshoot_cost": 50.57165684477078, "power_cost": 14.536418872070314, "noise_cost": 12.467076072049244, "n_waypoints_completed": 9, "tot_waypoints": 9}}
{"target": -197.2608231205003, "params": {"k_pid_pos": [0.8888594000122376, 0.18283150076360322, 1.0], "k_pid_alt": [1.0866786484615172, 0.02104782645760936, 0.04386700893302042], "k_pid_att": [13.151926776005277, 0.013847451940852481, 1.0], "k_pid_yaw": [0.5, 1e-06, 0.1], "k_pid_hsp": [1.3602016430486923, 0.09977125479151772, 0.0], "k_pid_vsp": [231.7725186721947, 387.08187314787966, 6.380371914859552]}, "datetime": {"datetime": "2025-08-21 10:51:52", "elapsed": 7629.173508882523, "delta": 20.059318780899048}, "costs": {"total_cost": 197.2608231205003, "time_cost": 86.57600000000001, "final_distance_cost": 1.8371280075055245, "oscillation_cost": 30.409494405689056, "completition_cost": 0.0, "overshoot_cost": 52.29362696013836, "power_cost": 13.171205529785157, "noise_cost": 12.973368217382177, "n_waypoints_completed": 9, "tot_waypoints": 9}}
{"target": -182.26739775663484, "params": {"k_pid_pos": [2.0, 0.1333073187851961, 0.6589365020015687], "k_pid_alt": [0.9223709877620575, 0.013084326059258062, 0.055341602370497144], "k_pid_att": [5.151572021269868, 0.18830568434497405, 0.5771470886304209], "k_pid_yaw": [0.5, 1e-06, 0.1], "k_pid_hsp": [0.6327366659600603, 0.04515600764381803, 0.0], "k_pid_vsp": [161.56819494029511, 348.58538439539194, 4.317927117748786]}, "datetime": {"datetime": "2025-08-21 10:52:08", "elapsed": 7645.2032558918, "delta": 16.029747009277344}, "costs": {"total_cost": 182.26739775663484, "time_cost": 69.48, "final_distance_cost": 1.7637138404265225, "oscillation_cost": 34.398546693164775, "completition_cost": 0.0, "overshoot_cost": 50.03868121592687, "power_cost": 14.406713293457033, "noise_cost": 12.179742713659616, "n_waypoints_completed": 9, "tot_waypoints": 9}}
{"target": -188.90849380514297, "params": {"k_pid_pos": [0.9632819484409726, 0.19968117574114608, 0.4520001944121053], "k_pid_alt": [1.857782232601713, 0.008899255010319447, 0.07810546714715097], "k_pid_att": [25.88706168388789, 0.07108586683442475, 0.355614440071127], "k_pid_yaw": [0.5, 1e-06, 0.1], "k_pid_hsp": [1.9506591428663207, 0.0, 0.0], "k_pid_vsp": [128.94436046729365, 286.33932561211196, 6.576728506629966]}, "datetime": {"datetime": "2025-08-21 10:52:25", "elapsed": 7662.266801834106, "delta": 17.06354594230652}, "costs": {"total_cost": 188.90849380514297, "time_cost": 74.208, "final_distance_cost": 1.8226384485669602, "oscillation_cost": 33.74956755977482, "completition_cost": 0.0, "overshoot_cost": 51.834163666220405, "power_cost": 14.303924340820313, "noise_cost": 12.990199789760494, "n_waypoints_completed": 9, "tot_waypoints": 9}}
{"target": -174.43456597380228, "params": {"k_pid_pos": [2.0, 0.13557780817765985, 0.6006167928840008], "k_pid_alt": [1.6077682095311208, 0.0, 0.07260009379942023], "k_pid_att": [10.352790109616024, 0.35559907401744134, 0.7222106331364758], "k_pid_yaw": [0.5, 1e-06, 0.1], "k_pid_hsp": [0.9228584945704442, 0.0, 0.0], "k_pid_vsp": [182.77855111786175, 303.36025080039514, 5.1673806513600695]}, "datetime": {"datetime": "2025-08-21 10:52:41", "elapsed": 7677.959951162338, "delta": 15.693149328231812}, "costs": {"total_cost": 174.43456597380228, "time_cost": 68.328, "final_distance_cost": 1.805304970403981, "oscillation_cost": 32.603490035526434, "completition_cost": 0.0, "overshoot_cost": 50.526320415378706, "power_cost": 10.901643322753907, "noise_cost": 10.26980722973927, "n_waypoints_completed": 9, "tot_waypoints": 9}}
{"target": -181.0501238168556, "params": {"k_pid_pos": [1.1960762925146198, 0.10309912043991153, 0.3571567985421516], "k_pid_alt": [1.5176853110390685, 0.013374413249728457, 0.07873047877466377], "k_pid_att": [14.293981602150012, 0.07048672090533781, 1.0], "k_pid_yaw": [0.5, 1e-06, 0.1], "k_pid_hsp": [1.4913722491480297, 0.0, 0.0], "k_pid_vsp": [208.3931067902541, 398.6653758618852, 3.0603883301789767]}, "datetime": {"datetime": "2025-08-21 10:52:58", "elapsed": 7694.61844086647, "delta": 16.65848970413208}, "costs": {"total_cost": 181.0501238168556, "time_cost": 70.2, "final_distance_cost": 1.8375644634396529, "oscillation_cost": 32.44332958341748, "completition_cost": 0.0, "overshoot_cost": 50.52731491152336, "power_cost": 13.780619958496095, "noise_cost": 12.261294899979035, "n_waypoints_completed": 9, "tot_waypoints": 9}}
{"target": -1216.4127002736316, "params": {"k_pid_pos": [1.2117094321589998, 0.20094674124454026, 0.46307084062716664], "k_pid_alt": [1.2506823728501324, 0.012594930884439118, 0.024275846632401402], "k_pid_att": [80.16806726504272, 0.08461986835781421, 1.0], "k_pid_yaw": [0.5, 1e-06, 0.1], "k_pid_hsp": [0.0001, 0.013581298011767119, 0.0], "k_pid_vsp": [134.28632940125576, 305.34740994128157, 2.549253696033813]}, "datetime": {"datetime": "2025-08-21 10:53:21", "elapsed": 7718.402816057205, "delta": 23.784375190734863}, "costs": {"total_cost": 1216.4127002736316, "time_cost": 150, "final_distance_cost": 59.66858793387645, "oscillation_cost": 6.234081752822833, "completition_cost": 888.8888888888888, "overshoot_cost": 87.46641828890131, "power_cost": 11.85481766357422, "noise_cost": 12.299905745567678, "n_waypoints_completed": 1, "tot_waypoints": 9}}
{"target": -210.1628307768874, "params": {"k_pid_pos": [0.4860871164057978, 0.10473744554104551, 0.81915993249957], "k_pid_alt": [1.6697030373486503, 0.011737083760024176, 0.040506638949612504], "k_pid_att": [65.0472166860019, 0.13022396673529427, 0.8606050264240324], "k_pid_yaw": [0.5, 1e-06, 0.1], "k_pid_hsp": [1.5552620510644732, 0.07677806891306586, 0.0], "k_pid_vsp": [138.09811326222447, 293.3400774089787, 1.2437718151693524]}, "datetime": {"datetime": "2025-08-21 10:53:42", "elapsed": 7739.40355181694, "delta": 21.000735759735107}, "costs": {"total_cost": 210.1628307768874, "time_cost": 92.04, "final_distance_cost": 1.855445470758243, "oscillation_cost": 28.21843526408887, "completition_cost": 0.0, "overshoot_cost": 55.149410485632146, "power_cost": 16.50715633544922, "noise_cost": 16.39238322095892, "n_waypoints_completed": 9, "tot_waypoints": 9}}
{"target": -422.87854001625016, "params": {"k_pid_pos": [2.0, 0.13408875048842103, 0.29316649083271573], "k_pid_alt": [0.3902986032144444, 0.013029053489038066, 0.09392924738656987], "k_pid_att": [85.49092321563857, 0.4508193326303372, 0.862529935733861], "k_pid_yaw": [0.5, 1e-06, 0.1], "k_pid_hsp": [1.7801730307192007, 0.10665787275836801, 0.0], "k_pid_vsp": [0.0, 166.25826344589268, 5.3184706355116615]}, "datetime": {"datetime": "2025-08-21 10:54:06", "elapsed": 7762.840677499771, "delta": 23.43712568283081}, "costs": {"total_cost": 422.87854001625016, "time_cost": 150, "final_distance_cost": 13.671262773356272, "oscillation_cost": 61.50081662387257, "completition_cost": 111.11111111111116, "overshoot_cost": 56.09994382107055, "power_cost": 15.881870458984375, "noise_cost": 14.613535227855186, "n_waypoints_completed": 8, "tot_waypoints": 9}}
{"target": -175.12286849940924, "params": {"k_pid_pos": [1.3435052064659951, 0.017611194398897606, 0.45282149984346737], "k_pid_alt": [1.0038147328736697, 0.004849735517409879, 0.038881432983404775], "k_pid_att": [77.51598238362018, 0.3662906331285587, 0.8566443779952642], "k_pid_yaw": [0.5, 1e-06, 0.1], "k_pid_hsp": [1.2211668279945533, 0.014820590986782076, 0.0], "k_pid_vsp": [170.13098287390798, 151.1337456583295, 1e-06]}, "datetime": {"datetime": "2025-08-21 10:54:23", "elapsed": 7779.580015659332, "delta": 16.739338159561157}, "costs": {"total_cost": 175.12286849940924, "time_cost": 70.152, "final_distance_cost": 1.8422883950344584, "oscillation_cost": 34.609012894731784, "completition_cost": 0.0, "overshoot_cost": 50.17058958913678, "power_cost": 8.628466088867189, "noise_cost": 9.720511531639014, "n_waypoints_completed": 9, "tot_waypoints": 9}}
{"target": -170.794578377671, "params": {"k_pid_pos": [1.2663470928046454, 0.11099196642159677, 0.5124584134934561], "k_pid_alt": [2.0, 0.011408452896398273, 0.061577109599571654], "k_pid_att": [47.26296235526096, 0.23262160513289917, 0.7581700594450757], "k_pid_yaw": [0.5, 1e-06, 0.1], "k_pid_hsp": [0.20864445852919042, 0.04865869708274164, 0.0], "k_pid_vsp": [316.43804759063374, 184.7434463611944, 5.596758185595289]}, "datetime": {"datetime": "2025-08-21 10:54:39", "elapsed": 7795.770589828491, "delta": 16.190574169158936}, "costs": {"total_cost": 170.794578377671, "time_cost": 69.76, "final_distance_cost": 1.8355869190617957, "oscillation_cost": 29.816664191440463, "completition_cost": 0.0, "overshoot_cost": 49.908425068481996, "power_cost": 9.649261474609375, "noise_cost": 9.82464072407737, "n_waypoints_completed": 9, "tot_waypoints": 9}}
{"target": -837.1502708971298, "params": {"k_pid_pos": [0.8566874919089469, 0.038724886753373065, 0.2658255643713912], "k_pid_alt": [0.11183286678051545, 0.0018447362024906558, 0.004350829444933944], "k_pid_att": [58.16214328948263, 0.17810553717108282, 0.7281828701973322], "k_pid_yaw": [0.5, 1e-06, 0.1], "k_pid_hsp": [0.9878458030185581, 0.04398147878611247, 0.0], "k_pid_vsp": [43.56890309441605, 280.8147621532663, 3.478690614158593]}, "datetime": {"datetime": "2025-08-21 10:55:01", "elapsed": 7818.407722711563, "delta": 22.6371328830719}, "costs": {"total_cost": 837.1502708971298, "time_cost": 150, "final_distance_cost": 44.322837162392226, "oscillation_cost": 23.43130433026375, "completition_cost": 555.5555555555555, "overshoot_cost": 42.6684080376263, "power_cost": 10.137121020507813, "noise_cost": 11.035044790784136, "n_waypoints_completed": 4, "tot_waypoints": 9}}
{"target": -177.5650217009331, "params": {"k_pid_pos": [2.0, 0.1531795824722347, 0.729153142704758], "k_pid_alt": [1.0194827071099812, 0.01576658829515644, 0.029407076907148836], "k_pid_att": [4.374227970915577, 0.22021740364356326, 0.6741865333478056], "k_pid_yaw": [0.5, 1e-06, 0.1], "k_pid_hsp": [0.22028680423299293, 0.0, 0.0], "k_pid_vsp": [51.80527199521247, 175.71410852949904, 5.765858566539269]}, "datetime": {"datetime": "2025-08-21 10:55:19", "elapsed": 7836.449851989746, "delta": 18.042129278182983}, "costs": {"total_cost": 177.5650217009331, "time_cost": 69.488, "final_distance_cost": 1.7900240469435336, "oscillation_cost": 30.70681468386438, "completition_cost": 0.0, "overshoot_cost": 50.70468770836704, "power_cost": 13.240159875488281, "noise_cost": 11.635335386269878, "n_waypoints_completed": 9, "tot_waypoints": 9}}
{"target": -192.83881651841148, "params": {"k_pid_pos": [1.679224917511575, 0.012435022456404925, 0.9537906326711991], "k_pid_alt": [1.6695348867281667, 0.013539262057743076, 0.10983231634233222], "k_pid_att": [67.33773852135234, 0.041309593169847315, 0.0], "k_pid_yaw": [0.5, 1e-06, 0.1], "k_pid_hsp": [1.1867668111213188, 0.040983790658100934, 0.0], "k_pid_vsp": [158.098388490431, 391.3387410073307, 1.7652359181655823]}, "datetime": {"datetime": "2025-08-21 10:55:35", "elapsed": 7852.367259263992, "delta": 15.917407274246216}, "costs": {"total_cost": 192.83881651841148, "time_cost": 70.68, "final_distance_cost": 1.8415729318618026, "oscillation_cost": 45.054926795316284, "completition_cost": 0.0, "overshoot_cost": 50.82324108645648, "power_cost": 12.671100695800781, "noise_cost": 11.767975008976125, "n_waypoints_completed": 9, "tot_waypoints": 9}}
{"target": -183.53500013340565, "params": {"k_pid_pos": [1.6864188034921732, 0.1543530983369857, 0.011388802869255032], "k_pid_alt": [1.3774424871408455, 0.017546599126551866, 0.025684479779413766], "k_pid_att": [90.65501870711023, 0.1631250400847907, 0.9728653328134745], "k_pid_yaw": [0.5, 1e-06, 0.1], "k_pid_hsp": [1.2130163049388283, 0.04883594760692705, 0.0], "k_pid_vsp": [158.2375486900717, 1e-06, 1.1052440561691104]}, "datetime": {"datetime": "2025-08-21 10:55:52", "elapsed": 7868.959099531174, "delta": 16.591840267181396}, "costs": {"total_cost": 183.53500013340565, "time_cost": 71.288, "final_distance_cost": 1.7301937871628712, "oscillation_cost": 38.841882557149454, "completition_cost": 0.0, "overshoot_cost": 51.241683085797604, "power_cost": 10.07243797607422, "noise_cost": 10.360802727221518, "n_waypoints_completed": 9, "tot_waypoints": 9}}
{"target": -175.07906057381115, "params": {"k_pid_pos": [1.9560056736112417, 0.06742141134610048, 0.6312338803329419], "k_pid_alt": [2.0, 0.014677483320090499, 0.03212224413729353], "k_pid_att": [55.569814508300205, 0.28886669920024266, 1.0], "k_pid_yaw": [0.5, 1e-06, 0.1], "k_pid_hsp": [1.6573690795450522, 0.04294307557348941, 0.0], "k_pid_vsp": [314.4348926497737, 400.0, 5.116604028979428]}, "datetime": {"datetime": "2025-08-21 10:56:08", "elapsed": 7884.880759000778, "delta": 15.921659469604492}, "costs": {"total_cost": 175.07906057381115, "time_cost": 68.736, "final_distance_cost": 1.8189360350294366, "oscillation_cost": 37.738416538973496, "completition_cost": 0.0, "overshoot_cost": 49.79489340755559, "power_cost": 8.067213330078125, "noise_cost": 8.92360126217449, "n_waypoints_completed": 9, "tot_waypoints": 9}}
{"target": -178.7131558238584, "params": {"k_pid_pos": [1.684251037334673, 0.1643460289425941, 1.0], "k_pid_alt": [0.6220833522441189, 0.015689122026040694, 0.06691060267769432], "k_pid_att": [26.587540178994647, 0.15218331444149544, 1.0], "k_pid_yaw": [0.5, 1e-06, 0.1], "k_pid_hsp": [0.7638144912706345, 0.03251919493432193, 0.0], "k_pid_vsp": [66.83645135368828, 345.51933207806155, 1e-06]}, "datetime": {"datetime": "2025-08-21 10:56:24", "elapsed": 7901.382347106934, "delta": 16.501588106155396}, "costs": {"total_cost": 178.7131558238584, "time_cost": 72.528, "final_distance_cost": 1.8350367716804743, "oscillation_cost": 33.1741878496842, "completition_cost": 0.0, "overshoot_cost": 49.728645218457785, "power_cost": 10.80391181640625, "noise_cost": 10.643374167629673, "n_waypoints_completed": 9, "tot_waypoints": 9}}
{"target": -184.65957449621547, "params": {"k_pid_pos": [0.9256572002477116, 0.110007801219144, 0.5829495609384964], "k_pid_alt": [0.679956942444398, 0.013105456274243579, 0.03179543775922881], "k_pid_att": [56.591005220588706, 0.12290020883328619, 0.5078893520194304], "k_pid_yaw": [0.5, 1e-06, 0.1], "k_pid_hsp": [1.2745911371990564, 0.0, 0.0], "k_pid_vsp": [262.15458487370415, 152.12252620915388, 8.501181604489288]}, "datetime": {"datetime": "2025-08-21 10:56:42", "elapsed": 7919.055578947067, "delta": 17.673231840133667}, "costs": {"total_cost": 184.65957449621547, "time_cost": 78.168, "final_distance_cost": 1.8397488420866215, "oscillation_cost": 33.204676304380435, "completition_cost": 0.0, "overshoot_cost": 51.7367928614297, "power_cost": 9.377509399414063, "noise_cost": 10.332847088904632, "n_waypoints_completed": 9, "tot_waypoints": 9}}
{"target": -1113.3993684066463, "params": {"k_pid_pos": [2.0, 0.06806750139560842, 0.294311718086473], "k_pid_alt": [0.053434322047634465, 0.0, 0.050208555770694434], "k_pid_att": [42.551132392830134, 0.20203951081630633, 0.9561675005255749], "k_pid_yaw": [0.5, 1e-06, 0.1], "k_pid_hsp": [0.22333728236561604, 0.05370149238745286, 0.0], "k_pid_vsp": [0.0, 310.86141156115355, 5.729491733076698]}, "datetime": {"datetime": "2025-08-21 10:57:05", "elapsed": 7941.9637405872345, "delta": 22.908161640167236}, "costs": {"total_cost": 1113.3993684066463, "time_cost": 150, "final_distance_cost": 85.53792515945695, "oscillation_cost": 24.224026440416417, "completition_cost": 777.7777777777778, "overshoot_cost": 42.40693894100277, "power_cost": 19.870494177246094, "noise_cost": 13.582205910746012, "n_waypoints_completed": 2, "tot_waypoints": 9}}
{"target": -1121.2665423919066, "params": {"k_pid_pos": [0.9379461201844036, 0.04533062636621608, 0.4458813955224165], "k_pid_alt": [1.2687535171413526, 0.012763302636208595, 0.06877395782206949], "k_pid_att": [24.12326653403854, 0.318588188189151, 0.6745944859573473], "k_pid_yaw": [0.5, 1e-06, 0.1], "k_pid_hsp": [0.0001, 0.03056509921126947, 0.0], "k_pid_vsp": [313.18843557857286, 1e-06, 8.063183903291046]}, "datetime": {"datetime": "2025-08-21 10:57:28", "elapsed": 7964.741439819336, "delta": 22.77769923210144}, "costs": {"total_cost": 1121.2665423919066, "time_cost": 150, "final_distance_cost": 76.13253927574377, "oscillation_cost": 16.065662340479143, "completition_cost": 777.7777777777778, "overshoot_cost": 72.06757524140289, "power_cost": 15.739338476562502, "noise_cost": 13.483649279940181, "n_waypoints_completed": 2, "tot_waypoints": 9}}
{"target": -176.28980130219338, "params": {"k_pid_pos": [1.5297948145210203, 0.18112653756222064, 0.6648105565322939], "k_pid_alt": [1.0254173852390205, 0.002963486935500592, 0.04482974450878291], "k_pid_att": [60.42036997075852, 0.23932398033955993, 1.0], "k_pid_yaw": [0.5, 1e-06, 0.1], "k_pid_hsp": [0.9580574749015845, 0.03129211098235489, 0.0], "k_pid_vsp": [196.5843081882792, 106.49992589712105, 3.1347590207408973]}, "datetime": {"datetime": "2025-08-21 10:57:44", "elapsed": 7981.007718801498, "delta": 16.266278982162476}, "costs": {"total_cost": 176.28980130219338, "time_cost": 70.632, "final_distance_cost": 1.8308298253581459, "oscillation_cost": 31.573332159442657, "completition_cost": 0.0, "overshoot_cost": 49.876171142369486, "power_cost": 11.31126552734375, "noise_cost": 11.066202647679308, "n_waypoints_completed": 9, "tot_waypoints": 9}}
{"target": -176.8906167401377, "params": {"k_pid_pos": [1.5768735125997486, 0.1811225935554004, 0.6555138400547861], "k_pid_alt": [0.8418878582998305, 0.008236155749501525, 0.05589370049495015], "k_pid_att": [67.87035477814497, 0.06040675628371031, 0.4072464386962313], "k_pid_yaw": [0.5, 1e-06, 0.1], "k_pid_hsp": [0.6538356956911983, 0.02274286792228584, 0.0], "k_pid_vsp": [59.18160602650325, 15.913994948052022, 1e-06]}, "datetime": {"datetime": "2025-08-21 10:58:00", "elapsed": 7997.185635328293, "delta": 16.177916526794434}, "costs": {"total_cost": 176.8906167401377, "time_cost": 70.92, "final_distance_cost": 1.8216479274132302, "oscillation_cost": 33.209011649417505, "completition_cost": 0.0, "overshoot_cost": 50.56429500806631, "power_cost": 9.913629077148437, "noise_cost": 10.462033078092203, "n_waypoints_completed": 9, "tot_waypoints": 9}}
{"target": -201.15996829715866, "params": {"k_pid_pos": [0.3668999503587789, 0.05938546991189594, 0.043331116507474586], "k_pid_alt": [1.1366758436578193, 0.0008089567547856745, 0.09279763575413107], "k_pid_att": [24.941476787269494, 0.3032477584141339, 1.0], "k_pid_yaw": [0.5, 1e-06, 0.1], "k_pid_hsp": [0.5652764154971024, 0.0620797687497838, 0.0], "k_pid_vsp": [239.98861046029182, 330.5717797151667, 10.242088427890637]}, "datetime": {"datetime": "2025-08-21 10:58:21", "elapsed": 8017.567406654358, "delta": 20.381771326065063}, "costs": {"total_cost": 201.15996829715866, "time_cost": 88.176, "final_distance_cost": 1.847370313540648, "oscillation_cost": 25.654359194394214, "completition_cost": 0.0, "overshoot_cost": 52.6088960129815, "power_cost": 16.925030114746093, "noise_cost": 15.948312661496194, "n_waypoints_completed": 9, "tot_waypoints": 9}}
{"target": -174.34505002628327, "params": {"k_pid_pos": [1.1003797941808597, 0.07298455834967264, 0.7302323274491321], "k_pid_alt": [1.7047629474140773, 0.018212483942453936, 0.02869709728036375], "k_pid_att": [68.80164071788649, 0.2856451353875497, 0.7567329383451972], "k_pid_yaw": [0.5, 1e-06, 0.1], "k_pid_hsp": [0.28995491884465535, 0.01549480249387625, 0.0], "k_pid_vsp": [126.33292493499107, 90.84032099790045, 6.849992861388711]}, "datetime": {"datetime": "2025-08-21 10:58:38", "elapsed": 8034.518598556519, "delta": 16.951191902160645}, "costs": {"total_cost": 174.34505002628327, "time_cost": 73.184, "final_distance_cost": 1.8472254583140784, "oscillation_cost": 29.100565958086367, "completition_cost": 0.0, "overshoot_cost": 50.4890075247457, "power_cost": 9.368695434570313, "noise_cost": 10.355555650566833, "n_waypoints_completed": 9, "tot_waypoints": 9}}
