{"target": -217.45929926388544, "params": {"k_pid_pos": [0.7, 0.01, 0.09], "k_pid_alt": [0.7, 0.0, 0.1], "k_pid_att": [20.0, 1.0, 0.01], "k_pid_yaw": [0.5, 1e-06, 0.1], "k_pid_hsp": [1.0, 0.01, 0.01], "k_pid_vsp": [150.0, 10.0, 1.0]}, "datetime": {"datetime": "2025-08-21 08:45:03", "elapsed": 20.155319929122925, "delta": 20.155319929122925}, "costs": {"total_cost": 217.45929926388544, "time_cost": 80.568, "final_distance_cost": 1.8467256178043707, "oscillation_cost": 57.413368020267, "completition_cost": 0.0, "overshoot_cost": 51.63337091202396, "power_cost": 13.245056579589845, "noise_cost": 12.752778134200243, "n_waypoints_completed": 9, "tot_waypoints": 9}}
{"target": -2430.299010369266, "params": {"k_pid_pos": [0.45455471969737526, 0.5545847870158348, 0.06381725610417532], "k_pid_alt": [1.6552623439851641, 0.6316643991220648, 0.7580877400853738], "k_pid_att": [35.45259681298683, 9.706983174146593, 0.8931211213221977], "k_pid_yaw": [0.5, 1e-06, 0.1], "k_pid_hsp": [7.7838571323879115, 0.19463870785196757, 0.4667210037270342], "k_pid_vsp": [17.52150631489151, 61.715797672729636, 273.2195816139329]}, "datetime": {"datetime": "2025-08-21 08:45:34", "elapsed": 50.742332458496094, "delta": 30.58701252937317}, "costs": {"total_cost": 2430.299010369266, "time_cost": 150, "final_distance_cost": 494.83122023966655, "oscillation_cost": 310.701943241499, "completition_cost": 888.8888888888888, "overshoot_cost": 549.7787838003385, "power_cost": 19.387514697265626, "noise_cost": 16.71065950160744, "n_waypoints_completed": 1, "tot_waypoints": 9}}
{"target": -1232.900808531201, "params": {"k_pid_pos": [1.4895498356000434, 0.96750973243421, 0.32582535813815194], "k_pid_alt": [0.7409194120697378, 0.4695558112758079, 0.1894713590842857], "k_pid_att": [12.992150533547164, 4.757101691766715, 0.2269093490508841], "k_pid_yaw": [0.5, 1e-06, 0.1], "k_pid_hsp": [6.698172965425635, 0.43715191887233074, 0.8326781960578374], "k_pid_vsp": [280.1060408008996, 124.94665724044978, 332.9039207258206]}, "datetime": {"datetime": "2025-08-21 08:46:03", "elapsed": 79.51304459571838, "delta": 28.77071213722229}, "costs": {"total_cost": 1232.900808531201, "time_cost": 150, "final_distance_cost": 53.40086110533587, "oscillation_cost": 251.88490918767934, "completition_cost": 666.6666666666667, "overshoot_cost": 70.03784494775711, "power_cost": 22.37155438232422, "noise_cost": 18.538972241437715, "n_waypoints_completed": 3, "tot_waypoints": 9}}
{"target": -2186.729704148417, "params": {"k_pid_pos": [1.6095482385578541, 0.38747837903017446, 0.2883281039302441], "k_pid_alt": [1.364991007949951, 0.1397524836093098, 0.19990820247510832], "k_pid_att": [0.7362269751005512, 7.869265082583634, 0.6648508565920321], "k_pid_yaw": [0.5, 1e-06, 0.1], "k_pid_hsp": [7.051683269725489, 0.7807290310219679, 0.45891577553833995], "k_pid_vsp": [227.4964783811575, 55.91880011126598, 45.8120302998593]}, "datetime": {"datetime": "2025-08-21 08:46:33", "elapsed": 110.24816989898682, "delta": 30.735125303268433}, "costs": {"total_cost": 2186.729704148417, "time_cost": 150, "final_distance_cost": 65.12118847763854, "oscillation_cost": 675.7244160940152, "completition_cost": 1000.0, "overshoot_cost": 168.4438432819363, "power_cost": 35.43121450195313, "noise_cost": 92.0090417928742, "n_waypoints_completed": 0, "tot_waypoints": 9}}
{"target": -386.47196582660143, "params": {"k_pid_pos": [1.3368390832847643, 0.4710962061431325, 0.5652361064811888], "k_pid_alt": [1.5299977148320512, 0.6347183200005908, 0.5535794006579958], "k_pid_att": [55.92071607454135, 3.0395705856163158, 0.030817834567939406], "k_pid_yaw": [0.5, 1e-06, 0.1], "k_pid_hsp": [4.3672302205847, 0.2145846728195292, 0.40852864372463615], "k_pid_vsp": [341.36122930726646, 93.57579511219681, 23.321097617323666]}, "datetime": {"datetime": "2025-08-21 08:46:58", "elapsed": 134.64170241355896, "delta": 24.393532514572144}, "costs": {"total_cost": 386.47196582660143, "time_cost": 82.336, "final_distance_cost": 1.734539260368095, "oscillation_cost": 222.06666383474615, "completition_cost": 0.0, "overshoot_cost": 52.14806154710481, "power_cost": 15.474203112792969, "noise_cost": 12.712498071589362, "n_waypoints_completed": 9, "tot_waypoints": 9}}
{"target": -1541.7075678388392, "params": {"k_pid_pos": [0.5628396456547908, 0.2935937577666836, 0.6619165147268951], "k_pid_alt": [1.1140643046825567, 0.7838982091064135, 0.6643135403273875], "k_pid_att": [40.63868614400705, 8.14022244462188, 0.1669729199077039], "k_pid_yaw": [0.5, 1e-06, 0.1], "k_pid_hsp": [0.22721846013129138, 0.09004786077564175, 0.7223593505964503], "k_pid_vsp": [184.75089210055495, 64.50871245216894, 200.41791054030062]}, "datetime": {"datetime": "2025-08-21 08:47:28", "elapsed": 164.52503848075867, "delta": 29.883336067199707}, "costs": {"total_cost": 1541.7075678388392, "time_cost": 150, "final_distance_cost": 86.40532556346132, "oscillation_cost": 432.9595009373541, "completition_cost": 777.7777777777778, "overshoot_cost": 61.71010529498987, "power_cost": 18.205048193359374, "noise_cost": 14.64981007189656, "n_waypoints_completed": 2, "tot_waypoints": 9}}
{"target": -1382.6105841556823, "params": {"k_pid_pos": [0.3047089742160655, 0.696320375077736, 0.4461562755740307], "k_pid_alt": [0.762042452192965, 0.3015120891478765, 0.6302825931188885], "k_pid_att": [36.18126105533904, 0.8765904281690784, 0.11800590212051532], "k_pid_yaw": [0.5, 1e-06, 0.1], "k_pid_hsp": [9.61898045572869, 0.908580690707607, 0.6997071338107496], "k_pid_vsp": [106.34798458380783, 387.67055096991317, 311.50036180756695]}, "datetime": {"datetime": "2025-08-21 08:47:58", "elapsed": 194.72671937942505, "delta": 30.201680898666382}, "costs": {"total_cost": 1382.6105841556823, "time_cost": 150, "final_distance_cost": 89.59568961785686, "oscillation_cost": 286.1980686134623, "completition_cost": 777.7777777777778, "overshoot_cost": 42.95754140419523, "power_cost": 19.937019360351563, "noise_cost": 16.144487382038776, "n_waypoints_completed": 2, "tot_waypoints": 9}}
{"target": -1253.858087267124, "params": {"k_pid_pos": [1.4338086892990753, 0.44936150214378867, 0.272241561845159], "k_pid_alt": [0.1927819243069986, 0.9026023965438417, 0.45577628983361107], "k_pid_att": [20.236336479523032, 3.0596356458441103, 0.579219568941896], "k_pid_yaw": [0.5, 1e-06, 0.1], "k_pid_hsp": [1.7678101521140233, 0.8566142840923755, 0.7585195298352101], "k_pid_vsp": [287.7851823803747, 172.83721647794843, 250.92353665366844]}, "datetime": {"datetime": "2025-08-21 08:48:24", "elapsed": 221.04888772964478, "delta": 26.322168350219727}, "costs": {"total_cost": 1253.858087267124, "time_cost": 150, "final_distance_cost": 83.83102707591925, "oscillation_cost": 148.43530222392008, "completition_cost": 777.7777777777778, "overshoot_cost": 50.800147738001115, "power_cost": 25.377240930175784, "noise_cost": 17.636591521329922, "n_waypoints_completed": 2, "tot_waypoints": 9}}
{"target": -723.9959326776572, "params": {"k_pid_pos": [1.16823752802858, 0.64984660155482, 0.08444432113988909], "k_pid_alt": [0.8316148043412193, 0.04161417386189248, 0.49399081924451893], "k_pid_att": [32.98612123327853, 1.4453274362415824, 0.10340296772255164], "k_pid_yaw": [0.5, 1e-06, 0.1], "k_pid_hsp": [5.876486957319902, 0.1705929685368861, 0.9251201183767972], "k_pid_vsp": [232.42445588015798, 138.74792246706502, 236.36619700165122]}, "datetime": {"datetime": "2025-08-21 08:48:55", "elapsed": 251.84017133712769, "delta": 30.79128360748291}, "costs": {"total_cost": 723.9959326776572, "time_cost": 150, "final_distance_cost": 73.56244819481826, "oscillation_cost": 167.57389029154447, "completition_cost": 222.2222222222222, "overshoot_cost": 65.5059615453486, "power_cost": 26.754054626464846, "noise_cost": 18.37735579725885, "n_waypoints_completed": 7, "tot_waypoints": 9}}
{"target": -1088.046846105822, "params": {"k_pid_pos": [0.04570546167229203, 0.9585592132414453, 0.48230343694290023], "k_pid_alt": [1.5654704545005724, 0.08272999992243857, 0.48665833083816035], "k_pid_att": [49.07069943545209, 9.37827076710433, 0.5717280523760754], "k_pid_yaw": [0.5, 1e-06, 0.1], "k_pid_hsp": [4.734946661629432, 0.2669756630918936, 0.3315689973425522], "k_pid_vsp": [208.2689609886151, 175.5645846831072, 8.64483293052009]}, "datetime": {"datetime": "2025-08-21 08:49:22", "elapsed": 278.46421337127686, "delta": 26.62404203414917}, "costs": {"total_cost": 1088.046846105822, "time_cost": 150, "final_distance_cost": 56.07590544958401, "oscillation_cost": 129.54420507386098, "completition_cost": 666.6666666666667, "overshoot_cost": 49.43652664847212, "power_cost": 20.03453815917969, "noise_cost": 16.289004108058343, "n_waypoints_completed": 3, "tot_waypoints": 9}}
{"target": -1453.8529648163485, "params": {"k_pid_pos": [1.6526012191962962, 0.8961607718397667, 0.14024908899861077], "k_pid_alt": [1.1080722870780988, 0.10857574113544355, 0.6722400930398117], "k_pid_att": [28.123378383900832, 6.594260404655548, 0.7269946142868826], "k_pid_yaw": [0.5, 1e-06, 0.1], "k_pid_hsp": [7.686498054427378, 0.10774094595589656, 0.9160118451376079], "k_pid_vsp": [92.08559635795233, 14.965023433059354, 221.94098820174088]}, "datetime": {"datetime": "2025-08-21 08:49:50", "elapsed": 307.2877264022827, "delta": 28.82351303100586}, "costs": {"total_cost": 1453.8529648163485, "time_cost": 150, "final_distance_cost": 9.658160811541462, "oscillation_cost": 73.17843287040401, "completition_cost": 1000.0, "overshoot_cost": 136.1615203766716, "power_cost": 21.907338989257813, "noise_cost": 62.94751176847347, "n_waypoints_completed": 0, "tot_waypoints": 9}}
{"target": -1373.312733690877, "params": {"k_pid_pos": [0.7419074754964913, 0.8297897431324132, 0.8082514720643018], "k_pid_alt": [0.6342777856454307, 0.952899395069745, 0.2909178381401186], "k_pid_att": [51.50571292317145, 2.559725309166971, 0.9360435700489633], "k_pid_yaw": [0.5, 1e-06, 0.1], "k_pid_hsp": [1.6461617150384233, 0.04491061939232899, 0.43509706000303794], "k_pid_vsp": [396.9502256223348, 356.6709066102883, 299.4432080341717]}, "datetime": {"datetime": "2025-08-21 08:50:16", "elapsed": 332.8836498260498, "delta": 25.59592342376709}, "costs": {"total_cost": 1373.312733690877, "time_cost": 150, "final_distance_cost": 70.1358232845588, "oscillation_cost": 177.33747833662915, "completition_cost": 888.8888888888888, "overshoot_cost": 44.29202207877632, "power_cost": 25.10247889404297, "noise_cost": 17.55604220798097, "n_waypoints_completed": 1, "tot_waypoints": 9}}
{"target": -967.6469064084977, "params": {"k_pid_pos": [1.781595902507962, 0.8934466396978632, 0.5188583603864491], "k_pid_alt": [0.631858103661586, 0.772012432110988, 0.6616612631677611], "k_pid_att": [37.36577288737101, 0.9447572339483465, 0.746789611349026], "k_pid_yaw": [0.5, 1e-06, 0.1], "k_pid_hsp": [2.6246789131770547, 0.9368131505337792, 0.24097057500568475], "k_pid_vsp": [49.10317296459441, 332.4450690188498, 61.3137274965133]}, "datetime": {"datetime": "2025-08-21 08:50:44", "elapsed": 360.7552454471588, "delta": 27.87159562110901}, "costs": {"total_cost": 967.6469064084977, "time_cost": 150, "final_distance_cost": 39.09169783724636, "oscillation_cost": 128.9415898537054, "completition_cost": 555.5555555555555, "overshoot_cost": 51.13220627719225, "power_cost": 24.498404736328126, "noise_cost": 18.42745214847005, "n_waypoints_completed": 4, "tot_waypoints": 9}}
{"target": -1412.0817162024894, "params": {"k_pid_pos": [0.3586186894846624, 0.5993827915208435, 0.8745620408374645], "k_pid_alt": [0.3928693314291465, 0.31032367290009477, 0.7774048382411776], "k_pid_att": [97.18264260609673, 5.007461787904803, 0.14389750255125078], "k_pid_yaw": [0.5, 1e-06, 0.1], "k_pid_hsp": [0.1394614834532446, 0.22965602999885526, 0.13182221778652103], "k_pid_vsp": [271.06346944514297, 48.733002729579944, 202.53197314192326]}, "datetime": {"datetime": "2025-08-21 08:51:11", "elapsed": 388.12187695503235, "delta": 27.366631507873535}, "costs": {"total_cost": 1412.0817162024894, "time_cost": 150, "final_distance_cost": 103.74684574851976, "oscillation_cost": 279.5393759692132, "completition_cost": 777.7777777777778, "overshoot_cost": 63.40093558120029, "power_cost": 21.26335234375, "noise_cost": 16.35342878202813, "n_waypoints_completed": 2, "tot_waypoints": 9}}
{"target": -305.37246051317027, "params": {"k_pid_pos": [1.3885554450422086, 0.5811166092209024, 0.19977565166005762], "k_pid_alt": [1.6082490523645254, 0.7154071296158017, 0.7389840039155418], "k_pid_att": [13.105775155731326, 1.2376256611230811, 0.9275625510065076], "k_pid_yaw": [0.5, 1e-06, 0.1], "k_pid_hsp": [3.9758421804300244, 0.30094869178093975, 0.4885840453515333], "k_pid_vsp": [265.14568510543296, 382.2493028631647, 114.57849146637578]}, "datetime": {"datetime": "2025-08-21 08:51:36", "elapsed": 412.4567427635193, "delta": 24.33486580848694}, "costs": {"total_cost": 305.37246051317027, "time_cost": 91.52, "final_distance_cost": 1.7432425266734872, "oscillation_cost": 120.57360326530532, "completition_cost": 0.0, "overshoot_cost": 57.96508183056656, "power_cost": 19.236225927734377, "noise_cost": 14.334306962890508, "n_waypoints_completed": 9, "tot_waypoints": 9}}
{"target": -406.8214520590457, "params": {"k_pid_pos": [1.849624377781123, 0.024859491386256316, 0.5551980423268247], "k_pid_alt": [1.2679502233621702, 0.1058974037507533, 0.14033959706391264], "k_pid_att": [41.91143193163038, 9.662322498240602, 0.5960425532343728], "k_pid_yaw": [0.5, 1e-06, 0.1], "k_pid_hsp": [9.330238913679953, 0.8043609156129707, 0.4673816015552915], "k_pid_vsp": [313.90537970087496, 7.134714572958311, 43.657599597149975]}, "datetime": {"datetime": "2025-08-21 08:52:02", "elapsed": 438.4917130470276, "delta": 26.0349702835083}, "costs": {"total_cost": 406.8214520590457, "time_cost": 88.048, "final_distance_cost": 1.7359163705152598, "oscillation_cost": 232.2468932066676, "completition_cost": 0.0, "overshoot_cost": 52.42925790505205, "power_cost": 18.50707254638672, "noise_cost": 13.854312030424065, "n_waypoints_completed": 9, "tot_waypoints": 9}}
{"target": -1002.2243276383364, "params": {"k_pid_pos": [1.6588742869039843, 0.7968170883251617, 0.2326407419664337], "k_pid_alt": [1.061539181198107, 0.6060158207000109, 0.8677389537760112], "k_pid_att": [60.31071573387257, 4.125774435579876, 0.3741840434071827], "k_pid_yaw": [0.5, 1e-06, 0.1], "k_pid_hsp": [4.258878275526461, 0.6519310255799742, 0.8674906317523249], "k_pid_vsp": [181.5587528305199, 99.13582593270368, 94.6649459623701]}, "datetime": {"datetime": "2025-08-21 08:52:27", "elapsed": 464.2899374961853, "delta": 25.798224449157715}, "costs": {"total_cost": 1002.2243276383364, "time_cost": 150, "final_distance_cost": 42.21755418994301, "oscillation_cost": 155.09992488626867, "completition_cost": 555.5555555555555, "overshoot_cost": 58.30535195027375, "power_cost": 23.10679675292969, "noise_cost": 17.93914430336563, "n_waypoints_completed": 4, "tot_waypoints": 9}}
{"target": -998.8869565255777, "params": {"k_pid_pos": [1.4920539590588684, 0.8165687634239104, 0.10527807985412496], "k_pid_alt": [0.13311771391035632, 0.5944336637564518, 0.14617324419269828], "k_pid_att": [82.46641904563413, 3.1034157057733522, 0.14387193297114265], "k_pid_yaw": [0.5, 1e-06, 0.1], "k_pid_hsp": [9.209712627827253, 0.16553172273527816, 0.28472008233793555], "k_pid_vsp": [61.44535807682345, 46.19602635065192, 8.459207513427996]}, "datetime": {"datetime": "2025-08-21 08:53:00", "elapsed": 496.8797392845154, "delta": 32.58980178833008}, "costs": {"total_cost": 998.8869565255777, "time_cost": 150, "final_distance_cost": 51.590435015876, "oscillation_cost": 146.86486968244466, "completition_cost": 555.5555555555555, "overshoot_cost": 55.8325677052929, "power_cost": 20.434377587890626, "noise_cost": 18.609150978517924, "n_waypoints_completed": 4, "tot_waypoints": 9}}
{"target": -1720.2003840879904, "params": {"k_pid_pos": [0.1108852787876038, 0.1746414709358527, 0.05338193262717539], "k_pid_alt": [1.1822876322219424, 0.6807145267995064, 0.39363045683202824], "k_pid_att": [31.79910969520494, 5.045311917598599, 0.8750049422346086], "k_pid_yaw": [0.5, 1e-06, 0.1], "k_pid_hsp": [8.511331155059377, 0.04347506201279194, 0.18149840959652408], "k_pid_vsp": [94.6979484417584, 99.75503108349716, 228.49306112587644]}, "datetime": {"datetime": "2025-08-21 08:53:26", "elapsed": 523.1120557785034, "delta": 26.232316493988037}, "costs": {"total_cost": 1720.2003840879904, "time_cost": 150, "final_distance_cost": 146.60122422677176, "oscillation_cost": 183.91691919095058, "completition_cost": 1000.0, "overshoot_cost": 210.6718497046407, "power_cost": 15.696572473144531, "noise_cost": 13.313818492483145, "n_waypoints_completed": 0, "tot_waypoints": 9}}
{"target": -814.4199658617588, "params": {"k_pid_pos": [0.8325832251638142, 0.04925411992759399, 0.3736141384595716], "k_pid_alt": [1.0475058974352744, 0.10167190290371597, 0.8334585537885597], "k_pid_att": [5.196186646510426, 9.248426205993718, 0.0991131415798755], "k_pid_yaw": [0.5, 1e-06, 0.1], "k_pid_hsp": [8.435765158482369, 0.9026531439276171, 0.9795706805865927], "k_pid_vsp": [320.8103521094374, 311.79101652905405, 256.99331075573576]}, "datetime": {"datetime": "2025-08-21 08:53:54", "elapsed": 551.4395267963409, "delta": 28.327471017837524}, "costs": {"total_cost": 814.4199658617588, "time_cost": 150, "final_distance_cost": 65.1341535927397, "oscillation_cost": 285.08803804916784, "completition_cost": 222.2222222222222, "overshoot_cost": 51.725433429693865, "power_cost": 23.86254256591797, "noise_cost": 16.38757600201719, "n_waypoints_completed": 7, "tot_waypoints": 9}}
{"target": -1332.7871261511111, "params": {"k_pid_pos": [1.5580148095208002, 0.13455220841314708, 0.5360680359476373], "k_pid_alt": [1.028445740380829, 0.8575721441225576, 0.46279936559351587], "k_pid_att": [38.508949610035344, 6.395668756043977, 0.26646331750084606], "k_pid_yaw": [0.5, 1e-06, 0.1], "k_pid_hsp": [1.3977701326984733, 0.4778772740237458, 0.416889368594885], "k_pid_vsp": [93.02797621154949, 147.0047246785394, 146.5569805641065]}, "datetime": {"datetime": "2025-08-21 08:54:20", "elapsed": 576.9854383468628, "delta": 25.54591155052185}, "costs": {"total_cost": 1332.7871261511111, "time_cost": 150, "final_distance_cost": 84.48398129402399, "oscillation_cost": 234.7846122804861, "completition_cost": 777.7777777777778, "overshoot_cost": 41.951234439478796, "power_cost": 25.556830871582033, "noise_cost": 18.23268948776232, "n_waypoints_completed": 2, "tot_waypoints": 9}}
{"target": -947.207793467534, "params": {"k_pid_pos": [0.6550583792686496, 0.37946407972692897, 0.6857433454559454], "k_pid_alt": [0.5937529491425706, 0.9488579267153404, 0.9163480195381779], "k_pid_att": [48.09104283000786, 3.283679213926388, 0.5354347898300031], "k_pid_yaw": [0.5, 1e-06, 0.1], "k_pid_hsp": [8.485620031687368, 0.652587340560102, 0.8043918279470774], "k_pid_vsp": [213.08891042629608, 253.16705207413065, 115.26224638482907]}, "datetime": {"datetime": "2025-08-21 08:54:49", "elapsed": 606.3410732746124, "delta": 29.355634927749634}, "costs": {"total_cost": 947.207793467534, "time_cost": 150, "final_distance_cost": 66.86267298525553, "oscillation_cost": 297.114310556092, "completition_cost": 333.33333333333337, "overshoot_cost": 53.71341393258064, "power_cost": 26.412328454589844, "noise_cost": 19.7717342056825, "n_waypoints_completed": 6, "tot_waypoints": 9}}
{"target": -913.609722022648, "params": {"k_pid_pos": [1.4698128353043505, 0.20240459312571835, 0.6947981288184982], "k_pid_alt": [1.7214381366517881, 0.13210283730154393, 0.6143797405419198], "k_pid_att": [9.50957482299346, 7.257183711151441, 0.08449321882352023], "k_pid_yaw": [0.5, 1e-06, 0.1], "k_pid_hsp": [9.35940463302399, 0.13740793003780216, 0.9588802459090804], "k_pid_vsp": [320.3536704340387, 237.47280219285963, 313.04964206919465]}, "datetime": {"datetime": "2025-08-21 08:55:15", "elapsed": 631.8240990638733, "delta": 25.483025789260864}, "costs": {"total_cost": 913.609722022648, "time_cost": 150, "final_distance_cost": 62.985379768788434, "oscillation_cost": 276.70162253131923, "completition_cost": 333.33333333333337, "overshoot_cost": 59.628200681832624, "power_cost": 17.654649926757813, "noise_cost": 13.30653578061662, "n_waypoints_completed": 6, "tot_waypoints": 9}}
{"target": -780.7386521852277, "params": {"k_pid_pos": [1.5902501664822735, 0.9460270628173303, 0.2533833538391872], "k_pid_alt": [1.1801517907166184, 0.09504919756440122, 0.6161657000241213], "k_pid_att": [17.12913040927888, 5.649549619663271, 0.5724305140338497], "k_pid_yaw": [0.5, 1e-06, 0.1], "k_pid_hsp": [4.659904931296975, 0.5226317755131228, 0.7639233900065879], "k_pid_vsp": [319.69788660482664, 196.86128673801844, 239.83737700945147]}, "datetime": {"datetime": "2025-08-21 08:55:44", "elapsed": 660.6837236881256, "delta": 28.85962462425232}, "costs": {"total_cost": 780.7386521852277, "time_cost": 150, "final_distance_cost": 74.6346874385276, "oscillation_cost": 123.78534459953138, "completition_cost": 333.33333333333337, "overshoot_cost": 61.74242226245063, "power_cost": 21.656587829589846, "noise_cost": 15.586276721794812, "n_waypoints_completed": 6, "tot_waypoints": 9}}
{"target": -661.0617839790176, "params": {"k_pid_pos": [1.8624793477566346, 0.11973358850112281, 0.1171035659001105], "k_pid_alt": [0.17541802382153682, 0.6578632850405278, 0.4186083007903795], "k_pid_att": [77.43214161418433, 6.712347009944595, 0.33363775832823817], "k_pid_yaw": [0.5, 1e-06, 0.1], "k_pid_hsp": [8.983675636960621, 0.7625321470706523, 0.2705349409101757], "k_pid_vsp": [145.6768071088216, 125.77599276726518, 63.04466029238821]}, "datetime": {"datetime": "2025-08-21 08:56:10", "elapsed": 687.318466424942, "delta": 26.634742736816406}, "costs": {"total_cost": 661.0617839790176, "time_cost": 150, "final_distance_cost": 56.58346220822512, "oscillation_cost": 239.00567256580064, "completition_cost": 111.11111111111116, "overshoot_cost": 63.97271090854132, "power_cost": 23.489398828125, "noise_cost": 16.89942835721431, "n_waypoints_completed": 8, "tot_waypoints": 9}}
