{"target": -169.23883424782608, "params": {"k_pid_pos": [1.4964402497355884, 0.007269181782595106, 1.0], "k_pid_alt": [2.0, 0.0039050789343453057, 0.012292954845729653], "k_pid_att": [15.363638734129855, 0.16904479556457752, 0.27553922351553006], "k_pid_yaw": [0.5, 1e-06, 0.1], "k_pid_hsp": [0.13966782150592208, 0.013208888156548533, 0.0], "k_pid_vsp": [286.8499135639824, 325.47022425710844, 1.0893846360112072]}, "datetime": {"datetime": "2025-08-21 18:55:41", "elapsed": 36657.88978624344, "delta": 16.711745738983154}, "costs": {"total_cost": 169.23883424782608, "time_cost": 70.352, "final_distance_cost": 1.8524956814364573, "oscillation_cost": 26.407072482151165, "completition_cost": 0.0, "overshoot_cost": 49.980825403605735, "power_cost": 10.238996142578126, "noise_cost": 10.407444538054598, "n_waypoints_completed": 9, "tot_waypoints": 9}}
{"target": -169.5847814748381, "params": {"k_pid_pos": [1.9354059413151825, 0.008848217457033113, 1.0], "k_pid_alt": [2.0, 0.002528955924791685, 0.014711249326356814], "k_pid_att": [14.573244879218537, 0.14885797855868765, 0.31274898836351733], "k_pid_yaw": [0.5, 1e-06, 0.1], "k_pid_hsp": [0.13094920923569947, 0.01644827125571122, 0.0], "k_pid_vsp": [226.53761963650206, 243.694466728933, 0.9457710226748562]}, "datetime": {"datetime": "2025-08-21 18:55:58", "elapsed": 36675.24999332428, "delta": 17.360207080841064}, "costs": {"total_cost": 169.5847814748381, "time_cost": 69.06400000000001, "final_distance_cost": 1.8330551526279288, "oscillation_cost": 28.827581123824885, "completition_cost": 0.0, "overshoot_cost": 50.20409618853218, "power_cost": 9.713342211914062, "noise_cost": 9.942706797939014, "n_waypoints_completed": 9, "tot_waypoints": 9}}
{"target": -174.55601995791676, "params": {"k_pid_pos": [1.3975187201243688, 0.00886109721484881, 1.0], "k_pid_alt": [1.9484129179962881, 0.002920868783456152, 0.013965913210412483], "k_pid_att": [10.970642552003154, 0.16981755634990905, 0.3548269299997306], "k_pid_yaw": [0.5, 1e-06, 0.1], "k_pid_hsp": [0.17106738515560252, 0.0183436821188708, 0.0], "k_pid_vsp": [253.95824101366733, 318.96907140205195, 1.0258851590855098]}, "datetime": {"datetime": "2025-08-21 18:56:15", "elapsed": 36691.51272511482, "delta": 16.262731790542603}, "costs": {"total_cost": 174.55601995791676, "time_cost": 71.2, "final_distance_cost": 1.854318422278265, "oscillation_cost": 26.890968253549406, "completition_cost": 0.0, "overshoot_cost": 50.29263653214304, "power_cost": 12.523171093750001, "noise_cost": 11.794925656196058, "n_waypoints_completed": 9, "tot_waypoints": 9}}
{"target": -173.64216010134075, "params": {"k_pid_pos": [1.2950643330426581, 0.005463289877946937, 0.827299474904815], "k_pid_alt": [2.0, 0.002974418621154677, 0.015109326653073058], "k_pid_att": [13.333799058574868, 0.13319442862768208, 0.2984649795712678], "k_pid_yaw": [0.5, 1e-06, 0.1], "k_pid_hsp": [0.15506169715963766, 0.016317855276257134, 0.0], "k_pid_vsp": [305.73669977010616, 316.3712975496555, 1.1073137198569105]}, "datetime": {"datetime": "2025-08-21 18:56:33", "elapsed": 36709.632016181946, "delta": 18.119291067123413}, "costs": {"total_cost": 173.64216010134075, "time_cost": 70.88, "final_distance_cost": 1.8510835732310895, "oscillation_cost": 26.591112127093158, "completition_cost": 0.0, "overshoot_cost": 49.807778445352696, "power_cost": 12.600664660644531, "noise_cost": 11.911521295019266, "n_waypoints_completed": 9, "tot_waypoints": 9}}
{"target": -171.03279831334504, "params": {"k_pid_pos": [1.7706729410808482, 0.00844811957212191, 0.6848423869480772], "k_pid_alt": [1.8175657267816934, 0.0029550219632106154, 0.012230116791367826], "k_pid_att": [13.387391746959304, 0.2213510875175806, 0.3475675059595013], "k_pid_yaw": [0.5, 1e-06, 0.1], "k_pid_hsp": [0.15557430673032355, 0.020111798559683376, 0.0], "k_pid_vsp": [245.98888203057797, 247.04789668933572, 0.8406375734121915]}, "datetime": {"datetime": "2025-08-21 18:56:49", "elapsed": 36725.50104260445, "delta": 15.86902642250061}, "costs": {"total_cost": 171.03279831334504, "time_cost": 68.904, "final_distance_cost": 1.8348574713801338, "oscillation_cost": 29.877409846935226, "completition_cost": 0.0, "overshoot_cost": 49.76801985824899, "power_cost": 10.401178063964844, "noise_cost": 10.247333072815888, "n_waypoints_completed": 9, "tot_waypoints": 9}}
{"target": -177.84659816482608, "params": {"k_pid_pos": [1.4797256189135766, 0.0059045010829618634, 0.8191188483264263], "k_pid_alt": [1.7046179360930056, 0.00291455526975387, 0.013284374223888494], "k_pid_att": [10.63593912197019, 0.1607992482773312, 0.3438859792587358], "k_pid_yaw": [0.5, 1e-06, 0.1], "k_pid_hsp": [0.16707253453011417, 0.018989150867584487, 0.0], "k_pid_vsp": [307.0284126849819, 271.18763219617813, 0.9825494343545046]}, "datetime": {"datetime": "2025-08-21 18:57:06", "elapsed": 36743.16449213028, "delta": 17.66344952583313}, "costs": {"total_cost": 177.84659816482608, "time_cost": 70.4, "final_distance_cost": 1.8391117014474783, "oscillation_cost": 27.48410479975202, "completition_cost": 0.0, "overshoot_cost": 50.26499635632313, "power_cost": 14.940742004394531, "noise_cost": 12.917643302908912, "n_waypoints_completed": 9, "tot_waypoints": 9}}
{"target": -168.19790527163516, "params": {"k_pid_pos": [1.67265994953078, 0.00402322165585924, 0.991655297888197], "k_pid_alt": [1.4638696718641437, 0.0032918220451304257, 0.01285591778159891], "k_pid_att": [13.30601015212755, 0.15523815078483502, 0.3061491703392905], "k_pid_yaw": [0.5, 1e-06, 0.1], "k_pid_hsp": [0.14293024909267493, 0.017834879569989776, 0.0], "k_pid_vsp": [258.8130461331478, 314.95315467616825, 1.2617901067287243]}, "datetime": {"datetime": "2025-08-21 18:57:22", "elapsed": 36759.40451288223, "delta": 16.240020751953125}, "costs": {"total_cost": 168.19790527163516, "time_cost": 69.432, "final_distance_cost": 1.842552353925246, "oscillation_cost": 28.918636014494354, "completition_cost": 0.0, "overshoot_cost": 49.775950938059886, "power_cost": 8.689949157714844, "noise_cost": 9.538816807440842, "n_waypoints_completed": 9, "tot_waypoints": 9}}
{"target": -176.9256624836336, "params": {"k_pid_pos": [1.814348797947467, 0.006680574656885769, 1.0], "k_pid_alt": [1.6274833663010064, 0.0022511402911263426, 0.012076490031775263], "k_pid_att": [11.813815381533985, 0.14804410196301068, 0.30075509511295245], "k_pid_yaw": [0.5, 1e-06, 0.1], "k_pid_hsp": [0.14885047501506027, 0.019608741812319322, 0.0], "k_pid_vsp": [310.96726170122116, 308.7106648479412, 0.7857430831957374]}, "datetime": {"datetime": "2025-08-21 18:57:39", "elapsed": 36775.91519403458, "delta": 16.51068115234375}, "costs": {"total_cost": 176.9256624836336, "time_cost": 69.416, "final_distance_cost": 1.8404588966534232, "oscillation_cost": 29.458440675398922, "completition_cost": 0.0, "overshoot_cost": 50.27022021511159, "power_cost": 13.605190686035156, "noise_cost": 12.335352010434551, "n_waypoints_completed": 9, "tot_waypoints": 9}}
{"target": -190.4429776732418, "params": {"k_pid_pos": [1.8092784209096469, 0.005845657069331408, 0.9299117074549766], "k_pid_alt": [2.0, 0.0023992979006025677, 0.007416119185855247], "k_pid_att": [15.059965668521537, 0.19233345121380174, 0.23211560081943916], "k_pid_yaw": [0.5, 1e-06, 0.1], "k_pid_hsp": [0.11274388931705692, 0.015872932909958937, 0.0], "k_pid_vsp": [259.9373474673983, 286.5670311197635, 1.2429772054015873]}, "datetime": {"datetime": "2025-08-21 18:57:56", "elapsed": 36793.417120695114, "delta": 17.50192666053772}, "costs": {"total_cost": 190.4429776732418, "time_cost": 72.36, "final_distance_cost": 1.795047798605749, "oscillation_cost": 30.0589032759921, "completition_cost": 0.0, "overshoot_cost": 52.76076385929876, "power_cost": 18.768061279296877, "noise_cost": 14.7002014600483, "n_waypoints_completed": 9, "tot_waypoints": 9}}
{"target": -171.65992703502457, "params": {"k_pid_pos": [1.7853958886281613, 0.007561618762570669, 0.8877713646037009], "k_pid_alt": [1.4839976678083768, 0.003116253669536018, 0.012309998951729668], "k_pid_att": [10.784383488076147, 0.16831702782882776, 0.3292434714803769], "k_pid_yaw": [0.5, 1e-06, 0.1], "k_pid_hsp": [0.1618194048986282, 0.01668445276855446, 0.0], "k_pid_vsp": [262.3163666468145, 272.27455597318067, 1.043262067261986]}, "datetime": {"datetime": "2025-08-21 18:58:13", "elapsed": 36809.878611803055, "delta": 16.461491107940674}, "costs": {"total_cost": 171.65992703502457, "time_cost": 68.944, "final_distance_cost": 1.8319894590071968, "oscillation_cost": 29.61402692999696, "completition_cost": 0.0, "overshoot_cost": 49.68644190678277, "power_cost": 10.980524401855469, "noise_cost": 10.60294433738218, "n_waypoints_completed": 9, "tot_waypoints": 9}}
{"target": -173.46323559468752, "params": {"k_pid_pos": [1.3562418111225105, 0.006621568419615884, 0.9998261828120817], "k_pid_alt": [2.0, 0.003433274750115198, 0.009662312205522607], "k_pid_att": [12.85619725679207, 0.12840935524276706, 0.3636896095596133], "k_pid_yaw": [0.5, 1e-06, 0.1], "k_pid_hsp": [0.11678293344959807, 0.019509098599880207, 0.0], "k_pid_vsp": [275.34951801328185, 243.3323329609465, 0.9918606336972818]}, "datetime": {"datetime": "2025-08-21 18:58:31", "elapsed": 36827.58258628845, "delta": 17.70397448539734}, "costs": {"total_cost": 173.46323559468752, "time_cost": 71.416, "final_distance_cost": 1.855062453199086, "oscillation_cost": 26.483675436581507, "completition_cost": 0.0, "overshoot_cost": 50.289040074580555, "power_cost": 11.918764233398438, "noise_cost": 11.50069339692794, "n_waypoints_completed": 9, "tot_waypoints": 9}}
{"target": -175.40470618850452, "params": {"k_pid_pos": [2.0, 0.006338298710593343, 0.9061270382579663], "k_pid_alt": [2.0, 0.0026360278097800854, 0.010066779251858468], "k_pid_att": [13.29860885089622, 0.14819862608317716, 0.34662428112631244], "k_pid_yaw": [0.5, 1e-06, 0.1], "k_pid_hsp": [0.12075025090803589, 0.01827784614698773, 0.0], "k_pid_vsp": [296.0559009754741, 256.5810681494454, 1.2148211470407089]}, "datetime": {"datetime": "2025-08-21 18:58:46", "elapsed": 36843.32002615929, "delta": 15.73743987083435}, "costs": {"total_cost": 175.40470618850452, "time_cost": 69.72, "final_distance_cost": 1.8430982222982393, "oscillation_cost": 29.175603157630558, "completition_cost": 0.0, "overshoot_cost": 50.858812319039984, "power_cost": 12.384208422851563, "noise_cost": 11.42298406668416, "n_waypoints_completed": 9, "tot_waypoints": 9}}
{"target": -171.30199659353661, "params": {"k_pid_pos": [2.0, 0.006308720740591033, 1.0], "k_pid_alt": [1.9094074591735082, 0.002543321289896346, 0.009407690586969957], "k_pid_att": [13.595040137795941, 0.14490435431157966, 0.33689248435697694], "k_pid_yaw": [0.5, 1e-06, 0.1], "k_pid_hsp": [0.10320811656405034, 0.01902707606468337, 0.0], "k_pid_vsp": [211.4243844072005, 305.08024992014094, 1.2705874660789507]}, "datetime": {"datetime": "2025-08-21 18:59:04", "elapsed": 36860.70549964905, "delta": 17.385473489761353}, "costs": {"total_cost": 171.30199659353661, "time_cost": 68.768, "final_distance_cost": 1.8227060593414348, "oscillation_cost": 30.151496161955105, "completition_cost": 0.0, "overshoot_cost": 49.936683273897486, "power_cost": 10.377323706054687, "noise_cost": 10.245787392287909, "n_waypoints_completed": 9, "tot_waypoints": 9}}
{"target": -170.08719603564833, "params": {"k_pid_pos": [1.2587376126802123, 0.009546701304528057, 0.8865989403698714], "k_pid_alt": [1.9289650223565076, 0.0022159880856159196, 0.014224699834705527], "k_pid_att": [14.092338638742703, 0.1820236422468167, 0.32998384401220093], "k_pid_yaw": [0.5, 1e-06, 0.1], "k_pid_hsp": [0.15215321933713485, 0.015698534017582786, 0.0], "k_pid_vsp": [288.0596376208985, 239.584266723612, 0.8911678248567497]}, "datetime": {"datetime": "2025-08-21 18:59:21", "elapsed": 36878.057374715805, "delta": 17.351875066757202}, "costs": {"total_cost": 170.08719603564833, "time_cost": 71.44, "final_distance_cost": 1.8484529562793348, "oscillation_cost": 26.186183275946227, "completition_cost": 0.0, "overshoot_cost": 49.8849774195942, "power_cost": 10.074969580078125, "noise_cost": 10.652612803750468, "n_waypoints_completed": 9, "tot_waypoints": 9}}
{"target": -170.96271571269287, "params": {"k_pid_pos": [1.5521389214746772, 0.008176579860091503, 0.8931913049993535], "k_pid_alt": [2.0, 0.0026214742066249792, 0.010482534901402378], "k_pid_att": [10.901918335062893, 0.16017163850255123, 0.3096786765401835], "k_pid_yaw": [0.5, 1e-06, 0.1], "k_pid_hsp": [0.17647068319412132, 0.01620184977058215, 0.0], "k_pid_vsp": [359.8537943298134, 221.49169613227397, 1.0836898756459359]}, "datetime": {"datetime": "2025-08-21 18:59:39", "elapsed": 36895.811516046524, "delta": 17.754141330718994}, "costs": {"total_cost": 170.96271571269287, "time_cost": 70.08800000000001, "final_distance_cost": 1.8455751541859218, "oscillation_cost": 27.390642708457083, "completition_cost": 0.0, "overshoot_cost": 50.12724093609469, "power_cost": 10.805193432617187, "noise_cost": 10.706063481337981, "n_waypoints_completed": 9, "tot_waypoints": 9}}
{"target": -170.97477991101974, "params": {"k_pid_pos": [1.9067304109056178, 0.007246708274598217, 0.87455531417984], "k_pid_alt": [2.0, 0.0031680760445613487, 0.01488001371446721], "k_pid_att": [13.197210678039339, 0.1837315355248744, 0.32947488731751295], "k_pid_yaw": [0.5, 1e-06, 0.1], "k_pid_hsp": [0.15377099813786424, 0.018293074425949355, 0.0], "k_pid_vsp": [289.55150207807907, 176.28192017753554, 0.8458443014522126]}, "datetime": {"datetime": "2025-08-21 18:59:57", "elapsed": 36913.51292347908, "delta": 17.701407432556152}, "costs": {"total_cost": 170.97477991101974, "time_cost": 69.352, "final_distance_cost": 1.8294252390996701, "oscillation_cost": 28.971785601210883, "completition_cost": 0.0, "overshoot_cost": 50.59933488261519, "power_cost": 10.103318664550782, "noise_cost": 10.118915523543219, "n_waypoints_completed": 9, "tot_waypoints": 9}}
{"target": -175.87635956229093, "params": {"k_pid_pos": [1.3564316314174514, 0.009778557048626407, 1.0], "k_pid_alt": [2.0, 0.0029238291928763414, 0.011650931246520635], "k_pid_att": [13.476904226345516, 0.16345123954586485, 0.31981327460036396], "k_pid_yaw": [0.5, 1e-06, 0.1], "k_pid_hsp": [0.1723711603152198, 0.01465042693602049, 0.0], "k_pid_vsp": [258.58233763032064, 325.46506176278456, 0.980767703112472]}, "datetime": {"datetime": "2025-08-21 19:00:14", "elapsed": 36931.317898988724, "delta": 17.804975509643555}, "costs": {"total_cost": 175.87635956229093, "time_cost": 71.552, "final_distance_cost": 1.8504686028011852, "oscillation_cost": 26.78020800241795, "completition_cost": 0.0, "overshoot_cost": 50.29171858712032, "power_cost": 13.162852929687501, "noise_cost": 12.23911144026396, "n_waypoints_completed": 9, "tot_waypoints": 9}}
{"target": -182.9978797980678, "params": {"k_pid_pos": [1.5927357573949437, 0.0075477021515502505, 0.9278318598931826], "k_pid_alt": [1.908030611287967, 0.003135490590162064, 0.014949436085240743], "k_pid_att": [12.27689494261618, 0.18173353997008523, 0.3716872561175879], "k_pid_yaw": [0.5, 1e-06, 0.1], "k_pid_hsp": [0.13671100485405294, 0.018165071054026188, 0.0], "k_pid_vsp": [284.79503512199807, 244.78369529039864, 0.823399172055713]}, "datetime": {"datetime": "2025-08-21 19:00:31", "elapsed": 36947.85611820221, "delta": 16.538219213485718}, "costs": {"total_cost": 182.9978797980678, "time_cost": 70.896, "final_distance_cost": 1.8441094209942959, "oscillation_cost": 28.60689672935507, "completition_cost": 0.0, "overshoot_cost": 51.16630381822539, "power_cost": 16.63931784667969, "noise_cost": 13.845251982813362, "n_waypoints_completed": 9, "tot_waypoints": 9}}
{"target": -175.11867859314057, "params": {"k_pid_pos": [2.0, 0.007934736170229563, 1.0], "k_pid_alt": [1.883247316806705, 0.002376552908972276, 0.011574254521982687], "k_pid_att": [10.68562697944882, 0.16577006957918836, 0.3002316878550061], "k_pid_yaw": [0.5, 1e-06, 0.1], "k_pid_hsp": [0.17781156006113494, 0.017182829518948985, 0.0], "k_pid_vsp": [243.19435540042608, 243.1018561581761, 0.9567690916677961]}, "datetime": {"datetime": "2025-08-21 19:00:47", "elapsed": 36964.07833480835, "delta": 16.222216606140137}, "costs": {"total_cost": 175.11867859314057, "time_cost": 69.296, "final_distance_cost": 1.8344349579292487, "oscillation_cost": 29.283938802940487, "completition_cost": 0.0, "overshoot_cost": 49.757756639784375, "power_cost": 13.059941418457031, "noise_cost": 11.88660677402942, "n_waypoints_completed": 9, "tot_waypoints": 9}}
{"target": -172.44140265665436, "params": {"k_pid_pos": [1.4879858327245727, 0.006740042697362662, 0.9238790145053334], "k_pid_alt": [2.0, 0.003240272150482065, 0.01321929740379967], "k_pid_att": [13.416660904785717, 0.18073758131536674, 0.29330581823597995], "k_pid_yaw": [0.5, 1e-06, 0.1], "k_pid_hsp": [0.1396205470459387, 0.018449182904350086, 0.0], "k_pid_vsp": [229.79773062995005, 276.623583245529, 1.1222426377145147]}, "datetime": {"datetime": "2025-08-21 19:01:04", "elapsed": 36981.39456033707, "delta": 17.31622552871704}, "costs": {"total_cost": 172.44140265665436, "time_cost": 70.312, "final_distance_cost": 1.841076887828703, "oscillation_cost": 27.084572996350623, "completition_cost": 0.0, "overshoot_cost": 50.02492046755949, "power_cost": 11.718596655273439, "noise_cost": 11.46023564964211, "n_waypoints_completed": 9, "tot_waypoints": 9}}
{"target": -204.24910152347667, "params": {"k_pid_pos": [1.4819647699272782, 0.005987264628309182, 0.6356732666214384], "k_pid_alt": [2.0, 0.0030152112824075213, 0.014520037097416066], "k_pid_att": [8.805996323933728, 0.20531141263775476, 0.2698997670350913], "k_pid_yaw": [0.5, 1e-06, 0.1], "k_pid_hsp": [0.17347424163282385, 0.017793082753300393, 0.0], "k_pid_vsp": [331.08085346541276, 315.73782016163517, 1.1669607561031898]}, "datetime": {"datetime": "2025-08-21 19:01:23", "elapsed": 36999.67539739609, "delta": 18.280837059020996}, "costs": {"total_cost": 204.24910152347667, "time_cost": 77.864, "final_distance_cost": 1.7980038995034409, "oscillation_cost": 30.82920071626006, "completition_cost": 0.0, "overshoot_cost": 56.171516423040785, "power_cost": 21.21887041015625, "noise_cost": 16.367510074516108, "n_waypoints_completed": 9, "tot_waypoints": 9}}
{"target": -174.43980771742707, "params": {"k_pid_pos": [1.8489907029960022, 0.004179123481580462, 0.7293787824183332], "k_pid_alt": [2.0, 0.0033923978360473213, 0.012961190205875342], "k_pid_att": [13.277644552893156, 0.10794252524703567, 0.3045336493893625], "k_pid_yaw": [0.5, 1e-06, 0.1], "k_pid_hsp": [0.1352725079955732, 0.01502233737302875, 0.0], "k_pid_vsp": [281.5534631859499, 246.86574088917823, 0.9356337144621892]}, "datetime": {"datetime": "2025-08-21 19:01:41", "elapsed": 37018.290959358215, "delta": 18.615561962127686}, "costs": {"total_cost": 174.43980771742707, "time_cost": 69.32000000000001, "final_distance_cost": 1.8227840028658207, "oscillation_cost": 29.34384990153364, "completition_cost": 0.0, "overshoot_cost": 50.57276413249139, "power_cost": 12.165639855957032, "noise_cost": 11.214769824579164, "n_waypoints_completed": 9, "tot_waypoints": 9}}
{"target": -166.3539075320716, "params": {"k_pid_pos": [1.6770293038003674, 0.009196883919960248, 0.9906310558261192], "k_pid_alt": [1.857197263826267, 0.0025110483703630225, 0.014410994536787671], "k_pid_att": [11.736273029026036, 0.17333037298964316, 0.2851143549074546], "k_pid_yaw": [0.5, 1e-06, 0.1], "k_pid_hsp": [0.17778762119190647, 0.017631383916659887, 0.0], "k_pid_vsp": [270.80859995592044, 329.950599466048, 1.1755915685616094]}, "datetime": {"datetime": "2025-08-21 19:01:57", "elapsed": 37034.03570961952, "delta": 15.744750261306763}, "costs": {"total_cost": 166.3539075320716, "time_cost": 69.272, "final_distance_cost": 1.8428541410573165, "oscillation_cost": 28.81929071138075, "completition_cost": 0.0, "overshoot_cost": 49.71572341377518, "power_cost": 7.765999047851563, "noise_cost": 8.93804021800678, "n_waypoints_completed": 9, "tot_waypoints": 9}}
{"target": -172.19882203428466, "params": {"k_pid_pos": [1.1322879476074632, 0.008645707189695666, 0.8505595750627658], "k_pid_alt": [1.713182860471979, 0.002416706528613722, 0.01381012154573876], "k_pid_att": [14.215918890489547, 0.18252945644360308, 0.36886280926993686], "k_pid_yaw": [0.5, 1e-06, 0.1], "k_pid_hsp": [0.12498587506620133, 0.01883244337815155, 0.0], "k_pid_vsp": [307.86374958379537, 232.31602426230754, 1.055342669539889]}, "datetime": {"datetime": "2025-08-21 19:02:15", "elapsed": 37052.082496881485, "delta": 18.04678726196289}, "costs": {"total_cost": 172.19882203428466, "time_cost": 73.288, "final_distance_cost": 1.8514507920909549, "oscillation_cost": 26.759140767076033, "completition_cost": 0.0, "overshoot_cost": 49.90054354029068, "power_cost": 9.694936181640626, "noise_cost": 10.704750753186364, "n_waypoints_completed": 9, "tot_waypoints": 9}}
{"target": -185.69708991790912, "params": {"k_pid_pos": [1.3825404719075483, 0.006945818874179004, 1.0], "k_pid_alt": [2.0, 0.002868939784673226, 0.012358804612772223], "k_pid_att": [13.174746134921753, 0.18503095998516994, 0.3427917718653488], "k_pid_yaw": [0.5, 1e-06, 0.1], "k_pid_hsp": [0.15276664658546132, 0.023028654634464813, 0.0], "k_pid_vsp": [222.59367981137495, 226.24945855200681, 1.4442328310759767]}, "datetime": {"datetime": "2025-08-21 19:02:33", "elapsed": 37069.603011369705, "delta": 17.520514488220215}, "costs": {"total_cost": 185.69708991790912, "time_cost": 72.584, "final_distance_cost": 1.8526668073590342, "oscillation_cost": 27.73116479517968, "completition_cost": 0.0, "overshoot_cost": 51.0652149106769, "power_cost": 17.702396582031252, "noise_cost": 14.761646822662277, "n_waypoints_completed": 9, "tot_waypoints": 9}}
