{"target": -172.37158294921664, "params": {"k_pid_pos": [2.0, 0.0208542197977326, 0.8702811729660039], "k_pid_alt": [1.4614960081061126, 0.004565555163153293, 0.010635514067350832], "k_pid_att": [12.2247782756367, 0.17144872429283398, 0.2034072343844812], "k_pid_yaw": [0.5, 1e-06, 0.1], "k_pid_hsp": [0.18335627508129884, 0.023692658921037908, 0.0], "k_pid_vsp": [227.14373527411726, 285.1033192479321, 1.7739619149540695]}, "datetime": {"datetime": "2025-08-21 16:13:57", "elapsed": 26954.125989675522, "delta": 15.558119058609009}, "costs": {"total_cost": 172.37158294921664, "time_cost": 68.528, "final_distance_cost": 1.8338192803947817, "oscillation_cost": 30.76816809287548, "completition_cost": 0.0, "overshoot_cost": 49.71833724048796, "power_cost": 11.008980761718751, "noise_cost": 10.514277573739669, "n_waypoints_completed": 9, "tot_waypoints": 9}}
{"target": -174.025483717589, "params": {"k_pid_pos": [1.6792399088193495, 0.016761362380009224, 0.8085536535979293], "k_pid_alt": [1.5073541040621492, 0.003097064961337546, 0.012903370774704286], "k_pid_att": [15.973176249261558, 0.15950094425787356, 0.2953054206007473], "k_pid_yaw": [0.5, 1e-06, 0.1], "k_pid_hsp": [0.1364645746204695, 0.019251116773352013, 0.0], "k_pid_vsp": [347.31287561327963, 384.42722036806305, 0.7419777612836267]}, "datetime": {"datetime": "2025-08-21 16:14:14", "elapsed": 26971.105449914932, "delta": 16.9794602394104}, "costs": {"total_cost": 174.025483717589, "time_cost": 69.28, "final_distance_cost": 1.8350851676754993, "oscillation_cost": 28.884304891464783, "completition_cost": 0.0, "overshoot_cost": 50.10970501704819, "power_cost": 12.475104553222657, "noise_cost": 11.441284088177857, "n_waypoints_completed": 9, "tot_waypoints": 9}}
{"target": -171.9188815009289, "params": {"k_pid_pos": [1.6604690316743411, 0.0224535830035972, 1.0], "k_pid_alt": [1.4289720997960773, 0.003737328705914452, 0.009410561843309033], "k_pid_att": [7.448925725667803, 0.14177451718259276, 0.3640997023774049], "k_pid_yaw": [0.5, 1e-06, 0.1], "k_pid_hsp": [0.09264092807587987, 0.016790386021325335, 0.0], "k_pid_vsp": [215.4336589854299, 288.9338809617807, 1.2630890710045575]}, "datetime": {"datetime": "2025-08-21 16:14:30", "elapsed": 26987.13218665123, "delta": 16.026736736297607}, "costs": {"total_cost": 171.9188815009289, "time_cost": 69.664, "final_distance_cost": 1.8262512467702485, "oscillation_cost": 29.021831916236, "completition_cost": 0.0, "overshoot_cost": 50.197973148012146, "power_cost": 10.727234899902344, "noise_cost": 10.481590290008146, "n_waypoints_completed": 9, "tot_waypoints": 9}}
{"target": -168.86675830228302, "params": {"k_pid_pos": [1.8610611107592725, 0.006570983605304258, 0.7482837267392185], "k_pid_alt": [1.6130740464892221, 0.002631263094193361, 0.009799961225959655], "k_pid_att": [14.891668054639979, 0.21284836678987396, 0.24885817267700505], "k_pid_yaw": [0.5, 1e-06, 0.1], "k_pid_hsp": [0.25917894527662627, 0.019977511397090593, 0.0], "k_pid_vsp": [225.20955707475403, 358.6706014144429, 1.00746505590758]}, "datetime": {"datetime": "2025-08-21 16:14:47", "elapsed": 27003.927077054977, "delta": 16.79489040374756}, "costs": {"total_cost": 168.86675830228302, "time_cost": 68.432, "final_distance_cost": 1.8331169069010789, "oscillation_cost": 30.89296023041646, "completition_cost": 0.0, "overshoot_cost": 49.56214479030131, "power_cost": 8.848128466796876, "noise_cost": 9.298407907867269, "n_waypoints_completed": 9, "tot_waypoints": 9}}
{"target": -184.3425768148798, "params": {"k_pid_pos": [1.67819504423137, 0.016210885337055954, 0.7572239657675399], "k_pid_alt": [1.0660554490486742, 0.0036752780578133484, 0.009066401202248038], "k_pid_att": [11.285808403443376, 0.14357163636363948, 0.3056018200742019], "k_pid_yaw": [0.5, 1e-06, 0.1], "k_pid_hsp": [0.15913390882391265, 0.024322727873204244, 0.0], "k_pid_vsp": [248.26529069065882, 244.32059214832304, 1.2630052306113775]}, "datetime": {"datetime": "2025-08-21 16:15:04", "elapsed": 27021.16804742813, "delta": 17.240970373153687}, "costs": {"total_cost": 184.3425768148798, "time_cost": 71.648, "final_distance_cost": 1.8449909195291803, "oscillation_cost": 29.11185416107885, "completition_cost": 0.0, "overshoot_cost": 51.78890803621422, "power_cost": 16.378693090820313, "noise_cost": 13.570130607237237, "n_waypoints_completed": 9, "tot_waypoints": 9}}
{"target": -178.78978246229178, "params": {"k_pid_pos": [1.6569219904852404, 0.017164256218679157, 0.6849066067797667], "k_pid_alt": [1.3142342584479498, 0.0038416792616204217, 0.013181233089725115], "k_pid_att": [10.286275279426059, 0.1260194253258509, 0.12861754551765422], "k_pid_yaw": [0.5, 1e-06, 0.1], "k_pid_hsp": [0.09575758854080178, 0.01958045701302853, 0.0], "k_pid_vsp": [307.93460200506524, 209.62146345593828, 1.4809786722662093]}, "datetime": {"datetime": "2025-08-21 16:15:20", "elapsed": 27036.882661104202, "delta": 15.714613676071167}, "costs": {"total_cost": 178.78978246229178, "time_cost": 69.83200000000001, "final_distance_cost": 1.8023114350808838, "oscillation_cost": 29.98779239076532, "completition_cost": 0.0, "overshoot_cost": 50.789424635214495, "power_cost": 14.171084143066407, "noise_cost": 12.207169858164686, "n_waypoints_completed": 9, "tot_waypoints": 9}}
{"target": -175.73633690161813, "params": {"k_pid_pos": [1.8385053682852295, 0.029073766705886645, 0.6473862333218671], "k_pid_alt": [2.0, 0.0034028915237417356, 0.011029972287819203], "k_pid_att": [11.271919211933332, 0.1911389114324754, 0.3366209532186602], "k_pid_yaw": [0.5, 1e-06, 0.1], "k_pid_hsp": [0.1798541043192897, 0.017337987134899535, 0.0], "k_pid_vsp": [190.914946044409, 312.98453873057116, 1.39078749927362]}, "datetime": {"datetime": "2025-08-21 16:15:37", "elapsed": 27053.881215810776, "delta": 16.998554706573486}, "costs": {"total_cost": 175.73633690161813, "time_cost": 69.44800000000001, "final_distance_cost": 1.828508926505173, "oscillation_cost": 29.6545588619642, "completition_cost": 0.0, "overshoot_cost": 49.83292815472302, "power_cost": 13.329513342285157, "noise_cost": 11.64282761614056, "n_waypoints_completed": 9, "tot_waypoints": 9}}
{"target": -170.10996247760892, "params": {"k_pid_pos": [1.7307431771039816, 0.017564972434073782, 0.935221643646995], "k_pid_alt": [1.6858056154636845, 0.003373611691443077, 0.01191915829207983], "k_pid_att": [11.097178144872869, 0.14986091189971731, 0.20222062608874677], "k_pid_yaw": [0.5, 1e-06, 0.1], "k_pid_hsp": [0.15328763750962918, 0.021632323169935918, 0.0], "k_pid_vsp": [233.5439976197408, 322.82139950611054, 0.43676037674161744]}, "datetime": {"datetime": "2025-08-21 16:15:53", "elapsed": 27069.49552321434, "delta": 15.614307403564453}, "costs": {"total_cost": 170.10996247760892, "time_cost": 68.856, "final_distance_cost": 1.8491506624556806, "oscillation_cost": 29.769175595130253, "completition_cost": 0.0, "overshoot_cost": 49.50867253420575, "power_cost": 10.128973950195313, "noise_cost": 9.997989735621932, "n_waypoints_completed": 9, "tot_waypoints": 9}}
{"target": -174.35307049139675, "params": {"k_pid_pos": [2.0, 0.004137374736432547, 0.886285752312471], "k_pid_alt": [1.806580194585447, 0.003184565052353383, 0.012114473833544408], "k_pid_att": [13.68632295292498, 0.10835240083734264, 0.3248208282198877], "k_pid_yaw": [0.5, 1e-06, 0.1], "k_pid_hsp": [0.1741948651794116, 0.019953509681313843, 0.0], "k_pid_vsp": [240.413638817521, 259.7483648328679, 1.1722434662278636]}, "datetime": {"datetime": "2025-08-21 16:16:10", "elapsed": 27086.8610765934, "delta": 17.365553379058838}, "costs": {"total_cost": 174.35307049139675, "time_cost": 69.32000000000001, "final_distance_cost": 1.8365699792724794, "oscillation_cost": 29.32924364220822, "completition_cost": 0.0, "overshoot_cost": 50.361005668685024, "power_cost": 12.285210266113282, "noise_cost": 11.221040935117736, "n_waypoints_completed": 9, "tot_waypoints": 9}}
{"target": -176.90906239989158, "params": {"k_pid_pos": [1.8000946560322237, 0.02160898035367804, 1.0], "k_pid_alt": [1.3773777624126706, 0.003961828029451408, 0.009918134574387305], "k_pid_att": [14.49003971791367, 0.14203401528727574, 0.30833706448238013], "k_pid_yaw": [0.5, 1e-06, 0.1], "k_pid_hsp": [0.1623427951233762, 0.027817807661376523, 0.0], "k_pid_vsp": [239.72743631631656, 354.73733073752436, 1.5134684578547937]}, "datetime": {"datetime": "2025-08-21 16:16:26", "elapsed": 27103.207381248474, "delta": 16.346304655075073}, "costs": {"total_cost": 176.90906239989158, "time_cost": 69.376, "final_distance_cost": 1.848173996735507, "oscillation_cost": 29.831979916586594, "completition_cost": 0.0, "overshoot_cost": 49.941527346324754, "power_cost": 13.501823974609376, "noise_cost": 12.40955716563532, "n_waypoints_completed": 9, "tot_waypoints": 9}}
{"target": -172.86070305239414, "params": {"k_pid_pos": [1.6980218113852275, 0.022784822302012998, 0.5216769121174843], "k_pid_alt": [1.3304368127807553, 0.003759859400661418, 0.01653944002122816], "k_pid_att": [14.312528912162527, 0.14231716120483673, 0.336762228106469], "k_pid_yaw": [0.5, 1e-06, 0.1], "k_pid_hsp": [0.1543895800575705, 0.03039397366066621, 0.0], "k_pid_vsp": [198.41771425727563, 243.71313880708547, 0.8595382381231459]}, "datetime": {"datetime": "2025-08-21 16:16:43", "elapsed": 27119.666011810303, "delta": 16.458630561828613}, "costs": {"total_cost": 172.86070305239414, "time_cost": 68.632, "final_distance_cost": 1.8078573571103616, "oscillation_cost": 31.661142618020964, "completition_cost": 0.0, "overshoot_cost": 49.565718375380634, "power_cost": 10.897833959960938, "noise_cost": 10.296150741921247, "n_waypoints_completed": 9, "tot_waypoints": 9}}
{"target": -179.8839056601064, "params": {"k_pid_pos": [1.1126035506504246, 0.019198333334666872, 0.7587332547880834], "k_pid_alt": [1.566707876640691, 0.0028678317830168275, 0.009467692415955348], "k_pid_att": [16.39370350156966, 0.16560725081552, 0.3261961691420143], "k_pid_yaw": [0.5, 1e-06, 0.1], "k_pid_hsp": [0.12551642359578394, 0.029922019118556683, 0.0], "k_pid_vsp": [208.0081194942912, 270.60110776383544, 1.7091601099678897]}, "datetime": {"datetime": "2025-08-21 16:17:00", "elapsed": 27137.143264770508, "delta": 17.477252960205078}, "costs": {"total_cost": 179.8839056601064, "time_cost": 72.592, "final_distance_cost": 1.8589321853158514, "oscillation_cost": 28.13691075478433, "completition_cost": 0.0, "overshoot_cost": 50.239968108031064, "power_cost": 14.066677636718751, "noise_cost": 12.989416975256391, "n_waypoints_completed": 9, "tot_waypoints": 9}}
{"target": -177.1538475472488, "params": {"k_pid_pos": [1.8421839084301996, 0.017859793917851013, 0.9169606153644666], "k_pid_alt": [1.4358747075840477, 0.00307770543499074, 0.00951119576429648], "k_pid_att": [13.3858848174431, 0.1961541159342209, 0.271365575560808], "k_pid_yaw": [0.5, 1e-06, 0.1], "k_pid_hsp": [0.19560167130416692, 0.019596043265338203, 0.0], "k_pid_vsp": [163.36364718411744, 334.54610962468513, 1.5490021194967423]}, "datetime": {"datetime": "2025-08-21 16:17:16", "elapsed": 27152.565770626068, "delta": 15.422505855560303}, "costs": {"total_cost": 177.1538475472488, "time_cost": 69.08, "final_distance_cost": 1.8355485760247576, "oscillation_cost": 30.30974374643724, "completition_cost": 0.0, "overshoot_cost": 49.89727125179757, "power_cost": 13.857669140625001, "noise_cost": 12.173614832364224, "n_waypoints_completed": 9, "tot_waypoints": 9}}
{"target": -180.9373066190804, "params": {"k_pid_pos": [1.8560639588573593, 0.019707243743389995, 0.7836409118544734], "k_pid_alt": [1.4001545249477703, 0.004107119665793337, 0.011298786570218863], "k_pid_att": [11.900467150846504, 0.17453925914272095, 0.3038634293164136], "k_pid_yaw": [0.5, 1e-06, 0.1], "k_pid_hsp": [0.22211420165109894, 0.019295395685075656, 0.0], "k_pid_vsp": [206.73313269956142, 335.3936418178113, 1.3391656001462329]}, "datetime": {"datetime": "2025-08-21 16:17:33", "elapsed": 27169.480353832245, "delta": 16.914583206176758}, "costs": {"total_cost": 180.9373066190804, "time_cost": 69.64, "final_distance_cost": 1.8359447283864418, "oscillation_cost": 30.28045915454151, "completition_cost": 0.0, "overshoot_cost": 50.01978044833685, "power_cost": 15.923293115234376, "noise_cost": 13.237829172581227, "n_waypoints_completed": 9, "tot_waypoints": 9}}
{"target": -180.77459515513766, "params": {"k_pid_pos": [1.7353737761973143, 0.02339256411795317, 0.5202736685766679], "k_pid_alt": [1.56107752525111, 0.00359391366856932, 0.009796174805042983], "k_pid_att": [18.031042374678126, 0.1736287268058506, 0.14810389052076897], "k_pid_yaw": [0.5, 1e-06, 0.1], "k_pid_hsp": [0.20038803730436483, 0.02072199774730355, 0.0], "k_pid_vsp": [149.54278533690353, 379.5206156441925, 1.1880269361126772]}, "datetime": {"datetime": "2025-08-21 16:17:49", "elapsed": 27185.522285938263, "delta": 16.041932106018066}, "costs": {"total_cost": 180.77459515513766, "time_cost": 69.096, "final_distance_cost": 1.8189804595406327, "oscillation_cost": 31.42876699855024, "completition_cost": 0.0, "overshoot_cost": 50.464370513028136, "power_cost": 15.346857006835938, "noise_cost": 12.619620177182714, "n_waypoints_completed": 9, "tot_waypoints": 9}}
{"target": -169.4676453417035, "params": {"k_pid_pos": [1.7532188211680173, 0.018606264494472186, 1.0], "k_pid_alt": [1.7606616452744783, 0.004541495778205555, 0.008822509487111082], "k_pid_att": [13.535435419691991, 0.22101383745798633, 0.29593766204440414], "k_pid_yaw": [0.5, 1e-06, 0.1], "k_pid_hsp": [0.19523387620689073, 0.025251712783691222, 0.0], "k_pid_vsp": [234.82596232591948, 313.07445661425805, 1.7439173951882438]}, "datetime": {"datetime": "2025-08-21 16:18:06", "elapsed": 27202.874177455902, "delta": 17.35189151763916}, "costs": {"total_cost": 169.4676453417035, "time_cost": 68.944, "final_distance_cost": 1.8452334553894223, "oscillation_cost": 29.162954314912568, "completition_cost": 0.0, "overshoot_cost": 49.76656596544539, "power_cost": 9.869156213378906, "noise_cost": 9.879735392577196, "n_waypoints_completed": 9, "tot_waypoints": 9}}
{"target": -175.5023805964524, "params": {"k_pid_pos": [1.2567813503498468, 0.02083680087409955, 0.7713925254189764], "k_pid_alt": [1.2555862449745336, 0.003648367907175656, 0.009076735927347557], "k_pid_att": [15.19625808713315, 0.1353169142560613, 0.3303362875979134], "k_pid_yaw": [0.5, 1e-06, 0.1], "k_pid_hsp": [0.13390139839820822, 0.015142369733378583, 0.0], "k_pid_vsp": [297.1053618068499, 269.9826888807766, 1.03389761829608]}, "datetime": {"datetime": "2025-08-21 16:18:23", "elapsed": 27219.794374465942, "delta": 16.920197010040283}, "costs": {"total_cost": 175.5023805964524, "time_cost": 70.872, "final_distance_cost": 1.8480563479038281, "oscillation_cost": 27.187676767993352, "completition_cost": 0.0, "overshoot_cost": 49.810489179251704, "power_cost": 13.591995532226564, "noise_cost": 12.192162769076937, "n_waypoints_completed": 9, "tot_waypoints": 9}}
{"target": -184.61368888633896, "params": {"k_pid_pos": [1.677828631865207, 0.020465069680247815, 0.45929650389509674], "k_pid_alt": [1.8640602389001073, 0.0043860611526444215, 0.006770486920773036], "k_pid_att": [8.142978804942244, 0.19597294773184668, 0.29525805700897206], "k_pid_yaw": [0.5, 1e-06, 0.1], "k_pid_hsp": [0.16579177943945897, 0.019190433379450058, 0.0], "k_pid_vsp": [248.92753152794015, 184.5044358858161, 1.4903034217011488]}, "datetime": {"datetime": "2025-08-21 16:18:39", "elapsed": 27235.82138299942, "delta": 16.027008533477783}, "costs": {"total_cost": 184.61368888633896, "time_cost": 70.08800000000001, "final_distance_cost": 1.821404277987358, "oscillation_cost": 32.73490693612967, "completition_cost": 0.0, "overshoot_cost": 50.487678502129796, "power_cost": 16.201020776367187, "noise_cost": 13.280678393724946, "n_waypoints_completed": 9, "tot_waypoints": 9}}
{"target": -171.0379830079655, "params": {"k_pid_pos": [2.0, 0.024071835056255302, 0.8222753696718669], "k_pid_alt": [1.5862198519880029, 0.005570051597700325, 0.008506133211155937], "k_pid_att": [11.164251509503037, 0.13085060276343896, 0.18852146272175116], "k_pid_yaw": [0.5, 1e-06, 0.1], "k_pid_hsp": [0.18187491402173564, 0.015360470381035307, 0.0], "k_pid_vsp": [257.7723771639973, 238.53100548860093, 1.2796024043655363]}, "datetime": {"datetime": "2025-08-21 16:18:56", "elapsed": 27252.63532090187, "delta": 16.81393790245056}, "costs": {"total_cost": 171.0379830079655, "time_cost": 68.44800000000001, "final_distance_cost": 1.8337957018719577, "oscillation_cost": 30.41779072061924, "completition_cost": 0.0, "overshoot_cost": 49.70436800622635, "power_cost": 10.414868884277345, "noise_cost": 10.21915969497058, "n_waypoints_completed": 9, "tot_waypoints": 9}}
{"target": -177.6202747825505, "params": {"k_pid_pos": [1.730110590523714, 0.01562735301333985, 1.0], "k_pid_alt": [2.0, 0.002948021514776486, 0.010517727021042457], "k_pid_att": [19.087216890845266, 0.16396835595812123, 0.23728847920303167], "k_pid_yaw": [0.5, 1e-06, 0.1], "k_pid_hsp": [0.20896200607767113, 0.02389963401181763, 0.0], "k_pid_vsp": [228.11434922357796, 203.13666213643785, 1.3081797517990212]}, "datetime": {"datetime": "2025-08-21 16:19:12", "elapsed": 27268.950274944305, "delta": 16.314954042434692}, "costs": {"total_cost": 177.6202747825505, "time_cost": 70.08800000000001, "final_distance_cost": 1.8385097695152943, "oscillation_cost": 28.78767317479184, "completition_cost": 0.0, "overshoot_cost": 50.17877085096869, "power_cost": 14.06555672607422, "noise_cost": 12.661764261200428, "n_waypoints_completed": 9, "tot_waypoints": 9}}
{"target": -185.14181287438876, "params": {"k_pid_pos": [0.8787047649006571, 0.017177258430914038, 0.9561453732755222], "k_pid_alt": [1.9551641516274598, 0.0032161230576405278, 0.011733120922211624], "k_pid_att": [16.231755463221447, 0.18153266460602413, 0.27731779826856423], "k_pid_yaw": [0.5, 1e-06, 0.1], "k_pid_hsp": [0.16617110041948774, 0.031718173448628616, 0.0], "k_pid_vsp": [256.750828169967, 320.6752756125389, 1.6035813174710387]}, "datetime": {"datetime": "2025-08-21 16:19:33", "elapsed": 27289.911876678467, "delta": 20.961601734161377}, "costs": {"total_cost": 185.14181287438876, "time_cost": 81.512, "final_distance_cost": 1.854877208391227, "oscillation_cost": 26.500248644649904, "completition_cost": 0.0, "overshoot_cost": 50.502865778723276, "power_cost": 11.827104309082031, "noise_cost": 12.944716933542319, "n_waypoints_completed": 9, "tot_waypoints": 9}}
{"target": -195.3661181746601, "params": {"k_pid_pos": [0.6491988888417479, 0.010970089544009229, 0.6506777945159843], "k_pid_alt": [2.0, 0.0032317692458463045, 0.011176798525024253], "k_pid_att": [10.204989091773426, 0.18859708271675224, 0.1377625738320227], "k_pid_yaw": [0.5, 1e-06, 0.1], "k_pid_hsp": [0.13548858378938292, 0.02630813070974171, 0.0], "k_pid_vsp": [222.19082630188052, 218.35588080023035, 1.5444929574001993]}, "datetime": {"datetime": "2025-08-21 16:19:54", "elapsed": 27310.566173553467, "delta": 20.654296875}, "costs": {"total_cost": 195.3661181746601, "time_cost": 85.312, "final_distance_cost": 1.8599897262520593, "oscillation_cost": 24.55878918533484, "completition_cost": 0.0, "overshoot_cost": 51.3988894032925, "power_cost": 16.29800399169922, "noise_cost": 15.938445868081503, "n_waypoints_completed": 9, "tot_waypoints": 9}}
{"target": -169.8705712543665, "params": {"k_pid_pos": [2.0, 0.02015484226345828, 1.0], "k_pid_alt": [1.3412519660154796, 0.004053032638158046, 0.012104101028810642], "k_pid_att": [9.98881610275936, 0.1833063992343776, 0.2038370966604793], "k_pid_yaw": [0.5, 1e-06, 0.1], "k_pid_hsp": [0.16496803989717898, 0.009362206080872727, 0.0], "k_pid_vsp": [174.41091439361549, 400.0, 0.8992745086442335]}, "datetime": {"datetime": "2025-08-21 16:20:09", "elapsed": 27326.0953476429, "delta": 15.529174089431763}, "costs": {"total_cost": 169.8705712543665, "time_cost": 68.8, "final_distance_cost": 1.8350385176012756, "oscillation_cost": 30.04125066575851, "completition_cost": 0.0, "overshoot_cost": 49.94451537794378, "power_cost": 9.61206961669922, "noise_cost": 9.637697076363699, "n_waypoints_completed": 9, "tot_waypoints": 9}}
{"target": -175.3320538522409, "params": {"k_pid_pos": [1.9283746372631565, 0.006946633138959775, 0.8705427962372414], "k_pid_alt": [1.3121172454310925, 0.0031407955621010324, 0.012585457271147155], "k_pid_att": [12.081758703063548, 0.12957990448188125, 0.2883189496434369], "k_pid_yaw": [0.5, 1e-06, 0.1], "k_pid_hsp": [0.12100535054645349, 0.02387777670160095, 0.0], "k_pid_vsp": [314.8074732320882, 196.01008127031938, 0.8990884971477845]}, "datetime": {"datetime": "2025-08-21 16:20:26", "elapsed": 27342.994626522064, "delta": 16.89927887916565}, "costs": {"total_cost": 175.3320538522409, "time_cost": 69.44800000000001, "final_distance_cost": 1.8285348453121215, "oscillation_cost": 29.879452566295935, "completition_cost": 0.0, "overshoot_cost": 50.39086806117442, "power_cost": 12.398817895507813, "noise_cost": 11.38638048395061, "n_waypoints_completed": 9, "tot_waypoints": 9}}
{"target": -183.78794722948066, "params": {"k_pid_pos": [2.0, 0.018710317414321144, 0.3377106461300751], "k_pid_alt": [2.0, 0.0038409496389784884, 0.015128192082930833], "k_pid_att": [7.6474233892447545, 0.1458112391788555, 0.20863945937315856], "k_pid_yaw": [0.5, 1e-06, 0.1], "k_pid_hsp": [0.17453857552787388, 0.018988056865789568, 0.0], "k_pid_vsp": [208.15652858436542, 147.528622161828, 1.6198378609020276]}, "datetime": {"datetime": "2025-08-21 16:20:42", "elapsed": 27358.476388931274, "delta": 15.481762409210205}, "costs": {"total_cost": 183.78794722948066, "time_cost": 69.84, "final_distance_cost": 1.7720886869554708, "oscillation_cost": 32.5666595913715, "completition_cost": 0.0, "overshoot_cost": 51.01150661165987, "power_cost": 15.671899011230469, "noise_cost": 12.925793328263389, "n_waypoints_completed": 9, "tot_waypoints": 9}}
