{"target": -176.75924309437195, "params": {"k_pid_pos": [2.0, 0.0699582893561768, 0.8986017189784512], "k_pid_alt": [2.0, 0.006924075240647737, 0.0], "k_pid_att": [9.297644991372174, 0.16376747994308127, 0.18757929533540008], "k_pid_yaw": [0.5, 1e-06, 0.1], "k_pid_hsp": [0.13599400587591237, 0.018084846305064402, 0.0], "k_pid_vsp": [271.3859565056068, 272.83690673755785, 3.693625660880265]}, "datetime": {"datetime": "2025-08-21 13:09:57", "elapsed": 15913.931167840958, "delta": 16.474737644195557}, "costs": {"total_cost": 176.75924309437195, "time_cost": 69.72, "final_distance_cost": 1.8307975378704255, "oscillation_cost": 29.80541180781203, "completition_cost": 0.0, "overshoot_cost": 50.6837294534472, "power_cost": 12.904645190429688, "noise_cost": 11.814659104812616, "n_waypoints_completed": 9, "tot_waypoints": 9}}
{"target": -177.49752280805376, "params": {"k_pid_pos": [1.7597230199439287, 0.13105725192873618, 1.0], "k_pid_alt": [1.8579247095215112, 0.0063110546985088835, 0.017232739629396424], "k_pid_att": [8.16381134860027, 0.18018023389942472, 0.43924694624460775], "k_pid_yaw": [0.5, 1e-06, 0.1], "k_pid_hsp": [0.3154694065459677, 0.021204556570082977, 0.0], "k_pid_vsp": [131.60202128024287, 214.12992393849342, 2.616867551513616]}, "datetime": {"datetime": "2025-08-21 13:10:13", "elapsed": 15929.81425333023, "delta": 15.883085489273071}, "costs": {"total_cost": 177.49752280805376, "time_cost": 69.912, "final_distance_cost": 1.8367908401680384, "oscillation_cost": 29.839512683616412, "completition_cost": 0.0, "overshoot_cost": 50.38887428257862, "power_cost": 13.57351844482422, "noise_cost": 11.946826556866469, "n_waypoints_completed": 9, "tot_waypoints": 9}}
{"target": -172.68450050063848, "params": {"k_pid_pos": [1.724891055826084, 0.03809920107381807, 0.9692468037410684], "k_pid_alt": [2.0, 0.006701693642454459, 0.02169105236235719], "k_pid_att": [24.87996756005929, 0.16504140313011526, 0.4748327693277343], "k_pid_yaw": [0.5, 1e-06, 0.1], "k_pid_hsp": [0.32305318117445964, 0.0, 0.0], "k_pid_vsp": [344.1990936621731, 193.57841386136815, 1.548943058675798]}, "datetime": {"datetime": "2025-08-21 13:10:29", "elapsed": 15946.08631491661, "delta": 16.272061586380005}, "costs": {"total_cost": 172.68450050063848, "time_cost": 70.272, "final_distance_cost": 1.8496971763913315, "oscillation_cost": 27.286727737557175, "completition_cost": 0.0, "overshoot_cost": 50.46124355314013, "power_cost": 11.654389331054688, "noise_cost": 11.160442702495137, "n_waypoints_completed": 9, "tot_waypoints": 9}}
{"target": -184.3528990826032, "params": {"k_pid_pos": [0.7037709563259712, 0.07700851163297083, 1.0], "k_pid_alt": [1.5641997958834954, 0.004629221466914772, 0.04132211896095961], "k_pid_att": [15.61440509325355, 0.057124834589124686, 0.31460152520777324], "k_pid_yaw": [0.5, 1e-06, 0.1], "k_pid_hsp": [0.20891722043685715, 0.023522277172248335, 0.0], "k_pid_vsp": [213.51290195414558, 264.8330342906028, 3.542200095568937]}, "datetime": {"datetime": "2025-08-21 13:10:48", "elapsed": 15964.788619041443, "delta": 18.702304124832153}, "costs": {"total_cost": 184.3528990826032, "time_cost": 84.496, "final_distance_cost": 1.8537119372299893, "oscillation_cost": 23.772218961605752, "completition_cost": 0.0, "overshoot_cost": 52.11954574309983, "power_cost": 10.322730859375001, "noise_cost": 11.788691581292616, "n_waypoints_completed": 9, "tot_waypoints": 9}}
{"target": -1115.2864207065704, "params": {"k_pid_pos": [1.5077422178580033, 0.08442386805717611, 0.7163675782306358], "k_pid_alt": [1.79082941723493, 0.005264869687537483, 0.013693187705267049], "k_pid_att": [15.397330414833723, 0.1914752755177582, 0.37675364347224355], "k_pid_yaw": [0.5, 1e-06, 0.1], "k_pid_hsp": [0.0001, 0.030057694141272868, 0.0], "k_pid_vsp": [93.05080104187238, 281.5780689069725, 1.965004276899565]}, "datetime": {"datetime": "2025-08-21 13:11:11", "elapsed": 15987.714061021805, "delta": 22.92544198036194}, "costs": {"total_cost": 1115.2864207065704, "time_cost": 150, "final_distance_cost": 72.54942485635121, "oscillation_cost": 15.424494932109717, "completition_cost": 777.7777777777778, "overshoot_cost": 69.18721910845521, "power_cost": 16.28132731933594, "noise_cost": 14.06617671254046, "n_waypoints_completed": 2, "tot_waypoints": 9}}
{"target": -174.77978359604748, "params": {"k_pid_pos": [1.1875080746938598, 0.15933519580286462, 1.0], "k_pid_alt": [2.0, 0.007531975999322999, 0.007514636456855975], "k_pid_att": [34.66815527687977, 0.19693985497261077, 0.5770674867399225], "k_pid_yaw": [0.5, 1e-06, 0.1], "k_pid_hsp": [0.17619650517411736, 0.033839527293164244, 0.0], "k_pid_vsp": [384.2866210013563, 195.12668482212464, 1.4972586272698774]}, "datetime": {"datetime": "2025-08-21 13:11:27", "elapsed": 16004.01537513733, "delta": 16.301314115524292}, "costs": {"total_cost": 174.77978359604748, "time_cost": 72.816, "final_distance_cost": 1.8367372531585437, "oscillation_cost": 27.380622662158487, "completition_cost": 0.0, "overshoot_cost": 50.645605313274636, "power_cost": 10.783856091308595, "noise_cost": 11.316962276147231, "n_waypoints_completed": 9, "tot_waypoints": 9}}
{"target": -188.46129295480975, "params": {"k_pid_pos": [2.0, 0.14681807994734686, 0.4763518407240061], "k_pid_alt": [1.5931645632235412, 0.004139657075352933, 0.04741728041459612], "k_pid_att": [64.39206528028178, 0.23762546621252553, 0.3681339553871921], "k_pid_yaw": [0.5, 1e-06, 0.1], "k_pid_hsp": [0.3358406871057074, 0.0320883898067573, 0.0], "k_pid_vsp": [256.31035226706797, 342.82805425101736, 1.2999934821772658]}, "datetime": {"datetime": "2025-08-21 13:11:43", "elapsed": 16020.158538103104, "delta": 16.143162965774536}, "costs": {"total_cost": 188.46129295480975, "time_cost": 71.04, "final_distance_cost": 1.793709793452233, "oscillation_cost": 32.410467975293635, "completition_cost": 0.0, "overshoot_cost": 50.141144554740144, "power_cost": 18.680930212402345, "noise_cost": 14.395040418921347, "n_waypoints_completed": 9, "tot_waypoints": 9}}
{"target": -172.02962630818732, "params": {"k_pid_pos": [2.0, 0.13166984749159458, 0.8211556224956417], "k_pid_alt": [2.0, 0.003310729371355904, 0.0350398220953318], "k_pid_att": [11.606550860483367, 0.10542105365337202, 0.4437206687956133], "k_pid_yaw": [0.5, 1e-06, 0.1], "k_pid_hsp": [0.19432760212011246, 0.016551401170331367, 0.0], "k_pid_vsp": [170.48168511760198, 220.30962668161692, 1.1436131974213808]}, "datetime": {"datetime": "2025-08-21 13:11:59", "elapsed": 16036.03857421875, "delta": 15.880036115646362}, "costs": {"total_cost": 172.02962630818732, "time_cost": 68.84, "final_distance_cost": 1.8263676002215263, "oscillation_cost": 29.90548804597787, "completition_cost": 0.0, "overshoot_cost": 50.05500788339544, "power_cost": 11.013321215820312, "noise_cost": 10.389441562772184, "n_waypoints_completed": 9, "tot_waypoints": 9}}
{"target": -175.72279774459784, "params": {"k_pid_pos": [1.6192531802523566, 0.13408703731797458, 0.3083941908704215], "k_pid_alt": [1.6295681732722598, 0.001894746159679715, 0.013592657390661076], "k_pid_att": [10.617757726169307, 0.2249377912362065, 0.46721175398422465], "k_pid_yaw": [0.5, 1e-06, 0.1], "k_pid_hsp": [0.375906269329569, 0.024246162326616263, 0.0], "k_pid_vsp": [247.96342733394127, 252.82889771449723, 3.181528955961882]}, "datetime": {"datetime": "2025-08-21 13:12:15", "elapsed": 16051.765924692154, "delta": 15.72735047340393}, "costs": {"total_cost": 175.72279774459784, "time_cost": 68.34400000000001, "final_distance_cost": 1.7789214731825642, "oscillation_cost": 31.48974377307019, "completition_cost": 0.0, "overshoot_cost": 50.05444527679274, "power_cost": 12.728584008789063, "noise_cost": 11.3271032127633, "n_waypoints_completed": 9, "tot_waypoints": 9}}
{"target": -174.9431348812079, "params": {"k_pid_pos": [2.0, 0.1454252293078687, 1.0], "k_pid_alt": [1.85472137635254, 0.0068572905741899, 0.032194129490814315], "k_pid_att": [37.061046033668276, 0.14695640116518452, 0.4875395572996091], "k_pid_yaw": [0.5, 1e-06, 0.1], "k_pid_hsp": [0.3161153147849792, 0.03224989478970399, 0.0], "k_pid_vsp": [331.2106353621785, 276.3625989642475, 1.869642857967828]}, "datetime": {"datetime": "2025-08-21 13:12:31", "elapsed": 16067.541249036789, "delta": 15.77532434463501}, "costs": {"total_cost": 174.9431348812079, "time_cost": 69.64, "final_distance_cost": 1.8281573728691738, "oscillation_cost": 30.28251964925249, "completition_cost": 0.0, "overshoot_cost": 50.52602177977804, "power_cost": 11.7089564453125, "noise_cost": 10.957479633995696, "n_waypoints_completed": 9, "tot_waypoints": 9}}
{"target": -173.14916466268517, "params": {"k_pid_pos": [2.0, 0.11435696105623183, 1.0], "k_pid_alt": [2.0, 0.0020001730035229307, 0.020153808626377518], "k_pid_att": [6.810216804894533, 0.0001, 0.4755197934317245], "k_pid_yaw": [0.5, 1e-06, 0.1], "k_pid_hsp": [0.06822573060306408, 0.025529804368789863, 0.0], "k_pid_vsp": [202.76823890044852, 204.09017577668817, 1.1305340519814149]}, "datetime": {"datetime": "2025-08-21 13:12:47", "elapsed": 16083.544721126556, "delta": 16.003472089767456}, "costs": {"total_cost": 173.14916466268517, "time_cost": 70.368, "final_distance_cost": 1.8005054156203206, "oscillation_cost": 31.471508068672485, "completition_cost": 0.0, "overshoot_cost": 50.51114399172827, "power_cost": 9.309652014160157, "noise_cost": 9.688355172503933, "n_waypoints_completed": 9, "tot_waypoints": 9}}
{"target": -178.82689275609746, "params": {"k_pid_pos": [2.0, 0.04577614714057551, 0.8197534419732992], "k_pid_alt": [2.0, 0.0033687300371354543, 0.019753215710349423], "k_pid_att": [16.976595071106324, 0.017046611196039247, 0.7049949455438536], "k_pid_yaw": [0.5, 1e-06, 0.1], "k_pid_hsp": [0.1920607809570037, 0.028850625411842985, 0.0], "k_pid_vsp": [116.30064943362841, 265.24995984925107, 1.7055227295757494]}, "datetime": {"datetime": "2025-08-21 13:13:03", "elapsed": 16099.58601474762, "delta": 16.041293621063232}, "costs": {"total_cost": 178.82689275609746, "time_cost": 69.88, "final_distance_cost": 1.8408504822455334, "oscillation_cost": 29.939774519524224, "completition_cost": 0.0, "overshoot_cost": 50.01129215909481, "power_cost": 14.550230090332033, "noise_cost": 12.604745504900883, "n_waypoints_completed": 9, "tot_waypoints": 9}}
{"target": -180.63562977598076, "params": {"k_pid_pos": [2.0, 0.10367865258795066, 0.863607339246847], "k_pid_alt": [2.0, 0.005823139805668568, 0.011401247910141908], "k_pid_att": [21.041766844075823, 0.16054717220904194, 0.37690169716516286], "k_pid_yaw": [0.5, 1e-06, 0.1], "k_pid_hsp": [0.22408401093514974, 0.04320195334868634, 0.0], "k_pid_vsp": [181.8274026328739, 87.2429166627257, 2.100728294058322]}, "datetime": {"datetime": "2025-08-21 13:13:19", "elapsed": 16115.521966934204, "delta": 15.935952186584473}, "costs": {"total_cost": 180.63562977598076, "time_cost": 69.432, "final_distance_cost": 1.828856587414896, "oscillation_cost": 32.2893686123972, "completition_cost": 0.0, "overshoot_cost": 50.76243750268105, "power_cost": 14.055204223632813, "noise_cost": 12.267762849854815, "n_waypoints_completed": 9, "tot_waypoints": 9}}
{"target": -175.41904045174323, "params": {"k_pid_pos": [1.746017892969591, 0.1339542802500906, 1.0], "k_pid_alt": [1.791042286266432, 0.0036679419256065893, 0.02529606051197574], "k_pid_att": [30.601844655537178, 0.19408009403139467, 0.5229095670827929], "k_pid_yaw": [0.5, 1e-06, 0.1], "k_pid_hsp": [0.26619398686114387, 0.04104226180914477, 0.0], "k_pid_vsp": [81.45558399934247, 174.24028036131833, 2.2876987370204893]}, "datetime": {"datetime": "2025-08-21 13:13:35", "elapsed": 16131.66680598259, "delta": 16.14483904838562}, "costs": {"total_cost": 175.41904045174323, "time_cost": 69.784, "final_distance_cost": 1.823766101507324, "oscillation_cost": 29.035569299625493, "completition_cost": 0.0, "overshoot_cost": 50.361282867123016, "power_cost": 12.816220861816406, "noise_cost": 11.598201321670974, "n_waypoints_completed": 9, "tot_waypoints": 9}}
{"target": -199.49272565689617, "params": {"k_pid_pos": [1.1692003216976488, 0.0489975792892258, 1.0], "k_pid_alt": [1.4145168724761747, 0.005493866483167654, 0.01870112035908072], "k_pid_att": [24.68821045596125, 0.20227684901301454, 0.26109362194388885], "k_pid_yaw": [0.5, 1e-06, 0.1], "k_pid_hsp": [0.024087091531584653, 0.0030035914578066176, 0.0], "k_pid_vsp": [194.80693092942673, 208.8043740206211, 1.1350876439548416]}, "datetime": {"datetime": "2025-08-21 13:13:57", "elapsed": 16154.222187042236, "delta": 22.555381059646606}, "costs": {"total_cost": 199.49272565689617, "time_cost": 98.384, "final_distance_cost": 1.7897369052738852, "oscillation_cost": 13.077164849432616, "completition_cost": 0.0, "overshoot_cost": 64.49375080858744, "power_cost": 9.574150134277344, "noise_cost": 12.173922959324889, "n_waypoints_completed": 9, "tot_waypoints": 9}}
{"target": -174.1031849098975, "params": {"k_pid_pos": [1.6432103712718706, 0.02065975103852732, 0.7186994482374113], "k_pid_alt": [1.5270357313513852, 0.004141493443047963, 0.019655725608896706], "k_pid_att": [26.357964921709524, 0.1324215810952104, 0.40569264127058124], "k_pid_yaw": [0.5, 1e-06, 0.1], "k_pid_hsp": [0.23434504252058588, 0.027898590312727147, 0.0], "k_pid_vsp": [131.860414762907, 276.5967804499382, 1.4558161577080797]}, "datetime": {"datetime": "2025-08-21 13:14:13", "elapsed": 16170.227452516556, "delta": 16.005265474319458}, "costs": {"total_cost": 174.1031849098975, "time_cost": 69.136, "final_distance_cost": 1.8404333202570864, "oscillation_cost": 29.965506755097152, "completition_cost": 0.0, "overshoot_cost": 49.16462110085938, "power_cost": 12.456193994140625, "noise_cost": 11.54042973954325, "n_waypoints_completed": 9, "tot_waypoints": 9}}
{"target": -185.43767492768805, "params": {"k_pid_pos": [0.8318736144251117, 0.07309995769814483, 0.7708382828339976], "k_pid_alt": [1.4139513919756166, 0.00412799180144498, 0.0], "k_pid_att": [50.31202390687529, 0.05380414228302382, 0.41729032724445947], "k_pid_yaw": [0.5, 1e-06, 0.1], "k_pid_hsp": [0.40753654516298266, 0.024801093975138886, 0.0], "k_pid_vsp": [172.38127263875165, 290.322416618596, 1.8735813212349672]}, "datetime": {"datetime": "2025-08-21 13:14:31", "elapsed": 16188.43452167511, "delta": 18.207069158554077}, "costs": {"total_cost": 185.43767492768805, "time_cost": 78.736, "final_distance_cost": 1.8540805656320658, "oscillation_cost": 27.553343871633334, "completition_cost": 0.0, "overshoot_cost": 50.519990990083606, "power_cost": 13.38968367919922, "noise_cost": 13.384575821139832, "n_waypoints_completed": 9, "tot_waypoints": 9}}
{"target": -175.76712357722215, "params": {"k_pid_pos": [1.39850608956374, 0.0752061363081188, 0.8311986416341138], "k_pid_alt": [2.0, 0.005498682409280395, 0.019808302657764162], "k_pid_att": [19.654915618452517, 0.1342620914818051, 0.3420339906564509], "k_pid_yaw": [0.5, 1e-06, 0.1], "k_pid_hsp": [0.21844811426166097, 0.02708531741737465, 0.0], "k_pid_vsp": [271.0394305213177, 351.7659556953393, 1.6804366038803253]}, "datetime": {"datetime": "2025-08-21 13:14:48", "elapsed": 16205.047264575958, "delta": 16.61274290084839}, "costs": {"total_cost": 175.76712357722215, "time_cost": 70.2, "final_distance_cost": 1.8358821821963636, "oscillation_cost": 27.715438750732783, "completition_cost": 0.0, "overshoot_cost": 50.110393467462, "power_cost": 13.645279174804688, "noise_cost": 12.260130002026306, "n_waypoints_completed": 9, "tot_waypoints": 9}}
{"target": -191.66881562251703, "params": {"k_pid_pos": [1.5674949152700013, 0.044090609549538695, 1.0], "k_pid_alt": [2.0, 0.005720757703927096, 0.06014920478763323], "k_pid_att": [19.912073393094953, 0.11694409496498764, 0.4667366053050704], "k_pid_yaw": [0.5, 1e-06, 0.1], "k_pid_hsp": [0.18371667134849753, 0.01774905570773323, 0.0], "k_pid_vsp": [17.327369331492264, 272.32618641630273, 1.682334153281779]}, "datetime": {"datetime": "2025-08-21 13:15:06", "elapsed": 16222.686330080032, "delta": 17.639065504074097}, "costs": {"total_cost": 191.66881562251703, "time_cost": 75.856, "final_distance_cost": 1.8040280944314788, "oscillation_cost": 34.53405701974088, "completition_cost": 0.0, "overshoot_cost": 51.489525837521924, "power_cost": 15.607070617675783, "noise_cost": 12.378134053146956, "n_waypoints_completed": 9, "tot_waypoints": 9}}
{"target": -174.8112049831456, "params": {"k_pid_pos": [2.0, 0.16171374477061626, 0.7941844282547034], "k_pid_alt": [1.8018033143125012, 0.002915667996731923, 0.026805890013684636], "k_pid_att": [33.69240308621979, 0.11941354954293155, 0.3318747964381155], "k_pid_yaw": [0.5, 1e-06, 0.1], "k_pid_hsp": [0.32688822054921696, 0.019473361581560746, 0.0], "k_pid_vsp": [226.70042946054227, 132.75506922519432, 1.8304767208577601]}, "datetime": {"datetime": "2025-08-21 13:15:21", "elapsed": 16238.252138376236, "delta": 15.565808296203613}, "costs": {"total_cost": 174.8112049831456, "time_cost": 69.072, "final_distance_cost": 1.8089923765496627, "oscillation_cost": 29.661977736377853, "completition_cost": 0.0, "overshoot_cost": 49.844595429942004, "power_cost": 12.900569506835938, "noise_cost": 11.523069933440105, "n_waypoints_completed": 9, "tot_waypoints": 9}}
{"target": -183.5983987437652, "params": {"k_pid_pos": [1.3293428116712354, 0.2571920522842807, 0.2833905973809097], "k_pid_alt": [1.8392386152687854, 0.006065317393559731, 0.0], "k_pid_att": [14.71082941822531, 0.0001, 0.3939529844307013], "k_pid_yaw": [0.5, 1e-06, 0.1], "k_pid_hsp": [0.3239019269277705, 0.021089980578871428, 0.0], "k_pid_vsp": [234.45886580982688, 245.60224241735125, 2.1043611312302164]}, "datetime": {"datetime": "2025-08-21 13:15:38", "elapsed": 16255.169996500015, "delta": 16.917858123779297}, "costs": {"total_cost": 183.5983987437652, "time_cost": 72.848, "final_distance_cost": 1.7625820703574382, "oscillation_cost": 30.513249734757647, "completition_cost": 0.0, "overshoot_cost": 51.286233883136994, "power_cost": 14.491818933105469, "noise_cost": 12.69651412240764, "n_waypoints_completed": 9, "tot_waypoints": 9}}
{"target": -169.14795877292778, "params": {"k_pid_pos": [2.0, 0.11081754756363942, 0.9299731207961107], "k_pid_alt": [1.2660391289409267, 0.003719714183770565, 0.023988692422097207], "k_pid_att": [28.184058955923103, 0.2646577454925898, 0.2982756103698296], "k_pid_yaw": [0.5, 1e-06, 0.1], "k_pid_hsp": [0.1369472767965327, 0.023323519704869473, 0.0], "k_pid_vsp": [196.6515753243299, 253.36893738525546, 2.7084525685671075]}, "datetime": {"datetime": "2025-08-21 13:15:54", "elapsed": 16271.149277448654, "delta": 15.979280948638916}, "costs": {"total_cost": 169.14795877292778, "time_cost": 68.8, "final_distance_cost": 1.8026141772225008, "oscillation_cost": 30.615884449547348, "completition_cost": 0.0, "overshoot_cost": 49.533192723801044, "power_cost": 8.965758068847657, "noise_cost": 9.430509353509231, "n_waypoints_completed": 9, "tot_waypoints": 9}}
{"target": -2629.3820235744897, "params": {"k_pid_pos": [2.0, 0.004903024833494525, 1.0], "k_pid_alt": [1.4743297201306984, 0.008638976223745204, 0.007347534378401142], "k_pid_att": [0.0, 0.20378296814941366, 0.12177095758889946], "k_pid_yaw": [0.5, 1e-06, 0.1], "k_pid_hsp": [0.2608318069743823, 0.018016418590225607, 0.0], "k_pid_vsp": [242.06199750239082, 237.47602707537075, 1.8542620556467864]}, "datetime": {"datetime": "2025-08-21 13:16:20", "elapsed": 16296.85115146637, "delta": 25.701874017715454}, "costs": {"total_cost": 2629.3820235744897, "time_cost": 150, "final_distance_cost": 251.91987366360465, "oscillation_cost": 553.1145591860785, "completition_cost": 1000.0, "overshoot_cost": 545.7402882495134, "power_cost": 35.02318651123047, "noise_cost": 93.58411596406258, "n_waypoints_completed": 0, "tot_waypoints": 9}}
{"target": -183.84799521162245, "params": {"k_pid_pos": [1.131827174769107, 0.1009280810086155, 1.0], "k_pid_alt": [2.0, 0.006582973899863413, 0.0], "k_pid_att": [19.659411133585632, 0.19799041943860293, 0.5043688335951841], "k_pid_yaw": [0.5, 1e-06, 0.1], "k_pid_hsp": [0.40919017395254703, 0.016642091569334782, 0.0], "k_pid_vsp": [277.938156240777, 400.0, 1.878244254023585]}, "datetime": {"datetime": "2025-08-21 13:16:40", "elapsed": 16317.044185638428, "delta": 20.193034172058105}, "costs": {"total_cost": 183.84799521162245, "time_cost": 75.328, "final_distance_cost": 1.8510859052559467, "oscillation_cost": 28.67502022152839, "completition_cost": 0.0, "overshoot_cost": 50.60625828761773, "power_cost": 14.297092785644532, "noise_cost": 13.09053801157587, "n_waypoints_completed": 9, "tot_waypoints": 9}}
{"target": -526.6022310458519, "params": {"k_pid_pos": [0.4606158377367227, 0.0, 1.0], "k_pid_alt": [1.7876807703725215, 0.0056916023866914285, 0.005444007393376316], "k_pid_att": [27.00109335963045, 0.12204098143639862, 0.5104543527405654], "k_pid_yaw": [0.5, 1e-06, 0.1], "k_pid_hsp": [0.19753929176263574, 0.023918405122246012, 0.0], "k_pid_vsp": [217.83141024204997, 185.62133321686827, 1.7613983938862614]}, "datetime": {"datetime": "2025-08-21 13:17:05", "elapsed": 16342.3384847641, "delta": 25.294299125671387}, "costs": {"total_cost": 526.6022310458519, "time_cost": 150, "final_distance_cost": 67.19687581425737, "oscillation_cost": 16.073337167692774, "completition_cost": 222.2222222222222, "overshoot_cost": 47.023137227957015, "power_cost": 12.067732641601562, "noise_cost": 12.018925972121021, "n_waypoints_completed": 7, "tot_waypoints": 9}}
