{"target": -170.98435267969506, "params": {"k_pid_pos": [1.9726126715464236, 0.0714156414878448, 1.0], "k_pid_alt": [2.0, 0.0046251798395512906, 0.011531484874172817], "k_pid_att": [30.93850255630706, 0.1097804532933576, 0.0517163712569062], "k_pid_yaw": [0.5, 1e-06, 0.1], "k_pid_hsp": [0.2530916246966266, 0.025351560489772152, 0.0], "k_pid_vsp": [152.09113978669515, 223.40125029336568, 1e-06]}, "datetime": {"datetime": "2025-08-21 13:31:37", "elapsed": 17214.4105155468, "delta": 16.33049488067627}, "costs": {"total_cost": 170.98435267969506, "time_cost": 68.696, "final_distance_cost": 1.8398785535551254, "oscillation_cost": 33.949497066200294, "completition_cost": 0.0, "overshoot_cost": 49.79222573307583, "power_cost": 7.822570654296875, "noise_cost": 8.88418067256695, "n_waypoints_completed": 9, "tot_waypoints": 9}}
{"target": -181.93812933750348, "params": {"k_pid_pos": [1.3464185331431973, 0.09971799960854781, 1.0], "k_pid_alt": [1.3718092590013684, 0.005333832252869461, 0.007588800950054035], "k_pid_att": [21.042540001115253, 0.06625129338788985, 0.591796704711315], "k_pid_yaw": [0.5, 1e-06, 0.1], "k_pid_hsp": [0.3369086332275673, 0.014068921155374878, 0.0], "k_pid_vsp": [17.022210183860583, 359.9943158929866, 2.697275815382246]}, "datetime": {"datetime": "2025-08-21 13:31:54", "elapsed": 17230.863543987274, "delta": 16.453028440475464}, "costs": {"total_cost": 181.93812933750348, "time_cost": 72.32000000000001, "final_distance_cost": 1.8336371479216733, "oscillation_cost": 33.690043636866314, "completition_cost": 0.0, "overshoot_cost": 49.388635525508874, "power_cost": 13.506573840332031, "noise_cost": 11.19923918687457, "n_waypoints_completed": 9, "tot_waypoints": 9}}
{"target": -173.28061294004135, "params": {"k_pid_pos": [1.283601342648197, 0.07349978039555112, 1.0], "k_pid_alt": [1.7982649678130194, 0.003849120076251419, 0.0], "k_pid_att": [14.306847457830111, 0.06482441135214208, 0.4827271870953716], "k_pid_yaw": [0.5, 1e-06, 0.1], "k_pid_hsp": [0.09266952010838823, 0.0142087919320115, 0.0], "k_pid_vsp": [131.17904398675367, 279.9666473613529, 1.3679209180395189]}, "datetime": {"datetime": "2025-08-21 13:32:10", "elapsed": 17247.276748657227, "delta": 16.413204669952393}, "costs": {"total_cost": 173.28061294004135, "time_cost": 71.264, "final_distance_cost": 1.8425636375920427, "oscillation_cost": 26.005090778767144, "completition_cost": 0.0, "overshoot_cost": 50.87712027991409, "power_cost": 12.011865502929687, "noise_cost": 11.27997274083843, "n_waypoints_completed": 9, "tot_waypoints": 9}}
{"target": -177.93754042235375, "params": {"k_pid_pos": [2.0, 0.1146525026315488, 1.0], "k_pid_alt": [2.0, 0.007525733069971344, 0.007253185868633], "k_pid_att": [35.71363142147174, 0.14018298956340847, 0.42162994476626353], "k_pid_yaw": [0.5, 1e-06, 0.1], "k_pid_hsp": [0.23844884666563906, 0.027317465286456774, 0.0], "k_pid_vsp": [338.76350860748795, 305.27262560984, 1.7802406497505467]}, "datetime": {"datetime": "2025-08-21 13:32:27", "elapsed": 17263.868003606796, "delta": 16.591254949569702}, "costs": {"total_cost": 177.93754042235375, "time_cost": 69.72, "final_distance_cost": 1.81811487329075, "oscillation_cost": 29.599201142928614, "completition_cost": 0.0, "overshoot_cost": 50.752933705174044, "power_cost": 13.931302416992189, "noise_cost": 12.115988283968177, "n_waypoints_completed": 9, "tot_waypoints": 9}}
{"target": -175.58348547130385, "params": {"k_pid_pos": [1.4322584673997383, 0.06658820190068004, 1.0], "k_pid_alt": [2.0, 0.0013882821778975565, 0.011252035634113602], "k_pid_att": [41.30725259204365, 0.18747474109083231, 0.41796925283134384], "k_pid_yaw": [0.5, 1e-06, 0.1], "k_pid_hsp": [0.3732906327770357, 0.017643548833761107, 0.0], "k_pid_vsp": [224.27212825686925, 157.19915402082003, 2.192087925145643]}, "datetime": {"datetime": "2025-08-21 13:32:43", "elapsed": 17279.805337429047, "delta": 15.937333822250366}, "costs": {"total_cost": 175.58348547130385, "time_cost": 71.384, "final_distance_cost": 1.8490105316089263, "oscillation_cost": 27.22859005024986, "completition_cost": 0.0, "overshoot_cost": 50.62526605172095, "power_cost": 12.61484051513672, "noise_cost": 11.881778322587362, "n_waypoints_completed": 9, "tot_waypoints": 9}}
{"target": -178.7674404238798, "params": {"k_pid_pos": [1.7103819497459103, 0.030540233165589698, 0.7972816888355011], "k_pid_alt": [1.882010186242541, 0.00814441882081494, 0.0], "k_pid_att": [26.13777112301786, 0.2502723297008365, 0.5619077376468601], "k_pid_yaw": [0.5, 1e-06, 0.1], "k_pid_hsp": [0.1664763605612154, 0.02606762015587633, 0.0], "k_pid_vsp": [100.95750724901389, 359.5516114605894, 1.274304936419256]}, "datetime": {"datetime": "2025-08-21 13:32:59", "elapsed": 17295.482773542404, "delta": 15.677436113357544}, "costs": {"total_cost": 178.7674404238798, "time_cost": 69.624, "final_distance_cost": 1.8411385062792696, "oscillation_cost": 30.93873348954129, "completition_cost": 0.0, "overshoot_cost": 50.38121482948227, "power_cost": 13.911072937011719, "noise_cost": 12.071280661565284, "n_waypoints_completed": 9, "tot_waypoints": 9}}
{"target": -172.09029697531264, "params": {"k_pid_pos": [1.0440388713245137, 0.10198175522865804, 0.47892281693036964], "k_pid_alt": [1.481165465061845, 0.0015325685679338195, 0.015766643151016783], "k_pid_att": [19.61427766928614, 0.21147466518206778, 0.6680862863147606], "k_pid_yaw": [0.5, 1e-06, 0.1], "k_pid_hsp": [0.41240337316876524, 0.024126475938151346, 0.0], "k_pid_vsp": [231.5739301255088, 281.3929477484323, 1.8587507101596705]}, "datetime": {"datetime": "2025-08-21 13:33:15", "elapsed": 17312.2103805542, "delta": 16.727607011795044}, "costs": {"total_cost": 172.09029697531264, "time_cost": 71.104, "final_distance_cost": 1.842967417185769, "oscillation_cost": 27.90120358244745, "completition_cost": 0.0, "overshoot_cost": 50.348941502534224, "power_cost": 10.210621264648438, "noise_cost": 10.682563208496745, "n_waypoints_completed": 9, "tot_waypoints": 9}}
{"target": -174.6881499695195, "params": {"k_pid_pos": [1.6406392852691338, 0.0, 1.0], "k_pid_alt": [1.488377910176683, 0.007183403710311807, 0.009088374826729917], "k_pid_att": [45.535890713657004, 0.17083059942170845, 0.14707741995898763], "k_pid_yaw": [0.5, 1e-06, 0.1], "k_pid_hsp": [0.242462180566684, 0.010639685855849035, 0.0], "k_pid_vsp": [400.0, 256.7206160866746, 1.6097003515023454]}, "datetime": {"datetime": "2025-08-21 13:33:31", "elapsed": 17327.866361618042, "delta": 15.655981063842773}, "costs": {"total_cost": 174.6881499695195, "time_cost": 70.21600000000001, "final_distance_cost": 1.8465170416819523, "oscillation_cost": 31.18073817341558, "completition_cost": 0.0, "overshoot_cost": 49.75547287722088, "power_cost": 10.85433759765625, "noise_cost": 10.83508427954483, "n_waypoints_completed": 9, "tot_waypoints": 9}}
{"target": -176.29308020132157, "params": {"k_pid_pos": [2.0, 0.10291715319256463, 1.0], "k_pid_alt": [2.0, 0.0049147680735659866, 0.012248511449241037], "k_pid_att": [46.98430437975174, 0.15431793269387983, 0.4954161868246086], "k_pid_yaw": [0.5, 1e-06, 0.1], "k_pid_hsp": [0.14727520334219912, 0.023601484371431974, 0.0], "k_pid_vsp": [163.7553886583686, 148.50989496368445, 2.796538655864484]}, "datetime": {"datetime": "2025-08-21 13:33:47", "elapsed": 17343.84214949608, "delta": 15.975787878036499}, "costs": {"total_cost": 176.29308020132157, "time_cost": 69.888, "final_distance_cost": 1.8274159257651938, "oscillation_cost": 28.90497683972222, "completition_cost": 0.0, "overshoot_cost": 50.89839615202849, "power_cost": 12.904933410644531, "noise_cost": 11.869357873161135, "n_waypoints_completed": 9, "tot_waypoints": 9}}
{"target": -174.60037242916843, "params": {"k_pid_pos": [1.7541320668551343, 0.1604498920579261, 0.590210312375634], "k_pid_alt": [1.7977027915828474, 0.008054264894864637, 0.022730140820471853], "k_pid_att": [28.838130073438162, 0.25233037406317127, 0.6096375386914058], "k_pid_yaw": [0.5, 1e-06, 0.1], "k_pid_hsp": [0.29351538326325805, 0.00901428887711533, 0.0], "k_pid_vsp": [183.9985299619766, 372.87832520010306, 2.3621696235188447]}, "datetime": {"datetime": "2025-08-21 13:34:03", "elapsed": 17360.265726566315, "delta": 16.423577070236206}, "costs": {"total_cost": 174.60037242916843, "time_cost": 69.304, "final_distance_cost": 1.800242010173453, "oscillation_cost": 30.010439008248092, "completition_cost": 0.0, "overshoot_cost": 50.58726184427429, "power_cost": 11.887661987304687, "noise_cost": 11.010767579167904, "n_waypoints_completed": 9, "tot_waypoints": 9}}
{"target": -171.94720839847685, "params": {"k_pid_pos": [1.725747077740569, 0.01667079145145005, 0.7270254191895488], "k_pid_alt": [2.0, 0.007657187913014625, 0.012200408680912359], "k_pid_att": [43.1987539045738, 0.1840945074104058, 0.46627897512350724], "k_pid_yaw": [0.5, 1e-06, 0.1], "k_pid_hsp": [0.17521568409519764, 0.03093238625401179, 0.0], "k_pid_vsp": [196.9683364162848, 131.47513119304827, 1.648400407386181]}, "datetime": {"datetime": "2025-08-21 13:34:19", "elapsed": 17376.15388607979, "delta": 15.88815951347351}, "costs": {"total_cost": 171.94720839847685, "time_cost": 69.504, "final_distance_cost": 1.8383299150362578, "oscillation_cost": 29.473487319878974, "completition_cost": 0.0, "overshoot_cost": 50.24392200208227, "power_cost": 10.557004772949218, "noise_cost": 10.330464388530118, "n_waypoints_completed": 9, "tot_waypoints": 9}}
{"target": -180.24152162557462, "params": {"k_pid_pos": [1.2061550703615567, 0.08932353440062359, 1.0], "k_pid_alt": [2.0, 0.0038653740175918576, 0.0024342032785531057], "k_pid_att": [14.104798312249223, 0.31202748141895914, 0.387900320571588], "k_pid_yaw": [0.5, 1e-06, 0.1], "k_pid_hsp": [0.27905549372134586, 0.025558160734477597, 0.0], "k_pid_vsp": [353.12940624832976, 234.87448990066707, 2.5425300715483448]}, "datetime": {"datetime": "2025-08-21 13:34:36", "elapsed": 17393.312952280045, "delta": 17.159066200256348}, "costs": {"total_cost": 180.24152162557462, "time_cost": 73.912, "final_distance_cost": 1.8405063325716062, "oscillation_cost": 28.58923552143661, "completition_cost": 0.0, "overshoot_cost": 50.450324664883226, "power_cost": 13.121956604003907, "noise_cost": 12.32749850267927, "n_waypoints_completed": 9, "tot_waypoints": 9}}
{"target": -174.2801872517774, "params": {"k_pid_pos": [1.9167004717865634, 0.09723719500414164, 0.9698630094976965], "k_pid_alt": [2.0, 0.004042456561635102, 0.0], "k_pid_att": [28.47451288846445, 0.11843998810965672, 0.44598508347369653], "k_pid_yaw": [0.5, 1e-06, 0.1], "k_pid_hsp": [0.16275134557759216, 0.016256770222573085, 0.0], "k_pid_vsp": [293.4221790174527, 383.0835672889536, 1.913441494593986]}, "datetime": {"datetime": "2025-08-21 13:34:53", "elapsed": 17409.531759738922, "delta": 16.218807458877563}, "costs": {"total_cost": 174.2801872517774, "time_cost": 69.47200000000001, "final_distance_cost": 1.814203106843628, "oscillation_cost": 28.665040837751107, "completition_cost": 0.0, "overshoot_cost": 50.394757633099566, "power_cost": 12.500912060546876, "noise_cost": 11.433273613536223, "n_waypoints_completed": 9, "tot_waypoints": 9}}
{"target": -170.5149304598088, "params": {"k_pid_pos": [1.66853018434531, 0.05194186612927552, 1.0], "k_pid_alt": [0.9501450363091782, 0.004478464770693838, 0.01261653859350495], "k_pid_att": [19.097243129234567, 0.11726891888989106, 0.5782435103297877], "k_pid_yaw": [0.5, 1e-06, 0.1], "k_pid_hsp": [0.2301025024271585, 0.030375850243981307, 0.0], "k_pid_vsp": [188.43071806301137, 190.9982761775287, 3.0519516838385705]}, "datetime": {"datetime": "2025-08-21 13:35:08", "elapsed": 17425.411657333374, "delta": 15.879897594451904}, "costs": {"total_cost": 170.5149304598088, "time_cost": 70.504, "final_distance_cost": 1.8499456573537716, "oscillation_cost": 29.716420639623866, "completition_cost": 0.0, "overshoot_cost": 49.31169476466362, "power_cost": 9.40191326904297, "noise_cost": 9.730956129124563, "n_waypoints_completed": 9, "tot_waypoints": 9}}
{"target": -173.19488214009056, "params": {"k_pid_pos": [1.4510822470093119, 0.11048781993489278, 0.7155750953321283], "k_pid_alt": [1.554410403314014, 0.006842878431068002, 0.0008906630716191743], "k_pid_att": [18.59008102424252, 0.19895318566477052, 0.31503129473149544], "k_pid_yaw": [0.5, 1e-06, 0.1], "k_pid_hsp": [0.26830010958676614, 0.02489629248999152, 0.0], "k_pid_vsp": [278.00269286104486, 273.4841153975699, 1.8311582675870788]}, "datetime": {"datetime": "2025-08-21 13:35:25", "elapsed": 17441.762421131134, "delta": 16.35076379776001}, "costs": {"total_cost": 173.19488214009056, "time_cost": 69.568, "final_distance_cost": 1.8355453048155679, "oscillation_cost": 28.602578520446052, "completition_cost": 0.0, "overshoot_cost": 50.12950658061199, "power_cost": 11.924967504882813, "noise_cost": 11.134284229334153, "n_waypoints_completed": 9, "tot_waypoints": 9}}
{"target": -655.4001283497977, "params": {"k_pid_pos": [2.0, 0.09968349247805673, 0.8281912558703093], "k_pid_alt": [0.09546585346084413, 0.007033468179556408, 0.007197346119862051], "k_pid_att": [19.83461068970538, 0.004066620435316397, 0.4145661820539502], "k_pid_yaw": [0.5, 1e-06, 0.1], "k_pid_hsp": [0.2561662973732595, 0.015235023253559549, 0.0], "k_pid_vsp": [83.49982175408579, 247.7759919219584, 3.055744509346925]}, "datetime": {"datetime": "2025-08-21 13:35:48", "elapsed": 17464.77531671524, "delta": 23.012895584106445}, "costs": {"total_cost": 655.4001283497977, "time_cost": 150, "final_distance_cost": 68.42903852871892, "oscillation_cost": 25.825658307247597, "completition_cost": 333.33333333333337, "overshoot_cost": 47.682434721587605, "power_cost": 16.068422973632813, "noise_cost": 14.06124048527739, "n_waypoints_completed": 6, "tot_waypoints": 9}}
{"target": -169.54576103636606, "params": {"k_pid_pos": [1.3153646474710394, 0.07979456748536508, 1.0], "k_pid_alt": [1.8043536395661814, 0.005090410537243541, 0.010381733172951083], "k_pid_att": [20.556971295174467, 0.03663229135885384, 0.487851288656852], "k_pid_yaw": [0.5, 1e-06, 0.1], "k_pid_hsp": [0.19814888975266265, 0.020472698415467238, 0.0], "k_pid_vsp": [273.3879307842906, 286.6257726842225, 1.8326855057181657]}, "datetime": {"datetime": "2025-08-21 13:36:05", "elapsed": 17481.71693086624, "delta": 16.941614151000977}, "costs": {"total_cost": 169.54576103636606, "time_cost": 71.632, "final_distance_cost": 1.848886758649311, "oscillation_cost": 27.01868934589304, "completition_cost": 0.0, "overshoot_cost": 50.19554656055613, "power_cost": 9.009441320800782, "noise_cost": 9.841197050466768, "n_waypoints_completed": 9, "tot_waypoints": 9}}
{"target": -172.44122522303138, "params": {"k_pid_pos": [2.0, 0.0, 1.0], "k_pid_alt": [2.0, 0.007152452915164161, 0.007427187021050768], "k_pid_att": [24.774194280468794, 0.18390859144703456, 0.5040343174687588], "k_pid_yaw": [0.5, 1e-06, 0.1], "k_pid_hsp": [0.21120771094663762, 0.0374966059483001, 0.0], "k_pid_vsp": [164.20646448862968, 243.3719575364836, 1.9671330618067282]}, "datetime": {"datetime": "2025-08-21 13:36:21", "elapsed": 17497.64673256874, "delta": 15.92980170249939}, "costs": {"total_cost": 172.44122522303138, "time_cost": 69.584, "final_distance_cost": 1.840458624201718, "oscillation_cost": 29.99575329280434, "completition_cost": 0.0, "overshoot_cost": 49.59182256871333, "power_cost": 10.859193920898438, "noise_cost": 10.56999681641355, "n_waypoints_completed": 9, "tot_waypoints": 9}}
{"target": -183.6491058829143, "params": {"k_pid_pos": [2.0, 0.05020822712713977, 0.9370981644786777], "k_pid_alt": [1.7040790443874585, 0.005017944280656733, 0.008397713991273523], "k_pid_att": [60.681441031034616, 0.22947554892302957, 0.40948914099412503], "k_pid_yaw": [0.5, 1e-06, 0.1], "k_pid_hsp": [0.14166693698375357, 0.023375747183569356, 0.0], "k_pid_vsp": [136.6908380364197, 207.9700197434851, 0.45707201495446864]}, "datetime": {"datetime": "2025-08-21 13:36:37", "elapsed": 17514.1720559597, "delta": 16.525323390960693}, "costs": {"total_cost": 183.6491058829143, "time_cost": 70.19200000000001, "final_distance_cost": 1.8245710112355589, "oscillation_cost": 31.49598264822515, "completition_cost": 0.0, "overshoot_cost": 51.3314914840758, "power_cost": 15.734953637695313, "noise_cost": 13.070107101682503, "n_waypoints_completed": 9, "tot_waypoints": 9}}
{"target": -170.8090404430022, "params": {"k_pid_pos": [1.9205309533950168, 0.0, 0.7717974702392402], "k_pid_alt": [2.0, 0.007502124483786655, 0.012218514537436498], "k_pid_att": [29.965615944073864, 0.1994983659383794, 0.3340059499725347], "k_pid_yaw": [0.5, 1e-06, 0.1], "k_pid_hsp": [0.2548802223591526, 0.01810384045211355, 0.0], "k_pid_vsp": [230.38836805571722, 232.75088002181883, 1.094241614707995]}, "datetime": {"datetime": "2025-08-21 13:36:53", "elapsed": 17530.22041940689, "delta": 16.04836344718933}, "costs": {"total_cost": 170.8090404430022, "time_cost": 69.248, "final_distance_cost": 1.8312472989766435, "oscillation_cost": 29.903900690298325, "completition_cost": 0.0, "overshoot_cost": 49.88123249462628, "power_cost": 10.008077197265626, "noise_cost": 9.936582761835297, "n_waypoints_completed": 9, "tot_waypoints": 9}}
{"target": -683.0386726773336, "params": {"k_pid_pos": [0.5027775951790446, 0.013098313290783925, 0.9531494939422483], "k_pid_alt": [2.0, 0.007602426679183624, 0.011303493330526564], "k_pid_att": [11.855021029717548, 0.3250548209993454, 0.6343081608845608], "k_pid_yaw": [0.5, 1e-06, 0.1], "k_pid_hsp": [0.2138553341055093, 0.01678311508497535, 0.0], "k_pid_vsp": [97.52510131854133, 221.24170864406742, 2.4292904933815866]}, "datetime": {"datetime": "2025-08-21 13:37:16", "elapsed": 17552.988013982773, "delta": 22.767594575881958}, "costs": {"total_cost": 683.0386726773336, "time_cost": 150, "final_distance_cost": 65.1395420799098, "oscillation_cost": 16.64753552153354, "completition_cost": 333.33333333333337, "overshoot_cost": 66.13287919770328, "power_cost": 27.26842890625, "noise_cost": 24.516953638603546, "n_waypoints_completed": 6, "tot_waypoints": 9}}
{"target": -188.2874588511898, "params": {"k_pid_pos": [0.7854417284970577, 0.023991077819257006, 0.7097091970867097], "k_pid_alt": [1.2540894366521984, 0.006321943975904021, 0.012046671778475933], "k_pid_att": [15.997291755993158, 0.13412893652358904, 0.5401905234889429], "k_pid_yaw": [0.5, 1e-06, 0.1], "k_pid_hsp": [0.2452179471938809, 0.018487490902904902, 0.0], "k_pid_vsp": [197.12544290424543, 244.0233428178686, 1.561750555891176]}, "datetime": {"datetime": "2025-08-21 13:37:35", "elapsed": 17571.621862888336, "delta": 18.633848905563354}, "costs": {"total_cost": 188.2874588511898, "time_cost": 80.632, "final_distance_cost": 1.8516703601161963, "oscillation_cost": 25.577667333281827, "completition_cost": 0.0, "overshoot_cost": 51.592380114413004, "power_cost": 14.673732543945313, "noise_cost": 13.960008499433444, "n_waypoints_completed": 9, "tot_waypoints": 9}}
{"target": -177.28536319096125, "params": {"k_pid_pos": [2.0, 0.05571461362613849, 1.0], "k_pid_alt": [0.6759525417038598, 0.003919248889163267, 0.009804331112131932], "k_pid_att": [28.018250357462062, 0.14619526726713325, 0.4178050580523069], "k_pid_yaw": [0.5, 1e-06, 0.1], "k_pid_hsp": [0.18703187109655106, 0.022525034321850268, 0.0], "k_pid_vsp": [294.42030461987537, 156.28941020958612, 1.5894809198206328]}, "datetime": {"datetime": "2025-08-21 13:37:51", "elapsed": 17588.26700758934, "delta": 16.64514470100403}, "costs": {"total_cost": 177.28536319096125, "time_cost": 71.424, "final_distance_cost": 1.8310382961144662, "oscillation_cost": 30.005764237815495, "completition_cost": 0.0, "overshoot_cost": 50.39989620636504, "power_cost": 12.425755798339845, "noise_cost": 11.198908652326399, "n_waypoints_completed": 9, "tot_waypoints": 9}}
{"target": -172.20108223089946, "params": {"k_pid_pos": [2.0, 0.0682340715464706, 1.0], "k_pid_alt": [1.435521669012563, 0.006290822704824132, 0.013251584316585838], "k_pid_att": [20.733256225461172, 0.22065499251790355, 0.4292280338340679], "k_pid_yaw": [0.5, 1e-06, 0.1], "k_pid_hsp": [0.0902514734958032, 0.02745650159462823, 0.0], "k_pid_vsp": [145.41123957377368, 304.4230340345186, 2.6638104587722267]}, "datetime": {"datetime": "2025-08-21 13:38:07", "elapsed": 17603.856439352036, "delta": 15.589431762695312}, "costs": {"total_cost": 172.20108223089946, "time_cost": 69.144, "final_distance_cost": 1.8081294652735524, "oscillation_cost": 31.380814628164437, "completition_cost": 0.0, "overshoot_cost": 50.08427573362016, "power_cost": 9.920883959960937, "noise_cost": 9.862978443880358, "n_waypoints_completed": 9, "tot_waypoints": 9}}
{"target": -186.59392419011925, "params": {"k_pid_pos": [2.0, 0.12419557775306374, 1.0], "k_pid_alt": [1.8625140720176585, 0.004474331158709303, 0.005203470419510545], "k_pid_att": [12.962604547615385, 0.39171850382523604, 0.4688928282322402], "k_pid_yaw": [0.5, 1e-06, 0.1], "k_pid_hsp": [0.08482472202817766, 0.01455352901769016, 0.0], "k_pid_vsp": [237.33301942318394, 207.9656938450153, 1.1196801079015117]}, "datetime": {"datetime": "2025-08-21 13:38:24", "elapsed": 17620.981242895126, "delta": 17.12480354309082}, "costs": {"total_cost": 186.59392419011925, "time_cost": 71.976, "final_distance_cost": 1.8025104743282527, "oscillation_cost": 30.665119560195553, "completition_cost": 0.0, "overshoot_cost": 52.54838634551863, "power_cost": 16.36067369384766, "noise_cost": 13.241234116229188, "n_waypoints_completed": 9, "tot_waypoints": 9}}
