{"target": -167.61199430402127, "params": {"k_pid_pos": [1.3966445458727315, 0.006809791331062458, 0.8831741716180957], "k_pid_alt": [2.0, 0.00288586060734581, 0.011885488646700632], "k_pid_att": [12.226206386177829, 0.1435124188969601, 0.31467967034756456], "k_pid_yaw": [0.5, 1e-06, 0.1], "k_pid_hsp": [0.1593460972147921, 0.015890665764121473, 0.0], "k_pid_vsp": [232.06671647865628, 257.3756416041497, 1.4695079104107247]}, "datetime": {"datetime": "2025-08-21 19:51:52", "elapsed": 40029.336247205734, "delta": 18.21428084373474}, "costs": {"total_cost": 167.61199430402127, "time_cost": 70.2, "final_distance_cost": 1.8531289795350459, "oscillation_cost": 26.893444359815224, "completition_cost": 0.0, "overshoot_cost": 49.71450234346919, "power_cost": 9.11376805419922, "noise_cost": 9.837150567002588, "n_waypoints_completed": 9, "tot_waypoints": 9}}
{"target": -181.1577716522494, "params": {"k_pid_pos": [1.1589407703899903, 0.007445312076496673, 0.9696914863085019], "k_pid_alt": [1.8062300665399558, 0.0028276956923922944, 0.009677501299127438], "k_pid_att": [11.742082279568654, 0.18839354629374205, 0.22129910731077876], "k_pid_yaw": [0.5, 1e-06, 0.1], "k_pid_hsp": [0.17110889537220086, 0.019848767578466174, 0.0], "k_pid_vsp": [228.96286108129064, 250.48604002952644, 0.9718120312121149]}, "datetime": {"datetime": "2025-08-21 19:52:09", "elapsed": 40046.252462387085, "delta": 16.916215181350708}, "costs": {"total_cost": 181.1577716522494, "time_cost": 75.376, "final_distance_cost": 1.8517449320477548, "oscillation_cost": 27.28518419994523, "completition_cost": 0.0, "overshoot_cost": 49.964015603592365, "power_cost": 13.70015809326172, "noise_cost": 12.98066882340235, "n_waypoints_completed": 9, "tot_waypoints": 9}}
{"target": -175.13880213813044, "params": {"k_pid_pos": [1.6186252033629254, 0.007186135891797803, 0.9504147065013325], "k_pid_alt": [2.0, 0.0030494951844165217, 0.008949337124762783], "k_pid_att": [13.181582082610964, 0.14120775855426745, 0.2927926384447583], "k_pid_yaw": [0.5, 1e-06, 0.1], "k_pid_hsp": [0.15574761683513286, 0.018048868191402535, 0.0], "k_pid_vsp": [285.4726868460776, 250.78476697092523, 1.1331349468581786]}, "datetime": {"datetime": "2025-08-21 19:52:27", "elapsed": 40063.966805934906, "delta": 17.714343547821045}, "costs": {"total_cost": 175.13880213813044, "time_cost": 70.2, "final_distance_cost": 1.8437120738945543, "oscillation_cost": 27.391764964141693, "completition_cost": 0.0, "overshoot_cost": 50.297615637364856, "power_cost": 13.281823046875001, "noise_cost": 12.123886415854342, "n_waypoints_completed": 9, "tot_waypoints": 9}}
{"target": -167.9010553590659, "params": {"k_pid_pos": [1.8934695320607142, 0.005797510654654134, 1.0], "k_pid_alt": [2.0, 0.003363201700094166, 0.013673679094018875], "k_pid_att": [12.279258139300813, 0.17835602335526549, 0.32172962091701124], "k_pid_yaw": [0.5, 1e-06, 0.1], "k_pid_hsp": [0.20812792739121022, 0.016444888208056663, 0.0], "k_pid_vsp": [239.38078323507844, 243.1334121687913, 1.183906059373367]}, "datetime": {"datetime": "2025-08-21 19:52:43", "elapsed": 40079.64933991432, "delta": 15.682533979415894}, "costs": {"total_cost": 167.9010553590659, "time_cost": 69.288, "final_distance_cost": 1.848891807198515, "oscillation_cost": 28.676652984996682, "completition_cost": 0.0, "overshoot_cost": 50.031203811617345, "power_cost": 8.637096459960938, "noise_cost": 9.41921029529243, "n_waypoints_completed": 9, "tot_waypoints": 9}}
{"target": -175.54370640389553, "params": {"k_pid_pos": [1.4767083041024727, 0.005619686536739736, 0.7586755284367449], "k_pid_alt": [2.0, 0.0021468605916205572, 0.013904082525907384], "k_pid_att": [8.37282356573572, 0.20662484484188384, 0.31963322458159343], "k_pid_yaw": [0.5, 1e-06, 0.1], "k_pid_hsp": [0.17259772755669026, 0.019058605749921635, 0.0], "k_pid_vsp": [278.2799060590524, 203.8508647993671, 1.096932377034001]}, "datetime": {"datetime": "2025-08-21 19:53:00", "elapsed": 40096.88116645813, "delta": 17.231826543807983}, "costs": {"total_cost": 175.54370640389553, "time_cost": 70.04, "final_distance_cost": 1.8461683564462843, "oscillation_cost": 28.227925086673807, "completition_cost": 0.0, "overshoot_cost": 50.29304609920899, "power_cost": 13.204421215820313, "noise_cost": 11.93214564574612, "n_waypoints_completed": 9, "tot_waypoints": 9}}
{"target": -174.50243457028904, "params": {"k_pid_pos": [1.6993662461992176, 0.006333579925846301, 0.8502690394432783], "k_pid_alt": [1.800869369453548, 0.00238782577060634, 0.011399756116769341], "k_pid_att": [13.262174537884384, 0.17181025882209786, 0.25793537016658646], "k_pid_yaw": [0.5, 1e-06, 0.1], "k_pid_hsp": [0.17087767518338307, 0.02155880417260859, 0.0], "k_pid_vsp": [229.1058501731636, 257.1893343000816, 1.010169501754948]}, "datetime": {"datetime": "2025-08-21 19:53:17", "elapsed": 40114.047199726105, "delta": 17.166033267974854}, "costs": {"total_cost": 174.50243457028904, "time_cost": 69.904, "final_distance_cost": 1.8480720371188573, "oscillation_cost": 28.36048006023658, "completition_cost": 0.0, "overshoot_cost": 49.884503056289724, "power_cost": 12.801364465332032, "noise_cost": 11.704014951311834, "n_waypoints_completed": 9, "tot_waypoints": 9}}
{"target": -176.19088848587802, "params": {"k_pid_pos": [1.9768123374339026, 0.007146484607218791, 0.9522323529549507], "k_pid_alt": [1.93289794669331, 0.0019390882135259923, 0.015019363180143174], "k_pid_att": [11.977598477471192, 0.13996639995261603, 0.30055123476602047], "k_pid_yaw": [0.5, 1e-06, 0.1], "k_pid_hsp": [0.15854989629245297, 0.023433672225602747, 0.0], "k_pid_vsp": [271.95033852564455, 253.82687213198508, 0.9627190274240885]}, "datetime": {"datetime": "2025-08-21 19:53:33", "elapsed": 40129.976138830185, "delta": 15.9289391040802}, "costs": {"total_cost": 176.19088848587802, "time_cost": 69.408, "final_distance_cost": 1.8338556995050932, "oscillation_cost": 29.293731544878387, "completition_cost": 0.0, "overshoot_cost": 50.37176386284646, "power_cost": 13.347791442871094, "noise_cost": 11.935745935776986, "n_waypoints_completed": 9, "tot_waypoints": 9}}
{"target": -173.80441843463424, "params": {"k_pid_pos": [1.3957981461255111, 0.008527475503211993, 0.8802650280161162], "k_pid_alt": [2.0, 0.002867548549907648, 0.012008243474936115], "k_pid_att": [11.089546543909506, 0.1873546539808325, 0.3252285969916943], "k_pid_yaw": [0.5, 1e-06, 0.1], "k_pid_hsp": [0.14921558976751728, 0.02261116691280816, 0.0], "k_pid_vsp": [327.1850318467196, 271.90878694409, 0.8717374837287264]}, "datetime": {"datetime": "2025-08-21 19:53:51", "elapsed": 40148.408866643906, "delta": 18.432727813720703}, "costs": {"total_cost": 173.80441843463424, "time_cost": 70.616, "final_distance_cost": 1.8538940173015126, "oscillation_cost": 27.13730027657431, "completition_cost": 0.0, "overshoot_cost": 49.727585128340216, "power_cost": 12.670767260742188, "noise_cost": 11.798871751676023, "n_waypoints_completed": 9, "tot_waypoints": 9}}
{"target": -170.61519068117335, "params": {"k_pid_pos": [1.448581393054024, 0.00706181169065032, 1.0], "k_pid_alt": [1.9030543113043894, 0.00347263848849865, 0.012986011265798911], "k_pid_att": [11.423078153363898, 0.18581652202839102, 0.2832782806255413], "k_pid_yaw": [0.5, 1e-06, 0.1], "k_pid_hsp": [0.1458399075146675, 0.020178227863353538, 0.0], "k_pid_vsp": [289.70361793955584, 264.39648011851, 0.9693856984497122]}, "datetime": {"datetime": "2025-08-21 19:54:07", "elapsed": 40163.89813327789, "delta": 15.489266633987427}, "costs": {"total_cost": 170.61519068117335, "time_cost": 70.272, "final_distance_cost": 1.8450635613302087, "oscillation_cost": 27.281257028202848, "completition_cost": 0.0, "overshoot_cost": 49.746924477759876, "power_cost": 10.632097778320313, "noise_cost": 10.837847835560101, "n_waypoints_completed": 9, "tot_waypoints": 9}}
{"target": -175.78762382214288, "params": {"k_pid_pos": [1.4631924774968847, 0.007652093729375088, 0.9177016271034223], "k_pid_alt": [1.9395817624570177, 0.002506030245888591, 0.013754607180796569], "k_pid_att": [11.338206069135595, 0.16409314913338738, 0.250399184261596], "k_pid_yaw": [0.5, 1e-06, 0.1], "k_pid_hsp": [0.16778373093412183, 0.0219122518130322, 0.0], "k_pid_vsp": [286.13404613917106, 293.78020452458605, 1.0727876737833641]}, "datetime": {"datetime": "2025-08-21 19:54:24", "elapsed": 40181.0231962204, "delta": 17.125062942504883}, "costs": {"total_cost": 175.78762382214288, "time_cost": 70.456, "final_distance_cost": 1.848474443995764, "oscillation_cost": 27.946454397568402, "completition_cost": 0.0, "overshoot_cost": 50.247389870084184, "power_cost": 13.14248729248047, "noise_cost": 12.14681781801406, "n_waypoints_completed": 9, "tot_waypoints": 9}}
{"target": -182.19669994311133, "params": {"k_pid_pos": [1.939270465441022, 0.006478920242175568, 0.9459816561643777], "k_pid_alt": [1.9278275216775824, 0.003456005359665512, 0.012338035116823487], "k_pid_att": [12.920314000114564, 0.19410089389015642, 0.31241478669130324], "k_pid_yaw": [0.5, 1e-06, 0.1], "k_pid_hsp": [0.1679965595601145, 0.019804075120467488, 0.0], "k_pid_vsp": [239.07879056376473, 297.57512674954995, 0.8331443300151866]}, "datetime": {"datetime": "2025-08-21 19:54:40", "elapsed": 40197.18781328201, "delta": 16.16461706161499}, "costs": {"total_cost": 182.19669994311133, "time_cost": 70.168, "final_distance_cost": 1.8469159754664506, "oscillation_cost": 30.70212754488637, "completition_cost": 0.0, "overshoot_cost": 50.90886103431629, "power_cost": 15.39855858154297, "noise_cost": 13.172236806899273, "n_waypoints_completed": 9, "tot_waypoints": 9}}
{"target": -173.7106174040682, "params": {"k_pid_pos": [1.8200117579567923, 0.005707158682774695, 0.8769814861331303], "k_pid_alt": [1.537968241612725, 0.0026545893182833955, 0.013798553644823042], "k_pid_att": [13.060588851658508, 0.14289102115414162, 0.29255174682765506], "k_pid_yaw": [0.5, 1e-06, 0.1], "k_pid_hsp": [0.15944148498074362, 0.0170279381251176, 0.0], "k_pid_vsp": [287.6383240865811, 263.29245537354967, 1.013837569022895]}, "datetime": {"datetime": "2025-08-21 19:54:56", "elapsed": 40212.923733234406, "delta": 15.735919952392578}, "costs": {"total_cost": 173.7106174040682, "time_cost": 69.048, "final_distance_cost": 1.8436502366339662, "oscillation_cost": 29.193442884108034, "completition_cost": 0.0, "overshoot_cost": 50.04593061594861, "power_cost": 12.265986352539063, "noise_cost": 11.313607314838501, "n_waypoints_completed": 9, "tot_waypoints": 9}}
{"target": -168.5883505625392, "params": {"k_pid_pos": [1.6834403844122476, 0.007698366488582519, 0.9205563835219358], "k_pid_alt": [2.0, 0.0030417459065043267, 0.01008489058408273], "k_pid_att": [12.753453349897148, 0.1494342501894754, 0.3549983968490547], "k_pid_yaw": [0.5, 1e-06, 0.1], "k_pid_hsp": [0.1659727266468621, 0.01563567411976739, 0.0], "k_pid_vsp": [274.9574224243934, 255.3301251682307, 1.115662651368517]}, "datetime": {"datetime": "2025-08-21 19:55:13", "elapsed": 40229.71210217476, "delta": 16.788368940353394}, "costs": {"total_cost": 168.5883505625392, "time_cost": 69.288, "final_distance_cost": 1.8436568264992874, "oscillation_cost": 27.84338776665316, "completition_cost": 0.0, "overshoot_cost": 49.890728774761655, "power_cost": 9.748404016113282, "noise_cost": 9.974173178511837, "n_waypoints_completed": 9, "tot_waypoints": 9}}
{"target": -173.20375610639564, "params": {"k_pid_pos": [1.84581750791924, 0.007173765276334935, 0.9429500392837401], "k_pid_alt": [2.0, 0.00358960121280281, 0.014788788625448525], "k_pid_att": [11.989683092276183, 0.12430395707295079, 0.22529857774942044], "k_pid_yaw": [0.5, 1e-06, 0.1], "k_pid_hsp": [0.15904734900898443, 0.017579338761927767, 0.0], "k_pid_vsp": [284.31825201382867, 292.13465478994453, 1.0264742343118838]}, "datetime": {"datetime": "2025-08-21 19:55:28", "elapsed": 40245.4218249321, "delta": 15.709722757339478}, "costs": {"total_cost": 173.20375610639564, "time_cost": 69.872, "final_distance_cost": 1.834219105844361, "oscillation_cost": 28.088956683613578, "completition_cost": 0.0, "overshoot_cost": 50.42490614939203, "power_cost": 11.781573645019531, "noise_cost": 11.20210052252617, "n_waypoints_completed": 9, "tot_waypoints": 9}}
{"target": -180.3529919646627, "params": {"k_pid_pos": [1.6901184381808978, 0.007543498553497369, 0.8162787190921689], "k_pid_alt": [1.9523418849566838, 0.002822234233370973, 0.012411637699631294], "k_pid_att": [11.589416539458028, 0.1609971033872353, 0.3484252301773603], "k_pid_yaw": [0.5, 1e-06, 0.1], "k_pid_hsp": [0.17098765283936626, 0.016301089285225494, 0.0], "k_pid_vsp": [253.71880627693008, 234.3766731319689, 1.290927854576084]}, "datetime": {"datetime": "2025-08-21 19:55:46", "elapsed": 40262.6514749527, "delta": 17.229650020599365}, "costs": {"total_cost": 180.3529919646627, "time_cost": 70.08, "final_distance_cost": 1.8351864277242524, "oscillation_cost": 29.82449619009918, "completition_cost": 0.0, "overshoot_cost": 50.92120051386505, "power_cost": 14.72517244873047, "noise_cost": 12.966936384243755, "n_waypoints_completed": 9, "tot_waypoints": 9}}
{"target": -168.5447201733875, "params": {"k_pid_pos": [1.4533468811960315, 0.007254271401042754, 0.9348038229377685], "k_pid_alt": [2.0, 0.003196928089308517, 0.011994074558987253], "k_pid_att": [12.520484389811886, 0.13066858494218647, 0.292908661216754], "k_pid_yaw": [0.5, 1e-06, 0.1], "k_pid_hsp": [0.1561575145546338, 0.017612147229448906, 0.0], "k_pid_vsp": [270.30512253183116, 272.8265912079506, 1.1519665453756374]}, "datetime": {"datetime": "2025-08-21 19:56:02", "elapsed": 40278.51476407051, "delta": 15.86328911781311}, "costs": {"total_cost": 168.5447201733875, "time_cost": 70.024, "final_distance_cost": 1.8441182056158019, "oscillation_cost": 27.174497925164758, "completition_cost": 0.0, "overshoot_cost": 50.25789196700482, "power_cost": 9.353767492675782, "noise_cost": 9.89044458292633, "n_waypoints_completed": 9, "tot_waypoints": 9}}
{"target": -171.04275221212797, "params": {"k_pid_pos": [1.9166050894550042, 0.007777693858841216, 0.845010372982595], "k_pid_alt": [2.0, 0.0029030818891555266, 0.013097202401418276], "k_pid_att": [12.934474280329004, 0.19002114585618254, 0.3101845084006894], "k_pid_yaw": [0.5, 1e-06, 0.1], "k_pid_hsp": [0.12260445566390488, 0.01545423473635098, 0.0], "k_pid_vsp": [258.70217479994596, 215.64265070493138, 1.0196023793481326]}, "datetime": {"datetime": "2025-08-21 19:56:19", "elapsed": 40295.65687799454, "delta": 17.14211392402649}, "costs": {"total_cost": 171.04275221212797, "time_cost": 68.872, "final_distance_cost": 1.837156630847454, "oscillation_cost": 29.689852038927448, "completition_cost": 0.0, "overshoot_cost": 49.72543457479721, "power_cost": 10.548234875488282, "noise_cost": 10.37007409206757, "n_waypoints_completed": 9, "tot_waypoints": 9}}
{"target": -168.83640113241447, "params": {"k_pid_pos": [1.5728685068482553, 0.005021174978128644, 0.930824079395939], "k_pid_alt": [1.771064743396779, 0.002812797566685808, 0.013528555568707551], "k_pid_att": [10.217909001964664, 0.17332584356021777, 0.24854876299618087], "k_pid_yaw": [0.5, 1e-06, 0.1], "k_pid_hsp": [0.1762117523249573, 0.019150330029796988, 0.0], "k_pid_vsp": [260.79596614743525, 282.6954045745775, 0.8817409778670827]}, "datetime": {"datetime": "2025-08-21 19:56:35", "elapsed": 40312.26177859306, "delta": 16.604900598526}, "costs": {"total_cost": 168.83640113241447, "time_cost": 69.47200000000001, "final_distance_cost": 1.8451320889722973, "oscillation_cost": 28.428592844384628, "completition_cost": 0.0, "overshoot_cost": 49.87422322948554, "power_cost": 9.452504919433593, "noise_cost": 9.763948050138408, "n_waypoints_completed": 9, "tot_waypoints": 9}}
{"target": -173.92595737809575, "params": {"k_pid_pos": [1.807395878870766, 0.007096034154746011, 0.8174378838189221], "k_pid_alt": [1.8375111244900257, 0.002796657951771709, 0.014656032428285566], "k_pid_att": [14.325026386438514, 0.1838388471776737, 0.23880437098122864], "k_pid_yaw": [0.5, 1e-06, 0.1], "k_pid_hsp": [0.12242711637609931, 0.016221520768520434, 0.0], "k_pid_vsp": [247.85034304533758, 220.17549099442408, 0.9765470879160153]}, "datetime": {"datetime": "2025-08-21 19:56:51", "elapsed": 40327.90783762932, "delta": 15.646059036254883}, "costs": {"total_cost": 173.92595737809575, "time_cost": 69.34400000000001, "final_distance_cost": 1.8315121366207208, "oscillation_cost": 28.585482878854876, "completition_cost": 0.0, "overshoot_cost": 50.30947913129552, "power_cost": 12.553643139648438, "noise_cost": 11.301840091676185, "n_waypoints_completed": 9, "tot_waypoints": 9}}
{"target": -167.9352526593564, "params": {"k_pid_pos": [1.5024761866251062, 0.006407983274010945, 1.0], "k_pid_alt": [1.7062828442297409, 0.0030685100746169775, 0.010863804257031524], "k_pid_att": [10.666104296075972, 0.16396846311831567, 0.2838654283388847], "k_pid_yaw": [0.5, 1e-06, 0.1], "k_pid_hsp": [0.17434043106634553, 0.016079243111891295, 0.0], "k_pid_vsp": [264.34641863721134, 255.74194224744693, 0.9640661825456392]}, "datetime": {"datetime": "2025-08-21 19:57:09", "elapsed": 40346.10996365547, "delta": 18.202126026153564}, "costs": {"total_cost": 167.9352526593564, "time_cost": 70.52, "final_distance_cost": 1.8515104669776712, "oscillation_cost": 27.724625468902936, "completition_cost": 0.0, "overshoot_cost": 49.93864052493144, "power_cost": 8.36854208984375, "noise_cost": 9.531934108700636, "n_waypoints_completed": 9, "tot_waypoints": 9}}
{"target": -169.03824302000913, "params": {"k_pid_pos": [1.9266143943843728, 0.0069296866354815806, 1.0], "k_pid_alt": [1.808906630960027, 0.0030690113925162014, 0.01487650654922854], "k_pid_att": [11.461557196265185, 0.14674023623523624, 0.36413587081704607], "k_pid_yaw": [0.5, 1e-06, 0.1], "k_pid_hsp": [0.1380857588137013, 0.01982468199028357, 0.0], "k_pid_vsp": [257.3453493440618, 222.8402718895223, 1.0326559002703215]}, "datetime": {"datetime": "2025-08-21 19:57:25", "elapsed": 40361.77260661125, "delta": 15.66264295578003}, "costs": {"total_cost": 169.03824302000913, "time_cost": 68.92, "final_distance_cost": 1.8284818468579314, "oscillation_cost": 29.50322382961349, "completition_cost": 0.0, "overshoot_cost": 50.234730278636206, "power_cost": 9.001827392578125, "noise_cost": 9.549979672323385, "n_waypoints_completed": 9, "tot_waypoints": 9}}
{"target": -171.82034829673393, "params": {"k_pid_pos": [1.7704798523493448, 0.007873108821679093, 0.8892584524951189], "k_pid_alt": [2.0, 0.0029668511688936056, 0.01150065775076794], "k_pid_att": [12.745373847171521, 0.20130705980273497, 0.31886867024395443], "k_pid_yaw": [0.5, 1e-06, 0.1], "k_pid_hsp": [0.14213684530591855, 0.01561270124647801, 0.0], "k_pid_vsp": [232.9534413830116, 263.2634617787835, 1.1203955668662406]}, "datetime": {"datetime": "2025-08-21 19:57:42", "elapsed": 40378.704887628555, "delta": 16.932281017303467}, "costs": {"total_cost": 171.82034829673393, "time_cost": 69.24, "final_distance_cost": 1.8259745411382702, "oscillation_cost": 28.540863444382296, "completition_cost": 0.0, "overshoot_cost": 50.410827046266704, "power_cost": 11.173625488281251, "noise_cost": 10.629057776665405, "n_waypoints_completed": 9, "tot_waypoints": 9}}
{"target": -431.10800959704966, "params": {"k_pid_pos": [1.4897253323633048, 0.007864153560660248, 0.974960681573024], "k_pid_alt": [1.8500052972905605, 0.002935840106886781, 0.014211048237286085], "k_pid_att": [10.497701551024361, 0.1754955394591504, 0.27348310984358654], "k_pid_yaw": [0.5, 1e-06, 0.1], "k_pid_hsp": [0.13991951400232014, 0.02191699837792169, 0.0], "k_pid_vsp": [262.32785177645343, 243.40344369813985, 1.0746724042375497]}, "datetime": {"datetime": "2025-08-21 19:58:05", "elapsed": 40402.25120639801, "delta": 23.546318769454956}, "costs": {"total_cost": 431.10800959704966, "time_cost": 150, "final_distance_cost": 13.662399433758212, "oscillation_cost": 28.40059016084967, "completition_cost": 111.11111111111116, "overshoot_cost": 59.85424127114146, "power_cost": 28.613303759765625, "noise_cost": 39.466363860423506, "n_waypoints_completed": 8, "tot_waypoints": 9}}
{"target": -169.11964619681243, "params": {"k_pid_pos": [1.9031491921099877, 0.007234441672871128, 0.9456514556594926], "k_pid_alt": [1.8568620269577802, 0.0026513303282409903, 0.011740387608004813], "k_pid_att": [12.782186412093608, 0.17120285671695176, 0.3499263447392736], "k_pid_yaw": [0.5, 1e-06, 0.1], "k_pid_hsp": [0.1661048185632313, 0.018677008342359743, 0.0], "k_pid_vsp": [246.07883135152755, 248.58352390743298, 1.0713497038365167]}, "datetime": {"datetime": "2025-08-21 19:58:23", "elapsed": 40419.6776239872, "delta": 17.426417589187622}, "costs": {"total_cost": 169.11964619681243, "time_cost": 68.904, "final_distance_cost": 1.835094616513096, "oscillation_cost": 29.41974019103047, "completition_cost": 0.0, "overshoot_cost": 50.01803913978123, "power_cost": 9.2350390625, "noise_cost": 9.707733186987646, "n_waypoints_completed": 9, "tot_waypoints": 9}}
{"target": -176.13987964853177, "params": {"k_pid_pos": [1.5007670850456722, 0.007183013881948805, 0.800991678674], "k_pid_alt": [1.5291622757123777, 0.002892139275261921, 0.013025999949656251], "k_pid_att": [12.092961470607491, 0.152758824280703, 0.3250904029285686], "k_pid_yaw": [0.5, 1e-06, 0.1], "k_pid_hsp": [0.17412546628628178, 0.022012629525142154, 0.0], "k_pid_vsp": [309.1753111679306, 225.88971772612157, 0.9234413355608978]}, "datetime": {"datetime": "2025-08-21 19:58:39", "elapsed": 40435.797647476196, "delta": 16.120023488998413}, "costs": {"total_cost": 176.13987964853177, "time_cost": 70.224, "final_distance_cost": 1.8444364156588828, "oscillation_cost": 27.739412096371098, "completition_cost": 0.0, "overshoot_cost": 50.67558221290873, "power_cost": 13.500949230957032, "noise_cost": 12.15549969263606, "n_waypoints_completed": 9, "tot_waypoints": 9}}
