{"target": -166.9190847753883, "params": {"k_pid_pos": [1.5702420062955404, 0.022428364181052013, 0.771303271213785], "k_pid_alt": [1.8346309219691375, 0.002964712085396188, 0.014393891236567648], "k_pid_att": [10.673912607442594, 0.1871961663510766, 0.3866853135196293], "k_pid_yaw": [0.5, 1e-06, 0.1], "k_pid_hsp": [0.17956487794769557, 0.019081905420256527, 0.0], "k_pid_vsp": [266.33853905564825, 171.3802499851066, 1.4536374415020568]}, "datetime": {"datetime": "2025-08-21 16:27:58", "elapsed": 27794.890181303024, "delta": 15.720276117324829}, "costs": {"total_cost": 166.9190847753883, "time_cost": 68.904, "final_distance_cost": 1.8457713444887687, "oscillation_cost": 28.811039255766804, "completition_cost": 0.0, "overshoot_cost": 49.86247509118403, "power_cost": 8.201548266601563, "noise_cost": 9.294250817347148, "n_waypoints_completed": 9, "tot_waypoints": 9}}
{"target": -166.33698697832122, "params": {"k_pid_pos": [0.9485324614778076, 0.018407964170837513, 0.41374147701611036], "k_pid_alt": [1.6994236288257998, 0.004734427279441955, 0.01279805717814069], "k_pid_att": [13.38613351223919, 0.17020642982083348, 0.2194983920740465], "k_pid_yaw": [0.5, 1e-06, 0.1], "k_pid_hsp": [0.16966237814361365, 0.020562401792083268, 0.0], "k_pid_vsp": [230.01366671780406, 276.8594847892537, 1.1444901698018846]}, "datetime": {"datetime": "2025-08-21 16:28:16", "elapsed": 27813.062366247177, "delta": 18.172184944152832}, "costs": {"total_cost": 166.33698697832122, "time_cost": 70.856, "final_distance_cost": 1.8516757998116358, "oscillation_cost": 26.83084146207179, "completition_cost": 0.0, "overshoot_cost": 49.90949328722786, "power_cost": 7.762928405761719, "noise_cost": 9.126048023448233, "n_waypoints_completed": 9, "tot_waypoints": 9}}
{"target": -173.94556363665723, "params": {"k_pid_pos": [1.6275217368120367, 0.018181947341211188, 1.0], "k_pid_alt": [1.355675479102751, 0.003814122953909377, 0.010888618408575105], "k_pid_att": [15.216940616557906, 0.1747310801437885, 0.2142909732232546], "k_pid_yaw": [0.5, 1e-06, 0.1], "k_pid_hsp": [0.1216390233431011, 0.03202846384384813, 0.0], "k_pid_vsp": [222.29952188564366, 308.1761992390271, 0.611502884518662]}, "datetime": {"datetime": "2025-08-21 16:28:33", "elapsed": 27829.67343211174, "delta": 16.61106586456299}, "costs": {"total_cost": 173.94556363665723, "time_cost": 69.728, "final_distance_cost": 1.8517644076550714, "oscillation_cost": 30.169025738687377, "completition_cost": 0.0, "overshoot_cost": 49.89899775868684, "power_cost": 11.382308911132814, "noise_cost": 10.915466820495148, "n_waypoints_completed": 9, "tot_waypoints": 9}}
{"target": -178.5207756825802, "params": {"k_pid_pos": [2.0, 0.009101445807777985, 0.5650970075576452], "k_pid_alt": [1.584526430436462, 0.0035549857738266656, 0.009699575986690114], "k_pid_att": [8.874749633139947, 0.1510500373741864, 0.2810211090747075], "k_pid_yaw": [0.5, 1e-06, 0.1], "k_pid_hsp": [0.16211344705844208, 0.03074067560333683, 0.0], "k_pid_vsp": [213.66734896060507, 336.65156473523376, 1.6127428631867433]}, "datetime": {"datetime": "2025-08-21 16:28:49", "elapsed": 27845.720693588257, "delta": 16.047261476516724}, "costs": {"total_cost": 178.5207756825802, "time_cost": 68.608, "final_distance_cost": 1.8047822315080821, "oscillation_cost": 32.168361376736044, "completition_cost": 0.0, "overshoot_cost": 50.09603819071983, "power_cost": 13.963524926757813, "noise_cost": 11.880068956858416, "n_waypoints_completed": 9, "tot_waypoints": 9}}
{"target": -172.34089527956777, "params": {"k_pid_pos": [2.0, 0.019128501640984067, 1.0], "k_pid_alt": [0.9384802494977592, 0.003124291579108991, 0.008655182543000453], "k_pid_att": [12.078390399234971, 0.168053661560138, 0.3544518051445968], "k_pid_yaw": [0.5, 1e-06, 0.1], "k_pid_hsp": [0.15162863765748627, 0.020321019270138258, 0.0], "k_pid_vsp": [191.49426665994565, 293.58894893996717, 1.286834474481963]}, "datetime": {"datetime": "2025-08-21 16:29:06", "elapsed": 27863.39980649948, "delta": 17.679112911224365}, "costs": {"total_cost": 172.34089527956777, "time_cost": 69.57600000000001, "final_distance_cost": 1.8348998700244146, "oscillation_cost": 30.15530113146625, "completition_cost": 0.0, "overshoot_cost": 50.503102147315566, "power_cost": 10.208838977050782, "noise_cost": 10.062753153710746, "n_waypoints_completed": 9, "tot_waypoints": 9}}
{"target": -171.9095651530965, "params": {"k_pid_pos": [2.0, 0.013104657409286543, 0.8755313152721889], "k_pid_alt": [1.7491524705008097, 0.003623730286633906, 0.012674331860729573], "k_pid_att": [10.437622218698879, 0.16538081108370825, 0.41834480144400427], "k_pid_yaw": [0.5, 1e-06, 0.1], "k_pid_hsp": [0.15285103817866655, 0.024732205675170923, 0.0], "k_pid_vsp": [303.9316893857643, 331.50952141933493, 1.161950164265009]}, "datetime": {"datetime": "2025-08-21 16:29:22", "elapsed": 27878.936970710754, "delta": 15.537164211273193}, "costs": {"total_cost": 171.9095651530965, "time_cost": 68.512, "final_distance_cost": 1.826153193188287, "oscillation_cost": 30.612765307886665, "completition_cost": 0.0, "overshoot_cost": 49.394441783803096, "power_cost": 10.9985810546875, "noise_cost": 10.565623813530966, "n_waypoints_completed": 9, "tot_waypoints": 9}}
{"target": -172.51193928827846, "params": {"k_pid_pos": [1.3904213752591401, 0.03171392700627996, 0.6684723177599645], "k_pid_alt": [1.704564221143458, 0.0035836856162374774, 0.01196388378694939], "k_pid_att": [11.629977958189519, 0.14637377508771224, 0.3395683932238609], "k_pid_yaw": [0.5, 1e-06, 0.1], "k_pid_hsp": [0.19999434157910434, 0.022571060381174554, 0.0], "k_pid_vsp": [379.5563282997809, 255.74738459057548, 0.9459634440594801]}, "datetime": {"datetime": "2025-08-21 16:29:39", "elapsed": 27895.736706972122, "delta": 16.799736261367798}, "costs": {"total_cost": 172.51193928827846, "time_cost": 69.208, "final_distance_cost": 1.8447879346063383, "oscillation_cost": 28.343260699231752, "completition_cost": 0.0, "overshoot_cost": 49.8287996539226, "power_cost": 12.027978833007813, "noise_cost": 11.259112167509944, "n_waypoints_completed": 9, "tot_waypoints": 9}}
{"target": -171.61961406530517, "params": {"k_pid_pos": [1.8589129284391064, 0.022754478403698836, 0.7690463182975514], "k_pid_alt": [1.9423569714485929, 0.004153482462296827, 0.0063335502980768794], "k_pid_att": [10.114039111496355, 0.16695442523219706, 0.28304890616257344], "k_pid_yaw": [0.5, 1e-06, 0.1], "k_pid_hsp": [0.114094131997587, 0.019759009598089725, 0.0], "k_pid_vsp": [270.47474268070374, 230.00676995051163, 1.2227356358371781]}, "datetime": {"datetime": "2025-08-21 16:29:55", "elapsed": 27912.28786587715, "delta": 16.551158905029297}, "costs": {"total_cost": 171.61961406530517, "time_cost": 69.08800000000001, "final_distance_cost": 1.8206408255429445, "oscillation_cost": 29.975099831255662, "completition_cost": 0.0, "overshoot_cost": 50.47031353833043, "power_cost": 10.280952221679687, "noise_cost": 9.984607648496457, "n_waypoints_completed": 9, "tot_waypoints": 9}}
{"target": -169.48558013254592, "params": {"k_pid_pos": [1.4896043662915888, 0.015565845427057115, 1.0], "k_pid_alt": [1.822722830108006, 0.004676849455706295, 0.01094056645794445], "k_pid_att": [16.154665533846025, 0.09899905838230845, 0.20642421942951908], "k_pid_yaw": [0.5, 1e-06, 0.1], "k_pid_hsp": [0.1791106884627143, 0.023017307811419307, 0.0], "k_pid_vsp": [236.2228836222371, 340.3011166972747, 1.1145373850576872]}, "datetime": {"datetime": "2025-08-21 16:30:13", "elapsed": 27929.67374610901, "delta": 17.3858802318573}, "costs": {"total_cost": 169.48558013254592, "time_cost": 70.36, "final_distance_cost": 1.8521951347498906, "oscillation_cost": 27.19013656957269, "completition_cost": 0.0, "overshoot_cost": 49.9778590718075, "power_cost": 9.818567834472656, "noise_cost": 10.286821521943203, "n_waypoints_completed": 9, "tot_waypoints": 9}}
{"target": -175.05323403309515, "params": {"k_pid_pos": [1.9750359928655052, 0.009758709910133551, 0.8427471264230327], "k_pid_alt": [1.0702295682101741, 0.0040274116043543815, 0.01334817525132554], "k_pid_att": [13.159840209294194, 0.09731676573908914, 0.138612321879025], "k_pid_yaw": [0.5, 1e-06, 0.1], "k_pid_hsp": [0.12704778872291758, 0.02628401467409107, 0.0], "k_pid_vsp": [231.10892427581302, 216.54728729793135, 1.1705157797390253]}, "datetime": {"datetime": "2025-08-21 16:30:29", "elapsed": 27945.980530023575, "delta": 16.30678391456604}, "costs": {"total_cost": 175.05323403309515, "time_cost": 69.352, "final_distance_cost": 1.823162321286241, "oscillation_cost": 30.62143040023506, "completition_cost": 0.0, "overshoot_cost": 49.9678008979014, "power_cost": 12.134456787109375, "noise_cost": 11.154383626563064, "n_waypoints_completed": 9, "tot_waypoints": 9}}
{"target": -176.0407002387485, "params": {"k_pid_pos": [1.7153239453336375, 0.019878013612781523, 0.6131339041987834], "k_pid_alt": [2.0, 0.003829019506473734, 0.011388191276544862], "k_pid_att": [14.335461052101694, 0.16568280381104206, 0.32764862966729846], "k_pid_yaw": [0.5, 1e-06, 0.1], "k_pid_hsp": [0.13916908970297595, 0.029445649551624625, 0.0], "k_pid_vsp": [301.803149257002, 306.0378055678726, 0.5463608062092277]}, "datetime": {"datetime": "2025-08-21 16:30:45", "elapsed": 27961.627634048462, "delta": 15.647104024887085}, "costs": {"total_cost": 176.0407002387485, "time_cost": 69.184, "final_distance_cost": 1.8151783780347, "oscillation_cost": 30.589574508917377, "completition_cost": 0.0, "overshoot_cost": 50.10447412404512, "power_cost": 12.832503527832031, "noise_cost": 11.514969699919268, "n_waypoints_completed": 9, "tot_waypoints": 9}}
{"target": -172.0645888712234, "params": {"k_pid_pos": [1.5254156090792836, 0.013665043209201954, 1.0], "k_pid_alt": [1.2997801251839414, 0.00248129239019783, 0.012879938654390887], "k_pid_att": [14.942817728705895, 0.1305241974278261, 0.3524339841469884], "k_pid_yaw": [0.5, 1e-06, 0.1], "k_pid_hsp": [0.1810744906526107, 0.016128481434816506, 0.0], "k_pid_vsp": [311.27979999413424, 227.55053880813662, 1.9283810646563888]}, "datetime": {"datetime": "2025-08-21 16:31:03", "elapsed": 27979.511830568314, "delta": 17.884196519851685}, "costs": {"total_cost": 172.0645888712234, "time_cost": 70.408, "final_distance_cost": 1.8486255465112382, "oscillation_cost": 27.822784860820562, "completition_cost": 0.0, "overshoot_cost": 50.26002656262165, "power_cost": 10.842776196289064, "noise_cost": 10.882375704980891, "n_waypoints_completed": 9, "tot_waypoints": 9}}
{"target": -172.86923680253167, "params": {"k_pid_pos": [1.378635325247143, 0.021927862455454486, 0.8417151812607256], "k_pid_alt": [0.6921582970061354, 0.00300025332945332, 0.010640071302549224], "k_pid_att": [14.22774889310538, 0.20716436414859962, 0.2387436115786412], "k_pid_yaw": [0.5, 1e-06, 0.1], "k_pid_hsp": [0.19847944894792158, 0.015744513111253276, 0.0], "k_pid_vsp": [227.06688197160736, 361.67188815866683, 1.1216147431104806]}, "datetime": {"datetime": "2025-08-21 16:31:19", "elapsed": 27996.096616506577, "delta": 16.58478593826294}, "costs": {"total_cost": 172.86923680253167, "time_cost": 73.384, "final_distance_cost": 1.8409359780597092, "oscillation_cost": 28.275266957659074, "completition_cost": 0.0, "overshoot_cost": 50.156143542633565, "power_cost": 9.32723662109375, "noise_cost": 9.885653703085575, "n_waypoints_completed": 9, "tot_waypoints": 9}}
{"target": -177.23626557518847, "params": {"k_pid_pos": [1.4631321573465073, 0.023757560192620552, 1.0], "k_pid_alt": [1.698554264684267, 0.0024573843325214825, 0.008118032785355155], "k_pid_att": [15.595251274091732, 0.15142362292946196, 0.22178021941817724], "k_pid_yaw": [0.5, 1e-06, 0.1], "k_pid_hsp": [0.1766697478294982, 0.020328790905833848, 0.0], "k_pid_vsp": [206.33242014489304, 357.963148776646, 1.2551141267217198]}, "datetime": {"datetime": "2025-08-21 16:31:36", "elapsed": 28012.878875255585, "delta": 16.78225874900818}, "costs": {"total_cost": 177.23626557518847, "time_cost": 70.664, "final_distance_cost": 1.8526369782676948, "oscillation_cost": 27.64453207470943, "completition_cost": 0.0, "overshoot_cost": 49.67230347904056, "power_cost": 14.654820458984375, "noise_cost": 12.747972584186408, "n_waypoints_completed": 9, "tot_waypoints": 9}}
{"target": -170.35072191611172, "params": {"k_pid_pos": [1.4933985900045412, 0.023196376353080844, 0.84221749255663], "k_pid_alt": [1.6897125606053798, 0.003505937076221379, 0.014385009340246342], "k_pid_att": [10.986209590420927, 0.16135879753708313, 0.2650298963613712], "k_pid_yaw": [0.5, 1e-06, 0.1], "k_pid_hsp": [0.1635271386548586, 0.020263428431504422, 0.0], "k_pid_vsp": [191.6178444872339, 302.8900472007726, 1.3102609818149076]}, "datetime": {"datetime": "2025-08-21 16:31:52", "elapsed": 28028.836072206497, "delta": 15.957196950912476}, "costs": {"total_cost": 170.35072191611172, "time_cost": 69.296, "final_distance_cost": 1.8415686068402424, "oscillation_cost": 28.273201994526044, "completition_cost": 0.0, "overshoot_cost": 49.803944535296466, "power_cost": 10.712113146972657, "noise_cost": 10.423893632476307, "n_waypoints_completed": 9, "tot_waypoints": 9}}
{"target": -177.2275106871292, "params": {"k_pid_pos": [1.5833852222386942, 0.01364445784976537, 0.8069829573575099], "k_pid_alt": [1.0596608546400652, 0.00355413227610182, 0.012015865052989405], "k_pid_att": [14.468707411078306, 0.20112327392420615, 0.24136276119979408], "k_pid_yaw": [0.5, 1e-06, 0.1], "k_pid_hsp": [0.19059128939675019, 0.024168233138300448, 0.0], "k_pid_vsp": [294.65369428203974, 348.68845063760597, 1.0719549898660334]}, "datetime": {"datetime": "2025-08-21 16:32:09", "elapsed": 28045.77586054802, "delta": 16.939788341522217}, "costs": {"total_cost": 177.2275106871292, "time_cost": 69.816, "final_distance_cost": 1.845969082252067, "oscillation_cost": 29.46441410380459, "completition_cost": 0.0, "overshoot_cost": 50.047724432991494, "power_cost": 13.5750287109375, "noise_cost": 12.478374357143565, "n_waypoints_completed": 9, "tot_waypoints": 9}}
{"target": -173.49884503945518, "params": {"k_pid_pos": [1.4277443740903275, 0.01292591671275689, 0.992669710837793], "k_pid_alt": [1.9276916288722303, 0.0026991583452117174, 0.007383607322017839], "k_pid_att": [16.263648123906446, 0.1551492359463568, 0.23622453138349678], "k_pid_yaw": [0.5, 1e-06, 0.1], "k_pid_hsp": [0.18552070197822326, 0.020105613554763337, 0.0], "k_pid_vsp": [232.00790152741442, 312.46765311315494, 0.7478067756304546]}, "datetime": {"datetime": "2025-08-21 16:32:26", "elapsed": 28062.508291244507, "delta": 16.732430696487427}, "costs": {"total_cost": 173.49884503945518, "time_cost": 70.76, "final_distance_cost": 1.845474557450718, "oscillation_cost": 27.52170343595688, "completition_cost": 0.0, "overshoot_cost": 49.684161962156296, "power_cost": 12.016733032226563, "noise_cost": 11.67077205166474, "n_waypoints_completed": 9, "tot_waypoints": 9}}
{"target": -183.02671937153366, "params": {"k_pid_pos": [1.3067752074195254, 0.02183549947995248, 1.0], "k_pid_alt": [2.0, 0.0036254539254588158, 0.011266420111947409], "k_pid_att": [13.217091447707093, 0.2290037381329099, 0.287722887078425], "k_pid_yaw": [0.5, 1e-06, 0.1], "k_pid_hsp": [0.2724463099894447, 0.017457078191853433, 0.0], "k_pid_vsp": [251.36153120499316, 297.3299661858584, 1.6297653946331838]}, "datetime": {"datetime": "2025-08-21 16:32:42", "elapsed": 28079.012652873993, "delta": 16.504361629486084}, "costs": {"total_cost": 183.02671937153366, "time_cost": 73.72, "final_distance_cost": 1.850683274556317, "oscillation_cost": 29.382588974147634, "completition_cost": 0.0, "overshoot_cost": 50.104035055744525, "power_cost": 14.57806551513672, "noise_cost": 13.391346551948448, "n_waypoints_completed": 9, "tot_waypoints": 9}}
{"target": -202.30217160097976, "params": {"k_pid_pos": [1.5617370956517052, 0.012845632782714706, 1.0], "k_pid_alt": [0.965462437556198, 0.0030665777128641436, 0.011671324632256971], "k_pid_att": [11.063838269448235, 0.13537895720833112, 0.23541156657181217], "k_pid_yaw": [0.5, 1e-06, 0.1], "k_pid_hsp": [0.23679964315707036, 0.023045816524508576, 0.0], "k_pid_vsp": [162.40761071870855, 266.51358826399024, 1.1524112483918731]}, "datetime": {"datetime": "2025-08-21 16:33:00", "elapsed": 28097.447932481766, "delta": 18.435279607772827}, "costs": {"total_cost": 202.30217160097976, "time_cost": 78.128, "final_distance_cost": 1.8452206421923685, "oscillation_cost": 29.88804941288398, "completition_cost": 0.0, "overshoot_cost": 54.88416747158216, "power_cost": 21.073870227050783, "noise_cost": 16.482863847270462, "n_waypoints_completed": 9, "tot_waypoints": 9}}
{"target": -178.68167578747, "params": {"k_pid_pos": [1.7190983137355629, 0.015920434199531763, 0.6317277109568905], "k_pid_alt": [1.6876261905745993, 0.0036760093724006655, 0.0095950001022853], "k_pid_att": [13.257744171741658, 0.1865716089987989, 0.3501584322392988], "k_pid_yaw": [0.5, 1e-06, 0.1], "k_pid_hsp": [0.1757473234620378, 0.025328618420434292, 0.0], "k_pid_vsp": [163.76152716301343, 270.4686671657782, 1.1963942621252521]}, "datetime": {"datetime": "2025-08-21 16:33:17", "elapsed": 28113.636617660522, "delta": 16.188685178756714}, "costs": {"total_cost": 178.68167578747, "time_cost": 69.68, "final_distance_cost": 1.831993293570954, "oscillation_cost": 29.880143483869254, "completition_cost": 0.0, "overshoot_cost": 50.45438223412783, "power_cost": 14.524543237304687, "noise_cost": 12.310613538597279, "n_waypoints_completed": 9, "tot_waypoints": 9}}
{"target": -187.48790196363893, "params": {"k_pid_pos": [1.4269726045864604, 0.025552495817169313, 1.0], "k_pid_alt": [2.0, 0.00283282029068469, 0.005623080556678161], "k_pid_att": [15.101771102889849, 0.17314313379904459, 0.2698761250336951], "k_pid_yaw": [0.5, 1e-06, 0.1], "k_pid_hsp": [0.1805666223127045, 0.03156290548134185, 0.0], "k_pid_vsp": [216.16809512759696, 273.0935766381463, 1.2292732145549872]}, "datetime": {"datetime": "2025-08-21 16:33:34", "elapsed": 28130.881360769272, "delta": 17.24474310874939}, "costs": {"total_cost": 187.48790196363893, "time_cost": 73.84, "final_distance_cost": 1.8535287582785764, "oscillation_cost": 28.310248641495466, "completition_cost": 0.0, "overshoot_cost": 51.56828116373439, "power_cost": 17.285044140625, "noise_cost": 14.630799259505515, "n_waypoints_completed": 9, "tot_waypoints": 9}}
{"target": -179.82910280988972, "params": {"k_pid_pos": [1.838660164473895, 0.0161608806841911, 0.7784696663584881], "k_pid_alt": [1.82198568718328, 0.0041534969435316925, 0.011011198475390288], "k_pid_att": [17.01110737078989, 0.18294867989893107, 0.25572104658104866], "k_pid_yaw": [0.5, 1e-06, 0.1], "k_pid_hsp": [0.22100813967562125, 0.021444549014024983, 0.0], "k_pid_vsp": [260.5553420150033, 282.94896578518353, 1.396116407765714]}, "datetime": {"datetime": "2025-08-21 16:33:51", "elapsed": 28147.651282072067, "delta": 16.76992130279541}, "costs": {"total_cost": 179.82910280988972, "time_cost": 69.944, "final_distance_cost": 1.8464051273288515, "oscillation_cost": 29.697885624720833, "completition_cost": 0.0, "overshoot_cost": 50.27149550088877, "power_cost": 15.089859692382813, "noise_cost": 12.979456864568435, "n_waypoints_completed": 9, "tot_waypoints": 9}}
{"target": -167.6834144462336, "params": {"k_pid_pos": [1.659764703596528, 0.01500519193700838, 0.8873029216836613], "k_pid_alt": [1.7985811524940447, 0.0028254607407385366, 0.014713411408778054], "k_pid_att": [5.7066321518011565, 0.17438445390236024, 0.344340719493802], "k_pid_yaw": [0.5, 1e-06, 0.1], "k_pid_hsp": [0.19702337581873275, 0.018847641455575295, 0.0], "k_pid_vsp": [295.48818478416814, 212.60746256625433, 1.4894221759021649]}, "datetime": {"datetime": "2025-08-21 16:34:07", "elapsed": 28164.18998146057, "delta": 16.53869938850403}, "costs": {"total_cost": 167.6834144462336, "time_cost": 68.92, "final_distance_cost": 1.8461587807079458, "oscillation_cost": 29.574875551503506, "completition_cost": 0.0, "overshoot_cost": 49.74443944158481, "power_cost": 8.348780432128907, "noise_cost": 9.249160240308424, "n_waypoints_completed": 9, "tot_waypoints": 9}}
{"target": -175.58861745271398, "params": {"k_pid_pos": [2.0, 0.012572920317742391, 0.8923926356383066], "k_pid_alt": [1.3190634425310843, 0.002954476821112792, 0.009019955869232094], "k_pid_att": [17.455621079558917, 0.16049987055584417, 0.23583821660371487], "k_pid_yaw": [0.5, 1e-06, 0.1], "k_pid_hsp": [0.1575707027731319, 0.01821710497093088, 0.0], "k_pid_vsp": [273.22210423778967, 252.1547442708289, 1.157415497670206]}, "datetime": {"datetime": "2025-08-21 16:34:27", "elapsed": 28183.63932800293, "delta": 19.4493465423584}, "costs": {"total_cost": 175.58861745271398, "time_cost": 69.16, "final_distance_cost": 1.823293615181727, "oscillation_cost": 29.60390263976745, "completition_cost": 0.0, "overshoot_cost": 50.05890280424852, "power_cost": 13.172539794921876, "noise_cost": 11.769978598594399, "n_waypoints_completed": 9, "tot_waypoints": 9}}
{"target": -183.42116588222936, "params": {"k_pid_pos": [1.5895876613374273, 0.025557077799468666, 0.8533413071342618], "k_pid_alt": [1.932834251674148, 0.00370190767706528, 0.009969106778329856], "k_pid_att": [14.634330104038085, 0.16656500089656928, 0.27173146447515567], "k_pid_yaw": [0.5, 1e-06, 0.1], "k_pid_hsp": [0.17573051593381106, 0.01307982270049493, 0.0], "k_pid_vsp": [238.93305672188572, 307.74200386552855, 1.4625191593338023]}, "datetime": {"datetime": "2025-08-21 16:34:44", "elapsed": 28201.434339284897, "delta": 17.795011281967163}, "costs": {"total_cost": 183.42116588222936, "time_cost": 71.128, "final_distance_cost": 1.8336030407983341, "oscillation_cost": 28.983104796358322, "completition_cost": 0.0, "overshoot_cost": 51.57915696198259, "power_cost": 16.336468713378906, "noise_cost": 13.560832369711216, "n_waypoints_completed": 9, "tot_waypoints": 9}}
