{"target": -184.783283274853, "params": {"k_pid_pos": [2.0, 0.022474395718818662, 1.0], "k_pid_alt": [1.968311980446746, 0.003038468584611259, 0.010934817621672845], "k_pid_att": [9.58441548684104, 0.201507776037257, 0.2723428573042923], "k_pid_yaw": [0.5, 1e-06, 0.1], "k_pid_hsp": [0.23260783569094556, 0.016458974212181465, 0.0], "k_pid_vsp": [318.5982816955033, 157.5045447653033, 1.3977573088956905]}, "datetime": {"datetime": "2025-08-21 15:46:02", "elapsed": 25279.201391220093, "delta": 16.526526927947998}, "costs": {"total_cost": 184.783283274853, "time_cost": 69.776, "final_distance_cost": 1.8429029965733104, "oscillation_cost": 31.202123421245123, "completition_cost": 0.0, "overshoot_cost": 50.709673660818375, "power_cost": 17.27566407470703, "noise_cost": 13.976919121509155, "n_waypoints_completed": 9, "tot_waypoints": 9}}
{"target": -183.24267013924347, "params": {"k_pid_pos": [1.50380847954514, 0.028156324245023012, 0.7737801379984273], "k_pid_alt": [1.1571419869692303, 0.004225079288534341, 0.0068966590071056115], "k_pid_att": [15.227003692031156, 0.1417345595625523, 0.25152097812959595], "k_pid_yaw": [0.5, 1e-06, 0.1], "k_pid_hsp": [0.148541281666586, 0.019547321690458603, 0.0], "k_pid_vsp": [283.17181307360903, 177.96389732573343, 1.0821541167134863]}, "datetime": {"datetime": "2025-08-21 15:46:18", "elapsed": 25295.31117415428, "delta": 16.109782934188843}, "costs": {"total_cost": 183.24267013924347, "time_cost": 71.512, "final_distance_cost": 1.8384093595019328, "oscillation_cost": 28.004150200773452, "completition_cost": 0.0, "overshoot_cost": 50.72473786874329, "power_cost": 17.17364158935547, "noise_cost": 13.989731120869324, "n_waypoints_completed": 9, "tot_waypoints": 9}}
{"target": -177.05038654213124, "params": {"k_pid_pos": [2.0, 0.023113771961550036, 0.6148580867828759], "k_pid_alt": [1.2797592047705593, 0.004841720060666635, 0.008644353803052198], "k_pid_att": [21.515600965732386, 0.18329995016601744, 0.3640237283789971], "k_pid_yaw": [0.5, 1e-06, 0.1], "k_pid_hsp": [0.14535651233774458, 0.023607273853483324, 0.0], "k_pid_vsp": [230.42032656829974, 241.58263070579937, 1.154682040755729]}, "datetime": {"datetime": "2025-08-21 15:46:35", "elapsed": 25311.640617847443, "delta": 16.32944369316101}, "costs": {"total_cost": 177.05038654213124, "time_cost": 68.888, "final_distance_cost": 1.8187948282558732, "oscillation_cost": 31.698212688224583, "completition_cost": 0.0, "overshoot_cost": 49.570695042655444, "power_cost": 13.305657409667969, "noise_cost": 11.769026573327341, "n_waypoints_completed": 9, "tot_waypoints": 9}}
{"target": -180.37021421192483, "params": {"k_pid_pos": [1.3815986928499313, 0.004937097889458913, 0.5957704954230199], "k_pid_alt": [1.6453542315360767, 0.004511878851941899, 0.007997356903873612], "k_pid_att": [14.287110278616856, 0.19837197493495864, 0.48143623124115537], "k_pid_yaw": [0.5, 1e-06, 0.1], "k_pid_hsp": [0.2567035836634282, 0.015043395648263394, 0.0], "k_pid_vsp": [203.9089517967368, 384.47541473088313, 1.3450415010957428]}, "datetime": {"datetime": "2025-08-21 15:46:51", "elapsed": 25327.459222316742, "delta": 15.818604469299316}, "costs": {"total_cost": 180.37021421192483, "time_cost": 69.944, "final_distance_cost": 1.8379990602166711, "oscillation_cost": 29.027234403534546, "completition_cost": 0.0, "overshoot_cost": 50.31208253759378, "power_cost": 15.769942236328125, "noise_cost": 13.478955974251697, "n_waypoints_completed": 9, "tot_waypoints": 9}}
{"target": -174.20782316501203, "params": {"k_pid_pos": [1.5821765438950746, 0.017758369566569066, 0.6403208968630442], "k_pid_alt": [0.8924937740591184, 0.0035392252446064, 0.012874129754882035], "k_pid_att": [12.049925652864054, 0.18473019718504569, 0.3157075292732474], "k_pid_yaw": [0.5, 1e-06, 0.1], "k_pid_hsp": [0.17030884403796906, 0.02542159119570268, 0.0], "k_pid_vsp": [205.3175973934808, 189.49118681466635, 1.176885709006539]}, "datetime": {"datetime": "2025-08-21 15:47:08", "elapsed": 25344.62424182892, "delta": 17.165019512176514}, "costs": {"total_cost": 174.20782316501203, "time_cost": 69.864, "final_distance_cost": 1.8362756279554322, "oscillation_cost": 30.147372563432754, "completition_cost": 0.0, "overshoot_cost": 49.16907440295933, "power_cost": 12.0531033203125, "noise_cost": 11.13799725035201, "n_waypoints_completed": 9, "tot_waypoints": 9}}
{"target": -180.7893901832528, "params": {"k_pid_pos": [2.0, 0.01817375339184282, 0.9139257072573587], "k_pid_alt": [2.0, 0.002188265377473003, 0.017517689831744624], "k_pid_att": [18.830305126391988, 0.1701505343450722, 0.29657083895948344], "k_pid_yaw": [0.5, 1e-06, 0.1], "k_pid_hsp": [0.08569579489159225, 0.02280199486006493, 0.0], "k_pid_vsp": [77.0461177193143, 298.8054339722259, 0.732701792447462]}, "datetime": {"datetime": "2025-08-21 15:47:24", "elapsed": 25361.242353200912, "delta": 16.61811137199402}, "costs": {"total_cost": 180.7893901832528, "time_cost": 70.288, "final_distance_cost": 1.8161890501643143, "oscillation_cost": 31.04690875245052, "completition_cost": 0.0, "overshoot_cost": 51.39768480143503, "power_cost": 14.275477185058595, "noise_cost": 11.965130394144339, "n_waypoints_completed": 9, "tot_waypoints": 9}}
{"target": -188.97173200474197, "params": {"k_pid_pos": [0.8931923053883422, 0.013094574083809965, 0.8844304597227289], "k_pid_alt": [2.0, 0.002646863445232444, 0.010701960540161889], "k_pid_att": [6.995456891755819, 0.1694453611468989, 0.2772281174759146], "k_pid_yaw": [0.5, 1e-06, 0.1], "k_pid_hsp": [0.24941892431401944, 0.009254210617386686, 0.0], "k_pid_vsp": [326.4219203026527, 267.6896585343732, 0.9839172100428554]}, "datetime": {"datetime": "2025-08-21 15:47:43", "elapsed": 25379.812220096588, "delta": 18.56986689567566}, "costs": {"total_cost": 188.97173200474197, "time_cost": 80.68, "final_distance_cost": 1.8512667644783125, "oscillation_cost": 26.01063045418434, "completition_cost": 0.0, "overshoot_cost": 51.648942110636185, "power_cost": 14.73629892578125, "noise_cost": 14.044593749661855, "n_waypoints_completed": 9, "tot_waypoints": 9}}
{"target": -196.44042602193485, "params": {"k_pid_pos": [1.7103056988965744, 0.020714196824884883, 0.8142188311095762], "k_pid_alt": [0.6603539816272287, 0.00209260072515729, 0.012568800491490109], "k_pid_att": [18.77491344700325, 0.167117160868722, 0.36364178393054086], "k_pid_yaw": [0.5, 1e-06, 0.1], "k_pid_hsp": [0.04795503228128848, 0.023450344137185258, 0.0], "k_pid_vsp": [255.8364473423479, 236.9547658113994, 1.550288648681773]}, "datetime": {"datetime": "2025-08-21 15:48:01", "elapsed": 25398.371425628662, "delta": 18.559205532073975}, "costs": {"total_cost": 196.44042602193485, "time_cost": 77.16, "final_distance_cost": 1.8125501255696623, "oscillation_cost": 31.350951983887697, "completition_cost": 0.0, "overshoot_cost": 53.256768512381136, "power_cost": 18.346646606445315, "noise_cost": 14.513508793651043, "n_waypoints_completed": 9, "tot_waypoints": 9}}
{"target": -169.55173249683497, "params": {"k_pid_pos": [1.5963622049929043, 0.016080414435216964, 0.7134106817499539], "k_pid_alt": [1.6809259419720435, 0.00268161558142673, 0.01204386697223212], "k_pid_att": [12.570488739813962, 0.16076995762446408, 0.2904820401197114], "k_pid_yaw": [0.5, 1e-06, 0.1], "k_pid_hsp": [0.12077809984618748, 0.01839756112762362, 0.0], "k_pid_vsp": [271.8209666443419, 134.4605072050264, 0.8554920852071923]}, "datetime": {"datetime": "2025-08-21 15:48:17", "elapsed": 25414.403411388397, "delta": 16.031985759735107}, "costs": {"total_cost": 169.55173249683497, "time_cost": 68.936, "final_distance_cost": 1.8350866458599941, "oscillation_cost": 29.07563335653474, "completition_cost": 0.0, "overshoot_cost": 49.678407362535836, "power_cost": 9.887241284179687, "noise_cost": 10.13936384772473, "n_waypoints_completed": 9, "tot_waypoints": 9}}
{"target": -176.21123895781795, "params": {"k_pid_pos": [1.2987369435412177, 0.026812852535224422, 0.9646445166165405], "k_pid_alt": [1.553171689743391, 0.00299294394481964, 0.01302957165302004], "k_pid_att": [5.292278076282562, 0.15549318033992698, 0.27781934609846437], "k_pid_yaw": [0.5, 1e-06, 0.1], "k_pid_hsp": [0.11745666886951905, 0.01719966735877607, 0.0], "k_pid_vsp": [280.4042834029115, 276.7217120114813, 0.8959309519927441]}, "datetime": {"datetime": "2025-08-21 15:48:35", "elapsed": 25432.18493771553, "delta": 17.78152632713318}, "costs": {"total_cost": 176.21123895781795, "time_cost": 71.528, "final_distance_cost": 1.8514289091201153, "oscillation_cost": 26.303847316162873, "completition_cost": 0.0, "overshoot_cost": 50.78773401924637, "power_cost": 13.372599340820313, "noise_cost": 12.367629372468295, "n_waypoints_completed": 9, "tot_waypoints": 9}}
{"target": -172.99255493102598, "params": {"k_pid_pos": [2.0, 0.021132967621308785, 0.8007773545594606], "k_pid_alt": [1.3356492388095964, 0.0030566505286036233, 0.006736475458887367], "k_pid_att": [13.559097094314993, 0.18952236460286445, 0.277662804106699], "k_pid_yaw": [0.5, 1e-06, 0.1], "k_pid_hsp": [0.15695439204222494, 0.021388432697355405, 0.0], "k_pid_vsp": [148.9109121586829, 275.36497361338314, 0.8045121774590699]}, "datetime": {"datetime": "2025-08-21 15:48:52", "elapsed": 25448.86603808403, "delta": 16.681100368499756}, "costs": {"total_cost": 172.99255493102598, "time_cost": 68.824, "final_distance_cost": 1.8156378604042456, "oscillation_cost": 30.445438161993632, "completition_cost": 0.0, "overshoot_cost": 49.50371536398462, "power_cost": 11.66289803466797, "noise_cost": 10.740865509975523, "n_waypoints_completed": 9, "tot_waypoints": 9}}
{"target": -174.11043022457272, "params": {"k_pid_pos": [1.4479560573897299, 0.018338057109595688, 1.0], "k_pid_alt": [1.361865556781073, 0.003567949610633491, 0.009760994696215554], "k_pid_att": [21.974198340445515, 0.18253134038182117, 0.2661936895569345], "k_pid_yaw": [0.5, 1e-06, 0.1], "k_pid_hsp": [0.1572486896445253, 0.01778886958341652, 0.0], "k_pid_vsp": [366.15618874231194, 310.7872026936396, 1.2651350720684207]}, "datetime": {"datetime": "2025-08-21 15:49:09", "elapsed": 25466.174992084503, "delta": 17.308954000473022}, "costs": {"total_cost": 174.11043022457272, "time_cost": 70.792, "final_distance_cost": 1.8532411734247218, "oscillation_cost": 26.637741220240923, "completition_cost": 0.0, "overshoot_cost": 50.13345450988629, "power_cost": 12.724377221679688, "noise_cost": 11.969616099341126, "n_waypoints_completed": 9, "tot_waypoints": 9}}
{"target": -174.85099356644685, "params": {"k_pid_pos": [2.0, 0.019747303557766754, 1.0], "k_pid_alt": [2.0, 0.002436780547626509, 0.012846130398668838], "k_pid_att": [6.718997803925343, 0.17202879788957415, 0.31750265613722156], "k_pid_yaw": [0.5, 1e-06, 0.1], "k_pid_hsp": [0.2116070755884991, 0.009178440693923423, 0.0], "k_pid_vsp": [271.36874785990074, 321.25149397345626, 0.8160988121619459]}, "datetime": {"datetime": "2025-08-21 15:49:29", "elapsed": 25485.796660661697, "delta": 19.621668577194214}, "costs": {"total_cost": 174.85099356644685, "time_cost": 69.60000000000001, "final_distance_cost": 1.8298894640934542, "oscillation_cost": 29.24032772868095, "completition_cost": 0.0, "overshoot_cost": 49.92331580323574, "power_cost": 12.598497302246095, "noise_cost": 11.658963268190599, "n_waypoints_completed": 9, "tot_waypoints": 9}}
{"target": -174.2697696141162, "params": {"k_pid_pos": [1.6999662818561798, 0.01339712360212715, 0.892923373372882], "k_pid_alt": [1.1328011564540155, 0.003664352293315033, 0.008793855420819485], "k_pid_att": [13.40601108743567, 0.18861466367417087, 0.1930260637031035], "k_pid_yaw": [0.5, 1e-06, 0.1], "k_pid_hsp": [0.11833727300802595, 0.023410006331279782, 0.0], "k_pid_vsp": [225.46988327503, 249.1539113696741, 1.4397363003319228]}, "datetime": {"datetime": "2025-08-21 15:49:47", "elapsed": 25503.4972383976, "delta": 17.70057773590088}, "costs": {"total_cost": 174.2697696141162, "time_cost": 69.432, "final_distance_cost": 1.8329080792830752, "oscillation_cost": 30.158409056199847, "completition_cost": 0.0, "overshoot_cost": 49.46299313928782, "power_cost": 12.097620739746095, "noise_cost": 11.285838599599368, "n_waypoints_completed": 9, "tot_waypoints": 9}}
{"target": -169.71193970363245, "params": {"k_pid_pos": [2.0, 0.021630361407856413, 0.9561969923055923], "k_pid_alt": [1.9573107435578627, 0.004031654374166502, 0.01176376704099019], "k_pid_att": [13.913760902692845, 0.2342962017939627, 0.20485371554586893], "k_pid_yaw": [0.5, 1e-06, 0.1], "k_pid_hsp": [0.14026988663303533, 0.0207186701565387, 0.0], "k_pid_vsp": [154.7473407251729, 262.2890809854158, 1.2919784877370872]}, "datetime": {"datetime": "2025-08-21 15:50:04", "elapsed": 25520.635093927383, "delta": 17.137855529785156}, "costs": {"total_cost": 169.71193970363245, "time_cost": 68.696, "final_distance_cost": 1.8218802558539033, "oscillation_cost": 30.020723056449643, "completition_cost": 0.0, "overshoot_cost": 49.797474096065706, "power_cost": 9.580185791015625, "noise_cost": 9.795676504247574, "n_waypoints_completed": 9, "tot_waypoints": 9}}
{"target": -167.10239037156882, "params": {"k_pid_pos": [1.9804210031742466, 0.015371566880970603, 0.8450809856650013], "k_pid_alt": [2.0, 0.003227837128123858, 0.013886273619654487], "k_pid_att": [10.311824712777577, 0.18808509631319562, 0.347818223573731], "k_pid_yaw": [0.5, 1e-06, 0.1], "k_pid_hsp": [0.1311569082244741, 0.020122906957266335, 0.0], "k_pid_vsp": [216.53217791376403, 246.45542354076932, 1.0372772211863572]}, "datetime": {"datetime": "2025-08-21 15:50:21", "elapsed": 25538.123992681503, "delta": 17.488898754119873}, "costs": {"total_cost": 167.10239037156882, "time_cost": 68.552, "final_distance_cost": 1.8148099438939564, "oscillation_cost": 30.348673685874363, "completition_cost": 0.0, "overshoot_cost": 49.38551791144118, "power_cost": 8.10391689453125, "noise_cost": 8.897471935828069, "n_waypoints_completed": 9, "tot_waypoints": 9}}
{"target": -172.03784510024616, "params": {"k_pid_pos": [1.544489080940381, 0.022492831970037087, 0.9742468146201319], "k_pid_alt": [1.5287312082411273, 0.003790059268409064, 0.0084297740021049], "k_pid_att": [11.857114314396396, 0.1428715088988793, 0.2753278670840633], "k_pid_yaw": [0.5, 1e-06, 0.1], "k_pid_hsp": [0.12839038589282795, 0.016727099593551238, 0.0], "k_pid_vsp": [223.20877820968326, 246.6851026646366, 0.887728883186759]}, "datetime": {"datetime": "2025-08-21 15:50:37", "elapsed": 25554.101826906204, "delta": 15.977834224700928}, "costs": {"total_cost": 172.03784510024616, "time_cost": 69.712, "final_distance_cost": 1.8477423344330328, "oscillation_cost": 27.722533340378337, "completition_cost": 0.0, "overshoot_cost": 49.79766669663738, "power_cost": 11.773277258300782, "noise_cost": 11.184625470496622, "n_waypoints_completed": 9, "tot_waypoints": 9}}
{"target": -178.13250266040174, "params": {"k_pid_pos": [1.7955104960710802, 0.021926332128935817, 1.0], "k_pid_alt": [1.2164048004615908, 0.004388636582730718, 0.006781699561708804], "k_pid_att": [14.319304539505117, 0.14211195258548093, 0.25287007978066584], "k_pid_yaw": [0.5, 1e-06, 0.1], "k_pid_hsp": [0.1478010856820709, 0.027649022251413895, 0.0], "k_pid_vsp": [211.23485152451394, 189.17100724227987, 1.5843841971426784]}, "datetime": {"datetime": "2025-08-21 15:50:54", "elapsed": 25570.645889043808, "delta": 16.54406213760376}, "costs": {"total_cost": 178.13250266040174, "time_cost": 70.256, "final_distance_cost": 1.8498884662302342, "oscillation_cost": 28.827580005648652, "completition_cost": 0.0, "overshoot_cost": 50.14802650179824, "power_cost": 14.559124853515625, "noise_cost": 12.49188283320898, "n_waypoints_completed": 9, "tot_waypoints": 9}}
{"target": -184.0326459237215, "params": {"k_pid_pos": [0.8112621186245933, 0.013508010396924239, 0.9204783898703578], "k_pid_alt": [1.2004699227780806, 0.003561000108670253, 0.013230256827517689], "k_pid_att": [14.25688130520075, 0.07671913276511387, 0.3041622980629403], "k_pid_yaw": [0.5, 1e-06, 0.1], "k_pid_hsp": [0.11394595882374318, 0.020684944233927093, 0.0], "k_pid_vsp": [186.6618355103458, 270.18627975220227, 1.4912828163059124]}, "datetime": {"datetime": "2025-08-21 15:51:13", "elapsed": 25590.099598884583, "delta": 19.453709840774536}, "costs": {"total_cost": 184.0326459237215, "time_cost": 83.44800000000001, "final_distance_cost": 1.860273490134406, "oscillation_cost": 24.737477939594683, "completition_cost": 0.0, "overshoot_cost": 51.46495088993752, "power_cost": 10.21938916015625, "noise_cost": 12.302554443898625, "n_waypoints_completed": 9, "tot_waypoints": 9}}
{"target": -173.81135661973656, "params": {"k_pid_pos": [1.7302265682945803, 0.020510432453501187, 0.7939452547167688], "k_pid_alt": [1.7342189121373979, 0.0038286885898110063, 0.009764405281476795], "k_pid_att": [14.008008437479413, 0.15526786974674653, 0.2812911104275859], "k_pid_yaw": [0.5, 1e-06, 0.1], "k_pid_hsp": [0.17072307986359428, 0.019464517958901386, 0.0], "k_pid_vsp": [175.087433343768, 311.2477055274543, 1.0112860434764153]}, "datetime": {"datetime": "2025-08-21 15:51:30", "elapsed": 25606.541463136673, "delta": 16.441864252090454}, "costs": {"total_cost": 173.81135661973656, "time_cost": 69.376, "final_distance_cost": 1.8413145103174313, "oscillation_cost": 28.74741651726038, "completition_cost": 0.0, "overshoot_cost": 50.0408966995917, "power_cost": 12.385516662597658, "noise_cost": 11.420212229969405, "n_waypoints_completed": 9, "tot_waypoints": 9}}
{"target": -173.33880473104972, "params": {"k_pid_pos": [1.4743235452150312, 0.011342788340007895, 1.0], "k_pid_alt": [1.216811075769998, 0.003216389258894838, 0.009941613659893168], "k_pid_att": [14.630553312686132, 0.14399709570103547, 0.30170366263096693], "k_pid_yaw": [0.5, 1e-06, 0.1], "k_pid_hsp": [0.12156520333777153, 0.02539488009289943, 0.0], "k_pid_vsp": [234.08669494639278, 312.5143771905318, 1.7119638371279227]}, "datetime": {"datetime": "2025-08-21 15:51:46", "elapsed": 25623.346903562546, "delta": 16.805440425872803}, "costs": {"total_cost": 173.33880473104972, "time_cost": 70.888, "final_distance_cost": 1.853686258169602, "oscillation_cost": 28.47105953044918, "completition_cost": 0.0, "overshoot_cost": 49.54280829237898, "power_cost": 11.404032446289063, "noise_cost": 11.179218203762913, "n_waypoints_completed": 9, "tot_waypoints": 9}}
{"target": -176.2781450441246, "params": {"k_pid_pos": [1.8851591049076484, 0.004130785865931536, 0.9013031348659309], "k_pid_alt": [1.9186015116400073, 0.0037670529301144923, 0.009820718881569686], "k_pid_att": [13.022636468959677, 0.19736642901796228, 0.2626841703590055], "k_pid_yaw": [0.5, 1e-06, 0.1], "k_pid_hsp": [0.12426205868848557, 0.02322035560098165, 0.0], "k_pid_vsp": [191.19750221773214, 371.7902174537574, 0.8627624311239855]}, "datetime": {"datetime": "2025-08-21 15:52:02", "elapsed": 25639.17321228981, "delta": 15.826308727264404}, "costs": {"total_cost": 176.2781450441246, "time_cost": 69.536, "final_distance_cost": 1.8470301364258437, "oscillation_cost": 30.04422685406795, "completition_cost": 0.0, "overshoot_cost": 50.176978584461, "power_cost": 12.889889233398439, "noise_cost": 11.784020235771415, "n_waypoints_completed": 9, "tot_waypoints": 9}}
{"target": -172.58796411462146, "params": {"k_pid_pos": [1.6486195597074256, 0.026441630787694372, 0.8057135605658833], "k_pid_alt": [1.326117188436163, 0.003678237156820901, 0.008884730722084587], "k_pid_att": [8.450774090568492, 0.1387370017187134, 0.27523420607276566], "k_pid_yaw": [0.5, 1e-06, 0.1], "k_pid_hsp": [0.14620975502122932, 0.01784782836493462, 0.0], "k_pid_vsp": [265.27584436253915, 249.19554705560435, 0.8381851419033639]}, "datetime": {"datetime": "2025-08-21 15:52:19", "elapsed": 25655.947304964066, "delta": 16.77409267425537}, "costs": {"total_cost": 172.58796411462146, "time_cost": 69.048, "final_distance_cost": 1.825028739702294, "oscillation_cost": 29.211331061759545, "completition_cost": 0.0, "overshoot_cost": 50.1536227797089, "power_cost": 11.42548515625, "noise_cost": 10.924496377200725, "n_waypoints_completed": 9, "tot_waypoints": 9}}
{"target": -180.44448093811417, "params": {"k_pid_pos": [2.0, 0.010337464174793353, 1.0], "k_pid_alt": [1.337756657271474, 0.0029895049414605216, 0.010513875681756754], "k_pid_att": [17.71100195457831, 0.14034888144053645, 0.24748207547386025], "k_pid_yaw": [0.5, 1e-06, 0.1], "k_pid_hsp": [0.1779334371573181, 0.01312300224025649, 0.0], "k_pid_vsp": [183.48589660875007, 263.15967773616427, 0.9133260984991475]}, "datetime": {"datetime": "2025-08-21 15:52:35", "elapsed": 25672.126374959946, "delta": 16.179069995880127}, "costs": {"total_cost": 180.44448093811417, "time_cost": 69.696, "final_distance_cost": 1.8421368170796044, "oscillation_cost": 29.230749687858953, "completition_cost": 0.0, "overshoot_cost": 50.643453329455404, "power_cost": 15.796827001953126, "noise_cost": 13.23531410176707, "n_waypoints_completed": 9, "tot_waypoints": 9}}
{"target": -185.11852340570593, "params": {"k_pid_pos": [1.515230327546553, 0.02166219521520704, 0.7103772186846898], "k_pid_alt": [1.4773416049759718, 0.0018189035236982638, 0.010882238554386447], "k_pid_att": [5.951883208519189, 0.16969704833096766, 0.30191857607991074], "k_pid_yaw": [0.5, 1e-06, 0.1], "k_pid_hsp": [0.11291540448476724, 0.017072280342442268, 0.0], "k_pid_vsp": [80.56223963191864, 210.3626459598697, 1.3673156444454815]}, "datetime": {"datetime": "2025-08-21 15:52:53", "elapsed": 25690.0015501976, "delta": 17.87517523765564}, "costs": {"total_cost": 185.11852340570593, "time_cost": 70.04, "final_distance_cost": 1.826558827565337, "oscillation_cost": 31.2656379050054, "completition_cost": 0.0, "overshoot_cost": 51.1237562161683, "power_cost": 17.067297631835938, "noise_cost": 13.795272825130962, "n_waypoints_completed": 9, "tot_waypoints": 9}}
