{"target": -170.59849935781537, "params": {"k_pid_pos": [1.5012475565786343, 0.08708946531155176, 0.9244295504659915], "k_pid_alt": [1.136779367337814, 0.006159549713810236, 0.006467545007451769], "k_pid_att": [32.8973329837377, 0.11663126587624247, 0.7275873349996692], "k_pid_yaw": [0.5, 1e-06, 0.1], "k_pid_hsp": [0.13529833740018446, 0.02369819886944465, 0.0], "k_pid_vsp": [134.459245734028, 235.63429037163226, 2.6580306986594855]}, "datetime": {"datetime": "2025-08-21 13:38:40", "elapsed": 17637.32546377182, "delta": 16.344220876693726}, "costs": {"total_cost": 170.59849935781537, "time_cost": 69.928, "final_distance_cost": 1.8334065060220612, "oscillation_cost": 28.91380394629341, "completition_cost": 0.0, "overshoot_cost": 49.230926633350066, "power_cost": 10.253723864746094, "noise_cost": 10.438638407403747, "n_waypoints_completed": 9, "tot_waypoints": 9}}
{"target": -188.1689263134711, "params": {"k_pid_pos": [2.0, 0.13737559746955244, 0.9860993194871726], "k_pid_alt": [2.0, 0.003866849678562464, 0.010048926874918753], "k_pid_att": [16.631703650752133, 0.15222780499696234, 0.0], "k_pid_yaw": [0.5, 1e-06, 0.1], "k_pid_hsp": [0.31068167239714684, 0.02820603500652208, 0.0], "k_pid_vsp": [400.0, 219.68450032684873, 1.210013264599353]}, "datetime": {"datetime": "2025-08-21 13:38:57", "elapsed": 17653.67547607422, "delta": 16.35001230239868}, "costs": {"total_cost": 188.1689263134711, "time_cost": 70.60000000000001, "final_distance_cost": 1.8241521248771295, "oscillation_cost": 35.51618722458426, "completition_cost": 0.0, "overshoot_cost": 50.74804844754791, "power_cost": 15.978709912109375, "noise_cost": 13.501828604352422, "n_waypoints_completed": 9, "tot_waypoints": 9}}
{"target": -169.19831165884244, "params": {"k_pid_pos": [0.9501027217683272, 0.05605556866987218, 0.8586289960845344], "k_pid_alt": [2.0, 0.005262058568425554, 0.01565965318725415], "k_pid_att": [32.312867656266214, 0.23336733880591795, 0.5446865419066358], "k_pid_yaw": [0.5, 1e-06, 0.1], "k_pid_hsp": [0.046756212443912586, 0.009217018527375423, 0.0], "k_pid_vsp": [215.77268394637804, 228.04617643191258, 2.773979744915374]}, "datetime": {"datetime": "2025-08-21 13:39:14", "elapsed": 17670.82325553894, "delta": 17.14777946472168}, "costs": {"total_cost": 169.19831165884244, "time_cost": 74.712, "final_distance_cost": 1.8072565402702172, "oscillation_cost": 19.635598544087014, "completition_cost": 0.0, "overshoot_cost": 54.09670699724015, "power_cost": 8.975922131347657, "noise_cost": 9.97082744589738, "n_waypoints_completed": 9, "tot_waypoints": 9}}
{"target": -241.42951365869814, "params": {"k_pid_pos": [2.0, 0.11373622042904773, 1.0], "k_pid_alt": [1.3456284452076226, 0.0048633430795438385, 0.00856199016347076], "k_pid_att": [21.099788604930435, 0.3893413425225731, 0.22577505353298455], "k_pid_yaw": [0.5, 1e-06, 0.1], "k_pid_hsp": [0.20675692634535622, 0.019166249804232635, 0.0], "k_pid_vsp": [345.9199216003831, 266.58061636654156, 3.0838971002770563]}, "datetime": {"datetime": "2025-08-21 13:39:36", "elapsed": 17692.491993665695, "delta": 21.66873812675476}, "costs": {"total_cost": 241.42951365869814, "time_cost": 92.784, "final_distance_cost": 1.8389515647544346, "oscillation_cost": 31.99666816079396, "completition_cost": 0.0, "overshoot_cost": 58.292007998802745, "power_cost": 27.146462023925782, "noise_cost": 29.37142391042122, "n_waypoints_completed": 9, "tot_waypoints": 9}}
{"target": -183.65393832809946, "params": {"k_pid_pos": [2.0, 0.06923975885630315, 1.0], "k_pid_alt": [2.0, 0.004470141853266409, 0.0024206003969056236], "k_pid_att": [24.689957276514246, 0.14404176166800187, 0.6621027859375023], "k_pid_yaw": [0.5, 1e-06, 0.1], "k_pid_hsp": [0.10354635450927609, 0.032672410718114525, 0.0], "k_pid_vsp": [66.34511124260473, 280.1509271181126, 1.4624258446650913]}, "datetime": {"datetime": "2025-08-21 13:39:53", "elapsed": 17709.623848438263, "delta": 17.13185477256775}, "costs": {"total_cost": 183.65393832809946, "time_cost": 69.944, "final_distance_cost": 1.8187926436366346, "oscillation_cost": 31.400987489749134, "completition_cost": 0.0, "overshoot_cost": 51.021856419699716, "power_cost": 16.238706188964844, "noise_cost": 13.229595586049118, "n_waypoints_completed": 9, "tot_waypoints": 9}}
{"target": -176.15951768044062, "params": {"k_pid_pos": [1.8374022702153814, 0.07708687549084417, 1.0], "k_pid_alt": [1.77795698398842, 0.004685594588535101, 0.007113130099420402], "k_pid_att": [37.523623223262256, 0.2825111366193107, 0.17066366061101532], "k_pid_yaw": [0.5, 1e-06, 0.1], "k_pid_hsp": [0.1848942089251772, 0.01644218004154768, 0.0], "k_pid_vsp": [200.33487202180086, 257.3594508983899, 2.2777478622941922]}, "datetime": {"datetime": "2025-08-21 13:40:08", "elapsed": 17725.24008846283, "delta": 15.61624002456665}, "costs": {"total_cost": 176.15951768044062, "time_cost": 69.672, "final_distance_cost": 1.829694802121114, "oscillation_cost": 28.998825712842653, "completition_cost": 0.0, "overshoot_cost": 50.42514356551428, "power_cost": 13.372709765625, "noise_cost": 11.86114383433757, "n_waypoints_completed": 9, "tot_waypoints": 9}}
{"target": -168.04880958378064, "params": {"k_pid_pos": [1.308912262331935, 0.09498336379765092, 1.0], "k_pid_alt": [2.0, 0.0057625102997904245, 0.01626876104744557], "k_pid_att": [27.5381815857604, 0.2064604048849592, 0.539372689537094], "k_pid_yaw": [0.5, 1e-06, 0.1], "k_pid_hsp": [0.18943469135413563, 0.02735808933306709, 0.0], "k_pid_vsp": [308.7075086239514, 197.89229870508166, 2.0610436218561157]}, "datetime": {"datetime": "2025-08-21 13:40:25", "elapsed": 17742.115247011185, "delta": 16.875158548355103}, "costs": {"total_cost": 168.04880958378064, "time_cost": 71.52, "final_distance_cost": 1.8405338018577018, "oscillation_cost": 27.293665089447565, "completition_cost": 0.0, "overshoot_cost": 50.20150163505881, "power_cost": 7.835999755859375, "noise_cost": 9.357109301557193, "n_waypoints_completed": 9, "tot_waypoints": 9}}
{"target": -172.54027673502944, "params": {"k_pid_pos": [0.8463308455094092, 0.10453173333577187, 0.317424248523993], "k_pid_alt": [1.5923781585608996, 0.010844795556328765, 0.004496835941041832], "k_pid_att": [27.1632041368314, 0.12926104216825887, 0.32143074181768344], "k_pid_yaw": [0.5, 1e-06, 0.1], "k_pid_hsp": [0.18836472088190784, 0.01318034703699221, 0.0], "k_pid_vsp": [232.52980482984285, 97.32578633844378, 2.1609274523255917]}, "datetime": {"datetime": "2025-08-21 13:40:42", "elapsed": 17759.14054965973, "delta": 17.02530264854431}, "costs": {"total_cost": 172.54027673502944, "time_cost": 71.352, "final_distance_cost": 1.8180166979758219, "oscillation_cost": 26.0285463778925, "completition_cost": 0.0, "overshoot_cost": 51.06793669066165, "power_cost": 11.12884949951172, "noise_cost": 11.144927468987747, "n_waypoints_completed": 9, "tot_waypoints": 9}}
{"target": -175.2641752236936, "params": {"k_pid_pos": [1.9028445223070776, 0.0375004871983573, 0.9038486564890006], "k_pid_alt": [1.7569307525967393, 0.005668691320097105, 0.0], "k_pid_att": [16.337796761873708, 0.2119860908419268, 0.18921661460295247], "k_pid_yaw": [0.5, 1e-06, 0.1], "k_pid_hsp": [0.356940859506401, 0.016321045309625165, 0.0], "k_pid_vsp": [159.9947232446063, 272.3659043279645, 1.0566307670795387]}, "datetime": {"datetime": "2025-08-21 13:40:58", "elapsed": 17774.92509508133, "delta": 15.784545421600342}, "costs": {"total_cost": 175.2641752236936, "time_cost": 69.392, "final_distance_cost": 1.8402918252448863, "oscillation_cost": 30.64013436362103, "completition_cost": 0.0, "overshoot_cost": 50.17833121378848, "power_cost": 11.987066479492189, "noise_cost": 11.226351341546989, "n_waypoints_completed": 9, "tot_waypoints": 9}}
{"target": -186.9822615521561, "params": {"k_pid_pos": [0.5965258756460039, 0.07574483437094004, 0.6527013017609256], "k_pid_alt": [1.5987191999528358, 0.002225690969014757, 0.014473934310262794], "k_pid_att": [22.03586400504679, 0.16649940515029812, 0.6218209691744788], "k_pid_yaw": [0.5, 1e-06, 0.1], "k_pid_hsp": [0.2728633695302008, 0.023213759295343445, 0.0], "k_pid_vsp": [320.62205455807765, 136.8293982254123, 1.7102286572964964]}, "datetime": {"datetime": "2025-08-21 13:41:17", "elapsed": 17794.203252077103, "delta": 19.278156995773315}, "costs": {"total_cost": 186.9822615521561, "time_cost": 83.248, "final_distance_cost": 1.854139609272029, "oscillation_cost": 24.07329748761465, "completition_cost": 0.0, "overshoot_cost": 52.08260059632958, "power_cost": 12.799118664550782, "noise_cost": 12.925105194389069, "n_waypoints_completed": 9, "tot_waypoints": 9}}
{"target": -223.14923485164334, "params": {"k_pid_pos": [1.3745406074337467, 0.12233434136132665, 0.9008119999964098], "k_pid_alt": [2.0, 0.00584609035269841, 0.01310898004497744], "k_pid_att": [32.31480458714625, 0.19900535724612536, 0.3339220793668067], "k_pid_yaw": [0.5, 1e-06, 0.1], "k_pid_hsp": [0.35495489244894163, 0.0391175660841768, 0.0], "k_pid_vsp": [0.0, 154.38035921571608, 2.0506331720235256]}, "datetime": {"datetime": "2025-08-21 13:41:38", "elapsed": 17814.806879281998, "delta": 20.60362720489502}, "costs": {"total_cost": 223.14923485164334, "time_cost": 88.83200000000001, "final_distance_cost": 1.812856544880979, "oscillation_cost": 41.770536422244525, "completition_cost": 0.0, "overshoot_cost": 57.78711205584733, "power_cost": 18.967308654785157, "noise_cost": 13.979421173885344, "n_waypoints_completed": 9, "tot_waypoints": 9}}
{"target": -181.7616454075367, "params": {"k_pid_pos": [1.0516632706768128, 0.07881963850144043, 1.0], "k_pid_alt": [1.702741547135848, 0.0, 0.008400589955273015], "k_pid_att": [19.89624345796114, 0.24312673164229803, 0.5446681691073986], "k_pid_yaw": [0.5, 1e-06, 0.1], "k_pid_hsp": [0.25373841666456315, 0.0218318741437262, 0.0], "k_pid_vsp": [96.4206290181724, 318.54090963625725, 0.960156747585185]}, "datetime": {"datetime": "2025-08-21 13:41:55", "elapsed": 17832.302728414536, "delta": 17.495849132537842}, "costs": {"total_cost": 181.7616454075367, "time_cost": 76.168, "final_distance_cost": 1.8491705201745243, "oscillation_cost": 28.19037033610751, "completition_cost": 0.0, "overshoot_cost": 50.650067868252584, "power_cost": 12.615548974609375, "noise_cost": 12.288487708392703, "n_waypoints_completed": 9, "tot_waypoints": 9}}
{"target": -178.73107869537495, "params": {"k_pid_pos": [2.0, 0.02018732210820393, 1.0], "k_pid_alt": [1.816510101239426, 0.008677528299229182, 0.0033605493649845396], "k_pid_att": [46.36053336338034, 0.18941273964541938, 0.09064863311417404], "k_pid_yaw": [0.5, 1e-06, 0.1], "k_pid_hsp": [0.17445126215964424, 0.014501802481301734, 0.0], "k_pid_vsp": [158.03459524830927, 371.6210670439047, 1.1897222436063297]}, "datetime": {"datetime": "2025-08-21 13:42:12", "elapsed": 17848.460621595383, "delta": 16.157893180847168}, "costs": {"total_cost": 178.73107869537495, "time_cost": 69.936, "final_distance_cost": 1.837737865023896, "oscillation_cost": 30.672648800128975, "completition_cost": 0.0, "overshoot_cost": 50.88742214300856, "power_cost": 13.256774462890625, "noise_cost": 12.140495424322852, "n_waypoints_completed": 9, "tot_waypoints": 9}}
{"target": -172.6337155230187, "params": {"k_pid_pos": [2.0, 0.039959729808906004, 1.0], "k_pid_alt": [1.4727169777092852, 0.004628846825810463, 0.0009770053806257737], "k_pid_att": [43.03813679550473, 0.20923831407457774, 0.5700638856047199], "k_pid_yaw": [0.5, 1e-06, 0.1], "k_pid_hsp": [0.1696804088686237, 0.02141491341165731, 0.0], "k_pid_vsp": [249.0930348541347, 275.3216639448737, 2.8181760974967247]}, "datetime": {"datetime": "2025-08-21 13:42:28", "elapsed": 17864.864152669907, "delta": 16.403531074523926}, "costs": {"total_cost": 172.6337155230187, "time_cost": 68.904, "final_distance_cost": 1.839809508514451, "oscillation_cost": 29.85953925430947, "completition_cost": 0.0, "overshoot_cost": 49.80051668765805, "power_cost": 11.305789025878907, "noise_cost": 10.92406104665785, "n_waypoints_completed": 9, "tot_waypoints": 9}}
{"target": -185.3060053578958, "params": {"k_pid_pos": [1.0908196448416219, 0.0919879272709088, 1.0], "k_pid_alt": [2.0, 0.005682355634580282, 0.0], "k_pid_att": [23.80089314266553, 0.08414228446485043, 0.32076682167025933], "k_pid_yaw": [0.5, 1e-06, 0.1], "k_pid_hsp": [0.25220062128144766, 0.028568720525447438, 0.0], "k_pid_vsp": [195.63480592367787, 202.4380533042037, 2.790735107606347]}, "datetime": {"datetime": "2025-08-21 13:42:45", "elapsed": 17882.169033288956, "delta": 17.304880619049072}, "costs": {"total_cost": 185.3060053578958, "time_cost": 75.568, "final_distance_cost": 1.8460914717636203, "oscillation_cost": 28.378511312291266, "completition_cost": 0.0, "overshoot_cost": 50.95782119161299, "power_cost": 15.017099035644533, "noise_cost": 13.5384823465834, "n_waypoints_completed": 9, "tot_waypoints": 9}}
{"target": -220.58395619968792, "params": {"k_pid_pos": [1.6785311807894485, 0.06643696790044722, 0.8919218302814625], "k_pid_alt": [1.9980125567200222, 0.009219535766197932, 0.006024242365829358], "k_pid_att": [20.73321585986621, 0.08729291258620171, 0.2168161882216372], "k_pid_yaw": [0.5, 1e-06, 0.1], "k_pid_hsp": [0.2873212567411762, 0.027462779341570875, 0.0], "k_pid_vsp": [4.391030645826722, 273.51003118960915, 2.0321387976192837]}, "datetime": {"datetime": "2025-08-21 13:43:06", "elapsed": 17902.70305609703, "delta": 20.53402280807495}, "costs": {"total_cost": 220.58395619968792, "time_cost": 86.304, "final_distance_cost": 1.8265118573078511, "oscillation_cost": 41.51473134715346, "completition_cost": 0.0, "overshoot_cost": 57.7116176757582, "power_cost": 19.204433618164064, "noise_cost": 14.022661701304346, "n_waypoints_completed": 9, "tot_waypoints": 9}}
{"target": -176.30965409893042, "params": {"k_pid_pos": [1.6163020124119243, 0.115771944168507, 1.0], "k_pid_alt": [2.0, 0.0036246716527304477, 0.004565219188761059], "k_pid_att": [17.294117702453118, 0.11671010459990527, 0.4215727320370344], "k_pid_yaw": [0.5, 1e-06, 0.1], "k_pid_hsp": [0.22897696689416133, 0.023013732914042313, 0.0], "k_pid_vsp": [298.99704517404103, 243.33125013400226, 2.042299299254364]}, "datetime": {"datetime": "2025-08-21 13:43:23", "elapsed": 17919.67511487007, "delta": 16.97205877304077}, "costs": {"total_cost": 176.30965409893042, "time_cost": 70.384, "final_distance_cost": 1.8353759871142152, "oscillation_cost": 28.54650490851266, "completition_cost": 0.0, "overshoot_cost": 50.71160766756568, "power_cost": 13.058069384765625, "noise_cost": 11.774096150972253, "n_waypoints_completed": 9, "tot_waypoints": 9}}
{"target": -173.9335781453951, "params": {"k_pid_pos": [1.414132363196398, 0.08041276987112801, 1.0], "k_pid_alt": [1.4555496119300575, 0.006354277037067255, 0.004240896501098344], "k_pid_att": [18.399939200530206, 0.25881391101620715, 0.48402365622014704], "k_pid_yaw": [0.5, 1e-06, 0.1], "k_pid_hsp": [0.2167140065684241, 0.014881766426787346, 0.0], "k_pid_vsp": [186.0828849663932, 140.34123220121884, 2.3973383107873705]}, "datetime": {"datetime": "2025-08-21 13:43:39", "elapsed": 17936.27079296112, "delta": 16.595678091049194}, "costs": {"total_cost": 173.9335781453951, "time_cost": 70.928, "final_distance_cost": 1.844032576798162, "oscillation_cost": 26.191593583710976, "completition_cost": 0.0, "overshoot_cost": 50.55099038742153, "power_cost": 12.509653918457031, "noise_cost": 11.909307679007412, "n_waypoints_completed": 9, "tot_waypoints": 9}}
{"target": -194.0912785415496, "params": {"k_pid_pos": [2.0, 0.12473631243093371, 1.0], "k_pid_alt": [1.6919973335567757, 0.005264277858617685, 0.013831461294960545], "k_pid_att": [23.423670326116618, 0.22659009206593864, 0.49648067994412814], "k_pid_yaw": [0.5, 1e-06, 0.1], "k_pid_hsp": [0.24593045694770174, 0.02013309116843031, 0.0], "k_pid_vsp": [227.47544198203028, 375.7089226456457, 1.7092942278655545]}, "datetime": {"datetime": "2025-08-21 13:43:56", "elapsed": 17952.997019290924, "delta": 16.726226329803467}, "costs": {"total_cost": 194.0912785415496, "time_cost": 74.072, "final_distance_cost": 1.822623573237189, "oscillation_cost": 30.578413102540615, "completition_cost": 0.0, "overshoot_cost": 50.841871980797094, "power_cost": 20.94472156982422, "noise_cost": 15.831648315150458, "n_waypoints_completed": 9, "tot_waypoints": 9}}
{"target": -173.42570051370927, "params": {"k_pid_pos": [1.9799352315386392, 0.08276898697898752, 1.0], "k_pid_alt": [1.7750588160732763, 0.006114333965385175, 0.0018285928650979006], "k_pid_att": [30.83027998102324, 0.2081678848322496, 0.4408623184781846], "k_pid_yaw": [0.5, 1e-06, 0.1], "k_pid_hsp": [0.13645188792163396, 0.018881786154311592, 0.0], "k_pid_vsp": [133.04143101831676, 170.2761297537327, 1.6334213119741972]}, "datetime": {"datetime": "2025-08-21 13:44:12", "elapsed": 17968.899638175964, "delta": 15.902618885040283}, "costs": {"total_cost": 173.42570051370927, "time_cost": 69.552, "final_distance_cost": 1.8170021358826416, "oscillation_cost": 28.596705457402265, "completition_cost": 0.0, "overshoot_cost": 50.31524471664694, "power_cost": 12.019090405273438, "noise_cost": 11.125657798503996, "n_waypoints_completed": 9, "tot_waypoints": 9}}
{"target": -177.25255241681305, "params": {"k_pid_pos": [2.0, 0.08932102327292124, 0.513065403989981], "k_pid_alt": [0.8977934333272471, 0.006404219450171063, 0.008908218296012972], "k_pid_att": [21.545658897501344, 0.15292898229692933, 0.44266420542274215], "k_pid_yaw": [0.5, 1e-06, 0.1], "k_pid_hsp": [0.23159196454848244, 0.026253416332973827, 0.0], "k_pid_vsp": [209.9920423234322, 252.4931624782004, 2.3107477258428015]}, "datetime": {"datetime": "2025-08-21 13:44:28", "elapsed": 17985.27344417572, "delta": 16.37380599975586}, "costs": {"total_cost": 177.25255241681305, "time_cost": 69.632, "final_distance_cost": 1.796220545645468, "oscillation_cost": 31.945071703395396, "completition_cost": 0.0, "overshoot_cost": 49.8515000543344, "power_cost": 12.759675451660156, "noise_cost": 11.268084661777642, "n_waypoints_completed": 9, "tot_waypoints": 9}}
{"target": -188.90641354330526, "params": {"k_pid_pos": [1.0881967847132141, 0.09005670087346622, 1.0], "k_pid_alt": [1.6898502611387016, 0.005867856631515576, 0.00843462531325329], "k_pid_att": [23.01480868367396, 0.1746221088988571, 0.4620608284964331], "k_pid_yaw": [0.5, 1e-06, 0.1], "k_pid_hsp": [0.2967655767481854, 0.018908514988044713, 0.0], "k_pid_vsp": [119.91355824660603, 265.57384124632136, 1.4811889650256462]}, "datetime": {"datetime": "2025-08-21 13:44:46", "elapsed": 18002.718049526215, "delta": 17.444605350494385}, "costs": {"total_cost": 188.90641354330526, "time_cost": 76.144, "final_distance_cost": 1.84015862955886, "oscillation_cost": 28.866597061237893, "completition_cost": 0.0, "overshoot_cost": 51.338791751971485, "power_cost": 16.210656982421877, "noise_cost": 14.506209118115148, "n_waypoints_completed": 9, "tot_waypoints": 9}}
{"target": -173.89997402198588, "params": {"k_pid_pos": [1.8838235218587507, 0.037774054002529804, 1.0], "k_pid_alt": [1.8169752883126697, 0.004533354029207854, 0.0035907254325230702], "k_pid_att": [23.881633366756038, 0.24005354503297946, 0.4240577246844341], "k_pid_yaw": [0.5, 1e-06, 0.1], "k_pid_hsp": [0.19301585871441093, 0.022398654005036062, 0.0], "k_pid_vsp": [286.4304412706776, 108.79441154566324, 2.4527095503721483]}, "datetime": {"datetime": "2025-08-21 13:45:02", "elapsed": 18019.02694272995, "delta": 16.30889320373535}, "costs": {"total_cost": 173.89997402198588, "time_cost": 69.84, "final_distance_cost": 1.8295506489058557, "oscillation_cost": 28.245938707408342, "completition_cost": 0.0, "overshoot_cost": 50.70686717094561, "power_cost": 11.962710217285156, "noise_cost": 11.314907277440929, "n_waypoints_completed": 9, "tot_waypoints": 9}}
{"target": -181.66301193661388, "params": {"k_pid_pos": [2.0, 0.0581711243760214, 0.8802990743608244], "k_pid_alt": [2.0, 0.005779540699382742, 0.004659824806624977], "k_pid_att": [1.7943047713840532, 0.17334741668974063, 0.33735572046626777], "k_pid_yaw": [0.5, 1e-06, 0.1], "k_pid_hsp": [0.34733310829886627, 0.03034363764071965, 0.0], "k_pid_vsp": [288.8411917040478, 224.97752431161086, 1.3021947811776544]}, "datetime": {"datetime": "2025-08-21 13:45:18", "elapsed": 18035.25772190094, "delta": 16.23077917098999}, "costs": {"total_cost": 181.66301193661388, "time_cost": 70.024, "final_distance_cost": 1.831667556738062, "oscillation_cost": 31.282647977945906, "completition_cost": 0.0, "overshoot_cost": 51.13880287159187, "power_cost": 14.950345141601563, "noise_cost": 12.43554838873645, "n_waypoints_completed": 9, "tot_waypoints": 9}}
{"target": -194.02925545141508, "params": {"k_pid_pos": [1.9408498428914458, 0.08149654699100277, 0.6134433559406077], "k_pid_alt": [0.5544060914100563, 0.0024209399420793225, 0.01720817430201099], "k_pid_att": [20.467403401323644, 0.0741015881731964, 0.47128547663473225], "k_pid_yaw": [0.5, 1e-06, 0.1], "k_pid_hsp": [0.14057225230494816, 0.00907265584041806, 0.0], "k_pid_vsp": [220.48014970714314, 193.99655920069384, 1.4413773811043278]}, "datetime": {"datetime": "2025-08-21 13:45:35", "elapsed": 18052.240216732025, "delta": 16.982494831085205}, "costs": {"total_cost": 194.02925545141508, "time_cost": 74.784, "final_distance_cost": 1.7644099867245377, "oscillation_cost": 32.31550046752003, "completition_cost": 0.0, "overshoot_cost": 51.00472645281767, "power_cost": 19.347347668457033, "noise_cost": 14.813270875895837, "n_waypoints_completed": 9, "tot_waypoints": 9}}
