{"target": -177.00449859242394, "params": {"k_pid_pos": [2.0, 0.04398176574884932, 0.962585951798108], "k_pid_alt": [1.8666462394842436, 0.005321660567233399, 0.009044287590462429], "k_pid_att": [21.304236740122967, 0.1918690263716689, 0.2709173657477122], "k_pid_yaw": [0.5, 1e-06, 0.1], "k_pid_hsp": [0.19175856968131746, 0.004492491434614222, 0.0], "k_pid_vsp": [245.37312996114676, 145.69761592819987, 1.4144857093259713]}, "datetime": {"datetime": "2025-08-21 15:24:49", "elapsed": 24005.789132595062, "delta": 17.84824776649475}, "costs": {"total_cost": 177.00449859242394, "time_cost": 69.912, "final_distance_cost": 1.8410555356931608, "oscillation_cost": 28.46965596934784, "completition_cost": 0.0, "overshoot_cost": 51.10777535598975, "power_cost": 13.371859680175781, "noise_cost": 12.30215205121739, "n_waypoints_completed": 9, "tot_waypoints": 9}}
{"target": -168.4725958625752, "params": {"k_pid_pos": [1.1611038897313513, 0.06665692817262718, 0.6668670479830595], "k_pid_alt": [1.8399087996214123, 0.004755828372989236, 0.010611306853760154], "k_pid_att": [16.007114231565897, 0.16963673838688598, 0.465788752609384], "k_pid_yaw": [0.5, 1e-06, 0.1], "k_pid_hsp": [0.15352848296330793, 0.01921484184266574, 0.0], "k_pid_vsp": [302.7572295355538, 234.962776286496, 1.5789266162129572]}, "datetime": {"datetime": "2025-08-21 15:25:05", "elapsed": 24022.242157697678, "delta": 16.453025102615356}, "costs": {"total_cost": 168.4725958625752, "time_cost": 70.19200000000001, "final_distance_cost": 1.8388332192699357, "oscillation_cost": 26.186312237844444, "completition_cost": 0.0, "overshoot_cost": 50.003854577564844, "power_cost": 10.017040515136719, "noise_cost": 10.23455531275922, "n_waypoints_completed": 9, "tot_waypoints": 9}}
{"target": -177.73875228553126, "params": {"k_pid_pos": [2.0, 0.00940323797209653, 0.5273264104755926], "k_pid_alt": [2.0, 0.005219057556230398, 0.01336385562196755], "k_pid_att": [17.111933019411417, 0.1668316437487877, 0.46792467420758177], "k_pid_yaw": [0.5, 1e-06, 0.1], "k_pid_hsp": [0.17149139055051318, 0.019499171906033688, 0.0], "k_pid_vsp": [276.7825020269383, 175.26056410630872, 1.9198166388920719]}, "datetime": {"datetime": "2025-08-21 15:25:21", "elapsed": 24038.097034215927, "delta": 15.854876518249512}, "costs": {"total_cost": 177.73875228553126, "time_cost": 69.34400000000001, "final_distance_cost": 1.8192803524089312, "oscillation_cost": 30.70308933614987, "completition_cost": 0.0, "overshoot_cost": 50.68930287479037, "power_cost": 13.500207763671876, "noise_cost": 11.682871958510216, "n_waypoints_completed": 9, "tot_waypoints": 9}}
{"target": -166.29958437123946, "params": {"k_pid_pos": [1.5131356230440607, 0.026855089696507854, 1.0], "k_pid_alt": [1.3996453312499277, 0.002849412253392969, 0.008641145899533851], "k_pid_att": [15.903854403992431, 0.15390760620202465, 0.2685985353050412], "k_pid_yaw": [0.5, 1e-06, 0.1], "k_pid_hsp": [0.14074605090498962, 0.017136763206729126, 0.0], "k_pid_vsp": [220.4064051439735, 301.8401444376041, 1.16858639494656]}, "datetime": {"datetime": "2025-08-21 15:25:38", "elapsed": 24054.67109966278, "delta": 16.574065446853638}, "costs": {"total_cost": 166.29958437123946, "time_cost": 70.19200000000001, "final_distance_cost": 1.8496631688366205, "oscillation_cost": 28.048045197542496, "completition_cost": 0.0, "overshoot_cost": 49.775239905611606, "power_cost": 7.590327014160157, "noise_cost": 8.84430908508859, "n_waypoints_completed": 9, "tot_waypoints": 9}}
{"target": -186.10044440494283, "params": {"k_pid_pos": [1.8600076935901069, 0.03391827907424818, 0.9829698342027555], "k_pid_alt": [1.9059962872124643, 0.005038617933561226, 0.00978728824882268], "k_pid_att": [15.29534770772051, 0.08710036719689047, 0.2736788979318285], "k_pid_yaw": [0.5, 1e-06, 0.1], "k_pid_hsp": [0.14945147688348417, 0.015257294432799185, 0.0], "k_pid_vsp": [130.92604834660747, 276.2601489947562, 1.2300094193619868]}, "datetime": {"datetime": "2025-08-21 15:25:54", "elapsed": 24071.00918865204, "delta": 16.338088989257812}, "costs": {"total_cost": 186.10044440494283, "time_cost": 70.824, "final_distance_cost": 1.8404796737301576, "oscillation_cost": 30.452973517451817, "completition_cost": 0.0, "overshoot_cost": 51.816994048104924, "power_cost": 17.114199462890625, "noise_cost": 14.051797702765322, "n_waypoints_completed": 9, "tot_waypoints": 9}}
{"target": -178.836694771847, "params": {"k_pid_pos": [2.0, 0.03542647700512345, 1.0], "k_pid_alt": [2.0, 0.004285166329205253, 0.007307850992295508], "k_pid_att": [18.45026154298074, 0.11517772523253604, 0.2560527351210167], "k_pid_yaw": [0.5, 1e-06, 0.1], "k_pid_hsp": [0.09701230619586661, 0.023280122508373805, 0.0], "k_pid_vsp": [389.72917818680554, 212.2546160488853, 1.0985733890506861]}, "datetime": {"datetime": "2025-08-21 15:26:11", "elapsed": 24088.130987644196, "delta": 17.121798992156982}, "costs": {"total_cost": 178.836694771847, "time_cost": 70.19200000000001, "final_distance_cost": 1.8194789690463804, "oscillation_cost": 29.444078047325682, "completition_cost": 0.0, "overshoot_cost": 50.78782093824299, "power_cost": 14.255193103027345, "noise_cost": 12.338123714204574, "n_waypoints_completed": 9, "tot_waypoints": 9}}
{"target": -177.53516868941736, "params": {"k_pid_pos": [2.0, 0.023439549482937905, 1.0], "k_pid_alt": [1.2152684965660097, 0.0030537493407983046, 0.017002979260630473], "k_pid_att": [12.386088275383578, 0.10398597874543387, 0.2574455772397756], "k_pid_yaw": [0.5, 1e-06, 0.1], "k_pid_hsp": [0.25727231742829787, 0.006563753777932544, 0.0], "k_pid_vsp": [392.6285014911225, 132.0721094395492, 2.2896154416787]}, "datetime": {"datetime": "2025-08-21 15:26:29", "elapsed": 24105.480670690536, "delta": 17.349683046340942}, "costs": {"total_cost": 177.53516868941736, "time_cost": 69.864, "final_distance_cost": 1.8461839374597788, "oscillation_cost": 30.115075643372347, "completition_cost": 0.0, "overshoot_cost": 50.51889391300159, "power_cost": 13.183744921875, "noise_cost": 12.00727027370862, "n_waypoints_completed": 9, "tot_waypoints": 9}}
{"target": -173.38448151376596, "params": {"k_pid_pos": [1.5848551824416568, 0.03658852614899146, 0.9286786626163099], "k_pid_alt": [2.0, 0.002708464425644292, 0.007332621348963744], "k_pid_att": [11.837170132581152, 0.1383899533854053, 0.24229308101189131], "k_pid_yaw": [0.5, 1e-06, 0.1], "k_pid_hsp": [0.18862586084310196, 0.017668374900719253, 0.0], "k_pid_vsp": [282.6821063139233, 166.909171170469, 1.0099929795629432]}, "datetime": {"datetime": "2025-08-21 15:26:44", "elapsed": 24121.408202409744, "delta": 15.927531719207764}, "costs": {"total_cost": 173.38448151376596, "time_cost": 70.032, "final_distance_cost": 1.8475241520207792, "oscillation_cost": 27.58347223172509, "completition_cost": 0.0, "overshoot_cost": 50.294441249668836, "power_cost": 12.229052856445312, "noise_cost": 11.397991023905943, "n_waypoints_completed": 9, "tot_waypoints": 9}}
{"target": -173.64304460618172, "params": {"k_pid_pos": [2.0, 0.04454547989908228, 0.9816699844872819], "k_pid_alt": [1.3933559130187796, 0.00211400159265041, 0.006220535246018407], "k_pid_att": [14.328836131751764, 0.16273232841300514, 0.15419272598305872], "k_pid_yaw": [0.5, 1e-06, 0.1], "k_pid_hsp": [0.17993124673919766, 0.019989190693180333, 0.0], "k_pid_vsp": [400.0, 185.03357620974168, 1.85244922655422]}, "datetime": {"datetime": "2025-08-21 15:27:01", "elapsed": 24137.49070096016, "delta": 16.08249855041504}, "costs": {"total_cost": 173.64304460618172, "time_cost": 69.176, "final_distance_cost": 1.8394085340564057, "oscillation_cost": 29.910004629891528, "completition_cost": 0.0, "overshoot_cost": 49.72888248516379, "power_cost": 11.924590698242188, "noise_cost": 11.064158258827794, "n_waypoints_completed": 9, "tot_waypoints": 9}}
{"target": -175.5186823282798, "params": {"k_pid_pos": [1.8480731321516213, 0.008721867198244136, 0.9206567976128412], "k_pid_alt": [1.5798957692425908, 0.003159608808241867, 0.014888701768997486], "k_pid_att": [19.05205737782643, 0.16304325390834362, 0.3060463402663001], "k_pid_yaw": [0.5, 1e-06, 0.1], "k_pid_hsp": [0.1349432287332705, 0.018555103906993987, 0.0], "k_pid_vsp": [232.98086721740128, 255.17448722238805, 2.1339373921832303]}, "datetime": {"datetime": "2025-08-21 15:27:16", "elapsed": 24153.302997112274, "delta": 15.812296152114868}, "costs": {"total_cost": 175.5186823282798, "time_cost": 69.47200000000001, "final_distance_cost": 1.8346082371893437, "oscillation_cost": 28.50285269234167, "completition_cost": 0.0, "overshoot_cost": 50.6152434407379, "power_cost": 13.254562854003908, "noise_cost": 11.839415104006992, "n_waypoints_completed": 9, "tot_waypoints": 9}}
{"target": -178.23388948366534, "params": {"k_pid_pos": [1.8606401005227555, 0.021791770566415555, 1.0], "k_pid_alt": [1.9531890930522, 0.0037228443996702443, 0.007805910748285013], "k_pid_att": [12.735580950593471, 0.244919036796811, 0.2534951283104213], "k_pid_yaw": [0.5, 1e-06, 0.1], "k_pid_hsp": [0.16023315998936097, 0.009504989849249013, 0.0], "k_pid_vsp": [302.21317913199374, 148.25211135633023, 1.6494420589290668]}, "datetime": {"datetime": "2025-08-21 15:27:33", "elapsed": 24169.844515562057, "delta": 16.541518449783325}, "costs": {"total_cost": 178.23388948366534, "time_cost": 70.136, "final_distance_cost": 1.8430456499183527, "oscillation_cost": 28.064711563343618, "completition_cost": 0.0, "overshoot_cost": 50.62865137059044, "power_cost": 14.579391186523438, "noise_cost": 12.982089713289511, "n_waypoints_completed": 9, "tot_waypoints": 9}}
{"target": -173.76052710076232, "params": {"k_pid_pos": [1.6191153009431005, 0.01764699530086563, 1.0], "k_pid_alt": [1.3566013295634323, 0.005173017125320158, 0.012302077247026625], "k_pid_att": [15.824635710263712, 0.13537675850308548, 0.36862344267228214], "k_pid_yaw": [0.5, 1e-06, 0.1], "k_pid_hsp": [0.218037029036978, 0.014240885253184262, 0.0], "k_pid_vsp": [203.3340868809423, 308.43906774082257, 1.5455795930581602]}, "datetime": {"datetime": "2025-08-21 15:27:50", "elapsed": 24186.85158252716, "delta": 17.00706696510315}, "costs": {"total_cost": 173.76052710076232, "time_cost": 69.984, "final_distance_cost": 1.8467167167583785, "oscillation_cost": 28.173602173698093, "completition_cost": 0.0, "overshoot_cost": 50.14687407780173, "power_cost": 12.089627160644532, "noise_cost": 11.519706971859595, "n_waypoints_completed": 9, "tot_waypoints": 9}}
{"target": -172.24099166951882, "params": {"k_pid_pos": [1.9307696422043115, 0.03686512564392889, 0.8604494599213114], "k_pid_alt": [2.0, 0.0022490679004357425, 0.0112201355765768], "k_pid_att": [19.668304875900066, 0.13827656679157793, 0.43890882871511594], "k_pid_yaw": [0.5, 1e-06, 0.1], "k_pid_hsp": [0.23782541112650954, 0.024041207741486426, 0.0], "k_pid_vsp": [296.65765239416083, 241.93922333874113, 1.177419022022936]}, "datetime": {"datetime": "2025-08-21 15:28:06", "elapsed": 24202.589812755585, "delta": 15.738230228424072}, "costs": {"total_cost": 172.24099166951882, "time_cost": 69.376, "final_distance_cost": 1.8282521359184962, "oscillation_cost": 29.39299144039863, "completition_cost": 0.0, "overshoot_cost": 50.37010237384766, "power_cost": 10.790312402343751, "noise_cost": 10.4833333170103, "n_waypoints_completed": 9, "tot_waypoints": 9}}
{"target": -174.45418876419424, "params": {"k_pid_pos": [1.261296729388304, 0.039284720776247575, 1.0], "k_pid_alt": [1.7193925800046053, 0.0018960642801820098, 0.011470721106703436], "k_pid_att": [17.88491778911352, 0.1679335530360581, 0.24118632103677473], "k_pid_yaw": [0.5, 1e-06, 0.1], "k_pid_hsp": [0.20751852577198596, 0.014254421296391385, 0.0], "k_pid_vsp": [349.1614827554386, 351.0811050621324, 1.7142566323761443]}, "datetime": {"datetime": "2025-08-21 15:28:23", "elapsed": 24220.053864002228, "delta": 17.464051246643066}, "costs": {"total_cost": 174.45418876419424, "time_cost": 73.032, "final_distance_cost": 1.8505721521177696, "oscillation_cost": 27.012630470689786, "completition_cost": 0.0, "overshoot_cost": 49.527872614338285, "power_cost": 11.560586621093751, "noise_cost": 11.47052690595463, "n_waypoints_completed": 9, "tot_waypoints": 9}}
{"target": -172.23457262699532, "params": {"k_pid_pos": [2.0, 0.0162618551389991, 0.8540329421283137], "k_pid_alt": [2.0, 0.003643560714174295, 0.005766020247081997], "k_pid_att": [11.615670712286326, 0.09977365590652003, 0.21138642127756643], "k_pid_yaw": [0.5, 1e-06, 0.1], "k_pid_hsp": [0.25540814383232985, 0.017662489805461395, 0.0], "k_pid_vsp": [258.7971215682947, 203.76467325472206, 2.0112360782818883]}, "datetime": {"datetime": "2025-08-21 15:28:39", "elapsed": 24235.833327293396, "delta": 15.779463291168213}, "costs": {"total_cost": 172.23457262699532, "time_cost": 68.83200000000001, "final_distance_cost": 1.8354654833173714, "oscillation_cost": 30.28210547920259, "completition_cost": 0.0, "overshoot_cost": 49.90809990526108, "power_cost": 10.78696268310547, "noise_cost": 10.58993907610882, "n_waypoints_completed": 9, "tot_waypoints": 9}}
{"target": -759.1153015875688, "params": {"k_pid_pos": [2.0, 0.05241973517826276, 1.0], "k_pid_alt": [1.9233740771926529, 0.0033019738809835076, 0.0135117668731743], "k_pid_att": [10.628944284100768, 0.14908590145466763, 0.4302871502303], "k_pid_yaw": [0.5, 1e-06, 0.1], "k_pid_hsp": [0.1756566553873058, 0.009905625032400505, 0.0], "k_pid_vsp": [259.3541863155008, 290.55617282159795, 1.3913245875441689]}, "datetime": {"datetime": "2025-08-21 15:29:02", "elapsed": 24259.03319501877, "delta": 23.199867725372314}, "costs": {"total_cost": 759.1153015875688, "time_cost": 150, "final_distance_cost": 54.518149097175495, "oscillation_cost": 24.39992035939836, "completition_cost": 333.33333333333337, "overshoot_cost": 110.07281163720243, "power_cost": 31.218261535644533, "noise_cost": 55.57282562481463, "n_waypoints_completed": 6, "tot_waypoints": 9}}
{"target": -165.98683718019015, "params": {"k_pid_pos": [2.0, 0.02524979669106542, 0.541449698483725], "k_pid_alt": [1.3785772242569856, 0.003042399450982435, 0.01022249138721726], "k_pid_att": [12.71946001309807, 0.1743145440951832, 0.21148893943559047], "k_pid_yaw": [0.5, 1e-06, 0.1], "k_pid_hsp": [0.20365037098801378, 0.02540591617698378, 0.0], "k_pid_vsp": [203.29979512273644, 325.5327162760975, 1.1876584610805623]}, "datetime": {"datetime": "2025-08-21 15:29:19", "elapsed": 24275.609531402588, "delta": 16.57633638381958}, "costs": {"total_cost": 165.98683718019015, "time_cost": 68.096, "final_distance_cost": 1.79741203975324, "oscillation_cost": 31.961892846402492, "completition_cost": 0.0, "overshoot_cost": 49.87894539594299, "power_cost": 6.500285571289063, "noise_cost": 7.752301326802361, "n_waypoints_completed": 9, "tot_waypoints": 9}}
{"target": -174.30409226535673, "params": {"k_pid_pos": [1.7266684519814472, 0.030104772494422827, 0.8272671697810785], "k_pid_alt": [1.8128270123422674, 0.0023524441615633287, 0.012437165343153757], "k_pid_att": [14.738905744073191, 0.1610929818011638, 0.05343165303371638], "k_pid_yaw": [0.5, 1e-06, 0.1], "k_pid_hsp": [0.18736096728590104, 0.014099798208712863, 0.0], "k_pid_vsp": [240.9688359773173, 243.2519180358519, 0.8438559610489992]}, "datetime": {"datetime": "2025-08-21 15:29:35", "elapsed": 24291.707291841507, "delta": 16.097760438919067}, "costs": {"total_cost": 174.30409226535673, "time_cost": 69.544, "final_distance_cost": 1.8279768373625112, "oscillation_cost": 29.38281960531627, "completition_cost": 0.0, "overshoot_cost": 50.72087323668119, "power_cost": 11.79993026123047, "noise_cost": 11.02849232476628, "n_waypoints_completed": 9, "tot_waypoints": 9}}
{"target": -167.44354248115167, "params": {"k_pid_pos": [1.695542868047924, 0.03448772129813341, 1.0], "k_pid_alt": [1.6395302287884654, 0.0033195250530474417, 0.00807491480567648], "k_pid_att": [10.325900225179767, 0.15719496244042372, 0.22039934592017438], "k_pid_yaw": [0.5, 1e-06, 0.1], "k_pid_hsp": [0.19045226076821653, 0.0155428349218931, 0.0], "k_pid_vsp": [257.2432014130682, 237.94135610515775, 1.569032434354167]}, "datetime": {"datetime": "2025-08-21 15:29:52", "elapsed": 24308.560563087463, "delta": 16.85327124595642}, "costs": {"total_cost": 167.44354248115167, "time_cost": 69.128, "final_distance_cost": 1.847137360491342, "oscillation_cost": 29.04454290558813, "completition_cost": 0.0, "overshoot_cost": 49.1633215013517, "power_cost": 8.628840148925782, "noise_cost": 9.631700564794725, "n_waypoints_completed": 9, "tot_waypoints": 9}}
{"target": -174.7106046893743, "params": {"k_pid_pos": [2.0, 0.02286932972656502, 1.0], "k_pid_alt": [1.8026642450344939, 0.002814201341302921, 0.009986725987033216], "k_pid_att": [15.764833851465228, 0.16760417437283417, 0.29885421299528764], "k_pid_yaw": [0.5, 1e-06, 0.1], "k_pid_hsp": [0.14372712541160457, 0.01624192802083455, 0.0], "k_pid_vsp": [295.45753767812306, 169.6353301790834, 2.094426334206419]}, "datetime": {"datetime": "2025-08-21 15:30:08", "elapsed": 24325.42099237442, "delta": 16.860429286956787}, "costs": {"total_cost": 174.7106046893743, "time_cost": 69.792, "final_distance_cost": 1.8242121089931307, "oscillation_cost": 28.720620354025645, "completition_cost": 0.0, "overshoot_cost": 50.612006002194896, "power_cost": 12.493370837402344, "noise_cost": 11.26839538675828, "n_waypoints_completed": 9, "tot_waypoints": 9}}
{"target": -171.76209791861328, "params": {"k_pid_pos": [1.073605860321947, 0.024000500820680087, 1.0], "k_pid_alt": [1.5844603172986178, 0.004215421708589973, 0.010019824789063549], "k_pid_att": [19.093258711702372, 0.10189814263182313, 0.24439643439056766], "k_pid_yaw": [0.5, 1e-06, 0.1], "k_pid_hsp": [0.17868403210356076, 0.009266420679030956, 0.0], "k_pid_vsp": [277.3774049923284, 318.39466683752704, 1.02320940193474]}, "datetime": {"datetime": "2025-08-21 15:30:26", "elapsed": 24342.945953130722, "delta": 17.52496075630188}, "costs": {"total_cost": 171.76209791861328, "time_cost": 76.70400000000001, "final_distance_cost": 1.850616576781434, "oscillation_cost": 26.44803054442738, "completition_cost": 0.0, "overshoot_cost": 50.60400170669104, "power_cost": 7.112065112304688, "noise_cost": 9.043383978408732, "n_waypoints_completed": 9, "tot_waypoints": 9}}
{"target": -177.64794999544583, "params": {"k_pid_pos": [1.9562895445857198, 0.03307543570633118, 0.9710260390453701], "k_pid_alt": [1.8291596536726853, 0.002751587852792716, 0.011451285363926056], "k_pid_att": [7.217706303423211, 0.17885818035041057, 0.17693282606812985], "k_pid_yaw": [0.5, 1e-06, 0.1], "k_pid_hsp": [0.17299080207144166, 0.019981244341885942, 0.0], "k_pid_vsp": [273.98786840266274, 334.3860570262944, 1.4009766471249705]}, "datetime": {"datetime": "2025-08-21 15:30:42", "elapsed": 24359.427234888077, "delta": 16.481281757354736}, "costs": {"total_cost": 177.64794999544583, "time_cost": 69.744, "final_distance_cost": 1.8429276086068762, "oscillation_cost": 29.45267574547926, "completition_cost": 0.0, "overshoot_cost": 50.262183509992305, "power_cost": 14.110381506347657, "noise_cost": 12.235781625019746, "n_waypoints_completed": 9, "tot_waypoints": 9}}
{"target": -183.59009490870315, "params": {"k_pid_pos": [0.9001228572427559, 0.02703143173599254, 1.0], "k_pid_alt": [2.0, 0.0031013097400256497, 0.011879293139446828], "k_pid_att": [14.338690939133054, 0.17449959424834507, 0.2338525867746565], "k_pid_yaw": [0.5, 1e-06, 0.1], "k_pid_hsp": [0.21871430021310512, 0.014107220213321824, 0.0], "k_pid_vsp": [286.76600546901597, 231.34577511082088, 1.6188290349028407]}, "datetime": {"datetime": "2025-08-21 15:31:02", "elapsed": 24378.51350593567, "delta": 19.086271047592163}, "costs": {"total_cost": 183.59009490870315, "time_cost": 80.84, "final_distance_cost": 1.8553317798878428, "oscillation_cost": 25.501387245317677, "completition_cost": 0.0, "overshoot_cost": 51.208746978345154, "power_cost": 11.735708300781251, "noise_cost": 12.448920604371205, "n_waypoints_completed": 9, "tot_waypoints": 9}}
{"target": -181.30112107938783, "params": {"k_pid_pos": [2.0, 0.008565334693327386, 1.0], "k_pid_alt": [1.615961198490134, 0.004662418334310131, 0.009181346424631648], "k_pid_att": [14.21273683015899, 0.16231155565175395, 0.14370797945541705], "k_pid_yaw": [0.5, 1e-06, 0.1], "k_pid_hsp": [0.22359980074953448, 0.017807890372025847, 0.0], "k_pid_vsp": [400.0, 361.11912247650974, 0.7512897952560981]}, "datetime": {"datetime": "2025-08-21 15:31:17", "elapsed": 24394.236453533173, "delta": 15.722947597503662}, "costs": {"total_cost": 181.30112107938783, "time_cost": 69.648, "final_distance_cost": 1.8454116096079656, "oscillation_cost": 30.938836809278, "completition_cost": 0.0, "overshoot_cost": 50.28402053034368, "power_cost": 15.478947424316408, "noise_cost": 13.105904705841784, "n_waypoints_completed": 9, "tot_waypoints": 9}}
{"target": -173.218900214785, "params": {"k_pid_pos": [2.0, 0.03864972972280631, 0.7957028571464271], "k_pid_alt": [1.5376097372528692, 0.002116006514336407, 0.01269814972397393], "k_pid_att": [13.799330964523469, 0.17119420864303406, 0.2646373022903569], "k_pid_yaw": [0.5, 1e-06, 0.1], "k_pid_hsp": [0.2131274325045042, 0.01344006124269457, 0.0], "k_pid_vsp": [271.70393426712366, 235.794096862124, 1.4022595737134713]}, "datetime": {"datetime": "2025-08-21 15:31:34", "elapsed": 24411.373051166534, "delta": 17.136597633361816}, "costs": {"total_cost": 173.218900214785, "time_cost": 68.76, "final_distance_cost": 1.8353044496666506, "oscillation_cost": 30.084623897904393, "completition_cost": 0.0, "overshoot_cost": 50.00940954628919, "power_cost": 11.628923071289064, "noise_cost": 10.900639249635729, "n_waypoints_completed": 9, "tot_waypoints": 9}}
