{"target": -168.47336017427128, "params": {"k_pid_pos": [1.6715271851885467, 0.0077372986317161205, 1.0], "k_pid_alt": [2.0, 0.002926432581879171, 0.0130653503360656], "k_pid_att": [10.53156483479246, 0.16454200005159467, 0.3614720022982998], "k_pid_yaw": [0.5, 1e-06, 0.1], "k_pid_hsp": [0.1843104385057953, 0.020733470691142324, 0.0], "k_pid_vsp": [285.6014593112287, 237.11798569398843, 0.9455863298011445]}, "datetime": {"datetime": "2025-08-21 19:58:57", "elapsed": 40453.85500526428, "delta": 18.057357788085938}, "costs": {"total_cost": 168.47336017427128, "time_cost": 69.736, "final_distance_cost": 1.8412670407040386, "oscillation_cost": 27.6806907921798, "completition_cost": 0.0, "overshoot_cost": 49.88549852968618, "power_cost": 9.388910095214845, "noise_cost": 9.940993716486407, "n_waypoints_completed": 9, "tot_waypoints": 9}}
{"target": -173.29645816566676, "params": {"k_pid_pos": [1.8066146148940787, 0.005192586088158671, 0.7336685465110698], "k_pid_alt": [1.7674815252771603, 0.002673502914648159, 0.012534086152939536], "k_pid_att": [11.979944148953253, 0.1602268200939344, 0.3315029759897001], "k_pid_yaw": [0.5, 1e-06, 0.1], "k_pid_hsp": [0.1547924646423199, 0.018081601192131844, 0.0], "k_pid_vsp": [272.5688601808985, 204.5584554962395, 1.052502092468044]}, "datetime": {"datetime": "2025-08-21 19:59:13", "elapsed": 40469.60521912575, "delta": 15.750213861465454}, "costs": {"total_cost": 173.29645816566676, "time_cost": 68.824, "final_distance_cost": 1.8202584977587495, "oscillation_cost": 29.856972217549732, "completition_cost": 0.0, "overshoot_cost": 50.35897708756284, "power_cost": 11.576980981445313, "noise_cost": 10.859269381350158, "n_waypoints_completed": 9, "tot_waypoints": 9}}
{"target": -176.0686107853491, "params": {"k_pid_pos": [1.8220990792820662, 0.007484903086678878, 0.7907013533104891], "k_pid_alt": [2.0, 0.0031668252066522555, 0.01311607977478331], "k_pid_att": [11.223330632765764, 0.1528326472671714, 0.36380936793732555], "k_pid_yaw": [0.5, 1e-06, 0.1], "k_pid_hsp": [0.1589891277634258, 0.01678089257229461, 0.0], "k_pid_vsp": [336.2478216009352, 295.4703965640453, 1.1180950343229032]}, "datetime": {"datetime": "2025-08-21 19:59:30", "elapsed": 40487.21133899689, "delta": 17.606119871139526}, "costs": {"total_cost": 176.0686107853491, "time_cost": 69.592, "final_distance_cost": 1.842516865508745, "oscillation_cost": 29.07823661795364, "completition_cost": 0.0, "overshoot_cost": 50.75879147683847, "power_cost": 13.10381610107422, "noise_cost": 11.693249723974047, "n_waypoints_completed": 9, "tot_waypoints": 9}}
{"target": -175.72908054133967, "params": {"k_pid_pos": [1.537453716981932, 0.006072650316497309, 0.8685261396446569], "k_pid_alt": [1.9943870478716061, 0.003494700270965389, 0.011697931044643735], "k_pid_att": [12.379095389190084, 0.16537900908763328, 0.2782299776993608], "k_pid_yaw": [0.5, 1e-06, 0.1], "k_pid_hsp": [0.12336794789743684, 0.01778652896952195, 0.0], "k_pid_vsp": [263.1800043957138, 257.3713333221256, 1.1202820826080753]}, "datetime": {"datetime": "2025-08-21 19:59:47", "elapsed": 40504.35101938248, "delta": 17.1396803855896}, "costs": {"total_cost": 175.72908054133967, "time_cost": 70.424, "final_distance_cost": 1.842366057013003, "oscillation_cost": 27.16291999604175, "completition_cost": 0.0, "overshoot_cost": 50.483187421859604, "power_cost": 13.567589001464844, "noise_cost": 12.249018064960437, "n_waypoints_completed": 9, "tot_waypoints": 9}}
{"target": -182.01695893116874, "params": {"k_pid_pos": [1.888099821202385, 0.007279853421973845, 0.8914420616398306], "k_pid_alt": [2.0, 0.002714041273932043, 0.014967585910618303], "k_pid_att": [14.144015791004206, 0.13451731291518762, 0.31834263116122136], "k_pid_yaw": [0.5, 1e-06, 0.1], "k_pid_hsp": [0.1470719314309655, 0.017364422129199208, 0.0], "k_pid_vsp": [247.22376446295803, 260.2673304271772, 1.3023973382126612]}, "datetime": {"datetime": "2025-08-21 20:00:04", "elapsed": 40520.77380824089, "delta": 16.422788858413696}, "costs": {"total_cost": 182.01695893116874, "time_cost": 70.032, "final_distance_cost": 1.8410424388386963, "oscillation_cost": 30.245805105450938, "completition_cost": 0.0, "overshoot_cost": 50.81105903355222, "power_cost": 15.863901611328126, "noise_cost": 13.223150741998786, "n_waypoints_completed": 9, "tot_waypoints": 9}}
{"target": -175.73861984388367, "params": {"k_pid_pos": [1.6135551721917707, 0.0071346259223718025, 1.0], "k_pid_alt": [1.7704020287396434, 0.002377980681166557, 0.014203391217973349], "k_pid_att": [11.103881149104348, 0.19468435042306584, 0.3160055205165775], "k_pid_yaw": [0.5, 1e-06, 0.1], "k_pid_hsp": [0.15235808289794134, 0.015092065316227976, 0.0], "k_pid_vsp": [231.76867662330065, 262.6888294094039, 1.1354216328889162]}, "datetime": {"datetime": "2025-08-21 20:00:21", "elapsed": 40538.36326479912, "delta": 17.58945655822754}, "costs": {"total_cost": 175.73861984388367, "time_cost": 70.368, "final_distance_cost": 1.8428947460460257, "oscillation_cost": 27.218465333221612, "completition_cost": 0.0, "overshoot_cost": 50.13997856509593, "power_cost": 13.670138098144532, "noise_cost": 12.499143101375568, "n_waypoints_completed": 9, "tot_waypoints": 9}}
{"target": -170.55537725159556, "params": {"k_pid_pos": [1.452230993884455, 0.00881399258123848, 0.8943711448769016], "k_pid_alt": [2.0, 0.0029932309410282514, 0.010826600149697557], "k_pid_att": [11.836954934053418, 0.18077006722905406, 0.3709783572119953], "k_pid_yaw": [0.5, 1e-06, 0.1], "k_pid_hsp": [0.15759507550303367, 0.019402114448769315, 0.0], "k_pid_vsp": [261.64250692775755, 201.75080740836788, 0.7486875514443035]}, "datetime": {"datetime": "2025-08-21 20:00:38", "elapsed": 40554.5778234005, "delta": 16.214558601379395}, "costs": {"total_cost": 170.55537725159556, "time_cost": 70.34400000000001, "final_distance_cost": 1.848625684765931, "oscillation_cost": 26.58563276395444, "completition_cost": 0.0, "overshoot_cost": 50.278151247984496, "power_cost": 10.703581530761719, "noise_cost": 10.795386024128995, "n_waypoints_completed": 9, "tot_waypoints": 9}}
{"target": -167.91471305398835, "params": {"k_pid_pos": [1.6729231233923951, 0.006862781997254391, 1.0], "k_pid_alt": [1.8463163982674533, 0.0036683887070072404, 0.01165415397306517], "k_pid_att": [10.035940633162317, 0.19032577408714033, 0.3209042630821952], "k_pid_yaw": [0.5, 1e-06, 0.1], "k_pid_hsp": [0.17416242881542465, 0.015263898133601557, 0.0], "k_pid_vsp": [242.5070146103798, 285.8013749318854, 1.2099758532463205]}, "datetime": {"datetime": "2025-08-21 20:00:55", "elapsed": 40571.92062115669, "delta": 17.34279775619507}, "costs": {"total_cost": 167.91471305398835, "time_cost": 69.36, "final_distance_cost": 1.8391967188044562, "oscillation_cost": 28.190362338574204, "completition_cost": 0.0, "overshoot_cost": 50.012275223569, "power_cost": 8.896563879394531, "noise_cost": 9.616314893646148, "n_waypoints_completed": 9, "tot_waypoints": 9}}
{"target": -175.50628614488252, "params": {"k_pid_pos": [1.507540094530657, 0.006575917432999518, 0.9571492083926861], "k_pid_alt": [1.8230689959073985, 0.003093941516441892, 0.012346258125757301], "k_pid_att": [12.019892451006598, 0.1752832948766905, 0.2754583817942056], "k_pid_yaw": [0.5, 1e-06, 0.1], "k_pid_hsp": [0.14742480878414466, 0.019014095766419565, 0.0], "k_pid_vsp": [298.0263615866424, 225.26789617950394, 0.8496186378101026]}, "datetime": {"datetime": "2025-08-21 20:01:11", "elapsed": 40588.28694653511, "delta": 16.36632537841797}, "costs": {"total_cost": 175.50628614488252, "time_cost": 70.8, "final_distance_cost": 1.8417776769932308, "oscillation_cost": 27.317566518432407, "completition_cost": 0.0, "overshoot_cost": 50.259006948907945, "power_cost": 13.062179248046876, "noise_cost": 12.225755752502055, "n_waypoints_completed": 9, "tot_waypoints": 9}}
{"target": -175.41041271699405, "params": {"k_pid_pos": [1.491263170822183, 0.007519646052704779, 0.7852415474102532], "k_pid_alt": [2.0, 0.0027852084364323564, 0.012577704413390513], "k_pid_att": [12.23815390651047, 0.1278156739407076, 0.3163948915611195], "k_pid_yaw": [0.5, 1e-06, 0.1], "k_pid_hsp": [0.14215468168210385, 0.021162436825626314, 0.0], "k_pid_vsp": [270.6236455486196, 213.28688191394554, 1.1229281458356526]}, "datetime": {"datetime": "2025-08-21 20:01:29", "elapsed": 40606.40064120293, "delta": 18.113694667816162}, "costs": {"total_cost": 175.41041271699405, "time_cost": 70.06400000000001, "final_distance_cost": 1.8447603845800058, "oscillation_cost": 28.050362680517317, "completition_cost": 0.0, "overshoot_cost": 50.60263084295224, "power_cost": 13.055926123046875, "noise_cost": 11.792732685897617, "n_waypoints_completed": 9, "tot_waypoints": 9}}
{"target": -176.6230232915385, "params": {"k_pid_pos": [1.625065546080006, 0.007613054204986238, 0.7949191098600884], "k_pid_alt": [1.8051046231382302, 0.00306918325160691, 0.009478835404125545], "k_pid_att": [12.664111935055383, 0.16554296828794932, 0.3134856244885006], "k_pid_yaw": [0.5, 1e-06, 0.1], "k_pid_hsp": [0.172768700173998, 0.01946234047136168, 0.0], "k_pid_vsp": [292.8543389801024, 282.54157167174094, 1.0271059185153624]}, "datetime": {"datetime": "2025-08-21 20:01:45", "elapsed": 40622.128633499146, "delta": 15.727992296218872}, "costs": {"total_cost": 176.6230232915385, "time_cost": 69.792, "final_distance_cost": 1.8433460849393697, "oscillation_cost": 28.709890562239288, "completition_cost": 0.0, "overshoot_cost": 50.20690405149523, "power_cost": 13.686562780761719, "noise_cost": 12.384319812102866, "n_waypoints_completed": 9, "tot_waypoints": 9}}
{"target": -172.0467065631335, "params": {"k_pid_pos": [1.5097339276035557, 0.008061293520469108, 0.8958301241188961], "k_pid_alt": [2.0, 0.0026415614684531193, 0.014202515540923536], "k_pid_att": [12.973683001084735, 0.15714632049871116, 0.27178905541612003], "k_pid_yaw": [0.5, 1e-06, 0.1], "k_pid_hsp": [0.1648260553084667, 0.020912733462031968, 0.0], "k_pid_vsp": [285.739743824988, 236.06844357323098, 1.0630564415295203]}, "datetime": {"datetime": "2025-08-21 20:02:02", "elapsed": 40639.40298676491, "delta": 17.27435326576233}, "costs": {"total_cost": 172.0467065631335, "time_cost": 70.072, "final_distance_cost": 1.841306352777408, "oscillation_cost": 27.702236456864025, "completition_cost": 0.0, "overshoot_cost": 50.11274088076687, "power_cost": 11.290062524414063, "noise_cost": 11.028360348311137, "n_waypoints_completed": 9, "tot_waypoints": 9}}
{"target": -183.20065234377182, "params": {"k_pid_pos": [1.7052375584418638, 0.00777116714279602, 0.9275636849045902], "k_pid_alt": [2.0, 0.003394543062943687, 0.011445090063641259], "k_pid_att": [11.195290529921053, 0.14264458497459453, 0.28866804111412153], "k_pid_yaw": [0.5, 1e-06, 0.1], "k_pid_hsp": [0.16308804258395185, 0.017575655886681724, 0.0], "k_pid_vsp": [272.28696912307424, 278.17190422859045, 1.045799938074275]}, "datetime": {"datetime": "2025-08-21 20:02:19", "elapsed": 40655.80136823654, "delta": 16.39838147163391}, "costs": {"total_cost": 183.20065234377182, "time_cost": 70.752, "final_distance_cost": 1.8371220452005468, "oscillation_cost": 29.620545977307632, "completition_cost": 0.0, "overshoot_cost": 51.35635810283777, "power_cost": 16.010833813476562, "noise_cost": 13.623792404949356, "n_waypoints_completed": 9, "tot_waypoints": 9}}
{"target": -170.64360890193598, "params": {"k_pid_pos": [1.6539529947437994, 0.007085714197336063, 0.8292931206547435], "k_pid_alt": [2.0, 0.0027849897237645113, 0.012839373755122013], "k_pid_att": [10.778860796093602, 0.1223264601603863, 0.3348187404682251], "k_pid_yaw": [0.5, 1e-06, 0.1], "k_pid_hsp": [0.16260833900308144, 0.019942588601363175, 0.0], "k_pid_vsp": [288.7886596960495, 246.47294446134921, 1.0862834239791155]}, "datetime": {"datetime": "2025-08-21 20:02:35", "elapsed": 40672.150671482086, "delta": 16.349303245544434}, "costs": {"total_cost": 170.64360890193598, "time_cost": 69.8, "final_distance_cost": 1.8363596787231824, "oscillation_cost": 27.884648326621015, "completition_cost": 0.0, "overshoot_cost": 50.79493958080043, "power_cost": 10.07257880859375, "noise_cost": 10.255082507197587, "n_waypoints_completed": 9, "tot_waypoints": 9}}
{"target": -167.19922094833927, "params": {"k_pid_pos": [1.8136884646046385, 0.007512722789837371, 0.8726496966729796], "k_pid_alt": [1.855069492824848, 0.0026111666026562195, 0.011523985400639073], "k_pid_att": [13.272920268959135, 0.1925443848827344, 0.292405850508695], "k_pid_yaw": [0.5, 1e-06, 0.1], "k_pid_hsp": [0.13808821965064935, 0.01924796767341567, 0.0], "k_pid_vsp": [253.249754845035, 257.51046630753257, 1.0714901817929607]}, "datetime": {"datetime": "2025-08-21 20:02:52", "elapsed": 40688.89914035797, "delta": 16.74846887588501}, "costs": {"total_cost": 167.19922094833927, "time_cost": 68.568, "final_distance_cost": 1.8269880422476856, "oscillation_cost": 29.749069216559764, "completition_cost": 0.0, "overshoot_cost": 49.74275084887068, "power_cost": 8.250356567382813, "noise_cost": 9.062056273278342, "n_waypoints_completed": 9, "tot_waypoints": 9}}
{"target": -184.2055125381181, "params": {"k_pid_pos": [1.5992959871982098, 0.00870757487392175, 0.9030454554508167], "k_pid_alt": [2.0, 0.0025941497978808213, 0.012024401670930948], "k_pid_att": [12.032252675896418, 0.15256616635158307, 0.2568008223504938], "k_pid_yaw": [0.5, 1e-06, 0.1], "k_pid_hsp": [0.16246700194517832, 0.020768815729747665, 0.0], "k_pid_vsp": [263.48469034561157, 238.92973146220592, 1.1314878386887302]}, "datetime": {"datetime": "2025-08-21 20:03:08", "elapsed": 40705.00294995308, "delta": 16.103809595108032}, "costs": {"total_cost": 184.2055125381181, "time_cost": 71.144, "final_distance_cost": 1.838326791233992, "oscillation_cost": 29.275295716588303, "completition_cost": 0.0, "overshoot_cost": 51.73009526062872, "power_cost": 16.339706494140625, "noise_cost": 13.878088275526476, "n_waypoints_completed": 9, "tot_waypoints": 9}}
{"target": -167.60138649800297, "params": {"k_pid_pos": [2.0, 0.006863352305789085, 0.8143349955714975], "k_pid_alt": [2.0, 0.0030120953368006818, 0.01165415437496889], "k_pid_att": [12.514997082075652, 0.15745840816473475, 0.3045045142326313], "k_pid_yaw": [0.5, 1e-06, 0.1], "k_pid_hsp": [0.17034737375649603, 0.01963827233466732, 0.0], "k_pid_vsp": [295.54174711480545, 283.5896716569887, 0.8361439741986674]}, "datetime": {"datetime": "2025-08-21 20:03:26", "elapsed": 40722.678797245026, "delta": 17.67584729194641}, "costs": {"total_cost": 167.60138649800297, "time_cost": 68.64, "final_distance_cost": 1.8222314594860882, "oscillation_cost": 30.313169340137875, "completition_cost": 0.0, "overshoot_cost": 49.49693212155694, "power_cost": 8.321590490722656, "noise_cost": 9.00746308609938, "n_waypoints_completed": 9, "tot_waypoints": 9}}
{"target": -174.30533404219895, "params": {"k_pid_pos": [1.7253902632637381, 0.007019961073896582, 1.0], "k_pid_alt": [2.0, 0.003152481369062552, 0.013669319082978615], "k_pid_att": [10.52778461578975, 0.15319071720818067, 0.2318014045711335], "k_pid_yaw": [0.5, 1e-06, 0.1], "k_pid_hsp": [0.1461787406258651, 0.020010884773062922, 0.0], "k_pid_vsp": [251.584610141333, 246.39076442276146, 1.287733843656081]}, "datetime": {"datetime": "2025-08-21 20:03:42", "elapsed": 40738.80754446983, "delta": 16.12874722480774}, "costs": {"total_cost": 174.30533404219895, "time_cost": 70.152, "final_distance_cost": 1.837161757759585, "oscillation_cost": 27.601199463292243, "completition_cost": 0.0, "overshoot_cost": 50.493277579269325, "power_cost": 12.471926806640626, "noise_cost": 11.749768435237185, "n_waypoints_completed": 9, "tot_waypoints": 9}}
{"target": -170.62522930424134, "params": {"k_pid_pos": [1.6044262863543768, 0.008715050592377304, 0.8922503964458559], "k_pid_alt": [1.735110446284433, 0.002802323162174318, 0.011617404483615404], "k_pid_att": [13.473262162768657, 0.153111702492863, 0.3545975329320408], "k_pid_yaw": [0.5, 1e-06, 0.1], "k_pid_hsp": [0.15338303464055617, 0.014239975930751632, 0.0], "k_pid_vsp": [256.5131964429797, 238.2986698946107, 0.9476425569704965]}, "datetime": {"datetime": "2025-08-21 20:03:59", "elapsed": 40755.8704996109, "delta": 17.062955141067505}, "costs": {"total_cost": 170.62522930424134, "time_cost": 69.232, "final_distance_cost": 1.8362317239350416, "oscillation_cost": 28.04078177866236, "completition_cost": 0.0, "overshoot_cost": 50.234909934247696, "power_cost": 10.717967797851562, "noise_cost": 10.563338069544674, "n_waypoints_completed": 9, "tot_waypoints": 9}}
{"target": -166.90871011563556, "params": {"k_pid_pos": [1.953923757725666, 0.007157857513634821, 0.9775416834674379], "k_pid_alt": [2.0, 0.003512514910597784, 0.011657472162589657], "k_pid_att": [13.506811240532178, 0.17734037482939216, 0.2803152374736122], "k_pid_yaw": [0.5, 1e-06, 0.1], "k_pid_hsp": [0.1573082647636291, 0.018765319446197543, 0.0], "k_pid_vsp": [270.47515525417356, 224.60972798535704, 1.0786828180731722]}, "datetime": {"datetime": "2025-08-21 20:04:15", "elapsed": 40772.032158613205, "delta": 16.161659002304077}, "costs": {"total_cost": 166.90871011563556, "time_cost": 68.672, "final_distance_cost": 1.8462170647099145, "oscillation_cost": 29.709168316762984, "completition_cost": 0.0, "overshoot_cost": 50.03138820697775, "power_cost": 7.805650256347657, "noise_cost": 8.844286270837257, "n_waypoints_completed": 9, "tot_waypoints": 9}}
{"target": -175.29487424543862, "params": {"k_pid_pos": [1.6129021192191384, 0.007746956312496802, 0.8560731014110562], "k_pid_alt": [1.9647922029969649, 0.0031400318375813894, 0.012352643487417965], "k_pid_att": [10.92970644080779, 0.20940826081634423, 0.2552787767064639], "k_pid_yaw": [0.5, 1e-06, 0.1], "k_pid_hsp": [0.18973004249662695, 0.019549652556210894, 0.0], "k_pid_vsp": [297.13429966849725, 283.1902054011537, 1.0862821410856043]}, "datetime": {"datetime": "2025-08-21 20:04:31", "elapsed": 40788.40281200409, "delta": 16.3706533908844}, "costs": {"total_cost": 175.29487424543862, "time_cost": 69.896, "final_distance_cost": 1.8362563078027874, "oscillation_cost": 28.157312582095205, "completition_cost": 0.0, "overshoot_cost": 50.123176491487484, "power_cost": 13.132060351562501, "noise_cost": 12.150068512490675, "n_waypoints_completed": 9, "tot_waypoints": 9}}
{"target": -173.04776456565438, "params": {"k_pid_pos": [1.5359242025446065, 0.008160011180809062, 0.7903442003133714], "k_pid_alt": [1.7337318184197172, 0.002055585810468825, 0.011479571722328613], "k_pid_att": [12.389433765112164, 0.1773950754626946, 0.27812914186351206], "k_pid_yaw": [0.5, 1e-06, 0.1], "k_pid_hsp": [0.14581168891593219, 0.019399598589931996, 0.0], "k_pid_vsp": [258.91090497825866, 262.9825327035087, 1.0733538744047455]}, "datetime": {"datetime": "2025-08-21 20:04:49", "elapsed": 40806.4063744545, "delta": 18.003562450408936}, "costs": {"total_cost": 173.04776456565438, "time_cost": 69.176, "final_distance_cost": 1.8399937581318881, "oscillation_cost": 28.28766605290794, "completition_cost": 0.0, "overshoot_cost": 50.068498933746746, "power_cost": 12.28519306640625, "noise_cost": 11.390412754461547, "n_waypoints_completed": 9, "tot_waypoints": 9}}
{"target": -169.89435135724756, "params": {"k_pid_pos": [1.8414105304836987, 0.0054030591422876235, 1.0], "k_pid_alt": [2.0, 0.003111089831871258, 0.01114376763441746], "k_pid_att": [14.029601085856, 0.1793753813209873, 0.3563386071961952], "k_pid_yaw": [0.5, 1e-06, 0.1], "k_pid_hsp": [0.1755776013419247, 0.019513815732138912, 0.0], "k_pid_vsp": [295.64726024430365, 243.77236628052106, 1.1483126252568907]}, "datetime": {"datetime": "2025-08-21 20:05:05", "elapsed": 40822.408437252045, "delta": 16.002062797546387}, "costs": {"total_cost": 169.89435135724756, "time_cost": 69.816, "final_distance_cost": 1.8412049596206985, "oscillation_cost": 27.928267188450995, "completition_cost": 0.0, "overshoot_cost": 50.60879065967954, "power_cost": 9.722920910644532, "noise_cost": 9.977167638851835, "n_waypoints_completed": 9, "tot_waypoints": 9}}
{"target": -167.7793447238855, "params": {"k_pid_pos": [1.7308003164300276, 0.0072519591010516546, 0.7934243880302528], "k_pid_alt": [1.6992609911553156, 0.0024393172557791378, 0.011359813653417575], "k_pid_att": [11.074847103015685, 0.1761223995384872, 0.2987599113432453], "k_pid_yaw": [0.5, 1e-06, 0.1], "k_pid_hsp": [0.12167344863295382, 0.01767462073277054, 0.0], "k_pid_vsp": [303.5062174867931, 250.68782990866347, 1.15194270499668]}, "datetime": {"datetime": "2025-08-21 20:05:23", "elapsed": 40839.603603839874, "delta": 17.19516658782959}, "costs": {"total_cost": 167.7793447238855, "time_cost": 68.76, "final_distance_cost": 1.8292897905947156, "oscillation_cost": 29.50833427604497, "completition_cost": 0.0, "overshoot_cost": 49.78985518858018, "power_cost": 8.675350427246094, "noise_cost": 9.216515041419514, "n_waypoints_completed": 9, "tot_waypoints": 9}}
{"target": -175.92912771928576, "params": {"k_pid_pos": [1.7783859000529578, 0.009045941891461474, 0.9753973344110983], "k_pid_alt": [2.0, 0.0029304797360125306, 0.014208448155412478], "k_pid_att": [12.131853191059726, 0.13946756096301677, 0.26645012616459457], "k_pid_yaw": [0.5, 1e-06, 0.1], "k_pid_hsp": [0.1659141745011273, 0.019956111598509085, 0.0], "k_pid_vsp": [313.2287703757081, 239.67134695702202, 1.1564828936606906]}, "datetime": {"datetime": "2025-08-21 20:05:40", "elapsed": 40856.54790639877, "delta": 16.944302558898926}, "costs": {"total_cost": 175.92912771928576, "time_cost": 70.06400000000001, "final_distance_cost": 1.8379229939222936, "oscillation_cost": 27.860196157987215, "completition_cost": 0.0, "overshoot_cost": 50.41013525841127, "power_cost": 13.544535766601562, "noise_cost": 12.212337542363404, "n_waypoints_completed": 9, "tot_waypoints": 9}}
