{"target": -179.33031385621894, "params": {"k_pid_pos": [1.7812494171040754, 0.014721632672333085, 0.6541692666629593], "k_pid_alt": [1.4546413472893616, 0.004571533687913309, 0.05395966685752065], "k_pid_att": [15.354862241226172, 0.20627400256107178, 0.5553703107417981], "k_pid_yaw": [0.5, 1e-06, 0.1], "k_pid_hsp": [0.4907559928934659, 0.03521895734629963, 0.0], "k_pid_vsp": [116.62121624886989, 156.3471013291676, 1.3172374590301088]}, "datetime": {"datetime": "2025-08-21 12:41:19", "elapsed": 14196.274837255478, "delta": 15.793219566345215}, "costs": {"total_cost": 179.33031385621894, "time_cost": 69.0, "final_distance_cost": 1.8465702903226664, "oscillation_cost": 31.629552886602283, "completition_cost": 0.0, "overshoot_cost": 50.19500293183379, "power_cost": 14.281712634277344, "noise_cost": 12.377475113182857, "n_waypoints_completed": 9, "tot_waypoints": 9}}
{"target": -181.33102571528508, "params": {"k_pid_pos": [1.3396645582480426, 0.0, 0.6450305680105486], "k_pid_alt": [1.6256203908409297, 0.0, 0.08343733854913303], "k_pid_att": [49.0743829984008, 0.1781970717720899, 0.8198863996425073], "k_pid_yaw": [0.5, 1e-06, 0.1], "k_pid_hsp": [0.6452641014026225, 0.048907426897341046, 0.0], "k_pid_vsp": [74.60617496427894, 124.70368838252277, 2.239118867183431]}, "datetime": {"datetime": "2025-08-21 12:41:35", "elapsed": 14212.4439599514, "delta": 16.16912269592285}, "costs": {"total_cost": 181.33102571528508, "time_cost": 71.04, "final_distance_cost": 1.8436407562611132, "oscillation_cost": 31.206351209456322, "completition_cost": 0.0, "overshoot_cost": 49.922338701871986, "power_cost": 14.488013891601563, "noise_cost": 12.83068115609409, "n_waypoints_completed": 9, "tot_waypoints": 9}}
{"target": -174.60632316144358, "params": {"k_pid_pos": [1.5038041988950337, 0.1631752166228476, 0.4659395522369269], "k_pid_alt": [1.6723458720466198, 0.006262921308256483, 0.15906173605048968], "k_pid_att": [28.681949063508185, 0.10761304247243166, 0.06832079507901527], "k_pid_yaw": [0.5, 1e-06, 0.1], "k_pid_hsp": [0.3803313989907444, 0.03925234964068364, 0.0], "k_pid_vsp": [237.93303419287403, 273.58269901113704, 3.1333813587912887]}, "datetime": {"datetime": "2025-08-21 12:41:51", "elapsed": 14228.417421579361, "delta": 15.973461627960205}, "costs": {"total_cost": 174.60632316144358, "time_cost": 68.688, "final_distance_cost": 1.822135655695899, "oscillation_cost": 35.024488812257744, "completition_cost": 0.0, "overshoot_cost": 49.37076810482206, "power_cost": 9.696540881347657, "noise_cost": 10.00438970732019, "n_waypoints_completed": 9, "tot_waypoints": 9}}
{"target": -179.58436333157317, "params": {"k_pid_pos": [1.2737003491546233, 0.0703700856160855, 0.8080272352227374], "k_pid_alt": [2.0, 0.011493665115414749, 0.10726268841022567], "k_pid_att": [43.808990477156385, 0.1128119736817174, 0.714021611467902], "k_pid_yaw": [0.5, 1e-06, 0.1], "k_pid_hsp": [0.730781740161304, 0.05051451912626537, 0.0], "k_pid_vsp": [142.32512808440592, 218.28296071626679, 3.6111428075246437]}, "datetime": {"datetime": "2025-08-21 12:42:08", "elapsed": 14245.285725593567, "delta": 16.868304014205933}, "costs": {"total_cost": 179.58436333157317, "time_cost": 72.08, "final_distance_cost": 1.8474288649991208, "oscillation_cost": 31.226411882336528, "completition_cost": 0.0, "overshoot_cost": 50.32740176180801, "power_cost": 12.403988159179688, "noise_cost": 11.699132663249856, "n_waypoints_completed": 9, "tot_waypoints": 9}}
{"target": -175.28986022173487, "params": {"k_pid_pos": [1.3302911193061513, 0.2011410629110967, 1.0], "k_pid_alt": [2.0, 0.0050096476635590305, 0.04709053350294528], "k_pid_att": [38.8807122820227, 0.3466686716121739, 0.5275976029770161], "k_pid_yaw": [0.5, 1e-06, 0.1], "k_pid_hsp": [0.4136232141654777, 0.04683749820207995, 0.0], "k_pid_vsp": [189.5437073738623, 191.1764617486773, 3.1042895655374365]}, "datetime": {"datetime": "2025-08-21 12:42:25", "elapsed": 14261.821524143219, "delta": 16.5357985496521}, "costs": {"total_cost": 175.28986022173487, "time_cost": 72.104, "final_distance_cost": 1.836107738656484, "oscillation_cost": 28.143252448443167, "completition_cost": 0.0, "overshoot_cost": 50.60671400700041, "power_cost": 11.319291369628907, "noise_cost": 11.280494658005928, "n_waypoints_completed": 9, "tot_waypoints": 9}}
{"target": -174.66417074219336, "params": {"k_pid_pos": [1.1316960428836058, 0.10715777333626815, 0.12088978171546137], "k_pid_alt": [1.247166878566616, 0.005281933024533235, 0.06368811841456387], "k_pid_att": [63.291076382822496, 0.19170503346437306, 0.5636264756293395], "k_pid_yaw": [0.5, 1e-06, 0.1], "k_pid_hsp": [0.3745841294819057, 0.03981753669910657, 0.0], "k_pid_vsp": [230.17129543349407, 168.24833253828226, 1.9911865056185836]}, "datetime": {"datetime": "2025-08-21 12:42:41", "elapsed": 14277.503303527832, "delta": 15.681779384613037}, "costs": {"total_cost": 174.66417074219336, "time_cost": 69.19200000000001, "final_distance_cost": 1.828346697812505, "oscillation_cost": 31.846694487578446, "completition_cost": 0.0, "overshoot_cost": 49.59706068739566, "power_cost": 11.450450183105469, "noise_cost": 10.749618686301284, "n_waypoints_completed": 9, "tot_waypoints": 9}}
{"target": -189.32423496519843, "params": {"k_pid_pos": [1.026819821630304, 0.0, 0.6500650292594625], "k_pid_alt": [1.732433871890904, 0.006488055666312526, 0.06171509695555111], "k_pid_att": [1.8562818349050854, 0.25903855796808456, 0.5770156635011644], "k_pid_yaw": [0.5, 1e-06, 0.1], "k_pid_hsp": [0.23139723914773802, 0.01554643720421626, 0.0], "k_pid_vsp": [253.48940462457676, 185.71535378998692, 2.5722048223646783]}, "datetime": {"datetime": "2025-08-21 12:42:58", "elapsed": 14294.758760690689, "delta": 17.255457162857056}, "costs": {"total_cost": 189.32423496519843, "time_cost": 74.984, "final_distance_cost": 1.8511334359164386, "oscillation_cost": 27.774449938344006, "completition_cost": 0.0, "overshoot_cost": 52.96630621995866, "power_cost": 17.145697912597658, "noise_cost": 14.60264745838169, "n_waypoints_completed": 9, "tot_waypoints": 9}}
{"target": -195.945513772702, "params": {"k_pid_pos": [1.0372192580966346, 0.1081085529878237, 0.9894226313943459], "k_pid_alt": [1.635874540503415, 0.005207064168552963, 0.060825855345756595], "k_pid_att": [65.39514595060787, 0.1421264843158215, 0.7152284732815836], "k_pid_yaw": [0.5, 1e-06, 0.1], "k_pid_hsp": [0.3877721075664729, 0.03185037466116372, 0.0], "k_pid_vsp": [224.90135117389104, 230.26452887605487, 4.9719665679493765]}, "datetime": {"datetime": "2025-08-21 12:43:16", "elapsed": 14312.899614572525, "delta": 18.140853881835938}, "costs": {"total_cost": 195.945513772702, "time_cost": 78.208, "final_distance_cost": 1.8437441481147725, "oscillation_cost": 26.78172829130266, "completition_cost": 0.0, "overshoot_cost": 52.81072331360864, "power_cost": 19.874999719238282, "noise_cost": 16.426318300437647, "n_waypoints_completed": 9, "tot_waypoints": 9}}
{"target": -170.49087669457072, "params": {"k_pid_pos": [1.7587306043007966, 0.06725692898804134, 0.43796442335314606], "k_pid_alt": [1.3745927544162229, 0.0048271427999499175, 0.14629370802595695], "k_pid_att": [40.56043746819882, 0.06276212731441452, 0.5571991529278176], "k_pid_yaw": [0.5, 1e-06, 0.1], "k_pid_hsp": [0.5245986468149749, 0.08585752138579004, 0.0], "k_pid_vsp": [149.67397938403067, 135.48477206788348, 2.215440171239542]}, "datetime": {"datetime": "2025-08-21 12:43:32", "elapsed": 14328.537989377975, "delta": 15.63837480545044}, "costs": {"total_cost": 170.49087669457072, "time_cost": 68.304, "final_distance_cost": 1.810746301355926, "oscillation_cost": 33.08811600243955, "completition_cost": 0.0, "overshoot_cost": 49.740446501887504, "power_cost": 8.441982531738281, "noise_cost": 9.105585357149437, "n_waypoints_completed": 9, "tot_waypoints": 9}}
{"target": -201.79774472386697, "params": {"k_pid_pos": [1.2151318270562412, 0.09813527517013193, 0.052027086477439366], "k_pid_alt": [2.0, 0.004489270294220314, 0.05075066971199002], "k_pid_att": [21.660656426213407, 0.2303592106843503, 0.743612418690741], "k_pid_yaw": [0.5, 1e-06, 0.1], "k_pid_hsp": [0.5302893826466494, 0.025600042481710914, 0.0], "k_pid_vsp": [178.53797446281268, 165.0989962277365, 3.7163931730035205]}, "datetime": {"datetime": "2025-08-21 12:43:49", "elapsed": 14346.1474878788, "delta": 17.609498500823975}, "costs": {"total_cost": 201.79774472386697, "time_cost": 76.76, "final_distance_cost": 1.7948340552430988, "oscillation_cost": 32.6187191630308, "completition_cost": 0.0, "overshoot_cost": 55.65526887559911, "power_cost": 19.817753930664065, "noise_cost": 15.151168699329892, "n_waypoints_completed": 9, "tot_waypoints": 9}}
{"target": -178.63774615618559, "params": {"k_pid_pos": [1.4131459845040553, 0.04271922116142451, 0.6117306367035646], "k_pid_alt": [2.0, 0.003771753557560611, 0.11032519679041379], "k_pid_att": [56.353452512014066, 0.26084176930474917, 0.5550554977015348], "k_pid_yaw": [0.5, 1e-06, 0.1], "k_pid_hsp": [0.5242484543785092, 0.004014674487731904, 0.0], "k_pid_vsp": [186.83010237091563, 131.14579588823412, 1.4355742697182994]}, "datetime": {"datetime": "2025-08-21 12:44:05", "elapsed": 14362.440459489822, "delta": 16.29297161102295}, "costs": {"total_cost": 178.63774615618559, "time_cost": 70.376, "final_distance_cost": 1.8395041729337753, "oscillation_cost": 29.65873844453172, "completition_cost": 0.0, "overshoot_cost": 50.74893031947311, "power_cost": 13.641925842285158, "noise_cost": 12.372647376961815, "n_waypoints_completed": 9, "tot_waypoints": 9}}
{"target": -188.71508574927435, "params": {"k_pid_pos": [1.935148414592618, 0.04842580985508382, 1.0], "k_pid_alt": [0.759361648686833, 0.0, 0.12396031224876101], "k_pid_att": [42.434131207135444, 0.21732568052698364, 0.7478920642491408], "k_pid_yaw": [0.5, 1e-06, 0.1], "k_pid_hsp": [0.34837389549837683, 0.056759026065141625, 0.0], "k_pid_vsp": [227.57985219153602, 216.6377405464676, 11.168454477223328]}, "datetime": {"datetime": "2025-08-21 12:44:22", "elapsed": 14379.14989233017, "delta": 16.70943284034729}, "costs": {"total_cost": 188.71508574927435, "time_cost": 72.08800000000001, "final_distance_cost": 1.845335005606354, "oscillation_cost": 35.005573059349764, "completition_cost": 0.0, "overshoot_cost": 49.69812692013869, "power_cost": 17.025058618164064, "noise_cost": 13.052992146015477, "n_waypoints_completed": 9, "tot_waypoints": 9}}
{"target": -170.53439239124233, "params": {"k_pid_pos": [1.069167570704243, 0.12268934120748591, 0.5816770598024467], "k_pid_alt": [2.0, 0.004161275019932025, 0.07261589335546553], "k_pid_att": [30.53157032628977, 0.15516275210723288, 0.42393499097691745], "k_pid_yaw": [0.5, 1e-06, 0.1], "k_pid_hsp": [0.41934784241598405, 0.03903978243613018, 0.0], "k_pid_vsp": [192.61903929261857, 196.1997987313489, 1.4992485536981726]}, "datetime": {"datetime": "2025-08-21 12:44:39", "elapsed": 14395.477641582489, "delta": 16.327749252319336}, "costs": {"total_cost": 170.53439239124233, "time_cost": 71.136, "final_distance_cost": 1.8274854605736814, "oscillation_cost": 26.898001435929356, "completition_cost": 0.0, "overshoot_cost": 50.04823347860829, "power_cost": 10.126146618652344, "noise_cost": 10.498525397478652, "n_waypoints_completed": 9, "tot_waypoints": 9}}
{"target": -183.28508000122363, "params": {"k_pid_pos": [1.0602198937017477, 0.06810460808500075, 0.7571167539831718], "k_pid_alt": [2.0, 0.002687154110022389, 0.020618901612877643], "k_pid_att": [49.76023842297389, 0.11505390165445488, 0.5444151735729724], "k_pid_yaw": [0.5, 1e-06, 0.1], "k_pid_hsp": [0.4094969273881504, 0.041577692912471986, 0.0], "k_pid_vsp": [397.44334456092474, 135.75429343758438, 0.7222102642374729]}, "datetime": {"datetime": "2025-08-21 12:44:56", "elapsed": 14412.8396525383, "delta": 17.362010955810547}, "costs": {"total_cost": 183.28508000122363, "time_cost": 74.72, "final_distance_cost": 1.8398220854166754, "oscillation_cost": 29.07220633274194, "completition_cost": 0.0, "overshoot_cost": 50.887977726280525, "power_cost": 13.927793969726563, "noise_cost": 12.837279887057917, "n_waypoints_completed": 9, "tot_waypoints": 9}}
{"target": -169.68731433772354, "params": {"k_pid_pos": [2.0, 0.062136310140623284, 0.865948019290303], "k_pid_alt": [2.0, 0.007806325442805735, 0.01605844579216783], "k_pid_att": [50.950989816867484, 0.18406022113442774, 0.4315745638474846], "k_pid_yaw": [0.5, 1e-06, 0.1], "k_pid_hsp": [0.2063048140448114, 0.02547550117988318, 0.0], "k_pid_vsp": [244.6007197846251, 222.7796279873224, 0.8868346932159897]}, "datetime": {"datetime": "2025-08-21 12:45:11", "elapsed": 14428.367933988571, "delta": 15.528281450271606}, "costs": {"total_cost": 169.68731433772354, "time_cost": 68.70400000000001, "final_distance_cost": 1.8300981848966775, "oscillation_cost": 31.959668083357673, "completition_cost": 0.0, "overshoot_cost": 50.09566934145252, "power_cost": 8.085896838378906, "noise_cost": 9.01198188963774, "n_waypoints_completed": 9, "tot_waypoints": 9}}
{"target": -183.4072029414447, "params": {"k_pid_pos": [1.0471385892045553, 0.10043939027217373, 0.9454527009955381], "k_pid_alt": [1.8538317833260842, 0.0045367939088969715, 0.07906030020538592], "k_pid_att": [18.65600710623449, 0.11364980219738086, 0.6375343195866819], "k_pid_yaw": [0.5, 1e-06, 0.1], "k_pid_hsp": [0.3439027313321595, 0.024201316214757403, 0.0], "k_pid_vsp": [270.36607171307605, 254.73410023338093, 2.3435197306768125]}, "datetime": {"datetime": "2025-08-21 12:45:29", "elapsed": 14446.029160737991, "delta": 17.661226749420166}, "costs": {"total_cost": 183.4072029414447, "time_cost": 76.04, "final_distance_cost": 1.84938566889022, "oscillation_cost": 27.426660693783326, "completition_cost": 0.0, "overshoot_cost": 51.308103572879126, "power_cost": 13.702268725585938, "noise_cost": 13.080784280306068, "n_waypoints_completed": 9, "tot_waypoints": 9}}
{"target": -200.50525772779383, "params": {"k_pid_pos": [1.8620732290927229, 0.10761566523373749, 1.0], "k_pid_alt": [1.7840652775196197, 0.007252287841317644, 0.05504943577401674], "k_pid_att": [47.30833892790745, 0.02822287583768258, 0.13542291436300874], "k_pid_yaw": [0.5, 1e-06, 0.1], "k_pid_hsp": [0.6174990838696459, 0.04368846685674727, 0.0], "k_pid_vsp": [211.81624497466032, 150.25360307128938, 4.955768110641665]}, "datetime": {"datetime": "2025-08-21 12:45:47", "elapsed": 14463.665177106857, "delta": 17.636016368865967}, "costs": {"total_cost": 200.50525772779383, "time_cost": 76.72800000000001, "final_distance_cost": 1.8269346862777593, "oscillation_cost": 33.26042843188472, "completition_cost": 0.0, "overshoot_cost": 54.0885779178518, "power_cost": 19.19852236328125, "noise_cost": 15.402794328498274, "n_waypoints_completed": 9, "tot_waypoints": 9}}
{"target": -177.8357327815271, "params": {"k_pid_pos": [1.3681570860040082, 0.008430641283625437, 0.3727299144568916], "k_pid_alt": [1.527452728003861, 0.005207538204371434, 0.08769422306273333], "k_pid_att": [8.499124186577241, 0.14799087902325891, 0.4580672893309317], "k_pid_yaw": [0.5, 1e-06, 0.1], "k_pid_hsp": [0.5116853815518025, 0.0010204343385751904, 0.0], "k_pid_vsp": [196.7825613371289, 238.79961148485935, 2.682599001614758]}, "datetime": {"datetime": "2025-08-21 12:46:03", "elapsed": 14479.905586481094, "delta": 16.24040937423706}, "costs": {"total_cost": 177.8357327815271, "time_cost": 69.72, "final_distance_cost": 1.8428413798071392, "oscillation_cost": 30.314002720903083, "completition_cost": 0.0, "overshoot_cost": 50.376046325009646, "power_cost": 13.518205310058594, "noise_cost": 12.064637045748631, "n_waypoints_completed": 9, "tot_waypoints": 9}}
{"target": -179.90515542874405, "params": {"k_pid_pos": [1.4748226126243, 0.06147336683061313, 0.3536090442630835], "k_pid_alt": [1.9455390025542598, 0.006835929596345685, 0.009131915134338309], "k_pid_att": [22.31496498119877, 0.22222911389802555, 0.11586127515934175], "k_pid_yaw": [0.5, 1e-06, 0.1], "k_pid_hsp": [0.32641032204208387, 0.04233566179618011, 0.0], "k_pid_vsp": [400.0, 194.13408264354334, 0.8329150394245922]}, "datetime": {"datetime": "2025-08-21 12:46:19", "elapsed": 14495.976837873459, "delta": 16.071251392364502}, "costs": {"total_cost": 179.90515542874405, "time_cost": 69.384, "final_distance_cost": 1.828950848874937, "oscillation_cost": 32.08860450957879, "completition_cost": 0.0, "overshoot_cost": 50.321833698965115, "power_cost": 14.035979150390625, "noise_cost": 12.245787220934572, "n_waypoints_completed": 9, "tot_waypoints": 9}}
{"target": -178.84756637080355, "params": {"k_pid_pos": [1.182310394354041, 0.10015096369012261, 0.6521580986949019], "k_pid_alt": [0.8712838654684552, 0.006348796374086481, 0.11360602071822568], "k_pid_att": [34.15924058644884, 0.12732409912630835, 1.0], "k_pid_yaw": [0.5, 1e-06, 0.1], "k_pid_hsp": [0.562662705663921, 0.07688449152645663, 0.0], "k_pid_vsp": [265.75451658340586, 141.19121242148597, 6.305994331943641]}, "datetime": {"datetime": "2025-08-21 12:46:36", "elapsed": 14513.399304628372, "delta": 17.42246675491333}, "costs": {"total_cost": 178.84756637080355, "time_cost": 73.016, "final_distance_cost": 1.847597275417528, "oscillation_cost": 30.006759069695555, "completition_cost": 0.0, "overshoot_cost": 49.92666325003328, "power_cost": 12.331894409179688, "noise_cost": 11.718652366477507, "n_waypoints_completed": 9, "tot_waypoints": 9}}
{"target": -186.51636603236653, "params": {"k_pid_pos": [0.9952787146342917, 0.10475167728023467, 0.7448759591469071], "k_pid_alt": [1.2936104709295728, 0.0032888394678432637, 0.09221732583135876], "k_pid_att": [46.984746621274326, 0.26402356927017706, 0.5696331323324664], "k_pid_yaw": [0.5, 1e-06, 0.1], "k_pid_hsp": [0.562628080361761, 0.02074527992102213, 0.0], "k_pid_vsp": [295.4223773820884, 219.91515983200551, 4.643500147503595]}, "datetime": {"datetime": "2025-08-21 12:46:54", "elapsed": 14530.767738342285, "delta": 17.368433713912964}, "costs": {"total_cost": 186.51636603236653, "time_cost": 76.528, "final_distance_cost": 1.8365111590794454, "oscillation_cost": 27.389995769517576, "completition_cost": 0.0, "overshoot_cost": 51.29770764067829, "power_cost": 15.601572070312502, "noise_cost": 13.862579392778711, "n_waypoints_completed": 9, "tot_waypoints": 9}}
{"target": -174.4378203862634, "params": {"k_pid_pos": [1.8845640613890284, 0.06814344867614792, 0.7625780675049354], "k_pid_alt": [1.5020032320760712, 0.007160183697606254, 0.08379988280451188], "k_pid_att": [25.410247845095693, 0.12418023430961729, 0.8013949910157624], "k_pid_yaw": [0.5, 1e-06, 0.1], "k_pid_hsp": [0.6338928100372457, 0.059874802918941594, 0.0], "k_pid_vsp": [97.00632570946345, 320.59018082019855, 1e-06]}, "datetime": {"datetime": "2025-08-21 12:47:10", "elapsed": 14546.50037741661, "delta": 15.732639074325562}, "costs": {"total_cost": 174.4378203862634, "time_cost": 68.536, "final_distance_cost": 1.8439718268723253, "oscillation_cost": 32.798494464635006, "completition_cost": 0.0, "overshoot_cost": 49.36717176119317, "power_cost": 11.247863537597658, "noise_cost": 10.644318795965262, "n_waypoints_completed": 9, "tot_waypoints": 9}}
{"target": -178.94176138782038, "params": {"k_pid_pos": [1.0377701652732718, 0.13709201093168719, 0.6003718746480636], "k_pid_alt": [1.5534607079331149, 0.006716846554224171, 0.13175344418449397], "k_pid_att": [35.10695146018361, 0.16953630739187409, 0.6647632707400297], "k_pid_yaw": [0.5, 1e-06, 0.1], "k_pid_hsp": [0.5326880253737479, 0.034148693322411904, 0.0], "k_pid_vsp": [116.01674830153804, 136.62113452804283, 1.7884196934127574]}, "datetime": {"datetime": "2025-08-21 12:47:27", "elapsed": 14563.680016040802, "delta": 17.179638624191284}, "costs": {"total_cost": 178.94176138782038, "time_cost": 73.272, "final_distance_cost": 1.8344140123693755, "oscillation_cost": 28.426965989444298, "completition_cost": 0.0, "overshoot_cost": 50.02264294997513, "power_cost": 12.909003356933594, "noise_cost": 12.476735079097976, "n_waypoints_completed": 9, "tot_waypoints": 9}}
{"target": -170.9612516990674, "params": {"k_pid_pos": [1.629916722213623, 0.17681856390749906, 0.6387056649245485], "k_pid_alt": [1.394863887807986, 0.007840615568675326, 0.09026061061192575], "k_pid_att": [32.00657378918237, 0.17831862601311246, 0.43751743196322107], "k_pid_yaw": [0.5, 1e-06, 0.1], "k_pid_hsp": [0.34018321906499244, 0.04876555781741349, 0.0], "k_pid_vsp": [138.14007232589725, 180.2192963548042, 2.164947573689498]}, "datetime": {"datetime": "2025-08-21 12:47:43", "elapsed": 14579.454657316208, "delta": 15.774641275405884}, "costs": {"total_cost": 170.9612516990674, "time_cost": 68.904, "final_distance_cost": 1.8279141474459872, "oscillation_cost": 31.409953423644883, "completition_cost": 0.0, "overshoot_cost": 49.746450369518975, "power_cost": 9.399694360351562, "noise_cost": 9.673239398106018, "n_waypoints_completed": 9, "tot_waypoints": 9}}
{"target": -176.94004613238081, "params": {"k_pid_pos": [1.858405203020166, 0.0923950283039806, 0.7096992085553401], "k_pid_alt": [1.7741342263540887, 0.004544564086823636, 0.0782252004796387], "k_pid_att": [57.548927954116294, 0.15294321815453105, 0.6524855482203117], "k_pid_yaw": [0.5, 1e-06, 0.1], "k_pid_hsp": [0.3926248123905934, 0.025380056195077726, 0.0], "k_pid_vsp": [173.34086390510114, 234.39044922962208, 1.1662044556376328]}, "datetime": {"datetime": "2025-08-21 12:47:59", "elapsed": 14595.47390627861, "delta": 16.019248962402344}, "costs": {"total_cost": 176.94004613238081, "time_cost": 69.128, "final_distance_cost": 1.837704812174334, "oscillation_cost": 31.533554875694374, "completition_cost": 0.0, "overshoot_cost": 50.25582992638429, "power_cost": 12.687525036621095, "noise_cost": 11.497431481506736, "n_waypoints_completed": 9, "tot_waypoints": 9}}
