{"target": -172.7416432633068, "params": {"k_pid_pos": [1.662645099488507, 0.007303729555167404, 0.9581211286565589], "k_pid_alt": [2.0, 0.0026974418640260908, 0.013509201290776355], "k_pid_att": [11.019943685984332, 0.13829353943003092, 0.34189147417689814], "k_pid_yaw": [0.5, 1e-06, 0.1], "k_pid_hsp": [0.15292500643271228, 0.018359289198753872, 0.0], "k_pid_vsp": [233.35518367969675, 244.4667138854331, 1.2446123146401429]}, "datetime": {"datetime": "2025-08-21 20:20:16", "elapsed": 41733.2685751915, "delta": 15.924283504486084}, "costs": {"total_cost": 172.7416432633068, "time_cost": 70.048, "final_distance_cost": 1.8423701792185443, "oscillation_cost": 27.30860096361879, "completition_cost": 0.0, "overshoot_cost": 50.07392206666593, "power_cost": 12.079491552734375, "noise_cost": 11.389258501069165, "n_waypoints_completed": 9, "tot_waypoints": 9}}
{"target": -173.15205840864405, "params": {"k_pid_pos": [1.4438890992229318, 0.005731084889318793, 0.8302797795238462], "k_pid_alt": [1.9522106709470324, 0.003029044578031477, 0.013242919463407549], "k_pid_att": [11.492881172062182, 0.2008013039575944, 0.27665188835593785], "k_pid_yaw": [0.5, 1e-06, 0.1], "k_pid_hsp": [0.1573660078005123, 0.01812263691154227, 0.0], "k_pid_vsp": [293.9593924806352, 268.9403269796958, 1.247837755230567]}, "datetime": {"datetime": "2025-08-21 20:20:34", "elapsed": 41750.745657444, "delta": 17.47708225250244}, "costs": {"total_cost": 173.15205840864405, "time_cost": 70.16, "final_distance_cost": 1.838768168090261, "oscillation_cost": 26.998411762660513, "completition_cost": 0.0, "overshoot_cost": 49.619131407126986, "power_cost": 12.7418083984375, "noise_cost": 11.793938672328796, "n_waypoints_completed": 9, "tot_waypoints": 9}}
{"target": -178.22930044678287, "params": {"k_pid_pos": [1.7102438658818038, 0.0070148547526425005, 0.658522131941321], "k_pid_alt": [2.0, 0.0030168504404033923, 0.008910599776502508], "k_pid_att": [10.939615155486456, 0.1387267707207386, 0.30455718046456043], "k_pid_yaw": [0.5, 1e-06, 0.1], "k_pid_hsp": [0.1789032321121208, 0.016557888077120737, 0.0], "k_pid_vsp": [235.87317918530857, 244.3352231073866, 1.0557162851169732]}, "datetime": {"datetime": "2025-08-21 20:20:50", "elapsed": 41767.40860891342, "delta": 16.662951469421387}, "costs": {"total_cost": 178.22930044678287, "time_cost": 69.784, "final_distance_cost": 1.8387803744812625, "oscillation_cost": 29.18090375942691, "completition_cost": 0.0, "overshoot_cost": 50.62287625982858, "power_cost": 14.29106541748047, "noise_cost": 12.511674635565644, "n_waypoints_completed": 9, "tot_waypoints": 9}}
{"target": -171.5342398657972, "params": {"k_pid_pos": [1.4734433931554456, 0.007438465514739115, 0.9087490654555804], "k_pid_alt": [1.9190368228229449, 0.002929219931896115, 0.013038941863071023], "k_pid_att": [11.606262485766182, 0.16798167201230232, 0.37744356880267643], "k_pid_yaw": [0.5, 1e-06, 0.1], "k_pid_hsp": [0.1613379303108077, 0.0171982637621641, 0.0], "k_pid_vsp": [225.54899378942142, 265.11647173172076, 1.0246722859340005]}, "datetime": {"datetime": "2025-08-21 20:21:07", "elapsed": 41784.13323545456, "delta": 16.724626541137695}, "costs": {"total_cost": 171.5342398657972, "time_cost": 70.16, "final_distance_cost": 1.8512903203133266, "oscillation_cost": 26.82714472398761, "completition_cost": 0.0, "overshoot_cost": 50.23035164287382, "power_cost": 11.332538342285156, "noise_cost": 11.132914836337278, "n_waypoints_completed": 9, "tot_waypoints": 9}}
{"target": -167.34968561425842, "params": {"k_pid_pos": [1.6107499618382377, 0.007675077671281595, 0.9081254063242068], "k_pid_alt": [2.0, 0.002849576138489652, 0.012254120948322025], "k_pid_att": [12.471280510018829, 0.15840155502315717, 0.36903500567159303], "k_pid_yaw": [0.5, 1e-06, 0.1], "k_pid_hsp": [0.14956919259789828, 0.017555002518124408, 0.0], "k_pid_vsp": [257.7593929992699, 294.34662998467957, 1.140802250675246]}, "datetime": {"datetime": "2025-08-21 20:21:26", "elapsed": 41802.73810458183, "delta": 18.60486912727356}, "costs": {"total_cost": 167.34968561425842, "time_cost": 69.512, "final_distance_cost": 1.8492887141164431, "oscillation_cost": 27.58973933382664, "completition_cost": 0.0, "overshoot_cost": 49.50074378417843, "power_cost": 9.152643579101563, "noise_cost": 9.74527020303536, "n_waypoints_completed": 9, "tot_waypoints": 9}}
{"target": -171.29251647857245, "params": {"k_pid_pos": [1.659877938462423, 0.007229255281727816, 1.0], "k_pid_alt": [1.8754774521297086, 0.0030678838966835876, 0.014147422433523668], "k_pid_att": [10.28104429650397, 0.13513084591576233, 0.29409943319579374], "k_pid_yaw": [0.5, 1e-06, 0.1], "k_pid_hsp": [0.1709762653344742, 0.017928601273311515, 0.0], "k_pid_vsp": [249.51846815000613, 277.12143031357465, 1.037152381367198]}, "datetime": {"datetime": "2025-08-21 20:21:42", "elapsed": 41818.99352169037, "delta": 16.255417108535767}, "costs": {"total_cost": 171.29251647857245, "time_cost": 69.744, "final_distance_cost": 1.8478502592079271, "oscillation_cost": 27.51947886347571, "completition_cost": 0.0, "overshoot_cost": 49.88608249067868, "power_cost": 11.37045780029297, "noise_cost": 10.924647064917174, "n_waypoints_completed": 9, "tot_waypoints": 9}}
{"target": -174.0465657627589, "params": {"k_pid_pos": [2.0, 0.0072011288523701105, 0.8923173803051747], "k_pid_alt": [1.6526307377559408, 0.003325043757495584, 0.012363054055304676], "k_pid_att": [11.091285125345562, 0.15501738428339093, 0.31588544796739954], "k_pid_yaw": [0.5, 1e-06, 0.1], "k_pid_hsp": [0.13556309589829948, 0.01850633859930484, 0.0], "k_pid_vsp": [280.68432929233194, 248.66103196126082, 1.0279137579953428]}, "datetime": {"datetime": "2025-08-21 20:21:59", "elapsed": 41836.107618808746, "delta": 17.114097118377686}, "costs": {"total_cost": 174.0465657627589, "time_cost": 68.664, "final_distance_cost": 1.8216795989345234, "oscillation_cost": 30.255808922276305, "completition_cost": 0.0, "overshoot_cost": 50.05352918829673, "power_cost": 12.194945910644531, "noise_cost": 11.056602142606799, "n_waypoints_completed": 9, "tot_waypoints": 9}}
{"target": -165.16663810797968, "params": {"k_pid_pos": [1.6296672798322855, 0.007505749132022117, 0.7760486930341425], "k_pid_alt": [2.0, 0.0029590772029748774, 0.01278049177819627], "k_pid_att": [11.957381161747001, 0.18272537213494924, 0.3162637949838109], "k_pid_yaw": [0.5, 1e-06, 0.1], "k_pid_hsp": [0.14980182806028597, 0.017749870082427104, 0.0], "k_pid_vsp": [257.50570686586667, 221.56704855857097, 1.0673223302767962]}, "datetime": {"datetime": "2025-08-21 20:22:17", "elapsed": 41853.90235877037, "delta": 17.794739961624146}, "costs": {"total_cost": 165.16663810797968, "time_cost": 68.84, "final_distance_cost": 1.8403972971759888, "oscillation_cost": 28.83306201940462, "completition_cost": 0.0, "overshoot_cost": 49.657839498761845, "power_cost": 7.389038220214844, "noise_cost": 8.606301072422392, "n_waypoints_completed": 9, "tot_waypoints": 9}}
{"target": -170.68215621694526, "params": {"k_pid_pos": [1.4899181403228, 0.006677694235066638, 1.0], "k_pid_alt": [2.0, 0.0033747356495383058, 0.012998809884461374], "k_pid_att": [12.313900436600585, 0.17809015343370516, 0.2592396943237185], "k_pid_yaw": [0.5, 1e-06, 0.1], "k_pid_hsp": [0.1597305879942954, 0.018520846980783098, 0.0], "k_pid_vsp": [275.58052362926855, 232.53875035622977, 0.961021789575481]}, "datetime": {"datetime": "2025-08-21 20:22:33", "elapsed": 41870.13479709625, "delta": 16.232438325881958}, "costs": {"total_cost": 170.68215621694526, "time_cost": 70.544, "final_distance_cost": 1.848152663567508, "oscillation_cost": 26.527397670027277, "completition_cost": 0.0, "overshoot_cost": 50.05072668855786, "power_cost": 10.847598571777345, "noise_cost": 10.864280623015286, "n_waypoints_completed": 9, "tot_waypoints": 9}}
{"target": -167.76526526957528, "params": {"k_pid_pos": [1.8400185061542509, 0.007002757294924162, 0.9738455688674142], "k_pid_alt": [2.0, 0.0025581348481632225, 0.011783172065804074], "k_pid_att": [13.505974671620278, 0.1638963133939587, 0.30156510198755426], "k_pid_yaw": [0.5, 1e-06, 0.1], "k_pid_hsp": [0.14453596183273956, 0.020301943273771772, 0.0], "k_pid_vsp": [273.3291998605527, 251.8911170732778, 0.8383268301149348]}, "datetime": {"datetime": "2025-08-21 20:22:50", "elapsed": 41886.623249292374, "delta": 16.488452196121216}, "costs": {"total_cost": 167.76526526957528, "time_cost": 68.824, "final_distance_cost": 1.832977459027386, "oscillation_cost": 29.245089970380796, "completition_cost": 0.0, "overshoot_cost": 49.505892583218284, "power_cost": 8.967475439453125, "noise_cost": 9.389829817495704, "n_waypoints_completed": 9, "tot_waypoints": 9}}
{"target": -167.3364910541614, "params": {"k_pid_pos": [1.6510061528136017, 0.005799266303369455, 1.0], "k_pid_alt": [2.0, 0.0027757258102388527, 0.012390044847601716], "k_pid_att": [10.886743400984344, 0.16113584921591154, 0.30003580729935214], "k_pid_yaw": [0.5, 1e-06, 0.1], "k_pid_hsp": [0.1699173310499138, 0.0193263378140616, 0.0], "k_pid_vsp": [222.7777872097166, 272.2217413994395, 1.1177984606625915]}, "datetime": {"datetime": "2025-08-21 20:23:06", "elapsed": 41903.17624664307, "delta": 16.55299735069275}, "costs": {"total_cost": 167.3364910541614, "time_cost": 69.456, "final_distance_cost": 1.840650900752319, "oscillation_cost": 28.475053498166215, "completition_cost": 0.0, "overshoot_cost": 49.59986950276697, "power_cost": 8.620702465820314, "noise_cost": 9.344214686655585, "n_waypoints_completed": 9, "tot_waypoints": 9}}
{"target": -167.8879012073841, "params": {"k_pid_pos": [1.5009651400761397, 0.0064297199649625365, 0.8861436885825295], "k_pid_alt": [1.9520208900908198, 0.002866709144840345, 0.013595932319771638], "k_pid_att": [13.881551131886683, 0.17006429576254226, 0.30950157228899], "k_pid_yaw": [0.5, 1e-06, 0.1], "k_pid_hsp": [0.15571598252838117, 0.01818765619986788, 0.0], "k_pid_vsp": [241.57815258290498, 273.7884741475218, 1.0049901221474273]}, "datetime": {"datetime": "2025-08-21 20:23:22", "elapsed": 41919.28616952896, "delta": 16.109922885894775}, "costs": {"total_cost": 167.8879012073841, "time_cost": 70.032, "final_distance_cost": 1.84255568382251, "oscillation_cost": 27.03980976430185, "completition_cost": 0.0, "overshoot_cost": 49.58958690162695, "power_cost": 9.596206457519532, "noise_cost": 9.78774240011325, "n_waypoints_completed": 9, "tot_waypoints": 9}}
{"target": -175.3664957852336, "params": {"k_pid_pos": [1.653344520976657, 0.007123918746776487, 0.9381880396138085], "k_pid_alt": [1.7234931203662498, 0.0028189161852749368, 0.013464407671397824], "k_pid_att": [12.532648838375843, 0.13612323533419227, 0.27779434864411345], "k_pid_yaw": [0.5, 1e-06, 0.1], "k_pid_hsp": [0.15136410105740436, 0.017610781341119614, 0.0], "k_pid_vsp": [311.4845659051227, 294.8648686749863, 1.0902100300049125]}, "datetime": {"datetime": "2025-08-21 20:23:41", "elapsed": 41937.54655480385, "delta": 18.260385274887085}, "costs": {"total_cost": 175.3664957852336, "time_cost": 70.21600000000001, "final_distance_cost": 1.8355273146126303, "oscillation_cost": 27.152743280508826, "completition_cost": 0.0, "overshoot_cost": 50.86026745121972, "power_cost": 13.252184216308594, "noise_cost": 12.049773522583811, "n_waypoints_completed": 9, "tot_waypoints": 9}}
{"target": -172.65688743310832, "params": {"k_pid_pos": [1.7803883290462361, 0.0058791876357160875, 0.9576189230233627], "k_pid_alt": [2.0, 0.0024788806489416102, 0.01284145778170784], "k_pid_att": [12.373889414343244, 0.16118066079173746, 0.2744525822564929], "k_pid_yaw": [0.5, 1e-06, 0.1], "k_pid_hsp": [0.139944229684104, 0.017945846951432583, 0.0], "k_pid_vsp": [251.8797894431324, 284.430000131178, 1.0374580575878198]}, "datetime": {"datetime": "2025-08-21 20:23:57", "elapsed": 41953.789612054825, "delta": 16.243057250976562}, "costs": {"total_cost": 172.65688743310832, "time_cost": 69.60000000000001, "final_distance_cost": 1.8417998633707608, "oscillation_cost": 28.078907232743592, "completition_cost": 0.0, "overshoot_cost": 49.733236538003034, "power_cost": 12.051439086914064, "noise_cost": 11.351504712076858, "n_waypoints_completed": 9, "tot_waypoints": 9}}
