{"target": -174.54390597905217, "params": {"k_pid_pos": [1.8076428363287524, 0.08427949970585968, 0.6688137790288647], "k_pid_alt": [1.5189974490104374, 0.02502136505553303, 0.0], "k_pid_att": [29.83657172764748, 0.16293993657903785, 0.9362607508465416], "k_pid_yaw": [0.5, 1e-06, 0.1], "k_pid_hsp": [0.41011337969228573, 0.0, 0.0], "k_pid_vsp": [189.191153885409, 216.36296128272917, 0.956651292440375]}, "datetime": {"datetime": "2025-08-21 10:32:48", "elapsed": 6484.525938034058, "delta": 18.900842428207397}, "costs": {"total_cost": 174.54390597905217, "time_cost": 69.648, "final_distance_cost": 1.8278425755545926, "oscillation_cost": 30.230002669069073, "completition_cost": 0.0, "overshoot_cost": 50.47102201701162, "power_cost": 11.30667216796875, "noise_cost": 11.060366549448126, "n_waypoints_completed": 9, "tot_waypoints": 9}}
{"target": -1260.5975621170423, "params": {"k_pid_pos": [0.0001, 0.0, 0.3712263920796155], "k_pid_alt": [1.0648103675218834, 0.00324784631444565, 0.03980683850088849], "k_pid_att": [20.6191327301709, 0.8744868556059533, 1.0], "k_pid_yaw": [0.5, 1e-06, 0.1], "k_pid_hsp": [1.3835119810659513, 0.6014063682702673, 0.0], "k_pid_vsp": [69.83120840410821, 165.17791331307077, 4.091799179791953]}, "datetime": {"datetime": "2025-08-21 10:33:15", "elapsed": 6511.647151470184, "delta": 27.12121343612671}, "costs": {"total_cost": 1260.5975621170423, "time_cost": 150, "final_distance_cost": 46.10142001101763, "oscillation_cost": 0.4223570428281115, "completition_cost": 1000.0, "overshoot_cost": 30.32246310491687, "power_cost": 18.39511466064453, "noise_cost": 15.356207297635166, "n_waypoints_completed": 0, "tot_waypoints": 9}}
{"target": -191.93536685723024, "params": {"k_pid_pos": [1.3734890704320637, 0.10527864066095272, 0.49884718782389986], "k_pid_alt": [1.2865532230664296, 0.0, 0.05838180062478046], "k_pid_att": [49.48605887148463, 0.5144984080540663, 0.7010213906324346], "k_pid_yaw": [0.5, 1e-06, 0.1], "k_pid_hsp": [2.0310226354014227, 0.17059153851015688, 0.0], "k_pid_vsp": [338.3481158388211, 400.0, 4.51981455553376]}, "datetime": {"datetime": "2025-08-21 10:33:37", "elapsed": 6533.894958496094, "delta": 22.247807025909424}, "costs": {"total_cost": 191.93536685723024, "time_cost": 71.968, "final_distance_cost": 1.8386095265465776, "oscillation_cost": 33.33025680630846, "completition_cost": 0.0, "overshoot_cost": 51.66922985605535, "power_cost": 18.540004650878906, "noise_cost": 14.589266017440929, "n_waypoints_completed": 9, "tot_waypoints": 9}}
{"target": -690.8826654243585, "params": {"k_pid_pos": [0.7737278384334635, 0.1306865540394014, 0.929312813295264], "k_pid_alt": [1.7980581265674997, 0.01478689145754425, 0.10125912335132654], "k_pid_att": [28.07272923697693, 0.1652689154071787, 0.33599946686798293], "k_pid_yaw": [0.5, 1e-06, 0.1], "k_pid_hsp": [1.904686931628824, 0.0, 0.0], "k_pid_vsp": [323.21723899730137, 323.4533306461606, 6.645203530489006]}, "datetime": {"datetime": "2025-08-21 10:34:03", "elapsed": 6559.544340133667, "delta": 25.649381637573242}, "costs": {"total_cost": 690.8826654243585, "time_cost": 150, "final_distance_cost": 64.10036670842902, "oscillation_cost": 23.919541753480775, "completition_cost": 333.33333333333337, "overshoot_cost": 62.37397331992795, "power_cost": 26.179516735839844, "noise_cost": 30.975933573347596, "n_waypoints_completed": 6, "tot_waypoints": 9}}
{"target": -200.0964061367511, "params": {"k_pid_pos": [0.9757065402668298, 0.08426102053875063, 0.1707808409802384], "k_pid_alt": [2.0, 0.0, 0.049837146573119974], "k_pid_att": [49.22970770295948, 0.0001, 0.8725039480066208], "k_pid_yaw": [0.5, 1e-06, 0.1], "k_pid_hsp": [1.0547825877819204, 0.019089772309394903, 0.0], "k_pid_vsp": [16.578019947970756, 323.2412573660768, 3.233147867012825]}, "datetime": {"datetime": "2025-08-21 10:34:26", "elapsed": 6583.176205396652, "delta": 23.63186526298523}, "costs": {"total_cost": 200.0964061367511, "time_cost": 76.264, "final_distance_cost": 1.8453325395562283, "oscillation_cost": 41.4868939009383, "completition_cost": 0.0, "overshoot_cost": 51.82201185139693, "power_cost": 15.866240576171876, "noise_cost": 12.811927268687768, "n_waypoints_completed": 9, "tot_waypoints": 9}}
{"target": -178.32295366909273, "params": {"k_pid_pos": [1.083421908146268, 0.18418733789672467, 0.3426058959146923], "k_pid_alt": [1.7683283876402192, 0.004979983719516059, 0.03193302889951826], "k_pid_att": [17.793866613992225, 0.26810127777891085, 1.0], "k_pid_yaw": [0.5, 1e-06, 0.1], "k_pid_hsp": [2.2180587112607983, 0.0, 0.0], "k_pid_vsp": [196.20629081959183, 400.0, 5.232713949778955]}, "datetime": {"datetime": "2025-08-21 10:34:47", "elapsed": 6604.021181344986, "delta": 20.84497594833374}, "costs": {"total_cost": 178.32295366909273, "time_cost": 70.664, "final_distance_cost": 1.8364429376818283, "oscillation_cost": 32.30739339442718, "completition_cost": 0.0, "overshoot_cost": 50.832541164838624, "power_cost": 11.495897094726564, "noise_cost": 11.186679077418532, "n_waypoints_completed": 9, "tot_waypoints": 9}}
{"target": -201.6958819435067, "params": {"k_pid_pos": [0.7826053329018192, 0.04874518724510554, 0.9424586961806467], "k_pid_alt": [2.0, 0.018743241992773097, 0.033875344622331015], "k_pid_att": [37.46614393139937, 1.2111487909957537, 0.8350047652426623], "k_pid_yaw": [0.5, 1e-06, 0.1], "k_pid_hsp": [1.2460498660855215, 0.0901918791951775, 0.0], "k_pid_vsp": [220.85122582511875, 400.0, 8.710708616046775]}, "datetime": {"datetime": "2025-08-21 10:35:08", "elapsed": 6625.132865190506, "delta": 21.11168384552002}, "costs": {"total_cost": 201.6958819435067, "time_cost": 84.28, "final_distance_cost": 1.8542905065697508, "oscillation_cost": 31.66096870529953, "completition_cost": 0.0, "overshoot_cost": 52.109220712024545, "power_cost": 16.292411254882815, "noise_cost": 15.498990764730046, "n_waypoints_completed": 9, "tot_waypoints": 9}}
{"target": -1140.2999285863048, "params": {"k_pid_pos": [1.9496090581075987, 0.14581889831104203, 0.61526779456727], "k_pid_alt": [2.0, 0.0013963160240116814, 0.07909621176619476], "k_pid_att": [46.416362939162774, 0.0001, 1.0], "k_pid_yaw": [0.5, 1e-06, 0.1], "k_pid_hsp": [1.2802103172422712, 0.28922908594486535, 0.0], "k_pid_vsp": [0.0, 204.14855003514802, 6.585868634861099]}, "datetime": {"datetime": "2025-08-21 10:35:40", "elapsed": 6657.185010433197, "delta": 32.05214524269104}, "costs": {"total_cost": 1140.2999285863048, "time_cost": 150, "final_distance_cost": 79.34341967172367, "oscillation_cost": 57.77180512885088, "completition_cost": 777.7777777777778, "overshoot_cost": 38.5114326045719, "power_cost": 21.960331396484378, "noise_cost": 14.935162006896027, "n_waypoints_completed": 2, "tot_waypoints": 9}}
{"target": -1232.7416053310537, "params": {"k_pid_pos": [0.0001, 0.0340518459592913, 0.0303053697636122], "k_pid_alt": [1.3731765835404437, 0.0, 0.06346303611611102], "k_pid_att": [51.63061747959932, 0.2342252595525275, 0.9633590025538581], "k_pid_yaw": [0.5, 1e-06, 0.1], "k_pid_hsp": [1.4538210121538457, 0.312136612771479, 0.0], "k_pid_vsp": [235.27204747694327, 104.39022865665709, 7.373967627576725]}, "datetime": {"datetime": "2025-08-21 10:36:05", "elapsed": 6682.302158117294, "delta": 25.11714768409729}, "costs": {"total_cost": 1232.7416053310537, "time_cost": 150, "final_distance_cost": 48.87199711578982, "oscillation_cost": 2.5223446878584954, "completition_cost": 888.8888888888888, "overshoot_cost": 108.53355812454699, "power_cost": 18.616829418945315, "noise_cost": 15.307987095024307, "n_waypoints_completed": 1, "tot_waypoints": 9}}
{"target": -1242.6959731594095, "params": {"k_pid_pos": [0.8242117281572613, 0.057722452471186125, 0.6950539361931608], "k_pid_alt": [2.0, 0.005106798490575345, 0.04661536519722908], "k_pid_att": [35.45690901626777, 0.6438736816472667, 0.40536644588520243], "k_pid_yaw": [0.5, 1e-06, 0.1], "k_pid_hsp": [0.0001, 0.1921348853918601, 0.0], "k_pid_vsp": [201.03393214955273, 243.519996004962, 2.7388799111512743]}, "datetime": {"datetime": "2025-08-21 10:36:35", "elapsed": 6711.637025117874, "delta": 29.334867000579834}, "costs": {"total_cost": 1242.6959731594095, "time_cost": 150, "final_distance_cost": 87.95101315861403, "oscillation_cost": 112.53657218854542, "completition_cost": 777.7777777777778, "overshoot_cost": 75.46044948287991, "power_cost": 21.87074930419922, "noise_cost": 17.099411247392915, "n_waypoints_completed": 2, "tot_waypoints": 9}}
{"target": -206.55909000176734, "params": {"k_pid_pos": [0.466993927965391, 0.1305424644347112, 0.471854798541522], "k_pid_alt": [0.928242471703772, 0.025094804993767636, 0.11758038161680978], "k_pid_att": [51.370744487843666, 0.5495219535720016, 1.0], "k_pid_yaw": [0.5, 1e-06, 0.1], "k_pid_hsp": [1.1090569560553611, 0.09622995046331939, 0.0], "k_pid_vsp": [193.73354577551618, 340.9232744892306, 4.02457990361011]}, "datetime": {"datetime": "2025-08-21 10:36:59", "elapsed": 6735.538239955902, "delta": 23.901214838027954}, "costs": {"total_cost": 206.55909000176734, "time_cost": 85.712, "final_distance_cost": 1.6979845272926979, "oscillation_cost": 25.134483052391598, "completition_cost": 0.0, "overshoot_cost": 53.78358901398237, "power_cost": 21.776848925781252, "noise_cost": 18.454184482319413, "n_waypoints_completed": 9, "tot_waypoints": 9}}
{"target": -193.8727441370435, "params": {"k_pid_pos": [0.9522256747686267, 0.09874264081892892, 0.6104845321662996], "k_pid_alt": [2.0, 0.004999257804350073, 0.04294008535264785], "k_pid_att": [17.501706478716027, 0.5462264457687346, 1.0], "k_pid_yaw": [0.5, 1e-06, 0.1], "k_pid_hsp": [1.6464252154079515, 0.21410080759110076, 0.0], "k_pid_vsp": [279.7230365864316, 400.0, 3.106373746456063]}, "datetime": {"datetime": "2025-08-21 10:37:19", "elapsed": 6756.222646713257, "delta": 20.684406757354736}, "costs": {"total_cost": 193.8727441370435, "time_cost": 74.888, "final_distance_cost": 1.8502463379019385, "oscillation_cost": 35.197069858593224, "completition_cost": 0.0, "overshoot_cost": 51.26747997432679, "power_cost": 16.374000610351562, "noise_cost": 14.295947355869966, "n_waypoints_completed": 9, "tot_waypoints": 9}}
{"target": -177.3867709122995, "params": {"k_pid_pos": [1.4124035802905788, 0.3003782176199113, 0.326354898065579], "k_pid_alt": [1.3191596513200852, 0.0036313266249480675, 0.05516555518717719], "k_pid_att": [31.53386838920838, 0.29443853214051113, 1.0], "k_pid_yaw": [0.5, 1e-06, 0.1], "k_pid_hsp": [1.5908440690670853, 0.0, 0.0], "k_pid_vsp": [300.096792957183, 0.3397245543979466, 10.883223637962145]}, "datetime": {"datetime": "2025-08-21 10:37:41", "elapsed": 6777.844567298889, "delta": 21.621920585632324}, "costs": {"total_cost": 177.3867709122995, "time_cost": 70.864, "final_distance_cost": 1.7600619272236766, "oscillation_cost": 36.57898299474396, "completition_cost": 0.0, "overshoot_cost": 50.76640578922524, "power_cost": 8.69141688232422, "noise_cost": 8.725903318782441, "n_waypoints_completed": 9, "tot_waypoints": 9}}
{"target": -185.2360148640593, "params": {"k_pid_pos": [0.747846892892666, 0.0, 0.1116207045731215], "k_pid_alt": [1.2963319198785161, 0.010754856449495734, 0.03345181222688042], "k_pid_att": [71.94416133051739, 1.016998087627031, 1.0], "k_pid_yaw": [0.5, 1e-06, 0.1], "k_pid_hsp": [1.393613930664836, 0.0021045996703504635, 0.0], "k_pid_vsp": [400.0, 293.223910801749, 6.743280511365607]}, "datetime": {"datetime": "2025-08-21 10:38:00", "elapsed": 6796.588620662689, "delta": 18.74405336380005}, "costs": {"total_cost": 185.2360148640593, "time_cost": 75.152, "final_distance_cost": 1.857095560627941, "oscillation_cost": 31.310685612727127, "completition_cost": 0.0, "overshoot_cost": 50.6772443657317, "power_cost": 13.309166040039063, "noise_cost": 12.9298232849335, "n_waypoints_completed": 9, "tot_waypoints": 9}}
{"target": -959.7218491513484, "params": {"k_pid_pos": [1.043659628328271, 0.0, 0.0], "k_pid_alt": [1.6129958718495672, 0.0058539490644975685, 0.10562653723673159], "k_pid_att": [37.943871857941886, 0.5313415599581078, 0.6208469440717458], "k_pid_yaw": [0.5, 1e-06, 0.1], "k_pid_hsp": [2.0730519311981985, 0.4504217026982877, 0.0], "k_pid_vsp": [372.99208799459643, 254.18040130608688, 12.110325722755874]}, "datetime": {"datetime": "2025-08-21 10:38:31", "elapsed": 6828.008184432983, "delta": 31.41956377029419}, "costs": {"total_cost": 959.7218491513484, "time_cost": 150, "final_distance_cost": 42.702445150665945, "oscillation_cost": 23.87676871737154, "completition_cost": 555.5555555555555, "overshoot_cost": 110.70831665853306, "power_cost": 30.49930888671875, "noise_cost": 46.37945418250359, "n_waypoints_completed": 4, "tot_waypoints": 9}}
{"target": -176.0906550665752, "params": {"k_pid_pos": [2.0, 0.09188459852243674, 0.7001494423852773], "k_pid_alt": [1.126961520531115, 0.007420322238976475, 0.04013906233292246], "k_pid_att": [45.81660913836895, 0.20312934971337504, 0.8265622754143461], "k_pid_yaw": [0.5, 1e-06, 0.1], "k_pid_hsp": [2.3915696163810787, 0.0927575598578027, 0.0], "k_pid_vsp": [226.89793960266869, 354.88689713145624, 1e-06]}, "datetime": {"datetime": "2025-08-21 10:38:50", "elapsed": 6847.050120353699, "delta": 19.041935920715332}, "costs": {"total_cost": 176.0906550665752, "time_cost": 68.672, "final_distance_cost": 1.7919062970300996, "oscillation_cost": 34.61406985507017, "completition_cost": 0.0, "overshoot_cost": 49.052929593970376, "power_cost": 11.104942114257813, "noise_cost": 10.854807206246731, "n_waypoints_completed": 9, "tot_waypoints": 9}}
{"target": -180.5611991225425, "params": {"k_pid_pos": [1.4416297196090857, 0.0519744531993847, 0.24337250256062], "k_pid_alt": [1.3470449997662648, 0.0005028859975971563, 0.0], "k_pid_att": [50.88123577571616, 0.04389636283391859, 0.43758866519716183], "k_pid_yaw": [0.5, 1e-06, 0.1], "k_pid_hsp": [0.2550115296972864, 0.056563007914928, 0.0], "k_pid_vsp": [172.50134278410974, 170.98128098537492, 0.6875911631797443]}, "datetime": {"datetime": "2025-08-21 10:39:07", "elapsed": 6864.161162853241, "delta": 17.111042499542236}, "costs": {"total_cost": 180.5611991225425, "time_cost": 69.504, "final_distance_cost": 1.8243817473541843, "oscillation_cost": 31.851457183597187, "completition_cost": 0.0, "overshoot_cost": 50.145075786255994, "power_cost": 14.64945390625, "noise_cost": 12.586830499085114, "n_waypoints_completed": 9, "tot_waypoints": 9}}
{"target": -443.696917546952, "params": {"k_pid_pos": [0.5705786095490153, 0.03616935305592577, 0.7804140928891856], "k_pid_alt": [1.8250963812381962, 0.0023308093938273545, 0.0446875243636618], "k_pid_att": [31.706516629061507, 0.37104776320666044, 1.0], "k_pid_yaw": [0.5, 1e-06, 0.1], "k_pid_hsp": [1.7230970872166074, 0.026279488803034545, 0.0], "k_pid_vsp": [155.45719516870335, 400.0, 6.351801933670448]}, "datetime": {"datetime": "2025-08-21 10:39:37", "elapsed": 6894.228934764862, "delta": 30.067771911621094}, "costs": {"total_cost": 443.696917546952, "time_cost": 150, "final_distance_cost": 55.3239863705933, "oscillation_cost": 26.47058690278223, "completition_cost": 111.11111111111116, "overshoot_cost": 57.68494066163663, "power_cost": 25.05818094482422, "noise_cost": 18.048111556004468, "n_waypoints_completed": 8, "tot_waypoints": 9}}
{"target": -207.50200134886373, "params": {"k_pid_pos": [1.1743900192784653, 0.037140188339303874, 0.848261862021198], "k_pid_alt": [0.4708305545101917, 0.01622647849536356, 0.0], "k_pid_att": [45.694941182763365, 0.5624671915278556, 1.0], "k_pid_yaw": [0.5, 1e-06, 0.1], "k_pid_hsp": [0.5276981750460651, 0.5117611222022326, 0.0], "k_pid_vsp": [160.09783777749553, 223.30936859683717, 2.068478457042535]}, "datetime": {"datetime": "2025-08-21 10:40:00", "elapsed": 6916.732097625732, "delta": 22.50316286087036}, "costs": {"total_cost": 207.50200134886373, "time_cost": 83.848, "final_distance_cost": 1.8569309016140287, "oscillation_cost": 42.715343539004735, "completition_cost": 0.0, "overshoot_cost": 50.60923882364097, "power_cost": 14.790120422363282, "noise_cost": 13.682367662240733, "n_waypoints_completed": 9, "tot_waypoints": 9}}
{"target": -192.36707748303775, "params": {"k_pid_pos": [0.9127650868591247, 0.010276665014727947, 0.7165119734871362], "k_pid_alt": [2.0, 0.007821211885603545, 0.06970624391081397], "k_pid_att": [43.69440178691184, 0.3084999023900354, 0.9119085607792315], "k_pid_yaw": [0.5, 1e-06, 0.1], "k_pid_hsp": [1.2562080541663363, 0.0, 0.0], "k_pid_vsp": [135.263666603036, 244.1994382726898, 3.040313329815177]}, "datetime": {"datetime": "2025-08-21 10:40:24", "elapsed": 6941.43147277832, "delta": 24.69937515258789}, "costs": {"total_cost": 192.36707748303775, "time_cost": 80.168, "final_distance_cost": 1.8508926719197185, "oscillation_cost": 30.38518684890698, "completition_cost": 0.0, "overshoot_cost": 51.371152571736445, "power_cost": 14.53614188232422, "noise_cost": 14.055703508150382, "n_waypoints_completed": 9, "tot_waypoints": 9}}
{"target": -176.28663066154988, "params": {"k_pid_pos": [1.465446608501735, 0.05204812752217275, 0.24837788924347168], "k_pid_alt": [1.211771511983672, 0.015329160683276674, 0.05842632726638881], "k_pid_att": [70.12298677695954, 1.430515317178772, 1.0], "k_pid_yaw": [0.5, 1e-06, 0.1], "k_pid_hsp": [0.9088604354352613, 0.16402149170011618, 0.0], "k_pid_vsp": [209.86013530607363, 110.01765346606767, 0.5123138156179432]}, "datetime": {"datetime": "2025-08-21 10:40:42", "elapsed": 6958.80495262146, "delta": 17.37347984313965}, "costs": {"total_cost": 176.28663066154988, "time_cost": 68.536, "final_distance_cost": 1.809649138059532, "oscillation_cost": 33.9707124737984, "completition_cost": 0.0, "overshoot_cost": 49.297945890741325, "power_cost": 11.690025451660157, "noise_cost": 10.98229770729048, "n_waypoints_completed": 9, "tot_waypoints": 9}}
{"target": -176.51410092188937, "params": {"k_pid_pos": [2.0, 0.04780372303173741, 0.6094368863620178], "k_pid_alt": [1.9308412794555359, 0.005867143810680772, 0.0], "k_pid_att": [48.37296678657116, 0.34327192034199455, 0.4534264263577468], "k_pid_yaw": [0.5, 1e-06, 0.1], "k_pid_hsp": [1.8629399281560783, 0.0, 0.0], "k_pid_vsp": [225.73669922672116, 355.8297089267566, 3.117950027660752]}, "datetime": {"datetime": "2025-08-21 10:40:59", "elapsed": 6976.349702119827, "delta": 17.54474949836731}, "costs": {"total_cost": 176.51410092188937, "time_cost": 69.16, "final_distance_cost": 1.8216706776142952, "oscillation_cost": 33.48687616018288, "completition_cost": 0.0, "overshoot_cost": 50.254881867132646, "power_cost": 11.085916967773437, "noise_cost": 10.704755249186132, "n_waypoints_completed": 9, "tot_waypoints": 9}}
{"target": -181.024213542394, "params": {"k_pid_pos": [2.0, 0.03098480340887132, 1.0], "k_pid_alt": [0.9892348205186369, 0.0256335368481347, 0.12490519502027649], "k_pid_att": [50.77902287545444, 0.36653430130776554, 0.917449600870599], "k_pid_yaw": [0.5, 1e-06, 0.1], "k_pid_hsp": [0.8516541295249183, 0.0, 0.0], "k_pid_vsp": [206.5861603638558, 400.0, 5.545649216958057]}, "datetime": {"datetime": "2025-08-21 10:41:21", "elapsed": 6998.205320119858, "delta": 21.855618000030518}, "costs": {"total_cost": 181.024213542394, "time_cost": 70.032, "final_distance_cost": 1.8480603987041135, "oscillation_cost": 32.934730628794256, "completition_cost": 0.0, "overshoot_cost": 49.83998565655698, "power_cost": 13.87945908203125, "noise_cost": 12.489977776307406, "n_waypoints_completed": 9, "tot_waypoints": 9}}
{"target": -181.22942815909124, "params": {"k_pid_pos": [1.551083334236304, 0.06395574392563731, 0.5013521371679984], "k_pid_alt": [1.526164218781575, 0.005985908746858154, 0.09207598563640577], "k_pid_att": [49.98912429971623, 0.3708636966445631, 1.0], "k_pid_yaw": [0.5, 1e-06, 0.1], "k_pid_hsp": [1.3278502094300622, 0.0, 0.0], "k_pid_vsp": [293.52289032033633, 202.8998237487352, 2.387170403840748]}, "datetime": {"datetime": "2025-08-21 10:41:42", "elapsed": 7019.277941942215, "delta": 21.072621822357178}, "costs": {"total_cost": 181.22942815909124, "time_cost": 70.016, "final_distance_cost": 1.8454601897521237, "oscillation_cost": 32.05413799799164, "completition_cost": 0.0, "overshoot_cost": 50.549272166461144, "power_cost": 14.242814294433595, "noise_cost": 12.52174351045273, "n_waypoints_completed": 9, "tot_waypoints": 9}}
{"target": -4003.2361237400087, "params": {"k_pid_pos": [2.0, 0.09132097522366985, 0.8908748117386464], "k_pid_alt": [1.2618152229340727, 0.0, 0.07551058743453204], "k_pid_att": [0.0, 0.08558287689192973, 0.9297716566351014], "k_pid_yaw": [0.5, 1e-06, 0.1], "k_pid_hsp": [1.012496067287706, 0.0, 0.0], "k_pid_vsp": [69.88541717206591, 245.07107351885807, 5.644691010755906]}, "datetime": {"datetime": "2025-08-21 10:42:07", "elapsed": 7044.136586666107, "delta": 24.858644723892212}, "costs": {"total_cost": 4003.2361237400087, "time_cost": 150, "final_distance_cost": 1253.0647067406155, "oscillation_cost": 112.02648449092922, "completition_cost": 888.8888888888888, "overshoot_cost": 1499.9885920632194, "power_cost": 29.623658532714845, "noise_cost": 69.64379302364077, "n_waypoints_completed": 1, "tot_waypoints": 9}}
{"target": -428.6355073769778, "params": {"k_pid_pos": [0.40994618425620594, 0.009107568658043484, 0.7289135566635222], "k_pid_alt": [1.3424960417248444, 0.012950724478311465, 0.04568826682990878], "k_pid_att": [97.0294240826902, 0.3220506657896451, 0.959299978756829], "k_pid_yaw": [0.5, 1e-06, 0.1], "k_pid_hsp": [0.5843353563281276, 0.007769349427583202, 0.0], "k_pid_vsp": [222.28380145470564, 400.0, 4.077833513145911]}, "datetime": {"datetime": "2025-08-21 10:42:38", "elapsed": 7074.703984498978, "delta": 30.567397832870483}, "costs": {"total_cost": 428.6355073769778, "time_cost": 150, "final_distance_cost": 65.62986616704794, "oscillation_cost": 27.457946632209183, "completition_cost": 111.11111111111116, "overshoot_cost": 46.94217977688043, "power_cost": 14.415715173339844, "noise_cost": 13.07868851638927, "n_waypoints_completed": 8, "tot_waypoints": 9}}
