{"target": -174.80604170435885, "params": {"k_pid_pos": [2.0, 0.018631852783316947, 1.0], "k_pid_alt": [2.0, 0.0025681953930782693, 0.014224181214868221], "k_pid_att": [15.963396443353725, 0.18189657510864218, 0.24374735912548193], "k_pid_yaw": [0.5, 1e-06, 0.1], "k_pid_hsp": [0.15785739669072862, 0.017613967907300663, 0.0], "k_pid_vsp": [329.3303307256206, 253.38117352286, 1.1988750686136551]}, "datetime": {"datetime": "2025-08-21 17:51:45", "elapsed": 32822.10984992981, "delta": 16.85057044029236}, "costs": {"total_cost": 174.80604170435885, "time_cost": 69.752, "final_distance_cost": 1.8401357277208463, "oscillation_cost": 28.89389635018692, "completition_cost": 0.0, "overshoot_cost": 50.353150898596716, "power_cost": 12.448459838867189, "noise_cost": 11.518398888987184, "n_waypoints_completed": 9, "tot_waypoints": 9}}
{"target": -170.37534917712776, "params": {"k_pid_pos": [1.6709045297201213, 0.0184013082627244, 0.7422934655185194], "k_pid_alt": [1.3673663543675232, 0.0028036068691037314, 0.009695042169702085], "k_pid_att": [16.1614784197708, 0.1721785183802642, 0.2713124632057935], "k_pid_yaw": [0.5, 1e-06, 0.1], "k_pid_hsp": [0.14906854274648268, 0.017103385211642307, 0.0], "k_pid_vsp": [199.44836550325945, 279.08797663878875, 1.6078402344048266]}, "datetime": {"datetime": "2025-08-21 17:52:01", "elapsed": 32837.856322050095, "delta": 15.746472120285034}, "costs": {"total_cost": 170.37534917712776, "time_cost": 68.72, "final_distance_cost": 1.8417348493311858, "oscillation_cost": 29.861896479877142, "completition_cost": 0.0, "overshoot_cost": 49.93820504678861, "power_cost": 9.898658679199219, "noise_cost": 10.1148541219316, "n_waypoints_completed": 9, "tot_waypoints": 9}}
{"target": -169.26755788400337, "params": {"k_pid_pos": [1.5974274548017116, 0.007725958156078347, 0.8597892720469527], "k_pid_alt": [1.8575939396134278, 0.0017223682054235499, 0.00982975836277445], "k_pid_att": [11.678419272886343, 0.23139599666381697, 0.2986901467464403], "k_pid_yaw": [0.5, 1e-06, 0.1], "k_pid_hsp": [0.20774123634434194, 0.022434628896090932, 0.0], "k_pid_vsp": [275.81844109781673, 157.8896589611792, 1.3796278367356647]}, "datetime": {"datetime": "2025-08-21 17:52:17", "elapsed": 32854.219355106354, "delta": 16.363033056259155}, "costs": {"total_cost": 169.26755788400337, "time_cost": 69.608, "final_distance_cost": 1.8381063852153194, "oscillation_cost": 28.286238877199157, "completition_cost": 0.0, "overshoot_cost": 49.46926145173289, "power_cost": 9.842795141601563, "noise_cost": 10.223156028254431, "n_waypoints_completed": 9, "tot_waypoints": 9}}
{"target": -179.40333594207107, "params": {"k_pid_pos": [2.0, 0.013904022259448557, 1.0], "k_pid_alt": [1.8720745080126042, 0.0034014248114903455, 0.010822613158338837], "k_pid_att": [13.952154073004309, 0.15927147778586462, 0.30031826063391054], "k_pid_yaw": [0.5, 1e-06, 0.1], "k_pid_hsp": [0.18680241643482987, 0.02663004031320691, 0.0], "k_pid_vsp": [330.0299631121595, 235.7374947655229, 0.9621676559194712]}, "datetime": {"datetime": "2025-08-21 17:52:34", "elapsed": 32870.73144483566, "delta": 16.512089729309082}, "costs": {"total_cost": 179.40333594207107, "time_cost": 69.544, "final_distance_cost": 1.840707573076877, "oscillation_cost": 30.41745829473574, "completition_cost": 0.0, "overshoot_cost": 49.812500282422164, "power_cost": 14.970864501953125, "noise_cost": 12.817805289883186, "n_waypoints_completed": 9, "tot_waypoints": 9}}
{"target": -172.235926151849, "params": {"k_pid_pos": [1.336918303749579, 0.01727768165356004, 0.7449056295226709], "k_pid_alt": [1.674911174357413, 0.0030546954862800736, 0.015461364076029147], "k_pid_att": [7.114484540583905, 0.199654022255109, 0.2534004790694646], "k_pid_yaw": [0.5, 1e-06, 0.1], "k_pid_hsp": [0.20702452385597794, 0.01602938854634856, 0.0], "k_pid_vsp": [319.0246553633328, 285.61252632380473, 0.996941983020608]}, "datetime": {"datetime": "2025-08-21 17:52:50", "elapsed": 32886.603330373764, "delta": 15.871885538101196}, "costs": {"total_cost": 172.235926151849, "time_cost": 70.112, "final_distance_cost": 1.8468963884256353, "oscillation_cost": 27.25641196072545, "completition_cost": 0.0, "overshoot_cost": 49.64508692491008, "power_cost": 11.896942065429688, "noise_cost": 11.478588812358124, "n_waypoints_completed": 9, "tot_waypoints": 9}}
{"target": -169.4811840085946, "params": {"k_pid_pos": [1.5622314941552071, 0.018722341093242122, 0.7247632110813828], "k_pid_alt": [2.0, 0.00400903373641993, 0.012857154187423323], "k_pid_att": [12.726503528795732, 0.17875668946953358, 0.22872011756055155], "k_pid_yaw": [0.5, 1e-06, 0.1], "k_pid_hsp": [0.14956408556491077, 0.02189883066267088, 0.0], "k_pid_vsp": [262.19841694674267, 249.39542501719976, 1.0811644413798702]}, "datetime": {"datetime": "2025-08-21 17:53:07", "elapsed": 32903.57454705238, "delta": 16.971216678619385}, "costs": {"total_cost": 169.4811840085946, "time_cost": 68.872, "final_distance_cost": 1.8330070112698755, "oscillation_cost": 29.04951217228668, "completition_cost": 0.0, "overshoot_cost": 49.72941191949739, "power_cost": 10.030099975585937, "noise_cost": 9.96715292995472, "n_waypoints_completed": 9, "tot_waypoints": 9}}
{"target": -170.03975434797727, "params": {"k_pid_pos": [1.4137044611747387, 0.013221748905318445, 1.0], "k_pid_alt": [1.6384208588456903, 0.0035783390854401726, 0.013487465687319582], "k_pid_att": [12.020196182977992, 0.1594645575983107, 0.26282752609017074], "k_pid_yaw": [0.5, 1e-06, 0.1], "k_pid_hsp": [0.18868921765233945, 0.021424346462915925, 0.0], "k_pid_vsp": [237.69065842846825, 290.31033251975686, 1.3261229459194004]}, "datetime": {"datetime": "2025-08-21 17:53:23", "elapsed": 32920.118032217026, "delta": 16.543485164642334}, "costs": {"total_cost": 170.03975434797727, "time_cost": 71.2, "final_distance_cost": 1.8471046636191586, "oscillation_cost": 27.622206261487808, "completition_cost": 0.0, "overshoot_cost": 49.821846383524644, "power_cost": 9.462804138183595, "noise_cost": 10.085792901162051, "n_waypoints_completed": 9, "tot_waypoints": 9}}
{"target": -179.41706981433308, "params": {"k_pid_pos": [2.0, 0.018580786407416946, 0.7805325331819369], "k_pid_alt": [1.6837296515529394, 0.003018462475107727, 0.013115583145669027], "k_pid_att": [17.612710351111026, 0.16987591542299565, 0.29906912086115617], "k_pid_yaw": [0.5, 1e-06, 0.1], "k_pid_hsp": [0.19123795795262408, 0.021344284974076016, 0.0], "k_pid_vsp": [289.12304813220874, 255.29231696707123, 0.7234201205522828]}, "datetime": {"datetime": "2025-08-21 17:53:40", "elapsed": 32937.37956881523, "delta": 17.261536598205566}, "costs": {"total_cost": 179.41706981433308, "time_cost": 69.60000000000001, "final_distance_cost": 1.8355786652753145, "oscillation_cost": 29.762033650294185, "completition_cost": 0.0, "overshoot_cost": 50.481256286619335, "power_cost": 15.054206176757813, "noise_cost": 12.683995035386415, "n_waypoints_completed": 9, "tot_waypoints": 9}}
{"target": -167.29442654845712, "params": {"k_pid_pos": [2.0, 0.013247005821860688, 0.8055285964980549], "k_pid_alt": [1.9218013884757816, 0.003816088369988911, 0.010896845531622392], "k_pid_att": [14.221325842238286, 0.1594910493475753, 0.29142453375980965], "k_pid_yaw": [0.5, 1e-06, 0.1], "k_pid_hsp": [0.20951351673894533, 0.020937780833063562, 0.0], "k_pid_vsp": [284.68708130772825, 204.58847561791094, 1.173138092671077]}, "datetime": {"datetime": "2025-08-21 17:53:57", "elapsed": 32953.69695520401, "delta": 16.317386388778687}, "costs": {"total_cost": 167.29442654845712, "time_cost": 68.408, "final_distance_cost": 1.8392101477328235, "oscillation_cost": 30.74645103690325, "completition_cost": 0.0, "overshoot_cost": 49.503959610532604, "power_cost": 7.9044648437500005, "noise_cost": 8.892340909538436, "n_waypoints_completed": 9, "tot_waypoints": 9}}
{"target": -174.9685659984439, "params": {"k_pid_pos": [1.5545839879524774, 0.015532745543182971, 0.8676008007399206], "k_pid_alt": [1.6944075009212056, 0.004200218250900921, 0.012449030705945168], "k_pid_att": [8.409658494778839, 0.1255641595636458, 0.20972576454907751], "k_pid_yaw": [0.5, 1e-06, 0.1], "k_pid_hsp": [0.1255334837040222, 0.02238153698557048, 0.0], "k_pid_vsp": [256.02456986799814, 296.05701248237807, 0.946337327678891]}, "datetime": {"datetime": "2025-08-21 17:54:13", "elapsed": 32969.984060287476, "delta": 16.287105083465576}, "costs": {"total_cost": 174.9685659984439, "time_cost": 69.504, "final_distance_cost": 1.8405941489880417, "oscillation_cost": 28.374628286984397, "completition_cost": 0.0, "overshoot_cost": 50.11637363538978, "power_cost": 13.187981616210939, "noise_cost": 11.944988310870711, "n_waypoints_completed": 9, "tot_waypoints": 9}}
{"target": -180.17675588335564, "params": {"k_pid_pos": [1.8420695735612214, 0.009854543271577108, 0.6404990379002813], "k_pid_alt": [2.0, 0.003341550542270916, 0.009992323811269847], "k_pid_att": [12.817885125759076, 0.16070471504399567, 0.354711877635107], "k_pid_yaw": [0.5, 1e-06, 0.1], "k_pid_hsp": [0.21977656184112926, 0.02199319749784114, 0.0], "k_pid_vsp": [291.97121316557417, 325.2118021640695, 1.4807490114526913]}, "datetime": {"datetime": "2025-08-21 17:54:30", "elapsed": 32986.694214105606, "delta": 16.710153818130493}, "costs": {"total_cost": 180.17675588335564, "time_cost": 69.752, "final_distance_cost": 1.8378440646946264, "oscillation_cost": 30.441694751638703, "completition_cost": 0.0, "overshoot_cost": 50.28246182530091, "power_cost": 15.114363159179689, "noise_cost": 12.74839208254171, "n_waypoints_completed": 9, "tot_waypoints": 9}}
{"target": -186.58277893427373, "params": {"k_pid_pos": [1.846606030147627, 0.009507627478892054, 0.8490438479620092], "k_pid_alt": [1.992627247142087, 0.0024153747813076593, 0.011568799958348237], "k_pid_att": [16.028391426584204, 0.13495068441083335, 0.14571921356340028], "k_pid_yaw": [0.5, 1e-06, 0.1], "k_pid_hsp": [0.19403890924716458, 0.023913155635645156, 0.0], "k_pid_vsp": [329.377346768069, 236.17512770042026, 1.1149950471152739]}, "datetime": {"datetime": "2025-08-21 17:54:47", "elapsed": 33003.535786390305, "delta": 16.841572284698486}, "costs": {"total_cost": 186.58277893427373, "time_cost": 70.992, "final_distance_cost": 1.8370840596905624, "oscillation_cost": 31.34975101886728, "completition_cost": 0.0, "overshoot_cost": 51.64351940618333, "power_cost": 16.943010559082033, "noise_cost": 13.817413890450498, "n_waypoints_completed": 9, "tot_waypoints": 9}}
{"target": -170.54870725506015, "params": {"k_pid_pos": [1.331816928746628, 0.015683607405755497, 0.6747636444206954], "k_pid_alt": [2.0, 0.003451347642006599, 0.013978971087181232], "k_pid_att": [11.88033244124666, 0.11781136606203983, 0.28173944867565254], "k_pid_yaw": [0.5, 1e-06, 0.1], "k_pid_hsp": [0.17211630197862834, 0.017529820268657764, 0.0], "k_pid_vsp": [184.19013695134095, 216.65657642897554, 1.358005879812148]}, "datetime": {"datetime": "2025-08-21 17:55:03", "elapsed": 33019.97422528267, "delta": 16.438438892364502}, "costs": {"total_cost": 170.54870725506015, "time_cost": 70.0, "final_distance_cost": 1.8416331256998117, "oscillation_cost": 26.939441688729296, "completition_cost": 0.0, "overshoot_cost": 50.340671012165366, "power_cost": 10.776701245117188, "noise_cost": 10.650260183348522, "n_waypoints_completed": 9, "tot_waypoints": 9}}
{"target": -174.02476048526032, "params": {"k_pid_pos": [1.5458214255966174, 0.012947466883574838, 0.5028650079448139], "k_pid_alt": [1.872997008141537, 0.002656972593800357, 0.009606275638561236], "k_pid_att": [13.99388495353786, 0.169692986094355, 0.2616528172895331], "k_pid_yaw": [0.5, 1e-06, 0.1], "k_pid_hsp": [0.2496748381119025, 0.020092045775636207, 0.0], "k_pid_vsp": [263.65216072257, 214.53797480695243, 1.0477033463507288]}, "datetime": {"datetime": "2025-08-21 17:55:19", "elapsed": 33036.23694252968, "delta": 16.262717247009277}, "costs": {"total_cost": 174.02476048526032, "time_cost": 68.976, "final_distance_cost": 1.830336412419372, "oscillation_cost": 29.965833663446578, "completition_cost": 0.0, "overshoot_cost": 49.37612153282127, "power_cost": 12.474476965332032, "noise_cost": 11.401991911241096, "n_waypoints_completed": 9, "tot_waypoints": 9}}
{"target": -173.19574092607036, "params": {"k_pid_pos": [1.977129939151057, 0.008281291064083438, 0.967501333696463], "k_pid_alt": [1.2496373586741403, 0.0033371165160263837, 0.006281967254196934], "k_pid_att": [13.345514728119158, 0.22056000713131016, 0.3957493141665743], "k_pid_yaw": [0.5, 1e-06, 0.1], "k_pid_hsp": [0.2112430896744797, 0.01843905650989469, 0.0], "k_pid_vsp": [267.8736562037556, 201.60471766770343, 1.0883899970120006]}, "datetime": {"datetime": "2025-08-21 17:55:36", "elapsed": 33052.625913858414, "delta": 16.38897132873535}, "costs": {"total_cost": 173.19574092607036, "time_cost": 69.08, "final_distance_cost": 1.8344210081001033, "oscillation_cost": 30.134269955603177, "completition_cost": 0.0, "overshoot_cost": 49.62355515961215, "power_cost": 11.585822900390626, "noise_cost": 10.937671902364292, "n_waypoints_completed": 9, "tot_waypoints": 9}}
{"target": -170.9841911234783, "params": {"k_pid_pos": [1.6243468582243803, 0.014836953621770356, 1.0], "k_pid_alt": [1.8467022011586556, 0.0033487071636813873, 0.012813222774500997], "k_pid_att": [10.074445391875193, 0.16633782387808693, 0.2467009830268042], "k_pid_yaw": [0.5, 1e-06, 0.1], "k_pid_hsp": [0.17575199335141378, 0.023015896973533036, 0.0], "k_pid_vsp": [283.48879514223995, 274.42804222996784, 1.1114265230002607]}, "datetime": {"datetime": "2025-08-21 17:55:52", "elapsed": 33069.189016103745, "delta": 16.56310224533081}, "costs": {"total_cost": 170.9841911234783, "time_cost": 69.68, "final_distance_cost": 1.842286759680571, "oscillation_cost": 27.69020928950707, "completition_cost": 0.0, "overshoot_cost": 49.70805239094495, "power_cost": 11.161842126464844, "noise_cost": 10.90180055688086, "n_waypoints_completed": 9, "tot_waypoints": 9}}
{"target": -164.28687412938424, "params": {"k_pid_pos": [1.521331601536904, 0.0072295842089538445, 0.790187652749342], "k_pid_alt": [2.0, 0.0020552106801766785, 0.014062175362413965], "k_pid_att": [11.494590313356204, 0.2002296503048293, 0.29328412524541064], "k_pid_yaw": [0.5, 1e-06, 0.1], "k_pid_hsp": [0.14161084954760936, 0.017381503843220274, 0.0], "k_pid_vsp": [249.7992231536804, 294.94689492758306, 0.7420840894353785]}, "datetime": {"datetime": "2025-08-21 17:56:09", "elapsed": 33086.35422730446, "delta": 17.16521120071411}, "costs": {"total_cost": 164.28687412938424, "time_cost": 69.008, "final_distance_cost": 1.8444825052817786, "oscillation_cost": 28.61226596783596, "completition_cost": 0.0, "overshoot_cost": 49.588846951834, "power_cost": 6.824167614746094, "noise_cost": 8.409111089686396, "n_waypoints_completed": 9, "tot_waypoints": 9}}
{"target": -171.52950506881285, "params": {"k_pid_pos": [2.0, 0.01376167336707398, 0.8927992206083036], "k_pid_alt": [2.0, 0.0038304541142049867, 0.013520366603432574], "k_pid_att": [17.704536083108692, 0.1598547906094426, 0.26315565851679756], "k_pid_yaw": [0.5, 1e-06, 0.1], "k_pid_hsp": [0.15877212814141442, 0.02546924724987924, 0.0], "k_pid_vsp": [372.82887165430026, 262.169660155748, 1.4232419077516723]}, "datetime": {"datetime": "2025-08-21 17:56:25", "elapsed": 33102.06141376495, "delta": 15.707186460494995}, "costs": {"total_cost": 171.52950506881285, "time_cost": 69.456, "final_distance_cost": 1.8251466522042803, "oscillation_cost": 29.445787170554567, "completition_cost": 0.0, "overshoot_cost": 50.111102795406936, "power_cost": 10.488423327636719, "noise_cost": 10.203045123010314, "n_waypoints_completed": 9, "tot_waypoints": 9}}
{"target": -176.99940633103722, "params": {"k_pid_pos": [1.7208539102174267, 0.012662080300103226, 0.6990021713778499], "k_pid_alt": [1.9163241314865174, 0.0022434599367272636, 0.011207439889456874], "k_pid_att": [10.947130556923346, 0.15567934007428055, 0.28693928004607683], "k_pid_yaw": [0.5, 1e-06, 0.1], "k_pid_hsp": [0.14710138376011983, 0.02114341883180944, 0.0], "k_pid_vsp": [217.58684473257836, 331.88170660203383, 1.5784279926292317]}, "datetime": {"datetime": "2025-08-21 17:56:42", "elapsed": 33119.09795975685, "delta": 17.036545991897583}, "costs": {"total_cost": 176.99940633103722, "time_cost": 69.816, "final_distance_cost": 1.8385790627130072, "oscillation_cost": 29.116358594045955, "completition_cost": 0.0, "overshoot_cost": 50.374571610375256, "power_cost": 13.820712707519531, "noise_cost": 12.033184356383469, "n_waypoints_completed": 9, "tot_waypoints": 9}}
{"target": -174.4188906712294, "params": {"k_pid_pos": [1.8254492158655857, 0.010597390822859131, 0.8309521370266474], "k_pid_alt": [1.6859914162368348, 0.0035036205159873113, 0.013733337077545163], "k_pid_att": [10.60674299325911, 0.15108027057689385, 0.33003313800645656], "k_pid_yaw": [0.5, 1e-06, 0.1], "k_pid_hsp": [0.14566034087293103, 0.01851569051511252, 0.0], "k_pid_vsp": [243.75548974826583, 220.25621231211963, 1.2098512090458047]}, "datetime": {"datetime": "2025-08-21 17:56:58", "elapsed": 33135.161324977875, "delta": 16.06336522102356}, "costs": {"total_cost": 174.4188906712294, "time_cost": 68.96000000000001, "final_distance_cost": 1.8314797539025445, "oscillation_cost": 29.69822577889101, "completition_cost": 0.0, "overshoot_cost": 49.95180730030973, "power_cost": 12.55122021484375, "noise_cost": 11.426157623282375, "n_waypoints_completed": 9, "tot_waypoints": 9}}
{"target": -187.6416504120785, "params": {"k_pid_pos": [0.8953662886935275, 0.010814861566026934, 0.9744753164067311], "k_pid_alt": [2.0, 0.0025998238052413213, 0.009027918044751039], "k_pid_att": [13.738296120776747, 0.1009883358753579, 0.24780546308402585], "k_pid_yaw": [0.5, 1e-06, 0.1], "k_pid_hsp": [0.12554184748855549, 0.0185329179424906, 0.0], "k_pid_vsp": [335.7459816071005, 172.97095858086925, 1.0167608319756596]}, "datetime": {"datetime": "2025-08-21 17:57:17", "elapsed": 33154.307552576065, "delta": 19.146227598190308}, "costs": {"total_cost": 187.6416504120785, "time_cost": 81.112, "final_distance_cost": 1.8574542268702279, "oscillation_cost": 25.535017233323508, "completition_cost": 0.0, "overshoot_cost": 51.268727404674195, "power_cost": 14.058168908691407, "noise_cost": 13.81028263851913, "n_waypoints_completed": 9, "tot_waypoints": 9}}
{"target": -174.48295817334957, "params": {"k_pid_pos": [1.3318186119440023, 0.008341675717826263, 1.0], "k_pid_alt": [0.8061155134482263, 0.002958215569572532, 0.012653888242246671], "k_pid_att": [10.939245043172823, 0.2007454128556827, 0.3266560264633464], "k_pid_yaw": [0.5, 1e-06, 0.1], "k_pid_hsp": [0.16001467897868304, 0.016297414911336783, 0.0], "k_pid_vsp": [293.53438955650785, 188.46495926738007, 1.0886590396039608]}, "datetime": {"datetime": "2025-08-21 17:57:35", "elapsed": 33171.96568822861, "delta": 17.658135652542114}, "costs": {"total_cost": 174.48295817334957, "time_cost": 74.248, "final_distance_cost": 1.8488360976105582, "oscillation_cost": 27.14123294688201, "completition_cost": 0.0, "overshoot_cost": 50.62342317713094, "power_cost": 9.930936743164063, "noise_cost": 10.690529208562005, "n_waypoints_completed": 9, "tot_waypoints": 9}}
{"target": -171.69179541216835, "params": {"k_pid_pos": [1.8935211769811577, 0.01393637393238615, 0.7383414433124648], "k_pid_alt": [2.0, 0.002476974052633838, 0.015285837391021745], "k_pid_att": [7.6068959119264825, 0.2481595264263069, 0.23012898322338704], "k_pid_yaw": [0.5, 1e-06, 0.1], "k_pid_hsp": [0.18243707925473643, 0.01979312836446256, 0.0], "k_pid_vsp": [321.5488871886841, 315.7220601071445, 1.0943677312049878]}, "datetime": {"datetime": "2025-08-21 17:57:51", "elapsed": 33187.83877682686, "delta": 15.873088598251343}, "costs": {"total_cost": 171.69179541216835, "time_cost": 68.552, "final_distance_cost": 1.8391226269451755, "oscillation_cost": 30.600830238793375, "completition_cost": 0.0, "overshoot_cost": 49.64578055618058, "power_cost": 10.731852502441408, "noise_cost": 10.322209487807811, "n_waypoints_completed": 9, "tot_waypoints": 9}}
{"target": -182.30177721469502, "params": {"k_pid_pos": [1.2494110290720735, 0.006581454117070902, 0.4737711207640185], "k_pid_alt": [1.8442018570238972, 0.003568822069492397, 0.01015096251743885], "k_pid_att": [10.37844883200565, 0.1747466663371309, 0.3254351141401017], "k_pid_yaw": [0.5, 1e-06, 0.1], "k_pid_hsp": [0.14952149807863316, 0.01949053081566265, 0.0], "k_pid_vsp": [316.2477774439715, 314.9647134376809, 0.8340736165353752]}, "datetime": {"datetime": "2025-08-21 17:58:08", "elapsed": 33204.80065488815, "delta": 16.961878061294556}, "costs": {"total_cost": 182.30177721469502, "time_cost": 71.336, "final_distance_cost": 1.831965953904989, "oscillation_cost": 29.263473153935557, "completition_cost": 0.0, "overshoot_cost": 51.18956148934661, "power_cost": 15.364186486816408, "noise_cost": 13.316590130691472, "n_waypoints_completed": 9, "tot_waypoints": 9}}
{"target": -173.68307584697152, "params": {"k_pid_pos": [1.965350692841336, 0.01178957983902308, 0.9925202722422285], "k_pid_alt": [1.8285259107184206, 0.0025301905589336557, 0.011632896253224473], "k_pid_att": [9.62579276333746, 0.18716759873867406, 0.28577564600063426], "k_pid_yaw": [0.5, 1e-06, 0.1], "k_pid_hsp": [0.1847210618382212, 0.02060520682796145, 0.0], "k_pid_vsp": [260.8750413408424, 237.95892392839684, 1.1854743850871265]}, "datetime": {"datetime": "2025-08-21 17:58:25", "elapsed": 33221.5493721962, "delta": 16.748717308044434}, "costs": {"total_cost": 173.68307584697152, "time_cost": 69.296, "final_distance_cost": 1.8435765419352106, "oscillation_cost": 29.426877903050016, "completition_cost": 0.0, "overshoot_cost": 49.760968775316414, "power_cost": 12.117370275878907, "noise_cost": 11.238282350791007, "n_waypoints_completed": 9, "tot_waypoints": 9}}
