{"target": -172.50464899230636, "params": {"k_pid_pos": [1.9699478582076253, 0.008238531770342672, 0.7204358762965412], "k_pid_alt": [1.770165211474011, 0.0035039491834053973, 0.01354984215962108], "k_pid_att": [11.646565792928797, 0.20664410027953936, 0.3138170772978616], "k_pid_yaw": [0.5, 1e-06, 0.1], "k_pid_hsp": [0.13888103666185467, 0.016730533794174562, 0.0], "k_pid_vsp": [274.4848143694438, 217.5053019698306, 0.9515626952585247]}, "datetime": {"datetime": "2025-08-21 19:23:50", "elapsed": 38346.75170636177, "delta": 16.949511528015137}, "costs": {"total_cost": 172.50464899230636, "time_cost": 68.672, "final_distance_cost": 1.8065348767738274, "oscillation_cost": 30.353741684864406, "completition_cost": 0.0, "overshoot_cost": 50.111111272773904, "power_cost": 11.087854431152344, "noise_cost": 10.473406726741858, "n_waypoints_completed": 9, "tot_waypoints": 9}}
{"target": -173.13677859579138, "params": {"k_pid_pos": [1.9809428842004617, 0.00500867373123617, 0.7380384270379503], "k_pid_alt": [1.827298806510706, 0.003410264090885986, 0.011010597731196803], "k_pid_att": [11.002875152120817, 0.1873102574507588, 0.3278234812316904], "k_pid_yaw": [0.5, 1e-06, 0.1], "k_pid_hsp": [0.15437247623264708, 0.01931606106782625, 0.0], "k_pid_vsp": [274.16235536223553, 246.29905833252886, 1.060183970457917]}, "datetime": {"datetime": "2025-08-21 19:24:05", "elapsed": 38362.13111901283, "delta": 15.379412651062012}, "costs": {"total_cost": 173.13677859579138, "time_cost": 68.672, "final_distance_cost": 1.8064111470688755, "oscillation_cost": 30.62709925455966, "completition_cost": 0.0, "overshoot_cost": 49.721638183470496, "power_cost": 11.527539294433595, "noise_cost": 10.78209071625878, "n_waypoints_completed": 9, "tot_waypoints": 9}}
{"target": -173.38453898209846, "params": {"k_pid_pos": [1.05291381233532, 0.008547473790625206, 0.7287549155205192], "k_pid_alt": [2.0, 0.002771336525515786, 0.014328952021140678], "k_pid_att": [11.447689595070555, 0.16855559428799607, 0.29994015013326364], "k_pid_yaw": [0.5, 1e-06, 0.1], "k_pid_hsp": [0.16795912016045023, 0.01943775166845011, 0.0], "k_pid_vsp": [304.6344958210404, 295.82909536974597, 1.1269103167230787]}, "datetime": {"datetime": "2025-08-21 19:24:24", "elapsed": 38380.587553977966, "delta": 18.456434965133667}, "costs": {"total_cost": 173.38453898209846, "time_cost": 73.496, "final_distance_cost": 1.853125711330461, "oscillation_cost": 27.12062068430548, "completition_cost": 0.0, "overshoot_cost": 49.85292764018612, "power_cost": 10.292242297363282, "noise_cost": 10.769622648913117, "n_waypoints_completed": 9, "tot_waypoints": 9}}
{"target": -177.00860100516988, "params": {"k_pid_pos": [1.5092505122522428, 0.006563042488424466, 0.7925547654016943], "k_pid_alt": [2.0, 0.003220120743939167, 0.011341509486264492], "k_pid_att": [10.129809293813198, 0.14100471003436407, 0.3196154078294474], "k_pid_yaw": [0.5, 1e-06, 0.1], "k_pid_hsp": [0.18168603245839451, 0.015662452269370988, 0.0], "k_pid_vsp": [225.10769367352694, 251.32808246588243, 1.1333292984303995]}, "datetime": {"datetime": "2025-08-21 19:24:40", "elapsed": 38397.26355242729, "delta": 16.67599844932556}, "costs": {"total_cost": 177.00860100516988, "time_cost": 70.32000000000001, "final_distance_cost": 1.8352054363276398, "oscillation_cost": 27.547989690885135, "completition_cost": 0.0, "overshoot_cost": 50.38834454001749, "power_cost": 14.147598840332032, "noise_cost": 12.76946249760758, "n_waypoints_completed": 9, "tot_waypoints": 9}}
{"target": -181.47469574766328, "params": {"k_pid_pos": [1.859324215063392, 0.006731768338358622, 0.7459923664212494], "k_pid_alt": [1.7640614492233821, 0.002125785737171345, 0.013015890143176648], "k_pid_att": [11.909893115656459, 0.138604052847587, 0.33305720746241657], "k_pid_yaw": [0.5, 1e-06, 0.1], "k_pid_hsp": [0.16279581004278354, 0.021135951863767193, 0.0], "k_pid_vsp": [215.6835637558789, 195.95158452228065, 1.0039105998210327]}, "datetime": {"datetime": "2025-08-21 19:24:58", "elapsed": 38414.7331571579, "delta": 17.46960473060608}, "costs": {"total_cost": 181.47469574766328, "time_cost": 70.264, "final_distance_cost": 1.8205387566405458, "oscillation_cost": 29.70942145867714, "completition_cost": 0.0, "overshoot_cost": 51.686372578507765, "power_cost": 15.272367578125001, "noise_cost": 12.72199537571281, "n_waypoints_completed": 9, "tot_waypoints": 9}}
{"target": -168.5663512338156, "params": {"k_pid_pos": [1.5718488224156382, 0.0059204007181258055, 0.9623467069635873], "k_pid_alt": [2.0, 0.003047106448910942, 0.011428729039452462], "k_pid_att": [8.675408254049872, 0.18776485200469803, 0.24303848261445063], "k_pid_yaw": [0.5, 1e-06, 0.1], "k_pid_hsp": [0.1951248267858912, 0.019285498162224995, 0.0], "k_pid_vsp": [288.47137425563204, 240.1035238133454, 1.1715657292907213]}, "datetime": {"datetime": "2025-08-21 19:25:13", "elapsed": 38430.29676532745, "delta": 15.563608169555664}, "costs": {"total_cost": 168.5663512338156, "time_cost": 69.768, "final_distance_cost": 1.842868732421732, "oscillation_cost": 27.80743179112978, "completition_cost": 0.0, "overshoot_cost": 49.44941476076538, "power_cost": 9.627293798828125, "noise_cost": 10.071342150670567, "n_waypoints_completed": 9, "tot_waypoints": 9}}
{"target": -182.1797080410073, "params": {"k_pid_pos": [1.4292675593194344, 0.007643648320235347, 0.790475455005324], "k_pid_alt": [2.0, 0.0026541106336112584, 0.015725801762325416], "k_pid_att": [10.623628151023171, 0.1713076965931438, 0.284787125567973], "k_pid_yaw": [0.5, 1e-06, 0.1], "k_pid_hsp": [0.15854607024610837, 0.020800559936900158, 0.0], "k_pid_vsp": [285.2102559621144, 287.4495465259569, 0.8265504715307749]}, "datetime": {"datetime": "2025-08-21 19:25:31", "elapsed": 38448.020919799805, "delta": 17.724154472351074}, "costs": {"total_cost": 182.1797080410073, "time_cost": 70.992, "final_distance_cost": 1.8443085416735694, "oscillation_cost": 28.347106004016634, "completition_cost": 0.0, "overshoot_cost": 51.19625178612314, "power_cost": 16.108499536132815, "noise_cost": 13.691542173061128, "n_waypoints_completed": 9, "tot_waypoints": 9}}
{"target": -174.22104266629913, "params": {"k_pid_pos": [1.3066439603404387, 0.008211631349491278, 0.8388344006659985], "k_pid_alt": [2.0, 0.003137147827752708, 0.014395781715943292], "k_pid_att": [11.086910049410477, 0.15339872060690932, 0.30851887787769594], "k_pid_yaw": [0.5, 1e-06, 0.1], "k_pid_hsp": [0.12795190617941304, 0.020300849166703622, 0.0], "k_pid_vsp": [284.8693612800677, 251.84927750712404, 0.9230196414813449]}, "datetime": {"datetime": "2025-08-21 19:25:47", "elapsed": 38464.05709719658, "delta": 16.036177396774292}, "costs": {"total_cost": 174.22104266629913, "time_cost": 70.968, "final_distance_cost": 1.850740252507741, "oscillation_cost": 26.51852655731614, "completition_cost": 0.0, "overshoot_cost": 50.33593962467274, "power_cost": 12.750454931640625, "noise_cost": 11.797381300161865, "n_waypoints_completed": 9, "tot_waypoints": 9}}
{"target": -180.8775043153196, "params": {"k_pid_pos": [1.764729903436301, 0.005777471852227385, 0.8326814335679912], "k_pid_alt": [2.0, 0.0026610883960397937, 0.01099361084676218], "k_pid_att": [12.287291994282588, 0.1849669402396165, 0.33221888762032387], "k_pid_yaw": [0.5, 1e-06, 0.1], "k_pid_hsp": [0.17623153879182993, 0.020988466424180795, 0.0], "k_pid_vsp": [280.69652562718176, 233.54478346163094, 1.0076837143479305]}, "datetime": {"datetime": "2025-08-21 19:26:05", "elapsed": 38481.79993391037, "delta": 17.742836713790894}, "costs": {"total_cost": 180.8775043153196, "time_cost": 70.52, "final_distance_cost": 1.8452642651121116, "oscillation_cost": 30.00484185360445, "completition_cost": 0.0, "overshoot_cost": 51.23310304817206, "power_cost": 14.646555859375, "noise_cost": 12.627739289055992, "n_waypoints_completed": 9, "tot_waypoints": 9}}
{"target": -174.06767132455, "params": {"k_pid_pos": [2.0, 0.0045508276550373355, 0.8380967915708615], "k_pid_alt": [2.0, 0.0029568702157946425, 0.009843018533707311], "k_pid_att": [11.564953383686484, 0.16632952962417513, 0.27310526776314603], "k_pid_yaw": [0.5, 1e-06, 0.1], "k_pid_hsp": [0.18312986846904758, 0.01596326768402086, 0.0], "k_pid_vsp": [233.94275177747355, 243.05060590925032, 0.9600239808608239]}, "datetime": {"datetime": "2025-08-21 19:26:21", "elapsed": 38497.94331264496, "delta": 16.143378734588623}, "costs": {"total_cost": 174.06767132455, "time_cost": 69.488, "final_distance_cost": 1.823425006932668, "oscillation_cost": 29.690551299783806, "completition_cost": 0.0, "overshoot_cost": 50.082346072706066, "power_cost": 11.917773278808594, "noise_cost": 11.065575666318857, "n_waypoints_completed": 9, "tot_waypoints": 9}}
{"target": -176.19331996487128, "params": {"k_pid_pos": [1.5838407538029404, 0.005377065378860207, 1.0], "k_pid_alt": [1.684068992108512, 0.0032211122379803177, 0.013560450359901369], "k_pid_att": [10.721565245503825, 0.20917652746479012, 0.2833723559558869], "k_pid_yaw": [0.5, 1e-06, 0.1], "k_pid_hsp": [0.16125272262617696, 0.019918225997892395, 0.0], "k_pid_vsp": [281.85835799366737, 226.88640675607658, 1.2438190556604285]}, "datetime": {"datetime": "2025-08-21 19:26:39", "elapsed": 38516.050173044205, "delta": 18.106860399246216}, "costs": {"total_cost": 176.19331996487128, "time_cost": 70.928, "final_distance_cost": 1.8451228287364518, "oscillation_cost": 28.046340012076286, "completition_cost": 0.0, "overshoot_cost": 50.70949766696652, "power_cost": 12.819796923828125, "noise_cost": 11.84456253326389, "n_waypoints_completed": 9, "tot_waypoints": 9}}
{"target": -170.38920180450876, "params": {"k_pid_pos": [1.719844553129018, 0.006656156672459804, 0.8319383288438106], "k_pid_alt": [1.959930930460285, 0.00272055584984938, 0.012362990435641453], "k_pid_att": [13.30337566715856, 0.16209101253855526, 0.3055345193609004], "k_pid_yaw": [0.5, 1e-06, 0.1], "k_pid_hsp": [0.16405026561032576, 0.022681632276616976, 0.0], "k_pid_vsp": [256.9326026937567, 242.4888543601829, 0.9330972913588669]}, "datetime": {"datetime": "2025-08-21 19:26:55", "elapsed": 38532.00992202759, "delta": 15.959748983383179}, "costs": {"total_cost": 170.38920180450876, "time_cost": 68.952, "final_distance_cost": 1.8347564364141256, "oscillation_cost": 29.19938321688212, "completition_cost": 0.0, "overshoot_cost": 50.085115238245, "power_cost": 10.180853381347656, "noise_cost": 10.137093531619863, "n_waypoints_completed": 9, "tot_waypoints": 9}}
{"target": -171.84136588088253, "params": {"k_pid_pos": [1.9861783111134563, 0.007230094143484564, 0.9046054367677665], "k_pid_alt": [1.8687286381692971, 0.0020146431795175154, 0.014727821158781884], "k_pid_att": [12.369140453366441, 0.2200176467190703, 0.29721757273082816], "k_pid_yaw": [0.5, 1e-06, 0.1], "k_pid_hsp": [0.14096479278967713, 0.019671814399137056, 0.0], "k_pid_vsp": [216.61559450611003, 268.2213126753481, 1.063508312827001]}, "datetime": {"datetime": "2025-08-21 19:27:12", "elapsed": 38549.385442495346, "delta": 17.37552046775818}, "costs": {"total_cost": 171.84136588088253, "time_cost": 68.84, "final_distance_cost": 1.8284419239867729, "oscillation_cost": 29.820826449941407, "completition_cost": 0.0, "overshoot_cost": 49.405023843126365, "power_cost": 11.23536455078125, "noise_cost": 10.711709113046743, "n_waypoints_completed": 9, "tot_waypoints": 9}}
{"target": -174.20857332238393, "params": {"k_pid_pos": [1.6950587496747527, 0.007807144025123871, 0.9997827698470916], "k_pid_alt": [1.6395386240148995, 0.002997048245658956, 0.011819858919795985], "k_pid_att": [13.41218536342476, 0.16716331273934046, 0.23329099331774797], "k_pid_yaw": [0.5, 1e-06, 0.1], "k_pid_hsp": [0.19552827502591907, 0.021171414511141656, 0.0], "k_pid_vsp": [203.3027297919291, 254.02751734307853, 0.9068718498000403]}, "datetime": {"datetime": "2025-08-21 19:27:29", "elapsed": 38565.65275359154, "delta": 16.267311096191406}, "costs": {"total_cost": 174.20857332238393, "time_cost": 69.8, "final_distance_cost": 1.8400327206979898, "oscillation_cost": 27.859076004570433, "completition_cost": 0.0, "overshoot_cost": 50.13680540096839, "power_cost": 12.812088134765625, "noise_cost": 11.76057106138147, "n_waypoints_completed": 9, "tot_waypoints": 9}}
{"target": -174.5317521977883, "params": {"k_pid_pos": [1.5089818696835193, 0.006465426402785623, 0.7129166110123145], "k_pid_alt": [2.0, 0.002834643298468788, 0.01198977383743461], "k_pid_att": [9.600592101946885, 0.17232518042727177, 0.31399166626953895], "k_pid_yaw": [0.5, 1e-06, 0.1], "k_pid_hsp": [0.16095641373770286, 0.015201400340352063, 0.0], "k_pid_vsp": [284.4872919445689, 354.9343261476849, 1.1938795618350138]}, "datetime": {"datetime": "2025-08-21 19:27:46", "elapsed": 38582.646481990814, "delta": 16.993728399276733}, "costs": {"total_cost": 174.5317521977883, "time_cost": 69.92, "final_distance_cost": 1.8318014295119258, "oscillation_cost": 27.63287165355971, "completition_cost": 0.0, "overshoot_cost": 50.108656425661025, "power_cost": 13.188715466308594, "noise_cost": 11.849707222747057, "n_waypoints_completed": 9, "tot_waypoints": 9}}
{"target": -173.02575745888595, "params": {"k_pid_pos": [2.0, 0.01076738282300204, 0.9485975418696172], "k_pid_alt": [1.7146171904655523, 0.0028167090029878696, 0.010847396051810024], "k_pid_att": [11.61175487007055, 0.17158638708628127, 0.3661467613075018], "k_pid_yaw": [0.5, 1e-06, 0.1], "k_pid_hsp": [0.15308757362613515, 0.01646522419707289, 0.0], "k_pid_vsp": [251.6675483446176, 247.5553009745081, 0.9467466292460385]}, "datetime": {"datetime": "2025-08-21 19:28:02", "elapsed": 38599.00199484825, "delta": 16.355512857437134}, "costs": {"total_cost": 173.02575745888595, "time_cost": 68.944, "final_distance_cost": 1.8435166786963142, "oscillation_cost": 29.705006674692882, "completition_cost": 0.0, "overshoot_cost": 49.555145397195865, "power_cost": 11.873942810058594, "noise_cost": 11.104145898242281, "n_waypoints_completed": 9, "tot_waypoints": 9}}
{"target": -182.11827724209022, "params": {"k_pid_pos": [1.648724660616966, 0.007926353495778646, 0.7472372661808393], "k_pid_alt": [2.0, 0.0028394788160947242, 0.013971218033449409], "k_pid_att": [12.696890527605772, 0.15975517176584986, 0.3258325627802286], "k_pid_yaw": [0.5, 1e-06, 0.1], "k_pid_hsp": [0.16033012463593735, 0.017474142579869952, 0.0], "k_pid_vsp": [272.9010522431831, 284.2349938950868, 1.2054701337103204]}, "datetime": {"datetime": "2025-08-21 19:28:19", "elapsed": 38615.651561021805, "delta": 16.649566173553467}, "costs": {"total_cost": 182.11827724209022, "time_cost": 70.21600000000001, "final_distance_cost": 1.8289375097971383, "oscillation_cost": 29.60072824422801, "completition_cost": 0.0, "overshoot_cost": 50.96954485109686, "power_cost": 16.036855639648437, "noise_cost": 13.466210997319733, "n_waypoints_completed": 9, "tot_waypoints": 9}}
{"target": -188.4173214827927, "params": {"k_pid_pos": [1.616355207813297, 0.008974977272788514, 0.8403211001659164], "k_pid_alt": [1.9182528331728754, 0.0026633966205652244, 0.011311822057923785], "k_pid_att": [10.936638146199263, 0.17831418527728218, 0.29845883799112044], "k_pid_yaw": [0.5, 1e-06, 0.1], "k_pid_hsp": [0.1831221191780671, 0.017636154991431934, 0.0], "k_pid_vsp": [274.8475870321234, 196.10774440312898, 1.021868711232253]}, "datetime": {"datetime": "2025-08-21 19:28:36", "elapsed": 38633.23687958717, "delta": 17.585318565368652}, "costs": {"total_cost": 188.4173214827927, "time_cost": 72.44800000000001, "final_distance_cost": 1.832630055849401, "oscillation_cost": 29.88857357974649, "completition_cost": 0.0, "overshoot_cost": 52.24294476187597, "power_cost": 17.662133459472656, "noise_cost": 14.343039625848151, "n_waypoints_completed": 9, "tot_waypoints": 9}}
{"target": -173.42441433941048, "params": {"k_pid_pos": [1.5562632870347721, 0.008677885025035961, 0.7879196203785845], "k_pid_alt": [2.0, 0.0028792264994569948, 0.011484674549618394], "k_pid_att": [13.019010913322278, 0.17385326429692735, 0.3531875676228622], "k_pid_yaw": [0.5, 1e-06, 0.1], "k_pid_hsp": [0.16084634035793613, 0.018566324638055524, 0.0], "k_pid_vsp": [279.5091839977663, 289.7095575891153, 1.1953668023099049]}, "datetime": {"datetime": "2025-08-21 19:28:52", "elapsed": 38648.97766304016, "delta": 15.740783452987671}, "costs": {"total_cost": 173.42441433941048, "time_cost": 69.88, "final_distance_cost": 1.8358342200952122, "oscillation_cost": 27.482551332626926, "completition_cost": 0.0, "overshoot_cost": 50.00220970373299, "power_cost": 12.556584594726564, "noise_cost": 11.667234488228772, "n_waypoints_completed": 9, "tot_waypoints": 9}}
{"target": -169.76081580491643, "params": {"k_pid_pos": [1.6542116151180775, 0.0077873272871658164, 0.8422660567748821], "k_pid_alt": [1.789938291042955, 0.0025451238965579033, 0.016000693836235782], "k_pid_att": [11.254809258060149, 0.1647966948681902, 0.35000517447729024], "k_pid_yaw": [0.5, 1e-06, 0.1], "k_pid_hsp": [0.15688025420292392, 0.020673275441442956, 0.0], "k_pid_vsp": [252.8715956916212, 270.456815639795, 1.0152273882920173]}, "datetime": {"datetime": "2025-08-21 19:29:10", "elapsed": 38667.04173374176, "delta": 18.06407070159912}, "costs": {"total_cost": 169.76081580491643, "time_cost": 68.88, "final_distance_cost": 1.8488530665038483, "oscillation_cost": 29.304642653008973, "completition_cost": 0.0, "overshoot_cost": 49.84214757615806, "power_cost": 9.861715930175782, "noise_cost": 10.023456579069776, "n_waypoints_completed": 9, "tot_waypoints": 9}}
{"target": -179.90868876376936, "params": {"k_pid_pos": [1.6025366905239107, 0.006652121278998779, 0.880434942607971], "k_pid_alt": [2.0, 0.002985762566701707, 0.012130933621318132], "k_pid_att": [14.16988861668346, 0.17074684457229414, 0.2917849513147184], "k_pid_yaw": [0.5, 1e-06, 0.1], "k_pid_hsp": [0.14983774516762563, 0.01943453726896031, 0.0], "k_pid_vsp": [185.1856538669929, 246.66757742105096, 1.2415315583287279]}, "datetime": {"datetime": "2025-08-21 19:29:26", "elapsed": 38683.14951634407, "delta": 16.10778260231018}, "costs": {"total_cost": 179.90868876376936, "time_cost": 70.376, "final_distance_cost": 1.8374640848345614, "oscillation_cost": 28.723306196023323, "completition_cost": 0.0, "overshoot_cost": 50.46749628427125, "power_cost": 15.2980501953125, "noise_cost": 13.206372003327719, "n_waypoints_completed": 9, "tot_waypoints": 9}}
{"target": -172.7260378494877, "params": {"k_pid_pos": [1.5664759246225588, 0.00868496856532691, 1.0], "k_pid_alt": [1.7991564497754826, 0.0028867278046526344, 0.013967799618653874], "k_pid_att": [10.69756517572822, 0.16933357631579118, 0.32156419629393757], "k_pid_yaw": [0.5, 1e-06, 0.1], "k_pid_hsp": [0.1309551842949922, 0.015728404438858846, 0.0], "k_pid_vsp": [277.6625874411499, 201.51188610286718, 1.005093427773143]}, "datetime": {"datetime": "2025-08-21 19:29:44", "elapsed": 38700.48557448387, "delta": 17.336058139801025}, "costs": {"total_cost": 172.7260378494877, "time_cost": 70.104, "final_distance_cost": 1.8388791123617434, "oscillation_cost": 26.712542098750383, "completition_cost": 0.0, "overshoot_cost": 50.187289819074316, "power_cost": 12.28987998046875, "noise_cost": 11.593446838832504, "n_waypoints_completed": 9, "tot_waypoints": 9}}
{"target": -175.59292902324836, "params": {"k_pid_pos": [1.5194698471572121, 0.00526836937195287, 0.8251612722399174], "k_pid_alt": [1.9839130718020055, 0.002696636035330427, 0.013172204645952085], "k_pid_att": [12.051747984268438, 0.20226258037066205, 0.3665652992201524], "k_pid_yaw": [0.5, 1e-06, 0.1], "k_pid_hsp": [0.1608058823992916, 0.01310184323851629, 0.0], "k_pid_vsp": [271.50733592002126, 301.21583470249175, 1.0490219690902851]}, "datetime": {"datetime": "2025-08-21 19:30:01", "elapsed": 38718.3933160305, "delta": 17.90774154663086}, "costs": {"total_cost": 175.59292902324836, "time_cost": 70.296, "final_distance_cost": 1.8404549231000173, "oscillation_cost": 28.214950020342, "completition_cost": 0.0, "overshoot_cost": 50.49310401763187, "power_cost": 13.0321486328125, "noise_cost": 11.71627142936197, "n_waypoints_completed": 9, "tot_waypoints": 9}}
{"target": -185.746341296359, "params": {"k_pid_pos": [1.7747488932615332, 0.007117021869601794, 0.7297279418314536], "k_pid_alt": [1.3658894268956867, 0.0029983592615721254, 0.011764037546305062], "k_pid_att": [11.405967260367634, 0.17411531485051113, 0.30092674599951547], "k_pid_yaw": [0.5, 1e-06, 0.1], "k_pid_hsp": [0.1610290100907798, 0.019937908809128494, 0.0], "k_pid_vsp": [225.41213004144865, 282.9778883797148, 0.9527186570689196]}, "datetime": {"datetime": "2025-08-21 19:30:18", "elapsed": 38734.55876994133, "delta": 16.165453910827637}, "costs": {"total_cost": 185.746341296359, "time_cost": 71.552, "final_distance_cost": 1.8169459440309708, "oscillation_cost": 31.183544954503766, "completition_cost": 0.0, "overshoot_cost": 51.39961509558789, "power_cost": 16.253222680664063, "noise_cost": 13.541012621572289, "n_waypoints_completed": 9, "tot_waypoints": 9}}
{"target": -186.41232995965754, "params": {"k_pid_pos": [1.4667177061, 0.007722364725406518, 0.9712865375052129], "k_pid_alt": [2.0, 0.002591604675146747, 0.012044570844828193], "k_pid_att": [14.74868231988267, 0.16590820204889561, 0.31498047310967575], "k_pid_yaw": [0.5, 1e-06, 0.1], "k_pid_hsp": [0.14382081728887353, 0.022695438046263703, 0.0], "k_pid_vsp": [255.9492239596891, 237.32858476416268, 1.1855688793311954]}, "datetime": {"datetime": "2025-08-21 19:30:36", "elapsed": 38752.83782672882, "delta": 18.279056787490845}, "costs": {"total_cost": 186.41232995965754, "time_cost": 72.464, "final_distance_cost": 1.847180346552128, "oscillation_cost": 28.258928959925864, "completition_cost": 0.0, "overshoot_cost": 52.49573005004259, "power_cost": 17.229894750976563, "noise_cost": 14.1165958521604, "n_waypoints_completed": 9, "tot_waypoints": 9}}
