{"target": -172.92120449774106, "params": {"k_pid_pos": [1.7672438324310134, 0.006566661188949708, 0.9388189756604447], "k_pid_alt": [1.9855373350170538, 0.0030218007806398213, 0.013199193096883907], "k_pid_att": [11.797003214004455, 0.15933298858174275, 0.3421776768251439], "k_pid_yaw": [0.5, 1e-06, 0.1], "k_pid_hsp": [0.13301446965168084, 0.021049967463766386, 0.0], "k_pid_vsp": [265.9790508368248, 296.0895094502323, 1.103317129786524]}, "datetime": {"datetime": "2025-08-21 19:09:51", "elapsed": 37507.831147909164, "delta": 17.944459438323975}, "costs": {"total_cost": 172.92120449774106, "time_cost": 69.648, "final_distance_cost": 1.839984601979678, "oscillation_cost": 28.32974246581403, "completition_cost": 0.0, "overshoot_cost": 49.923278405240744, "power_cost": 11.95489910888672, "noise_cost": 11.225299915819898, "n_waypoints_completed": 9, "tot_waypoints": 9}}
{"target": -174.58204957090572, "params": {"k_pid_pos": [1.5762987382370273, 0.007483079105665559, 0.9669396057088028], "k_pid_alt": [2.0, 0.0022725178295739455, 0.010945091747508295], "k_pid_att": [8.731366345477019, 0.1712280650736746, 0.32456131340765654], "k_pid_yaw": [0.5, 1e-06, 0.1], "k_pid_hsp": [0.16656244594016176, 0.02204452723045904, 0.0], "k_pid_vsp": [293.1164532197818, 254.63906535513138, 0.9098074787420721]}, "datetime": {"datetime": "2025-08-21 19:10:07", "elapsed": 37523.67482447624, "delta": 15.843676567077637}, "costs": {"total_cost": 174.58204957090572, "time_cost": 70.184, "final_distance_cost": 1.8450050828026576, "oscillation_cost": 27.971582719486218, "completition_cost": 0.0, "overshoot_cost": 50.02715524963801, "power_cost": 12.756348657226564, "noise_cost": 11.797957861752277, "n_waypoints_completed": 9, "tot_waypoints": 9}}
{"target": -174.15105274647232, "params": {"k_pid_pos": [1.4708460986177696, 0.007630816650528528, 0.9027698250789875], "k_pid_alt": [1.5173597479796885, 0.0031722564553909225, 0.014209440058885038], "k_pid_att": [11.846156941176083, 0.1496942983592756, 0.30177219898049934], "k_pid_yaw": [0.5, 1e-06, 0.1], "k_pid_hsp": [0.1394922300873385, 0.017887540862401147, 0.0], "k_pid_vsp": [258.8208318050238, 367.4954462291659, 1.067790706875005]}, "datetime": {"datetime": "2025-08-21 19:10:24", "elapsed": 37541.09793186188, "delta": 17.423107385635376}, "costs": {"total_cost": 174.15105274647232, "time_cost": 70.496, "final_distance_cost": 1.8431593497963386, "oscillation_cost": 27.440168353954554, "completition_cost": 0.0, "overshoot_cost": 49.83917970744739, "power_cost": 12.8852521484375, "noise_cost": 11.647293186836535, "n_waypoints_completed": 9, "tot_waypoints": 9}}
{"target": -174.02068295511847, "params": {"k_pid_pos": [1.5365909302723093, 0.009329646048732097, 1.0], "k_pid_alt": [2.0, 0.002747154204819411, 0.016593930734753765], "k_pid_att": [12.285382773466397, 0.1677479100618425, 0.28476400980889954], "k_pid_yaw": [0.5, 1e-06, 0.1], "k_pid_hsp": [0.16702177147223074, 0.019514055172748724, 0.0], "k_pid_vsp": [239.8592581973835, 286.9099195323356, 0.7724397389104531]}, "datetime": {"datetime": "2025-08-21 19:10:41", "elapsed": 37557.50018930435, "delta": 16.402257442474365}, "costs": {"total_cost": 174.02068295511847, "time_cost": 70.408, "final_distance_cost": 1.8390181845996163, "oscillation_cost": 27.28992804060885, "completition_cost": 0.0, "overshoot_cost": 49.98230807814478, "power_cost": 12.52561776123047, "noise_cost": 11.97581089053474, "n_waypoints_completed": 9, "tot_waypoints": 9}}
{"target": -181.4972825217768, "params": {"k_pid_pos": [1.3791190398944693, 0.007795177101859119, 1.0], "k_pid_alt": [1.9378180352384051, 0.003166582028177115, 0.011921572203519254], "k_pid_att": [11.155036623540985, 0.1457992162096644, 0.27504785431756257], "k_pid_yaw": [0.5, 1e-06, 0.1], "k_pid_hsp": [0.1552241546647001, 0.01808850549382753, 0.0], "k_pid_vsp": [289.0435158788601, 267.64968176289676, 0.9139528019845743]}, "datetime": {"datetime": "2025-08-21 19:10:59", "elapsed": 37575.462809085846, "delta": 17.96261978149414}, "costs": {"total_cost": 181.4972825217768, "time_cost": 72.072, "final_distance_cost": 1.8473036875190372, "oscillation_cost": 27.615011795089544, "completition_cost": 0.0, "overshoot_cost": 50.92020756819311, "power_cost": 15.468144360351562, "noise_cost": 13.574615110623542, "n_waypoints_completed": 9, "tot_waypoints": 9}}
{"target": -187.22142858851714, "params": {"k_pid_pos": [1.6912113806463926, 0.006772265738749027, 0.9046298270989612], "k_pid_alt": [1.8214378719701108, 0.0024115087903181856, 0.012518748516371843], "k_pid_att": [11.301386753253146, 0.17815184184700725, 0.33899821536282504], "k_pid_yaw": [0.5, 1e-06, 0.1], "k_pid_hsp": [0.15359423435923933, 0.017062028641388425, 0.0], "k_pid_vsp": [207.41175675765297, 212.3513937081245, 1.0176232363678455]}, "datetime": {"datetime": "2025-08-21 19:11:16", "elapsed": 37592.959721803665, "delta": 17.496912717819214}, "costs": {"total_cost": 187.22142858851714, "time_cost": 71.624, "final_distance_cost": 1.8375576941375973, "oscillation_cost": 29.889873181276624, "completition_cost": 0.0, "overshoot_cost": 51.818204326759094, "power_cost": 17.671577563476564, "noise_cost": 14.38021582286727, "n_waypoints_completed": 9, "tot_waypoints": 9}}
{"target": -179.4139513827895, "params": {"k_pid_pos": [1.794742530606374, 0.006656543594845713, 0.8866646419431478], "k_pid_alt": [1.9309110101153169, 0.0018164226494631053, 0.010884149359447258], "k_pid_att": [11.8146511020201, 0.18701902198085762, 0.24201691797137373], "k_pid_yaw": [0.5, 1e-06, 0.1], "k_pid_hsp": [0.19572342051097666, 0.014371636187445386, 0.0], "k_pid_vsp": [226.91439016078485, 298.9197489156548, 1.156060578355024]}, "datetime": {"datetime": "2025-08-21 19:11:32", "elapsed": 37609.1090297699, "delta": 16.1493079662323}, "costs": {"total_cost": 179.4139513827895, "time_cost": 70.2, "final_distance_cost": 1.8438584262781865, "oscillation_cost": 29.242284086081764, "completition_cost": 0.0, "overshoot_cost": 50.412822864440635, "power_cost": 14.7710330078125, "noise_cost": 12.943952998176414, "n_waypoints_completed": 9, "tot_waypoints": 9}}
{"target": -183.84066352293547, "params": {"k_pid_pos": [1.7150665696383207, 0.00580550878576908, 0.8010733107884501], "k_pid_alt": [2.0, 0.002992337103533226, 0.014908786023727348], "k_pid_att": [14.833742845164215, 0.1977658958536256, 0.3666344500585761], "k_pid_yaw": [0.5, 1e-06, 0.1], "k_pid_hsp": [0.14780148522888767, 0.02118536470124133, 0.0], "k_pid_vsp": [261.60993491845073, 255.73710135383035, 1.269722639681411]}, "datetime": {"datetime": "2025-08-21 19:11:51", "elapsed": 37628.27818584442, "delta": 19.169156074523926}, "costs": {"total_cost": 183.84066352293547, "time_cost": 70.584, "final_distance_cost": 1.8337437102013896, "oscillation_cost": 30.018448118951028, "completition_cost": 0.0, "overshoot_cost": 51.095930516952585, "power_cost": 16.549970544433595, "noise_cost": 13.758570632396857, "n_waypoints_completed": 9, "tot_waypoints": 9}}
{"target": -172.18070057939403, "params": {"k_pid_pos": [1.6137542109006224, 0.006450988533073192, 0.970585303856895], "k_pid_alt": [1.9383969383420185, 0.0026448390044643525, 0.011835917453812123], "k_pid_att": [14.550217937229993, 0.1723115431558734, 0.32825411895391504], "k_pid_yaw": [0.5, 1e-06, 0.1], "k_pid_hsp": [0.1497772949667909, 0.01655303261869275, 0.0], "k_pid_vsp": [305.22017410699334, 299.5787247890971, 0.9307434597986521]}, "datetime": {"datetime": "2025-08-21 19:12:07", "elapsed": 37644.225237846375, "delta": 15.947052001953125}, "costs": {"total_cost": 172.18070057939403, "time_cost": 70.248, "final_distance_cost": 1.8378222642678421, "oscillation_cost": 26.57653787027987, "completition_cost": 0.0, "overshoot_cost": 50.310321338110356, "power_cost": 11.891164477539062, "noise_cost": 11.316854629196882, "n_waypoints_completed": 9, "tot_waypoints": 9}}
{"target": -178.48831329902526, "params": {"k_pid_pos": [2.0, 0.005626325026247245, 0.9710358505327484], "k_pid_alt": [2.0, 0.0031000387289417115, 0.01222183944020448], "k_pid_att": [10.044142006223145, 0.16717016230765303, 0.34500521327185435], "k_pid_yaw": [0.5, 1e-06, 0.1], "k_pid_hsp": [0.14610963308273783, 0.013136228488381021, 0.0], "k_pid_vsp": [285.1232874713121, 223.26587667594288, 0.9921015169103304]}, "datetime": {"datetime": "2025-08-21 19:12:24", "elapsed": 37661.3559012413, "delta": 17.13066339492798}, "costs": {"total_cost": 178.48831329902526, "time_cost": 69.808, "final_distance_cost": 1.8393385067267742, "oscillation_cost": 30.2280098106613, "completition_cost": 0.0, "overshoot_cost": 51.022553091681324, "power_cost": 13.6218431640625, "noise_cost": 11.968568725893332, "n_waypoints_completed": 9, "tot_waypoints": 9}}
{"target": -173.9840227302057, "params": {"k_pid_pos": [1.7423714978115925, 0.010207211502787078, 1.0], "k_pid_alt": [1.8931235562357294, 0.003011834397499411, 0.013147462266906211], "k_pid_att": [10.30519459036236, 0.179133682264085, 0.18333037883256487], "k_pid_yaw": [0.5, 1e-06, 0.1], "k_pid_hsp": [0.16953424199421332, 0.018563442079791843, 0.0], "k_pid_vsp": [262.60769790531305, 204.63333877231253, 0.8993569590185269]}, "datetime": {"datetime": "2025-08-21 19:12:41", "elapsed": 37678.158640384674, "delta": 16.802739143371582}, "costs": {"total_cost": 173.9840227302057, "time_cost": 70.0, "final_distance_cost": 1.8463077147386087, "oscillation_cost": 27.665706218451206, "completition_cost": 0.0, "overshoot_cost": 49.84576299049067, "power_cost": 12.833393139648438, "noise_cost": 11.79285266687677, "n_waypoints_completed": 9, "tot_waypoints": 9}}
{"target": -170.5460752018873, "params": {"k_pid_pos": [1.314311029195796, 0.007790536824135978, 0.9242920912233593], "k_pid_alt": [2.0, 0.003084351122537061, 0.013392576924342767], "k_pid_att": [11.836376932041043, 0.1538478685542094, 0.2656595606776522], "k_pid_yaw": [0.5, 1e-06, 0.1], "k_pid_hsp": [0.18485444637951684, 0.01840048118167231, 0.0], "k_pid_vsp": [326.6560264212522, 308.19429327004053, 0.7925762585844781]}, "datetime": {"datetime": "2025-08-21 19:12:57", "elapsed": 37694.03189325333, "delta": 15.873252868652344}, "costs": {"total_cost": 170.5460752018873, "time_cost": 71.32000000000001, "final_distance_cost": 1.8468222760518165, "oscillation_cost": 26.854537358450827, "completition_cost": 0.0, "overshoot_cost": 50.167344637033885, "power_cost": 9.773454528808594, "noise_cost": 10.583916401542181, "n_waypoints_completed": 9, "tot_waypoints": 9}}
{"target": -175.73028173860342, "params": {"k_pid_pos": [1.8532502125577313, 0.0055608691581049835, 0.915882185734071], "k_pid_alt": [1.8369890293739732, 0.002971095525823574, 0.010469726630807493], "k_pid_att": [13.05729753270154, 0.15099769653493725, 0.2917431074507237], "k_pid_yaw": [0.5, 1e-06, 0.1], "k_pid_hsp": [0.11516072748481183, 0.015885120381298735, 0.0], "k_pid_vsp": [221.47569961897065, 239.50255388816814, 0.6756049620733567]}, "datetime": {"datetime": "2025-08-21 19:13:15", "elapsed": 37711.836846113205, "delta": 17.80495285987854}, "costs": {"total_cost": 175.73028173860342, "time_cost": 70.152, "final_distance_cost": 1.8277706189346445, "oscillation_cost": 28.12023625747825, "completition_cost": 0.0, "overshoot_cost": 50.41775010371739, "power_cost": 13.125443798828126, "noise_cost": 12.087080959645036, "n_waypoints_completed": 9, "tot_waypoints": 9}}
{"target": -168.55714862451828, "params": {"k_pid_pos": [2.0, 0.007609200767562223, 0.8437596896167151], "k_pid_alt": [2.0, 0.0031634344516535662, 0.01291831230000907], "k_pid_att": [12.541046422548222, 0.18004277886314826, 0.316526112789112], "k_pid_yaw": [0.5, 1e-06, 0.1], "k_pid_hsp": [0.19730946897972645, 0.020345856509692787, 0.0], "k_pid_vsp": [286.31418849641904, 229.95974447173884, 1.016507033924637]}, "datetime": {"datetime": "2025-08-21 19:13:31", "elapsed": 37727.67495441437, "delta": 15.83810830116272}, "costs": {"total_cost": 168.55714862451828, "time_cost": 68.544, "final_distance_cost": 1.8280879092503874, "oscillation_cost": 30.272478107428956, "completition_cost": 0.0, "overshoot_cost": 49.945339948434686, "power_cost": 8.673036767578125, "noise_cost": 9.294205891826145, "n_waypoints_completed": 9, "tot_waypoints": 9}}
{"target": -171.1870918716234, "params": {"k_pid_pos": [1.7419173556437058, 0.006149471305773569, 0.9830320852999127], "k_pid_alt": [1.777101224621214, 0.0030924784160130544, 0.014594795756930672], "k_pid_att": [10.234092690510085, 0.16239180159108205, 0.35574737989727323], "k_pid_yaw": [0.5, 1e-06, 0.1], "k_pid_hsp": [0.1688899605816699, 0.017557835780199364, 0.0], "k_pid_vsp": [271.8652269739505, 254.11608843323276, 1.3316798029522119]}, "datetime": {"datetime": "2025-08-21 19:13:48", "elapsed": 37744.88323760033, "delta": 17.208283185958862}, "costs": {"total_cost": 171.1870918716234, "time_cost": 68.976, "final_distance_cost": 1.8480036273990068, "oscillation_cost": 29.17450608634037, "completition_cost": 0.0, "overshoot_cost": 49.56105197628418, "power_cost": 10.929811560058594, "noise_cost": 10.697718621541249, "n_waypoints_completed": 9, "tot_waypoints": 9}}
{"target": -167.49678844278577, "params": {"k_pid_pos": [1.565466115611736, 0.007125567709091218, 1.0], "k_pid_alt": [1.9717423939916923, 0.0028915898884742976, 0.013025297603555933], "k_pid_att": [10.101105451989433, 0.13084760539840232, 0.30997867480928437], "k_pid_yaw": [0.5, 1e-06, 0.1], "k_pid_hsp": [0.1583154474883168, 0.018451567778782794, 0.0], "k_pid_vsp": [323.8617517411379, 225.79114822624834, 0.665549528127383]}, "datetime": {"datetime": "2025-08-21 19:14:03", "elapsed": 37760.41150164604, "delta": 15.528264045715332}, "costs": {"total_cost": 167.49678844278577, "time_cost": 70.072, "final_distance_cost": 1.8417432071862863, "oscillation_cost": 26.659404008518933, "completition_cost": 0.0, "overshoot_cost": 49.675743343509296, "power_cost": 9.32191043701172, "noise_cost": 9.92598744655954, "n_waypoints_completed": 9, "tot_waypoints": 9}}
{"target": -173.1009496020152, "params": {"k_pid_pos": [1.47018864724979, 0.0061437562638829435, 0.9807408828970298], "k_pid_alt": [1.9897300745080084, 0.0028837953768275997, 0.008787647135097401], "k_pid_att": [11.910392624625715, 0.18708454818828937, 0.31368674807610436], "k_pid_yaw": [0.5, 1e-06, 0.1], "k_pid_hsp": [0.17872458987172576, 0.01771652148962063, 0.0], "k_pid_vsp": [272.5715528088842, 244.0680431969553, 1.358215664633139]}, "datetime": {"datetime": "2025-08-21 19:14:21", "elapsed": 37777.745066165924, "delta": 17.333564519882202}, "costs": {"total_cost": 173.1009496020152, "time_cost": 70.56, "final_distance_cost": 1.8499899229921815, "oscillation_cost": 27.259033949917345, "completition_cost": 0.0, "overshoot_cost": 50.081718977432175, "power_cost": 11.886434448242188, "noise_cost": 11.46377230343131, "n_waypoints_completed": 9, "tot_waypoints": 9}}
{"target": -170.05744356573794, "params": {"k_pid_pos": [2.0, 0.007511828467923747, 0.8682158303559898], "k_pid_alt": [2.0, 0.0026661792358937796, 0.012401994162099842], "k_pid_att": [10.261098065633721, 0.14431739758087894, 0.26990039905976587], "k_pid_yaw": [0.5, 1e-06, 0.1], "k_pid_hsp": [0.19199282307371002, 0.016353593123479622, 0.0], "k_pid_vsp": [273.3786260813713, 247.56660768453767, 0.9602739563314812]}, "datetime": {"datetime": "2025-08-21 19:14:37", "elapsed": 37793.46867156029, "delta": 15.723605394363403}, "costs": {"total_cost": 170.05744356573794, "time_cost": 68.752, "final_distance_cost": 1.8411952881478073, "oscillation_cost": 30.230322200542734, "completition_cost": 0.0, "overshoot_cost": 49.4979539098276, "power_cost": 9.889244702148439, "noise_cost": 9.846727465071384, "n_waypoints_completed": 9, "tot_waypoints": 9}}
{"target": -186.6874664527271, "params": {"k_pid_pos": [1.4630351686295864, 0.009151754225351449, 1.0], "k_pid_alt": [1.8434409742249214, 0.002982129633163031, 0.013705501634988697], "k_pid_att": [14.394872206710032, 0.17508914899378714, 0.33462264329012786], "k_pid_yaw": [0.5, 1e-06, 0.1], "k_pid_hsp": [0.17029667727999995, 0.016512743201310184, 0.0], "k_pid_vsp": [233.358043788226, 210.5915901740863, 1.1341211862994507]}, "datetime": {"datetime": "2025-08-21 19:14:54", "elapsed": 37811.30652022362, "delta": 17.837848663330078}, "costs": {"total_cost": 186.6874664527271, "time_cost": 72.664, "final_distance_cost": 1.8419254366105733, "oscillation_cost": 27.81157920683895, "completition_cost": 0.0, "overshoot_cost": 51.54455071128643, "power_cost": 18.045626501464845, "noise_cost": 14.779784596526289, "n_waypoints_completed": 9, "tot_waypoints": 9}}
{"target": -184.92833810211772, "params": {"k_pid_pos": [1.5840013860471212, 0.007517731184315094, 1.0], "k_pid_alt": [2.0, 0.0027808982291393984, 0.013711845140155977], "k_pid_att": [13.549354154966926, 0.19894554183956922, 0.29812717106453507], "k_pid_yaw": [0.5, 1e-06, 0.1], "k_pid_hsp": [0.15225553663248104, 0.021953125497114128, 0.0], "k_pid_vsp": [287.88306040879223, 237.40596123454247, 1.1421661964444676]}, "datetime": {"datetime": "2025-08-21 19:15:10", "elapsed": 37827.13831830025, "delta": 15.831798076629639}, "costs": {"total_cost": 184.92833810211772, "time_cost": 71.024, "final_distance_cost": 1.8430702795662013, "oscillation_cost": 29.100653051974582, "completition_cost": 0.0, "overshoot_cost": 50.97501861980214, "power_cost": 17.473589013671877, "noise_cost": 14.51200713710293, "n_waypoints_completed": 9, "tot_waypoints": 9}}
{"target": -172.16083308407136, "params": {"k_pid_pos": [1.894385626058962, 0.004858040187380286, 1.0], "k_pid_alt": [1.9418045104670216, 0.0025957169075806405, 0.01217620544953879], "k_pid_att": [10.392191843126644, 0.16158936842716762, 0.31881054921200086], "k_pid_yaw": [0.5, 1e-06, 0.1], "k_pid_hsp": [0.15236762975625784, 0.024733870051658464, 0.0], "k_pid_vsp": [273.56572340359304, 276.376739709809, 0.9346365678158431]}, "datetime": {"datetime": "2025-08-21 19:15:27", "elapsed": 37844.36196708679, "delta": 17.2236487865448}, "costs": {"total_cost": 172.16083308407136, "time_cost": 69.616, "final_distance_cost": 1.8362573455318436, "oscillation_cost": 29.321153017806434, "completition_cost": 0.0, "overshoot_cost": 50.02682042020735, "power_cost": 10.860259143066406, "noise_cost": 10.500343157459328, "n_waypoints_completed": 9, "tot_waypoints": 9}}
{"target": -174.46076217974294, "params": {"k_pid_pos": [2.0, 0.006079535763967646, 0.8123467382605926], "k_pid_alt": [2.0, 0.002983662441952384, 0.011938917792083144], "k_pid_att": [11.992528020313538, 0.1896162685044321, 0.30264383801124667], "k_pid_yaw": [0.5, 1e-06, 0.1], "k_pid_hsp": [0.1407195843385017, 0.021287437291904427, 0.0], "k_pid_vsp": [236.80369904537656, 234.59673905015384, 0.9739886868781396]}, "datetime": {"datetime": "2025-08-21 19:15:43", "elapsed": 37859.56912493706, "delta": 15.207157850265503}, "costs": {"total_cost": 174.46076217974294, "time_cost": 68.888, "final_distance_cost": 1.8205689257097797, "oscillation_cost": 29.796118564361507, "completition_cost": 0.0, "overshoot_cost": 49.82841027993695, "power_cost": 12.575946069335938, "noise_cost": 11.551718340398768, "n_waypoints_completed": 9, "tot_waypoints": 9}}
{"target": -178.35852349791594, "params": {"k_pid_pos": [1.5539692888675634, 0.006959110615606656, 0.8698814315461147], "k_pid_alt": [1.991024141093763, 0.002928037072975117, 0.011175414343895518], "k_pid_att": [13.306213075924076, 0.18866280556480275, 0.33576743369967327], "k_pid_yaw": [0.5, 1e-06, 0.1], "k_pid_hsp": [0.22326834725264802, 0.01911336010205988, 0.0], "k_pid_vsp": [221.318766246117, 291.2925403010129, 1.2011667971150333]}, "datetime": {"datetime": "2025-08-21 19:16:00", "elapsed": 37877.01251363754, "delta": 17.44338870048523}, "costs": {"total_cost": 178.35852349791594, "time_cost": 70.128, "final_distance_cost": 1.836375207128341, "oscillation_cost": 28.926484706877098, "completition_cost": 0.0, "overshoot_cost": 50.068743730175456, "power_cost": 14.563557373046876, "noise_cost": 12.835362480688165, "n_waypoints_completed": 9, "tot_waypoints": 9}}
{"target": -167.83396597635044, "params": {"k_pid_pos": [1.5321502564267098, 0.007436257924994853, 0.9196189547091632], "k_pid_alt": [1.7126582223353133, 0.0030371024258530276, 0.010701134082979714], "k_pid_att": [13.38316343955193, 0.15253421628830324, 0.25271146263097893], "k_pid_yaw": [0.5, 1e-06, 0.1], "k_pid_hsp": [0.16749665312238485, 0.018930651099317058, 0.0], "k_pid_vsp": [219.3645614247947, 249.06399800422614, 1.0831985640154091]}, "datetime": {"datetime": "2025-08-21 19:16:16", "elapsed": 37892.98681974411, "delta": 15.974306106567383}, "costs": {"total_cost": 167.83396597635044, "time_cost": 69.70400000000001, "final_distance_cost": 1.8501270185004237, "oscillation_cost": 28.337682218439475, "completition_cost": 0.0, "overshoot_cost": 49.92502081356572, "power_cost": 8.609702099609375, "noise_cost": 9.407433826235433, "n_waypoints_completed": 9, "tot_waypoints": 9}}
{"target": -173.34117688709554, "params": {"k_pid_pos": [1.3504995219573779, 0.005375170947802456, 0.9783637124587988], "k_pid_alt": [2.0, 0.003083402306691262, 0.013923935972666225], "k_pid_att": [10.767025579946356, 0.14435603573871295, 0.2765552709372106], "k_pid_yaw": [0.5, 1e-06, 0.1], "k_pid_hsp": [0.16842510458506565, 0.020431125005208602, 0.0], "k_pid_vsp": [253.83723579125606, 261.0790272059766, 1.0739300924275454]}, "datetime": {"datetime": "2025-08-21 19:16:33", "elapsed": 37910.07215332985, "delta": 17.085333585739136}, "costs": {"total_cost": 173.34117688709554, "time_cost": 71.464, "final_distance_cost": 1.8532163275892288, "oscillation_cost": 26.966411442131964, "completition_cost": 0.0, "overshoot_cost": 49.92176853193112, "power_cost": 11.693210253906251, "noise_cost": 11.442570331536984, "n_waypoints_completed": 9, "tot_waypoints": 9}}
