{"target": -181.1748141014289, "params": {"k_pid_pos": [1.7909383131986365, 0.19803904709171158, 0.5096965161319785], "k_pid_alt": [1.4378235554728913, 0.010738403606399938, 0.0979490897984557], "k_pid_att": [12.828829549606965, 0.1301706182243714, 0.6062855433204372], "k_pid_yaw": [0.5, 1e-06, 0.1], "k_pid_hsp": [0.48034768179899245, 0.08058100213301904, 0.0], "k_pid_vsp": [285.3573413141631, 388.2065849131698, 0.41794591266874165]}, "datetime": {"datetime": "2025-08-21 11:50:53", "elapsed": 11170.297453403473, "delta": 16.219876766204834}, "costs": {"total_cost": 181.1748141014289, "time_cost": 69.872, "final_distance_cost": 1.776614615126429, "oscillation_cost": 32.39052983349366, "completition_cost": 0.0, "overshoot_cost": 50.324750379794985, "power_cost": 14.41735311279297, "noise_cost": 12.393566160220841, "n_waypoints_completed": 9, "tot_waypoints": 9}}
{"target": -179.55139987269578, "params": {"k_pid_pos": [1.9545816852915925, 0.1401384016690276, 0.3271184203897429], "k_pid_alt": [1.267673644649313, 0.0037023365612868556, 0.06638467956331083], "k_pid_att": [60.735590565522386, 0.1851094615023904, 1.0], "k_pid_yaw": [0.5, 1e-06, 0.1], "k_pid_hsp": [0.4813806418451853, 0.09521610339726416, 0.0], "k_pid_vsp": [355.93241543424233, 263.07604204418567, 2.592439306886805]}, "datetime": {"datetime": "2025-08-21 11:51:10", "elapsed": 11186.489130735397, "delta": 16.19167733192444}, "costs": {"total_cost": 179.55139987269578, "time_cost": 68.872, "final_distance_cost": 1.7813085677695883, "oscillation_cost": 35.26045234258362, "completition_cost": 0.0, "overshoot_cost": 49.76325634800222, "power_cost": 12.657106286621094, "noise_cost": 11.217276327719263, "n_waypoints_completed": 9, "tot_waypoints": 9}}
{"target": -186.28270814977176, "params": {"k_pid_pos": [1.4393751562703043, 0.09015433838963804, 0.23382250362005433], "k_pid_alt": [0.5123448534727338, 0.011772884143778695, 0.12204684309936847], "k_pid_att": [54.66971377652255, 0.31567384135301896, 1.0], "k_pid_yaw": [0.5, 1e-06, 0.1], "k_pid_hsp": [0.23883825912428083, 0.06250985591137694, 0.0], "k_pid_vsp": [144.66581319690368, 161.97026904814666, 4.865497932261435]}, "datetime": {"datetime": "2025-08-21 11:51:27", "elapsed": 11204.059690475464, "delta": 17.57055974006653}, "costs": {"total_cost": 186.28270814977176, "time_cost": 74.328, "final_distance_cost": 1.8245700065715587, "oscillation_cost": 34.12410686363099, "completition_cost": 0.0, "overshoot_cost": 50.08008022460848, "power_cost": 13.932679296875001, "noise_cost": 11.99327175808573, "n_waypoints_completed": 9, "tot_waypoints": 9}}
{"target": -173.03566420990882, "params": {"k_pid_pos": [1.4377563831216849, 0.12262368820675378, 0.39638585244264674], "k_pid_alt": [2.0, 0.008976299920307204, 0.07838510527883724], "k_pid_att": [35.660659776365144, 0.15433045019994465, 0.48333526657559084], "k_pid_yaw": [0.5, 1e-06, 0.1], "k_pid_hsp": [0.6604131078588759, 0.0811827538275016, 0.0], "k_pid_vsp": [240.2986011372743, 316.7818686917921, 5.607916850743297]}, "datetime": {"datetime": "2025-08-21 11:51:43", "elapsed": 11220.074838638306, "delta": 16.015148162841797}, "costs": {"total_cost": 173.03566420990882, "time_cost": 69.024, "final_distance_cost": 1.8208040411644566, "oscillation_cost": 32.11154698476931, "completition_cost": 0.0, "overshoot_cost": 50.30898524473638, "power_cost": 9.836306457519532, "noise_cost": 9.934021481719132, "n_waypoints_completed": 9, "tot_waypoints": 9}}
{"target": -187.5689649402809, "params": {"k_pid_pos": [1.116894675620259, 0.19996936193284018, 0.6679608514500016], "k_pid_alt": [0.9976912580997542, 0.002221078704131699, 0.06547744713311825], "k_pid_att": [10.966291840104086, 0.1926803525613726, 0.41013947316442617], "k_pid_yaw": [0.5, 1e-06, 0.1], "k_pid_hsp": [0.8095328502928951, 0.06587079630525262, 0.0], "k_pid_vsp": [188.045334487638, 336.70761060709583, 1e-06]}, "datetime": {"datetime": "2025-08-21 11:52:01", "elapsed": 11237.727878570557, "delta": 17.653039932250977}, "costs": {"total_cost": 187.5689649402809, "time_cost": 74.68, "final_distance_cost": 1.8265412506085148, "oscillation_cost": 31.83626784077177, "completition_cost": 0.0, "overshoot_cost": 50.87606888706756, "power_cost": 15.092532592773438, "noise_cost": 13.257554369059623, "n_waypoints_completed": 9, "tot_waypoints": 9}}
{"target": -1186.294041369188, "params": {"k_pid_pos": [1.7538095999586085, 0.14925340584199961, 0.5144059632539382], "k_pid_alt": [0.99601612792838, 0.004452953719433289, 0.0], "k_pid_att": [44.08263017000818, 0.2107675310048123, 1.0], "k_pid_yaw": [0.5, 1e-06, 0.1], "k_pid_hsp": [0.0001, 0.0629781191665287, 0.0], "k_pid_vsp": [339.6523088283231, 214.5686589976181, 10.0858411318145]}, "datetime": {"datetime": "2025-08-21 11:52:24", "elapsed": 11260.970643520355, "delta": 23.242764949798584}, "costs": {"total_cost": 1186.294041369188, "time_cost": 150, "final_distance_cost": 97.64890811878135, "oscillation_cost": 46.69350564355626, "completition_cost": 777.7777777777778, "overshoot_cost": 86.09396242789553, "power_cost": 15.1486458984375, "noise_cost": 12.931241502739583, "n_waypoints_completed": 2, "tot_waypoints": 9}}
{"target": -196.8964196399593, "params": {"k_pid_pos": [0.7754300485728697, 0.1418661809521741, 0.727407114687279], "k_pid_alt": [2.0, 0.011124448424523406, 0.07174320092115914], "k_pid_att": [19.657961323553923, 0.1982718572351688, 0.8832696733625917], "k_pid_yaw": [0.5, 1e-06, 0.1], "k_pid_hsp": [0.4965019532336321, 0.011997917251174816, 0.0], "k_pid_vsp": [178.98610177821254, 281.52338483986887, 2.582177232369192]}, "datetime": {"datetime": "2025-08-21 11:52:43", "elapsed": 11280.213579416275, "delta": 19.2429358959198}, "costs": {"total_cost": 196.8964196399593, "time_cost": 83.504, "final_distance_cost": 1.844366944843153, "oscillation_cost": 27.366563200934728, "completition_cost": 0.0, "overshoot_cost": 52.477051464488845, "power_cost": 16.35999327392578, "noise_cost": 15.344444755766768, "n_waypoints_completed": 9, "tot_waypoints": 9}}
{"target": -180.1726727428641, "params": {"k_pid_pos": [0.800697080382342, 0.10372163869260138, 0.5006219325706615], "k_pid_alt": [1.1085205545664567, 0.005535432445334831, 0.08277960165191732], "k_pid_att": [42.01813934277269, 0.16103341036218083, 0.40063064384221003], "k_pid_yaw": [0.5, 1e-06, 0.1], "k_pid_hsp": [0.3789157816411726, 0.01811494034331634, 0.0], "k_pid_vsp": [339.3053945416031, 154.30168923719407, 0.9261667969523698]}, "datetime": {"datetime": "2025-08-21 11:53:01", "elapsed": 11297.723094701767, "delta": 17.509515285491943}, "costs": {"total_cost": 180.1726727428641, "time_cost": 77.112, "final_distance_cost": 1.838923128651251, "oscillation_cost": 26.56995597448287, "completition_cost": 0.0, "overshoot_cost": 51.33229405575616, "power_cost": 11.37214920654297, "noise_cost": 11.947350377430904, "n_waypoints_completed": 9, "tot_waypoints": 9}}
{"target": -175.60327287029767, "params": {"k_pid_pos": [2.0, 0.18114659431152025, 0.4278787740215948], "k_pid_alt": [2.0, 0.01643440722828463, 0.00633068379131442], "k_pid_att": [74.23764537258788, 0.25017753862401476, 0.957327271194941], "k_pid_yaw": [0.5, 1e-06, 0.1], "k_pid_hsp": [0.1997790822834488, 0.02960624999591889, 0.0], "k_pid_vsp": [400.0, 307.37868288299507, 8.165892717407319]}, "datetime": {"datetime": "2025-08-21 11:53:17", "elapsed": 11314.330825090408, "delta": 16.607730388641357}, "costs": {"total_cost": 175.60327287029767, "time_cost": 68.984, "final_distance_cost": 1.7621927058998366, "oscillation_cost": 34.87359554177015, "completition_cost": 0.0, "overshoot_cost": 50.37885034130386, "power_cost": 9.916650463867189, "noise_cost": 9.687983817456631, "n_waypoints_completed": 9, "tot_waypoints": 9}}
{"target": -178.06452566898417, "params": {"k_pid_pos": [2.0, 0.13133098842065297, 0.7433164627726275], "k_pid_alt": [1.5645307197967835, 0.0014951784290235138, 0.11576637982904803], "k_pid_att": [31.28226158532938, 0.2756758320963781, 0.4565730324707107], "k_pid_yaw": [0.5, 1e-06, 0.1], "k_pid_hsp": [0.2948103872355279, 0.078535407802808, 0.0], "k_pid_vsp": [181.22115504900026, 366.07783570263854, 4.372936986964255]}, "datetime": {"datetime": "2025-08-21 11:53:34", "elapsed": 11330.635187864304, "delta": 16.304362773895264}, "costs": {"total_cost": 178.06452566898417, "time_cost": 69.16, "final_distance_cost": 1.8096157218221023, "oscillation_cost": 32.81663715495343, "completition_cost": 0.0, "overshoot_cost": 50.28230305718883, "power_cost": 12.639812829589845, "noise_cost": 11.35615690542994, "n_waypoints_completed": 9, "tot_waypoints": 9}}
{"target": -177.13502221000846, "params": {"k_pid_pos": [0.8399367199013769, 0.1085603277771942, 0.5299949832956365], "k_pid_alt": [1.6547790681236954, 0.012808448070022592, 0.07074176887237137], "k_pid_att": [35.17665849025741, 0.16145971233189751, 0.8202500863861583], "k_pid_yaw": [0.5, 1e-06, 0.1], "k_pid_hsp": [0.8583560246420855, 0.05510470351357493, 0.0], "k_pid_vsp": [207.99503999159302, 204.90804750543523, 4.3095237986277]}, "datetime": {"datetime": "2025-08-21 11:53:51", "elapsed": 11347.686876296997, "delta": 17.05168843269348}, "costs": {"total_cost": 177.13502221000846, "time_cost": 75.784, "final_distance_cost": 1.8397215659042154, "oscillation_cost": 28.65520842634905, "completition_cost": 0.0, "overshoot_cost": 50.95088060958875, "power_cost": 9.483605004882813, "noise_cost": 10.421606603283639, "n_waypoints_completed": 9, "tot_waypoints": 9}}
{"target": -171.64401896621564, "params": {"k_pid_pos": [1.3633388205369392, 0.08871799286743327, 0.40751988670758693], "k_pid_alt": [1.0557105819085109, 0.00862309932651339, 0.032684553064112914], "k_pid_att": [20.964948493821062, 0.3299794155319245, 0.33948214613647965], "k_pid_yaw": [0.5, 1e-06, 0.1], "k_pid_hsp": [0.6683398187787991, 0.053329984078187224, 0.0], "k_pid_vsp": [185.60726873592043, 194.39970994998075, 1e-06]}, "datetime": {"datetime": "2025-08-21 11:54:07", "elapsed": 11363.756621360779, "delta": 16.06974506378174}, "costs": {"total_cost": 171.64401896621564, "time_cost": 69.16, "final_distance_cost": 1.838793867758694, "oscillation_cost": 31.19344346858836, "completition_cost": 0.0, "overshoot_cost": 49.965219832350186, "power_cost": 9.507909851074219, "noise_cost": 9.978651946444163, "n_waypoints_completed": 9, "tot_waypoints": 9}}
{"target": -192.08609503347458, "params": {"k_pid_pos": [2.0, 0.10909551856642145, 0.5899897391522387], "k_pid_alt": [0.3668360534671264, 0.009335060963428054, 0.10837169290085968], "k_pid_att": [55.85276410591217, 0.13243102792867442, 1.0], "k_pid_yaw": [0.5, 1e-06, 0.1], "k_pid_hsp": [0.6406777753676227, 0.06213746741790057, 0.0], "k_pid_vsp": [400.0, 223.34167510123493, 2.5556220805965038]}, "datetime": {"datetime": "2025-08-21 11:54:27", "elapsed": 11384.046809196472, "delta": 20.29018783569336}, "costs": {"total_cost": 192.08609503347458, "time_cost": 79.976, "final_distance_cost": 1.850438665132499, "oscillation_cost": 35.48244611125221, "completition_cost": 0.0, "overshoot_cost": 49.85766553148589, "power_cost": 12.819411401367189, "noise_cost": 12.100133324236825, "n_waypoints_completed": 9, "tot_waypoints": 9}}
{"target": -172.93287231488932, "params": {"k_pid_pos": [1.1917553853365208, 0.16225003084919967, 0.6293842077018025], "k_pid_alt": [1.6445089593814448, 0.01300595262215106, 0.058640014581564294], "k_pid_att": [53.642797777487544, 0.18038042221390646, 0.6922059330353766], "k_pid_yaw": [0.5, 1e-06, 0.1], "k_pid_hsp": [0.5090050409311299, 0.06063628375349946, 0.0], "k_pid_vsp": [216.05060863799835, 216.0291082826977, 4.847503246722439]}, "datetime": {"datetime": "2025-08-21 11:54:46", "elapsed": 11403.367925167084, "delta": 19.321115970611572}, "costs": {"total_cost": 172.93287231488932, "time_cost": 70.624, "final_distance_cost": 1.8357425292405203, "oscillation_cost": 29.52726986364523, "completition_cost": 0.0, "overshoot_cost": 50.29539507170121, "power_cost": 10.075214782714845, "noise_cost": 10.575250067587524, "n_waypoints_completed": 9, "tot_waypoints": 9}}
{"target": -178.50704002889051, "params": {"k_pid_pos": [1.1630762893588777, 0.021305621033821665, 0.3568274827679992], "k_pid_alt": [0.8934829230455416, 0.007913343141585366, 0.044584435273104635], "k_pid_att": [5.393461977655484, 0.09571828698269236, 0.7988216507287946], "k_pid_yaw": [0.5, 1e-06, 0.1], "k_pid_hsp": [0.41125874611855195, 0.08003895698003684, 0.0], "k_pid_vsp": [367.50994970280954, 161.60084117354094, 3.641926787183777]}, "datetime": {"datetime": "2025-08-21 11:55:03", "elapsed": 11420.296682834625, "delta": 16.928757667541504}, "costs": {"total_cost": 178.50704002889051, "time_cost": 70.712, "final_distance_cost": 1.842380732180627, "oscillation_cost": 32.303210911832814, "completition_cost": 0.0, "overshoot_cost": 50.06246463058995, "power_cost": 12.149209118652344, "noise_cost": 11.437774635634788, "n_waypoints_completed": 9, "tot_waypoints": 9}}
{"target": -180.8004005643732, "params": {"k_pid_pos": [1.1339233408344498, 0.11288109296077704, 0.5153826589804987], "k_pid_alt": [2.0, 0.006485391416400405, 0.004881394693486464], "k_pid_att": [45.61988222198158, 0.3450857726161645, 1.0], "k_pid_yaw": [0.5, 1e-06, 0.1], "k_pid_hsp": [0.3517080477274484, 0.04230145533205301, 0.0], "k_pid_vsp": [195.8188815002823, 176.597368635131, 6.371987942827883]}, "datetime": {"datetime": "2025-08-21 11:55:20", "elapsed": 11436.579622983932, "delta": 16.28294014930725}, "costs": {"total_cost": 180.8004005643732, "time_cost": 70.70400000000001, "final_distance_cost": 1.826694022081911, "oscillation_cost": 28.270452580588216, "completition_cost": 0.0, "overshoot_cost": 50.72564779742671, "power_cost": 15.818683618164064, "noise_cost": 13.454922546112313, "n_waypoints_completed": 9, "tot_waypoints": 9}}
{"target": -228.5609271338805, "params": {"k_pid_pos": [0.8855543904176025, 0.14174177902126048, 0.4746048546997848], "k_pid_alt": [2.0, 0.014309931008838213, 0.0541701300076823], "k_pid_att": [59.717536425363015, 0.21602276619711566, 0.8094576839863512], "k_pid_yaw": [0.5, 1e-06, 0.1], "k_pid_hsp": [0.033694278793963604, 0.08433256739841523, 0.0], "k_pid_vsp": [283.18821923590053, 108.7223006515092, 4.754425068195093]}, "datetime": {"datetime": "2025-08-21 11:55:38", "elapsed": 11455.314829826355, "delta": 18.735206842422485}, "costs": {"total_cost": 228.5609271338805, "time_cost": 81.768, "final_distance_cost": 1.831992391159964, "oscillation_cost": 63.743063262227786, "completition_cost": 0.0, "overshoot_cost": 53.64253013107486, "power_cost": 14.365788818359375, "noise_cost": 13.209552531058524, "n_waypoints_completed": 9, "tot_waypoints": 9}}
{"target": -172.1848692140677, "params": {"k_pid_pos": [1.654499175833255, 0.13412242607205438, 0.5673276468955991], "k_pid_alt": [1.1644388988180667, 0.010861588058573046, 0.009910315734251518], "k_pid_att": [53.15095443337401, 0.15313904604563303, 0.5065392594638009], "k_pid_yaw": [0.5, 1e-06, 0.1], "k_pid_hsp": [0.8791752221945687, 0.03998330578376622, 0.0], "k_pid_vsp": [317.45050182480946, 170.03980853612376, 3.088844431356733]}, "datetime": {"datetime": "2025-08-21 11:55:54", "elapsed": 11471.37117266655, "delta": 16.056342840194702}, "costs": {"total_cost": 172.1848692140677, "time_cost": 69.032, "final_distance_cost": 1.8354891770787183, "oscillation_cost": 32.636438271072116, "completition_cost": 0.0, "overshoot_cost": 49.574717158425585, "power_cost": 9.319554895019532, "noise_cost": 9.78666971247175, "n_waypoints_completed": 9, "tot_waypoints": 9}}
{"target": -170.89303363636893, "params": {"k_pid_pos": [1.9775077235315734, 0.11448429199606684, 0.5934206899737985], "k_pid_alt": [1.732785566330044, 0.0034607513025814896, 0.05511460654793828], "k_pid_att": [46.85017137335805, 0.2469377303563565, 1.0], "k_pid_yaw": [0.5, 1e-06, 0.1], "k_pid_hsp": [0.708237065935318, 0.07332960362292791, 0.0], "k_pid_vsp": [289.5997058807593, 177.70896060078792, 4.087676257035427]}, "datetime": {"datetime": "2025-08-21 11:56:10", "elapsed": 11487.211032390594, "delta": 15.8398597240448}, "costs": {"total_cost": 170.89303363636893, "time_cost": 68.256, "final_distance_cost": 1.7812584920458905, "oscillation_cost": 32.74724190771238, "completition_cost": 0.0, "overshoot_cost": 49.70091502773988, "power_cost": 9.012015783691407, "noise_cost": 9.39560242517938, "n_waypoints_completed": 9, "tot_waypoints": 9}}
{"target": -173.55205495787197, "params": {"k_pid_pos": [1.7453192679830032, 0.049093372482316856, 0.7130686272355469], "k_pid_alt": [0.7139051740848009, 0.008975722586761629, 0.0], "k_pid_att": [18.64421840679151, 0.14218765742382342, 0.7733824648235675], "k_pid_yaw": [0.5, 1e-06, 0.1], "k_pid_hsp": [0.1953269651129952, 0.052512332443727154, 0.0], "k_pid_vsp": [400.0, 164.6178119436129, 1e-06]}, "datetime": {"datetime": "2025-08-21 11:56:27", "elapsed": 11503.82412314415, "delta": 16.613090753555298}, "costs": {"total_cost": 173.55205495787197, "time_cost": 70.19200000000001, "final_distance_cost": 1.8301597443514803, "oscillation_cost": 31.60661737364922, "completition_cost": 0.0, "overshoot_cost": 49.54166940131632, "power_cost": 10.220631945800783, "noise_cost": 10.160976492754182, "n_waypoints_completed": 9, "tot_waypoints": 9}}
{"target": -176.485357819176, "params": {"k_pid_pos": [1.4866405604668518, 0.14486221089507004, 0.5796179912823914], "k_pid_alt": [2.0, 0.004654311152372353, 0.02247144724345339], "k_pid_att": [40.531467732205705, 0.1548744434126817, 0.734651182261052], "k_pid_yaw": [0.5, 1e-06, 0.1], "k_pid_hsp": [0.3457371563233956, 0.05131287054837669, 0.0], "k_pid_vsp": [355.2867516514273, 214.22999043660715, 4.237733428740081]}, "datetime": {"datetime": "2025-08-21 11:56:43", "elapsed": 11519.915820598602, "delta": 16.091697454452515}, "costs": {"total_cost": 176.485357819176, "time_cost": 69.776, "final_distance_cost": 1.8368222281751045, "oscillation_cost": 30.060716616781797, "completition_cost": 0.0, "overshoot_cost": 50.34981780754481, "power_cost": 12.915224389648438, "noise_cost": 11.546776777025837, "n_waypoints_completed": 9, "tot_waypoints": 9}}
{"target": -176.42477161659264, "params": {"k_pid_pos": [1.2870929069907742, 0.057529158894490694, 0.7218338726894871], "k_pid_alt": [1.0011819594573879, 0.006782714066297736, 0.03647993028989604], "k_pid_att": [34.56354486319759, 0.15730215282142684, 0.8327458172657147], "k_pid_yaw": [0.5, 1e-06, 0.1], "k_pid_hsp": [0.21492494942631132, 0.0435185043117898, 0.0], "k_pid_vsp": [400.0, 300.0663827140851, 1.5958538449792032]}, "datetime": {"datetime": "2025-08-21 11:56:59", "elapsed": 11536.109498023987, "delta": 16.19367742538452}, "costs": {"total_cost": 176.42477161659264, "time_cost": 71.184, "final_distance_cost": 1.8508185663535537, "oscillation_cost": 28.578070755792787, "completition_cost": 0.0, "overshoot_cost": 50.05501420911844, "power_cost": 12.915010656738282, "noise_cost": 11.841857428589579, "n_waypoints_completed": 9, "tot_waypoints": 9}}
{"target": -418.1653082784419, "params": {"k_pid_pos": [1.7278623760471443, 0.14543229797276125, 0.008328532681608861], "k_pid_alt": [1.0949268499078686, 0.014198524710280864, 0.07336725845875904], "k_pid_att": [57.23616806574373, 0.2323838898072368, 0.8036524464308875], "k_pid_yaw": [0.5, 1e-06, 0.1], "k_pid_hsp": [0.02589934785012667, 0.02914675764495092, 0.0], "k_pid_vsp": [187.71709625544716, 254.87782060710637, 1.0238748022591235]}, "datetime": {"datetime": "2025-08-21 11:57:23", "elapsed": 11559.532749652863, "delta": 23.423251628875732}, "costs": {"total_cost": 418.1653082784419, "time_cost": 150, "final_distance_cost": 23.556722331186844, "oscillation_cost": 37.8449613263347, "completition_cost": 111.11111111111116, "overshoot_cost": 61.227927321787796, "power_cost": 18.67036540527344, "noise_cost": 15.754220782747968, "n_waypoints_completed": 8, "tot_waypoints": 9}}
{"target": -186.2403604541642, "params": {"k_pid_pos": [0.4652500017769213, 0.18829359871155818, 0.16934231949697598], "k_pid_alt": [1.7423181892615978, 0.006390328009006084, 0.08556766975486152], "k_pid_att": [40.38794739777524, 0.23679035671060245, 1.0], "k_pid_yaw": [0.5, 1e-06, 0.1], "k_pid_hsp": [0.30420560605349084, 0.04324921616595972, 0.0], "k_pid_vsp": [228.16641205281636, 213.45531365872168, 7.442402672033439]}, "datetime": {"datetime": "2025-08-21 11:57:41", "elapsed": 11578.069484710693, "delta": 18.53673505783081}, "costs": {"total_cost": 186.2403604541642, "time_cost": 80.4, "final_distance_cost": 1.823922485485889, "oscillation_cost": 25.800677747928702, "completition_cost": 0.0, "overshoot_cost": 50.5767887281352, "power_cost": 14.225674096679688, "noise_cost": 13.413297395934721, "n_waypoints_completed": 9, "tot_waypoints": 9}}
{"target": -175.9838969237119, "params": {"k_pid_pos": [1.7473773423082708, 0.10591173281413975, 0.70769352500162], "k_pid_alt": [1.9571294889683166, 0.0, 0.06865997625448512], "k_pid_att": [25.1107153404877, 0.16507342636563146, 0.6596580042232553], "k_pid_yaw": [0.5, 1e-06, 0.1], "k_pid_hsp": [0.2299147019311425, 0.06365872774470117, 0.0], "k_pid_vsp": [400.0, 206.54044552152376, 3.9104151567805814]}, "datetime": {"datetime": "2025-08-21 11:57:57", "elapsed": 11593.760303020477, "delta": 15.690818309783936}, "costs": {"total_cost": 175.9838969237119, "time_cost": 69.04, "final_distance_cost": 1.838650562140159, "oscillation_cost": 31.39517324901016, "completition_cost": 0.0, "overshoot_cost": 50.111042256115546, "power_cost": 12.341182751464844, "noise_cost": 11.257848104981171, "n_waypoints_completed": 9, "tot_waypoints": 9}}
