{"target": -262.6939239216004, "params": {"k_pid_pos": [1.996459784116415, 0.005229972894013157, 0.6441905810584773], "k_pid_alt": [1.7495958990066482, 0.0025580464801250803, 0.01217182819736277], "k_pid_att": [10.455464756398007, 0.19623732581730044, 0.38360323652561656], "k_pid_yaw": [0.5, 1e-06, 0.1], "k_pid_hsp": [0.1382070056026532, 0.018636825292756263, 0.0], "k_pid_vsp": [224.05574712930584, 277.0496711132748, 1.1285866544338976]}, "datetime": {"datetime": "2025-08-21 18:34:15", "elapsed": 35371.485055208206, "delta": 24.605953216552734}, "costs": {"total_cost": 262.6939239216004, "time_cost": 99.64, "final_distance_cost": 1.8114042098093144, "oscillation_cost": 34.036667956305784, "completition_cost": 0.0, "overshoot_cost": 80.23328728827262, "power_cost": 27.000536865234377, "noise_cost": 19.972027601978308, "n_waypoints_completed": 9, "tot_waypoints": 9}}
{"target": -173.17080186073525, "params": {"k_pid_pos": [1.6307979035865456, 0.007804821731640652, 0.954595439532541], "k_pid_alt": [1.6244470923995469, 0.0029449526166080947, 0.00947943696960492], "k_pid_att": [13.686699105547381, 0.17010584791731853, 0.19059829608298307], "k_pid_yaw": [0.5, 1e-06, 0.1], "k_pid_hsp": [0.1648443426211836, 0.022024292757982403, 0.0], "k_pid_vsp": [328.76233165306064, 252.42700688561104, 0.8978576897461075]}, "datetime": {"datetime": "2025-08-21 18:34:31", "elapsed": 35387.897434711456, "delta": 16.412379503250122}, "costs": {"total_cost": 173.17080186073525, "time_cost": 70.06400000000001, "final_distance_cost": 1.8418107383633078, "oscillation_cost": 27.54936682653204, "completition_cost": 0.0, "overshoot_cost": 50.684043219778594, "power_cost": 11.903545434570313, "noise_cost": 11.128035641491012, "n_waypoints_completed": 9, "tot_waypoints": 9}}
{"target": -168.26319674695205, "params": {"k_pid_pos": [1.8962022430604044, 0.009538396657664015, 1.0], "k_pid_alt": [1.9511051816454819, 0.0026716624635807276, 0.009399320102041303], "k_pid_att": [10.659670200166323, 0.165652981068184, 0.2729960154993384], "k_pid_yaw": [0.5, 1e-06, 0.1], "k_pid_hsp": [0.15202152053259155, 0.015903074699289713, 0.0], "k_pid_vsp": [282.9726269470122, 246.3743315500134, 1.017588408328215]}, "datetime": {"datetime": "2025-08-21 18:34:48", "elapsed": 35404.68547797203, "delta": 16.78804326057434}, "costs": {"total_cost": 168.26319674695205, "time_cost": 69.056, "final_distance_cost": 1.843423729706012, "oscillation_cost": 28.939589084748835, "completition_cost": 0.0, "overshoot_cost": 49.781378329260185, "power_cost": 9.070228234863281, "noise_cost": 9.572577368373706, "n_waypoints_completed": 9, "tot_waypoints": 9}}
{"target": -168.59810562574117, "params": {"k_pid_pos": [1.9338136304274063, 0.006040414481796686, 1.0], "k_pid_alt": [1.9603115785488248, 0.0020860408140820773, 0.011481068778746106], "k_pid_att": [15.757438413602204, 0.1616959037640521, 0.3467213189733959], "k_pid_yaw": [0.5, 1e-06, 0.1], "k_pid_hsp": [0.13550593525212778, 0.017597764339412354, 0.0], "k_pid_vsp": [275.8059027293871, 317.79501300810745, 1.1392756817149365]}, "datetime": {"datetime": "2025-08-21 18:35:05", "elapsed": 35422.228573322296, "delta": 17.543095350265503}, "costs": {"total_cost": 168.59810562574117, "time_cost": 68.72, "final_distance_cost": 1.8336098213406502, "oscillation_cost": 29.448101521936, "completition_cost": 0.0, "overshoot_cost": 50.122892445256575, "power_cost": 8.968571838378907, "noise_cost": 9.504929998829047, "n_waypoints_completed": 9, "tot_waypoints": 9}}
{"target": -168.5992083907505, "params": {"k_pid_pos": [1.5272253683286943, 0.007776490782247511, 0.9732891496816319], "k_pid_alt": [1.5831669577592684, 0.002873493302214585, 0.012792787478195795], "k_pid_att": [15.20308880105325, 0.2044399533658556, 0.27427507760206715], "k_pid_yaw": [0.5, 1e-06, 0.1], "k_pid_hsp": [0.16076436681429965, 0.018483789497711924, 0.0], "k_pid_vsp": [273.4513488451228, 221.98192464652638, 1.359047827788889]}, "datetime": {"datetime": "2025-08-21 18:35:21", "elapsed": 35437.986746788025, "delta": 15.75817346572876}, "costs": {"total_cost": 168.5992083907505, "time_cost": 70.04, "final_distance_cost": 1.8450520362121863, "oscillation_cost": 27.913624398352308, "completition_cost": 0.0, "overshoot_cost": 49.68228173791808, "power_cost": 9.244679846191406, "noise_cost": 9.873570372076507, "n_waypoints_completed": 9, "tot_waypoints": 9}}
{"target": -171.88729458447736, "params": {"k_pid_pos": [1.6482601732743711, 0.008281919339597222, 0.7838532486108072], "k_pid_alt": [2.0, 0.0026735427331574368, 0.012143761046089325], "k_pid_att": [12.34785449016485, 0.2344658492346551, 0.34184654915494955], "k_pid_yaw": [0.5, 1e-06, 0.1], "k_pid_hsp": [0.17033136354387232, 0.01991412281907454, 0.0], "k_pid_vsp": [250.13939595477586, 291.6389246334881, 1.2123465380069727]}, "datetime": {"datetime": "2025-08-21 18:35:38", "elapsed": 35455.16150379181, "delta": 17.17475700378418}, "costs": {"total_cost": 171.88729458447736, "time_cost": 69.688, "final_distance_cost": 1.8411131173298185, "oscillation_cost": 28.035060093222647, "completition_cost": 0.0, "overshoot_cost": 50.13835230392999, "power_cost": 11.34762410888672, "noise_cost": 10.837144961108189, "n_waypoints_completed": 9, "tot_waypoints": 9}}
{"target": -177.38587565561375, "params": {"k_pid_pos": [1.7246003253789244, 0.006557942205241342, 0.8861792124977595], "k_pid_alt": [1.577496866394921, 0.0024502549468639247, 0.012928920841950983], "k_pid_att": [12.316761847881132, 0.18943322386714342, 0.3121535353838398], "k_pid_yaw": [0.5, 1e-06, 0.1], "k_pid_hsp": [0.14434626207071669, 0.022655011986028272, 0.0], "k_pid_vsp": [341.3529605721167, 176.23383898276373, 0.977191910748426]}, "datetime": {"datetime": "2025-08-21 18:35:54", "elapsed": 35471.27931308746, "delta": 16.117809295654297}, "costs": {"total_cost": 177.38587565561375, "time_cost": 70.288, "final_distance_cost": 1.8492293984379247, "oscillation_cost": 28.482955450313845, "completition_cost": 0.0, "overshoot_cost": 50.621368007676004, "power_cost": 13.691315856933594, "noise_cost": 12.453006942252381, "n_waypoints_completed": 9, "tot_waypoints": 9}}
{"target": -182.76013740716283, "params": {"k_pid_pos": [1.6883108512060574, 0.007655108168819268, 0.8705124211903973], "k_pid_alt": [2.0, 0.0024429086822995013, 0.01371289468707413], "k_pid_att": [9.727329144382134, 0.16096054090129966, 0.26490204697901865], "k_pid_yaw": [0.5, 1e-06, 0.1], "k_pid_hsp": [0.20975106306888805, 0.020090500945877606, 0.0], "k_pid_vsp": [215.8046836835468, 315.0816976715835, 1.4471760866513044]}, "datetime": {"datetime": "2025-08-21 18:36:12", "elapsed": 35489.41353106499, "delta": 18.134217977523804}, "costs": {"total_cost": 182.76013740716283, "time_cost": 70.568, "final_distance_cost": 1.8451689028560856, "oscillation_cost": 30.346460196339525, "completition_cost": 0.0, "overshoot_cost": 51.28900127316482, "power_cost": 15.496966650390625, "noise_cost": 13.214540384411764, "n_waypoints_completed": 9, "tot_waypoints": 9}}
{"target": -207.5626622367402, "params": {"k_pid_pos": [1.9343897025174197, 0.00470746640527702, 0.9505660464874586], "k_pid_alt": [1.6395265975401172, 0.003385056792895382, 0.010745197461436437], "k_pid_att": [12.1616109906753, 0.2045814024371766, 0.2619981571672232], "k_pid_yaw": [0.5, 1e-06, 0.1], "k_pid_hsp": [0.15948452610053998, 0.01910894519517167, 0.0], "k_pid_vsp": [192.29140978852794, 313.6348135719665, 1.0550095188406503]}, "datetime": {"datetime": "2025-08-21 18:36:30", "elapsed": 35507.37179636955, "delta": 17.95826530456543}, "costs": {"total_cost": 207.5626622367402, "time_cost": 79.352, "final_distance_cost": 1.8393512984581355, "oscillation_cost": 31.623015842646264, "completition_cost": 0.0, "overshoot_cost": 56.24636647170573, "power_cost": 21.917702770996094, "noise_cost": 16.584225852933983, "n_waypoints_completed": 9, "tot_waypoints": 9}}
{"target": -174.7612499538734, "params": {"k_pid_pos": [1.4469991504558912, 0.005160270012772594, 1.0], "k_pid_alt": [2.0, 0.003259306672845911, 0.013028600077507314], "k_pid_att": [10.42899266573856, 0.14208922658596848, 0.3141272547970195], "k_pid_yaw": [0.5, 1e-06, 0.1], "k_pid_hsp": [0.1735327286582483, 0.016140571026458, 0.0], "k_pid_vsp": [285.23254508016004, 210.00156889707742, 0.8742229491046746]}, "datetime": {"datetime": "2025-08-21 18:36:48", "elapsed": 35524.66752743721, "delta": 17.29573106765747}, "costs": {"total_cost": 174.7612499538734, "time_cost": 70.696, "final_distance_cost": 1.8493288175933547, "oscillation_cost": 26.913160168362936, "completition_cost": 0.0, "overshoot_cost": 49.8973232006459, "power_cost": 13.06432724609375, "noise_cost": 12.341110521177498, "n_waypoints_completed": 9, "tot_waypoints": 9}}
{"target": -170.8319149360016, "params": {"k_pid_pos": [1.2372460583799993, 0.005129654906599332, 0.9201354209360586], "k_pid_alt": [1.3816289260126178, 0.002367436715142139, 0.012262032030345114], "k_pid_att": [12.24380849184208, 0.1448640401287741, 0.25294394226634076], "k_pid_yaw": [0.5, 1e-06, 0.1], "k_pid_hsp": [0.10435003572441348, 0.01688125704725312, 0.0], "k_pid_vsp": [291.509456878701, 358.3184540756526, 1.3007857475221227]}, "datetime": {"datetime": "2025-08-21 18:37:04", "elapsed": 35541.137023448944, "delta": 16.46949601173401}, "costs": {"total_cost": 170.8319149360016, "time_cost": 72.096, "final_distance_cost": 1.8561289573346225, "oscillation_cost": 26.676015532762893, "completition_cost": 0.0, "overshoot_cost": 50.354754286073884, "power_cost": 9.47128876953125, "noise_cost": 10.377727390298961, "n_waypoints_completed": 9, "tot_waypoints": 9}}
{"target": -186.39519413421576, "params": {"k_pid_pos": [0.9628945110003094, 0.0063428741499941725, 0.9205207253249933], "k_pid_alt": [1.9902316356761762, 0.0030907863656014327, 0.01180711539788818], "k_pid_att": [11.363789127558588, 0.19927796909786988, 0.2899885464106586], "k_pid_yaw": [0.5, 1e-06, 0.1], "k_pid_hsp": [0.13105887953839662, 0.023000563410979086, 0.0], "k_pid_vsp": [197.4266352330458, 283.8956270613664, 0.9806399040201565]}, "datetime": {"datetime": "2025-08-21 18:37:23", "elapsed": 35560.273159980774, "delta": 19.136136531829834}, "costs": {"total_cost": 186.39519413421576, "time_cost": 78.752, "final_distance_cost": 1.8565485766313772, "oscillation_cost": 26.924898469287104, "completition_cost": 0.0, "overshoot_cost": 50.831181618112716, "power_cost": 14.188549841308594, "noise_cost": 13.842015628875966, "n_waypoints_completed": 9, "tot_waypoints": 9}}
{"target": -175.0782963889549, "params": {"k_pid_pos": [1.8922226987515989, 0.006926285214059478, 1.0], "k_pid_alt": [1.5704827649460806, 0.002716523172358287, 0.01688114046397371], "k_pid_att": [10.635726710652497, 0.12921215074905754, 0.3390099489092604], "k_pid_yaw": [0.5, 1e-06, 0.1], "k_pid_hsp": [0.1359813782248659, 0.013168524859234544, 0.0], "k_pid_vsp": [230.24381996932357, 200.48409702372473, 0.9569261554813074]}, "datetime": {"datetime": "2025-08-21 18:37:40", "elapsed": 35576.461970329285, "delta": 16.188810348510742}, "costs": {"total_cost": 175.0782963889549, "time_cost": 69.896, "final_distance_cost": 1.8451118881114885, "oscillation_cost": 28.33776423431698, "completition_cost": 0.0, "overshoot_cost": 50.71087487942281, "power_cost": 12.628051074218751, "noise_cost": 11.660494312884891, "n_waypoints_completed": 9, "tot_waypoints": 9}}
{"target": -171.34944651362548, "params": {"k_pid_pos": [1.4130953110502584, 0.007203539656235564, 0.8989107895775718], "k_pid_alt": [2.0, 0.0026542666200007614, 0.014175429990070265], "k_pid_att": [14.332509969385434, 0.1423649773560506, 0.3016837130293153], "k_pid_yaw": [0.5, 1e-06, 0.1], "k_pid_hsp": [0.18888772443363033, 0.02154519313349818, 0.0], "k_pid_vsp": [289.0129508097368, 226.95615896988292, 0.935977621736872]}, "datetime": {"datetime": "2025-08-21 18:37:57", "elapsed": 35593.84034752846, "delta": 17.378377199172974}, "costs": {"total_cost": 171.34944651362548, "time_cost": 70.544, "final_distance_cost": 1.8430442307706465, "oscillation_cost": 26.95965675912426, "completition_cost": 0.0, "overshoot_cost": 49.8794343905331, "power_cost": 11.125341540527344, "noise_cost": 10.99796959267012, "n_waypoints_completed": 9, "tot_waypoints": 9}}
{"target": -176.01041600495185, "params": {"k_pid_pos": [1.4477393931443976, 0.008650420126924206, 0.9828350277959986], "k_pid_alt": [1.782844428859737, 0.003258714494508485, 0.016015160617434233], "k_pid_att": [11.216342660706687, 0.153710097404257, 0.3166099585302011], "k_pid_yaw": [0.5, 1e-06, 0.1], "k_pid_hsp": [0.15367431303004392, 0.016935243362466604, 0.0], "k_pid_vsp": [206.20884060150385, 295.14443445122, 1.2804806355931317]}, "datetime": {"datetime": "2025-08-21 18:38:13", "elapsed": 35610.32237410545, "delta": 16.48202657699585}, "costs": {"total_cost": 176.01041600495185, "time_cost": 70.712, "final_distance_cost": 1.8518884188678857, "oscillation_cost": 27.124872569595755, "completition_cost": 0.0, "overshoot_cost": 50.19960888141189, "power_cost": 13.657179772949219, "noise_cost": 12.464866362127115, "n_waypoints_completed": 9, "tot_waypoints": 9}}
{"target": -177.39566523633607, "params": {"k_pid_pos": [1.6266843010992451, 0.006905481074896897, 1.0], "k_pid_alt": [1.8979694698807243, 0.002651593632659469, 0.013042913792783994], "k_pid_att": [11.501369660184238, 0.1282448130206654, 0.2826963350139409], "k_pid_yaw": [0.5, 1e-06, 0.1], "k_pid_hsp": [0.16701540300378723, 0.016376764427811944, 0.0], "k_pid_vsp": [289.17584980229907, 202.16456635159815, 0.9920928022371268]}, "datetime": {"datetime": "2025-08-21 18:38:33", "elapsed": 35629.75181722641, "delta": 19.42944312095642}, "costs": {"total_cost": 177.39566523633607, "time_cost": 70.408, "final_distance_cost": 1.8435902535880704, "oscillation_cost": 27.914307181546526, "completition_cost": 0.0, "overshoot_cost": 49.929413732237194, "power_cost": 14.406197900390625, "noise_cost": 12.894156168573648, "n_waypoints_completed": 9, "tot_waypoints": 9}}
{"target": -173.63730496795313, "params": {"k_pid_pos": [1.890210445351877, 0.007486425542777053, 0.9925071384381882], "k_pid_alt": [2.0, 0.0031512871705175684, 0.007972995595301938], "k_pid_att": [11.326428272964243, 0.17352082268017477, 0.34885331420022486], "k_pid_yaw": [0.5, 1e-06, 0.1], "k_pid_hsp": [0.15356446680587607, 0.018113990672823127, 0.0], "k_pid_vsp": [246.59524481677883, 268.84991774012747, 1.0357051563918105]}, "datetime": {"datetime": "2025-08-21 18:38:50", "elapsed": 35646.77188205719, "delta": 17.02006483078003}, "costs": {"total_cost": 173.63730496795313, "time_cost": 69.816, "final_distance_cost": 1.847059218032382, "oscillation_cost": 28.437497283170533, "completition_cost": 0.0, "overshoot_cost": 50.473118421854934, "power_cost": 11.935516589355469, "noise_cost": 11.128113455539781, "n_waypoints_completed": 9, "tot_waypoints": 9}}
{"target": -173.04079616445384, "params": {"k_pid_pos": [1.2722390587586299, 0.009226481225488149, 0.8459606441949107], "k_pid_alt": [2.0, 0.0025652524609588107, 0.010264870666671241], "k_pid_att": [10.8009209647429, 0.1583591506539622, 0.24941753161269986], "k_pid_yaw": [0.5, 1e-06, 0.1], "k_pid_hsp": [0.1556963720007359, 0.017442646991033248, 0.0], "k_pid_vsp": [221.53831457560352, 372.66964560383025, 1.0708130130332612]}, "datetime": {"datetime": "2025-08-21 18:39:08", "elapsed": 35665.248660326004, "delta": 18.476778268814087}, "costs": {"total_cost": 173.04079616445384, "time_cost": 70.776, "final_distance_cost": 1.842164864423025, "oscillation_cost": 27.87612424098364, "completition_cost": 0.0, "overshoot_cost": 49.89716923367095, "power_cost": 11.332098559570314, "noise_cost": 11.317239265805922, "n_waypoints_completed": 9, "tot_waypoints": 9}}
{"target": -171.61802394242255, "params": {"k_pid_pos": [1.6195846941777614, 0.006438054558683996, 0.813169435162168], "k_pid_alt": [1.7487370960269797, 0.0027244751112994493, 0.010079035063828035], "k_pid_att": [9.195210237954926, 0.18405016358273726, 0.25687899687736876], "k_pid_yaw": [0.5, 1e-06, 0.1], "k_pid_hsp": [0.13435905450127975, 0.014856693270434157, 0.0], "k_pid_vsp": [295.51711160234055, 268.0905494444435, 0.8842940165105858]}, "datetime": {"datetime": "2025-08-21 18:39:24", "elapsed": 35681.342267513275, "delta": 16.093607187271118}, "costs": {"total_cost": 171.61802394242255, "time_cost": 69.06400000000001, "final_distance_cost": 1.8357971144062197, "oscillation_cost": 28.40191727456997, "completition_cost": 0.0, "overshoot_cost": 50.297624686002386, "power_cost": 11.24399119873047, "noise_cost": 10.77469366871349, "n_waypoints_completed": 9, "tot_waypoints": 9}}
{"target": -174.53222729074665, "params": {"k_pid_pos": [1.609869280672072, 0.005682014601192863, 0.8418303996008657], "k_pid_alt": [1.929717640841486, 0.003218699406726016, 0.01048960208077703], "k_pid_att": [14.850693245047244, 0.1473757194609548, 0.33362139603434343], "k_pid_yaw": [0.5, 1e-06, 0.1], "k_pid_hsp": [0.18195743948215423, 0.013303906779556918, 0.0], "k_pid_vsp": [239.71928792456052, 239.47804661614433, 0.9522251394212007]}, "datetime": {"datetime": "2025-08-21 18:39:43", "elapsed": 35699.56813979149, "delta": 18.2258722782135}, "costs": {"total_cost": 174.53222729074665, "time_cost": 70.136, "final_distance_cost": 1.8476831578420707, "oscillation_cost": 27.313435709542514, "completition_cost": 0.0, "overshoot_cost": 50.51117711979807, "power_cost": 13.03245703125, "noise_cost": 11.691474272313995, "n_waypoints_completed": 9, "tot_waypoints": 9}}
{"target": -173.63905716493068, "params": {"k_pid_pos": [1.4359691358957978, 0.008051011910231038, 0.9323295902748946], "k_pid_alt": [1.6103280905610646, 0.0023233277697628906, 0.012657698278135829], "k_pid_att": [10.824098139992222, 0.19296808992571027, 0.30973574457125724], "k_pid_yaw": [0.5, 1e-06, 0.1], "k_pid_hsp": [0.15778261664909277, 0.019423972804624174, 0.0], "k_pid_vsp": [284.4165189730686, 304.9020348432282, 1.1567354065153745]}, "datetime": {"datetime": "2025-08-21 18:40:00", "elapsed": 35716.982374191284, "delta": 17.414234399795532}, "costs": {"total_cost": 173.63905716493068, "time_cost": 70.4, "final_distance_cost": 1.8525000952968067, "oscillation_cost": 27.20594999024723, "completition_cost": 0.0, "overshoot_cost": 49.67666355634749, "power_cost": 12.584145959472657, "noise_cost": 11.919797563566478, "n_waypoints_completed": 9, "tot_waypoints": 9}}
{"target": -172.16880365086774, "params": {"k_pid_pos": [1.908095288908201, 0.006531393336995778, 0.7978354706899594], "k_pid_alt": [1.8802241672278521, 0.003078532260204482, 0.014201168118352411], "k_pid_att": [11.749146644774896, 0.19792350292840769, 0.32044264632590763], "k_pid_yaw": [0.5, 1e-06, 0.1], "k_pid_hsp": [0.21047408126588205, 0.021524427104934213, 0.0], "k_pid_vsp": [238.82984379230706, 260.8140338179233, 0.8253590902518435]}, "datetime": {"datetime": "2025-08-21 18:40:17", "elapsed": 35733.6977660656, "delta": 16.715391874313354}, "costs": {"total_cost": 172.16880365086774, "time_cost": 68.8, "final_distance_cost": 1.8296576121986927, "oscillation_cost": 30.477843846147877, "completition_cost": 0.0, "overshoot_cost": 49.78107157671564, "power_cost": 10.832997607421875, "noise_cost": 10.447233008383675, "n_waypoints_completed": 9, "tot_waypoints": 9}}
{"target": -180.13532983822262, "params": {"k_pid_pos": [2.0, 0.006336654639029709, 0.9089034901793775], "k_pid_alt": [2.0, 0.002559412648196807, 0.01460841665941287], "k_pid_att": [12.23778712076026, 0.15266832079087722, 0.27231185860174034], "k_pid_yaw": [0.5, 1e-06, 0.1], "k_pid_hsp": [0.14380426140471694, 0.018824372597473434, 0.0], "k_pid_vsp": [297.713085739768, 256.0239882594631, 1.044993758315368]}, "datetime": {"datetime": "2025-08-21 18:40:34", "elapsed": 35750.455424547195, "delta": 16.7576584815979}, "costs": {"total_cost": 180.13532983822262, "time_cost": 69.768, "final_distance_cost": 1.8292130139038776, "oscillation_cost": 30.33704548207516, "completition_cost": 0.0, "overshoot_cost": 51.08602084975233, "power_cost": 14.605218139648438, "noise_cost": 12.50983235284284, "n_waypoints_completed": 9, "tot_waypoints": 9}}
{"target": -172.03113371453378, "params": {"k_pid_pos": [1.738950278080696, 0.00784284255021637, 0.9115554796813846], "k_pid_alt": [2.0, 0.002789358505763523, 0.012089547193612724], "k_pid_att": [11.141489971867252, 0.1716701376271743, 0.2989891498564276], "k_pid_yaw": [0.5, 1e-06, 0.1], "k_pid_hsp": [0.13925164990938152, 0.019376379663384846, 0.0], "k_pid_vsp": [266.30836635371946, 330.9228894808802, 0.6046903037289947]}, "datetime": {"datetime": "2025-08-21 18:40:49", "elapsed": 35766.253836631775, "delta": 15.798412084579468}, "costs": {"total_cost": 172.03113371453378, "time_cost": 69.896, "final_distance_cost": 1.83249228141265, "oscillation_cost": 28.243356429460235, "completition_cost": 0.0, "overshoot_cost": 49.976322656138386, "power_cost": 11.28976082763672, "noise_cost": 10.793201519885795, "n_waypoints_completed": 9, "tot_waypoints": 9}}
{"target": -173.34120573698354, "params": {"k_pid_pos": [1.7443315976471772, 0.005258248073781449, 1.0], "k_pid_alt": [2.0, 0.00275776022863441, 0.009380176519108522], "k_pid_att": [13.201784018968306, 0.15790900502153854, 0.28973873923685883], "k_pid_yaw": [0.5, 1e-06, 0.1], "k_pid_hsp": [0.1623005802814321, 0.02491274133804507, 0.0], "k_pid_vsp": [295.5503761097714, 275.43489144705956, 0.9976487116619545]}, "datetime": {"datetime": "2025-08-21 18:41:07", "elapsed": 35784.15918159485, "delta": 17.90534496307373}, "costs": {"total_cost": 173.34120573698354, "time_cost": 69.736, "final_distance_cost": 1.8417893818679854, "oscillation_cost": 28.49947524817459, "completition_cost": 0.0, "overshoot_cost": 49.61442108561641, "power_cost": 12.16124129638672, "noise_cost": 11.488278724937834, "n_waypoints_completed": 9, "tot_waypoints": 9}}
