{"target": -170.25180749240934, "params": {"k_pid_pos": [1.7196103586970366, 0.0064955623031160885, 0.8778375440424608], "k_pid_alt": [1.848423442410418, 0.002741656999818302, 0.012696322856754282], "k_pid_att": [11.487115136985333, 0.1647778430629205, 0.34626545594181923], "k_pid_yaw": [0.5, 1e-06, 0.1], "k_pid_hsp": [0.1552553881649642, 0.017457984844841977, 0.0], "k_pid_vsp": [301.47646150574974, 281.1232240735117, 0.9208327993243922]}, "datetime": {"datetime": "2025-08-21 20:05:56", "elapsed": 40872.530618190765, "delta": 15.982711791992188}, "costs": {"total_cost": 170.25180749240934, "time_cost": 69.416, "final_distance_cost": 1.8433580496466935, "oscillation_cost": 28.203154163899008, "completition_cost": 0.0, "overshoot_cost": 49.95635956449876, "power_cost": 10.454730029296876, "noise_cost": 10.37820568506799, "n_waypoints_completed": 9, "tot_waypoints": 9}}
{"target": -179.66801805749878, "params": {"k_pid_pos": [1.4032310053470314, 0.0067793716721274095, 0.8898814356052044], "k_pid_alt": [1.4631618010853797, 0.0027687584739008084, 0.014123047322307937], "k_pid_att": [11.863145983444943, 0.1689796172767545, 0.30866550472181603], "k_pid_yaw": [0.5, 1e-06, 0.1], "k_pid_hsp": [0.17577128807787612, 0.018648171958626784, 0.0], "k_pid_vsp": [261.3219099014748, 202.25474337207274, 1.189562895915626]}, "datetime": {"datetime": "2025-08-21 20:06:14", "elapsed": 40890.60274267197, "delta": 18.072124481201172}, "costs": {"total_cost": 179.66801805749878, "time_cost": 71.568, "final_distance_cost": 1.846119361279036, "oscillation_cost": 27.33188047834331, "completition_cost": 0.0, "overshoot_cost": 51.030263498995474, "power_cost": 14.855452319335939, "noise_cost": 13.036302399545049, "n_waypoints_completed": 9, "tot_waypoints": 9}}
{"target": -171.99845783824748, "params": {"k_pid_pos": [1.4452327256914852, 0.006447768705480399, 1.0], "k_pid_alt": [2.0, 0.002506031920677156, 0.012381896546743903], "k_pid_att": [11.278331025772452, 0.13378762567366928, 0.3236644049467918], "k_pid_yaw": [0.5, 1e-06, 0.1], "k_pid_hsp": [0.15659846232645103, 0.018673853066351696, 0.0], "k_pid_vsp": [247.56569967970492, 278.74677199302135, 1.1079024893465246]}, "datetime": {"datetime": "2025-08-21 20:06:30", "elapsed": 40906.91580700874, "delta": 16.313064336776733}, "costs": {"total_cost": 171.99845783824748, "time_cost": 70.848, "final_distance_cost": 1.847863069762808, "oscillation_cost": 26.713047576359468, "completition_cost": 0.0, "overshoot_cost": 50.184920533899785, "power_cost": 11.436160363769531, "noise_cost": 10.96846629445588, "n_waypoints_completed": 9, "tot_waypoints": 9}}
{"target": -170.79292830680504, "params": {"k_pid_pos": [1.6362829137676107, 0.008074044584483528, 0.9693022367402796], "k_pid_alt": [1.7869062269589149, 0.0031782723294048513, 0.01292057146701145], "k_pid_att": [12.797895709080686, 0.13936628298927603, 0.31874728777644584], "k_pid_yaw": [0.5, 1e-06, 0.1], "k_pid_hsp": [0.1591705351838583, 0.018238587559674627, 0.0], "k_pid_vsp": [276.52193517218393, 263.31416584325655, 1.1185558849500705]}, "datetime": {"datetime": "2025-08-21 20:06:47", "elapsed": 40924.29683423042, "delta": 17.381027221679688}, "costs": {"total_cost": 170.79292830680504, "time_cost": 69.544, "final_distance_cost": 1.8374899251457175, "oscillation_cost": 27.699035585410286, "completition_cost": 0.0, "overshoot_cost": 49.98417023442688, "power_cost": 10.966092895507813, "noise_cost": 10.762139666314345, "n_waypoints_completed": 9, "tot_waypoints": 9}}
{"target": -174.98795758006597, "params": {"k_pid_pos": [1.570901841791681, 0.007354339535364805, 1.0], "k_pid_alt": [2.0, 0.00266871598415728, 0.010875191270557851], "k_pid_att": [11.219155036399814, 0.1698224872980556, 0.2834796632486091], "k_pid_yaw": [0.5, 1e-06, 0.1], "k_pid_hsp": [0.14436261920646365, 0.02375950812972776, 0.0], "k_pid_vsp": [254.2041036593229, 267.2503100857931, 1.158795830655415]}, "datetime": {"datetime": "2025-08-21 20:07:04", "elapsed": 40940.49226307869, "delta": 16.1954288482666}, "costs": {"total_cost": 174.98795758006597, "time_cost": 70.288, "final_distance_cost": 1.8443331294999832, "oscillation_cost": 27.566211750737693, "completition_cost": 0.0, "overshoot_cost": 49.739045244410136, "power_cost": 13.297027282714845, "noise_cost": 12.253340172703302, "n_waypoints_completed": 9, "tot_waypoints": 9}}
{"target": -172.49405058353923, "params": {"k_pid_pos": [1.5224923870169997, 0.007953317030805339, 0.8000088122182083], "k_pid_alt": [1.8894666478434896, 0.0028745843282687276, 0.012450643727863182], "k_pid_att": [10.586676353883895, 0.17016542299743187, 0.32234563173553127], "k_pid_yaw": [0.5, 1e-06, 0.1], "k_pid_hsp": [0.12464262303066408, 0.015213014828217422, 0.0], "k_pid_vsp": [262.02807293715495, 193.54728541619718, 1.1237800284764907]}, "datetime": {"datetime": "2025-08-21 20:07:21", "elapsed": 40957.95454835892, "delta": 17.46228528022766}, "costs": {"total_cost": 172.49405058353923, "time_cost": 70.056, "final_distance_cost": 1.841825315891489, "oscillation_cost": 27.117436088445974, "completition_cost": 0.0, "overshoot_cost": 50.752793367858416, "power_cost": 11.73631531982422, "noise_cost": 10.989680491519165, "n_waypoints_completed": 9, "tot_waypoints": 9}}
{"target": -172.98751894733843, "params": {"k_pid_pos": [1.7193579320270038, 0.006246516228625323, 1.0], "k_pid_alt": [1.848437065218518, 0.0022336491616704187, 0.012483566783774734], "k_pid_att": [10.531401582577645, 0.18278352416361368, 0.3605433001666511], "k_pid_yaw": [0.5, 1e-06, 0.1], "k_pid_hsp": [0.1416979589418299, 0.01906010952770858, 0.0], "k_pid_vsp": [263.3891554917739, 214.20351723277227, 1.154418441307285]}, "datetime": {"datetime": "2025-08-21 20:07:37", "elapsed": 40973.87856268883, "delta": 15.924014329910278}, "costs": {"total_cost": 172.98751894733843, "time_cost": 70.104, "final_distance_cost": 1.8506279139957758, "oscillation_cost": 27.146098525292313, "completition_cost": 0.0, "overshoot_cost": 50.33843878893913, "power_cost": 12.17849998779297, "noise_cost": 11.369853731318223, "n_waypoints_completed": 9, "tot_waypoints": 9}}
{"target": -184.6659921434216, "params": {"k_pid_pos": [1.4364513490440558, 0.006239383205047915, 0.8477319806381937], "k_pid_alt": [1.9410519394613368, 0.002767165092518784, 0.01385416491588636], "k_pid_att": [13.014761577654445, 0.16937266575499985, 0.25857505910140965], "k_pid_yaw": [0.5, 1e-06, 0.1], "k_pid_hsp": [0.1739414216059588, 0.01734530098717809, 0.0], "k_pid_vsp": [275.60255654175495, 274.4701799159659, 0.9893113363494637]}, "datetime": {"datetime": "2025-08-21 20:07:58", "elapsed": 40994.47482585907, "delta": 20.59626317024231}, "costs": {"total_cost": 184.6659921434216, "time_cost": 71.584, "final_distance_cost": 1.8485335180696854, "oscillation_cost": 28.57634156083752, "completition_cost": 0.0, "overshoot_cost": 51.62190929489201, "power_cost": 16.80878405761719, "noise_cost": 14.226423712005161, "n_waypoints_completed": 9, "tot_waypoints": 9}}
{"target": -178.37654547110927, "params": {"k_pid_pos": [1.7218220576609762, 0.0074826012874790486, 0.9912199045028577], "k_pid_alt": [2.0, 0.0032615199326046936, 0.01415235247820184], "k_pid_att": [9.631610628263704, 0.13731089064422572, 0.2796031300958741], "k_pid_yaw": [0.5, 1e-06, 0.1], "k_pid_hsp": [0.13779532991598567, 0.018562738394449416, 0.0], "k_pid_vsp": [252.920186763337, 239.37865487668182, 1.0761824265521127]}, "datetime": {"datetime": "2025-08-21 20:08:19", "elapsed": 41016.05659031868, "delta": 21.581764459609985}, "costs": {"total_cost": 178.37654547110927, "time_cost": 70.352, "final_distance_cost": 1.8498662857438573, "oscillation_cost": 27.930306631217565, "completition_cost": 0.0, "overshoot_cost": 51.150508586504934, "power_cost": 14.327146740722657, "noise_cost": 12.766717226920237, "n_waypoints_completed": 9, "tot_waypoints": 9}}
{"target": -168.03747834340965, "params": {"k_pid_pos": [1.4638575416340982, 0.006950820923602083, 0.874676779792558], "k_pid_alt": [1.88408449786989, 0.002929800088788164, 0.01261491705928222], "k_pid_att": [9.230134547361951, 0.2089576657800765, 0.3867740803344555], "k_pid_yaw": [0.5, 1e-06, 0.1], "k_pid_hsp": [0.1293642533383792, 0.02032860817510154, 0.0], "k_pid_vsp": [260.1465189529904, 251.42300665700782, 1.006519637377808]}, "datetime": {"datetime": "2025-08-21 20:08:37", "elapsed": 41034.1486184597, "delta": 18.09202814102173}, "costs": {"total_cost": 168.03747834340965, "time_cost": 69.672, "final_distance_cost": 1.8411026552339307, "oscillation_cost": 27.58185595888129, "completition_cost": 0.0, "overshoot_cost": 49.03717050764248, "power_cost": 9.660446936035157, "noise_cost": 10.244902285616815, "n_waypoints_completed": 9, "tot_waypoints": 9}}
{"target": -173.5360437051288, "params": {"k_pid_pos": [1.385919663447645, 0.005243394558385701, 0.8326739306790297], "k_pid_alt": [2.0, 0.0027455431368720207, 0.01269705142288863], "k_pid_att": [11.828430579070508, 0.19283640191878637, 0.36082808832511426], "k_pid_yaw": [0.5, 1e-06, 0.1], "k_pid_hsp": [0.1638504366774283, 0.019752986017557757, 0.0], "k_pid_vsp": [272.8669737907779, 294.8395368256303, 1.1412725559380532]}, "datetime": {"datetime": "2025-08-21 20:08:54", "elapsed": 41050.58484959602, "delta": 16.43623113632202}, "costs": {"total_cost": 173.5360437051288, "time_cost": 70.688, "final_distance_cost": 1.8495097571770693, "oscillation_cost": 26.763327102424807, "completition_cost": 0.0, "overshoot_cost": 50.25388536824924, "power_cost": 12.469555712890626, "noise_cost": 11.511765764387045, "n_waypoints_completed": 9, "tot_waypoints": 9}}
{"target": -180.18456500104162, "params": {"k_pid_pos": [1.6831854740188457, 0.007166879467770404, 0.9423438290369872], "k_pid_alt": [1.7741486416547927, 0.0030108696678167145, 0.011161425329650677], "k_pid_att": [13.391557363454043, 0.15404438759986686, 0.34862054545765503], "k_pid_yaw": [0.5, 1e-06, 0.1], "k_pid_hsp": [0.15936542853169225, 0.01656462747430582, 0.0], "k_pid_vsp": [240.78104383570908, 258.2331555383477, 1.0012983795391692]}, "datetime": {"datetime": "2025-08-21 20:09:11", "elapsed": 41067.47877860069, "delta": 16.89392900466919}, "costs": {"total_cost": 180.18456500104162, "time_cost": 70.592, "final_distance_cost": 1.8470542052288557, "oscillation_cost": 28.70865768394414, "completition_cost": 0.0, "overshoot_cost": 51.362579112798166, "power_cost": 14.882582727050782, "noise_cost": 12.79169127201967, "n_waypoints_completed": 9, "tot_waypoints": 9}}
{"target": -173.21944717473926, "params": {"k_pid_pos": [1.8659488280364922, 0.007141667234864803, 0.8752540414224471], "k_pid_alt": [1.6233410135828452, 0.0029170226085619903, 0.014248589369046133], "k_pid_att": [13.644769942232372, 0.18052176442766113, 0.38367031394762763], "k_pid_yaw": [0.5, 1e-06, 0.1], "k_pid_hsp": [0.17980362058165641, 0.01817820896681704, 0.0], "k_pid_vsp": [257.98380026018987, 238.19174159178988, 1.0696682094706524]}, "datetime": {"datetime": "2025-08-21 20:09:27", "elapsed": 41084.171676158905, "delta": 16.69289755821228}, "costs": {"total_cost": 173.21944717473926, "time_cost": 69.496, "final_distance_cost": 1.8335178831137677, "oscillation_cost": 28.896848612210228, "completition_cost": 0.0, "overshoot_cost": 50.43139785565214, "power_cost": 11.641953186035156, "noise_cost": 10.919729637727986, "n_waypoints_completed": 9, "tot_waypoints": 9}}
{"target": -174.1504907828524, "params": {"k_pid_pos": [1.6731097151564587, 0.007571161011551151, 0.9956248126390381], "k_pid_alt": [2.0, 0.0024535355875181155, 0.013109234296318334], "k_pid_att": [12.106869324944041, 0.1885026177220451, 0.36812453614547275], "k_pid_yaw": [0.5, 1e-06, 0.1], "k_pid_hsp": [0.16280040551518427, 0.01865544733706996, 0.0], "k_pid_vsp": [311.9894984410886, 217.3463814202913, 1.1151630989473995]}, "datetime": {"datetime": "2025-08-21 20:09:43", "elapsed": 41100.194069862366, "delta": 16.022393703460693}, "costs": {"total_cost": 174.1504907828524, "time_cost": 70.232, "final_distance_cost": 1.8370121479495674, "oscillation_cost": 27.400856602029858, "completition_cost": 0.0, "overshoot_cost": 50.42998453334222, "power_cost": 12.44329891357422, "noise_cost": 11.807338585956535, "n_waypoints_completed": 9, "tot_waypoints": 9}}
{"target": -167.62773031343326, "params": {"k_pid_pos": [1.8536105090059225, 0.0070883083491035, 0.8081376200286167], "k_pid_alt": [2.0, 0.0026750354330604287, 0.012073498269923355], "k_pid_att": [9.623909260150564, 0.19165896857252315, 0.3683087082715113], "k_pid_yaw": [0.5, 1e-06, 0.1], "k_pid_hsp": [0.14509949499210403, 0.014736377159851462, 0.0], "k_pid_vsp": [254.00053330590995, 239.46936218395078, 0.9345584455260051]}, "datetime": {"datetime": "2025-08-21 20:10:01", "elapsed": 41118.4153342247, "delta": 18.221264362335205}, "costs": {"total_cost": 167.62773031343326, "time_cost": 68.70400000000001, "final_distance_cost": 1.8311017901037185, "oscillation_cost": 29.894190098682472, "completition_cost": 0.0, "overshoot_cost": 49.97973223781424, "power_cost": 8.20624989013672, "noise_cost": 9.01245629669612, "n_waypoints_completed": 9, "tot_waypoints": 9}}
{"target": -172.55891393506477, "params": {"k_pid_pos": [1.5653437241101305, 0.00868056276588564, 1.0], "k_pid_alt": [1.9239234080306409, 0.0028098394153180414, 0.013126888644869042], "k_pid_att": [10.946830647558686, 0.17614930537627094, 0.33857721792300816], "k_pid_yaw": [0.5, 1e-06, 0.1], "k_pid_hsp": [0.17400360342415447, 0.017542984535853543, 0.0], "k_pid_vsp": [240.94028124345655, 235.35743908537617, 1.1225343313952487]}, "datetime": {"datetime": "2025-08-21 20:10:18", "elapsed": 41134.47985935211, "delta": 16.06452512741089}, "costs": {"total_cost": 172.55891393506477, "time_cost": 70.304, "final_distance_cost": 1.845209175943454, "oscillation_cost": 27.30364864084449, "completition_cost": 0.0, "overshoot_cost": 49.749657504786285, "power_cost": 12.09583046875, "noise_cost": 11.26056814474055, "n_waypoints_completed": 9, "tot_waypoints": 9}}
{"target": -171.16775650849834, "params": {"k_pid_pos": [1.7703332995265944, 0.006623422040919855, 1.0], "k_pid_alt": [2.0, 0.0028817701786923544, 0.013264335717457332], "k_pid_att": [9.091702396501685, 0.21821111675812202, 0.2459418053741674], "k_pid_yaw": [0.5, 1e-06, 0.1], "k_pid_hsp": [0.21028421882640927, 0.01730595858463972, 0.0], "k_pid_vsp": [276.64699606439626, 325.78437711604624, 0.9576349887104255]}, "datetime": {"datetime": "2025-08-21 20:10:34", "elapsed": 41150.949709415436, "delta": 16.469850063323975}, "costs": {"total_cost": 171.16775650849834, "time_cost": 69.592, "final_distance_cost": 1.8483368883706108, "oscillation_cost": 28.433855688487853, "completition_cost": 0.0, "overshoot_cost": 49.813169237897114, "power_cost": 10.74295057373047, "noise_cost": 10.73744412001231, "n_waypoints_completed": 9, "tot_waypoints": 9}}
{"target": -174.92600211518356, "params": {"k_pid_pos": [1.6962011415172935, 0.008945905634530621, 0.7870272797455627], "k_pid_alt": [1.7815814893942516, 0.003018124690449831, 0.012753718504547087], "k_pid_att": [12.131343473547938, 0.1650254796528342, 0.2951165186592377], "k_pid_yaw": [0.5, 1e-06, 0.1], "k_pid_hsp": [0.1821708855698918, 0.018201391027921714, 0.0], "k_pid_vsp": [233.57789786206058, 221.90441371543307, 0.9515173927835002]}, "datetime": {"datetime": "2025-08-21 20:10:51", "elapsed": 41168.04685330391, "delta": 17.09714388847351}, "costs": {"total_cost": 174.92600211518356, "time_cost": 69.608, "final_distance_cost": 1.8457856875994494, "oscillation_cost": 28.672700982153295, "completition_cost": 0.0, "overshoot_cost": 49.79015452248441, "power_cost": 13.087608715820313, "noise_cost": 11.921752207126081, "n_waypoints_completed": 9, "tot_waypoints": 9}}
{"target": -171.44076627266514, "params": {"k_pid_pos": [1.5373032698771951, 0.006169728373324153, 1.0], "k_pid_alt": [2.0, 0.002909783787533185, 0.011831077920091351], "k_pid_att": [12.818112549050722, 0.17039711262753557, 0.2766100362256054], "k_pid_yaw": [0.5, 1e-06, 0.1], "k_pid_hsp": [0.17020231907925662, 0.019417485307796984, 0.0], "k_pid_vsp": [236.95157466704504, 268.52328848784845, 1.187026953419054]}, "datetime": {"datetime": "2025-08-21 20:11:08", "elapsed": 41184.517664670944, "delta": 16.470811367034912}, "costs": {"total_cost": 171.44076627266514, "time_cost": 70.32000000000001, "final_distance_cost": 1.8495938316897078, "oscillation_cost": 27.438398146199606, "completition_cost": 0.0, "overshoot_cost": 49.87812795074066, "power_cost": 11.144706494140626, "noise_cost": 10.80993984989453, "n_waypoints_completed": 9, "tot_waypoints": 9}}
{"target": -181.99069134095902, "params": {"k_pid_pos": [1.7352981011671134, 0.007080813807358584, 0.7159275342326717], "k_pid_alt": [2.0, 0.0028652264125592266, 0.01258538130753206], "k_pid_att": [9.3471828022775, 0.15890133125363282, 0.2983159045467001], "k_pid_yaw": [0.5, 1e-06, 0.1], "k_pid_hsp": [0.1239884888737482, 0.015392148568647804, 0.0], "k_pid_vsp": [241.28732563874044, 238.09814094709182, 0.9578103999344364]}, "datetime": {"datetime": "2025-08-21 20:11:25", "elapsed": 41202.326657772064, "delta": 17.808993101119995}, "costs": {"total_cost": 181.99069134095902, "time_cost": 69.936, "final_distance_cost": 1.8296529876317127, "oscillation_cost": 30.088699545783992, "completition_cost": 0.0, "overshoot_cost": 51.146811567826, "power_cost": 15.732774523925782, "noise_cost": 13.256752715791533, "n_waypoints_completed": 9, "tot_waypoints": 9}}
{"target": -201.56061218439956, "params": {"k_pid_pos": [1.6746390642164604, 0.007083985757581036, 0.9081416731310803], "k_pid_alt": [2.0, 0.0028706811400426185, 0.01254878157818177], "k_pid_att": [13.095863113904223, 0.16519510667360707, 0.26904223608003525], "k_pid_yaw": [0.5, 1e-06, 0.1], "k_pid_hsp": [0.1885252882477888, 0.017695440018099803, 0.0], "k_pid_vsp": [238.08505095426844, 252.29738688707786, 1.0962979818450982]}, "datetime": {"datetime": "2025-08-21 20:11:44", "elapsed": 41220.5119869709, "delta": 18.18532919883728}, "costs": {"total_cost": 201.56061218439956, "time_cost": 77.776, "final_distance_cost": 1.8456559388543394, "oscillation_cost": 29.903377239360353, "completition_cost": 0.0, "overshoot_cost": 55.64205090297177, "power_cost": 18.56086854248047, "noise_cost": 17.832659560732612, "n_waypoints_completed": 9, "tot_waypoints": 9}}
{"target": -194.24919087057899, "params": {"k_pid_pos": [1.6541290865723257, 0.0072909508062508, 1.0], "k_pid_alt": [1.9606234949317265, 0.0022239765190915405, 0.013879702988125792], "k_pid_att": [10.737826899017625, 0.18749919100344636, 0.32628000287600833], "k_pid_yaw": [0.5, 1e-06, 0.1], "k_pid_hsp": [0.15565328918167634, 0.017362507118207526, 0.0], "k_pid_vsp": [278.45076574006674, 262.5213734408703, 1.0916212042465194]}, "datetime": {"datetime": "2025-08-21 20:12:03", "elapsed": 41239.496530056, "delta": 18.984543085098267}, "costs": {"total_cost": 194.24919087057899, "time_cost": 75.328, "final_distance_cost": 1.8468518869723296, "oscillation_cost": 29.46211495811471, "completition_cost": 0.0, "overshoot_cost": 53.550502108259195, "power_cost": 18.784907946777345, "noise_cost": 15.27681397045542, "n_waypoints_completed": 9, "tot_waypoints": 9}}
{"target": -168.81811570523797, "params": {"k_pid_pos": [1.3870971753040646, 0.006592468810041628, 0.9511718361440286], "k_pid_alt": [2.0, 0.0030332271540445994, 0.011805577360759684], "k_pid_att": [11.362873999097133, 0.1884167331356205, 0.28389222496053207], "k_pid_yaw": [0.5, 1e-06, 0.1], "k_pid_hsp": [0.17516622916197608, 0.01623139657122241, 0.0], "k_pid_vsp": [262.88822563346025, 262.94617385813905, 1.0918014374793634]}, "datetime": {"datetime": "2025-08-21 20:12:19", "elapsed": 41256.11632633209, "delta": 16.61979627609253}, "costs": {"total_cost": 168.81811570523797, "time_cost": 70.848, "final_distance_cost": 1.850346139250561, "oscillation_cost": 26.518377881808018, "completition_cost": 0.0, "overshoot_cost": 49.48312634387811, "power_cost": 9.798381860351563, "noise_cost": 10.319883479949704, "n_waypoints_completed": 9, "tot_waypoints": 9}}
{"target": -170.8018735450094, "params": {"k_pid_pos": [1.5865475383500425, 0.006727466656798565, 1.0], "k_pid_alt": [1.984012782784103, 0.002660946176823517, 0.013793176763589743], "k_pid_att": [12.325152765984457, 0.18049945401949752, 0.2963936373378189], "k_pid_yaw": [0.5, 1e-06, 0.1], "k_pid_hsp": [0.16096252471161124, 0.020115538082424677, 0.0], "k_pid_vsp": [229.79859011110295, 278.81737486531193, 1.0560667895360032]}, "datetime": {"datetime": "2025-08-21 20:12:37", "elapsed": 41273.52116179466, "delta": 17.40483546257019}, "costs": {"total_cost": 170.8018735450094, "time_cost": 69.848, "final_distance_cost": 1.840857216316181, "oscillation_cost": 27.863874777963243, "completition_cost": 0.0, "overshoot_cost": 49.85500961446627, "power_cost": 10.650151501464844, "noise_cost": 10.743980434798846, "n_waypoints_completed": 9, "tot_waypoints": 9}}
{"target": -179.10122941568312, "params": {"k_pid_pos": [1.5161295220028885, 0.005691663092116994, 0.9532471294353417], "k_pid_alt": [1.7307651612091142, 0.002630977508938882, 0.011276198949296023], "k_pid_att": [10.949610584816789, 0.1603533883939089, 0.3212544047606689], "k_pid_yaw": [0.5, 1e-06, 0.1], "k_pid_hsp": [0.14534269366260724, 0.018828725871941548, 0.0], "k_pid_vsp": [230.19704488831914, 210.2246709846385, 1.0697157045136747]}, "datetime": {"datetime": "2025-08-21 20:12:53", "elapsed": 41290.12066578865, "delta": 16.599503993988037}, "costs": {"total_cost": 179.10122941568312, "time_cost": 71.0, "final_distance_cost": 1.8522022103610762, "oscillation_cost": 27.228535723577636, "completition_cost": 0.0, "overshoot_cost": 50.6867827219576, "power_cost": 15.06058260498047, "noise_cost": 13.273126154806326, "n_waypoints_completed": 9, "tot_waypoints": 9}}
