{"target": -178.6337869304898, "params": {"k_pid_pos": [2.0, 0.005164314349840357, 0.9372292743769917], "k_pid_alt": [1.3024717500732568, 0.0011891377702071633, 0.014596813809996565], "k_pid_att": [16.55436153504192, 0.14170256239719906, 0.14812940750502399], "k_pid_yaw": [0.5, 1e-06, 0.1], "k_pid_hsp": [0.13823747195206137, 0.02089954798516766, 0.0], "k_pid_vsp": [313.7893917136976, 250.37916033318228, 1.365192677295742]}, "datetime": {"datetime": "2025-08-21 15:53:09", "elapsed": 25706.11239719391, "delta": 16.110846996307373}, "costs": {"total_cost": 178.6337869304898, "time_cost": 70.04, "final_distance_cost": 1.8420960206687853, "oscillation_cost": 29.73772327978164, "completition_cost": 0.0, "overshoot_cost": 50.525812297188786, "power_cost": 14.310744567871094, "noise_cost": 12.17741076497946, "n_waypoints_completed": 9, "tot_waypoints": 9}}
{"target": -169.41921269090395, "params": {"k_pid_pos": [1.7838148332548016, 0.013178543692322901, 0.7735855322093902], "k_pid_alt": [2.0, 0.0010814131548346063, 0.012605942278947546], "k_pid_att": [13.04579344513318, 0.12643322073560234, 0.16980344299535197], "k_pid_yaw": [0.5, 1e-06, 0.1], "k_pid_hsp": [0.18113374168060128, 0.008960590774364355, 0.0], "k_pid_vsp": [242.24674260119892, 266.5421887513644, 1.7296525670242906]}, "datetime": {"datetime": "2025-08-21 15:53:26", "elapsed": 25722.664167642593, "delta": 16.551770448684692}, "costs": {"total_cost": 169.41921269090395, "time_cost": 69.24, "final_distance_cost": 1.8235261931021214, "oscillation_cost": 28.79719950613873, "completition_cost": 0.0, "overshoot_cost": 50.37687150547145, "power_cost": 9.473506872558595, "noise_cost": 9.708108613633042, "n_waypoints_completed": 9, "tot_waypoints": 9}}
{"target": -174.09553908417485, "params": {"k_pid_pos": [1.5934907704808248, 0.005729153937730551, 0.7124216004708147], "k_pid_alt": [1.8434665009484732, 0.0037787866169773903, 0.007540361362395263], "k_pid_att": [11.151625022630464, 0.1864581255111921, 0.267216951912691], "k_pid_yaw": [0.5, 1e-06, 0.1], "k_pid_hsp": [0.16344758281686564, 0.009818286152312028, 0.0], "k_pid_vsp": [278.7252637088692, 269.03159775540627, 1.06352482947808]}, "datetime": {"datetime": "2025-08-21 15:53:42", "elapsed": 25739.092945814133, "delta": 16.428778171539307}, "costs": {"total_cost": 174.09553908417485, "time_cost": 69.72, "final_distance_cost": 1.8306086145277254, "oscillation_cost": 28.221309624046633, "completition_cost": 0.0, "overshoot_cost": 50.76673225260873, "power_cost": 12.24931883544922, "noise_cost": 11.307569757542517, "n_waypoints_completed": 9, "tot_waypoints": 9}}
{"target": -176.82603769898125, "params": {"k_pid_pos": [2.0, 0.022922977065989992, 0.7157103070397411], "k_pid_alt": [1.5078029972222204, 0.00450637681124913, 0.007783452719937291], "k_pid_att": [14.754341868607659, 0.2188458466097599, 0.3220542853729196], "k_pid_yaw": [0.5, 1e-06, 0.1], "k_pid_hsp": [0.1915748255659748, 0.018564608697636195, 0.0], "k_pid_vsp": [212.95641685892522, 318.0937870227698, 0.9279943201489725]}, "datetime": {"datetime": "2025-08-21 15:53:58", "elapsed": 25754.734398841858, "delta": 15.64145302772522}, "costs": {"total_cost": 176.82603769898125, "time_cost": 69.008, "final_distance_cost": 1.8088653456361947, "oscillation_cost": 30.122007304497785, "completition_cost": 0.0, "overshoot_cost": 50.147532111121166, "power_cost": 13.766520568847657, "noise_cost": 11.973112368878454, "n_waypoints_completed": 9, "tot_waypoints": 9}}
{"target": -176.84646186197753, "params": {"k_pid_pos": [1.9814771081139142, 0.01546961625734547, 1.0], "k_pid_alt": [1.4469491858075292, 0.003270207240531593, 0.010919338943983706], "k_pid_att": [10.461242894432553, 0.13061436462738282, 0.22557566335751159], "k_pid_yaw": [0.5, 1e-06, 0.1], "k_pid_hsp": [0.17049994868258533, 0.013515832885535867, 0.0], "k_pid_vsp": [200.75363471778664, 283.219564655188, 1.3853650904818047]}, "datetime": {"datetime": "2025-08-21 15:54:15", "elapsed": 25772.07429909706, "delta": 17.339900255203247}, "costs": {"total_cost": 176.84646186197753, "time_cost": 69.696, "final_distance_cost": 1.8424755081890205, "oscillation_cost": 29.043320938281102, "completition_cost": 0.0, "overshoot_cost": 50.53832896293392, "power_cost": 13.673675366210938, "noise_cost": 12.052661086362535, "n_waypoints_completed": 9, "tot_waypoints": 9}}
{"target": -168.53933260897946, "params": {"k_pid_pos": [1.6931835609390407, 0.022798089817905237, 0.7967230342018462], "k_pid_alt": [1.320403564469166, 0.0051352925413852375, 0.011780556443859566], "k_pid_att": [18.275280689406443, 0.17893449724948973, 0.24778495732588945], "k_pid_yaw": [0.5, 1e-06, 0.1], "k_pid_hsp": [0.15075757864287412, 0.02005706887170594, 0.0], "k_pid_vsp": [206.53103669724715, 295.93137104936505, 1.381257437255125]}, "datetime": {"datetime": "2025-08-21 15:54:31", "elapsed": 25787.804003477097, "delta": 15.7297043800354}, "costs": {"total_cost": 168.53933260897946, "time_cost": 68.792, "final_distance_cost": 1.825294211355248, "oscillation_cost": 29.71882690357886, "completition_cost": 0.0, "overshoot_cost": 49.89149261405788, "power_cost": 8.87688739013672, "noise_cost": 9.434831489850767, "n_waypoints_completed": 9, "tot_waypoints": 9}}
{"target": -171.96762964048747, "params": {"k_pid_pos": [2.0, 0.030829157586224547, 0.9897293435554948], "k_pid_alt": [1.7887734219588338, 0.00163876075389526, 0.008566980779549089], "k_pid_att": [12.24292866214801, 0.17330749767790601, 0.23378902640562757], "k_pid_yaw": [0.5, 1e-06, 0.1], "k_pid_hsp": [0.20885423378778736, 0.025005598841385774, 0.0], "k_pid_vsp": [177.66459244748657, 321.1652809481332, 0.820789955283496]}, "datetime": {"datetime": "2025-08-21 15:54:48", "elapsed": 25804.480290174484, "delta": 16.676286697387695}, "costs": {"total_cost": 171.96762964048747, "time_cost": 68.792, "final_distance_cost": 1.831876400884281, "oscillation_cost": 30.675289042219855, "completition_cost": 0.0, "overshoot_cost": 48.87709952383627, "power_cost": 11.202779724121095, "noise_cost": 10.588584949425965, "n_waypoints_completed": 9, "tot_waypoints": 9}}
{"target": -171.4605156045886, "params": {"k_pid_pos": [1.454054060025402, 0.016778569959462517, 0.9295669337506153], "k_pid_alt": [1.6787490504414595, 0.002933655852458313, 0.008942013955485273], "k_pid_att": [11.546230314692385, 0.2146352591741555, 0.2926594978417069], "k_pid_yaw": [0.5, 1e-06, 0.1], "k_pid_hsp": [0.17847765613511332, 0.02070685580038111, 0.0], "k_pid_vsp": [234.3368226231545, 271.8454479721259, 1.409918334910995]}, "datetime": {"datetime": "2025-08-21 15:55:04", "elapsed": 25821.232770442963, "delta": 16.752480268478394}, "costs": {"total_cost": 171.4605156045886, "time_cost": 70.376, "final_distance_cost": 1.8454516162305878, "oscillation_cost": 26.952105002947846, "completition_cost": 0.0, "overshoot_cost": 49.798998994159355, "power_cost": 11.37671748046875, "noise_cost": 11.111242510782054, "n_waypoints_completed": 9, "tot_waypoints": 9}}
{"target": -169.7502488867246, "params": {"k_pid_pos": [1.4625680168070627, 0.027374197586029447, 0.8988974161963181], "k_pid_alt": [1.0407480188794436, 0.0031923064705671363, 0.013164486420431366], "k_pid_att": [14.52303522769445, 0.16403425174075267, 0.37271621844348185], "k_pid_yaw": [0.5, 1e-06, 0.1], "k_pid_hsp": [0.1452450986261045, 0.013749537509214019, 0.0], "k_pid_vsp": [264.5151955444462, 390.1024869082644, 1.2502986115771266]}, "datetime": {"datetime": "2025-08-21 15:55:20", "elapsed": 25837.157923936844, "delta": 15.925153493881226}, "costs": {"total_cost": 169.7502488867246, "time_cost": 70.784, "final_distance_cost": 1.8468603462559203, "oscillation_cost": 27.811163428287283, "completition_cost": 0.0, "overshoot_cost": 49.76927583087208, "power_cost": 9.527328735351563, "noise_cost": 10.011620545957715, "n_waypoints_completed": 9, "tot_waypoints": 9}}
{"target": -174.06458084582636, "params": {"k_pid_pos": [1.8076357952535524, 0.01772179107706341, 0.7224696161289934], "k_pid_alt": [2.0, 0.0035671548438492486, 0.009444672917736542], "k_pid_att": [12.859211628039006, 0.12072949798188091, 0.20479988335024435], "k_pid_yaw": [0.5, 1e-06, 0.1], "k_pid_hsp": [0.14062941112633667, 0.01701183312823613, 0.0], "k_pid_vsp": [333.799365536664, 311.5122452797581, 1.8540318035298762]}, "datetime": {"datetime": "2025-08-21 15:55:37", "elapsed": 25854.36463546753, "delta": 17.206711530685425}, "costs": {"total_cost": 174.06458084582636, "time_cost": 68.968, "final_distance_cost": 1.8382879374959198, "oscillation_cost": 29.787470232050293, "completition_cost": 0.0, "overshoot_cost": 50.4877292286235, "power_cost": 11.831492114257813, "noise_cost": 11.151601333398846, "n_waypoints_completed": 9, "tot_waypoints": 9}}
{"target": -174.61278707223383, "params": {"k_pid_pos": [1.2996780215879862, 0.013576027242892362, 0.9112508259193705], "k_pid_alt": [1.49102733271671, 0.0035931052973322483, 0.011110165621880575], "k_pid_att": [8.63123708137339, 0.10049179601398008, 0.25676937642056036], "k_pid_yaw": [0.5, 1e-06, 0.1], "k_pid_hsp": [0.1775173979627778, 0.029543191978245942, 0.0], "k_pid_vsp": [260.18531492595247, 279.5939629859844, 0.7279612257298483]}, "datetime": {"datetime": "2025-08-21 15:55:53", "elapsed": 25870.44126534462, "delta": 16.076629877090454}, "costs": {"total_cost": 174.61278707223383, "time_cost": 71.48, "final_distance_cost": 1.8501665975293882, "oscillation_cost": 27.674612160648437, "completition_cost": 0.0, "overshoot_cost": 50.06983300203945, "power_cost": 11.86073212890625, "noise_cost": 11.677443183110272, "n_waypoints_completed": 9, "tot_waypoints": 9}}
{"target": -179.70015686606965, "params": {"k_pid_pos": [1.7333707117032864, 0.023342492701804548, 1.0], "k_pid_alt": [1.5087362432158404, 0.003232326199270341, 0.011512749177107179], "k_pid_att": [10.311296244136882, 0.20362696730695895, 0.28169760943871675], "k_pid_yaw": [0.5, 1e-06, 0.1], "k_pid_hsp": [0.15211830290120562, 0.017078157604659926, 0.0], "k_pid_vsp": [214.94954730176005, 295.54174786239247, 1.3867978590080723]}, "datetime": {"datetime": "2025-08-21 15:56:11", "elapsed": 25887.491020441055, "delta": 17.049755096435547}, "costs": {"total_cost": 179.70015686606965, "time_cost": 70.632, "final_distance_cost": 1.846058056402465, "oscillation_cost": 28.000059187116005, "completition_cost": 0.0, "overshoot_cost": 51.08586011712893, "power_cost": 15.1823830078125, "noise_cost": 12.953796497609739, "n_waypoints_completed": 9, "tot_waypoints": 9}}
{"target": -172.50134007310675, "params": {"k_pid_pos": [1.5518508311880257, 0.018357777206608302, 0.9743497869758905], "k_pid_alt": [1.5714288256059046, 0.0043354904292758996, 0.012318184929968777], "k_pid_att": [11.917400507743194, 0.1277540258755203, 0.09099861008274436], "k_pid_yaw": [0.5, 1e-06, 0.1], "k_pid_hsp": [0.25119275338565544, 0.01997264953515847, 0.0], "k_pid_vsp": [305.95864383266127, 305.9842181457217, 1.07926649995973]}, "datetime": {"datetime": "2025-08-21 15:56:27", "elapsed": 25904.11828684807, "delta": 16.62726640701294}, "costs": {"total_cost": 172.50134007310675, "time_cost": 69.752, "final_distance_cost": 1.8474642249006559, "oscillation_cost": 28.424737546127236, "completition_cost": 0.0, "overshoot_cost": 49.57298324128942, "power_cost": 11.633892785644532, "noise_cost": 11.270262275144908, "n_waypoints_completed": 9, "tot_waypoints": 9}}
{"target": -178.6421439077349, "params": {"k_pid_pos": [1.7750164079566877, 0.02482855872472582, 0.9614801920629473], "k_pid_alt": [1.2922320309576634, 0.002826252281017736, 0.0113624351021352], "k_pid_att": [17.06704913530331, 0.13586836424727308, 0.3315622753698137], "k_pid_yaw": [0.5, 1e-06, 0.1], "k_pid_hsp": [0.20798747431500889, 0.019440146336709662, 0.0], "k_pid_vsp": [148.6319138864355, 359.65459388251816, 1.4801603244018633]}, "datetime": {"datetime": "2025-08-21 15:56:43", "elapsed": 25919.999641656876, "delta": 15.881354808807373}, "costs": {"total_cost": 178.6421439077349, "time_cost": 69.568, "final_distance_cost": 1.8419528183677136, "oscillation_cost": 30.067880614803244, "completition_cost": 0.0, "overshoot_cost": 50.537722866772576, "power_cost": 14.256991369628906, "noise_cost": 12.369596238162453, "n_waypoints_completed": 9, "tot_waypoints": 9}}
{"target": -178.90849230685245, "params": {"k_pid_pos": [1.443892226534124, 0.031066642849574656, 0.8631717591524474], "k_pid_alt": [1.7163661773745655, 0.0016798861440912017, 0.00845900824880126], "k_pid_att": [12.755225890716863, 0.20744597008943608, 0.27410152516544123], "k_pid_yaw": [0.5, 1e-06, 0.1], "k_pid_hsp": [0.1147620072336183, 0.017536379322977417, 0.0], "k_pid_vsp": [205.75738958612655, 285.00972627288775, 1.628419570126227]}, "datetime": {"datetime": "2025-08-21 15:57:00", "elapsed": 25936.646036863327, "delta": 16.646395206451416}, "costs": {"total_cost": 178.90849230685245, "time_cost": 70.568, "final_distance_cost": 1.8386697041428994, "oscillation_cost": 26.824878859679046, "completition_cost": 0.0, "overshoot_cost": 50.649196286078016, "power_cost": 15.778394519042969, "noise_cost": 13.249352937909524, "n_waypoints_completed": 9, "tot_waypoints": 9}}
{"target": -175.43557193029133, "params": {"k_pid_pos": [0.9199209897844419, 0.011545047611808143, 0.7143992490019532], "k_pid_alt": [1.294641450235812, 0.006013626272023949, 0.011847912448759866], "k_pid_att": [17.81500701683085, 0.1978816981447866, 0.21270976993381377], "k_pid_yaw": [0.5, 1e-06, 0.1], "k_pid_hsp": [0.17331539951629138, 0.015473997858694723, 0.0], "k_pid_vsp": [187.13121604805417, 268.87580484354265, 1.2274274458852388]}, "datetime": {"datetime": "2025-08-21 15:57:17", "elapsed": 25953.601173639297, "delta": 16.95513677597046}, "costs": {"total_cost": 175.43557193029133, "time_cost": 76.664, "final_distance_cost": 1.8555031827883768, "oscillation_cost": 26.087158772848337, "completition_cost": 0.0, "overshoot_cost": 50.01964581775513, "power_cost": 9.860947985839845, "noise_cost": 10.948316171059618, "n_waypoints_completed": 9, "tot_waypoints": 9}}
{"target": -168.43385051779998, "params": {"k_pid_pos": [1.0991286594898189, 0.013708325066745868, 0.6182235128403057], "k_pid_alt": [1.490861017856611, 0.0021387132611930845, 0.00830342094555434], "k_pid_att": [9.12463095016227, 0.17766467857037757, 0.27648459490216876], "k_pid_yaw": [0.5, 1e-06, 0.1], "k_pid_hsp": [0.30139095648261827, 0.029485554758643017, 0.0], "k_pid_vsp": [303.4497248264311, 229.58223602160842, 1.1712049314102255]}, "datetime": {"datetime": "2025-08-21 15:57:35", "elapsed": 25971.613106250763, "delta": 18.011932611465454}, "costs": {"total_cost": 168.43385051779998, "time_cost": 72.272, "final_distance_cost": 1.8449400545419563, "oscillation_cost": 27.727291233476105, "completition_cost": 0.0, "overshoot_cost": 49.31814401355582, "power_cost": 7.927003576660157, "noise_cost": 9.34447163956595, "n_waypoints_completed": 9, "tot_waypoints": 9}}
{"target": -182.38404901350074, "params": {"k_pid_pos": [0.7802496819638467, 0.020389273172697106, 0.8585402642492016], "k_pid_alt": [1.5382050974297499, 0.0037742112419858064, 0.008863978662999416], "k_pid_att": [18.49287732673016, 0.15264496342267983, 0.2355275146486641], "k_pid_yaw": [0.5, 1e-06, 0.1], "k_pid_hsp": [0.20935688747760464, 0.021593974184773643, 0.0], "k_pid_vsp": [290.3062851443298, 216.8219459116771, 1.3604619609252169]}, "datetime": {"datetime": "2025-08-21 15:57:54", "elapsed": 25990.842609405518, "delta": 19.22950315475464}, "costs": {"total_cost": 182.38404901350074, "time_cost": 82.864, "final_distance_cost": 1.856376024816138, "oscillation_cost": 24.943266196754507, "completition_cost": 0.0, "overshoot_cost": 51.059324352536976, "power_cost": 10.022654565429688, "noise_cost": 11.638427873963419, "n_waypoints_completed": 9, "tot_waypoints": 9}}
{"target": -169.62856887233644, "params": {"k_pid_pos": [1.6602839495247192, 0.014461932402988193, 0.6362225110268693], "k_pid_alt": [1.5472959934137958, 0.0026418579864922035, 0.012086356529923856], "k_pid_att": [12.023009912977601, 0.14764054015634975, 0.21085136392896586], "k_pid_yaw": [0.5, 1e-06, 0.1], "k_pid_hsp": [0.21591615683590995, 0.025884620548101995, 0.0], "k_pid_vsp": [219.02686774066174, 302.4872409682866, 0.8997914490070885]}, "datetime": {"datetime": "2025-08-21 15:58:09", "elapsed": 26006.270364761353, "delta": 15.427755355834961}, "costs": {"total_cost": 169.62856887233644, "time_cost": 68.34400000000001, "final_distance_cost": 1.8421679455156479, "oscillation_cost": 30.586202281153852, "completition_cost": 0.0, "overshoot_cost": 49.487920714119326, "power_cost": 9.594750292968751, "noise_cost": 9.773527638578878, "n_waypoints_completed": 9, "tot_waypoints": 9}}
{"target": -167.8847415355263, "params": {"k_pid_pos": [1.462475793852466, 0.024444993717023838, 1.0], "k_pid_alt": [1.907632421720102, 0.003062477679840029, 0.009899985539405118], "k_pid_att": [5.371508970343875, 0.1593948159554288, 0.2650530640046726], "k_pid_yaw": [0.5, 1e-06, 0.1], "k_pid_hsp": [0.253583054702952, 0.02466193386717382, 0.0], "k_pid_vsp": [251.6764820987274, 108.4340068175397, 1.252791150220664]}, "datetime": {"datetime": "2025-08-21 15:58:27", "elapsed": 26023.826607704163, "delta": 17.55624294281006}, "costs": {"total_cost": 167.8847415355263, "time_cost": 70.36, "final_distance_cost": 1.8480307647241192, "oscillation_cost": 28.243201108684932, "completition_cost": 0.0, "overshoot_cost": 49.607696454153185, "power_cost": 8.36734822998047, "noise_cost": 9.458464977983608, "n_waypoints_completed": 9, "tot_waypoints": 9}}
{"target": -174.0519251388064, "params": {"k_pid_pos": [2.0, 0.026795407691842636, 1.0], "k_pid_alt": [1.0242894451635693, 0.0022352839819461223, 0.009708574451057909], "k_pid_att": [13.524468994753198, 0.1751225708475176, 0.37652364490309265], "k_pid_yaw": [0.5, 1e-06, 0.1], "k_pid_hsp": [0.12040431157430719, 0.01856694469090946, 0.0], "k_pid_vsp": [310.03481128205016, 255.50993238132784, 1.0602539206178228]}, "datetime": {"datetime": "2025-08-21 15:58:42", "elapsed": 26039.352630615234, "delta": 15.526022911071777}, "costs": {"total_cost": 174.0519251388064, "time_cost": 69.512, "final_distance_cost": 1.835500599106467, "oscillation_cost": 29.931415240733916, "completition_cost": 0.0, "overshoot_cost": 50.00744924644481, "power_cost": 11.781212719726563, "noise_cost": 10.984347332794663, "n_waypoints_completed": 9, "tot_waypoints": 9}}
{"target": -175.56628586137387, "params": {"k_pid_pos": [1.1547862544895375, 0.010737349110470735, 0.9096411347480792], "k_pid_alt": [1.2680236960481561, 0.0034453920469572365, 0.00996295864765471], "k_pid_att": [17.33588775790658, 0.18269592951453886, 0.19596985679410597], "k_pid_yaw": [0.5, 1e-06, 0.1], "k_pid_hsp": [0.21069537606610042, 0.028875244087587962, 0.0], "k_pid_vsp": [182.3607075590351, 343.97117004400417, 1.212342887089379]}, "datetime": {"datetime": "2025-08-21 15:59:01", "elapsed": 26057.71736598015, "delta": 18.36473536491394}, "costs": {"total_cost": 175.56628586137387, "time_cost": 75.44, "final_distance_cost": 1.8515643956163301, "oscillation_cost": 28.026488267201817, "completition_cost": 0.0, "overshoot_cost": 49.54448705010054, "power_cost": 9.773284655761719, "noise_cost": 10.93046149269345, "n_waypoints_completed": 9, "tot_waypoints": 9}}
{"target": -175.60328885700193, "params": {"k_pid_pos": [2.0, 0.021688439506011126, 0.3948998122139799], "k_pid_alt": [1.283626969683524, 0.003245793846760129, 0.003667365000720811], "k_pid_att": [12.80511977089916, 0.10616643560626866, 0.25437716338546906], "k_pid_yaw": [0.5, 1e-06, 0.1], "k_pid_hsp": [0.23706638532701887, 0.01639689878436608, 0.0], "k_pid_vsp": [245.35679412230252, 314.4195601802694, 1.2240612104846855]}, "datetime": {"datetime": "2025-08-21 15:59:18", "elapsed": 26074.75379562378, "delta": 17.03642964363098}, "costs": {"total_cost": 175.60328885700193, "time_cost": 68.376, "final_distance_cost": 1.7697282691410878, "oscillation_cost": 33.0066972952026, "completition_cost": 0.0, "overshoot_cost": 50.1980735474549, "power_cost": 11.584835400390626, "noise_cost": 10.667954344812724, "n_waypoints_completed": 9, "tot_waypoints": 9}}
{"target": -179.5035316186679, "params": {"k_pid_pos": [0.9013223907108102, 0.011237512555134138, 0.8956222722431213], "k_pid_alt": [1.2784606821093965, 0.004867333029581648, 0.008119940261353563], "k_pid_att": [12.939924416671353, 0.1296306223697832, 0.33834364331840666], "k_pid_yaw": [0.5, 1e-06, 0.1], "k_pid_hsp": [0.20840919900288205, 0.023971001874847884, 0.0], "k_pid_vsp": [221.66071642527425, 251.8738655477285, 1.052828673489352]}, "datetime": {"datetime": "2025-08-21 15:59:36", "elapsed": 26093.280158519745, "delta": 18.526362895965576}, "costs": {"total_cost": 179.5035316186679, "time_cost": 80.592, "final_distance_cost": 1.8586634725843532, "oscillation_cost": 26.349155428388357, "completition_cost": 0.0, "overshoot_cost": 50.87707822330184, "power_cost": 9.048593530273438, "noise_cost": 10.778040964119903, "n_waypoints_completed": 9, "tot_waypoints": 9}}
{"target": -169.18406699702206, "params": {"k_pid_pos": [1.6427229526708826, 0.01717495481793031, 0.7379734175090139], "k_pid_alt": [0.9213031218868352, 0.0035766875261022692, 0.015336416488292202], "k_pid_att": [13.744825405615344, 0.15554722186255573, 0.30978569096554054], "k_pid_yaw": [0.5, 1e-06, 0.1], "k_pid_hsp": [0.2443494703397042, 0.0217941557657654, 0.0], "k_pid_vsp": [249.86777247297468, 107.64087431278985, 1.3329195664830664]}, "datetime": {"datetime": "2025-08-21 15:59:54", "elapsed": 26110.60783290863, "delta": 17.327674388885498}, "costs": {"total_cost": 169.18406699702206, "time_cost": 69.712, "final_distance_cost": 1.848455341072657, "oscillation_cost": 30.107184634469228, "completition_cost": 0.0, "overshoot_cost": 49.52904416777492, "power_cost": 8.534932409667968, "noise_cost": 9.452450444037307, "n_waypoints_completed": 9, "tot_waypoints": 9}}
