{"target": -179.55223763100088, "params": {"k_pid_pos": [1.2784428840131887, 0.028860751107021642, 1.0], "k_pid_alt": [2.0, 0.0024334802374794294, 0.011100971503778471], "k_pid_att": [8.507153359718226, 0.13947914371940798, 0.2692063376467753], "k_pid_yaw": [0.5, 1e-06, 0.1], "k_pid_hsp": [0.2449954269451864, 0.012993344546752559, 0.0], "k_pid_vsp": [252.1798928354806, 277.7904185804194, 1.0139244269956895]}, "datetime": {"datetime": "2025-08-21 15:31:51", "elapsed": 24428.434918880463, "delta": 17.061867713928223}, "costs": {"total_cost": 179.55223763100088, "time_cost": 73.904, "final_distance_cost": 1.854066196544107, "oscillation_cost": 28.40720097584684, "completition_cost": 0.0, "overshoot_cost": 50.3735354067317, "power_cost": 12.85182020263672, "noise_cost": 12.161614849241527, "n_waypoints_completed": 9, "tot_waypoints": 9}}
{"target": -178.69203613189893, "params": {"k_pid_pos": [1.5166194281700942, 0.03166729798056951, 1.0], "k_pid_alt": [2.0, 0.0036535469548830204, 0.012564986425988411], "k_pid_att": [9.123451167365742, 0.24737736695283216, 0.13242592942822645], "k_pid_yaw": [0.5, 1e-06, 0.1], "k_pid_hsp": [0.19943055727440281, 0.015319130088589697, 0.0], "k_pid_vsp": [277.2344987483077, 297.7997919132402, 1.4233644067462699]}, "datetime": {"datetime": "2025-08-21 15:32:08", "elapsed": 24445.20949602127, "delta": 16.774577140808105}, "costs": {"total_cost": 178.69203613189893, "time_cost": 70.568, "final_distance_cost": 1.8356029083818985, "oscillation_cost": 28.27822820870894, "completition_cost": 0.0, "overshoot_cost": 50.42361143515853, "power_cost": 14.545785900878906, "noise_cost": 13.04080767877066, "n_waypoints_completed": 9, "tot_waypoints": 9}}
{"target": -173.1779431271209, "params": {"k_pid_pos": [1.8141735781677486, 0.029015145083840888, 0.7435923986865968], "k_pid_alt": [2.0, 0.0034161615102693732, 0.007547854309672017], "k_pid_att": [14.45702311241576, 0.25367225355297335, 0.22497639928739807], "k_pid_yaw": [0.5, 1e-06, 0.1], "k_pid_hsp": [0.12444484224299417, 0.01483112540400991, 0.0], "k_pid_vsp": [161.8688298183647, 250.49216860098545, 1.0719780469110995]}, "datetime": {"datetime": "2025-08-21 15:32:25", "elapsed": 24462.168736696243, "delta": 16.959240674972534}, "costs": {"total_cost": 173.1779431271209, "time_cost": 69.08800000000001, "final_distance_cost": 1.8216040397356765, "oscillation_cost": 29.651665604170926, "completition_cost": 0.0, "overshoot_cost": 50.42350056154659, "power_cost": 11.49054345703125, "noise_cost": 10.702629464636459, "n_waypoints_completed": 9, "tot_waypoints": 9}}
{"target": -181.2301053750605, "params": {"k_pid_pos": [1.5889324613474465, 0.03540256640539871, 1.0], "k_pid_alt": [1.5869868365475905, 0.0035263958909624304, 0.008742743685745282], "k_pid_att": [7.895524180452178, 0.2031494073127171, 0.16502983259362422], "k_pid_yaw": [0.5, 1e-06, 0.1], "k_pid_hsp": [0.26992452436701503, 0.013013718917358625, 0.0], "k_pid_vsp": [223.38885492453997, 310.3742766206258, 1.1681402878512148]}, "datetime": {"datetime": "2025-08-21 15:32:41", "elapsed": 24478.102738142014, "delta": 15.934001445770264}, "costs": {"total_cost": 181.2301053750605, "time_cost": 70.248, "final_distance_cost": 1.8530777511300858, "oscillation_cost": 30.18466813172966, "completition_cost": 0.0, "overshoot_cost": 50.03125440301667, "power_cost": 15.305065490722656, "noise_cost": 13.608039598461424, "n_waypoints_completed": 9, "tot_waypoints": 9}}
{"target": -203.09171993251869, "params": {"k_pid_pos": [0.656347472969551, 0.022510867227904015, 1.0], "k_pid_alt": [1.7036057045044621, 0.002631001708790348, 0.010228689708125257], "k_pid_att": [16.71019538243472, 0.15336285241040903, 0.12775501332755582], "k_pid_yaw": [0.5, 1e-06, 0.1], "k_pid_hsp": [0.15174994986875, 0.019240003956618568, 0.0], "k_pid_vsp": [400.0, 400.0, 0.8779699125303256]}, "datetime": {"datetime": "2025-08-21 15:33:03", "elapsed": 24499.612167596817, "delta": 21.509429454803467}, "costs": {"total_cost": 203.09171993251869, "time_cost": 91.70400000000001, "final_distance_cost": 1.8592783870937266, "oscillation_cost": 23.170372990363788, "completition_cost": 0.0, "overshoot_cost": 52.90506846051756, "power_cost": 16.62135711669922, "noise_cost": 16.831642977844375, "n_waypoints_completed": 9, "tot_waypoints": 9}}
{"target": -178.295758579639, "params": {"k_pid_pos": [1.8639093849418142, 0.039666864675814026, 1.0], "k_pid_alt": [1.7532857559320238, 0.0016439117611603959, 0.009489123467821657], "k_pid_att": [14.682717384321526, 0.08101736871915145, 0.26645552400531636], "k_pid_yaw": [0.5, 1e-06, 0.1], "k_pid_hsp": [0.20535793128580945, 0.00961912323053741, 0.0], "k_pid_vsp": [212.79611495523022, 154.08025687499992, 1.2745693224352526]}, "datetime": {"datetime": "2025-08-21 15:33:20", "elapsed": 24517.288644075394, "delta": 17.67647647857666}, "costs": {"total_cost": 178.295758579639, "time_cost": 70.136, "final_distance_cost": 1.8323725432206956, "oscillation_cost": 28.1107304396869, "completition_cost": 0.0, "overshoot_cost": 51.12081840518803, "power_cost": 14.53740233154297, "noise_cost": 12.558434860000398, "n_waypoints_completed": 9, "tot_waypoints": 9}}
{"target": -174.6118947148088, "params": {"k_pid_pos": [1.9985722449953702, 0.026965742788123564, 0.7113922780589913], "k_pid_alt": [1.489626911094832, 0.0041783625761307305, 0.010030203877311666], "k_pid_att": [15.954648091767803, 0.1211763638857712, 0.19300033591116414], "k_pid_yaw": [0.5, 1e-06, 0.1], "k_pid_hsp": [0.25286419768781476, 0.01275069606580579, 0.0], "k_pid_vsp": [242.2500932576988, 175.40597395515692, 1.4370134040751321]}, "datetime": {"datetime": "2025-08-21 15:33:36", "elapsed": 24533.157078504562, "delta": 15.868434429168701}, "costs": {"total_cost": 174.6118947148088, "time_cost": 69.272, "final_distance_cost": 1.8298054007975162, "oscillation_cost": 29.521053129388754, "completition_cost": 0.0, "overshoot_cost": 50.5315519202356, "power_cost": 12.181123291015625, "noise_cost": 11.276360973371274, "n_waypoints_completed": 9, "tot_waypoints": 9}}
{"target": -174.5351101175608, "params": {"k_pid_pos": [1.1451622912471704, 0.023523733671974596, 1.0], "k_pid_alt": [1.2697597187184113, 0.0030487019611672335, 0.008805194265694911], "k_pid_att": [14.626549243537085, 0.1353575589549794, 0.2857843147575174], "k_pid_yaw": [0.5, 1e-06, 0.1], "k_pid_hsp": [0.17037423725205927, 0.009133689133424772, 0.0], "k_pid_vsp": [266.8864621476294, 241.71168099604475, 0.6410994322880069]}, "datetime": {"datetime": "2025-08-21 15:33:54", "elapsed": 24551.09700512886, "delta": 17.939926624298096}, "costs": {"total_cost": 174.5351101175608, "time_cost": 75.672, "final_distance_cost": 1.8471756273190276, "oscillation_cost": 25.827868147398803, "completition_cost": 0.0, "overshoot_cost": 50.23199410322704, "power_cost": 10.001926306152344, "noise_cost": 10.954145933463597, "n_waypoints_completed": 9, "tot_waypoints": 9}}
{"target": -171.54731037777995, "params": {"k_pid_pos": [1.446198625009384, 0.021921247031460356, 1.0], "k_pid_alt": [1.1203079576025086, 0.0037646670988314783, 0.008447873228185451], "k_pid_att": [10.225100291986841, 0.17432967713372108, 0.32438251896610876], "k_pid_yaw": [0.5, 1e-06, 0.1], "k_pid_hsp": [0.22982501652920115, 0.00719399927972036, 0.0], "k_pid_vsp": [356.1382827121749, 326.7771893511553, 1.4364720792225778]}, "datetime": {"datetime": "2025-08-21 15:34:11", "elapsed": 24568.16274857521, "delta": 17.065743446350098}, "costs": {"total_cost": 171.54731037777995, "time_cost": 71.992, "final_distance_cost": 1.8527866951359522, "oscillation_cost": 27.453240783382785, "completition_cost": 0.0, "overshoot_cost": 49.81601249629254, "power_cost": 9.921233349609375, "noise_cost": 10.512037053359315, "n_waypoints_completed": 9, "tot_waypoints": 9}}
{"target": -176.72663062645472, "params": {"k_pid_pos": [1.1707466008325875, 0.02200293638467024, 0.7758356486300668], "k_pid_alt": [2.0, 0.0032197296874767385, 0.012370839257737956], "k_pid_att": [17.417519890154384, 0.17460422326655248, 0.13651627126277213], "k_pid_yaw": [0.5, 1e-06, 0.1], "k_pid_hsp": [0.14232219876965282, 0.014589677767093976, 0.0], "k_pid_vsp": [140.869156506599, 202.8060051986272, 1.4006534883916018]}, "datetime": {"datetime": "2025-08-21 15:34:28", "elapsed": 24584.607936620712, "delta": 16.44518804550171}, "costs": {"total_cost": 176.72663062645472, "time_cost": 71.584, "final_distance_cost": 1.8524859165584757, "oscillation_cost": 26.50224235190515, "completition_cost": 0.0, "overshoot_cost": 50.842447930951685, "power_cost": 13.419333837890626, "noise_cost": 12.526120589148785, "n_waypoints_completed": 9, "tot_waypoints": 9}}
{"target": -168.92032095536885, "params": {"k_pid_pos": [1.5418176659680312, 0.010968945722428658, 0.5692903797259871], "k_pid_alt": [1.6837298945529167, 0.0035194258694079598, 0.009377597588623436], "k_pid_att": [12.083874634224452, 0.1340060331646599, 0.1516123066061084], "k_pid_yaw": [0.5, 1e-06, 0.1], "k_pid_hsp": [0.18862383236175492, 0.02106674576985983, 0.0], "k_pid_vsp": [330.8746753619027, 208.79233245519663, 1.17875551216995]}, "datetime": {"datetime": "2025-08-21 15:34:44", "elapsed": 24601.038678884506, "delta": 16.430742263793945}, "costs": {"total_cost": 168.92032095536885, "time_cost": 68.536, "final_distance_cost": 1.8290167053041761, "oscillation_cost": 30.010496429080806, "completition_cost": 0.0, "overshoot_cost": 49.45161974519533, "power_cost": 9.275491296386718, "noise_cost": 9.817696779401851, "n_waypoints_completed": 9, "tot_waypoints": 9}}
{"target": -211.909832044991, "params": {"k_pid_pos": [0.6513295774092972, 0.01204156966057221, 1.0], "k_pid_alt": [0.696809089408385, 0.003204670925645058, 0.011558540590813925], "k_pid_att": [14.090009639059758, 0.17056891474858102, 0.2602068923723766], "k_pid_yaw": [0.5, 1e-06, 0.1], "k_pid_hsp": [0.16172733968490147, 0.022064712645710968, 0.0], "k_pid_vsp": [269.3210601839183, 266.417594905975, 1.8839566419235243]}, "datetime": {"datetime": "2025-08-21 15:35:06", "elapsed": 24623.4232108593, "delta": 22.38453197479248}, "costs": {"total_cost": 211.909832044991, "time_cost": 96.632, "final_distance_cost": 1.861374522224607, "oscillation_cost": 22.654279307133635, "completition_cost": 0.0, "overshoot_cost": 53.23987509794489, "power_cost": 19.081111572265627, "noise_cost": 18.441191545422225, "n_waypoints_completed": 9, "tot_waypoints": 9}}
{"target": -186.55303920669596, "params": {"k_pid_pos": [1.5079330037387368, 0.01749938938978136, 0.596487915492387], "k_pid_alt": [1.7974131762764503, 0.0036588870298279105, 0.010752598817870497], "k_pid_att": [15.754288300887474, 0.15153755192044566, 0.27738327339876984], "k_pid_yaw": [0.5, 1e-06, 0.1], "k_pid_hsp": [0.11507679999042932, 0.02213258487523297, 0.0], "k_pid_vsp": [300.97219950045866, 284.2966953634408, 1.1282332768433585]}, "datetime": {"datetime": "2025-08-21 15:35:23", "elapsed": 24640.359407901764, "delta": 16.93619704246521}, "costs": {"total_cost": 186.55303920669596, "time_cost": 71.64, "final_distance_cost": 1.7992910605693313, "oscillation_cost": 29.245995910189865, "completition_cost": 0.0, "overshoot_cost": 51.935068118750515, "power_cost": 17.57215528564453, "noise_cost": 14.360528831541718, "n_waypoints_completed": 9, "tot_waypoints": 9}}
{"target": -170.02710063393718, "params": {"k_pid_pos": [1.4889180962740207, 0.0044387764610738425, 0.94388081935654], "k_pid_alt": [1.862108061304836, 0.003723142825666919, 0.006340137216559322], "k_pid_att": [10.772020179889184, 0.10650544577815313, 0.26956174972535435], "k_pid_yaw": [0.5, 1e-06, 0.1], "k_pid_hsp": [0.14837264072869757, 0.02451820604208393, 0.0], "k_pid_vsp": [221.69515909205145, 301.57535717000314, 1.28837045277195]}, "datetime": {"datetime": "2025-08-21 15:35:40", "elapsed": 24656.622802972794, "delta": 16.263395071029663}, "costs": {"total_cost": 170.02710063393718, "time_cost": 69.864, "final_distance_cost": 1.847870545201763, "oscillation_cost": 27.82319211477873, "completition_cost": 0.0, "overshoot_cost": 49.196330228844936, "power_cost": 10.663813989257813, "noise_cost": 10.631893755853925, "n_waypoints_completed": 9, "tot_waypoints": 9}}
{"target": -173.0842918698583, "params": {"k_pid_pos": [2.0, 0.011491125119149273, 1.0], "k_pid_alt": [1.7232130215126815, 0.003146800292245091, 0.010445882554666034], "k_pid_att": [11.3733954419042, 0.11261879872031078, 0.39814068500840705], "k_pid_yaw": [0.5, 1e-06, 0.1], "k_pid_hsp": [0.1899845531652451, 0.02238372727940542, 0.0], "k_pid_vsp": [152.2390836331831, 294.67953102429607, 1.3503979140076368]}, "datetime": {"datetime": "2025-08-21 15:35:56", "elapsed": 24672.890098810196, "delta": 16.267295837402344}, "costs": {"total_cost": 173.0842918698583, "time_cost": 69.208, "final_distance_cost": 1.8455572045726898, "oscillation_cost": 29.628303359313477, "completition_cost": 0.0, "overshoot_cost": 49.963441035284575, "power_cost": 11.621358093261719, "noise_cost": 10.817632177425816, "n_waypoints_completed": 9, "tot_waypoints": 9}}
{"target": -175.95093279629825, "params": {"k_pid_pos": [1.476596435772823, 0.022890393403887172, 0.7738929649543641], "k_pid_alt": [1.1339963428014095, 0.003052902802650883, 0.010781856932142668], "k_pid_att": [6.351604486466852, 0.13050513336753058, 0.25021436311229306], "k_pid_yaw": [0.5, 1e-06, 0.1], "k_pid_hsp": [0.10081634819292074, 0.02926522788807755, 0.0], "k_pid_vsp": [204.22065714954704, 277.1538786216545, 0.6301364242824686]}, "datetime": {"datetime": "2025-08-21 15:36:12", "elapsed": 24688.95601797104, "delta": 16.065919160842896}, "costs": {"total_cost": 175.95093279629825, "time_cost": 69.976, "final_distance_cost": 1.841910994756668, "oscillation_cost": 30.38792291051774, "completition_cost": 0.0, "overshoot_cost": 49.4595769750478, "power_cost": 12.459270739746094, "noise_cost": 11.826251176229936, "n_waypoints_completed": 9, "tot_waypoints": 9}}
{"target": -168.56858780079767, "params": {"k_pid_pos": [1.7057147559657635, 0.022292046803880933, 0.7510931770192945], "k_pid_alt": [1.5827742811488157, 0.002661524849048797, 0.009346321255889538], "k_pid_att": [17.869506026512685, 0.10318930772725558, 0.30205731179256445], "k_pid_yaw": [0.5, 1e-06, 0.1], "k_pid_hsp": [0.18132236880783018, 0.017313918779496867, 0.0], "k_pid_vsp": [261.30911675434066, 236.77124251421273, 1.3570392063129522]}, "datetime": {"datetime": "2025-08-21 15:36:29", "elapsed": 24705.641048192978, "delta": 16.685030221939087}, "costs": {"total_cost": 168.56858780079767, "time_cost": 68.544, "final_distance_cost": 1.8334670589043336, "oscillation_cost": 29.63447018701207, "completition_cost": 0.0, "overshoot_cost": 49.73610798216932, "power_cost": 9.176033825683595, "noise_cost": 9.644508747028372, "n_waypoints_completed": 9, "tot_waypoints": 9}}
{"target": -175.22561663269232, "params": {"k_pid_pos": [1.8761836722162062, 0.04450256919673995, 0.5135460234787913], "k_pid_alt": [1.5709986696439653, 0.0026323623784091387, 0.011101300837037517], "k_pid_att": [15.360437080222368, 0.172913823612712, 0.3123238305840547], "k_pid_yaw": [0.5, 1e-06, 0.1], "k_pid_hsp": [0.17338655408683903, 0.02660047053231443, 0.0], "k_pid_vsp": [298.1741707308092, 290.1693779646883, 1.4811502933615202]}, "datetime": {"datetime": "2025-08-21 15:36:45", "elapsed": 24721.937052965164, "delta": 16.29600477218628}, "costs": {"total_cost": 175.22561663269232, "time_cost": 68.544, "final_distance_cost": 1.7742318592067476, "oscillation_cost": 31.703530304859072, "completition_cost": 0.0, "overshoot_cost": 50.07941357227821, "power_cost": 12.204447705078126, "noise_cost": 10.91999319127014, "n_waypoints_completed": 9, "tot_waypoints": 9}}
{"target": -178.73507405472313, "params": {"k_pid_pos": [1.9993502103739924, 0.00111683167760883, 0.9193778414264001], "k_pid_alt": [1.735305137327214, 0.004129065356151198, 0.010750137626744956], "k_pid_att": [16.769483647125995, 0.19253342265467643, 0.2554535948458357], "k_pid_yaw": [0.5, 1e-06, 0.1], "k_pid_hsp": [0.09602152112962621, 0.024753562917389203, 0.0], "k_pid_vsp": [292.69122911576136, 204.8386688560805, 1.3463988264693796]}, "datetime": {"datetime": "2025-08-21 15:37:01", "elapsed": 24737.732700824738, "delta": 15.795647859573364}, "costs": {"total_cost": 178.73507405472313, "time_cost": 69.4, "final_distance_cost": 1.816368931691362, "oscillation_cost": 30.838628264469115, "completition_cost": 0.0, "overshoot_cost": 50.80540319561493, "power_cost": 13.805197595214844, "noise_cost": 12.069476067732856, "n_waypoints_completed": 9, "tot_waypoints": 9}}
{"target": -187.82047920453817, "params": {"k_pid_pos": [1.6904864583604258, 0.019921951369155293, 0.5978761322694879], "k_pid_alt": [2.0, 0.00437244599913324, 0.011616734390992584], "k_pid_att": [18.73037273321025, 0.22816461012645883, 0.2319937608802275], "k_pid_yaw": [0.5, 1e-06, 0.1], "k_pid_hsp": [0.19023590853874053, 0.01805289914739135, 0.0], "k_pid_vsp": [103.77349140350044, 320.9450072689461, 0.6533571903681467]}, "datetime": {"datetime": "2025-08-21 15:37:18", "elapsed": 24754.921982049942, "delta": 17.189281225204468}, "costs": {"total_cost": 187.82047920453817, "time_cost": 71.0, "final_distance_cost": 1.7983630280064016, "oscillation_cost": 31.289159031042452, "completition_cost": 0.0, "overshoot_cost": 51.59303956657528, "power_cost": 18.038931701660157, "noise_cost": 14.100985877253885, "n_waypoints_completed": 9, "tot_waypoints": 9}}
{"target": -175.31611782511757, "params": {"k_pid_pos": [1.5735852584536278, 0.021488212945757094, 0.9327486993546362], "k_pid_alt": [1.4871018888832086, 0.002328318238138909, 0.01019778186247447], "k_pid_att": [13.197484342510174, 0.16617908790080058, 0.3102475801441021], "k_pid_yaw": [0.5, 1e-06, 0.1], "k_pid_hsp": [0.1671634688078518, 0.02664185698121881, 0.0], "k_pid_vsp": [293.8319640951915, 347.3916127377417, 0.8404512530220779]}, "datetime": {"datetime": "2025-08-21 15:37:34", "elapsed": 24771.027291297913, "delta": 16.10530924797058}, "costs": {"total_cost": 175.31611782511757, "time_cost": 69.92, "final_distance_cost": 1.846707764771403, "oscillation_cost": 28.360122275249367, "completition_cost": 0.0, "overshoot_cost": 50.32353330589578, "power_cost": 12.993892517089844, "noise_cost": 11.871861962111154, "n_waypoints_completed": 9, "tot_waypoints": 9}}
{"target": -168.7273791029109, "params": {"k_pid_pos": [1.4606903418265338, 0.02317450180754621, 0.5939726145705846], "k_pid_alt": [2.0, 0.00425002749593057, 0.009535115572530598], "k_pid_att": [11.703336723653498, 0.13990953192957728, 0.14645207731263019], "k_pid_yaw": [0.5, 1e-06, 0.1], "k_pid_hsp": [0.09782140503687027, 0.014333213492336109, 0.0], "k_pid_vsp": [253.03997471178272, 400.0, 0.6129497935018473]}, "datetime": {"datetime": "2025-08-21 15:37:51", "elapsed": 24788.44901418686, "delta": 17.421722888946533}, "costs": {"total_cost": 168.7273791029109, "time_cost": 69.04, "final_distance_cost": 1.828537805888507, "oscillation_cost": 28.855681400570628, "completition_cost": 0.0, "overshoot_cost": 49.98636132446486, "power_cost": 9.334002587890625, "noise_cost": 9.682795984096252, "n_waypoints_completed": 9, "tot_waypoints": 9}}
{"target": -172.58278507222659, "params": {"k_pid_pos": [2.0, 0.019478648419915184, 0.4533552628778374], "k_pid_alt": [1.5730970093666885, 0.003499384714931606, 0.013994628184543861], "k_pid_att": [14.73297029090952, 0.10659743143577949, 0.05850772131720813], "k_pid_yaw": [0.5, 1e-06, 0.1], "k_pid_hsp": [0.18342544869884, 0.019594456445856005, 0.0], "k_pid_vsp": [164.4089113656647, 267.44139036217325, 1.0160757034028558]}, "datetime": {"datetime": "2025-08-21 15:38:07", "elapsed": 24803.969035863876, "delta": 15.520021677017212}, "costs": {"total_cost": 172.58278507222659, "time_cost": 68.096, "final_distance_cost": 1.7674701966808501, "oscillation_cost": 33.0644229622533, "completition_cost": 0.0, "overshoot_cost": 49.53713972220086, "power_cost": 10.236491955566407, "noise_cost": 9.881260235525174, "n_waypoints_completed": 9, "tot_waypoints": 9}}
{"target": -174.59208654578146, "params": {"k_pid_pos": [1.6587438574236595, 0.01959816280680525, 0.4702046665642745], "k_pid_alt": [1.8042815110823256, 0.0033438236550332, 0.007307377416845621], "k_pid_att": [15.329824638543252, 0.17890283279368058, 0.18734032649733792], "k_pid_yaw": [0.5, 1e-06, 0.1], "k_pid_hsp": [0.21746595272525107, 0.010254281584806778, 0.0], "k_pid_vsp": [279.18333203077833, 241.57367643618636, 1.7624770600967672]}, "datetime": {"datetime": "2025-08-21 15:38:24", "elapsed": 24820.650814294815, "delta": 16.68177843093872}, "costs": {"total_cost": 174.59208654578146, "time_cost": 69.12, "final_distance_cost": 1.8080386164507913, "oscillation_cost": 29.535912462997402, "completition_cost": 0.0, "overshoot_cost": 50.371834419704705, "power_cost": 12.442321533203126, "noise_cost": 11.31397951342545, "n_waypoints_completed": 9, "tot_waypoints": 9}}
{"target": -175.8624424387862, "params": {"k_pid_pos": [1.5730816354589185, 0.012524021990169961, 1.0], "k_pid_alt": [1.4038683753622598, 0.003360677086856242, 0.013192584221537058], "k_pid_att": [16.50046664702958, 0.16727917915443957, 0.3019016177707538], "k_pid_yaw": [0.5, 1e-06, 0.1], "k_pid_hsp": [0.2024730957334101, 0.018396057613715305, 0.0], "k_pid_vsp": [219.55797445923227, 354.38954572315265, 1.2834373663000378]}, "datetime": {"datetime": "2025-08-21 15:38:40", "elapsed": 24837.437414884567, "delta": 16.786600589752197}, "costs": {"total_cost": 175.8624424387862, "time_cost": 70.312, "final_distance_cost": 1.847424331513791, "oscillation_cost": 27.9655420355347, "completition_cost": 0.0, "overshoot_cost": 50.03700280368213, "power_cost": 13.493085681152344, "noise_cost": 12.207387586903232, "n_waypoints_completed": 9, "tot_waypoints": 9}}
