{"target": -678.8567962354983, "params": {"k_pid_pos": [1.031148084993809, 0.29323905221533686, 0.26099507795960736], "k_pid_alt": [0.5354157658981459, 0.0, 0.774923555485327], "k_pid_att": [12.299736890428745, 0.725584728735767, 0.0], "k_pid_yaw": [0.5, 1e-06, 0.1], "k_pid_hsp": [2.2754730782355526, 0.0, 0.7047353556267231], "k_pid_vsp": [400.0, 80.61446783844501, 16.838454363953172]}, "datetime": {"datetime": "2025-08-21 09:08:01", "elapsed": 1398.4405717849731, "delta": 27.437637329101562}, "costs": {"total_cost": 678.8567962354983, "time_cost": 150, "final_distance_cost": 67.0249945728417, "oscillation_cost": 263.15978183020593, "completition_cost": 111.11111111111116, "overshoot_cost": 49.997134406184195, "power_cost": 21.730360131835937, "noise_cost": 15.833414183319386, "n_waypoints_completed": 8, "tot_waypoints": 9}}
{"target": -396.90554916369086, "params": {"k_pid_pos": [1.200705419670512, 0.6228958336083862, 0.53061323268765], "k_pid_alt": [0.9039994686996248, 0.40250069232222296, 0.7835638624017522], "k_pid_att": [22.388781040150935, 2.168270956507239, 0.1400294572907678], "k_pid_yaw": [0.5, 1e-06, 0.1], "k_pid_hsp": [6.367474198818383, 0.0, 0.2650401650968173], "k_pid_vsp": [312.25293974320385, 265.1505978011405, 1e-06]}, "datetime": {"datetime": "2025-08-21 09:08:27", "elapsed": 1424.035103559494, "delta": 25.594531774520874}, "costs": {"total_cost": 396.90554916369086, "time_cost": 85.2, "final_distance_cost": 1.7839407912560923, "oscillation_cost": 234.27431984544808, "completition_cost": 0.0, "overshoot_cost": 51.88965764780118, "power_cost": 12.113174768066408, "noise_cost": 11.644456111119114, "n_waypoints_completed": 9, "tot_waypoints": 9}}
{"target": -1626.7836255171208, "params": {"k_pid_pos": [0.5863177183482732, 0.3546706916478257, 0.676707943761668], "k_pid_alt": [0.9232665418218972, 0.5888107753108933, 0.4422864462255009], "k_pid_att": [29.630697549431783, 4.056602030699044, 0.3649112276916446], "k_pid_yaw": [0.5, 1e-06, 0.1], "k_pid_hsp": [0.5135247052356119, 0.3021173113085676, 0.28406881069701895], "k_pid_vsp": [108.39214935169053, 267.70041101067306, 260.917581683923]}, "datetime": {"datetime": "2025-08-21 09:08:55", "elapsed": 1452.2069997787476, "delta": 28.17189621925354}, "costs": {"total_cost": 1626.7836255171208, "time_cost": 150, "final_distance_cost": 7.102622134121252, "oscillation_cost": 340.8514992836364, "completition_cost": 1000.0, "overshoot_cost": 65.55566534881548, "power_cost": 32.27242613525391, "noise_cost": 31.00141261529396, "n_waypoints_completed": 0, "tot_waypoints": 9}}
{"target": -326.1299159847932, "params": {"k_pid_pos": [0.87577996183737, 0.0, 0.14457640365722121], "k_pid_alt": [1.669394864200956, 0.41794644418777044, 0.32656484084326043], "k_pid_att": [25.45076922294689, 2.677224855821615, 0.33232104412216656], "k_pid_yaw": [0.5, 1e-06, 0.1], "k_pid_hsp": [4.0662365343323765, 0.9430400327685414, 0.4823306727199375], "k_pid_vsp": [262.6312272095253, 97.33211475351617, 118.03395142215113]}, "datetime": {"datetime": "2025-08-21 09:09:17", "elapsed": 1473.5576121807098, "delta": 21.35061240196228}, "costs": {"total_cost": 326.1299159847932, "time_cost": 81.83200000000001, "final_distance_cost": 1.7377824889707332, "oscillation_cost": 162.22494449368753, "completition_cost": 0.0, "overshoot_cost": 54.33993531586935, "power_cost": 14.383351147460939, "noise_cost": 11.611902538804596, "n_waypoints_completed": 9, "tot_waypoints": 9}}
{"target": -2957.4121011497696, "params": {"k_pid_pos": [0.9407235739504287, 0.0, 0.2766811141775528], "k_pid_alt": [1.2105546014936153, 0.273827236385394, 0.45696925598844357], "k_pid_att": [0.0, 0.31147754256544485, 0.35807235497146567], "k_pid_yaw": [0.5, 1e-06, 0.1], "k_pid_hsp": [0.0001, 0.06515300541664551, 0.12005355152902904], "k_pid_vsp": [400.0, 71.0049369507574, 1e-06]}, "datetime": {"datetime": "2025-08-21 09:09:46", "elapsed": 1502.526201248169, "delta": 28.968589067459106}, "costs": {"total_cost": 2957.4121011497696, "time_cost": 150, "final_distance_cost": 502.19253088390013, "oscillation_cost": 536.238092849657, "completition_cost": 888.8888888888888, "overshoot_cost": 776.1045348627953, "power_cost": 32.542376171875, "noise_cost": 71.44567749265329, "n_waypoints_completed": 1, "tot_waypoints": 9}}
{"target": -650.7961817202438, "params": {"k_pid_pos": [1.0542606191909254, 0.0, 0.25285657883527995], "k_pid_alt": [1.3518714657866469, 0.6277043729293291, 0.8001587809793377], "k_pid_att": [39.23577872220711, 8.179748518451952, 0.42766080393763667], "k_pid_yaw": [0.5, 1e-06, 0.1], "k_pid_hsp": [0.9362091124820572, 0.7335049824721883, 0.26887351180708724], "k_pid_vsp": [0.0, 189.01957031909276, 1e-06]}, "datetime": {"datetime": "2025-08-21 09:10:13", "elapsed": 1530.260694026947, "delta": 27.734492778778076}, "costs": {"total_cost": 650.7961817202438, "time_cost": 150, "final_distance_cost": 63.906060343036735, "oscillation_cost": 130.89125417530684, "completition_cost": 222.2222222222222, "overshoot_cost": 47.87239590752618, "power_cost": 20.678926586914063, "noise_cost": 15.225322485237815, "n_waypoints_completed": 7, "tot_waypoints": 9}}
{"target": -1302.834722299007, "params": {"k_pid_pos": [0.0205781823812546, 0.0, 0.8698634425282252], "k_pid_alt": [2.0, 0.802903177651782, 0.8908633600851835], "k_pid_att": [18.636110879791264, 1.228224765705044, 0.30570328393300134], "k_pid_yaw": [0.5, 1e-06, 0.1], "k_pid_hsp": [5.362979175093834, 0.14145351765405442, 0.007436160958877558], "k_pid_vsp": [356.6306626052198, 89.02596474861217, 325.7418436059604]}, "datetime": {"datetime": "2025-08-21 09:10:39", "elapsed": 1556.2032799720764, "delta": 25.942585945129395}, "costs": {"total_cost": 1302.834722299007, "time_cost": 150, "final_distance_cost": 26.070189637328856, "oscillation_cost": 33.89451049545257, "completition_cost": 1000.0, "overshoot_cost": 53.9666733825232, "power_cost": 22.11182120361328, "noise_cost": 16.791527580088978, "n_waypoints_completed": 0, "tot_waypoints": 9}}
{"target": -646.6076634432051, "params": {"k_pid_pos": [1.744371700114063, 0.8954160731229764, 0.0], "k_pid_alt": [2.0, 0.0, 0.30504527362509176], "k_pid_att": [26.285359799958872, 1.6301938198196966, 0.34624305815861983], "k_pid_yaw": [0.5, 1e-06, 0.1], "k_pid_hsp": [3.1279513216370476, 0.0, 0.12449603428890214], "k_pid_vsp": [400.0, 1e-06, 200.52083246104016]}, "datetime": {"datetime": "2025-08-21 09:11:13", "elapsed": 1590.3473045825958, "delta": 34.14402461051941}, "costs": {"total_cost": 646.6076634432051, "time_cost": 150, "final_distance_cost": 71.56124728833139, "oscillation_cost": 104.57514093036083, "completition_cost": 222.2222222222222, "overshoot_cost": 59.81384720291164, "power_cost": 22.374572705078126, "noise_cost": 16.06063309430088, "n_waypoints_completed": 7, "tot_waypoints": 9}}
{"target": -686.8507216738926, "params": {"k_pid_pos": [1.7821128650998317, 0.03266266308197998, 0.7532422192104754], "k_pid_alt": [1.0348158433083636, 0.028365172997120602, 0.2977701264132136], "k_pid_att": [50.55901240786098, 0.0001, 0.5235922470943423], "k_pid_yaw": [0.5, 1e-06, 0.1], "k_pid_hsp": [4.750903634308992, 0.0, 0.2474334476420156], "k_pid_vsp": [130.09163545894, 1e-06, 42.3888178061812]}, "datetime": {"datetime": "2025-08-21 09:11:43", "elapsed": 1619.8988671302795, "delta": 29.551562547683716}, "costs": {"total_cost": 686.8507216738926, "time_cost": 150, "final_distance_cost": 13.371150450393467, "oscillation_cost": 324.6368096677597, "completition_cost": 111.11111111111116, "overshoot_cost": 54.233774764722796, "power_cost": 18.853464868164064, "noise_cost": 14.644410811741372, "n_waypoints_completed": 8, "tot_waypoints": 9}}
{"target": -751.2959791379719, "params": {"k_pid_pos": [1.9441399768063807, 0.7515465381868415, 0.09776678718260502], "k_pid_alt": [1.3431714634539655, 0.20481367753633253, 0.0], "k_pid_att": [29.472979108180933, 0.0001, 0.42673441375042137], "k_pid_yaw": [0.5, 1e-06, 0.1], "k_pid_hsp": [4.508823866665197, 0.8490024268740469, 0.25721537524783855], "k_pid_vsp": [235.21692070250387, 179.10431695660637, 1e-06]}, "datetime": {"datetime": "2025-08-21 09:12:09", "elapsed": 1645.9737741947174, "delta": 26.074907064437866}, "costs": {"total_cost": 751.2959791379719, "time_cost": 150, "final_distance_cost": 71.25666851910698, "oscillation_cost": 108.70479352049762, "completition_cost": 333.33333333333337, "overshoot_cost": 51.8857862391211, "power_cost": 19.99125037841797, "noise_cost": 16.12414714749489, "n_waypoints_completed": 6, "tot_waypoints": 9}}
{"target": -418.4098354994393, "params": {"k_pid_pos": [2.0, 0.06741680503929422, 0.40807142409662434], "k_pid_alt": [1.1076135906623554, 0.2885507105957805, 0.48100912355290415], "k_pid_att": [53.395015130033805, 0.0001, 0.0], "k_pid_yaw": [0.5, 1e-06, 0.1], "k_pid_hsp": [5.3253675059716254, 0.08716335748779296, 0.5204332661979847], "k_pid_vsp": [97.9858855234019, 103.08353027652333, 47.318370934561806]}, "datetime": {"datetime": "2025-08-21 09:12:35", "elapsed": 1671.8677070140839, "delta": 25.893932819366455}, "costs": {"total_cost": 418.4098354994393, "time_cost": 88.496, "final_distance_cost": 1.7228081384591358, "oscillation_cost": 250.35898204472684, "completition_cost": 0.0, "overshoot_cost": 52.567958469777864, "power_cost": 13.805620947265625, "noise_cost": 11.458465899209804, "n_waypoints_completed": 9, "tot_waypoints": 9}}
{"target": -201.09828619144545, "params": {"k_pid_pos": [1.7171344538516837, 0.01189972233114441, 0.5753643687746214], "k_pid_alt": [1.1493282948142587, 0.5290137794186073, 0.014890845347754459], "k_pid_att": [42.52246809331048, 3.0625448886496964, 0.8982798760926102], "k_pid_yaw": [0.5, 1e-06, 0.1], "k_pid_hsp": [2.915847839665583, 0.08111058345914217, 0.0], "k_pid_vsp": [128.61538090770657, 259.91673902587667, 36.2380454413647]}, "datetime": {"datetime": "2025-08-21 09:12:54", "elapsed": 1690.968064546585, "delta": 19.10035753250122}, "costs": {"total_cost": 201.09828619144545, "time_cost": 75.34400000000001, "final_distance_cost": 1.7739133903916022, "oscillation_cost": 44.33990228302653, "completition_cost": 0.0, "overshoot_cost": 50.581555251277095, "power_cost": 16.669956250000002, "noise_cost": 12.388959016750231, "n_waypoints_completed": 9, "tot_waypoints": 9}}
{"target": -406.9635031836985, "params": {"k_pid_pos": [1.3336927238847036, 0.34001277665303403, 0.5295500811444952], "k_pid_alt": [1.7671989536245478, 0.21380126080789577, 0.6506219058915321], "k_pid_att": [24.12761745987653, 0.18049926305089267, 0.5784132471270917], "k_pid_yaw": [0.5, 1e-06, 0.1], "k_pid_hsp": [2.233105129946648, 0.0, 0.15344211603763536], "k_pid_vsp": [99.74647797545424, 91.06435025739547, 6.049139777241483]}, "datetime": {"datetime": "2025-08-21 09:13:23", "elapsed": 1720.2937593460083, "delta": 29.325694799423218}, "costs": {"total_cost": 406.9635031836985, "time_cost": 99.19200000000001, "final_distance_cost": 1.7720760089864704, "oscillation_cost": 222.5549510138486, "completition_cost": 0.0, "overshoot_cost": 53.43836199903066, "power_cost": 15.86410625, "noise_cost": 14.14200791183269, "n_waypoints_completed": 9, "tot_waypoints": 9}}
{"target": -1270.0638775344435, "params": {"k_pid_pos": [0.5389250206525045, 0.2995606090235767, 0.18002682196314912], "k_pid_alt": [1.9899649813212197, 0.029507054150265017, 0.5677472646766998], "k_pid_att": [83.28841104864686, 0.7893252789518884, 0.6119407171984247], "k_pid_yaw": [0.5, 1e-06, 0.1], "k_pid_hsp": [0.0001, 0.0, 0.049714636655353465], "k_pid_vsp": [123.34027423148946, 189.64851697383654, 1e-06]}, "datetime": {"datetime": "2025-08-21 09:13:53", "elapsed": 1750.3350954055786, "delta": 30.041336059570312}, "costs": {"total_cost": 1270.0638775344435, "time_cost": 150, "final_distance_cost": 57.48461590189169, "oscillation_cost": 62.947726678458935, "completition_cost": 888.8888888888888, "overshoot_cost": 78.96657445776539, "power_cost": 17.05150974121094, "noise_cost": 14.724561866227855, "n_waypoints_completed": 1, "tot_waypoints": 9}}
{"target": -1262.2041037621461, "params": {"k_pid_pos": [0.0001, 0.13579885944850248, 0.3645886235042944], "k_pid_alt": [1.4914257337581518, 0.5504555856024896, 0.0], "k_pid_att": [62.55709734557622, 0.6893864092684755, 0.12425620935709562], "k_pid_yaw": [0.5, 1e-06, 0.1], "k_pid_hsp": [0.0001, 0.12547715557691588, 0.0], "k_pid_vsp": [78.64471461507044, 1e-06, 1e-06]}, "datetime": {"datetime": "2025-08-21 09:14:21", "elapsed": 1778.0461566448212, "delta": 27.711061239242554}, "costs": {"total_cost": 1262.2041037621461, "time_cost": 150, "final_distance_cost": 47.64802825568531, "oscillation_cost": 39.80733910924288, "completition_cost": 888.8888888888888, "overshoot_cost": 109.07894592942051, "power_cost": 13.543532580566406, "noise_cost": 13.237368998342076, "n_waypoints_completed": 1, "tot_waypoints": 9}}
{"target": -920.1900913576418, "params": {"k_pid_pos": [1.0892722550158904, 0.2715958223771453, 0.2910092328139357], "k_pid_alt": [1.0525614756721224, 0.0, 0.6045081101390671], "k_pid_att": [16.71157901657061, 2.1785531839745578, 0.5353064147291254], "k_pid_yaw": [0.5, 1e-06, 0.1], "k_pid_hsp": [4.38060978468154, 0.11028797842012283, 0.09817292621335949], "k_pid_vsp": [145.55653223963935, 75.18351559884046, 95.84645557589685]}, "datetime": {"datetime": "2025-08-21 09:14:50", "elapsed": 1806.9639768600464, "delta": 28.91782021522522}, "costs": {"total_cost": 920.1900913576418, "time_cost": 150, "final_distance_cost": 44.07100874288046, "oscillation_cost": 89.62358207320327, "completition_cost": 555.5555555555555, "overshoot_cost": 37.87205046539203, "power_cost": 25.34373807373047, "noise_cost": 17.724156446879988, "n_waypoints_completed": 4, "tot_waypoints": 9}}
{"target": -13963.419501065186, "params": {"k_pid_pos": [1.9107138263807961, 0.376164787355778, 0.5670269848735519], "k_pid_alt": [0.076381613928444, 0.0, 0.0], "k_pid_att": [0.0, 1.8852820594950679, 0.2117671756216135], "k_pid_yaw": [0.5, 1e-06, 0.1], "k_pid_hsp": [8.239828381906355, 0.34083508343769503, 0.0], "k_pid_vsp": [400.0, 1e-06, 19.332598605556587]}, "datetime": {"datetime": "2025-08-21 09:15:20", "elapsed": 1837.030418395996, "delta": 30.066441535949707}, "costs": {"total_cost": 13963.419501065186, "time_cost": 150, "final_distance_cost": 4728.5463413704365, "oscillation_cost": 1787.5445776986687, "completition_cost": 1000.0, "overshoot_cost": 6157.134167977097, "power_cost": 36.82460716552735, "noise_cost": 103.36980685345713, "n_waypoints_completed": 0, "tot_waypoints": 9}}
{"target": -310.6571398304944, "params": {"k_pid_pos": [1.5395634510143656, 0.22060136713784492, 0.5460231912215247], "k_pid_alt": [1.513194189994768, 0.46234341512341937, 0.4908003217628331], "k_pid_att": [19.371764929444073, 0.3056861810161618, 0.3647951580207023], "k_pid_yaw": [0.5, 1e-06, 0.1], "k_pid_hsp": [1.178766991939187, 0.0, 0.05792235397873736], "k_pid_vsp": [26.32447637863541, 1e-06, 17.49477211449251]}, "datetime": {"datetime": "2025-08-21 09:15:48", "elapsed": 1865.366946697235, "delta": 28.336528301239014}, "costs": {"total_cost": 310.6571398304944, "time_cost": 92.144, "final_distance_cost": 1.7738641780881015, "oscillation_cost": 125.79001092036522, "completition_cost": 0.0, "overshoot_cost": 59.14754832241152, "power_cost": 17.318704553222656, "noise_cost": 14.483011856406915, "n_waypoints_completed": 9, "tot_waypoints": 9}}
{"target": -818.4696801837914, "params": {"k_pid_pos": [2.0, 0.3972008411894978, 0.0], "k_pid_alt": [1.635160402859339, 0.2779467244408222, 0.6055007969063606], "k_pid_att": [28.4798684906519, 0.0001, 0.7500782196902644], "k_pid_yaw": [0.5, 1e-06, 0.1], "k_pid_hsp": [3.0513033491064956, 0.0726084502640942, 0.5588134773633336], "k_pid_vsp": [349.6171161029729, 4.308945270327541, 166.01270950900332]}, "datetime": {"datetime": "2025-08-21 09:16:18", "elapsed": 1894.5302884578705, "delta": 29.163341760635376}, "costs": {"total_cost": 818.4696801837914, "time_cost": 150, "final_distance_cost": 73.10719569976416, "oscillation_cost": 176.7803768269717, "completition_cost": 333.33333333333337, "overshoot_cost": 55.14864769486768, "power_cost": 17.10666130371094, "noise_cost": 12.993465325143525, "n_waypoints_completed": 6, "tot_waypoints": 9}}
{"target": -239.41506487647808, "params": {"k_pid_pos": [1.8473680414868097, 0.0, 0.8968415133663626], "k_pid_alt": [1.0826342387728263, 0.28897928516716004, 0.4120399539271243], "k_pid_att": [58.89907506131109, 0.10959248819515245, 0.5382186035541375], "k_pid_yaw": [0.5, 1e-06, 0.1], "k_pid_hsp": [3.9177419041127557, 0.2317633619793389, 0.0], "k_pid_vsp": [212.57987127130286, 320.74645181756017, 37.32721633558443]}, "datetime": {"datetime": "2025-08-21 09:16:42", "elapsed": 1918.9344696998596, "delta": 24.404181241989136}, "costs": {"total_cost": 239.41506487647808, "time_cost": 92.19200000000001, "final_distance_cost": 1.815419675459498, "oscillation_cost": 48.366912274257224, "completition_cost": 0.0, "overshoot_cost": 58.193248204474614, "power_cost": 22.574570532226563, "noise_cost": 16.27291419006019, "n_waypoints_completed": 9, "tot_waypoints": 9}}
{"target": -1366.323067015128, "params": {"k_pid_pos": [0.0001, 0.28805595373751813, 0.563395907242316], "k_pid_alt": [0.3737198893494067, 0.23924876599633826, 0.33964142736723973], "k_pid_att": [90.72672000470516, 0.06577630692634417, 0.6404110506372988], "k_pid_yaw": [0.5, 1e-06, 0.1], "k_pid_hsp": [0.0001, 0.047668602558676755, 0.0], "k_pid_vsp": [0.0, 1e-06, 2.454498163685969]}, "datetime": {"datetime": "2025-08-21 09:17:10", "elapsed": 1946.7192678451538, "delta": 27.78479814529419}, "costs": {"total_cost": 1366.323067015128, "time_cost": 150, "final_distance_cost": 10.83890984303497, "oscillation_cost": 14.716773356140834, "completition_cost": 1000.0, "overshoot_cost": 136.83923158915337, "power_cost": 7.635559655761719, "noise_cost": 46.292592571037275, "n_waypoints_completed": 0, "tot_waypoints": 9}}
{"target": -296.34441347155183, "params": {"k_pid_pos": [2.0, 0.2602968513314102, 0.2038377309315138], "k_pid_alt": [1.0616682249145835, 0.46359093562144515, 0.1463085416094612], "k_pid_att": [18.685057370281495, 0.2799407475535611, 0.8996216264303509], "k_pid_yaw": [0.5, 1e-06, 0.1], "k_pid_hsp": [7.991355724484742, 0.12120241529601633, 0.16709140799923627], "k_pid_vsp": [77.42064209695549, 116.1049453803434, 46.619262437828205]}, "datetime": {"datetime": "2025-08-21 09:17:38", "elapsed": 1974.554033279419, "delta": 27.834765434265137}, "costs": {"total_cost": 296.34441347155183, "time_cost": 88.184, "final_distance_cost": 1.7678177560297392, "oscillation_cost": 120.54682696129184, "completition_cost": 0.0, "overshoot_cost": 54.16660618219394, "power_cost": 17.675834680175782, "noise_cost": 14.003327891860543, "n_waypoints_completed": 9, "tot_waypoints": 9}}
{"target": -907.2211440122071, "params": {"k_pid_pos": [0.7684732420740668, 0.13471086629435028, 0.0], "k_pid_alt": [1.8611898058032166, 0.0, 0.6024251819883463], "k_pid_att": [20.047024515040146, 0.0001, 0.724568836012641], "k_pid_yaw": [0.5, 1e-06, 0.1], "k_pid_hsp": [0.0001, 0.005114126136381098, 0.07365616252352329], "k_pid_vsp": [181.57987247033347, 59.48827491333598, 1e-06]}, "datetime": {"datetime": "2025-08-21 09:18:03", "elapsed": 2000.0551328659058, "delta": 25.501099586486816}, "costs": {"total_cost": 907.2211440122071, "time_cost": 150, "final_distance_cost": 27.635941659859725, "oscillation_cost": 55.16170979099549, "completition_cost": 555.5555555555555, "overshoot_cost": 89.00060225975241, "power_cost": 16.0050419921875, "noise_cost": 13.862292753856531, "n_waypoints_completed": 4, "tot_waypoints": 9}}
{"target": -241.1213168297506, "params": {"k_pid_pos": [1.164127497533512, 0.49789663471054535, 0.3580237124491621], "k_pid_alt": [1.5936692850914123, 0.0, 0.5645934726347109], "k_pid_att": [14.991801173070641, 0.0001, 0.8433530556639773], "k_pid_yaw": [0.5, 1e-06, 0.1], "k_pid_hsp": [2.002699284842073, 0.0, 0.12314688084035462], "k_pid_vsp": [238.13240942407404, 1e-06, 1e-06]}, "datetime": {"datetime": "2025-08-21 09:18:29", "elapsed": 2025.6228857040405, "delta": 25.567752838134766}, "costs": {"total_cost": 241.1213168297506, "time_cost": 84.19200000000001, "final_distance_cost": 1.7388591786850316, "oscillation_cost": 69.28526943455644, "completition_cost": 0.0, "overshoot_cost": 53.62867318847323, "power_cost": 17.515494018554687, "noise_cost": 14.761021009481237, "n_waypoints_completed": 9, "tot_waypoints": 9}}
{"target": -463.7357937193687, "params": {"k_pid_pos": [2.0, 0.3867429705839818, 0.31378231772798854], "k_pid_alt": [1.597080842425432, 0.173686105805363, 1.0], "k_pid_att": [15.183801741727288, 1.459623188519527, 0.8586120274958597], "k_pid_yaw": [0.5, 1e-06, 0.1], "k_pid_hsp": [3.49271265782397, 0.030616547936051414, 0.0], "k_pid_vsp": [0.0, 79.67890801267708, 24.569816290381187]}, "datetime": {"datetime": "2025-08-21 09:18:54", "elapsed": 2051.424284219742, "delta": 25.801398515701294}, "costs": {"total_cost": 463.7357937193687, "time_cost": 150, "final_distance_cost": 62.78655522161928, "oscillation_cost": 53.210558563403595, "completition_cost": 111.11111111111116, "overshoot_cost": 48.851246447270334, "power_cost": 21.865597766113282, "noise_cost": 15.910724609851062, "n_waypoints_completed": 8, "tot_waypoints": 9}}
