{"target": -181.2508110622171, "params": {"k_pid_pos": [1.9216813338230052, 0.02698747650416457, 1.0], "k_pid_alt": [1.4521732435601837, 0.0035748135532298014, 0.01361787005233668], "k_pid_att": [18.983729205189114, 0.15792063595508876, 0.4394712842486445], "k_pid_yaw": [0.5, 1e-06, 0.1], "k_pid_hsp": [0.16348934889586586, 0.01908762411322161, 0.0], "k_pid_vsp": [124.93982151288266, 385.7672843009088, 2.434374490625304]}, "datetime": {"datetime": "2025-08-21 14:56:55", "elapsed": 22331.473889112473, "delta": 16.467313766479492}, "costs": {"total_cost": 181.2508110622171, "time_cost": 69.488, "final_distance_cost": 1.830888581995262, "oscillation_cost": 30.86735718992921, "completition_cost": 0.0, "overshoot_cost": 50.600169814303534, "power_cost": 15.387259729003906, "noise_cost": 13.077135746985206, "n_waypoints_completed": 9, "tot_waypoints": 9}}
{"target": -175.52660880170444, "params": {"k_pid_pos": [1.9211235877662822, 0.005228876057764356, 0.7213154337326593], "k_pid_alt": [2.0, 0.004046969959684454, 0.00939077950438075], "k_pid_att": [23.59452085891944, 0.15712102237142758, 0.3589421498533852], "k_pid_yaw": [0.5, 1e-06, 0.1], "k_pid_hsp": [0.13155997590072205, 0.012954732557394504, 0.0], "k_pid_vsp": [226.24903494701599, 259.31000347662047, 0.4571345992112071]}, "datetime": {"datetime": "2025-08-21 14:57:11", "elapsed": 22347.464024543762, "delta": 15.990135431289673}, "costs": {"total_cost": 175.52660880170444, "time_cost": 69.664, "final_distance_cost": 1.8122317779322796, "oscillation_cost": 29.467862876507766, "completition_cost": 0.0, "overshoot_cost": 50.81943066416372, "power_cost": 12.416721044921875, "noise_cost": 11.346362438178796, "n_waypoints_completed": 9, "tot_waypoints": 9}}
{"target": -171.08053078534323, "params": {"k_pid_pos": [1.4878502976805468, 0.03220265016200894, 0.8198643125621888], "k_pid_alt": [1.678148164675169, 0.002369809127177377, 0.006360360738971795], "k_pid_att": [17.28775155496919, 0.11943300754476734, 0.4529062526847571], "k_pid_yaw": [0.5, 1e-06, 0.1], "k_pid_hsp": [0.10556024536986719, 0.017556401252013302, 0.0], "k_pid_vsp": [323.03425746045826, 270.83158866523365, 1.798976226332518]}, "datetime": {"datetime": "2025-08-21 14:57:27", "elapsed": 22364.291215896606, "delta": 16.82719135284424}, "costs": {"total_cost": 171.08053078534323, "time_cost": 69.488, "final_distance_cost": 1.8424622159866997, "oscillation_cost": 27.807535763741754, "completition_cost": 0.0, "overshoot_cost": 50.02598071488055, "power_cost": 11.230780041503907, "noise_cost": 10.685772049230303, "n_waypoints_completed": 9, "tot_waypoints": 9}}
{"target": -185.5424199615239, "params": {"k_pid_pos": [0.8792881412995994, 0.02515312538363193, 0.7483992235369028], "k_pid_alt": [2.0, 0.0037905549061409776, 0.009115509060093787], "k_pid_att": [17.635997341340353, 0.12716716244514234, 0.4413328435957527], "k_pid_yaw": [0.5, 1e-06, 0.1], "k_pid_hsp": [0.16483049799525368, 0.023961342341538017, 0.0], "k_pid_vsp": [323.3348457055282, 207.42680082927404, 1.1612039960779421]}, "datetime": {"datetime": "2025-08-21 14:57:45", "elapsed": 22382.00401854515, "delta": 17.71280264854431}, "costs": {"total_cost": 185.5424199615239, "time_cost": 77.752, "final_distance_cost": 1.8568630320462498, "oscillation_cost": 26.53035713845396, "completition_cost": 0.0, "overshoot_cost": 51.34814631841949, "power_cost": 14.30863486328125, "noise_cost": 13.746418609322967, "n_waypoints_completed": 9, "tot_waypoints": 9}}
{"target": -197.85892634741984, "params": {"k_pid_pos": [0.982467296179235, 0.025897795194319062, 0.9715784273936247], "k_pid_alt": [2.0, 0.005319811473457199, 0.010403692758819028], "k_pid_att": [15.307375621496746, 0.18869231241496554, 0.3435140431314651], "k_pid_yaw": [0.5, 1e-06, 0.1], "k_pid_hsp": [0.2411543821193799, 0.0018140014781813471, 0.0], "k_pid_vsp": [141.8205354904852, 152.12977279763172, 2.214419971319971]}, "datetime": {"datetime": "2025-08-21 14:58:05", "elapsed": 22401.508289575577, "delta": 19.504271030426025}, "costs": {"total_cost": 197.85892634741984, "time_cost": 80.632, "final_distance_cost": 1.852551164872314, "oscillation_cost": 25.15740981960644, "completition_cost": 0.0, "overshoot_cost": 53.62836741661277, "power_cost": 19.816467321777345, "noise_cost": 16.77213062455097, "n_waypoints_completed": 9, "tot_waypoints": 9}}
{"target": -171.01437937079584, "params": {"k_pid_pos": [1.8093718147308426, 0.028921263016184234, 1.0], "k_pid_alt": [2.0, 0.003105414649397861, 0.009520625397977144], "k_pid_att": [18.07458683518958, 0.1648274685598431, 0.34705907278274345], "k_pid_yaw": [0.5, 1e-06, 0.1], "k_pid_hsp": [0.16056805579492311, 0.007501431896550101, 0.0], "k_pid_vsp": [173.6760007994767, 219.57800122920085, 1.8012548624354296]}, "datetime": {"datetime": "2025-08-21 14:58:21", "elapsed": 22418.37316918373, "delta": 16.864879608154297}, "costs": {"total_cost": 171.01437937079584, "time_cost": 69.64, "final_distance_cost": 1.8419811709538139, "oscillation_cost": 27.414532905945293, "completition_cost": 0.0, "overshoot_cost": 50.280142404016004, "power_cost": 11.004591418457032, "noise_cost": 10.833131471423682, "n_waypoints_completed": 9, "tot_waypoints": 9}}
{"target": -171.54336123638546, "params": {"k_pid_pos": [1.6327784537043917, 0.029659972761161515, 1.0], "k_pid_alt": [2.0, 0.004005809991311879, 0.010450858990685026], "k_pid_att": [10.266153974107501, 0.18072055764595, 0.33305527839556276], "k_pid_yaw": [0.5, 1e-06, 0.1], "k_pid_hsp": [0.17109079982991005, 0.013077994179877222, 0.0], "k_pid_vsp": [289.2866165677361, 160.15648828106694, 0.742777527855261]}, "datetime": {"datetime": "2025-08-21 14:58:37", "elapsed": 22434.34862422943, "delta": 15.975455045700073}, "costs": {"total_cost": 171.54336123638546, "time_cost": 70.24, "final_distance_cost": 1.8405853075809102, "oscillation_cost": 26.853658194959422, "completition_cost": 0.0, "overshoot_cost": 50.246265951359035, "power_cost": 11.501289233398438, "noise_cost": 10.861562549087656, "n_waypoints_completed": 9, "tot_waypoints": 9}}
{"target": -175.66231508431517, "params": {"k_pid_pos": [1.454441938659446, 0.031542839196663404, 1.0], "k_pid_alt": [2.0, 0.002752596631636949, 0.011864822047213648], "k_pid_att": [11.582959461945393, 0.1711287372669832, 0.37200093100918674], "k_pid_yaw": [0.5, 1e-06, 0.1], "k_pid_hsp": [0.28240856435707146, 0.016333403149177337, 0.0], "k_pid_vsp": [226.18998001998185, 56.71654978344225, 2.389454118662375]}, "datetime": {"datetime": "2025-08-21 14:58:55", "elapsed": 22452.06907939911, "delta": 17.720455169677734}, "costs": {"total_cost": 175.66231508431517, "time_cost": 71.416, "final_distance_cost": 1.8409940930723654, "oscillation_cost": 27.664735954630917, "completition_cost": 0.0, "overshoot_cost": 50.79227606131457, "power_cost": 12.179057971191407, "noise_cost": 11.7692510041059, "n_waypoints_completed": 9, "tot_waypoints": 9}}
{"target": -181.13092908541708, "params": {"k_pid_pos": [0.9173259250312462, 0.028381310947280764, 0.8525283495542076], "k_pid_alt": [1.4836459405497777, 0.002326783596041298, 0.014110369276692352], "k_pid_att": [20.522736865633252, 0.12312178399676503, 0.4991325985723248], "k_pid_yaw": [0.5, 1e-06, 0.1], "k_pid_hsp": [0.3110522356901249, 0.011775788757642252, 0.0], "k_pid_vsp": [310.70604423809647, 198.4103328871213, 1.460204339849156]}, "datetime": {"datetime": "2025-08-21 14:59:15", "elapsed": 22471.468433856964, "delta": 19.399354457855225}, "costs": {"total_cost": 181.13092908541708, "time_cost": 79.168, "final_distance_cost": 1.8486723165273893, "oscillation_cost": 26.190328290480846, "completition_cost": 0.0, "overshoot_cost": 50.94583635495568, "power_cost": 10.971559399414064, "noise_cost": 12.00653272403908, "n_waypoints_completed": 9, "tot_waypoints": 9}}
{"target": -169.3926303160327, "params": {"k_pid_pos": [1.4985424886029268, 0.038465905117563336, 0.7003369305745023], "k_pid_alt": [1.9986237719752993, 0.003793865982961435, 0.008762090230158512], "k_pid_att": [11.121555206164283, 0.09355342858164102, 0.3415453279308657], "k_pid_yaw": [0.5, 1e-06, 0.1], "k_pid_hsp": [0.18657103339055695, 0.017580525815079406, 0.0], "k_pid_vsp": [177.93101372837933, 283.61446889858126, 1.0219318387078882]}, "datetime": {"datetime": "2025-08-21 14:59:30", "elapsed": 22487.268571138382, "delta": 15.800137281417847}, "costs": {"total_cost": 169.3926303160327, "time_cost": 69.496, "final_distance_cost": 1.8425830240103678, "oscillation_cost": 27.89756461822409, "completition_cost": 0.0, "overshoot_cost": 50.21809415462486, "power_cost": 9.91853369140625, "noise_cost": 10.01985482776713, "n_waypoints_completed": 9, "tot_waypoints": 9}}
{"target": -175.42167219152313, "params": {"k_pid_pos": [1.8211782968401495, 0.036691600802681294, 0.7292456186927706], "k_pid_alt": [2.0, 0.002329037150590138, 0.010670010834503904], "k_pid_att": [6.479022657510811, 0.1350864518425828, 0.47211794827969816], "k_pid_yaw": [0.5, 1e-06, 0.1], "k_pid_hsp": [0.14766307233416076, 0.017334540939633884, 0.0], "k_pid_vsp": [267.1767860361105, 198.52539749018925, 1.754569674768172]}, "datetime": {"datetime": "2025-08-21 14:59:47", "elapsed": 22503.514632940292, "delta": 16.2460618019104}, "costs": {"total_cost": 175.42167219152313, "time_cost": 69.616, "final_distance_cost": 1.833264757502232, "oscillation_cost": 29.211204049646703, "completition_cost": 0.0, "overshoot_cost": 50.44696001972094, "power_cost": 12.80732879638672, "noise_cost": 11.506914568266557, "n_waypoints_completed": 9, "tot_waypoints": 9}}
{"target": -169.0126150208828, "params": {"k_pid_pos": [1.359299703276862, 0.046582226760605784, 0.9535982933492484], "k_pid_alt": [2.0, 0.006066507518327269, 0.009235952443505243], "k_pid_att": [13.597016969368307, 0.17875747538286269, 0.4491965205124346], "k_pid_yaw": [0.5, 1e-06, 0.1], "k_pid_hsp": [0.15877401096383814, 0.021950926391563652, 0.0], "k_pid_vsp": [261.13243081867273, 245.54335654290594, 0.7924447359637895]}, "datetime": {"datetime": "2025-08-21 15:00:03", "elapsed": 22520.178686141968, "delta": 16.664053201675415}, "costs": {"total_cost": 169.0126150208828, "time_cost": 70.60000000000001, "final_distance_cost": 1.8448095309861838, "oscillation_cost": 27.27227899157878, "completition_cost": 0.0, "overshoot_cost": 49.74524805200853, "power_cost": 9.40725888671875, "noise_cost": 10.143019559590565, "n_waypoints_completed": 9, "tot_waypoints": 9}}
{"target": -171.69184299477004, "params": {"k_pid_pos": [1.2671981691922725, 0.03736278109702614, 0.7995538225981585], "k_pid_alt": [2.0, 0.0022582103063951676, 0.006223548603394419], "k_pid_att": [9.402203669259249, 0.12398750369820004, 0.35489197080934093], "k_pid_yaw": [0.5, 1e-06, 0.1], "k_pid_hsp": [0.21287678862925832, 0.02565746402659751, 0.0], "k_pid_vsp": [146.49952739884085, 160.32299920263708, 2.5288233799281183]}, "datetime": {"datetime": "2025-08-21 15:00:20", "elapsed": 22537.422055244446, "delta": 17.243369102478027}, "costs": {"total_cost": 171.69184299477004, "time_cost": 70.608, "final_distance_cost": 1.8441083366463762, "oscillation_cost": 27.430279722253594, "completition_cost": 0.0, "overshoot_cost": 50.0591068765166, "power_cost": 10.816554248046875, "noise_cost": 10.93379381130658, "n_waypoints_completed": 9, "tot_waypoints": 9}}
{"target": -166.36809754682818, "params": {"k_pid_pos": [1.6798368829976704, 0.05012366031577847, 0.8914165405470663], "k_pid_alt": [2.0, 0.003202987797161825, 0.008257752584069274], "k_pid_att": [13.082498562672518, 0.1621600176160247, 0.19587894468759134], "k_pid_yaw": [0.5, 1e-06, 0.1], "k_pid_hsp": [0.2317353463683256, 0.011032381922855418, 0.0], "k_pid_vsp": [293.23231620759543, 267.7840792161276, 1.392680815435772]}, "datetime": {"datetime": "2025-08-21 15:00:37", "elapsed": 22553.92067360878, "delta": 16.498618364334106}, "costs": {"total_cost": 166.36809754682818, "time_cost": 69.152, "final_distance_cost": 1.8437446703964655, "oscillation_cost": 28.34014926322692, "completition_cost": 0.0, "overshoot_cost": 49.93555378375304, "power_cost": 7.942050146484376, "noise_cost": 9.154599682967374, "n_waypoints_completed": 9, "tot_waypoints": 9}}
{"target": -166.98855969074242, "params": {"k_pid_pos": [1.9523373132609854, 0.051438803318883806, 1.0], "k_pid_alt": [2.0, 0.0035506943559691037, 0.007860767276282122], "k_pid_att": [16.417168518756693, 0.15920673187361448, 0.2901365267524851], "k_pid_yaw": [0.5, 1e-06, 0.1], "k_pid_hsp": [0.2861168008064207, 0.012838443537642937, 0.0], "k_pid_vsp": [138.31466130210296, 164.69040965663424, 2.449369222338871]}, "datetime": {"datetime": "2025-08-21 15:00:53", "elapsed": 22569.899040222168, "delta": 15.978366613388062}, "costs": {"total_cost": 166.98855969074242, "time_cost": 69.0, "final_distance_cost": 1.837198198198867, "oscillation_cost": 29.73951729865005, "completition_cost": 0.0, "overshoot_cost": 49.60085694909677, "power_cost": 7.961419738769532, "noise_cost": 8.849567506027208, "n_waypoints_completed": 9, "tot_waypoints": 9}}
{"target": -175.7736488234236, "params": {"k_pid_pos": [1.7285655703507128, 0.04531639120443601, 0.7679933393530579], "k_pid_alt": [2.0, 0.004359410509233477, 0.003264851027576718], "k_pid_att": [15.785977693466966, 0.18416024310747206, 0.6170642554641012], "k_pid_yaw": [0.5, 1e-06, 0.1], "k_pid_hsp": [0.23273211404546, 0.01663989736659366, 0.0], "k_pid_vsp": [251.70673420336593, 310.83728922765636, 1.6568753855859277]}, "datetime": {"datetime": "2025-08-21 15:01:10", "elapsed": 22586.834810972214, "delta": 16.935770750045776}, "costs": {"total_cost": 175.7736488234236, "time_cost": 69.72, "final_distance_cost": 1.8423957740357024, "oscillation_cost": 28.964052370944444, "completition_cost": 0.0, "overshoot_cost": 50.01288325001392, "power_cost": 13.350998107910156, "noise_cost": 11.883319320519382, "n_waypoints_completed": 9, "tot_waypoints": 9}}
{"target": -171.19650143854966, "params": {"k_pid_pos": [2.0, 0.03900525514940749, 0.9658576110097025], "k_pid_alt": [1.7125972471902342, 0.004487250437516087, 0.00981847758219223], "k_pid_att": [8.822186784345947, 0.16895048214984168, 0.2741696484438049], "k_pid_yaw": [0.5, 1e-06, 0.1], "k_pid_hsp": [0.18936278527412506, 0.015160743860160078, 0.0], "k_pid_vsp": [225.03624202087656, 109.59056889886044, 1.238894714397938]}, "datetime": {"datetime": "2025-08-21 15:01:25", "elapsed": 22602.38338446617, "delta": 15.54857349395752}, "costs": {"total_cost": 171.19650143854966, "time_cost": 68.944, "final_distance_cost": 1.83334549290835, "oscillation_cost": 29.878723849029655, "completition_cost": 0.0, "overshoot_cost": 50.45453974327684, "power_cost": 9.90997822265625, "noise_cost": 10.175914130678565, "n_waypoints_completed": 9, "tot_waypoints": 9}}
{"target": -175.85485829461717, "params": {"k_pid_pos": [1.8145305865498245, 0.06031591504004477, 1.0], "k_pid_alt": [2.0, 0.0043215527316937665, 0.012689098940308188], "k_pid_att": [13.380106672526429, 0.2085157861447907, 0.4116487215550752], "k_pid_yaw": [0.5, 1e-06, 0.1], "k_pid_hsp": [0.1817369926510414, 0.009659369885146518, 0.0], "k_pid_vsp": [314.50564821309536, 293.06434220300827, 1.7051344716745263]}, "datetime": {"datetime": "2025-08-21 15:01:42", "elapsed": 22618.89532470703, "delta": 16.511940240859985}, "costs": {"total_cost": 175.85485829461717, "time_cost": 69.992, "final_distance_cost": 1.8331638229053633, "oscillation_cost": 27.82444825721081, "completition_cost": 0.0, "overshoot_cost": 50.39269585820148, "power_cost": 13.5425412109375, "noise_cost": 12.270009145362033, "n_waypoints_completed": 9, "tot_waypoints": 9}}
{"target": -170.29896548999753, "params": {"k_pid_pos": [1.5680215386309613, 0.021901068472790008, 0.7813154747888271], "k_pid_alt": [2.0, 0.003179371749201796, 0.007905014103354414], "k_pid_att": [10.918881467522587, 0.2613929324878786, 0.2551579438784229], "k_pid_yaw": [0.5, 1e-06, 0.1], "k_pid_hsp": [0.1229689926529441, 0.012973511408785235, 0.0], "k_pid_vsp": [241.94899049725123, 205.76296406810812, 1.5699403860291936]}, "datetime": {"datetime": "2025-08-21 15:01:58", "elapsed": 22634.938163757324, "delta": 16.04283905029297}, "costs": {"total_cost": 170.29896548999753, "time_cost": 69.08800000000001, "final_distance_cost": 1.8339303730520418, "oscillation_cost": 28.08123473602145, "completition_cost": 0.0, "overshoot_cost": 49.94005523608042, "power_cost": 10.772147192382812, "noise_cost": 10.583597952460803, "n_waypoints_completed": 9, "tot_waypoints": 9}}
{"target": -174.0393475567848, "params": {"k_pid_pos": [1.8431517732210267, 0.043783109616569484, 0.8718939146452646], "k_pid_alt": [1.9464996016632317, 0.0031480136746041324, 0.004954548420986821], "k_pid_att": [11.46483312206494, 0.16526653543846012, 0.22152264268004554], "k_pid_yaw": [0.5, 1e-06, 0.1], "k_pid_hsp": [0.17516550297863498, 0.01640744350959604, 0.0], "k_pid_vsp": [273.177099187421, 293.3430811585168, 1.7067547536783814]}, "datetime": {"datetime": "2025-08-21 15:02:14", "elapsed": 22650.5400762558, "delta": 15.601912498474121}, "costs": {"total_cost": 174.0393475567848, "time_cost": 69.648, "final_distance_cost": 1.8311472364946495, "oscillation_cost": 28.636876444546388, "completition_cost": 0.0, "overshoot_cost": 50.40537775144801, "power_cost": 12.209599548339844, "noise_cost": 11.30834657595594, "n_waypoints_completed": 9, "tot_waypoints": 9}}
{"target": -171.62075084581235, "params": {"k_pid_pos": [1.3849662390255162, 0.037813484410187996, 1.0], "k_pid_alt": [1.6378159584805683, 0.003604163970816729, 0.010713707549591578], "k_pid_att": [16.306908381085538, 0.16720323806356793, 0.2637315472657605], "k_pid_yaw": [0.5, 1e-06, 0.1], "k_pid_hsp": [0.15347824932049578, 0.010133866601607233, 0.0], "k_pid_vsp": [168.08818434181683, 197.67117126864886, 0.7563371147789919]}, "datetime": {"datetime": "2025-08-21 15:02:30", "elapsed": 22667.24937915802, "delta": 16.70930290222168}, "costs": {"total_cost": 171.62075084581235, "time_cost": 71.032, "final_distance_cost": 1.8440748502281756, "oscillation_cost": 25.770244710727784, "completition_cost": 0.0, "overshoot_cost": 50.35735574571357, "power_cost": 11.351067810058595, "noise_cost": 11.266007729084233, "n_waypoints_completed": 9, "tot_waypoints": 9}}
{"target": -181.34389429920205, "params": {"k_pid_pos": [1.812087951244142, 0.05338038876759075, 0.4497705399703967], "k_pid_alt": [2.0, 0.004390912459401939, 0.009560547396849558], "k_pid_att": [21.612586673836727, 0.21299713411704146, 0.19338203571970247], "k_pid_yaw": [0.5, 1e-06, 0.1], "k_pid_hsp": [0.21071361026907454, 0.009342935163578855, 0.0], "k_pid_vsp": [195.6312854904423, 120.90035458608281, 1.926769485103721]}, "datetime": {"datetime": "2025-08-21 15:02:46", "elapsed": 22682.544408082962, "delta": 15.295028924942017}, "costs": {"total_cost": 181.34389429920205, "time_cost": 69.48, "final_distance_cost": 1.8048097083390913, "oscillation_cost": 30.467983251958692, "completition_cost": 0.0, "overshoot_cost": 51.122410456846644, "power_cost": 15.483522888183595, "noise_cost": 12.985167993874038, "n_waypoints_completed": 9, "tot_waypoints": 9}}
{"target": -174.40768127934885, "params": {"k_pid_pos": [0.9913158832381977, 0.051976665119711996, 0.48419939479708063], "k_pid_alt": [1.9452547347376365, 0.0028373171221007156, 0.011521849529340442], "k_pid_att": [18.348471064827457, 0.1983866238273626, 0.28971371149928254], "k_pid_yaw": [0.5, 1e-06, 0.1], "k_pid_hsp": [0.17134943454502194, 0.00741938648634403, 0.0], "k_pid_vsp": [250.5808313359441, 277.2176637592821, 1.5535912663254043]}, "datetime": {"datetime": "2025-08-21 15:03:03", "elapsed": 22699.879804372787, "delta": 17.33539628982544}, "costs": {"total_cost": 174.40768127934885, "time_cost": 71.256, "final_distance_cost": 1.8289069274489778, "oscillation_cost": 25.58124135664968, "completition_cost": 0.0, "overshoot_cost": 50.492986704320536, "power_cost": 13.143680578613282, "noise_cost": 12.104865712316373, "n_waypoints_completed": 9, "tot_waypoints": 9}}
{"target": -203.99684973320672, "params": {"k_pid_pos": [1.9508989704689592, 0.026588186962979585, 1.0], "k_pid_alt": [2.0, 0.004127300922511551, 0.015489593424347059], "k_pid_att": [16.89717006197928, 0.1528493906577641, 0.3242186318252808], "k_pid_yaw": [0.5, 1e-06, 0.1], "k_pid_hsp": [0.23589362417873014, 0.006959608508489447, 0.0], "k_pid_vsp": [169.12568698213076, 207.80661075092203, 0.7034376134952108]}, "datetime": {"datetime": "2025-08-21 15:03:21", "elapsed": 22718.36857533455, "delta": 18.488770961761475}, "costs": {"total_cost": 203.99684973320672, "time_cost": 78.168, "final_distance_cost": 1.8370270521721899, "oscillation_cost": 30.70160314808907, "completition_cost": 0.0, "overshoot_cost": 56.45977957811529, "power_cost": 19.01352438964844, "noise_cost": 17.816915565181745, "n_waypoints_completed": 9, "tot_waypoints": 9}}
{"target": -182.5759681637616, "params": {"k_pid_pos": [1.7993725194069292, 0.030123131433109306, 1.0], "k_pid_alt": [1.717874842556661, 0.00331145970138314, 0.007328650303355776], "k_pid_att": [13.483556578007475, 0.17559145945835467, 0.35329317595231013], "k_pid_yaw": [0.5, 1e-06, 0.1], "k_pid_hsp": [0.1850151582242876, 0.017294175404583504, 0.0], "k_pid_vsp": [102.7584903740077, 199.47315217226173, 1.231308468523384]}, "datetime": {"datetime": "2025-08-21 15:03:37", "elapsed": 22734.323033094406, "delta": 15.954457759857178}, "costs": {"total_cost": 182.5759681637616, "time_cost": 70.776, "final_distance_cost": 1.8484863835541268, "oscillation_cost": 30.04425898053068, "completition_cost": 0.0, "overshoot_cost": 51.19245911264257, "power_cost": 15.559465771484376, "noise_cost": 13.155297915549816, "n_waypoints_completed": 9, "tot_waypoints": 9}}
