{"target": -959.2417504290199, "params": {"k_pid_pos": [1.4032288119667744, 0.15002526899513083, 0.7646873464467153], "k_pid_alt": [1.7850720851364017, 0.019804440128234093, 0.07387493839928173], "k_pid_att": [51.893006065739534, 0.25747803487861676, 0.8313529788590613], "k_pid_yaw": [0.5, 1e-06, 0.1], "k_pid_hsp": [0.013038055671904117, 0.09135601844845413, 0.0], "k_pid_vsp": [245.03073982694437, 136.30411248813593, 3.142119983224219]}, "datetime": {"datetime": "2025-08-21 11:58:20", "elapsed": 11617.041816234589, "delta": 23.281513214111328}, "costs": {"total_cost": 959.2417504290199, "time_cost": 150, "final_distance_cost": 45.36948435528039, "oscillation_cost": 99.50855448243819, "completition_cost": 555.5555555555555, "overshoot_cost": 67.24813049223042, "power_cost": 23.789333654785157, "noise_cost": 17.770691888730255, "n_waypoints_completed": 4, "tot_waypoints": 9}}
{"target": -183.26693354704582, "params": {"k_pid_pos": [0.7937451227748386, 0.11827754464296396, 0.4571700171942892], "k_pid_alt": [1.7911321950534784, 0.014178407395557932, 0.10446062096125545], "k_pid_att": [40.058903069035026, 0.2323584536285396, 0.7486451743810006], "k_pid_yaw": [0.5, 1e-06, 0.1], "k_pid_hsp": [0.3693494565745183, 0.06794050833766349, 0.0], "k_pid_vsp": [322.559059645504, 27.55970400505649, 2.3663632082805086]}, "datetime": {"datetime": "2025-08-21 11:58:38", "elapsed": 11634.62775015831, "delta": 17.585933923721313}, "costs": {"total_cost": 183.26693354704582, "time_cost": 76.264, "final_distance_cost": 1.8355881959348488, "oscillation_cost": 27.967477970392643, "completition_cost": 0.0, "overshoot_cost": 51.8236879191743, "power_cost": 12.919637731933594, "noise_cost": 12.456541729610464, "n_waypoints_completed": 9, "tot_waypoints": 9}}
{"target": -174.1176091583442, "params": {"k_pid_pos": [1.6418219585959413, 0.15255441123679808, 0.17149369650147053], "k_pid_alt": [2.0, 0.0011297407182277966, 0.08253351782977926], "k_pid_att": [30.333091034909085, 0.3250261691920471, 0.9399657764271371], "k_pid_yaw": [0.5, 1e-06, 0.1], "k_pid_hsp": [0.695567748872863, 0.038378891249367275, 0.0], "k_pid_vsp": [316.38938530010495, 242.21378036461087, 1.081801058437594]}, "datetime": {"datetime": "2025-08-21 11:58:54", "elapsed": 11650.911318540573, "delta": 16.283568382263184}, "costs": {"total_cost": 174.1176091583442, "time_cost": 68.248, "final_distance_cost": 1.7854185203304251, "oscillation_cost": 33.56517103019601, "completition_cost": 0.0, "overshoot_cost": 49.863598502933456, "power_cost": 10.476664843750001, "noise_cost": 10.178756261134323, "n_waypoints_completed": 9, "tot_waypoints": 9}}
{"target": -176.2240736709154, "params": {"k_pid_pos": [1.804045636383299, 0.10043036559716419, 0.0], "k_pid_alt": [1.2732820589127223, 0.0153901358348914, 0.029630551684471203], "k_pid_att": [37.73077985426906, 0.223459086721267, 0.41766328226391297], "k_pid_yaw": [0.5, 1e-06, 0.1], "k_pid_hsp": [0.37816075171402747, 0.08536210331124645, 0.0], "k_pid_vsp": [400.0, 135.142084381516, 1.9316942089106863]}, "datetime": {"datetime": "2025-08-21 11:59:10", "elapsed": 11666.783825397491, "delta": 15.872506856918335}, "costs": {"total_cost": 176.2240736709154, "time_cost": 68.92, "final_distance_cost": 1.7420585604206893, "oscillation_cost": 39.5295483316587, "completition_cost": 0.0, "overshoot_cost": 49.71863595808272, "power_cost": 7.7635945678710945, "noise_cost": 8.550236252882192, "n_waypoints_completed": 9, "tot_waypoints": 9}}
{"target": -188.43269367502674, "params": {"k_pid_pos": [1.7904074831662677, 0.16667836956963913, 0.09422955487339439], "k_pid_alt": [2.0, 0.010506593836062679, 0.07495166562395726], "k_pid_att": [55.97222142221138, 0.08996727931888172, 1.0], "k_pid_yaw": [0.5, 1e-06, 0.1], "k_pid_hsp": [0.4825321791450832, 0.0723304771800926, 0.0], "k_pid_vsp": [288.4369742824268, 91.29361626832826, 2.797601276486713]}, "datetime": {"datetime": "2025-08-21 11:59:27", "elapsed": 11683.736405849457, "delta": 16.952580451965332}, "costs": {"total_cost": 188.43269367502674, "time_cost": 70.984, "final_distance_cost": 1.7524263791958443, "oscillation_cost": 34.92045729845895, "completition_cost": 0.0, "overshoot_cost": 51.254118481092746, "power_cost": 16.377666137695314, "noise_cost": 13.144025378583898, "n_waypoints_completed": 9, "tot_waypoints": 9}}
{"target": -203.9794355373063, "params": {"k_pid_pos": [0.3106855474313424, 0.21347039986553298, 0.264035211274613], "k_pid_alt": [2.0, 0.009975414468649491, 0.04335643177832025], "k_pid_att": [39.19863285400612, 0.14945097033360547, 0.48019672221190496], "k_pid_yaw": [0.5, 1e-06, 0.1], "k_pid_hsp": [0.6291417323204221, 0.0705269249614783, 0.0], "k_pid_vsp": [240.2686986869805, 228.948617599286, 2.021229089772492]}, "datetime": {"datetime": "2025-08-21 11:59:48", "elapsed": 11705.44873547554, "delta": 21.712329626083374}, "costs": {"total_cost": 203.9794355373063, "time_cost": 91.60000000000001, "final_distance_cost": 1.8251830408362517, "oscillation_cost": 25.36195839680851, "completition_cost": 0.0, "overshoot_cost": 53.395846911374086, "power_cost": 16.32471072998047, "noise_cost": 15.471736458306955, "n_waypoints_completed": 9, "tot_waypoints": 9}}
{"target": -182.14463404675752, "params": {"k_pid_pos": [1.3931762187792451, 0.06990854737669981, 0.6119375626937608], "k_pid_alt": [1.9335560977585733, 0.010107892101636413, 0.07251539751583756], "k_pid_att": [42.33720441914604, 0.23749545730615293, 0.509795475696739], "k_pid_yaw": [0.5, 1e-06, 0.1], "k_pid_hsp": [0.6160487858987992, 0.0520696201210659, 0.0], "k_pid_vsp": [88.22149997215045, 286.85742293577647, 2.1968382209216077]}, "datetime": {"datetime": "2025-08-21 12:00:05", "elapsed": 11722.045101881027, "delta": 16.59636640548706}, "costs": {"total_cost": 182.14463404675752, "time_cost": 69.944, "final_distance_cost": 1.842397362101409, "oscillation_cost": 34.028839916378246, "completition_cost": 0.0, "overshoot_cost": 50.21068752234821, "power_cost": 13.894967614746095, "noise_cost": 12.223741631183563, "n_waypoints_completed": 9, "tot_waypoints": 9}}
{"target": -178.7672751292306, "params": {"k_pid_pos": [1.6102553853403039, 0.1268093921430007, 0.5526344709047907], "k_pid_alt": [0.8692839932253905, 0.008952817202390594, 0.12042437229744855], "k_pid_att": [42.72927142309707, 0.2830476163010061, 0.6280200988025656], "k_pid_yaw": [0.5, 1e-06, 0.1], "k_pid_hsp": [0.35490071543015017, 0.04989850541434357, 0.0], "k_pid_vsp": [13.784018796066553, 107.03057663380093, 1.5703667358787923]}, "datetime": {"datetime": "2025-08-21 12:00:23", "elapsed": 11740.064107656479, "delta": 18.01900577545166}, "costs": {"total_cost": 178.7672751292306, "time_cost": 70.024, "final_distance_cost": 1.793688525889363, "oscillation_cost": 32.873048403407005, "completition_cost": 0.0, "overshoot_cost": 49.51631604674239, "power_cost": 13.121816345214844, "noise_cost": 11.43840580797697, "n_waypoints_completed": 9, "tot_waypoints": 9}}
{"target": -175.5212323231648, "params": {"k_pid_pos": [1.858636806614774, 0.117998871599329, 0.27573331769017456], "k_pid_alt": [1.349617423044392, 0.0125626010314581, 0.024443950662954166], "k_pid_att": [47.18394862101869, 0.271657983189813, 0.585335637077532], "k_pid_yaw": [0.5, 1e-06, 0.1], "k_pid_hsp": [0.22478712113381275, 0.044335269117284366, 0.0], "k_pid_vsp": [205.3103122967212, 288.9544744110503, 1.947570699955244]}, "datetime": {"datetime": "2025-08-21 12:00:40", "elapsed": 11757.379903793335, "delta": 17.31579613685608}, "costs": {"total_cost": 175.5212323231648, "time_cost": 68.47200000000001, "final_distance_cost": 1.787792971166048, "oscillation_cost": 35.28266324412758, "completition_cost": 0.0, "overshoot_cost": 50.31129974197606, "power_cost": 9.869276245117188, "noise_cost": 9.79820012077791, "n_waypoints_completed": 9, "tot_waypoints": 9}}
{"target": -176.25586565975132, "params": {"k_pid_pos": [1.9656229468767947, 0.16620711250283074, 0.4649878102206939], "k_pid_alt": [1.7033253666897235, 0.008554473752170944, 0.05806245976279383], "k_pid_att": [70.23257748559644, 0.23771517599105496, 0.6844689418040549], "k_pid_yaw": [0.5, 1e-06, 0.1], "k_pid_hsp": [0.7252863157234438, 0.03374239576997105, 0.0], "k_pid_vsp": [268.21132862589906, 218.56559959037995, 4.3329669406788724]}, "datetime": {"datetime": "2025-08-21 12:00:58", "elapsed": 11775.25280380249, "delta": 17.872900009155273}, "costs": {"total_cost": 176.25586565975132, "time_cost": 68.432, "final_distance_cost": 1.7578604484183926, "oscillation_cost": 33.74608449500217, "completition_cost": 0.0, "overshoot_cost": 49.94640888329133, "power_cost": 11.531133471679688, "noise_cost": 10.842378361359744, "n_waypoints_completed": 9, "tot_waypoints": 9}}
{"target": -600.3427184012196, "params": {"k_pid_pos": [2.0, 0.07402447609807677, 0.5517296667668511], "k_pid_alt": [2.0, 0.0015046997958112686, 0.07255529198641907], "k_pid_att": [31.610531308626197, 0.20659317121036858, 0.3762400701977741], "k_pid_yaw": [0.5, 1e-06, 0.1], "k_pid_hsp": [0.6121489383795256, 0.03561584196530121, 0.0], "k_pid_vsp": [400.0, 171.26999138608207, 10.898248131621257]}, "datetime": {"datetime": "2025-08-21 12:01:24", "elapsed": 11800.961642026901, "delta": 25.70883822441101}, "costs": {"total_cost": 600.3427184012196, "time_cost": 150, "final_distance_cost": 71.65240436003758, "oscillation_cost": 31.064895043325414, "completition_cost": 222.2222222222222, "overshoot_cost": 65.0069236309461, "power_cost": 31.72679509277344, "noise_cost": 28.669478051915, "n_waypoints_completed": 7, "tot_waypoints": 9}}
{"target": -192.61306283032022, "params": {"k_pid_pos": [1.0696612108590218, 0.14219695056493675, 0.5003680087550757], "k_pid_alt": [1.5441165544217814, 0.009911623625088304, 0.08500315489157044], "k_pid_att": [25.285225578418224, 0.17615923251855606, 0.7140059726525677], "k_pid_yaw": [0.5, 1e-06, 0.1], "k_pid_hsp": [0.969362988842445, 0.050822721832010025, 0.0], "k_pid_vsp": [400.0, 196.30951324729003, 2.8434143764341617]}, "datetime": {"datetime": "2025-08-21 12:01:44", "elapsed": 11820.452644824982, "delta": 19.491002798080444}, "costs": {"total_cost": 192.61306283032022, "time_cost": 74.528, "final_distance_cost": 1.8423462153957317, "oscillation_cost": 30.091209632752307, "completition_cost": 0.0, "overshoot_cost": 53.10033636540542, "power_cost": 18.112314965820314, "noise_cost": 14.938855650946424, "n_waypoints_completed": 9, "tot_waypoints": 9}}
{"target": -182.83018197627675, "params": {"k_pid_pos": [1.6782248313207466, 0.07827519352125371, 0.23796290356452263], "k_pid_alt": [1.7072245663807912, 0.00834736952554318, 0.046405032609859204], "k_pid_att": [20.482756055803474, 0.28373904434587605, 0.27643993391828725], "k_pid_yaw": [0.5, 1e-06, 0.1], "k_pid_hsp": [0.4227720007940798, 0.0691274861167218, 0.0], "k_pid_vsp": [133.54809437643743, 165.66373083179545, 1.7823884963652652]}, "datetime": {"datetime": "2025-08-21 12:02:02", "elapsed": 11838.616545438766, "delta": 18.16390061378479}, "costs": {"total_cost": 182.83018197627675, "time_cost": 69.34400000000001, "final_distance_cost": 1.7726216456061126, "oscillation_cost": 32.899552103650294, "completition_cost": 0.0, "overshoot_cost": 51.278065940765885, "power_cost": 15.075426342773438, "noise_cost": 12.460515943481024, "n_waypoints_completed": 9, "tot_waypoints": 9}}
{"target": -172.69858378832106, "params": {"k_pid_pos": [1.7877815269183503, 0.10827631451330821, 1.0], "k_pid_alt": [2.0, 0.0012204229164457143, 0.05333136154565308], "k_pid_att": [85.97372700061449, 0.27241323524858524, 1.0], "k_pid_yaw": [0.5, 1e-06, 0.1], "k_pid_hsp": [0.2842850404030554, 0.028092626270839628, 0.0], "k_pid_vsp": [400.0, 96.83200359848804, 0.016083850442411524]}, "datetime": {"datetime": "2025-08-21 12:02:19", "elapsed": 11856.430792093277, "delta": 17.814246654510498}, "costs": {"total_cost": 172.69858378832106, "time_cost": 69.944, "final_distance_cost": 1.8251716262113087, "oscillation_cost": 32.2064042553095, "completition_cost": 0.0, "overshoot_cost": 50.471618440097345, "power_cost": 8.70514248046875, "noise_cost": 9.546246986234152, "n_waypoints_completed": 9, "tot_waypoints": 9}}
{"target": -184.6392371672415, "params": {"k_pid_pos": [0.7291855109610426, 0.09785164670109221, 0.5946762481724442], "k_pid_alt": [2.0, 0.0012384529341509106, 0.0683186108247917], "k_pid_att": [19.449385757869347, 0.30795863941464846, 1.0], "k_pid_yaw": [0.5, 1e-06, 0.1], "k_pid_hsp": [0.5362428579284543, 0.03802207566557942, 0.0], "k_pid_vsp": [341.64017108055606, 89.1611861333294, 2.5304568082435868]}, "datetime": {"datetime": "2025-08-21 12:02:38", "elapsed": 11875.002704143524, "delta": 18.571912050247192}, "costs": {"total_cost": 184.6392371672415, "time_cost": 78.64, "final_distance_cost": 1.8441918816654943, "oscillation_cost": 26.896253271394276, "completition_cost": 0.0, "overshoot_cost": 51.887168660653415, "power_cost": 12.504009936523438, "noise_cost": 12.867613417004893, "n_waypoints_completed": 9, "tot_waypoints": 9}}
{"target": -845.8549817400316, "params": {"k_pid_pos": [0.17415694644030033, 0.10979997112118, 0.7425008396708727], "k_pid_alt": [2.0, 0.0009436949728042395, 0.07164759065356184], "k_pid_att": [46.10840942304327, 0.2869584703231405, 1.0], "k_pid_yaw": [0.5, 1e-06, 0.1], "k_pid_hsp": [0.5349512306304475, 0.052811703514447965, 0.0], "k_pid_vsp": [134.94996181416352, 91.23577392861414, 2.9891845138242163]}, "datetime": {"datetime": "2025-08-21 12:03:03", "elapsed": 11900.237304925919, "delta": 25.23460078239441}, "costs": {"total_cost": 845.8549817400316, "time_cost": 150, "final_distance_cost": 45.25079505042582, "oscillation_cost": 8.150879006158759, "completition_cost": 555.5555555555555, "overshoot_cost": 54.18138337073497, "power_cost": 17.87981462402344, "noise_cost": 14.836554133133037, "n_waypoints_completed": 4, "tot_waypoints": 9}}
{"target": -208.48635544879446, "params": {"k_pid_pos": [1.1703359594781435, 0.20230193479866318, 0.6039745387318599], "k_pid_alt": [2.0, 0.006335954003606748, 0.06797737630690491], "k_pid_att": [37.88320612484223, 0.2142199631963937, 0.9185008942316127], "k_pid_yaw": [0.5, 1e-06, 0.1], "k_pid_hsp": [0.07610552895524954, 0.04532484335276362, 0.0], "k_pid_vsp": [325.9005054788496, 174.98629350178945, 7.720941606487135]}, "datetime": {"datetime": "2025-08-21 12:03:25", "elapsed": 11921.593429327011, "delta": 21.35612440109253}, "costs": {"total_cost": 208.48635544879446, "time_cost": 80.744, "final_distance_cost": 1.820384330357731, "oscillation_cost": 34.22290564965428, "completition_cost": 0.0, "overshoot_cost": 52.23166920004672, "power_cost": 22.470917333984374, "noise_cost": 16.99647893475136, "n_waypoints_completed": 9, "tot_waypoints": 9}}
{"target": -175.61519230378283, "params": {"k_pid_pos": [1.9965393165745542, 0.11026493574483616, 0.6490722829755095], "k_pid_alt": [2.0, 0.005278474171399432, 0.07019146233801558], "k_pid_att": [72.46005281749909, 0.23529188675007154, 0.1444622016736349], "k_pid_yaw": [0.5, 1e-06, 0.1], "k_pid_hsp": [0.5651287681113774, 0.04781251554279262, 0.0], "k_pid_vsp": [309.76943961660743, 306.3772391743061, 2.896492889994899]}, "datetime": {"datetime": "2025-08-21 12:03:42", "elapsed": 11938.494537353516, "delta": 16.901108026504517}, "costs": {"total_cost": 175.61519230378283, "time_cost": 69.08800000000001, "final_distance_cost": 1.8203985387646773, "oscillation_cost": 33.58683254754215, "completition_cost": 0.0, "overshoot_cost": 49.98689032268381, "power_cost": 10.701346594238283, "noise_cost": 10.431724300553885, "n_waypoints_completed": 9, "tot_waypoints": 9}}
{"target": -185.33183654952933, "params": {"k_pid_pos": [1.6621480623879359, 0.06600975555017176, 0.5030984590721199], "k_pid_alt": [1.4103678054261277, 0.0, 0.07926749884528825], "k_pid_att": [49.458323728799805, 0.1933783078269001, 0.8637006568470396], "k_pid_yaw": [0.5, 1e-06, 0.1], "k_pid_hsp": [0.5241352333423835, 0.077469422990615, 0.0], "k_pid_vsp": [368.5235807706434, 211.9956997360077, 1.983543506864158]}, "datetime": {"datetime": "2025-08-21 12:03:58", "elapsed": 11955.25755906105, "delta": 16.76302170753479}, "costs": {"total_cost": 185.33183654952933, "time_cost": 70.536, "final_distance_cost": 1.820544528651144, "oscillation_cost": 31.590054251701257, "completition_cost": 0.0, "overshoot_cost": 50.78563753390838, "power_cost": 16.974287036132814, "noise_cost": 13.625313199135745, "n_waypoints_completed": 9, "tot_waypoints": 9}}
{"target": -186.7997289425045, "params": {"k_pid_pos": [1.3709941925969087, 0.31791889935793455, 0.7517395515018869], "k_pid_alt": [2.0, 0.014227034240312275, 0.048104629805064414], "k_pid_att": [32.32729875896218, 0.20199410425748007, 0.581477379204772], "k_pid_yaw": [0.5, 1e-06, 0.1], "k_pid_hsp": [0.5794045804513456, 0.0463517632867494, 0.0], "k_pid_vsp": [208.5488191791319, 232.02147423477285, 4.653728024278979]}, "datetime": {"datetime": "2025-08-21 12:04:16", "elapsed": 11973.176522493362, "delta": 17.91896343231201}, "costs": {"total_cost": 186.7997289425045, "time_cost": 76.176, "final_distance_cost": 1.8191551048012295, "oscillation_cost": 30.672187991654845, "completition_cost": 0.0, "overshoot_cost": 51.19360909841773, "power_cost": 13.932818798828126, "noise_cost": 13.005957948802548, "n_waypoints_completed": 9, "tot_waypoints": 9}}
{"target": -176.5847431568053, "params": {"k_pid_pos": [1.5979836236677876, 0.1364204254594308, 0.7559134232818548], "k_pid_alt": [2.0, 0.013797922466149947, 0.09294345239784807], "k_pid_att": [33.900304750807216, 0.30266384587923056, 1.0], "k_pid_yaw": [0.5, 1e-06, 0.1], "k_pid_hsp": [0.394912736255401, 0.057208277809195796, 0.0], "k_pid_vsp": [400.0, 199.7838297459672, 1e-06]}, "datetime": {"datetime": "2025-08-21 12:04:33", "elapsed": 11990.032469034195, "delta": 16.85594654083252}, "costs": {"total_cost": 176.5847431568053, "time_cost": 69.888, "final_distance_cost": 1.8213224260474212, "oscillation_cost": 30.69006666549583, "completition_cost": 0.0, "overshoot_cost": 50.24248422396043, "power_cost": 12.314942700195314, "noise_cost": 11.627927141106298, "n_waypoints_completed": 9, "tot_waypoints": 9}}
{"target": -181.3265915047836, "params": {"k_pid_pos": [1.944286236905544, 0.19590155123666422, 0.6768917458737015], "k_pid_alt": [1.6127742714495001, 0.016145366932823865, 0.06928846353902506], "k_pid_att": [41.01029164301888, 0.31556720865845306, 0.3248409363341795], "k_pid_yaw": [0.5, 1e-06, 0.1], "k_pid_hsp": [0.32683276024370683, 0.07240443994726053, 0.0], "k_pid_vsp": [329.4152892675973, 312.1276446226231, 3.036242748365647]}, "datetime": {"datetime": "2025-08-21 12:04:50", "elapsed": 12006.479313373566, "delta": 16.446844339370728}, "costs": {"total_cost": 181.3265915047836, "time_cost": 69.544, "final_distance_cost": 1.7925112377320405, "oscillation_cost": 31.80209738756411, "completition_cost": 0.0, "overshoot_cost": 51.02819418979053, "power_cost": 14.781576049804688, "noise_cost": 12.378212639892231, "n_waypoints_completed": 9, "tot_waypoints": 9}}
{"target": -180.11335019954947, "params": {"k_pid_pos": [1.7115380425460167, 0.0755617091454594, 0.5913648202367324], "k_pid_alt": [2.0, 0.016440088571662365, 0.052531481860705005], "k_pid_att": [42.346223030727835, 0.06211789975514601, 0.9548294507899033], "k_pid_yaw": [0.5, 1e-06, 0.1], "k_pid_hsp": [0.7521389110790498, 0.09225243323175869, 0.0], "k_pid_vsp": [120.37919064532018, 139.84620285912334, 3.0932338819829233]}, "datetime": {"datetime": "2025-08-21 12:05:06", "elapsed": 12023.026966571808, "delta": 16.547653198242188}, "costs": {"total_cost": 180.11335019954947, "time_cost": 69.152, "final_distance_cost": 1.8344140566979314, "oscillation_cost": 32.65010622249466, "completition_cost": 0.0, "overshoot_cost": 50.48648831469715, "power_cost": 13.704115173339844, "noise_cost": 12.28622643231989, "n_waypoints_completed": 9, "tot_waypoints": 9}}
{"target": -172.6896601998331, "params": {"k_pid_pos": [2.0, 0.1382381018942985, 0.745371669515956], "k_pid_alt": [1.3467364679456306, 0.006695917025707537, 0.06480341175609379], "k_pid_att": [28.089406809094474, 0.24936773066122764, 0.3061837451279645], "k_pid_yaw": [0.5, 1e-06, 0.1], "k_pid_hsp": [0.385389635148645, 0.09329917423746599, 0.0], "k_pid_vsp": [193.88429293591693, 234.6633830986315, 4.88024866076331]}, "datetime": {"datetime": "2025-08-21 12:05:22", "elapsed": 12038.786490678787, "delta": 15.75952410697937}, "costs": {"total_cost": 172.6896601998331, "time_cost": 68.496, "final_distance_cost": 1.8268036513629877, "oscillation_cost": 32.86257481499291, "completition_cost": 0.0, "overshoot_cost": 49.227441548654554, "power_cost": 10.228455603027344, "noise_cost": 10.048384581795302, "n_waypoints_completed": 9, "tot_waypoints": 9}}
{"target": -219.26412290045852, "params": {"k_pid_pos": [2.0, 0.1577349722740873, 0.785446873614279], "k_pid_alt": [1.7156390836003592, 0.010719466519320486, 0.17952379534570417], "k_pid_att": [39.72115087265207, 0.22775787890194357, 1.0], "k_pid_yaw": [0.5, 1e-06, 0.1], "k_pid_hsp": [0.04023130105137318, 0.06449674067568056, 0.0], "k_pid_vsp": [183.39006054080906, 202.02092274477528, 3.7810009470968455]}, "datetime": {"datetime": "2025-08-21 12:05:40", "elapsed": 12056.623989582062, "delta": 17.837498903274536}, "costs": {"total_cost": 219.26412290045852, "time_cost": 75.848, "final_distance_cost": 1.793584469173934, "oscillation_cost": 52.31991164140631, "completition_cost": 0.0, "overshoot_cost": 53.9880757678358, "power_cost": 19.858696398925783, "noise_cost": 15.45585462311669, "n_waypoints_completed": 9, "tot_waypoints": 9}}
