{"target": -180.24221767442813, "params": {"k_pid_pos": [1.691616513554143, 0.10831093566925372, 0.599797914612028], "k_pid_alt": [1.6484240726217465, 0.01688711246002215, 0.025216113336770457], "k_pid_att": [65.78255050769633, 0.1805295890399524, 0.6991632369256187], "k_pid_yaw": [0.5, 1e-06, 0.1], "k_pid_hsp": [0.7269330788203767, 0.0964935075005174, 0.0], "k_pid_vsp": [211.8604060993581, 1e-06, 5.619876469292707]}, "datetime": {"datetime": "2025-08-21 11:06:52", "elapsed": 8529.238036632538, "delta": 16.12049388885498}, "costs": {"total_cost": 180.24221767442813, "time_cost": 71.08, "final_distance_cost": 1.839498914178675, "oscillation_cost": 32.26471711006438, "completition_cost": 0.0, "overshoot_cost": 51.2787360486503, "power_cost": 12.14960994873047, "noise_cost": 11.629655652804292, "n_waypoints_completed": 9, "tot_waypoints": 9}}
{"target": -176.22399038963962, "params": {"k_pid_pos": [2.0, 0.09502749101838033, 0.5755664121929956], "k_pid_alt": [1.0607222258554743, 0.016785133501460627, 0.04598827511300213], "k_pid_att": [49.064621071488695, 0.21412078300243856, 0.662543788265648], "k_pid_yaw": [0.5, 1e-06, 0.1], "k_pid_hsp": [0.4763761357410978, 0.013838907320996885, 0.0], "k_pid_vsp": [375.8403186617658, 400.0, 7.029491560786924]}, "datetime": {"datetime": "2025-08-21 11:07:08", "elapsed": 8544.87186384201, "delta": 15.633827209472656}, "costs": {"total_cost": 176.22399038963962, "time_cost": 68.968, "final_distance_cost": 1.7996649944325596, "oscillation_cost": 31.482885901625664, "completition_cost": 0.0, "overshoot_cost": 50.065932155799715, "power_cost": 12.614468041992188, "noise_cost": 11.293039295789498, "n_waypoints_completed": 9, "tot_waypoints": 9}}
{"target": -225.21665908417717, "params": {"k_pid_pos": [2.0, 0.22033580771938702, 0.4856971999487212], "k_pid_alt": [0.28575413862895077, 0.004580305172937602, 0.04371358866098285], "k_pid_att": [50.238388171313254, 0.19648055053372415, 1.0], "k_pid_yaw": [0.5, 1e-06, 0.1], "k_pid_hsp": [0.6173224638673039, 0.09545828947017632, 0.0], "k_pid_vsp": [400.0, 288.2941653516084, 1.594934027497206]}, "datetime": {"datetime": "2025-08-21 11:07:29", "elapsed": 8566.209547996521, "delta": 21.337684154510498}, "costs": {"total_cost": 225.21665908417717, "time_cost": 93.8, "final_distance_cost": 1.855621452782974, "oscillation_cost": 38.90407767068437, "completition_cost": 0.0, "overshoot_cost": 52.4973328776816, "power_cost": 21.215926281738284, "noise_cost": 16.943700801289925, "n_waypoints_completed": 9, "tot_waypoints": 9}}
{"target": -183.25214996599328, "params": {"k_pid_pos": [1.2313485741328845, 0.1800788722749241, 1.0], "k_pid_alt": [1.2773803976685356, 0.024396755153296285, 0.05986061995675712], "k_pid_att": [77.32121607634511, 0.12222741644985795, 0.8005742249157309], "k_pid_yaw": [0.5, 1e-06, 0.1], "k_pid_hsp": [0.8987402530885434, 0.0, 0.0], "k_pid_vsp": [224.31772845580633, 268.20281154321, 5.179274001012829]}, "datetime": {"datetime": "2025-08-21 11:07:46", "elapsed": 8583.344900608063, "delta": 17.135352611541748}, "costs": {"total_cost": 183.25214996599328, "time_cost": 74.904, "final_distance_cost": 1.8407118611815807, "oscillation_cost": 32.404949077775754, "completition_cost": 0.0, "overshoot_cost": 50.92019036293092, "power_cost": 11.604966064453125, "noise_cost": 11.577332599651932, "n_waypoints_completed": 9, "tot_waypoints": 9}}
{"target": -171.77660795109276, "params": {"k_pid_pos": [2.0, 0.18417560047147422, 1.0], "k_pid_alt": [0.9782461257405611, 0.017088843607265498, 0.04497952526163349], "k_pid_att": [40.57640191437207, 0.1985629178841294, 0.4202530124560295], "k_pid_yaw": [0.5, 1e-06, 0.1], "k_pid_hsp": [0.3169174313561656, 0.006652858518209554, 0.0], "k_pid_vsp": [20.982039267762683, 174.34268777853845, 1e-06]}, "datetime": {"datetime": "2025-08-21 11:08:03", "elapsed": 8599.46998333931, "delta": 16.12508273124695}, "costs": {"total_cost": 171.77660795109276, "time_cost": 69.208, "final_distance_cost": 1.8350929007461116, "oscillation_cost": 33.11879669692453, "completition_cost": 0.0, "overshoot_cost": 49.8348718245907, "power_cost": 8.7151818359375, "noise_cost": 9.064664692893938, "n_waypoints_completed": 9, "tot_waypoints": 9}}
{"target": -177.1817185956271, "params": {"k_pid_pos": [2.0, 0.12207369490730158, 0.401688231620132], "k_pid_alt": [0.9352123103432234, 0.013531647354511072, 0.09078123319760661], "k_pid_att": [49.3985712538485, 0.22044943204653764, 1.0], "k_pid_yaw": [0.5, 1e-06, 0.1], "k_pid_hsp": [0.34038699407276435, 0.019558807046308923, 0.0], "k_pid_vsp": [400.0, 367.8309163243521, 8.140528760553831]}, "datetime": {"datetime": "2025-08-21 11:08:19", "elapsed": 8615.518189907074, "delta": 16.048206567764282}, "costs": {"total_cost": 177.1817185956271, "time_cost": 69.408, "final_distance_cost": 1.7822663783986459, "oscillation_cost": 33.62177804621616, "completition_cost": 0.0, "overshoot_cost": 50.05302041683723, "power_cost": 11.6906337890625, "noise_cost": 10.626019965112555, "n_waypoints_completed": 9, "tot_waypoints": 9}}
{"target": -187.4498138615248, "params": {"k_pid_pos": [2.0, 0.03185079019808384, 0.14795817581224188], "k_pid_alt": [1.4341211001244112, 0.017878655758960204, 0.04528864196572035], "k_pid_att": [21.921376122568716, 0.19835947202605134, 1.0], "k_pid_yaw": [0.5, 1e-06, 0.1], "k_pid_hsp": [0.22131828774085002, 0.08421827528181909, 0.0], "k_pid_vsp": [246.9140470787786, 251.2742518822018, 6.937950819796417]}, "datetime": {"datetime": "2025-08-21 11:08:34", "elapsed": 8631.10954284668, "delta": 15.591352939605713}, "costs": {"total_cost": 187.4498138615248, "time_cost": 69.12, "final_distance_cost": 1.785070442797458, "oscillation_cost": 41.12888854413492, "completition_cost": 0.0, "overshoot_cost": 49.95726059962898, "power_cost": 13.657403942871094, "noise_cost": 11.801190332092323, "n_waypoints_completed": 9, "tot_waypoints": 9}}
{"target": -180.97852428920547, "params": {"k_pid_pos": [1.561175606563958, 0.029833358957480016, 0.5123964533926435], "k_pid_alt": [1.0109054105866673, 0.011723710499434855, 0.020506342135365757], "k_pid_att": [54.882726163344635, 0.19652487679329153, 1.0], "k_pid_yaw": [0.5, 1e-06, 0.1], "k_pid_hsp": [0.2393287956423048, 0.11244383264432765, 0.0], "k_pid_vsp": [100.1028436870199, 190.89967142747003, 6.055641397019237]}, "datetime": {"datetime": "2025-08-21 11:08:50", "elapsed": 8647.015487909317, "delta": 15.905945062637329}, "costs": {"total_cost": 180.97852428920547, "time_cost": 69.376, "final_distance_cost": 1.8537397984425703, "oscillation_cost": 35.85564992413545, "completition_cost": 0.0, "overshoot_cost": 49.35647152269199, "power_cost": 12.809855639648438, "noise_cost": 11.72680740428699, "n_waypoints_completed": 9, "tot_waypoints": 9}}
{"target": -209.0554830117051, "params": {"k_pid_pos": [1.0351104249581062, 0.1870933378499325, 0.1762772407465392], "k_pid_alt": [0.7487238720487771, 0.011519523160250048, 0.017092652503069416], "k_pid_att": [38.00663981728522, 0.15356300662110442, 1.0], "k_pid_yaw": [0.5, 1e-06, 0.1], "k_pid_hsp": [0.13529983356715855, 0.08192601681695351, 0.0], "k_pid_vsp": [134.52761078594446, 254.4106453479401, 4.368420662215024]}, "datetime": {"datetime": "2025-08-21 11:09:09", "elapsed": 8665.499269485474, "delta": 18.483781576156616}, "costs": {"total_cost": 209.0554830117051, "time_cost": 80.712, "final_distance_cost": 1.8019359445436778, "oscillation_cost": 43.42107052285779, "completition_cost": 0.0, "overshoot_cost": 51.39000542423641, "power_cost": 17.302407238769533, "noise_cost": 14.42806388129767, "n_waypoints_completed": 9, "tot_waypoints": 9}}
{"target": -1236.5922916131758, "params": {"k_pid_pos": [0.8863466150712767, 0.15473910389915246, 0.3180568350012261], "k_pid_alt": [1.6126832576401648, 0.01034675230102849, 0.012807481537512122], "k_pid_att": [48.096205171832395, 0.17276905982064492, 0.6158917766933205], "k_pid_yaw": [0.5, 1e-06, 0.1], "k_pid_hsp": [0.0001, 0.001822944150632384, 0.0], "k_pid_vsp": [216.01727905768473, 263.14420306276367, 9.82469970971036]}, "datetime": {"datetime": "2025-08-21 11:09:31", "elapsed": 8688.35275387764, "delta": 22.853484392166138}, "costs": {"total_cost": 1236.5922916131758, "time_cost": 150, "final_distance_cost": 58.06179549597113, "oscillation_cost": 4.994078869376896, "completition_cost": 888.8888888888888, "overshoot_cost": 93.45731104855199, "power_cost": 23.850558984375002, "noise_cost": 17.339658326011993, "n_waypoints_completed": 1, "tot_waypoints": 9}}
{"target": -178.79655392780393, "params": {"k_pid_pos": [2.0, 0.13285663808038303, 0.8964098844261782], "k_pid_alt": [1.656919443310241, 0.018676468578065993, 0.05337232747198917], "k_pid_att": [55.65754753099935, 0.2648916004445819, 1.0], "k_pid_yaw": [0.5, 1e-06, 0.1], "k_pid_hsp": [0.5753353540622536, 0.06059566317471743, 0.0], "k_pid_vsp": [200.41371823457246, 400.0, 9.225881002300454]}, "datetime": {"datetime": "2025-08-21 11:09:47", "elapsed": 8704.259359121323, "delta": 15.906605243682861}, "costs": {"total_cost": 178.79655392780393, "time_cost": 69.328, "final_distance_cost": 1.8374377166659002, "oscillation_cost": 32.92670222823256, "completition_cost": 0.0, "overshoot_cost": 49.832572277148614, "power_cost": 13.307228088378906, "noise_cost": 11.56461361737795, "n_waypoints_completed": 9, "tot_waypoints": 9}}
{"target": -182.2531537130395, "params": {"k_pid_pos": [1.9293344173300373, 0.1162340206895129, 0.10026723485898108], "k_pid_alt": [1.0716616275292714, 0.010792063165580313, 0.0], "k_pid_att": [32.11312471795886, 0.2514619572173994, 1.0], "k_pid_yaw": [0.5, 1e-06, 0.1], "k_pid_hsp": [0.09005882731337327, 0.0, 0.0], "k_pid_vsp": [219.19172334734336, 287.8930427253337, 7.324268344825964]}, "datetime": {"datetime": "2025-08-21 11:10:05", "elapsed": 8721.52494764328, "delta": 17.265588521957397}, "costs": {"total_cost": 182.2531537130395, "time_cost": 71.592, "final_distance_cost": 1.7445067549345488, "oscillation_cost": 31.611557559163067, "completition_cost": 0.0, "overshoot_cost": 51.391641716141, "power_cost": 13.8774740234375, "noise_cost": 12.035973659363362, "n_waypoints_completed": 9, "tot_waypoints": 9}}
{"target": -193.02055706483895, "params": {"k_pid_pos": [1.5287926698149132, 0.145460666942597, 0.3933875019579993], "k_pid_alt": [0.39373834300637317, 0.010466016408614354, 0.01672250746307552], "k_pid_att": [64.97004899477336, 0.051561752564584375, 0.3983357372702258], "k_pid_yaw": [0.5, 1e-06, 0.1], "k_pid_hsp": [0.33279507956411514, 0.008272053186736907, 0.0], "k_pid_vsp": [186.64012938297267, 48.19738667070107, 4.519738122777787]}, "datetime": {"datetime": "2025-08-21 11:10:22", "elapsed": 8738.822824954987, "delta": 17.297877311706543}, "costs": {"total_cost": 193.02055706483895, "time_cost": 77.72, "final_distance_cost": 1.8126519578335978, "oscillation_cost": 32.3109818861972, "completition_cost": 0.0, "overshoot_cost": 51.75036494244701, "power_cost": 16.13760065917969, "noise_cost": 13.288957619181435, "n_waypoints_completed": 9, "tot_waypoints": 9}}
{"target": -775.5285691797995, "params": {"k_pid_pos": [1.8662095098272362, 0.163119449853063, 0.5550963605931164], "k_pid_alt": [2.0, 0.009702873383746237, 0.07785765153736762], "k_pid_att": [40.892326452160354, 0.13229135762458516, 0.9422595211617931], "k_pid_yaw": [0.5, 1e-06, 0.1], "k_pid_hsp": [0.5508060715413969, 0.05704367757692188, 0.0], "k_pid_vsp": [0.0, 384.03275083555815, 3.129753590107132]}, "datetime": {"datetime": "2025-08-21 11:10:44", "elapsed": 8761.438381910324, "delta": 22.615556955337524}, "costs": {"total_cost": 775.5285691797995, "time_cost": 150, "final_distance_cost": 45.1802497137896, "oscillation_cost": 50.13256459403586, "completition_cost": 444.4444444444444, "overshoot_cost": 51.71874841797605, "power_cost": 20.38052193603516, "noise_cost": 13.672040073518513, "n_waypoints_completed": 5, "tot_waypoints": 9}}
{"target": -189.93289959319443, "params": {"k_pid_pos": [1.1809303709722123, 0.13544206580954518, 0.07755647081365073], "k_pid_alt": [1.6646341028557525, 0.011664369327482249, 0.03342357866208073], "k_pid_att": [52.32703037218861, 0.18262287831090873, 0.9466963710756929], "k_pid_yaw": [0.5, 1e-06, 0.1], "k_pid_hsp": [0.37643092275119655, 0.0016388648619474467, 0.0], "k_pid_vsp": [312.4650185194919, 326.51666067984274, 13.53979500462234]}, "datetime": {"datetime": "2025-08-21 11:11:01", "elapsed": 8778.04332113266, "delta": 16.604939222335815}, "costs": {"total_cost": 189.93289959319443, "time_cost": 71.336, "final_distance_cost": 1.771365717553035, "oscillation_cost": 32.60386020538829, "completition_cost": 0.0, "overshoot_cost": 50.70388886917726, "power_cost": 18.928862548828125, "noise_cost": 14.588922252247722, "n_waypoints_completed": 9, "tot_waypoints": 9}}
{"target": -192.5350864054383, "params": {"k_pid_pos": [2.0, 0.11739053135524924, 1.0], "k_pid_alt": [0.8124845037678649, 0.015228460812428684, 0.03309182152207349], "k_pid_att": [35.45205841143701, 0.17348510907312176, 0.7609559681635498], "k_pid_yaw": [0.5, 1e-06, 0.1], "k_pid_hsp": [0.5849097763947645, 0.0, 0.0], "k_pid_vsp": [94.85297442652866, 176.26648568177123, 9.671461814185138]}, "datetime": {"datetime": "2025-08-21 11:11:18", "elapsed": 8794.978796720505, "delta": 16.93547558784485}, "costs": {"total_cost": 192.5350864054383, "time_cost": 72.712, "final_distance_cost": 1.8426869640282917, "oscillation_cost": 33.546496262324986, "completition_cost": 0.0, "overshoot_cost": 51.02668695443876, "power_cost": 18.789920324707033, "noise_cost": 14.617295899939245, "n_waypoints_completed": 9, "tot_waypoints": 9}}
{"target": -180.40730670193176, "params": {"k_pid_pos": [1.1451452116552485, 0.021241944337920083, 0.903574789635], "k_pid_alt": [1.567541081539537, 0.009212500953324045, 0.04471181192419319], "k_pid_att": [53.23090944386274, 0.1427503851501282, 0.25764039255119814], "k_pid_yaw": [0.5, 1e-06, 0.1], "k_pid_hsp": [0.16311766720649148, 0.042992793231847244, 0.0], "k_pid_vsp": [108.38999034493342, 227.21144001428078, 5.296362495532928]}, "datetime": {"datetime": "2025-08-21 11:11:35", "elapsed": 8812.246929168701, "delta": 17.26813244819641}, "costs": {"total_cost": 180.40730670193176, "time_cost": 75.08, "final_distance_cost": 1.8542915754716454, "oscillation_cost": 30.8183451690162, "completition_cost": 0.0, "overshoot_cost": 49.49286594155914, "power_cost": 11.474260327148437, "noise_cost": 11.687543688736334, "n_waypoints_completed": 9, "tot_waypoints": 9}}
{"target": -182.49105811440478, "params": {"k_pid_pos": [2.0, 0.08888213676618524, 0.5891506003700573], "k_pid_alt": [1.2237280292509969, 0.011172174798376159, 0.03076496572645754], "k_pid_att": [73.99774833576832, 0.2169976790570445, 0.7312726024210995], "k_pid_yaw": [0.5, 1e-06, 0.1], "k_pid_hsp": [0.2348712401809668, 0.10968047992579368, 0.0], "k_pid_vsp": [159.3950353328766, 58.38254474164483, 1.282772242143819]}, "datetime": {"datetime": "2025-08-21 11:11:51", "elapsed": 8828.043833971024, "delta": 15.796904802322388}, "costs": {"total_cost": 182.49105811440478, "time_cost": 69.06400000000001, "final_distance_cost": 1.8217970607303746, "oscillation_cost": 37.77711162944508, "completition_cost": 0.0, "overshoot_cost": 49.743595042557224, "power_cost": 12.742515649414063, "noise_cost": 11.342038732258027, "n_waypoints_completed": 9, "tot_waypoints": 9}}
{"target": -573.6144227093114, "params": {"k_pid_pos": [1.5582075008909804, 0.14182488953172226, 0.07843351980973456], "k_pid_alt": [0.14856059954254222, 0.008561102342571753, 0.058770188812057526], "k_pid_att": [50.006721870347455, 0.005672642331129639, 0.873695882924714], "k_pid_yaw": [0.5, 1e-06, 0.1], "k_pid_hsp": [0.23536237924024103, 0.09837306179632453, 0.0], "k_pid_vsp": [143.36282438480526, 104.86719663135129, 7.896307066986751]}, "datetime": {"datetime": "2025-08-21 11:12:15", "elapsed": 8852.406037330627, "delta": 24.362203359603882}, "costs": {"total_cost": 573.6144227093114, "time_cost": 150, "final_distance_cost": 66.76864383358824, "oscillation_cost": 39.24324280969528, "completition_cost": 222.2222222222222, "overshoot_cost": 50.57987524547355, "power_cost": 26.04496053466797, "noise_cost": 18.75547806366407, "n_waypoints_completed": 7, "tot_waypoints": 9}}
{"target": -179.66946030801554, "params": {"k_pid_pos": [2.0, 0.09323131296303033, 0.6206851881328156], "k_pid_alt": [0.6572282135112498, 0.017567936327933558, 0.06492423314575846], "k_pid_att": [35.958457246014014, 0.46907866714293506, 0.6573356542807518], "k_pid_yaw": [0.5, 1e-06, 0.1], "k_pid_hsp": [0.41468444507004243, 0.018926589024857308, 0.0], "k_pid_vsp": [227.41692519356505, 149.95324413748844, 6.2307881455729515]}, "datetime": {"datetime": "2025-08-21 11:12:35", "elapsed": 8872.016560316086, "delta": 19.610522985458374}, "costs": {"total_cost": 179.66946030801554, "time_cost": 71.184, "final_distance_cost": 1.803396259895646, "oscillation_cost": 32.742033837626245, "completition_cost": 0.0, "overshoot_cost": 50.14636034230121, "power_cost": 12.555293774414062, "noise_cost": 11.238376093778387, "n_waypoints_completed": 9, "tot_waypoints": 9}}
{"target": -176.64369810711645, "params": {"k_pid_pos": [1.9006535221626983, 0.14316848928953252, 0.6301948938177063], "k_pid_alt": [1.535196667104719, 0.017072597170746502, 0.057008319886324876], "k_pid_att": [53.185099859572354, 0.29815810898056855, 0.46671261794101654], "k_pid_yaw": [0.5, 1e-06, 0.1], "k_pid_hsp": [0.3921965167803842, 0.035877833005707106, 0.0], "k_pid_vsp": [291.38209056453013, 176.23441767055712, 7.934576808728203]}, "datetime": {"datetime": "2025-08-21 11:12:51", "elapsed": 8888.335397481918, "delta": 16.31883716583252}, "costs": {"total_cost": 176.64369810711645, "time_cost": 68.992, "final_distance_cost": 1.7952087758785202, "oscillation_cost": 31.971032523449168, "completition_cost": 0.0, "overshoot_cost": 50.14065441694636, "power_cost": 12.4647685546875, "noise_cost": 11.280033836154882, "n_waypoints_completed": 9, "tot_waypoints": 9}}
{"target": -171.13438549907838, "params": {"k_pid_pos": [1.5379206317350773, 0.11920839403181192, 0.23618718321111273], "k_pid_alt": [2.0, 0.01483349026468374, 0.049239485972647795], "k_pid_att": [44.71052461523066, 0.20838834398605235, 0.9306545765618001], "k_pid_yaw": [0.5, 1e-06, 0.1], "k_pid_hsp": [0.5478146158310248, 0.056749563987064454, 0.0], "k_pid_vsp": [372.6599115587876, 186.24972209134458, 5.611530093689353]}, "datetime": {"datetime": "2025-08-21 11:13:08", "elapsed": 8905.0535800457, "delta": 16.71818256378174}, "costs": {"total_cost": 171.13438549907838, "time_cost": 68.424, "final_distance_cost": 1.794963973106925, "oscillation_cost": 35.23397661117973, "completition_cost": 0.0, "overshoot_cost": 50.12762253812944, "power_cost": 7.215711828613282, "noise_cost": 8.338110548049015, "n_waypoints_completed": 9, "tot_waypoints": 9}}
{"target": -194.31953030176925, "params": {"k_pid_pos": [2.0, 0.054898334407806594, 0.10356212754954303], "k_pid_alt": [1.3616772285637062, 0.014935019703836016, 0.05132548040601114], "k_pid_att": [45.17628737056497, 0.09963057618551206, 0.7180931798301152], "k_pid_yaw": [0.5, 1e-06, 0.1], "k_pid_hsp": [0.3001589996271228, 0.03550133639454204, 0.0], "k_pid_vsp": [158.51417234852104, 223.936846133771, 11.69017291204873]}, "datetime": {"datetime": "2025-08-21 11:13:24", "elapsed": 8921.134964466095, "delta": 16.081384420394897}, "costs": {"total_cost": 194.31953030176925, "time_cost": 69.144, "final_distance_cost": 1.7534498106087204, "oscillation_cost": 36.97460097716226, "completition_cost": 0.0, "overshoot_cost": 50.10543219851374, "power_cost": 21.192575695800784, "noise_cost": 15.149471619683757, "n_waypoints_completed": 9, "tot_waypoints": 9}}
{"target": -181.26119327187158, "params": {"k_pid_pos": [2.0, 0.12300615199557319, 0.05661624564821673], "k_pid_alt": [0.8580617129132223, 0.006084073629880442, 0.06160352097285935], "k_pid_att": [43.578800659408905, 0.30453463116076984, 0.8788395253638637], "k_pid_yaw": [0.5, 1e-06, 0.1], "k_pid_hsp": [0.7012185347626785, 0.0, 0.0], "k_pid_vsp": [284.67425037240383, 396.71737636933625, 4.795011514652735]}, "datetime": {"datetime": "2025-08-21 11:13:41", "elapsed": 8937.591772079468, "delta": 16.456807613372803}, "costs": {"total_cost": 181.26119327187158, "time_cost": 70.608, "final_distance_cost": 1.7737014092199535, "oscillation_cost": 35.19655033876578, "completition_cost": 0.0, "overshoot_cost": 50.04012880067754, "power_cost": 12.413790673828126, "noise_cost": 11.229022049380164, "n_waypoints_completed": 9, "tot_waypoints": 9}}
{"target": -181.41152537426774, "params": {"k_pid_pos": [1.5940999800122626, 0.21723159959126523, 0.2952523195691747], "k_pid_alt": [0.9858791330291693, 0.011543995607802025, 0.046915867319175214], "k_pid_att": [43.685167437043084, 0.12177754887031549, 1.0], "k_pid_yaw": [0.5, 1e-06, 0.1], "k_pid_hsp": [0.381470300585647, 0.10053603334103169, 0.0], "k_pid_vsp": [45.633594291309066, 371.88847104929954, 5.246582907886142]}, "datetime": {"datetime": "2025-08-21 11:13:57", "elapsed": 8953.840809822083, "delta": 16.249037742614746}, "costs": {"total_cost": 181.41152537426774, "time_cost": 70.976, "final_distance_cost": 1.8016927361662327, "oscillation_cost": 37.52875017632938, "completition_cost": 0.0, "overshoot_cost": 49.171869016048824, "power_cost": 11.468437329101564, "noise_cost": 10.46477611662175, "n_waypoints_completed": 9, "tot_waypoints": 9}}
