{"target": -616.3372071302459, "params": {"k_pid_pos": [1.9202876439370213, 0.34177438074372596, 1.0], "k_pid_alt": [0.18609340697620422, 0.0, 0.0], "k_pid_att": [41.02049880426428, 3.5726576898415137, 0.3590075636191585], "k_pid_yaw": [0.5, 1e-06, 0.1], "k_pid_hsp": [1.6369752352323867, 0.5115298033363421, 0.0247753827292132], "k_pid_vsp": [175.90446367626555, 400.0, 5.843045186924223]}, "datetime": {"datetime": "2025-08-21 09:52:16", "elapsed": 4052.8104631900787, "delta": 32.772910356521606}, "costs": {"total_cost": 616.3372071302459, "time_cost": 150, "final_distance_cost": 72.67916312174425, "oscillation_cost": 103.02837200785491, "completition_cost": 222.2222222222222, "overshoot_cost": 43.234794501271715, "power_cost": 12.735118225097656, "noise_cost": 12.437537052055248, "n_waypoints_completed": 7, "tot_waypoints": 9}}
{"target": -215.55509691147594, "params": {"k_pid_pos": [0.8291255642773275, 0.5947180941254884, 1.0], "k_pid_alt": [0.4691621001407656, 0.018522736169506483, 0.04952727672257728], "k_pid_att": [56.08019097372419, 1.8497636275362392, 0.6097782942373219], "k_pid_yaw": [0.5, 1e-06, 0.1], "k_pid_hsp": [1.4604065485621718, 0.18516319064563333, 0.0], "k_pid_vsp": [171.6122315600014, 127.59086232586306, 5.488992787016183]}, "datetime": {"datetime": "2025-08-21 09:52:43", "elapsed": 4079.512279510498, "delta": 26.70181632041931}, "costs": {"total_cost": 215.55509691147594, "time_cost": 96.936, "final_distance_cost": 1.7880962643138738, "oscillation_cost": 32.58355732779851, "completition_cost": 0.0, "overshoot_cost": 51.229096275527354, "power_cost": 17.68170379638672, "noise_cost": 15.336643247449471, "n_waypoints_completed": 9, "tot_waypoints": 9}}
{"target": -266.57986387475626, "params": {"k_pid_pos": [1.496103830529645, 0.35461605449368117, 1.0], "k_pid_alt": [2.0, 0.0, 0.0], "k_pid_att": [46.48492046630548, 1.757529891629458, 0.9322542971770948], "k_pid_yaw": [0.5, 1e-06, 0.1], "k_pid_hsp": [0.7013572642981738, 0.4476696655382914, 0.0], "k_pid_vsp": [0.0, 400.0, 8.959183884402021]}, "datetime": {"datetime": "2025-08-21 09:53:13", "elapsed": 4110.247848033905, "delta": 30.735568523406982}, "costs": {"total_cost": 266.57986387475626, "time_cost": 97.47200000000001, "final_distance_cost": 1.7894783860934014, "oscillation_cost": 69.86829114075039, "completition_cost": 0.0, "overshoot_cost": 59.79490986367824, "power_cost": 21.707390478515627, "noise_cost": 15.94779400571857, "n_waypoints_completed": 9, "tot_waypoints": 9}}
{"target": -184.76814583100852, "params": {"k_pid_pos": [1.982301633366949, 0.3428753455276546, 0.6677626658281727], "k_pid_alt": [1.5469831729209365, 0.006303676239082516, 0.0], "k_pid_att": [37.70093731785983, 1.2188990526241101, 0.8400303342641274], "k_pid_yaw": [0.5, 1e-06, 0.1], "k_pid_hsp": [1.5031327627565467, 0.3210015927671573, 0.0], "k_pid_vsp": [300.526760567657, 359.02503646711676, 1e-06]}, "datetime": {"datetime": "2025-08-21 09:53:32", "elapsed": 4129.243295669556, "delta": 18.995447635650635}, "costs": {"total_cost": 184.76814583100852, "time_cost": 71.608, "final_distance_cost": 1.7794033636179873, "oscillation_cost": 37.46673139495442, "completition_cost": 0.0, "overshoot_cost": 49.9660173757325, "power_cost": 12.483458837890625, "noise_cost": 11.464534858812994, "n_waypoints_completed": 9, "tot_waypoints": 9}}
{"target": -241.5479321276724, "params": {"k_pid_pos": [0.9561678125294605, 0.39667690757576796, 0.5747552635899874], "k_pid_alt": [0.7626652814854761, 0.015270120097267645, 0.0], "k_pid_att": [88.60603333541508, 1.797279601449574, 0.3762751109348441], "k_pid_yaw": [0.5, 1e-06, 0.1], "k_pid_hsp": [3.327130293706795, 0.46874653297413765, 0.0], "k_pid_vsp": [209.99542277667888, 325.98110403056074, 4.7511034026357795]}, "datetime": {"datetime": "2025-08-21 09:54:00", "elapsed": 4157.261535167694, "delta": 28.018239498138428}, "costs": {"total_cost": 241.5479321276724, "time_cost": 91.52, "final_distance_cost": 1.8336519243791185, "oscillation_cost": 43.677410552331764, "completition_cost": 0.0, "overshoot_cost": 58.63028966579891, "power_cost": 22.26866982421875, "noise_cost": 23.617910160943854, "n_waypoints_completed": 9, "tot_waypoints": 9}}
{"target": -3006.2096770966155, "params": {"k_pid_pos": [1.0326773017736086, 0.1365735613012805, 1.0], "k_pid_alt": [1.9654770949041043, 0.012596376216138933, 0.0], "k_pid_att": [0.0, 1.724076755746789, 0.41792614102763875], "k_pid_yaw": [0.5, 1e-06, 0.1], "k_pid_hsp": [1.5540875171191173, 0.547761638613124, 0.0], "k_pid_vsp": [204.54977441668598, 278.67398605681166, 4.755402276976322]}, "datetime": {"datetime": "2025-08-21 09:54:29", "elapsed": 4185.812726974487, "delta": 28.551191806793213}, "costs": {"total_cost": 3006.2096770966155, "time_cost": 150, "final_distance_cost": 239.7333737338084, "oscillation_cost": 1031.0643853419, "completition_cost": 1000.0, "overshoot_cost": 450.02300128265955, "power_cost": 36.37432767333985, "noise_cost": 99.01458906490744, "n_waypoints_completed": 0, "tot_waypoints": 9}}
{"target": -487.0169557034583, "params": {"k_pid_pos": [1.2867001304098347, 0.6766409090377948, 1.0], "k_pid_alt": [0.47434024542453984, 0.18289528640003275, 0.31179622953386144], "k_pid_att": [42.54075483551225, 0.0001, 0.7580516056897216], "k_pid_yaw": [0.5, 1e-06, 0.1], "k_pid_hsp": [1.5255604282673911, 0.38811523062036235, 0.06129261628829467], "k_pid_vsp": [305.51531531978065, 344.4970536592886, 1e-06]}, "datetime": {"datetime": "2025-08-21 09:54:55", "elapsed": 4212.253103494644, "delta": 26.44037652015686}, "costs": {"total_cost": 487.0169557034583, "time_cost": 150, "final_distance_cost": 18.68045395638127, "oscillation_cost": 111.87115256376319, "completition_cost": 111.11111111111116, "overshoot_cost": 54.554360321949815, "power_cost": 23.07825682373047, "noise_cost": 17.721620926522434, "n_waypoints_completed": 8, "tot_waypoints": 9}}
{"target": -199.86811983591974, "params": {"k_pid_pos": [1.3116658543339808, 0.6396644711120204, 0.8388462459583549], "k_pid_alt": [0.9117728556316598, 0.026336172386412726, 0.07750902447030271], "k_pid_att": [47.46856572104951, 1.246853682389518, 0.6799107449809488], "k_pid_yaw": [0.5, 1e-06, 0.1], "k_pid_hsp": [2.642088868839627, 0.3845484462365493, 0.0], "k_pid_vsp": [172.62261417638751, 171.82322117217527, 11.893285886332881]}, "datetime": {"datetime": "2025-08-21 09:55:20", "elapsed": 4236.748624563217, "delta": 24.495521068572998}, "costs": {"total_cost": 199.86811983591974, "time_cost": 82.57600000000001, "final_distance_cost": 1.7824664661729521, "oscillation_cost": 43.99542599062145, "completition_cost": 0.0, "overshoot_cost": 50.49081072097328, "power_cost": 10.816398791503907, "noise_cost": 10.207017866648158, "n_waypoints_completed": 9, "tot_waypoints": 9}}
{"target": -1052.815400497288, "params": {"k_pid_pos": [1.4244232368827514, 0.9647013491487776, 1.0], "k_pid_alt": [1.6373238971149808, 0.0, 0.0], "k_pid_att": [65.25404130980976, 1.7749624919138423, 0.21030977006169757], "k_pid_yaw": [0.5, 1e-06, 0.1], "k_pid_hsp": [2.63622144142628, 0.11111679131911673, 0.0], "k_pid_vsp": [300.0197932481362, 348.78845635223206, 1e-06]}, "datetime": {"datetime": "2025-08-21 09:55:45", "elapsed": 4261.573619842529, "delta": 24.824995279312134}, "costs": {"total_cost": 1052.815400497288, "time_cost": 150, "final_distance_cost": 51.630620301639894, "oscillation_cost": 27.55554229701216, "completition_cost": 666.6666666666667, "overshoot_cost": 53.23929534277697, "power_cost": 33.024512756347654, "noise_cost": 70.69876313284442, "n_waypoints_completed": 3, "tot_waypoints": 9}}
{"target": -190.08734182531623, "params": {"k_pid_pos": [0.7157306258563264, 0.4118345126202229, 0.25576886768811813], "k_pid_alt": [1.8383131555275873, 0.030577864370953983, 0.0], "k_pid_att": [47.230267693883555, 0.8194458584629016, 0.39438669653247266], "k_pid_yaw": [0.5, 1e-06, 0.1], "k_pid_hsp": [1.3016421857133984, 0.207555568612208, 0.0], "k_pid_vsp": [188.8343847267763, 329.3786829373481, 5.428372652552728]}, "datetime": {"datetime": "2025-08-21 09:56:08", "elapsed": 4285.066141605377, "delta": 23.4925217628479}, "costs": {"total_cost": 190.08734182531623, "time_cost": 76.19200000000001, "final_distance_cost": 1.792509238286466, "oscillation_cost": 33.61073917008938, "completition_cost": 0.0, "overshoot_cost": 50.73618740153073, "power_cost": 14.47288426513672, "noise_cost": 13.283021750272939, "n_waypoints_completed": 9, "tot_waypoints": 9}}
{"target": -848.0946826426415, "params": {"k_pid_pos": [1.6458808094552912, 0.5281511200844204, 0.8486472826253838], "k_pid_alt": [0.9469132483673993, 0.0, 0.1437274718832459], "k_pid_att": [27.5050703796922, 3.3125417897503535, 0.526479488612936], "k_pid_yaw": [0.5, 1e-06, 0.1], "k_pid_hsp": [2.4006043633038106, 0.3246512598526396, 0.0], "k_pid_vsp": [14.053931995358028, 0.5674470330883045, 1e-06]}, "datetime": {"datetime": "2025-08-21 09:56:35", "elapsed": 4312.245577096939, "delta": 27.17943549156189}, "costs": {"total_cost": 848.0946826426415, "time_cost": 150, "final_distance_cost": 45.15940816860297, "oscillation_cost": 18.92044253560927, "completition_cost": 555.5555555555555, "overshoot_cost": 46.10804579862962, "power_cost": 17.214214282226564, "noise_cost": 15.137016302017683, "n_waypoints_completed": 4, "tot_waypoints": 9}}
{"target": -188.24430739502273, "params": {"k_pid_pos": [1.6504079780109773, 0.5161424977332971, 1.0], "k_pid_alt": [1.1014325013503947, 0.0, 0.025467303393575377], "k_pid_att": [41.15864283513775, 2.0089134503894255, 0.7520089645171598], "k_pid_yaw": [0.5, 1e-06, 0.1], "k_pid_hsp": [0.6143889557861509, 0.2738136216697425, 0.009088502270593895], "k_pid_vsp": [157.44377380260505, 344.3907422905595, 1e-06]}, "datetime": {"datetime": "2025-08-21 09:56:57", "elapsed": 4334.203611373901, "delta": 21.95803427696228}, "costs": {"total_cost": 188.24430739502273, "time_cost": 72.83200000000001, "final_distance_cost": 1.8024214879221354, "oscillation_cost": 45.24149907985178, "completition_cost": 0.0, "overshoot_cost": 49.78090113128992, "power_cost": 9.079286279296875, "noise_cost": 9.508199416662018, "n_waypoints_completed": 9, "tot_waypoints": 9}}
{"target": -225.29182928743867, "params": {"k_pid_pos": [2.0, 0.6667811572711004, 0.008561499552732665], "k_pid_alt": [1.6949407907086895, 0.0, 0.09939366946809786], "k_pid_att": [40.675127265677325, 1.5488297370372213, 0.7519168373002669], "k_pid_yaw": [0.5, 1e-06, 0.1], "k_pid_hsp": [1.4891770633205248, 0.1540605282737461, 0.0], "k_pid_vsp": [215.6416604366328, 208.77893642723234, 0.9025376848657151]}, "datetime": {"datetime": "2025-08-21 09:57:19", "elapsed": 4355.987849712372, "delta": 21.78423833847046}, "costs": {"total_cost": 225.29182928743867, "time_cost": 85.28, "final_distance_cost": 1.7012895627926947, "oscillation_cost": 40.602954712302854, "completition_cost": 0.0, "overshoot_cost": 57.58596506941919, "power_cost": 23.041375646972657, "noise_cost": 17.08024429595128, "n_waypoints_completed": 9, "tot_waypoints": 9}}
{"target": -200.65016271057522, "params": {"k_pid_pos": [0.7564598078516077, 0.2843173040579028, 0.9160486164371914], "k_pid_alt": [1.3325441142294598, 0.01952112100995843, 0.005750493929899567], "k_pid_att": [68.13816350858527, 2.148285639887354, 0.7202989177752418], "k_pid_yaw": [0.5, 1e-06, 0.1], "k_pid_hsp": [2.179995601808958, 0.24016888926502658, 0.0], "k_pid_vsp": [351.7812357017285, 396.96577683296937, 9.745377145618434]}, "datetime": {"datetime": "2025-08-21 09:57:43", "elapsed": 4379.926432847977, "delta": 23.93858313560486}, "costs": {"total_cost": 200.65016271057522, "time_cost": 85.664, "final_distance_cost": 1.8455848161399167, "oscillation_cost": 38.96731833677086, "completition_cost": 0.0, "overshoot_cost": 52.21645249040083, "power_cost": 10.841255786132812, "noise_cost": 11.115551281130795, "n_waypoints_completed": 9, "tot_waypoints": 9}}
{"target": -187.01824724560836, "params": {"k_pid_pos": [1.1021126848688023, 0.257917899637485, 0.8436815013742104], "k_pid_alt": [1.2664934781186123, 0.0103224203424756, 0.634467701850938], "k_pid_att": [21.67477562901438, 1.7509420651421521, 0.648550061272505], "k_pid_yaw": [0.5, 1e-06, 0.1], "k_pid_hsp": [1.6801975208010365, 0.14584654491544516, 0.0], "k_pid_vsp": [230.24430594583123, 151.56816863720343, 8.87855013392477]}, "datetime": {"datetime": "2025-08-21 09:58:06", "elapsed": 4403.273677825928, "delta": 23.34724497795105}, "costs": {"total_cost": 187.01824724560836, "time_cost": 77.12, "final_distance_cost": 1.8212801321810814, "oscillation_cost": 32.59462032260329, "completition_cost": 0.0, "overshoot_cost": 50.388561292156645, "power_cost": 12.813621374511719, "noise_cost": 12.280164124155615, "n_waypoints_completed": 9, "tot_waypoints": 9}}
{"target": -545.1775722797869, "params": {"k_pid_pos": [1.2652330812749824, 0.2693787995382663, 0.3270035305822095], "k_pid_alt": [0.22254030074368214, 0.0, 0.2828110905998529], "k_pid_att": [67.48490324961675, 1.1232046327474847, 0.7686115260049627], "k_pid_yaw": [0.5, 1e-06, 0.1], "k_pid_hsp": [2.067636284569429, 0.20618043569156833, 0.0003883767838122518], "k_pid_vsp": [329.0113468938314, 362.08909391667817, 3.164370502556982]}, "datetime": {"datetime": "2025-08-21 09:58:31", "elapsed": 4428.341374397278, "delta": 25.067696571350098}, "costs": {"total_cost": 545.1775722797869, "time_cost": 150, "final_distance_cost": 69.64759429247168, "oscillation_cost": 34.81911008097451, "completition_cost": 222.2222222222222, "overshoot_cost": 43.310622971599514, "power_cost": 12.603023779296876, "noise_cost": 12.574998933222103, "n_waypoints_completed": 7, "tot_waypoints": 9}}
{"target": -224.75124818007617, "params": {"k_pid_pos": [2.0, 0.18631578836279575, 0.7960141878723609], "k_pid_alt": [1.0454888723736862, 0.009332790438196058, 0.0], "k_pid_att": [60.25200175791605, 2.111513421761162, 0.9039555246871068], "k_pid_yaw": [0.5, 1e-06, 0.1], "k_pid_hsp": [1.0971724528523916, 0.24458981032605442, 0.0], "k_pid_vsp": [192.69120260891881, 397.1069487722247, 1.915662501912867]}, "datetime": {"datetime": "2025-08-21 09:58:57", "elapsed": 4454.131506204605, "delta": 25.79013180732727}, "costs": {"total_cost": 224.75124818007617, "time_cost": 85.06400000000001, "final_distance_cost": 1.7769335457227806, "oscillation_cost": 36.17845955950859, "completition_cost": 0.0, "overshoot_cost": 59.397849431454716, "power_cost": 23.066804260253907, "noise_cost": 19.267201383136147, "n_waypoints_completed": 9, "tot_waypoints": 9}}
{"target": -192.93665516148306, "params": {"k_pid_pos": [1.0432288647275494, 0.5267019996073431, 1.0], "k_pid_alt": [2.0, 0.006865096269479089, 0.01581804616447255], "k_pid_att": [43.28994169092241, 1.2407322327707195, 0.44848921003177056], "k_pid_yaw": [0.5, 1e-06, 0.1], "k_pid_hsp": [2.095746246867843, 0.45387289129003844, 0.0], "k_pid_vsp": [312.8789564336314, 349.2560565833103, 1e-06]}, "datetime": {"datetime": "2025-08-21 09:59:23", "elapsed": 4480.354077339172, "delta": 26.22257113456726}, "costs": {"total_cost": 192.93665516148306, "time_cost": 78.592, "final_distance_cost": 1.7973777794774655, "oscillation_cost": 33.61275224942314, "completition_cost": 0.0, "overshoot_cost": 51.11415258441704, "power_cost": 14.538519567871095, "noise_cost": 13.281852980294314, "n_waypoints_completed": 9, "tot_waypoints": 9}}
{"target": -627.6373221486189, "params": {"k_pid_pos": [2.0, 0.808714526200251, 0.6342748936685247], "k_pid_alt": [1.209606174900954, 0.0, 0.09664717185252804], "k_pid_att": [53.84278089442711, 2.313140609505037, 0.5574582386337915], "k_pid_yaw": [0.5, 1e-06, 0.1], "k_pid_hsp": [0.605394089392545, 0.615977065202639, 0.0], "k_pid_vsp": [161.58341981546172, 271.94729720212365, 20.741512040869605]}, "datetime": {"datetime": "2025-08-21 09:59:53", "elapsed": 4510.020427942276, "delta": 29.666350603103638}, "costs": {"total_cost": 627.6373221486189, "time_cost": 150, "final_distance_cost": 71.02651754278128, "oscillation_cost": 58.03040606734, "completition_cost": 222.2222222222222, "overshoot_cost": 69.41188577987847, "power_cost": 31.059900939941407, "noise_cost": 25.886389596455537, "n_waypoints_completed": 7, "tot_waypoints": 9}}
{"target": -206.92491600274673, "params": {"k_pid_pos": [1.8670315742644819, 0.0, 0.6615555997306433], "k_pid_alt": [0.6915255080324997, 0.05689571363972743, 0.0074775020090629045], "k_pid_att": [75.38883218222627, 2.5564090283263234, 1.0], "k_pid_yaw": [0.5, 1e-06, 0.1], "k_pid_hsp": [1.5997775302964599, 0.1667783525730243, 0.0], "k_pid_vsp": [120.48294115876963, 260.965013655431, 3.4914299446232757]}, "datetime": {"datetime": "2025-08-21 10:00:22", "elapsed": 4538.818555831909, "delta": 28.79812788963318}, "costs": {"total_cost": 206.92491600274673, "time_cost": 85.96000000000001, "final_distance_cost": 1.821355459336875, "oscillation_cost": 39.41060094823883, "completition_cost": 0.0, "overshoot_cost": 50.68907554630487, "power_cost": 15.412266479492189, "noise_cost": 13.631617569373958, "n_waypoints_completed": 9, "tot_waypoints": 9}}
{"target": -792.2020330262998, "params": {"k_pid_pos": [0.8425536789937441, 0.6004330075003609, 0.0], "k_pid_alt": [1.330777779644623, 0.03601780847387318, 0.08857725653296568], "k_pid_att": [55.666057205936646, 0.9738899425585784, 0.6143410563721249], "k_pid_yaw": [0.5, 1e-06, 0.1], "k_pid_hsp": [1.2860121148478447, 0.4149264660575332, 0.0], "k_pid_vsp": [0.0, 400.0, 6.88554340851167]}, "datetime": {"datetime": "2025-08-21 10:00:51", "elapsed": 4568.065250635147, "delta": 29.246694803237915}, "costs": {"total_cost": 792.2020330262998, "time_cost": 150, "final_distance_cost": 48.380635464946835, "oscillation_cost": 65.18679134991397, "completition_cost": 444.4444444444444, "overshoot_cost": 44.21188708288339, "power_cost": 23.95606063232422, "noise_cost": 16.022214051786772, "n_waypoints_completed": 5, "tot_waypoints": 9}}
{"target": -206.85081141632082, "params": {"k_pid_pos": [0.9813158891162708, 0.2484459936143509, 1.0], "k_pid_alt": [2.0, 0.0044479878817116365, 0.0], "k_pid_att": [92.24659070825665, 1.760461894222849, 1.0], "k_pid_yaw": [0.5, 1e-06, 0.1], "k_pid_hsp": [0.9664856445348725, 0.4136712417565434, 0.0], "k_pid_vsp": [304.7137393683312, 299.2777235325405, 12.800710456257063]}, "datetime": {"datetime": "2025-08-21 10:01:17", "elapsed": 4594.338634967804, "delta": 26.27338433265686}, "costs": {"total_cost": 206.85081141632082, "time_cost": 81.312, "final_distance_cost": 1.830616511955131, "oscillation_cost": 39.762788360625144, "completition_cost": 0.0, "overshoot_cost": 51.758150112308435, "power_cost": 17.271585815429688, "noise_cost": 14.915670616002423, "n_waypoints_completed": 9, "tot_waypoints": 9}}
{"target": -3560.569100073147, "params": {"k_pid_pos": [1.2487570073892913, 0.20949064467428916, 0.32112335031023437], "k_pid_alt": [2.0, 0.01018966741459735, 0.07437084973674175], "k_pid_att": [0.08853941432404848, 3.2020753038281398, 0.7222767327457541], "k_pid_yaw": [0.5, 1e-06, 0.1], "k_pid_hsp": [2.7957815440313296, 0.5558686000541585, 0.0], "k_pid_vsp": [251.79941348825233, 276.68874158360256, 18.416673715622462]}, "datetime": {"datetime": "2025-08-21 10:01:45", "elapsed": 4621.812578678131, "delta": 27.47394371032715}, "costs": {"total_cost": 3560.569100073147, "time_cost": 150, "final_distance_cost": 384.38347317032077, "oscillation_cost": 995.3017958006886, "completition_cost": 1000.0, "overshoot_cost": 902.6383131952598, "power_cost": 33.04599975585938, "noise_cost": 95.1995181510186, "n_waypoints_completed": 0, "tot_waypoints": 9}}
{"target": -201.99328997927898, "params": {"k_pid_pos": [1.131354879736372, 0.7113756955117511, 0.744734268646194], "k_pid_alt": [1.2580143733515117, 0.0044968149857101064, 0.07725429432300937], "k_pid_att": [77.15987070137407, 2.2787572417803985, 1.0], "k_pid_yaw": [0.5, 1e-06, 0.1], "k_pid_hsp": [0.8490718605801554, 0.4559532521068245, 0.0], "k_pid_vsp": [186.49534637315818, 231.4607720341215, 4.16967929598443]}, "datetime": {"datetime": "2025-08-21 10:02:06", "elapsed": 4642.644165754318, "delta": 20.831587076187134}, "costs": {"total_cost": 201.99328997927898, "time_cost": 82.04, "final_distance_cost": 1.7582890312662605, "oscillation_cost": 39.89687110238549, "completition_cost": 0.0, "overshoot_cost": 50.20433403379557, "power_cost": 14.9109478515625, "noise_cost": 13.182847960269159, "n_waypoints_completed": 9, "tot_waypoints": 9}}
{"target": -549.1867478487756, "params": {"k_pid_pos": [1.330741005681783, 0.461517347896305, 1.0], "k_pid_alt": [0.5978693201348552, 0.03206177118040308, 0.028088383972038566], "k_pid_att": [53.61165338983765, 1.4307505793075952, 0.6186480804753512], "k_pid_yaw": [0.5, 1e-06, 0.1], "k_pid_hsp": [3.5354406646440437, 0.3640329569833665, 0.0], "k_pid_vsp": [39.54686947854341, 51.920399589537055, 3.6205412234961187]}, "datetime": {"datetime": "2025-08-21 10:02:36", "elapsed": 4673.098694562912, "delta": 30.45452880859375}, "costs": {"total_cost": 549.1867478487756, "time_cost": 150, "final_distance_cost": 66.30137585621051, "oscillation_cost": 39.146558932828064, "completition_cost": 222.2222222222222, "overshoot_cost": 41.8914554566774, "power_cost": 15.534987548828125, "noise_cost": 14.090147832009265, "n_waypoints_completed": 7, "tot_waypoints": 9}}
