{"target": -172.92749048227955, "params": {"k_pid_pos": [1.5235362636019822, 0.008130403751059624, 0.8485899866729053], "k_pid_alt": [2.0, 0.002528217013981472, 0.014033919229662335], "k_pid_att": [12.696150700560494, 0.14053155991776664, 0.2393242753942548], "k_pid_yaw": [0.5, 1e-06, 0.1], "k_pid_hsp": [0.14393098635996845, 0.015473846952283947, 0.0], "k_pid_vsp": [272.98773214351644, 214.72995277325776, 1.0862763416656815]}, "datetime": {"datetime": "2025-08-21 18:19:44", "elapsed": 34500.99660515785, "delta": 15.720755338668823}, "costs": {"total_cost": 172.92749048227955, "time_cost": 70.2, "final_distance_cost": 1.842062568781422, "oscillation_cost": 26.778946248023814, "completition_cost": 0.0, "overshoot_cost": 50.31030118890664, "power_cost": 12.23819569091797, "noise_cost": 11.557984785649717, "n_waypoints_completed": 9, "tot_waypoints": 9}}
{"target": -169.78575908393287, "params": {"k_pid_pos": [1.580642756075519, 0.00928426391364467, 1.0], "k_pid_alt": [2.0, 0.0026058445007934115, 0.014588722476954724], "k_pid_att": [11.102272241352276, 0.1783772863565912, 0.2789487722328865], "k_pid_yaw": [0.5, 1e-06, 0.1], "k_pid_hsp": [0.13423126306907282, 0.016227991988622275, 0.0], "k_pid_vsp": [205.1898236389064, 245.95078837772567, 1.1832867370580764]}, "datetime": {"datetime": "2025-08-21 18:20:02", "elapsed": 34518.874850034714, "delta": 17.878244876861572}, "costs": {"total_cost": 169.78575908393287, "time_cost": 69.944, "final_distance_cost": 1.8488768816148615, "oscillation_cost": 26.773924852921134, "completition_cost": 0.0, "overshoot_cost": 49.55800247327818, "power_cost": 10.956120678710938, "noise_cost": 10.704834197407767, "n_waypoints_completed": 9, "tot_waypoints": 9}}
{"target": -176.65938342645464, "params": {"k_pid_pos": [1.7470188611189073, 0.00967630076610648, 0.8780063656874305], "k_pid_alt": [2.0, 0.0026915989314323895, 0.01374847008124209], "k_pid_att": [13.675666830955796, 0.08015143708063834, 0.3009841539541623], "k_pid_yaw": [0.5, 1e-06, 0.1], "k_pid_hsp": [0.1642049572614137, 0.01713391519336947, 0.0], "k_pid_vsp": [236.9596673165482, 265.8155716313967, 1.070864008598244]}, "datetime": {"datetime": "2025-08-21 18:20:18", "elapsed": 34534.535417318344, "delta": 15.660567283630371}, "costs": {"total_cost": 176.65938342645464, "time_cost": 69.856, "final_distance_cost": 1.8317487993875048, "oscillation_cost": 28.760719637211814, "completition_cost": 0.0, "overshoot_cost": 50.067953375347344, "power_cost": 13.908052514648437, "noise_cost": 12.23490909985956, "n_waypoints_completed": 9, "tot_waypoints": 9}}
{"target": -171.43484768886339, "params": {"k_pid_pos": [1.4861349858731607, 0.008637592066783337, 0.9113652173898777], "k_pid_alt": [2.0, 0.0034370065740690742, 0.013193206722523373], "k_pid_att": [12.286828889564779, 0.1631270287794391, 0.31877602155529616], "k_pid_yaw": [0.5, 1e-06, 0.1], "k_pid_hsp": [0.1621373545806568, 0.01998819311231247, 0.0], "k_pid_vsp": [279.9847081751921, 361.7341834717781, 0.9636704452605999]}, "datetime": {"datetime": "2025-08-21 18:20:35", "elapsed": 34552.4380273819, "delta": 17.902610063552856}, "costs": {"total_cost": 171.43484768886339, "time_cost": 70.24, "final_distance_cost": 1.844986275491181, "oscillation_cost": 27.00549505001701, "completition_cost": 0.0, "overshoot_cost": 49.59320583222859, "power_cost": 11.522385095214844, "noise_cost": 11.228775435911748, "n_waypoints_completed": 9, "tot_waypoints": 9}}
{"target": -179.03422890523018, "params": {"k_pid_pos": [0.9292901212452191, 0.011866702934098057, 0.7465798172239527], "k_pid_alt": [2.0, 0.0030014093673603006, 0.011815757134934485], "k_pid_att": [11.281465175715708, 0.19148282638564595, 0.33485005296899906], "k_pid_yaw": [0.5, 1e-06, 0.1], "k_pid_hsp": [0.16603183298985805, 0.022258413788310564, 0.0], "k_pid_vsp": [285.5251432939585, 227.9021557217619, 1.1275362347287023]}, "datetime": {"datetime": "2025-08-21 18:20:54", "elapsed": 34571.11447620392, "delta": 18.676448822021484}, "costs": {"total_cost": 179.03422890523018, "time_cost": 76.736, "final_distance_cost": 1.8544414953567883, "oscillation_cost": 26.705135153641265, "completition_cost": 0.0, "overshoot_cost": 50.40815057458633, "power_cost": 11.274452575683595, "noise_cost": 12.056049105962177, "n_waypoints_completed": 9, "tot_waypoints": 9}}
{"target": -180.6563472920386, "params": {"k_pid_pos": [1.733039680271764, 0.008981517145169276, 0.6998965364955536], "k_pid_alt": [2.0, 0.002421361793103037, 0.010829990274452717], "k_pid_att": [11.282556744044504, 0.19645605578611955, 0.17499772018744364], "k_pid_yaw": [0.5, 1e-06, 0.1], "k_pid_hsp": [0.15846132592127005, 0.01524454259061539, 0.0], "k_pid_vsp": [285.82960872315095, 211.2758159827806, 1.091613744059717]}, "datetime": {"datetime": "2025-08-21 18:21:11", "elapsed": 34587.56662654877, "delta": 16.452150344848633}, "costs": {"total_cost": 180.6563472920386, "time_cost": 69.672, "final_distance_cost": 1.832164100443709, "oscillation_cost": 29.555196183472425, "completition_cost": 0.0, "overshoot_cost": 50.736363336370424, "power_cost": 15.65842431640625, "noise_cost": 13.202199355345792, "n_waypoints_completed": 9, "tot_waypoints": 9}}
{"target": -174.18346240487543, "params": {"k_pid_pos": [1.6561742068158578, 0.012917821566052074, 0.9991857079962164], "k_pid_alt": [1.5340493507083075, 0.0030057440233867013, 0.014972077437013105], "k_pid_att": [13.675468434911975, 0.15841062498381683, 0.2754953319687501], "k_pid_yaw": [0.5, 1e-06, 0.1], "k_pid_hsp": [0.15617229984707395, 0.021045882430790894, 0.0], "k_pid_vsp": [262.7409900081421, 283.0577851893679, 1.325593800594081]}, "datetime": {"datetime": "2025-08-21 18:21:29", "elapsed": 34605.4974155426, "delta": 17.93078899383545}, "costs": {"total_cost": 174.18346240487543, "time_cost": 70.288, "final_distance_cost": 1.8439402791876558, "oscillation_cost": 27.137450240059778, "completition_cost": 0.0, "overshoot_cost": 49.99503312929665, "power_cost": 13.055997094726564, "noise_cost": 11.863041661604804, "n_waypoints_completed": 9, "tot_waypoints": 9}}
{"target": -170.47904886798096, "params": {"k_pid_pos": [1.5906282020897826, 0.00527295270690203, 1.0], "k_pid_alt": [1.8261236863176962, 0.0028064394541178553, 0.010535386244168193], "k_pid_att": [13.71109450730381, 0.1803191345967574, 0.27574215530727075], "k_pid_yaw": [0.5, 1e-06, 0.1], "k_pid_hsp": [0.16334299911583974, 0.010015369584602949, 0.0], "k_pid_vsp": [310.94205870211727, 285.8889017532205, 1.0538519187303748]}, "datetime": {"datetime": "2025-08-21 18:21:45", "elapsed": 34622.422847509384, "delta": 16.925431966781616}, "costs": {"total_cost": 170.47904886798096, "time_cost": 70.28, "final_distance_cost": 1.8495757106872592, "oscillation_cost": 26.07150140132455, "completition_cost": 0.0, "overshoot_cost": 49.92771623393664, "power_cost": 11.344350170898439, "noise_cost": 11.005905351134059, "n_waypoints_completed": 9, "tot_waypoints": 9}}
{"target": -174.11446425753752, "params": {"k_pid_pos": [1.4859809521505927, 0.008336354013889062, 0.993909284497163], "k_pid_alt": [1.7974191592595392, 0.0026238590462575313, 0.008454228730746879], "k_pid_att": [11.804114962567796, 0.1789217819913426, 0.24930130686310825], "k_pid_yaw": [0.5, 1e-06, 0.1], "k_pid_hsp": [0.19241386075383157, 0.016056934526260124, 0.0], "k_pid_vsp": [300.5738587350761, 240.9951139190216, 1.24166406407999]}, "datetime": {"datetime": "2025-08-21 18:22:03", "elapsed": 34639.79728913307, "delta": 17.374441623687744}, "costs": {"total_cost": 174.11446425753752, "time_cost": 70.808, "final_distance_cost": 1.8460744327156862, "oscillation_cost": 27.186371374856783, "completition_cost": 0.0, "overshoot_cost": 50.19151390275663, "power_cost": 12.333510363769532, "noise_cost": 11.748994183438855, "n_waypoints_completed": 9, "tot_waypoints": 9}}
{"target": -171.26332369071747, "params": {"k_pid_pos": [2.0, 0.0077344967280347475, 0.9766362132142713], "k_pid_alt": [1.89716293610625, 0.003066210693001155, 0.013683677620335982], "k_pid_att": [9.50302249347811, 0.22685319424197747, 0.29325940515665055], "k_pid_yaw": [0.5, 1e-06, 0.1], "k_pid_hsp": [0.23456468846819734, 0.017831149098874233, 0.0], "k_pid_vsp": [277.1403159015222, 239.46184636575117, 0.6249893758640883]}, "datetime": {"datetime": "2025-08-21 18:22:19", "elapsed": 34655.74329519272, "delta": 15.946006059646606}, "costs": {"total_cost": 171.26332369071747, "time_cost": 68.96000000000001, "final_distance_cost": 1.8426625779584007, "oscillation_cost": 29.950342104722996, "completition_cost": 0.0, "overshoot_cost": 49.91224561454568, "power_cost": 10.36453876953125, "noise_cost": 10.233534623959134, "n_waypoints_completed": 9, "tot_waypoints": 9}}
{"target": -169.21718195382317, "params": {"k_pid_pos": [1.6507961506955997, 0.0016959491465562617, 0.943276751613872], "k_pid_alt": [2.0, 0.0021985075357307455, 0.014134835277223007], "k_pid_att": [15.635803181969171, 0.17771727790926461, 0.33263094332532944], "k_pid_yaw": [0.5, 1e-06, 0.1], "k_pid_hsp": [0.1556513104117244, 0.015908776419864507, 0.0], "k_pid_vsp": [348.2380496461337, 220.53852154300762, 1.079871398995623]}, "datetime": {"datetime": "2025-08-21 18:22:37", "elapsed": 34674.350987672806, "delta": 18.60769248008728}, "costs": {"total_cost": 169.21718195382317, "time_cost": 69.816, "final_distance_cost": 1.841740442144616, "oscillation_cost": 26.960309863478162, "completition_cost": 0.0, "overshoot_cost": 50.12136481519295, "power_cost": 10.18140682373047, "noise_cost": 10.296360009276992, "n_waypoints_completed": 9, "tot_waypoints": 9}}
{"target": -181.81172959090796, "params": {"k_pid_pos": [1.6356999118578261, 0.012047598728017944, 0.7137288842403308], "k_pid_alt": [2.0, 0.002920139569958904, 0.01361242804843304], "k_pid_att": [11.283661330618301, 0.20446645263497618, 0.3796235531555204], "k_pid_yaw": [0.5, 1e-06, 0.1], "k_pid_hsp": [0.1686096345966989, 0.010066678717398234, 0.0], "k_pid_vsp": [282.4791450123248, 217.43166272456202, 1.0667331869349195]}, "datetime": {"datetime": "2025-08-21 18:22:53", "elapsed": 34690.176766872406, "delta": 15.82577919960022}, "costs": {"total_cost": 181.81172959090796, "time_cost": 70.072, "final_distance_cost": 1.836853679846183, "oscillation_cost": 28.930931619361967, "completition_cost": 0.0, "overshoot_cost": 51.12042541491206, "power_cost": 16.24937060546875, "noise_cost": 13.602148271318988, "n_waypoints_completed": 9, "tot_waypoints": 9}}
{"target": -172.37200224445849, "params": {"k_pid_pos": [1.576190266654103, 0.007952924851122022, 1.0], "k_pid_alt": [2.0, 0.001991503193073268, 0.01256061985945342], "k_pid_att": [11.263304303985203, 0.18800017976144923, 0.2842230972692008], "k_pid_yaw": [0.5, 1e-06, 0.1], "k_pid_hsp": [0.190876219761847, 0.019861903532826318, 0.0], "k_pid_vsp": [269.72640009208595, 167.07385571348792, 0.835580685751094]}, "datetime": {"datetime": "2025-08-21 18:23:12", "elapsed": 34708.46446108818, "delta": 18.287694215774536}, "costs": {"total_cost": 172.37200224445849, "time_cost": 70.19200000000001, "final_distance_cost": 1.846301622313942, "oscillation_cost": 27.205556864730653, "completition_cost": 0.0, "overshoot_cost": 50.16499723480068, "power_cost": 11.778447009277345, "noise_cost": 11.18469951333585, "n_waypoints_completed": 9, "tot_waypoints": 9}}
{"target": -170.49528955828902, "params": {"k_pid_pos": [1.4801854679220952, 0.007830189851337769, 0.7568014636841361], "k_pid_alt": [2.0, 0.0023147815721256235, 0.013354283828649912], "k_pid_att": [14.110313320755106, 0.10136358962808949, 0.29983397476607276], "k_pid_yaw": [0.5, 1e-06, 0.1], "k_pid_hsp": [0.15804745857462585, 0.02045356356632515, 0.0], "k_pid_vsp": [322.2092290462596, 274.5596896076308, 1.291208128635968]}, "datetime": {"datetime": "2025-08-21 18:23:28", "elapsed": 34724.48756527901, "delta": 16.023104190826416}, "costs": {"total_cost": 170.49528955828902, "time_cost": 69.19200000000001, "final_distance_cost": 1.8431711292121296, "oscillation_cost": 28.49381881108477, "completition_cost": 0.0, "overshoot_cost": 49.40896463737245, "power_cost": 10.615999438476562, "noise_cost": 10.941335542143092, "n_waypoints_completed": 9, "tot_waypoints": 9}}
{"target": -191.84049579366388, "params": {"k_pid_pos": [1.7474956155717838, 0.0033479440882369788, 0.9395292244443313], "k_pid_alt": [1.5762179795395976, 0.0027558504765176676, 0.013065521887701522], "k_pid_att": [10.88064007867829, 0.13876376142578858, 0.29823721421106414], "k_pid_yaw": [0.5, 1e-06, 0.1], "k_pid_hsp": [0.1762261349651109, 0.02034283403544107, 0.0], "k_pid_vsp": [224.51672964428994, 282.0574324946768, 0.7903442480489321]}, "datetime": {"datetime": "2025-08-21 18:23:45", "elapsed": 34741.814494132996, "delta": 17.326928853988647}, "costs": {"total_cost": 191.84049579366388, "time_cost": 71.232, "final_distance_cost": 1.84990572784996, "oscillation_cost": 29.90477363338751, "completition_cost": 0.0, "overshoot_cost": 52.67168421000646, "power_cost": 18.656335363769532, "noise_cost": 17.52579685865043, "n_waypoints_completed": 9, "tot_waypoints": 9}}
{"target": -172.92854972619935, "params": {"k_pid_pos": [1.6314347590059952, 0.011264382576428941, 0.9809428632778688], "k_pid_alt": [1.6256856522335719, 0.002616112978440565, 0.012446567250828497], "k_pid_att": [12.049292723644902, 0.16393044730133174, 0.26813569446983737], "k_pid_yaw": [0.5, 1e-06, 0.1], "k_pid_hsp": [0.13472656634026026, 0.018447433417578905, 0.0], "k_pid_vsp": [243.2045332065819, 246.7584098816557, 1.2022709181758462]}, "datetime": {"datetime": "2025-08-21 18:24:02", "elapsed": 34758.67998313904, "delta": 16.86548900604248}, "costs": {"total_cost": 172.92854972619935, "time_cost": 70.096, "final_distance_cost": 1.8473917090599055, "oscillation_cost": 27.12890044185976, "completition_cost": 0.0, "overshoot_cost": 50.37791336487171, "power_cost": 12.046795703125001, "noise_cost": 11.431548507282958, "n_waypoints_completed": 9, "tot_waypoints": 9}}
{"target": -171.6668415600941, "params": {"k_pid_pos": [1.6968225469565865, 0.005025901182443524, 1.0], "k_pid_alt": [1.8648545442612179, 0.0028917140043817104, 0.015386538963542126], "k_pid_att": [13.424223502901526, 0.08388809981624286, 0.3565126357089239], "k_pid_yaw": [0.5, 1e-06, 0.1], "k_pid_hsp": [0.16438491647432898, 0.02684182199380584, 0.0], "k_pid_vsp": [249.82244515395973, 248.83764727089738, 0.9032982480516011]}, "datetime": {"datetime": "2025-08-21 18:24:18", "elapsed": 34775.12621116638, "delta": 16.44622802734375}, "costs": {"total_cost": 171.6668415600941, "time_cost": 69.76, "final_distance_cost": 1.846533793226757, "oscillation_cost": 27.78114065562319, "completition_cost": 0.0, "overshoot_cost": 50.06353514557179, "power_cost": 11.313451501464844, "noise_cost": 10.902180464207511, "n_waypoints_completed": 9, "tot_waypoints": 9}}
{"target": -177.3789399604676, "params": {"k_pid_pos": [2.0, 0.008763042354482808, 0.8936858943587621], "k_pid_alt": [2.0, 0.0024792354729826537, 0.005528473692841496], "k_pid_att": [12.079341779183272, 0.18926386164137265, 0.2918659637027589], "k_pid_yaw": [0.5, 1e-06, 0.1], "k_pid_hsp": [0.1710043771921257, 0.017410365863259475, 0.0], "k_pid_vsp": [292.45902617426924, 295.237451393503, 1.054700395343754]}, "datetime": {"datetime": "2025-08-21 18:24:35", "elapsed": 34792.37737751007, "delta": 17.251166343688965}, "costs": {"total_cost": 177.3789399604676, "time_cost": 69.632, "final_distance_cost": 1.8373259757824318, "oscillation_cost": 29.742922298131738, "completition_cost": 0.0, "overshoot_cost": 50.359252407998284, "power_cost": 13.636110107421876, "noise_cost": 12.17132917113324, "n_waypoints_completed": 9, "tot_waypoints": 9}}
{"target": -184.39383153970442, "params": {"k_pid_pos": [1.9746095444542247, 0.006362836324692246, 1.0], "k_pid_alt": [2.0, 0.0026536385945608956, 0.012990561310536622], "k_pid_att": [10.608408314143523, 0.1751606545997375, 0.344368679529377], "k_pid_yaw": [0.5, 1e-06, 0.1], "k_pid_hsp": [0.17375511864942317, 0.019628212315214732, 0.0], "k_pid_vsp": [255.58205178112914, 301.2178743818968, 1.262138740752822]}, "datetime": {"datetime": "2025-08-21 18:24:51", "elapsed": 34808.39294338226, "delta": 16.015565872192383}, "costs": {"total_cost": 184.39383153970442, "time_cost": 70.16, "final_distance_cost": 1.8462730698891816, "oscillation_cost": 30.185084884053687, "completition_cost": 0.0, "overshoot_cost": 51.20206923374933, "power_cost": 17.074512719726563, "noise_cost": 13.925891632285694, "n_waypoints_completed": 9, "tot_waypoints": 9}}
{"target": -178.16537426476526, "params": {"k_pid_pos": [1.5518717215345763, 0.007672021062519147, 0.9494011109482753], "k_pid_alt": [2.0, 0.002242253574304714, 0.010370384098415732], "k_pid_att": [12.573387098706226, 0.17311217539256027, 0.2839435508830133], "k_pid_yaw": [0.5, 1e-06, 0.1], "k_pid_hsp": [0.15449703551361796, 0.013991173455165101, 0.0], "k_pid_vsp": [277.64605282387606, 248.1932468850217, 1.0123512427460397]}, "datetime": {"datetime": "2025-08-21 18:25:09", "elapsed": 34826.1458003521, "delta": 17.752856969833374}, "costs": {"total_cost": 178.16537426476526, "time_cost": 70.896, "final_distance_cost": 1.8485559009538424, "oscillation_cost": 28.257973807657756, "completition_cost": 0.0, "overshoot_cost": 50.30597523507637, "power_cost": 14.082136047363282, "noise_cost": 12.774733273714006, "n_waypoints_completed": 9, "tot_waypoints": 9}}
{"target": -177.4567656097459, "params": {"k_pid_pos": [2.0, 0.01012111190780128, 0.7868868368873799], "k_pid_alt": [2.0, 0.0028628795152681285, 0.014095119070729687], "k_pid_att": [11.511050212754036, 0.17658525327470587, 0.2749409150775295], "k_pid_yaw": [0.5, 1e-06, 0.1], "k_pid_hsp": [0.13405488624616343, 0.020522311254859957, 0.0], "k_pid_vsp": [240.7865105001678, 325.96400318456654, 1.0748573907487924]}, "datetime": {"datetime": "2025-08-21 18:25:25", "elapsed": 34842.016765117645, "delta": 15.870964765548706}, "costs": {"total_cost": 177.4567656097459, "time_cost": 69.336, "final_distance_cost": 1.8285523250727136, "oscillation_cost": 29.97616802147222, "completition_cost": 0.0, "overshoot_cost": 50.85225527820398, "power_cost": 13.606585754394532, "noise_cost": 11.85720423060247, "n_waypoints_completed": 9, "tot_waypoints": 9}}
{"target": -176.74371760535092, "params": {"k_pid_pos": [1.4964529562814428, 0.005477398558166917, 0.7278402716780198], "k_pid_alt": [1.90494878083715, 0.00334727382802139, 0.01203436568847714], "k_pid_att": [13.252990349023799, 0.14991117474694635, 0.38018371370956006], "k_pid_yaw": [0.5, 1e-06, 0.1], "k_pid_hsp": [0.14860087113011414, 0.013533391188331337, 0.0], "k_pid_vsp": [253.60556678035354, 232.81029123649105, 1.019166565986054]}, "datetime": {"datetime": "2025-08-21 18:25:43", "elapsed": 34859.72379374504, "delta": 17.70702862739563}, "costs": {"total_cost": 176.74371760535092, "time_cost": 69.976, "final_distance_cost": 1.845225134585245, "oscillation_cost": 27.94579225443734, "completition_cost": 0.0, "overshoot_cost": 50.67435547680061, "power_cost": 14.067092285156251, "noise_cost": 12.235252454371459, "n_waypoints_completed": 9, "tot_waypoints": 9}}
{"target": -174.35446976764095, "params": {"k_pid_pos": [1.3740883944157047, 0.006625866612853091, 0.8250665600779205], "k_pid_alt": [1.6540132505135263, 0.0029365956983287557, 0.01370361427462969], "k_pid_att": [10.004873042521053, 0.19980215973457435, 0.38080530600262535], "k_pid_yaw": [0.5, 1e-06, 0.1], "k_pid_hsp": [0.16135508942398025, 0.020497491554965455, 0.0], "k_pid_vsp": [163.27745601760304, 278.1667546230419, 0.9789204276551041]}, "datetime": {"datetime": "2025-08-21 18:25:59", "elapsed": 34876.16303062439, "delta": 16.439236879348755}, "costs": {"total_cost": 174.35446976764095, "time_cost": 70.304, "final_distance_cost": 1.842765053670359, "oscillation_cost": 27.356734414326688, "completition_cost": 0.0, "overshoot_cost": 50.413621838233276, "power_cost": 12.723627319335938, "noise_cost": 11.713721142074682, "n_waypoints_completed": 9, "tot_waypoints": 9}}
{"target": -180.75204645117253, "params": {"k_pid_pos": [1.7184100716907516, 0.00651217906893616, 1.0], "k_pid_alt": [2.0, 0.0031738687886228704, 0.01192492943993856], "k_pid_att": [8.408294618812677, 0.16122985801953418, 0.35426013971601633], "k_pid_yaw": [0.5, 1e-06, 0.1], "k_pid_hsp": [0.17926871407554046, 0.020228738824873426, 0.0], "k_pid_vsp": [301.0155497588346, 301.72839450251695, 1.1595418381839497]}, "datetime": {"datetime": "2025-08-21 18:26:17", "elapsed": 34894.276190042496, "delta": 18.11315941810608}, "costs": {"total_cost": 180.75204645117253, "time_cost": 70.288, "final_distance_cost": 1.8440619685305202, "oscillation_cost": 29.50914632144444, "completition_cost": 0.0, "overshoot_cost": 51.28910593453974, "power_cost": 14.833602075195314, "noise_cost": 12.988130151462519, "n_waypoints_completed": 9, "tot_waypoints": 9}}
{"target": -168.80901968170102, "params": {"k_pid_pos": [1.6697741977924583, 0.005729632977509682, 0.9831378951482886], "k_pid_alt": [1.9940623363582752, 0.0035349337248524004, 0.01361433618857487], "k_pid_att": [12.017578873421082, 0.18929298511830897, 0.19040692155485892], "k_pid_yaw": [0.5, 1e-06, 0.1], "k_pid_hsp": [0.1334958416054072, 0.016665867859453145, 0.0], "k_pid_vsp": [236.7445609415313, 265.465859163127, 0.9764116461573092]}, "datetime": {"datetime": "2025-08-21 18:26:34", "elapsed": 34910.887721300125, "delta": 16.611531257629395}, "costs": {"total_cost": 168.80901968170102, "time_cost": 69.304, "final_distance_cost": 1.8482344748222375, "oscillation_cost": 27.854414428735563, "completition_cost": 0.0, "overshoot_cost": 49.732483802162925, "power_cost": 9.959739514160157, "noise_cost": 10.110147461820121, "n_waypoints_completed": 9, "tot_waypoints": 9}}
