{"target": -179.55515315747513, "params": {"k_pid_pos": [1.3846258865353347, 0.008329077110595346, 1.0], "k_pid_alt": [2.0, 0.0034110478804402432, 0.015532314095731671], "k_pid_att": [10.94015345741496, 0.13923766650346145, 0.29936483881597176], "k_pid_yaw": [0.5, 1e-06, 0.1], "k_pid_hsp": [0.12533682022597112, 0.01988185900312839, 0.0], "k_pid_vsp": [264.9809211247569, 290.1329772026144, 1.1253708026848253]}, "datetime": {"datetime": "2025-08-21 19:44:53", "elapsed": 39610.05500745773, "delta": 18.244486093521118}, "costs": {"total_cost": 179.55515315747513, "time_cost": 71.848, "final_distance_cost": 1.8453098931653982, "oscillation_cost": 27.348254347853498, "completition_cost": 0.0, "overshoot_cost": 50.499551810996984, "power_cost": 14.84526932373047, "noise_cost": 13.16876778172881, "n_waypoints_completed": 9, "tot_waypoints": 9}}
{"target": -174.70294913143033, "params": {"k_pid_pos": [1.6242005809628537, 0.005755781478534244, 0.9490765315950059], "k_pid_alt": [1.561315423862238, 0.0027246400274035213, 0.0152783110575059], "k_pid_att": [11.306287741016684, 0.19194520392664294, 0.3036356493328353], "k_pid_yaw": [0.5, 1e-06, 0.1], "k_pid_hsp": [0.16631463272081357, 0.016102062900420953, 0.0], "k_pid_vsp": [270.4635687888301, 267.7680492753014, 1.1091717894318913]}, "datetime": {"datetime": "2025-08-21 19:45:09", "elapsed": 39625.906436920166, "delta": 15.851429462432861}, "costs": {"total_cost": 174.70294913143033, "time_cost": 70.272, "final_distance_cost": 1.8429651700001226, "oscillation_cost": 26.90354921251482, "completition_cost": 0.0, "overshoot_cost": 50.349786342089544, "power_cost": 13.304062915039063, "noise_cost": 12.030585491786788, "n_waypoints_completed": 9, "tot_waypoints": 9}}
{"target": -172.1036053826884, "params": {"k_pid_pos": [1.475096448678445, 0.005728449231216233, 0.9274588105916033], "k_pid_alt": [1.8633119360571928, 0.0028546771995270315, 0.013085659900296162], "k_pid_att": [12.836189466482686, 0.1925861415667477, 0.43125270335801114], "k_pid_yaw": [0.5, 1e-06, 0.1], "k_pid_hsp": [0.13830215428154247, 0.016246691210435916, 0.0], "k_pid_vsp": [235.68010477055864, 244.08065409328137, 1.1373372864123374]}, "datetime": {"datetime": "2025-08-21 19:45:26", "elapsed": 39643.03692030907, "delta": 17.130483388900757}, "costs": {"total_cost": 172.1036053826884, "time_cost": 70.584, "final_distance_cost": 1.8470748255028528, "oscillation_cost": 26.297413623856045, "completition_cost": 0.0, "overshoot_cost": 50.37594891011106, "power_cost": 11.797345104980469, "noise_cost": 11.201822918237937, "n_waypoints_completed": 9, "tot_waypoints": 9}}
{"target": -174.56549102835416, "params": {"k_pid_pos": [1.4372510431394758, 0.008065083587333466, 0.87358612976738], "k_pid_alt": [1.8937116382318067, 0.003008613321019252, 0.013261149334519029], "k_pid_att": [10.41259028178957, 0.1668223929596011, 0.33305900651606585], "k_pid_yaw": [0.5, 1e-06, 0.1], "k_pid_hsp": [0.16956417796999945, 0.020323652149473997, 0.0], "k_pid_vsp": [262.5564987570918, 239.37326940405964, 1.0999022261439093]}, "datetime": {"datetime": "2025-08-21 19:45:42", "elapsed": 39659.280072927475, "delta": 16.243152618408203}, "costs": {"total_cost": 174.56549102835416, "time_cost": 70.352, "final_distance_cost": 1.8490180057527548, "oscillation_cost": 27.306169949178503, "completition_cost": 0.0, "overshoot_cost": 49.65014117489441, "power_cost": 13.14655096435547, "noise_cost": 12.261610934173026, "n_waypoints_completed": 9, "tot_waypoints": 9}}
{"target": -171.18228417129032, "params": {"k_pid_pos": [1.6663439346568927, 0.007757146404186826, 0.7299084608747449], "k_pid_alt": [2.0, 0.002522823092496473, 0.012370558827681075], "k_pid_att": [12.318721813474161, 0.1731139724665152, 0.3682395318507011], "k_pid_yaw": [0.5, 1e-06, 0.1], "k_pid_hsp": [0.14412967249912964, 0.01196621911073136, 0.0], "k_pid_vsp": [283.2283530973812, 235.21531617005033, 1.3604242624498852]}, "datetime": {"datetime": "2025-08-21 19:46:00", "elapsed": 39677.13202095032, "delta": 17.851948022842407}, "costs": {"total_cost": 171.18228417129032, "time_cost": 69.44, "final_distance_cost": 1.8215093129286843, "oscillation_cost": 28.09114351699825, "completition_cost": 0.0, "overshoot_cost": 50.37488233911682, "power_cost": 10.92741787109375, "noise_cost": 10.5273311311528, "n_waypoints_completed": 9, "tot_waypoints": 9}}
{"target": -171.7669503994746, "params": {"k_pid_pos": [1.6782930974215535, 0.008136237907430646, 0.9459194436851908], "k_pid_alt": [1.8219833091573416, 0.0029490123009280732, 0.011346924330392095], "k_pid_att": [10.971223560470046, 0.1636453224326273, 0.2956625259628744], "k_pid_yaw": [0.5, 1e-06, 0.1], "k_pid_hsp": [0.15975626386435757, 0.02364294142899716, 0.0], "k_pid_vsp": [286.8852808540161, 295.6898989425609, 0.887701606855876]}, "datetime": {"datetime": "2025-08-21 19:46:16", "elapsed": 39693.28598809242, "delta": 16.153967142105103}, "costs": {"total_cost": 171.7669503994746, "time_cost": 69.88, "final_distance_cost": 1.8511220723819288, "oscillation_cost": 28.022600532957288, "completition_cost": 0.0, "overshoot_cost": 50.52505542302342, "power_cost": 10.907792651367188, "noise_cost": 10.580379719744789, "n_waypoints_completed": 9, "tot_waypoints": 9}}
{"target": -175.2128171218582, "params": {"k_pid_pos": [1.8049120676122505, 0.005788943613977901, 0.8908858465708773], "k_pid_alt": [2.0, 0.003173360776072876, 0.010536308548147669], "k_pid_att": [12.87751588295074, 0.16879365501223131, 0.30888335533357414], "k_pid_yaw": [0.5, 1e-06, 0.1], "k_pid_hsp": [0.15029481278219045, 0.014727801707699134, 0.0], "k_pid_vsp": [281.43540747290854, 306.8388970755234, 0.9037719536993728]}, "datetime": {"datetime": "2025-08-21 19:46:33", "elapsed": 39710.418165922165, "delta": 17.13217782974243}, "costs": {"total_cost": 175.2128171218582, "time_cost": 69.768, "final_distance_cost": 1.83919197498987, "oscillation_cost": 28.699376554812346, "completition_cost": 0.0, "overshoot_cost": 50.1040679519571, "power_cost": 13.0638833984375, "noise_cost": 11.738297241661371, "n_waypoints_completed": 9, "tot_waypoints": 9}}
{"target": -168.62894665745551, "params": {"k_pid_pos": [1.3483970388893673, 0.007205911781353459, 0.7110918802863401], "k_pid_alt": [2.0, 0.0029898613027574076, 0.012126488393331991], "k_pid_att": [10.856531308994997, 0.17453437121962198, 0.29165038596186493], "k_pid_yaw": [0.5, 1e-06, 0.1], "k_pid_hsp": [0.14444607038219767, 0.018523534734444236, 0.0], "k_pid_vsp": [313.99616953048366, 287.82375131810664, 0.9074384642213458]}, "datetime": {"datetime": "2025-08-21 19:46:50", "elapsed": 39726.73143386841, "delta": 16.313267946243286}, "costs": {"total_cost": 168.62894665745551, "time_cost": 69.888, "final_distance_cost": 1.83966553600525, "oscillation_cost": 26.903579485268622, "completition_cost": 0.0, "overshoot_cost": 49.73033098538508, "power_cost": 10.05183094482422, "noise_cost": 10.215539705972347, "n_waypoints_completed": 9, "tot_waypoints": 9}}
{"target": -166.46948749855696, "params": {"k_pid_pos": [1.4635467491768832, 0.006143724358616361, 1.0], "k_pid_alt": [2.0, 0.003057613114212375, 0.010809077788918762], "k_pid_att": [12.483724367562223, 0.1739731467742247, 0.27887930584314885], "k_pid_yaw": [0.5, 1e-06, 0.1], "k_pid_hsp": [0.14245010212375836, 0.019468991626597733, 0.0], "k_pid_vsp": [309.0200726863382, 268.70481395105816, 1.0239844318819549]}, "datetime": {"datetime": "2025-08-21 19:47:07", "elapsed": 39744.18175292015, "delta": 17.450319051742554}, "costs": {"total_cost": 166.46948749855696, "time_cost": 70.304, "final_distance_cost": 1.851044294730562, "oscillation_cost": 27.375570460539695, "completition_cost": 0.0, "overshoot_cost": 49.960624148510334, "power_cost": 7.861354516601563, "noise_cost": 9.116894078174829, "n_waypoints_completed": 9, "tot_waypoints": 9}}
{"target": -169.05276209689777, "params": {"k_pid_pos": [1.7193173055306143, 0.007345216986771273, 0.8935136302852413], "k_pid_alt": [1.8952619381686064, 0.0027165615895169697, 0.01316165872782546], "k_pid_att": [13.502855180730265, 0.19233623841237754, 0.2810113878142901], "k_pid_yaw": [0.5, 1e-06, 0.1], "k_pid_hsp": [0.1504684521815021, 0.018358262615263996, 0.0], "k_pid_vsp": [298.9215637220852, 266.9856420217597, 1.1498844406448254]}, "datetime": {"datetime": "2025-08-21 19:47:23", "elapsed": 39760.310294151306, "delta": 16.128541231155396}, "costs": {"total_cost": 169.05276209689777, "time_cost": 69.0, "final_distance_cost": 1.8325460268374643, "oscillation_cost": 28.86455312978377, "completition_cost": 0.0, "overshoot_cost": 50.02509994065849, "power_cost": 9.481549291992188, "noise_cost": 9.849013707625863, "n_waypoints_completed": 9, "tot_waypoints": 9}}
{"target": -172.42571285384588, "params": {"k_pid_pos": [1.5001471350532547, 0.00707598206337334, 0.8134732015466956], "k_pid_alt": [2.0, 0.0029124726751810215, 0.010515259878350433], "k_pid_att": [11.740288814704165, 0.167385545409341, 0.23690726782677576], "k_pid_yaw": [0.5, 1e-06, 0.1], "k_pid_hsp": [0.16747956088942248, 0.021062182389066198, 0.0], "k_pid_vsp": [289.579303001501, 263.97196780180474, 1.126458161369898]}, "datetime": {"datetime": "2025-08-21 19:47:40", "elapsed": 39777.09352970123, "delta": 16.783235549926758}, "costs": {"total_cost": 172.42571285384588, "time_cost": 69.992, "final_distance_cost": 1.843296929798935, "oscillation_cost": 27.55597238784788, "completition_cost": 0.0, "overshoot_cost": 50.166417959560526, "power_cost": 11.692600170898437, "noise_cost": 11.1754254057401, "n_waypoints_completed": 9, "tot_waypoints": 9}}
{"target": -174.26234463137467, "params": {"k_pid_pos": [1.5696914797406192, 0.007761448437996384, 0.744807812755169], "k_pid_alt": [2.0, 0.002654546094632504, 0.011200754980060153], "k_pid_att": [8.98084668386524, 0.14096884919343708, 0.31252090347013745], "k_pid_yaw": [0.5, 1e-06, 0.1], "k_pid_hsp": [0.177308140978279, 0.018172338959868917, 0.0], "k_pid_vsp": [338.8089061818565, 321.65425287611373, 1.0032903518930565]}, "datetime": {"datetime": "2025-08-21 19:47:57", "elapsed": 39793.88878417015, "delta": 16.795254468917847}, "costs": {"total_cost": 174.26234463137467, "time_cost": 69.776, "final_distance_cost": 1.8354762974977317, "oscillation_cost": 28.391755862674266, "completition_cost": 0.0, "overshoot_cost": 50.26222726074973, "power_cost": 12.484671276855469, "noise_cost": 11.51221393359748, "n_waypoints_completed": 9, "tot_waypoints": 9}}
{"target": -175.14575858890774, "params": {"k_pid_pos": [1.652615163890836, 0.009131056885192952, 0.9686179546046816], "k_pid_alt": [1.6726931487920031, 0.0030074578287461896, 0.012829864442778026], "k_pid_att": [9.677259589173316, 0.16926747602266104, 0.33234273213084536], "k_pid_yaw": [0.5, 1e-06, 0.1], "k_pid_hsp": [0.18471192641105652, 0.01699081733076226, 0.0], "k_pid_vsp": [255.71047848289595, 254.1015320881963, 0.9373698938486511]}, "datetime": {"datetime": "2025-08-21 19:48:13", "elapsed": 39809.69564008713, "delta": 15.806855916976929}, "costs": {"total_cost": 175.14575858890774, "time_cost": 69.92, "final_distance_cost": 1.8407825130395243, "oscillation_cost": 28.38094349313634, "completition_cost": 0.0, "overshoot_cost": 50.28960350862266, "power_cost": 12.971009924316407, "noise_cost": 11.743419149792793, "n_waypoints_completed": 9, "tot_waypoints": 9}}
{"target": -168.4491835058558, "params": {"k_pid_pos": [1.4950140911744747, 0.007403134719740664, 1.0], "k_pid_alt": [2.0, 0.0029836764055271112, 0.012036188023860658], "k_pid_att": [11.268882648435984, 0.16307473293744237, 0.3331324645632558], "k_pid_yaw": [0.5, 1e-06, 0.1], "k_pid_hsp": [0.1470218031837073, 0.02055386977196288, 0.0], "k_pid_vsp": [282.3758973695978, 285.21516772067804, 0.9199653980094689]}, "datetime": {"datetime": "2025-08-21 19:48:30", "elapsed": 39827.277180194855, "delta": 17.58154010772705}, "costs": {"total_cost": 168.4491835058558, "time_cost": 70.144, "final_distance_cost": 1.8521034092978237, "oscillation_cost": 27.03085749544164, "completition_cost": 0.0, "overshoot_cost": 49.87424551066072, "power_cost": 9.418067553710937, "noise_cost": 10.12990953674468, "n_waypoints_completed": 9, "tot_waypoints": 9}}
{"target": -170.86363903353396, "params": {"k_pid_pos": [1.7853197009137773, 0.006700636234418804, 1.0], "k_pid_alt": [1.9921143038749338, 0.002783432164880223, 0.013925284462025372], "k_pid_att": [12.741885065485155, 0.20812336034760426, 0.3082152095021423], "k_pid_yaw": [0.5, 1e-06, 0.1], "k_pid_hsp": [0.1716149558252503, 0.018714594708733916, 0.0], "k_pid_vsp": [314.1635013879202, 245.97525317195928, 1.1027120483063617]}, "datetime": {"datetime": "2025-08-21 19:48:46", "elapsed": 39843.13106870651, "delta": 15.853888511657715}, "costs": {"total_cost": 170.86363903353396, "time_cost": 69.28, "final_distance_cost": 1.8447947648529357, "oscillation_cost": 28.505618884441784, "completition_cost": 0.0, "overshoot_cost": 49.62324289312579, "power_cost": 10.866455627441407, "noise_cost": 10.74352686367204, "n_waypoints_completed": 9, "tot_waypoints": 9}}
{"target": -171.93785963822202, "params": {"k_pid_pos": [1.817180843462834, 0.0061373457512944665, 1.0], "k_pid_alt": [1.8211127089290768, 0.002856764734233313, 0.012234280415438883], "k_pid_att": [13.641944294959208, 0.14764218748519017, 0.3315419965304176], "k_pid_yaw": [0.5, 1e-06, 0.1], "k_pid_hsp": [0.18013741568914265, 0.015137553713788618, 0.0], "k_pid_vsp": [267.42803878093713, 285.12732045404636, 1.0911927778000639]}, "datetime": {"datetime": "2025-08-21 19:49:03", "elapsed": 39860.21724796295, "delta": 17.08617925643921}, "costs": {"total_cost": 171.93785963822202, "time_cost": 69.296, "final_distance_cost": 1.8331889945910296, "oscillation_cost": 28.63665305633306, "completition_cost": 0.0, "overshoot_cost": 49.78151632998612, "power_cost": 11.403539855957032, "noise_cost": 10.986961401354769, "n_waypoints_completed": 9, "tot_waypoints": 9}}
{"target": -169.02777032652426, "params": {"k_pid_pos": [1.486477660883492, 0.007356041559662299, 0.8653478905837179], "k_pid_alt": [1.7063687565662302, 0.0031530069342615777, 0.01431788900016133], "k_pid_att": [12.756210129753661, 0.1592762855688998, 0.2894536726971064], "k_pid_yaw": [0.5, 1e-06, 0.1], "k_pid_hsp": [0.17274109569278354, 0.021574291804324533, 0.0], "k_pid_vsp": [237.99598993714676, 275.3839333036207, 1.182626564709319]}, "datetime": {"datetime": "2025-08-21 19:49:20", "elapsed": 39876.473638772964, "delta": 16.256390810012817}, "costs": {"total_cost": 169.02777032652426, "time_cost": 69.552, "final_distance_cost": 1.8526057102858, "oscillation_cost": 28.488683332015015, "completition_cost": 0.0, "overshoot_cost": 49.77858788619834, "power_cost": 9.480996215820314, "noise_cost": 9.874897182204789, "n_waypoints_completed": 9, "tot_waypoints": 9}}
{"target": -181.30581865421297, "params": {"k_pid_pos": [1.817181135806648, 0.004932915075324434, 0.8405485206758471], "k_pid_alt": [1.9705597391246983, 0.002636552652968043, 0.012933375356683605], "k_pid_att": [11.328807087351999, 0.18668922072366856, 0.2681947491780126], "k_pid_yaw": [0.5, 1e-06, 0.1], "k_pid_hsp": [0.18583929735253402, 0.015871343450478945, 0.0], "k_pid_vsp": [294.77583247974724, 254.63723489632844, 1.0336282980402247]}, "datetime": {"datetime": "2025-08-21 19:49:35", "elapsed": 39892.27089762688, "delta": 15.797258853912354}, "costs": {"total_cost": 181.30581865421297, "time_cost": 69.872, "final_distance_cost": 1.8351445084258216, "oscillation_cost": 29.897331458126903, "completition_cost": 0.0, "overshoot_cost": 51.093862732138724, "power_cost": 15.403304162597657, "noise_cost": 13.204175792923861, "n_waypoints_completed": 9, "tot_waypoints": 9}}
{"target": -170.63917293992685, "params": {"k_pid_pos": [1.4768906700578064, 0.007610573923202611, 0.9980142547076549], "k_pid_alt": [2.0, 0.0031286719456196897, 0.011662582547556097], "k_pid_att": [9.238279602423653, 0.1495064289138813, 0.3556497741778351], "k_pid_yaw": [0.5, 1e-06, 0.1], "k_pid_hsp": [0.14511618885811964, 0.019393226454064178, 0.0], "k_pid_vsp": [285.47834865875103, 224.9289399328011, 0.9041668252511972]}, "datetime": {"datetime": "2025-08-21 19:49:54", "elapsed": 39910.4997317791, "delta": 18.22883415222168}, "costs": {"total_cost": 170.63917293992685, "time_cost": 70.328, "final_distance_cost": 1.8526989791857926, "oscillation_cost": 27.06593089247964, "completition_cost": 0.0, "overshoot_cost": 50.28174281407781, "power_cost": 10.256005895996093, "noise_cost": 10.854794358187512, "n_waypoints_completed": 9, "tot_waypoints": 9}}
{"target": -168.35726510853326, "params": {"k_pid_pos": [1.6285373700180565, 0.00723842137791045, 0.8573402026659993], "k_pid_alt": [1.8860647741181846, 0.002573589541249774, 0.014334590194680892], "k_pid_att": [11.652953726954223, 0.19609789966093305, 0.2997069509427101], "k_pid_yaw": [0.5, 1e-06, 0.1], "k_pid_hsp": [0.13309263650669054, 0.01580817188628039, 0.0], "k_pid_vsp": [285.01824138519936, 270.66730992075753, 1.2954025508510776]}, "datetime": {"datetime": "2025-08-21 19:50:09", "elapsed": 39925.910480737686, "delta": 15.410748958587646}, "costs": {"total_cost": 168.35726510853326, "time_cost": 69.008, "final_distance_cost": 1.847179022552453, "oscillation_cost": 28.411492604777848, "completition_cost": 0.0, "overshoot_cost": 49.898914781546026, "power_cost": 9.387845739746094, "noise_cost": 9.803832959910824, "n_waypoints_completed": 9, "tot_waypoints": 9}}
{"target": -173.8541222287892, "params": {"k_pid_pos": [1.657456718554443, 0.007515443718977984, 0.9100512305401666], "k_pid_alt": [2.0, 0.002965208801457153, 0.014201250069247273], "k_pid_att": [11.895105086993546, 0.17727879866197452, 0.30504307365986133], "k_pid_yaw": [0.5, 1e-06, 0.1], "k_pid_hsp": [0.14575044598645645, 0.014406698396072939, 0.0], "k_pid_vsp": [324.81583507781096, 250.00688469230917, 1.0451590604234118]}, "datetime": {"datetime": "2025-08-21 19:50:26", "elapsed": 39943.378017902374, "delta": 17.46753716468811}, "costs": {"total_cost": 173.8541222287892, "time_cost": 70.08800000000001, "final_distance_cost": 1.8425239619974683, "oscillation_cost": 26.8874304975304, "completition_cost": 0.0, "overshoot_cost": 50.99196190388544, "power_cost": 12.44625556640625, "noise_cost": 11.597950298969627, "n_waypoints_completed": 9, "tot_waypoints": 9}}
{"target": -168.94880014537685, "params": {"k_pid_pos": [1.8412226988253195, 0.004661445111538942, 0.9520532321522969], "k_pid_alt": [2.0, 0.002235822638197072, 0.010071046683416959], "k_pid_att": [11.565701600317274, 0.16364643480360477, 0.2849439938604613], "k_pid_yaw": [0.5, 1e-06, 0.1], "k_pid_hsp": [0.1578352583502369, 0.016485286016119722, 0.0], "k_pid_vsp": [218.21288412924505, 292.83860045863946, 1.0497502968182206]}, "datetime": {"datetime": "2025-08-21 19:50:42", "elapsed": 39958.89822936058, "delta": 15.520211458206177}, "costs": {"total_cost": 168.94880014537685, "time_cost": 68.952, "final_distance_cost": 1.8326909266601243, "oscillation_cost": 29.357883245866862, "completition_cost": 0.0, "overshoot_cost": 50.05495488192859, "power_cost": 9.202626098632813, "noise_cost": 9.548644992288466, "n_waypoints_completed": 9, "tot_waypoints": 9}}
{"target": -174.4947886117748, "params": {"k_pid_pos": [1.3486813051198616, 0.007702531350178792, 0.8604406590029626], "k_pid_alt": [2.0, 0.0025609755356622074, 0.013219847854284936], "k_pid_att": [10.292566988935693, 0.1692811624776633, 0.27216337117980627], "k_pid_yaw": [0.5, 1e-06, 0.1], "k_pid_hsp": [0.13408545141389303, 0.016140187900143543, 0.0], "k_pid_vsp": [227.3680650789714, 286.70343025023874, 0.9728008707882742]}, "datetime": {"datetime": "2025-08-21 19:51:00", "elapsed": 39976.53175473213, "delta": 17.633525371551514}, "costs": {"total_cost": 174.4947886117748, "time_cost": 70.76, "final_distance_cost": 1.8496115831211888, "oscillation_cost": 26.733654718491284, "completition_cost": 0.0, "overshoot_cost": 49.947192941239585, "power_cost": 13.046900561523438, "noise_cost": 12.157428807399306, "n_waypoints_completed": 9, "tot_waypoints": 9}}
{"target": -186.09441949542764, "params": {"k_pid_pos": [1.522038520716, 0.0057671382124732775, 1.0], "k_pid_alt": [1.9268054834713582, 0.0031820051086067767, 0.010445487715996076], "k_pid_att": [11.528353919593494, 0.23083872516449402, 0.35988768655634135], "k_pid_yaw": [0.5, 1e-06, 0.1], "k_pid_hsp": [0.14231698480750274, 0.0198868926099686, 0.0], "k_pid_vsp": [217.90474776373694, 257.28804952116747, 0.9613850254626807]}, "datetime": {"datetime": "2025-08-21 19:51:17", "elapsed": 39993.55506825447, "delta": 17.023313522338867}, "costs": {"total_cost": 186.09441949542764, "time_cost": 72.44800000000001, "final_distance_cost": 1.843945308401342, "oscillation_cost": 28.55461298418737, "completition_cost": 0.0, "overshoot_cost": 51.407397466850774, "power_cost": 17.422409484863284, "noise_cost": 14.418054251124845, "n_waypoints_completed": 9, "tot_waypoints": 9}}
{"target": -166.48526821212891, "params": {"k_pid_pos": [1.5860023500268952, 0.008793488014641611, 0.9816809742260645], "k_pid_alt": [1.826825461017948, 0.002230739467422118, 0.013061576802963692], "k_pid_att": [11.162915265170085, 0.1520067942979699, 0.33943038324533276], "k_pid_yaw": [0.5, 1e-06, 0.1], "k_pid_hsp": [0.15795120819932262, 0.02030264141925706, 0.0], "k_pid_vsp": [232.51939223455872, 247.88470194465967, 1.2852396961779695]}, "datetime": {"datetime": "2025-08-21 19:51:34", "elapsed": 40011.121966362, "delta": 17.566898107528687}, "costs": {"total_cost": 166.48526821212891, "time_cost": 69.544, "final_distance_cost": 1.8466295454565818, "oscillation_cost": 28.43962276831863, "completition_cost": 0.0, "overshoot_cost": 49.5460212434597, "power_cost": 8.02405096435547, "noise_cost": 9.084943690538564, "n_waypoints_completed": 9, "tot_waypoints": 9}}
