{"target": -181.41979038052233, "params": {"k_pid_pos": [1.9503630936808005, 0.20532512209733858, 0.034165693938339015], "k_pid_alt": [1.4570289351993253, 0.009589376668915177, 0.05692179412916112], "k_pid_att": [14.506641448010187, 0.3453201117394646, 1.0], "k_pid_yaw": [0.5, 1e-06, 0.1], "k_pid_hsp": [0.48146645127803817, 0.0893999348342735, 0.0], "k_pid_vsp": [400.0, 200.77241870031074, 2.8933629405793617]}, "datetime": {"datetime": "2025-08-21 12:05:56", "elapsed": 12072.771966934204, "delta": 16.147977352142334}, "costs": {"total_cost": 181.41979038052233, "time_cost": 69.808, "final_distance_cost": 1.7041824015137905, "oscillation_cost": 38.45348116850588, "completition_cost": 0.0, "overshoot_cost": 50.7197368917174, "power_cost": 10.633776867675781, "noise_cost": 10.100613051109502, "n_waypoints_completed": 9, "tot_waypoints": 9}}
{"target": -177.28536477811997, "params": {"k_pid_pos": [1.6364322996284517, 0.15328226096242795, 0.39120232931543625], "k_pid_alt": [2.0, 0.007381427495437971, 0.028561401562210625], "k_pid_att": [47.77570859960418, 0.21125424200576273, 0.8141192988927445], "k_pid_yaw": [0.5, 1e-06, 0.1], "k_pid_hsp": [0.6052142589174964, 0.0806221837505387, 0.0], "k_pid_vsp": [400.0, 248.77952733978773, 2.6487057404032637]}, "datetime": {"datetime": "2025-08-21 12:06:12", "elapsed": 12088.80457353592, "delta": 16.032606601715088}, "costs": {"total_cost": 177.28536477811997, "time_cost": 69.21600000000001, "final_distance_cost": 1.784635287995742, "oscillation_cost": 31.2262371999112, "completition_cost": 0.0, "overshoot_cost": 50.78284989226439, "power_cost": 12.793307299804688, "noise_cost": 11.48233509814394, "n_waypoints_completed": 9, "tot_waypoints": 9}}
{"target": -179.73524823273502, "params": {"k_pid_pos": [1.9927467152117517, 0.10891988733841551, 0.688991358217747], "k_pid_alt": [2.0, 0.0, 0.03408349386373583], "k_pid_att": [54.05673894718492, 0.08445102465894473, 0.678685425459013], "k_pid_yaw": [0.5, 1e-06, 0.1], "k_pid_hsp": [0.2642208019583436, 0.07841949215032465, 0.0], "k_pid_vsp": [315.785900411255, 195.74917178643773, 4.487031283060624]}, "datetime": {"datetime": "2025-08-21 12:06:28", "elapsed": 12105.111199140549, "delta": 16.306625604629517}, "costs": {"total_cost": 179.73524823273502, "time_cost": 69.4, "final_distance_cost": 1.8292064829797652, "oscillation_cost": 32.11966716813328, "completition_cost": 0.0, "overshoot_cost": 50.35987044305276, "power_cost": 13.970927404785156, "noise_cost": 12.055576733784038, "n_waypoints_completed": 9, "tot_waypoints": 9}}
{"target": -180.22707198498736, "params": {"k_pid_pos": [0.969529719298939, 0.253847259717877, 0.7763363553231727], "k_pid_alt": [1.3052193790856723, 0.006137354485735119, 0.05552347028170739], "k_pid_att": [30.601624837378868, 0.2606622277495966, 0.7108206954482922], "k_pid_yaw": [0.5, 1e-06, 0.1], "k_pid_hsp": [0.5389910234861336, 0.04344605702763351, 0.0], "k_pid_vsp": [215.17251550713846, 134.26808853122444, 3.1867056312058586]}, "datetime": {"datetime": "2025-08-21 12:06:46", "elapsed": 12123.094968795776, "delta": 17.98376965522766}, "costs": {"total_cost": 180.22707198498736, "time_cost": 77.456, "final_distance_cost": 1.8233123848313426, "oscillation_cost": 27.57331114706732, "completition_cost": 0.0, "overshoot_cost": 51.18405436615447, "power_cost": 10.801719104003906, "noise_cost": 11.388674982930336, "n_waypoints_completed": 9, "tot_waypoints": 9}}
{"target": -194.29322091984608, "params": {"k_pid_pos": [1.383297117091569, 0.10630552922188878, 0.3317156583076433], "k_pid_alt": [2.0, 0.007905845707185269, 0.04991832331422683], "k_pid_att": [47.3710822804274, 0.2890304591473779, 0.6801621997180872], "k_pid_yaw": [0.5, 1e-06, 0.1], "k_pid_hsp": [0.21938930100130646, 0.07805110863981755, 0.0], "k_pid_vsp": [184.6152450205209, 134.38890930000605, 3.740944497049693]}, "datetime": {"datetime": "2025-08-21 12:07:03", "elapsed": 12140.061572790146, "delta": 16.966603994369507}, "costs": {"total_cost": 194.29322091984608, "time_cost": 73.272, "final_distance_cost": 1.8315885947714203, "oscillation_cost": 34.93569512190454, "completition_cost": 0.0, "overshoot_cost": 52.968586958783455, "power_cost": 17.301917626953127, "noise_cost": 13.983432617433548, "n_waypoints_completed": 9, "tot_waypoints": 9}}
{"target": -182.48749939592244, "params": {"k_pid_pos": [1.636255528476493, 0.13124383913518012, 0.8603564838873562], "k_pid_alt": [1.739186566292951, 0.011850424895499105, 0.07776156502199699], "k_pid_att": [45.95001388255083, 0.29907169427458075, 0.3316695154524251], "k_pid_yaw": [0.5, 1e-06, 0.1], "k_pid_hsp": [0.8784805859421291, 0.010242169790506102, 0.0], "k_pid_vsp": [31.150155424195987, 176.41384663433902, 2.95624978190801]}, "datetime": {"datetime": "2025-08-21 12:07:19", "elapsed": 12156.341321229935, "delta": 16.27974843978882}, "costs": {"total_cost": 182.48749939592244, "time_cost": 70.112, "final_distance_cost": 1.8388308541060348, "oscillation_cost": 35.830199730696044, "completition_cost": 0.0, "overshoot_cost": 49.96177701709452, "power_cost": 12.964833032226563, "noise_cost": 11.779858761799321, "n_waypoints_completed": 9, "tot_waypoints": 9}}
{"target": -183.48106341128062, "params": {"k_pid_pos": [1.0883085812501954, 0.08131833587233128, 0.6721315112369025], "k_pid_alt": [1.4492573467242602, 0.013236087359098139, 0.01241300465225524], "k_pid_att": [71.53403288730605, 0.18699986730686416, 0.5538755143181793], "k_pid_yaw": [0.5, 1e-06, 0.1], "k_pid_hsp": [0.6512013296629603, 0.0739026349310065, 0.0], "k_pid_vsp": [315.304407990697, 46.4294316315494, 3.0845470376085644]}, "datetime": {"datetime": "2025-08-21 12:07:36", "elapsed": 12173.431264400482, "delta": 17.089943170547485}, "costs": {"total_cost": 183.48106341128062, "time_cost": 74.048, "final_distance_cost": 1.84639577869226, "oscillation_cost": 30.615696299186506, "completition_cost": 0.0, "overshoot_cost": 50.97757564989159, "power_cost": 13.235242602539063, "noise_cost": 12.75815308097118, "n_waypoints_completed": 9, "tot_waypoints": 9}}
{"target": -179.14023941524854, "params": {"k_pid_pos": [1.8757631024475374, 0.14195752811709902, 0.9984861761604046], "k_pid_alt": [1.5207147924958404, 0.005027877263290386, 0.023072022939692544], "k_pid_att": [41.85300933319113, 0.24391607678784402, 0.5822420206230973], "k_pid_yaw": [0.5, 1e-06, 0.1], "k_pid_hsp": [0.3275674417001219, 0.053402154065493375, 0.0], "k_pid_vsp": [283.4614902875498, 249.76882415020114, 4.991927996396909]}, "datetime": {"datetime": "2025-08-21 12:07:53", "elapsed": 12190.074365377426, "delta": 16.64310097694397}, "costs": {"total_cost": 179.14023941524854, "time_cost": 70.21600000000001, "final_distance_cost": 1.821572652922123, "oscillation_cost": 29.786863461784325, "completition_cost": 0.0, "overshoot_cost": 50.287982263408914, "power_cost": 14.518703564453126, "noise_cost": 12.509117472680058, "n_waypoints_completed": 9, "tot_waypoints": 9}}
{"target": -186.819521470869, "params": {"k_pid_pos": [1.0395653253817363, 0.07486457669329462, 1.0], "k_pid_alt": [1.2610386784100858, 0.006632988709665634, 0.12292309295655279], "k_pid_att": [37.04949347992743, 0.24381855906439412, 0.8585108531072212], "k_pid_yaw": [0.5, 1e-06, 0.1], "k_pid_hsp": [0.3571549530800357, 0.0603313988366849, 0.0], "k_pid_vsp": [237.41977636049637, 111.76240547351905, 4.868292125705744]}, "datetime": {"datetime": "2025-08-21 12:08:11", "elapsed": 12208.00664806366, "delta": 17.93228268623352}, "costs": {"total_cost": 186.819521470869, "time_cost": 77.72800000000001, "final_distance_cost": 1.8531990903662001, "oscillation_cost": 27.71171918691672, "completition_cost": 0.0, "overshoot_cost": 50.87542849238006, "power_cost": 14.833205688476562, "noise_cost": 13.817969012729428, "n_waypoints_completed": 9, "tot_waypoints": 9}}
{"target": -191.27736172798157, "params": {"k_pid_pos": [2.0, 0.1550283991400839, 0.0], "k_pid_alt": [0.9979462530676391, 0.004414670176529024, 0.053230072692112135], "k_pid_att": [51.07178413358156, 0.18462544812679224, 0.8681279853801348], "k_pid_yaw": [0.5, 1e-06, 0.1], "k_pid_hsp": [0.40066949745423464, 0.061674728718248674, 0.0], "k_pid_vsp": [203.26248867401128, 357.9341145130573, 0.6614069199474589]}, "datetime": {"datetime": "2025-08-21 12:08:28", "elapsed": 12224.745377779007, "delta": 16.73872971534729}, "costs": {"total_cost": 191.27736172798157, "time_cost": 71.224, "final_distance_cost": 1.7696784963983794, "oscillation_cost": 38.131060521343926, "completition_cost": 0.0, "overshoot_cost": 50.66351928457999, "power_cost": 16.379224291992188, "noise_cost": 13.109879133667071, "n_waypoints_completed": 9, "tot_waypoints": 9}}
{"target": -1097.7508333715152, "params": {"k_pid_pos": [0.05741799652961547, 0.22976078691184595, 0.9518941170655917], "k_pid_alt": [2.0, 0.006332697102760489, 0.0763524349686417], "k_pid_att": [13.04010752344852, 0.2639862725758791, 0.7772941782041906], "k_pid_yaw": [0.5, 1e-06, 0.1], "k_pid_hsp": [0.7838965685432417, 0.09267732527469974, 0.0], "k_pid_vsp": [256.87183026594295, 74.77195032250414, 3.2968862202215163]}, "datetime": {"datetime": "2025-08-21 12:08:51", "elapsed": 12247.54328918457, "delta": 22.797911405563354}, "costs": {"total_cost": 1097.7508333715152, "time_cost": 150, "final_distance_cost": 87.576773644862, "oscillation_cost": 4.355341632453287, "completition_cost": 777.7777777777778, "overshoot_cost": 50.77675853766599, "power_cost": 14.06482332763672, "noise_cost": 13.199358451119465, "n_waypoints_completed": 2, "tot_waypoints": 9}}
{"target": -185.73792626601627, "params": {"k_pid_pos": [1.3652546763707074, 0.12643385239424776, 0.31645610610792213], "k_pid_alt": [0.7163394184885554, 0.003407437625015809, 0.0433905900846413], "k_pid_att": [59.06257541654073, 0.2868424851556615, 0.584891103891438], "k_pid_yaw": [0.5, 1e-06, 0.1], "k_pid_hsp": [0.6671593773680486, 0.06876372001937246, 0.0], "k_pid_vsp": [207.94447540272094, 184.93705659726822, 3.3060535100154502]}, "datetime": {"datetime": "2025-08-21 12:09:07", "elapsed": 12264.417487859726, "delta": 16.87419867515564}, "costs": {"total_cost": 185.73792626601627, "time_cost": 72.608, "final_distance_cost": 1.8205977370915813, "oscillation_cost": 31.512254385601135, "completition_cost": 0.0, "overshoot_cost": 50.854413054823006, "power_cost": 15.789323254394532, "noise_cost": 13.153337834106015, "n_waypoints_completed": 9, "tot_waypoints": 9}}
{"target": -379.3224521990567, "params": {"k_pid_pos": [0.30479462466275714, 0.10507504556767121, 0.5895861106196404], "k_pid_alt": [1.5802554657784043, 0.009770134892238947, 0.02940719615139882], "k_pid_att": [32.88783635172999, 0.1833760833874534, 1.0], "k_pid_yaw": [0.5, 1e-06, 0.1], "k_pid_hsp": [0.1564896903629727, 0.06882410811155439, 0.0], "k_pid_vsp": [325.4720849438645, 176.82067868431693, 4.869688134350739]}, "datetime": {"datetime": "2025-08-21 12:09:31", "elapsed": 12287.687795639038, "delta": 23.270307779312134}, "costs": {"total_cost": 379.3224521990567, "time_cost": 150, "final_distance_cost": 8.003168217249646, "oscillation_cost": 20.730084120159262, "completition_cost": 111.11111111111116, "overshoot_cost": 57.71350314238839, "power_cost": 15.846238305664063, "noise_cost": 15.918347302484184, "n_waypoints_completed": 8, "tot_waypoints": 9}}
{"target": -190.99164660862806, "params": {"k_pid_pos": [0.699379081629225, 0.14830888205130743, 0.5522981457208423], "k_pid_alt": [1.4983866693201422, 0.0062210215809484215, 0.10654186515197624], "k_pid_att": [84.05174394053977, 0.18959871116218466, 0.9706790388902867], "k_pid_yaw": [0.5, 1e-06, 0.1], "k_pid_hsp": [0.27764401132507815, 0.07143113467235121, 0.0], "k_pid_vsp": [217.77212115511088, 241.17400648165872, 1.4810017925993872]}, "datetime": {"datetime": "2025-08-21 12:09:50", "elapsed": 12307.00101017952, "delta": 19.313214540481567}, "costs": {"total_cost": 190.99164660862806, "time_cost": 81.288, "final_distance_cost": 1.84964220966042, "oscillation_cost": 30.64012755052556, "completition_cost": 0.0, "overshoot_cost": 51.676149288284115, "power_cost": 12.740743151855469, "noise_cost": 12.796984408302503, "n_waypoints_completed": 9, "tot_waypoints": 9}}
{"target": -1118.9936791667578, "params": {"k_pid_pos": [0.0001, 0.18695969524034858, 0.599189771637603], "k_pid_alt": [1.8628813812260907, 0.012049429250229324, 0.09366877677575451], "k_pid_att": [0.5915035948672814, 0.3238205627788831, 1.0], "k_pid_yaw": [0.5, 1e-06, 0.1], "k_pid_hsp": [0.7841253104632959, 0.058747348588169206, 0.0], "k_pid_vsp": [400.0, 165.9883618062208, 2.385087295889807]}, "datetime": {"datetime": "2025-08-21 12:10:13", "elapsed": 12330.112879037857, "delta": 23.111868858337402}, "costs": {"total_cost": 1118.9936791667578, "time_cost": 150, "final_distance_cost": 78.05867712773667, "oscillation_cost": 3.191428048202484, "completition_cost": 777.7777777777778, "overshoot_cost": 84.73821218294023, "power_cost": 12.704235632324218, "noise_cost": 12.52334839777626, "n_waypoints_completed": 2, "tot_waypoints": 9}}
{"target": -177.59300598508136, "params": {"k_pid_pos": [1.1467795319840202, 0.10628680695061955, 0.6215857542248578], "k_pid_alt": [1.8084017629505167, 0.0044833317175524655, 0.04276685208728598], "k_pid_att": [9.69158847755133, 0.23889311828268547, 0.9139397639413028], "k_pid_yaw": [0.5, 1e-06, 0.1], "k_pid_hsp": [0.5254888148065731, 0.027701063415927388, 0.0], "k_pid_vsp": [400.0, 152.351711239077, 1.2897560804695714]}, "datetime": {"datetime": "2025-08-21 12:10:30", "elapsed": 12346.860633134842, "delta": 16.747754096984863}, "costs": {"total_cost": 177.59300598508136, "time_cost": 71.2, "final_distance_cost": 1.8377986186082338, "oscillation_cost": 27.487455622430556, "completition_cost": 0.0, "overshoot_cost": 50.92747169006842, "power_cost": 13.669376098632814, "noise_cost": 12.470903955341324, "n_waypoints_completed": 9, "tot_waypoints": 9}}
{"target": -186.0269982028264, "params": {"k_pid_pos": [1.0120130623653845, 0.18234148732548516, 0.6448094310225029], "k_pid_alt": [1.9461231259283711, 0.00951432943035919, 0.09320510630813698], "k_pid_att": [46.942302001006404, 0.33431763469662235, 1.0], "k_pid_yaw": [0.5, 1e-06, 0.1], "k_pid_hsp": [0.3251109800934995, 0.09868815766122929, 0.0], "k_pid_vsp": [219.40790692653198, 245.2406327515813, 3.318120677059703]}, "datetime": {"datetime": "2025-08-21 12:10:47", "elapsed": 12364.295370817184, "delta": 17.43473768234253}, "costs": {"total_cost": 186.0269982028264, "time_cost": 76.96000000000001, "final_distance_cost": 1.8427849766213023, "oscillation_cost": 30.87542778757363, "completition_cost": 0.0, "overshoot_cost": 50.347285626555895, "power_cost": 13.335349731445314, "noise_cost": 12.666150080630231, "n_waypoints_completed": 9, "tot_waypoints": 9}}
{"target": -177.3538467960118, "params": {"k_pid_pos": [1.529076339405209, 0.16843761446534314, 0.5953349251091546], "k_pid_alt": [1.761400000811512, 0.0025282482433517366, 0.0734940278901348], "k_pid_att": [40.69084850662017, 0.29010699343014484, 0.4868223561308532], "k_pid_yaw": [0.5, 1e-06, 0.1], "k_pid_hsp": [0.40667839701212066, 0.06378179384218176, 0.0], "k_pid_vsp": [213.98779256842343, 44.04674296463373, 1.6426026606435151]}, "datetime": {"datetime": "2025-08-21 12:11:04", "elapsed": 12380.731890439987, "delta": 16.436519622802734}, "costs": {"total_cost": 177.3538467960118, "time_cost": 70.08, "final_distance_cost": 1.8241190682701816, "oscillation_cost": 30.63111018742349, "completition_cost": 0.0, "overshoot_cost": 50.85087179601678, "power_cost": 12.399468933105469, "noise_cost": 11.568276811195854, "n_waypoints_completed": 9, "tot_waypoints": 9}}
{"target": -216.76495285122382, "params": {"k_pid_pos": [1.932383594269222, 0.10432196126657095, 0.0], "k_pid_alt": [2.0, 0.009086978915369196, 0.13220636379584574], "k_pid_att": [77.23413098315022, 0.18756299961640646, 0.44856344316227004], "k_pid_yaw": [0.5, 1e-06, 0.1], "k_pid_hsp": [0.17447004761385673, 0.09255860244274901, 0.0], "k_pid_vsp": [77.24818467704996, 257.5117744648255, 1e-06]}, "datetime": {"datetime": "2025-08-21 12:11:22", "elapsed": 12399.26010799408, "delta": 18.528217554092407}, "costs": {"total_cost": 216.76495285122382, "time_cost": 80.144, "final_distance_cost": 1.7595239462996501, "oscillation_cost": 50.40310591212004, "completition_cost": 0.0, "overshoot_cost": 52.30918473965511, "power_cost": 17.606158349609377, "noise_cost": 14.542979903539647, "n_waypoints_completed": 9, "tot_waypoints": 9}}
{"target": -170.10805770448107, "params": {"k_pid_pos": [2.0, 0.12263366848860657, 0.5408260724271718], "k_pid_alt": [2.0, 0.009734541076069704, 0.09064645299056485], "k_pid_att": [38.67103025181604, 0.22414112174432899, 0.2706419940038843], "k_pid_yaw": [0.5, 1e-06, 0.1], "k_pid_hsp": [0.5109663047817774, 0.03043785563787915, 0.0], "k_pid_vsp": [310.9886811828156, 237.3468434099312, 4.5609188763210335]}, "datetime": {"datetime": "2025-08-21 12:11:38", "elapsed": 12415.119970798492, "delta": 15.859862804412842}, "costs": {"total_cost": 170.10805770448107, "time_cost": 68.36, "final_distance_cost": 1.8157855749149157, "oscillation_cost": 32.66084092586852, "completition_cost": 0.0, "overshoot_cost": 49.552855627470834, "power_cost": 8.545490954589845, "noise_cost": 9.173084621636983, "n_waypoints_completed": 9, "tot_waypoints": 9}}
{"target": -181.53134407972578, "params": {"k_pid_pos": [0.80537658780275, 0.11241239207968522, 0.12989463687829791], "k_pid_alt": [2.0, 0.007790331204876111, 0.11340000064224827], "k_pid_att": [28.02576071537396, 0.2013816017015936, 0.9670231142070204], "k_pid_yaw": [0.5, 1e-06, 0.1], "k_pid_hsp": [0.4094786011808978, 0.043327245219823673, 0.0], "k_pid_vsp": [248.74132081502452, 183.15559129442258, 3.2995736865105005]}, "datetime": {"datetime": "2025-08-21 12:11:55", "elapsed": 12431.53868508339, "delta": 16.41871428489685}, "costs": {"total_cost": 181.53134407972578, "time_cost": 71.536, "final_distance_cost": 1.828652823249468, "oscillation_cost": 28.090914601882254, "completition_cost": 0.0, "overshoot_cost": 51.51713776414395, "power_cost": 15.328996386718751, "noise_cost": 13.229642503731329, "n_waypoints_completed": 9, "tot_waypoints": 9}}
{"target": -193.85899016334886, "params": {"k_pid_pos": [1.8464161967469515, 0.0700832217386873, 0.7893803954448502], "k_pid_alt": [2.0, 0.005176486187764717, 0.12586421385768437], "k_pid_att": [58.49268861406606, 0.10316981127841174, 0.188834007192363], "k_pid_yaw": [0.5, 1e-06, 0.1], "k_pid_hsp": [0.6807939553436207, 0.028856458776159343, 0.0], "k_pid_vsp": [202.93816609983307, 235.84719772594084, 3.2357011024873095]}, "datetime": {"datetime": "2025-08-21 12:12:11", "elapsed": 12448.131088256836, "delta": 16.592403173446655}, "costs": {"total_cost": 193.85899016334886, "time_cost": 72.352, "final_distance_cost": 1.8264439860823638, "oscillation_cost": 33.75554808160092, "completition_cost": 0.0, "overshoot_cost": 52.88865550513996, "power_cost": 18.366917736816408, "noise_cost": 14.66942485370918, "n_waypoints_completed": 9, "tot_waypoints": 9}}
{"target": -179.45522368703286, "params": {"k_pid_pos": [1.9809994252100005, 0.07236178895196725, 0.6272919530670379], "k_pid_alt": [2.0, 0.003916412741142729, 0.05330284639530464], "k_pid_att": [20.53011848290312, 0.3066013793701747, 0.7475819505641867], "k_pid_yaw": [0.5, 1e-06, 0.1], "k_pid_hsp": [0.32846543080438834, 0.08483793199268792, 0.0], "k_pid_vsp": [172.1714974913178, 174.53331299094535, 3.0693218860121836]}, "datetime": {"datetime": "2025-08-21 12:12:28", "elapsed": 12464.47752070427, "delta": 16.34643244743347}, "costs": {"total_cost": 179.45522368703286, "time_cost": 69.112, "final_distance_cost": 1.8167527718876504, "oscillation_cost": 32.894753630379554, "completition_cost": 0.0, "overshoot_cost": 49.77151538417468, "power_cost": 13.948283435058594, "noise_cost": 11.911918465532413, "n_waypoints_completed": 9, "tot_waypoints": 9}}
{"target": -173.95904972209846, "params": {"k_pid_pos": [1.3826600112962044, 0.09395831476274037, 0.1033133370910622], "k_pid_alt": [2.0, 0.010604414896729948, 0.06994636850451487], "k_pid_att": [52.48369200355912, 0.30239770306361086, 0.4002926811161345], "k_pid_yaw": [0.5, 1e-06, 0.1], "k_pid_hsp": [0.4373240699753575, 0.03891360698050688, 0.0], "k_pid_vsp": [132.45835014840975, 151.0806761253051, 3.940380850987385]}, "datetime": {"datetime": "2025-08-21 12:12:43", "elapsed": 12480.293209314346, "delta": 15.815688610076904}, "costs": {"total_cost": 173.95904972209846, "time_cost": 68.752, "final_distance_cost": 1.7790250954165547, "oscillation_cost": 32.51167000468651, "completition_cost": 0.0, "overshoot_cost": 49.791965014169264, "power_cost": 10.782087048339845, "noise_cost": 10.34230255948632, "n_waypoints_completed": 9, "tot_waypoints": 9}}
{"target": -172.09633755309196, "params": {"k_pid_pos": [2.0, 0.232980097715105, 0.4974426749967627], "k_pid_alt": [2.0, 0.015798002693418956, 0.07763430972196485], "k_pid_att": [46.68327492853572, 0.2498115768155744, 0.6895226978505127], "k_pid_yaw": [0.5, 1e-06, 0.1], "k_pid_hsp": [0.2785857653015779, 0.03275909012151795, 0.0], "k_pid_vsp": [231.78217406708973, 207.18344024259977, 2.7882701730846784]}, "datetime": {"datetime": "2025-08-21 12:12:59", "elapsed": 12496.13814997673, "delta": 15.844940662384033}, "costs": {"total_cost": 172.09633755309196, "time_cost": 68.784, "final_distance_cost": 1.7749847201967859, "oscillation_cost": 33.727868334377035, "completition_cost": 0.0, "overshoot_cost": 49.88508715914584, "power_cost": 8.710865502929687, "noise_cost": 9.213531836442597, "n_waypoints_completed": 9, "tot_waypoints": 9}}
