{"target": -175.7502604099816, "params": {"k_pid_pos": [2.0, 0.06330498592726826, 1.0], "k_pid_alt": [1.357861198222257, 0.004648628880383095, 0.011035207815680676], "k_pid_att": [14.851281996580292, 0.15171239715477433, 0.415728099364242], "k_pid_yaw": [0.5, 1e-06, 0.1], "k_pid_hsp": [0.16363330073146914, 0.011437062840659618, 0.0], "k_pid_vsp": [169.38683018448617, 282.95173563205697, 1.6107409532610637]}, "datetime": {"datetime": "2025-08-21 14:35:40", "elapsed": 21057.04046869278, "delta": 16.212522983551025}, "costs": {"total_cost": 175.7502604099816, "time_cost": 69.432, "final_distance_cost": 1.8383429253167998, "oscillation_cost": 29.108596327551, "completition_cost": 0.0, "overshoot_cost": 50.59942023289964, "power_cost": 13.013097412109376, "noise_cost": 11.758803512104764, "n_waypoints_completed": 9, "tot_waypoints": 9}}
{"target": -180.5471969576816, "params": {"k_pid_pos": [2.0, 0.0266591903161556, 1.0], "k_pid_alt": [1.9605548751636057, 0.00396824283142833, 0.013428777431722383], "k_pid_att": [31.510022810405797, 0.14257810655802738, 0.30632153548137503], "k_pid_yaw": [0.5, 1e-06, 0.1], "k_pid_hsp": [0.17064766861801536, 0.017528404338524768, 0.0], "k_pid_vsp": [176.07236294262717, 193.21421486270137, 2.503139962927124]}, "datetime": {"datetime": "2025-08-21 14:35:56", "elapsed": 21072.95482110977, "delta": 15.914352416992188}, "costs": {"total_cost": 180.5471969576816, "time_cost": 69.816, "final_distance_cost": 1.8327397583194538, "oscillation_cost": 29.579832452789425, "completition_cost": 0.0, "overshoot_cost": 51.12618657318197, "power_cost": 15.220263317871094, "noise_cost": 12.972174855519652, "n_waypoints_completed": 9, "tot_waypoints": 9}}
{"target": -169.6518899824145, "params": {"k_pid_pos": [1.8181989334368271, 0.05452440078629745, 1.0], "k_pid_alt": [0.9005748170066928, 0.0025562709780338286, 0.005424748945040175], "k_pid_att": [23.27328397909315, 0.2002816424096706, 0.3364756339401945], "k_pid_yaw": [0.5, 1e-06, 0.1], "k_pid_hsp": [0.16841177072848898, 0.014328293512793982, 0.0], "k_pid_vsp": [284.5966375994474, 282.9639825266633, 2.2127711090028974]}, "datetime": {"datetime": "2025-08-21 14:36:13", "elapsed": 21090.216481924057, "delta": 17.26166081428528}, "costs": {"total_cost": 169.6518899824145, "time_cost": 70.2, "final_distance_cost": 1.8344653755169125, "oscillation_cost": 29.400738231816202, "completition_cost": 0.0, "overshoot_cost": 49.974419401663276, "power_cost": 8.84768583984375, "noise_cost": 9.394581133574343, "n_waypoints_completed": 9, "tot_waypoints": 9}}
{"target": -172.45203726808523, "params": {"k_pid_pos": [1.9226818057488912, 0.08173782736338629, 1.0], "k_pid_alt": [2.0, 0.0031650026505332003, 0.005347481458796471], "k_pid_att": [10.275922394721645, 0.08952514591798065, 0.34032015452660697], "k_pid_yaw": [0.5, 1e-06, 0.1], "k_pid_hsp": [0.18245869870015485, 0.007267973158789499, 0.0], "k_pid_vsp": [326.9638215218253, 202.13845342365883, 2.677600800474392]}, "datetime": {"datetime": "2025-08-21 14:36:30", "elapsed": 21106.47598385811, "delta": 16.259501934051514}, "costs": {"total_cost": 172.45203726808523, "time_cost": 69.8, "final_distance_cost": 1.816468017200739, "oscillation_cost": 28.114096150537307, "completition_cost": 0.0, "overshoot_cost": 50.71015813506735, "power_cost": 11.21410301513672, "noise_cost": 10.797211950143131, "n_waypoints_completed": 9, "tot_waypoints": 9}}
{"target": -178.35037850594395, "params": {"k_pid_pos": [1.996153807234915, 0.05774378088250145, 1.0], "k_pid_alt": [2.0, 0.003348475528134698, 0.006168429472284638], "k_pid_att": [16.536191214342924, 0.1331199702459361, 0.4522966734569365], "k_pid_yaw": [0.5, 1e-06, 0.1], "k_pid_hsp": [0.24390984912310187, 0.015065028368741636, 0.0], "k_pid_vsp": [258.86147023015957, 190.986466868242, 1.9704497600233353]}, "datetime": {"datetime": "2025-08-21 14:36:46", "elapsed": 21122.761150598526, "delta": 16.28516674041748}, "costs": {"total_cost": 178.35037850594395, "time_cost": 69.544, "final_distance_cost": 1.8265320207040383, "oscillation_cost": 28.974910701116116, "completition_cost": 0.0, "overshoot_cost": 50.35325409194153, "power_cost": 14.876066186523438, "noise_cost": 12.77561550565884, "n_waypoints_completed": 9, "tot_waypoints": 9}}
{"target": -187.74019100608453, "params": {"k_pid_pos": [1.549122258547727, 0.025505712839431562, 1.0], "k_pid_alt": [2.0, 0.003587774304052239, 0.012373584980389535], "k_pid_att": [13.665384988961199, 0.1603380832702738, 0.4178316765166265], "k_pid_yaw": [0.5, 1e-06, 0.1], "k_pid_hsp": [0.05085548178872035, 0.030321004337330325, 0.0], "k_pid_vsp": [210.02720509200296, 306.57231010048423, 0.599447244350633]}, "datetime": {"datetime": "2025-08-21 14:37:05", "elapsed": 21141.575389623642, "delta": 18.814239025115967}, "costs": {"total_cost": 187.74019100608453, "time_cost": 72.936, "final_distance_cost": 1.8294042980816605, "oscillation_cost": 31.000142314966805, "completition_cost": 0.0, "overshoot_cost": 52.43865731254653, "power_cost": 16.03325936279297, "noise_cost": 13.502727717696548, "n_waypoints_completed": 9, "tot_waypoints": 9}}
{"target": -177.0068521919505, "params": {"k_pid_pos": [2.0, 0.07735126858785757, 0.8081916627705291], "k_pid_alt": [2.0, 0.0012248332934662756, 0.010568272861031283], "k_pid_att": [22.458007696231913, 0.2564039425227864, 0.46879293792147503], "k_pid_yaw": [0.5, 1e-06, 0.1], "k_pid_hsp": [0.31000578851775057, 0.018156725715940444, 0.0], "k_pid_vsp": [349.3837703456749, 186.20293122357626, 2.580940323393077]}, "datetime": {"datetime": "2025-08-21 14:37:20", "elapsed": 21157.16760993004, "delta": 15.592220306396484}, "costs": {"total_cost": 177.0068521919505, "time_cost": 69.488, "final_distance_cost": 1.8414322122053959, "oscillation_cost": 29.87241290329001, "completition_cost": 0.0, "overshoot_cost": 50.62727770727099, "power_cost": 13.229693322753906, "noise_cost": 11.948036046430165, "n_waypoints_completed": 9, "tot_waypoints": 9}}
{"target": -177.4019621726879, "params": {"k_pid_pos": [1.9130541347374486, 0.019829816309645268, 0.5951186904677157], "k_pid_alt": [1.566395559589587, 0.0038531158814864505, 0.008575534909438073], "k_pid_att": [17.072105225154917, 0.139865184096552, 0.36940817204745846], "k_pid_yaw": [0.5, 1e-06, 0.1], "k_pid_hsp": [0.188101133310256, 0.008527699385411211, 0.0], "k_pid_vsp": [155.0517872077019, 255.17316115463757, 1.9953322506349724]}, "datetime": {"datetime": "2025-08-21 14:37:37", "elapsed": 21173.69957470894, "delta": 16.531964778900146}, "costs": {"total_cost": 177.4019621726879, "time_cost": 69.184, "final_distance_cost": 1.8018856188803987, "oscillation_cost": 29.933936269339398, "completition_cost": 0.0, "overshoot_cost": 50.40023273570857, "power_cost": 14.014492053222657, "noise_cost": 12.067415495536878, "n_waypoints_completed": 9, "tot_waypoints": 9}}
{"target": -172.33746241786105, "params": {"k_pid_pos": [1.3542175476797302, 0.07976254052712493, 0.9811881045309429], "k_pid_alt": [2.0, 0.003072548800872527, 0.008096499596165646], "k_pid_att": [17.453541973893685, 0.24839096084403023, 0.5585387781443424], "k_pid_yaw": [0.5, 1e-06, 0.1], "k_pid_hsp": [0.17854407715882623, 0.02139384540020833, 0.0], "k_pid_vsp": [266.25933288057604, 233.67731892076176, 0.8371341510773181]}, "datetime": {"datetime": "2025-08-21 14:37:53", "elapsed": 21190.06768155098, "delta": 16.368106842041016}, "costs": {"total_cost": 172.33746241786105, "time_cost": 70.88, "final_distance_cost": 1.8454438633676462, "oscillation_cost": 26.602232495035864, "completition_cost": 0.0, "overshoot_cost": 49.9602215809515, "power_cost": 11.644208325195313, "noise_cost": 11.40535615331074, "n_waypoints_completed": 9, "tot_waypoints": 9}}
{"target": -182.69153321735516, "params": {"k_pid_pos": [1.0550119023187994, 0.07491457338793521, 0.860238508867934], "k_pid_alt": [1.4900648729262809, 0.003448120321341511, 0.0061821698455711525], "k_pid_att": [21.583446376188856, 0.15297906239816741, 0.4351490781205099], "k_pid_yaw": [0.5, 1e-06, 0.1], "k_pid_hsp": [0.2556484449617229, 0.011668768455979502, 0.0], "k_pid_vsp": [372.2094000806289, 181.18227810231815, 2.0915254028916674]}, "datetime": {"datetime": "2025-08-21 14:38:10", "elapsed": 21207.202672481537, "delta": 17.13499093055725}, "costs": {"total_cost": 182.69153321735516, "time_cost": 75.32000000000001, "final_distance_cost": 1.8513566377373403, "oscillation_cost": 26.3332766231984, "completition_cost": 0.0, "overshoot_cost": 51.3095431997229, "power_cost": 14.402293518066408, "noise_cost": 13.475063238630094, "n_waypoints_completed": 9, "tot_waypoints": 9}}
{"target": -174.44658668687543, "params": {"k_pid_pos": [1.7320834297444634, 0.062113363860870664, 0.8519042292730287], "k_pid_alt": [2.0, 0.0029544547911903537, 0.012312865833340243], "k_pid_att": [9.862123016248754, 0.13669542201642967, 0.17203486608333263], "k_pid_yaw": [0.5, 1e-06, 0.1], "k_pid_hsp": [0.25497331509565463, 0.01672713531147093, 0.0], "k_pid_vsp": [210.47663518495742, 190.3173647012377, 2.263035633947136]}, "datetime": {"datetime": "2025-08-21 14:38:28", "elapsed": 21224.646617889404, "delta": 17.44394540786743}, "costs": {"total_cost": 174.44658668687543, "time_cost": 69.48, "final_distance_cost": 1.8315934694542417, "oscillation_cost": 29.586117037239852, "completition_cost": 0.0, "overshoot_cost": 49.95981824864169, "power_cost": 12.249888854980469, "noise_cost": 11.339169076559184, "n_waypoints_completed": 9, "tot_waypoints": 9}}
{"target": -189.2841736072267, "params": {"k_pid_pos": [0.7492437341108812, 0.029710710730108822, 0.8880618232593869], "k_pid_alt": [1.4652727374065737, 0.0027542839856869914, 0.010249145502421677], "k_pid_att": [33.07819061484157, 0.19827530329064938, 0.6698130706173392], "k_pid_yaw": [0.5, 1e-06, 0.1], "k_pid_hsp": [0.09957491114589763, 0.0022944047358377864, 0.0], "k_pid_vsp": [182.08451100949114, 138.33956275393612, 1.639955633461761]}, "datetime": {"datetime": "2025-08-21 14:38:48", "elapsed": 21245.340352773666, "delta": 20.693734884262085}, "costs": {"total_cost": 189.2841736072267, "time_cost": 81.12, "final_distance_cost": 1.8488408117203896, "oscillation_cost": 21.36420006393916, "completition_cost": 0.0, "overshoot_cost": 52.771756110186324, "power_cost": 16.970853930664063, "noise_cost": 15.208522690716805, "n_waypoints_completed": 9, "tot_waypoints": 9}}
{"target": -171.5000238499446, "params": {"k_pid_pos": [2.0, 0.032834485400761414, 1.0], "k_pid_alt": [2.0, 0.0045711839152712255, 0.011319071300492227], "k_pid_att": [22.0857271028791, 0.1700044028436156, 0.2676812991284963], "k_pid_yaw": [0.5, 1e-06, 0.1], "k_pid_hsp": [0.10834776135990666, 0.017229265067859795, 0.0], "k_pid_vsp": [218.32355109499986, 199.1212955548924, 0.5140807755084624]}, "datetime": {"datetime": "2025-08-21 14:39:04", "elapsed": 21261.449975013733, "delta": 16.10962224006653}, "costs": {"total_cost": 171.5000238499446, "time_cost": 69.104, "final_distance_cost": 1.8257876535779258, "oscillation_cost": 29.368077649990067, "completition_cost": 0.0, "overshoot_cost": 50.562088953018176, "power_cost": 10.474191223144532, "noise_cost": 10.165878370213907, "n_waypoints_completed": 9, "tot_waypoints": 9}}
{"target": -839.2003793305666, "params": {"k_pid_pos": [0.23638022833745956, 0.05408163115466814, 0.977066046206566], "k_pid_alt": [1.8924138019532535, 0.005013196316722641, 0.0075916989385902064], "k_pid_att": [17.441052440311424, 0.12203429645343107, 0.3945818374591436], "k_pid_yaw": [0.5, 1e-06, 0.1], "k_pid_hsp": [0.0964773004014875, 0.013782738064626451, 0.0], "k_pid_vsp": [205.20237676283114, 295.7803646376347, 1.5125018314104712]}, "datetime": {"datetime": "2025-08-21 14:39:29", "elapsed": 21286.447273015976, "delta": 24.997298002243042}, "costs": {"total_cost": 839.2003793305666, "time_cost": 150, "final_distance_cost": 45.289138550106806, "oscillation_cost": 7.272610364983383, "completition_cost": 555.5555555555555, "overshoot_cost": 53.46426425240832, "power_cost": 14.45450614013672, "noise_cost": 13.16430446737588, "n_waypoints_completed": 4, "tot_waypoints": 9}}
{"target": -173.65690970349175, "params": {"k_pid_pos": [1.8622652200080287, 0.007458825768225016, 1.0], "k_pid_alt": [1.0843810765760462, 0.0071569471579744455, 0.0074850660169110085], "k_pid_att": [24.284390156761177, 0.2180003605072791, 0.3931472119715482], "k_pid_yaw": [0.5, 1e-06, 0.1], "k_pid_hsp": [0.1732494295824403, 0.01602123741057783, 0.0], "k_pid_vsp": [74.45847976006341, 248.29472429852513, 1.5234550315873747]}, "datetime": {"datetime": "2025-08-21 14:39:47", "elapsed": 21303.54972910881, "delta": 17.102456092834473}, "costs": {"total_cost": 173.65690970349175, "time_cost": 69.456, "final_distance_cost": 1.8338705215512143, "oscillation_cost": 30.58396249138938, "completition_cost": 0.0, "overshoot_cost": 49.70601927636587, "power_cost": 11.337522778320313, "noise_cost": 10.739534635864967, "n_waypoints_completed": 9, "tot_waypoints": 9}}
{"target": -173.35279629138046, "params": {"k_pid_pos": [1.9951195342543393, 0.05037165358552834, 0.781540407472348], "k_pid_alt": [1.48896884110015, 0.0032557339501287307, 0.010512823057270653], "k_pid_att": [14.752139770299882, 0.14138638792752511, 0.4443930473190197], "k_pid_yaw": [0.5, 1e-06, 0.1], "k_pid_hsp": [0.19499080281577572, 0.021356707934375482, 0.0], "k_pid_vsp": [263.92347073344246, 262.44176192909225, 1.9845221611270487]}, "datetime": {"datetime": "2025-08-21 14:40:03", "elapsed": 21319.719668626785, "delta": 16.169939517974854}, "costs": {"total_cost": 173.35279629138046, "time_cost": 68.648, "final_distance_cost": 1.8253255103696513, "oscillation_cost": 30.488332582215186, "completition_cost": 0.0, "overshoot_cost": 49.73268094486113, "power_cost": 11.784445324707033, "noise_cost": 10.874011929227477, "n_waypoints_completed": 9, "tot_waypoints": 9}}
{"target": -168.63012421159993, "params": {"k_pid_pos": [1.6381340333277834, 0.03199887238630789, 1.0], "k_pid_alt": [1.5624097926000642, 0.00419172370589318, 0.0178515196406246], "k_pid_att": [17.47167934260531, 0.27324245669834174, 0.35405029185146136], "k_pid_yaw": [0.5, 1e-06, 0.1], "k_pid_hsp": [0.12578127154583446, 0.022395100752302343, 0.0], "k_pid_vsp": [328.71427291517386, 216.69652967556644, 2.8827696994152094]}, "datetime": {"datetime": "2025-08-21 14:40:19", "elapsed": 21335.65016746521, "delta": 15.930498838424683}, "costs": {"total_cost": 168.63012421159993, "time_cost": 69.328, "final_distance_cost": 1.84444787324879, "oscillation_cost": 28.588732962846738, "completition_cost": 0.0, "overshoot_cost": 49.61837595927794, "power_cost": 9.403412719726562, "noise_cost": 9.847154696499896, "n_waypoints_completed": 9, "tot_waypoints": 9}}
{"target": -169.3334618908542, "params": {"k_pid_pos": [1.942579672591826, 0.03441716276860112, 0.9600761403360618], "k_pid_alt": [2.0, 0.003960310932290577, 0.015134512086067158], "k_pid_att": [13.614002762742642, 0.2252285875719651, 0.2636724726070126], "k_pid_yaw": [0.5, 1e-06, 0.1], "k_pid_hsp": [0.16096234197506268, 0.01273197909012761, 0.0], "k_pid_vsp": [264.7080159759849, 145.90081448062156, 2.940432903191111]}, "datetime": {"datetime": "2025-08-21 14:40:34", "elapsed": 21351.18784070015, "delta": 15.537673234939575}, "costs": {"total_cost": 169.3334618908542, "time_cost": 69.21600000000001, "final_distance_cost": 1.833978691270115, "oscillation_cost": 28.767662392429187, "completition_cost": 0.0, "overshoot_cost": 50.33617581053401, "power_cost": 9.410096704101562, "noise_cost": 9.769548292519303, "n_waypoints_completed": 9, "tot_waypoints": 9}}
{"target": -176.34652842076022, "params": {"k_pid_pos": [2.0, 0.06136478281108082, 1.0], "k_pid_alt": [2.0, 0.004957659752248881, 0.016113792909139262], "k_pid_att": [21.716553906345506, 0.12845288692174486, 0.17076501883651862], "k_pid_yaw": [0.5, 1e-06, 0.1], "k_pid_hsp": [0.1608362873565852, 0.011286816511393983, 0.0], "k_pid_vsp": [242.23645599604006, 304.82463355415877, 1.8225175574327548]}, "datetime": {"datetime": "2025-08-21 14:40:50", "elapsed": 21367.43632364273, "delta": 16.248482942581177}, "costs": {"total_cost": 176.34652842076022, "time_cost": 69.696, "final_distance_cost": 1.8165672853983967, "oscillation_cost": 29.157552228374385, "completition_cost": 0.0, "overshoot_cost": 50.764008931890494, "power_cost": 13.131956896972657, "noise_cost": 11.780443078124275, "n_waypoints_completed": 9, "tot_waypoints": 9}}
{"target": -171.40929812473198, "params": {"k_pid_pos": [1.770818343586156, 0.04668859199129616, 0.79855509359968], "k_pid_alt": [1.2290004699412977, 0.003028489412746077, 0.01294819803412021], "k_pid_att": [10.82911206303532, 0.2698642061030584, 0.45185869286079877], "k_pid_yaw": [0.5, 1e-06, 0.1], "k_pid_hsp": [0.15193087547266407, 0.019190203282774737, 0.0], "k_pid_vsp": [370.9546014101264, 241.55430349883844, 1.9896678835954669]}, "datetime": {"datetime": "2025-08-21 14:41:07", "elapsed": 21383.498653411865, "delta": 16.06232976913452}, "costs": {"total_cost": 171.40929812473198, "time_cost": 69.0, "final_distance_cost": 1.833136099998811, "oscillation_cost": 29.92935019497462, "completition_cost": 0.0, "overshoot_cost": 49.48511498438376, "power_cost": 10.754816455078126, "noise_cost": 10.40688039029666, "n_waypoints_completed": 9, "tot_waypoints": 9}}
{"target": -172.28512119541935, "params": {"k_pid_pos": [1.7924024448218272, 0.03366624205723292, 0.9006026714212881], "k_pid_alt": [2.0, 0.003498533557896704, 0.015327455918051616], "k_pid_att": [13.320123163289708, 0.1507848226018489, 0.3919185079294815], "k_pid_yaw": [0.5, 1e-06, 0.1], "k_pid_hsp": [0.327486010660738, 0.016068850724024857, 0.0], "k_pid_vsp": [263.11650814587745, 240.81657746245787, 1.9299125369107817]}, "datetime": {"datetime": "2025-08-21 14:41:22", "elapsed": 21399.358330011368, "delta": 15.859676599502563}, "costs": {"total_cost": 172.28512119541935, "time_cost": 69.84, "final_distance_cost": 1.840069691448371, "oscillation_cost": 28.86837566011575, "completition_cost": 0.0, "overshoot_cost": 50.55902013802453, "power_cost": 10.623493615722657, "noise_cost": 10.554162090108031, "n_waypoints_completed": 9, "tot_waypoints": 9}}
{"target": -170.90840485366905, "params": {"k_pid_pos": [1.5417937702485178, 0.07218654487029309, 1.0], "k_pid_alt": [1.7521496885798389, 0.003822659811493436, 0.007945896797568755], "k_pid_att": [8.715231774526986, 0.10226104694513953, 0.10750887079460282], "k_pid_yaw": [0.5, 1e-06, 0.1], "k_pid_hsp": [0.09646926312960491, 0.016589060077247805, 0.0], "k_pid_vsp": [153.05203666914068, 182.58908808827175, 2.312800065187727]}, "datetime": {"datetime": "2025-08-21 14:41:39", "elapsed": 21415.50692009926, "delta": 16.148590087890625}, "costs": {"total_cost": 170.90840485366905, "time_cost": 69.632, "final_distance_cost": 1.828249014360156, "oscillation_cost": 28.081130551779495, "completition_cost": 0.0, "overshoot_cost": 50.069455602348256, "power_cost": 10.716777380371095, "noise_cost": 10.580792304810059, "n_waypoints_completed": 9, "tot_waypoints": 9}}
{"target": -403.01433206814124, "params": {"k_pid_pos": [2.0, 0.06423764720551599, 1.0], "k_pid_alt": [2.0, 0.0034191666601601626, 0.00512765120744704], "k_pid_att": [13.31993474906514, 0.09603835578934283, 0.7549631356454247], "k_pid_yaw": [0.5, 1e-06, 0.1], "k_pid_hsp": [0.016375949399690493, 0.01560636768514997, 0.0], "k_pid_vsp": [206.58606530611715, 146.83886989288317, 1.6562769955008534]}, "datetime": {"datetime": "2025-08-21 14:42:02", "elapsed": 21438.710692882538, "delta": 23.20377278327942}, "costs": {"total_cost": 403.01433206814124, "time_cost": 150, "final_distance_cost": 21.762841527407463, "oscillation_cost": 17.80651777867933, "completition_cost": 111.11111111111116, "overshoot_cost": 68.68864518766235, "power_cost": 18.38515164794922, "noise_cost": 15.260064815331686, "n_waypoints_completed": 8, "tot_waypoints": 9}}
{"target": -168.64128220083307, "params": {"k_pid_pos": [1.8784863336325912, 0.03592208082776309, 0.8431318479291581], "k_pid_alt": [2.0, 0.003826087715983547, 0.010336602426289237], "k_pid_att": [15.28909198423184, 0.14552193304272631, 0.3750772004846911], "k_pid_yaw": [0.5, 1e-06, 0.1], "k_pid_hsp": [0.14699894131111427, 0.015457884959866228, 0.0], "k_pid_vsp": [278.4975398877562, 246.5511049994603, 2.2563623016140926]}, "datetime": {"datetime": "2025-08-21 14:42:18", "elapsed": 21455.227286100388, "delta": 16.51659321784973}, "costs": {"total_cost": 168.64128220083307, "time_cost": 68.736, "final_distance_cost": 1.8286607577633152, "oscillation_cost": 29.464787257855633, "completition_cost": 0.0, "overshoot_cost": 50.04669536254804, "power_cost": 9.1060158203125, "noise_cost": 9.459123002353564, "n_waypoints_completed": 9, "tot_waypoints": 9}}
{"target": -170.62460303037574, "params": {"k_pid_pos": [1.8127133264488553, 0.055321632192187824, 0.9469833828902257], "k_pid_alt": [1.4522776618799125, 0.003200271931687941, 0.015384350137523511], "k_pid_att": [17.59655562468952, 0.20503042392495904, 0.26168404754314795], "k_pid_yaw": [0.5, 1e-06, 0.1], "k_pid_hsp": [0.18978242039265333, 0.02730841392945549, 0.0], "k_pid_vsp": [241.7834005419202, 203.6457852596412, 1.9800696787541818]}, "datetime": {"datetime": "2025-08-21 14:42:34", "elapsed": 21470.762630224228, "delta": 15.535344123840332}, "costs": {"total_cost": 170.62460303037574, "time_cost": 68.736, "final_distance_cost": 1.8280090585496673, "oscillation_cost": 29.93643403583945, "completition_cost": 0.0, "overshoot_cost": 49.398350922806884, "power_cost": 10.307649987792969, "noise_cost": 10.418159025386798, "n_waypoints_completed": 9, "tot_waypoints": 9}}
