{"target": -174.18904303154213, "params": {"k_pid_pos": [1.8703155027437859, 0.012132100885370764, 0.8619118121459733], "k_pid_alt": [1.7542048798338454, 0.0031442176195271027, 0.013215907887273615], "k_pid_att": [11.810571896470732, 0.18273018747453398, 0.42443984724359995], "k_pid_yaw": [0.5, 1e-06, 0.1], "k_pid_hsp": [0.13478827862163212, 0.01855926485743797, 0.0], "k_pid_vsp": [258.4922516462161, 321.3931992801732, 1.3429240935818367]}, "datetime": {"datetime": "2025-08-21 18:12:42", "elapsed": 34078.7403614521, "delta": 16.14820671081543}, "costs": {"total_cost": 174.18904303154213, "time_cost": 68.84, "final_distance_cost": 1.832467532547388, "oscillation_cost": 29.768631514632148, "completition_cost": 0.0, "overshoot_cost": 50.432710088031975, "power_cost": 12.179783496093751, "noise_cost": 11.135450400236863, "n_waypoints_completed": 9, "tot_waypoints": 9}}
{"target": -173.8756251909737, "params": {"k_pid_pos": [1.2416324197513762, 0.012129878035144709, 0.9333314313453259], "k_pid_alt": [1.8362175632380555, 0.0036900901459388583, 0.015426363100133332], "k_pid_att": [9.577200317688888, 0.18249078637191127, 0.2969933681501515], "k_pid_yaw": [0.5, 1e-06, 0.1], "k_pid_hsp": [0.07010236190600543, 0.018092394131432137, 0.0], "k_pid_vsp": [276.93600563471443, 280.7585449314526, 1.2330565592453244]}, "datetime": {"datetime": "2025-08-21 18:12:59", "elapsed": 34095.586081027985, "delta": 16.845719575881958}, "costs": {"total_cost": 173.8756251909737, "time_cost": 71.664, "final_distance_cost": 1.8438306933555013, "oscillation_cost": 26.356647413613036, "completition_cost": 0.0, "overshoot_cost": 51.28420305758527, "power_cost": 11.555294677734375, "noise_cost": 11.171649348685508, "n_waypoints_completed": 9, "tot_waypoints": 9}}
{"target": -168.66584510419983, "params": {"k_pid_pos": [1.8169070482242746, 0.009042513943943642, 0.839234009986698], "k_pid_alt": [1.6237840963945829, 0.0028347180833151985, 0.013326511898646663], "k_pid_att": [10.034606751264016, 0.18549946556865296, 0.27062915896583056], "k_pid_yaw": [0.5, 1e-06, 0.1], "k_pid_hsp": [0.17442348589286147, 0.025219470319493908, 0.0], "k_pid_vsp": [333.21945722243936, 284.59749369564224, 1.2200446963935925]}, "datetime": {"datetime": "2025-08-21 18:13:16", "elapsed": 34112.50811505318, "delta": 16.92203402519226}, "costs": {"total_cost": 168.66584510419983, "time_cost": 68.57600000000001, "final_distance_cost": 1.8333635273502065, "oscillation_cost": 30.27929422944424, "completition_cost": 0.0, "overshoot_cost": 48.96224644751749, "power_cost": 9.346776953125, "noise_cost": 9.668163946762906, "n_waypoints_completed": 9, "tot_waypoints": 9}}
{"target": -170.99212661883678, "params": {"k_pid_pos": [1.7316355290635312, 0.011877098997904267, 0.8049774947166258], "k_pid_alt": [2.0, 0.00317434869727781, 0.012844770321773795], "k_pid_att": [12.733002121006114, 0.19174817735211205, 0.151860368008948], "k_pid_yaw": [0.5, 1e-06, 0.1], "k_pid_hsp": [0.14516726378407638, 0.02135624080442527, 0.0], "k_pid_vsp": [250.1933528631877, 279.93953072112276, 0.9715031098879446]}, "datetime": {"datetime": "2025-08-21 18:13:32", "elapsed": 34128.58111977577, "delta": 16.073004722595215}, "costs": {"total_cost": 170.99212661883678, "time_cost": 69.408, "final_distance_cost": 1.8279896628639996, "oscillation_cost": 28.721784190840847, "completition_cost": 0.0, "overshoot_cost": 50.046724332798895, "power_cost": 10.565583178710938, "noise_cost": 10.422045253622075, "n_waypoints_completed": 9, "tot_waypoints": 9}}
{"target": -178.90889730600875, "params": {"k_pid_pos": [1.3786961508815494, 0.009916012480921619, 0.904201731409994], "k_pid_alt": [2.0, 0.002112627103702487, 0.012840637960467449], "k_pid_att": [12.817251561984385, 0.13551150724843627, 0.28540782265576903], "k_pid_yaw": [0.5, 1e-06, 0.1], "k_pid_hsp": [0.19944553952548283, 0.01576450697118876, 0.0], "k_pid_vsp": [241.09162497331076, 262.85726364533895, 1.0391322717878797]}, "datetime": {"datetime": "2025-08-21 18:13:49", "elapsed": 34146.079577445984, "delta": 17.498457670211792}, "costs": {"total_cost": 178.90889730600875, "time_cost": 71.552, "final_distance_cost": 1.8521135062904575, "oscillation_cost": 27.86313985978598, "completition_cost": 0.0, "overshoot_cost": 50.48953158044238, "power_cost": 14.43992908935547, "noise_cost": 12.71218327013447, "n_waypoints_completed": 9, "tot_waypoints": 9}}
{"target": -165.50019009562766, "params": {"k_pid_pos": [1.8237895556688424, 0.01114793396719792, 0.9613501250230708], "k_pid_alt": [2.0, 0.0022609205298046494, 0.011316136284824871], "k_pid_att": [11.724563015688327, 0.1579733067530068, 0.299585436745991], "k_pid_yaw": [0.5, 1e-06, 0.1], "k_pid_hsp": [0.15177756161336176, 0.01773005759457781, 0.0], "k_pid_vsp": [260.478402331966, 270.5886899963771, 1.0745835850363965]}, "datetime": {"datetime": "2025-08-21 18:14:05", "elapsed": 34161.89985847473, "delta": 15.820281028747559}, "costs": {"total_cost": 165.50019009562766, "time_cost": 68.744, "final_distance_cost": 1.835265182325022, "oscillation_cost": 29.098307896274928, "completition_cost": 0.0, "overshoot_cost": 49.954465805203775, "power_cost": 7.3063932861328125, "noise_cost": 8.561757925691131, "n_waypoints_completed": 9, "tot_waypoints": 9}}
{"target": -180.8025893105714, "params": {"k_pid_pos": [1.7558815173618285, 0.00832871095700538, 0.7546080910979871], "k_pid_alt": [2.0, 0.002901260853235771, 0.01447074199955587], "k_pid_att": [10.549864483655192, 0.15225180856301956, 0.2647434946383356], "k_pid_yaw": [0.5, 1e-06, 0.1], "k_pid_hsp": [0.19729513347645863, 0.02383153935121543, 0.0], "k_pid_vsp": [253.80788299990073, 271.12788225323146, 1.2684598809400673]}, "datetime": {"datetime": "2025-08-21 18:14:22", "elapsed": 34179.1686770916, "delta": 17.268818616867065}, "costs": {"total_cost": 180.8025893105714, "time_cost": 69.744, "final_distance_cost": 1.844976511091393, "oscillation_cost": 31.046327529157672, "completition_cost": 0.0, "overshoot_cost": 50.70286863403465, "power_cost": 14.84843094482422, "noise_cost": 12.615985691463464, "n_waypoints_completed": 9, "tot_waypoints": 9}}
{"target": -171.2466584274406, "params": {"k_pid_pos": [1.6458781752664005, 0.005601531938624678, 0.7453378608517048], "k_pid_alt": [2.0, 0.0031227872908580066, 0.01124883367744564], "k_pid_att": [15.833751826716437, 0.19211647945543842, 0.27011149007905916], "k_pid_yaw": [0.5, 1e-06, 0.1], "k_pid_hsp": [0.1702639547655053, 0.021521282866279624, 0.0], "k_pid_vsp": [241.8555064471569, 194.12446136311192, 1.1070624284265886]}, "datetime": {"datetime": "2025-08-21 18:14:38", "elapsed": 34195.36066555977, "delta": 16.191988468170166}, "costs": {"total_cost": 171.2466584274406, "time_cost": 69.296, "final_distance_cost": 1.8306993877084452, "oscillation_cost": 28.528192450432858, "completition_cost": 0.0, "overshoot_cost": 50.06622450870422, "power_cost": 10.880698022460939, "noise_cost": 10.644844058134131, "n_waypoints_completed": 9, "tot_waypoints": 9}}
{"target": -172.42674578577893, "params": {"k_pid_pos": [1.4202556372153612, 0.01704785460677237, 0.7835660815245507], "k_pid_alt": [1.8454970697542947, 0.004049448010542591, 0.01017304531621434], "k_pid_att": [12.850387714376033, 0.16504988545204344, 0.3208127382087117], "k_pid_yaw": [0.5, 1e-06, 0.1], "k_pid_hsp": [0.17814883387470085, 0.021615999261985933, 0.0], "k_pid_vsp": [262.0744188034021, 214.8374946516442, 1.4297164938081224]}, "datetime": {"datetime": "2025-08-21 18:14:55", "elapsed": 34212.32044005394, "delta": 16.959774494171143}, "costs": {"total_cost": 172.42674578577893, "time_cost": 70.08800000000001, "final_distance_cost": 1.8491020377720315, "oscillation_cost": 27.191140762260307, "completition_cost": 0.0, "overshoot_cost": 50.14530029741769, "power_cost": 11.748653833007813, "noise_cost": 11.404548855321076, "n_waypoints_completed": 9, "tot_waypoints": 9}}
{"target": -195.15990205985906, "params": {"k_pid_pos": [1.6541314827168474, 0.006957612070908153, 1.0], "k_pid_alt": [1.6903615511447334, 0.0025068764035484363, 0.013237547867368728], "k_pid_att": [12.621648205591868, 0.15696810254994834, 0.34823129836999184], "k_pid_yaw": [0.5, 1e-06, 0.1], "k_pid_hsp": [0.1534537148056844, 0.017794133353276304, 0.0], "k_pid_vsp": [255.86943229083158, 286.99594293867875, 1.4079351682812655]}, "datetime": {"datetime": "2025-08-21 18:15:13", "elapsed": 34229.51286172867, "delta": 17.192421674728394}, "costs": {"total_cost": 195.15990205985906, "time_cost": 74.248, "final_distance_cost": 1.8489177540016433, "oscillation_cost": 29.150647500034818, "completition_cost": 0.0, "overshoot_cost": 53.57360695582196, "power_cost": 19.39265936279297, "noise_cost": 16.946070487207624, "n_waypoints_completed": 9, "tot_waypoints": 9}}
{"target": -181.9979868687599, "params": {"k_pid_pos": [2.0, 0.015225786345771384, 0.9360790147931638], "k_pid_alt": [1.8187958319650555, 0.0033277317535452557, 0.00834984119894161], "k_pid_att": [9.946819328308337, 0.16520686233315574, 0.29314359387413547], "k_pid_yaw": [0.5, 1e-06, 0.1], "k_pid_hsp": [0.15048035896522194, 0.016626591691754743, 0.0], "k_pid_vsp": [270.37850522210675, 257.595419439878, 1.3375548232820391]}, "datetime": {"datetime": "2025-08-21 18:15:30", "elapsed": 34246.891525030136, "delta": 17.378663301467896}, "costs": {"total_cost": 181.9979868687599, "time_cost": 70.096, "final_distance_cost": 1.8323537090601785, "oscillation_cost": 30.177732626643408, "completition_cost": 0.0, "overshoot_cost": 51.21721518204054, "power_cost": 15.580682739257814, "noise_cost": 13.094002611757999, "n_waypoints_completed": 9, "tot_waypoints": 9}}
{"target": -174.87067703963717, "params": {"k_pid_pos": [1.9264145481692851, 0.013723625244558432, 1.0], "k_pid_alt": [2.0, 0.001933470291820571, 0.013209653041971215], "k_pid_att": [12.958424893362178, 0.21414162280340102, 0.3058210369514112], "k_pid_yaw": [0.5, 1e-06, 0.1], "k_pid_hsp": [0.14498241205995246, 0.02002744515282864, 0.0], "k_pid_vsp": [206.734144399466, 229.21858759156308, 1.1835783353562235]}, "datetime": {"datetime": "2025-08-21 18:15:46", "elapsed": 34263.15320444107, "delta": 16.26167941093445}, "costs": {"total_cost": 174.87067703963717, "time_cost": 69.83200000000001, "final_distance_cost": 1.8333943924237122, "oscillation_cost": 28.920299694876572, "completition_cost": 0.0, "overshoot_cost": 50.33614554047137, "power_cost": 12.494018176269531, "noise_cost": 11.45481923559598, "n_waypoints_completed": 9, "tot_waypoints": 9}}
{"target": -172.24069540991474, "params": {"k_pid_pos": [1.473472682025232, 0.010401234502879228, 0.7819725427356033], "k_pid_alt": [1.7029944296250712, 0.0020422468781664204, 0.009290376414302129], "k_pid_att": [13.527579427530712, 0.15507154905880483, 0.2970705749715055], "k_pid_yaw": [0.5, 1e-06, 0.1], "k_pid_hsp": [0.18644061879025475, 0.022316839677966646, 0.0], "k_pid_vsp": [326.20022026420037, 303.00553361102743, 1.0762205736624348]}, "datetime": {"datetime": "2025-08-21 18:16:02", "elapsed": 34279.44255280495, "delta": 16.289348363876343}, "costs": {"total_cost": 172.24069540991474, "time_cost": 69.432, "final_distance_cost": 1.8445348577569767, "oscillation_cost": 28.164012801890763, "completition_cost": 0.0, "overshoot_cost": 49.701591454804586, "power_cost": 11.843361877441406, "noise_cost": 11.255194418021018, "n_waypoints_completed": 9, "tot_waypoints": 9}}
{"target": -173.70931328307134, "params": {"k_pid_pos": [1.4811684322561784, 0.007418408623199496, 0.9707576517666722], "k_pid_alt": [1.8113856108734019, 0.0027558475995680828, 0.012516185421906708], "k_pid_att": [13.516724353900912, 0.0898769103778561, 0.31037187560495], "k_pid_yaw": [0.5, 1e-06, 0.1], "k_pid_hsp": [0.1355200604986387, 0.01926172854960355, 0.0], "k_pid_vsp": [206.20684447207455, 181.23060451046828, 1.0291954195223165]}, "datetime": {"datetime": "2025-08-21 18:16:20", "elapsed": 34296.58017873764, "delta": 17.13762593269348}, "costs": {"total_cost": 173.70931328307134, "time_cost": 70.592, "final_distance_cost": 1.8518409773433775, "oscillation_cost": 26.557049900619457, "completition_cost": 0.0, "overshoot_cost": 50.13069142038753, "power_cost": 12.778132458496094, "noise_cost": 11.799598526224889, "n_waypoints_completed": 9, "tot_waypoints": 9}}
{"target": -185.70741935211987, "params": {"k_pid_pos": [2.0, 0.00825007211853411, 0.878401897929181], "k_pid_alt": [2.0, 0.0032877180709474188, 0.010089738790874932], "k_pid_att": [11.338144164546241, 0.14694724828149552, 0.3003250405722402], "k_pid_yaw": [0.5, 1e-06, 0.1], "k_pid_hsp": [0.16560831966113787, 0.023296516817870608, 0.0], "k_pid_vsp": [303.685519427681, 208.7840031366524, 1.2430268574431056]}, "datetime": {"datetime": "2025-08-21 18:16:36", "elapsed": 34312.51892232895, "delta": 15.938743591308594}, "costs": {"total_cost": 185.70741935211987, "time_cost": 70.048, "final_distance_cost": 1.8400972793318684, "oscillation_cost": 31.1963358830391, "completition_cost": 0.0, "overshoot_cost": 51.04953166261916, "power_cost": 17.611075537109375, "noise_cost": 13.962378990020365, "n_waypoints_completed": 9, "tot_waypoints": 9}}
{"target": -176.2339193610148, "params": {"k_pid_pos": [1.4363835907206957, 0.010560241796413702, 0.9185377054796028], "k_pid_alt": [2.0, 0.0027457808299860766, 0.012813729567881307], "k_pid_att": [11.736390736691263, 0.1722950487788997, 0.17318114183626157], "k_pid_yaw": [0.5, 1e-06, 0.1], "k_pid_hsp": [0.1817665897497404, 0.01601297411798536, 0.0], "k_pid_vsp": [260.5633299507488, 197.3747659055135, 1.2665842693492764]}, "datetime": {"datetime": "2025-08-21 18:16:53", "elapsed": 34330.193714141846, "delta": 17.67479181289673}, "costs": {"total_cost": 176.2339193610148, "time_cost": 70.83200000000001, "final_distance_cost": 1.850878906855093, "oscillation_cost": 27.57641318596127, "completition_cost": 0.0, "overshoot_cost": 50.11347816017054, "power_cost": 13.551406750488281, "noise_cost": 12.309742357539653, "n_waypoints_completed": 9, "tot_waypoints": 9}}
{"target": -172.980773863564, "params": {"k_pid_pos": [1.6194957360547069, 0.011125875560374159, 0.6875628684529688], "k_pid_alt": [1.947383082658492, 0.0015333200789494697, 0.01111147931146602], "k_pid_att": [12.527309616810063, 0.20538659885133925, 0.33612649958944835], "k_pid_yaw": [0.5, 1e-06, 0.1], "k_pid_hsp": [0.135481263528768, 0.02053520650879583, 0.0], "k_pid_vsp": [251.7937655479407, 221.68014120667144, 1.372285622372478]}, "datetime": {"datetime": "2025-08-21 18:17:09", "elapsed": 34346.03742527962, "delta": 15.843711137771606}, "costs": {"total_cost": 172.980773863564, "time_cost": 69.44800000000001, "final_distance_cost": 1.8418677921701967, "oscillation_cost": 28.804038865219898, "completition_cost": 0.0, "overshoot_cost": 50.32539075787226, "power_cost": 11.593757678222657, "noise_cost": 10.967718770078987, "n_waypoints_completed": 9, "tot_waypoints": 9}}
{"target": -177.14827124266577, "params": {"k_pid_pos": [2.0, 0.005166342116767899, 0.7659831027144858], "k_pid_alt": [1.7836365346904557, 0.0025655652526560117, 0.01116539565143703], "k_pid_att": [8.881782212971693, 0.10621864780621039, 0.29777179112787083], "k_pid_yaw": [0.5, 1e-06, 0.1], "k_pid_hsp": [0.14894989785901933, 0.019348114357424177, 0.0], "k_pid_vsp": [382.37341021788797, 297.0364850980282, 1.0578396072002247]}, "datetime": {"datetime": "2025-08-21 18:17:27", "elapsed": 34363.45187306404, "delta": 17.414447784423828}, "costs": {"total_cost": 177.14827124266577, "time_cost": 69.12, "final_distance_cost": 1.8392224091759888, "oscillation_cost": 29.873746762974847, "completition_cost": 0.0, "overshoot_cost": 49.97792494365944, "power_cost": 14.123939294433594, "noise_cost": 12.213437832421913, "n_waypoints_completed": 9, "tot_waypoints": 9}}
{"target": -177.72180906001705, "params": {"k_pid_pos": [1.703671886673057, 0.013045370816298479, 1.0], "k_pid_alt": [1.8428844290242974, 0.0024057970330647847, 0.011125414146982537], "k_pid_att": [10.27589091799342, 0.17402584475052485, 0.3046834072991081], "k_pid_yaw": [0.5, 1e-06, 0.1], "k_pid_hsp": [0.12109268007874847, 0.017756316121157283, 0.0], "k_pid_vsp": [266.13107161985937, 235.3245256426337, 1.2928438229349348]}, "datetime": {"datetime": "2025-08-21 18:17:42", "elapsed": 34379.211211681366, "delta": 15.759338617324829}, "costs": {"total_cost": 177.72180906001705, "time_cost": 70.048, "final_distance_cost": 1.8469809179034389, "oscillation_cost": 28.130291391574602, "completition_cost": 0.0, "overshoot_cost": 50.58516875899304, "power_cost": 14.450234106445313, "noise_cost": 12.661133885100625, "n_waypoints_completed": 9, "tot_waypoints": 9}}
{"target": -174.16549902467736, "params": {"k_pid_pos": [1.610430807911257, 0.01108996718378498, 0.7591006512651495], "k_pid_alt": [1.6330159912736468, 0.0021833865974206, 0.014573182628258066], "k_pid_att": [13.308685108687191, 0.24734634492422722, 0.2290860929609987], "k_pid_yaw": [0.5, 1e-06, 0.1], "k_pid_hsp": [0.20684129648118696, 0.0171500074651424, 0.0], "k_pid_vsp": [387.4502230378216, 259.1856597210595, 0.9714991083337495]}, "datetime": {"datetime": "2025-08-21 18:18:00", "elapsed": 34396.844037771225, "delta": 17.63282608985901}, "costs": {"total_cost": 174.16549902467736, "time_cost": 69.144, "final_distance_cost": 1.8436573355003887, "oscillation_cost": 29.308764197312332, "completition_cost": 0.0, "overshoot_cost": 49.926244506507246, "power_cost": 12.363131018066406, "noise_cost": 11.579701967290983, "n_waypoints_completed": 9, "tot_waypoints": 9}}
{"target": -174.38778489017628, "params": {"k_pid_pos": [1.2873796245173164, 0.008817360591498109, 0.9565665058078583], "k_pid_alt": [1.449587178321578, 0.00255801459546864, 0.013007201938469347], "k_pid_att": [10.988902484681821, 0.17235224050649167, 0.2962456255505916], "k_pid_yaw": [0.5, 1e-06, 0.1], "k_pid_hsp": [0.17234277968579284, 0.017044628026607292, 0.0], "k_pid_vsp": [295.9957830655349, 309.3687995948505, 1.171943932926971]}, "datetime": {"datetime": "2025-08-21 18:18:17", "elapsed": 34414.40155220032, "delta": 17.557514429092407}, "costs": {"total_cost": 174.38778489017628, "time_cost": 72.52, "final_distance_cost": 1.850316087130673, "oscillation_cost": 27.116239064230246, "completition_cost": 0.0, "overshoot_cost": 50.44403032723783, "power_cost": 11.331180578613282, "noise_cost": 11.126018832964263, "n_waypoints_completed": 9, "tot_waypoints": 9}}
{"target": -179.76773713183402, "params": {"k_pid_pos": [1.8219836605608417, 0.01004376458961298, 0.8565449361171167], "k_pid_alt": [2.0, 0.0024926703102212807, 0.011407195520399205], "k_pid_att": [11.527219151910485, 0.21255401552883926, 0.27699452758264537], "k_pid_yaw": [0.5, 1e-06, 0.1], "k_pid_hsp": [0.13956283198620328, 0.02192590852131926, 0.0], "k_pid_vsp": [232.1700047596972, 258.5498171139372, 1.1848681348585994]}, "datetime": {"datetime": "2025-08-21 18:18:35", "elapsed": 34431.84632873535, "delta": 17.44477653503418}, "costs": {"total_cost": 179.76773713183402, "time_cost": 69.864, "final_distance_cost": 1.8444773689509337, "oscillation_cost": 29.64622910240916, "completition_cost": 0.0, "overshoot_cost": 50.29344241569998, "power_cost": 15.088709448242188, "noise_cost": 13.030878796531757, "n_waypoints_completed": 9, "tot_waypoints": 9}}
{"target": -186.7084916815265, "params": {"k_pid_pos": [1.0314872262672723, 0.014845060306239876, 0.9680304513852085], "k_pid_alt": [1.9159673331608797, 0.002344331943082558, 0.012803471169414769], "k_pid_att": [13.922955882633303, 0.16854268687249874, 0.31193890997672297], "k_pid_yaw": [0.5, 1e-06, 0.1], "k_pid_hsp": [0.17340112732536128, 0.02173902764389944, 0.0], "k_pid_vsp": [288.807358062931, 241.67496314804455, 1.2159523736734292]}, "datetime": {"datetime": "2025-08-21 18:18:54", "elapsed": 34450.959025382996, "delta": 19.112696647644043}, "costs": {"total_cost": 186.7084916815265, "time_cost": 77.736, "final_distance_cost": 1.8556455738385529, "oscillation_cost": 27.02600732560312, "completition_cost": 0.0, "overshoot_cost": 51.107089166917916, "power_cost": 14.910508764648439, "noise_cost": 14.073240850518498, "n_waypoints_completed": 9, "tot_waypoints": 9}}
{"target": -171.72061362891245, "params": {"k_pid_pos": [1.7971315254587488, 0.012040125437492291, 0.9179068128607772], "k_pid_alt": [2.0, 0.0033710726631547704, 0.01266382177303626], "k_pid_att": [13.881745941347539, 0.2070422965863774, 0.23995677314647976], "k_pid_yaw": [0.5, 1e-06, 0.1], "k_pid_hsp": [0.16541360851711098, 0.019265311603364026, 0.0], "k_pid_vsp": [272.26539218210416, 368.34627268420604, 1.1842786840613848]}, "datetime": {"datetime": "2025-08-21 18:19:10", "elapsed": 34466.89590334892, "delta": 15.936877965927124}, "costs": {"total_cost": 171.72061362891245, "time_cost": 69.68, "final_distance_cost": 1.8342878418471047, "oscillation_cost": 28.39246196212252, "completition_cost": 0.0, "overshoot_cost": 50.02246483257955, "power_cost": 11.115835205078126, "noise_cost": 10.675563787285153, "n_waypoints_completed": 9, "tot_waypoints": 9}}
{"target": -172.8558266437629, "params": {"k_pid_pos": [1.708275671481638, 0.011581978145055653, 0.7358886964816644], "k_pid_alt": [2.0, 0.0026952908209180795, 0.013976543674119546], "k_pid_att": [12.03783735544596, 0.24225755026590892, 0.23988495667401913], "k_pid_yaw": [0.5, 1e-06, 0.1], "k_pid_hsp": [0.16799922642767584, 0.018880089565139105, 0.0], "k_pid_vsp": [281.957043951847, 290.85503278590767, 0.9425932970927055]}, "datetime": {"datetime": "2025-08-21 18:19:28", "elapsed": 34485.27584981918, "delta": 18.37994647026062}, "costs": {"total_cost": 172.8558266437629, "time_cost": 69.48, "final_distance_cost": 1.8352764104623642, "oscillation_cost": 28.797277868251157, "completition_cost": 0.0, "overshoot_cost": 49.85583996895142, "power_cost": 11.844153125, "noise_cost": 11.043279271097948, "n_waypoints_completed": 9, "tot_waypoints": 9}}
