{"target": -172.39228932083637, "params": {"k_pid_pos": [1.951556662833421, 0.007599669084749597, 0.9698343349822975], "k_pid_alt": [1.281424005580324, 0.0035987695785139676, 0.010934694873111583], "k_pid_att": [9.205032421086434, 0.12918503860987282, 0.31685331498222835], "k_pid_yaw": [0.5, 1e-06, 0.1], "k_pid_hsp": [0.1892262189263547, 0.015585471120773214, 0.0], "k_pid_vsp": [214.1828105054373, 298.8592478067277, 1.1542507521328225]}, "datetime": {"datetime": "2025-08-21 16:07:03", "elapsed": 26540.39583849907, "delta": 15.69253158569336}, "costs": {"total_cost": 172.39228932083637, "time_cost": 68.88, "final_distance_cost": 1.835479494679247, "oscillation_cost": 30.42780080354366, "completition_cost": 0.0, "overshoot_cost": 49.85318011843758, "power_cost": 10.723229211425782, "noise_cost": 10.672599692750106, "n_waypoints_completed": 9, "tot_waypoints": 9}}
{"target": -178.19525759846547, "params": {"k_pid_pos": [1.167122308026489, 0.03248151914616138, 0.869354043598744], "k_pid_alt": [2.0, 0.002774732588546706, 0.011754946227753795], "k_pid_att": [19.560241117380208, 0.17289117569327642, 0.31590667890796587], "k_pid_yaw": [0.5, 1e-06, 0.1], "k_pid_hsp": [0.13122984431752385, 0.01543190188636892, 0.0], "k_pid_vsp": [267.4632419996688, 355.5899247067355, 1.5504646888906615]}, "datetime": {"datetime": "2025-08-21 16:07:21", "elapsed": 26557.494565725327, "delta": 17.098727226257324}, "costs": {"total_cost": 178.19525759846547, "time_cost": 72.552, "final_distance_cost": 1.8513329890609664, "oscillation_cost": 26.439801463535822, "completition_cost": 0.0, "overshoot_cost": 50.555602267021435, "power_cost": 14.000666650390626, "noise_cost": 12.79585422845662, "n_waypoints_completed": 9, "tot_waypoints": 9}}
{"target": -174.00523962387723, "params": {"k_pid_pos": [1.5969426494198438, 0.015189899453828417, 1.0], "k_pid_alt": [2.0, 0.0034693265311007845, 0.011235054870240955], "k_pid_att": [11.805110646139712, 0.156079781921302, 0.2519278419189791], "k_pid_yaw": [0.5, 1e-06, 0.1], "k_pid_hsp": [0.13608865178823384, 0.019470968325015856, 0.0], "k_pid_vsp": [219.15048170506063, 229.02655705879022, 1.380425053559378]}, "datetime": {"datetime": "2025-08-21 16:07:37", "elapsed": 26574.043927431107, "delta": 16.54936170578003}, "costs": {"total_cost": 174.00523962387723, "time_cost": 70.424, "final_distance_cost": 1.8472711725952644, "oscillation_cost": 27.494107962750945, "completition_cost": 0.0, "overshoot_cost": 49.85091348326634, "power_cost": 12.558730676269532, "noise_cost": 11.83021632899515, "n_waypoints_completed": 9, "tot_waypoints": 9}}
{"target": -174.75041840799918, "params": {"k_pid_pos": [1.4868316910568824, 0.014489836509794329, 0.8119125142956648], "k_pid_alt": [1.520641648027869, 0.0032525896463527194, 0.012998063539031423], "k_pid_att": [12.752509817520226, 0.11344575724810724, 0.21398392761529786], "k_pid_yaw": [0.5, 1e-06, 0.1], "k_pid_hsp": [0.19971053033960443, 0.0216194222660941, 0.0], "k_pid_vsp": [231.61761018573134, 279.027699141322, 1.2963636342319098]}, "datetime": {"datetime": "2025-08-21 16:07:53", "elapsed": 26590.18940424919, "delta": 16.145476818084717}, "costs": {"total_cost": 174.75041840799918, "time_cost": 70.152, "final_distance_cost": 1.8469357846250425, "oscillation_cost": 27.781288847088287, "completition_cost": 0.0, "overshoot_cost": 50.175763430408686, "power_cost": 12.905486950683594, "noise_cost": 11.88894339519355, "n_waypoints_completed": 9, "tot_waypoints": 9}}
{"target": -178.90147801663616, "params": {"k_pid_pos": [1.1867778926737538, 0.026477023971911724, 0.8874413312051188], "k_pid_alt": [1.0683773190465198, 0.0031878967519077335, 0.008456346748498567], "k_pid_att": [14.582197920494812, 0.11735586878743964, 0.32423446787332283], "k_pid_yaw": [0.5, 1e-06, 0.1], "k_pid_hsp": [0.11608366026955275, 0.022605719127487118, 0.0], "k_pid_vsp": [285.4417187275968, 346.96445040577026, 1.4713982174014972]}, "datetime": {"datetime": "2025-08-21 16:08:11", "elapsed": 26608.14216518402, "delta": 17.952760934829712}, "costs": {"total_cost": 178.90147801663616, "time_cost": 73.304, "final_distance_cost": 1.8523257992560924, "oscillation_cost": 27.299632562523048, "completition_cost": 0.0, "overshoot_cost": 50.12592733802336, "power_cost": 13.686427758789064, "noise_cost": 12.633164558044607, "n_waypoints_completed": 9, "tot_waypoints": 9}}
{"target": -176.1925383873598, "params": {"k_pid_pos": [1.0009422461646669, 0.027150229538156823, 0.40235558083920625], "k_pid_alt": [1.3890945026759676, 0.0031694608981385143, 0.011515388144309252], "k_pid_att": [13.143744635950162, 0.14705641860461888, 0.18225807082803033], "k_pid_yaw": [0.5, 1e-06, 0.1], "k_pid_hsp": [0.19230808336407898, 0.019397873888315487, 0.0], "k_pid_vsp": [295.8803117577187, 316.426333677031, 1.3245393692413538]}, "datetime": {"datetime": "2025-08-21 16:08:27", "elapsed": 26624.433485746384, "delta": 16.29132056236267}, "costs": {"total_cost": 176.1925383873598, "time_cost": 70.70400000000001, "final_distance_cost": 1.8377599981869062, "oscillation_cost": 26.43280025648176, "completition_cost": 0.0, "overshoot_cost": 50.58992021536556, "power_cost": 14.02227254638672, "noise_cost": 12.605785370938856, "n_waypoints_completed": 9, "tot_waypoints": 9}}
{"target": -179.76295101977954, "params": {"k_pid_pos": [1.7997977291532778, 0.018925635505446108, 0.6477453404058187], "k_pid_alt": [1.510056528107764, 0.004375687475355464, 0.0069589677009771036], "k_pid_att": [15.187876477963798, 0.12235683142558058, 0.3354783507839847], "k_pid_yaw": [0.5, 1e-06, 0.1], "k_pid_hsp": [0.11834692360747097, 0.028824814037040444, 0.0], "k_pid_vsp": [213.41986323325045, 305.406719439387, 1.4620647540550447]}, "datetime": {"datetime": "2025-08-21 16:08:44", "elapsed": 26641.31703352928, "delta": 16.88354778289795}, "costs": {"total_cost": 179.76295101977954, "time_cost": 69.936, "final_distance_cost": 1.813250036955015, "oscillation_cost": 30.408308953387298, "completition_cost": 0.0, "overshoot_cost": 50.70951630637825, "power_cost": 14.575007971191408, "noise_cost": 12.320867751867548, "n_waypoints_completed": 9, "tot_waypoints": 9}}
{"target": -169.46089752006316, "params": {"k_pid_pos": [1.727747503078631, 0.021226808291637613, 0.6711094741464243], "k_pid_alt": [1.7654774952898942, 0.003668537072348482, 0.011776859544120432], "k_pid_att": [8.273485669767306, 0.19668248343624614, 0.32551969417611043], "k_pid_yaw": [0.5, 1e-06, 0.1], "k_pid_hsp": [0.1565951511534406, 0.015434897252382396, 0.0], "k_pid_vsp": [306.9280900451627, 359.23821417135815, 1.1068088601848236]}, "datetime": {"datetime": "2025-08-21 16:09:01", "elapsed": 26657.68995833397, "delta": 16.3729248046875}, "costs": {"total_cost": 169.46089752006316, "time_cost": 68.464, "final_distance_cost": 1.8138718201816586, "oscillation_cost": 29.903321863564134, "completition_cost": 0.0, "overshoot_cost": 49.30552703958347, "power_cost": 9.920809289550782, "noise_cost": 10.05336750718312, "n_waypoints_completed": 9, "tot_waypoints": 9}}
{"target": -175.68511207690187, "params": {"k_pid_pos": [1.714865145668908, 0.015686376825381976, 0.7313359977832095], "k_pid_alt": [1.8650056382020832, 0.0035535302277629453, 0.008319186099457941], "k_pid_att": [14.066229977578908, 0.15479433099982587, 0.14689364186279538], "k_pid_yaw": [0.5, 1e-06, 0.1], "k_pid_hsp": [0.19932758125703107, 0.01881062826038506, 0.0], "k_pid_vsp": [225.1720052919887, 251.1733554848888, 0.9321119429502746]}, "datetime": {"datetime": "2025-08-21 16:09:17", "elapsed": 26673.845847845078, "delta": 16.1558895111084}, "costs": {"total_cost": 175.68511207690187, "time_cost": 69.648, "final_distance_cost": 1.8380765972827455, "oscillation_cost": 29.292936450663458, "completition_cost": 0.0, "overshoot_cost": 50.1398213566049, "power_cost": 12.824932702636719, "noise_cost": 11.941344969714068, "n_waypoints_completed": 9, "tot_waypoints": 9}}
{"target": -179.64431973743658, "params": {"k_pid_pos": [1.765547519775246, 0.02455454601440295, 0.7620289861944197], "k_pid_alt": [1.9584361062257267, 0.00229848007812134, 0.009678398168462882], "k_pid_att": [12.35658017101133, 0.14908862602986725, 0.2311744340531091], "k_pid_yaw": [0.5, 1e-06, 0.1], "k_pid_hsp": [0.17836427114758124, 0.023555072468651562, 0.0], "k_pid_vsp": [157.03174727097635, 399.9248322584713, 0.9649072404868361]}, "datetime": {"datetime": "2025-08-21 16:09:34", "elapsed": 26690.59004688263, "delta": 16.74419903755188}, "costs": {"total_cost": 179.64431973743658, "time_cost": 69.616, "final_distance_cost": 1.833361705877504, "oscillation_cost": 30.163615195706893, "completition_cost": 0.0, "overshoot_cost": 50.30595011585881, "power_cost": 14.924613635253907, "noise_cost": 12.800779084739453, "n_waypoints_completed": 9, "tot_waypoints": 9}}
{"target": -185.8351151902033, "params": {"k_pid_pos": [1.0771069704341654, 0.0051362253926318146, 1.0], "k_pid_alt": [1.7090368368408175, 0.0033957931274919014, 0.007904406197315679], "k_pid_att": [16.626512995622583, 0.21702138457222786, 0.20790474250924626], "k_pid_yaw": [0.5, 1e-06, 0.1], "k_pid_hsp": [0.18025225123433444, 0.013825242379731519, 0.0], "k_pid_vsp": [251.95299690466504, 281.9774926164608, 1.3347448085862672]}, "datetime": {"datetime": "2025-08-21 16:09:52", "elapsed": 26708.77895092964, "delta": 18.18890404701233}, "costs": {"total_cost": 185.8351151902033, "time_cost": 77.696, "final_distance_cost": 1.8563892867257699, "oscillation_cost": 26.5508058972715, "completition_cost": 0.0, "overshoot_cost": 50.723573439517786, "power_cost": 15.113850463867188, "noise_cost": 13.894496102821078, "n_waypoints_completed": 9, "tot_waypoints": 9}}
{"target": -174.390436771415, "params": {"k_pid_pos": [1.4707760307120425, 0.02320872388323943, 0.9017826928016884], "k_pid_alt": [1.7259286857113938, 0.004151929914364337, 0.009689129871861676], "k_pid_att": [9.429199033464487, 0.1478604301330756, 0.33934331971726645], "k_pid_yaw": [0.5, 1e-06, 0.1], "k_pid_hsp": [0.1648684364849883, 0.026555142362176265, 0.0], "k_pid_vsp": [238.52088018347123, 248.73410647982885, 1.1246722297939453]}, "datetime": {"datetime": "2025-08-21 16:10:08", "elapsed": 26725.377274513245, "delta": 16.598323583602905}, "costs": {"total_cost": 174.390436771415, "time_cost": 70.248, "final_distance_cost": 1.8459512980092205, "oscillation_cost": 27.430764275179936, "completition_cost": 0.0, "overshoot_cost": 49.848707283173724, "power_cost": 13.016934680175781, "noise_cost": 12.000079234876365, "n_waypoints_completed": 9, "tot_waypoints": 9}}
{"target": -171.84286016047625, "params": {"k_pid_pos": [1.9373695876510553, 0.02308954518758935, 1.0], "k_pid_alt": [1.871695964064533, 0.00310584235218352, 0.008756261522988135], "k_pid_att": [19.002161517538394, 0.2093544222805412, 0.3218613104682252], "k_pid_yaw": [0.5, 1e-06, 0.1], "k_pid_hsp": [0.14479878956937975, 0.028273333039280063, 0.0], "k_pid_vsp": [215.98560107898683, 338.54720557819604, 1.3315658558055568]}, "datetime": {"datetime": "2025-08-21 16:10:25", "elapsed": 26741.943701982498, "delta": 16.56642746925354}, "costs": {"total_cost": 171.84286016047625, "time_cost": 68.872, "final_distance_cost": 1.8418219081829161, "oscillation_cost": 29.854499585225284, "completition_cost": 0.0, "overshoot_cost": 49.994384494615865, "power_cost": 10.922786401367189, "noise_cost": 10.357367771084997, "n_waypoints_completed": 9, "tot_waypoints": 9}}
{"target": -175.92564198382422, "params": {"k_pid_pos": [1.5427179331123344, 0.011543798821611656, 1.0], "k_pid_alt": [1.3608984970779676, 0.005062853885471512, 0.009937122927550815], "k_pid_att": [14.007762161498222, 0.11330320465586215, 0.24816054488962958], "k_pid_yaw": [0.5, 1e-06, 0.1], "k_pid_hsp": [0.15807935161508269, 0.02632262152211404, 0.0], "k_pid_vsp": [176.03786318178845, 283.0772225027328, 0.9744523902556447]}, "datetime": {"datetime": "2025-08-21 16:10:41", "elapsed": 26757.737911224365, "delta": 15.794209241867065}, "costs": {"total_cost": 175.92564198382422, "time_cost": 70.712, "final_distance_cost": 1.845671762455953, "oscillation_cost": 27.57655636127061, "completition_cost": 0.0, "overshoot_cost": 50.437063013347164, "power_cost": 13.318505187988283, "noise_cost": 12.035845658762215, "n_waypoints_completed": 9, "tot_waypoints": 9}}
{"target": -180.5544638850476, "params": {"k_pid_pos": [1.6263755970944975, 0.020077071645535443, 0.5459201513301056], "k_pid_alt": [1.740169946369403, 0.002772778793640808, 0.010444119427117213], "k_pid_att": [12.210132247168863, 0.11806379178859243, 0.1743438866465569], "k_pid_yaw": [0.5, 1e-06, 0.1], "k_pid_hsp": [0.16940767916038837, 0.024065623001518127, 0.0], "k_pid_vsp": [259.28986357562326, 259.1307664539351, 1.1406057410595494]}, "datetime": {"datetime": "2025-08-21 16:10:58", "elapsed": 26774.73872947693, "delta": 17.000818252563477}, "costs": {"total_cost": 180.5544638850476, "time_cost": 69.744, "final_distance_cost": 1.8386630883817174, "oscillation_cost": 30.393924625641137, "completition_cost": 0.0, "overshoot_cost": 50.16809977459005, "power_cost": 15.432193469238282, "noise_cost": 12.977582927196401, "n_waypoints_completed": 9, "tot_waypoints": 9}}
{"target": -170.37930945403778, "params": {"k_pid_pos": [1.7262754052403535, 0.017139941025814707, 0.6559941665984841], "k_pid_alt": [1.3997871276615632, 0.0006920273757073074, 0.011910034152986719], "k_pid_att": [9.12522818483537, 0.15191750611255686, 0.41589576849425774], "k_pid_yaw": [0.5, 1e-06, 0.1], "k_pid_hsp": [0.21157214954152417, 0.018997770481813506, 0.0], "k_pid_vsp": [178.29067413925085, 212.30112507279765, 1.293141038577936]}, "datetime": {"datetime": "2025-08-21 16:11:13", "elapsed": 26790.15373468399, "delta": 15.415005207061768}, "costs": {"total_cost": 170.37930945403778, "time_cost": 68.648, "final_distance_cost": 1.8350827171843582, "oscillation_cost": 30.324569045686115, "completition_cost": 0.0, "overshoot_cost": 49.824044468686026, "power_cost": 9.89915576171875, "noise_cost": 9.848457460762507, "n_waypoints_completed": 9, "tot_waypoints": 9}}
{"target": -175.32390716727033, "params": {"k_pid_pos": [1.760248965184127, 0.023344913576306896, 1.0], "k_pid_alt": [1.4258895680555115, 0.0032298085350559625, 0.012537796607209906], "k_pid_att": [15.532511939721259, 0.15308961714028554, 0.41242231625966], "k_pid_yaw": [0.5, 1e-06, 0.1], "k_pid_hsp": [0.16546257352464297, 0.021611070052839642, 0.0], "k_pid_vsp": [248.26251570378463, 333.3126173040918, 0.8837688019701915]}, "datetime": {"datetime": "2025-08-21 16:11:30", "elapsed": 26806.95972108841, "delta": 16.805986404418945}, "costs": {"total_cost": 175.32390716727033, "time_cost": 69.83200000000001, "final_distance_cost": 1.8389730708612417, "oscillation_cost": 28.15820123061686, "completition_cost": 0.0, "overshoot_cost": 50.15104337244688, "power_cost": 13.407487951660157, "noise_cost": 11.936201541685193, "n_waypoints_completed": 9, "tot_waypoints": 9}}
{"target": -175.37615423450663, "params": {"k_pid_pos": [1.6385912252479364, 0.0184788261714387, 0.5015805085921429], "k_pid_alt": [1.2068090204311055, 0.0024226296862113893, 0.012749107059407424], "k_pid_att": [17.255950340041505, 0.17754652179652122, 0.19413268043186482], "k_pid_yaw": [0.5, 1e-06, 0.1], "k_pid_hsp": [0.15811952673767163, 0.03018982644213827, 0.0], "k_pid_vsp": [210.07940787396282, 400.0, 1.324190799420444]}, "datetime": {"datetime": "2025-08-21 16:11:46", "elapsed": 26823.3710398674, "delta": 16.4113187789917}, "costs": {"total_cost": 175.37615423450663, "time_cost": 69.0, "final_distance_cost": 1.8101967698035744, "oscillation_cost": 31.4353126581827, "completition_cost": 0.0, "overshoot_cost": 49.6284747594521, "power_cost": 12.361846154785157, "noise_cost": 11.140323892283105, "n_waypoints_completed": 9, "tot_waypoints": 9}}
{"target": -171.780698890537, "params": {"k_pid_pos": [1.432336482619146, 0.02875610508777111, 0.7552132152516621], "k_pid_alt": [1.6525775094924733, 0.004002047798083111, 0.012874047982153731], "k_pid_att": [7.52350279857977, 0.17294663508804498, 0.23630913591751304], "k_pid_yaw": [0.5, 1e-06, 0.1], "k_pid_hsp": [0.16929952755435138, 0.02334448621464899, 0.0], "k_pid_vsp": [190.195319653644, 287.76278525930894, 1.1410541433848025]}, "datetime": {"datetime": "2025-08-21 16:12:02", "elapsed": 26839.174139261246, "delta": 15.803099393844604}, "costs": {"total_cost": 171.780698890537, "time_cost": 69.536, "final_distance_cost": 1.8416450716969353, "oscillation_cost": 28.566866743763498, "completition_cost": 0.0, "overshoot_cost": 49.29977614039281, "power_cost": 11.565843225097657, "noise_cost": 10.970567709586106, "n_waypoints_completed": 9, "tot_waypoints": 9}}
{"target": -173.73517091713586, "params": {"k_pid_pos": [2.0, 0.012076019292714388, 0.47518289823575416], "k_pid_alt": [0.7046511188309186, 0.0023561344073608857, 0.008994339409351449], "k_pid_att": [14.716307967968826, 0.15501763818182318, 0.269463600297192], "k_pid_yaw": [0.5, 1e-06, 0.1], "k_pid_hsp": [0.19734068658527934, 0.023004860736009464, 0.0], "k_pid_vsp": [255.37654026527142, 151.67267902170832, 1.4658133107900426]}, "datetime": {"datetime": "2025-08-21 16:12:19", "elapsed": 26856.412303686142, "delta": 17.23816442489624}, "costs": {"total_cost": 173.73517091713586, "time_cost": 70.752, "final_distance_cost": 1.8212843322111367, "oscillation_cost": 32.041443118696414, "completition_cost": 0.0, "overshoot_cost": 49.50444824992038, "power_cost": 9.811661364746094, "noise_cost": 9.804333851561848, "n_waypoints_completed": 9, "tot_waypoints": 9}}
{"target": -180.3474001355193, "params": {"k_pid_pos": [1.7891982249315592, 0.02341340433962125, 0.42835514318042595], "k_pid_alt": [1.5641599149154917, 0.003699298645218901, 0.013225451319364296], "k_pid_att": [15.043533859723377, 0.13290952453239793, 0.22519332663593097], "k_pid_yaw": [0.5, 1e-06, 0.1], "k_pid_hsp": [0.08678833158262626, 0.02566987748148168, 0.0], "k_pid_vsp": [192.66130871098994, 264.04876234648515, 1.0925805159376976]}, "datetime": {"datetime": "2025-08-21 16:12:35", "elapsed": 26872.040699720383, "delta": 15.628396034240723}, "costs": {"total_cost": 180.3474001355193, "time_cost": 69.696, "final_distance_cost": 1.7730125825410934, "oscillation_cost": 33.88764427875861, "completition_cost": 0.0, "overshoot_cost": 50.846773824645915, "power_cost": 12.703948449707031, "noise_cost": 11.440020999866636, "n_waypoints_completed": 9, "tot_waypoints": 9}}
{"target": -171.63393354056237, "params": {"k_pid_pos": [1.587003921584435, 0.0120251972395582, 0.4276051436766137], "k_pid_alt": [1.937870512448274, 0.003522573379253725, 0.008383262985581756], "k_pid_att": [15.416413256017838, 0.19131034148288825, 0.3050740345895064], "k_pid_yaw": [0.5, 1e-06, 0.1], "k_pid_hsp": [0.204123184388828, 0.02423347491002062, 0.0], "k_pid_vsp": [320.90669756658684, 400.0, 0.9792434919349442]}, "datetime": {"datetime": "2025-08-21 16:12:52", "elapsed": 26888.58607196808, "delta": 16.545372247695923}, "costs": {"total_cost": 171.63393354056237, "time_cost": 68.56, "final_distance_cost": 1.837059195424269, "oscillation_cost": 30.62469793071606, "completition_cost": 0.0, "overshoot_cost": 49.35115024912773, "power_cost": 10.85860380859375, "noise_cost": 10.402422356700546, "n_waypoints_completed": 9, "tot_waypoints": 9}}
{"target": -176.34331641922992, "params": {"k_pid_pos": [1.5137315946449517, 0.022610755762068054, 1.0], "k_pid_alt": [1.6526452625230093, 0.0027042761024706776, 0.010678645823977933], "k_pid_att": [13.908070725524325, 0.13040444451048266, 0.3985862831915687], "k_pid_yaw": [0.5, 1e-06, 0.1], "k_pid_hsp": [0.14161200010824754, 0.018692032808830552, 0.0], "k_pid_vsp": [146.3424096569231, 216.60763771328595, 1.4812703923283272]}, "datetime": {"datetime": "2025-08-21 16:13:08", "elapsed": 26905.347630262375, "delta": 16.761558294296265}, "costs": {"total_cost": 176.34331641922992, "time_cost": 70.47200000000001, "final_distance_cost": 1.8404703881284812, "oscillation_cost": 26.80036500887389, "completition_cost": 0.0, "overshoot_cost": 50.44336623433916, "power_cost": 14.216067297363281, "noise_cost": 12.571047490525112, "n_waypoints_completed": 9, "tot_waypoints": 9}}
{"target": -173.09402793942738, "params": {"k_pid_pos": [1.6209092078877134, 0.018714407950692603, 0.6243969039443411], "k_pid_alt": [1.522552304088607, 0.00396782995293937, 0.006178479107094906], "k_pid_att": [14.510741375584653, 0.13711350437997555, 0.24605548468060348], "k_pid_yaw": [0.5, 1e-06, 0.1], "k_pid_hsp": [0.15146333597279502, 0.013502395758784903, 0.0], "k_pid_vsp": [204.82513057367873, 271.0019708482625, 1.383393351579625]}, "datetime": {"datetime": "2025-08-21 16:13:25", "elapsed": 26921.894499063492, "delta": 16.546868801116943}, "costs": {"total_cost": 173.09402793942738, "time_cost": 69.608, "final_distance_cost": 1.8123758634127163, "oscillation_cost": 28.639598014088737, "completition_cost": 0.0, "overshoot_cost": 50.12032416871327, "power_cost": 11.837904663085938, "noise_cost": 11.075825230126714, "n_waypoints_completed": 9, "tot_waypoints": 9}}
{"target": -180.23356612734656, "params": {"k_pid_pos": [2.0, 0.024366356773001224, 0.8296591175695868], "k_pid_alt": [1.1781986713769685, 0.003782292555660855, 0.007620621089863556], "k_pid_att": [17.095555459161854, 0.1751611987183025, 0.23771827572846083], "k_pid_yaw": [0.5, 1e-06, 0.1], "k_pid_hsp": [0.16973606656384263, 0.019376839865364634, 0.0], "k_pid_vsp": [230.04350688899936, 284.28062322059003, 1.3690511186000018]}, "datetime": {"datetime": "2025-08-21 16:13:42", "elapsed": 26938.567870616913, "delta": 16.67337155342102}, "costs": {"total_cost": 180.23356612734656, "time_cost": 69.792, "final_distance_cost": 1.8087114173499745, "oscillation_cost": 29.278804987273638, "completition_cost": 0.0, "overshoot_cost": 50.547919859051, "power_cost": 15.766114880371095, "noise_cost": 13.040014983300837, "n_waypoints_completed": 9, "tot_waypoints": 9}}
