{"target": -174.51423629717402, "params": {"k_pid_pos": [1.4795746695395373, 0.02491103821184441, 0.9900043288916178], "k_pid_alt": [1.2279026411449772, 0.00429751108258966, 0.011111932217762743], "k_pid_att": [15.07606748988509, 0.13483345506238986, 0.3238897058574328], "k_pid_yaw": [0.5, 1e-06, 0.1], "k_pid_hsp": [0.22743907121780108, 0.025027620749148077, 0.0], "k_pid_vsp": [207.87481596639887, 301.9936596893403, 1.476136603909292]}, "datetime": {"datetime": "2025-08-21 16:55:55", "elapsed": 29472.22250843048, "delta": 17.013162851333618}, "costs": {"total_cost": 174.51423629717402, "time_cost": 71.104, "final_distance_cost": 1.8457589107538075, "oscillation_cost": 28.461463903990715, "completition_cost": 0.0, "overshoot_cost": 49.76336017960626, "power_cost": 11.994091320800782, "noise_cost": 11.345561982022465, "n_waypoints_completed": 9, "tot_waypoints": 9}}
{"target": -192.55797047364015, "params": {"k_pid_pos": [1.587991559082979, 0.01643893326818097, 0.8618619576698343], "k_pid_alt": [1.844856474466993, 0.0024329905256403354, 0.012037807437016816], "k_pid_att": [8.920235879322076, 0.16371287127585082, 0.27055875592804707], "k_pid_yaw": [0.5, 1e-06, 0.1], "k_pid_hsp": [0.2237010642256448, 0.016248286483277464, 0.0], "k_pid_vsp": [210.6593476389412, 374.64450718094196, 1.0568569783256303]}, "datetime": {"datetime": "2025-08-21 16:56:12", "elapsed": 29489.44375014305, "delta": 17.22124171257019}, "costs": {"total_cost": 192.55797047364015, "time_cost": 71.2, "final_distance_cost": 1.8033985696493813, "oscillation_cost": 29.8976028301057, "completition_cost": 0.0, "overshoot_cost": 52.8654020830101, "power_cost": 18.024897717285157, "noise_cost": 18.766669273589837, "n_waypoints_completed": 9, "tot_waypoints": 9}}
{"target": -191.7601928945171, "params": {"k_pid_pos": [1.4742674004057044, 0.013315569152777406, 0.8053578026018426], "k_pid_alt": [1.8045802644196005, 0.0038130924041132642, 0.011118337225834002], "k_pid_att": [15.460535744536116, 0.1649802084702934, 0.26544896586160793], "k_pid_yaw": [0.5, 1e-06, 0.1], "k_pid_hsp": [0.22012172581320053, 0.019264530708054714, 0.0], "k_pid_vsp": [194.6699061822632, 307.9191653928378, 1.0352983967644211]}, "datetime": {"datetime": "2025-08-21 16:56:30", "elapsed": 29507.17856860161, "delta": 17.73481845855713}, "costs": {"total_cost": 191.7601928945171, "time_cost": 73.248, "final_distance_cost": 1.8514765909392725, "oscillation_cost": 29.168604689425074, "completition_cost": 0.0, "overshoot_cost": 52.8236128225475, "power_cost": 19.2355017578125, "noise_cost": 15.432997033792757, "n_waypoints_completed": 9, "tot_waypoints": 9}}
{"target": -170.23131255889407, "params": {"k_pid_pos": [1.5536417822316793, 0.017151537627859145, 0.7712263259689891], "k_pid_alt": [2.0, 0.003710604709044331, 0.009463548027156543], "k_pid_att": [14.046766541707598, 0.16992717888295714, 0.2303981528748763], "k_pid_yaw": [0.5, 1e-06, 0.1], "k_pid_hsp": [0.17971198540845168, 0.016609999790589705, 0.0], "k_pid_vsp": [256.64412116832267, 347.81819172511206, 0.9151915826713898]}, "datetime": {"datetime": "2025-08-21 16:56:51", "elapsed": 29527.61289215088, "delta": 20.43432354927063}, "costs": {"total_cost": 170.23131255889407, "time_cost": 69.70400000000001, "final_distance_cost": 1.832716779679204, "oscillation_cost": 27.704415610296014, "completition_cost": 0.0, "overshoot_cost": 50.17296867990106, "power_cost": 10.45016444091797, "noise_cost": 10.367047048099824, "n_waypoints_completed": 9, "tot_waypoints": 9}}
{"target": -169.95367104000016, "params": {"k_pid_pos": [2.0, 0.017893001045271875, 0.9661503116191313], "k_pid_alt": [1.6185635440223074, 0.0042279442221136755, 0.009005839611523623], "k_pid_att": [10.401000464607206, 0.18134410770643208, 0.20948289764281844], "k_pid_yaw": [0.5, 1e-06, 0.1], "k_pid_hsp": [0.18106696240719855, 0.011801975980122212, 0.0], "k_pid_vsp": [268.4492207117797, 289.7470296948334, 0.9705542328859718]}, "datetime": {"datetime": "2025-08-21 16:57:07", "elapsed": 29543.89608359337, "delta": 16.283191442489624}, "costs": {"total_cost": 169.95367104000016, "time_cost": 68.784, "final_distance_cost": 1.838541390421929, "oscillation_cost": 29.57596926596023, "completition_cost": 0.0, "overshoot_cost": 49.9557115336769, "power_cost": 9.868289282226563, "noise_cost": 9.931159567714566, "n_waypoints_completed": 9, "tot_waypoints": 9}}
{"target": -174.2835388621002, "params": {"k_pid_pos": [1.7572492238787667, 0.023116495110000492, 1.0], "k_pid_alt": [1.552821686486127, 0.003906658100485413, 0.010668901322517958], "k_pid_att": [10.02706952042424, 0.09719006338686455, 0.2746940792507883], "k_pid_yaw": [0.5, 1e-06, 0.1], "k_pid_hsp": [0.1972486668810912, 0.021267165434794743, 0.0], "k_pid_vsp": [221.61802254340876, 243.89797890635512, 1.0781746422670146]}, "datetime": {"datetime": "2025-08-21 16:57:25", "elapsed": 29562.08897805214, "delta": 18.192894458770752}, "costs": {"total_cost": 174.2835388621002, "time_cost": 69.70400000000001, "final_distance_cost": 1.842656234399111, "oscillation_cost": 28.507052361451443, "completition_cost": 0.0, "overshoot_cost": 50.095443017280544, "power_cost": 12.548098364257813, "noise_cost": 11.586288884711271, "n_waypoints_completed": 9, "tot_waypoints": 9}}
{"target": -169.87677592684545, "params": {"k_pid_pos": [1.6065266170369668, 0.015828460035885648, 1.0], "k_pid_alt": [1.2617490271194785, 0.0034800986323729782, 0.011490544921234497], "k_pid_att": [14.3894406238107, 0.15128496196392685, 0.2698929275893758], "k_pid_yaw": [0.5, 1e-06, 0.1], "k_pid_hsp": [0.16528356033004396, 0.022419691254545, 0.0], "k_pid_vsp": [214.01848952599042, 289.6601965467232, 0.8333736521875709]}, "datetime": {"datetime": "2025-08-21 16:57:41", "elapsed": 29577.823501110077, "delta": 15.734523057937622}, "costs": {"total_cost": 169.87677592684545, "time_cost": 70.0, "final_distance_cost": 1.8449533810940735, "oscillation_cost": 28.946505566573673, "completition_cost": 0.0, "overshoot_cost": 49.32802031585828, "power_cost": 9.664568225097657, "noise_cost": 10.092728438221728, "n_waypoints_completed": 9, "tot_waypoints": 9}}
{"target": -175.13102055573253, "params": {"k_pid_pos": [1.7745687022377516, 0.017462510632070678, 1.0], "k_pid_alt": [1.5529964598446375, 0.0029825897507675565, 0.008602231374914083], "k_pid_att": [12.517893850357437, 0.17646888802763408, 0.17567811883981435], "k_pid_yaw": [0.5, 1e-06, 0.1], "k_pid_hsp": [0.19660888811227226, 0.023793416165480766, 0.0], "k_pid_vsp": [213.61972095952945, 364.2098166293158, 0.993908669309768]}, "datetime": {"datetime": "2025-08-21 16:57:57", "elapsed": 29594.40685915947, "delta": 16.5833580493927}, "costs": {"total_cost": 175.13102055573253, "time_cost": 69.44, "final_distance_cost": 1.8397486341779627, "oscillation_cost": 29.34482246984964, "completition_cost": 0.0, "overshoot_cost": 50.0976411663417, "power_cost": 12.735502490234376, "noise_cost": 11.67330579512884, "n_waypoints_completed": 9, "tot_waypoints": 9}}
{"target": -177.39213972479968, "params": {"k_pid_pos": [2.0, 0.019513704069626544, 0.8446962596567825], "k_pid_alt": [2.0, 0.003063231258280926, 0.01000616706603072], "k_pid_att": [14.765586578800262, 0.10375187744324611, 0.32786901879045605], "k_pid_yaw": [0.5, 1e-06, 0.1], "k_pid_hsp": [0.15464295225782854, 0.027066058071420374, 0.0], "k_pid_vsp": [247.43629251501525, 356.41853655278413, 1.4036921710896824]}, "datetime": {"datetime": "2025-08-21 16:58:15", "elapsed": 29611.597338676453, "delta": 17.190479516983032}, "costs": {"total_cost": 177.39213972479968, "time_cost": 69.896, "final_distance_cost": 1.8267813276872613, "oscillation_cost": 29.816342431409367, "completition_cost": 0.0, "overshoot_cost": 50.63077237365107, "power_cost": 13.392918701171876, "noise_cost": 11.829324890880102, "n_waypoints_completed": 9, "tot_waypoints": 9}}
{"target": -168.27098807803415, "params": {"k_pid_pos": [1.985850469718155, 0.013578874543148498, 0.687571972983604], "k_pid_alt": [1.6947742301723208, 0.003334046370819292, 0.01327269003456024], "k_pid_att": [11.241583287297528, 0.18763596491818155, 0.38094638666202413], "k_pid_yaw": [0.5, 1e-06, 0.1], "k_pid_hsp": [0.2369409157673534, 0.009848938762018764, 0.0], "k_pid_vsp": [190.6961252274879, 241.03218872611646, 0.8768922858370108]}, "datetime": {"datetime": "2025-08-21 16:58:30", "elapsed": 29627.105380535126, "delta": 15.508041858673096}, "costs": {"total_cost": 168.27098807803415, "time_cost": 68.264, "final_distance_cost": 1.8114729538971022, "oscillation_cost": 30.598432640483367, "completition_cost": 0.0, "overshoot_cost": 49.67411778552678, "power_cost": 8.72221248779297, "noise_cost": 9.200752210333915, "n_waypoints_completed": 9, "tot_waypoints": 9}}
{"target": -177.23930359766283, "params": {"k_pid_pos": [2.0, 0.02053422364761927, 0.8998837957601132], "k_pid_alt": [1.8051875891685423, 0.003979340721877129, 0.013555463474976251], "k_pid_att": [11.280609203906778, 0.13575614929965898, 0.321412874397041], "k_pid_yaw": [0.5, 1e-06, 0.1], "k_pid_hsp": [0.25938099597225084, 0.030302208120966997, 0.0], "k_pid_vsp": [248.5968387181628, 333.73937880142654, 1.2592833671348365]}, "datetime": {"datetime": "2025-08-21 16:58:47", "elapsed": 29643.968715190887, "delta": 16.86333465576172}, "costs": {"total_cost": 177.23930359766283, "time_cost": 69.32000000000001, "final_distance_cost": 1.833486577560542, "oscillation_cost": 30.090623818817264, "completition_cost": 0.0, "overshoot_cost": 49.87651545036197, "power_cost": 13.884712707519531, "noise_cost": 12.233965043403522, "n_waypoints_completed": 9, "tot_waypoints": 9}}
{"target": -167.3308296222429, "params": {"k_pid_pos": [2.0, 0.015233919115979036, 0.8395110323900902], "k_pid_alt": [1.5911464182966357, 0.003471951751380035, 0.016518838411406032], "k_pid_att": [12.236632247391036, 0.13703894642312722, 0.32468026257079063], "k_pid_yaw": [0.5, 1e-06, 0.1], "k_pid_hsp": [0.11289158974951863, 0.019804035787980352, 0.0], "k_pid_vsp": [179.65096841694313, 366.96975538948186, 0.798065189671247]}, "datetime": {"datetime": "2025-08-21 16:59:03", "elapsed": 29659.508396863937, "delta": 15.539681673049927}, "costs": {"total_cost": 167.3308296222429, "time_cost": 68.536, "final_distance_cost": 1.811409314823779, "oscillation_cost": 30.910035911189308, "completition_cost": 0.0, "overshoot_cost": 49.42407146994303, "power_cost": 7.941860644531251, "noise_cost": 8.707452281755506, "n_waypoints_completed": 9, "tot_waypoints": 9}}
{"target": -181.95988605617387, "params": {"k_pid_pos": [1.86995654078104, 0.024536502996255805, 1.0], "k_pid_alt": [1.639202338177774, 0.002047276515216533, 0.00920356708071452], "k_pid_att": [13.093251111878464, 0.21579653885056072, 0.2556480414215919], "k_pid_yaw": [0.5, 1e-06, 0.1], "k_pid_hsp": [0.26352430595105114, 0.025737775395122, 0.0], "k_pid_vsp": [214.80808610217647, 294.97874114931204, 0.7831209947801372]}, "datetime": {"datetime": "2025-08-21 16:59:21", "elapsed": 29677.841437101364, "delta": 18.333040237426758}, "costs": {"total_cost": 181.95988605617387, "time_cost": 70.752, "final_distance_cost": 1.83504352573878, "oscillation_cost": 31.294533739360116, "completition_cost": 0.0, "overshoot_cost": 50.2566571954296, "power_cost": 15.020449414062501, "noise_cost": 12.801202181582857, "n_waypoints_completed": 9, "tot_waypoints": 9}}
{"target": -175.5876503343198, "params": {"k_pid_pos": [2.0, 0.016982031657120786, 0.5174573272236883], "k_pid_alt": [1.8478518029700897, 0.00395581404332334, 0.013624080585781032], "k_pid_att": [18.18585861127368, 0.15052580128049278, 0.36055550184227236], "k_pid_yaw": [0.5, 1e-06, 0.1], "k_pid_hsp": [0.1793845316534692, 0.012630303285394473, 0.0], "k_pid_vsp": [212.78697435587924, 350.19314576160747, 1.1056853999222822]}, "datetime": {"datetime": "2025-08-21 16:59:37", "elapsed": 29693.591499567032, "delta": 15.750062465667725}, "costs": {"total_cost": 175.5876503343198, "time_cost": 68.624, "final_distance_cost": 1.8020265185583808, "oscillation_cost": 31.18018667163746, "completition_cost": 0.0, "overshoot_cost": 49.930000535227904, "power_cost": 12.710736584472658, "noise_cost": 11.340700024423363, "n_waypoints_completed": 9, "tot_waypoints": 9}}
{"target": -180.09216944166874, "params": {"k_pid_pos": [1.1888687482645885, 0.022931965178206393, 0.7224311597781096], "k_pid_alt": [1.5647192638646767, 0.004000389040968347, 0.01495215014214693], "k_pid_att": [16.236081703527244, 0.14701071819683095, 0.2850265348704381], "k_pid_yaw": [0.5, 1e-06, 0.1], "k_pid_hsp": [0.20232189281013058, 0.02455545201156113, 0.0], "k_pid_vsp": [249.58099548580824, 199.57894822629518, 1.0515934248272314]}, "datetime": {"datetime": "2025-08-21 16:59:55", "elapsed": 29711.69067811966, "delta": 18.099178552627563}, "costs": {"total_cost": 180.09216944166874, "time_cost": 71.544, "final_distance_cost": 1.8489337329770539, "oscillation_cost": 26.832747009252735, "completition_cost": 0.0, "overshoot_cost": 50.318607487388654, "power_cost": 15.653560278320313, "noise_cost": 13.89432093372998, "n_waypoints_completed": 9, "tot_waypoints": 9}}
{"target": -172.40777746277865, "params": {"k_pid_pos": [1.8423183224286312, 0.023194133193433265, 0.5027801168817208], "k_pid_alt": [1.7302568974937156, 0.005313874173011046, 0.011805252366991134], "k_pid_att": [13.730675741941452, 0.15153539761272286, 0.3186079417964544], "k_pid_yaw": [0.5, 1e-06, 0.1], "k_pid_hsp": [0.26307183004028695, 0.021655926650551844, 0.0], "k_pid_vsp": [264.55013588259476, 227.29654934957463, 0.6012282016767457]}, "datetime": {"datetime": "2025-08-21 17:00:12", "elapsed": 29728.567745685577, "delta": 16.87706756591797}, "costs": {"total_cost": 172.40777746277865, "time_cost": 68.464, "final_distance_cost": 1.8094772987811818, "oscillation_cost": 30.786510104389368, "completition_cost": 0.0, "overshoot_cost": 49.42215121665822, "power_cost": 11.278472851562501, "noise_cost": 10.64716599138739, "n_waypoints_completed": 9, "tot_waypoints": 9}}
{"target": -174.2824341487432, "params": {"k_pid_pos": [1.899509854389531, 0.016105337706095083, 0.7211057901473902], "k_pid_alt": [1.524342208037498, 0.00374461051236253, 0.010792839775007538], "k_pid_att": [13.6480938135304, 0.2608097618712926, 0.33323321997779837], "k_pid_yaw": [0.5, 1e-06, 0.1], "k_pid_hsp": [0.12359161544169077, 0.021462787024764358, 0.0], "k_pid_vsp": [219.33071720929195, 340.51336090150886, 1.3027519383140642]}, "datetime": {"datetime": "2025-08-21 17:00:27", "elapsed": 29744.44611811638, "delta": 15.878372430801392}, "costs": {"total_cost": 174.2824341487432, "time_cost": 68.848, "final_distance_cost": 1.8017156036493578, "oscillation_cost": 30.92331570890217, "completition_cost": 0.0, "overshoot_cost": 50.10712277085992, "power_cost": 11.772472619628907, "noise_cost": 10.829807445702858, "n_waypoints_completed": 9, "tot_waypoints": 9}}
{"target": -178.2839145894008, "params": {"k_pid_pos": [2.0, 0.02108107827310393, 0.4912981506609868], "k_pid_alt": [1.8925070357728544, 0.003969392443180525, 0.009916857974072971], "k_pid_att": [8.94792023309499, 0.16628448675257812, 0.20569631419994963], "k_pid_yaw": [0.5, 1e-06, 0.1], "k_pid_hsp": [0.25337985678872155, 0.030109878934877977, 0.0], "k_pid_vsp": [359.9906945258978, 286.77501767276834, 1.160445374792512]}, "datetime": {"datetime": "2025-08-21 17:00:45", "elapsed": 29761.891573429108, "delta": 17.445455312728882}, "costs": {"total_cost": 178.2839145894008, "time_cost": 69.08, "final_distance_cost": 1.795228066687753, "oscillation_cost": 31.61243702504775, "completition_cost": 0.0, "overshoot_cost": 50.67431869933398, "power_cost": 13.490833032226563, "noise_cost": 11.631097766104764, "n_waypoints_completed": 9, "tot_waypoints": 9}}
{"target": -172.19572630490336, "params": {"k_pid_pos": [1.488256285181909, 0.02669140954117864, 0.7990168607714404], "k_pid_alt": [1.7353244879476797, 0.003275967594918537, 0.014105975221701927], "k_pid_att": [14.946541530694283, 0.1925690065806176, 0.2862941322798978], "k_pid_yaw": [0.5, 1e-06, 0.1], "k_pid_hsp": [0.2126018717925793, 0.019197017946989206, 0.0], "k_pid_vsp": [227.0309070963508, 165.07326839131096, 0.8324795348410143]}, "datetime": {"datetime": "2025-08-21 17:01:01", "elapsed": 29778.014100313187, "delta": 16.12252688407898}, "costs": {"total_cost": 172.19572630490336, "time_cost": 69.96000000000001, "final_distance_cost": 1.841761548687835, "oscillation_cost": 27.59154102830141, "completition_cost": 0.0, "overshoot_cost": 50.03261604437959, "power_cost": 11.700425903320314, "noise_cost": 11.069381780214187, "n_waypoints_completed": 9, "tot_waypoints": 9}}
{"target": -174.9371763840223, "params": {"k_pid_pos": [1.8440257716468438, 0.023309122566201945, 0.9853998368879481], "k_pid_alt": [1.7325040659698736, 0.0038785372780075398, 0.012012066535712606], "k_pid_att": [11.045568720786838, 0.15961724842152003, 0.34045695507573054], "k_pid_yaw": [0.5, 1e-06, 0.1], "k_pid_hsp": [0.18509244159735724, 0.025881030642528318, 0.0], "k_pid_vsp": [230.0832425892099, 366.2654319198171, 1.4065009435428657]}, "datetime": {"datetime": "2025-08-21 17:01:19", "elapsed": 29796.11658525467, "delta": 18.102484941482544}, "costs": {"total_cost": 174.9371763840223, "time_cost": 69.488, "final_distance_cost": 1.8413530543158318, "oscillation_cost": 29.4215213945353, "completition_cost": 0.0, "overshoot_cost": 49.51975937111774, "power_cost": 12.719017297363282, "noise_cost": 11.94752526669016, "n_waypoints_completed": 9, "tot_waypoints": 9}}
{"target": -170.706671708286, "params": {"k_pid_pos": [2.0, 0.019735592365895654, 0.8816190745930371], "k_pid_alt": [1.8938772107796111, 0.0044892367573813085, 0.011187654324625951], "k_pid_att": [11.7458738527288, 0.16748729364987416, 0.08667307812096729], "k_pid_yaw": [0.5, 1e-06, 0.1], "k_pid_hsp": [0.1932463010486155, 0.023258183778232244, 0.0], "k_pid_vsp": [255.23467248247448, 293.6542175628371, 1.0900288716029989]}, "datetime": {"datetime": "2025-08-21 17:01:35", "elapsed": 29811.70885491371, "delta": 15.592269659042358}, "costs": {"total_cost": 170.706671708286, "time_cost": 68.944, "final_distance_cost": 1.839885065325447, "oscillation_cost": 30.21897927133248, "completition_cost": 0.0, "overshoot_cost": 49.71748504868572, "power_cost": 9.999142980957032, "noise_cost": 9.987179341985327, "n_waypoints_completed": 9, "tot_waypoints": 9}}
{"target": -165.78860125100303, "params": {"k_pid_pos": [2.0, 0.019940814845678726, 1.0], "k_pid_alt": [2.0, 0.0018795894090451227, 0.011641990605124662], "k_pid_att": [12.588384882601474, 0.167816577196473, 0.2344006109032767], "k_pid_yaw": [0.5, 1e-06, 0.1], "k_pid_hsp": [0.1649857243341533, 0.019197436714418953, 0.0], "k_pid_vsp": [297.19687809218976, 287.39814167755986, 1.3242797493385539]}, "datetime": {"datetime": "2025-08-21 17:01:51", "elapsed": 29828.272505521774, "delta": 16.563650608062744}, "costs": {"total_cost": 165.78860125100303, "time_cost": 68.60000000000001, "final_distance_cost": 1.8315573725161745, "oscillation_cost": 29.835891116879427, "completition_cost": 0.0, "overshoot_cost": 49.34171365329888, "power_cost": 7.4944166015625004, "noise_cost": 8.685022506746042, "n_waypoints_completed": 9, "tot_waypoints": 9}}
{"target": -167.12122500137306, "params": {"k_pid_pos": [1.8151101508348002, 0.01668415685151452, 0.8353578308876403], "k_pid_alt": [1.7629864392106895, 0.0029894905678526534, 0.01432848187515571], "k_pid_att": [13.164161162731036, 0.2450484821399904, 0.22686497823607357], "k_pid_yaw": [0.5, 1e-06, 0.1], "k_pid_hsp": [0.16037011980016727, 0.024325279965415236, 0.0], "k_pid_vsp": [306.3815297150185, 229.96290499120164, 0.8821536875470928]}, "datetime": {"datetime": "2025-08-21 17:02:07", "elapsed": 29843.94050168991, "delta": 15.667996168136597}, "costs": {"total_cost": 167.12122500137306, "time_cost": 68.512, "final_distance_cost": 1.8314933857750235, "oscillation_cost": 30.30432805265891, "completition_cost": 0.0, "overshoot_cost": 49.295011696997975, "power_cost": 8.219597070312501, "noise_cost": 8.95879479562867, "n_waypoints_completed": 9, "tot_waypoints": 9}}
{"target": -173.14681468770004, "params": {"k_pid_pos": [1.8826123204539937, 0.02490708420643582, 0.5196473380880878], "k_pid_alt": [1.423871545246125, 0.004474823899530321, 0.009593521572090338], "k_pid_att": [13.196410637158285, 0.22771364565549046, 0.27983701016667567], "k_pid_yaw": [0.5, 1e-06, 0.1], "k_pid_hsp": [0.22431200296044373, 0.01793703529973169, 0.0], "k_pid_vsp": [363.1027864360794, 293.2010887713465, 1.2868343895335244]}, "datetime": {"datetime": "2025-08-21 17:02:24", "elapsed": 29860.928763628006, "delta": 16.988261938095093}, "costs": {"total_cost": 173.14681468770004, "time_cost": 68.656, "final_distance_cost": 1.8220231151669344, "oscillation_cost": 30.472307937200213, "completition_cost": 0.0, "overshoot_cost": 50.167969946694186, "power_cost": 11.44376405029297, "noise_cost": 10.584749638345757, "n_waypoints_completed": 9, "tot_waypoints": 9}}
{"target": -180.70697302614013, "params": {"k_pid_pos": [1.620724760758561, 0.012253486873912195, 0.8523512346860979], "k_pid_alt": [1.8803644193271254, 0.002453570754435142, 0.011942354330807793], "k_pid_att": [11.983708379141383, 0.1796860732329825, 0.2134610391033701], "k_pid_yaw": [0.5, 1e-06, 0.1], "k_pid_hsp": [0.21122629943881144, 0.023698587744834035, 0.0], "k_pid_vsp": [181.0313573689939, 281.1172543291056, 1.1111435550680808]}, "datetime": {"datetime": "2025-08-21 17:02:41", "elapsed": 29877.81867337227, "delta": 16.889909744262695}, "costs": {"total_cost": 180.70697302614013, "time_cost": 70.248, "final_distance_cost": 1.8478800202393628, "oscillation_cost": 29.99936794389102, "completition_cost": 0.0, "overshoot_cost": 50.59914406878722, "power_cost": 15.019568884277344, "noise_cost": 12.993012108945223, "n_waypoints_completed": 9, "tot_waypoints": 9}}
