{"target": -171.46803592753056, "params": {"k_pid_pos": [2.0, 0.012304736528435866, 0.9499074350833335], "k_pid_alt": [2.0, 0.003110303777572108, 0.015106398812588134], "k_pid_att": [17.661548733118117, 0.22927232949251541, 0.3506299439105341], "k_pid_yaw": [0.5, 1e-06, 0.1], "k_pid_hsp": [0.1924937250109892, 0.017500154305122945, 0.0], "k_pid_vsp": [319.49630921736417, 263.3478133581, 1.1794406021034842]}, "datetime": {"datetime": "2025-08-21 17:16:50", "elapsed": 30726.96298122406, "delta": 16.904475212097168}, "costs": {"total_cost": 171.46803592753056, "time_cost": 69.28, "final_distance_cost": 1.8286250266194046, "oscillation_cost": 29.17568375175809, "completition_cost": 0.0, "overshoot_cost": 50.04190757959645, "power_cost": 10.66212049560547, "noise_cost": 10.479699073951126, "n_waypoints_completed": 9, "tot_waypoints": 9}}
{"target": -236.00516967116118, "params": {"k_pid_pos": [2.0, 0.020801447666287526, 0.6027762353532721], "k_pid_alt": [1.851218327708876, 0.0032792232523691576, 0.014735692874980305], "k_pid_att": [12.761630939832358, 0.140595459391604, 0.21778887436156036], "k_pid_yaw": [0.5, 1e-06, 0.1], "k_pid_hsp": [0.16242751097500494, 0.020025924382999757, 0.0], "k_pid_vsp": [234.24601302065366, 287.0706485265318, 1.2629374464003418]}, "datetime": {"datetime": "2025-08-21 17:17:10", "elapsed": 30747.31933259964, "delta": 20.356351375579834}, "costs": {"total_cost": 236.00516967116118, "time_cost": 89.84, "final_distance_cost": 1.778351194335957, "oscillation_cost": 34.43705089860639, "completition_cost": 0.0, "overshoot_cost": 61.05986514073197, "power_cost": 25.056017443847658, "noise_cost": 23.833884993639202, "n_waypoints_completed": 9, "tot_waypoints": 9}}
{"target": -172.53392004266976, "params": {"k_pid_pos": [1.7514691661756832, 0.010438037359394517, 0.6291679678242094], "k_pid_alt": [2.0, 0.0030780553925140674, 0.012806030772518068], "k_pid_att": [15.566529117074849, 0.16006233749752655, 0.2977789934499353], "k_pid_yaw": [0.5, 1e-06, 0.1], "k_pid_hsp": [0.18615504608601466, 0.02627818116761339, 0.0], "k_pid_vsp": [203.03526975646844, 174.71607149827366, 1.259817861071333]}, "datetime": {"datetime": "2025-08-21 17:17:27", "elapsed": 30764.24258160591, "delta": 16.923249006271362}, "costs": {"total_cost": 172.53392004266976, "time_cost": 69.408, "final_distance_cost": 1.822671504344758, "oscillation_cost": 29.793273304251482, "completition_cost": 0.0, "overshoot_cost": 49.80444294561852, "power_cost": 11.080202758789063, "noise_cost": 10.625329529665933, "n_waypoints_completed": 9, "tot_waypoints": 9}}
{"target": -170.15460414379157, "params": {"k_pid_pos": [1.6741245696931488, 0.015161083321300338, 0.8854099870156161], "k_pid_alt": [1.8434198889902789, 0.003064093171404369, 0.011326584220308493], "k_pid_att": [11.061166783500047, 0.13811234017127375, 0.3180959961015712], "k_pid_yaw": [0.5, 1e-06, 0.1], "k_pid_hsp": [0.2577572339423262, 0.027621323883212506, 0.0], "k_pid_vsp": [299.104998247276, 199.91381272409572, 1.2027312803603414]}, "datetime": {"datetime": "2025-08-21 17:17:43", "elapsed": 30780.333243131638, "delta": 16.09066152572632}, "costs": {"total_cost": 170.15460414379157, "time_cost": 69.264, "final_distance_cost": 1.8444846543059037, "oscillation_cost": 29.333190043072786, "completition_cost": 0.0, "overshoot_cost": 50.09960968970352, "power_cost": 9.652528015136719, "noise_cost": 9.960791741572656, "n_waypoints_completed": 9, "tot_waypoints": 9}}
{"target": -181.6469358021499, "params": {"k_pid_pos": [2.0, 0.016103759542823722, 0.8421458584443023], "k_pid_alt": [1.6578735142623406, 0.003548110882932385, 0.011161335074725281], "k_pid_att": [8.539516188341196, 0.1629369905620415, 0.3328290565182824], "k_pid_yaw": [0.5, 1e-06, 0.1], "k_pid_hsp": [0.19291605407178739, 0.019821408336359394, 0.0], "k_pid_vsp": [326.618482275654, 171.5459569535537, 0.9630171158569306]}, "datetime": {"datetime": "2025-08-21 17:18:00", "elapsed": 30796.877816677094, "delta": 16.544573545455933}, "costs": {"total_cost": 181.6469358021499, "time_cost": 69.76, "final_distance_cost": 1.8374053054907578, "oscillation_cost": 30.40304128263388, "completition_cost": 0.0, "overshoot_cost": 50.53842585437142, "power_cost": 15.966523950195313, "noise_cost": 13.14153940945853, "n_waypoints_completed": 9, "tot_waypoints": 9}}
{"target": -171.52999557050947, "params": {"k_pid_pos": [1.9256213720300241, 0.012539562656376948, 0.6822134826285295], "k_pid_alt": [1.5203184690804292, 0.0026023537946344953, 0.012991013903450074], "k_pid_att": [10.4701743790998, 0.16515897542437807, 0.4737382910748042], "k_pid_yaw": [0.5, 1e-06, 0.1], "k_pid_hsp": [0.15885275988429667, 0.013463737481386016, 0.0], "k_pid_vsp": [251.4128125646904, 231.46878972162077, 1.1764918736271333]}, "datetime": {"datetime": "2025-08-21 17:18:17", "elapsed": 30813.870942115784, "delta": 16.993125438690186}, "costs": {"total_cost": 171.52999557050947, "time_cost": 68.816, "final_distance_cost": 1.813616906578952, "oscillation_cost": 30.003115770205266, "completition_cost": 0.0, "overshoot_cost": 49.553498918406405, "power_cost": 10.939021472167969, "noise_cost": 10.404742503150851, "n_waypoints_completed": 9, "tot_waypoints": 9}}
{"target": -169.7910926417219, "params": {"k_pid_pos": [1.3990818743393059, 0.02066945471119684, 0.7351979477358596], "k_pid_alt": [1.8256956077867503, 0.0036824523351345895, 0.01415282790241966], "k_pid_att": [12.454509567535744, 0.1605122923595201, 0.2542025719061842], "k_pid_yaw": [0.5, 1e-06, 0.1], "k_pid_hsp": [0.19138225920714533, 0.014699916116605963, 0.0], "k_pid_vsp": [277.4703456391899, 342.7066922876661, 0.7808843520626656]}, "datetime": {"datetime": "2025-08-21 17:18:33", "elapsed": 30829.512830734253, "delta": 15.641888618469238}, "costs": {"total_cost": 169.7910926417219, "time_cost": 69.512, "final_distance_cost": 1.843875409422807, "oscillation_cost": 27.755573964456694, "completition_cost": 0.0, "overshoot_cost": 49.79038357229469, "power_cost": 10.358443835449219, "noise_cost": 10.530815860098492, "n_waypoints_completed": 9, "tot_waypoints": 9}}
{"target": -170.35751152985227, "params": {"k_pid_pos": [1.3560461599418767, 0.013484657171391431, 1.0], "k_pid_alt": [2.0, 0.002475230018257708, 0.013657738376707982], "k_pid_att": [14.70485956479754, 0.22591260501642693, 0.28393457121549065], "k_pid_yaw": [0.5, 1e-06, 0.1], "k_pid_hsp": [0.25664214564916893, 0.021768972330019034, 0.0], "k_pid_vsp": [325.7614182645929, 213.50286079523198, 1.0683950344710254]}, "datetime": {"datetime": "2025-08-21 17:18:50", "elapsed": 30847.209671020508, "delta": 17.696840286254883}, "costs": {"total_cost": 170.35751152985227, "time_cost": 72.304, "final_distance_cost": 1.8517160353374817, "oscillation_cost": 28.178298668298897, "completition_cost": 0.0, "overshoot_cost": 49.708282790841366, "power_cost": 8.528303869628907, "noise_cost": 9.786910165745631, "n_waypoints_completed": 9, "tot_waypoints": 9}}
{"target": -179.15763096628464, "params": {"k_pid_pos": [1.2338330413111191, 0.010630396786130168, 0.6617801348383774], "k_pid_alt": [1.055684131689096, 0.00328359704591858, 0.01498571789520795], "k_pid_att": [13.058764764755958, 0.1948105941900972, 0.270526449676981], "k_pid_yaw": [0.5, 1e-06, 0.1], "k_pid_hsp": [0.20648356846687857, 0.014371116253348165, 0.0], "k_pid_vsp": [265.046460109753, 299.7027788799746, 0.9882607021344888]}, "datetime": {"datetime": "2025-08-21 17:19:06", "elapsed": 30863.1856071949, "delta": 15.9759361743927}, "costs": {"total_cost": 179.15763096628464, "time_cost": 71.48, "final_distance_cost": 1.8442809778829008, "oscillation_cost": 27.027501490311213, "completition_cost": 0.0, "overshoot_cost": 50.45039727880988, "power_cost": 15.14443035888672, "noise_cost": 13.21102086039391, "n_waypoints_completed": 9, "tot_waypoints": 9}}
{"target": -177.32777602618566, "params": {"k_pid_pos": [1.8300597720445457, 0.010144214423945938, 0.8119563950331111], "k_pid_alt": [1.8235930095611483, 0.0035335100844679102, 0.011651819852489219], "k_pid_att": [11.442064700879504, 0.19705671161035584, 0.4046838734123777], "k_pid_yaw": [0.5, 1e-06, 0.1], "k_pid_hsp": [0.13834552703161002, 0.01941124733901534, 0.0], "k_pid_vsp": [272.14235703188547, 152.8679390153142, 1.4741130768094017]}, "datetime": {"datetime": "2025-08-21 17:19:23", "elapsed": 30880.238790988922, "delta": 17.053183794021606}, "costs": {"total_cost": 177.32777602618566, "time_cost": 69.856, "final_distance_cost": 1.8451171182863344, "oscillation_cost": 29.283859589286994, "completition_cost": 0.0, "overshoot_cost": 50.248748537534006, "power_cost": 13.842982250976563, "noise_cost": 12.25106853010176, "n_waypoints_completed": 9, "tot_waypoints": 9}}
{"target": -176.56754675257656, "params": {"k_pid_pos": [1.3089321710665682, 0.012474370070772622, 0.9559734134837333], "k_pid_alt": [1.7369613140994138, 0.00368257226896916, 0.013396225482833972], "k_pid_att": [14.132697418032066, 0.19543897002495136, 0.3343282449240312], "k_pid_yaw": [0.5, 1e-06, 0.1], "k_pid_hsp": [0.17245129746702814, 0.016885218852512044, 0.0], "k_pid_vsp": [226.1582989703181, 202.23311561514348, 1.076563356541816]}, "datetime": {"datetime": "2025-08-21 17:19:40", "elapsed": 30897.343319177628, "delta": 17.104528188705444}, "costs": {"total_cost": 176.56754675257656, "time_cost": 71.872, "final_distance_cost": 1.8522184807575448, "oscillation_cost": 26.96513866732939, "completition_cost": 0.0, "overshoot_cost": 50.42281063392572, "power_cost": 13.097323803710939, "noise_cost": 12.358055166852989, "n_waypoints_completed": 9, "tot_waypoints": 9}}
{"target": -189.19243963747732, "params": {"k_pid_pos": [2.0, 0.012469764896283564, 0.626462442345849], "k_pid_alt": [1.8832580854353227, 0.00351978627613311, 0.014739448442218245], "k_pid_att": [11.422839879857385, 0.21038003862066326, 0.31844414971709895], "k_pid_yaw": [0.5, 1e-06, 0.1], "k_pid_hsp": [0.15484246658525583, 0.022069619435604173, 0.0], "k_pid_vsp": [229.29934864355792, 303.3452708745967, 1.4555447499484384]}, "datetime": {"datetime": "2025-08-21 17:19:58", "elapsed": 30914.745719194412, "delta": 17.402400016784668}, "costs": {"total_cost": 189.19243963747732, "time_cost": 70.70400000000001, "final_distance_cost": 1.8216282709081921, "oscillation_cost": 33.45992531323187, "completition_cost": 0.0, "overshoot_cost": 51.80413177483539, "power_cost": 17.64439168701172, "noise_cost": 13.758362591490128, "n_waypoints_completed": 9, "tot_waypoints": 9}}
{"target": -175.6204187115267, "params": {"k_pid_pos": [1.4380323269118425, 0.012747913585255502, 0.9471493394878733], "k_pid_alt": [1.7473619806201282, 0.0030037412503425287, 0.012544774799761205], "k_pid_att": [13.364214902685296, 0.14005476927333316, 0.23260616530591746], "k_pid_yaw": [0.5, 1e-06, 0.1], "k_pid_hsp": [0.17536620512323095, 0.024845792773114855, 0.0], "k_pid_vsp": [189.2840620453752, 258.26340329197467, 1.561840601702343]}, "datetime": {"datetime": "2025-08-21 17:20:15", "elapsed": 30931.658080101013, "delta": 16.912360906600952}, "costs": {"total_cost": 175.6204187115267, "time_cost": 70.552, "final_distance_cost": 1.8481735093621847, "oscillation_cost": 27.751210293163478, "completition_cost": 0.0, "overshoot_cost": 50.31675767102885, "power_cost": 13.125386267089844, "noise_cost": 12.026890970882334, "n_waypoints_completed": 9, "tot_waypoints": 9}}
{"target": -177.78214858193786, "params": {"k_pid_pos": [2.0, 0.012057065405817415, 0.42187431448077967], "k_pid_alt": [1.7390135157027666, 0.002524304151075591, 0.011167030164530316], "k_pid_att": [12.655857555902733, 0.19894708920483695, 0.2477403927700692], "k_pid_yaw": [0.5, 1e-06, 0.1], "k_pid_hsp": [0.19918359989943477, 0.02306563992936214, 0.0], "k_pid_vsp": [234.9160767170681, 271.29701112079755, 1.5003415307497887]}, "datetime": {"datetime": "2025-08-21 17:20:30", "elapsed": 30947.4296374321, "delta": 15.771557331085205}, "costs": {"total_cost": 177.78214858193786, "time_cost": 69.032, "final_distance_cost": 1.7977041488578769, "oscillation_cost": 31.93582598863574, "completition_cost": 0.0, "overshoot_cost": 50.16563668607503, "power_cost": 13.325892871093751, "noise_cost": 11.525088887275473, "n_waypoints_completed": 9, "tot_waypoints": 9}}
{"target": -176.30723683118595, "params": {"k_pid_pos": [1.6919017540269807, 0.015193832965956734, 0.7867815071998674], "k_pid_alt": [1.7879772535231788, 0.003771467008937768, 0.01316694441047149], "k_pid_att": [13.230948015152903, 0.17824966207312729, 0.1728005390502503], "k_pid_yaw": [0.5, 1e-06, 0.1], "k_pid_hsp": [0.19104495478625183, 0.01782537728438258, 0.0], "k_pid_vsp": [223.96366253950669, 255.11210154601952, 1.121938927551868]}, "datetime": {"datetime": "2025-08-21 17:20:47", "elapsed": 30964.30483198166, "delta": 16.875194549560547}, "costs": {"total_cost": 176.30723683118595, "time_cost": 69.68, "final_distance_cost": 1.842766863719273, "oscillation_cost": 28.756483151019843, "completition_cost": 0.0, "overshoot_cost": 50.244630180443046, "power_cost": 13.680788293457033, "noise_cost": 12.10256834254676, "n_waypoints_completed": 9, "tot_waypoints": 9}}
{"target": -175.8257337273652, "params": {"k_pid_pos": [2.0, 0.013611405408054477, 0.8823669656000508], "k_pid_alt": [1.9062946347002552, 0.002781196733796263, 0.014968232501173495], "k_pid_att": [11.828119490574124, 0.15874417767799684, 0.3622869638611354], "k_pid_yaw": [0.5, 1e-06, 0.1], "k_pid_hsp": [0.18692530856979805, 0.023815798512309517, 0.0], "k_pid_vsp": [280.36007273568396, 234.39215776437845, 0.9506100535834651]}, "datetime": {"datetime": "2025-08-21 17:21:03", "elapsed": 30980.071305274963, "delta": 15.766473293304443}, "costs": {"total_cost": 175.8257337273652, "time_cost": 69.48, "final_distance_cost": 1.8356147541100023, "oscillation_cost": 29.72701509538031, "completition_cost": 0.0, "overshoot_cost": 50.12983234879601, "power_cost": 13.011881848144531, "noise_cost": 11.641389680934333, "n_waypoints_completed": 9, "tot_waypoints": 9}}
{"target": -175.52214116605273, "params": {"k_pid_pos": [2.0, 0.010375992762133588, 0.9807600029772038], "k_pid_alt": [1.900253876563374, 0.0035006995613090634, 0.011651171955491167], "k_pid_att": [10.75110316230674, 0.2063827092775952, 0.3411225581857959], "k_pid_yaw": [0.5, 1e-06, 0.1], "k_pid_hsp": [0.18795838780807161, 0.02502714647324239, 0.0], "k_pid_vsp": [219.31746519440227, 202.50528894709404, 0.9942583874746954]}, "datetime": {"datetime": "2025-08-21 17:21:20", "elapsed": 30996.967009067535, "delta": 16.89570379257202}, "costs": {"total_cost": 175.52214116605273, "time_cost": 69.728, "final_distance_cost": 1.8346725101475736, "oscillation_cost": 29.520648611190705, "completition_cost": 0.0, "overshoot_cost": 50.45278363284069, "power_cost": 12.638919628906251, "noise_cost": 11.347116782967523, "n_waypoints_completed": 9, "tot_waypoints": 9}}
{"target": -177.40581005255962, "params": {"k_pid_pos": [1.799310192497238, 0.013867618162812248, 0.7964701647521387], "k_pid_alt": [1.6791671497533305, 0.003369112479687832, 0.012032686298134457], "k_pid_att": [11.516822257392297, 0.16294454431896466, 0.25748985984277234], "k_pid_yaw": [0.5, 1e-06, 0.1], "k_pid_hsp": [0.20209922658495483, 0.022997808347488078, 0.0], "k_pid_vsp": [240.21227024624204, 219.2393561925234, 1.4194901526504846]}, "datetime": {"datetime": "2025-08-21 17:21:37", "elapsed": 31013.74674320221, "delta": 16.779734134674072}, "costs": {"total_cost": 177.40581005255962, "time_cost": 70.0, "final_distance_cost": 1.8305628194639407, "oscillation_cost": 29.74307961383879, "completition_cost": 0.0, "overshoot_cost": 49.996036458265706, "power_cost": 13.778070996093751, "noise_cost": 12.058060164897423, "n_waypoints_completed": 9, "tot_waypoints": 9}}
{"target": -173.86326948776957, "params": {"k_pid_pos": [1.7562943291168989, 0.013884534277640978, 0.7472999409118639], "k_pid_alt": [2.0, 0.003568824275886468, 0.011239521811379952], "k_pid_att": [14.653566708988967, 0.1867994450610855, 0.19978703008700652], "k_pid_yaw": [0.5, 1e-06, 0.1], "k_pid_hsp": [0.168128766060904, 0.012721034711523338, 0.0], "k_pid_vsp": [230.4462272034681, 210.7239733715957, 1.1905322369353921]}, "datetime": {"datetime": "2025-08-21 17:21:53", "elapsed": 31030.404078006744, "delta": 16.657334804534912}, "costs": {"total_cost": 173.86326948776957, "time_cost": 69.792, "final_distance_cost": 1.8226696490849499, "oscillation_cost": 28.283479512612267, "completition_cost": 0.0, "overshoot_cost": 50.59021840280141, "power_cost": 12.139495629882813, "noise_cost": 11.235406293388126, "n_waypoints_completed": 9, "tot_waypoints": 9}}
{"target": -173.54072758313788, "params": {"k_pid_pos": [1.7718094726728264, 0.010745205748711274, 0.9299373518263229], "k_pid_alt": [2.0, 0.0022496969807851166, 0.01287231465730411], "k_pid_att": [10.888343887204684, 0.19981199024781407, 0.31489956808489333], "k_pid_yaw": [0.5, 1e-06, 0.1], "k_pid_hsp": [0.1686469060493617, 0.021637218551511475, 0.0], "k_pid_vsp": [333.6959065021192, 259.1909119183263, 1.1212085531293885]}, "datetime": {"datetime": "2025-08-21 17:22:11", "elapsed": 31047.629253149033, "delta": 17.225175142288208}, "costs": {"total_cost": 173.54072758313788, "time_cost": 69.944, "final_distance_cost": 1.8448391775233024, "oscillation_cost": 27.691954038972828, "completition_cost": 0.0, "overshoot_cost": 50.40796687883801, "power_cost": 12.26412000732422, "noise_cost": 11.387847480479522, "n_waypoints_completed": 9, "tot_waypoints": 9}}
{"target": -175.05954600717064, "params": {"k_pid_pos": [1.2214847208344004, 0.011442993568670574, 1.0], "k_pid_alt": [2.0, 0.0033019830238092333, 0.007735053126338116], "k_pid_att": [11.590538435389604, 0.18501866195924674, 0.30784900277901045], "k_pid_yaw": [0.5, 1e-06, 0.1], "k_pid_hsp": [0.16046949899636961, 0.02250858552770789, 0.0], "k_pid_vsp": [246.27280033752592, 231.43215095900487, 1.5357679249732226]}, "datetime": {"datetime": "2025-08-21 17:22:28", "elapsed": 31064.78636574745, "delta": 17.15711259841919}, "costs": {"total_cost": 175.05954600717064, "time_cost": 74.06400000000001, "final_distance_cost": 1.8576187834148001, "oscillation_cost": 27.716666789528766, "completition_cost": 0.0, "overshoot_cost": 49.959036832890845, "power_cost": 10.336442187500001, "noise_cost": 11.12578141383621, "n_waypoints_completed": 9, "tot_waypoints": 9}}
{"target": -170.55999675746494, "params": {"k_pid_pos": [1.51073126270085, 0.01478285940048627, 1.0], "k_pid_alt": [1.3794734842938592, 0.0032782615978824148, 0.013562849776479263], "k_pid_att": [7.394909552960432, 0.17789472681133509, 0.3059789501932156], "k_pid_yaw": [0.5, 1e-06, 0.1], "k_pid_hsp": [0.13460770296413116, 0.020998226249019526, 0.0], "k_pid_vsp": [186.89809043224764, 223.50475247917043, 0.9184436639756117]}, "datetime": {"datetime": "2025-08-21 17:22:45", "elapsed": 31082.243504285812, "delta": 17.457138538360596}, "costs": {"total_cost": 170.55999675746494, "time_cost": 70.288, "final_distance_cost": 1.8428997824937743, "oscillation_cost": 28.396959382967115, "completition_cost": 0.0, "overshoot_cost": 50.11868923278651, "power_cost": 9.885590466308594, "noise_cost": 10.027857892908964, "n_waypoints_completed": 9, "tot_waypoints": 9}}
{"target": -175.3377601458862, "params": {"k_pid_pos": [1.8649275898600288, 0.011454871885261288, 0.9665390515706435], "k_pid_alt": [2.0, 0.004415478650045083, 0.012743517677145148], "k_pid_att": [13.56961765745381, 0.11613111938003552, 0.2190995856177654], "k_pid_yaw": [0.5, 1e-06, 0.1], "k_pid_hsp": [0.15607216344776276, 0.02067687519450863, 0.0], "k_pid_vsp": [251.27506961392285, 256.7957853399061, 1.7149595746478543]}, "datetime": {"datetime": "2025-08-21 17:23:01", "elapsed": 31097.73154568672, "delta": 15.488041400909424}, "costs": {"total_cost": 175.3377601458862, "time_cost": 69.8, "final_distance_cost": 1.8390817690059658, "oscillation_cost": 28.22158723072962, "completition_cost": 0.0, "overshoot_cost": 50.7005847322521, "power_cost": 13.109494104003907, "noise_cost": 11.66701230989457, "n_waypoints_completed": 9, "tot_waypoints": 9}}
{"target": -176.10202091461727, "params": {"k_pid_pos": [2.0, 0.011767822552812758, 0.8563996913720372], "k_pid_alt": [2.0, 0.0031468031126582305, 0.014542234842493605], "k_pid_att": [12.979314494765369, 0.18470918126831518, 0.27298900055050246], "k_pid_yaw": [0.5, 1e-06, 0.1], "k_pid_hsp": [0.20272075261571953, 0.020317155340024196, 0.0], "k_pid_vsp": [328.71363054347006, 253.1171568132269, 1.0559059615998396]}, "datetime": {"datetime": "2025-08-21 17:23:19", "elapsed": 31115.61407351494, "delta": 17.882527828216553}, "costs": {"total_cost": 176.10202091461727, "time_cost": 69.592, "final_distance_cost": 1.8361258468107449, "oscillation_cost": 29.46265987543408, "completition_cost": 0.0, "overshoot_cost": 50.7354071973962, "power_cost": 12.959790026855469, "noise_cost": 11.516037968120758, "n_waypoints_completed": 9, "tot_waypoints": 9}}
{"target": -180.01472555334965, "params": {"k_pid_pos": [1.6557446320122322, 0.012673187508863525, 0.9036972473423178], "k_pid_alt": [2.0, 0.0036126340215031512, 0.00766585711028852], "k_pid_att": [9.5199962165983, 0.19494253698030584, 0.27223338713666284], "k_pid_yaw": [0.5, 1e-06, 0.1], "k_pid_hsp": [0.19278236499790988, 0.03083585110303441, 0.0], "k_pid_vsp": [296.3685705673793, 252.07396327021766, 1.0885674554556821]}, "datetime": {"datetime": "2025-08-21 17:23:34", "elapsed": 31131.415961265564, "delta": 15.80188775062561}, "costs": {"total_cost": 180.01472555334965, "time_cost": 70.19200000000001, "final_distance_cost": 1.8423703423323008, "oscillation_cost": 29.90043047293282, "completition_cost": 0.0, "overshoot_cost": 50.30887932526197, "power_cost": 14.788949487304688, "noise_cost": 12.982095925517871, "n_waypoints_completed": 9, "tot_waypoints": 9}}
