{"target": -173.16631390889813, "params": {"k_pid_pos": [1.4276311357084823, 0.050202021064472115, 0.8462668116216475], "k_pid_alt": [2.0, 0.003206406847378676, 0.004288665112515552], "k_pid_att": [23.215765940647156, 0.23441703667338865, 0.36201121468869646], "k_pid_yaw": [0.5, 1e-06, 0.1], "k_pid_hsp": [0.14535488155876472, 0.021023844470245915, 0.0], "k_pid_vsp": [311.9893126106749, 188.88469098244911, 1.6471065805235987]}, "datetime": {"datetime": "2025-08-21 15:03:54", "elapsed": 22751.069846630096, "delta": 16.746813535690308}, "costs": {"total_cost": 173.16631390889813, "time_cost": 70.32000000000001, "final_distance_cost": 1.8431742731489418, "oscillation_cost": 26.8578921994544, "completition_cost": 0.0, "overshoot_cost": 50.66104586862148, "power_cost": 12.12677802734375, "noise_cost": 11.357423540329533, "n_waypoints_completed": 9, "tot_waypoints": 9}}
{"target": -177.663619619181, "params": {"k_pid_pos": [2.0, 0.05349489924227848, 0.7417258564695075], "k_pid_alt": [2.0, 0.003969324383730377, 0.01234817527436439], "k_pid_att": [17.424722244393326, 0.11882932876133463, 0.39906425984882676], "k_pid_yaw": [0.5, 1e-06, 0.1], "k_pid_hsp": [0.18405519862364508, 0.012071365222908173, 0.0], "k_pid_vsp": [324.56086592594465, 176.7783173066814, 2.088021951031104]}, "datetime": {"datetime": "2025-08-21 15:04:10", "elapsed": 22766.772592544556, "delta": 15.702745914459229}, "costs": {"total_cost": 177.663619619181, "time_cost": 69.736, "final_distance_cost": 1.8201273469093422, "oscillation_cost": 29.33058139122805, "completition_cost": 0.0, "overshoot_cost": 50.67164398761642, "power_cost": 13.988122497558594, "noise_cost": 12.117144395868563, "n_waypoints_completed": 9, "tot_waypoints": 9}}
{"target": -171.73173931761156, "params": {"k_pid_pos": [1.7516069872969033, 0.043982740361808874, 0.8559456954270129], "k_pid_alt": [1.8139334699111365, 0.0030880182420902646, 0.009112418223942377], "k_pid_att": [16.768029872193498, 0.10837099957819067, 0.29424575858318663], "k_pid_yaw": [0.5, 1e-06, 0.1], "k_pid_hsp": [0.20601529356207582, 0.012120630840273844, 0.0], "k_pid_vsp": [204.1193172205793, 225.52245090077676, 1.902389817090567]}, "datetime": {"datetime": "2025-08-21 15:04:26", "elapsed": 22782.861558675766, "delta": 16.088966131210327}, "costs": {"total_cost": 171.73173931761156, "time_cost": 69.416, "final_distance_cost": 1.826470139571564, "oscillation_cost": 28.493216100223663, "completition_cost": 0.0, "overshoot_cost": 49.9170974514277, "power_cost": 11.322877514648438, "noise_cost": 10.756078111740178, "n_waypoints_completed": 9, "tot_waypoints": 9}}
{"target": -173.5553788812381, "params": {"k_pid_pos": [1.394744649281809, 0.03843173057918311, 1.0], "k_pid_alt": [2.0, 0.00471167972596223, 0.009914029890790514], "k_pid_att": [17.679288073119054, 0.214696591421394, 0.17401595706504705], "k_pid_yaw": [0.5, 1e-06, 0.1], "k_pid_hsp": [0.20821994028500254, 0.008130525143364221, 0.0], "k_pid_vsp": [73.30126664206743, 213.7505150542645, 1.4552210405948263]}, "datetime": {"datetime": "2025-08-21 15:04:42", "elapsed": 22799.260056972504, "delta": 16.39849829673767}, "costs": {"total_cost": 173.5553788812381, "time_cost": 71.28, "final_distance_cost": 1.8435793016817712, "oscillation_cost": 27.995373401629283, "completition_cost": 0.0, "overshoot_cost": 50.13244401724147, "power_cost": 11.128604833984376, "noise_cost": 11.175377326701215, "n_waypoints_completed": 9, "tot_waypoints": 9}}
{"target": -192.66143388282072, "params": {"k_pid_pos": [0.7676867371011881, 0.035611729514770894, 1.0], "k_pid_alt": [1.9363349106354668, 0.003353989078218303, 0.008662788643257915], "k_pid_att": [19.456364393965476, 0.1396222867388191, 0.38229534369942364], "k_pid_yaw": [0.5, 1e-06, 0.1], "k_pid_hsp": [0.16116706387086674, 0.011213265060603406, 0.0], "k_pid_vsp": [201.84683687861488, 160.58398840154572, 1.9001459875726487]}, "datetime": {"datetime": "2025-08-21 15:05:01", "elapsed": 22818.00955915451, "delta": 18.749502182006836}, "costs": {"total_cost": 192.66143388282072, "time_cost": 84.328, "final_distance_cost": 1.852681962514261, "oscillation_cost": 23.28491024137799, "completition_cost": 0.0, "overshoot_cost": 52.19519597643775, "power_cost": 15.671444799804688, "noise_cost": 15.32920090268603, "n_waypoints_completed": 9, "tot_waypoints": 9}}
{"target": -173.92788327277626, "params": {"k_pid_pos": [1.6254733126594925, 0.03792801041244317, 0.9707265666912611], "k_pid_alt": [1.655249120619888, 0.003145505190200224, 0.010531112324323732], "k_pid_att": [11.10092747908986, 0.12206040530737472, 0.2935769595938571], "k_pid_yaw": [0.5, 1e-06, 0.1], "k_pid_hsp": [0.1570905222816896, 0.007017851832184296, 0.0], "k_pid_vsp": [183.56174152283134, 179.52047795097462, 1.1839483894479272]}, "datetime": {"datetime": "2025-08-21 15:05:17", "elapsed": 22834.220566511154, "delta": 16.211007356643677}, "costs": {"total_cost": 173.92788327277626, "time_cost": 70.32000000000001, "final_distance_cost": 1.8328787683156773, "oscillation_cost": 26.37628927834577, "completition_cost": 0.0, "overshoot_cost": 50.84020308663451, "power_cost": 12.726448498535158, "noise_cost": 11.832063640945146, "n_waypoints_completed": 9, "tot_waypoints": 9}}
{"target": -177.65889015905574, "params": {"k_pid_pos": [1.5344871807437552, 0.03857266805253425, 1.0], "k_pid_alt": [2.0, 0.005852126538496223, 0.010534893443318566], "k_pid_att": [14.339301473723223, 0.12104520285245084, 0.37458723329709703], "k_pid_yaw": [0.5, 1e-06, 0.1], "k_pid_hsp": [0.21181058621831128, 0.015649220271770344, 0.0], "k_pid_vsp": [218.46892076430564, 284.6415713787628, 2.2869968162391454]}, "datetime": {"datetime": "2025-08-21 15:05:34", "elapsed": 22850.874331235886, "delta": 16.653764724731445}, "costs": {"total_cost": 177.65889015905574, "time_cost": 70.552, "final_distance_cost": 1.833742256339773, "oscillation_cost": 27.81916228250004, "completition_cost": 0.0, "overshoot_cost": 50.58375355912091, "power_cost": 14.186720629882814, "noise_cost": 12.683511431212208, "n_waypoints_completed": 9, "tot_waypoints": 9}}
{"target": -170.36469912431534, "params": {"k_pid_pos": [2.0, 0.019829014830892108, 0.8835333604475103], "k_pid_alt": [1.2412456732685089, 0.004697650318234856, 0.008609150663127884], "k_pid_att": [20.90637183083176, 0.13958825859046667, 0.1467107225997071], "k_pid_yaw": [0.5, 1e-06, 0.1], "k_pid_hsp": [0.19239122632024264, 0.017841465259321745, 0.0], "k_pid_vsp": [113.71367533458915, 202.7027057035267, 1.9241289018960153]}, "datetime": {"datetime": "2025-08-21 15:05:49", "elapsed": 22866.185626506805, "delta": 15.3112952709198}, "costs": {"total_cost": 170.36469912431534, "time_cost": 68.824, "final_distance_cost": 1.8209049647629407, "oscillation_cost": 30.65331764090017, "completition_cost": 0.0, "overshoot_cost": 49.39112816834806, "power_cost": 9.887479541015626, "noise_cost": 9.787868809288511, "n_waypoints_completed": 9, "tot_waypoints": 9}}
{"target": -185.05130144189985, "params": {"k_pid_pos": [1.2454831216093671, 0.0801447723878098, 1.0], "k_pid_alt": [1.3201623323103113, 0.0034885254541959627, 0.008966472185806078], "k_pid_att": [19.100035919289898, 0.2041133298475423, 0.43309717074928145], "k_pid_yaw": [0.5, 1e-06, 0.1], "k_pid_hsp": [0.16961148255593228, 0.02055121605543493, 0.0], "k_pid_vsp": [225.5809495722876, 203.17199720580209, 2.2097714537725257]}, "datetime": {"datetime": "2025-08-21 15:06:07", "elapsed": 22883.61347770691, "delta": 17.42785120010376}, "costs": {"total_cost": 185.05130144189985, "time_cost": 73.528, "final_distance_cost": 1.8425663290863548, "oscillation_cost": 26.607551972756227, "completition_cost": 0.0, "overshoot_cost": 51.60476051242407, "power_cost": 17.204185693359374, "noise_cost": 14.264236934273827, "n_waypoints_completed": 9, "tot_waypoints": 9}}
{"target": -177.88561389243395, "params": {"k_pid_pos": [1.4692688066830388, 0.051103808946641405, 0.994515728310103], "k_pid_alt": [2.0, 0.0025419401048851755, 0.00886862655573005], "k_pid_att": [8.11198933479578, 0.20818675887622648, 0.2325951539678421], "k_pid_yaw": [0.5, 1e-06, 0.1], "k_pid_hsp": [0.2319160820531676, 0.009876841433497869, 0.0], "k_pid_vsp": [394.24489062484184, 277.6844979081494, 2.0380700971525303]}, "datetime": {"datetime": "2025-08-21 15:06:23", "elapsed": 22900.064494371414, "delta": 16.451016664505005}, "costs": {"total_cost": 177.88561389243395, "time_cost": 70.816, "final_distance_cost": 1.842445715006684, "oscillation_cost": 27.675543069996625, "completition_cost": 0.0, "overshoot_cost": 50.61958673389511, "power_cost": 14.094722692871095, "noise_cost": 12.837315680664439, "n_waypoints_completed": 9, "tot_waypoints": 9}}
{"target": -183.43207505270053, "params": {"k_pid_pos": [1.753512375696129, 0.0445038421315681, 1.0], "k_pid_alt": [1.7737915497125993, 0.004023945562194118, 0.008852630198827231], "k_pid_att": [15.524318734815646, 0.19205704600652498, 0.25521150609619353], "k_pid_yaw": [0.5, 1e-06, 0.1], "k_pid_hsp": [0.15553432886274984, 0.008389682774307754, 0.0], "k_pid_vsp": [223.3826461881566, 225.33044592486098, 2.162788753331521]}, "datetime": {"datetime": "2025-08-21 15:06:39", "elapsed": 22916.275579214096, "delta": 16.211084842681885}, "costs": {"total_cost": 183.43207505270053, "time_cost": 70.57600000000001, "final_distance_cost": 1.8305766610340481, "oscillation_cost": 28.803457524559036, "completition_cost": 0.0, "overshoot_cost": 50.92757742114005, "power_cost": 17.054600146484376, "noise_cost": 14.239863299483016, "n_waypoints_completed": 9, "tot_waypoints": 9}}
{"target": -182.88114426724724, "params": {"k_pid_pos": [1.2050523712931025, 0.0, 0.6924487823912614], "k_pid_alt": [2.0, 0.0048790419423838305, 0.010499833606994526], "k_pid_att": [8.543656594025057, 0.11632577016607644, 0.21378877380567207], "k_pid_yaw": [0.5, 1e-06, 0.1], "k_pid_hsp": [0.18388898295510722, 0.015170149553956201, 0.0], "k_pid_vsp": [233.40482485975303, 188.81111081652986, 1.2955153535132655]}, "datetime": {"datetime": "2025-08-21 15:06:57", "elapsed": 22933.80327105522, "delta": 17.52769184112549}, "costs": {"total_cost": 182.88114426724724, "time_cost": 72.584, "final_distance_cost": 1.8516958775832673, "oscillation_cost": 27.58841232290162, "completition_cost": 0.0, "overshoot_cost": 51.526648778309045, "power_cost": 15.752862048339844, "noise_cost": 13.577525240113452, "n_waypoints_completed": 9, "tot_waypoints": 9}}
{"target": -175.75439895551094, "params": {"k_pid_pos": [2.0, 0.03787053354181826, 0.6727390350180219], "k_pid_alt": [1.6300337227122492, 0.0038641086269130286, 0.007871032632284157], "k_pid_att": [9.927026846050175, 0.11846605753891241, 0.2562390545926016], "k_pid_yaw": [0.5, 1e-06, 0.1], "k_pid_hsp": [0.1832365267831707, 0.016714892664037893, 0.0], "k_pid_vsp": [128.63811310448475, 223.79681821152667, 2.182709762754213]}, "datetime": {"datetime": "2025-08-21 15:07:13", "elapsed": 22949.531381845474, "delta": 15.728110790252686}, "costs": {"total_cost": 175.75439895551094, "time_cost": 69.272, "final_distance_cost": 1.8190847107041157, "oscillation_cost": 30.09086946228165, "completition_cost": 0.0, "overshoot_cost": 50.839679773277076, "power_cost": 12.534830603027345, "noise_cost": 11.197934406220751, "n_waypoints_completed": 9, "tot_waypoints": 9}}
{"target": -1099.2182350920484, "params": {"k_pid_pos": [0.09595427910626723, 0.025053177534398525, 0.9898624093735843], "k_pid_alt": [1.7811368647482355, 0.006722424892821008, 0.009340218709774627], "k_pid_att": [7.991789716578452, 0.15396422696421452, 0.4848511864135947], "k_pid_yaw": [0.5, 1e-06, 0.1], "k_pid_hsp": [0.12255743480310584, 0.017777847293610056, 0.0], "k_pid_vsp": [381.02708775632755, 98.7845158293925, 2.259104007604957]}, "datetime": {"datetime": "2025-08-21 15:07:36", "elapsed": 22972.670674562454, "delta": 23.13929271697998}, "costs": {"total_cost": 1099.2182350920484, "time_cost": 150, "final_distance_cost": 80.43934117785261, "oscillation_cost": 2.3927876969942354, "completition_cost": 777.7777777777778, "overshoot_cost": 55.55044021294333, "power_cost": 17.978673693847657, "noise_cost": 15.079214532632738, "n_waypoints_completed": 2, "tot_waypoints": 9}}
{"target": -173.69528221502003, "params": {"k_pid_pos": [2.0, 0.05093515782830509, 0.8247281112675363], "k_pid_alt": [2.0, 0.004977047967570131, 0.008432408628331316], "k_pid_att": [16.117502457826756, 0.06940275676254311, 0.2747922176711998], "k_pid_yaw": [0.5, 1e-06, 0.1], "k_pid_hsp": [0.21328024511428167, 0.010879150414796908, 0.0], "k_pid_vsp": [284.1891766478538, 285.3844505345634, 1.404631512974939]}, "datetime": {"datetime": "2025-08-21 15:07:52", "elapsed": 22988.572836875916, "delta": 15.902162313461304}, "costs": {"total_cost": 173.69528221502003, "time_cost": 69.024, "final_distance_cost": 1.8211935836375932, "oscillation_cost": 29.57431304653237, "completition_cost": 0.0, "overshoot_cost": 50.49778357545269, "power_cost": 11.80992822265625, "noise_cost": 10.968063786741133, "n_waypoints_completed": 9, "tot_waypoints": 9}}
{"target": -172.29315517024696, "params": {"k_pid_pos": [0.9628093766827801, 0.06313591382174477, 0.9677005715621482], "k_pid_alt": [2.0, 0.003819939492499152, 0.008236315146777815], "k_pid_att": [11.379465856533402, 0.269777738111976, 0.3738336812507357], "k_pid_yaw": [0.5, 1e-06, 0.1], "k_pid_hsp": [0.1377772509646672, 0.008160254704461425, 0.0], "k_pid_vsp": [257.21816301653865, 180.42456069141906, 1.3359670939477881]}, "datetime": {"datetime": "2025-08-21 15:08:10", "elapsed": 23006.55983400345, "delta": 17.98699712753296}, "costs": {"total_cost": 172.29315517024696, "time_cost": 76.36, "final_distance_cost": 1.8440274415593236, "oscillation_cost": 24.494098213147815, "completition_cost": 0.0, "overshoot_cost": 51.24396496108832, "power_cost": 8.319224951171876, "noise_cost": 10.03183960327965, "n_waypoints_completed": 9, "tot_waypoints": 9}}
{"target": -172.34646520016975, "params": {"k_pid_pos": [2.0, 0.031216132365082087, 0.9292362241332307], "k_pid_alt": [1.3067693487365677, 0.003379892910902179, 0.008897418567306189], "k_pid_att": [13.739674737365455, 0.20301539404599422, 0.3693782557922787], "k_pid_yaw": [0.5, 1e-06, 0.1], "k_pid_hsp": [0.14549215259396278, 0.008016815791410238, 0.0], "k_pid_vsp": [215.45478830360764, 244.6152233361046, 0.9239908252752468]}, "datetime": {"datetime": "2025-08-21 15:08:26", "elapsed": 23022.5218937397, "delta": 15.962059736251831}, "costs": {"total_cost": 172.34646520016975, "time_cost": 69.008, "final_distance_cost": 1.8087480921994241, "oscillation_cost": 29.520343506237943, "completition_cost": 0.0, "overshoot_cost": 50.23213926666296, "power_cost": 11.12117244873047, "noise_cost": 10.656061886338973, "n_waypoints_completed": 9, "tot_waypoints": 9}}
{"target": -172.46322474843663, "params": {"k_pid_pos": [1.9106073741934437, 0.05800107849685526, 1.0], "k_pid_alt": [1.3894453460549274, 0.00366506178147551, 0.009447548719529348], "k_pid_att": [17.05941577349207, 0.18934722153610373, 0.3233718068998664], "k_pid_yaw": [0.5, 1e-06, 0.1], "k_pid_hsp": [0.1623405008389817, 0.01776802611776611, 0.0], "k_pid_vsp": [257.0634863581153, 147.26666648826287, 0.8123992935843328]}, "datetime": {"datetime": "2025-08-21 15:08:42", "elapsed": 23038.978873729706, "delta": 16.456979990005493}, "costs": {"total_cost": 172.46322474843663, "time_cost": 69.32000000000001, "final_distance_cost": 1.8358771514810592, "oscillation_cost": 28.896867329623383, "completition_cost": 0.0, "overshoot_cost": 49.95264209999423, "power_cost": 11.533486877441407, "noise_cost": 10.92435128989656, "n_waypoints_completed": 9, "tot_waypoints": 9}}
{"target": -166.82248029886122, "params": {"k_pid_pos": [1.9475788614447804, 0.05292937085089192, 1.0], "k_pid_alt": [2.0, 0.0023048152200942844, 0.007989451745290978], "k_pid_att": [12.16929727947739, 0.17776456816301411, 0.21563016669950144], "k_pid_yaw": [0.5, 1e-06, 0.1], "k_pid_hsp": [0.20896121726418984, 0.012507183616918424, 0.0], "k_pid_vsp": [321.35054618159165, 217.50200332015757, 1.4666949071545252]}, "datetime": {"datetime": "2025-08-21 15:08:58", "elapsed": 23054.552151203156, "delta": 15.573277473449707}, "costs": {"total_cost": 166.82248029886122, "time_cost": 68.83200000000001, "final_distance_cost": 1.8425092224307347, "oscillation_cost": 29.52120176893531, "completition_cost": 0.0, "overshoot_cost": 49.249834540217435, "power_cost": 8.195665258789063, "noise_cost": 9.181269508488658, "n_waypoints_completed": 9, "tot_waypoints": 9}}
{"target": -175.0651464009936, "params": {"k_pid_pos": [1.9726437766018812, 0.020936508348844713, 1.0], "k_pid_alt": [1.7237617187730045, 0.0036408808792762234, 0.007694202940982299], "k_pid_att": [10.337714338322149, 0.14330098098505473, 0.19267323503816466], "k_pid_yaw": [0.5, 1e-06, 0.1], "k_pid_hsp": [0.1753301756779939, 0.010107193357924586, 0.0], "k_pid_vsp": [214.60718241361897, 192.26250213060993, 2.294783295485613]}, "datetime": {"datetime": "2025-08-21 15:09:14", "elapsed": 23070.969573259354, "delta": 16.41742205619812}, "costs": {"total_cost": 175.0651464009936, "time_cost": 69.928, "final_distance_cost": 1.8305094894719869, "oscillation_cost": 28.28910439340546, "completition_cost": 0.0, "overshoot_cost": 50.481178695470575, "power_cost": 12.828861291503907, "noise_cost": 11.707492531141673, "n_waypoints_completed": 9, "tot_waypoints": 9}}
{"target": -174.75213232507946, "params": {"k_pid_pos": [0.9344752988640463, 0.05541324608539568, 0.5846915764236319], "k_pid_alt": [2.0, 0.0042998508061347345, 0.009835989602452985], "k_pid_att": [22.688973875223557, 0.19739655671615117, 0.36228445261617265], "k_pid_yaw": [0.5, 1e-06, 0.1], "k_pid_hsp": [0.22030753191086558, 0.01603778236408508, 0.0], "k_pid_vsp": [245.32831470661134, 273.87686245841957, 1.6902795938991622]}, "datetime": {"datetime": "2025-08-21 15:09:32", "elapsed": 23088.587496757507, "delta": 17.617923498153687}, "costs": {"total_cost": 174.75213232507946, "time_cost": 73.34400000000001, "final_distance_cost": 1.8488831216102717, "oscillation_cost": 26.71356280339178, "completition_cost": 0.0, "overshoot_cost": 50.53114247239276, "power_cost": 11.00366112060547, "noise_cost": 11.310882807079162, "n_waypoints_completed": 9, "tot_waypoints": 9}}
{"target": -960.3778183960248, "params": {"k_pid_pos": [0.14629900288750686, 0.04659223413552115, 0.9755727517246742], "k_pid_alt": [2.0, 0.004148486404488022, 0.009694993371537952], "k_pid_att": [13.263111713431991, 0.15314273690081695, 0.5170845604625313], "k_pid_yaw": [0.5, 1e-06, 0.1], "k_pid_hsp": [0.13481155022121008, 0.01784099401615536, 0.0], "k_pid_vsp": [259.69373744433034, 242.38836740479346, 1.7599971979248348]}, "datetime": {"datetime": "2025-08-21 15:09:55", "elapsed": 23111.67459011078, "delta": 23.087093353271484}, "costs": {"total_cost": 960.3778183960248, "time_cost": 150, "final_distance_cost": 55.90572596495922, "oscillation_cost": 4.218985414918452, "completition_cost": 666.6666666666667, "overshoot_cost": 59.84977326824553, "power_cost": 11.737408947753908, "noise_cost": 11.99925813348104, "n_waypoints_completed": 3, "tot_waypoints": 9}}
{"target": -187.27029305956574, "params": {"k_pid_pos": [1.3779718871187392, 0.0451125086172016, 1.0], "k_pid_alt": [2.0, 0.0027643848958770235, 0.008254352905240412], "k_pid_att": [18.53172464793384, 0.1931455335780237, 0.26089289800436594], "k_pid_yaw": [0.5, 1e-06, 0.1], "k_pid_hsp": [0.22047992538595496, 0.011940474488669356, 0.0], "k_pid_vsp": [181.76545978534645, 304.6006828218661, 1.6118657920298463]}, "datetime": {"datetime": "2025-08-21 15:10:12", "elapsed": 23128.678345918655, "delta": 17.003755807876587}, "costs": {"total_cost": 187.27029305956574, "time_cost": 73.312, "final_distance_cost": 1.8423840628054895, "oscillation_cost": 27.407382593628594, "completition_cost": 0.0, "overshoot_cost": 52.06961973436337, "power_cost": 17.514982653808595, "noise_cost": 15.12392401495969, "n_waypoints_completed": 9, "tot_waypoints": 9}}
{"target": -192.6353845995615, "params": {"k_pid_pos": [1.3832254452954063, 0.027702455072217132, 0.8951327985193736], "k_pid_alt": [1.749697218893117, 0.005319550430433805, 0.00694450771738427], "k_pid_att": [12.747719974023454, 0.25232158341126404, 0.276735875890348], "k_pid_yaw": [0.5, 1e-06, 0.1], "k_pid_hsp": [0.27832635149348167, 0.014986928853365764, 0.0], "k_pid_vsp": [229.44228106296973, 282.0872709058085, 2.290658139073028]}, "datetime": {"datetime": "2025-08-21 15:10:29", "elapsed": 23145.878121614456, "delta": 17.19977569580078}, "costs": {"total_cost": 192.6353845995615, "time_cost": 73.432, "final_distance_cost": 1.8472545546165802, "oscillation_cost": 27.700705105790078, "completition_cost": 0.0, "overshoot_cost": 52.063575891105096, "power_cost": 19.521807666015626, "noise_cost": 18.070041382034102, "n_waypoints_completed": 9, "tot_waypoints": 9}}
{"target": -169.8159022998015, "params": {"k_pid_pos": [2.0, 0.05165266423940063, 1.0], "k_pid_alt": [1.8923418423146476, 0.005195538420227308, 0.007000686958506593], "k_pid_att": [16.966055811013447, 0.23750374075491829, 0.3017434160832062], "k_pid_yaw": [0.5, 1e-06, 0.1], "k_pid_hsp": [0.24244221121656806, 0.01276392667419918, 0.0], "k_pid_vsp": [243.3693461505517, 264.7748872420725, 1.115330786095801]}, "datetime": {"datetime": "2025-08-21 15:10:44", "elapsed": 23161.431119680405, "delta": 15.552998065948486}, "costs": {"total_cost": 169.8159022998015, "time_cost": 69.112, "final_distance_cost": 1.834216908853514, "oscillation_cost": 28.865824721778147, "completition_cost": 0.0, "overshoot_cost": 49.419299640964475, "power_cost": 10.333258728027344, "noise_cost": 10.25130230017802, "n_waypoints_completed": 9, "tot_waypoints": 9}}
