{"target": -171.4597120915808, "params": {"k_pid_pos": [1.8884575241780073, 0.014067107690284658, 0.7599439095527409], "k_pid_alt": [1.3153840923811662, 0.003188383908739698, 0.012949143140282615], "k_pid_att": [15.409352762134452, 0.20654333927139548, 0.3029260536726977], "k_pid_yaw": [0.5, 1e-06, 0.1], "k_pid_hsp": [0.24372309492424346, 0.027255440454453193, 0.0], "k_pid_vsp": [233.8101497046084, 323.3767733228626, 1.268426261223069]}, "datetime": {"datetime": "2025-08-21 17:02:56", "elapsed": 29893.301655769348, "delta": 15.482982397079468}, "costs": {"total_cost": 171.4597120915808, "time_cost": 68.52, "final_distance_cost": 1.8382277916559335, "oscillation_cost": 30.815489458492763, "completition_cost": 0.0, "overshoot_cost": 49.175418098256024, "power_cost": 10.761523217773439, "noise_cost": 10.349053525402624, "n_waypoints_completed": 9, "tot_waypoints": 9}}
{"target": -174.88056778664907, "params": {"k_pid_pos": [1.7581716544241432, 0.01914223397033063, 0.6804618750699588], "k_pid_alt": [1.8225214140497072, 0.004579804703467712, 0.013232437202001202], "k_pid_att": [9.129418229563933, 0.24764604957524217, 0.3679417401405915], "k_pid_yaw": [0.5, 1e-06, 0.1], "k_pid_hsp": [0.24881538451902185, 0.022854814593276068, 0.0], "k_pid_vsp": [203.38273199063983, 218.92782731450848, 0.9674856694123433]}, "datetime": {"datetime": "2025-08-21 17:03:13", "elapsed": 29910.434151649475, "delta": 17.132495880126953}, "costs": {"total_cost": 174.88056778664907, "time_cost": 69.336, "final_distance_cost": 1.8350966341369865, "oscillation_cost": 29.44994531275885, "completition_cost": 0.0, "overshoot_cost": 50.06542485043911, "power_cost": 12.781699987792969, "noise_cost": 11.412401001521134, "n_waypoints_completed": 9, "tot_waypoints": 9}}
{"target": -169.0238199878274, "params": {"k_pid_pos": [1.6415496179923892, 0.017595088687896433, 0.6532379714762454], "k_pid_alt": [1.8625213581597804, 0.0026888173111396484, 0.016492416328989377], "k_pid_att": [11.376707414321404, 0.14548338195236263, 0.27270653029352426], "k_pid_yaw": [0.5, 1e-06, 0.1], "k_pid_hsp": [0.2336446967560498, 0.0270154031481869, 0.0], "k_pid_vsp": [253.5329261024366, 179.3244413624395, 1.4844210724535518]}, "datetime": {"datetime": "2025-08-21 17:03:29", "elapsed": 29926.06748008728, "delta": 15.633328437805176}, "costs": {"total_cost": 169.0238199878274, "time_cost": 68.744, "final_distance_cost": 1.8448532584698287, "oscillation_cost": 30.073214090569422, "completition_cost": 0.0, "overshoot_cost": 49.916058462422555, "power_cost": 8.892792639160156, "noise_cost": 9.55290153720546, "n_waypoints_completed": 9, "tot_waypoints": 9}}
{"target": -178.81378187427615, "params": {"k_pid_pos": [2.0, 0.012268226467661117, 0.6773229096548974], "k_pid_alt": [2.0, 0.0025340642473241828, 0.008172062605588868], "k_pid_att": [12.248242695172182, 0.1866178846784443, 0.33425713864812745], "k_pid_yaw": [0.5, 1e-06, 0.1], "k_pid_hsp": [0.161032661503413, 0.02540630597788043, 0.0], "k_pid_vsp": [186.43610813854116, 262.52438139154793, 1.1619178163969892]}, "datetime": {"datetime": "2025-08-21 17:03:46", "elapsed": 29942.991499900818, "delta": 16.924019813537598}, "costs": {"total_cost": 178.81378187427615, "time_cost": 69.536, "final_distance_cost": 1.8079032026663384, "oscillation_cost": 30.463142778568447, "completition_cost": 0.0, "overshoot_cost": 50.77420195217609, "power_cost": 14.279293237304689, "noise_cost": 11.953240703560576, "n_waypoints_completed": 9, "tot_waypoints": 9}}
{"target": -172.62339311297066, "params": {"k_pid_pos": [2.0, 0.006987574719368029, 0.8595370578989531], "k_pid_alt": [1.8179456101356337, 0.002994857140929494, 0.006633511167663684], "k_pid_att": [11.80339119716556, 0.17618083461384804, 0.3013293088665606], "k_pid_yaw": [0.5, 1e-06, 0.1], "k_pid_hsp": [0.14904653102755328, 0.03581817380441721, 0.0], "k_pid_vsp": [220.81148748936286, 224.70829821288316, 1.252655167853526]}, "datetime": {"datetime": "2025-08-21 17:04:02", "elapsed": 29958.505370140076, "delta": 15.513870239257812}, "costs": {"total_cost": 172.62339311297066, "time_cost": 68.76, "final_distance_cost": 1.8443511234580938, "oscillation_cost": 31.10104694544419, "completition_cost": 0.0, "overshoot_cost": 49.702085377957985, "power_cost": 10.854598291015625, "noise_cost": 10.361311375094735, "n_waypoints_completed": 9, "tot_waypoints": 9}}
{"target": -171.46442991788018, "params": {"k_pid_pos": [2.0, 0.016685711218613758, 0.5776401702052181], "k_pid_alt": [1.8375478341207387, 0.0038032305201037807, 0.007790612352246695], "k_pid_att": [12.062799815667828, 0.12711345424349496, 0.2893706849066824], "k_pid_yaw": [0.5, 1e-06, 0.1], "k_pid_hsp": [0.234424288341503, 0.018420660833494844, 0.0], "k_pid_vsp": [235.66809911464279, 288.2894437592384, 1.6913863848507198]}, "datetime": {"datetime": "2025-08-21 17:04:19", "elapsed": 29976.28065943718, "delta": 17.775289297103882}, "costs": {"total_cost": 171.46442991788018, "time_cost": 68.12, "final_distance_cost": 1.8078549057242743, "oscillation_cost": 31.124143843887005, "completition_cost": 0.0, "overshoot_cost": 49.516163074349826, "power_cost": 10.63740751953125, "noise_cost": 10.25886057438782, "n_waypoints_completed": 9, "tot_waypoints": 9}}
{"target": -177.18376467881427, "params": {"k_pid_pos": [1.7970633807886252, 0.015819772117704783, 0.5962674859390514], "k_pid_alt": [1.8280491416835918, 0.0024628382219745717, 0.009065844940934634], "k_pid_att": [15.100569909069693, 0.19791390515236895, 0.22554660270348603], "k_pid_yaw": [0.5, 1e-06, 0.1], "k_pid_hsp": [0.19437916710364292, 0.014528437083461526, 0.0], "k_pid_vsp": [211.13984226651766, 357.10480018862137, 1.5130456708651225]}, "datetime": {"datetime": "2025-08-21 17:04:35", "elapsed": 29992.11868929863, "delta": 15.838029861450195}, "costs": {"total_cost": 177.18376467881427, "time_cost": 69.288, "final_distance_cost": 1.830813579792848, "oscillation_cost": 30.28653383060529, "completition_cost": 0.0, "overshoot_cost": 50.47310028244249, "power_cost": 13.482096997070313, "noise_cost": 11.823219988903348, "n_waypoints_completed": 9, "tot_waypoints": 9}}
{"target": -184.50131665050858, "params": {"k_pid_pos": [1.469061416138586, 0.011231246623455066, 1.0], "k_pid_alt": [1.9704372094664484, 0.0034682342590555307, 0.008956706737134565], "k_pid_att": [12.92448286189497, 0.22552930390336268, 0.24191422821370664], "k_pid_yaw": [0.5, 1e-06, 0.1], "k_pid_hsp": [0.2304513587854252, 0.025349838929076145, 0.0], "k_pid_vsp": [141.78430280914517, 212.5721607744105, 1.3074916226754192]}, "datetime": {"datetime": "2025-08-21 17:04:53", "elapsed": 30009.9455845356, "delta": 17.826895236968994}, "costs": {"total_cost": 184.50131665050858, "time_cost": 71.912, "final_distance_cost": 1.843591939136869, "oscillation_cost": 29.56013503238821, "completition_cost": 0.0, "overshoot_cost": 50.93413336060103, "power_cost": 16.34775427246094, "noise_cost": 13.903702045921511, "n_waypoints_completed": 9, "tot_waypoints": 9}}
{"target": -178.95065877364902, "params": {"k_pid_pos": [1.5709384789647993, 0.013536640084301353, 0.48032847592151207], "k_pid_alt": [1.96510186066572, 0.003747772329902258, 0.01117785651505468], "k_pid_att": [13.716849936404452, 0.15963938678990874, 0.39565430374667127], "k_pid_yaw": [0.5, 1e-06, 0.1], "k_pid_hsp": [0.22257501204604888, 0.022659523947410803, 0.0], "k_pid_vsp": [294.6627320831585, 240.27570863854294, 1.1683816291695328]}, "datetime": {"datetime": "2025-08-21 17:05:10", "elapsed": 30026.798690080643, "delta": 16.853105545043945}, "costs": {"total_cost": 178.95065877364902, "time_cost": 69.304, "final_distance_cost": 1.8262141770786382, "oscillation_cost": 29.45562186541771, "completition_cost": 0.0, "overshoot_cost": 50.538290728051656, "power_cost": 15.105313916015625, "noise_cost": 12.721218087085393, "n_waypoints_completed": 9, "tot_waypoints": 9}}
{"target": -175.80368473286472, "params": {"k_pid_pos": [1.7413082298802454, 0.011449032442196305, 0.6465648201868253], "k_pid_alt": [1.9306592725499254, 0.004230411011109669, 0.007875213453805483], "k_pid_att": [10.573889038532792, 0.14493258137859832, 0.26464589406394134], "k_pid_yaw": [0.5, 1e-06, 0.1], "k_pid_hsp": [0.15634178456634631, 0.024651688272419186, 0.0], "k_pid_vsp": [284.8001177691299, 338.4355978137785, 1.0239643493533352]}, "datetime": {"datetime": "2025-08-21 17:05:26", "elapsed": 30042.558631181717, "delta": 15.759941101074219}, "costs": {"total_cost": 175.80368473286472, "time_cost": 69.488, "final_distance_cost": 1.8389847511179476, "oscillation_cost": 29.76593736509428, "completition_cost": 0.0, "overshoot_cost": 50.400636333724705, "power_cost": 12.787463696289063, "noise_cost": 11.52266258663875, "n_waypoints_completed": 9, "tot_waypoints": 9}}
{"target": -169.0242656130819, "params": {"k_pid_pos": [2.0, 0.013636364582036854, 0.6325117555773606], "k_pid_alt": [1.9657777074856895, 0.004160715323961351, 0.010107073588058407], "k_pid_att": [14.818904295506586, 0.20754155921776896, 0.2406697521006179], "k_pid_yaw": [0.5, 1e-06, 0.1], "k_pid_hsp": [0.21946973237986786, 0.025551186323347297, 0.0], "k_pid_vsp": [258.62307519664745, 280.0017170510116, 0.9128977815438549]}, "datetime": {"datetime": "2025-08-21 17:05:43", "elapsed": 30060.061527729034, "delta": 17.502896547317505}, "costs": {"total_cost": 169.0242656130819, "time_cost": 68.272, "final_distance_cost": 1.8192150213205598, "oscillation_cost": 31.03467543296906, "completition_cost": 0.0, "overshoot_cost": 49.66027715451296, "power_cost": 8.894787731933594, "noise_cost": 9.343310272345708, "n_waypoints_completed": 9, "tot_waypoints": 9}}
{"target": -178.10439789684858, "params": {"k_pid_pos": [1.7474968336277354, 0.015155001746726354, 0.9458405841252541], "k_pid_alt": [1.4438920377033337, 0.0032770423201179295, 0.00903827862543635], "k_pid_att": [9.859629832560978, 0.1600910234495729, 0.33798771457913784], "k_pid_yaw": [0.5, 1e-06, 0.1], "k_pid_hsp": [0.19935207023476373, 0.019989784190824506, 0.0], "k_pid_vsp": [230.1221420419888, 333.2106074028358, 0.6947854021005487]}, "datetime": {"datetime": "2025-08-21 17:05:59", "elapsed": 30075.96178460121, "delta": 15.900256872177124}, "costs": {"total_cost": 178.10439789684858, "time_cost": 69.536, "final_distance_cost": 1.8421486570692875, "oscillation_cost": 29.70890814122761, "completition_cost": 0.0, "overshoot_cost": 49.8387622704267, "power_cost": 14.44263388671875, "noise_cost": 12.735944941406238, "n_waypoints_completed": 9, "tot_waypoints": 9}}
{"target": -177.6859103956041, "params": {"k_pid_pos": [1.621007984396923, 0.017673977943986115, 0.977241124817391], "k_pid_alt": [1.7520632625752102, 0.0038800301798300706, 0.010729385154867094], "k_pid_att": [15.560213578354217, 0.09330823791858799, 0.2888534947290143], "k_pid_yaw": [0.5, 1e-06, 0.1], "k_pid_hsp": [0.1955103834609607, 0.023942202799967015, 0.0], "k_pid_vsp": [111.10949007990588, 254.36068015155948, 1.110207190443362]}, "datetime": {"datetime": "2025-08-21 17:06:16", "elapsed": 30093.359284877777, "delta": 17.39750027656555}, "costs": {"total_cost": 177.6859103956041, "time_cost": 70.232, "final_distance_cost": 1.85068999258554, "oscillation_cost": 29.103666684232373, "completition_cost": 0.0, "overshoot_cost": 49.68202240210289, "power_cost": 14.180224377441407, "noise_cost": 12.637306939241885, "n_waypoints_completed": 9, "tot_waypoints": 9}}
{"target": -170.31522344153507, "params": {"k_pid_pos": [1.6180249480873534, 0.016631397724250093, 0.7081884737496954], "k_pid_alt": [1.7285485917102983, 0.0036453863518653112, 0.012263178642838019], "k_pid_att": [13.147514760741311, 0.14050878581724255, 0.29571501920181703], "k_pid_yaw": [0.5, 1e-06, 0.1], "k_pid_hsp": [0.15349776003145096, 0.020150875101831996, 0.0], "k_pid_vsp": [259.75528085244036, 226.6157595918385, 0.8533413894481088]}, "datetime": {"datetime": "2025-08-21 17:06:33", "elapsed": 30109.547867059708, "delta": 16.188582181930542}, "costs": {"total_cost": 170.31522344153507, "time_cost": 69.504, "final_distance_cost": 1.8365451620918127, "oscillation_cost": 28.30790873686605, "completition_cost": 0.0, "overshoot_cost": 50.096879264407676, "power_cost": 10.412035754394532, "noise_cost": 10.157854523774963, "n_waypoints_completed": 9, "tot_waypoints": 9}}
{"target": -172.33247288334405, "params": {"k_pid_pos": [1.603030564823926, 0.01709106293024978, 0.5833171305303547], "k_pid_alt": [1.6926938799109539, 0.004201683588557635, 0.01189879239919677], "k_pid_att": [14.368061022787934, 0.17326462897272865, 0.36113549093368813], "k_pid_yaw": [0.5, 1e-06, 0.1], "k_pid_hsp": [0.22044477710176993, 0.0189040708424269, 0.0], "k_pid_vsp": [280.6045220311378, 244.4052491714866, 0.8666728420118611]}, "datetime": {"datetime": "2025-08-21 17:06:49", "elapsed": 30126.330250501633, "delta": 16.78238344192505}, "costs": {"total_cost": 172.33247288334405, "time_cost": 68.57600000000001, "final_distance_cost": 1.8391621017570983, "oscillation_cost": 30.21877933626491, "completition_cost": 0.0, "overshoot_cost": 49.536425761170975, "power_cost": 11.349821496582031, "noise_cost": 10.81228418756904, "n_waypoints_completed": 9, "tot_waypoints": 9}}
{"target": -169.77807208841045, "params": {"k_pid_pos": [1.6198892326643977, 0.018187872175528832, 0.8160720564629678], "k_pid_alt": [1.3465920453681222, 0.003518264689218939, 0.007375518589590189], "k_pid_att": [17.004445019236194, 0.09663946094601632, 0.20193987500328262], "k_pid_yaw": [0.5, 1e-06, 0.1], "k_pid_hsp": [0.18966682980369465, 0.02080604662199938, 0.0], "k_pid_vsp": [260.11810546577976, 273.7424493729729, 1.242374967207631]}, "datetime": {"datetime": "2025-08-21 17:07:06", "elapsed": 30142.787281751633, "delta": 16.45703125}, "costs": {"total_cost": 169.77807208841045, "time_cost": 69.06400000000001, "final_distance_cost": 1.8433022851139527, "oscillation_cost": 29.373616112288598, "completition_cost": 0.0, "overshoot_cost": 49.34818687856098, "power_cost": 9.965840869140626, "noise_cost": 10.183125943306283, "n_waypoints_completed": 9, "tot_waypoints": 9}}
{"target": -181.20225826833644, "params": {"k_pid_pos": [2.0, 0.009085126544651965, 0.9141290154513814], "k_pid_alt": [2.0, 0.002439629102929121, 0.011361064752825056], "k_pid_att": [14.78331275347893, 0.15957412910039168, 0.3129278818082565], "k_pid_yaw": [0.5, 1e-06, 0.1], "k_pid_hsp": [0.23870743396374192, 0.024440094343368596, 0.0], "k_pid_vsp": [337.1818171199043, 245.91805505922102, 0.9491803825107393]}, "datetime": {"datetime": "2025-08-21 17:07:22", "elapsed": 30158.930495500565, "delta": 16.143213748931885}, "costs": {"total_cost": 181.20225826833644, "time_cost": 69.416, "final_distance_cost": 1.8372326899142775, "oscillation_cost": 31.206186688633224, "completition_cost": 0.0, "overshoot_cost": 50.78687654589343, "power_cost": 15.150081652832032, "noise_cost": 12.805880691063507, "n_waypoints_completed": 9, "tot_waypoints": 9}}
{"target": -172.84146645286825, "params": {"k_pid_pos": [1.9186664077580158, 0.012778512981402894, 0.7080337881629774], "k_pid_alt": [2.0, 0.003660654338850811, 0.011645721403077328], "k_pid_att": [13.2012114169759, 0.18209913671883116, 0.19880840582027628], "k_pid_yaw": [0.5, 1e-06, 0.1], "k_pid_hsp": [0.1085908396760286, 0.024066297087871013, 0.0], "k_pid_vsp": [294.9313611827685, 262.49138362548405, 1.6378108370286497]}, "datetime": {"datetime": "2025-08-21 17:07:39", "elapsed": 30175.55818748474, "delta": 16.627691984176636}, "costs": {"total_cost": 172.84146645286825, "time_cost": 68.872, "final_distance_cost": 1.8216061284569631, "oscillation_cost": 31.024136650051613, "completition_cost": 0.0, "overshoot_cost": 50.018672228831186, "power_cost": 10.857270178222656, "noise_cost": 10.247781267305827, "n_waypoints_completed": 9, "tot_waypoints": 9}}
{"target": -175.5172726176498, "params": {"k_pid_pos": [2.0, 0.014980701775072255, 0.9623148121014845], "k_pid_alt": [1.6585611602199588, 0.0030055688044987234, 0.012522469920990082], "k_pid_att": [13.855208748951249, 0.10998480707084128, 0.2790304077118521], "k_pid_yaw": [0.5, 1e-06, 0.1], "k_pid_hsp": [0.17940577012060818, 0.02184247019217063, 0.0], "k_pid_vsp": [250.65674988908927, 290.38603657500204, 1.080237157800261]}, "datetime": {"datetime": "2025-08-21 17:07:54", "elapsed": 30190.830895662308, "delta": 15.272708177566528}, "costs": {"total_cost": 175.5172726176498, "time_cost": 69.128, "final_distance_cost": 1.8499275303349538, "oscillation_cost": 30.168460127414964, "completition_cost": 0.0, "overshoot_cost": 49.578399781931786, "power_cost": 12.833471728515626, "noise_cost": 11.95901344945246, "n_waypoints_completed": 9, "tot_waypoints": 9}}
{"target": -169.0548003138017, "params": {"k_pid_pos": [1.8916950816161566, 0.017751495507459848, 0.730991881797313], "k_pid_alt": [1.4919341639078008, 0.0033130487801776337, 0.012857509779199206], "k_pid_att": [14.116188131521598, 0.1815325444057105, 0.3384433693063951], "k_pid_yaw": [0.5, 1e-06, 0.1], "k_pid_hsp": [0.14798972710158595, 0.01763441042658403, 0.0], "k_pid_vsp": [324.6340455005564, 290.12113405963146, 1.295360343837194]}, "datetime": {"datetime": "2025-08-21 17:08:11", "elapsed": 30207.54100584984, "delta": 16.710110187530518}, "costs": {"total_cost": 169.0548003138017, "time_cost": 68.616, "final_distance_cost": 1.8218083586772984, "oscillation_cost": 30.07426648495783, "completition_cost": 0.0, "overshoot_cost": 49.611520343843516, "power_cost": 9.363664624023437, "noise_cost": 9.5675405022996, "n_waypoints_completed": 9, "tot_waypoints": 9}}
{"target": -174.73452950952387, "params": {"k_pid_pos": [1.7796244966015422, 0.013292302492169486, 0.35111483625772927], "k_pid_alt": [1.9989790585173168, 0.003329488967033322, 0.0059859172874584254], "k_pid_att": [13.620956313550915, 0.15237497575259248, 0.3088924085802756], "k_pid_yaw": [0.5, 1e-06, 0.1], "k_pid_hsp": [0.18973080997768435, 0.016688729158186314, 0.0], "k_pid_vsp": [234.1762907758655, 258.7091733878386, 1.1244681628399442]}, "datetime": {"datetime": "2025-08-21 17:08:26", "elapsed": 30223.12328863144, "delta": 15.582282781600952}, "costs": {"total_cost": 174.73452950952387, "time_cost": 68.376, "final_distance_cost": 1.7747028221444465, "oscillation_cost": 31.880535385034122, "completition_cost": 0.0, "overshoot_cost": 49.76210587166181, "power_cost": 12.011435424804688, "noise_cost": 10.929750005878795, "n_waypoints_completed": 9, "tot_waypoints": 9}}
{"target": -175.68900142342298, "params": {"k_pid_pos": [1.8156423048194783, 0.01166800245569132, 0.8123953364423455], "k_pid_alt": [1.7982101362566665, 0.003968479843498447, 0.011626036356269525], "k_pid_att": [10.964069934313562, 0.10113456992115537, 0.282322910056718], "k_pid_yaw": [0.5, 1e-06, 0.1], "k_pid_hsp": [0.187356311347992, 0.02202548011737129, 0.0], "k_pid_vsp": [243.81990414838126, 180.37053348146824, 1.3433464163894435]}, "datetime": {"datetime": "2025-08-21 17:08:43", "elapsed": 30240.0413479805, "delta": 16.91805934906006}, "costs": {"total_cost": 175.68900142342298, "time_cost": 69.408, "final_distance_cost": 1.829360201723008, "oscillation_cost": 30.223011629149205, "completition_cost": 0.0, "overshoot_cost": 50.235511236531494, "power_cost": 12.520978149414063, "noise_cost": 11.472140206605188, "n_waypoints_completed": 9, "tot_waypoints": 9}}
{"target": -173.4489745407002, "params": {"k_pid_pos": [2.0, 0.012549935664378467, 1.0], "k_pid_alt": [1.8944521748469831, 0.003162873795763523, 0.014286871930724731], "k_pid_att": [12.936007537267093, 0.17890222720667281, 0.26246431805389997], "k_pid_yaw": [0.5, 1e-06, 0.1], "k_pid_hsp": [0.17385328501563768, 0.016760822042726654, 0.0], "k_pid_vsp": [216.06981126261238, 238.7800268233352, 1.2593649676451921]}, "datetime": {"datetime": "2025-08-21 17:08:59", "elapsed": 30256.25694823265, "delta": 16.21560025215149}, "costs": {"total_cost": 173.4489745407002, "time_cost": 69.264, "final_distance_cost": 1.8348108935755083, "oscillation_cost": 29.67546469463833, "completition_cost": 0.0, "overshoot_cost": 49.87301932857729, "power_cost": 11.569271618652344, "noise_cost": 11.232408005256715, "n_waypoints_completed": 9, "tot_waypoints": 9}}
{"target": -171.6028514931336, "params": {"k_pid_pos": [2.0, 0.014489483688421331, 0.9909949540723092], "k_pid_alt": [2.0, 0.002974422575125603, 0.00950210518977168], "k_pid_att": [8.924299958434494, 0.19763865484648147, 0.33945760003216746], "k_pid_yaw": [0.5, 1e-06, 0.1], "k_pid_hsp": [0.21656362113568148, 0.015871225635923695, 0.0], "k_pid_vsp": [312.3242502495505, 175.45705889599117, 1.8355927578902993]}, "datetime": {"datetime": "2025-08-21 17:09:15", "elapsed": 30272.245970010757, "delta": 15.98902177810669}, "costs": {"total_cost": 171.6028514931336, "time_cost": 69.28, "final_distance_cost": 1.8286337863399846, "oscillation_cost": 29.477710632507495, "completition_cost": 0.0, "overshoot_cost": 49.97856595979526, "power_cost": 10.663872985839845, "noise_cost": 10.374068128651038, "n_waypoints_completed": 9, "tot_waypoints": 9}}
{"target": -173.1987430862588, "params": {"k_pid_pos": [1.4490555912175755, 0.021213277765528598, 0.8603332940976539], "k_pid_alt": [1.3516411322726845, 0.002271244881677034, 0.009816278039005684], "k_pid_att": [15.351733416377035, 0.16035273977985012, 0.22739953702977678], "k_pid_yaw": [0.5, 1e-06, 0.1], "k_pid_hsp": [0.19978185846777294, 0.01255559600788641, 0.0], "k_pid_vsp": [205.99469078649244, 320.9212330009951, 1.5955691908936307]}, "datetime": {"datetime": "2025-08-21 17:09:34", "elapsed": 30290.46184539795, "delta": 18.215875387191772}, "costs": {"total_cost": 173.1987430862588, "time_cost": 70.288, "final_distance_cost": 1.838309933513929, "oscillation_cost": 28.338617030188235, "completition_cost": 0.0, "overshoot_cost": 49.7407835307961, "power_cost": 11.874777197265626, "noise_cost": 11.118255394494916, "n_waypoints_completed": 9, "tot_waypoints": 9}}
