{"target": -176.79454163894113, "params": {"k_pid_pos": [1.7244931185976242, 0.00837013484223262, 0.88976578061744], "k_pid_alt": [1.7237332553524227, 0.0033643453965368896, 0.01081303533127207], "k_pid_att": [13.776106879722628, 0.19131924812430343, 0.2480820769181121], "k_pid_yaw": [0.5, 1e-06, 0.1], "k_pid_hsp": [0.17297221815308483, 0.017478133751160158, 0.0], "k_pid_vsp": [256.39031053766126, 258.1587332396429, 0.7895845432826714]}, "datetime": {"datetime": "2025-08-21 19:16:50", "elapsed": 37927.15958094597, "delta": 17.087427616119385}, "costs": {"total_cost": 176.79454163894113, "time_cost": 69.864, "final_distance_cost": 1.8323683557778299, "oscillation_cost": 28.876077738787533, "completition_cost": 0.0, "overshoot_cost": 50.42591210256133, "power_cost": 13.759949560546875, "noise_cost": 12.03623388126756, "n_waypoints_completed": 9, "tot_waypoints": 9}}
{"target": -167.06001858266757, "params": {"k_pid_pos": [1.6885156965672514, 0.007719408226335755, 0.7021726593043018], "k_pid_alt": [2.0, 0.002709365765295685, 0.01153440982680648], "k_pid_att": [13.404639659598004, 0.18149004883956243, 0.2511755011550597], "k_pid_yaw": [0.5, 1e-06, 0.1], "k_pid_hsp": [0.158889470277901, 0.020340653690918597, 0.0], "k_pid_vsp": [251.3722761619555, 289.419018984575, 0.9882521901713113]}, "datetime": {"datetime": "2025-08-21 19:17:06", "elapsed": 37942.78010201454, "delta": 15.620521068572998}, "costs": {"total_cost": 167.06001858266757, "time_cost": 68.47200000000001, "final_distance_cost": 1.8292287714696105, "oscillation_cost": 29.915908850914406, "completition_cost": 0.0, "overshoot_cost": 49.32980981644175, "power_cost": 8.44615322265625, "noise_cost": 9.066917921185537, "n_waypoints_completed": 9, "tot_waypoints": 9}}
{"target": -176.9182748471116, "params": {"k_pid_pos": [1.8431921099261004, 0.005285661523161691, 0.7969224111347595], "k_pid_alt": [2.0, 0.002696686402834252, 0.010954302921534112], "k_pid_att": [12.148000851212402, 0.169041527080938, 0.22287213900218328], "k_pid_yaw": [0.5, 1e-06, 0.1], "k_pid_hsp": [0.16537645200488255, 0.01678050000802091, 0.0], "k_pid_vsp": [250.73156717974004, 300.0552689788753, 1.0973422652222264]}, "datetime": {"datetime": "2025-08-21 19:17:25", "elapsed": 37961.6180536747, "delta": 18.83795166015625}, "costs": {"total_cost": 176.9182748471116, "time_cost": 69.776, "final_distance_cost": 1.8320292866735597, "oscillation_cost": 29.029797004224882, "completition_cost": 0.0, "overshoot_cost": 50.49490655768441, "power_cost": 13.632315270996095, "noise_cost": 12.153226727532681, "n_waypoints_completed": 9, "tot_waypoints": 9}}
{"target": -173.01038653343076, "params": {"k_pid_pos": [1.8393556765998194, 0.006900426272233064, 0.8309015514797413], "k_pid_alt": [2.0, 0.0017935206133335418, 0.015672186982740248], "k_pid_att": [10.854061221485507, 0.16290018918466315, 0.2605587088850098], "k_pid_yaw": [0.5, 1e-06, 0.1], "k_pid_hsp": [0.17122412599351663, 0.018021441763197123, 0.0], "k_pid_vsp": [226.43964463654004, 230.972318538954, 1.1115425973147746]}, "datetime": {"datetime": "2025-08-21 19:17:41", "elapsed": 37977.60007381439, "delta": 15.982020139694214}, "costs": {"total_cost": 173.01038653343076, "time_cost": 69.112, "final_distance_cost": 1.8412018064767457, "oscillation_cost": 29.07605015233779, "completition_cost": 0.0, "overshoot_cost": 50.55633906824537, "power_cost": 11.602009179687501, "noise_cost": 10.82278632668334, "n_waypoints_completed": 9, "tot_waypoints": 9}}
{"target": -172.39439995407963, "params": {"k_pid_pos": [1.55327802608116, 0.00881600211812903, 0.7305841749215859], "k_pid_alt": [1.7263606842393593, 0.002428312490532761, 0.015367343564738548], "k_pid_att": [12.533416032258566, 0.15865527195098528, 0.33030745263114186], "k_pid_yaw": [0.5, 1e-06, 0.1], "k_pid_hsp": [0.1616400315796359, 0.020264335590238207, 0.0], "k_pid_vsp": [220.49862011361117, 219.54935620298102, 1.0442673822750903]}, "datetime": {"datetime": "2025-08-21 19:17:57", "elapsed": 37994.04208064079, "delta": 16.442006826400757}, "costs": {"total_cost": 172.39439995407963, "time_cost": 68.928, "final_distance_cost": 1.8447080937692641, "oscillation_cost": 29.051106794655055, "completition_cost": 0.0, "overshoot_cost": 49.45133204944187, "power_cost": 11.865069409179688, "noise_cost": 11.254183607033758, "n_waypoints_completed": 9, "tot_waypoints": 9}}
{"target": -172.4364907021641, "params": {"k_pid_pos": [1.5884704793737778, 0.00834884125053383, 0.7244090351180063], "k_pid_alt": [1.9275578493256436, 0.0030278610806854203, 0.01007295186767526], "k_pid_att": [11.069386652746148, 0.163612954297221, 0.26057795193924815], "k_pid_yaw": [0.5, 1e-06, 0.1], "k_pid_hsp": [0.1521653915421513, 0.020211182149717195, 0.0], "k_pid_vsp": [279.01174545323767, 278.2134938077667, 1.2565034548764298]}, "datetime": {"datetime": "2025-08-21 19:18:15", "elapsed": 38011.51084160805, "delta": 17.46876096725464}, "costs": {"total_cost": 172.4364907021641, "time_cost": 69.552, "final_distance_cost": 1.827349646373121, "oscillation_cost": 28.560203502719492, "completition_cost": 0.0, "overshoot_cost": 49.81913370338111, "power_cost": 11.647515661621094, "noise_cost": 11.030288188069289, "n_waypoints_completed": 9, "tot_waypoints": 9}}
{"target": -172.59987093213817, "params": {"k_pid_pos": [1.3572299046621552, 0.008036178667089791, 0.8142049201084918], "k_pid_alt": [1.7713652851578203, 0.002851213108158696, 0.010164633068212995], "k_pid_att": [12.633880680463385, 0.19332489441628517, 0.3077163565393684], "k_pid_yaw": [0.5, 1e-06, 0.1], "k_pid_hsp": [0.12435266724564675, 0.01685122060934301, 0.0], "k_pid_vsp": [268.26656999924575, 260.18026484975667, 0.8221517201165854]}, "datetime": {"datetime": "2025-08-21 19:18:31", "elapsed": 38027.63758134842, "delta": 16.126739740371704}, "costs": {"total_cost": 172.59987093213817, "time_cost": 70.32000000000001, "final_distance_cost": 1.851541598085551, "oscillation_cost": 26.55743424565674, "completition_cost": 0.0, "overshoot_cost": 50.5582739584539, "power_cost": 11.910763098144532, "noise_cost": 11.401858031797452, "n_waypoints_completed": 9, "tot_waypoints": 9}}
{"target": -184.4969096887603, "params": {"k_pid_pos": [1.7215583692309344, 0.0036270021231161378, 1.0], "k_pid_alt": [1.6113003281095073, 0.002930541177750712, 0.01003987047234234], "k_pid_att": [12.112126888124573, 0.14966238841812005, 0.29933374628649995], "k_pid_yaw": [0.5, 1e-06, 0.1], "k_pid_hsp": [0.17129957665345322, 0.021916623978572247, 0.0], "k_pid_vsp": [270.14379956685724, 312.8782864229222, 1.171403125415794]}, "datetime": {"datetime": "2025-08-21 19:18:48", "elapsed": 38045.10469818115, "delta": 17.467116832733154}, "costs": {"total_cost": 184.4969096887603, "time_cost": 71.208, "final_distance_cost": 1.8444257297343771, "oscillation_cost": 29.516964519819012, "completition_cost": 0.0, "overshoot_cost": 51.33361791997193, "power_cost": 16.680470825195314, "noise_cost": 13.913430694039672, "n_waypoints_completed": 9, "tot_waypoints": 9}}
{"target": -168.2812210971848, "params": {"k_pid_pos": [1.5108019589547634, 0.00885040201383373, 0.9590176150565877], "k_pid_alt": [2.0, 0.002401706937246053, 0.010256014057693021], "k_pid_att": [15.403348675143084, 0.16560468619737267, 0.21536535692855963], "k_pid_yaw": [0.5, 1e-06, 0.1], "k_pid_hsp": [0.1543249903067387, 0.021323292526750203, 0.0], "k_pid_vsp": [244.2968602962661, 253.84856320086726, 1.1839370531848272]}, "datetime": {"datetime": "2025-08-21 19:19:04", "elapsed": 38060.77898287773, "delta": 15.67428469657898}, "costs": {"total_cost": 168.2812210971848, "time_cost": 69.848, "final_distance_cost": 1.8471492050586105, "oscillation_cost": 27.331343509049436, "completition_cost": 0.0, "overshoot_cost": 49.364313939031994, "power_cost": 9.7213244140625, "noise_cost": 10.169090029982263, "n_waypoints_completed": 9, "tot_waypoints": 9}}
{"target": -173.21063238837343, "params": {"k_pid_pos": [1.9647024008830076, 0.004910467912471455, 0.8050903572515914], "k_pid_alt": [2.0, 0.002236852720783155, 0.012677939645232063], "k_pid_att": [10.777383654088439, 0.17199561042714265, 0.3488094345764239], "k_pid_yaw": [0.5, 1e-06, 0.1], "k_pid_hsp": [0.16743416027311184, 0.021038639040925195, 0.0], "k_pid_vsp": [270.87111325076825, 259.97804865423365, 1.138095122064747]}, "datetime": {"datetime": "2025-08-21 19:19:21", "elapsed": 38078.30736923218, "delta": 17.52838635444641}, "costs": {"total_cost": 173.21063238837343, "time_cost": 69.328, "final_distance_cost": 1.8238647470637737, "oscillation_cost": 29.359201843250833, "completition_cost": 0.0, "overshoot_cost": 49.642508069450905, "power_cost": 11.994657824707032, "noise_cost": 11.062399903900888, "n_waypoints_completed": 9, "tot_waypoints": 9}}
{"target": -179.83574228823613, "params": {"k_pid_pos": [1.3884367289990092, 0.007027111391638709, 0.7024571029001269], "k_pid_alt": [2.0, 0.0025304383075562824, 0.010265088936149695], "k_pid_att": [13.904744816726874, 0.16659991338772642, 0.2832228212485383], "k_pid_yaw": [0.5, 1e-06, 0.1], "k_pid_hsp": [0.1556961674601333, 0.019484353412826453, 0.0], "k_pid_vsp": [231.81830627540748, 238.35861172059617, 1.1098869492160326]}, "datetime": {"datetime": "2025-08-21 19:19:38", "elapsed": 38094.68180322647, "delta": 16.374433994293213}, "costs": {"total_cost": 179.83574228823613, "time_cost": 71.208, "final_distance_cost": 1.8444053337081165, "oscillation_cost": 28.097917819100665, "completition_cost": 0.0, "overshoot_cost": 50.977838300924304, "power_cost": 14.881033032226563, "noise_cost": 12.826547802276515, "n_waypoints_completed": 9, "tot_waypoints": 9}}
{"target": -169.7569345977946, "params": {"k_pid_pos": [1.683499481126625, 0.005721433974886898, 0.9796019779785493], "k_pid_alt": [1.9830770743732298, 0.0025875143047098697, 0.013419594047057169], "k_pid_att": [11.242527120734167, 0.18611038089015045, 0.29582337840296696], "k_pid_yaw": [0.5, 1e-06, 0.1], "k_pid_hsp": [0.15805648585844898, 0.019058010072391916, 0.0], "k_pid_vsp": [224.56620549932313, 253.3917473228744, 0.9434467141922077]}, "datetime": {"datetime": "2025-08-21 19:19:55", "elapsed": 38112.261922836304, "delta": 17.580119609832764}, "costs": {"total_cost": 169.7569345977946, "time_cost": 69.336, "final_distance_cost": 1.8364203567598985, "oscillation_cost": 28.209583576722686, "completition_cost": 0.0, "overshoot_cost": 49.837316607683356, "power_cost": 10.284049133300782, "noise_cost": 10.253564923327875, "n_waypoints_completed": 9, "tot_waypoints": 9}}
{"target": -171.85956107516037, "params": {"k_pid_pos": [1.9225785029162907, 0.005994421500738499, 0.6499768964960086], "k_pid_alt": [1.6307872537655441, 0.0029255310513566246, 0.01267550807623028], "k_pid_att": [9.837403651935318, 0.16483719893073354, 0.3593131934080302], "k_pid_yaw": [0.5, 1e-06, 0.1], "k_pid_hsp": [0.1564153054190818, 0.019270188442052572, 0.0], "k_pid_vsp": [312.7945315810526, 337.56495417823675, 0.8801000459647126]}, "datetime": {"datetime": "2025-08-21 19:20:11", "elapsed": 38128.32920503616, "delta": 16.06728219985962}, "costs": {"total_cost": 171.85956107516037, "time_cost": 68.592, "final_distance_cost": 1.811412482538826, "oscillation_cost": 30.728113901914693, "completition_cost": 0.0, "overshoot_cost": 50.08338199514722, "power_cost": 10.538715600585938, "noise_cost": 10.105937094973722, "n_waypoints_completed": 9, "tot_waypoints": 9}}
{"target": -172.5821429130932, "params": {"k_pid_pos": [1.2293156884381131, 0.00597190885040924, 0.8733909892117472], "k_pid_alt": [1.8287680918807094, 0.0026747397862811454, 0.014927436506256636], "k_pid_att": [12.66359173072457, 0.14621100158396125, 0.2851610687561057], "k_pid_yaw": [0.5, 1e-06, 0.1], "k_pid_hsp": [0.12174606859085407, 0.019185328527987138, 0.0], "k_pid_vsp": [205.46873104171956, 297.8962647315059, 1.1803048183842737]}, "datetime": {"datetime": "2025-08-21 19:20:29", "elapsed": 38145.81250834465, "delta": 17.48330330848694}, "costs": {"total_cost": 172.5821429130932, "time_cost": 71.608, "final_distance_cost": 1.856772478657223, "oscillation_cost": 26.925740679664884, "completition_cost": 0.0, "overshoot_cost": 50.15337851877363, "power_cost": 11.141455517578125, "noise_cost": 10.896795718419343, "n_waypoints_completed": 9, "tot_waypoints": 9}}
{"target": -179.80218761095745, "params": {"k_pid_pos": [1.5216766644403847, 0.008489874403542855, 0.9244534403619659], "k_pid_alt": [1.9894729263821966, 0.0025398810517575413, 0.01610878974545508], "k_pid_att": [9.87357328674054, 0.16215240049302315, 0.3032909562784769], "k_pid_yaw": [0.5, 1e-06, 0.1], "k_pid_hsp": [0.15873279682228433, 0.018911947535665736, 0.0], "k_pid_vsp": [273.6964358780383, 260.33655786170533, 1.1858772565242006]}, "datetime": {"datetime": "2025-08-21 19:20:45", "elapsed": 38161.954897642136, "delta": 16.14238929748535}, "costs": {"total_cost": 179.80218761095745, "time_cost": 70.96000000000001, "final_distance_cost": 1.8465526218288548, "oscillation_cost": 28.47852173495243, "completition_cost": 0.0, "overshoot_cost": 50.48923722741707, "power_cost": 14.933434716796876, "noise_cost": 13.094441309962198, "n_waypoints_completed": 9, "tot_waypoints": 9}}
{"target": -172.98189545563187, "params": {"k_pid_pos": [1.779213846297048, 0.007328001004223836, 0.894452388723694], "k_pid_alt": [1.599729082012338, 0.0027672390997875197, 0.01280640854784039], "k_pid_att": [11.91108651107974, 0.1508584283067311, 0.2901502658059381], "k_pid_yaw": [0.5, 1e-06, 0.1], "k_pid_hsp": [0.0774054556223554, 0.017570496518828773, 0.0], "k_pid_vsp": [331.1488477844713, 196.27679771108572, 1.0901631958622005]}, "datetime": {"datetime": "2025-08-21 19:21:02", "elapsed": 38179.04223179817, "delta": 17.087334156036377}, "costs": {"total_cost": 172.98189545563187, "time_cost": 69.688, "final_distance_cost": 1.8190138606295194, "oscillation_cost": 29.004504854691227, "completition_cost": 0.0, "overshoot_cost": 51.1030705564948, "power_cost": 10.860805395507812, "noise_cost": 10.506500788308504, "n_waypoints_completed": 9, "tot_waypoints": 9}}
{"target": -167.38394138925048, "params": {"k_pid_pos": [1.6568626813104563, 0.0077143581724209535, 0.9749272156058165], "k_pid_alt": [1.9065510315156102, 0.00194494195186712, 0.007973233541714357], "k_pid_att": [10.72762800041105, 0.20423239729185716, 0.34781211859096456], "k_pid_yaw": [0.5, 1e-06, 0.1], "k_pid_hsp": [0.17248837266978023, 0.018471490635619547, 0.0], "k_pid_vsp": [320.95132587537665, 265.8394813050454, 0.8659903500170175]}, "datetime": {"datetime": "2025-08-21 19:21:19", "elapsed": 38196.07579731941, "delta": 17.033565521240234}, "costs": {"total_cost": 167.38394138925048, "time_cost": 69.19200000000001, "final_distance_cost": 1.8485416168297188, "oscillation_cost": 28.47218041457179, "completition_cost": 0.0, "overshoot_cost": 49.549389968594525, "power_cost": 8.766530822753907, "noise_cost": 9.55529856650055, "n_waypoints_completed": 9, "tot_waypoints": 9}}
{"target": -173.18462173718387, "params": {"k_pid_pos": [1.5002849539534064, 0.0045870883472977, 1.0], "k_pid_alt": [2.0, 0.002837127994308972, 0.012952913826089587], "k_pid_att": [12.975986136263069, 0.23919557358630672, 0.32322601516151056], "k_pid_yaw": [0.5, 1e-06, 0.1], "k_pid_hsp": [0.1649203842440839, 0.01982878660830298, 0.0], "k_pid_vsp": [280.3801952542278, 311.96679572697604, 1.2239550424715417]}, "datetime": {"datetime": "2025-08-21 19:21:35", "elapsed": 38212.15173149109, "delta": 16.075934171676636}, "costs": {"total_cost": 173.18462173718387, "time_cost": 70.568, "final_distance_cost": 1.8440160624218842, "oscillation_cost": 27.435599119411396, "completition_cost": 0.0, "overshoot_cost": 50.45615469209214, "power_cost": 11.647389233398439, "noise_cost": 11.233462629860002, "n_waypoints_completed": 9, "tot_waypoints": 9}}
{"target": -174.04189140895087, "params": {"k_pid_pos": [1.6635111675673155, 0.00912714204317959, 0.7728086960919464], "k_pid_alt": [2.0, 0.0026713562770670223, 0.0128204578445007], "k_pid_att": [14.099874697923758, 0.15334334502019295, 0.33382304667317503], "k_pid_yaw": [0.5, 1e-06, 0.1], "k_pid_hsp": [0.15005370074724533, 0.01735002498638748, 0.0], "k_pid_vsp": [226.12264758576146, 269.6193977129326, 0.9843480312980137]}, "datetime": {"datetime": "2025-08-21 19:21:54", "elapsed": 38230.51790547371, "delta": 18.36617398262024}, "costs": {"total_cost": 174.04189140895087, "time_cost": 69.688, "final_distance_cost": 1.8407113926585414, "oscillation_cost": 27.909578103202225, "completition_cost": 0.0, "overshoot_cost": 50.71663688878285, "power_cost": 12.409486206054687, "noise_cost": 11.477478818252559, "n_waypoints_completed": 9, "tot_waypoints": 9}}
{"target": -170.91704571087288, "params": {"k_pid_pos": [1.6715849608416455, 0.009580308027511813, 0.9771961714798224], "k_pid_alt": [1.947125004790503, 0.002027383220452607, 0.011995457250689201], "k_pid_att": [13.387425014766656, 0.15486315568301587, 0.3226543971276866], "k_pid_yaw": [0.5, 1e-06, 0.1], "k_pid_hsp": [0.16162460629886422, 0.018663247696019236, 0.0], "k_pid_vsp": [270.6487909476816, 282.33709938452915, 1.0579784077789507]}, "datetime": {"datetime": "2025-08-21 19:22:09", "elapsed": 38246.4354326725, "delta": 15.917527198791504}, "costs": {"total_cost": 170.91704571087288, "time_cost": 70.072, "final_distance_cost": 1.8476356955873292, "oscillation_cost": 27.23678582703171, "completition_cost": 0.0, "overshoot_cost": 50.38024632865115, "power_cost": 10.893944152832033, "noise_cost": 10.486433706770677, "n_waypoints_completed": 9, "tot_waypoints": 9}}
{"target": -172.13387640155312, "params": {"k_pid_pos": [1.5756913456433619, 0.008250382627842265, 0.9040710584655972], "k_pid_alt": [2.0, 0.002302818740576269, 0.010312781264022434], "k_pid_att": [14.211971786517353, 0.18761935976346378, 0.27939330611908125], "k_pid_yaw": [0.5, 1e-06, 0.1], "k_pid_hsp": [0.1569055141821847, 0.020184605656970916, 0.0], "k_pid_vsp": [242.24149344287846, 277.00675320470873, 0.9408574270651991]}, "datetime": {"datetime": "2025-08-21 19:22:27", "elapsed": 38263.84142398834, "delta": 17.405991315841675}, "costs": {"total_cost": 172.13387640155312, "time_cost": 69.72, "final_distance_cost": 1.8404617520793471, "oscillation_cost": 27.585943023786534, "completition_cost": 0.0, "overshoot_cost": 50.17936697569555, "power_cost": 11.674827270507812, "noise_cost": 11.133277379483859, "n_waypoints_completed": 9, "tot_waypoints": 9}}
{"target": -174.74301542655726, "params": {"k_pid_pos": [1.8227800025995127, 0.007242353523087192, 0.8899827858745845], "k_pid_alt": [1.848590398696123, 0.0035354455495103243, 0.012319469404716047], "k_pid_att": [11.801443454153622, 0.1718993310324823, 0.2608173244839404], "k_pid_yaw": [0.5, 1e-06, 0.1], "k_pid_hsp": [0.14811401389964063, 0.02013500514488614, 0.0], "k_pid_vsp": [268.41614328957615, 258.6258493202432, 1.0877353521200754]}, "datetime": {"datetime": "2025-08-21 19:22:43", "elapsed": 38279.774401664734, "delta": 15.932977676391602}, "costs": {"total_cost": 174.74301542655726, "time_cost": 69.936, "final_distance_cost": 1.8408821304334542, "oscillation_cost": 28.327652761735713, "completition_cost": 0.0, "overshoot_cost": 50.194759184265365, "power_cost": 12.834929699707033, "noise_cost": 11.608791650415696, "n_waypoints_completed": 9, "tot_waypoints": 9}}
{"target": -173.02087339928752, "params": {"k_pid_pos": [1.3984344679709444, 0.007860711807134128, 0.7041191467885564], "k_pid_alt": [1.5047135557249398, 0.0025987719983140843, 0.01194241217179238], "k_pid_att": [13.002053018733656, 0.17916620967133093, 0.3343981249472187], "k_pid_yaw": [0.5, 1e-06, 0.1], "k_pid_hsp": [0.1732536846874362, 0.021206105253473915, 0.0], "k_pid_vsp": [272.04128179724825, 239.86886113803772, 0.9730258797666709]}, "datetime": {"datetime": "2025-08-21 19:23:00", "elapsed": 38296.5797829628, "delta": 16.805381298065186}, "costs": {"total_cost": 173.02087339928752, "time_cost": 69.976, "final_distance_cost": 1.8509717003438744, "oscillation_cost": 27.630143366925406, "completition_cost": 0.0, "overshoot_cost": 50.171101738885895, "power_cost": 12.107688452148437, "noise_cost": 11.2849681409839, "n_waypoints_completed": 9, "tot_waypoints": 9}}
{"target": -166.5745955384, "params": {"k_pid_pos": [1.6372489372841013, 0.008328537529887041, 0.9388318806142116], "k_pid_alt": [2.0, 0.003146846607634587, 0.013274207720400078], "k_pid_att": [11.56193493533874, 0.15877659619661202, 0.2770921015435783], "k_pid_yaw": [0.5, 1e-06, 0.1], "k_pid_hsp": [0.1472337070176696, 0.015724851615494338, 0.0], "k_pid_vsp": [318.09428483472396, 278.0848514981269, 1.0315318571642098]}, "datetime": {"datetime": "2025-08-21 19:23:16", "elapsed": 38312.54129576683, "delta": 15.961512804031372}, "costs": {"total_cost": 166.5745955384, "time_cost": 69.128, "final_distance_cost": 1.8372140656028224, "oscillation_cost": 28.492050014203123, "completition_cost": 0.0, "overshoot_cost": 49.68529428408488, "power_cost": 8.180447827148438, "noise_cost": 9.251589347360706, "n_waypoints_completed": 9, "tot_waypoints": 9}}
{"target": -177.0251341436017, "params": {"k_pid_pos": [1.317950989749657, 0.004621263082970706, 0.8869953969249691], "k_pid_alt": [2.0, 0.003271928503393296, 0.013931963991614624], "k_pid_att": [13.400907132583782, 0.1808384185291778, 0.38408684182773034], "k_pid_yaw": [0.5, 1e-06, 0.1], "k_pid_hsp": [0.15961194277578142, 0.01959415943782571, 0.0], "k_pid_vsp": [255.56849376015904, 259.72449808922295, 1.060570819427974]}, "datetime": {"datetime": "2025-08-21 19:23:33", "elapsed": 38329.802194833755, "delta": 17.26089906692505}, "costs": {"total_cost": 177.0251341436017, "time_cost": 71.06400000000001, "final_distance_cost": 1.8520324927710299, "oscillation_cost": 27.192953525879865, "completition_cost": 0.0, "overshoot_cost": 50.07317925788323, "power_cost": 13.995212622070314, "noise_cost": 12.847756244997251, "n_waypoints_completed": 9, "tot_waypoints": 9}}
