{"target": -171.41753065106107, "params": {"k_pid_pos": [1.911907452584322, 0.012747635163059172, 1.0], "k_pid_alt": [1.5961537496953235, 0.00248782036990982, 0.013920684932041521], "k_pid_att": [13.755257339188766, 0.13901829023879683, 0.24666127519835643], "k_pid_yaw": [0.5, 1e-06, 0.1], "k_pid_hsp": [0.20622145993257057, 0.02450081045173823, 0.0], "k_pid_vsp": [355.7142333824009, 307.89686446071727, 1.162120232283059]}, "datetime": {"datetime": "2025-08-21 17:23:52", "elapsed": 31148.804680347443, "delta": 17.388719081878662}, "costs": {"total_cost": 171.41753065106107, "time_cost": 69.296, "final_distance_cost": 1.8452415017809407, "oscillation_cost": 29.160111999870892, "completition_cost": 0.0, "overshoot_cost": 49.683761236202784, "power_cost": 10.877086462402344, "noise_cost": 10.555329450804082, "n_waypoints_completed": 9, "tot_waypoints": 9}}
{"target": -176.4922249904644, "params": {"k_pid_pos": [1.5551792027877653, 0.008157111667626634, 0.8113140406781074], "k_pid_alt": [2.0, 0.002852824249363764, 0.011411060491452083], "k_pid_att": [13.434125306050724, 0.1969923363916335, 0.3822460152670042], "k_pid_yaw": [0.5, 1e-06, 0.1], "k_pid_hsp": [0.23497053177699231, 0.02828855406744211, 0.0], "k_pid_vsp": [336.668871443599, 289.18279489614264, 1.0873860572451244]}, "datetime": {"datetime": "2025-08-21 17:24:08", "elapsed": 31165.23126888275, "delta": 16.426588535308838}, "costs": {"total_cost": 176.4922249904644, "time_cost": 70.072, "final_distance_cost": 1.840185291042016, "oscillation_cost": 28.843816128906074, "completition_cost": 0.0, "overshoot_cost": 49.97473349265831, "power_cost": 13.493662646484376, "noise_cost": 12.2678274313736, "n_waypoints_completed": 9, "tot_waypoints": 9}}
{"target": -170.02616199657828, "params": {"k_pid_pos": [1.7640564722043608, 0.01665248532177455, 0.9805965910211093], "k_pid_alt": [1.4456967210798364, 0.00306583691270075, 0.011904573714927686], "k_pid_att": [11.744274777597717, 0.19126215524288, 0.34446751595314723], "k_pid_yaw": [0.5, 1e-06, 0.1], "k_pid_hsp": [0.18522138001897695, 0.023023024257757038, 0.0], "k_pid_vsp": [316.81015982434366, 269.99468439410003, 1.2787690906362248]}, "datetime": {"datetime": "2025-08-21 17:24:26", "elapsed": 31182.49666237831, "delta": 17.265393495559692}, "costs": {"total_cost": 170.02616199657828, "time_cost": 69.104, "final_distance_cost": 1.8373643951103407, "oscillation_cost": 29.408246742929265, "completition_cost": 0.0, "overshoot_cost": 49.660276152257104, "power_cost": 9.946386279296876, "noise_cost": 10.069888426984669, "n_waypoints_completed": 9, "tot_waypoints": 9}}
{"target": -167.90220416041802, "params": {"k_pid_pos": [1.473079649843843, 0.014826868565498004, 1.0], "k_pid_alt": [2.0, 0.002891508526800262, 0.01281177273481264], "k_pid_att": [14.685391227370523, 0.16187745664094588, 0.326552599349842], "k_pid_yaw": [0.5, 1e-06, 0.1], "k_pid_hsp": [0.17553931452948401, 0.01965916300482307, 0.0], "k_pid_vsp": [259.06341306992016, 236.5839601857709, 0.895122704734065]}, "datetime": {"datetime": "2025-08-21 17:24:43", "elapsed": 31199.517456293106, "delta": 17.020793914794922}, "costs": {"total_cost": 167.90220416041802, "time_cost": 70.312, "final_distance_cost": 1.8492302313484958, "oscillation_cost": 26.84248814332459, "completition_cost": 0.0, "overshoot_cost": 49.88179402556829, "power_cost": 9.223494641113282, "noise_cost": 9.793197119063365, "n_waypoints_completed": 9, "tot_waypoints": 9}}
{"target": -172.85640713999823, "params": {"k_pid_pos": [2.0, 0.013376961639513843, 0.7644248919098763], "k_pid_alt": [0.6871823858369805, 0.0024543970656445637, 0.010142573800607802], "k_pid_att": [9.337842382308775, 0.09591582091174237, 0.21195989279497848], "k_pid_yaw": [0.5, 1e-06, 0.1], "k_pid_hsp": [0.17311586892267528, 0.021042356642199934, 0.0], "k_pid_vsp": [231.90838199822028, 311.7814212575754, 1.3245857550141327]}, "datetime": {"datetime": "2025-08-21 17:24:59", "elapsed": 31215.838438034058, "delta": 16.320981740951538}, "costs": {"total_cost": 172.85640713999823, "time_cost": 71.12, "final_distance_cost": 1.8273098174158866, "oscillation_cost": 31.12857192727875, "completition_cost": 0.0, "overshoot_cost": 49.590680155762875, "power_cost": 9.530992639160157, "noise_cost": 9.658852600380541, "n_waypoints_completed": 9, "tot_waypoints": 9}}
{"target": -175.04413549696366, "params": {"k_pid_pos": [1.8571528934704913, 0.01718166031089641, 0.6128951960280397], "k_pid_alt": [1.9640098548652027, 0.0028696340355831855, 0.013670043083768367], "k_pid_att": [9.38773477594181, 0.1391760809168212, 0.3926852332531658], "k_pid_yaw": [0.5, 1e-06, 0.1], "k_pid_hsp": [0.2180852686146121, 0.026189236435147718, 0.0], "k_pid_vsp": [362.17172955065615, 247.3902717219927, 1.1625564781727205]}, "datetime": {"datetime": "2025-08-21 17:25:16", "elapsed": 31232.59579730034, "delta": 16.757359266281128}, "costs": {"total_cost": 175.04413549696366, "time_cost": 68.888, "final_distance_cost": 1.828643781702419, "oscillation_cost": 30.259410690550915, "completition_cost": 0.0, "overshoot_cost": 50.428420007308745, "power_cost": 12.346377124023437, "noise_cost": 11.293283893378149, "n_waypoints_completed": 9, "tot_waypoints": 9}}
{"target": -166.53577997093907, "params": {"k_pid_pos": [1.9287782712106498, 0.015362712645704485, 0.7240901063361882], "k_pid_alt": [1.3314166203013096, 0.0033490608489855907, 0.012875113693114332], "k_pid_att": [10.142590179804671, 0.1626246485660669, 0.2786357747984248], "k_pid_yaw": [0.5, 1e-06, 0.1], "k_pid_hsp": [0.2171109639377986, 0.023688419891014518, 0.0], "k_pid_vsp": [239.93515006743544, 197.72621983352155, 1.4536600085446947]}, "datetime": {"datetime": "2025-08-21 17:25:31", "elapsed": 31248.09445142746, "delta": 15.498654127120972}, "costs": {"total_cost": 166.53577997093907, "time_cost": 68.376, "final_distance_cost": 1.8227105992714288, "oscillation_cost": 30.686799095632953, "completition_cost": 0.0, "overshoot_cost": 49.32705403950442, "power_cost": 7.706254736328125, "noise_cost": 8.61696150020215, "n_waypoints_completed": 9, "tot_waypoints": 9}}
{"target": -174.76605360133968, "params": {"k_pid_pos": [1.9168448638610445, 0.01605808446519029, 0.9235058053027503], "k_pid_alt": [0.8894825871356753, 0.003524408232121286, 0.009037355269264254], "k_pid_att": [12.138546998710154, 0.1385477376442868, 0.17037848057039714], "k_pid_yaw": [0.5, 1e-06, 0.1], "k_pid_hsp": [0.22161546124746567, 0.01595360594625889, 0.0], "k_pid_vsp": [266.81814347746575, 269.32222416362987, 1.5057049095980617]}, "datetime": {"datetime": "2025-08-21 17:25:48", "elapsed": 31265.062602996826, "delta": 16.968151569366455}, "costs": {"total_cost": 174.76605360133968, "time_cost": 70.06400000000001, "final_distance_cost": 1.8354825621318773, "oscillation_cost": 30.16863417654403, "completition_cost": 0.0, "overshoot_cost": 49.77479055135596, "power_cost": 11.796540441894532, "noise_cost": 11.12660586941329, "n_waypoints_completed": 9, "tot_waypoints": 9}}
{"target": -175.2737617672117, "params": {"k_pid_pos": [2.0, 0.013892381787314325, 0.7392036806928343], "k_pid_alt": [1.4371704969040184, 0.002661663928912341, 0.013662929483888983], "k_pid_att": [13.64957585692955, 0.2141939116554273, 0.25225617722927957], "k_pid_yaw": [0.5, 1e-06, 0.1], "k_pid_hsp": [0.1516397590372781, 0.026787755892660567, 0.0], "k_pid_vsp": [361.169492166694, 400.0, 1.1027766098234972]}, "datetime": {"datetime": "2025-08-21 17:26:03", "elapsed": 31280.406774520874, "delta": 15.344171524047852}, "costs": {"total_cost": 175.2737617672117, "time_cost": 68.712, "final_distance_cost": 1.8021525545598378, "oscillation_cost": 31.009368858191387, "completition_cost": 0.0, "overshoot_cost": 50.03250316853131, "power_cost": 12.403545520019533, "noise_cost": 11.314191665909641, "n_waypoints_completed": 9, "tot_waypoints": 9}}
{"target": -177.10417079268737, "params": {"k_pid_pos": [1.7995598066416552, 0.011948519088145084, 1.0], "k_pid_alt": [1.8367806147952732, 0.002849195570916239, 0.009404811973984385], "k_pid_att": [13.787011995410657, 0.20138339249388829, 0.24819197203264168], "k_pid_yaw": [0.5, 1e-06, 0.1], "k_pid_hsp": [0.19886594963103418, 0.028232140567863034, 0.0], "k_pid_vsp": [224.61566133006613, 258.69627507448246, 1.3274112124242936]}, "datetime": {"datetime": "2025-08-21 17:26:21", "elapsed": 31297.466757535934, "delta": 17.059983015060425}, "costs": {"total_cost": 177.10417079268737, "time_cost": 69.816, "final_distance_cost": 1.848373137620145, "oscillation_cost": 29.512504023639003, "completition_cost": 0.0, "overshoot_cost": 50.52935471842495, "power_cost": 13.550624694824219, "noise_cost": 11.847314218179063, "n_waypoints_completed": 9, "tot_waypoints": 9}}
{"target": -173.5373792890648, "params": {"k_pid_pos": [1.382455026800218, 0.011478274842349999, 0.7200818735464646], "k_pid_alt": [2.0, 0.0039303805578195395, 0.010205210028928248], "k_pid_att": [11.436621369900308, 0.16105793172709112, 0.20846062303553295], "k_pid_yaw": [0.5, 1e-06, 0.1], "k_pid_hsp": [0.20594010223546433, 0.017593842405052337, 0.0], "k_pid_vsp": [295.4615994814519, 327.6934070161414, 1.3899186889529496]}, "datetime": {"datetime": "2025-08-21 17:26:37", "elapsed": 31313.919809103012, "delta": 16.453051567077637}, "costs": {"total_cost": 173.5373792890648, "time_cost": 70.08, "final_distance_cost": 1.8373383767218165, "oscillation_cost": 27.217697715934847, "completition_cost": 0.0, "overshoot_cost": 50.34717774763889, "power_cost": 12.489603601074219, "noise_cost": 11.56556184769504, "n_waypoints_completed": 9, "tot_waypoints": 9}}
{"target": -169.87390817606445, "params": {"k_pid_pos": [2.0, 0.007367266339336637, 1.0], "k_pid_alt": [1.4139825763096574, 0.002808935938545497, 0.013910328040331071], "k_pid_att": [15.308713710611395, 0.1935168927437093, 0.25597228938003974], "k_pid_yaw": [0.5, 1e-06, 0.1], "k_pid_hsp": [0.17025683867311012, 0.00941964280154166, 0.0], "k_pid_vsp": [277.6684344472296, 302.93437484128077, 1.2828558658035047]}, "datetime": {"datetime": "2025-08-21 17:26:53", "elapsed": 31330.250286340714, "delta": 16.330477237701416}, "costs": {"total_cost": 169.87390817606445, "time_cost": 68.92, "final_distance_cost": 1.8417014063585821, "oscillation_cost": 29.822392072656, "completition_cost": 0.0, "overshoot_cost": 50.06369969563152, "power_cost": 9.489789331054688, "noise_cost": 9.736325670363682, "n_waypoints_completed": 9, "tot_waypoints": 9}}
{"target": -171.37554857153089, "params": {"k_pid_pos": [1.5098293955341713, 0.011083509205225309, 0.7497868443770388], "k_pid_alt": [1.3449674530627707, 0.0026930990669951547, 0.011913567783329007], "k_pid_att": [15.542128825408946, 0.19614968674189062, 0.27035668257414097], "k_pid_yaw": [0.5, 1e-06, 0.1], "k_pid_hsp": [0.18659243140040319, 0.021301324575599644, 0.0], "k_pid_vsp": [308.1233469602269, 274.88354764544044, 1.1728291815274139]}, "datetime": {"datetime": "2025-08-21 17:27:10", "elapsed": 31346.891129493713, "delta": 16.640843152999878}, "costs": {"total_cost": 171.37554857153089, "time_cost": 69.28, "final_distance_cost": 1.8369878037282734, "oscillation_cost": 29.0669917460665, "completition_cost": 0.0, "overshoot_cost": 50.031206326831196, "power_cost": 10.653758728027345, "noise_cost": 10.506603966877549, "n_waypoints_completed": 9, "tot_waypoints": 9}}
{"target": -173.8910801195619, "params": {"k_pid_pos": [1.60444360310727, 0.014689201938219978, 0.8533469073231089], "k_pid_alt": [1.1633728636543765, 0.0032838556321402503, 0.010004487296696287], "k_pid_att": [15.821700109977712, 0.18286664481069323, 0.30563784355596124], "k_pid_yaw": [0.5, 1e-06, 0.1], "k_pid_hsp": [0.13430970152132524, 0.02010193595289987, 0.0], "k_pid_vsp": [204.46699877359143, 230.97301794174015, 0.8183232397345864]}, "datetime": {"datetime": "2025-08-21 17:27:26", "elapsed": 31362.80710196495, "delta": 15.915972471237183}, "costs": {"total_cost": 173.8910801195619, "time_cost": 69.696, "final_distance_cost": 1.8324800498764384, "oscillation_cost": 29.019099635020304, "completition_cost": 0.0, "overshoot_cost": 50.210338649774414, "power_cost": 12.042386193847657, "noise_cost": 11.09077559104311, "n_waypoints_completed": 9, "tot_waypoints": 9}}
{"target": -173.18144720791219, "params": {"k_pid_pos": [1.5054577179271622, 0.0086964785950279, 0.7054832278475799], "k_pid_alt": [1.9504337962360399, 0.0023310568884698855, 0.011604366228650876], "k_pid_att": [13.231616989855482, 0.14057046900367834, 0.1999032129756415], "k_pid_yaw": [0.5, 1e-06, 0.1], "k_pid_hsp": [0.16261867275598688, 0.024269490912095626, 0.0], "k_pid_vsp": [222.78682485943213, 338.5599556740227, 1.03682908124075]}, "datetime": {"datetime": "2025-08-21 17:27:43", "elapsed": 31379.722097158432, "delta": 16.914995193481445}, "costs": {"total_cost": 173.18144720791219, "time_cost": 69.896, "final_distance_cost": 1.840033557652921, "oscillation_cost": 28.134906378958018, "completition_cost": 0.0, "overshoot_cost": 49.68495627615853, "power_cost": 12.287504223632814, "noise_cost": 11.338046771509875, "n_waypoints_completed": 9, "tot_waypoints": 9}}
{"target": -181.2470632321813, "params": {"k_pid_pos": [1.7965189385755067, 0.008474441627027858, 1.0], "k_pid_alt": [2.0, 0.0030685733670919126, 0.010458303669110457], "k_pid_att": [10.706785702344149, 0.15581541852496783, 0.27474646258759633], "k_pid_yaw": [0.5, 1e-06, 0.1], "k_pid_hsp": [0.23201008552131164, 0.01785617677505622, 0.0], "k_pid_vsp": [178.60762538519637, 236.29698814692065, 1.2903269986817665]}, "datetime": {"datetime": "2025-08-21 17:27:59", "elapsed": 31395.756850004196, "delta": 16.03475284576416}, "costs": {"total_cost": 181.2470632321813, "time_cost": 70.424, "final_distance_cost": 1.8376453532696104, "oscillation_cost": 30.627155638727878, "completition_cost": 0.0, "overshoot_cost": 51.04434589964018, "power_cost": 14.584764880371095, "noise_cost": 12.729151460172515, "n_waypoints_completed": 9, "tot_waypoints": 9}}
{"target": -174.37673430137886, "params": {"k_pid_pos": [1.7787027980358605, 0.014080036812680436, 1.0], "k_pid_alt": [2.0, 0.0020184051682084285, 0.01207088187277604], "k_pid_att": [15.274936363290328, 0.17673198101373955, 0.22974639942250907], "k_pid_yaw": [0.5, 1e-06, 0.1], "k_pid_hsp": [0.24356938221390334, 0.022488850302631466, 0.0], "k_pid_vsp": [336.0127043495927, 297.0730879287377, 1.4330856255751632]}, "datetime": {"datetime": "2025-08-21 17:28:16", "elapsed": 31413.09882736206, "delta": 17.34197735786438}, "costs": {"total_cost": 174.37673430137886, "time_cost": 69.928, "final_distance_cost": 1.8364421156481932, "oscillation_cost": 28.189682224741453, "completition_cost": 0.0, "overshoot_cost": 50.11873700033356, "power_cost": 12.513257092285157, "noise_cost": 11.79061586837049, "n_waypoints_completed": 9, "tot_waypoints": 9}}
{"target": -170.10339893128474, "params": {"k_pid_pos": [1.6215772015467715, 0.019822336482898082, 0.9364887995912797], "k_pid_alt": [1.5332990677642384, 0.003182664646900511, 0.008946781780885612], "k_pid_att": [11.280173350284118, 0.1328346254519794, 0.1658487268935023], "k_pid_yaw": [0.5, 1e-06, 0.1], "k_pid_hsp": [0.17757104955863479, 0.014240398831853672, 0.0], "k_pid_vsp": [309.93655567194736, 277.6822672431669, 1.2313039811979651]}, "datetime": {"datetime": "2025-08-21 17:28:33", "elapsed": 31430.009502649307, "delta": 16.910675287246704}, "costs": {"total_cost": 170.10339893128474, "time_cost": 69.416, "final_distance_cost": 1.8443682298919972, "oscillation_cost": 27.997938222426836, "completition_cost": 0.0, "overshoot_cost": 49.710147860782854, "power_cost": 10.598049902343751, "noise_cost": 10.536894715839306, "n_waypoints_completed": 9, "tot_waypoints": 9}}
{"target": -173.8307457142009, "params": {"k_pid_pos": [1.9923741050745922, 0.016548948526803903, 0.573768560417707], "k_pid_alt": [1.6093669558733203, 0.0038225274558633597, 0.01081167643840576], "k_pid_att": [12.10500797303429, 0.11873126060678763, 0.2533906199419521], "k_pid_yaw": [0.5, 1e-06, 0.1], "k_pid_hsp": [0.20372151734175012, 0.022857579843388123, 0.0], "k_pid_vsp": [344.42345155944236, 247.2055123551792, 1.1759667135994143]}, "datetime": {"datetime": "2025-08-21 17:28:49", "elapsed": 31445.669517040253, "delta": 15.660014390945435}, "costs": {"total_cost": 173.8307457142009, "time_cost": 68.296, "final_distance_cost": 1.7991052634611022, "oscillation_cost": 31.35193099758893, "completition_cost": 0.0, "overshoot_cost": 50.17763689866655, "power_cost": 11.548811706542969, "noise_cost": 10.65726084794132, "n_waypoints_completed": 9, "tot_waypoints": 9}}
{"target": -180.71248969104883, "params": {"k_pid_pos": [1.361688139960661, 0.013266368381776014, 0.9568044319841084], "k_pid_alt": [1.9524543045999818, 0.002384888238391015, 0.012862889442701008], "k_pid_att": [13.994210627835239, 0.1666474162506457, 0.30430456058977584], "k_pid_yaw": [0.5, 1e-06, 0.1], "k_pid_hsp": [0.14929260827633714, 0.018856783723139585, 0.0], "k_pid_vsp": [244.29896394924128, 205.09088054201047, 1.520308366996046]}, "datetime": {"datetime": "2025-08-21 17:29:06", "elapsed": 31463.24889588356, "delta": 17.579378843307495}, "costs": {"total_cost": 180.71248969104883, "time_cost": 72.032, "final_distance_cost": 1.8531388874203807, "oscillation_cost": 27.2437619114963, "completition_cost": 0.0, "overshoot_cost": 51.08158066339644, "power_cost": 15.17835672607422, "noise_cost": 13.323651502661502, "n_waypoints_completed": 9, "tot_waypoints": 9}}
{"target": -171.86137079046654, "params": {"k_pid_pos": [1.6293626666694496, 0.015173432350835236, 0.660239707744487], "k_pid_alt": [1.6923783760014108, 0.0029413295282899143, 0.012842813216818667], "k_pid_att": [13.422060354831375, 0.1819297361572172, 0.20387077112721583], "k_pid_yaw": [0.5, 1e-06, 0.1], "k_pid_hsp": [0.20089501345857308, 0.020204576363460975, 0.0], "k_pid_vsp": [321.3717561434821, 236.7788700878341, 1.200759639260981]}, "datetime": {"datetime": "2025-08-21 17:29:22", "elapsed": 31479.150072574615, "delta": 15.901176691055298}, "costs": {"total_cost": 171.86137079046654, "time_cost": 69.072, "final_distance_cost": 1.843428630822205, "oscillation_cost": 29.664752136398647, "completition_cost": 0.0, "overshoot_cost": 49.35680487051897, "power_cost": 11.20620263671875, "noise_cost": 10.718182516007943, "n_waypoints_completed": 9, "tot_waypoints": 9}}
{"target": -171.7267448610373, "params": {"k_pid_pos": [1.7861633026086075, 0.028720272020826058, 0.8499092089337088], "k_pid_alt": [1.913702068549319, 0.002560718808609435, 0.011909891389596639], "k_pid_att": [12.838470847545556, 0.15739464939225964, 0.26273257679992046], "k_pid_yaw": [0.5, 1e-06, 0.1], "k_pid_hsp": [0.18852818591106554, 0.024057506944540553, 0.0], "k_pid_vsp": [349.63097488937683, 400.0, 1.3584105631346954]}, "datetime": {"datetime": "2025-08-21 17:29:39", "elapsed": 31496.13496518135, "delta": 16.98489260673523}, "costs": {"total_cost": 171.7267448610373, "time_cost": 69.264, "final_distance_cost": 1.8451413309511036, "oscillation_cost": 28.90786354365751, "completition_cost": 0.0, "overshoot_cost": 49.288542944676195, "power_cost": 11.475754626464845, "noise_cost": 10.945442415287664, "n_waypoints_completed": 9, "tot_waypoints": 9}}
{"target": -182.19758235502684, "params": {"k_pid_pos": [1.7634710776821647, 0.018040175109927427, 0.825434504611653], "k_pid_alt": [1.8829389832268657, 0.002899743456709959, 0.012058805852886876], "k_pid_att": [13.815032032557516, 0.19067362466992555, 0.21427340135034703], "k_pid_yaw": [0.5, 1e-06, 0.1], "k_pid_hsp": [0.18866917648143522, 0.020440672718741285, 0.0], "k_pid_vsp": [210.4120142894479, 126.33092651618962, 1.107565766620196]}, "datetime": {"datetime": "2025-08-21 17:29:56", "elapsed": 31512.569939136505, "delta": 16.43497395515442}, "costs": {"total_cost": 182.19758235502684, "time_cost": 69.57600000000001, "final_distance_cost": 1.8238474548462396, "oscillation_cost": 29.942308492651065, "completition_cost": 0.0, "overshoot_cost": 50.97413334743321, "power_cost": 16.525240844726564, "noise_cost": 13.356052215369743, "n_waypoints_completed": 9, "tot_waypoints": 9}}
{"target": -174.7384062865216, "params": {"k_pid_pos": [1.565258650103227, 0.01953938054305014, 0.8815911237298341], "k_pid_alt": [1.4258911188132146, 0.0035253222210906853, 0.013012592053176028], "k_pid_att": [11.362337042156062, 0.2107702065522976, 0.2337432558274095], "k_pid_yaw": [0.5, 1e-06, 0.1], "k_pid_hsp": [0.20126881704915608, 0.0226702095816755, 0.0], "k_pid_vsp": [321.4799174580701, 260.1878454989653, 0.7103180708048482]}, "datetime": {"datetime": "2025-08-21 17:30:13", "elapsed": 31529.452694416046, "delta": 16.882755279541016}, "costs": {"total_cost": 174.7384062865216, "time_cost": 69.64, "final_distance_cost": 1.8415724376825704, "oscillation_cost": 28.60574064696422, "completition_cost": 0.0, "overshoot_cost": 49.88349198009108, "power_cost": 12.63416639404297, "noise_cost": 12.133434827740746, "n_waypoints_completed": 9, "tot_waypoints": 9}}
{"target": -172.08057980073772, "params": {"k_pid_pos": [1.9483494317932184, 0.014289223532348507, 0.9060336904325027], "k_pid_alt": [2.0, 0.00322937131603708, 0.01138337987548893], "k_pid_att": [14.720279771741446, 0.22277715037946466, 0.2121567532929567], "k_pid_yaw": [0.5, 1e-06, 0.1], "k_pid_hsp": [0.2025921622297829, 0.018882156886671535, 0.0], "k_pid_vsp": [194.8495422210584, 202.6792894397748, 1.1905910545484353]}, "datetime": {"datetime": "2025-08-21 17:30:29", "elapsed": 31545.899297714233, "delta": 16.446603298187256}, "costs": {"total_cost": 172.08057980073772, "time_cost": 68.896, "final_distance_cost": 1.8337443677361351, "oscillation_cost": 29.810608268298903, "completition_cost": 0.0, "overshoot_cost": 49.90908672122562, "power_cost": 10.92244315185547, "noise_cost": 10.708697291621618, "n_waypoints_completed": 9, "tot_waypoints": 9}}
