{"target": -171.1977573413328, "params": {"k_pid_pos": [1.6614004602041328, 0.052563761907510075, 1.0], "k_pid_alt": [2.0, 0.002795419676753961, 0.012970582636934284], "k_pid_att": [14.198511849810815, 0.24514095527140015, 0.5225655353143909], "k_pid_yaw": [0.5, 1e-06, 0.1], "k_pid_hsp": [0.13516039312368555, 0.02017079760079631, 0.0], "k_pid_vsp": [253.15920868795914, 234.15016375669907, 1.7895462494219136]}, "datetime": {"datetime": "2025-08-21 14:42:50", "elapsed": 21486.80960035324, "delta": 16.04697012901306}, "costs": {"total_cost": 171.1977573413328, "time_cost": 69.392, "final_distance_cost": 1.8303806765489457, "oscillation_cost": 27.843892017575865, "completition_cost": 0.0, "overshoot_cost": 50.11632940887007, "power_cost": 11.14558310546875, "noise_cost": 10.869572132869179, "n_waypoints_completed": 9, "tot_waypoints": 9}}
{"target": -176.1428013070855, "params": {"k_pid_pos": [2.0, 0.03902660887256821, 1.0], "k_pid_alt": [1.4327625681792544, 0.003860229482316798, 0.013715471280951822], "k_pid_att": [24.881844378120245, 0.10867389196098616, 0.46754631309458555], "k_pid_yaw": [0.5, 1e-06, 0.1], "k_pid_hsp": [0.15794615464819273, 0.01785734276515113, 0.0], "k_pid_vsp": [221.98152607387036, 183.61883281880554, 2.2671731525738754]}, "datetime": {"datetime": "2025-08-21 14:43:07", "elapsed": 21503.462913513184, "delta": 16.653313159942627}, "costs": {"total_cost": 176.1428013070855, "time_cost": 69.968, "final_distance_cost": 1.8226029805051718, "oscillation_cost": 28.597990869498968, "completition_cost": 0.0, "overshoot_cost": 50.28245192462203, "power_cost": 13.532710681152345, "noise_cost": 11.939044851307003, "n_waypoints_completed": 9, "tot_waypoints": 9}}
{"target": -170.78066584448504, "params": {"k_pid_pos": [1.331227685882497, 0.0431584669069105, 0.6532812192086942], "k_pid_alt": [2.0, 0.004820855863784804, 0.016330975664353164], "k_pid_att": [19.964941825513456, 0.2083408025151865, 0.41482380482745657], "k_pid_yaw": [0.5, 1e-06, 0.1], "k_pid_hsp": [0.1586396179173342, 0.01620577305290555, 0.0], "k_pid_vsp": [325.2220960817732, 191.73444152059767, 1.2376141950506756]}, "datetime": {"datetime": "2025-08-21 14:43:23", "elapsed": 21519.736224889755, "delta": 16.273311376571655}, "costs": {"total_cost": 170.78066584448504, "time_cost": 69.944, "final_distance_cost": 1.8419541010683138, "oscillation_cost": 26.560472222587467, "completition_cost": 0.0, "overshoot_cost": 50.28909077021232, "power_cost": 11.234784729003907, "noise_cost": 10.910364021613043, "n_waypoints_completed": 9, "tot_waypoints": 9}}
{"target": -170.22104875396744, "params": {"k_pid_pos": [2.0, 0.03962768503078524, 1.0], "k_pid_alt": [0.8917789195112252, 0.0021121545432007394, 0.009038601461736538], "k_pid_att": [13.927792989807495, 0.0001, 0.5564974006827604], "k_pid_yaw": [0.5, 1e-06, 0.1], "k_pid_hsp": [0.21799650922345237, 0.02084758286122888, 0.0], "k_pid_vsp": [178.3615093983251, 242.7094744116126, 1.696506087748185]}, "datetime": {"datetime": "2025-08-21 14:43:39", "elapsed": 21536.194730758667, "delta": 16.458505868911743}, "costs": {"total_cost": 170.22104875396744, "time_cost": 69.872, "final_distance_cost": 1.8376644067105088, "oscillation_cost": 30.485357997269478, "completition_cost": 0.0, "overshoot_cost": 49.14135252660645, "power_cost": 9.323211071777344, "noise_cost": 9.561462751603663, "n_waypoints_completed": 9, "tot_waypoints": 9}}
{"target": -184.35721362184742, "params": {"k_pid_pos": [2.0, 0.07311787500100565, 0.579919631889631], "k_pid_alt": [2.0, 0.004678978740743672, 0.006740002712260984], "k_pid_att": [17.845895662912497, 0.2324025088362204, 0.3314385769902801], "k_pid_yaw": [0.5, 1e-06, 0.1], "k_pid_hsp": [0.19007082430833713, 0.01534679751543587, 0.0], "k_pid_vsp": [213.57008749723613, 169.12812203996126, 2.8527229255396414]}, "datetime": {"datetime": "2025-08-21 14:43:55", "elapsed": 21552.371113300323, "delta": 16.176382541656494}, "costs": {"total_cost": 184.35721362184742, "time_cost": 70.872, "final_distance_cost": 1.7814349629306008, "oscillation_cost": 32.94658372805708, "completition_cost": 0.0, "overshoot_cost": 50.806175067191965, "power_cost": 15.236737524414064, "noise_cost": 12.714282339253726, "n_waypoints_completed": 9, "tot_waypoints": 9}}
{"target": -172.17341266200654, "params": {"k_pid_pos": [1.5437162494143182, 0.017730291998981917, 1.0], "k_pid_alt": [1.4886576001198168, 0.0049237115146173885, 0.009454259744437367], "k_pid_att": [15.674560781701866, 0.19231618297219277, 0.4042600651619421], "k_pid_yaw": [0.5, 1e-06, 0.1], "k_pid_hsp": [0.16004425196747288, 0.017139246536727853, 0.0], "k_pid_vsp": [270.74587800119593, 226.76393018977464, 1.6437217251598328]}, "datetime": {"datetime": "2025-08-21 14:44:12", "elapsed": 21569.0412003994, "delta": 16.670087099075317}, "costs": {"total_cost": 172.17341266200654, "time_cost": 70.06400000000001, "final_distance_cost": 1.8396579824761201, "oscillation_cost": 27.877302725883556, "completition_cost": 0.0, "overshoot_cost": 49.70725757329607, "power_cost": 11.39091864013672, "noise_cost": 11.29427574021407, "n_waypoints_completed": 9, "tot_waypoints": 9}}
{"target": -182.1743613053839, "params": {"k_pid_pos": [1.4197672792936442, 0.04428620514085695, 1.0], "k_pid_alt": [2.0, 0.0014073249079844495, 0.0066027901913664365], "k_pid_att": [25.965032001503545, 0.21154377649682196, 0.3980378062731868], "k_pid_yaw": [0.5, 1e-06, 0.1], "k_pid_hsp": [0.21223331085654726, 0.017756169961702237, 0.0], "k_pid_vsp": [215.42329336359953, 237.0117300529627, 1.5562011666494666]}, "datetime": {"datetime": "2025-08-21 14:44:29", "elapsed": 21585.912045955658, "delta": 16.870845556259155}, "costs": {"total_cost": 182.1743613053839, "time_cost": 71.456, "final_distance_cost": 1.8494262362544338, "oscillation_cost": 27.65684645780321, "completition_cost": 0.0, "overshoot_cost": 50.39202150728724, "power_cost": 16.319160607910156, "noise_cost": 14.500906496128877, "n_waypoints_completed": 9, "tot_waypoints": 9}}
{"target": -176.73027367719638, "params": {"k_pid_pos": [1.7435112078433284, 0.05841710008062717, 0.8058094076690318], "k_pid_alt": [1.168700235921273, 0.004388121935492419, 0.011754038142844647], "k_pid_att": [16.940624358689494, 0.11596580314327389, 0.4118481611269877], "k_pid_yaw": [0.5, 1e-06, 0.1], "k_pid_hsp": [0.21069769717372858, 0.01470874228903866, 0.0], "k_pid_vsp": [261.15639922568545, 165.61069748819216, 2.000621573615811]}, "datetime": {"datetime": "2025-08-21 14:44:45", "elapsed": 21601.93309521675, "delta": 16.02104926109314}, "costs": {"total_cost": 176.73027367719638, "time_cost": 70.112, "final_distance_cost": 1.8403190558718663, "oscillation_cost": 28.622934165313815, "completition_cost": 0.0, "overshoot_cost": 50.32765590820347, "power_cost": 13.746267407226563, "noise_cost": 12.081097140580686, "n_waypoints_completed": 9, "tot_waypoints": 9}}
{"target": -180.18937785035192, "params": {"k_pid_pos": [1.8241971412216145, 0.011309901656766834, 1.0], "k_pid_alt": [2.0, 0.0038552303666375205, 0.007073813031082621], "k_pid_att": [8.59172588580032, 0.13076672241671267, 0.2806490232698074], "k_pid_yaw": [0.5, 1e-06, 0.1], "k_pid_hsp": [0.19089390928536887, 0.010805593725976934, 0.0], "k_pid_vsp": [194.39757559425485, 267.54456352411205, 2.5726385256264312]}, "datetime": {"datetime": "2025-08-21 14:45:01", "elapsed": 21618.40333175659, "delta": 16.4702365398407}, "costs": {"total_cost": 180.18937785035192, "time_cost": 70.19200000000001, "final_distance_cost": 1.8363722626294536, "oscillation_cost": 28.974300565985054, "completition_cost": 0.0, "overshoot_cost": 51.01414389273209, "power_cost": 15.037828161621094, "noise_cost": 13.13473296738419, "n_waypoints_completed": 9, "tot_waypoints": 9}}
{"target": -181.4737022593529, "params": {"k_pid_pos": [0.9098626200776384, 0.05151633436934031, 1.0], "k_pid_alt": [2.0, 0.005274982793713317, 0.008505139523481729], "k_pid_att": [15.91637913623938, 0.26109543334415264, 0.33613545279930995], "k_pid_yaw": [0.5, 1e-06, 0.1], "k_pid_hsp": [0.09930741870001254, 0.025345893954286075, 0.0], "k_pid_vsp": [189.3688735578605, 267.00255018585966, 1.2949163981612115]}, "datetime": {"datetime": "2025-08-21 14:45:20", "elapsed": 21637.198820590973, "delta": 18.795488834381104}, "costs": {"total_cost": 181.4737022593529, "time_cost": 78.992, "final_distance_cost": 1.8547156852535913, "oscillation_cost": 26.24176295950691, "completition_cost": 0.0, "overshoot_cost": 51.25880383323638, "power_cost": 10.747730249023437, "noise_cost": 12.378689532332581, "n_waypoints_completed": 9, "tot_waypoints": 9}}
{"target": -176.98087571352434, "params": {"k_pid_pos": [2.0, 0.05163416093573045, 0.9643438841964626], "k_pid_alt": [1.6660686941864908, 0.004178995811071128, 0.0034918459400947745], "k_pid_att": [18.991758888577884, 0.14423544238602073, 0.3916159529469608], "k_pid_yaw": [0.5, 1e-06, 0.1], "k_pid_hsp": [0.23900312370167687, 0.02880528443115211, 0.0], "k_pid_vsp": [295.2058865386659, 303.5359331034578, 3.6971647199047015]}, "datetime": {"datetime": "2025-08-21 14:45:36", "elapsed": 21653.07100057602, "delta": 15.872179985046387}, "costs": {"total_cost": 176.98087571352434, "time_cost": 69.72, "final_distance_cost": 1.8428994023893441, "oscillation_cost": 29.197374787887707, "completition_cost": 0.0, "overshoot_cost": 49.83493361409513, "power_cost": 14.144781909179688, "noise_cost": 12.240885999972445, "n_waypoints_completed": 9, "tot_waypoints": 9}}
{"target": -170.83489800855114, "params": {"k_pid_pos": [1.2510633106237792, 0.03464269422734756, 0.9471526211823394], "k_pid_alt": [1.7135717564581776, 0.001770252276570291, 0.006339780701716033], "k_pid_att": [18.8240272086209, 0.33521934640425766, 0.39835511734092327], "k_pid_yaw": [0.5, 1e-06, 0.1], "k_pid_hsp": [0.16136253509665097, 0.013510834306229074, 0.0], "k_pid_vsp": [267.02641180131474, 195.96824634785878, 1.3266462855642802]}, "datetime": {"datetime": "2025-08-21 14:45:53", "elapsed": 21670.40794801712, "delta": 17.336947441101074}, "costs": {"total_cost": 170.83489800855114, "time_cost": 72.176, "final_distance_cost": 1.8479947590872772, "oscillation_cost": 26.03661495368646, "completition_cost": 0.0, "overshoot_cost": 50.028226969046045, "power_cost": 10.136661328125001, "noise_cost": 10.609399998606367, "n_waypoints_completed": 9, "tot_waypoints": 9}}
{"target": -179.70903646251935, "params": {"k_pid_pos": [2.0, 0.046484395568507815, 1.0], "k_pid_alt": [1.7508714345941254, 0.00498004157079208, 0.018789008128805403], "k_pid_att": [15.188443317524941, 0.17058434723642146, 0.431765330119071], "k_pid_yaw": [0.5, 1e-06, 0.1], "k_pid_hsp": [0.20685894289101156, 0.014693438825444124, 0.0], "k_pid_vsp": [390.9018839144471, 160.50274458738627, 2.8716966722460664]}, "datetime": {"datetime": "2025-08-21 14:46:09", "elapsed": 21686.35298895836, "delta": 15.945040941238403}, "costs": {"total_cost": 179.70903646251935, "time_cost": 69.896, "final_distance_cost": 1.8348495836172907, "oscillation_cost": 30.37954257885159, "completition_cost": 0.0, "overshoot_cost": 50.396431223871126, "power_cost": 14.4355443359375, "noise_cost": 12.766668740241842, "n_waypoints_completed": 9, "tot_waypoints": 9}}
{"target": -175.11585602572336, "params": {"k_pid_pos": [1.2743857076159324, 0.020864769815520944, 1.0], "k_pid_alt": [2.0, 0.003313003404479072, 0.011060302830168666], "k_pid_att": [9.337867726757393, 0.15451961609962525, 0.2958173052446716], "k_pid_yaw": [0.5, 1e-06, 0.1], "k_pid_hsp": [0.25178788500049115, 0.01670696967823922, 0.0], "k_pid_vsp": [378.3060570733878, 297.2552319711632, 1.4892541057612423]}, "datetime": {"datetime": "2025-08-21 14:46:26", "elapsed": 21703.390559911728, "delta": 17.03757095336914}, "costs": {"total_cost": 175.11585602572336, "time_cost": 73.664, "final_distance_cost": 1.8468432356684084, "oscillation_cost": 28.075980323868535, "completition_cost": 0.0, "overshoot_cost": 50.1996313089703, "power_cost": 10.470610339355469, "noise_cost": 10.85879081786068, "n_waypoints_completed": 9, "tot_waypoints": 9}}
{"target": -174.73566769947172, "params": {"k_pid_pos": [2.0, 0.03617100201244442, 1.0], "k_pid_alt": [2.0, 0.003433449304871475, 0.009931521645311886], "k_pid_att": [20.646577695438893, 0.15599845215939878, 0.3968185817836372], "k_pid_yaw": [0.5, 1e-06, 0.1], "k_pid_hsp": [0.21635984101270442, 0.013101587847217933, 0.0], "k_pid_vsp": [209.93027207005773, 277.00004888561483, 2.841596411997486]}, "datetime": {"datetime": "2025-08-21 14:46:43", "elapsed": 21720.30276632309, "delta": 16.912206411361694}, "costs": {"total_cost": 174.73566769947172, "time_cost": 69.608, "final_distance_cost": 1.8422547791359347, "oscillation_cost": 28.74083691901646, "completition_cost": 0.0, "overshoot_cost": 50.34322043865918, "power_cost": 12.588207275390626, "noise_cost": 11.613148287269526, "n_waypoints_completed": 9, "tot_waypoints": 9}}
{"target": -168.04121257900678, "params": {"k_pid_pos": [2.0, 0.07195238902458878, 0.9461279536486161], "k_pid_alt": [1.8966111296265893, 0.003992049209460975, 0.00667032649880846], "k_pid_att": [8.940242702620825, 0.1853639715178802, 0.3813095719292125], "k_pid_yaw": [0.5, 1e-06, 0.1], "k_pid_hsp": [0.14820520528988215, 0.014209215606191004, 0.0], "k_pid_vsp": [306.6734098494662, 164.90372670394734, 1.9412856978614048]}, "datetime": {"datetime": "2025-08-21 14:46:59", "elapsed": 21736.05073785782, "delta": 15.747971534729004}, "costs": {"total_cost": 168.04121257900678, "time_cost": 68.728, "final_distance_cost": 1.8158866277853434, "oscillation_cost": 29.402465696670063, "completition_cost": 0.0, "overshoot_cost": 49.996483774240346, "power_cost": 8.812292443847657, "noise_cost": 9.28608403646337, "n_waypoints_completed": 9, "tot_waypoints": 9}}
{"target": -176.76303754891129, "params": {"k_pid_pos": [1.40614428515636, 0.05388522360562111, 0.6476499008938901], "k_pid_alt": [1.5540974770364215, 0.004781328106857503, 0.006451756065360313], "k_pid_att": [28.746072306026125, 0.19415898020717956, 0.43725039089619694], "k_pid_yaw": [0.5, 1e-06, 0.1], "k_pid_hsp": [0.1701267188026904, 0.019824363152604156, 0.0], "k_pid_vsp": [105.76269970267852, 248.3681914485603, 2.190056151660338]}, "datetime": {"datetime": "2025-08-21 14:47:15", "elapsed": 21752.34875679016, "delta": 16.29801893234253}, "costs": {"total_cost": 176.76303754891129, "time_cost": 69.792, "final_distance_cost": 1.8432848409381264, "oscillation_cost": 28.29893940777187, "completition_cost": 0.0, "overshoot_cost": 50.15000885323453, "power_cost": 14.156439111328126, "noise_cost": 12.522365335638618, "n_waypoints_completed": 9, "tot_waypoints": 9}}
{"target": -167.9817055136858, "params": {"k_pid_pos": [1.774368162845479, 0.0338629518842933, 0.9226587048401091], "k_pid_alt": [1.5497427376282105, 0.004095402396574597, 0.012215425688517476], "k_pid_att": [18.344119061455213, 0.19130518115838827, 0.32894537512773736], "k_pid_yaw": [0.5, 1e-06, 0.1], "k_pid_hsp": [0.21061807706644384, 0.020203482380993683, 0.0], "k_pid_vsp": [292.7369644902623, 131.8223145477812, 0.37499809368001885]}, "datetime": {"datetime": "2025-08-21 14:47:32", "elapsed": 21768.534209251404, "delta": 16.185452461242676}, "costs": {"total_cost": 167.9817055136858, "time_cost": 68.96000000000001, "final_distance_cost": 1.8459999492956147, "oscillation_cost": 29.42895757127802, "completition_cost": 0.0, "overshoot_cost": 50.186867565931095, "power_cost": 8.332640710449219, "noise_cost": 9.227239716731837, "n_waypoints_completed": 9, "tot_waypoints": 9}}
{"target": -174.76513019305642, "params": {"k_pid_pos": [2.0, 0.017872861931840327, 0.9075901793029016], "k_pid_alt": [1.495882240846493, 0.0032917800412453776, 0.0105007644032621], "k_pid_att": [15.755782556310848, 0.19784606434719357, 0.3262596979765205], "k_pid_yaw": [0.5, 1e-06, 0.1], "k_pid_hsp": [0.253168359277665, 0.01751275869556161, 0.0], "k_pid_vsp": [235.4459780566616, 125.48556540625945, 1.6882861542222691]}, "datetime": {"datetime": "2025-08-21 14:47:47", "elapsed": 21784.248950004578, "delta": 15.714740753173828}, "costs": {"total_cost": 174.76513019305642, "time_cost": 69.296, "final_distance_cost": 1.8319700472019445, "oscillation_cost": 30.086112948366882, "completition_cost": 0.0, "overshoot_cost": 49.9648824378084, "power_cost": 12.211801904296875, "noise_cost": 11.374362855382326, "n_waypoints_completed": 9, "tot_waypoints": 9}}
{"target": -174.53629752994559, "params": {"k_pid_pos": [1.610866314306494, 0.038866933956979, 1.0], "k_pid_alt": [1.608266953926359, 0.003286886324359091, 0.008701271443146296], "k_pid_att": [22.18031748884873, 0.2077914058623601, 0.4056087497094723], "k_pid_yaw": [0.5, 1e-06, 0.1], "k_pid_hsp": [0.18500736506704119, 0.010691245885019816, 0.0], "k_pid_vsp": [171.43674153586161, 307.3715200795619, 2.5432694618591545]}, "datetime": {"datetime": "2025-08-21 14:48:05", "elapsed": 21801.75464272499, "delta": 17.505692720413208}, "costs": {"total_cost": 174.53629752994559, "time_cost": 70.648, "final_distance_cost": 1.8413585289009862, "oscillation_cost": 26.941777293228228, "completition_cost": 0.0, "overshoot_cost": 50.6854994783881, "power_cost": 12.720462048339844, "noise_cost": 11.699200181088425, "n_waypoints_completed": 9, "tot_waypoints": 9}}
{"target": -174.5579771913296, "params": {"k_pid_pos": [1.9564881644302659, 0.052720877514181363, 1.0], "k_pid_alt": [2.0, 0.004763342757211602, 0.011762982183591975], "k_pid_att": [17.952190040507624, 0.11919226544209378, 0.4442762573332048], "k_pid_yaw": [0.5, 1e-06, 0.1], "k_pid_hsp": [0.20958541602720202, 0.019072881716618043, 0.0], "k_pid_vsp": [177.46794955304156, 310.1575758501623, 1.640595769127516]}, "datetime": {"datetime": "2025-08-21 14:48:20", "elapsed": 21817.349816322327, "delta": 15.595173597335815}, "costs": {"total_cost": 174.5579771913296, "time_cost": 69.656, "final_distance_cost": 1.8432615739762372, "oscillation_cost": 28.791799280675296, "completition_cost": 0.0, "overshoot_cost": 50.55344442683609, "power_cost": 12.310717297363281, "noise_cost": 11.402754612478697, "n_waypoints_completed": 9, "tot_waypoints": 9}}
{"target": -174.9064391461106, "params": {"k_pid_pos": [2.0, 0.0805929999400153, 0.7058984090999977], "k_pid_alt": [1.7237158805799904, 0.005679929326132746, 0.01112543263700765], "k_pid_att": [11.798913205434047, 0.15868545077545906, 0.49517707208386624], "k_pid_yaw": [0.5, 1e-06, 0.1], "k_pid_hsp": [0.31720513553069457, 0.009747208463530515, 0.0], "k_pid_vsp": [210.35508213462057, 295.2161352646568, 1.76610845336557]}, "datetime": {"datetime": "2025-08-21 14:48:36", "elapsed": 21833.330984830856, "delta": 15.981168508529663}, "costs": {"total_cost": 174.9064391461106, "time_cost": 68.904, "final_distance_cost": 1.8127760282220358, "oscillation_cost": 30.08987223067643, "completition_cost": 0.0, "overshoot_cost": 49.971852299478016, "power_cost": 12.658914746093751, "noise_cost": 11.469023841640354, "n_waypoints_completed": 9, "tot_waypoints": 9}}
{"target": -174.05861559766473, "params": {"k_pid_pos": [1.433042924832404, 0.04220599262886667, 1.0], "k_pid_alt": [2.0, 0.004928776827159802, 0.016532344581264857], "k_pid_att": [15.83945857292525, 0.21414260280320221, 0.4159117820634961], "k_pid_yaw": [0.5, 1e-06, 0.1], "k_pid_hsp": [0.14779210717601737, 0.011616208399995555, 0.0], "k_pid_vsp": [320.485187162524, 163.61180790681885, 1.0520279971287776]}, "datetime": {"datetime": "2025-08-21 14:48:53", "elapsed": 21850.288591861725, "delta": 16.95760703086853}, "costs": {"total_cost": 174.05861559766473, "time_cost": 70.968, "final_distance_cost": 1.8397185503027795, "oscillation_cost": 25.83753891437888, "completition_cost": 0.0, "overshoot_cost": 50.662855150995014, "power_cost": 12.878185290527345, "noise_cost": 11.872317691460704, "n_waypoints_completed": 9, "tot_waypoints": 9}}
{"target": -173.7398776123267, "params": {"k_pid_pos": [2.0, 0.021822794804644646, 1.0], "k_pid_alt": [2.0, 0.003908730939763593, 0.013454256401079707], "k_pid_att": [7.069397881984702, 0.09239941279944369, 0.3584006739417398], "k_pid_yaw": [0.5, 1e-06, 0.1], "k_pid_hsp": [0.22082904704401604, 0.013653079646741959, 0.0], "k_pid_vsp": [229.5540311512169, 227.55755865504668, 1.5972117824748278]}, "datetime": {"datetime": "2025-08-21 14:49:09", "elapsed": 21865.93874645233, "delta": 15.65015459060669}, "costs": {"total_cost": 173.7398776123267, "time_cost": 69.728, "final_distance_cost": 1.8282205344884197, "oscillation_cost": 29.147375368054107, "completition_cost": 0.0, "overshoot_cost": 50.134356269175214, "power_cost": 11.832718225097658, "noise_cost": 11.069207215511288, "n_waypoints_completed": 9, "tot_waypoints": 9}}
{"target": -171.89392747943566, "params": {"k_pid_pos": [1.776776641840639, 0.0458714937030598, 1.0], "k_pid_alt": [1.4272535914836544, 0.004207774278840508, 0.012336133703884403], "k_pid_att": [18.383308103834537, 0.21352341028080646, 0.4049828657500753], "k_pid_yaw": [0.5, 1e-06, 0.1], "k_pid_hsp": [0.08779287468638697, 0.017044688674229255, 0.0], "k_pid_vsp": [116.00671818979363, 257.6297382404219, 1.6110240407479612]}, "datetime": {"datetime": "2025-08-21 14:49:26", "elapsed": 21882.677553892136, "delta": 16.738807439804077}, "costs": {"total_cost": 171.89392747943566, "time_cost": 69.392, "final_distance_cost": 1.8281996509718923, "oscillation_cost": 29.673807106718524, "completition_cost": 0.0, "overshoot_cost": 50.3273500920808, "power_cost": 10.401662243652344, "noise_cost": 10.270908386012099, "n_waypoints_completed": 9, "tot_waypoints": 9}}
