{"target": -172.0466966722217, "params": {"k_pid_pos": [2.0, 0.017267810801420595, 0.8759346791065945], "k_pid_alt": [1.5640099898590993, 0.004699066173540194, 0.01144905564759887], "k_pid_att": [11.361032885177778, 0.18147998485988315, 0.26227500269324816], "k_pid_yaw": [0.5, 1e-06, 0.1], "k_pid_hsp": [0.17044372068622823, 0.028064285262012077, 0.0], "k_pid_vsp": [216.4166958889185, 322.73319427837765, 1.791054230899406]}, "datetime": {"datetime": "2025-08-21 16:00:09", "elapsed": 26125.966831684113, "delta": 15.358998775482178}, "costs": {"total_cost": 172.0466966722217, "time_cost": 68.488, "final_distance_cost": 1.8381098885950324, "oscillation_cost": 30.915527528444077, "completition_cost": 0.0, "overshoot_cost": 50.01312259250646, "power_cost": 10.473574938964845, "noise_cost": 10.318361723711279, "n_waypoints_completed": 9, "tot_waypoints": 9}}
{"target": -175.21018290219124, "params": {"k_pid_pos": [1.5200695609377277, 0.015692880122895145, 0.9521848033875967], "k_pid_alt": [1.1261016338865366, 0.003110685187283793, 0.010290611044963502], "k_pid_att": [4.614570372343963, 0.22375873087203593, 0.20959529855661332], "k_pid_yaw": [0.5, 1e-06, 0.1], "k_pid_hsp": [0.16464197427621635, 0.015945168817398072, 0.0], "k_pid_vsp": [183.02964394754574, 311.25268033943735, 1.1211432758415827]}, "datetime": {"datetime": "2025-08-21 16:00:26", "elapsed": 26143.09754896164, "delta": 17.130717277526855}, "costs": {"total_cost": 175.21018290219124, "time_cost": 70.584, "final_distance_cost": 1.8512250464028146, "oscillation_cost": 29.339984967083723, "completition_cost": 0.0, "overshoot_cost": 49.374513895411575, "power_cost": 12.321872131347657, "noise_cost": 11.738586861945471, "n_waypoints_completed": 9, "tot_waypoints": 9}}
{"target": -175.8771513933651, "params": {"k_pid_pos": [1.8120935281335029, 0.024540689978459467, 0.8443438366561337], "k_pid_alt": [1.4610486782777958, 0.002568833024718911, 0.010522291121776509], "k_pid_att": [6.2985414582624815, 0.15084371140755684, 0.22303901764834996], "k_pid_yaw": [0.5, 1e-06, 0.1], "k_pid_hsp": [0.1801388839616591, 0.01803017653363793, 0.0], "k_pid_vsp": [293.8597429500059, 347.63748456119947, 1.0559863777160452]}, "datetime": {"datetime": "2025-08-21 16:00:43", "elapsed": 26159.591859579086, "delta": 16.4943106174469}, "costs": {"total_cost": 175.8771513933651, "time_cost": 69.384, "final_distance_cost": 1.8452235745305299, "oscillation_cost": 29.90497754226909, "completition_cost": 0.0, "overshoot_cost": 50.099465582708625, "power_cost": 12.95845517578125, "noise_cost": 11.685029518075599, "n_waypoints_completed": 9, "tot_waypoints": 9}}
{"target": -179.3472450769488, "params": {"k_pid_pos": [2.0, 0.03387067374646422, 1.0], "k_pid_alt": [1.6243676227590813, 0.0027490781052952333, 0.010432953971241317], "k_pid_att": [14.642919278941363, 0.1247187984329413, 0.25757122710236247], "k_pid_yaw": [0.5, 1e-06, 0.1], "k_pid_hsp": [0.06583421736575266, 0.02053649600056262, 0.0], "k_pid_vsp": [263.15632285832845, 301.40955641411784, 2.071455198949527]}, "datetime": {"datetime": "2025-08-21 16:00:58", "elapsed": 26175.3903465271, "delta": 15.798486948013306}, "costs": {"total_cost": 179.3472450769488, "time_cost": 70.168, "final_distance_cost": 1.7897110351670493, "oscillation_cost": 30.86034668155361, "completition_cost": 0.0, "overshoot_cost": 51.21853418475039, "power_cost": 13.51156004638672, "noise_cost": 11.79909312909102, "n_waypoints_completed": 9, "tot_waypoints": 9}}
{"target": -182.71248375633985, "params": {"k_pid_pos": [1.6534903300601773, 0.013544466009777746, 0.8195655763819616], "k_pid_alt": [0.9644694502604271, 0.0042415231712954445, 0.008166119401217765], "k_pid_att": [15.631759228595698, 0.15475066164223514, 0.36497586587342923], "k_pid_yaw": [0.5, 1e-06, 0.1], "k_pid_hsp": [0.16764866765491648, 0.013167197717298578, 0.0], "k_pid_vsp": [276.4792372540879, 335.9606433583023, 0.9622473552791991]}, "datetime": {"datetime": "2025-08-21 16:01:15", "elapsed": 26192.218372821808, "delta": 16.828026294708252}, "costs": {"total_cost": 182.71248375633985, "time_cost": 70.608, "final_distance_cost": 1.831861075696768, "oscillation_cost": 28.060659818427432, "completition_cost": 0.0, "overshoot_cost": 50.599426815038555, "power_cost": 17.37536843261719, "noise_cost": 14.237167614559894, "n_waypoints_completed": 9, "tot_waypoints": 9}}
{"target": -171.610076791446, "params": {"k_pid_pos": [2.0, 0.02638153111979626, 0.87338560473401], "k_pid_alt": [1.1918416064251522, 0.003975550021338412, 0.008035765109216534], "k_pid_att": [15.526690876880906, 0.15784645760837976, 0.26911300415072187], "k_pid_yaw": [0.5, 1e-06, 0.1], "k_pid_hsp": [0.17159197288844819, 0.02473903141249022, 0.0], "k_pid_vsp": [305.32530121809714, 366.7436545871021, 1.5304363475949618]}, "datetime": {"datetime": "2025-08-21 16:01:31", "elapsed": 26208.09092926979, "delta": 15.872556447982788}, "costs": {"total_cost": 171.610076791446, "time_cost": 68.912, "final_distance_cost": 1.8153841069165757, "oscillation_cost": 30.493146811041672, "completition_cost": 0.0, "overshoot_cost": 49.35835268705803, "power_cost": 10.67778739013672, "noise_cost": 10.35340579629298, "n_waypoints_completed": 9, "tot_waypoints": 9}}
{"target": -173.15958352217223, "params": {"k_pid_pos": [1.8376131770849984, 0.014097687230229139, 1.0], "k_pid_alt": [1.9805088625930718, 0.0019395139081893307, 0.011208476317059957], "k_pid_att": [14.677335377741597, 0.17935904763968327, 0.2736590488545069], "k_pid_yaw": [0.5, 1e-06, 0.1], "k_pid_hsp": [0.2471029717177651, 0.026733466324018244, 0.0], "k_pid_vsp": [172.93667230982973, 243.23211290827894, 1.6580067112390298]}, "datetime": {"datetime": "2025-08-21 16:01:47", "elapsed": 26224.44535255432, "delta": 16.35442328453064}, "costs": {"total_cost": 173.15958352217223, "time_cost": 69.736, "final_distance_cost": 1.8384910098120943, "oscillation_cost": 29.23907142591637, "completition_cost": 0.0, "overshoot_cost": 49.93765182283904, "power_cost": 11.529265466308594, "noise_cost": 10.879103797296118, "n_waypoints_completed": 9, "tot_waypoints": 9}}
{"target": -179.97473221783537, "params": {"k_pid_pos": [1.2016058206472133, 0.024124653855002526, 1.0], "k_pid_alt": [1.9412745033844256, 0.00494115806998167, 0.012743257554472651], "k_pid_att": [16.944204222454598, 0.14991771911815926, 0.22019131533087485], "k_pid_yaw": [0.5, 1e-06, 0.1], "k_pid_hsp": [0.16365686314248004, 0.017350882741066217, 0.0], "k_pid_vsp": [252.7572397029994, 388.1132874973384, 1.322980248670466]}, "datetime": {"datetime": "2025-08-21 16:02:05", "elapsed": 26242.083666801453, "delta": 17.638314247131348}, "costs": {"total_cost": 179.97473221783537, "time_cost": 73.952, "final_distance_cost": 1.8467323963158697, "oscillation_cost": 27.733733363377052, "completition_cost": 0.0, "overshoot_cost": 50.246056047733894, "power_cost": 13.324084643554688, "noise_cost": 12.872125766853857, "n_waypoints_completed": 9, "tot_waypoints": 9}}
{"target": -181.81825865502609, "params": {"k_pid_pos": [2.0, 0.01884509913405766, 0.7662179454192483], "k_pid_alt": [1.329189889348316, 0.00343313621213049, 0.011845546372928178], "k_pid_att": [11.3068826919092, 0.2502849912014479, 0.2208047405980544], "k_pid_yaw": [0.5, 1e-06, 0.1], "k_pid_hsp": [0.11845896983054156, 0.018423135343693837, 0.0], "k_pid_vsp": [230.52382905402638, 290.8083104064529, 1.3821556767073868]}, "datetime": {"datetime": "2025-08-21 16:02:21", "elapsed": 26257.814567565918, "delta": 15.730900764465332}, "costs": {"total_cost": 181.81825865502609, "time_cost": 70.272, "final_distance_cost": 1.8210031297266116, "oscillation_cost": 29.5888797938149, "completition_cost": 0.0, "overshoot_cost": 50.88684099560873, "power_cost": 16.11173223876953, "noise_cost": 13.137802497106314, "n_waypoints_completed": 9, "tot_waypoints": 9}}
{"target": -178.31942591356932, "params": {"k_pid_pos": [1.7740264935987378, 0.02080964765548812, 0.5170786825774951], "k_pid_alt": [1.6978919684717955, 0.003548124474605587, 0.00820722017447136], "k_pid_att": [12.676943329598982, 0.1706721290903802, 0.24866421437206743], "k_pid_yaw": [0.5, 1e-06, 0.1], "k_pid_hsp": [0.1615588937788528, 0.024406596454710713, 0.0], "k_pid_vsp": [218.9811405659648, 262.4045220183801, 1.5133975832622273]}, "datetime": {"datetime": "2025-08-21 16:02:37", "elapsed": 26274.385771512985, "delta": 16.57120394706726}, "costs": {"total_cost": 178.31942591356932, "time_cost": 69.208, "final_distance_cost": 1.809895149933901, "oscillation_cost": 30.74642866942587, "completition_cost": 0.0, "overshoot_cost": 50.66849814885986, "power_cost": 13.902231982421876, "noise_cost": 11.984371962927808, "n_waypoints_completed": 9, "tot_waypoints": 9}}
{"target": -173.15293398595662, "params": {"k_pid_pos": [1.6982058688505293, 0.01640631406215186, 0.45588102394831215], "k_pid_alt": [1.521204658219063, 0.002452227495672013, 0.011180655371677723], "k_pid_att": [13.97868121800496, 0.11564441670635368, 0.36296431756055947], "k_pid_yaw": [0.5, 1e-06, 0.1], "k_pid_hsp": [0.19269413241261327, 0.024528815134670506, 0.0], "k_pid_vsp": [321.4741659834795, 370.60882454243637, 1.545748909027801]}, "datetime": {"datetime": "2025-08-21 16:02:53", "elapsed": 26290.368352413177, "delta": 15.98258090019226}, "costs": {"total_cost": 173.15293398595662, "time_cost": 68.512, "final_distance_cost": 1.8140277977528991, "oscillation_cost": 30.676919026540276, "completition_cost": 0.0, "overshoot_cost": 49.83261244430533, "power_cost": 11.541002453613281, "noise_cost": 10.776372263744836, "n_waypoints_completed": 9, "tot_waypoints": 9}}
{"target": -172.76498812615165, "params": {"k_pid_pos": [2.0, 0.00853778557040516, 0.7652160742310764], "k_pid_alt": [1.9563565286325533, 0.002709187665520807, 0.013676818881037592], "k_pid_att": [20.283940830820736, 0.15772210003624618, 0.32194842351793757], "k_pid_yaw": [0.5, 1e-06, 0.1], "k_pid_hsp": [0.11329354823529492, 0.015181723976534117, 0.0], "k_pid_vsp": [207.59565738784102, 289.91498698334664, 1.142157101371608]}, "datetime": {"datetime": "2025-08-21 16:03:10", "elapsed": 26307.037486553192, "delta": 16.66913414001465}, "costs": {"total_cost": 172.76498812615165, "time_cost": 68.88, "final_distance_cost": 1.8148515422781317, "oscillation_cost": 30.324659989819896, "completition_cost": 0.0, "overshoot_cost": 50.95908499786572, "power_cost": 10.533599316406251, "noise_cost": 10.25279227978166, "n_waypoints_completed": 9, "tot_waypoints": 9}}
{"target": -173.77905352596744, "params": {"k_pid_pos": [1.9822844650272529, 0.02032050332009108, 1.0], "k_pid_alt": [1.7051602338601297, 0.0035005201363157326, 0.008592377045079402], "k_pid_att": [20.6292981725034, 0.10959823089282271, 0.25815796422499965], "k_pid_yaw": [0.5, 1e-06, 0.1], "k_pid_hsp": [0.13873936237627463, 0.022691865546546706, 0.0], "k_pid_vsp": [156.39047665960507, 243.12653843769485, 1.3861288897040402]}, "datetime": {"datetime": "2025-08-21 16:03:27", "elapsed": 26323.908647060394, "delta": 16.87116050720215}, "costs": {"total_cost": 173.77905352596744, "time_cost": 69.48, "final_distance_cost": 1.8421079026142315, "oscillation_cost": 29.437584759042657, "completition_cost": 0.0, "overshoot_cost": 49.95701844550859, "power_cost": 11.986065051269533, "noise_cost": 11.076277367532454, "n_waypoints_completed": 9, "tot_waypoints": 9}}
{"target": -172.76883345849973, "params": {"k_pid_pos": [1.814338351457519, 0.020304469135288602, 0.6284443385898996], "k_pid_alt": [1.397323374877115, 0.002514886935833674, 0.01228109039306533], "k_pid_att": [16.80513413484468, 0.15507707656219058, 0.12850845475089692], "k_pid_yaw": [0.5, 1e-06, 0.1], "k_pid_hsp": [0.16618211762404464, 0.016783830324121073, 0.0], "k_pid_vsp": [221.46046381140195, 390.2500878080136, 1.2262450045916136]}, "datetime": {"datetime": "2025-08-21 16:03:42", "elapsed": 26339.1760430336, "delta": 15.267395973205566}, "costs": {"total_cost": 172.76883345849973, "time_cost": 68.712, "final_distance_cost": 1.8260011650653072, "oscillation_cost": 30.785857096291167, "completition_cost": 0.0, "overshoot_cost": 49.76804056912559, "power_cost": 11.137549182128907, "noise_cost": 10.539385445888731, "n_waypoints_completed": 9, "tot_waypoints": 9}}
{"target": -170.98503869377484, "params": {"k_pid_pos": [1.7598330848236186, 0.01391352939038674, 0.6638574280752626], "k_pid_alt": [0.9681258309652145, 0.00264040569113678, 0.011264331836145345], "k_pid_att": [16.882367116602236, 0.20748078003420858, 0.282306213857301], "k_pid_yaw": [0.5, 1e-06, 0.1], "k_pid_hsp": [0.15219129625923095, 0.0276009321021022, 0.0], "k_pid_vsp": [197.4625638945329, 251.69806864483607, 1.715290832990033]}, "datetime": {"datetime": "2025-08-21 16:03:59", "elapsed": 26355.753602027893, "delta": 16.577558994293213}, "costs": {"total_cost": 170.98503869377484, "time_cost": 69.4, "final_distance_cost": 1.8333954592277626, "oscillation_cost": 31.087520825996805, "completition_cost": 0.0, "overshoot_cost": 49.678961382776286, "power_cost": 9.354676867675781, "noise_cost": 9.63048415809821, "n_waypoints_completed": 9, "tot_waypoints": 9}}
{"target": -169.85677030537713, "params": {"k_pid_pos": [1.7530674507538142, 0.019299708624091038, 0.8510517956778566], "k_pid_alt": [1.4821281288901542, 0.0028944838386661766, 0.01112197827893284], "k_pid_att": [12.406837569025747, 0.15363706692475076, 0.30036503640531104], "k_pid_yaw": [0.5, 1e-06, 0.1], "k_pid_hsp": [0.1693686975354982, 0.013433087642847038, 0.0], "k_pid_vsp": [273.117162191619, 231.27719759749482, 1.1612284533787556]}, "datetime": {"datetime": "2025-08-21 16:04:15", "elapsed": 26371.4987950325, "delta": 15.745193004608154}, "costs": {"total_cost": 169.85677030537713, "time_cost": 69.024, "final_distance_cost": 1.8311076641137847, "oscillation_cost": 29.147624984200796, "completition_cost": 0.0, "overshoot_cost": 50.06066158124007, "power_cost": 9.801409631347656, "noise_cost": 9.991966444474794, "n_waypoints_completed": 9, "tot_waypoints": 9}}
{"target": -176.36066888687574, "params": {"k_pid_pos": [1.8084925365198574, 0.010166194798135934, 1.0], "k_pid_alt": [1.490658801720764, 0.004347702728157349, 0.012757948162604102], "k_pid_att": [14.125341779967721, 0.19623052442207212, 0.2875963001847074], "k_pid_yaw": [0.5, 1e-06, 0.1], "k_pid_hsp": [0.09681761220706651, 0.008940243123412635, 0.0], "k_pid_vsp": [203.62714929042792, 393.31770617417124, 0.9057956263024719]}, "datetime": {"datetime": "2025-08-21 16:04:31", "elapsed": 26388.14858150482, "delta": 16.649786472320557}, "costs": {"total_cost": 176.36066888687574, "time_cost": 69.736, "final_distance_cost": 1.81347596193026, "oscillation_cost": 28.49517624648874, "completition_cost": 0.0, "overshoot_cost": 50.74583091768086, "power_cost": 13.576970922851563, "noise_cost": 11.993214837924308, "n_waypoints_completed": 9, "tot_waypoints": 9}}
{"target": -173.21973858413153, "params": {"k_pid_pos": [1.368091103201093, 0.027749389772935135, 0.753463913342567], "k_pid_alt": [1.2532831348981113, 0.0028657589541621013, 0.010766315292049883], "k_pid_att": [13.54631249144955, 0.18590861523723978, 0.42567699748274884], "k_pid_yaw": [0.5, 1e-06, 0.1], "k_pid_hsp": [0.1030672043089505, 0.02378871393368105, 0.0], "k_pid_vsp": [294.7042686340164, 224.89230908005797, 1.5106777203360322]}, "datetime": {"datetime": "2025-08-21 16:04:48", "elapsed": 26404.833089590073, "delta": 16.684508085250854}, "costs": {"total_cost": 173.21973858413153, "time_cost": 69.944, "final_distance_cost": 1.8446390525445662, "oscillation_cost": 28.71054459414651, "completition_cost": 0.0, "overshoot_cost": 49.89956522311206, "power_cost": 11.72070233154297, "noise_cost": 11.10028738278541, "n_waypoints_completed": 9, "tot_waypoints": 9}}
{"target": -179.8805713610981, "params": {"k_pid_pos": [1.0082910432072494, 0.026290851576460605, 0.6994744972632857], "k_pid_alt": [1.3828540843690484, 0.0028435379507612602, 0.01206129266319994], "k_pid_att": [7.905572804693648, 0.16281230235622324, 0.27807616799613083], "k_pid_yaw": [0.5, 1e-06, 0.1], "k_pid_hsp": [0.18340766195847782, 0.020461163532372078, 0.0], "k_pid_vsp": [185.77098171459556, 282.8048003014869, 1.4558798293902055]}, "datetime": {"datetime": "2025-08-21 16:05:05", "elapsed": 26421.621985197067, "delta": 16.78889560699463}, "costs": {"total_cost": 179.8805713610981, "time_cost": 74.256, "final_distance_cost": 1.8541532561181302, "oscillation_cost": 26.766335079279855, "completition_cost": 0.0, "overshoot_cost": 50.346232349735146, "power_cost": 13.712742541503907, "noise_cost": 12.94510813446107, "n_waypoints_completed": 9, "tot_waypoints": 9}}
{"target": -176.75151369732478, "params": {"k_pid_pos": [1.7079632041979507, 0.01678638393571025, 0.9220046193193605], "k_pid_alt": [1.2469660199410593, 0.003653313839976781, 0.011854730792871216], "k_pid_att": [11.553592448139199, 0.14233527846106545, 0.3595935130347976], "k_pid_yaw": [0.5, 1e-06, 0.1], "k_pid_hsp": [0.14755822952506611, 0.011747306592046291, 0.0], "k_pid_vsp": [244.18895254432206, 270.29368086122713, 1.2766127868595314]}, "datetime": {"datetime": "2025-08-21 16:05:22", "elapsed": 26438.475429534912, "delta": 16.85344433784485}, "costs": {"total_cost": 176.75151369732478, "time_cost": 70.424, "final_distance_cost": 1.8451357330213416, "oscillation_cost": 27.74544468113926, "completition_cost": 0.0, "overshoot_cost": 50.52764749194494, "power_cost": 13.879741760253907, "noise_cost": 12.329544030965302, "n_waypoints_completed": 9, "tot_waypoints": 9}}
{"target": -189.952111185976, "params": {"k_pid_pos": [0.8960265597152581, 0.018392029274935166, 1.0], "k_pid_alt": [1.313687348671388, 0.006362518705635052, 0.010993399580141526], "k_pid_att": [14.740155977903067, 0.08791477362768178, 0.22149914954698416], "k_pid_yaw": [0.5, 1e-06, 0.1], "k_pid_hsp": [0.13447160358230031, 0.021155766259432236, 0.0], "k_pid_vsp": [286.48109821184374, 261.9403251236733, 1.1482605743105856]}, "datetime": {"datetime": "2025-08-21 16:05:41", "elapsed": 26457.842354536057, "delta": 19.36692500114441}, "costs": {"total_cost": 189.952111185976, "time_cost": 81.70400000000001, "final_distance_cost": 1.857100149104061, "oscillation_cost": 25.422879138766813, "completition_cost": 0.0, "overshoot_cost": 51.636702833284005, "power_cost": 14.803161352539064, "noise_cost": 14.52826771228206, "n_waypoints_completed": 9, "tot_waypoints": 9}}
{"target": -170.38630110826716, "params": {"k_pid_pos": [2.0, 0.01631533023943077, 0.7607943978866585], "k_pid_alt": [1.5417578074324947, 0.0036979490947402394, 0.01032145884986204], "k_pid_att": [16.80805738270803, 0.19288798938668164, 0.1885456511155782], "k_pid_yaw": [0.5, 1e-06, 0.1], "k_pid_hsp": [0.2470006368518846, 0.025588815674720097, 0.0], "k_pid_vsp": [132.81029260152891, 279.1593381788632, 1.196224159988614]}, "datetime": {"datetime": "2025-08-21 16:05:58", "elapsed": 26474.514618635178, "delta": 16.672264099121094}, "costs": {"total_cost": 170.38630110826716, "time_cost": 68.176, "final_distance_cost": 1.8202979963523442, "oscillation_cost": 31.757165749464683, "completition_cost": 0.0, "overshoot_cost": 49.38968373084681, "power_cost": 9.531467211914062, "noise_cost": 9.711686419689281, "n_waypoints_completed": 9, "tot_waypoints": 9}}
{"target": -171.72667092607136, "params": {"k_pid_pos": [1.2859555243525032, 0.014365245198818816, 0.5816237969649958], "k_pid_alt": [1.7368825113532391, 0.0027357546045714953, 0.012802501267317678], "k_pid_att": [16.562931666996935, 0.14261936682030202, 0.2514439750700112], "k_pid_yaw": [0.5, 1e-06, 0.1], "k_pid_hsp": [0.2022325917998702, 0.013621564252462448, 0.0], "k_pid_vsp": [270.6649753544827, 194.31433070865805, 1.5413467363171591]}, "datetime": {"datetime": "2025-08-21 16:06:14", "elapsed": 26491.38332271576, "delta": 16.868704080581665}, "costs": {"total_cost": 171.72667092607136, "time_cost": 69.936, "final_distance_cost": 1.8476632531831778, "oscillation_cost": 27.140012922243567, "completition_cost": 0.0, "overshoot_cost": 50.19594819983077, "power_cost": 11.53865361328125, "noise_cost": 11.068392937532613, "n_waypoints_completed": 9, "tot_waypoints": 9}}
{"target": -175.79897114639894, "params": {"k_pid_pos": [1.7983002573523796, 0.014514861362401996, 0.9576903323286432], "k_pid_alt": [1.206715416236655, 0.002380512973826238, 0.010607941796140559], "k_pid_att": [16.08270001110218, 0.15001090203312903, 0.2814728348116821], "k_pid_yaw": [0.5, 1e-06, 0.1], "k_pid_hsp": [0.07485581208725385, 0.018083211178509532, 0.0], "k_pid_vsp": [294.8920663750726, 307.03555313127055, 0.8763412753233405]}, "datetime": {"datetime": "2025-08-21 16:06:30", "elapsed": 26507.40498638153, "delta": 16.021663665771484}, "costs": {"total_cost": 175.79897114639894, "time_cost": 70.232, "final_distance_cost": 1.8238440187494291, "oscillation_cost": 29.528748445047114, "completition_cost": 0.0, "overshoot_cost": 50.22798289161881, "power_cost": 12.56427459716797, "noise_cost": 11.42212119381563, "n_waypoints_completed": 9, "tot_waypoints": 9}}
{"target": -174.55286409877937, "params": {"k_pid_pos": [1.6004978625888648, 0.016775133941326542, 1.0], "k_pid_alt": [1.7883378387774738, 0.002919570019688384, 0.009444109048169369], "k_pid_att": [11.934110068691808, 0.20937674268391468, 0.28464104499348286], "k_pid_yaw": [0.5, 1e-06, 0.1], "k_pid_hsp": [0.18030282916872217, 0.019373364666853393, 0.0], "k_pid_vsp": [255.57013345987522, 324.30826987889054, 0.990278353797609]}, "datetime": {"datetime": "2025-08-21 16:06:48", "elapsed": 26524.703306913376, "delta": 17.298320531845093}, "costs": {"total_cost": 174.55286409877937, "time_cost": 70.16, "final_distance_cost": 1.8395608694058458, "oscillation_cost": 27.37614720676083, "completition_cost": 0.0, "overshoot_cost": 50.400585422128074, "power_cost": 12.976342053222657, "noise_cost": 11.800228547261957, "n_waypoints_completed": 9, "tot_waypoints": 9}}
