{"target": -174.84379876495882, "params": {"k_pid_pos": [1.660847753354238, 0.015273110040903157, 1.0], "k_pid_alt": [2.0, 0.0030981821370110814, 0.010303423563114485], "k_pid_att": [14.312099359231404, 0.16803770748165656, 0.3126707844852601], "k_pid_yaw": [0.5, 1e-06, 0.1], "k_pid_hsp": [0.24516475718998634, 0.02081386823611969, 0.0], "k_pid_vsp": [274.8476814913981, 244.4890992550727, 1.133684109772706]}, "datetime": {"datetime": "2025-08-21 17:30:47", "elapsed": 31563.508709192276, "delta": 17.609411478042603}, "costs": {"total_cost": 174.84379876495882, "time_cost": 70.168, "final_distance_cost": 1.8441071955159527, "oscillation_cost": 27.61968312082188, "completition_cost": 0.0, "overshoot_cost": 49.975500023881615, "power_cost": 13.14096962890625, "noise_cost": 12.095538795833123, "n_waypoints_completed": 9, "tot_waypoints": 9}}
{"target": -172.18515125128224, "params": {"k_pid_pos": [1.782847008664237, 0.0069871822837039325, 1.0], "k_pid_alt": [1.7411043160187587, 0.0030343541254397306, 0.014637242769599261], "k_pid_att": [16.84691538741672, 0.17480679015189152, 0.23937122230250407], "k_pid_yaw": [0.5, 1e-06, 0.1], "k_pid_hsp": [0.21619005062020494, 0.01706058591044727, 0.0], "k_pid_vsp": [389.22001488438195, 264.4392427688012, 1.0279372003242295]}, "datetime": {"datetime": "2025-08-21 17:31:03", "elapsed": 31580.28822517395, "delta": 16.779515981674194}, "costs": {"total_cost": 172.18515125128224, "time_cost": 69.712, "final_distance_cost": 1.8445079202062162, "oscillation_cost": 28.038032653267067, "completition_cost": 0.0, "overshoot_cost": 50.32431850718695, "power_cost": 11.275986767578125, "noise_cost": 10.99030540304385, "n_waypoints_completed": 9, "tot_waypoints": 9}}
{"target": -172.16739910964347, "params": {"k_pid_pos": [2.0, 0.016701030700509756, 0.8080243308960279], "k_pid_alt": [1.3000131805350286, 0.0022183305742839673, 0.011365999397567245], "k_pid_att": [10.175625493122338, 0.15941823217170628, 0.26785211921578095], "k_pid_yaw": [0.5, 1e-06, 0.1], "k_pid_hsp": [0.1628920827683106, 0.022775482368998495, 0.0], "k_pid_vsp": [377.1243950302801, 324.3803638641236, 0.8668682003078297]}, "datetime": {"datetime": "2025-08-21 17:31:19", "elapsed": 31596.128600358963, "delta": 15.840375185012817}, "costs": {"total_cost": 172.16739910964347, "time_cost": 68.56, "final_distance_cost": 1.8084430068851678, "oscillation_cost": 30.656617460904094, "completition_cost": 0.0, "overshoot_cost": 49.70928278385934, "power_cost": 11.023011340332031, "noise_cost": 10.410044517662815, "n_waypoints_completed": 9, "tot_waypoints": 9}}
{"target": -179.20391257576233, "params": {"k_pid_pos": [1.7401395980547356, 0.009968933766749913, 0.7384823161947557], "k_pid_alt": [2.0, 0.001901412538453119, 0.014013323756980818], "k_pid_att": [16.933600444528274, 0.18096585762458114, 0.30896294449656175], "k_pid_yaw": [0.5, 1e-06, 0.1], "k_pid_hsp": [0.18737530967935853, 0.021383447222566566, 0.0], "k_pid_vsp": [271.92360121522074, 296.2947156855892, 1.3655742351567361]}, "datetime": {"datetime": "2025-08-21 17:31:36", "elapsed": 31612.9724817276, "delta": 16.843881368637085}, "costs": {"total_cost": 179.20391257576233, "time_cost": 69.544, "final_distance_cost": 1.8365118707643435, "oscillation_cost": 30.227633978937014, "completition_cost": 0.0, "overshoot_cost": 50.458530660505346, "power_cost": 14.500489306640626, "noise_cost": 12.636746758915027, "n_waypoints_completed": 9, "tot_waypoints": 9}}
{"target": -173.17681270771786, "params": {"k_pid_pos": [1.7408962533254864, 0.009526952315725862, 1.0], "k_pid_alt": [2.0, 0.002875582287828036, 0.008142345056339083], "k_pid_att": [10.642235292664132, 0.1334194639511552, 0.3786033914184999], "k_pid_yaw": [0.5, 1e-06, 0.1], "k_pid_hsp": [0.1035191800720493, 0.013170008729655498, 0.0], "k_pid_vsp": [233.8318422085417, 315.21253301299436, 1.2855326317847846]}, "datetime": {"datetime": "2025-08-21 17:31:52", "elapsed": 31628.560842752457, "delta": 15.588361024856567}, "costs": {"total_cost": 173.17681270771786, "time_cost": 70.208, "final_distance_cost": 1.837303016238061, "oscillation_cost": 27.231644328404347, "completition_cost": 0.0, "overshoot_cost": 50.632318852585, "power_cost": 12.016371020507814, "noise_cost": 11.251175489982653, "n_waypoints_completed": 9, "tot_waypoints": 9}}
{"target": -216.60844874061326, "params": {"k_pid_pos": [1.3367471069241519, 0.00814520983128479, 0.9168056301718771], "k_pid_alt": [1.4387585585962146, 0.0031555692747597033, 0.013248051084320275], "k_pid_att": [9.518704071561963, 0.1528444974238833, 0.35012315063391714], "k_pid_yaw": [0.5, 1e-06, 0.1], "k_pid_hsp": [0.22937507100144358, 0.021508754744022033, 0.0], "k_pid_vsp": [264.0089399747472, 289.64211608237935, 0.9810135663462697]}, "datetime": {"datetime": "2025-08-21 17:32:11", "elapsed": 31648.144820213318, "delta": 19.583977460861206}, "costs": {"total_cost": 216.60844874061326, "time_cost": 82.496, "final_distance_cost": 1.854115836271489, "oscillation_cost": 29.107653380487548, "completition_cost": 0.0, "overshoot_cost": 60.09056498028323, "power_cost": 22.82827550048828, "noise_cost": 20.231839043082704, "n_waypoints_completed": 9, "tot_waypoints": 9}}
{"target": -184.63843075332434, "params": {"k_pid_pos": [1.4952793125431378, 0.004044221524217741, 0.8847675371888789], "k_pid_alt": [1.7133300664482018, 0.0025734644021932016, 0.011933579317316319], "k_pid_att": [11.28738456476065, 0.21946329760807323, 0.15736303766808538], "k_pid_yaw": [0.5, 1e-06, 0.1], "k_pid_hsp": [0.173661962899705, 0.023750021631153004, 0.0], "k_pid_vsp": [319.89850659749527, 272.66071099842264, 1.387541281484219]}, "datetime": {"datetime": "2025-08-21 17:32:28", "elapsed": 31664.715921878815, "delta": 16.571101665496826}, "costs": {"total_cost": 184.63843075332434, "time_cost": 72.072, "final_distance_cost": 1.841138744897421, "oscillation_cost": 28.982697990886788, "completition_cost": 0.0, "overshoot_cost": 51.143230916730765, "power_cost": 16.57814578857422, "noise_cost": 14.021217312235159, "n_waypoints_completed": 9, "tot_waypoints": 9}}
{"target": -168.77554521677638, "params": {"k_pid_pos": [2.0, 0.014731842508822523, 0.941587123615507], "k_pid_alt": [1.7456773276313815, 0.002912557805770507, 0.009028851306306125], "k_pid_att": [11.340932390312195, 0.17356922651703824, 0.37480867332688755], "k_pid_yaw": [0.5, 1e-06, 0.1], "k_pid_hsp": [0.19072330445982152, 0.01736494760954643, 0.0], "k_pid_vsp": [196.2443387425498, 246.25967157884364, 1.1899001685204842]}, "datetime": {"datetime": "2025-08-21 17:32:44", "elapsed": 31681.045086622238, "delta": 16.329164743423462}, "costs": {"total_cost": 168.77554521677638, "time_cost": 68.528, "final_distance_cost": 1.8273353298312773, "oscillation_cost": 30.287288940322764, "completition_cost": 0.0, "overshoot_cost": 49.00650209523467, "power_cost": 9.550533337402344, "noise_cost": 9.575885513985297, "n_waypoints_completed": 9, "tot_waypoints": 9}}
{"target": -177.82885088060792, "params": {"k_pid_pos": [1.7402628437316976, 0.015267843947815737, 0.8137513030515349], "k_pid_alt": [1.8290943717070869, 0.0037851193447583993, 0.010726637364346125], "k_pid_att": [9.393674028829105, 0.12792652299819304, 0.31371992068979293], "k_pid_yaw": [0.5, 1e-06, 0.1], "k_pid_hsp": [0.15336650854402534, 0.02299653832981403, 0.0], "k_pid_vsp": [260.8609381639288, 279.6825394679799, 1.0104871659021526]}, "datetime": {"datetime": "2025-08-21 17:33:01", "elapsed": 31697.818714141846, "delta": 16.773627519607544}, "costs": {"total_cost": 177.82885088060792, "time_cost": 70.08, "final_distance_cost": 1.8427441613379774, "oscillation_cost": 28.401450954505044, "completition_cost": 0.0, "overshoot_cost": 50.51471529627844, "power_cost": 14.448308251953126, "noise_cost": 12.541632216533303, "n_waypoints_completed": 9, "tot_waypoints": 9}}
{"target": -181.07136035653667, "params": {"k_pid_pos": [1.4166570064137947, 0.014060812032397051, 1.0], "k_pid_alt": [1.9445962648708528, 0.002024168431051577, 0.011122166586822748], "k_pid_att": [9.379045028172781, 0.23516884294321092, 0.2903547583014972], "k_pid_yaw": [0.5, 1e-06, 0.1], "k_pid_hsp": [0.17665531484962904, 0.021209367914651573, 0.0], "k_pid_vsp": [290.33546301131645, 305.35224520533427, 1.2575007818135384]}, "datetime": {"datetime": "2025-08-21 17:33:17", "elapsed": 31714.337965488434, "delta": 16.519251346588135}, "costs": {"total_cost": 181.07136035653667, "time_cost": 71.464, "final_distance_cost": 1.851259346064549, "oscillation_cost": 28.122300288570656, "completition_cost": 0.0, "overshoot_cost": 50.756446179194036, "power_cost": 15.368348034667969, "noise_cost": 13.509006508039443, "n_waypoints_completed": 9, "tot_waypoints": 9}}
{"target": -178.70960716541572, "params": {"k_pid_pos": [1.2636080372757297, 0.016099283994734603, 0.911158206345794], "k_pid_alt": [1.6306896221134985, 0.003769054638556016, 0.005708613974374115], "k_pid_att": [13.900137911756453, 0.17011672548908982, 0.3411490448085517], "k_pid_yaw": [0.5, 1e-06, 0.1], "k_pid_hsp": [0.24128120879086654, 0.024096330920517373, 0.0], "k_pid_vsp": [271.42662808369477, 350.28461120791025, 1.1382510179320053]}, "datetime": {"datetime": "2025-08-21 17:33:35", "elapsed": 31732.03857254982, "delta": 17.70060706138611}, "costs": {"total_cost": 178.70960716541572, "time_cost": 72.728, "final_distance_cost": 1.8525488087933748, "oscillation_cost": 28.220247911438133, "completition_cost": 0.0, "overshoot_cost": 50.38643483530793, "power_cost": 13.12513924560547, "noise_cost": 12.397236364270823, "n_waypoints_completed": 9, "tot_waypoints": 9}}
{"target": -185.60314906938493, "params": {"k_pid_pos": [1.0586004774710083, 0.01835628013756277, 0.999513205377033], "k_pid_alt": [2.0, 0.003930785534982376, 0.009626303842697076], "k_pid_att": [9.098388648863198, 0.14297561227871372, 0.3656502303433136], "k_pid_yaw": [0.5, 1e-06, 0.1], "k_pid_hsp": [0.21746783085272617, 0.02828931697514676, 0.0], "k_pid_vsp": [167.2794578799237, 246.86113366045024, 0.7740782880416234]}, "datetime": {"datetime": "2025-08-21 17:33:52", "elapsed": 31749.28052186966, "delta": 17.241949319839478}, "costs": {"total_cost": 185.60314906938493, "time_cost": 77.864, "final_distance_cost": 1.857298737277279, "oscillation_cost": 28.125937598385704, "completition_cost": 0.0, "overshoot_cost": 50.44179038837516, "power_cost": 13.819428796386719, "noise_cost": 13.494693548960063, "n_waypoints_completed": 9, "tot_waypoints": 9}}
{"target": -173.97877108147094, "params": {"k_pid_pos": [2.0, 0.01983464526417757, 1.0], "k_pid_alt": [1.9219657300310136, 0.0030972559043361604, 0.011638362126997072], "k_pid_att": [11.286714335812034, 0.19059824836633896, 0.3899836426763634], "k_pid_yaw": [0.5, 1e-06, 0.1], "k_pid_hsp": [0.20595687818289043, 0.01685516021929726, 0.0], "k_pid_vsp": [304.8150088622882, 203.63172526757344, 1.157845264616087]}, "datetime": {"datetime": "2025-08-21 17:34:09", "elapsed": 31766.255207061768, "delta": 16.974685192108154}, "costs": {"total_cost": 173.97877108147094, "time_cost": 69.456, "final_distance_cost": 1.8322899289459482, "oscillation_cost": 29.138552594298154, "completition_cost": 0.0, "overshoot_cost": 50.08152720824259, "power_cost": 12.150152465820312, "noise_cost": 11.320248884163911, "n_waypoints_completed": 9, "tot_waypoints": 9}}
{"target": -176.31570635911774, "params": {"k_pid_pos": [1.1542085193034959, 0.009434964870554502, 0.8632273577120871], "k_pid_alt": [2.0, 0.0013759434980146299, 0.013260292925077835], "k_pid_att": [12.826938700202005, 0.1952913894629287, 0.2903302675138964], "k_pid_yaw": [0.5, 1e-06, 0.1], "k_pid_hsp": [0.17130729604543357, 0.025017600529976355, 0.0], "k_pid_vsp": [317.6349442099484, 242.7131742630501, 1.3041801580875185]}, "datetime": {"datetime": "2025-08-21 17:34:27", "elapsed": 31783.743499040604, "delta": 17.48829197883606}, "costs": {"total_cost": 176.31570635911774, "time_cost": 73.88, "final_distance_cost": 1.8515721555293725, "oscillation_cost": 27.44563198196499, "completition_cost": 0.0, "overshoot_cost": 50.30394308539817, "power_cost": 11.253465563964845, "noise_cost": 11.581093572260366, "n_waypoints_completed": 9, "tot_waypoints": 9}}
{"target": -174.62640708636596, "params": {"k_pid_pos": [2.0, 0.005470306577764525, 1.0], "k_pid_alt": [1.531336442487494, 0.003522636336190299, 0.011860813439655537], "k_pid_att": [15.015004823054275, 0.17514936535182754, 0.22116867265787224], "k_pid_yaw": [0.5, 1e-06, 0.1], "k_pid_hsp": [0.22037118375431142, 0.014894919727858945, 0.0], "k_pid_vsp": [246.12754058784535, 276.098265774152, 1.29037052169296]}, "datetime": {"datetime": "2025-08-21 17:34:43", "elapsed": 31800.018672704697, "delta": 16.275173664093018}, "costs": {"total_cost": 174.62640708636596, "time_cost": 69.34400000000001, "final_distance_cost": 1.8411736655652557, "oscillation_cost": 29.13568721022833, "completition_cost": 0.0, "overshoot_cost": 50.0694086948211, "power_cost": 12.681373352050782, "noise_cost": 11.554764163700506, "n_waypoints_completed": 9, "tot_waypoints": 9}}
{"target": -178.7910991935135, "params": {"k_pid_pos": [1.2780370051823844, 0.016799101906515613, 1.0], "k_pid_alt": [1.8149802333106049, 0.0036530161960991593, 0.009162807798264698], "k_pid_att": [12.2813261092344, 0.2008071298441099, 0.3178506499015885], "k_pid_yaw": [0.5, 1e-06, 0.1], "k_pid_hsp": [0.16743901685602725, 0.022343795488028496, 0.0], "k_pid_vsp": [230.94368216066474, 310.73022426265675, 0.9865294245138262]}, "datetime": {"datetime": "2025-08-21 17:35:01", "elapsed": 31818.244943618774, "delta": 18.22627091407776}, "costs": {"total_cost": 178.7910991935135, "time_cost": 72.976, "final_distance_cost": 1.8553567441401762, "oscillation_cost": 27.620730729455143, "completition_cost": 0.0, "overshoot_cost": 50.58867919802693, "power_cost": 13.135628222656251, "noise_cost": 12.614704299234978, "n_waypoints_completed": 9, "tot_waypoints": 9}}
{"target": -172.78510138449155, "params": {"k_pid_pos": [2.0, 0.013727593171617286, 0.7961628792066623], "k_pid_alt": [1.5722973213629199, 0.0029840495653513208, 0.011712991479347616], "k_pid_att": [8.301579573050892, 0.1616936800939787, 0.3747191695601024], "k_pid_yaw": [0.5, 1e-06, 0.1], "k_pid_hsp": [0.23678882401507773, 0.024946113799330257, 0.0], "k_pid_vsp": [229.11739769222802, 267.273657971944, 0.9789810422358626]}, "datetime": {"datetime": "2025-08-21 17:35:17", "elapsed": 31833.68675494194, "delta": 15.441811323165894}, "costs": {"total_cost": 172.78510138449155, "time_cost": 68.432, "final_distance_cost": 1.8265292837434524, "oscillation_cost": 31.120748298571687, "completition_cost": 0.0, "overshoot_cost": 49.71058987728685, "power_cost": 11.160209216308594, "noise_cost": 10.535024708580979, "n_waypoints_completed": 9, "tot_waypoints": 9}}
{"target": -172.49077006073182, "params": {"k_pid_pos": [1.7297370909530294, 0.017350694229175664, 0.9074609062070093], "k_pid_alt": [1.730464202671645, 0.0028625666648100585, 0.011755893637126515], "k_pid_att": [13.4851083730726, 0.15872362316706146, 0.21187440457405202], "k_pid_yaw": [0.5, 1e-06, 0.1], "k_pid_hsp": [0.23595422455535808, 0.021158184032872313, 0.0], "k_pid_vsp": [267.49489784061205, 251.65450963832293, 1.2960552982635634]}, "datetime": {"datetime": "2025-08-21 17:35:34", "elapsed": 31851.039107322693, "delta": 17.352352380752563}, "costs": {"total_cost": 172.49077006073182, "time_cost": 69.392, "final_distance_cost": 1.8419893212649614, "oscillation_cost": 28.551891000878946, "completition_cost": 0.0, "overshoot_cost": 49.959372783258004, "power_cost": 11.526090637207032, "noise_cost": 11.21942631812289, "n_waypoints_completed": 9, "tot_waypoints": 9}}
{"target": -170.75960809958002, "params": {"k_pid_pos": [1.7135894194034684, 0.01540428154786754, 0.8482604266179504], "k_pid_alt": [1.6487137018639835, 0.0036554195478511373, 0.015234741036611288], "k_pid_att": [13.743951920618223, 0.149396419731676, 0.306709397997986], "k_pid_yaw": [0.5, 1e-06, 0.1], "k_pid_hsp": [0.20848920254768574, 0.024435155069225483, 0.0], "k_pid_vsp": [198.08869390443678, 266.07796192793165, 0.9076118407851851]}, "datetime": {"datetime": "2025-08-21 17:35:49", "elapsed": 31866.141664981842, "delta": 15.10255765914917}, "costs": {"total_cost": 170.75960809958002, "time_cost": 68.872, "final_distance_cost": 1.8330509236928172, "oscillation_cost": 29.728956625124724, "completition_cost": 0.0, "overshoot_cost": 49.881824955464566, "power_cost": 10.284930114746095, "noise_cost": 10.158845480551818, "n_waypoints_completed": 9, "tot_waypoints": 9}}
{"target": -174.68763406631697, "params": {"k_pid_pos": [2.0, 0.008725422020454062, 1.0], "k_pid_alt": [1.757911303771859, 0.0025762481174554566, 0.012294597467313565], "k_pid_att": [10.471253948910864, 0.15127246100575434, 0.25345348644709986], "k_pid_yaw": [0.5, 1e-06, 0.1], "k_pid_hsp": [0.18497788529172152, 0.015573300667701217, 0.0], "k_pid_vsp": [248.83069435760322, 209.87930058303286, 1.2208462316146373]}, "datetime": {"datetime": "2025-08-21 17:36:06", "elapsed": 31883.158815145493, "delta": 17.017150163650513}, "costs": {"total_cost": 174.68763406631697, "time_cost": 69.728, "final_distance_cost": 1.8300529734419606, "oscillation_cost": 28.826094006818522, "completition_cost": 0.0, "overshoot_cost": 50.2592355010327, "power_cost": 12.589659118652344, "noise_cost": 11.454592466371453, "n_waypoints_completed": 9, "tot_waypoints": 9}}
{"target": -169.22253279516755, "params": {"k_pid_pos": [1.600632453732813, 0.011732376256658518, 0.5889819042951939], "k_pid_alt": [1.8379572761067493, 0.0025703812525543096, 0.014267293350797466], "k_pid_att": [9.60576418634275, 0.19295449006066198, 0.29596419257533385], "k_pid_yaw": [0.5, 1e-06, 0.1], "k_pid_hsp": [0.2627162139633313, 0.021253464087279045, 0.0], "k_pid_vsp": [268.78736900922917, 217.5511822800053, 0.8035876110916157]}, "datetime": {"datetime": "2025-08-21 17:36:21", "elapsed": 31898.32987523079, "delta": 15.17106008529663}, "costs": {"total_cost": 169.22253279516755, "time_cost": 68.616, "final_distance_cost": 1.8388799341443471, "oscillation_cost": 30.413429766688594, "completition_cost": 0.0, "overshoot_cost": 49.262697528584695, "power_cost": 9.3469, "noise_cost": 9.744625565749905, "n_waypoints_completed": 9, "tot_waypoints": 9}}
{"target": -169.34155450658722, "params": {"k_pid_pos": [1.954086236157359, 0.01711802531375426, 0.9965723332566289], "k_pid_alt": [1.783657711944665, 0.0026880006987506544, 0.01395641860795796], "k_pid_att": [11.982941560810678, 0.2201320820116559, 0.2522743759993873], "k_pid_yaw": [0.5, 1e-06, 0.1], "k_pid_hsp": [0.1599010768212365, 0.015149650694618004, 0.0], "k_pid_vsp": [323.0782674049449, 317.0474451696369, 1.2467697305784848]}, "datetime": {"datetime": "2025-08-21 17:36:39", "elapsed": 31915.72110104561, "delta": 17.391225814819336}, "costs": {"total_cost": 169.34155450658722, "time_cost": 68.70400000000001, "final_distance_cost": 1.834281183887124, "oscillation_cost": 29.83650526927565, "completition_cost": 0.0, "overshoot_cost": 50.01220054987068, "power_cost": 9.279856640625, "noise_cost": 9.674710862928748, "n_waypoints_completed": 9, "tot_waypoints": 9}}
{"target": -194.5331141546483, "params": {"k_pid_pos": [1.3392006560742598, 0.017315269210842883, 0.7439444819498297], "k_pid_alt": [1.851928914437855, 0.0026837503422895946, 0.013869725759976262], "k_pid_att": [12.580801252043564, 0.19242473385945816, 0.2998276586010605], "k_pid_yaw": [0.5, 1e-06, 0.1], "k_pid_hsp": [0.19450724032872957, 0.015981453727327444, 0.0], "k_pid_vsp": [198.15241494456373, 220.7364554098498, 0.9640111418737082]}, "datetime": {"datetime": "2025-08-21 17:36:56", "elapsed": 31933.18132162094, "delta": 17.46022057533264}, "costs": {"total_cost": 194.5331141546483, "time_cost": 75.19200000000001, "final_distance_cost": 1.8428051792918234, "oscillation_cost": 27.855706831297212, "completition_cost": 0.0, "overshoot_cost": 53.584207314311996, "power_cost": 20.198613842773437, "noise_cost": 15.859780986973828, "n_waypoints_completed": 9, "tot_waypoints": 9}}
{"target": -198.86090430663725, "params": {"k_pid_pos": [1.0713717794807678, 0.011350813404470729, 1.0], "k_pid_alt": [2.0, 0.003271349891109188, 0.013875795490929125], "k_pid_att": [11.565123207204708, 0.16799660376371792, 0.19958688240622194], "k_pid_yaw": [0.5, 1e-06, 0.1], "k_pid_hsp": [0.13867109826024202, 0.024978369137277214, 0.0], "k_pid_vsp": [255.30074463509789, 297.40188183948095, 0.9554164133798597]}, "datetime": {"datetime": "2025-08-21 17:37:15", "elapsed": 31952.20512032509, "delta": 19.02379870414734}, "costs": {"total_cost": 198.86090430663725, "time_cost": 81.752, "final_distance_cost": 1.8564016147793911, "oscillation_cost": 26.607883527052717, "completition_cost": 0.0, "overshoot_cost": 53.52476592572299, "power_cost": 18.867927270507813, "noise_cost": 16.25192596857436, "n_waypoints_completed": 9, "tot_waypoints": 9}}
{"target": -172.41726784161014, "params": {"k_pid_pos": [1.5641752528045847, 0.014151171207413556, 0.9207866826643931], "k_pid_alt": [2.0, 0.002746965218884463, 0.011201065187931564], "k_pid_att": [15.705967281992818, 0.2142628144597004, 0.2929983235153435], "k_pid_yaw": [0.5, 1e-06, 0.1], "k_pid_hsp": [0.12570425623053816, 0.02990136347661597, 0.0], "k_pid_vsp": [227.47748972529416, 287.75547263833687, 1.3280292704225598]}, "datetime": {"datetime": "2025-08-21 17:37:33", "elapsed": 31969.863545656204, "delta": 17.658425331115723}, "costs": {"total_cost": 172.41726784161014, "time_cost": 70.352, "final_distance_cost": 1.8441889166716636, "oscillation_cost": 27.82812792709638, "completition_cost": 0.0, "overshoot_cost": 50.03915745976081, "power_cost": 11.399467028808594, "noise_cost": 10.954326509272686, "n_waypoints_completed": 9, "tot_waypoints": 9}}
