{"target": -174.3145221249199, "params": {"k_pid_pos": [1.834209591379729, 0.02640840862604758, 0.6235526474189669], "k_pid_alt": [2.0, 0.0033025957001872656, 0.009861325749003003], "k_pid_att": [18.569474290163477, 0.15808350926427803, 0.2727944226952341], "k_pid_yaw": [0.5, 1e-06, 0.1], "k_pid_hsp": [0.17296141262822182, 0.015690498072170916, 0.0], "k_pid_vsp": [250.20076847475696, 285.92458056269896, 1.0943251553846043]}, "datetime": {"datetime": "2025-08-21 16:35:02", "elapsed": 28219.135608434677, "delta": 17.701269149780273}, "costs": {"total_cost": 174.3145221249199, "time_cost": 69.112, "final_distance_cost": 1.8120761971969985, "oscillation_cost": 29.9595165795505, "completition_cost": 0.0, "overshoot_cost": 50.414794729478956, "power_cost": 11.911201989746095, "noise_cost": 11.104932628947367, "n_waypoints_completed": 9, "tot_waypoints": 9}}
{"target": -177.9822161756671, "params": {"k_pid_pos": [1.8619864998569202, 0.01519928941314233, 0.5873090375000088], "k_pid_alt": [2.0, 0.002491257013377712, 0.011518359233402048], "k_pid_att": [11.236639634424312, 0.21438864663606116, 0.31113076118531824], "k_pid_yaw": [0.5, 1e-06, 0.1], "k_pid_hsp": [0.16494568408740581, 0.022065167135739455, 0.0], "k_pid_vsp": [306.1781769082525, 221.88916351971258, 1.6169196002352983]}, "datetime": {"datetime": "2025-08-21 16:35:19", "elapsed": 28235.487179517746, "delta": 16.351571083068848}, "costs": {"total_cost": 177.9822161756671, "time_cost": 69.416, "final_distance_cost": 1.8051851336936366, "oscillation_cost": 30.1198007701503, "completition_cost": 0.0, "overshoot_cost": 50.19184636808397, "power_cost": 14.243388342285156, "noise_cost": 12.205995561454028, "n_waypoints_completed": 9, "tot_waypoints": 9}}
{"target": -172.67922961779576, "params": {"k_pid_pos": [1.8161293307598274, 0.019259089517713882, 0.6501529989783595], "k_pid_alt": [1.3901575650638653, 0.002701220436998549, 0.01498295941348575], "k_pid_att": [11.175112161278028, 0.19659759202777083, 0.3374671684317851], "k_pid_yaw": [0.5, 1e-06, 0.1], "k_pid_hsp": [0.20450060068541787, 0.025368094575992244, 0.0], "k_pid_vsp": [302.39731343946426, 220.41303357329267, 1.2366624506937596]}, "datetime": {"datetime": "2025-08-21 16:35:34", "elapsed": 28251.01491856575, "delta": 15.52773904800415}, "costs": {"total_cost": 172.67922961779576, "time_cost": 68.57600000000001, "final_distance_cost": 1.8163240278034218, "oscillation_cost": 30.50246038076396, "completition_cost": 0.0, "overshoot_cost": 49.758712882307684, "power_cost": 11.341199084472656, "noise_cost": 10.684533242448024, "n_waypoints_completed": 9, "tot_waypoints": 9}}
{"target": -169.7428521031793, "params": {"k_pid_pos": [1.523743333038657, 0.01094884413958695, 0.8240802699307038], "k_pid_alt": [1.6274018008957318, 0.003823468305777091, 0.011230304100834842], "k_pid_att": [13.969267721141287, 0.12302546827391152, 0.23995024107921062], "k_pid_yaw": [0.5, 1e-06, 0.1], "k_pid_hsp": [0.17792821424510327, 0.02030248450082023, 0.0], "k_pid_vsp": [297.2777031263063, 314.9998259784252, 1.591419078213825]}, "datetime": {"datetime": "2025-08-21 16:35:50", "elapsed": 28267.41241145134, "delta": 16.3974928855896}, "costs": {"total_cost": 169.7428521031793, "time_cost": 69.352, "final_distance_cost": 1.841409406604086, "oscillation_cost": 28.20494825957061, "completition_cost": 0.0, "overshoot_cost": 49.668663951448636, "power_cost": 10.335172839355469, "noise_cost": 10.340657646200507, "n_waypoints_completed": 9, "tot_waypoints": 9}}
{"target": -172.9999859281726, "params": {"k_pid_pos": [1.5023904728809157, 0.012400871784154674, 0.8360558341746792], "k_pid_alt": [1.9040742187321316, 0.00434811097483134, 0.007293775256936729], "k_pid_att": [14.304480986571365, 0.1396252059136489, 0.33239026523619963], "k_pid_yaw": [0.5, 1e-06, 0.1], "k_pid_hsp": [0.14325018468827821, 0.02257819798450314, 0.0], "k_pid_vsp": [244.6118920661364, 303.94747033446043, 1.2656235529590705]}, "datetime": {"datetime": "2025-08-21 16:36:06", "elapsed": 28283.383966207504, "delta": 15.97155475616455}, "costs": {"total_cost": 172.9999859281726, "time_cost": 70.112, "final_distance_cost": 1.839902482767264, "oscillation_cost": 27.366966809957646, "completition_cost": 0.0, "overshoot_cost": 50.357918603078495, "power_cost": 12.034222924804688, "noise_cost": 11.288975107564527, "n_waypoints_completed": 9, "tot_waypoints": 9}}
{"target": -178.22599758291742, "params": {"k_pid_pos": [2.0, 0.014509584327538646, 0.8522728732862038], "k_pid_alt": [1.550074985815528, 0.002644565754829086, 0.00853526989648195], "k_pid_att": [15.104702437714332, 0.17771737245679478, 0.34040178366322876], "k_pid_yaw": [0.5, 1e-06, 0.1], "k_pid_hsp": [0.16510184097485844, 0.01964720719057708, 0.0], "k_pid_vsp": [334.6870691988911, 218.46964696366615, 1.436877563315142]}, "datetime": {"datetime": "2025-08-21 16:36:24", "elapsed": 28300.45422935486, "delta": 17.070263147354126}, "costs": {"total_cost": 178.22599758291742, "time_cost": 70.032, "final_distance_cost": 1.8214827985594875, "oscillation_cost": 29.067385749061085, "completition_cost": 0.0, "overshoot_cost": 50.713276771801794, "power_cost": 14.233244982910158, "noise_cost": 12.358607280584886, "n_waypoints_completed": 9, "tot_waypoints": 9}}
{"target": -175.348391852641, "params": {"k_pid_pos": [1.9233963175352107, 0.02046897724233626, 0.9031055842749968], "k_pid_alt": [1.4749073451137018, 0.004730472228849788, 0.009972764524503094], "k_pid_att": [14.527646134634184, 0.11446383207750459, 0.16141260096452817], "k_pid_yaw": [0.5, 1e-06, 0.1], "k_pid_hsp": [0.13402741290062362, 0.020369202846506607, 0.0], "k_pid_vsp": [296.0495464752235, 293.261915955054, 1.0373863170717952]}, "datetime": {"datetime": "2025-08-21 16:36:40", "elapsed": 28317.129575014114, "delta": 16.67534565925598}, "costs": {"total_cost": 175.348391852641, "time_cost": 69.352, "final_distance_cost": 1.8352743077307552, "oscillation_cost": 29.4486873101615, "completition_cost": 0.0, "overshoot_cost": 50.41316620447128, "power_cost": 12.802681396484376, "noise_cost": 11.496582633793054, "n_waypoints_completed": 9, "tot_waypoints": 9}}
{"target": -172.37740363886877, "params": {"k_pid_pos": [1.4633603711080951, 0.017647509819916963, 0.6651454102005757], "k_pid_alt": [1.3176246267848155, 0.0029392358167437335, 0.012046348733428866], "k_pid_att": [14.3943248846898, 0.12945250902044317, 0.3982755086707881], "k_pid_yaw": [0.5, 1e-06, 0.1], "k_pid_hsp": [0.17725420401717618, 0.023480791934151608, 0.0], "k_pid_vsp": [277.1266257596157, 180.56274061462022, 1.3637394829613747]}, "datetime": {"datetime": "2025-08-21 16:36:58", "elapsed": 28334.70521759987, "delta": 17.575642585754395}, "costs": {"total_cost": 172.37740363886877, "time_cost": 69.336, "final_distance_cost": 1.8390341763482156, "oscillation_cost": 28.815251105390136, "completition_cost": 0.0, "overshoot_cost": 50.279121665232424, "power_cost": 11.329163415527344, "noise_cost": 10.778833276370655, "n_waypoints_completed": 9, "tot_waypoints": 9}}
{"target": -173.20739120528887, "params": {"k_pid_pos": [1.5881099743000766, 0.018749800678387923, 1.0], "k_pid_alt": [1.6224639704665522, 0.0029173222681358395, 0.013558880512928076], "k_pid_att": [13.456929575164077, 0.10224619920529059, 0.33542227017054227], "k_pid_yaw": [0.5, 1e-06, 0.1], "k_pid_hsp": [0.1648696211179581, 0.02565966269858466, 0.0], "k_pid_vsp": [216.0703589621318, 263.7306505920022, 1.1044814407888477]}, "datetime": {"datetime": "2025-08-21 16:37:14", "elapsed": 28350.987098932266, "delta": 16.28188133239746}, "costs": {"total_cost": 173.20739120528887, "time_cost": 69.664, "final_distance_cost": 1.8448730924359202, "oscillation_cost": 28.316021312140105, "completition_cost": 0.0, "overshoot_cost": 49.91883295670108, "power_cost": 12.004332299804688, "noise_cost": 11.459331544207053, "n_waypoints_completed": 9, "tot_waypoints": 9}}
{"target": -177.75483885770615, "params": {"k_pid_pos": [1.7505505120015596, 0.019262176645529247, 1.0], "k_pid_alt": [1.5579261090833552, 0.0019121546046961923, 0.007839004864702452], "k_pid_att": [7.197255934645246, 0.18827324991372651, 0.28711388552340394], "k_pid_yaw": [0.5, 1e-06, 0.1], "k_pid_hsp": [0.17351305664507155, 0.015490279667849318, 0.0], "k_pid_vsp": [236.1684539411324, 306.4057447651855, 1.1430696368475284]}, "datetime": {"datetime": "2025-08-21 16:37:30", "elapsed": 28367.362517356873, "delta": 16.375418424606323}, "costs": {"total_cost": 177.75483885770615, "time_cost": 70.28, "final_distance_cost": 1.8378585628159998, "oscillation_cost": 28.021262361616863, "completition_cost": 0.0, "overshoot_cost": 50.14178433377429, "power_cost": 14.794712451171876, "noise_cost": 12.679221148327128, "n_waypoints_completed": 9, "tot_waypoints": 9}}
{"target": -175.9451711732178, "params": {"k_pid_pos": [2.0, 0.01742435321177418, 0.9211183310535445], "k_pid_alt": [1.6556109559539405, 0.0031227119380478324, 0.011618881369259704], "k_pid_att": [13.878082061867412, 0.17155170929802196, 0.1602056052965949], "k_pid_yaw": [0.5, 1e-06, 0.1], "k_pid_hsp": [0.11175728844617361, 0.023038816626049032, 0.0], "k_pid_vsp": [266.54564102018173, 312.1885342075941, 1.1096760148380724]}, "datetime": {"datetime": "2025-08-21 16:37:48", "elapsed": 28384.873244047165, "delta": 17.51072669029236}, "costs": {"total_cost": 175.9451711732178, "time_cost": 69.792, "final_distance_cost": 1.8123334842856604, "oscillation_cost": 29.619664947516394, "completition_cost": 0.0, "overshoot_cost": 50.70139907665897, "power_cost": 12.603588830566407, "noise_cost": 11.41618483419038, "n_waypoints_completed": 9, "tot_waypoints": 9}}
{"target": -182.38611234955263, "params": {"k_pid_pos": [1.9827684976833455, 0.0030473756861903955, 0.8680050438383079], "k_pid_alt": [1.0737636148627063, 0.0038276457502875922, 0.01128592826603512], "k_pid_att": [12.276615779844755, 0.1719533545291069, 0.21031001627139886], "k_pid_yaw": [0.5, 1e-06, 0.1], "k_pid_hsp": [0.16367631830305862, 0.016852548417843498, 0.0], "k_pid_vsp": [163.64683223450825, 306.78284067158876, 1.399483304388976]}, "datetime": {"datetime": "2025-08-21 16:38:05", "elapsed": 28401.48566865921, "delta": 16.612424612045288}, "costs": {"total_cost": 182.38611234955263, "time_cost": 70.328, "final_distance_cost": 1.8236329662464938, "oscillation_cost": 29.647397117364438, "completition_cost": 0.0, "overshoot_cost": 50.9085623976797, "power_cost": 16.34576805419922, "noise_cost": 13.332751814062767, "n_waypoints_completed": 9, "tot_waypoints": 9}}
{"target": -170.8281876976241, "params": {"k_pid_pos": [1.598209435963944, 0.016769548217113007, 0.9242508378753964], "k_pid_alt": [1.6777385084904033, 0.0037629768871519655, 0.009325469643433063], "k_pid_att": [11.579163288847134, 0.13944903875244882, 0.3155537715970509], "k_pid_yaw": [0.5, 1e-06, 0.1], "k_pid_hsp": [0.16561127077257334, 0.02602897516419284, 0.0], "k_pid_vsp": [270.74782671584666, 342.28567463830876, 1.1370498642493028]}, "datetime": {"datetime": "2025-08-21 16:38:22", "elapsed": 28418.67159843445, "delta": 17.185929775238037}, "costs": {"total_cost": 170.8281876976241, "time_cost": 69.2, "final_distance_cost": 1.8439490105733085, "oscillation_cost": 29.186412344550895, "completition_cost": 0.0, "overshoot_cost": 49.152845006611585, "power_cost": 10.680208642578126, "noise_cost": 10.764772693310174, "n_waypoints_completed": 9, "tot_waypoints": 9}}
{"target": -171.17931387521475, "params": {"k_pid_pos": [1.3003649988245547, 0.011784491805008726, 0.9524674408061514], "k_pid_alt": [1.8446781381018542, 0.0029975139654705787, 0.011302191139581433], "k_pid_att": [14.408447237686593, 0.20712782552549314, 0.27191712464095597], "k_pid_yaw": [0.5, 1e-06, 0.1], "k_pid_hsp": [0.2079216336720006, 0.01653006784901155, 0.0], "k_pid_vsp": [225.80542335836046, 277.19255419204256, 1.1437075946266175]}, "datetime": {"datetime": "2025-08-21 16:38:38", "elapsed": 28435.40108680725, "delta": 16.729488372802734}, "costs": {"total_cost": 171.17931387521475, "time_cost": 72.24, "final_distance_cost": 1.8488994584355491, "oscillation_cost": 27.524486131035832, "completition_cost": 0.0, "overshoot_cost": 49.83789676220047, "power_cost": 9.418127795410157, "noise_cost": 10.309903728132713, "n_waypoints_completed": 9, "tot_waypoints": 9}}
{"target": -178.3498770906224, "params": {"k_pid_pos": [1.579218694612372, 0.015404960582033491, 0.9960601721687676], "k_pid_alt": [1.735663629296111, 0.004681219042615732, 0.012770031221610101], "k_pid_att": [15.163881976347625, 0.16163380227509602, 0.3406887124416929], "k_pid_yaw": [0.5, 1e-06, 0.1], "k_pid_hsp": [0.2170803175326987, 0.01909861802815904, 0.0], "k_pid_vsp": [167.92493943334273, 337.49270579308796, 1.1854057850648638]}, "datetime": {"datetime": "2025-08-21 16:38:56", "elapsed": 28452.5910449028, "delta": 17.189958095550537}, "costs": {"total_cost": 178.3498770906224, "time_cost": 70.792, "final_distance_cost": 1.8546981192966843, "oscillation_cost": 28.399216256987767, "completition_cost": 0.0, "overshoot_cost": 50.29037177100011, "power_cost": 14.071836254882813, "noise_cost": 12.94175468845503, "n_waypoints_completed": 9, "tot_waypoints": 9}}
{"target": -171.27117798622868, "params": {"k_pid_pos": [2.0, 0.014072793629310376, 0.7911777302466022], "k_pid_alt": [1.4904130911654043, 0.003876513655128215, 0.010091327643513797], "k_pid_att": [16.179113024920888, 0.13802693230556118, 0.3256263617868956], "k_pid_yaw": [0.5, 1e-06, 0.1], "k_pid_hsp": [0.16642525309997425, 0.02317022154836504, 0.0], "k_pid_vsp": [242.15569695963913, 266.5457224480164, 0.77328583329249]}, "datetime": {"datetime": "2025-08-21 16:39:11", "elapsed": 28468.23964047432, "delta": 15.648595571517944}, "costs": {"total_cost": 171.27117798622868, "time_cost": 68.504, "final_distance_cost": 1.8323736258310412, "oscillation_cost": 30.6753388759388, "completition_cost": 0.0, "overshoot_cost": 49.735090876396775, "power_cost": 10.398860400390625, "noise_cost": 10.125514207671458, "n_waypoints_completed": 9, "tot_waypoints": 9}}
{"target": -171.21155752124974, "params": {"k_pid_pos": [1.5435018613101967, 0.01754100712121272, 0.7321112469678382], "k_pid_alt": [1.4376257366955738, 0.00464057977674968, 0.008778915576813933], "k_pid_att": [10.900563893993175, 0.18051524945829955, 0.2852430060078577], "k_pid_yaw": [0.5, 1e-06, 0.1], "k_pid_hsp": [0.15996317698836673, 0.017638154666000935, 0.0], "k_pid_vsp": [251.31923663207564, 385.67433713468125, 1.1500928108485473]}, "datetime": {"datetime": "2025-08-21 16:39:28", "elapsed": 28484.805969953537, "delta": 16.56632947921753}, "costs": {"total_cost": 171.21155752124974, "time_cost": 68.912, "final_distance_cost": 1.8423573235300805, "oscillation_cost": 29.453847554417205, "completition_cost": 0.0, "overshoot_cost": 49.92710304833736, "power_cost": 10.65632508544922, "noise_cost": 10.419924509515862, "n_waypoints_completed": 9, "tot_waypoints": 9}}
{"target": -179.2864256879678, "params": {"k_pid_pos": [0.9235716729275113, 0.02472905282239435, 0.6591760114679984], "k_pid_alt": [1.9394305331372532, 0.002419715141168124, 0.013082441841042925], "k_pid_att": [10.884789433966887, 0.16598658850308112, 0.2204277681276382], "k_pid_yaw": [0.5, 1e-06, 0.1], "k_pid_hsp": [0.13777931458539297, 0.024656792110634932, 0.0], "k_pid_vsp": [309.831085008872, 348.6643293230384, 1.1249940997332188]}, "datetime": {"datetime": "2025-08-21 16:39:46", "elapsed": 28503.111464500427, "delta": 18.30549454689026}, "costs": {"total_cost": 179.2864256879678, "time_cost": 74.57600000000001, "final_distance_cost": 1.8534709867208203, "oscillation_cost": 27.408199192423307, "completition_cost": 0.0, "overshoot_cost": 50.49760163447723, "power_cost": 12.541649499511719, "noise_cost": 12.409504374834704, "n_waypoints_completed": 9, "tot_waypoints": 9}}
{"target": -169.1354579896461, "params": {"k_pid_pos": [1.7832908839527837, 0.02255466400537548, 0.7078730212544033], "k_pid_alt": [1.5764413683458915, 0.0034968671255367063, 0.011099113163596191], "k_pid_att": [12.681294981509907, 0.11057318257965425, 0.3389617445945124], "k_pid_yaw": [0.5, 1e-06, 0.1], "k_pid_hsp": [0.2103415704794768, 0.021600485148075662, 0.0], "k_pid_vsp": [205.2840211617555, 232.04418580260142, 0.6649869324758335]}, "datetime": {"datetime": "2025-08-21 16:40:03", "elapsed": 28519.460577726364, "delta": 16.34911322593689}, "costs": {"total_cost": 169.1354579896461, "time_cost": 68.488, "final_distance_cost": 1.8380473068651655, "oscillation_cost": 30.497371779140206, "completition_cost": 0.0, "overshoot_cost": 49.354323268897495, "power_cost": 9.3632841796875, "noise_cost": 9.59443145505575, "n_waypoints_completed": 9, "tot_waypoints": 9}}
{"target": -174.74932989207133, "params": {"k_pid_pos": [1.189741665304319, 0.02779804878996996, 0.8600397298835097], "k_pid_alt": [1.5161996403165297, 0.003912970867086483, 0.014225955840260991], "k_pid_att": [12.823083633169274, 0.18756009896601292, 0.2747259431252345], "k_pid_yaw": [0.5, 1e-06, 0.1], "k_pid_hsp": [0.2236921336957559, 0.019339951313615666, 0.0], "k_pid_vsp": [221.28212380187713, 196.32393259450137, 1.0387748208976169]}, "datetime": {"datetime": "2025-08-21 16:40:22", "elapsed": 28538.56811952591, "delta": 19.107541799545288}, "costs": {"total_cost": 174.74932989207133, "time_cost": 73.04, "final_distance_cost": 1.8532747467350146, "oscillation_cost": 26.96259064859274, "completition_cost": 0.0, "overshoot_cost": 49.95226157996593, "power_cost": 11.399584838867188, "noise_cost": 11.541618077910483, "n_waypoints_completed": 9, "tot_waypoints": 9}}
{"target": -183.8565415121255, "params": {"k_pid_pos": [1.3010558289853569, 0.01794546818732901, 1.0], "k_pid_alt": [1.510561443376792, 0.004725144776855437, 0.013994298231376061], "k_pid_att": [14.288575151628661, 0.16462020485045767, 0.2880222202596467], "k_pid_yaw": [0.5, 1e-06, 0.1], "k_pid_hsp": [0.17628181944124469, 0.021449762057887966, 0.0], "k_pid_vsp": [274.3548247319555, 330.64207621427175, 1.5610489189702939]}, "datetime": {"datetime": "2025-08-21 16:40:38", "elapsed": 28555.10157608986, "delta": 16.533456563949585}, "costs": {"total_cost": 183.8565415121255, "time_cost": 73.456, "final_distance_cost": 1.8477738882234471, "oscillation_cost": 27.060092201089002, "completition_cost": 0.0, "overshoot_cost": 51.20650412231442, "power_cost": 16.30455388183594, "noise_cost": 13.98161741866266, "n_waypoints_completed": 9, "tot_waypoints": 9}}
{"target": -177.2621817941759, "params": {"k_pid_pos": [1.4450759093224346, 0.020695955073371686, 1.0], "k_pid_alt": [1.0699753916395258, 0.0023157850032039084, 0.01159596888915445], "k_pid_att": [13.160849375072802, 0.14634002921673242, 0.3070123391860385], "k_pid_yaw": [0.5, 1e-06, 0.1], "k_pid_hsp": [0.15391978025071648, 0.0189793585568911, 0.0], "k_pid_vsp": [175.98818325956765, 288.2163919526911, 1.0300391917211165]}, "datetime": {"datetime": "2025-08-21 16:40:55", "elapsed": 28572.439665079117, "delta": 17.338088989257812}, "costs": {"total_cost": 177.2621817941759, "time_cost": 71.688, "final_distance_cost": 1.8479264990226627, "oscillation_cost": 27.951297499019205, "completition_cost": 0.0, "overshoot_cost": 50.037640078746676, "power_cost": 13.546469091796876, "noise_cost": 12.190848625590464, "n_waypoints_completed": 9, "tot_waypoints": 9}}
{"target": -174.47832158958397, "params": {"k_pid_pos": [1.9655011486296665, 0.021924021090017187, 0.8339195075006182], "k_pid_alt": [1.8324647862400945, 0.004157969258803779, 0.011678783310846283], "k_pid_att": [16.508653379100668, 0.15962407669841708, 0.4069199511405046], "k_pid_yaw": [0.5, 1e-06, 0.1], "k_pid_hsp": [0.21323982954420004, 0.021878133842009016, 0.0], "k_pid_vsp": [204.11202367033934, 400.0, 1.374668853271464]}, "datetime": {"datetime": "2025-08-21 16:41:12", "elapsed": 28589.331678390503, "delta": 16.89201331138611}, "costs": {"total_cost": 174.47832158958397, "time_cost": 69.328, "final_distance_cost": 1.8265989614861433, "oscillation_cost": 29.856990796130525, "completition_cost": 0.0, "overshoot_cost": 50.43684626539051, "power_cost": 12.038378125000001, "noise_cost": 10.991507441576802, "n_waypoints_completed": 9, "tot_waypoints": 9}}
{"target": -167.59570704221943, "params": {"k_pid_pos": [1.4097506839581737, 0.014851098398159674, 0.9869316896858824], "k_pid_alt": [2.0, 0.0023517519294064594, 0.008983079212438029], "k_pid_att": [12.316780213535381, 0.16110891427492832, 0.24265287718061468], "k_pid_yaw": [0.5, 1e-06, 0.1], "k_pid_hsp": [0.19602956589935994, 0.016412794423690768, 0.0], "k_pid_vsp": [356.1372564874405, 211.36870833086581, 1.2503911426356715]}, "datetime": {"datetime": "2025-08-21 16:41:29", "elapsed": 28605.688769817352, "delta": 16.357091426849365}, "costs": {"total_cost": 167.59570704221943, "time_cost": 70.872, "final_distance_cost": 1.8445289179391664, "oscillation_cost": 26.753339004221477, "completition_cost": 0.0, "overshoot_cost": 49.841812616961214, "power_cost": 8.523722021484375, "noise_cost": 9.760304481613222, "n_waypoints_completed": 9, "tot_waypoints": 9}}
{"target": -175.12679286422696, "params": {"k_pid_pos": [1.9396318264346422, 0.018101174724256795, 0.8573538241590972], "k_pid_alt": [1.239933938043286, 0.003849854327455588, 0.013969708341305015], "k_pid_att": [11.000374274309934, 0.18756970688557942, 0.21607239287906796], "k_pid_yaw": [0.5, 1e-06, 0.1], "k_pid_hsp": [0.17344783425185586, 0.031381885192139754, 0.0], "k_pid_vsp": [277.38748774738684, 257.0170837018946, 1.1642436407142898]}, "datetime": {"datetime": "2025-08-21 16:41:45", "elapsed": 28622.434190511703, "delta": 16.745420694351196}, "costs": {"total_cost": 175.12679286422696, "time_cost": 69.28, "final_distance_cost": 1.8323073947911133, "oscillation_cost": 30.331024909409052, "completition_cost": 0.0, "overshoot_cost": 49.65427270054667, "power_cost": 12.655983215332032, "noise_cost": 11.373204644148062, "n_waypoints_completed": 9, "tot_waypoints": 9}}
