{"target": -174.35071630594157, "params": {"k_pid_pos": [1.3363436301172043, 0.017372494349376013, 0.4298996820953753], "k_pid_alt": [0.9213240106898613, 0.0033327951974626516, 0.010348851068939497], "k_pid_att": [15.353647274643274, 0.17960989423052742, 0.24953696682243734], "k_pid_yaw": [0.5, 1e-06, 0.1], "k_pid_hsp": [0.1217792196514656, 0.024708341834327806, 0.0], "k_pid_vsp": [230.5720333399092, 272.0458571188544, 1.1081983088323148]}, "datetime": {"datetime": "2025-08-21 16:49:02", "elapsed": 29058.614362955093, "delta": 18.034034490585327}, "costs": {"total_cost": 174.35071630594157, "time_cost": 69.984, "final_distance_cost": 1.8238923166123346, "oscillation_cost": 30.27795451889556, "completition_cost": 0.0, "overshoot_cost": 49.14759576610088, "power_cost": 11.987496765136719, "noise_cost": 11.129776939196079, "n_waypoints_completed": 9, "tot_waypoints": 9}}
{"target": -180.52220309849662, "params": {"k_pid_pos": [1.6853887205266986, 0.011457112104102466, 1.0], "k_pid_alt": [1.7640892384229547, 0.0031129741366916464, 0.00992544529557272], "k_pid_att": [10.298533938192469, 0.19106690073465668, 0.2960899286908066], "k_pid_yaw": [0.5, 1e-06, 0.1], "k_pid_hsp": [0.2179923401188479, 0.022606181534829992, 0.0], "k_pid_vsp": [210.0501863783758, 243.47797422776296, 1.221948822918219]}, "datetime": {"datetime": "2025-08-21 16:49:18", "elapsed": 29075.19120144844, "delta": 16.576838493347168}, "costs": {"total_cost": 180.52220309849662, "time_cost": 70.504, "final_distance_cost": 1.8499239613417509, "oscillation_cost": 29.786775918676206, "completition_cost": 0.0, "overshoot_cost": 50.82797004220297, "power_cost": 14.708458850097657, "noise_cost": 12.845074326178047, "n_waypoints_completed": 9, "tot_waypoints": 9}}
{"target": -177.83631416131925, "params": {"k_pid_pos": [1.910104521331099, 0.01470926972335381, 0.8101231928180627], "k_pid_alt": [1.8013285305084128, 0.0031311736263313094, 0.007563099511846684], "k_pid_att": [14.07659057750463, 0.1169214715263961, 0.16797819389633306], "k_pid_yaw": [0.5, 1e-06, 0.1], "k_pid_hsp": [0.1501723436195238, 0.018502323909790577, 0.0], "k_pid_vsp": [114.9225502949336, 327.526190817691, 1.2923571971017696]}, "datetime": {"datetime": "2025-08-21 16:49:35", "elapsed": 29092.42842578888, "delta": 17.237224340438843}, "costs": {"total_cost": 177.83631416131925, "time_cost": 69.648, "final_distance_cost": 1.8279431730428255, "oscillation_cost": 29.849317285380046, "completition_cost": 0.0, "overshoot_cost": 50.59201462914208, "power_cost": 13.854963647460938, "noise_cost": 12.06407542629335, "n_waypoints_completed": 9, "tot_waypoints": 9}}
{"target": -173.93329696015132, "params": {"k_pid_pos": [1.5789325690548537, 0.02391699597437948, 0.6967513518607711], "k_pid_alt": [1.1765380368994973, 0.0016272998933465727, 0.014378821211797415], "k_pid_att": [12.735718344352113, 0.18270253453790883, 0.2544843797859957], "k_pid_yaw": [0.5, 1e-06, 0.1], "k_pid_hsp": [0.2592977113726505, 0.009855301306575243, 0.0], "k_pid_vsp": [206.1376357585657, 328.1485305250397, 0.9413093206397706]}, "datetime": {"datetime": "2025-08-21 16:49:51", "elapsed": 29108.408217430115, "delta": 15.979791641235352}, "costs": {"total_cost": 173.93329696015132, "time_cost": 69.2, "final_distance_cost": 1.838530170029321, "oscillation_cost": 30.003243182525658, "completition_cost": 0.0, "overshoot_cost": 49.178118290848545, "power_cost": 12.249869763183595, "noise_cost": 11.46353555356422, "n_waypoints_completed": 9, "tot_waypoints": 9}}
{"target": -187.79680255591884, "params": {"k_pid_pos": [1.7750298611954645, 0.01589370230457438, 0.7139952294595239], "k_pid_alt": [1.7628761865929488, 0.003224729251474042, 0.008888166404841094], "k_pid_att": [16.169371424649153, 0.16234738125930995, 0.28209862696799615], "k_pid_yaw": [0.5, 1e-06, 0.1], "k_pid_hsp": [0.19119079796586344, 0.0062508416445228735, 0.0], "k_pid_vsp": [336.0239146267226, 246.21104251082966, 1.6094293259086048]}, "datetime": {"datetime": "2025-08-21 16:50:08", "elapsed": 29125.217361211777, "delta": 16.809143781661987}, "costs": {"total_cost": 187.79680255591884, "time_cost": 69.608, "final_distance_cost": 1.7992184375854254, "oscillation_cost": 30.5378188874004, "completition_cost": 0.0, "overshoot_cost": 51.389389471364325, "power_cost": 18.363730517578126, "noise_cost": 16.098645241990578, "n_waypoints_completed": 9, "tot_waypoints": 9}}
{"target": -172.01730378136003, "params": {"k_pid_pos": [2.0, 0.02336554746164256, 0.96973207783028], "k_pid_alt": [1.0411130422545414, 0.00350869696271984, 0.012533983478004941], "k_pid_att": [8.324976244139824, 0.13452641038953553, 0.3647050490173947], "k_pid_yaw": [0.5, 1e-06, 0.1], "k_pid_hsp": [0.19544590590385236, 0.015976753534234, 0.0], "k_pid_vsp": [248.8725115808512, 306.5833827556656, 1.1982381616747737]}, "datetime": {"datetime": "2025-08-21 16:50:24", "elapsed": 29140.95575070381, "delta": 15.738389492034912}, "costs": {"total_cost": 172.01730378136003, "time_cost": 69.136, "final_distance_cost": 1.8238987714574373, "oscillation_cost": 30.3217192021121, "completition_cost": 0.0, "overshoot_cost": 49.50781923645553, "power_cost": 10.731272875976563, "noise_cost": 10.496593695358392, "n_waypoints_completed": 9, "tot_waypoints": 9}}
{"target": -171.88131977524506, "params": {"k_pid_pos": [1.6447135830422805, 0.010828998589646229, 0.830827042680827], "k_pid_alt": [2.0, 0.004710189431195773, 0.010969900137522505], "k_pid_att": [18.067356138532435, 0.17761500787935613, 0.2702465116891048], "k_pid_yaw": [0.5, 1e-06, 0.1], "k_pid_hsp": [0.18748909446740147, 0.016715431036937272, 0.0], "k_pid_vsp": [313.8506488515759, 305.94063094811304, 1.4656305404913483]}, "datetime": {"datetime": "2025-08-21 16:50:40", "elapsed": 29157.146117925644, "delta": 16.190367221832275}, "costs": {"total_cost": 171.88131977524506, "time_cost": 69.808, "final_distance_cost": 1.842596499117737, "oscillation_cost": 27.849955604794026, "completition_cost": 0.0, "overshoot_cost": 50.350548051699064, "power_cost": 11.210484020996095, "noise_cost": 10.81973559863815, "n_waypoints_completed": 9, "tot_waypoints": 9}}
{"target": -165.82830786553814, "params": {"k_pid_pos": [1.793671217452269, 0.019981302672462144, 0.7113475771188874], "k_pid_alt": [1.464159054877425, 0.003162805445135811, 0.010863552230776211], "k_pid_att": [14.043822380925269, 0.19258733195326752, 0.30236071405498716], "k_pid_yaw": [0.5, 1e-06, 0.1], "k_pid_hsp": [0.22737801819835055, 0.024183191087611397, 0.0], "k_pid_vsp": [236.17869852611204, 274.13368508730133, 0.8465103296523763]}, "datetime": {"datetime": "2025-08-21 16:50:57", "elapsed": 29173.686150312424, "delta": 16.540032386779785}, "costs": {"total_cost": 165.82830786553814, "time_cost": 68.32000000000001, "final_distance_cost": 1.838276594310328, "oscillation_cost": 30.551878121800627, "completition_cost": 0.0, "overshoot_cost": 49.41044841106083, "power_cost": 7.3414629882812505, "noise_cost": 8.366241750085083, "n_waypoints_completed": 9, "tot_waypoints": 9}}
{"target": -167.55358883761988, "params": {"k_pid_pos": [1.601866552290767, 0.019650527078935495, 1.0], "k_pid_alt": [1.8324751572776214, 0.003929584933760284, 0.012239058606950293], "k_pid_att": [14.706256377221372, 0.1904779565496173, 0.2789915356373054], "k_pid_yaw": [0.5, 1e-06, 0.1], "k_pid_hsp": [0.17126142479888617, 0.02958463780558597, 0.0], "k_pid_vsp": [286.0765477336375, 347.4418088187976, 1.1590860176764053]}, "datetime": {"datetime": "2025-08-21 16:51:13", "elapsed": 29189.744460105896, "delta": 16.05830979347229}, "costs": {"total_cost": 167.55358883761988, "time_cost": 69.488, "final_distance_cost": 1.8425340309292095, "oscillation_cost": 28.83174054767915, "completition_cost": 0.0, "overshoot_cost": 49.221791407408126, "power_cost": 8.641484008789062, "noise_cost": 9.528038842814347, "n_waypoints_completed": 9, "tot_waypoints": 9}}
{"target": -177.61452352425036, "params": {"k_pid_pos": [1.4317582330275023, 0.024112349925588528, 1.0], "k_pid_alt": [1.2363418574961924, 0.0038349409863467493, 0.007805246896337453], "k_pid_att": [13.613838951076339, 0.10141739687321588, 0.2777366516273792], "k_pid_yaw": [0.5, 1e-06, 0.1], "k_pid_hsp": [0.19515419588783814, 0.019360932631496658, 0.0], "k_pid_vsp": [289.05775375320655, 263.81408435485014, 1.3166814012360708]}, "datetime": {"datetime": "2025-08-21 16:51:30", "elapsed": 29206.991040229797, "delta": 17.246580123901367}, "costs": {"total_cost": 177.61452352425036, "time_cost": 71.56, "final_distance_cost": 1.8446668565092341, "oscillation_cost": 27.00415211705495, "completition_cost": 0.0, "overshoot_cost": 50.246706116523065, "power_cost": 14.18176766357422, "noise_cost": 12.77723077058888, "n_waypoints_completed": 9, "tot_waypoints": 9}}
{"target": -174.18812285958583, "params": {"k_pid_pos": [1.86331573009955, 0.0070624067955706886, 0.7884359827498555], "k_pid_alt": [1.170798367641561, 0.0039063591211836515, 0.00937383981581564], "k_pid_att": [14.13536667164401, 0.1496946125643922, 0.29354121567087194], "k_pid_yaw": [0.5, 1e-06, 0.1], "k_pid_hsp": [0.15357226380592456, 0.02748912395294602, 0.0], "k_pid_vsp": [214.08932773283217, 228.75021680551717, 1.4721688382373819]}, "datetime": {"datetime": "2025-08-21 16:51:45", "elapsed": 29222.20347046852, "delta": 15.212430238723755}, "costs": {"total_cost": 174.18812285958583, "time_cost": 69.008, "final_distance_cost": 1.8293146629550048, "oscillation_cost": 30.69858697091907, "completition_cost": 0.0, "overshoot_cost": 49.54682609062523, "power_cost": 12.026609204101563, "noise_cost": 11.078785930984964, "n_waypoints_completed": 9, "tot_waypoints": 9}}
{"target": -167.79566763629626, "params": {"k_pid_pos": [1.7795672243660559, 0.022817111543827703, 0.6432281261344808], "k_pid_alt": [1.5086566926673433, 0.003481820932140372, 0.005613329496102857], "k_pid_att": [12.749052445622842, 0.19368688258067882, 0.21016157469102306], "k_pid_yaw": [0.5, 1e-06, 0.1], "k_pid_hsp": [0.13873370205826432, 0.014987466679826133, 0.0], "k_pid_vsp": [261.75377748901093, 154.0814398165953, 1.4277585355750866]}, "datetime": {"datetime": "2025-08-21 16:52:02", "elapsed": 29238.711691856384, "delta": 16.50822138786316}, "costs": {"total_cost": 167.79566763629626, "time_cost": 68.552, "final_distance_cost": 1.8063733824553, "oscillation_cost": 29.875528034417194, "completition_cost": 0.0, "overshoot_cost": 49.50686223797635, "power_cost": 8.708213403320313, "noise_cost": 9.346690578127086, "n_waypoints_completed": 9, "tot_waypoints": 9}}
{"target": -178.1546157229034, "params": {"k_pid_pos": [1.3296602769063657, 0.023249633105259775, 1.0], "k_pid_alt": [1.4470370033571687, 0.0031849878273457585, 0.010603417140441227], "k_pid_att": [8.135994906534414, 0.16059833350571312, 0.2991598330464024], "k_pid_yaw": [0.5, 1e-06, 0.1], "k_pid_hsp": [0.20963816107835034, 0.017722012215588733, 0.0], "k_pid_vsp": [194.31354303921407, 302.6616586650603, 1.0536698639374908]}, "datetime": {"datetime": "2025-08-21 16:52:19", "elapsed": 29256.06475520134, "delta": 17.353063344955444}, "costs": {"total_cost": 178.1546157229034, "time_cost": 72.464, "final_distance_cost": 1.8499819576611358, "oscillation_cost": 27.43751952835335, "completition_cost": 0.0, "overshoot_cost": 50.63383418621334, "power_cost": 13.428885485839844, "noise_cost": 12.34039456483572, "n_waypoints_completed": 9, "tot_waypoints": 9}}
{"target": -172.22800953745642, "params": {"k_pid_pos": [1.707728302060281, 0.032551986521619745, 0.8223882238062433], "k_pid_alt": [1.8441984425225064, 0.0035438414953712864, 0.011104641557606452], "k_pid_att": [12.781528412376934, 0.16535924328644322, 0.38050050232531124], "k_pid_yaw": [0.5, 1e-06, 0.1], "k_pid_hsp": [0.2850345902852523, 0.030825090523522437, 0.0], "k_pid_vsp": [194.0180282494094, 350.0360950777734, 1.305401593669303]}, "datetime": {"datetime": "2025-08-21 16:52:35", "elapsed": 29271.536280155182, "delta": 15.471524953842163}, "costs": {"total_cost": 172.22800953745642, "time_cost": 68.912, "final_distance_cost": 1.8358305897998892, "oscillation_cost": 30.374488093394877, "completition_cost": 0.0, "overshoot_cost": 49.39971198326852, "power_cost": 11.006820434570313, "noise_cost": 10.699158436422845, "n_waypoints_completed": 9, "tot_waypoints": 9}}
{"target": -170.64223315236407, "params": {"k_pid_pos": [1.3049067789500974, 0.024287390614937145, 0.5227417774407664], "k_pid_alt": [1.3072222418747634, 0.003626167792656081, 0.012035876297724388], "k_pid_att": [12.409587511617096, 0.14477469959641054, 0.18990839718104832], "k_pid_yaw": [0.5, 1e-06, 0.1], "k_pid_hsp": [0.1691452497825822, 0.014530201133970086, 0.0], "k_pid_vsp": [203.53885027284286, 238.43249985348484, 1.3551875894081291]}, "datetime": {"datetime": "2025-08-21 16:52:51", "elapsed": 29287.939202785492, "delta": 16.40292263031006}, "costs": {"total_cost": 170.64223315236407, "time_cost": 69.06400000000001, "final_distance_cost": 1.8305998250661368, "oscillation_cost": 28.63554411559764, "completition_cost": 0.0, "overshoot_cost": 49.81413987408457, "power_cost": 10.690672814941406, "noise_cost": 10.607276522674331, "n_waypoints_completed": 9, "tot_waypoints": 9}}
{"target": -177.21892454111997, "params": {"k_pid_pos": [1.6074537916033798, 0.019241349876521884, 0.7451891309981448], "k_pid_alt": [1.1167972793905485, 0.002907060733522388, 0.011838175591318861], "k_pid_att": [14.724995869369897, 0.20883310438567784, 0.3130214668910347], "k_pid_yaw": [0.5, 1e-06, 0.1], "k_pid_hsp": [0.18840583340624475, 0.026731424528577463, 0.0], "k_pid_vsp": [247.93313206738017, 225.91593467882151, 0.9277672162290148]}, "datetime": {"datetime": "2025-08-21 16:53:07", "elapsed": 29303.65453362465, "delta": 15.715330839157104}, "costs": {"total_cost": 177.21892454111997, "time_cost": 69.504, "final_distance_cost": 1.8440424569028242, "oscillation_cost": 29.828954929939076, "completition_cost": 0.0, "overshoot_cost": 49.900290640349475, "power_cost": 13.724575451660156, "noise_cost": 12.417061062268457, "n_waypoints_completed": 9, "tot_waypoints": 9}}
{"target": -178.31203863037499, "params": {"k_pid_pos": [2.0, 0.012508624100595006, 1.0], "k_pid_alt": [1.2589694162715102, 0.003665151418566852, 0.00927996336747536], "k_pid_att": [12.645495852508981, 0.14770500710593878, 0.32597001572872925], "k_pid_yaw": [0.5, 1e-06, 0.1], "k_pid_hsp": [0.15219250802495796, 0.021695842714642935, 0.0], "k_pid_vsp": [299.21147259981774, 290.86530486491273, 0.659829238270654]}, "datetime": {"datetime": "2025-08-21 16:53:24", "elapsed": 29320.454531908035, "delta": 16.79999828338623}, "costs": {"total_cost": 178.31203863037499, "time_cost": 69.824, "final_distance_cost": 1.842169375634457, "oscillation_cost": 29.098902559279132, "completition_cost": 0.0, "overshoot_cost": 50.33626479682899, "power_cost": 14.682831469726564, "noise_cost": 12.527870428905857, "n_waypoints_completed": 9, "tot_waypoints": 9}}
{"target": -172.4980273001202, "params": {"k_pid_pos": [2.0, 0.015531397598532615, 0.6559194008931507], "k_pid_alt": [2.0, 0.0025520654554815093, 0.013612051381670653], "k_pid_att": [12.426717831198602, 0.1436514833629071, 0.25617835154101903], "k_pid_yaw": [0.5, 1e-06, 0.1], "k_pid_hsp": [0.1626213462583794, 0.01784814120220465, 0.0], "k_pid_vsp": [188.2770526721304, 277.98218212836554, 1.2653170091419155]}, "datetime": {"datetime": "2025-08-21 16:53:40", "elapsed": 29336.544653892517, "delta": 16.09012198448181}, "costs": {"total_cost": 172.4980273001202, "time_cost": 68.432, "final_distance_cost": 1.794934084982753, "oscillation_cost": 30.99851949079613, "completition_cost": 0.0, "overshoot_cost": 49.80257392250619, "power_cost": 11.0070048828125, "noise_cost": 10.46299491902264, "n_waypoints_completed": 9, "tot_waypoints": 9}}
{"target": -172.3279951589871, "params": {"k_pid_pos": [1.651803126788666, 0.020557369808821165, 0.9428863726415159], "k_pid_alt": [1.3061923717493074, 0.0033714405890889784, 0.00977967255319178], "k_pid_att": [10.879630733157205, 0.108226156132823, 0.31075734661051185], "k_pid_yaw": [0.5, 1e-06, 0.1], "k_pid_hsp": [0.20624983238131742, 0.0271706772873459, 0.0], "k_pid_vsp": [124.43056422418975, 264.51844675192706, 1.4628473982370673]}, "datetime": {"datetime": "2025-08-21 16:53:56", "elapsed": 29352.8360414505, "delta": 16.2913875579834}, "costs": {"total_cost": 172.3279951589871, "time_cost": 69.488, "final_distance_cost": 1.840658687753258, "oscillation_cost": 30.157125589883268, "completition_cost": 0.0, "overshoot_cost": 49.523527109608025, "power_cost": 10.712032055664062, "noise_cost": 10.606651716078503, "n_waypoints_completed": 9, "tot_waypoints": 9}}
{"target": -192.22530846385746, "params": {"k_pid_pos": [1.9750156252554811, 0.02579712115748005, 0.8362533766971122], "k_pid_alt": [1.6061643730210378, 0.002260876792539454, 0.012011262136891283], "k_pid_att": [9.567868775052512, 0.13193534067962234, 0.25663494667077297], "k_pid_yaw": [0.5, 1e-06, 0.1], "k_pid_hsp": [0.20187460832114415, 0.019164242666027304, 0.0], "k_pid_vsp": [167.27447938001583, 320.919687513363, 1.2889439321020777]}, "datetime": {"datetime": "2025-08-21 16:54:14", "elapsed": 29371.388453006744, "delta": 18.552411556243896}, "costs": {"total_cost": 192.22530846385746, "time_cost": 73.912, "final_distance_cost": 1.8018484801116874, "oscillation_cost": 29.993371646897508, "completition_cost": 0.0, "overshoot_cost": 53.846362564235314, "power_cost": 18.27518663330078, "noise_cost": 14.396539139312164, "n_waypoints_completed": 9, "tot_waypoints": 9}}
{"target": -176.23063092496736, "params": {"k_pid_pos": [1.6020930445716652, 0.01992148003750829, 0.5322675930401607], "k_pid_alt": [1.517650705848825, 0.0028209712179285175, 0.00837720381772555], "k_pid_att": [13.437582992020781, 0.13925651515278384, 0.23459652897717156], "k_pid_yaw": [0.5, 1e-06, 0.1], "k_pid_hsp": [0.2180611334478952, 0.01700866054139075, 0.0], "k_pid_vsp": [226.23223459384846, 263.65295085147505, 1.4514913536131833]}, "datetime": {"datetime": "2025-08-21 16:54:30", "elapsed": 29387.08089852333, "delta": 15.692445516586304}, "costs": {"total_cost": 176.23063092496736, "time_cost": 69.152, "final_distance_cost": 1.841206126044405, "oscillation_cost": 30.160222352641757, "completition_cost": 0.0, "overshoot_cost": 50.29890303915106, "power_cost": 13.072526574707032, "noise_cost": 11.705772832423095, "n_waypoints_completed": 9, "tot_waypoints": 9}}
{"target": -174.07854130338401, "params": {"k_pid_pos": [1.9868808260458708, 0.024789429143762958, 0.6389899026396604], "k_pid_alt": [1.7735900357210734, 0.004040762687367428, 0.011778512402446836], "k_pid_att": [14.330237970789478, 0.11736973537604267, 0.3247147197024259], "k_pid_yaw": [0.5, 1e-06, 0.1], "k_pid_hsp": [0.24852049876861912, 0.030112080514055246, 0.0], "k_pid_vsp": [111.11570711246402, 400.0, 0.8845603846172038]}, "datetime": {"datetime": "2025-08-21 16:54:47", "elapsed": 29403.9028339386, "delta": 16.821935415267944}, "costs": {"total_cost": 174.07854130338401, "time_cost": 68.488, "final_distance_cost": 1.8305626854192112, "oscillation_cost": 31.479703322284983, "completition_cost": 0.0, "overshoot_cost": 49.41762726783511, "power_cost": 12.016639697265626, "noise_cost": 10.846008330579092, "n_waypoints_completed": 9, "tot_waypoints": 9}}
{"target": -175.78214238380778, "params": {"k_pid_pos": [2.0, 0.025391522468246507, 0.8703800948624284], "k_pid_alt": [1.4596575920535944, 0.002881428023354234, 0.007466504569174019], "k_pid_att": [14.385656237748629, 0.16220796118778366, 0.35892111408849664], "k_pid_yaw": [0.5, 1e-06, 0.1], "k_pid_hsp": [0.1653782807815438, 0.01963041986945342, 0.0], "k_pid_vsp": [274.5095701672829, 302.3055525149302, 1.3725162621313016]}, "datetime": {"datetime": "2025-08-21 16:55:03", "elapsed": 29419.5360352993, "delta": 15.633201360702515}, "costs": {"total_cost": 175.78214238380778, "time_cost": 69.736, "final_distance_cost": 1.824107487586999, "oscillation_cost": 28.99064289857825, "completition_cost": 0.0, "overshoot_cost": 50.57933993146105, "power_cost": 12.949972619628907, "noise_cost": 11.702079446552565, "n_waypoints_completed": 9, "tot_waypoints": 9}}
{"target": -182.0389314532869, "params": {"k_pid_pos": [1.7312416110260145, 0.02527603922197182, 0.6857761145043244], "k_pid_alt": [1.6630015161629732, 0.0035222436038867305, 0.011148443074533615], "k_pid_att": [12.011630271758625, 0.1056153890660958, 0.21009991766184274], "k_pid_yaw": [0.5, 1e-06, 0.1], "k_pid_hsp": [0.14965729443795642, 0.020556775781417114, 0.0], "k_pid_vsp": [202.72146783626832, 291.89773251755076, 1.645562628737439]}, "datetime": {"datetime": "2025-08-21 16:55:19", "elapsed": 29436.32851457596, "delta": 16.792479276657104}, "costs": {"total_cost": 182.0389314532869, "time_cost": 69.696, "final_distance_cost": 1.8213597597972127, "oscillation_cost": 30.896664050690227, "completition_cost": 0.0, "overshoot_cost": 50.502692541583656, "power_cost": 15.930025915527345, "noise_cost": 13.192189185688456, "n_waypoints_completed": 9, "tot_waypoints": 9}}
{"target": -198.21978865633682, "params": {"k_pid_pos": [1.1658926762569088, 0.012264067394735142, 1.0], "k_pid_alt": [1.6998504428520016, 0.003050128120986985, 0.0123902057494504], "k_pid_att": [18.811021131292758, 0.1363204428941348, 0.2818011722808229], "k_pid_yaw": [0.5, 1e-06, 0.1], "k_pid_hsp": [0.1834579978060494, 0.01570127910693622, 0.0], "k_pid_vsp": [156.87899254970355, 359.42814633147213, 1.60625233878151]}, "datetime": {"datetime": "2025-08-21 16:55:38", "elapsed": 29455.209345579147, "delta": 18.880831003189087}, "costs": {"total_cost": 198.21978865633682, "time_cost": 80.552, "final_distance_cost": 1.8565810612314573, "oscillation_cost": 26.72944959960694, "completition_cost": 0.0, "overshoot_cost": 53.899223385785774, "power_cost": 19.39062664794922, "noise_cost": 15.791907961763417, "n_waypoints_completed": 9, "tot_waypoints": 9}}
