{"target": -187.7280691949635, "params": {"k_pid_pos": [0.6771121173368337, 0.08078490525496208, 0.7691411421825413], "k_pid_alt": [1.8303671051423678, 0.005511317352981625, 0.011053509743698878], "k_pid_att": [45.15665944016445, 0.1367299608330841, 0.5447953908064856], "k_pid_yaw": [0.5, 1e-06, 0.1], "k_pid_hsp": [0.18947865052860668, 0.01845122565249818, 0.0], "k_pid_vsp": [213.95303662815695, 115.97043453209163, 2.7438593031470826]}, "datetime": {"datetime": "2025-08-21 13:45:55", "elapsed": 18071.523198127747, "delta": 19.282981395721436}, "costs": {"total_cost": 187.7280691949635, "time_cost": 81.312, "final_distance_cost": 1.8524891983429228, "oscillation_cost": 23.92761617512928, "completition_cost": 0.0, "overshoot_cost": 51.953502494516535, "power_cost": 14.422899975585938, "noise_cost": 14.259561351388811, "n_waypoints_completed": 9, "tot_waypoints": 9}}
{"target": -180.54182503309954, "params": {"k_pid_pos": [1.2889547818602138, 0.07458991028429003, 1.0], "k_pid_alt": [1.7334922705446274, 0.004799438105187666, 0.003172046187177028], "k_pid_att": [33.74790937532884, 0.16205348266475156, 0.2850428269899658], "k_pid_yaw": [0.5, 1e-06, 0.1], "k_pid_hsp": [0.11159307849678006, 0.023009426696471408, 0.0], "k_pid_vsp": [351.5769824981034, 149.86995671167043, 2.0686832581728947]}, "datetime": {"datetime": "2025-08-21 13:46:12", "elapsed": 18088.474992513657, "delta": 16.951794385910034}, "costs": {"total_cost": 180.54182503309954, "time_cost": 72.008, "final_distance_cost": 1.843628426989984, "oscillation_cost": 26.833379764824354, "completition_cost": 0.0, "overshoot_cost": 50.75403906798962, "power_cost": 15.366512268066407, "noise_cost": 13.736265505229198, "n_waypoints_completed": 9, "tot_waypoints": 9}}
{"target": -174.63255335819085, "params": {"k_pid_pos": [1.435120732656606, 0.10659157607941323, 0.9881345869464498], "k_pid_alt": [1.1254212388853784, 0.005748122133462728, 0.006181950492259465], "k_pid_att": [36.825800082150174, 0.07747236353519955, 0.40658354755282017], "k_pid_yaw": [0.5, 1e-06, 0.1], "k_pid_hsp": [0.2837471159143236, 0.021785964829898002, 0.0], "k_pid_vsp": [321.9277147977727, 256.45642254167933, 1.8510979269768326]}, "datetime": {"datetime": "2025-08-21 13:46:28", "elapsed": 18105.415646076202, "delta": 16.940653562545776}, "costs": {"total_cost": 174.63255335819085, "time_cost": 71.16, "final_distance_cost": 1.8391656999473922, "oscillation_cost": 27.470955372702765, "completition_cost": 0.0, "overshoot_cost": 49.80327295941486, "power_cost": 12.524396508789064, "noise_cost": 11.83476281733678, "n_waypoints_completed": 9, "tot_waypoints": 9}}
{"target": -3250.7123202744547, "params": {"k_pid_pos": [1.1811101951372065, 0.0879801692769782, 0.7110413164808141], "k_pid_alt": [1.7467159019564764, 0.006303581672281181, 0.0007540284011064517], "k_pid_att": [0.0, 0.11553867074360917, 0.41026217994505787], "k_pid_yaw": [0.5, 1e-06, 0.1], "k_pid_hsp": [0.12275953934861178, 0.031062400385118538, 0.0], "k_pid_vsp": [197.06677855902205, 99.91271181146227, 3.101898037068711]}, "datetime": {"datetime": "2025-08-21 13:46:52", "elapsed": 18128.56751894951, "delta": 23.151872873306274}, "costs": {"total_cost": 3250.7123202744547, "time_cost": 150, "final_distance_cost": 880.6069325774828, "oscillation_cost": 204.24342540926037, "completition_cost": 1000.0, "overshoot_cost": 916.7451595335612, "power_cost": 30.795351232910157, "noise_cost": 68.32145152124015, "n_waypoints_completed": 0, "tot_waypoints": 9}}
{"target": -183.91688300792003, "params": {"k_pid_pos": [1.984133118577933, 0.03975417578077484, 0.9038740376181736], "k_pid_alt": [1.867227107672715, 0.003921935507617018, 0.008136130122038386], "k_pid_att": [26.510360993584737, 0.0001, 0.5329108932214591], "k_pid_yaw": [0.5, 1e-06, 0.1], "k_pid_hsp": [0.3036875266926747, 0.03262569351241434, 0.0], "k_pid_vsp": [195.59288588583888, 167.57772522187062, 2.216120240967728]}, "datetime": {"datetime": "2025-08-21 13:47:09", "elapsed": 18145.513006210327, "delta": 16.94548726081848}, "costs": {"total_cost": 183.91688300792003, "time_cost": 69.96000000000001, "final_distance_cost": 1.8437039402240094, "oscillation_cost": 31.791205987324908, "completition_cost": 0.0, "overshoot_cost": 50.79743933707215, "power_cost": 16.063730603027345, "noise_cost": 13.460803140271624, "n_waypoints_completed": 9, "tot_waypoints": 9}}
{"target": -172.75124399295115, "params": {"k_pid_pos": [1.9471432991594473, 0.09698391479851483, 0.9872171563544004], "k_pid_alt": [2.0, 0.004196066371384041, 0.00898294845874722], "k_pid_att": [16.420810931136774, 0.3878313008498749, 0.7113096472728607], "k_pid_yaw": [0.5, 1e-06, 0.1], "k_pid_hsp": [0.19984034464745556, 0.017276873067886802, 0.0], "k_pid_vsp": [223.82641312811378, 206.1537486767862, 2.049552094321942]}, "datetime": {"datetime": "2025-08-21 13:47:25", "elapsed": 18161.72565460205, "delta": 16.212648391723633}, "costs": {"total_cost": 172.75124399295115, "time_cost": 69.04, "final_distance_cost": 1.8346301162047833, "oscillation_cost": 29.318217438740685, "completition_cost": 0.0, "overshoot_cost": 49.839628699942544, "power_cost": 11.717769018554687, "noise_cost": 11.000998719508443, "n_waypoints_completed": 9, "tot_waypoints": 9}}
{"target": -176.58611860284623, "params": {"k_pid_pos": [1.551554509251735, 0.04919005589241141, 1.0], "k_pid_alt": [1.3265297937048703, 0.0035011025085935087, 0.014519593130733885], "k_pid_att": [22.900818304103296, 0.21746877896036362, 0.04000818083774663], "k_pid_yaw": [0.5, 1e-06, 0.1], "k_pid_hsp": [0.12153359968116838, 0.027357617447047622, 0.0], "k_pid_vsp": [178.75587383474317, 278.14598835879593, 0.13960502059814175]}, "datetime": {"datetime": "2025-08-21 13:47:41", "elapsed": 18177.794981479645, "delta": 16.069326877593994}, "costs": {"total_cost": 176.58611860284623, "time_cost": 70.04, "final_distance_cost": 1.847162069066497, "oscillation_cost": 29.862834358462575, "completition_cost": 0.0, "overshoot_cost": 49.66481678217177, "power_cost": 13.20814324951172, "noise_cost": 11.963162143633648, "n_waypoints_completed": 9, "tot_waypoints": 9}}
{"target": -178.58010346369485, "params": {"k_pid_pos": [1.3938885099305292, 0.10575169605260504, 0.8384159088845179], "k_pid_alt": [2.0, 0.005235158816263005, 0.005992133083557058], "k_pid_att": [31.682690830613822, 0.2047306412846314, 0.20119797965385233], "k_pid_yaw": [0.5, 1e-06, 0.1], "k_pid_hsp": [0.18971951710100163, 0.025396380494676605, 0.0], "k_pid_vsp": [318.8213316956806, 173.38272632021912, 2.5329557246379597]}, "datetime": {"datetime": "2025-08-21 13:47:57", "elapsed": 18194.035775899887, "delta": 16.24079442024231}, "costs": {"total_cost": 178.58010346369485, "time_cost": 70.44, "final_distance_cost": 1.8295067939164604, "oscillation_cost": 27.789142871037388, "completition_cost": 0.0, "overshoot_cost": 50.600318177018806, "power_cost": 14.870452099609375, "noise_cost": 13.050683522112838, "n_waypoints_completed": 9, "tot_waypoints": 9}}
{"target": -176.90327760998767, "params": {"k_pid_pos": [1.741251671356504, 0.06480787588555777, 0.9753657336070164], "k_pid_alt": [2.0, 0.006477918338492392, 0.007912061830257347], "k_pid_att": [54.62879851757139, 0.03711016942561008, 0.39390601069795195], "k_pid_yaw": [0.5, 1e-06, 0.1], "k_pid_hsp": [0.2710651378091097, 0.016092928317564915, 0.0], "k_pid_vsp": [290.77777708743383, 172.62688447986238, 0.16646422102834668]}, "datetime": {"datetime": "2025-08-21 13:48:14", "elapsed": 18210.536048412323, "delta": 16.500272512435913}, "costs": {"total_cost": 176.90327760998767, "time_cost": 69.848, "final_distance_cost": 1.8364547356410486, "oscillation_cost": 29.168423304399134, "completition_cost": 0.0, "overshoot_cost": 50.187008681423066, "power_cost": 13.510137084960938, "noise_cost": 12.35325380356346, "n_waypoints_completed": 9, "tot_waypoints": 9}}
{"target": -181.28252494158698, "params": {"k_pid_pos": [0.9640724186870623, 0.0701257363756815, 0.9700990440862588], "k_pid_alt": [1.6155980626375843, 0.0073414842676589155, 0.009529932736323682], "k_pid_att": [7.870523366270864, 0.16182095666285026, 0.6053466663778325], "k_pid_yaw": [0.5, 1e-06, 0.1], "k_pid_hsp": [0.2169646209604408, 0.020357350800587908, 0.0], "k_pid_vsp": [227.24467086277082, 361.50018498469876, 1.8086955833992604]}, "datetime": {"datetime": "2025-08-21 13:48:32", "elapsed": 18228.89038658142, "delta": 18.3543381690979}, "costs": {"total_cost": 181.28252494158698, "time_cost": 77.56, "final_distance_cost": 1.845968791615231, "oscillation_cost": 26.493584478362653, "completition_cost": 0.0, "overshoot_cost": 51.00756106709378, "power_cost": 12.078159313964845, "noise_cost": 12.29725129055046, "n_waypoints_completed": 9, "tot_waypoints": 9}}
{"target": -176.20664808944585, "params": {"k_pid_pos": [1.259645452899319, 0.10718308301597619, 0.8666727434064603], "k_pid_alt": [1.8482544902741747, 0.006314953637683439, 0.005129106989872327], "k_pid_att": [34.961286449386954, 0.27153565311872896, 0.2632454184980871], "k_pid_yaw": [0.5, 1e-06, 0.1], "k_pid_hsp": [0.2559312020969715, 0.020823917493682606, 0.0], "k_pid_vsp": [287.3005858615354, 198.72652763376706, 1.926865495484183]}, "datetime": {"datetime": "2025-08-21 13:48:48", "elapsed": 18245.315041065216, "delta": 16.424654483795166}, "costs": {"total_cost": 176.20664808944585, "time_cost": 71.568, "final_distance_cost": 1.8331208078005514, "oscillation_cost": 26.508459098223504, "completition_cost": 0.0, "overshoot_cost": 50.59782894954501, "power_cost": 13.354505505371094, "noise_cost": 12.344733728505695, "n_waypoints_completed": 9, "tot_waypoints": 9}}
{"target": -174.03895939395562, "params": {"k_pid_pos": [2.0, 0.061012757037852285, 0.6842927664703534], "k_pid_alt": [1.5269446667544508, 0.003682954570682568, 0.0028276195803250033], "k_pid_att": [15.465617908715005, 0.17310042630782996, 0.3055664996680184], "k_pid_yaw": [0.5, 1e-06, 0.1], "k_pid_hsp": [0.13150178348128025, 0.02997067711852221, 0.0], "k_pid_vsp": [230.84834514227296, 236.42051856725365, 0.9127413544530412]}, "datetime": {"datetime": "2025-08-21 13:49:04", "elapsed": 18260.71490430832, "delta": 15.399863243103027}, "costs": {"total_cost": 174.03895939395562, "time_cost": 68.656, "final_distance_cost": 1.7857570737737531, "oscillation_cost": 32.008190079693, "completition_cost": 0.0, "overshoot_cost": 49.89750501551313, "power_cost": 11.216627526855468, "noise_cost": 10.474879698120267, "n_waypoints_completed": 9, "tot_waypoints": 9}}
{"target": -190.95965626271584, "params": {"k_pid_pos": [1.4585924557006347, 0.053018684282631845, 1.0], "k_pid_alt": [0.6759671722436718, 0.0, 0.00878009234944653], "k_pid_att": [16.940435023073466, 0.08687136006685174, 0.45793133885613607], "k_pid_yaw": [0.5, 1e-06, 0.1], "k_pid_hsp": [0.2463296621853294, 0.010979768931808367, 0.0], "k_pid_vsp": [286.8213879699088, 400.0, 2.614120953770864]}, "datetime": {"datetime": "2025-08-21 13:49:21", "elapsed": 18278.242033720016, "delta": 17.527129411697388}, "costs": {"total_cost": 190.95965626271584, "time_cost": 76.08800000000001, "final_distance_cost": 1.8441005284078962, "oscillation_cost": 27.974708929886894, "completition_cost": 0.0, "overshoot_cost": 51.65769841117095, "power_cost": 18.38136600341797, "noise_cost": 15.013782389832139, "n_waypoints_completed": 9, "tot_waypoints": 9}}
{"target": -181.52772830889998, "params": {"k_pid_pos": [1.2419046415670112, 0.09960034365107949, 1.0], "k_pid_alt": [2.0, 0.006746215249112877, 0.007651625973330772], "k_pid_att": [16.949851617571625, 0.1337900319978879, 0.594965407665538], "k_pid_yaw": [0.5, 1e-06, 0.1], "k_pid_hsp": [0.29754608290443896, 0.016118578915643934, 0.0], "k_pid_vsp": [195.9877803325579, 307.9228994317787, 2.12508372966809]}, "datetime": {"datetime": "2025-08-21 13:49:39", "elapsed": 18295.66753435135, "delta": 17.425500631332397}, "costs": {"total_cost": 181.52772830889998, "time_cost": 73.416, "final_distance_cost": 1.8392555939647308, "oscillation_cost": 29.14955813330046, "completition_cost": 0.0, "overshoot_cost": 50.62782612640032, "power_cost": 13.74004832763672, "noise_cost": 12.755040127597763, "n_waypoints_completed": 9, "tot_waypoints": 9}}
{"target": -172.58660998039858, "params": {"k_pid_pos": [2.0, 0.05444355587443405, 0.8214854344134374], "k_pid_alt": [1.397637406281487, 0.006249369605039777, 0.0024088886718898242], "k_pid_att": [40.60108465037061, 0.26835687979846023, 0.4273681301254062], "k_pid_yaw": [0.5, 1e-06, 0.1], "k_pid_hsp": [0.22088825946444487, 0.020269653196030024, 0.0], "k_pid_vsp": [165.21940089739573, 178.5422589301979, 3.1367020333949096]}, "datetime": {"datetime": "2025-08-21 13:49:55", "elapsed": 18311.96591925621, "delta": 16.29838490486145}, "costs": {"total_cost": 172.58660998039858, "time_cost": 68.83200000000001, "final_distance_cost": 1.8194967787682816, "oscillation_cost": 30.459912579982266, "completition_cost": 0.0, "overshoot_cost": 50.26171548109531, "power_cost": 10.763160144042969, "noise_cost": 10.450324996509746, "n_waypoints_completed": 9, "tot_waypoints": 9}}
{"target": -176.76622292444952, "params": {"k_pid_pos": [2.0, 0.06667134733934278, 0.5283109505735345], "k_pid_alt": [1.7034195362067237, 0.005699445574783628, 0.006412279309704393], "k_pid_att": [33.56448458858395, 0.1610038790615839, 0.27453360041276526], "k_pid_yaw": [0.5, 1e-06, 0.1], "k_pid_hsp": [0.4053181288509993, 0.031068869240113508, 0.0], "k_pid_vsp": [252.28922944334911, 257.0767307812612, 2.101546879311717]}, "datetime": {"datetime": "2025-08-21 13:50:11", "elapsed": 18327.731590509415, "delta": 15.765671253204346}, "costs": {"total_cost": 176.76622292444952, "time_cost": 68.96000000000001, "final_distance_cost": 1.8065004807476408, "oscillation_cost": 30.700847275526453, "completition_cost": 0.0, "overshoot_cost": 50.4390372339319, "power_cost": 13.234241174316407, "noise_cost": 11.62559675992714, "n_waypoints_completed": 9, "tot_waypoints": 9}}
{"target": -172.99548102524008, "params": {"k_pid_pos": [1.7199701112214403, 0.09420336415292174, 1.0], "k_pid_alt": [1.9033804899151863, 0.004819377397677895, 0.0], "k_pid_att": [28.43314077728259, 0.2862536380683863, 0.5518960505710959], "k_pid_yaw": [0.5, 1e-06, 0.1], "k_pid_hsp": [0.22694008555754008, 0.018780776908274198, 0.0], "k_pid_vsp": [292.02378801694726, 237.57891758762545, 1.5806450821905047]}, "datetime": {"datetime": "2025-08-21 13:50:27", "elapsed": 18344.4443192482, "delta": 16.71272873878479}, "costs": {"total_cost": 172.99548102524008, "time_cost": 69.992, "final_distance_cost": 1.8389910170126573, "oscillation_cost": 27.408546779464434, "completition_cost": 0.0, "overshoot_cost": 50.45406397743668, "power_cost": 12.026169421386719, "noise_cost": 11.275709829939592, "n_waypoints_completed": 9, "tot_waypoints": 9}}
{"target": -174.90195329639513, "params": {"k_pid_pos": [1.249741080246933, 0.08339409562793916, 1.0], "k_pid_alt": [1.674203710108257, 0.006330920269500097, 0.011572240747763784], "k_pid_att": [36.45198370445391, 0.15368376669822217, 0.29403075922484584], "k_pid_yaw": [0.5, 1e-06, 0.1], "k_pid_hsp": [0.18982144001367574, 0.02073520523115392, 0.0], "k_pid_vsp": [198.43126889028542, 251.68435845484836, 2.012667052723423]}, "datetime": {"datetime": "2025-08-21 13:50:44", "elapsed": 18360.870020389557, "delta": 16.425701141357422}, "costs": {"total_cost": 174.90195329639513, "time_cost": 72.552, "final_distance_cost": 1.8518730080660273, "oscillation_cost": 27.334688826120992, "completition_cost": 0.0, "overshoot_cost": 50.95479574007573, "power_cost": 11.185299450683594, "noise_cost": 11.023296271448768, "n_waypoints_completed": 9, "tot_waypoints": 9}}
{"target": -172.74663498549177, "params": {"k_pid_pos": [2.0, 0.10131699210918198, 0.8423622586314835], "k_pid_alt": [2.0, 0.004770362703912977, 0.009938446874129864], "k_pid_att": [17.076659945162493, 0.2398748681152858, 0.5449393341061564], "k_pid_yaw": [0.5, 1e-06, 0.1], "k_pid_hsp": [0.15907367687795554, 0.01752604909006478, 0.0], "k_pid_vsp": [190.21888544830514, 334.43298449055743, 0.5610991964775439]}, "datetime": {"datetime": "2025-08-21 13:51:00", "elapsed": 18377.05089378357, "delta": 16.18087339401245}, "costs": {"total_cost": 172.74663498549177, "time_cost": 69.056, "final_distance_cost": 1.803821317184421, "oscillation_cost": 29.886810625390794, "completition_cost": 0.0, "overshoot_cost": 50.2058046808302, "power_cost": 11.20653369140625, "noise_cost": 10.587664670680105, "n_waypoints_completed": 9, "tot_waypoints": 9}}
{"target": -172.75657006943106, "params": {"k_pid_pos": [2.0, 0.0, 0.9755780409033429], "k_pid_alt": [2.0, 0.0038442686054120357, 0.0022019803327394225], "k_pid_att": [35.19708547410025, 0.2317111134082289, 0.2662461445609304], "k_pid_yaw": [0.5, 1e-06, 0.1], "k_pid_hsp": [0.2160057936208312, 0.01990914323923586, 0.0], "k_pid_vsp": [234.85084156206594, 125.81149557353228, 1.1460685459458235]}, "datetime": {"datetime": "2025-08-21 13:51:17", "elapsed": 18393.582525730133, "delta": 16.53163194656372}, "costs": {"total_cost": 172.75657006943106, "time_cost": 69.632, "final_distance_cost": 1.8466404901155307, "oscillation_cost": 29.555185219248106, "completition_cost": 0.0, "overshoot_cost": 50.54305945586023, "power_cost": 10.707088110351563, "noise_cost": 10.472596793855645, "n_waypoints_completed": 9, "tot_waypoints": 9}}
{"target": -183.3301614359319, "params": {"k_pid_pos": [1.8861192951849268, 0.010236753200523913, 0.7959092709226988], "k_pid_alt": [2.0, 0.0019990679161660686, 0.007266673415736065], "k_pid_att": [13.565322073697326, 0.17391094674679733, 0.5399024380944474], "k_pid_yaw": [0.5, 1e-06, 0.1], "k_pid_hsp": [0.2915349561128072, 0.03151697835578805, 0.0], "k_pid_vsp": [248.69339442346916, 261.09107972732704, 1.893586849631636]}, "datetime": {"datetime": "2025-08-21 13:51:33", "elapsed": 18409.67474269867, "delta": 16.092216968536377}, "costs": {"total_cost": 183.3301614359319, "time_cost": 69.792, "final_distance_cost": 1.8395733038513273, "oscillation_cost": 31.44699317213177, "completition_cost": 0.0, "overshoot_cost": 50.85350282270276, "power_cost": 16.11877281494141, "noise_cost": 13.279319322304655, "n_waypoints_completed": 9, "tot_waypoints": 9}}
{"target": -175.93220050728695, "params": {"k_pid_pos": [2.0, 0.08129324140186713, 0.9203154783989463], "k_pid_alt": [2.0, 0.007490469637894043, 0.009359070079892598], "k_pid_att": [20.849887920684615, 0.14845078500174874, 0.3800453912747963], "k_pid_yaw": [0.5, 1e-06, 0.1], "k_pid_hsp": [0.3403242312949822, 0.02943658712917745, 0.0], "k_pid_vsp": [298.2601764684343, 289.06871150281535, 2.0748253455085703]}, "datetime": {"datetime": "2025-08-21 13:51:49", "elapsed": 18425.90401339531, "delta": 16.229270696640015}, "costs": {"total_cost": 175.93220050728695, "time_cost": 69.632, "final_distance_cost": 1.8316054816594012, "oscillation_cost": 29.924728162134784, "completition_cost": 0.0, "overshoot_cost": 50.2679323850763, "power_cost": 12.736912280273438, "noise_cost": 11.539022198143039, "n_waypoints_completed": 9, "tot_waypoints": 9}}
{"target": -177.0392871437836, "params": {"k_pid_pos": [1.0310089394385478, 0.08210498264517446, 0.7642666207725884], "k_pid_alt": [1.7046135149912747, 0.004183850900663888, 0.020784064678992496], "k_pid_att": [16.77949219188201, 0.20629899623246625, 0.5112628850162094], "k_pid_yaw": [0.5, 1e-06, 0.1], "k_pid_hsp": [0.1401932474554505, 0.012614110567442258, 0.0], "k_pid_vsp": [78.76093558679928, 197.32766765207865, 1.300857384225258]}, "datetime": {"datetime": "2025-08-21 13:52:06", "elapsed": 18443.320489406586, "delta": 17.416476011276245}, "costs": {"total_cost": 177.0392871437836, "time_cost": 72.888, "final_distance_cost": 1.8433247122844947, "oscillation_cost": 26.213423938992698, "completition_cost": 0.0, "overshoot_cost": 50.915289183088866, "power_cost": 13.0458943359375, "noise_cost": 12.13335497348003, "n_waypoints_completed": 9, "tot_waypoints": 9}}
{"target": -168.6407636143973, "params": {"k_pid_pos": [1.845734743691713, 0.11690306455431591, 1.0], "k_pid_alt": [0.9087579160051117, 0.005590983682137806, 0.0], "k_pid_att": [7.811156823621279, 0.2182851730683757, 0.345960316927535], "k_pid_yaw": [0.5, 1e-06, 0.1], "k_pid_hsp": [0.2669048416668704, 0.01956336293385719, 0.0], "k_pid_vsp": [321.13056946610385, 297.49301793056924, 2.4643144281001104]}, "datetime": {"datetime": "2025-08-21 13:52:22", "elapsed": 18459.14868593216, "delta": 15.82819652557373}, "costs": {"total_cost": 168.6407636143973, "time_cost": 69.744, "final_distance_cost": 1.830708566517074, "oscillation_cost": 30.264529770215407, "completition_cost": 0.0, "overshoot_cost": 49.74239625800867, "power_cost": 8.007940869140626, "noise_cost": 9.051188150515523, "n_waypoints_completed": 9, "tot_waypoints": 9}}
{"target": -180.99719263893522, "params": {"k_pid_pos": [1.4271738155174105, 0.054341359968321866, 0.7748105439963447], "k_pid_alt": [1.420789828379305, 0.004346822724120067, 0.0], "k_pid_att": [22.377543823379227, 0.24779257041935523, 0.5980662084013784], "k_pid_yaw": [0.5, 1e-06, 0.1], "k_pid_hsp": [0.1491521509374546, 0.0304831741097884, 0.0], "k_pid_vsp": [56.57038784493856, 294.0128071631864, 2.4417110664796637]}, "datetime": {"datetime": "2025-08-21 13:52:39", "elapsed": 18475.784345149994, "delta": 16.635659217834473}, "costs": {"total_cost": 180.99719263893522, "time_cost": 70.392, "final_distance_cost": 1.8391376087579685, "oscillation_cost": 29.900438684788803, "completition_cost": 0.0, "overshoot_cost": 50.397583845489144, "power_cost": 15.252782556152345, "noise_cost": 13.215249943746956, "n_waypoints_completed": 9, "tot_waypoints": 9}}
