{"target": -172.7741047115373, "params": {"k_pid_pos": [2.0, 0.14087108406779011, 0.8655184501398189], "k_pid_alt": [2.0, 0.01059681663614954, 0.11573347111267783], "k_pid_att": [29.392170673117832, 0.20342102627799222, 0.4412555080385898], "k_pid_yaw": [0.5, 1e-06, 0.1], "k_pid_hsp": [0.19349230398760028, 0.04168706730077696, 0.0], "k_pid_vsp": [237.674506965732, 197.2544889081685, 4.975004617715965]}, "datetime": {"datetime": "2025-08-21 12:20:19", "elapsed": 12936.220988750458, "delta": 15.814223766326904}, "costs": {"total_cost": 172.7741047115373, "time_cost": 69.048, "final_distance_cost": 1.8334379624691082, "oscillation_cost": 30.390351979826164, "completition_cost": 0.0, "overshoot_cost": 49.90071724185274, "power_cost": 11.133100561523438, "noise_cost": 10.468496965865858, "n_waypoints_completed": 9, "tot_waypoints": 9}}
{"target": -175.71942116696928, "params": {"k_pid_pos": [1.9399967687031408, 0.11517645973350865, 0.5765206466626065], "k_pid_alt": [1.421955135267292, 0.010991322069212545, 0.07769020835446262], "k_pid_att": [64.61045931252467, 0.20474139112197967, 0.6734272137561718], "k_pid_yaw": [0.5, 1e-06, 0.1], "k_pid_hsp": [0.2789303197968538, 0.047828911634688616, 0.0], "k_pid_vsp": [264.9623717362918, 216.1352999804666, 3.0923252952118445]}, "datetime": {"datetime": "2025-08-21 12:20:36", "elapsed": 12952.477138519287, "delta": 16.256149768829346}, "costs": {"total_cost": 175.71942116696928, "time_cost": 68.928, "final_distance_cost": 1.7894405770479718, "oscillation_cost": 31.515234118341578, "completition_cost": 0.0, "overshoot_cost": 49.484105790012585, "power_cost": 12.595068054199219, "noise_cost": 11.407572627367937, "n_waypoints_completed": 9, "tot_waypoints": 9}}
{"target": -189.38550901954997, "params": {"k_pid_pos": [0.8571296807951843, 0.09333756344099482, 0.8001509309997413], "k_pid_alt": [2.0, 0.011197205347820774, 0.07631301451018628], "k_pid_att": [43.66413151545395, 0.1937866762217392, 0.4514094121111499], "k_pid_yaw": [0.5, 1e-06, 0.1], "k_pid_hsp": [0.3471916965746411, 0.05333711974718105, 0.0], "k_pid_vsp": [400.0, 351.75372922149654, 1.0396303460593874]}, "datetime": {"datetime": "2025-08-21 12:20:54", "elapsed": 12970.6405107975, "delta": 18.1633722782135}, "costs": {"total_cost": 189.38550901954997, "time_cost": 77.928, "final_distance_cost": 1.8520828101742408, "oscillation_cost": 27.87699930238392, "completition_cost": 0.0, "overshoot_cost": 51.763370224673665, "power_cost": 15.662023388671876, "noise_cost": 14.30303329364624, "n_waypoints_completed": 9, "tot_waypoints": 9}}
{"target": -175.86457888010716, "params": {"k_pid_pos": [1.8312627639775443, 0.033669642359097446, 0.3211482812471808], "k_pid_alt": [1.8280151128983488, 0.011197449502923939, 0.11515372703824356], "k_pid_att": [9.25959470062383, 0.29397480241138724, 0.7555416117386354], "k_pid_yaw": [0.5, 1e-06, 0.1], "k_pid_hsp": [0.250838097422933, 0.045456904943752464, 0.0], "k_pid_vsp": [273.5214144856048, 213.4153800924065, 0.3528751655341564]}, "datetime": {"datetime": "2025-08-21 12:21:10", "elapsed": 12986.555759429932, "delta": 15.91524863243103}, "costs": {"total_cost": 175.86457888010716, "time_cost": 68.328, "final_distance_cost": 1.7760479362666335, "oscillation_cost": 34.0832985410613, "completition_cost": 0.0, "overshoot_cost": 49.689895598364586, "power_cost": 11.47760126953125, "noise_cost": 10.5097355348834, "n_waypoints_completed": 9, "tot_waypoints": 9}}
{"target": -209.86621537550414, "params": {"k_pid_pos": [0.5523734907070285, 0.12499789157525582, 0.6094923292451705], "k_pid_alt": [1.3774921981380668, 0.010128845601894617, 0.038336097449532355], "k_pid_att": [36.19880655918956, 0.25881613453644364, 0.1900271471979139], "k_pid_yaw": [0.5, 1e-06, 0.1], "k_pid_hsp": [0.5581165834929611, 0.047800058862316135, 0.0], "k_pid_vsp": [327.42236339962113, 267.28318799510726, 1.9889059318057827]}, "datetime": {"datetime": "2025-08-21 12:21:31", "elapsed": 13007.552594423294, "delta": 20.996834993362427}, "costs": {"total_cost": 209.86621537550414, "time_cost": 91.096, "final_distance_cost": 1.8451326924099707, "oscillation_cost": 24.67226201882653, "completition_cost": 0.0, "overshoot_cost": 52.8808749401548, "power_cost": 21.03102911376953, "noise_cost": 18.340916610343307, "n_waypoints_completed": 9, "tot_waypoints": 9}}
{"target": -177.11392388929204, "params": {"k_pid_pos": [2.0, 0.18406940596489627, 0.5657812297263397], "k_pid_alt": [1.6802994698673375, 0.004859430760276091, 0.08612893848771801], "k_pid_att": [13.640721444427038, 0.24816741199830625, 0.4940470429169302], "k_pid_yaw": [0.5, 1e-06, 0.1], "k_pid_hsp": [0.3469656264912147, 0.027216102349990858, 0.0], "k_pid_vsp": [153.11977242292107, 261.47567591419175, 2.7683854803525985]}, "datetime": {"datetime": "2025-08-21 12:21:47", "elapsed": 13023.452906370163, "delta": 15.900311946868896}, "costs": {"total_cost": 177.11392388929204, "time_cost": 68.856, "final_distance_cost": 1.779882563223725, "oscillation_cost": 31.2023795762374, "completition_cost": 0.0, "overshoot_cost": 50.84662368340245, "power_cost": 12.986518383789063, "noise_cost": 11.442519682639395, "n_waypoints_completed": 9, "tot_waypoints": 9}}
{"target": -177.11201891030112, "params": {"k_pid_pos": [1.5622923012129917, 0.168289549533736, 0.6771032407194211], "k_pid_alt": [2.0, 0.015706838843897883, 0.12156641202347736], "k_pid_att": [12.72422903559598, 0.13973121248362827, 0.6856526871060044], "k_pid_yaw": [0.5, 1e-06, 0.1], "k_pid_hsp": [0.5487835558580816, 0.0676295797458668, 0.0], "k_pid_vsp": [378.5084770693422, 38.73866479263816, 6.730471072029036]}, "datetime": {"datetime": "2025-08-21 12:22:03", "elapsed": 13039.892445325851, "delta": 16.439538955688477}, "costs": {"total_cost": 177.11201891030112, "time_cost": 70.47200000000001, "final_distance_cost": 1.8357586977591682, "oscillation_cost": 31.219567176478783, "completition_cost": 0.0, "overshoot_cost": 50.64444441278753, "power_cost": 11.761197399902345, "noise_cost": 11.179051223373277, "n_waypoints_completed": 9, "tot_waypoints": 9}}
{"target": -181.08598775609167, "params": {"k_pid_pos": [1.8461005185916581, 0.10494224049124368, 0.38965736916037014], "k_pid_alt": [2.0, 0.014807846904628247, 0.1004008295316318], "k_pid_att": [30.59964812239213, 0.40967949472980525, 0.7382288277388875], "k_pid_yaw": [0.5, 1e-06, 0.1], "k_pid_hsp": [0.4098902080122389, 0.06343994384738688, 0.0], "k_pid_vsp": [125.18425974852494, 290.05506243804524, 2.2388432636177478]}, "datetime": {"datetime": "2025-08-21 12:22:19", "elapsed": 13056.044900655746, "delta": 16.15245532989502}, "costs": {"total_cost": 181.08598775609167, "time_cost": 69.496, "final_distance_cost": 1.8180233867812294, "oscillation_cost": 32.74527758734383, "completition_cost": 0.0, "overshoot_cost": 50.752501911978456, "power_cost": 14.186670068359376, "noise_cost": 12.087514801628776, "n_waypoints_completed": 9, "tot_waypoints": 9}}
{"target": -177.78308343136248, "params": {"k_pid_pos": [1.197567341225908, 0.22614223082809873, 0.47524706551214324], "k_pid_alt": [1.5608188232077997, 0.007028291268955299, 0.08247675969581912], "k_pid_att": [46.1330008118701, 0.2362046979468708, 0.8006761165963368], "k_pid_yaw": [0.5, 1e-06, 0.1], "k_pid_hsp": [0.525574852378328, 0.07476027589946678, 0.0], "k_pid_vsp": [98.21227530876807, 59.51984962701412, 6.286166610204429]}, "datetime": {"datetime": "2025-08-21 12:22:35", "elapsed": 13072.152097463608, "delta": 16.107196807861328}, "costs": {"total_cost": 177.78308343136248, "time_cost": 70.904, "final_distance_cost": 1.8151649280034954, "oscillation_cost": 30.270872058523015, "completition_cost": 0.0, "overshoot_cost": 50.66342307902219, "power_cost": 12.464015002441407, "noise_cost": 11.665608363372359, "n_waypoints_completed": 9, "tot_waypoints": 9}}
{"target": -170.06117834247124, "params": {"k_pid_pos": [1.4223158062039147, 0.08192004408078682, 0.7469228854212894], "k_pid_alt": [1.3850895378471266, 0.00844493199278302, 0.03144462779106535], "k_pid_att": [23.62676960076519, 0.23633291781912627, 0.45720492339159663], "k_pid_yaw": [0.5, 1e-06, 0.1], "k_pid_hsp": [0.42772121335009716, 0.03454248305820431, 0.0], "k_pid_vsp": [270.66174662338443, 191.51889990929558, 2.49452806877624]}, "datetime": {"datetime": "2025-08-21 12:22:51", "elapsed": 13088.013380765915, "delta": 15.861283302307129}, "costs": {"total_cost": 170.06117834247124, "time_cost": 69.752, "final_distance_cost": 1.8374665854151357, "oscillation_cost": 29.145912384068204, "completition_cost": 0.0, "overshoot_cost": 49.96225318592937, "power_cost": 9.486047497558594, "noise_cost": 9.877498689499951, "n_waypoints_completed": 9, "tot_waypoints": 9}}
{"target": -173.0315652176231, "params": {"k_pid_pos": [1.955254579387705, 0.03812845638090919, 0.3581892953010062], "k_pid_alt": [2.0, 0.005960236281842339, 0.08901836319590295], "k_pid_att": [55.05089215817146, 0.15418146529611795, 0.6138622096600471], "k_pid_yaw": [0.5, 1e-06, 0.1], "k_pid_hsp": [0.31612876616699587, 0.05672564760977411, 0.0], "k_pid_vsp": [302.43122011200035, 295.18897472478807, 3.87853755331392]}, "datetime": {"datetime": "2025-08-21 12:23:07", "elapsed": 13103.798872232437, "delta": 15.785491466522217}, "costs": {"total_cost": 173.0315652176231, "time_cost": 68.112, "final_distance_cost": 1.786519698713404, "oscillation_cost": 34.17584586265241, "completition_cost": 0.0, "overshoot_cost": 49.89821712113631, "power_cost": 9.52580576171875, "noise_cost": 9.53317677340224, "n_waypoints_completed": 9, "tot_waypoints": 9}}
{"target": -181.9411846934917, "params": {"k_pid_pos": [1.2767114971462306, 0.20828421111147352, 0.6135418642512606], "k_pid_alt": [2.0, 0.00568611767973535, 0.10912411873151313], "k_pid_att": [42.58971165659018, 0.0751042866489048, 0.803496596187062], "k_pid_yaw": [0.5, 1e-06, 0.1], "k_pid_hsp": [0.7595615594170395, 0.0, 0.0], "k_pid_vsp": [298.65343575002845, 235.79696374510627, 3.633840359633462]}, "datetime": {"datetime": "2025-08-21 12:23:23", "elapsed": 13120.132726669312, "delta": 16.33385443687439}, "costs": {"total_cost": 181.9411846934917, "time_cost": 71.4, "final_distance_cost": 1.8145280396307188, "oscillation_cost": 29.909825171065062, "completition_cost": 0.0, "overshoot_cost": 51.07955547786443, "power_cost": 14.620671459960938, "noise_cost": 13.116604544970562, "n_waypoints_completed": 9, "tot_waypoints": 9}}
{"target": -183.05710067373573, "params": {"k_pid_pos": [2.0, 0.11546355667162744, 1.0], "k_pid_alt": [1.905633229044348, 0.01639962529541717, 0.13574564841278003], "k_pid_att": [46.46410245438042, 0.305141119993713, 0.30891471429447476], "k_pid_yaw": [0.5, 1e-06, 0.1], "k_pid_hsp": [0.07052238269766142, 0.02469384072737703, 0.0], "k_pid_vsp": [271.3600618651542, 128.4728913509982, 2.3508286470207875]}, "datetime": {"datetime": "2025-08-21 12:23:40", "elapsed": 13136.611572742462, "delta": 16.478846073150635}, "costs": {"total_cost": 183.05710067373573, "time_cost": 71.152, "final_distance_cost": 1.798926310149802, "oscillation_cost": 30.66015642452798, "completition_cost": 0.0, "overshoot_cost": 51.675931849548235, "power_cost": 15.04481541748047, "noise_cost": 12.725270672029227, "n_waypoints_completed": 9, "tot_waypoints": 9}}
{"target": -175.01931447491123, "params": {"k_pid_pos": [2.0, 0.11780011095414623, 0.9003940132050238], "k_pid_alt": [2.0, 0.006546115163702658, 0.10605413098372109], "k_pid_att": [35.96029252153425, 0.2929051298537928, 0.5334179911029459], "k_pid_yaw": [0.5, 1e-06, 0.1], "k_pid_hsp": [0.6129139883348697, 0.02419755135500097, 0.0], "k_pid_vsp": [185.85283827813666, 233.71586645219978, 6.002688987147106]}, "datetime": {"datetime": "2025-08-21 12:23:55", "elapsed": 13152.446717262268, "delta": 15.835144519805908}, "costs": {"total_cost": 175.01931447491123, "time_cost": 69.416, "final_distance_cost": 1.832267483318664, "oscillation_cost": 30.836951123815787, "completition_cost": 0.0, "overshoot_cost": 50.043221149579026, "power_cost": 11.808331591796875, "noise_cost": 11.082543126400887, "n_waypoints_completed": 9, "tot_waypoints": 9}}
{"target": -169.0090861082623, "params": {"k_pid_pos": [1.5004941188016339, 0.16654447261885016, 0.6512253866726369], "k_pid_alt": [1.9972523790327836, 0.005571018258221688, 0.04654951686154057], "k_pid_att": [26.387033749533458, 0.19357843091681134, 0.42747005160779644], "k_pid_yaw": [0.5, 1e-06, 0.1], "k_pid_hsp": [0.40235358673962596, 0.023653065052406816, 0.0], "k_pid_vsp": [293.21305493984784, 197.98384419257013, 2.5538354196284283]}, "datetime": {"datetime": "2025-08-21 12:24:11", "elapsed": 13168.350773334503, "delta": 15.904056072235107}, "costs": {"total_cost": 169.0090861082623, "time_cost": 69.52, "final_distance_cost": 1.811589073186854, "oscillation_cost": 29.3566112601494, "completition_cost": 0.0, "overshoot_cost": 50.43108904809474, "power_cost": 8.479098437500001, "noise_cost": 9.4106982893313, "n_waypoints_completed": 9, "tot_waypoints": 9}}
{"target": -182.06159664673476, "params": {"k_pid_pos": [1.3438299200692843, 0.15104164842718817, 0.502951898735816], "k_pid_alt": [1.9974390637025339, 0.005604179067166366, 0.08376171327314186], "k_pid_att": [58.7966830113877, 0.20553786758118955, 0.0], "k_pid_yaw": [0.5, 1e-06, 0.1], "k_pid_hsp": [0.40519358440769615, 0.043326788421836925, 0.0], "k_pid_vsp": [328.34182700792246, 245.99394450469035, 6.0049588280525965]}, "datetime": {"datetime": "2025-08-21 12:24:28", "elapsed": 13184.571459770203, "delta": 16.220686435699463}, "costs": {"total_cost": 182.06159664673476, "time_cost": 69.76, "final_distance_cost": 1.8265735859632823, "oscillation_cost": 39.30481067703113, "completition_cost": 0.0, "overshoot_cost": 50.209953747040316, "power_cost": 10.424096166992188, "noise_cost": 10.536162469707813, "n_waypoints_completed": 9, "tot_waypoints": 9}}
{"target": -176.03285758928243, "params": {"k_pid_pos": [1.927757138849385, 0.08214781418944327, 0.5969305997298963], "k_pid_alt": [1.6489219904823054, 0.0052705035092544305, 0.09067065798936584], "k_pid_att": [18.012373725253475, 0.23253985965721014, 0.24066420602254826], "k_pid_yaw": [0.5, 1e-06, 0.1], "k_pid_hsp": [0.8461770807916033, 0.029727634258676732, 0.0], "k_pid_vsp": [400.0, 218.37549286336096, 2.8479495979071068]}, "datetime": {"datetime": "2025-08-21 12:24:44", "elapsed": 13200.774250268936, "delta": 16.20279049873352}, "costs": {"total_cost": 176.03285758928243, "time_cost": 68.52, "final_distance_cost": 1.7948090888749781, "oscillation_cost": 32.433689546283006, "completition_cost": 0.0, "overshoot_cost": 49.524521003414904, "power_cost": 12.367003271484375, "noise_cost": 11.392834679225166, "n_waypoints_completed": 9, "tot_waypoints": 9}}
{"target": -180.65178194873303, "params": {"k_pid_pos": [1.2789641255487154, 0.10746791912646086, 0.652610195612874], "k_pid_alt": [2.0, 0.011995004209300749, 0.01092851722502357], "k_pid_att": [42.639021499241686, 0.21568615736400362, 0.0], "k_pid_yaw": [0.5, 1e-06, 0.1], "k_pid_hsp": [0.5573967464600684, 0.03607657851480484, 0.0], "k_pid_vsp": [97.83571212524737, 139.3117828308745, 3.333914649447896]}, "datetime": {"datetime": "2025-08-21 12:25:00", "elapsed": 13216.778398036957, "delta": 16.00414776802063}, "costs": {"total_cost": 180.65178194873303, "time_cost": 70.296, "final_distance_cost": 1.839791103728466, "oscillation_cost": 33.48263449572839, "completition_cost": 0.0, "overshoot_cost": 50.71223701735627, "power_cost": 12.593359497070313, "noise_cost": 11.727759834849586, "n_waypoints_completed": 9, "tot_waypoints": 9}}
{"target": -181.59944874539883, "params": {"k_pid_pos": [1.281071043379529, 0.11690407432423415, 0.7134396503601227], "k_pid_alt": [1.9377314196972517, 0.013221854460054342, 0.07428491129484227], "k_pid_att": [57.92307450033719, 0.2834022821009455, 0.0], "k_pid_yaw": [0.5, 1e-06, 0.1], "k_pid_hsp": [0.44877446860453046, 0.06093202326640248, 0.0], "k_pid_vsp": [77.24435301517046, 223.22834135134204, 2.620830944647176]}, "datetime": {"datetime": "2025-08-21 12:25:16", "elapsed": 13232.906111240387, "delta": 16.127713203430176}, "costs": {"total_cost": 181.59944874539883, "time_cost": 70.256, "final_distance_cost": 1.8379142055134574, "oscillation_cost": 39.40381229389106, "completition_cost": 0.0, "overshoot_cost": 50.13324912756401, "power_cost": 9.767450634765625, "noise_cost": 10.201022483664707, "n_waypoints_completed": 9, "tot_waypoints": 9}}
{"target": -176.66855390716864, "params": {"k_pid_pos": [1.8836194650075855, 0.16194469733233732, 0.4619977085155851], "k_pid_alt": [1.777707133525414, 0.00767349064742659, 0.06852544832994097], "k_pid_att": [48.41805934093251, 0.23510713828901028, 0.3943740514688721], "k_pid_yaw": [0.5, 1e-06, 0.1], "k_pid_hsp": [0.45615729266604327, 0.026101707045010733, 0.0], "k_pid_vsp": [246.25234436799488, 252.92315955316204, 3.783922215206846]}, "datetime": {"datetime": "2025-08-21 12:25:32", "elapsed": 13248.98373913765, "delta": 16.077627897262573}, "costs": {"total_cost": 176.66855390716864, "time_cost": 69.312, "final_distance_cost": 1.7727569142506345, "oscillation_cost": 32.398757038837644, "completition_cost": 0.0, "overshoot_cost": 50.577335651225276, "power_cost": 11.79201357421875, "noise_cost": 10.815690728636367, "n_waypoints_completed": 9, "tot_waypoints": 9}}
{"target": -169.94739550597225, "params": {"k_pid_pos": [1.3098674223351556, 0.0, 0.5336372416414024], "k_pid_alt": [2.0, 0.004973178028087794, 0.10893870639332694], "k_pid_att": [53.45579321526245, 0.21747104446773272, 0.6901325165731738], "k_pid_yaw": [0.5, 1e-06, 0.1], "k_pid_hsp": [0.6105022429221291, 0.020096966148971555, 0.0], "k_pid_vsp": [253.1528041403442, 156.14187808572888, 5.325439796268326]}, "datetime": {"datetime": "2025-08-21 12:25:48", "elapsed": 13264.861137628555, "delta": 15.877398490905762}, "costs": {"total_cost": 169.94739550597225, "time_cost": 69.912, "final_distance_cost": 1.8402608529178097, "oscillation_cost": 29.687361679460672, "completition_cost": 0.0, "overshoot_cost": 49.61486804917737, "power_cost": 9.013654296875, "noise_cost": 9.879250627541419, "n_waypoints_completed": 9, "tot_waypoints": 9}}
{"target": -171.3192380135394, "params": {"k_pid_pos": [2.0, 0.1621777863426389, 0.9165373891276477], "k_pid_alt": [2.0, 0.001901692364112146, 0.07153664284768489], "k_pid_att": [26.267154292258585, 0.287257977056876, 0.5089885672714848], "k_pid_yaw": [0.5, 1e-06, 0.1], "k_pid_hsp": [0.4823186387355484, 0.07514474463993925, 0.0], "k_pid_vsp": [315.61705686780556, 242.77242837797982, 1e-06]}, "datetime": {"datetime": "2025-08-21 12:26:04", "elapsed": 13280.903184890747, "delta": 16.042047262191772}, "costs": {"total_cost": 171.3192380135394, "time_cost": 68.528, "final_distance_cost": 1.8338777238911008, "oscillation_cost": 31.140150591615768, "completition_cost": 0.0, "overshoot_cost": 49.494290592281786, "power_cost": 10.12579737548828, "noise_cost": 10.197121730262452, "n_waypoints_completed": 9, "tot_waypoints": 9}}
{"target": -188.90637381355293, "params": {"k_pid_pos": [1.8044224767263162, 0.12603174467648104, 0.7073246965922172], "k_pid_alt": [1.9543535353717048, 0.01105114090688608, 0.041397085159872754], "k_pid_att": [27.752264434337913, 0.27433537524455065, 0.2228315749240395], "k_pid_yaw": [0.5, 1e-06, 0.1], "k_pid_hsp": [0.3002406436401133, 0.0219613110269235, 0.0], "k_pid_vsp": [213.69906261865063, 138.25772821189904, 6.565355930571189]}, "datetime": {"datetime": "2025-08-21 12:26:20", "elapsed": 13297.366253137589, "delta": 16.46306824684143}, "costs": {"total_cost": 188.90637381355293, "time_cost": 71.056, "final_distance_cost": 1.808918465193855, "oscillation_cost": 31.79947017016028, "completition_cost": 0.0, "overshoot_cost": 52.040288447085054, "power_cost": 17.927746252441406, "noise_cost": 14.27395047867232, "n_waypoints_completed": 9, "tot_waypoints": 9}}
{"target": -177.28374797868904, "params": {"k_pid_pos": [1.9363397773833555, 0.16435087114589475, 0.6747293136883824], "k_pid_alt": [1.8476557645967404, 0.0036362360403715214, 0.0950824477091509], "k_pid_att": [33.73845982539001, 0.16801220616071136, 0.6154760132443201], "k_pid_yaw": [0.5, 1e-06, 0.1], "k_pid_hsp": [0.28354855913283056, 0.04259368692157126, 0.0], "k_pid_vsp": [400.0, 327.9682634981205, 7.220364898247317]}, "datetime": {"datetime": "2025-08-21 12:26:36", "elapsed": 13313.292816400528, "delta": 15.926563262939453}, "costs": {"total_cost": 177.28374797868904, "time_cost": 68.888, "final_distance_cost": 1.7835087440006963, "oscillation_cost": 30.847657992303184, "completition_cost": 0.0, "overshoot_cost": 50.149005244347265, "power_cost": 13.68985174560547, "noise_cost": 11.925724252432422, "n_waypoints_completed": 9, "tot_waypoints": 9}}
{"target": -1219.9828755422382, "params": {"k_pid_pos": [1.4547588652338004, 0.00514905533433338, 0.21048767751916045], "k_pid_alt": [1.6948131623664426, 0.008128736386825604, 0.04075700950783516], "k_pid_att": [23.83738246650974, 0.19876669290144858, 0.37282740336542064], "k_pid_yaw": [0.5, 1e-06, 0.1], "k_pid_hsp": [0.0001, 0.01352555792002949, 0.0], "k_pid_vsp": [340.2411894248158, 109.6326897613967, 1e-06]}, "datetime": {"datetime": "2025-08-21 12:26:59", "elapsed": 13336.343737840652, "delta": 23.05092144012451}, "costs": {"total_cost": 1219.9828755422382, "time_cost": 150, "final_distance_cost": 61.09008335602864, "oscillation_cost": 3.771314434623879, "completition_cost": 888.8888888888888, "overshoot_cost": 86.07931183768746, "power_cost": 15.927363476562501, "noise_cost": 14.225913548446883, "n_waypoints_completed": 1, "tot_waypoints": 9}}
