{"target": -182.78290271883108, "params": {"k_pid_pos": [0.6890166502053777, 0.006386987391685743, 0.0007172775529947794], "k_pid_alt": [0.912589178400235, 0.003900127364420202, 0.004646873207557918], "k_pid_att": [34.75903580258077, 0.3781504968611547, 0.8206208470374343], "k_pid_yaw": [0.5, 1e-06, 0.1], "k_pid_hsp": [0.12260417959021826, 0.008957081447530173, 0.0], "k_pid_vsp": [134.49946560284857, 100.5270795367146, 6.861490747323749]}, "datetime": {"datetime": "2025-08-12 02:36:47", "elapsed": 36686.738480091095, "delta": 18.514530420303345}, "costs": {"total_cost": 182.78290271883108, "time_cost": 71.029, "final_distance_cost": 1.8354479558507764, "oscillation_cost": 24.291583827320753, "completition_cost": 0.0, "overshoot_cost": 50.4945776343029, "power_cost": 14.226653259277345, "noise_cost": 20.905640042079305, "n_waypoints_completed": 9, "tot_waypoints": 9}}
{"target": -182.96326230933994, "params": {"k_pid_pos": [0.523552953437808, 0.0069005938688069405, 0.000635529354380026], "k_pid_alt": [1.4582616015621033, 0.0044329650040291655, 0.005396714916036486], "k_pid_att": [23.010314772788742, 0.3768917635430567, 0.9417676057858877], "k_pid_yaw": [0.5, 1e-06, 0.1], "k_pid_hsp": [0.12064651927437808, 0.009684984524058032, 0.0], "k_pid_vsp": [101.91161116469486, 118.42311491560555, 5.942038064875672]}, "datetime": {"datetime": "2025-08-12 02:37:06", "elapsed": 36705.37000584602, "delta": 18.63152575492859}, "costs": {"total_cost": 182.96326230933994, "time_cost": 72.212, "final_distance_cost": 1.8444797786799645, "oscillation_cost": 21.89980461427997, "completition_cost": 0.0, "overshoot_cost": 50.94674681690161, "power_cost": 14.279776501464845, "noise_cost": 21.78045459801353, "n_waypoints_completed": 9, "tot_waypoints": 9}}
{"target": -184.10284930653944, "params": {"k_pid_pos": [0.5960974581047416, 0.00783640298434126, 0.0004012033198953988], "k_pid_alt": [1.3346735327761954, 0.00406905844129946, 0.006196119215364796], "k_pid_att": [32.93476715011547, 0.3016072571212492, 0.6694587247885254], "k_pid_yaw": [0.5, 1e-06, 0.1], "k_pid_hsp": [0.07671434237196713, 0.011171260110841635, 0.0], "k_pid_vsp": [136.20275002717426, 129.4268993993101, 5.351071083184877]}, "datetime": {"datetime": "2025-08-12 02:37:24", "elapsed": 36724.23034071922, "delta": 18.860334873199463}, "costs": {"total_cost": 184.10284930653944, "time_cost": 73.241, "final_distance_cost": 1.8207817464396072, "oscillation_cost": 21.613506081021967, "completition_cost": 0.0, "overshoot_cost": 51.39453691103041, "power_cost": 14.438849914550781, "noise_cost": 21.594174653496665, "n_waypoints_completed": 9, "tot_waypoints": 9}}
{"target": -184.58687532218, "params": {"k_pid_pos": [0.6592871753686634, 0.006688633077247728, 0.000832301247697236], "k_pid_alt": [1.3525670516419002, 0.004423609999570526, 0.010948724592368354], "k_pid_att": [39.81557611223126, 0.27960805934956384, 0.9003887843083965], "k_pid_yaw": [0.5, 1e-06, 0.1], "k_pid_hsp": [0.0761131806785973, 0.008515712811744715, 0.0], "k_pid_vsp": [152.86330780760974, 132.4028104649193, 6.351573022758469]}, "datetime": {"datetime": "2025-08-12 02:37:43", "elapsed": 36742.943185806274, "delta": 18.71284508705139}, "costs": {"total_cost": 184.58687532218, "time_cost": 73.052, "final_distance_cost": 1.7945340300389643, "oscillation_cost": 22.193894801738164, "completition_cost": 0.0, "overshoot_cost": 51.54892670116358, "power_cost": 14.413330114746094, "noise_cost": 21.58418967449318, "n_waypoints_completed": 9, "tot_waypoints": 9}}
{"target": -182.80660075129714, "params": {"k_pid_pos": [0.47137023516108884, 0.00602455061477065, 0.000611352510681884], "k_pid_alt": [1.3154957872782316, 0.0044345469193353875, 0.008446337524298903], "k_pid_att": [31.51977951865831, 0.45603537939191097, 0.7986679071650545], "k_pid_yaw": [0.5, 1e-06, 0.1], "k_pid_hsp": [0.09798683194230935, 0.008625032407728325, 0.0], "k_pid_vsp": [99.11872295414092, 111.40560114755466, 5.282584963970355]}, "datetime": {"datetime": "2025-08-12 02:38:02", "elapsed": 36762.157582998276, "delta": 19.214397192001343}, "costs": {"total_cost": 182.80660075129714, "time_cost": 73.185, "final_distance_cost": 1.8349865018208988, "oscillation_cost": 19.78982142840458, "completition_cost": 0.0, "overshoot_cost": 51.47509284035784, "power_cost": 14.340739453125, "noise_cost": 22.180960527588834, "n_waypoints_completed": 9, "tot_waypoints": 9}}
{"target": -182.36527267029325, "params": {"k_pid_pos": [0.6363444514078226, 0.006632015415765582, 0.0007668215764079879], "k_pid_alt": [1.6147767613251105, 0.005149667450001988, 0.004945407031916022], "k_pid_att": [34.450611811129114, 0.33394611282056436, 0.9897972292410016], "k_pid_yaw": [0.5, 1e-06, 0.1], "k_pid_hsp": [0.12447467334906658, 0.008486114848035086, 0.0], "k_pid_vsp": [111.03089099784461, 94.12808252870398, 4.066164104473823]}, "datetime": {"datetime": "2025-08-12 02:38:20", "elapsed": 36779.39303588867, "delta": 17.235452890396118}, "costs": {"total_cost": 182.36527267029325, "time_cost": 70.665, "final_distance_cost": 1.8292492473959148, "oscillation_cost": 23.557116993375562, "completition_cost": 0.0, "overshoot_cost": 51.08684426975931, "power_cost": 14.136444262695314, "noise_cost": 21.09061789706714, "n_waypoints_completed": 9, "tot_waypoints": 9}}
{"target": -182.358603373937, "params": {"k_pid_pos": [0.5074158040691545, 0.008898344235929388, 0.0005509235994468695], "k_pid_alt": [1.184855097815505, 0.005504178237809776, 0.01019740066024], "k_pid_att": [31.404065214137983, 0.3324031970489655, 0.8886673758388439], "k_pid_yaw": [0.5, 1e-06, 0.1], "k_pid_hsp": [0.10439097824422135, 0.009207123588302238, 0.0], "k_pid_vsp": [135.07441476974603, 112.04274025890152, 6.724365192811767]}, "datetime": {"datetime": "2025-08-12 02:38:38", "elapsed": 36798.28373837471, "delta": 18.890702486038208}, "costs": {"total_cost": 182.358603373937, "time_cost": 72.548, "final_distance_cost": 1.8331182226251979, "oscillation_cost": 20.78211944350911, "completition_cost": 0.0, "overshoot_cost": 51.201146760555375, "power_cost": 14.19854130859375, "noise_cost": 21.795677638653558, "n_waypoints_completed": 9, "tot_waypoints": 9}}
{"target": -181.37397518707903, "params": {"k_pid_pos": [0.5903896473096085, 0.005477251653330906, 0.0008531259848935663], "k_pid_alt": [1.2339805093176046, 0.005371027626055589, 0.003158789622710096], "k_pid_att": [37.647550508517384, 0.32164689679856684, 0.8955732909894071], "k_pid_yaw": [0.5, 1e-06, 0.1], "k_pid_hsp": [0.09396355746288737, 0.009217971181160689, 0.0], "k_pid_vsp": [114.4427539593197, 118.93285387069189, 3.4572664672471998]}, "datetime": {"datetime": "2025-08-12 02:38:57", "elapsed": 36816.85879778862, "delta": 18.575059413909912}, "costs": {"total_cost": 181.37397518707903, "time_cost": 71.46300000000001, "final_distance_cost": 1.8170389979473571, "oscillation_cost": 21.91789760737175, "completition_cost": 0.0, "overshoot_cost": 50.78795484495453, "power_cost": 14.149376318359376, "noise_cost": 21.238707418446023, "n_waypoints_completed": 9, "tot_waypoints": 9}}
{"target": -183.32599600600943, "params": {"k_pid_pos": [0.6286538196806946, 0.005184529420610971, 0.0005483184795380644], "k_pid_alt": [1.7005750093731304, 0.004616342296532215, 0.005016761492367892], "k_pid_att": [28.960992782161572, 0.4137398986632379, 0.9717347928898402], "k_pid_yaw": [0.5, 1e-06, 0.1], "k_pid_hsp": [0.07886222265666953, 0.008341685663471406, 0.0], "k_pid_vsp": [110.1469788445454, 111.16937241742868, 5.104748687528817]}, "datetime": {"datetime": "2025-08-12 02:39:15", "elapsed": 36835.316218853, "delta": 18.45742106437683}, "costs": {"total_cost": 183.32599600600943, "time_cost": 72.786, "final_distance_cost": 1.7961944536211558, "oscillation_cost": 21.498867795926635, "completition_cost": 0.0, "overshoot_cost": 51.447084204507455, "power_cost": 14.304000805664064, "noise_cost": 21.493848746290123, "n_waypoints_completed": 9, "tot_waypoints": 9}}
{"target": -183.50578889058932, "params": {"k_pid_pos": [0.6035314891961275, 0.006594776501563732, 0.0006543206511030373], "k_pid_alt": [1.4114556584876021, 0.004769902002721561, 0.008234644603169581], "k_pid_att": [34.87315030952699, 0.3336741439471682, 0.9519109073848614], "k_pid_yaw": [0.5, 1e-06, 0.1], "k_pid_hsp": [0.08199228955354869, 0.010003617368884365, 0.0], "k_pid_vsp": [112.9714913433369, 132.58051242839215, 6.098966284058117]}, "datetime": {"datetime": "2025-08-12 02:39:34", "elapsed": 36854.19970846176, "delta": 18.88348960876465}, "costs": {"total_cost": 183.50578889058932, "time_cost": 72.667, "final_distance_cost": 1.828035352652033, "oscillation_cost": 21.741128274922136, "completition_cost": 0.0, "overshoot_cost": 51.33194082100864, "power_cost": 14.389292980957032, "noise_cost": 21.548391461049462, "n_waypoints_completed": 9, "tot_waypoints": 9}}
{"target": -182.00752680989024, "params": {"k_pid_pos": [0.7757676033215594, 0.005867646435769689, 0.0008072324587326624], "k_pid_alt": [1.3199280858016753, 0.004374115267628415, 0.006150220249207149], "k_pid_att": [36.860213225428076, 0.42685227999424846, 0.8885571299401104], "k_pid_yaw": [0.5, 1e-06, 0.1], "k_pid_hsp": [0.09975626421218253, 0.006878846597928441, 0.0], "k_pid_vsp": [120.25883011327846, 129.55768514032422, 5.704864622004881]}, "datetime": {"datetime": "2025-08-12 02:39:52", "elapsed": 36872.05144929886, "delta": 17.851740837097168}, "costs": {"total_cost": 182.00752680989024, "time_cost": 70.343, "final_distance_cost": 1.786215227096096, "oscillation_cost": 24.63843301452269, "completition_cost": 0.0, "overshoot_cost": 50.514952731351684, "power_cost": 14.05571082763672, "noise_cost": 20.669215009283057, "n_waypoints_completed": 9, "tot_waypoints": 9}}
{"target": -184.001306450923, "params": {"k_pid_pos": [0.4881345332943144, 0.004861980655606299, 0.0008718717496448989], "k_pid_alt": [1.1554817707541083, 0.006699856588185337, 0.008042135866830379], "k_pid_att": [39.9256165852892, 0.3230161714034579, 1.0], "k_pid_yaw": [0.5, 1e-06, 0.1], "k_pid_hsp": [0.11557418605498049, 0.009515224818797933, 0.0], "k_pid_vsp": [94.7212037868638, 137.3617764970887, 5.533910743664953]}, "datetime": {"datetime": "2025-08-12 02:40:12", "elapsed": 36891.97035956383, "delta": 19.918910264968872}, "costs": {"total_cost": 184.001306450923, "time_cost": 73.262, "final_distance_cost": 1.847564261937081, "oscillation_cost": 21.040628346181933, "completition_cost": 0.0, "overshoot_cost": 51.227192804025094, "power_cost": 14.455877685546875, "noise_cost": 22.168043353232008, "n_waypoints_completed": 9, "tot_waypoints": 9}}
{"target": -183.44033021171924, "params": {"k_pid_pos": [0.5041384024051443, 0.007602149755586189, 0.0005742964767523087], "k_pid_alt": [1.761333962485151, 0.00492488579443037, 0.010186738114033133], "k_pid_att": [23.804552808742102, 0.36394538180431607, 0.8504310495092454], "k_pid_yaw": [0.5, 1e-06, 0.1], "k_pid_hsp": [0.12179542180707696, 0.006935490515076074, 0.0], "k_pid_vsp": [118.4094154851464, 119.53775865630972, 7.1370243774321045]}, "datetime": {"datetime": "2025-08-12 02:40:31", "elapsed": 36910.46456408501, "delta": 18.4942045211792}, "costs": {"total_cost": 183.44033021171924, "time_cost": 72.723, "final_distance_cost": 1.8387999322562996, "oscillation_cost": 21.1764883486214, "completition_cost": 0.0, "overshoot_cost": 51.39252238028387, "power_cost": 14.257927648925781, "noise_cost": 22.051591901631898, "n_waypoints_completed": 9, "tot_waypoints": 9}}
{"target": -181.82705450285422, "params": {"k_pid_pos": [0.5567850589194697, 0.006122043927481461, 0.0006679369416278345], "k_pid_alt": [1.0841253706535592, 0.003169371213689509, 0.008602480795024599], "k_pid_att": [31.132932058302867, 0.3507715487696504, 0.7880486361771348], "k_pid_yaw": [0.5, 1e-06, 0.1], "k_pid_hsp": [0.09829294893740075, 0.009400885431261193, 0.0], "k_pid_vsp": [114.0982618296502, 125.06973269687539, 5.8405077789352715]}, "datetime": {"datetime": "2025-08-12 02:40:50", "elapsed": 36929.978674411774, "delta": 19.514110326766968}, "costs": {"total_cost": 181.82705450285422, "time_cost": 71.974, "final_distance_cost": 1.8245545912771415, "oscillation_cost": 21.401980384976973, "completition_cost": 0.0, "overshoot_cost": 51.03598866677674, "power_cost": 14.1924154296875, "noise_cost": 21.398115430135835, "n_waypoints_completed": 9, "tot_waypoints": 9}}
{"target": -184.93499159535702, "params": {"k_pid_pos": [0.4339561268741383, 0.008063693580688125, 0.0008780584098532735], "k_pid_alt": [1.26345771804817, 0.0045657795032119025, 0.0016931414703702126], "k_pid_att": [37.196497134438694, 0.44105591547271067, 0.8358134951293685], "k_pid_yaw": [0.5, 1e-06, 0.1], "k_pid_hsp": [0.1090544385886289, 0.008463008192688267, 0.0], "k_pid_vsp": [95.09413415703771, 103.01364400966271, 5.6496971955727195]}, "datetime": {"datetime": "2025-08-12 02:41:10", "elapsed": 36949.64199233055, "delta": 19.663317918777466}, "costs": {"total_cost": 184.93499159535702, "time_cost": 74.69, "final_distance_cost": 1.847591438375837, "oscillation_cost": 19.527628373136054, "completition_cost": 0.0, "overshoot_cost": 51.54808216324026, "power_cost": 14.493870190429687, "noise_cost": 22.82781943017521, "n_waypoints_completed": 9, "tot_waypoints": 9}}
{"target": -182.93842994209967, "params": {"k_pid_pos": [0.45305506503361553, 0.004202121822523578, 0.0006710504807336195], "k_pid_alt": [1.0813343991119682, 0.004409168519375101, 0.006952722008453801], "k_pid_att": [23.3488049410864, 0.37463970972422406, 0.8575858094374599], "k_pid_yaw": [0.5, 1e-06, 0.1], "k_pid_hsp": [0.08749144635414818, 0.007723713170372467, 0.0], "k_pid_vsp": [112.06248367418611, 137.0785005693647, 5.653532066396099]}, "datetime": {"datetime": "2025-08-12 02:41:29", "elapsed": 36968.7583193779, "delta": 19.116327047348022}, "costs": {"total_cost": 182.93842994209967, "time_cost": 74.095, "final_distance_cost": 1.8314741174391396, "oscillation_cost": 18.51948992870863, "completition_cost": 0.0, "overshoot_cost": 51.79775714591339, "power_cost": 14.40138525390625, "noise_cost": 22.293323496132277, "n_waypoints_completed": 9, "tot_waypoints": 9}}
{"target": -182.01340203667314, "params": {"k_pid_pos": [0.6035789702144118, 0.006030820680505977, 0.0005113834960662624], "k_pid_alt": [1.4298755848219311, 0.003750367646643422, 0.006612589226247019], "k_pid_att": [38.06127920914337, 0.46832825134767814, 0.8406590996351285], "k_pid_yaw": [0.5, 1e-06, 0.1], "k_pid_hsp": [0.08696724747456745, 0.008874365963994381, 0.0], "k_pid_vsp": [120.91205178993555, 105.56883527597161, 4.5936141543210605]}, "datetime": {"datetime": "2025-08-12 02:41:47", "elapsed": 36986.86032772064, "delta": 18.10200834274292}, "costs": {"total_cost": 182.01340203667314, "time_cost": 71.876, "final_distance_cost": 1.818194542042697, "oscillation_cost": 21.689253640449056, "completition_cost": 0.0, "overshoot_cost": 51.206042138034356, "power_cost": 14.138648876953125, "noise_cost": 21.285262839193905, "n_waypoints_completed": 9, "tot_waypoints": 9}}
{"target": -184.5214331578088, "params": {"k_pid_pos": [0.44508833111480905, 0.0067783015442931934, 0.000795953017607584], "k_pid_alt": [1.7321130127125741, 0.005083567242363212, 0.004232448126749396], "k_pid_att": [33.37918330676086, 0.4137464180062956, 1.0], "k_pid_yaw": [0.5, 1e-06, 0.1], "k_pid_hsp": [0.1098166342223681, 0.007616202973065898, 0.0], "k_pid_vsp": [83.62636102089432, 121.34489623075308, 6.434018243185672]}, "datetime": {"datetime": "2025-08-12 02:42:06", "elapsed": 37006.06642246246, "delta": 19.20609474182129}, "costs": {"total_cost": 184.5214331578088, "time_cost": 74.172, "final_distance_cost": 1.850976882034758, "oscillation_cost": 19.678485022750866, "completition_cost": 0.0, "overshoot_cost": 51.72599280883088, "power_cost": 14.477556469726563, "noise_cost": 22.616421974465737, "n_waypoints_completed": 9, "tot_waypoints": 9}}
{"target": -183.00453282850287, "params": {"k_pid_pos": [0.751914077290386, 0.007075406120366561, 0.0005326569711995277], "k_pid_alt": [1.1158132013124569, 0.004104737540752271, 0.008363209007178954], "k_pid_att": [30.00073721629867, 0.3492595826572133, 1.0], "k_pid_yaw": [0.5, 1e-06, 0.1], "k_pid_hsp": [0.09697491449423491, 0.008354115134718463, 0.0], "k_pid_vsp": [123.49900011526059, 161.94979663079513, 5.956216505178053]}, "datetime": {"datetime": "2025-08-12 02:42:24", "elapsed": 37023.64442396164, "delta": 17.578001499176025}, "costs": {"total_cost": 183.00453282850287, "time_cost": 70.931, "final_distance_cost": 1.8140782248062313, "oscillation_cost": 24.401097148366077, "completition_cost": 0.0, "overshoot_cost": 50.84681175515675, "power_cost": 14.181527807617188, "noise_cost": 20.83001789255665, "n_waypoints_completed": 9, "tot_waypoints": 9}}
{"target": -181.8668463834299, "params": {"k_pid_pos": [0.5632088522232469, 0.004407903841226065, 0.0005343111396903304], "k_pid_alt": [1.9762047284836617, 0.005199351812524259, 0.008882615566787997], "k_pid_att": [28.54965423222684, 0.3622355042749825, 0.972031412840496], "k_pid_yaw": [0.5, 1e-06, 0.1], "k_pid_hsp": [0.09213004063540585, 0.009007203581235607, 0.0], "k_pid_vsp": [156.84646934647853, 128.51227136449393, 6.2537838513999775]}, "datetime": {"datetime": "2025-08-12 02:42:43", "elapsed": 37042.933267593384, "delta": 19.288843631744385}, "costs": {"total_cost": 181.8668463834299, "time_cost": 71.869, "final_distance_cost": 1.82153733918746, "oscillation_cost": 21.018783707029666, "completition_cost": 0.0, "overshoot_cost": 51.54582472149008, "power_cost": 14.205551831054688, "noise_cost": 21.40614878466799, "n_waypoints_completed": 9, "tot_waypoints": 9}}
{"target": -182.63825640140655, "params": {"k_pid_pos": [0.6754320036990844, 0.006477789632046891, 0.000670543186340768], "k_pid_alt": [1.049578714098719, 0.004383222937953234, 0.004893822901405304], "k_pid_att": [36.95414613840692, 0.39711820086091754, 0.960841305549247], "k_pid_yaw": [0.5, 1e-06, 0.1], "k_pid_hsp": [0.09258658835044498, 0.009206427469965953, 0.0], "k_pid_vsp": [111.04638582572828, 51.10108796268878, 4.121943115675983]}, "datetime": {"datetime": "2025-08-12 02:43:01", "elapsed": 37060.70311641693, "delta": 17.769848823547363}, "costs": {"total_cost": 182.63825640140655, "time_cost": 71.70100000000001, "final_distance_cost": 1.8269957541881765, "oscillation_cost": 23.096570189331036, "completition_cost": 0.0, "overshoot_cost": 50.86200379193872, "power_cost": 14.065608801269532, "noise_cost": 21.086077864679122, "n_waypoints_completed": 9, "tot_waypoints": 9}}
{"target": -187.59765262986457, "params": {"k_pid_pos": [0.780456237908569, 0.0069111817508103425, 0.0007229128404058408], "k_pid_alt": [0.867244161745316, 0.0036565085490417814, 0.006682720652310313], "k_pid_att": [40.30737021778029, 0.27291681150027924, 0.8615816198126321], "k_pid_yaw": [0.5, 1e-06, 0.1], "k_pid_hsp": [0.07681863987554353, 0.0075183723692477744, 0.0], "k_pid_vsp": [69.46137149987317, 128.7532823599529, 6.390476538454816]}, "datetime": {"datetime": "2025-08-12 02:43:20", "elapsed": 37080.117898225784, "delta": 19.41478180885315}, "costs": {"total_cost": 187.59765262986457, "time_cost": 73.92, "final_distance_cost": 1.8105842728800696, "oscillation_cost": 24.52447515904416, "completition_cost": 0.0, "overshoot_cost": 51.246884813598925, "power_cost": 14.607525500488283, "noise_cost": 21.488182883853135, "n_waypoints_completed": 9, "tot_waypoints": 9}}
{"target": -181.86553741182624, "params": {"k_pid_pos": [0.6384898906913357, 0.006983587270104488, 0.0007206902216965582], "k_pid_alt": [1.1403323077115415, 0.004800106503719642, 0.007798129284793488], "k_pid_att": [27.462210119133562, 0.22017418446492953, 0.8883764188285977], "k_pid_yaw": [0.5, 1e-06, 0.1], "k_pid_hsp": [0.1185264652351193, 0.008727388960684666, 0.0], "k_pid_vsp": [110.6411958591029, 104.08485866496302, 3.8405072759054053]}, "datetime": {"datetime": "2025-08-12 02:43:38", "elapsed": 37097.79230952263, "delta": 17.674411296844482}, "costs": {"total_cost": 181.86553741182624, "time_cost": 70.82600000000001, "final_distance_cost": 1.8376369885098547, "oscillation_cost": 23.5670185231965, "completition_cost": 0.0, "overshoot_cost": 50.44987665004171, "power_cost": 14.145204846191406, "noise_cost": 21.039800403886762, "n_waypoints_completed": 9, "tot_waypoints": 9}}
{"target": -183.573394894768, "params": {"k_pid_pos": [0.5985453536006774, 0.0055542953854025, 0.0006238566947794571], "k_pid_alt": [1.3561558770721855, 0.004376710856004901, 0.005492498994877884], "k_pid_att": [43.6217889614155, 0.3524803949038253, 1.0], "k_pid_yaw": [0.5, 1e-06, 0.1], "k_pid_hsp": [0.13838582182760784, 0.007212590849136582, 0.0], "k_pid_vsp": [109.51298893370392, 96.794291583201, 5.590049681494083]}, "datetime": {"datetime": "2025-08-12 02:43:57", "elapsed": 37116.449570417404, "delta": 18.65726089477539}, "costs": {"total_cost": 183.573394894768, "time_cost": 71.302, "final_distance_cost": 1.836470033692765, "oscillation_cost": 23.855652422096167, "completition_cost": 0.0, "overshoot_cost": 50.90476315654798, "power_cost": 14.210047766113282, "noise_cost": 21.464461516317776, "n_waypoints_completed": 9, "tot_waypoints": 9}}
{"target": -183.1155834359232, "params": {"k_pid_pos": [0.7834893119449484, 0.006315975195077953, 0.00039518159314287605], "k_pid_alt": [1.29670950365199, 0.004549954015720747, 0.013400137189154095], "k_pid_att": [36.022117590894084, 0.33164119817125365, 1.0], "k_pid_yaw": [0.5, 1e-06, 0.1], "k_pid_hsp": [0.09569866966926505, 0.008217611517886024, 0.0], "k_pid_vsp": [95.30838677930676, 103.73978889144587, 7.014234409754711]}, "datetime": {"datetime": "2025-08-12 02:44:15", "elapsed": 37134.36802124977, "delta": 17.918450832366943}, "costs": {"total_cost": 183.1155834359232, "time_cost": 70.791, "final_distance_cost": 1.8097671088280298, "oscillation_cost": 24.833588915073655, "completition_cost": 0.0, "overshoot_cost": 50.715767682341195, "power_cost": 14.153562573242189, "noise_cost": 20.811897156438125, "n_waypoints_completed": 9, "tot_waypoints": 9}}
