{"target": -186.44624792828668, "params": {"k_pid_pos": [0.9820825851013971, 0.0123598806521812, 0.03875261882632749], "k_pid_alt": [1.1425861898215681, 0.004212665166552622, 0.05599557883799027], "k_pid_att": [26.05465857899702, 1.125043324682837, 0.47190389576893427], "k_pid_yaw": [0.5, 1e-06, 0.1], "k_pid_hsp": [0.3084994335713742, 0.008216913697419356, 0.0], "k_pid_vsp": [187.8152986705999, 53.82821876360466, 6.590856370580845]}, "datetime": {"datetime": "2025-08-11 18:48:07", "elapsed": 8567.305414438248, "delta": 17.486136198043823}, "costs": {"total_cost": 186.44624792828668, "time_cost": 69.72, "final_distance_cost": 1.844431828894883, "oscillation_cost": 28.836669454313142, "completition_cost": 0.0, "overshoot_cost": 50.544411174665164, "power_cost": 14.494399438476563, "noise_cost": 21.00633603193695, "n_waypoints_completed": 9, "tot_waypoints": 9}}
{"target": -189.14855976967732, "params": {"k_pid_pos": [1.304682463654624, 0.1033907518139186, 0.05798345425207382], "k_pid_alt": [1.7046306741052086, 0.0015949221988799148, 0.055243177253994996], "k_pid_att": [17.765369702904852, 0.946372126255287, 1.0], "k_pid_yaw": [0.5, 1e-06, 0.1], "k_pid_hsp": [0.4751745625321902, 0.021536823879446942, 0.0], "k_pid_vsp": [285.51908853004267, 37.2265732833778, 3.602286063982359]}, "datetime": {"datetime": "2025-08-11 18:48:25", "elapsed": 8584.561292648315, "delta": 17.25587821006775}, "costs": {"total_cost": 189.14855976967732, "time_cost": 69.545, "final_distance_cost": 1.7759012963735983, "oscillation_cost": 31.2547721468225, "completition_cost": 0.0, "overshoot_cost": 51.063918362157196, "power_cost": 14.721746520996094, "noise_cost": 20.78722144332791, "n_waypoints_completed": 9, "tot_waypoints": 9}}
{"target": -194.54918830538742, "params": {"k_pid_pos": [0.6131954867547814, 0.09634590266699972, 0.042987518966464654], "k_pid_alt": [1.4075093211278684, 0.0069177530231647215, 0.047312151848555355], "k_pid_att": [16.385295225244995, 1.1857917388311079, 0.5018321135242642], "k_pid_yaw": [0.5, 1e-06, 0.1], "k_pid_hsp": [0.5936046934066036, 0.0, 0.0], "k_pid_vsp": [153.02910198755316, 41.03729769255031, 4.2925363008589015]}, "datetime": {"datetime": "2025-08-11 18:48:43", "elapsed": 8603.281056880951, "delta": 18.719764232635498}, "costs": {"total_cost": 194.54918830538742, "time_cost": 75.397, "final_distance_cost": 1.8477662879247, "oscillation_cost": 27.157309359699298, "completition_cost": 0.0, "overshoot_cost": 51.69004054608015, "power_cost": 15.103623400878908, "noise_cost": 23.35344871080435, "n_waypoints_completed": 9, "tot_waypoints": 9}}
{"target": -188.23673694802375, "params": {"k_pid_pos": [1.2475081872296394, 0.0814269732164918, 0.134235527711103], "k_pid_alt": [1.6386090274085527, 0.005825087383773893, 0.05282139087435558], "k_pid_att": [11.840417480115834, 1.5128759803982523, 0.5222370132679881], "k_pid_yaw": [0.5, 1e-06, 0.1], "k_pid_hsp": [0.24733110531514213, 0.003698727040850455, 0.0], "k_pid_vsp": [133.80097292630657, 41.38133785616933, 1e-06]}, "datetime": {"datetime": "2025-08-11 18:49:01", "elapsed": 8620.42735362053, "delta": 17.146296739578247}, "costs": {"total_cost": 188.23673694802375, "time_cost": 69.489, "final_distance_cost": 1.824942243125244, "oscillation_cost": 30.208212868853828, "completition_cost": 0.0, "overshoot_cost": 51.162423126613156, "power_cost": 14.653851184082033, "noise_cost": 20.89830752534945, "n_waypoints_completed": 9, "tot_waypoints": 9}}
{"target": -186.48755505793292, "params": {"k_pid_pos": [1.004195887933219, 0.039214006172151365, 0.0852431165478002], "k_pid_alt": [0.9830695260045417, 0.004506908604640103, 0.06076026695456118], "k_pid_att": [12.27500918920657, 1.667098592003778, 1.0], "k_pid_yaw": [0.5, 1e-06, 0.1], "k_pid_hsp": [0.1477006109062637, 0.0008264627420421245, 0.0], "k_pid_vsp": [252.2186116538153, 79.67337531236656, 8.065893680965033]}, "datetime": {"datetime": "2025-08-11 18:49:18", "elapsed": 8637.94777750969, "delta": 17.520423889160156}, "costs": {"total_cost": 186.48755505793292, "time_cost": 70.525, "final_distance_cost": 1.8134231188420609, "oscillation_cost": 27.54673036219096, "completition_cost": 0.0, "overshoot_cost": 51.205509368837, "power_cost": 14.762839990234376, "noise_cost": 20.634052217828525, "n_waypoints_completed": 9, "tot_waypoints": 9}}
{"target": -225.08307985703942, "params": {"k_pid_pos": [1.0414188757410547, 0.020386895608916822, 0.0], "k_pid_alt": [1.612538112500199, 0.005472078770364167, 0.04584797715960182], "k_pid_att": [10.006566821471571, 1.3604010719709756, 0.6539813959495607], "k_pid_yaw": [0.5, 1e-06, 0.1], "k_pid_hsp": [0.03569779542971283, 0.03335971468856507, 0.0], "k_pid_vsp": [223.62233282316856, 39.905147568499025, 6.199991332259688]}, "datetime": {"datetime": "2025-08-11 18:49:40", "elapsed": 8660.035677433014, "delta": 22.087899923324585}, "costs": {"total_cost": 225.08307985703942, "time_cost": 89.187, "final_distance_cost": 1.762352053570939, "oscillation_cost": 36.027834624175554, "completition_cost": 0.0, "overshoot_cost": 53.56702329713151, "power_cost": 17.945414562988283, "noise_cost": 26.59345531917313, "n_waypoints_completed": 9, "tot_waypoints": 9}}
{"target": -186.14371646209025, "params": {"k_pid_pos": [0.8532397829178388, 0.015281650745776426, 0.04618141338706614], "k_pid_alt": [1.0802475828574172, 0.0042805142704000375, 0.0314628247383922], "k_pid_att": [14.34423605716686, 1.3637892821603248, 1.0], "k_pid_yaw": [0.5, 1e-06, 0.1], "k_pid_hsp": [0.21895246962200612, 0.031151934155805527, 0.0], "k_pid_vsp": [128.41500070391206, 27.716854197049738, 5.860916595810511]}, "datetime": {"datetime": "2025-08-11 18:49:57", "elapsed": 8677.245165348053, "delta": 17.209487915039062}, "costs": {"total_cost": 186.14371646209025, "time_cost": 69.958, "final_distance_cost": 1.8464080068034876, "oscillation_cost": 28.548218435392496, "completition_cost": 0.0, "overshoot_cost": 50.45652591092889, "power_cost": 14.368741906738283, "noise_cost": 20.965822202227077, "n_waypoints_completed": 9, "tot_waypoints": 9}}
{"target": -1131.199972619936, "params": {"k_pid_pos": [0.5595871733268092, 0.04305306772031562, 0.04382297304964855], "k_pid_alt": [0.02785838706432105, 0.002889007682946977, 0.030328182156639388], "k_pid_att": [11.97571494881266, 0.9035045496311557, 0.9955598670271325], "k_pid_yaw": [0.5, 1e-06, 0.1], "k_pid_hsp": [0.1475878722545292, 0.028401829957783398, 0.0], "k_pid_vsp": [71.98336838631437, 40.28125775736401, 3.6589886673980545]}, "datetime": {"datetime": "2025-08-11 18:50:27", "elapsed": 8707.207973241806, "delta": 29.96280789375305}, "costs": {"total_cost": 1131.199972619936, "time_cost": 150, "final_distance_cost": 86.14092875868054, "oscillation_cost": 7.783175466885568, "completition_cost": 777.7777777777778, "overshoot_cost": 54.03720076842279, "power_cost": 21.475462707519533, "noise_cost": 33.98542714064976, "n_waypoints_completed": 2, "tot_waypoints": 9}}
{"target": -1240.3739812045992, "params": {"k_pid_pos": [0.7593425204340037, 0.07547085265167629, 0.03502753323696964], "k_pid_alt": [1.4974404901940437, 0.002366046407378921, 0.020733764731392806], "k_pid_att": [10.742238998199134, 1.3774023292357744, 0.5937768501711732], "k_pid_yaw": [0.5, 1e-06, 0.1], "k_pid_hsp": [0.0001, 0.0, 0.0], "k_pid_vsp": [46.67342308183816, 41.52113569159665, 9.237282077928015]}, "datetime": {"datetime": "2025-08-11 18:50:57", "elapsed": 8736.552302122116, "delta": 29.34432888031006}, "costs": {"total_cost": 1240.3739812045992, "time_cost": 150, "final_distance_cost": 47.19847724314261, "oscillation_cost": 0.3966027055051585, "completition_cost": 888.8888888888888, "overshoot_cost": 97.8330325607385, "power_cost": 29.357150744628907, "noise_cost": 26.69982906169527, "n_waypoints_completed": 1, "tot_waypoints": 9}}
{"target": -186.71507851372365, "params": {"k_pid_pos": [1.4092794154942274, 0.022752308940556108, 0.11901802730403181], "k_pid_alt": [1.2849039514613494, 0.005734281892230605, 0.047075410859726496], "k_pid_att": [17.625618842078616, 1.8888724195574682, 0.8469972143595988], "k_pid_yaw": [0.5, 1e-06, 0.1], "k_pid_hsp": [0.27514330361688405, 0.024366829386255895, 0.0], "k_pid_vsp": [102.83828388588593, 43.232166613079976, 7.860496473689438]}, "datetime": {"datetime": "2025-08-11 18:51:16", "elapsed": 8755.743541002274, "delta": 19.19123888015747}, "costs": {"total_cost": 186.71507851372365, "time_cost": 68.747, "final_distance_cost": 1.7977832932176565, "oscillation_cost": 31.48463033952944, "completition_cost": 0.0, "overshoot_cost": 49.90007106603569, "power_cost": 14.499122521972657, "noise_cost": 20.286471292968205, "n_waypoints_completed": 9, "tot_waypoints": 9}}
{"target": -192.5516010172877, "params": {"k_pid_pos": [0.9814985020801861, 0.08187032972794966, 0.002730843362805241], "k_pid_alt": [0.7224477199166097, 0.0029087150758322984, 0.0], "k_pid_att": [3.256862694072242, 1.709939964807946, 0.8528281145149167], "k_pid_yaw": [0.5, 1e-06, 0.1], "k_pid_hsp": [0.14214601693403975, 0.0, 0.0], "k_pid_vsp": [180.89076932198728, 57.702618974402434, 7.376878540264332]}, "datetime": {"datetime": "2025-08-11 18:51:35", "elapsed": 8774.699006557465, "delta": 18.95546555519104}, "costs": {"total_cost": 192.5516010172877, "time_cost": 73.955, "final_distance_cost": 1.7957066539044964, "oscillation_cost": 28.9880031958159, "completition_cost": 0.0, "overshoot_cost": 51.366889470998295, "power_cost": 14.949733203125001, "noise_cost": 21.496268493444017, "n_waypoints_completed": 9, "tot_waypoints": 9}}
{"target": -196.25846711741892, "params": {"k_pid_pos": [0.734939382547347, 0.06951549364226704, 0.04269282546818881], "k_pid_alt": [0.5049404015622918, 0.003297341342052841, 0.02421815254354086], "k_pid_att": [15.657619066629996, 0.11847520938391672, 0.3793875464497738], "k_pid_yaw": [0.5, 1e-06, 0.1], "k_pid_hsp": [0.16173575802690168, 0.006563887481636099, 0.0], "k_pid_vsp": [161.9112213351565, 18.67141482786656, 5.192801360078789]}, "datetime": {"datetime": "2025-08-11 18:51:55", "elapsed": 8794.879387617111, "delta": 20.180381059646606}, "costs": {"total_cost": 196.25846711741892, "time_cost": 78.694, "final_distance_cost": 1.837768538395008, "oscillation_cost": 26.105007407110733, "completition_cost": 0.0, "overshoot_cost": 51.41569713308457, "power_cost": 15.470064208984375, "noise_cost": 22.735929829844235, "n_waypoints_completed": 9, "tot_waypoints": 9}}
{"target": -187.22764036846092, "params": {"k_pid_pos": [1.16661456207515, 0.08521672408699023, 0.06411748199179648], "k_pid_alt": [2.0, 0.0029142858074693487, 0.06555727289955855], "k_pid_att": [16.40571585832967, 0.5756517700320664, 0.6174464177420047], "k_pid_yaw": [0.5, 1e-06, 0.1], "k_pid_hsp": [0.23169815515873302, 0.008958160109941804, 0.0], "k_pid_vsp": [49.469547312382396, 104.39660873387079, 2.4819908923872034]}, "datetime": {"datetime": "2025-08-11 18:52:17", "elapsed": 8816.556140899658, "delta": 21.676753282546997}, "costs": {"total_cost": 187.22764036846092, "time_cost": 69.363, "final_distance_cost": 1.8025783572658949, "oscillation_cost": 30.193429668858606, "completition_cost": 0.0, "overshoot_cost": 50.58893441515839, "power_cost": 14.683794262695313, "noise_cost": 20.595903664482705, "n_waypoints_completed": 9, "tot_waypoints": 9}}
{"target": -186.007592772724, "params": {"k_pid_pos": [0.7338654846741032, 0.06303465427583961, 0.0], "k_pid_alt": [1.0665758703079706, 0.0033920284133934346, 0.02920795514608263], "k_pid_att": [14.022272985451226, 0.8968942516670317, 0.8010068693835342], "k_pid_yaw": [0.5, 1e-06, 0.1], "k_pid_hsp": [0.14446826255916767, 0.0037082719048357094, 0.0], "k_pid_vsp": [267.26980969198644, 62.43117711858892, 13.550604162941724]}, "datetime": {"datetime": "2025-08-11 18:52:35", "elapsed": 8834.431595802307, "delta": 17.875454902648926}, "costs": {"total_cost": 186.007592772724, "time_cost": 71.274, "final_distance_cost": 1.8097212152707436, "oscillation_cost": 25.134083563287636, "completition_cost": 0.0, "overshoot_cost": 51.41116941042517, "power_cost": 18.141093444824218, "noise_cost": 18.23752513891625, "n_waypoints_completed": 9, "tot_waypoints": 9}}
{"target": -192.47548873289, "params": {"k_pid_pos": [1.2659796230903133, 0.06530720927309798, 0.08914388779142464], "k_pid_alt": [1.0354996514629267, 0.005798943334728866, 0.03076129069198613], "k_pid_att": [4.78558432041871, 0.6500092102881484, 0.7041718473035526], "k_pid_yaw": [0.5, 1e-06, 0.1], "k_pid_hsp": [0.2568905867753317, 0.0, 0.0], "k_pid_vsp": [162.3041572058069, 1e-06, 10.565428660200615]}, "datetime": {"datetime": "2025-08-11 18:52:52", "elapsed": 8852.205690145493, "delta": 17.774094343185425}, "costs": {"total_cost": 192.47548873289, "time_cost": 71.33, "final_distance_cost": 1.805248654397396, "oscillation_cost": 30.55567789341751, "completition_cost": 0.0, "overshoot_cost": 51.80837799615383, "power_cost": 18.43083171386719, "noise_cost": 18.545352475054063, "n_waypoints_completed": 9, "tot_waypoints": 9}}
{"target": -193.9092649268038, "params": {"k_pid_pos": [0.48787071904787044, 0.015726800809917996, 0.09002581437903813], "k_pid_alt": [1.7112949268858795, 0.00279297044687857, 0.044457669981802346], "k_pid_att": [15.164862383931597, 1.1503653676626833, 0.38925823792852093], "k_pid_yaw": [0.5, 1e-06, 0.1], "k_pid_hsp": [0.18818159365315598, 0.011503333682295122, 0.0], "k_pid_vsp": [132.1298681204915, 54.1442505851812, 5.2392340431167055]}, "datetime": {"datetime": "2025-08-11 18:53:12", "elapsed": 8871.384507894516, "delta": 19.178817749023438}, "costs": {"total_cost": 193.9092649268038, "time_cost": 77.504, "final_distance_cost": 1.853514861195497, "oscillation_cost": 23.800657276835715, "completition_cost": 0.0, "overshoot_cost": 51.40538802960404, "power_cost": 15.130965454101563, "noise_cost": 24.214739305066974, "n_waypoints_completed": 9, "tot_waypoints": 9}}
{"target": -190.4103189604831, "params": {"k_pid_pos": [1.0183319478342154, 0.03358830638463573, 0.03137167722370113], "k_pid_alt": [1.4547258128660847, 0.0034596711280545436, 0.03547537329179653], "k_pid_att": [25.038111626151295, 1.1439172762583831, 0.7346284648426753], "k_pid_yaw": [0.5, 1e-06, 0.1], "k_pid_hsp": [0.3063553579196802, 0.029667773331857095, 0.0], "k_pid_vsp": [100.46170645101434, 1e-06, 1.3704807097295193]}, "datetime": {"datetime": "2025-08-11 18:53:29", "elapsed": 8889.03379869461, "delta": 17.649290800094604}, "costs": {"total_cost": 190.4103189604831, "time_cost": 70.574, "final_distance_cost": 1.837402489365986, "oscillation_cost": 30.297627524216246, "completition_cost": 0.0, "overshoot_cost": 51.46504528107862, "power_cost": 14.722810668945312, "noise_cost": 21.513432996876926, "n_waypoints_completed": 9, "tot_waypoints": 9}}
{"target": -239.3000236127997, "params": {"k_pid_pos": [0.8138847660566904, 0.051909155427643634, 0.0], "k_pid_alt": [0.2769122185082338, 0.002178093411386957, 0.0565578902211439], "k_pid_att": [12.087750977191957, 0.0001, 0.8450611357610917], "k_pid_yaw": [0.5, 1e-06, 0.1], "k_pid_hsp": [0.21307739637944836, 0.02869323396134754, 0.0], "k_pid_vsp": [114.19940096205652, 1e-06, 7.984539417238952]}, "datetime": {"datetime": "2025-08-11 18:53:55", "elapsed": 8914.72920012474, "delta": 25.695401430130005}, "costs": {"total_cost": 239.3000236127997, "time_cost": 103.537, "final_distance_cost": 1.8601212854285083, "oscillation_cost": 30.269629055182598, "completition_cost": 0.0, "overshoot_cost": 54.10348096116496, "power_cost": 20.148923059082033, "noise_cost": 29.3808692519416, "n_waypoints_completed": 9, "tot_waypoints": 9}}
{"target": -186.62133207618993, "params": {"k_pid_pos": [0.820474304982763, 0.06776954245311291, 0.04798221482830332], "k_pid_alt": [0.8569076036246938, 0.005011566464985884, 0.05559691789442861], "k_pid_att": [15.052687517062331, 2.6106126660360363, 0.325683631345483], "k_pid_yaw": [0.5, 1e-06, 0.1], "k_pid_hsp": [0.17536016003629695, 0.007397846046734965, 0.0], "k_pid_vsp": [171.00589735980418, 46.91347629778704, 6.186552907668393]}, "datetime": {"datetime": "2025-08-11 18:54:13", "elapsed": 8932.452504396439, "delta": 17.723304271697998}, "costs": {"total_cost": 186.62133207618993, "time_cost": 71.246, "final_distance_cost": 1.82935713494975, "oscillation_cost": 26.812795029634096, "completition_cost": 0.0, "overshoot_cost": 51.04782099577719, "power_cost": 14.445136840820313, "noise_cost": 21.240222075008592, "n_waypoints_completed": 9, "tot_waypoints": 9}}
{"target": -3658.8016583342046, "params": {"k_pid_pos": [1.1263392859837125, 0.0923563989689327, 0.04787890497498298], "k_pid_alt": [1.68508488863585, 0.006038314695315068, 0.0764686617247849], "k_pid_att": [0.0, 1.9905526409825935, 0.3701026000214942], "k_pid_yaw": [0.5, 1e-06, 0.1], "k_pid_hsp": [0.220136393113483, 0.0013392357724366008, 0.0], "k_pid_vsp": [224.17025088999517, 7.0164142470583855, 7.961118123884344]}, "datetime": {"datetime": "2025-08-11 18:54:43", "elapsed": 8962.468607664108, "delta": 30.016103267669678}, "costs": {"total_cost": 3658.8016583342046, "time_cost": 150, "final_distance_cost": 225.71694917839562, "oscillation_cost": 1267.6948045222514, "completition_cost": 1000.0, "overshoot_cost": 792.7807323326875, "power_cost": 58.37197979736328, "noise_cost": 164.23719250350717, "n_waypoints_completed": 0, "tot_waypoints": 9}}
{"target": -187.05269826495282, "params": {"k_pid_pos": [0.7839464684916745, 0.040841684326745196, 0.056352291201621725], "k_pid_alt": [2.0, 0.003824495293599494, 0.04338614739263344], "k_pid_att": [14.525160159688873, 1.5508473756495447, 1.0], "k_pid_yaw": [0.5, 1e-06, 0.1], "k_pid_hsp": [0.26215107840715207, 0.02034982328053899, 0.0], "k_pid_vsp": [328.02311516458104, 18.44758874323074, 4.223934622356329]}, "datetime": {"datetime": "2025-08-11 18:55:00", "elapsed": 8979.965604782104, "delta": 17.496997117996216}, "costs": {"total_cost": 187.05269826495282, "time_cost": 70.96600000000001, "final_distance_cost": 1.8389728063103492, "oscillation_cost": 26.770838921060168, "completition_cost": 0.0, "overshoot_cost": 51.46080263963395, "power_cost": 14.484868896484375, "noise_cost": 21.531215001463938, "n_waypoints_completed": 9, "tot_waypoints": 9}}
{"target": -190.3419553904706, "params": {"k_pid_pos": [1.161990122789257, 0.033601855412550806, 0.038671567909886906], "k_pid_alt": [1.642296724592707, 0.003605001646542417, 0.04517504348062374], "k_pid_att": [16.244322136071798, 0.6613149068737995, 0.6248906058971782], "k_pid_yaw": [0.5, 1e-06, 0.1], "k_pid_hsp": [0.3666823576577354, 0.008444377382737537, 0.0], "k_pid_vsp": [178.6515204599983, 17.91537053296727, 9.286761850343252]}, "datetime": {"datetime": "2025-08-11 18:55:17", "elapsed": 8997.12879729271, "delta": 17.16319251060486}, "costs": {"total_cost": 190.3419553904706, "time_cost": 70.105, "final_distance_cost": 1.8193086436053767, "oscillation_cost": 30.415808296193436, "completition_cost": 0.0, "overshoot_cost": 51.6399429348324, "power_cost": 17.379568774414064, "noise_cost": 18.9823267414253, "n_waypoints_completed": 9, "tot_waypoints": 9}}
{"target": -189.09090176550387, "params": {"k_pid_pos": [1.4463398138878212, 0.07946128642735108, 0.002470646472144395], "k_pid_alt": [1.1853742540075656, 0.001417681582749637, 0.05537765751515628], "k_pid_att": [14.456437681015508, 1.8393476195990939, 0.6885553307443466], "k_pid_yaw": [0.5, 1e-06, 0.1], "k_pid_hsp": [0.23648204766788825, 0.0, 0.0], "k_pid_vsp": [140.068280742339, 86.90966025446704, 3.799659385997819]}, "datetime": {"datetime": "2025-08-11 18:55:34", "elapsed": 9014.001289129257, "delta": 16.87249183654785}, "costs": {"total_cost": 189.09090176550387, "time_cost": 69.349, "final_distance_cost": 1.7952687653446517, "oscillation_cost": 32.049109141747024, "completition_cost": 0.0, "overshoot_cost": 50.51421209393476, "power_cost": 14.755120507812501, "noise_cost": 20.62819125666489, "n_waypoints_completed": 9, "tot_waypoints": 9}}
{"target": -187.99138941381284, "params": {"k_pid_pos": [0.7268998332269166, 0.05435710868417762, 0.034289378755991355], "k_pid_alt": [0.7312275290552415, 0.004491806494278707, 0.04934674166118386], "k_pid_att": [12.216602011394867, 0.9328295665189379, 1.0], "k_pid_yaw": [0.5, 1e-06, 0.1], "k_pid_hsp": [0.2358858891201853, 0.02346179959458178, 0.0], "k_pid_vsp": [117.37034469228718, 64.09282166733512, 4.419785294515556]}, "datetime": {"datetime": "2025-08-11 18:55:52", "elapsed": 9031.708351612091, "delta": 17.707062482833862}, "costs": {"total_cost": 187.99138941381284, "time_cost": 72.534, "final_distance_cost": 1.8402559845824695, "oscillation_cost": 26.98243100658171, "completition_cost": 0.0, "overshoot_cost": 50.420679989340144, "power_cost": 14.703521142578126, "noise_cost": 21.51050129073039, "n_waypoints_completed": 9, "tot_waypoints": 9}}
{"target": -187.80330650140408, "params": {"k_pid_pos": [0.7832950198642225, 0.0712009938361032, 0.0581040796203277], "k_pid_alt": [1.3121045055920069, 0.0027505950178213587, 0.025138693327748114], "k_pid_att": [14.690665462489624, 2.013012728600904, 0.3769412500935743], "k_pid_yaw": [0.5, 1e-06, 0.1], "k_pid_hsp": [0.4043597953437918, 0.010581078918789968, 0.0], "k_pid_vsp": [210.04714335180384, 32.15518458504718, 1.454786599241609]}, "datetime": {"datetime": "2025-08-11 18:56:10", "elapsed": 9049.552557229996, "delta": 17.844205617904663}, "costs": {"total_cost": 187.80330650140408, "time_cost": 71.239, "final_distance_cost": 1.8295364403811802, "oscillation_cost": 26.9841462721338, "completition_cost": 0.0, "overshoot_cost": 51.32223852268664, "power_cost": 14.611739074707032, "noise_cost": 21.816646191495433, "n_waypoints_completed": 9, "tot_waypoints": 9}}
