{"target": -181.99877740797183, "params": {"k_pid_pos": [0.6641216814701582, 0.003364464104576654, 0.000693031702263932], "k_pid_alt": [1.4609442948674227, 0.006720591228130253, 0.012624322953761055], "k_pid_att": [26.151122930804274, 0.344684785572074, 0.9048318137104238], "k_pid_yaw": [0.5, 1e-06, 0.1], "k_pid_hsp": [0.1070607328507958, 0.010890142907683661, 0.0], "k_pid_vsp": [124.535881257486, 93.11863657864552, 5.829225706161801]}, "datetime": {"datetime": "2025-08-12 01:11:40", "elapsed": 31579.917313814163, "delta": 17.485955953598022}, "costs": {"total_cost": 181.99877740797183, "time_cost": 70.539, "final_distance_cost": 1.823492759881683, "oscillation_cost": 23.62230158539262, "completition_cost": 0.0, "overshoot_cost": 50.82671671484766, "power_cost": 14.160446875, "noise_cost": 21.02681947284988, "n_waypoints_completed": 9, "tot_waypoints": 9}}
{"target": -182.21548421124626, "params": {"k_pid_pos": [0.5764937871410086, 0.0056945336021127675, 0.0005083540182982612], "k_pid_alt": [1.3763222326249318, 0.0055893337302591085, 0.016716992473883894], "k_pid_att": [33.15525180575592, 0.34331510472103477, 0.8355675236996442], "k_pid_yaw": [0.5, 1e-06, 0.1], "k_pid_hsp": [0.09993997983662124, 0.014823833953863686, 0.0], "k_pid_vsp": [128.7752887648655, 110.80916159455201, 5.101951299233093]}, "datetime": {"datetime": "2025-08-12 01:12:00", "elapsed": 31599.38771390915, "delta": 19.470400094985962}, "costs": {"total_cost": 182.21548421124626, "time_cost": 71.407, "final_distance_cost": 1.8406914559179173, "oscillation_cost": 22.545942655178965, "completition_cost": 0.0, "overshoot_cost": 50.96706820528911, "power_cost": 14.139388574218751, "noise_cost": 21.315393320641537, "n_waypoints_completed": 9, "tot_waypoints": 9}}
{"target": -184.39016433343804, "params": {"k_pid_pos": [0.6377324624755182, 0.005429648767651345, 0.0007342214688333877], "k_pid_alt": [1.220538251618364, 0.004481371465595258, 0.006747171165694242], "k_pid_att": [39.405122215656945, 0.40102120885475906, 0.7847384301674364], "k_pid_yaw": [0.5, 1e-06, 0.1], "k_pid_hsp": [0.0773796123565154, 0.007113565778411768, 0.0], "k_pid_vsp": [132.85221912262446, 103.37571811232249, 5.3596713146709325]}, "datetime": {"datetime": "2025-08-12 01:12:18", "elapsed": 31617.480708122253, "delta": 18.092994213104248}, "costs": {"total_cost": 184.39016433343804, "time_cost": 73.241, "final_distance_cost": 1.819697783984993, "oscillation_cost": 21.54493467675515, "completition_cost": 0.0, "overshoot_cost": 51.76427044247383, "power_cost": 14.360657824707031, "noise_cost": 21.65960360551702, "n_waypoints_completed": 9, "tot_waypoints": 9}}
{"target": -182.87911016853892, "params": {"k_pid_pos": [0.5216324665148458, 0.006505592994646761, 0.0005965902166735491], "k_pid_alt": [1.494384301013361, 0.005702892054394477, 0.00892049085278536], "k_pid_att": [31.977251226399023, 0.45044876091174074, 1.0], "k_pid_yaw": [0.5, 1e-06, 0.1], "k_pid_hsp": [0.08059489333595833, 0.010061329774411333, 0.0], "k_pid_vsp": [102.76272179760885, 138.0716853060236, 8.004142086536865]}, "datetime": {"datetime": "2025-08-12 01:12:36", "elapsed": 31636.121531009674, "delta": 18.640822887420654}, "costs": {"total_cost": 182.87911016853892, "time_cost": 73.178, "final_distance_cost": 1.8148821948815166, "oscillation_cost": 19.966098759275667, "completition_cost": 0.0, "overshoot_cost": 51.660059124292786, "power_cost": 14.421321936035158, "noise_cost": 21.83874815405377, "n_waypoints_completed": 9, "tot_waypoints": 9}}
{"target": -182.1606197920555, "params": {"k_pid_pos": [0.5527678654182588, 0.0071524049357528955, 0.0006997522550206684], "k_pid_alt": [0.9676358304539301, 0.00521887389321756, 0.012689895733785298], "k_pid_att": [30.633542929879543, 0.5086215821891132, 0.6540575504751919], "k_pid_yaw": [0.5, 1e-06, 0.1], "k_pid_hsp": [0.09231403783967429, 0.00823051073786144, 0.0], "k_pid_vsp": [128.08131191688676, 66.9167722143137, 6.395724630051968]}, "datetime": {"datetime": "2025-08-12 01:12:54", "elapsed": 31654.07291150093, "delta": 17.951380491256714}, "costs": {"total_cost": 182.1606197920555, "time_cost": 72.513, "final_distance_cost": 1.8219098434535477, "oscillation_cost": 20.910875191495105, "completition_cost": 0.0, "overshoot_cost": 51.07700547843111, "power_cost": 14.236290649414062, "noise_cost": 21.601538629261682, "n_waypoints_completed": 9, "tot_waypoints": 9}}
{"target": -182.7346028926116, "params": {"k_pid_pos": [0.488566156780172, 0.0068234956036290475, 0.0006861088185063821], "k_pid_alt": [1.528090984966257, 0.006427715356017895, 0.018168630774571547], "k_pid_att": [22.098314574745206, 0.47822755601303113, 0.9016797357953529], "k_pid_yaw": [0.5, 1e-06, 0.1], "k_pid_hsp": [0.08625557417530204, 0.010527159152025735, 0.0], "k_pid_vsp": [118.54320897253984, 90.79686941113884, 5.494559876748212]}, "datetime": {"datetime": "2025-08-12 01:13:14", "elapsed": 31674.23791575432, "delta": 20.16500425338745}, "costs": {"total_cost": 182.7346028926116, "time_cost": 72.989, "final_distance_cost": 1.823693265841499, "oscillation_cost": 19.658986728930813, "completition_cost": 0.0, "overshoot_cost": 51.96712013703522, "power_cost": 14.250472045898437, "noise_cost": 22.045330714905624, "n_waypoints_completed": 9, "tot_waypoints": 9}}
{"target": -186.3931872232244, "params": {"k_pid_pos": [0.6007487785495426, 0.00401013224861096, 0.0005133487778198178], "k_pid_alt": [1.6368521218509453, 0.004945226433469779, 0.017383551503572073], "k_pid_att": [22.97792702280405, 0.3184488585708128, 0.9446397601990223], "k_pid_yaw": [0.5, 1e-06, 0.1], "k_pid_hsp": [0.06497122603949616, 0.007484793080130482, 0.0], "k_pid_vsp": [148.6518783345903, 115.3045586327499, 7.7390719147057325]}, "datetime": {"datetime": "2025-08-12 01:13:33", "elapsed": 31692.85649085045, "delta": 18.61857509613037}, "costs": {"total_cost": 186.3931872232244, "time_cost": 74.921, "final_distance_cost": 1.7985171397287882, "oscillation_cost": 19.793954288073998, "completition_cost": 0.0, "overshoot_cost": 52.88208740394924, "power_cost": 14.635501416015625, "noise_cost": 22.36212697545675, "n_waypoints_completed": 9, "tot_waypoints": 9}}
{"target": -184.1899684925825, "params": {"k_pid_pos": [0.5888329150061516, 0.005480260965859103, 0.0006058364223127114], "k_pid_alt": [1.8489026959680555, 0.004984915825838089, 0.009249478190590346], "k_pid_att": [24.05775808508656, 0.48235113303034355, 0.8072507503781466], "k_pid_yaw": [0.5, 1e-06, 0.1], "k_pid_hsp": [0.07292556141275787, 0.010639075248538249, 0.0], "k_pid_vsp": [113.6123640505657, 141.90622637303258, 6.662304866239083]}, "datetime": {"datetime": "2025-08-12 01:13:53", "elapsed": 31712.548924922943, "delta": 19.692434072494507}, "costs": {"total_cost": 184.1899684925825, "time_cost": 73.514, "final_distance_cost": 1.8011254321915449, "oscillation_cost": 21.079858698363886, "completition_cost": 0.0, "overshoot_cost": 51.51691031318949, "power_cost": 14.430602868652345, "noise_cost": 21.84747118018522, "n_waypoints_completed": 9, "tot_waypoints": 9}}
{"target": -181.84572905350643, "params": {"k_pid_pos": [0.5441447739420219, 0.005058490359360449, 0.0006695329570650492], "k_pid_alt": [2.0, 0.004402443998336269, 0.01300450244230078], "k_pid_att": [46.497904514458845, 0.4953473614655104, 0.9679504205910664], "k_pid_yaw": [0.5, 1e-06, 0.1], "k_pid_hsp": [0.09000410582173864, 0.011220205025960044, 0.0], "k_pid_vsp": [97.51838333296159, 105.9348532738375, 6.771173913761699]}, "datetime": {"datetime": "2025-08-12 01:14:11", "elapsed": 31730.49810194969, "delta": 17.949177026748657}, "costs": {"total_cost": 181.84572905350643, "time_cost": 72.205, "final_distance_cost": 1.8228957620536272, "oscillation_cost": 21.104274857779878, "completition_cost": 0.0, "overshoot_cost": 50.92969222079016, "power_cost": 14.230343383789064, "noise_cost": 21.55352282909367, "n_waypoints_completed": 9, "tot_waypoints": 9}}
{"target": -186.01341150978408, "params": {"k_pid_pos": [0.7157916018463961, 0.00634093072016615, 0.0005341877530116757], "k_pid_alt": [1.4327764622677774, 0.005581070055343186, 0.011073572169072827], "k_pid_att": [24.413930022321576, 0.4325711873148388, 0.968950611847588], "k_pid_yaw": [0.5, 1e-06, 0.1], "k_pid_hsp": [0.07002701684398725, 0.008780117303678803, 0.0], "k_pid_vsp": [138.8670372973248, 140.99816657059287, 7.2030722245911925]}, "datetime": {"datetime": "2025-08-12 01:14:29", "elapsed": 31749.339876651764, "delta": 18.841774702072144}, "costs": {"total_cost": 186.01341150978408, "time_cost": 73.374, "final_distance_cost": 1.8114179122050407, "oscillation_cost": 22.811839132192024, "completition_cost": 0.0, "overshoot_cost": 51.91483394694743, "power_cost": 14.449521740722657, "noise_cost": 21.651798777716948, "n_waypoints_completed": 9, "tot_waypoints": 9}}
{"target": -182.20020935117302, "params": {"k_pid_pos": [0.5474069075305089, 0.007547924325192488, 0.0006181003375904148], "k_pid_alt": [1.436827070168798, 0.004668649938866733, 0.01466965712577338], "k_pid_att": [22.61525455821778, 0.4017657878446575, 1.0], "k_pid_yaw": [0.5, 1e-06, 0.1], "k_pid_hsp": [0.11050420577339722, 0.0060298992029110335, 0.0], "k_pid_vsp": [125.54166466244506, 126.65569579637422, 6.618333193988438]}, "datetime": {"datetime": "2025-08-12 01:14:47", "elapsed": 31767.183485507965, "delta": 17.843608856201172}, "costs": {"total_cost": 182.20020935117302, "time_cost": 71.813, "final_distance_cost": 1.8317843704810104, "oscillation_cost": 21.52747640091138, "completition_cost": 0.0, "overshoot_cost": 51.207159396589105, "power_cost": 14.198437951660157, "noise_cost": 21.622351231531354, "n_waypoints_completed": 9, "tot_waypoints": 9}}
{"target": -183.30691897734016, "params": {"k_pid_pos": [0.8258839922655407, 0.006147279658628901, 0.0007684516223354449], "k_pid_alt": [2.0, 0.005845984544031037, 0.019553161805525382], "k_pid_att": [35.52990557755995, 0.3401237937822113, 1.0], "k_pid_yaw": [0.5, 1e-06, 0.1], "k_pid_hsp": [0.10454275511296024, 0.00810234548682789, 0.0], "k_pid_vsp": [111.86295388324312, 117.78283932254858, 5.860417345706591]}, "datetime": {"datetime": "2025-08-12 01:15:05", "elapsed": 31785.26509451866, "delta": 18.08160901069641}, "costs": {"total_cost": 183.30691897734016, "time_cost": 70.154, "final_distance_cost": 1.7963961726869473, "oscillation_cost": 25.50779926748252, "completition_cost": 0.0, "overshoot_cost": 51.14095906273905, "power_cost": 14.11655887451172, "noise_cost": 20.591205599919896, "n_waypoints_completed": 9, "tot_waypoints": 9}}
{"target": -182.90741707228557, "params": {"k_pid_pos": [0.679361266690245, 0.006670202037171895, 0.0006842685372440561], "k_pid_alt": [1.0782470647123301, 0.004720340952212413, 0.010748539815531498], "k_pid_att": [32.77993379708697, 0.35708723714062046, 0.9848102260255335], "k_pid_yaw": [0.5, 1e-06, 0.1], "k_pid_hsp": [0.09291457868569786, 0.008948771032763583, 0.0], "k_pid_vsp": [174.50491058998, 120.53849071863971, 2.4306401938313376]}, "datetime": {"datetime": "2025-08-12 01:15:24", "elapsed": 31803.97792506218, "delta": 18.712830543518066}, "costs": {"total_cost": 182.90741707228557, "time_cost": 71.505, "final_distance_cost": 1.8245677556057829, "oscillation_cost": 23.26453192449875, "completition_cost": 0.0, "overshoot_cost": 51.15433155017922, "power_cost": 14.16144930419922, "noise_cost": 20.99753653780261, "n_waypoints_completed": 9, "tot_waypoints": 9}}
{"target": -182.731139588372, "params": {"k_pid_pos": [0.7853543639434997, 0.006164450228081454, 0.0007272808683491293], "k_pid_alt": [1.4675624134443013, 0.003492593809681078, 0.012073738096185683], "k_pid_att": [20.584155583684606, 0.31808297180363204, 0.6959331405363048], "k_pid_yaw": [0.5, 1e-06, 0.1], "k_pid_hsp": [0.10090903472690634, 0.009023993299171145, 0.0], "k_pid_vsp": [142.21283678770922, 97.51280788030816, 5.123687456845089]}, "datetime": {"datetime": "2025-08-12 01:15:41", "elapsed": 31821.234755039215, "delta": 17.256829977035522}, "costs": {"total_cost": 182.731139588372, "time_cost": 70.287, "final_distance_cost": 1.813383658991861, "oscillation_cost": 24.89378143685654, "completition_cost": 0.0, "overshoot_cost": 50.912257403762595, "power_cost": 14.133845190429689, "noise_cost": 20.69087189833131, "n_waypoints_completed": 9, "tot_waypoints": 9}}
{"target": -182.20764920816825, "params": {"k_pid_pos": [0.5389430058994736, 0.004630976679638414, 0.0007860049225151332], "k_pid_alt": [1.6067162754726425, 0.005887992066582124, 0.01235926239608022], "k_pid_att": [22.751322685671095, 0.3628719545380468, 1.0], "k_pid_yaw": [0.5, 1e-06, 0.1], "k_pid_hsp": [0.10629351604336328, 0.009624251326581125, 0.0], "k_pid_vsp": [116.20934582331729, 106.0729363721601, 4.645200081118651]}, "datetime": {"datetime": "2025-08-12 01:16:00", "elapsed": 31839.766449451447, "delta": 18.531694412231445}, "costs": {"total_cost": 182.20764920816825, "time_cost": 71.82000000000001, "final_distance_cost": 1.8378442112232063, "oscillation_cost": 21.33880568788743, "completition_cost": 0.0, "overshoot_cost": 51.431431146640065, "power_cost": 14.18339979248047, "noise_cost": 21.59616836993708, "n_waypoints_completed": 9, "tot_waypoints": 9}}
{"target": -183.14287991212908, "params": {"k_pid_pos": [0.5448830694555115, 0.008374755772842427, 0.0007885679055197837], "k_pid_alt": [1.5928585203660972, 0.004703601378004251, 0.014466598283818993], "k_pid_att": [40.503102262507255, 0.35336960487492436, 0.9980532111747352], "k_pid_yaw": [0.5, 1e-06, 0.1], "k_pid_hsp": [0.0817162868889778, 0.013493986026543272, 0.0], "k_pid_vsp": [160.53637332264972, 140.3483777059135, 3.4973223271472107]}, "datetime": {"datetime": "2025-08-12 01:16:18", "elapsed": 31858.29429268837, "delta": 18.527843236923218}, "costs": {"total_cost": 183.14287991212908, "time_cost": 73.136, "final_distance_cost": 1.8353047461050003, "oscillation_cost": 21.179916435342744, "completition_cost": 0.0, "overshoot_cost": 51.104874611716525, "power_cost": 14.319539599609376, "noise_cost": 21.567244519355427, "n_waypoints_completed": 9, "tot_waypoints": 9}}
{"target": -184.13120328348035, "params": {"k_pid_pos": [0.48674815094604146, 0.006835774003088566, 0.0006158681849498625], "k_pid_alt": [1.6296507366599515, 0.006400457809368043, 0.018024504008937656], "k_pid_att": [31.261094963238822, 0.4354303607051387, 1.0], "k_pid_yaw": [0.5, 1e-06, 0.1], "k_pid_hsp": [0.11168803162995362, 0.014160345120333227, 0.0], "k_pid_vsp": [119.90538040773212, 105.81738741073883, 7.658197532355806]}, "datetime": {"datetime": "2025-08-12 01:16:37", "elapsed": 31877.33208990097, "delta": 19.037797212600708}, "costs": {"total_cost": 184.13120328348035, "time_cost": 73.08, "final_distance_cost": 1.846250307301331, "oscillation_cost": 21.41067107377173, "completition_cost": 0.0, "overshoot_cost": 51.080452245561986, "power_cost": 14.426086389160156, "noise_cost": 22.28774326768512, "n_waypoints_completed": 9, "tot_waypoints": 9}}
{"target": -187.53266877748464, "params": {"k_pid_pos": [0.6749479914576239, 0.003940459466323227, 0.0004098513746676684], "k_pid_alt": [1.5845798572902032, 0.0058470459574300705, 0.00634381017746252], "k_pid_att": [24.81903643150166, 0.4379481407868611, 0.7871591201428073], "k_pid_yaw": [0.5, 1e-06, 0.1], "k_pid_hsp": [0.061418736274742425, 0.009442188738489156, 0.0], "k_pid_vsp": [107.08217506397251, 127.52823808801107, 5.319083205619624]}, "datetime": {"datetime": "2025-08-12 01:16:57", "elapsed": 31896.632950782776, "delta": 19.30086088180542}, "costs": {"total_cost": 187.53266877748464, "time_cost": 74.55, "final_distance_cost": 1.76569595207122, "oscillation_cost": 21.63045979604403, "completition_cost": 0.0, "overshoot_cost": 52.69304882289266, "power_cost": 14.703715148925783, "noise_cost": 22.189749057550966, "n_waypoints_completed": 9, "tot_waypoints": 9}}
{"target": -181.9391733597797, "params": {"k_pid_pos": [0.5265676589746882, 0.007667427587085356, 0.0006327127796324531], "k_pid_alt": [1.5518429616446536, 0.0053011730264399875, 0.0037520477520792787], "k_pid_att": [23.55151126150686, 0.4238275480922842, 1.0], "k_pid_yaw": [0.5, 1e-06, 0.1], "k_pid_hsp": [0.09974049128926299, 0.006036525054742393, 0.0], "k_pid_vsp": [97.67437696725926, 117.42704676574499, 5.792888611929503]}, "datetime": {"datetime": "2025-08-12 01:17:15", "elapsed": 31914.849501371384, "delta": 18.216550588607788}, "costs": {"total_cost": 181.9391733597797, "time_cost": 72.163, "final_distance_cost": 1.8359434854535903, "oscillation_cost": 20.47140528810484, "completition_cost": 0.0, "overshoot_cost": 51.37085820188545, "power_cost": 14.316430688476563, "noise_cost": 21.78153569585924, "n_waypoints_completed": 9, "tot_waypoints": 9}}
{"target": -181.41090488612113, "params": {"k_pid_pos": [0.5763519049244873, 0.005106066170328556, 0.000576485754064877], "k_pid_alt": [1.2603370229812134, 0.004109724341019643, 0.00649027852306245], "k_pid_att": [29.921822195029076, 0.5059928129239837, 0.9452342028612003], "k_pid_yaw": [0.5, 1e-06, 0.1], "k_pid_hsp": [0.10336895832832822, 0.00714739148881187, 0.0], "k_pid_vsp": [144.76441436336427, 171.46392165085885, 6.326337442505352]}, "datetime": {"datetime": "2025-08-12 01:17:34", "elapsed": 31933.71693944931, "delta": 18.867438077926636}, "costs": {"total_cost": 181.41090488612113, "time_cost": 71.47, "final_distance_cost": 1.824910527250637, "oscillation_cost": 21.771757089930944, "completition_cost": 0.0, "overshoot_cost": 50.79842966523503, "power_cost": 14.199038623046876, "noise_cost": 21.346768980657657, "n_waypoints_completed": 9, "tot_waypoints": 9}}
{"target": -185.8569504822046, "params": {"k_pid_pos": [0.9056425329739325, 0.0064574361765603544, 0.0006874963500480679], "k_pid_alt": [1.6330978352790428, 0.006263921640531689, 0.010146378045279321], "k_pid_att": [19.680961914793713, 0.35100973465693364, 0.8283465567095739], "k_pid_yaw": [0.5, 1e-06, 0.1], "k_pid_hsp": [0.09453201067283344, 0.009546113631503346, 0.0], "k_pid_vsp": [96.9692208371639, 145.52427596271266, 6.237364665357975]}, "datetime": {"datetime": "2025-08-12 01:17:53", "elapsed": 31952.393006324768, "delta": 18.676066875457764}, "costs": {"total_cost": 185.8569504822046, "time_cost": 71.12, "final_distance_cost": 1.7925980827128023, "oscillation_cost": 26.932969893109433, "completition_cost": 0.0, "overshoot_cost": 50.717384352266464, "power_cost": 14.444388928222656, "noise_cost": 20.849609225893264, "n_waypoints_completed": 9, "tot_waypoints": 9}}
{"target": -182.16807545040098, "params": {"k_pid_pos": [0.6415386373923302, 0.006764668011279998, 0.0007487327338464418], "k_pid_alt": [1.7702838846057984, 0.004165893525766447, 0.00812742751768389], "k_pid_att": [25.64931589262261, 0.3657707092135604, 0.8535391084224694], "k_pid_yaw": [0.5, 1e-06, 0.1], "k_pid_hsp": [0.12023739345910034, 0.010648544035604932, 0.0], "k_pid_vsp": [120.1739308837219, 103.88349463402675, 5.34567804914177]}, "datetime": {"datetime": "2025-08-12 01:18:11", "elapsed": 31970.864077806473, "delta": 18.471071481704712}, "costs": {"total_cost": 182.16807545040098, "time_cost": 70.574, "final_distance_cost": 1.8216429024874852, "oscillation_cost": 23.640619792079168, "completition_cost": 0.0, "overshoot_cost": 50.96236157421161, "power_cost": 14.102757922363281, "noise_cost": 21.066693259259424, "n_waypoints_completed": 9, "tot_waypoints": 9}}
{"target": -182.22324720096222, "params": {"k_pid_pos": [0.6906445771297575, 0.00524722144278432, 0.0007579236746000064], "k_pid_alt": [1.1751096155939889, 0.004876349943955596, 0.009471908282772933], "k_pid_att": [29.1504747414686, 0.4232193196103223, 1.0], "k_pid_yaw": [0.5, 1e-06, 0.1], "k_pid_hsp": [0.09445877577878, 0.006541953699844875, 0.0], "k_pid_vsp": [126.58869124153074, 108.56347767594774, 5.882497333920537]}, "datetime": {"datetime": "2025-08-12 01:18:29", "elapsed": 31988.450684309006, "delta": 17.58660650253296}, "costs": {"total_cost": 182.22324720096222, "time_cost": 71.036, "final_distance_cost": 1.8220324946104287, "oscillation_cost": 22.967784332880775, "completition_cost": 0.0, "overshoot_cost": 51.37354290122247, "power_cost": 14.118557885742188, "noise_cost": 20.905329586506383, "n_waypoints_completed": 9, "tot_waypoints": 9}}
{"target": -182.88595209339422, "params": {"k_pid_pos": [0.5542797949079251, 0.008599742364941033, 0.0003939692044996511], "k_pid_alt": [2.0, 0.005171305516731924, 0.01233544864036988], "k_pid_att": [25.237974636018347, 0.2864843468039953, 0.9528764844119699], "k_pid_yaw": [0.5, 1e-06, 0.1], "k_pid_hsp": [0.10872381346384292, 0.006250089542119104, 0.0], "k_pid_vsp": [80.87344309507021, 83.46090837119279, 8.753138255700408]}, "datetime": {"datetime": "2025-08-12 01:18:47", "elapsed": 32006.634426116943, "delta": 18.183741807937622}, "costs": {"total_cost": 182.88595209339422, "time_cost": 71.848, "final_distance_cost": 1.8358479090355848, "oscillation_cost": 21.622945333363838, "completition_cost": 0.0, "overshoot_cost": 51.4865364031654, "power_cost": 15.933614892578126, "noise_cost": 20.159007555251268, "n_waypoints_completed": 9, "tot_waypoints": 9}}
{"target": -183.99225420294997, "params": {"k_pid_pos": [0.4370981566682944, 0.007159764646079002, 0.0003295825837307573], "k_pid_alt": [0.941576827609781, 0.004181348770701643, 0.010318901974030749], "k_pid_att": [33.803819069826666, 0.41395141459039353, 0.6443464459266882], "k_pid_yaw": [0.5, 1e-06, 0.1], "k_pid_hsp": [0.07582708179815563, 0.010368355436749991, 0.0], "k_pid_vsp": [87.57733284086612, 101.75746224649272, 5.135804258308803]}, "datetime": {"datetime": "2025-08-12 01:19:07", "elapsed": 32026.49018716812, "delta": 19.85576105117798}, "costs": {"total_cost": 183.99225420294997, "time_cost": 75.285, "final_distance_cost": 1.8232310762930288, "oscillation_cost": 18.014493806511652, "completition_cost": 0.0, "overshoot_cost": 51.80100304188986, "power_cost": 14.539207250976563, "noise_cost": 22.52931902727885, "n_waypoints_completed": 9, "tot_waypoints": 9}}
