{"target": -181.59071532962707, "params": {"k_pid_pos": [0.5458892306847957, 0.006706773288944614, 0.0004392319352553465], "k_pid_alt": [1.1837236721341153, 0.005478721808083853, 0.01137603965809048], "k_pid_att": [30.35858903183461, 0.4184882798875016, 0.8334349358954015], "k_pid_yaw": [0.5, 1e-06, 0.1], "k_pid_hsp": [0.08959919039681317, 0.005699325407586398, 0.0], "k_pid_vsp": [130.6201778800639, 142.94011472812943, 8.134204583437102]}, "datetime": {"datetime": "2025-08-12 01:42:35", "elapsed": 33434.37068748474, "delta": 18.3746280670166}, "costs": {"total_cost": 181.59071532962707, "time_cost": 72.352, "final_distance_cost": 1.8260289955364595, "oscillation_cost": 20.36259090706936, "completition_cost": 0.0, "overshoot_cost": 51.35483215458072, "power_cost": 14.168396252441408, "noise_cost": 21.52686701999912, "n_waypoints_completed": 9, "tot_waypoints": 9}}
{"target": -185.31476856019597, "params": {"k_pid_pos": [0.5441552306790064, 0.0084550402687964, 0.0008184009492511105], "k_pid_alt": [1.172337902811039, 0.004550511703944414, 0.007379196583748156], "k_pid_att": [30.130387559381234, 0.5004152626752955, 0.6212943343755449], "k_pid_yaw": [0.5, 1e-06, 0.1], "k_pid_hsp": [0.0685519510239705, 0.010903531403475561, 0.0], "k_pid_vsp": [122.91219078112083, 124.37929965693252, 5.188122192363026]}, "datetime": {"datetime": "2025-08-12 01:42:54", "elapsed": 33453.968131780624, "delta": 19.59744429588318}, "costs": {"total_cost": 185.31476856019597, "time_cost": 74.774, "final_distance_cost": 1.7997451384052159, "oscillation_cost": 19.923207578049478, "completition_cost": 0.0, "overshoot_cost": 52.118405359334275, "power_cost": 14.584552294921876, "noise_cost": 22.114858189485123, "n_waypoints_completed": 9, "tot_waypoints": 9}}
{"target": -187.96541572273114, "params": {"k_pid_pos": [0.3873183653751025, 0.006137824255418471, 0.00043796248925380047], "k_pid_alt": [1.2227924168640252, 0.00489155967799182, 0.0036823661461439935], "k_pid_att": [40.293018027810554, 0.3164244778501211, 0.6150168908563604], "k_pid_yaw": [0.5, 1e-06, 0.1], "k_pid_hsp": [0.09691619954210301, 0.011220636018432012, 0.0], "k_pid_vsp": [98.59005166991477, 136.8610089310072, 3.9974347084181745]}, "datetime": {"datetime": "2025-08-12 01:43:13", "elapsed": 33472.997057676315, "delta": 19.028925895690918}, "costs": {"total_cost": 187.96541572273114, "time_cost": 77.035, "final_distance_cost": 1.8575957441434157, "oscillation_cost": 18.398572047590957, "completition_cost": 0.0, "overshoot_cost": 51.72910129662608, "power_cost": 14.907186047363282, "noise_cost": 24.0379605870074, "n_waypoints_completed": 9, "tot_waypoints": 9}}
{"target": -181.92514212135006, "params": {"k_pid_pos": [0.6162790124845076, 0.00506507462138496, 0.0006768035260580719], "k_pid_alt": [1.583502206717901, 0.004036712414440653, 0.007973652467763494], "k_pid_att": [24.318812200870255, 0.4275172043412558, 0.5998518018651033], "k_pid_yaw": [0.5, 1e-06, 0.1], "k_pid_hsp": [0.10355358125405252, 0.008935253896957368, 0.0], "k_pid_vsp": [85.48370572802371, 101.75148218995567, 8.380638180189127]}, "datetime": {"datetime": "2025-08-12 01:43:32", "elapsed": 33491.63439321518, "delta": 18.637335538864136}, "costs": {"total_cost": 181.92514212135006, "time_cost": 70.938, "final_distance_cost": 1.8274641261284672, "oscillation_cost": 22.92718460340331, "completition_cost": 0.0, "overshoot_cost": 50.835180416160654, "power_cost": 14.3227224609375, "noise_cost": 21.0745905147201, "n_waypoints_completed": 9, "tot_waypoints": 9}}
{"target": -181.45374133447973, "params": {"k_pid_pos": [0.5972160522446861, 0.006097702628773162, 0.0005787026311523091], "k_pid_alt": [1.385506283656399, 0.004762220364879832, 0.0068431854529357366], "k_pid_att": [33.952910596790126, 0.47281258067344495, 0.9389377652607832], "k_pid_yaw": [0.5, 1e-06, 0.1], "k_pid_hsp": [0.09305698646089267, 0.006489042104436262, 0.0], "k_pid_vsp": [85.22602567716608, 118.66691351976921, 5.682808612243449]}, "datetime": {"datetime": "2025-08-12 01:43:49", "elapsed": 33508.85145735741, "delta": 17.217064142227173}, "costs": {"total_cost": 181.45374133447973, "time_cost": 71.46300000000001, "final_distance_cost": 1.8187401725958507, "oscillation_cost": 21.599782826552904, "completition_cost": 0.0, "overshoot_cost": 51.20902002889362, "power_cost": 14.073652258300783, "noise_cost": 21.289546048136557, "n_waypoints_completed": 9, "tot_waypoints": 9}}
{"target": -182.09730978368714, "params": {"k_pid_pos": [0.7471520208417823, 0.005574585873501264, 0.0007376148498326782], "k_pid_alt": [1.4724224522800171, 0.0055274712049263215, 0.008770334708554489], "k_pid_att": [19.927445680889267, 0.2905324359023495, 0.7661130627891407], "k_pid_yaw": [0.5, 1e-06, 0.1], "k_pid_hsp": [0.13877138318871815, 0.008879986101091891, 0.0], "k_pid_vsp": [122.28484869604345, 121.95183732850973, 6.948597236218589]}, "datetime": {"datetime": "2025-08-12 01:44:08", "elapsed": 33527.44822335243, "delta": 18.596765995025635}, "costs": {"total_cost": 182.09730978368714, "time_cost": 69.685, "final_distance_cost": 1.8170026407713058, "oscillation_cost": 25.311126172160687, "completition_cost": 0.0, "overshoot_cost": 50.4837911198981, "power_cost": 14.043405578613282, "noise_cost": 20.756984272243745, "n_waypoints_completed": 9, "tot_waypoints": 9}}
{"target": -182.61383278129432, "params": {"k_pid_pos": [0.7097291278278627, 0.005561714736381992, 0.0007439470794103417], "k_pid_alt": [0.8728013879377897, 0.0066033553467954795, 0.007141109357051982], "k_pid_att": [16.740332069477144, 0.3168013105738806, 1.0], "k_pid_yaw": [0.5, 1e-06, 0.1], "k_pid_hsp": [0.11553775041105374, 0.008848388083748944, 0.0], "k_pid_vsp": [118.55255534939533, 92.43593866632519, 2.7249773361761256]}, "datetime": {"datetime": "2025-08-12 01:44:25", "elapsed": 33544.97472190857, "delta": 17.526498556137085}, "costs": {"total_cost": 182.61383278129432, "time_cost": 71.036, "final_distance_cost": 1.829318480403885, "oscillation_cost": 24.110140281040998, "completition_cost": 0.0, "overshoot_cost": 50.71115941508586, "power_cost": 14.136240942382813, "noise_cost": 20.790973662380768, "n_waypoints_completed": 9, "tot_waypoints": 9}}
{"target": -181.64652163533006, "params": {"k_pid_pos": [0.570124812023464, 0.005663101393491607, 0.0006296429062304173], "k_pid_alt": [1.4538076750316165, 0.005255459349486106, 0.007966059425756759], "k_pid_att": [29.454086108023347, 0.34939239464655564, 1.0], "k_pid_yaw": [0.5, 1e-06, 0.1], "k_pid_hsp": [0.1045213868685435, 0.007052937658123031, 0.0], "k_pid_vsp": [122.78216371306672, 134.213416199917, 4.035971880134624]}, "datetime": {"datetime": "2025-08-12 01:44:43", "elapsed": 33563.21944594383, "delta": 18.24472403526306}, "costs": {"total_cost": 181.64652163533006, "time_cost": 71.414, "final_distance_cost": 1.8301665480708618, "oscillation_cost": 21.616583778487723, "completition_cost": 0.0, "overshoot_cost": 51.16743127874338, "power_cost": 14.168167565917969, "noise_cost": 21.45017246411012, "n_waypoints_completed": 9, "tot_waypoints": 9}}
{"target": -196.96515348943385, "params": {"k_pid_pos": [0.3521700884297707, 0.0052539659968513265, 0.0007462030794577939], "k_pid_alt": [1.3532676886209831, 0.003649900793830388, 0.007941607402970655], "k_pid_att": [41.36097765309827, 0.19916310361302855, 0.9227830488260307], "k_pid_yaw": [0.5, 1e-06, 0.1], "k_pid_hsp": [0.13001059944236637, 0.007412210572030585, 0.0], "k_pid_vsp": [130.9148392239114, 137.7202611478052, 5.559257808631884]}, "datetime": {"datetime": "2025-08-12 01:45:04", "elapsed": 33583.86174440384, "delta": 20.642298460006714}, "costs": {"total_cost": 196.96515348943385, "time_cost": 82.061, "final_distance_cost": 1.8596345004732866, "oscillation_cost": 18.68603075853667, "completition_cost": 0.0, "overshoot_cost": 52.29325028974493, "power_cost": 15.761346179199219, "noise_cost": 26.303891761479715, "n_waypoints_completed": 9, "tot_waypoints": 9}}
{"target": -182.6347995914537, "params": {"k_pid_pos": [0.783340114988194, 0.00697394637065922, 0.0004716293737929843], "k_pid_alt": [1.257184243692058, 0.0038385786554893677, 0.00533816168411497], "k_pid_att": [34.823194521898415, 0.3857171585442627, 1.0], "k_pid_yaw": [0.5, 1e-06, 0.1], "k_pid_hsp": [0.11265480670126443, 0.01136623488491526, 0.0], "k_pid_vsp": [103.82656903539782, 150.26552945338727, 4.320403098277478]}, "datetime": {"datetime": "2025-08-12 01:45:21", "elapsed": 33600.86067080498, "delta": 16.998926401138306}, "costs": {"total_cost": 182.6347995914537, "time_cost": 69.902, "final_distance_cost": 1.81546442456722, "oscillation_cost": 25.86334571807725, "completition_cost": 0.0, "overshoot_cost": 50.3362290488307, "power_cost": 14.153613854980469, "noise_cost": 20.564146544998078, "n_waypoints_completed": 9, "tot_waypoints": 9}}
{"target": -182.15569519270318, "params": {"k_pid_pos": [0.6664610408640197, 0.005063182332998819, 0.0007584003110495473], "k_pid_alt": [1.6201644863185753, 0.002734399541996649, 0.008657065653807377], "k_pid_att": [27.135382513144663, 0.4715915184230462, 0.9888783764882723], "k_pid_yaw": [0.5, 1e-06, 0.1], "k_pid_hsp": [0.09519956553779448, 0.01133063621238288, 0.0], "k_pid_vsp": [102.07577965133049, 130.14556880832924, 6.335628290227317]}, "datetime": {"datetime": "2025-08-12 01:45:39", "elapsed": 33619.19732284546, "delta": 18.336652040481567}, "costs": {"total_cost": 182.15569519270318, "time_cost": 70.973, "final_distance_cost": 1.8078115428502493, "oscillation_cost": 23.385414639496318, "completition_cost": 0.0, "overshoot_cost": 50.80097198511485, "power_cost": 14.232705688476564, "noise_cost": 20.9557913367652, "n_waypoints_completed": 9, "tot_waypoints": 9}}
{"target": -185.7755553483091, "params": {"k_pid_pos": [0.663409538510266, 0.007026281047186584, 0.0009077218769311564], "k_pid_alt": [1.5203542177957672, 0.004021295936354955, 0.0020049552387664065], "k_pid_att": [37.67783455345958, 0.3161591246640269, 0.9868328035917443], "k_pid_yaw": [0.5, 1e-06, 0.1], "k_pid_hsp": [0.07122803950920002, 0.007540928396680891, 0.0], "k_pid_vsp": [130.19868281624613, 112.83827702205345, 6.4038104837476055]}, "datetime": {"datetime": "2025-08-12 01:45:57", "elapsed": 33637.136724710464, "delta": 17.939401865005493}, "costs": {"total_cost": 185.7755553483091, "time_cost": 73.59100000000001, "final_distance_cost": 1.8160910750671737, "oscillation_cost": 21.7979817397204, "completition_cost": 0.0, "overshoot_cost": 52.404573299397924, "power_cost": 14.372617199707031, "noise_cost": 21.79329203441653, "n_waypoints_completed": 9, "tot_waypoints": 9}}
{"target": -181.71098612228687, "params": {"k_pid_pos": [0.5838124106349308, 0.005974744128696298, 0.0007672089174946893], "k_pid_alt": [1.586952161296945, 0.004293495369832978, 0.003989041394366031], "k_pid_att": [16.208002431777604, 0.35701853308798137, 0.9059028624995952], "k_pid_yaw": [0.5, 1e-06, 0.1], "k_pid_hsp": [0.10169598910897311, 0.007780823003725626, 0.0], "k_pid_vsp": [145.94964985188702, 155.56293350294342, 3.6982320693275206]}, "datetime": {"datetime": "2025-08-12 01:46:16", "elapsed": 33656.161650419235, "delta": 19.024925708770752}, "costs": {"total_cost": 181.71098612228687, "time_cost": 71.302, "final_distance_cost": 1.8138131233846218, "oscillation_cost": 21.67957318884022, "completition_cost": 0.0, "overshoot_cost": 51.45844860680473, "power_cost": 14.16603017578125, "noise_cost": 21.29112102747605, "n_waypoints_completed": 9, "tot_waypoints": 9}}
{"target": -181.9882182388589, "params": {"k_pid_pos": [0.7304439534987072, 0.005414078474267274, 0.0007009908895306573], "k_pid_alt": [1.529986279751452, 0.0041345390929669055, 0.0057235658335739155], "k_pid_att": [26.6058667933443, 0.4293054343766656, 0.9022213032816874], "k_pid_yaw": [0.5, 1e-06, 0.1], "k_pid_hsp": [0.09960971451213435, 0.009759861089120393, 0.0], "k_pid_vsp": [133.19977350011007, 104.09972245387382, 4.951450794234704]}, "datetime": {"datetime": "2025-08-12 01:46:34", "elapsed": 33674.13686776161, "delta": 17.97521734237671}, "costs": {"total_cost": 181.9882182388589, "time_cost": 70.49, "final_distance_cost": 1.7972351041526349, "oscillation_cost": 24.027725244449424, "completition_cost": 0.0, "overshoot_cost": 50.7426598299714, "power_cost": 14.16741385498047, "noise_cost": 20.763184205304942, "n_waypoints_completed": 9, "tot_waypoints": 9}}
{"target": -183.66148753614766, "params": {"k_pid_pos": [0.4512604062062015, 0.004901721039461426, 0.0007275875014178572], "k_pid_alt": [1.7634862322923677, 0.005621508012166588, 0.011371031560711627], "k_pid_att": [19.448588409461895, 0.3183320441058879, 0.6500228524770421], "k_pid_yaw": [0.5, 1e-06, 0.1], "k_pid_hsp": [0.10240357087194037, 0.009014752440786812, 0.0], "k_pid_vsp": [106.40240179133622, 110.40202815166124, 5.431296105950028]}, "datetime": {"datetime": "2025-08-12 01:46:53", "elapsed": 33692.38920521736, "delta": 18.25233745574951}, "costs": {"total_cost": 183.66148753614766, "time_cost": 73.794, "final_distance_cost": 1.8482004546060273, "oscillation_cost": 19.68158406623467, "completition_cost": 0.0, "overshoot_cost": 51.52672866080437, "power_cost": 14.33789715576172, "noise_cost": 22.473077198740903, "n_waypoints_completed": 9, "tot_waypoints": 9}}
{"target": -181.6187573308735, "params": {"k_pid_pos": [0.6939878358162676, 0.005821839421021058, 0.0006228389078266847], "k_pid_alt": [1.630210937106699, 0.005069208245285303, 0.0070294298376881404], "k_pid_att": [20.692167860556093, 0.3248036545110949, 0.9921586409008119], "k_pid_yaw": [0.5, 1e-06, 0.1], "k_pid_hsp": [0.10025486152214656, 0.007889119763985488, 0.0], "k_pid_vsp": [134.24765600059925, 131.32641709193214, 4.501392001621188]}, "datetime": {"datetime": "2025-08-12 01:47:11", "elapsed": 33710.41751790047, "delta": 18.02831268310547}, "costs": {"total_cost": 181.6187573308735, "time_cost": 70.553, "final_distance_cost": 1.8244567636265347, "oscillation_cost": 23.267082166960762, "completition_cost": 0.0, "overshoot_cost": 50.91529556149642, "power_cost": 14.117232141113282, "noise_cost": 20.9416906976765, "n_waypoints_completed": 9, "tot_waypoints": 9}}
{"target": -185.29254827283265, "params": {"k_pid_pos": [0.43469232951295034, 0.0052852480718240885, 0.000711656351339712], "k_pid_alt": [1.155773575664851, 0.005014356834313334, 0.005440575534590521], "k_pid_att": [23.873921144535554, 0.08475222340793537, 0.9738596483618286], "k_pid_yaw": [0.5, 1e-06, 0.1], "k_pid_hsp": [0.10480969161853192, 0.009834380704488561, 0.0], "k_pid_vsp": [109.0391824992772, 124.36300459331592, 7.16006570867651]}, "datetime": {"datetime": "2025-08-12 01:47:29", "elapsed": 33728.83434844017, "delta": 18.41683053970337}, "costs": {"total_cost": 185.29254827283265, "time_cost": 74.851, "final_distance_cost": 1.8554576948681807, "oscillation_cost": 19.648159566510856, "completition_cost": 0.0, "overshoot_cost": 51.55165020302262, "power_cost": 14.564008593750001, "noise_cost": 22.82227221468099, "n_waypoints_completed": 9, "tot_waypoints": 9}}
{"target": -183.70886677251974, "params": {"k_pid_pos": [0.7034036224569533, 0.006682967464243455, 0.0007017850390607904], "k_pid_alt": [1.7508267725798536, 0.004241689257376247, 0.00909399477402369], "k_pid_att": [26.21555027663877, 0.47816485248757495, 0.9133266698502537], "k_pid_yaw": [0.5, 1e-06, 0.1], "k_pid_hsp": [0.08856311240510693, 0.010686323281541052, 0.0], "k_pid_vsp": [144.10121673690102, 110.36907116451162, 3.861848307357136]}, "datetime": {"datetime": "2025-08-12 01:47:47", "elapsed": 33747.24244093895, "delta": 18.408092498779297}, "costs": {"total_cost": 183.70886677251974, "time_cost": 71.603, "final_distance_cost": 1.8176108176895676, "oscillation_cost": 23.77090725350861, "completition_cost": 0.0, "overshoot_cost": 51.060862174287315, "power_cost": 14.311226672363281, "noise_cost": 21.14525985467096, "n_waypoints_completed": 9, "tot_waypoints": 9}}
{"target": -186.9506114207977, "params": {"k_pid_pos": [0.40861105636099265, 0.005905315570877097, 0.0006057524951161735], "k_pid_alt": [1.4571652252165583, 0.00468882508009346, 0.003343713086117459], "k_pid_att": [32.38165417347319, 0.27173404339471124, 0.8970600858715697], "k_pid_yaw": [0.5, 1e-06, 0.1], "k_pid_hsp": [0.10879008269200892, 0.008745060724949084, 0.0], "k_pid_vsp": [151.98800132348197, 126.83376244264048, 6.652766145230692]}, "datetime": {"datetime": "2025-08-12 01:48:06", "elapsed": 33765.63766670227, "delta": 18.395225763320923}, "costs": {"total_cost": 186.9506114207977, "time_cost": 75.88, "final_distance_cost": 1.8541440470780697, "oscillation_cost": 19.244207331485413, "completition_cost": 0.0, "overshoot_cost": 51.76555459888498, "power_cost": 14.704147717285156, "noise_cost": 23.502557726064076, "n_waypoints_completed": 9, "tot_waypoints": 9}}
{"target": -184.61718085075157, "params": {"k_pid_pos": [0.5580766796541607, 0.006505373193786631, 0.0006247755303921918], "k_pid_alt": [1.0107245643228218, 0.005447193564771645, 0.00996356604631904], "k_pid_att": [41.497178265192765, 0.3732457420730228, 0.8772613014272435], "k_pid_yaw": [0.5, 1e-06, 0.1], "k_pid_hsp": [0.07586211878944694, 0.007692001921706476, 0.0], "k_pid_vsp": [112.25388911774071, 76.24526382240127, 4.191083331868379]}, "datetime": {"datetime": "2025-08-12 01:48:25", "elapsed": 33784.96169877052, "delta": 19.324032068252563}, "costs": {"total_cost": 184.61718085075157, "time_cost": 74.305, "final_distance_cost": 1.797362934075741, "oscillation_cost": 20.034464794692482, "completition_cost": 0.0, "overshoot_cost": 52.09016287267581, "power_cost": 14.424632873535156, "noise_cost": 21.965557375772367, "n_waypoints_completed": 9, "tot_waypoints": 9}}
{"target": -185.87260322882426, "params": {"k_pid_pos": [0.6983739667142205, 0.006673251111579164, 0.000643374147220624], "k_pid_alt": [1.3790799968270093, 0.004167328944145911, 0.007109173105962988], "k_pid_att": [36.468475956592236, 0.17283941151090235, 0.6820068561215457], "k_pid_yaw": [0.5, 1e-06, 0.1], "k_pid_hsp": [0.07245305919866861, 0.00662105726811335, 0.0], "k_pid_vsp": [117.0955798212637, 123.35377993697125, 6.993963599411043]}, "datetime": {"datetime": "2025-08-12 01:48:43", "elapsed": 33802.58577919006, "delta": 17.624080419540405}, "costs": {"total_cost": 185.87260322882426, "time_cost": 73.465, "final_distance_cost": 1.7746415358557945, "oscillation_cost": 22.4172660844054, "completition_cost": 0.0, "overshoot_cost": 52.04705675989608, "power_cost": 14.489024377441407, "noise_cost": 21.67961447122556, "n_waypoints_completed": 9, "tot_waypoints": 9}}
{"target": -182.4479205286979, "params": {"k_pid_pos": [0.5394867352772484, 0.00366993742626266, 0.0008387115270946985], "k_pid_alt": [1.3560313605986594, 0.005546478883434322, 0.007162235801182744], "k_pid_att": [35.500132958496195, 0.3853055496087186, 0.8045425883240146], "k_pid_yaw": [0.5, 1e-06, 0.1], "k_pid_hsp": [0.08694781720184298, 0.01268933433838767, 0.0], "k_pid_vsp": [97.60683577980296, 85.23739963262562, 8.41920026064871]}, "datetime": {"datetime": "2025-08-12 01:49:01", "elapsed": 33820.80690431595, "delta": 18.22112512588501}, "costs": {"total_cost": 182.4479205286979, "time_cost": 72.324, "final_distance_cost": 1.8314365720849202, "oscillation_cost": 20.996057816498602, "completition_cost": 0.0, "overshoot_cost": 51.370214204636476, "power_cost": 14.685612365722656, "noise_cost": 21.240599569755222, "n_waypoints_completed": 9, "tot_waypoints": 9}}
{"target": -188.7168044792315, "params": {"k_pid_pos": [1.0625301208829967, 0.00469634204276171, 0.0007216741533152188], "k_pid_alt": [1.5131914198359155, 0.00513800336898928, 0.0065507840284132176], "k_pid_att": [32.3055605314476, 0.3253407844700068, 1.0], "k_pid_yaw": [0.5, 1e-06, 0.1], "k_pid_hsp": [0.09532939621591445, 0.007919657119755896, 0.0], "k_pid_vsp": [104.51609413213502, 123.07008708151545, 6.787008992301222]}, "datetime": {"datetime": "2025-08-12 01:49:19", "elapsed": 33839.01339316368, "delta": 18.206488847732544}, "costs": {"total_cost": 188.7168044792315, "time_cost": 71.46300000000001, "final_distance_cost": 1.7706567738698624, "oscillation_cost": 28.707715493347532, "completition_cost": 0.0, "overshoot_cost": 51.08010270136495, "power_cost": 14.688875207519532, "noise_cost": 21.0064543031296, "n_waypoints_completed": 9, "tot_waypoints": 9}}
{"target": -182.5781083548764, "params": {"k_pid_pos": [0.7182075941057912, 0.006052254607477051, 0.000498568537133216], "k_pid_alt": [1.2807843903215719, 0.0032845545557885756, 0.005977726201476575], "k_pid_att": [35.49579248570185, 0.40056536021328704, 0.8765709703402337], "k_pid_yaw": [0.5, 1e-06, 0.1], "k_pid_hsp": [0.09571830391926535, 0.011640403448201905, 0.0], "k_pid_vsp": [111.98578918990626, 177.45682640785685, 4.866797873649134]}, "datetime": {"datetime": "2025-08-12 01:49:37", "elapsed": 33856.42993617058, "delta": 17.416543006896973}, "costs": {"total_cost": 182.5781083548764, "time_cost": 71.092, "final_distance_cost": 1.807618060923315, "oscillation_cost": 24.351048135122888, "completition_cost": 0.0, "overshoot_cost": 50.17891216810221, "power_cost": 14.303713891601562, "noise_cost": 20.844816099126394, "n_waypoints_completed": 9, "tot_waypoints": 9}}
{"target": -182.3654741710296, "params": {"k_pid_pos": [0.7672336250819658, 0.005620654581963804, 0.000728073861936616], "k_pid_alt": [1.5350346952743987, 0.00467785851126191, 0.006979297884701488], "k_pid_att": [45.848469505365465, 0.4759460736116354, 1.0], "k_pid_yaw": [0.5, 1e-06, 0.1], "k_pid_hsp": [0.103915832006587, 0.007193960099911062, 0.0], "k_pid_vsp": [131.78026175363598, 111.38677313989153, 5.713323063381238]}, "datetime": {"datetime": "2025-08-12 01:49:54", "elapsed": 33874.17793345451, "delta": 17.747997283935547}, "costs": {"total_cost": 182.3654741710296, "time_cost": 70.182, "final_distance_cost": 1.812543790954442, "oscillation_cost": 24.496310117193993, "completition_cost": 0.0, "overshoot_cost": 50.93664965802165, "power_cost": 14.097141918945313, "noise_cost": 20.840828685914197, "n_waypoints_completed": 9, "tot_waypoints": 9}}
