{"target": -182.1361803078573, "params": {"k_pid_pos": [0.5885723668258964, 0.005055802401895181, 0.0006351150415799767], "k_pid_alt": [1.6995822568349404, 0.0038078804412282606, 0.013480597945443309], "k_pid_att": [24.188732241627903, 0.40992555653475643, 0.9349008652741437], "k_pid_yaw": [0.5, 1e-06, 0.1], "k_pid_hsp": [0.11949410773892939, 0.007046517987968191, 0.0], "k_pid_vsp": [98.07478761934703, 150.29983246262736, 4.455487884492695]}, "datetime": {"datetime": "2025-08-12 01:27:04", "elapsed": 32504.01684641838, "delta": 18.37578248977661}, "costs": {"total_cost": 182.1361803078573, "time_cost": 71.155, "final_distance_cost": 1.831743781173387, "oscillation_cost": 22.94281578422963, "completition_cost": 0.0, "overshoot_cost": 50.745006019333104, "power_cost": 14.168308398437501, "noise_cost": 21.2933063246837, "n_waypoints_completed": 9, "tot_waypoints": 9}}
{"target": -183.6395734375843, "params": {"k_pid_pos": [0.522048342181488, 0.005612155616913649, 0.0005884037912895581], "k_pid_alt": [1.5421185968347129, 0.006564316286878207, 0.012165206648188114], "k_pid_att": [34.09863942646147, 0.39362406514292253, 1.0], "k_pid_yaw": [0.5, 1e-06, 0.1], "k_pid_hsp": [0.122821562506773, 0.008614096459787765, 0.0], "k_pid_vsp": [100.6506765857135, 122.36036434349677, 4.490102617959491]}, "datetime": {"datetime": "2025-08-12 01:27:23", "elapsed": 32522.48049712181, "delta": 18.463650703430176}, "costs": {"total_cost": 183.6395734375843, "time_cost": 72.289, "final_distance_cost": 1.8444409960818937, "oscillation_cost": 21.9892206137912, "completition_cost": 0.0, "overshoot_cost": 51.22236410395119, "power_cost": 14.335174841308595, "noise_cost": 21.95937288245139, "n_waypoints_completed": 9, "tot_waypoints": 9}}
{"target": -182.3562503327076, "params": {"k_pid_pos": [0.5116314653081905, 0.00508277725935082, 0.0006916315563298079], "k_pid_alt": [1.6865698682286672, 0.005489775322738373, 0.015607116171780414], "k_pid_att": [32.81685769749131, 0.3733205552340937, 0.7860879018740987], "k_pid_yaw": [0.5, 1e-06, 0.1], "k_pid_hsp": [0.10440438003358377, 0.007755021319721139, 0.0], "k_pid_vsp": [99.04750496173945, 137.12325256245083, 4.486929041160597]}, "datetime": {"datetime": "2025-08-12 01:27:41", "elapsed": 32540.66859126091, "delta": 18.18809413909912}, "costs": {"total_cost": 182.3562503327076, "time_cost": 72.289, "final_distance_cost": 1.8335216254238385, "oscillation_cost": 20.771123975634406, "completition_cost": 0.0, "overshoot_cost": 51.32675787122769, "power_cost": 14.282096215820314, "noise_cost": 21.85375064460134, "n_waypoints_completed": 9, "tot_waypoints": 9}}
{"target": -182.1817134820809, "params": {"k_pid_pos": [0.6808241814960293, 0.007127656534853647, 0.0005781522965022035], "k_pid_alt": [1.4677774500159655, 0.006322301109098265, 0.011286492238406179], "k_pid_att": [28.770186644985113, 0.43633143669995395, 0.6436437006137431], "k_pid_yaw": [0.5, 1e-06, 0.1], "k_pid_hsp": [0.10472222283781507, 0.005340592245710843, 0.0], "k_pid_vsp": [142.36116504152338, 125.24221995786458, 4.366834904765857]}, "datetime": {"datetime": "2025-08-12 01:27:59", "elapsed": 32559.14701485634, "delta": 18.478423595428467}, "costs": {"total_cost": 182.1817134820809, "time_cost": 70.616, "final_distance_cost": 1.8183819545219673, "oscillation_cost": 23.087297829870277, "completition_cost": 0.0, "overshoot_cost": 51.5397887943326, "power_cost": 14.119019433593751, "noise_cost": 21.001225469762275, "n_waypoints_completed": 9, "tot_waypoints": 9}}
{"target": -182.21144402818646, "params": {"k_pid_pos": [0.6047008995748381, 0.005975112793125261, 0.0007916834157334739], "k_pid_alt": [1.4709640723060433, 0.005566609252336603, 0.012461962185891143], "k_pid_att": [22.030420197557703, 0.2686519288522768, 0.7853407268477813], "k_pid_yaw": [0.5, 1e-06, 0.1], "k_pid_hsp": [0.11541219874845232, 0.009652380833472654, 0.0], "k_pid_vsp": [90.1836988893565, 111.98379444092423, 4.582462327686795]}, "datetime": {"datetime": "2025-08-12 01:28:17", "elapsed": 32577.164602041245, "delta": 18.017587184906006}, "costs": {"total_cost": 182.21144402818646, "time_cost": 70.903, "final_distance_cost": 1.8348892365676328, "oscillation_cost": 23.05125608563557, "completition_cost": 0.0, "overshoot_cost": 51.051483570277725, "power_cost": 14.143429406738282, "noise_cost": 21.227385728967253, "n_waypoints_completed": 9, "tot_waypoints": 9}}
{"target": -181.5059832720134, "params": {"k_pid_pos": [0.5248536031260462, 0.004953529924993139, 0.0006175361898257573], "k_pid_alt": [1.1557916548990386, 0.005024304497946656, 0.013960007697956535], "k_pid_att": [33.67208464554551, 0.3581052672028095, 0.8604062844427226], "k_pid_yaw": [0.5, 1e-06, 0.1], "k_pid_hsp": [0.09382097698852863, 0.009181856303627426, 0.0], "k_pid_vsp": [103.42406445256101, 106.38691339269819, 3.410168579296888]}, "datetime": {"datetime": "2025-08-12 01:28:36", "elapsed": 32595.675736665726, "delta": 18.5111346244812}, "costs": {"total_cost": 181.5059832720134, "time_cost": 72.324, "final_distance_cost": 1.8245257801186119, "oscillation_cost": 20.51836603976806, "completition_cost": 0.0, "overshoot_cost": 51.057042690610956, "power_cost": 14.169498657226564, "noise_cost": 21.612550104289202, "n_waypoints_completed": 9, "tot_waypoints": 9}}
{"target": -181.569459596875, "params": {"k_pid_pos": [0.6271139058844771, 0.006839436023000425, 0.0007704782605804909], "k_pid_alt": [1.5969221485910892, 0.004575365064442554, 0.010183756727897857], "k_pid_att": [25.225622765660017, 0.5182891728288027, 0.6462513703642376], "k_pid_yaw": [0.5, 1e-06, 0.1], "k_pid_hsp": [0.10916238182229437, 0.009374432393899597, 0.0], "k_pid_vsp": [108.08221425779168, 148.19288449471728, 4.335095572611068]}, "datetime": {"datetime": "2025-08-12 01:28:54", "elapsed": 32613.97861623764, "delta": 18.302879571914673}, "costs": {"total_cost": 181.569459596875, "time_cost": 70.686, "final_distance_cost": 1.8326590368525364, "oscillation_cost": 23.28444480403426, "completition_cost": 0.0, "overshoot_cost": 50.69283150939008, "power_cost": 14.14136541748047, "noise_cost": 20.932158829117625, "n_waypoints_completed": 9, "tot_waypoints": 9}}
{"target": -185.15127096615265, "params": {"k_pid_pos": [0.7507135386827185, 0.006294280295433319, 0.0007130680800347997], "k_pid_alt": [1.9124310748274604, 0.004824842845700933, 0.01199800425304149], "k_pid_att": [32.778019694156846, 0.2776349178996407, 1.0], "k_pid_yaw": [0.5, 1e-06, 0.1], "k_pid_hsp": [0.07735455105407207, 0.011539695272603692, 0.0], "k_pid_vsp": [132.62921582960152, 148.67803881018207, 6.268215199711256]}, "datetime": {"datetime": "2025-08-12 01:29:12", "elapsed": 32632.30004143715, "delta": 18.321425199508667}, "costs": {"total_cost": 185.15127096615265, "time_cost": 72.212, "final_distance_cost": 1.7829213661208052, "oscillation_cost": 24.36331357653694, "completition_cost": 0.0, "overshoot_cost": 51.15751337667634, "power_cost": 14.461519592285157, "noise_cost": 21.17400305453342, "n_waypoints_completed": 9, "tot_waypoints": 9}}
{"target": -182.20914731095522, "params": {"k_pid_pos": [0.6675426167236106, 0.0046251641648889326, 0.0006598785798920789], "k_pid_alt": [1.5185880054504184, 0.0047265371753647464, 0.015493936395163029], "k_pid_att": [24.711661001099984, 0.4300854502201806, 1.0], "k_pid_yaw": [0.5, 1e-06, 0.1], "k_pid_hsp": [0.11789141303347, 0.003951066206066923, 0.0], "k_pid_vsp": [88.24179293765128, 101.94376460005428, 4.708984746099424]}, "datetime": {"datetime": "2025-08-12 01:29:30", "elapsed": 32650.132839679718, "delta": 17.83279824256897}, "costs": {"total_cost": 182.20914731095522, "time_cost": 70.595, "final_distance_cost": 1.819731942482033, "oscillation_cost": 23.44503173807385, "completition_cost": 0.0, "overshoot_cost": 51.11739283462139, "power_cost": 14.116579736328125, "noise_cost": 21.1154110594498, "n_waypoints_completed": 9, "tot_waypoints": 9}}
{"target": -182.2482935217577, "params": {"k_pid_pos": [0.6832553774876257, 0.006452067082001349, 0.000810062033812131], "k_pid_alt": [1.6158468139926851, 0.005143455381661889, 0.020497474668910456], "k_pid_att": [25.28308394614545, 0.31716204488437444, 0.9767755527503453], "k_pid_yaw": [0.5, 1e-06, 0.1], "k_pid_hsp": [0.12927764722026172, 0.011668307912047307, 0.0], "k_pid_vsp": [124.77958658363093, 142.97978015178168, 6.398507384152757]}, "datetime": {"datetime": "2025-08-12 01:29:49", "elapsed": 32668.389569044113, "delta": 18.25672936439514}, "costs": {"total_cost": 182.2482935217577, "time_cost": 70.042, "final_distance_cost": 1.8247213164020797, "oscillation_cost": 24.81462986303786, "completition_cost": 0.0, "overshoot_cost": 50.44460260047266, "power_cost": 14.198382141113282, "noise_cost": 20.923957600731804, "n_waypoints_completed": 9, "tot_waypoints": 9}}
{"target": -187.50365593429842, "params": {"k_pid_pos": [0.6502580827736245, 0.005328004378029258, 0.0007566120517219307], "k_pid_alt": [1.3913472610178308, 0.0054302090754890925, 0.019346245746501897], "k_pid_att": [27.071606784275804, 0.3403345048135163, 1.0], "k_pid_yaw": [0.5, 1e-06, 0.1], "k_pid_hsp": [0.06058702019440127, 0.00801562816979856, 0.0], "k_pid_vsp": [98.34295684442732, 174.33752613268044, 4.298368274515307]}, "datetime": {"datetime": "2025-08-12 01:30:07", "elapsed": 32687.2540640831, "delta": 18.864495038986206}, "costs": {"total_cost": 187.50365593429842, "time_cost": 75.278, "final_distance_cost": 1.8054630273945251, "oscillation_cost": 20.72798950905854, "completition_cost": 0.0, "overshoot_cost": 52.64655812077077, "power_cost": 14.6977525390625, "noise_cost": 22.34789273801209, "n_waypoints_completed": 9, "tot_waypoints": 9}}
{"target": -182.16897273748552, "params": {"k_pid_pos": [0.6379078029860675, 0.010368675893933785, 0.0007976786336091327], "k_pid_alt": [1.6896225142653079, 0.0024947144238081343, 0.010472091149176887], "k_pid_att": [25.408529360758436, 0.5107208576076785, 0.6937903021740149], "k_pid_yaw": [0.5, 1e-06, 0.1], "k_pid_hsp": [0.12017166386426159, 0.009069322383739893, 0.0], "k_pid_vsp": [96.47994830710529, 130.79903797603137, 3.8045184307285935]}, "datetime": {"datetime": "2025-08-12 01:30:25", "elapsed": 32705.279816150665, "delta": 18.025752067565918}, "costs": {"total_cost": 182.16897273748552, "time_cost": 70.525, "final_distance_cost": 1.8245526942197583, "oscillation_cost": 23.83531782197506, "completition_cost": 0.0, "overshoot_cost": 50.68383992508107, "power_cost": 14.200714624023439, "noise_cost": 21.099547672186194, "n_waypoints_completed": 9, "tot_waypoints": 9}}
{"target": -183.87294276062053, "params": {"k_pid_pos": [0.8058991339991426, 0.0081722115346444, 0.0005147816187113632], "k_pid_alt": [1.936262952924668, 0.005442817614928958, 0.01970569605054298], "k_pid_att": [41.60037717397827, 0.33891175190227507, 1.0], "k_pid_yaw": [0.5, 1e-06, 0.1], "k_pid_hsp": [0.08972224500702693, 0.004590298136116249, 0.0], "k_pid_vsp": [121.65980889424041, 152.76945548579604, 5.5810823645991166]}, "datetime": {"datetime": "2025-08-12 01:30:43", "elapsed": 32722.98019194603, "delta": 17.70037579536438}, "costs": {"total_cost": 183.87294276062053, "time_cost": 70.889, "final_distance_cost": 1.7757489534487745, "oscillation_cost": 24.45108033343646, "completition_cost": 0.0, "overshoot_cost": 51.49663632626938, "power_cost": 14.243115002441407, "noise_cost": 21.01736214502451, "n_waypoints_completed": 9, "tot_waypoints": 9}}
{"target": -186.36569909497138, "params": {"k_pid_pos": [0.4035093250263033, 0.007566461618747501, 0.0005172132220812958], "k_pid_alt": [1.4186390496024226, 0.005473461483726203, 0.015580332489002419], "k_pid_att": [37.155517822607735, 0.32359269763541265, 0.936970909778069], "k_pid_yaw": [0.5, 1e-06, 0.1], "k_pid_hsp": [0.10182898395900129, 0.009501356182201182, 0.0], "k_pid_vsp": [121.54042366321687, 90.34050224070192, 5.537922892879504]}, "datetime": {"datetime": "2025-08-12 01:31:04", "elapsed": 32743.53381037712, "delta": 20.55361843109131}, "costs": {"total_cost": 186.36569909497138, "time_cost": 75.796, "final_distance_cost": 1.8541730505951117, "oscillation_cost": 18.743783583455393, "completition_cost": 0.0, "overshoot_cost": 51.70125418823971, "power_cost": 14.697773132324219, "noise_cost": 23.572715140356934, "n_waypoints_completed": 9, "tot_waypoints": 9}}
{"target": -182.69376054450365, "params": {"k_pid_pos": [0.6213530671262367, 0.0074828759298926585, 0.000507256130527026], "k_pid_alt": [1.545447649444828, 0.007731285843817186, 0.01475458248892684], "k_pid_att": [31.576145603050005, 0.3939543126651038, 0.9088884060529229], "k_pid_yaw": [0.5, 1e-06, 0.1], "k_pid_hsp": [0.12168833058636401, 0.008400160341476256, 0.0], "k_pid_vsp": [120.9305827669803, 85.67817924503588, 3.592400104385588]}, "datetime": {"datetime": "2025-08-12 01:31:21", "elapsed": 32761.355783462524, "delta": 17.821973085403442}, "costs": {"total_cost": 182.69376054450365, "time_cost": 70.861, "final_distance_cost": 1.8348385824008815, "oscillation_cost": 23.520885857721495, "completition_cost": 0.0, "overshoot_cost": 51.236716959740654, "power_cost": 14.095204821777344, "noise_cost": 21.145114322863257, "n_waypoints_completed": 9, "tot_waypoints": 9}}
{"target": -188.39530775071162, "params": {"k_pid_pos": [0.6051678067282588, 0.0053149728569382194, 0.000622806999090199], "k_pid_alt": [1.4663415260724884, 0.00546856710778476, 0.011108328928676511], "k_pid_att": [27.31184549873584, 0.6321774584045544, 1.0], "k_pid_yaw": [0.5, 1e-06, 0.1], "k_pid_hsp": [0.05791679465531505, 0.00839209213969215, 0.0], "k_pid_vsp": [103.19781535731539, 135.85950088778594, 5.023571372177964]}, "datetime": {"datetime": "2025-08-12 01:31:41", "elapsed": 32780.72398138046, "delta": 19.368197917938232}, "costs": {"total_cost": 188.39530775071162, "time_cost": 76.132, "final_distance_cost": 1.8113804947387473, "oscillation_cost": 19.47149840809792, "completition_cost": 0.0, "overshoot_cost": 53.45399030547526, "power_cost": 14.774020666503906, "noise_cost": 22.752417875895787, "n_waypoints_completed": 9, "tot_waypoints": 9}}
{"target": -182.24942449106794, "params": {"k_pid_pos": [0.7405147997942546, 0.007074614697663145, 0.0004423776826916039], "k_pid_alt": [1.7288313599663885, 0.005750919913688326, 0.012598913791757468], "k_pid_att": [30.349840948381765, 0.38123588968032934, 0.6800698292190287], "k_pid_yaw": [0.5, 1e-06, 0.1], "k_pid_hsp": [0.12304970899095309, 0.011185986051145796, 0.0], "k_pid_vsp": [157.67687187520076, 116.91024910951961, 4.404560947968743]}, "datetime": {"datetime": "2025-08-12 01:31:58", "elapsed": 32798.12059354782, "delta": 17.3966121673584}, "costs": {"total_cost": 182.24942449106794, "time_cost": 69.958, "final_distance_cost": 1.8176517622136188, "oscillation_cost": 25.035921753158675, "completition_cost": 0.0, "overshoot_cost": 50.64897321444359, "power_cost": 14.119217199707032, "noise_cost": 20.66966056154502, "n_waypoints_completed": 9, "tot_waypoints": 9}}
{"target": -183.39745553269083, "params": {"k_pid_pos": [0.49803573189517997, 0.008838630084461986, 0.0007659115300571823], "k_pid_alt": [1.5803808947108682, 0.004657715289617951, 0.019153139634928516], "k_pid_att": [37.70776323396827, 0.42596170492397456, 0.9902582680795424], "k_pid_yaw": [0.5, 1e-06, 0.1], "k_pid_hsp": [0.10781120649651911, 0.006860010362495665, 0.0], "k_pid_vsp": [108.01678944910589, 76.04675889859232, 4.310878797296726]}, "datetime": {"datetime": "2025-08-12 01:32:17", "elapsed": 32816.840475320816, "delta": 18.719881772994995}, "costs": {"total_cost": 183.39745553269083, "time_cost": 72.66, "final_distance_cost": 1.8307666886432141, "oscillation_cost": 20.581653812726092, "completition_cost": 0.0, "overshoot_cost": 51.92292154186586, "power_cost": 14.302467407226564, "noise_cost": 22.099646082229096, "n_waypoints_completed": 9, "tot_waypoints": 9}}
{"target": -181.4190748897614, "params": {"k_pid_pos": [0.5867298036496518, 0.007397533686595213, 0.0008511180914384826], "k_pid_alt": [1.40419838014476, 0.006157620301231626, 0.016419960449944503], "k_pid_att": [25.66448697006402, 0.3595322464255409, 1.0], "k_pid_yaw": [0.5, 1e-06, 0.1], "k_pid_hsp": [0.09483989272364253, 0.009047410942107667, 0.0], "k_pid_vsp": [122.51718618219384, 153.32761142463355, 6.925354270229842]}, "datetime": {"datetime": "2025-08-12 01:32:34", "elapsed": 32834.25651335716, "delta": 17.416038036346436}, "costs": {"total_cost": 181.4190748897614, "time_cost": 71.414, "final_distance_cost": 1.8182510229630546, "oscillation_cost": 21.648769795269974, "completition_cost": 0.0, "overshoot_cost": 51.140293416612835, "power_cost": 14.120379443359376, "noise_cost": 21.277381211556136, "n_waypoints_completed": 9, "tot_waypoints": 9}}
{"target": -183.3864012069498, "params": {"k_pid_pos": [0.689591217745452, 0.006891305414327097, 0.0008025027758218617], "k_pid_alt": [1.8066225374948335, 0.007128050626586402, 0.01316346995084646], "k_pid_att": [30.01888745631653, 0.4024432406545029, 0.4519471772072076], "k_pid_yaw": [0.5, 1e-06, 0.1], "k_pid_hsp": [0.09215176010023408, 0.009425584063924715, 0.0], "k_pid_vsp": [122.05344440375637, 132.8011238385958, 5.895633732651202]}, "datetime": {"datetime": "2025-08-12 01:32:53", "elapsed": 32852.90382218361, "delta": 18.647308826446533}, "costs": {"total_cost": 183.3864012069498, "time_cost": 71.246, "final_distance_cost": 1.8027610764290778, "oscillation_cost": 23.668482056601935, "completition_cost": 0.0, "overshoot_cost": 51.29567589012084, "power_cost": 14.248537963867188, "noise_cost": 21.124944219930754, "n_waypoints_completed": 9, "tot_waypoints": 9}}
{"target": -184.93718122471117, "params": {"k_pid_pos": [0.6915650962672476, 0.007224178451909463, 0.0010007474173481382], "k_pid_alt": [1.9273430775397857, 0.001996923951462149, 0.009234779467639558], "k_pid_att": [30.623129576496343, 0.40141539406449506, 0.7956304722909273], "k_pid_yaw": [0.5, 1e-06, 0.1], "k_pid_hsp": [0.07776820408504893, 0.006788176578275913, 0.0], "k_pid_vsp": [139.2533644360141, 115.33133319728545, 6.443916055273937]}, "datetime": {"datetime": "2025-08-12 01:33:12", "elapsed": 32871.73089981079, "delta": 18.827077627182007}, "costs": {"total_cost": 184.93718122471117, "time_cost": 72.83500000000001, "final_distance_cost": 1.8034140053978622, "oscillation_cost": 22.476183479527506, "completition_cost": 0.0, "overshoot_cost": 51.730940808340364, "power_cost": 14.440711840820313, "noise_cost": 21.650931090625107, "n_waypoints_completed": 9, "tot_waypoints": 9}}
{"target": -181.70939476756294, "params": {"k_pid_pos": [0.5781124968062009, 0.0065898591720455054, 0.0007148630432713236], "k_pid_alt": [1.7114677413767942, 0.004282036369511296, 0.015658352828292435], "k_pid_att": [33.6896001389227, 0.558533361826342, 0.8420720055714895], "k_pid_yaw": [0.5, 1e-06, 0.1], "k_pid_hsp": [0.0909372413415463, 0.00948518406657084, 0.0], "k_pid_vsp": [145.08999505141458, 112.86395495481896, 4.229871480402959]}, "datetime": {"datetime": "2025-08-12 01:33:30", "elapsed": 32889.92987561226, "delta": 18.198975801467896}, "costs": {"total_cost": 181.70939476756294, "time_cost": 71.729, "final_distance_cost": 1.818047108648675, "oscillation_cost": 21.404414708205064, "completition_cost": 0.0, "overshoot_cost": 51.340112024619174, "power_cost": 14.11659041748047, "noise_cost": 21.301230508609557, "n_waypoints_completed": 9, "tot_waypoints": 9}}
{"target": -181.93084003849603, "params": {"k_pid_pos": [0.6283673918836209, 0.008541401086611585, 0.0005619425213460105], "k_pid_alt": [1.3157017547414487, 0.0064559993150632225, 0.010454698718306739], "k_pid_att": [31.344728458209683, 0.5004217374328116, 0.9871898255903288], "k_pid_yaw": [0.5, 1e-06, 0.1], "k_pid_hsp": [0.11874153124761018, 0.007665660950510952, 0.0], "k_pid_vsp": [159.1979500186977, 133.87173143325822, 6.166160096799061]}, "datetime": {"datetime": "2025-08-12 01:33:50", "elapsed": 32909.72013759613, "delta": 19.79026198387146}, "costs": {"total_cost": 181.93084003849603, "time_cost": 70.798, "final_distance_cost": 1.8386758642911893, "oscillation_cost": 23.301312253657258, "completition_cost": 0.0, "overshoot_cost": 50.655502349523005, "power_cost": 14.174909277343751, "noise_cost": 21.16244029368084, "n_waypoints_completed": 9, "tot_waypoints": 9}}
{"target": -181.6293837117601, "params": {"k_pid_pos": [0.5530106196884178, 0.003605178986014524, 0.0007565152737839411], "k_pid_alt": [1.837261112094546, 0.0038827105421243326, 0.010695294825657897], "k_pid_att": [29.798508517932774, 0.44508503624856405, 0.7512254622570994], "k_pid_yaw": [0.5, 1e-06, 0.1], "k_pid_hsp": [0.10363877770707534, 0.009928923920731947, 0.0], "k_pid_vsp": [79.37883338699937, 123.6208551368015, 6.1708273219147]}, "datetime": {"datetime": "2025-08-12 01:34:08", "elapsed": 32927.44190168381, "delta": 17.721764087677002}, "costs": {"total_cost": 181.6293837117601, "time_cost": 71.589, "final_distance_cost": 1.8328375734367919, "oscillation_cost": 21.753457197594596, "completition_cost": 0.0, "overshoot_cost": 50.69324850496516, "power_cost": 14.231494836425782, "noise_cost": 21.529345599337777, "n_waypoints_completed": 9, "tot_waypoints": 9}}
{"target": -182.25073010642745, "params": {"k_pid_pos": [0.6148863150563756, 0.004973480587555927, 0.0006217874193677639], "k_pid_alt": [1.2286422094834923, 0.0049048654849872635, 0.008776424174842161], "k_pid_att": [33.54509496643121, 0.470215949489824, 1.0], "k_pid_yaw": [0.5, 1e-06, 0.1], "k_pid_hsp": [0.12010415613921095, 0.010652567738640107, 0.0], "k_pid_vsp": [112.98193018089296, 157.95499192040225, 6.387821588347879]}, "datetime": {"datetime": "2025-08-12 01:34:26", "elapsed": 32946.33744215965, "delta": 18.895540475845337}, "costs": {"total_cost": 182.25073010642745, "time_cost": 70.896, "final_distance_cost": 1.839036186523191, "oscillation_cost": 23.807949772609348, "completition_cost": 0.0, "overshoot_cost": 50.3979971639888, "power_cost": 14.155172973632814, "noise_cost": 21.154574009673315, "n_waypoints_completed": 9, "tot_waypoints": 9}}
