{"target": -181.70763926114384, "params": {"k_pid_pos": [0.5811864956244226, 0.005558520079819843, 0.0006145367211656637], "k_pid_alt": [1.5884705124144076, 0.0066169854083032624, 0.009530084072539396], "k_pid_att": [22.473226612345428, 0.5582241263038409, 1.0], "k_pid_yaw": [0.5, 1e-06, 0.1], "k_pid_hsp": [0.10856646003925012, 0.008908566407057072, 0.0], "k_pid_vsp": [97.00986929059313, 90.26750852036302, 4.939704118459651]}, "datetime": {"datetime": "2025-08-12 01:34:44", "elapsed": 32964.113107681274, "delta": 17.775665521621704}, "costs": {"total_cost": 181.70763926114384, "time_cost": 71.295, "final_distance_cost": 1.8367624588434992, "oscillation_cost": 22.169725741292364, "completition_cost": 0.0, "overshoot_cost": 50.965618892195984, "power_cost": 14.077304272460939, "noise_cost": 21.363227896351045, "n_waypoints_completed": 9, "tot_waypoints": 9}}
{"target": -181.58016907344248, "params": {"k_pid_pos": [0.6520660775198616, 0.006732342937568306, 0.0005498187912944952], "k_pid_alt": [1.6589406322410938, 0.003577601903985325, 0.017305288784305844], "k_pid_att": [25.832565097545636, 0.30585325851340056, 0.8611153981725351], "k_pid_yaw": [0.5, 1e-06, 0.1], "k_pid_hsp": [0.10640245990860929, 0.009729412549018402, 0.0], "k_pid_vsp": [122.67889657219321, 79.1220561724907, 7.301665111737971]}, "datetime": {"datetime": "2025-08-12 01:35:03", "elapsed": 32983.2957367897, "delta": 19.182629108428955}, "costs": {"total_cost": 181.58016907344248, "time_cost": 70.7, "final_distance_cost": 1.8223480934138827, "oscillation_cost": 23.06844907530559, "completition_cost": 0.0, "overshoot_cost": 50.871056048226166, "power_cost": 14.023671899414063, "noise_cost": 21.09464395708276, "n_waypoints_completed": 9, "tot_waypoints": 9}}
{"target": -184.01092265906203, "params": {"k_pid_pos": [0.6806766833432923, 0.004853244800570725, 0.0006248624471806945], "k_pid_alt": [1.8646103810020425, 0.0038121691490759523, 0.007637775933436157], "k_pid_att": [30.043798680194858, 0.4297186355413218, 1.0], "k_pid_yaw": [0.5, 1e-06, 0.1], "k_pid_hsp": [0.0811107332357851, 0.01058493506159511, 0.0], "k_pid_vsp": [85.37887987375507, 105.49606545107689, 5.465445158804374]}, "datetime": {"datetime": "2025-08-12 01:35:25", "elapsed": 33004.52751541138, "delta": 21.231778621673584}, "costs": {"total_cost": 184.01092265906203, "time_cost": 72.212, "final_distance_cost": 1.8230459328867623, "oscillation_cost": 23.072658069215038, "completition_cost": 0.0, "overshoot_cost": 51.27813181202622, "power_cost": 14.365971191406251, "noise_cost": 21.259115653527736, "n_waypoints_completed": 9, "tot_waypoints": 9}}
{"target": -186.47330381166353, "params": {"k_pid_pos": [0.7477180376791006, 0.003348811022019516, 0.0007565923172209348], "k_pid_alt": [1.71198206148207, 0.004980970108177664, 0.007162119150382909], "k_pid_att": [26.803826761249066, 0.4235056303349222, 1.0], "k_pid_yaw": [0.5, 1e-06, 0.1], "k_pid_hsp": [0.06803049494362869, 0.014277672596580792, 0.0], "k_pid_vsp": [108.22622933459411, 100.66053145833774, 6.317300215258647]}, "datetime": {"datetime": "2025-08-12 01:35:48", "elapsed": 33027.67042803764, "delta": 23.14291262626648}, "costs": {"total_cost": 186.47330381166353, "time_cost": 72.905, "final_distance_cost": 1.7847561864275399, "oscillation_cost": 24.339376757374005, "completition_cost": 0.0, "overshoot_cost": 51.608016964924346, "power_cost": 14.507547082519531, "noise_cost": 21.328606820418077, "n_waypoints_completed": 9, "tot_waypoints": 9}}
{"target": -182.0184167112243, "params": {"k_pid_pos": [0.6580986922238546, 0.006638061532882788, 0.00048735919352485573], "k_pid_alt": [1.7512433103353988, 0.005417285370047751, 0.010173493631692935], "k_pid_att": [26.71037505191502, 0.25251689908406116, 0.8998106133066804], "k_pid_yaw": [0.5, 1e-06, 0.1], "k_pid_hsp": [0.11498825198753487, 0.007875052186445016, 0.0], "k_pid_vsp": [107.2167281663355, 121.60621785386087, 7.848172691729062]}, "datetime": {"datetime": "2025-08-12 01:36:07", "elapsed": 33046.516913414, "delta": 18.846485376358032}, "costs": {"total_cost": 182.0184167112243, "time_cost": 70.546, "final_distance_cost": 1.82648585174587, "oscillation_cost": 23.46246106881575, "completition_cost": 0.0, "overshoot_cost": 50.99808169251128, "power_cost": 14.144710766601563, "noise_cost": 21.040677331549844, "n_waypoints_completed": 9, "tot_waypoints": 9}}
{"target": -181.59065245646923, "params": {"k_pid_pos": [0.5897789132715243, 0.005142536049511804, 0.0005485918267581464], "k_pid_alt": [1.7380552168140735, 0.0031858293231756853, 0.011006883702000278], "k_pid_att": [37.48509273646187, 0.47337852730231483, 0.7716045209599035], "k_pid_yaw": [0.5, 1e-06, 0.1], "k_pid_hsp": [0.0916294096601193, 0.006160262277061602, 0.0], "k_pid_vsp": [107.46347578006942, 145.20658521162193, 6.459904444274707]}, "datetime": {"datetime": "2025-08-12 01:36:25", "elapsed": 33064.836228847504, "delta": 18.319315433502197}, "costs": {"total_cost": 181.59065245646923, "time_cost": 71.596, "final_distance_cost": 1.8288905351912355, "oscillation_cost": 21.233042768887167, "completition_cost": 0.0, "overshoot_cost": 51.34343203978556, "power_cost": 14.150960949707033, "noise_cost": 21.438326162898235, "n_waypoints_completed": 9, "tot_waypoints": 9}}
{"target": -184.06338414520357, "params": {"k_pid_pos": [0.47217149196645963, 0.004632371382699369, 0.0007583425721336224], "k_pid_alt": [1.7273112528092571, 0.005156266275955196, 0.005231875975202512], "k_pid_att": [35.01589084060947, 0.48613327292212555, 0.8071071996085193], "k_pid_yaw": [0.5, 1e-06, 0.1], "k_pid_hsp": [0.11080380461605464, 0.010215338392380584, 0.0], "k_pid_vsp": [75.14081592050209, 96.7195080448119, 6.178753895129231]}, "datetime": {"datetime": "2025-08-12 01:36:43", "elapsed": 33082.63727736473, "delta": 17.801048517227173}, "costs": {"total_cost": 184.06338414520357, "time_cost": 73.367, "final_distance_cost": 1.8481571388968334, "oscillation_cost": 20.745205649309842, "completition_cost": 0.0, "overshoot_cost": 51.264358866399775, "power_cost": 14.412372326660156, "noise_cost": 22.426290163936944, "n_waypoints_completed": 9, "tot_waypoints": 9}}
{"target": -181.98077268501243, "params": {"k_pid_pos": [0.5588605015189991, 0.006084596446768717, 0.000534463403747042], "k_pid_alt": [1.8684499202836096, 0.005517222596907134, 0.00990075107704923], "k_pid_att": [30.34463001880312, 0.38507924035437296, 1.0], "k_pid_yaw": [0.5, 1e-06, 0.1], "k_pid_hsp": [0.10609883174154205, 0.00830210351734925, 0.0], "k_pid_vsp": [131.341215134287, 94.67927177154327, 5.9326840256894355]}, "datetime": {"datetime": "2025-08-12 01:37:02", "elapsed": 33101.36847305298, "delta": 18.73119568824768}, "costs": {"total_cost": 181.98077268501243, "time_cost": 71.652, "final_distance_cost": 1.8340450998848596, "oscillation_cost": 21.68011062211419, "completition_cost": 0.0, "overshoot_cost": 51.071507239183305, "power_cost": 14.174729895019532, "noise_cost": 21.568379828810535, "n_waypoints_completed": 9, "tot_waypoints": 9}}
{"target": -184.3055801626131, "params": {"k_pid_pos": [0.5974135894745433, 0.00481185222640915, 0.0005951058870511034], "k_pid_alt": [1.7923615549893306, 0.006181386644164487, 0.0034786210129961054], "k_pid_att": [22.835442981101156, 0.3353596244561225, 0.9631980309351285], "k_pid_yaw": [0.5, 1e-06, 0.1], "k_pid_hsp": [0.07289753749579807, 0.00940558944825015, 0.0], "k_pid_vsp": [143.27790849245847, 137.6744440113498, 5.88687992423489]}, "datetime": {"datetime": "2025-08-12 01:37:21", "elapsed": 33120.51635837555, "delta": 19.1478853225708}, "costs": {"total_cost": 184.3055801626131, "time_cost": 73.563, "final_distance_cost": 1.8117868183802632, "oscillation_cost": 20.819651632797285, "completition_cost": 0.0, "overshoot_cost": 51.855322882629096, "power_cost": 14.414924365234375, "noise_cost": 21.84089446357205, "n_waypoints_completed": 9, "tot_waypoints": 9}}
{"target": -182.30381514629082, "params": {"k_pid_pos": [0.6873116127786348, 0.005920039677152601, 0.0005941730797453898], "k_pid_alt": [1.8846732352141398, 0.0062109108674147035, 0.008567926543877372], "k_pid_att": [37.54291346247042, 0.46749699425217955, 0.8857290903089271], "k_pid_yaw": [0.5, 1e-06, 0.1], "k_pid_hsp": [0.1065252781222683, 0.009576288110257672, 0.0], "k_pid_vsp": [123.33059244031597, 109.4766981090443, 4.509597959417724]}, "datetime": {"datetime": "2025-08-12 01:37:38", "elapsed": 33138.06698799133, "delta": 17.55062961578369}, "costs": {"total_cost": 182.30381514629082, "time_cost": 70.595, "final_distance_cost": 1.8252775011639963, "oscillation_cost": 23.79701440942149, "completition_cost": 0.0, "overshoot_cost": 50.9550694512152, "power_cost": 14.161249609375, "noise_cost": 20.97020417511514, "n_waypoints_completed": 9, "tot_waypoints": 9}}
{"target": -181.26026372005674, "params": {"k_pid_pos": [0.5710894093482707, 0.004729655257715136, 0.0006545128664583581], "k_pid_alt": [1.229836830852036, 0.004202142598151532, 0.005933165537721605], "k_pid_att": [21.262442794651637, 0.37707863808025116, 1.0], "k_pid_yaw": [0.5, 1e-06, 0.1], "k_pid_hsp": [0.09381777036678936, 0.007639948501818408, 0.0], "k_pid_vsp": [110.19216683892573, 135.8440798813292, 4.1899259603425945]}, "datetime": {"datetime": "2025-08-12 01:37:58", "elapsed": 33157.49149990082, "delta": 19.424511909484863}, "costs": {"total_cost": 181.26026372005674, "time_cost": 71.743, "final_distance_cost": 1.8183821851642115, "oscillation_cost": 21.125430934509467, "completition_cost": 0.0, "overshoot_cost": 51.26424444094018, "power_cost": 14.07773642578125, "noise_cost": 21.231469733661644, "n_waypoints_completed": 9, "tot_waypoints": 9}}
{"target": -181.54484142309065, "params": {"k_pid_pos": [0.5303751952501686, 0.007050070430620882, 0.0008384335514103617], "k_pid_alt": [1.6727848271467858, 0.005371500352021586, 0.01259517327758973], "k_pid_att": [38.7188180311291, 0.1966246882343102, 1.0], "k_pid_yaw": [0.5, 1e-06, 0.1], "k_pid_hsp": [0.09423338841742275, 0.009301407525068415, 0.0], "k_pid_vsp": [65.09497058457447, 116.59128641597074, 6.032801820644079]}, "datetime": {"datetime": "2025-08-12 01:38:16", "elapsed": 33175.4154958725, "delta": 17.923995971679688}, "costs": {"total_cost": 181.54484142309065, "time_cost": 72.051, "final_distance_cost": 1.8207309108425722, "oscillation_cost": 20.733684093397493, "completition_cost": 0.0, "overshoot_cost": 51.212087534984434, "power_cost": 14.202101000976564, "noise_cost": 21.52523788288957, "n_waypoints_completed": 9, "tot_waypoints": 9}}
{"target": -184.66614859719186, "params": {"k_pid_pos": [0.5138097654483988, 0.007886927533343508, 0.0005695943249702964], "k_pid_alt": [1.6200441360474294, 0.005695676576221942, 0.010655430676009658], "k_pid_att": [29.75092948117467, 0.29187978534929676, 1.0], "k_pid_yaw": [0.5, 1e-06, 0.1], "k_pid_hsp": [0.07272652819540479, 0.007945316857125578, 0.0], "k_pid_vsp": [126.98222807691849, 91.55348016112718, 3.494527563980228]}, "datetime": {"datetime": "2025-08-12 01:38:35", "elapsed": 33194.517986774445, "delta": 19.10249090194702}, "costs": {"total_cost": 184.66614859719186, "time_cost": 74.683, "final_distance_cost": 1.825491796730234, "oscillation_cost": 18.872525631041626, "completition_cost": 0.0, "overshoot_cost": 52.41896576842024, "power_cost": 14.505106591796876, "noise_cost": 22.36105880920288, "n_waypoints_completed": 9, "tot_waypoints": 9}}
{"target": -182.11610091722173, "params": {"k_pid_pos": [0.5277729721247936, 0.007409642865338895, 0.0004101999251529909], "k_pid_alt": [1.3145790130847546, 0.005976288135278639, 0.012058279175687905], "k_pid_att": [35.69165704508614, 0.34933994696051646, 0.9885065238916496], "k_pid_yaw": [0.5, 1e-06, 0.1], "k_pid_hsp": [0.10860582257024803, 0.008100473614024814, 0.0], "k_pid_vsp": [122.13119816082758, 112.70340418469254, 4.447994166705742]}, "datetime": {"datetime": "2025-08-12 01:38:54", "elapsed": 33213.40908432007, "delta": 18.89109754562378}, "costs": {"total_cost": 182.11610091722173, "time_cost": 72.072, "final_distance_cost": 1.8334261638398262, "oscillation_cost": 21.409517905614923, "completition_cost": 0.0, "overshoot_cost": 50.99114120914017, "power_cost": 14.173107788085938, "noise_cost": 21.636907850540855, "n_waypoints_completed": 9, "tot_waypoints": 9}}
{"target": -182.1148294765608, "params": {"k_pid_pos": [0.5182489008144693, 0.00647614982354832, 0.000634990859140607], "k_pid_alt": [1.0181985070281592, 0.005029929241539675, 0.0], "k_pid_att": [44.39898977854515, 0.2606421115325192, 0.6393036921467911], "k_pid_yaw": [0.5, 1e-06, 0.1], "k_pid_hsp": [0.09086146067901402, 0.009468513409098005, 0.0], "k_pid_vsp": [110.82507541452254, 125.70515406940554, 6.178306265761698]}, "datetime": {"datetime": "2025-08-12 01:39:11", "elapsed": 33231.33755517006, "delta": 17.928470849990845}, "costs": {"total_cost": 182.1148294765608, "time_cost": 72.71600000000001, "final_distance_cost": 1.822812192165237, "oscillation_cost": 20.254261013484978, "completition_cost": 0.0, "overshoot_cost": 51.50029812219293, "power_cost": 14.237330041503906, "noise_cost": 21.58412810721376, "n_waypoints_completed": 9, "tot_waypoints": 9}}
{"target": -182.27654619078623, "params": {"k_pid_pos": [0.7852622134952513, 0.0036548890832487162, 0.0007478022147856302], "k_pid_alt": [1.6325977855254348, 0.0037076019735129335, 0.0031226517071285217], "k_pid_att": [36.49156607629286, 0.3562171931064275, 0.8339705214289719], "k_pid_yaw": [0.5, 1e-06, 0.1], "k_pid_hsp": [0.12572098661395278, 0.010620131690542274, 0.0], "k_pid_vsp": [139.5094540739415, 119.26162513713473, 4.770703839165079]}, "datetime": {"datetime": "2025-08-12 01:39:29", "elapsed": 33249.30621433258, "delta": 17.968659162521362}, "costs": {"total_cost": 182.27654619078623, "time_cost": 69.657, "final_distance_cost": 1.820885450032465, "oscillation_cost": 25.66378449394299, "completition_cost": 0.0, "overshoot_cost": 50.17761321163652, "power_cost": 14.209814965820312, "noise_cost": 20.747448069353975, "n_waypoints_completed": 9, "tot_waypoints": 9}}
{"target": -186.26286937760494, "params": {"k_pid_pos": [0.6459848960566915, 0.0058263997310301656, 0.00047775543797087355], "k_pid_alt": [1.6270333323788682, 0.005477087500094349, 0.007381842038218391], "k_pid_att": [30.23524154055042, 0.40172669331095595, 0.6368877252341543], "k_pid_yaw": [0.5, 1e-06, 0.1], "k_pid_hsp": [0.06411699248373644, 0.009482058655041531, 0.0], "k_pid_vsp": [122.73195193181857, 117.3024771166112, 7.962274702474333]}, "datetime": {"datetime": "2025-08-12 01:39:49", "elapsed": 33268.8509247303, "delta": 19.544710397720337}, "costs": {"total_cost": 186.26286937760494, "time_cost": 74.284, "final_distance_cost": 1.808827053978753, "oscillation_cost": 21.403996502034524, "completition_cost": 0.0, "overshoot_cost": 52.29296454233772, "power_cost": 14.510675646972658, "noise_cost": 21.962405632281264, "n_waypoints_completed": 9, "tot_waypoints": 9}}
{"target": -187.27689910434407, "params": {"k_pid_pos": [0.9683530123286125, 0.006136623435691462, 0.000671734653223503], "k_pid_alt": [1.2038343185429046, 0.004470390738121177, 0.01018344701200059], "k_pid_att": [35.346587065299005, 0.20085811434151193, 0.9266570538584139], "k_pid_yaw": [0.5, 1e-06, 0.1], "k_pid_hsp": [0.09514206506434313, 0.008817581201093038, 0.0], "k_pid_vsp": [96.89851767146625, 151.2580903614394, 5.236880514569012]}, "datetime": {"datetime": "2025-08-12 01:40:07", "elapsed": 33286.93039679527, "delta": 18.079472064971924}, "costs": {"total_cost": 187.27689910434407, "time_cost": 71.44200000000001, "final_distance_cost": 1.778497247274764, "oscillation_cost": 27.771057533397613, "completition_cost": 0.0, "overshoot_cost": 50.67692761223677, "power_cost": 14.641990881347658, "noise_cost": 20.96642583008729, "n_waypoints_completed": 9, "tot_waypoints": 9}}
{"target": -185.41359284658554, "params": {"k_pid_pos": [0.6195234031760837, 0.007336059693804515, 0.0005889989986054041], "k_pid_alt": [1.142703048957688, 0.004807617746193204, 0.008442404283361947], "k_pid_att": [37.24571661189966, 0.41011726731418596, 1.0], "k_pid_yaw": [0.5, 1e-06, 0.1], "k_pid_hsp": [0.0696083246518265, 0.00696401022146664, 0.0], "k_pid_vsp": [141.3593261411437, 124.6224522133586, 6.286479263760519]}, "datetime": {"datetime": "2025-08-12 01:40:26", "elapsed": 33305.96553182602, "delta": 19.03513503074646}, "costs": {"total_cost": 185.41359284658554, "time_cost": 74.508, "final_distance_cost": 1.785555535240942, "oscillation_cost": 20.718527442520905, "completition_cost": 0.0, "overshoot_cost": 51.95843217667649, "power_cost": 14.46082225341797, "noise_cost": 21.982255438729236, "n_waypoints_completed": 9, "tot_waypoints": 9}}
{"target": -181.63967407290784, "params": {"k_pid_pos": [0.5901552675675229, 0.005180753032877117, 0.0002178411237795574], "k_pid_alt": [1.5685234343024324, 0.004922585620606136, 0.0], "k_pid_att": [37.67534191094813, 0.32903316417917045, 1.0], "k_pid_yaw": [0.5, 1e-06, 0.1], "k_pid_hsp": [0.0924430393707617, 0.005164646925147759, 0.0], "k_pid_vsp": [95.65225037447955, 131.61524261567993, 5.314705549082009]}, "datetime": {"datetime": "2025-08-12 01:40:45", "elapsed": 33324.59792113304, "delta": 18.632389307022095}, "costs": {"total_cost": 181.63967407290784, "time_cost": 71.624, "final_distance_cost": 1.8251594553824373, "oscillation_cost": 21.050994228393815, "completition_cost": 0.0, "overshoot_cost": 51.53889207729893, "power_cost": 14.15582957763672, "noise_cost": 21.44479873419592, "n_waypoints_completed": 9, "tot_waypoints": 9}}
{"target": -182.1526224868182, "params": {"k_pid_pos": [0.5742082196629218, 0.005830076810362378, 0.0005580853930181537], "k_pid_alt": [1.5155151791924817, 0.005579232933890822, 0.007736698827102549], "k_pid_att": [28.868144535225202, 0.19328920168747657, 0.8724470435538717], "k_pid_yaw": [0.5, 1e-06, 0.1], "k_pid_hsp": [0.0866632706141152, 0.009353590204747344, 0.0], "k_pid_vsp": [103.92580740697095, 89.30183900452016, 6.565428902513105]}, "datetime": {"datetime": "2025-08-12 01:41:03", "elapsed": 33342.6548204422, "delta": 18.056899309158325}, "costs": {"total_cost": 182.1526224868182, "time_cost": 72.07900000000001, "final_distance_cost": 1.8058462760789344, "oscillation_cost": 21.09899119935321, "completition_cost": 0.0, "overshoot_cost": 51.66406012025129, "power_cost": 14.118273657226563, "noise_cost": 21.386451233908176, "n_waypoints_completed": 9, "tot_waypoints": 9}}
{"target": -183.27634256029157, "params": {"k_pid_pos": [0.669798516688913, 0.005482884063335774, 0.0006921526501611261], "k_pid_alt": [1.4760592080524073, 0.004669405840179746, 0.009690842468959031], "k_pid_att": [33.06293194038486, 0.36105704477294304, 0.8907620895198018], "k_pid_yaw": [0.5, 1e-06, 0.1], "k_pid_hsp": [0.08476715109292503, 0.0067993546518704635, 0.0], "k_pid_vsp": [93.95155091988455, 100.32818508855536, 6.46776494464223]}, "datetime": {"datetime": "2025-08-12 01:41:22", "elapsed": 33361.7354080677, "delta": 19.08058762550354}, "costs": {"total_cost": 183.27634256029157, "time_cost": 72.002, "final_distance_cost": 1.7876410376693368, "oscillation_cost": 22.489543338793403, "completition_cost": 0.0, "overshoot_cost": 51.3415346880781, "power_cost": 14.274293798828126, "noise_cost": 21.38132969692262, "n_waypoints_completed": 9, "tot_waypoints": 9}}
{"target": -182.68039410881198, "params": {"k_pid_pos": [0.682561316845702, 0.006106637589528452, 0.0007677022396147794], "k_pid_alt": [1.9263397040738495, 0.004388751184880158, 0.00412231951904301], "k_pid_att": [25.72448494007128, 0.4510188146596432, 0.9921863538624166], "k_pid_yaw": [0.5, 1e-06, 0.1], "k_pid_hsp": [0.11025743414825868, 0.007183194053192278, 0.0], "k_pid_vsp": [130.8600993118133, 76.39886018437106, 8.733424532336349]}, "datetime": {"datetime": "2025-08-12 01:41:39", "elapsed": 33379.0955016613, "delta": 17.360093593597412}, "costs": {"total_cost": 182.68039410881198, "time_cost": 70.70700000000001, "final_distance_cost": 1.834916940652803, "oscillation_cost": 23.412973313493243, "completition_cost": 0.0, "overshoot_cost": 51.04428673157431, "power_cost": 15.646873486328126, "noise_cost": 20.034343636763488, "n_waypoints_completed": 9, "tot_waypoints": 9}}
{"target": -183.98896139312455, "params": {"k_pid_pos": [0.45202584532252604, 0.007081140961399173, 0.0006375099746228475], "k_pid_alt": [0.943049960453934, 0.0035037124306048785, 0.003711757652279593], "k_pid_att": [36.45924697512877, 0.3295639287359671, 0.5252529204644544], "k_pid_yaw": [0.5, 1e-06, 0.1], "k_pid_hsp": [0.09767636430809866, 0.005662782355406019, 0.0], "k_pid_vsp": [90.26078401446432, 147.9863118813878, 7.782041734637359]}, "datetime": {"datetime": "2025-08-12 01:41:59", "elapsed": 33398.40445137024, "delta": 19.3089497089386}, "costs": {"total_cost": 183.98896139312455, "time_cost": 74.592, "final_distance_cost": 1.8374154942477272, "oscillation_cost": 19.16375637808205, "completition_cost": 0.0, "overshoot_cost": 51.468319367569784, "power_cost": 14.512712463378907, "noise_cost": 22.414757689846088, "n_waypoints_completed": 9, "tot_waypoints": 9}}
{"target": -182.69959312858094, "params": {"k_pid_pos": [0.5352384958018042, 0.006099042573284886, 0.0006207943029679328], "k_pid_alt": [1.3256267824631962, 0.004612249187567499, 0.00621600878699017], "k_pid_att": [25.598477438847027, 0.29380930875677724, 0.7334423013866426], "k_pid_yaw": [0.5, 1e-06, 0.1], "k_pid_hsp": [0.1108731582883703, 0.007791603039146995, 0.0], "k_pid_vsp": [113.81579745199593, 134.5931157060734, 4.896909783057376]}, "datetime": {"datetime": "2025-08-12 01:42:16", "elapsed": 33415.996059417725, "delta": 17.59160804748535}, "costs": {"total_cost": 182.69959312858094, "time_cost": 71.946, "final_distance_cost": 1.8292535707713, "oscillation_cost": 21.58142690312029, "completition_cost": 0.0, "overshoot_cost": 51.395473638343574, "power_cost": 14.244444311523438, "noise_cost": 21.70299470482234, "n_waypoints_completed": 9, "tot_waypoints": 9}}
