{"target": -184.3938996289502, "params": {"k_pid_pos": [0.7751359111367898, 0.004757116768139383, 0.0013570965429303358], "k_pid_alt": [1.3712958221491396, 0.005112377637294574, 0.023574649501469803], "k_pid_att": [70.89174095011123, 0.3082253496299244, 0.8350035216315547], "k_pid_yaw": [0.5, 1e-06, 0.1], "k_pid_hsp": [0.09272622589984277, 0.012042272776158465, 0.0], "k_pid_vsp": [77.91342227681012, 102.27029972245514, 7.721409719479065]}, "datetime": {"datetime": "2025-08-11 22:48:36", "elapsed": 22996.008043527603, "delta": 18.44738531112671}, "costs": {"total_cost": 184.3938996289502, "time_cost": 71.267, "final_distance_cost": 1.8001708791405144, "oscillation_cost": 25.26301057825411, "completition_cost": 0.0, "overshoot_cost": 50.807151472551105, "power_cost": 14.338241638183595, "noise_cost": 20.918325060820887, "n_waypoints_completed": 9, "tot_waypoints": 9}}
{"target": -185.63159207898934, "params": {"k_pid_pos": [0.6229189964763143, 0.005845962706684614, 0.0009871230784562113], "k_pid_alt": [0.629752917490389, 0.0037381758912785937, 0.008511071765517166], "k_pid_att": [64.15465802586225, 0.3987507978568183, 0.8333197305809037], "k_pid_yaw": [0.5, 1e-06, 0.1], "k_pid_hsp": [0.09985533872767775, 0.009233925537002675, 0.0], "k_pid_vsp": [121.20159439829725, 129.07820497751163, 5.980536105951529]}, "datetime": {"datetime": "2025-08-11 22:48:55", "elapsed": 23015.150063037872, "delta": 19.142019510269165}, "costs": {"total_cost": 185.63159207898934, "time_cost": 74.06700000000001, "final_distance_cost": 1.8358634640484253, "oscillation_cost": 22.911727839715727, "completition_cost": 0.0, "overshoot_cost": 50.78127849585102, "power_cost": 14.553433349609376, "noise_cost": 21.48228892976478, "n_waypoints_completed": 9, "tot_waypoints": 9}}
{"target": -182.00057240638623, "params": {"k_pid_pos": [0.6792818652513883, 0.006306102249373439, 0.0012734514701285748], "k_pid_alt": [2.0, 0.005107636744590111, 0.0012832708140007945], "k_pid_att": [29.53606239949026, 0.23787293162099662, 0.7585104436883077], "k_pid_yaw": [0.5, 1e-06, 0.1], "k_pid_hsp": [0.10400737378947018, 0.0080427461980631, 0.0], "k_pid_vsp": [137.21088482290892, 116.2389982034656, 7.887561840989939]}, "datetime": {"datetime": "2025-08-11 22:49:13", "elapsed": 23032.593155145645, "delta": 17.443092107772827}, "costs": {"total_cost": 182.00057240638623, "time_cost": 70.756, "final_distance_cost": 1.8170725989560803, "oscillation_cost": 23.43866628401869, "completition_cost": 0.0, "overshoot_cost": 50.92001446316704, "power_cost": 14.068199560546876, "noise_cost": 21.000619499697528, "n_waypoints_completed": 9, "tot_waypoints": 9}}
{"target": -182.56274453071305, "params": {"k_pid_pos": [0.7238086357616491, 0.007811389895440856, 0.0006315923466953532], "k_pid_alt": [1.705770904891904, 0.004758291796750175, 0.012125823088811142], "k_pid_att": [47.6996178179161, 0.23401077700670303, 1.0], "k_pid_yaw": [0.5, 1e-06, 0.1], "k_pid_hsp": [0.1090469491901701, 0.013778831113087043, 0.0], "k_pid_vsp": [110.11762525911907, 103.20279363026941, 6.001041000231567]}, "datetime": {"datetime": "2025-08-11 22:49:30", "elapsed": 23050.103981494904, "delta": 17.510826349258423}, "costs": {"total_cost": 182.56274453071305, "time_cost": 70.273, "final_distance_cost": 1.8148485883214414, "oscillation_cost": 24.80711794820269, "completition_cost": 0.0, "overshoot_cost": 50.821938057610794, "power_cost": 14.118649731445313, "noise_cost": 20.72719020513282, "n_waypoints_completed": 9, "tot_waypoints": 9}}
{"target": -207.80378861786795, "params": {"k_pid_pos": [0.4960672275223273, 0.005438422340312517, 0.000997872688760868], "k_pid_alt": [1.4779155893843783, 0.005785839901614875, 0.029136520804222885], "k_pid_att": [35.67892448402451, 0.32669812536368853, 1.0], "k_pid_yaw": [0.5, 1e-06, 0.1], "k_pid_hsp": [0.03982390132982931, 0.01975840520878618, 0.0], "k_pid_vsp": [88.87987337478064, 148.57573214263303, 2.938455152521778]}, "datetime": {"datetime": "2025-08-11 22:49:52", "elapsed": 23072.31226825714, "delta": 22.20828676223755}, "costs": {"total_cost": 207.80378861786795, "time_cost": 89.229, "final_distance_cost": 1.801014148207722, "oscillation_cost": 19.574750443231625, "completition_cost": 0.0, "overshoot_cost": 54.24262137529506, "power_cost": 17.049097290039064, "noise_cost": 25.907305361094462, "n_waypoints_completed": 9, "tot_waypoints": 9}}
{"target": -182.93988280752097, "params": {"k_pid_pos": [0.7228679682659739, 0.00766272388330327, 0.0007805735858897505], "k_pid_alt": [1.335408813223389, 0.0, 0.01943103246529411], "k_pid_att": [59.70632660970347, 0.5042268574262532, 1.0], "k_pid_yaw": [0.5, 1e-06, 0.1], "k_pid_hsp": [0.1565802699070165, 0.013941725578843156, 0.0], "k_pid_vsp": [147.24955309082551, 104.06999479053782, 7.583664218060865]}, "datetime": {"datetime": "2025-08-11 22:50:10", "elapsed": 23089.604263067245, "delta": 17.29199481010437}, "costs": {"total_cost": 182.93988280752097, "time_cost": 69.811, "final_distance_cost": 1.8388635836875322, "oscillation_cost": 25.938950800003845, "completition_cost": 0.0, "overshoot_cost": 50.31578224290148, "power_cost": 14.27134168701172, "noise_cost": 20.763944493916362, "n_waypoints_completed": 9, "tot_waypoints": 9}}
{"target": -181.69998859487228, "params": {"k_pid_pos": [0.675531492862036, 0.0004087924141234923, 0.0005817130048931457], "k_pid_alt": [1.075668771369476, 0.00557252156619099, 0.011521259996225539], "k_pid_att": [45.981267348615, 0.23080672630706053, 0.7969999278450484], "k_pid_yaw": [0.5, 1e-06, 0.1], "k_pid_hsp": [0.10743495408548019, 0.0052135976096030654, 0.0], "k_pid_vsp": [68.61662675680525, 137.16882386577458, 6.37854760433085]}, "datetime": {"datetime": "2025-08-11 22:50:28", "elapsed": 23107.99179840088, "delta": 18.387535333633423}, "costs": {"total_cost": 181.69998859487228, "time_cost": 70.82600000000001, "final_distance_cost": 1.8234664605183544, "oscillation_cost": 23.31946648366123, "completition_cost": 0.0, "overshoot_cost": 50.681943520496674, "power_cost": 14.142581506347657, "noise_cost": 20.90653062384835, "n_waypoints_completed": 9, "tot_waypoints": 9}}
{"target": -183.89667573960193, "params": {"k_pid_pos": [0.4779482836221991, 0.009582679000429294, 0.0009388324411093719], "k_pid_alt": [1.5092051868446852, 0.004594455348719113, 0.02130016162311391], "k_pid_att": [45.71908625262227, 0.4303669915627084, 1.0], "k_pid_yaw": [0.5, 1e-06, 0.1], "k_pid_hsp": [0.10730204740172715, 0.01387153359881687, 0.0], "k_pid_vsp": [113.32517161118784, 124.31664248490506, 2.1097213546824953]}, "datetime": {"datetime": "2025-08-11 22:50:47", "elapsed": 23126.368327617645, "delta": 18.376529216766357}, "costs": {"total_cost": 183.89667573960193, "time_cost": 73.136, "final_distance_cost": 1.844134502168483, "oscillation_cost": 21.216269827482964, "completition_cost": 0.0, "overshoot_cost": 51.197524953190964, "power_cost": 14.358663610839844, "noise_cost": 22.144082845919673, "n_waypoints_completed": 9, "tot_waypoints": 9}}
{"target": -189.82607417425163, "params": {"k_pid_pos": [0.41515727693474513, 0.0050338857601692375, 0.0008563253424429223], "k_pid_alt": [1.040701661054917, 0.005505092621566843, 0.008723915626728517], "k_pid_att": [55.5112713985651, 0.41225041070137486, 1.0], "k_pid_yaw": [0.5, 1e-06, 0.1], "k_pid_hsp": [0.12302899771475061, 0.010757920853705416, 0.0], "k_pid_vsp": [161.48917693894495, 103.9270255212205, 7.381242144253721]}, "datetime": {"datetime": "2025-08-11 22:51:06", "elapsed": 23146.02633690834, "delta": 19.65800929069519}, "costs": {"total_cost": 189.82607417425163, "time_cost": 77.224, "final_distance_cost": 1.8598201927353057, "oscillation_cost": 20.28658461846564, "completition_cost": 0.0, "overshoot_cost": 51.39121003783358, "power_cost": 14.923506030273439, "noise_cost": 24.140953294943667, "n_waypoints_completed": 9, "tot_waypoints": 9}}
{"target": -183.017370562549, "params": {"k_pid_pos": [0.617247673349985, 0.007167151876138242, 0.0006707142589252131], "k_pid_alt": [1.5085798652213531, 0.002034070494025221, 0.02361832894964756], "k_pid_att": [31.36509588235818, 0.31659035456085516, 0.4572841967245916], "k_pid_yaw": [0.5, 1e-06, 0.1], "k_pid_hsp": [0.12899835956391328, 0.01282461864293108, 0.0], "k_pid_vsp": [96.9019956781968, 96.73655819108903, 6.956897827859922]}, "datetime": {"datetime": "2025-08-11 22:51:24", "elapsed": 23164.109361886978, "delta": 18.083024978637695}, "costs": {"total_cost": 183.017370562549, "time_cost": 70.728, "final_distance_cost": 1.8320286592943789, "oscillation_cost": 24.280776814666996, "completition_cost": 0.0, "overshoot_cost": 50.84667104130733, "power_cost": 14.135042687988282, "noise_cost": 21.194851359291995, "n_waypoints_completed": 9, "tot_waypoints": 9}}
{"target": -194.44753867380842, "params": {"k_pid_pos": [0.2877471603023012, 0.005603174110231985, 0.0007936961125727336], "k_pid_alt": [0.9563633352743981, 0.003891257117378625, 0.014597346872026698], "k_pid_att": [83.14283227746915, 0.3510009007494978, 1.0], "k_pid_yaw": [0.5, 1e-06, 0.1], "k_pid_hsp": [0.055695236797863146, 0.004385033097844849, 0.0], "k_pid_vsp": [82.44255069983133, 68.1290987154983, 5.426982681195992]}, "datetime": {"datetime": "2025-08-11 22:51:45", "elapsed": 23185.18683052063, "delta": 21.077468633651733}, "costs": {"total_cost": 194.44753867380842, "time_cost": 83.496, "final_distance_cost": 1.8487014168287879, "oscillation_cost": 12.23943447915811, "completition_cost": 0.0, "overshoot_cost": 55.32064358607625, "power_cost": 15.614304418945313, "noise_cost": 25.928454772799963, "n_waypoints_completed": 9, "tot_waypoints": 9}}
{"target": -186.65329912019266, "params": {"k_pid_pos": [0.8225087043088842, 0.004238292618372447, 0.001106984232529758], "k_pid_alt": [1.6314830485783969, 0.005532543878788013, 0.019775924960344613], "k_pid_att": [59.18345710868539, 0.26314483707986863, 0.7421763467822989], "k_pid_yaw": [0.5, 1e-06, 0.1], "k_pid_hsp": [0.07346443828411174, 0.010211849983873533, 0.0], "k_pid_vsp": [96.08074095484737, 104.7463335168742, 1.9882141964624098]}, "datetime": {"datetime": "2025-08-11 22:52:03", "elapsed": 23203.15901517868, "delta": 17.972184658050537}, "costs": {"total_cost": 186.65329912019266, "time_cost": 72.57600000000001, "final_distance_cost": 1.7706374301029457, "oscillation_cost": 25.203507947670015, "completition_cost": 0.0, "overshoot_cost": 51.371661175169564, "power_cost": 14.505408447265626, "noise_cost": 21.226084119984478, "n_waypoints_completed": 9, "tot_waypoints": 9}}
{"target": -984.7145401000025, "params": {"k_pid_pos": [0.09646095380549398, 0.005152975602168459, 0.0009065092389125769], "k_pid_alt": [1.1095085208534343, 0.006678790770359276, 0.01510207278399329], "k_pid_att": [43.76875185959802, 0.27562618102727826, 1.0], "k_pid_yaw": [0.5, 1e-06, 0.1], "k_pid_hsp": [0.06225008367326007, 0.011261228444854129, 0.0], "k_pid_vsp": [86.72941471263842, 160.00382260909907, 5.112949678194602]}, "datetime": {"datetime": "2025-08-11 22:52:34", "elapsed": 23233.760696172714, "delta": 30.601680994033813}, "costs": {"total_cost": 984.7145401000025, "time_cost": 150, "final_distance_cost": 53.25878327591357, "oscillation_cost": 3.8019100608045266, "completition_cost": 666.6666666666667, "overshoot_cost": 57.0042797750349, "power_cost": 21.276919384765627, "noise_cost": 32.70598093681726, "n_waypoints_completed": 3, "tot_waypoints": 9}}
{"target": -184.51996214324254, "params": {"k_pid_pos": [0.6507858539976468, 0.002268710457730983, 0.0011226322492191338], "k_pid_alt": [0.784503716481745, 0.011453907255308237, 0.012918589769446447], "k_pid_att": [59.12235057795567, 0.5834266154117276, 1.0], "k_pid_yaw": [0.5, 1e-06, 0.1], "k_pid_hsp": [0.09116580133853613, 0.012343034175715993, 0.0], "k_pid_vsp": [28.178038645950764, 138.09730408522634, 4.883142842475073]}, "datetime": {"datetime": "2025-08-11 22:52:53", "elapsed": 23252.70385313034, "delta": 18.943156957626343}, "costs": {"total_cost": 184.51996214324254, "time_cost": 72.492, "final_distance_cost": 1.827105124934613, "oscillation_cost": 23.90472518837418, "completition_cost": 0.0, "overshoot_cost": 50.613007059811316, "power_cost": 14.654773083496094, "noise_cost": 21.028351686626326, "n_waypoints_completed": 9, "tot_waypoints": 9}}
{"target": -182.63181623877063, "params": {"k_pid_pos": [0.6684091895483827, 0.004002235700183372, 0.000701485482211531], "k_pid_alt": [1.0682043585550207, 0.00470547960873983, 0.021938072619500006], "k_pid_att": [49.84964881875106, 0.3218876603100559, 1.0], "k_pid_yaw": [0.5, 1e-06, 0.1], "k_pid_hsp": [0.10299421754979303, 0.015151955761288527, 0.0], "k_pid_vsp": [114.24667230244079, 132.1450018062844, 6.568627878654529]}, "datetime": {"datetime": "2025-08-11 22:53:11", "elapsed": 23270.619629383087, "delta": 17.915776252746582}, "costs": {"total_cost": 182.63181623877063, "time_cost": 71.071, "final_distance_cost": 1.830760143951735, "oscillation_cost": 24.14775346101343, "completition_cost": 0.0, "overshoot_cost": 50.41711015418665, "power_cost": 14.213453051757813, "noise_cost": 20.95173942786098, "n_waypoints_completed": 9, "tot_waypoints": 9}}
{"target": -183.41932868273247, "params": {"k_pid_pos": [0.5804912260940432, 0.007544150362865078, 0.001321072646738207], "k_pid_alt": [1.097869403367232, 0.00533688763429762, 0.02871829469204519], "k_pid_att": [38.61193158547556, 0.42780239236804324, 0.8911495987866734], "k_pid_yaw": [0.5, 1e-06, 0.1], "k_pid_hsp": [0.08745610438883922, 0.013944505046192884, 0.0], "k_pid_vsp": [138.85110120584267, 114.0365172097825, 8.111826081257105]}, "datetime": {"datetime": "2025-08-11 22:53:29", "elapsed": 23288.51438498497, "delta": 17.894755601882935}, "costs": {"total_cost": 183.41932868273247, "time_cost": 72.83500000000001, "final_distance_cost": 1.8335463600706134, "oscillation_cost": 22.15022596867667, "completition_cost": 0.0, "overshoot_cost": 50.78180573504996, "power_cost": 14.422585900878907, "noise_cost": 21.396164718056315, "n_waypoints_completed": 9, "tot_waypoints": 9}}
{"target": -183.69388389947642, "params": {"k_pid_pos": [0.6789766780939287, 0.005845873257764769, 0.0008047914244619618], "k_pid_alt": [1.7294303527702146, 0.005142596844797144, 0.02417400136815955], "k_pid_att": [35.07511016311191, 0.4702766373559088, 0.7813042588428388], "k_pid_yaw": [0.5, 1e-06, 0.1], "k_pid_hsp": [0.08875507051256697, 0.010291502837171814, 0.0], "k_pid_vsp": [124.16166121250166, 63.836313423055195, 7.914702964554547]}, "datetime": {"datetime": "2025-08-11 22:53:47", "elapsed": 23306.52595424652, "delta": 18.011569261550903}, "costs": {"total_cost": 183.69388389947642, "time_cost": 71.715, "final_distance_cost": 1.8149146304734645, "oscillation_cost": 23.16360353537656, "completition_cost": 0.0, "overshoot_cost": 51.573447330097125, "power_cost": 14.255276062011719, "noise_cost": 21.17164234151754, "n_waypoints_completed": 9, "tot_waypoints": 9}}
{"target": -184.10307234303008, "params": {"k_pid_pos": [0.7471708170457405, 0.005817063457194026, 0.0012858453178907858], "k_pid_alt": [2.0, 0.005949745702150774, 0.03234464336512901], "k_pid_att": [57.348704408677996, 0.26776902728390506, 0.396533049092099], "k_pid_yaw": [0.5, 1e-06, 0.1], "k_pid_hsp": [0.0915699657898036, 0.009758208267516522, 0.0], "k_pid_vsp": [100.63550809835658, 174.62178413837853, 6.017907059908794]}, "datetime": {"datetime": "2025-08-11 22:54:04", "elapsed": 23324.14607167244, "delta": 17.62011742591858}, "costs": {"total_cost": 184.10307234303008, "time_cost": 71.183, "final_distance_cost": 1.816624363390145, "oscillation_cost": 24.742244413545006, "completition_cost": 0.0, "overshoot_cost": 51.061297369204794, "power_cost": 14.411641711425782, "noise_cost": 20.88826448546432, "n_waypoints_completed": 9, "tot_waypoints": 9}}
{"target": -185.25579799536513, "params": {"k_pid_pos": [0.5845241752806288, 0.0064922543714693096, 0.0008605002359237966], "k_pid_alt": [0.8864813987781872, 0.0036930782240544246, 0.004019672064520029], "k_pid_att": [31.608958094110704, 0.5156833101799707, 1.0], "k_pid_yaw": [0.5, 1e-06, 0.1], "k_pid_hsp": [0.07907495879699909, 0.012309264892257846, 0.0], "k_pid_vsp": [155.34139254511408, 132.58580352136758, 7.938967332722069]}, "datetime": {"datetime": "2025-08-11 22:54:23", "elapsed": 23342.865166187286, "delta": 18.7190945148468}, "costs": {"total_cost": 185.25579799536513, "time_cost": 74.2, "final_distance_cost": 1.806693498901214, "oscillation_cost": 21.724961335480348, "completition_cost": 0.0, "overshoot_cost": 51.14905482800883, "power_cost": 14.737960424804688, "noise_cost": 21.637127908170047, "n_waypoints_completed": 9, "tot_waypoints": 9}}
{"target": -182.86360318912926, "params": {"k_pid_pos": [0.6400454148361955, 0.0053699866989570175, 0.0008799683931712695], "k_pid_alt": [1.4805050168943694, 0.003964102581788775, 0.027144156260859767], "k_pid_att": [37.76348264681178, 0.34314319246596137, 0.9755645597115924], "k_pid_yaw": [0.5, 1e-06, 0.1], "k_pid_hsp": [0.14319604585190635, 0.011346026370685538, 0.0], "k_pid_vsp": [111.94954546600889, 127.36463431090885, 5.606736114945012]}, "datetime": {"datetime": "2025-08-11 22:54:41", "elapsed": 23360.454262018204, "delta": 17.58909583091736}, "costs": {"total_cost": 182.86360318912926, "time_cost": 70.525, "final_distance_cost": 1.8394989344464305, "oscillation_cost": 24.701461301553575, "completition_cost": 0.0, "overshoot_cost": 50.455583872839355, "power_cost": 14.150156994628906, "noise_cost": 21.19190208566101, "n_waypoints_completed": 9, "tot_waypoints": 9}}
{"target": -213.965922165408, "params": {"k_pid_pos": [0.553126072312273, 0.008578667645304459, 0.0010717097214075044], "k_pid_alt": [1.2679632302303536, 0.0048156145693531585, 0.015535296071073823], "k_pid_att": [25.206979840158382, 0.25406926034015775, 0.44653518425552313], "k_pid_yaw": [0.5, 1e-06, 0.1], "k_pid_hsp": [0.048519969194182166, 0.013254284111403558, 0.0], "k_pid_vsp": [68.70822576608636, 97.1792029737001, 7.173331729794266]}, "datetime": {"datetime": "2025-08-11 22:55:04", "elapsed": 23383.73883008957, "delta": 23.284568071365356}, "costs": {"total_cost": 213.965922165408, "time_cost": 93.303, "final_distance_cost": 1.7951776705377545, "oscillation_cost": 19.796249332477814, "completition_cost": 0.0, "overshoot_cost": 54.06767211785145, "power_cost": 17.762936450195312, "noise_cost": 27.24088659434565, "n_waypoints_completed": 9, "tot_waypoints": 9}}
{"target": -221.0614024913408, "params": {"k_pid_pos": [0.7117020360230479, 0.006357221284617025, 0.0005933268398846172], "k_pid_alt": [1.6217724381437302, 0.004982277601997276, 0.010789724947218424], "k_pid_att": [32.041056110072525, 0.25022476441702257, 1.0], "k_pid_yaw": [0.5, 1e-06, 0.1], "k_pid_hsp": [0.04257285837036031, 0.01388418642158786, 0.0], "k_pid_vsp": [90.34638574733593, 84.7872349105381, 5.4536123161780665]}, "datetime": {"datetime": "2025-08-11 22:55:28", "elapsed": 23408.158618211746, "delta": 24.419788122177124}, "costs": {"total_cost": 221.0614024913408, "time_cost": 95.319, "final_distance_cost": 1.748729787650356, "oscillation_cost": 22.579047820098562, "completition_cost": 0.0, "overshoot_cost": 55.48255234924353, "power_cost": 18.242174279785157, "noise_cost": 27.68989825456318, "n_waypoints_completed": 9, "tot_waypoints": 9}}
{"target": -182.1701133160781, "params": {"k_pid_pos": [0.6325917550361754, 0.006672569546233339, 0.0008842927003338883], "k_pid_alt": [1.5336708042863758, 0.005223222212003552, 0.021195678429711883], "k_pid_att": [44.189218383247, 0.26375512841375914, 0.9097655633433384], "k_pid_yaw": [0.5, 1e-06, 0.1], "k_pid_hsp": [0.09391270817865395, 0.01176456168257175, 0.0], "k_pid_vsp": [117.28578825459579, 129.816952124558, 6.80448644286773]}, "datetime": {"datetime": "2025-08-11 22:55:46", "elapsed": 23426.144725084305, "delta": 17.986106872558594}, "costs": {"total_cost": 182.1701133160781, "time_cost": 71.288, "final_distance_cost": 1.8304266605905883, "oscillation_cost": 23.09194577497359, "completition_cost": 0.0, "overshoot_cost": 50.76885142650861, "power_cost": 14.1306646484375, "noise_cost": 21.060224805567838, "n_waypoints_completed": 9, "tot_waypoints": 9}}
{"target": -183.23919557070195, "params": {"k_pid_pos": [0.6566564792643214, 0.009896528830812547, 0.0008854831245690654], "k_pid_alt": [0.9875966433206435, 0.005044616258846959, 0.02976776373894645], "k_pid_att": [51.8167408130414, 0.4440269367101773, 0.7248791305603834], "k_pid_yaw": [0.5, 1e-06, 0.1], "k_pid_hsp": [0.10769529663617848, 0.018410268628308298, 0.0], "k_pid_vsp": [104.16466740233999, 108.51243000765025, 5.9865048910869305]}, "datetime": {"datetime": "2025-08-11 22:56:04", "elapsed": 23443.865880727768, "delta": 17.721155643463135}, "costs": {"total_cost": 183.23919557070195, "time_cost": 71.288, "final_distance_cost": 1.829195470175308, "oscillation_cost": 24.956948628053492, "completition_cost": 0.0, "overshoot_cost": 49.989074717086915, "power_cost": 14.227669091796876, "noise_cost": 20.948307663589354, "n_waypoints_completed": 9, "tot_waypoints": 9}}
{"target": -184.14628729329735, "params": {"k_pid_pos": [0.6607817145909637, 0.0032001245281947405, 0.0010918614978224991], "k_pid_alt": [1.7486221867837382, 0.00486265108648861, 0.017826714509807287], "k_pid_att": [38.55623265578749, 0.47064679633485035, 1.0], "k_pid_yaw": [0.5, 1e-06, 0.1], "k_pid_hsp": [0.0771229456959157, 0.013757066437293602, 0.0], "k_pid_vsp": [109.10312864673325, 127.9860075468631, 5.775319081742642]}, "datetime": {"datetime": "2025-08-11 22:56:23", "elapsed": 23462.87312579155, "delta": 19.00724506378174}, "costs": {"total_cost": 184.14628729329735, "time_cost": 72.408, "final_distance_cost": 1.7983071965262591, "oscillation_cost": 23.12372202038543, "completition_cost": 0.0, "overshoot_cost": 51.22341563716697, "power_cost": 14.390314843750001, "noise_cost": 21.202527595468688, "n_waypoints_completed": 9, "tot_waypoints": 9}}
