{"target": -182.38483189145177, "params": {"k_pid_pos": [0.47591094423279195, 0.0075161773191346724, 0.0009269114414610676], "k_pid_alt": [1.9760501713031686, 0.0029086118137068503, 0.010361078085845547], "k_pid_att": [37.50307442332832, 0.419821484660533, 1.0], "k_pid_yaw": [0.5, 1e-06, 0.1], "k_pid_hsp": [0.08550983452049639, 0.008209832627169475, 0.0], "k_pid_vsp": [78.99992163079001, 122.79327519055465, 6.884540299871891]}, "datetime": {"datetime": "2025-08-12 00:32:33", "elapsed": 29233.295673131943, "delta": 17.87892746925354}, "costs": {"total_cost": 182.38483189145177, "time_cost": 73.234, "final_distance_cost": 1.8414552996188627, "oscillation_cost": 18.88578276240062, "completition_cost": 0.0, "overshoot_cost": 52.07162513989877, "power_cost": 14.31013740234375, "noise_cost": 22.04183128718977, "n_waypoints_completed": 9, "tot_waypoints": 9}}
{"target": -183.14662944670707, "params": {"k_pid_pos": [0.5527090528810411, 0.003518119378549772, 0.0013716061591016347], "k_pid_alt": [1.7767156615572686, 0.005203446912366722, 0.018854578633129355], "k_pid_att": [31.060546388777038, 0.3576449400045791, 0.9937484122600209], "k_pid_yaw": [0.5, 1e-06, 0.1], "k_pid_hsp": [0.07988428273057989, 0.010044948089383611, 0.0], "k_pid_vsp": [69.8651691387905, 80.18187546989212, 6.342959578401978]}, "datetime": {"datetime": "2025-08-12 00:32:53", "elapsed": 29253.077936410904, "delta": 19.78226327896118}, "costs": {"total_cost": 183.14662944670707, "time_cost": 73.087, "final_distance_cost": 1.8139799262563328, "oscillation_cost": 20.46136715631174, "completition_cost": 0.0, "overshoot_cost": 51.78164708271067, "power_cost": 14.278721716308594, "noise_cost": 21.72391356511975, "n_waypoints_completed": 9, "tot_waypoints": 9}}
{"target": -185.633727888085, "params": {"k_pid_pos": [0.4843473393792917, 0.005520338683256728, 0.0007688961336946668], "k_pid_alt": [1.1998949675010324, 0.004750262420518543, 0.022401840669959847], "k_pid_att": [36.07320852830053, 0.3686296809665082, 0.8750028322557072], "k_pid_yaw": [0.5, 1e-06, 0.1], "k_pid_hsp": [0.13023060759360308, 0.011197054734766732, 0.0], "k_pid_vsp": [97.11054145458117, 101.64913449694002, 5.536025716294344]}, "datetime": {"datetime": "2025-08-12 00:33:12", "elapsed": 29271.582114696503, "delta": 18.504178285598755}, "costs": {"total_cost": 185.633727888085, "time_cost": 73.822, "final_distance_cost": 1.8551511170185537, "oscillation_cost": 22.143937379178944, "completition_cost": 0.0, "overshoot_cost": 50.851345746832635, "power_cost": 14.465883349609376, "noise_cost": 22.495410295445495, "n_waypoints_completed": 9, "tot_waypoints": 9}}
{"target": -189.00923318179602, "params": {"k_pid_pos": [0.37703538714756774, 0.00824085823729423, 0.0008107106582412143], "k_pid_alt": [0.9183767460079449, 0.003957575874893953, 0.01946223474787522], "k_pid_att": [35.6901746948699, 0.2742150030254378, 1.0], "k_pid_yaw": [0.5, 1e-06, 0.1], "k_pid_hsp": [0.08153622875202578, 0.012794892017471063, 0.0], "k_pid_vsp": [96.96560194723695, 129.78715949345624, 6.266671827360725]}, "datetime": {"datetime": "2025-08-12 00:33:32", "elapsed": 29292.209083795547, "delta": 20.6269690990448}, "costs": {"total_cost": 189.00923318179602, "time_cost": 78.47, "final_distance_cost": 1.8537278009248352, "oscillation_cost": 17.548306812565446, "completition_cost": 0.0, "overshoot_cost": 52.030803483467615, "power_cost": 15.128481604003907, "noise_cost": 23.977913480834257, "n_waypoints_completed": 9, "tot_waypoints": 9}}
{"target": -554.1794272951462, "params": {"k_pid_pos": [0.16409038907401588, 0.0063816439118399605, 0.00047880070614593197], "k_pid_alt": [1.2188341146307633, 0.0042339960662725286, 0.02338656285195127], "k_pid_att": [23.32777023966965, 0.3451913662293585, 0.79957686398518], "k_pid_yaw": [0.5, 1e-06, 0.1], "k_pid_hsp": [0.11110884058233823, 0.010021177050166414, 0.0], "k_pid_vsp": [113.2636336203954, 115.40266978189663, 5.342532586257332]}, "datetime": {"datetime": "2025-08-12 00:34:03", "elapsed": 29323.25564432144, "delta": 31.046560525894165}, "costs": {"total_cost": 554.1794272951462, "time_cost": 150, "final_distance_cost": 65.17300566521186, "oscillation_cost": 9.595840920210954, "completition_cost": 222.2222222222222, "overshoot_cost": 53.0127724821502, "power_cost": 21.540882971191408, "noise_cost": 32.634703034159614, "n_waypoints_completed": 7, "tot_waypoints": 9}}
{"target": -185.26975560266547, "params": {"k_pid_pos": [0.7158276076606264, 0.006835036539141054, 0.0006283438526282047], "k_pid_alt": [1.2991470106913963, 0.005784796647214734, 0.010247732416111521], "k_pid_att": [41.10229497899953, 0.27351268201666495, 1.0], "k_pid_yaw": [0.5, 1e-06, 0.1], "k_pid_hsp": [0.07612401143731337, 0.015412783611903633, 0.0], "k_pid_vsp": [74.97492307817208, 109.78897657187481, 5.7059764849398995]}, "datetime": {"datetime": "2025-08-12 00:34:21", "elapsed": 29341.052574634552, "delta": 17.79693031311035}, "costs": {"total_cost": 185.26975560266547, "time_cost": 72.464, "final_distance_cost": 1.789349490623201, "oscillation_cost": 24.54717955377467, "completition_cost": 0.0, "overshoot_cost": 50.78938325982297, "power_cost": 14.465631774902345, "noise_cost": 21.214211523542296, "n_waypoints_completed": 9, "tot_waypoints": 9}}
{"target": -181.28305211600355, "params": {"k_pid_pos": [0.6242024116399579, 0.0049607984002745095, 0.000654240412264574], "k_pid_alt": [1.5344413474423204, 0.005600090326559688, 0.020999907039572625], "k_pid_att": [15.978393106489511, 0.47771779590131835, 1.0], "k_pid_yaw": [0.5, 1e-06, 0.1], "k_pid_hsp": [0.10246572781825532, 0.008713783179612872, 0.0], "k_pid_vsp": [108.8673535552925, 130.70451071925433, 3.9865542269988836]}, "datetime": {"datetime": "2025-08-12 00:34:40", "elapsed": 29360.113486289978, "delta": 19.060911655426025}, "costs": {"total_cost": 181.28305211600355, "time_cost": 70.896, "final_distance_cost": 1.8347202951581023, "oscillation_cost": 22.274639522594693, "completition_cost": 0.0, "overshoot_cost": 51.025284615925955, "power_cost": 14.11771903076172, "noise_cost": 21.13468865156306, "n_waypoints_completed": 9, "tot_waypoints": 9}}
{"target": -183.01616426196563, "params": {"k_pid_pos": [0.6076665059392132, 0.005014908100875647, 0.000704759216310229], "k_pid_alt": [1.6397052162355816, 0.005489389717677759, 0.014566914015077882], "k_pid_att": [34.51001701397566, 0.3688647860696967, 0.6861590955208219], "k_pid_yaw": [0.5, 1e-06, 0.1], "k_pid_hsp": [0.13016028652028486, 0.009514189784479331, 0.0], "k_pid_vsp": [91.7950479916376, 97.36971289210913, 3.9327079086542067]}, "datetime": {"datetime": "2025-08-12 00:34:58", "elapsed": 29377.97950744629, "delta": 17.866021156311035}, "costs": {"total_cost": 183.01616426196563, "time_cost": 70.98, "final_distance_cost": 1.8373024285736086, "oscillation_cost": 23.809851862297432, "completition_cost": 0.0, "overshoot_cost": 50.89065320786727, "power_cost": 14.195001196289063, "noise_cost": 21.303355566938254, "n_waypoints_completed": 9, "tot_waypoints": 9}}
{"target": -182.38246560035907, "params": {"k_pid_pos": [0.5948556589464087, 0.006289455861420612, 0.0007200362073180154], "k_pid_alt": [1.8150567683220487, 0.003036702327414683, 0.009268958125144612], "k_pid_att": [34.146351260785686, 0.3575120846640538, 1.0], "k_pid_yaw": [0.5, 1e-06, 0.1], "k_pid_hsp": [0.10308465750855833, 0.01147665101674379, 0.0], "k_pid_vsp": [46.66248380070204, 146.82059165822116, 3.291576724658272]}, "datetime": {"datetime": "2025-08-12 00:35:16", "elapsed": 29395.744653463364, "delta": 17.765146017074585}, "costs": {"total_cost": 182.38246560035907, "time_cost": 71.134, "final_distance_cost": 1.8313830716499826, "oscillation_cost": 23.14722172424557, "completition_cost": 0.0, "overshoot_cost": 50.917798151033296, "power_cost": 14.330277758789062, "noise_cost": 21.02178489464115, "n_waypoints_completed": 9, "tot_waypoints": 9}}
{"target": -196.33291504081168, "params": {"k_pid_pos": [0.34393682382455887, 0.0038796567110056935, 0.0010309034588437823], "k_pid_alt": [1.6591476419497955, 0.004604890436596079, 0.00404597056122397], "k_pid_att": [30.337455627778258, 0.5302366715859402, 0.7617030741515357], "k_pid_yaw": [0.5, 1e-06, 0.1], "k_pid_hsp": [0.11446361236660259, 0.007667437837836151, 0.0], "k_pid_vsp": [95.7323158484657, 106.17424319890169, 5.61332583282469]}, "datetime": {"datetime": "2025-08-12 00:35:37", "elapsed": 29416.660787820816, "delta": 20.916134357452393}, "costs": {"total_cost": 196.33291504081168, "time_cost": 81.914, "final_distance_cost": 1.8624024560108334, "oscillation_cost": 17.914222572841343, "completition_cost": 0.0, "overshoot_cost": 52.35701317425868, "power_cost": 15.724051733398438, "noise_cost": 26.561225104302398, "n_waypoints_completed": 9, "tot_waypoints": 9}}
{"target": -182.1634750231684, "params": {"k_pid_pos": [0.5270198886525752, 0.006423804932268705, 0.0008343512740038665], "k_pid_alt": [1.4140686489211507, 0.006709734687763989, 0.022176371665299264], "k_pid_att": [19.325094170913307, 0.3633946631317344, 1.0], "k_pid_yaw": [0.5, 1e-06, 0.1], "k_pid_hsp": [0.09063507410504563, 0.013774474807125464, 0.0], "k_pid_vsp": [85.88170714840926, 94.94963717481818, 4.916491470137064]}, "datetime": {"datetime": "2025-08-12 00:35:55", "elapsed": 29434.41776752472, "delta": 17.7569797039032}, "costs": {"total_cost": 182.1634750231684, "time_cost": 72.289, "final_distance_cost": 1.8412038480100723, "oscillation_cost": 20.951576349837815, "completition_cost": 0.0, "overshoot_cost": 51.259315368732935, "power_cost": 14.19454462890625, "noise_cost": 21.62783482768134, "n_waypoints_completed": 9, "tot_waypoints": 9}}
{"target": -186.43562796520976, "params": {"k_pid_pos": [0.6777203616520368, 0.005601100156946009, 0.001033554925479305], "k_pid_alt": [1.7467395914000179, 0.0047076883425043545, 0.012040448944954466], "k_pid_att": [44.94882180894151, 0.47098644161531394, 1.0], "k_pid_yaw": [0.5, 1e-06, 0.1], "k_pid_hsp": [0.0643211116520153, 0.014836582967192466, 0.0], "k_pid_vsp": [80.02548850575297, 118.4317289529914, 5.315313952646464]}, "datetime": {"datetime": "2025-08-12 00:36:14", "elapsed": 29453.565630674362, "delta": 19.147863149642944}, "costs": {"total_cost": 186.43562796520976, "time_cost": 73.563, "final_distance_cost": 1.7955604380567614, "oscillation_cost": 23.279244773709344, "completition_cost": 0.0, "overshoot_cost": 51.65397923045764, "power_cost": 14.56497684326172, "noise_cost": 21.57886667972432, "n_waypoints_completed": 9, "tot_waypoints": 9}}
{"target": -182.97465211173972, "params": {"k_pid_pos": [0.4895024360628863, 0.0035647425785074456, 0.000930865779458038], "k_pid_alt": [1.188625342538421, 0.006486627402836515, 0.01229337898214772], "k_pid_att": [25.12560100067031, 0.2828258174929114, 0.9188341678545603], "k_pid_yaw": [0.5, 1e-06, 0.1], "k_pid_hsp": [0.08303452436783768, 0.013725965513754006, 0.0], "k_pid_vsp": [69.97913434886583, 105.29298788436007, 3.7471373752707855]}, "datetime": {"datetime": "2025-08-12 00:36:32", "elapsed": 29472.251319408417, "delta": 18.685688734054565}, "costs": {"total_cost": 182.97465211173972, "time_cost": 73.29, "final_distance_cost": 1.8438834449796153, "oscillation_cost": 20.069450928044986, "completition_cost": 0.0, "overshoot_cost": 51.65915815785059, "power_cost": 14.33458465576172, "noise_cost": 21.777574925102826, "n_waypoints_completed": 9, "tot_waypoints": 9}}
{"target": -181.65160626118222, "params": {"k_pid_pos": [0.5744593990716756, 0.004260721471141911, 0.0004828746285216576], "k_pid_alt": [1.5607723415711205, 0.00391744170539048, 0.019540580073340304], "k_pid_att": [37.94869621438198, 0.28716553065954936, 0.713173292296413], "k_pid_yaw": [0.5, 1e-06, 0.1], "k_pid_hsp": [0.10240953646515712, 0.01276923086868536, 0.0], "k_pid_vsp": [103.31612599759218, 94.09565390131924, 4.273510275120644]}, "datetime": {"datetime": "2025-08-12 00:36:51", "elapsed": 29490.578816890717, "delta": 18.327497482299805}, "costs": {"total_cost": 181.65160626118222, "time_cost": 71.302, "final_distance_cost": 1.836807418827336, "oscillation_cost": 22.432202577018046, "completition_cost": 0.0, "overshoot_cost": 50.559270867364816, "power_cost": 14.203795837402344, "noise_cost": 21.317529560569675, "n_waypoints_completed": 9, "tot_waypoints": 9}}
{"target": -183.27387202643217, "params": {"k_pid_pos": [0.5158255015264673, 0.005788244966569874, 0.0006212110801084745], "k_pid_alt": [1.2822644534780006, 0.0015785012815973595, 0.023959683778487683], "k_pid_att": [24.322465774355354, 0.3687003592458815, 1.0], "k_pid_yaw": [0.5, 1e-06, 0.1], "k_pid_hsp": [0.11691363670256365, 0.010742941517428032, 0.0], "k_pid_vsp": [66.43660392821823, 76.250281989453, 5.258491296890907]}, "datetime": {"datetime": "2025-08-12 00:37:09", "elapsed": 29509.325757026672, "delta": 18.74694013595581}, "costs": {"total_cost": 183.27387202643217, "time_cost": 72.492, "final_distance_cost": 1.839258090319197, "oscillation_cost": 21.771459896564103, "completition_cost": 0.0, "overshoot_cost": 51.004197358560496, "power_cost": 14.270187805175782, "noise_cost": 21.896768875812565, "n_waypoints_completed": 9, "tot_waypoints": 9}}
{"target": -181.595955787918, "params": {"k_pid_pos": [0.6480756627390848, 0.005882104240694099, 0.0009628817579243778], "k_pid_alt": [1.2644027310162322, 0.0042746005921731264, 0.018750339589520545], "k_pid_att": [45.309468640658196, 0.405977842837677, 1.0], "k_pid_yaw": [0.5, 1e-06, 0.1], "k_pid_hsp": [0.09707525798483167, 0.011235086452631082, 0.0], "k_pid_vsp": [91.26049179468953, 120.48889986585162, 3.1969726897924438]}, "datetime": {"datetime": "2025-08-12 00:37:27", "elapsed": 29526.91111087799, "delta": 17.58535385131836}, "costs": {"total_cost": 181.595955787918, "time_cost": 70.973, "final_distance_cost": 1.8204919618633644, "oscillation_cost": 23.278113916558414, "completition_cost": 0.0, "overshoot_cost": 50.39684270344881, "power_cost": 14.205081945800782, "noise_cost": 20.92242526024667, "n_waypoints_completed": 9, "tot_waypoints": 9}}
{"target": -182.12497036906785, "params": {"k_pid_pos": [0.6011714380184697, 0.00574288148933498, 0.00039137647108557867], "k_pid_alt": [1.0843781916515778, 0.004430392234050042, 0.021065894407623905], "k_pid_att": [43.83574491974215, 0.3295343841879788, 0.7386969703704961], "k_pid_yaw": [0.5, 1e-06, 0.1], "k_pid_hsp": [0.09413538247353548, 0.014586534697644232, 0.0], "k_pid_vsp": [65.19751027234597, 144.72839611386988, 5.077195548629906]}, "datetime": {"datetime": "2025-08-12 00:37:45", "elapsed": 29545.264986038208, "delta": 18.353875160217285}, "costs": {"total_cost": 182.12497036906785, "time_cost": 71.771, "final_distance_cost": 1.8258364146885389, "oscillation_cost": 23.0582560600619, "completition_cost": 0.0, "overshoot_cost": 50.12873815543583, "power_cost": 14.25048427734375, "noise_cost": 21.09065546153783, "n_waypoints_completed": 9, "tot_waypoints": 9}}
{"target": -182.08976229213124, "params": {"k_pid_pos": [0.5581864184758226, 0.007109631569698222, 0.000744204730013045], "k_pid_alt": [1.5093411456996186, 0.005444038455156358, 0.016741838962400807], "k_pid_att": [23.57407977776606, 0.41544934287965635, 0.86607579853862], "k_pid_yaw": [0.5, 1e-06, 0.1], "k_pid_hsp": [0.10993239331891998, 0.010944960615633112, 0.0], "k_pid_vsp": [62.10175695473989, 110.41116899625432, 4.30439987406523]}, "datetime": {"datetime": "2025-08-12 00:38:03", "elapsed": 29562.464740276337, "delta": 17.199754238128662}, "costs": {"total_cost": 182.08976229213124, "time_cost": 71.456, "final_distance_cost": 1.8306302547102287, "oscillation_cost": 22.538481252546212, "completition_cost": 0.0, "overshoot_cost": 50.5961115301051, "power_cost": 14.235398339843751, "noise_cost": 21.43314091492593, "n_waypoints_completed": 9, "tot_waypoints": 9}}
{"target": -184.53439098191416, "params": {"k_pid_pos": [0.7168116393282871, 0.004997613716872521, 0.0004656238466381867], "k_pid_alt": [0.6934879579564965, 0.00406973190302611, 0.010113579805661405], "k_pid_att": [41.33141077994281, 0.43756890299446427, 0.9920555149620774], "k_pid_yaw": [0.5, 1e-06, 0.1], "k_pid_hsp": [0.11572591895676997, 0.012235099325996299, 0.0], "k_pid_vsp": [86.25608053057897, 54.74388204677433, 5.810006554368499]}, "datetime": {"datetime": "2025-08-12 00:38:20", "elapsed": 29580.108993291855, "delta": 17.64425301551819}, "costs": {"total_cost": 184.53439098191416, "time_cost": 72.261, "final_distance_cost": 1.8091820072595524, "oscillation_cost": 24.64881781607386, "completition_cost": 0.0, "overshoot_cost": 50.518776808263176, "power_cost": 14.26227548828125, "noise_cost": 21.034338862036336, "n_waypoints_completed": 9, "tot_waypoints": 9}}
{"target": -185.34128647475703, "params": {"k_pid_pos": [0.6193680648904637, 0.005616285276456919, 0.00047192806771496817], "k_pid_alt": [1.462370248912433, 0.005093174058048048, 0.026318184653059143], "k_pid_att": [42.82516455418736, 0.28832589568036515, 0.8597749993825451], "k_pid_yaw": [0.5, 1e-06, 0.1], "k_pid_hsp": [0.06616290929643409, 0.013146200035615082, 0.0], "k_pid_vsp": [76.75968803500159, 98.93157815351084, 4.278819371317883]}, "datetime": {"datetime": "2025-08-12 00:38:38", "elapsed": 29597.68376636505, "delta": 17.57477307319641}, "costs": {"total_cost": 185.34128647475703, "time_cost": 73.85000000000001, "final_distance_cost": 1.803389054013394, "oscillation_cost": 21.808751782553564, "completition_cost": 0.0, "overshoot_cost": 51.4932528608938, "power_cost": 14.557215856933594, "noise_cost": 21.828676920362685, "n_waypoints_completed": 9, "tot_waypoints": 9}}
{"target": -183.32178279486854, "params": {"k_pid_pos": [0.5108528518981575, 0.003695692342656497, 0.00043367664759911385], "k_pid_alt": [1.63259420198745, 0.0041692588562434124, 0.007177894302048511], "k_pid_att": [46.19050000942485, 0.48816068641305727, 0.8888177283364715], "k_pid_yaw": [0.5, 1e-06, 0.1], "k_pid_hsp": [0.11585020161080761, 0.013228635304531689, 0.0], "k_pid_vsp": [132.01672529373764, 166.92762645561916, 3.4050704290890472]}, "datetime": {"datetime": "2025-08-12 00:38:56", "elapsed": 29615.782695770264, "delta": 18.098929405212402}, "costs": {"total_cost": 183.32178279486854, "time_cost": 72.394, "final_distance_cost": 1.8510773189469842, "oscillation_cost": 22.020185879881417, "completition_cost": 0.0, "overshoot_cost": 50.756906186740714, "power_cost": 14.384091076660157, "noise_cost": 21.915522332639277, "n_waypoints_completed": 9, "tot_waypoints": 9}}
{"target": -184.9834486654041, "params": {"k_pid_pos": [0.5624605046609843, 0.0068491099587975855, 0.0010714386291070658], "k_pid_alt": [1.4240880113127217, 0.004254716530717292, 0.0064306622804992395], "k_pid_att": [39.55494931635361, 0.32556163881259736, 1.0], "k_pid_yaw": [0.5, 1e-06, 0.1], "k_pid_hsp": [0.07225915207925182, 0.009839441243289004, 0.0], "k_pid_vsp": [59.3270177777826, 80.80117736772786, 6.841138323830606]}, "datetime": {"datetime": "2025-08-12 00:39:14", "elapsed": 29634.320018529892, "delta": 18.537322759628296}, "costs": {"total_cost": 184.9834486654041, "time_cost": 74.032, "final_distance_cost": 1.8258970084914723, "oscillation_cost": 20.3985194069216, "completition_cost": 0.0, "overshoot_cost": 52.25559034664254, "power_cost": 14.421834350585938, "noise_cost": 22.049607552762552, "n_waypoints_completed": 9, "tot_waypoints": 9}}
{"target": -182.0633562704429, "params": {"k_pid_pos": [0.5023458937355493, 0.0060482200844231065, 0.0006204686024236189], "k_pid_alt": [1.5405721897241975, 0.0036211776142652773, 0.005605965244316259], "k_pid_att": [39.66765229389126, 0.2872961867754115, 0.9806291249905618], "k_pid_yaw": [0.5, 1e-06, 0.1], "k_pid_hsp": [0.08870658228851212, 0.008021901300426966, 0.0], "k_pid_vsp": [84.20386677088472, 93.90534597038776, 6.031388976280653]}, "datetime": {"datetime": "2025-08-12 00:39:32", "elapsed": 29651.96233010292, "delta": 17.642311573028564}, "costs": {"total_cost": 182.0633562704429, "time_cost": 72.625, "final_distance_cost": 1.84156541241532, "oscillation_cost": 19.757752197013378, "completition_cost": 0.0, "overshoot_cost": 51.739076277845605, "power_cost": 14.174117773437501, "noise_cost": 21.92584460973111, "n_waypoints_completed": 9, "tot_waypoints": 9}}
{"target": -183.54632916253897, "params": {"k_pid_pos": [0.7781943699801842, 0.0059613312203402056, 0.0008317836808951123], "k_pid_alt": [0.9588929873983992, 0.005401304709144669, 0.006358667070096462], "k_pid_att": [59.5882020932581, 0.40512934440215037, 0.5242745932794809], "k_pid_yaw": [0.5, 1e-06, 0.1], "k_pid_hsp": [0.10403681194029, 0.009704334603270602, 0.0], "k_pid_vsp": [83.34010528062844, 104.86283670671084, 5.524861615214621]}, "datetime": {"datetime": "2025-08-12 00:39:50", "elapsed": 29669.89886045456, "delta": 17.936530351638794}, "costs": {"total_cost": 183.54632916253897, "time_cost": 70.812, "final_distance_cost": 1.8067966881121171, "oscillation_cost": 25.3556484868605, "completition_cost": 0.0, "overshoot_cost": 50.62398409619429, "power_cost": 14.216005981445313, "noise_cost": 20.731893909926743, "n_waypoints_completed": 9, "tot_waypoints": 9}}
{"target": -182.2337860085002, "params": {"k_pid_pos": [0.7502221870986551, 0.0062032570400958505, 0.0007798019428146343], "k_pid_alt": [1.3731986727904033, 0.00628049380812729, 0.019592587546028814], "k_pid_att": [29.435680121030853, 0.35875017775754775, 0.8427277379191972], "k_pid_yaw": [0.5, 1e-06, 0.1], "k_pid_hsp": [0.11181207695009499, 0.01281390948599967, 0.0], "k_pid_vsp": [86.71050969831249, 118.27917156272896, 7.691997588859832]}, "datetime": {"datetime": "2025-08-12 00:40:07", "elapsed": 29686.98785161972, "delta": 17.088991165161133}, "costs": {"total_cost": 182.2337860085002, "time_cost": 69.986, "final_distance_cost": 1.813093333300267, "oscillation_cost": 25.45788246275456, "completition_cost": 0.0, "overshoot_cost": 50.24568302099074, "power_cost": 14.165841638183595, "noise_cost": 20.56528555327103, "n_waypoints_completed": 9, "tot_waypoints": 9}}
