{"target": -182.09078083414047, "params": {"k_pid_pos": [0.5404622424342893, 0.004978311276155978, 0.0006772726225845149], "k_pid_alt": [1.466042607439541, 0.004228203631968056, 0.005942391108318924], "k_pid_att": [30.75981885969856, 0.4289215661892491, 0.8550439836147549], "k_pid_yaw": [0.5, 1e-06, 0.1], "k_pid_hsp": [0.11045125363355275, 0.010355656754131469, 0.0], "k_pid_vsp": [98.11707428471364, 154.38664460863905, 4.999205310021997]}, "datetime": {"datetime": "2025-08-12 03:08:04", "elapsed": 38564.280603170395, "delta": 18.46530771255493}, "costs": {"total_cost": 182.09078083414047, "time_cost": 71.715, "final_distance_cost": 1.8351712301708112, "oscillation_cost": 21.91288026229335, "completition_cost": 0.0, "overshoot_cost": 50.97567400289695, "power_cost": 14.1993021484375, "noise_cost": 21.45275319034186, "n_waypoints_completed": 9, "tot_waypoints": 9}}
{"target": -181.58144547088136, "params": {"k_pid_pos": [0.5774270067299438, 0.007214739914234554, 0.0006618805468820008], "k_pid_alt": [1.7460540899774672, 0.005155048584972479, 0.006028381007719683], "k_pid_att": [36.57382929820954, 0.2697924732393922, 0.8320625244761164], "k_pid_yaw": [0.5, 1e-06, 0.1], "k_pid_hsp": [0.094789526600763, 0.008081810159859303, 0.0], "k_pid_vsp": [92.91888057760109, 144.52732747469807, 7.50277782760449]}, "datetime": {"datetime": "2025-08-12 03:08:23", "elapsed": 38582.82600927353, "delta": 18.545406103134155}, "costs": {"total_cost": 181.58144547088136, "time_cost": 71.561, "final_distance_cost": 1.810368407449839, "oscillation_cost": 21.416619838135286, "completition_cost": 0.0, "overshoot_cost": 51.33357677144977, "power_cost": 14.20576990966797, "noise_cost": 21.254110544178484, "n_waypoints_completed": 9, "tot_waypoints": 9}}
{"target": -191.25724103873404, "params": {"k_pid_pos": [0.35279460035123306, 0.005232273335403263, 0.0007037786146400697], "k_pid_alt": [1.2173704582691496, 0.005021807757960037, 0.006839917800414984], "k_pid_att": [29.109595393677825, 0.349714485410815, 0.7294777523912642], "k_pid_yaw": [0.5, 1e-06, 0.1], "k_pid_hsp": [0.0915007152217258, 0.010099605102921605, 0.0], "k_pid_vsp": [109.8982966573604, 128.6685199066956, 4.1607250946188135]}, "datetime": {"datetime": "2025-08-12 03:08:44", "elapsed": 38603.468316316605, "delta": 20.64230704307556}, "costs": {"total_cost": 191.25724103873404, "time_cost": 79.408, "final_distance_cost": 1.8595628167073515, "oscillation_cost": 17.02209156535931, "completition_cost": 0.0, "overshoot_cost": 52.58861935841027, "power_cost": 15.239751806640626, "noise_cost": 25.139215491616483, "n_waypoints_completed": 9, "tot_waypoints": 9}}
{"target": -182.00819302837274, "params": {"k_pid_pos": [0.5416271998687769, 0.008611252228502352, 0.0007434537165045226], "k_pid_alt": [1.2895039700505893, 0.005639996136564904, 0.0025026555769693246], "k_pid_att": [37.700437918263226, 0.3633188149983979, 0.983068049812966], "k_pid_yaw": [0.5, 1e-06, 0.1], "k_pid_hsp": [0.09508688378324426, 0.0077967098639153375, 0.0], "k_pid_vsp": [87.24701355256201, 114.33237038513653, 7.037544072122803]}, "datetime": {"datetime": "2025-08-12 03:09:01", "elapsed": 38621.28364300728, "delta": 17.815326690673828}, "costs": {"total_cost": 182.00819302837274, "time_cost": 71.96000000000001, "final_distance_cost": 1.8359443949844365, "oscillation_cost": 20.80544855358768, "completition_cost": 0.0, "overshoot_cost": 51.60720282353505, "power_cost": 14.239505639648439, "noise_cost": 21.560091616617132, "n_waypoints_completed": 9, "tot_waypoints": 9}}
{"target": -182.2726070294074, "params": {"k_pid_pos": [0.6210472507968751, 0.006749876915910166, 0.0006463236008657382], "k_pid_alt": [1.3796352763349808, 0.005070656005596792, 0.0063962201772249485], "k_pid_att": [43.5317054565701, 0.4131908273584369, 0.8188152881697982], "k_pid_yaw": [0.5, 1e-06, 0.1], "k_pid_hsp": [0.10077093807508732, 0.011076185842292521, 0.0], "k_pid_vsp": [124.81204011265964, 76.01786464359294, 8.215830006203047]}, "datetime": {"datetime": "2025-08-12 03:09:21", "elapsed": 38640.84074258804, "delta": 19.55709958076477}, "costs": {"total_cost": 182.2726070294074, "time_cost": 71.057, "final_distance_cost": 1.8233909319800565, "oscillation_cost": 22.988792484991627, "completition_cost": 0.0, "overshoot_cost": 51.09133741470492, "power_cost": 14.156800146484375, "noise_cost": 21.155286051246396, "n_waypoints_completed": 9, "tot_waypoints": 9}}
{"target": -184.85111326953995, "params": {"k_pid_pos": [0.4023235993063949, 0.008300401365386055, 0.0005625812658504622], "k_pid_alt": [1.142122735431009, 0.004296155188200281, 0.009225184040852413], "k_pid_att": [31.981079814611594, 0.37473446030364893, 0.9508256810387965], "k_pid_yaw": [0.5, 1e-06, 0.1], "k_pid_hsp": [0.08698355957068347, 0.010511904287818591, 0.0], "k_pid_vsp": [164.7798745131175, 116.07121817608213, 7.175150380002712]}, "datetime": {"datetime": "2025-08-12 03:09:40", "elapsed": 38659.65200328827, "delta": 18.81126070022583}, "costs": {"total_cost": 184.85111326953995, "time_cost": 75.761, "final_distance_cost": 1.842754426631012, "oscillation_cost": 17.89415025977362, "completition_cost": 0.0, "overshoot_cost": 51.69199757320507, "power_cost": 14.610500207519532, "noise_cost": 23.050710802410705, "n_waypoints_completed": 9, "tot_waypoints": 9}}
{"target": -182.1060396468735, "params": {"k_pid_pos": [0.5279840697017174, 0.007510319356242822, 0.0006012756896754144], "k_pid_alt": [1.3241812579595909, 0.0030208193583101182, 0.011797949698470792], "k_pid_att": [40.038518595045794, 0.28072293729523684, 0.760560547496068], "k_pid_yaw": [0.5, 1e-06, 0.1], "k_pid_hsp": [0.10550261243006127, 0.009702264389763049, 0.0], "k_pid_vsp": [167.66547233738711, 143.6601870601661, 6.380210550563363]}, "datetime": {"datetime": "2025-08-12 03:09:59", "elapsed": 38678.37170648575, "delta": 18.719703197479248}, "costs": {"total_cost": 182.1060396468735, "time_cost": 72.002, "final_distance_cost": 1.8440184277733596, "oscillation_cost": 21.27490810552581, "completition_cost": 0.0, "overshoot_cost": 51.1419359037124, "power_cost": 14.239643493652345, "noise_cost": 21.603533716209583, "n_waypoints_completed": 9, "tot_waypoints": 9}}
{"target": -181.77635393588446, "params": {"k_pid_pos": [0.6846308200104808, 0.00904824253943725, 0.0007356148657990971], "k_pid_alt": [1.8097382469951893, 0.004668235571962929, 0.008235209666601484], "k_pid_att": [36.0662251206661, 0.4283382003992809, 0.9164669519074454], "k_pid_yaw": [0.5, 1e-06, 0.1], "k_pid_hsp": [0.10712298387307972, 0.00805767290446565, 0.0], "k_pid_vsp": [105.62909395366177, 128.05245925728408, 7.812829701740557]}, "datetime": {"datetime": "2025-08-12 03:10:17", "elapsed": 38696.80396819115, "delta": 18.43226170539856}, "costs": {"total_cost": 181.77635393588446, "time_cost": 70.511, "final_distance_cost": 1.8301751506377346, "oscillation_cost": 23.554173485561996, "completition_cost": 0.0, "overshoot_cost": 50.85528009679003, "power_cost": 14.166093041992188, "noise_cost": 20.859632160902517, "n_waypoints_completed": 9, "tot_waypoints": 9}}
{"target": -183.70413419375032, "params": {"k_pid_pos": [0.834885313142336, 0.007150922318101302, 0.0006792659577010965], "k_pid_alt": [1.5320835876384675, 0.003926776604997762, 0.006896481824852707], "k_pid_att": [45.65333771334005, 0.25525586964337094, 0.9399788461285871], "k_pid_yaw": [0.5, 1e-06, 0.1], "k_pid_hsp": [0.10383019204070427, 0.010601573206806436, 0.0], "k_pid_vsp": [122.79131977475645, 128.52137180182413, 4.050809328664778]}, "datetime": {"datetime": "2025-08-12 03:10:34", "elapsed": 38713.77526164055, "delta": 16.971293449401855}, "costs": {"total_cost": 183.70413419375032, "time_cost": 70.056, "final_distance_cost": 1.8229343061264833, "oscillation_cost": 26.05997510177282, "completition_cost": 0.0, "overshoot_cost": 50.88650548888525, "power_cost": 14.266662048339844, "noise_cost": 20.612057248625952, "n_waypoints_completed": 9, "tot_waypoints": 9}}
{"target": -181.81078415211408, "params": {"k_pid_pos": [0.6284969539825064, 0.008093089104967012, 0.0006033664788510175], "k_pid_alt": [1.5224220769818961, 0.005171198180843037, 0.004499689100059333], "k_pid_att": [45.14496942865595, 0.42398110160786723, 0.831314350284177], "k_pid_yaw": [0.5, 1e-06, 0.1], "k_pid_hsp": [0.11867567082988473, 0.010776518448464154, 0.0], "k_pid_vsp": [123.01799761786866, 114.59319858935118, 6.001581962529095]}, "datetime": {"datetime": "2025-08-12 03:10:52", "elapsed": 38732.13546204567, "delta": 18.36020040512085}, "costs": {"total_cost": 181.81078415211408, "time_cost": 70.644, "final_distance_cost": 1.8294953920753942, "oscillation_cost": 23.496282316678297, "completition_cost": 0.0, "overshoot_cost": 50.60531267323289, "power_cost": 14.155701000976563, "noise_cost": 21.079992769150945, "n_waypoints_completed": 9, "tot_waypoints": 9}}
{"target": -182.21232168730836, "params": {"k_pid_pos": [0.5196663410634225, 0.00640335545524678, 0.0007374881942937662], "k_pid_alt": [1.6389611061882252, 0.005760050814549421, 0.011457588779211188], "k_pid_att": [45.4267580296569, 0.42046014586900515, 0.7361461332636386], "k_pid_yaw": [0.5, 1e-06, 0.1], "k_pid_hsp": [0.10728636300735417, 0.010057673697253007, 0.0], "k_pid_vsp": [132.3547728626521, 154.28796626340056, 8.351645927631184]}, "datetime": {"datetime": "2025-08-12 03:11:11", "elapsed": 38751.12039375305, "delta": 18.984931707382202}, "costs": {"total_cost": 182.21232168730836, "time_cost": 72.058, "final_distance_cost": 1.8352883959728292, "oscillation_cost": 21.384911870857472, "completition_cost": 0.0, "overshoot_cost": 51.01005206606381, "power_cost": 14.538984509277345, "noise_cost": 21.385084845136888, "n_waypoints_completed": 9, "tot_waypoints": 9}}
{"target": -182.79791966590656, "params": {"k_pid_pos": [0.5723456619078757, 0.0072160840838098005, 0.0007272472143083807], "k_pid_alt": [1.6929941976318226, 0.005149750054857175, 0.009693776489340384], "k_pid_att": [39.0834322415864, 0.453993484859948, 1.0], "k_pid_yaw": [0.5, 1e-06, 0.1], "k_pid_hsp": [0.08688061218545999, 0.00915648633617398, 0.0], "k_pid_vsp": [133.90327378118755, 61.90712815583089, 5.863984443382435]}, "datetime": {"datetime": "2025-08-12 03:11:30", "elapsed": 38769.899548769, "delta": 18.779155015945435}, "costs": {"total_cost": 182.79791966590656, "time_cost": 72.33800000000001, "final_distance_cost": 1.8119211529178376, "oscillation_cost": 21.09762395658998, "completition_cost": 0.0, "overshoot_cost": 51.65722418994624, "power_cost": 14.232860485839845, "noise_cost": 21.660289880612662, "n_waypoints_completed": 9, "tot_waypoints": 9}}
{"target": -182.19861453343472, "params": {"k_pid_pos": [0.5537698208308103, 0.006499819657971105, 0.0006955082273085141], "k_pid_alt": [1.2226269791777855, 0.0055957912419124884, 0.007704568441719452], "k_pid_att": [37.55513500113758, 0.4362126652463907, 0.8180277346885972], "k_pid_yaw": [0.5, 1e-06, 0.1], "k_pid_hsp": [0.11141702685015238, 0.008614117217590497, 0.0], "k_pid_vsp": [130.7491077475097, 121.39412333202306, 7.612816231013721]}, "datetime": {"datetime": "2025-08-12 03:11:48", "elapsed": 38787.58231496811, "delta": 17.68276619911194}, "costs": {"total_cost": 182.19861453343472, "time_cost": 71.72200000000001, "final_distance_cost": 1.844269986951187, "oscillation_cost": 21.989680796593188, "completition_cost": 0.0, "overshoot_cost": 51.06153546677358, "power_cost": 14.171015527343751, "noise_cost": 21.410112755773014, "n_waypoints_completed": 9, "tot_waypoints": 9}}
{"target": -182.20967896051314, "params": {"k_pid_pos": [0.7179472890060451, 0.007087076685446799, 0.0005605614355233046], "k_pid_alt": [1.6597697675952465, 0.004342215821557891, 0.007214785720964328], "k_pid_att": [40.215393220892246, 0.39279726576367535, 0.864317004022079], "k_pid_yaw": [0.5, 1e-06, 0.1], "k_pid_hsp": [0.10046842703054738, 0.009439167767723113, 0.0], "k_pid_vsp": [84.5210189318841, 146.28525814877352, 5.593051628885269]}, "datetime": {"datetime": "2025-08-12 03:12:06", "elapsed": 38805.78495645523, "delta": 18.202641487121582}, "costs": {"total_cost": 182.20967896051314, "time_cost": 70.462, "final_distance_cost": 1.818217415469715, "oscillation_cost": 24.398717517272257, "completition_cost": 0.0, "overshoot_cost": 50.6369146546274, "power_cost": 14.160262133789063, "noise_cost": 20.733567239354688, "n_waypoints_completed": 9, "tot_waypoints": 9}}
{"target": -182.10821249708306, "params": {"k_pid_pos": [0.620916081160355, 0.005536292661634153, 0.0006574847866562243], "k_pid_alt": [1.3049596912054489, 0.005013405069659357, 0.005899755694336119], "k_pid_att": [35.41850048702802, 0.25770384877431596, 0.5419445142771107], "k_pid_yaw": [0.5, 1e-06, 0.1], "k_pid_hsp": [0.09063992592973084, 0.008691148480503494, 0.0], "k_pid_vsp": [127.79361323501655, 120.74562825908508, 3.519326746008654]}, "datetime": {"datetime": "2025-08-12 03:12:24", "elapsed": 38823.552634477615, "delta": 17.767678022384644}, "costs": {"total_cost": 182.10821249708306, "time_cost": 71.428, "final_distance_cost": 1.8115047517737275, "oscillation_cost": 22.067562891256618, "completition_cost": 0.0, "overshoot_cost": 51.35899410595309, "power_cost": 14.217737316894532, "noise_cost": 21.2244134312051, "n_waypoints_completed": 9, "tot_waypoints": 9}}
{"target": -184.1794538630617, "params": {"k_pid_pos": [0.6577416275890821, 0.005768779049278384, 0.0008036693241110425], "k_pid_alt": [1.5130649388747528, 0.005540954105588504, 0.007777608619300959], "k_pid_att": [45.05031602433265, 0.4320034035105798, 0.6661849805911083], "k_pid_yaw": [0.5, 1e-06, 0.1], "k_pid_hsp": [0.07582954732095236, 0.010958196901723123, 0.0], "k_pid_vsp": [95.94998313940982, 134.5598557395911, 6.658552382391247]}, "datetime": {"datetime": "2025-08-12 03:12:44", "elapsed": 38843.4257478714, "delta": 19.87311339378357}, "costs": {"total_cost": 184.1794538630617, "time_cost": 72.737, "final_distance_cost": 1.800285550488666, "oscillation_cost": 22.647664680606518, "completition_cost": 0.0, "overshoot_cost": 51.25087193673774, "power_cost": 14.367475415039063, "noise_cost": 21.376156280189754, "n_waypoints_completed": 9, "tot_waypoints": 9}}
{"target": -181.51721196406052, "params": {"k_pid_pos": [0.624312272511596, 0.006647109991374314, 0.0006728645043873647], "k_pid_alt": [1.1526142235776575, 0.004209797603743102, 0.006537097242540739], "k_pid_att": [39.89966852234138, 0.42134528678450517, 0.8515774755558416], "k_pid_yaw": [0.5, 1e-06, 0.1], "k_pid_hsp": [0.096132665628616, 0.009809087643461811, 0.0], "k_pid_vsp": [119.02997797857172, 103.46723316554586, 5.806134473938972]}, "datetime": {"datetime": "2025-08-12 03:13:01", "elapsed": 38861.18040013313, "delta": 17.75465226173401}, "costs": {"total_cost": 181.51721196406052, "time_cost": 71.295, "final_distance_cost": 1.8302955574737407, "oscillation_cost": 22.496138122420607, "completition_cost": 0.0, "overshoot_cost": 50.761178154050306, "power_cost": 14.064270617675781, "noise_cost": 21.070329512440082, "n_waypoints_completed": 9, "tot_waypoints": 9}}
{"target": -182.18830807010528, "params": {"k_pid_pos": [0.5073447581950965, 0.007131337519036707, 0.0006506505257042799], "k_pid_alt": [1.229740088942978, 0.004866435921568649, 0.006347789827308647], "k_pid_att": [36.83160139569726, 0.3408302491019597, 0.84489135938434], "k_pid_yaw": [0.5, 1e-06, 0.1], "k_pid_hsp": [0.10607231155456016, 0.011057285546988557, 0.0], "k_pid_vsp": [120.98974751088313, 96.7754720533174, 5.568777759096616]}, "datetime": {"datetime": "2025-08-12 03:13:21", "elapsed": 38880.96999812126, "delta": 19.789597988128662}, "costs": {"total_cost": 182.18830807010528, "time_cost": 72.499, "final_distance_cost": 1.8375681678852185, "oscillation_cost": 21.054580840272862, "completition_cost": 0.0, "overshoot_cost": 50.673154834843665, "power_cost": 14.239055395507814, "noise_cost": 21.884948831595732, "n_waypoints_completed": 9, "tot_waypoints": 9}}
{"target": -187.5520041181024, "params": {"k_pid_pos": [0.5440772683691747, 0.007623619335328603, 0.00044353634623197686], "k_pid_alt": [1.7401214036041004, 0.004468114432557989, 0.004868191278088226], "k_pid_att": [38.46442897715034, 0.2510577360417742, 0.9214802825554805], "k_pid_yaw": [0.5, 1e-06, 0.1], "k_pid_hsp": [0.06030936081571492, 0.008937222852337267, 0.0], "k_pid_vsp": [117.35574354791368, 96.25738067241002, 4.171977941977658]}, "datetime": {"datetime": "2025-08-12 03:13:42", "elapsed": 38901.78789305687, "delta": 20.81789493560791}, "costs": {"total_cost": 187.5520041181024, "time_cost": 76.16, "final_distance_cost": 1.811633300940471, "oscillation_cost": 18.743925565094518, "completition_cost": 0.0, "overshoot_cost": 53.24928316512197, "power_cost": 14.773597717285156, "noise_cost": 22.813564369660273, "n_waypoints_completed": 9, "tot_waypoints": 9}}
{"target": -181.93825098874112, "params": {"k_pid_pos": [0.5734389396938143, 0.005911343228624105, 0.0005391329362070656], "k_pid_alt": [1.4559118018987693, 0.00598884322667222, 0.008779289272616049], "k_pid_att": [37.01075776302855, 0.3909902005937405, 0.874334706805289], "k_pid_yaw": [0.5, 1e-06, 0.1], "k_pid_hsp": [0.09977894696888522, 0.008341141033711719, 0.0], "k_pid_vsp": [162.69994221718107, 108.14579692599777, 5.758993729736912]}, "datetime": {"datetime": "2025-08-12 03:14:01", "elapsed": 38920.79915356636, "delta": 19.011260509490967}, "costs": {"total_cost": 181.93825098874112, "time_cost": 71.449, "final_distance_cost": 1.822195532250494, "oscillation_cost": 21.72240388304129, "completition_cost": 0.0, "overshoot_cost": 51.42397035495784, "power_cost": 14.106798083496095, "noise_cost": 21.41388313499538, "n_waypoints_completed": 9, "tot_waypoints": 9}}
{"target": -181.62888675726595, "params": {"k_pid_pos": [0.5684117738100732, 0.006329670773940972, 0.0007337993581395041], "k_pid_alt": [1.4947101603493156, 0.005929131227946215, 0.00783969691886609], "k_pid_att": [34.76383279787778, 0.2046974296223724, 1.0], "k_pid_yaw": [0.5, 1e-06, 0.1], "k_pid_hsp": [0.09776611175776562, 0.010035311811497338, 0.0], "k_pid_vsp": [113.40455430021842, 131.6066334702824, 5.991517079174339]}, "datetime": {"datetime": "2025-08-12 03:14:19", "elapsed": 38939.03365468979, "delta": 18.234501123428345}, "costs": {"total_cost": 181.62888675726595, "time_cost": 71.456, "final_distance_cost": 1.817790130423449, "oscillation_cost": 21.73406966317121, "completition_cost": 0.0, "overshoot_cost": 51.0849124724747, "power_cost": 14.176103088378907, "noise_cost": 21.36001140281768, "n_waypoints_completed": 9, "tot_waypoints": 9}}
{"target": -185.26839258884632, "params": {"k_pid_pos": [0.6433371527585424, 0.006740933657915635, 0.0005571693376220061], "k_pid_alt": [1.6362204572390884, 0.004585204459175168, 0.003245631900360075], "k_pid_att": [37.61403587511933, 0.3696112633319686, 0.8456531468042373], "k_pid_yaw": [0.5, 1e-06, 0.1], "k_pid_hsp": [0.07076489268162921, 0.008519714770589925, 0.0], "k_pid_vsp": [130.84883991206559, 142.2819802924835, 5.997960176268734]}, "datetime": {"datetime": "2025-08-12 03:14:37", "elapsed": 38957.150010585785, "delta": 18.116355895996094}, "costs": {"total_cost": 185.26839258884632, "time_cost": 73.577, "final_distance_cost": 1.79588010885201, "oscillation_cost": 21.69189390528477, "completition_cost": 0.0, "overshoot_cost": 51.952398356838444, "power_cost": 14.460911657714844, "noise_cost": 21.79030856015626, "n_waypoints_completed": 9, "tot_waypoints": 9}}
{"target": -186.12460870244928, "params": {"k_pid_pos": [0.5940862725464617, 0.006109355559987002, 0.0006165890536270726], "k_pid_alt": [1.1331609919793584, 0.004068821563777549, 0.00821910298440562], "k_pid_att": [49.33785653818635, 0.34592653838932486, 0.8987214961717882], "k_pid_yaw": [0.5, 1e-06, 0.1], "k_pid_hsp": [0.06577922185503772, 0.008620905704163788, 0.0], "k_pid_vsp": [95.05129174110056, 98.31857092966919, 4.732244959928413]}, "datetime": {"datetime": "2025-08-12 03:14:57", "elapsed": 38977.32256245613, "delta": 20.17255187034607}, "costs": {"total_cost": 186.12460870244928, "time_cost": 74.921, "final_distance_cost": 1.8137836670093952, "oscillation_cost": 20.211204745351136, "completition_cost": 0.0, "overshoot_cost": 52.38668957974336, "power_cost": 14.576298010253907, "noise_cost": 22.215632700091465, "n_waypoints_completed": 9, "tot_waypoints": 9}}
{"target": -184.06525736995775, "params": {"k_pid_pos": [0.4015282365666549, 0.007282723580654423, 0.0006032091662368426], "k_pid_alt": [1.7532303723476428, 0.004925900985777418, 0.005749319575363253], "k_pid_att": [32.55454335212783, 0.3771418039117716, 0.729997243766349], "k_pid_yaw": [0.5, 1e-06, 0.1], "k_pid_hsp": [0.07856663451447372, 0.010440106789746195, 0.0], "k_pid_vsp": [73.87403339609074, 139.32587148524695, 6.48763944683109]}, "datetime": {"datetime": "2025-08-12 03:15:16", "elapsed": 38996.282319545746, "delta": 18.959757089614868}, "costs": {"total_cost": 184.06525736995775, "time_cost": 75.32000000000001, "final_distance_cost": 1.8396217579459906, "oscillation_cost": 17.336750411505825, "completition_cost": 0.0, "overshoot_cost": 52.00323426491277, "power_cost": 14.609954028320313, "noise_cost": 22.955696907272824, "n_waypoints_completed": 9, "tot_waypoints": 9}}
{"target": -183.73444826791263, "params": {"k_pid_pos": [0.7023627344206661, 0.005387064153112228, 0.0004173180552652953], "k_pid_alt": [1.2909923983842897, 0.004428213932018273, 0.007100006831637616], "k_pid_att": [37.957013492213534, 0.37634579431838994, 1.0], "k_pid_yaw": [0.5, 1e-06, 0.1], "k_pid_hsp": [0.08814970490263563, 0.00999811121634899, 0.0], "k_pid_vsp": [118.57169513840847, 131.74724358635777, 7.214291091253185]}, "datetime": {"datetime": "2025-08-12 03:15:35", "elapsed": 39014.864897966385, "delta": 18.582578420639038}, "costs": {"total_cost": 183.73444826791263, "time_cost": 71.778, "final_distance_cost": 1.8107810982727182, "oscillation_cost": 23.740078630657713, "completition_cost": 0.0, "overshoot_cost": 50.99806696575355, "power_cost": 14.272643786621094, "noise_cost": 21.134877786607507, "n_waypoints_completed": 9, "tot_waypoints": 9}}
