{"target": -181.93688767589686, "params": {"k_pid_pos": [0.6539552349287887, 0.004714596557544602, 0.0006607940860883611], "k_pid_alt": [1.0629002973595225, 0.004750174651024885, 0.006070150922001287], "k_pid_att": [30.525431379278633, 0.3934608688858748, 1.0], "k_pid_yaw": [0.5, 1e-06, 0.1], "k_pid_hsp": [0.08954291573211265, 0.004271345324265205, 0.0], "k_pid_vsp": [111.21706810525671, 152.8815466698552, 7.929914208266079]}, "datetime": {"datetime": "2025-08-12 02:13:26", "elapsed": 35285.76679730415, "delta": 18.951594829559326}, "costs": {"total_cost": 181.93688767589686, "time_cost": 71.72200000000001, "final_distance_cost": 1.8149556964291538, "oscillation_cost": 21.921898234611458, "completition_cost": 0.0, "overshoot_cost": 51.223783253693966, "power_cost": 14.148226147460939, "noise_cost": 21.10602434370134, "n_waypoints_completed": 9, "tot_waypoints": 9}}
{"target": -182.2502839740424, "params": {"k_pid_pos": [0.5707640835102027, 0.006357190236599118, 0.0003767231102958883], "k_pid_alt": [0.919106868969655, 0.00637664085374454, 0.008929922500378032], "k_pid_att": [20.269017418076583, 0.30314378256113694, 0.7054597723307324], "k_pid_yaw": [0.5, 1e-06, 0.1], "k_pid_hsp": [0.08617291164834073, 0.008846493101026512, 0.0], "k_pid_vsp": [176.47131540255756, 141.46674241844076, 6.180205338101804]}, "datetime": {"datetime": "2025-08-12 02:13:44", "elapsed": 35303.51759147644, "delta": 17.750794172286987}, "costs": {"total_cost": 182.2502839740424, "time_cost": 72.751, "final_distance_cost": 1.8253363370659743, "oscillation_cost": 20.927959387656866, "completition_cost": 0.0, "overshoot_cost": 51.2056898861512, "power_cost": 14.185078173828126, "noise_cost": 21.355220189340233, "n_waypoints_completed": 9, "tot_waypoints": 9}}
{"target": -183.5914398510647, "params": {"k_pid_pos": [0.6948524037955242, 0.008146427830543744, 0.000768653694899026], "k_pid_alt": [1.3183699495470187, 0.003339067764856514, 0.005796276140151707], "k_pid_att": [31.610149603372108, 0.2790371409060923, 0.9665667156071823], "k_pid_yaw": [0.5, 1e-06, 0.1], "k_pid_hsp": [0.08650563632182096, 0.009591201092186757, 0.0], "k_pid_vsp": [143.2327563891832, 98.37261158665724, 6.504668663240707]}, "datetime": {"datetime": "2025-08-12 02:14:02", "elapsed": 35321.899654626846, "delta": 18.382063150405884}, "costs": {"total_cost": 183.5914398510647, "time_cost": 72.065, "final_distance_cost": 1.8025166094856608, "oscillation_cost": 23.293490111652552, "completition_cost": 0.0, "overshoot_cost": 50.99711265521677, "power_cost": 14.272430126953125, "noise_cost": 21.160890347756617, "n_waypoints_completed": 9, "tot_waypoints": 9}}
{"target": -183.7345658848994, "params": {"k_pid_pos": [0.49161562289919397, 0.005850066905095278, 0.00039315566935074287], "k_pid_alt": [1.4974625247879274, 0.0039795301935759, 0.009268822314547735], "k_pid_att": [32.42807043733871, 0.28753533555843713, 0.8760851230248635], "k_pid_yaw": [0.5, 1e-06, 0.1], "k_pid_hsp": [0.12014703625286359, 0.00667860064765598, 0.0], "k_pid_vsp": [107.97605994769685, 104.45543259792203, 5.961158875062953]}, "datetime": {"datetime": "2025-08-12 02:14:20", "elapsed": 35340.15201282501, "delta": 18.252358198165894}, "costs": {"total_cost": 183.7345658848994, "time_cost": 73.038, "final_distance_cost": 1.8402227743412576, "oscillation_cost": 20.96253222851981, "completition_cost": 0.0, "overshoot_cost": 51.34011450703417, "power_cost": 14.328285498046876, "noise_cost": 22.225410876957312, "n_waypoints_completed": 9, "tot_waypoints": 9}}
{"target": -181.94227998356126, "params": {"k_pid_pos": [0.7374613855275745, 0.005240787582308813, 0.0006321765249990078], "k_pid_alt": [1.523286489947, 0.003914385904098427, 0.009791553094520691], "k_pid_att": [30.97444188691013, 0.3935434824499642, 0.9944712312877181], "k_pid_yaw": [0.5, 1e-06, 0.1], "k_pid_hsp": [0.12212640747359421, 0.007584498088125183, 0.0], "k_pid_vsp": [126.39400122534398, 114.43228560259314, 6.614642755560726]}, "datetime": {"datetime": "2025-08-12 02:14:38", "elapsed": 35358.3515663147, "delta": 18.19955348968506}, "costs": {"total_cost": 181.94227998356126, "time_cost": 69.888, "final_distance_cost": 1.8191909096891368, "oscillation_cost": 24.58787183850573, "completition_cost": 0.0, "overshoot_cost": 50.778259765025894, "power_cost": 14.088385400390626, "noise_cost": 20.780572069949866, "n_waypoints_completed": 9, "tot_waypoints": 9}}
{"target": -182.51739151374514, "params": {"k_pid_pos": [0.5394475736816119, 0.004682979178717703, 0.0006219564339459099], "k_pid_alt": [1.5914542573533008, 0.003390531315872927, 0.00534431564211347], "k_pid_att": [36.143205093703806, 0.4705994978667163, 0.8007001722099135], "k_pid_yaw": [0.5, 1e-06, 0.1], "k_pid_hsp": [0.11460195168478543, 0.008918861774750387, 0.0], "k_pid_vsp": [154.49668842406183, 98.66632786680778, 7.443593091354894]}, "datetime": {"datetime": "2025-08-12 02:14:57", "elapsed": 35376.79511928558, "delta": 18.44355297088623}, "costs": {"total_cost": 182.51739151374514, "time_cost": 71.834, "final_distance_cost": 1.8332236364677208, "oscillation_cost": 21.976368928277918, "completition_cost": 0.0, "overshoot_cost": 50.99393707058311, "power_cost": 14.223352893066407, "noise_cost": 21.656508985349962, "n_waypoints_completed": 9, "tot_waypoints": 9}}
{"target": -183.99773573081504, "params": {"k_pid_pos": [0.6290374866316655, 0.006671142780776629, 0.000810224875740546], "k_pid_alt": [1.782351231168967, 0.0042823282531109395, 0.00324961247682498], "k_pid_att": [28.36444125835853, 0.30812317385679155, 1.0], "k_pid_yaw": [0.5, 1e-06, 0.1], "k_pid_hsp": [0.07919111095893334, 0.010981325389007828, 0.0], "k_pid_vsp": [145.47918207178947, 121.87950203250212, 5.400192981406533]}, "datetime": {"datetime": "2025-08-12 02:15:15", "elapsed": 35395.139724969864, "delta": 18.344605684280396}, "costs": {"total_cost": 183.99773573081504, "time_cost": 72.632, "final_distance_cost": 1.8265595213912702, "oscillation_cost": 22.08365144168483, "completition_cost": 0.0, "overshoot_cost": 51.409685884535705, "power_cost": 14.507292907714845, "noise_cost": 21.538545975488372, "n_waypoints_completed": 9, "tot_waypoints": 9}}
{"target": -181.8533558869721, "params": {"k_pid_pos": [0.6749268652555095, 0.0053363423244201895, 0.0004332928159131233], "k_pid_alt": [1.2440437006806997, 0.005139290976563883, 0.003749707162028266], "k_pid_att": [35.07976262060189, 0.421534505716693, 0.6877711534492645], "k_pid_yaw": [0.5, 1e-06, 0.1], "k_pid_hsp": [0.10261601485957428, 0.007977372070944495, 0.0], "k_pid_vsp": [120.46545802245548, 104.39776413127133, 4.724329567926985]}, "datetime": {"datetime": "2025-08-12 02:15:33", "elapsed": 35412.729268074036, "delta": 17.589543104171753}, "costs": {"total_cost": 181.8533558869721, "time_cost": 70.672, "final_distance_cost": 1.8084633904979681, "oscillation_cost": 23.37187161778197, "completition_cost": 0.0, "overshoot_cost": 51.0152842044977, "power_cost": 14.11108564453125, "noise_cost": 20.874651029663212, "n_waypoints_completed": 9, "tot_waypoints": 9}}
{"target": -188.4741377948364, "params": {"k_pid_pos": [0.39238519010297246, 0.00498238150331998, 0.0005932337605822619], "k_pid_alt": [0.9778512771713389, 0.00560904317144672, 0.006737770567263082], "k_pid_att": [23.515927214644933, 0.46143885070054314, 1.0], "k_pid_yaw": [0.5, 1e-06, 0.1], "k_pid_hsp": [0.10846811435860026, 0.0037158315681791614, 0.0], "k_pid_vsp": [101.28032299588007, 69.78909968986905, 7.892565668773304]}, "datetime": {"datetime": "2025-08-12 02:15:53", "elapsed": 35432.96532320976, "delta": 20.23605513572693}, "costs": {"total_cost": 188.4741377948364, "time_cost": 77.518, "final_distance_cost": 1.850510177149407, "oscillation_cost": 17.739461198136674, "completition_cost": 0.0, "overshoot_cost": 52.59521103276538, "power_cost": 14.930747375488282, "noise_cost": 23.84020801129665, "n_waypoints_completed": 9, "tot_waypoints": 9}}
{"target": -181.58408664327953, "params": {"k_pid_pos": [0.6002590554479493, 0.005079226504822566, 0.0004998223532846863], "k_pid_alt": [1.41678132323505, 0.004931563859870455, 0.00898590796551427], "k_pid_att": [31.746009775914455, 0.541119934430263, 0.9208395733730358], "k_pid_yaw": [0.5, 1e-06, 0.1], "k_pid_hsp": [0.10425464856596452, 0.006574739034244929, 0.0], "k_pid_vsp": [105.29369092234747, 102.72600031895239, 6.066978809066826]}, "datetime": {"datetime": "2025-08-12 02:16:11", "elapsed": 35451.20164823532, "delta": 18.23632502555847}, "costs": {"total_cost": 181.58408664327953, "time_cost": 71.148, "final_distance_cost": 1.829228346987591, "oscillation_cost": 22.065218363133475, "completition_cost": 0.0, "overshoot_cost": 51.26117824534065, "power_cost": 14.053213220214845, "noise_cost": 21.227248467602966, "n_waypoints_completed": 9, "tot_waypoints": 9}}
{"target": -186.2631303545928, "params": {"k_pid_pos": [0.4077206201268028, 0.0069157087604408115, 0.0006239462942899949], "k_pid_alt": [1.2844870940586552, 0.004435872451618875, 0.0077074298068373764], "k_pid_att": [30.286668204924066, 0.40737216718539093, 1.0], "k_pid_yaw": [0.5, 1e-06, 0.1], "k_pid_hsp": [0.10467466041668265, 0.008994667333567305, 0.0], "k_pid_vsp": [97.46425337415536, 139.91673280141876, 7.571484833154457]}, "datetime": {"datetime": "2025-08-12 02:16:31", "elapsed": 35470.578515052795, "delta": 19.376866817474365}, "costs": {"total_cost": 186.2631303545928, "time_cost": 75.81, "final_distance_cost": 1.8532572667720775, "oscillation_cost": 19.00511148666865, "completition_cost": 0.0, "overshoot_cost": 51.45831664977435, "power_cost": 14.737399621582032, "noise_cost": 23.399045329795694, "n_waypoints_completed": 9, "tot_waypoints": 9}}
{"target": -189.89057062136345, "params": {"k_pid_pos": [0.7165446392332195, 0.0038840206438910552, 0.0006052558263425555], "k_pid_alt": [1.5221774709012514, 0.004901405080610347, 0.007232189234225338], "k_pid_att": [48.33161282052731, 0.35485425341795657, 1.0], "k_pid_yaw": [0.5, 1e-06, 0.1], "k_pid_hsp": [0.05448319265747011, 0.008997820679367776, 0.0], "k_pid_vsp": [84.70362156408194, 151.79521892648896, 7.385292460170525]}, "datetime": {"datetime": "2025-08-12 02:16:51", "elapsed": 35490.48754143715, "delta": 19.909026384353638}, "costs": {"total_cost": 189.89057062136345, "time_cost": 75.852, "final_distance_cost": 1.7722986706329718, "oscillation_cost": 21.55516893536536, "completition_cost": 0.0, "overshoot_cost": 53.45468930793287, "power_cost": 14.79224287109375, "noise_cost": 22.464170836338496, "n_waypoints_completed": 9, "tot_waypoints": 9}}
{"target": -181.7988281342198, "params": {"k_pid_pos": [0.6622837607579676, 0.006751055626567515, 0.0006183550326472885], "k_pid_alt": [1.3908621605483305, 0.005817023630473751, 0.00836591929413122], "k_pid_att": [29.861297927938324, 0.3566315995472001, 0.9655530261253967], "k_pid_yaw": [0.5, 1e-06, 0.1], "k_pid_hsp": [0.09738286467201335, 0.008530469853651431, 0.0], "k_pid_vsp": [136.79163926161988, 126.3870857009346, 6.341144060447074]}, "datetime": {"datetime": "2025-08-12 02:17:08", "elapsed": 35507.635658979416, "delta": 17.148117542266846}, "costs": {"total_cost": 181.7988281342198, "time_cost": 70.84, "final_distance_cost": 1.8092088980924852, "oscillation_cost": 23.004156730410187, "completition_cost": 0.0, "overshoot_cost": 51.18225293324218, "power_cost": 14.048269482421876, "noise_cost": 20.914940090053058, "n_waypoints_completed": 9, "tot_waypoints": 9}}
{"target": -181.64375587508678, "params": {"k_pid_pos": [0.6479092622311229, 0.003414539186180038, 0.0004532008961241352], "k_pid_alt": [1.3578111151689125, 0.004621722540798216, 0.00490425246851769], "k_pid_att": [32.76460368601763, 0.38842445109790386, 0.9652749913654217], "k_pid_yaw": [0.5, 1e-06, 0.1], "k_pid_hsp": [0.09949452783749856, 0.009752251661927813, 0.0], "k_pid_vsp": [115.55380244307302, 98.55207737382618, 5.023084351077391]}, "datetime": {"datetime": "2025-08-12 02:17:26", "elapsed": 35525.93043541908, "delta": 18.294776439666748}, "costs": {"total_cost": 181.64375587508678, "time_cost": 70.82600000000001, "final_distance_cost": 1.8292735865348337, "oscillation_cost": 23.149203993731902, "completition_cost": 0.0, "overshoot_cost": 50.76819346080558, "power_cost": 14.093857983398438, "noise_cost": 20.977226850616013, "n_waypoints_completed": 9, "tot_waypoints": 9}}
{"target": -181.71554376173026, "params": {"k_pid_pos": [0.521795574301633, 0.006079127845423446, 0.0006758072800245136], "k_pid_alt": [1.2056774374176786, 0.005510877118408096, 0.0032098940597314308], "k_pid_att": [42.033462635949405, 0.32084807461449977, 0.9697602827445418], "k_pid_yaw": [0.5, 1e-06, 0.1], "k_pid_hsp": [0.08836880388210244, 0.009564826528160398, 0.0], "k_pid_vsp": [105.64755926963983, 108.50776491669119, 5.438350755104378]}, "datetime": {"datetime": "2025-08-12 02:17:44", "elapsed": 35544.15131497383, "delta": 18.220879554748535}, "costs": {"total_cost": 181.71554376173026, "time_cost": 72.45700000000001, "final_distance_cost": 1.8221804997862272, "oscillation_cost": 20.32579415227695, "completition_cost": 0.0, "overshoot_cost": 51.21269556722226, "power_cost": 14.194103588867188, "noise_cost": 21.703769953577616, "n_waypoints_completed": 9, "tot_waypoints": 9}}
{"target": -183.53562261135687, "params": {"k_pid_pos": [0.6115742848940254, 0.005779173292776361, 0.0005578923505210781], "k_pid_alt": [1.2521624742610922, 0.005126264392438263, 0.007636844277517273], "k_pid_att": [33.25652377206617, 0.20173743071065642, 1.0], "k_pid_yaw": [0.5, 1e-06, 0.1], "k_pid_hsp": [0.08174438461624746, 0.008817582827365581, 0.0], "k_pid_vsp": [122.73832469201453, 122.72932124692848, 5.4651291809554285]}, "datetime": {"datetime": "2025-08-12 02:18:04", "elapsed": 35563.465512514114, "delta": 19.314197540283203}, "costs": {"total_cost": 183.53562261135687, "time_cost": 72.751, "final_distance_cost": 1.8044399576491112, "oscillation_cost": 21.560629774797665, "completition_cost": 0.0, "overshoot_cost": 51.64638105598817, "power_cost": 14.318255126953126, "noise_cost": 21.45491669596882, "n_waypoints_completed": 9, "tot_waypoints": 9}}
{"target": -182.7194593023427, "params": {"k_pid_pos": [0.5162489392601204, 0.004895355442670562, 0.0005067015628080324], "k_pid_alt": [1.0299499417871043, 0.005205262106413133, 0.0073353574084149], "k_pid_att": [31.598385391506863, 0.24750420455537633, 0.9860209588068104], "k_pid_yaw": [0.5, 1e-06, 0.1], "k_pid_hsp": [0.10026774060027845, 0.010357891848232383, 0.0], "k_pid_vsp": [84.55333962948656, 171.78982646933255, 6.887978552353491]}, "datetime": {"datetime": "2025-08-12 02:18:22", "elapsed": 35582.284011125565, "delta": 18.818498611450195}, "costs": {"total_cost": 182.7194593023427, "time_cost": 72.653, "final_distance_cost": 1.8330627068181686, "oscillation_cost": 21.153351442521437, "completition_cost": 0.0, "overshoot_cost": 51.129604070657805, "power_cost": 14.308439721679688, "noise_cost": 21.642001360665592, "n_waypoints_completed": 9, "tot_waypoints": 9}}
{"target": -181.90353691248228, "params": {"k_pid_pos": [0.6447558421795336, 0.006368224094809304, 0.0004336285764668557], "k_pid_alt": [1.2894116929184765, 0.00506485262133228, 0.007737215552132335], "k_pid_att": [30.250458275400202, 0.32230198331411414, 0.9774874368007694], "k_pid_yaw": [0.5, 1e-06, 0.1], "k_pid_hsp": [0.11603401333163403, 0.007567421940977693, 0.0], "k_pid_vsp": [108.40330092390415, 116.94902862419406, 4.79449835497416]}, "datetime": {"datetime": "2025-08-12 02:18:40", "elapsed": 35599.67821264267, "delta": 17.394201517105103}, "costs": {"total_cost": 181.90353691248228, "time_cost": 70.644, "final_distance_cost": 1.8209257223774358, "oscillation_cost": 23.448339071960262, "completition_cost": 0.0, "overshoot_cost": 50.87657818010513, "power_cost": 14.120071691894532, "noise_cost": 20.993622246144913, "n_waypoints_completed": 9, "tot_waypoints": 9}}
{"target": -184.01669558744805, "params": {"k_pid_pos": [0.5220277343065817, 0.003625422890993254, 0.000747264984143356], "k_pid_alt": [1.3011549974254597, 0.005124414461389234, 0.0025556705788596433], "k_pid_att": [27.310663101296097, 0.3259351238855135, 0.8293628279420662], "k_pid_yaw": [0.5, 1e-06, 0.1], "k_pid_hsp": [0.07385010403838539, 0.007446715069313368, 0.0], "k_pid_vsp": [101.3416235755519, 93.83753268526351, 5.414091257263064]}, "datetime": {"datetime": "2025-08-12 02:18:58", "elapsed": 35618.23013114929, "delta": 18.551918506622314}, "costs": {"total_cost": 184.01669558744805, "time_cost": 74.151, "final_distance_cost": 1.808628844262461, "oscillation_cost": 18.96125573374792, "completition_cost": 0.0, "overshoot_cost": 52.59043961168432, "power_cost": 14.395067578125001, "noise_cost": 22.110303819628356, "n_waypoints_completed": 9, "tot_waypoints": 9}}
{"target": -181.67918579373443, "params": {"k_pid_pos": [0.5945412208025872, 0.006989944805024216, 0.0008230594202745214], "k_pid_alt": [1.392560482110757, 0.004139308895200825, 0.007211178575956781], "k_pid_att": [26.74556277519423, 0.32222712734571674, 1.0], "k_pid_yaw": [0.5, 1e-06, 0.1], "k_pid_hsp": [0.1031506178916447, 0.008163523587730499, 0.0], "k_pid_vsp": [118.0351061307861, 102.23632789403183, 5.811886133692024]}, "datetime": {"datetime": "2025-08-12 02:19:16", "elapsed": 35635.623035907745, "delta": 17.39290475845337}, "costs": {"total_cost": 181.67918579373443, "time_cost": 71.176, "final_distance_cost": 1.8276375113101841, "oscillation_cost": 22.23935730490818, "completition_cost": 0.0, "overshoot_cost": 51.085661111663114, "power_cost": 14.155852075195313, "noise_cost": 21.194677790657668, "n_waypoints_completed": 9, "tot_waypoints": 9}}
{"target": -183.3194733715744, "params": {"k_pid_pos": [0.6138186133494111, 0.005222555134583123, 0.0005761540646083298], "k_pid_alt": [1.3607411714938398, 0.0038587024608160345, 0.007814726254840261], "k_pid_att": [37.78238933465054, 0.322119273585848, 1.0], "k_pid_yaw": [0.5, 1e-06, 0.1], "k_pid_hsp": [0.08361233686819484, 0.009463132763561408, 0.0], "k_pid_vsp": [113.42282266003802, 142.92506808679073, 3.9173440264230135]}, "datetime": {"datetime": "2025-08-12 02:19:34", "elapsed": 35653.9990670681, "delta": 18.376031160354614}, "costs": {"total_cost": 183.3194733715744, "time_cost": 72.366, "final_distance_cost": 1.8081523118422982, "oscillation_cost": 21.812507836859798, "completition_cost": 0.0, "overshoot_cost": 51.639229460073274, "power_cost": 14.343928857421876, "noise_cost": 21.349654905377157, "n_waypoints_completed": 9, "tot_waypoints": 9}}
{"target": -181.53829551756507, "params": {"k_pid_pos": [0.5473233934792929, 0.00512942360519769, 0.0006687711045851979], "k_pid_alt": [1.5350552605084815, 0.0027334869382880504, 0.0047256965526592115], "k_pid_att": [34.44558232432936, 0.367962916509117, 0.9731483852176859], "k_pid_yaw": [0.5, 1e-06, 0.1], "k_pid_hsp": [0.09849029787652226, 0.006635698017028725, 0.0], "k_pid_vsp": [112.3732911951739, 131.847929035006, 5.2881566356314]}, "datetime": {"datetime": "2025-08-12 02:19:52", "elapsed": 35671.47656583786, "delta": 17.477498769760132}, "costs": {"total_cost": 181.53829551756507, "time_cost": 71.778, "final_distance_cost": 1.8212381153063226, "oscillation_cost": 20.967653916614797, "completition_cost": 0.0, "overshoot_cost": 51.31206779677431, "power_cost": 14.099729125976562, "noise_cost": 21.559606562893105, "n_waypoints_completed": 9, "tot_waypoints": 9}}
{"target": -184.81863262057723, "params": {"k_pid_pos": [0.650313136162954, 0.00896418998363814, 0.0006585506411088251], "k_pid_alt": [0.9285354006508263, 0.005999585504117093, 0.006407553734218723], "k_pid_att": [35.99001773672048, 0.3069127715610182, 0.7134892384336798], "k_pid_yaw": [0.5, 1e-06, 0.1], "k_pid_hsp": [0.08356227176376067, 0.007600736245014183, 0.0], "k_pid_vsp": [154.21225621638135, 114.58029071434437, 4.782720902604168]}, "datetime": {"datetime": "2025-08-12 02:20:10", "elapsed": 35689.93122506142, "delta": 18.45465922355652}, "costs": {"total_cost": 184.81863262057723, "time_cost": 73.262, "final_distance_cost": 1.8034164333062255, "oscillation_cost": 22.300867052870352, "completition_cost": 0.0, "overshoot_cost": 51.6177191961034, "power_cost": 14.341584375, "noise_cost": 21.493045563297276, "n_waypoints_completed": 9, "tot_waypoints": 9}}
{"target": -183.4555760399613, "params": {"k_pid_pos": [0.5381659596040934, 0.006659941096493554, 0.000764229987072556], "k_pid_alt": [1.508196707710363, 0.004966906483267826, 0.005292623114096703], "k_pid_att": [25.20944764381853, 0.2767858461382928, 1.0], "k_pid_yaw": [0.5, 1e-06, 0.1], "k_pid_hsp": [0.0792915881397141, 0.010433184839495041, 0.0], "k_pid_vsp": [92.64997675616333, 84.2250822129953, 6.699020453056991]}, "datetime": {"datetime": "2025-08-12 02:20:29", "elapsed": 35709.22971177101, "delta": 19.298486709594727}, "costs": {"total_cost": 183.4555760399613, "time_cost": 73.437, "final_distance_cost": 1.8317900168105052, "oscillation_cost": 20.31225820184, "completition_cost": 0.0, "overshoot_cost": 51.7372562696204, "power_cost": 14.292486938476562, "noise_cost": 21.844784613213836, "n_waypoints_completed": 9, "tot_waypoints": 9}}
{"target": -182.20182991794334, "params": {"k_pid_pos": [0.5112497267724, 0.004478135375645026, 0.0007595942840342459], "k_pid_alt": [1.2926610552874267, 0.0036506149815032593, 0.014467091704394927], "k_pid_att": [27.550316320150813, 0.3897413124866753, 0.6346520304115731], "k_pid_yaw": [0.5, 1e-06, 0.1], "k_pid_hsp": [0.08325853268759371, 0.00737778274031873, 0.0], "k_pid_vsp": [98.16486869805014, 165.56080527904498, 4.3393645063437125]}, "datetime": {"datetime": "2025-08-12 02:20:48", "elapsed": 35728.09955596924, "delta": 18.86984419822693}, "costs": {"total_cost": 182.20182991794334, "time_cost": 72.83500000000001, "final_distance_cost": 1.8329536248356137, "oscillation_cost": 19.555784656338318, "completition_cost": 0.0, "overshoot_cost": 51.931178501346814, "power_cost": 14.286849719238282, "noise_cost": 21.760063416184295, "n_waypoints_completed": 9, "tot_waypoints": 9}}
