{"target": -1266.520852674182, "params": {"k_pid_pos": [0.0001, 0.04466773481749619, 0.030694236824754098], "k_pid_alt": [1.9512461149278357, 0.00520177318596855, 0.0519121639950163], "k_pid_att": [41.7800946127951, 0.2536361599781089, 0.8092187409073657], "k_pid_yaw": [0.5, 1e-06, 0.1], "k_pid_hsp": [0.0884450608079787, 0.009106679470544108, 0.0], "k_pid_vsp": [122.14238492898573, 45.17034146993018, 1.118795650812966]}, "datetime": {"datetime": "2025-08-11 20:28:08", "elapsed": 14567.372258901596, "delta": 30.25076723098755}, "costs": {"total_cost": 1266.520852674182, "time_cost": 150, "final_distance_cost": 55.45105593008444, "oscillation_cost": 0.41541851604688557, "completition_cost": 888.8888888888888, "overshoot_cost": 117.67354567470665, "power_cost": 21.029552856445314, "noise_cost": 33.06239080800986, "n_waypoints_completed": 1, "tot_waypoints": 9}}
{"target": -197.0402264193787, "params": {"k_pid_pos": [0.3615190133274586, 0.021537790508855625, 0.008885712620954205], "k_pid_alt": [0.9917663401338928, 0.0033127690211555067, 0.021364009137295897], "k_pid_att": [37.35874621371188, 0.10451239595103812, 0.7656921752313556], "k_pid_yaw": [0.5, 1e-06, 0.1], "k_pid_hsp": [0.1482667923236756, 0.009091405925585808, 0.0], "k_pid_vsp": [137.22977912444705, 79.18835661353712, 1.3422616993927452]}, "datetime": {"datetime": "2025-08-11 20:28:29", "elapsed": 14588.391596794128, "delta": 21.01933789253235}, "costs": {"total_cost": 197.0402264193787, "time_cost": 81.599, "final_distance_cost": 1.856028314443236, "oscillation_cost": 19.864427838300454, "completition_cost": 0.0, "overshoot_cost": 52.291198880382964, "power_cost": 15.665180200195314, "noise_cost": 25.76439118605674, "n_waypoints_completed": 9, "tot_waypoints": 9}}
{"target": -185.46694055327725, "params": {"k_pid_pos": [0.6186086985712698, 0.02880299755919075, 0.01684861621149675], "k_pid_alt": [2.0, 0.005950201363496765, 0.0014116635048762097], "k_pid_att": [20.80329335877714, 0.6435997513333619, 0.22455270682498507], "k_pid_yaw": [0.5, 1e-06, 0.1], "k_pid_hsp": [0.09309730261257627, 0.005778575318380802, 0.0], "k_pid_vsp": [209.2096264113305, 76.85343009360882, 2.3709909578020034]}, "datetime": {"datetime": "2025-08-11 20:28:47", "elapsed": 14606.621274232864, "delta": 18.229677438735962}, "costs": {"total_cost": 185.46694055327725, "time_cost": 73.101, "final_distance_cost": 1.824317817685371, "oscillation_cost": 22.28593694075051, "completition_cost": 0.0, "overshoot_cost": 52.01301820903926, "power_cost": 14.382423071289063, "noise_cost": 21.86024451451307, "n_waypoints_completed": 9, "tot_waypoints": 9}}
{"target": -182.83403975296469, "params": {"k_pid_pos": [0.5210865840062354, 0.02617248309516124, 0.005696437230764452], "k_pid_alt": [2.0, 0.0030188519509961667, 0.011340367732879386], "k_pid_att": [33.44674142784201, 0.4996451594983653, 0.4957545026006788], "k_pid_yaw": [0.5, 1e-06, 0.1], "k_pid_hsp": [0.1040576251535497, 0.00903704951515129, 0.0], "k_pid_vsp": [97.25577171737791, 77.56556261929644, 4.14929266019083]}, "datetime": {"datetime": "2025-08-11 20:29:05", "elapsed": 14625.268013238907, "delta": 18.64673900604248}, "costs": {"total_cost": 182.83403975296469, "time_cost": 72.31700000000001, "final_distance_cost": 1.8398321611086872, "oscillation_cost": 21.039510156681356, "completition_cost": 0.0, "overshoot_cost": 51.55297172673676, "power_cost": 14.25823446044922, "noise_cost": 21.826491247988656, "n_waypoints_completed": 9, "tot_waypoints": 9}}
{"target": -189.4795817014142, "params": {"k_pid_pos": [0.9408166419246831, 0.02995692507743769, 0.012167496361750038], "k_pid_alt": [2.0, 0.007153564441637478, 0.028248159951003035], "k_pid_att": [34.57508317594026, 0.3873424784607212, 0.9743192973664913], "k_pid_yaw": [0.5, 1e-06, 0.1], "k_pid_hsp": [0.08437625940749671, 0.004783186087494881, 0.0], "k_pid_vsp": [79.98173753609429, 56.74046058595274, 3.645065729022422]}, "datetime": {"datetime": "2025-08-11 20:29:24", "elapsed": 14643.912020206451, "delta": 18.644006967544556}, "costs": {"total_cost": 189.4795817014142, "time_cost": 73.171, "final_distance_cost": 1.7989899010365984, "oscillation_cost": 26.249727654468224, "completition_cost": 0.0, "overshoot_cost": 51.84947598487272, "power_cost": 14.716213720703125, "noise_cost": 21.694174440333498, "n_waypoints_completed": 9, "tot_waypoints": 9}}
{"target": -184.21480612416863, "params": {"k_pid_pos": [0.5977476602138506, 0.02921367195597035, 0.0], "k_pid_alt": [1.725812544556718, 0.008169999997678886, 0.01372063876810447], "k_pid_att": [34.27506711777477, 0.7101516744284853, 0.3650003208041075], "k_pid_yaw": [0.5, 1e-06, 0.1], "k_pid_hsp": [0.09081999604646986, 0.015272691993836717, 0.0], "k_pid_vsp": [76.00438217809521, 91.21133874069533, 5.790930744046359]}, "datetime": {"datetime": "2025-08-11 20:29:42", "elapsed": 14661.926351070404, "delta": 18.014330863952637}, "costs": {"total_cost": 184.21480612416863, "time_cost": 72.674, "final_distance_cost": 1.8096136163653176, "oscillation_cost": 23.0076648820702, "completition_cost": 0.0, "overshoot_cost": 50.741579791916415, "power_cost": 14.44716064453125, "noise_cost": 21.534787189285463, "n_waypoints_completed": 9, "tot_waypoints": 9}}
{"target": -188.77312650801534, "params": {"k_pid_pos": [1.364259369519134, 0.013512567615089094, 0.0065095263152713245], "k_pid_alt": [2.0, 0.010662748000398048, 0.02428690638299283], "k_pid_att": [28.712604949720287, 0.9195073664837325, 0.3952394478115946], "k_pid_yaw": [0.5, 1e-06, 0.1], "k_pid_hsp": [0.12214071170310592, 0.006102303066106002, 0.0], "k_pid_vsp": [173.0678876246756, 106.96662169466201, 4.1610060124893]}, "datetime": {"datetime": "2025-08-11 20:29:59", "elapsed": 14679.120057582855, "delta": 17.193706512451172}, "costs": {"total_cost": 188.77312650801534, "time_cost": 69.51, "final_distance_cost": 1.7588517537759685, "oscillation_cost": 31.119211828256663, "completition_cost": 0.0, "overshoot_cost": 51.228792880759094, "power_cost": 14.536023889160157, "noise_cost": 20.620246156063452, "n_waypoints_completed": 9, "tot_waypoints": 9}}
{"target": -184.84923048323375, "params": {"k_pid_pos": [0.9337387320123746, 0.010175132659369143, 0.010879723984305477], "k_pid_alt": [2.0, 0.006148563737636501, 0.03871748573514492], "k_pid_att": [18.59855459865472, 0.7911635980441506, 0.508983306844273], "k_pid_yaw": [0.5, 1e-06, 0.1], "k_pid_hsp": [0.12813596297017305, 0.0069752282362770856, 0.0], "k_pid_vsp": [157.20480012463904, 82.42432093810892, 4.349997502280561]}, "datetime": {"datetime": "2025-08-11 20:30:17", "elapsed": 14697.157932281494, "delta": 18.037874698638916}, "costs": {"total_cost": 184.84923048323375, "time_cost": 69.769, "final_distance_cost": 1.8156605428756514, "oscillation_cost": 27.179670607772827, "completition_cost": 0.0, "overshoot_cost": 51.19278154296093, "power_cost": 14.254246508789063, "noise_cost": 20.63787128083526, "n_waypoints_completed": 9, "tot_waypoints": 9}}
{"target": -183.17980975174316, "params": {"k_pid_pos": [0.7256088129530425, 0.03033248207482239, 0.015311890611974037], "k_pid_alt": [2.0, 0.0030467874012409233, 0.05575427670085812], "k_pid_att": [29.49297758200147, 0.7358835574061499, 0.9278331982232473], "k_pid_yaw": [0.5, 1e-06, 0.1], "k_pid_hsp": [0.143889904618823, 0.007046192353718544, 0.0], "k_pid_vsp": [127.39068916618912, 84.10599611738064, 6.488079976527506]}, "datetime": {"datetime": "2025-08-11 20:30:35", "elapsed": 14714.414431810379, "delta": 17.256499528884888}, "costs": {"total_cost": 183.17980975174316, "time_cost": 70.336, "final_distance_cost": 1.8291173607937363, "oscillation_cost": 24.42311813270504, "completition_cost": 0.0, "overshoot_cost": 51.39416565177056, "power_cost": 14.224302001953125, "noise_cost": 20.973106604520694, "n_waypoints_completed": 9, "tot_waypoints": 9}}
{"target": -198.05386280038198, "params": {"k_pid_pos": [0.7414956817442317, 0.03337840851165005, 0.0022749539465393453], "k_pid_alt": [1.6787238729785734, 0.009702636972601122, 0.04097299682780294], "k_pid_att": [61.757181000366955, 1.08697751286257, 0.888507872209855], "k_pid_yaw": [0.5, 1e-06, 0.1], "k_pid_hsp": [0.051175774938055495, 0.007799069510114681, 0.0], "k_pid_vsp": [142.65946797196958, 75.56709195667956, 3.2036610356169537]}, "datetime": {"datetime": "2025-08-11 20:30:54", "elapsed": 14733.939910650253, "delta": 19.525478839874268}, "costs": {"total_cost": 198.05386280038198, "time_cost": 80.493, "final_distance_cost": 1.7925705044003062, "oscillation_cost": 21.661285977035202, "completition_cost": 0.0, "overshoot_cost": 54.54063598815435, "power_cost": 15.598064538574219, "noise_cost": 23.96830579221789, "n_waypoints_completed": 9, "tot_waypoints": 9}}
{"target": -189.92717715843327, "params": {"k_pid_pos": [1.1053401619983163, 0.021415905335746308, 0.012004203605726847], "k_pid_alt": [2.0, 0.007786345755863668, 0.023342089677242068], "k_pid_att": [30.945757819068362, 1.1172289644493454, 0.8244607967681005], "k_pid_yaw": [0.5, 1e-06, 0.1], "k_pid_hsp": [0.09814803176575597, 0.011423531320647726, 0.0], "k_pid_vsp": [120.36350925309493, 110.91135177734974, 4.655119381260152]}, "datetime": {"datetime": "2025-08-11 20:31:13", "elapsed": 14752.499012947083, "delta": 18.559102296829224}, "costs": {"total_cost": 189.92717715843327, "time_cost": 71.547, "final_distance_cost": 1.8014019856474865, "oscillation_cost": 29.77997393871828, "completition_cost": 0.0, "overshoot_cost": 51.06851340237715, "power_cost": 14.789214575195313, "noise_cost": 20.94107325649505, "n_waypoints_completed": 9, "tot_waypoints": 9}}
{"target": -184.94411313460478, "params": {"k_pid_pos": [0.9363619222794849, 0.046777811457126416, 0.0], "k_pid_alt": [1.6229449787449266, 0.004684511272103917, 0.030577004417249327], "k_pid_att": [24.269208217514972, 0.4412105144075274, 0.4837441704244993], "k_pid_yaw": [0.5, 1e-06, 0.1], "k_pid_hsp": [0.1280252950303754, 0.012171912467470196, 0.0], "k_pid_vsp": [74.39534874901575, 60.84998368992503, 6.094184898642393]}, "datetime": {"datetime": "2025-08-11 20:31:30", "elapsed": 14770.165832281113, "delta": 17.66681933403015}, "costs": {"total_cost": 184.94411313460478, "time_cost": 69.566, "final_distance_cost": 1.8149513976459597, "oscillation_cost": 28.129410846293705, "completition_cost": 0.0, "overshoot_cost": 50.59054183936097, "power_cost": 14.300886791992188, "noise_cost": 20.542322259311945, "n_waypoints_completed": 9, "tot_waypoints": 9}}
{"target": -187.7097287548934, "params": {"k_pid_pos": [0.7607479951959458, 0.029710220435842243, 0.007083064757057223], "k_pid_alt": [1.9982581229654663, 0.009892278306134731, 0.02196880791784911], "k_pid_att": [31.381945952962536, 0.35088457298420755, 0.6482910898520874], "k_pid_yaw": [0.5, 1e-06, 0.1], "k_pid_hsp": [0.07818834050663533, 0.007833367011508887, 0.0], "k_pid_vsp": [45.00718593928568, 102.86163814628152, 1.0001553773326763]}, "datetime": {"datetime": "2025-08-11 20:31:48", "elapsed": 14788.253700256348, "delta": 18.087867975234985}, "costs": {"total_cost": 187.7097287548934, "time_cost": 73.47200000000001, "final_distance_cost": 1.7756021657370231, "oscillation_cost": 24.598531597632114, "completition_cost": 0.0, "overshoot_cost": 51.56319302626229, "power_cost": 14.747020715332033, "noise_cost": 21.553381249929906, "n_waypoints_completed": 9, "tot_waypoints": 9}}
{"target": -186.0781919289428, "params": {"k_pid_pos": [0.6638278502200968, 0.03349824484391418, 0.014027861288380716], "k_pid_alt": [1.8142323099857058, 0.006043917692906071, 0.027184604903345917], "k_pid_att": [25.34569750490572, 0.297659210912485, 0.20422638198598853], "k_pid_yaw": [0.5, 1e-06, 0.1], "k_pid_hsp": [0.07303262784612356, 0.013041931685066425, 0.0], "k_pid_vsp": [108.3982434280622, 84.1027212287144, 3.010265355339799]}, "datetime": {"datetime": "2025-08-11 20:32:07", "elapsed": 14806.559272050858, "delta": 18.305571794509888}, "costs": {"total_cost": 186.0781919289428, "time_cost": 73.241, "final_distance_cost": 1.8126220575710568, "oscillation_cost": 23.20681061901366, "completition_cost": 0.0, "overshoot_cost": 51.65664723458498, "power_cost": 14.544871032714845, "noise_cost": 21.61624098505826, "n_waypoints_completed": 9, "tot_waypoints": 9}}
{"target": -184.92112801863175, "params": {"k_pid_pos": [0.7176895309758634, 0.0456918853161587, 0.005365965748576162], "k_pid_alt": [1.3994243322129225, 0.005837194330225337, 0.04049080783921874], "k_pid_att": [34.881638512933016, 0.7582922089593512, 0.6139395171025696], "k_pid_yaw": [0.5, 1e-06, 0.1], "k_pid_hsp": [0.10873782459741539, 0.009880838966248058, 0.0], "k_pid_vsp": [46.406449444199545, 93.56954561628373, 3.785848624847348]}, "datetime": {"datetime": "2025-08-11 20:32:24", "elapsed": 14824.183039665222, "delta": 17.623767614364624}, "costs": {"total_cost": 184.92112801863175, "time_cost": 71.995, "final_distance_cost": 1.8137261924681813, "oscillation_cost": 25.162221990886525, "completition_cost": 0.0, "overshoot_cost": 50.26578940357759, "power_cost": 14.443561975097657, "noise_cost": 21.2408284566018, "n_waypoints_completed": 9, "tot_waypoints": 9}}
{"target": -186.4911393319308, "params": {"k_pid_pos": [0.7174442404937658, 0.02510771019341021, 0.005540281211661577], "k_pid_alt": [0.6085714211467885, 0.0038730312564555706, 0.027739439053317983], "k_pid_att": [28.927514956503117, 0.5140899716446702, 0.8680013475466445], "k_pid_yaw": [0.5, 1e-06, 0.1], "k_pid_hsp": [0.10434236146177549, 0.006359527978414911, 0.0], "k_pid_vsp": [193.92393801192603, 60.38930250032492, 2.545012653922193]}, "datetime": {"datetime": "2025-08-11 20:32:43", "elapsed": 14843.1429541111, "delta": 18.959914445877075}, "costs": {"total_cost": 186.4911393319308, "time_cost": 74.018, "final_distance_cost": 1.8149789113850718, "oscillation_cost": 23.75068488299528, "completition_cost": 0.0, "overshoot_cost": 50.99335148347323, "power_cost": 14.533445556640626, "noise_cost": 21.380678497436584, "n_waypoints_completed": 9, "tot_waypoints": 9}}
{"target": -186.39053423840554, "params": {"k_pid_pos": [0.4471145274785164, 0.034801652722129255, 0.0031330858799142936], "k_pid_alt": [0.7034110262184899, 0.007615849607984772, 0.03624210367722929], "k_pid_att": [30.842230885275914, 0.0001, 0.7928351714151661], "k_pid_yaw": [0.5, 1e-06, 0.1], "k_pid_hsp": [0.09315725448407575, 0.010801666118549156, 0.0], "k_pid_vsp": [146.33452516448082, 105.97187063644753, 3.267941479192702]}, "datetime": {"datetime": "2025-08-11 20:33:02", "elapsed": 14862.229909658432, "delta": 19.086955547332764}, "costs": {"total_cost": 186.39053423840554, "time_cost": 75.922, "final_distance_cost": 1.8418299710774593, "oscillation_cost": 19.505744264516125, "completition_cost": 0.0, "overshoot_cost": 52.0264058729718, "power_cost": 14.654726806640626, "noise_cost": 22.439827323199534, "n_waypoints_completed": 9, "tot_waypoints": 9}}
{"target": -183.38080025830084, "params": {"k_pid_pos": [0.8321634814841191, 0.034624427461912605, 0.018893958622646617], "k_pid_alt": [1.633816994508529, 0.007848685260344884, 0.03610392045426415], "k_pid_att": [20.866861164940065, 0.43326373241404353, 0.7329824162900428], "k_pid_yaw": [0.5, 1e-06, 0.1], "k_pid_hsp": [0.12004118227348265, 0.00977635333250792, 0.0], "k_pid_vsp": [93.79933558393913, 67.26121401752472, 3.988948330154681]}, "datetime": {"datetime": "2025-08-11 20:33:20", "elapsed": 14879.933801174164, "delta": 17.70389151573181}, "costs": {"total_cost": 183.38080025830084, "time_cost": 69.944, "final_distance_cost": 1.826219972022569, "oscillation_cost": 26.043812996428514, "completition_cost": 0.0, "overshoot_cost": 50.69362100120812, "power_cost": 14.204078100585939, "noise_cost": 20.6690681880557, "n_waypoints_completed": 9, "tot_waypoints": 9}}
{"target": -1267.6629573034077, "params": {"k_pid_pos": [0.0001, 0.020937304027716045, 0.010986484967446135], "k_pid_alt": [2.0, 0.0067423332252669966, 0.02848227683139465], "k_pid_att": [35.7180712200088, 0.4628517171142226, 0.6329163863791322], "k_pid_yaw": [0.5, 1e-06, 0.1], "k_pid_hsp": [0.07382877764001959, 0.007615158984391932, 0.0], "k_pid_vsp": [45.274973600443616, 95.5027504383804, 2.2531864379736115]}, "datetime": {"datetime": "2025-08-11 20:33:50", "elapsed": 14910.054916620255, "delta": 30.1211154460907}, "costs": {"total_cost": 1267.6629573034077, "time_cost": 150, "final_distance_cost": 46.93496155675018, "oscillation_cost": 0.1939308892766915, "completition_cost": 888.8888888888888, "overshoot_cost": 127.58670750089449, "power_cost": 21.03120866699219, "noise_cost": 33.027259800605286, "n_waypoints_completed": 1, "tot_waypoints": 9}}
{"target": -182.5210576896179, "params": {"k_pid_pos": [0.591739591571649, 0.018955829571764168, 0.0034372578289069288], "k_pid_alt": [1.1895111362018065, 0.007005244704306819, 0.023020545665461144], "k_pid_att": [47.97959446356657, 0.6238887515075314, 0.7724222411788726], "k_pid_yaw": [0.5, 1e-06, 0.1], "k_pid_hsp": [0.11777460540722069, 0.009457434845545828, 0.0], "k_pid_vsp": [67.39309063751004, 149.56821614351392, 5.680278979688271]}, "datetime": {"datetime": "2025-08-11 20:34:08", "elapsed": 14927.668899297714, "delta": 17.613982677459717}, "costs": {"total_cost": 182.5210576896179, "time_cost": 71.176, "final_distance_cost": 1.831792412163208, "oscillation_cost": 23.57592868941706, "completition_cost": 0.0, "overshoot_cost": 50.657817448622446, "power_cost": 14.152658593750001, "noise_cost": 21.126860545665192, "n_waypoints_completed": 9, "tot_waypoints": 9}}
{"target": -187.512168777031, "params": {"k_pid_pos": [0.8685599370705578, 0.015161753287343349, 0.0016434342993819756], "k_pid_alt": [0.9526162268625198, 0.0054733734703871426, 0.04493593369184016], "k_pid_att": [49.753004556423484, 0.8653340968701242, 0.061930855712347466], "k_pid_yaw": [0.5, 1e-06, 0.1], "k_pid_hsp": [0.13333112311048703, 0.01318848808059913, 0.0], "k_pid_vsp": [124.28013558773621, 90.99287850084556, 3.1352365404392706]}, "datetime": {"datetime": "2025-08-11 20:34:25", "elapsed": 14945.118448019028, "delta": 17.449548721313477}, "costs": {"total_cost": 187.512168777031, "time_cost": 70.126, "final_distance_cost": 1.8142617401040024, "oscillation_cost": 30.438893811954507, "completition_cost": 0.0, "overshoot_cost": 50.34065976125635, "power_cost": 14.22658330078125, "noise_cost": 20.56577016293491, "n_waypoints_completed": 9, "tot_waypoints": 9}}
{"target": -193.92380387141952, "params": {"k_pid_pos": [0.7069143362034644, 0.04075389916964119, 0.0009890606181449293], "k_pid_alt": [2.0, 0.006849233276332491, 0.054399327685075875], "k_pid_att": [12.003093372084626, 0.5213877916115566, 0.26756609104233564], "k_pid_yaw": [0.5, 1e-06, 0.1], "k_pid_hsp": [0.15375304911310644, 0.013364227614805985, 0.0], "k_pid_vsp": [0.0, 42.14082768492267, 2.8537499671901965]}, "datetime": {"datetime": "2025-08-11 20:34:43", "elapsed": 14963.225527763367, "delta": 18.10707974433899}, "costs": {"total_cost": 193.92380387141952, "time_cost": 73.731, "final_distance_cost": 1.8331030644882866, "oscillation_cost": 27.7975964991854, "completition_cost": 0.0, "overshoot_cost": 52.714078171448875, "power_cost": 16.00831998291016, "noise_cost": 21.839706153386803, "n_waypoints_completed": 9, "tot_waypoints": 9}}
{"target": -185.78729190094194, "params": {"k_pid_pos": [0.812812094808265, 0.026502734006790107, 0.0013422211945764383], "k_pid_alt": [1.3834658332226708, 0.00263273645526165, 0.032350352628103034], "k_pid_att": [13.119150977228756, 0.5245234163157607, 0.7078182122335228], "k_pid_yaw": [0.5, 1e-06, 0.1], "k_pid_hsp": [0.14973467134039462, 0.013981373981591326, 0.0], "k_pid_vsp": [13.226313140866168, 68.96766953074906, 3.423359133783611]}, "datetime": {"datetime": "2025-08-11 20:35:01", "elapsed": 14980.858807325363, "delta": 17.63327956199646}, "costs": {"total_cost": 185.78729190094194, "time_cost": 69.979, "final_distance_cost": 1.8186802116493652, "oscillation_cost": 27.93107865527806, "completition_cost": 0.0, "overshoot_cost": 50.92731047816949, "power_cost": 14.493059680175781, "noise_cost": 20.638162875669263, "n_waypoints_completed": 9, "tot_waypoints": 9}}
{"target": -189.48456176087734, "params": {"k_pid_pos": [1.2586923906589569, 0.019895635033431617, 0.006951887381134341], "k_pid_alt": [1.0912298541852983, 0.009716805323989365, 0.03870201641942178], "k_pid_att": [30.64178219553214, 0.8102768849761137, 1.0], "k_pid_yaw": [0.5, 1e-06, 0.1], "k_pid_hsp": [0.14208931936230565, 0.01634324224313594, 0.0], "k_pid_vsp": [110.58132389564298, 37.08915690242252, 2.61230000303198]}, "datetime": {"datetime": "2025-08-11 20:35:19", "elapsed": 14998.395145177841, "delta": 17.536337852478027}, "costs": {"total_cost": 189.48456176087734, "time_cost": 69.51, "final_distance_cost": 1.812335514990573, "oscillation_cost": 31.87237172424062, "completition_cost": 0.0, "overshoot_cost": 51.07628260670832, "power_cost": 14.575065295410157, "noise_cost": 20.63850661952764, "n_waypoints_completed": 9, "tot_waypoints": 9}}
{"target": -183.49207901324365, "params": {"k_pid_pos": [0.8699469880355885, 3.52382828396521e-05, 0.010670112136986194], "k_pid_alt": [1.421559504863703, 0.005403936530384279, 0.020357792297501832], "k_pid_att": [18.229291887831575, 0.9750037691088961, 0.4894890070539811], "k_pid_yaw": [0.5, 1e-06, 0.1], "k_pid_hsp": [0.1316542542560104, 0.010837209623365004, 0.0], "k_pid_vsp": [37.50135131131179, 64.20130538399006, 1.870635556103694]}, "datetime": {"datetime": "2025-08-11 20:35:36", "elapsed": 15015.799551963806, "delta": 17.404406785964966}, "costs": {"total_cost": 183.49207901324365, "time_cost": 69.58, "final_distance_cost": 1.8181918637314674, "oscillation_cost": 27.11442227273218, "completition_cost": 0.0, "overshoot_cost": 50.22173445136218, "power_cost": 14.211949877929689, "noise_cost": 20.545780547488125, "n_waypoints_completed": 9, "tot_waypoints": 9}}
