{"target": -192.49021784998374, "params": {"k_pid_pos": [0.48401640834777543, 0.030194882218321905, 0.04252232557431281], "k_pid_alt": [1.3888492840722737, 0.01262576483691795, 0.0681774550281652], "k_pid_att": [20.4779137800414, 1.1758725137537793, 0.5472479569652416], "k_pid_yaw": [0.5, 1e-06, 0.1], "k_pid_hsp": [0.14535318790038343, 0.013378684105154004, 0.0], "k_pid_vsp": [66.07446090897194, 3.6881577018356375, 4.564918753493937]}, "datetime": {"datetime": "2025-08-11 19:46:44", "elapsed": 12083.753306627274, "delta": 19.03845500946045}, "costs": {"total_cost": 192.49021784998374, "time_cost": 76.37, "final_distance_cost": 1.8552885519641318, "oscillation_cost": 22.49252497495904, "completition_cost": 0.0, "overshoot_cost": 52.51134050016206, "power_cost": 14.76387879638672, "noise_cost": 24.49718502651175, "n_waypoints_completed": 9, "tot_waypoints": 9}}
{"target": -185.65797071493088, "params": {"k_pid_pos": [0.8817506580417139, 0.054505971776949276, 0.03740466303501964], "k_pid_alt": [2.0, 0.004011110322110067, 0.04787447629990005], "k_pid_att": [11.438408517447547, 1.5276935528484543, 1.0], "k_pid_yaw": [0.5, 1e-06, 0.1], "k_pid_hsp": [0.23546432725483402, 0.00904757454889375, 0.0], "k_pid_vsp": [73.37565920656458, 67.02554673520076, 2.651192310875769]}, "datetime": {"datetime": "2025-08-11 19:47:02", "elapsed": 12101.36613368988, "delta": 17.61282706260681}, "costs": {"total_cost": 185.65797071493088, "time_cost": 69.881, "final_distance_cost": 1.818602138244313, "oscillation_cost": 27.35627478788435, "completition_cost": 0.0, "overshoot_cost": 51.17503182073954, "power_cost": 14.449508996582033, "noise_cost": 20.977552971480627, "n_waypoints_completed": 9, "tot_waypoints": 9}}
{"target": -192.47158722713513, "params": {"k_pid_pos": [1.0417522732497277, 0.05773870866520664, 0.0], "k_pid_alt": [1.017700737936897, 0.01500075938627072, 0.06266643314709842], "k_pid_att": [19.265215392980263, 0.8664500079301248, 0.5114479208643395], "k_pid_yaw": [0.5, 1e-06, 0.1], "k_pid_hsp": [0.10590232730651349, 0.018846808459264418, 0.0], "k_pid_vsp": [121.38048349577025, 29.505077828218848, 3.1163887392966814]}, "datetime": {"datetime": "2025-08-11 19:47:19", "elapsed": 12118.997607469559, "delta": 17.631473779678345}, "costs": {"total_cost": 192.47158722713513, "time_cost": 72.275, "final_distance_cost": 1.7718180629976827, "oscillation_cost": 30.882229258969016, "completition_cost": 0.0, "overshoot_cost": 51.34672416855665, "power_cost": 14.836618566894533, "noise_cost": 21.35919716971722, "n_waypoints_completed": 9, "tot_waypoints": 9}}
{"target": -187.351567758126, "params": {"k_pid_pos": [1.0024963462818646, 0.08901646505610498, 0.057334416384817975], "k_pid_alt": [1.967699062458718, 0.010021539600104695, 0.05470932916985167], "k_pid_att": [30.648691421386374, 0.45851993212357317, 0.6992420229374536], "k_pid_yaw": [0.5, 1e-06, 0.1], "k_pid_hsp": [0.1591487027930485, 0.015198820791089142, 0.0], "k_pid_vsp": [120.21980688299459, 27.425872477793572, 2.8794379615984815]}, "datetime": {"datetime": "2025-08-11 19:47:37", "elapsed": 12136.37136054039, "delta": 17.3737530708313}, "costs": {"total_cost": 187.351567758126, "time_cost": 70.126, "final_distance_cost": 1.7859667866732358, "oscillation_cost": 28.88909812985864, "completition_cost": 0.0, "overshoot_cost": 51.209334662721844, "power_cost": 14.479555883789063, "noise_cost": 20.861612295083223, "n_waypoints_completed": 9, "tot_waypoints": 9}}
{"target": -226.3100420264928, "params": {"k_pid_pos": [0.2368995552322243, 0.08874974479943025, 0.013520983368800163], "k_pid_alt": [1.9442926847061177, 0.013721254903740333, 0.009718578579852161], "k_pid_att": [21.129128464214222, 0.7283264111199249, 0.07084722682517783], "k_pid_yaw": [0.5, 1e-06, 0.1], "k_pid_hsp": [0.21185277100619046, 0.015230406599515092, 0.0], "k_pid_vsp": [58.77582025314115, 52.77562531482666, 1.7975864317068115]}, "datetime": {"datetime": "2025-08-11 19:48:01", "elapsed": 12161.320360660553, "delta": 24.949000120162964}, "costs": {"total_cost": 226.3100420264928, "time_cost": 98.392, "final_distance_cost": 1.8498009968277884, "oscillation_cost": 20.431252651389276, "completition_cost": 0.0, "overshoot_cost": 55.11677913122634, "power_cost": 18.616386071777345, "noise_cost": 31.903823175272056, "n_waypoints_completed": 9, "tot_waypoints": 9}}
{"target": -184.85985598404147, "params": {"k_pid_pos": [0.7062405768277277, 0.00926616220291527, 0.04203810070435282], "k_pid_alt": [1.4062414380287207, 0.00807304757181365, 0.0411670078382835], "k_pid_att": [25.036274034151038, 0.721636820310923, 0.2756007576755832], "k_pid_yaw": [0.5, 1e-06, 0.1], "k_pid_hsp": [0.23928797537398094, 0.009495576681444256, 0.0], "k_pid_vsp": [74.94206525323618, 71.96875742452757, 3.1222031005245054]}, "datetime": {"datetime": "2025-08-11 19:48:20", "elapsed": 12179.492509365082, "delta": 18.17214870452881}, "costs": {"total_cost": 184.85985598404147, "time_cost": 71.008, "final_distance_cost": 1.8390032763827708, "oscillation_cost": 25.46772845614646, "completition_cost": 0.0, "overshoot_cost": 50.495793056252914, "power_cost": 14.454859008789063, "noise_cost": 21.59447218647025, "n_waypoints_completed": 9, "tot_waypoints": 9}}
{"target": -184.31262372217088, "params": {"k_pid_pos": [0.7791346835339154, 0.07322454648372935, 0.06631028093466178], "k_pid_alt": [1.1967417708555785, 0.008263661776617652, 0.06176353289708957], "k_pid_att": [20.18360293264099, 0.9478595055958339, 0.4835317776547649], "k_pid_yaw": [0.5, 1e-06, 0.1], "k_pid_hsp": [0.13970674392855856, 0.007923721071115957, 0.0], "k_pid_vsp": [20.14804359295557, 32.97361916112795, 1.5883462488550044]}, "datetime": {"datetime": "2025-08-11 19:48:38", "elapsed": 12197.460393190384, "delta": 17.967883825302124}, "costs": {"total_cost": 184.31262372217088, "time_cost": 70.854, "final_distance_cost": 1.8234592580554938, "oscillation_cost": 24.774597661174642, "completition_cost": 0.0, "overshoot_cost": 51.482485841694434, "power_cost": 14.22477674560547, "noise_cost": 21.15330421564083, "n_waypoints_completed": 9, "tot_waypoints": 9}}
{"target": -184.1828499822001, "params": {"k_pid_pos": [0.8608216645102864, 0.05119251603827699, 0.004540585508091729], "k_pid_alt": [1.2876470083045677, 0.009605580016059484, 0.0], "k_pid_att": [19.98800808448789, 1.5821538957294805, 0.16057219725131552], "k_pid_yaw": [0.5, 1e-06, 0.1], "k_pid_hsp": [0.13719823748025634, 0.00869865519709965, 0.0], "k_pid_vsp": [81.55352978886351, 72.87999922893458, 3.927394146940943]}, "datetime": {"datetime": "2025-08-11 19:48:55", "elapsed": 12214.821850061417, "delta": 17.361456871032715}, "costs": {"total_cost": 184.1828499822001, "time_cost": 69.671, "final_distance_cost": 1.8247221925434502, "oscillation_cost": 27.131409978484466, "completition_cost": 0.0, "overshoot_cost": 50.50779753061881, "power_cost": 14.27810233154297, "noise_cost": 20.769817949010392, "n_waypoints_completed": 9, "tot_waypoints": 9}}
{"target": -185.24111461145813, "params": {"k_pid_pos": [0.8626989258456238, 0.06193408761006503, 0.02134426570135266], "k_pid_alt": [1.9183792745653119, 0.012035549830493755, 0.005353159074986236], "k_pid_att": [25.18140519395654, 0.8490935972095235, 0.236819439795065], "k_pid_yaw": [0.5, 1e-06, 0.1], "k_pid_hsp": [0.18001856686499987, 0.004033764554663361, 0.0], "k_pid_vsp": [113.64869301119684, 69.80367494572107, 3.9582613523381673]}, "datetime": {"datetime": "2025-08-11 19:49:13", "elapsed": 12232.374559879303, "delta": 17.552709817886353}, "costs": {"total_cost": 185.24111461145813, "time_cost": 70.168, "final_distance_cost": 1.8181040480006156, "oscillation_cost": 26.7016137395153, "completition_cost": 0.0, "overshoot_cost": 51.20508114499623, "power_cost": 14.393894763183594, "noise_cost": 20.954420915762373, "n_waypoints_completed": 9, "tot_waypoints": 9}}
{"target": -186.22982708525876, "params": {"k_pid_pos": [1.0494341495384722, 0.03522040036009045, 0.01257359895354305], "k_pid_alt": [2.0, 0.0, 0.02128395761520409], "k_pid_att": [14.895356591330804, 1.0424943886042695, 0.08335918838444918], "k_pid_yaw": [0.5, 1e-06, 0.1], "k_pid_hsp": [0.12298709495607457, 0.005414245165851615, 0.0], "k_pid_vsp": [142.0718982618873, 56.776528995603805, 8.872897218013291]}, "datetime": {"datetime": "2025-08-11 19:49:30", "elapsed": 12249.478004693985, "delta": 17.103444814682007}, "costs": {"total_cost": 186.22982708525876, "time_cost": 69.65, "final_distance_cost": 1.7890787094265475, "oscillation_cost": 28.9195078871931, "completition_cost": 0.0, "overshoot_cost": 50.60039959214844, "power_cost": 15.133904150390626, "noise_cost": 20.136936746100016, "n_waypoints_completed": 9, "tot_waypoints": 9}}
{"target": -193.74188530705902, "params": {"k_pid_pos": [0.4679346216094591, 0.05328819835317592, 0.010707075077745758], "k_pid_alt": [1.5493744068015785, 0.009521346615524026, 0.046353737734040945], "k_pid_att": [12.064265698577884, 1.0565372254362144, 0.05172589911213706], "k_pid_yaw": [0.5, 1e-06, 0.1], "k_pid_hsp": [0.263992129834605, 0.008107255202367008, 0.0], "k_pid_vsp": [77.7826855459695, 35.19270852166641, 2.767339691184759]}, "datetime": {"datetime": "2025-08-11 19:49:49", "elapsed": 12268.959899902344, "delta": 19.481895208358765}, "costs": {"total_cost": 193.74188530705902, "time_cost": 76.524, "final_distance_cost": 1.8502979922152574, "oscillation_cost": 24.84363523645972, "completition_cost": 0.0, "overshoot_cost": 51.46067224002049, "power_cost": 15.071887243652345, "noise_cost": 23.991392594711186, "n_waypoints_completed": 9, "tot_waypoints": 9}}
{"target": -186.04782309058498, "params": {"k_pid_pos": [0.7623886184472964, 0.02015375987092868, 0.006296593646263356], "k_pid_alt": [1.5574350663052712, 0.009634622830956747, 0.010788029710037386], "k_pid_att": [8.946640789682725, 1.628611081271501, 0.2484826565389455], "k_pid_yaw": [0.5, 1e-06, 0.1], "k_pid_hsp": [0.08836922743511229, 0.011968765318664263, 0.0], "k_pid_vsp": [50.98789198214765, 32.977550504125865, 1.8412216431228583]}, "datetime": {"datetime": "2025-08-11 19:50:08", "elapsed": 12287.766423940659, "delta": 18.80652403831482}, "costs": {"total_cost": 186.04782309058498, "time_cost": 72.163, "final_distance_cost": 1.8178866259131108, "oscillation_cost": 25.224003842135108, "completition_cost": 0.0, "overshoot_cost": 51.063144231586, "power_cost": 14.436646069335938, "noise_cost": 21.34314232161482, "n_waypoints_completed": 9, "tot_waypoints": 9}}
{"target": -184.76024417542837, "params": {"k_pid_pos": [0.8350199959591785, 0.033300471897797446, 0.08357143785758982], "k_pid_alt": [2.0, 0.009680386999010396, 0.010582531961393379], "k_pid_att": [29.812959707591617, 1.4570160854231382, 0.7968110170609114], "k_pid_yaw": [0.5, 1e-06, 0.1], "k_pid_hsp": [0.10318717016474895, 0.003469027377474456, 0.0], "k_pid_vsp": [168.68398470170845, 44.62173839742215, 1.4086604561424079]}, "datetime": {"datetime": "2025-08-11 19:50:26", "elapsed": 12305.398456335068, "delta": 17.63203239440918}, "costs": {"total_cost": 184.76024417542837, "time_cost": 71.127, "final_distance_cost": 1.7984108114481159, "oscillation_cost": 24.282185582176822, "completition_cost": 0.0, "overshoot_cost": 52.08755786263892, "power_cost": 14.20041533203125, "noise_cost": 21.264674587133282, "n_waypoints_completed": 9, "tot_waypoints": 9}}
{"target": -203.76372671535842, "params": {"k_pid_pos": [0.39203062505423486, 0.0, 0.033858973098216665], "k_pid_alt": [1.6857561169625501, 0.00471490941090387, 0.03268676727214349], "k_pid_att": [9.082540956008438, 1.6127117434775997, 0.9574622896155325], "k_pid_yaw": [0.5, 1e-06, 0.1], "k_pid_hsp": [0.19985616919628177, 0.009853731299816024, 0.0], "k_pid_vsp": [113.1384679984302, 45.908030815387605, 2.583394033090052]}, "datetime": {"datetime": "2025-08-11 19:50:46", "elapsed": 12326.342973709106, "delta": 20.944517374038696}, "costs": {"total_cost": 203.76372671535842, "time_cost": 84.287, "final_distance_cost": 1.8578523952347898, "oscillation_cost": 21.60538148437027, "completition_cost": 0.0, "overshoot_cost": 52.476707567793774, "power_cost": 16.289464086914062, "noise_cost": 27.247321181045535, "n_waypoints_completed": 9, "tot_waypoints": 9}}
{"target": -1149.9335089087435, "params": {"k_pid_pos": [0.028311909301712828, 0.03843162083512616, 0.04622792719000971], "k_pid_alt": [1.6420370659035608, 0.006365170499787795, 0.019331495907724407], "k_pid_att": [20.085889445153526, 1.413152880256729, 0.8754211205797061], "k_pid_yaw": [0.5, 1e-06, 0.1], "k_pid_hsp": [0.21490248047546293, 0.006762910797810172, 0.0], "k_pid_vsp": [0.0, 30.34989269291521, 2.759310264829821]}, "datetime": {"datetime": "2025-08-11 19:51:19", "elapsed": 12358.391061782837, "delta": 32.04808807373047}, "costs": {"total_cost": 1149.9335089087435, "time_cost": 150, "final_distance_cost": 82.60572711218585, "oscillation_cost": 2.1402328592800344, "completition_cost": 777.7777777777778, "overshoot_cost": 81.2014128751782, "power_cost": 22.849408703613282, "noise_cost": 33.35894958070833, "n_waypoints_completed": 2, "tot_waypoints": 9}}
{"target": -191.94765516224493, "params": {"k_pid_pos": [0.5630639429065097, 0.05639160583440875, 0.029764084403616123], "k_pid_alt": [1.9578995629223581, 0.011172152405932704, 0.01489780492812895], "k_pid_att": [17.586393353299528, 0.7719898101464459, 0.7277819275407507], "k_pid_yaw": [0.5, 1e-06, 0.1], "k_pid_hsp": [0.06982997756218304, 0.005792771863084326, 0.0], "k_pid_vsp": [120.97622383357475, 41.69600507611218, 7.157695829941342]}, "datetime": {"datetime": "2025-08-11 19:51:38", "elapsed": 12377.521212100983, "delta": 19.130150318145752}, "costs": {"total_cost": 191.94765516224493, "time_cost": 77.756, "final_distance_cost": 1.8111144442815474, "oscillation_cost": 19.932178354175615, "completition_cost": 0.0, "overshoot_cost": 53.76832670217475, "power_cost": 15.103337683105469, "noise_cost": 23.576697978507568, "n_waypoints_completed": 9, "tot_waypoints": 9}}
{"target": -189.64390406928786, "params": {"k_pid_pos": [1.0788015832070939, 0.03843829989589095, 0.0172202263193721], "k_pid_alt": [2.0, 0.006337645265937389, 0.006788322131039924], "k_pid_att": [31.530583069076055, 1.3956528542428999, 0.0], "k_pid_yaw": [0.5, 1e-06, 0.1], "k_pid_hsp": [0.1374033927449457, 0.006551164648067562, 0.0], "k_pid_vsp": [128.78103645315932, 94.7888018817776, 4.510577179635564]}, "datetime": {"datetime": "2025-08-11 19:51:55", "elapsed": 12395.077183008194, "delta": 17.555970907211304}, "costs": {"total_cost": 189.64390406928786, "time_cost": 69.59400000000001, "final_distance_cost": 1.8076574622852382, "oscillation_cost": 32.27088498768305, "completition_cost": 0.0, "overshoot_cost": 50.882086123638636, "power_cost": 14.465056799316407, "noise_cost": 20.624218696364515, "n_waypoints_completed": 9, "tot_waypoints": 9}}
{"target": -183.53059458530944, "params": {"k_pid_pos": [0.7552610131148976, 0.021422987340712987, 0.0], "k_pid_alt": [1.352931596689361, 5.633115231125507e-05, 0.03886739155198977], "k_pid_att": [22.384191111616445, 1.2250977385936164, 0.5369968446170931], "k_pid_yaw": [0.5, 1e-06, 0.1], "k_pid_hsp": [0.1181824022531356, 0.01251527308920696, 0.0], "k_pid_vsp": [216.47898849204353, 64.28710237710087, 2.1887382664495476]}, "datetime": {"datetime": "2025-08-11 19:52:13", "elapsed": 12412.544649124146, "delta": 17.467466115951538}, "costs": {"total_cost": 183.53059458530944, "time_cost": 70.336, "final_distance_cost": 1.8272602261506599, "oscillation_cost": 25.571959833665158, "completition_cost": 0.0, "overshoot_cost": 50.86856229648979, "power_cost": 14.183798559570313, "noise_cost": 20.743013669433527, "n_waypoints_completed": 9, "tot_waypoints": 9}}
{"target": -192.19469161915686, "params": {"k_pid_pos": [0.5667228787292183, 0.09719358160807474, 0.05914348499250858], "k_pid_alt": [2.0, 0.01650885608844451, 0.013045588042332934], "k_pid_att": [14.698776174056396, 0.8621248627305597, 0.2921322559370579], "k_pid_yaw": [0.5, 1e-06, 0.1], "k_pid_hsp": [0.08851161977648987, 0.00714378415670125, 0.0], "k_pid_vsp": [110.79569119693538, 86.29466656088736, 3.7907507609783213]}, "datetime": {"datetime": "2025-08-11 19:52:32", "elapsed": 12431.75071811676, "delta": 19.206068992614746}, "costs": {"total_cost": 192.19469161915686, "time_cost": 77.182, "final_distance_cost": 1.819849531755179, "oscillation_cost": 21.759712759389597, "completition_cost": 0.0, "overshoot_cost": 52.83016888608283, "power_cost": 15.182327746582033, "noise_cost": 23.420632695347194, "n_waypoints_completed": 9, "tot_waypoints": 9}}
{"target": -186.09585700358912, "params": {"k_pid_pos": [0.6851208180202241, 0.04560762210643776, 0.09258143847894333], "k_pid_alt": [2.0, 0.01747635751413008, 0.031777672559540095], "k_pid_att": [15.43970214864541, 0.9496393896807017, 0.5350976006178405], "k_pid_yaw": [0.5, 1e-06, 0.1], "k_pid_hsp": [0.1041854059108952, 0.009908345228182765, 0.0], "k_pid_vsp": [193.4375868880758, 65.54168249663668, 0.4702413480311301]}, "datetime": {"datetime": "2025-08-11 19:52:50", "elapsed": 12449.813836812973, "delta": 18.06311869621277}, "costs": {"total_cost": 186.09585700358912, "time_cost": 72.772, "final_distance_cost": 1.8129903063875743, "oscillation_cost": 23.449936003698603, "completition_cost": 0.0, "overshoot_cost": 52.024137093503036, "power_cost": 14.40022900390625, "noise_cost": 21.636564596093635, "n_waypoints_completed": 9, "tot_waypoints": 9}}
{"target": -191.1305594113154, "params": {"k_pid_pos": [0.9354957015322726, 0.06142016712395679, 0.021017593261097978], "k_pid_alt": [1.1594114586627946, 0.021827706921923474, 0.02217840562972519], "k_pid_att": [19.18826421139904, 1.417802823235786, 0.0], "k_pid_yaw": [0.5, 1e-06, 0.1], "k_pid_hsp": [0.1128674936705455, 0.012119764510963707, 0.0], "k_pid_vsp": [125.10807774346705, 107.89097361888838, 1.9366274378179391]}, "datetime": {"datetime": "2025-08-11 19:53:08", "elapsed": 12467.996166467667, "delta": 18.182329654693604}, "costs": {"total_cost": 191.1305594113154, "time_cost": 71.554, "final_distance_cost": 1.7921518776420404, "oscillation_cost": 31.667789046967073, "completition_cost": 0.0, "overshoot_cost": 50.54688796837504, "power_cost": 14.592918688964845, "noise_cost": 20.97681182936639, "n_waypoints_completed": 9, "tot_waypoints": 9}}
{"target": -187.35227615785067, "params": {"k_pid_pos": [0.6351322037836306, 0.020265741534401385, 0.019444091149966165], "k_pid_alt": [2.0, 0.019949346818862894, 0.019012993589926735], "k_pid_att": [18.648511314229008, 0.478555886941542, 0.5641409845006682], "k_pid_yaw": [0.5, 1e-06, 0.1], "k_pid_hsp": [0.2078269778905045, 0.01171805045262733, 0.0], "k_pid_vsp": [18.251576447945617, 41.22140031189735, 2.8688163584493935]}, "datetime": {"datetime": "2025-08-11 19:53:26", "elapsed": 12486.265259027481, "delta": 18.269092559814453}, "costs": {"total_cost": 187.35227615785067, "time_cost": 72.261, "final_distance_cost": 1.8479274843284395, "oscillation_cost": 25.069423090947446, "completition_cost": 0.0, "overshoot_cost": 51.50691057399136, "power_cost": 14.612884997558595, "noise_cost": 22.054130011024814, "n_waypoints_completed": 9, "tot_waypoints": 9}}
{"target": -196.4660477260573, "params": {"k_pid_pos": [1.0634253022223887, 0.05120092206599849, 0.04686749068497346], "k_pid_alt": [1.2220434089871948, 0.009409253406417474, 0.02798317837057322], "k_pid_att": [10.495498251621136, 1.1628187264090843, 0.21423386274831546], "k_pid_yaw": [0.5, 1e-06, 0.1], "k_pid_hsp": [0.06509133143278827, 0.012933094853215877, 0.0], "k_pid_vsp": [102.08081394740323, 74.82496914483549, 3.112068938573682]}, "datetime": {"datetime": "2025-08-11 19:53:45", "elapsed": 12505.163341999054, "delta": 18.898082971572876}, "costs": {"total_cost": 196.4660477260573, "time_cost": 76.286, "final_distance_cost": 1.7616299655189467, "oscillation_cost": 29.28912972762225, "completition_cost": 0.0, "overshoot_cost": 51.60353446735647, "power_cost": 15.37703670654297, "noise_cost": 22.148716859016645, "n_waypoints_completed": 9, "tot_waypoints": 9}}
{"target": -408.6761966586482, "params": {"k_pid_pos": [1.0237415042490448, 0.047954371600028134, 0.04391328986856133], "k_pid_alt": [1.597759738274454, 0.01713969973213426, 0.05917762914872567], "k_pid_att": [17.334113330913322, 1.168002695390158, 0.6795032202214943], "k_pid_yaw": [0.5, 1e-06, 0.1], "k_pid_hsp": [0.03283917582374526, 0.008820331242148568, 0.0], "k_pid_vsp": [83.9328759932502, 67.1321407145083, 4.09748025366304]}, "datetime": {"datetime": "2025-08-11 19:54:16", "elapsed": 12535.501338481903, "delta": 30.33799648284912}, "costs": {"total_cost": 408.6761966586482, "time_cost": 150, "final_distance_cost": 5.739667819980958, "oscillation_cost": 24.075903486185645, "completition_cost": 111.11111111111116, "overshoot_cost": 60.515254337863524, "power_cost": 22.717478063964844, "noise_cost": 34.51678183954213, "n_waypoints_completed": 8, "tot_waypoints": 9}}
{"target": -188.7763141543592, "params": {"k_pid_pos": [0.8777831424346706, 0.08586004253720099, 0.0], "k_pid_alt": [1.230689374631577, 0.013384009133072807, 0.006029993708591488], "k_pid_att": [7.392022704853283, 1.8965272230335557, 0.6263171983334194], "k_pid_yaw": [0.5, 1e-06, 0.1], "k_pid_hsp": [0.11295142301083409, 0.011152921262688818, 0.0], "k_pid_vsp": [142.28014674481594, 55.57738812513829, 2.8885687062232783]}, "datetime": {"datetime": "2025-08-11 19:54:33", "elapsed": 12553.29823231697, "delta": 17.79689383506775}, "costs": {"total_cost": 188.7763141543592, "time_cost": 72.121, "final_distance_cost": 1.786967262054244, "oscillation_cost": 27.99125971246312, "completition_cost": 0.0, "overshoot_cost": 50.896260644311205, "power_cost": 14.710274792480469, "noise_cost": 21.27055174305017, "n_waypoints_completed": 9, "tot_waypoints": 9}}
