{"target": -194.8776457589874, "params": {"k_pid_pos": [0.9991808639996861, 0.0, 0.11389750709757866], "k_pid_alt": [1.092657866476787, 0.0, 0.5559340960819], "k_pid_att": [24.783879282810403, 7.193279615978537, 0.644686512884713], "k_pid_yaw": [0.5, 1e-06, 0.1], "k_pid_hsp": [1.097103485016503, 0.0, 0.0], "k_pid_vsp": [106.0912184580424, 33.94503719079919, 8.158225720797875]}, "datetime": {"datetime": "2025-08-11 18:01:57", "elapsed": 5797.317397356033, "delta": 18.057206392288208}, "costs": {"total_cost": 194.8776457589874, "time_cost": 73.465, "final_distance_cost": 1.8474964242572527, "oscillation_cost": 31.45824681692785, "completition_cost": 0.0, "overshoot_cost": 50.84256070092441, "power_cost": 15.329026599121095, "noise_cost": 21.935315217756774, "n_waypoints_completed": 9, "tot_waypoints": 9}}
{"target": -206.37360737985992, "params": {"k_pid_pos": [0.601155415859905, 0.08394198585590823, 0.008904532359209747], "k_pid_alt": [2.0, 0.000717817552354888, 0.529802972169728], "k_pid_att": [24.084176061372677, 6.536529253489881, 1.0], "k_pid_yaw": [0.5, 1e-06, 0.1], "k_pid_hsp": [6.362551841245119, 0.08384551183149286, 0.0], "k_pid_vsp": [172.31180306420092, 97.61088903302998, 10.304127173406316]}, "datetime": {"datetime": "2025-08-11 18:02:16", "elapsed": 5816.154661655426, "delta": 18.8372642993927}, "costs": {"total_cost": 206.37360737985992, "time_cost": 76.069, "final_distance_cost": 1.8451260325314691, "oscillation_cost": 37.61362769465642, "completition_cost": 0.0, "overshoot_cost": 51.381531606328835, "power_cost": 18.925119934082034, "noise_cost": 20.539202112261165, "n_waypoints_completed": 9, "tot_waypoints": 9}}
{"target": -880.1008700306589, "params": {"k_pid_pos": [0.07770227843166137, 0.044589452796753824, 0.014883964605808644], "k_pid_alt": [1.7641349695634572, 0.00034685693461094375, 0.5921875729428224], "k_pid_att": [16.062622352232193, 1.2597923768813917, 0.6499189863899119], "k_pid_yaw": [0.5, 1e-06, 0.1], "k_pid_hsp": [1.878583984747794, 0.07235312463119413, 0.0], "k_pid_vsp": [137.87564079148098, 0.24694416818529893, 6.936329912400846]}, "datetime": {"datetime": "2025-08-11 18:02:47", "elapsed": 5846.370399713516, "delta": 30.21573805809021}, "costs": {"total_cost": 880.1008700306589, "time_cost": 150, "final_distance_cost": 45.286481509304686, "oscillation_cost": 7.518221470306661, "completition_cost": 555.5555555555555, "overshoot_cost": 67.50789859255549, "power_cost": 21.390706359863284, "noise_cost": 32.84200654307323, "n_waypoints_completed": 4, "tot_waypoints": 9}}
{"target": -1264.8084067418183, "params": {"k_pid_pos": [0.0001, 0.04449693954251397, 0.0], "k_pid_alt": [1.7967732878725737, 0.004968726112237081, 0.9307323353654379], "k_pid_att": [23.48452580967118, 2.7318279230719167, 0.8865869662729357], "k_pid_yaw": [0.5, 1e-06, 0.1], "k_pid_hsp": [5.323453333222479, 0.06730015674135252, 0.0], "k_pid_vsp": [152.95761021903056, 65.0311220807166, 0.3017307081652518]}, "datetime": {"datetime": "2025-08-11 18:03:17", "elapsed": 5876.6287434101105, "delta": 30.25834369659424}, "costs": {"total_cost": 1264.8084067418183, "time_cost": 150, "final_distance_cost": 56.197480547037856, "oscillation_cost": 0.35346102591268896, "completition_cost": 888.8888888888888, "overshoot_cost": 115.2870957292571, "power_cost": 20.991341088867188, "noise_cost": 33.090139461854754, "n_waypoints_completed": 1, "tot_waypoints": 9}}
{"target": -248.72453035472338, "params": {"k_pid_pos": [0.24066147550216496, 0.03492310363606517, 0.06770018510153329], "k_pid_alt": [1.2764197104121027, 0.012403238415837256, 0.6210324249555681], "k_pid_att": [9.645964919640868, 2.358515095273072, 0.3549828944313986], "k_pid_yaw": [0.5, 1e-06, 0.1], "k_pid_hsp": [4.126148570468469, 0.07999857471468187, 0.0], "k_pid_vsp": [153.1125689922585, 43.33062499431355, 1e-06]}, "datetime": {"datetime": "2025-08-11 18:03:43", "elapsed": 5903.219501018524, "delta": 26.590757608413696}, "costs": {"total_cost": 248.72453035472338, "time_cost": 107.009, "final_distance_cost": 1.8557106091203497, "oscillation_cost": 25.636489299443152, "completition_cost": 0.0, "overshoot_cost": 58.272766704002564, "power_cost": 20.03183736572266, "noise_cost": 35.91872637643464, "n_waypoints_completed": 9, "tot_waypoints": 9}}
{"target": -221.19379008383677, "params": {"k_pid_pos": [0.738236661444101, 0.13743397089865972, 0.0], "k_pid_alt": [0.5456354018949957, 0.0002382083325785161, 0.4824233042013178], "k_pid_att": [34.961973013056046, 5.692023536157801, 0.2872799823208256], "k_pid_yaw": [0.5, 1e-06, 0.1], "k_pid_hsp": [0.5797490487943121, 0.05058205809923378, 0.0], "k_pid_vsp": [253.03518409804187, 125.30290329446287, 5.662250918037842]}, "datetime": {"datetime": "2025-08-11 18:04:06", "elapsed": 5926.265277147293, "delta": 23.04577612876892}, "costs": {"total_cost": 221.19379008383677, "time_cost": 91.644, "final_distance_cost": 1.862118898152193, "oscillation_cost": 29.571172092946824, "completition_cost": 0.0, "overshoot_cost": 51.55743630309048, "power_cost": 18.26064530029297, "noise_cost": 28.298417489354318, "n_waypoints_completed": 9, "tot_waypoints": 9}}
{"target": -198.8669546126845, "params": {"k_pid_pos": [0.8403000044402722, 0.1265949823456551, 0.020939400950757147], "k_pid_alt": [2.0, 0.005567406695394485, 0.49754855315474145], "k_pid_att": [39.73216947584219, 5.25678481583582, 0.825291350757603], "k_pid_yaw": [0.5, 1e-06, 0.1], "k_pid_hsp": [3.465464628418498, 0.064521950111486, 0.0], "k_pid_vsp": [152.09446239275462, 6.447609280038527, 9.77913367794474]}, "datetime": {"datetime": "2025-08-11 18:04:25", "elapsed": 5944.459174633026, "delta": 18.193897485733032}, "costs": {"total_cost": 198.8669546126845, "time_cost": 72.345, "final_distance_cost": 1.825969926485757, "oscillation_cost": 34.896004204187626, "completition_cost": 0.0, "overshoot_cost": 51.91147768640924, "power_cost": 18.15709423828125, "noise_cost": 19.73140855732066, "n_waypoints_completed": 9, "tot_waypoints": 9}}
{"target": -215.1897604843654, "params": {"k_pid_pos": [0.5109317744218024, 0.02152288075031085, 0.19390394565193225], "k_pid_alt": [2.0, 0.002334814300734615, 0.7779650950165674], "k_pid_att": [19.610404558022633, 5.048363465420739, 0.9325904240155468], "k_pid_yaw": [0.5, 1e-06, 0.1], "k_pid_hsp": [3.709592405405664, 0.023765026294311875, 0.0], "k_pid_vsp": [87.99450883271128, 87.7588426431248, 1e-06]}, "datetime": {"datetime": "2025-08-11 18:04:46", "elapsed": 5965.86576795578, "delta": 21.406593322753906}, "costs": {"total_cost": 215.1897604843654, "time_cost": 84.686, "final_distance_cost": 1.8567639897094763, "oscillation_cost": 33.35179152332125, "completition_cost": 0.0, "overshoot_cost": 51.86720595695238, "power_cost": 16.694239978027344, "noise_cost": 26.7337590363549, "n_waypoints_completed": 9, "tot_waypoints": 9}}
{"target": -215.4138066038621, "params": {"k_pid_pos": [0.3532879033672476, 0.03626078470523575, 0.0], "k_pid_alt": [1.9347313970761704, 0.0, 0.5879744710631275], "k_pid_att": [22.161339488238337, 1.1384526213652553, 0.9296762860227036], "k_pid_yaw": [0.5, 1e-06, 0.1], "k_pid_hsp": [2.8140490414885577, 0.03638944373509069, 0.0], "k_pid_vsp": [128.70329694670997, 51.820216756095796, 7.254697607368327]}, "datetime": {"datetime": "2025-08-11 18:05:08", "elapsed": 5987.609635353088, "delta": 21.74386739730835}, "costs": {"total_cost": 215.4138066038621, "time_cost": 87.171, "final_distance_cost": 1.850816167184242, "oscillation_cost": 28.404391477681614, "completition_cost": 0.0, "overshoot_cost": 53.24833638555052, "power_cost": 16.858924963378907, "noise_cost": 27.880337610066796, "n_waypoints_completed": 9, "tot_waypoints": 9}}
{"target": -192.70380138651817, "params": {"k_pid_pos": [1.0934126943604012, 0.04501763229592513, 0.09222325267043281], "k_pid_alt": [1.6183291356368528, 0.006708047387432858, 1.0], "k_pid_att": [22.362990744899225, 3.6232689023325313, 1.0], "k_pid_yaw": [0.5, 1e-06, 0.1], "k_pid_hsp": [1.9174527454973243, 0.031199388371105405, 0.0], "k_pid_vsp": [15.879640682358277, 15.777714324999295, 1e-06]}, "datetime": {"datetime": "2025-08-11 18:05:25", "elapsed": 6004.920770168304, "delta": 17.311134815216064}, "costs": {"total_cost": 192.70380138651817, "time_cost": 71.036, "final_distance_cost": 1.839326744354238, "oscillation_cost": 32.01936577733562, "completition_cost": 0.0, "overshoot_cost": 51.33535023366231, "power_cost": 14.771775134277345, "noise_cost": 21.70198349688865, "n_waypoints_completed": 9, "tot_waypoints": 9}}
{"target": -259.1340653196274, "params": {"k_pid_pos": [0.3253950035090405, 0.018031036299096432, 0.09763528453702557], "k_pid_alt": [0.8600271738809567, 0.005786029116225388, 1.0], "k_pid_att": [16.79699404581409, 2.9052110388387438, 0.42192211949446184], "k_pid_yaw": [0.5, 1e-06, 0.1], "k_pid_hsp": [0.6096711258307509, 0.047474547611051694, 0.0], "k_pid_vsp": [0.0, 96.3214884397953, 1e-06]}, "datetime": {"datetime": "2025-08-11 18:06:00", "elapsed": 6040.335566520691, "delta": 35.414796352386475}, "costs": {"total_cost": 259.1340653196274, "time_cost": 101.556, "final_distance_cost": 1.8475456734420506, "oscillation_cost": 50.65217820740064, "completition_cost": 0.0, "overshoot_cost": 54.85836326491546, "power_cost": 25.057491833496094, "noise_cost": 25.162486340373118, "n_waypoints_completed": 9, "tot_waypoints": 9}}
{"target": -199.43537071090188, "params": {"k_pid_pos": [1.6904626294774268, 0.0, 0.05003061700596793], "k_pid_alt": [2.0, 0.014220606852860798, 0.6626662761278895], "k_pid_att": [8.337241743648425, 0.0001, 1.0], "k_pid_yaw": [0.5, 1e-06, 0.1], "k_pid_hsp": [4.821284166261911, 0.0, 0.0], "k_pid_vsp": [220.53928159494868, 137.89154713087183, 3.1305721567926255]}, "datetime": {"datetime": "2025-08-11 18:06:19", "elapsed": 6058.4836094379425, "delta": 18.148042917251587}, "costs": {"total_cost": 199.43537071090188, "time_cost": 69.181, "final_distance_cost": 1.7605001346820626, "oscillation_cost": 41.80413817194407, "completition_cost": 0.0, "overshoot_cost": 50.848466901756396, "power_cost": 15.318337316894532, "noise_cost": 20.522928185624796, "n_waypoints_completed": 9, "tot_waypoints": 9}}
{"target": -4468.135238296966, "params": {"k_pid_pos": [0.7261989714738633, 0.057609770866424576, 0.06922527293848475], "k_pid_alt": [0.9585543547672165, 0.006695754217491682, 0.668826711631621], "k_pid_att": [0.0, 0.9683996329780943, 1.0], "k_pid_yaw": [0.5, 1e-06, 0.1], "k_pid_hsp": [3.238954017332304, 0.09184984660137453, 0.0], "k_pid_vsp": [69.63788071806141, 100.34263558831042, 5.257838324341914]}, "datetime": {"datetime": "2025-08-11 18:06:49", "elapsed": 6089.160044193268, "delta": 30.676434755325317}, "costs": {"total_cost": 4468.135238296966, "time_cost": 150, "final_distance_cost": 502.63086279825245, "oscillation_cost": 1150.2086330079233, "completition_cost": 1000.0, "overshoot_cost": 1439.3583867395243, "power_cost": 58.081459216308595, "noise_cost": 167.85589653495757, "n_waypoints_completed": 0, "tot_waypoints": 9}}
{"target": -189.58808771219282, "params": {"k_pid_pos": [1.1518060133614796, 0.05918284951475802, 0.027180994570583372], "k_pid_alt": [2.0, 0.009908530148973272, 0.23841437413005728], "k_pid_att": [13.372182932971299, 1.3975967390801465, 0.5256259758581321], "k_pid_yaw": [0.5, 1e-06, 0.1], "k_pid_hsp": [1.3415255154572765, 0.055878031481342905, 0.0], "k_pid_vsp": [137.30035634827195, 86.13908252448182, 4.452462254900588]}, "datetime": {"datetime": "2025-08-11 18:07:06", "elapsed": 6106.305094003677, "delta": 17.145049810409546}, "costs": {"total_cost": 189.58808771219282, "time_cost": 68.978, "final_distance_cost": 1.8252740757462613, "oscillation_cost": 32.64757174745911, "completition_cost": 0.0, "overshoot_cost": 50.61851444938897, "power_cost": 14.796987963867188, "noise_cost": 20.721739475731283, "n_waypoints_completed": 9, "tot_waypoints": 9}}
{"target": -190.1240457850257, "params": {"k_pid_pos": [1.2654625109296098, 0.0, 0.059213107839853146], "k_pid_alt": [2.0, 0.0037027571851168243, 0.7274156349548342], "k_pid_att": [15.053228944948629, 2.8364793754041977, 0.4273153870726191], "k_pid_yaw": [0.5, 1e-06, 0.1], "k_pid_hsp": [1.6577244278228, 0.08503054120510355, 0.0], "k_pid_vsp": [225.29312341846776, 36.456365141165335, 3.0850016329565424]}, "datetime": {"datetime": "2025-08-11 18:07:26", "elapsed": 6125.857173919678, "delta": 19.552079916000366}, "costs": {"total_cost": 190.1240457850257, "time_cost": 69.293, "final_distance_cost": 1.816990057755329, "oscillation_cost": 33.0129101262506, "completition_cost": 0.0, "overshoot_cost": 50.55720963023434, "power_cost": 14.831966760253907, "noise_cost": 20.6119692105315, "n_waypoints_completed": 9, "tot_waypoints": 9}}
{"target": -187.79278841215998, "params": {"k_pid_pos": [1.310955401646891, 0.06991569959883664, 0.05301359659332461], "k_pid_alt": [2.0, 0.003446409422537529, 0.0], "k_pid_att": [22.22494838630345, 1.263369897180379, 0.6167806508722408], "k_pid_yaw": [0.5, 1e-06, 0.1], "k_pid_hsp": [0.33396092615713807, 0.0, 0.0], "k_pid_vsp": [152.2514553450601, 102.86034238424982, 7.905045368930909]}, "datetime": {"datetime": "2025-08-11 18:07:43", "elapsed": 6142.952156305313, "delta": 17.094982385635376}, "costs": {"total_cost": 187.79278841215998, "time_cost": 69.356, "final_distance_cost": 1.78898104510804, "oscillation_cost": 30.356976624338067, "completition_cost": 0.0, "overshoot_cost": 50.87051405856852, "power_cost": 14.745291821289063, "noise_cost": 20.675024862856265, "n_waypoints_completed": 9, "tot_waypoints": 9}}
{"target": -205.7957696848639, "params": {"k_pid_pos": [0.8544289339280181, 0.045219941424121245, 0.0508518524545811], "k_pid_alt": [2.0, 0.009957763374456382, 0.5199169190278132], "k_pid_att": [3.0872526822635717, 2.5935377152113115, 0.9244653925336647], "k_pid_yaw": [0.5, 1e-06, 0.1], "k_pid_hsp": [3.904114152177582, 0.0513793195675836, 0.0], "k_pid_vsp": [95.84071921925984, 1e-06, 4.803207231849769]}, "datetime": {"datetime": "2025-08-11 18:08:01", "elapsed": 6160.834305763245, "delta": 17.88214945793152}, "costs": {"total_cost": 205.7957696848639, "time_cost": 71.302, "final_distance_cost": 1.8524067028472972, "oscillation_cost": 43.65162457818291, "completition_cost": 0.0, "overshoot_cost": 51.58897990045483, "power_cost": 15.30860701904297, "noise_cost": 22.092151484335876, "n_waypoints_completed": 9, "tot_waypoints": 9}}
{"target": -202.87024464533937, "params": {"k_pid_pos": [1.0053590011497893, 0.0, 0.0022291408452140642], "k_pid_alt": [1.4025481027662812, 0.003911624820082081, 0.5532266573729886], "k_pid_att": [15.106419724074348, 2.6324476380150945, 0.4924214818466912], "k_pid_yaw": [0.5, 1e-06, 0.1], "k_pid_hsp": [1.8167442421333924, 0.006120274934731426, 0.0], "k_pid_vsp": [0.0, 62.514301607725635, 5.491889647365386]}, "datetime": {"datetime": "2025-08-11 18:08:19", "elapsed": 6178.696406364441, "delta": 17.86210060119629}, "costs": {"total_cost": 202.87024464533937, "time_cost": 72.464, "final_distance_cost": 1.8414031693690949, "oscillation_cost": 38.479377124817084, "completition_cost": 0.0, "overshoot_cost": 51.11640508704905, "power_cost": 16.753041333007815, "noise_cost": 22.21601793109629, "n_waypoints_completed": 9, "tot_waypoints": 9}}
{"target": -202.8812865288333, "params": {"k_pid_pos": [2.0, 0.0366298076951033, 0.016872792386649692], "k_pid_alt": [1.3598463368209384, 0.006810194197050559, 0.44572966624097327], "k_pid_att": [8.378255780219837, 2.893099336365422, 0.696567528058797], "k_pid_yaw": [0.5, 1e-06, 0.1], "k_pid_hsp": [3.059962858047465, 0.012740196304164073, 0.0], "k_pid_vsp": [228.97083096535843, 26.659345099701756, 4.791543073036806]}, "datetime": {"datetime": "2025-08-11 18:08:36", "elapsed": 6196.004817247391, "delta": 17.30841088294983}, "costs": {"total_cost": 202.8812865288333, "time_cost": 70.399, "final_distance_cost": 1.7843720271714576, "oscillation_cost": 42.805176261022275, "completition_cost": 0.0, "overshoot_cost": 51.30199797047902, "power_cost": 15.70034072265625, "noise_cost": 20.890399547504288, "n_waypoints_completed": 9, "tot_waypoints": 9}}
{"target": -1243.0767137461826, "params": {"k_pid_pos": [1.2768150803078233, 0.02441981439971323, 0.05106896605718569], "k_pid_alt": [1.4724431546053383, 0.011415420865561477, 0.24882430519203066], "k_pid_att": [21.49886924904853, 0.0001, 0.8589727026119839], "k_pid_yaw": [0.5, 1e-06, 0.1], "k_pid_hsp": [0.0001, 0.062112090431979794, 0.0], "k_pid_vsp": [197.69497494417723, 93.96607055335687, 6.741246313829765]}, "datetime": {"datetime": "2025-08-11 18:09:06", "elapsed": 6225.807173013687, "delta": 29.802355766296387}, "costs": {"total_cost": 1243.0767137461826, "time_cost": 150, "final_distance_cost": 96.8484995660407, "oscillation_cost": 51.37905969157515, "completition_cost": 777.7777777777778, "overshoot_cost": 108.83911844111566, "power_cost": 24.166059008789063, "noise_cost": 34.066199260884055, "n_waypoints_completed": 2, "tot_waypoints": 9}}
{"target": -203.80142382223056, "params": {"k_pid_pos": [2.0, 0.01878552250351008, 0.09577536486137568], "k_pid_alt": [2.0, 0.010413154026233483, 0.4767347504937906], "k_pid_att": [8.160344151269316, 6.088395552680855, 0.11877396944368512], "k_pid_yaw": [0.5, 1e-06, 0.1], "k_pid_hsp": [1.7183525339070986, 0.05183111443562181, 0.0], "k_pid_vsp": [115.36484788299204, 62.81289764297457, 9.105618870597343]}, "datetime": {"datetime": "2025-08-11 18:09:23", "elapsed": 6242.569216489792, "delta": 16.762043476104736}, "costs": {"total_cost": 203.80142382223056, "time_cost": 68.467, "final_distance_cost": 1.78648715008212, "oscillation_cost": 46.89817264739962, "completition_cost": 0.0, "overshoot_cost": 50.57515403781531, "power_cost": 16.904059045410158, "noise_cost": 19.170550941523366, "n_waypoints_completed": 9, "tot_waypoints": 9}}
{"target": -213.4369218859886, "params": {"k_pid_pos": [0.5427129971861065, 0.0, 0.13517388133408983], "k_pid_alt": [1.576809542324221, 0.00876417315038376, 0.2871512699037458], "k_pid_att": [8.623270546853087, 0.10521707350471547, 0.8921870142471997], "k_pid_yaw": [0.5, 1e-06, 0.1], "k_pid_hsp": [3.925288587021342, 0.07265932986117207, 0.0], "k_pid_vsp": [143.8814546279623, 64.84584687947434, 2.2516937800241386]}, "datetime": {"datetime": "2025-08-11 18:09:44", "elapsed": 6263.432506799698, "delta": 20.863290309906006}, "costs": {"total_cost": 213.4369218859886, "time_cost": 83.762, "final_distance_cost": 1.859160228528259, "oscillation_cost": 32.41450148410415, "completition_cost": 0.0, "overshoot_cost": 52.12791903650771, "power_cost": 16.55816680908203, "noise_cost": 26.715174327766444, "n_waypoints_completed": 9, "tot_waypoints": 9}}
{"target": -3510.8038599514684, "params": {"k_pid_pos": [1.233914924182377, 0.0, 0.09284591116433154], "k_pid_alt": [1.509507619285083, 0.004936062623418274, 0.23352010186391095], "k_pid_att": [0.0, 1.270169865611243, 1.0], "k_pid_yaw": [0.5, 1e-06, 0.1], "k_pid_hsp": [1.2264575355877547, 0.08658184154580838, 0.0], "k_pid_vsp": [263.4260213485012, 68.25614034180614, 5.501721037307053]}, "datetime": {"datetime": "2025-08-11 18:10:14", "elapsed": 6293.414137363434, "delta": 29.981630563735962}, "costs": {"total_cost": 3510.8038599514684, "time_cost": 150, "final_distance_cost": 245.5978104505267, "oscillation_cost": 1286.9657245394867, "completition_cost": 1000.0, "overshoot_cost": 602.1647057841715, "power_cost": 58.252026257324225, "noise_cost": 167.82359291995925, "n_waypoints_completed": 0, "tot_waypoints": 9}}
{"target": -193.488100490346, "params": {"k_pid_pos": [0.9541565628842182, 0.0024708143305800664, 0.06987041306632645], "k_pid_alt": [1.4517255200063157, 0.005471919344273195, 0.6754092373737371], "k_pid_att": [19.99664449152226, 0.0001, 0.6462504847794744], "k_pid_yaw": [0.5, 1e-06, 0.1], "k_pid_hsp": [3.34067869311426, 0.06990365385508972, 0.0], "k_pid_vsp": [156.43241709155856, 132.94030020877412, 7.153024801990571]}, "datetime": {"datetime": "2025-08-11 18:10:31", "elapsed": 6310.715498924255, "delta": 17.301361560821533}, "costs": {"total_cost": 193.488100490346, "time_cost": 71.246, "final_distance_cost": 1.8504707766625275, "oscillation_cost": 33.89027609249887, "completition_cost": 0.0, "overshoot_cost": 49.96093297705033, "power_cost": 14.961182763671875, "noise_cost": 21.57923788046239, "n_waypoints_completed": 9, "tot_waypoints": 9}}
{"target": -196.58742104455303, "params": {"k_pid_pos": [1.0870258772495272, 0.04287037871014793, 0.07138370368686492], "k_pid_alt": [2.0, 0.008944207200050014, 0.0], "k_pid_att": [12.013378683191954, 0.0001, 0.9997063328352703], "k_pid_yaw": [0.5, 1e-06, 0.1], "k_pid_hsp": [0.11131085280589421, 0.05000034491744692, 0.0], "k_pid_vsp": [173.35544223558236, 94.20784681376851, 3.2320885717599737]}, "datetime": {"datetime": "2025-08-11 18:10:48", "elapsed": 6327.888950109482, "delta": 17.17345118522644}, "costs": {"total_cost": 196.58742104455303, "time_cost": 70.938, "final_distance_cost": 1.821209034047568, "oscillation_cost": 36.38146667409992, "completition_cost": 0.0, "overshoot_cost": 51.362375672011225, "power_cost": 15.065461950683595, "noise_cost": 21.018907713710732, "n_waypoints_completed": 9, "tot_waypoints": 9}}
{"target": -1285.3623508078097, "params": {"k_pid_pos": [0.0001, 0.0, 0.04867541364582866], "k_pid_alt": [1.4955157903663603, 0.0021619056381921454, 0.0], "k_pid_att": [4.903944051541628, 4.019792483021692, 0.8684022843045528], "k_pid_yaw": [0.5, 1e-06, 0.1], "k_pid_hsp": [1.623655074880378, 0.1493145889242506, 0.0], "k_pid_vsp": [81.43842600061794, 62.11751297435768, 3.8189089549018536]}, "datetime": {"datetime": "2025-08-11 18:11:19", "elapsed": 6359.105178356171, "delta": 31.216228246688843}, "costs": {"total_cost": 1285.3623508078097, "time_cost": 150, "final_distance_cost": 46.04438858623837, "oscillation_cost": 0.11809117878714578, "completition_cost": 1000.0, "overshoot_cost": 35.12824604300434, "power_cost": 21.01444129638672, "noise_cost": 33.057183703393164, "n_waypoints_completed": 0, "tot_waypoints": 9}}
