{"target": -187.2841893588743, "params": {"k_pid_pos": [0.5539608779422283, 0.012186099525492164, 0.0], "k_pid_alt": [1.0518875647229815, 0.013609511242623037, 0.05966423161712867], "k_pid_att": [28.08753920415188, 1.6173410098888994, 0.67320291163061], "k_pid_yaw": [0.5, 1e-06, 0.1], "k_pid_hsp": [0.16465585130334184, 0.01255683900085841, 0.0], "k_pid_vsp": [155.2826769330386, 87.8409538349026, 1.7286863480403898]}, "datetime": {"datetime": "2025-08-11 20:03:13", "elapsed": 13072.37615942955, "delta": 18.611177921295166}, "costs": {"total_cost": 187.2841893588743, "time_cost": 73.045, "final_distance_cost": 1.8505685109160919, "oscillation_cost": 24.509102268792528, "completition_cost": 0.0, "overshoot_cost": 51.101285684682374, "power_cost": 14.472671618652344, "noise_cost": 22.305561275830932, "n_waypoints_completed": 9, "tot_waypoints": 9}}
{"target": -185.27663257814876, "params": {"k_pid_pos": [0.8313707092834411, 0.03126032787519669, 0.018086610423394586], "k_pid_alt": [0.9765600102400088, 0.00651193524317676, 0.025672468755605804], "k_pid_att": [23.558525535395358, 1.3525474273164528, 0.5054685572406433], "k_pid_yaw": [0.5, 1e-06, 0.1], "k_pid_hsp": [0.11451322788872294, 0.012929104587945661, 0.0], "k_pid_vsp": [139.5757136149235, 80.72186284930086, 2.735981133713111]}, "datetime": {"datetime": "2025-08-11 20:03:30", "elapsed": 13090.196242570877, "delta": 17.820083141326904}, "costs": {"total_cost": 185.27663257814876, "time_cost": 71.316, "final_distance_cost": 1.800186762371874, "oscillation_cost": 26.503221840316098, "completition_cost": 0.0, "overshoot_cost": 50.341981340035545, "power_cost": 14.393311462402345, "noise_cost": 20.92193117302288, "n_waypoints_completed": 9, "tot_waypoints": 9}}
{"target": -239.9220730112325, "params": {"k_pid_pos": [0.24738664500110688, 0.030566950087301082, 0.037109698510602224], "k_pid_alt": [1.8496898233249592, 0.005364264606241079, 0.03056123268693269], "k_pid_att": [23.698153243326207, 0.89619006783916, 0.7169425874363368], "k_pid_yaw": [0.5, 1e-06, 0.1], "k_pid_hsp": [0.10982270119842084, 0.014289176764090908, 0.0], "k_pid_vsp": [0.0, 30.3211280204778, 2.881700365510006]}, "datetime": {"datetime": "2025-08-11 20:03:56", "elapsed": 13116.356736421585, "delta": 26.160493850708008}, "costs": {"total_cost": 239.9220730112325, "time_cost": 106.092, "final_distance_cost": 1.8610508299993287, "oscillation_cost": 15.424593005495494, "completition_cost": 0.0, "overshoot_cost": 59.2910541688154, "power_cost": 20.09410310058594, "noise_cost": 37.15927190633636, "n_waypoints_completed": 9, "tot_waypoints": 9}}
{"target": -398.21714689457883, "params": {"k_pid_pos": [0.24579599898715435, 0.007332932874345208, 0.029279258640837302], "k_pid_alt": [1.1053155612173988, 0.01251711336761068, 0.017824541027042035], "k_pid_att": [17.503436101508346, 1.1389088945294084, 0.5844768548428915], "k_pid_yaw": [0.5, 1e-06, 0.1], "k_pid_hsp": [0.037227934228540094, 0.012733937737414852, 0.0], "k_pid_vsp": [110.48588368771418, 33.07457338778064, 3.530925536040678]}, "datetime": {"datetime": "2025-08-11 20:04:27", "elapsed": 13146.707725286484, "delta": 30.35098886489868}, "costs": {"total_cost": 398.21714689457883, "time_cost": 150, "final_distance_cost": 3.005777196519879, "oscillation_cost": 12.121684952467053, "completition_cost": 111.11111111111116, "overshoot_cost": 59.992049070530975, "power_cost": 21.766436022949218, "noise_cost": 40.22008854100051, "n_waypoints_completed": 8, "tot_waypoints": 9}}
{"target": -190.1822665996787, "params": {"k_pid_pos": [0.38371305340367906, 0.04179097329492571, 0.020559528160485938], "k_pid_alt": [1.3155819860061293, 0.009136864060070698, 0.03716057413817258], "k_pid_att": [21.795598868313125, 1.6590392579374982, 0.4989699931824285], "k_pid_yaw": [0.5, 1e-06, 0.1], "k_pid_hsp": [0.10631616478895234, 0.011406249797348897, 0.0], "k_pid_vsp": [176.24384713712462, 70.95824149028029, 1.4838458633691267]}, "datetime": {"datetime": "2025-08-11 20:04:47", "elapsed": 13166.418437719345, "delta": 19.710712432861328}, "costs": {"total_cost": 190.1822665996787, "time_cost": 77.96600000000001, "final_distance_cost": 1.8483239708280712, "oscillation_cost": 18.937077980324297, "completition_cost": 0.0, "overshoot_cost": 52.09534932101929, "power_cost": 15.016510131835938, "noise_cost": 24.31900519567111, "n_waypoints_completed": 9, "tot_waypoints": 9}}
{"target": -875.3638923471801, "params": {"k_pid_pos": [0.8116122102802055, 0.0309566988845586, 0.046498145912073935], "k_pid_alt": [0.04610695392120582, 0.013750103787070783, 0.0272483112356052], "k_pid_att": [24.208503687484168, 0.5214103772211655, 0.6447794027477861], "k_pid_yaw": [0.5, 1e-06, 0.1], "k_pid_hsp": [0.3177782030054139, 0.017820904567782746, 0.0], "k_pid_vsp": [81.70127721945373, 65.3147880310266, 0.852110868155977]}, "datetime": {"datetime": "2025-08-11 20:05:16", "elapsed": 13196.172676801682, "delta": 29.754239082336426}, "costs": {"total_cost": 875.3638923471801, "time_cost": 150, "final_distance_cost": 44.29017364383887, "oscillation_cost": 14.553875629492424, "completition_cost": 555.5555555555555, "overshoot_cost": 55.47559929665674, "power_cost": 22.10671119384766, "noise_cost": 33.38197702778888, "n_waypoints_completed": 4, "tot_waypoints": 9}}
{"target": -222.97305258310507, "params": {"k_pid_pos": [0.24030476236080392, 0.039509350348845784, 0.028944339173535002], "k_pid_alt": [0.7141263891192198, 0.006937427665584594, 0.01618053736482186], "k_pid_att": [22.626486234238282, 0.49488280867282414, 0.39901913058606003], "k_pid_yaw": [0.5, 1e-06, 0.1], "k_pid_hsp": [0.17299075795498706, 0.008835947228720721, 0.0], "k_pid_vsp": [166.58815656822927, 71.10219510205147, 3.1579034682201743]}, "datetime": {"datetime": "2025-08-11 20:05:44", "elapsed": 13223.77040219307, "delta": 27.59772539138794}, "costs": {"total_cost": 222.97305258310507, "time_cost": 98.336, "final_distance_cost": 1.858606050279784, "oscillation_cost": 16.30545414920349, "completition_cost": 0.0, "overshoot_cost": 55.77750625787303, "power_cost": 18.343007373046877, "noise_cost": 32.3524787527019, "n_waypoints_completed": 9, "tot_waypoints": 9}}
{"target": -185.40945055563847, "params": {"k_pid_pos": [0.5839748128964825, 0.03524048855729859, 0.03116632557060699], "k_pid_alt": [1.318187261123874, 0.0054468088148528606, 0.03618544674178505], "k_pid_att": [20.53415689561192, 1.1304823281224343, 1.0], "k_pid_yaw": [0.5, 1e-06, 0.1], "k_pid_hsp": [0.14073529944587954, 0.005954644668681897, 0.0], "k_pid_vsp": [153.0571925962853, 38.5759946029192, 2.0717789195140126]}, "datetime": {"datetime": "2025-08-11 20:06:04", "elapsed": 13244.334285259247, "delta": 20.563883066177368}, "costs": {"total_cost": 185.40945055563847, "time_cost": 72.331, "final_distance_cost": 1.8276984532963692, "oscillation_cost": 23.441310428864075, "completition_cost": 0.0, "overshoot_cost": 51.46864684472559, "power_cost": 14.347477697753908, "noise_cost": 21.99331713099856, "n_waypoints_completed": 9, "tot_waypoints": 9}}
{"target": -186.22758826442612, "params": {"k_pid_pos": [0.9755643922580773, 0.037589311527579314, 0.056068525535917034], "k_pid_alt": [0.7830108304032551, 0.004624296486167836, 0.03776826063452282], "k_pid_att": [19.49138933074678, 0.6878885122751445, 0.6921846370899689], "k_pid_yaw": [0.5, 1e-06, 0.1], "k_pid_hsp": [0.12962143457711187, 0.00810414759046229, 0.0], "k_pid_vsp": [98.02799244110116, 58.77839747184124, 2.2747784922076826]}, "datetime": {"datetime": "2025-08-11 20:06:23", "elapsed": 13263.12035536766, "delta": 18.786070108413696}, "costs": {"total_cost": 186.22758826442612, "time_cost": 71.008, "final_distance_cost": 1.7904656093745992, "oscillation_cost": 27.679201170173794, "completition_cost": 0.0, "overshoot_cost": 50.59214726662661, "power_cost": 14.385856640625, "noise_cost": 20.771917577626105, "n_waypoints_completed": 9, "tot_waypoints": 9}}
{"target": -195.20219323079323, "params": {"k_pid_pos": [0.803353938094831, 0.04808805913588202, 0.05179908077455143], "k_pid_alt": [0.4486868791408791, 0.009488818865405233, 0.05823174891144551], "k_pid_att": [27.156857316808324, 1.0094466533416364, 0.7617677967697242], "k_pid_yaw": [0.5, 1e-06, 0.1], "k_pid_hsp": [0.12169667032526772, 0.004220108256309794, 0.0], "k_pid_vsp": [217.72877735460315, 41.630525958306755, 2.8894146590468104]}, "datetime": {"datetime": "2025-08-11 20:06:43", "elapsed": 13282.613931655884, "delta": 19.493576288223267}, "costs": {"total_cost": 195.20219323079323, "time_cost": 77.735, "final_distance_cost": 1.8040736855853547, "oscillation_cost": 26.232348484742193, "completition_cost": 0.0, "overshoot_cost": 51.6563320888842, "power_cost": 15.333755664062501, "noise_cost": 22.440683307519002, "n_waypoints_completed": 9, "tot_waypoints": 9}}
{"target": -188.1299408537467, "params": {"k_pid_pos": [0.5275209746218485, 0.030907145667797554, 0.004781611910658546], "k_pid_alt": [1.3113297703010822, 0.007619207711063691, 0.0656556286378371], "k_pid_att": [35.4153228984865, 0.8607857110225806, 0.6599776196691111], "k_pid_yaw": [0.5, 1e-06, 0.1], "k_pid_hsp": [0.16890804629990697, 0.0045125427504615866, 0.0], "k_pid_vsp": [269.7127008581616, 58.86904236208616, 2.0930810917897396]}, "datetime": {"datetime": "2025-08-11 20:07:01", "elapsed": 13300.891277551651, "delta": 18.277345895767212}, "costs": {"total_cost": 188.1299408537467, "time_cost": 73.759, "final_distance_cost": 1.8369094363280019, "oscillation_cost": 23.63826490682349, "completition_cost": 0.0, "overshoot_cost": 51.69662501166249, "power_cost": 14.575306579589844, "noise_cost": 22.62383491934288, "n_waypoints_completed": 9, "tot_waypoints": 9}}
{"target": -187.63009660268514, "params": {"k_pid_pos": [0.5413789617237478, 0.007291314367490988, 0.040197867326873415], "k_pid_alt": [1.662816252648461, 0.0, 0.04973813725313612], "k_pid_att": [25.252577291687416, 0.551987292532118, 0.8931659437709502], "k_pid_yaw": [0.5, 1e-06, 0.1], "k_pid_hsp": [0.05894723668272928, 0.007115948246342481, 0.0], "k_pid_vsp": [121.66422219398076, 60.48305591570775, 3.189973078049331]}, "datetime": {"datetime": "2025-08-11 20:07:20", "elapsed": 13320.098591089249, "delta": 19.207313537597656}, "costs": {"total_cost": 187.63009660268514, "time_cost": 76.986, "final_distance_cost": 1.8106215405634996, "oscillation_cost": 17.73644694959877, "completition_cost": 0.0, "overshoot_cost": 53.31602951429679, "power_cost": 14.749940332031251, "noise_cost": 23.031058266194833, "n_waypoints_completed": 9, "tot_waypoints": 9}}
{"target": -1117.8355116897362, "params": {"k_pid_pos": [0.5590665045617352, 0.03780933656579762, 0.02159493351424784], "k_pid_alt": [1.3779681723772168, 0.0015077965635880684, 0.03194829779991044], "k_pid_att": [12.526273951576812, 0.3924863468242896, 0.08441108341387393], "k_pid_yaw": [0.5, 1e-06, 0.1], "k_pid_hsp": [0.012282764382574488, 0.012919864619068633, 0.0], "k_pid_vsp": [133.2270353866146, 86.09843675205916, 2.667330704989617]}, "datetime": {"datetime": "2025-08-11 20:07:50", "elapsed": 13350.315772533417, "delta": 30.21718144416809}, "costs": {"total_cost": 1117.8355116897362, "time_cost": 150, "final_distance_cost": 89.75408106291879, "oscillation_cost": 9.049160532126098, "completition_cost": 777.7777777777778, "overshoot_cost": 36.67810648643063, "power_cost": 21.417903662109374, "noise_cost": 33.158482168373496, "n_waypoints_completed": 2, "tot_waypoints": 9}}
{"target": -183.1526179177117, "params": {"k_pid_pos": [0.7095473032681423, 0.04162400174493466, 0.0], "k_pid_alt": [1.3225550617541446, 0.009497732151502132, 0.016022546451684872], "k_pid_att": [34.77488473597824, 0.5841289512687231, 0.8877557551617001], "k_pid_yaw": [0.5, 1e-06, 0.1], "k_pid_hsp": [0.17807504808787197, 0.008949663000980223, 0.0], "k_pid_vsp": [140.59841947744408, 101.64731312828606, 3.1328024691171836]}, "datetime": {"datetime": "2025-08-11 20:08:08", "elapsed": 13368.323613405228, "delta": 18.007840871810913}, "costs": {"total_cost": 183.1526179177117, "time_cost": 70.07000000000001, "final_distance_cost": 1.8214822106851365, "oscillation_cost": 25.417160132901998, "completition_cost": 0.0, "overshoot_cost": 50.54712377299692, "power_cost": 14.206030859375002, "noise_cost": 21.09082094175265, "n_waypoints_completed": 9, "tot_waypoints": 9}}
{"target": -188.36654429989466, "params": {"k_pid_pos": [1.3218129647850665, 0.01978011089569398, 0.0015861410404386406], "k_pid_alt": [1.3263124314118582, 0.016009375370513727, 0.021057971043074414], "k_pid_att": [27.752757869373834, 1.1355185482717622, 0.5070542845038428], "k_pid_yaw": [0.5, 1e-06, 0.1], "k_pid_hsp": [0.11243271976753218, 0.005490495167064295, 0.0], "k_pid_vsp": [46.256369105260454, 56.72516899430976, 4.386935505868585]}, "datetime": {"datetime": "2025-08-11 20:08:26", "elapsed": 13385.559501171112, "delta": 17.2358877658844}, "costs": {"total_cost": 188.36654429989466, "time_cost": 69.706, "final_distance_cost": 1.7701381514688357, "oscillation_cost": 30.779562149220766, "completition_cost": 0.0, "overshoot_cost": 50.9032878168296, "power_cost": 14.468950439453126, "noise_cost": 20.73860574292233, "n_waypoints_completed": 9, "tot_waypoints": 9}}
{"target": -184.35448919779446, "params": {"k_pid_pos": [0.6443337765724578, 0.04972529171392325, 0.06057238426567233], "k_pid_alt": [2.0, 0.002974552726371704, 0.0], "k_pid_att": [26.311584050871073, 0.8146594665258237, 0.7600215116022081], "k_pid_yaw": [0.5, 1e-06, 0.1], "k_pid_hsp": [0.15704356649776105, 0.0142267001744432, 0.0], "k_pid_vsp": [179.64737891288124, 62.13191890470686, 4.407819007011599]}, "datetime": {"datetime": "2025-08-11 20:08:45", "elapsed": 13404.432363033295, "delta": 18.872861862182617}, "costs": {"total_cost": 184.35448919779446, "time_cost": 71.365, "final_distance_cost": 1.8451610579989122, "oscillation_cost": 24.53611698172723, "completition_cost": 0.0, "overshoot_cost": 50.78614867157704, "power_cost": 14.29289500732422, "noise_cost": 21.52916747916707, "n_waypoints_completed": 9, "tot_waypoints": 9}}
{"target": -188.00993618712243, "params": {"k_pid_pos": [0.9981123069644403, 0.01742719589378364, 0.023073585245083423], "k_pid_alt": [1.8453559900812646, 0.007303211627896819, 0.048724339703818224], "k_pid_att": [19.372020051323148, 0.9889663050247707, 0.5127484401164922], "k_pid_yaw": [0.5, 1e-06, 0.1], "k_pid_hsp": [0.10805468384711614, 0.017206879769101194, 0.0], "k_pid_vsp": [156.7833304728232, 64.88238034689722, 0.9219145427073685]}, "datetime": {"datetime": "2025-08-11 20:09:02", "elapsed": 13421.739297628403, "delta": 17.306934595108032}, "costs": {"total_cost": 188.00993618712243, "time_cost": 70.658, "final_distance_cost": 1.8028986453809062, "oscillation_cost": 29.284990852436813, "completition_cost": 0.0, "overshoot_cost": 50.99345023073116, "power_cost": 14.510877514648438, "noise_cost": 20.759718943925137, "n_waypoints_completed": 9, "tot_waypoints": 9}}
{"target": -192.00716456601498, "params": {"k_pid_pos": [0.5279698177459385, 0.025505279799885556, 0.013139541019186919], "k_pid_alt": [0.7916598641050507, 0.011314082502865178, 0.04257466549295072], "k_pid_att": [19.007526944347514, 2.0009795660820546, 0.2981831382965096], "k_pid_yaw": [0.5, 1e-06, 0.1], "k_pid_hsp": [0.1487650391768519, 0.007725836975601031, 0.0], "k_pid_vsp": [0.0, 64.61327230627317, 1.394768122531084]}, "datetime": {"datetime": "2025-08-11 20:09:21", "elapsed": 13441.097851991653, "delta": 19.358554363250732}, "costs": {"total_cost": 192.00716456601498, "time_cost": 74.452, "final_distance_cost": 1.8243128385749772, "oscillation_cost": 27.084459878532805, "completition_cost": 0.0, "overshoot_cost": 51.01419088432609, "power_cost": 17.49018516845703, "noise_cost": 20.14201579612408, "n_waypoints_completed": 9, "tot_waypoints": 9}}
{"target": -196.3256052464279, "params": {"k_pid_pos": [1.4793131237890709, 0.047502404278666505, 0.004593018773222182], "k_pid_alt": [1.297786710654403, 0.004359551151610065, 0.028738556910483538], "k_pid_att": [18.47105038408355, 0.02962093060577649, 0.20669950474108092], "k_pid_yaw": [0.5, 1e-06, 0.1], "k_pid_hsp": [0.08700807766997587, 0.0073726779820299645, 0.0], "k_pid_vsp": [225.23851410195002, 64.2340738521474, 3.2702583949809045]}, "datetime": {"datetime": "2025-08-11 20:09:39", "elapsed": 13459.265798091888, "delta": 18.167946100234985}, "costs": {"total_cost": 196.3256052464279, "time_cost": 73.458, "final_distance_cost": 1.7514367086361045, "oscillation_cost": 32.03132793654841, "completition_cost": 0.0, "overshoot_cost": 51.9991173712606, "power_cost": 15.295659899902345, "noise_cost": 21.79006333008044, "n_waypoints_completed": 9, "tot_waypoints": 9}}
{"target": -193.6287819465776, "params": {"k_pid_pos": [0.9355670916301699, 0.032480539851236556, 0.02050835454433665], "k_pid_alt": [1.0199574149150645, 0.005942458717772182, 0.009944504357214405], "k_pid_att": [40.593673803276495, 0.7505969179608365, 0.5523135572521116], "k_pid_yaw": [0.5, 1e-06, 0.1], "k_pid_hsp": [0.07524430913807224, 0.00792547696409279, 0.0], "k_pid_vsp": [95.3286984986738, 1e-06, 1.6523479789394948]}, "datetime": {"datetime": "2025-08-11 20:09:58", "elapsed": 13477.710477352142, "delta": 18.444679260253906}, "costs": {"total_cost": 193.6287819465776, "time_cost": 75.432, "final_distance_cost": 1.7979418335855135, "oscillation_cost": 26.394006051046212, "completition_cost": 0.0, "overshoot_cost": 52.482083483529905, "power_cost": 14.935994641113282, "noise_cost": 22.58675593730272, "n_waypoints_completed": 9, "tot_waypoints": 9}}
{"target": -185.53064271874615, "params": {"k_pid_pos": [0.9194217227973351, 0.05494751574048418, 0.008589771526325988], "k_pid_alt": [1.1643867344572654, 0.005826579643286127, 0.02348280767894988], "k_pid_att": [26.780694025957768, 0.14997008370764944, 0.45391447119523365], "k_pid_yaw": [0.5, 1e-06, 0.1], "k_pid_hsp": [0.15433293224232472, 0.008061677411034848, 0.0], "k_pid_vsp": [192.0000375231937, 42.139620738925146, 2.2788895291618343]}, "datetime": {"datetime": "2025-08-11 20:10:15", "elapsed": 13494.899555683136, "delta": 17.189078330993652}, "costs": {"total_cost": 185.53064271874615, "time_cost": 69.965, "final_distance_cost": 1.7953739441062584, "oscillation_cost": 27.740504379625417, "completition_cost": 0.0, "overshoot_cost": 50.96546912072751, "power_cost": 14.287944372558595, "noise_cost": 20.77635090172835, "n_waypoints_completed": 9, "tot_waypoints": 9}}
{"target": -184.0066734224578, "params": {"k_pid_pos": [0.5444101071353284, 0.0, 0.0], "k_pid_alt": [1.4631013609341152, 0.005601226851027607, 0.046040613401759946], "k_pid_att": [19.474196191670256, 0.8288264277293824, 0.4609783744217699], "k_pid_yaw": [0.5, 1e-06, 0.1], "k_pid_hsp": [0.12035902277581585, 0.004869890312077547, 0.0], "k_pid_vsp": [151.69504351362272, 44.33254999378812, 2.787937625882554]}, "datetime": {"datetime": "2025-08-11 20:10:33", "elapsed": 13512.86186170578, "delta": 17.962306022644043}, "costs": {"total_cost": 184.0066734224578, "time_cost": 72.366, "final_distance_cost": 1.8467007449605892, "oscillation_cost": 21.933347038856756, "completition_cost": 0.0, "overshoot_cost": 51.59269979843381, "power_cost": 14.253493603515626, "noise_cost": 22.014432236690997, "n_waypoints_completed": 9, "tot_waypoints": 9}}
{"target": -186.05868536801373, "params": {"k_pid_pos": [0.6283406468757536, 0.02661217535302533, 0.012696494013399789], "k_pid_alt": [2.0, 0.012403230272297575, 0.06256228281270476], "k_pid_att": [21.40100392412126, 0.4452029440098581, 0.42204670631743024], "k_pid_yaw": [0.5, 1e-06, 0.1], "k_pid_hsp": [0.19397167956996234, 0.016859992356848697, 0.0], "k_pid_vsp": [204.67952277300856, 71.25408392332692, 1.4852120904515864]}, "datetime": {"datetime": "2025-08-11 20:10:51", "elapsed": 13530.666641235352, "delta": 17.804779529571533}, "costs": {"total_cost": 186.05868536801373, "time_cost": 71.54, "final_distance_cost": 1.8449402818643417, "oscillation_cost": 25.43144335243512, "completition_cost": 0.0, "overshoot_cost": 51.097470303796165, "power_cost": 14.441229614257812, "noise_cost": 21.70360181566028, "n_waypoints_completed": 9, "tot_waypoints": 9}}
{"target": -186.7006649562717, "params": {"k_pid_pos": [0.8508657648047021, 0.028259412365103504, 0.007663508713766935], "k_pid_alt": [2.0, 0.0039211954857463005, 0.04723191400859713], "k_pid_att": [15.536827142007603, 0.9890272219377217, 0.0], "k_pid_yaw": [0.5, 1e-06, 0.1], "k_pid_hsp": [0.13759368364621175, 0.010662632571282665, 0.0], "k_pid_vsp": [132.14168028232967, 44.48098488641377, 4.58570029206524]}, "datetime": {"datetime": "2025-08-11 20:11:09", "elapsed": 13549.164670705795, "delta": 18.498029470443726}, "costs": {"total_cost": 186.7006649562717, "time_cost": 69.979, "final_distance_cost": 1.8230721211604635, "oscillation_cost": 28.81031757655279, "completition_cost": 0.0, "overshoot_cost": 51.12798254811089, "power_cost": 14.188957214355469, "noise_cost": 20.771335496092103, "n_waypoints_completed": 9, "tot_waypoints": 9}}
{"target": -192.87922948047, "params": {"k_pid_pos": [1.1155111305165848, 0.028960141927656956, 0.01671858700559639], "k_pid_alt": [2.0, 0.005638789064840644, 0.040306880454355244], "k_pid_att": [18.645369446502475, 0.9323310603691622, 0.47325184305165974], "k_pid_yaw": [0.5, 1e-06, 0.1], "k_pid_hsp": [0.07336936995089861, 0.0077642553897995905, 0.0], "k_pid_vsp": [143.54257755836906, 74.094650071368, 3.8902874174766726]}, "datetime": {"datetime": "2025-08-11 20:11:27", "elapsed": 13567.13786315918, "delta": 17.9731924533844}, "costs": {"total_cost": 192.87922948047, "time_cost": 73.794, "final_distance_cost": 1.7796147872036054, "oscillation_cost": 28.368081076847417, "completition_cost": 0.0, "overshoot_cost": 52.2730902641794, "power_cost": 15.033147949218751, "noise_cost": 21.631295403020864, "n_waypoints_completed": 9, "tot_waypoints": 9}}
