{"target": -182.03545229768707, "params": {"k_pid_pos": [0.5493339782903653, 0.004372189026143795, 0.0007587381764290273], "k_pid_alt": [1.3692619483818802, 0.004790450293071818, 0.006752438835609831], "k_pid_att": [44.59234245598935, 0.38041696627967747, 0.7675703925753758], "k_pid_yaw": [0.5, 1e-06, 0.1], "k_pid_hsp": [0.10972140932048574, 0.00686768456131859, 0.0], "k_pid_vsp": [167.89183588682639, 141.5271063037463, 5.053974206873259]}, "datetime": {"datetime": "2025-08-12 02:05:38", "elapsed": 34818.138530254364, "delta": 17.92979097366333}, "costs": {"total_cost": 182.03545229768707, "time_cost": 71.75, "final_distance_cost": 1.8249951861348996, "oscillation_cost": 21.611385857455204, "completition_cost": 0.0, "overshoot_cost": 51.078509202415425, "power_cost": 14.155937866210937, "noise_cost": 21.614624185470593, "n_waypoints_completed": 9, "tot_waypoints": 9}}
{"target": -185.2837270437467, "params": {"k_pid_pos": [0.6771204339878695, 0.006688067498461289, 0.0005921550330610185], "k_pid_alt": [0.929441892240964, 0.003309677036422111, 0.005298572172526749], "k_pid_att": [28.950574047972328, 0.34261458180460097, 0.9444624981301694], "k_pid_yaw": [0.5, 1e-06, 0.1], "k_pid_hsp": [0.07724544882499428, 0.00909929534990779, 0.0], "k_pid_vsp": [157.42849879592356, 136.92208733675162, 4.369148110685946]}, "datetime": {"datetime": "2025-08-12 02:05:57", "elapsed": 34837.14582848549, "delta": 19.007298231124878}, "costs": {"total_cost": 185.2837270437467, "time_cost": 73.745, "final_distance_cost": 1.7972000915242916, "oscillation_cost": 22.715540511456215, "completition_cost": 0.0, "overshoot_cost": 51.055720018805694, "power_cost": 14.479549328613283, "noise_cost": 21.490717093347218, "n_waypoints_completed": 9, "tot_waypoints": 9}}
{"target": -181.3985100757813, "params": {"k_pid_pos": [0.5713941762765016, 0.0055785073805727755, 0.0005526570544913793], "k_pid_alt": [1.588144575091336, 0.002904540245644549, 0.010600809798879418], "k_pid_att": [41.35126180317375, 0.39294464081199276, 0.986778737899335], "k_pid_yaw": [0.5, 1e-06, 0.1], "k_pid_hsp": [0.09285527106892644, 0.009518520707436936, 0.0], "k_pid_vsp": [113.19408014891883, 139.90480882078216, 6.480951165808925]}, "datetime": {"datetime": "2025-08-12 02:06:15", "elapsed": 34854.48177242279, "delta": 17.335943937301636}, "costs": {"total_cost": 181.3985100757813, "time_cost": 71.554, "final_distance_cost": 1.822462032438877, "oscillation_cost": 21.454995866185183, "completition_cost": 0.0, "overshoot_cost": 51.2270316322214, "power_cost": 14.109408496093751, "noise_cost": 21.230612048842104, "n_waypoints_completed": 9, "tot_waypoints": 9}}
{"target": -189.9686651627747, "params": {"k_pid_pos": [0.5559639468376798, 0.004659009575093547, 0.0007662693379304144], "k_pid_alt": [1.7607216131859238, 0.00428516140249913, 0.004891428208090916], "k_pid_att": [21.77762226749689, 0.2971632039061695, 1.0], "k_pid_yaw": [0.5, 1e-06, 0.1], "k_pid_hsp": [0.057025752945238796, 0.005613311109451409, 0.0], "k_pid_vsp": [102.42594377816461, 136.89521397694242, 6.28549362451912]}, "datetime": {"datetime": "2025-08-12 02:06:35", "elapsed": 34874.84071135521, "delta": 20.358938932418823}, "costs": {"total_cost": 189.9686651627747, "time_cost": 77.931, "final_distance_cost": 1.8149020057882586, "oscillation_cost": 17.67814786882, "completition_cost": 0.0, "overshoot_cost": 54.03276401343574, "power_cost": 15.05315927734375, "noise_cost": 23.458691997386957, "n_waypoints_completed": 9, "tot_waypoints": 9}}
{"target": -186.53576919423134, "params": {"k_pid_pos": [0.43639396018405163, 0.0030053639152573756, 0.0006816237987987707], "k_pid_alt": [1.0973654605727745, 0.004811231894398647, 0.00863203047245596], "k_pid_att": [20.041852576458716, 0.3421973272383314, 1.0], "k_pid_yaw": [0.5, 1e-06, 0.1], "k_pid_hsp": [0.11271364956551115, 0.008659745176644104, 0.0], "k_pid_vsp": [117.1632922481676, 127.35012424943115, 4.818585667771589]}, "datetime": {"datetime": "2025-08-12 02:06:54", "elapsed": 34893.84114575386, "delta": 19.000434398651123}, "costs": {"total_cost": 186.53576919423134, "time_cost": 75.327, "final_distance_cost": 1.8501381815151432, "oscillation_cost": 19.843056991491537, "completition_cost": 0.0, "overshoot_cost": 51.747591484729256, "power_cost": 14.67529725341797, "noise_cost": 23.09268528307744, "n_waypoints_completed": 9, "tot_waypoints": 9}}
{"target": -182.34683006007666, "params": {"k_pid_pos": [0.4882444048180215, 0.0036239330093624637, 0.0006677056439203529], "k_pid_alt": [1.3025866758311286, 0.003955444362725526, 0.005443188949929925], "k_pid_att": [26.600638778454364, 0.46983091276148864, 0.39264265559131917], "k_pid_yaw": [0.5, 1e-06, 0.1], "k_pid_hsp": [0.08905640372257567, 0.009245074456978681, 0.0], "k_pid_vsp": [136.40963979747383, 135.57044227729756, 6.711032833046527]}, "datetime": {"datetime": "2025-08-12 02:07:12", "elapsed": 34911.67323255539, "delta": 17.83208680152893}, "costs": {"total_cost": 182.34683006007666, "time_cost": 72.863, "final_distance_cost": 1.8388933841610955, "oscillation_cost": 19.702065315457368, "completition_cost": 0.0, "overshoot_cost": 51.77543577128934, "power_cost": 14.266634570312501, "noise_cost": 21.900801018856335, "n_waypoints_completed": 9, "tot_waypoints": 9}}
{"target": -182.10939688061083, "params": {"k_pid_pos": [0.7020424269869044, 0.005374646469790238, 0.0006530864574649701], "k_pid_alt": [1.3817038889570339, 0.004337653307516534, 0.0035188483510738035], "k_pid_att": [25.393043872323986, 0.37021754982138794, 1.0], "k_pid_yaw": [0.5, 1e-06, 0.1], "k_pid_hsp": [0.09186339939365358, 0.007602001662425493, 0.0], "k_pid_vsp": [82.10962664208317, 118.07804847150443, 5.618910606994923]}, "datetime": {"datetime": "2025-08-12 02:07:30", "elapsed": 34929.85103034973, "delta": 18.17779779434204}, "costs": {"total_cost": 182.10939688061083, "time_cost": 71.029, "final_distance_cost": 1.7910964555939564, "oscillation_cost": 23.293233880261592, "completition_cost": 0.0, "overshoot_cost": 50.87631515079085, "power_cost": 14.205787182617188, "noise_cost": 20.913964211347224, "n_waypoints_completed": 9, "tot_waypoints": 9}}
{"target": -182.97976140432115, "params": {"k_pid_pos": [0.5374830087901125, 0.005283458633162885, 0.0006247204446177203], "k_pid_alt": [1.4338052057243367, 0.005533692872414384, 0.006684056937237733], "k_pid_att": [21.7139360278056, 0.2618707180317, 0.9677631406354451], "k_pid_yaw": [0.5, 1e-06, 0.1], "k_pid_hsp": [0.07938140252901475, 0.009269362664813726, 0.0], "k_pid_vsp": [111.56706455592098, 128.87907384679042, 5.115871737899412]}, "datetime": {"datetime": "2025-08-12 02:07:49", "elapsed": 34948.431156396866, "delta": 18.5801260471344}, "costs": {"total_cost": 182.97976140432115, "time_cost": 73.199, "final_distance_cost": 1.8291121155421937, "oscillation_cost": 19.94350896925121, "completition_cost": 0.0, "overshoot_cost": 51.891458865248076, "power_cost": 14.293851867675782, "noise_cost": 21.82282958660388, "n_waypoints_completed": 9, "tot_waypoints": 9}}
{"target": -182.11166250248078, "params": {"k_pid_pos": [0.49936495970859607, 0.006149284221868769, 0.000750224420485569], "k_pid_alt": [1.4997680045989352, 0.0030893825394172313, 0.008090326383097132], "k_pid_att": [24.21561613458913, 0.4892734120521583, 0.8783793208217195], "k_pid_yaw": [0.5, 1e-06, 0.1], "k_pid_hsp": [0.09587798719997764, 0.0074131425834021705, 0.0], "k_pid_vsp": [125.65265028900808, 152.93978305456858, 5.9723095719183545]}, "datetime": {"datetime": "2025-08-12 02:08:07", "elapsed": 34967.13523674011, "delta": 18.70408034324646}, "costs": {"total_cost": 182.11166250248078, "time_cost": 72.548, "final_distance_cost": 1.8407519733411952, "oscillation_cost": 20.014644342890826, "completition_cost": 0.0, "overshoot_cost": 51.73599926797276, "power_cost": 14.186161743164064, "noise_cost": 21.78610517511192, "n_waypoints_completed": 9, "tot_waypoints": 9}}
{"target": -195.60716316379305, "params": {"k_pid_pos": [0.36186395795498516, 0.006666138968346996, 0.0006242641554019424], "k_pid_alt": [1.2756158921372642, 0.005411775900111965, 0.003698079744040104], "k_pid_att": [33.57773789803184, 0.37172191928401627, 0.9663560381263987], "k_pid_yaw": [0.5, 1e-06, 0.1], "k_pid_hsp": [0.12001483322659823, 0.009732386751855683, 0.0], "k_pid_vsp": [116.41744999830998, 157.74486438351911, 5.5203727175924255]}, "datetime": {"datetime": "2025-08-12 02:08:27", "elapsed": 34987.02790045738, "delta": 19.892663717269897}, "costs": {"total_cost": 195.60716316379305, "time_cost": 80.815, "final_distance_cost": 1.8602289181918745, "oscillation_cost": 18.981221390526393, "completition_cost": 0.0, "overshoot_cost": 52.497261524680056, "power_cost": 15.540388293457031, "noise_cost": 25.913063036937707, "n_waypoints_completed": 9, "tot_waypoints": 9}}
{"target": -191.46893355512975, "params": {"k_pid_pos": [0.36912621993404676, 0.006294688767380823, 0.0005875190965231003], "k_pid_alt": [1.6489233867766606, 0.005693264401628248, 0.004070039265253436], "k_pid_att": [19.819958503963147, 0.29638474671584303, 1.0], "k_pid_yaw": [0.5, 1e-06, 0.1], "k_pid_hsp": [0.09925998187958794, 0.011277724930818687, 0.0], "k_pid_vsp": [73.82414077394323, 120.66564279088185, 3.62766659103537]}, "datetime": {"datetime": "2025-08-12 02:08:47", "elapsed": 35006.751126527786, "delta": 19.723226070404053}, "costs": {"total_cost": 191.46893355512975, "time_cost": 78.799, "final_distance_cost": 1.8606947933648623, "oscillation_cost": 18.15275438431763, "completition_cost": 0.0, "overshoot_cost": 52.27687809139312, "power_cost": 15.212677941894531, "noise_cost": 25.166928344159608, "n_waypoints_completed": 9, "tot_waypoints": 9}}
{"target": -182.07661151123932, "params": {"k_pid_pos": [0.7569098748851407, 0.007155650078318054, 0.0009733182565796501], "k_pid_alt": [1.4509950837223233, 0.004534437609950279, 0.008413021642779503], "k_pid_att": [32.10320529188406, 0.39866167131152025, 1.0], "k_pid_yaw": [0.5, 1e-06, 0.1], "k_pid_hsp": [0.10946824714933463, 0.007364939373944408, 0.0], "k_pid_vsp": [127.34055395361982, 100.35558730951857, 5.650657192049377]}, "datetime": {"datetime": "2025-08-12 02:09:05", "elapsed": 35024.408627033234, "delta": 17.657500505447388}, "costs": {"total_cost": 182.07661151123932, "time_cost": 70.07000000000001, "final_distance_cost": 1.8281594083171664, "oscillation_cost": 24.582218260547528, "completition_cost": 0.0, "overshoot_cost": 50.731025642376245, "power_cost": 14.09418709716797, "noise_cost": 20.77102110283043, "n_waypoints_completed": 9, "tot_waypoints": 9}}
{"target": -193.38490899385636, "params": {"k_pid_pos": [0.32731662412614243, 0.003457396351453404, 0.0006166156078813313], "k_pid_alt": [1.7305369327377742, 0.0022431805811078775, 0.012651354871300891], "k_pid_att": [28.296960431114986, 0.429081104730028, 1.0], "k_pid_yaw": [0.5, 1e-06, 0.1], "k_pid_hsp": [0.07960130122206473, 0.009861472036489063, 0.0], "k_pid_vsp": [136.71600115037685, 126.03406709944026, 6.371413049769547]}, "datetime": {"datetime": "2025-08-12 02:09:25", "elapsed": 35044.714337825775, "delta": 20.305710792541504}, "costs": {"total_cost": 193.38490899385636, "time_cost": 80.871, "final_distance_cost": 1.8623419094366662, "oscillation_cost": 15.728813333888372, "completition_cost": 0.0, "overshoot_cost": 53.35784581788425, "power_cost": 15.506152941894532, "noise_cost": 26.058754990752565, "n_waypoints_completed": 9, "tot_waypoints": 9}}
{"target": -182.11999527472398, "params": {"k_pid_pos": [0.639895587275429, 0.0027454222145959287, 0.0007390894813817739], "k_pid_alt": [1.1786447568836582, 0.005159301760288216, 0.006928347708423204], "k_pid_att": [38.523980178527374, 0.3699821820671005, 0.7655905087637871], "k_pid_yaw": [0.5, 1e-06, 0.1], "k_pid_hsp": [0.1061891687742148, 0.006630763679361002, 0.0], "k_pid_vsp": [107.02614639448471, 130.10789048012168, 6.238840218174047]}, "datetime": {"datetime": "2025-08-12 02:09:43", "elapsed": 35062.692912101746, "delta": 17.97857427597046}, "costs": {"total_cost": 182.11999527472398, "time_cost": 70.91, "final_distance_cost": 1.8355173432024177, "oscillation_cost": 23.16584702764163, "completition_cost": 0.0, "overshoot_cost": 51.000864829948114, "power_cost": 14.106437548828126, "noise_cost": 21.101328525103686, "n_waypoints_completed": 9, "tot_waypoints": 9}}
{"target": -183.14294169741257, "params": {"k_pid_pos": [0.44069453320783597, 0.0076363763016654386, 0.0009442089980648953], "k_pid_alt": [1.6020858941395197, 0.005120107437861587, 0.003085165803853599], "k_pid_att": [31.36046622021296, 0.4274889949536537, 1.0], "k_pid_yaw": [0.5, 1e-06, 0.1], "k_pid_hsp": [0.08945172609397566, 0.008859268584225947, 0.0], "k_pid_vsp": [104.6770009920187, 153.24498865910633, 5.000055156172177]}, "datetime": {"datetime": "2025-08-12 02:10:01", "elapsed": 35080.51174426079, "delta": 17.81883215904236}, "costs": {"total_cost": 183.14294169741257, "time_cost": 73.885, "final_distance_cost": 1.8468396670242, "oscillation_cost": 18.59210661710626, "completition_cost": 0.0, "overshoot_cost": 51.97940741033988, "power_cost": 14.41285662841797, "noise_cost": 22.426731374524227, "n_waypoints_completed": 9, "tot_waypoints": 9}}
{"target": -182.14959946901772, "params": {"k_pid_pos": [0.7408061363637867, 0.005445421740297613, 0.0006217552209711428], "k_pid_alt": [1.2153157209488399, 0.004477482330688569, 0.006559370937368408], "k_pid_att": [16.645621187700016, 0.3471344076792895, 1.0], "k_pid_yaw": [0.5, 1e-06, 0.1], "k_pid_hsp": [0.122160247059934, 0.010073686288191346, 0.0], "k_pid_vsp": [95.20299815521771, 123.17511244810822, 4.703392098911461]}, "datetime": {"datetime": "2025-08-12 02:10:19", "elapsed": 35099.103915691376, "delta": 18.59217143058777}, "costs": {"total_cost": 182.14959946901772, "time_cost": 69.916, "final_distance_cost": 1.8191292091749103, "oscillation_cost": 25.177032957874196, "completition_cost": 0.0, "overshoot_cost": 50.52488891071217, "power_cost": 14.08640721435547, "noise_cost": 20.626141176900973, "n_waypoints_completed": 9, "tot_waypoints": 9}}
{"target": -182.44390719679978, "params": {"k_pid_pos": [0.5673383026079022, 0.007629362643191918, 0.0006316653273352939], "k_pid_alt": [1.360583678603378, 0.004310553617272365, 0.008326191040332913], "k_pid_att": [33.288739957456094, 0.3221936600065302, 0.8187356024487586], "k_pid_yaw": [0.5, 1e-06, 0.1], "k_pid_hsp": [0.11865758598920202, 0.009461616655168741, 0.0], "k_pid_vsp": [114.5204166162121, 104.91473800312757, 6.086224422915264]}, "datetime": {"datetime": "2025-08-12 02:10:37", "elapsed": 35116.62369322777, "delta": 17.519777536392212}, "costs": {"total_cost": 182.44390719679978, "time_cost": 71.435, "final_distance_cost": 1.8334670145469703, "oscillation_cost": 22.923664329480633, "completition_cost": 0.0, "overshoot_cost": 50.62335954761714, "power_cost": 14.140730993652344, "noise_cost": 21.48768531150269, "n_waypoints_completed": 9, "tot_waypoints": 9}}
{"target": -181.74017222696403, "params": {"k_pid_pos": [0.5529944891169419, 0.005940750955490262, 0.0006782874072081943], "k_pid_alt": [1.230285081946636, 0.005072176017204008, 0.008268198079594016], "k_pid_att": [30.697994966070215, 0.3147945000547961, 0.9964111685905439], "k_pid_yaw": [0.5, 1e-06, 0.1], "k_pid_hsp": [0.10436761905333279, 0.010583436117943198, 0.0], "k_pid_vsp": [87.48749041849068, 119.61839105129542, 4.238748252792173]}, "datetime": {"datetime": "2025-08-12 02:10:55", "elapsed": 35135.28982615471, "delta": 18.666132926940918}, "costs": {"total_cost": 181.74017222696403, "time_cost": 71.659, "final_distance_cost": 1.8407550774444235, "oscillation_cost": 21.86201540046887, "completition_cost": 0.0, "overshoot_cost": 50.810080570473005, "power_cost": 14.189659667968751, "noise_cost": 21.37866151060898, "n_waypoints_completed": 9, "tot_waypoints": 9}}
{"target": -182.51936484456215, "params": {"k_pid_pos": [0.6553474119014936, 0.004352741590535228, 0.0006741907082448884], "k_pid_alt": [1.338500513496992, 0.0037029578064540006, 0.0077635639136138255], "k_pid_att": [23.555847609421733, 0.2900569480126248, 0.958317128494715], "k_pid_yaw": [0.5, 1e-06, 0.1], "k_pid_hsp": [0.08602946254520884, 0.005828719329657683, 0.0], "k_pid_vsp": [107.13414362336833, 97.2278465626481, 5.98251105625911]}, "datetime": {"datetime": "2025-08-12 02:11:14", "elapsed": 35154.04452109337, "delta": 18.754694938659668}, "costs": {"total_cost": 182.51936484456215, "time_cost": 71.652, "final_distance_cost": 1.8218003655081498, "oscillation_cost": 21.930038493324464, "completition_cost": 0.0, "overshoot_cost": 51.73838483042762, "power_cost": 14.121465771484376, "noise_cost": 21.255675383817557, "n_waypoints_completed": 9, "tot_waypoints": 9}}
{"target": -183.72626240811798, "params": {"k_pid_pos": [0.5249174483030544, 0.005079810338577105, 0.0005122406027616716], "k_pid_alt": [1.382352712436714, 0.00390942538291385, 0.007274521411013805], "k_pid_att": [19.298262533806017, 0.4089940814667019, 0.8869931224679855], "k_pid_yaw": [0.5, 1e-06, 0.1], "k_pid_hsp": [0.12900711597078204, 0.009114960738430654, 0.0], "k_pid_vsp": [111.23444711750899, 96.22193748788375, 3.9061005167721383]}, "datetime": {"datetime": "2025-08-12 02:11:33", "elapsed": 35173.148411273956, "delta": 19.10389018058777}, "costs": {"total_cost": 183.72626240811798, "time_cost": 72.464, "final_distance_cost": 1.8374946760334012, "oscillation_cost": 22.146740360399303, "completition_cost": 0.0, "overshoot_cost": 50.88441609868756, "power_cost": 14.340961889648439, "noise_cost": 22.05264938334926, "n_waypoints_completed": 9, "tot_waypoints": 9}}
{"target": -181.637135159843, "params": {"k_pid_pos": [0.5963726453248986, 0.006640377100969316, 0.000736651539902137], "k_pid_alt": [1.347950117499309, 0.004307823561982791, 0.01001315888242014], "k_pid_att": [23.790965575407167, 0.45501047825910174, 0.7897477112152856], "k_pid_yaw": [0.5, 1e-06, 0.1], "k_pid_hsp": [0.08966253758727044, 0.006153451081933023, 0.0], "k_pid_vsp": [138.57283923520765, 133.9122818965181, 6.234938769415788]}, "datetime": {"datetime": "2025-08-12 02:11:51", "elapsed": 35190.94122338295, "delta": 17.79281210899353}, "costs": {"total_cost": 181.637135159843, "time_cost": 71.70100000000001, "final_distance_cost": 1.8141105194139056, "oscillation_cost": 21.24166044771206, "completition_cost": 0.0, "overshoot_cost": 51.51388192395285, "power_cost": 14.073410168457032, "noise_cost": 21.29307210030715, "n_waypoints_completed": 9, "tot_waypoints": 9}}
{"target": -181.96815579808822, "params": {"k_pid_pos": [0.49654294758300516, 0.006512643594783377, 0.0005545479187687606], "k_pid_alt": [1.4489787630770774, 0.004124370850299072, 0.009529824154720944], "k_pid_att": [32.537238113666284, 0.39772308789320787, 0.9724731702097061], "k_pid_yaw": [0.5, 1e-06, 0.1], "k_pid_hsp": [0.09968574500994049, 0.0072755335959551306, 0.0], "k_pid_vsp": [79.1260009164859, 105.39538573516383, 4.702562304945702]}, "datetime": {"datetime": "2025-08-12 02:12:10", "elapsed": 35209.59877562523, "delta": 18.657552242279053}, "costs": {"total_cost": 181.96815579808822, "time_cost": 72.59700000000001, "final_distance_cost": 1.8309962486539697, "oscillation_cost": 20.182647273159432, "completition_cost": 0.0, "overshoot_cost": 51.32692618407915, "power_cost": 14.207674914550783, "noise_cost": 21.82291117764487, "n_waypoints_completed": 9, "tot_waypoints": 9}}
{"target": -193.6781212209358, "params": {"k_pid_pos": [0.32370324785246735, 0.00563970122100612, 0.0008520673873863194], "k_pid_alt": [1.5543387534123905, 0.004707295782723657, 0.006893060466815498], "k_pid_att": [33.11303151573976, 0.3554801470163307, 0.664018879769277], "k_pid_yaw": [0.5, 1e-06, 0.1], "k_pid_hsp": [0.07102058824946035, 0.009668032828697243, 0.0], "k_pid_vsp": [112.31715049142707, 148.44244486679284, 4.604485636649495]}, "datetime": {"datetime": "2025-08-12 02:12:31", "elapsed": 35230.7895720005, "delta": 21.190796375274658}, "costs": {"total_cost": 193.6781212209358, "time_cost": 81.914, "final_distance_cost": 1.8571476571709418, "oscillation_cost": 15.050131946439507, "completition_cost": 0.0, "overshoot_cost": 53.47107180656858, "power_cost": 15.639073510742188, "noise_cost": 25.746696300014587, "n_waypoints_completed": 9, "tot_waypoints": 9}}
{"target": -184.85537470144553, "params": {"k_pid_pos": [0.5329396803363414, 0.0061216815125704925, 0.0006906190169257918], "k_pid_alt": [1.6502107338826402, 0.00393298775316412, 0.006763970294936917], "k_pid_att": [43.06923339679236, 0.42035932549783334, 0.920078738032029], "k_pid_yaw": [0.5, 1e-06, 0.1], "k_pid_hsp": [0.06886010030327651, 0.011148866780128157, 0.0], "k_pid_vsp": [100.38146633292426, 135.52254927868685, 6.471389218305866]}, "datetime": {"datetime": "2025-08-12 02:12:50", "elapsed": 35250.04175686836, "delta": 19.252184867858887}, "costs": {"total_cost": 184.85537470144553, "time_cost": 74.487, "final_distance_cost": 1.8171973619252686, "oscillation_cost": 19.815555954378606, "completition_cost": 0.0, "overshoot_cost": 52.217465940036256, "power_cost": 14.478741125488282, "noise_cost": 22.039414319617123, "n_waypoints_completed": 9, "tot_waypoints": 9}}
{"target": -182.12203365608985, "params": {"k_pid_pos": [0.7423981807360837, 0.004030291335823051, 0.000633610010393836], "k_pid_alt": [1.1978333004359782, 0.004584498787863523, 0.007762173065644816], "k_pid_att": [37.677688645627114, 0.36250063573614894, 0.9884124153358472], "k_pid_yaw": [0.5, 1e-06, 0.1], "k_pid_hsp": [0.11757424296103773, 0.007155506938133326, 0.0], "k_pid_vsp": [121.76428765815093, 95.95946878264851, 4.4037080206803685]}, "datetime": {"datetime": "2025-08-12 02:13:07", "elapsed": 35266.815202474594, "delta": 16.77344560623169}, "costs": {"total_cost": 182.12203365608985, "time_cost": 70.133, "final_distance_cost": 1.8066676358457399, "oscillation_cost": 24.665158526735006, "completition_cost": 0.0, "overshoot_cost": 50.763145499757606, "power_cost": 14.034300390625, "noise_cost": 20.71976160312653, "n_waypoints_completed": 9, "tot_waypoints": 9}}
