{"target": -188.66215569277998, "params": {"k_pid_pos": [1.216944089177112, 0.0, 0.08837194059890867], "k_pid_alt": [1.9082896680141719, 0.0019529938079443979, 0.0], "k_pid_att": [16.136916913404445, 1.377255028665817, 1.0], "k_pid_yaw": [0.5, 1e-06, 0.1], "k_pid_hsp": [0.7513651686095679, 0.022509602295082184, 0.0], "k_pid_vsp": [130.96036990701478, 94.5339329536691, 5.514508705600503]}, "datetime": {"datetime": "2025-08-11 18:29:46", "elapsed": 7466.143550395966, "delta": 17.472272634506226}, "costs": {"total_cost": 188.66215569277998, "time_cost": 69.398, "final_distance_cost": 1.8445343133276735, "oscillation_cost": 31.055793789462403, "completition_cost": 0.0, "overshoot_cost": 50.766559746784786, "power_cost": 14.749902392578125, "noise_cost": 20.847365450626988, "n_waypoints_completed": 9, "tot_waypoints": 9}}
{"target": -1234.6633114247054, "params": {"k_pid_pos": [0.007766231211621714, 0.058370665478143825, 0.10800826753557476], "k_pid_alt": [0.8308372797953844, 0.008397191204715075, 0.0], "k_pid_att": [8.40165257740672, 1.3138279212382995, 0.9703303392157258], "k_pid_yaw": [0.5, 1e-06, 0.1], "k_pid_hsp": [0.6765211407282047, 0.03107817141122632, 0.0], "k_pid_vsp": [251.51216055500905, 62.19169275961254, 10.88275879381473]}, "datetime": {"datetime": "2025-08-11 18:30:17", "elapsed": 7496.515016555786, "delta": 30.371466159820557}, "costs": {"total_cost": 1234.6633114247054, "time_cost": 150, "final_distance_cost": 66.10424861172571, "oscillation_cost": 1.3579372672068084, "completition_cost": 888.8888888888888, "overshoot_cost": 72.34277104409902, "power_cost": 29.33677607421875, "noise_cost": 26.632689538566364, "n_waypoints_completed": 1, "tot_waypoints": 9}}
{"target": -3575.003161478895, "params": {"k_pid_pos": [1.0985689123604037, 0.03973625979552143, 0.10702654411182554], "k_pid_alt": [1.0898337314841575, 0.00467409585770211, 0.048394402425394556], "k_pid_att": [0.0, 0.940757154411383, 0.4112495556198556], "k_pid_yaw": [0.5, 1e-06, 0.1], "k_pid_hsp": [0.17752259366731346, 0.03989258298051734, 0.0], "k_pid_vsp": [163.225294946726, 133.68607727360947, 6.971550352155774]}, "datetime": {"datetime": "2025-08-11 18:30:46", "elapsed": 7525.820781946182, "delta": 29.305765390396118}, "costs": {"total_cost": 3575.003161478895, "time_cost": 150, "final_distance_cost": 266.5441683915096, "oscillation_cost": 1296.9820855564171, "completition_cost": 1000.0, "overshoot_cost": 637.2811361136628, "power_cost": 58.255412438964846, "noise_cost": 165.9403589783404, "n_waypoints_completed": 0, "tot_waypoints": 9}}
{"target": -186.90822036710617, "params": {"k_pid_pos": [0.7815018837048125, 0.07579919851501105, 0.034641515182807434], "k_pid_alt": [2.0, 0.001118439121653181, 0.11152223854903576], "k_pid_att": [9.445055883614286, 1.449459531449512, 0.3701221372927024], "k_pid_yaw": [0.5, 1e-06, 0.1], "k_pid_hsp": [0.43664804805995683, 0.0020574680837629204, 0.0], "k_pid_vsp": [125.52921289742524, 60.73375851481915, 6.0092326632630915]}, "datetime": {"datetime": "2025-08-11 18:31:05", "elapsed": 7544.595765113831, "delta": 18.774983167648315}, "costs": {"total_cost": 186.90822036710617, "time_cost": 70.56, "final_distance_cost": 1.8306997551492161, "oscillation_cost": 27.171348027999755, "completition_cost": 0.0, "overshoot_cost": 51.213972074752505, "power_cost": 14.555367443847658, "noise_cost": 21.57683306535701, "n_waypoints_completed": 9, "tot_waypoints": 9}}
{"target": -3978.2302133991034, "params": {"k_pid_pos": [1.6156706607011657, 0.04622114008938597, 0.08776179378813044], "k_pid_alt": [2.0, 0.0, 0.06871212432663608], "k_pid_att": [0.0, 1.5138593199104189, 0.4775901830946709], "k_pid_yaw": [0.5, 1e-06, 0.1], "k_pid_hsp": [0.2053986923536745, 0.0, 0.0], "k_pid_vsp": [162.7289339725629, 55.647443873811575, 10.610551217388744]}, "datetime": {"datetime": "2025-08-11 18:31:34", "elapsed": 7574.355352401733, "delta": 29.759587287902832}, "costs": {"total_cost": 3978.2302133991034, "time_cost": 150, "final_distance_cost": 323.16696273743355, "oscillation_cost": 1395.2318662795533, "completition_cost": 1000.0, "overshoot_cost": 883.5958177259234, "power_cost": 58.618784973144535, "noise_cost": 167.6167816830483, "n_waypoints_completed": 0, "tot_waypoints": 9}}
{"target": -4597.5628055491115, "params": {"k_pid_pos": [0.8291666731214246, 0.03145710958992107, 0.07462744902721215], "k_pid_alt": [1.6371270255481738, 0.004487490674351215, 0.14452672262908858], "k_pid_att": [0.0, 1.0287361075272128, 1.0], "k_pid_yaw": [0.5, 1e-06, 0.1], "k_pid_hsp": [0.2054761677473833, 0.0, 0.0], "k_pid_vsp": [187.69265900913547, 31.132740681109908, 6.510350580779473]}, "datetime": {"datetime": "2025-08-11 18:32:05", "elapsed": 7604.666511058807, "delta": 30.311158657073975}, "costs": {"total_cost": 4597.5628055491115, "time_cost": 150, "final_distance_cost": 683.2377815225109, "oscillation_cost": 960.8226770076624, "completition_cost": 1000.0, "overshoot_cost": 1593.779861338559, "power_cost": 56.51574771728516, "noise_cost": 153.2067379630945, "n_waypoints_completed": 0, "tot_waypoints": 9}}
{"target": -990.33950449914, "params": {"k_pid_pos": [0.9088386153243949, 0.0659480451642263, 0.07265928529256159], "k_pid_alt": [1.471133664328231, 0.006591608914082084, 0.0], "k_pid_att": [21.209584540173257, 0.38603037805733514, 1.0], "k_pid_yaw": [0.5, 1e-06, 0.1], "k_pid_hsp": [0.013322565957353186, 0.006255580077612541, 0.0], "k_pid_vsp": [137.60704841454051, 122.99682057993464, 4.568382746868688]}, "datetime": {"datetime": "2025-08-11 18:32:36", "elapsed": 7635.5789585113525, "delta": 30.912447452545166}, "costs": {"total_cost": 990.33950449914, "time_cost": 150, "final_distance_cost": 56.21178745265616, "oscillation_cost": 8.314484578313603, "completition_cost": 666.6666666666667, "overshoot_cost": 54.75529613945103, "power_cost": 21.467711474609377, "noise_cost": 32.923558187443206, "n_waypoints_completed": 3, "tot_waypoints": 9}}
{"target": -236.5875934877821, "params": {"k_pid_pos": [0.24872321553102975, 0.031051554121686562, 0.08546941152677445], "k_pid_alt": [2.0, 0.005763784228870625, 0.06978683196638331], "k_pid_att": [20.676546739305778, 0.7480262572866495, 0.6715781094642105], "k_pid_yaw": [0.5, 1e-06, 0.1], "k_pid_hsp": [0.30934158251123883, 0.02930859311591405, 0.0], "k_pid_vsp": [161.97936944925542, 110.53441260714249, 4.302155567986977]}, "datetime": {"datetime": "2025-08-11 18:33:01", "elapsed": 7661.309976577759, "delta": 25.73101806640625}, "costs": {"total_cost": 236.5875934877821, "time_cost": 103.257, "final_distance_cost": 1.8568016575157231, "oscillation_cost": 20.17951809309098, "completition_cost": 0.0, "overshoot_cost": 57.09459323730002, "power_cost": 19.483681787109376, "noise_cost": 34.715998712766016, "n_waypoints_completed": 9, "tot_waypoints": 9}}
{"target": -243.78436939488952, "params": {"k_pid_pos": [1.6821790085620927, 0.03710485567500216, 0.02770101498158725], "k_pid_alt": [0.6982748178342199, 0.005127174970066006, 0.06624583866135375], "k_pid_att": [24.207831545895065, 2.2056391486184914, 0.9821878448450455], "k_pid_yaw": [0.5, 1e-06, 0.1], "k_pid_hsp": [0.8283648824892113, 0.06356924849961486, 0.0], "k_pid_vsp": [0.0, 23.274529045543147, 8.342195292141843]}, "datetime": {"datetime": "2025-08-11 18:33:24", "elapsed": 7683.7220866680145, "delta": 22.412110090255737}, "costs": {"total_cost": 243.78436939488952, "time_cost": 88.557, "final_distance_cost": 1.7755653292106692, "oscillation_cost": 38.890209566080436, "completition_cost": 0.0, "overshoot_cost": 67.28408211398724, "power_cost": 18.064397314453124, "noise_cost": 29.213115071158057, "n_waypoints_completed": 9, "tot_waypoints": 9}}
{"target": -200.12241402370586, "params": {"k_pid_pos": [0.4966138133147802, 0.0, 0.05459964558200289], "k_pid_alt": [1.4416025987942802, 0.0032229288662451935, 0.049172465236478675], "k_pid_att": [32.58793042794085, 2.1120395773101106, 0.7563643171987451], "k_pid_yaw": [0.5, 1e-06, 0.1], "k_pid_hsp": [0.28515935294638833, 0.02543487100556584, 0.0], "k_pid_vsp": [187.42330689482944, 41.13533512478707, 1.0788564114034396]}, "datetime": {"datetime": "2025-08-11 18:33:44", "elapsed": 7703.491659164429, "delta": 19.769572496414185}, "costs": {"total_cost": 200.12241402370586, "time_cost": 80.136, "final_distance_cost": 1.8563287807073423, "oscillation_cost": 25.48221526430127, "completition_cost": 0.0, "overshoot_cost": 51.52672168116821, "power_cost": 15.717414208984376, "noise_cost": 25.40373408854467, "n_waypoints_completed": 9, "tot_waypoints": 9}}
{"target": -1178.0871791294462, "params": {"k_pid_pos": [0.9854037880164732, 0.027669709807930015, 0.06186566799772831], "k_pid_alt": [2.0, 0.005907451245513267, 0.07570482629709967], "k_pid_att": [10.653976920527262, 1.7533218597233688, 0.6109404039548489], "k_pid_yaw": [0.5, 1e-06, 0.1], "k_pid_hsp": [0.0001, 0.024681088444180193, 0.0], "k_pid_vsp": [302.61796321184903, 54.968828829265924, 9.25679444256838]}, "datetime": {"datetime": "2025-08-11 18:34:14", "elapsed": 7733.8512716293335, "delta": 30.359612464904785}, "costs": {"total_cost": 1178.0871791294462, "time_cost": 150, "final_distance_cost": 95.02725869007953, "oscillation_cost": 11.501473511484237, "completition_cost": 777.7777777777778, "overshoot_cost": 86.52503770541168, "power_cost": 29.89984772949219, "noise_cost": 27.355783715200783, "n_waypoints_completed": 2, "tot_waypoints": 9}}
{"target": -203.72165007433946, "params": {"k_pid_pos": [0.4170713189842274, 0.008397963111916396, 0.06554018045786852], "k_pid_alt": [0.6824804343764793, 0.0022460170663279933, 0.0], "k_pid_att": [13.162743365267085, 0.1485879628902309, 0.6555171258551398], "k_pid_yaw": [0.5, 1e-06, 0.1], "k_pid_hsp": [0.19833257682067773, 0.012799703508945279, 0.0], "k_pid_vsp": [102.9398329849563, 49.082203222342564, 7.159166258515916]}, "datetime": {"datetime": "2025-08-11 18:34:35", "elapsed": 7754.988379716873, "delta": 21.137108087539673}, "costs": {"total_cost": 203.72165007433946, "time_cost": 85.022, "final_distance_cost": 1.8576756226137774, "oscillation_cost": 21.950627692151706, "completition_cost": 0.0, "overshoot_cost": 52.13774291188214, "power_cost": 16.229750610351562, "noise_cost": 26.523853237340262, "n_waypoints_completed": 9, "tot_waypoints": 9}}
{"target": -202.31514057113355, "params": {"k_pid_pos": [1.2587941357454433, 0.03413810985630521, 0.07561912325812215], "k_pid_alt": [0.9784781967598685, 0.006458370677203361, 0.11355530059421075], "k_pid_att": [7.977320577828318, 0.9256156034670129, 0.6513228505007759], "k_pid_yaw": [0.5, 1e-06, 0.1], "k_pid_hsp": [0.06263684013353997, 0.011138394361033971, 0.0], "k_pid_vsp": [115.75690779713618, 0.1235060482480641, 8.037038105915377]}, "datetime": {"datetime": "2025-08-11 18:34:54", "elapsed": 7774.113976955414, "delta": 19.12559723854065}, "costs": {"total_cost": 202.31514057113355, "time_cost": 78.673, "final_distance_cost": 1.7331988499783335, "oscillation_cost": 29.49789766827021, "completition_cost": 0.0, "overshoot_cost": 53.49376330025319, "power_cost": 15.729094226074219, "noise_cost": 23.188186526557605, "n_waypoints_completed": 9, "tot_waypoints": 9}}
{"target": -195.77738704478847, "params": {"k_pid_pos": [1.11597270700287, 0.0, 0.13302228589029327], "k_pid_alt": [1.9545088483992579, 0.0057299097647745935, 0.17796892565006162], "k_pid_att": [23.330244624403054, 0.0001, 0.0], "k_pid_yaw": [0.5, 1e-06, 0.1], "k_pid_hsp": [0.5457346318543487, 0.038984079812562994, 0.0], "k_pid_vsp": [116.09121819515035, 80.45282288585236, 3.941474217999824]}, "datetime": {"datetime": "2025-08-11 18:35:11", "elapsed": 7791.249426364899, "delta": 17.135449409484863}, "costs": {"total_cost": 195.77738704478847, "time_cost": 69.566, "final_distance_cost": 1.83786530333099, "oscillation_cost": 38.236933914920485, "completition_cost": 0.0, "overshoot_cost": 50.40176066540863, "power_cost": 14.655446289062501, "noise_cost": 21.079380872065894, "n_waypoints_completed": 9, "tot_waypoints": 9}}
{"target": -187.02851793166016, "params": {"k_pid_pos": [0.8340169349056682, 0.07161227737689517, 0.010388600903690178], "k_pid_alt": [1.2909401532690508, 0.006545248762572409, 0.022760628021492955], "k_pid_att": [24.880407236566118, 0.9898124921275442, 0.8498966759317751], "k_pid_yaw": [0.5, 1e-06, 0.1], "k_pid_hsp": [0.2866429888878722, 0.02256698054379323, 0.0], "k_pid_vsp": [132.67742771570963, 25.79838399042963, 4.841788946230977]}, "datetime": {"datetime": "2025-08-11 18:35:29", "elapsed": 7808.9927587509155, "delta": 17.743332386016846}, "costs": {"total_cost": 187.02851793166016, "time_cost": 70.196, "final_distance_cost": 1.8229270433462856, "oscillation_cost": 27.96958775541283, "completition_cost": 0.0, "overshoot_cost": 51.21649541034767, "power_cost": 14.515490014648439, "noise_cost": 21.308017707904956, "n_waypoints_completed": 9, "tot_waypoints": 9}}
{"target": -189.3139845691919, "params": {"k_pid_pos": [1.2801091138707015, 0.014167644107761205, 0.09730042065936517], "k_pid_alt": [1.9080004002682267, 0.004880460103630055, 0.0], "k_pid_att": [15.4856874887873, 1.267537803253932, 1.0], "k_pid_yaw": [0.5, 1e-06, 0.1], "k_pid_hsp": [1.5349352566321455, 0.019440906111596195, 0.0], "k_pid_vsp": [286.0075283873764, 67.37620031006601, 5.9823220507398505]}, "datetime": {"datetime": "2025-08-11 18:35:46", "elapsed": 7826.293223142624, "delta": 17.300464391708374}, "costs": {"total_cost": 189.3139845691919, "time_cost": 69.426, "final_distance_cost": 1.8217394435188856, "oscillation_cost": 31.63786005098523, "completition_cost": 0.0, "overshoot_cost": 50.76586435443056, "power_cost": 14.849269848632813, "noise_cost": 20.813250871624412, "n_waypoints_completed": 9, "tot_waypoints": 9}}
{"target": -189.20269960799533, "params": {"k_pid_pos": [0.9993237014578557, 0.04816343598206644, 0.08643005732341058], "k_pid_alt": [1.2655114137166266, 0.00570397727167473, 0.10865721321729184], "k_pid_att": [1.4143524526871534, 0.745438828911432, 0.91133732424331], "k_pid_yaw": [0.5, 1e-06, 0.1], "k_pid_hsp": [0.19586270572271258, 0.020021272537008597, 0.0], "k_pid_vsp": [133.63410288871611, 68.68152421921728, 2.892987159351313]}, "datetime": {"datetime": "2025-08-11 18:36:04", "elapsed": 7843.756812810898, "delta": 17.463589668273926}, "costs": {"total_cost": 189.20269960799533, "time_cost": 70.126, "final_distance_cost": 1.8319334862218435, "oscillation_cost": 30.33232644069901, "completition_cost": 0.0, "overshoot_cost": 51.6593763141076, "power_cost": 14.552075634765625, "noise_cost": 20.700987732201238, "n_waypoints_completed": 9, "tot_waypoints": 9}}
{"target": -237.47231515286194, "params": {"k_pid_pos": [0.23935569301872192, 0.050335615832130365, 0.1049761042953765], "k_pid_alt": [0.6680475133097827, 0.007672488954131327, 0.0], "k_pid_att": [13.739276790977078, 0.5927924938677079, 0.5640577380862853], "k_pid_yaw": [0.5, 1e-06, 0.1], "k_pid_hsp": [0.36116990471670324, 0.0, 0.0], "k_pid_vsp": [193.18443495634097, 55.85478635056719, 11.353631843772186]}, "datetime": {"datetime": "2025-08-11 18:36:30", "elapsed": 7869.621571302414, "delta": 25.864758491516113}, "costs": {"total_cost": 237.47231515286194, "time_cost": 104.19500000000001, "final_distance_cost": 1.854449936548796, "oscillation_cost": 18.864506785618573, "completition_cost": 0.0, "overshoot_cost": 57.996248037712235, "power_cost": 25.972767810058595, "noise_cost": 28.589342582923745, "n_waypoints_completed": 9, "tot_waypoints": 9}}
{"target": -189.58309433132138, "params": {"k_pid_pos": [1.5450523047367393, 0.027558214683885196, 0.04284152119038671], "k_pid_alt": [0.9595320637506006, 0.0, 0.03547971138604784], "k_pid_att": [16.5800350476387, 1.2966051431766425, 0.8236940627066479], "k_pid_yaw": [0.5, 1e-06, 0.1], "k_pid_hsp": [0.17588199904996227, 0.0053128282752396725, 0.0], "k_pid_vsp": [71.90575372208691, 50.89102640114103, 4.1752273420919]}, "datetime": {"datetime": "2025-08-11 18:36:47", "elapsed": 7886.747143268585, "delta": 17.125571966171265}, "costs": {"total_cost": 189.58309433132138, "time_cost": 69.79, "final_distance_cost": 1.789255149146231, "oscillation_cost": 32.0748740221996, "completition_cost": 0.0, "overshoot_cost": 50.75413967962707, "power_cost": 14.65542586669922, "noise_cost": 20.51939961364926, "n_waypoints_completed": 9, "tot_waypoints": 9}}
{"target": -1214.5016297885832, "params": {"k_pid_pos": [0.0001, 0.009140188663525103, 0.06794151216073825], "k_pid_alt": [0.8988578392600971, 0.004351490647449903, 0.106645400936695], "k_pid_att": [6.6195560106551, 1.840080425760524, 0.5897808664433429], "k_pid_yaw": [0.5, 1e-06, 0.1], "k_pid_hsp": [0.0001, 0.02717280579663166, 0.0], "k_pid_vsp": [257.5188134062366, 1e-06, 8.301093955574563]}, "datetime": {"datetime": "2025-08-11 18:37:16", "elapsed": 7916.33006811142, "delta": 29.582924842834473}, "costs": {"total_cost": 1214.5016297885832, "time_cost": 150, "final_distance_cost": 45.25947216838164, "oscillation_cost": 0.6820911721212106, "completition_cost": 888.8888888888888, "overshoot_cost": 73.70448312159456, "power_cost": 29.24892530517578, "noise_cost": 26.71776913242122, "n_waypoints_completed": 1, "tot_waypoints": 9}}
{"target": -186.40672003757388, "params": {"k_pid_pos": [0.8191170343858891, 0.04025060036319033, 0.07392982361928534], "k_pid_alt": [1.0477519531244746, 0.003994229545618998, 0.02397648292471866], "k_pid_att": [16.81671313605447, 1.0668210452143132, 1.0], "k_pid_yaw": [0.5, 1e-06, 0.1], "k_pid_hsp": [0.22504587585655123, 0.018278122326954343, 0.0], "k_pid_vsp": [187.57060514652986, 24.81651077677373, 5.8503599836207805]}, "datetime": {"datetime": "2025-08-11 18:37:34", "elapsed": 7933.869908094406, "delta": 17.53983998298645}, "costs": {"total_cost": 186.40672003757388, "time_cost": 70.82600000000001, "final_distance_cost": 1.8411628658790953, "oscillation_cost": 27.231714725747725, "completition_cost": 0.0, "overshoot_cost": 50.82672044365448, "power_cost": 14.419081555175781, "noise_cost": 21.262040447116796, "n_waypoints_completed": 9, "tot_waypoints": 9}}
{"target": -1254.7589239177555, "params": {"k_pid_pos": [0.869031209540803, 0.0700259335965663, 0.0800080810451518], "k_pid_alt": [1.128237249546812, 0.004020608799269841, 0.0664457747296779], "k_pid_att": [18.0385906820476, 0.0363472530059555, 0.331178564187073], "k_pid_yaw": [0.5, 1e-06, 0.1], "k_pid_hsp": [0.0001, 0.011757948915948441, 0.0], "k_pid_vsp": [122.97777010929603, 20.29565147475952, 3.8000994128753227]}, "datetime": {"datetime": "2025-08-11 18:38:04", "elapsed": 7963.978214502335, "delta": 30.108306407928467}, "costs": {"total_cost": 1254.7589239177555, "time_cost": 150, "final_distance_cost": 63.25148910689784, "oscillation_cost": 3.297736164284176, "completition_cost": 888.8888888888888, "overshoot_cost": 95.05652852025888, "power_cost": 21.11865299072266, "noise_cost": 33.14562824670308, "n_waypoints_completed": 1, "tot_waypoints": 9}}
{"target": -559.7312080751085, "params": {"k_pid_pos": [0.15590493974041245, 0.010761005796911506, 0.019729727149453407], "k_pid_alt": [1.8501238741208998, 0.0013423880811637404, 0.10040767340306105], "k_pid_att": [5.713879665042956, 1.1379243255901847, 1.0], "k_pid_yaw": [0.5, 1e-06, 0.1], "k_pid_hsp": [0.06546052843565366, 0.02873244823109262, 0.0], "k_pid_vsp": [199.3732645726158, 46.33562694200419, 9.179283597175015]}, "datetime": {"datetime": "2025-08-11 18:38:34", "elapsed": 7994.145289182663, "delta": 30.16707468032837}, "costs": {"total_cost": 559.7312080751085, "time_cost": 150, "final_distance_cost": 65.25061977132808, "oscillation_cost": 11.017198622283654, "completition_cost": 222.2222222222222, "overshoot_cost": 55.28775072489376, "power_cost": 29.277215283203127, "noise_cost": 26.676201451177686, "n_waypoints_completed": 7, "tot_waypoints": 9}}
{"target": -186.28347684778657, "params": {"k_pid_pos": [0.7747853293564505, 0.05540068078713206, 0.06887568993345679], "k_pid_alt": [1.7603039743392133, 0.0056945736688313485, 0.0571236757992678], "k_pid_att": [14.462735236014455, 1.6189571657318222, 0.7509096488243922], "k_pid_yaw": [0.5, 1e-06, 0.1], "k_pid_hsp": [0.21823529741164846, 0.0014651546721461013, 0.0], "k_pid_vsp": [135.28133895899433, 19.738234840201383, 7.101466809749838]}, "datetime": {"datetime": "2025-08-11 18:38:52", "elapsed": 8011.625973701477, "delta": 17.480684518814087}, "costs": {"total_cost": 186.28347684778657, "time_cost": 71.239, "final_distance_cost": 1.830735850538949, "oscillation_cost": 25.39992951952143, "completition_cost": 0.0, "overshoot_cost": 51.58564445374732, "power_cost": 14.405564123535157, "noise_cost": 21.822602900443712, "n_waypoints_completed": 9, "tot_waypoints": 9}}
{"target": -1268.2802115390139, "params": {"k_pid_pos": [1.1385926400807704, 0.08618347121417168, 0.06399670884640091], "k_pid_alt": [1.3074926530303055, 0.003580694981795885, 0.07173541312362974], "k_pid_att": [11.430306102939332, 0.425747520244663, 0.7897454935250496], "k_pid_yaw": [0.5, 1e-06, 0.1], "k_pid_hsp": [0.0001, 0.0036628320314890336, 0.0], "k_pid_vsp": [98.86223103088531, 90.51990559313724, 8.65689688389319]}, "datetime": {"datetime": "2025-08-11 18:39:22", "elapsed": 8042.083697557449, "delta": 30.45772385597229}, "costs": {"total_cost": 1268.2802115390139, "time_cost": 150, "final_distance_cost": 63.952457581731636, "oscillation_cost": 0.7087933776772872, "completition_cost": 888.8888888888888, "overshoot_cost": 108.75935914531216, "power_cost": 29.304998461914064, "noise_cost": 26.665714083489934, "n_waypoints_completed": 1, "tot_waypoints": 9}}
