{"target": -183.54904767768502, "params": {"k_pid_pos": [0.6914666234652488, 0.002974242978588303, 0.000568925328177206], "k_pid_alt": [1.465240072221646, 0.0060779118086777715, 0.015321284567352102], "k_pid_att": [64.51977015858428, 0.2945780070704473, 0.9662571535768526], "k_pid_yaw": [0.5, 1e-06, 0.1], "k_pid_hsp": [0.08688627574413675, 0.011160698569019295, 0.0], "k_pid_vsp": [96.31969687863698, 144.92072970229978, 2.6783784532957107]}, "datetime": {"datetime": "2025-08-11 23:12:24", "elapsed": 24424.089021921158, "delta": 17.658569812774658}, "costs": {"total_cost": 183.54904767768502, "time_cost": 71.694, "final_distance_cost": 1.8100168193459931, "oscillation_cost": 23.67259091594813, "completition_cost": 0.0, "overshoot_cost": 51.05010518470096, "power_cost": 14.303882092285157, "noise_cost": 21.018452665404777, "n_waypoints_completed": 9, "tot_waypoints": 9}}
{"target": -185.4195421501396, "params": {"k_pid_pos": [0.5194605170834886, 0.0050277283819716405, 0.0006398882054073603], "k_pid_alt": [1.3930745404947098, 0.004092976395065906, 0.01465978409713034], "k_pid_att": [45.873960213017256, 0.21677486622154937, 1.0], "k_pid_yaw": [0.5, 1e-06, 0.1], "k_pid_hsp": [0.06552855934644602, 0.012282644131609144, 0.0], "k_pid_vsp": [141.763660543686, 146.56011889487857, 6.091371894880386]}, "datetime": {"datetime": "2025-08-11 23:12:44", "elapsed": 24443.558746099472, "delta": 19.46972417831421}, "costs": {"total_cost": 185.4195421501396, "time_cost": 75.089, "final_distance_cost": 1.8076568740700023, "oscillation_cost": 19.510674836833562, "completition_cost": 0.0, "overshoot_cost": 52.15864905032994, "power_cost": 14.568143225097657, "noise_cost": 22.285418163808437, "n_waypoints_completed": 9, "tot_waypoints": 9}}
{"target": -220.7338287707277, "params": {"k_pid_pos": [0.3122708703650125, 0.005818632703022354, 0.000723253367878775], "k_pid_alt": [1.3670016710245305, 0.005259656626776709, 0.01783367024356655], "k_pid_att": [48.78225227158527, 0.23892818287814088, 1.0], "k_pid_yaw": [0.5, 1e-06, 0.1], "k_pid_hsp": [0.08322713643965056, 0.014639573840484444, 0.0], "k_pid_vsp": [139.8682881955867, 112.05915029361354, 4.272954432649924]}, "datetime": {"datetime": "2025-08-11 23:13:08", "elapsed": 24468.146769285202, "delta": 24.58802318572998}, "costs": {"total_cost": 220.7338287707277, "time_cost": 97.132, "final_distance_cost": 1.8614615199020907, "oscillation_cost": 16.75216339126896, "completition_cost": 0.0, "overshoot_cost": 53.16763672201873, "power_cost": 18.32163731689453, "noise_cost": 33.49892982064338, "n_waypoints_completed": 9, "tot_waypoints": 9}}
{"target": -202.3482643892844, "params": {"k_pid_pos": [0.31269605276837736, 0.003138320402151045, 0.0007930593012652932], "k_pid_alt": [1.431972244421497, 0.00785569792570963, 0.012951729000714438], "k_pid_att": [43.58059091047992, 0.38565464107869274, 0.8672260970919718], "k_pid_yaw": [0.5, 1e-06, 0.1], "k_pid_hsp": [0.12299630273682216, 0.0031120416708039287, 0.0], "k_pid_vsp": [60.26981086209207, 82.78179873998265, 6.837003792761673]}, "datetime": {"datetime": "2025-08-11 23:13:31", "elapsed": 24490.59522628784, "delta": 22.44845700263977}, "costs": {"total_cost": 202.3482643892844, "time_cost": 86.21900000000001, "final_distance_cost": 1.8602253795708046, "oscillation_cost": 16.921288349731842, "completition_cost": 0.0, "overshoot_cost": 52.933758117863654, "power_cost": 16.348799768066407, "noise_cost": 28.065192774051678, "n_waypoints_completed": 9, "tot_waypoints": 9}}
{"target": -182.00371895366652, "params": {"k_pid_pos": [0.5624690576817429, 0.002731243394426349, 0.001179922242890838], "k_pid_alt": [1.9379554349437418, 0.005073495426659926, 0.014907680022953153], "k_pid_att": [49.01922192567553, 0.3663947791019604, 0.8822545934996179], "k_pid_yaw": [0.5, 1e-06, 0.1], "k_pid_hsp": [0.08634545900789738, 0.007737979563867296, 0.0], "k_pid_vsp": [74.05568032988553, 118.50019184330448, 5.650580554375158]}, "datetime": {"datetime": "2025-08-11 23:13:49", "elapsed": 24508.377001047134, "delta": 17.781774759292603}, "costs": {"total_cost": 182.00371895366652, "time_cost": 72.191, "final_distance_cost": 1.8351673088357916, "oscillation_cost": 20.602559102791748, "completition_cost": 0.0, "overshoot_cost": 51.64708939533121, "power_cost": 14.217252795410158, "noise_cost": 21.510650351297606, "n_waypoints_completed": 9, "tot_waypoints": 9}}
{"target": -181.8612911826925, "params": {"k_pid_pos": [0.569279066079384, 0.005475135485972866, 0.0014824228823293699], "k_pid_alt": [1.5797774542757832, 0.007225180049770313, 0.019496664761137306], "k_pid_att": [29.262144298137077, 0.3624994184015063, 0.8761962613798112], "k_pid_yaw": [0.5, 1e-06, 0.1], "k_pid_hsp": [0.09603819447537104, 0.008935661028377999, 0.0], "k_pid_vsp": [125.49574885112251, 85.19275320154462, 3.0686336035630064]}, "datetime": {"datetime": "2025-08-11 23:14:06", "elapsed": 24525.99396085739, "delta": 17.616959810256958}, "costs": {"total_cost": 181.8612911826925, "time_cost": 71.624, "final_distance_cost": 1.8269958009251843, "oscillation_cost": 21.491466586958246, "completition_cost": 0.0, "overshoot_cost": 51.31768122339966, "power_cost": 14.11949725341797, "noise_cost": 21.481650317991434, "n_waypoints_completed": 9, "tot_waypoints": 9}}
{"target": -190.02169377681977, "params": {"k_pid_pos": [0.4797042190924672, 0.0053767266500404295, 0.0009620921707698989], "k_pid_alt": [1.5329270767199181, 0.004539579321569236, 0.03043731885118825], "k_pid_att": [33.29074441070278, 0.32982182431129026, 1.0], "k_pid_yaw": [0.5, 1e-06, 0.1], "k_pid_hsp": [0.15727642035182585, 0.011978196130040947, 0.0], "k_pid_vsp": [96.67993888556823, 26.619044957750116, 7.124945533400468]}, "datetime": {"datetime": "2025-08-11 23:14:25", "elapsed": 24544.828242063522, "delta": 18.83428120613098}, "costs": {"total_cost": 190.02169377681977, "time_cost": 75.25, "final_distance_cost": 1.8541808487441793, "oscillation_cost": 22.9882570320676, "completition_cost": 0.0, "overshoot_cost": 51.65571924196765, "power_cost": 14.755207824707032, "noise_cost": 23.518328829333292, "n_waypoints_completed": 9, "tot_waypoints": 9}}
{"target": -198.5542116392179, "params": {"k_pid_pos": [0.3744468084440679, 0.00380522729151135, 0.0004507768998262883], "k_pid_alt": [1.063555303428762, 0.004139761773105133, 0.024135458516028042], "k_pid_att": [53.03186157884297, 0.30367952448396635, 1.0], "k_pid_yaw": [0.5, 1e-06, 0.1], "k_pid_hsp": [0.15446085788427588, 0.009076068970297014, 0.0], "k_pid_vsp": [134.51686573034598, 100.68027067779163, 4.743091373694867]}, "datetime": {"datetime": "2025-08-11 23:14:46", "elapsed": 24565.7639939785, "delta": 20.935751914978027}, "costs": {"total_cost": 198.5542116392179, "time_cost": 82.355, "final_distance_cost": 1.86129170457526, "oscillation_cost": 20.52111210521157, "completition_cost": 0.0, "overshoot_cost": 51.710239443742, "power_cost": 15.825399914550783, "noise_cost": 26.281168471138265, "n_waypoints_completed": 9, "tot_waypoints": 9}}
{"target": -181.8720473937485, "params": {"k_pid_pos": [0.5506772578623571, 0.004461044241226563, 0.0008316247149653134], "k_pid_alt": [1.4347485467560201, 0.005128232967200739, 0.013549350529098772], "k_pid_att": [33.982367949152625, 0.21705460907970933, 0.8849254355493897], "k_pid_yaw": [0.5, 1e-06, 0.1], "k_pid_hsp": [0.10118029600642266, 0.01294291055718185, 0.0], "k_pid_vsp": [76.05881489575732, 150.51040045962225, 4.931931378450798]}, "datetime": {"datetime": "2025-08-11 23:15:04", "elapsed": 24583.481365919113, "delta": 17.717371940612793}, "costs": {"total_cost": 181.8720473937485, "time_cost": 71.561, "final_distance_cost": 1.8412426057954374, "oscillation_cost": 22.025659118784116, "completition_cost": 0.0, "overshoot_cost": 50.98847603044721, "power_cost": 14.225367626953126, "noise_cost": 21.230302011768575, "n_waypoints_completed": 9, "tot_waypoints": 9}}
{"target": -183.61294256882812, "params": {"k_pid_pos": [0.6622923379560536, 0.005720821229017836, 0.0007575437428863184], "k_pid_alt": [1.6853220623310685, 0.003618190876216948, 0.011562491078250295], "k_pid_att": [18.86080059739841, 0.2818464605865621, 1.0], "k_pid_yaw": [0.5, 1e-06, 0.1], "k_pid_hsp": [0.0820953419978407, 0.01284945955276256, 0.0], "k_pid_vsp": [113.74532533072413, 115.27659874416902, 6.130558249265062]}, "datetime": {"datetime": "2025-08-11 23:15:22", "elapsed": 24601.69040942192, "delta": 18.209043502807617}, "costs": {"total_cost": 183.61294256882812, "time_cost": 72.212, "final_distance_cost": 1.799522191946511, "oscillation_cost": 22.881864155518105, "completition_cost": 0.0, "overshoot_cost": 51.22868483975847, "power_cost": 14.325101489257813, "noise_cost": 21.16576989234723, "n_waypoints_completed": 9, "tot_waypoints": 9}}
{"target": -182.81295712116338, "params": {"k_pid_pos": [0.4609343263338797, 0.006724060423094047, 0.0009625888845599667], "k_pid_alt": [1.4349206583319585, 0.007286550363333964, 0.012578265755923782], "k_pid_att": [37.56344403520866, 0.4131140434804475, 1.0], "k_pid_yaw": [0.5, 1e-06, 0.1], "k_pid_hsp": [0.09795854783003277, 0.01139179306759939, 0.0], "k_pid_vsp": [112.70863278552758, 138.82408514958718, 2.8512887241927287]}, "datetime": {"datetime": "2025-08-11 23:15:40", "elapsed": 24620.322345256805, "delta": 18.631935834884644}, "costs": {"total_cost": 182.81295712116338, "time_cost": 73.43, "final_distance_cost": 1.8510692386132321, "oscillation_cost": 19.881031655459264, "completition_cost": 0.0, "overshoot_cost": 50.95088885029214, "power_cost": 14.420582946777344, "noise_cost": 22.27938443002137, "n_waypoints_completed": 9, "tot_waypoints": 9}}
{"target": -196.39383486984696, "params": {"k_pid_pos": [0.4218414306239084, 0.0035845106565046115, 0.0010082135319194035], "k_pid_alt": [2.0, 0.004028958041544497, 0.013772961173585188], "k_pid_att": [26.67227262042608, 0.1628017125227641, 0.9317116660563479], "k_pid_yaw": [0.5, 1e-06, 0.1], "k_pid_hsp": [0.12010522211716305, 0.0185846588033846, 0.0], "k_pid_vsp": [64.43285333227986, 99.58260066470393, 7.737844482485582]}, "datetime": {"datetime": "2025-08-11 23:16:00", "elapsed": 24639.510452508926, "delta": 19.18810725212097}, "costs": {"total_cost": 196.39383486984696, "time_cost": 79.52, "final_distance_cost": 1.864080929850174, "oscillation_cost": 21.76693083050662, "completition_cost": 0.0, "overshoot_cost": 51.298283185997214, "power_cost": 15.436205480957032, "noise_cost": 26.508334442535915, "n_waypoints_completed": 9, "tot_waypoints": 9}}
{"target": -183.57342147572362, "params": {"k_pid_pos": [0.5708831909022906, 0.005981168758437854, 0.0007797014393480835], "k_pid_alt": [1.908471227852638, 0.004625095932153232, 0.024753676176920664], "k_pid_att": [36.90439571347674, 0.28781436274348476, 0.6708849774251674], "k_pid_yaw": [0.5, 1e-06, 0.1], "k_pid_hsp": [0.12767532887756375, 0.011018483219362695, 0.0], "k_pid_vsp": [123.8671929619379, 146.20572636608014, 4.689149761320898]}, "datetime": {"datetime": "2025-08-11 23:16:18", "elapsed": 24658.339492321014, "delta": 18.829039812088013}, "costs": {"total_cost": 183.57342147572362, "time_cost": 71.421, "final_distance_cost": 1.8428677968166218, "oscillation_cost": 23.614760456559985, "completition_cost": 0.0, "overshoot_cost": 50.91440365005908, "power_cost": 14.2399701171875, "noise_cost": 21.540419455100416, "n_waypoints_completed": 9, "tot_waypoints": 9}}
{"target": -182.99237749264833, "params": {"k_pid_pos": [0.6853354372592347, 0.007194212852344198, 0.0010172765365182507], "k_pid_alt": [1.498147435862478, 0.003957864078548285, 0.01242752448562572], "k_pid_att": [46.297075811896754, 0.3506157686320556, 0.9133929493899137], "k_pid_yaw": [0.5, 1e-06, 0.1], "k_pid_hsp": [0.1305346904133995, 0.008420654492332471, 0.0], "k_pid_vsp": [80.69237856996865, 77.3208625567422, 9.976073273651048]}, "datetime": {"datetime": "2025-08-11 23:16:36", "elapsed": 24675.59676861763, "delta": 17.2572762966156}, "costs": {"total_cost": 182.99237749264833, "time_cost": 70.266, "final_distance_cost": 1.8245525746088573, "oscillation_cost": 24.395591588023173, "completition_cost": 0.0, "overshoot_cost": 50.738200103655934, "power_cost": 17.734469262695313, "noise_cost": 18.03356396366505, "n_waypoints_completed": 9, "tot_waypoints": 9}}
{"target": -182.72850406198933, "params": {"k_pid_pos": [0.5945675799039435, 0.006448450488590693, 0.0008113647597866774], "k_pid_alt": [1.9125092489777396, 0.005723057265916089, 0.010487229636018105], "k_pid_att": [46.066057443285196, 0.3012841803977771, 1.0], "k_pid_yaw": [0.5, 1e-06, 0.1], "k_pid_hsp": [0.11743221400214915, 0.011144300660326997, 0.0], "k_pid_vsp": [92.21893002608078, 159.59962933352105, 6.291665444884888]}, "datetime": {"datetime": "2025-08-11 23:16:54", "elapsed": 24693.896894931793, "delta": 18.300126314163208}, "costs": {"total_cost": 182.72850406198933, "time_cost": 71.078, "final_distance_cost": 1.842235919049698, "oscillation_cost": 23.58658444248426, "completition_cost": 0.0, "overshoot_cost": 50.74461314296926, "power_cost": 14.190834765625, "noise_cost": 21.28623579186112, "n_waypoints_completed": 9, "tot_waypoints": 9}}
{"target": -184.9203591308371, "params": {"k_pid_pos": [0.867529054202989, 0.005156204555350293, 0.0008151197731192985], "k_pid_alt": [1.1825520111197558, 0.005864464337220122, 0.027959906523210686], "k_pid_att": [31.351375845204718, 0.43025671799884363, 0.9415153479694451], "k_pid_yaw": [0.5, 1e-06, 0.1], "k_pid_hsp": [0.0998332150238726, 0.012619096084749032, 0.0], "k_pid_vsp": [82.32203331009923, 61.34655645633499, 4.683497810957024]}, "datetime": {"datetime": "2025-08-11 23:17:11", "elapsed": 24711.20555114746, "delta": 17.308656215667725}, "costs": {"total_cost": 184.9203591308371, "time_cost": 70.917, "final_distance_cost": 1.800210545141594, "oscillation_cost": 26.616067259486204, "completition_cost": 0.0, "overshoot_cost": 50.41187449210184, "power_cost": 14.328665625000001, "noise_cost": 20.846541209107478, "n_waypoints_completed": 9, "tot_waypoints": 9}}
{"target": -182.63714227620048, "params": {"k_pid_pos": [0.6397801459408835, 0.009563117521213764, 0.0011139486552921272], "k_pid_alt": [1.5689238847950093, 0.0055842229767806215, 0.038109472522099376], "k_pid_att": [38.94876601109757, 0.40706491389566085, 1.0], "k_pid_yaw": [0.5, 1e-06, 0.1], "k_pid_hsp": [0.09130878750770376, 0.010350075899278667, 0.0], "k_pid_vsp": [126.57796365718434, 137.72963874342335, 6.648511189887518]}, "datetime": {"datetime": "2025-08-11 23:17:30", "elapsed": 24729.511219978333, "delta": 18.305668830871582}, "costs": {"total_cost": 182.63714227620048, "time_cost": 71.617, "final_distance_cost": 1.8005247600555314, "oscillation_cost": 22.73340115657401, "completition_cost": 0.0, "overshoot_cost": 50.940860763666336, "power_cost": 14.313021545410157, "noise_cost": 21.232334050494455, "n_waypoints_completed": 9, "tot_waypoints": 9}}
{"target": -183.82713511637218, "params": {"k_pid_pos": [0.5069069472487953, 0.0037569862437593637, 0.0006119228095061109], "k_pid_alt": [1.5126998805219003, 0.003928049094254361, 0.021521866433931978], "k_pid_att": [35.812212304078024, 0.4308886079629351, 0.8118880821053279], "k_pid_yaw": [0.5, 1e-06, 0.1], "k_pid_hsp": [0.0731303438143325, 0.008760923705028158, 0.0], "k_pid_vsp": [102.37794738586327, 89.7062511540015, 5.958331481128899]}, "datetime": {"datetime": "2025-08-11 23:17:49", "elapsed": 24748.652438640594, "delta": 19.141218662261963}, "costs": {"total_cost": 183.82713511637218, "time_cost": 74.333, "final_distance_cost": 1.813313028983882, "oscillation_cost": 18.79839329629203, "completition_cost": 0.0, "overshoot_cost": 52.28098812009879, "power_cost": 14.427231274414064, "noise_cost": 22.174209396583418, "n_waypoints_completed": 9, "tot_waypoints": 9}}
{"target": -182.49127332267227, "params": {"k_pid_pos": [0.6662946339585725, 0.011708022438113495, 0.0007671690370172051], "k_pid_alt": [1.3803987169340806, 0.0035729937943173354, 0.019198299376414502], "k_pid_att": [39.98181325878421, 0.30982092885557727, 0.7080656965341198], "k_pid_yaw": [0.5, 1e-06, 0.1], "k_pid_hsp": [0.0972610701658283, 0.011594169322764475, 0.0], "k_pid_vsp": [114.40141721625714, 144.14336561873608, 7.715351262785668]}, "datetime": {"datetime": "2025-08-11 23:18:07", "elapsed": 24766.64554333687, "delta": 17.993104696273804}, "costs": {"total_cost": 182.49127332267227, "time_cost": 71.127, "final_distance_cost": 1.8149964661452465, "oscillation_cost": 23.71652236232019, "completition_cost": 0.0, "overshoot_cost": 50.775449986267084, "power_cost": 14.13554676513672, "noise_cost": 20.92175774280305, "n_waypoints_completed": 9, "tot_waypoints": 9}}
{"target": -182.76134625786358, "params": {"k_pid_pos": [0.48823451294537307, 0.005874354327466055, 0.000985143435271157], "k_pid_alt": [1.1335049954521252, 0.005370947010395889, 0.03057993959087435], "k_pid_att": [46.97817814502904, 0.274453665635396, 1.0], "k_pid_yaw": [0.5, 1e-06, 0.1], "k_pid_hsp": [0.10025250065018194, 0.006266602150363505, 0.0], "k_pid_vsp": [84.6826521406119, 97.40084988649022, 3.3527451841954274]}, "datetime": {"datetime": "2025-08-11 23:18:26", "elapsed": 24785.429987192154, "delta": 18.784443855285645}, "costs": {"total_cost": 182.76134625786358, "time_cost": 73.122, "final_distance_cost": 1.828144430255276, "oscillation_cost": 20.00318761137415, "completition_cost": 0.0, "overshoot_cost": 51.67525001846313, "power_cost": 14.2156296875, "noise_cost": 21.91713451027102, "n_waypoints_completed": 9, "tot_waypoints": 9}}
{"target": -182.8023193608148, "params": {"k_pid_pos": [0.6328408271887769, 0.0064591099697117954, 0.0006684875787884551], "k_pid_alt": [1.4481243258916965, 0.005831999394733284, 0.02090099302616558], "k_pid_att": [58.52653719529999, 0.36654640142850997, 0.7061209464341932], "k_pid_yaw": [0.5, 1e-06, 0.1], "k_pid_hsp": [0.11830867022232383, 0.006587620654025135, 0.0], "k_pid_vsp": [41.66329015327937, 69.47674210939847, 6.733228861758643]}, "datetime": {"datetime": "2025-08-11 23:18:43", "elapsed": 24802.717242002487, "delta": 17.287254810333252}, "costs": {"total_cost": 182.8023193608148, "time_cost": 70.889, "final_distance_cost": 1.81898495885552, "oscillation_cost": 23.478360776774764, "completition_cost": 0.0, "overshoot_cost": 51.20211454035315, "power_cost": 14.128885827636719, "noise_cost": 21.28497325719466, "n_waypoints_completed": 9, "tot_waypoints": 9}}
{"target": -192.51704542787851, "params": {"k_pid_pos": [0.32706704156346506, 0.007142559976721134, 0.00046734566091141986], "k_pid_alt": [1.3730467313818522, 0.0027660608101629015, 0.01625109662023103], "k_pid_att": [54.8595567433797, 0.35382106417053816, 1.0], "k_pid_yaw": [0.5, 1e-06, 0.1], "k_pid_hsp": [0.09253151119372587, 0.0070206415485748455, 0.0], "k_pid_vsp": [117.3959675187587, 134.6251086580196, 6.493747073799437]}, "datetime": {"datetime": "2025-08-11 23:19:03", "elapsed": 24823.152832984924, "delta": 20.435590982437134}, "costs": {"total_cost": 192.51704542787851, "time_cost": 80.82900000000001, "final_distance_cost": 1.8589357826802406, "oscillation_cost": 15.81165149764169, "completition_cost": 0.0, "overshoot_cost": 52.88266380015273, "power_cost": 15.477380371093751, "noise_cost": 25.657413976310124, "n_waypoints_completed": 9, "tot_waypoints": 9}}
{"target": -182.3102291404848, "params": {"k_pid_pos": [0.6944591654923243, 0.005166852268689361, 0.0010265793370323993], "k_pid_alt": [1.5071927011233972, 0.005848035701843214, 0.04038190334141131], "k_pid_att": [55.029669557175474, 0.2103662399880908, 1.0], "k_pid_yaw": [0.5, 1e-06, 0.1], "k_pid_hsp": [0.12047688883986978, 0.003649909969149108, 0.0], "k_pid_vsp": [89.09631325686736, 112.06160182222423, 3.656290917745352]}, "datetime": {"datetime": "2025-08-11 23:19:21", "elapsed": 24841.238791704178, "delta": 18.08595871925354}, "costs": {"total_cost": 182.3102291404848, "time_cost": 70.406, "final_distance_cost": 1.816124843177505, "oscillation_cost": 24.03699973052703, "completition_cost": 0.0, "overshoot_cost": 50.921860534920896, "power_cost": 14.123084765625, "noise_cost": 21.00615926623435, "n_waypoints_completed": 9, "tot_waypoints": 9}}
{"target": -183.6035470046752, "params": {"k_pid_pos": [0.6048134626491143, 0.003335663116247741, 0.0010006180421275877], "k_pid_alt": [1.2711342631092317, 0.0036841109303324036, 0.025007953097927815], "k_pid_att": [39.507613676546384, 0.23003866878476772, 1.0], "k_pid_yaw": [0.5, 1e-06, 0.1], "k_pid_hsp": [0.08240124293536545, 0.014039450839938981, 0.0], "k_pid_vsp": [58.16711473713577, 102.51915856267867, 4.564940612478282]}, "datetime": {"datetime": "2025-08-11 23:19:39", "elapsed": 24859.356387615204, "delta": 18.117595911026}, "costs": {"total_cost": 183.6035470046752, "time_cost": 72.646, "final_distance_cost": 1.8149650540799047, "oscillation_cost": 22.55313247207563, "completition_cost": 0.0, "overshoot_cost": 50.78439783874581, "power_cost": 14.411939392089845, "noise_cost": 21.393112247683995, "n_waypoints_completed": 9, "tot_waypoints": 9}}
{"target": -183.17203424938162, "params": {"k_pid_pos": [0.49889396325096885, 0.007933810429168034, 0.0008314099520782024], "k_pid_alt": [1.919195168195677, 0.004374035355372108, 0.028207071148131747], "k_pid_att": [65.03978809513156, 0.4557004859477372, 1.0], "k_pid_yaw": [0.5, 1e-06, 0.1], "k_pid_hsp": [0.10269040457710164, 0.014183124868404366, 0.0], "k_pid_vsp": [109.45086723043833, 85.03697201090027, 6.776195629608051]}, "datetime": {"datetime": "2025-08-11 23:19:58", "elapsed": 24877.677491903305, "delta": 18.321104288101196}, "costs": {"total_cost": 183.17203424938162, "time_cost": 72.646, "final_distance_cost": 1.8405093850126257, "oscillation_cost": 21.192170248184766, "completition_cost": 0.0, "overshoot_cost": 51.11597905618488, "power_cost": 14.305396948242189, "noise_cost": 22.07197861175716, "n_waypoints_completed": 9, "tot_waypoints": 9}}
