{"target": -194.67704484678484, "params": {"k_pid_pos": [0.4052913545199153, 0.006064527403235082, 0.0006596017170270953], "k_pid_alt": [1.3622821402584222, 0.005492772984623859, 0.011360529050676277], "k_pid_att": [24.837249338677893, 0.37953717284162086, 1.0], "k_pid_yaw": [0.5, 1e-06, 0.1], "k_pid_hsp": [0.04877052926321183, 0.008584884972367838, 0.0], "k_pid_vsp": [115.78180217596582, 127.29213583141063, 7.299964862832108]}, "datetime": {"datetime": "2025-08-12 02:52:33", "elapsed": 37632.790209531784, "delta": 20.945907592773438}, "costs": {"total_cost": 194.67704484678484, "time_cost": 82.901, "final_distance_cost": 1.8079559568493309, "oscillation_cost": 14.261701123701203, "completition_cost": 0.0, "overshoot_cost": 55.06544103733992, "power_cost": 15.723888134765625, "noise_cost": 24.917058594128765, "n_waypoints_completed": 9, "tot_waypoints": 9}}
{"target": -181.96379169851187, "params": {"k_pid_pos": [0.6283661061708544, 0.005915679944833122, 0.0005919008315817256], "k_pid_alt": [1.1061048341446174, 0.004668514555028019, 0.005837802176259108], "k_pid_att": [27.746372876566667, 0.40461172967214964, 0.7399344583254162], "k_pid_yaw": [0.5, 1e-06, 0.1], "k_pid_hsp": [0.10570912511871434, 0.011197794546522888, 0.0], "k_pid_vsp": [138.9565827914718, 129.2476592690592, 7.68180276881253]}, "datetime": {"datetime": "2025-08-12 02:52:52", "elapsed": 37651.412053346634, "delta": 18.621843814849854}, "costs": {"total_cost": 181.96379169851187, "time_cost": 71.06400000000001, "final_distance_cost": 1.82598114219345, "oscillation_cost": 23.325359852542856, "completition_cost": 0.0, "overshoot_cost": 50.57099078059208, "power_cost": 14.143083666992188, "noise_cost": 21.034376256191273, "n_waypoints_completed": 9, "tot_waypoints": 9}}
{"target": -182.86651083616124, "params": {"k_pid_pos": [0.5961053500149665, 0.007659015738040135, 0.0005284953569131797], "k_pid_alt": [1.7628883569348683, 0.00520454806255729, 0.005327964658095564], "k_pid_att": [29.506466456044507, 0.38113607225900586, 0.6243836993576036], "k_pid_yaw": [0.5, 1e-06, 0.1], "k_pid_hsp": [0.0843784481609139, 0.010000769505799662, 0.0], "k_pid_vsp": [110.85555124658016, 128.69672382733197, 6.136926948178297]}, "datetime": {"datetime": "2025-08-12 02:53:10", "elapsed": 37669.93447852135, "delta": 18.522425174713135}, "costs": {"total_cost": 182.86651083616124, "time_cost": 72.436, "final_distance_cost": 1.8294278545283154, "oscillation_cost": 21.55829893738115, "completition_cost": 0.0, "overshoot_cost": 51.33254771494717, "power_cost": 14.339987329101563, "noise_cost": 21.370249000203028, "n_waypoints_completed": 9, "tot_waypoints": 9}}
{"target": -185.09098547094885, "params": {"k_pid_pos": [0.47047417706530226, 0.003996621824461955, 0.0006419941332918991], "k_pid_alt": [1.58801565484515, 0.0035663546207944895, 0.006268941518860747], "k_pid_att": [37.60349482522219, 0.25419067223996145, 1.0], "k_pid_yaw": [0.5, 1e-06, 0.1], "k_pid_hsp": [0.12430750582622836, 0.007772307595012097, 0.0], "k_pid_vsp": [101.91996636450811, 118.07729982873518, 4.859733768260833]}, "datetime": {"datetime": "2025-08-12 02:53:28", "elapsed": 37688.15887546539, "delta": 18.22439694404602}, "costs": {"total_cost": 185.09098547094885, "time_cost": 73.801, "final_distance_cost": 1.8493920389534677, "oscillation_cost": 20.993525576637662, "completition_cost": 0.0, "overshoot_cost": 51.45938116308516, "power_cost": 14.455649047851564, "noise_cost": 22.532037644421003, "n_waypoints_completed": 9, "tot_waypoints": 9}}
{"target": -181.8315608217597, "params": {"k_pid_pos": [0.6160684392174245, 0.006380534072803929, 0.0006654451376435052], "k_pid_alt": [1.5466261183583638, 0.005044577559678584, 0.004143226764888991], "k_pid_att": [33.07986407936656, 0.4187575464796711, 0.9578303223532082], "k_pid_yaw": [0.5, 1e-06, 0.1], "k_pid_hsp": [0.0893273858746834, 0.008535202339007076, 0.0], "k_pid_vsp": [107.24529073030908, 123.30605270647688, 4.9102458805974605]}, "datetime": {"datetime": "2025-08-12 02:53:47", "elapsed": 37706.66452026367, "delta": 18.50564479827881}, "costs": {"total_cost": 181.8315608217597, "time_cost": 71.561, "final_distance_cost": 1.8127562815615677, "oscillation_cost": 21.795498051474166, "completition_cost": 0.0, "overshoot_cost": 51.33176766407736, "power_cost": 14.178274462890625, "noise_cost": 21.152264361755993, "n_waypoints_completed": 9, "tot_waypoints": 9}}
{"target": -182.36099457714482, "params": {"k_pid_pos": [0.6241240188367269, 0.006197150029946248, 0.0005628869220509989], "k_pid_alt": [1.8398886171208064, 0.004908504110851612, 0.00845766920330566], "k_pid_att": [26.97275847024406, 0.2966308142413236, 0.8557218983538792], "k_pid_yaw": [0.5, 1e-06, 0.1], "k_pid_hsp": [0.11618989994248403, 0.010671815643233313, 0.0], "k_pid_vsp": [106.93106245922303, 123.28310917819495, 6.237984933295834]}, "datetime": {"datetime": "2025-08-12 02:54:04", "elapsed": 37724.347267627716, "delta": 17.68274736404419}, "costs": {"total_cost": 182.36099457714482, "time_cost": 70.77, "final_distance_cost": 1.8293827154510092, "oscillation_cost": 23.630137036620464, "completition_cost": 0.0, "overshoot_cost": 50.88792666341438, "power_cost": 14.131173864746094, "noise_cost": 21.11237429691286, "n_waypoints_completed": 9, "tot_waypoints": 9}}
{"target": -181.7317425339287, "params": {"k_pid_pos": [0.562209011726038, 0.005672174799046349, 0.0005068097700319874], "k_pid_alt": [1.460560519391672, 0.004766177640154943, 0.004163296740324573], "k_pid_att": [40.61909470919472, 0.39090036231992453, 0.8874608685913487], "k_pid_yaw": [0.5, 1e-06, 0.1], "k_pid_hsp": [0.10357564367954593, 0.010054381212434418, 0.0], "k_pid_vsp": [107.49084884359543, 87.16205071705808, 6.118196737603633]}, "datetime": {"datetime": "2025-08-12 02:54:23", "elapsed": 37742.836817741394, "delta": 18.48955011367798}, "costs": {"total_cost": 181.7317425339287, "time_cost": 71.484, "final_distance_cost": 1.8270383050479095, "oscillation_cost": 22.03822960936836, "completition_cost": 0.0, "overshoot_cost": 50.90501113227917, "power_cost": 14.06469451904297, "noise_cost": 21.41276896819029, "n_waypoints_completed": 9, "tot_waypoints": 9}}
{"target": -183.17220309139313, "params": {"k_pid_pos": [0.4687488638148434, 0.008154898359462086, 0.0005275995968769574], "k_pid_alt": [1.3574731828569997, 0.005562931771761326, 0.004870687850719527], "k_pid_att": [36.67025947615476, 0.3220189655515268, 0.872994567936035], "k_pid_yaw": [0.5, 1e-06, 0.1], "k_pid_hsp": [0.10430150820676376, 0.01051465105411997, 0.0], "k_pid_vsp": [103.49282160897603, 96.50864076312901, 7.486110133870703]}, "datetime": {"datetime": "2025-08-12 02:54:41", "elapsed": 37761.00354599953, "delta": 18.166728258132935}, "costs": {"total_cost": 183.17220309139313, "time_cost": 73.304, "final_distance_cost": 1.8509820045196606, "oscillation_cost": 20.37201220021235, "completition_cost": 0.0, "overshoot_cost": 51.137254464813054, "power_cost": 14.312711755371094, "noise_cost": 22.195242666476947, "n_waypoints_completed": 9, "tot_waypoints": 9}}
{"target": -181.619769498352, "params": {"k_pid_pos": [0.5719955019059321, 0.0052749365041799105, 0.0007160454383458855], "k_pid_alt": [1.1629522799912755, 0.0039266455503910525, 0.00812313514458879], "k_pid_att": [35.65915391549888, 0.31933328471150224, 1.0], "k_pid_yaw": [0.5, 1e-06, 0.1], "k_pid_hsp": [0.09570455368702875, 0.00810004604969888, 0.0], "k_pid_vsp": [104.12154442343582, 128.9975409016256, 6.877383274214228]}, "datetime": {"datetime": "2025-08-12 02:55:01", "elapsed": 37780.35687947273, "delta": 19.353333473205566}, "costs": {"total_cost": 181.619769498352, "time_cost": 71.70100000000001, "final_distance_cost": 1.8236592751402743, "oscillation_cost": 21.343412582872826, "completition_cost": 0.0, "overshoot_cost": 51.35302462243657, "power_cost": 14.154700988769532, "noise_cost": 21.243972029132802, "n_waypoints_completed": 9, "tot_waypoints": 9}}
{"target": -183.80654027874766, "params": {"k_pid_pos": [0.7555773261327197, 0.008166433964262662, 0.0006466669106464173], "k_pid_alt": [1.2713319677203427, 0.004510492837309113, 0.004208268604052818], "k_pid_att": [28.782107660133587, 0.3511932312613894, 0.9554886757904294], "k_pid_yaw": [0.5, 1e-06, 0.1], "k_pid_hsp": [0.09082027384345197, 0.007681886178365376, 0.0], "k_pid_vsp": [116.36018317326484, 115.75082046455206, 6.862975994392773]}, "datetime": {"datetime": "2025-08-12 02:55:18", "elapsed": 37797.9876203537, "delta": 17.630740880966187}, "costs": {"total_cost": 183.80654027874766, "time_cost": 71.631, "final_distance_cost": 1.8012960682828434, "oscillation_cost": 24.137144794522584, "completition_cost": 0.0, "overshoot_cost": 50.82094229846921, "power_cost": 14.312287915039063, "noise_cost": 21.103869202433966, "n_waypoints_completed": 9, "tot_waypoints": 9}}
{"target": -182.86298429342233, "params": {"k_pid_pos": [0.6365808837842573, 0.0065168478673193, 0.0007876264685539944], "k_pid_alt": [1.5250831990275653, 0.002785146607065135, 0.006354211642274205], "k_pid_att": [38.07789710756389, 0.4984382982120017, 1.0], "k_pid_yaw": [0.5, 1e-06, 0.1], "k_pid_hsp": [0.0857187710139005, 0.009302535588059825, 0.0], "k_pid_vsp": [81.92683523089191, 104.46445448680937, 5.700298865944191]}, "datetime": {"datetime": "2025-08-12 02:55:37", "elapsed": 37817.007581710815, "delta": 19.0199613571167}, "costs": {"total_cost": 182.86298429342233, "time_cost": 72.07900000000001, "final_distance_cost": 1.8201186366327682, "oscillation_cost": 22.316919899246045, "completition_cost": 0.0, "overshoot_cost": 51.258802576350554, "power_cost": 14.184074609375001, "noise_cost": 21.204068571817963, "n_waypoints_completed": 9, "tot_waypoints": 9}}
{"target": -182.38066314230858, "params": {"k_pid_pos": [0.514023037590416, 0.006608556705520967, 0.0005210067193698145], "k_pid_alt": [1.1611820491450435, 0.003952080002737839, 0.0035169014790682796], "k_pid_att": [37.22883941848716, 0.34766043574947547, 0.9134366689795277], "k_pid_yaw": [0.5, 1e-06, 0.1], "k_pid_hsp": [0.1113317391554585, 0.010191051274444841, 0.0], "k_pid_vsp": [137.6858674557007, 136.74970632503724, 5.24095580712847]}, "datetime": {"datetime": "2025-08-12 02:55:55", "elapsed": 37834.95514583588, "delta": 17.947564125061035}, "costs": {"total_cost": 182.38066314230858, "time_cost": 72.513, "final_distance_cost": 1.8355429639233571, "oscillation_cost": 21.380734890805286, "completition_cost": 0.0, "overshoot_cost": 50.51311301302504, "power_cost": 14.305242968750001, "noise_cost": 21.833029305804864, "n_waypoints_completed": 9, "tot_waypoints": 9}}
{"target": -182.2006837308355, "params": {"k_pid_pos": [0.5133513964979244, 0.0050998299417026926, 0.0006791479416984959], "k_pid_alt": [1.2132880017641006, 0.004487555174872955, 0.00884194618184976], "k_pid_att": [40.34266859810874, 0.2197412293025286, 1.0], "k_pid_yaw": [0.5, 1e-06, 0.1], "k_pid_hsp": [0.08058917492994946, 0.008739469204794613, 0.0], "k_pid_vsp": [89.11442449532304, 83.08899959295077, 5.558550342996796]}, "datetime": {"datetime": "2025-08-12 02:56:16", "elapsed": 37855.98749041557, "delta": 21.032344579696655}, "costs": {"total_cost": 182.2006837308355, "time_cost": 73.09400000000001, "final_distance_cost": 1.8320421541683547, "oscillation_cost": 19.402655361987293, "completition_cost": 0.0, "overshoot_cost": 51.917304250090794, "power_cost": 14.190688635253906, "noise_cost": 21.763993329335154, "n_waypoints_completed": 9, "tot_waypoints": 9}}
{"target": -182.04646285959333, "params": {"k_pid_pos": [0.6916999633035816, 0.004763639274879039, 0.0006128794032188167], "k_pid_alt": [1.7602212689042165, 0.003605334677779508, 0.0056027932717750565], "k_pid_att": [30.547021765740382, 0.3799667725117106, 0.9204463703565967], "k_pid_yaw": [0.5, 1e-06, 0.1], "k_pid_hsp": [0.09823545886419381, 0.010112030295081906, 0.0], "k_pid_vsp": [124.91638235794937, 93.75570557531067, 6.594849272634605]}, "datetime": {"datetime": "2025-08-12 02:56:37", "elapsed": 37877.065140247345, "delta": 21.07764983177185}, "costs": {"total_cost": 182.04646285959333, "time_cost": 70.742, "final_distance_cost": 1.8013161292765834, "oscillation_cost": 23.497567109547326, "completition_cost": 0.0, "overshoot_cost": 50.80341692796062, "power_cost": 14.211343090820312, "noise_cost": 20.99081960198847, "n_waypoints_completed": 9, "tot_waypoints": 9}}
{"target": -182.3570915640853, "params": {"k_pid_pos": [0.5263445780804499, 0.004403973246788749, 0.0006592328808432286], "k_pid_alt": [1.428788979669245, 0.004720573131138136, 0.005735073725408486], "k_pid_att": [31.071688316110652, 0.38434518437269594, 0.6303718701623762], "k_pid_yaw": [0.5, 1e-06, 0.1], "k_pid_hsp": [0.1093803575447767, 0.007327414291689067, 0.0], "k_pid_vsp": [105.04895491248301, 84.99207090557941, 6.363037487190465]}, "datetime": {"datetime": "2025-08-12 02:56:57", "elapsed": 37896.72650027275, "delta": 19.661360025405884}, "costs": {"total_cost": 182.3570915640853, "time_cost": 72.107, "final_distance_cost": 1.8346965395731154, "oscillation_cost": 21.320445958989097, "completition_cost": 0.0, "overshoot_cost": 51.11445353789255, "power_cost": 14.138285083007814, "noise_cost": 21.8422104446227, "n_waypoints_completed": 9, "tot_waypoints": 9}}
{"target": -184.2197639517432, "params": {"k_pid_pos": [0.5479691876048872, 0.00778593776203856, 0.0005005854905699179], "k_pid_alt": [1.437738871946225, 0.0036112660744974418, 0.006326388868489685], "k_pid_att": [33.91986459805377, 0.4863471876114489, 0.9962370609039226], "k_pid_yaw": [0.5, 1e-06, 0.1], "k_pid_hsp": [0.07614771495916738, 0.009641902092280788, 0.0], "k_pid_vsp": [102.74587812780835, 101.41797563102504, 6.7364468556378805]}, "datetime": {"datetime": "2025-08-12 02:57:15", "elapsed": 37915.33618760109, "delta": 18.609687328338623}, "costs": {"total_cost": 184.2197639517432, "time_cost": 73.787, "final_distance_cost": 1.8248591563111245, "oscillation_cost": 20.195583943631526, "completition_cost": 0.0, "overshoot_cost": 52.138152871277065, "power_cost": 14.398459509277345, "noise_cost": 21.875708471246153, "n_waypoints_completed": 9, "tot_waypoints": 9}}
{"target": -183.41943350982416, "params": {"k_pid_pos": [0.722595580028801, 0.004137485192949412, 0.000531799044134679], "k_pid_alt": [1.2527391567150323, 0.0038341402011791907, 0.003359427699360975], "k_pid_att": [24.730742579202957, 0.2986609522560756, 0.9640125092689981], "k_pid_yaw": [0.5, 1e-06, 0.1], "k_pid_hsp": [0.08681998490870536, 0.0083398656782925, 0.0], "k_pid_vsp": [161.17882039106584, 137.680198789795, 5.778564699871658]}, "datetime": {"datetime": "2025-08-12 02:57:34", "elapsed": 37934.23313474655, "delta": 18.896947145462036}, "costs": {"total_cost": 183.41943350982416, "time_cost": 71.911, "final_distance_cost": 1.8061711007964767, "oscillation_cost": 23.472022652145597, "completition_cost": 0.0, "overshoot_cost": 50.879133903677776, "power_cost": 14.289465441894531, "noise_cost": 21.061640411309792, "n_waypoints_completed": 9, "tot_waypoints": 9}}
{"target": -184.29461200799926, "params": {"k_pid_pos": [0.5933166170616285, 0.007101437526660661, 0.0006956326775170509], "k_pid_alt": [1.348527077064734, 0.0036590420799372902, 0.005572461763007253], "k_pid_att": [25.724524315169116, 0.3848420290031031, 0.9431991013202691], "k_pid_yaw": [0.5, 1e-06, 0.1], "k_pid_hsp": [0.0746520696963287, 0.00797560998711981, 0.0], "k_pid_vsp": [110.50888819939054, 106.18192939999768, 7.097426005452745]}, "datetime": {"datetime": "2025-08-12 02:57:53", "elapsed": 37952.80126166344, "delta": 18.568126916885376}, "costs": {"total_cost": 184.29461200799926, "time_cost": 73.78, "final_distance_cost": 1.7914515083048799, "oscillation_cost": 20.611754662250032, "completition_cost": 0.0, "overshoot_cost": 51.8012844309042, "power_cost": 14.444785571289064, "noise_cost": 21.865335835251113, "n_waypoints_completed": 9, "tot_waypoints": 9}}
{"target": -183.96840091610073, "params": {"k_pid_pos": [0.5397350596279683, 0.005937568306071642, 0.0005310729522475239], "k_pid_alt": [1.2021159573259264, 0.003492742292355832, 0.00969955307530771], "k_pid_att": [35.77318097705919, 0.4599474868893343, 0.7558922175791395], "k_pid_yaw": [0.5, 1e-06, 0.1], "k_pid_hsp": [0.12770435743404748, 0.008023899332527255, 0.0], "k_pid_vsp": [165.92833105590333, 117.25722189450676, 5.823472245467012]}, "datetime": {"datetime": "2025-08-12 02:58:12", "elapsed": 37972.15095472336, "delta": 19.349693059921265}, "costs": {"total_cost": 183.96840091610073, "time_cost": 72.296, "final_distance_cost": 1.8328154798481096, "oscillation_cost": 22.91860931641852, "completition_cost": 0.0, "overshoot_cost": 50.79079080920174, "power_cost": 14.259743847656251, "noise_cost": 21.870441462976114, "n_waypoints_completed": 9, "tot_waypoints": 9}}
{"target": -182.95765364498575, "params": {"k_pid_pos": [0.4738619751478759, 0.006001671903148459, 0.0006560151110667067], "k_pid_alt": [1.009091590351705, 0.0034912922566200997, 0.007994677474618815], "k_pid_att": [28.597276790279427, 0.33577758282441605, 0.9727605610254804], "k_pid_yaw": [0.5, 1e-06, 0.1], "k_pid_hsp": [0.09775968785670214, 0.0077206727811934715, 0.0], "k_pid_vsp": [122.57219239316437, 137.77189042705982, 6.361062500671821]}, "datetime": {"datetime": "2025-08-12 02:58:32", "elapsed": 37991.52460026741, "delta": 19.373645544052124}, "costs": {"total_cost": 182.95765364498575, "time_cost": 73.752, "final_distance_cost": 1.8384051156927805, "oscillation_cost": 19.626686904562057, "completition_cost": 0.0, "overshoot_cost": 51.30515128721667, "power_cost": 14.32998641357422, "noise_cost": 22.105423923940037, "n_waypoints_completed": 9, "tot_waypoints": 9}}
{"target": -183.59783273903696, "params": {"k_pid_pos": [0.5994868347366885, 0.006027159919910163, 0.0006053109151103814], "k_pid_alt": [1.9583447675611614, 0.0034337639458302386, 0.004237287548261753], "k_pid_att": [25.34766919100437, 0.37841674270760706, 0.8951114047298727], "k_pid_yaw": [0.5, 1e-06, 0.1], "k_pid_hsp": [0.07906696377256706, 0.010197528474171389, 0.0], "k_pid_vsp": [96.16693699692844, 117.45358621995047, 6.099774675219927]}, "datetime": {"datetime": "2025-08-12 02:58:50", "elapsed": 38009.775188446045, "delta": 18.250588178634644}, "costs": {"total_cost": 183.59783273903696, "time_cost": 72.898, "final_distance_cost": 1.8270722590443562, "oscillation_cost": 21.48797493245419, "completition_cost": 0.0, "overshoot_cost": 51.50862818000812, "power_cost": 14.325437951660158, "noise_cost": 21.55071941587015, "n_waypoints_completed": 9, "tot_waypoints": 9}}
{"target": -186.84587099539303, "params": {"k_pid_pos": [0.39976620146798986, 0.0064135877065459755, 0.0006737035644634572], "k_pid_alt": [1.3113523572633479, 0.0038861195941876214, 0.0067129873099750605], "k_pid_att": [36.392384791697864, 0.35961941014156923, 0.9810585300517842], "k_pid_yaw": [0.5, 1e-06, 0.1], "k_pid_hsp": [0.10163392289778805, 0.010165537082082975, 0.0], "k_pid_vsp": [122.21546029515792, 106.25829095226538, 6.44765379721822]}, "datetime": {"datetime": "2025-08-12 02:59:10", "elapsed": 38029.75709986687, "delta": 19.981911420822144}, "costs": {"total_cost": 186.84587099539303, "time_cost": 76.23, "final_distance_cost": 1.8545804117616096, "oscillation_cost": 18.68526408955615, "completition_cost": 0.0, "overshoot_cost": 51.65945501839076, "power_cost": 14.769650341796876, "noise_cost": 23.64692113388764, "n_waypoints_completed": 9, "tot_waypoints": 9}}
{"target": -181.2496201390969, "params": {"k_pid_pos": [0.6181520756074507, 0.007119044356928619, 0.0006484457755284678], "k_pid_alt": [1.4932925826091719, 0.004998201088849896, 0.00634753260083907], "k_pid_att": [37.622048407123046, 0.388591870850439, 0.841863557245814], "k_pid_yaw": [0.5, 1e-06, 0.1], "k_pid_hsp": [0.09895609665330718, 0.008928045612340752, 0.0], "k_pid_vsp": [113.05452867739994, 166.28062770764998, 6.054741145511932]}, "datetime": {"datetime": "2025-08-12 02:59:27", "elapsed": 38047.2990694046, "delta": 17.541969537734985}, "costs": {"total_cost": 181.2496201390969, "time_cost": 70.98, "final_distance_cost": 1.8226289632886346, "oscillation_cost": 22.474586623985104, "completition_cost": 0.0, "overshoot_cost": 50.83537392661157, "power_cost": 14.0802603515625, "noise_cost": 21.05677027364905, "n_waypoints_completed": 9, "tot_waypoints": 9}}
{"target": -181.6308463205553, "params": {"k_pid_pos": [0.5727188105764335, 0.006272650711776359, 0.000500048826925128], "k_pid_alt": [1.8903242781707792, 0.004767752691364348, 0.007745131337606047], "k_pid_att": [32.809353025608594, 0.4431523376305888, 0.7509155786111532], "k_pid_yaw": [0.5, 1e-06, 0.1], "k_pid_hsp": [0.09805762290269084, 0.00910454710074989, 0.0], "k_pid_vsp": [118.81359435738723, 132.14280958979523, 5.481869665393188]}, "datetime": {"datetime": "2025-08-12 02:59:46", "elapsed": 38065.77781653404, "delta": 18.478747129440308}, "costs": {"total_cost": 181.6308463205553, "time_cost": 71.512, "final_distance_cost": 1.828765363937624, "oscillation_cost": 21.576866528831303, "completition_cost": 0.0, "overshoot_cost": 51.12634913264515, "power_cost": 14.229649279785157, "noise_cost": 21.357216015356073, "n_waypoints_completed": 9, "tot_waypoints": 9}}
{"target": -182.4783125431949, "params": {"k_pid_pos": [0.4934161566362558, 0.005485935831062384, 0.0005870173511583924], "k_pid_alt": [1.4881078575531763, 0.004986470925139069, 0.006997502210189697], "k_pid_att": [34.03436208391886, 0.3177574732132646, 0.6970906438044818], "k_pid_yaw": [0.5, 1e-06, 0.1], "k_pid_hsp": [0.08419928727360972, 0.006980720527838367, 0.0], "k_pid_vsp": [118.06974389656413, 94.81836355112902, 5.167462613938873]}, "datetime": {"datetime": "2025-08-12 03:00:04", "elapsed": 38084.17465996742, "delta": 18.396843433380127}, "costs": {"total_cost": 182.4783125431949, "time_cost": 73.031, "final_distance_cost": 1.8251892579673314, "oscillation_cost": 18.971565852228963, "completition_cost": 0.0, "overshoot_cost": 52.317967262844206, "power_cost": 14.294025842285157, "noise_cost": 22.038564327869246, "n_waypoints_completed": 9, "tot_waypoints": 9}}
