{"target": -214.27480173520883, "params": {"k_pid_pos": [0.873026328295151, 0.06393248268043515, 0.046941601711341395], "k_pid_alt": [0.3189764665750247, 0.003131897730461807, 0.05533488488121067], "k_pid_att": [24.944884536688708, 0.9143968570092732, 0.8024301991914594], "k_pid_yaw": [0.5, 1e-06, 0.1], "k_pid_hsp": [0.1781222419741636, 0.023022079181633792, 0.0], "k_pid_vsp": [120.65469948795021, 77.7407445983549, 1.4041102370462728]}, "datetime": {"datetime": "2025-08-11 19:38:36", "elapsed": 11595.813188314438, "delta": 22.007649660110474}, "costs": {"total_cost": 214.27480173520883, "time_cost": 88.053, "final_distance_cost": 1.8605133013776496, "oscillation_cost": 30.12686117177736, "completition_cost": 0.0, "overshoot_cost": 51.4024079552728, "power_cost": 17.500740747070314, "noise_cost": 25.331278559710697, "n_waypoints_completed": 9, "tot_waypoints": 9}}
{"target": -185.1857484479686, "params": {"k_pid_pos": [0.6782843425748988, 0.020506290266571484, 0.049892609575294074], "k_pid_alt": [0.7340544589922505, 0.007233222402959312, 0.09465516154004282], "k_pid_att": [21.005953569731634, 1.5058932738566853, 0.8202370735480417], "k_pid_yaw": [0.5, 1e-06, 0.1], "k_pid_hsp": [0.11344317040357983, 0.017435348662255278, 0.0], "k_pid_vsp": [45.50121134802933, 45.48844363465122, 3.144575179258641]}, "datetime": {"datetime": "2025-08-11 19:38:54", "elapsed": 11613.63103055954, "delta": 17.81784224510193}, "costs": {"total_cost": 185.1857484479686, "time_cost": 72.345, "final_distance_cost": 1.8255162967730993, "oscillation_cost": 24.807305651079147, "completition_cost": 0.0, "overshoot_cost": 50.593377476853846, "power_cost": 14.38670712890625, "noise_cost": 21.22784189435627, "n_waypoints_completed": 9, "tot_waypoints": 9}}
{"target": -187.0497191375092, "params": {"k_pid_pos": [0.646089480490284, 0.05856552079000976, 0.05574002104521956], "k_pid_alt": [1.799612011969357, 0.006732770854834686, 0.06622509092747686], "k_pid_att": [12.90797346374382, 0.06000610275881472, 0.3609506101855984], "k_pid_yaw": [0.5, 1e-06, 0.1], "k_pid_hsp": [0.24766153688598044, 0.017882887147572787, 0.0], "k_pid_vsp": [64.78270395934659, 81.54048395800226, 5.746245970400811]}, "datetime": {"datetime": "2025-08-11 19:39:12", "elapsed": 11631.788019180298, "delta": 18.156988620758057}, "costs": {"total_cost": 187.0497191375092, "time_cost": 71.757, "final_distance_cost": 1.834165021771962, "oscillation_cost": 26.119383757201767, "completition_cost": 0.0, "overshoot_cost": 50.94568103475861, "power_cost": 14.472673583984376, "noise_cost": 21.920815739792467, "n_waypoints_completed": 9, "tot_waypoints": 9}}
{"target": -191.3377130980872, "params": {"k_pid_pos": [0.5240582664221417, 0.06342755364698048, 0.06335979379612793], "k_pid_alt": [1.5949630759917686, 0.007305095923625988, 0.04467064352650357], "k_pid_att": [11.88738038907938, 0.21359675993539398, 0.537009577379712], "k_pid_yaw": [0.5, 1e-06, 0.1], "k_pid_hsp": [0.23061590493529946, 0.01302471098580958, 0.0], "k_pid_vsp": [68.40730602415607, 92.94784123347735, 2.2454707254182513]}, "datetime": {"datetime": "2025-08-11 19:39:31", "elapsed": 11650.569308042526, "delta": 18.781288862228394}, "costs": {"total_cost": 191.3377130980872, "time_cost": 74.998, "final_distance_cost": 1.8417898798727483, "oscillation_cost": 25.111243595507812, "completition_cost": 0.0, "overshoot_cost": 51.35172894548688, "power_cost": 14.913259387207033, "noise_cost": 23.121691290012702, "n_waypoints_completed": 9, "tot_waypoints": 9}}
{"target": -202.6345036531492, "params": {"k_pid_pos": [0.874100812346391, 0.05615691489392466, 0.058519509360295756], "k_pid_alt": [1.300187260679329, 0.0010213425846802484, 0.0011385557630404295], "k_pid_att": [20.8420833830783, 0.8730262839954083, 0.7292849257759957], "k_pid_yaw": [0.5, 1e-06, 0.1], "k_pid_hsp": [0.04349269282250539, 0.011430209324203494, 0.0], "k_pid_vsp": [119.21511871376238, 53.60081619898034, 7.739049612553003]}, "datetime": {"datetime": "2025-08-11 19:39:51", "elapsed": 11671.298627138138, "delta": 20.729319095611572}, "costs": {"total_cost": 202.6345036531492, "time_cost": 82.677, "final_distance_cost": 1.7678379665533412, "oscillation_cost": 23.031103732212244, "completition_cost": 0.0, "overshoot_cost": 54.82762679565281, "power_cost": 16.067179064941406, "noise_cost": 24.26375609378939, "n_waypoints_completed": 9, "tot_waypoints": 9}}
{"target": -188.00773641130849, "params": {"k_pid_pos": [0.5618072013469374, 0.06324716844367802, 0.06323179069961087], "k_pid_alt": [2.0, 0.0028978726235925345, 0.03576489400127732], "k_pid_att": [10.819140560235937, 1.1879652480535776, 0.8596471386355136], "k_pid_yaw": [0.5, 1e-06, 0.1], "k_pid_hsp": [0.17210525580009137, 0.0005687502313755245, 0.0], "k_pid_vsp": [84.67149104079759, 67.89913701899714, 3.1990733714460653]}, "datetime": {"datetime": "2025-08-11 19:40:10", "elapsed": 11689.750039815903, "delta": 18.451412677764893}, "costs": {"total_cost": 188.00773641130849, "time_cost": 73.423, "final_distance_cost": 1.845407737390276, "oscillation_cost": 23.537718221753995, "completition_cost": 0.0, "overshoot_cost": 52.09815849667763, "power_cost": 14.593707446289063, "noise_cost": 22.509744509197542, "n_waypoints_completed": 9, "tot_waypoints": 9}}
{"target": -187.79025098997514, "params": {"k_pid_pos": [0.4380895860237087, 0.04735873678238702, 0.060405051440170554], "k_pid_alt": [1.6182908883798197, 0.004328829637889857, 0.03641154004726646], "k_pid_att": [23.15522931803905, 0.6611058815090348, 0.15018681652591426], "k_pid_yaw": [0.5, 1e-06, 0.1], "k_pid_hsp": [0.10712479217195432, 0.003767756468270099, 0.0], "k_pid_vsp": [137.05862298601915, 37.23009207889892, 1.1405298591047854]}, "datetime": {"datetime": "2025-08-11 19:40:29", "elapsed": 11709.002055168152, "delta": 19.252015352249146}, "costs": {"total_cost": 187.79025098997514, "time_cost": 75.936, "final_distance_cost": 1.8410384684938144, "oscillation_cost": 18.89535053547088, "completition_cost": 0.0, "overshoot_cost": 52.940188683261205, "power_cost": 14.70598280029297, "noise_cost": 23.47169050245626, "n_waypoints_completed": 9, "tot_waypoints": 9}}
{"target": -191.5147584089013, "params": {"k_pid_pos": [1.0918447890379586, 0.10687821750151107, 0.030954295239577934], "k_pid_alt": [2.0, 0.012758656449080294, 0.006326856904604684], "k_pid_att": [21.78048359692166, 0.5650778619345883, 0.8780454843389216], "k_pid_yaw": [0.5, 1e-06, 0.1], "k_pid_hsp": [0.11501610212242717, 0.00706430024217683, 0.0], "k_pid_vsp": [169.79870755279356, 80.16480936462597, 6.5119859449897035]}, "datetime": {"datetime": "2025-08-11 19:40:47", "elapsed": 11726.855136871338, "delta": 17.853081703186035}, "costs": {"total_cost": 191.5147584089013, "time_cost": 72.303, "final_distance_cost": 1.802303650705524, "oscillation_cost": 29.36988806456926, "completition_cost": 0.0, "overshoot_cost": 51.65695097434487, "power_cost": 14.98787197265625, "noise_cost": 21.394743746625377, "n_waypoints_completed": 9, "tot_waypoints": 9}}
{"target": -1258.0388122087745, "params": {"k_pid_pos": [1.181534349810148, 0.0762333424408964, 0.09070402134120709], "k_pid_alt": [1.4400066614723803, 0.005837700443980578, 0.040833463493618855], "k_pid_att": [13.983066344117203, 1.2964872706110684, 0.19166847407296048], "k_pid_yaw": [0.5, 1e-06, 0.1], "k_pid_hsp": [0.0001, 0.015575871961005933, 0.0], "k_pid_vsp": [80.02920358561754, 85.70424151675711, 4.496629827745242]}, "datetime": {"datetime": "2025-08-11 19:41:18", "elapsed": 11757.64046573639, "delta": 30.78532886505127}, "costs": {"total_cost": 1258.0388122087745, "time_cost": 150, "final_distance_cost": 69.3913822818632, "oscillation_cost": 5.411335425599383, "completition_cost": 888.8888888888888, "overshoot_cost": 89.96967847336612, "power_cost": 21.23479763183594, "noise_cost": 33.142729507221084, "n_waypoints_completed": 1, "tot_waypoints": 9}}
{"target": -207.43508799347725, "params": {"k_pid_pos": [0.356640068017771, 0.027852938613532857, 0.0507695568301245], "k_pid_alt": [1.9164051625429923, 0.01336376815750657, 0.059895878878696185], "k_pid_att": [14.696260574675614, 0.5939336550440174, 0.9454220279668134], "k_pid_yaw": [0.5, 1e-06, 0.1], "k_pid_hsp": [0.33111987654726466, 0.01227184943321973, 0.0], "k_pid_vsp": [99.0446571639219, 54.458984654594296, 4.749973218257918]}, "datetime": {"datetime": "2025-08-11 19:41:39", "elapsed": 11778.726290464401, "delta": 21.085824728012085}, "costs": {"total_cost": 207.43508799347725, "time_cost": 86.233, "final_distance_cost": 1.8578040039402928, "oscillation_cost": 21.978360184891027, "completition_cost": 0.0, "overshoot_cost": 52.94048937153871, "power_cost": 16.606942260742187, "noise_cost": 27.818492172365033, "n_waypoints_completed": 9, "tot_waypoints": 9}}
{"target": -188.00160071209834, "params": {"k_pid_pos": [0.5754371350793793, 0.05419776927842652, 0.04192827008395338], "k_pid_alt": [1.576043925196451, 0.007706850092535601, 0.029313772209877808], "k_pid_att": [10.554745893424023, 1.9876069109162204, 0.49243016431503756], "k_pid_yaw": [0.5, 1e-06, 0.1], "k_pid_hsp": [0.19732513466417226, 0.010859809753042364, 0.0], "k_pid_vsp": [66.17748252515891, 45.5051658654593, 1e-06]}, "datetime": {"datetime": "2025-08-11 19:41:57", "elapsed": 11796.800050973892, "delta": 18.073760509490967}, "costs": {"total_cost": 188.00160071209834, "time_cost": 72.793, "final_distance_cost": 1.8336350521705185, "oscillation_cost": 25.132571232662247, "completition_cost": 0.0, "overshoot_cost": 51.516015788153325, "power_cost": 14.585658984375002, "noise_cost": 22.140719654737232, "n_waypoints_completed": 9, "tot_waypoints": 9}}
{"target": -221.2200491817069, "params": {"k_pid_pos": [1.1073044320122942, 0.03360611828968164, 0.06778757683485687], "k_pid_alt": [0.23397997877662124, 0.009435705436859718, 0.06253538707222274], "k_pid_att": [26.398578283933176, 0.18865339484542146, 1.0], "k_pid_yaw": [0.5, 1e-06, 0.1], "k_pid_hsp": [0.25459381254552005, 0.01068677882912137, 0.0], "k_pid_vsp": [91.7636499879663, 55.59498630819282, 4.1273949382357715]}, "datetime": {"datetime": "2025-08-11 19:42:19", "elapsed": 11818.962087631226, "delta": 22.162036657333374}, "costs": {"total_cost": 221.2200491817069, "time_cost": 91.238, "final_distance_cost": 1.8565810272685597, "oscillation_cost": 31.55037750963861, "completition_cost": 0.0, "overshoot_cost": 52.2428038073597, "power_cost": 18.226973217773438, "noise_cost": 26.105313619666628, "n_waypoints_completed": 9, "tot_waypoints": 9}}
{"target": -191.29820711232622, "params": {"k_pid_pos": [0.55097137609054, 0.07533291700824439, 0.10042014399667765], "k_pid_alt": [1.7734798334325639, 0.010039918282479616, 0.0384724645628568], "k_pid_att": [24.06878316220039, 0.25276624699845174, 0.5335187595708762], "k_pid_yaw": [0.5, 1e-06, 0.1], "k_pid_hsp": [0.11058096782360476, 0.012586595505332934, 0.0], "k_pid_vsp": [54.75950884707785, 51.56960453176587, 4.958957462820913]}, "datetime": {"datetime": "2025-08-11 19:42:38", "elapsed": 11838.049196243286, "delta": 19.087108612060547}, "costs": {"total_cost": 191.29820711232622, "time_cost": 76.3, "final_distance_cost": 1.8260038385874, "oscillation_cost": 22.608530735903493, "completition_cost": 0.0, "overshoot_cost": 52.30033905045335, "power_cost": 15.006654650878907, "noise_cost": 23.256678836503077, "n_waypoints_completed": 9, "tot_waypoints": 9}}
{"target": -193.22765493363087, "params": {"k_pid_pos": [0.5902864173874653, 0.018659427282627174, 0.06538502377315497], "k_pid_alt": [0.6345019506677704, 0.009756422054288548, 0.03377528183577505], "k_pid_att": [7.017746544190563, 0.34921145385949665, 0.6614265692168345], "k_pid_yaw": [0.5, 1e-06, 0.1], "k_pid_hsp": [0.19016390401225583, 0.016558205114211934, 0.0], "k_pid_vsp": [129.96763572641532, 31.078551038072494, 4.039626334828909]}, "datetime": {"datetime": "2025-08-11 19:42:57", "elapsed": 11857.31706404686, "delta": 19.26786780357361}, "costs": {"total_cost": 193.22765493363087, "time_cost": 76.503, "final_distance_cost": 1.8532300102456396, "oscillation_cost": 25.051996925111414, "completition_cost": 0.0, "overshoot_cost": 51.611692330558824, "power_cost": 15.07669403076172, "noise_cost": 23.131041636953288, "n_waypoints_completed": 9, "tot_waypoints": 9}}
{"target": -188.02947729645086, "params": {"k_pid_pos": [0.5895093840508789, 0.0558396667042139, 0.08072308764037074], "k_pid_alt": [2.0, 0.007959382831351352, 0.0], "k_pid_att": [19.213813602839803, 1.410753107835676, 0.6487747301999035], "k_pid_yaw": [0.5, 1e-06, 0.1], "k_pid_hsp": [0.06895856652599246, 0.012521962195909031, 0.0], "k_pid_vsp": [62.04112215908074, 45.17641594434863, 5.204400810403304]}, "datetime": {"datetime": "2025-08-11 19:43:16", "elapsed": 11876.254558801651, "delta": 18.93749475479126}, "costs": {"total_cost": 188.02947729645086, "time_cost": 75.124, "final_distance_cost": 1.8074651251493743, "oscillation_cost": 21.45806361043211, "completition_cost": 0.0, "overshoot_cost": 52.34886319992182, "power_cost": 14.732491271972657, "noise_cost": 22.558594088974896, "n_waypoints_completed": 9, "tot_waypoints": 9}}
{"target": -194.08395439108517, "params": {"k_pid_pos": [0.4186010752901024, 0.04181486395883271, 0.05437326635479681], "k_pid_alt": [2.0, 0.02122366609078999, 0.021806068515706767], "k_pid_att": [24.872860994794518, 1.6216345250097592, 0.6652442747917074], "k_pid_yaw": [0.5, 1e-06, 0.1], "k_pid_hsp": [0.0593904718593073, 0.01874446032172711, 0.0], "k_pid_vsp": [134.67221718994577, 22.306606771740277, 3.7936323109606014]}, "datetime": {"datetime": "2025-08-11 19:43:36", "elapsed": 11896.296425580978, "delta": 20.041866779327393}, "costs": {"total_cost": 194.08395439108517, "time_cost": 80.045, "final_distance_cost": 1.8411097179136537, "oscillation_cost": 18.841263488577404, "completition_cost": 0.0, "overshoot_cost": 53.371715744543934, "power_cost": 15.366055249023438, "noise_cost": 24.618810191026753, "n_waypoints_completed": 9, "tot_waypoints": 9}}
{"target": -186.30672176429795, "params": {"k_pid_pos": [0.802366880918628, 0.06376797524398879, 0.07298076329017678], "k_pid_alt": [1.444937755316604, 0.005269696080759212, 0.020936489237432753], "k_pid_att": [24.171580787264713, 0.43060136433469004, 0.060972971676045463], "k_pid_yaw": [0.5, 1e-06, 0.1], "k_pid_hsp": [0.24546203820398949, 0.010667427983675695, 0.0], "k_pid_vsp": [76.95251573239369, 47.51701152719369, 2.9722938692831913]}, "datetime": {"datetime": "2025-08-11 19:43:54", "elapsed": 11914.132274389267, "delta": 17.835848808288574}, "costs": {"total_cost": 186.30672176429795, "time_cost": 70.259, "final_distance_cost": 1.8220413035995269, "oscillation_cost": 27.693275296125247, "completition_cost": 0.0, "overshoot_cost": 50.83427478438036, "power_cost": 14.385537597656251, "noise_cost": 21.31259278253655, "n_waypoints_completed": 9, "tot_waypoints": 9}}
{"target": -185.50248029016632, "params": {"k_pid_pos": [0.8709486447704539, 0.05928493688125968, 0.03973972476557839], "k_pid_alt": [1.7939933193964592, 0.005536663399399187, 0.035556165967701704], "k_pid_att": [21.741216870727744, 1.1271534442553495, 0.7400811156660937], "k_pid_yaw": [0.5, 1e-06, 0.1], "k_pid_hsp": [0.27715713684415966, 0.0155243211698178, 0.0], "k_pid_vsp": [92.4943031727006, 46.38440229907305, 5.225015962907223]}, "datetime": {"datetime": "2025-08-11 19:44:12", "elapsed": 11932.13124871254, "delta": 17.998974323272705}, "costs": {"total_cost": 185.50248029016632, "time_cost": 69.839, "final_distance_cost": 1.836148678266791, "oscillation_cost": 27.691733068271084, "completition_cost": 0.0, "overshoot_cost": 50.55536868555876, "power_cost": 14.429668969726563, "noise_cost": 21.150560888343144, "n_waypoints_completed": 9, "tot_waypoints": 9}}
{"target": -192.89394353834084, "params": {"k_pid_pos": [0.9372810888445949, 0.027934954972516024, 0.08586298245370116], "k_pid_alt": [0.5818722505925861, 0.005622343983643651, 0.0], "k_pid_att": [7.241206642985406, 1.0366107496644854, 0.5831529126783432], "k_pid_yaw": [0.5, 1e-06, 0.1], "k_pid_hsp": [0.07990943463653202, 0.011337920475985709, 0.0], "k_pid_vsp": [134.43653194492987, 33.80440634178251, 1.5444387377046045]}, "datetime": {"datetime": "2025-08-11 19:44:31", "elapsed": 11951.016932964325, "delta": 18.88568425178528}, "costs": {"total_cost": 192.89394353834084, "time_cost": 75.831, "final_distance_cost": 1.8007507200350892, "oscillation_cost": 26.87930690201851, "completition_cost": 0.0, "overshoot_cost": 51.486844556287515, "power_cost": 15.002312670898439, "noise_cost": 21.893728689101273, "n_waypoints_completed": 9, "tot_waypoints": 9}}
{"target": -187.9116853814339, "params": {"k_pid_pos": [0.6529493679187551, 0.07329179129946016, 0.06068134864989078], "k_pid_alt": [1.8804483350031393, 0.008093713702535898, 0.03089391261076241], "k_pid_att": [19.024199251631774, 0.644699251489533, 0.4646600807547301], "k_pid_yaw": [0.5, 1e-06, 0.1], "k_pid_hsp": [0.08195657806453886, 0.012209908200056857, 0.0], "k_pid_vsp": [106.9657736828151, 52.263108613947914, 4.260463071058134]}, "datetime": {"datetime": "2025-08-11 19:44:49", "elapsed": 11969.298671007156, "delta": 18.28173804283142}, "costs": {"total_cost": 187.9116853814339, "time_cost": 74.039, "final_distance_cost": 1.8206725205659455, "oscillation_cost": 23.383438008126145, "completition_cost": 0.0, "overshoot_cost": 51.75826637253818, "power_cost": 14.773752868652345, "noise_cost": 22.136555611551284, "n_waypoints_completed": 9, "tot_waypoints": 9}}
{"target": -183.55090388658166, "params": {"k_pid_pos": [0.6233592583771385, 0.03348988987548817, 0.07056535107375492], "k_pid_alt": [0.9912652003182595, 0.0062973069992499865, 0.053471704559617673], "k_pid_att": [17.204745895468044, 0.6979922266309924, 0.579343989511869], "k_pid_yaw": [0.5, 1e-06, 0.1], "k_pid_hsp": [0.09692657257249652, 0.009142029457599062, 0.0], "k_pid_vsp": [157.41958482309522, 65.87824329322518, 1.2955892695268127]}, "datetime": {"datetime": "2025-08-11 19:45:08", "elapsed": 11987.44160079956, "delta": 18.142929792404175}, "costs": {"total_cost": 183.55090388658166, "time_cost": 72.296, "final_distance_cost": 1.8286781029725512, "oscillation_cost": 22.43050912449195, "completition_cost": 0.0, "overshoot_cost": 51.274256292349875, "power_cost": 14.2222857421875, "noise_cost": 21.49917462457978, "n_waypoints_completed": 9, "tot_waypoints": 9}}
{"target": -184.41151369421127, "params": {"k_pid_pos": [0.8716933304513065, 0.06585134672620975, 0.0], "k_pid_alt": [1.091404526879811, 0.011194574489535564, 0.04197531090018208], "k_pid_att": [27.09106230399104, 0.03323427700543732, 0.5499031128228214], "k_pid_yaw": [0.5, 1e-06, 0.1], "k_pid_hsp": [0.14144448650140065, 0.0059280665025208444, 0.0], "k_pid_vsp": [52.80761273124174, 64.10058361443309, 1.7830405130932867]}, "datetime": {"datetime": "2025-08-11 19:45:24", "elapsed": 12004.345932006836, "delta": 16.90433120727539}, "costs": {"total_cost": 184.41151369421127, "time_cost": 69.916, "final_distance_cost": 1.79373520500844, "oscillation_cost": 27.102398606692525, "completition_cost": 0.0, "overshoot_cost": 50.60470911973775, "power_cost": 14.244812829589845, "noise_cost": 20.74985793318271, "n_waypoints_completed": 9, "tot_waypoints": 9}}
{"target": -228.52234230323012, "params": {"k_pid_pos": [0.21661889034456985, 0.07431858443116666, 0.004885588144353479], "k_pid_alt": [1.3580645110332583, 0.007025246089871206, 0.05349393004175806], "k_pid_att": [18.409421766653583, 1.1354335214387534, 0.5440151894232083], "k_pid_yaw": [0.5, 1e-06, 0.1], "k_pid_hsp": [0.11147576989129436, 0.0084798766887351, 0.0], "k_pid_vsp": [78.0275946721521, 53.167915871815495, 6.400033723789062]}, "datetime": {"datetime": "2025-08-11 19:45:50", "elapsed": 12029.810994625092, "delta": 25.465062618255615}, "costs": {"total_cost": 228.52234230323012, "time_cost": 103.684, "final_distance_cost": 1.8491124577537696, "oscillation_cost": 14.545686859848127, "completition_cost": 0.0, "overshoot_cost": 55.725297818998, "power_cost": 19.20718425292969, "noise_cost": 33.511060913700504, "n_waypoints_completed": 9, "tot_waypoints": 9}}
{"target": -187.43296311100238, "params": {"k_pid_pos": [0.8923446018210205, 0.05288277273811218, 0.02253157782619339], "k_pid_alt": [2.0, 0.0012941758325429986, 0.042198244491702765], "k_pid_att": [11.654262278531595, 0.32077902571161204, 0.2061479376693577], "k_pid_yaw": [0.5, 1e-06, 0.1], "k_pid_hsp": [0.11987326520077067, 0.013592671566777327, 0.0], "k_pid_vsp": [136.66203443608856, 49.11049877632809, 4.423106420615078]}, "datetime": {"datetime": "2025-08-11 19:46:08", "elapsed": 12047.453228235245, "delta": 17.6422336101532}, "costs": {"total_cost": 187.43296311100238, "time_cost": 71.533, "final_distance_cost": 1.8140107091445699, "oscillation_cost": 27.464968263105437, "completition_cost": 0.0, "overshoot_cost": 50.919442222515734, "power_cost": 14.621234399414064, "noise_cost": 21.080307516822575, "n_waypoints_completed": 9, "tot_waypoints": 9}}
{"target": -185.42447043302312, "params": {"k_pid_pos": [0.9058849495256652, 0.0456877494437369, 0.07666279357185747], "k_pid_alt": [1.6759175021980797, 0.016141068833040582, 0.0445974989142845], "k_pid_att": [21.94391447187141, 1.1289595981439788, 0.5178334171967031], "k_pid_yaw": [0.5, 1e-06, 0.1], "k_pid_hsp": [0.15467855234360234, 0.01777797824886999, 0.0], "k_pid_vsp": [69.35660740054828, 32.201643487585166, 4.79520102381088]}, "datetime": {"datetime": "2025-08-11 19:46:25", "elapsed": 12064.714851617813, "delta": 17.26162338256836}, "costs": {"total_cost": 185.42447043302312, "time_cost": 70.07000000000001, "final_distance_cost": 1.82563016908877, "oscillation_cost": 27.2702075059334, "completition_cost": 0.0, "overshoot_cost": 50.93744588869753, "power_cost": 14.360752258300781, "noise_cost": 20.960434611002615, "n_waypoints_completed": 9, "tot_waypoints": 9}}
