{"target": -182.45613822867637, "params": {"k_pid_pos": [0.5643470736850604, 0.004543133052177625, 0.0006045643900679755], "k_pid_alt": [1.5529064911403854, 0.005521963774518933, 0.029226914567515434], "k_pid_att": [60.5260920660387, 0.28399593519426114, 0.47625903369513695], "k_pid_yaw": [0.5, 1e-06, 0.1], "k_pid_hsp": [0.11758404148349118, 0.007724529730229871, 0.0], "k_pid_vsp": [114.22218772226734, 89.91905592515828, 4.940234823094687]}, "datetime": {"datetime": "2025-08-11 22:32:50", "elapsed": 22050.120222091675, "delta": 18.757580995559692}, "costs": {"total_cost": 182.45613822867637, "time_cost": 71.561, "final_distance_cost": 1.8418026207680873, "oscillation_cost": 22.31349211692941, "completition_cost": 0.0, "overshoot_cost": 51.05276706142054, "power_cost": 14.208335729980469, "noise_cost": 21.478740699577862, "n_waypoints_completed": 9, "tot_waypoints": 9}}
{"target": -186.36092173213055, "params": {"k_pid_pos": [0.5046796276962163, 0.005144451620867733, 0.0005129151631127446], "k_pid_alt": [1.3730410023060644, 0.005945814168078104, 0.01068918773174695], "k_pid_att": [39.196241225578575, 0.3555959395172412, 1.0], "k_pid_yaw": [0.5, 1e-06, 0.1], "k_pid_hsp": [0.13769529947536083, 0.01329866889230223, 0.0], "k_pid_vsp": [110.41070564596568, 93.54981276167048, 9.11381872876324]}, "datetime": {"datetime": "2025-08-11 22:33:09", "elapsed": 22068.47629904747, "delta": 18.356076955795288}, "costs": {"total_cost": 186.36092173213055, "time_cost": 73.304, "final_distance_cost": 1.8485818079270107, "oscillation_cost": 23.110093072794523, "completition_cost": 0.0, "overshoot_cost": 50.89358015864039, "power_cost": 17.311388977050783, "noise_cost": 19.893277715717854, "n_waypoints_completed": 9, "tot_waypoints": 9}}
{"target": -188.96007530385816, "params": {"k_pid_pos": [0.4119595562300436, 0.005119485922535104, 0.00038382000437015294], "k_pid_alt": [1.0583745450617579, 0.006265911663907873, 0.014667346448760896], "k_pid_att": [40.978730837969906, 0.18698105795785488, 0.8845686026647354], "k_pid_yaw": [0.5, 1e-06, 0.1], "k_pid_hsp": [0.11679599541130464, 0.009713451473264093, 0.0], "k_pid_vsp": [87.96284778100748, 102.51476425327134, 8.465839733421381]}, "datetime": {"datetime": "2025-08-11 22:33:28", "elapsed": 22087.958265542984, "delta": 19.481966495513916}, "costs": {"total_cost": 188.96007530385816, "time_cost": 76.748, "final_distance_cost": 1.8564428552310994, "oscillation_cost": 19.96112699923688, "completition_cost": 0.0, "overshoot_cost": 51.649603494811366, "power_cost": 15.431187451171876, "noise_cost": 23.31371450340694, "n_waypoints_completed": 9, "tot_waypoints": 9}}
{"target": -184.72603996978074, "params": {"k_pid_pos": [0.4654127561279073, 0.008616396435025467, 0.0007597069165189871], "k_pid_alt": [1.2351405663952004, 0.0030875199037486262, 0.030599324604197398], "k_pid_att": [52.92364568749493, 0.37244167039950987, 0.9072890620077448], "k_pid_yaw": [0.5, 1e-06, 0.1], "k_pid_hsp": [0.10025483439911335, 0.018036821639284367, 0.0], "k_pid_vsp": [72.21698933015927, 92.07481260209676, 5.002252282253494]}, "datetime": {"datetime": "2025-08-11 22:33:47", "elapsed": 22106.630855560303, "delta": 18.672590017318726}, "costs": {"total_cost": 184.72603996978074, "time_cost": 74.109, "final_distance_cost": 1.8569809398659942, "oscillation_cost": 21.0929979350101, "completition_cost": 0.0, "overshoot_cost": 50.46634822894712, "power_cost": 14.565467529296876, "noise_cost": 22.635245336660645, "n_waypoints_completed": 9, "tot_waypoints": 9}}
{"target": -183.50137046631727, "params": {"k_pid_pos": [0.7073806624105442, 0.01030567877629073, 0.0004588446712380327], "k_pid_alt": [1.6175868104456457, 0.004622888543165555, 0.03537889544397108], "k_pid_att": [48.68541706608463, 0.28903047692475753, 0.9363509486542694], "k_pid_yaw": [0.5, 1e-06, 0.1], "k_pid_hsp": [0.0962704702349957, 0.013343270602297836, 0.0], "k_pid_vsp": [122.63100490374454, 108.0957822308805, 8.709873051838946]}, "datetime": {"datetime": "2025-08-11 22:34:04", "elapsed": 22124.294293642044, "delta": 17.663438081741333}, "costs": {"total_cost": 183.50137046631727, "time_cost": 71.183, "final_distance_cost": 1.8178235127432687, "oscillation_cost": 24.372567100070373, "completition_cost": 0.0, "overshoot_cost": 50.40962643734575, "power_cost": 16.15895546875, "noise_cost": 19.559397947407874, "n_waypoints_completed": 9, "tot_waypoints": 9}}
{"target": -181.68549418245092, "params": {"k_pid_pos": [0.5369960888957189, 0.008100362622583542, 0.0006536313373213098], "k_pid_alt": [1.2292212865971186, 0.00579858665348247, 0.027291115101031743], "k_pid_att": [37.574043635755295, 0.37430461681334165, 1.0], "k_pid_yaw": [0.5, 1e-06, 0.1], "k_pid_hsp": [0.0869931459165903, 0.011204131041478943, 0.0], "k_pid_vsp": [63.23327168787019, 73.2840327061937, 7.949418999507781]}, "datetime": {"datetime": "2025-08-11 22:34:23", "elapsed": 22142.422184228897, "delta": 18.127890586853027}, "costs": {"total_cost": 181.68549418245092, "time_cost": 72.443, "final_distance_cost": 1.8184980835367273, "oscillation_cost": 20.789682037815677, "completition_cost": 0.0, "overshoot_cost": 50.954544982375175, "power_cost": 14.197888879394531, "noise_cost": 21.48188019932882, "n_waypoints_completed": 9, "tot_waypoints": 9}}
{"target": -181.6642210277546, "params": {"k_pid_pos": [0.6069243983556377, 0.004410459382797099, 0.0002874872619910429], "k_pid_alt": [1.1353313823598281, 0.006254733568834807, 0.017943009892539514], "k_pid_att": [11.767298925098904, 0.29255115449216196, 1.0], "k_pid_yaw": [0.5, 1e-06, 0.1], "k_pid_hsp": [0.11319198456699497, 0.014015519235892025, 0.0], "k_pid_vsp": [83.98167055120358, 121.5768243692789, 3.7735986573242464]}, "datetime": {"datetime": "2025-08-11 22:34:40", "elapsed": 22159.96037697792, "delta": 17.538192749023438}, "costs": {"total_cost": 181.6642210277546, "time_cost": 71.211, "final_distance_cost": 1.8244645429783999, "oscillation_cost": 23.084611803104455, "completition_cost": 0.0, "overshoot_cost": 50.35275795115024, "power_cost": 14.165921594238283, "noise_cost": 21.025465136283245, "n_waypoints_completed": 9, "tot_waypoints": 9}}
{"target": -185.213460148743, "params": {"k_pid_pos": [0.5971968359179752, 0.007559066373141562, 0.0007724692304938245], "k_pid_alt": [1.0506709975733346, 0.006740149254545241, 0.03307602011127245], "k_pid_att": [37.11456801918357, 0.43278602769712765, 0.8918460797879559], "k_pid_yaw": [0.5, 1e-06, 0.1], "k_pid_hsp": [0.07102744539882286, 0.015928004093916, 0.0], "k_pid_vsp": [64.03665208659052, 104.2457047710634, 5.336146627182928]}, "datetime": {"datetime": "2025-08-11 22:34:59", "elapsed": 22178.675442695618, "delta": 18.715065717697144}, "costs": {"total_cost": 185.213460148743, "time_cost": 73.96900000000001, "final_distance_cost": 1.820426879712618, "oscillation_cost": 22.456392285729088, "completition_cost": 0.0, "overshoot_cost": 50.881107378755736, "power_cost": 14.546270288085939, "noise_cost": 21.540263316459626, "n_waypoints_completed": 9, "tot_waypoints": 9}}
{"target": -184.51802701050505, "params": {"k_pid_pos": [0.6116429982075613, 0.007957979345942414, 0.0008932956623097799], "k_pid_alt": [1.329400077160848, 0.006379401994254536, 0.008624749104389024], "k_pid_att": [33.882669878681355, 0.4186975930138375, 1.0], "k_pid_yaw": [0.5, 1e-06, 0.1], "k_pid_hsp": [0.08109281788786639, 0.011571575018354265, 0.0], "k_pid_vsp": [66.23119923211834, 134.45824039201224, 9.408789394211423]}, "datetime": {"datetime": "2025-08-11 22:35:17", "elapsed": 22196.729503154755, "delta": 18.054060459136963}, "costs": {"total_cost": 184.51802701050505, "time_cost": 72.793, "final_distance_cost": 1.8147359412147372, "oscillation_cost": 22.329231229684797, "completition_cost": 0.0, "overshoot_cost": 51.370102723763395, "power_cost": 17.37112399902344, "noise_cost": 18.839833116818674, "n_waypoints_completed": 9, "tot_waypoints": 9}}
{"target": -182.6703885532473, "params": {"k_pid_pos": [0.6894407556709835, 0.007019316107647572, 0.00048802371578921254], "k_pid_alt": [1.4772475289457443, 0.007553469264893247, 0.01605486133782114], "k_pid_att": [49.063002893722505, 0.21287003837824447, 1.0], "k_pid_yaw": [0.5, 1e-06, 0.1], "k_pid_hsp": [0.09705220085881945, 0.011893581563385465, 0.0], "k_pid_vsp": [119.66530049409626, 123.3541951500102, 5.847868449375757]}, "datetime": {"datetime": "2025-08-11 22:35:35", "elapsed": 22214.85782313347, "delta": 18.12831997871399}, "costs": {"total_cost": 182.6703885532473, "time_cost": 70.952, "final_distance_cost": 1.820179155792183, "oscillation_cost": 23.992664902273653, "completition_cost": 0.0, "overshoot_cost": 50.769896514047986, "power_cost": 14.23638564453125, "noise_cost": 20.89926233660222, "n_waypoints_completed": 9, "tot_waypoints": 9}}
{"target": -192.92400689608527, "params": {"k_pid_pos": [0.3957055346788825, 0.009249388123877135, 0.0006654437649853116], "k_pid_alt": [0.9380701703206734, 0.0035929243226990883, 0.016096201123556066], "k_pid_att": [36.86315064757657, 0.29727270770526026, 1.0], "k_pid_yaw": [0.5, 1e-06, 0.1], "k_pid_hsp": [0.1238469969439764, 0.011997155159599267, 0.0], "k_pid_vsp": [107.04621855390438, 96.44784853762657, 9.824829946104064]}, "datetime": {"datetime": "2025-08-11 22:35:56", "elapsed": 22235.366167783737, "delta": 20.508344650268555}, "costs": {"total_cost": 192.92400689608527, "time_cost": 78.995, "final_distance_cost": 1.8604112736501814, "oscillation_cost": 20.322904605374056, "completition_cost": 0.0, "overshoot_cost": 51.28892338826303, "power_cost": 19.100417602539064, "noise_cost": 21.35635002625895, "n_waypoints_completed": 9, "tot_waypoints": 9}}
{"target": -189.17520321665728, "params": {"k_pid_pos": [0.47370828421950234, 0.011314816562271296, 0.0008754927048166969], "k_pid_alt": [1.5711028900437964, 0.004306799978911796, 0.03293506277390056], "k_pid_att": [46.40464418124771, 0.29010217095035945, 1.0], "k_pid_yaw": [0.5, 1e-06, 0.1], "k_pid_hsp": [0.059261289604362256, 0.006976687869922338, 0.0], "k_pid_vsp": [110.12602301384136, 105.67472202166425, 5.53277729649314]}, "datetime": {"datetime": "2025-08-11 22:36:15", "elapsed": 22254.972801923752, "delta": 19.60663414001465}, "costs": {"total_cost": 189.17520321665728, "time_cost": 78.379, "final_distance_cost": 1.8214328969243132, "oscillation_cost": 16.514457813892594, "completition_cost": 0.0, "overshoot_cost": 53.85721281558644, "power_cost": 15.053612719726564, "noise_cost": 23.549486970527372, "n_waypoints_completed": 9, "tot_waypoints": 9}}
{"target": -182.74185339338317, "params": {"k_pid_pos": [0.6350970113177701, 0.008499332655906118, 0.0008430232362790428], "k_pid_alt": [1.3024567772908233, 0.005355537364297753, 0.015947544464236716], "k_pid_att": [53.98474402787633, 0.3968061456435315, 0.4959934724260077], "k_pid_yaw": [0.5, 1e-06, 0.1], "k_pid_hsp": [0.09146775446111333, 0.011407520762095396, 0.0], "k_pid_vsp": [77.49916359498073, 105.19700005941324, 4.5447477753323975]}, "datetime": {"datetime": "2025-08-11 22:36:34", "elapsed": 22273.863178253174, "delta": 18.890376329421997}, "costs": {"total_cost": 182.74185339338317, "time_cost": 71.715, "final_distance_cost": 1.8201025566842188, "oscillation_cost": 22.901719853575347, "completition_cost": 0.0, "overshoot_cost": 50.96902161696737, "power_cost": 14.25230546875, "noise_cost": 21.083703897406252, "n_waypoints_completed": 9, "tot_waypoints": 9}}
{"target": -184.21545224587584, "params": {"k_pid_pos": [0.9850509842236029, 0.009688406085557854, 0.0007812859773489346], "k_pid_alt": [1.3830442117231156, 0.005911975625707938, 0.0005102848905221303], "k_pid_att": [45.82926091421143, 0.5072046553390431, 0.9867526548218737], "k_pid_yaw": [0.5, 1e-06, 0.1], "k_pid_hsp": [0.1672756809508661, 0.01000793343771494, 0.0], "k_pid_vsp": [99.53298612738813, 170.31338220763354, 6.52667144588771]}, "datetime": {"datetime": "2025-08-11 22:36:51", "elapsed": 22290.70461177826, "delta": 16.84143352508545}, "costs": {"total_cost": 184.21545224587584, "time_cost": 68.901, "final_distance_cost": 1.8071883094593826, "oscillation_cost": 28.99056724331381, "completition_cost": 0.0, "overshoot_cost": 49.81039812416482, "power_cost": 14.348007019042969, "noise_cost": 20.358291549894858, "n_waypoints_completed": 9, "tot_waypoints": 9}}
{"target": -194.80521760219509, "params": {"k_pid_pos": [0.4010742036662767, 0.006809190574470663, 0.00013781853401104182], "k_pid_alt": [1.5643790062576428, 0.003908065250314952, 0.015268031078815], "k_pid_att": [24.510454412049615, 0.3300002873747169, 1.0], "k_pid_yaw": [0.5, 1e-06, 0.1], "k_pid_hsp": [0.14310156563588974, 0.013798916952574505, 0.0], "k_pid_vsp": [79.65560450291218, 79.25161179784898, 8.591497015492779]}, "datetime": {"datetime": "2025-08-11 22:37:11", "elapsed": 22310.640761613846, "delta": 19.936149835586548}, "costs": {"total_cost": 194.80521760219509, "time_cost": 79.226, "final_distance_cost": 1.862073519713497, "oscillation_cost": 21.178190528283082, "completition_cost": 0.0, "overshoot_cost": 51.82813259083985, "power_cost": 17.403844836425783, "noise_cost": 23.30697612693287, "n_waypoints_completed": 9, "tot_waypoints": 9}}
{"target": -183.3861837299043, "params": {"k_pid_pos": [0.529145930613186, 0.007841057728572324, 0.0005649153948880077], "k_pid_alt": [1.5026209142505096, 0.0048372551705406905, 0.010668851807875543], "k_pid_att": [48.59545040632792, 0.2791255748057581, 1.0], "k_pid_yaw": [0.5, 1e-06, 0.1], "k_pid_hsp": [0.12010904901925339, 3.452652556467569e-05, 0.0], "k_pid_vsp": [87.57988374417054, 180.26500415962576, 3.341776732876253]}, "datetime": {"datetime": "2025-08-11 22:37:29", "elapsed": 22329.21368741989, "delta": 18.572925806045532}, "costs": {"total_cost": 183.3861837299043, "time_cost": 72.618, "final_distance_cost": 1.843745072890728, "oscillation_cost": 21.312731410425894, "completition_cost": 0.0, "overshoot_cost": 51.36306392993834, "power_cost": 14.3776505859375, "noise_cost": 21.87099273071185, "n_waypoints_completed": 9, "tot_waypoints": 9}}
{"target": -181.8403889136105, "params": {"k_pid_pos": [0.6944544221366186, 0.010975913275722901, 0.0007035387045621072], "k_pid_alt": [1.3089281713544862, 0.003554978168334611, 0.02168731343503631], "k_pid_att": [39.4250371240331, 0.3545175437237454, 1.0], "k_pid_yaw": [0.5, 1e-06, 0.1], "k_pid_hsp": [0.0967985178354841, 0.008273130711013996, 0.0], "k_pid_vsp": [88.4872676983395, 100.77708002127152, 5.708356946763051]}, "datetime": {"datetime": "2025-08-11 22:37:47", "elapsed": 22347.10209584236, "delta": 17.888408422470093}, "costs": {"total_cost": 181.8403889136105, "time_cost": 70.875, "final_distance_cost": 1.8249749524583194, "oscillation_cost": 23.422628721041935, "completition_cost": 0.0, "overshoot_cost": 50.555526578462704, "power_cost": 14.139035131835938, "noise_cost": 21.023223529811624, "n_waypoints_completed": 9, "tot_waypoints": 9}}
{"target": -183.56679189455838, "params": {"k_pid_pos": [0.6023423373328499, 0.008205370080454648, 0.0007706574239468932], "k_pid_alt": [1.1557286494002874, 0.005258361003641572, 0.022813791573645516], "k_pid_att": [47.762505253770826, 0.32763088427002257, 1.0], "k_pid_yaw": [0.5, 1e-06, 0.1], "k_pid_hsp": [0.13440230276127077, 0.011702998558448127, 0.0], "k_pid_vsp": [80.34141874428003, 79.69146529091944, 7.117780906663573]}, "datetime": {"datetime": "2025-08-11 22:38:05", "elapsed": 22364.995082378387, "delta": 17.892986536026}, "costs": {"total_cost": 183.56679189455838, "time_cost": 71.274, "final_distance_cost": 1.8416868220113811, "oscillation_cost": 24.175907063649884, "completition_cost": 0.0, "overshoot_cost": 50.77347245202836, "power_cost": 14.120832385253907, "noise_cost": 21.380893171614805, "n_waypoints_completed": 9, "tot_waypoints": 9}}
{"target": -183.8313986000731, "params": {"k_pid_pos": [0.521160516447307, 0.008657631210456035, 0.0005735429590035909], "k_pid_alt": [1.4363196744303401, 0.006962618012963051, 0.03525116779823401], "k_pid_att": [45.564959769509635, 0.48841398415862575, 1.0], "k_pid_yaw": [0.5, 1e-06, 0.1], "k_pid_hsp": [0.12889756343844813, 0.010068889214220061, 0.0], "k_pid_vsp": [84.37530192647716, 123.08494300493074, 8.165314726964189]}, "datetime": {"datetime": "2025-08-11 22:38:23", "elapsed": 22383.290303707123, "delta": 18.29522132873535}, "costs": {"total_cost": 183.8313986000731, "time_cost": 72.422, "final_distance_cost": 1.8385062568374424, "oscillation_cost": 22.753161183151004, "completition_cost": 0.0, "overshoot_cost": 50.63608025008335, "power_cost": 14.318716760253906, "noise_cost": 21.86293414974739, "n_waypoints_completed": 9, "tot_waypoints": 9}}
{"target": -183.02751746939043, "params": {"k_pid_pos": [0.7586932808640846, 0.006993100112302249, 0.0012890427585196395], "k_pid_alt": [1.210853248281235, 0.008449150817056704, 0.024315493986249315], "k_pid_att": [65.64013481373065, 0.49949414595076264, 0.7210392448586506], "k_pid_yaw": [0.5, 1e-06, 0.1], "k_pid_hsp": [0.09984295150824114, 0.01068902396567404, 0.0], "k_pid_vsp": [69.04253263011391, 172.89730134913233, 7.591574899224272]}, "datetime": {"datetime": "2025-08-11 22:38:41", "elapsed": 22400.57973217964, "delta": 17.28942847251892}, "costs": {"total_cost": 183.02751746939043, "time_cost": 70.672, "final_distance_cost": 1.7931801244135774, "oscillation_cost": 25.48018622497202, "completition_cost": 0.0, "overshoot_cost": 50.160144255414366, "power_cost": 14.285893115234376, "noise_cost": 20.636113749356085, "n_waypoints_completed": 9, "tot_waypoints": 9}}
{"target": -192.74343454266543, "params": {"k_pid_pos": [0.39782341825675643, 0.009492885211091352, 0.0007358995666516846], "k_pid_alt": [1.3322409138747837, 0.004243596322415412, 0.005944731511011602], "k_pid_att": [74.89499501003081, 0.3358300920091721, 1.0], "k_pid_yaw": [0.5, 1e-06, 0.1], "k_pid_hsp": [0.13280713536901675, 0.012131711181503274, 0.0], "k_pid_vsp": [120.35375956013549, 84.18959697961111, 5.251762165896048]}, "datetime": {"datetime": "2025-08-11 22:39:01", "elapsed": 22420.48535656929, "delta": 19.905624389648438}, "costs": {"total_cost": 192.74343454266543, "time_cost": 78.428, "final_distance_cost": 1.8608769812443247, "oscillation_cost": 20.840195028746855, "completition_cost": 0.0, "overshoot_cost": 51.45737645002441, "power_cost": 15.193139013671876, "noise_cost": 24.96384706897796, "n_waypoints_completed": 9, "tot_waypoints": 9}}
{"target": -181.83039351705682, "params": {"k_pid_pos": [0.6915548539833893, 0.007619711597679552, 0.0008943758368263437], "k_pid_alt": [1.409581792558469, 0.0057917999978533115, 0.019859134778601698], "k_pid_att": [40.445483465761775, 0.2687966599483293, 1.0], "k_pid_yaw": [0.5, 1e-06, 0.1], "k_pid_hsp": [0.10351704725954647, 0.012024053573454747, 0.0], "k_pid_vsp": [75.21390364151678, 149.27285131150893, 3.895008001789639]}, "datetime": {"datetime": "2025-08-11 22:39:20", "elapsed": 22440.093786478043, "delta": 19.60842990875244}, "costs": {"total_cost": 181.83039351705682, "time_cost": 70.42, "final_distance_cost": 1.8116118962304835, "oscillation_cost": 24.38052592329964, "completition_cost": 0.0, "overshoot_cost": 50.244541591537356, "power_cost": 14.22669910888672, "noise_cost": 20.74701499710261, "n_waypoints_completed": 9, "tot_waypoints": 9}}
{"target": -181.61023045333258, "params": {"k_pid_pos": [0.6287852105712763, 0.004872741449109119, 0.0013392241922872607], "k_pid_alt": [1.4375840626972283, 0.006721152367400031, 0.026121963525346514], "k_pid_att": [46.292787039939334, 0.2586635255635888, 0.916833694733724], "k_pid_yaw": [0.5, 1e-06, 0.1], "k_pid_hsp": [0.10583679121123658, 0.012765170201908633, 0.0], "k_pid_vsp": [114.33616097692281, 124.78855622885544, 6.504818326517444]}, "datetime": {"datetime": "2025-08-11 22:39:39", "elapsed": 22459.330411672592, "delta": 19.23662519454956}, "costs": {"total_cost": 181.61023045333258, "time_cost": 70.756, "final_distance_cost": 1.8358721814549297, "oscillation_cost": 23.344880742857686, "completition_cost": 0.0, "overshoot_cost": 50.45296492479114, "power_cost": 14.165603540039063, "noise_cost": 21.054909064189744, "n_waypoints_completed": 9, "tot_waypoints": 9}}
{"target": -181.759056105424, "params": {"k_pid_pos": [0.5640371596825982, 0.010402201231465834, 0.0005686667680376056], "k_pid_alt": [1.458495633782711, 0.0047204973889918116, 0.01549360604092038], "k_pid_att": [38.157007060454106, 0.22975547186797332, 0.5740159361847453], "k_pid_yaw": [0.5, 1e-06, 0.1], "k_pid_hsp": [0.11166375089131787, 0.00950071851666324, 0.0], "k_pid_vsp": [92.76101364619684, 139.5912488180951, 5.477650167128105]}, "datetime": {"datetime": "2025-08-11 22:39:57", "elapsed": 22477.253195762634, "delta": 17.922784090042114}, "costs": {"total_cost": 181.759056105424, "time_cost": 71.337, "final_distance_cost": 1.8252211724674328, "oscillation_cost": 22.550389865295404, "completition_cost": 0.0, "overshoot_cost": 50.62995522083775, "power_cost": 14.123437792968751, "noise_cost": 21.293052053854655, "n_waypoints_completed": 9, "tot_waypoints": 9}}
{"target": -182.35930809505246, "params": {"k_pid_pos": [0.5710962224994788, 0.008140333058752934, 0.0008872293578631249], "k_pid_alt": [1.2362098595051052, 0.00047819547558480634, 0.028810251257290583], "k_pid_att": [42.99058507093512, 0.46449835968122577, 1.0], "k_pid_yaw": [0.5, 1e-06, 0.1], "k_pid_hsp": [0.11975861349618507, 0.011769548980271322, 0.0], "k_pid_vsp": [96.71247048373812, 126.56807870510902, 4.274049113566797]}, "datetime": {"datetime": "2025-08-11 22:40:15", "elapsed": 22495.1733045578, "delta": 17.920108795166016}, "costs": {"total_cost": 182.35930809505246, "time_cost": 71.526, "final_distance_cost": 1.8295480098029138, "oscillation_cost": 23.115570629458965, "completition_cost": 0.0, "overshoot_cost": 50.384268476585135, "power_cost": 14.21531346435547, "noise_cost": 21.288607514849993, "n_waypoints_completed": 9, "tot_waypoints": 9}}
