{"target": -2054.789125487042, "params": {"k_pid_pos": [1.2481297846471922, 0.3331555932634205, 0.40176797966012034], "k_pid_alt": [0.983857989305062, 0.0, 0.43236095574149197], "k_pid_att": [93.01025160614415, 2.4469520257154245, 0.0], "k_pid_yaw": [0.5, 1e-06, 0.1], "k_pid_hsp": [0.0001, 0.369644844079765, 0.3388679592429877], "k_pid_vsp": [294.96136717530663, 313.1886847359081, 164.37390317617542]}, "datetime": {"datetime": "2025-08-11 16:48:54", "elapsed": 1413.4721887111664, "delta": 29.61871862411499}, "costs": {"total_cost": 2054.789125487042, "time_cost": 150, "final_distance_cost": 102.02970282898787, "oscillation_cost": 856.1640777759615, "completition_cost": 666.6666666666667, "overshoot_cost": 217.47744035075058, "power_cost": 34.599476586914065, "noise_cost": 27.851761277761224, "n_waypoints_completed": 3, "tot_waypoints": 9}}
{"target": -902.2167149181362, "params": {"k_pid_pos": [0.987678204532747, 0.36652066382580556, 0.2897807886176653], "k_pid_alt": [0.4473662818899322, 0.0, 0.9167918089085597], "k_pid_att": [19.439738933192253, 4.323305727220064, 0.0], "k_pid_yaw": [0.5, 1e-06, 0.1], "k_pid_hsp": [2.512288106185862, 0.11774891770393799, 0.722737891990349], "k_pid_vsp": [400.0, 45.67390971816951, 25.685892362361272]}, "datetime": {"datetime": "2025-08-11 16:49:24", "elapsed": 1443.8589236736298, "delta": 30.38673496246338}, "costs": {"total_cost": 902.2167149181362, "time_cost": 150, "final_distance_cost": 9.125949117275402, "oscillation_cost": 507.8148838555096, "completition_cost": 111.11111111111116, "overshoot_cost": 61.07849982900714, "power_cost": 33.43752229003906, "noise_cost": 29.64874871519378, "n_waypoints_completed": 8, "tot_waypoints": 9}}
{"target": -451.3145333410223, "params": {"k_pid_pos": [1.3354648409299292, 0.6258767412945958, 0.5225674841922344], "k_pid_alt": [1.2342811015206487, 0.324334471978654, 0.9232644890242213], "k_pid_att": [32.73587775831559, 5.694894649952229, 0.3925920935281841], "k_pid_yaw": [0.5, 1e-06, 0.1], "k_pid_hsp": [6.611921682383886, 0.1477564044045836, 0.256986553800075], "k_pid_vsp": [302.52004610754756, 222.99582761715342, 18.578752195880714]}, "datetime": {"datetime": "2025-08-11 16:49:45", "elapsed": 1464.7978830337524, "delta": 20.93895936012268}, "costs": {"total_cost": 451.3145333410223, "time_cost": 83.244, "final_distance_cost": 1.7653935172438668, "oscillation_cost": 267.76470087112506, "completition_cost": 0.0, "overshoot_cost": 53.06956163860691, "power_cost": 24.13298414306641, "noise_cost": 21.337893170980145, "n_waypoints_completed": 9, "tot_waypoints": 9}}
{"target": -1396.7399083253288, "params": {"k_pid_pos": [0.29972302404581647, 0.18689981519024215, 0.6698190363560842], "k_pid_alt": [1.2799308124845012, 0.2561677500048169, 0.5679388873385904], "k_pid_att": [19.630737375812533, 6.8907614234448005, 0.7791090063289451], "k_pid_yaw": [0.5, 1e-06, 0.1], "k_pid_hsp": [0.5154215523918252, 0.18468990966332247, 0.2500929551548529], "k_pid_vsp": [185.81060405147105, 251.2625141312295, 265.89700960308454]}, "datetime": {"datetime": "2025-08-11 16:50:14", "elapsed": 1494.3307950496674, "delta": 29.532912015914917}, "costs": {"total_cost": 1396.7399083253288, "time_cost": 150, "final_distance_cost": 53.229863606901056, "oscillation_cost": 408.4541994138308, "completition_cost": 666.6666666666667, "overshoot_cost": 57.38501489725532, "power_cost": 32.24154012451172, "noise_cost": 28.762623616163175, "n_waypoints_completed": 3, "tot_waypoints": 9}}
{"target": -580.2718454328094, "params": {"k_pid_pos": [1.1675851549517302, 0.0, 0.17444630423114235], "k_pid_alt": [1.8156891472684162, 0.182685388870052, 0.5601587534066482], "k_pid_att": [28.306610948206195, 6.005622874494118, 0.6869762786695484], "k_pid_yaw": [0.5, 1e-06, 0.1], "k_pid_hsp": [9.982570160981053, 1.0, 0.4862302402753336], "k_pid_vsp": [282.91662779198873, 90.58213472869811, 129.35497115526633]}, "datetime": {"datetime": "2025-08-11 16:50:39", "elapsed": 1518.4785695075989, "delta": 24.14777445793152}, "costs": {"total_cost": 580.2718454328094, "time_cost": 98.455, "final_distance_cost": 1.776707033184278, "oscillation_cost": 373.40221077684913, "completition_cost": 0.0, "overshoot_cost": 53.951192291827375, "power_cost": 28.478324926757814, "noise_cost": 24.208410404190733, "n_waypoints_completed": 9, "tot_waypoints": 9}}
{"target": -6449.6345864509385, "params": {"k_pid_pos": [0.712833998418548, 0.0, 0.3635211171174603], "k_pid_alt": [1.6767166429030727, 0.007209865770658334, 0.27584452776637325], "k_pid_att": [0.0, 5.394777406524955, 0.5239812524722586], "k_pid_yaw": [0.5, 1e-06, 0.1], "k_pid_hsp": [0.10093922002095586, 0.31745480897682393, 0.0966761592344847], "k_pid_vsp": [400.0, 15.754551725910753, 4.343686709861248]}, "datetime": {"datetime": "2025-08-11 16:51:09", "elapsed": 1548.9981343746185, "delta": 30.519564867019653}, "costs": {"total_cost": 6449.6345864509385, "time_cost": 150, "final_distance_cost": 1582.9184819986833, "oscillation_cost": 1979.3173473524644, "completition_cost": 1000.0, "overshoot_cost": 1526.0988439751518, "power_cost": 58.715421484375, "noise_cost": 152.58449164026425, "n_waypoints_completed": 0, "tot_waypoints": 9}}
{"target": -797.2977265801741, "params": {"k_pid_pos": [1.0774558376900885, 0.0, 0.2709466322683169], "k_pid_alt": [2.0, 0.4708602514275553, 0.74349571459361], "k_pid_att": [44.24055183451683, 8.473978111224378, 0.7152828280935685], "k_pid_yaw": [0.5, 1e-06, 0.1], "k_pid_hsp": [0.34722090980409287, 0.9037128283856677, 0.2703970906363389], "k_pid_vsp": [0.0, 158.26333807711052, 1e-06]}, "datetime": {"datetime": "2025-08-11 16:51:40", "elapsed": 1579.4370911121368, "delta": 30.43895673751831}, "costs": {"total_cost": 797.2977265801741, "time_cost": 150, "final_distance_cost": 71.1269708561341, "oscillation_cost": 230.7308215910784, "completition_cost": 222.2222222222222, "overshoot_cost": 56.234157629732955, "power_cost": 37.95502092285157, "noise_cost": 29.028533358154824, "n_waypoints_completed": 7, "tot_waypoints": 9}}
{"target": -1381.6381171460912, "params": {"k_pid_pos": [0.0001, 0.013090105114978962, 0.83083551935388], "k_pid_alt": [2.0, 0.541481211867277, 1.0], "k_pid_att": [24.73892825881082, 4.305271366122675, 0.5267224500462496], "k_pid_yaw": [0.5, 1e-06, 0.1], "k_pid_hsp": [6.604202155510268, 0.0, 0.01481415238047538], "k_pid_vsp": [356.4793991658821, 88.4004873898899, 333.5371927360421]}, "datetime": {"datetime": "2025-08-11 16:52:09", "elapsed": 1608.828795671463, "delta": 29.391704559326172}, "costs": {"total_cost": 1381.6381171460912, "time_cost": 150, "final_distance_cost": 49.484594993754996, "oscillation_cost": 86.35805862894505, "completition_cost": 1000.0, "overshoot_cost": 40.68913011639507, "power_cost": 27.444945715332032, "noise_cost": 27.661387691664032, "n_waypoints_completed": 0, "tot_waypoints": 9}}
{"target": -357.0046742835653, "params": {"k_pid_pos": [1.878384225846612, 0.49190559439595366, 0.0], "k_pid_alt": [2.0, 0.0, 0.5269501293374789], "k_pid_att": [18.25502515900563, 4.629910425943009, 0.6070275270340243], "k_pid_yaw": [0.5, 1e-06, 0.1], "k_pid_hsp": [4.545477231497028, 0.2853580957485465, 0.18674558571588518], "k_pid_vsp": [400.0, 1e-06, 207.86932183372642]}, "datetime": {"datetime": "2025-08-11 16:52:32", "elapsed": 1631.9467732906342, "delta": 23.117977619171143}, "costs": {"total_cost": 357.0046742835653, "time_cost": 92.34400000000001, "final_distance_cost": 1.8033791424352876, "oscillation_cost": 148.1811358120977, "completition_cost": 0.0, "overshoot_cost": 63.83768466293137, "power_cost": 27.053276696777345, "noise_cost": 23.785197969323573, "n_waypoints_completed": 9, "tot_waypoints": 9}}
{"target": -405.4163179064594, "params": {"k_pid_pos": [1.8886470016364905, 0.0, 0.8306219435783332], "k_pid_alt": [1.5970534216629941, 0.0, 0.8921049699734658], "k_pid_att": [46.00945268231147, 1.8128252923372152, 0.7854529016933638], "k_pid_yaw": [0.5, 1e-06, 0.1], "k_pid_hsp": [6.680205285675757, 0.13843940855046888, 0.27572320314071413], "k_pid_vsp": [148.16188832394778, 1e-06, 55.06048415104612]}, "datetime": {"datetime": "2025-08-11 16:52:52", "elapsed": 1651.928668498993, "delta": 19.981895208358765}, "costs": {"total_cost": 405.4163179064594, "time_cost": 78.148, "final_distance_cost": 1.8093172810244977, "oscillation_cost": 230.9251681817223, "completition_cost": 0.0, "overshoot_cost": 52.877236402659726, "power_cost": 22.52913016357422, "noise_cost": 19.127465877478716, "n_waypoints_completed": 9, "tot_waypoints": 9}}
{"target": -440.4428550971669, "params": {"k_pid_pos": [2.0, 0.1988741093865661, 0.17554796696079908], "k_pid_alt": [1.6778122404866842, 0.034866538870443164, 0.0], "k_pid_att": [43.02309618137119, 4.11797523856721, 0.5414272844297551], "k_pid_yaw": [0.5, 1e-06, 0.1], "k_pid_hsp": [6.566450907921627, 0.9516642107163311, 0.2630036455268097], "k_pid_vsp": [237.4989625255437, 149.12532607024, 1e-06]}, "datetime": {"datetime": "2025-08-11 16:53:12", "elapsed": 1671.4856553077698, "delta": 19.556986808776855}, "costs": {"total_cost": 440.4428550971669, "time_cost": 77.763, "final_distance_cost": 1.729148081899703, "oscillation_cost": 263.97390554047007, "completition_cost": 0.0, "overshoot_cost": 53.072621873186165, "power_cost": 21.966635266113283, "noise_cost": 21.937544335497687, "n_waypoints_completed": 9, "tot_waypoints": 9}}
{"target": -458.89492705372595, "params": {"k_pid_pos": [2.0, 0.0, 0.2828055370289812], "k_pid_alt": [1.154299972936468, 0.0, 0.9600292922079116], "k_pid_att": [33.90640010897798, 6.043493557782895, 0.0], "k_pid_yaw": [0.5, 1e-06, 0.1], "k_pid_hsp": [6.380889557919734, 0.14816324060235578, 0.5291608437494996], "k_pid_vsp": [92.72910812637622, 52.83406530797134, 18.29425790889789]}, "datetime": {"datetime": "2025-08-11 16:53:30", "elapsed": 1689.3669383525848, "delta": 17.881283044815063}, "costs": {"total_cost": 458.89492705372595, "time_cost": 72.121, "final_distance_cost": 1.820925681903625, "oscillation_cost": 294.35499793742304, "completition_cost": 0.0, "overshoot_cost": 49.68861577312403, "power_cost": 21.907842321777345, "noise_cost": 19.001545339497895, "n_waypoints_completed": 9, "tot_waypoints": 9}}
{"target": -643.8662524694527, "params": {"k_pid_pos": [0.638431082930987, 0.2653202993871661, 0.8854857864705975], "k_pid_alt": [2.0, 0.10285456987899122, 0.1299214489475875], "k_pid_att": [28.938977575548133, 7.756602275246888, 1.0], "k_pid_yaw": [0.5, 1e-06, 0.1], "k_pid_hsp": [3.841846561570208, 0.0, 0.0570482242405993], "k_pid_vsp": [146.4425321267689, 4.797268805884012, 21.53481720793415]}, "datetime": {"datetime": "2025-08-11 16:53:59", "elapsed": 1719.339900970459, "delta": 29.972962617874146}, "costs": {"total_cost": 643.8662524694527, "time_cost": 150, "final_distance_cost": 65.90864207084391, "oscillation_cost": 102.04660069368151, "completition_cost": 222.2222222222222, "overshoot_cost": 45.28217629947574, "power_cost": 30.242836779785158, "noise_cost": 28.1637744034441, "n_waypoints_completed": 7, "tot_waypoints": 9}}
{"target": -950.3724688462875, "params": {"k_pid_pos": [0.9277129322200256, 0.5081496914119404, 0.2715780141710205], "k_pid_alt": [2.0, 0.016831353010271475, 0.8955547262040712], "k_pid_att": [15.680527678258926, 10.0, 0.8315370810480572], "k_pid_yaw": [0.5, 1e-06, 0.1], "k_pid_hsp": [3.7771732658794535, 0.0, 0.12168813318380567], "k_pid_vsp": [93.38838106593563, 54.80424569245116, 87.2560297652022]}, "datetime": {"datetime": "2025-08-11 16:54:30", "elapsed": 1749.4152054786682, "delta": 30.07530450820923}, "costs": {"total_cost": 950.3724688462875, "time_cost": 150, "final_distance_cost": 45.96407142050523, "oscillation_cost": 99.97644600311168, "completition_cost": 555.5555555555555, "overshoot_cost": 39.38220800693346, "power_cost": 31.221962939453128, "noise_cost": 28.272224920728537, "n_waypoints_completed": 4, "tot_waypoints": 9}}
{"target": -991.9389590436971, "params": {"k_pid_pos": [0.08673935565850026, 0.33937997565334427, 0.26575494091348], "k_pid_alt": [2.0, 0.0, 1.0], "k_pid_att": [36.16655797613428, 9.434803487733577, 0.8396380081451099], "k_pid_yaw": [0.5, 1e-06, 0.1], "k_pid_hsp": [0.3339534722026884, 0.0, 0.017036782207094953], "k_pid_vsp": [183.06409723132342, 143.82142129863976, 1e-06]}, "datetime": {"datetime": "2025-08-11 16:55:00", "elapsed": 1779.5553016662598, "delta": 30.140096187591553}, "costs": {"total_cost": 991.9389590436971, "time_cost": 150, "final_distance_cost": 50.8107469636083, "oscillation_cost": 21.386248974894883, "completition_cost": 666.6666666666667, "overshoot_cost": 48.256407710680286, "power_cost": 21.886204345703128, "noise_cost": 32.9326843821437, "n_waypoints_completed": 3, "tot_waypoints": 9}}
{"target": -1270.6983852420863, "params": {"k_pid_pos": [0.0001, 0.23687872318597694, 0.3180661610027802], "k_pid_alt": [2.0, 0.17500304810978642, 0.39142907875152844], "k_pid_att": [36.198093638956145, 9.530008817625616, 0.2161134084030256], "k_pid_yaw": [0.5, 1e-06, 0.1], "k_pid_hsp": [0.0001, 0.0026606770744822196, 0.0], "k_pid_vsp": [80.6201505216947, 1e-06, 10.771518165300312]}, "datetime": {"datetime": "2025-08-11 16:55:30", "elapsed": 1809.437655210495, "delta": 29.88235354423523}, "costs": {"total_cost": 1270.6983852420863, "time_cost": 150, "final_distance_cost": 48.93297467297319, "oscillation_cost": 0.5750537791294456, "completition_cost": 888.8888888888888, "overshoot_cost": 126.2768782401588, "power_cost": 29.24992205810547, "noise_cost": 26.774667602830444, "n_waypoints_completed": 1, "tot_waypoints": 9}}
{"target": -472.93775157138754, "params": {"k_pid_pos": [0.5120951571034645, 0.3516193356071247, 0.21317239820306363], "k_pid_alt": [1.6433128334075884, 0.0, 1.0], "k_pid_att": [17.707967318362794, 6.8795522904067665, 0.8591422974859965], "k_pid_yaw": [0.5, 1e-06, 0.1], "k_pid_hsp": [3.9970823318430497, 0.011515965209154029, 0.07063286279418748], "k_pid_vsp": [154.1293153428388, 67.53706478940035, 127.20193023954039]}, "datetime": {"datetime": "2025-08-11 16:56:01", "elapsed": 1841.2889094352722, "delta": 31.85125422477722}, "costs": {"total_cost": 472.93775157138754, "time_cost": 150, "final_distance_cost": 3.2208421821363746, "oscillation_cost": 90.81519528159784, "completition_cost": 111.11111111111116, "overshoot_cost": 59.95559822412436, "power_cost": 29.292903674316406, "noise_cost": 28.542101098101455, "n_waypoints_completed": 8, "tot_waypoints": 9}}
{"target": -1966.148806087174, "params": {"k_pid_pos": [0.9745488067311755, 0.31800832540933593, 0.4564349290798629], "k_pid_alt": [0.23172598841808098, 0.0, 0.0], "k_pid_att": [2.0040872647770698, 10.0, 0.6183566145684333], "k_pid_yaw": [0.5, 1e-06, 0.1], "k_pid_hsp": [10.0, 0.3061502540613244, 0.005663923655889219], "k_pid_vsp": [400.0, 1e-06, 1e-06]}, "datetime": {"datetime": "2025-08-11 16:56:31", "elapsed": 1871.1561195850372, "delta": 29.867210149765015}, "costs": {"total_cost": 1966.148806087174, "time_cost": 150, "final_distance_cost": 1.291924413854188, "oscillation_cost": 597.7232211653424, "completition_cost": 1000.0, "overshoot_cost": 87.57087363944244, "power_cost": 58.71630114746094, "noise_cost": 70.84648572107429, "n_waypoints_completed": 0, "tot_waypoints": 9}}
{"target": -300.98338247506223, "params": {"k_pid_pos": [0.9301312459225931, 0.18130633211209826, 0.4569243768021188], "k_pid_alt": [1.9836918551154676, 0.20554807277979736, 0.7207423734388728], "k_pid_att": [20.544552599799996, 6.429407741581208, 0.6749175571833437], "k_pid_yaw": [0.5, 1e-06, 0.1], "k_pid_hsp": [1.0780792828428722, 0.0, 0.03730585830466574], "k_pid_vsp": [48.12664786571924, 1e-06, 14.634861968039777]}, "datetime": {"datetime": "2025-08-11 16:57:00", "elapsed": 1900.1905443668365, "delta": 29.034424781799316}, "costs": {"total_cost": 300.98338247506223, "time_cost": 116.501, "final_distance_cost": 1.7917812831985023, "oscillation_cost": 72.2025336315293, "completition_cost": 0.0, "overshoot_cost": 54.21896142852869, "power_cost": 28.704266149902345, "noise_cost": 27.564839981903308, "n_waypoints_completed": 9, "tot_waypoints": 9}}
{"target": -328.25075157291826, "params": {"k_pid_pos": [1.1465378395691335, 0.30222056113086804, 0.0], "k_pid_alt": [1.9240995195395263, 0.14678236562269895, 1.0], "k_pid_att": [9.713623758789614, 4.802593329741348, 1.0], "k_pid_yaw": [0.5, 1e-06, 0.1], "k_pid_hsp": [6.557529783997407, 0.0, 0.5883291963657591], "k_pid_vsp": [354.0451994170766, 1e-06, 55.99050356155892]}, "datetime": {"datetime": "2025-08-11 16:57:24", "elapsed": 1923.3986723423004, "delta": 23.208127975463867}, "costs": {"total_cost": 328.25075157291826, "time_cost": 92.75, "final_distance_cost": 1.741529289461194, "oscillation_cost": 132.08377583597843, "completition_cost": 0.0, "overshoot_cost": 54.501308123783105, "power_cost": 24.96445057373047, "noise_cost": 22.20968774996504, "n_waypoints_completed": 9, "tot_waypoints": 9}}
{"target": -278.3127646956182, "params": {"k_pid_pos": [1.090587959001613, 0.24383258283605302, 0.8772027752451548], "k_pid_alt": [1.6371332932316358, 0.1203621178395629, 1.0], "k_pid_att": [33.20597175999486, 5.423678020763081, 0.7083794090784328], "k_pid_yaw": [0.5, 1e-06, 0.1], "k_pid_hsp": [5.681918289787462, 0.17149899741677696, 0.0], "k_pid_vsp": [235.4476291272259, 143.31375514299378, 51.47221891968341]}, "datetime": {"datetime": "2025-08-11 16:57:52", "elapsed": 1952.1552519798279, "delta": 28.756579637527466}, "costs": {"total_cost": 278.3127646956182, "time_cost": 114.009, "final_distance_cost": 1.7534371909530353, "oscillation_cost": 55.08368566328787, "completition_cost": 0.0, "overshoot_cost": 52.90093668157919, "power_cost": 28.772592102050783, "noise_cost": 25.793113057747306, "n_waypoints_completed": 9, "tot_waypoints": 9}}
{"target": -1469.4502642961265, "params": {"k_pid_pos": [0.0001, 0.16211760323029653, 0.6819781563551625], "k_pid_alt": [1.013430589118825, 0.1738426270122534, 0.6942079888166512], "k_pid_att": [54.363388977777156, 4.483842219768371, 0.930218349736382], "k_pid_yaw": [0.5, 1e-06, 0.1], "k_pid_hsp": [0.0001, 0.0, 0.01580473640400466], "k_pid_vsp": [0.0, 48.68044634127861, 21.394543456619157]}, "datetime": {"datetime": "2025-08-11 16:58:22", "elapsed": 1982.0099093914032, "delta": 29.854657411575317}, "costs": {"total_cost": 1469.4502642961265, "time_cost": 150, "final_distance_cost": 0.9986620641919115, "oscillation_cost": 9.841107434448842, "completition_cost": 1000.0, "overshoot_cost": 163.79993442792843, "power_cost": 28.947909716796875, "noise_cost": 115.86265065276055, "n_waypoints_completed": 0, "tot_waypoints": 9}}
{"target": -303.8883638906734, "params": {"k_pid_pos": [1.875203977909357, 0.6089900740172353, 0.0360765336733635], "k_pid_alt": [1.4904784521698735, 0.1062192131511696, 0.06909146653530678], "k_pid_att": [10.179413749105146, 2.169422787661972, 1.0], "k_pid_yaw": [0.5, 1e-06, 0.1], "k_pid_hsp": [9.97658966314396, 0.0453609933931007, 0.13605242288145525], "k_pid_vsp": [100.50234598014951, 65.4847116019303, 42.41573307305459]}, "datetime": {"datetime": "2025-08-11 16:58:46", "elapsed": 2005.6346735954285, "delta": 23.62476420402527}, "costs": {"total_cost": 303.8883638906734, "time_cost": 94.43, "final_distance_cost": 1.7562243230827563, "oscillation_cost": 94.67450152823149, "completition_cost": 0.0, "overshoot_cost": 62.218634945994474, "power_cost": 26.482813684082032, "noise_cost": 24.32618940928262, "n_waypoints_completed": 9, "tot_waypoints": 9}}
{"target": -1912.4381662994779, "params": {"k_pid_pos": [0.2922564000599885, 0.10396907124472758, 0.0], "k_pid_alt": [2.0, 0.0, 0.0], "k_pid_att": [1.3066131288918754, 5.987408099947768, 0.9752628361918916], "k_pid_yaw": [0.5, 1e-06, 0.1], "k_pid_hsp": [0.0001, 0.18910546553567967, 0.0644196115825535], "k_pid_vsp": [224.8073785210165, 16.956441269408497, 13.958534280281553]}, "datetime": {"datetime": "2025-08-11 16:59:16", "elapsed": 2035.5039367675781, "delta": 29.869263172149658}, "costs": {"total_cost": 1912.4381662994779, "time_cost": 150, "final_distance_cost": 63.85400305583036, "oscillation_cost": 458.5968366984466, "completition_cost": 888.8888888888888, "overshoot_cost": 178.16861724128475, "power_cost": 58.28556392822266, "noise_cost": 114.6442564868047, "n_waypoints_completed": 1, "tot_waypoints": 9}}
{"target": -254.84057388238904, "params": {"k_pid_pos": [0.2514831449954027, 0.41373251901945474, 0.31133572008151844], "k_pid_alt": [2.0, 0.0, 0.5176339142735036], "k_pid_att": [12.863626467686748, 5.303328324219692, 1.0], "k_pid_yaw": [0.5, 1e-06, 0.1], "k_pid_hsp": [2.7254583817722344, 0.0, 0.04893248294928404], "k_pid_vsp": [233.0345339128779, 106.89379902402038, 1.5288124538627887]}, "datetime": {"datetime": "2025-08-11 16:59:39", "elapsed": 2059.1573581695557, "delta": 23.65342140197754}, "costs": {"total_cost": 254.84057388238904, "time_cost": 94.899, "final_distance_cost": 1.7984047143623558, "oscillation_cost": 55.565436865063035, "completition_cost": 0.0, "overshoot_cost": 54.55943354712998, "power_cost": 20.03609597167969, "noise_cost": 27.982202784153955, "n_waypoints_completed": 9, "tot_waypoints": 9}}
{"target": -267.4037348334018, "params": {"k_pid_pos": [0.9830881066191944, 0.5726724943020077, 0.38194314252127914], "k_pid_alt": [2.0, 0.11876337470845845, 1.0], "k_pid_att": [10.802498826125777, 5.916827017197924, 1.0], "k_pid_yaw": [0.5, 1e-06, 0.1], "k_pid_hsp": [3.3593192377556047, 0.0, 0.0], "k_pid_vsp": [0.0, 50.998564952952535, 1e-06]}, "datetime": {"datetime": "2025-08-11 17:00:03", "elapsed": 2082.7555475234985, "delta": 23.59818935394287}, "costs": {"total_cost": 267.4037348334018, "time_cost": 95.571, "final_distance_cost": 1.7561229128975873, "oscillation_cost": 64.40296216864756, "completition_cost": 0.0, "overshoot_cost": 57.127557632699975, "power_cost": 23.149755700683595, "noise_cost": 25.396336418473112, "n_waypoints_completed": 9, "tot_waypoints": 9}}
