{"target": -297.06475006950166, "params": {"k_pid_pos": [1.082214891180428, 0.2831739048632414, 0.4042762627976146], "k_pid_alt": [1.2275437518824004, 0.0, 0.633161034140501], "k_pid_att": [49.10603197331468, 0.5905355760532268, 0.8395847238165935], "k_pid_yaw": [0.5, 1e-06, 0.1], "k_pid_hsp": [4.2742383676212095, 0.00021829937841910037, 0.030569582987219828], "k_pid_vsp": [28.510331337390056, 1e-06, 3.903660299877887]}, "datetime": {"datetime": "2025-08-11 17:00:26", "elapsed": 2105.6475517749786, "delta": 22.892004251480103}, "costs": {"total_cost": 297.06475006950166, "time_cost": 91.637, "final_distance_cost": 1.8308704283733013, "oscillation_cost": 101.82817045433677, "completition_cost": 0.0, "overshoot_cost": 54.105964583168486, "power_cost": 20.01163497314453, "noise_cost": 27.651109630478594, "n_waypoints_completed": 9, "tot_waypoints": 9}}
{"target": -258.30281960185283, "params": {"k_pid_pos": [0.7663192598091105, 0.3392613577611823, 0.10484819660582466], "k_pid_alt": [2.0, 0.37242980567416134, 1.0], "k_pid_att": [43.7833777631263, 8.319562345506705, 1.0], "k_pid_yaw": [0.5, 1e-06, 0.1], "k_pid_hsp": [4.02179369145878, 0.0, 0.0], "k_pid_vsp": [135.26255006537022, 166.08818961750816, 65.68317667003998]}, "datetime": {"datetime": "2025-08-11 17:00:52", "elapsed": 2132.184939622879, "delta": 26.53738784790039}, "costs": {"total_cost": 258.30281960185283, "time_cost": 108.269, "final_distance_cost": 1.7600307124434225, "oscillation_cost": 44.114916998056295, "completition_cost": 0.0, "overshoot_cost": 51.950518726917245, "power_cost": 27.48251003417969, "noise_cost": 24.72584313025617, "n_waypoints_completed": 9, "tot_waypoints": 9}}
{"target": -1226.5749534790264, "params": {"k_pid_pos": [0.0001, 0.3667465150220608, 0.3201785092388847], "k_pid_alt": [0.6178507744556027, 1.0, 0.44933984259423027], "k_pid_att": [32.060500080937025, 6.437788187815084, 0.8762622897796404], "k_pid_yaw": [0.5, 1e-06, 0.1], "k_pid_hsp": [2.307047987661044, 0.16590363595880084, 0.023630969327629536], "k_pid_vsp": [122.06381170625458, 32.72082393023868, 22.697557076129147]}, "datetime": {"datetime": "2025-08-11 17:01:23", "elapsed": 2163.1503913402557, "delta": 30.96545171737671}, "costs": {"total_cost": 1226.5749534790264, "time_cost": 150, "final_distance_cost": 69.05793932342414, "oscillation_cost": 24.67522175778749, "completition_cost": 888.8888888888888, "overshoot_cost": 37.42096327922668, "power_cost": 28.652544482421877, "noise_cost": 27.879395747277357, "n_waypoints_completed": 1, "tot_waypoints": 9}}
{"target": -510.2983107525094, "params": {"k_pid_pos": [2.0, 0.4893119932107936, 0.0], "k_pid_alt": [2.0, 0.18639861684351475, 0.5690284349189847], "k_pid_att": [31.326994877468426, 7.758628132470013, 0.4414982097790183], "k_pid_yaw": [0.5, 1e-06, 0.1], "k_pid_hsp": [5.903444711566183, 0.0, 0.03913521708041443], "k_pid_vsp": [342.28838336103655, 71.31883885284566, 165.07980180792165]}, "datetime": {"datetime": "2025-08-11 17:01:53", "elapsed": 2192.739153146744, "delta": 29.588761806488037}, "costs": {"total_cost": 510.2983107525094, "time_cost": 150, "final_distance_cost": 3.788692857533518, "oscillation_cost": 118.73730560124518, "completition_cost": 111.11111111111116, "overshoot_cost": 65.63734767063652, "power_cost": 32.601312060546874, "noise_cost": 28.42254145143613, "n_waypoints_completed": 8, "tot_waypoints": 9}}
{"target": -1294.1036424047743, "params": {"k_pid_pos": [0.5345062711820964, 0.3851149813704939, 0.3423728344494415], "k_pid_alt": [2.0, 0.18975468712942611, 0.7104096408582364], "k_pid_att": [10.932701980665522, 7.2151054899901945, 1.0], "k_pid_yaw": [0.5, 1e-06, 0.1], "k_pid_hsp": [0.0001, 0.17897199223379814, 0.0], "k_pid_vsp": [31.644742744294618, 1e-06, 1e-06]}, "datetime": {"datetime": "2025-08-11 17:02:22", "elapsed": 2222.2794296741486, "delta": 29.540276527404785}, "costs": {"total_cost": 1294.1036424047743, "time_cost": 150, "final_distance_cost": 94.28985316093168, "oscillation_cost": 128.6162455522496, "completition_cost": 777.7777777777778, "overshoot_cost": 76.2907461093684, "power_cost": 31.695253613281253, "noise_cost": 35.4337661911654, "n_waypoints_completed": 2, "tot_waypoints": 9}}
{"target": -201.1101733362114, "params": {"k_pid_pos": [1.1519867613913346, 0.303862380589005, 0.4013360031455779], "k_pid_alt": [2.0, 0.0, 0.761673172909775], "k_pid_att": [41.4447760227503, 7.927192955045868, 1.0], "k_pid_yaw": [0.5, 1e-06, 0.1], "k_pid_hsp": [2.703757215101294, 0.1338103469564014, 0.0], "k_pid_vsp": [39.67473223926004, 119.08652005916116, 1e-06]}, "datetime": {"datetime": "2025-08-11 17:02:41", "elapsed": 2241.215595960617, "delta": 18.936166286468506}, "costs": {"total_cost": 201.1101733362114, "time_cost": 75.054, "final_distance_cost": 1.8198677835697907, "oscillation_cost": 35.905896630806794, "completition_cost": 0.0, "overshoot_cost": 50.08548620176218, "power_cost": 16.04458659667969, "noise_cost": 22.200336123392923, "n_waypoints_completed": 9, "tot_waypoints": 9}}
{"target": -2085.5231056542375, "params": {"k_pid_pos": [1.4924996561694208, 0.5489916698407944, 0.09282927612941655], "k_pid_alt": [1.9192117472169787, 0.0, 0.44848080757008174], "k_pid_att": [33.38335215153504, 5.185313139826067, 0.7324083053944482], "k_pid_yaw": [0.5, 1e-06, 0.1], "k_pid_hsp": [0.0001, 0.021564811167385595, 0.23620094956792084], "k_pid_vsp": [217.58462797745815, 147.63186992564093, 1e-06]}, "datetime": {"datetime": "2025-08-11 17:03:13", "elapsed": 2273.2126994132996, "delta": 31.997103452682495}, "costs": {"total_cost": 2085.5231056542375, "time_cost": 150, "final_distance_cost": 45.555714375721614, "oscillation_cost": 800.6361245395243, "completition_cost": 1000.0, "overshoot_cost": 25.873019661631535, "power_cost": 32.477118176269535, "noise_cost": 30.981128901090408, "n_waypoints_completed": 0, "tot_waypoints": 9}}
{"target": -272.0172447962583, "params": {"k_pid_pos": [0.5781562756692299, 0.5052838388120341, 0.04538177697765818], "k_pid_alt": [1.165421538368771, 0.2927945795184817, 0.0], "k_pid_att": [34.69480679060231, 8.971408605376014, 1.0], "k_pid_yaw": [0.5, 1e-06, 0.1], "k_pid_hsp": [5.430802197237882, 0.0, 0.07444489023339149], "k_pid_vsp": [329.6470020507746, 205.4848947044744, 168.76961376086834]}, "datetime": {"datetime": "2025-08-11 17:03:38", "elapsed": 2298.151896715164, "delta": 24.939197301864624}, "costs": {"total_cost": 272.0172447962583, "time_cost": 83.608, "final_distance_cost": 1.8105579132878833, "oscillation_cost": 91.94904421104238, "completition_cost": 0.0, "overshoot_cost": 52.54898115306682, "power_cost": 22.163850622558595, "noise_cost": 19.936810896302603, "n_waypoints_completed": 9, "tot_waypoints": 9}}
{"target": -1362.4392187530648, "params": {"k_pid_pos": [1.589391468955366, 0.10475332095850065, 0.17447942971077188], "k_pid_alt": [2.0, 0.19919609718337886, 0.5865279124124552], "k_pid_att": [27.976523187254855, 10.0, 0.0], "k_pid_yaw": [0.5, 1e-06, 0.1], "k_pid_hsp": [6.61542105173447, 0.0, 0.05706136945365403], "k_pid_vsp": [0.0, 77.52887570201612, 53.41073171224823]}, "datetime": {"datetime": "2025-08-11 17:04:10", "elapsed": 2329.6125078201294, "delta": 31.46061110496521}, "costs": {"total_cost": 1362.4392187530648, "time_cost": 150, "final_distance_cost": 46.79916456120113, "oscillation_cost": 568.1200999267023, "completition_cost": 444.4444444444444, "overshoot_cost": 80.51598062306212, "power_cost": 34.03490875244141, "noise_cost": 38.52462044521324, "n_waypoints_completed": 5, "tot_waypoints": 9}}
{"target": -14372.690210906992, "params": {"k_pid_pos": [0.8124768517417792, 0.7816161212327016, 0.12581806767667386], "k_pid_alt": [1.6352390147894564, 0.02686663963179083, 0.6630954475168614], "k_pid_att": [0.0, 3.6121665075671263, 1.0], "k_pid_yaw": [0.5, 1e-06, 0.1], "k_pid_hsp": [3.351557882123943, 0.2757692292032423, 0.08721487065546445], "k_pid_vsp": [309.4680284903416, 1e-06, 25.3366182022958]}, "datetime": {"datetime": "2025-08-11 17:04:40", "elapsed": 2359.5410063266754, "delta": 29.92849850654602}, "costs": {"total_cost": 14372.690210906992, "time_cost": 150, "final_distance_cost": 3915.4823636942306, "oscillation_cost": 1823.5627028112683, "completition_cost": 1000.0, "overshoot_cost": 7280.506894671174, "power_cost": 58.421437731933594, "noise_cost": 144.716811998388, "n_waypoints_completed": 0, "tot_waypoints": 9}}
{"target": -4907.835291780847, "params": {"k_pid_pos": [0.6189927362878099, 0.6819357149799798, 0.3836697435089664], "k_pid_alt": [1.271175802038399, 0.0, 0.49888740524021263], "k_pid_att": [0.0, 1.1607367323052837, 0.801429335676097], "k_pid_yaw": [0.5, 1e-06, 0.1], "k_pid_hsp": [6.867474225034971, 0.7836452800010033, 0.0], "k_pid_vsp": [163.32233192995866, 155.63204430893217, 25.641909060343817]}, "datetime": {"datetime": "2025-08-11 17:05:10", "elapsed": 2389.5544431209564, "delta": 30.013436794281006}, "costs": {"total_cost": 4907.835291780847, "time_cost": 150, "final_distance_cost": 610.0011872684062, "oscillation_cost": 1292.4227068085995, "completition_cost": 1000.0, "overshoot_cost": 1629.8501414560858, "power_cost": 58.44931099853516, "noise_cost": 167.1119452492202, "n_waypoints_completed": 0, "tot_waypoints": 9}}
{"target": -365.6466065027946, "params": {"k_pid_pos": [0.8169854366982893, 0.4876774276521412, 0.7189755156067638], "k_pid_alt": [1.5662084878072795, 0.7260893538239038, 0.8969555379668352], "k_pid_att": [34.689593611690206, 6.814874539536206, 0.4005851129915217], "k_pid_yaw": [0.5, 1e-06, 0.1], "k_pid_hsp": [1.7138876397454192, 0.0041606857247453895, 0.029902816284658632], "k_pid_vsp": [53.24845301624388, 117.97844906049154, 1e-06]}, "datetime": {"datetime": "2025-08-11 17:05:35", "elapsed": 2414.91095495224, "delta": 25.35651183128357}, "costs": {"total_cost": 365.6466065027946, "time_cost": 101.759, "final_distance_cost": 1.7422701404955905, "oscillation_cost": 156.63192572239728, "completition_cost": 0.0, "overshoot_cost": 55.653792196670175, "power_cost": 21.439406970214844, "noise_cost": 28.42021147301669, "n_waypoints_completed": 9, "tot_waypoints": 9}}
{"target": -713.5966170008844, "params": {"k_pid_pos": [0.49680182087323027, 0.2701899426689567, 0.1833322174336206], "k_pid_alt": [1.2703338590573494, 0.15531047617431895, 1.0], "k_pid_att": [29.875865094120794, 4.135556604468412, 1.0], "k_pid_yaw": [0.5, 1e-06, 0.1], "k_pid_hsp": [7.407307480956142, 0.0, 0.0], "k_pid_vsp": [168.80555493252382, 69.12940374557064, 143.39553545106241]}, "datetime": {"datetime": "2025-08-11 17:06:05", "elapsed": 2445.0513892173767, "delta": 30.14043426513672}, "costs": {"total_cost": 713.5966170008844, "time_cost": 150, "final_distance_cost": 74.4822786247781, "oscillation_cost": 32.556884598599396, "completition_cost": 333.33333333333337, "overshoot_cost": 66.13549773760137, "power_cost": 30.08968369140625, "noise_cost": 26.998939015166055, "n_waypoints_completed": 6, "tot_waypoints": 9}}
{"target": -1343.842416378544, "params": {"k_pid_pos": [0.7577426665330642, 0.17825152346739884, 1.0], "k_pid_alt": [1.0754124740114663, 0.1231416697079688, 0.4821248853433411], "k_pid_att": [31.106670114317307, 0.0001, 1.0], "k_pid_yaw": [0.5, 1e-06, 0.1], "k_pid_hsp": [0.0001, 0.06869758124073592, 0.0], "k_pid_vsp": [128.54287957963604, 1e-06, 90.13675122743119]}, "datetime": {"datetime": "2025-08-11 17:06:35", "elapsed": 2475.0106642246246, "delta": 29.959275007247925}, "costs": {"total_cost": 1343.842416378544, "time_cost": 150, "final_distance_cost": 59.00118473564318, "oscillation_cost": 90.95048479483516, "completition_cost": 888.8888888888888, "overshoot_cost": 93.09617515691583, "power_cost": 31.402063525390627, "noise_cost": 30.503619276870207, "n_waypoints_completed": 1, "tot_waypoints": 9}}
{"target": -1465.9134451473396, "params": {"k_pid_pos": [1.1651676745334496, 0.1955926655948522, 0.2553983764622603], "k_pid_alt": [0.0, 0.009647647176445022, 0.0], "k_pid_att": [21.1452518557706, 2.858900289983888, 0.6432645803217776], "k_pid_yaw": [0.5, 1e-06, 0.1], "k_pid_hsp": [5.036784685314115, 0.0, 0.0], "k_pid_vsp": [116.94846080354641, 83.77609384563753, 76.65363889034082]}, "datetime": {"datetime": "2025-08-11 17:07:05", "elapsed": 2504.875734567642, "delta": 29.865070343017578}, "costs": {"total_cost": 1465.9134451473396, "time_cost": 150, "final_distance_cost": 0.9981413085433176, "oscillation_cost": 8.682687142476452, "completition_cost": 1000.0, "overshoot_cost": 163.02075613581667, "power_cost": 29.11081520996094, "noise_cost": 114.10104535054244, "n_waypoints_completed": 0, "tot_waypoints": 9}}
{"target": -195.5092959820755, "params": {"k_pid_pos": [1.4178874575969458, 0.2448348968129741, 0.1478489913803168], "k_pid_alt": [2.0, 0.008491034771338066, 0.6944762251810616], "k_pid_att": [14.816656270154661, 10.0, 1.0], "k_pid_yaw": [0.5, 1e-06, 0.1], "k_pid_hsp": [4.078825684193267, 0.0033089709952291344, 0.0], "k_pid_vsp": [79.05097470514285, 33.59256551910286, 8.03285082597961]}, "datetime": {"datetime": "2025-08-11 17:07:22", "elapsed": 2521.907475233078, "delta": 17.03174066543579}, "costs": {"total_cost": 195.5092959820755, "time_cost": 69.57300000000001, "final_distance_cost": 1.8007607982195206, "oscillation_cost": 37.71645313061328, "completition_cost": 0.0, "overshoot_cost": 50.421690012519974, "power_cost": 15.213350634765625, "noise_cost": 20.7840414059571, "n_waypoints_completed": 9, "tot_waypoints": 9}}
{"target": -1216.1141741639094, "params": {"k_pid_pos": [1.502601566482334, 0.31947390440519224, 0.41793399187330316], "k_pid_alt": [2.0, 0.0, 0.6237972746613039], "k_pid_att": [42.42101263450579, 5.315724289731608, 0.0], "k_pid_yaw": [0.5, 1e-06, 0.1], "k_pid_hsp": [0.0001, 0.044730063292176124, 0.0], "k_pid_vsp": [249.40905245093435, 1e-06, 1e-06]}, "datetime": {"datetime": "2025-08-11 17:07:53", "elapsed": 2552.7961621284485, "delta": 30.888686895370483}, "costs": {"total_cost": 1216.1141741639094, "time_cost": 150, "final_distance_cost": 94.78085604177366, "oscillation_cost": 33.15232946083204, "completition_cost": 777.7777777777778, "overshoot_cost": 104.19403351200941, "power_cost": 22.617859411621094, "noise_cost": 33.59131795989527, "n_waypoints_completed": 2, "tot_waypoints": 9}}
{"target": -297.685420494103, "params": {"k_pid_pos": [1.086160980203635, 0.18512312648372156, 0.37456771865754196], "k_pid_alt": [1.451412528699266, 0.006968471906657142, 0.8473287065587439], "k_pid_att": [24.749804063840372, 9.42266464647575, 1.0], "k_pid_yaw": [0.5, 1e-06, 0.1], "k_pid_hsp": [6.084639815547839, 0.02516818462453327, 0.06355902272799187], "k_pid_vsp": [0.0, 84.50267047167166, 1e-06]}, "datetime": {"datetime": "2025-08-11 17:08:13", "elapsed": 2572.8329689502716, "delta": 20.03680682182312}, "costs": {"total_cost": 297.685420494103, "time_cost": 78.001, "final_distance_cost": 1.7665818246644671, "oscillation_cost": 123.4706357081313, "completition_cost": 0.0, "overshoot_cost": 53.8208391963537, "power_cost": 21.077804931640625, "noise_cost": 19.548558833312942, "n_waypoints_completed": 9, "tot_waypoints": 9}}
{"target": -220.48039432587888, "params": {"k_pid_pos": [0.9854669215366046, 0.4080217366025745, 0.320825449969723], "k_pid_alt": [2.0, 0.0, 0.7902449589335682], "k_pid_att": [54.763702130539365, 5.637227551715209, 0.8249958201994758], "k_pid_yaw": [0.5, 1e-06, 0.1], "k_pid_hsp": [3.5000870487112103, 0.0, 0.014560159275898425], "k_pid_vsp": [130.89238885640557, 46.11587847762161, 9.579074655547696]}, "datetime": {"datetime": "2025-08-11 17:08:33", "elapsed": 2592.944795846939, "delta": 20.11182689666748}, "costs": {"total_cost": 220.48039432587888, "time_cost": 79.947, "final_distance_cost": 1.8158231207824111, "oscillation_cost": 46.58136894618797, "completition_cost": 0.0, "overshoot_cost": 51.393411358198286, "power_cost": 19.610390844726563, "noise_cost": 21.132400055983666, "n_waypoints_completed": 9, "tot_waypoints": 9}}
{"target": -3158.2460099712844, "params": {"k_pid_pos": [1.5263182441111471, 0.2956675502264821, 0.35971320203746276], "k_pid_alt": [1.3567405888277315, 0.014537462310412827, 1.0], "k_pid_att": [0.0, 1.926919600265698, 1.0], "k_pid_yaw": [0.5, 1e-06, 0.1], "k_pid_hsp": [5.689949906653664, 0.049570703889541545, 0.009912284215919711], "k_pid_vsp": [90.93504702600433, 1e-06, 4.638122984838355]}, "datetime": {"datetime": "2025-08-11 17:09:03", "elapsed": 2622.9677968025208, "delta": 30.023000955581665}, "costs": {"total_cost": 3158.2460099712844, "time_cost": 150, "final_distance_cost": 104.05454448198292, "oscillation_cost": 1119.0425103600069, "completition_cost": 1000.0, "overshoot_cost": 562.6547023969623, "power_cost": 58.363386633300784, "noise_cost": 164.13086609903135, "n_waypoints_completed": 0, "tot_waypoints": 9}}
{"target": -221.32822741823855, "params": {"k_pid_pos": [0.6803038758472377, 0.39099603446181375, 0.21791424115877853], "k_pid_alt": [1.2730975641271784, 0.018997063160729858, 0.6076870868274349], "k_pid_att": [48.106219515934185, 4.468624570329722, 0.3505056188308811], "k_pid_yaw": [0.5, 1e-06, 0.1], "k_pid_hsp": [4.435726329389202, 0.04277241828860969, 0.0], "k_pid_vsp": [74.92368947839098, 17.93956245795332, 8.260394341739564]}, "datetime": {"datetime": "2025-08-11 17:09:23", "elapsed": 2642.4869153499603, "delta": 19.519118547439575}, "costs": {"total_cost": 221.32822741823855, "time_cost": 78.015, "final_distance_cost": 1.7926038862072042, "oscillation_cost": 50.25685171079373, "completition_cost": 0.0, "overshoot_cost": 51.865239299561345, "power_cost": 16.32601767578125, "noise_cost": 23.072514845894997, "n_waypoints_completed": 9, "tot_waypoints": 9}}
{"target": -552.2697540140922, "params": {"k_pid_pos": [1.1003359510261295, 0.2440161946773588, 0.47787676469745305], "k_pid_alt": [2.0, 0.0, 0.6971343164192697], "k_pid_att": [47.57087301126035, 6.605277478992389, 0.12493616387300362], "k_pid_yaw": [0.5, 1e-06, 0.1], "k_pid_hsp": [4.700688013881962, 0.06439158006939155, 0.05754928300916105], "k_pid_vsp": [91.59137685800688, 38.33578203132633, 3.7903947360505215]}, "datetime": {"datetime": "2025-08-11 17:09:43", "elapsed": 2662.3961284160614, "delta": 19.909213066101074}, "costs": {"total_cost": 552.2697540140922, "time_cost": 79.59, "final_distance_cost": 1.8180700264093095, "oscillation_cost": 374.69797034543245, "completition_cost": 0.0, "overshoot_cost": 51.60961412835064, "power_cost": 22.496243298339845, "noise_cost": 22.05785621555988, "n_waypoints_completed": 9, "tot_waypoints": 9}}
{"target": -1026.0971199723774, "params": {"k_pid_pos": [0.04578222278367187, 0.6511403633500112, 0.005343863636371293], "k_pid_alt": [1.3346141110771033, 0.0, 0.8648274376105359], "k_pid_att": [18.439979562945396, 10.0, 0.9303796380397452], "k_pid_yaw": [0.5, 1e-06, 0.1], "k_pid_hsp": [4.097204371868908, 0.0, 0.032747060344446875], "k_pid_vsp": [87.30890834125523, 66.60365932365384, 1e-06]}, "datetime": {"datetime": "2025-08-11 17:10:12", "elapsed": 2692.0116171836853, "delta": 29.6154887676239}, "costs": {"total_cost": 1026.0971199723774, "time_cost": 150, "final_distance_cost": 55.47706858783228, "oscillation_cost": 52.5822757825227, "completition_cost": 666.6666666666667, "overshoot_cost": 43.42908029256772, "power_cost": 24.189155383300783, "noise_cost": 33.75287325948721, "n_waypoints_completed": 3, "tot_waypoints": 9}}
{"target": -601.1558538293735, "params": {"k_pid_pos": [0.6003709273910219, 0.060720462879913756, 1.0], "k_pid_alt": [2.0, 0.027119722075619145, 1.0], "k_pid_att": [31.370034231667162, 4.317442593500913, 0.9520973495993655], "k_pid_yaw": [0.5, 1e-06, 0.1], "k_pid_hsp": [7.406167408767949, 0.0, 0.3836602068188381], "k_pid_vsp": [323.7898885280277, 1e-06, 1e-06]}, "datetime": {"datetime": "2025-08-11 17:10:35", "elapsed": 2715.0614483356476, "delta": 23.04983115196228}, "costs": {"total_cost": 601.1558538293735, "time_cost": 93.17, "final_distance_cost": 1.8543792288380312, "oscillation_cost": 398.4072914014763, "completition_cost": 0.0, "overshoot_cost": 55.485529297069846, "power_cost": 23.453543994140627, "noise_cost": 28.785109907848675, "n_waypoints_completed": 9, "tot_waypoints": 9}}
{"target": -199.46541175413972, "params": {"k_pid_pos": [1.2681337914439121, 0.3658173333148027, 0.20372684357974777], "k_pid_alt": [1.3740178990260319, 0.0, 0.712051941040075], "k_pid_att": [38.2610028493336, 3.0674431935196256, 1.0], "k_pid_yaw": [0.5, 1e-06, 0.1], "k_pid_hsp": [1.779437947013263, 0.10265919947338674, 0.0], "k_pid_vsp": [247.45045651251894, 76.54622003132307, 25.07707868929118]}, "datetime": {"datetime": "2025-08-11 17:10:54", "elapsed": 2733.36923122406, "delta": 18.307782888412476}, "costs": {"total_cost": 199.46541175413972, "time_cost": 74.361, "final_distance_cost": 1.7835689929219578, "oscillation_cost": 33.938243427133806, "completition_cost": 0.0, "overshoot_cost": 50.69427216903108, "power_cost": 19.990362072753907, "noise_cost": 18.697965092298965, "n_waypoints_completed": 9, "tot_waypoints": 9}}
{"target": -246.99899680341824, "params": {"k_pid_pos": [0.20637939360614546, 0.3603223057304401, 0.12950347230255074], "k_pid_alt": [2.0, 0.055937807053017756, 0.618112201857386], "k_pid_att": [33.66069674127416, 4.039597332813515, 0.6961284508436948], "k_pid_yaw": [0.5, 1e-06, 0.1], "k_pid_hsp": [3.7948963990740636, 0.05714339017062669, 0.0045630000518892344], "k_pid_vsp": [169.3799390680601, 55.26411967690556, 4.5890803200924895]}, "datetime": {"datetime": "2025-08-11 17:11:21", "elapsed": 2760.4956183433533, "delta": 27.126387119293213}, "costs": {"total_cost": 246.99899680341824, "time_cost": 104.965, "final_distance_cost": 1.801137274811651, "oscillation_cost": 35.941204046420076, "completition_cost": 0.0, "overshoot_cost": 54.30612258444129, "power_cost": 19.96015203857422, "noise_cost": 30.02538085917101, "n_waypoints_completed": 9, "tot_waypoints": 9}}
