{"target": -189.28284154424196, "params": {"k_pid_pos": [1.1892052484306603, 0.054530938824890574, 0.06327517151535816], "k_pid_alt": [1.0098959370784346, 0.0024670871709064138, 0.04582106249604115], "k_pid_att": [13.793015493846411, 0.8838844792305495, 0.8189109028472134], "k_pid_yaw": [0.5, 1e-06, 0.1], "k_pid_hsp": [0.2639137711416739, 0.0, 0.0], "k_pid_vsp": [238.78366210571627, 37.47138682380169, 2.1141553478087527]}, "datetime": {"datetime": "2025-08-11 18:56:27", "elapsed": 9066.57440161705, "delta": 17.021844387054443}, "costs": {"total_cost": 189.28284154424196, "time_cost": 70.371, "final_distance_cost": 1.7992274435611986, "oscillation_cost": 30.177163087064834, "completition_cost": 0.0, "overshoot_cost": 51.26433001424632, "power_cost": 14.676453540039063, "noise_cost": 20.994667459330543, "n_waypoints_completed": 9, "tot_waypoints": 9}}
{"target": -658.6726430853007, "params": {"k_pid_pos": [0.8719718910714702, 0.03530289341353549, 0.007942309354224311], "k_pid_alt": [2.0, 0.003293499734093347, 0.09058790865798576], "k_pid_att": [13.783634355953424, 1.6087526539770511, 0.4370965107184437], "k_pid_yaw": [0.5, 1e-06, 0.1], "k_pid_hsp": [0.017765394312606726, 0.013535522960196783, 0.0], "k_pid_vsp": [174.45342971377082, 84.54336616024925, 3.1619569265263596]}, "datetime": {"datetime": "2025-08-11 18:56:56", "elapsed": 9096.221410989761, "delta": 29.64700937271118}, "costs": {"total_cost": 658.6726430853007, "time_cost": 150, "final_distance_cost": 53.99976846827829, "oscillation_cost": 15.731072039652872, "completition_cost": 333.33333333333337, "overshoot_cost": 50.49944661212005, "power_cost": 22.184711364746097, "noise_cost": 32.924311267169976, "n_waypoints_completed": 6, "tot_waypoints": 9}}
{"target": -188.20749456572952, "params": {"k_pid_pos": [0.6853438684092769, 0.0858522687017542, 0.08924871108654336], "k_pid_alt": [1.3558764074656697, 0.0, 0.08608813665343386], "k_pid_att": [13.276145208993597, 1.5830629743671512, 0.8304657062459874], "k_pid_yaw": [0.5, 1e-06, 0.1], "k_pid_hsp": [0.1442168490768145, 0.017297376991667276, 0.0], "k_pid_vsp": [109.44163791616025, 34.5685417191442, 1e-06]}, "datetime": {"datetime": "2025-08-11 18:57:15", "elapsed": 9114.529601812363, "delta": 18.30819082260132}, "costs": {"total_cost": 188.20749456572952, "time_cost": 73.549, "final_distance_cost": 1.8199616187227003, "oscillation_cost": 25.24043771897831, "completition_cost": 0.0, "overshoot_cost": 50.881198552697455, "power_cost": 14.728848742675781, "noise_cost": 21.98804793265525, "n_waypoints_completed": 9, "tot_waypoints": 9}}
{"target": -205.95089878069115, "params": {"k_pid_pos": [1.2245824515308874, 0.01312479539536942, 0.034459658769061464], "k_pid_alt": [0.32968740794416024, 0.007628073985282456, 0.0057919926477803104], "k_pid_att": [19.235567331570433, 1.6553106705604683, 1.0], "k_pid_yaw": [0.5, 1e-06, 0.1], "k_pid_hsp": [0.21007746394983237, 0.003176587056337657, 0.0], "k_pid_vsp": [164.19086045364767, 50.84382384545889, 2.498505899612419]}, "datetime": {"datetime": "2025-08-11 18:57:35", "elapsed": 9135.051161289215, "delta": 20.521559476852417}, "costs": {"total_cost": 205.95089878069115, "time_cost": 80.59100000000001, "final_distance_cost": 1.8533098440115312, "oscillation_cost": 32.381846706429506, "completition_cost": 0.0, "overshoot_cost": 51.320479890333594, "power_cost": 16.453241149902343, "noise_cost": 23.35102119001415, "n_waypoints_completed": 9, "tot_waypoints": 9}}
{"target": -221.59248739396543, "params": {"k_pid_pos": [0.2537817499622724, 0.0327357897340926, 0.0], "k_pid_alt": [1.0926284561012691, 0.002344620202866476, 0.05063595521435595], "k_pid_att": [44.99797383280435, 1.8060042664083247, 0.8739038696657419], "k_pid_yaw": [0.5, 1e-06, 0.1], "k_pid_hsp": [0.2595454463038557, 0.017552484276757114, 0.0], "k_pid_vsp": [51.745289268068696, 49.668036507012935, 8.503944551685242]}, "datetime": {"datetime": "2025-08-11 18:57:59", "elapsed": 9159.161389350891, "delta": 24.110228061676025}, "costs": {"total_cost": 221.59248739396543, "time_cost": 95.879, "final_distance_cost": 1.8576101648259538, "oscillation_cost": 19.991796632619057, "completition_cost": 0.0, "overshoot_cost": 54.63752083138031, "power_cost": 19.417792810058593, "noise_cost": 29.808766955081534, "n_waypoints_completed": 9, "tot_waypoints": 9}}
{"target": -188.94553316067297, "params": {"k_pid_pos": [0.9233444250937867, 0.06482805078155439, 0.004719718456651599], "k_pid_alt": [2.0, 0.0024597272814507747, 0.06419488955403019], "k_pid_att": [15.969381642074323, 1.0501367268290824, 0.6783166753182521], "k_pid_yaw": [0.5, 1e-06, 0.1], "k_pid_hsp": [0.30075830922324903, 0.037396043237383325, 0.0], "k_pid_vsp": [185.8996898670224, 9.185632777450474, 6.887943464906851]}, "datetime": {"datetime": "2025-08-11 18:58:17", "elapsed": 9176.570224285126, "delta": 17.40883493423462}, "costs": {"total_cost": 188.94553316067297, "time_cost": 70.343, "final_distance_cost": 1.83521694594636, "oscillation_cost": 30.067034456235, "completition_cost": 0.0, "overshoot_cost": 50.817766155329586, "power_cost": 14.708892346191407, "noise_cost": 21.17362325697059, "n_waypoints_completed": 9, "tot_waypoints": 9}}
{"target": -190.33586603278147, "params": {"k_pid_pos": [1.2312760615332003, 0.09467477224535575, 0.10526361729873046], "k_pid_alt": [2.0, 0.0006557489250776172, 0.039517118803922134], "k_pid_att": [15.304241713595758, 0.9109964015082838, 0.8850583627867971], "k_pid_yaw": [0.5, 1e-06, 0.1], "k_pid_hsp": [0.44756644294527953, 0.01191037177053929, 0.0], "k_pid_vsp": [140.53140127126085, 9.426532050539226, 4.725672522359024]}, "datetime": {"datetime": "2025-08-11 18:58:34", "elapsed": 9193.97525691986, "delta": 17.405032634735107}, "costs": {"total_cost": 190.33586603278147, "time_cost": 70.266, "final_distance_cost": 1.8270289209765327, "oscillation_cost": 30.771953356855917, "completition_cost": 0.0, "overshoot_cost": 51.4005469653401, "power_cost": 14.838527160644531, "noise_cost": 21.231809628964385, "n_waypoints_completed": 9, "tot_waypoints": 9}}
{"target": -212.6442825024427, "params": {"k_pid_pos": [1.020943122459463, 0.04507604818239341, 0.020118607093103157], "k_pid_alt": [0.3351815519085173, 0.003308637615619387, 0.047882242596657305], "k_pid_att": [11.831314354733571, 1.3313225882468698, 0.9813471630615394], "k_pid_yaw": [0.5, 1e-06, 0.1], "k_pid_hsp": [0.5509445898312998, 0.018920541089322312, 0.0], "k_pid_vsp": [170.96030445187876, 27.740289672104055, 7.669880847664911]}, "datetime": {"datetime": "2025-08-11 18:58:55", "elapsed": 9214.995974779129, "delta": 21.02071785926819}, "costs": {"total_cost": 212.6442825024427, "time_cost": 85.043, "final_distance_cost": 1.858399223548741, "oscillation_cost": 32.46015267211532, "completition_cost": 0.0, "overshoot_cost": 51.66371922748389, "power_cost": 17.224927624511718, "noise_cost": 24.39408375478305, "n_waypoints_completed": 9, "tot_waypoints": 9}}
{"target": -196.4635486584139, "params": {"k_pid_pos": [0.7519172455791177, 0.07560106520816741, 0.0], "k_pid_alt": [0.4619740262491973, 0.0028451966260846094, 0.032956079977489984], "k_pid_att": [26.21064181345007, 1.3499125605447055, 0.920891465070048], "k_pid_yaw": [0.5, 1e-06, 0.1], "k_pid_hsp": [0.3484749274286261, 0.0, 0.0], "k_pid_vsp": [119.87526581538687, 66.52461533873786, 0.9301045834829761]}, "datetime": {"datetime": "2025-08-11 18:59:15", "elapsed": 9234.45652461052, "delta": 19.46054983139038}, "costs": {"total_cost": 196.4635486584139, "time_cost": 78.498, "final_distance_cost": 1.8354028675652045, "oscillation_cost": 27.18745413902247, "completition_cost": 0.0, "overshoot_cost": 50.54239468800109, "power_cost": 15.66376357421875, "noise_cost": 22.736533389606386, "n_waypoints_completed": 9, "tot_waypoints": 9}}
{"target": -194.08306644955812, "params": {"k_pid_pos": [0.5480755045492728, 0.03443056006260917, 0.0], "k_pid_alt": [1.9405957428969562, 0.00576728809957153, 0.04542261610238459], "k_pid_att": [18.303905317558165, 1.650655547782911, 0.9453955818752527], "k_pid_yaw": [0.5, 1e-06, 0.1], "k_pid_hsp": [0.421295730448499, 0.012604119957466483, 0.0], "k_pid_vsp": [179.04432539186413, 46.25393311597552, 6.367736246457682]}, "datetime": {"datetime": "2025-08-11 18:59:34", "elapsed": 9253.38470196724, "delta": 18.92817735671997}, "costs": {"total_cost": 194.08306644955812, "time_cost": 75.635, "final_distance_cost": 1.8474193053668562, "oscillation_cost": 26.650390945843046, "completition_cost": 0.0, "overshoot_cost": 51.37591034078641, "power_cost": 15.071054333496095, "noise_cost": 23.5032915240657, "n_waypoints_completed": 9, "tot_waypoints": 9}}
{"target": -188.6943520921568, "params": {"k_pid_pos": [0.919037098512992, 0.06263157822160657, 0.0486337919193048], "k_pid_alt": [1.878724073810936, 0.003461812899864492, 0.0219263589220529], "k_pid_att": [14.247424745498806, 0.36160484658803327, 0.6007133115957596], "k_pid_yaw": [0.5, 1e-06, 0.1], "k_pid_hsp": [0.2874198776171195, 0.024115143254428238, 0.0], "k_pid_vsp": [293.0515088335878, 42.231361342101145, 12.023585677006373]}, "datetime": {"datetime": "2025-08-11 18:59:51", "elapsed": 9270.702800273895, "delta": 17.318098306655884}, "costs": {"total_cost": 188.6943520921568, "time_cost": 70.098, "final_distance_cost": 1.8315463065948376, "oscillation_cost": 28.970042603974797, "completition_cost": 0.0, "overshoot_cost": 51.04529393802008, "power_cost": 18.430830688476565, "noise_cost": 18.318638555090544, "n_waypoints_completed": 9, "tot_waypoints": 9}}
{"target": -187.4496044627687, "params": {"k_pid_pos": [1.0021162892545452, 0.06883494842975477, 0.030694846099048684], "k_pid_alt": [1.235493733303665, 0.004308937718583252, 0.04926163929471497], "k_pid_att": [17.20514734084735, 1.4966892544129795, 0.40346796965233706], "k_pid_yaw": [0.5, 1e-06, 0.1], "k_pid_hsp": [0.2885245897448903, 0.03793129353945901, 0.0], "k_pid_vsp": [192.03116220069774, 57.84052094596323, 7.925190675129097]}, "datetime": {"datetime": "2025-08-11 19:00:08", "elapsed": 9288.073556184769, "delta": 17.370755910873413}, "costs": {"total_cost": 187.4496044627687, "time_cost": 69.31400000000001, "final_distance_cost": 1.8167837710606776, "oscillation_cost": 30.757866687843322, "completition_cost": 0.0, "overshoot_cost": 50.19819035703133, "power_cost": 14.629843603515626, "noise_cost": 20.732920043317698, "n_waypoints_completed": 9, "tot_waypoints": 9}}
{"target": -186.271810343693, "params": {"k_pid_pos": [0.9524781475691135, 0.0066338084968285875, 0.010894963154115747], "k_pid_alt": [1.4761708670481404, 0.0029605046786747597, 0.03375107732907771], "k_pid_att": [19.30227233817669, 1.3180714481102758, 0.8984489822524949], "k_pid_yaw": [0.5, 1e-06, 0.1], "k_pid_hsp": [0.2046931919221613, 0.011925215447381886, 0.0], "k_pid_vsp": [219.07271600161917, 48.704485189729034, 4.554036861237585]}, "datetime": {"datetime": "2025-08-11 19:00:25", "elapsed": 9304.968270301819, "delta": 16.89471411705017}, "costs": {"total_cost": 186.271810343693, "time_cost": 69.51, "final_distance_cost": 1.8235505168917925, "oscillation_cost": 28.54960394141457, "completition_cost": 0.0, "overshoot_cost": 51.133413718076476, "power_cost": 14.412488293457033, "noise_cost": 20.842753873853113, "n_waypoints_completed": 9, "tot_waypoints": 9}}
{"target": -1247.8455043966676, "params": {"k_pid_pos": [0.2952105067508259, 0.03759961956672295, 0.0], "k_pid_alt": [0.58417201555903, 0.0044977254480296144, 0.034332522508758456], "k_pid_att": [2.540807855078997, 1.059305986932495, 1.0], "k_pid_yaw": [0.5, 1e-06, 0.1], "k_pid_hsp": [0.0001, 0.022627260847094145, 0.0], "k_pid_vsp": [123.50689272815339, 60.89099527005408, 7.096735898816763]}, "datetime": {"datetime": "2025-08-11 19:00:55", "elapsed": 9334.918945789337, "delta": 29.95067548751831}, "costs": {"total_cost": 1247.8455043966676, "time_cost": 150, "final_distance_cost": 67.7055488794092, "oscillation_cost": 11.103352027754903, "completition_cost": 888.8888888888888, "overshoot_cost": 75.53750573901243, "power_cost": 21.390043225097656, "noise_cost": 33.22016563650474, "n_waypoints_completed": 1, "tot_waypoints": 9}}
{"target": -193.82065310755493, "params": {"k_pid_pos": [1.572338026506963, 0.0707208695663518, 0.02844539742870757], "k_pid_alt": [0.961923472081662, 0.0028345415527966937, 0.03205412608354423], "k_pid_att": [18.598502683886437, 0.2680278387808644, 0.5962842095222302], "k_pid_yaw": [0.5, 1e-06, 0.1], "k_pid_hsp": [0.14838469386646, 0.0137839784226549, 0.0], "k_pid_vsp": [238.74583885204527, 30.003868085461153, 9.785846060056008]}, "datetime": {"datetime": "2025-08-11 19:01:13", "elapsed": 9353.285380125046, "delta": 18.366434335708618}, "costs": {"total_cost": 193.82065310755493, "time_cost": 70.833, "final_distance_cost": 1.7441039191517447, "oscillation_cost": 33.2917986706112, "completition_cost": 0.0, "overshoot_cost": 51.52217748026812, "power_cost": 18.194730224609376, "noise_cost": 18.23484281291452, "n_waypoints_completed": 9, "tot_waypoints": 9}}
{"target": -194.12710586055695, "params": {"k_pid_pos": [1.1717892360145983, 0.12454666696553296, 0.018520134680329498], "k_pid_alt": [1.257129740178989, 0.0019062028088137133, 0.03818528056491163], "k_pid_att": [9.784925676016739, 1.7396818389759783, 0.622908167440378], "k_pid_yaw": [0.5, 1e-06, 0.1], "k_pid_hsp": [0.16432095738198307, 0.035072827915360254, 0.0], "k_pid_vsp": [105.5202216294772, 36.66751516802082, 5.325884646491403]}, "datetime": {"datetime": "2025-08-11 19:01:31", "elapsed": 9370.991637945175, "delta": 17.706257820129395}, "costs": {"total_cost": 194.12710586055695, "time_cost": 71.687, "final_distance_cost": 1.7604907855480916, "oscillation_cost": 33.88954251757581, "completition_cost": 0.0, "overshoot_cost": 50.4556411999631, "power_cost": 15.193504272460938, "noise_cost": 21.140927085009054, "n_waypoints_completed": 9, "tot_waypoints": 9}}
{"target": -189.5148990477314, "params": {"k_pid_pos": [0.5727152625301085, 0.07763493330991324, 0.0004886558966933768], "k_pid_alt": [2.0, 0.0015344038599126792, 0.0172582473423997], "k_pid_att": [3.1135313340201356, 0.7261950068773212, 1.0], "k_pid_yaw": [0.5, 1e-06, 0.1], "k_pid_hsp": [0.2164013929259705, 0.0032630030880793338, 0.0], "k_pid_vsp": [144.41461598987283, 33.68269291737596, 8.463103058817905]}, "datetime": {"datetime": "2025-08-11 19:01:50", "elapsed": 9389.462760686874, "delta": 18.47112274169922}, "costs": {"total_cost": 189.5148990477314, "time_cost": 73.71000000000001, "final_distance_cost": 1.8409611192182087, "oscillation_cost": 23.74439072024251, "completition_cost": 0.0, "overshoot_cost": 52.887165776207695, "power_cost": 14.877109960937501, "noise_cost": 22.455271471125492, "n_waypoints_completed": 9, "tot_waypoints": 9}}
{"target": -673.5092878899187, "params": {"k_pid_pos": [0.3864161084520887, 0.03422183507949622, 0.02483298668519829], "k_pid_alt": [0.1127364687535164, 0.002436121172058785, 0.03859493694948537], "k_pid_att": [14.04264132507551, 1.2756829585271727, 1.0], "k_pid_yaw": [0.5, 1e-06, 0.1], "k_pid_hsp": [0.11694425772815535, 0.015971136930103533, 0.0], "k_pid_vsp": [268.4430031205573, 94.60515973943585, 8.856341062756204]}, "datetime": {"datetime": "2025-08-11 19:02:20", "elapsed": 9419.448227405548, "delta": 29.985466718673706}, "costs": {"total_cost": 673.5092878899187, "time_cost": 150, "final_distance_cost": 70.0710408317873, "oscillation_cost": 14.485458306553243, "completition_cost": 333.33333333333337, "overshoot_cost": 49.86909708682632, "power_cost": 26.51992274169922, "noise_cost": 29.230435589719253, "n_waypoints_completed": 6, "tot_waypoints": 9}}
{"target": -217.10950785752794, "params": {"k_pid_pos": [0.30974756767710804, 0.09720077436071596, 0.0], "k_pid_alt": [1.03107391323208, 0.0024504171277352463, 0.05166281568453432], "k_pid_att": [13.376435742903531, 0.8918183834693845, 1.0], "k_pid_yaw": [0.5, 1e-06, 0.1], "k_pid_hsp": [0.31645805666035104, 0.004667233968902695, 0.0], "k_pid_vsp": [144.0227833306997, 27.934262931538246, 21.683891877973853]}, "datetime": {"datetime": "2025-08-11 19:02:43", "elapsed": 9442.5702521801, "delta": 23.12202477455139}, "costs": {"total_cost": 217.10950785752794, "time_cost": 91.756, "final_distance_cost": 1.8459278404441648, "oscillation_cost": 21.29169177018396, "completition_cost": 0.0, "overshoot_cost": 55.04467211169906, "power_cost": 23.013154565429687, "noise_cost": 24.158061569771085, "n_waypoints_completed": 9, "tot_waypoints": 9}}
{"target": -191.00355414465292, "params": {"k_pid_pos": [0.6466199416466251, 0.07888862611359938, 0.046886771776769316], "k_pid_alt": [2.0, 0.0009708353438087785, 0.04813100158988304], "k_pid_att": [19.03695246392714, 1.078347758905023, 0.615033715196227], "k_pid_yaw": [0.5, 1e-06, 0.1], "k_pid_hsp": [0.42309612382026973, 0.030393043705235673, 0.0], "k_pid_vsp": [131.6399994390541, 44.34043420836727, 9.00290099091336]}, "datetime": {"datetime": "2025-08-11 19:03:01", "elapsed": 9460.606251716614, "delta": 18.035999536514282}, "costs": {"total_cost": 191.00355414465292, "time_cost": 72.842, "final_distance_cost": 1.8333678729206528, "oscillation_cost": 27.356559263596644, "completition_cost": 0.0, "overshoot_cost": 51.28284295155818, "power_cost": 16.736783068847657, "noise_cost": 20.952000987729775, "n_waypoints_completed": 9, "tot_waypoints": 9}}
{"target": -185.53463993426442, "params": {"k_pid_pos": [0.653864386869996, 0.052293814232439846, 0.0], "k_pid_alt": [1.1977781080060306, 0.004372980027112515, 0.05158145716531418], "k_pid_att": [16.087174418357563, 0.6233243194619804, 0.478886744521324], "k_pid_yaw": [0.5, 1e-06, 0.1], "k_pid_hsp": [0.19860704920794747, 0.013303819562286533, 0.0], "k_pid_vsp": [271.4207339785714, 62.06821136570631, 5.416291711493571]}, "datetime": {"datetime": "2025-08-11 19:03:18", "elapsed": 9478.292165756226, "delta": 17.685914039611816}, "costs": {"total_cost": 185.53463993426442, "time_cost": 71.372, "final_distance_cost": 1.8331325356286272, "oscillation_cost": 25.488182881163873, "completition_cost": 0.0, "overshoot_cost": 51.10746934890939, "power_cost": 14.30933046875, "noise_cost": 21.424524699812505, "n_waypoints_completed": 9, "tot_waypoints": 9}}
{"target": -4606.837971449652, "params": {"k_pid_pos": [1.1377591378630034, 0.05464002579494792, 0.026740632182668634], "k_pid_alt": [1.6031155773060581, 0.004697039577345322, 0.05719597892077477], "k_pid_att": [0.0, 1.1722904231183024, 0.6883494146813457], "k_pid_yaw": [0.5, 1e-06, 0.1], "k_pid_hsp": [0.14933342992860557, 0.04456196799771811, 0.0], "k_pid_vsp": [193.62943481710965, 65.42136190218896, 8.083523738924944]}, "datetime": {"datetime": "2025-08-11 19:03:48", "elapsed": 9508.264211177826, "delta": 29.972045421600342}, "costs": {"total_cost": 4606.837971449652, "time_cost": 150, "final_distance_cost": 569.228913748056, "oscillation_cost": 1214.6623719149704, "completition_cost": 1000.0, "overshoot_cost": 1451.8653696247177, "power_cost": 57.96076109619141, "noise_cost": 163.12055506571687, "n_waypoints_completed": 0, "tot_waypoints": 9}}
{"target": -1462.641679371237, "params": {"k_pid_pos": [0.7249069852926174, 0.09527979709134028, 0.007675618808623115], "k_pid_alt": [2.0, 0.0025337822705644264, 0.043015953288943164], "k_pid_att": [14.383390254088468, 0.0001, 0.896268305024516], "k_pid_yaw": [0.5, 1e-06, 0.1], "k_pid_hsp": [0.18557722059214551, 0.02744084844856851, 0.0], "k_pid_vsp": [0.0, 36.27937246944545, 14.941045573083782]}, "datetime": {"datetime": "2025-08-11 19:04:18", "elapsed": 9537.885619401932, "delta": 29.621408224105835}, "costs": {"total_cost": 1462.641679371237, "time_cost": 150, "final_distance_cost": 0.9957124398611168, "oscillation_cost": 3.5652809995553616, "completition_cost": 1000.0, "overshoot_cost": 163.01367061543868, "power_cost": 29.17744744873047, "noise_cost": 115.88956786765127, "n_waypoints_completed": 0, "tot_waypoints": 9}}
{"target": -187.21971911316197, "params": {"k_pid_pos": [1.0988350824111819, 0.07527973400502681, 0.0], "k_pid_alt": [1.0662450658135096, 0.0, 0.03477947342146602], "k_pid_att": [8.733439262458353, 0.750772664415145, 0.8387641608611737], "k_pid_yaw": [0.5, 1e-06, 0.1], "k_pid_hsp": [0.22660723878644204, 0.01995020713986702, 0.0], "k_pid_vsp": [22.066520344423594, 55.77463993879315, 5.308468838718393]}, "datetime": {"datetime": "2025-08-11 19:04:36", "elapsed": 9555.677488803864, "delta": 17.791869401931763}, "costs": {"total_cost": 187.21971911316197, "time_cost": 69.118, "final_distance_cost": 1.7844666908663813, "oscillation_cost": 31.232260333270496, "completition_cost": 0.0, "overshoot_cost": 50.17936402770335, "power_cost": 14.512446508789063, "noise_cost": 20.3931815525327, "n_waypoints_completed": 9, "tot_waypoints": 9}}
{"target": -2036.0370151883305, "params": {"k_pid_pos": [0.411600435802733, 0.14221263511858767, 0.005648055684562989], "k_pid_alt": [0.5915293132660548, 0.0023627879271696395, 0.048977269917424994], "k_pid_att": [0.0, 0.16002542412590634, 0.9564073901647793], "k_pid_yaw": [0.5, 1e-06, 0.1], "k_pid_hsp": [0.2398176264996238, 0.01265594965052231, 0.0], "k_pid_vsp": [69.66785866539715, 63.29763783002776, 10.567939454422591]}, "datetime": {"datetime": "2025-08-11 19:05:06", "elapsed": 9585.438260555267, "delta": 29.76077175140381}, "costs": {"total_cost": 2036.0370151883305, "time_cost": 150, "final_distance_cost": 368.5021979714015, "oscillation_cost": 166.589742778961, "completition_cost": 888.8888888888888, "overshoot_cost": 311.34449751808455, "power_cost": 49.6384296875, "noise_cost": 101.07325834349464, "n_waypoints_completed": 1, "tot_waypoints": 9}}
