{"target": -182.54734974931324, "params": {"k_pid_pos": [0.7835393807467116, 0.0038758236278795973, 0.0005121041173979307], "k_pid_alt": [1.2610967079010929, 0.004862222660732451, 0.02224919492211642], "k_pid_att": [38.965827469538105, 0.3921174112852934, 1.0], "k_pid_yaw": [0.5, 1e-06, 0.1], "k_pid_hsp": [0.11809616883292373, 0.012343886811720944, 0.0], "k_pid_vsp": [78.05115160628723, 150.3016120755626, 2.0002453329440057]}, "datetime": {"datetime": "2025-08-11 23:36:14", "elapsed": 25854.084154367447, "delta": 17.82579755783081}, "costs": {"total_cost": 182.54734974931324, "time_cost": 69.741, "final_distance_cost": 1.8093654684485334, "oscillation_cost": 26.188988459350817, "completition_cost": 0.0, "overshoot_cost": 50.204810713617015, "power_cost": 14.173328332519532, "noise_cost": 20.42985677537735, "n_waypoints_completed": 9, "tot_waypoints": 9}}
{"target": -182.82686516504353, "params": {"k_pid_pos": [0.47194489776296394, 0.0049541703823745, 0.000582405402986583], "k_pid_alt": [1.1287750031688857, 0.003232080566553223, 0.021969694459101605], "k_pid_att": [37.71074574988884, 0.29490182209775484, 1.0], "k_pid_yaw": [0.5, 1e-06, 0.1], "k_pid_hsp": [0.07768490291758758, 0.00792563243091542, 0.0], "k_pid_vsp": [115.50562267166366, 102.35867826893632, 6.577222258085324]}, "datetime": {"datetime": "2025-08-11 23:36:33", "elapsed": 25872.662549972534, "delta": 18.57839560508728}, "costs": {"total_cost": 182.82686516504353, "time_cost": 74.06700000000001, "final_distance_cost": 1.825915596763911, "oscillation_cost": 18.301348524681416, "completition_cost": 0.0, "overshoot_cost": 52.15834022680422, "power_cost": 14.278915869140626, "noise_cost": 22.195344947653364, "n_waypoints_completed": 9, "tot_waypoints": 9}}
{"target": -182.08464812238674, "params": {"k_pid_pos": [0.6176396264706172, 0.007621528803293869, 0.0005828019139241903], "k_pid_alt": [1.7644339628366381, 0.004446186257083414, 0.018336434775933594], "k_pid_att": [38.67265043902041, 0.29351233729040854, 0.9140595662734469], "k_pid_yaw": [0.5, 1e-06, 0.1], "k_pid_hsp": [0.10669633054596932, 0.008351339027204197, 0.0], "k_pid_vsp": [59.84114445946741, 117.4390010839093, 6.1284427810841775]}, "datetime": {"datetime": "2025-08-11 23:36:50", "elapsed": 25890.026259183884, "delta": 17.363709211349487}, "costs": {"total_cost": 182.08464812238674, "time_cost": 70.952, "final_distance_cost": 1.8310176180532969, "oscillation_cost": 23.120831074531456, "completition_cost": 0.0, "overshoot_cost": 50.91163226013956, "power_cost": 14.139069470214844, "noise_cost": 21.130097699447578, "n_waypoints_completed": 9, "tot_waypoints": 9}}
{"target": -185.76760190059247, "params": {"k_pid_pos": [0.7560521703485324, 0.004205615477924538, 0.0007706385062817891], "k_pid_alt": [1.7984452467076018, 0.0035226959183129653, 0.012747411461790738], "k_pid_att": [42.619468330123, 0.4400124543669895, 1.0], "k_pid_yaw": [0.5, 1e-06, 0.1], "k_pid_hsp": [0.08091444886761058, 0.0054424762790892325, 0.0], "k_pid_vsp": [120.4994826457347, 94.77101254555556, 3.1790615117381322]}, "datetime": {"datetime": "2025-08-11 23:37:10", "elapsed": 25909.958012104034, "delta": 19.931752920150757}, "costs": {"total_cost": 185.76760190059247, "time_cost": 72.478, "final_distance_cost": 1.8160718196518961, "oscillation_cost": 23.592584638756822, "completition_cost": 0.0, "overshoot_cost": 51.956739715494585, "power_cost": 14.406963378906251, "noise_cost": 21.51724234778292, "n_waypoints_completed": 9, "tot_waypoints": 9}}
{"target": -182.90298105232057, "params": {"k_pid_pos": [0.5601752972461493, 0.0026119715440784254, 0.0008062742723711439], "k_pid_alt": [1.435737591270204, 0.004943306009574431, 0.018250939146069466], "k_pid_att": [44.5990995234153, 0.47915258175579467, 1.0], "k_pid_yaw": [0.5, 1e-06, 0.1], "k_pid_hsp": [0.08189323665802782, 0.008518937520856477, 0.0], "k_pid_vsp": [175.0081931428881, 48.016506446878566, 5.079065359029189]}, "datetime": {"datetime": "2025-08-11 23:37:31", "elapsed": 25931.20372891426, "delta": 21.24571681022644}, "costs": {"total_cost": 182.90298105232057, "time_cost": 72.856, "final_distance_cost": 1.8126043469818596, "oscillation_cost": 20.465251066051437, "completition_cost": 0.0, "overshoot_cost": 51.799057960604024, "power_cost": 14.154491345214845, "noise_cost": 21.815576333468407, "n_waypoints_completed": 9, "tot_waypoints": 9}}
{"target": -185.32863887288678, "params": {"k_pid_pos": [0.6510129018482819, 0.005277569705411593, 0.0008423172438380015], "k_pid_alt": [0.8968060555887792, 0.001431989647618641, 0.008863085183140483], "k_pid_att": [41.89774835483525, 0.3683907736682058, 1.0], "k_pid_yaw": [0.5, 1e-06, 0.1], "k_pid_hsp": [0.08036743103630639, 0.011437518667956498, 0.0], "k_pid_vsp": [55.75080001610059, 69.72278841041849, 4.914122517253739]}, "datetime": {"datetime": "2025-08-11 23:37:51", "elapsed": 25951.344331264496, "delta": 20.140602350234985}, "costs": {"total_cost": 185.32863887288678, "time_cost": 73.703, "final_distance_cost": 1.8268405033021533, "oscillation_cost": 22.809466690813487, "completition_cost": 0.0, "overshoot_cost": 50.97720866725501, "power_cost": 14.499997094726563, "noise_cost": 21.512125916789596, "n_waypoints_completed": 9, "tot_waypoints": 9}}
{"target": -186.78729193187144, "params": {"k_pid_pos": [0.6697461014873367, 0.0065232196785210035, 0.0008418658286588918], "k_pid_alt": [0.6933367530944929, 0.004854991022023199, 0.01760487592678674], "k_pid_att": [41.03569311486899, 0.4524984759948816, 1.0], "k_pid_yaw": [0.5, 1e-06, 0.1], "k_pid_hsp": [0.12723102692540514, 0.007987638469070501, 0.0], "k_pid_vsp": [15.077190847798391, 94.38341494838404, 5.558782313394598]}, "datetime": {"datetime": "2025-08-11 23:38:11", "elapsed": 25970.493118286133, "delta": 19.148787021636963}, "costs": {"total_cost": 186.78729193187144, "time_cost": 73.024, "final_distance_cost": 1.8188325312724112, "oscillation_cost": 25.2667277352719, "completition_cost": 0.0, "overshoot_cost": 50.468047029818344, "power_cost": 14.916075170898438, "noise_cost": 21.293609464610345, "n_waypoints_completed": 9, "tot_waypoints": 9}}
{"target": -565.6097639953779, "params": {"k_pid_pos": [0.6658824366975663, 0.008515219806614224, 0.0011209247295029194], "k_pid_alt": [1.459086427619006, 0.006073819992028187, 0.026401116233533212], "k_pid_att": [44.34013400831507, 0.48384926826815366, 1.0], "k_pid_yaw": [0.5, 1e-06, 0.1], "k_pid_hsp": [0.02635593956440158, 0.01056329260527295, 0.0], "k_pid_vsp": [79.93640945636294, 100.56422976658382, 5.870775109678555]}, "datetime": {"datetime": "2025-08-11 23:38:41", "elapsed": 26000.902997732162, "delta": 30.409879446029663}, "costs": {"total_cost": 565.6097639953779, "time_cost": 150, "final_distance_cost": 69.92298207244978, "oscillation_cost": 16.02025750043845, "completition_cost": 222.2222222222222, "overshoot_cost": 52.734642502842455, "power_cost": 21.980718395996096, "noise_cost": 32.72894130142888, "n_waypoints_completed": 7, "tot_waypoints": 9}}
{"target": -182.03031611851054, "params": {"k_pid_pos": [0.5076309260595142, 0.006447747466270268, 0.0005009569483875359], "k_pid_alt": [1.4149377529570486, 0.00387011651741425, 0.02731055169710575], "k_pid_att": [50.84453343518147, 0.2924720331039116, 0.8160470970980592], "k_pid_yaw": [0.5, 1e-06, 0.1], "k_pid_hsp": [0.08507946337747857, 0.005953424680509669, 0.0], "k_pid_vsp": [110.21664228817177, 101.96380034935912, 6.439275082847396]}, "datetime": {"datetime": "2025-08-11 23:38:59", "elapsed": 26019.092813253403, "delta": 18.189815521240234}, "costs": {"total_cost": 182.03031611851054, "time_cost": 72.87, "final_distance_cost": 1.8159781440554474, "oscillation_cost": 19.207270051029326, "completition_cost": 0.0, "overshoot_cost": 51.95324447545183, "power_cost": 14.256381689453125, "noise_cost": 21.9274417585208, "n_waypoints_completed": 9, "tot_waypoints": 9}}
{"target": -182.19610750901046, "params": {"k_pid_pos": [0.7258843961018405, 0.006342782117335116, 0.0008386144181939456], "k_pid_alt": [1.1535084024665296, 0.008761097228769124, 0.020738103495136245], "k_pid_att": [29.8185215487488, 0.2628413889862197, 0.5599324078336785], "k_pid_yaw": [0.5, 1e-06, 0.1], "k_pid_hsp": [0.09500103294782718, 0.007899525343863427, 0.0], "k_pid_vsp": [58.563002140959235, 142.75796140715804, 5.542334142674462]}, "datetime": {"datetime": "2025-08-11 23:39:17", "elapsed": 26037.25991010666, "delta": 18.167096853256226}, "costs": {"total_cost": 182.19610750901046, "time_cost": 70.861, "final_distance_cost": 1.80303997182866, "oscillation_cost": 24.113173429102172, "completition_cost": 0.0, "overshoot_cost": 50.447080396849955, "power_cost": 14.224426770019532, "noise_cost": 20.747386941210152, "n_waypoints_completed": 9, "tot_waypoints": 9}}
{"target": -182.22179633742633, "params": {"k_pid_pos": [0.4990713985376541, 0.004050571017362986, 0.00030676865483380644], "k_pid_alt": [1.3267470638072674, 0.006275463788380949, 0.02599714259812423], "k_pid_att": [26.436274123316988, 0.30564161770360826, 0.6321113346499878], "k_pid_yaw": [0.5, 1e-06, 0.1], "k_pid_hsp": [0.09227540197995693, 0.008268410329172159, 0.0], "k_pid_vsp": [50.8226251358706, 84.77946958824072, 5.67747518158642]}, "datetime": {"datetime": "2025-08-11 23:39:36", "elapsed": 26055.376791238785, "delta": 18.116881132125854}, "costs": {"total_cost": 182.22179633742633, "time_cost": 72.632, "final_distance_cost": 1.8441366329581332, "oscillation_cost": 19.909759843077463, "completition_cost": 0.0, "overshoot_cost": 51.726745911470246, "power_cost": 14.200581958007813, "noise_cost": 21.90857199191269, "n_waypoints_completed": 9, "tot_waypoints": 9}}
{"target": -181.73182965046985, "params": {"k_pid_pos": [0.6926222092439748, 0.00394002750423228, 0.0003977200745793295], "k_pid_alt": [1.4908309130909585, 0.0046959743534595675, 0.020925562842664114], "k_pid_att": [35.75468723903859, 0.3180200669314257, 1.0], "k_pid_yaw": [0.5, 1e-06, 0.1], "k_pid_hsp": [0.1038622928623948, 0.008708752398524415, 0.0], "k_pid_vsp": [59.25028094671171, 58.71793507242534, 5.386947478954205]}, "datetime": {"datetime": "2025-08-11 23:39:53", "elapsed": 26073.350757837296, "delta": 17.973966598510742}, "costs": {"total_cost": 181.73182965046985, "time_cost": 70.58800000000001, "final_distance_cost": 1.8070963515654717, "oscillation_cost": 23.768349511365525, "completition_cost": 0.0, "overshoot_cost": 50.50325341895633, "power_cost": 14.051274035644532, "noise_cost": 21.013856332938, "n_waypoints_completed": 9, "tot_waypoints": 9}}
{"target": -182.88020042151592, "params": {"k_pid_pos": [0.8086112193324091, 0.0061968119763336155, 0.0006802099632712793], "k_pid_alt": [1.792742227579269, 0.004920324042363707, 0.02917419980599656], "k_pid_att": [41.30142121393029, 0.25035099383887666, 1.0], "k_pid_yaw": [0.5, 1e-06, 0.1], "k_pid_hsp": [0.11880741749549721, 0.009164906384921906, 0.0], "k_pid_vsp": [54.45956179893997, 91.89245909743993, 4.379025733634452]}, "datetime": {"datetime": "2025-08-11 23:40:12", "elapsed": 26091.412747383118, "delta": 18.061989545822144}, "costs": {"total_cost": 182.88020042151592, "time_cost": 69.958, "final_distance_cost": 1.8004402494870881, "oscillation_cost": 25.694566033091252, "completition_cost": 0.0, "overshoot_cost": 50.60495069489979, "power_cost": 14.216932958984376, "noise_cost": 20.605310485053426, "n_waypoints_completed": 9, "tot_waypoints": 9}}
{"target": -181.8487307242806, "params": {"k_pid_pos": [0.6820724725466419, 0.0027252644257106384, 0.0005295351015692095], "k_pid_alt": [1.6885042337531422, 0.004074696343945906, 0.019641169494204094], "k_pid_att": [41.97985855062111, 0.3748821880452784, 1.0], "k_pid_yaw": [0.5, 1e-06, 0.1], "k_pid_hsp": [0.12635914104628632, 0.008396212454383403, 0.0], "k_pid_vsp": [90.35182138166671, 109.2209572639719, 4.7137153801396074]}, "datetime": {"datetime": "2025-08-11 23:40:29", "elapsed": 26109.08336544037, "delta": 17.670618057250977}, "costs": {"total_cost": 181.8487307242806, "time_cost": 70.266, "final_distance_cost": 1.838245614397862, "oscillation_cost": 24.18790510626976, "completition_cost": 0.0, "overshoot_cost": 50.4247939738422, "power_cost": 14.168440893554688, "noise_cost": 20.963345136216084, "n_waypoints_completed": 9, "tot_waypoints": 9}}
{"target": -186.6550666559097, "params": {"k_pid_pos": [0.4984363266106728, 0.006639200519870364, 0.0011027235164769403], "k_pid_alt": [1.2943193894782448, 0.004370906874495581, 0.01585612280902749], "k_pid_att": [24.58679842048704, 0.2600892968911555, 0.7851798065531209], "k_pid_yaw": [0.5, 1e-06, 0.1], "k_pid_hsp": [0.06447220587152307, 0.014182392400761462, 0.0], "k_pid_vsp": [76.8441600758989, 44.68908041155559, 6.154060959424066]}, "datetime": {"datetime": "2025-08-11 23:40:48", "elapsed": 26128.266790151596, "delta": 19.183424711227417}, "costs": {"total_cost": 186.6550666559097, "time_cost": 75.859, "final_distance_cost": 1.8306542138009045, "oscillation_cost": 19.508501148673997, "completition_cost": 0.0, "overshoot_cost": 52.21948581800442, "power_cost": 14.699132153320313, "noise_cost": 22.538293322110082, "n_waypoints_completed": 9, "tot_waypoints": 9}}
{"target": -255.27802594136097, "params": {"k_pid_pos": [0.22200007738576058, 0.0043409616294241005, 0.0006878398237742068], "k_pid_alt": [1.046828125281334, 0.00610409117865068, 0.0030376919374302844], "k_pid_att": [61.24072286775425, 0.34641435577307006, 1.0], "k_pid_yaw": [0.5, 1e-06, 0.1], "k_pid_hsp": [0.10399284885250067, 0.007783468909912625, 0.0], "k_pid_vsp": [93.69180777988095, 89.95874961602215, 6.464836205490504]}, "datetime": {"datetime": "2025-08-11 23:41:19", "elapsed": 26158.509328126907, "delta": 30.24253797531128}, "costs": {"total_cost": 255.27802594136097, "time_cost": 117.257, "final_distance_cost": 1.8630937050307947, "oscillation_cost": 13.873058669264955, "completition_cost": 0.0, "overshoot_cost": 58.28531068234603, "power_cost": 21.641448510742187, "noise_cost": 42.358114373977, "n_waypoints_completed": 9, "tot_waypoints": 9}}
{"target": -184.32943848656168, "params": {"k_pid_pos": [0.5239061815500561, 0.005899468874657418, 0.001003110878788773], "k_pid_alt": [0.9734213214987836, 0.005543577773823909, 0.021975711655987138], "k_pid_att": [27.90380430095321, 0.3644511576666556, 1.0], "k_pid_yaw": [0.5, 1e-06, 0.1], "k_pid_hsp": [0.07567730585598809, 0.007974437609281427, 0.0], "k_pid_vsp": [86.98640057954225, 116.8642707381839, 4.933367684232397]}, "datetime": {"datetime": "2025-08-11 23:41:38", "elapsed": 26177.431503772736, "delta": 18.922175645828247}, "costs": {"total_cost": 184.32943848656168, "time_cost": 74.487, "final_distance_cost": 1.8313186069718848, "oscillation_cost": 19.282960000826105, "completition_cost": 0.0, "overshoot_cost": 52.34552757649466, "power_cost": 14.408405676269531, "noise_cost": 21.974226625999503, "n_waypoints_completed": 9, "tot_waypoints": 9}}
{"target": -200.99449317809507, "params": {"k_pid_pos": [0.3272282998963584, 0.0061640555278612, 0.0012190906035571586], "k_pid_alt": [1.9646220252264648, 0.005915108538247952, 0.02671131224147708], "k_pid_att": [45.4497156123689, 0.3336812013456005, 0.9179828253476904], "k_pid_yaw": [0.5, 1e-06, 0.1], "k_pid_hsp": [0.1217911561823889, 0.008093393801971141, 0.0], "k_pid_vsp": [76.02074796882265, 116.76809050946332, 4.918333875239302]}, "datetime": {"datetime": "2025-08-11 23:41:59", "elapsed": 26199.253716230392, "delta": 21.82221245765686}, "costs": {"total_cost": 200.99449317809507, "time_cost": 84.70700000000001, "final_distance_cost": 1.8623849427654138, "oscillation_cost": 18.00903980104363, "completition_cost": 0.0, "overshoot_cost": 52.27462285693053, "power_cost": 16.236648449707033, "noise_cost": 27.90479712764846, "n_waypoints_completed": 9, "tot_waypoints": 9}}
{"target": -188.9157682290801, "params": {"k_pid_pos": [0.8322432937130312, 0.006171241826946603, 0.00037205117737780296], "k_pid_alt": [2.0, 0.004579347663656043, 0.0073431700037000355], "k_pid_att": [33.60970073721609, 0.21087610426528694, 0.8405718292895444], "k_pid_yaw": [0.5, 1e-06, 0.1], "k_pid_hsp": [0.06778841716128899, 0.006278586740183091, 0.0], "k_pid_vsp": [123.75918285985897, 92.87725746948884, 6.046570897122378]}, "datetime": {"datetime": "2025-08-11 23:42:18", "elapsed": 26217.397718906403, "delta": 18.144002676010132}, "costs": {"total_cost": 188.9157682290801, "time_cost": 74.018, "final_distance_cost": 1.7932480105550688, "oscillation_cost": 24.259471057577773, "completition_cost": 0.0, "overshoot_cost": 52.34914781592009, "power_cost": 14.645213354492189, "noise_cost": 21.850687990534958, "n_waypoints_completed": 9, "tot_waypoints": 9}}
{"target": -186.09923996883094, "params": {"k_pid_pos": [0.48576928395315866, 0.0034481262509047216, 0.0007139606806862998], "k_pid_alt": [1.2562069875871955, 0.0016333211687405425, 0.020643853067822942], "k_pid_att": [36.25227901075974, 0.43593205982822214, 1.0], "k_pid_yaw": [0.5, 1e-06, 0.1], "k_pid_hsp": [0.06387115386105917, 0.009398270852497578, 0.0], "k_pid_vsp": [91.93586326646749, 119.5374089647085, 5.138241973231963]}, "datetime": {"datetime": "2025-08-11 23:42:37", "elapsed": 26237.06157207489, "delta": 19.66385316848755}, "costs": {"total_cost": 186.09923996883094, "time_cost": 76.33500000000001, "final_distance_cost": 1.8275150041198724, "oscillation_cost": 17.939106983891918, "completition_cost": 0.0, "overshoot_cost": 52.60467226160627, "power_cost": 14.68822811279297, "noise_cost": 22.70471760641992, "n_waypoints_completed": 9, "tot_waypoints": 9}}
{"target": -229.29518873343577, "params": {"k_pid_pos": [0.2676455121727689, 0.0043081993353470795, 0.0005077960883600733], "k_pid_alt": [1.300607376290168, 0.0037261150072512065, 0.010827520569059062], "k_pid_att": [34.45585884394985, 0.4066831810447941, 0.7912178745366617], "k_pid_yaw": [0.5, 1e-06, 0.1], "k_pid_hsp": [0.08054744144009028, 0.008592790168135573, 0.0], "k_pid_vsp": [28.849179125587522, 99.77921657728412, 8.114240856803006]}, "datetime": {"datetime": "2025-08-11 23:43:04", "elapsed": 26264.004228830338, "delta": 26.942656755447388}, "costs": {"total_cost": 229.29518873343577, "time_cost": 102.977, "final_distance_cost": 1.863231393070915, "oscillation_cost": 14.332263374782649, "completition_cost": 0.0, "overshoot_cost": 55.007993190289184, "power_cost": 19.272044091796875, "noise_cost": 35.84265668349612, "n_waypoints_completed": 9, "tot_waypoints": 9}}
{"target": -227.60438501577477, "params": {"k_pid_pos": [0.4502648442682409, 0.005966480709565313, 0.000789006177435065], "k_pid_alt": [0.8766087936421799, 0.006541632706493917, 0.028204757407303854], "k_pid_att": [33.91566940860442, 0.33963299686294013, 0.7625622157475825], "k_pid_yaw": [0.5, 1e-06, 0.1], "k_pid_hsp": [0.04112051340240696, 0.010057422396765969, 0.0], "k_pid_vsp": [138.22798391422876, 82.80041584313314, 5.001554667349168]}, "datetime": {"datetime": "2025-08-11 23:43:30", "elapsed": 26289.854682922363, "delta": 25.850454092025757}, "costs": {"total_cost": 227.60438501577477, "time_cost": 103.852, "final_distance_cost": 1.7989529076193034, "oscillation_cost": 15.381898610964164, "completition_cost": 0.0, "overshoot_cost": 57.05945098335788, "power_cost": 19.22907644042969, "noise_cost": 30.28300607340375, "n_waypoints_completed": 9, "tot_waypoints": 9}}
{"target": -181.39271781094433, "params": {"k_pid_pos": [0.6553972694870561, 0.0038212519231347664, 0.0010060880565843703], "k_pid_alt": [1.5313813006462926, 0.0045225403939616335, 0.020231169051999027], "k_pid_att": [14.801422502720849, 0.40525199247757243, 1.0], "k_pid_yaw": [0.5, 1e-06, 0.1], "k_pid_hsp": [0.11385889259750888, 0.01100389603543321, 0.0], "k_pid_vsp": [105.97030980066047, 96.9295779679345, 3.2252719006638735]}, "datetime": {"datetime": "2025-08-11 23:43:48", "elapsed": 26307.905453681946, "delta": 18.05077075958252}, "costs": {"total_cost": 181.39271781094433, "time_cost": 70.44800000000001, "final_distance_cost": 1.8322604532547306, "oscillation_cost": 23.411523969143825, "completition_cost": 0.0, "overshoot_cost": 50.71333854743137, "power_cost": 14.076062805175782, "noise_cost": 20.911532035938617, "n_waypoints_completed": 9, "tot_waypoints": 9}}
{"target": -185.03928478328723, "params": {"k_pid_pos": [0.6544944463440286, 0.006244287788695517, 0.00046553541241155694], "k_pid_alt": [0.6411568585822837, 0.007006646158355628, 0.017392738694146], "k_pid_att": [38.33360388611416, 0.26917654139843256, 1.0], "k_pid_yaw": [0.5, 1e-06, 0.1], "k_pid_hsp": [0.10615975965068696, 0.00562144841714856, 0.0], "k_pid_vsp": [52.66008008502138, 164.34582076987888, 4.326289316320576]}, "datetime": {"datetime": "2025-08-11 23:44:07", "elapsed": 26326.510021924973, "delta": 18.604568243026733}, "costs": {"total_cost": 185.03928478328723, "time_cost": 73.276, "final_distance_cost": 1.8232275382887269, "oscillation_cost": 23.547859361615497, "completition_cost": 0.0, "overshoot_cost": 50.533085599789686, "power_cost": 14.664416870117188, "noise_cost": 21.19469541347612, "n_waypoints_completed": 9, "tot_waypoints": 9}}
{"target": -182.58539416848356, "params": {"k_pid_pos": [0.6729258931451003, 0.007276297724539239, 0.0006728230232640487], "k_pid_alt": [1.2038747511381738, 0.0055939523465765055, 0.023591466303925893], "k_pid_att": [59.669589190870475, 0.30318649654812957, 0.8285465565091168], "k_pid_yaw": [0.5, 1e-06, 0.1], "k_pid_hsp": [0.10538606871487048, 0.00306000859997339, 0.0], "k_pid_vsp": [87.27812246905042, 65.04936691651876, 4.823648355204102]}, "datetime": {"datetime": "2025-08-11 23:44:26", "elapsed": 26345.473069906235, "delta": 18.963047981262207}, "costs": {"total_cost": 182.58539416848356, "time_cost": 71.057, "final_distance_cost": 1.8073302449096587, "oscillation_cost": 22.706394360756175, "completition_cost": 0.0, "overshoot_cost": 51.58599858936855, "power_cost": 14.129867297363282, "noise_cost": 21.298803676085857, "n_waypoints_completed": 9, "tot_waypoints": 9}}
