{"target": -184.40170587758948, "params": {"k_pid_pos": [0.6853778069105786, 0.008188235745447052, 0.0007896779241323262], "k_pid_alt": [1.627431452916322, 0.004357605842686808, 0.007710501099604858], "k_pid_att": [50.33181352735156, 0.27490551397190205, 0.8995359073981879], "k_pid_yaw": [0.5, 1e-06, 0.1], "k_pid_hsp": [0.07837239673041248, 0.008773450082381583, 0.0], "k_pid_vsp": [105.75324924078409, 120.83307144142115, 6.212880457744347]}, "datetime": {"datetime": "2025-08-12 03:39:28", "elapsed": 40447.375041007996, "delta": 18.132632970809937}, "costs": {"total_cost": 184.40170587758948, "time_cost": 72.618, "final_distance_cost": 1.7918259042035292, "oscillation_cost": 22.885302771187845, "completition_cost": 0.0, "overshoot_cost": 51.33292369081204, "power_cost": 14.406871813964845, "noise_cost": 21.36678169742124, "n_waypoints_completed": 9, "tot_waypoints": 9}}
{"target": -182.1406402213326, "params": {"k_pid_pos": [0.49665129561475235, 0.008038986978832534, 0.0006724570400685717], "k_pid_alt": [1.4914467718004962, 0.005121392400943024, 0.009930533199654595], "k_pid_att": [40.5797805267862, 0.33416865203809126, 1.0], "k_pid_yaw": [0.5, 1e-06, 0.1], "k_pid_hsp": [0.10471209840717872, 0.009366961265038472, 0.0], "k_pid_vsp": [123.48252620035659, 150.17105260874553, 5.87940021930292]}, "datetime": {"datetime": "2025-08-12 03:39:46", "elapsed": 40466.17331838608, "delta": 18.798277378082275}, "costs": {"total_cost": 182.1406402213326, "time_cost": 72.52, "final_distance_cost": 1.8380157087021247, "oscillation_cost": 20.702244776682267, "completition_cost": 0.0, "overshoot_cost": 50.86477075270661, "power_cost": 14.318599267578126, "noise_cost": 21.897009715663486, "n_waypoints_completed": 9, "tot_waypoints": 9}}
{"target": -182.2316309396995, "params": {"k_pid_pos": [0.47804521357405855, 0.005486129977767658, 0.0005704142144850335], "k_pid_alt": [1.7649934199498316, 0.004842918234720054, 0.008322010695687245], "k_pid_att": [47.019793366086645, 0.30751827479657234, 0.8143589469022533], "k_pid_yaw": [0.5, 1e-06, 0.1], "k_pid_hsp": [0.09516755829355421, 0.008216465332457306, 0.0], "k_pid_vsp": [149.30944803129896, 140.36301197838569, 6.702848720016654]}, "datetime": {"datetime": "2025-08-12 03:40:04", "elapsed": 40483.93969941139, "delta": 17.76638102531433}, "costs": {"total_cost": 182.2316309396995, "time_cost": 72.926, "final_distance_cost": 1.8417421597856451, "oscillation_cost": 19.47849504297453, "completition_cost": 0.0, "overshoot_cost": 51.708099866151635, "power_cost": 14.265977673339844, "noise_cost": 22.011316197447865, "n_waypoints_completed": 9, "tot_waypoints": 9}}
{"target": -182.1033521799022, "params": {"k_pid_pos": [0.6215844776504187, 0.0070877330738129156, 0.0004007125338258135], "k_pid_alt": [1.309943079720099, 0.004696633672866751, 0.008715306073795318], "k_pid_att": [46.561016891175996, 0.3923675740107775, 0.91720814790888], "k_pid_yaw": [0.5, 1e-06, 0.1], "k_pid_hsp": [0.09738134257711052, 0.010380899909481349, 0.0], "k_pid_vsp": [116.51700604221003, 120.34283641954558, 5.827028335463214]}, "datetime": {"datetime": "2025-08-12 03:40:22", "elapsed": 40501.99767827988, "delta": 18.057978868484497}, "costs": {"total_cost": 182.1033521799022, "time_cost": 71.08500000000001, "final_distance_cost": 1.8232980070820521, "oscillation_cost": 22.892766263943216, "completition_cost": 0.0, "overshoot_cost": 51.033022814412355, "power_cost": 14.158664379882813, "noise_cost": 21.11060071458175, "n_waypoints_completed": 9, "tot_waypoints": 9}}
{"target": -182.15357352973342, "params": {"k_pid_pos": [0.5180865074593474, 0.005582210872165077, 0.0005321131964761713], "k_pid_alt": [1.3282109116833392, 0.004910657775176269, 0.007815867632374834], "k_pid_att": [39.81342343073309, 0.2952949731647552, 0.965869135773942], "k_pid_yaw": [0.5, 1e-06, 0.1], "k_pid_hsp": [0.10307014989704333, 0.009702524966089247, 0.0], "k_pid_vsp": [145.35762327354567, 128.26735478613992, 6.0997331849385175]}, "datetime": {"datetime": "2025-08-12 03:40:41", "elapsed": 40520.50340104103, "delta": 18.505722761154175}, "costs": {"total_cost": 182.15357352973342, "time_cost": 72.177, "final_distance_cost": 1.846716817687999, "oscillation_cost": 20.896211736142078, "completition_cost": 0.0, "overshoot_cost": 51.278791147410764, "power_cost": 14.259846826171875, "noise_cost": 21.69500700232069, "n_waypoints_completed": 9, "tot_waypoints": 9}}
{"target": -181.4647260166835, "params": {"k_pid_pos": [0.5783183598233296, 0.0044035870571085345, 0.0006862941133963888], "k_pid_alt": [1.1056506776979436, 0.005464361606710576, 0.00972480875972743], "k_pid_att": [45.17084066320776, 0.30301669574679113, 0.841825847389825], "k_pid_yaw": [0.5, 1e-06, 0.1], "k_pid_hsp": [0.08726805112375856, 0.009137048932967367, 0.0], "k_pid_vsp": [122.56136867558617, 146.1808483176041, 7.475769135208776]}, "datetime": {"datetime": "2025-08-12 03:40:59", "elapsed": 40538.4510371685, "delta": 17.947636127471924}, "costs": {"total_cost": 181.4647260166835, "time_cost": 72.07900000000001, "final_distance_cost": 1.8264303158698458, "oscillation_cost": 21.19624270551344, "completition_cost": 0.0, "overshoot_cost": 51.023662827098114, "power_cost": 14.141896704101564, "noise_cost": 21.197493464100546, "n_waypoints_completed": 9, "tot_waypoints": 9}}
{"target": -182.11452806624254, "params": {"k_pid_pos": [0.629910092691344, 0.005918642941121269, 0.0007251775331225133], "k_pid_alt": [1.2001224894218903, 0.0037921218543189965, 0.005428792759453274], "k_pid_att": [41.9097959819539, 0.3065426875710699, 0.8366433374007859], "k_pid_yaw": [0.5, 1e-06, 0.1], "k_pid_hsp": [0.09214881597816654, 0.0103320749735602, 0.0], "k_pid_vsp": [141.9697897974878, 151.82831511906178, 5.09292397720461]}, "datetime": {"datetime": "2025-08-12 03:41:18", "elapsed": 40558.13620233536, "delta": 19.68516516685486}, "costs": {"total_cost": 182.11452806624254, "time_cost": 71.435, "final_distance_cost": 1.8162553535968093, "oscillation_cost": 22.637684458000795, "completition_cost": 0.0, "overshoot_cost": 50.944762773496734, "power_cost": 14.204199182128907, "noise_cost": 21.07662629901928, "n_waypoints_completed": 9, "tot_waypoints": 9}}
{"target": -186.05142426860124, "params": {"k_pid_pos": [0.6431340053955759, 0.005214679118852733, 0.0006331013436076445], "k_pid_alt": [1.6388664244087663, 0.004350987576697443, 0.0024136589910881442], "k_pid_att": [53.40352406430322, 0.3499591459406153, 0.7169343899224988], "k_pid_yaw": [0.5, 1e-06, 0.1], "k_pid_hsp": [0.06718298986390459, 0.008201741712623098, 0.0], "k_pid_vsp": [123.53050114728887, 147.18227431759232, 7.563015353148367]}, "datetime": {"datetime": "2025-08-12 03:41:37", "elapsed": 40576.747329473495, "delta": 18.611127138137817}, "costs": {"total_cost": 186.05142426860124, "time_cost": 74.046, "final_distance_cost": 1.7938661749446896, "oscillation_cost": 21.228967032236724, "completition_cost": 0.0, "overshoot_cost": 52.371507920714684, "power_cost": 14.601998107910157, "noise_cost": 22.00908503279497, "n_waypoints_completed": 9, "tot_waypoints": 9}}
{"target": -182.1773453956641, "params": {"k_pid_pos": [0.6192844727697415, 0.006821924412901695, 0.000591399314770895], "k_pid_alt": [1.0952286671124847, 0.00536662786358402, 0.006445778854277309], "k_pid_att": [36.6895158160417, 0.31543333428577824, 0.9252603152194249], "k_pid_yaw": [0.5, 1e-06, 0.1], "k_pid_hsp": [0.10096307645575321, 0.008525328633019172, 0.0], "k_pid_vsp": [123.40146705991397, 125.45664143327802, 7.180221646470886]}, "datetime": {"datetime": "2025-08-12 03:41:54", "elapsed": 40594.29117298126, "delta": 17.543843507766724}, "costs": {"total_cost": 182.1773453956641, "time_cost": 71.246, "final_distance_cost": 1.807102291097414, "oscillation_cost": 22.7081230872503, "completition_cost": 0.0, "overshoot_cost": 51.102555051139156, "power_cost": 14.149022180175782, "noise_cost": 21.16454278600144, "n_waypoints_completed": 9, "tot_waypoints": 9}}
{"target": -182.52655347856248, "params": {"k_pid_pos": [0.471313761944466, 0.0060451539976762525, 0.0006500265210710817], "k_pid_alt": [1.5466392150541741, 0.005587469029599848, 0.004689234107361287], "k_pid_att": [44.897696573718065, 0.28387645641745357, 1.0], "k_pid_yaw": [0.5, 1e-06, 0.1], "k_pid_hsp": [0.07762755161069441, 0.009241935496066403, 0.0], "k_pid_vsp": [136.8393242956603, 105.12096549713799, 6.032662835587729]}, "datetime": {"datetime": "2025-08-12 03:42:13", "elapsed": 40613.14721226692, "delta": 18.85603928565979}, "costs": {"total_cost": 182.52655347856248, "time_cost": 73.82900000000001, "final_distance_cost": 1.8301099815889736, "oscillation_cost": 18.540410928158575, "completition_cost": 0.0, "overshoot_cost": 51.84486125073827, "power_cost": 14.307855151367189, "noise_cost": 22.174316166709435, "n_waypoints_completed": 9, "tot_waypoints": 9}}
{"target": -185.6111124351813, "params": {"k_pid_pos": [0.7229511752159432, 0.005441060940326976, 0.0006453524755852774], "k_pid_alt": [1.6604465144011649, 0.004005436987178563, 0.003806610764075135], "k_pid_att": [46.45429296850029, 0.3398836622755656, 0.8847987933101481], "k_pid_yaw": [0.5, 1e-06, 0.1], "k_pid_hsp": [0.07299965076486319, 0.00904886811598706, 0.0], "k_pid_vsp": [146.393154276913, 122.70427549376676, 7.566523169440708]}, "datetime": {"datetime": "2025-08-12 03:42:33", "elapsed": 40633.11876440048, "delta": 19.97155213356018}, "costs": {"total_cost": 185.6111124351813, "time_cost": 72.856, "final_distance_cost": 1.810114092270182, "oscillation_cost": 23.108027071648408, "completition_cost": 0.0, "overshoot_cost": 51.855013036930785, "power_cost": 14.479699096679688, "noise_cost": 21.50225913765222, "n_waypoints_completed": 9, "tot_waypoints": 9}}
{"target": -188.3270208152307, "params": {"k_pid_pos": [0.8410955825853151, 0.005934146839541817, 0.0006657442182784113], "k_pid_alt": [1.3123664695940762, 0.0044707611250246245, 0.0020453561572809052], "k_pid_att": [44.854762791081214, 0.2759015191655282, 0.9433352967872848], "k_pid_yaw": [0.5, 1e-06, 0.1], "k_pid_hsp": [0.06820175655003834, 0.009465071714257223, 0.0], "k_pid_vsp": [96.12142209377107, 132.80591787403912, 7.494973229475079]}, "datetime": {"datetime": "2025-08-12 03:42:52", "elapsed": 40651.450477838516, "delta": 18.331713438034058}, "costs": {"total_cost": 188.3270208152307, "time_cost": 73.458, "final_distance_cost": 1.7702978807150112, "oscillation_cost": 25.185706694714316, "completition_cost": 0.0, "overshoot_cost": 51.80510827338975, "power_cost": 14.658878356933595, "noise_cost": 21.449029609478018, "n_waypoints_completed": 9, "tot_waypoints": 9}}
{"target": -184.12136004702376, "params": {"k_pid_pos": [0.41329549132656934, 0.008012318863121431, 0.0005572101629113652], "k_pid_alt": [1.416427218654083, 0.003923560474099442, 0.008101086784441153], "k_pid_att": [48.89441663402328, 0.3959550473076811, 0.9048624526488854], "k_pid_yaw": [0.5, 1e-06, 0.1], "k_pid_hsp": [0.09206321592999156, 0.008194056494539038, 0.0], "k_pid_vsp": [140.4683975491595, 124.48340096747393, 5.879306637756886]}, "datetime": {"datetime": "2025-08-12 03:43:12", "elapsed": 40672.138711452484, "delta": 20.688233613967896}, "costs": {"total_cost": 184.12136004702376, "time_cost": 74.851, "final_distance_cost": 1.8413327163088675, "oscillation_cost": 17.908538684518174, "completition_cost": 0.0, "overshoot_cost": 52.13698880137158, "power_cost": 14.527492578125, "noise_cost": 22.856007266700136, "n_waypoints_completed": 9, "tot_waypoints": 9}}
{"target": -181.78280946366104, "params": {"k_pid_pos": [0.5333233046440727, 0.00704725244595474, 0.0005695520595154697], "k_pid_alt": [1.8055432123694721, 0.00443711732335336, 0.004604472156445269], "k_pid_att": [38.56347155401976, 0.31305995614422755, 0.8963732346747747], "k_pid_yaw": [0.5, 1e-06, 0.1], "k_pid_hsp": [0.10819588574296694, 0.008563832745369227, 0.0], "k_pid_vsp": [163.27137879046208, 111.47968519459657, 6.993800872318399]}, "datetime": {"datetime": "2025-08-12 03:43:30", "elapsed": 40690.07611036301, "delta": 17.93739891052246}, "costs": {"total_cost": 181.78280946366104, "time_cost": 71.918, "final_distance_cost": 1.8289036907383935, "oscillation_cost": 21.221133081453264, "completition_cost": 0.0, "overshoot_cost": 51.01938990578173, "power_cost": 14.202061206054688, "noise_cost": 21.59332157963297, "n_waypoints_completed": 9, "tot_waypoints": 9}}
{"target": -183.22998098124003, "params": {"k_pid_pos": [0.6893076224683664, 0.006740813312791191, 0.0006113847548884801], "k_pid_alt": [1.8568937995075248, 0.005038744404349384, 0.009715937361129138], "k_pid_att": [47.40645743061712, 0.3929443094511525, 0.9380654485537522], "k_pid_yaw": [0.5, 1e-06, 0.1], "k_pid_hsp": [0.09264564902152457, 0.009712000130327351, 0.0], "k_pid_vsp": [142.1507841782256, 100.1467421874396, 5.319422036074571]}, "datetime": {"datetime": "2025-08-12 03:43:49", "elapsed": 40708.90965437889, "delta": 18.8335440158844}, "costs": {"total_cost": 183.22998098124003, "time_cost": 71.22500000000001, "final_distance_cost": 1.8090675719821516, "oscillation_cost": 23.532590941894206, "completition_cost": 0.0, "overshoot_cost": 51.41624747543528, "power_cost": 14.130758496093751, "noise_cost": 21.116316495834614, "n_waypoints_completed": 9, "tot_waypoints": 9}}
{"target": -182.6633630263159, "params": {"k_pid_pos": [0.4669830194681254, 0.007897948551414012, 0.0006775959690001953], "k_pid_alt": [1.6302633937910647, 0.004856312516108391, 0.0065202244339953065], "k_pid_att": [41.53141819856324, 0.30227907014466765, 0.8839613294772756], "k_pid_yaw": [0.5, 1e-06, 0.1], "k_pid_hsp": [0.10298546471398345, 0.008240268480835606, 0.0], "k_pid_vsp": [125.37686547529984, 140.22466122629444, 5.948864295645888]}, "datetime": {"datetime": "2025-08-12 03:44:08", "elapsed": 40727.41036105156, "delta": 18.500706672668457}, "costs": {"total_cost": 182.6633630263159, "time_cost": 73.22, "final_distance_cost": 1.8486933869971645, "oscillation_cost": 19.829777482471357, "completition_cost": 0.0, "overshoot_cost": 51.11594532152577, "power_cost": 14.380022277832031, "noise_cost": 22.26892455748954, "n_waypoints_completed": 9, "tot_waypoints": 9}}
{"target": -182.55549831039437, "params": {"k_pid_pos": [0.5433912349871016, 0.006305263894179081, 0.0006394848385762726], "k_pid_alt": [1.441336922496193, 0.005213126493682752, 0.011369223596921448], "k_pid_att": [41.831264632171205, 0.3320377345462096, 1.0], "k_pid_yaw": [0.5, 1e-06, 0.1], "k_pid_hsp": [0.08356245836246858, 0.009571668588144606, 0.0], "k_pid_vsp": [137.6752824562012, 101.56918965209724, 5.203342134051501]}, "datetime": {"datetime": "2025-08-12 03:44:27", "elapsed": 40746.61212515831, "delta": 19.20176410675049}, "costs": {"total_cost": 182.55549831039437, "time_cost": 72.604, "final_distance_cost": 1.809074071008954, "oscillation_cost": 20.462446112413996, "completition_cost": 0.0, "overshoot_cost": 51.95792379882534, "power_cost": 14.160282446289063, "noise_cost": 21.561771881857002, "n_waypoints_completed": 9, "tot_waypoints": 9}}
{"target": -182.04089453659026, "params": {"k_pid_pos": [0.7002404577163527, 0.006627998598685541, 0.0007332124062208566], "k_pid_alt": [1.417996772838911, 0.004031127910174771, 0.006881113522944751], "k_pid_att": [39.80300933522435, 0.3225930266351258, 0.8597638899029908], "k_pid_yaw": [0.5, 1e-06, 0.1], "k_pid_hsp": [0.1117159279736088, 0.009011211814304912, 0.0], "k_pid_vsp": [116.38261575540605, 115.95882761643884, 5.419604815480887]}, "datetime": {"datetime": "2025-08-12 03:44:44", "elapsed": 40763.93293642998, "delta": 17.32081127166748}, "costs": {"total_cost": 182.04089453659026, "time_cost": 70.18900000000001, "final_distance_cost": 1.8182304399402274, "oscillation_cost": 24.23173405778666, "completition_cost": 0.0, "overshoot_cost": 50.71593130857962, "power_cost": 14.183804931640626, "noise_cost": 20.902193798643097, "n_waypoints_completed": 9, "tot_waypoints": 9}}
{"target": -181.3964145619227, "params": {"k_pid_pos": [0.5282048170286885, 0.006118025183373818, 0.0006806057474323621], "k_pid_alt": [1.601666403129016, 0.005381028738987691, 0.007550677222455876], "k_pid_att": [47.0199407361765, 0.3266942429830669, 0.8277173719443128], "k_pid_yaw": [0.5, 1e-06, 0.1], "k_pid_hsp": [0.08584917539724768, 0.009344597283544653, 0.0], "k_pid_vsp": [120.94185111072845, 122.51368728791722, 6.8647505678220275]}, "datetime": {"datetime": "2025-08-12 03:45:04", "elapsed": 40783.948657512665, "delta": 20.015721082687378}, "costs": {"total_cost": 181.3964145619227, "time_cost": 72.436, "final_distance_cost": 1.834602013902556, "oscillation_cost": 20.143023959088783, "completition_cost": 0.0, "overshoot_cost": 51.244616881966216, "power_cost": 14.150765539550783, "noise_cost": 21.587406167414375, "n_waypoints_completed": 9, "tot_waypoints": 9}}
{"target": -182.07713453923546, "params": {"k_pid_pos": [0.5282560726377884, 0.005403386858696701, 0.0005094314349594666], "k_pid_alt": [1.775579294966129, 0.004928708906996347, 0.009186812245638035], "k_pid_att": [30.291958186066598, 0.3953681971863517, 0.7289622544864874], "k_pid_yaw": [0.5, 1e-06, 0.1], "k_pid_hsp": [0.10501326057712256, 0.009356787864088873, 0.0], "k_pid_vsp": [159.62409106210757, 143.35116827177646, 7.059627431887937]}, "datetime": {"datetime": "2025-08-12 03:45:22", "elapsed": 40801.56009745598, "delta": 17.6114399433136}, "costs": {"total_cost": 182.07713453923546, "time_cost": 71.932, "final_distance_cost": 1.8411379062613449, "oscillation_cost": 21.2109753372321, "completition_cost": 0.0, "overshoot_cost": 50.97503856926874, "power_cost": 14.340813037109376, "noise_cost": 21.777169689363877, "n_waypoints_completed": 9, "tot_waypoints": 9}}
{"target": -183.6418011103086, "params": {"k_pid_pos": [0.6352656570588786, 0.005504848953065797, 0.0004892744363678076], "k_pid_alt": [1.6772581262626634, 0.005578970430577097, 0.00575218942978628], "k_pid_att": [48.697803084070436, 0.20888000983257993, 0.8643847190620546], "k_pid_yaw": [0.5, 1e-06, 0.1], "k_pid_hsp": [0.08133325771964617, 0.007699895668152867, 0.0], "k_pid_vsp": [147.977935805712, 120.51527059128144, 5.575374339558214]}, "datetime": {"datetime": "2025-08-12 03:45:41", "elapsed": 40820.91805887222, "delta": 19.357961416244507}, "costs": {"total_cost": 183.6418011103086, "time_cost": 72.471, "final_distance_cost": 1.8196294597850413, "oscillation_cost": 21.649077175414, "completition_cost": 0.0, "overshoot_cost": 51.787502006882114, "power_cost": 14.330031127929688, "noise_cost": 21.58456134029773, "n_waypoints_completed": 9, "tot_waypoints": 9}}
{"target": -181.89013083094983, "params": {"k_pid_pos": [0.5797385432924382, 0.007836182405183216, 0.0006903222433575648], "k_pid_alt": [1.4356193674727367, 0.004059077445970432, 0.008048965442206362], "k_pid_att": [40.70091689118445, 0.3375537039681921, 0.7837528380264208], "k_pid_yaw": [0.5, 1e-06, 0.1], "k_pid_hsp": [0.1076239295166348, 0.009585102523928161, 0.0], "k_pid_vsp": [140.72830963571772, 150.758133157723, 6.663063358475224]}, "datetime": {"datetime": "2025-08-12 03:45:59", "elapsed": 40838.393469810486, "delta": 17.47541093826294}, "costs": {"total_cost": 181.89013083094983, "time_cost": 71.176, "final_distance_cost": 1.8236634421062095, "oscillation_cost": 22.40873435591227, "completition_cost": 0.0, "overshoot_cost": 51.19429797971344, "power_cost": 14.095082580566407, "noise_cost": 21.1923524726515, "n_waypoints_completed": 9, "tot_waypoints": 9}}
{"target": -185.13727964330207, "params": {"k_pid_pos": [0.39152908248950546, 0.007457687220030053, 0.0005954860643387153], "k_pid_alt": [1.2667942066896298, 0.004371327605360106, 0.0060326106482419956], "k_pid_att": [51.0662849296076, 0.3627966901213469, 0.9970046118700194], "k_pid_yaw": [0.5, 1e-06, 0.1], "k_pid_hsp": [0.08014762996135145, 0.009990026032899946, 0.0], "k_pid_vsp": [152.89677345834556, 118.17645546416423, 6.277591389710217]}, "datetime": {"datetime": "2025-08-12 03:46:19", "elapsed": 40859.33748626709, "delta": 20.944016456604004}, "costs": {"total_cost": 185.13727964330207, "time_cost": 75.908, "final_distance_cost": 1.843483425915271, "oscillation_cost": 17.085289795319895, "completition_cost": 0.0, "overshoot_cost": 52.38033791646646, "power_cost": 14.735049328613282, "noise_cost": 23.185119176987133, "n_waypoints_completed": 9, "tot_waypoints": 9}}
{"target": -182.45679915551355, "params": {"k_pid_pos": [0.48066758994041425, 0.00618824299351992, 0.0006753747921950253], "k_pid_alt": [1.8827820279936684, 0.004514606552335716, 0.0077463554390741875], "k_pid_att": [45.03368394542091, 0.3829335081740292, 0.9963150182237147], "k_pid_yaw": [0.5, 1e-06, 0.1], "k_pid_hsp": [0.09275157267098925, 0.011116978228125433, 0.0], "k_pid_vsp": [115.03055984108323, 105.12743985466484, 8.358922911796336]}, "datetime": {"datetime": "2025-08-12 03:46:37", "elapsed": 40877.12104392052, "delta": 17.783557653427124}, "costs": {"total_cost": 182.45679915551355, "time_cost": 72.905, "final_distance_cost": 1.8446884482689574, "oscillation_cost": 19.877933379613772, "completition_cost": 0.0, "overshoot_cost": 51.64718303242989, "power_cost": 14.402434875488282, "noise_cost": 21.77955941971263, "n_waypoints_completed": 9, "tot_waypoints": 9}}
{"target": -181.70228860662323, "params": {"k_pid_pos": [0.6137040700936457, 0.007165095915942339, 0.0007074703734937694], "k_pid_alt": [1.444353045750898, 0.005310453910229191, 0.008201662655337788], "k_pid_att": [44.56190984205165, 0.33456312897989027, 0.770877075806763], "k_pid_yaw": [0.5, 1e-06, 0.1], "k_pid_hsp": [0.09782354509220875, 0.009899796400002473, 0.0], "k_pid_vsp": [135.59807068793054, 109.87724955460807, 5.247634222681504]}, "datetime": {"datetime": "2025-08-12 03:46:56", "elapsed": 40895.816037893295, "delta": 18.69499397277832}, "costs": {"total_cost": 181.70228860662323, "time_cost": 71.12, "final_distance_cost": 1.8078334328126393, "oscillation_cost": 22.607087700540166, "completition_cost": 0.0, "overshoot_cost": 50.9818820667931, "power_cost": 14.034351147460939, "noise_cost": 21.15113425901638, "n_waypoints_completed": 9, "tot_waypoints": 9}}
