{"target": -188.46418006963688, "params": {"k_pid_pos": [1.1692832887920865, 0.056397921418005585, 0.05429216030249486], "k_pid_alt": [1.8830439876203329, 0.0069123086984926065, 0.05678163832408393], "k_pid_att": [21.50997453604613, 0.0001, 0.7750664893858664], "k_pid_yaw": [0.5, 1e-06, 0.1], "k_pid_hsp": [0.24078057359239877, 0.007889216233233567, 0.0], "k_pid_vsp": [86.91628724415801, 30.689657479710203, 3.7374121619560854]}, "datetime": {"datetime": "2025-08-11 19:22:17", "elapsed": 10617.008816719055, "delta": 17.18634295463562}, "costs": {"total_cost": 188.46418006963688, "time_cost": 69.65, "final_distance_cost": 1.7993247881545673, "oscillation_cost": 30.167866077056036, "completition_cost": 0.0, "overshoot_cost": 51.36690312200426, "power_cost": 14.548833752441407, "noise_cost": 20.931252329980627, "n_waypoints_completed": 9, "tot_waypoints": 9}}
{"target": -406.17486345567255, "params": {"k_pid_pos": [0.24399727565439258, 0.06897280711927344, 0.044183992963466645], "k_pid_alt": [1.6496570034796403, 0.005114515812175455, 0.03649875500307257], "k_pid_att": [15.363909948995174, 1.4300392735949468, 0.03666021614942239], "k_pid_yaw": [0.5, 1e-06, 0.1], "k_pid_hsp": [0.10268089033539456, 0.012697889749189126, 0.0], "k_pid_vsp": [0.0, 28.30837216126876, 10.653660943138258]}, "datetime": {"datetime": "2025-08-11 19:22:47", "elapsed": 10646.8201212883, "delta": 29.811304569244385}, "costs": {"total_cost": 406.17486345567255, "time_cost": 150, "final_distance_cost": 2.438108478185766, "oscillation_cost": 16.663819851544094, "completition_cost": 111.11111111111116, "overshoot_cost": 63.85012216654723, "power_cost": 28.00387691650391, "noise_cost": 34.10782493178038, "n_waypoints_completed": 8, "tot_waypoints": 9}}
{"target": -217.06551382203747, "params": {"k_pid_pos": [0.40006958113938573, 0.09032333976815386, 0.0567122838345722], "k_pid_alt": [1.8891915369157728, 0.008367378939678129, 0.060666285568781314], "k_pid_att": [14.956989609146374, 0.6979739517295532, 0.4981862622894879], "k_pid_yaw": [0.5, 1e-06, 0.1], "k_pid_hsp": [0.08761267427244612, 0.018541033593773334, 0.0], "k_pid_vsp": [51.236419754570456, 23.863678426712326, 5.568669124598689]}, "datetime": {"datetime": "2025-08-11 19:23:10", "elapsed": 10670.344982862473, "delta": 23.524861574172974}, "costs": {"total_cost": 217.06551382203747, "time_cost": 94.269, "final_distance_cost": 1.8356026278389423, "oscillation_cost": 20.631499700892423, "completition_cost": 0.0, "overshoot_cost": 53.939191806046956, "power_cost": 17.94953669433594, "noise_cost": 28.440682992923225, "n_waypoints_completed": 9, "tot_waypoints": 9}}
{"target": -184.7106818784967, "params": {"k_pid_pos": [0.728792630959016, 0.04551096647123127, 0.06933406569681151], "k_pid_alt": [2.0, 0.009082262857825455, 0.0882713646320777], "k_pid_att": [13.464356607458518, 0.6565516754123055, 0.7553969151601511], "k_pid_yaw": [0.5, 1e-06, 0.1], "k_pid_hsp": [0.24035025061033752, 0.010277578108057824, 0.0], "k_pid_vsp": [100.4157315950951, 65.11285998463184, 2.6707333504239674]}, "datetime": {"datetime": "2025-08-11 19:23:27", "elapsed": 10687.324724435806, "delta": 16.97974157333374}, "costs": {"total_cost": 184.7106818784967, "time_cost": 70.868, "final_distance_cost": 1.8430670115495507, "oscillation_cost": 25.273736744934755, "completition_cost": 0.0, "overshoot_cost": 51.01741362275714, "power_cost": 14.313832324218751, "noise_cost": 21.39463217503651, "n_waypoints_completed": 9, "tot_waypoints": 9}}
{"target": -194.94898181037297, "params": {"k_pid_pos": [0.5317114604807297, 0.05054535594428248, 0.07566910585464681], "k_pid_alt": [0.7427642081901071, 0.007246216057569816, 0.058208509511788915], "k_pid_att": [22.444853895335992, 1.592987066256282, 0.0], "k_pid_yaw": [0.5, 1e-06, 0.1], "k_pid_hsp": [0.08801399399729677, 0.006432617024190864, 0.0], "k_pid_vsp": [24.976332946434855, 82.37645466748211, 2.2867467096164416]}, "datetime": {"datetime": "2025-08-11 19:23:48", "elapsed": 10707.653623104095, "delta": 20.328898668289185}, "costs": {"total_cost": 194.94898181037297, "time_cost": 78.211, "final_distance_cost": 1.824559438682529, "oscillation_cost": 24.999423814118483, "completition_cost": 0.0, "overshoot_cost": 51.743965597459294, "power_cost": 15.22820184326172, "noise_cost": 22.94183111685094, "n_waypoints_completed": 9, "tot_waypoints": 9}}
{"target": -184.5543361294241, "params": {"k_pid_pos": [0.7139398841547974, 0.08390728841328872, 0.04960571879444136], "k_pid_alt": [1.723538008998183, 0.00909413727153154, 0.04297312292882899], "k_pid_att": [21.560949695912537, 1.6607662103862726, 0.49784223895031526], "k_pid_yaw": [0.5, 1e-06, 0.1], "k_pid_hsp": [0.24645968546344252, 0.017108395968334796, 0.0], "k_pid_vsp": [146.78461714784123, 101.98973918106061, 1e-06]}, "datetime": {"datetime": "2025-08-11 19:24:06", "elapsed": 10725.362144947052, "delta": 17.708521842956543}, "costs": {"total_cost": 184.5543361294241, "time_cost": 70.805, "final_distance_cost": 1.842473495291882, "oscillation_cost": 25.772066359793723, "completition_cost": 0.0, "overshoot_cost": 50.21083872170144, "power_cost": 14.43151396484375, "noise_cost": 21.49244358779327, "n_waypoints_completed": 9, "tot_waypoints": 9}}
{"target": -188.6254470394659, "params": {"k_pid_pos": [0.47228249898085733, 0.04672295285468552, 0.08682501061716637], "k_pid_alt": [1.2426944960238202, 0.008423871751607958, 0.043121806944533776], "k_pid_att": [28.934849356166655, 1.7675873295821791, 0.5181765294173889], "k_pid_yaw": [0.5, 1e-06, 0.1], "k_pid_hsp": [0.1266668720008335, 0.009315380907295764, 0.0], "k_pid_vsp": [102.38333652089642, 45.75063924061689, 1.4620210167844556]}, "datetime": {"datetime": "2025-08-11 19:24:24", "elapsed": 10744.051480293274, "delta": 18.689335346221924}, "costs": {"total_cost": 188.6254470394659, "time_cost": 75.418, "final_distance_cost": 1.8498508000888132, "oscillation_cost": 21.359959911504298, "completition_cost": 0.0, "overshoot_cost": 52.057710643706606, "power_cost": 14.710952893066407, "noise_cost": 23.228972791099782, "n_waypoints_completed": 9, "tot_waypoints": 9}}
{"target": -686.7503812078771, "params": {"k_pid_pos": [0.8191078774432358, 0.09067783162064973, 0.0494649039377714], "k_pid_alt": [0.07552409395152788, 0.008323854620735144, 0.042889891110113924], "k_pid_att": [14.86836942247743, 0.5563011023576764, 0.6759077768813976], "k_pid_yaw": [0.5, 1e-06, 0.1], "k_pid_hsp": [0.16076286546239069, 0.018979656668286857, 0.0], "k_pid_vsp": [144.89579391775354, 44.198307202741056, 1e-06]}, "datetime": {"datetime": "2025-08-11 19:24:55", "elapsed": 10774.424917936325, "delta": 30.373437643051147}, "costs": {"total_cost": 686.7503812078771, "time_cost": 150, "final_distance_cost": 71.15638390134242, "oscillation_cost": 22.022867651941432, "completition_cost": 333.33333333333337, "overshoot_cost": 54.52033717101576, "power_cost": 22.432060803222658, "noise_cost": 33.28539834702159, "n_waypoints_completed": 6, "tot_waypoints": 9}}
{"target": -202.74204390011607, "params": {"k_pid_pos": [0.9110072958804839, 0.05561584014528385, 0.019357188857109617], "k_pid_alt": [1.7412298098222123, 0.00559573101512819, 0.062131899383794216], "k_pid_att": [19.175442355150178, 1.6045244708646937, 0.11174100462191394], "k_pid_yaw": [0.5, 1e-06, 0.1], "k_pid_hsp": [0.052145756486021023, 0.011783348278275577, 0.0], "k_pid_vsp": [79.99134494583608, 1e-06, 0.4281042374452941]}, "datetime": {"datetime": "2025-08-11 19:25:15", "elapsed": 10794.49792432785, "delta": 20.07300639152527}, "costs": {"total_cost": 202.74204390011607, "time_cost": 80.535, "final_distance_cost": 1.771758880821422, "oscillation_cost": 25.50850261886113, "completition_cost": 0.0, "overshoot_cost": 54.990759265246524, "power_cost": 15.756220556640626, "noise_cost": 24.179802578546372, "n_waypoints_completed": 9, "tot_waypoints": 9}}
{"target": -185.9000352531889, "params": {"k_pid_pos": [0.733803171193652, 0.024827095014395607, 0.08856384478038098], "k_pid_alt": [1.9333343665410094, 0.00837816319781135, 0.052139489271824824], "k_pid_att": [4.9976293088285955, 0.49960329364392314, 0.3498618112982182], "k_pid_yaw": [0.5, 1e-06, 0.1], "k_pid_hsp": [0.2391057802391602, 0.0038342238329790103, 0.0], "k_pid_vsp": [84.11144002000569, 51.68457892686155, 1e-06]}, "datetime": {"datetime": "2025-08-11 19:25:32", "elapsed": 10812.062183141708, "delta": 17.564258813858032}, "costs": {"total_cost": 185.9000352531889, "time_cost": 71.302, "final_distance_cost": 1.8358634934813498, "oscillation_cost": 25.35817111225957, "completition_cost": 0.0, "overshoot_cost": 51.1894452240358, "power_cost": 14.459719689941407, "noise_cost": 21.754835733470753, "n_waypoints_completed": 9, "tot_waypoints": 9}}
{"target": -213.6395259754794, "params": {"k_pid_pos": [0.2844230179673007, 0.09011698186804312, 0.0], "k_pid_alt": [1.7268783210656986, 0.003977005220124365, 0.07354667202176837], "k_pid_att": [18.172251888286805, 1.070998096966307, 0.898051658503773], "k_pid_yaw": [0.5, 1e-06, 0.1], "k_pid_hsp": [0.22409632652944875, 0.016116634791535456, 0.0], "k_pid_vsp": [32.22586488137619, 56.50888661406274, 1.4455093401904326]}, "datetime": {"datetime": "2025-08-11 19:25:55", "elapsed": 10834.9062936306, "delta": 22.8441104888916}, "costs": {"total_cost": 213.6395259754794, "time_cost": 91.063, "final_distance_cost": 1.8461318468663621, "oscillation_cost": 20.67493670837065, "completition_cost": 0.0, "overshoot_cost": 53.87413497504634, "power_cost": 17.41494274902344, "noise_cost": 28.766379696172574, "n_waypoints_completed": 9, "tot_waypoints": 9}}
{"target": -185.9350552016519, "params": {"k_pid_pos": [1.0278974307165683, 0.04438797433283508, 0.06149870505442454], "k_pid_alt": [2.0, 0.004527356325227444, 0.07560664147237779], "k_pid_att": [13.301546604026699, 0.5569986494705177, 0.37369041795586605], "k_pid_yaw": [0.5, 1e-06, 0.1], "k_pid_hsp": [0.1295608152529991, 0.015174889699694591, 0.0], "k_pid_vsp": [171.18805184805672, 59.58585747491295, 4.67511686119241]}, "datetime": {"datetime": "2025-08-11 19:26:12", "elapsed": 10852.22572851181, "delta": 17.319434881210327}, "costs": {"total_cost": 185.9350552016519, "time_cost": 69.601, "final_distance_cost": 1.7831387913997918, "oscillation_cost": 29.056556557809873, "completition_cost": 0.0, "overshoot_cost": 50.56714015853337, "power_cost": 14.371278784179689, "noise_cost": 20.555940909729173, "n_waypoints_completed": 9, "tot_waypoints": 9}}
{"target": -186.59463815423794, "params": {"k_pid_pos": [0.9628202946625208, 0.043726761932636304, 0.03613003234983897], "k_pid_alt": [0.8727007467094432, 0.007787982669927723, 0.07392460536215288], "k_pid_att": [9.456399816936472, 0.15396503057743752, 0.43486355114209035], "k_pid_yaw": [0.5, 1e-06, 0.1], "k_pid_hsp": [0.14766498058525182, 0.021709180370374972, 0.0], "k_pid_vsp": [59.876731945794596, 74.17169318900471, 2.4142479284757963]}, "datetime": {"datetime": "2025-08-11 19:26:30", "elapsed": 10869.667890310287, "delta": 17.442161798477173}, "costs": {"total_cost": 186.59463815423794, "time_cost": 70.161, "final_distance_cost": 1.8008621644332012, "oscillation_cost": 29.71954990841496, "completition_cost": 0.0, "overshoot_cost": 50.00196195639235, "power_cost": 14.446478552246095, "noise_cost": 20.46478557275133, "n_waypoints_completed": 9, "tot_waypoints": 9}}
{"target": -189.41291475123742, "params": {"k_pid_pos": [0.7314589499441695, 0.032717617563068645, 0.050293423856702595], "k_pid_alt": [1.4867336910774176, 0.010787523487130309, 0.0623299628798655], "k_pid_att": [14.078617640388407, 0.0001, 0.7591197990340675], "k_pid_yaw": [0.5, 1e-06, 0.1], "k_pid_hsp": [0.24831732668989304, 0.014969731637472871, 0.0], "k_pid_vsp": [0.0, 58.16516316012894, 5.025601350186579]}, "datetime": {"datetime": "2025-08-11 19:26:48", "elapsed": 10887.430666208267, "delta": 17.762775897979736}, "costs": {"total_cost": 189.41291475123742, "time_cost": 71.659, "final_distance_cost": 1.8075753017193055, "oscillation_cost": 27.901491490926066, "completition_cost": 0.0, "overshoot_cost": 50.772410305906746, "power_cost": 15.928648876953126, "noise_cost": 21.343788775732147, "n_waypoints_completed": 9, "tot_waypoints": 9}}
{"target": -190.48499794485167, "params": {"k_pid_pos": [0.7866654692370213, 0.07744766706313948, 0.1161472954476432], "k_pid_alt": [0.8247866762775926, 0.006091846074606067, 0.062366814987827764], "k_pid_att": [8.675005714590958, 0.46489322999751376, 0.6899088970016894], "k_pid_yaw": [0.5, 1e-06, 0.1], "k_pid_hsp": [0.3605347406403019, 0.01772586041360609, 0.0], "k_pid_vsp": [87.42404977598942, 21.733687761175815, 5.473784637972944]}, "datetime": {"datetime": "2025-08-11 19:27:06", "elapsed": 10905.54623413086, "delta": 18.115567922592163}, "costs": {"total_cost": 190.48499794485167, "time_cost": 73.052, "final_distance_cost": 1.8357284199437285, "oscillation_cost": 27.365660408784457, "completition_cost": 0.0, "overshoot_cost": 51.371178086133476, "power_cost": 14.774608544921875, "noise_cost": 22.085822485068114, "n_waypoints_completed": 9, "tot_waypoints": 9}}
{"target": -427.6446929779315, "params": {"k_pid_pos": [0.23456248627111467, 0.0006288945568877422, 0.10162881430872123], "k_pid_alt": [1.9447813342623554, 0.006202878481746884, 0.02155052769884973], "k_pid_att": [7.194809857857012, 1.123268640097139, 0.698230487416259], "k_pid_yaw": [0.5, 1e-06, 0.1], "k_pid_hsp": [0.21542543790319404, 0.015709353993314627, 0.0], "k_pid_vsp": [0.0, 75.32093425265339, 1.9651897049028453]}, "datetime": {"datetime": "2025-08-11 19:27:36", "elapsed": 10935.811320781708, "delta": 30.26508665084839}, "costs": {"total_cost": 427.6446929779315, "time_cost": 150, "final_distance_cost": 17.272823760012134, "oscillation_cost": 30.04226948289776, "completition_cost": 111.11111111111116, "overshoot_cost": 62.865863912858124, "power_cost": 28.721823950195315, "noise_cost": 27.6308007608571, "n_waypoints_completed": 8, "tot_waypoints": 9}}
{"target": -186.2597472092196, "params": {"k_pid_pos": [0.6603306826447138, 0.06278601863230558, 0.0], "k_pid_alt": [1.6469744323902076, 0.003048395398948946, 0.04105709501805752], "k_pid_att": [14.647083698198161, 1.217158924843052, 0.0], "k_pid_yaw": [0.5, 1e-06, 0.1], "k_pid_hsp": [0.15861080784524167, 0.015897904296958296, 0.0], "k_pid_vsp": [142.3714479390841, 42.290457805653936, 4.157014604673493]}, "datetime": {"datetime": "2025-08-11 19:27:54", "elapsed": 10954.0156083107, "delta": 18.2042875289917}, "costs": {"total_cost": 186.2597472092196, "time_cost": 70.84, "final_distance_cost": 1.820054037995672, "oscillation_cost": 27.211485882419883, "completition_cost": 0.0, "overshoot_cost": 50.83665098687293, "power_cost": 14.244401953125001, "noise_cost": 21.307154348806105, "n_waypoints_completed": 9, "tot_waypoints": 9}}
{"target": -185.52732170749115, "params": {"k_pid_pos": [0.6646216006471186, 0.03468471461259332, 0.031518722334560524], "k_pid_alt": [1.3858457481158812, 0.006070748620646683, 0.030207728684347433], "k_pid_att": [25.542967453203868, 0.9820931311145294, 0.1711591602385116], "k_pid_yaw": [0.5, 1e-06, 0.1], "k_pid_hsp": [0.2366067125093795, 0.014395994036228502, 0.0], "k_pid_vsp": [84.8007445309983, 64.91091574569322, 1.9700957259075926]}, "datetime": {"datetime": "2025-08-11 19:28:13", "elapsed": 10972.552221536636, "delta": 18.53661322593689}, "costs": {"total_cost": 185.52732170749115, "time_cost": 71.218, "final_distance_cost": 1.8466851044251922, "oscillation_cost": 25.86141525765397, "completition_cost": 0.0, "overshoot_cost": 50.702069212161845, "power_cost": 14.335651684570314, "noise_cost": 21.563500448679825, "n_waypoints_completed": 9, "tot_waypoints": 9}}
{"target": -185.69595592056532, "params": {"k_pid_pos": [1.0135006808779254, 0.05679045706205552, 0.05335830406639656], "k_pid_alt": [1.3247292322962114, 0.0036591699307433868, 0.038281411396085596], "k_pid_att": [20.711545509971657, 0.5396621281752972, 0.2708752932023744], "k_pid_yaw": [0.5, 1e-06, 0.1], "k_pid_hsp": [0.22371503666400963, 0.016488554749579706, 0.0], "k_pid_vsp": [73.9304093826554, 43.347569495712776, 4.226743159408453]}, "datetime": {"datetime": "2025-08-11 19:28:30", "elapsed": 10989.659477472305, "delta": 17.107255935668945}, "costs": {"total_cost": 185.69595592056532, "time_cost": 69.188, "final_distance_cost": 1.826221190688425, "oscillation_cost": 29.32821407684822, "completition_cost": 0.0, "overshoot_cost": 50.29169701121352, "power_cost": 14.383749169921876, "noise_cost": 20.67807447189328, "n_waypoints_completed": 9, "tot_waypoints": 9}}
{"target": -194.79068583480566, "params": {"k_pid_pos": [0.41438734001615124, 0.050639535520279035, 0.04947921991081084], "k_pid_alt": [0.8798865044948284, 0.0017132293893943572, 0.05559710751445555], "k_pid_att": [16.80611719536812, 0.7932299364496861, 0.20324796779838605], "k_pid_yaw": [0.5, 1e-06, 0.1], "k_pid_hsp": [0.14423436155634276, 0.014620702958761856, 0.0], "k_pid_vsp": [28.744936661866223, 38.118694677430604, 5.456397754612158]}, "datetime": {"datetime": "2025-08-11 19:28:50", "elapsed": 11009.991738557816, "delta": 20.332261085510254}, "costs": {"total_cost": 194.79068583480566, "time_cost": 79.618, "final_distance_cost": 1.8477195472033139, "oscillation_cost": 21.6215234330726, "completition_cost": 0.0, "overshoot_cost": 51.818207200636635, "power_cost": 15.329409008789064, "noise_cost": 24.555826645104055, "n_waypoints_completed": 9, "tot_waypoints": 9}}
{"target": -190.6055931083959, "params": {"k_pid_pos": [0.547226315650651, 0.08874553652245583, 0.16569839880341275], "k_pid_alt": [1.3191692469088132, 0.0074989050068053125, 0.05151393001756899], "k_pid_att": [21.85086820097463, 0.5713135477518446, 1.0], "k_pid_yaw": [0.5, 1e-06, 0.1], "k_pid_hsp": [0.14270426410363116, 0.02343455615142287, 0.0], "k_pid_vsp": [89.92796536303494, 53.01869707333959, 0.9935276153965886]}, "datetime": {"datetime": "2025-08-11 19:29:09", "elapsed": 11028.590374469757, "delta": 18.59863591194153}, "costs": {"total_cost": 190.6055931083959, "time_cost": 75.229, "final_distance_cost": 1.8436225032724796, "oscillation_cost": 24.158611960558385, "completition_cost": 0.0, "overshoot_cost": 51.43838984432683, "power_cost": 14.843419750976564, "noise_cost": 23.09254904926165, "n_waypoints_completed": 9, "tot_waypoints": 9}}
{"target": -186.15682461093428, "params": {"k_pid_pos": [0.9821367963535047, 0.10271955110454371, 0.10288846097968946], "k_pid_alt": [1.4394720572558974, 0.0019749937912771427, 0.034049895092615134], "k_pid_att": [19.15818144810932, 1.2047286217651154, 0.6523583111025928], "k_pid_yaw": [0.5, 1e-06, 0.1], "k_pid_hsp": [0.1995838962623081, 0.006617710327970212, 0.0], "k_pid_vsp": [156.03346106221116, 48.39723008248746, 0.6770553672056785]}, "datetime": {"datetime": "2025-08-11 19:29:26", "elapsed": 11045.81709575653, "delta": 17.22672128677368}, "costs": {"total_cost": 186.15682461093428, "time_cost": 69.867, "final_distance_cost": 1.804944605286812, "oscillation_cost": 27.985269010349274, "completition_cost": 0.0, "overshoot_cost": 50.99319483061155, "power_cost": 14.471424450683594, "noise_cost": 21.03499171400303, "n_waypoints_completed": 9, "tot_waypoints": 9}}
{"target": -218.12486734676867, "params": {"k_pid_pos": [0.3162977837641962, 0.059825442146521864, 0.055130949601204314], "k_pid_alt": [1.012633892519002, 0.005052716110104445, 0.0643299307105736], "k_pid_att": [16.53863384652037, 0.046321822790316984, 0.5139862611651248], "k_pid_yaw": [0.5, 1e-06, 0.1], "k_pid_hsp": [0.22397690907338388, 0.012021907438209667, 0.0], "k_pid_vsp": [84.81790899458862, 63.25161624628483, 5.957990797921682]}, "datetime": {"datetime": "2025-08-11 19:29:50", "elapsed": 11069.492092370987, "delta": 23.674996614456177}, "costs": {"total_cost": 218.12486734676867, "time_cost": 94.304, "final_distance_cost": 1.8502290884670263, "oscillation_cost": 20.522099996693715, "completition_cost": 0.0, "overshoot_cost": 53.67582935562213, "power_cost": 17.868444287109376, "noise_cost": 29.90426461887639, "n_waypoints_completed": 9, "tot_waypoints": 9}}
{"target": -186.37284380715363, "params": {"k_pid_pos": [1.0029308503068053, 0.06056445103164243, 0.07576683148172007], "k_pid_alt": [1.519318297637873, 0.0063266181797873465, 0.09965184288975942], "k_pid_att": [11.782224038079276, 0.8369112968792511, 0.13499812107590853], "k_pid_yaw": [0.5, 1e-06, 0.1], "k_pid_hsp": [0.24216146500468314, 0.008469331951959662, 0.0], "k_pid_vsp": [30.892492620799015, 34.34836026662871, 6.37376279244593]}, "datetime": {"datetime": "2025-08-11 19:30:07", "elapsed": 11086.896208524704, "delta": 17.40411615371704}, "costs": {"total_cost": 186.37284380715363, "time_cost": 69.748, "final_distance_cost": 1.8265490561232385, "oscillation_cost": 28.62327409893008, "completition_cost": 0.0, "overshoot_cost": 50.65138007691958, "power_cost": 14.449772204589845, "noise_cost": 21.073868370590866, "n_waypoints_completed": 9, "tot_waypoints": 9}}
{"target": -185.5607636897083, "params": {"k_pid_pos": [0.6833567352248887, 0.06253637166421279, 0.03675111361874435], "k_pid_alt": [1.2358951372106455, 0.007297194976616617, 0.037033584206648505], "k_pid_att": [18.531173289671084, 1.6874086888878936, 0.4652051810771864], "k_pid_yaw": [0.5, 1e-06, 0.1], "k_pid_hsp": [0.22576078134491898, 0.017985850944450987, 0.0], "k_pid_vsp": [105.30064739170275, 89.15802701223292, 5.472904168534952]}, "datetime": {"datetime": "2025-08-11 19:30:25", "elapsed": 11104.765176057816, "delta": 17.868967533111572}, "costs": {"total_cost": 185.5607636897083, "time_cost": 70.896, "final_distance_cost": 1.8302206383017303, "oscillation_cost": 26.15617384324514, "completition_cost": 0.0, "overshoot_cost": 50.68410243246948, "power_cost": 14.47265526123047, "noise_cost": 21.52161151446148, "n_waypoints_completed": 9, "tot_waypoints": 9}}
