{"target": -185.58642777953148, "params": {"k_pid_pos": [0.9881122658271343, 0.007026581530857724, 0.0009557490466813636], "k_pid_alt": [1.7880981948860637, 0.0062309242563884345, 0.01573673641869115], "k_pid_att": [49.06504623484934, 0.2241394849243832, 1.0], "k_pid_yaw": [0.5, 1e-06, 0.1], "k_pid_hsp": [0.10070617287575682, 0.009857852893498085, 0.0], "k_pid_vsp": [128.97471867330975, 80.03211136369353, 8.179671762934008]}, "datetime": {"datetime": "2025-08-11 23:20:15", "elapsed": 24895.09905052185, "delta": 17.421558618545532}, "costs": {"total_cost": 185.58642777953148, "time_cost": 70.0, "final_distance_cost": 1.7738066049703614, "oscillation_cost": 27.80366221455565, "completition_cost": 0.0, "overshoot_cost": 51.00370047777797, "power_cost": 14.333761962890625, "noise_cost": 20.671496519336863, "n_waypoints_completed": 9, "tot_waypoints": 9}}
{"target": -182.14452289141184, "params": {"k_pid_pos": [0.5965927075901466, 0.005894502668842901, 0.0006832536445005442], "k_pid_alt": [1.2871403872593479, 0.004060046909904396, 0.021019271382846195], "k_pid_att": [57.300816170027, 0.29657239501615207, 0.7445621897171307], "k_pid_yaw": [0.5, 1e-06, 0.1], "k_pid_hsp": [0.11215100143242329, 0.00887327396028312, 0.0], "k_pid_vsp": [88.89831633276481, 112.03512936369322, 7.237413916136568]}, "datetime": {"datetime": "2025-08-11 23:20:33", "elapsed": 24913.08497619629, "delta": 17.985925674438477}, "costs": {"total_cost": 182.14452289141184, "time_cost": 71.12, "final_distance_cost": 1.8192633369919706, "oscillation_cost": 23.10878145775501, "completition_cost": 0.0, "overshoot_cost": 50.775620383383696, "power_cost": 14.10621219482422, "noise_cost": 21.214645518456926, "n_waypoints_completed": 9, "tot_waypoints": 9}}
{"target": -184.94958738474054, "params": {"k_pid_pos": [0.4675747432957665, 0.004668759058532365, 0.0009935473571495558], "k_pid_alt": [2.0, 0.005789879303694318, 0.024161337564304386], "k_pid_att": [51.21360099578589, 0.4262081118742637, 0.6526871052442343], "k_pid_yaw": [0.5, 1e-06, 0.1], "k_pid_hsp": [0.12241406803021615, 0.006491407223229373, 0.0], "k_pid_vsp": [51.962055917769504, 107.76975073916795, 5.874227124159535]}, "datetime": {"datetime": "2025-08-11 23:20:52", "elapsed": 24931.406178712845, "delta": 18.321202516555786}, "costs": {"total_cost": 184.94958738474054, "time_cost": 73.934, "final_distance_cost": 1.8466762534370682, "oscillation_cost": 21.088852587683352, "completition_cost": 0.0, "overshoot_cost": 50.972050427075565, "power_cost": 14.532911877441407, "noise_cost": 22.575096239103182, "n_waypoints_completed": 9, "tot_waypoints": 9}}
{"target": -224.88423380640722, "params": {"k_pid_pos": [0.26783104732484847, 0.005197229312120002, 0.001233883872339649], "k_pid_alt": [1.3800649183331715, 0.00443015319853518, 0.014201098543365251], "k_pid_att": [56.05387106735389, 0.28481072017708287, 1.0], "k_pid_yaw": [0.5, 1e-06, 0.1], "k_pid_hsp": [0.08378618895126606, 0.008127992940559443, 0.0], "k_pid_vsp": [78.20453146292193, 85.5164723958769, 7.295914403006322]}, "datetime": {"datetime": "2025-08-11 23:21:17", "elapsed": 24957.24517226219, "delta": 25.838993549346924}, "costs": {"total_cost": 224.88423380640722, "time_cost": 100.408, "final_distance_cost": 1.8637219516184762, "oscillation_cost": 14.31905684439856, "completition_cost": 0.0, "overshoot_cost": 54.67713557878074, "power_cost": 18.724526770019533, "noise_cost": 34.89179266158992, "n_waypoints_completed": 9, "tot_waypoints": 9}}
{"target": -181.53349376753317, "params": {"k_pid_pos": [0.5612801154699258, 0.004563580250148865, 0.0008105499214966636], "k_pid_alt": [1.1317835569777601, 0.004315870279228106, 0.027939648303902654], "k_pid_att": [35.12618931021549, 0.27836785429240396, 0.8993627580979503], "k_pid_yaw": [0.5, 1e-06, 0.1], "k_pid_hsp": [0.0919516223784387, 0.006300633050041985, 0.0], "k_pid_vsp": [81.1678395858524, 88.04934100132039, 4.997025164972736]}, "datetime": {"datetime": "2025-08-11 23:21:35", "elapsed": 24975.215799808502, "delta": 17.970627546310425}, "costs": {"total_cost": 181.53349376753317, "time_cost": 72.10000000000001, "final_distance_cost": 1.8138455677841292, "oscillation_cost": 20.861498602102913, "completition_cost": 0.0, "overshoot_cost": 51.11291329161677, "power_cost": 14.091888916015625, "noise_cost": 21.553347390013737, "n_waypoints_completed": 9, "tot_waypoints": 9}}
{"target": -183.08110227667848, "params": {"k_pid_pos": [0.5565444691395988, 0.00808755458255412, 0.00123820565922273], "k_pid_alt": [1.5480730809279357, 0.007608035840688136, 0.018622041750755505], "k_pid_att": [45.570667165274074, 0.22954133260064172, 1.0], "k_pid_yaw": [0.5, 1e-06, 0.1], "k_pid_hsp": [0.11935219896948829, 0.010210035565953663, 0.0], "k_pid_vsp": [103.05204926221529, 133.04105438093856, 8.76764676141764]}, "datetime": {"datetime": "2025-08-11 23:21:53", "elapsed": 24992.718416929245, "delta": 17.502617120742798}, "costs": {"total_cost": 183.08110227667848, "time_cost": 71.561, "final_distance_cost": 1.835068800897144, "oscillation_cost": 22.785242162781262, "completition_cost": 0.0, "overshoot_cost": 50.84826271289173, "power_cost": 16.03248486328125, "noise_cost": 20.019043736827083, "n_waypoints_completed": 9, "tot_waypoints": 9}}
{"target": -183.50351055263883, "params": {"k_pid_pos": [0.7466367233846801, 0.00458451644196443, 0.0007118934573507434], "k_pid_alt": [1.0037879170081638, 0.00656103708082201, 0.017477605689581694], "k_pid_att": [59.14102327540888, 0.2637487057080936, 0.5854422325817231], "k_pid_yaw": [0.5, 1e-06, 0.1], "k_pid_hsp": [0.10915821795704811, 0.015235937881044577, 0.0], "k_pid_vsp": [55.778765533315436, 118.33719971246364, 7.14824716434309]}, "datetime": {"datetime": "2025-08-11 23:22:11", "elapsed": 25010.52397942543, "delta": 17.805562496185303}, "costs": {"total_cost": 183.50351055263883, "time_cost": 70.574, "final_distance_cost": 1.805509816957253, "oscillation_cost": 25.781454686244526, "completition_cost": 0.0, "overshoot_cost": 50.3450914583077, "power_cost": 14.267145959472657, "noise_cost": 20.730308631656687, "n_waypoints_completed": 9, "tot_waypoints": 9}}
{"target": -187.5699205695264, "params": {"k_pid_pos": [0.4309643145343694, 0.006537984991234901, 0.0015168537684839198], "k_pid_alt": [0.9343310248263802, 0.004387834933948933, 0.02418644345709814], "k_pid_att": [56.78867387323107, 0.41600905498606977, 1.0], "k_pid_yaw": [0.5, 1e-06, 0.1], "k_pid_hsp": [0.09435251150540447, 0.015984971419670674, 0.0], "k_pid_vsp": [69.41772470925633, 102.32633617785837, 9.02896182936706]}, "datetime": {"datetime": "2025-08-11 23:22:30", "elapsed": 25029.485702753067, "delta": 18.96172332763672}, "costs": {"total_cost": 187.5699205695264, "time_cost": 76.027, "final_distance_cost": 1.8595130016932997, "oscillation_cost": 20.249693679124466, "completition_cost": 0.0, "overshoot_cost": 51.01153923603467, "power_cost": 17.79786075439453, "noise_cost": 20.624313898279443, "n_waypoints_completed": 9, "tot_waypoints": 9}}
{"target": -183.29572288009427, "params": {"k_pid_pos": [0.5018942987239096, 0.008222104017968768, 0.0009494200267192566], "k_pid_alt": [1.7418503116243933, 0.003661875938987359, 0.011593274788014266], "k_pid_att": [27.226813529196118, 0.4851574440329686, 0.8955104377648034], "k_pid_yaw": [0.5, 1e-06, 0.1], "k_pid_hsp": [0.11814533507128588, 0.0072639723615220905, 0.0], "k_pid_vsp": [141.82725348362916, 134.06675008474477, 8.204495581375276]}, "datetime": {"datetime": "2025-08-11 23:22:48", "elapsed": 25047.550332546234, "delta": 18.064629793167114}, "costs": {"total_cost": 183.29572288009427, "time_cost": 72.646, "final_distance_cost": 1.8407594349300014, "oscillation_cost": 21.350316400916167, "completition_cost": 0.0, "overshoot_cost": 51.091527078433465, "power_cost": 14.340849047851563, "noise_cost": 22.026270917963085, "n_waypoints_completed": 9, "tot_waypoints": 9}}
{"target": -183.43516694833184, "params": {"k_pid_pos": [0.6348748901210873, 0.004500612544868349, 0.0009760902839385108], "k_pid_alt": [1.0745913311923534, 0.006099951002842931, 0.010892965474451545], "k_pid_att": [44.2694035664924, 0.3039220957930679, 0.871998182431183], "k_pid_yaw": [0.5, 1e-06, 0.1], "k_pid_hsp": [0.08417453375160507, 0.007834687835631106, 0.0], "k_pid_vsp": [95.03946724456743, 110.20353137104443, 8.929310724641788]}, "datetime": {"datetime": "2025-08-11 23:23:06", "elapsed": 25066.2068901062, "delta": 18.65655755996704}, "costs": {"total_cost": 183.43516694833184, "time_cost": 72.387, "final_distance_cost": 1.8081412352929254, "oscillation_cost": 22.080141087503826, "completition_cost": 0.0, "overshoot_cost": 51.26738470794914, "power_cost": 16.526591442871094, "noise_cost": 19.36590847471487, "n_waypoints_completed": 9, "tot_waypoints": 9}}
{"target": -188.62241337352577, "params": {"k_pid_pos": [0.42367429078814034, 0.003140523123081683, 0.0003876522738345198], "k_pid_alt": [1.466020532150117, 0.0078041369507533395, 0.023273341133239988], "k_pid_att": [29.266948691629196, 0.19921852618342295, 0.5795169152103447], "k_pid_yaw": [0.5, 1e-06, 0.1], "k_pid_hsp": [0.11781561200356754, 0.01244143403622805, 0.0], "k_pid_vsp": [92.88801364703805, 103.0808790475631, 4.98570651534926]}, "datetime": {"datetime": "2025-08-11 23:23:25", "elapsed": 25085.26165676117, "delta": 19.05476665496826}, "costs": {"total_cost": 188.62241337352577, "time_cost": 76.237, "final_distance_cost": 1.859016292964817, "oscillation_cost": 20.812520669346867, "completition_cost": 0.0, "overshoot_cost": 50.90861193525951, "power_cost": 14.832187805175781, "noise_cost": 23.97307667077881, "n_waypoints_completed": 9, "tot_waypoints": 9}}
{"target": -184.57316987471935, "params": {"k_pid_pos": [0.8284761683152405, 0.004881565749883887, 0.0005161225628398281], "k_pid_alt": [1.1537272885982148, 0.004641998211098407, 0.020626500166548958], "k_pid_att": [23.35545024801527, 0.19398767633578703, 0.6434584448080696], "k_pid_yaw": [0.5, 1e-06, 0.1], "k_pid_hsp": [0.09651592882162914, 0.009883022567067816, 0.0], "k_pid_vsp": [59.16623836363971, 105.98133997723347, 7.583082900998572]}, "datetime": {"datetime": "2025-08-11 23:23:42", "elapsed": 25102.09073805809, "delta": 16.829081296920776}, "costs": {"total_cost": 184.57316987471935, "time_cost": 71.092, "final_distance_cost": 1.8129473128211024, "oscillation_cost": 25.907318871130514, "completition_cost": 0.0, "overshoot_cost": 50.57207188108694, "power_cost": 14.331600402832033, "noise_cost": 20.85723140684877, "n_waypoints_completed": 9, "tot_waypoints": 9}}
{"target": -1123.0596626748447, "params": {"k_pid_pos": [0.06809467306119787, 0.0011284284980695705, 0.0010295328306045598], "k_pid_alt": [1.258189157914355, 0.008294982700532548, 0.0157503311324384], "k_pid_att": [26.978386005546245, 0.29559101325418885, 1.0], "k_pid_yaw": [0.5, 1e-06, 0.1], "k_pid_hsp": [0.07585452554715527, 0.014171280364647987, 0.0], "k_pid_vsp": [165.89260073256742, 49.003169931169964, 8.6475240545175]}, "datetime": {"datetime": "2025-08-11 23:24:13", "elapsed": 25132.87405729294, "delta": 30.783319234848022}, "costs": {"total_cost": 1123.0596626748447, "time_cost": 150, "final_distance_cost": 86.23082058247826, "oscillation_cost": 2.236972988374808, "completition_cost": 777.7777777777778, "overshoot_cost": 50.88283944087187, "power_cost": 29.241557824707034, "noise_cost": 26.68969406063487, "n_waypoints_completed": 2, "tot_waypoints": 9}}
{"target": -182.5389154194393, "params": {"k_pid_pos": [0.7235593676217013, 0.006691351449416321, 0.0009347315953268355], "k_pid_alt": [2.0, 0.005792136379161684, 0.021186917420083856], "k_pid_att": [47.062286866844694, 0.07716677398223735, 0.8707455842221954], "k_pid_yaw": [0.5, 1e-06, 0.1], "k_pid_hsp": [0.11087702558606853, 0.006524063569386049, 0.0], "k_pid_vsp": [136.98598161186914, 149.89542405051276, 6.1158199388018595]}, "datetime": {"datetime": "2025-08-11 23:24:31", "elapsed": 25150.40771651268, "delta": 17.53365921974182}, "costs": {"total_cost": 182.5389154194393, "time_cost": 70.42, "final_distance_cost": 1.805450198229004, "oscillation_cost": 24.07723907236332, "completition_cost": 0.0, "overshoot_cost": 51.22963791958961, "power_cost": 14.120183850097657, "noise_cost": 20.8864043791597, "n_waypoints_completed": 9, "tot_waypoints": 9}}
{"target": -186.2042338564287, "params": {"k_pid_pos": [0.36251789129204776, 0.007630095089267488, 0.0009445384593482013], "k_pid_alt": [1.5399165639508008, 0.006641433060930057, 0.02798472581247971], "k_pid_att": [27.882246937437415, 0.4003885665779941, 1.0], "k_pid_yaw": [0.5, 1e-06, 0.1], "k_pid_hsp": [0.0831255119327552, 0.00508583895949895, 0.0], "k_pid_vsp": [80.56132855390182, 84.80589751353621, 5.320198534924407]}, "datetime": {"datetime": "2025-08-11 23:24:49", "elapsed": 25168.883929014206, "delta": 18.47621250152588}, "costs": {"total_cost": 186.2042338564287, "time_cost": 77.056, "final_distance_cost": 1.8520071567976284, "oscillation_cost": 15.663526288834905, "completition_cost": 0.0, "overshoot_cost": 53.03038395997255, "power_cost": 14.721248937988282, "noise_cost": 23.881067512835287, "n_waypoints_completed": 9, "tot_waypoints": 9}}
{"target": -184.64724440903728, "params": {"k_pid_pos": [0.8808441815644678, 0.00416051380535425, 0.0008128282190673534], "k_pid_alt": [0.9468680343176906, 0.004768813649592464, 0.022331208453283333], "k_pid_att": [39.68378784611318, 0.40205774561770724, 1.0], "k_pid_yaw": [0.5, 1e-06, 0.1], "k_pid_hsp": [0.09773431474732501, 0.006311673568285384, 0.0], "k_pid_vsp": [89.96101582253613, 114.31923153984671, 3.7373774308492096]}, "datetime": {"datetime": "2025-08-11 23:25:07", "elapsed": 25187.22486448288, "delta": 18.340935468673706}, "costs": {"total_cost": 184.64724440903728, "time_cost": 71.099, "final_distance_cost": 1.7824843418701652, "oscillation_cost": 25.815891035183427, "completition_cost": 0.0, "overshoot_cost": 50.854986456370526, "power_cost": 14.248067297363281, "noise_cost": 20.846815278249878, "n_waypoints_completed": 9, "tot_waypoints": 9}}
{"target": -184.06096553925585, "params": {"k_pid_pos": [0.6695105083541765, 0.00734492917389272, 0.0010817781903643261], "k_pid_alt": [1.0847542516202828, 0.0052611208333250906, 0.021182315212398665], "k_pid_att": [54.365514291066724, 0.4248244340406702, 0.9268919993118824], "k_pid_yaw": [0.5, 1e-06, 0.1], "k_pid_hsp": [0.08781067325970827, 0.01220657326341775, 0.0], "k_pid_vsp": [129.91504812115357, 78.01613906276462, 3.811970706024218]}, "datetime": {"datetime": "2025-08-11 23:25:25", "elapsed": 25204.736129045486, "delta": 17.51126456260681}, "costs": {"total_cost": 184.06096553925585, "time_cost": 72.408, "final_distance_cost": 1.8149998828032283, "oscillation_cost": 23.31979777868534, "completition_cost": 0.0, "overshoot_cost": 50.97428915011453, "power_cost": 14.352301904296876, "noise_cost": 21.191576823355874, "n_waypoints_completed": 9, "tot_waypoints": 9}}
{"target": -181.63789798806573, "params": {"k_pid_pos": [0.683789751617347, 0.006786857524301353, 0.0010268474697800762], "k_pid_alt": [1.9328761970206323, 0.0027183020137829875, 0.017201329787562548], "k_pid_att": [31.018407386858218, 0.3487167274758365, 0.5343844119034189], "k_pid_yaw": [0.5, 1e-06, 0.1], "k_pid_hsp": [0.1245159244106606, 0.008062565575628946, 0.0], "k_pid_vsp": [111.3810180617758, 114.58323139254894, 5.9137123538393785]}, "datetime": {"datetime": "2025-08-11 23:25:42", "elapsed": 25221.9713242054, "delta": 17.23519515991211}, "costs": {"total_cost": 181.63789798806573, "time_cost": 70.406, "final_distance_cost": 1.8220093927537526, "oscillation_cost": 23.780486410008024, "completition_cost": 0.0, "overshoot_cost": 50.38360306764799, "power_cost": 14.186765478515627, "noise_cost": 21.059033639140335, "n_waypoints_completed": 9, "tot_waypoints": 9}}
{"target": -182.65248717796788, "params": {"k_pid_pos": [0.6756685629993151, 0.004664276402650992, 0.0007118157463218182], "k_pid_alt": [1.053976794970459, 0.0043212129148609895, 0.0019897531070990106], "k_pid_att": [22.91303324178789, 0.2926352992721703, 0.5393097309509876], "k_pid_yaw": [0.5, 1e-06, 0.1], "k_pid_hsp": [0.0953072972275028, 0.009161128894429547, 0.0], "k_pid_vsp": [81.38817781222862, 90.34945560538051, 8.522750725344768]}, "datetime": {"datetime": "2025-08-11 23:26:00", "elapsed": 25239.879366397858, "delta": 17.908042192459106}, "costs": {"total_cost": 182.65248717796788, "time_cost": 71.162, "final_distance_cost": 1.8044433440005767, "oscillation_cost": 23.416229105644444, "completition_cost": 0.0, "overshoot_cost": 51.05194999246676, "power_cost": 15.126743701171876, "noise_cost": 20.09112103468423, "n_waypoints_completed": 9, "tot_waypoints": 9}}
{"target": -201.49606178549433, "params": {"k_pid_pos": [0.3004438337393936, 0.005857215563325264, 0.0005342345125758111], "k_pid_alt": [2.0, 0.003212385415616087, 0.024560281816088266], "k_pid_att": [55.23475903291075, 0.3691180045795362, 0.9766750062637118], "k_pid_yaw": [0.5, 1e-06, 0.1], "k_pid_hsp": [0.10603536825595006, 0.005192384701420452, 0.0], "k_pid_vsp": [111.99078600784225, 122.29694847343434, 6.317735960696166]}, "datetime": {"datetime": "2025-08-11 23:26:21", "elapsed": 25261.15624833107, "delta": 21.27688193321228}, "costs": {"total_cost": 201.49606178549433, "time_cost": 85.904, "final_distance_cost": 1.8591030510611544, "oscillation_cost": 15.856092358677287, "completition_cost": 0.0, "overshoot_cost": 53.545621515742276, "power_cost": 16.34037840576172, "noise_cost": 27.990866454251883, "n_waypoints_completed": 9, "tot_waypoints": 9}}
{"target": -1179.0214390577842, "params": {"k_pid_pos": [0.0001, 0.006724572158151239, 0.0007463074991427996], "k_pid_alt": [1.7670597023596681, 0.005096165721634572, 0.01957196095318533], "k_pid_att": [32.37065716271153, 0.28893642844590556, 1.0], "k_pid_yaw": [0.5, 1e-06, 0.1], "k_pid_hsp": [0.06713688187767135, 0.010184857690249662, 0.0], "k_pid_vsp": [105.128330788614, 99.2869052340413, 6.363866291183535]}, "datetime": {"datetime": "2025-08-11 23:26:51", "elapsed": 25290.988390922546, "delta": 29.83214259147644}, "costs": {"total_cost": 1179.0214390577842, "time_cost": 150, "final_distance_cost": 45.265682567479686, "oscillation_cost": 0.12055573185411773, "completition_cost": 888.8888888888888, "overshoot_cost": 40.62979964750971, "power_cost": 21.031542041015626, "noise_cost": 33.08497018103613, "n_waypoints_completed": 1, "tot_waypoints": 9}}
{"target": -183.03044992806284, "params": {"k_pid_pos": [0.45712385423820195, 0.002794909009254498, 0.0009265617527852932], "k_pid_alt": [2.0, 0.003197452227889292, 0.023499990521148373], "k_pid_att": [55.10208124919152, 0.2957137829765979, 0.8239382283825766], "k_pid_yaw": [0.5, 1e-06, 0.1], "k_pid_hsp": [0.10031937392101697, 0.006989838002259538, 0.0], "k_pid_vsp": [84.91654637395933, 126.52880681191307, 5.858213120694951]}, "datetime": {"datetime": "2025-08-11 23:27:09", "elapsed": 25308.757590293884, "delta": 17.76919937133789}, "costs": {"total_cost": 183.03044992806284, "time_cost": 73.619, "final_distance_cost": 1.8384291675165652, "oscillation_cost": 19.55586156199702, "completition_cost": 0.0, "overshoot_cost": 51.30972463048927, "power_cost": 14.376898010253907, "noise_cost": 22.330536557806074, "n_waypoints_completed": 9, "tot_waypoints": 9}}
{"target": -185.71854440036464, "params": {"k_pid_pos": [0.4694633821409475, 0.005145851741901824, 0.0006851177631165625], "k_pid_alt": [1.0711482408503095, 0.006069227706765265, 0.017815537414153173], "k_pid_att": [32.54121141548047, 0.5419256449175879, 1.0], "k_pid_yaw": [0.5, 1e-06, 0.1], "k_pid_hsp": [0.12364426894276791, 0.010219367258682364, 0.0], "k_pid_vsp": [86.56608896649139, 121.63254164644401, 7.125630846523791]}, "datetime": {"datetime": "2025-08-11 23:27:27", "elapsed": 25327.20108795166, "delta": 18.44349765777588}, "costs": {"total_cost": 185.71854440036464, "time_cost": 74.333, "final_distance_cost": 1.855799093175199, "oscillation_cost": 21.164033218350806, "completition_cost": 0.0, "overshoot_cost": 51.221738441619834, "power_cost": 14.54357508544922, "noise_cost": 22.60039856176956, "n_waypoints_completed": 9, "tot_waypoints": 9}}
{"target": -182.4550986573699, "params": {"k_pid_pos": [0.7870166473787865, 0.004493092327053604, 0.0008792380774723251], "k_pid_alt": [1.348045766332466, 0.006019674430728007, 0.015701730795489654], "k_pid_att": [35.7471725362561, 0.4004106743951786, 0.8691975687576559], "k_pid_yaw": [0.5, 1e-06, 0.1], "k_pid_hsp": [0.12806605524168266, 0.006937217241347418, 0.0], "k_pid_vsp": [78.10313947910659, 118.18126716816762, 5.54009574614242]}, "datetime": {"datetime": "2025-08-11 23:27:45", "elapsed": 25344.511395931244, "delta": 17.31030797958374}, "costs": {"total_cost": 182.4550986573699, "time_cost": 69.65, "final_distance_cost": 1.802101689202607, "oscillation_cost": 25.755814583182836, "completition_cost": 0.0, "overshoot_cost": 50.29872154161863, "power_cost": 14.209627709960937, "noise_cost": 20.738833133404892, "n_waypoints_completed": 9, "tot_waypoints": 9}}
{"target": -192.04769160122333, "params": {"k_pid_pos": [0.36941969079404063, 0.005973533896648852, 0.0006564543931862295], "k_pid_alt": [1.3713965361435612, 0.00492070434082757, 0.005157350971487236], "k_pid_att": [41.11679814781521, 0.4120095453080226, 0.7396172423175104], "k_pid_yaw": [0.5, 1e-06, 0.1], "k_pid_hsp": [0.056691047739035605, 0.010177887547570109, 0.0], "k_pid_vsp": [49.64197546587548, 143.8954305074878, 7.562570797943546]}, "datetime": {"datetime": "2025-08-11 23:28:06", "elapsed": 25365.362782478333, "delta": 20.851386547088623}, "costs": {"total_cost": 192.04769160122333, "time_cost": 81.655, "final_distance_cost": 1.8253089793167763, "oscillation_cost": 14.863598792465595, "completition_cost": 0.0, "overshoot_cost": 53.52345420489285, "power_cost": 15.633605712890626, "noise_cost": 24.546723911657494, "n_waypoints_completed": 9, "tot_waypoints": 9}}
