{"target": -190.72084234913135, "params": {"k_pid_pos": [0.4053912705903711, 0.005827622309439548, 0.0005282559848247066], "k_pid_alt": [1.1253299775601546, 0.005046684591640355, 0.020630846150493005], "k_pid_att": [30.033951082601096, 0.0001, 1.0], "k_pid_yaw": [0.5, 1e-06, 0.1], "k_pid_hsp": [0.12787869341260896, 0.009990471642328523, 0.0], "k_pid_vsp": [97.94147904506441, 105.10147073078836, 5.226091924687946]}, "datetime": {"datetime": "2025-08-12 00:00:20", "elapsed": 27299.672673225403, "delta": 23.79650044441223}, "costs": {"total_cost": 190.72084234913135, "time_cost": 77.798, "final_distance_cost": 1.859410137469712, "oscillation_cost": 20.00928369202681, "completition_cost": 0.0, "overshoot_cost": 51.69404870579022, "power_cost": 15.022659838867188, "noise_cost": 24.33743997497741, "n_waypoints_completed": 9, "tot_waypoints": 9}}
{"target": -185.63095148191985, "params": {"k_pid_pos": [0.5419005753314098, 0.005531830139368925, 0.0006140493091148662], "k_pid_alt": [1.7150197607267497, 0.005548867244024955, 0.013380997531783123], "k_pid_att": [5.481300846942868, 0.5279471382101427, 1.0], "k_pid_yaw": [0.5, 1e-06, 0.1], "k_pid_hsp": [0.07284545758990933, 0.008110134943814457, 0.0], "k_pid_vsp": [40.91487659760619, 92.23283980188206, 5.057511933722509]}, "datetime": {"datetime": "2025-08-12 00:00:39", "elapsed": 27318.922189235687, "delta": 19.249516010284424}, "costs": {"total_cost": 185.63095148191985, "time_cost": 75.054, "final_distance_cost": 1.8032104102323627, "oscillation_cost": 18.830636586393464, "completition_cost": 0.0, "overshoot_cost": 52.974513496782784, "power_cost": 14.661219482421876, "noise_cost": 22.307371506089375, "n_waypoints_completed": 9, "tot_waypoints": 9}}
{"target": -182.17638156751707, "params": {"k_pid_pos": [0.6803070899317626, 0.003356654888995446, 0.0006498745936099849], "k_pid_alt": [1.7442190062967369, 0.005886890404174369, 0.017881770411002418], "k_pid_att": [36.54820185653517, 0.4849766382568628, 1.0], "k_pid_yaw": [0.5, 1e-06, 0.1], "k_pid_hsp": [0.12454906307104102, 0.014696031866612573, 0.0], "k_pid_vsp": [133.66826278729437, 129.26363700859656, 5.006249527386125]}, "datetime": {"datetime": "2025-08-12 00:00:56", "elapsed": 27335.523391485214, "delta": 16.601202249526978}, "costs": {"total_cost": 182.17638156751707, "time_cost": 70.154, "final_distance_cost": 1.8422402128817246, "oscillation_cost": 24.723335974073745, "completition_cost": 0.0, "overshoot_cost": 50.44194277618669, "power_cost": 14.195567736816407, "noise_cost": 20.8192948675585, "n_waypoints_completed": 9, "tot_waypoints": 9}}
{"target": -183.44634853229184, "params": {"k_pid_pos": [0.701111470440749, 0.007761898510499236, 0.0005991305626247766], "k_pid_alt": [1.0023582554536483, 0.0027510782376268133, 0.02611091072756135], "k_pid_att": [13.453471703753051, 0.39773005774709297, 1.0], "k_pid_yaw": [0.5, 1e-06, 0.1], "k_pid_hsp": [0.14199889303651989, 0.005858981789628307, 0.0], "k_pid_vsp": [116.29880105282734, 61.87563232153247, 6.922149505958764]}, "datetime": {"datetime": "2025-08-12 00:01:16", "elapsed": 27355.370718479156, "delta": 19.84732699394226}, "costs": {"total_cost": 183.44634853229184, "time_cost": 70.931, "final_distance_cost": 1.8377999233803128, "oscillation_cost": 24.497966448835516, "completition_cost": 0.0, "overshoot_cost": 50.87955419783835, "power_cost": 14.198284484863281, "noise_cost": 21.101743477374374, "n_waypoints_completed": 9, "tot_waypoints": 9}}
{"target": -185.8541569138362, "params": {"k_pid_pos": [0.3953300462028138, 0.006078390475058715, 0.0006555452409644229], "k_pid_alt": [1.4027378826084622, 0.0053822288526276215, 0.01884671312992945], "k_pid_att": [37.75904917380753, 0.3926138317806564, 0.9268327961365829], "k_pid_yaw": [0.5, 1e-06, 0.1], "k_pid_hsp": [0.09312517170658631, 0.010867054364181639, 0.0], "k_pid_vsp": [104.43854411891276, 121.5757296941664, 5.077490581836835]}, "datetime": {"datetime": "2025-08-12 00:01:35", "elapsed": 27374.361669063568, "delta": 18.99095058441162}, "costs": {"total_cost": 185.8541569138362, "time_cost": 76.069, "final_distance_cost": 1.8519489054125193, "oscillation_cost": 18.331706087973675, "completition_cost": 0.0, "overshoot_cost": 51.440123331323115, "power_cost": 14.672771618652344, "noise_cost": 23.488606970474535, "n_waypoints_completed": 9, "tot_waypoints": 9}}
{"target": -181.9585081958297, "params": {"k_pid_pos": [0.6380202790076147, 0.005747965321228438, 0.0008877404884029613], "k_pid_alt": [1.399114622246433, 0.0051015777355371385, 0.02235468058129406], "k_pid_att": [19.196184594592083, 0.38120828552633573, 1.0], "k_pid_yaw": [0.5, 1e-06, 0.1], "k_pid_hsp": [0.09657086414558352, 0.003920267514878378, 0.0], "k_pid_vsp": [124.36350987897248, 65.18934459166506, 5.638884133778535]}, "datetime": {"datetime": "2025-08-12 00:01:53", "elapsed": 27392.452265501022, "delta": 18.090596437454224}, "costs": {"total_cost": 181.9585081958297, "time_cost": 71.386, "final_distance_cost": 1.8059973941073164, "oscillation_cost": 21.78950965769368, "completition_cost": 0.0, "overshoot_cost": 51.6174448804421, "power_cost": 14.067425158691407, "noise_cost": 21.29213110489519, "n_waypoints_completed": 9, "tot_waypoints": 9}}
{"target": -182.09226249228183, "params": {"k_pid_pos": [0.7051913117288029, 0.006038344972695816, 0.0006050654237090972], "k_pid_alt": [1.55278198234876, 0.005677504931154254, 0.012381055876007107], "k_pid_att": [28.572527447219738, 0.2954182158851045, 0.9698130757605838], "k_pid_yaw": [0.5, 1e-06, 0.1], "k_pid_hsp": [0.14208480095775325, 0.008422906869838986, 0.0], "k_pid_vsp": [131.08276977877134, 144.52704118522462, 6.516391235641396]}, "datetime": {"datetime": "2025-08-12 00:02:11", "elapsed": 27411.0002348423, "delta": 18.547969341278076}, "costs": {"total_cost": 182.09226249228183, "time_cost": 69.965, "final_distance_cost": 1.82212180530268, "oscillation_cost": 24.75369785981452, "completition_cost": 0.0, "overshoot_cost": 50.606220268574546, "power_cost": 14.1325060546875, "noise_cost": 20.81271650390257, "n_waypoints_completed": 9, "tot_waypoints": 9}}
{"target": -182.50210446372938, "params": {"k_pid_pos": [0.4775203325981539, 0.0066912756776023015, 0.000756871845150821], "k_pid_alt": [1.6129305170631245, 0.0045873467075703426, 0.012699296625792056], "k_pid_att": [37.355040019615984, 0.41053706769157255, 1.0], "k_pid_yaw": [0.5, 1e-06, 0.1], "k_pid_hsp": [0.08371285406190393, 0.013901884317950355, 0.0], "k_pid_vsp": [70.69764467450854, 112.9252783850901, 3.94391317833372]}, "datetime": {"datetime": "2025-08-12 00:02:30", "elapsed": 27429.79114484787, "delta": 18.790910005569458}, "costs": {"total_cost": 182.50210446372938, "time_cost": 73.318, "final_distance_cost": 1.8405365779243856, "oscillation_cost": 19.897805312185206, "completition_cost": 0.0, "overshoot_cost": 51.20847906583766, "power_cost": 14.337015637207031, "noise_cost": 21.900267870575092, "n_waypoints_completed": 9, "tot_waypoints": 9}}
{"target": -186.20728248541704, "params": {"k_pid_pos": [0.4325619019910136, 0.005706708029667012, 0.0010400107968963706], "k_pid_alt": [1.414658585985945, 0.004808990690764201, 0.01861016521470854], "k_pid_att": [36.39029925752283, 0.37191400757172466, 0.5257310749228145], "k_pid_yaw": [0.5, 1e-06, 0.1], "k_pid_hsp": [0.11441140856624536, 0.009297664976753271, 0.0], "k_pid_vsp": [137.04903693462938, 119.93792001730368, 4.332546891601259]}, "datetime": {"datetime": "2025-08-12 00:02:49", "elapsed": 27449.35182070732, "delta": 19.560675859451294}, "costs": {"total_cost": 186.20728248541704, "time_cost": 74.984, "final_distance_cost": 1.8483809361129293, "oscillation_cost": 20.183647694558562, "completition_cost": 0.0, "overshoot_cost": 51.47793233925679, "power_cost": 14.593361059570313, "noise_cost": 23.119960455918466, "n_waypoints_completed": 9, "tot_waypoints": 9}}
{"target": -186.74049813761562, "params": {"k_pid_pos": [0.649702879213899, 0.003225521354125335, 0.0006082858991830336], "k_pid_alt": [0.6275305926499388, 0.005797637084277818, 0.012761556895216441], "k_pid_att": [18.94797852197204, 0.49818622305953647, 0.9460934916491403], "k_pid_yaw": [0.5, 1e-06, 0.1], "k_pid_hsp": [0.08213637534685554, 0.008396582652650067, 0.0], "k_pid_vsp": [128.75226368997278, 127.50714834175506, 5.211313286376993]}, "datetime": {"datetime": "2025-08-12 00:03:09", "elapsed": 27468.6973593235, "delta": 19.34553861618042}, "costs": {"total_cost": 186.74049813761562, "time_cost": 75.397, "final_distance_cost": 1.8252681586851214, "oscillation_cost": 22.222529265222253, "completition_cost": 0.0, "overshoot_cost": 50.985173077772934, "power_cost": 14.636808496093751, "noise_cost": 21.67371913984155, "n_waypoints_completed": 9, "tot_waypoints": 9}}
{"target": -186.96347496802872, "params": {"k_pid_pos": [0.6526860578739643, 0.005748804827907351, 0.00037472938318879], "k_pid_alt": [1.8994605961304856, 0.003908037550353547, 0.019976973113137154], "k_pid_att": [40.21461916299092, 0.29151447983294737, 1.0], "k_pid_yaw": [0.5, 1e-06, 0.1], "k_pid_hsp": [0.06411060842513805, 0.0083076892313605, 0.0], "k_pid_vsp": [61.37862715271547, 117.97770340386967, 4.845053243695042]}, "datetime": {"datetime": "2025-08-12 00:03:28", "elapsed": 27487.63116836548, "delta": 18.93380904197693}, "costs": {"total_cost": 186.96347496802872, "time_cost": 74.494, "final_distance_cost": 1.8121547849957689, "oscillation_cost": 21.258978380131726, "completition_cost": 0.0, "overshoot_cost": 52.7000364508524, "power_cost": 14.644152844238281, "noise_cost": 22.05415250781057, "n_waypoints_completed": 9, "tot_waypoints": 9}}
{"target": -185.09082477361756, "params": {"k_pid_pos": [0.5262137672806082, 0.0031049473697274585, 0.0006286011356320293], "k_pid_alt": [1.4637456702598126, 0.0039832874887582945, 0.025218862304016276], "k_pid_att": [34.01416754954329, 0.43520568311080093, 1.0], "k_pid_yaw": [0.5, 1e-06, 0.1], "k_pid_hsp": [0.13918756598573803, 0.008848699654761686, 0.0], "k_pid_vsp": [61.66328335497533, 111.03896680652922, 7.328370385137025]}, "datetime": {"datetime": "2025-08-12 00:03:46", "elapsed": 27506.236852407455, "delta": 18.60568404197693}, "costs": {"total_cost": 185.09082477361756, "time_cost": 72.674, "final_distance_cost": 1.8454192381241694, "oscillation_cost": 23.167021343589266, "completition_cost": 0.0, "overshoot_cost": 50.82180090852137, "power_cost": 14.480006494140627, "noise_cost": 22.102576789242093, "n_waypoints_completed": 9, "tot_waypoints": 9}}
{"target": -182.84469388928738, "params": {"k_pid_pos": [0.796410470910065, 0.004835891198914166, 0.000741411399156589], "k_pid_alt": [1.068425883874901, 0.005474610460421826, 0.01576684937950874], "k_pid_att": [29.03586192109059, 0.4967810673932826, 0.8310762302656268], "k_pid_yaw": [0.5, 1e-06, 0.1], "k_pid_hsp": [0.12840722718527148, 0.00830393991756436, 0.0], "k_pid_vsp": [120.82462578125387, 82.21554525649537, 5.763010212227314]}, "datetime": {"datetime": "2025-08-12 00:04:04", "elapsed": 27523.44147348404, "delta": 17.204621076583862}, "costs": {"total_cost": 182.84469388928738, "time_cost": 69.979, "final_distance_cost": 1.8004545993451375, "oscillation_cost": 25.726264825203796, "completition_cost": 0.0, "overshoot_cost": 50.544717492750216, "power_cost": 14.145196826171876, "noise_cost": 20.649060145816335, "n_waypoints_completed": 9, "tot_waypoints": 9}}
{"target": -182.59670392381895, "params": {"k_pid_pos": [0.563285808488292, 0.002964750161758427, 0.0008725182661677389], "k_pid_alt": [1.9877783152160593, 0.002797199781482395, 0.010418302016668874], "k_pid_att": [21.56553787980458, 0.2442400235078909, 1.0], "k_pid_yaw": [0.5, 1e-06, 0.1], "k_pid_hsp": [0.11436599376683126, 0.0132235586360834, 0.0], "k_pid_vsp": [119.46253319327006, 111.35347851113711, 5.705649858948507]}, "datetime": {"datetime": "2025-08-12 00:04:23", "elapsed": 27542.90922641754, "delta": 19.467752933502197}, "costs": {"total_cost": 182.59670392381895, "time_cost": 71.491, "final_distance_cost": 1.8433295216463048, "oscillation_cost": 22.757961864257258, "completition_cost": 0.0, "overshoot_cost": 50.79345965231343, "power_cost": 14.234594372558595, "noise_cost": 21.47635851304336, "n_waypoints_completed": 9, "tot_waypoints": 9}}
{"target": -660.1174818142248, "params": {"k_pid_pos": [0.1440148234992631, 0.005069058342576844, 0.000973532843227], "k_pid_alt": [1.1573536517365854, 0.005169713047283193, 0.019397032336173712], "k_pid_att": [32.63188054281625, 0.28875831734690777, 0.7785668822286128], "k_pid_yaw": [0.5, 1e-06, 0.1], "k_pid_hsp": [0.09964406642004868, 0.008862222420682627, 0.0], "k_pid_vsp": [108.9598080611979, 147.22646270688463, 5.308405461741954]}, "datetime": {"datetime": "2025-08-12 00:04:57", "elapsed": 27576.841761112213, "delta": 33.93253469467163}, "costs": {"total_cost": 660.1174818142248, "time_cost": 150, "final_distance_cost": 61.49715356739018, "oscillation_cost": 7.713850465588276, "completition_cost": 333.33333333333337, "overshoot_cost": 53.09344239857912, "power_cost": 21.720494201660156, "noise_cost": 32.75920784767379, "n_waypoints_completed": 6, "tot_waypoints": 9}}
{"target": -183.8123141618126, "params": {"k_pid_pos": [0.5635965558105197, 0.006047639554223365, 0.0008110997567562405], "k_pid_alt": [1.6131325861315366, 0.0048373035057740115, 0.013522160696666244], "k_pid_att": [24.63394827887699, 0.37714447512431587, 1.0], "k_pid_yaw": [0.5, 1e-06, 0.1], "k_pid_hsp": [0.1302357639753413, 0.014290816834440006, 0.0], "k_pid_vsp": [114.61325913940112, 117.20244910164458, 6.41370672784253]}, "datetime": {"datetime": "2025-08-12 00:05:17", "elapsed": 27597.184678792953, "delta": 20.342917680740356}, "costs": {"total_cost": 183.8123141618126, "time_cost": 71.575, "final_distance_cost": 1.849685361813081, "oscillation_cost": 23.6211477917922, "completition_cost": 0.0, "overshoot_cost": 50.771313841099754, "power_cost": 14.284566662597657, "noise_cost": 21.710600504509895, "n_waypoints_completed": 9, "tot_waypoints": 9}}
{"target": -185.03223660580773, "params": {"k_pid_pos": [0.643943278893401, 0.005541123060057261, 0.0009686894185711262], "k_pid_alt": [1.3663741467273354, 0.0033124681464878473, 0.02163192546765974], "k_pid_att": [39.384800286313045, 0.5628060149511885, 1.0], "k_pid_yaw": [0.5, 1e-06, 0.1], "k_pid_hsp": [0.07325413017414402, 0.010195810914087453, 0.0], "k_pid_vsp": [68.15097025548914, 117.61452333741208, 2.800357337079724]}, "datetime": {"datetime": "2025-08-12 00:05:37", "elapsed": 27616.455891132355, "delta": 19.271212339401245}, "costs": {"total_cost": 185.03223660580773, "time_cost": 73.234, "final_distance_cost": 1.7860311487925664, "oscillation_cost": 22.14298318734756, "completition_cost": 0.0, "overshoot_cost": 51.77772701954079, "power_cost": 14.571816125488281, "noise_cost": 21.51967912463851, "n_waypoints_completed": 9, "tot_waypoints": 9}}
{"target": -182.2988065497779, "params": {"k_pid_pos": [0.6002802916449171, 0.006558880342270006, 0.0008108623755580611], "k_pid_alt": [1.8452737315547714, 0.003432509772753726, 0.016112293741825837], "k_pid_att": [23.36432087581542, 0.49179602347197915, 1.0], "k_pid_yaw": [0.5, 1e-06, 0.1], "k_pid_hsp": [0.12297138595541314, 0.011450084544667652, 0.0], "k_pid_vsp": [69.53943069930496, 106.40239663408097, 5.2075321479281405]}, "datetime": {"datetime": "2025-08-12 00:05:54", "elapsed": 27634.273550510406, "delta": 17.817659378051758}, "costs": {"total_cost": 182.2988065497779, "time_cost": 71.008, "final_distance_cost": 1.8415477224825665, "oscillation_cost": 23.527703094664307, "completition_cost": 0.0, "overshoot_cost": 50.49960131965551, "power_cost": 14.208765893554688, "noise_cost": 21.21318851942083, "n_waypoints_completed": 9, "tot_waypoints": 9}}
{"target": -236.07734086396033, "params": {"k_pid_pos": [0.24686646295484135, 0.007475970028359258, 0.0007192856980638915], "k_pid_alt": [1.5084139492168056, 0.0028137988845983257, 0.02167408193486862], "k_pid_att": [31.123785757047703, 0.474194073968802, 1.0], "k_pid_yaw": [0.5, 1e-06, 0.1], "k_pid_hsp": [0.09775726638235953, 0.00934452588034618, 0.0], "k_pid_vsp": [99.13813543348874, 99.60946677190066, 4.747808611706699]}, "datetime": {"datetime": "2025-08-12 00:06:22", "elapsed": 27661.760892868042, "delta": 27.487342357635498}, "costs": {"total_cost": 236.07734086396033, "time_cost": 106.512, "final_distance_cost": 1.863797077262971, "oscillation_cost": 14.596968172773032, "completition_cost": 0.0, "overshoot_cost": 55.867590142763895, "power_cost": 19.872427770996094, "noise_cost": 37.36455770016434, "n_waypoints_completed": 9, "tot_waypoints": 9}}
{"target": -181.87272462872667, "params": {"k_pid_pos": [0.6391626246291747, 0.003552479316177125, 0.0007203308802097687], "k_pid_alt": [1.3370618599798998, 0.0020041109296498366, 0.0220412580889401], "k_pid_att": [30.87412019487897, 0.41368117754993844, 1.0], "k_pid_yaw": [0.5, 1e-06, 0.1], "k_pid_hsp": [0.11334473621047059, 0.004227099637369193, 0.0], "k_pid_vsp": [82.87532664935453, 121.98425960228657, 3.0848182190562485]}, "datetime": {"datetime": "2025-08-12 00:06:39", "elapsed": 27679.235763311386, "delta": 17.474870443344116}, "costs": {"total_cost": 181.87272462872667, "time_cost": 70.854, "final_distance_cost": 1.8279129481956433, "oscillation_cost": 23.119291027296978, "completition_cost": 0.0, "overshoot_cost": 50.89848043517227, "power_cost": 14.14116678466797, "noise_cost": 21.03187343339381, "n_waypoints_completed": 9, "tot_waypoints": 9}}
{"target": -184.80642063921425, "params": {"k_pid_pos": [0.8017745455301858, 0.00626711166321109, 0.0007519603834775478], "k_pid_alt": [1.5857174316652696, 0.007593409112052707, 0.014845760748302406], "k_pid_att": [24.38466941484924, 0.373092055379932, 0.5893835680022331], "k_pid_yaw": [0.5, 1e-06, 0.1], "k_pid_hsp": [0.11782611220718568, 0.004940268500819214, 0.0], "k_pid_vsp": [10.314565341093102, 97.85773408397273, 5.383362111078616]}, "datetime": {"datetime": "2025-08-12 00:06:57", "elapsed": 27696.985038280487, "delta": 17.749274969100952}, "costs": {"total_cost": 184.80642063921425, "time_cost": 70.245, "final_distance_cost": 1.8231583285174873, "oscillation_cost": 26.802711542050563, "completition_cost": 0.0, "overshoot_cost": 50.39237286024817, "power_cost": 15.073845043945314, "noise_cost": 20.469332864452713, "n_waypoints_completed": 9, "tot_waypoints": 9}}
{"target": -185.50595599448405, "params": {"k_pid_pos": [0.777315874205564, 0.005759094957920757, 0.000691814595733867], "k_pid_alt": [1.5135524368585986, 0.005633531882198273, 0.016716956099007], "k_pid_att": [40.3166066958504, 0.29258891849316765, 1.0], "k_pid_yaw": [0.5, 1e-06, 0.1], "k_pid_hsp": [0.08434528929363866, 0.005460244130433539, 0.0], "k_pid_vsp": [64.20707942513778, 95.95328083756947, 5.463266811030555]}, "datetime": {"datetime": "2025-08-12 00:07:16", "elapsed": 27716.09144091606, "delta": 19.10640263557434}, "costs": {"total_cost": 185.50595599448405, "time_cost": 72.163, "final_distance_cost": 1.8118293986756357, "oscillation_cost": 24.033472430494314, "completition_cost": 0.0, "overshoot_cost": 51.79221671319107, "power_cost": 14.369532824707031, "noise_cost": 21.335904627416014, "n_waypoints_completed": 9, "tot_waypoints": 9}}
{"target": -185.30934533292395, "params": {"k_pid_pos": [0.6656044857765678, 0.005619672924341591, 0.00011727763248580262], "k_pid_alt": [1.1562932369656995, 0.005388715910437069, 0.018291559790942002], "k_pid_att": [41.86429859869417, 0.3352174221431102, 1.0], "k_pid_yaw": [0.5, 1e-06, 0.1], "k_pid_hsp": [0.07395135075068328, 0.01579454391745781, 0.0], "k_pid_vsp": [72.03988101614691, 118.05889537768083, 6.956567864632034]}, "datetime": {"datetime": "2025-08-12 00:07:34", "elapsed": 27734.00300836563, "delta": 17.911567449569702}, "costs": {"total_cost": 185.30934533292395, "time_cost": 73.136, "final_distance_cost": 1.7915234832907134, "oscillation_cost": 23.672013070127633, "completition_cost": 0.0, "overshoot_cost": 50.97109859459821, "power_cost": 14.514721911621095, "noise_cost": 21.223988273286295, "n_waypoints_completed": 9, "tot_waypoints": 9}}
{"target": -185.53163629380356, "params": {"k_pid_pos": [0.43114130445338916, 0.0063535445727840555, 0.0007557974760333697], "k_pid_alt": [2.0, 0.005568009483747413, 0.018774024845077644], "k_pid_att": [31.893874945395748, 0.30216534642289805, 0.8655529502769644], "k_pid_yaw": [0.5, 1e-06, 0.1], "k_pid_hsp": [0.10547759330659144, 0.00989201401311138, 0.0], "k_pid_vsp": [70.00437520749402, 71.35327194206948, 7.682196840709389]}, "datetime": {"datetime": "2025-08-12 00:07:53", "elapsed": 27753.280289649963, "delta": 19.277281284332275}, "costs": {"total_cost": 185.53163629380356, "time_cost": 74.72500000000001, "final_distance_cost": 1.8549771511354134, "oscillation_cost": 19.511992083138026, "completition_cost": 0.0, "overshoot_cost": 51.788469923274015, "power_cost": 14.549737219238281, "noise_cost": 23.10145991701779, "n_waypoints_completed": 9, "tot_waypoints": 9}}
{"target": -183.7160311896259, "params": {"k_pid_pos": [0.8244683819895933, 0.005743831043690246, 0.0010652130580388944], "k_pid_alt": [1.7621521996563494, 0.0047573690256233645, 0.01582704206720654], "k_pid_att": [40.634067418331945, 0.4032603653545412, 1.0], "k_pid_yaw": [0.5, 1e-06, 0.1], "k_pid_hsp": [0.14736676578214847, 0.009259151147340912, 0.0], "k_pid_vsp": [102.57489079969275, 53.40064246950275, 4.9787325519091405]}, "datetime": {"datetime": "2025-08-12 00:08:11", "elapsed": 27770.717020750046, "delta": 17.436731100082397}, "costs": {"total_cost": 183.7160311896259, "time_cost": 69.923, "final_distance_cost": 1.8191653102473833, "oscillation_cost": 26.00739924560369, "completition_cost": 0.0, "overshoot_cost": 50.87873105643671, "power_cost": 14.252438525390625, "noise_cost": 20.83529705194748, "n_waypoints_completed": 9, "tot_waypoints": 9}}
