{"target": -229.76668849568696, "params": {"k_pid_pos": [0.2858725220247504, 0.00306127840061681, 0.0008273832047505955], "k_pid_alt": [1.2728900048908558, 0.004015702038182267, 0.0371318711297913], "k_pid_att": [47.12805549724438, 0.36293614606532515, 0.8950857151670091], "k_pid_yaw": [0.5, 1e-06, 0.1], "k_pid_hsp": [0.06847358769273026, 0.01224131110438975, 0.0], "k_pid_vsp": [41.84281184911861, 115.37979231424238, 8.812335576952863]}, "datetime": {"datetime": "2025-08-11 22:24:56", "elapsed": 21575.453321695328, "delta": 26.344879627227783}, "costs": {"total_cost": 229.76668849568696, "time_cost": 103.607, "final_distance_cost": 1.8609031170403267, "oscillation_cost": 15.138762348301743, "completition_cost": 0.0, "overshoot_cost": 54.37867142422097, "power_cost": 22.82173074951172, "noise_cost": 31.959620856612208, "n_waypoints_completed": 9, "tot_waypoints": 9}}
{"target": -182.47045174483915, "params": {"k_pid_pos": [0.692848866606275, 0.008030562331740923, 0.0006164548501510222], "k_pid_alt": [1.1115371471853772, 0.0028352257139081217, 0.030193604976409143], "k_pid_att": [52.331126441346214, 0.2809849904849196, 1.0], "k_pid_yaw": [0.5, 1e-06, 0.1], "k_pid_hsp": [0.10530640354287406, 0.005949607382455789, 0.0], "k_pid_vsp": [129.37006015394823, 54.30596160358405, 4.613300318320068]}, "datetime": {"datetime": "2025-08-11 22:25:14", "elapsed": 21593.6887550354, "delta": 18.235433340072632}, "costs": {"total_cost": 182.47045174483915, "time_cost": 71.06400000000001, "final_distance_cost": 1.8009404251183598, "oscillation_cost": 23.26058945364864, "completition_cost": 0.0, "overshoot_cost": 51.05676042271036, "power_cost": 14.113704809570313, "noise_cost": 21.17445663379146, "n_waypoints_completed": 9, "tot_waypoints": 9}}
{"target": -183.69438082673284, "params": {"k_pid_pos": [0.5853574043376766, 0.004581166876918446, 0.0005024661405547086], "k_pid_alt": [1.7874741625013113, 0.0056003963508692205, 0.020299799863322626], "k_pid_att": [46.140539085556135, 0.2648060489062651, 0.6562531025962502], "k_pid_yaw": [0.5, 1e-06, 0.1], "k_pid_hsp": [0.12491109194102061, 0.01422347169374221, 0.0], "k_pid_vsp": [53.95042380423101, 109.90924523028166, 5.740095004662808]}, "datetime": {"datetime": "2025-08-11 22:25:32", "elapsed": 21611.476330280304, "delta": 17.787575244903564}, "costs": {"total_cost": 183.69438082673284, "time_cost": 71.246, "final_distance_cost": 1.8390583488550138, "oscillation_cost": 24.259611900894793, "completition_cost": 0.0, "overshoot_cost": 50.58851599914793, "power_cost": 14.349799914550783, "noise_cost": 21.41139466328431, "n_waypoints_completed": 9, "tot_waypoints": 9}}
{"target": -189.16295051062957, "params": {"k_pid_pos": [0.9162420874949456, 0.007252659496885676, 0.0005850695715736525], "k_pid_alt": [1.5221204884582413, 0.0037622969544147586, 0.02959204043807832], "k_pid_att": [61.61323804102782, 0.22270327528683795, 0.7276869035552934], "k_pid_yaw": [0.5, 1e-06, 0.1], "k_pid_hsp": [0.07796741106887133, 0.0067339196698671154, 0.0], "k_pid_vsp": [27.937090481982775, 78.13034035166429, 8.832789564589524]}, "datetime": {"datetime": "2025-08-11 22:25:50", "elapsed": 21629.871005296707, "delta": 18.3946750164032}, "costs": {"total_cost": 189.16295051062957, "time_cost": 72.828, "final_distance_cost": 1.8031829636702532, "oscillation_cost": 26.516482701581136, "completition_cost": 0.0, "overshoot_cost": 51.67490479160271, "power_cost": 15.26051336669922, "noise_cost": 21.07986668707626, "n_waypoints_completed": 9, "tot_waypoints": 9}}
{"target": -188.17256528708134, "params": {"k_pid_pos": [0.39933101471986315, 0.007841509250146253, 0.0010103848609480147], "k_pid_alt": [0.6513582763862512, 0.00418016644131454, 0.021958091051870965], "k_pid_att": [68.09080876864205, 0.3159119016684671, 0.9201405694134038], "k_pid_yaw": [0.5, 1e-06, 0.1], "k_pid_hsp": [0.08631636034152834, 0.009668035826740954, 0.0], "k_pid_vsp": [83.8438963357576, 124.56293042563554, 5.322815865888546]}, "datetime": {"datetime": "2025-08-11 22:26:10", "elapsed": 21649.46970963478, "delta": 19.59870433807373}, "costs": {"total_cost": 188.17256528708134, "time_cost": 78.526, "final_distance_cost": 1.8476691025356786, "oscillation_cost": 17.89554394712503, "completition_cost": 0.0, "overshoot_cost": 51.65713352513836, "power_cost": 15.004690893554688, "noise_cost": 23.24152781872758, "n_waypoints_completed": 9, "tot_waypoints": 9}}
{"target": -184.88963465728614, "params": {"k_pid_pos": [0.6128087525356068, 0.008142140405083122, 0.0007082148897654253], "k_pid_alt": [1.182673314836452, 0.006200572994341236, 0.015837838620907544], "k_pid_att": [25.302527620225188, 0.14408969778707922, 0.8606204450424902], "k_pid_yaw": [0.5, 1e-06, 0.1], "k_pid_hsp": [0.07570744872624696, 0.012993806924777898, 0.0], "k_pid_vsp": [90.18986191483305, 88.58135339398429, 8.9731152261216]}, "datetime": {"datetime": "2025-08-11 22:26:28", "elapsed": 21667.928503513336, "delta": 18.458793878555298}, "costs": {"total_cost": 184.88963465728614, "time_cost": 73.297, "final_distance_cost": 1.8021278057236325, "oscillation_cost": 22.208678599937507, "completition_cost": 0.0, "overshoot_cost": 51.33276717348619, "power_cost": 16.738088623046878, "noise_cost": 19.510972455091956, "n_waypoints_completed": 9, "tot_waypoints": 9}}
{"target": -188.32165792564155, "params": {"k_pid_pos": [0.3822071156541613, 0.007055896750263396, 0.001072656503059779], "k_pid_alt": [1.2106927307102993, 0.003696485207159471, 0.039685113835941595], "k_pid_att": [31.324690009257097, 0.5233440675217612, 0.4775434548491629], "k_pid_yaw": [0.5, 1e-06, 0.1], "k_pid_hsp": [0.10433059534579903, 0.00775355048796416, 0.0], "k_pid_vsp": [79.09088580868423, 100.195957572152, 8.89883091726697]}, "datetime": {"datetime": "2025-08-11 22:26:48", "elapsed": 21687.438368320465, "delta": 19.509864807128906}, "costs": {"total_cost": 188.32165792564155, "time_cost": 77.343, "final_distance_cost": 1.8528607828929704, "oscillation_cost": 18.30967376654479, "completition_cost": 0.0, "overshoot_cost": 51.82366276130564, "power_cost": 16.95395390625, "noise_cost": 22.038506708648118, "n_waypoints_completed": 9, "tot_waypoints": 9}}
{"target": -186.93290028157745, "params": {"k_pid_pos": [0.4690983891911768, 0.0060026342968101075, 0.0005148491378855818], "k_pid_alt": [1.3830942327958393, 0.005948539005395118, 0.030627148744820615], "k_pid_att": [40.42352349409554, 0.26253695685125894, 0.8954354723086263], "k_pid_yaw": [0.5, 1e-06, 0.1], "k_pid_hsp": [0.1229677490158587, 0.01527120331793883, 0.0], "k_pid_vsp": [85.1112196451969, 68.56362338572812, 6.674252170131832]}, "datetime": {"datetime": "2025-08-11 22:27:06", "elapsed": 21705.803264141083, "delta": 18.364895820617676}, "costs": {"total_cost": 186.93290028157745, "time_cost": 74.312, "final_distance_cost": 1.858725140294111, "oscillation_cost": 21.75434593581404, "completition_cost": 0.0, "overshoot_cost": 51.4204309896381, "power_cost": 14.593124584960938, "noise_cost": 22.99427363087025, "n_waypoints_completed": 9, "tot_waypoints": 9}}
{"target": -187.55157158221454, "params": {"k_pid_pos": [0.7084663124195313, 0.007360172068670343, 0.0010189986944363477], "k_pid_alt": [1.3574571402925188, 0.004370389763052794, 0.013072473924227307], "k_pid_att": [32.563703408114655, 0.3423955252704655, 1.0], "k_pid_yaw": [0.5, 1e-06, 0.1], "k_pid_hsp": [0.06269758624406305, 0.0100619360084416, 0.0], "k_pid_vsp": [59.79810660123605, 89.21221746292748, 6.274429061721136]}, "datetime": {"datetime": "2025-08-11 22:27:25", "elapsed": 21724.496196985245, "delta": 18.692932844161987}, "costs": {"total_cost": 187.55157158221454, "time_cost": 74.263, "final_distance_cost": 1.7896274917111157, "oscillation_cost": 22.562501324135557, "completition_cost": 0.0, "overshoot_cost": 52.338124158587775, "power_cost": 14.662702868652344, "noise_cost": 21.935615739127737, "n_waypoints_completed": 9, "tot_waypoints": 9}}
{"target": -183.16143685099163, "params": {"k_pid_pos": [0.5907589360285618, 0.011654714016444608, 0.001236187942265198], "k_pid_alt": [0.8927937874211461, 0.006106045061484151, 0.016471593150027414], "k_pid_att": [60.5513302854522, 0.21037301518655308, 1.0], "k_pid_yaw": [0.5, 1e-06, 0.1], "k_pid_hsp": [0.09446281101193227, 0.012927937444710663, 0.0], "k_pid_vsp": [71.27934143934793, 89.42822683228735, 6.7155557718032]}, "datetime": {"datetime": "2025-08-11 22:27:43", "elapsed": 21742.61557340622, "delta": 18.11937642097473}, "costs": {"total_cost": 183.16143685099163, "time_cost": 72.247, "final_distance_cost": 1.8317571585870904, "oscillation_cost": 22.58387652332983, "completition_cost": 0.0, "overshoot_cost": 51.067666929005036, "power_cost": 14.28360350341797, "noise_cost": 21.147532736651694, "n_waypoints_completed": 9, "tot_waypoints": 9}}
{"target": -183.85949328032615, "params": {"k_pid_pos": [0.6725797931640174, 0.007767543721305133, 0.0007527174678167223], "k_pid_alt": [1.5447531837990391, 0.005600611257962061, 0.023480191361978597], "k_pid_att": [42.87159675073206, 0.21825023363520749, 1.0], "k_pid_yaw": [0.5, 1e-06, 0.1], "k_pid_hsp": [0.08944293452269307, 0.01509406140851984, 0.0], "k_pid_vsp": [85.81571485224065, 41.926665086031, 4.939908289991004]}, "datetime": {"datetime": "2025-08-11 22:28:02", "elapsed": 21761.377477645874, "delta": 18.76190423965454}, "costs": {"total_cost": 183.85949328032615, "time_cost": 71.869, "final_distance_cost": 1.8141685320084748, "oscillation_cost": 24.000070077725866, "completition_cost": 0.0, "overshoot_cost": 50.722371593355795, "power_cost": 14.279295275878907, "noise_cost": 21.174587801357116, "n_waypoints_completed": 9, "tot_waypoints": 9}}
{"target": -184.157329389848, "params": {"k_pid_pos": [0.937961231547788, 0.01751036842128188, 0.0006132610773208201], "k_pid_alt": [1.665325873153523, 0.005047997672792656, 0.016175245912549707], "k_pid_att": [41.3208241369934, 0.42154506152829646, 0.9014849597971203], "k_pid_yaw": [0.5, 1e-06, 0.1], "k_pid_hsp": [0.10725981096130731, 0.008948365087891893, 0.0], "k_pid_vsp": [95.26383813406193, 107.3250677499371, 5.742507409627394]}, "datetime": {"datetime": "2025-08-11 22:28:19", "elapsed": 21779.165985822678, "delta": 17.78850817680359}, "costs": {"total_cost": 184.157329389848, "time_cost": 69.776, "final_distance_cost": 1.798841957244415, "oscillation_cost": 27.280311273466108, "completition_cost": 0.0, "overshoot_cost": 50.55414760963031, "power_cost": 14.246646105957032, "noise_cost": 20.501382443550106, "n_waypoints_completed": 9, "tot_waypoints": 9}}
{"target": -185.29109062796056, "params": {"k_pid_pos": [0.7069522786008072, 0.005709066553175791, 0.0009225118697710524], "k_pid_alt": [1.5231744071436328, 0.004895111405536223, 0.02385894927450896], "k_pid_att": [47.078637223518946, 0.157814906132454, 0.7054718458077023], "k_pid_yaw": [0.5, 1e-06, 0.1], "k_pid_hsp": [0.07160901920188072, 0.010710268163657626, 0.0], "k_pid_vsp": [67.52720269908326, 142.9065060807343, 6.289260575208478]}, "datetime": {"datetime": "2025-08-11 22:28:37", "elapsed": 21796.959854602814, "delta": 17.79386878013611}, "costs": {"total_cost": 185.29109062796056, "time_cost": 72.905, "final_distance_cost": 1.7784252087914016, "oscillation_cost": 23.29750149123251, "completition_cost": 0.0, "overshoot_cost": 51.46783399466336, "power_cost": 14.471584118652345, "noise_cost": 21.37074581462092, "n_waypoints_completed": 9, "tot_waypoints": 9}}
{"target": -187.94082060659986, "params": {"k_pid_pos": [0.5805967167741547, 0.01654976933152565, 0.0007133788913132526], "k_pid_alt": [0.8896483842689525, 0.005803964286456044, 0.0022669254517360057], "k_pid_att": [26.11354819016003, 0.2070101978143022, 1.0], "k_pid_yaw": [0.5, 1e-06, 0.1], "k_pid_hsp": [0.05950202572275961, 0.01177853523816848, 0.0], "k_pid_vsp": [122.00252212294718, 117.39517970573574, 7.16777507094118]}, "datetime": {"datetime": "2025-08-11 22:28:56", "elapsed": 21816.211090803146, "delta": 19.25123620033264}, "costs": {"total_cost": 187.94082060659986, "time_cost": 76.307, "final_distance_cost": 1.7764918145918616, "oscillation_cost": 20.445485383260333, "completition_cost": 0.0, "overshoot_cost": 52.319795957320125, "power_cost": 14.73094560546875, "noise_cost": 22.361101845958785, "n_waypoints_completed": 9, "tot_waypoints": 9}}
{"target": -185.05326698401828, "params": {"k_pid_pos": [0.6660287382274973, 0.003918361090369772, 0.0007625609581068373], "k_pid_alt": [1.4497344296576113, 0.002929044835451615, 0.033189123666769536], "k_pid_att": [55.99629372830504, 0.22831244154819222, 0.6922516738342698], "k_pid_yaw": [0.5, 1e-06, 0.1], "k_pid_hsp": [0.073421236860426, 0.015305603238332424, 0.0], "k_pid_vsp": [121.05597056719482, 159.49552223815704, 8.3631457405711]}, "datetime": {"datetime": "2025-08-11 22:29:15", "elapsed": 21834.70601940155, "delta": 18.49492859840393}, "costs": {"total_cost": 185.05326698401828, "time_cost": 72.81400000000001, "final_distance_cost": 1.8099955931380836, "oscillation_cost": 23.497477050885873, "completition_cost": 0.0, "overshoot_cost": 51.00141631044403, "power_cost": 14.881955407714845, "noise_cost": 21.048422621835417, "n_waypoints_completed": 9, "tot_waypoints": 9}}
{"target": -182.48480073719196, "params": {"k_pid_pos": [0.49828406346209037, 0.006041361525314985, 0.0009374100823606918], "k_pid_alt": [1.5067617133774232, 0.005690231762571781, 0.01841140183396081], "k_pid_att": [49.974958413515594, 0.317757982287003, 0.8450596450024479], "k_pid_yaw": [0.5, 1e-06, 0.1], "k_pid_hsp": [0.09880942481929413, 0.006068217968400534, 0.0], "k_pid_vsp": [80.61143395086431, 107.28044226252318, 5.66602417098026]}, "datetime": {"datetime": "2025-08-11 22:29:33", "elapsed": 21852.734240293503, "delta": 18.028220891952515}, "costs": {"total_cost": 182.48480073719196, "time_cost": 72.625, "final_distance_cost": 1.8437170726103633, "oscillation_cost": 20.075964100390593, "completition_cost": 0.0, "overshoot_cost": 51.69711894533956, "power_cost": 14.241737731933595, "noise_cost": 22.001262886917868, "n_waypoints_completed": 9, "tot_waypoints": 9}}
{"target": -191.13545012684793, "params": {"k_pid_pos": [0.34178151325404976, 0.012283392626183423, 0.0007705277560245871], "k_pid_alt": [1.2691043811644978, 0.005125684246307944, 0.020373042403811718], "k_pid_att": [54.575824233181, 0.25760952097748585, 1.0], "k_pid_yaw": [0.5, 1e-06, 0.1], "k_pid_hsp": [0.10395795640806549, 0.004318920576825413, 0.0], "k_pid_vsp": [90.14605813604163, 63.19035198241729, 5.009022387471737]}, "datetime": {"datetime": "2025-08-11 22:29:53", "elapsed": 21872.896443128586, "delta": 20.162202835083008}, "costs": {"total_cost": 191.13545012684793, "time_cost": 79.737, "final_distance_cost": 1.850296249326937, "oscillation_cost": 16.405307123779945, "completition_cost": 0.0, "overshoot_cost": 52.824557717535825, "power_cost": 15.215088012695313, "noise_cost": 25.103201023509932, "n_waypoints_completed": 9, "tot_waypoints": 9}}
{"target": -185.8905548655145, "params": {"k_pid_pos": [0.8019185029195617, 0.011326786264094184, 0.00024705858210086976], "k_pid_alt": [0.8280960612453052, 0.0048179905061603405, 0.031109226660744334], "k_pid_att": [39.95006219067066, 0.33497768935303407, 1.0], "k_pid_yaw": [0.5, 1e-06, 0.1], "k_pid_hsp": [0.09913243962723602, 0.010607340321911107, 0.0], "k_pid_vsp": [100.38249737352713, 76.01212034699229, 4.329745340982087]}, "datetime": {"datetime": "2025-08-11 22:30:11", "elapsed": 21890.858519792557, "delta": 17.962076663970947}, "costs": {"total_cost": 185.8905548655145, "time_cost": 72.429, "final_distance_cost": 1.806634257886, "oscillation_cost": 25.54206022998722, "completition_cost": 0.0, "overshoot_cost": 50.71271600479866, "power_cost": 14.383524560546876, "noise_cost": 21.016619812295733, "n_waypoints_completed": 9, "tot_waypoints": 9}}
{"target": -222.97945910256033, "params": {"k_pid_pos": [0.2819039777480611, 0.010087711600099185, 0.0005849198079743816], "k_pid_alt": [2.0, 0.004039261334365792, 0.02788944287645242], "k_pid_att": [50.01514613918059, 0.36349545833972924, 1.0], "k_pid_yaw": [0.5, 1e-06, 0.1], "k_pid_hsp": [0.09856589594817149, 0.013194458387849736, 0.0], "k_pid_vsp": [103.87303675241064, 104.30160959959439, 7.314028147655674]}, "datetime": {"datetime": "2025-08-11 22:30:36", "elapsed": 21915.60163474083, "delta": 24.743114948272705}, "costs": {"total_cost": 222.97945910256033, "time_cost": 98.651, "final_distance_cost": 1.8627966634084274, "oscillation_cost": 16.311914309318077, "completition_cost": 0.0, "overshoot_cost": 53.602798272357006, "power_cost": 18.55482862548828, "noise_cost": 33.996121231988525, "n_waypoints_completed": 9, "tot_waypoints": 9}}
{"target": -183.75170056288016, "params": {"k_pid_pos": [0.8582225364152419, 0.003424574406017476, 0.00028296190123386795], "k_pid_alt": [1.576324150491858, 0.0023175781035711888, 0.011065171014585316], "k_pid_att": [45.06703839767488, 0.311050613627525, 1.0], "k_pid_yaw": [0.5, 1e-06, 0.1], "k_pid_hsp": [0.10362353262321843, 0.012372781985324295, 0.0], "k_pid_vsp": [58.51455669827404, 85.41280338565817, 3.4840477669355097]}, "datetime": {"datetime": "2025-08-11 22:30:54", "elapsed": 21933.79030752182, "delta": 18.1886727809906}, "costs": {"total_cost": 183.75170056288016, "time_cost": 70.112, "final_distance_cost": 1.7976794130505513, "oscillation_cost": 26.76217464008373, "completition_cost": 0.0, "overshoot_cost": 50.2622200305838, "power_cost": 14.251878430175783, "noise_cost": 20.565748048986304, "n_waypoints_completed": 9, "tot_waypoints": 9}}
{"target": -220.9148469759224, "params": {"k_pid_pos": [0.7860287824976417, 0.009375526653082973, 0.0008057386662996728], "k_pid_alt": [1.007138344718775, 0.004715218062762466, 0.025087397397701244], "k_pid_att": [59.777580319457876, 0.40590707550608546, 0.9701958711252079], "k_pid_yaw": [0.5, 1e-06, 0.1], "k_pid_hsp": [0.04701328728872809, 0.011574387142376213, 0.0], "k_pid_vsp": [117.41450621284484, 111.3936560344606, 8.260650443028938]}, "datetime": {"datetime": "2025-08-11 22:31:19", "elapsed": 21958.777097940445, "delta": 24.986790418624878}, "costs": {"total_cost": 220.9148469759224, "time_cost": 94.892, "final_distance_cost": 1.793614522508591, "oscillation_cost": 24.078575155925655, "completition_cost": 0.0, "overshoot_cost": 54.47731385962898, "power_cost": 18.565224768066408, "noise_cost": 27.108118669792766, "n_waypoints_completed": 9, "tot_waypoints": 9}}
{"target": -182.1192611100588, "params": {"k_pid_pos": [0.6659631946645381, 0.00982266084187834, 0.00012040181839791853], "k_pid_alt": [1.6120822507689645, 0.0069710435961230785, 0.029779762090684097], "k_pid_att": [44.91736555355863, 0.4303636999274692, 1.0], "k_pid_yaw": [0.5, 1e-06, 0.1], "k_pid_hsp": [0.10957421924520598, 0.0090817414057244, 0.0], "k_pid_vsp": [85.51797350510147, 114.82608691709838, 5.374644052537835]}, "datetime": {"datetime": "2025-08-11 22:31:37", "elapsed": 21976.516244888306, "delta": 17.739146947860718}, "costs": {"total_cost": 182.1192611100588, "time_cost": 70.518, "final_distance_cost": 1.8070597037425329, "oscillation_cost": 23.537589510966068, "completition_cost": 0.0, "overshoot_cost": 51.2286170100686, "power_cost": 14.158813134765627, "noise_cost": 20.869181750515963, "n_waypoints_completed": 9, "tot_waypoints": 9}}
{"target": -184.79917777295597, "params": {"k_pid_pos": [0.562260602709529, 0.007938845171768178, 0.0008409237447357273], "k_pid_alt": [1.0068051056620224, 0.005589223766397416, 0.01260348720117959], "k_pid_att": [58.26201132566666, 0.23043980441643233, 0.6145067443255007], "k_pid_yaw": [0.5, 1e-06, 0.1], "k_pid_hsp": [0.07443871384131845, 0.004751239151036032, 0.0], "k_pid_vsp": [38.080081071998606, 74.19589279046698, 6.7558183975273325]}, "datetime": {"datetime": "2025-08-11 22:31:56", "elapsed": 21995.690540790558, "delta": 19.174295902252197}, "costs": {"total_cost": 184.79917777295597, "time_cost": 74.662, "final_distance_cost": 1.81625580839099, "oscillation_cost": 19.599605842844905, "completition_cost": 0.0, "overshoot_cost": 52.065478439837165, "power_cost": 14.44624744873047, "noise_cost": 22.209590233152415, "n_waypoints_completed": 9, "tot_waypoints": 9}}
{"target": -184.40707686496523, "params": {"k_pid_pos": [0.6968366805015758, 0.010356030088513627, 0.0003868556819697912], "k_pid_alt": [1.335397077939873, 0.005305583960262763, 0.01722079750390014], "k_pid_att": [41.09573619263496, 0.3106434570008603, 1.0], "k_pid_yaw": [0.5, 1e-06, 0.1], "k_pid_hsp": [0.08565872152418345, 0.007530497818113955, 0.0], "k_pid_vsp": [116.81168362202384, 88.82963814466171, 4.931342988342335]}, "datetime": {"datetime": "2025-08-11 22:32:14", "elapsed": 22013.380874872208, "delta": 17.69033408164978}, "costs": {"total_cost": 184.40707686496523, "time_cost": 72.296, "final_distance_cost": 1.7962251140366035, "oscillation_cost": 23.19438007963944, "completition_cost": 0.0, "overshoot_cost": 51.36417539391181, "power_cost": 14.342341296386719, "noise_cost": 21.41395498099067, "n_waypoints_completed": 9, "tot_waypoints": 9}}
{"target": -183.32781983207119, "params": {"k_pid_pos": [0.5202662347343142, 0.006462452882408018, 0.000604138508085939], "k_pid_alt": [1.1917154877423857, 0.0043883671824302, 0.020796871205878132], "k_pid_att": [33.151229598610904, 0.17958791925724069, 0.8841107171317221], "k_pid_yaw": [0.5, 1e-06, 0.1], "k_pid_hsp": [0.11624414186267894, 0.011033000611173877, 0.0], "k_pid_vsp": [77.22027644771775, 157.76008293542378, 7.584665085102977]}, "datetime": {"datetime": "2025-08-11 22:32:32", "elapsed": 22031.362641096115, "delta": 17.98176622390747}, "costs": {"total_cost": 183.32781983207119, "time_cost": 72.408, "final_distance_cost": 1.8360457331592464, "oscillation_cost": 22.22542388574164, "completition_cost": 0.0, "overshoot_cost": 50.895260402572156, "power_cost": 14.317282922363281, "noise_cost": 21.645806888234855, "n_waypoints_completed": 9, "tot_waypoints": 9}}
