{"target": -181.90126648566712, "params": {"k_pid_pos": [0.5806942810159139, 0.006323178054185023, 0.000633076692464053], "k_pid_alt": [1.4957108612465275, 0.004612501542614475, 0.006836496671610498], "k_pid_att": [53.95598474307781, 0.3611867730742495, 0.8724505797948932], "k_pid_yaw": [0.5, 1e-06, 0.1], "k_pid_hsp": [0.11545893370126002, 0.008069243597910634, 0.0], "k_pid_vsp": [98.25290717896324, 129.34355483346388, 6.2178819291173175]}, "datetime": {"datetime": "2025-08-12 03:23:49", "elapsed": 39508.46176505089, "delta": 17.817739486694336}, "costs": {"total_cost": 181.90126648566712, "time_cost": 71.218, "final_distance_cost": 1.8303054089240245, "oscillation_cost": 22.74551694274174, "completition_cost": 0.0, "overshoot_cost": 50.76108060678485, "power_cost": 14.094356115722658, "noise_cost": 21.252007411493853, "n_waypoints_completed": 9, "tot_waypoints": 9}}
{"target": -187.68362368490622, "params": {"k_pid_pos": [0.5073315704487592, 0.007289946036726988, 0.000614532117563894], "k_pid_alt": [1.691477681404221, 0.004610062892972539, 0.007748981460963797], "k_pid_att": [39.3326343929768, 0.3074278433912841, 0.8764221116083757], "k_pid_yaw": [0.5, 1e-06, 0.1], "k_pid_hsp": [0.06064099155618332, 0.008154777176033048, 0.0], "k_pid_vsp": [122.31750127220624, 135.31619132068997, 5.874965247052373]}, "datetime": {"datetime": "2025-08-12 03:24:08", "elapsed": 39527.74282550812, "delta": 19.281060457229614}, "costs": {"total_cost": 187.68362368490622, "time_cost": 76.83200000000001, "final_distance_cost": 1.796263529717127, "oscillation_cost": 17.66553819216286, "completition_cost": 0.0, "overshoot_cost": 53.42968340882953, "power_cost": 14.852022192382814, "noise_cost": 23.108116361813906, "n_waypoints_completed": 9, "tot_waypoints": 9}}
{"target": -182.26569661680713, "params": {"k_pid_pos": [0.5158770977105632, 0.006509904618780471, 0.0006725985127697242], "k_pid_alt": [1.9580443597945714, 0.004923721831118465, 0.008868497880532305], "k_pid_att": [40.058825486287766, 0.2947654788989516, 1.0], "k_pid_yaw": [0.5, 1e-06, 0.1], "k_pid_hsp": [0.08915038274065405, 0.009406109111583998, 0.0], "k_pid_vsp": [127.72264736198053, 111.58033952778295, 5.152427905154808]}, "datetime": {"datetime": "2025-08-12 03:24:26", "elapsed": 39546.23430132866, "delta": 18.491475820541382}, "costs": {"total_cost": 182.26569661680713, "time_cost": 72.52, "final_distance_cost": 1.8321209527663067, "oscillation_cost": 20.132520688608366, "completition_cost": 0.0, "overshoot_cost": 51.71050331235907, "power_cost": 14.288925634765626, "noise_cost": 21.781626028307755, "n_waypoints_completed": 9, "tot_waypoints": 9}}
{"target": -182.15282535958644, "params": {"k_pid_pos": [0.6038840607184127, 0.005884985641788996, 0.0006138631919415158], "k_pid_alt": [1.1335446830236273, 0.005497023303727005, 0.007266499331809086], "k_pid_att": [43.95316934123321, 0.3854270117333926, 1.0], "k_pid_yaw": [0.5, 1e-06, 0.1], "k_pid_hsp": [0.1062645311553405, 0.009929309582569453, 0.0], "k_pid_vsp": [155.51067436843138, 106.03816997836803, 6.555032061890337]}, "datetime": {"datetime": "2025-08-12 03:24:45", "elapsed": 39564.39441561699, "delta": 18.160114288330078}, "costs": {"total_cost": 182.15282535958644, "time_cost": 71.26, "final_distance_cost": 1.8233959054823288, "oscillation_cost": 22.84916443570085, "completition_cost": 0.0, "overshoot_cost": 50.87767483823944, "power_cost": 14.112519665527344, "noise_cost": 21.230070514636488, "n_waypoints_completed": 9, "tot_waypoints": 9}}
{"target": -184.58181160942615, "params": {"k_pid_pos": [0.8451433933251917, 0.0044875369996357365, 0.0005602733058898292], "k_pid_alt": [1.552796620515774, 0.00412034358334283, 0.007767647199459736], "k_pid_att": [37.51017680089105, 0.27691242967263036, 0.988138448021782], "k_pid_yaw": [0.5, 1e-06, 0.1], "k_pid_hsp": [0.09381025031532252, 0.009004281012250119, 0.0], "k_pid_vsp": [146.00122550198034, 145.81177223753215, 7.996164301624627]}, "datetime": {"datetime": "2025-08-12 03:25:02", "elapsed": 39581.92755150795, "delta": 17.533135890960693}, "costs": {"total_cost": 184.58181160942615, "time_cost": 70.96600000000001, "final_distance_cost": 1.7810261999652062, "oscillation_cost": 25.79632963480682, "completition_cost": 0.0, "overshoot_cost": 50.84433438778819, "power_cost": 14.400950231933594, "noise_cost": 20.793171154932327, "n_waypoints_completed": 9, "tot_waypoints": 9}}
{"target": -181.99667041966467, "params": {"k_pid_pos": [0.5713836238169905, 0.007086101645033538, 0.000774982327936208], "k_pid_alt": [1.735633167539186, 0.003960259453231431, 0.004660913912050648], "k_pid_att": [40.97671641302936, 0.29319633166123904, 0.8361571132202772], "k_pid_yaw": [0.5, 1e-06, 0.1], "k_pid_hsp": [0.10546560925936001, 0.009668253372168851, 0.0], "k_pid_vsp": [150.95884420469855, 119.9533140683189, 7.558483842504107]}, "datetime": {"datetime": "2025-08-12 03:25:22", "elapsed": 39601.51621747017, "delta": 19.58866596221924}, "costs": {"total_cost": 181.99667041966467, "time_cost": 71.337, "final_distance_cost": 1.8317525172892313, "oscillation_cost": 22.01262860912475, "completition_cost": 0.0, "overshoot_cost": 51.31479551190801, "power_cost": 14.163126306152344, "noise_cost": 21.33736747519031, "n_waypoints_completed": 9, "tot_waypoints": 9}}
{"target": -181.87911268071153, "params": {"k_pid_pos": [0.5827794480022909, 0.006678312961173285, 0.0006223257021839003], "k_pid_alt": [1.3817441734329607, 0.002904549282491346, 0.004159599101819933], "k_pid_att": [46.891283230897415, 0.3792248145003703, 0.9127679196249363], "k_pid_yaw": [0.5, 1e-06, 0.1], "k_pid_hsp": [0.10239928476058942, 0.009967114717845262, 0.0], "k_pid_vsp": [122.46294439725837, 107.37295658855481, 7.02545797025105]}, "datetime": {"datetime": "2025-08-12 03:25:39", "elapsed": 39619.13087439537, "delta": 17.614656925201416}, "costs": {"total_cost": 181.87911268071153, "time_cost": 71.253, "final_distance_cost": 1.8242514271220647, "oscillation_cost": 22.381409290927273, "completition_cost": 0.0, "overshoot_cost": 50.99171437568818, "power_cost": 14.132015356445313, "noise_cost": 21.29672223052867, "n_waypoints_completed": 9, "tot_waypoints": 9}}
{"target": -182.48847281742798, "params": {"k_pid_pos": [0.6512685962314252, 0.007705847652646448, 0.00042167091046381265], "k_pid_alt": [1.5590523330344113, 0.005527828108010255, 0.008866404417490889], "k_pid_att": [34.88492092774993, 0.2972331457641146, 0.9663285329855628], "k_pid_yaw": [0.5, 1e-06, 0.1], "k_pid_hsp": [0.08936442203219763, 0.008757315308475138, 0.0], "k_pid_vsp": [139.8793553206436, 109.16084815302582, 6.7717018214746565]}, "datetime": {"datetime": "2025-08-12 03:25:58", "elapsed": 39638.03643155098, "delta": 18.90555715560913}, "costs": {"total_cost": 182.48847281742798, "time_cost": 71.61, "final_distance_cost": 1.8079462272220868, "oscillation_cost": 22.46464828189859, "completition_cost": 0.0, "overshoot_cost": 51.11147908709007, "power_cost": 14.222815173339844, "noise_cost": 21.271584047877383, "n_waypoints_completed": 9, "tot_waypoints": 9}}
{"target": -182.86655662162403, "params": {"k_pid_pos": [0.5668028749110219, 0.006468565561212772, 0.0003743893379430544], "k_pid_alt": [1.6469858523556418, 0.004954527963799208, 0.0038005819876335864], "k_pid_att": [40.16151141167397, 0.29473616392113017, 0.8368711756202035], "k_pid_yaw": [0.5, 1e-06, 0.1], "k_pid_hsp": [0.0831576263635025, 0.010656011451374854, 0.0], "k_pid_vsp": [122.96175087494085, 135.53187562915875, 7.4939893928348695]}, "datetime": {"datetime": "2025-08-12 03:26:17", "elapsed": 39656.68150091171, "delta": 18.645069360733032}, "costs": {"total_cost": 182.86655662162403, "time_cost": 72.674, "final_distance_cost": 1.8280463041084156, "oscillation_cost": 20.982871866013202, "completition_cost": 0.0, "overshoot_cost": 51.49192864956135, "power_cost": 14.30114521484375, "noise_cost": 21.58856458709729, "n_waypoints_completed": 9, "tot_waypoints": 9}}
{"target": -182.117935052513, "params": {"k_pid_pos": [0.49851427250725194, 0.00636316418595442, 0.0005511358281608484], "k_pid_alt": [1.3633317313426747, 0.0049746148009767325, 0.0065556347800654205], "k_pid_att": [34.31542648976963, 0.32001138374299903, 0.7395645076477059], "k_pid_yaw": [0.5, 1e-06, 0.1], "k_pid_hsp": [0.09435079936940094, 0.012991427328814075, 0.0], "k_pid_vsp": [117.88700699083121, 141.0895085980103, 5.3635715852528305]}, "datetime": {"datetime": "2025-08-12 03:26:37", "elapsed": 39676.98053193092, "delta": 20.299031019210815}, "costs": {"total_cost": 182.117935052513, "time_cost": 72.562, "final_distance_cost": 1.8385192284483851, "oscillation_cost": 20.704625340617913, "completition_cost": 0.0, "overshoot_cost": 50.96189280775557, "power_cost": 14.294267944335939, "noise_cost": 21.7566297313552, "n_waypoints_completed": 9, "tot_waypoints": 9}}
{"target": -182.58327466714928, "params": {"k_pid_pos": [0.5056775337023846, 0.00609993757165853, 0.000659383531769466], "k_pid_alt": [1.9191785053017962, 0.005982714706442204, 0.008704716052355998], "k_pid_att": [46.303360393177286, 0.325690376403248, 1.0], "k_pid_yaw": [0.5, 1e-06, 0.1], "k_pid_hsp": [0.10582811121032575, 0.008283316643186182, 0.0], "k_pid_vsp": [114.16577525029909, 126.0377171930121, 5.979426853989922]}, "datetime": {"datetime": "2025-08-12 03:26:55", "elapsed": 39694.79403066635, "delta": 17.813498735427856}, "costs": {"total_cost": 182.58327466714928, "time_cost": 72.45, "final_distance_cost": 1.8460768501237492, "oscillation_cost": 20.60652463159871, "completition_cost": 0.0, "overshoot_cost": 51.411633419645575, "power_cost": 14.294846728515626, "noise_cost": 21.974193037265607, "n_waypoints_completed": 9, "tot_waypoints": 9}}
{"target": -181.60950965221974, "params": {"k_pid_pos": [0.492479293312219, 0.006221395069382743, 0.0006394369042387817], "k_pid_alt": [1.6211513525461394, 0.0037781948481784475, 0.009636859197422751], "k_pid_att": [43.21751434602249, 0.24211944056553447, 0.7474488598819917], "k_pid_yaw": [0.5, 1e-06, 0.1], "k_pid_hsp": [0.09334837865732766, 0.009123978650070459, 0.0], "k_pid_vsp": [114.30315533615328, 129.3237254074024, 7.5210788884842]}, "datetime": {"datetime": "2025-08-12 03:27:14", "elapsed": 39713.56215596199, "delta": 18.768125295639038}, "costs": {"total_cost": 181.60950965221974, "time_cost": 72.611, "final_distance_cost": 1.8428465072241234, "oscillation_cost": 19.845608831971948, "completition_cost": 0.0, "overshoot_cost": 51.34976838165475, "power_cost": 14.186554821777344, "noise_cost": 21.773731109591584, "n_waypoints_completed": 9, "tot_waypoints": 9}}
{"target": -184.5743425656902, "params": {"k_pid_pos": [0.484811603379874, 0.009241348834351728, 0.0007756728932569328], "k_pid_alt": [1.3846379336275128, 0.0050109441601282915, 0.008293229407753266], "k_pid_att": [39.08792482808759, 0.3216822672110318, 0.851822937089103], "k_pid_yaw": [0.5, 1e-06, 0.1], "k_pid_hsp": [0.12189947482067588, 0.009561242523229103, 0.0], "k_pid_vsp": [146.52203501726194, 123.93808091784439, 7.373480440599187]}, "datetime": {"datetime": "2025-08-12 03:27:32", "elapsed": 39731.76160979271, "delta": 18.199453830718994}, "costs": {"total_cost": 184.5743425656902, "time_cost": 73.206, "final_distance_cost": 1.8461752130314073, "oscillation_cost": 21.483695918016195, "completition_cost": 0.0, "overshoot_cost": 51.327934079587166, "power_cost": 14.397450976562501, "noise_cost": 22.313086378492894, "n_waypoints_completed": 9, "tot_waypoints": 9}}
{"target": -181.5636920086992, "params": {"k_pid_pos": [0.5932853534383132, 0.006516253239667626, 0.0007250768417476121], "k_pid_alt": [1.4902601778302795, 0.0037450505017588022, 0.007915553869899858], "k_pid_att": [31.631873530361702, 0.31883164671697567, 0.8114198532855811], "k_pid_yaw": [0.5, 1e-06, 0.1], "k_pid_hsp": [0.09060429502739087, 0.0076330771050328915, 0.0], "k_pid_vsp": [91.98966385386929, 117.0202573954734, 5.3933818703285965]}, "datetime": {"datetime": "2025-08-12 03:27:52", "elapsed": 39751.78354501724, "delta": 20.02193522453308}, "costs": {"total_cost": 181.5636920086992, "time_cost": 71.554, "final_distance_cost": 1.8309519548825368, "oscillation_cost": 21.44243809020347, "completition_cost": 0.0, "overshoot_cost": 51.32197212893278, "power_cost": 14.168092675781251, "noise_cost": 21.246237158899163, "n_waypoints_completed": 9, "tot_waypoints": 9}}
{"target": -182.44569821101908, "params": {"k_pid_pos": [0.5493316979303472, 0.0071280473104461325, 0.0006863774470743763], "k_pid_alt": [1.2940480957170652, 0.003726090412066788, 0.008470997259674465], "k_pid_att": [38.04361225329959, 0.32002613964820137, 0.9379642077698648], "k_pid_yaw": [0.5, 1e-06, 0.1], "k_pid_hsp": [0.1140648676165159, 0.010208835745679885, 0.0], "k_pid_vsp": [109.64696831657523, 127.46813735986217, 5.07215670809255]}, "datetime": {"datetime": "2025-08-12 03:28:10", "elapsed": 39769.41995549202, "delta": 17.63641047477722}, "costs": {"total_cost": 182.44569821101908, "time_cost": 71.68, "final_distance_cost": 1.835345810596772, "oscillation_cost": 22.452800039530768, "completition_cost": 0.0, "overshoot_cost": 50.82864131418529, "power_cost": 14.19341864013672, "noise_cost": 21.455492406569526, "n_waypoints_completed": 9, "tot_waypoints": 9}}
{"target": -183.74622219839438, "params": {"k_pid_pos": [0.6500339388019643, 0.006695915684546506, 0.0005054964511303032], "k_pid_alt": [1.4063872606807941, 0.003687519943622745, 0.007687999959779288], "k_pid_att": [36.9133080734776, 0.33158584693891285, 1.0], "k_pid_yaw": [0.5, 1e-06, 0.1], "k_pid_hsp": [0.08026400974758122, 0.009608568166396868, 0.0], "k_pid_vsp": [119.36757031353416, 154.59907070807773, 6.300000165444985]}, "datetime": {"datetime": "2025-08-12 03:28:29", "elapsed": 39788.451152801514, "delta": 19.03119730949402}, "costs": {"total_cost": 183.74622219839438, "time_cost": 72.583, "final_distance_cost": 1.815468206948846, "oscillation_cost": 22.371129514545974, "completition_cost": 0.0, "overshoot_cost": 51.26794286290462, "power_cost": 14.399462963867188, "noise_cost": 21.30921865012775, "n_waypoints_completed": 9, "tot_waypoints": 9}}
{"target": -181.57085272007197, "params": {"k_pid_pos": [0.6072827933387647, 0.006039523745914742, 0.0006303867437637655], "k_pid_alt": [1.3669608632479306, 0.004989902973809829, 0.008389877861412527], "k_pid_att": [32.269247345011024, 0.3137294895664768, 0.9323217957289639], "k_pid_yaw": [0.5, 1e-06, 0.1], "k_pid_hsp": [0.10698023432433174, 0.011358187807277422, 0.0], "k_pid_vsp": [131.30180965175865, 124.99251166289582, 7.119531565271977]}, "datetime": {"datetime": "2025-08-12 03:28:47", "elapsed": 39806.38477253914, "delta": 17.933619737625122}, "costs": {"total_cost": 181.57085272007197, "time_cost": 70.924, "final_distance_cost": 1.8397618331707808, "oscillation_cost": 23.13324795440034, "completition_cost": 0.0, "overshoot_cost": 50.43751556454403, "power_cost": 14.095713427734376, "noise_cost": 21.140613940222394, "n_waypoints_completed": 9, "tot_waypoints": 9}}
{"target": -182.35449184028985, "params": {"k_pid_pos": [0.4573581812368199, 0.006074455327590652, 0.000813365070493403], "k_pid_alt": [1.606566780655329, 0.004294768029036027, 0.008910820000920397], "k_pid_att": [38.570403563708744, 0.3715781307707684, 0.666433153852591], "k_pid_yaw": [0.5, 1e-06, 0.1], "k_pid_hsp": [0.08216310173631904, 0.009972679694624838, 0.0], "k_pid_vsp": [120.49489192500681, 122.78605940536079, 7.415653960916766]}, "datetime": {"datetime": "2025-08-12 03:29:07", "elapsed": 39826.69190812111, "delta": 20.307135581970215}, "costs": {"total_cost": 182.35449184028985, "time_cost": 73.605, "final_distance_cost": 1.8318586146332794, "oscillation_cost": 18.739975113395175, "completition_cost": 0.0, "overshoot_cost": 51.62722652921839, "power_cost": 14.364078674316406, "noise_cost": 22.186352908726615, "n_waypoints_completed": 9, "tot_waypoints": 9}}
{"target": -182.46785717593716, "params": {"k_pid_pos": [0.5861896831367247, 0.00601366255317589, 0.0007201877061526551], "k_pid_alt": [1.4804596268426609, 0.004774519414302463, 0.0058467517671373335], "k_pid_att": [34.73107821522184, 0.2940364430853737, 0.8550001408443562], "k_pid_yaw": [0.5, 1e-06, 0.1], "k_pid_hsp": [0.12125485775377524, 0.008068110329274236, 0.0], "k_pid_vsp": [117.62267267926188, 130.19357286195756, 7.379286872570591]}, "datetime": {"datetime": "2025-08-12 03:29:24", "elapsed": 39844.31553220749, "delta": 17.623624086380005}, "costs": {"total_cost": 182.46785717593716, "time_cost": 71.183, "final_distance_cost": 1.8384077384819988, "oscillation_cost": 23.201038524396026, "completition_cost": 0.0, "overshoot_cost": 50.8472949597734, "power_cost": 14.123051489257813, "noise_cost": 21.275064464027917, "n_waypoints_completed": 9, "tot_waypoints": 9}}
{"target": -182.93158896970368, "params": {"k_pid_pos": [0.5128462305994883, 0.006207626547142378, 0.0006301088292529685], "k_pid_alt": [1.4326111664597716, 0.004454402366781576, 0.007172636299038422], "k_pid_att": [35.191096890252126, 0.33991135535247413, 0.8475219698950873], "k_pid_yaw": [0.5, 1e-06, 0.1], "k_pid_hsp": [0.11477677008665249, 0.00961787579779196, 0.0], "k_pid_vsp": [160.09855227489766, 107.43354205697021, 8.352363943225694]}, "datetime": {"datetime": "2025-08-12 03:29:44", "elapsed": 39863.80306482315, "delta": 19.48753261566162}, "costs": {"total_cost": 182.93158896970368, "time_cost": 72.359, "final_distance_cost": 1.847082020737045, "oscillation_cost": 21.68681164578165, "completition_cost": 0.0, "overshoot_cost": 50.914689803367736, "power_cost": 14.479648852539063, "noise_cost": 21.644356647278176, "n_waypoints_completed": 9, "tot_waypoints": 9}}
{"target": -184.2396292573695, "params": {"k_pid_pos": [0.7526763711173686, 0.006617530603897464, 0.0008394626256199277], "k_pid_alt": [1.4172608670835458, 0.004511291172875807, 0.012277424615069433], "k_pid_att": [42.85730853193271, 0.4161973558027321, 0.8998989440775711], "k_pid_yaw": [0.5, 1e-06, 0.1], "k_pid_hsp": [0.08638003862615733, 0.010965976420702283, 0.0], "k_pid_vsp": [142.7948616972793, 147.31633037026026, 8.493472958478533]}, "datetime": {"datetime": "2025-08-12 03:30:02", "elapsed": 39881.41338849068, "delta": 17.610323667526245}, "costs": {"total_cost": 184.2396292573695, "time_cost": 71.715, "final_distance_cost": 1.8122765543655777, "oscillation_cost": 24.62132054438375, "completition_cost": 0.0, "overshoot_cost": 50.56746256907205, "power_cost": 15.781357495117188, "noise_cost": 19.74221209443092, "n_waypoints_completed": 9, "tot_waypoints": 9}}
{"target": -182.56948532922615, "params": {"k_pid_pos": [0.5450246337350274, 0.005694906063979953, 0.0005631696322229931], "k_pid_alt": [1.6004944545618995, 0.005101962899971086, 0.005103574740958389], "k_pid_att": [56.266004340629685, 0.3331254434191399, 0.7701769389019479], "k_pid_yaw": [0.5, 1e-06, 0.1], "k_pid_hsp": [0.09823570999293281, 0.007412169062843949, 0.0], "k_pid_vsp": [114.35403008509657, 56.30165258818448, 8.320097288400056]}, "datetime": {"datetime": "2025-08-12 03:30:22", "elapsed": 39901.3630361557, "delta": 19.949647665023804}, "costs": {"total_cost": 182.56948532922615, "time_cost": 71.995, "final_distance_cost": 1.833613735797965, "oscillation_cost": 20.959388625445428, "completition_cost": 0.0, "overshoot_cost": 51.84062016761766, "power_cost": 14.514976989746094, "noise_cost": 21.42588581061902, "n_waypoints_completed": 9, "tot_waypoints": 9}}
{"target": -181.79636496443234, "params": {"k_pid_pos": [0.6551636629397055, 0.0034690979260911053, 0.0004736512312383647], "k_pid_alt": [1.3778903121046842, 0.005155902467240028, 0.005927702928857152], "k_pid_att": [26.564116462527092, 0.3659558375679237, 0.7496000130018885], "k_pid_yaw": [0.5, 1e-06, 0.1], "k_pid_hsp": [0.09740715268577793, 0.008365982057294474, 0.0], "k_pid_vsp": [145.96532806528685, 128.06848788059617, 6.3859962189941255]}, "datetime": {"datetime": "2025-08-12 03:30:39", "elapsed": 39918.899227142334, "delta": 17.5361909866333}, "costs": {"total_cost": 181.79636496443234, "time_cost": 70.84, "final_distance_cost": 1.8248213972959724, "oscillation_cost": 23.01250316824609, "completition_cost": 0.0, "overshoot_cost": 51.01827924661313, "power_cost": 14.131687084960939, "noise_cost": 20.969074067316207, "n_waypoints_completed": 9, "tot_waypoints": 9}}
{"target": -181.96447508047962, "params": {"k_pid_pos": [0.5735806935297267, 0.006562949877382582, 0.0008651035126473703], "k_pid_alt": [1.6989388317366412, 0.0045666703396106375, 0.0062890248758432745], "k_pid_att": [38.07689551624205, 0.32514305516077674, 0.9800387693924439], "k_pid_yaw": [0.5, 1e-06, 0.1], "k_pid_hsp": [0.11168932565210384, 0.01130454002130339, 0.0], "k_pid_vsp": [129.60952840077144, 125.88667545058786, 6.554794031758875]}, "datetime": {"datetime": "2025-08-12 03:30:58", "elapsed": 39938.162678956985, "delta": 19.26345181465149}, "costs": {"total_cost": 181.96447508047962, "time_cost": 71.239, "final_distance_cost": 1.8331472860574178, "oscillation_cost": 22.87533727752156, "completition_cost": 0.0, "overshoot_cost": 50.495551828213074, "power_cost": 14.106173486328126, "noise_cost": 21.415265202359443, "n_waypoints_completed": 9, "tot_waypoints": 9}}
{"target": -181.9247051650116, "params": {"k_pid_pos": [0.6091399503910485, 0.006765708332664654, 0.000627892173763228], "k_pid_alt": [1.0850697473745454, 0.004483666576871956, 0.008586676304372532], "k_pid_att": [40.41268044047752, 0.3712243719940673, 0.9593505448905129], "k_pid_yaw": [0.5, 1e-06, 0.1], "k_pid_hsp": [0.10244534987432463, 0.008738340706053836, 0.0], "k_pid_vsp": [143.19355208554535, 115.71866820661698, 6.63150311459945]}, "datetime": {"datetime": "2025-08-12 03:31:17", "elapsed": 39956.81882548332, "delta": 18.65614652633667}, "costs": {"total_cost": 181.9247051650116, "time_cost": 71.372, "final_distance_cost": 1.8247221480356333, "oscillation_cost": 22.628344503461058, "completition_cost": 0.0, "overshoot_cost": 50.91495318487858, "power_cost": 14.105026110839844, "noise_cost": 21.0796592177965, "n_waypoints_completed": 9, "tot_waypoints": 9}}
