{"target": -182.3443889780017, "params": {"k_pid_pos": [0.7812235422675108, 0.006887219128234696, 0.0010346599642052452], "k_pid_alt": [1.2046408480222583, 0.005732153812396747, 0.0231539558106304], "k_pid_att": [50.06927077580096, 0.24698488449471898, 1.0], "k_pid_yaw": [0.5, 1e-06, 0.1], "k_pid_hsp": [0.11373356847891049, 0.0061385320544643926, 0.0], "k_pid_vsp": [83.76694233743034, 117.36060800821325, 5.754833241431712]}, "datetime": {"datetime": "2025-08-11 23:28:23", "elapsed": 25382.521719694138, "delta": 17.158937215805054}, "costs": {"total_cost": 182.3443889780017, "time_cost": 70.028, "final_distance_cost": 1.8153443467795385, "oscillation_cost": 25.150262653720343, "completition_cost": 0.0, "overshoot_cost": 50.47553756414779, "power_cost": 14.127155993652345, "noise_cost": 20.748088419701674, "n_waypoints_completed": 9, "tot_waypoints": 9}}
{"target": -184.6839505003876, "params": {"k_pid_pos": [0.4770755665536506, 0.008156325676554768, 0.0006358644750157935], "k_pid_alt": [1.755207935019028, 0.005379564324676817, 0.015318514262741329], "k_pid_att": [33.72017149180771, 0.29088061889598665, 0.9180582735011789], "k_pid_yaw": [0.5, 1e-06, 0.1], "k_pid_hsp": [0.08396678467588559, 0.006508191078123084, 0.0], "k_pid_vsp": [9.441434073498035, 85.80413994966307, 6.502760247725753]}, "datetime": {"datetime": "2025-08-11 23:28:42", "elapsed": 25401.402369260788, "delta": 18.88064956665039}, "costs": {"total_cost": 184.6839505003876, "time_cost": 74.165, "final_distance_cost": 1.817976195610357, "oscillation_cost": 19.312427284862903, "completition_cost": 0.0, "overshoot_cost": 52.28915153089988, "power_cost": 15.193340734863282, "noise_cost": 21.906054754151157, "n_waypoints_completed": 9, "tot_waypoints": 9}}
{"target": -181.98848109533563, "params": {"k_pid_pos": [0.6583884876560075, 0.0057847353272432395, 0.0005105815227347421], "k_pid_alt": [1.0907640424284635, 0.005907570146300986, 0.0339203068085682], "k_pid_att": [38.65132385306081, 0.31447931948630053, 0.8112878484018974], "k_pid_yaw": [0.5, 1e-06, 0.1], "k_pid_hsp": [0.10946364840681218, 0.011232575310705886, 0.0], "k_pid_vsp": [62.89302873115034, 135.1950170602811, 5.576392985925668]}, "datetime": {"datetime": "2025-08-11 23:28:59", "elapsed": 25418.863889932632, "delta": 17.461520671844482}, "costs": {"total_cost": 181.98848109533563, "time_cost": 70.693, "final_distance_cost": 1.822981715159496, "oscillation_cost": 23.91251479731281, "completition_cost": 0.0, "overshoot_cost": 50.692987865420164, "power_cost": 14.144235510253907, "noise_cost": 20.722761207189254, "n_waypoints_completed": 9, "tot_waypoints": 9}}
{"target": -188.3406157991724, "params": {"k_pid_pos": [0.6726352062170373, 0.0036619830413112675, 0.0006816404061434476], "k_pid_alt": [1.4771824459949023, 0.004500398315706545, 0.027097633963154424], "k_pid_att": [46.50764652633287, 0.32489920591530924, 1.0], "k_pid_yaw": [0.5, 1e-06, 0.1], "k_pid_hsp": [0.05602378697221674, 0.012877200913623493, 0.0], "k_pid_vsp": [63.12428785405613, 93.44417593186846, 8.184786423087848]}, "datetime": {"datetime": "2025-08-11 23:29:19", "elapsed": 25438.606745004654, "delta": 19.742855072021484}, "costs": {"total_cost": 188.3406157991724, "time_cost": 75.152, "final_distance_cost": 1.7927359402039889, "oscillation_cost": 22.126109045445943, "completition_cost": 0.0, "overshoot_cost": 52.405897136453866, "power_cost": 14.757719445800783, "noise_cost": 22.10615423126785, "n_waypoints_completed": 9, "tot_waypoints": 9}}
{"target": -184.82432621903914, "params": {"k_pid_pos": [0.7192026841802722, 0.005283773172211091, 0.0007783492903505659], "k_pid_alt": [1.4898607144283964, 0.002368312977493113, 0.004037551280332031], "k_pid_att": [22.12531096229407, 0.3804078050803827, 0.9692606768806761], "k_pid_yaw": [0.5, 1e-06, 0.1], "k_pid_hsp": [0.07583324101091472, 0.010301427722277065, 0.0], "k_pid_vsp": [51.796311680650376, 118.59387897158778, 4.8014814499248155]}, "datetime": {"datetime": "2025-08-11 23:29:37", "elapsed": 25456.977987766266, "delta": 18.37124276161194}, "costs": {"total_cost": 184.82432621903914, "time_cost": 72.57600000000001, "final_distance_cost": 1.8091035610442772, "oscillation_cost": 23.57378779892088, "completition_cost": 0.0, "overshoot_cost": 51.213615863297626, "power_cost": 14.44612606201172, "noise_cost": 21.205692933764613, "n_waypoints_completed": 9, "tot_waypoints": 9}}
{"target": -183.19578004302312, "params": {"k_pid_pos": [0.48374469368878703, 0.005423266659928092, 0.0004657602718615627], "k_pid_alt": [1.4733434079247765, 0.0049478986113136334, 0.012777923551663845], "k_pid_att": [43.401516703411176, 0.329160983645625, 0.8300818904836348], "k_pid_yaw": [0.5, 1e-06, 0.1], "k_pid_hsp": [0.10827059892125122, 0.008439336834786797, 0.0], "k_pid_vsp": [119.13384223259426, 129.07526712883725, 3.4209459647365783]}, "datetime": {"datetime": "2025-08-11 23:29:56", "elapsed": 25476.086535930634, "delta": 19.108548164367676}, "costs": {"total_cost": 183.19578004302312, "time_cost": 72.912, "final_distance_cost": 1.8429876024416607, "oscillation_cost": 20.664157015195066, "completition_cost": 0.0, "overshoot_cost": 51.41554039678772, "power_cost": 14.2905013671875, "noise_cost": 22.07059366141118, "n_waypoints_completed": 9, "tot_waypoints": 9}}
{"target": -186.7433593600294, "params": {"k_pid_pos": [0.660453186782444, 0.007715055798917872, 0.0006191823735495436], "k_pid_alt": [1.3207933581217626, 0.004955829214619001, 0.010238722332060964], "k_pid_att": [37.97675136678399, 0.27261013991859145, 0.7988838775453563], "k_pid_yaw": [0.5, 1e-06, 0.1], "k_pid_hsp": [0.06863282995897522, 0.005466255907730762, 0.0], "k_pid_vsp": [73.78705326441782, 101.94906949325184, 7.544064135698254]}, "datetime": {"datetime": "2025-08-11 23:30:15", "elapsed": 25494.491450071335, "delta": 18.404914140701294}, "costs": {"total_cost": 186.7433593600294, "time_cost": 74.529, "final_distance_cost": 1.7867716632006878, "oscillation_cost": 21.222658574150525, "completition_cost": 0.0, "overshoot_cost": 52.6555819447684, "power_cost": 14.472751562500001, "noise_cost": 22.076595615409776, "n_waypoints_completed": 9, "tot_waypoints": 9}}
{"target": -186.31993831143984, "params": {"k_pid_pos": [0.829296076679137, 0.00536952744796982, 0.0007857260481551649], "k_pid_alt": [1.0158866250030778, 0.004279092846931932, 0.018251968276401045], "k_pid_att": [46.62278963369801, 0.4489605703358099, 1.0], "k_pid_yaw": [0.5, 1e-06, 0.1], "k_pid_hsp": [0.08612826782302495, 0.008647244044170907, 0.0], "k_pid_vsp": [64.51938567900265, 121.39854545010115, 5.466641695730889]}, "datetime": {"datetime": "2025-08-11 23:30:33", "elapsed": 25512.68792104721, "delta": 18.196470975875854}, "costs": {"total_cost": 186.31993831143984, "time_cost": 72.359, "final_distance_cost": 1.7985724806390304, "oscillation_cost": 25.630124896337772, "completition_cost": 0.0, "overshoot_cost": 50.947255979060564, "power_cost": 14.495469970703125, "noise_cost": 21.08951498469937, "n_waypoints_completed": 9, "tot_waypoints": 9}}
{"target": -186.2482421415595, "params": {"k_pid_pos": [0.45944599274816605, 0.009240682777961666, 0.0005743584365150396], "k_pid_alt": [1.3867293592044423, 0.0046700231046827535, 0.014078244960241145], "k_pid_att": [41.05016852768065, 0.31979534992640907, 0.9402747427346139], "k_pid_yaw": [0.5, 1e-06, 0.1], "k_pid_hsp": [0.06816492890181138, 0.007301343941704379, 0.0], "k_pid_vsp": [75.8952469618976, 101.71066684734797, 5.06594428671958]}, "datetime": {"datetime": "2025-08-11 23:30:51", "elapsed": 25531.306183576584, "delta": 18.61826252937317}, "costs": {"total_cost": 186.2482421415595, "time_cost": 76.377, "final_distance_cost": 1.8333943529023975, "oscillation_cost": 17.31990835047475, "completition_cost": 0.0, "overshoot_cost": 53.04105571709454, "power_cost": 14.726014721679688, "noise_cost": 22.950868999408133, "n_waypoints_completed": 9, "tot_waypoints": 9}}
{"target": -183.99253947835064, "params": {"k_pid_pos": [0.6476748411551885, 0.0036527061959268805, 0.00065566296707904], "k_pid_alt": [0.720035503839536, 0.004378906437580222, 0.018691151901987602], "k_pid_att": [34.26107303415554, 0.2914874503221938, 1.0], "k_pid_yaw": [0.5, 1e-06, 0.1], "k_pid_hsp": [0.106086467673425, 0.00796049709149325, 0.0], "k_pid_vsp": [96.85263674720498, 134.21757270303428, 7.517198616259951]}, "datetime": {"datetime": "2025-08-11 23:31:12", "elapsed": 25551.437432527542, "delta": 20.131248950958252}, "costs": {"total_cost": 183.99253947835064, "time_cost": 72.779, "final_distance_cost": 1.824412477929025, "oscillation_cost": 23.112109118741152, "completition_cost": 0.0, "overshoot_cost": 50.7478763387785, "power_cost": 14.41366414794922, "noise_cost": 21.115477394952734, "n_waypoints_completed": 9, "tot_waypoints": 9}}
{"target": -235.53314378052062, "params": {"k_pid_pos": [0.7008937650252268, 0.004099300305764717, 0.0006756429624746001], "k_pid_alt": [1.1746913642608743, 0.0035207146348117863, 0.02591174904086461], "k_pid_att": [35.22078971653081, 0.3145431745519263, 1.0], "k_pid_yaw": [0.5, 1e-06, 0.1], "k_pid_hsp": [0.03968917598618863, 0.011662303857878115, 0.0], "k_pid_vsp": [68.22171223694237, 154.61558744804339, 5.745998319309312]}, "datetime": {"datetime": "2025-08-11 23:31:38", "elapsed": 25577.800933599472, "delta": 26.36350107192993}, "costs": {"total_cost": 235.53314378052062, "time_cost": 105.252, "final_distance_cost": 1.7949848114836897, "oscillation_cost": 21.506986049071994, "completition_cost": 0.0, "overshoot_cost": 56.69994453750405, "power_cost": 20.01029373779297, "noise_cost": 30.268934644667937, "n_waypoints_completed": 9, "tot_waypoints": 9}}
{"target": -184.42377227015572, "params": {"k_pid_pos": [0.6259472403971187, 0.006171390845291989, 0.0004762449768915433], "k_pid_alt": [1.4335170371952666, 0.0032872396570199137, 0.028589097803866575], "k_pid_att": [41.55469832160407, 0.2865470483016164, 0.7191268658415012], "k_pid_yaw": [0.5, 1e-06, 0.1], "k_pid_hsp": [0.07423219657802162, 0.006513620325208869, 0.0], "k_pid_vsp": [70.34110421921524, 110.7700124960241, 4.684683793694258]}, "datetime": {"datetime": "2025-08-11 23:31:58", "elapsed": 25597.60135436058, "delta": 19.8004207611084}, "costs": {"total_cost": 184.42377227015572, "time_cost": 73.647, "final_distance_cost": 1.7897733057539942, "oscillation_cost": 21.139162122720833, "completition_cost": 0.0, "overshoot_cost": 51.628187329284174, "power_cost": 14.420729028320313, "noise_cost": 21.798920484076373, "n_waypoints_completed": 9, "tot_waypoints": 9}}
{"target": -182.43834046452983, "params": {"k_pid_pos": [0.6228731518174794, 0.003370937868593728, 0.00127575975832373], "k_pid_alt": [1.0124803403155012, 0.0039921521626568, 0.025066089382491916], "k_pid_att": [16.801468135432064, 0.2082568006354111, 0.7423592833714249], "k_pid_yaw": [0.5, 1e-06, 0.1], "k_pid_hsp": [0.10555570764261953, 0.014625589298468453, 0.0], "k_pid_vsp": [77.64822368114385, 109.1081948146408, 3.7587757104801134]}, "datetime": {"datetime": "2025-08-11 23:32:15", "elapsed": 25615.217725515366, "delta": 17.616371154785156}, "costs": {"total_cost": 182.43834046452983, "time_cost": 71.407, "final_distance_cost": 1.8195383466933996, "oscillation_cost": 23.50501985518579, "completition_cost": 0.0, "overshoot_cost": 50.367897991165194, "power_cost": 14.245251928710939, "noise_cost": 21.093632342774534, "n_waypoints_completed": 9, "tot_waypoints": 9}}
{"target": -183.4446031051127, "params": {"k_pid_pos": [0.6050780271628672, 0.007787631705588316, 0.0007471044107299323], "k_pid_alt": [0.9726359590028678, 0.00660454539859913, 0.016899046897759503], "k_pid_att": [22.77793664841428, 0.29019230076010366, 1.0], "k_pid_yaw": [0.5, 1e-06, 0.1], "k_pid_hsp": [0.08988054992835968, 0.011867139823183397, 0.0], "k_pid_vsp": [64.23052954038587, 50.05639921740197, 5.191519490910612]}, "datetime": {"datetime": "2025-08-11 23:32:34", "elapsed": 25633.524024009705, "delta": 18.30629849433899}, "costs": {"total_cost": 183.4446031051127, "time_cost": 72.45, "final_distance_cost": 1.8063678582260392, "oscillation_cost": 22.200653626472896, "completition_cost": 0.0, "overshoot_cost": 51.33020598054003, "power_cost": 14.223170556640625, "noise_cost": 21.43420508323309, "n_waypoints_completed": 9, "tot_waypoints": 9}}
{"target": -182.39102003131794, "params": {"k_pid_pos": [0.558665870369696, 0.007102081863197413, 0.0009516666255746416], "k_pid_alt": [1.3448647828909808, 0.004115678542985006, 0.020647846155756884], "k_pid_att": [51.54889689437004, 0.4899047843300086, 0.9766029003773911], "k_pid_yaw": [0.5, 1e-06, 0.1], "k_pid_hsp": [0.089669565565913, 0.01396779897132018, 0.0], "k_pid_vsp": [97.4605060011017, 61.1763492636315, 3.425885064622996]}, "datetime": {"datetime": "2025-08-11 23:32:53", "elapsed": 25652.381050109863, "delta": 18.85702610015869}, "costs": {"total_cost": 182.39102003131794, "time_cost": 72.345, "final_distance_cost": 1.8359177933729458, "oscillation_cost": 21.611632573609516, "completition_cost": 0.0, "overshoot_cost": 50.79852932899896, "power_cost": 14.27105506591797, "noise_cost": 21.528885269418538, "n_waypoints_completed": 9, "tot_waypoints": 9}}
{"target": -182.716295253684, "params": {"k_pid_pos": [0.796605838466579, 0.006071447379637634, 0.0007711829887606492], "k_pid_alt": [1.8578268280619954, 0.0022227874010072816, 0.03491171593327028], "k_pid_att": [40.54697224822701, 0.26556485382346356, 1.0], "k_pid_yaw": [0.5, 1e-06, 0.1], "k_pid_hsp": [0.1265463020353302, 0.00831122625770366, 0.0], "k_pid_vsp": [64.44072184794744, 115.4131949748418, 6.034522762398514]}, "datetime": {"datetime": "2025-08-11 23:33:10", "elapsed": 25670.019682884216, "delta": 17.638632774353027}, "costs": {"total_cost": 182.716295253684, "time_cost": 69.839, "final_distance_cost": 1.8257149149073775, "oscillation_cost": 25.694639938715714, "completition_cost": 0.0, "overshoot_cost": 50.42656705096126, "power_cost": 14.208637255859376, "noise_cost": 20.721736093240292, "n_waypoints_completed": 9, "tot_waypoints": 9}}
{"target": -183.4610284799903, "params": {"k_pid_pos": [0.6780944179891258, 0.0050928551709343755, 0.0004334292213096569], "k_pid_alt": [1.2923862219962432, 0.006569574637859636, 0.032510412516988746], "k_pid_att": [54.70374755214988, 0.23544956025124275, 1.0], "k_pid_yaw": [0.5, 1e-06, 0.1], "k_pid_hsp": [0.08983906466724957, 0.011913616277755987, 0.0], "k_pid_vsp": [132.0980422885731, 118.2328980299966, 3.898381522154446]}, "datetime": {"datetime": "2025-08-11 23:33:28", "elapsed": 25688.225222587585, "delta": 18.20553970336914}, "costs": {"total_cost": 183.4610284799903, "time_cost": 71.743, "final_distance_cost": 1.8157196240090103, "oscillation_cost": 23.61529237105048, "completition_cost": 0.0, "overshoot_cost": 51.022515044017545, "power_cost": 14.28113486328125, "noise_cost": 20.98336657763202, "n_waypoints_completed": 9, "tot_waypoints": 9}}
{"target": -191.9929140527748, "params": {"k_pid_pos": [0.3836963917000276, 0.01178653378207561, 0.0006461565925600952], "k_pid_alt": [1.508620083754919, 0.006702952317315599, 0.015305584433956673], "k_pid_att": [50.55123280256896, 0.24509303387286174, 0.906772528714531], "k_pid_yaw": [0.5, 1e-06, 0.1], "k_pid_hsp": [0.12216793319213491, 0.011423534995036523, 0.0], "k_pid_vsp": [123.20515645309617, 71.67442376968137, 5.9407042056964565]}, "datetime": {"datetime": "2025-08-11 23:33:49", "elapsed": 25708.60128760338, "delta": 20.376065015792847}, "costs": {"total_cost": 191.9929140527748, "time_cost": 78.533, "final_distance_cost": 1.8588043114255035, "oscillation_cost": 19.657180135209586, "completition_cost": 0.0, "overshoot_cost": 51.778783238733524, "power_cost": 15.177296813964844, "noise_cost": 24.98784955344135, "n_waypoints_completed": 9, "tot_waypoints": 9}}
{"target": -184.59291879437552, "params": {"k_pid_pos": [0.44657412572345007, 0.005909902701002472, 0.0005646974914694682], "k_pid_alt": [1.5978064975987643, 0.004388177025798824, 0.018135204665374747], "k_pid_att": [36.01903785434023, 0.4643302131938669, 0.9248503991805833], "k_pid_yaw": [0.5, 1e-06, 0.1], "k_pid_hsp": [0.10679117465854726, 0.01008810029487822, 0.0], "k_pid_vsp": [101.07903584815467, 120.36879036725202, 7.115424756224564]}, "datetime": {"datetime": "2025-08-11 23:34:08", "elapsed": 25727.578054189682, "delta": 18.97676658630371}, "costs": {"total_cost": 184.59291879437552, "time_cost": 74.046, "final_distance_cost": 1.847092964098266, "oscillation_cost": 19.92411408857029, "completition_cost": 0.0, "overshoot_cost": 51.56287667904646, "power_cost": 14.500031750488281, "noise_cost": 22.712803312172223, "n_waypoints_completed": 9, "tot_waypoints": 9}}
{"target": -181.99897873482496, "params": {"k_pid_pos": [0.4885254388566565, 0.004380342375415718, 0.0008002177549294467], "k_pid_alt": [1.3949818560126293, 0.0033092217758569765, 0.013592358675198798], "k_pid_att": [59.75072976655172, 0.3572493709143196, 1.0], "k_pid_yaw": [0.5, 1e-06, 0.1], "k_pid_hsp": [0.09359439353088012, 0.0126450736520829, 0.0], "k_pid_vsp": [99.7203315378426, 112.09039796305161, 5.738537309813455]}, "datetime": {"datetime": "2025-08-11 23:34:26", "elapsed": 25745.604640722275, "delta": 18.026586532592773}, "costs": {"total_cost": 181.99897873482496, "time_cost": 72.793, "final_distance_cost": 1.8333333704583155, "oscillation_cost": 20.37477333892619, "completition_cost": 0.0, "overshoot_cost": 50.98298737383262, "power_cost": 14.198368188476563, "noise_cost": 21.816516463131244, "n_waypoints_completed": 9, "tot_waypoints": 9}}
{"target": -185.69186674678807, "params": {"k_pid_pos": [0.6686672407759513, 0.005889276652404009, 0.0008611686667386043], "k_pid_alt": [1.0647095610078339, 0.0078028676212712434, 0.03005471418015185], "k_pid_att": [56.50524036168975, 0.509092772634464, 0.9042953839187599], "k_pid_yaw": [0.5, 1e-06, 0.1], "k_pid_hsp": [0.07318934919418185, 0.008645181896613134, 0.0], "k_pid_vsp": [131.08162359394746, 102.36551572763494, 4.758822069567149]}, "datetime": {"datetime": "2025-08-11 23:34:45", "elapsed": 25764.46616959572, "delta": 18.861528873443604}, "costs": {"total_cost": 185.69186674678807, "time_cost": 73.619, "final_distance_cost": 1.799131444405483, "oscillation_cost": 22.30224741220163, "completition_cost": 0.0, "overshoot_cost": 51.96067987640832, "power_cost": 14.421016577148437, "noise_cost": 21.589791436624182, "n_waypoints_completed": 9, "tot_waypoints": 9}}
{"target": -181.87831486391048, "params": {"k_pid_pos": [0.5501955465770788, 0.009843694337409736, 0.0009509281313585362], "k_pid_alt": [1.3345194420283415, 0.004644320371478381, 0.034145688055172534], "k_pid_att": [29.086100287588135, 0.3954097421146634, 0.90169837122885], "k_pid_yaw": [0.5, 1e-06, 0.1], "k_pid_hsp": [0.09319454584811106, 0.011401661466913378, 0.0], "k_pid_vsp": [55.85680013420517, 83.81215062280755, 2.4284271925732583]}, "datetime": {"datetime": "2025-08-11 23:35:03", "elapsed": 25782.580948591232, "delta": 18.114778995513916}, "costs": {"total_cost": 181.87831486391048, "time_cost": 71.848, "final_distance_cost": 1.8159567577076419, "oscillation_cost": 21.38394875945727, "completition_cost": 0.0, "overshoot_cost": 51.31615812004655, "power_cost": 14.16491845703125, "noise_cost": 21.349332769667747, "n_waypoints_completed": 9, "tot_waypoints": 9}}
{"target": -185.27558785342384, "params": {"k_pid_pos": [0.761427393146335, 0.006274490797175216, 0.0004590033744183627], "k_pid_alt": [0.7656706354685184, 0.004902042095293068, 0.01857286877351673], "k_pid_att": [40.36016288982287, 0.37843500481398173, 0.6903148395635386], "k_pid_yaw": [0.5, 1e-06, 0.1], "k_pid_hsp": [0.10164951311632513, 0.009787057157489164, 0.0], "k_pid_vsp": [72.03107868417538, 113.14874161561924, 6.334884881909859]}, "datetime": {"datetime": "2025-08-11 23:35:21", "elapsed": 25801.05625319481, "delta": 18.47530460357666}, "costs": {"total_cost": 185.27558785342384, "time_cost": 72.044, "final_distance_cost": 1.7928563965956268, "oscillation_cost": 25.23050237751319, "completition_cost": 0.0, "overshoot_cost": 50.85331818774634, "power_cost": 14.446327795410157, "noise_cost": 20.908583096158544, "n_waypoints_completed": 9, "tot_waypoints": 9}}
{"target": -181.69101413639015, "params": {"k_pid_pos": [0.6345943424633157, 0.003681464666535771, 0.0009407972388036181], "k_pid_alt": [1.063712877468022, 0.004685497017065342, 0.025461372571974564], "k_pid_att": [43.109500405948666, 0.34317619533570953, 0.7654072157858837], "k_pid_yaw": [0.5, 1e-06, 0.1], "k_pid_hsp": [0.09831940134516794, 0.007678215832374561, 0.0], "k_pid_vsp": [65.09392098081712, 115.18573186426057, 4.457420073972892]}, "datetime": {"datetime": "2025-08-11 23:35:39", "elapsed": 25818.529333353043, "delta": 17.473080158233643}, "costs": {"total_cost": 181.69101413639015, "time_cost": 71.246, "final_distance_cost": 1.8045177315356982, "oscillation_cost": 22.752535323051173, "completition_cost": 0.0, "overshoot_cost": 50.63904166907634, "power_cost": 14.160938000488281, "noise_cost": 21.087981412238648, "n_waypoints_completed": 9, "tot_waypoints": 9}}
{"target": -182.22200561007696, "params": {"k_pid_pos": [0.6171527457837531, 0.006772263620149665, 0.0005065765742700468], "k_pid_alt": [1.3283875251982205, 0.005114363580432361, 0.026183125770796078], "k_pid_att": [42.99882978311439, 0.3851924014942742, 0.8735086153059636], "k_pid_yaw": [0.5, 1e-06, 0.1], "k_pid_hsp": [0.12379045309218667, 0.006211135843439279, 0.0], "k_pid_vsp": [94.15576853415337, 82.77129840798425, 7.330015494807422]}, "datetime": {"datetime": "2025-08-11 23:35:56", "elapsed": 25836.258356809616, "delta": 17.729023456573486}, "costs": {"total_cost": 182.22200561007696, "time_cost": 71.015, "final_distance_cost": 1.8413259343388113, "oscillation_cost": 23.37267723816608, "completition_cost": 0.0, "overshoot_cost": 50.695117280149475, "power_cost": 14.065282238769532, "noise_cost": 21.232602918653082, "n_waypoints_completed": 9, "tot_waypoints": 9}}
