{"target": -182.6301175364211, "params": {"k_pid_pos": [0.5084953805754783, 0.005185915583381472, 0.0006056839195133445], "k_pid_alt": [1.5707847261439, 0.004068053277661101, 0.008543548456115158], "k_pid_att": [36.655705815471805, 0.4121135773878099, 1.0], "k_pid_yaw": [0.5, 1e-06, 0.1], "k_pid_hsp": [0.10897212866145874, 0.01251456783356539, 0.0], "k_pid_vsp": [141.43791871512266, 127.77614862741723, 5.1584784929311995]}, "datetime": {"datetime": "2025-08-12 01:57:59", "elapsed": 34358.903656721115, "delta": 18.25365138053894}, "costs": {"total_cost": 182.6301175364211, "time_cost": 72.345, "final_distance_cost": 1.8493593435334688, "oscillation_cost": 21.660748282424176, "completition_cost": 0.0, "overshoot_cost": 50.6439347301023, "power_cost": 14.2466525390625, "noise_cost": 21.884422641298684, "n_waypoints_completed": 9, "tot_waypoints": 9}}
{"target": -181.96043338400722, "params": {"k_pid_pos": [0.5576290050716649, 0.007027104884264382, 0.0006879848978059605], "k_pid_alt": [1.0705233338039741, 0.004739345083528484, 0.0071159255057977695], "k_pid_att": [29.2622359629767, 0.3962012865399553, 1.0], "k_pid_yaw": [0.5, 1e-06, 0.1], "k_pid_hsp": [0.08731898106808811, 0.009038116188769714, 0.0], "k_pid_vsp": [133.16946724153112, 117.6456610930572, 6.357780538879429]}, "datetime": {"datetime": "2025-08-12 01:58:18", "elapsed": 34377.49524617195, "delta": 18.59158945083618}, "costs": {"total_cost": 181.96043338400722, "time_cost": 72.373, "final_distance_cost": 1.8348462491702286, "oscillation_cost": 20.84841827682005, "completition_cost": 0.0, "overshoot_cost": 51.351315373979745, "power_cost": 14.166311547851564, "noise_cost": 21.386541936185637, "n_waypoints_completed": 9, "tot_waypoints": 9}}
{"target": -186.31638461502928, "params": {"k_pid_pos": [0.3735669028357491, 0.005800557275304145, 0.0008351656283557907], "k_pid_alt": [1.528488943118304, 0.004283631037826985, 0.006393005972192921], "k_pid_att": [34.18430073182471, 0.32278399425942755, 1.0], "k_pid_yaw": [0.5, 1e-06, 0.1], "k_pid_hsp": [0.09087947001539037, 0.007319591707824602, 0.0], "k_pid_vsp": [111.13780311687385, 119.45247937268603, 4.416609694049509]}, "datetime": {"datetime": "2025-08-12 01:58:37", "elapsed": 34396.88584494591, "delta": 19.3905987739563}, "costs": {"total_cost": 186.31638461502928, "time_cost": 76.783, "final_distance_cost": 1.8532916702904993, "oscillation_cost": 16.900185714976978, "completition_cost": 0.0, "overshoot_cost": 52.25142511341861, "power_cost": 14.772655932617187, "noise_cost": 23.755826183725976, "n_waypoints_completed": 9, "tot_waypoints": 9}}
{"target": -187.7999527023694, "params": {"k_pid_pos": [0.725471824455772, 0.0056378985279591926, 0.0005574519851789602], "k_pid_alt": [0.6048704334367682, 0.0036436355065478272, 0.004856984284103249], "k_pid_att": [19.469780774646495, 0.2128075595087806, 0.6521027015251623], "k_pid_yaw": [0.5, 1e-06, 0.1], "k_pid_hsp": [0.09157845845496804, 0.00794428708359468, 0.0], "k_pid_vsp": [97.04496994758632, 148.8863977432811, 6.349789408610342]}, "datetime": {"datetime": "2025-08-12 01:58:55", "elapsed": 34415.11984205246, "delta": 18.233997106552124}, "costs": {"total_cost": 187.7999527023694, "time_cost": 74.907, "final_distance_cost": 1.804143022156363, "oscillation_cost": 23.899264312355122, "completition_cost": 0.0, "overshoot_cost": 50.775589405919476, "power_cost": 14.799188256835938, "noise_cost": 21.61476770510251, "n_waypoints_completed": 9, "tot_waypoints": 9}}
{"target": -182.42874871938403, "params": {"k_pid_pos": [0.5198257158904483, 0.0062754909372307694, 0.0003973363999576294], "k_pid_alt": [1.5009215616814597, 0.004194967815919581, 0.006449710161521326], "k_pid_att": [21.722733454253774, 0.3157549656389289, 1.0], "k_pid_yaw": [0.5, 1e-06, 0.1], "k_pid_hsp": [0.10591317144762624, 0.010609360576554558, 0.0], "k_pid_vsp": [158.23930903242191, 115.62663231016965, 5.670077221212936]}, "datetime": {"datetime": "2025-08-12 01:59:14", "elapsed": 34434.073299884796, "delta": 18.953457832336426}, "costs": {"total_cost": 182.42874871938403, "time_cost": 72.128, "final_distance_cost": 1.8386942709389111, "oscillation_cost": 21.1506608404297, "completition_cost": 0.0, "overshoot_cost": 51.305183161750314, "power_cost": 14.223752709960937, "noise_cost": 21.782457736304156, "n_waypoints_completed": 9, "tot_waypoints": 9}}
{"target": -182.20782275154892, "params": {"k_pid_pos": [0.6055893850651614, 0.0049526302256855175, 0.0005184734709239985], "k_pid_alt": [1.10364908240566, 0.004597923618184593, 0.009878801231931916], "k_pid_att": [22.867813914604383, 0.3606274453261797, 0.9667619183889674], "k_pid_yaw": [0.5, 1e-06, 0.1], "k_pid_hsp": [0.11332282050217911, 0.009778217604329986, 0.0], "k_pid_vsp": [97.53671353638822, 86.94754710301339, 6.902102477909313]}, "datetime": {"datetime": "2025-08-12 01:59:32", "elapsed": 34451.44158196449, "delta": 17.368282079696655}, "costs": {"total_cost": 182.20782275154892, "time_cost": 71.246, "final_distance_cost": 1.8396225639491544, "oscillation_cost": 23.002174997234583, "completition_cost": 0.0, "overshoot_cost": 50.661199668928056, "power_cost": 14.178837109375001, "noise_cost": 21.279988412062156, "n_waypoints_completed": 9, "tot_waypoints": 9}}
{"target": -185.75098679583576, "params": {"k_pid_pos": [0.6307161942776364, 0.007860237716794258, 0.000758443447237215], "k_pid_alt": [0.6154640054416235, 0.004622759911888285, 0.0020434333540654145], "k_pid_att": [25.568291838693103, 0.2771778408264315, 0.6197362448135417], "k_pid_yaw": [0.5, 1e-06, 0.1], "k_pid_hsp": [0.1097515969420842, 0.007132216960496758, 0.0], "k_pid_vsp": [111.30476823826376, 130.82707394718946, 7.317614690010963]}, "datetime": {"datetime": "2025-08-12 01:59:50", "elapsed": 34469.92208862305, "delta": 18.480506658554077}, "costs": {"total_cost": 185.75098679583576, "time_cost": 73.801, "final_distance_cost": 1.834716860558873, "oscillation_cost": 23.129583321186537, "completition_cost": 0.0, "overshoot_cost": 51.054111958238636, "power_cost": 14.546255432128907, "noise_cost": 21.38531922372283, "n_waypoints_completed": 9, "tot_waypoints": 9}}
{"target": -185.48669897474682, "params": {"k_pid_pos": [0.7351077018594161, 0.005734691619833751, 0.0006453710715377793], "k_pid_alt": [1.1115312214133677, 0.004123656953896601, 0.010312520396777741], "k_pid_att": [34.78582135492885, 0.4802215370362119, 0.8013036723655965], "k_pid_yaw": [0.5, 1e-06, 0.1], "k_pid_hsp": [0.07887402526093953, 0.010616690231947652, 0.0], "k_pid_vsp": [150.54036350007115, 189.11193819841773, 5.314865328066006]}, "datetime": {"datetime": "2025-08-12 02:00:08", "elapsed": 34487.551225185394, "delta": 17.629136562347412}, "costs": {"total_cost": 185.48669897474682, "time_cost": 72.751, "final_distance_cost": 1.7898848128702445, "oscillation_cost": 24.08247813957746, "completition_cost": 0.0, "overshoot_cost": 51.25001786655187, "power_cost": 14.449151733398438, "noise_cost": 21.16416642234882, "n_waypoints_completed": 9, "tot_waypoints": 9}}
{"target": -181.4294251985279, "params": {"k_pid_pos": [0.6216865259252811, 0.005664304400675779, 0.0007684783643124166], "k_pid_alt": [1.4374610617488794, 0.0040559786018299, 0.00621211551069389], "k_pid_att": [44.393190281034435, 0.44188747688651225, 0.9780950459828238], "k_pid_yaw": [0.5, 1e-06, 0.1], "k_pid_hsp": [0.10264080114207465, 0.011724638894770092, 0.0], "k_pid_vsp": [95.78184329024998, 124.18785736920917, 6.5098277019865565]}, "datetime": {"datetime": "2025-08-12 02:00:26", "elapsed": 34505.919929504395, "delta": 18.368704319000244}, "costs": {"total_cost": 181.4294251985279, "time_cost": 70.84, "final_distance_cost": 1.8216631384056954, "oscillation_cost": 23.23612827298341, "completition_cost": 0.0, "overshoot_cost": 50.56463845168267, "power_cost": 14.044496313476563, "noise_cost": 20.922499021979537, "n_waypoints_completed": 9, "tot_waypoints": 9}}
{"target": -183.45759274386396, "params": {"k_pid_pos": [0.451048986473985, 0.006227563213830026, 0.0005089730539325142], "k_pid_alt": [1.9613173903960004, 0.00573102865840936, 0.0042780219495838065], "k_pid_att": [25.515241038993306, 0.3412078239579557, 0.8768259813057834], "k_pid_yaw": [0.5, 1e-06, 0.1], "k_pid_hsp": [0.10243430034050956, 0.0071226588065867085, 0.0], "k_pid_vsp": [127.9673553754377, 172.30258990128377, 6.902331285694047]}, "datetime": {"datetime": "2025-08-12 02:00:45", "elapsed": 34524.394991874695, "delta": 18.475062370300293}, "costs": {"total_cost": 183.45759274386396, "time_cost": 73.815, "final_distance_cost": 1.8403287155375836, "oscillation_cost": 19.397522174318155, "completition_cost": 0.0, "overshoot_cost": 51.651277870556626, "power_cost": 14.393710754394531, "noise_cost": 22.359753229057084, "n_waypoints_completed": 9, "tot_waypoints": 9}}
{"target": -184.7798806154479, "params": {"k_pid_pos": [0.7749296656371382, 0.003535271541847688, 0.0008133622306402984], "k_pid_alt": [1.085331932228927, 0.003949224150292402, 0.0116311107232744], "k_pid_att": [40.90307034980559, 0.4083185155371835, 0.9224004353284233], "k_pid_yaw": [0.5, 1e-06, 0.1], "k_pid_hsp": [0.0866348085858546, 0.004992127850145865, 0.0], "k_pid_vsp": [117.88893117279333, 128.22902486687755, 6.2818881166330955]}, "datetime": {"datetime": "2025-08-12 02:01:03", "elapsed": 34542.85568547249, "delta": 18.46069359779358}, "costs": {"total_cost": 184.7798806154479, "time_cost": 72.191, "final_distance_cost": 1.7852098944398809, "oscillation_cost": 23.887068668390313, "completition_cost": 0.0, "overshoot_cost": 51.28193932847489, "power_cost": 14.399425134277344, "noise_cost": 21.23523758986546, "n_waypoints_completed": 9, "tot_waypoints": 9}}
{"target": -182.46028657460994, "params": {"k_pid_pos": [0.5079854830558936, 0.004820933225632595, 0.0004813429626500701], "k_pid_alt": [1.0419867170215342, 0.004087771573959121, 0.010127113662319416], "k_pid_att": [42.73215495830493, 0.4217666238633933, 0.8865153655832875], "k_pid_yaw": [0.5, 1e-06, 0.1], "k_pid_hsp": [0.09938805832918661, 0.008338740332788743, 0.0], "k_pid_vsp": [132.2577288502946, 134.47927604168873, 5.762613674911601]}, "datetime": {"datetime": "2025-08-12 02:01:23", "elapsed": 34562.464893102646, "delta": 19.60920763015747}, "costs": {"total_cost": 182.46028657460994, "time_cost": 72.842, "final_distance_cost": 1.8355832510154892, "oscillation_cost": 20.452652780088272, "completition_cost": 0.0, "overshoot_cost": 51.289776442762516, "power_cost": 14.251334814453125, "noise_cost": 21.78893928629055, "n_waypoints_completed": 9, "tot_waypoints": 9}}
{"target": -185.18517277496923, "params": {"k_pid_pos": [0.5224126062429034, 0.006477245324757588, 0.0006544377237137914], "k_pid_alt": [0.8776960234911076, 0.004803825419588031, 0.0018088913402273309], "k_pid_att": [36.38437095842374, 0.3725623909559706, 1.0], "k_pid_yaw": [0.5, 1e-06, 0.1], "k_pid_hsp": [0.07334170607308114, 0.009140410592043785, 0.0], "k_pid_vsp": [82.47533059432358, 112.21888729150764, 4.154962167445945]}, "datetime": {"datetime": "2025-08-12 02:01:42", "elapsed": 34581.43605351448, "delta": 18.971160411834717}, "costs": {"total_cost": 185.18517277496923, "time_cost": 75.285, "final_distance_cost": 1.8095635002146506, "oscillation_cost": 19.5518108613272, "completition_cost": 0.0, "overshoot_cost": 51.7754589657581, "power_cost": 14.589557519531251, "noise_cost": 22.17378192813805, "n_waypoints_completed": 9, "tot_waypoints": 9}}
{"target": -182.79511520822203, "params": {"k_pid_pos": [0.4380664943782555, 0.005410943607648628, 0.00043330482975378713], "k_pid_alt": [1.5369074661544504, 0.003399214549850737, 0.00796521382473775], "k_pid_att": [32.82429719863863, 0.2975199877916954, 0.7326331752741367], "k_pid_yaw": [0.5, 1e-06, 0.1], "k_pid_hsp": [0.08242264595558202, 0.009863609888036695, 0.0], "k_pid_vsp": [99.58470186906796, 146.2778929845781, 4.995047833529514]}, "datetime": {"datetime": "2025-08-12 02:02:01", "elapsed": 34600.600502491, "delta": 19.164448976516724}, "costs": {"total_cost": 182.79511520822203, "time_cost": 74.025, "final_distance_cost": 1.8340380580678526, "oscillation_cost": 18.332132565034858, "completition_cost": 0.0, "overshoot_cost": 51.71891304844208, "power_cost": 14.435784484863282, "noise_cost": 22.44924705181396, "n_waypoints_completed": 9, "tot_waypoints": 9}}
{"target": -181.76930487902797, "params": {"k_pid_pos": [0.5755540872769426, 0.0038734796638630804, 0.0007791799399640595], "k_pid_alt": [1.5920793127596442, 0.004464744808229283, 0.0060671815581084644], "k_pid_att": [24.24941687996566, 0.32122875553406893, 0.9525402128476651], "k_pid_yaw": [0.5, 1e-06, 0.1], "k_pid_hsp": [0.10841579713351623, 0.007626424341668723, 0.0], "k_pid_vsp": [70.57092106316418, 99.96225080720819, 6.34366744164333]}, "datetime": {"datetime": "2025-08-12 02:02:19", "elapsed": 34618.41025066376, "delta": 17.80974817276001}, "costs": {"total_cost": 181.76930487902797, "time_cost": 71.351, "final_distance_cost": 1.820814038831078, "oscillation_cost": 22.132232122076115, "completition_cost": 0.0, "overshoot_cost": 51.08506345079945, "power_cost": 14.077055029296876, "noise_cost": 21.303140238024444, "n_waypoints_completed": 9, "tot_waypoints": 9}}
{"target": -182.4992244024631, "params": {"k_pid_pos": [0.5869190704605146, 0.005869995253306614, 0.0007603978634474095], "k_pid_alt": [1.7306168134851154, 0.0029597777748612037, 0.006668426955566849], "k_pid_att": [37.30580049813764, 0.35504530618041125, 0.7183604963721356], "k_pid_yaw": [0.5, 1e-06, 0.1], "k_pid_hsp": [0.12396371497650112, 0.008698866410331756, 0.0], "k_pid_vsp": [145.9506458762788, 141.89456534133987, 6.951169499273793]}, "datetime": {"datetime": "2025-08-12 02:02:37", "elapsed": 34636.71592092514, "delta": 18.305670261383057}, "costs": {"total_cost": 182.4992244024631, "time_cost": 71.141, "final_distance_cost": 1.8294586373431294, "oscillation_cost": 23.311323358652533, "completition_cost": 0.0, "overshoot_cost": 50.698342854089724, "power_cost": 14.151586389160157, "noise_cost": 21.36751316321758, "n_waypoints_completed": 9, "tot_waypoints": 9}}
{"target": -181.94649130673227, "params": {"k_pid_pos": [0.5382627002828118, 0.007243491247216654, 0.0006388793331834086], "k_pid_alt": [1.173778321639978, 0.004620554258399368, 0.005328415670951864], "k_pid_att": [28.424551140144782, 0.25950988761902677, 0.6136749623777799], "k_pid_yaw": [0.5, 1e-06, 0.1], "k_pid_hsp": [0.09328983490563554, 0.005901091572887499, 0.0], "k_pid_vsp": [126.49387501430878, 127.72430774124246, 5.973453358961353]}, "datetime": {"datetime": "2025-08-12 02:02:55", "elapsed": 34654.530993938446, "delta": 17.815073013305664}, "costs": {"total_cost": 181.94649130673227, "time_cost": 72.296, "final_distance_cost": 1.8160720545322435, "oscillation_cost": 20.409162921992536, "completition_cost": 0.0, "overshoot_cost": 51.454131428332325, "power_cost": 14.264286657714845, "noise_cost": 21.7068382441603, "n_waypoints_completed": 9, "tot_waypoints": 9}}
{"target": -181.28107823369382, "params": {"k_pid_pos": [0.6315833997588934, 0.005787076829434529, 0.0004063902669403823], "k_pid_alt": [1.2157505019682324, 0.005429542545266502, 0.004509857804208435], "k_pid_att": [26.66274603491183, 0.21204148647270893, 0.9509138889852977], "k_pid_yaw": [0.5, 1e-06, 0.1], "k_pid_hsp": [0.10279421475192883, 0.010057276075618057, 0.0], "k_pid_vsp": [142.66282701246215, 104.13769601607066, 5.614487572404226]}, "datetime": {"datetime": "2025-08-12 02:03:13", "elapsed": 34672.4086253643, "delta": 17.877631425857544}, "costs": {"total_cost": 181.28107823369382, "time_cost": 70.96600000000001, "final_distance_cost": 1.8313068103737742, "oscillation_cost": 22.71849329512114, "completition_cost": 0.0, "overshoot_cost": 50.72380660615318, "power_cost": 14.040072509765626, "noise_cost": 21.0013990122801, "n_waypoints_completed": 9, "tot_waypoints": 9}}
{"target": -181.8051691148873, "params": {"k_pid_pos": [0.4802199538096761, 0.0052302939775363535, 0.0006960876660922653], "k_pid_alt": [1.466549816548137, 0.003677791821351601, 0.01111525834878998], "k_pid_att": [34.953076417246784, 0.34093716221657094, 0.8665614355869312], "k_pid_yaw": [0.5, 1e-06, 0.1], "k_pid_hsp": [0.08464672999482155, 0.00741946536606453, 0.0], "k_pid_vsp": [109.10200804361908, 88.20337410524753, 7.236765610706442]}, "datetime": {"datetime": "2025-08-12 02:03:31", "elapsed": 34690.82799720764, "delta": 18.419371843338013}, "costs": {"total_cost": 181.8051691148873, "time_cost": 73.178, "final_distance_cost": 1.840116115617677, "oscillation_cost": 18.78718252114488, "completition_cost": 0.0, "overshoot_cost": 51.64413088112664, "power_cost": 14.234653137207031, "noise_cost": 22.121086459791062, "n_waypoints_completed": 9, "tot_waypoints": 9}}
{"target": -182.51049438915132, "params": {"k_pid_pos": [0.5089238073700241, 0.00668194963951993, 0.00045032951992257224], "k_pid_alt": [1.3256912085232877, 0.004460709296034521, 0.008239091885383793], "k_pid_att": [31.999654734267395, 0.41333796938205786, 0.6866074407162067], "k_pid_yaw": [0.5, 1e-06, 0.1], "k_pid_hsp": [0.10025275528703904, 0.00861361153991761, 0.0], "k_pid_vsp": [142.8694014571683, 103.5234811065672, 5.886388681098285]}, "datetime": {"datetime": "2025-08-12 02:03:50", "elapsed": 34709.385900735855, "delta": 18.5579035282135}, "costs": {"total_cost": 182.51049438915132, "time_cost": 72.38, "final_distance_cost": 1.8261338061362793, "oscillation_cost": 20.70024425289667, "completition_cost": 0.0, "overshoot_cost": 51.57274410452509, "power_cost": 14.241041247558595, "noise_cost": 21.790330978034692, "n_waypoints_completed": 9, "tot_waypoints": 9}}
{"target": -182.1253110089866, "params": {"k_pid_pos": [0.6076783414209467, 0.00956679036751086, 0.0006604075733243961], "k_pid_alt": [1.4149491684559372, 0.003851266961704572, 0.008051374849214468], "k_pid_att": [31.975156860266296, 0.34587921941180605, 0.8228811500996841], "k_pid_yaw": [0.5, 1e-06, 0.1], "k_pid_hsp": [0.09278127158614184, 0.010333916854745832, 0.0], "k_pid_vsp": [150.26233309241977, 164.07785258819152, 6.665626572778688]}, "datetime": {"datetime": "2025-08-12 02:04:08", "elapsed": 34727.86908507347, "delta": 18.483184337615967}, "costs": {"total_cost": 182.1253110089866, "time_cost": 71.414, "final_distance_cost": 1.8253892252482318, "oscillation_cost": 22.27741101834466, "completition_cost": 0.0, "overshoot_cost": 51.15861711258426, "power_cost": 14.236030895996095, "noise_cost": 21.213862756813377, "n_waypoints_completed": 9, "tot_waypoints": 9}}
{"target": -182.05445846772793, "params": {"k_pid_pos": [0.5643247416546501, 0.005787856965391494, 0.0006518784729951254], "k_pid_alt": [1.490830992458499, 0.004239825256106732, 0.00824700492314182], "k_pid_att": [35.580370569715136, 0.41060387053050834, 0.6862474867455554], "k_pid_yaw": [0.5, 1e-06, 0.1], "k_pid_hsp": [0.09957893001195307, 0.006769993601947207, 0.0], "k_pid_vsp": [89.48572107198022, 58.129681815335914, 5.433809861529729]}, "datetime": {"datetime": "2025-08-12 02:04:26", "elapsed": 34745.93663311005, "delta": 18.067548036575317}, "costs": {"total_cost": 182.05445846772793, "time_cost": 71.708, "final_distance_cost": 1.8258316980384968, "oscillation_cost": 21.243933950019308, "completition_cost": 0.0, "overshoot_cost": 51.70902454501648, "power_cost": 14.081200207519531, "noise_cost": 21.486468067134105, "n_waypoints_completed": 9, "tot_waypoints": 9}}
{"target": -183.18252941495228, "params": {"k_pid_pos": [0.48929947138479885, 0.006448314523020314, 0.0007087988091875889], "k_pid_alt": [1.1154151543588726, 0.005376907297432127, 0.011207807704502673], "k_pid_att": [28.72133165857495, 0.43727476892196715, 0.8012393645414996], "k_pid_yaw": [0.5, 1e-06, 0.1], "k_pid_hsp": [0.10278626631215398, 0.009488281238050488, 0.0], "k_pid_vsp": [136.2058271944792, 130.6688187125562, 3.6172340289664398]}, "datetime": {"datetime": "2025-08-12 02:04:45", "elapsed": 34764.5100646019, "delta": 18.573431491851807}, "costs": {"total_cost": 183.18252941495228, "time_cost": 73.066, "final_distance_cost": 1.833097618649029, "oscillation_cost": 20.497931021033644, "completition_cost": 0.0, "overshoot_cost": 51.504789424302864, "power_cost": 14.324873706054689, "noise_cost": 21.955837644912076, "n_waypoints_completed": 9, "tot_waypoints": 9}}
{"target": -182.1174406284245, "params": {"k_pid_pos": [0.6130641818699261, 0.006592725169118317, 0.0006435816906487878], "k_pid_alt": [1.5886490676584728, 0.004769688252963314, 0.007140382337783336], "k_pid_att": [35.97110481343955, 0.4459070632579807, 0.6793638078605762], "k_pid_yaw": [0.5, 1e-06, 0.1], "k_pid_hsp": [0.09969371719002301, 0.008824536492265228, 0.0], "k_pid_vsp": [86.67726510533055, 79.82325261716802, 5.74301458129412]}, "datetime": {"datetime": "2025-08-12 02:05:02", "elapsed": 34781.78727912903, "delta": 17.277214527130127}, "costs": {"total_cost": 182.1174406284245, "time_cost": 71.148, "final_distance_cost": 1.831224631766421, "oscillation_cost": 22.61043486827065, "completition_cost": 0.0, "overshoot_cost": 51.21883267131227, "power_cost": 14.110589111328126, "noise_cost": 21.19835934574704, "n_waypoints_completed": 9, "tot_waypoints": 9}}
{"target": -183.12920025287423, "params": {"k_pid_pos": [0.5129391190278169, 0.004826861637486287, 0.0007860083746884494], "k_pid_alt": [1.977149808531754, 0.004635290259358417, 0.003939377228797922], "k_pid_att": [36.984010506930495, 0.35122652913606056, 0.9249874390184757], "k_pid_yaw": [0.5, 1e-06, 0.1], "k_pid_hsp": [0.11848683844398951, 0.008607782086953628, 0.0], "k_pid_vsp": [119.16172763356138, 114.78664999362582, 5.296728095553565]}, "datetime": {"datetime": "2025-08-12 02:05:20", "elapsed": 34800.2087392807, "delta": 18.421460151672363}, "costs": {"total_cost": 183.12920025287423, "time_cost": 72.485, "final_distance_cost": 1.8424382164357054, "oscillation_cost": 21.630984418907023, "completition_cost": 0.0, "overshoot_cost": 50.864217580303716, "power_cost": 14.28323260498047, "noise_cost": 22.0233274322473, "n_waypoints_completed": 9, "tot_waypoints": 9}}
