{"target": -184.16684551554644, "params": {"k_pid_pos": [0.7522343450190442, 0.04473310120030643, 0.023386101484927226], "k_pid_alt": [1.804662829527053, 0.011999370728644333, 0.0], "k_pid_att": [20.167412980549436, 0.9299629161862685, 0.4151739134937749], "k_pid_yaw": [0.5, 1e-06, 0.1], "k_pid_hsp": [0.191441345040493, 0.015020510959843582, 0.0], "k_pid_vsp": [162.81368077470057, 73.57499506172348, 2.871787514785025]}, "datetime": {"datetime": "2025-08-11 19:54:51", "elapsed": 12570.655256271362, "delta": 17.35702395439148}, "costs": {"total_cost": 184.16684551554644, "time_cost": 70.273, "final_distance_cost": 1.833658927378726, "oscillation_cost": 25.823181326482143, "completition_cost": 0.0, "overshoot_cost": 50.74978582711244, "power_cost": 14.355513671875, "noise_cost": 21.131705762698157, "n_waypoints_completed": 9, "tot_waypoints": 9}}
{"target": -186.40303685477613, "params": {"k_pid_pos": [0.8714563211858124, 0.03603126076289736, 0.022777522997187005], "k_pid_alt": [1.714246781322806, 0.003536228196075212, 0.0], "k_pid_att": [23.73996566134328, 0.23984527422431492, 0.4725870519255659], "k_pid_yaw": [0.5, 1e-06, 0.1], "k_pid_hsp": [0.10319843907663882, 0.013737671364773878, 0.0], "k_pid_vsp": [138.95742601624158, 54.07694895578779, 4.057656214282862]}, "datetime": {"datetime": "2025-08-11 19:55:09", "elapsed": 12588.837422847748, "delta": 18.182166576385498}, "costs": {"total_cost": 186.40303685477613, "time_cost": 71.435, "final_distance_cost": 1.7965049654940504, "oscillation_cost": 26.93335443609948, "completition_cost": 0.0, "overshoot_cost": 50.67160143589765, "power_cost": 14.495596728515626, "noise_cost": 21.07097928876931, "n_waypoints_completed": 9, "tot_waypoints": 9}}
{"target": -192.64427148118742, "params": {"k_pid_pos": [0.47722426083040087, 0.0987148879497622, 0.04337097648631951], "k_pid_alt": [1.0362307834284596, 0.0102227163487172, 0.004353676862543725], "k_pid_att": [13.76707166445082, 1.3701084940218358, 0.46565124732046526], "k_pid_yaw": [0.5, 1e-06, 0.1], "k_pid_hsp": [0.1384347202817083, 0.004243953032524028, 0.0], "k_pid_vsp": [94.28933500229665, 47.22440664117685, 2.921951734447589]}, "datetime": {"datetime": "2025-08-11 19:55:28", "elapsed": 12607.92278957367, "delta": 19.08536672592163}, "costs": {"total_cost": 192.64427148118742, "time_cost": 77.525, "final_distance_cost": 1.8385015309514459, "oscillation_cost": 21.770198867658547, "completition_cost": 0.0, "overshoot_cost": 52.598547360838054, "power_cost": 15.070909008789064, "noise_cost": 23.841114712950287, "n_waypoints_completed": 9, "tot_waypoints": 9}}
{"target": -190.90211367442132, "params": {"k_pid_pos": [0.6498080569994232, 0.02976915673676855, 0.007448096710903123], "k_pid_alt": [2.0, 0.010730047310195917, 0.01737059934123174], "k_pid_att": [22.49259937143439, 1.7287170748194611, 0.33290975967835174], "k_pid_yaw": [0.5, 1e-06, 0.1], "k_pid_hsp": [0.05699847030914135, 0.01626951612032999, 0.0], "k_pid_vsp": [84.67149083694618, 18.740358057313134, 3.3094479110603454]}, "datetime": {"datetime": "2025-08-11 19:55:47", "elapsed": 12626.443754196167, "delta": 18.52096462249756}, "costs": {"total_cost": 190.90211367442132, "time_cost": 75.551, "final_distance_cost": 1.7930333180845397, "oscillation_cost": 23.067518479287205, "completition_cost": 0.0, "overshoot_cost": 53.179191450527405, "power_cost": 14.835475964355469, "noise_cost": 22.475894462166675, "n_waypoints_completed": 9, "tot_waypoints": 9}}
{"target": -184.50671740072585, "params": {"k_pid_pos": [0.7549483160732402, 0.05199709903104525, 0.030072857941853968], "k_pid_alt": [1.385612878584233, 0.014794440857068346, 0.03745141876905986], "k_pid_att": [20.796952239091777, 1.4207244568429924, 0.23942929502259291], "k_pid_yaw": [0.5, 1e-06, 0.1], "k_pid_hsp": [0.15314314418471844, 0.00524172628142431, 0.0], "k_pid_vsp": [15.326088035616033, 46.11688577593998, 1.790546483535976]}, "datetime": {"datetime": "2025-08-11 19:56:05", "elapsed": 12644.76847076416, "delta": 18.324716567993164}, "costs": {"total_cost": 184.50671740072585, "time_cost": 70.651, "final_distance_cost": 1.8126696814726235, "oscillation_cost": 25.282689162015803, "completition_cost": 0.0, "overshoot_cost": 51.260208033548565, "power_cost": 14.287936328125001, "noise_cost": 21.212214195563874, "n_waypoints_completed": 9, "tot_waypoints": 9}}
{"target": -187.27718602020724, "params": {"k_pid_pos": [0.593760924306603, 0.020020907157716396, 0.01740704444884132], "k_pid_alt": [1.2094192108878747, 0.015316296463766657, 0.0], "k_pid_att": [29.4814501188887, 1.0813615861602166, 0.3267372276902795], "k_pid_yaw": [0.5, 1e-06, 0.1], "k_pid_hsp": [0.13759455169836873, 0.009717498784927515, 0.0], "k_pid_vsp": [120.45566603997081, 8.917922239900838, 3.3845894935219163]}, "datetime": {"datetime": "2025-08-11 19:56:26", "elapsed": 12665.973388910294, "delta": 21.204918146133423}, "costs": {"total_cost": 187.27718602020724, "time_cost": 72.807, "final_distance_cost": 1.8385121601159966, "oscillation_cost": 23.68157015133396, "completition_cost": 0.0, "overshoot_cost": 52.13078529266594, "power_cost": 14.343787207031252, "noise_cost": 22.475531209060065, "n_waypoints_completed": 9, "tot_waypoints": 9}}
{"target": -188.71454498245424, "params": {"k_pid_pos": [0.88341087332114, 0.05026808669662461, 0.043260104444231985], "k_pid_alt": [1.285887513589769, 0.009988380031285604, 0.0], "k_pid_att": [18.181869890519014, 0.8969045460614385, 0.22993911686401322], "k_pid_yaw": [0.5, 1e-06, 0.1], "k_pid_hsp": [0.07937547310988531, 0.007657421545747202, 0.0], "k_pid_vsp": [158.16475489085866, 78.69923145960722, 4.022727873601305]}, "datetime": {"datetime": "2025-08-11 19:56:47", "elapsed": 12686.83974647522, "delta": 20.866357564926147}, "costs": {"total_cost": 188.71454498245424, "time_cost": 73.276, "final_distance_cost": 1.7734208396852469, "oscillation_cost": 25.89495493342149, "completition_cost": 0.0, "overshoot_cost": 51.574540277144216, "power_cost": 14.623697192382814, "noise_cost": 21.571931739820485, "n_waypoints_completed": 9, "tot_waypoints": 9}}
{"target": -190.6835836588366, "params": {"k_pid_pos": [0.5565854431816326, 0.046738969446696206, 0.04164916990269189], "k_pid_alt": [0.9556670308481819, 0.00866429235568533, 0.02827229382679691], "k_pid_att": [17.21637015899941, 1.132262488854255, 0.45376468082789784], "k_pid_yaw": [0.5, 1e-06, 0.1], "k_pid_hsp": [0.0569061506976408, 0.01148229709782031, 0.0], "k_pid_vsp": [88.9960854394891, 34.4645369342293, 4.188304776280618]}, "datetime": {"datetime": "2025-08-11 19:57:07", "elapsed": 12707.049631118774, "delta": 20.209884643554688}, "costs": {"total_cost": 190.6835836588366, "time_cost": 77.609, "final_distance_cost": 1.8118298122711058, "oscillation_cost": 19.742751809611782, "completition_cost": 0.0, "overshoot_cost": 53.60766446565798, "power_cost": 14.886677368164063, "noise_cost": 23.025660203131665, "n_waypoints_completed": 9, "tot_waypoints": 9}}
{"target": -209.47382808870026, "params": {"k_pid_pos": [0.979424955464736, 0.06008619979011065, 0.0], "k_pid_alt": [0.7069251456729072, 0.008622042396022362, 0.0], "k_pid_att": [24.833907850622893, 0.8341699322837153, 0.27905303797673137], "k_pid_yaw": [0.5, 1e-06, 0.1], "k_pid_hsp": [0.04528714918923943, 0.009720485984923453, 0.0], "k_pid_vsp": [130.99707509675258, 112.25642986789263, 1.4645800268601847]}, "datetime": {"datetime": "2025-08-11 19:57:29", "elapsed": 12728.786128759384, "delta": 21.73649764060974}, "costs": {"total_cost": 209.47382808870026, "time_cost": 86.492, "final_distance_cost": 1.7637207111986624, "oscillation_cost": 25.38770976424016, "completition_cost": 0.0, "overshoot_cost": 54.31719403088741, "power_cost": 16.66956708984375, "noise_cost": 24.8436364925303, "n_waypoints_completed": 9, "tot_waypoints": 9}}
{"target": -250.11042661336873, "params": {"k_pid_pos": [0.16018452664057384, 0.09233599484614576, 0.04938947207203701], "k_pid_alt": [2.0, 0.009257240504719875, 0.017598014531145633], "k_pid_att": [8.86931779564614, 1.4223491696388528, 0.36986847780029847], "k_pid_yaw": [0.5, 1e-06, 0.1], "k_pid_hsp": [0.2006284918702822, 0.00990935659729369, 0.0], "k_pid_vsp": [106.64590870254166, 45.54681568929008, 3.1523644427204167]}, "datetime": {"datetime": "2025-08-11 19:57:57", "elapsed": 12756.547798633575, "delta": 27.761669874191284}, "costs": {"total_cost": 250.11042661336873, "time_cost": 113.428, "final_distance_cost": 1.8547025922763145, "oscillation_cost": 14.635081681703051, "completition_cost": 0.0, "overshoot_cost": 61.593993526748136, "power_cost": 20.921910473632813, "noise_cost": 37.67673833900843, "n_waypoints_completed": 9, "tot_waypoints": 9}}
{"target": -188.29129356053306, "params": {"k_pid_pos": [0.6765698620814463, 0.050175549016670616, 0.0], "k_pid_alt": [0.7220708508828011, 0.006751015749554535, 0.0077301640502365305], "k_pid_att": [23.879133197476477, 1.3118640131046024, 0.33190009241599006], "k_pid_yaw": [0.5, 1e-06, 0.1], "k_pid_hsp": [0.24192855144776973, 0.00823027161272373, 0.0], "k_pid_vsp": [156.88519236112643, 45.94366499090963, 2.8970927355598692]}, "datetime": {"datetime": "2025-08-11 19:58:15", "elapsed": 12774.981220960617, "delta": 18.433422327041626}, "costs": {"total_cost": 188.29129356053306, "time_cost": 72.989, "final_distance_cost": 1.841269820832227, "oscillation_cost": 25.81429689762794, "completition_cost": 0.0, "overshoot_cost": 51.08174366216735, "power_cost": 14.661047875976562, "noise_cost": 21.903935303928996, "n_waypoints_completed": 9, "tot_waypoints": 9}}
{"target": -260.1196690183684, "params": {"k_pid_pos": [0.17693328945044554, 0.03733242161115604, 0.046179975515090003], "k_pid_alt": [1.124255119834328, 0.012155943270033711, 0.0], "k_pid_att": [13.47207588959106, 0.9133086546064719, 0.45618528853947565], "k_pid_yaw": [0.5, 1e-06, 0.1], "k_pid_hsp": [0.09489737909093603, 0.009738353414845078, 0.0], "k_pid_vsp": [191.91383537440188, 54.3764146336765, 4.542435424913767]}, "datetime": {"datetime": "2025-08-11 19:58:45", "elapsed": 12804.520227909088, "delta": 29.53900694847107}, "costs": {"total_cost": 260.1196690183684, "time_cost": 119.21000000000001, "final_distance_cost": 1.859768959742241, "oscillation_cost": 12.252102858569831, "completition_cost": 0.0, "overshoot_cost": 62.241390481773855, "power_cost": 21.76393161621094, "noise_cost": 42.792475102071535, "n_waypoints_completed": 9, "tot_waypoints": 9}}
{"target": -200.1967206179865, "params": {"k_pid_pos": [0.35418588658179173, 0.045384270922961455, 0.015624686709507367], "k_pid_alt": [1.5148802133812964, 0.010623503493200237, 0.04690107027978436], "k_pid_att": [36.17716111730634, 0.7488934336416283, 0.21497517235888], "k_pid_yaw": [0.5, 1e-06, 0.1], "k_pid_hsp": [0.06022774336087346, 0.008244844689074132, 0.0], "k_pid_vsp": [103.94194172395721, 58.97738227853322, 3.2004484380428555]}, "datetime": {"datetime": "2025-08-11 19:59:06", "elapsed": 12825.4566488266, "delta": 20.936420917510986}, "costs": {"total_cost": 200.1967206179865, "time_cost": 86.086, "final_distance_cost": 1.8180131777442463, "oscillation_cost": 15.256744374326422, "completition_cost": 0.0, "overshoot_cost": 54.620834008642014, "power_cost": 16.208603491210937, "noise_cost": 26.206525566062865, "n_waypoints_completed": 9, "tot_waypoints": 9}}
{"target": -1256.5943115079804, "params": {"k_pid_pos": [0.0001, 0.057688657391929826, 0.008609587018616034], "k_pid_alt": [1.6839812475504272, 0.014556131431692168, 0.036877062408358696], "k_pid_att": [9.742558614347582, 1.400215641123704, 0.7292547393788332], "k_pid_yaw": [0.5, 1e-06, 0.1], "k_pid_hsp": [0.17807778608329272, 0.011322953917428089, 0.0], "k_pid_vsp": [287.39361569286973, 45.5852509101706, 2.49959512420819]}, "datetime": {"datetime": "2025-08-11 19:59:35", "elapsed": 12855.206979990005, "delta": 29.750331163406372}, "costs": {"total_cost": 1256.5943115079804, "time_cost": 150, "final_distance_cost": 63.00182631836656, "oscillation_cost": 0.5543711070640848, "completition_cost": 888.8888888888888, "overshoot_cost": 100.04522968651038, "power_cost": 21.035965234375002, "noise_cost": 33.06803027277558, "n_waypoints_completed": 1, "tot_waypoints": 9}}
{"target": -188.27844048147688, "params": {"k_pid_pos": [0.44502165219202267, 0.03132803616961772, 0.042905235923358515], "k_pid_alt": [1.2159473031234225, 0.00444097269057754, 0.010752088846479796], "k_pid_att": [9.544902478935237, 0.5743299323418417, 0.7197451790777789], "k_pid_yaw": [0.5, 1e-06, 0.1], "k_pid_hsp": [0.12281524449881147, 0.004949315652761769, 0.0], "k_pid_vsp": [240.3206702553565, 44.6117137687487, 2.4493367811295985]}, "datetime": {"datetime": "2025-08-11 19:59:54", "elapsed": 12874.042684316635, "delta": 18.83570432662964}, "costs": {"total_cost": 188.27844048147688, "time_cost": 76.181, "final_distance_cost": 1.8473879559752373, "oscillation_cost": 19.679594693322105, "completition_cost": 0.0, "overshoot_cost": 52.27510117284623, "power_cost": 14.764857336425782, "noise_cost": 23.530499322907538, "n_waypoints_completed": 9, "tot_waypoints": 9}}
{"target": -192.21173423633985, "params": {"k_pid_pos": [0.4294208961676918, 0.06358881891664832, 0.02668496762852644], "k_pid_alt": [1.9313495007167252, 0.009529523079259422, 0.04437128245555761], "k_pid_att": [22.5011818541891, 1.1083787228969093, 1.0], "k_pid_yaw": [0.5, 1e-06, 0.1], "k_pid_hsp": [0.12026287159493808, 0.01617271749869026, 0.0], "k_pid_vsp": [7.415424053602834, 70.46537478129785, 2.0564329127038348]}, "datetime": {"datetime": "2025-08-11 20:00:13", "elapsed": 12892.966557264328, "delta": 18.92387294769287}, "costs": {"total_cost": 192.21173423633985, "time_cost": 75.488, "final_distance_cost": 1.8417956120380758, "oscillation_cost": 24.164902459440206, "completition_cost": 0.0, "overshoot_cost": 52.901503109166846, "power_cost": 16.301074084472656, "noise_cost": 21.51445897122211, "n_waypoints_completed": 9, "tot_waypoints": 9}}
{"target": -187.4121304906799, "params": {"k_pid_pos": [0.6267302613488327, 0.034607583881427074, 0.04079772172280214], "k_pid_alt": [1.3079472998708324, 0.0057557848906751785, 0.03404773719503019], "k_pid_att": [18.863044008122532, 1.4452315559815767, 0.39617799887846683], "k_pid_yaw": [0.5, 1e-06, 0.1], "k_pid_hsp": [0.09246795896505507, 0.012810806336936641, 0.0], "k_pid_vsp": [187.04637505935736, 11.785154939746233, 3.109438156250905]}, "datetime": {"datetime": "2025-08-11 20:00:31", "elapsed": 12910.685353755951, "delta": 17.718796491622925}, "costs": {"total_cost": 187.4121304906799, "time_cost": 73.92, "final_distance_cost": 1.8212732333430453, "oscillation_cost": 23.163856909805805, "completition_cost": 0.0, "overshoot_cost": 51.978939012846, "power_cost": 14.518200341796875, "noise_cost": 22.009860992888207, "n_waypoints_completed": 9, "tot_waypoints": 9}}
{"target": -186.69949859054068, "params": {"k_pid_pos": [0.7968827977346494, 0.02534999573014617, 0.0], "k_pid_alt": [1.9630746067290248, 0.009160373194855324, 0.07180980216474146], "k_pid_att": [28.91442775235011, 1.0769554164162136, 0.38492943045417416], "k_pid_yaw": [0.5, 1e-06, 0.1], "k_pid_hsp": [0.08482558431288284, 0.01875886254190007, 0.0], "k_pid_vsp": [80.49179282108308, 64.86326896410202, 1.0275318514125558]}, "datetime": {"datetime": "2025-08-11 20:00:48", "elapsed": 12928.091487407684, "delta": 17.4061336517334}, "costs": {"total_cost": 186.69949859054068, "time_cost": 71.70100000000001, "final_distance_cost": 1.8156908250639379, "oscillation_cost": 26.8297276432933, "completition_cost": 0.0, "overshoot_cost": 50.84107281456086, "power_cost": 14.607309057617188, "noise_cost": 20.904698250005392, "n_waypoints_completed": 9, "tot_waypoints": 9}}
{"target": -185.11824123347606, "params": {"k_pid_pos": [0.8835092711099067, 0.033980071529090466, 0.022462389953911626], "k_pid_alt": [2.0, 0.008211035974441025, 0.042604397954208985], "k_pid_att": [16.659145778858953, 1.0186289600406446, 0.06648085770538659], "k_pid_yaw": [0.5, 1e-06, 0.1], "k_pid_hsp": [0.14508911072816574, 0.007436372290795699, 0.0], "k_pid_vsp": [234.2934857399329, 78.53499323672338, 5.088203241217269]}, "datetime": {"datetime": "2025-08-11 20:01:06", "elapsed": 12945.791467666626, "delta": 17.69998025894165}, "costs": {"total_cost": 185.11824123347606, "time_cost": 69.97200000000001, "final_distance_cost": 1.8114678423744162, "oscillation_cost": 27.400060242627763, "completition_cost": 0.0, "overshoot_cost": 50.81757926075011, "power_cost": 14.282951806640625, "noise_cost": 20.834182081083142, "n_waypoints_completed": 9, "tot_waypoints": 9}}
{"target": -190.40606894291156, "params": {"k_pid_pos": [0.33440013867023594, 0.02173145171483683, 0.0], "k_pid_alt": [1.9231722908201248, 0.003803618113980093, 0.047655889593007976], "k_pid_att": [17.52523553055693, 0.786796841241426, 0.6937622343979476], "k_pid_yaw": [0.5, 1e-06, 0.1], "k_pid_hsp": [0.09463698771514557, 0.0058650219923025715, 0.0], "k_pid_vsp": [170.26992326890374, 48.37801437607493, 2.4367905647099293]}, "datetime": {"datetime": "2025-08-11 20:01:25", "elapsed": 12965.23449587822, "delta": 19.443028211593628}, "costs": {"total_cost": 190.40606894291156, "time_cost": 79.072, "final_distance_cost": 1.8476872664747779, "oscillation_cost": 15.889779016251332, "completition_cost": 0.0, "overshoot_cost": 53.653763193366046, "power_cost": 15.13658817138672, "noise_cost": 24.806251295432702, "n_waypoints_completed": 9, "tot_waypoints": 9}}
{"target": -183.8077186560528, "params": {"k_pid_pos": [0.6686959113268102, 0.015562543881737079, 0.01146619021371883], "k_pid_alt": [2.0, 0.0032447496509079403, 0.0997654721520269], "k_pid_att": [29.8301207207461, 0.5804746330860483, 0.16322520763576875], "k_pid_yaw": [0.5, 1e-06, 0.1], "k_pid_hsp": [0.14712420611887786, 0.006739317596837445, 0.0], "k_pid_vsp": [131.49839565042166, 71.57635531658745, 4.311249669503474]}, "datetime": {"datetime": "2025-08-11 20:01:43", "elapsed": 12982.957435369492, "delta": 17.722939491271973}, "costs": {"total_cost": 183.8077186560528, "time_cost": 70.735, "final_distance_cost": 1.8346231003545457, "oscillation_cost": 24.21528422813843, "completition_cost": 0.0, "overshoot_cost": 51.43516310881262, "power_cost": 14.245707165527344, "noise_cost": 21.34194105321986, "n_waypoints_completed": 9, "tot_waypoints": 9}}
{"target": -187.0404218737416, "params": {"k_pid_pos": [0.898925426228875, 0.026439064560286867, 0.026995363071951117], "k_pid_alt": [2.0, 0.0, 0.029481525149731513], "k_pid_att": [11.297833219553885, 1.0689346502209318, 0.5568628661169628], "k_pid_yaw": [0.5, 1e-06, 0.1], "k_pid_hsp": [0.09642154032045318, 0.015867407078237614, 0.0], "k_pid_vsp": [133.8029638452028, 57.905327974399974, 3.233209456594348]}, "datetime": {"datetime": "2025-08-11 20:02:01", "elapsed": 13000.435037851334, "delta": 17.47760248184204}, "costs": {"total_cost": 187.0404218737416, "time_cost": 71.246, "final_distance_cost": 1.8003793259112186, "oscillation_cost": 27.73989768338314, "completition_cost": 0.0, "overshoot_cost": 50.718546253450825, "power_cost": 14.560466943359376, "noise_cost": 20.975131667637015, "n_waypoints_completed": 9, "tot_waypoints": 9}}
{"target": -183.2107125943407, "params": {"k_pid_pos": [0.5444855676894854, 0.021225768399964536, 0.02286239366802124], "k_pid_alt": [2.0, 0.006390302858893496, 0.041938220362548045], "k_pid_att": [25.91974971076939, 0.8205269750935003, 0.2211529569168855], "k_pid_yaw": [0.5, 1e-06, 0.1], "k_pid_hsp": [0.10047121969404038, 0.007721833288715137, 0.0], "k_pid_vsp": [76.09384839096266, 40.16222215524169, 3.2605090079836714]}, "datetime": {"datetime": "2025-08-11 20:02:18", "elapsed": 13017.9403424263, "delta": 17.50530457496643}, "costs": {"total_cost": 183.2107125943407, "time_cost": 72.429, "final_distance_cost": 1.827760337985613, "oscillation_cost": 20.8435119247208, "completition_cost": 0.0, "overshoot_cost": 52.05995667028212, "power_cost": 14.228828833007814, "noise_cost": 21.821654828344343, "n_waypoints_completed": 9, "tot_waypoints": 9}}
{"target": -191.97819037267485, "params": {"k_pid_pos": [1.1309595621804183, 0.07424496307502453, 0.007927436967014624], "k_pid_alt": [2.0, 0.021552061925300767, 0.035376443217488944], "k_pid_att": [22.488208863780915, 1.0701417902841477, 0.4461467382063918], "k_pid_yaw": [0.5, 1e-06, 0.1], "k_pid_hsp": [0.09396505277354102, 0.00488768482002087, 0.0], "k_pid_vsp": [123.14464005285471, 63.557991815780944, 2.2946129282392067]}, "datetime": {"datetime": "2025-08-11 20:02:36", "elapsed": 13035.93330168724, "delta": 17.99295926094055}, "costs": {"total_cost": 191.97819037267485, "time_cost": 73.08, "final_distance_cost": 1.8008251464286962, "oscillation_cost": 28.96150574449342, "completition_cost": 0.0, "overshoot_cost": 51.682841978921516, "power_cost": 14.956600097656251, "noise_cost": 21.49641740517496, "n_waypoints_completed": 9, "tot_waypoints": 9}}
{"target": -185.19283207647754, "params": {"k_pid_pos": [0.8202339071905834, 0.04005074314136329, 0.026478376017323293], "k_pid_alt": [2.0, 0.012069963123486181, 0.04239854285170763], "k_pid_att": [19.412933718236925, 1.0107128064139834, 0.35702400173688126], "k_pid_yaw": [0.5, 1e-06, 0.1], "k_pid_hsp": [0.12979650518446534, 0.012436702231515988, 0.0], "k_pid_vsp": [155.44123912304403, 41.52947566913459, 1e-06]}, "datetime": {"datetime": "2025-08-11 20:02:54", "elapsed": 13053.764981508255, "delta": 17.831679821014404}, "costs": {"total_cost": 185.19283207647754, "time_cost": 70.49, "final_distance_cost": 1.8270505619026485, "oscillation_cost": 26.330459015166262, "completition_cost": 0.0, "overshoot_cost": 51.42193225390796, "power_cost": 14.260392883300781, "noise_cost": 20.86299736219991, "n_waypoints_completed": 9, "tot_waypoints": 9}}
