{"target": -184.06628558914096, "params": {"k_pid_pos": [0.4608778596245419, 0.0049469698191389085, 0.0005099314384729711], "k_pid_alt": [1.2991424895846908, 0.004835974195664879, 0.009095495988368117], "k_pid_att": [42.598579415552024, 0.26033333371529577, 0.6504408568083803], "k_pid_yaw": [0.5, 1e-06, 0.1], "k_pid_hsp": [0.10730794646976176, 0.009030280366488763, 0.0], "k_pid_vsp": [120.8775971737178, 127.16168186859265, 7.1151832833337565]}, "datetime": {"datetime": "2025-08-12 04:32:59", "elapsed": 43658.923414468765, "delta": 19.389848232269287}, "costs": {"total_cost": 184.06628558914096, "time_cost": 73.682, "final_distance_cost": 1.8473078473027433, "oscillation_cost": 20.3314327191258, "completition_cost": 0.0, "overshoot_cost": 51.30105173677553, "power_cost": 14.405220642089844, "noise_cost": 22.499272643847036, "n_waypoints_completed": 9, "tot_waypoints": 9}}
{"target": -182.8235085665557, "params": {"k_pid_pos": [0.47507283216427404, 0.00613842405248791, 0.0004913308460939096], "k_pid_alt": [1.6543866326532684, 0.0051616327225481266, 0.010681475831805726], "k_pid_att": [36.04230091062543, 0.35298191568673826, 0.7713127475927339], "k_pid_yaw": [0.5, 1e-06, 0.1], "k_pid_hsp": [0.0998829334341944, 0.009040840463092214, 0.0], "k_pid_vsp": [98.01283250722027, 120.63482477387397, 5.990284189560942]}, "datetime": {"datetime": "2025-08-12 04:33:19", "elapsed": 43678.63976764679, "delta": 19.716353178024292}, "costs": {"total_cost": 182.8235085665557, "time_cost": 73.003, "final_distance_cost": 1.841314038280336, "oscillation_cost": 19.96396884967041, "completition_cost": 0.0, "overshoot_cost": 51.50334069856156, "power_cost": 14.357336779785157, "noise_cost": 22.154548200258223, "n_waypoints_completed": 9, "tot_waypoints": 9}}
{"target": -184.26123349236136, "params": {"k_pid_pos": [0.4954938194630291, 0.006827822660473488, 0.0006665599618546001], "k_pid_alt": [1.6922078416021809, 0.005400547277393679, 0.012923477657531726], "k_pid_att": [37.40828101059646, 0.2694733384185069, 0.7642274676802397], "k_pid_yaw": [0.5, 1e-06, 0.1], "k_pid_hsp": [0.07307851640603906, 0.01064988376778711, 0.0], "k_pid_vsp": [135.73525259235055, 143.3956034038713, 7.89035629141486]}, "datetime": {"datetime": "2025-08-12 04:33:38", "elapsed": 43698.06166601181, "delta": 19.421898365020752}, "costs": {"total_cost": 184.26123349236136, "time_cost": 74.55, "final_distance_cost": 1.8333195701488856, "oscillation_cost": 19.100375142509584, "completition_cost": 0.0, "overshoot_cost": 51.862453647130735, "power_cost": 14.54133592529297, "noise_cost": 22.3737492072792, "n_waypoints_completed": 9, "tot_waypoints": 9}}
{"target": -181.45981380334663, "params": {"k_pid_pos": [0.565278164382419, 0.0050377130234394, 0.0006212704550709846], "k_pid_alt": [1.221316511942991, 0.004548244470733521, 0.01438672074338728], "k_pid_att": [40.72168781958381, 0.3646826845580346, 0.786813483618459], "k_pid_yaw": [0.5, 1e-06, 0.1], "k_pid_hsp": [0.09964782337046683, 0.008569232728829984, 0.0], "k_pid_vsp": [133.23785967486995, 134.05305032418613, 8.16915893516134]}, "datetime": {"datetime": "2025-08-12 04:33:57", "elapsed": 43716.72571873665, "delta": 18.664052724838257}, "costs": {"total_cost": 181.45981380334663, "time_cost": 71.61, "final_distance_cost": 1.8364125636750488, "oscillation_cost": 21.74399256334503, "completition_cost": 0.0, "overshoot_cost": 50.619986962610426, "power_cost": 14.28060693359375, "noise_cost": 21.368814780122353, "n_waypoints_completed": 9, "tot_waypoints": 9}}
{"target": -181.70502755643645, "params": {"k_pid_pos": [0.5076423231377006, 0.004952548730173384, 0.0005906383881217242], "k_pid_alt": [1.4427753009527786, 0.004936516119468971, 0.012282900794999801], "k_pid_att": [48.274073176311965, 0.34050051299078593, 1.0], "k_pid_yaw": [0.5, 1e-06, 0.1], "k_pid_hsp": [0.08506217505616726, 0.008521050665340167, 0.0], "k_pid_vsp": [120.60882676238005, 115.88836439580444, 7.376004682635181]}, "datetime": {"datetime": "2025-08-12 04:34:16", "elapsed": 43735.968566417694, "delta": 19.242847681045532}, "costs": {"total_cost": 181.70502755643645, "time_cost": 72.702, "final_distance_cost": 1.824355675488553, "oscillation_cost": 19.487362555661626, "completition_cost": 0.0, "overshoot_cost": 51.692007926795014, "power_cost": 14.210317260742189, "noise_cost": 21.78898413774909, "n_waypoints_completed": 9, "tot_waypoints": 9}}
{"target": -182.62948425814665, "params": {"k_pid_pos": [0.5004469259618644, 0.006164510710443866, 0.000544348036375844], "k_pid_alt": [1.4768211221633545, 0.005119522759410691, 0.011123673214453634], "k_pid_att": [38.54390591283965, 0.29991916954441256, 0.8686323519605027], "k_pid_yaw": [0.5, 1e-06, 0.1], "k_pid_hsp": [0.1071395379397162, 0.010522470304268235, 0.0], "k_pid_vsp": [129.62019690935065, 120.61500202599939, 6.888856544292476]}, "datetime": {"datetime": "2025-08-12 04:34:34", "elapsed": 43754.2469625473, "delta": 18.278396129608154}, "costs": {"total_cost": 182.62948425814665, "time_cost": 72.485, "final_distance_cost": 1.8459118537607349, "oscillation_cost": 20.917901234168358, "completition_cost": 0.0, "overshoot_cost": 51.18538781206381, "power_cost": 14.241959692382814, "noise_cost": 21.95332366577094, "n_waypoints_completed": 9, "tot_waypoints": 9}}
{"target": -182.4439854788109, "params": {"k_pid_pos": [0.5952840561715401, 0.0063801854854036374, 0.000444824759552683], "k_pid_alt": [1.7111279079193522, 0.004456536387221947, 0.009673607223937454], "k_pid_att": [45.414014837698176, 0.2853069208123496, 0.968108673571409], "k_pid_yaw": [0.5, 1e-06, 0.1], "k_pid_hsp": [0.0880206044364636, 0.007365766491511445, 0.0], "k_pid_vsp": [147.8995759195579, 118.95220285641523, 8.740499816234507]}, "datetime": {"datetime": "2025-08-12 04:34:53", "elapsed": 43772.75316095352, "delta": 18.506198406219482}, "costs": {"total_cost": 182.4439854788109, "time_cost": 71.806, "final_distance_cost": 1.8050349167084034, "oscillation_cost": 21.458097322275783, "completition_cost": 0.0, "overshoot_cost": 51.37327064647007, "power_cost": 16.08197742919922, "noise_cost": 19.919605164157414, "n_waypoints_completed": 9, "tot_waypoints": 9}}
{"target": -181.70902643799278, "params": {"k_pid_pos": [0.5791236385166497, 0.0066996009245418485, 0.00059239217593457], "k_pid_alt": [1.4091972111550526, 0.004992330710426051, 0.00885087897505784], "k_pid_att": [42.155508261075475, 0.30127948054653914, 0.768982173150014], "k_pid_yaw": [0.5, 1e-06, 0.1], "k_pid_hsp": [0.09510822728400621, 0.012742279124692538, 0.0], "k_pid_vsp": [132.48795478346855, 147.65926319073742, 6.331445433819788]}, "datetime": {"datetime": "2025-08-12 04:35:11", "elapsed": 43790.64425969124, "delta": 17.891098737716675}, "costs": {"total_cost": 181.70902643799278, "time_cost": 71.456, "final_distance_cost": 1.8249483545706469, "oscillation_cost": 22.19547414742216, "completition_cost": 0.0, "overshoot_cost": 50.75004272885832, "power_cost": 14.229445043945313, "noise_cost": 21.253116163196328, "n_waypoints_completed": 9, "tot_waypoints": 9}}
{"target": -181.91995470901205, "params": {"k_pid_pos": [0.6219231200176824, 0.004942776639444661, 0.0005507836511184483], "k_pid_alt": [1.8105863483025335, 0.005388617379186666, 0.00954180199208523], "k_pid_att": [49.52507398913582, 0.30278234272226623, 0.7870390812833691], "k_pid_yaw": [0.5, 1e-06, 0.1], "k_pid_hsp": [0.09399786393760656, 0.008022297900723056, 0.0], "k_pid_vsp": [145.53376365310524, 148.3650715176617, 6.088386215759676]}, "datetime": {"datetime": "2025-08-12 04:35:30", "elapsed": 43809.57777714729, "delta": 18.933517456054688}, "costs": {"total_cost": 181.91995470901205, "time_cost": 71.26, "final_distance_cost": 1.8202638096763757, "oscillation_cost": 22.238193847131257, "completition_cost": 0.0, "overshoot_cost": 51.24409619175454, "power_cost": 14.138310876464844, "noise_cost": 21.219089983985008, "n_waypoints_completed": 9, "tot_waypoints": 9}}
{"target": -182.75146288691718, "params": {"k_pid_pos": [0.4579309101148299, 0.00599341012427486, 0.0005028387928083211], "k_pid_alt": [1.81131887014443, 0.005191468118392678, 0.009841784019389553], "k_pid_att": [38.691635770912065, 0.31402614021887, 0.7743030938582754], "k_pid_yaw": [0.5, 1e-06, 0.1], "k_pid_hsp": [0.0909083112077569, 0.010006395190473565, 0.0], "k_pid_vsp": [166.22259693681318, 142.36622278874165, 6.617266193184662]}, "datetime": {"datetime": "2025-08-12 04:35:49", "elapsed": 43829.17429089546, "delta": 19.596513748168945}, "costs": {"total_cost": 182.75146288691718, "time_cost": 73.402, "final_distance_cost": 1.8479957175128723, "oscillation_cost": 19.192259251912084, "completition_cost": 0.0, "overshoot_cost": 51.745359486729576, "power_cost": 14.323513220214844, "noise_cost": 22.24033521054781, "n_waypoints_completed": 9, "tot_waypoints": 9}}
{"target": -182.06806478597122, "params": {"k_pid_pos": [0.49966521582404305, 0.005111332130948461, 0.0006441617158293482], "k_pid_alt": [1.7578983719101082, 0.0054138845791294405, 0.009632245164838203], "k_pid_att": [46.20510342196621, 0.3156437133863973, 0.7357320848512577], "k_pid_yaw": [0.5, 1e-06, 0.1], "k_pid_hsp": [0.08629859359196963, 0.01072142892987898, 0.0], "k_pid_vsp": [151.58213050509184, 134.47609209474652, 6.88727793935967]}, "datetime": {"datetime": "2025-08-12 04:36:09", "elapsed": 43849.247173309326, "delta": 20.072882413864136}, "costs": {"total_cost": 182.06806478597122, "time_cost": 72.73, "final_distance_cost": 1.825951636778356, "oscillation_cost": 19.812067632186974, "completition_cost": 0.0, "overshoot_cost": 51.536808660798854, "power_cost": 14.33015546875, "noise_cost": 21.833081387457028, "n_waypoints_completed": 9, "tot_waypoints": 9}}
{"target": -181.59761925843114, "params": {"k_pid_pos": [0.600582160782472, 0.005485588906412222, 0.0005570077124104566], "k_pid_alt": [1.4778291320833785, 0.004629294925036839, 0.012104450717110965], "k_pid_att": [47.94108745343624, 0.32521572064521315, 0.7115653349609009], "k_pid_yaw": [0.5, 1e-06, 0.1], "k_pid_hsp": [0.09139915585076823, 0.0095342159794895, 0.0], "k_pid_vsp": [148.79602643141928, 128.90326215246714, 8.00270667684096]}, "datetime": {"datetime": "2025-08-12 04:36:27", "elapsed": 43866.64236021042, "delta": 17.39518690109253}, "costs": {"total_cost": 181.59761925843114, "time_cost": 71.47, "final_distance_cost": 1.8197345038389683, "oscillation_cost": 21.87004481094853, "completition_cost": 0.0, "overshoot_cost": 51.16393962447979, "power_cost": 14.079677978515626, "noise_cost": 21.19422234064822, "n_waypoints_completed": 9, "tot_waypoints": 9}}
{"target": -182.13104495286825, "params": {"k_pid_pos": [0.5286590199661666, 0.005893291522357506, 0.0005150912719389711], "k_pid_alt": [2.0, 0.00493756473182034, 0.008784398322224583], "k_pid_att": [44.59350403083204, 0.2759933136010836, 0.6475602381975889], "k_pid_yaw": [0.5, 1e-06, 0.1], "k_pid_hsp": [0.09913592041211548, 0.010901459410949317, 0.0], "k_pid_vsp": [148.08177563802838, 133.71967682832596, 7.63272173380424]}, "datetime": {"datetime": "2025-08-12 04:36:47", "elapsed": 43886.56060028076, "delta": 19.918240070343018}, "costs": {"total_cost": 182.13104495286825, "time_cost": 72.03, "final_distance_cost": 1.8459551327755843, "oscillation_cost": 21.23221837135801, "completition_cost": 0.0, "overshoot_cost": 51.23285403360669, "power_cost": 14.20149111328125, "noise_cost": 21.588526301846755, "n_waypoints_completed": 9, "tot_waypoints": 9}}
{"target": -181.52871768841973, "params": {"k_pid_pos": [0.5377497020931384, 0.006192594296697263, 0.00044308157070970547], "k_pid_alt": [1.5677092337580465, 0.0047437002751244935, 0.0077717185425651425], "k_pid_att": [35.213100857140866, 0.26341892384610605, 0.8250271018433999], "k_pid_yaw": [0.5, 1e-06, 0.1], "k_pid_hsp": [0.10757291992667611, 0.00939519807613664, 0.0], "k_pid_vsp": [167.706325281503, 162.95771593770527, 6.75787730330237]}, "datetime": {"datetime": "2025-08-12 04:37:04", "elapsed": 43904.12552547455, "delta": 17.56492519378662}, "costs": {"total_cost": 181.52871768841973, "time_cost": 71.743, "final_distance_cost": 1.8353582633223167, "oscillation_cost": 21.596359867124598, "completition_cost": 0.0, "overshoot_cost": 50.7366838165844, "power_cost": 14.1510365234375, "noise_cost": 21.466279217950888, "n_waypoints_completed": 9, "tot_waypoints": 9}}
{"target": -182.00096020172862, "params": {"k_pid_pos": [0.5729578494197459, 0.007603514447708058, 0.0005984973510997736], "k_pid_alt": [1.3095629150739887, 0.005063407519509846, 0.010623324777594789], "k_pid_att": [34.97795066866821, 0.3043601844712523, 0.8848953693098629], "k_pid_yaw": [0.5, 1e-06, 0.1], "k_pid_hsp": [0.10820959052708694, 0.009443539423951123, 0.0], "k_pid_vsp": [128.11222893001374, 127.2143912543155, 6.512572367600835]}, "datetime": {"datetime": "2025-08-12 04:37:24", "elapsed": 43923.58752274513, "delta": 19.461997270584106}, "costs": {"total_cost": 182.00096020172862, "time_cost": 71.337, "final_distance_cost": 1.8342288368752433, "oscillation_cost": 22.516898506044036, "completition_cost": 0.0, "overshoot_cost": 50.825677445878625, "power_cost": 14.177808825683595, "noise_cost": 21.309346587247123, "n_waypoints_completed": 9, "tot_waypoints": 9}}
{"target": -181.78360735360678, "params": {"k_pid_pos": [0.5179018072642525, 0.0063155123155551164, 0.0006281666505020302], "k_pid_alt": [1.5944571157512828, 0.004903135195692281, 0.010006920872804827], "k_pid_att": [40.62243839638674, 0.2922166845265574, 0.8776839328935476], "k_pid_yaw": [0.5, 1e-06, 0.1], "k_pid_hsp": [0.09032131630091067, 0.010932629780664622, 0.0], "k_pid_vsp": [140.49103196574615, 140.29163653359782, 6.891962745606698]}, "datetime": {"datetime": "2025-08-12 04:37:41", "elapsed": 43941.1612765789, "delta": 17.573753833770752}, "costs": {"total_cost": 181.78360735360678, "time_cost": 72.282, "final_distance_cost": 1.8264037261083799, "oscillation_cost": 20.487318252458216, "completition_cost": 0.0, "overshoot_cost": 51.28014313674906, "power_cost": 14.20088046875, "noise_cost": 21.70686176954112, "n_waypoints_completed": 9, "tot_waypoints": 9}}
{"target": -181.83052751641776, "params": {"k_pid_pos": [0.6177631671557887, 0.005404481412800106, 0.0006419588331786395], "k_pid_alt": [1.5389584477874692, 0.004809323525969695, 0.010913657095613316], "k_pid_att": [47.06615592867853, 0.35580349117334836, 0.7688975450750474], "k_pid_yaw": [0.5, 1e-06, 0.1], "k_pid_hsp": [0.10469687492456281, 0.009992449009875271, 0.0], "k_pid_vsp": [167.95154887546286, 116.96613273566159, 7.80540181476259]}, "datetime": {"datetime": "2025-08-12 04:38:00", "elapsed": 43960.03598690033, "delta": 18.87471032142639}, "costs": {"total_cost": 181.83052751641776, "time_cost": 70.91, "final_distance_cost": 1.8166388446496948, "oscillation_cost": 22.931191213594502, "completition_cost": 0.0, "overshoot_cost": 50.9761801065629, "power_cost": 14.059723937988283, "noise_cost": 21.136793413622385, "n_waypoints_completed": 9, "tot_waypoints": 9}}
{"target": -181.40010877156993, "params": {"k_pid_pos": [0.6358314841980941, 0.005179978364350739, 0.000720508622430427], "k_pid_alt": [1.3925685240814702, 0.005006735742357034, 0.009964921415388732], "k_pid_att": [48.45387735309299, 0.279694128312494, 0.8659170975960233], "k_pid_yaw": [0.5, 1e-06, 0.1], "k_pid_hsp": [0.11058395526028919, 0.008436030525455744, 0.0], "k_pid_vsp": [134.59147049288714, 148.32372272643434, 7.570547527496459]}, "datetime": {"datetime": "2025-08-12 04:38:18", "elapsed": 43977.74811530113, "delta": 17.712128400802612}, "costs": {"total_cost": 181.40010877156993, "time_cost": 70.679, "final_distance_cost": 1.8150760341645695, "oscillation_cost": 22.99111820994707, "completition_cost": 0.0, "overshoot_cost": 50.89861699601582, "power_cost": 14.088251318359376, "noise_cost": 20.9280462130831, "n_waypoints_completed": 9, "tot_waypoints": 9}}
{"target": -182.91666290186146, "params": {"k_pid_pos": [0.49542420122903624, 0.005881801296732864, 0.0005522520214891616], "k_pid_alt": [1.2961990507789205, 0.005785433932980123, 0.012879100188833445], "k_pid_att": [48.42347370412139, 0.26170961280781074, 0.7551590701334675], "k_pid_yaw": [0.5, 1e-06, 0.1], "k_pid_hsp": [0.10495598454606188, 0.011571021732602398, 0.0], "k_pid_vsp": [118.04875531793782, 139.19557777036252, 8.417205486853439]}, "datetime": {"datetime": "2025-08-12 04:38:37", "elapsed": 43996.477846860886, "delta": 18.729731559753418}, "costs": {"total_cost": 182.91666290186146, "time_cost": 72.674, "final_distance_cost": 1.849138879155734, "oscillation_cost": 21.15111234743022, "completition_cost": 0.0, "overshoot_cost": 50.96200062173456, "power_cost": 14.624697619628908, "noise_cost": 21.655713433912037, "n_waypoints_completed": 9, "tot_waypoints": 9}}
{"target": -182.00587760839255, "params": {"k_pid_pos": [0.6158521333306662, 0.004720559834428745, 0.0005189685920927678], "k_pid_alt": [1.540645279059346, 0.004277684008291695, 0.011247975666974941], "k_pid_att": [42.938284254335336, 0.34362491591836153, 0.7293569164717887], "k_pid_yaw": [0.5, 1e-06, 0.1], "k_pid_hsp": [0.11095770679845289, 0.00829245952609574, 0.0], "k_pid_vsp": [134.95736455759697, 124.03157711550516, 7.105795784259311]}, "datetime": {"datetime": "2025-08-12 04:38:54", "elapsed": 44013.64660668373, "delta": 17.16875982284546}, "costs": {"total_cost": 182.00587760839255, "time_cost": 70.84, "final_distance_cost": 1.8189995495036755, "oscillation_cost": 23.272839913443253, "completition_cost": 0.0, "overshoot_cost": 50.91577179779703, "power_cost": 14.060832006835938, "noise_cost": 21.097434340812654, "n_waypoints_completed": 9, "tot_waypoints": 9}}
{"target": -181.8088197747583, "params": {"k_pid_pos": [0.5027913067195631, 0.006039000423223126, 0.0006431481815442041], "k_pid_alt": [1.6237923197032647, 0.005356606984967461, 0.008785566159611942], "k_pid_att": [32.371337610048485, 0.3099258718254673, 0.9491996024033019], "k_pid_yaw": [0.5, 1e-06, 0.1], "k_pid_hsp": [0.08722207725314786, 0.010260148595627362, 0.0], "k_pid_vsp": [151.6182749598273, 113.14198328762843, 6.325707658713919]}, "datetime": {"datetime": "2025-08-12 04:39:14", "elapsed": 44033.82263302803, "delta": 20.176026344299316}, "costs": {"total_cost": 181.8088197747583, "time_cost": 72.653, "final_distance_cost": 1.829707043557958, "oscillation_cost": 19.849777625671035, "completition_cost": 0.0, "overshoot_cost": 51.27542856879231, "power_cost": 14.292726318359376, "noise_cost": 21.908180218377623, "n_waypoints_completed": 9, "tot_waypoints": 9}}
{"target": -182.0400671980102, "params": {"k_pid_pos": [0.5744938167168175, 0.005792783355765686, 0.0005294411716800117], "k_pid_alt": [1.4797877405457667, 0.0045218595584311004, 0.013045176572741568], "k_pid_att": [43.12440175232914, 0.34424686212543915, 0.791048254773317], "k_pid_yaw": [0.5, 1e-06, 0.1], "k_pid_hsp": [0.08471697271966404, 0.008225287921906257, 0.0], "k_pid_vsp": [136.34637420119367, 131.03889236751596, 8.248718305661528]}, "datetime": {"datetime": "2025-08-12 04:39:32", "elapsed": 44051.744525671005, "delta": 17.921892642974854}, "costs": {"total_cost": 182.0400671980102, "time_cost": 72.163, "final_distance_cost": 1.811368327886096, "oscillation_cost": 20.8746145547611, "completition_cost": 0.0, "overshoot_cost": 51.5761256325861, "power_cost": 14.287337622070313, "noise_cost": 21.327621060706598, "n_waypoints_completed": 9, "tot_waypoints": 9}}
{"target": -181.7127563167486, "params": {"k_pid_pos": [0.5764332177723643, 0.005967562277250982, 0.0005639114989622431], "k_pid_alt": [1.6997273453051358, 0.005026524488916853, 0.011746804039269051], "k_pid_att": [45.843322763040256, 0.3042873390544294, 0.8005261023808009], "k_pid_yaw": [0.5, 1e-06, 0.1], "k_pid_hsp": [0.08815229345920876, 0.007513660933970685, 0.0], "k_pid_vsp": [150.97767971140328, 126.3291680238135, 7.298497308582799]}, "datetime": {"datetime": "2025-08-12 04:39:51", "elapsed": 44070.7537047863, "delta": 19.00917911529541}, "costs": {"total_cost": 181.7127563167486, "time_cost": 71.904, "final_distance_cost": 1.8275122360541416, "oscillation_cost": 20.839466153935255, "completition_cost": 0.0, "overshoot_cost": 51.62552189512432, "power_cost": 14.153821948242188, "noise_cost": 21.362434083392703, "n_waypoints_completed": 9, "tot_waypoints": 9}}
{"target": -181.58165782169505, "params": {"k_pid_pos": [0.628158261466353, 0.004351373192780099, 0.0005827344021767493], "k_pid_alt": [1.8036101106649927, 0.003944704701389777, 0.007124827630020039], "k_pid_att": [46.17407226221771, 0.2965372455684199, 0.7407232071036498], "k_pid_yaw": [0.5, 1e-06, 0.1], "k_pid_hsp": [0.0982617611403827, 0.008223820929629743, 0.0], "k_pid_vsp": [114.19574907860785, 147.81661572437346, 6.930371404348445]}, "datetime": {"datetime": "2025-08-12 04:40:09", "elapsed": 44088.74023747444, "delta": 17.98653268814087}, "costs": {"total_cost": 181.58165782169505, "time_cost": 71.022, "final_distance_cost": 1.8334339756364475, "oscillation_cost": 22.602490207495197, "completition_cost": 0.0, "overshoot_cost": 50.95288530191692, "power_cost": 14.116569665527344, "noise_cost": 21.054278671119146, "n_waypoints_completed": 9, "tot_waypoints": 9}}
{"target": -182.61100008837127, "params": {"k_pid_pos": [0.46385755945762397, 0.0062264445528208735, 0.0005313592917928859], "k_pid_alt": [1.8829242829298523, 0.003981809884126835, 0.009820732313653525], "k_pid_att": [38.77963887488873, 0.3027626276180109, 0.7252528790366296], "k_pid_yaw": [0.5, 1e-06, 0.1], "k_pid_hsp": [0.08064909023965983, 0.008624525090883678, 0.0], "k_pid_vsp": [115.77038836733378, 140.81863401994008, 6.792893544788498]}, "datetime": {"datetime": "2025-08-12 04:40:27", "elapsed": 44107.0518348217, "delta": 18.31159734725952}, "costs": {"total_cost": 182.61100008837127, "time_cost": 73.633, "final_distance_cost": 1.8248765350841654, "oscillation_cost": 18.268790298535865, "completition_cost": 0.0, "overshoot_cost": 52.41031310856533, "power_cost": 14.320102673339845, "noise_cost": 22.153917472846082, "n_waypoints_completed": 9, "tot_waypoints": 9}}
