{"target": -188.3989425302164, "params": {"k_pid_pos": [1.0048466900880655, 0.030962013054858923, 0.03602002807885756], "k_pid_alt": [2.0, 0.004113306760831141, 0.19835924739977126], "k_pid_att": [44.01532151269401, 1.3805562576926338, 0.6699925192065725], "k_pid_yaw": [0.5, 1e-06, 0.1], "k_pid_hsp": [0.39525553607591446, 0.07823860958057637, 0.0], "k_pid_vsp": [133.68455349903772, 57.72613290783877, 7.44446538925759]}, "datetime": {"datetime": "2025-08-11 18:20:35", "elapsed": 6915.060229063034, "delta": 16.658815622329712}, "costs": {"total_cost": 188.3989425302164, "time_cost": 69.468, "final_distance_cost": 1.8439725111228498, "oscillation_cost": 31.51921046555892, "completition_cost": 0.0, "overshoot_cost": 50.05325827348041, "power_cost": 14.6793162109375, "noise_cost": 20.83518506911674, "n_waypoints_completed": 9, "tot_waypoints": 9}}
{"target": -1194.009104583181, "params": {"k_pid_pos": [2.0, 0.03527631908731633, 0.039118547162433216], "k_pid_alt": [1.1996365984368573, 0.006695770242084531, 0.7818342219164457], "k_pid_att": [12.38183977516246, 1.1695630869259255, 0.7875026012755711], "k_pid_yaw": [0.5, 1e-06, 0.1], "k_pid_hsp": [0.0001, 0.03492813975955924, 0.0], "k_pid_vsp": [188.87160580418137, 108.01595846212547, 6.542318106390209]}, "datetime": {"datetime": "2025-08-11 18:21:06", "elapsed": 6945.430914402008, "delta": 30.370685338974}, "costs": {"total_cost": 1194.009104583181, "time_cost": 150, "final_distance_cost": 97.21003288611082, "oscillation_cost": 19.833763320703625, "completition_cost": 777.7777777777778, "overshoot_cost": 93.74836512086249, "power_cost": 22.051915478515625, "noise_cost": 33.38724999921056, "n_waypoints_completed": 2, "tot_waypoints": 9}}
{"target": -191.33442102442285, "params": {"k_pid_pos": [1.3774858469640057, 0.0418414655175239, 0.054306794372486145], "k_pid_alt": [2.0, 0.0013514560070706945, 0.3479195797755911], "k_pid_att": [18.05281088087676, 0.9816629882461606, 0.5508061223634692], "k_pid_yaw": [0.5, 1e-06, 0.1], "k_pid_hsp": [0.16423956233204526, 0.044746578769421876, 0.0], "k_pid_vsp": [69.44256384855026, 38.11955554628327, 8.279400958050289]}, "datetime": {"datetime": "2025-08-11 18:21:25", "elapsed": 6965.186463356018, "delta": 19.75554895401001}, "costs": {"total_cost": 191.33442102442285, "time_cost": 69.055, "final_distance_cost": 1.775105453651826, "oscillation_cost": 35.03196939847143, "completition_cost": 0.0, "overshoot_cost": 50.32966276636816, "power_cost": 14.7392318359375, "noise_cost": 20.403451569993933, "n_waypoints_completed": 9, "tot_waypoints": 9}}
{"target": -199.77587859899327, "params": {"k_pid_pos": [2.0, 0.002452124302755914, 0.05808187420060746], "k_pid_alt": [2.0, 0.0049856061146046305, 0.06720207199487965], "k_pid_att": [19.13612803505373, 1.5435343827587589, 1.0], "k_pid_yaw": [0.5, 1e-06, 0.1], "k_pid_hsp": [1.196149958673504, 0.09743196243775658, 0.0], "k_pid_vsp": [6.742481285878152, 92.24140402943031, 9.229437549689349]}, "datetime": {"datetime": "2025-08-11 18:21:45", "elapsed": 6984.892854452133, "delta": 19.706391096115112}, "costs": {"total_cost": 199.77587859899327, "time_cost": 70.49, "final_distance_cost": 1.8068607494510764, "oscillation_cost": 38.437281562576665, "completition_cost": 0.0, "overshoot_cost": 51.87714396794864, "power_cost": 17.985502673339845, "noise_cost": 19.179089645677074, "n_waypoints_completed": 9, "tot_waypoints": 9}}
{"target": -229.55069962621567, "params": {"k_pid_pos": [2.0, 0.05765183748921416, 0.05431653212014143], "k_pid_alt": [1.2543723663500759, 0.007531491447810568, 0.0688021616818273], "k_pid_att": [3.7922510783419896, 2.441571667405888, 0.007753868216138345], "k_pid_yaw": [0.5, 1e-06, 0.1], "k_pid_hsp": [0.04132401599465666, 0.033490266997751234, 0.0], "k_pid_vsp": [168.61382583626917, 34.483176924272094, 14.286455678342127]}, "datetime": {"datetime": "2025-08-11 18:22:06", "elapsed": 7005.661217451096, "delta": 20.768362998962402}, "costs": {"total_cost": 229.55069962621567, "time_cost": 80.703, "final_distance_cost": 1.7491736434898355, "oscillation_cost": 47.057596770915836, "completition_cost": 0.0, "overshoot_cost": 56.95299582214314, "power_cost": 21.531406384277346, "noise_cost": 21.556527005389523, "n_waypoints_completed": 9, "tot_waypoints": 9}}
{"target": -205.97978766682218, "params": {"k_pid_pos": [1.941778097818896, 0.050422647856884883, 0.05773495220186118], "k_pid_alt": [0.9906480325757835, 0.004201333011388533, 0.0], "k_pid_att": [14.38533612981533, 1.9334809229272187, 0.8589497220803376], "k_pid_yaw": [0.5, 1e-06, 0.1], "k_pid_hsp": [1.677568003366405, 0.061638998485693354, 0.0], "k_pid_vsp": [56.22480862645913, 1e-06, 5.829703701107216]}, "datetime": {"datetime": "2025-08-11 18:22:24", "elapsed": 7023.827740430832, "delta": 18.166522979736328}, "costs": {"total_cost": 205.97978766682218, "time_cost": 73.087, "final_distance_cost": 1.7655296680922832, "oscillation_cost": 41.38721719008373, "completition_cost": 0.0, "overshoot_cost": 51.64734457654574, "power_cost": 15.85739920654297, "noise_cost": 22.235297025557443, "n_waypoints_completed": 9, "tot_waypoints": 9}}
{"target": -187.88655863274005, "params": {"k_pid_pos": [0.6232491597463995, 0.02432362311765721, 0.06226940692759895], "k_pid_alt": [1.5093687846032477, 0.0030702116287952604, 0.18889787598887245], "k_pid_att": [16.413180397778657, 0.5809762955121064, 0.8971737399911003], "k_pid_yaw": [0.5, 1e-06, 0.1], "k_pid_hsp": [0.11850192480057742, 0.02695546542593116, 0.0], "k_pid_vsp": [161.7320517445752, 14.52214131517595, 6.022840954599801]}, "datetime": {"datetime": "2025-08-11 18:22:42", "elapsed": 7041.934010505676, "delta": 18.10627007484436}, "costs": {"total_cost": 187.88655863274005, "time_cost": 72.744, "final_distance_cost": 1.8479803322829558, "oscillation_cost": 25.35955581923421, "completition_cost": 0.0, "overshoot_cost": 51.43383277378163, "power_cost": 14.484962829589845, "noise_cost": 22.01622687785142, "n_waypoints_completed": 9, "tot_waypoints": 9}}
{"target": -1178.2604330579113, "params": {"k_pid_pos": [1.535782829384522, 0.07065930614741472, 0.10413981921316084], "k_pid_alt": [2.0, 0.004133196826297117, 0.14314156688700116], "k_pid_att": [19.257781292918118, 0.9549456228688963, 1.0], "k_pid_yaw": [0.5, 1e-06, 0.1], "k_pid_hsp": [0.0001, 0.02448613455294105, 0.0], "k_pid_vsp": [219.9391578778943, 38.76662074070247, 9.470554510702163]}, "datetime": {"datetime": "2025-08-11 18:23:12", "elapsed": 7072.0606524944305, "delta": 30.126641988754272}, "costs": {"total_cost": 1178.2604330579113, "time_cost": 150, "final_distance_cost": 96.62347122008416, "oscillation_cost": 11.023490041230419, "completition_cost": 777.7777777777778, "overshoot_cost": 85.69044798683339, "power_cost": 29.807074938964846, "noise_cost": 27.338171093020815, "n_waypoints_completed": 2, "tot_waypoints": 9}}
{"target": -1214.1151090776277, "params": {"k_pid_pos": [1.4838299334965483, 0.006625086531029323, 0.012972139654869543], "k_pid_alt": [1.1603371524456654, 0.0, 0.009834551960750818], "k_pid_att": [16.01618577659023, 0.0001, 1.0], "k_pid_yaw": [0.5, 1e-06, 0.1], "k_pid_hsp": [0.0001, 0.04409962887894019, 0.0], "k_pid_vsp": [117.77880614049246, 19.513335099150137, 5.679106924100356]}, "datetime": {"datetime": "2025-08-11 18:23:42", "elapsed": 7101.459966182709, "delta": 29.3993136882782}, "costs": {"total_cost": 1214.1151090776277, "time_cost": 150, "final_distance_cost": 96.47664179140912, "oscillation_cost": 29.094889900623034, "completition_cost": 777.7777777777778, "overshoot_cost": 104.48752137215197, "power_cost": 22.671996936035157, "noise_cost": 33.60628129963046, "n_waypoints_completed": 2, "tot_waypoints": 9}}
{"target": -206.17184217214088, "params": {"k_pid_pos": [1.5416876911505806, 0.08758185184610973, 0.0821607842630695], "k_pid_alt": [1.3504021319795203, 0.0036778543239997623, 0.0], "k_pid_att": [13.841770172080267, 0.8577301802416798, 0.6848583819509652], "k_pid_yaw": [0.5, 1e-06, 0.1], "k_pid_hsp": [0.11681934597966043, 0.051033175895781935, 0.0], "k_pid_vsp": [82.06053512176615, 52.69919610635111, 7.740528754241968]}, "datetime": {"datetime": "2025-08-11 18:24:00", "elapsed": 7119.83126449585, "delta": 18.37129831314087}, "costs": {"total_cost": 206.17184217214088, "time_cost": 73.528, "final_distance_cost": 1.788182329255135, "oscillation_cost": 41.18653323500828, "completition_cost": 0.0, "overshoot_cost": 51.43318238823869, "power_cost": 16.237904516601564, "noise_cost": 21.99803970303721, "n_waypoints_completed": 9, "tot_waypoints": 9}}
{"target": -193.44736904539047, "params": {"k_pid_pos": [0.7810889136091258, 0.026983006665574683, 0.0508366955536669], "k_pid_alt": [2.0, 0.006442554720467077, 0.28627812693534116], "k_pid_att": [23.2793774411689, 1.1894987217105122, 0.7369027521523869], "k_pid_yaw": [0.5, 1e-06, 0.1], "k_pid_hsp": [1.426011438574381, 0.035072299499638894, 0.0], "k_pid_vsp": [177.87596140711867, 54.31955644104925, 13.913673604861607]}, "datetime": {"datetime": "2025-08-11 18:24:18", "elapsed": 7137.895729541779, "delta": 18.064465045928955}, "costs": {"total_cost": 193.44736904539047, "time_cost": 71.68, "final_distance_cost": 1.8527071595576394, "oscillation_cost": 30.931455637174142, "completition_cost": 0.0, "overshoot_cost": 51.41633037453963, "power_cost": 18.688383630371096, "noise_cost": 18.878492243747967, "n_waypoints_completed": 9, "tot_waypoints": 9}}
{"target": -215.25766257572317, "params": {"k_pid_pos": [1.8136355103448025, 0.03141021990655501, 0.00630527547817505], "k_pid_alt": [0.8178647866113434, 0.005947577266826847, 0.005474378015051092], "k_pid_att": [13.871095920311328, 0.08256980903971407, 1.0], "k_pid_yaw": [0.5, 1e-06, 0.1], "k_pid_hsp": [0.10947505492413385, 0.05090619520464823, 0.0], "k_pid_vsp": [182.56480701847383, 37.96372806789281, 12.764972534192419]}, "datetime": {"datetime": "2025-08-11 18:24:36", "elapsed": 7156.345823049545, "delta": 18.450093507766724}, "costs": {"total_cost": 215.25766257572317, "time_cost": 75.929, "final_distance_cost": 1.7611996743538947, "oscillation_cost": 44.50197446132068, "completition_cost": 0.0, "overshoot_cost": 52.52640448663372, "power_cost": 20.52937918701172, "noise_cost": 20.009704766403125, "n_waypoints_completed": 9, "tot_waypoints": 9}}
{"target": -188.81428896341495, "params": {"k_pid_pos": [1.215781395466115, 0.07286465809919011, 0.036203331867994785], "k_pid_alt": [1.9858351048319858, 0.0027205616470714115, 0.008800268989016294], "k_pid_att": [15.037809991890583, 1.3761578278478315, 1.0], "k_pid_yaw": [0.5, 1e-06, 0.1], "k_pid_hsp": [0.37052674742978287, 0.03625021619591976, 0.0], "k_pid_vsp": [142.56591928173398, 37.81073685041044, 5.596788782258156]}, "datetime": {"datetime": "2025-08-11 18:24:53", "elapsed": 7173.312539815903, "delta": 16.966716766357422}, "costs": {"total_cost": 188.81428896341495, "time_cost": 69.37, "final_distance_cost": 1.8129457415251848, "oscillation_cost": 31.485302869175815, "completition_cost": 0.0, "overshoot_cost": 50.71332868849702, "power_cost": 14.716225341796875, "noise_cost": 20.716486322420053, "n_waypoints_completed": 9, "tot_waypoints": 9}}
{"target": -1260.147654267941, "params": {"k_pid_pos": [1.3683807137813584, 0.043630371486946706, 0.03954706546743641], "k_pid_alt": [1.1356870559486358, 0.007131192040871316, 0.0851581943616951], "k_pid_att": [11.547955899913697, 0.0001, 0.7932932636170807], "k_pid_yaw": [0.5, 1e-06, 0.1], "k_pid_hsp": [0.0001, 0.01081713262456513, 0.0], "k_pid_vsp": [138.51665853572544, 89.66728465901575, 9.557489900814007]}, "datetime": {"datetime": "2025-08-11 18:25:23", "elapsed": 7203.103619337082, "delta": 29.7910795211792}, "costs": {"total_cost": 1260.147654267941, "time_cost": 150, "final_distance_cost": 64.69962771314505, "oscillation_cost": 3.1362609605511302, "completition_cost": 888.8888888888888, "overshoot_cost": 97.22120401407352, "power_cost": 29.43821823730469, "noise_cost": 26.7634544539781, "n_waypoints_completed": 1, "tot_waypoints": 9}}
{"target": -1248.0397669869817, "params": {"k_pid_pos": [2.0, 0.0, 0.12080802541370571], "k_pid_alt": [0.9081780434233838, 0.0019501358616494855, 0.005491140401152228], "k_pid_att": [0.0, 1.7381062223655983, 0.6926758145791867], "k_pid_yaw": [0.5, 1e-06, 0.1], "k_pid_hsp": [0.0001, 0.0, 0.0], "k_pid_vsp": [222.41981444365888, 124.29195111910586, 4.48152999459171]}, "datetime": {"datetime": "2025-08-11 18:25:53", "elapsed": 7232.843603610992, "delta": 29.739984273910522}, "costs": {"total_cost": 1248.0397669869817, "time_cost": 150, "final_distance_cost": 49.21583938083372, "oscillation_cost": 0.008818866156906191, "completition_cost": 888.8888888888888, "overshoot_cost": 105.84301018548793, "power_cost": 20.992812463378907, "noise_cost": 33.09039720223565, "n_waypoints_completed": 1, "tot_waypoints": 9}}
{"target": -189.63960808559827, "params": {"k_pid_pos": [1.2778093878711274, 0.024713997629025774, 0.058837812325412235], "k_pid_alt": [0.9199785894878979, 0.0, 0.01933438888318072], "k_pid_att": [6.9000706535695295, 0.0001, 0.8209096775704959], "k_pid_yaw": [0.5, 1e-06, 0.1], "k_pid_hsp": [0.35208204766286183, 0.030647941767267733, 0.0], "k_pid_vsp": [140.05432009323263, 24.272942459976075, 7.207816608118157]}, "datetime": {"datetime": "2025-08-11 18:26:11", "elapsed": 7250.504935979843, "delta": 17.661332368850708}, "costs": {"total_cost": 189.63960808559827, "time_cost": 70.175, "final_distance_cost": 1.801998956451032, "oscillation_cost": 31.428661432984047, "completition_cost": 0.0, "overshoot_cost": 50.798396086086285, "power_cost": 14.723766589355469, "noise_cost": 20.711785020721447, "n_waypoints_completed": 9, "tot_waypoints": 9}}
{"target": -190.5711386046176, "params": {"k_pid_pos": [1.2162273211419257, 0.05838572940354413, 0.034021944574159184], "k_pid_alt": [2.0, 0.0002848277425906537, 0.27584412594978375], "k_pid_att": [20.019955169853986, 0.7185414694882909, 1.0], "k_pid_yaw": [0.5, 1e-06, 0.1], "k_pid_hsp": [0.9226376913541942, 0.03340203998853476, 0.0], "k_pid_vsp": [207.31292582628137, 8.788384928302087, 3.7915299088749834]}, "datetime": {"datetime": "2025-08-11 18:26:28", "elapsed": 7267.776896953583, "delta": 17.271960973739624}, "costs": {"total_cost": 190.5711386046176, "time_cost": 70.161, "final_distance_cost": 1.8129974098912651, "oscillation_cost": 31.238349840581385, "completition_cost": 0.0, "overshoot_cost": 51.535710933087785, "power_cost": 14.856390844726564, "noise_cost": 20.9666895763306, "n_waypoints_completed": 9, "tot_waypoints": 9}}
{"target": -1197.2028550749574, "params": {"k_pid_pos": [0.8682748505194452, 0.02995792065591325, 0.08961220644900625], "k_pid_alt": [2.0, 0.0, 0.1027929954032603], "k_pid_att": [19.528689275881632, 0.7456452946858465, 0.7360460379066498], "k_pid_yaw": [0.5, 1e-06, 0.1], "k_pid_hsp": [0.0001, 0.03392246288048451, 0.0], "k_pid_vsp": [196.12759973511652, 40.03628132712336, 12.380913920752043]}, "datetime": {"datetime": "2025-08-11 18:26:58", "elapsed": 7297.473647117615, "delta": 29.696750164031982}, "costs": {"total_cost": 1197.2028550749574, "time_cost": 150, "final_distance_cost": 96.14541094614695, "oscillation_cost": 20.17523918803693, "completition_cost": 777.7777777777778, "overshoot_cost": 95.59225391115815, "power_cost": 29.949029052734378, "noise_cost": 27.563144199103096, "n_waypoints_completed": 2, "tot_waypoints": 9}}
{"target": -189.50999408301652, "params": {"k_pid_pos": [1.5317401027288355, 0.07877862094975567, 0.13888353769507059], "k_pid_alt": [1.7919744302082659, 0.0046807682410813355, 0.02031252991372388], "k_pid_att": [18.865653690055243, 0.0001, 0.7275734413802808], "k_pid_yaw": [0.5, 1e-06, 0.1], "k_pid_hsp": [0.3075600409164561, 0.0, 0.0], "k_pid_vsp": [149.676264953181, 43.47945305676394, 14.008787136548477]}, "datetime": {"datetime": "2025-08-11 18:27:15", "elapsed": 7315.3064930438995, "delta": 17.83284592628479}, "costs": {"total_cost": 189.50999408301652, "time_cost": 69.706, "final_distance_cost": 1.8108752140701094, "oscillation_cost": 30.33166027843499, "completition_cost": 0.0, "overshoot_cost": 51.2358770451778, "power_cost": 18.279698486328126, "noise_cost": 18.145883059005477, "n_waypoints_completed": 9, "tot_waypoints": 9}}
{"target": -194.40475006902324, "params": {"k_pid_pos": [0.7620042426431205, 0.013581461068508707, 0.06165558611634903], "k_pid_alt": [1.223779139980828, 0.006529231381507153, 0.0], "k_pid_att": [20.23572822652237, 0.2825616339338025, 0.9741120534786519], "k_pid_yaw": [0.5, 1e-06, 0.1], "k_pid_hsp": [2.99119533518617, 0.07428383568477166, 0.0], "k_pid_vsp": [167.23244549693038, 157.8642933997925, 15.33428684876329]}, "datetime": {"datetime": "2025-08-11 18:27:33", "elapsed": 7332.962723493576, "delta": 17.656230449676514}, "costs": {"total_cost": 194.40475006902324, "time_cost": 71.666, "final_distance_cost": 1.8541625529851244, "oscillation_cost": 33.0398370095312, "completition_cost": 0.0, "overshoot_cost": 50.49859507697797, "power_cost": 18.66289031982422, "noise_cost": 18.683265109704724, "n_waypoints_completed": 9, "tot_waypoints": 9}}
{"target": -284.14103513558393, "params": {"k_pid_pos": [1.6904791478555918, 0.010597132028944472, 0.11389298608330585], "k_pid_alt": [2.0, 0.0050543613971895975, 0.0], "k_pid_att": [18.34221076781012, 0.8695062335429574, 0.7863734094645901], "k_pid_yaw": [0.5, 1e-06, 0.1], "k_pid_hsp": [0.01683331957873846, 0.0363556817874208, 0.0], "k_pid_vsp": [157.9557478371273, 49.753822526816975, 10.554457238884169]}, "datetime": {"datetime": "2025-08-11 18:28:02", "elapsed": 7362.037331819534, "delta": 29.074608325958252}, "costs": {"total_cost": 284.14103513558393, "time_cost": 113.008, "final_distance_cost": 1.806358059216992, "oscillation_cost": 38.410335804927996, "completition_cost": 0.0, "overshoot_cost": 70.08754656294767, "power_cost": 28.97571064453125, "noise_cost": 31.85308406396006, "n_waypoints_completed": 9, "tot_waypoints": 9}}
{"target": -188.4088006607154, "params": {"k_pid_pos": [0.4634384125203848, 0.03629125143191387, 0.06949299425131895], "k_pid_alt": [2.0, 0.009131964961884127, 0.20188167797768283], "k_pid_att": [9.014634274735993, 1.762704151554475, 0.6275297978417274], "k_pid_yaw": [0.5, 1e-06, 0.1], "k_pid_hsp": [0.13172361372018834, 0.013052888568703782, 0.0], "k_pid_vsp": [132.13717328622235, 72.14767833969235, 3.456306423329108]}, "datetime": {"datetime": "2025-08-11 18:28:21", "elapsed": 7380.942842960358, "delta": 18.905511140823364}, "costs": {"total_cost": 188.4088006607154, "time_cost": 75.34100000000001, "final_distance_cost": 1.8501041768323292, "oscillation_cost": 21.676339824980285, "completition_cost": 0.0, "overshoot_cost": 51.38988570955835, "power_cost": 14.779357348632812, "noise_cost": 23.372113600711625, "n_waypoints_completed": 9, "tot_waypoints": 9}}
{"target": -1243.7004729361383, "params": {"k_pid_pos": [0.9980486176196669, 0.041091473892377384, 0.004872844769565186], "k_pid_alt": [2.0, 0.003374343418752372, 0.0], "k_pid_att": [20.933779206137956, 1.5801888042728878, 0.5454500592635249], "k_pid_yaw": [0.5, 1e-06, 0.1], "k_pid_hsp": [0.0001, 0.06441079041582952, 0.0], "k_pid_vsp": [180.3179736259075, 60.306200029554, 7.3812063538357044]}, "datetime": {"datetime": "2025-08-11 18:28:51", "elapsed": 7410.837530612946, "delta": 29.89468765258789}, "costs": {"total_cost": 1243.7004729361383, "time_cost": 150, "final_distance_cost": 93.24810854561044, "oscillation_cost": 54.539268108806105, "completition_cost": 777.7777777777778, "overshoot_cost": 109.67895086420678, "power_cost": 24.34193271484375, "noise_cost": 34.114434924893466, "n_waypoints_completed": 2, "tot_waypoints": 9}}
{"target": -199.6130677535092, "params": {"k_pid_pos": [0.5555372769221508, 0.02143547128801046, 0.10611736528674633], "k_pid_alt": [2.0, 0.0, 0.15414663608904666], "k_pid_att": [4.611397811029058, 1.418484078068441, 1.0], "k_pid_yaw": [0.5, 1e-06, 0.1], "k_pid_hsp": [0.5068487330610333, 0.024474355989491253, 0.0], "k_pid_vsp": [141.53741072359836, 59.1794830177611, 7.339499317789245]}, "datetime": {"datetime": "2025-08-11 18:29:10", "elapsed": 7430.208241224289, "delta": 19.370710611343384}, "costs": {"total_cost": 199.6130677535092, "time_cost": 78.484, "final_distance_cost": 1.8517501938238639, "oscillation_cost": 27.52802183786271, "completition_cost": 0.0, "overshoot_cost": 51.75147206121795, "power_cost": 15.52646942138672, "noise_cost": 24.47135423921799, "n_waypoints_completed": 9, "tot_waypoints": 9}}
{"target": -191.30204900361494, "params": {"k_pid_pos": [0.6179191049828195, 0.05718967499880944, 0.049435255109937425], "k_pid_alt": [1.133330294842767, 0.002882803392839386, 0.0], "k_pid_att": [23.617574388687483, 1.35406539833951, 0.7307104368182689], "k_pid_yaw": [0.5, 1e-06, 0.1], "k_pid_hsp": [0.32514275399080667, 0.022209669812005468, 0.0], "k_pid_vsp": [163.51812879102206, 66.35302523666596, 8.839206753141063]}, "datetime": {"datetime": "2025-08-11 18:29:29", "elapsed": 7448.671277761459, "delta": 18.46303653717041}, "costs": {"total_cost": 191.30204900361494, "time_cost": 73.934, "final_distance_cost": 1.8422748615078748, "oscillation_cost": 26.944507145307206, "completition_cost": 0.0, "overshoot_cost": 50.899044846626076, "power_cost": 16.7286888671875, "noise_cost": 20.95353328298628, "n_waypoints_completed": 9, "tot_waypoints": 9}}
