{"target": -187.86340842763423, "params": {"k_pid_pos": [0.6172819231498284, 0.0, 0.00604051673320991], "k_pid_alt": [1.5006966007823983, 0.0026884381168474606, 0.03148374734021597], "k_pid_att": [42.61858197840295, 0.4756455177454872, 0.795014517843703], "k_pid_yaw": [0.5, 1e-06, 0.1], "k_pid_hsp": [0.20560277853322495, 0.008981794142300626, 0.0], "k_pid_vsp": [80.3156359787153, 24.097462361574102, 2.963987977664003]}, "datetime": {"datetime": "2025-08-11 20:35:53", "elapsed": 15033.176262378693, "delta": 17.376710414886475}, "costs": {"total_cost": 187.86340842763423, "time_cost": 72.66, "final_distance_cost": 1.8459916214699092, "oscillation_cost": 25.11540540440348, "completition_cost": 0.0, "overshoot_cost": 51.3827254502711, "power_cost": 14.522179980468751, "noise_cost": 22.33710597102098, "n_waypoints_completed": 9, "tot_waypoints": 9}}
{"target": -185.97446800299014, "params": {"k_pid_pos": [0.5607855267372003, 0.02237684810573244, 0.0], "k_pid_alt": [1.48897486218272, 0.004008179754021539, 0.04514717630289677], "k_pid_att": [21.669892844922703, 0.0782536881799069, 0.150630050194786], "k_pid_yaw": [0.5, 1e-06, 0.1], "k_pid_hsp": [0.1647289513327321, 0.010842831984979533, 0.0], "k_pid_vsp": [124.59118512022341, 108.12344729354636, 2.793834765936173]}, "datetime": {"datetime": "2025-08-11 20:36:13", "elapsed": 15052.506399154663, "delta": 19.33013677597046}, "costs": {"total_cost": 185.97446800299014, "time_cost": 72.037, "final_distance_cost": 1.8402860035418505, "oscillation_cost": 24.803031678146436, "completition_cost": 0.0, "overshoot_cost": 51.04809165195615, "power_cost": 14.396877111816407, "noise_cost": 21.849181557529306, "n_waypoints_completed": 9, "tot_waypoints": 9}}
{"target": -187.71985053214152, "params": {"k_pid_pos": [0.611021604912292, 0.008232465156887333, 0.0], "k_pid_alt": [2.0, 0.0063653495385098445, 0.03927923443500478], "k_pid_att": [22.591794933545884, 0.1119582379699872, 0.9994628494222147], "k_pid_yaw": [0.5, 1e-06, 0.1], "k_pid_hsp": [0.2367768111842582, 0.01072335064707146, 0.0], "k_pid_vsp": [79.74205415208472, 86.55551989968842, 4.7292955713472615]}, "datetime": {"datetime": "2025-08-11 20:36:30", "elapsed": 15070.104881048203, "delta": 17.59848189353943}, "costs": {"total_cost": 187.71985053214152, "time_cost": 72.541, "final_distance_cost": 1.8465813874326615, "oscillation_cost": 25.852901983367925, "completition_cost": 0.0, "overshoot_cost": 50.74065699997526, "power_cost": 14.575402941894533, "noise_cost": 22.16330721947114, "n_waypoints_completed": 9, "tot_waypoints": 9}}
{"target": -186.02832194239338, "params": {"k_pid_pos": [0.7098051263494982, 0.030510647005652324, 0.0216180308197475], "k_pid_alt": [1.9333074365324119, 0.00588399479310076, 0.03385223076595648], "k_pid_att": [27.026488888979554, 1.2273552772159806, 0.2719891234183216], "k_pid_yaw": [0.5, 1e-06, 0.1], "k_pid_hsp": [0.08377834611886152, 0.010204988032537533, 0.0], "k_pid_vsp": [97.40199506460931, 93.21068138682092, 3.842679084035369]}, "datetime": {"datetime": "2025-08-11 20:36:48", "elapsed": 15087.57763838768, "delta": 17.47275733947754}, "costs": {"total_cost": 186.02832194239338, "time_cost": 72.653, "final_distance_cost": 1.807675466722485, "oscillation_cost": 24.003408545794368, "completition_cost": 0.0, "overshoot_cost": 51.56780327475914, "power_cost": 14.513963146972657, "noise_cost": 21.482471508144734, "n_waypoints_completed": 9, "tot_waypoints": 9}}
{"target": -182.263901297878, "params": {"k_pid_pos": [0.5077483698196641, 0.008003898580791096, 0.0004421627434355024], "k_pid_alt": [1.197954743275827, 0.003264676465077819, 0.03488363766265704], "k_pid_att": [51.01216193432904, 0.32550164704931395, 0.8060546434834582], "k_pid_yaw": [0.5, 1e-06, 0.1], "k_pid_hsp": [0.08364815493880795, 0.009902973562018781, 0.0], "k_pid_vsp": [107.69430317559404, 63.352473834945265, 3.350416251092008]}, "datetime": {"datetime": "2025-08-11 20:37:06", "elapsed": 15105.634716272354, "delta": 18.057077884674072}, "costs": {"total_cost": 182.263901297878, "time_cost": 73.108, "final_distance_cost": 1.8362312373128924, "oscillation_cost": 19.780590160148556, "completition_cost": 0.0, "overshoot_cost": 51.57986523953758, "power_cost": 14.19957518310547, "noise_cost": 21.75963947777348, "n_waypoints_completed": 9, "tot_waypoints": 9}}
{"target": -183.18780129517313, "params": {"k_pid_pos": [0.4987029079527627, 0.0016315083930492288, 0.0035927889152579363], "k_pid_alt": [1.571527421589704, 0.009925357367517937, 0.033153781008298855], "k_pid_att": [15.462333424340622, 0.9076835157578941, 0.4851525839951809], "k_pid_yaw": [0.5, 1e-06, 0.1], "k_pid_hsp": [0.10974395444203937, 0.00624111764314049, 0.0], "k_pid_vsp": [140.33703456061335, 84.72579339957161, 3.625624076821655]}, "datetime": {"datetime": "2025-08-11 20:37:24", "elapsed": 15123.419035434723, "delta": 17.784319162368774}, "costs": {"total_cost": 183.18780129517313, "time_cost": 72.884, "final_distance_cost": 1.8451562937379538, "oscillation_cost": 20.466014170910512, "completition_cost": 0.0, "overshoot_cost": 51.61466996784222, "power_cost": 14.231596911621095, "noise_cost": 22.146363951061346, "n_waypoints_completed": 9, "tot_waypoints": 9}}
{"target": -184.02586132552017, "params": {"k_pid_pos": [0.4136506045287338, 0.011181690794095677, 0.024875211206189726], "k_pid_alt": [1.4669520089837367, 0.00638219652104374, 0.029066792503299577], "k_pid_att": [39.728792263185454, 0.42989527784874665, 0.6828942948671615], "k_pid_yaw": [0.5, 1e-06, 0.1], "k_pid_hsp": [0.08026950825058082, 0.006201290296787482, 0.0], "k_pid_vsp": [140.74039583084686, 113.27607157281999, 6.608259541465681]}, "datetime": {"datetime": "2025-08-11 20:37:43", "elapsed": 15142.644116163254, "delta": 19.225080728530884}, "costs": {"total_cost": 184.02586132552017, "time_cost": 75.257, "final_distance_cost": 1.8357126672100517, "oscillation_cost": 16.817591972341113, "completition_cost": 0.0, "overshoot_cost": 52.52904690723038, "power_cost": 14.489403149414063, "noise_cost": 23.097106629324543, "n_waypoints_completed": 9, "tot_waypoints": 9}}
{"target": -183.20311350522041, "params": {"k_pid_pos": [0.7501851068260557, 0.020486344466817717, 0.004434249311343944], "k_pid_alt": [1.3484553124465777, 0.0024621918870429446, 0.05054346835433684], "k_pid_att": [26.14975983227264, 0.12199683274983708, 0.42296251043775007], "k_pid_yaw": [0.5, 1e-06, 0.1], "k_pid_hsp": [0.1497595685138514, 0.01533862762127386, 0.0], "k_pid_vsp": [97.47069618110625, 40.467782764316446, 3.292606121046397]}, "datetime": {"datetime": "2025-08-11 20:38:00", "elapsed": 15159.775040149689, "delta": 17.130923986434937}, "costs": {"total_cost": 183.20311350522041, "time_cost": 69.83200000000001, "final_distance_cost": 1.8304231516513731, "oscillation_cost": 25.932961854032325, "completition_cost": 0.0, "overshoot_cost": 50.51436466033137, "power_cost": 14.193738305664063, "noise_cost": 20.899625533541283, "n_waypoints_completed": 9, "tot_waypoints": 9}}
{"target": -184.88726321856342, "params": {"k_pid_pos": [0.46785710770643724, 0.00856586500494109, 0.0], "k_pid_alt": [1.8417171632875913, 0.0034999854909113677, 0.014896383897335252], "k_pid_att": [36.79522995484589, 0.4092397460065758, 0.6577994380653132], "k_pid_yaw": [0.5, 1e-06, 0.1], "k_pid_hsp": [0.12433357785235821, 0.006393165543288874, 0.0], "k_pid_vsp": [81.58094043895382, 81.4969188628251, 4.409770074473648]}, "datetime": {"datetime": "2025-08-11 20:38:18", "elapsed": 15178.087934732437, "delta": 18.312894582748413}, "costs": {"total_cost": 184.88726321856342, "time_cost": 73.815, "final_distance_cost": 1.8527390067329945, "oscillation_cost": 20.77058025760882, "completition_cost": 0.0, "overshoot_cost": 51.45240436357227, "power_cost": 14.465760510253906, "noise_cost": 22.530779080395433, "n_waypoints_completed": 9, "tot_waypoints": 9}}
{"target": -184.30999092048566, "params": {"k_pid_pos": [0.5411563564766765, 0.0, 0.0025277137314451957], "k_pid_alt": [2.0, 0.0032157685792628884, 0.03660089074463151], "k_pid_att": [50.86782737610258, 0.6103136672835546, 0.5694512172028179], "k_pid_yaw": [0.5, 1e-06, 0.1], "k_pid_hsp": [0.12284659821700937, 0.0005582505708047678, 0.0], "k_pid_vsp": [76.38874583471652, 83.16028926261818, 2.657632408847767]}, "datetime": {"datetime": "2025-08-11 20:38:36", "elapsed": 15196.11943101883, "delta": 18.031496286392212}, "costs": {"total_cost": 184.30999092048566, "time_cost": 72.667, "final_distance_cost": 1.8471398925351863, "oscillation_cost": 21.493542789839868, "completition_cost": 0.0, "overshoot_cost": 51.91911768542412, "power_cost": 14.336114526367188, "noise_cost": 22.047076026319292, "n_waypoints_completed": 9, "tot_waypoints": 9}}
{"target": -189.3729015629387, "params": {"k_pid_pos": [0.7136844749203398, 0.011375874730933001, 0.007814516656841644], "k_pid_alt": [0.7982583555494394, 0.0, 0.03239772664094628], "k_pid_att": [27.25752111472205, 0.571405197708098, 0.899210970232155], "k_pid_yaw": [0.5, 1e-06, 0.1], "k_pid_hsp": [0.07226946034229072, 0.010221174236189014, 0.0], "k_pid_vsp": [100.05079472280765, 121.10154161770532, 10.812266398205011]}, "datetime": {"datetime": "2025-08-11 20:38:55", "elapsed": 15214.582028627396, "delta": 18.462597608566284}, "costs": {"total_cost": 189.3729015629387, "time_cost": 75.334, "final_distance_cost": 1.7964323085634104, "oscillation_cost": 23.584056528044492, "completition_cost": 0.0, "overshoot_cost": 51.344644266410995, "power_cost": 18.95187802734375, "noise_cost": 18.361890432576043, "n_waypoints_completed": 9, "tot_waypoints": 9}}
{"target": -257.66974933947307, "params": {"k_pid_pos": [0.19403950290330338, 0.017623406837923034, 0.003210369959375832], "k_pid_alt": [2.0, 0.0005982828504432204, 0.01663073783027522], "k_pid_att": [38.277911940437015, 0.5425499911413049, 0.2989199992267022], "k_pid_yaw": [0.5, 1e-06, 0.1], "k_pid_hsp": [0.08949260099986274, 0.013320257528660536, 0.0], "k_pid_vsp": [64.25802396497876, 80.30559128281907, 3.7580814064477988]}, "datetime": {"datetime": "2025-08-11 20:39:24", "elapsed": 15244.05253624916, "delta": 29.470507621765137}, "costs": {"total_cost": 257.66974933947307, "time_cost": 118.517, "final_distance_cost": 1.862035352741974, "oscillation_cost": 13.33893935230418, "completition_cost": 0.0, "overshoot_cost": 59.97766664446259, "power_cost": 21.89834569091797, "noise_cost": 42.075762299046374, "n_waypoints_completed": 9, "tot_waypoints": 9}}
{"target": -187.69549861256598, "params": {"k_pid_pos": [0.40822172816692476, 0.006886283245920566, 0.004798700339724509], "k_pid_alt": [1.6638596757621482, 0.0019918684423387047, 0.0011047353774645667], "k_pid_att": [82.38882382226528, 0.17088013509929575, 0.6274956005847699], "k_pid_yaw": [0.5, 1e-06, 0.1], "k_pid_hsp": [0.1048032047127414, 0.010959439267763084, 0.0], "k_pid_vsp": [177.15274046557207, 65.66518615824059, 2.028149131483011]}, "datetime": {"datetime": "2025-08-11 20:39:43", "elapsed": 15263.016515016556, "delta": 18.96397876739502}, "costs": {"total_cost": 187.69549861256598, "time_cost": 76.09, "final_distance_cost": 1.8539910461350315, "oscillation_cost": 19.42116887275655, "completition_cost": 0.0, "overshoot_cost": 51.893634395581394, "power_cost": 14.783540112304689, "noise_cost": 23.653164185788306, "n_waypoints_completed": 9, "tot_waypoints": 9}}
{"target": -197.24604356765647, "params": {"k_pid_pos": [0.9812640979518715, 0.005553909948286161, 0.006618670848661662], "k_pid_alt": [1.9373224831375904, 0.006838724869103236, 0.0], "k_pid_att": [63.861527365071595, 0.3976709192232894, 0.48713282963833104], "k_pid_yaw": [0.5, 1e-06, 0.1], "k_pid_hsp": [0.06144292139464722, 0.009330618144400862, 0.0], "k_pid_vsp": [91.30211801923774, 103.7439102266457, 3.74013194408345]}, "datetime": {"datetime": "2025-08-11 20:40:03", "elapsed": 15282.379457235336, "delta": 19.362942218780518}, "costs": {"total_cost": 197.24604356765647, "time_cost": 77.7, "final_distance_cost": 1.7550716218538853, "oscillation_cost": 27.292406446923216, "completition_cost": 0.0, "overshoot_cost": 52.12287110541592, "power_cost": 15.556885083007813, "noise_cost": 22.818809310455638, "n_waypoints_completed": 9, "tot_waypoints": 9}}
{"target": -183.27201798334332, "params": {"k_pid_pos": [0.4475262930582677, 0.011847585031449392, 0.00412033847056427], "k_pid_alt": [1.4776137992287828, 0.003650698982986205, 0.03071377437927737], "k_pid_att": [24.063971573296374, 0.1844360912035864, 0.7490099849502728], "k_pid_yaw": [0.5, 1e-06, 0.1], "k_pid_hsp": [0.08546141785710466, 0.008922737503141253, 0.0], "k_pid_vsp": [152.5649288112372, 121.99744145940456, 3.4116164398229487]}, "datetime": {"datetime": "2025-08-11 20:40:20", "elapsed": 15300.3563580513, "delta": 17.976900815963745}, "costs": {"total_cost": 183.27201798334332, "time_cost": 73.864, "final_distance_cost": 1.8338246292803522, "oscillation_cost": 18.492669992232347, "completition_cost": 0.0, "overshoot_cost": 52.284385647709655, "power_cost": 14.369600170898439, "noise_cost": 22.427537543222513, "n_waypoints_completed": 9, "tot_waypoints": 9}}
{"target": -182.6471347252943, "params": {"k_pid_pos": [0.6836755157958964, 0.012940492741760063, 0.010787657814006424], "k_pid_alt": [1.483391315424523, 0.007762242066910482, 0.02103086645739853], "k_pid_att": [57.050543053319366, 0.0001, 0.4952247119728413], "k_pid_yaw": [0.5, 1e-06, 0.1], "k_pid_hsp": [0.11296500103009781, 0.01169926750661319, 0.0], "k_pid_vsp": [90.40297038535196, 51.71661098080396, 6.481907788584599]}, "datetime": {"datetime": "2025-08-11 20:40:38", "elapsed": 15317.877423763275, "delta": 17.521065711975098}, "costs": {"total_cost": 182.6471347252943, "time_cost": 70.595, "final_distance_cost": 1.8374093397368836, "oscillation_cost": 24.28463515624274, "completition_cost": 0.0, "overshoot_cost": 50.77049986659784, "power_cost": 14.12389237060547, "noise_cost": 21.03569799211137, "n_waypoints_completed": 9, "tot_waypoints": 9}}
{"target": -199.486022715016, "params": {"k_pid_pos": [0.44579428969983, 0.020390245285740537, 0.0017890236237270492], "k_pid_alt": [1.0864936706952484, 0.0037501967846284207, 0.033586927066377524], "k_pid_att": [0.596745972704286, 0.16392908389426436, 0.7308113719759138], "k_pid_yaw": [0.5, 1e-06, 0.1], "k_pid_hsp": [0.09197718406866841, 0.0052451066106371, 0.0], "k_pid_vsp": [71.61714084969553, 149.32369661057967, 4.068825673636058]}, "datetime": {"datetime": "2025-08-11 20:40:59", "elapsed": 15339.13851928711, "delta": 21.26109552383423}, "costs": {"total_cost": 199.486022715016, "time_cost": 84.931, "final_distance_cost": 1.819427717808237, "oscillation_cost": 14.79329831639687, "completition_cost": 0.0, "overshoot_cost": 56.43941755758887, "power_cost": 16.176370971679688, "noise_cost": 25.32650815154232, "n_waypoints_completed": 9, "tot_waypoints": 9}}
{"target": -188.85311027933196, "params": {"k_pid_pos": [0.5489811147320623, 0.015571825028148847, 0.003923927580747635], "k_pid_alt": [1.6983706629662898, 0.009961655307669308, 0.003911507869883656], "k_pid_att": [25.860543530252542, 0.47420427507359575, 0.202898593779151], "k_pid_yaw": [0.5, 1e-06, 0.1], "k_pid_hsp": [0.05789467747551333, 0.00947102698856714, 0.0], "k_pid_vsp": [153.5683515311488, 97.33863505029949, 2.6751356193438336]}, "datetime": {"datetime": "2025-08-11 20:41:19", "elapsed": 15358.811884880066, "delta": 19.673365592956543}, "costs": {"total_cost": 188.85311027933196, "time_cost": 76.69200000000001, "final_distance_cost": 1.792783499556597, "oscillation_cost": 18.936867905359197, "completition_cost": 0.0, "overshoot_cost": 53.591258394275904, "power_cost": 14.790223242187501, "noise_cost": 23.049977237952763, "n_waypoints_completed": 9, "tot_waypoints": 9}}
{"target": -193.47376110810893, "params": {"k_pid_pos": [0.41454423009082814, 0.003926947461586146, 0.0008009349396978352], "k_pid_alt": [0.7469681925342538, 0.006340478068728744, 0.02820243556558381], "k_pid_att": [65.65707332208068, 0.3663069326527793, 1.0], "k_pid_yaw": [0.5, 1e-06, 0.1], "k_pid_hsp": [0.1111247850847743, 0.014887813519211873, 0.0], "k_pid_vsp": [120.05698595012105, 112.56447913214738, 5.608282785428813]}, "datetime": {"datetime": "2025-08-11 20:41:39", "elapsed": 15378.62080335617, "delta": 19.808918476104736}, "costs": {"total_cost": 193.47376110810893, "time_cost": 79.359, "final_distance_cost": 1.863865513675077, "oscillation_cost": 20.550019043173233, "completition_cost": 0.0, "overshoot_cost": 51.51770837550539, "power_cost": 15.3056142578125, "noise_cost": 24.877553917942716, "n_waypoints_completed": 9, "tot_waypoints": 9}}
{"target": -194.71394065710274, "params": {"k_pid_pos": [0.3656120356576407, 0.01727748922089926, 0.004462636311991436], "k_pid_alt": [1.0595819913683961, 0.003483876240226716, 0.02647479509836183], "k_pid_att": [67.9727743871664, 0.5477972222209487, 0.7400249150224506], "k_pid_yaw": [0.5, 1e-06, 0.1], "k_pid_hsp": [0.13747322821904778, 0.008898231197509111, 0.0], "k_pid_vsp": [118.02206065523569, 95.61593587484244, 5.822228823536739]}, "datetime": {"datetime": "2025-08-11 20:41:59", "elapsed": 15398.800948619843, "delta": 20.180145263671875}, "costs": {"total_cost": 194.71394065710274, "time_cost": 80.654, "final_distance_cost": 1.8596636388291865, "oscillation_cost": 19.547055831389596, "completition_cost": 0.0, "overshoot_cost": 51.80989231286547, "power_cost": 15.473224572753907, "noise_cost": 25.370104301264565, "n_waypoints_completed": 9, "tot_waypoints": 9}}
{"target": -187.26803058284634, "params": {"k_pid_pos": [0.7368399046283723, 0.021228747106928365, 0.003384155174980407], "k_pid_alt": [1.118829987467146, 0.006671797334378446, 0.011328472909252062], "k_pid_att": [40.403172753232084, 0.4773556641080156, 0.8031743655536147], "k_pid_yaw": [0.5, 1e-06, 0.1], "k_pid_hsp": [0.14653363242517226, 0.015916875531278282, 0.0], "k_pid_vsp": [14.21634565740822, 178.40216435776824, 1.6593866323808395]}, "datetime": {"datetime": "2025-08-11 20:42:16", "elapsed": 15415.83378982544, "delta": 17.032841205596924}, "costs": {"total_cost": 187.26803058284634, "time_cost": 70.014, "final_distance_cost": 1.8310087548861158, "oscillation_cost": 30.01683037348093, "completition_cost": 0.0, "overshoot_cost": 50.00464127282262, "power_cost": 15.888662109375002, "noise_cost": 19.51288807228169, "n_waypoints_completed": 9, "tot_waypoints": 9}}
{"target": -194.18363961667347, "params": {"k_pid_pos": [0.3470448084968587, 0.024480505706654675, 0.0026471677319497033], "k_pid_alt": [1.344849267300462, 0.005160228296089903, 0.04139631016745233], "k_pid_att": [53.08430345183075, 0.30997741859194766, 0.8551214261469179], "k_pid_yaw": [0.5, 1e-06, 0.1], "k_pid_hsp": [0.11838781990273241, 0.01097726883492251, 0.0], "k_pid_vsp": [40.227046049568635, 72.93052167365833, 4.337548640874808]}, "datetime": {"datetime": "2025-08-11 20:42:36", "elapsed": 15436.297264814377, "delta": 20.463474988937378}, "costs": {"total_cost": 194.18363961667347, "time_cost": 80.423, "final_distance_cost": 1.8568376513225602, "oscillation_cost": 18.646954528075522, "completition_cost": 0.0, "overshoot_cost": 52.18507043488288, "power_cost": 15.469095532226563, "noise_cost": 25.602681470165944, "n_waypoints_completed": 9, "tot_waypoints": 9}}
{"target": -182.57359201479053, "params": {"k_pid_pos": [0.6429003737771564, 0.018672016884604695, 0.0], "k_pid_alt": [1.1115515242414526, 0.008040873683336993, 0.025543555714404757], "k_pid_att": [49.80105193701019, 0.35592393450515875, 0.7044974934636811], "k_pid_yaw": [0.5, 1e-06, 0.1], "k_pid_hsp": [0.09865578135110348, 0.010087741230649124, 0.0], "k_pid_vsp": [63.45394891495803, 86.5167641239705, 4.893960748274169]}, "datetime": {"datetime": "2025-08-11 20:42:55", "elapsed": 15454.628238201141, "delta": 18.330973386764526}, "costs": {"total_cost": 182.57359201479053, "time_cost": 71.414, "final_distance_cost": 1.8134089164111609, "oscillation_cost": 23.08734758003519, "completition_cost": 0.0, "overshoot_cost": 50.831716132008935, "power_cost": 14.232220104980469, "noise_cost": 21.194899281354797, "n_waypoints_completed": 9, "tot_waypoints": 9}}
{"target": -185.19184245550196, "params": {"k_pid_pos": [0.695035997049522, 0.013733876456252047, 0.006020023177631489], "k_pid_alt": [1.9101971765299222, 0.00666253618846653, 0.02108359189203272], "k_pid_att": [48.51196687634147, 0.4390475922628975, 0.5989357068638527], "k_pid_yaw": [0.5, 1e-06, 0.1], "k_pid_hsp": [0.07938028229421372, 0.00846301429376547, 0.0], "k_pid_vsp": [83.50460575662517, 142.4974376180033, 5.605363550792144]}, "datetime": {"datetime": "2025-08-11 20:43:13", "elapsed": 15472.775797605515, "delta": 18.14755940437317}, "costs": {"total_cost": 185.19184245550196, "time_cost": 72.71600000000001, "final_distance_cost": 1.819476959842456, "oscillation_cost": 23.170258941130104, "completition_cost": 0.0, "overshoot_cost": 51.48547199056041, "power_cost": 14.550830224609376, "noise_cost": 21.449804339359584, "n_waypoints_completed": 9, "tot_waypoints": 9}}
{"target": -1006.5572722843382, "params": {"k_pid_pos": [0.4453054837704829, 0.007505057669429292, 0.0028363969520144596], "k_pid_alt": [1.386265188996042, 0.0004222516950757921, 0.023341935102180165], "k_pid_att": [51.414335421443695, 0.4330118311345749, 1.0], "k_pid_yaw": [0.5, 1e-06, 0.1], "k_pid_hsp": [0.006333315099964394, 0.01266547023219858, 0.0], "k_pid_vsp": [145.56179904212004, 59.38028984008548, 3.412509459595815]}, "datetime": {"datetime": "2025-08-11 20:43:44", "elapsed": 15503.66336965561, "delta": 30.887572050094604}, "costs": {"total_cost": 1006.5572722843382, "time_cost": 150, "final_distance_cost": 63.703626174043514, "oscillation_cost": 5.866678352007469, "completition_cost": 666.6666666666667, "overshoot_cost": 65.96800907276791, "power_cost": 21.373141540527346, "noise_cost": 32.97915047832517, "n_waypoints_completed": 3, "tot_waypoints": 9}}
