{"target": -184.555497703963, "params": {"k_pid_pos": [0.5289977266066351, 0.021286060093711538, 0.00342477295459063], "k_pid_alt": [1.1202063503907664, 0.004187409967820797, 0.02821777254798719], "k_pid_att": [10.511363291607047, 0.7356808423391632, 1.0], "k_pid_yaw": [0.5, 1e-06, 0.1], "k_pid_hsp": [0.13509825032411213, 0.012257986464223368, 0.0], "k_pid_vsp": [108.27762401328108, 157.45108410157818, 3.188774579106962]}, "datetime": {"datetime": "2025-08-11 20:44:02", "elapsed": 15521.74854016304, "delta": 18.08517050743103}, "costs": {"total_cost": 184.555497703963, "time_cost": 72.849, "final_distance_cost": 1.8368672948670974, "oscillation_cost": 22.65777712083373, "completition_cost": 0.0, "overshoot_cost": 50.86870068273285, "power_cost": 14.456135327148438, "noise_cost": 21.88701727838087, "n_waypoints_completed": 9, "tot_waypoints": 9}}
{"target": -5351.028433165482, "params": {"k_pid_pos": [0.7233754530267434, 0.011663944849723268, 0.00494317552288584], "k_pid_alt": [1.1796183584982092, 0.0035976989893768663, 0.001196070170166925], "k_pid_att": [0.0, 0.6172813609024271, 0.8589624030567266], "k_pid_yaw": [0.5, 1e-06, 0.1], "k_pid_hsp": [0.07566264903747004, 0.008469794147466651, 0.0], "k_pid_vsp": [128.98207022627275, 96.41190396076236, 4.390074952421666]}, "datetime": {"datetime": "2025-08-11 20:44:38", "elapsed": 15557.466846942902, "delta": 35.71830677986145}, "costs": {"total_cost": 5351.028433165482, "time_cost": 150, "final_distance_cost": 1184.9958457998312, "oscillation_cost": 612.0829346540164, "completition_cost": 1000.0, "overshoot_cost": 2202.3120893241403, "power_cost": 55.65274265136719, "noise_cost": 145.98482073612635, "n_waypoints_completed": 0, "tot_waypoints": 9}}
{"target": -183.418513813179, "params": {"k_pid_pos": [0.6876254027351231, 0.027353240799304363, 0.001995295346763955], "k_pid_alt": [1.3623286989765324, 0.005375548213952521, 0.028114639270401323], "k_pid_att": [48.08709497530193, 0.4797397973629402, 1.0], "k_pid_yaw": [0.5, 1e-06, 0.1], "k_pid_hsp": [0.09794440174765633, 0.0, 0.0], "k_pid_vsp": [118.3748050206378, 174.3498132163247, 4.417406906223005]}, "datetime": {"datetime": "2025-08-11 20:45:01", "elapsed": 15580.744632959366, "delta": 23.277786016464233}, "costs": {"total_cost": 183.418513813179, "time_cost": 71.568, "final_distance_cost": 1.797620601095411, "oscillation_cost": 22.644730933110807, "completition_cost": 0.0, "overshoot_cost": 51.853647510132234, "power_cost": 14.210296887207033, "noise_cost": 21.344217881633526, "n_waypoints_completed": 9, "tot_waypoints": 9}}
{"target": -191.1724230786088, "params": {"k_pid_pos": [0.5779531358607931, 0.02725537891138795, 0.004813412651352889], "k_pid_alt": [1.9919019906673248, 0.002423640882165975, 0.008241744217033305], "k_pid_att": [56.87065194146091, 0.4663403744662408, 1.0], "k_pid_yaw": [0.5, 1e-06, 0.1], "k_pid_hsp": [0.054111503548932884, 0.015776279743961057, 0.0], "k_pid_vsp": [139.64421312185843, 94.58145800660763, 4.573349987494516]}, "datetime": {"datetime": "2025-08-11 20:45:20", "elapsed": 15600.169386148453, "delta": 19.424753189086914}, "costs": {"total_cost": 191.1724230786088, "time_cost": 77.574, "final_distance_cost": 1.7958311748806655, "oscillation_cost": 21.32065754060731, "completition_cost": 0.0, "overshoot_cost": 52.41561722401042, "power_cost": 15.094747192382814, "noise_cost": 22.97156994672761, "n_waypoints_completed": 9, "tot_waypoints": 9}}
{"target": -185.66991474793048, "params": {"k_pid_pos": [0.7794435461921712, 0.014849494762858413, 0.0027044631550610806], "k_pid_alt": [1.3724777744408057, 0.00456476968472395, 0.010577599385464903], "k_pid_att": [1.7404576367610975, 0.7352042796702086, 0.5615459541805626], "k_pid_yaw": [0.5, 1e-06, 0.1], "k_pid_hsp": [0.12023832064874361, 0.011271162525639922, 0.0], "k_pid_vsp": [115.54176200686793, 117.96782169328834, 3.5591837165609275]}, "datetime": {"datetime": "2025-08-11 20:45:38", "elapsed": 15617.807808876038, "delta": 17.63842272758484}, "costs": {"total_cost": 185.66991474793048, "time_cost": 71.057, "final_distance_cost": 1.8209532424746706, "oscillation_cost": 26.472140092958668, "completition_cost": 0.0, "overshoot_cost": 50.9359540779357, "power_cost": 14.476435205078126, "noise_cost": 20.907432129483325, "n_waypoints_completed": 9, "tot_waypoints": 9}}
{"target": -185.1404218476828, "params": {"k_pid_pos": [0.7442712900710721, 0.01043394147078675, 0.005078032450489786], "k_pid_alt": [1.7924101400140549, 0.005313991010672317, 0.017871588714862326], "k_pid_att": [56.45098148893464, 0.45476635508178487, 0.5544719821333904], "k_pid_yaw": [0.5, 1e-06, 0.1], "k_pid_hsp": [0.0823228471334757, 0.016082688281616964, 0.0], "k_pid_vsp": [83.98071137635412, 151.30913788693888, 4.80506748018093]}, "datetime": {"datetime": "2025-08-11 20:45:55", "elapsed": 15634.950809001923, "delta": 17.14300012588501}, "costs": {"total_cost": 185.1404218476828, "time_cost": 71.729, "final_distance_cost": 1.8141183127484997, "oscillation_cost": 25.417356286200214, "completition_cost": 0.0, "overshoot_cost": 50.90880798151698, "power_cost": 14.42906658935547, "noise_cost": 20.842072677861626, "n_waypoints_completed": 9, "tot_waypoints": 9}}
{"target": -431.5418148095611, "params": {"k_pid_pos": [0.6123760827531427, 0.02220388802039067, 0.003055595841814352], "k_pid_alt": [0.967170954452038, 0.003630423939203821, 0.025274502396650692], "k_pid_att": [59.09142320575881, 0.5170389991585949, 1.0], "k_pid_yaw": [0.5, 1e-06, 0.1], "k_pid_hsp": [0.037384611333827596, 0.00821085696927598, 0.0], "k_pid_vsp": [97.28346963190656, 76.10570711574468, 5.738169216185992]}, "datetime": {"datetime": "2025-08-11 20:46:25", "elapsed": 15665.31344461441, "delta": 30.362635612487793}, "costs": {"total_cost": 431.5418148095611, "time_cost": 150, "final_distance_cost": 42.074121260159295, "oscillation_cost": 17.70564650340728, "completition_cost": 111.11111111111116, "overshoot_cost": 56.01512636974874, "power_cost": 21.951946911621096, "noise_cost": 32.68386265351348, "n_waypoints_completed": 8, "tot_waypoints": 9}}
{"target": -188.21438263806112, "params": {"k_pid_pos": [0.458828216525158, 0.007089084508247172, 0.0023096790280277054], "k_pid_alt": [0.6127358283201318, 0.0038857190851247676, 0.02560163702333787], "k_pid_att": [52.36781846960121, 0.018014373111267256, 0.4411994979709979], "k_pid_yaw": [0.5, 1e-06, 0.1], "k_pid_hsp": [0.09926170149657998, 0.0041601325671161635, 0.0], "k_pid_vsp": [59.137715662511276, 86.41563696165811, 3.820113661520484]}, "datetime": {"datetime": "2025-08-11 20:46:45", "elapsed": 15684.751393556595, "delta": 19.43794894218445}, "costs": {"total_cost": 188.21438263806112, "time_cost": 77.266, "final_distance_cost": 1.8320118844562006, "oscillation_cost": 19.369301862600743, "completition_cost": 0.0, "overshoot_cost": 52.127325342844436, "power_cost": 14.8887958984375, "noise_cost": 22.730947649722218, "n_waypoints_completed": 9, "tot_waypoints": 9}}
{"target": -196.34875313271073, "params": {"k_pid_pos": [0.3496232412419011, 0.021896291081111546, 0.0], "k_pid_alt": [1.8084585898089063, 0.0015479679450664979, 0.0276906776847038], "k_pid_att": [31.289565445372148, 1.3421260718985588, 0.9905470060734087], "k_pid_yaw": [0.5, 1e-06, 0.1], "k_pid_hsp": [0.1209025094463509, 0.013676923599352414, 0.0], "k_pid_vsp": [94.61724228093249, 196.16175161804134, 3.5204980210170427]}, "datetime": {"datetime": "2025-08-11 20:47:05", "elapsed": 15705.18542766571, "delta": 20.4340341091156}, "costs": {"total_cost": 196.34875313271073, "time_cost": 81.277, "final_distance_cost": 1.8619367740861497, "oscillation_cost": 19.316809921519024, "completition_cost": 0.0, "overshoot_cost": 51.996806869031396, "power_cost": 15.718650402832033, "noise_cost": 26.17754916524213, "n_waypoints_completed": 9, "tot_waypoints": 9}}
{"target": -671.6326025071864, "params": {"k_pid_pos": [0.5476280366828282, 0.019020833117443625, 0.0], "k_pid_alt": [0.7429830380833384, 0.0034306226456755993, 0.028876261659689553], "k_pid_att": [36.1539865007654, 0.7148338810054887, 0.8269683784782376], "k_pid_yaw": [0.5, 1e-06, 0.1], "k_pid_hsp": [0.023644113651847817, 0.011345824170248384, 0.0], "k_pid_vsp": [78.3353132855997, 84.88052320930841, 2.2494940854686636]}, "datetime": {"datetime": "2025-08-11 20:47:36", "elapsed": 15735.985334157944, "delta": 30.799906492233276}, "costs": {"total_cost": 671.6326025071864, "time_cost": 150, "final_distance_cost": 69.475436833432, "oscillation_cost": 13.236769409582402, "completition_cost": 333.33333333333337, "overshoot_cost": 50.70560267748933, "power_cost": 21.948387792968752, "noise_cost": 32.933072460380586, "n_waypoints_completed": 6, "tot_waypoints": 9}}
{"target": -182.82537203416422, "params": {"k_pid_pos": [0.6435273413425121, 0.012939767213539356, 0.0025391181361844573], "k_pid_alt": [2.0, 0.0021146388940328337, 0.019601726033619014], "k_pid_att": [3.8948559050770704, 0.07870797947276897, 0.5986284882901206], "k_pid_yaw": [0.5, 1e-06, 0.1], "k_pid_hsp": [0.1098048909595075, 0.0028060579269013597, 0.0], "k_pid_vsp": [116.52289507725567, 66.25317416926754, 4.342749324016153]}, "datetime": {"datetime": "2025-08-11 20:47:54", "elapsed": 15753.787540435791, "delta": 17.80220627784729}, "costs": {"total_cost": 182.82537203416422, "time_cost": 71.365, "final_distance_cost": 1.8092704154194763, "oscillation_cost": 21.61730276207545, "completition_cost": 0.0, "overshoot_cost": 52.60659704839946, "power_cost": 14.087630810546875, "noise_cost": 21.339570997722966, "n_waypoints_completed": 9, "tot_waypoints": 9}}
{"target": -191.4092241263209, "params": {"k_pid_pos": [0.6982746364290763, 0.01632130564158242, 0.0], "k_pid_alt": [1.3242745228137445, 0.0019350673501034993, 0.028149645186863848], "k_pid_att": [65.06500589196486, 0.6268633695192001, 0.37247398588085984], "k_pid_yaw": [0.5, 1e-06, 0.1], "k_pid_hsp": [0.054820692874983305, 0.0073627868821337485, 0.0], "k_pid_vsp": [118.58204728928301, 32.92738812617184, 3.652255175469]}, "datetime": {"datetime": "2025-08-11 20:48:14", "elapsed": 15773.410552740097, "delta": 19.62301230430603}, "costs": {"total_cost": 191.4092241263209, "time_cost": 77.07000000000001, "final_distance_cost": 1.788363681554197, "oscillation_cost": 20.997181349807665, "completition_cost": 0.0, "overshoot_cost": 53.661731013699686, "power_cost": 14.864582849121094, "noise_cost": 23.027365232138262, "n_waypoints_completed": 9, "tot_waypoints": 9}}
{"target": -184.83926456649658, "params": {"k_pid_pos": [0.5950094285221458, 0.011614283842156231, 0.0034291923478139853], "k_pid_alt": [1.1837631935999842, 0.0006813530913241205, 0.0009336366355786012], "k_pid_att": [19.551298170320894, 0.7037594946714497, 0.657014080874497], "k_pid_yaw": [0.5, 1e-06, 0.1], "k_pid_hsp": [0.1590105356690134, 0.00787422252309476, 0.0], "k_pid_vsp": [69.49453830683423, 158.15536024949418, 5.487420628125232]}, "datetime": {"datetime": "2025-08-11 20:48:32", "elapsed": 15791.45695567131, "delta": 18.04640293121338}, "costs": {"total_cost": 184.83926456649658, "time_cost": 71.827, "final_distance_cost": 1.841467492971302, "oscillation_cost": 24.861653142062266, "completition_cost": 0.0, "overshoot_cost": 50.37526423367563, "power_cost": 14.390479138183595, "noise_cost": 21.54340055960378, "n_waypoints_completed": 9, "tot_waypoints": 9}}
{"target": -183.7795592223876, "params": {"k_pid_pos": [0.5422414347942979, 0.013479661173491383, 0.0], "k_pid_alt": [1.505379007583242, 0.005391354043384471, 0.026842903160981504], "k_pid_att": [34.26596890583594, 0.45566747620777526, 0.7415381687479184], "k_pid_yaw": [0.5, 1e-06, 0.1], "k_pid_hsp": [0.11743640729569542, 0.01842453410694747, 0.0], "k_pid_vsp": [75.31048266229661, 105.49791317051681, 5.349439135324954]}, "datetime": {"datetime": "2025-08-11 20:48:50", "elapsed": 15809.544940710068, "delta": 18.087985038757324}, "costs": {"total_cost": 183.7795592223876, "time_cost": 71.834, "final_distance_cost": 1.8510591094979716, "oscillation_cost": 23.703564256442665, "completition_cost": 0.0, "overshoot_cost": 50.4485999643275, "power_cost": 14.2982828125, "noise_cost": 21.644053079619496, "n_waypoints_completed": 9, "tot_waypoints": 9}}
{"target": -237.3294688106438, "params": {"k_pid_pos": [0.6623996208291686, 0.028738956921885526, 0.0004941975892357112], "k_pid_alt": [0.7130891068066051, 0.00020851685532864012, 0.03917928942450454], "k_pid_att": [53.403759419944265, 0.35631210768227306, 0.4859204022958484], "k_pid_yaw": [0.5, 1e-06, 0.1], "k_pid_hsp": [0.032637510824421484, 0.00043891042833488154, 0.0], "k_pid_vsp": [124.45828532156963, 136.5007455970068, 1.8380681511712698]}, "datetime": {"datetime": "2025-08-11 20:49:17", "elapsed": 15836.455693244934, "delta": 26.910752534866333}, "costs": {"total_cost": 237.3294688106438, "time_cost": 108.003, "final_distance_cost": 1.7872311555652065, "oscillation_cost": 13.381379654769617, "completition_cost": 0.0, "overshoot_cost": 62.607440262548465, "power_cost": 19.846281860351564, "noise_cost": 31.70413587740894, "n_waypoints_completed": 9, "tot_waypoints": 9}}
{"target": -183.60868685830948, "params": {"k_pid_pos": [0.5786093257221535, 0.005953279224712692, 0.0], "k_pid_alt": [1.2811605852639316, 0.005499489688341424, 0.01634715377108222], "k_pid_att": [12.178534020218011, 0.4502993372477991, 0.6254940594523887], "k_pid_yaw": [0.5, 1e-06, 0.1], "k_pid_hsp": [0.1039967109235524, 0.01112568926160293, 0.0], "k_pid_vsp": [20.859774318595942, 101.09144627883033, 12.49089825022836]}, "datetime": {"datetime": "2025-08-11 20:49:35", "elapsed": 15854.507427215576, "delta": 18.05173397064209}, "costs": {"total_cost": 183.60868685830948, "time_cost": 71.561, "final_distance_cost": 1.8222529338506919, "oscillation_cost": 22.849654675342123, "completition_cost": 0.0, "overshoot_cost": 51.484726872633345, "power_cost": 17.979912414550782, "noise_cost": 17.91113996193255, "n_waypoints_completed": 9, "tot_waypoints": 9}}
{"target": -191.43371678829823, "params": {"k_pid_pos": [0.39365435433073187, 0.01386791672345126, 0.0016057346532425182], "k_pid_alt": [1.1780867692771524, 0.003212848226814783, 0.020531295847104312], "k_pid_att": [24.776106059312824, 0.37238629348161806, 1.0], "k_pid_yaw": [0.5, 1e-06, 0.1], "k_pid_hsp": [0.05652657574606471, 0.011181494152140028, 0.0], "k_pid_vsp": [92.86401607920737, 105.79951381986359, 4.618061457085036]}, "datetime": {"datetime": "2025-08-11 20:49:55", "elapsed": 15874.504178285599, "delta": 19.996751070022583}, "costs": {"total_cost": 191.43371678829823, "time_cost": 80.605, "final_distance_cost": 1.8341229540445059, "oscillation_cost": 15.670195013221564, "completition_cost": 0.0, "overshoot_cost": 53.917817735965194, "power_cost": 15.331243676757813, "noise_cost": 24.075337408309142, "n_waypoints_completed": 9, "tot_waypoints": 9}}
{"target": -182.3140500631954, "params": {"k_pid_pos": [0.5560303732517333, 0.015747204495104274, 0.0], "k_pid_alt": [1.3988442537497967, 0.006776919215258591, 0.010105225357655198], "k_pid_att": [71.11209946390386, 0.3391553546911279, 0.5395211541004064], "k_pid_yaw": [0.5, 1e-06, 0.1], "k_pid_hsp": [0.09704479759546225, 0.010294821297427094, 0.0], "k_pid_vsp": [54.96125609437406, 166.67641104115435, 3.8939021328139183]}, "datetime": {"datetime": "2025-08-11 20:50:13", "elapsed": 15892.644129276276, "delta": 18.13995099067688}, "costs": {"total_cost": 182.3140500631954, "time_cost": 71.673, "final_distance_cost": 1.8207380145600096, "oscillation_cost": 21.812896259108104, "completition_cost": 0.0, "overshoot_cost": 51.40495739566316, "power_cost": 14.351368225097657, "noise_cost": 21.25109016876651, "n_waypoints_completed": 9, "tot_waypoints": 9}}
{"target": -182.90952514291064, "params": {"k_pid_pos": [0.6599837538004799, 0.011006969700443653, 0.0026441826314295576], "k_pid_alt": [1.2973574835405077, 0.006399388737531012, 0.03751880163134611], "k_pid_att": [47.60555188881309, 0.4079423694646717, 0.7019028790058002], "k_pid_yaw": [0.5, 1e-06, 0.1], "k_pid_hsp": [0.1581878209289018, 0.012077435849183337, 0.0], "k_pid_vsp": [72.57211494646094, 74.02568769258718, 6.535479800908349]}, "datetime": {"datetime": "2025-08-11 20:50:31", "elapsed": 15910.372326135635, "delta": 17.72819685935974}, "costs": {"total_cost": 182.90952514291064, "time_cost": 70.483, "final_distance_cost": 1.8435483497694864, "oscillation_cost": 25.038715594290803, "completition_cost": 0.0, "overshoot_cost": 50.2248745220571, "power_cost": 14.17119637451172, "noise_cost": 21.148190302281535, "n_waypoints_completed": 9, "tot_waypoints": 9}}
{"target": -195.54285231969473, "params": {"k_pid_pos": [0.4229943239556088, 0.028721553049822306, 0.0015894707721368275], "k_pid_alt": [1.2408861566774811, 0.0027014969479497147, 0.026090270739889693], "k_pid_att": [28.76482305777603, 0.5611137837798014, 0.31376833268915455], "k_pid_yaw": [0.5, 1e-06, 0.1], "k_pid_hsp": [0.05829832636886145, 0.006831058294044348, 0.0], "k_pid_vsp": [141.8527928045209, 9.228663384927723, 4.179267329986016]}, "datetime": {"datetime": "2025-08-11 20:50:51", "elapsed": 15930.927278995514, "delta": 20.55495285987854}, "costs": {"total_cost": 195.54285231969473, "time_cost": 82.446, "final_distance_cost": 1.7958637522406316, "oscillation_cost": 15.739615432101848, "completition_cost": 0.0, "overshoot_cost": 55.04180924621634, "power_cost": 15.560561303710939, "noise_cost": 24.959002585425008, "n_waypoints_completed": 9, "tot_waypoints": 9}}
{"target": -185.4099661647169, "params": {"k_pid_pos": [0.6097012900075947, 0.0037006507379870137, 0.0006642793584014494], "k_pid_alt": [0.8241698566406485, 0.006427258473488986, 0.028068080457051985], "k_pid_att": [43.51889752871961, 0.5251405266227759, 0.33526438306001866], "k_pid_yaw": [0.5, 1e-06, 0.1], "k_pid_hsp": [0.13785672431119034, 0.0120217898721011, 0.0], "k_pid_vsp": [67.04992853272951, 71.22721421076281, 4.120404436204789]}, "datetime": {"datetime": "2025-08-11 20:51:10", "elapsed": 15949.995973587036, "delta": 19.068694591522217}, "costs": {"total_cost": 185.4099661647169, "time_cost": 72.212, "final_distance_cost": 1.846788661043863, "oscillation_cost": 24.496975944654626, "completition_cost": 0.0, "overshoot_cost": 51.04005331020838, "power_cost": 14.386271911621094, "noise_cost": 21.427876337188923, "n_waypoints_completed": 9, "tot_waypoints": 9}}
{"target": -183.42746128803032, "params": {"k_pid_pos": [0.5717200701898091, 0.020088319714132285, 0.0021603520900251682], "k_pid_alt": [1.5937598262462498, 0.00656487605661596, 0.0408548720275655], "k_pid_att": [43.15472851910831, 0.4623221413707306, 0.8811883069422729], "k_pid_yaw": [0.5, 1e-06, 0.1], "k_pid_hsp": [0.1399608528196129, 0.010946555444170664, 0.0], "k_pid_vsp": [89.22828028945487, 77.85103722873363, 4.895052996170835]}, "datetime": {"datetime": "2025-08-11 20:51:28", "elapsed": 15967.971021175385, "delta": 17.97504758834839}, "costs": {"total_cost": 183.42746128803032, "time_cost": 71.533, "final_distance_cost": 1.8434898865005207, "oscillation_cost": 23.633396933531113, "completition_cost": 0.0, "overshoot_cost": 50.61148536636777, "power_cost": 14.241542724609376, "noise_cost": 21.564546377021514, "n_waypoints_completed": 9, "tot_waypoints": 9}}
{"target": -670.8376648022796, "params": {"k_pid_pos": [0.6443742284220293, 0.015330820061156413, 0.0035776265583115975], "k_pid_alt": [0.3467654207212976, 0.004611706621141118, 0.034224728037311296], "k_pid_att": [48.9922038395509, 0.3942496944201126, 0.9208008321780415], "k_pid_yaw": [0.5, 1e-06, 0.1], "k_pid_hsp": [0.019602937552699245, 0.011081843094809475, 0.0], "k_pid_vsp": [57.06960853361583, 124.1471176839076, 4.911842119653591]}, "datetime": {"datetime": "2025-08-11 20:51:58", "elapsed": 15998.295288562775, "delta": 30.324267387390137}, "costs": {"total_cost": 670.8376648022796, "time_cost": 150, "final_distance_cost": 67.91477638538012, "oscillation_cost": 12.422362889595094, "completition_cost": 333.33333333333337, "overshoot_cost": 52.353100574460385, "power_cost": 21.929569982910156, "noise_cost": 32.884521636600375, "n_waypoints_completed": 6, "tot_waypoints": 9}}
{"target": -192.22986409306498, "params": {"k_pid_pos": [0.8520099506209448, 0.007863679650528524, 0.001888172119034833], "k_pid_alt": [0.5890909295674072, 0.005106283792164102, 0.02316318340440737], "k_pid_att": [47.078453027342306, 0.26541137062456366, 0.028130027099115978], "k_pid_yaw": [0.5, 1e-06, 0.1], "k_pid_hsp": [0.10067390280321886, 0.010917017180742944, 0.0], "k_pid_vsp": [119.6537433255009, 128.328399643681, 5.094134482873769]}, "datetime": {"datetime": "2025-08-11 20:52:17", "elapsed": 16017.23224902153, "delta": 18.936960458755493}, "costs": {"total_cost": 192.22986409306498, "time_cost": 74.606, "final_distance_cost": 1.8119924350270928, "oscillation_cost": 28.98751332577954, "completition_cost": 0.0, "overshoot_cost": 50.40735482756921, "power_cost": 14.894570361328126, "noise_cost": 21.522433143361, "n_waypoints_completed": 9, "tot_waypoints": 9}}
{"target": -182.40155877823292, "params": {"k_pid_pos": [0.537266492746114, 0.00969890428975353, 0.0007203857598572319], "k_pid_alt": [1.4610462441326522, 0.0014728447074597595, 0.02843414419495618], "k_pid_att": [91.61408303321555, 0.8768575840463843, 0.7752790734562537], "k_pid_yaw": [0.5, 1e-06, 0.1], "k_pid_hsp": [0.08982430102007588, 0.005252379098229027, 0.0], "k_pid_vsp": [73.25693594127712, 63.23940575266727, 6.110426992838852]}, "datetime": {"datetime": "2025-08-11 20:52:36", "elapsed": 16036.09772849083, "delta": 18.865479469299316}, "costs": {"total_cost": 182.40155877823292, "time_cost": 72.45, "final_distance_cost": 1.829606033673192, "oscillation_cost": 20.039289157383948, "completition_cost": 0.0, "overshoot_cost": 52.025272865077525, "power_cost": 14.18052840576172, "noise_cost": 21.876862316336528, "n_waypoints_completed": 9, "tot_waypoints": 9}}
