{"target": -1239.3830893093932, "params": {"k_pid_pos": [0.0001, 0.22633637794604056, 0.5832939788311161], "k_pid_alt": [2.0, 0.0, 0.6980596276096517], "k_pid_att": [44.82395030308337, 0.0001, 0.8875156648107696], "k_pid_yaw": [0.5, 1e-06, 0.1], "k_pid_hsp": [1.7570341676641676, 0.04569601914116587, 0.0], "k_pid_vsp": [52.298322493295906, 28.307890358123597, 35.66836603477435]}, "datetime": {"datetime": "2025-08-11 17:11:51", "elapsed": 2790.9297890663147, "delta": 30.434170722961426}, "costs": {"total_cost": 1239.3830893093932, "time_cost": 150, "final_distance_cost": 65.41569333648124, "oscillation_cost": 6.202744570010147, "completition_cost": 888.8888888888888, "overshoot_cost": 71.22977735670088, "power_cost": 29.47749782714844, "noise_cost": 28.168487330163668, "n_waypoints_completed": 1, "tot_waypoints": 9}}
{"target": -276.5971476028014, "params": {"k_pid_pos": [0.6669596958378133, 0.1914248236339001, 0.2270229634620502], "k_pid_alt": [1.5861576024958712, 0.03135624990506592, 1.0], "k_pid_att": [21.972771451519453, 4.037317997846539, 0.0], "k_pid_yaw": [0.5, 1e-06, 0.1], "k_pid_hsp": [3.523669997866325, 0.0373578445743094, 0.0], "k_pid_vsp": [0.0, 177.5808054065955, 15.930368017883671]}, "datetime": {"datetime": "2025-08-11 17:12:10", "elapsed": 2810.2164311408997, "delta": 19.28664207458496}, "costs": {"total_cost": 276.5971476028014, "time_cost": 78.477, "final_distance_cost": 1.8366334070272292, "oscillation_cost": 101.64151077524528, "completition_cost": 0.0, "overshoot_cost": 53.585513911984094, "power_cost": 20.4442484375, "noise_cost": 20.612241071044775, "n_waypoints_completed": 9, "tot_waypoints": 9}}
{"target": -295.5668110857266, "params": {"k_pid_pos": [0.7784378779801724, 0.3848430615591192, 0.8469136008054495], "k_pid_alt": [1.7499092292906724, 0.015599891190595414, 0.764744905302606], "k_pid_att": [33.632571917871076, 6.994683761268663, 0.6576875390999345], "k_pid_yaw": [0.5, 1e-06, 0.1], "k_pid_hsp": [7.721244402387836, 0.019257722795910013, 0.0283980082552933], "k_pid_vsp": [27.531744983602593, 88.1120878601509, 3.5654232317792456]}, "datetime": {"datetime": "2025-08-11 17:12:30", "elapsed": 2830.340141057968, "delta": 20.12370991706848}, "costs": {"total_cost": 295.5668110857266, "time_cost": 81.172, "final_distance_cost": 1.8293043968247618, "oscillation_cost": 118.06091706942804, "completition_cost": 0.0, "overshoot_cost": 51.84336440341547, "power_cost": 18.87903502197266, "noise_cost": 23.782190194085643, "n_waypoints_completed": 9, "tot_waypoints": 9}}
{"target": -597.0202549468553, "params": {"k_pid_pos": [0.3649186121583296, 0.464211020344884, 0.49097724163735723], "k_pid_alt": [1.5436493502063453, 0.073364809050033, 0.36042465731044193], "k_pid_att": [29.45291521412511, 0.4664334144163223, 1.0], "k_pid_yaw": [0.5, 1e-06, 0.1], "k_pid_hsp": [0.4148724496762967, 0.0, 0.041845415369695826], "k_pid_vsp": [97.63450768498109, 59.3229916051307, 1e-06]}, "datetime": {"datetime": "2025-08-11 17:13:01", "elapsed": 2860.8638105392456, "delta": 30.523669481277466}, "costs": {"total_cost": 597.0202549468553, "time_cost": 150, "final_distance_cost": 64.65513943330612, "oscillation_cost": 57.629654549795106, "completition_cost": 222.2222222222222, "overshoot_cost": 45.62595631079832, "power_cost": 24.303214392089846, "noise_cost": 32.58406803864362, "n_waypoints_completed": 7, "tot_waypoints": 9}}
{"target": -204.6138964861969, "params": {"k_pid_pos": [1.6031095058076474, 0.2997832503248503, 0.09750304232007734], "k_pid_alt": [2.0, 0.05409755982774759, 0.7973996656978919], "k_pid_att": [28.15983113685893, 4.0976520752210535, 0.32461622340643126], "k_pid_yaw": [0.5, 1e-06, 0.1], "k_pid_hsp": [1.8860126871941318, 0.03875310606583054, 0.0], "k_pid_vsp": [140.67830373367858, 43.10192190799634, 1e-06]}, "datetime": {"datetime": "2025-08-11 17:13:20", "elapsed": 2879.6631574630737, "delta": 18.799346923828125}, "costs": {"total_cost": 204.6138964861969, "time_cost": 74.746, "final_distance_cost": 1.780890922012835, "oscillation_cost": 37.69253614045115, "completition_cost": 0.0, "overshoot_cost": 51.741220279898144, "power_cost": 16.302559899902345, "noise_cost": 22.350689243932433, "n_waypoints_completed": 9, "tot_waypoints": 9}}
{"target": -354.1465149834824, "params": {"k_pid_pos": [0.5641959175796786, 0.1826937597368621, 0.7866029998976116], "k_pid_alt": [2.0, 0.0, 1.0], "k_pid_att": [35.434514884933, 6.5333456480121574, 0.5607512652220062], "k_pid_yaw": [0.5, 1e-06, 0.1], "k_pid_hsp": [5.03826147860177, 0.0, 0.02582599575026573], "k_pid_vsp": [70.16396367520859, 1e-06, 41.848751822023374]}, "datetime": {"datetime": "2025-08-11 17:13:45", "elapsed": 2904.5666477680206, "delta": 24.9034903049469}, "costs": {"total_cost": 354.1465149834824, "time_cost": 100.842, "final_distance_cost": 1.848825047114747, "oscillation_cost": 139.6900621551537, "completition_cost": 0.0, "overshoot_cost": 60.53039894650865, "power_cost": 26.14841064453125, "noise_cost": 25.086818190174107, "n_waypoints_completed": 9, "tot_waypoints": 9}}
{"target": -413.43938943819984, "params": {"k_pid_pos": [1.3404368292690279, 0.5103667967557869, 0.2257112087462628], "k_pid_alt": [0.9854865789311852, 0.0, 0.5696988690797817], "k_pid_att": [60.68188319114802, 2.229361867674546, 0.28251930027703037], "k_pid_yaw": [0.5, 1e-06, 0.1], "k_pid_hsp": [8.058326347358687, 0.03818455511780724, 0.026035264611197723], "k_pid_vsp": [60.99733397673699, 60.21481551202402, 1e-06]}, "datetime": {"datetime": "2025-08-11 17:14:05", "elapsed": 2925.116539478302, "delta": 20.549891710281372}, "costs": {"total_cost": 413.43938943819984, "time_cost": 81.718, "final_distance_cost": 1.7827589309873695, "oscillation_cost": 235.0998145364114, "completition_cost": 0.0, "overshoot_cost": 52.416952231583544, "power_cost": 20.129392895507813, "noise_cost": 22.292470843709758, "n_waypoints_completed": 9, "tot_waypoints": 9}}
{"target": -264.9608115414384, "params": {"k_pid_pos": [1.6568592082560132, 0.2948114985551441, 0.5444618755869058], "k_pid_alt": [0.9544175606106919, 0.0, 0.7748770059136797], "k_pid_att": [4.759642780383931, 6.584519555111817, 0.9446206717849958], "k_pid_yaw": [0.5, 1e-06, 0.1], "k_pid_hsp": [5.366472134426021, 0.051087611055365106, 0.03354988122953617], "k_pid_vsp": [58.00635945782952, 59.99218057863603, 1e-06]}, "datetime": {"datetime": "2025-08-11 17:14:26", "elapsed": 2945.652672767639, "delta": 20.536133289337158}, "costs": {"total_cost": 264.9608115414384, "time_cost": 83.265, "final_distance_cost": 1.8449099206378272, "oscillation_cost": 87.34704224283166, "completition_cost": 0.0, "overshoot_cost": 50.04863615934166, "power_cost": 18.601855090332034, "noise_cost": 23.853368128295177, "n_waypoints_completed": 9, "tot_waypoints": 9}}
{"target": -233.88878069301546, "params": {"k_pid_pos": [1.0902151356702026, 0.2039520038415055, 0.6255742647204717], "k_pid_alt": [2.0, 0.06753938317746748, 0.6602467674501501], "k_pid_att": [38.1201321488705, 0.0001, 0.6472272771716934], "k_pid_yaw": [0.5, 1e-06, 0.1], "k_pid_hsp": [0.8956909174740124, 0.17890387553563658, 0.021808165217588975], "k_pid_vsp": [18.969915342214293, 188.4977648329045, 2.044606911832847]}, "datetime": {"datetime": "2025-08-11 17:14:47", "elapsed": 2966.9481163024902, "delta": 21.295443534851074}, "costs": {"total_cost": 233.88878069301546, "time_cost": 84.476, "final_distance_cost": 1.8017330638936089, "oscillation_cost": 54.437846816112014, "completition_cost": 0.0, "overshoot_cost": 50.934211491529254, "power_cost": 18.35904479980469, "noise_cost": 23.87994452167591, "n_waypoints_completed": 9, "tot_waypoints": 9}}
{"target": -344.4863916887539, "params": {"k_pid_pos": [0.37998719489451177, 0.3277974237886973, 0.3820771018640112], "k_pid_alt": [0.6279626438280616, 0.0, 0.5000255464412747], "k_pid_att": [51.71538369799517, 7.041891798566636, 1.0], "k_pid_yaw": [0.5, 1e-06, 0.1], "k_pid_hsp": [4.345080899716767, 0.10466675431723833, 0.0700947663824195], "k_pid_vsp": [165.62329122140937, 57.887980389235146, 1e-06]}, "datetime": {"datetime": "2025-08-11 17:15:11", "elapsed": 2990.547050476074, "delta": 23.598934173583984}, "costs": {"total_cost": 344.4863916887539, "time_cost": 94.395, "final_distance_cost": 1.8302699275450354, "oscillation_cost": 146.7148764037532, "completition_cost": 0.0, "overshoot_cost": 53.279968192720546, "power_cost": 23.42663057861328, "noise_cost": 24.839646586121766, "n_waypoints_completed": 9, "tot_waypoints": 9}}
{"target": -269.86269806761686, "params": {"k_pid_pos": [0.28259404631002366, 0.10802849976378387, 0.3664566927047214], "k_pid_alt": [2.0, 0.0, 1.0], "k_pid_att": [46.2780327185423, 6.326223440920846, 0.6200104457142422], "k_pid_yaw": [0.5, 1e-06, 0.1], "k_pid_hsp": [5.1633871301828185, 0.07808492419534906, 0.0], "k_pid_vsp": [46.16121384118585, 2.9389491300044503, 0.6960310053490112]}, "datetime": {"datetime": "2025-08-11 17:15:37", "elapsed": 3016.8144521713257, "delta": 26.267401695251465}, "costs": {"total_cost": 269.86269806761686, "time_cost": 106.554, "final_distance_cost": 1.8487900109102886, "oscillation_cost": 46.2751101903326, "completition_cost": 0.0, "overshoot_cost": 59.653627285429124, "power_cost": 20.62189440917969, "noise_cost": 34.90927617176513, "n_waypoints_completed": 9, "tot_waypoints": 9}}
{"target": -1463.4133263391009, "params": {"k_pid_pos": [1.2617572775536658, 0.09860694559934476, 0.5676415177940997], "k_pid_alt": [1.9613628157401493, 0.12428157790266492, 0.9480461020400847], "k_pid_att": [61.87622641170524, 7.728823593642762, 0.6637688592889619], "k_pid_yaw": [0.5, 1e-06, 0.1], "k_pid_hsp": [6.4617780212750455, 0.06818026033141283, 0.0], "k_pid_vsp": [0.0, 1e-06, 1e-06]}, "datetime": {"datetime": "2025-08-11 17:16:07", "elapsed": 3046.7336955070496, "delta": 29.919243335723877}, "costs": {"total_cost": 1463.4133263391009, "time_cost": 150, "final_distance_cost": 1.0000007369644732, "oscillation_cost": 7.242494482723253, "completition_cost": 1000.0, "overshoot_cost": 163.0692317770055, "power_cost": 10.099066186523437, "noise_cost": 132.00253315588412, "n_waypoints_completed": 0, "tot_waypoints": 9}}
{"target": -1239.4754734163078, "params": {"k_pid_pos": [0.0001, 0.5836670000036471, 0.46956559036442136], "k_pid_alt": [2.0, 0.0, 0.3249179164009737], "k_pid_att": [68.50007784051188, 5.825794585973345, 0.6634051368657093], "k_pid_yaw": [0.5, 1e-06, 0.1], "k_pid_hsp": [0.0001, 0.0, 0.0], "k_pid_vsp": [325.2044438812706, 76.95645312785501, 1e-06]}, "datetime": {"datetime": "2025-08-11 17:16:37", "elapsed": 3076.50194644928, "delta": 29.768250942230225}, "costs": {"total_cost": 1239.4754734163078, "time_cost": 150, "final_distance_cost": 46.220132425540655, "oscillation_cost": 0.005569134794148707, "completition_cost": 888.8888888888888, "overshoot_cost": 100.25669345101775, "power_cost": 21.007052697753906, "noise_cost": 33.0971368183125, "n_waypoints_completed": 1, "tot_waypoints": 9}}
{"target": -252.82967009631372, "params": {"k_pid_pos": [1.0235169797006167, 0.42928460550383263, 0.5648437152692712], "k_pid_alt": [1.6573193021458221, 0.06497606541022655, 0.5226451943011127], "k_pid_att": [8.700638440275993, 1.4006027033712176, 0.3980158370187312], "k_pid_yaw": [0.5, 1e-06, 0.1], "k_pid_hsp": [6.16165094946459, 0.0, 0.025351553912457424], "k_pid_vsp": [102.25372331412505, 64.25525661529944, 23.76153911226609]}, "datetime": {"datetime": "2025-08-11 17:17:00", "elapsed": 3100.209153175354, "delta": 23.70720672607422}, "costs": {"total_cost": 252.82967009631372, "time_cost": 95.62, "final_distance_cost": 1.7942027095491357, "oscillation_cost": 55.54331088403108, "completition_cost": 0.0, "overshoot_cost": 52.49502903239714, "power_cost": 24.097054516601563, "noise_cost": 23.28007295373481, "n_waypoints_completed": 9, "tot_waypoints": 9}}
{"target": -1169.5872701444353, "params": {"k_pid_pos": [0.4685167716099967, 0.4860654701355824, 0.4922658932877653], "k_pid_alt": [1.9579951587328221, 0.009972498819941847, 0.2281441833475335], "k_pid_att": [23.601764676508527, 5.30022734113675, 0.29395539781796315], "k_pid_yaw": [0.5, 1e-06, 0.1], "k_pid_hsp": [0.0443131262456801, 0.5322292552620194, 0.0], "k_pid_vsp": [131.83562407711108, 50.08924167618965, 4.337337209364704]}, "datetime": {"datetime": "2025-08-11 17:17:30", "elapsed": 3129.74063706398, "delta": 29.5314838886261}, "costs": {"total_cost": 1169.5872701444353, "time_cost": 150, "final_distance_cost": 82.26050819859995, "oscillation_cost": 143.00952125680286, "completition_cost": 666.6666666666667, "overshoot_cost": 58.873190069351615, "power_cost": 33.3337845703125, "noise_cost": 35.4435993827016, "n_waypoints_completed": 3, "tot_waypoints": 9}}
{"target": -1460.3893929260898, "params": {"k_pid_pos": [1.4095276559080245, 0.3558524054469294, 0.6987041211355325], "k_pid_alt": [1.618741813718838, 0.003991453242129572, 1.0], "k_pid_att": [24.430137170822302, 1.139753284658996, 1.0], "k_pid_yaw": [0.5, 1e-06, 0.1], "k_pid_hsp": [2.825164537467456, 0.0, 0.005569898628643428], "k_pid_vsp": [0.0, 1e-06, 5.59613954430715]}, "datetime": {"datetime": "2025-08-11 17:18:00", "elapsed": 3160.185591697693, "delta": 30.44495463371277}, "costs": {"total_cost": 1460.3893929260898, "time_cost": 150, "final_distance_cost": 1.0000000000001241, "oscillation_cost": 4.268017094868498, "completition_cost": 1000.0, "overshoot_cost": 163.07323925096628, "power_cost": 10.264191748046876, "noise_cost": 131.78394483220822, "n_waypoints_completed": 0, "tot_waypoints": 9}}
{"target": -1469.908868112999, "params": {"k_pid_pos": [1.0156259023034677, 0.18995045606648522, 0.3266200432130794], "k_pid_alt": [2.0, 0.0, 1.0], "k_pid_att": [20.972857356391522, 6.633019750595635, 0.5542245599162512], "k_pid_yaw": [0.5, 1e-06, 0.1], "k_pid_hsp": [3.1168783917254053, 0.0326468216228941, 0.0], "k_pid_vsp": [25.346576645169105, 82.60360914048037, 96.96810040322124]}, "datetime": {"datetime": "2025-08-11 17:18:30", "elapsed": 3190.052507162094, "delta": 29.866915464401245}, "costs": {"total_cost": 1469.908868112999, "time_cost": 150, "final_distance_cost": 0.9981906748133925, "oscillation_cost": 11.971922188251348, "completition_cost": 1000.0, "overshoot_cost": 163.05935387620536, "power_cost": 29.12709910888672, "noise_cost": 114.75230226484227, "n_waypoints_completed": 0, "tot_waypoints": 9}}
{"target": -623.3681309036732, "params": {"k_pid_pos": [0.8651778415846051, 0.2494742790610657, 0.9296089432079069], "k_pid_alt": [1.830790182888478, 0.04942264227900429, 0.44468204273449824], "k_pid_att": [24.624579037393882, 7.123999221793459, 0.9480405189210496], "k_pid_yaw": [0.5, 1e-06, 0.1], "k_pid_hsp": [0.0001, 0.0166154841614128, 0.008314013795055213], "k_pid_vsp": [50.9526827749224, 68.6222180339295, 1e-06]}, "datetime": {"datetime": "2025-08-11 17:19:00", "elapsed": 3220.2573952674866, "delta": 30.204888105392456}, "costs": {"total_cost": 623.3681309036732, "time_cost": 150, "final_distance_cost": 61.074197270138, "oscillation_cost": 17.42934732884983, "completition_cost": 222.2222222222222, "overshoot_cost": 117.93223279202226, "power_cost": 21.981987561035158, "noise_cost": 32.72814372940583, "n_waypoints_completed": 7, "tot_waypoints": 9}}
{"target": -291.8100148781928, "params": {"k_pid_pos": [0.2546608545333544, 0.3035838035600796, 0.3313973386013338], "k_pid_alt": [2.0, 0.0, 1.0], "k_pid_att": [52.92221745916979, 6.057791759571072, 0.6332481272853497], "k_pid_yaw": [0.5, 1e-06, 0.1], "k_pid_hsp": [1.166507318103924, 0.0, 0.021957089463457036], "k_pid_vsp": [172.2386457960326, 135.8128438932716, 1e-06]}, "datetime": {"datetime": "2025-08-11 17:19:27", "elapsed": 3247.033202648163, "delta": 26.77580738067627}, "costs": {"total_cost": 291.8100148781928, "time_cost": 106.491, "final_distance_cost": 1.8333157295134865, "oscillation_cost": 74.57401723445128, "completition_cost": 0.0, "overshoot_cost": 55.81126918340137, "power_cost": 21.29075244140625, "noise_cost": 31.809660289420453, "n_waypoints_completed": 9, "tot_waypoints": 9}}
{"target": -218.44312600743402, "params": {"k_pid_pos": [0.32649985059909503, 0.2784395949466573, 0.1236997064917988], "k_pid_alt": [0.8397397311414823, 0.006493148214514785, 0.652976269476286], "k_pid_att": [31.96726265403993, 6.1813681568023595, 0.9526971713854425], "k_pid_yaw": [0.5, 1e-06, 0.1], "k_pid_hsp": [4.344155509046947, 0.10258129341014048, 0.0], "k_pid_vsp": [291.42097251773436, 86.96926098156202, 14.250147207869238]}, "datetime": {"datetime": "2025-08-11 17:19:49", "elapsed": 3269.305200815201, "delta": 22.271998167037964}, "costs": {"total_cost": 218.44312600743402, "time_cost": 89.544, "final_distance_cost": 1.8270917615560276, "oscillation_cost": 30.861142823663165, "completition_cost": 0.0, "overshoot_cost": 52.03392973423582, "power_cost": 22.154680126953124, "noise_cost": 22.022281561025885, "n_waypoints_completed": 9, "tot_waypoints": 9}}
{"target": -202.58200208357937, "params": {"k_pid_pos": [2.0, 0.3090461885440471, 0.09714901817202158], "k_pid_alt": [1.6025620480875347, 0.008945940842628468, 0.8880361191436168], "k_pid_att": [20.312656646331853, 1.4106590724935189, 1.0], "k_pid_yaw": [0.5, 1e-06, 0.1], "k_pid_hsp": [0.6795272961852681, 0.06602348497496946, 0.0], "k_pid_vsp": [363.92641382107234, 1.6705674585556618, 18.500082682391746]}, "datetime": {"datetime": "2025-08-11 17:20:07", "elapsed": 3287.1266746520996, "delta": 17.821473836898804}, "costs": {"total_cost": 202.58200208357937, "time_cost": 72.751, "final_distance_cost": 1.7898333488027216, "oscillation_cost": 37.74825590955132, "completition_cost": 0.0, "overshoot_cost": 51.75397083700426, "power_cost": 19.657010266113282, "noise_cost": 18.881931722107787, "n_waypoints_completed": 9, "tot_waypoints": 9}}
{"target": -566.5925950257448, "params": {"k_pid_pos": [1.1729564425736736, 0.4340338272596407, 0.2186980225546037], "k_pid_alt": [1.000812888704715, 0.0072445524418034745, 0.8543333852967874], "k_pid_att": [52.930285803579004, 2.816907949993224, 0.06860764032412513], "k_pid_yaw": [0.5, 1e-06, 0.1], "k_pid_hsp": [0.5644453280863736, 0.02376624222159394, 0.05830239704776589], "k_pid_vsp": [352.2552617783681, 4.207762520158792, 1e-06]}, "datetime": {"datetime": "2025-08-11 17:20:29", "elapsed": 3308.9201464653015, "delta": 21.793471813201904}, "costs": {"total_cost": 566.5925950257448, "time_cost": 89.145, "final_distance_cost": 1.8179452092605841, "oscillation_cost": 371.88865932916286, "completition_cost": 0.0, "overshoot_cost": 54.59599847655308, "power_cost": 25.178541540527345, "noise_cost": 23.96645047024089, "n_waypoints_completed": 9, "tot_waypoints": 9}}
{"target": -206.96662110647975, "params": {"k_pid_pos": [0.4281255396497105, 0.270588313202712, 0.2949047401740601], "k_pid_alt": [2.0, 0.0, 0.9975069028788216], "k_pid_att": [39.35211236806434, 5.548189922910339, 1.0], "k_pid_yaw": [0.5, 1e-06, 0.1], "k_pid_hsp": [1.705891368367416, 0.03721268475827505, 0.0], "k_pid_vsp": [161.70225064513485, 53.02057889402897, 12.014481761421445]}, "datetime": {"datetime": "2025-08-11 17:20:50", "elapsed": 3329.5842051506042, "delta": 20.664058685302734}, "costs": {"total_cost": 206.96662110647975, "time_cost": 83.461, "final_distance_cost": 1.8337201213240453, "oscillation_cost": 26.952402389761193, "completition_cost": 0.0, "overshoot_cost": 52.38826394908087, "power_cost": 21.0689765625, "noise_cost": 21.26225808381365, "n_waypoints_completed": 9, "tot_waypoints": 9}}
{"target": -203.44319405520767, "params": {"k_pid_pos": [0.9780277819148168, 0.28027817163810415, 0.34554320894407087], "k_pid_alt": [2.0, 0.008618681028763094, 1.0], "k_pid_att": [54.21373899865039, 9.062396544242707, 1.0], "k_pid_yaw": [0.5, 1e-06, 0.1], "k_pid_hsp": [0.6571174975453502, 0.005136077290870168, 0.0028074049460079468], "k_pid_vsp": [252.6537339571912, 81.48654730751183, 1e-06]}, "datetime": {"datetime": "2025-08-11 17:21:10", "elapsed": 3349.4210267066956, "delta": 19.83682155609131}, "costs": {"total_cost": 203.44319405520767, "time_cost": 77.077, "final_distance_cost": 1.82377996829867, "oscillation_cost": 34.20298951097307, "completition_cost": 0.0, "overshoot_cost": 51.57701481382648, "power_cost": 15.684492199707032, "noise_cost": 23.077917562402433, "n_waypoints_completed": 9, "tot_waypoints": 9}}
{"target": -204.70389962137057, "params": {"k_pid_pos": [1.764810080690977, 0.2382012764778839, 0.04857038416056155], "k_pid_alt": [1.4953801708776817, 0.005223337516608632, 1.0], "k_pid_att": [41.414472253415944, 8.569772492701306, 0.0], "k_pid_yaw": [0.5, 1e-06, 0.1], "k_pid_hsp": [0.7570717811564168, 0.05480331166192632, 0.0], "k_pid_vsp": [49.5182539430237, 53.15885057850996, 20.540940674621442]}, "datetime": {"datetime": "2025-08-11 17:21:28", "elapsed": 3367.3687431812286, "delta": 17.94771647453308}, "costs": {"total_cost": 204.70389962137057, "time_cost": 71.96000000000001, "final_distance_cost": 1.8035334105530405, "oscillation_cost": 42.336420681346716, "completition_cost": 0.0, "overshoot_cost": 50.7085980776355, "power_cost": 19.306986486816406, "noise_cost": 18.58836096501887, "n_waypoints_completed": 9, "tot_waypoints": 9}}
{"target": -258.22986983088185, "params": {"k_pid_pos": [1.5393311420382652, 0.2929765328722043, 0.23277028735644142], "k_pid_alt": [0.8810452518624343, 0.004062407437440981, 0.36772294812081263], "k_pid_att": [45.6649205166786, 6.944150121154004, 1.0], "k_pid_yaw": [0.5, 1e-06, 0.1], "k_pid_hsp": [4.95479277518697, 0.055043386850245075, 0.03594398178358397], "k_pid_vsp": [170.09218037921315, 64.49858068180514, 7.398402466857051]}, "datetime": {"datetime": "2025-08-11 17:21:47", "elapsed": 3387.14915060997, "delta": 19.780407428741455}, "costs": {"total_cost": 258.22986983088185, "time_cost": 79.996, "final_distance_cost": 1.8142745507727787, "oscillation_cost": 83.5050853782928, "completition_cost": 0.0, "overshoot_cost": 51.71843747281699, "power_cost": 18.184332348632815, "noise_cost": 23.011740080366483, "n_waypoints_completed": 9, "tot_waypoints": 9}}
