{"target": -182.1248092487208, "params": {"k_pid_pos": [0.599418901440104, 0.0039803614208855495, 0.0008313865148247194], "k_pid_alt": [1.76554979964161, 0.0039361418629782355, 0.009839936051007515], "k_pid_att": [21.466456521424575, 0.5110060548052556, 1.0], "k_pid_yaw": [0.5, 1e-06, 0.1], "k_pid_hsp": [0.11098683503045796, 0.010586322512620499, 0.0], "k_pid_vsp": [114.05698202308184, 87.46726383229718, 5.628796068372494]}, "datetime": {"datetime": "2025-08-12 01:19:25", "elapsed": 32044.68610572815, "delta": 18.195918560028076}, "costs": {"total_cost": 182.1248092487208, "time_cost": 71.06400000000001, "final_distance_cost": 1.8240811744143048, "oscillation_cost": 22.681148522881845, "completition_cost": 0.0, "overshoot_cost": 51.03901907008492, "power_cost": 14.1722248046875, "noise_cost": 21.344335676652246, "n_waypoints_completed": 9, "tot_waypoints": 9}}
{"target": -182.1809160030444, "params": {"k_pid_pos": [0.660648944100794, 0.006042491026067006, 0.0005349294674213699], "k_pid_alt": [1.5829755364554667, 0.0040930413762335265, 0.003375623624404451], "k_pid_att": [27.960569159063564, 0.3038444277081986, 0.7433882187278141], "k_pid_yaw": [0.5, 1e-06, 0.1], "k_pid_hsp": [0.0986421133675668, 0.007441271957178655, 0.0], "k_pid_vsp": [36.89944076772209, 136.5164157251203, 5.102829738776757]}, "datetime": {"datetime": "2025-08-12 01:19:44", "elapsed": 32063.465199947357, "delta": 18.779094219207764}, "costs": {"total_cost": 182.1809160030444, "time_cost": 70.84, "final_distance_cost": 1.819261892003871, "oscillation_cost": 23.676656438742537, "completition_cost": 0.0, "overshoot_cost": 50.74891172837062, "power_cost": 14.283336877441407, "noise_cost": 20.812749066485964, "n_waypoints_completed": 9, "tot_waypoints": 9}}
{"target": -184.565466424597, "params": {"k_pid_pos": [0.5258870318956624, 0.006103940401735675, 0.0004922500524708353], "k_pid_alt": [1.1745111322564006, 0.002942401802026942, 0.017979175114089984], "k_pid_att": [28.852024077936704, 0.45375159062886494, 0.8148430720519123], "k_pid_yaw": [0.5, 1e-06, 0.1], "k_pid_hsp": [0.13131248006021626, 0.005532138660583182, 0.0], "k_pid_vsp": [120.29517404462506, 136.55554249595306, 4.322591953255593]}, "datetime": {"datetime": "2025-08-12 01:20:02", "elapsed": 32081.623994350433, "delta": 18.158794403076172}, "costs": {"total_cost": 184.565466424597, "time_cost": 72.821, "final_distance_cost": 1.8357294463342646, "oscillation_cost": 22.539497562888585, "completition_cost": 0.0, "overshoot_cost": 50.94308061297748, "power_cost": 14.380367309570314, "noise_cost": 22.04579149282633, "n_waypoints_completed": 9, "tot_waypoints": 9}}
{"target": -182.40251522464814, "params": {"k_pid_pos": [0.6343218905461293, 0.005201920082516451, 0.0005546191574520918], "k_pid_alt": [1.6609608424068736, 0.003915994958436412, 0.008102476231064533], "k_pid_att": [39.01003874288225, 0.3831565242835533, 0.930657102664641], "k_pid_yaw": [0.5, 1e-06, 0.1], "k_pid_hsp": [0.10638565956209718, 0.0029816439204914356, 0.0], "k_pid_vsp": [165.82520847555693, 116.758888223357, 7.537946462276401]}, "datetime": {"datetime": "2025-08-12 01:20:20", "elapsed": 32099.82843518257, "delta": 18.20444083213806}, "costs": {"total_cost": 182.40251522464814, "time_cost": 71.08500000000001, "final_distance_cost": 1.815088441577804, "oscillation_cost": 22.500416426500458, "completition_cost": 0.0, "overshoot_cost": 51.49190179467232, "power_cost": 14.15652811279297, "noise_cost": 21.35358044910458, "n_waypoints_completed": 9, "tot_waypoints": 9}}
{"target": -182.14790981153737, "params": {"k_pid_pos": [0.7267744625168113, 0.006440474107573281, 0.0007234010871533915], "k_pid_alt": [1.0482682058329367, 0.005351943566075118, 0.015944951930388068], "k_pid_att": [23.66964968242434, 0.31013829016901195, 1.0], "k_pid_yaw": [0.5, 1e-06, 0.1], "k_pid_hsp": [0.11484994738269377, 0.00707623302180932, 0.0], "k_pid_vsp": [114.53955965115273, 129.43217636888173, 5.438373375539513]}, "datetime": {"datetime": "2025-08-12 01:20:37", "elapsed": 32117.2696185112, "delta": 17.44118332862854}, "costs": {"total_cost": 182.14790981153737, "time_cost": 70.476, "final_distance_cost": 1.831362396710198, "oscillation_cost": 24.276275556658412, "completition_cost": 0.0, "overshoot_cost": 50.6609365976605, "power_cost": 14.133895043945314, "noise_cost": 20.769440216562955, "n_waypoints_completed": 9, "tot_waypoints": 9}}
{"target": -182.35042631655662, "params": {"k_pid_pos": [0.5989310722392122, 0.003285747908981798, 0.0005836752518585966], "k_pid_alt": [2.0, 0.0074408314613754025, 0.013119617945909934], "k_pid_att": [44.23429809496599, 0.38145131833712914, 1.0], "k_pid_yaw": [0.5, 1e-06, 0.1], "k_pid_hsp": [0.10500873069897966, 0.007527984840635433, 0.0], "k_pid_vsp": [157.67807426210706, 158.31524051250287, 6.927347077267757]}, "datetime": {"datetime": "2025-08-12 01:20:56", "elapsed": 32135.45391392708, "delta": 18.184295415878296}, "costs": {"total_cost": 182.35042631655662, "time_cost": 71.274, "final_distance_cost": 1.8334821247221118, "oscillation_cost": 22.522261623912613, "completition_cost": 0.0, "overshoot_cost": 51.20302253507143, "power_cost": 14.176836584472657, "noise_cost": 21.34082344837783, "n_waypoints_completed": 9, "tot_waypoints": 9}}
{"target": -181.8019449725834, "params": {"k_pid_pos": [0.6496946685656515, 0.006146785967491328, 0.0004820523761767663], "k_pid_alt": [1.1966841156433363, 0.004569633485499383, 0.014425565330839538], "k_pid_att": [29.965654934454893, 0.46649035814998413, 1.0], "k_pid_yaw": [0.5, 1e-06, 0.1], "k_pid_hsp": [0.12148220161478536, 0.011024758828384785, 0.0], "k_pid_vsp": [101.22283121452767, 117.5952668819247, 3.6577983739097455]}, "datetime": {"datetime": "2025-08-12 01:21:14", "elapsed": 32154.16022157669, "delta": 18.706307649612427}, "costs": {"total_cost": 181.8019449725834, "time_cost": 70.56, "final_distance_cost": 1.8195090133810374, "oscillation_cost": 24.077029867725688, "completition_cost": 0.0, "overshoot_cost": 50.19978529535569, "power_cost": 14.139388220214844, "noise_cost": 21.00623257590616, "n_waypoints_completed": 9, "tot_waypoints": 9}}
{"target": -181.78668296753014, "params": {"k_pid_pos": [0.5760325862626524, 0.0063184450381062185, 0.0006720222665010713], "k_pid_alt": [1.582301846053123, 0.006209959456354902, 0.012666929342141796], "k_pid_att": [36.78776492191377, 0.478054178801343, 0.9969182204573279], "k_pid_yaw": [0.5, 1e-06, 0.1], "k_pid_hsp": [0.09524587572744936, 0.012559796867271602, 0.0], "k_pid_vsp": [154.9496067846735, 150.33853629864885, 5.301792235923172]}, "datetime": {"datetime": "2025-08-12 01:21:32", "elapsed": 32172.128487825394, "delta": 17.968266248703003}, "costs": {"total_cost": 181.78668296753014, "time_cost": 71.498, "final_distance_cost": 1.83837030576324, "oscillation_cost": 22.130052590804592, "completition_cost": 0.0, "overshoot_cost": 50.946975395849634, "power_cost": 14.13742529296875, "noise_cost": 21.23585938214393, "n_waypoints_completed": 9, "tot_waypoints": 9}}
{"target": -182.38274616584332, "params": {"k_pid_pos": [0.5075004359582752, 0.007175492155940605, 0.0008788950497526518], "k_pid_alt": [1.160390274144001, 0.005669719551195392, 0.012593985238580581], "k_pid_att": [29.485453560216083, 0.25205069742560354, 0.9840901422935326], "k_pid_yaw": [0.5, 1e-06, 0.1], "k_pid_hsp": [0.10694325924613075, 0.008588053826067117, 0.0], "k_pid_vsp": [136.2572992203521, 85.02325599213171, 5.861377603752707]}, "datetime": {"datetime": "2025-08-12 01:21:51", "elapsed": 32190.70037508011, "delta": 18.571887254714966}, "costs": {"total_cost": 182.38274616584332, "time_cost": 72.681, "final_distance_cost": 1.846020638194172, "oscillation_cost": 20.71089311623695, "completition_cost": 0.0, "overshoot_cost": 50.99447490313281, "power_cost": 14.225527819824219, "noise_cost": 21.924829688455155, "n_waypoints_completed": 9, "tot_waypoints": 9}}
{"target": -184.55153713259247, "params": {"k_pid_pos": [0.6480513964895068, 0.0027347207656527608, 0.0006335973298789566], "k_pid_alt": [1.0473059237555742, 0.005833219670767252, 0.007966534560972247], "k_pid_att": [34.037985611329184, 0.3468120952647007, 1.0], "k_pid_yaw": [0.5, 1e-06, 0.1], "k_pid_hsp": [0.07914311461571906, 0.011374470136654496, 0.0], "k_pid_vsp": [107.16148678020348, 103.83379026859394, 6.797887769351921]}, "datetime": {"datetime": "2025-08-12 01:22:09", "elapsed": 32208.946270942688, "delta": 18.245895862579346}, "costs": {"total_cost": 184.55153713259247, "time_cost": 73.024, "final_distance_cost": 1.8083561768872052, "oscillation_cost": 22.54316251903767, "completition_cost": 0.0, "overshoot_cost": 51.368430227623975, "power_cost": 14.400042199707032, "noise_cost": 21.40754600933661, "n_waypoints_completed": 9, "tot_waypoints": 9}}
{"target": -182.2005880791644, "params": {"k_pid_pos": [0.6105664819037605, 0.006449848035725589, 0.0005032536029215023], "k_pid_alt": [1.4091328423777376, 0.004821724930708396, 0.004650834750107874], "k_pid_att": [42.993907145800655, 0.4746420842745854, 0.7781238960712297], "k_pid_yaw": [0.5, 1e-06, 0.1], "k_pid_hsp": [0.08933454941493664, 0.005774653859785288, 0.0], "k_pid_vsp": [117.33468390504864, 86.12210627002275, 6.691430295024411]}, "datetime": {"datetime": "2025-08-12 01:22:27", "elapsed": 32227.26053237915, "delta": 18.314261436462402}, "costs": {"total_cost": 182.2005880791644, "time_cost": 71.666, "final_distance_cost": 1.8149407409292602, "oscillation_cost": 21.516840037190185, "completition_cost": 0.0, "overshoot_cost": 51.6803337197168, "power_cost": 14.120675463867189, "noise_cost": 21.401798117460945, "n_waypoints_completed": 9, "tot_waypoints": 9}}
{"target": -183.19850799588735, "params": {"k_pid_pos": [0.4763728134828531, 0.007253259157340264, 0.0007935488712374483], "k_pid_alt": [1.5291917527760759, 0.004757076961076949, 0.01481707266893119], "k_pid_att": [23.10930272108898, 0.3839018533843562, 1.0], "k_pid_yaw": [0.5, 1e-06, 0.1], "k_pid_hsp": [0.10964511732683768, 0.007983550558419936, 0.0], "k_pid_vsp": [93.68756680525398, 125.20957160992872, 4.8122651908526315]}, "datetime": {"datetime": "2025-08-12 01:22:46", "elapsed": 32245.514752864838, "delta": 18.254220485687256}, "costs": {"total_cost": 183.19850799588735, "time_cost": 73.178, "final_distance_cost": 1.8442740883048372, "oscillation_cost": 20.246419093238934, "completition_cost": 0.0, "overshoot_cost": 51.36135288856338, "power_cost": 14.323527062988282, "noise_cost": 22.24493486279192, "n_waypoints_completed": 9, "tot_waypoints": 9}}
{"target": -183.96858843821062, "params": {"k_pid_pos": [0.6029549997273027, 0.008391808460418529, 0.0006591910243333006], "k_pid_alt": [1.7816007925970634, 0.005021201922455088, 0.014831703153014976], "k_pid_att": [19.7856407624172, 0.42310884356579176, 1.0], "k_pid_yaw": [0.5, 1e-06, 0.1], "k_pid_hsp": [0.15516512807867103, 0.01265990897019032, 0.0], "k_pid_vsp": [97.23447903125314, 117.63049722161543, 5.970134588319797]}, "datetime": {"datetime": "2025-08-12 01:23:04", "elapsed": 32263.94107222557, "delta": 18.426319360733032}, "costs": {"total_cost": 183.96858843821062, "time_cost": 71.246, "final_distance_cost": 1.8458478159002192, "oscillation_cost": 24.41331554796206, "completition_cost": 0.0, "overshoot_cost": 50.57151884730904, "power_cost": 14.303780407714845, "noise_cost": 21.588125819324453, "n_waypoints_completed": 9, "tot_waypoints": 9}}
{"target": -181.8272681184373, "params": {"k_pid_pos": [0.5207858404925353, 0.006369915453955515, 0.0005073599287251839], "k_pid_alt": [1.247025154814424, 0.004941176735595354, 0.01810612406200199], "k_pid_att": [27.629380217607917, 0.35646836830508, 0.7570788974000413], "k_pid_yaw": [0.5, 1e-06, 0.1], "k_pid_hsp": [0.08802233244487306, 0.0073491648821152125, 0.0], "k_pid_vsp": [78.86393029387769, 100.57329126228113, 6.39362151286156]}, "datetime": {"datetime": "2025-08-12 01:23:22", "elapsed": 32282.18087720871, "delta": 18.239804983139038}, "costs": {"total_cost": 181.8272681184373, "time_cost": 72.534, "final_distance_cost": 1.8170908064676967, "oscillation_cost": 19.8751214946165, "completition_cost": 0.0, "overshoot_cost": 51.72655854464151, "power_cost": 14.177968029785157, "noise_cost": 21.69652924292642, "n_waypoints_completed": 9, "tot_waypoints": 9}}
{"target": -181.95743769736802, "params": {"k_pid_pos": [0.6231890434511907, 0.007555632944492721, 0.00048318402023836914], "k_pid_alt": [1.03696161389544, 0.004168741456372662, 0.015080187260596655], "k_pid_att": [31.62428733506304, 0.5779962278738924, 1.0], "k_pid_yaw": [0.5, 1e-06, 0.1], "k_pid_hsp": [0.10394286218158245, 0.011755219942430187, 0.0], "k_pid_vsp": [121.25340974753219, 80.97890458262007, 4.1484504607116035]}, "datetime": {"datetime": "2025-08-12 01:23:41", "elapsed": 32300.72914671898, "delta": 18.548269510269165}, "costs": {"total_cost": 181.95743769736802, "time_cost": 71.365, "final_distance_cost": 1.8323238850413002, "oscillation_cost": 23.014844528652063, "completition_cost": 0.0, "overshoot_cost": 50.574652774715254, "power_cost": 14.135949658203126, "noise_cost": 21.034666850756278, "n_waypoints_completed": 9, "tot_waypoints": 9}}
{"target": -185.29136358091122, "params": {"k_pid_pos": [0.7838676439981048, 0.005145242978435555, 0.0007825928867377766], "k_pid_alt": [1.1605075625183707, 0.005207933264635347, 0.01163958668464303], "k_pid_att": [22.220871772885776, 0.367487976823633, 1.0], "k_pid_yaw": [0.5, 1e-06, 0.1], "k_pid_hsp": [0.07972758602960314, 0.009746948165658673, 0.0], "k_pid_vsp": [131.68965173091036, 145.0091897831327, 3.1337109828520204]}, "datetime": {"datetime": "2025-08-12 01:23:59", "elapsed": 32318.968675613403, "delta": 18.23952889442444}, "costs": {"total_cost": 185.29136358091122, "time_cost": 72.541, "final_distance_cost": 1.7735577661374224, "oscillation_cost": 24.48640972337671, "completition_cost": 0.0, "overshoot_cost": 50.91964355683945, "power_cost": 14.391413537597657, "noise_cost": 21.179338996959984, "n_waypoints_completed": 9, "tot_waypoints": 9}}
{"target": -182.0633639564406, "params": {"k_pid_pos": [0.6664097749032639, 0.005270595605327844, 0.0006063471820127016], "k_pid_alt": [1.9395752855500827, 0.003686074654192849, 0.019156631209149334], "k_pid_att": [26.39211523382286, 0.35734548906112745, 1.0], "k_pid_yaw": [0.5, 1e-06, 0.1], "k_pid_hsp": [0.0989503195239131, 0.007273861768710271, 0.0], "k_pid_vsp": [96.533754984952, 122.9129608022148, 6.203828494776768]}, "datetime": {"datetime": "2025-08-12 01:24:17", "elapsed": 32337.274757146835, "delta": 18.306081533432007}, "costs": {"total_cost": 182.0633639564406, "time_cost": 70.875, "final_distance_cost": 1.8144353894657697, "oscillation_cost": 22.94819747428234, "completition_cost": 0.0, "overshoot_cost": 51.126194906699205, "power_cost": 14.173531604003907, "noise_cost": 21.126004581989413, "n_waypoints_completed": 9, "tot_waypoints": 9}}
{"target": -183.00665719367785, "params": {"k_pid_pos": [0.5567336092443281, 0.007138354746860473, 0.0005499304563939686], "k_pid_alt": [1.2802812111879753, 0.005020209856550307, 0.010285808981387878], "k_pid_att": [23.831245553967623, 0.28844306693778093, 1.0], "k_pid_yaw": [0.5, 1e-06, 0.1], "k_pid_hsp": [0.12517853491874256, 0.011373760885725217, 0.0], "k_pid_vsp": [80.03130928882716, 112.32092930073468, 6.96991256841169]}, "datetime": {"datetime": "2025-08-12 01:24:36", "elapsed": 32355.522599697113, "delta": 18.24784255027771}, "costs": {"total_cost": 183.00665719367785, "time_cost": 71.729, "final_distance_cost": 1.8443735561553394, "oscillation_cost": 22.920833506308664, "completition_cost": 0.0, "overshoot_cost": 50.7608335224104, "power_cost": 14.256740051269531, "noise_cost": 21.49487655753392, "n_waypoints_completed": 9, "tot_waypoints": 9}}
{"target": -181.66723345264975, "params": {"k_pid_pos": [0.679409326967241, 0.008772121847757091, 0.0005830907339325265], "k_pid_alt": [1.5360680112715375, 0.003717240066963013, 0.015550525796709166], "k_pid_att": [32.126995377827946, 0.34935400562104485, 0.6464317389158956], "k_pid_yaw": [0.5, 1e-06, 0.1], "k_pid_hsp": [0.11132867134113715, 0.009302325743687065, 0.0], "k_pid_vsp": [88.7534412590853, 120.26786446606918, 5.898770394550689]}, "datetime": {"datetime": "2025-08-12 01:24:54", "elapsed": 32373.72221517563, "delta": 18.199615478515625}, "costs": {"total_cost": 181.66723345264975, "time_cost": 70.301, "final_distance_cost": 1.8271786927549567, "oscillation_cost": 23.837266408089338, "completition_cost": 0.0, "overshoot_cost": 50.807243509952286, "power_cost": 14.095862426757813, "noise_cost": 20.798682415095353, "n_waypoints_completed": 9, "tot_waypoints": 9}}
{"target": -182.37595525396898, "params": {"k_pid_pos": [0.5474233761904831, 0.007287116935786288, 0.0003185180937451214], "k_pid_alt": [1.524799543717636, 0.004100828834673242, 0.008518680909736768], "k_pid_att": [29.07751838965642, 0.3677599944533351, 0.8823288015538001], "k_pid_yaw": [0.5, 1e-06, 0.1], "k_pid_hsp": [0.11419098635618063, 0.007652810565021093, 0.0], "k_pid_vsp": [113.4252466196392, 112.22795207336935, 6.925697991941793]}, "datetime": {"datetime": "2025-08-12 01:25:12", "elapsed": 32391.521929740906, "delta": 17.7997145652771}, "costs": {"total_cost": 182.37595525396898, "time_cost": 71.708, "final_distance_cost": 1.8342522063582425, "oscillation_cost": 21.84054387157103, "completition_cost": 0.0, "overshoot_cost": 51.29288003400016, "power_cost": 14.177746533203125, "noise_cost": 21.522532608836432, "n_waypoints_completed": 9, "tot_waypoints": 9}}
{"target": -182.52838203302258, "params": {"k_pid_pos": [0.6451710241651388, 0.007783648416854794, 0.0005569928574153711], "k_pid_alt": [1.802222677516258, 0.006022602109688591, 0.013050032259196704], "k_pid_att": [40.11426451230747, 0.33200088892654056, 1.0], "k_pid_yaw": [0.5, 1e-06, 0.1], "k_pid_hsp": [0.13742151964307925, 0.01276955750920132, 0.0], "k_pid_vsp": [70.96155139719646, 186.21115541376116, 3.495660316525265]}, "datetime": {"datetime": "2025-08-12 01:25:30", "elapsed": 32410.238488674164, "delta": 18.716558933258057}, "costs": {"total_cost": 182.52838203302258, "time_cost": 70.497, "final_distance_cost": 1.828486512416675, "oscillation_cost": 24.661136638484738, "completition_cost": 0.0, "overshoot_cost": 50.231230180835226, "power_cost": 14.367407482910156, "noise_cost": 20.94312121837577, "n_waypoints_completed": 9, "tot_waypoints": 9}}
{"target": -187.911368342532, "params": {"k_pid_pos": [0.9755286411413621, 0.008210643867071014, 0.0005764191161699156], "k_pid_alt": [1.3347496875271654, 0.004644386789915202, 0.008084819888181846], "k_pid_att": [35.34745385026731, 0.43679353129585513, 1.0], "k_pid_yaw": [0.5, 1e-06, 0.1], "k_pid_hsp": [0.08490526863630767, 0.00824190460617383, 0.0], "k_pid_vsp": [143.6121714062442, 129.1477812171124, 5.9007499594881665]}, "datetime": {"datetime": "2025-08-12 01:25:49", "elapsed": 32428.453661441803, "delta": 18.21517276763916}, "costs": {"total_cost": 187.911368342532, "time_cost": 72.205, "final_distance_cost": 1.771019177499868, "oscillation_cost": 27.258625436296594, "completition_cost": 0.0, "overshoot_cost": 50.90458775930455, "power_cost": 14.623247985839845, "noise_cost": 21.148887983591138, "n_waypoints_completed": 9, "tot_waypoints": 9}}
{"target": -183.72069205680847, "params": {"k_pid_pos": [0.5658711198262604, 0.006519799795723892, 0.0006297727651079437], "k_pid_alt": [1.6398807279038783, 0.006114126197617746, 0.00967987817621415], "k_pid_att": [24.354034170355494, 0.2548095361372842, 0.777342759909307], "k_pid_yaw": [0.5, 1e-06, 0.1], "k_pid_hsp": [0.07781931799528631, 0.009576151493241656, 0.0], "k_pid_vsp": [92.39899496231776, 141.6756723635961, 7.060491904159363]}, "datetime": {"datetime": "2025-08-12 01:26:08", "elapsed": 32448.071689367294, "delta": 19.618027925491333}, "costs": {"total_cost": 183.72069205680847, "time_cost": 73.339, "final_distance_cost": 1.8105079532875301, "oscillation_cost": 20.70858210481632, "completition_cost": 0.0, "overshoot_cost": 51.64301660203615, "power_cost": 14.389044482421875, "noise_cost": 21.830540914246615, "n_waypoints_completed": 9, "tot_waypoints": 9}}
{"target": -184.31852481273808, "params": {"k_pid_pos": [0.45002085036171485, 0.004971103030532641, 0.0007707810090973169], "k_pid_alt": [1.6323475265966552, 0.004556771408449742, 0.015861265597386248], "k_pid_att": [50.004333911418804, 0.34866425796566475, 0.9165498366733736], "k_pid_yaw": [0.5, 1e-06, 0.1], "k_pid_hsp": [0.11044562815064378, 0.006508940161007312, 0.0], "k_pid_vsp": [77.07583799136195, 150.61596339744025, 7.44066553349526]}, "datetime": {"datetime": "2025-08-12 01:26:27", "elapsed": 32466.724477529526, "delta": 18.652788162231445}, "costs": {"total_cost": 184.31852481273808, "time_cost": 74.046, "final_distance_cost": 1.8485023926080129, "oscillation_cost": 19.853507275560403, "completition_cost": 0.0, "overshoot_cost": 51.408168518976055, "power_cost": 14.531127856445313, "noise_cost": 22.63121876914829, "n_waypoints_completed": 9, "tot_waypoints": 9}}
{"target": -184.9794057285555, "params": {"k_pid_pos": [0.5258640173917098, 0.008039799036691338, 0.0007593891218714388], "k_pid_alt": [1.2295322014331844, 0.006763734456491618, 0.011655455255109054], "k_pid_att": [28.774837282280817, 0.3480156159584589, 1.0], "k_pid_yaw": [0.5, 1e-06, 0.1], "k_pid_hsp": [0.13891450269381786, 0.011223298612071308, 0.0], "k_pid_vsp": [108.73576051976455, 128.60081856010902, 7.018091102062544]}, "datetime": {"datetime": "2025-08-12 01:26:46", "elapsed": 32485.641063928604, "delta": 18.91658639907837}, "costs": {"total_cost": 184.9794057285555, "time_cost": 72.723, "final_distance_cost": 1.8503078878052877, "oscillation_cost": 23.24853184998669, "completition_cost": 0.0, "overshoot_cost": 50.725215279160295, "power_cost": 14.377184191894532, "noise_cost": 22.05516651970867, "n_waypoints_completed": 9, "tot_waypoints": 9}}
