{"target": -182.06390568709264, "params": {"k_pid_pos": [0.5283429027501916, 0.006329432068488875, 0.0006470406370245388], "k_pid_alt": [1.564415516174976, 0.0036245151306893014, 0.0033583870828286775], "k_pid_att": [29.936840816001787, 0.36853722231196245, 0.8912397165043212], "k_pid_yaw": [0.5, 1e-06, 0.1], "k_pid_hsp": [0.10597952424655212, 0.01112026591955089, 0.0], "k_pid_vsp": [148.21660292873895, 125.53229963568019, 5.457018361853065]}, "datetime": {"datetime": "2025-08-12 03:55:02", "elapsed": 41382.10874056816, "delta": 17.492471933364868}, "costs": {"total_cost": 182.06390568709264, "time_cost": 71.89, "final_distance_cost": 1.8359688969899923, "oscillation_cost": 21.343575681319738, "completition_cost": 0.0, "overshoot_cost": 51.25747919887283, "power_cost": 14.182862915039063, "noise_cost": 21.554018994871043, "n_waypoints_completed": 9, "tot_waypoints": 9}}
{"target": -181.812163268787, "params": {"k_pid_pos": [0.5010069076181566, 0.006598513056715413, 0.0005950470587611476], "k_pid_alt": [1.1425701174956107, 0.005715348762924965, 0.009713759747539762], "k_pid_att": [43.341792543778865, 0.2932353827354612, 0.8812664157078559], "k_pid_yaw": [0.5, 1e-06, 0.1], "k_pid_hsp": [0.08861599760891758, 0.00931050124261472, 0.0], "k_pid_vsp": [122.32552320793548, 183.82501908211816, 6.713021668462292]}, "datetime": {"datetime": "2025-08-12 03:55:22", "elapsed": 41402.1822552681, "delta": 20.073514699935913}, "costs": {"total_cost": 181.812163268787, "time_cost": 72.83500000000001, "final_distance_cost": 1.8409261976148874, "oscillation_cost": 19.939523913912918, "completition_cost": 0.0, "overshoot_cost": 51.159515138022265, "power_cost": 14.264657360839845, "noise_cost": 21.77254065839709, "n_waypoints_completed": 9, "tot_waypoints": 9}}
{"target": -181.6930753264731, "params": {"k_pid_pos": [0.5348863364641042, 0.00777641168744942, 0.000709607959961595], "k_pid_alt": [1.6244051296666937, 0.00446808988259515, 0.011665211320373738], "k_pid_att": [42.05012867895357, 0.38214731226841064, 0.7731732451915517], "k_pid_yaw": [0.5, 1e-06, 0.1], "k_pid_hsp": [0.10361850313602113, 0.010090526393073696, 0.0], "k_pid_vsp": [121.50158435021577, 138.06847109783882, 5.139682264401404]}, "datetime": {"datetime": "2025-08-12 03:55:40", "elapsed": 41420.22009778023, "delta": 18.037842512130737}, "costs": {"total_cost": 181.6930753264731, "time_cost": 71.771, "final_distance_cost": 1.843580388718192, "oscillation_cost": 21.597131876337233, "completition_cost": 0.0, "overshoot_cost": 50.77128639517655, "power_cost": 14.126665905761719, "noise_cost": 21.58341076047941, "n_waypoints_completed": 9, "tot_waypoints": 9}}
{"target": -182.73870217933836, "params": {"k_pid_pos": [0.47117258430217945, 0.006660699272445179, 0.0007247010656271398], "k_pid_alt": [1.4387089794811327, 0.0050943856201559135, 0.004098854271001602], "k_pid_att": [37.51150412926908, 0.30224113562209287, 0.7742210131459548], "k_pid_yaw": [0.5, 1e-06, 0.1], "k_pid_hsp": [0.09774156861072351, 0.010057845065330993, 0.0], "k_pid_vsp": [142.48813562849725, 133.55344323157627, 5.990540168060271]}, "datetime": {"datetime": "2025-08-12 03:55:58", "elapsed": 41438.10390877724, "delta": 17.883810997009277}, "costs": {"total_cost": 182.73870217933836, "time_cost": 73.09400000000001, "final_distance_cost": 1.8429487337086983, "oscillation_cost": 19.96472526568493, "completition_cost": 0.0, "overshoot_cost": 51.52554802079183, "power_cost": 14.257863903808595, "noise_cost": 22.053616255344313, "n_waypoints_completed": 9, "tot_waypoints": 9}}
{"target": -181.5914127533877, "params": {"k_pid_pos": [0.5863258002726813, 0.005849393002185679, 0.0006210374236417377], "k_pid_alt": [1.419033421134299, 0.003988693787194748, 0.0080564379840284], "k_pid_att": [39.22231482930142, 0.33576988226072824, 0.9917919519005828], "k_pid_yaw": [0.5, 1e-06, 0.1], "k_pid_hsp": [0.09461218792762995, 0.008744431357424042, 0.0], "k_pid_vsp": [100.26258340605683, 110.54778703495936, 6.864465174875175]}, "datetime": {"datetime": "2025-08-12 03:56:17", "elapsed": 41456.80018615723, "delta": 18.696277379989624}, "costs": {"total_cost": 181.5914127533877, "time_cost": 71.407, "final_distance_cost": 1.8216391272763526, "oscillation_cost": 21.764620549308315, "completition_cost": 0.0, "overshoot_cost": 51.13657877028105, "power_cost": 14.127102868652344, "noise_cost": 21.334471437869606, "n_waypoints_completed": 9, "tot_waypoints": 9}}
{"target": -181.97101699870848, "params": {"k_pid_pos": [0.6220366675820795, 0.005777054898055492, 0.0005914748268869589], "k_pid_alt": [1.4449948395906909, 0.0027666933657656827, 0.0034456699470641005], "k_pid_att": [40.79977240048857, 0.34551974226779203, 0.6929365920994668], "k_pid_yaw": [0.5, 1e-06, 0.1], "k_pid_hsp": [0.11873325262302432, 0.00649603852128024, 0.0], "k_pid_vsp": [104.75291892242144, 132.77640187240766, 7.352565811928869]}, "datetime": {"datetime": "2025-08-12 03:56:35", "elapsed": 41475.018988370895, "delta": 18.218802213668823}, "costs": {"total_cost": 181.97101699870848, "time_cost": 70.798, "final_distance_cost": 1.8191130957722255, "oscillation_cost": 23.164448962646787, "completition_cost": 0.0, "overshoot_cost": 50.95195383711977, "power_cost": 14.123930541992188, "noise_cost": 21.113570561177504, "n_waypoints_completed": 9, "tot_waypoints": 9}}
{"target": -181.71572968365004, "params": {"k_pid_pos": [0.5918503871787504, 0.005312758490770304, 0.0005235879151184023], "k_pid_alt": [1.8009033187973778, 0.0049853942049867045, 0.0073197856526094575], "k_pid_att": [53.06706248110793, 0.3156451483465224, 0.9593034718001386], "k_pid_yaw": [0.5, 1e-06, 0.1], "k_pid_hsp": [0.09507240469572269, 0.010587022469889976, 0.0], "k_pid_vsp": [128.0634269809036, 126.23955027478189, 8.00090995765267]}, "datetime": {"datetime": "2025-08-12 03:56:54", "elapsed": 41493.872191905975, "delta": 18.853203535079956}, "costs": {"total_cost": 181.71572968365004, "time_cost": 71.428, "final_distance_cost": 1.8162356791561465, "oscillation_cost": 22.07164916137936, "completition_cost": 0.0, "overshoot_cost": 50.890992381596064, "power_cost": 14.199671850585938, "noise_cost": 21.309180610932533, "n_waypoints_completed": 9, "tot_waypoints": 9}}
{"target": -181.503780522119, "params": {"k_pid_pos": [0.564388984275039, 0.00587367296526532, 0.0006419087188955914], "k_pid_alt": [1.4612435781407385, 0.004350364487498928, 0.005857595115058436], "k_pid_att": [52.60259192909839, 0.3334466762260981, 0.9222509269143061], "k_pid_yaw": [0.5, 1e-06, 0.1], "k_pid_hsp": [0.09849464836295525, 0.008527252078406737, 0.0], "k_pid_vsp": [148.4529583464537, 149.5635791654836, 6.073862934339313]}, "datetime": {"datetime": "2025-08-12 03:57:11", "elapsed": 41511.34829545021, "delta": 17.47610354423523}, "costs": {"total_cost": 181.503780522119, "time_cost": 71.512, "final_distance_cost": 1.829867952341458, "oscillation_cost": 21.584160858948437, "completition_cost": 0.0, "overshoot_cost": 51.11961573761914, "power_cost": 14.113466430664063, "noise_cost": 21.344669542545905, "n_waypoints_completed": 9, "tot_waypoints": 9}}
{"target": -182.76468342958532, "params": {"k_pid_pos": [0.7203010848279779, 0.005485521905983545, 0.0006549162680351012], "k_pid_alt": [1.746257388057387, 0.005083911361661214, 0.0073287740730105895], "k_pid_att": [35.03820254054626, 0.32192909981352613, 0.9538697483781666], "k_pid_yaw": [0.5, 1e-06, 0.1], "k_pid_hsp": [0.08921118572017132, 0.006408228668259404, 0.0], "k_pid_vsp": [157.78419534711085, 113.06337396618164, 5.920850055520458]}, "datetime": {"datetime": "2025-08-12 03:57:30", "elapsed": 41530.03140068054, "delta": 18.68310523033142}, "costs": {"total_cost": 182.76468342958532, "time_cost": 71.176, "final_distance_cost": 1.8070802252207017, "oscillation_cost": 23.184657537497614, "completition_cost": 0.0, "overshoot_cost": 51.285089110229464, "power_cost": 14.246819299316407, "noise_cost": 21.065037257321137, "n_waypoints_completed": 9, "tot_waypoints": 9}}
{"target": -181.8153616247877, "params": {"k_pid_pos": [0.6027357405280315, 0.008708830534916008, 0.0007176173746008013], "k_pid_alt": [1.3831721055433326, 0.004848989182856253, 0.0066775446391815], "k_pid_att": [35.25941268919427, 0.34348546843274735, 0.5213588873182782], "k_pid_yaw": [0.5, 1e-06, 0.1], "k_pid_hsp": [0.10566551311031995, 0.00947094581317311, 0.0], "k_pid_vsp": [129.58226925433777, 100.0499269271156, 5.556666293217869]}, "datetime": {"datetime": "2025-08-12 03:57:48", "elapsed": 41547.684166669846, "delta": 17.65276598930359}, "costs": {"total_cost": 181.8153616247877, "time_cost": 71.043, "final_distance_cost": 1.828632965093779, "oscillation_cost": 22.986021392531047, "completition_cost": 0.0, "overshoot_cost": 50.82488715679918, "power_cost": 14.033306970214845, "noise_cost": 21.099513140148854, "n_waypoints_completed": 9, "tot_waypoints": 9}}
{"target": -185.3707449673738, "params": {"k_pid_pos": [0.43943528298161755, 0.007861024245604578, 0.0006503047784758823], "k_pid_alt": [1.673386373363007, 0.0049761851493175515, 0.00789156444866595], "k_pid_att": [41.39901381044916, 0.34524392871468446, 0.783249339214611], "k_pid_yaw": [0.5, 1e-06, 0.1], "k_pid_hsp": [0.11580242338490858, 0.009598549986393295, 0.0], "k_pid_vsp": [151.00323251780728, 144.69863244360332, 4.960811070916052]}, "datetime": {"datetime": "2025-08-12 03:58:07", "elapsed": 41567.210851192474, "delta": 19.526684522628784}, "costs": {"total_cost": 185.3707449673738, "time_cost": 74.571, "final_distance_cost": 1.8482121889854688, "oscillation_cost": 20.10443050720002, "completition_cost": 0.0, "overshoot_cost": 51.24491902776371, "power_cost": 14.576190795898437, "noise_cost": 23.025992447526153, "n_waypoints_completed": 9, "tot_waypoints": 9}}
{"target": -184.42568988459095, "params": {"k_pid_pos": [0.6599176525967727, 0.0053722429653463395, 0.0006207973394793707], "k_pid_alt": [1.4118592474765244, 0.004923377815138235, 0.003976829175636268], "k_pid_att": [47.6091254633094, 0.3023682199662863, 0.8829628826623951], "k_pid_yaw": [0.5, 1e-06, 0.1], "k_pid_hsp": [0.0770511686356438, 0.008515083014788443, 0.0], "k_pid_vsp": [114.21631436033647, 116.06779738887697, 4.96965629463492]}, "datetime": {"datetime": "2025-08-12 03:58:26", "elapsed": 41585.911997795105, "delta": 18.701146602630615}, "costs": {"total_cost": 184.42568988459095, "time_cost": 72.856, "final_distance_cost": 1.822388428741606, "oscillation_cost": 22.25080930715806, "completition_cost": 0.0, "overshoot_cost": 51.52162444512448, "power_cost": 14.423113745117188, "noise_cost": 21.55175395844963, "n_waypoints_completed": 9, "tot_waypoints": 9}}
{"target": -181.84029641964025, "params": {"k_pid_pos": [0.6882416243938924, 0.006683509294583314, 0.0005586128777940424], "k_pid_alt": [1.8176936428737076, 0.005097756860393887, 0.008352880967431503], "k_pid_att": [43.775020495015276, 0.34383211629731614, 0.9150964736795472], "k_pid_yaw": [0.5, 1e-06, 0.1], "k_pid_hsp": [0.12136917652354011, 0.0101085336404811, 0.0], "k_pid_vsp": [144.58851483313893, 99.9825050637926, 6.321536753209119]}, "datetime": {"datetime": "2025-08-12 03:58:45", "elapsed": 41605.05905032158, "delta": 19.147052526474}, "costs": {"total_cost": 181.84029641964025, "time_cost": 70.336, "final_distance_cost": 1.8300327226162734, "oscillation_cost": 23.915088333589644, "completition_cost": 0.0, "overshoot_cost": 50.812032474291044, "power_cost": 14.09653953857422, "noise_cost": 20.85060335056908, "n_waypoints_completed": 9, "tot_waypoints": 9}}
{"target": -182.0066227116496, "params": {"k_pid_pos": [0.6171976062920383, 0.005517408383251802, 0.0006868905450184199], "k_pid_alt": [1.3244859910995723, 0.004984268654214808, 0.00882384635908875], "k_pid_att": [34.360370532835155, 0.30842101281837314, 1.0], "k_pid_yaw": [0.5, 1e-06, 0.1], "k_pid_hsp": [0.1052796593656669, 0.00904872891168281, 0.0], "k_pid_vsp": [133.81956692326924, 125.57688020726842, 8.559265765159077]}, "datetime": {"datetime": "2025-08-12 03:59:03", "elapsed": 41622.52877020836, "delta": 17.469719886779785}, "costs": {"total_cost": 182.0066227116496, "time_cost": 70.924, "final_distance_cost": 1.8256481637340898, "oscillation_cost": 22.929531184984725, "completition_cost": 0.0, "overshoot_cost": 50.74536521701456, "power_cost": 15.746697399902345, "noise_cost": 19.8353807460139, "n_waypoints_completed": 9, "tot_waypoints": 9}}
{"target": -181.56553786313535, "params": {"k_pid_pos": [0.5447811569517603, 0.006189959556928277, 0.000679090474941499], "k_pid_alt": [1.489609233472209, 0.0044258705046912, 0.007864251513290756], "k_pid_att": [35.75757887323868, 0.2379949045390668, 0.833296041612733], "k_pid_yaw": [0.5, 1e-06, 0.1], "k_pid_hsp": [0.09699399391017764, 0.009584729299483586, 0.0], "k_pid_vsp": [151.19234371991385, 102.0274363681927, 4.621134307913117]}, "datetime": {"datetime": "2025-08-12 03:59:23", "elapsed": 41642.66037154198, "delta": 20.131601333618164}, "costs": {"total_cost": 181.56553786313535, "time_cost": 71.785, "final_distance_cost": 1.836790156754828, "oscillation_cost": 20.942463694734208, "completition_cost": 0.0, "overshoot_cost": 51.404778690790984, "power_cost": 14.083840771484375, "noise_cost": 21.512664549370946, "n_waypoints_completed": 9, "tot_waypoints": 9}}
{"target": -182.47490235104382, "params": {"k_pid_pos": [0.508459422824533, 0.005732936488296957, 0.000639196877328274], "k_pid_alt": [1.495654812225813, 0.0045492402544058935, 0.004024617471190207], "k_pid_att": [39.116061249279475, 0.4118393162079565, 0.8435080964609204], "k_pid_yaw": [0.5, 1e-06, 0.1], "k_pid_hsp": [0.10791518136422316, 0.008562738639899212, 0.0], "k_pid_vsp": [133.8335709597206, 120.71826254779995, 8.492585773461473]}, "datetime": {"datetime": "2025-08-12 03:59:41", "elapsed": 41660.52321386337, "delta": 17.862842321395874}, "costs": {"total_cost": 182.47490235104382, "time_cost": 72.33800000000001, "final_distance_cost": 1.8471817925826863, "oscillation_cost": 21.031274475399357, "completition_cost": 0.0, "overshoot_cost": 50.94793076678365, "power_cost": 15.506195068359375, "noise_cost": 20.804320247918756, "n_waypoints_completed": 9, "tot_waypoints": 9}}
{"target": -181.95712609711197, "params": {"k_pid_pos": [0.7243605236823676, 0.00587199686657574, 0.0006117438111888574], "k_pid_alt": [1.5778372615474037, 0.004469035142069933, 0.005574491726057638], "k_pid_att": [36.48363376477762, 0.30334794490961264, 0.7372231415285592], "k_pid_yaw": [0.5, 1e-06, 0.1], "k_pid_hsp": [0.12185771341962366, 0.008318615311461169, 0.0], "k_pid_vsp": [135.44362543786602, 111.61628214206395, 5.9950397971788405]}, "datetime": {"datetime": "2025-08-12 03:59:59", "elapsed": 41679.00035452843, "delta": 18.47714066505432}, "costs": {"total_cost": 181.95712609711197, "time_cost": 69.993, "final_distance_cost": 1.8232776772537373, "oscillation_cost": 24.636585691695178, "completition_cost": 0.0, "overshoot_cost": 50.581781463899524, "power_cost": 14.153152111816407, "noise_cost": 20.769329152447117, "n_waypoints_completed": 9, "tot_waypoints": 9}}
{"target": -182.18405976891688, "params": {"k_pid_pos": [0.5009238739965075, 0.008100625285093187, 0.0007272867259292362], "k_pid_alt": [1.4038744838023332, 0.005090884009870479, 0.007795359868693902], "k_pid_att": [51.616204557061565, 0.32688882030368, 0.9037193386029889], "k_pid_yaw": [0.5, 1e-06, 0.1], "k_pid_hsp": [0.1043585201100926, 0.00825420498917561, 0.0], "k_pid_vsp": [111.93511021062382, 90.50141204049014, 6.6801725088391395]}, "datetime": {"datetime": "2025-08-12 04:00:17", "elapsed": 41697.06889128685, "delta": 18.06853675842285}, "costs": {"total_cost": 182.18405976891688, "time_cost": 72.52, "final_distance_cost": 1.8397643636089045, "oscillation_cost": 20.484671513498874, "completition_cost": 0.0, "overshoot_cost": 51.160343909098884, "power_cost": 14.2535966796875, "noise_cost": 21.925683303022723, "n_waypoints_completed": 9, "tot_waypoints": 9}}
{"target": -181.17268147923247, "params": {"k_pid_pos": [0.5550081143857799, 0.00651613723879672, 0.0006780835511648776], "k_pid_alt": [1.55448871741016, 0.004148080677404392, 0.008288301074090893], "k_pid_att": [46.242157834579196, 0.3464895972249875, 0.8081538310449702], "k_pid_yaw": [0.5, 1e-06, 0.1], "k_pid_hsp": [0.09444855053911323, 0.010973978266683698, 0.0], "k_pid_vsp": [145.68000540576568, 115.28546626619577, 8.015066925131174]}, "datetime": {"datetime": "2025-08-12 04:00:37", "elapsed": 41716.628269672394, "delta": 19.559378385543823}, "costs": {"total_cost": 181.17268147923247, "time_cost": 71.70100000000001, "final_distance_cost": 1.817689498657743, "oscillation_cost": 21.281143822744077, "completition_cost": 0.0, "overshoot_cost": 50.828493309575734, "power_cost": 14.226225915527344, "noise_cost": 21.318128932727564, "n_waypoints_completed": 9, "tot_waypoints": 9}}
{"target": -182.35853697093245, "params": {"k_pid_pos": [0.649379783644481, 0.005019767359174495, 0.0006393146690441919], "k_pid_alt": [1.4739940022143576, 0.004526785297554612, 0.005869011106117418], "k_pid_att": [36.280753250990266, 0.3038754700411496, 0.8754027708496676], "k_pid_yaw": [0.5, 1e-06, 0.1], "k_pid_hsp": [0.0946786848586072, 0.013302733443387357, 0.0], "k_pid_vsp": [135.21226835161275, 126.20259200383612, 6.0376984760937225]}, "datetime": {"datetime": "2025-08-12 04:00:54", "elapsed": 41733.983756780624, "delta": 17.35548710823059}, "costs": {"total_cost": 182.35853697093245, "time_cost": 71.253, "final_distance_cost": 1.816332570563133, "oscillation_cost": 23.491046098967104, "completition_cost": 0.0, "overshoot_cost": 50.50733308800272, "power_cost": 14.207698461914063, "noise_cost": 21.083126751485445, "n_waypoints_completed": 9, "tot_waypoints": 9}}
{"target": -184.10330068023018, "params": {"k_pid_pos": [0.710616434624316, 0.004837130718174428, 0.0005290771939616525], "k_pid_alt": [1.6461205791614175, 0.00484403075250764, 0.009188581730115775], "k_pid_att": [39.089505859968405, 0.3562561006619768, 0.8209742144232468], "k_pid_yaw": [0.5, 1e-06, 0.1], "k_pid_hsp": [0.08412365309069754, 0.011347255481666055, 0.0], "k_pid_vsp": [116.91816309096868, 118.29703124967489, 5.627894313601035]}, "datetime": {"datetime": "2025-08-12 04:01:14", "elapsed": 41753.445170879364, "delta": 19.461414098739624}, "costs": {"total_cost": 184.10330068023018, "time_cost": 71.82000000000001, "final_distance_cost": 1.8011079544903883, "oscillation_cost": 24.030608422867886, "completition_cost": 0.0, "overshoot_cost": 51.04697806309544, "power_cost": 14.28987987060547, "noise_cost": 21.114726369171006, "n_waypoints_completed": 9, "tot_waypoints": 9}}
{"target": -184.1432456703409, "params": {"k_pid_pos": [0.5346718318982876, 0.00622339942345438, 0.0005679784225766452], "k_pid_alt": [1.5160253244008992, 0.005111126509259523, 0.0057851150779283066], "k_pid_att": [44.25534189381754, 0.3436540155232901, 0.9471898581970931], "k_pid_yaw": [0.5, 1e-06, 0.1], "k_pid_hsp": [0.1325007348737063, 0.009990493362139617, 0.0], "k_pid_vsp": [109.68463988689432, 131.69842391654, 7.445125287407532]}, "datetime": {"datetime": "2025-08-12 04:01:32", "elapsed": 41771.50006556511, "delta": 18.05489468574524}, "costs": {"total_cost": 184.1432456703409, "time_cost": 72.17, "final_distance_cost": 1.8459121988728404, "oscillation_cost": 23.02988990483073, "completition_cost": 0.0, "overshoot_cost": 50.90843797779787, "power_cost": 14.314202966308594, "noise_cost": 21.874802622530865, "n_waypoints_completed": 9, "tot_waypoints": 9}}
{"target": -181.91144388437363, "params": {"k_pid_pos": [0.5409080956991305, 0.006478940611011844, 0.0006391030111196379], "k_pid_alt": [1.2988644471816224, 0.004603179454766037, 0.007000319261541452], "k_pid_att": [44.48791074674324, 0.29300776141005763, 0.6889693841621406], "k_pid_yaw": [0.5, 1e-06, 0.1], "k_pid_hsp": [0.10538493152939225, 0.009948867283178977, 0.0], "k_pid_vsp": [106.25355237183271, 113.56546925343054, 6.77774446552539]}, "datetime": {"datetime": "2025-08-12 04:01:50", "elapsed": 41790.32995009422, "delta": 18.82988452911377}, "costs": {"total_cost": 181.91144388437363, "time_cost": 71.778, "final_distance_cost": 1.837192745432418, "oscillation_cost": 21.634941196103703, "completition_cost": 0.0, "overshoot_cost": 50.877911269028104, "power_cost": 14.203993896484375, "noise_cost": 21.57940477732505, "n_waypoints_completed": 9, "tot_waypoints": 9}}
{"target": -182.8844008878971, "params": {"k_pid_pos": [0.4715561347512733, 0.005080332187273694, 0.0007082967048926695], "k_pid_alt": [1.5012061040746667, 0.004920515132001742, 0.008711500056479365], "k_pid_att": [37.770320307268214, 0.30831162157253184, 0.7866328813542655], "k_pid_yaw": [0.5, 1e-06, 0.1], "k_pid_hsp": [0.10538369052231174, 0.010092895781659094, 0.0], "k_pid_vsp": [117.6648632066556, 120.82310460112188, 6.760885481935712]}, "datetime": {"datetime": "2025-08-12 04:02:08", "elapsed": 41808.14691209793, "delta": 17.816962003707886}, "costs": {"total_cost": 182.8844008878971, "time_cost": 73.206, "final_distance_cost": 1.8428060458470263, "oscillation_cost": 20.16745453362573, "completition_cost": 0.0, "overshoot_cost": 51.0983249549346, "power_cost": 14.29917216796875, "noise_cost": 22.27064318552101, "n_waypoints_completed": 9, "tot_waypoints": 9}}
