{"target": -181.57094904305993, "params": {"k_pid_pos": [0.5364675641122759, 0.006031989879425201, 0.0006178020914480083], "k_pid_alt": [1.7251928159323615, 0.0042576628003125625, 0.009103707741922325], "k_pid_att": [54.87641053277802, 0.3085014948092466, 0.8085177449470254], "k_pid_yaw": [0.5, 1e-06, 0.1], "k_pid_hsp": [0.0910006896397597, 0.011545027583772696, 0.0], "k_pid_vsp": [122.84173831332703, 110.56466841623325, 8.03651335982797]}, "datetime": {"datetime": "2025-08-12 04:17:53", "elapsed": 42752.49484205246, "delta": 20.505719900131226}, "costs": {"total_cost": 181.57094904305993, "time_cost": 72.10000000000001, "final_distance_cost": 1.8411908136763442, "oscillation_cost": 20.840150109510635, "completition_cost": 0.0, "overshoot_cost": 50.7947435598105, "power_cost": 14.337737585449219, "noise_cost": 21.657126974613224, "n_waypoints_completed": 9, "tot_waypoints": 9}}
{"target": -183.32117001232876, "params": {"k_pid_pos": [0.4936937551975742, 0.0060724764356960975, 0.0005474076463170748], "k_pid_alt": [1.7840292035013086, 0.004819693520658811, 0.010605895297157558], "k_pid_att": [40.03269012735145, 0.28954928446910394, 0.7730619973579964], "k_pid_yaw": [0.5, 1e-06, 0.1], "k_pid_hsp": [0.10554017876927853, 0.011632687622814547, 0.0], "k_pid_vsp": [121.5943266384561, 117.45570473046884, 6.149720600223998]}, "datetime": {"datetime": "2025-08-12 04:18:12", "elapsed": 42771.57148075104, "delta": 19.07663869857788}, "costs": {"total_cost": 183.32117001232876, "time_cost": 72.625, "final_distance_cost": 1.8395677499766225, "oscillation_cost": 21.004806781444792, "completition_cost": 0.0, "overshoot_cost": 51.466693512534384, "power_cost": 14.305348937988281, "noise_cost": 22.07975303038469, "n_waypoints_completed": 9, "tot_waypoints": 9}}
{"target": -181.3997688961353, "params": {"k_pid_pos": [0.6524306844227619, 0.00554398595939203, 0.000513271111886199], "k_pid_alt": [1.2893314613117515, 0.005480117694767782, 0.007128250493105978], "k_pid_att": [42.20694766407404, 0.30765234557114746, 0.8434938274469571], "k_pid_yaw": [0.5, 1e-06, 0.1], "k_pid_hsp": [0.11716047583601169, 0.010754820054939697, 0.0], "k_pid_vsp": [133.50874873487155, 106.70075088519478, 7.776965606928312]}, "datetime": {"datetime": "2025-08-12 04:18:35", "elapsed": 42794.75572061539, "delta": 23.184239864349365}, "costs": {"total_cost": 181.3997688961353, "time_cost": 70.511, "final_distance_cost": 1.8292928318797415, "oscillation_cost": 23.79720800004911, "completition_cost": 0.0, "overshoot_cost": 50.310623933350335, "power_cost": 14.07405625, "noise_cost": 20.877587880856126, "n_waypoints_completed": 9, "tot_waypoints": 9}}
{"target": -181.60977539635928, "params": {"k_pid_pos": [0.5747717256767264, 0.0066207716126910525, 0.0006406172264262219], "k_pid_alt": [1.6115941816203687, 0.004115435974028953, 0.009874999946009723], "k_pid_att": [51.87282522414571, 0.31856240970647365, 0.8830309035263627], "k_pid_yaw": [0.5, 1e-06, 0.1], "k_pid_hsp": [0.10037656481021846, 0.01014746327880508, 0.0], "k_pid_vsp": [135.3205609475948, 113.41345405354768, 7.760463394756404]}, "datetime": {"datetime": "2025-08-12 04:18:54", "elapsed": 42813.515370607376, "delta": 18.759649991989136}, "costs": {"total_cost": 181.60977539635928, "time_cost": 71.358, "final_distance_cost": 1.8177427653725227, "oscillation_cost": 21.921632419048848, "completition_cost": 0.0, "overshoot_cost": 51.17539777726973, "power_cost": 14.110563146972657, "noise_cost": 21.22643928769552, "n_waypoints_completed": 9, "tot_waypoints": 9}}
{"target": -181.97209780332105, "params": {"k_pid_pos": [0.5534900133187284, 0.006014072908659418, 0.000606974973274789], "k_pid_alt": [1.870791636415704, 0.004472822288574305, 0.013058782353041476], "k_pid_att": [39.66789722718516, 0.27555636471727346, 0.7522942936928406], "k_pid_yaw": [0.5, 1e-06, 0.1], "k_pid_hsp": [0.1105424784423981, 0.009097990167202879, 0.0], "k_pid_vsp": [132.29839322048764, 142.79342979222199, 7.4277119479010265]}, "datetime": {"datetime": "2025-08-12 04:19:13", "elapsed": 42833.29226112366, "delta": 19.776890516281128}, "costs": {"total_cost": 181.97209780332105, "time_cost": 71.568, "final_distance_cost": 1.8395926002815004, "oscillation_cost": 22.07060494038497, "completition_cost": 0.0, "overshoot_cost": 50.96875301996288, "power_cost": 14.146066284179689, "noise_cost": 21.379080958512034, "n_waypoints_completed": 9, "tot_waypoints": 9}}
{"target": -182.51394037292815, "params": {"k_pid_pos": [0.5700927681668287, 0.006328033654355651, 0.0005085457956595643], "k_pid_alt": [1.7145470782886207, 0.005170944308368131, 0.009920140053504398], "k_pid_att": [44.36315679996513, 0.29267091991767996, 0.7287856663196376], "k_pid_yaw": [0.5, 1e-06, 0.1], "k_pid_hsp": [0.08479474753149889, 0.009870273482067862, 0.0], "k_pid_vsp": [138.82597636089255, 131.16835942469743, 6.3592063609335225]}, "datetime": {"datetime": "2025-08-12 04:19:31", "elapsed": 42850.76724886894, "delta": 17.474987745285034}, "costs": {"total_cost": 182.51394037292815, "time_cost": 72.394, "final_distance_cost": 1.8272596693563843, "oscillation_cost": 20.98793510207705, "completition_cost": 0.0, "overshoot_cost": 51.55158928736319, "power_cost": 14.246157592773438, "noise_cost": 21.506998721358087, "n_waypoints_completed": 9, "tot_waypoints": 9}}
{"target": -182.734363792229, "params": {"k_pid_pos": [0.5730441032208548, 0.005983881130012472, 0.0006054435748201626], "k_pid_alt": [1.7361705257464948, 0.004681302540359777, 0.010723605817280277], "k_pid_att": [45.47272413382799, 0.30553385238558084, 0.6765925570886172], "k_pid_yaw": [0.5, 1e-06, 0.1], "k_pid_hsp": [0.12243019739588605, 0.009398859336189022, 0.0], "k_pid_vsp": [167.6778471356736, 131.53124801068864, 7.355653446602443]}, "datetime": {"datetime": "2025-08-12 04:19:50", "elapsed": 42869.74502778053, "delta": 18.977778911590576}, "costs": {"total_cost": 182.734363792229, "time_cost": 71.34400000000001, "final_distance_cost": 1.8414349444002494, "oscillation_cost": 23.061779230582694, "completition_cost": 0.0, "overshoot_cost": 50.797237256444376, "power_cost": 14.233345056152345, "noise_cost": 21.456567304649322, "n_waypoints_completed": 9, "tot_waypoints": 9}}
{"target": -181.66827033190063, "params": {"k_pid_pos": [0.5439735107088759, 0.006272758251890324, 0.0005132681069794185], "k_pid_alt": [1.535746273805576, 0.005198334142183207, 0.008505283803490242], "k_pid_att": [47.42847864065215, 0.3456898035776704, 0.7936913534219886], "k_pid_yaw": [0.5, 1e-06, 0.1], "k_pid_hsp": [0.09445911453037432, 0.009804129886725086, 0.0], "k_pid_vsp": [131.2959773884394, 128.3623329038061, 7.244038818717359]}, "datetime": {"datetime": "2025-08-12 04:20:08", "elapsed": 42887.42253494263, "delta": 17.677507162094116}, "costs": {"total_cost": 181.66827033190063, "time_cost": 71.834, "final_distance_cost": 1.8263308739261175, "oscillation_cost": 21.00880738347219, "completition_cost": 0.0, "overshoot_cost": 51.35262321698393, "power_cost": 14.185750048828126, "noise_cost": 21.460758808690258, "n_waypoints_completed": 9, "tot_waypoints": 9}}
{"target": -181.60852226279988, "params": {"k_pid_pos": [0.6186214118244208, 0.008001447880619914, 0.0005849598360614438], "k_pid_alt": [1.3323192828688413, 0.0054688978429850215, 0.009721432221293836], "k_pid_att": [46.42947665424078, 0.339262204810435, 0.8362137265985242], "k_pid_yaw": [0.5, 1e-06, 0.1], "k_pid_hsp": [0.11103396524364785, 0.0095236641947274, 0.0], "k_pid_vsp": [162.9194298061888, 118.5746712782023, 7.301206288067422]}, "datetime": {"datetime": "2025-08-12 04:20:26", "elapsed": 42905.99165081978, "delta": 18.56911587715149}, "costs": {"total_cost": 181.60852226279988, "time_cost": 70.868, "final_distance_cost": 1.8312267457211016, "oscillation_cost": 23.196900575118782, "completition_cost": 0.0, "overshoot_cost": 50.689021046890765, "power_cost": 14.031661608886719, "noise_cost": 20.99171228618255, "n_waypoints_completed": 9, "tot_waypoints": 9}}
{"target": -181.54785651352614, "params": {"k_pid_pos": [0.5637872015462747, 0.0053904429553652605, 0.0006003687762567632], "k_pid_alt": [1.5466862152055787, 0.00454197528220202, 0.005458277946986212], "k_pid_att": [46.59671304049232, 0.29563091080304066, 0.7891514443982578], "k_pid_yaw": [0.5, 1e-06, 0.1], "k_pid_hsp": [0.10683184572622138, 0.00840536619032589, 0.0], "k_pid_vsp": [126.14435581087446, 126.189265630848, 6.697710661088538]}, "datetime": {"datetime": "2025-08-12 04:20:43", "elapsed": 42923.301253557205, "delta": 17.309602737426758}, "costs": {"total_cost": 181.54785651352614, "time_cost": 71.421, "final_distance_cost": 1.827248810544568, "oscillation_cost": 21.799819146845913, "completition_cost": 0.0, "overshoot_cost": 50.96068770661733, "power_cost": 14.081034643554688, "noise_cost": 21.458066205963643, "n_waypoints_completed": 9, "tot_waypoints": 9}}
{"target": -181.47782673366706, "params": {"k_pid_pos": [0.5992310429067303, 0.005942635053341414, 0.0007303277241634386], "k_pid_alt": [1.7308508783306127, 0.005136424192149228, 0.007917083315217658], "k_pid_att": [42.02605389156023, 0.2981404630577887, 0.6977382578691363], "k_pid_yaw": [0.5, 1e-06, 0.1], "k_pid_hsp": [0.10437810702702753, 0.009843064640699112, 0.0], "k_pid_vsp": [120.69185744531922, 141.07399441397692, 7.695923556244612]}, "datetime": {"datetime": "2025-08-12 04:21:03", "elapsed": 42942.4719452858, "delta": 19.17069172859192}, "costs": {"total_cost": 181.47782673366706, "time_cost": 71.06400000000001, "final_distance_cost": 1.8158469796141814, "oscillation_cost": 22.554679380012594, "completition_cost": 0.0, "overshoot_cost": 50.59907976530177, "power_cost": 14.209901013183595, "noise_cost": 21.23431959555492, "n_waypoints_completed": 9, "tot_waypoints": 9}}
{"target": -181.87198451583276, "params": {"k_pid_pos": [0.6414951290425824, 0.0064051130215468524, 0.0006401101822414799], "k_pid_alt": [1.817528236599884, 0.00526507560806477, 0.011046029093150021], "k_pid_att": [35.548068048284485, 0.2556206767228571, 0.693819837811635], "k_pid_yaw": [0.5, 1e-06, 0.1], "k_pid_hsp": [0.11249740940787269, 0.009114378059222378, 0.0], "k_pid_vsp": [130.17570211214831, 134.36429678305555, 7.26999160439092]}, "datetime": {"datetime": "2025-08-12 04:21:20", "elapsed": 42960.15364027023, "delta": 17.681694984436035}, "costs": {"total_cost": 181.87198451583276, "time_cost": 70.679, "final_distance_cost": 1.8266872849903948, "oscillation_cost": 23.437012699845376, "completition_cost": 0.0, "overshoot_cost": 50.864097688255036, "power_cost": 14.080220324707032, "noise_cost": 20.98496651803491, "n_waypoints_completed": 9, "tot_waypoints": 9}}
{"target": -181.59699297587267, "params": {"k_pid_pos": [0.5274623134337343, 0.006700867516221545, 0.0005179000140148975], "k_pid_alt": [1.4544335654858103, 0.0045912752525357646, 0.01027334857395682], "k_pid_att": [47.05267308543466, 0.2906797446436435, 0.5631218495526827], "k_pid_yaw": [0.5, 1e-06, 0.1], "k_pid_hsp": [0.1010296908228302, 0.00992131423160203, 0.0], "k_pid_vsp": [125.78388928151973, 138.07254089236213, 6.953936574885198]}, "datetime": {"datetime": "2025-08-12 04:21:39", "elapsed": 42978.82015490532, "delta": 18.66651463508606}, "costs": {"total_cost": 181.59699297587267, "time_cost": 71.932, "final_distance_cost": 1.840234931706839, "oscillation_cost": 21.006867438682754, "completition_cost": 0.0, "overshoot_cost": 50.90258133196257, "power_cost": 14.251573767089845, "noise_cost": 21.663735506430633, "n_waypoints_completed": 9, "tot_waypoints": 9}}
{"target": -182.33796812788214, "params": {"k_pid_pos": [0.5492776928149837, 0.0057096990858035305, 0.0007195122467175784], "k_pid_alt": [1.3164537092574373, 0.003455429577622218, 0.010470334788533814], "k_pid_att": [41.250969641164325, 0.305701591488492, 0.7264626621246952], "k_pid_yaw": [0.5, 1e-06, 0.1], "k_pid_hsp": [0.08949862615109173, 0.008342229094704438, 0.0], "k_pid_vsp": [148.71659489898812, 110.80921036843124, 8.946332898645364]}, "datetime": {"datetime": "2025-08-12 04:21:57", "elapsed": 42996.70683383942, "delta": 17.88667893409729}, "costs": {"total_cost": 182.33796812788214, "time_cost": 72.065, "final_distance_cost": 1.8195298230250334, "oscillation_cost": 20.686800777864697, "completition_cost": 0.0, "overshoot_cost": 51.69333586659894, "power_cost": 16.82189149169922, "noise_cost": 19.25141016869426, "n_waypoints_completed": 9, "tot_waypoints": 9}}
{"target": -182.05114107931485, "params": {"k_pid_pos": [0.5164266413891262, 0.007138335413117528, 0.0005664768049735872], "k_pid_alt": [1.8735430230927124, 0.005145899121259969, 0.010347871627710862], "k_pid_att": [37.05912490200515, 0.31485923742706295, 0.6455384632326114], "k_pid_yaw": [0.5, 1e-06, 0.1], "k_pid_hsp": [0.09507248344778464, 0.011162216210060605, 0.0], "k_pid_vsp": [129.0557991344802, 131.3475570315119, 7.09246780685348]}, "datetime": {"datetime": "2025-08-12 04:22:16", "elapsed": 43015.991435050964, "delta": 19.28460121154785}, "costs": {"total_cost": 182.05114107931485, "time_cost": 72.233, "final_distance_cost": 1.826082835497786, "oscillation_cost": 20.79281980906012, "completition_cost": 0.0, "overshoot_cost": 51.3845254605335, "power_cost": 14.209491809082031, "noise_cost": 21.605221165141398, "n_waypoints_completed": 9, "tot_waypoints": 9}}
{"target": -181.86442821253831, "params": {"k_pid_pos": [0.5437556846639141, 0.00601945709159259, 0.0004370274704409232], "k_pid_alt": [1.4578109024567263, 0.004877509744098522, 0.010737075981200475], "k_pid_att": [36.57546404972393, 0.3295994858587197, 0.7839900796234636], "k_pid_yaw": [0.5, 1e-06, 0.1], "k_pid_hsp": [0.09621669848618936, 0.009822002440825862, 0.0], "k_pid_vsp": [130.82925977652576, 126.18373030972204, 6.118240184060646]}, "datetime": {"datetime": "2025-08-12 04:22:34", "elapsed": 43033.686959028244, "delta": 17.695523977279663}, "costs": {"total_cost": 181.86442821253831, "time_cost": 71.778, "final_distance_cost": 1.826668240541149, "oscillation_cost": 21.10661156581306, "completition_cost": 0.0, "overshoot_cost": 51.48327613285255, "power_cost": 14.136771728515626, "noise_cost": 21.533100544815895, "n_waypoints_completed": 9, "tot_waypoints": 9}}
{"target": -183.72514138095875, "params": {"k_pid_pos": [0.691731633697667, 0.005751318711574609, 0.0006034837009858278], "k_pid_alt": [1.3807824616603204, 0.005583995543882167, 0.009575100403039301], "k_pid_att": [46.39095052942398, 0.3080686321475751, 0.7980070209243396], "k_pid_yaw": [0.5, 1e-06, 0.1], "k_pid_hsp": [0.08458456929085856, 0.007849402459887465, 0.0], "k_pid_vsp": [119.9498226787686, 133.21804972704382, 8.409533470935944]}, "datetime": {"datetime": "2025-08-12 04:22:53", "elapsed": 43052.59579992294, "delta": 18.908840894699097}, "costs": {"total_cost": 183.72514138095875, "time_cost": 72.072, "final_distance_cost": 1.7906839843674514, "oscillation_cost": 23.0522120383755, "completition_cost": 0.0, "overshoot_cost": 51.4163555913007, "power_cost": 14.523615832519532, "noise_cost": 20.870273934395563, "n_waypoints_completed": 9, "tot_waypoints": 9}}
{"target": -181.58671812667973, "params": {"k_pid_pos": [0.5478849054806779, 0.004941206871112844, 0.0006599945378621374], "k_pid_alt": [1.7931333708953472, 0.005304862204600243, 0.010472859122691391], "k_pid_att": [40.552373101272686, 0.32911452805064256, 0.6843686088582558], "k_pid_yaw": [0.5, 1e-06, 0.1], "k_pid_hsp": [0.09658060878121522, 0.009658536350087473, 0.0], "k_pid_vsp": [139.87127070832267, 116.30784276986238, 7.947111987575191]}, "datetime": {"datetime": "2025-08-12 04:23:11", "elapsed": 43071.35285568237, "delta": 18.75705575942993}, "costs": {"total_cost": 181.58671812667973, "time_cost": 71.792, "final_distance_cost": 1.8402656957099317, "oscillation_cost": 21.121081237070463, "completition_cost": 0.0, "overshoot_cost": 51.16529898187211, "power_cost": 14.153158959960939, "noise_cost": 21.514913252066258, "n_waypoints_completed": 9, "tot_waypoints": 9}}
{"target": -183.3912825861912, "params": {"k_pid_pos": [0.6319478976739489, 0.005769162802158158, 0.0004056314208936309], "k_pid_alt": [1.7720237364677336, 0.004122149700094041, 0.010397993639691893], "k_pid_att": [49.29495085621576, 0.25585823226889765, 1.0], "k_pid_yaw": [0.5, 1e-06, 0.1], "k_pid_hsp": [0.0835494201284776, 0.01004994553485757, 0.0], "k_pid_vsp": [116.1872176837774, 160.0849353176201, 8.44623829711576]}, "datetime": {"datetime": "2025-08-12 04:23:29", "elapsed": 43088.4350733757, "delta": 17.082217693328857}, "costs": {"total_cost": 183.3912825861912, "time_cost": 72.212, "final_distance_cost": 1.79665815817006, "oscillation_cost": 22.311836775697746, "completition_cost": 0.0, "overshoot_cost": 51.35901323380277, "power_cost": 14.676383276367188, "noise_cost": 21.035391142153454, "n_waypoints_completed": 9, "tot_waypoints": 9}}
{"target": -183.07588202009356, "params": {"k_pid_pos": [0.6133404564339994, 0.005781662567720358, 0.0006374263135437018], "k_pid_alt": [1.8752127296124705, 0.00504208547092782, 0.009900580483347887], "k_pid_att": [38.38926359425348, 0.28998551288149793, 0.8123416918909997], "k_pid_yaw": [0.5, 1e-06, 0.1], "k_pid_hsp": [0.08056802824376191, 0.00975943586771228, 0.0], "k_pid_vsp": [139.8829858879872, 159.91753998317125, 6.461155915560751]}, "datetime": {"datetime": "2025-08-12 04:23:47", "elapsed": 43107.14677238464, "delta": 18.71169900894165}, "costs": {"total_cost": 183.07588202009356, "time_cost": 72.618, "final_distance_cost": 1.7957594057582638, "oscillation_cost": 21.607233593584386, "completition_cost": 0.0, "overshoot_cost": 51.30199168070278, "power_cost": 14.341962707519532, "noise_cost": 21.4109346325286, "n_waypoints_completed": 9, "tot_waypoints": 9}}
{"target": -181.74512746639246, "params": {"k_pid_pos": [0.511527111862344, 0.005723017818265134, 0.0005447692995677804], "k_pid_alt": [1.463353366112706, 0.005553526683412388, 0.009154150290814332], "k_pid_att": [43.63678519823625, 0.28083711026245234, 0.7381397790818847], "k_pid_yaw": [0.5, 1e-06, 0.1], "k_pid_hsp": [0.09067482965050276, 0.011929422315591765, 0.0], "k_pid_vsp": [154.23405004038835, 144.14723404590453, 8.297802852552318]}, "datetime": {"datetime": "2025-08-12 04:24:05", "elapsed": 43124.93559765816, "delta": 17.788825273513794}, "costs": {"total_cost": 181.74512746639246, "time_cost": 72.373, "final_distance_cost": 1.839863569947925, "oscillation_cost": 20.573137169002415, "completition_cost": 0.0, "overshoot_cost": 51.271833538426684, "power_cost": 14.375299536132813, "noise_cost": 21.31199365288261, "n_waypoints_completed": 9, "tot_waypoints": 9}}
{"target": -183.8817532946941, "params": {"k_pid_pos": [0.43323491540986886, 0.0059309742501114085, 0.0005510628817291429], "k_pid_alt": [1.3547599031846398, 0.00435034821659036, 0.009393435998542678], "k_pid_att": [42.26007607774031, 0.31405010190384547, 0.8103819203102122], "k_pid_yaw": [0.5, 1e-06, 0.1], "k_pid_hsp": [0.09290951738376692, 0.009768319679286907, 0.0], "k_pid_vsp": [146.77311030923985, 128.70081224350255, 7.235389314164347]}, "datetime": {"datetime": "2025-08-12 04:24:25", "elapsed": 43144.97426652908, "delta": 20.038668870925903}, "costs": {"total_cost": 183.8817532946941, "time_cost": 74.249, "final_distance_cost": 1.8397977589519139, "oscillation_cost": 18.860979432431957, "completition_cost": 0.0, "overshoot_cost": 51.89254432948758, "power_cost": 14.407863427734375, "noise_cost": 22.631568346088272, "n_waypoints_completed": 9, "tot_waypoints": 9}}
{"target": -184.13374257332623, "params": {"k_pid_pos": [0.5632201335199274, 0.006682388796368708, 0.0005031620879990399], "k_pid_alt": [1.8468926456835668, 0.005417263392522003, 0.012556997914681442], "k_pid_att": [37.753452774477104, 0.33630414418231735, 0.7189800327807548], "k_pid_yaw": [0.5, 1e-06, 0.1], "k_pid_hsp": [0.07339924722759096, 0.010009636061160494, 0.0], "k_pid_vsp": [140.60407040507852, 154.21744924346845, 7.177027353189584]}, "datetime": {"datetime": "2025-08-12 04:24:43", "elapsed": 43162.752529621124, "delta": 17.778263092041016}, "costs": {"total_cost": 184.13374257332623, "time_cost": 73.752, "final_distance_cost": 1.8159203574671658, "oscillation_cost": 20.38645976698589, "completition_cost": 0.0, "overshoot_cost": 51.78066481713929, "power_cost": 14.487732971191408, "noise_cost": 21.910964660542465, "n_waypoints_completed": 9, "tot_waypoints": 9}}
{"target": -182.24605709575866, "params": {"k_pid_pos": [0.5567986267668267, 0.0056780001414888795, 0.0005130327042545355], "k_pid_alt": [1.623537846511616, 0.0038300794168670952, 0.0065066915082261844], "k_pid_att": [43.45481656727745, 0.29613927995705897, 0.8055350859502101], "k_pid_yaw": [0.5, 1e-06, 0.1], "k_pid_hsp": [0.11707187007087283, 0.009423267994233651, 0.0], "k_pid_vsp": [168.22152841294854, 121.81856671674625, 6.619480491788063]}, "datetime": {"datetime": "2025-08-12 04:25:01", "elapsed": 43180.91762161255, "delta": 18.16509199142456}, "costs": {"total_cost": 182.24605709575866, "time_cost": 71.519, "final_distance_cost": 1.8365363614013002, "oscillation_cost": 22.321930252162204, "completition_cost": 0.0, "overshoot_cost": 50.995672091818676, "power_cost": 14.114914074707032, "noise_cost": 21.458004315669413, "n_waypoints_completed": 9, "tot_waypoints": 9}}
