{"target": -207.37491736426398, "params": {"k_pid_pos": [0.5667093958976562, 0.17424932215112698, 0.046463611538072526], "k_pid_alt": [2.0, 0.009807425033580272, 0.565176429311396], "k_pid_att": [25.199558944051812, 10.0, 0.6156707875397782], "k_pid_yaw": [0.5, 1e-06, 0.1], "k_pid_hsp": [4.6348356304690705, 0.0, 0.0], "k_pid_vsp": [189.4226638843804, 18.276299273491755, 8.587091230716721]}, "datetime": {"datetime": "2025-08-11 17:52:13", "elapsed": 5212.557289123535, "delta": 19.48698925971985}, "costs": {"total_cost": 207.37491736426398, "time_cost": 78.568, "final_distance_cost": 1.8251320821736028, "oscillation_cost": 34.49448487618003, "completition_cost": 0.0, "overshoot_cost": 52.25355323886832, "power_cost": 17.564627355957033, "noise_cost": 22.669119811085025, "n_waypoints_completed": 9, "tot_waypoints": 9}}
{"target": -1259.921029152111, "params": {"k_pid_pos": [1.6531441665264686, 0.0, 0.13464010493903034], "k_pid_alt": [1.9631425057765488, 0.005582614311990304, 0.7315031371763289], "k_pid_att": [21.90337305217497, 4.141813422322474, 1.0], "k_pid_yaw": [0.5, 1e-06, 0.1], "k_pid_hsp": [0.0001, 0.0053050518779934885, 0.0], "k_pid_vsp": [310.09285173986694, 3.254693680864314, 4.812609951031905]}, "datetime": {"datetime": "2025-08-11 17:52:43", "elapsed": 5242.623980998993, "delta": 30.066691875457764}, "costs": {"total_cost": 1259.921029152111, "time_cost": 150, "final_distance_cost": 60.67122830096187, "oscillation_cost": 0.8126090177204647, "completition_cost": 888.8888888888888, "overshoot_cost": 105.36950839300982, "power_cost": 21.050875598144533, "noise_cost": 33.12791895338543, "n_waypoints_completed": 1, "tot_waypoints": 9}}
{"target": -1364.0120114968731, "params": {"k_pid_pos": [1.7533344539826519, 0.29721358481828014, 0.0697961372859923], "k_pid_alt": [0.0, 0.008429016022648707, 0.5915481888445954], "k_pid_att": [22.225653098726017, 10.0, 1.0], "k_pid_yaw": [0.5, 1e-06, 0.1], "k_pid_hsp": [0.9548453384324302, 0.07799714699774059, 0.0], "k_pid_vsp": [93.8038913164147, 28.22391059610284, 9.355041935503547]}, "datetime": {"datetime": "2025-08-11 17:53:13", "elapsed": 5272.687081336975, "delta": 30.063100337982178}, "costs": {"total_cost": 1364.0120114968731, "time_cost": 150, "final_distance_cost": 27.688816179296936, "oscillation_cost": 6.268333640521921, "completition_cost": 1000.0, "overshoot_cost": 115.17840863442065, "power_cost": 29.39471013183594, "noise_cost": 35.48174291079778, "n_waypoints_completed": 0, "tot_waypoints": 9}}
{"target": -1208.7744241591297, "params": {"k_pid_pos": [0.0001, 0.17865541975666407, 0.19447593979225988], "k_pid_alt": [1.3893806086123164, 0.006122323153627818, 0.4121775777924362], "k_pid_att": [8.220207708262253, 6.353875114957451, 0.9302584317957573], "k_pid_yaw": [0.5, 1e-06, 0.1], "k_pid_hsp": [2.2025276190128085, 0.11008842800672473, 0.0], "k_pid_vsp": [276.1223324581971, 56.511547612684105, 6.551011276518072]}, "datetime": {"datetime": "2025-08-11 17:53:43", "elapsed": 5302.495213985443, "delta": 29.808132648468018}, "costs": {"total_cost": 1208.7744241591297, "time_cost": 150, "final_distance_cost": 64.56803722262141, "oscillation_cost": 5.182233667275927, "completition_cost": 888.8888888888888, "overshoot_cost": 45.93556758052673, "power_cost": 21.113513671875, "noise_cost": 33.086183127941815, "n_waypoints_completed": 1, "tot_waypoints": 9}}
{"target": -202.21526243507608, "params": {"k_pid_pos": [2.0, 0.0, 0.0], "k_pid_alt": [1.9784475138821376, 0.0, 0.5705007930539409], "k_pid_att": [28.89286663100947, 7.42214785404575, 0.9365342300022905], "k_pid_yaw": [0.5, 1e-06, 0.1], "k_pid_hsp": [4.787691587354796, 0.019296722910880762, 0.0], "k_pid_vsp": [134.40462449826265, 39.50703430269497, 8.411991473261068]}, "datetime": {"datetime": "2025-08-11 17:54:00", "elapsed": 5319.944274663925, "delta": 17.449060678482056}, "costs": {"total_cost": 202.21526243507608, "time_cost": 69.21600000000001, "final_distance_cost": 1.7746857913351226, "oscillation_cost": 44.09601679415915, "completition_cost": 0.0, "overshoot_cost": 50.90941678580867, "power_cost": 15.888722729492189, "noise_cost": 20.33042033428094, "n_waypoints_completed": 9, "tot_waypoints": 9}}
{"target": -191.31950862323967, "params": {"k_pid_pos": [0.7996657928998377, 0.10746496504790415, 0.08700023473358527], "k_pid_alt": [2.0, 0.0, 0.4045868965316301], "k_pid_att": [25.857569844478423, 7.048060840858458, 1.0], "k_pid_yaw": [0.5, 1e-06, 0.1], "k_pid_hsp": [1.4485121553454192, 0.06810149262804807, 0.0], "k_pid_vsp": [83.01732104263884, 46.128966652145785, 1e-06]}, "datetime": {"datetime": "2025-08-11 17:54:18", "elapsed": 5338.048515081406, "delta": 18.10424041748047}, "costs": {"total_cost": 191.31950862323967, "time_cost": 71.631, "final_distance_cost": 1.8311104999112588, "oscillation_cost": 29.936874755354953, "completition_cost": 0.0, "overshoot_cost": 51.09906546528433, "power_cost": 14.839113061523438, "noise_cost": 21.982344841165684, "n_waypoints_completed": 9, "tot_waypoints": 9}}
{"target": -205.11233143518413, "params": {"k_pid_pos": [1.5862182646926792, 0.10766737635971914, 0.05110295972146404], "k_pid_alt": [1.3245576814953348, 0.0003340983480716775, 0.9367247754527915], "k_pid_att": [6.652825494008908, 5.472987286015974, 1.0], "k_pid_yaw": [0.5, 1e-06, 0.1], "k_pid_hsp": [2.213301322873861, 0.07095351653140819, 0.0], "k_pid_vsp": [96.94297667655024, 6.492535282431221, 1e-06]}, "datetime": {"datetime": "2025-08-11 17:54:36", "elapsed": 5355.75142121315, "delta": 17.702906131744385}, "costs": {"total_cost": 205.11233143518413, "time_cost": 72.583, "final_distance_cost": 1.8078029137417317, "oscillation_cost": 42.75519117182737, "completition_cost": 0.0, "overshoot_cost": 50.87791145291813, "power_cost": 15.90634306640625, "noise_cost": 21.18208283029069, "n_waypoints_completed": 9, "tot_waypoints": 9}}
{"target": -201.96182312095522, "params": {"k_pid_pos": [0.5975206014481405, 0.21962472487213788, 0.06738654485497167], "k_pid_alt": [1.9074045752054143, 0.0, 0.0], "k_pid_att": [16.911421497018534, 10.0, 0.7310690896555524], "k_pid_yaw": [0.5, 1e-06, 0.1], "k_pid_hsp": [0.9430201254697653, 0.15113086580463897, 0.0], "k_pid_vsp": [61.09844664564202, 22.88894902536155, 1.1943536973974018]}, "datetime": {"datetime": "2025-08-11 17:54:56", "elapsed": 5375.445290327072, "delta": 19.69386911392212}, "costs": {"total_cost": 201.96182312095522, "time_cost": 78.778, "final_distance_cost": 1.8217266199583118, "oscillation_cost": 29.946636131557852, "completition_cost": 0.0, "overshoot_cost": 51.56241328080869, "power_cost": 15.996543615722658, "noise_cost": 23.856503472907676, "n_waypoints_completed": 9, "tot_waypoints": 9}}
{"target": -189.38590017400384, "params": {"k_pid_pos": [1.1756191642927294, 0.08959723346899973, 0.06988270976119997], "k_pid_alt": [2.0, 0.004274502112586063, 0.07205412765259696], "k_pid_att": [23.814150634085863, 1.9353580274259639, 1.0], "k_pid_yaw": [0.5, 1e-06, 0.1], "k_pid_hsp": [2.0122746728759817, 0.11513791744081943, 0.0], "k_pid_vsp": [170.58878578687768, 64.24470914713659, 5.090569135017481]}, "datetime": {"datetime": "2025-08-11 17:55:13", "elapsed": 5392.433931112289, "delta": 16.988640785217285}, "costs": {"total_cost": 189.38590017400384, "time_cost": 69.21600000000001, "final_distance_cost": 1.8322054877068699, "oscillation_cost": 32.43661908328465, "completition_cost": 0.0, "overshoot_cost": 50.239215585608164, "power_cost": 14.888169384765625, "noise_cost": 20.773690632638505, "n_waypoints_completed": 9, "tot_waypoints": 9}}
{"target": -198.788804937932, "params": {"k_pid_pos": [0.7132926404068024, 0.0, 0.023981882182052616], "k_pid_alt": [1.561840945588166, 2.7957195387413175e-05, 0.0], "k_pid_att": [19.521782937851896, 4.6946488152382155, 0.5987750924831906], "k_pid_yaw": [0.5, 1e-06, 0.1], "k_pid_hsp": [2.301500476724171, 0.04722269424422473, 0.0], "k_pid_vsp": [99.77590410900923, 103.85675921198062, 0.7398845630878069]}, "datetime": {"datetime": "2025-08-11 17:55:31", "elapsed": 5410.369920730591, "delta": 17.93598961830139}, "costs": {"total_cost": 198.788804937932, "time_cost": 73.822, "final_distance_cost": 1.8557296838599293, "oscillation_cost": 34.981600666557895, "completition_cost": 0.0, "overshoot_cost": 50.175287180014976, "power_cost": 15.196710522460938, "noise_cost": 22.75747688503827, "n_waypoints_completed": 9, "tot_waypoints": 9}}
{"target": -198.78993993823443, "params": {"k_pid_pos": [0.7567094090416037, 0.0, 0.10059601494815645], "k_pid_alt": [1.2280629817666606, 7.071990096157536e-06, 0.6404428712553816], "k_pid_att": [25.7899500654276, 2.4613559739705857, 0.4503517566476945], "k_pid_yaw": [0.5, 1e-06, 0.1], "k_pid_hsp": [1.3771151817896063, 0.03882884956051439, 0.0], "k_pid_vsp": [98.09166087550294, 65.5943377887318, 1e-06]}, "datetime": {"datetime": "2025-08-11 17:55:50", "elapsed": 5429.493888616562, "delta": 19.12396788597107}, "costs": {"total_cost": 198.78993993823443, "time_cost": 76.71300000000001, "final_distance_cost": 1.8497509090441053, "oscillation_cost": 30.61470210624147, "completition_cost": 0.0, "overshoot_cost": 50.76585972021672, "power_cost": 15.566777294921875, "noise_cost": 23.279849907810238, "n_waypoints_completed": 9, "tot_waypoints": 9}}
{"target": -187.0965174910068, "params": {"k_pid_pos": [0.9261042365794666, 0.0, 0.0903889049013001], "k_pid_alt": [1.2822949545202829, 0.006968880152003587, 0.0], "k_pid_att": [4.527312062253759, 1.7503792633340423, 0.8067766370839397], "k_pid_yaw": [0.5, 1e-06, 0.1], "k_pid_hsp": [0.1883100052541702, 0.026783954256383854, 0.0], "k_pid_vsp": [194.79730366418406, 36.26471948738605, 7.145887317931153]}, "datetime": {"datetime": "2025-08-11 17:56:08", "elapsed": 5447.879673480988, "delta": 18.38578486442566}, "costs": {"total_cost": 187.0965174910068, "time_cost": 69.71300000000001, "final_distance_cost": 1.8492249919693906, "oscillation_cost": 29.735726903544794, "completition_cost": 0.0, "overshoot_cost": 50.47692424198843, "power_cost": 14.401025402832031, "noise_cost": 20.920615950672147, "n_waypoints_completed": 9, "tot_waypoints": 9}}
{"target": -1364.5235085438726, "params": {"k_pid_pos": [1.1715024998506594, 0.0242363826135441, 0.04096193279692398], "k_pid_alt": [0.0, 0.007274478102180871, 0.598831954051627], "k_pid_att": [24.903328425151305, 2.304399060591422, 1.0], "k_pid_yaw": [0.5, 1e-06, 0.1], "k_pid_hsp": [4.20584358326307, 0.024366905544083894, 0.0], "k_pid_vsp": [286.3472633738107, 25.7259742574397, 3.5887657720303268]}, "datetime": {"datetime": "2025-08-11 17:56:39", "elapsed": 5478.97703909874, "delta": 31.097365617752075}, "costs": {"total_cost": 1364.5235085438726, "time_cost": 150, "final_distance_cost": 24.021845910425384, "oscillation_cost": 4.205707344515314, "completition_cost": 1000.0, "overshoot_cost": 121.94019088319745, "power_cost": 21.189849133300783, "noise_cost": 43.16591527243371, "n_waypoints_completed": 0, "tot_waypoints": 9}}
{"target": -253.09695285205157, "params": {"k_pid_pos": [0.200712998250322, 0.0772919866976726, 0.0], "k_pid_alt": [2.0, 0.0, 0.5905804989204381], "k_pid_att": [26.84619910490117, 4.150130650663586, 1.0], "k_pid_yaw": [0.5, 1e-06, 0.1], "k_pid_hsp": [1.9596481152826228, 0.06826503709609776, 0.0], "k_pid_vsp": [137.61355735842815, 29.858202621241976, 1e-06]}, "datetime": {"datetime": "2025-08-11 17:57:08", "elapsed": 5507.495481014252, "delta": 28.518441915512085}, "costs": {"total_cost": 253.09695285205157, "time_cost": 112.84700000000001, "final_distance_cost": 1.8530973932758137, "oscillation_cost": 22.97082792702218, "completition_cost": 0.0, "overshoot_cost": 58.132621918964674, "power_cost": 21.034222607421874, "noise_cost": 36.259183005367014, "n_waypoints_completed": 9, "tot_waypoints": 9}}
{"target": -1299.5783932691093, "params": {"k_pid_pos": [0.8199376058125177, 0.0, 0.06170013801878593], "k_pid_alt": [1.436292220750912, 0.003574638844082382, 0.4068055217612436], "k_pid_att": [17.11918495962887, 8.615288006298904, 1.0], "k_pid_yaw": [0.5, 1e-06, 0.1], "k_pid_hsp": [0.0001, 0.1045862674913635, 0.0], "k_pid_vsp": [114.27584228115046, 42.20767866595798, 2.663508992042265]}, "datetime": {"datetime": "2025-08-11 17:57:37", "elapsed": 5537.091601371765, "delta": 29.596120357513428}, "costs": {"total_cost": 1299.5783932691093, "time_cost": 150, "final_distance_cost": 93.65465064663374, "oscillation_cost": 111.04377256713803, "completition_cost": 777.7777777777778, "overshoot_cost": 102.06380535767836, "power_cost": 29.95467155761719, "noise_cost": 35.08371536226418, "n_waypoints_completed": 2, "tot_waypoints": 9}}
{"target": -1285.4499462488657, "params": {"k_pid_pos": [0.0001, 0.0, 0.045660959388555085], "k_pid_alt": [2.0, 0.0006880989430392008, 0.2702013827871596], "k_pid_att": [23.06133318723077, 6.555861307989648, 0.7372194278791352], "k_pid_yaw": [0.5, 1e-06, 0.1], "k_pid_hsp": [1.9247106297625096, 0.05017549135516201, 0.0], "k_pid_vsp": [154.01080468155877, 41.202077001417706, 7.515545285934064]}, "datetime": {"datetime": "2025-08-11 17:58:08", "elapsed": 5567.621571063995, "delta": 30.529969692230225}, "costs": {"total_cost": 1285.4499462488657, "time_cost": 150, "final_distance_cost": 46.00937651503009, "oscillation_cost": 0.1139778253148338, "completition_cost": 1000.0, "overshoot_cost": 35.23402462024023, "power_cost": 21.024246716308596, "noise_cost": 33.06832057197179, "n_waypoints_completed": 0, "tot_waypoints": 9}}
{"target": -198.42403900153204, "params": {"k_pid_pos": [1.4384175023959294, 0.07063035760004853, 0.0], "k_pid_alt": [2.0, 0.0, 1.0], "k_pid_att": [15.19070270888917, 6.079544935675784, 1.0], "k_pid_yaw": [0.5, 1e-06, 0.1], "k_pid_hsp": [1.9713308193652976, 0.09795189742024583, 0.0], "k_pid_vsp": [70.97734864770258, 1e-06, 1e-06]}, "datetime": {"datetime": "2025-08-11 17:58:25", "elapsed": 5585.069030284882, "delta": 17.44745922088623}, "costs": {"total_cost": 198.42403900153204, "time_cost": 70.889, "final_distance_cost": 1.7671545133841648, "oscillation_cost": 37.79855393234475, "completition_cost": 0.0, "overshoot_cost": 51.328179216826776, "power_cost": 15.309977551269531, "noise_cost": 21.331173787706817, "n_waypoints_completed": 9, "tot_waypoints": 9}}
{"target": -195.58038711751908, "params": {"k_pid_pos": [0.7257615783842389, 0.12188839911786137, 0.0905428812855547], "k_pid_alt": [2.0, 0.003801158894995738, 0.558269509496303], "k_pid_att": [17.486117525377626, 4.960629841637504, 1.0], "k_pid_yaw": [0.5, 1e-06, 0.1], "k_pid_hsp": [1.5797458117211614, 0.0602138216065956, 0.0], "k_pid_vsp": [77.03079377509164, 51.35513910123766, 6.966518765421717]}, "datetime": {"datetime": "2025-08-11 17:58:44", "elapsed": 5603.816424369812, "delta": 18.74739408493042}, "costs": {"total_cost": 195.58038711751908, "time_cost": 74.172, "final_distance_cost": 1.838453659134938, "oscillation_cost": 30.60387568003835, "completition_cost": 0.0, "overshoot_cost": 51.00727624943696, "power_cost": 15.18116658935547, "noise_cost": 22.77761493955337, "n_waypoints_completed": 9, "tot_waypoints": 9}}
{"target": -216.0436242044421, "params": {"k_pid_pos": [0.33825433630955715, 0.11438390568585599, 0.06962393036741192], "k_pid_alt": [1.7422624030701677, 0.00466358289311776, 0.4965717084836511], "k_pid_att": [23.04131369974057, 1.7659867394746402, 1.0], "k_pid_yaw": [0.5, 1e-06, 0.1], "k_pid_hsp": [1.15075145880408, 0.030759958886901778, 0.0], "k_pid_vsp": [215.90597256477744, 74.87955099360272, 1e-06]}, "datetime": {"datetime": "2025-08-11 17:59:07", "elapsed": 5626.362493515015, "delta": 22.546069145202637}, "costs": {"total_cost": 216.0436242044421, "time_cost": 90.328, "final_distance_cost": 1.8492097872611095, "oscillation_cost": 24.75681887613974, "completition_cost": 0.0, "overshoot_cost": 53.551557092103685, "power_cost": 17.298764880371095, "noise_cost": 28.259273568566456, "n_waypoints_completed": 9, "tot_waypoints": 9}}
{"target": -206.91326647814014, "params": {"k_pid_pos": [0.5936811861309781, 0.07668918819025904, 0.10110622612608278], "k_pid_alt": [2.0, 0.0012081642194759084, 0.6505702926105811], "k_pid_att": [22.415267403306725, 10.0, 0.5048002503469835], "k_pid_yaw": [0.5, 1e-06, 0.1], "k_pid_hsp": [3.7298505420246975, 0.062395053080174935, 0.0], "k_pid_vsp": [144.42850136774913, 24.078620898768794, 1e-06]}, "datetime": {"datetime": "2025-08-11 17:59:26", "elapsed": 5645.983887195587, "delta": 19.62139368057251}, "costs": {"total_cost": 206.91326647814014, "time_cost": 78.358, "final_distance_cost": 1.8509834018857318, "oscillation_cost": 34.69157194801172, "completition_cost": 0.0, "overshoot_cost": 51.966794176716085, "power_cost": 15.792135583496094, "noise_cost": 24.253781368030506, "n_waypoints_completed": 9, "tot_waypoints": 9}}
{"target": -192.19257525249904, "params": {"k_pid_pos": [0.8703746225310592, 0.10267872735163192, 0.0], "k_pid_alt": [2.0, 0.006148349803893254, 0.7360076514960117], "k_pid_att": [20.710834152192444, 4.513852960965793, 0.916050367457245], "k_pid_yaw": [0.5, 1e-06, 0.1], "k_pid_hsp": [2.4651156452547607, 0.0022384811476777087, 0.0], "k_pid_vsp": [52.46064412823148, 25.87953189801641, 4.72974595468435]}, "datetime": {"datetime": "2025-08-11 17:59:44", "elapsed": 5663.856030225754, "delta": 17.872143030166626}, "costs": {"total_cost": 192.19257525249904, "time_cost": 70.679, "final_distance_cost": 1.827736510866524, "oscillation_cost": 32.62697047846366, "completition_cost": 0.0, "overshoot_cost": 50.849915684834144, "power_cost": 14.72476492919922, "noise_cost": 21.48418764913549, "n_waypoints_completed": 9, "tot_waypoints": 9}}
{"target": -1279.7402654999962, "params": {"k_pid_pos": [0.0001, 0.04661941883812324, 0.06359408656996161], "k_pid_alt": [1.4123651475190637, 0.0, 0.8589434897571167], "k_pid_att": [27.809092075556418, 2.4518306205141704, 0.19405260344280872], "k_pid_yaw": [0.5, 1e-06, 0.1], "k_pid_hsp": [4.099127453176664, 0.0, 0.0], "k_pid_vsp": [195.3139424315899, 96.91379966526233, 2.5413639539831703]}, "datetime": {"datetime": "2025-08-11 18:00:15", "elapsed": 5694.55544924736, "delta": 30.699419021606445}, "costs": {"total_cost": 1279.7402654999962, "time_cost": 150, "final_distance_cost": 55.78569426993481, "oscillation_cost": 14.867208591017986, "completition_cost": 888.8888888888888, "overshoot_cost": 116.17404003136778, "power_cost": 20.984103149414064, "noise_cost": 33.040330569372685, "n_waypoints_completed": 1, "tot_waypoints": 9}}
{"target": -1460.377120658943, "params": {"k_pid_pos": [1.1735111470010955, 0.09405717420544707, 0.27600691808408856], "k_pid_alt": [0.959088714599004, 0.008401217249882806, 0.5165829547268944], "k_pid_att": [13.868603707323162, 5.488436164763638, 0.44850476252687393], "k_pid_yaw": [0.5, 1e-06, 0.1], "k_pid_hsp": [0.9111076484478614, 0.04755869530667602, 0.0], "k_pid_vsp": [0.0, 1e-06, 13.50267301647107]}, "datetime": {"datetime": "2025-08-11 18:00:45", "elapsed": 5724.745485067368, "delta": 30.190035820007324}, "costs": {"total_cost": 1460.377120658943, "time_cost": 150, "final_distance_cost": 1.0000000005078604, "oscillation_cost": 4.3170616608582275, "completition_cost": 1000.0, "overshoot_cost": 163.06910797517372, "power_cost": 10.228077587890626, "noise_cost": 131.7628734345127, "n_waypoints_completed": 0, "tot_waypoints": 9}}
{"target": -199.63629974284947, "params": {"k_pid_pos": [0.7275079917145031, 0.0, 0.13511899326068563], "k_pid_alt": [1.3825524819720465, 0.004918805046775913, 0.5316401100464323], "k_pid_att": [16.616630258638473, 8.26623047481954, 0.8419601343050154], "k_pid_yaw": [0.5, 1e-06, 0.1], "k_pid_hsp": [1.1969176069306828, 0.08384896556939338, 0.0], "k_pid_vsp": [145.59457081162074, 68.18682382278719, 9.086475952627938]}, "datetime": {"datetime": "2025-08-11 18:01:05", "elapsed": 5744.493588685989, "delta": 19.748103618621826}, "costs": {"total_cost": 199.63629974284947, "time_cost": 76.566, "final_distance_cost": 1.8528712473903537, "oscillation_cost": 31.25370810733238, "completition_cost": 0.0, "overshoot_cost": 50.41893595973461, "power_cost": 18.38280565185547, "noise_cost": 21.161978776536635, "n_waypoints_completed": 9, "tot_waypoints": 9}}
{"target": -202.45083641102238, "params": {"k_pid_pos": [2.0, 0.11703485964036131, 0.02645247333797836], "k_pid_alt": [2.0, 0.0, 0.3596940009690841], "k_pid_att": [23.197858909868643, 10.0, 0.9238559220007936], "k_pid_yaw": [0.5, 1e-06, 0.1], "k_pid_hsp": [2.937338631284332, 0.09481371585887982, 0.0], "k_pid_vsp": [137.9672346721178, 84.08744328036597, 17.0692751827058]}, "datetime": {"datetime": "2025-08-11 18:01:22", "elapsed": 5761.648098945618, "delta": 17.154510259628296}, "costs": {"total_cost": 202.45083641102238, "time_cost": 69.174, "final_distance_cost": 1.7456949463711242, "oscillation_cost": 44.30995159032928, "completition_cost": 0.0, "overshoot_cost": 50.315077628842026, "power_cost": 18.772477685546875, "noise_cost": 18.133634559933064, "n_waypoints_completed": 9, "tot_waypoints": 9}}
{"target": -201.32752017894566, "params": {"k_pid_pos": [1.0720914441626095, 0.0158357746804913, 0.038205089273803124], "k_pid_alt": [1.8715336653834849, 0.0, 0.8458603659264693], "k_pid_att": [5.161355463771975, 9.049753877810444, 0.28185282374230264], "k_pid_yaw": [0.5, 1e-06, 0.1], "k_pid_hsp": [2.537029900623448, 0.03750240651063132, 0.0], "k_pid_vsp": [202.71576263605934, 49.313140036566665, 1.171634886072457]}, "datetime": {"datetime": "2025-08-11 18:01:39", "elapsed": 5779.260190963745, "delta": 17.61209201812744}, "costs": {"total_cost": 201.32752017894566, "time_cost": 69.93, "final_distance_cost": 1.841344967963148, "oscillation_cost": 43.29030742372505, "completition_cost": 0.0, "overshoot_cost": 50.08951288710928, "power_cost": 15.098430139160158, "noise_cost": 21.077924760988047, "n_waypoints_completed": 9, "tot_waypoints": 9}}
