{"target": -183.29679483918173, "params": {"k_pid_pos": [0.5210681104603121, 0.006079371049009446, 0.0006052363505847985], "k_pid_alt": [1.7442399308568521, 0.004285475656954084, 0.011546862837158174], "k_pid_att": [35.75905172431769, 0.36724160722342325, 0.822830260361112], "k_pid_yaw": [0.5, 1e-06, 0.1], "k_pid_hsp": [0.11965401175261224, 0.011199733179338362, 0.0], "k_pid_vsp": [112.75262465412054, 114.27919550341733, 7.643061699517841]}, "datetime": {"datetime": "2025-08-12 03:47:13", "elapsed": 40913.32934474945, "delta": 17.513306856155396}, "costs": {"total_cost": 183.29679483918173, "time_cost": 72.19800000000001, "final_distance_cost": 1.841340687044599, "oscillation_cost": 22.247044194062923, "completition_cost": 0.0, "overshoot_cost": 50.926419587151926, "power_cost": 14.262208020019532, "noise_cost": 21.82178235090277, "n_waypoints_completed": 9, "tot_waypoints": 9}}
{"target": -181.47506195314878, "params": {"k_pid_pos": [0.5395013480745967, 0.006533416785917856, 0.0005847616998125578], "k_pid_alt": [1.56754540640146, 0.004883282934918335, 0.008044251614865269], "k_pid_att": [40.67533761705683, 0.3373988008427535, 0.8344794168274756], "k_pid_yaw": [0.5, 1e-06, 0.1], "k_pid_hsp": [0.08977060184123209, 0.008275879931722425, 0.0], "k_pid_vsp": [107.57006094936031, 118.72890850151316, 8.003967410696275]}, "datetime": {"datetime": "2025-08-12 03:47:32", "elapsed": 40931.99934244156, "delta": 18.669997692108154}, "costs": {"total_cost": 181.47506195314878, "time_cost": 72.093, "final_distance_cost": 1.8232797382543622, "oscillation_cost": 20.455513571028717, "completition_cost": 0.0, "overshoot_cost": 51.59540304226967, "power_cost": 14.098414086914064, "noise_cost": 21.409451514681972, "n_waypoints_completed": 9, "tot_waypoints": 9}}
{"target": -182.4870421572352, "params": {"k_pid_pos": [0.49776690003969654, 0.006314265713330952, 0.00047760129249313157], "k_pid_alt": [1.5958063564013205, 0.005343954501008784, 0.0059659208938712014], "k_pid_att": [36.36519826946587, 0.3610632321031499, 0.8981779012274727], "k_pid_yaw": [0.5, 1e-06, 0.1], "k_pid_hsp": [0.10688240514253196, 0.009065809530614132, 0.0], "k_pid_vsp": [133.15032357165754, 111.70230018603058, 6.693917015445723]}, "datetime": {"datetime": "2025-08-12 03:47:51", "elapsed": 40950.61608815193, "delta": 18.616745710372925}, "costs": {"total_cost": 182.4870421572352, "time_cost": 72.555, "final_distance_cost": 1.8338120458325886, "oscillation_cost": 20.759117211908684, "completition_cost": 0.0, "overshoot_cost": 51.210762254542, "power_cost": 14.207906872558594, "noise_cost": 21.920443772393323, "n_waypoints_completed": 9, "tot_waypoints": 9}}
{"target": -182.90909791301104, "params": {"k_pid_pos": [0.7098700709499713, 0.006268779671483804, 0.0006678106898179963], "k_pid_alt": [1.4480094687905538, 0.005346812791495761, 0.011577733681986899], "k_pid_att": [41.9674323846638, 0.3541246253616717, 1.0], "k_pid_yaw": [0.5, 1e-06, 0.1], "k_pid_hsp": [0.09230169262632781, 0.011355489004219692, 0.0], "k_pid_vsp": [135.77403474976418, 150.1824684013834, 6.8524427599674524]}, "datetime": {"datetime": "2025-08-12 03:48:11", "elapsed": 40970.62043786049, "delta": 20.00434970855713}, "costs": {"total_cost": 182.90909791301104, "time_cost": 71.309, "final_distance_cost": 1.8278006795429496, "oscillation_cost": 24.184537497252304, "completition_cost": 0.0, "overshoot_cost": 50.45050270616217, "power_cost": 14.205177636718751, "noise_cost": 20.93207939333488, "n_waypoints_completed": 9, "tot_waypoints": 9}}
{"target": -182.18427050164735, "params": {"k_pid_pos": [0.49874980566641264, 0.004058846482036937, 0.0006491755750100344], "k_pid_alt": [1.4440240406252567, 0.005275750828004203, 0.008564219704805526], "k_pid_att": [40.81048280001704, 0.31085063860722495, 0.5204156498997881], "k_pid_yaw": [0.5, 1e-06, 0.1], "k_pid_hsp": [0.09330339795139246, 0.009600049835353253, 0.0], "k_pid_vsp": [97.7446698973938, 131.99559437158018, 6.590798158757669]}, "datetime": {"datetime": "2025-08-12 03:48:29", "elapsed": 40988.61369228363, "delta": 17.99325442314148}, "costs": {"total_cost": 182.18427050164735, "time_cost": 72.513, "final_distance_cost": 1.8285865750524362, "oscillation_cost": 20.3009396410163, "completition_cost": 0.0, "overshoot_cost": 51.578463644484536, "power_cost": 14.165541381835938, "noise_cost": 21.797739259258115, "n_waypoints_completed": 9, "tot_waypoints": 9}}
{"target": -181.56002195908516, "params": {"k_pid_pos": [0.5781934112355006, 0.005513922858745461, 0.0006631309913124925], "k_pid_alt": [1.6799990901341542, 0.0052188920275276504, 0.008148503578064691], "k_pid_att": [40.30532075223305, 0.3471071858949491, 0.9277569364439525], "k_pid_yaw": [0.5, 1e-06, 0.1], "k_pid_hsp": [0.0974168730212725, 0.009571170145740325, 0.0], "k_pid_vsp": [96.48404388522509, 139.4503434995953, 7.2595662525536895]}, "datetime": {"datetime": "2025-08-12 03:48:47", "elapsed": 41007.20746207237, "delta": 18.593769788742065}, "costs": {"total_cost": 181.56002195908516, "time_cost": 71.386, "final_distance_cost": 1.8235746960184895, "oscillation_cost": 21.890608289744993, "completition_cost": 0.0, "overshoot_cost": 51.154434597272505, "power_cost": 14.11924178466797, "noise_cost": 21.18616259138123, "n_waypoints_completed": 9, "tot_waypoints": 9}}
{"target": -182.72712479652336, "params": {"k_pid_pos": [0.7513495535924894, 0.006390383709923114, 0.0006152360264164845], "k_pid_alt": [1.7357924303621217, 0.0051378827398381975, 0.007816786429660052], "k_pid_att": [42.07537880850347, 0.2890391570934819, 0.9330422714161175], "k_pid_yaw": [0.5, 1e-06, 0.1], "k_pid_hsp": [0.10191694788595661, 0.008902125271872762, 0.0], "k_pid_vsp": [104.34107970531545, 107.6854965934486, 7.662418096875392]}, "datetime": {"datetime": "2025-08-12 03:49:05", "elapsed": 41024.515605926514, "delta": 17.308143854141235}, "costs": {"total_cost": 182.72712479652336, "time_cost": 70.357, "final_distance_cost": 1.8289108075485732, "oscillation_cost": 24.550184966410217, "completition_cost": 0.0, "overshoot_cost": 50.957776204996115, "power_cost": 14.136510510253906, "noise_cost": 20.896742307314565, "n_waypoints_completed": 9, "tot_waypoints": 9}}
{"target": -183.15417078905128, "params": {"k_pid_pos": [0.6304263538171656, 0.005031152996434421, 0.0005824947356892436], "k_pid_alt": [1.5768917473513373, 0.004974181437886787, 0.0038056924866135453], "k_pid_att": [49.76250465534984, 0.2658299151820774, 0.7382424864212508], "k_pid_yaw": [0.5, 1e-06, 0.1], "k_pid_hsp": [0.08320039232131854, 0.009268948528016468, 0.0], "k_pid_vsp": [102.06024856898699, 126.26766558054926, 6.099227089878333]}, "datetime": {"datetime": "2025-08-12 03:49:24", "elapsed": 41043.885739564896, "delta": 19.370133638381958}, "costs": {"total_cost": 183.15417078905128, "time_cost": 72.261, "final_distance_cost": 1.7982100236748535, "oscillation_cost": 22.00323334172171, "completition_cost": 0.0, "overshoot_cost": 51.53503925557646, "power_cost": 14.27649559326172, "noise_cost": 21.280192574816535, "n_waypoints_completed": 9, "tot_waypoints": 9}}
{"target": -183.16424502535895, "params": {"k_pid_pos": [0.5442154177480019, 0.006788241733555291, 0.000557907818535966], "k_pid_alt": [1.5196219191211682, 0.00481457688037112, 0.008480736190238015], "k_pid_att": [40.8299887917198, 0.33102846260847085, 0.8699660393831049], "k_pid_yaw": [0.5, 1e-06, 0.1], "k_pid_hsp": [0.07991054316519776, 0.011315281088736277, 0.0], "k_pid_vsp": [129.5477702297848, 129.8987312680106, 4.649132719168251]}, "datetime": {"datetime": "2025-08-12 03:49:42", "elapsed": 41061.636711359024, "delta": 17.750971794128418}, "costs": {"total_cost": 183.16424502535895, "time_cost": 73.241, "final_distance_cost": 1.8238787279876822, "oscillation_cost": 20.656945722322053, "completition_cost": 0.0, "overshoot_cost": 51.347792597532134, "power_cost": 14.361250549316408, "noise_cost": 21.733377428200697, "n_waypoints_completed": 9, "tot_waypoints": 9}}
{"target": -184.067303637845, "params": {"k_pid_pos": [0.4762695397608574, 0.006342704084408125, 0.000514323144440425], "k_pid_alt": [1.6651345004346556, 0.004861189614704575, 0.007083162015208852], "k_pid_att": [43.81012117427283, 0.289243781827592, 0.9134207234138519], "k_pid_yaw": [0.5, 1e-06, 0.1], "k_pid_hsp": [0.11660699847299304, 0.010384843019410603, 0.0], "k_pid_vsp": [141.08518010457087, 108.51570583255614, 5.411756148378076]}, "datetime": {"datetime": "2025-08-12 03:50:02", "elapsed": 41081.45202612877, "delta": 19.815314769744873}, "costs": {"total_cost": 184.067303637845, "time_cost": 73.325, "final_distance_cost": 1.851882729423647, "oscillation_cost": 20.941656453479183, "completition_cost": 0.0, "overshoot_cost": 50.93957365489284, "power_cost": 14.492309509277344, "noise_cost": 22.516881290771984, "n_waypoints_completed": 9, "tot_waypoints": 9}}
{"target": -182.2040903294147, "params": {"k_pid_pos": [0.5093900395899447, 0.007158725348537405, 0.0006180031429067304], "k_pid_alt": [1.551293335554526, 0.004777887933467812, 0.007260179282406992], "k_pid_att": [46.06782991643765, 0.3406375093659088, 0.8491125550677115], "k_pid_yaw": [0.5, 1e-06, 0.1], "k_pid_hsp": [0.0863543503470871, 0.009179986123607117, 0.0], "k_pid_vsp": [147.87707741621603, 116.09811291814123, 5.843478704621]}, "datetime": {"datetime": "2025-08-12 03:50:19", "elapsed": 41098.76721191406, "delta": 17.31518578529358}, "costs": {"total_cost": 182.2040903294147, "time_cost": 72.632, "final_distance_cost": 1.8214087086820647, "oscillation_cost": 19.922577053991944, "completition_cost": 0.0, "overshoot_cost": 51.67038612263861, "power_cost": 14.263379064941407, "noise_cost": 21.894339379160666, "n_waypoints_completed": 9, "tot_waypoints": 9}}
{"target": -182.75698383876596, "params": {"k_pid_pos": [0.7105718083358076, 0.005933949955291273, 0.0007816114486202917], "k_pid_alt": [1.857255170930526, 0.004061731563021525, 0.007925534426008555], "k_pid_att": [38.398944115178416, 0.3387649969202653, 0.885434133896282], "k_pid_yaw": [0.5, 1e-06, 0.1], "k_pid_hsp": [0.09464434136844029, 0.00786301721156535, 0.0], "k_pid_vsp": [112.94176085907088, 130.05714454268502, 6.4475362766329996]}, "datetime": {"datetime": "2025-08-12 03:50:39", "elapsed": 41118.62992167473, "delta": 19.862709760665894}, "costs": {"total_cost": 182.75698383876596, "time_cost": 70.84, "final_distance_cost": 1.8194971013345147, "oscillation_cost": 23.69329187643922, "completition_cost": 0.0, "overshoot_cost": 51.26852993763402, "power_cost": 14.23287957763672, "noise_cost": 20.902785345721497, "n_waypoints_completed": 9, "tot_waypoints": 9}}
{"target": -184.18686087879766, "params": {"k_pid_pos": [0.5257029504838897, 0.006771026586954362, 0.0005690720826223009], "k_pid_alt": [1.4516462993205774, 0.004944062486389115, 0.006941300111456202], "k_pid_att": [47.31391560157406, 0.38142860525130184, 0.851569797652279], "k_pid_yaw": [0.5, 1e-06, 0.1], "k_pid_hsp": [0.0752868477811719, 0.01172588930380238, 0.0], "k_pid_vsp": [94.9698329425086, 138.98015031665582, 6.313198210847575]}, "datetime": {"datetime": "2025-08-12 03:50:56", "elapsed": 41135.917902469635, "delta": 17.287980794906616}, "costs": {"total_cost": 184.18686087879766, "time_cost": 73.927, "final_distance_cost": 1.8100299733583824, "oscillation_cost": 20.03697178079233, "completition_cost": 0.0, "overshoot_cost": 51.94526619139881, "power_cost": 14.51813671875, "noise_cost": 21.949456214498166, "n_waypoints_completed": 9, "tot_waypoints": 9}}
{"target": -181.26159604386035, "params": {"k_pid_pos": [0.5719538242038188, 0.006949531213630583, 0.0005575720191645186], "k_pid_alt": [1.2366941747257707, 0.003679439959028537, 0.0063419589589221856], "k_pid_att": [47.61346844824035, 0.33070811876030104, 0.8129640163825752], "k_pid_yaw": [0.5, 1e-06, 0.1], "k_pid_hsp": [0.09011681154116297, 0.009046936159525459, 0.0], "k_pid_vsp": [124.51045462537577, 114.3570328201972, 5.817387200419174]}, "datetime": {"datetime": "2025-08-12 03:51:15", "elapsed": 41155.1333322525, "delta": 19.21542978286743}, "costs": {"total_cost": 181.26159604386035, "time_cost": 71.848, "final_distance_cost": 1.8100947973714758, "oscillation_cost": 21.227707896700455, "completition_cost": 0.0, "overshoot_cost": 51.01802314986418, "power_cost": 14.054333251953127, "noise_cost": 21.303436947971147, "n_waypoints_completed": 9, "tot_waypoints": 9}}
{"target": -181.71615747921592, "params": {"k_pid_pos": [0.5600047111364135, 0.006379148273572641, 0.0005820399947763232], "k_pid_alt": [1.607808864332864, 0.003649497880616677, 0.006221912793534338], "k_pid_att": [50.07063139270659, 0.33321560435526615, 0.8384623880366112], "k_pid_yaw": [0.5, 1e-06, 0.1], "k_pid_hsp": [0.08892484834986969, 0.005954374109466465, 0.0], "k_pid_vsp": [177.8933984117407, 117.27843148824144, 8.03049787914146]}, "datetime": {"datetime": "2025-08-12 03:51:34", "elapsed": 41173.4105861187, "delta": 18.27725386619568}, "costs": {"total_cost": 181.71615747921592, "time_cost": 72.044, "final_distance_cost": 1.8140282114696922, "oscillation_cost": 20.430611347426993, "completition_cost": 0.0, "overshoot_cost": 51.85254587354322, "power_cost": 14.095298254394532, "noise_cost": 21.479673792381497, "n_waypoints_completed": 9, "tot_waypoints": 9}}
{"target": -184.04559102750747, "params": {"k_pid_pos": [0.6519197571833304, 0.006505760396255745, 0.0008414127046617796], "k_pid_alt": [1.6351620125662176, 0.003946402564749993, 0.007400066486173938], "k_pid_att": [36.23875771955062, 0.4445283279576993, 0.8740489868395551], "k_pid_yaw": [0.5, 1e-06, 0.1], "k_pid_hsp": [0.0799951384271255, 0.008427463335860088, 0.0], "k_pid_vsp": [130.39011526704823, 140.42339351796065, 9.208453727182631]}, "datetime": {"datetime": "2025-08-12 03:51:52", "elapsed": 41192.00663590431, "delta": 18.596049785614014}, "costs": {"total_cost": 184.04559102750747, "time_cost": 72.59700000000001, "final_distance_cost": 1.7957135716897135, "oscillation_cost": 22.212958606340116, "completition_cost": 0.0, "overshoot_cost": 51.4505155018212, "power_cost": 17.19678214111328, "noise_cost": 18.792621206543142, "n_waypoints_completed": 9, "tot_waypoints": 9}}
{"target": -186.340150849093, "params": {"k_pid_pos": [0.4383957887892089, 0.0060702111015609, 0.0005054342384644169], "k_pid_alt": [1.8915144883327761, 0.005200825876486002, 0.005845278275370194], "k_pid_att": [46.266199288371844, 0.2952774969376954, 1.0], "k_pid_yaw": [0.5, 1e-06, 0.1], "k_pid_hsp": [0.06521179754449906, 0.00808967626224246, 0.0], "k_pid_vsp": [138.6297079826935, 124.99044982208967, 5.475446013162984]}, "datetime": {"datetime": "2025-08-12 03:52:11", "elapsed": 41211.06360077858, "delta": 19.056964874267578}, "costs": {"total_cost": 186.340150849093, "time_cost": 76.839, "final_distance_cost": 1.8075092269248991, "oscillation_cost": 16.5597629835308, "completition_cost": 0.0, "overshoot_cost": 53.07850191804776, "power_cost": 14.808250915527344, "noise_cost": 23.247125805062197, "n_waypoints_completed": 9, "tot_waypoints": 9}}
{"target": -181.79748467090243, "params": {"k_pid_pos": [0.6432305544804363, 0.008289632826124669, 0.0008420431921080136], "k_pid_alt": [1.2813909256182494, 0.004504388248476826, 0.007852304476951321], "k_pid_att": [37.21569293918507, 0.28264547113827704, 0.7770738822989024], "k_pid_yaw": [0.5, 1e-06, 0.1], "k_pid_hsp": [0.09235322283378733, 0.009501085324378062, 0.0], "k_pid_vsp": [118.94540673779493, 99.98849631234687, 6.5966943541926435]}, "datetime": {"datetime": "2025-08-12 03:52:30", "elapsed": 41229.521315813065, "delta": 18.457715034484863}, "costs": {"total_cost": 181.79748467090243, "time_cost": 71.393, "final_distance_cost": 1.821915420447871, "oscillation_cost": 22.694377979268733, "completition_cost": 0.0, "overshoot_cost": 50.75091904574436, "power_cost": 14.096224841308594, "noise_cost": 21.04104738413289, "n_waypoints_completed": 9, "tot_waypoints": 9}}
{"target": -181.8714064610069, "params": {"k_pid_pos": [0.5843088259082257, 0.006493522675408457, 0.0006666693721432455], "k_pid_alt": [1.7830777920265597, 0.004189315322023939, 0.009066319196314773], "k_pid_att": [44.91240543528193, 0.33902399676436074, 0.8318104996570539], "k_pid_yaw": [0.5, 1e-06, 0.1], "k_pid_hsp": [0.0952937242686465, 0.008287494283293643, 0.0], "k_pid_vsp": [90.29543953421374, 159.64374979254396, 6.835129798969973]}, "datetime": {"datetime": "2025-08-12 03:52:54", "elapsed": 41253.39736843109, "delta": 23.876052618026733}, "costs": {"total_cost": 181.8714064610069, "time_cost": 71.435, "final_distance_cost": 1.8146317022645904, "oscillation_cost": 21.857718651452238, "completition_cost": 0.0, "overshoot_cost": 51.23336507738554, "power_cost": 14.211806481933595, "noise_cost": 21.31888454797092, "n_waypoints_completed": 9, "tot_waypoints": 9}}
{"target": -182.1612164834436, "params": {"k_pid_pos": [0.5652557907167911, 0.005685932635712041, 0.0005922955392475472], "k_pid_alt": [1.2709997539771216, 0.004900823341552081, 0.010461163838263557], "k_pid_att": [45.994485282563936, 0.35061313349263834, 0.7823098962299015], "k_pid_yaw": [0.5, 1e-06, 0.1], "k_pid_hsp": [0.0833137170694737, 0.008440610036328193, 0.0], "k_pid_vsp": [123.4286776113023, 132.34051314179467, 6.096532704202414]}, "datetime": {"datetime": "2025-08-12 03:53:12", "elapsed": 41271.96919322014, "delta": 18.57182478904724}, "costs": {"total_cost": 182.1612164834436, "time_cost": 72.415, "final_distance_cost": 1.8197807201826488, "oscillation_cost": 20.67997627698148, "completition_cost": 0.0, "overshoot_cost": 51.53955596676122, "power_cost": 14.226897497558594, "noise_cost": 21.480006021959667, "n_waypoints_completed": 9, "tot_waypoints": 9}}
{"target": -181.56989472592073, "params": {"k_pid_pos": [0.5478320401076161, 0.00780291221796663, 0.0007898238674527211], "k_pid_alt": [1.4218397712275659, 0.003739279788063346, 0.006938979161678112], "k_pid_att": [31.237016680046732, 0.3500370347530026, 0.6515623706533321], "k_pid_yaw": [0.5, 1e-06, 0.1], "k_pid_hsp": [0.09036788421971907, 0.006269223098970311, 0.0], "k_pid_vsp": [144.96318611245405, 130.37070173366268, 7.138406250585104]}, "datetime": {"datetime": "2025-08-12 03:53:31", "elapsed": 41290.939303159714, "delta": 18.970109939575195}, "costs": {"total_cost": 181.56989472592073, "time_cost": 72.086, "final_distance_cost": 1.8258486659560293, "oscillation_cost": 20.52694563174874, "completition_cost": 0.0, "overshoot_cost": 51.5721536987847, "power_cost": 14.095028979492188, "noise_cost": 21.463917749939068, "n_waypoints_completed": 9, "tot_waypoints": 9}}
{"target": -185.88564967677735, "params": {"k_pid_pos": [0.6332235540667467, 0.008053389583890206, 0.0006383185608439995], "k_pid_alt": [1.5723783292445137, 0.005238067538231414, 0.004727100116653767], "k_pid_att": [35.034507978053675, 0.33778891122482674, 0.812998873691364], "k_pid_yaw": [0.5, 1e-06, 0.1], "k_pid_hsp": [0.06713854306106054, 0.009693573902656086, 0.0], "k_pid_vsp": [112.60743664399264, 148.2013685222619, 6.216108715428447]}, "datetime": {"datetime": "2025-08-12 03:53:49", "elapsed": 41309.03010869026, "delta": 18.090805530548096}, "costs": {"total_cost": 185.88564967677735, "time_cost": 73.983, "final_distance_cost": 1.7860327001313814, "oscillation_cost": 21.543531835135695, "completition_cost": 0.0, "overshoot_cost": 52.16073041404602, "power_cost": 14.563078784179687, "noise_cost": 21.849275943284574, "n_waypoints_completed": 9, "tot_waypoints": 9}}
{"target": -182.81868839627808, "params": {"k_pid_pos": [0.6274118749192533, 0.005962215540465544, 0.0005874993212616127], "k_pid_alt": [1.7760100319696257, 0.0036045959518579934, 0.00938678105842401], "k_pid_att": [38.310572336682355, 0.3271494983263161, 0.839326730696531], "k_pid_yaw": [0.5, 1e-06, 0.1], "k_pid_hsp": [0.1293163213056532, 0.009095903172841108, 0.0], "k_pid_vsp": [120.73762752813946, 121.1019542648171, 5.8990800470767475]}, "datetime": {"datetime": "2025-08-12 03:54:08", "elapsed": 41328.27107667923, "delta": 19.240967988967896}, "costs": {"total_cost": 182.81868839627808, "time_cost": 70.728, "final_distance_cost": 1.8404703965898321, "oscillation_cost": 23.70503446456775, "completition_cost": 0.0, "overshoot_cost": 51.12161893798798, "power_cost": 14.17260701904297, "noise_cost": 21.25095757808955, "n_waypoints_completed": 9, "tot_waypoints": 9}}
{"target": -181.65898532033276, "params": {"k_pid_pos": [0.6902836467186703, 0.007647353731899495, 0.0006595412894344048], "k_pid_alt": [1.3119995698018443, 0.0036819321342145724, 0.007215210174229817], "k_pid_att": [42.39359467653231, 0.28894569278256554, 0.8038353964138557], "k_pid_yaw": [0.5, 1e-06, 0.1], "k_pid_hsp": [0.10060182775012644, 0.007680978570831411, 0.0], "k_pid_vsp": [164.2654046602042, 124.8693416014659, 5.364015970736578]}, "datetime": {"datetime": "2025-08-12 03:54:26", "elapsed": 41345.83969664574, "delta": 17.568619966506958}, "costs": {"total_cost": 181.65898532033276, "time_cost": 70.651, "final_distance_cost": 1.8238949914577025, "oscillation_cost": 23.569231681720773, "completition_cost": 0.0, "overshoot_cost": 50.65125773189971, "power_cost": 14.113102160644532, "noise_cost": 20.850498754610033, "n_waypoints_completed": 9, "tot_waypoints": 9}}
{"target": -183.74213115703438, "params": {"k_pid_pos": [0.6162955896382858, 0.0064973745415062715, 0.0006228594017740894], "k_pid_alt": [1.4849003715563287, 0.005387973912117333, 0.008102309759417132], "k_pid_att": [41.14451157523985, 0.2815301428298482, 0.9353894118668874], "k_pid_yaw": [0.5, 1e-06, 0.1], "k_pid_hsp": [0.08253822740755072, 0.010264046483090143, 0.0], "k_pid_vsp": [119.49002556560009, 141.53841957225632, 6.7897514515602895]}, "datetime": {"datetime": "2025-08-12 03:54:45", "elapsed": 41364.616268634796, "delta": 18.77657198905945}, "costs": {"total_cost": 183.74213115703438, "time_cost": 72.485, "final_distance_cost": 1.8121184605529543, "oscillation_cost": 22.084639200202894, "completition_cost": 0.0, "overshoot_cost": 51.617531775037314, "power_cost": 14.309817431640626, "noise_cost": 21.433024289600578, "n_waypoints_completed": 9, "tot_waypoints": 9}}
