{"target": -182.07579247729814, "params": {"k_pid_pos": [0.5547092521338425, 0.006451995620732102, 0.0006518968384333362], "k_pid_alt": [1.231617466024867, 0.004751467698694345, 0.005815073470088693], "k_pid_att": [46.166623128216834, 0.34700540678497616, 0.5415202948303464], "k_pid_yaw": [0.5, 1e-06, 0.1], "k_pid_hsp": [0.10020105423150427, 0.010787251381098102, 0.0], "k_pid_vsp": [155.05420967719576, 124.02362374514634, 5.9247971592100965]}, "datetime": {"datetime": "2025-08-12 03:15:53", "elapsed": 39032.67799663544, "delta": 17.813098669052124}, "costs": {"total_cost": 182.07579247729814, "time_cost": 71.694, "final_distance_cost": 1.8302714858038303, "oscillation_cost": 21.663562352824933, "completition_cost": 0.0, "overshoot_cost": 51.34523347772848, "power_cost": 14.232747509765625, "noise_cost": 21.309977651175263, "n_waypoints_completed": 9, "tot_waypoints": 9}}
{"target": -182.50032576014317, "params": {"k_pid_pos": [0.6724871832772736, 0.0076403750843430625, 0.0007902802678033226], "k_pid_alt": [1.484037455675279, 0.004634776044300558, 0.004640340729398472], "k_pid_att": [37.10346710045973, 0.3354628198824507, 0.7654959293572062], "k_pid_yaw": [0.5, 1e-06, 0.1], "k_pid_hsp": [0.09198480163380206, 0.008309499545393043, 0.0], "k_pid_vsp": [133.81617980511587, 110.7894050326425, 6.025482622306193]}, "datetime": {"datetime": "2025-08-12 03:16:12", "elapsed": 39051.36916351318, "delta": 18.691166877746582}, "costs": {"total_cost": 182.50032576014317, "time_cost": 71.20400000000001, "final_distance_cost": 1.7966830979464408, "oscillation_cost": 23.0619728078756, "completition_cost": 0.0, "overshoot_cost": 51.33170592585596, "power_cost": 14.107246740722656, "noise_cost": 20.998717187742535, "n_waypoints_completed": 9, "tot_waypoints": 9}}
{"target": -183.33172442003385, "params": {"k_pid_pos": [0.6695158506053561, 0.005440662251799536, 0.0007631712891348952], "k_pid_alt": [1.4965587963547262, 0.003752843039742193, 0.006514122168601018], "k_pid_att": [52.09732408209385, 0.29332426187185434, 0.9672005056688476], "k_pid_yaw": [0.5, 1e-06, 0.1], "k_pid_hsp": [0.08625567489150869, 0.00919495421791775, 0.0], "k_pid_vsp": [122.15483232748197, 144.85140811170794, 6.440578870526468]}, "datetime": {"datetime": "2025-08-12 03:16:29", "elapsed": 39069.143622636795, "delta": 17.77445912361145}, "costs": {"total_cost": 183.33172442003385, "time_cost": 71.84100000000001, "final_distance_cost": 1.8113854302833075, "oscillation_cost": 22.962538231859032, "completition_cost": 0.0, "overshoot_cost": 51.31584341889038, "power_cost": 14.23079324951172, "noise_cost": 21.170164089489393, "n_waypoints_completed": 9, "tot_waypoints": 9}}
{"target": -181.76651235008927, "params": {"k_pid_pos": [0.555992054343287, 0.007709849379077777, 0.0006652347873967847], "k_pid_alt": [1.1846341985935427, 0.004735909535512826, 0.005560778011054913], "k_pid_att": [51.09986439709272, 0.4040925217266249, 0.7757405730336652], "k_pid_yaw": [0.5, 1e-06, 0.1], "k_pid_hsp": [0.09821061666609848, 0.010100974835850112, 0.0], "k_pid_vsp": [132.39810674077083, 103.63162207756385, 7.791836540005384]}, "datetime": {"datetime": "2025-08-12 03:16:48", "elapsed": 39088.0912694931, "delta": 18.947646856307983}, "costs": {"total_cost": 181.76651235008927, "time_cost": 71.792, "final_distance_cost": 1.8409451325184947, "oscillation_cost": 21.79655214453777, "completition_cost": 0.0, "overshoot_cost": 50.730191668991885, "power_cost": 14.182244897460938, "noise_cost": 21.424578506580172, "n_waypoints_completed": 9, "tot_waypoints": 9}}
{"target": -181.8882857815439, "params": {"k_pid_pos": [0.5738225665842317, 0.007024660776646536, 0.0005396079958880114], "k_pid_alt": [1.7788950809896111, 0.0041061438419414086, 0.008786460641199565], "k_pid_att": [42.30504495164704, 0.47828725549644835, 0.9591870802208682], "k_pid_yaw": [0.5, 1e-06, 0.1], "k_pid_hsp": [0.10525045705545157, 0.009752615748025004, 0.0], "k_pid_vsp": [121.95309860136952, 149.20181217318054, 7.25442128752931]}, "datetime": {"datetime": "2025-08-12 03:17:06", "elapsed": 39106.031042814255, "delta": 17.939773321151733}, "costs": {"total_cost": 181.8882857815439, "time_cost": 71.274, "final_distance_cost": 1.8295766248062868, "oscillation_cost": 22.36176900097571, "completition_cost": 0.0, "overshoot_cost": 50.99658944987034, "power_cost": 14.104978271484375, "noise_cost": 21.32137243440717, "n_waypoints_completed": 9, "tot_waypoints": 9}}
{"target": -182.9039580055056, "params": {"k_pid_pos": [0.6248032308708784, 0.005701876565212961, 0.000581776129756138], "k_pid_alt": [1.1984964433980296, 0.004340189493061917, 0.007547385137766723], "k_pid_att": [40.72538191252757, 0.32314381500667605, 0.8542831276914372], "k_pid_yaw": [0.5, 1e-06, 0.1], "k_pid_hsp": [0.0907312261082977, 0.01214949967096133, 0.0], "k_pid_vsp": [154.46589063138939, 74.91311877625814, 5.375898328213758]}, "datetime": {"datetime": "2025-08-12 03:17:25", "elapsed": 39124.81561589241, "delta": 18.784573078155518}, "costs": {"total_cost": 182.9039580055056, "time_cost": 71.974, "final_distance_cost": 1.827221109803949, "oscillation_cost": 22.73325770152344, "completition_cost": 0.0, "overshoot_cost": 50.837787504390654, "power_cost": 14.266643591308595, "noise_cost": 21.265048098478946, "n_waypoints_completed": 9, "tot_waypoints": 9}}
{"target": -183.3295859592574, "params": {"k_pid_pos": [0.5750139043663975, 0.00558268332737651, 0.0005587077215561958], "k_pid_alt": [1.8137987734985508, 0.0035245082019299684, 0.008916607782669925], "k_pid_att": [31.45506928823546, 0.2938558374580395, 0.7276869932267775], "k_pid_yaw": [0.5, 1e-06, 0.1], "k_pid_hsp": [0.12405315935911058, 0.010109837155420565, 0.0], "k_pid_vsp": [99.9873924874738, 159.98790176818284, 9.484582260819016]}, "datetime": {"datetime": "2025-08-12 03:17:44", "elapsed": 39143.59572649002, "delta": 18.780110597610474}, "costs": {"total_cost": 183.3295859592574, "time_cost": 71.302, "final_distance_cost": 1.8416733306935213, "oscillation_cost": 23.31722412479856, "completition_cost": 0.0, "overshoot_cost": 50.63590431638916, "power_cost": 17.44222429199219, "noise_cost": 18.79055989538396, "n_waypoints_completed": 9, "tot_waypoints": 9}}
{"target": -181.59715463481805, "params": {"k_pid_pos": [0.6787399103828528, 0.004939460803443828, 0.0006151459496135792], "k_pid_alt": [1.2377469719494907, 0.005353672120029289, 0.0057334621594490745], "k_pid_att": [42.03567587506958, 0.41384328883842775, 0.7132898119481155], "k_pid_yaw": [0.5, 1e-06, 0.1], "k_pid_hsp": [0.10025769925827488, 0.009267115344899315, 0.0], "k_pid_vsp": [95.25792052794758, 146.77962640721933, 6.596679160961184]}, "datetime": {"datetime": "2025-08-12 03:18:02", "elapsed": 39161.62585926056, "delta": 18.03013277053833}, "costs": {"total_cost": 181.59715463481805, "time_cost": 70.644, "final_distance_cost": 1.8247732909386931, "oscillation_cost": 23.671382757777497, "completition_cost": 0.0, "overshoot_cost": 50.53722468538828, "power_cost": 14.112643383789063, "noise_cost": 20.80713051692449, "n_waypoints_completed": 9, "tot_waypoints": 9}}
{"target": -182.44212964324248, "params": {"k_pid_pos": [0.5137640409639878, 0.005753399970211415, 0.0007107443828323961], "k_pid_alt": [1.5443551555081712, 0.005396291528920833, 0.00680600505685899], "k_pid_att": [37.42730647092074, 0.2691680688105843, 0.880522079641068], "k_pid_yaw": [0.5, 1e-06, 0.1], "k_pid_hsp": [0.10617137842214396, 0.007522840498500334, 0.0], "k_pid_vsp": [151.48514306698155, 101.52446898552193, 5.371381624918136]}, "datetime": {"datetime": "2025-08-12 03:18:21", "elapsed": 39180.61479091644, "delta": 18.98893165588379}, "costs": {"total_cost": 182.44212964324248, "time_cost": 72.282, "final_distance_cost": 1.8432231697592325, "oscillation_cost": 20.778235253171303, "completition_cost": 0.0, "overshoot_cost": 51.410405807546475, "power_cost": 14.230573706054688, "noise_cost": 21.897691706710784, "n_waypoints_completed": 9, "tot_waypoints": 9}}
{"target": -188.15074476326717, "params": {"k_pid_pos": [0.41614525148399295, 0.005426869734181945, 0.000607858014625581], "k_pid_alt": [1.0624852510272265, 0.0036540489162838296, 0.006172774682575555], "k_pid_att": [40.54745992265427, 0.2727610123786872, 0.7538449187955543], "k_pid_yaw": [0.5, 1e-06, 0.1], "k_pid_hsp": [0.061992078202297844, 0.010102944257929495, 0.0], "k_pid_vsp": [139.1306407054242, 163.40880700515626, 7.7937966180337055]}, "datetime": {"datetime": "2025-08-12 03:18:40", "elapsed": 39199.799083948135, "delta": 19.184293031692505}, "costs": {"total_cost": 188.15074476326717, "time_cost": 78.365, "final_distance_cost": 1.8372485849708218, "oscillation_cost": 16.498261258103824, "completition_cost": 0.0, "overshoot_cost": 53.120619566029504, "power_cost": 15.043313232421875, "noise_cost": 23.286302121741155, "n_waypoints_completed": 9, "tot_waypoints": 9}}
{"target": -203.20071829789958, "params": {"k_pid_pos": [0.33033096327454164, 0.004972750625826263, 0.0006084420146266217], "k_pid_alt": [1.528777745946816, 0.005368475755409337, 0.0054223758541671946], "k_pid_att": [37.785677327026214, 0.3952995514319333, 0.7611456990624493], "k_pid_yaw": [0.5, 1e-06, 0.1], "k_pid_hsp": [0.0841251724949259, 0.01186209545726685, 0.0], "k_pid_vsp": [101.46910153600363, 141.712623257248, 5.6872698277822815]}, "datetime": {"datetime": "2025-08-12 03:19:03", "elapsed": 39222.75615644455, "delta": 22.957072496414185}, "costs": {"total_cost": 203.20071829789958, "time_cost": 85.946, "final_distance_cost": 1.864594828493613, "oscillation_cost": 16.61241157060008, "completition_cost": 0.0, "overshoot_cost": 52.62084436769568, "power_cost": 16.35937081298828, "noise_cost": 29.79749671812193, "n_waypoints_completed": 9, "tot_waypoints": 9}}
{"target": -183.70466436916294, "params": {"k_pid_pos": [0.6741345816598315, 0.006085621693778504, 0.0006774802327698132], "k_pid_alt": [1.1659459030782227, 0.004599684188884941, 0.00977881908077781], "k_pid_att": [37.735531114315336, 0.26759178143315054, 0.9594378104690827], "k_pid_yaw": [0.5, 1e-06, 0.1], "k_pid_hsp": [0.08334577267384004, 0.007126484261383692, 0.0], "k_pid_vsp": [113.57285714102686, 82.59119997990346, 6.243217101488159]}, "datetime": {"datetime": "2025-08-12 03:19:24", "elapsed": 39243.645636320114, "delta": 20.889479875564575}, "costs": {"total_cost": 183.70466436916294, "time_cost": 72.555, "final_distance_cost": 1.7886310844836375, "oscillation_cost": 22.42450647624634, "completition_cost": 0.0, "overshoot_cost": 51.20671926709159, "power_cost": 14.305194140625, "noise_cost": 21.424613400716357, "n_waypoints_completed": 9, "tot_waypoints": 9}}
{"target": -182.75437749703215, "params": {"k_pid_pos": [0.5190902826641809, 0.0063817863915819895, 0.000595870311782823], "k_pid_alt": [1.5261401472210057, 0.0046379774814204605, 0.006979931809091813], "k_pid_att": [47.66079969100108, 0.2806116489944112, 0.8769528348427027], "k_pid_yaw": [0.5, 1e-06, 0.1], "k_pid_hsp": [0.11451530859720423, 0.010798621532234801, 0.0], "k_pid_vsp": [125.36099541606457, 99.37971522856049, 5.942429998167977]}, "datetime": {"datetime": "2025-08-12 03:19:46", "elapsed": 39265.881412267685, "delta": 22.2357759475708}, "costs": {"total_cost": 182.75437749703215, "time_cost": 72.191, "final_distance_cost": 1.8418997391978185, "oscillation_cost": 21.82670068845619, "completition_cost": 0.0, "overshoot_cost": 50.81977027395691, "power_cost": 14.227206286621094, "noise_cost": 21.84780050880017, "n_waypoints_completed": 9, "tot_waypoints": 9}}
{"target": -181.6522389838943, "params": {"k_pid_pos": [0.49866685217329065, 0.007152412950018438, 0.0007158508927078328], "k_pid_alt": [1.34224740544043, 0.005347543136654666, 0.010036939843310486], "k_pid_att": [38.97038120014424, 0.21939344991828022, 0.8697942686725235], "k_pid_yaw": [0.5, 1e-06, 0.1], "k_pid_hsp": [0.091752236526335, 0.009245808562605188, 0.0], "k_pid_vsp": [88.98057863511609, 138.39731843400926, 6.694717517162654]}, "datetime": {"datetime": "2025-08-12 03:20:04", "elapsed": 39284.189907073975, "delta": 18.308494806289673}, "costs": {"total_cost": 181.6522389838943, "time_cost": 72.59, "final_distance_cost": 1.8364170841012866, "oscillation_cost": 19.92864298586313, "completition_cost": 0.0, "overshoot_cost": 51.373196462521996, "power_cost": 14.239296411132813, "noise_cost": 21.68468604027507, "n_waypoints_completed": 9, "tot_waypoints": 9}}
{"target": -181.78025610573965, "params": {"k_pid_pos": [0.5740680006122985, 0.00591157502656901, 0.0007598745423861309], "k_pid_alt": [1.4271435927902856, 0.004355664013267708, 0.008261514233422673], "k_pid_att": [42.01362593104795, 0.2343480249688091, 0.771004893204514], "k_pid_yaw": [0.5, 1e-06, 0.1], "k_pid_hsp": [0.10218906094474134, 0.008494887626176818, 0.0], "k_pid_vsp": [157.11430266164726, 86.01546548167526, 6.7161482986561305]}, "datetime": {"datetime": "2025-08-12 03:20:23", "elapsed": 39303.00288486481, "delta": 18.81297779083252}, "costs": {"total_cost": 181.78025610573965, "time_cost": 71.449, "final_distance_cost": 1.8173332871164258, "oscillation_cost": 21.791233621972264, "completition_cost": 0.0, "overshoot_cost": 51.12788037699417, "power_cost": 14.164292712402345, "noise_cost": 21.43051610725443, "n_waypoints_completed": 9, "tot_waypoints": 9}}
{"target": -181.88692837742553, "params": {"k_pid_pos": [0.639770564676451, 0.006095283114752261, 0.0006882051040384946], "k_pid_alt": [1.604900300833612, 0.0052076093520881045, 0.002796278449486364], "k_pid_att": [38.203634307481515, 0.32576932062800906, 0.9254062977442343], "k_pid_yaw": [0.5, 1e-06, 0.1], "k_pid_hsp": [0.09463227657695782, 0.010098341840057578, 0.0], "k_pid_vsp": [122.46779663195593, 126.46731791728327, 6.587678144690593]}, "datetime": {"datetime": "2025-08-12 03:20:42", "elapsed": 39321.7198009491, "delta": 18.71691608428955}, "costs": {"total_cost": 181.88692837742553, "time_cost": 71.127, "final_distance_cost": 1.8136838232591914, "oscillation_cost": 22.92074361441353, "completition_cost": 0.0, "overshoot_cost": 50.81813873252694, "power_cost": 14.11971551513672, "noise_cost": 21.08764669208914, "n_waypoints_completed": 9, "tot_waypoints": 9}}
{"target": -184.14981627547877, "params": {"k_pid_pos": [0.4192710834421029, 0.007283500484141698, 0.0006157729291154614], "k_pid_alt": [1.6772153667188219, 0.004512163186815935, 0.005519402968202219], "k_pid_att": [37.48195342177181, 0.3300406170010792, 0.745750708263265], "k_pid_yaw": [0.5, 1e-06, 0.1], "k_pid_hsp": [0.09438200011468949, 0.00894031410580267, 0.0], "k_pid_vsp": [93.14460575417077, 164.06135383027996, 6.2931568852878685]}, "datetime": {"datetime": "2025-08-12 03:21:01", "elapsed": 39340.74259567261, "delta": 19.022794723510742}, "costs": {"total_cost": 184.14981627547877, "time_cost": 74.613, "final_distance_cost": 1.8515266822489367, "oscillation_cost": 18.489997156081483, "completition_cost": 0.0, "overshoot_cost": 51.83923245094587, "power_cost": 14.541045117187501, "noise_cost": 22.815014869014973, "n_waypoints_completed": 9, "tot_waypoints": 9}}
{"target": -183.13597671484993, "params": {"k_pid_pos": [0.572668256607528, 0.006615607865632765, 0.0005640156705159623], "k_pid_alt": [1.3000526135991788, 0.004306925065422406, 0.004310569596937842], "k_pid_att": [31.8785488087056, 0.41256937617049866, 0.7682599128917328], "k_pid_yaw": [0.5, 1e-06, 0.1], "k_pid_hsp": [0.08096911235076888, 0.007994059972861787, 0.0], "k_pid_vsp": [141.74348280623062, 137.643037453463, 5.821916199929974]}, "datetime": {"datetime": "2025-08-12 03:21:20", "elapsed": 39360.23273944855, "delta": 19.49014377593994}, "costs": {"total_cost": 183.13597671484993, "time_cost": 72.926, "final_distance_cost": 1.8053238296070864, "oscillation_cost": 20.624439461233557, "completition_cost": 0.0, "overshoot_cost": 51.843563077249975, "power_cost": 14.316462329101563, "noise_cost": 21.620188017657746, "n_waypoints_completed": 9, "tot_waypoints": 9}}
{"target": -182.36338429066916, "params": {"k_pid_pos": [0.5677486974960013, 0.005011440428131046, 0.000543613229633198], "k_pid_alt": [1.5063547106578135, 0.00505636641039675, 0.00340371204913562], "k_pid_att": [51.19655330086801, 0.2869087467450166, 0.9202899034046487], "k_pid_yaw": [0.5, 1e-06, 0.1], "k_pid_hsp": [0.11534289918918221, 0.00649717372488124, 0.0], "k_pid_vsp": [120.70586678660199, 113.93834049794295, 5.8798026614996814]}, "datetime": {"datetime": "2025-08-12 03:21:39", "elapsed": 39378.4842441082, "delta": 18.25150465965271}, "costs": {"total_cost": 182.36338429066916, "time_cost": 71.484, "final_distance_cost": 1.8424997466909976, "oscillation_cost": 22.340163068550556, "completition_cost": 0.0, "overshoot_cost": 51.051353305037104, "power_cost": 14.13890447998047, "noise_cost": 21.506463690410015, "n_waypoints_completed": 9, "tot_waypoints": 9}}
{"target": -181.97019577304405, "params": {"k_pid_pos": [0.5058992639669023, 0.007473719239679856, 0.000637524246454663], "k_pid_alt": [1.2046437789751974, 0.0034621380113292253, 0.008215257185772476], "k_pid_att": [35.08273470579619, 0.4431989351087366, 0.8466218807925904], "k_pid_yaw": [0.5, 1e-06, 0.1], "k_pid_hsp": [0.09825727996944733, 0.009846927378793696, 0.0], "k_pid_vsp": [149.06348474199388, 130.68046908360316, 6.745002266875809]}, "datetime": {"datetime": "2025-08-12 03:21:57", "elapsed": 39397.14235496521, "delta": 18.658110857009888}, "costs": {"total_cost": 181.97019577304405, "time_cost": 72.562, "final_distance_cost": 1.8313398760263486, "oscillation_cost": 20.665969012374614, "completition_cost": 0.0, "overshoot_cost": 51.12134377755268, "power_cost": 14.106991796875, "noise_cost": 21.682551310215423, "n_waypoints_completed": 9, "tot_waypoints": 9}}
{"target": -182.2362950861176, "params": {"k_pid_pos": [0.6690532094176227, 0.006122575354390235, 0.0005416434032409478], "k_pid_alt": [1.4611448520777397, 0.004623526040578286, 0.008483717094986106], "k_pid_att": [38.089265644494084, 0.3890449399084295, 0.8995876171005377], "k_pid_yaw": [0.5, 1e-06, 0.1], "k_pid_hsp": [0.12509069975876758, 0.011086133985723778, 0.0], "k_pid_vsp": [117.47035292679436, 120.78235530791638, 5.5878927150168005]}, "datetime": {"datetime": "2025-08-12 03:22:15", "elapsed": 39414.59039354324, "delta": 17.448038578033447}, "costs": {"total_cost": 182.2362950861176, "time_cost": 70.196, "final_distance_cost": 1.830899255880862, "oscillation_cost": 24.14720674277138, "completition_cost": 0.0, "overshoot_cost": 50.92919302286833, "power_cost": 14.168026513671876, "noise_cost": 20.964969550925176, "n_waypoints_completed": 9, "tot_waypoints": 9}}
{"target": -183.70916436007002, "params": {"k_pid_pos": [0.7177972176416536, 0.00579108994171595, 0.0006368669361387064], "k_pid_alt": [1.8149395019317405, 0.004380597219358721, 0.010303619295486956], "k_pid_att": [39.060289437205505, 0.2935623986624851, 0.7663082476486531], "k_pid_yaw": [0.5, 1e-06, 0.1], "k_pid_hsp": [0.08610250249233774, 0.00995151523205888, 0.0], "k_pid_vsp": [143.52804116541955, 116.63632686995811, 6.336265906443029]}, "datetime": {"datetime": "2025-08-12 03:22:35", "elapsed": 39434.53761458397, "delta": 19.947221040725708}, "costs": {"total_cost": 183.70916436007002, "time_cost": 71.715, "final_distance_cost": 1.8222985001682204, "oscillation_cost": 23.869398466875165, "completition_cost": 0.0, "overshoot_cost": 50.91660723000897, "power_cost": 14.32460322265625, "noise_cost": 21.061256940361428, "n_waypoints_completed": 9, "tot_waypoints": 9}}
{"target": -183.26077822469267, "params": {"k_pid_pos": [0.5919850488153239, 0.0072167188649382595, 0.000632808119579093], "k_pid_alt": [1.5340049793428399, 0.004320991546042578, 0.005181421729465113], "k_pid_att": [36.33244153227171, 0.3752334333953544, 0.8209704694155825], "k_pid_yaw": [0.5, 1e-06, 0.1], "k_pid_hsp": [0.08163871733428284, 0.009645114849008683, 0.0], "k_pid_vsp": [129.84353502045974, 170.40613029511061, 3.785797162676755]}, "datetime": {"datetime": "2025-08-12 03:22:53", "elapsed": 39452.83755135536, "delta": 18.299936771392822}, "costs": {"total_cost": 183.26077822469267, "time_cost": 72.723, "final_distance_cost": 1.8294758614224413, "oscillation_cost": 21.44311454014184, "completition_cost": 0.0, "overshoot_cost": 51.416881606385076, "power_cost": 14.374546618652344, "noise_cost": 21.47375959809095, "n_waypoints_completed": 9, "tot_waypoints": 9}}
{"target": -181.94438992912126, "params": {"k_pid_pos": [0.6237157792337161, 0.005107932403312449, 0.0007359625948850686], "k_pid_alt": [1.463102606360651, 0.004506410893926506, 0.0023702881765919168], "k_pid_att": [44.914125140035985, 0.30269902175610985, 0.7309668732282287], "k_pid_yaw": [0.5, 1e-06, 0.1], "k_pid_hsp": [0.09856690947874498, 0.01308510100660201, 0.0], "k_pid_vsp": [150.39890224265397, 146.168185107434, 6.063038682600003]}, "datetime": {"datetime": "2025-08-12 03:23:11", "elapsed": 39471.30040049553, "delta": 18.462849140167236}, "costs": {"total_cost": 181.94438992912126, "time_cost": 71.001, "final_distance_cost": 1.8311296390654563, "oscillation_cost": 23.29106804439121, "completition_cost": 0.0, "overshoot_cost": 50.73950330866513, "power_cost": 14.120426208496095, "noise_cost": 20.961262728503343, "n_waypoints_completed": 9, "tot_waypoints": 9}}
{"target": -183.82570459596326, "params": {"k_pid_pos": [0.5900781115382369, 0.0074220954938932744, 0.0005460484523419474], "k_pid_alt": [1.6228568988010732, 0.004050674267301294, 0.009977398538345093], "k_pid_att": [38.64904545977899, 0.38675972019383975, 1.0], "k_pid_yaw": [0.5, 1e-06, 0.1], "k_pid_hsp": [0.07708860365683524, 0.010665912589918045, 0.0], "k_pid_vsp": [149.67529917171518, 143.35591045608803, 7.962634683090667]}, "datetime": {"datetime": "2025-08-12 03:23:31", "elapsed": 39490.644025564194, "delta": 19.34362506866455}, "costs": {"total_cost": 183.82570459596326, "time_cost": 73.129, "final_distance_cost": 1.8262081654159523, "oscillation_cost": 21.35625616600189, "completition_cost": 0.0, "overshoot_cost": 51.57370767088845, "power_cost": 14.421939892578125, "noise_cost": 21.518592701078802, "n_waypoints_completed": 9, "tot_waypoints": 9}}
