{"target": -196.28030857609895, "params": {"k_pid_pos": [0.40917561823615145, 0.049233827500806175, 0.10715886177276206], "k_pid_alt": [1.359398387395884, 0.006451964735827684, 0.07277769141189473], "k_pid_att": [11.874527458339829, 0.7345880429671404, 0.16065745161139525], "k_pid_yaw": [0.5, 1e-06, 0.1], "k_pid_hsp": [0.13285619406233032, 0.01668128544239877, 0.0], "k_pid_vsp": [139.44926560688486, 49.250728297265745, 4.010425712824319]}, "datetime": {"datetime": "2025-08-11 19:30:45", "elapsed": 11124.509389400482, "delta": 19.744213342666626}, "costs": {"total_cost": 196.28030857609895, "time_cost": 79.926, "final_distance_cost": 1.8547796188913896, "oscillation_cost": 21.16261899539888, "completition_cost": 0.0, "overshoot_cost": 52.48554428842346, "power_cost": 15.444212463378907, "noise_cost": 25.407153210006342, "n_waypoints_completed": 9, "tot_waypoints": 9}}
{"target": -185.21104439852726, "params": {"k_pid_pos": [0.8710229652483847, 0.05818449057276618, 0.0824061084209987], "k_pid_alt": [2.0, 0.007717226937942257, 0.033451150711563384], "k_pid_att": [13.527921319440752, 0.846885038469866, 0.8642907107975236], "k_pid_yaw": [0.5, 1e-06, 0.1], "k_pid_hsp": [0.2182189302867812, 0.0029710631971067384, 0.0], "k_pid_vsp": [134.73978141807257, 62.360720757019266, 2.2313702070265182]}, "datetime": {"datetime": "2025-08-11 19:31:03", "elapsed": 11142.369430541992, "delta": 17.86004114151001}, "costs": {"total_cost": 185.21104439852726, "time_cost": 70.308, "final_distance_cost": 1.8168573192872444, "oscillation_cost": 26.378585930709583, "completition_cost": 0.0, "overshoot_cost": 51.18318882406082, "power_cost": 14.401246191406251, "noise_cost": 21.123166133063346, "n_waypoints_completed": 9, "tot_waypoints": 9}}
{"target": -196.16850144291314, "params": {"k_pid_pos": [0.44640224952930785, 0.03670851496976988, 0.10486582792094411], "k_pid_alt": [0.5641114025124615, 0.006881289430783362, 0.09037340954990165], "k_pid_att": [24.899076127522108, 0.2780401749838381, 0.21332723237197704], "k_pid_yaw": [0.5, 1e-06, 0.1], "k_pid_hsp": [0.07524832515857817, 0.009818713464949426, 0.0], "k_pid_vsp": [0.0, 67.92175573947641, 4.766000478637976]}, "datetime": {"datetime": "2025-08-11 19:31:22", "elapsed": 11162.185148000717, "delta": 19.815717458724976}, "costs": {"total_cost": 196.16850144291314, "time_cost": 79.499, "final_distance_cost": 1.8496368194204669, "oscillation_cost": 21.002105214111097, "completition_cost": 0.0, "overshoot_cost": 54.12553385327366, "power_cost": 17.848467016601564, "noise_cost": 21.843758539506364, "n_waypoints_completed": 9, "tot_waypoints": 9}}
{"target": -199.62748740317585, "params": {"k_pid_pos": [0.4968317013372952, 0.04566029033816946, 0.07457692846061142], "k_pid_alt": [0.6386034254055284, 0.006132775146480075, 0.03775891284757739], "k_pid_att": [23.793566868806035, 0.39456372201310713, 0.3629169240235108], "k_pid_yaw": [0.5, 1e-06, 0.1], "k_pid_hsp": [0.05453980199636635, 0.0039926044116780105, 0.0], "k_pid_vsp": [134.78272442269267, 46.28658944087504, 3.3307832053798303]}, "datetime": {"datetime": "2025-08-11 19:31:43", "elapsed": 11183.312552928925, "delta": 21.127404928207397}, "costs": {"total_cost": 199.62748740317585, "time_cost": 85.22500000000001, "final_distance_cost": 1.7994433849650975, "oscillation_cost": 16.239337928964606, "completition_cost": 0.0, "overshoot_cost": 55.25010356966021, "power_cost": 15.917800708007814, "noise_cost": 25.195801811578107, "n_waypoints_completed": 9, "tot_waypoints": 9}}
{"target": -185.84302541012943, "params": {"k_pid_pos": [0.8607958701677619, 0.04329111269796721, 0.03840356973650677], "k_pid_alt": [1.265386815495148, 0.008807632121967309, 0.0396744607574682], "k_pid_att": [6.997189904456147, 1.1055451389222133, 0.03796759981151998], "k_pid_yaw": [0.5, 1e-06, 0.1], "k_pid_hsp": [0.2988561523825701, 0.013756384591451733, 0.0], "k_pid_vsp": [73.94129993744095, 46.4569114747099, 3.445097446072823]}, "datetime": {"datetime": "2025-08-11 19:32:01", "elapsed": 11200.64827299118, "delta": 17.33572006225586}, "costs": {"total_cost": 185.84302541012943, "time_cost": 69.587, "final_distance_cost": 1.8375270825751364, "oscillation_cost": 28.516159528192965, "completition_cost": 0.0, "overshoot_cost": 50.55544712311695, "power_cost": 14.341156396484376, "noise_cost": 21.005735279760007, "n_waypoints_completed": 9, "tot_waypoints": 9}}
{"target": -195.6411993218356, "params": {"k_pid_pos": [0.65256844362527, 0.030917831771045692, 0.06158350441946503], "k_pid_alt": [2.0, 0.011604191182434144, 0.03771590263668808], "k_pid_att": [24.31141182617912, 1.1483410047841829, 0.3038525110352797], "k_pid_yaw": [0.5, 1e-06, 0.1], "k_pid_hsp": [0.26943332953698756, 0.008019182998786302, 0.0], "k_pid_vsp": [7.137684614049228, 53.68119248060125, 0.9206100453308839]}, "datetime": {"datetime": "2025-08-11 19:32:19", "elapsed": 11218.860128641129, "delta": 18.21185564994812}, "costs": {"total_cost": 195.6411993218356, "time_cost": 74.438, "final_distance_cost": 1.815027698887334, "oscillation_cost": 30.01827160122005, "completition_cost": 0.0, "overshoot_cost": 51.678801688933234, "power_cost": 16.140598974609375, "noise_cost": 21.550499358185622, "n_waypoints_completed": 9, "tot_waypoints": 9}}
{"target": -190.7827593373364, "params": {"k_pid_pos": [0.507435486885285, 0.023450138747055888, 0.05334935388295953], "k_pid_alt": [1.8739314301928147, 0.0019976288100851535, 0.09180283340264168], "k_pid_att": [26.195675349529775, 1.0214686310775958, 1.0], "k_pid_yaw": [0.5, 1e-06, 0.1], "k_pid_hsp": [0.131394593500044, 0.018106287515853966, 0.0], "k_pid_vsp": [83.29556942045978, 2.8822298857140276, 1e-06]}, "datetime": {"datetime": "2025-08-11 19:32:38", "elapsed": 11237.581319570541, "delta": 18.721190929412842}, "costs": {"total_cost": 190.7827593373364, "time_cost": 75.376, "final_distance_cost": 1.852303510432229, "oscillation_cost": 22.754530967931046, "completition_cost": 0.0, "overshoot_cost": 52.471805792371086, "power_cost": 14.750249218750001, "noise_cost": 23.577869847852014, "n_waypoints_completed": 9, "tot_waypoints": 9}}
{"target": -185.03930635722145, "params": {"k_pid_pos": [0.619917180220071, 0.020183422029547735, 0.042927535832246615], "k_pid_alt": [2.0, 0.007930487621855472, 0.03768359615410035], "k_pid_att": [19.60693894529055, 1.6399851671578585, 0.5740354068986792], "k_pid_yaw": [0.5, 1e-06, 0.1], "k_pid_hsp": [0.14554976041925335, 0.013141843501989844, 0.0], "k_pid_vsp": [119.81237374447282, 44.53090742647862, 2.726980710972224]}, "datetime": {"datetime": "2025-08-11 19:32:55", "elapsed": 11255.223610401154, "delta": 17.642290830612183}, "costs": {"total_cost": 185.03930635722145, "time_cost": 71.673, "final_distance_cost": 1.8385167254057249, "oscillation_cost": 24.362106168077002, "completition_cost": 0.0, "overshoot_cost": 51.102582671045916, "power_cost": 14.354902770996095, "noise_cost": 21.708198021696706, "n_waypoints_completed": 9, "tot_waypoints": 9}}
{"target": -184.63757739757176, "params": {"k_pid_pos": [0.8586949781869867, 0.061615777920827425, 0.05326664078476958], "k_pid_alt": [1.4578649201643723, 0.009884690793844153, 0.050734935166435534], "k_pid_att": [28.28810484954873, 1.874069822897189, 0.31161089395086555], "k_pid_yaw": [0.5, 1e-06, 0.1], "k_pid_hsp": [0.22446085917621386, 0.013833513778252303, 0.0], "k_pid_vsp": [53.15221310523483, 54.225504376375646, 1.4869774831429787]}, "datetime": {"datetime": "2025-08-11 19:33:13", "elapsed": 11272.745492696762, "delta": 17.52188229560852}, "costs": {"total_cost": 184.63757739757176, "time_cost": 69.83200000000001, "final_distance_cost": 1.8350320584584472, "oscillation_cost": 27.009583316295338, "completition_cost": 0.0, "overshoot_cost": 50.533984255146216, "power_cost": 14.365305090332033, "noise_cost": 21.06167267733971, "n_waypoints_completed": 9, "tot_waypoints": 9}}
{"target": -442.962094289866, "params": {"k_pid_pos": [0.21176373558524123, 0.09403575415708354, 0.05724071457944244], "k_pid_alt": [1.083806052667794, 0.004294092207839258, 0.10397766577687682], "k_pid_att": [17.417394838606853, 0.7911779403434446, 0.5770307041571342], "k_pid_yaw": [0.5, 1e-06, 0.1], "k_pid_hsp": [0.10403298220718306, 0.015244846235453085, 0.0], "k_pid_vsp": [0.0, 29.730749928783965, 5.23974243771262]}, "datetime": {"datetime": "2025-08-11 19:33:42", "elapsed": 11302.047780036926, "delta": 29.302287340164185}, "costs": {"total_cost": 442.962094289866, "time_cost": 150, "final_distance_cost": 55.15683598079818, "oscillation_cost": 14.450519261971413, "completition_cost": 111.11111111111116, "overshoot_cost": 56.2424789861308, "power_cost": 22.116279882812503, "noise_cost": 33.884869067042, "n_waypoints_completed": 8, "tot_waypoints": 9}}
{"target": -185.27604054920383, "params": {"k_pid_pos": [0.7266447761615543, 0.03638254844881502, 0.0673450115754317], "k_pid_alt": [0.8637471080095653, 0.007951578429597629, 0.06090047635496538], "k_pid_att": [16.617700647231842, 0.24294294419301043, 0.47965284364801736], "k_pid_yaw": [0.5, 1e-06, 0.1], "k_pid_hsp": [0.14934802761389912, 0.024729674305662978, 0.0], "k_pid_vsp": [14.325050940677142, 39.663297035262616, 0.7014751206091022]}, "datetime": {"datetime": "2025-08-11 19:33:59", "elapsed": 11319.199292182922, "delta": 17.151512145996094}, "costs": {"total_cost": 185.27604054920383, "time_cost": 70.574, "final_distance_cost": 1.832787034231582, "oscillation_cost": 26.887812602941764, "completition_cost": 0.0, "overshoot_cost": 50.55908087121348, "power_cost": 14.322862512207031, "noise_cost": 21.099497528609948, "n_waypoints_completed": 9, "tot_waypoints": 9}}
{"target": -195.26363833378974, "params": {"k_pid_pos": [0.3992590069825159, 0.06469075193640848, 0.07013057227322496], "k_pid_alt": [1.4498140460173288, 0.005675970116867123, 0.04678493545736229], "k_pid_att": [22.774336842723176, 1.936327896169363, 0.4568276975817403], "k_pid_yaw": [0.5, 1e-06, 0.1], "k_pid_hsp": [0.13091241723305613, 0.014793773489896883, 0.0], "k_pid_vsp": [89.33023441113629, 90.0376017713664, 1.586820990925399]}, "datetime": {"datetime": "2025-08-11 19:34:19", "elapsed": 11338.986570358276, "delta": 19.787278175354004}, "costs": {"total_cost": 195.26363833378974, "time_cost": 79.87, "final_distance_cost": 1.8514334382386777, "oscillation_cost": 20.9125287914191, "completition_cost": 0.0, "overshoot_cost": 52.08132895354168, "power_cost": 15.491697961425782, "noise_cost": 25.05664918916449, "n_waypoints_completed": 9, "tot_waypoints": 9}}
{"target": -185.20627698415066, "params": {"k_pid_pos": [0.6397470424124924, 0.06277816482721414, 0.06680560587147245], "k_pid_alt": [2.0, 0.008028954016078768, 0.02231806707191872], "k_pid_att": [18.305405303647138, 1.7198980533725088, 1.0], "k_pid_yaw": [0.5, 1e-06, 0.1], "k_pid_hsp": [0.1292015958974583, 0.010351284720882162, 0.0], "k_pid_vsp": [86.26325536723247, 29.26645807326989, 8.159519193010862]}, "datetime": {"datetime": "2025-08-11 19:34:37", "elapsed": 11356.416952133179, "delta": 17.430381774902344}, "costs": {"total_cost": 185.20627698415066, "time_cost": 72.072, "final_distance_cost": 1.8205255227186135, "oscillation_cost": 23.45843885851364, "completition_cost": 0.0, "overshoot_cost": 51.91297862237466, "power_cost": 14.246656201171875, "noise_cost": 21.695677779371874, "n_waypoints_completed": 9, "tot_waypoints": 9}}
{"target": -184.6639663143762, "params": {"k_pid_pos": [0.9002612666621644, 0.08427383284659956, 0.0766019152303903], "k_pid_alt": [1.2065615317172795, 0.008063127931071253, 0.10172879450317018], "k_pid_att": [19.124075100328522, 1.5471549761271735, 0.8645882799067183], "k_pid_yaw": [0.5, 1e-06, 0.1], "k_pid_hsp": [0.17180453805086152, 0.013863091987025587, 0.0], "k_pid_vsp": [56.702048214038975, 89.2656722001451, 3.46295612566799]}, "datetime": {"datetime": "2025-08-11 19:34:54", "elapsed": 11373.37848854065, "delta": 16.961536407470703}, "costs": {"total_cost": 184.6639663143762, "time_cost": 69.538, "final_distance_cost": 1.8247836818243914, "oscillation_cost": 27.93819049729032, "completition_cost": 0.0, "overshoot_cost": 50.34158336328072, "power_cost": 14.37696513671875, "noise_cost": 20.644443635262043, "n_waypoints_completed": 9, "tot_waypoints": 9}}
{"target": -191.05473628451423, "params": {"k_pid_pos": [0.7152721563125087, 0.06741607387767796, 0.0419184305409126], "k_pid_alt": [1.0018677890980576, 0.001612283206686475, 0.03791152184619375], "k_pid_att": [25.97568967975282, 0.7723118358340441, 0.0], "k_pid_yaw": [0.5, 1e-06, 0.1], "k_pid_hsp": [0.21659880231605586, 0.013897927200718474, 0.0], "k_pid_vsp": [19.04689590100247, 76.50398060088615, 4.859196017532248]}, "datetime": {"datetime": "2025-08-11 19:35:11", "elapsed": 11390.947910308838, "delta": 17.569421768188477}, "costs": {"total_cost": 191.05473628451423, "time_cost": 71.05, "final_distance_cost": 1.8257901447191918, "oscillation_cost": 31.561864334879218, "completition_cost": 0.0, "overshoot_cost": 50.66093148691033, "power_cost": 14.583811938476563, "noise_cost": 21.372338379528937, "n_waypoints_completed": 9, "tot_waypoints": 9}}
{"target": -213.13801498148604, "params": {"k_pid_pos": [0.5980943526512857, 0.010110030374337711, 0.0689825963213878], "k_pid_alt": [2.0, 0.007360354817436804, 0.010638807470144585], "k_pid_att": [25.19053275137466, 0.2869730125777108, 0.1549212642588191], "k_pid_yaw": [0.5, 1e-06, 0.1], "k_pid_hsp": [0.1277343535498145, 0.006897650527252233, 0.0], "k_pid_vsp": [0.0, 28.40547067914781, 1.5840614002426634]}, "datetime": {"datetime": "2025-08-11 19:35:32", "elapsed": 11411.798857212067, "delta": 20.85094690322876}, "costs": {"total_cost": 213.13801498148604, "time_cost": 86.436, "final_distance_cost": 1.8422651849444924, "oscillation_cost": 23.06821399257501, "completition_cost": 0.0, "overshoot_cost": 57.41560706807291, "power_cost": 17.270288354492187, "noise_cost": 27.10564038140142, "n_waypoints_completed": 9, "tot_waypoints": 9}}
{"target": -186.81390943484652, "params": {"k_pid_pos": [0.6397026754939991, 0.06155937934447848, 0.1096190260707736], "k_pid_alt": [2.0, 0.0070403085287772576, 0.06495603783324151], "k_pid_att": [19.217363795855423, 2.051567443331383, 0.5073673386027177], "k_pid_yaw": [0.5, 1e-06, 0.1], "k_pid_hsp": [0.11420153767131654, 0.01797911146555935, 0.0], "k_pid_vsp": [85.80881270665573, 52.8279184675467, 2.3919190139852167]}, "datetime": {"datetime": "2025-08-11 19:35:50", "elapsed": 11429.586527109146, "delta": 17.787669897079468}, "costs": {"total_cost": 186.81390943484652, "time_cost": 73.15, "final_distance_cost": 1.8419252346808472, "oscillation_cost": 24.469546168823136, "completition_cost": 0.0, "overshoot_cost": 50.67780016376321, "power_cost": 14.643684912109375, "noise_cost": 22.030952955469946, "n_waypoints_completed": 9, "tot_waypoints": 9}}
{"target": -186.07075228804422, "params": {"k_pid_pos": [0.5642293849603517, 0.03082990516592077, 0.07105470086453719], "k_pid_alt": [2.0, 0.008988949866916816, 0.05543477369734676], "k_pid_att": [14.194885510733224, 0.3127051628331529, 0.509995455689151], "k_pid_yaw": [0.5, 1e-06, 0.1], "k_pid_hsp": [0.07038611520865243, 0.015036154531908145, 0.0], "k_pid_vsp": [94.04489344553576, 50.502731648720065, 5.919420128363065]}, "datetime": {"datetime": "2025-08-11 19:36:08", "elapsed": 11448.040644645691, "delta": 18.4541175365448}, "costs": {"total_cost": 186.07075228804422, "time_cost": 74.389, "final_distance_cost": 1.8295735922345853, "oscillation_cost": 21.1881156150106, "completition_cost": 0.0, "overshoot_cost": 51.766966220494034, "power_cost": 14.601330285644533, "noise_cost": 22.295766574660465, "n_waypoints_completed": 9, "tot_waypoints": 9}}
{"target": -183.7592509611957, "params": {"k_pid_pos": [0.7002504795374943, 0.03558592863069355, 0.004820780631885652], "k_pid_alt": [2.0, 0.013104158173241051, 0.013937240269499792], "k_pid_att": [19.65529451299364, 1.122057094443562, 0.6700019029320492], "k_pid_yaw": [0.5, 1e-06, 0.1], "k_pid_hsp": [0.14371865876120254, 0.011637262849509092, 0.0], "k_pid_vsp": [77.27118936675704, 53.02149075578061, 4.411954051349928]}, "datetime": {"datetime": "2025-08-11 19:36:25", "elapsed": 11465.112671852112, "delta": 17.0720272064209}, "costs": {"total_cost": 183.7592509611957, "time_cost": 70.742, "final_distance_cost": 1.8202218993443577, "oscillation_cost": 24.655143687479708, "completition_cost": 0.0, "overshoot_cost": 51.04119993302976, "power_cost": 14.272009484863283, "noise_cost": 21.228675956478586, "n_waypoints_completed": 9, "tot_waypoints": 9}}
{"target": -196.92725295546015, "params": {"k_pid_pos": [0.4186075517618009, 0.023560798868997007, 0.14222545331308156], "k_pid_alt": [1.9388120404764022, 0.005598795969879995, 0.045562513054488975], "k_pid_att": [17.302152166403733, 0.6086985525113352, 0.4989874383416713], "k_pid_yaw": [0.5, 1e-06, 0.1], "k_pid_hsp": [0.04434294975903022, 0.016640579384464126, 0.0], "k_pid_vsp": [126.1431592688889, 32.9584165147993, 3.990009874072942]}, "datetime": {"datetime": "2025-08-11 19:36:45", "elapsed": 11485.275206565857, "delta": 20.162534713745117}, "costs": {"total_cost": 196.92725295546015, "time_cost": 82.67, "final_distance_cost": 1.8318903539975995, "oscillation_cost": 16.261708531625903, "completition_cost": 0.0, "overshoot_cost": 55.25604706880854, "power_cost": 15.760599084472657, "noise_cost": 25.14700791655546, "n_waypoints_completed": 9, "tot_waypoints": 9}}
{"target": -186.10879333525799, "params": {"k_pid_pos": [1.0213412110440723, 0.07991227520837192, 0.12012852969006003], "k_pid_alt": [1.8795465129600817, 0.010291091639521334, 0.03253794784600008], "k_pid_att": [23.044305970204977, 0.6278795347298055, 0.5406251541449656], "k_pid_yaw": [0.5, 1e-06, 0.1], "k_pid_hsp": [0.15718598315783447, 0.005229105844837223, 0.0], "k_pid_vsp": [96.33375974158325, 50.740074335924106, 4.8102574521009895]}, "datetime": {"datetime": "2025-08-11 19:37:03", "elapsed": 11502.368401527405, "delta": 17.09319496154785}, "costs": {"total_cost": 186.10879333525799, "time_cost": 70.042, "final_distance_cost": 1.7977367202722196, "oscillation_cost": 27.642580930963593, "completition_cost": 0.0, "overshoot_cost": 51.205827228734904, "power_cost": 14.400025952148438, "noise_cost": 21.020622503138835, "n_waypoints_completed": 9, "tot_waypoints": 9}}
{"target": -187.04854672382916, "params": {"k_pid_pos": [1.0604517784709158, 0.09858740973099783, 0.012862403643095821], "k_pid_alt": [1.117037339193388, 0.00927561228314378, 0.06522170746923758], "k_pid_att": [16.15333687372301, 1.3708945266158221, 1.0], "k_pid_yaw": [0.5, 1e-06, 0.1], "k_pid_hsp": [0.23963480409530322, 0.014415449310590751, 0.0], "k_pid_vsp": [84.34508059320278, 45.82116040955005, 2.9587314658952764]}, "datetime": {"datetime": "2025-08-11 19:37:19", "elapsed": 11519.275942087173, "delta": 16.907540559768677}, "costs": {"total_cost": 187.04854672382916, "time_cost": 69.384, "final_distance_cost": 1.8057684351429788, "oscillation_cost": 30.34969625282752, "completition_cost": 0.0, "overshoot_cost": 50.40687477615029, "power_cost": 14.478731494140625, "noise_cost": 20.623475765567754, "n_waypoints_completed": 9, "tot_waypoints": 9}}
{"target": -185.01917959554928, "params": {"k_pid_pos": [0.8027011749061471, 0.07015693510386932, 0.08257847984954442], "k_pid_alt": [1.3680337480241178, 0.0056955386692133505, 0.03196172676850272], "k_pid_att": [11.24535319642821, 0.8133248320275103, 0.5728715016697373], "k_pid_yaw": [0.5, 1e-06, 0.1], "k_pid_hsp": [0.2763195501963003, 0.019062094527922176, 0.0], "k_pid_vsp": [120.24967009986732, 62.046839344963566, 2.3119761261927527]}, "datetime": {"datetime": "2025-08-11 19:37:37", "elapsed": 11536.734786272049, "delta": 17.45884418487549}, "costs": {"total_cost": 185.01917959554928, "time_cost": 70.07000000000001, "final_distance_cost": 1.8427016654616821, "oscillation_cost": 26.94423530835498, "completition_cost": 0.0, "overshoot_cost": 50.56049292399053, "power_cost": 14.39805301513672, "noise_cost": 21.203696682605344, "n_waypoints_completed": 9, "tot_waypoints": 9}}
{"target": -192.3099862027869, "params": {"k_pid_pos": [0.45949375766969225, 0.05367983853111085, 0.04151321430094159], "k_pid_alt": [1.8103729000585298, 0.007008944357661177, 0.07035872753005122], "k_pid_att": [4.893630501251873, 0.7659353579369377, 0.3533882365077594], "k_pid_yaw": [0.5, 1e-06, 0.1], "k_pid_hsp": [0.19844325431573726, 0.008661819626432272, 0.0], "k_pid_vsp": [82.95170595937742, 39.07950314913861, 4.8035463338491065]}, "datetime": {"datetime": "2025-08-11 19:37:56", "elapsed": 11556.053968429565, "delta": 19.31918215751648}, "costs": {"total_cost": 192.3099862027869, "time_cost": 76.433, "final_distance_cost": 1.8517216714910663, "oscillation_cost": 23.158700786447035, "completition_cost": 0.0, "overshoot_cost": 52.06872618561648, "power_cost": 15.020173168945313, "noise_cost": 23.777664390286994, "n_waypoints_completed": 9, "tot_waypoints": 9}}
{"target": -186.03410982025744, "params": {"k_pid_pos": [0.8479946625924896, 0.07512271391916647, 0.06811292968473172], "k_pid_alt": [1.4522703432950548, 0.0053824580237549395, 0.07377678423945273], "k_pid_att": [11.151141799440717, 0.5552550546518807, 0.1936011680169459], "k_pid_yaw": [0.5, 1e-06, 0.1], "k_pid_hsp": [0.1225592209256993, 0.015489731162391425, 0.0], "k_pid_vsp": [89.5027870331145, 102.97552925888908, 0.3155939138395126]}, "datetime": {"datetime": "2025-08-11 19:38:14", "elapsed": 11573.805538654327, "delta": 17.751570224761963}, "costs": {"total_cost": 186.03410982025744, "time_cost": 71.274, "final_distance_cost": 1.7933384070758407, "oscillation_cost": 27.395304018748995, "completition_cost": 0.0, "overshoot_cost": 49.916176057025005, "power_cost": 14.624330236816407, "noise_cost": 21.03096110059119, "n_waypoints_completed": 9, "tot_waypoints": 9}}
