{"target": -181.44197786245843, "params": {"k_pid_pos": [0.5288500350405575, 0.005189801815362027, 0.0006399462750155704], "k_pid_alt": [1.5006216640333616, 0.005052608057083082, 0.008130965452804584], "k_pid_att": [42.53698430012793, 0.38739847602922106, 0.9197637654740328], "k_pid_yaw": [0.5, 1e-06, 0.1], "k_pid_hsp": [0.08659840422000599, 0.010275659422394967, 0.0], "k_pid_vsp": [105.6968126819487, 128.35583315782733, 6.653663651690157]}, "datetime": {"datetime": "2025-08-12 04:40:46", "elapsed": 44125.750203847885, "delta": 18.698369026184082}, "costs": {"total_cost": 181.44197786245843, "time_cost": 72.324, "final_distance_cost": 1.8297064292330292, "oscillation_cost": 20.46218007517553, "completition_cost": 0.0, "overshoot_cost": 50.91647884400144, "power_cost": 14.256426867675781, "noise_cost": 21.653185646372656, "n_waypoints_completed": 9, "tot_waypoints": 9}}
{"target": -181.3211790935771, "params": {"k_pid_pos": [0.5505315488236645, 0.006859006285846241, 0.0006334696712842512], "k_pid_alt": [1.418517900510669, 0.0038636496461733343, 0.009286912208853632], "k_pid_att": [40.26219202385823, 0.2615556048323395, 0.8767849653306817], "k_pid_yaw": [0.5, 1e-06, 0.1], "k_pid_hsp": [0.09381002294604977, 0.01021665178013623, 0.0], "k_pid_vsp": [119.90987719825348, 123.25990847979917, 8.214884337391597]}, "datetime": {"datetime": "2025-08-12 04:41:04", "elapsed": 44144.04260849953, "delta": 18.292404651641846}, "costs": {"total_cost": 181.3211790935771, "time_cost": 71.757, "final_distance_cost": 1.8297526899821932, "oscillation_cost": 21.171175434267813, "completition_cost": 0.0, "overshoot_cost": 50.962316081816056, "power_cost": 14.170175036621094, "noise_cost": 21.430759850889928, "n_waypoints_completed": 9, "tot_waypoints": 9}}
{"target": -183.4096415420617, "params": {"k_pid_pos": [0.47266607788332343, 0.005451269521234213, 0.0005533790165032459], "k_pid_alt": [1.810245561085984, 0.005094547244576362, 0.009081652372258317], "k_pid_att": [44.71961397924588, 0.26890436715930816, 0.8159118215704725], "k_pid_yaw": [0.5, 1e-06, 0.1], "k_pid_hsp": [0.09708010647645891, 0.008241546759329622, 0.0], "k_pid_vsp": [122.40629794617594, 130.68783926643331, 9.374583011816961]}, "datetime": {"datetime": "2025-08-12 04:41:24", "elapsed": 44163.639703035355, "delta": 19.597094535827637}, "costs": {"total_cost": 183.4096415420617, "time_cost": 73.07300000000001, "final_distance_cost": 1.838679994084437, "oscillation_cost": 19.857471228149095, "completition_cost": 0.0, "overshoot_cost": 51.59353580656708, "power_cost": 17.74648328857422, "noise_cost": 19.300471224686877, "n_waypoints_completed": 9, "tot_waypoints": 9}}
{"target": -185.65987057372504, "params": {"k_pid_pos": [0.41880785215600413, 0.006173554158375061, 0.0006220950407297298], "k_pid_alt": [1.41000581345385, 0.005303993339636788, 0.008291141792599365], "k_pid_att": [42.25303621669158, 0.33706092313564096, 0.5776562638313482], "k_pid_yaw": [0.5, 1e-06, 0.1], "k_pid_hsp": [0.10292766213314421, 0.010458980847566001, 0.0], "k_pid_vsp": [115.5168450630315, 124.92806919620203, 6.708523506816518]}, "datetime": {"datetime": "2025-08-12 04:41:43", "elapsed": 44183.0035135746, "delta": 19.363810539245605}, "costs": {"total_cost": 185.65987057372504, "time_cost": 75.166, "final_distance_cost": 1.8522550873195918, "oscillation_cost": 19.337577946293194, "completition_cost": 0.0, "overshoot_cost": 51.53736778248905, "power_cost": 14.595900354003907, "noise_cost": 23.170769403619314, "n_waypoints_completed": 9, "tot_waypoints": 9}}
{"target": -181.6982844470046, "params": {"k_pid_pos": [0.5576721051748121, 0.0057693695862212875, 0.000587246145428612], "k_pid_alt": [1.7066054887750013, 0.005496501021028266, 0.008237114286526681], "k_pid_att": [46.31583800854704, 0.2544950397989497, 0.7661340389161201], "k_pid_yaw": [0.5, 1e-06, 0.1], "k_pid_hsp": [0.09914413552227967, 0.009945585216621004, 0.0], "k_pid_vsp": [144.51071126380768, 121.84979183131445, 7.493144119215334]}, "datetime": {"datetime": "2025-08-12 04:42:01", "elapsed": 44200.43592238426, "delta": 17.432408809661865}, "costs": {"total_cost": 181.6982844470046, "time_cost": 71.589, "final_distance_cost": 1.8303148390158925, "oscillation_cost": 21.489963614272416, "completition_cost": 0.0, "overshoot_cost": 51.12168394512754, "power_cost": 14.189319470214844, "noise_cost": 21.478002578373893, "n_waypoints_completed": 9, "tot_waypoints": 9}}
{"target": -182.57670561750535, "params": {"k_pid_pos": [0.635062395635668, 0.005560225840391949, 0.0006632799751626392], "k_pid_alt": [1.7057626438543014, 0.005488285051889602, 0.010964840086227523], "k_pid_att": [45.33529953859284, 0.3235764388433691, 0.8009975692505277], "k_pid_yaw": [0.5, 1e-06, 0.1], "k_pid_hsp": [0.13055704870434096, 0.00949528286609249, 0.0], "k_pid_vsp": [125.14109696316295, 117.60644903358684, 7.75810389207976]}, "datetime": {"datetime": "2025-08-12 04:42:19", "elapsed": 44218.86188554764, "delta": 18.425963163375854}, "costs": {"total_cost": 182.57670561750535, "time_cost": 70.665, "final_distance_cost": 1.8252080751120299, "oscillation_cost": 24.133667596704353, "completition_cost": 0.0, "overshoot_cost": 50.78422950230256, "power_cost": 14.109422583007813, "noise_cost": 21.05917786037858, "n_waypoints_completed": 9, "tot_waypoints": 9}}
{"target": -182.7945943422465, "params": {"k_pid_pos": [0.4917407977170323, 0.005013295000366039, 0.00046562619659498635], "k_pid_alt": [1.7456270742386113, 0.003820230290913987, 0.01163314418870099], "k_pid_att": [28.408941710490012, 0.3676357049122718, 0.8266266292514414], "k_pid_yaw": [0.5, 1e-06, 0.1], "k_pid_hsp": [0.10706762459189055, 0.01003056184250213, 0.0], "k_pid_vsp": [145.0391475626865, 102.08291789288789, 7.308354091985691]}, "datetime": {"datetime": "2025-08-12 04:42:36", "elapsed": 44235.897795677185, "delta": 17.03591012954712}, "costs": {"total_cost": 182.7945943422465, "time_cost": 72.709, "final_distance_cost": 1.8390661911897004, "oscillation_cost": 20.587377263411636, "completition_cost": 0.0, "overshoot_cost": 51.3660269842987, "power_cost": 14.262643432617189, "noise_cost": 22.030480470729284, "n_waypoints_completed": 9, "tot_waypoints": 9}}
{"target": -181.81110485353452, "params": {"k_pid_pos": [0.5739700086059784, 0.005418438019542355, 0.0005430779725289548], "k_pid_alt": [1.4315336583245208, 0.004212882438958091, 0.00836988915613593], "k_pid_att": [52.074230129308376, 0.30327392145578064, 0.6847015266372553], "k_pid_yaw": [0.5, 1e-06, 0.1], "k_pid_hsp": [0.10617757355310875, 0.011993215189113643, 0.0], "k_pid_vsp": [109.98327904109046, 126.77055938486767, 6.992040921708646]}, "datetime": {"datetime": "2025-08-12 04:42:55", "elapsed": 44255.315412044525, "delta": 19.417616367340088}, "costs": {"total_cost": 181.81110485353452, "time_cost": 71.246, "final_distance_cost": 1.8347725961905321, "oscillation_cost": 22.737303149512123, "completition_cost": 0.0, "overshoot_cost": 50.54199421283456, "power_cost": 14.130658923339844, "noise_cost": 21.320375971657445, "n_waypoints_completed": 9, "tot_waypoints": 9}}
{"target": -182.13608320875284, "params": {"k_pid_pos": [0.6850660238191434, 0.006031643762417697, 0.000616026483431711], "k_pid_alt": [1.504632236808498, 0.003884719232005536, 0.012967570576991947], "k_pid_att": [41.644069956136136, 0.24981101604508918, 0.8027918480068325], "k_pid_yaw": [0.5, 1e-06, 0.1], "k_pid_hsp": [0.09775470713708352, 0.011760350647626955, 0.0], "k_pid_vsp": [145.05271505342856, 124.15685716617975, 6.154258411899996]}, "datetime": {"datetime": "2025-08-12 04:43:13", "elapsed": 44272.82271528244, "delta": 17.50730323791504}, "costs": {"total_cost": 182.13608320875284, "time_cost": 70.805, "final_distance_cost": 1.8285115087808161, "oscillation_cost": 23.914712446603392, "completition_cost": 0.0, "overshoot_cost": 50.569969774492066, "power_cost": 14.159995104980469, "noise_cost": 20.857894373896066, "n_waypoints_completed": 9, "tot_waypoints": 9}}
{"target": -182.32797705862671, "params": {"k_pid_pos": [0.48988104008090555, 0.007081639114914529, 0.0005633539660493859], "k_pid_alt": [1.6641071696269545, 0.004658362775406353, 0.009770406668329653], "k_pid_att": [40.140794505871995, 0.3410899131173209, 0.8087172431869165], "k_pid_yaw": [0.5, 1e-06, 0.1], "k_pid_hsp": [0.09125268426809334, 0.01141040055995098, 0.0], "k_pid_vsp": [167.28523214581918, 140.01653990342703, 5.19851623612899]}, "datetime": {"datetime": "2025-08-12 04:43:33", "elapsed": 44293.11478948593, "delta": 20.29207420349121}, "costs": {"total_cost": 182.32797705862671, "time_cost": 72.688, "final_distance_cost": 1.8446459976701568, "oscillation_cost": 20.079459449857676, "completition_cost": 0.0, "overshoot_cost": 51.585971649683046, "power_cost": 14.237642126464845, "noise_cost": 21.892257834950975, "n_waypoints_completed": 9, "tot_waypoints": 9}}
{"target": -182.03629208267614, "params": {"k_pid_pos": [0.4949036115003707, 0.0058850298139041775, 0.0006331452018226147], "k_pid_alt": [1.489078463407701, 0.005642222392653985, 0.010264517678437694], "k_pid_att": [41.71600176321308, 0.3475557634678173, 0.7411943503735277], "k_pid_yaw": [0.5, 1e-06, 0.1], "k_pid_hsp": [0.08704120017593502, 0.011034595343839992, 0.0], "k_pid_vsp": [153.40975303968452, 130.9522578806719, 6.924531767959393]}, "datetime": {"datetime": "2025-08-12 04:43:51", "elapsed": 44311.13777303696, "delta": 18.02298355102539}, "costs": {"total_cost": 182.03629208267614, "time_cost": 72.758, "final_distance_cost": 1.8292226802439286, "oscillation_cost": 19.83779261518701, "completition_cost": 0.0, "overshoot_cost": 51.52349220368897, "power_cost": 14.273125268554688, "noise_cost": 21.81465931500156, "n_waypoints_completed": 9, "tot_waypoints": 9}}
{"target": -182.00145922289747, "params": {"k_pid_pos": [0.5251091916087152, 0.006029975160920724, 0.0005621442797605636], "k_pid_alt": [1.4897724690206633, 0.004224266215598806, 0.009451338614090471], "k_pid_att": [44.206964150697026, 0.2905889827016095, 0.6576375226944423], "k_pid_yaw": [0.5, 1e-06, 0.1], "k_pid_hsp": [0.10101012388430196, 0.012335943496114403, 0.0], "k_pid_vsp": [145.5107827713288, 146.70044079561512, 7.5870946009518185]}, "datetime": {"datetime": "2025-08-12 04:44:12", "elapsed": 44331.70921945572, "delta": 20.571446418762207}, "costs": {"total_cost": 182.00145922289747, "time_cost": 71.953, "final_distance_cost": 1.8351486045558194, "oscillation_cost": 21.41805961522674, "completition_cost": 0.0, "overshoot_cost": 50.953951570390885, "power_cost": 14.226029138183595, "noise_cost": 21.615270294540398, "n_waypoints_completed": 9, "tot_waypoints": 9}}
{"target": -181.88268482614572, "params": {"k_pid_pos": [0.6712291774346566, 0.005722104725224844, 0.0006099052217876776], "k_pid_alt": [1.509205030510551, 0.005830536415279578, 0.010029978041786911], "k_pid_att": [46.39631956187109, 0.3492891043708848, 0.8269704218281603], "k_pid_yaw": [0.5, 1e-06, 0.1], "k_pid_hsp": [0.10107020374042301, 0.010642292428242474, 0.0], "k_pid_vsp": [122.94078081860668, 147.07063044357028, 5.793747241872765]}, "datetime": {"datetime": "2025-08-12 04:44:31", "elapsed": 44350.51150560379, "delta": 18.80228614807129}, "costs": {"total_cost": 181.88268482614572, "time_cost": 70.609, "final_distance_cost": 1.8207916035405567, "oscillation_cost": 23.523412920052127, "completition_cost": 0.0, "overshoot_cost": 50.873260661419835, "power_cost": 14.166381091308594, "noise_cost": 20.8898385498246, "n_waypoints_completed": 9, "tot_waypoints": 9}}
{"target": -182.2654678486061, "params": {"k_pid_pos": [0.6247634712699934, 0.0054107385728242655, 0.0005975491470237695], "k_pid_alt": [1.2752154730364225, 0.00457778430825002, 0.010323856877880698], "k_pid_att": [48.499131425338014, 0.28645209545741396, 0.7596057278739862], "k_pid_yaw": [0.5, 1e-06, 0.1], "k_pid_hsp": [0.09757708351328015, 0.009519292007365086, 0.0], "k_pid_vsp": [148.73303694390935, 130.1494893463953, 6.889091602515365]}, "datetime": {"datetime": "2025-08-12 04:44:52", "elapsed": 44371.5866420269, "delta": 21.075136423110962}, "costs": {"total_cost": 182.2654678486061, "time_cost": 71.092, "final_distance_cost": 1.8087286719180358, "oscillation_cost": 22.62447775601974, "completition_cost": 0.0, "overshoot_cost": 51.306211104496995, "power_cost": 14.313679602050781, "noise_cost": 21.120370714120543, "n_waypoints_completed": 9, "tot_waypoints": 9}}
{"target": -181.41913941321098, "params": {"k_pid_pos": [0.5518817675924643, 0.006579230432833222, 0.0005815663234915953], "k_pid_alt": [1.6442925633213321, 0.0051097291143447415, 0.008306132200654197], "k_pid_att": [47.02257564522855, 0.24598051574530166, 0.9228675992210564], "k_pid_yaw": [0.5, 1e-06, 0.1], "k_pid_hsp": [0.10207439460060819, 0.008602894214995266, 0.0], "k_pid_vsp": [138.46389591014278, 129.4900613297181, 7.578862026751232]}, "datetime": {"datetime": "2025-08-12 04:45:11", "elapsed": 44390.45616602898, "delta": 18.869524002075195}, "costs": {"total_cost": 181.41913941321098, "time_cost": 71.624, "final_distance_cost": 1.8279336088349598, "oscillation_cost": 21.345149496636406, "completition_cost": 0.0, "overshoot_cost": 51.0234106241024, "power_cost": 14.11365517578125, "noise_cost": 21.484990507856, "n_waypoints_completed": 9, "tot_waypoints": 9}}
{"target": -181.70784085479767, "params": {"k_pid_pos": [0.6234573718950426, 0.005381793011613175, 0.0006133677273442975], "k_pid_alt": [1.7839377999577775, 0.006168642057711622, 0.01175465965216072], "k_pid_att": [44.113695087455596, 0.2327369876640085, 0.5740162842580382], "k_pid_yaw": [0.5, 1e-06, 0.1], "k_pid_hsp": [0.09661795335967355, 0.009833726385115154, 0.0], "k_pid_vsp": [140.56892287265592, 138.31363495703405, 6.7552658125145655]}, "datetime": {"datetime": "2025-08-12 04:45:30", "elapsed": 44409.570363759995, "delta": 19.114197731018066}, "costs": {"total_cost": 181.70784085479767, "time_cost": 71.155, "final_distance_cost": 1.8092395775598804, "oscillation_cost": 22.582038562292578, "completition_cost": 0.0, "overshoot_cost": 50.89959009899326, "power_cost": 14.128130981445313, "noise_cost": 21.13384163450664, "n_waypoints_completed": 9, "tot_waypoints": 9}}
{"target": -181.8434968230763, "params": {"k_pid_pos": [0.5876666529069219, 0.0063536282837806145, 0.0005061695569505584], "k_pid_alt": [1.5264254875413066, 0.004915186638758457, 0.009872770162868312], "k_pid_att": [44.085687259208306, 0.29064108033063474, 0.9212468951423837], "k_pid_yaw": [0.5, 1e-06, 0.1], "k_pid_hsp": [0.10522431575644621, 0.008128487826635243, 0.0], "k_pid_vsp": [121.88097717577652, 117.80863904629034, 8.55335984684362]}, "datetime": {"datetime": "2025-08-12 04:45:47", "elapsed": 44427.14974832535, "delta": 17.579384565353394}, "costs": {"total_cost": 181.8434968230763, "time_cost": 71.183, "final_distance_cost": 1.819989912921784, "oscillation_cost": 22.18721004363075, "completition_cost": 0.0, "overshoot_cost": 51.03839403098036, "power_cost": 15.634131616210938, "noise_cost": 19.980771219332475, "n_waypoints_completed": 9, "tot_waypoints": 9}}
{"target": -181.7313997026112, "params": {"k_pid_pos": [0.5144231229517972, 0.005823405028793898, 0.000566565917579258], "k_pid_alt": [1.6063424948218934, 0.005271253118457244, 0.010081859855461268], "k_pid_att": [46.47438982219887, 0.2526359301822752, 0.7714578667735124], "k_pid_yaw": [0.5, 1e-06, 0.1], "k_pid_hsp": [0.09519916506926067, 0.009395809642326839, 0.0], "k_pid_vsp": [140.9514751178386, 136.06206220650495, 8.290732598081911]}, "datetime": {"datetime": "2025-08-12 04:46:07", "elapsed": 44446.7008125782, "delta": 19.551064252853394}, "costs": {"total_cost": 181.7313997026112, "time_cost": 72.21900000000001, "final_distance_cost": 1.8268294118141901, "oscillation_cost": 20.428724954792063, "completition_cost": 0.0, "overshoot_cost": 51.53957404580151, "power_cost": 14.257946630859376, "noise_cost": 21.45932465934408, "n_waypoints_completed": 9, "tot_waypoints": 9}}
{"target": -184.4079823809911, "params": {"k_pid_pos": [0.6656706980776419, 0.00673256900914533, 0.0005636683175528246], "k_pid_alt": [1.5875058320821118, 0.0052840368716698715, 0.010953735131562467], "k_pid_att": [46.15831549829041, 0.3505611176791838, 0.8299358497715099], "k_pid_yaw": [0.5, 1e-06, 0.1], "k_pid_hsp": [0.07916201855575829, 0.007932303193376565, 0.0], "k_pid_vsp": [130.0599494167286, 107.3207391085242, 6.9089937929185155]}, "datetime": {"datetime": "2025-08-12 04:46:25", "elapsed": 44464.774770498276, "delta": 18.073957920074463}, "costs": {"total_cost": 184.4079823809911, "time_cost": 72.667, "final_distance_cost": 1.8139937359824914, "oscillation_cost": 22.338964743629766, "completition_cost": 0.0, "overshoot_cost": 51.65799485616163, "power_cost": 14.390868420410158, "noise_cost": 21.53916062480703, "n_waypoints_completed": 9, "tot_waypoints": 9}}
{"target": -181.5416757802132, "params": {"k_pid_pos": [0.544322021524993, 0.004362575353576125, 0.000598016037611099], "k_pid_alt": [1.3833160390856971, 0.004918552670365942, 0.010935280302626976], "k_pid_att": [36.22492689434901, 0.3183391906509631, 0.6781598288681746], "k_pid_yaw": [0.5, 1e-06, 0.1], "k_pid_hsp": [0.10585393299541764, 0.010541579014039161, 0.0], "k_pid_vsp": [138.284251700584, 141.9423052242591, 5.604491446167174]}, "datetime": {"datetime": "2025-08-12 04:46:45", "elapsed": 44484.434195280075, "delta": 19.659424781799316}, "costs": {"total_cost": 181.5416757802132, "time_cost": 71.673, "final_distance_cost": 1.8376121325624806, "oscillation_cost": 21.680788153553763, "completition_cost": 0.0, "overshoot_cost": 50.73575352050762, "power_cost": 14.158840844726564, "noise_cost": 21.455681128862775, "n_waypoints_completed": 9, "tot_waypoints": 9}}
{"target": -184.95127250924847, "params": {"k_pid_pos": [0.6314318253403346, 0.0057587112228530335, 0.0005108007970799394], "k_pid_alt": [1.4337512864387296, 0.004668106375718627, 0.01142931302605252], "k_pid_att": [51.12231469496501, 0.3163131051551175, 0.6222672400001482], "k_pid_yaw": [0.5, 1e-06, 0.1], "k_pid_hsp": [0.07532564033521483, 0.008354407984766632, 0.0], "k_pid_vsp": [122.7030264594677, 108.81084077874578, 6.62879302224633]}, "datetime": {"datetime": "2025-08-12 04:47:03", "elapsed": 44502.75371956825, "delta": 18.31952428817749}, "costs": {"total_cost": 184.95127250924847, "time_cost": 73.206, "final_distance_cost": 1.81105660084364, "oscillation_cost": 21.639672831640972, "completition_cost": 0.0, "overshoot_cost": 52.21224841655963, "power_cost": 14.386951574707032, "noise_cost": 21.695343085497182, "n_waypoints_completed": 9, "tot_waypoints": 9}}
{"target": -182.4963584784205, "params": {"k_pid_pos": [0.5202075345082539, 0.005428858620608014, 0.0006368829385002291], "k_pid_alt": [1.3325276725612367, 0.005630360663847578, 0.009405760510196773], "k_pid_att": [37.37379461452998, 0.28855519806439706, 0.7319113469153775], "k_pid_yaw": [0.5, 1e-06, 0.1], "k_pid_hsp": [0.10753643920537921, 0.00822653492099112, 0.0], "k_pid_vsp": [133.7982102042962, 126.91154362991908, 6.606201498513514]}, "datetime": {"datetime": "2025-08-12 04:47:22", "elapsed": 44521.76641082764, "delta": 19.012691259384155}, "costs": {"total_cost": 182.4963584784205, "time_cost": 72.184, "final_distance_cost": 1.836395085259899, "oscillation_cost": 21.21770620605861, "completition_cost": 0.0, "overshoot_cost": 51.33016421191882, "power_cost": 14.201016052246095, "noise_cost": 21.727076922937066, "n_waypoints_completed": 9, "tot_waypoints": 9}}
{"target": -183.64491142426272, "params": {"k_pid_pos": [0.6386805930611589, 0.005539213843532072, 0.0006528306086051482], "k_pid_alt": [1.4067092757778517, 0.0052298177320527365, 0.012981939851487836], "k_pid_att": [43.36129116234097, 0.27011675482866443, 0.969745036287965], "k_pid_yaw": [0.5, 1e-06, 0.1], "k_pid_hsp": [0.08133332881648346, 0.010771686056804569, 0.0], "k_pid_vsp": [134.3860932270505, 107.29997195320955, 6.900517971923452]}, "datetime": {"datetime": "2025-08-12 04:47:40", "elapsed": 44540.04249048233, "delta": 18.276079654693604}, "costs": {"total_cost": 183.64491142426272, "time_cost": 72.485, "final_distance_cost": 1.8086220078419757, "oscillation_cost": 22.264972354283856, "completition_cost": 0.0, "overshoot_cost": 51.31242872454568, "power_cost": 14.348957641601563, "noise_cost": 21.424930695989605, "n_waypoints_completed": 9, "tot_waypoints": 9}}
{"target": -181.61551028978278, "params": {"k_pid_pos": [0.6108036514204346, 0.0060712378026037675, 0.0005442971659563781], "k_pid_alt": [1.597495625230967, 0.0051065352126887335, 0.010046620246397535], "k_pid_att": [46.39965796381617, 0.3505219582774784, 0.8266913494537956], "k_pid_yaw": [0.5, 1e-06, 0.1], "k_pid_hsp": [0.08932733227296942, 0.008071734557944599, 0.0], "k_pid_vsp": [121.88327142162844, 131.35946817298324, 7.365380531167575]}, "datetime": {"datetime": "2025-08-12 04:47:59", "elapsed": 44559.06155395508, "delta": 19.019063472747803}, "costs": {"total_cost": 181.61551028978278, "time_cost": 71.568, "final_distance_cost": 1.7999117681895422, "oscillation_cost": 21.738674218556895, "completition_cost": 0.0, "overshoot_cost": 51.17941630500029, "power_cost": 14.153485961914063, "noise_cost": 21.176022036121957, "n_waypoints_completed": 9, "tot_waypoints": 9}}
