{"target": -181.85543862582213, "params": {"k_pid_pos": [0.5904729972099715, 0.005456743375875536, 0.00083248787626435], "k_pid_alt": [1.678737854691401, 0.005195040477708535, 0.02838993517552907], "k_pid_att": [16.376491302535097, 0.5337462136220403, 0.6287000122084452], "k_pid_yaw": [0.5, 1e-06, 0.1], "k_pid_hsp": [0.11227982002954877, 0.010740262426345864, 0.0], "k_pid_vsp": [102.96856642738886, 121.43212578892194, 5.861138610536699]}, "datetime": {"datetime": "2025-08-11 23:52:20", "elapsed": 26820.16988325119, "delta": 17.942558765411377}, "costs": {"total_cost": 181.85543862582213, "time_cost": 71.043, "final_distance_cost": 1.835672108061092, "oscillation_cost": 22.83215669146924, "completition_cost": 0.0, "overshoot_cost": 50.78865002723991, "power_cost": 14.181669958496094, "noise_cost": 21.17428984055579, "n_waypoints_completed": 9, "tot_waypoints": 9}}
{"target": -186.2161852186267, "params": {"k_pid_pos": [0.7333579717328803, 0.005875564646542455, 0.0006596452570066502], "k_pid_alt": [1.7246689194617624, 0.004350048794093006, 0.008461649434619342], "k_pid_att": [34.59983333742364, 0.5445752779316346, 1.0], "k_pid_yaw": [0.5, 1e-06, 0.1], "k_pid_hsp": [0.072000562983841, 0.01068320051361918, 0.0], "k_pid_vsp": [47.86746267655494, 98.23711273227006, 3.5148633126447426]}, "datetime": {"datetime": "2025-08-11 23:52:38", "elapsed": 26837.928312301636, "delta": 17.758429050445557}, "costs": {"total_cost": 186.2161852186267, "time_cost": 72.81400000000001, "final_distance_cost": 1.778508981992631, "oscillation_cost": 23.737793635740978, "completition_cost": 0.0, "overshoot_cost": 51.84691546506312, "power_cost": 14.573716076660157, "noise_cost": 21.46525105916979, "n_waypoints_completed": 9, "tot_waypoints": 9}}
{"target": -184.02541745639198, "params": {"k_pid_pos": [0.602777446673351, 0.006055791303981408, 0.0006816312052263708], "k_pid_alt": [1.3866317830371282, 0.004350474687169629, 0.010253562089984456], "k_pid_att": [25.375435286463997, 0.443111067301494, 0.6918178482388967], "k_pid_yaw": [0.5, 1e-06, 0.1], "k_pid_hsp": [0.1449278198112934, 0.007808175447705769, 0.0], "k_pid_vsp": [88.92307645366157, 122.08133355758174, 5.354810321768667]}, "datetime": {"datetime": "2025-08-11 23:52:56", "elapsed": 26855.724212169647, "delta": 17.795899868011475}, "costs": {"total_cost": 184.02541745639198, "time_cost": 71.239, "final_distance_cost": 1.8299496440274596, "oscillation_cost": 24.575582990880832, "completition_cost": 0.0, "overshoot_cost": 50.648625072521995, "power_cost": 14.243099157714845, "noise_cost": 21.489160591246833, "n_waypoints_completed": 9, "tot_waypoints": 9}}
{"target": -224.25164625454397, "params": {"k_pid_pos": [0.3000163764591731, 0.005766785987469374, 0.0010500292091877624], "k_pid_alt": [1.3646846518832572, 0.0024159762064722896, 0.019932209064008163], "k_pid_att": [49.636152429887936, 0.40356664783849744, 0.6460481737484383], "k_pid_yaw": [0.5, 1e-06, 0.1], "k_pid_hsp": [0.07494412420917827, 0.012597661629618466, 0.0], "k_pid_vsp": [149.04099153667656, 177.3053105671913, 3.5725125372148434]}, "datetime": {"datetime": "2025-08-11 23:53:21", "elapsed": 26880.844741344452, "delta": 25.120529174804688}, "costs": {"total_cost": 224.25164625454397, "time_cost": 99.785, "final_distance_cost": 1.8624281554762256, "oscillation_cost": 15.711401874269747, "completition_cost": 0.0, "overshoot_cost": 53.682355091419524, "power_cost": 18.784346704101562, "noise_cost": 34.42611442927695, "n_waypoints_completed": 9, "tot_waypoints": 9}}
{"target": -182.14217070288197, "params": {"k_pid_pos": [0.7353667504023975, 0.006822404100791604, 0.0009141935624502329], "k_pid_alt": [1.4750104711985959, 0.0034536350014863237, 0.013428381664974202], "k_pid_att": [30.42606473582521, 0.14857451195558039, 1.0], "k_pid_yaw": [0.5, 1e-06, 0.1], "k_pid_hsp": [0.11500189154582262, 0.008223420379159959, 0.0], "k_pid_vsp": [69.52649264525077, 57.35842512306717, 4.667792362364282]}, "datetime": {"datetime": "2025-08-11 23:53:38", "elapsed": 26897.939390182495, "delta": 17.094648838043213}, "costs": {"total_cost": 182.14217070288197, "time_cost": 70.14, "final_distance_cost": 1.8057698504777617, "oscillation_cost": 24.52460999089806, "completition_cost": 0.0, "overshoot_cost": 50.711475672944246, "power_cost": 14.142258959960937, "noise_cost": 20.818056228600973, "n_waypoints_completed": 9, "tot_waypoints": 9}}
{"target": -182.4076811876347, "params": {"k_pid_pos": [0.7730952823058397, 0.006678532962227768, 0.0007173679834905218], "k_pid_alt": [1.1801919124115905, 0.005412183191531056, 0.022074978139266083], "k_pid_att": [47.87265608147177, 0.2822270808893573, 0.630052919724451], "k_pid_yaw": [0.5, 1e-06, 0.1], "k_pid_hsp": [0.12211173961133626, 0.008064731578112591, 0.0], "k_pid_vsp": [95.52492727249017, 67.48565884998645, 4.683263573007491]}, "datetime": {"datetime": "2025-08-11 23:53:56", "elapsed": 26915.6660323143, "delta": 17.72664213180542}, "costs": {"total_cost": 182.4076811876347, "time_cost": 69.965, "final_distance_cost": 1.8262058629298195, "oscillation_cost": 25.27569577570876, "completition_cost": 0.0, "overshoot_cost": 50.53668632454711, "power_cost": 14.109279101562501, "noise_cost": 20.694814122886505, "n_waypoints_completed": 9, "tot_waypoints": 9}}
{"target": -186.20374040759603, "params": {"k_pid_pos": [0.3819987137964856, 0.007751673938676081, 0.000837078105338998], "k_pid_alt": [1.0867288708852678, 0.004524285667269818, 0.020560054675873417], "k_pid_att": [36.86107510872909, 0.30711462493398495, 1.0], "k_pid_yaw": [0.5, 1e-06, 0.1], "k_pid_hsp": [0.09159052594899973, 0.007473505335801306, 0.0], "k_pid_vsp": [85.32382807958832, 94.35717067095004, 3.1814392758733105]}, "datetime": {"datetime": "2025-08-11 23:54:15", "elapsed": 26934.53874373436, "delta": 18.872711420059204}, "costs": {"total_cost": 186.20374040759603, "time_cost": 76.748, "final_distance_cost": 1.8451262939918782, "oscillation_cost": 17.18016140327167, "completition_cost": 0.0, "overshoot_cost": 52.04683175851963, "power_cost": 14.783227111816407, "noise_cost": 23.60039383999644, "n_waypoints_completed": 9, "tot_waypoints": 9}}
{"target": -183.24373980381728, "params": {"k_pid_pos": [0.5546794967525939, 0.003941122710530718, 0.0009711850887979739], "k_pid_alt": [0.9565663958631544, 0.00516200254779359, 0.012984179090255675], "k_pid_att": [18.17223113041221, 0.4444034521301103, 1.0], "k_pid_yaw": [0.5, 1e-06, 0.1], "k_pid_hsp": [0.11907833646024202, 0.006328652525264391, 0.0], "k_pid_vsp": [131.271899002416, 131.98770831975892, 5.42322526140527]}, "datetime": {"datetime": "2025-08-11 23:54:33", "elapsed": 26953.040024518967, "delta": 18.501280784606934}, "costs": {"total_cost": 183.24373980381728, "time_cost": 72.583, "final_distance_cost": 1.8325239765449093, "oscillation_cost": 21.772761452609267, "completition_cost": 0.0, "overshoot_cost": 51.14022735300669, "power_cost": 14.289323364257813, "noise_cost": 21.625903657398577, "n_waypoints_completed": 9, "tot_waypoints": 9}}
{"target": -182.32237767986098, "params": {"k_pid_pos": [0.4848968664171604, 0.005593602433823095, 0.0008170920353814805], "k_pid_alt": [1.7965299382805888, 0.004607279313788615, 0.01850982684508932], "k_pid_att": [43.809893635226, 0.40815826695853935, 0.47780912183823226], "k_pid_yaw": [0.5, 1e-06, 0.1], "k_pid_hsp": [0.08748445362768308, 0.008144133156496751, 0.0], "k_pid_vsp": [47.23114664485337, 74.69715161896288, 5.321315682663802]}, "datetime": {"datetime": "2025-08-11 23:54:51", "elapsed": 26970.869920253754, "delta": 17.829895734786987}, "costs": {"total_cost": 182.32237767986098, "time_cost": 73.038, "final_distance_cost": 1.828289135592679, "oscillation_cost": 19.1184571617809, "completition_cost": 0.0, "overshoot_cost": 52.001307923891474, "power_cost": 14.283660229492188, "noise_cost": 22.052663229103725, "n_waypoints_completed": 9, "tot_waypoints": 9}}
{"target": -182.2369445433815, "params": {"k_pid_pos": [0.6339875369949761, 0.004716338954356028, 0.0003391685606764252], "k_pid_alt": [1.5311134788318335, 0.004396330068818796, 0.012603517218476102], "k_pid_att": [38.46768799404956, 0.34988248837111585, 0.5247654413751776], "k_pid_yaw": [0.5, 1e-06, 0.1], "k_pid_hsp": [0.11792038101773021, 0.008794088779001645, 0.0], "k_pid_vsp": [115.44493820340688, 76.6410091993367, 4.855183099125534]}, "datetime": {"datetime": "2025-08-11 23:55:09", "elapsed": 26988.441594839096, "delta": 17.571674585342407}, "costs": {"total_cost": 182.2369445433815, "time_cost": 70.721, "final_distance_cost": 1.8280823902551722, "oscillation_cost": 23.38752755855922, "completition_cost": 0.0, "overshoot_cost": 50.88033527009517, "power_cost": 14.163562280273439, "noise_cost": 21.256437044198474, "n_waypoints_completed": 9, "tot_waypoints": 9}}
{"target": -232.19349130376347, "params": {"k_pid_pos": [0.2785522158498155, 0.0042042436776022615, 0.0010182255639463358], "k_pid_alt": [0.6642103282021288, 0.00449478285400037, 0.01570951726368672], "k_pid_att": [31.91622510838654, 0.41277635406403396, 1.0], "k_pid_yaw": [0.5, 1e-06, 0.1], "k_pid_hsp": [0.08701739798800696, 0.01144752745313296, 0.0], "k_pid_vsp": [110.45004609401936, 100.87016774474019, 7.009639867080343]}, "datetime": {"datetime": "2025-08-11 23:55:34", "elapsed": 27014.321838378906, "delta": 25.88024353981018}, "costs": {"total_cost": 232.19349130376347, "time_cost": 105.0, "final_distance_cost": 1.863770038401727, "oscillation_cost": 15.293604601920073, "completition_cost": 0.0, "overshoot_cost": 54.293415655121684, "power_cost": 19.447886682128907, "noise_cost": 36.294814326191066, "n_waypoints_completed": 9, "tot_waypoints": 9}}
{"target": -182.99515476727748, "params": {"k_pid_pos": [0.5773850330565194, 0.004568065794260658, 0.0006020237306567528], "k_pid_alt": [1.5030172058712186, 0.0047386716159786456, 0.017609059228950293], "k_pid_att": [44.544465370176425, 0.3416658574249369, 0.9236157926636999], "k_pid_yaw": [0.5, 1e-06, 0.1], "k_pid_hsp": [0.08299569220051531, 0.0108913970598645, 0.0], "k_pid_vsp": [146.48240376542017, 103.6773479021857, 4.166881985178452]}, "datetime": {"datetime": "2025-08-11 23:55:52", "elapsed": 27031.989206552505, "delta": 17.667368173599243}, "costs": {"total_cost": 182.99515476727748, "time_cost": 72.583, "final_distance_cost": 1.8316531437012742, "oscillation_cost": 21.255179415119787, "completition_cost": 0.0, "overshoot_cost": 51.60235993370234, "power_cost": 14.256013549804688, "noise_cost": 21.46694872494939, "n_waypoints_completed": 9, "tot_waypoints": 9}}
{"target": -182.0196313638452, "params": {"k_pid_pos": [0.5232109244987502, 0.004482086740849643, 0.0009134510535330351], "k_pid_alt": [1.741052950066248, 0.004241308772276411, 0.0033846540984414004], "k_pid_att": [25.562706137605108, 0.20728593157548536, 0.9842272244821096], "k_pid_yaw": [0.5, 1e-06, 0.1], "k_pid_hsp": [0.08899972870717747, 0.010769011905916429, 0.0], "k_pid_vsp": [74.59700182609976, 110.26338576523314, 5.112510175568764]}, "datetime": {"datetime": "2025-08-11 23:56:11", "elapsed": 27051.283049821854, "delta": 19.293843269348145}, "costs": {"total_cost": 182.0196313638452, "time_cost": 72.31, "final_distance_cost": 1.8255552126517842, "oscillation_cost": 20.39770560012618, "completition_cost": 0.0, "overshoot_cost": 51.65551285231686, "power_cost": 14.195651672363281, "noise_cost": 21.635206026387106, "n_waypoints_completed": 9, "tot_waypoints": 9}}
{"target": -183.7908563473491, "params": {"k_pid_pos": [0.8639260780109463, 0.005002944489816635, 0.0009774342847919096], "k_pid_alt": [1.5432561157051563, 0.004231331623771566, 0.017366033181091953], "k_pid_att": [26.75115677136161, 0.26322464526851935, 1.0], "k_pid_yaw": [0.5, 1e-06, 0.1], "k_pid_hsp": [0.11531297485041363, 0.011811142082177336, 0.0], "k_pid_vsp": [57.40849659847683, 109.4175929972596, 5.6225892426544695]}, "datetime": {"datetime": "2025-08-11 23:56:29", "elapsed": 27069.065500736237, "delta": 17.782450914382935}, "costs": {"total_cost": 183.7908563473491, "time_cost": 69.608, "final_distance_cost": 1.8242977687310842, "oscillation_cost": 27.126899551153954, "completition_cost": 0.0, "overshoot_cost": 50.60676519438637, "power_cost": 14.209192138671876, "noise_cost": 20.41570169440578, "n_waypoints_completed": 9, "tot_waypoints": 9}}
{"target": -185.79480984678887, "params": {"k_pid_pos": [0.5660821360689522, 0.005527493902752114, 0.0006969961874483235], "k_pid_alt": [1.0511462528922941, 0.003678440177866756, 0.012157436613687836], "k_pid_att": [30.46645416259558, 0.3242840184078306, 0.960511653324498], "k_pid_yaw": [0.5, 1e-06, 0.1], "k_pid_hsp": [0.0663307948974301, 0.014367277382579827, 0.0], "k_pid_vsp": [64.75145956498345, 104.42918212164079, 2.2235541742123424]}, "datetime": {"datetime": "2025-08-11 23:56:47", "elapsed": 27087.35521173477, "delta": 18.289710998535156}, "costs": {"total_cost": 185.79480984678887, "time_cost": 74.865, "final_distance_cost": 1.8123851283499246, "oscillation_cost": 21.162665642891092, "completition_cost": 0.0, "overshoot_cost": 51.54500344218699, "power_cost": 14.626941809082032, "noise_cost": 21.782813824278822, "n_waypoints_completed": 9, "tot_waypoints": 9}}
{"target": -181.98841630471355, "params": {"k_pid_pos": [0.6805613682090369, 0.007375481375976596, 0.000811602518321105], "k_pid_alt": [1.4303195339888906, 0.003654254806041581, 0.018486707845817945], "k_pid_att": [49.995418850213404, 0.2261112150690556, 1.0], "k_pid_yaw": [0.5, 1e-06, 0.1], "k_pid_hsp": [0.09695525378654164, 0.009536360594633244, 0.0], "k_pid_vsp": [114.46897586564403, 90.00841337685728, 5.297924371050666]}, "datetime": {"datetime": "2025-08-11 23:57:06", "elapsed": 27105.481947898865, "delta": 18.126736164093018}, "costs": {"total_cost": 181.98841630471355, "time_cost": 70.84700000000001, "final_distance_cost": 1.8105404799596911, "oscillation_cost": 23.387453272156485, "completition_cost": 0.0, "overshoot_cost": 50.94521196448064, "power_cost": 14.11980106201172, "noise_cost": 20.878409526105013, "n_waypoints_completed": 9, "tot_waypoints": 9}}
{"target": -181.6765961840122, "params": {"k_pid_pos": [0.6529407267512012, 0.009334137033113478, 0.00047860265032585004], "k_pid_alt": [1.4726038773796668, 0.0032638296537383996, 0.02353661072113439], "k_pid_att": [34.43214792516766, 0.39848681603530345, 1.0], "k_pid_yaw": [0.5, 1e-06, 0.1], "k_pid_hsp": [0.11483797342320257, 0.014506506776905384, 0.0], "k_pid_vsp": [136.79368384339298, 111.3951652831634, 6.402782453122359]}, "datetime": {"datetime": "2025-08-11 23:57:24", "elapsed": 27123.917627811432, "delta": 18.43567991256714}, "costs": {"total_cost": 181.6765961840122, "time_cost": 70.413, "final_distance_cost": 1.8242807774511995, "oscillation_cost": 24.264697268502953, "completition_cost": 0.0, "overshoot_cost": 50.11302063308653, "power_cost": 14.129148876953126, "noise_cost": 20.932448628018392, "n_waypoints_completed": 9, "tot_waypoints": 9}}
{"target": -187.61195248901927, "params": {"k_pid_pos": [0.7265961889338906, 0.0038171037623679614, 0.0008842452911104903], "k_pid_alt": [1.5870790460767952, 0.003893843295229586, 0.016686740297667185], "k_pid_att": [35.166920668887975, 0.4783725601972559, 1.0], "k_pid_yaw": [0.5, 1e-06, 0.1], "k_pid_hsp": [0.06127525719992039, 0.013518192910147121, 0.0], "k_pid_vsp": [145.18823134134925, 71.99508713292606, 5.163383453766031]}, "datetime": {"datetime": "2025-08-11 23:57:43", "elapsed": 27142.673691272736, "delta": 18.75606346130371}, "costs": {"total_cost": 187.61195248901927, "time_cost": 73.99, "final_distance_cost": 1.781540699162566, "oscillation_cost": 23.373896938914267, "completition_cost": 0.0, "overshoot_cost": 52.152882499784155, "power_cost": 14.600570812988282, "noise_cost": 21.713061538170027, "n_waypoints_completed": 9, "tot_waypoints": 9}}
{"target": -183.15640078325262, "params": {"k_pid_pos": [0.6003501144591259, 0.005735460124464287, 0.0005568329152116817], "k_pid_alt": [1.6837078418020919, 0.006185242414382623, 0.010138415642547489], "k_pid_att": [27.2610159107529, 0.485993603522022, 0.8548982226815389], "k_pid_yaw": [0.5, 1e-06, 0.1], "k_pid_hsp": [0.11890075841990827, 0.009534060317518437, 0.0], "k_pid_vsp": [24.47176649499077, 118.06743604391527, 3.5466335710726984]}, "datetime": {"datetime": "2025-08-11 23:58:01", "elapsed": 27161.140421390533, "delta": 18.46673011779785}, "costs": {"total_cost": 183.15640078325262, "time_cost": 71.106, "final_distance_cost": 1.837269068436572, "oscillation_cost": 23.938124626936435, "completition_cost": 0.0, "overshoot_cost": 50.6450555389094, "power_cost": 14.570984240722657, "noise_cost": 21.058967308247595, "n_waypoints_completed": 9, "tot_waypoints": 9}}
{"target": -182.40838735017775, "params": {"k_pid_pos": [0.5317150955857132, 0.005488587380947256, 0.0008616515394981131], "k_pid_alt": [1.2649035927979833, 0.00427948217621114, 0.014770912464471734], "k_pid_att": [26.651239827836957, 0.4007506646540266, 0.9381180287314361], "k_pid_yaw": [0.5, 1e-06, 0.1], "k_pid_hsp": [0.10752483279095514, 0.012845842997618291, 0.0], "k_pid_vsp": [115.65899713802462, 112.53224562237438, 3.572839200918359]}, "datetime": {"datetime": "2025-08-11 23:58:20", "elapsed": 27179.649087190628, "delta": 18.508665800094604}, "costs": {"total_cost": 182.40838735017775, "time_cost": 72.044, "final_distance_cost": 1.8401946072064812, "oscillation_cost": 22.00722865443594, "completition_cost": 0.0, "overshoot_cost": 50.69817023579647, "power_cost": 14.233590795898438, "noise_cost": 21.585203056840413, "n_waypoints_completed": 9, "tot_waypoints": 9}}
{"target": -182.22184064306077, "params": {"k_pid_pos": [0.485943593501497, 0.0074716089785488785, 0.0004101707275338665], "k_pid_alt": [1.6918883393861026, 0.004831512695568282, 0.012939914206141866], "k_pid_att": [31.64662125325064, 0.3245067625028595, 0.6954900339720943], "k_pid_yaw": [0.5, 1e-06, 0.1], "k_pid_hsp": [0.08277414896900614, 0.005504121697257312, 0.0], "k_pid_vsp": [97.83779960658087, 146.4114766999698, 1.9780742612267834]}, "datetime": {"datetime": "2025-08-11 23:58:37", "elapsed": 27197.203270673752, "delta": 17.55418348312378}, "costs": {"total_cost": 182.22184064306077, "time_cost": 73.304, "final_distance_cost": 1.832724220983145, "oscillation_cost": 18.43520288949792, "completition_cost": 0.0, "overshoot_cost": 52.43093869618491, "power_cost": 14.268623693847656, "noise_cost": 21.950351142547152, "n_waypoints_completed": 9, "tot_waypoints": 9}}
{"target": -182.85780313697248, "params": {"k_pid_pos": [0.7353548250611418, 0.005582321327525354, 0.0004183477751895305], "k_pid_alt": [1.361776177729127, 0.005317713105993043, 0.027815579141045488], "k_pid_att": [37.56153583599416, 0.20811406606442603, 0.5329707493444722], "k_pid_yaw": [0.5, 1e-06, 0.1], "k_pid_hsp": [0.10642403954945424, 0.008332897868356183, 0.0], "k_pid_vsp": [45.124972768086764, 95.43228642649903, 3.678646539196117]}, "datetime": {"datetime": "2025-08-11 23:58:55", "elapsed": 27214.59914970398, "delta": 17.39587903022766}, "costs": {"total_cost": 182.85780313697248, "time_cost": 70.18900000000001, "final_distance_cost": 1.8269932023736672, "oscillation_cost": 24.930369718275212, "completition_cost": 0.0, "overshoot_cost": 51.018195757414176, "power_cost": 14.133684020996094, "noise_cost": 20.75956043791332, "n_waypoints_completed": 9, "tot_waypoints": 9}}
{"target": -182.38775240263834, "params": {"k_pid_pos": [0.5958779740422165, 0.006044289263571181, 0.000409569648851238], "k_pid_alt": [1.5834717839202588, 0.00426999542475671, 0.009796157697919238], "k_pid_att": [33.19917457954193, 0.41185030559464436, 0.8048818449651692], "k_pid_yaw": [0.5, 1e-06, 0.1], "k_pid_hsp": [0.11556367776748915, 0.005244806193292695, 0.0], "k_pid_vsp": [83.14475152415092, 101.80829727689827, 7.195724914026493]}, "datetime": {"datetime": "2025-08-11 23:59:13", "elapsed": 27232.627269506454, "delta": 18.028119802474976}, "costs": {"total_cost": 182.38775240263834, "time_cost": 71.20400000000001, "final_distance_cost": 1.820342199134504, "oscillation_cost": 22.794145752489484, "completition_cost": 0.0, "overshoot_cost": 51.209183804523576, "power_cost": 14.090295642089844, "noise_cost": 21.26978500440093, "n_waypoints_completed": 9, "tot_waypoints": 9}}
{"target": -183.29984208117423, "params": {"k_pid_pos": [0.5301010173486896, 0.006070672124743452, 0.001182188282811463], "k_pid_alt": [1.422868303232417, 0.0047638490402785874, 0.02452939387187869], "k_pid_att": [32.202215480526775, 0.3850044365587972, 1.0], "k_pid_yaw": [0.5, 1e-06, 0.1], "k_pid_hsp": [0.12044311709724975, 0.010226320640704499, 0.0], "k_pid_vsp": [83.05740395380674, 120.01225008712555, 4.232785472979221]}, "datetime": {"datetime": "2025-08-11 23:59:31", "elapsed": 27250.72409915924, "delta": 18.096829652786255}, "costs": {"total_cost": 183.29984208117423, "time_cost": 72.072, "final_distance_cost": 1.8375020981099224, "oscillation_cost": 22.266500176733956, "completition_cost": 0.0, "overshoot_cost": 51.20750390695912, "power_cost": 14.245800146484376, "noise_cost": 21.670535752886863, "n_waypoints_completed": 9, "tot_waypoints": 9}}
{"target": -227.85240060340905, "params": {"k_pid_pos": [0.3240687794099925, 0.006558994275474465, 0.0007007085041329945], "k_pid_alt": [0.3696707551310903, 0.003533329043272509, 0.021984982136124594], "k_pid_att": [50.992916307706544, 0.36138892704937337, 1.0], "k_pid_yaw": [0.5, 1e-06, 0.1], "k_pid_hsp": [0.08940379458701093, 0.012793371364201929, 0.0], "k_pid_vsp": [59.51638676005113, 108.21994443524348, 4.345356367722483]}, "datetime": {"datetime": "2025-08-11 23:59:56", "elapsed": 27275.87617278099, "delta": 25.152073621749878}, "costs": {"total_cost": 227.85240060340905, "time_cost": 103.453, "final_distance_cost": 1.8642101476276565, "oscillation_cost": 17.070817360925876, "completition_cost": 0.0, "overshoot_cost": 53.40152874361647, "power_cost": 19.356089294433595, "noise_cost": 32.706755056805456, "n_waypoints_completed": 9, "tot_waypoints": 9}}
