{"target": -191.6331140405031, "params": {"k_pid_pos": [0.7542528954601394, 0.006255239340545282, 0.0008217616309880412], "k_pid_alt": [1.555480597237656, 0.0075538214639025965, 0.015946054945152888], "k_pid_att": [26.566440841684383, 0.2726664775496102, 1.0], "k_pid_yaw": [0.5, 1e-06, 0.1], "k_pid_hsp": [0.05086514878969659, 0.010609882387254166, 0.0], "k_pid_vsp": [133.0307961383107, 114.91007469870107, 4.709622206692292]}, "datetime": {"datetime": "2025-08-11 23:04:35", "elapsed": 23954.420226812363, "delta": 20.0409574508667}, "costs": {"total_cost": 191.6331140405031, "time_cost": 76.559, "final_distance_cost": 1.7753975565524005, "oscillation_cost": 22.041879137784715, "completition_cost": 0.0, "overshoot_cost": 53.62227041376458, "power_cost": 14.951712463378907, "noise_cost": 22.682854469022494, "n_waypoints_completed": 9, "tot_waypoints": 9}}
{"target": -184.31026019247005, "params": {"k_pid_pos": [0.6362647389789727, 0.005485216758056448, 0.0010512790461106884], "k_pid_alt": [0.9213481465578663, 0.005631034425023225, 0.009659109422145965], "k_pid_att": [56.804508209292656, 0.12441329991717837, 1.0], "k_pid_yaw": [0.5, 1e-06, 0.1], "k_pid_hsp": [0.15375739476277103, 0.006309269477996395, 0.0], "k_pid_vsp": [131.57935683229098, 163.34101336876776, 5.16307301230152]}, "datetime": {"datetime": "2025-08-11 23:04:53", "elapsed": 23972.647830486298, "delta": 18.227603673934937}, "costs": {"total_cost": 184.31026019247005, "time_cost": 71.82000000000001, "final_distance_cost": 1.8322782960689719, "oscillation_cost": 24.692101757375525, "completition_cost": 0.0, "overshoot_cost": 50.23069943713948, "power_cost": 14.324020202636719, "noise_cost": 21.411160499249352, "n_waypoints_completed": 9, "tot_waypoints": 9}}
{"target": -183.10365911512952, "params": {"k_pid_pos": [0.5214397295406911, 0.008616693680791614, 0.0008135896930435097], "k_pid_alt": [1.197750220712609, 0.0036814142477050696, 0.014464138291170103], "k_pid_att": [44.139695368540174, 0.45382288785989594, 1.0], "k_pid_yaw": [0.5, 1e-06, 0.1], "k_pid_hsp": [0.11168099748311332, 0.013381581371284845, 0.0], "k_pid_vsp": [140.28177923468795, 156.4266649212597, 6.9530452028338265]}, "datetime": {"datetime": "2025-08-11 23:05:12", "elapsed": 23991.705366134644, "delta": 19.057535648345947}, "costs": {"total_cost": 183.10365911512952, "time_cost": 72.345, "final_distance_cost": 1.8485507620066752, "oscillation_cost": 22.06616344832461, "completition_cost": 0.0, "overshoot_cost": 50.76246850396305, "power_cost": 14.343854760742188, "noise_cost": 21.737621640093018, "n_waypoints_completed": 9, "tot_waypoints": 9}}
{"target": -184.81061431913133, "params": {"k_pid_pos": [0.752011956094005, 0.006740162022485397, 0.0010593324472209], "k_pid_alt": [1.6108515133615924, 0.005126392101412387, 0.007537581637339262], "k_pid_att": [57.34631504427034, 0.35895046724795177, 1.0], "k_pid_yaw": [0.5, 1e-06, 0.1], "k_pid_hsp": [0.08434517365355025, 0.008561788523779241, 0.0], "k_pid_vsp": [80.65762093355721, 124.93477792564045, 5.643971876256649]}, "datetime": {"datetime": "2025-08-11 23:05:29", "elapsed": 24009.215988874435, "delta": 17.51062273979187}, "costs": {"total_cost": 184.81061431913133, "time_cost": 71.932, "final_distance_cost": 1.789295055767085, "oscillation_cost": 24.335326494079613, "completition_cost": 0.0, "overshoot_cost": 51.063793946958285, "power_cost": 14.43712703857422, "noise_cost": 21.253071783752116, "n_waypoints_completed": 9, "tot_waypoints": 9}}
{"target": -182.07239105703744, "params": {"k_pid_pos": [0.5611019270334167, 0.005434814724807919, 0.00042924140593115904], "k_pid_alt": [1.5744920201428954, 0.007242097926429118, 0.019946087501975813], "k_pid_att": [26.658353866178928, 0.3219582379767965, 0.8866862873345388], "k_pid_yaw": [0.5, 1e-06, 0.1], "k_pid_hsp": [0.09368776000702946, 0.009231317426444357, 0.0], "k_pid_vsp": [57.273000848487186, 67.23659523238982, 5.98367178974341]}, "datetime": {"datetime": "2025-08-11 23:05:48", "elapsed": 24027.45100235939, "delta": 18.235013484954834}, "costs": {"total_cost": 182.07239105703744, "time_cost": 71.855, "final_distance_cost": 1.8323551831013956, "oscillation_cost": 21.172946901550496, "completition_cost": 0.0, "overshoot_cost": 51.653552352713206, "power_cost": 14.086598095703126, "noise_cost": 21.471938523969207, "n_waypoints_completed": 9, "tot_waypoints": 9}}
{"target": -186.55186621146294, "params": {"k_pid_pos": [0.7686082859239692, 0.006635184405879092, 0.00045436040400262124], "k_pid_alt": [0.9561588155423199, 0.0035992958184766512, 0.029154553331914818], "k_pid_att": [48.78651047122196, 0.33230989450011594, 1.0], "k_pid_yaw": [0.5, 1e-06, 0.1], "k_pid_hsp": [0.08365364443158142, 0.00836475767110289, 0.0], "k_pid_vsp": [105.7395443779403, 83.3611449459372, 10.53882958980322]}, "datetime": {"datetime": "2025-08-11 23:06:05", "elapsed": 24045.056346654892, "delta": 17.60534429550171}, "costs": {"total_cost": 186.55186621146294, "time_cost": 72.933, "final_distance_cost": 1.8182776544776929, "oscillation_cost": 24.408332572960546, "completition_cost": 0.0, "overshoot_cost": 50.75014749938217, "power_cost": 18.447309069824218, "noise_cost": 18.194799414818277, "n_waypoints_completed": 9, "tot_waypoints": 9}}
{"target": -187.26599395178454, "params": {"k_pid_pos": [0.7726075611282872, 0.008148969876143239, 0.0013993458814009815], "k_pid_alt": [0.8024649716046343, 0.005375864159311491, 0.009454176724127699], "k_pid_att": [53.509664966428126, 0.1371104698836989, 0.8992748427020963], "k_pid_yaw": [0.5, 1e-06, 0.1], "k_pid_hsp": [0.08175702866566324, 0.009538353784883179, 0.0], "k_pid_vsp": [84.59220175761756, 94.8208328698418, 3.937482602826289]}, "datetime": {"datetime": "2025-08-11 23:06:25", "elapsed": 24064.434480428696, "delta": 19.37813377380371}, "costs": {"total_cost": 187.26599395178454, "time_cost": 73.675, "final_distance_cost": 1.8028040231526474, "oscillation_cost": 24.63165709499275, "completition_cost": 0.0, "overshoot_cost": 51.08806716272191, "power_cost": 14.611507446289064, "noise_cost": 21.456958224628192, "n_waypoints_completed": 9, "tot_waypoints": 9}}
{"target": -251.63671052647015, "params": {"k_pid_pos": [0.6757786790120298, 0.0074128567558975214, 0.0008905426898363971], "k_pid_alt": [0.1867361165566199, 0.0040405087833485535, 0.025569716960140737], "k_pid_att": [49.571958725768354, 0.4318214177133175, 0.4933524295021026], "k_pid_yaw": [0.5, 1e-06, 0.1], "k_pid_hsp": [0.09777084546162917, 0.011832735727311363, 0.0], "k_pid_vsp": [89.05798101059376, 87.22998366391305, 8.683516444390088]}, "datetime": {"datetime": "2025-08-11 23:06:53", "elapsed": 24092.87193632126, "delta": 28.437455892562866}, "costs": {"total_cost": 251.63671052647015, "time_cost": 113.337, "final_distance_cost": 1.8615879412223273, "oscillation_cost": 26.817699816405085, "completition_cost": 0.0, "overshoot_cost": 55.43731187670167, "power_cost": 24.61260965576172, "noise_cost": 29.570501236379314, "n_waypoints_completed": 9, "tot_waypoints": 9}}
{"target": -188.85320420433578, "params": {"k_pid_pos": [0.5537649094873441, 0.00565256350116224, 0.0011152391545639964], "k_pid_alt": [0.8233037414313374, 0.002084256981845047, 0.030231387911715063], "k_pid_att": [54.2344710190517, 0.34462153828830216, 1.0], "k_pid_yaw": [0.5, 1e-06, 0.1], "k_pid_hsp": [0.06030442067158964, 0.013967448910490692, 0.0], "k_pid_vsp": [72.26772602231473, 122.32498594045347, 1.8268453971257055]}, "datetime": {"datetime": "2025-08-11 23:07:12", "elapsed": 24112.17439508438, "delta": 19.30245876312256}, "costs": {"total_cost": 188.85320420433578, "time_cost": 77.238, "final_distance_cost": 1.8100940124410019, "oscillation_cost": 20.60522585057654, "completition_cost": 0.0, "overshoot_cost": 51.97871581179198, "power_cost": 14.955985961914063, "noise_cost": 22.265182567612225, "n_waypoints_completed": 9, "tot_waypoints": 9}}
{"target": -185.91694283229054, "params": {"k_pid_pos": [0.7345803027292828, 0.0015698639200599392, 0.0012468008119936478], "k_pid_alt": [1.5466827787290354, 0.005129826636779075, 0.016042348134880233], "k_pid_att": [41.10497002497895, 0.24642418598635196, 1.0], "k_pid_yaw": [0.5, 1e-06, 0.1], "k_pid_hsp": [0.06914351430064429, 0.012281650776185704, 0.0], "k_pid_vsp": [92.70169570289397, 51.40167228205278, 7.628596940721842]}, "datetime": {"datetime": "2025-08-11 23:07:31", "elapsed": 24130.604526281357, "delta": 18.430131196975708}, "costs": {"total_cost": 185.91694283229054, "time_cost": 73.038, "final_distance_cost": 1.7777035395198224, "oscillation_cost": 23.679137143431166, "completition_cost": 0.0, "overshoot_cost": 51.621365999150306, "power_cost": 14.339695434570313, "noise_cost": 21.46104071561896, "n_waypoints_completed": 9, "tot_waypoints": 9}}
{"target": -185.34262915356098, "params": {"k_pid_pos": [0.3907304232737423, 0.00666871130944668, 0.0006545599694227799], "k_pid_alt": [1.5662789426212136, 0.0025547205180411143, 0.027739820054775002], "k_pid_att": [50.75681354971524, 0.27570660146363857, 1.0], "k_pid_yaw": [0.5, 1e-06, 0.1], "k_pid_hsp": [0.06845658025618313, 0.010297394862478063, 0.0], "k_pid_vsp": [81.76553811276365, 135.0122963583694, 8.318265709572467]}, "datetime": {"datetime": "2025-08-11 23:07:50", "elapsed": 24150.205696105957, "delta": 19.60116982460022}, "costs": {"total_cost": 185.34262915356098, "time_cost": 76.769, "final_distance_cost": 1.8298962787540287, "oscillation_cost": 16.213912936051535, "completition_cost": 0.0, "overshoot_cost": 52.63082612176969, "power_cost": 14.741731774902345, "noise_cost": 23.15726204208337, "n_waypoints_completed": 9, "tot_waypoints": 9}}
{"target": -183.99118140687588, "params": {"k_pid_pos": [0.5946349745124397, 0.004973940741794271, 0.0008013500693835364], "k_pid_alt": [1.0150241639090742, 0.00542772632693965, 0.0020371989647229214], "k_pid_att": [37.14573234809249, 0.38927046688107864, 1.0], "k_pid_yaw": [0.5, 1e-06, 0.1], "k_pid_hsp": [0.07918761202857143, 0.009038497348626502, 0.0], "k_pid_vsp": [136.82664513376162, 88.46837769378054, 4.874758871715181]}, "datetime": {"datetime": "2025-08-11 23:08:09", "elapsed": 24168.807666540146, "delta": 18.601970434188843}, "costs": {"total_cost": 183.99118140687588, "time_cost": 73.521, "final_distance_cost": 1.80022878865186, "oscillation_cost": 21.164346414261434, "completition_cost": 0.0, "overshoot_cost": 51.43510185848668, "power_cost": 14.3524494140625, "noise_cost": 21.718054931413402, "n_waypoints_completed": 9, "tot_waypoints": 9}}
{"target": -184.66203353857094, "params": {"k_pid_pos": [0.8100036050428218, 0.008597779354839402, 0.001127265771555313], "k_pid_alt": [1.2082500024597158, 0.004247869032888625, 0.01587547476593303], "k_pid_att": [24.485620860287682, 0.3074781781696326, 0.602794730902705], "k_pid_yaw": [0.5, 1e-06, 0.1], "k_pid_hsp": [0.09135216793002583, 0.00640854198249709, 0.0], "k_pid_vsp": [76.39520996841765, 131.08033478788707, 6.764593340082842]}, "datetime": {"datetime": "2025-08-11 23:08:27", "elapsed": 24186.37519645691, "delta": 17.567529916763306}, "costs": {"total_cost": 184.66203353857094, "time_cost": 71.70100000000001, "final_distance_cost": 1.79837289330721, "oscillation_cost": 25.01042581848907, "completition_cost": 0.0, "overshoot_cost": 50.81711650366037, "power_cost": 14.335569946289063, "noise_cost": 20.99954837682521, "n_waypoints_completed": 9, "tot_waypoints": 9}}
{"target": -182.8195838263016, "params": {"k_pid_pos": [0.47429091069207113, 0.0, 0.0010794979840211254], "k_pid_alt": [1.3198072975756838, 0.005861317895719438, 0.011997860785676781], "k_pid_att": [54.43001160944789, 0.219476717940478, 0.9879294608084829], "k_pid_yaw": [0.5, 1e-06, 0.1], "k_pid_hsp": [0.08126550394240926, 0.012384230946032998, 0.0], "k_pid_vsp": [101.43024287645362, 142.00815335707077, 5.3356284238988]}, "datetime": {"datetime": "2025-08-11 23:08:45", "elapsed": 24205.03665995598, "delta": 18.661463499069214}, "costs": {"total_cost": 182.8195838263016, "time_cost": 73.444, "final_distance_cost": 1.8427394352950144, "oscillation_cost": 19.495062424505132, "completition_cost": 0.0, "overshoot_cost": 51.70968261686913, "power_cost": 14.367533129882814, "noise_cost": 21.960566219749488, "n_waypoints_completed": 9, "tot_waypoints": 9}}
{"target": -185.04770341805315, "params": {"k_pid_pos": [0.43505390054711324, 0.006172551609317921, 0.0006828613527775553], "k_pid_alt": [1.006569385246835, 0.006767238481903955, 0.0215026280097956], "k_pid_att": [48.43202277713309, 0.33463000619811334, 1.0], "k_pid_yaw": [0.5, 1e-06, 0.1], "k_pid_hsp": [0.10176749416940645, 0.008671275922638479, 0.0], "k_pid_vsp": [93.27167113995783, 108.68166458118496, 1.8272032097426971]}, "datetime": {"datetime": "2025-08-11 23:09:04", "elapsed": 24223.486025333405, "delta": 18.449365377426147}, "costs": {"total_cost": 185.04770341805315, "time_cost": 74.907, "final_distance_cost": 1.8533311941255994, "oscillation_cost": 19.40139669838567, "completition_cost": 0.0, "overshoot_cost": 51.47071322915508, "power_cost": 14.56906737060547, "noise_cost": 22.84619492578133, "n_waypoints_completed": 9, "tot_waypoints": 9}}
{"target": -182.9714695276102, "params": {"k_pid_pos": [0.7176620215998447, 0.0038642123461770255, 0.0004350056307263932], "k_pid_alt": [1.4538083395984274, 0.004036644790862865, 0.017286112582147576], "k_pid_att": [49.29436308680246, 0.39005131593642917, 1.0], "k_pid_yaw": [0.5, 1e-06, 0.1], "k_pid_hsp": [0.10257882114103561, 0.015765751558535452, 0.0], "k_pid_vsp": [87.69321629802381, 117.22969485129401, 7.782216415329921]}, "datetime": {"datetime": "2025-08-11 23:09:21", "elapsed": 24241.2721824646, "delta": 17.78615713119507}, "costs": {"total_cost": 182.9714695276102, "time_cost": 70.609, "final_distance_cost": 1.8287050113835248, "oscillation_cost": 25.0959198914366, "completition_cost": 0.0, "overshoot_cost": 50.560219724255546, "power_cost": 14.166650476074219, "noise_cost": 20.710974424460307, "n_waypoints_completed": 9, "tot_waypoints": 9}}
{"target": -199.82113749457025, "params": {"k_pid_pos": [0.48397664075287183, 0.005478786680199014, 0.0009729285274524385], "k_pid_alt": [0.9029185919889384, 0.006111971038913248, 0.0], "k_pid_att": [64.86548880637766, 0.07303061189883872, 0.6371138114332077], "k_pid_yaw": [0.5, 1e-06, 0.1], "k_pid_hsp": [0.1242539744099475, 0.01457175745965677, 0.0], "k_pid_vsp": [0.0, 95.21202775582918, 5.93513974925144]}, "datetime": {"datetime": "2025-08-11 23:09:40", "elapsed": 24260.23729324341, "delta": 18.965110778808594}, "costs": {"total_cost": 199.82113749457025, "time_cost": 79.499, "final_distance_cost": 1.841104440946855, "oscillation_cost": 27.681522892704656, "completition_cost": 0.0, "overshoot_cost": 51.100167631038865, "power_cost": 19.136903186035155, "noise_cost": 20.562439343844712, "n_waypoints_completed": 9, "tot_waypoints": 9}}
{"target": -182.5538286820949, "params": {"k_pid_pos": [0.7239578510354407, 0.006558571206771856, 0.0008715159694105529], "k_pid_alt": [1.6510149747959593, 0.003612159972705435, 0.005914555033520938], "k_pid_att": [47.47004716222108, 0.13853458429490886, 0.8488699098606052], "k_pid_yaw": [0.5, 1e-06, 0.1], "k_pid_hsp": [0.09982122507159208, 0.011282249624671843, 0.0], "k_pid_vsp": [134.2468332756083, 119.77588742236578, 6.222249052971111]}, "datetime": {"datetime": "2025-08-11 23:09:58", "elapsed": 24278.175837278366, "delta": 17.938544034957886}, "costs": {"total_cost": 182.5538286820949, "time_cost": 70.553, "final_distance_cost": 1.804413579885418, "oscillation_cost": 24.48946440594133, "completition_cost": 0.0, "overshoot_cost": 50.62324332391433, "power_cost": 14.223826696777344, "noise_cost": 20.859880675576466, "n_waypoints_completed": 9, "tot_waypoints": 9}}
{"target": -183.72712265151029, "params": {"k_pid_pos": [0.6736304933198958, 0.004902575793483569, 0.0005267513805126404], "k_pid_alt": [2.0, 0.005250692217736226, 0.012040141294357614], "k_pid_att": [53.917951689829614, 0.3103494616451132, 1.0], "k_pid_yaw": [0.5, 1e-06, 0.1], "k_pid_hsp": [0.08923113165917522, 0.014727985703599941, 0.0], "k_pid_vsp": [112.06621794921466, 127.74463604837935, 4.086021538461638]}, "datetime": {"datetime": "2025-08-11 23:10:16", "elapsed": 24295.844126224518, "delta": 17.668288946151733}, "costs": {"total_cost": 183.72712265151029, "time_cost": 71.638, "final_distance_cost": 1.8203177899727634, "oscillation_cost": 24.15275657693096, "completition_cost": 0.0, "overshoot_cost": 50.62756938870509, "power_cost": 14.42110018310547, "noise_cost": 21.067378712796007, "n_waypoints_completed": 9, "tot_waypoints": 9}}
{"target": -185.82505585038768, "params": {"k_pid_pos": [0.5712474297576043, 0.00646551388320685, 0.0013635503642642844], "k_pid_alt": [1.2700479283922455, 0.005073422030101753, 0.0], "k_pid_att": [56.757687290748116, 0.3836797363317326, 1.0], "k_pid_yaw": [0.5, 1e-06, 0.1], "k_pid_hsp": [0.06396048642345378, 0.011051905053982652, 0.0], "k_pid_vsp": [125.74846962407986, 146.5440845179189, 3.919563590637157]}, "datetime": {"datetime": "2025-08-11 23:10:35", "elapsed": 24314.79447698593, "delta": 18.950350761413574}, "costs": {"total_cost": 185.82505585038768, "time_cost": 74.865, "final_distance_cost": 1.80526784997705, "oscillation_cost": 20.232627115298186, "completition_cost": 0.0, "overshoot_cost": 52.30061877092372, "power_cost": 14.564714367675782, "noise_cost": 22.05682774651297, "n_waypoints_completed": 9, "tot_waypoints": 9}}
{"target": -199.75499665418067, "params": {"k_pid_pos": [0.5762249182790352, 0.0064230127419241745, 0.0010281591118596355], "k_pid_alt": [1.4905504248204409, 0.0046491826185832835, 0.011298098192556073], "k_pid_att": [27.291634757420344, 0.4876502982599839, 1.0], "k_pid_yaw": [0.5, 1e-06, 0.1], "k_pid_hsp": [0.08108663330400012, 0.013400957453808307, 0.0], "k_pid_vsp": [0.0, 98.11740860751968, 4.3032920237616885]}, "datetime": {"datetime": "2025-08-11 23:10:54", "elapsed": 24333.9962079525, "delta": 19.201730966567993}, "costs": {"total_cost": 199.75499665418067, "time_cost": 78.449, "final_distance_cost": 1.8059500998058053, "oscillation_cost": 29.12158684795898, "completition_cost": 0.0, "overshoot_cost": 51.792879482111985, "power_cost": 19.19263552246094, "noise_cost": 19.39294470184298, "n_waypoints_completed": 9, "tot_waypoints": 9}}
{"target": -181.8623698785121, "params": {"k_pid_pos": [0.6542112554516918, 0.0063805095508676435, 0.0006722981566298214], "k_pid_alt": [1.5012650529468228, 0.00607210806539103, 0.00690009873120507], "k_pid_att": [27.28099844775777, 0.419678810383415, 0.9145253893285176], "k_pid_yaw": [0.5, 1e-06, 0.1], "k_pid_hsp": [0.12768141754540965, 0.010692233079070605, 0.0], "k_pid_vsp": [97.64741805609339, 131.17900845236252, 4.361868453631549]}, "datetime": {"datetime": "2025-08-11 23:11:12", "elapsed": 24351.944082260132, "delta": 17.947874307632446}, "costs": {"total_cost": 181.8623698785121, "time_cost": 70.315, "final_distance_cost": 1.8402807696120422, "oscillation_cost": 24.34847688819182, "completition_cost": 0.0, "overshoot_cost": 50.33742580857448, "power_cost": 14.120435131835938, "noise_cost": 20.900751280297868, "n_waypoints_completed": 9, "tot_waypoints": 9}}
{"target": -182.1238657765026, "params": {"k_pid_pos": [0.5294503254940318, 0.007249376934874541, 0.000838725568775651], "k_pid_alt": [1.9343268111618421, 0.004640921776670374, 0.01638115406489511], "k_pid_att": [50.02666785279421, 0.4754557667365233, 0.7705363944968623], "k_pid_yaw": [0.5, 1e-06, 0.1], "k_pid_hsp": [0.10471616690655455, 0.010300054210547914, 0.0], "k_pid_vsp": [67.30923405270572, 79.59899069196268, 7.394052843985837]}, "datetime": {"datetime": "2025-08-11 23:11:30", "elapsed": 24369.62292599678, "delta": 17.67884373664856}, "costs": {"total_cost": 182.1238657765026, "time_cost": 72.058, "final_distance_cost": 1.8343895591124764, "oscillation_cost": 21.37392877463212, "completition_cost": 0.0, "overshoot_cost": 50.98039825797549, "power_cost": 14.236788098144531, "noise_cost": 21.64036108663798, "n_waypoints_completed": 9, "tot_waypoints": 9}}
{"target": -190.94478703683637, "params": {"k_pid_pos": [0.5873737170291223, 0.0070859882095795764, 0.0009203798056669011], "k_pid_alt": [1.0970702475591836, 0.0022877860242817146, 0.013036873815965314], "k_pid_att": [37.75771386062354, 0.25949319644186325, 0.6298572757844827], "k_pid_yaw": [0.5, 1e-06, 0.1], "k_pid_hsp": [0.05152367405880437, 0.014756787293844498, 0.0], "k_pid_vsp": [96.1696957493768, 97.26832915973041, 5.09520483398412]}, "datetime": {"datetime": "2025-08-11 23:11:49", "elapsed": 24388.62537240982, "delta": 19.00244641304016}, "costs": {"total_cost": 190.94478703683637, "time_cost": 78.183, "final_distance_cost": 1.799697373928655, "oscillation_cost": 20.78495104197285, "completition_cost": 0.0, "overshoot_cost": 52.31290757745217, "power_cost": 15.069713012695313, "noise_cost": 22.79451803078739, "n_waypoints_completed": 9, "tot_waypoints": 9}}
{"target": -184.22259417007982, "params": {"k_pid_pos": [0.671951543053073, 0.0057566826256053305, 0.0008341609644892464], "k_pid_alt": [1.08856760905777, 0.005366448249917881, 0.030451016854451687], "k_pid_att": [59.236038645823186, 0.37109947376862323, 1.0], "k_pid_yaw": [0.5, 1e-06, 0.1], "k_pid_hsp": [0.083262957956573, 0.012387944494032703, 0.0], "k_pid_vsp": [53.82084062273007, 200.78046518082746, 7.59863077134469]}, "datetime": {"datetime": "2025-08-11 23:12:07", "elapsed": 24406.430452108383, "delta": 17.805079698562622}, "costs": {"total_cost": 184.22259417007982, "time_cost": 72.611, "final_distance_cost": 1.8054144523089843, "oscillation_cost": 23.62375414252237, "completition_cost": 0.0, "overshoot_cost": 50.457716164749584, "power_cost": 14.692309008789064, "noise_cost": 21.032400401709832, "n_waypoints_completed": 9, "tot_waypoints": 9}}
