{"target": -184.44458006205065, "params": {"k_pid_pos": [0.671177159583025, 0.006778340808326848, 0.000391863862084141], "k_pid_alt": [1.4124213401452466, 0.0048996630603629, 0.013474115108964188], "k_pid_att": [31.453551614114858, 0.3116076640033827, 0.6451278850659931], "k_pid_yaw": [0.5, 1e-06, 0.1], "k_pid_hsp": [0.07657666046149371, 0.008812895002363506, 0.0], "k_pid_vsp": [96.85373694695859, 139.03706861883535, 6.280279418746267]}, "datetime": {"datetime": "2025-08-12 01:50:13", "elapsed": 33892.66702628136, "delta": 18.48909282684326}, "costs": {"total_cost": 184.44458006205065, "time_cost": 72.863, "final_distance_cost": 1.789925746203056, "oscillation_cost": 22.620574604105343, "completition_cost": 0.0, "overshoot_cost": 51.28230026335729, "power_cost": 14.403494238281251, "noise_cost": 21.48528521010372, "n_waypoints_completed": 9, "tot_waypoints": 9}}
{"target": -182.33351231669923, "params": {"k_pid_pos": [0.603457886466889, 0.0054141067628000325, 0.000447039879775168], "k_pid_alt": [1.660989298783641, 0.0046306000451415115, 0.008300684921937368], "k_pid_att": [38.494333001142294, 0.35796355134227387, 1.0], "k_pid_yaw": [0.5, 1e-06, 0.1], "k_pid_hsp": [0.08723786401289789, 0.01140190674257111, 0.0], "k_pid_vsp": [89.3133713458082, 102.3656677948935, 6.029161951494305]}, "datetime": {"datetime": "2025-08-12 01:50:31", "elapsed": 33911.18424105644, "delta": 18.51721477508545}, "costs": {"total_cost": 182.33351231669923, "time_cost": 72.044, "final_distance_cost": 1.8221814301367516, "oscillation_cost": 22.05154102897344, "completition_cost": 0.0, "overshoot_cost": 50.825718750259874, "power_cost": 14.268047021484376, "noise_cost": 21.322024085844788, "n_waypoints_completed": 9, "tot_waypoints": 9}}
{"target": -183.82577211905473, "params": {"k_pid_pos": [0.5358690388538893, 0.0063573896286507475, 0.0006621110559180275], "k_pid_alt": [1.3201352933178956, 0.004579864105218034, 0.007337527523429814], "k_pid_att": [33.37012513882893, 0.2876275107461498, 0.9464217311226677], "k_pid_yaw": [0.5, 1e-06, 0.1], "k_pid_hsp": [0.12671418642744062, 0.010953572157795466, 0.0], "k_pid_vsp": [122.31245105180965, 97.06741926665775, 5.856958982298077]}, "datetime": {"datetime": "2025-08-12 01:50:49", "elapsed": 33929.09723329544, "delta": 17.912992238998413}, "costs": {"total_cost": 183.82577211905473, "time_cost": 72.142, "final_distance_cost": 1.8459933974355625, "oscillation_cost": 22.799309603908874, "completition_cost": 0.0, "overshoot_cost": 50.81083474854568, "power_cost": 14.369164025878908, "noise_cost": 21.858470343285695, "n_waypoints_completed": 9, "tot_waypoints": 9}}
{"target": -181.49563318396025, "params": {"k_pid_pos": [0.6052291545779441, 0.00609593593233963, 0.0006235461500593273], "k_pid_alt": [1.2625875544932033, 0.004888755084096586, 0.005784900666011723], "k_pid_att": [21.6389164570127, 0.3799306343860957, 0.9723109030401478], "k_pid_yaw": [0.5, 1e-06, 0.1], "k_pid_hsp": [0.09173839608074634, 0.008221535579362055, 0.0], "k_pid_vsp": [139.4890437031056, 72.13857863062215, 4.771045608074249]}, "datetime": {"datetime": "2025-08-12 01:51:09", "elapsed": 33949.13182115555, "delta": 20.034587860107422}, "costs": {"total_cost": 181.49563318396025, "time_cost": 71.624, "final_distance_cost": 1.822600179154219, "oscillation_cost": 21.513140258881624, "completition_cost": 0.0, "overshoot_cost": 51.04544853740728, "power_cost": 14.115286779785157, "noise_cost": 21.375157428732003, "n_waypoints_completed": 9, "tot_waypoints": 9}}
{"target": -183.04260608628917, "params": {"k_pid_pos": [0.631555790453182, 0.004552580990766603, 0.0005225240475377422], "k_pid_alt": [1.2372700208569445, 0.003839464332078347, 0.011561632659490962], "k_pid_att": [21.357726049782418, 0.35349198028672824, 1.0], "k_pid_yaw": [0.5, 1e-06, 0.1], "k_pid_hsp": [0.08071111487674347, 0.00601711859584465, 0.0], "k_pid_vsp": [102.12616144180379, 94.58712909643434, 5.633649604994335]}, "datetime": {"datetime": "2025-08-12 01:51:28", "elapsed": 33968.27092504501, "delta": 19.139103889465332}, "costs": {"total_cost": 183.04260608628917, "time_cost": 72.821, "final_distance_cost": 1.7899912565405047, "oscillation_cost": 21.092435527207407, "completition_cost": 0.0, "overshoot_cost": 51.41007514910509, "power_cost": 14.259231005859375, "noise_cost": 21.669873147576784, "n_waypoints_completed": 9, "tot_waypoints": 9}}
{"target": -183.00835094199778, "params": {"k_pid_pos": [0.43527428128934914, 0.00683012488685712, 0.0006740074375197534], "k_pid_alt": [1.4213008255968373, 0.005134758730041305, 0.011375138229212317], "k_pid_att": [35.016685581599916, 0.35038856247426925, 0.8371753255277845], "k_pid_yaw": [0.5, 1e-06, 0.1], "k_pid_hsp": [0.09217262707435471, 0.0061421975101233995, 0.0], "k_pid_vsp": [117.81644372985477, 147.60858593063082, 4.0371531479336324]}, "datetime": {"datetime": "2025-08-12 01:51:47", "elapsed": 33987.02393746376, "delta": 18.75301241874695}, "costs": {"total_cost": 183.00835094199778, "time_cost": 74.151, "final_distance_cost": 1.8329045293991768, "oscillation_cost": 18.15779930485542, "completition_cost": 0.0, "overshoot_cost": 51.911242074673694, "power_cost": 14.4514083984375, "noise_cost": 22.503996634631996, "n_waypoints_completed": 9, "tot_waypoints": 9}}
{"target": -186.49668162187444, "params": {"k_pid_pos": [0.4481330758322861, 0.006144444324022146, 0.000687117288545415], "k_pid_alt": [1.6715592482719845, 0.003698982036811186, 0.00888431811253183], "k_pid_att": [32.594531930922344, 0.4978286798588127, 0.856482809305699], "k_pid_yaw": [0.5, 1e-06, 0.1], "k_pid_hsp": [0.12619811906773007, 0.008836199719330464, 0.0], "k_pid_vsp": [141.05417967683096, 96.35256634765653, 5.173448450598841]}, "datetime": {"datetime": "2025-08-12 01:52:05", "elapsed": 34005.24599337578, "delta": 18.222055912017822}, "costs": {"total_cost": 186.49668162187444, "time_cost": 74.697, "final_distance_cost": 1.8540588317482576, "oscillation_cost": 20.90122905174359, "completition_cost": 0.0, "overshoot_cost": 51.42739474363712, "power_cost": 14.6057375, "noise_cost": 23.011261494745447, "n_waypoints_completed": 9, "tot_waypoints": 9}}
{"target": -190.64548155421187, "params": {"k_pid_pos": [0.3856332826579016, 0.0066600883344673486, 0.00041795077571162687], "k_pid_alt": [0.8180098198028052, 0.004858378243789622, 0.011604531347445735], "k_pid_att": [27.445974656717436, 0.4296397055632715, 0.7734475889040789], "k_pid_yaw": [0.5, 1e-06, 0.1], "k_pid_hsp": [0.11164914642539552, 0.006021044629886671, 0.0], "k_pid_vsp": [114.04884974302855, 147.2924841362273, 4.868087506847673]}, "datetime": {"datetime": "2025-08-12 01:52:26", "elapsed": 34025.474415540695, "delta": 20.228422164916992}, "costs": {"total_cost": 190.64548155421187, "time_cost": 78.82000000000001, "final_distance_cost": 1.8576740875474682, "oscillation_cost": 18.28114539512548, "completition_cost": 0.0, "overshoot_cost": 52.37957695758615, "power_cost": 15.108501525878907, "noise_cost": 24.19858358807387, "n_waypoints_completed": 9, "tot_waypoints": 9}}
{"target": -184.5600868058051, "params": {"k_pid_pos": [0.6033788101684278, 0.005395840637134232, 0.000507959783914135], "k_pid_alt": [1.3329912894520668, 0.00517598861376153, 0.006359880269178404], "k_pid_att": [24.141819508619104, 0.41982808879003225, 1.0], "k_pid_yaw": [0.5, 1e-06, 0.1], "k_pid_hsp": [0.0757797975224634, 0.006609911231389288, 0.0], "k_pid_vsp": [122.62269766286023, 68.54382370126446, 7.3507570091683725]}, "datetime": {"datetime": "2025-08-12 01:52:45", "elapsed": 34044.60889816284, "delta": 19.134482622146606}, "costs": {"total_cost": 184.5600868058051, "time_cost": 73.675, "final_distance_cost": 1.8086859264158488, "oscillation_cost": 20.57284658959097, "completition_cost": 0.0, "overshoot_cost": 52.13156520950451, "power_cost": 14.376896740722657, "noise_cost": 21.995092339571126, "n_waypoints_completed": 9, "tot_waypoints": 9}}
{"target": -183.37182841411928, "params": {"k_pid_pos": [0.4309576842990286, 0.005738209189852204, 0.0006805295049617638], "k_pid_alt": [1.352351238998937, 0.0053349968384857555, 0.007104195577151365], "k_pid_att": [37.186101540188275, 0.42546636259095366, 0.9966940164564336], "k_pid_yaw": [0.5, 1e-06, 0.1], "k_pid_hsp": [0.0879122664017193, 0.006919094980171378, 0.0], "k_pid_vsp": [94.37900475070165, 101.2152866012247, 5.285218522124661]}, "datetime": {"datetime": "2025-08-12 01:53:03", "elapsed": 34063.25169754028, "delta": 18.642799377441406}, "costs": {"total_cost": 183.37182841411928, "time_cost": 74.305, "final_distance_cost": 1.837174907311715, "oscillation_cost": 17.96013575296885, "completition_cost": 0.0, "overshoot_cost": 52.25141774691145, "power_cost": 14.43209716796875, "noise_cost": 22.58600283895851, "n_waypoints_completed": 9, "tot_waypoints": 9}}
{"target": -184.43694898328482, "params": {"k_pid_pos": [0.7195919560124278, 0.005376885987572057, 0.0004739480822959056], "k_pid_alt": [1.3986280003279126, 0.005133315589877963, 0.0107359876786366], "k_pid_att": [28.92083503931346, 0.44116324420775216, 1.0], "k_pid_yaw": [0.5, 1e-06, 0.1], "k_pid_hsp": [0.08131369311912469, 0.009148168065812284, 0.0], "k_pid_vsp": [102.05013341274878, 140.52084160507235, 7.0104254210571]}, "datetime": {"datetime": "2025-08-12 01:53:23", "elapsed": 34082.84073114395, "delta": 19.589033603668213}, "costs": {"total_cost": 184.43694898328482, "time_cost": 72.247, "final_distance_cost": 1.7918808307384972, "oscillation_cost": 23.59444333212077, "completition_cost": 0.0, "overshoot_cost": 51.29451303855483, "power_cost": 14.344557202148438, "noise_cost": 21.164554579722278, "n_waypoints_completed": 9, "tot_waypoints": 9}}
{"target": -182.19084818615173, "params": {"k_pid_pos": [0.48362002005157256, 0.005956805438814242, 0.0006775980111949402], "k_pid_alt": [1.3694359737756665, 0.0043819869981653325, 0.007930744667616577], "k_pid_att": [28.91772067447469, 0.2879259068232794, 0.7799877525068015], "k_pid_yaw": [0.5, 1e-06, 0.1], "k_pid_hsp": [0.09374314730271184, 0.010827262721574518, 0.0], "k_pid_vsp": [78.23750130823237, 122.94804196753769, 7.450001667609068]}, "datetime": {"datetime": "2025-08-12 01:53:41", "elapsed": 34100.80227136612, "delta": 17.96154022216797}, "costs": {"total_cost": 182.19084818615173, "time_cost": 72.849, "final_distance_cost": 1.8349263711085975, "oscillation_cost": 20.09436092210494, "completition_cost": 0.0, "overshoot_cost": 51.14539709452223, "power_cost": 14.327531274414063, "noise_cost": 21.939632524001894, "n_waypoints_completed": 9, "tot_waypoints": 9}}
{"target": -181.94925325573888, "params": {"k_pid_pos": [0.6743071440804687, 0.005636453049613458, 0.00036929890113560835], "k_pid_alt": [1.3381310211726827, 0.003946536645439643, 0.0014476023190490963], "k_pid_att": [26.915846000632683, 0.39514419718518273, 0.8852865359477896], "k_pid_yaw": [0.5, 1e-06, 0.1], "k_pid_hsp": [0.10182749744136958, 0.009650881651802598, 0.0], "k_pid_vsp": [103.03284193678218, 124.33717465409593, 7.443173113468561]}, "datetime": {"datetime": "2025-08-12 01:53:59", "elapsed": 34119.21419239044, "delta": 18.41192102432251}, "costs": {"total_cost": 181.94925325573888, "time_cost": 70.56, "final_distance_cost": 1.8314534967380314, "oscillation_cost": 23.56635858577654, "completition_cost": 0.0, "overshoot_cost": 50.9219316704181, "power_cost": 14.167295227050783, "noise_cost": 20.902214275755437, "n_waypoints_completed": 9, "tot_waypoints": 9}}
{"target": -181.43250703312262, "params": {"k_pid_pos": [0.5508589199376399, 0.006568073475155465, 0.0005336130968388585], "k_pid_alt": [1.3315580429159373, 0.005700865269277366, 0.009935957181130406], "k_pid_att": [33.00974643410874, 0.3732065774995464, 0.7125836564603841], "k_pid_yaw": [0.5, 1e-06, 0.1], "k_pid_hsp": [0.1018546822145822, 0.007397886319773034, 0.0], "k_pid_vsp": [102.01782940633177, 116.5154446120717, 5.385014577833175]}, "datetime": {"datetime": "2025-08-12 01:54:18", "elapsed": 34137.63132452965, "delta": 18.417132139205933}, "costs": {"total_cost": 181.43250703312262, "time_cost": 71.715, "final_distance_cost": 1.8247279789441255, "oscillation_cost": 21.180231479998646, "completition_cost": 0.0, "overshoot_cost": 51.18873327377914, "power_cost": 14.117771643066407, "noise_cost": 21.406042657334268, "n_waypoints_completed": 9, "tot_waypoints": 9}}
{"target": -182.1194341270459, "params": {"k_pid_pos": [0.6512097737448337, 0.005955525487992048, 0.0006314454096100092], "k_pid_alt": [1.4867915560940907, 0.004252203243599016, 0.008652300927500063], "k_pid_att": [33.542283299710405, 0.35410286434243426, 1.0], "k_pid_yaw": [0.5, 1e-06, 0.1], "k_pid_hsp": [0.09271784486419586, 0.008755257211653864, 0.0], "k_pid_vsp": [120.11237693086032, 115.67328138208795, 4.6838965253959435]}, "datetime": {"datetime": "2025-08-12 01:54:36", "elapsed": 34155.72673153877, "delta": 18.095407009124756}, "costs": {"total_cost": 182.1194341270459, "time_cost": 71.134, "final_distance_cost": 1.826635303826677, "oscillation_cost": 22.768694940011134, "completition_cost": 0.0, "overshoot_cost": 51.089472663062026, "power_cost": 14.197696679687501, "noise_cost": 21.102934540458563, "n_waypoints_completed": 9, "tot_waypoints": 9}}
{"target": -183.66529671317082, "params": {"k_pid_pos": [0.7656812220534999, 0.005009317070504646, 0.000704983850881291], "k_pid_alt": [1.5015882367053492, 0.0055407776448954905, 0.005563836949879923], "k_pid_att": [25.193676706597525, 0.444112484312674, 1.0], "k_pid_yaw": [0.5, 1e-06, 0.1], "k_pid_hsp": [0.09582437593721956, 0.011543602078976515, 0.0], "k_pid_vsp": [90.99717811214187, 105.64001348797048, 5.069139335526622]}, "datetime": {"datetime": "2025-08-12 01:54:54", "elapsed": 34173.46686720848, "delta": 17.740135669708252}, "costs": {"total_cost": 183.66529671317082, "time_cost": 70.903, "final_distance_cost": 1.8154520905800349, "oscillation_cost": 24.901334992538096, "completition_cost": 0.0, "overshoot_cost": 50.96274874749259, "power_cost": 14.221716137695314, "noise_cost": 20.861044744864763, "n_waypoints_completed": 9, "tot_waypoints": 9}}
{"target": -181.8333437107012, "params": {"k_pid_pos": [0.5700252172732941, 0.0060846643407723965, 0.0006637184470784326], "k_pid_alt": [1.2813374641813893, 0.004700952032366017, 0.00760842823452353], "k_pid_att": [26.75469862140152, 0.344207281586052, 0.8851667678706215], "k_pid_yaw": [0.5, 1e-06, 0.1], "k_pid_hsp": [0.10254356926031821, 0.0094956371744142, 0.0], "k_pid_vsp": [105.7776860151706, 105.06782946513069, 6.857274409762681]}, "datetime": {"datetime": "2025-08-12 01:55:13", "elapsed": 34192.44133520126, "delta": 18.974467992782593}, "costs": {"total_cost": 181.8333437107012, "time_cost": 71.46300000000001, "final_distance_cost": 1.8352780002262272, "oscillation_cost": 22.02464749902081, "completition_cost": 0.0, "overshoot_cost": 51.01956410565704, "power_cost": 14.133150683593751, "noise_cost": 21.357703422203375, "n_waypoints_completed": 9, "tot_waypoints": 9}}
{"target": -183.06645279747204, "params": {"k_pid_pos": [0.607823791842185, 0.005801972126064855, 0.0006335574628744846], "k_pid_alt": [1.619624362564936, 0.005116610398211051, 0.004282229245163075], "k_pid_att": [36.547649204961886, 0.42909945155481416, 0.62821943160859], "k_pid_yaw": [0.5, 1e-06, 0.1], "k_pid_hsp": [0.08170064286034484, 0.005864573654445587, 0.0], "k_pid_vsp": [99.15651319385653, 105.76894252566323, 5.78580658904103]}, "datetime": {"datetime": "2025-08-12 01:55:31", "elapsed": 34210.572232961655, "delta": 18.130897760391235}, "costs": {"total_cost": 183.06645279747204, "time_cost": 72.45, "final_distance_cost": 1.8244225798999092, "oscillation_cost": 21.118442859217552, "completition_cost": 0.0, "overshoot_cost": 51.70188252951091, "power_cost": 14.254502844238282, "noise_cost": 21.717201984605378, "n_waypoints_completed": 9, "tot_waypoints": 9}}
{"target": -182.70993371822723, "params": {"k_pid_pos": [0.6051125996229997, 0.005813744842876602, 0.000753744358234964], "k_pid_alt": [1.597744118736223, 0.003457161407930108, 0.006288849427059845], "k_pid_att": [32.64918202231848, 0.4393029708562164, 0.8371944117823854], "k_pid_yaw": [0.5, 1e-06, 0.1], "k_pid_hsp": [0.08596179327881974, 0.009113054510455012, 0.0], "k_pid_vsp": [144.35691842629168, 136.00317172135973, 5.339882126305717]}, "datetime": {"datetime": "2025-08-12 01:55:49", "elapsed": 34228.81431436539, "delta": 18.2420814037323}, "costs": {"total_cost": 182.70993371822723, "time_cost": 71.995, "final_distance_cost": 1.804608293282375, "oscillation_cost": 21.694381877411665, "completition_cost": 0.0, "overshoot_cost": 51.64414748000688, "power_cost": 14.200587780761719, "noise_cost": 21.37120828676461, "n_waypoints_completed": 9, "tot_waypoints": 9}}
{"target": -183.4848098847108, "params": {"k_pid_pos": [0.4095205158786393, 0.006073384036378676, 0.0006793678417465554], "k_pid_alt": [1.6718077975753995, 0.004480081927028301, 0.0006931546914289854], "k_pid_att": [28.042289780508284, 0.38672060261592783, 1.0], "k_pid_yaw": [0.5, 1e-06, 0.1], "k_pid_hsp": [0.07513479279229056, 0.009283593811403043, 0.0], "k_pid_vsp": [106.41680284195054, 113.14479850290088, 7.398739768841442]}, "datetime": {"datetime": "2025-08-12 01:56:07", "elapsed": 34247.35303616524, "delta": 18.538721799850464}, "costs": {"total_cost": 183.4848098847108, "time_cost": 75.208, "final_distance_cost": 1.8435614053984768, "oscillation_cost": 16.981611605204666, "completition_cost": 0.0, "overshoot_cost": 52.208378414175094, "power_cost": 14.440261791992189, "noise_cost": 22.802996667940384, "n_waypoints_completed": 9, "tot_waypoints": 9}}
{"target": -185.36953579413137, "params": {"k_pid_pos": [0.4598154053741612, 0.0053525598148371776, 0.0010255010846207339], "k_pid_alt": [1.0247227659259097, 0.005010354395192745, 0.009737710492346605], "k_pid_att": [21.720714285202465, 0.3604441659821191, 1.0], "k_pid_yaw": [0.5, 1e-06, 0.1], "k_pid_hsp": [0.06934253924243117, 0.008752278876409114, 0.0], "k_pid_vsp": [78.29600024023394, 88.64540478636893, 4.6219505203160125]}, "datetime": {"datetime": "2025-08-12 01:56:28", "elapsed": 34267.6004114151, "delta": 20.24737524986267}, "costs": {"total_cost": 185.36953579413137, "time_cost": 76.19500000000001, "final_distance_cost": 1.8106344844349092, "oscillation_cost": 17.417860601226526, "completition_cost": 0.0, "overshoot_cost": 52.521334837627755, "power_cost": 14.677160852050783, "noise_cost": 22.747545018791385, "n_waypoints_completed": 9, "tot_waypoints": 9}}
{"target": -182.1080582903103, "params": {"k_pid_pos": [0.5919696592606476, 0.0045257740115798315, 0.0007197930619998472], "k_pid_alt": [1.7062504903321358, 0.00630511278165258, 0.01003366234564068], "k_pid_att": [34.41653347927516, 0.2504140436165989, 0.6079718634290688], "k_pid_yaw": [0.5, 1e-06, 0.1], "k_pid_hsp": [0.08749232280276785, 0.007676446938108083, 0.0], "k_pid_vsp": [101.54542371546678, 120.87965277637966, 8.455866743787473]}, "datetime": {"datetime": "2025-08-12 01:56:46", "elapsed": 34285.735283613205, "delta": 18.13487219810486}, "costs": {"total_cost": 182.1080582903103, "time_cost": 71.827, "final_distance_cost": 1.8101217787137025, "oscillation_cost": 21.369851833405882, "completition_cost": 0.0, "overshoot_cost": 51.28961444726183, "power_cost": 15.250756982421876, "noise_cost": 20.560713248506993, "n_waypoints_completed": 9, "tot_waypoints": 9}}
{"target": -181.94129456723184, "params": {"k_pid_pos": [0.6436616698172487, 0.005698756418372568, 0.0006484834979639533], "k_pid_alt": [1.6120634914846568, 0.004632050367927894, 0.008720109451055533], "k_pid_att": [31.073597733232262, 0.35629746641625415, 0.812303629224448], "k_pid_yaw": [0.5, 1e-06, 0.1], "k_pid_hsp": [0.10038782554574999, 0.008418132302554922, 0.0], "k_pid_vsp": [139.97919719604576, 116.0630806295244, 5.2081859847065965]}, "datetime": {"datetime": "2025-08-12 01:57:04", "elapsed": 34304.22592687607, "delta": 18.49064326286316}, "costs": {"total_cost": 181.94129456723184, "time_cost": 70.84700000000001, "final_distance_cost": 1.8157633260738437, "oscillation_cost": 22.999277492339218, "completition_cost": 0.0, "overshoot_cost": 51.16545792973533, "power_cost": 14.117725903320313, "noise_cost": 20.99606991576312, "n_waypoints_completed": 9, "tot_waypoints": 9}}
{"target": -182.13010943020356, "params": {"k_pid_pos": [0.5193876976283137, 0.006355714807199778, 0.0007278866677468544], "k_pid_alt": [2.0, 0.005067067990275654, 0.0016269825197966577], "k_pid_att": [17.227694261156895, 0.45451967265459164, 0.8229655972427419], "k_pid_yaw": [0.5, 1e-06, 0.1], "k_pid_hsp": [0.09757285363521957, 0.011509357247644354, 0.0], "k_pid_vsp": [126.74257679455047, 115.46031339551773, 5.113071322414796]}, "datetime": {"datetime": "2025-08-12 01:57:23", "elapsed": 34323.11134624481, "delta": 18.885419368743896}, "costs": {"total_cost": 182.13010943020356, "time_cost": 72.261, "final_distance_cost": 1.836940036606025, "oscillation_cost": 20.852104432693263, "completition_cost": 0.0, "overshoot_cost": 51.286659873441394, "power_cost": 14.261120654296876, "noise_cost": 21.632284433166006, "n_waypoints_completed": 9, "tot_waypoints": 9}}
{"target": -181.62849282096354, "params": {"k_pid_pos": [0.6284444164253763, 0.005297256942686709, 0.0007961147874733991], "k_pid_alt": [1.2303111828458044, 0.0036152943807170788, 0.007803275385053279], "k_pid_att": [38.31390932800012, 0.32852628890567753, 0.8039932489096699], "k_pid_yaw": [0.5, 1e-06, 0.1], "k_pid_hsp": [0.09579475887807326, 0.010408627922948232, 0.0], "k_pid_vsp": [149.9303732168545, 125.55345679633577, 5.628587585988195]}, "datetime": {"datetime": "2025-08-12 01:57:41", "elapsed": 34340.650005340576, "delta": 17.53865909576416}, "costs": {"total_cost": 181.62849282096354, "time_cost": 71.19, "final_distance_cost": 1.8253874055329637, "oscillation_cost": 22.685617780601337, "completition_cost": 0.0, "overshoot_cost": 50.8183687239998, "power_cost": 14.121870544433595, "noise_cost": 20.987248366395853, "n_waypoints_completed": 9, "tot_waypoints": 9}}
