{"target": -181.97759052376702, "params": {"k_pid_pos": [0.5577785107513749, 0.007593939495871323, 0.0016618033387411546], "k_pid_alt": [1.209429605974668, 0.004234971723987299, 0.031321276553037555], "k_pid_att": [40.31149759964402, 0.35763683546962444, 0.8246399404775309], "k_pid_yaw": [0.5, 1e-06, 0.1], "k_pid_hsp": [0.10032014811857932, 0.01342744656111707, 0.0], "k_pid_vsp": [64.31609606613057, 154.66736277818902, 6.072462875362231]}, "datetime": {"datetime": "2025-08-11 20:52:54", "elapsed": 16054.083707332611, "delta": 17.985978841781616}, "costs": {"total_cost": 181.97759052376702, "time_cost": 71.659, "final_distance_cost": 1.8298145988623495, "oscillation_cost": 22.35527054100155, "completition_cost": 0.0, "overshoot_cost": 50.65028116512485, "power_cost": 14.265088342285157, "noise_cost": 21.21813587649309, "n_waypoints_completed": 9, "tot_waypoints": 9}}
{"target": -202.5093545332106, "params": {"k_pid_pos": [0.440034597892977, 0.015232304615174464, 0.0008734252014195822], "k_pid_alt": [1.7995914016317485, 0.007620353622668518, 0.03553689854516346], "k_pid_att": [51.26717091629005, 0.6255051549259318, 0.7820369314514798], "k_pid_yaw": [0.5, 1e-06, 0.1], "k_pid_hsp": [0.09752120994525541, 0.010480888235659796, 0.0], "k_pid_vsp": [0.0, 88.63316723798782, 6.295441186177386]}, "datetime": {"datetime": "2025-08-11 20:53:15", "elapsed": 16074.518391132355, "delta": 20.434683799743652}, "costs": {"total_cost": 202.5093545332106, "time_cost": 81.711, "final_distance_cost": 1.8425273581809194, "oscillation_cost": 23.13669494334925, "completition_cost": 0.0, "overshoot_cost": 54.857720838925054, "power_cost": 19.530036230468752, "noise_cost": 21.431375162286617, "n_waypoints_completed": 9, "tot_waypoints": 9}}
{"target": -192.42722778973257, "params": {"k_pid_pos": [0.4679143659087863, 0.02513548123120383, 0.0007251075788134217], "k_pid_alt": [1.715348442896352, 0.004033114559597409, 0.023127982670752997], "k_pid_att": [40.80162220051907, 0.41001958077113704, 0.46163954063049834], "k_pid_yaw": [0.5, 1e-06, 0.1], "k_pid_hsp": [0.050313993303906145, 0.011147875814898628, 0.0], "k_pid_vsp": [76.47677317352101, 98.99059485098748, 8.400149624008924]}, "datetime": {"datetime": "2025-08-11 20:53:36", "elapsed": 16095.517731904984, "delta": 20.999340772628784}, "costs": {"total_cost": 192.42722778973257, "time_cost": 80.157, "final_distance_cost": 1.7774833754611512, "oscillation_cost": 16.79915827824774, "completition_cost": 0.0, "overshoot_cost": 54.318213311322666, "power_cost": 15.483813403320314, "noise_cost": 23.891559421380684, "n_waypoints_completed": 9, "tot_waypoints": 9}}
{"target": -188.21798346728488, "params": {"k_pid_pos": [0.6216920610575513, 0.013749930935778221, 0.0], "k_pid_alt": [0.6199946028203283, 0.0018622673594155266, 0.03810812886191384], "k_pid_att": [42.390016300384524, 0.350780999338646, 1.0], "k_pid_yaw": [0.5, 1e-06, 0.1], "k_pid_hsp": [0.08939948519326607, 0.009474816621030242, 0.0], "k_pid_vsp": [44.74073539549871, 82.21367405904914, 5.150029246196206]}, "datetime": {"datetime": "2025-08-11 20:53:55", "elapsed": 16114.846534729004, "delta": 19.328802824020386}, "costs": {"total_cost": 188.21798346728488, "time_cost": 76.398, "final_distance_cost": 1.817530223966501, "oscillation_cost": 22.57736194410861, "completition_cost": 0.0, "overshoot_cost": 50.5953086697976, "power_cost": 14.914570288085939, "noise_cost": 21.915212341326235, "n_waypoints_completed": 9, "tot_waypoints": 9}}
{"target": -185.71861719994234, "params": {"k_pid_pos": [0.4669091856451411, 0.008371283194404834, 0.0020610523403292186], "k_pid_alt": [0.8915192854618624, 0.00026595148493063536, 0.04457320162741294], "k_pid_att": [61.181840156985835, 0.5658735643344026, 0.64004743927647], "k_pid_yaw": [0.5, 1e-06, 0.1], "k_pid_hsp": [0.10461983451274297, 0.006029907270443669, 0.0], "k_pid_vsp": [32.94576311832639, 165.8524399596447, 3.336029865643971]}, "datetime": {"datetime": "2025-08-11 20:54:14", "elapsed": 16133.633309602737, "delta": 18.78677487373352}, "costs": {"total_cost": 185.71861719994234, "time_cost": 75.166, "final_distance_cost": 1.8370346881523645, "oscillation_cost": 20.336543220745476, "completition_cost": 0.0, "overshoot_cost": 51.250058661473176, "power_cost": 14.938095385742189, "noise_cost": 22.190885243829147, "n_waypoints_completed": 9, "tot_waypoints": 9}}
{"target": -187.77357390311383, "params": {"k_pid_pos": [0.4751983300255847, 0.016344922701204117, 0.0], "k_pid_alt": [0.6162757696244044, 0.005799917998635544, 0.02675682660081699], "k_pid_att": [39.081329431578716, 0.0001, 1.0], "k_pid_yaw": [0.5, 1e-06, 0.1], "k_pid_hsp": [0.1040443212764135, 0.015001024424532772, 0.0], "k_pid_vsp": [56.2806061600892, 34.62494068767234, 5.899565507837674]}, "datetime": {"datetime": "2025-08-11 20:54:33", "elapsed": 16152.48042178154, "delta": 18.84711217880249}, "costs": {"total_cost": 187.77357390311383, "time_cost": 76.167, "final_distance_cost": 1.8392058506366282, "oscillation_cost": 21.003313939723103, "completition_cost": 0.0, "overshoot_cost": 51.46360258490013, "power_cost": 14.724070251464845, "noise_cost": 22.576381276389128, "n_waypoints_completed": 9, "tot_waypoints": 9}}
{"target": -183.48042473985797, "params": {"k_pid_pos": [0.5973980883963556, 0.010986456288416324, 0.004985317775237321], "k_pid_alt": [1.215999314996048, 0.007864863861847793, 0.041804879384993075], "k_pid_att": [84.26332080423282, 0.35502119042479546, 0.9941649306245314], "k_pid_yaw": [0.5, 1e-06, 0.1], "k_pid_hsp": [0.13043724770619114, 0.013613062650240497, 0.0], "k_pid_vsp": [83.13549501101706, 102.12612411447178, 5.417047207474858]}, "datetime": {"datetime": "2025-08-11 20:54:50", "elapsed": 16169.807089805603, "delta": 17.32666802406311}, "costs": {"total_cost": 183.48042473985797, "time_cost": 71.274, "final_distance_cost": 1.8380293006255817, "oscillation_cost": 24.439849765528443, "completition_cost": 0.0, "overshoot_cost": 50.29812062968251, "power_cost": 14.2108173828125, "noise_cost": 21.41960766120895, "n_waypoints_completed": 9, "tot_waypoints": 9}}
{"target": -188.7563040862398, "params": {"k_pid_pos": [0.937335982260171, 0.019708619468648703, 0.0013743939639087141], "k_pid_alt": [1.3944449819568512, 0.0056828517034477576, 0.03180098515889983], "k_pid_att": [38.31102537369798, 0.7863766091946663, 0.571528971354399], "k_pid_yaw": [0.5, 1e-06, 0.1], "k_pid_hsp": [0.08675306151708845, 0.01867661266213595, 0.0], "k_pid_vsp": [64.45277974868357, 65.87909198440803, 2.9469230116499525]}, "datetime": {"datetime": "2025-08-11 20:55:08", "elapsed": 16188.249289512634, "delta": 18.44219970703125}, "costs": {"total_cost": 188.7563040862398, "time_cost": 71.505, "final_distance_cost": 1.7702940732253682, "oscillation_cost": 29.072959900932112, "completition_cost": 0.0, "overshoot_cost": 50.96501262208693, "power_cost": 14.580186975097657, "noise_cost": 20.862850514897726, "n_waypoints_completed": 9, "tot_waypoints": 9}}
{"target": -183.11256412785212, "params": {"k_pid_pos": [0.5319436063723355, 0.016148305140223525, 0.003074569888333709], "k_pid_alt": [1.0018202437356327, 0.006015187580960935, 0.02685114188020189], "k_pid_att": [68.25269960838288, 0.5468830788845368, 0.5795022069443245], "k_pid_yaw": [0.5, 1e-06, 0.1], "k_pid_hsp": [0.10818878720793156, 0.003250077591065773, 0.0], "k_pid_vsp": [76.76657554216717, 86.32450654592292, 3.572459020368182]}, "datetime": {"datetime": "2025-08-11 20:55:27", "elapsed": 16206.482990503311, "delta": 18.23370099067688}, "costs": {"total_cost": 183.11256412785212, "time_cost": 72.856, "final_distance_cost": 1.8321443317838761, "oscillation_cost": 20.808763408447106, "completition_cost": 0.0, "overshoot_cost": 51.39849331911733, "power_cost": 14.3017107421875, "noise_cost": 21.915452326316302, "n_waypoints_completed": 9, "tot_waypoints": 9}}
{"target": -192.46820510050796, "params": {"k_pid_pos": [0.384468476592712, 0.025363546016079253, 0.0], "k_pid_alt": [1.9360854214894327, 0.005494180440906937, 0.027959733094804224], "k_pid_att": [29.437154730666222, 0.9172873315397245, 1.0], "k_pid_yaw": [0.5, 1e-06, 0.1], "k_pid_hsp": [0.13696036921731167, 0.009820294686966552, 0.0], "k_pid_vsp": [47.49823328451873, 22.762148732170512, 5.911976002287932]}, "datetime": {"datetime": "2025-08-11 20:55:46", "elapsed": 16226.135472774506, "delta": 19.652482271194458}, "costs": {"total_cost": 192.46820510050796, "time_cost": 78.197, "final_distance_cost": 1.854113457663276, "oscillation_cost": 19.97821032675446, "completition_cost": 0.0, "overshoot_cost": 52.77344701850403, "power_cost": 15.048002319335938, "noise_cost": 24.617431978250245, "n_waypoints_completed": 9, "tot_waypoints": 9}}
{"target": -185.70063017135817, "params": {"k_pid_pos": [0.3830865931931154, 0.025721873844043838, 0.0], "k_pid_alt": [1.3545795843862543, 0.005928929270078222, 0.02619226241201981], "k_pid_att": [39.37673971677692, 0.37937623280430444, 0.5662780765791533], "k_pid_yaw": [0.5, 1e-06, 0.1], "k_pid_hsp": [0.09624577846467082, 0.005205588361059456, 0.0], "k_pid_vsp": [35.70012280475567, 72.69328471219673, 4.389314307441967]}, "datetime": {"datetime": "2025-08-11 20:56:05", "elapsed": 16245.000309228897, "delta": 18.86483645439148}, "costs": {"total_cost": 185.70063017135817, "time_cost": 76.041, "final_distance_cost": 1.8427667628369222, "oscillation_cost": 17.281937847522098, "completition_cost": 0.0, "overshoot_cost": 52.53316906735936, "power_cost": 14.652707141113282, "noise_cost": 23.34904935252648, "n_waypoints_completed": 9, "tot_waypoints": 9}}
{"target": -189.09651190901724, "params": {"k_pid_pos": [0.7282490036170209, 0.023221912081316815, 0.0], "k_pid_alt": [0.8160507972654107, 0.005745141119248162, 0.023056281002926476], "k_pid_att": [54.07153551070399, 0.41730533970168576, 0.6554243692398461], "k_pid_yaw": [0.5, 1e-06, 0.1], "k_pid_hsp": [0.07877790453036985, 0.00491084615094031, 0.0], "k_pid_vsp": [113.80813280558898, 28.218732912428653, 4.100316675223347]}, "datetime": {"datetime": "2025-08-11 20:56:24", "elapsed": 16263.769177675247, "delta": 18.768868446350098}, "costs": {"total_cost": 189.09651190901724, "time_cost": 75.047, "final_distance_cost": 1.791182903103206, "oscillation_cost": 23.003956045965502, "completition_cost": 0.0, "overshoot_cost": 52.537998144034354, "power_cost": 14.684564526367188, "noise_cost": 22.031810289547003, "n_waypoints_completed": 9, "tot_waypoints": 9}}
{"target": -181.64218632254497, "params": {"k_pid_pos": [0.5927511577306774, 0.010680044425507218, 0.000809730348088572], "k_pid_alt": [1.2741857575758309, 0.005614280804346966, 0.03057909577144498], "k_pid_att": [45.84895415731207, 0.25587675116298797, 0.9308138102758488], "k_pid_yaw": [0.5, 1e-06, 0.1], "k_pid_hsp": [0.10788464504740743, 0.01068946164940207, 0.0], "k_pid_vsp": [99.8142155066326, 92.53296030073847, 6.951937792410281]}, "datetime": {"datetime": "2025-08-11 20:56:42", "elapsed": 16281.537333488464, "delta": 17.768155813217163}, "costs": {"total_cost": 181.64218632254497, "time_cost": 71.155, "final_distance_cost": 1.8222626532896251, "oscillation_cost": 22.649062152481246, "completition_cost": 0.0, "overshoot_cost": 50.71521424321907, "power_cost": 14.125979638671875, "noise_cost": 21.174667634883143, "n_waypoints_completed": 9, "tot_waypoints": 9}}
{"target": -185.9916152953479, "params": {"k_pid_pos": [0.6841230255858309, 0.005470627145338342, 0.0013134073159856324], "k_pid_alt": [1.1069100402090302, 0.009317428298049183, 0.015143383659304276], "k_pid_att": [53.26856020763146, 0.0001, 0.6227360097207819], "k_pid_yaw": [0.5, 1e-06, 0.1], "k_pid_hsp": [0.07412298721187315, 0.006404087790495329, 0.0], "k_pid_vsp": [50.93890131117147, 82.69502543293171, 2.9348009028607476]}, "datetime": {"datetime": "2025-08-11 20:57:00", "elapsed": 16299.732551574707, "delta": 18.195218086242676}, "costs": {"total_cost": 185.9916152953479, "time_cost": 73.535, "final_distance_cost": 1.8091359931352198, "oscillation_cost": 22.32759038891743, "completition_cost": 0.0, "overshoot_cost": 52.04530535315012, "power_cost": 14.473030639648439, "noise_cost": 21.801552920496707, "n_waypoints_completed": 9, "tot_waypoints": 9}}
{"target": -195.1052416068068, "params": {"k_pid_pos": [0.38708388313814074, 0.012048504724415127, 0.0012843666787327936], "k_pid_alt": [1.437056491165963, 0.006934682279203938, 0.023728527576250838], "k_pid_att": [54.75085087162455, 0.43311549813815037, 0.6649914752600122], "k_pid_yaw": [0.5, 1e-06, 0.1], "k_pid_hsp": [0.14111231386023973, 0.01296047658466619, 0.0], "k_pid_vsp": [50.497030500520395, 79.5952924834359, 2.3849292482711593]}, "datetime": {"datetime": "2025-08-11 20:57:20", "elapsed": 16319.507546901703, "delta": 19.77499532699585}, "costs": {"total_cost": 195.1052416068068, "time_cost": 79.569, "final_distance_cost": 1.8586752497392622, "oscillation_cost": 21.14729751187932, "completition_cost": 0.0, "overshoot_cost": 51.78145478213267, "power_cost": 15.38856834716797, "noise_cost": 25.3602457158876, "n_waypoints_completed": 9, "tot_waypoints": 9}}
{"target": -184.70790191187425, "params": {"k_pid_pos": [0.4513964069118394, 0.014790766606836411, 0.003049701466352859], "k_pid_alt": [1.7228071179367628, 0.009326944673575718, 0.020749899628638407], "k_pid_att": [78.05708208662227, 0.15116744111512417, 0.7928636367481334], "k_pid_yaw": [0.5, 1e-06, 0.1], "k_pid_hsp": [0.10996252762241428, 0.01011017250053517, 0.0], "k_pid_vsp": [130.3200843496181, 87.87611955331693, 4.271386705955722]}, "datetime": {"datetime": "2025-08-11 20:57:38", "elapsed": 16338.335409879684, "delta": 18.827862977981567}, "costs": {"total_cost": 184.70790191187425, "time_cost": 73.962, "final_distance_cost": 1.8509765312426893, "oscillation_cost": 20.284481211661454, "completition_cost": 0.0, "overshoot_cost": 51.49693699294214, "power_cost": 14.451260522460938, "noise_cost": 22.662246653567014, "n_waypoints_completed": 9, "tot_waypoints": 9}}
{"target": -207.39240441162184, "params": {"k_pid_pos": [0.9057999048270355, 0.012804755726773726, 0.0009551770637431899], "k_pid_alt": [0.4575002337378371, 0.002704404229372001, 0.031518616937046], "k_pid_att": [51.45134179646042, 0.4817826615443768, 0.19819501845488208], "k_pid_yaw": [0.5, 1e-06, 0.1], "k_pid_hsp": [0.061314007655200196, 0.009769770075229538, 0.0], "k_pid_vsp": [76.83766254529873, 6.401689573427407, 5.250634427573488]}, "datetime": {"datetime": "2025-08-11 20:57:59", "elapsed": 16359.344176054, "delta": 21.008766174316406}, "costs": {"total_cost": 207.39240441162184, "time_cost": 84.245, "final_distance_cost": 1.7879472071900964, "oscillation_cost": 27.327617797195703, "completition_cost": 0.0, "overshoot_cost": 53.62513976983477, "power_cost": 16.164142456054687, "noise_cost": 24.24255718134658, "n_waypoints_completed": 9, "tot_waypoints": 9}}
{"target": -199.1145632074495, "params": {"k_pid_pos": [0.30742489766344555, 0.014194030740312774, 0.00426593318416467], "k_pid_alt": [1.5738508482493623, 0.008171355443823629, 0.041652377073630724], "k_pid_att": [76.43078954725405, 0.21814701841927486, 0.950327643395179], "k_pid_yaw": [0.5, 1e-06, 0.1], "k_pid_hsp": [0.09490313294572755, 0.008909269661087882, 0.0], "k_pid_vsp": [37.619286786241666, 97.95170859751165, 4.764257673970153]}, "datetime": {"datetime": "2025-08-11 20:58:20", "elapsed": 16380.338611364365, "delta": 20.99443531036377}, "costs": {"total_cost": 199.1145632074495, "time_cost": 84.511, "final_distance_cost": 1.8616715707185254, "oscillation_cost": 16.034129530241714, "completition_cost": 0.0, "overshoot_cost": 52.99727571157801, "power_cost": 16.092526794433596, "noise_cost": 27.617959600477626, "n_waypoints_completed": 9, "tot_waypoints": 9}}
{"target": -181.31342393675132, "params": {"k_pid_pos": [0.6000006756310606, 0.005161771543468762, 0.0005690332465865929], "k_pid_alt": [1.3397065432647157, 0.005722340192087009, 0.028670022166860765], "k_pid_att": [47.446491889143864, 0.29276477384841537, 1.0], "k_pid_yaw": [0.5, 1e-06, 0.1], "k_pid_hsp": [0.09318012541243832, 0.011580934748675317, 0.0], "k_pid_vsp": [36.59748736351528, 123.7949442685257, 5.480192276390561]}, "datetime": {"datetime": "2025-08-11 20:58:38", "elapsed": 16398.285600423813, "delta": 17.946989059448242}, "costs": {"total_cost": 181.31342393675132, "time_cost": 71.337, "final_distance_cost": 1.8254595676350627, "oscillation_cost": 22.534728815547254, "completition_cost": 0.0, "overshoot_cost": 50.37816269318902, "power_cost": 14.258202636718751, "noise_cost": 20.979870223661226, "n_waypoints_completed": 9, "tot_waypoints": 9}}
{"target": -193.79594269294566, "params": {"k_pid_pos": [0.31814124802707383, 6.270970593749241e-05, 0.0008008027302782339], "k_pid_alt": [2.0, 0.005038610173321618, 0.028243220927164987], "k_pid_att": [34.703606243507444, 0.30167943975751604, 0.6804178984869224], "k_pid_yaw": [0.5, 1e-06, 0.1], "k_pid_hsp": [0.08479587240364067, 0.0064542183783522005, 0.0], "k_pid_vsp": [74.2920744785586, 109.23166618682875, 3.9676195146648907]}, "datetime": {"datetime": "2025-08-11 20:58:59", "elapsed": 16418.641369104385, "delta": 20.35576868057251}, "costs": {"total_cost": 193.79594269294566, "time_cost": 81.55, "final_distance_cost": 1.8602729579555117, "oscillation_cost": 15.301206780564236, "completition_cost": 0.0, "overshoot_cost": 53.28042722161805, "power_cost": 15.552062353515625, "noise_cost": 26.251973379292224, "n_waypoints_completed": 9, "tot_waypoints": 9}}
{"target": -195.93393780052588, "params": {"k_pid_pos": [0.7008349600505533, 0.011563771184569574, 0.0006516964165223993], "k_pid_alt": [1.3563074333053928, 0.005197945043109613, 0.031224912201755273], "k_pid_att": [31.981523336803264, 0.37397933869783206, 1.0], "k_pid_yaw": [0.5, 1e-06, 0.1], "k_pid_hsp": [0.1512742777592598, 0.009664032895832316, 0.0], "k_pid_vsp": [0.0, 46.27914173908633, 12.633070972165896]}, "datetime": {"datetime": "2025-08-11 20:59:17", "elapsed": 16437.160614013672, "delta": 18.5192449092865}, "costs": {"total_cost": 195.93393780052588, "time_cost": 75.089, "final_distance_cost": 1.8386922722306072, "oscillation_cost": 24.832435822707602, "completition_cost": 0.0, "overshoot_cost": 55.49204325809524, "power_cost": 18.55959356689453, "noise_cost": 20.122172880597898, "n_waypoints_completed": 9, "tot_waypoints": 9}}
{"target": -192.2457229432844, "params": {"k_pid_pos": [0.8185114687835601, 0.004254643486615917, 0.000496498968701498], "k_pid_alt": [1.3088979194230488, 0.004458578820111035, 0.0059648960886945455], "k_pid_att": [51.31413310224542, 0.3832115644926228, 0.9825010291674706], "k_pid_yaw": [0.5, 1e-06, 0.1], "k_pid_hsp": [0.05723322628487173, 0.014335789490593269, 0.0], "k_pid_vsp": [126.40327429621891, 90.5555199151839, 3.604186309157584]}, "datetime": {"datetime": "2025-08-11 20:59:38", "elapsed": 16457.406755447388, "delta": 20.24614143371582}, "costs": {"total_cost": 192.2457229432844, "time_cost": 76.286, "final_distance_cost": 1.7981073615472352, "oscillation_cost": 25.29662378133658, "completition_cost": 0.0, "overshoot_cost": 51.88162767969652, "power_cost": 14.944302001953126, "noise_cost": 22.03906211875094, "n_waypoints_completed": 9, "tot_waypoints": 9}}
{"target": -186.93639171212658, "params": {"k_pid_pos": [0.39056324884766197, 0.0077282628218025605, 0.001700817022916376], "k_pid_alt": [1.9185311288042086, 0.0035891122830066795, 0.02678696707033457], "k_pid_att": [31.015652742230525, 0.15747449678620906, 0.5280074663136961], "k_pid_yaw": [0.5, 1e-06, 0.1], "k_pid_hsp": [0.09351354112141104, 0.01015634661692817, 0.0], "k_pid_vsp": [103.90276179385489, 76.75912222250064, 1.9469792191705182]}, "datetime": {"datetime": "2025-08-11 20:59:57", "elapsed": 16476.947832107544, "delta": 19.54107666015625}, "costs": {"total_cost": 186.93639171212658, "time_cost": 76.125, "final_distance_cost": 1.8567086834179147, "oscillation_cost": 18.27498438010448, "completition_cost": 0.0, "overshoot_cost": 52.234345814136915, "power_cost": 14.731445751953126, "noise_cost": 23.713907082514137, "n_waypoints_completed": 9, "tot_waypoints": 9}}
{"target": -664.4934051686478, "params": {"k_pid_pos": [0.4687011874573672, 0.005860940443528574, 0.0007302994032874129], "k_pid_alt": [1.3155773430234394, 0.0031111238452517093, 0.027777939839298577], "k_pid_att": [57.32351173711353, 0.24049854332115359, 0.7749593008254578], "k_pid_yaw": [0.5, 1e-06, 0.1], "k_pid_hsp": [0.01589023241752044, 0.009701543930741897, 0.0], "k_pid_vsp": [94.966744655364, 20.187563233979603, 7.807821102116308]}, "datetime": {"datetime": "2025-08-11 21:00:28", "elapsed": 16507.700011253357, "delta": 30.75217914581299}, "costs": {"total_cost": 664.4934051686478, "time_cost": 150, "final_distance_cost": 58.927207306192805, "oscillation_cost": 8.404764301685628, "completition_cost": 333.33333333333337, "overshoot_cost": 59.14598840751552, "power_cost": 21.7647728515625, "noise_cost": 32.91733896835793, "n_waypoints_completed": 6, "tot_waypoints": 9}}
{"target": -181.8762885456296, "params": {"k_pid_pos": [0.5646718017810667, 0.0, 0.0008726025099554452], "k_pid_alt": [1.3299335617984527, 0.007374421131879386, 0.04185308584902897], "k_pid_att": [54.70881461159296, 0.36050207614926927, 0.7438642202208618], "k_pid_yaw": [0.5, 1e-06, 0.1], "k_pid_hsp": [0.09935732899910599, 0.009644382538806688, 0.0], "k_pid_vsp": [109.8624983242183, 118.64138265753495, 3.6525415147800087]}, "datetime": {"datetime": "2025-08-11 21:00:46", "elapsed": 16526.028414964676, "delta": 18.32840371131897}, "costs": {"total_cost": 181.8762885456296, "time_cost": 71.554, "final_distance_cost": 1.831232358001936, "oscillation_cost": 21.862560047726696, "completition_cost": 0.0, "overshoot_cost": 51.20961136877339, "power_cost": 14.137612744140625, "noise_cost": 21.281272026986965, "n_waypoints_completed": 9, "tot_waypoints": 9}}
