{"target": -181.7620204939442, "params": {"k_pid_pos": [0.5177878880773819, 0.006462395047854056, 0.0006288071665306688], "k_pid_alt": [1.4447034219651227, 0.00517833069687254, 0.011178941391801409], "k_pid_att": [37.27066187537727, 0.31725421916067154, 0.7056737087080519], "k_pid_yaw": [0.5, 1e-06, 0.1], "k_pid_hsp": [0.0880832757495922, 0.012015673302001305, 0.0], "k_pid_vsp": [132.53817035384444, 124.19814939494908, 7.571959439808695]}, "datetime": {"datetime": "2025-08-12 04:48:17", "elapsed": 44577.067259311676, "delta": 18.0057053565979}, "costs": {"total_cost": 181.7620204939442, "time_cost": 72.415, "final_distance_cost": 1.8339221994434642, "oscillation_cost": 20.51060066554775, "completition_cost": 0.0, "overshoot_cost": 51.17058322991791, "power_cost": 14.25527547607422, "noise_cost": 21.576638922960818, "n_waypoints_completed": 9, "tot_waypoints": 9}}
{"target": -181.59453528800913, "params": {"k_pid_pos": [0.6512007218497703, 0.0057688559611354245, 0.000582504458537868], "k_pid_alt": [1.4383166625007089, 0.004631691858930006, 0.009582824167295256], "k_pid_att": [48.32762818180246, 0.32303743969063287, 0.9206120835486461], "k_pid_yaw": [0.5, 1e-06, 0.1], "k_pid_hsp": [0.10255449963822695, 0.010117309270968275, 0.0], "k_pid_vsp": [121.85514161655452, 126.7165606764267, 7.329519150007282]}, "datetime": {"datetime": "2025-08-12 04:48:37", "elapsed": 44596.59399819374, "delta": 19.52673888206482}, "costs": {"total_cost": 181.59453528800913, "time_cost": 70.679, "final_distance_cost": 1.828948402766522, "oscillation_cost": 23.335248313152526, "completition_cost": 0.0, "overshoot_cost": 50.79729803456756, "power_cost": 14.069942553710938, "noise_cost": 20.884097983811593, "n_waypoints_completed": 9, "tot_waypoints": 9}}
{"target": -182.2837623806729, "params": {"k_pid_pos": [0.5183764647191288, 0.005645158198002955, 0.0004928475271696418], "k_pid_alt": [1.1930521076248926, 0.0051175285176407554, 0.010198368445390025], "k_pid_att": [43.3312354466546, 0.2951966757565508, 0.8678569355371565], "k_pid_yaw": [0.5, 1e-06, 0.1], "k_pid_hsp": [0.10248603075659808, 0.011128056983375505, 0.0], "k_pid_vsp": [158.63678965245995, 115.10445487501276, 6.009386151931213]}, "datetime": {"datetime": "2025-08-12 04:48:55", "elapsed": 44614.511553525925, "delta": 17.917555332183838}, "costs": {"total_cost": 182.2837623806729, "time_cost": 72.331, "final_distance_cost": 1.8341629621294948, "oscillation_cost": 21.316979806212338, "completition_cost": 0.0, "overshoot_cost": 50.88810587599287, "power_cost": 14.180823547363282, "noise_cost": 21.732690188974914, "n_waypoints_completed": 9, "tot_waypoints": 9}}
{"target": -181.7278160096009, "params": {"k_pid_pos": [0.5792355404639848, 0.006159404610670924, 0.0006532711207849756], "k_pid_alt": [1.7150840553353757, 0.005007748889125843, 0.009499910818763306], "k_pid_att": [40.6706470914303, 0.28670974922062786, 0.9367795251595092], "k_pid_yaw": [0.5, 1e-06, 0.1], "k_pid_hsp": [0.11328218231367049, 0.010934451705110563, 0.0], "k_pid_vsp": [149.76502349681633, 121.02558598159267, 7.3160565170994]}, "datetime": {"datetime": "2025-08-12 04:49:13", "elapsed": 44633.339087963104, "delta": 18.827534437179565}, "costs": {"total_cost": 181.7278160096009, "time_cost": 71.211, "final_distance_cost": 1.8263426738652944, "oscillation_cost": 22.732326990328065, "completition_cost": 0.0, "overshoot_cost": 50.56156591964459, "power_cost": 14.131561474609375, "noise_cost": 21.26501895115357, "n_waypoints_completed": 9, "tot_waypoints": 9}}
{"target": -182.32725241909864, "params": {"k_pid_pos": [0.6296995821672369, 0.005089040311308402, 0.00042593926599097595], "k_pid_alt": [1.329658392731204, 0.004611544204394686, 0.009082372237804491], "k_pid_att": [44.704118181233866, 0.28035014448575946, 0.8516732170868889], "k_pid_yaw": [0.5, 1e-06, 0.1], "k_pid_hsp": [0.09357153523467188, 0.009918756008563678, 0.0], "k_pid_vsp": [141.9008386361355, 102.36855988674415, 7.401436229650244]}, "datetime": {"datetime": "2025-08-12 04:49:31", "elapsed": 44650.80100440979, "delta": 17.46191644668579}, "costs": {"total_cost": 182.32725241909864, "time_cost": 71.267, "final_distance_cost": 1.8111931429602517, "oscillation_cost": 22.663424100560107, "completition_cost": 0.0, "overshoot_cost": 51.31239696282204, "power_cost": 14.138517541503907, "noise_cost": 21.13472067125232, "n_waypoints_completed": 9, "tot_waypoints": 9}}
{"target": -181.5463730100155, "params": {"k_pid_pos": [0.6293258906305448, 0.0063589805700769025, 0.0005235389556423325], "k_pid_alt": [1.8068273947220892, 0.005401687889500789, 0.010154597943925916], "k_pid_att": [41.05762623789746, 0.2808864049658754, 0.959029037787428], "k_pid_yaw": [0.5, 1e-06, 0.1], "k_pid_hsp": [0.096955135485038, 0.009033840113850828, 0.0], "k_pid_vsp": [174.32475952397695, 141.89301505266323, 6.914378410124762]}, "datetime": {"datetime": "2025-08-12 04:49:49", "elapsed": 44668.94039916992, "delta": 18.139394760131836}, "costs": {"total_cost": 181.5463730100155, "time_cost": 71.099, "final_distance_cost": 1.8323681647177925, "oscillation_cost": 22.47536591076171, "completition_cost": 0.0, "overshoot_cost": 50.79866630827215, "power_cost": 14.172343090820313, "noise_cost": 21.168629535443518, "n_waypoints_completed": 9, "tot_waypoints": 9}}
{"target": -184.15790047602545, "params": {"k_pid_pos": [0.5277003164505308, 0.005591511040650272, 0.0005398713807983866], "k_pid_alt": [1.560373477588661, 0.005758703633080546, 0.010314928045937075], "k_pid_att": [44.61850776528289, 0.3060748073855803, 0.7122629870253584], "k_pid_yaw": [0.5, 1e-06, 0.1], "k_pid_hsp": [0.07370011547745307, 0.009823177556357787, 0.0], "k_pid_vsp": [135.83970137420593, 122.2169620055884, 7.565277078841788]}, "datetime": {"datetime": "2025-08-12 04:50:08", "elapsed": 44687.91976928711, "delta": 18.9793701171875}, "costs": {"total_cost": 184.15790047602545, "time_cost": 74.081, "final_distance_cost": 1.8041737273336715, "oscillation_cost": 19.688840833775664, "completition_cost": 0.0, "overshoot_cost": 51.9551764852413, "power_cost": 14.51319539794922, "noise_cost": 22.115514031725542, "n_waypoints_completed": 9, "tot_waypoints": 9}}
{"target": -182.28119719505617, "params": {"k_pid_pos": [0.6284927981916931, 0.0058424832145053075, 0.0005838344209158215], "k_pid_alt": [1.648243207074951, 0.004791939209241816, 0.0109796400013387], "k_pid_att": [51.335228914751916, 0.21215249268203432, 0.8409831342806444], "k_pid_yaw": [0.5, 1e-06, 0.1], "k_pid_hsp": [0.09256258737033547, 0.008920111072739843, 0.0], "k_pid_vsp": [117.86002406192002, 126.62480521442819, 8.725281495732286]}, "datetime": {"datetime": "2025-08-12 04:50:25", "elapsed": 44705.18107056618, "delta": 17.261301279067993}, "costs": {"total_cost": 182.28119719505617, "time_cost": 71.274, "final_distance_cost": 1.825086461620256, "oscillation_cost": 22.485414709584628, "completition_cost": 0.0, "overshoot_cost": 51.121645093064785, "power_cost": 15.39455830078125, "noise_cost": 20.180492630005237, "n_waypoints_completed": 9, "tot_waypoints": 9}}
{"target": -181.62239957233223, "params": {"k_pid_pos": [0.5530981147823909, 0.005881534002676998, 0.0007335342408950663], "k_pid_alt": [1.4255770855931662, 0.004355676132076379, 0.011005566303408454], "k_pid_att": [43.19332228173058, 0.3305076161302742, 0.8162562901049425], "k_pid_yaw": [0.5, 1e-06, 0.1], "k_pid_hsp": [0.09348654809074874, 0.008588171265134678, 0.0], "k_pid_vsp": [120.19648481955284, 131.85573156331517, 7.277239099705092]}, "datetime": {"datetime": "2025-08-12 04:50:43", "elapsed": 44723.315712451935, "delta": 18.134641885757446}, "costs": {"total_cost": 181.62239957233223, "time_cost": 71.764, "final_distance_cost": 1.8334437767731175, "oscillation_cost": 21.213780272680637, "completition_cost": 0.0, "overshoot_cost": 51.27364994038524, "power_cost": 14.08263563232422, "noise_cost": 21.454889950169008, "n_waypoints_completed": 9, "tot_waypoints": 9}}
{"target": -182.1170784197001, "params": {"k_pid_pos": [0.49764575328389493, 0.0062819931362430555, 0.0005534722322462419], "k_pid_alt": [1.7234029375483442, 0.004990712750470145, 0.008200801551965549], "k_pid_att": [41.487205114975545, 0.328817696550528, 0.9725761285596949], "k_pid_yaw": [0.5, 1e-06, 0.1], "k_pid_hsp": [0.09779599101692064, 0.010610654475736087, 0.0], "k_pid_vsp": [134.72937170299133, 95.03102581216619, 5.947244130024643]}, "datetime": {"datetime": "2025-08-12 04:51:02", "elapsed": 44741.43019533157, "delta": 18.114482879638672}, "costs": {"total_cost": 182.1170784197001, "time_cost": 72.534, "final_distance_cost": 1.8371493697886037, "oscillation_cost": 20.39244263856212, "completition_cost": 0.0, "overshoot_cost": 51.25765174892963, "power_cost": 14.192162512207032, "noise_cost": 21.903672150212714, "n_waypoints_completed": 9, "tot_waypoints": 9}}
{"target": -181.92483689326912, "params": {"k_pid_pos": [0.5602189905912408, 0.0056168294976493794, 0.0006419553292490322], "k_pid_alt": [1.402186502555957, 0.00626430178522629, 0.008780548791107222], "k_pid_att": [36.47595469379418, 0.34705315706890677, 0.8424361335140818], "k_pid_yaw": [0.5, 1e-06, 0.1], "k_pid_hsp": [0.1085457953669614, 0.00848724898871392, 0.0], "k_pid_vsp": [117.8001858262631, 147.09315562017989, 8.392633376674633]}, "datetime": {"datetime": "2025-08-12 04:51:21", "elapsed": 44760.44194698334, "delta": 19.011751651763916}, "costs": {"total_cost": 181.92483689326912, "time_cost": 71.477, "final_distance_cost": 1.8238470077006756, "oscillation_cost": 21.86242668953423, "completition_cost": 0.0, "overshoot_cost": 51.1337794473647, "power_cost": 14.458435888671875, "noise_cost": 21.16934785999762, "n_waypoints_completed": 9, "tot_waypoints": 9}}
{"target": -181.6412531400803, "params": {"k_pid_pos": [0.5190564281742667, 0.005801317604760139, 0.0005968900624611578], "k_pid_alt": [1.3845845517545656, 0.005165532354819722, 0.009911802199549964], "k_pid_att": [44.44215743833906, 0.31927900087113975, 0.7125949176319194], "k_pid_yaw": [0.5, 1e-06, 0.1], "k_pid_hsp": [0.08511970790828173, 0.009855032339761495, 0.0], "k_pid_vsp": [143.1181474117432, 111.76701457142065, 5.845987406753854]}, "datetime": {"datetime": "2025-08-12 04:51:38", "elapsed": 44777.675100803375, "delta": 17.233153820037842}, "costs": {"total_cost": 181.6412531400803, "time_cost": 72.59, "final_distance_cost": 1.8319645672843587, "oscillation_cost": 20.11316523211513, "completition_cost": 0.0, "overshoot_cost": 51.28474395364197, "power_cost": 14.173677770996095, "noise_cost": 21.647701616042728, "n_waypoints_completed": 9, "tot_waypoints": 9}}
{"target": -181.77418176517406, "params": {"k_pid_pos": [0.527037720817312, 0.005996609331379406, 0.0004825724270766151], "k_pid_alt": [1.6384869155309738, 0.0048820976159571665, 0.010182921868343313], "k_pid_att": [43.46758521340274, 0.2635300106040055, 0.843758882471227], "k_pid_yaw": [0.5, 1e-06, 0.1], "k_pid_hsp": [0.08770814613918586, 0.011647080151436928, 0.0], "k_pid_vsp": [141.6100044373217, 100.54413637633564, 7.8704924836057755]}, "datetime": {"datetime": "2025-08-12 04:51:57", "elapsed": 44797.31744623184, "delta": 19.642345428466797}, "costs": {"total_cost": 181.77418176517406, "time_cost": 72.401, "final_distance_cost": 1.8289654727045113, "oscillation_cost": 20.591517452970994, "completition_cost": 0.0, "overshoot_cost": 51.162481558950525, "power_cost": 14.178453588867189, "noise_cost": 21.611763691680835, "n_waypoints_completed": 9, "tot_waypoints": 9}}
{"target": -182.21361045978048, "params": {"k_pid_pos": [0.5682331515110928, 0.006289859242142707, 0.0004889105339436805], "k_pid_alt": [1.4123940698102124, 0.005188587593553984, 0.00736608516192969], "k_pid_att": [46.60992156372837, 0.30477786195503714, 0.8279233416563317], "k_pid_yaw": [0.5, 1e-06, 0.1], "k_pid_hsp": [0.10887702648562103, 0.01059851571961583, 0.0], "k_pid_vsp": [150.2275602161359, 144.60229728333383, 7.129363415617482]}, "datetime": {"datetime": "2025-08-12 04:52:15", "elapsed": 44814.48930191994, "delta": 17.171855688095093}, "costs": {"total_cost": 182.21361045978048, "time_cost": 71.32300000000001, "final_distance_cost": 1.83346356178911, "oscillation_cost": 22.721143002488862, "completition_cost": 0.0, "overshoot_cost": 50.86999179072711, "power_cost": 14.152890783691406, "noise_cost": 21.313121321083962, "n_waypoints_completed": 9, "tot_waypoints": 9}}
{"target": -182.34834151239377, "params": {"k_pid_pos": [0.5108570152243657, 0.005968052248669686, 0.0005770967404765665], "k_pid_alt": [1.8520893172833823, 0.004801717346837728, 0.011060463153498809], "k_pid_att": [48.30144225898002, 0.2661431143194702, 0.71385193515286], "k_pid_yaw": [0.5, 1e-06, 0.1], "k_pid_hsp": [0.09809574656580466, 0.01130993049404856, 0.0], "k_pid_vsp": [139.9685486532802, 121.03664814503462, 6.997239920292759]}, "datetime": {"datetime": "2025-08-12 04:52:33", "elapsed": 44833.16003656387, "delta": 18.670734643936157}, "costs": {"total_cost": 182.34834151239377, "time_cost": 72.282, "final_distance_cost": 1.8433215371072886, "oscillation_cost": 20.97572174695676, "completition_cost": 0.0, "overshoot_cost": 51.12019075358743, "power_cost": 14.273972497558594, "noise_cost": 21.853134977183704, "n_waypoints_completed": 9, "tot_waypoints": 9}}
{"target": -181.8125817065196, "params": {"k_pid_pos": [0.588132579498882, 0.006292571834167968, 0.0005893368163245081], "k_pid_alt": [1.8125644003862014, 0.005550421556140547, 0.008340321793307423], "k_pid_att": [39.79205906181739, 0.261152787693358, 0.7495058228971558], "k_pid_yaw": [0.5, 1e-06, 0.1], "k_pid_hsp": [0.09736764223943468, 0.01016457919708696, 0.0], "k_pid_vsp": [131.81704954020765, 140.27675384587016, 7.184076525344218]}, "datetime": {"datetime": "2025-08-12 04:52:51", "elapsed": 44850.98176026344, "delta": 17.821723699569702}, "costs": {"total_cost": 181.8125817065196, "time_cost": 71.358, "final_distance_cost": 1.8295651099241375, "oscillation_cost": 22.213443727576134, "completition_cost": 0.0, "overshoot_cost": 51.09244416755219, "power_cost": 14.116999182128907, "noise_cost": 21.202129519338257, "n_waypoints_completed": 9, "tot_waypoints": 9}}
{"target": -181.81288775280322, "params": {"k_pid_pos": [0.5742456688844962, 0.00594592136975387, 0.0005339285486262559], "k_pid_alt": [1.8123671433813693, 0.004578810734193052, 0.011254990960936186], "k_pid_att": [38.48663611493964, 0.23669918893716715, 0.880593618534394], "k_pid_yaw": [0.5, 1e-06, 0.1], "k_pid_hsp": [0.09870072550822882, 0.010698701781749495, 0.0], "k_pid_vsp": [136.3473268436119, 124.91311262226928, 7.590187363676026]}, "datetime": {"datetime": "2025-08-12 04:53:11", "elapsed": 44870.50426340103, "delta": 19.5225031375885}, "costs": {"total_cost": 181.81288775280322, "time_cost": 71.428, "final_distance_cost": 1.8412203352570842, "oscillation_cost": 21.843669857261073, "completition_cost": 0.0, "overshoot_cost": 51.1363177443724, "power_cost": 14.189578759765626, "noise_cost": 21.374101056147047, "n_waypoints_completed": 9, "tot_waypoints": 9}}
{"target": -183.19632889628227, "params": {"k_pid_pos": [0.6236760977263701, 0.00612132161519655, 0.0005380034640300356], "k_pid_alt": [1.4578959817815285, 0.0046303694901339565, 0.009452525528709647], "k_pid_att": [49.378155786835656, 0.3523827478638475, 0.7718969952212573], "k_pid_yaw": [0.5, 1e-06, 0.1], "k_pid_hsp": [0.08322240007328348, 0.010202868680096268, 0.0], "k_pid_vsp": [132.12751398112422, 125.1633416620338, 7.465257021973792]}, "datetime": {"datetime": "2025-08-12 04:53:30", "elapsed": 44889.78593206406, "delta": 19.281668663024902}, "costs": {"total_cost": 183.19632889628227, "time_cost": 72.373, "final_distance_cost": 1.7999971990158121, "oscillation_cost": 22.024009909216964, "completition_cost": 0.0, "overshoot_cost": 51.31965098387722, "power_cost": 14.350500170898439, "noise_cost": 21.329170633273833, "n_waypoints_completed": 9, "tot_waypoints": 9}}
{"target": -181.567221982488, "params": {"k_pid_pos": [0.5494854636824567, 0.0069937063274261475, 0.0005791515934675714], "k_pid_alt": [1.8012974125711168, 0.0044507124166316275, 0.009864805065372259], "k_pid_att": [42.7154197242859, 0.2774902355108981, 0.6788864870027697], "k_pid_yaw": [0.5, 1e-06, 0.1], "k_pid_hsp": [0.0959491345741958, 0.010711537258308727, 0.0], "k_pid_vsp": [123.68284568487286, 116.27893143011617, 8.007029309392378]}, "datetime": {"datetime": "2025-08-12 04:53:48", "elapsed": 44907.46594142914, "delta": 17.680009365081787}, "costs": {"total_cost": 181.567221982488, "time_cost": 71.771, "final_distance_cost": 1.8209602554050308, "oscillation_cost": 21.216594610772166, "completition_cost": 0.0, "overshoot_cost": 51.016087234301466, "power_cost": 14.218258825683595, "noise_cost": 21.52432105632575, "n_waypoints_completed": 9, "tot_waypoints": 9}}
{"target": -181.86175918073363, "params": {"k_pid_pos": [0.6945500094828271, 0.005174845648842499, 0.000506780581141863], "k_pid_alt": [1.6370268446985647, 0.005076398517395076, 0.009071070444375317], "k_pid_att": [46.36241779424321, 0.2824918575756141, 0.7863290665730203], "k_pid_yaw": [0.5, 1e-06, 0.1], "k_pid_hsp": [0.1032013111119372, 0.01035751796382667, 0.0], "k_pid_vsp": [156.06774097439174, 141.70950120482493, 6.15518188065045]}, "datetime": {"datetime": "2025-08-12 04:54:08", "elapsed": 44927.66308116913, "delta": 20.197139739990234}, "costs": {"total_cost": 181.86175918073363, "time_cost": 70.441, "final_distance_cost": 1.8045100266337706, "oscillation_cost": 23.964352563148775, "completition_cost": 0.0, "overshoot_cost": 50.65140538581757, "power_cost": 14.159759802246095, "noise_cost": 20.8407314028874, "n_waypoints_completed": 9, "tot_waypoints": 9}}
{"target": -182.82392861291382, "params": {"k_pid_pos": [0.5971773863471576, 0.005719686025603292, 0.0006384945985285594], "k_pid_alt": [1.60046071408632, 0.0051158636383458545, 0.011735790762057887], "k_pid_att": [38.43884337391438, 0.2720064465916657, 0.6349465016980925], "k_pid_yaw": [0.5, 1e-06, 0.1], "k_pid_hsp": [0.08723674807946269, 0.010554169731086695, 0.0], "k_pid_vsp": [123.83639152384569, 125.64219519014569, 8.884286464425726]}, "datetime": {"datetime": "2025-08-12 04:54:26", "elapsed": 44945.54789805412, "delta": 17.884816884994507}, "costs": {"total_cost": 182.82392861291382, "time_cost": 71.988, "final_distance_cost": 1.812944230186872, "oscillation_cost": 21.932029818289124, "completition_cost": 0.0, "overshoot_cost": 51.1394559895526, "power_cost": 16.37080263671875, "noise_cost": 19.580695938166482, "n_waypoints_completed": 9, "tot_waypoints": 9}}
{"target": -181.65158248979307, "params": {"k_pid_pos": [0.5536192038459001, 0.006894273193941545, 0.0005592579847304229], "k_pid_alt": [1.3429871217170817, 0.004798685949843788, 0.009575881200036392], "k_pid_att": [49.20005756954617, 0.28847963678164784, 0.9318760901816866], "k_pid_yaw": [0.5, 1e-06, 0.1], "k_pid_hsp": [0.09234596442449271, 0.007168528623514747, 0.0], "k_pid_vsp": [138.33332610299422, 122.41699723369885, 6.594920007049734]}, "datetime": {"datetime": "2025-08-12 04:54:45", "elapsed": 44965.12503361702, "delta": 19.57713556289673}, "costs": {"total_cost": 181.65158248979307, "time_cost": 71.918, "final_distance_cost": 1.8355444259080544, "oscillation_cost": 20.73613963658863, "completition_cost": 0.0, "overshoot_cost": 51.57878274287111, "power_cost": 14.171413464355469, "noise_cost": 21.41170222006981, "n_waypoints_completed": 9, "tot_waypoints": 9}}
{"target": -182.449751216108, "params": {"k_pid_pos": [0.6862247708761945, 0.005777920885509197, 0.0005795102135427487], "k_pid_alt": [1.8364017354330955, 0.006052498285245153, 0.009444307337848562], "k_pid_att": [50.79561331114642, 0.3159166094844256, 0.743384014180104], "k_pid_yaw": [0.5, 1e-06, 0.1], "k_pid_hsp": [0.09567572079451377, 0.009197687942658914, 0.0], "k_pid_vsp": [133.34295780333247, 115.02909303685203, 7.274478454207997]}, "datetime": {"datetime": "2025-08-12 04:55:03", "elapsed": 44982.58302259445, "delta": 17.45798897743225}, "costs": {"total_cost": 182.449751216108, "time_cost": 70.959, "final_distance_cost": 1.7985926386734232, "oscillation_cost": 23.481485327159408, "completition_cost": 0.0, "overshoot_cost": 51.049501794371054, "power_cost": 14.15039696044922, "noise_cost": 21.01077449545487, "n_waypoints_completed": 9, "tot_waypoints": 9}}
{"target": -182.0059911350151, "params": {"k_pid_pos": [0.557572284864965, 0.006458625683796518, 0.00055702456415112], "k_pid_alt": [1.5459432582060808, 0.005473092553400213, 0.010392348784898574], "k_pid_att": [41.292282779385225, 0.36140551732239956, 0.6690222381218606], "k_pid_yaw": [0.5, 1e-06, 0.1], "k_pid_hsp": [0.11265968402188402, 0.010139955757992349, 0.0], "k_pid_vsp": [151.76794954226554, 142.63233195838893, 7.5188182375849975]}, "datetime": {"datetime": "2025-08-12 04:55:22", "elapsed": 45001.618195056915, "delta": 19.03517246246338}, "costs": {"total_cost": 182.0059911350151, "time_cost": 71.456, "final_distance_cost": 1.8433670365963084, "oscillation_cost": 22.199575310628862, "completition_cost": 0.0, "overshoot_cost": 50.80370972254291, "power_cost": 14.215922180175783, "noise_cost": 21.487416885071255, "n_waypoints_completed": 9, "tot_waypoints": 9}}
{"target": -181.51492506988862, "params": {"k_pid_pos": [0.5199286349580675, 0.006627038854728787, 0.00048354264420680883], "k_pid_alt": [1.3579614550809829, 0.004130785495728458, 0.008867762864372542], "k_pid_att": [44.91561275206513, 0.3226122785943721, 0.7428467755920319], "k_pid_yaw": [0.5, 1e-06, 0.1], "k_pid_hsp": [0.088946490934807, 0.010410071525912045, 0.0], "k_pid_vsp": [129.56553741202555, 132.36970481422838, 7.521628607369418]}, "datetime": {"datetime": "2025-08-12 04:55:39", "elapsed": 45018.90451288223, "delta": 17.286317825317383}, "costs": {"total_cost": 181.51492506988862, "time_cost": 72.345, "final_distance_cost": 1.8226714610539894, "oscillation_cost": 20.422590052066592, "completition_cost": 0.0, "overshoot_cost": 51.220319464275356, "power_cost": 14.113828186035157, "noise_cost": 21.590515906457522, "n_waypoints_completed": 9, "tot_waypoints": 9}}
