{"target": -217.0506369225196, "params": {"k_pid_pos": [0.6699285036190151, 0.02514655579168842, 0.01656156423334385], "k_pid_alt": [2.0, 0.004372079211661085, 0.042122702111526876], "k_pid_att": [25.024627939111085, 0.572648887503041, 0.1727201485335591], "k_pid_yaw": [0.5, 1e-06, 0.1], "k_pid_hsp": [0.18573056805294352, 0.00740003917670706, 0.0], "k_pid_vsp": [0.0, 79.88366759486163, 2.195537745818004]}, "datetime": {"datetime": "2025-08-11 20:19:55", "elapsed": 14074.94261097908, "delta": 21.144604206085205}, "costs": {"total_cost": 217.0506369225196, "time_cost": 84.903, "final_distance_cost": 1.8105088601354138, "oscillation_cost": 34.14842017070853, "completition_cost": 0.0, "overshoot_cost": 54.64948440627705, "power_cost": 20.910809826660156, "noise_cost": 20.628413658738417, "n_waypoints_completed": 9, "tot_waypoints": 9}}
{"target": -187.16417140182335, "params": {"k_pid_pos": [0.471814674577391, 0.008530202020051727, 0.009442010658298448], "k_pid_alt": [1.3658993034638887, 0.008675737974958147, 0.03918249434200882], "k_pid_att": [30.03095500104868, 0.7762984437250307, 0.4306299690770472], "k_pid_yaw": [0.5, 1e-06, 0.1], "k_pid_hsp": [0.13904410461255182, 0.0003348071930527512, 0.0], "k_pid_vsp": [197.93611186440617, 137.05312077377914, 2.6396230501189315]}, "datetime": {"datetime": "2025-08-11 20:20:14", "elapsed": 14093.75374007225, "delta": 18.811129093170166}, "costs": {"total_cost": 187.16417140182335, "time_cost": 74.97, "final_distance_cost": 1.8438167569148545, "oscillation_cost": 21.075393869213464, "completition_cost": 0.0, "overshoot_cost": 51.44108180749897, "power_cost": 14.68895487060547, "noise_cost": 23.144924097590593, "n_waypoints_completed": 9, "tot_waypoints": 9}}
{"target": -238.13139969497666, "params": {"k_pid_pos": [0.19536076711982206, 0.036689781864687215, 0.010255029447496334], "k_pid_alt": [2.0, 0.0007280730830974387, 0.029591317427365427], "k_pid_att": [29.36268047388043, 0.5140558045357513, 0.5988241314300067], "k_pid_yaw": [0.5, 1e-06, 0.1], "k_pid_hsp": [0.09937076327780887, 0.007880354495287503, 0.0], "k_pid_vsp": [192.46195592118877, 75.23107839824547, 6.157328455504579]}, "datetime": {"datetime": "2025-08-11 20:20:40", "elapsed": 14120.2516143322, "delta": 26.49787425994873}, "costs": {"total_cost": 238.13139969497666, "time_cost": 108.227, "final_distance_cost": 1.8618188930250328, "oscillation_cost": 12.798329023262164, "completition_cost": 0.0, "overshoot_cost": 58.27465622678083, "power_cost": 19.980519201660158, "noise_cost": 36.98907635024845, "n_waypoints_completed": 9, "tot_waypoints": 9}}
{"target": -184.75226994307198, "params": {"k_pid_pos": [0.7331752133765047, 0.01718899980969168, 0.013782515239041523], "k_pid_alt": [1.1612634798978956, 0.005868697566085497, 0.02463889038319729], "k_pid_att": [51.97910998326564, 0.6117715966374546, 0.9982740741571604], "k_pid_yaw": [0.5, 1e-06, 0.1], "k_pid_hsp": [0.08625315843263341, 0.01110208324908696, 0.0], "k_pid_vsp": [102.71534200494163, 119.9538302839519, 2.0522745972564933]}, "datetime": {"datetime": "2025-08-11 20:20:59", "elapsed": 14138.766299724579, "delta": 18.51468539237976}, "costs": {"total_cost": 184.75226994307198, "time_cost": 72.254, "final_distance_cost": 1.8152273434174526, "oscillation_cost": 24.32095264252524, "completition_cost": 0.0, "overshoot_cost": 50.92236214001263, "power_cost": 14.391255773925781, "noise_cost": 21.048472043190845, "n_waypoints_completed": 9, "tot_waypoints": 9}}
{"target": -186.639336735626, "params": {"k_pid_pos": [1.1195214249425636, 0.02024987225353909, 0.0], "k_pid_alt": [1.8523213650301045, 0.007379640392624071, 0.02995768654195238], "k_pid_att": [24.819491227671378, 0.13020678474090305, 0.7281606394439133], "k_pid_yaw": [0.5, 1e-06, 0.1], "k_pid_hsp": [0.15805383806691978, 0.005793598866539671, 0.0], "k_pid_vsp": [177.10232798924596, 84.61657426747618, 4.992312329303366]}, "datetime": {"datetime": "2025-08-11 20:21:17", "elapsed": 14156.669334173203, "delta": 17.903034448623657}, "costs": {"total_cost": 186.639336735626, "time_cost": 69.384, "final_distance_cost": 1.7909781118245909, "oscillation_cost": 29.505310523488475, "completition_cost": 0.0, "overshoot_cost": 50.848175405208224, "power_cost": 14.475179272460938, "noise_cost": 20.635693422643797, "n_waypoints_completed": 9, "tot_waypoints": 9}}
{"target": -187.30496379792757, "params": {"k_pid_pos": [0.9522918897914359, 0.03752315783335498, 0.0130295845575533], "k_pid_alt": [1.5271568508544873, 0.005288380015641935, 0.03725356490091136], "k_pid_att": [32.259170298972585, 0.20194848491604525, 0.5023895368737407], "k_pid_yaw": [0.5, 1e-06, 0.1], "k_pid_hsp": [0.10530653403216972, 0.004387298862731404, 0.0], "k_pid_vsp": [129.00582142651632, 96.32719734243331, 2.369528699717698]}, "datetime": {"datetime": "2025-08-11 20:21:36", "elapsed": 14175.826009273529, "delta": 19.156675100326538}, "costs": {"total_cost": 187.30496379792757, "time_cost": 71.673, "final_distance_cost": 1.7812513285457727, "oscillation_cost": 26.889755696585386, "completition_cost": 0.0, "overshoot_cost": 51.21415952530624, "power_cost": 14.596177734375, "noise_cost": 21.150619513115135, "n_waypoints_completed": 9, "tot_waypoints": 9}}
{"target": -186.65060172659352, "params": {"k_pid_pos": [1.1086003609447461, 0.038373271554848674, 0.012053831312827416], "k_pid_alt": [1.7856049597504047, 0.006270623148645162, 0.04865829433676109], "k_pid_att": [23.61160512595636, 0.5952600162301824, 0.5738646578481691], "k_pid_yaw": [0.5, 1e-06, 0.1], "k_pid_hsp": [0.19308693119826867, 0.014387127062919869, 0.0], "k_pid_vsp": [163.12418930920512, 87.61236647098906, 3.5321501987658954]}, "datetime": {"datetime": "2025-08-11 20:21:53", "elapsed": 14192.98369216919, "delta": 17.1576828956604}, "costs": {"total_cost": 186.65060172659352, "time_cost": 69.041, "final_distance_cost": 1.7925930030940884, "oscillation_cost": 30.44708230827822, "completition_cost": 0.0, "overshoot_cost": 50.483330612735664, "power_cost": 14.43864208984375, "noise_cost": 20.447953712641812, "n_waypoints_completed": 9, "tot_waypoints": 9}}
{"target": -193.5871316522432, "params": {"k_pid_pos": [0.3291909645692, 0.04515681258942896, 0.005974398423968428], "k_pid_alt": [2.0, 0.004451083171995403, 0.04479463509892865], "k_pid_att": [49.43565249785365, 0.2671865130047546, 0.6270814604730833], "k_pid_yaw": [0.5, 1e-06, 0.1], "k_pid_hsp": [0.10924741443243019, 0.007112307251180704, 0.0], "k_pid_vsp": [161.25138674935863, 35.73576029812657, 3.7777030401636806]}, "datetime": {"datetime": "2025-08-11 20:22:14", "elapsed": 14213.51254439354, "delta": 20.528852224349976}, "costs": {"total_cost": 193.5871316522432, "time_cost": 80.311, "final_distance_cost": 1.851933663875259, "oscillation_cost": 16.825992266335625, "completition_cost": 0.0, "overshoot_cost": 53.75424797976883, "power_cost": 15.426504760742189, "noise_cost": 25.417452981521297, "n_waypoints_completed": 9, "tot_waypoints": 9}}
{"target": -257.3374079052071, "params": {"k_pid_pos": [1.030833366913325, 0.04137886371322302, 0.012642512493195647], "k_pid_alt": [1.8334704552393895, 0.005059968317895354, 0.0194527365995675], "k_pid_att": [31.827075162001183, 0.4570240046523239, 0.6115238187844401], "k_pid_yaw": [0.5, 1e-06, 0.1], "k_pid_hsp": [0.03414910094383066, 0.012023574395581998, 0.0], "k_pid_vsp": [78.21629948081953, 100.68176552038837, 4.827666968977486]}, "datetime": {"datetime": "2025-08-11 20:22:43", "elapsed": 14243.337648630142, "delta": 29.825104236602783}, "costs": {"total_cost": 257.3374079052071, "time_cost": 114.59700000000001, "final_distance_cost": 1.7746576449694778, "oscillation_cost": 26.934019184167074, "completition_cost": 0.0, "overshoot_cost": 59.08698133670918, "power_cost": 22.063830322265627, "noise_cost": 32.88091941709571, "n_waypoints_completed": 9, "tot_waypoints": 9}}
{"target": -186.55586149192533, "params": {"k_pid_pos": [1.019370685780752, 0.036312203901686005, 0.006448287383602533], "k_pid_alt": [0.8091141351539579, 0.0016096735707561679, 0.011651531509615398], "k_pid_att": [19.215622632581763, 0.09563829338505149, 0.8283625825147425], "k_pid_yaw": [0.5, 1e-06, 0.1], "k_pid_hsp": [0.162068223984265, 0.006780261080515842, 0.0], "k_pid_vsp": [175.89335606453434, 162.45221577488192, 3.255121498487427]}, "datetime": {"datetime": "2025-08-11 20:23:01", "elapsed": 14260.677481412888, "delta": 17.33983278274536}, "costs": {"total_cost": 186.55586149192533, "time_cost": 70.686, "final_distance_cost": 1.8240609797874492, "oscillation_cost": 29.013353801452766, "completition_cost": 0.0, "overshoot_cost": 49.8432962917219, "power_cost": 14.53638095703125, "noise_cost": 20.65276946193198, "n_waypoints_completed": 9, "tot_waypoints": 9}}
{"target": -185.09015736938449, "params": {"k_pid_pos": [0.6074698211571251, 0.02586926195611311, 0.0035435778339813775], "k_pid_alt": [1.4183511562616478, 0.006431137782845882, 0.03820066470760717], "k_pid_att": [15.769679333071325, 0.9053090197280399, 0.5327350361828408], "k_pid_yaw": [0.5, 1e-06, 0.1], "k_pid_hsp": [0.10140768791447012, 0.011621380645860616, 0.0], "k_pid_vsp": [132.5665616909993, 29.725771181602948, 1.6499275120319867]}, "datetime": {"datetime": "2025-08-11 20:23:19", "elapsed": 14279.31518125534, "delta": 18.637699842453003}, "costs": {"total_cost": 185.09015736938449, "time_cost": 72.611, "final_distance_cost": 1.818950606877577, "oscillation_cost": 22.983820112718778, "completition_cost": 0.0, "overshoot_cost": 51.77509608778242, "power_cost": 14.322592150878908, "noise_cost": 21.5786984111268, "n_waypoints_completed": 9, "tot_waypoints": 9}}
{"target": -183.92252385473324, "params": {"k_pid_pos": [0.6790349888019444, 0.009241688591760786, 0.016393863846296153], "k_pid_alt": [1.465439021075026, 0.009217647003873597, 0.011966105025526105], "k_pid_att": [12.301160468354206, 1.0100812063694689, 0.7258886836524638], "k_pid_yaw": [0.5, 1e-06, 0.1], "k_pid_hsp": [0.1409131282810824, 0.010787981287380448, 0.0], "k_pid_vsp": [195.70689265212727, 35.71737843348471, 3.542164865377049]}, "datetime": {"datetime": "2025-08-11 20:23:37", "elapsed": 14297.035212516785, "delta": 17.720031261444092}, "costs": {"total_cost": 183.92252385473324, "time_cost": 70.868, "final_distance_cost": 1.825240399904772, "oscillation_cost": 24.525010895893153, "completition_cost": 0.0, "overshoot_cost": 51.24647870619361, "power_cost": 14.172698010253907, "noise_cost": 21.2850958424878, "n_waypoints_completed": 9, "tot_waypoints": 9}}
{"target": -184.60484211485917, "params": {"k_pid_pos": [0.9405703016182375, 0.011346247390946576, 0.006586545961892137], "k_pid_alt": [1.0682740675679439, 0.010877715068705959, 0.02763286621736145], "k_pid_att": [35.6637061205234, 0.4278934819063572, 0.6059960528854168], "k_pid_yaw": [0.5, 1e-06, 0.1], "k_pid_hsp": [0.13378065570039907, 0.013976968431412952, 0.0], "k_pid_vsp": [32.339058427664234, 48.19980901194915, 4.874218294640772]}, "datetime": {"datetime": "2025-08-11 20:23:55", "elapsed": 14314.538686990738, "delta": 17.503474473953247}, "costs": {"total_cost": 184.60484211485917, "time_cost": 69.461, "final_distance_cost": 1.8228150030873895, "oscillation_cost": 28.11298997904638, "completition_cost": 0.0, "overshoot_cost": 50.60352182855629, "power_cost": 14.168607568359375, "noise_cost": 20.435907735809764, "n_waypoints_completed": 9, "tot_waypoints": 9}}
{"target": -187.86271511266634, "params": {"k_pid_pos": [1.1711777090315971, 0.010521294022674843, 0.016681147376755877], "k_pid_alt": [2.0, 0.005409948033624746, 0.03826926061703089], "k_pid_att": [31.454276851484817, 0.21763641373421583, 0.663161564822977], "k_pid_yaw": [0.5, 1e-06, 0.1], "k_pid_hsp": [0.13417895355800388, 0.008656136057489652, 0.0], "k_pid_vsp": [51.93494911199932, 80.81138880898395, 2.8677265631984272]}, "datetime": {"datetime": "2025-08-11 20:24:13", "elapsed": 14332.674618959427, "delta": 18.135931968688965}, "costs": {"total_cost": 187.86271511266634, "time_cost": 69.531, "final_distance_cost": 1.7905136530760015, "oscillation_cost": 30.379341239413314, "completition_cost": 0.0, "overshoot_cost": 50.96808609226341, "power_cost": 14.618292834472657, "noise_cost": 20.57548129344092, "n_waypoints_completed": 9, "tot_waypoints": 9}}
{"target": -184.45045038223145, "params": {"k_pid_pos": [0.6277271253950327, 0.0011319108441812402, 0.005684786949545065], "k_pid_alt": [2.0, 0.00708735314033691, 0.025528208046645712], "k_pid_att": [49.88927513782986, 0.8617036078691296, 0.23661920320899313], "k_pid_yaw": [0.5, 1e-06, 0.1], "k_pid_hsp": [0.1190526973349777, 0.012395233738095625, 0.0], "k_pid_vsp": [141.0612473214405, 22.76646449217346, 4.813485460425608]}, "datetime": {"datetime": "2025-08-11 20:24:31", "elapsed": 14350.687695264816, "delta": 18.013076305389404}, "costs": {"total_cost": 184.45045038223145, "time_cost": 71.736, "final_distance_cost": 1.8415667296428289, "oscillation_cost": 23.581491649689646, "completition_cost": 0.0, "overshoot_cost": 51.38702658759409, "power_cost": 14.313007751464845, "noise_cost": 21.591357663840014, "n_waypoints_completed": 9, "tot_waypoints": 9}}
{"target": -185.438768036829, "params": {"k_pid_pos": [0.5863302605435011, 0.029620039859199542, 0.0], "k_pid_alt": [1.764746644818229, 0.008920096181801996, 0.03694727671898051], "k_pid_att": [6.750440539764064, 0.5925572997872449, 0.8579123684889595], "k_pid_yaw": [0.5, 1e-06, 0.1], "k_pid_hsp": [0.18075360925893125, 0.006546624735216781, 0.0], "k_pid_vsp": [119.07109882485334, 100.7151775781545, 4.518424043660835]}, "datetime": {"datetime": "2025-08-11 20:24:49", "elapsed": 14368.754092693329, "delta": 18.066397428512573}, "costs": {"total_cost": 185.438768036829, "time_cost": 72.023, "final_distance_cost": 1.8447865408817181, "oscillation_cost": 23.97243461831344, "completition_cost": 0.0, "overshoot_cost": 51.415052584257545, "power_cost": 14.34689881591797, "noise_cost": 21.83659547745833, "n_waypoints_completed": 9, "tot_waypoints": 9}}
{"target": -191.08415140476302, "params": {"k_pid_pos": [0.486644926530902, 0.040563835687287865, 0.007712196596784994], "k_pid_alt": [2.0, 0.006298618111574413, 0.01554606168658007], "k_pid_att": [56.93233303355655, 0.5134718555798271, 0.005272228515101562], "k_pid_yaw": [0.5, 1e-06, 0.1], "k_pid_hsp": [0.12170068198959703, 0.009993505828039071, 0.0], "k_pid_vsp": [186.7656117152544, 60.097455585833536, 3.6780988246486763]}, "datetime": {"datetime": "2025-08-11 20:25:07", "elapsed": 14387.238295078278, "delta": 18.48420238494873}, "costs": {"total_cost": 191.08415140476302, "time_cost": 73.283, "final_distance_cost": 1.829114539117905, "oscillation_cost": 27.267258045823457, "completition_cost": 0.0, "overshoot_cost": 51.834404611445954, "power_cost": 14.499296411132812, "noise_cost": 22.371077797242904, "n_waypoints_completed": 9, "tot_waypoints": 9}}
{"target": -188.91025004002984, "params": {"k_pid_pos": [0.7385440542769904, 0.029131212113675628, 0.03011229113766761], "k_pid_alt": [2.0, 0.006503514423266883, 0.015128480256924324], "k_pid_att": [30.468887717139086, 0.0001, 0.4900981765459577], "k_pid_yaw": [0.5, 1e-06, 0.1], "k_pid_hsp": [0.06389549932564258, 0.009744674603213552, 0.0], "k_pid_vsp": [66.27102467755724, 70.82506192936462, 4.073025514885825]}, "datetime": {"datetime": "2025-08-11 20:25:26", "elapsed": 14405.646566152573, "delta": 18.408271074295044}, "costs": {"total_cost": 188.91025004002984, "time_cost": 74.529, "final_distance_cost": 1.7925948400252638, "oscillation_cost": 23.053791214206203, "completition_cost": 0.0, "overshoot_cost": 52.75529750403766, "power_cost": 14.740552294921876, "noise_cost": 22.039014186838855, "n_waypoints_completed": 9, "tot_waypoints": 9}}
{"target": -198.23525662357542, "params": {"k_pid_pos": [1.0306512795179983, 0.03298422975663353, 0.0033527854154375646], "k_pid_alt": [1.6614393772773373, 0.0076505644663861505, 0.02980456851078425], "k_pid_att": [32.53086717293382, 0.636787959240941, 0.5898024244760006], "k_pid_yaw": [0.5, 1e-06, 0.1], "k_pid_hsp": [0.06134767355381334, 0.015137192964159345, 0.0], "k_pid_vsp": [168.98213343789965, 90.24893605459765, 4.166297359847268]}, "datetime": {"datetime": "2025-08-11 20:25:45", "elapsed": 14425.181034326553, "delta": 19.534468173980713}, "costs": {"total_cost": 198.23525662357542, "time_cost": 76.97200000000001, "final_distance_cost": 1.7491442566598936, "oscillation_cost": 29.45608278483369, "completition_cost": 0.0, "overshoot_cost": 52.328577453559994, "power_cost": 15.454695861816408, "noise_cost": 22.27475626670541, "n_waypoints_completed": 9, "tot_waypoints": 9}}
{"target": -186.70622723163086, "params": {"k_pid_pos": [0.7922571585632042, 0.038768496662265235, 0.011402574266245094], "k_pid_alt": [1.3702756991790732, 0.004643334211456051, 0.03941561563966783], "k_pid_att": [19.88226565005674, 0.04851356673549545, 0.6054570557244316], "k_pid_yaw": [0.5, 1e-06, 0.1], "k_pid_hsp": [0.08224005167448056, 0.010979732279878732, 0.0], "k_pid_vsp": [134.87751833816245, 84.97309233497201, 3.1386226558912558]}, "datetime": {"datetime": "2025-08-11 20:26:04", "elapsed": 14443.426180362701, "delta": 18.24514603614807}, "costs": {"total_cost": 186.70622723163086, "time_cost": 72.646, "final_distance_cost": 1.792888168788999, "oscillation_cost": 25.349688969477768, "completition_cost": 0.0, "overshoot_cost": 50.97510778457836, "power_cost": 14.554761340332032, "noise_cost": 21.387780968453722, "n_waypoints_completed": 9, "tot_waypoints": 9}}
{"target": -183.94179269706876, "params": {"k_pid_pos": [0.7878607527026656, 0.028892982926081213, 0.016108451702983594], "k_pid_alt": [2.0, 0.005255470172921637, 0.01886640532159906], "k_pid_att": [50.42537131794671, 0.916821235779797, 0.6316208175497818], "k_pid_yaw": [0.5, 1e-06, 0.1], "k_pid_hsp": [0.19032651674790171, 0.011044548377772453, 0.0], "k_pid_vsp": [193.7962570380939, 88.20642832181507, 3.494007009939771]}, "datetime": {"datetime": "2025-08-11 20:26:21", "elapsed": 14461.095468044281, "delta": 17.66928768157959}, "costs": {"total_cost": 183.94179269706876, "time_cost": 70.098, "final_distance_cost": 1.834995749424235, "oscillation_cost": 25.893493311349843, "completition_cost": 0.0, "overshoot_cost": 50.831282333019274, "power_cost": 14.286112329101563, "noise_cost": 20.99790897417384, "n_waypoints_completed": 9, "tot_waypoints": 9}}
{"target": -184.81873512300973, "params": {"k_pid_pos": [0.7132004497871196, 0.018884004724279372, 0.00914721871320792], "k_pid_alt": [1.4216759326001618, 0.0037435823081543467, 0.057342787378579875], "k_pid_att": [31.345912450543846, 1.093771489938747, 0.5563856914365847], "k_pid_yaw": [0.5, 1e-06, 0.1], "k_pid_hsp": [0.08841138857917341, 0.00950473205182019, 0.0], "k_pid_vsp": [117.25785009970615, 36.43758475060302, 4.049162216068129]}, "datetime": {"datetime": "2025-08-11 20:26:39", "elapsed": 14479.126961946487, "delta": 18.03149390220642}, "costs": {"total_cost": 184.81873512300973, "time_cost": 72.436, "final_distance_cost": 1.810255231648305, "oscillation_cost": 23.863989719463213, "completition_cost": 0.0, "overshoot_cost": 51.06813413330938, "power_cost": 14.291883569335939, "noise_cost": 21.348472469252886, "n_waypoints_completed": 9, "tot_waypoints": 9}}
{"target": -185.70123200972995, "params": {"k_pid_pos": [1.015068801251757, 0.03399193467178525, 0.007569812212250792], "k_pid_alt": [1.3979918622680536, 0.005326531908367821, 0.0461620641163796], "k_pid_att": [33.67029178572008, 0.13606884017947124, 0.5799564562301812], "k_pid_yaw": [0.5, 1e-06, 0.1], "k_pid_hsp": [0.13012375568004686, 0.011969145296776859, 0.0], "k_pid_vsp": [46.877262441977756, 36.528457773369674, 1.5360228905182296]}, "datetime": {"datetime": "2025-08-11 20:26:56", "elapsed": 14496.186212062836, "delta": 17.059250116348267}, "costs": {"total_cost": 185.70123200972995, "time_cost": 69.447, "final_distance_cost": 1.7917154182679282, "oscillation_cost": 29.142283886434694, "completition_cost": 0.0, "overshoot_cost": 50.585365530863776, "power_cost": 14.28393505859375, "noise_cost": 20.45093211556979, "n_waypoints_completed": 9, "tot_waypoints": 9}}
{"target": -186.00538191120557, "params": {"k_pid_pos": [0.8802404896020154, 0.0, 0.0], "k_pid_alt": [1.6630140830406048, 0.009136154954927748, 0.026109023326830624], "k_pid_att": [31.52763438218528, 0.28077793972205184, 0.07867939121893329], "k_pid_yaw": [0.5, 1e-06, 0.1], "k_pid_hsp": [0.22289616826105643, 0.008954661594498876, 0.0], "k_pid_vsp": [171.24408299486302, 82.70392426466191, 4.835180414362617]}, "datetime": {"datetime": "2025-08-11 20:27:14", "elapsed": 14514.258498191833, "delta": 18.072286128997803}, "costs": {"total_cost": 186.00538191120557, "time_cost": 69.783, "final_distance_cost": 1.8378424189026512, "oscillation_cost": 28.611223191829183, "completition_cost": 0.0, "overshoot_cost": 50.47936993291067, "power_cost": 14.345325854492188, "noise_cost": 20.9486205130709, "n_waypoints_completed": 9, "tot_waypoints": 9}}
{"target": -213.4002263329157, "params": {"k_pid_pos": [0.3246992677993615, 0.0, 0.006936015207594022], "k_pid_alt": [1.8257352420785107, 0.010098290486221882, 0.010452757406587155], "k_pid_att": [45.33163604115023, 0.5980105930026691, 0.3093157469559495], "k_pid_yaw": [0.5, 1e-06, 0.1], "k_pid_hsp": [0.1335647462314757, 0.011428518358990196, 0.0], "k_pid_vsp": [131.07386488075784, 33.42085397895119, 1.8850778090296434]}, "datetime": {"datetime": "2025-08-11 20:27:37", "elapsed": 14537.121491670609, "delta": 22.862993478775024}, "costs": {"total_cost": 213.4002263329157, "time_cost": 90.755, "final_distance_cost": 1.8638830919100395, "oscillation_cost": 18.82754456430171, "completition_cost": 0.0, "overshoot_cost": 53.49454723826413, "power_cost": 17.24295177001953, "noise_cost": 31.216299668420316, "n_waypoints_completed": 9, "tot_waypoints": 9}}
