{"target": -184.06529830810473, "params": {"k_pid_pos": [0.730661082138469, 0.013188936244957927, 0.0009252691826436978], "k_pid_alt": [1.2214256945922566, 0.005062502290700474, 0.03267528790798397], "k_pid_att": [24.467400362249276, 0.2954029810250041, 1.0], "k_pid_yaw": [0.5, 1e-06, 0.1], "k_pid_hsp": [0.09125518316143932, 0.008675144733813034, 0.0], "k_pid_vsp": [94.42944899223141, 67.86574629292285, 5.973819181312874]}, "datetime": {"datetime": "2025-08-11 21:59:39", "elapsed": 20058.372355222702, "delta": 18.18180561065674}, "costs": {"total_cost": 184.06529830810473, "time_cost": 72.002, "final_distance_cost": 1.7992333854072313, "oscillation_cost": 23.868299691684044, "completition_cost": 0.0, "overshoot_cost": 50.84999715473784, "power_cost": 14.316835754394532, "noise_cost": 21.228932321881082, "n_waypoints_completed": 9, "tot_waypoints": 9}}
{"target": -182.16216647171245, "params": {"k_pid_pos": [0.5681846475377829, 0.009773467291070523, 0.0005290655274082091], "k_pid_alt": [1.6792171412395838, 0.003338880134841668, 0.019532523612406805], "k_pid_att": [36.55507104469577, 0.3977135888754482, 1.0], "k_pid_yaw": [0.5, 1e-06, 0.1], "k_pid_hsp": [0.11218318331888842, 0.004675549106746227, 0.0], "k_pid_vsp": [114.21663803472207, 254.27305698004253, 6.844098926613615]}, "datetime": {"datetime": "2025-08-11 21:59:57", "elapsed": 20076.554447889328, "delta": 18.182092666625977}, "costs": {"total_cost": 182.16216647171245, "time_cost": 71.477, "final_distance_cost": 1.8339213080272785, "oscillation_cost": 22.241710372044256, "completition_cost": 0.0, "overshoot_cost": 51.029277337682835, "power_cost": 14.187331286621095, "noise_cost": 21.39292616733701, "n_waypoints_completed": 9, "tot_waypoints": 9}}
{"target": -184.27437127067984, "params": {"k_pid_pos": [0.585557050235205, 0.00562286243934135, 0.0005731965589111164], "k_pid_alt": [1.5236631146990132, 0.005406623904719813, 0.004507945105038121], "k_pid_att": [36.99628736035866, 0.39016152767566226, 0.8262863240518031], "k_pid_yaw": [0.5, 1e-06, 0.1], "k_pid_hsp": [0.1401947037383038, 0.00945171094183205, 0.0], "k_pid_vsp": [56.61009730333942, 104.51612278039597, 9.15733978635016]}, "datetime": {"datetime": "2025-08-11 22:00:15", "elapsed": 20095.01763510704, "delta": 18.463187217712402}, "costs": {"total_cost": 184.27437127067984, "time_cost": 71.435, "final_distance_cost": 1.841138152026883, "oscillation_cost": 24.180241327101697, "completition_cost": 0.0, "overshoot_cost": 50.63033614369847, "power_cost": 16.462340405273437, "noise_cost": 19.72531524257933, "n_waypoints_completed": 9, "tot_waypoints": 9}}
{"target": -231.40204313872692, "params": {"k_pid_pos": [0.6367615326569925, 0.00988978693495692, 0.0005001866203879293], "k_pid_alt": [2.0, 0.006112028415404206, 0.006643101599276113], "k_pid_att": [31.664448168804196, 0.5778874145948721, 0.9681938463484391], "k_pid_yaw": [0.5, 1e-06, 0.1], "k_pid_hsp": [0.029979180058093493, 0.013271092319254349, 0.0], "k_pid_vsp": [111.14590136880945, 129.45714647236355, 4.418243594247106]}, "datetime": {"datetime": "2025-08-11 22:00:41", "elapsed": 20121.024565458298, "delta": 26.006930351257324}, "costs": {"total_cost": 231.40204313872692, "time_cost": 102.879, "final_distance_cost": 1.780737138459717, "oscillation_cost": 17.510820630774937, "completition_cost": 0.0, "overshoot_cost": 59.98868466885864, "power_cost": 19.269312890625002, "noise_cost": 29.973487810008635, "n_waypoints_completed": 9, "tot_waypoints": 9}}
{"target": -182.96487516104438, "params": {"k_pid_pos": [0.45524489818076375, 0.007910356858867618, 0.00084971765863264], "k_pid_alt": [1.6838221424972686, 0.004276911094632024, 0.023302606711592264], "k_pid_att": [35.46843127257416, 0.3789747146335169, 0.2948318772598136], "k_pid_yaw": [0.5, 1e-06, 0.1], "k_pid_hsp": [0.08075415100840912, 0.008224639772103429, 0.0], "k_pid_vsp": [22.3193317344442, 156.10524795633788, 6.391828889526209]}, "datetime": {"datetime": "2025-08-11 22:01:01", "elapsed": 20140.732886314392, "delta": 19.70832085609436}, "costs": {"total_cost": 182.96487516104438, "time_cost": 73.752, "final_distance_cost": 1.8402905003561776, "oscillation_cost": 18.79185316637473, "completition_cost": 0.0, "overshoot_cost": 51.82087554389869, "power_cost": 14.860998571777344, "noise_cost": 21.89885737863745, "n_waypoints_completed": 9, "tot_waypoints": 9}}
{"target": -198.03406528448915, "params": {"k_pid_pos": [0.3897045425700247, 0.008487642678786475, 0.000564261422787004], "k_pid_alt": [1.6422215371055218, 0.0035564138659795797, 0.022845907876860336], "k_pid_att": [76.31994983781127, 0.40827171030143106, 0.880501957506128], "k_pid_yaw": [0.5, 1e-06, 0.1], "k_pid_hsp": [0.1705337043550882, 0.013622469290031214, 0.0], "k_pid_vsp": [103.13069802868024, 70.52201970041362, 5.932804532130092]}, "datetime": {"datetime": "2025-08-11 22:01:22", "elapsed": 20161.741577148438, "delta": 21.00869083404541}, "costs": {"total_cost": 198.03406528448915, "time_cost": 80.955, "final_distance_cost": 1.8600608291381902, "oscillation_cost": 21.757921971425304, "completition_cost": 0.0, "overshoot_cost": 51.81762898622722, "power_cost": 15.72114267578125, "noise_cost": 25.922310821917183, "n_waypoints_completed": 9, "tot_waypoints": 9}}
{"target": -193.60138644085845, "params": {"k_pid_pos": [0.33335800232087354, 0.007628403912033291, 0.0006989722840553707], "k_pid_alt": [0.9708475198822347, 0.004380821571314517, 0.026988067279462864], "k_pid_att": [32.299229253018325, 0.2988056612198678, 1.0], "k_pid_yaw": [0.5, 1e-06, 0.1], "k_pid_hsp": [0.10076892945983527, 0.005718766234054175, 0.0], "k_pid_vsp": [135.21920736951031, 77.51703245063113, 4.821128230059867]}, "datetime": {"datetime": "2025-08-11 22:01:42", "elapsed": 20182.21296429634, "delta": 20.471387147903442}, "costs": {"total_cost": 193.60138644085845, "time_cost": 81.613, "final_distance_cost": 1.8552921362686245, "oscillation_cost": 16.265766045228784, "completition_cost": 0.0, "overshoot_cost": 52.65629377369545, "power_cost": 15.430569165039064, "noise_cost": 25.780465320626504, "n_waypoints_completed": 9, "tot_waypoints": 9}}
{"target": -182.42783118754244, "params": {"k_pid_pos": [0.5523697152655812, 0.0073652813253157964, 0.0007047794170816458], "k_pid_alt": [1.1468247810596301, 0.0035462981099654983, 0.0168022613300262], "k_pid_att": [39.945851144153266, 0.3682101199640655, 0.994489295729001], "k_pid_yaw": [0.5, 1e-06, 0.1], "k_pid_hsp": [0.09488441603992936, 0.009490948919785637, 0.0], "k_pid_vsp": [90.08401417033535, 37.27834149615296, 6.099347525395672]}, "datetime": {"datetime": "2025-08-11 22:02:00", "elapsed": 20200.215064764023, "delta": 18.002100467681885}, "costs": {"total_cost": 182.42783118754244, "time_cost": 72.205, "final_distance_cost": 1.8294599225717163, "oscillation_cost": 21.175315871224267, "completition_cost": 0.0, "overshoot_cost": 51.530515846114234, "power_cost": 14.11452508544922, "noise_cost": 21.57301446218297, "n_waypoints_completed": 9, "tot_waypoints": 9}}
{"target": -184.23573730758739, "params": {"k_pid_pos": [0.7615335976290799, 0.003797598141538004, 0.0004620220243137128], "k_pid_alt": [1.386072026105163, 0.00449556493621947, 0.02512000013297992], "k_pid_att": [34.76714548931427, 0.3754549369032661, 0.7776079511605526], "k_pid_yaw": [0.5, 1e-06, 0.1], "k_pid_hsp": [0.08725548656398822, 0.01144411843394722, 0.0], "k_pid_vsp": [93.59249429201698, 97.87529411104448, 5.18742529293807]}, "datetime": {"datetime": "2025-08-11 22:02:19", "elapsed": 20218.42462491989, "delta": 18.20956015586853}, "costs": {"total_cost": 184.23573730758739, "time_cost": 71.596, "final_distance_cost": 1.8222152335594097, "oscillation_cost": 24.836619705480516, "completition_cost": 0.0, "overshoot_cost": 50.60820427934942, "power_cost": 14.326310107421875, "noise_cost": 21.046387981776164, "n_waypoints_completed": 9, "tot_waypoints": 9}}
{"target": -213.89810161695777, "params": {"k_pid_pos": [0.31494910272672594, 0.004568584731778966, 0.00084252648590207], "k_pid_alt": [1.013975893034098, 0.005964913020491993, 0.01740819838865387], "k_pid_att": [74.51491601590693, 0.30910500499428806, 1.0], "k_pid_yaw": [0.5, 1e-06, 0.1], "k_pid_hsp": [0.08264425235011977, 0.011466126878054263, 0.0], "k_pid_vsp": [76.62105713872724, 67.9556983927249, 3.391950148254453]}, "datetime": {"datetime": "2025-08-11 22:02:42", "elapsed": 20241.481331586838, "delta": 23.05670666694641}, "costs": {"total_cost": 213.89810161695777, "time_cost": 92.93900000000001, "final_distance_cost": 1.8642429562338791, "oscillation_cost": 16.04174082602773, "completition_cost": 0.0, "overshoot_cost": 53.31010856886526, "power_cost": 17.411978576660157, "noise_cost": 32.33103068917074, "n_waypoints_completed": 9, "tot_waypoints": 9}}
{"target": -1217.4526499668934, "params": {"k_pid_pos": [0.03479609990732865, 0.0054422041292751175, 0.0004937496636219038], "k_pid_alt": [0.864905490283097, 0.005542506740681727, 0.015602920338574319], "k_pid_att": [64.02700608749528, 0.38800862284379983, 0.16664140016968107], "k_pid_yaw": [0.5, 1e-06, 0.1], "k_pid_hsp": [0.10515753882316176, 0.012571427784302291, 0.0], "k_pid_vsp": [77.3467003387788, 112.93850256049602, 5.6141529782094794]}, "datetime": {"datetime": "2025-08-11 22:03:13", "elapsed": 20272.47536110878, "delta": 30.99402952194214}, "costs": {"total_cost": 1217.4526499668934, "time_cost": 150, "final_distance_cost": 65.2084045295202, "oscillation_cost": 10.027721399244909, "completition_cost": 888.8888888888888, "overshoot_cost": 49.2527990428468, "power_cost": 20.99875799560547, "noise_cost": 33.07607811078727, "n_waypoints_completed": 1, "tot_waypoints": 9}}
{"target": -186.72589367249182, "params": {"k_pid_pos": [0.6565447722240639, 0.005351339956297317, 0.0008639900611479099], "k_pid_alt": [1.4418752514758808, 0.005545127210566863, 0.019924874309766208], "k_pid_att": [26.326889668830727, 0.4944875333258669, 1.0], "k_pid_yaw": [0.5, 1e-06, 0.1], "k_pid_hsp": [0.06472042350494657, 0.010923198885748412, 0.0], "k_pid_vsp": [70.88397128414604, 121.02449052951143, 8.062825616730949]}, "datetime": {"datetime": "2025-08-11 22:03:31", "elapsed": 20290.993785619736, "delta": 18.51842451095581}, "costs": {"total_cost": 186.72589367249182, "time_cost": 74.025, "final_distance_cost": 1.7762556171005277, "oscillation_cost": 21.925865165455804, "completition_cost": 0.0, "overshoot_cost": 52.61390643707422, "power_cost": 14.543655847167969, "noise_cost": 21.841210605693277, "n_waypoints_completed": 9, "tot_waypoints": 9}}
{"target": -185.8397622143502, "params": {"k_pid_pos": [0.8300425872157634, 0.0052744015273954005, 0.0005000583270371775], "k_pid_alt": [1.263068255950088, 0.006850383881065909, 0.02372441953824872], "k_pid_att": [43.03755337381637, 0.3902758283446371, 1.0], "k_pid_yaw": [0.5, 1e-06, 0.1], "k_pid_hsp": [0.08056203830905403, 0.010525647455368168, 0.0], "k_pid_vsp": [90.49468726887271, 97.13651608314005, 5.037278964146494]}, "datetime": {"datetime": "2025-08-11 22:03:50", "elapsed": 20309.444482803345, "delta": 18.45069718360901}, "costs": {"total_cost": 185.8397622143502, "time_cost": 72.19800000000001, "final_distance_cost": 1.8010159974479216, "oscillation_cost": 25.517985911822723, "completition_cost": 0.0, "overshoot_cost": 50.75892284283162, "power_cost": 14.444683947753907, "noise_cost": 21.119153514494023, "n_waypoints_completed": 9, "tot_waypoints": 9}}
{"target": -182.42085794938777, "params": {"k_pid_pos": [0.6822043358420763, 0.007998756590673485, 0.0008800001074155791], "k_pid_alt": [1.0357928014809425, 0.0067242450049135455, 0.0018459997992135515], "k_pid_att": [61.699374876211266, 0.44027231648550885, 0.7276142222593273], "k_pid_yaw": [0.5, 1e-06, 0.1], "k_pid_hsp": [0.10572970508456399, 0.014122198005100346, 0.0], "k_pid_vsp": [66.4159091972138, 124.35616672675364, 4.706445746369619]}, "datetime": {"datetime": "2025-08-11 22:04:07", "elapsed": 20327.02417063713, "delta": 17.57968783378601}, "costs": {"total_cost": 182.42085794938777, "time_cost": 70.756, "final_distance_cost": 1.8349733964055588, "oscillation_cost": 24.467350434674945, "completition_cost": 0.0, "overshoot_cost": 50.396331670024466, "power_cost": 14.162662182617188, "noise_cost": 20.803540265665575, "n_waypoints_completed": 9, "tot_waypoints": 9}}
{"target": -182.17684968837423, "params": {"k_pid_pos": [0.4982576442288617, 0.006217178134224954, 0.0007692687932358677], "k_pid_alt": [1.2483279049030707, 0.004459474204019453, 0.010768064899117242], "k_pid_att": [51.665578757329, 0.3000309833618771, 1.0], "k_pid_yaw": [0.5, 1e-06, 0.1], "k_pid_hsp": [0.09550583221142382, 0.008023697744488517, 0.0], "k_pid_vsp": [70.81768573035767, 117.67781157611, 7.784348408893258]}, "datetime": {"datetime": "2025-08-11 22:04:25", "elapsed": 20345.32734131813, "delta": 18.303170680999756}, "costs": {"total_cost": 182.17684968837423, "time_cost": 72.66, "final_distance_cost": 1.8286913123219959, "oscillation_cost": 20.04609645289037, "completition_cost": 0.0, "overshoot_cost": 51.440676916565415, "power_cost": 14.357261096191406, "noise_cost": 21.844123910405063, "n_waypoints_completed": 9, "tot_waypoints": 9}}
{"target": -226.04840736132846, "params": {"k_pid_pos": [0.26641476357131333, 0.007974336582320123, 0.0006453389957809763], "k_pid_alt": [2.0, 0.006018908518895083, 0.020108019088849658], "k_pid_att": [25.904137705703913, 0.3853330581307654, 0.8020597065824919], "k_pid_yaw": [0.5, 1e-06, 0.1], "k_pid_hsp": [0.11957214174294038, 0.011324115759879988, 0.0], "k_pid_vsp": [106.95528426737967, 126.86127863523984, 6.815417400518604]}, "datetime": {"datetime": "2025-08-11 22:04:50", "elapsed": 20369.851159334183, "delta": 24.523818016052246}, "costs": {"total_cost": 226.04840736132846, "time_cost": 100.051, "final_distance_cost": 1.8618736925882824, "oscillation_cost": 16.313323273961394, "completition_cost": 0.0, "overshoot_cost": 54.47332124988112, "power_cost": 18.73078946533203, "noise_cost": 34.618099679565624, "n_waypoints_completed": 9, "tot_waypoints": 9}}
{"target": -557.1858061635465, "params": {"k_pid_pos": [0.14296109364940238, 0.01200190384764886, 0.0008892969284788736], "k_pid_alt": [1.2749239879512886, 0.0044907287221929906, 0.04328753110918926], "k_pid_att": [39.334642508931836, 0.5720139284413632, 0.968557527557859], "k_pid_yaw": [0.5, 1e-06, 0.1], "k_pid_hsp": [0.07069053063505563, 0.007477497545973859, 0.0], "k_pid_vsp": [125.18001385742063, 45.53230219298189, 5.608771708118578]}, "datetime": {"datetime": "2025-08-11 22:05:20", "elapsed": 20399.619145154953, "delta": 29.767985820770264}, "costs": {"total_cost": 557.1858061635465, "time_cost": 150, "final_distance_cost": 68.98123789238161, "oscillation_cost": 7.223459730831155, "completition_cost": 222.2222222222222, "overshoot_cost": 54.76112539542628, "power_cost": 21.34022557373047, "noise_cost": 32.657535348954724, "n_waypoints_completed": 7, "tot_waypoints": 9}}
{"target": -184.4183409296414, "params": {"k_pid_pos": [0.6555214741911946, 0.012939994966825548, 0.0008857994924818219], "k_pid_alt": [0.7350498243193897, 0.0029113199585502473, 0.02782118414142128], "k_pid_att": [62.56244263306176, 0.40110207669271875, 1.0], "k_pid_yaw": [0.5, 1e-06, 0.1], "k_pid_hsp": [0.10667730528660552, 0.011175009840215145, 0.0], "k_pid_vsp": [64.74550138379969, 116.68732980046899, 5.584143214145647]}, "datetime": {"datetime": "2025-08-11 22:05:38", "elapsed": 20418.080005645752, "delta": 18.46086049079895}, "costs": {"total_cost": 184.4183409296414, "time_cost": 72.807, "final_distance_cost": 1.8105944699079988, "oscillation_cost": 23.778963994200286, "completition_cost": 0.0, "overshoot_cost": 50.33556448033166, "power_cost": 14.478254626464844, "noise_cost": 21.207963358736635, "n_waypoints_completed": 9, "tot_waypoints": 9}}
{"target": -183.5871832747945, "params": {"k_pid_pos": [0.5125069218901768, 0.011196938245125104, 0.0005666389058603759], "k_pid_alt": [0.8938958321967566, 0.0036107155122843617, 0.001881556679765815], "k_pid_att": [31.242853945502578, 0.23639932503086394, 0.30555575546708874], "k_pid_yaw": [0.5, 1e-06, 0.1], "k_pid_hsp": [0.11249658660524242, 0.00825893166621385, 0.0], "k_pid_vsp": [94.6827481104233, 107.99123357434537, 3.852074007496046]}, "datetime": {"datetime": "2025-08-11 22:05:57", "elapsed": 20437.163751125336, "delta": 19.08374547958374}, "costs": {"total_cost": 183.5871832747945, "time_cost": 73.297, "final_distance_cost": 1.8386280359551803, "oscillation_cost": 21.26571920199745, "completition_cost": 0.0, "overshoot_cost": 50.97570263838844, "power_cost": 14.414631164550782, "noise_cost": 21.79550223390269, "n_waypoints_completed": 9, "tot_waypoints": 9}}
{"target": -186.22661465948798, "params": {"k_pid_pos": [0.6498935813388466, 0.007742588300184704, 0.0006522608737736441], "k_pid_alt": [1.238392971170735, 0.0064252934561811565, 0.027105417560374004], "k_pid_att": [44.984507558101654, 0.342104420662327, 1.0], "k_pid_yaw": [0.5, 1e-06, 0.1], "k_pid_hsp": [0.06391329599088727, 0.014356518591632792, 0.0], "k_pid_vsp": [42.06477256090354, 90.36844533341879, 6.454183301929446]}, "datetime": {"datetime": "2025-08-11 22:06:16", "elapsed": 20455.521844387054, "delta": 18.35809326171875}, "costs": {"total_cost": 186.22661465948798, "time_cost": 74.08800000000001, "final_distance_cost": 1.7926572953813344, "oscillation_cost": 22.68181070943813, "completition_cost": 0.0, "overshoot_cost": 51.383595247052, "power_cost": 14.566262438964845, "noise_cost": 21.714288968651662, "n_waypoints_completed": 9, "tot_waypoints": 9}}
{"target": -182.1213048942465, "params": {"k_pid_pos": [0.5119851872859186, 0.00670417292116104, 0.0007044035622446743], "k_pid_alt": [1.4171568353886954, 0.005794606850856278, 0.024636365159432027], "k_pid_att": [68.91855712166524, 0.14314899266043427, 1.0], "k_pid_yaw": [0.5, 1e-06, 0.1], "k_pid_hsp": [0.09673161142151308, 0.0052277043950790985, 0.0], "k_pid_vsp": [84.034203919952, 88.68647554528815, 5.3904353985436275]}, "datetime": {"datetime": "2025-08-11 22:06:34", "elapsed": 20473.590074300766, "delta": 18.068229913711548}, "costs": {"total_cost": 182.1213048942465, "time_cost": 72.527, "final_distance_cost": 1.8376657269916972, "oscillation_cost": 19.94584370169635, "completition_cost": 0.0, "overshoot_cost": 51.75373720355826, "power_cost": 14.184232849121095, "noise_cost": 21.872825412879102, "n_waypoints_completed": 9, "tot_waypoints": 9}}
{"target": -182.7108568188793, "params": {"k_pid_pos": [0.7328244067902981, 0.006484063793360199, 0.00033762710103713706], "k_pid_alt": [1.1086475980274364, 0.0032016518432224314, 0.014531751806543952], "k_pid_att": [46.386720606336986, 0.22909146158840077, 0.830342140867816], "k_pid_yaw": [0.5, 1e-06, 0.1], "k_pid_hsp": [0.14457458096667555, 0.01298990225895473, 0.0], "k_pid_vsp": [113.27163934072945, 129.54165890556604, 6.400934120914344]}, "datetime": {"datetime": "2025-08-11 22:06:51", "elapsed": 20491.172469377518, "delta": 17.58239507675171}, "costs": {"total_cost": 182.7108568188793, "time_cost": 69.958, "final_distance_cost": 1.835498577671765, "oscillation_cost": 25.93841000269823, "completition_cost": 0.0, "overshoot_cost": 50.12894469371952, "power_cost": 14.160107641601563, "noise_cost": 20.689895903188223, "n_waypoints_completed": 9, "tot_waypoints": 9}}
{"target": -669.3832514115539, "params": {"k_pid_pos": [0.15617167610298346, 0.004986120322432035, 0.0009785332627700585], "k_pid_alt": [1.4577670369665299, 0.0031456414370651616, 0.0058218710880127795], "k_pid_att": [56.88875039606819, 0.445071472805508, 0.9321945614655262], "k_pid_yaw": [0.5, 1e-06, 0.1], "k_pid_hsp": [0.09735219022426904, 0.011781738407380525, 0.0], "k_pid_vsp": [91.31750957058578, 89.20391434117153, 2.5720886432015058]}, "datetime": {"datetime": "2025-08-11 22:07:22", "elapsed": 20521.766085147858, "delta": 30.593615770339966}, "costs": {"total_cost": 669.3832514115539, "time_cost": 150, "final_distance_cost": 71.31153152899905, "oscillation_cost": 8.518711974293506, "completition_cost": 333.33333333333337, "overshoot_cost": 51.821398199043344, "power_cost": 21.636511291503908, "noise_cost": 32.76176508438089, "n_waypoints_completed": 6, "tot_waypoints": 9}}
{"target": -182.63174740132135, "params": {"k_pid_pos": [0.6861689634519824, 0.009052375238531812, 0.0004563913444882004], "k_pid_alt": [1.4503748119399986, 0.006709937290721098, 0.022599827183262488], "k_pid_att": [35.87665084416117, 0.2512387739225764, 0.7401838362685234], "k_pid_yaw": [0.5, 1e-06, 0.1], "k_pid_hsp": [0.11454571782479468, 0.01598293731032593, 0.0], "k_pid_vsp": [57.35584966702961, 88.47981048917437, 5.8758523037771155]}, "datetime": {"datetime": "2025-08-11 22:07:40", "elapsed": 20540.02677297592, "delta": 18.260687828063965}, "costs": {"total_cost": 182.63174740132135, "time_cost": 70.287, "final_distance_cost": 1.817995065278627, "oscillation_cost": 25.054464120569026, "completition_cost": 0.0, "overshoot_cost": 50.488692510314785, "power_cost": 14.192497485351563, "noise_cost": 20.791098219807328, "n_waypoints_completed": 9, "tot_waypoints": 9}}
{"target": -192.73669482904884, "params": {"k_pid_pos": [0.38436461149495904, 0.00653046419053059, 0.0005621462485760875], "k_pid_alt": [1.0107050156662332, 0.008094493555781014, 0.031835199785349294], "k_pid_att": [32.86720656890221, 0.4223706893815293, 0.9326793736539499], "k_pid_yaw": [0.5, 1e-06, 0.1], "k_pid_hsp": [0.05494687412691185, 0.011510457238363156, 0.0], "k_pid_vsp": [142.52126222910746, 129.52136607332915, 4.463140217911956]}, "datetime": {"datetime": "2025-08-11 22:08:01", "elapsed": 20560.761137485504, "delta": 20.73436450958252}, "costs": {"total_cost": 192.73669482904884, "time_cost": 82.005, "final_distance_cost": 1.830918318684097, "oscillation_cost": 15.411338221873596, "completition_cost": 0.0, "overshoot_cost": 53.56468171686027, "power_cost": 15.44895496826172, "noise_cost": 24.47580160336918, "n_waypoints_completed": 9, "tot_waypoints": 9}}
