{"target": -184.68031236880398, "params": {"k_pid_pos": [0.5648866609053537, 0.0077276803201401295, 0.0006699552814715752], "k_pid_alt": [1.1825164894073514, 0.004632119127009796, 0.0035032411757062493], "k_pid_att": [41.9815588246652, 0.3731800170866757, 0.9239152820037141], "k_pid_yaw": [0.5, 1e-06, 0.1], "k_pid_hsp": [0.07247966439379144, 0.010313183583715536, 0.0], "k_pid_vsp": [129.02924487668295, 77.44151296073282, 3.4699919942984017]}, "datetime": {"datetime": "2025-08-12 00:08:30", "elapsed": 27789.930123329163, "delta": 19.21310257911682}, "costs": {"total_cost": 184.68031236880398, "time_cost": 74.165, "final_distance_cost": 1.7952143798530862, "oscillation_cost": 20.48490738681417, "completition_cost": 0.0, "overshoot_cost": 51.85562518106315, "power_cost": 14.487475244140626, "noise_cost": 21.892090176932935, "n_waypoints_completed": 9, "tot_waypoints": 9}}
{"target": -188.59330405756987, "params": {"k_pid_pos": [0.7300012715378865, 0.00527685913650765, 0.0006182419082686881], "k_pid_alt": [1.336526775259876, 0.006200518522578234, 0.01332864073180376], "k_pid_att": [61.19430496573475, 0.4713077813057352, 1.0], "k_pid_yaw": [0.5, 1e-06, 0.1], "k_pid_hsp": [0.059591223352047605, 0.01344537661167837, 0.0], "k_pid_vsp": [95.80940485618504, 86.70774510848133, 4.746263486015337]}, "datetime": {"datetime": "2025-08-12 00:08:48", "elapsed": 27808.20755505562, "delta": 18.27743172645569}, "costs": {"total_cost": 188.59330405756987, "time_cost": 74.389, "final_distance_cost": 1.7653237182921335, "oscillation_cost": 23.358405614736512, "completition_cost": 0.0, "overshoot_cost": 52.44338550108503, "power_cost": 14.710352990722656, "noise_cost": 21.92683623273351, "n_waypoints_completed": 9, "tot_waypoints": 9}}
{"target": -185.0627298632487, "params": {"k_pid_pos": [0.5063596252980661, 0.0033502769753065626, 0.0005999571995243336], "k_pid_alt": [1.5802034748137608, 0.005107925269398844, 0.012421222568706333], "k_pid_att": [28.427190138574375, 0.5093210413396768, 1.0], "k_pid_yaw": [0.5, 1e-06, 0.1], "k_pid_hsp": [0.1381633302647474, 0.008368167776882951, 0.0], "k_pid_vsp": [88.74657971140873, 135.06732047802242, 5.065991950601419]}, "datetime": {"datetime": "2025-08-12 00:09:07", "elapsed": 27826.646005153656, "delta": 18.43845009803772}, "costs": {"total_cost": 185.0627298632487, "time_cost": 73.164, "final_distance_cost": 1.8522256552201866, "oscillation_cost": 22.692552556391092, "completition_cost": 0.0, "overshoot_cost": 50.55725580228931, "power_cost": 14.42379287109375, "noise_cost": 22.37290297825435, "n_waypoints_completed": 9, "tot_waypoints": 9}}
{"target": -182.5468121003071, "params": {"k_pid_pos": [0.6253404093368156, 0.006507918121107171, 0.0004826279337660385], "k_pid_alt": [0.9943792898600995, 0.004769702265674524, 0.027158113987532692], "k_pid_att": [35.299968381540005, 0.49593516773878005, 1.0], "k_pid_yaw": [0.5, 1e-06, 0.1], "k_pid_hsp": [0.11295287776534602, 0.01333838518351464, 0.0], "k_pid_vsp": [96.56614470856597, 81.05915351834442, 4.632585349055723]}, "datetime": {"datetime": "2025-08-12 00:09:25", "elapsed": 27844.711111307144, "delta": 18.06510615348816}, "costs": {"total_cost": 182.5468121003071, "time_cost": 71.302, "final_distance_cost": 1.824839514697848, "oscillation_cost": 23.642075800562104, "completition_cost": 0.0, "overshoot_cost": 50.47439076631037, "power_cost": 14.20208992919922, "noise_cost": 21.10141608953756, "n_waypoints_completed": 9, "tot_waypoints": 9}}
{"target": -189.24778984754067, "params": {"k_pid_pos": [0.7159997357223018, 0.005904081183107535, 0.0009045120218329059], "k_pid_alt": [1.8292898814949883, 0.0038616425340002626, 0.03234676997105949], "k_pid_att": [53.45381977387387, 0.43020979038962553, 0.9956957946153072], "k_pid_yaw": [0.5, 1e-06, 0.1], "k_pid_hsp": [0.056897577071120364, 0.012434410856214247, 0.0], "k_pid_vsp": [42.984118653326185, 110.39556778438653, 3.076868573439425]}, "datetime": {"datetime": "2025-08-12 00:09:44", "elapsed": 27863.89748096466, "delta": 19.18636965751648}, "costs": {"total_cost": 189.24778984754067, "time_cost": 74.746, "final_distance_cost": 1.8025958442331143, "oscillation_cost": 22.91308770604751, "completition_cost": 0.0, "overshoot_cost": 52.88086447979452, "power_cost": 14.853665698242189, "noise_cost": 22.05157611922335, "n_waypoints_completed": 9, "tot_waypoints": 9}}
{"target": -211.08407234877242, "params": {"k_pid_pos": [0.2900980992394432, 0.005379913792228589, 0.0008261153981275591], "k_pid_alt": [1.793713146159915, 0.004141884095688903, 0.008622065510763168], "k_pid_att": [17.65960578504884, 0.36064697366212245, 1.0], "k_pid_yaw": [0.5, 1e-06, 0.1], "k_pid_hsp": [0.12952524692382814, 0.005973104495405004, 0.0], "k_pid_vsp": [122.23912121329506, 104.93292615506857, 4.0967092478570235]}, "datetime": {"datetime": "2025-08-12 00:10:07", "elapsed": 27887.00500035286, "delta": 23.107519388198853}, "costs": {"total_cost": 211.08407234877242, "time_cost": 91.084, "final_distance_cost": 1.8622865982775731, "oscillation_cost": 16.564684372210273, "completition_cost": 0.0, "overshoot_cost": 53.92057473601747, "power_cost": 17.261249645996095, "noise_cost": 30.391276996271028, "n_waypoints_completed": 9, "tot_waypoints": 9}}
{"target": -244.781832632185, "params": {"k_pid_pos": [0.6074059415576771, 0.005885147026525757, 0.0008264915416246072], "k_pid_alt": [0.630671190806361, 0.004203791209891318, 0.021419013531460408], "k_pid_att": [61.45027343318241, 0.39627965592884523, 1.0], "k_pid_yaw": [0.5, 1e-06, 0.1], "k_pid_hsp": [0.024878032083281227, 0.012249741318778484, 0.0], "k_pid_vsp": [103.4325179361241, 87.57146963837488, 6.360191309160683]}, "datetime": {"datetime": "2025-08-12 00:10:36", "elapsed": 27915.490369796753, "delta": 28.485369443893433}, "costs": {"total_cost": 244.781832632185, "time_cost": 111.601, "final_distance_cost": 1.7558743362909708, "oscillation_cost": 15.485736087529803, "completition_cost": 0.0, "overshoot_cost": 63.665979540156734, "power_cost": 20.45431013183594, "noise_cost": 31.81893253637152, "n_waypoints_completed": 9, "tot_waypoints": 9}}
{"target": -184.789836345832, "params": {"k_pid_pos": [0.5504259352598263, 0.004636710259336663, 0.0006165546213923122], "k_pid_alt": [1.376550105378809, 0.004021347579461699, 0.017673440194473203], "k_pid_att": [31.732605231593652, 0.35158837472524906, 0.9969950742943444], "k_pid_yaw": [0.5, 1e-06, 0.1], "k_pid_hsp": [0.07139004872411334, 0.009836957513076568, 0.0], "k_pid_vsp": [109.1802347954092, 58.76025991263879, 3.99768500892166]}, "datetime": {"datetime": "2025-08-12 00:10:54", "elapsed": 27933.448169231415, "delta": 17.957799434661865}, "costs": {"total_cost": 184.789836345832, "time_cost": 74.263, "final_distance_cost": 1.8286184087389166, "oscillation_cost": 20.027077097926146, "completition_cost": 0.0, "overshoot_cost": 52.104353491337505, "power_cost": 14.449277124023439, "noise_cost": 22.11751022380596, "n_waypoints_completed": 9, "tot_waypoints": 9}}
{"target": -183.65764295366972, "params": {"k_pid_pos": [0.48036561432771396, 0.008311992435754442, 0.0008484634585500217], "k_pid_alt": [1.3719562463767554, 0.004392037355081603, 0.017380203538367174], "k_pid_att": [12.181436106945005, 0.3500177920273842, 1.0], "k_pid_yaw": [0.5, 1e-06, 0.1], "k_pid_hsp": [0.07600240178918832, 0.008471970889436636, 0.0], "k_pid_vsp": [111.49112768931313, 102.14822651295434, 3.4875019508135896]}, "datetime": {"datetime": "2025-08-12 00:11:13", "elapsed": 27953.07514333725, "delta": 19.62697410583496}, "costs": {"total_cost": 183.65764295366972, "time_cost": 74.305, "final_distance_cost": 1.8189979138442063, "oscillation_cost": 18.15244235252424, "completition_cost": 0.0, "overshoot_cost": 52.663985968935506, "power_cost": 14.451912487792969, "noise_cost": 22.265304230572777, "n_waypoints_completed": 9, "tot_waypoints": 9}}
{"target": -188.2844046272543, "params": {"k_pid_pos": [0.9812584066990256, 0.0067779700762362295, 0.0007303922843190366], "k_pid_alt": [1.1910773716935454, 0.0049173860357792564, 0.005455896900741484], "k_pid_att": [35.943510410510406, 0.5003395440807532, 1.0], "k_pid_yaw": [0.5, 1e-06, 0.1], "k_pid_hsp": [0.08867045418745141, 0.010478532262175993, 0.0], "k_pid_vsp": [52.450367272278804, 102.51110037835826, 3.2595357160793195]}, "datetime": {"datetime": "2025-08-12 00:11:31", "elapsed": 27970.751893758774, "delta": 17.676750421524048}, "costs": {"total_cost": 188.2844046272543, "time_cost": 71.75, "final_distance_cost": 1.7828794358760391, "oscillation_cost": 28.377216717835097, "completition_cost": 0.0, "overshoot_cost": 50.61477280983354, "power_cost": 14.717860888671876, "noise_cost": 21.04167477503773, "n_waypoints_completed": 9, "tot_waypoints": 9}}
{"target": -182.99144814786357, "params": {"k_pid_pos": [0.46141732609245995, 0.0064057736673049865, 0.0009980461241458356], "k_pid_alt": [1.2047330687093254, 0.004886413517884045, 0.013055355050312764], "k_pid_att": [52.80804440602926, 0.43739580827966, 0.9324732798392347], "k_pid_yaw": [0.5, 1e-06, 0.1], "k_pid_hsp": [0.09698979038507205, 0.008628120208316126, 0.0], "k_pid_vsp": [149.45174541208632, 113.34109349997452, 5.046701586402868]}, "datetime": {"datetime": "2025-08-12 00:11:51", "elapsed": 27990.455456018448, "delta": 19.703562259674072}, "costs": {"total_cost": 182.99144814786357, "time_cost": 73.598, "final_distance_cost": 1.8444089846862295, "oscillation_cost": 19.57516271052266, "completition_cost": 0.0, "overshoot_cost": 51.34073158575403, "power_cost": 14.354670947265626, "noise_cost": 22.278473919635044, "n_waypoints_completed": 9, "tot_waypoints": 9}}
{"target": -184.86833811823533, "params": {"k_pid_pos": [1.0063787369645973, 0.003656289448085895, 0.0009974164745392524], "k_pid_alt": [1.8397832447290485, 0.0034109324726640457, 0.02610013286043138], "k_pid_att": [9.225579054152812, 0.38477862598256657, 1.0], "k_pid_yaw": [0.5, 1e-06, 0.1], "k_pid_hsp": [0.1256743733979397, 0.006547124600033483, 0.0], "k_pid_vsp": [115.36304897595933, 122.63374247059865, 3.185234043225767]}, "datetime": {"datetime": "2025-08-12 00:12:10", "elapsed": 28009.585522413254, "delta": 19.130066394805908}, "costs": {"total_cost": 184.86833811823533, "time_cost": 69.328, "final_distance_cost": 1.804792289857361, "oscillation_cost": 28.094053015942468, "completition_cost": 0.0, "overshoot_cost": 50.858560255921475, "power_cost": 14.262124157714844, "noise_cost": 20.520808398799183, "n_waypoints_completed": 9, "tot_waypoints": 9}}
{"target": -185.42614263774828, "params": {"k_pid_pos": [0.6135322180719475, 0.005233597428621381, 0.0008269121629306051], "k_pid_alt": [1.1376422923972183, 0.005980762915627785, 0.012779681304305382], "k_pid_att": [31.94949184430863, 0.40970314117070067, 0.7947180891882493], "k_pid_yaw": [0.5, 1e-06, 0.1], "k_pid_hsp": [0.06676491670963051, 0.012902973130186868, 0.0], "k_pid_vsp": [72.02484681473906, 88.23938618428049, 6.23042447291355]}, "datetime": {"datetime": "2025-08-12 00:12:30", "elapsed": 28030.224834918976, "delta": 20.639312505722046}, "costs": {"total_cost": 185.42614263774828, "time_cost": 74.13, "final_distance_cost": 1.8193454958761903, "oscillation_cost": 21.707807449468955, "completition_cost": 0.0, "overshoot_cost": 51.48008273798715, "power_cost": 14.543205908203126, "noise_cost": 21.745701046212847, "n_waypoints_completed": 9, "tot_waypoints": 9}}
{"target": -186.2909869017425, "params": {"k_pid_pos": [0.8507453536586356, 0.006589047000838272, 0.0008633976723868342], "k_pid_alt": [1.7906837801100661, 0.00576490813568719, 0.017441177579066495], "k_pid_att": [31.305989169628493, 0.5079109414934081, 0.7110694957601829], "k_pid_yaw": [0.5, 1e-06, 0.1], "k_pid_hsp": [0.08492138686510738, 0.010742549219257954, 0.0], "k_pid_vsp": [69.5511474574346, 95.23365342553582, 5.0207565881359875]}, "datetime": {"datetime": "2025-08-12 00:12:50", "elapsed": 28049.689948797226, "delta": 19.465113878250122}, "costs": {"total_cost": 186.2909869017425, "time_cost": 71.764, "final_distance_cost": 1.7810040089884884, "oscillation_cost": 26.07043974128121, "completition_cost": 0.0, "overshoot_cost": 51.02813801814551, "power_cost": 14.54473367919922, "noise_cost": 21.102671454128075, "n_waypoints_completed": 9, "tot_waypoints": 9}}
{"target": -183.30194173365263, "params": {"k_pid_pos": [0.577785691105613, 0.002024056082250011, 0.0007360954465023189], "k_pid_alt": [2.0, 0.004723531500784028, 0.021001331347829038], "k_pid_att": [34.90471233014847, 0.48841288427731894, 1.0], "k_pid_yaw": [0.5, 1e-06, 0.1], "k_pid_hsp": [0.07895728780187827, 0.01057188875738411, 0.0], "k_pid_vsp": [60.688797043213384, 97.64343885086434, 4.714663525677256]}, "datetime": {"datetime": "2025-08-12 00:13:08", "elapsed": 28067.61518931389, "delta": 17.925240516662598}, "costs": {"total_cost": 183.30194173365263, "time_cost": 72.94, "final_distance_cost": 1.8328257760704025, "oscillation_cost": 21.136571146687768, "completition_cost": 0.0, "overshoot_cost": 51.45385285743892, "power_cost": 14.36711014404297, "noise_cost": 21.57158180941254, "n_waypoints_completed": 9, "tot_waypoints": 9}}
{"target": -182.80074412526014, "params": {"k_pid_pos": [0.5432859929046281, 0.005539798408371341, 0.0009047634447997177], "k_pid_alt": [1.3110893204964995, 0.005734360751877769, 0.01166227156419764], "k_pid_att": [23.410464795256374, 0.35792622025735277, 0.8729953098257295], "k_pid_yaw": [0.5, 1e-06, 0.1], "k_pid_hsp": [0.08196642547282608, 0.008291563684297452, 0.0], "k_pid_vsp": [68.17156082747313, 94.9603832314367, 3.380893720687599]}, "datetime": {"datetime": "2025-08-12 00:13:29", "elapsed": 28088.52992630005, "delta": 20.91473698616028}, "costs": {"total_cost": 182.80074412526014, "time_cost": 72.646, "final_distance_cost": 1.827059661111763, "oscillation_cost": 20.222626461977622, "completition_cost": 0.0, "overshoot_cost": 52.19420984976057, "power_cost": 14.223011889648438, "noise_cost": 21.687836262761746, "n_waypoints_completed": 9, "tot_waypoints": 9}}
{"target": -184.41446665889023, "params": {"k_pid_pos": [0.6431030278902591, 0.004772182431050134, 0.0009422039312381086], "k_pid_alt": [0.9492894461638198, 0.005666871430912847, 0.011094085115345756], "k_pid_att": [36.43883237664189, 0.26706053621387404, 0.9265142286838074], "k_pid_yaw": [0.5, 1e-06, 0.1], "k_pid_hsp": [0.08627748929970529, 0.01465151397253231, 0.0], "k_pid_vsp": [78.13304133336635, 76.85831064993845, 6.4668280062870735]}, "datetime": {"datetime": "2025-08-12 00:13:49", "elapsed": 28108.91976904869, "delta": 20.389842748641968}, "costs": {"total_cost": 184.41446665889023, "time_cost": 72.863, "final_distance_cost": 1.819608279506989, "oscillation_cost": 23.43321007101551, "completition_cost": 0.0, "overshoot_cost": 50.63524122505374, "power_cost": 14.365147314453125, "noise_cost": 21.29825976886084, "n_waypoints_completed": 9, "tot_waypoints": 9}}
{"target": -241.53792108176935, "params": {"k_pid_pos": [0.2603385430400165, 0.003115750239558577, 0.0008495529429051477], "k_pid_alt": [0.7813643256902546, 0.0049739727264243435, 0.02144806943332203], "k_pid_att": [55.15494951993134, 0.2827395507284494, 1.0], "k_pid_yaw": [0.5, 1e-06, 0.1], "k_pid_hsp": [0.061480725826785064, 0.009830368848552795, 0.0], "k_pid_vsp": [74.07908774322858, 101.68211694784263, 5.687937478643657]}, "datetime": {"datetime": "2025-08-12 00:14:19", "elapsed": 28138.682739019394, "delta": 29.762969970703125}, "costs": {"total_cost": 241.53792108176935, "time_cost": 111.111, "final_distance_cost": 1.8635963147863874, "oscillation_cost": 13.479387576049565, "completition_cost": 0.0, "overshoot_cost": 55.64456026637527, "power_cost": 20.485127368164065, "noise_cost": 38.95424955639407, "n_waypoints_completed": 9, "tot_waypoints": 9}}
{"target": -181.67966585987588, "params": {"k_pid_pos": [0.5774386774095231, 0.004755691955760198, 0.0006977473905205009], "k_pid_alt": [1.590528201253336, 0.005404107892619817, 0.022726442005223797], "k_pid_att": [37.185858003440615, 0.37196397538787096, 1.0], "k_pid_yaw": [0.5, 1e-06, 0.1], "k_pid_hsp": [0.11080554207917116, 0.010936463793639786, 0.0], "k_pid_vsp": [71.07095333330255, 117.05712981076067, 4.239048563215228]}, "datetime": {"datetime": "2025-08-12 00:14:36", "elapsed": 28156.335351228714, "delta": 17.65261220932007}, "costs": {"total_cost": 181.67966585987588, "time_cost": 71.197, "final_distance_cost": 1.8342276558454884, "oscillation_cost": 22.802960347263927, "completition_cost": 0.0, "overshoot_cost": 50.46677590841251, "power_cost": 14.168276672363282, "noise_cost": 21.210425275990666, "n_waypoints_completed": 9, "tot_waypoints": 9}}
{"target": -182.60830698142095, "params": {"k_pid_pos": [0.47877159709119077, 0.0044833315394658246, 0.0010893659403508535], "k_pid_alt": [1.2361534254890305, 0.004355532866937414, 0.015363255712061923], "k_pid_att": [42.028301652561986, 0.3173302519463827, 1.0], "k_pid_yaw": [0.5, 1e-06, 0.1], "k_pid_hsp": [0.08656815300528427, 0.012545521783313862, 0.0], "k_pid_vsp": [94.3297645664958, 115.92256129040253, 7.158219471027299]}, "datetime": {"datetime": "2025-08-12 00:14:54", "elapsed": 28173.53083395958, "delta": 17.19548273086548}, "costs": {"total_cost": 182.60830698142095, "time_cost": 73.248, "final_distance_cost": 1.831625932249556, "oscillation_cost": 19.83704483133163, "completition_cost": 0.0, "overshoot_cost": 51.43539931068625, "power_cost": 14.318063586425781, "noise_cost": 21.938173320727742, "n_waypoints_completed": 9, "tot_waypoints": 9}}
{"target": -186.18599441839507, "params": {"k_pid_pos": [0.7254187855657154, 0.0032970419456964475, 0.0008827278859958324], "k_pid_alt": [1.547093653740988, 0.005953471494374261, 0.011289223906423089], "k_pid_att": [31.658546428258074, 0.4897179779719978, 1.0], "k_pid_yaw": [0.5, 1e-06, 0.1], "k_pid_hsp": [0.06837747018750567, 0.01252748370313553, 0.0], "k_pid_vsp": [74.29739974088822, 137.69082496763573, 3.195806442195097]}, "datetime": {"datetime": "2025-08-12 00:15:12", "elapsed": 28192.018154859543, "delta": 18.48732089996338}, "costs": {"total_cost": 186.18599441839507, "time_cost": 73.024, "final_distance_cost": 1.8055682444558372, "oscillation_cost": 23.63597439853007, "completition_cost": 0.0, "overshoot_cost": 51.83606477712938, "power_cost": 14.525986743164063, "noise_cost": 21.358400255115715, "n_waypoints_completed": 9, "tot_waypoints": 9}}
{"target": -183.93873708864967, "params": {"k_pid_pos": [0.6160650094455614, 0.007349055636341647, 0.0007584354518958667], "k_pid_alt": [1.3263845612023457, 0.006156299550539639, 0.008210259930527894], "k_pid_att": [16.277355262760025, 0.3124091103542727, 0.9920693577802027], "k_pid_yaw": [0.5, 1e-06, 0.1], "k_pid_hsp": [0.07905509416912732, 0.009359066917844846, 0.0], "k_pid_vsp": [109.45418919616145, 90.81554724672166, 2.9051084796522666]}, "datetime": {"datetime": "2025-08-12 00:15:30", "elapsed": 28209.656661510468, "delta": 17.638506650924683}, "costs": {"total_cost": 183.93873708864967, "time_cost": 73.157, "final_distance_cost": 1.8069457956631587, "oscillation_cost": 21.388698143674223, "completition_cost": 0.0, "overshoot_cost": 51.51828216722257, "power_cost": 14.356629895019532, "noise_cost": 21.711181087070194, "n_waypoints_completed": 9, "tot_waypoints": 9}}
{"target": -182.1471723221679, "params": {"k_pid_pos": [0.7988268472136286, 0.0031583790834909253, 0.0011145162750320111], "k_pid_alt": [1.3321845146087596, 0.004414024847349231, 0.009981737293635624], "k_pid_att": [31.861534866032418, 0.3359372208961992, 0.8186073037295714], "k_pid_yaw": [0.5, 1e-06, 0.1], "k_pid_hsp": [0.10487192623660095, 0.00720180806235423, 0.0], "k_pid_vsp": [77.16005207060324, 92.47592142102275, 4.266386181708722]}, "datetime": {"datetime": "2025-08-12 00:15:48", "elapsed": 28227.415746212006, "delta": 17.759084701538086}, "costs": {"total_cost": 182.1471723221679, "time_cost": 70.049, "final_distance_cost": 1.8173394880273137, "oscillation_cost": 25.10941760306701, "completition_cost": 0.0, "overshoot_cost": 50.314370176556714, "power_cost": 14.13194627685547, "noise_cost": 20.725098777661405, "n_waypoints_completed": 9, "tot_waypoints": 9}}
{"target": -185.7438327254608, "params": {"k_pid_pos": [0.5624149747401165, 0.0051816845203456596, 0.0006819834301531016], "k_pid_alt": [1.3630104308079087, 0.002626050139429242, 0.024085853101229685], "k_pid_att": [23.68095909068869, 0.3758007660497622, 1.0], "k_pid_yaw": [0.5, 1e-06, 0.1], "k_pid_hsp": [0.06639841188854305, 0.008657010473880246, 0.0], "k_pid_vsp": [19.715035924411463, 74.4797826563853, 5.5756004986414816]}, "datetime": {"datetime": "2025-08-12 00:16:06", "elapsed": 28245.505724430084, "delta": 18.089978218078613}, "costs": {"total_cost": 185.7438327254608, "time_cost": 75.04, "final_distance_cost": 1.7975140065538635, "oscillation_cost": 19.59265295269733, "completition_cost": 0.0, "overshoot_cost": 52.59713395759009, "power_cost": 14.507132702636719, "noise_cost": 22.209399105982808, "n_waypoints_completed": 9, "tot_waypoints": 9}}
{"target": -186.4753293039, "params": {"k_pid_pos": [0.8212829169391225, 0.004402531501980432, 0.0009056382539164698], "k_pid_alt": [1.1461524351564858, 0.0023480526618139272, 0.026919372072952225], "k_pid_att": [41.147091878343325, 0.305133370596989, 0.6311050861058346], "k_pid_yaw": [0.5, 1e-06, 0.1], "k_pid_hsp": [0.08290259166761003, 0.011216084008425794, 0.0], "k_pid_vsp": [122.08517903108411, 98.92750859313533, 5.584725805905438]}, "datetime": {"datetime": "2025-08-12 00:16:24", "elapsed": 28264.0082552433, "delta": 18.502530813217163}, "costs": {"total_cost": 186.4753293039, "time_cost": 72.345, "final_distance_cost": 1.775822153733393, "oscillation_cost": 25.58569511785443, "completition_cost": 0.0, "overshoot_cost": 51.124225076552776, "power_cost": 14.49883876953125, "noise_cost": 21.145748186228168, "n_waypoints_completed": 9, "tot_waypoints": 9}}
