{"target": -182.29455118378647, "params": {"k_pid_pos": [0.6470795863087394, 0.002341889528943633, 0.0007663569703946184], "k_pid_alt": [1.8618484775696125, 0.0009084893952793276, 0.02027736742217489], "k_pid_att": [29.538250308244695, 0.31500454615037116, 0.793485440005483], "k_pid_yaw": [0.5, 1e-06, 0.1], "k_pid_hsp": [0.11166121911962622, 0.005510945210066959, 0.0], "k_pid_vsp": [70.91440715900052, 90.50154888945121, 6.978946739576883]}, "datetime": {"datetime": "2025-08-12 00:16:41", "elapsed": 28280.98020339012, "delta": 16.97194814682007}, "costs": {"total_cost": 182.29455118378647, "time_cost": 70.812, "final_distance_cost": 1.8375755899032273, "oscillation_cost": 23.2803648433953, "completition_cost": 0.0, "overshoot_cost": 51.17085668072708, "power_cost": 14.093867871093751, "noise_cost": 21.09988619866712, "n_waypoints_completed": 9, "tot_waypoints": 9}}
{"target": -181.89475973654635, "params": {"k_pid_pos": [0.556258613998598, 0.003784009735404839, 0.0006691472150555782], "k_pid_alt": [1.8434885820113365, 0.004735711069636487, 0.012936674324554842], "k_pid_att": [28.076289042358272, 0.46329300920640554, 1.0], "k_pid_yaw": [0.5, 1e-06, 0.1], "k_pid_hsp": [0.08842371298682261, 0.005575975259595128, 0.0], "k_pid_vsp": [102.76147967375543, 102.7249899791579, 5.45659158221672]}, "datetime": {"datetime": "2025-08-12 00:17:00", "elapsed": 28299.4752702713, "delta": 18.49506688117981}, "costs": {"total_cost": 181.89475973654635, "time_cost": 72.184, "final_distance_cost": 1.822126862514294, "oscillation_cost": 20.32874231824105, "completition_cost": 0.0, "overshoot_cost": 51.76775304865291, "power_cost": 14.149967614746094, "noise_cost": 21.642169892392005, "n_waypoints_completed": 9, "tot_waypoints": 9}}
{"target": -184.4821452585605, "params": {"k_pid_pos": [0.9341653322750552, 0.006497129829992086, 0.0007504180613237896], "k_pid_alt": [1.501702851276906, 0.007051442622196778, 0.01829868848049011], "k_pid_att": [41.25937817398279, 0.5493258191008078, 0.8362928987132529], "k_pid_yaw": [0.5, 1e-06, 0.1], "k_pid_hsp": [0.1050171834122139, 0.008773206011958551, 0.0], "k_pid_vsp": [80.59953802308063, 123.50133595817378, 3.1910770209670716]}, "datetime": {"datetime": "2025-08-12 00:17:16", "elapsed": 28316.31552672386, "delta": 16.840256452560425}, "costs": {"total_cost": 184.4821452585605, "time_cost": 69.797, "final_distance_cost": 1.8192120114787784, "oscillation_cost": 27.477423272591494, "completition_cost": 0.0, "overshoot_cost": 50.6205344046812, "power_cost": 14.313387695312501, "noise_cost": 20.454587874496525, "n_waypoints_completed": 9, "tot_waypoints": 9}}
{"target": -181.92123510458583, "params": {"k_pid_pos": [0.6944773449365392, 0.004880482036286055, 0.0008856583327794556], "k_pid_alt": [1.2762099949553567, 0.005464596027521037, 0.014776939150080817], "k_pid_att": [24.965534455403887, 0.3574510693884328, 0.7367936865284171], "k_pid_yaw": [0.5, 1e-06, 0.1], "k_pid_hsp": [0.10123542400731023, 0.00759931928500021, 0.0], "k_pid_vsp": [70.26907316348162, 101.97113527428473, 4.409744467298211]}, "datetime": {"datetime": "2025-08-12 00:17:34", "elapsed": 28334.22377538681, "delta": 17.90824866294861}, "costs": {"total_cost": 181.92123510458583, "time_cost": 70.553, "final_distance_cost": 1.8053551425548366, "oscillation_cost": 23.54969095659647, "completition_cost": 0.0, "overshoot_cost": 50.93525234723986, "power_cost": 14.134865625000002, "noise_cost": 20.943071033194652, "n_waypoints_completed": 9, "tot_waypoints": 9}}
{"target": -181.997931762309, "params": {"k_pid_pos": [0.5785148106733082, 0.006917619898256736, 0.0007229572453337009], "k_pid_alt": [1.1374413447375598, 0.005908689882242419, 0.01362401209027086], "k_pid_att": [55.13484739620114, 0.3531853622097017, 0.9745034030401142], "k_pid_yaw": [0.5, 1e-06, 0.1], "k_pid_hsp": [0.1042259074391706, 0.01065352518327708, 0.0], "k_pid_vsp": [83.19150908678388, 112.52593117127707, 5.456953311888076]}, "datetime": {"datetime": "2025-08-12 00:17:53", "elapsed": 28352.917535066605, "delta": 18.69375967979431}, "costs": {"total_cost": 181.997931762309, "time_cost": 71.435, "final_distance_cost": 1.8285924656724373, "oscillation_cost": 22.29695595728469, "completition_cost": 0.0, "overshoot_cost": 50.9527999427241, "power_cost": 14.189519567871095, "noise_cost": 21.2950638287567, "n_waypoints_completed": 9, "tot_waypoints": 9}}
{"target": -185.22713317891038, "params": {"k_pid_pos": [0.9524939801580077, 0.010164446462141938, 0.0009717585238514136], "k_pid_alt": [1.6867740137612575, 0.0026745991014246015, 0.006449270806356187], "k_pid_att": [27.187931152319322, 0.4114374883146034, 0.8389936752423303], "k_pid_yaw": [0.5, 1e-06, 0.1], "k_pid_hsp": [0.11202184685379622, 0.013199017626773444, 0.0], "k_pid_vsp": [79.53766531183602, 116.61885722768152, 3.502930468986453]}, "datetime": {"datetime": "2025-08-12 00:18:11", "elapsed": 28370.359700202942, "delta": 17.44216513633728}, "costs": {"total_cost": 185.22713317891038, "time_cost": 69.615, "final_distance_cost": 1.785176775681993, "oscillation_cost": 28.49902148319159, "completition_cost": 0.0, "overshoot_cost": 50.57228851943929, "power_cost": 14.365858105468751, "noise_cost": 20.389788295128735, "n_waypoints_completed": 9, "tot_waypoints": 9}}
{"target": -183.54775982085317, "params": {"k_pid_pos": [0.49457017813207876, 0.005288955748564629, 0.0008884830129043383], "k_pid_alt": [1.402174703248347, 0.004601983191654683, 0.006462887397481747], "k_pid_att": [17.588175352288694, 0.5242957875129788, 1.0], "k_pid_yaw": [0.5, 1e-06, 0.1], "k_pid_hsp": [0.1125193938966309, 0.010735267904010836, 0.0], "k_pid_vsp": [78.04494768468024, 98.86353003082691, 5.767000311558545]}, "datetime": {"datetime": "2025-08-12 00:18:30", "elapsed": 28389.555161952972, "delta": 19.195461750030518}, "costs": {"total_cost": 183.54775982085317, "time_cost": 72.863, "final_distance_cost": 1.840091282497842, "oscillation_cost": 21.023046723022738, "completition_cost": 0.0, "overshoot_cost": 51.414288559300914, "power_cost": 14.320136193847658, "noise_cost": 22.087197062184035, "n_waypoints_completed": 9, "tot_waypoints": 9}}
{"target": -182.21259089872717, "params": {"k_pid_pos": [0.5125611308119629, 0.005819669008037406, 0.0008361239808573571], "k_pid_alt": [1.128620550833509, 0.004373198034599227, 0.015975641776523015], "k_pid_att": [34.23348122088151, 0.4318500408235774, 1.0], "k_pid_yaw": [0.5, 1e-06, 0.1], "k_pid_hsp": [0.09709772927635806, 0.007364469253248379, 0.0], "k_pid_vsp": [99.06996974984567, 141.02753100195469, 4.589691087836782]}, "datetime": {"datetime": "2025-08-12 00:18:48", "elapsed": 28407.51017355919, "delta": 17.95501160621643}, "costs": {"total_cost": 182.21259089872717, "time_cost": 72.625, "final_distance_cost": 1.8300784920989044, "oscillation_cost": 20.50034095147433, "completition_cost": 0.0, "overshoot_cost": 51.18644081519628, "power_cost": 14.280231164550782, "noise_cost": 21.790499475406918, "n_waypoints_completed": 9, "tot_waypoints": 9}}
{"target": -184.10624281458516, "params": {"k_pid_pos": [0.6282358449731839, 0.007780541774403013, 0.0006191190802283495], "k_pid_alt": [1.8076140910479712, 0.004389828228198251, 0.012664624689975248], "k_pid_att": [27.912943283090893, 0.25643560085773726, 0.8386175328580023], "k_pid_yaw": [0.5, 1e-06, 0.1], "k_pid_hsp": [0.07563493512641971, 0.008878873680047675, 0.0], "k_pid_vsp": [132.803343013996, 111.91459836608392, 7.981982306178483]}, "datetime": {"datetime": "2025-08-12 00:19:06", "elapsed": 28425.7733836174, "delta": 18.26321005821228}, "costs": {"total_cost": 184.10624281458516, "time_cost": 73.143, "final_distance_cost": 1.8177814500204117, "oscillation_cost": 21.61461935166628, "completition_cost": 0.0, "overshoot_cost": 51.67757474865476, "power_cost": 14.305185327148438, "noise_cost": 21.54808193709527, "n_waypoints_completed": 9, "tot_waypoints": 9}}
{"target": -184.9018954084965, "params": {"k_pid_pos": [0.4505344294519609, 0.005213214942894031, 0.0008337918458908071], "k_pid_alt": [1.2196582055837115, 0.004681725767719897, 0.018105039575208464], "k_pid_att": [18.357853431324347, 0.3163301696770133, 1.0], "k_pid_yaw": [0.5, 1e-06, 0.1], "k_pid_hsp": [0.10102775364736029, 0.014295247880577356, 0.0], "k_pid_vsp": [126.09517729860943, 107.60303284247148, 2.5933583463744125]}, "datetime": {"datetime": "2025-08-12 00:19:25", "elapsed": 28445.039006710052, "delta": 19.265623092651367}, "costs": {"total_cost": 184.9018954084965, "time_cost": 74.48, "final_distance_cost": 1.8502192523673555, "oscillation_cost": 20.203960999606103, "completition_cost": 0.0, "overshoot_cost": 51.12429256256162, "power_cost": 14.513178698730469, "noise_cost": 22.730243895230995, "n_waypoints_completed": 9, "tot_waypoints": 9}}
{"target": -181.81807039553357, "params": {"k_pid_pos": [0.6615289697548666, 0.006809975544025622, 0.0010723251588897948], "k_pid_alt": [1.4326028956369983, 0.004218716614801256, 0.027952993466095994], "k_pid_att": [30.625169159244376, 0.5209197935795791, 0.9207042788544705], "k_pid_yaw": [0.5, 1e-06, 0.1], "k_pid_hsp": [0.09678560261264857, 0.008940136454545408, 0.0], "k_pid_vsp": [94.81832016265922, 113.13326908066966, 5.966291300795404]}, "datetime": {"datetime": "2025-08-12 00:19:44", "elapsed": 28463.60113120079, "delta": 18.562124490737915}, "costs": {"total_cost": 181.81807039553357, "time_cost": 70.84700000000001, "final_distance_cost": 1.825508482824048, "oscillation_cost": 22.938720698820664, "completition_cost": 0.0, "overshoot_cost": 51.2463944632349, "power_cost": 14.066292773437501, "noise_cost": 20.894153977216433, "n_waypoints_completed": 9, "tot_waypoints": 9}}
{"target": -184.59714156490918, "params": {"k_pid_pos": [0.5382307980635387, 0.004739427513389019, 0.000922621226919855], "k_pid_alt": [1.4970331098043281, 0.006887696009073016, 0.02533361928260361], "k_pid_att": [25.255225237711844, 0.2908460397461798, 0.5618279445952851], "k_pid_yaw": [0.5, 1e-06, 0.1], "k_pid_hsp": [0.13832733248522325, 0.010757787187093193, 0.0], "k_pid_vsp": [106.99927395732493, 116.19082045886455, 4.491591712803914]}, "datetime": {"datetime": "2025-08-12 00:20:02", "elapsed": 28481.787178754807, "delta": 18.186047554016113}, "costs": {"total_cost": 184.59714156490918, "time_cost": 72.296, "final_distance_cost": 1.8465062949604016, "oscillation_cost": 23.284905405672863, "completition_cost": 0.0, "overshoot_cost": 50.78166124948711, "power_cost": 14.374043688964845, "noise_cost": 22.01402492582396, "n_waypoints_completed": 9, "tot_waypoints": 9}}
{"target": -182.0861605757789, "params": {"k_pid_pos": [0.6443413092012057, 0.00732816350809837, 0.000862968143573966], "k_pid_alt": [1.1764620588270935, 0.0031556001872524247, 0.015657838078374852], "k_pid_att": [46.01522316071517, 0.31460675663276144, 1.0], "k_pid_yaw": [0.5, 1e-06, 0.1], "k_pid_hsp": [0.12208972438989557, 0.010452076897684098, 0.0], "k_pid_vsp": [48.380557178442025, 130.8239200662439, 5.350345844333209]}, "datetime": {"datetime": "2025-08-12 00:20:20", "elapsed": 28500.089151144028, "delta": 18.30197238922119}, "costs": {"total_cost": 182.0861605757789, "time_cost": 70.56, "final_distance_cost": 1.8207904536764297, "oscillation_cost": 24.341090759886313, "completition_cost": 0.0, "overshoot_cost": 50.161006514320036, "power_cost": 14.256632775878908, "noise_cost": 20.94664007201722, "n_waypoints_completed": 9, "tot_waypoints": 9}}
{"target": -186.18702431650337, "params": {"k_pid_pos": [0.5207761691825665, 0.0060226545477781645, 0.0008150560005715785], "k_pid_alt": [1.472372725145539, 0.003647788259641094, 0.012866342077896399], "k_pid_att": [29.61154704134061, 0.5124972350419607, 0.9848932189500181], "k_pid_yaw": [0.5, 1e-06, 0.1], "k_pid_hsp": [0.06240489307825169, 0.009771819524468464, 0.0], "k_pid_vsp": [76.8923968441329, 106.27300656234847, 6.593306548599301]}, "datetime": {"datetime": "2025-08-12 00:20:39", "elapsed": 28519.054060935974, "delta": 18.96490979194641}, "costs": {"total_cost": 186.18702431650337, "time_cost": 75.943, "final_distance_cost": 1.8198220536001224, "oscillation_cost": 18.548456644871067, "completition_cost": 0.0, "overshoot_cost": 52.69926687641841, "power_cost": 14.670069921875001, "noise_cost": 22.506408819738777, "n_waypoints_completed": 9, "tot_waypoints": 9}}
{"target": -422.9335898119166, "params": {"k_pid_pos": [0.18131033998772716, 0.004500967822570718, 0.0007235956505339002], "k_pid_alt": [1.075514258992663, 0.008012027322001342, 0.017994358856999643], "k_pid_att": [53.305385914115, 0.5027499678310511, 0.8261278173643105], "k_pid_yaw": [0.5, 1e-06, 0.1], "k_pid_hsp": [0.10121632074132027, 0.0073176209554586475, 0.0], "k_pid_vsp": [77.6454352501088, 100.39641524281035, 4.875828698147894]}, "datetime": {"datetime": "2025-08-12 00:21:11", "elapsed": 28550.40034174919, "delta": 31.346280813217163}, "costs": {"total_cost": 422.9335898119166, "time_cost": 150, "final_distance_cost": 36.77777581190567, "oscillation_cost": 12.09066496941112, "completition_cost": 111.11111111111116, "overshoot_cost": 58.61629565288851, "power_cost": 21.79059033203125, "noise_cost": 32.54715193456888, "n_waypoints_completed": 8, "tot_waypoints": 9}}
{"target": -192.69968281090794, "params": {"k_pid_pos": [0.4380908616448444, 0.0050502339334533835, 0.0005464454692829733], "k_pid_alt": [1.3509950023407609, 0.004375981471250543, 0.006397101303406222], "k_pid_att": [22.048110637933025, 0.44005898555141826, 0.9903499343576173], "k_pid_yaw": [0.5, 1e-06, 0.1], "k_pid_hsp": [0.1515398193752698, 0.016218127891720096, 0.0], "k_pid_vsp": [124.83732719574505, 85.13949258848608, 4.85188405052207]}, "datetime": {"datetime": "2025-08-12 00:21:29", "elapsed": 28569.352871418, "delta": 18.952529668807983}, "costs": {"total_cost": 192.69968281090794, "time_cost": 77.497, "final_distance_cost": 1.8611927285506857, "oscillation_cost": 22.662761707803284, "completition_cost": 0.0, "overshoot_cost": 51.03658768042201, "power_cost": 15.107486462402344, "noise_cost": 24.534654231729625, "n_waypoints_completed": 9, "tot_waypoints": 9}}
{"target": -216.08946305405448, "params": {"k_pid_pos": [0.2919586748560888, 0.006682601042417892, 0.0007397486361066791], "k_pid_alt": [1.5065368781165827, 0.005861062941110269, 0.019536914808972933], "k_pid_att": [38.83233384439808, 0.315115493341391, 0.9100678800751796], "k_pid_yaw": [0.5, 1e-06, 0.1], "k_pid_hsp": [0.12121035812747488, 0.010636143500383168, 0.0], "k_pid_vsp": [115.77512464006736, 78.78600070923717, 5.184755569947452]}, "datetime": {"datetime": "2025-08-12 00:21:53", "elapsed": 28593.03876399994, "delta": 23.685892581939697}, "costs": {"total_cost": 216.08946305405448, "time_cost": 93.45, "final_distance_cost": 1.8629390901055098, "oscillation_cost": 17.077946876825557, "completition_cost": 0.0, "overshoot_cost": 53.868580485053684, "power_cost": 17.61768358154297, "noise_cost": 32.212313020526764, "n_waypoints_completed": 9, "tot_waypoints": 9}}
{"target": -183.36232752308058, "params": {"k_pid_pos": [0.5561958319198214, 0.0031989755068331702, 0.0005993183350875391], "k_pid_alt": [1.434691908304565, 0.003532201958917023, 0.01953149072771463], "k_pid_att": [24.127090056865217, 0.2869981993109701, 0.8141500653605848], "k_pid_yaw": [0.5, 1e-06, 0.1], "k_pid_hsp": [0.13043455868527276, 0.01276323458046117, 0.0], "k_pid_vsp": [73.90460516644389, 115.73313823889994, 3.308505055934562]}, "datetime": {"datetime": "2025-08-12 00:22:11", "elapsed": 28611.08346605301, "delta": 18.04470205307007}, "costs": {"total_cost": 183.36232752308058, "time_cost": 71.743, "final_distance_cost": 1.8397299677936132, "oscillation_cost": 23.538994455308806, "completition_cost": 0.0, "overshoot_cost": 50.450561869024895, "power_cost": 14.257260034179689, "noise_cost": 21.532781196773545, "n_waypoints_completed": 9, "tot_waypoints": 9}}
{"target": -193.16409177917888, "params": {"k_pid_pos": [0.44654853231650876, 0.007103207234535921, 0.0010789715298659863], "k_pid_alt": [1.5677975839686262, 0.004275640678911335, 0.01644749779523253], "k_pid_att": [18.640612584910983, 0.3953434337284815, 1.0], "k_pid_yaw": [0.5, 1e-06, 0.1], "k_pid_hsp": [0.17029654662476398, 0.01439864561421293, 0.0], "k_pid_vsp": [89.88367267770536, 39.65537916695296, 5.242078400457013]}, "datetime": {"datetime": "2025-08-12 00:22:31", "elapsed": 28630.93757891655, "delta": 19.85411286354065}, "costs": {"total_cost": 193.16409177917888, "time_cost": 77.252, "final_distance_cost": 1.854972407452571, "oscillation_cost": 23.061600530666656, "completition_cost": 0.0, "overshoot_cost": 51.43941829146473, "power_cost": 15.187215563964845, "noise_cost": 24.36888498563006, "n_waypoints_completed": 9, "tot_waypoints": 9}}
{"target": -189.94960710975698, "params": {"k_pid_pos": [0.8780641007664375, 0.006888543584092793, 0.0010719152838497756], "k_pid_alt": [0.8764948425570234, 0.004200433842739828, 0.020527098209296737], "k_pid_att": [37.994865521771885, 0.41145296107449897, 1.0], "k_pid_yaw": [0.5, 1e-06, 0.1], "k_pid_hsp": [0.0745179023455901, 0.009646266561574227, 0.0], "k_pid_vsp": [114.13946399548081, 90.97253880222677, 3.8354760913376182]}, "datetime": {"datetime": "2025-08-12 00:22:50", "elapsed": 28650.078646421432, "delta": 19.141067504882812}, "costs": {"total_cost": 189.94960710975698, "time_cost": 74.319, "final_distance_cost": 1.772461144923521, "oscillation_cost": 25.943797878500906, "completition_cost": 0.0, "overshoot_cost": 51.66346557994932, "power_cost": 14.722429333496095, "noise_cost": 21.52845317288711, "n_waypoints_completed": 9, "tot_waypoints": 9}}
{"target": -189.77546755701303, "params": {"k_pid_pos": [0.44025091840552316, 0.00318628018956273, 0.0008913003579781687], "k_pid_alt": [1.1921657498561473, 0.005290534071968521, 0.010374179335182292], "k_pid_att": [43.53535471426332, 0.451047522842283, 0.8285402121715936], "k_pid_yaw": [0.5, 1e-06, 0.1], "k_pid_hsp": [0.12837880672139054, 0.014478777366090045, 0.0], "k_pid_vsp": [87.61644557917452, 130.81628774422708, 4.664117716760024]}, "datetime": {"datetime": "2025-08-12 00:23:09", "elapsed": 28668.993228673935, "delta": 18.91458225250244}, "costs": {"total_cost": 189.77546755701303, "time_cost": 76.377, "final_distance_cost": 1.8611634130525676, "oscillation_cost": 21.536095965860234, "completition_cost": 0.0, "overshoot_cost": 51.05409985153035, "power_cost": 14.951174829101562, "noise_cost": 23.9959334974683, "n_waypoints_completed": 9, "tot_waypoints": 9}}
{"target": -183.336053685563, "params": {"k_pid_pos": [0.7691375264407223, 0.008026257921208242, 0.0003743962851423999], "k_pid_alt": [0.9658129416173084, 0.004207759330501222, 0.013012170186524723], "k_pid_att": [37.392252244272704, 0.23808472687576374, 0.9511028917059802], "k_pid_yaw": [0.5, 1e-06, 0.1], "k_pid_hsp": [0.13657734703694507, 0.008493428844037027, 0.0], "k_pid_vsp": [80.91663026461337, 106.03392374670905, 4.637673877440992]}, "datetime": {"datetime": "2025-08-12 00:23:28", "elapsed": 28687.470840215683, "delta": 18.477611541748047}, "costs": {"total_cost": 183.336053685563, "time_cost": 70.18900000000001, "final_distance_cost": 1.8135676081333618, "oscillation_cost": 25.87479459580916, "completition_cost": 0.0, "overshoot_cost": 50.49094739976021, "power_cost": 14.19423895263672, "noise_cost": 20.773505129223526, "n_waypoints_completed": 9, "tot_waypoints": 9}}
{"target": -200.65883723688623, "params": {"k_pid_pos": [0.36632194529790524, 0.004536779639783382, 0.0008132393488645317], "k_pid_alt": [1.1652391476037567, 0.005678772793380078, 0.004523011700777401], "k_pid_att": [27.686414926549375, 0.33854558591766376, 1.0], "k_pid_yaw": [0.5, 1e-06, 0.1], "k_pid_hsp": [0.13757568492935326, 0.012960835963153049, 0.0], "k_pid_vsp": [85.5893484931246, 91.25002973684626, 4.316670658590123]}, "datetime": {"datetime": "2025-08-12 00:23:49", "elapsed": 28708.998636722565, "delta": 21.527796506881714}, "costs": {"total_cost": 200.65883723688623, "time_cost": 83.272, "final_distance_cost": 1.8636472987958503, "oscillation_cost": 20.078495521239752, "completition_cost": 0.0, "overshoot_cost": 52.14846445124745, "power_cost": 16.010944250488283, "noise_cost": 27.28528571511487, "n_waypoints_completed": 9, "tot_waypoints": 9}}
{"target": -185.48205755843162, "params": {"k_pid_pos": [0.5587441694324218, 0.004014875107882051, 0.0006498275079481464], "k_pid_alt": [0.9131861148852648, 0.005107392460044211, 0.02485499801662804], "k_pid_att": [30.854114695966327, 0.35874756209202835, 1.0], "k_pid_yaw": [0.5, 1e-06, 0.1], "k_pid_hsp": [0.1353725720868952, 0.011594465817878897, 0.0], "k_pid_vsp": [96.41824417948283, 43.56315227369055, 5.611513487406409]}, "datetime": {"datetime": "2025-08-12 00:24:07", "elapsed": 28726.68482041359, "delta": 17.68618369102478}, "costs": {"total_cost": 185.48205755843162, "time_cost": 72.884, "final_distance_cost": 1.8423116573275273, "oscillation_cost": 23.520876787914716, "completition_cost": 0.0, "overshoot_cost": 50.952697425024745, "power_cost": 14.35895731201172, "noise_cost": 21.923214376152927, "n_waypoints_completed": 9, "tot_waypoints": 9}}
{"target": -185.1621700705124, "params": {"k_pid_pos": [0.9441382471168177, 0.005948592616575872, 0.0008047198429397374], "k_pid_alt": [1.5372862421364217, 0.005986719657025088, 0.018453697696015403], "k_pid_att": [28.00170614722857, 0.3931894595640537, 1.0], "k_pid_yaw": [0.5, 1e-06, 0.1], "k_pid_hsp": [0.11148778186254475, 0.014356270895302248, 0.0], "k_pid_vsp": [78.35347658375785, 125.41125411484377, 7.557717151417449]}, "datetime": {"datetime": "2025-08-12 00:24:25", "elapsed": 28744.6000289917, "delta": 17.91520857810974}, "costs": {"total_cost": 185.1621700705124, "time_cost": 69.734, "final_distance_cost": 1.7930020977730683, "oscillation_cost": 28.671811519356034, "completition_cost": 0.0, "overshoot_cost": 50.13515065315205, "power_cost": 14.343949145507812, "noise_cost": 20.48425665472339, "n_waypoints_completed": 9, "tot_waypoints": 9}}
