{"target": -181.82479252129826, "params": {"k_pid_pos": [0.6442873664071026, 0.005212203159999848, 0.0006241942348339611], "k_pid_alt": [1.6093029124306837, 0.005303468636136299, 0.00796353277473305], "k_pid_att": [50.62085778061209, 0.32704478767614514, 0.9187783735698621], "k_pid_yaw": [0.5, 1e-06, 0.1], "k_pid_hsp": [0.1056678027832575, 0.009558298874595278, 0.0], "k_pid_vsp": [137.7362239691686, 120.39627000034278, 7.668551555540044]}, "datetime": {"datetime": "2025-08-12 04:55:58", "elapsed": 45038.259501218796, "delta": 19.35498833656311}, "costs": {"total_cost": 181.82479252129826, "time_cost": 70.7, "final_distance_cost": 1.8143456452717128, "oscillation_cost": 23.351238017323904, "completition_cost": 0.0, "overshoot_cost": 50.71715260563824, "power_cost": 14.128316064453125, "noise_cost": 21.113740188611278, "n_waypoints_completed": 9, "tot_waypoints": 9}}
{"target": -184.2470813458387, "params": {"k_pid_pos": [0.5784531773206584, 0.00578140864047309, 0.00048628808765595837], "k_pid_alt": [1.3268282539596523, 0.00447632970681402, 0.009302949014698534], "k_pid_att": [40.27407831244556, 0.30969025028785235, 0.7963760658258346], "k_pid_yaw": [0.5, 1e-06, 0.1], "k_pid_hsp": [0.0738917287621522, 0.009616695907856979, 0.0], "k_pid_vsp": [156.78412852687538, 126.83804913090866, 7.656004200751442]}, "datetime": {"datetime": "2025-08-12 04:56:17", "elapsed": 45057.32421183586, "delta": 19.06471061706543}, "costs": {"total_cost": 184.2470813458387, "time_cost": 73.717, "final_distance_cost": 1.8232724038413566, "oscillation_cost": 20.6372885011104, "completition_cost": 0.0, "overshoot_cost": 51.739203322595216, "power_cost": 14.481050634765626, "noise_cost": 21.849266483526055, "n_waypoints_completed": 9, "tot_waypoints": 9}}
{"target": -181.53397358276024, "params": {"k_pid_pos": [0.6405908473131899, 0.006748289768096533, 0.0006228032517777488], "k_pid_alt": [1.5848040726090515, 0.0048376880864715805, 0.01034593237022663], "k_pid_att": [43.761740403837535, 0.27680842040750164, 0.6946532520418308], "k_pid_yaw": [0.5, 1e-06, 0.1], "k_pid_hsp": [0.10418859677143011, 0.010247535552344858, 0.0], "k_pid_vsp": [150.98117841185876, 117.96827009445985, 7.83150853008727]}, "datetime": {"datetime": "2025-08-12 04:56:36", "elapsed": 45075.85742139816, "delta": 18.533209562301636}, "costs": {"total_cost": 181.53397358276024, "time_cost": 70.742, "final_distance_cost": 1.8219125551522586, "oscillation_cost": 23.076086561068827, "completition_cost": 0.0, "overshoot_cost": 50.66874061426061, "power_cost": 14.156774841308595, "noise_cost": 21.068459010969967, "n_waypoints_completed": 9, "tot_waypoints": 9}}
{"target": -181.16916178668703, "params": {"k_pid_pos": [0.5880154096519082, 0.005811624645699918, 0.0005343388872129788], "k_pid_alt": [1.4443703349589854, 0.004753312118012858, 0.010782174165841296], "k_pid_att": [42.5747954795644, 0.30065574440070697, 0.9154158262248885], "k_pid_yaw": [0.5, 1e-06, 0.1], "k_pid_hsp": [0.09434974797959013, 0.009311647946344257, 0.0], "k_pid_vsp": [145.1999489367626, 140.14469701828872, 6.3384671706656475]}, "datetime": {"datetime": "2025-08-12 04:56:54", "elapsed": 45093.772492170334, "delta": 17.91507077217102}, "costs": {"total_cost": 181.16916178668703, "time_cost": 71.379, "final_distance_cost": 1.8305224811796963, "oscillation_cost": 21.839629126289218, "completition_cost": 0.0, "overshoot_cost": 50.90848043581533, "power_cost": 14.052285205078126, "noise_cost": 21.159244538324636, "n_waypoints_completed": 9, "tot_waypoints": 9}}
{"target": -183.252759408514, "params": {"k_pid_pos": [0.481031713427621, 0.005872555311673602, 0.0005837452913248542], "k_pid_alt": [1.1418313246713818, 0.0046121805903294255, 0.01018986807575824], "k_pid_att": [43.06342941288935, 0.308643386577262, 0.8301832462086555], "k_pid_yaw": [0.5, 1e-06, 0.1], "k_pid_hsp": [0.1059272536367043, 0.01000243692860254, 0.0], "k_pid_vsp": [135.79165890983768, 96.66983716391064, 7.757847673096809]}, "datetime": {"datetime": "2025-08-12 04:57:13", "elapsed": 45113.2368478775, "delta": 19.46435570716858}, "costs": {"total_cost": 183.252759408514, "time_cost": 73.29, "final_distance_cost": 1.8454087716851204, "oscillation_cost": 20.43791818138791, "completition_cost": 0.0, "overshoot_cost": 51.26549474474521, "power_cost": 14.34742186279297, "noise_cost": 22.066515847902796, "n_waypoints_completed": 9, "tot_waypoints": 9}}
{"target": -181.81526934068006, "params": {"k_pid_pos": [0.5190709030215215, 0.005186188900517238, 0.0006775387397469187], "k_pid_alt": [1.784578175565799, 0.004400180778119322, 0.010692141535355304], "k_pid_att": [36.74435219220985, 0.2638463222885291, 0.8608420548738672], "k_pid_yaw": [0.5, 1e-06, 0.1], "k_pid_hsp": [0.09798877702894221, 0.009972446349446032, 0.0], "k_pid_vsp": [121.4005131423293, 137.2635893583413, 7.604453282014231]}, "datetime": {"datetime": "2025-08-12 04:57:31", "elapsed": 45130.9235329628, "delta": 17.68668508529663}, "costs": {"total_cost": 181.81526934068006, "time_cost": 72.107, "final_distance_cost": 1.8326215183893684, "oscillation_cost": 20.71155395770279, "completition_cost": 0.0, "overshoot_cost": 51.09415969681712, "power_cost": 14.303136938476563, "noise_cost": 21.766797229294212, "n_waypoints_completed": 9, "tot_waypoints": 9}}
{"target": -181.58627088493793, "params": {"k_pid_pos": [0.5696118336790366, 0.006453967416471879, 0.0006093042726676896], "k_pid_alt": [1.389225954782737, 0.005283287551721863, 0.009774952357053196], "k_pid_att": [48.6478811958063, 0.22360782564858314, 0.8119148452282164], "k_pid_yaw": [0.5, 1e-06, 0.1], "k_pid_hsp": [0.0963425729954563, 0.009672614611725548, 0.0], "k_pid_vsp": [137.42599361221008, 137.54718719137657, 8.10254875291487]}, "datetime": {"datetime": "2025-08-12 04:57:51", "elapsed": 45150.40797376633, "delta": 19.484440803527832}, "costs": {"total_cost": 181.58627088493793, "time_cost": 71.498, "final_distance_cost": 1.8212767416798996, "oscillation_cost": 21.628976942354456, "completition_cost": 0.0, "overshoot_cost": 51.31564893435335, "power_cost": 14.10678779296875, "noise_cost": 21.215580473581465, "n_waypoints_completed": 9, "tot_waypoints": 9}}
{"target": -182.29911445756795, "params": {"k_pid_pos": [0.5412274277358585, 0.006028342221538547, 0.0006239862080316103], "k_pid_alt": [1.9875406081546327, 0.0042888849319950234, 0.009173626101730704], "k_pid_att": [40.3896750201049, 0.30440456545063915, 0.7285556350290229], "k_pid_yaw": [0.5, 1e-06, 0.1], "k_pid_hsp": [0.08922426432784296, 0.012696409221582003, 0.0], "k_pid_vsp": [127.18556683401805, 129.0534962606022, 7.616697998339686]}, "datetime": {"datetime": "2025-08-12 04:58:09", "elapsed": 45168.4554476738, "delta": 18.047473907470703}, "costs": {"total_cost": 182.29911445756795, "time_cost": 72.31, "final_distance_cost": 1.822068319042844, "oscillation_cost": 21.110573690136384, "completition_cost": 0.0, "overshoot_cost": 51.29993045015712, "power_cost": 14.19693367919922, "noise_cost": 21.55960831903237, "n_waypoints_completed": 9, "tot_waypoints": 9}}
{"target": -183.19324498243606, "params": {"k_pid_pos": [0.5350736819896889, 0.0065570587286765646, 0.00049404836554471], "k_pid_alt": [1.5110125159620742, 0.005145329894448816, 0.0101960318741359], "k_pid_att": [37.73441675684982, 0.2914689360057537, 0.8456398564697968], "k_pid_yaw": [0.5, 1e-06, 0.1], "k_pid_hsp": [0.07755984383856057, 0.008308257367485467, 0.0], "k_pid_vsp": [131.29623414298348, 91.70423545673366, 7.788216810773569]}, "datetime": {"datetime": "2025-08-12 04:58:28", "elapsed": 45187.95525383949, "delta": 19.49980616569519}, "costs": {"total_cost": 183.19324498243606, "time_cost": 73.626, "final_distance_cost": 1.82600165401497, "oscillation_cost": 19.75666413407853, "completition_cost": 0.0, "overshoot_cost": 51.71980439176696, "power_cost": 14.315339599609375, "noise_cost": 21.949435202966196, "n_waypoints_completed": 9, "tot_waypoints": 9}}
{"target": -182.40746280474758, "params": {"k_pid_pos": [0.5787106090883732, 0.005185668853585222, 0.0006674091364559954], "k_pid_alt": [1.444097897418014, 0.004298197489262951, 0.010001442276537076], "k_pid_att": [40.735607095534185, 0.3047747310022691, 0.9532406814731371], "k_pid_yaw": [0.5, 1e-06, 0.1], "k_pid_hsp": [0.0841223999159384, 0.010061420413747765, 0.0], "k_pid_vsp": [131.69750165337214, 106.51034483219958, 7.671932223919388]}, "datetime": {"datetime": "2025-08-12 04:58:46", "elapsed": 45206.28143072128, "delta": 18.32617688179016}, "costs": {"total_cost": 182.40746280474758, "time_cost": 72.401, "final_distance_cost": 1.8287843818246186, "oscillation_cost": 21.123067621635933, "completition_cost": 0.0, "overshoot_cost": 51.41642188740683, "power_cost": 14.217777758789063, "noise_cost": 21.420411155091145, "n_waypoints_completed": 9, "tot_waypoints": 9}}
{"target": -181.97994049008668, "params": {"k_pid_pos": [0.5202464309505684, 0.005186087332622518, 0.0005286926376075867], "k_pid_alt": [1.4777603672946291, 0.004687104606525911, 0.012232256970828422], "k_pid_att": [49.055564216365696, 0.2948319850934298, 0.680035109560551], "k_pid_yaw": [0.5, 1e-06, 0.1], "k_pid_hsp": [0.10724087281973382, 0.009428169244192685, 0.0], "k_pid_vsp": [134.65455432814153, 132.38219381408376, 6.6207537804179255]}, "datetime": {"datetime": "2025-08-12 04:59:06", "elapsed": 45226.19610977173, "delta": 19.914679050445557}, "costs": {"total_cost": 181.97994049008668, "time_cost": 72.07900000000001, "final_distance_cost": 1.8342183936510112, "oscillation_cost": 21.301538099938615, "completition_cost": 0.0, "overshoot_cost": 50.93572363587492, "power_cost": 14.192839721679688, "noise_cost": 21.636620638942436, "n_waypoints_completed": 9, "tot_waypoints": 9}}
{"target": -182.6235753672226, "params": {"k_pid_pos": [0.59682791914287, 0.0058169475949178115, 0.0006010839141611501], "k_pid_alt": [1.608842320902452, 0.005784664910806276, 0.01102477140145905], "k_pid_att": [33.48104386151388, 0.25630396926912824, 0.7535678397655573], "k_pid_yaw": [0.5, 1e-06, 0.1], "k_pid_hsp": [0.08202498758455033, 0.009875314542723616, 0.0], "k_pid_vsp": [130.9274120190437, 114.86069364261654, 7.013380088788807]}, "datetime": {"datetime": "2025-08-12 04:59:24", "elapsed": 45244.14039039612, "delta": 17.94428062438965}, "costs": {"total_cost": 182.6235753672226, "time_cost": 72.59, "final_distance_cost": 1.8252190426260717, "oscillation_cost": 21.370778126217406, "completition_cost": 0.0, "overshoot_cost": 51.12234288291675, "power_cost": 14.258310375976563, "noise_cost": 21.45692493948583, "n_waypoints_completed": 9, "tot_waypoints": 9}}
{"target": -182.0642036497057, "params": {"k_pid_pos": [0.5121984705114749, 0.005853679258100924, 0.0005579510155990663], "k_pid_alt": [1.4820386499249227, 0.004816755751274598, 0.010821528778222358], "k_pid_att": [31.76301171373076, 0.3507647073283901, 1.0], "k_pid_yaw": [0.5, 1e-06, 0.1], "k_pid_hsp": [0.0812178115956878, 0.010930787997527586, 0.0], "k_pid_vsp": [135.85068516642352, 130.1947190066743, 7.033104271482348]}, "datetime": {"datetime": "2025-08-12 04:59:44", "elapsed": 45263.873438596725, "delta": 19.7330482006073}, "costs": {"total_cost": 182.0642036497057, "time_cost": 73.101, "final_distance_cost": 1.821656199254155, "oscillation_cost": 19.840063755367222, "completition_cost": 0.0, "overshoot_cost": 51.276626724716266, "power_cost": 14.2612255859375, "noise_cost": 21.763631384430536, "n_waypoints_completed": 9, "tot_waypoints": 9}}
{"target": -182.43524071416329, "params": {"k_pid_pos": [0.4682320238114234, 0.004501384694742456, 0.000515749120591383], "k_pid_alt": [1.7909029799968057, 0.004766084425736872, 0.010977206708624745], "k_pid_att": [43.85734742666039, 0.3602063748566909, 0.952974812681505], "k_pid_yaw": [0.5, 1e-06, 0.1], "k_pid_hsp": [0.09406575283890652, 0.01082441137120585, 0.0], "k_pid_vsp": [136.28608623831747, 149.29157786491882, 6.938337613284022]}, "datetime": {"datetime": "2025-08-12 05:00:02", "elapsed": 45281.733280181885, "delta": 17.8598415851593}, "costs": {"total_cost": 182.43524071416329, "time_cost": 73.143, "final_distance_cost": 1.8399280275999774, "oscillation_cost": 19.64261573188005, "completition_cost": 0.0, "overshoot_cost": 51.37960503093004, "power_cost": 14.354639294433595, "noise_cost": 22.075452629319642, "n_waypoints_completed": 9, "tot_waypoints": 9}}
{"target": -181.20187492675439, "params": {"k_pid_pos": [0.5990538989240264, 0.005895565588147277, 0.000604772177920241], "k_pid_alt": [1.3390903159915617, 0.005227308141070637, 0.008025028735931547], "k_pid_att": [47.0368262794042, 0.26231710372432276, 0.8815258654935884], "k_pid_yaw": [0.5, 1e-06, 0.1], "k_pid_hsp": [0.09805370616729743, 0.009353968895944328, 0.0], "k_pid_vsp": [120.84329580349042, 128.94507955704944, 6.606565411731064]}, "datetime": {"datetime": "2025-08-12 05:00:20", "elapsed": 45300.28681516647, "delta": 18.553534984588623}, "costs": {"total_cost": 181.20187492675439, "time_cost": 71.20400000000001, "final_distance_cost": 1.825629805773779, "oscillation_cost": 22.297156819281593, "completition_cost": 0.0, "overshoot_cost": 50.684640247470945, "power_cost": 14.09500360107422, "noise_cost": 21.095444453153842, "n_waypoints_completed": 9, "tot_waypoints": 9}}
{"target": -181.7147295476475, "params": {"k_pid_pos": [0.6302199311811633, 0.005850712241850444, 0.0005441610117442785], "k_pid_alt": [1.2562701127874556, 0.0047536633768984005, 0.01257644330361416], "k_pid_att": [51.301767930110394, 0.32705579721223976, 0.982948262823179], "k_pid_yaw": [0.5, 1e-06, 0.1], "k_pid_hsp": [0.11240398020235748, 0.009785966527511578, 0.0], "k_pid_vsp": [130.81095151747385, 118.70228279053164, 7.422823875355943]}, "datetime": {"datetime": "2025-08-12 05:00:38", "elapsed": 45317.36152553558, "delta": 17.074710369110107}, "costs": {"total_cost": 181.7147295476475, "time_cost": 70.798, "final_distance_cost": 1.834260411068322, "oscillation_cost": 23.379083320067366, "completition_cost": 0.0, "overshoot_cost": 50.55005679914103, "power_cost": 14.115729626464844, "noise_cost": 21.03759939090592, "n_waypoints_completed": 9, "tot_waypoints": 9}}
{"target": -181.65581750965345, "params": {"k_pid_pos": [0.5799798514810455, 0.006173292261190226, 0.0005880151077363233], "k_pid_alt": [1.6692159951744605, 0.004458128660605669, 0.011264120774342924], "k_pid_att": [45.87702664004692, 0.3165254090300283, 0.9815482095706424], "k_pid_yaw": [0.5, 1e-06, 0.1], "k_pid_hsp": [0.09838409756705559, 0.009670158573954929, 0.0], "k_pid_vsp": [156.96581577674252, 108.71590073896628, 7.717670539283433]}, "datetime": {"datetime": "2025-08-12 05:00:56", "elapsed": 45336.249831199646, "delta": 18.8883056640625}, "costs": {"total_cost": 181.65581750965345, "time_cost": 71.386, "final_distance_cost": 1.8304431764580575, "oscillation_cost": 21.917934541734446, "completition_cost": 0.0, "overshoot_cost": 51.25354355565735, "power_cost": 14.076958886718751, "noise_cost": 21.190937349084844, "n_waypoints_completed": 9, "tot_waypoints": 9}}
{"target": -182.1307388000187, "params": {"k_pid_pos": [0.6445714039169962, 0.005386659183080178, 0.0005123841060627231], "k_pid_alt": [1.6507002565244144, 0.004368103525640487, 0.009221614023116475], "k_pid_att": [37.50942014831565, 0.3535792358669581, 0.96827435050418], "k_pid_yaw": [0.5, 1e-06, 0.1], "k_pid_hsp": [0.08970684625699694, 0.00825097249998053, 0.0], "k_pid_vsp": [137.33482387089836, 128.8440199560035, 6.4106347479258945]}, "datetime": {"datetime": "2025-08-12 05:01:15", "elapsed": 45354.569367170334, "delta": 18.319535970687866}, "costs": {"total_cost": 182.1307388000187, "time_cost": 71.379, "final_distance_cost": 1.8134372783278292, "oscillation_cost": 22.409608383266338, "completition_cost": 0.0, "overshoot_cost": 51.29585280840342, "power_cost": 14.124965637207032, "noise_cost": 21.10787469281408, "n_waypoints_completed": 9, "tot_waypoints": 9}}
{"target": -181.6581572285446, "params": {"k_pid_pos": [0.5444727897411444, 0.0066345561439788035, 0.0006884203618519356], "k_pid_alt": [1.504703336244772, 0.004763737211821741, 0.009761377270563289], "k_pid_att": [39.45910215079764, 0.30852314270662706, 0.8943177433862094], "k_pid_yaw": [0.5, 1e-06, 0.1], "k_pid_hsp": [0.10624456758519929, 0.008442418308131649, 0.0], "k_pid_vsp": [125.15679257851438, 117.05716334894908, 7.326269740627002]}, "datetime": {"datetime": "2025-08-12 05:01:35", "elapsed": 45374.58103656769, "delta": 20.011669397354126}, "costs": {"total_cost": 181.6581572285446, "time_cost": 71.70100000000001, "final_distance_cost": 1.84290843981098, "oscillation_cost": 21.38025600292659, "completition_cost": 0.0, "overshoot_cost": 51.09329885227891, "power_cost": 14.158743273925783, "noise_cost": 21.481950659602354, "n_waypoints_completed": 9, "tot_waypoints": 9}}
{"target": -182.67762512736059, "params": {"k_pid_pos": [0.6054222803585113, 0.005817611606407543, 0.0006713410212729978], "k_pid_alt": [1.822496994244447, 0.004989262986234608, 0.011319760720383784], "k_pid_att": [33.9461597444378, 0.4055910297454363, 0.6295374482590915], "k_pid_yaw": [0.5, 1e-06, 0.1], "k_pid_hsp": [0.12585080190557027, 0.009317249139534715, 0.0], "k_pid_vsp": [145.57352586705952, 159.64313916525666, 6.545622424438608]}, "datetime": {"datetime": "2025-08-12 05:01:52", "elapsed": 45392.04167842865, "delta": 17.460641860961914}, "costs": {"total_cost": 182.67762512736059, "time_cost": 70.959, "final_distance_cost": 1.834516809497184, "oscillation_cost": 23.629793935432613, "completition_cost": 0.0, "overshoot_cost": 50.82687706869601, "power_cost": 14.169540466308595, "noise_cost": 21.257896847426167, "n_waypoints_completed": 9, "tot_waypoints": 9}}
{"target": -181.708941095893, "params": {"k_pid_pos": [0.5842444646015801, 0.007081868652856853, 0.0004983178643759009], "k_pid_alt": [1.3582798608375686, 0.005342507400450514, 0.010355653010726603], "k_pid_att": [42.37598051148581, 0.27577014946304995, 0.7734199824834119], "k_pid_yaw": [0.5, 1e-06, 0.1], "k_pid_hsp": [0.1101360808665632, 0.009056499906703491, 0.0], "k_pid_vsp": [120.35043155375591, 105.64172140174934, 6.655883339128884]}, "datetime": {"datetime": "2025-08-12 05:02:11", "elapsed": 45411.32114672661, "delta": 19.279468297958374}, "costs": {"total_cost": 181.708941095893, "time_cost": 71.20400000000001, "final_distance_cost": 1.8342377046123233, "oscillation_cost": 22.445126622106685, "completition_cost": 0.0, "overshoot_cost": 50.825976037909115, "power_cost": 14.160234692382813, "noise_cost": 21.239366038882068, "n_waypoints_completed": 9, "tot_waypoints": 9}}
{"target": -181.71152967839674, "params": {"k_pid_pos": [0.5321594851894752, 0.005228202358356907, 0.0006643876835256409], "k_pid_alt": [1.8659605186677115, 0.004809451271102657, 0.009434388772166432], "k_pid_att": [47.86093460657391, 0.2990404283418726, 0.7190891616961158], "k_pid_yaw": [0.5, 1e-06, 0.1], "k_pid_hsp": [0.10043529831328574, 0.010393538789559058, 0.0], "k_pid_vsp": [111.81133822768959, 137.5162606174355, 7.241726464794991]}, "datetime": {"datetime": "2025-08-12 05:02:29", "elapsed": 45428.769966602325, "delta": 17.448819875717163}, "costs": {"total_cost": 181.71152967839674, "time_cost": 71.918, "final_distance_cost": 1.8260649212889675, "oscillation_cost": 21.17128859966964, "completition_cost": 0.0, "overshoot_cost": 51.11304939185643, "power_cost": 14.197629309082032, "noise_cost": 21.485497456499672, "n_waypoints_completed": 9, "tot_waypoints": 9}}
{"target": -184.13715450535645, "params": {"k_pid_pos": [0.5979321543454712, 0.005781191644785323, 0.0004776610407476894], "k_pid_alt": [1.7226829545312652, 0.004845941491232608, 0.010231488335057366], "k_pid_att": [33.21866216496887, 0.2866781184495618, 0.7852133741846911], "k_pid_yaw": [0.5, 1e-06, 0.1], "k_pid_hsp": [0.07555971358445503, 0.008063765668164661, 0.0], "k_pid_vsp": [121.92533447451058, 120.5702541759977, 7.19014696003421]}, "datetime": {"datetime": "2025-08-12 05:02:49", "elapsed": 45449.29579472542, "delta": 20.52582812309265}, "costs": {"total_cost": 184.13715450535645, "time_cost": 73.367, "final_distance_cost": 1.7954586167167927, "oscillation_cost": 20.880900548489173, "completition_cost": 0.0, "overshoot_cost": 51.82056345464891, "power_cost": 14.42718299560547, "noise_cost": 21.846048889896093, "n_waypoints_completed": 9, "tot_waypoints": 9}}
{"target": -181.92765171224346, "params": {"k_pid_pos": [0.5884990521339611, 0.005631877729996436, 0.000545456360392142], "k_pid_alt": [1.854036823784308, 0.004954705180522663, 0.010086296618401987], "k_pid_att": [47.362086365242966, 0.27080204816157194, 0.7039646435063448], "k_pid_yaw": [0.5, 1e-06, 0.1], "k_pid_hsp": [0.11342173063288012, 0.00938774054841883, 0.0], "k_pid_vsp": [126.70125061895153, 127.2498691529314, 6.949738030110448]}, "datetime": {"datetime": "2025-08-12 05:03:07", "elapsed": 45466.913883686066, "delta": 17.618088960647583}, "costs": {"total_cost": 181.92765171224346, "time_cost": 71.176, "final_distance_cost": 1.8389387366336973, "oscillation_cost": 22.615883719011777, "completition_cost": 0.0, "overshoot_cost": 50.82094146302792, "power_cost": 14.206165454101564, "noise_cost": 21.2697223394685, "n_waypoints_completed": 9, "tot_waypoints": 9}}
{"target": -181.28512406177134, "params": {"k_pid_pos": [0.5657928453995159, 0.005994758691856515, 0.0006937205110094332], "k_pid_alt": [1.507504858169802, 0.004186073307758124, 0.011297597146175849], "k_pid_att": [41.56164521222272, 0.3383812043627747, 0.8373823312375018], "k_pid_yaw": [0.5, 1e-06, 0.1], "k_pid_hsp": [0.09641085501753521, 0.008642094932336699, 0.0], "k_pid_vsp": [142.42771902679073, 128.13730206658, 6.909310202844213]}, "datetime": {"datetime": "2025-08-12 05:03:26", "elapsed": 45486.009456157684, "delta": 19.095572471618652}, "costs": {"total_cost": 181.28512406177134, "time_cost": 71.54, "final_distance_cost": 1.8298445127112524, "oscillation_cost": 21.26596110731127, "completition_cost": 0.0, "overshoot_cost": 51.20938305342695, "power_cost": 14.138562438964845, "noise_cost": 21.30137294935706, "n_waypoints_completed": 9, "tot_waypoints": 9}}
