{"target": -323.9320970173499, "params": {"k_pid_pos": [1.2595517855544918, 0.3568529225809873, 0.19502190475310552], "k_pid_alt": [0.5834697085527812, 0.0001386104051721397, 0.5075896734836288], "k_pid_att": [15.196355710097444, 9.312343210054426, 0.189780861947875], "k_pid_yaw": [0.5, 1e-06, 0.1], "k_pid_hsp": [0.0001, 0.06860746398099805, 0.03222615185131433], "k_pid_vsp": [0.0, 46.634278766992395, 10.415402564141045]}, "datetime": {"datetime": "2025-08-11 17:32:20", "elapsed": 4020.2878308296204, "delta": 26.860209465026855}, "costs": {"total_cost": 323.9320970173499, "time_cost": 110.173, "final_distance_cost": 1.7776378090091127, "oscillation_cost": 85.55067852337342, "completition_cost": 0.0, "overshoot_cost": 67.2795241705347, "power_cost": 27.833503161621096, "noise_cost": 31.317753352811557, "n_waypoints_completed": 9, "tot_waypoints": 9}}
{"target": -246.39377060909948, "params": {"k_pid_pos": [0.2784433332407303, 0.27764275535881183, 0.3543929477829057], "k_pid_alt": [0.9377150284904108, 0.003931194155471883, 0.4979172916412368], "k_pid_att": [7.006835990380623, 7.662984287615093, 0.46016956365684986], "k_pid_yaw": [0.5, 1e-06, 0.1], "k_pid_hsp": [1.2250790807691072, 0.012337818646471438, 0.0], "k_pid_vsp": [87.95361051447973, 12.379837583759423, 18.22877491880571]}, "datetime": {"datetime": "2025-08-11 17:32:47", "elapsed": 4046.7124531269073, "delta": 26.424622297286987}, "costs": {"total_cost": 246.39377060909948, "time_cost": 104.538, "final_distance_cost": 1.8266771253208705, "oscillation_cost": 29.096685070202778, "completition_cost": 0.0, "overshoot_cost": 57.89589705054776, "power_cost": 26.19656544189453, "noise_cost": 26.83994592113353, "n_waypoints_completed": 9, "tot_waypoints": 9}}
{"target": -210.93969903079162, "params": {"k_pid_pos": [1.3180794178845001, 0.3086235525488488, 0.028996269185460614], "k_pid_alt": [2.0, 0.0, 0.3294531647195962], "k_pid_att": [24.448987311137746, 7.88290338209461, 1.0], "k_pid_yaw": [0.5, 1e-06, 0.1], "k_pid_hsp": [0.170981228610637, 0.07589499651734705, 0.0010500289084199607], "k_pid_vsp": [90.6048680824098, 65.1195612586153, 5.111564270353957]}, "datetime": {"datetime": "2025-08-11 17:33:05", "elapsed": 4065.297347545624, "delta": 18.58489441871643}, "costs": {"total_cost": 210.93969903079162, "time_cost": 73.612, "final_distance_cost": 1.7836660458027418, "oscillation_cost": 45.122127260474564, "completition_cost": 0.0, "overshoot_cost": 52.20853232853926, "power_cost": 16.447444006347656, "noise_cost": 21.765929389627377, "n_waypoints_completed": 9, "tot_waypoints": 9}}
{"target": -194.64774350567424, "params": {"k_pid_pos": [1.701094631466688, 0.19330897889115758, 0.08013385112545827], "k_pid_alt": [2.0, 0.005748329858341845, 0.0], "k_pid_att": [18.049886595418723, 5.508531684380823, 0.9869390238736663], "k_pid_yaw": [0.5, 1e-06, 0.1], "k_pid_hsp": [0.7654780784132389, 0.05877812079843744, 0.0], "k_pid_vsp": [167.92877473094916, 46.03044243079941, 1e-06]}, "datetime": {"datetime": "2025-08-11 17:33:23", "elapsed": 4082.5518655776978, "delta": 17.254518032073975}, "costs": {"total_cost": 194.64774350567424, "time_cost": 69.328, "final_distance_cost": 1.7584531243245225, "oscillation_cost": 36.867852905205936, "completition_cost": 0.0, "overshoot_cost": 50.741724928080984, "power_cost": 15.332829748535158, "noise_cost": 20.618882799527643, "n_waypoints_completed": 9, "tot_waypoints": 9}}
{"target": -248.54514222342465, "params": {"k_pid_pos": [0.6860394421099775, 0.29007310946211523, 0.0680123005763387], "k_pid_alt": [0.44955965411760584, 0.006211379536347057, 0.4485462022912465], "k_pid_att": [52.25002069325268, 8.686092684841658, 0.1345302702201411], "k_pid_yaw": [0.5, 1e-06, 0.1], "k_pid_hsp": [3.9551761071519267, 0.07028961156262797, 0.0], "k_pid_vsp": [81.58187071644329, 55.56032415365562, 8.503081956075972]}, "datetime": {"datetime": "2025-08-11 17:33:46", "elapsed": 4105.4023513793945, "delta": 22.850485801696777}, "costs": {"total_cost": 248.54514222342465, "time_cost": 92.022, "final_distance_cost": 1.857583267460851, "oscillation_cost": 55.77824273863171, "completition_cost": 0.0, "overshoot_cost": 51.83108315210414, "power_cost": 18.641172216796875, "noise_cost": 28.41506084843109, "n_waypoints_completed": 9, "tot_waypoints": 9}}
{"target": -1291.5951072619534, "params": {"k_pid_pos": [0.826608982174966, 0.1967568726987792, 0.20167795375350317], "k_pid_alt": [2.0, 0.006947108257642474, 0.2358739961832479], "k_pid_att": [8.412271223699372, 6.084792587050381, 0.6927212576756104], "k_pid_yaw": [0.5, 1e-06, 0.1], "k_pid_hsp": [0.0001, 0.08311552564805244, 0.0], "k_pid_vsp": [145.8641067584316, 24.631953709140365, 8.314221805582768]}, "datetime": {"datetime": "2025-08-11 17:34:15", "elapsed": 4135.318583250046, "delta": 29.916231870651245}, "costs": {"total_cost": 1291.5951072619534, "time_cost": 150, "final_distance_cost": 93.92815468990464, "oscillation_cost": 91.92193987126362, "completition_cost": 777.7777777777778, "overshoot_cost": 116.67127876004722, "power_cost": 26.843846337890625, "noise_cost": 34.45210982506965, "n_waypoints_completed": 2, "tot_waypoints": 9}}
{"target": -3614.6664616474313, "params": {"k_pid_pos": [0.6820298635844403, 0.3999622770707778, 0.19136309945150196], "k_pid_alt": [1.1744620871173252, 0.010219297509486247, 1.0], "k_pid_att": [0.0, 1.2780711996807417, 1.0], "k_pid_yaw": [0.5, 1e-06, 0.1], "k_pid_hsp": [1.4041861326961718, 0.11475670390968522, 0.05747020486962686], "k_pid_vsp": [113.52373283376646, 45.257873397275226, 7.666006465299605]}, "datetime": {"datetime": "2025-08-11 17:34:45", "elapsed": 4165.054885149002, "delta": 29.7363018989563}, "costs": {"total_cost": 3614.6664616474313, "time_cost": 150, "final_distance_cost": 320.02141434648274, "oscillation_cost": 1079.3253950410926, "completition_cost": 1000.0, "overshoot_cost": 839.9758028495438, "power_cost": 58.123979809570315, "noise_cost": 167.2198696007419, "n_waypoints_completed": 0, "tot_waypoints": 9}}
{"target": -200.5000574116531, "params": {"k_pid_pos": [0.9090697081798936, 0.3739507330717217, 0.1383689115378867], "k_pid_alt": [1.442375398458129, 0.004645308061105289, 0.6800833309239938], "k_pid_att": [21.670067882302103, 3.8186448815787934, 0.7720629751311671], "k_pid_yaw": [0.5, 1e-06, 0.1], "k_pid_hsp": [2.756845266783708, 0.06317893097343023, 0.0], "k_pid_vsp": [76.23645179186194, 22.64160230683053, 11.016649791412434]}, "datetime": {"datetime": "2025-08-11 17:35:04", "elapsed": 4183.605384349823, "delta": 18.550499200820923}, "costs": {"total_cost": 200.5000574116531, "time_cost": 75.516, "final_distance_cost": 1.8029592675474178, "oscillation_cost": 33.37452670492956, "completition_cost": 0.0, "overshoot_cost": 50.98927724827559, "power_cost": 19.455800036621095, "noise_cost": 19.361494154279416, "n_waypoints_completed": 9, "tot_waypoints": 9}}
{"target": -202.5879279105484, "params": {"k_pid_pos": [1.0403702281667992, 0.46426891267375997, 0.2930851876194658], "k_pid_alt": [2.0, 0.0, 0.4559032261289848], "k_pid_att": [23.27766800141687, 9.01684450734471, 0.19358201632196484], "k_pid_yaw": [0.5, 1e-06, 0.1], "k_pid_hsp": [2.237757114591871, 0.0, 0.0], "k_pid_vsp": [357.8567796605776, 27.829935449049014, 3.8142598207427234]}, "datetime": {"datetime": "2025-08-11 17:35:22", "elapsed": 4201.994111061096, "delta": 18.388726711273193}, "costs": {"total_cost": 202.5879279105484, "time_cost": 74.718, "final_distance_cost": 1.8105646693725712, "oscillation_cost": 36.84212160582303, "completition_cost": 0.0, "overshoot_cost": 51.164100576643676, "power_cost": 15.823826232910157, "noise_cost": 22.229314825798955, "n_waypoints_completed": 9, "tot_waypoints": 9}}
{"target": -210.8929529849562, "params": {"k_pid_pos": [0.40150123592266246, 0.2583022595916711, 0.0], "k_pid_alt": [2.0, 0.004301329802311623, 0.40157329182774504], "k_pid_att": [11.68400544567917, 0.7092400531067437, 0.23748477063926732], "k_pid_yaw": [0.5, 1e-06, 0.1], "k_pid_hsp": [1.102501312304133, 0.009513706586029716, 0.0], "k_pid_vsp": [0.0, 54.76798483466448, 10.614107719281833]}, "datetime": {"datetime": "2025-08-11 17:35:42", "elapsed": 4222.246310472488, "delta": 20.252199411392212}, "costs": {"total_cost": 210.8929529849562, "time_cost": 83.727, "final_distance_cost": 1.8034622839568268, "oscillation_cost": 30.629851562937876, "completition_cost": 0.0, "overshoot_cost": 51.78047524947306, "power_cost": 20.081845861816408, "noise_cost": 22.870318026771983, "n_waypoints_completed": 9, "tot_waypoints": 9}}
{"target": -1293.0989920296881, "params": {"k_pid_pos": [1.544201175403585, 0.295618085629901, 0.12244091944274337], "k_pid_alt": [1.3807072677879777, 0.0025455814655902195, 0.7823084205874652], "k_pid_att": [11.695720467036717, 8.858730712780416, 0.5586743090950886], "k_pid_yaw": [0.5, 1e-06, 0.1], "k_pid_hsp": [1.4934324624455175, 0.06758714541580835, 0.0], "k_pid_vsp": [9.366181271096686, 1e-06, 1e-06]}, "datetime": {"datetime": "2025-08-11 17:36:12", "elapsed": 4252.2995500564575, "delta": 30.053239583969116}, "costs": {"total_cost": 1293.0989920296881, "time_cost": 150, "final_distance_cost": 43.56222843320795, "oscillation_cost": 5.591511899165183, "completition_cost": 1000.0, "overshoot_cost": 35.732995597586395, "power_cost": 21.369502282714844, "noise_cost": 36.8427538170138, "n_waypoints_completed": 0, "tot_waypoints": 9}}
{"target": -210.79039053656714, "params": {"k_pid_pos": [1.199530196993756, 0.1443588707496756, 0.4679003945326013], "k_pid_alt": [1.5033040064631908, 0.0016815664296256528, 0.6670682529358712], "k_pid_att": [13.168456283489377, 6.1988566926524244, 0.9808013534054201], "k_pid_yaw": [0.5, 1e-06, 0.1], "k_pid_hsp": [0.6592394452304656, 0.03491836807315373, 0.017182093172852433], "k_pid_vsp": [77.99461899570822, 48.44344345510489, 0.2976726364081692]}, "datetime": {"datetime": "2025-08-11 17:36:31", "elapsed": 4270.895804405212, "delta": 18.596254348754883}, "costs": {"total_cost": 210.79039053656714, "time_cost": 76.258, "final_distance_cost": 1.8320870643685978, "oscillation_cost": 43.57968129914359, "completition_cost": 0.0, "overshoot_cost": 50.32381088145277, "power_cost": 16.017919775390627, "noise_cost": 22.77889151621156, "n_waypoints_completed": 9, "tot_waypoints": 9}}
{"target": -230.12910515723655, "params": {"k_pid_pos": [1.8699602394350174, 0.4238281761367759, 0.06703285995209161], "k_pid_alt": [2.0, 0.0077566382798737255, 0.8675686583230657], "k_pid_att": [19.349080657771314, 6.491111256008392, 0.7136361989694803], "k_pid_yaw": [0.5, 1e-06, 0.1], "k_pid_hsp": [0.4627127782348701, 0.021087363914423476, 0.011460356531976088], "k_pid_vsp": [137.3125656592357, 8.243918347059237, 1.156971323892323]}, "datetime": {"datetime": "2025-08-11 17:36:51", "elapsed": 4290.436411619186, "delta": 19.540607213974}, "costs": {"total_cost": 230.12910515723655, "time_cost": 80.458, "final_distance_cost": 1.7521200987706924, "oscillation_cost": 51.231783528882254, "completition_cost": 0.0, "overshoot_cost": 54.43991691312079, "power_cost": 18.45069597167969, "noise_cost": 23.796588644783117, "n_waypoints_completed": 9, "tot_waypoints": 9}}
{"target": -198.34276584410077, "params": {"k_pid_pos": [0.872921220211814, 0.15519237983547823, 0.19236469221077282], "k_pid_alt": [1.9388671733684937, 0.0017151823644469767, 0.7828162380670639], "k_pid_att": [27.19665119025161, 8.040061617020317, 1.0], "k_pid_yaw": [0.5, 1e-06, 0.1], "k_pid_hsp": [3.6196321338697746, 0.039439429989829834, 0.0], "k_pid_vsp": [187.60991530959055, 43.197863986025034, 9.417216350870655]}, "datetime": {"datetime": "2025-08-11 17:37:09", "elapsed": 4308.381171703339, "delta": 17.94476008415222}, "costs": {"total_cost": 198.34276584410077, "time_cost": 73.416, "final_distance_cost": 1.832124863506369, "oscillation_cost": 33.593149281115174, "completition_cost": 0.0, "overshoot_cost": 51.3342012426688, "power_cost": 18.277635949707033, "noise_cost": 19.889654507103387, "n_waypoints_completed": 9, "tot_waypoints": 9}}
{"target": -198.13619171144768, "params": {"k_pid_pos": [0.9132205426915648, 0.16737685120914328, 0.2563148217811931], "k_pid_alt": [1.9118366790675545, 0.003914050621590471, 1.0], "k_pid_att": [8.585534875702956, 2.363563823315607, 0.8231740914807858], "k_pid_yaw": [0.5, 1e-06, 0.1], "k_pid_hsp": [0.7273866976941785, 0.0, 0.0], "k_pid_vsp": [191.12604608781922, 5.143678293447082, 15.140949170702761]}, "datetime": {"datetime": "2025-08-11 17:37:27", "elapsed": 4326.749208211899, "delta": 18.36803650856018}, "costs": {"total_cost": 198.13619171144768, "time_cost": 74.683, "final_distance_cost": 1.838855023300477, "oscillation_cost": 30.602674725045457, "completition_cost": 0.0, "overshoot_cost": 52.366777789439176, "power_cost": 19.319538610839846, "noise_cost": 19.32534556282269, "n_waypoints_completed": 9, "tot_waypoints": 9}}
{"target": -245.34414910278144, "params": {"k_pid_pos": [1.0099314559138115, 0.08913237337062989, 0.033473596279171625], "k_pid_alt": [0.6235839403014248, 0.0, 1.0], "k_pid_att": [28.21347792565807, 1.6892485414071636, 1.0], "k_pid_yaw": [0.5, 1e-06, 0.1], "k_pid_hsp": [1.0254189201376605, 0.022392536418968448, 0.008253102977426539], "k_pid_vsp": [204.42749086446997, 40.839401425010486, 11.156773196793026]}, "datetime": {"datetime": "2025-08-11 17:37:51", "elapsed": 4351.032139539719, "delta": 24.282931327819824}, "costs": {"total_cost": 245.34414910278144, "time_cost": 97.167, "final_distance_cost": 1.8625126805058074, "oscillation_cost": 45.30628066549525, "completition_cost": 0.0, "overshoot_cost": 51.897167232988295, "power_cost": 25.048931567382812, "noise_cost": 24.062256956409282, "n_waypoints_completed": 9, "tot_waypoints": 9}}
{"target": -196.90186947841565, "params": {"k_pid_pos": [2.0, 0.2477363930486182, 0.1677751690918398], "k_pid_alt": [1.5700801606882309, 0.0, 0.7103628480281446], "k_pid_att": [23.613365885624066, 10.0, 1.0], "k_pid_yaw": [0.5, 1e-06, 0.1], "k_pid_hsp": [0.9991839480651602, 0.04582769225096975, 0.0], "k_pid_vsp": [173.80552218977223, 49.910462091148624, 5.676758882515391]}, "datetime": {"datetime": "2025-08-11 17:38:09", "elapsed": 4368.870124578476, "delta": 17.837985038757324}, "costs": {"total_cost": 196.90186947841565, "time_cost": 70.602, "final_distance_cost": 1.7717419423467484, "oscillation_cost": 37.52605606583602, "completition_cost": 0.0, "overshoot_cost": 50.62753059345154, "power_cost": 15.562411889648438, "noise_cost": 20.812128987132866, "n_waypoints_completed": 9, "tot_waypoints": 9}}
{"target": -217.78198100282796, "params": {"k_pid_pos": [0.6155511141069371, 0.34125216818705534, 0.17856209444411908], "k_pid_alt": [2.0, 0.004125476279943051, 0.5941697510433301], "k_pid_att": [16.31433390778764, 5.695704966686953, 0.4346592927062835], "k_pid_yaw": [0.5, 1e-06, 0.1], "k_pid_hsp": [1.2006717313403537, 0.07080347284672714, 0.01608763730666185], "k_pid_vsp": [164.01684474963983, 32.42737838505789, 1e-06]}, "datetime": {"datetime": "2025-08-11 17:38:29", "elapsed": 4389.301271438599, "delta": 20.43114686012268}, "costs": {"total_cost": 217.78198100282796, "time_cost": 83.517, "final_distance_cost": 1.7980911871915284, "oscillation_cost": 39.10925389766525, "completition_cost": 0.0, "overshoot_cost": 51.51586945111814, "power_cost": 17.003585998535158, "noise_cost": 24.838180468317898, "n_waypoints_completed": 9, "tot_waypoints": 9}}
{"target": -1469.3641751328576, "params": {"k_pid_pos": [1.5413517096742961, 0.42114026316267195, 0.13609445348117888], "k_pid_alt": [1.8291767273864352, 0.007296833338192428, 0.7368615109644039], "k_pid_att": [20.72571783794122, 9.953183931035225, 0.7694506160361362], "k_pid_yaw": [0.5, 1e-06, 0.1], "k_pid_hsp": [0.9158034429849332, 0.12932516618623047, 0.022770377978063614], "k_pid_vsp": [0.0, 32.47786607740321, 17.307386234688863]}, "datetime": {"datetime": "2025-08-11 17:38:59", "elapsed": 4419.00216960907, "delta": 29.70089817047119}, "costs": {"total_cost": 1469.3641751328576, "time_cost": 150, "final_distance_cost": 0.9982696082996135, "oscillation_cost": 13.017020617184043, "completition_cost": 1000.0, "overshoot_cost": 162.69276240075638, "power_cost": 28.804829846191407, "noise_cost": 113.85129266042632, "n_waypoints_completed": 0, "tot_waypoints": 9}}
{"target": -1186.2893454806194, "params": {"k_pid_pos": [1.374689233355533, 0.0, 0.04074175965693872], "k_pid_alt": [1.2200764305697065, 0.00615638924602785, 0.5378700696105979], "k_pid_att": [24.99346731545515, 10.0, 1.0], "k_pid_yaw": [0.5, 1e-06, 0.1], "k_pid_hsp": [0.0001, 0.028863023690490767, 0.0], "k_pid_vsp": [0.0, 19.887448782729205, 8.250511131394138]}, "datetime": {"datetime": "2025-08-11 17:39:29", "elapsed": 4448.584159612656, "delta": 29.581990003585815}, "costs": {"total_cost": 1186.2893454806194, "time_cost": 150, "final_distance_cost": 88.83212026822117, "oscillation_cost": 14.087566094866052, "completition_cost": 777.7777777777778, "overshoot_cost": 96.86918170240635, "power_cost": 21.871533569335938, "noise_cost": 36.851166068011906, "n_waypoints_completed": 2, "tot_waypoints": 9}}
{"target": -1210.9552158932256, "params": {"k_pid_pos": [0.7255313276260242, 0.3278240396917082, 0.0], "k_pid_alt": [1.7893952612750832, 0.004361229152462324, 0.8066783869951556], "k_pid_att": [22.01201063524341, 3.0574731925617455, 0.7270326811222226], "k_pid_yaw": [0.5, 1e-06, 0.1], "k_pid_hsp": [0.0001, 0.04318860044081141, 0.0], "k_pid_vsp": [0.0, 75.71032214323839, 12.628257371943027]}, "datetime": {"datetime": "2025-08-11 17:39:58", "elapsed": 4477.982310295105, "delta": 29.39815068244934}, "costs": {"total_cost": 1210.9552158932256, "time_cost": 150, "final_distance_cost": 95.76682967195323, "oscillation_cost": 29.69414940786222, "completition_cost": 777.7777777777778, "overshoot_cost": 100.91818904960289, "power_cost": 28.804722143554688, "noise_cost": 27.99354784247464, "n_waypoints_completed": 2, "tot_waypoints": 9}}
{"target": -216.7086190970553, "params": {"k_pid_pos": [0.5582676459367996, 0.16272380169155823, 0.2659219363028447], "k_pid_alt": [2.0, 0.0002479060040857987, 0.4166924601825646], "k_pid_att": [42.18579720151266, 8.68569377913646, 1.0], "k_pid_yaw": [0.5, 1e-06, 0.1], "k_pid_hsp": [2.804949077181284, 0.06300486836566078, 0.0], "k_pid_vsp": [175.77990263323989, 42.172241740021576, 14.72552470551871]}, "datetime": {"datetime": "2025-08-11 17:40:19", "elapsed": 4498.476679801941, "delta": 20.494369506835938}, "costs": {"total_cost": 216.7086190970553, "time_cost": 84.91, "final_distance_cost": 1.8341888041474919, "oscillation_cost": 33.29079460526484, "completition_cost": 0.0, "overshoot_cost": 52.983703317304666, "power_cost": 21.645388867187503, "noise_cost": 22.044543503150813, "n_waypoints_completed": 9, "tot_waypoints": 9}}
{"target": -5561.029349775119, "params": {"k_pid_pos": [0.8960585414304445, 0.09807347023161454, 0.0], "k_pid_alt": [2.0, 0.004278559555426543, 0.4454655151080153], "k_pid_att": [0.0, 9.131463512344885, 1.0], "k_pid_yaw": [0.5, 1e-06, 0.1], "k_pid_hsp": [3.7200703212958515, 0.08543189677379086, 0.0], "k_pid_vsp": [120.07061109158485, 27.92986819930511, 13.41950322810446]}, "datetime": {"datetime": "2025-08-11 17:40:48", "elapsed": 4527.595524549484, "delta": 29.118844747543335}, "costs": {"total_cost": 5561.029349775119, "time_cost": 150, "final_distance_cost": 1263.1518419011359, "oscillation_cost": 1512.111437423703, "completition_cost": 1000.0, "overshoot_cost": 1432.7620613135557, "power_cost": 55.86431912841797, "noise_cost": 147.13969000830636, "n_waypoints_completed": 0, "tot_waypoints": 9}}
{"target": -196.39162267384523, "params": {"k_pid_pos": [0.9679311724456414, 0.39081158452545406, 0.1529274918930499], "k_pid_alt": [1.7073022944814467, 0.0035013743074793755, 0.3951709335100466], "k_pid_att": [24.321793354875208, 8.085536611096446, 1.0], "k_pid_yaw": [0.5, 1e-06, 0.1], "k_pid_hsp": [1.1050856402395624, 0.07340795748598809, 0.0], "k_pid_vsp": [28.92092404860624, 27.170387466106828, 7.95042587815789]}, "datetime": {"datetime": "2025-08-11 17:41:07", "elapsed": 4546.467524290085, "delta": 18.871999740600586}, "costs": {"total_cost": 196.39162267384523, "time_cost": 74.368, "final_distance_cost": 1.7916729397831528, "oscillation_cost": 31.516341031221916, "completition_cost": 0.0, "overshoot_cost": 50.88853744106062, "power_cost": 15.650349633789062, "noise_cost": 22.176721627990513, "n_waypoints_completed": 9, "tot_waypoints": 9}}
{"target": -3315.804630196586, "params": {"k_pid_pos": [1.100462835109232, 0.2831633538406224, 0.19797433863408262], "k_pid_alt": [1.0081393259246203, 0.012512517656911741, 0.487003756655273], "k_pid_att": [0.18449649166000034, 5.00752864282675, 1.0], "k_pid_yaw": [0.5, 1e-06, 0.1], "k_pid_hsp": [1.8998972236363787, 0.04242389627129139, 0.0], "k_pid_vsp": [44.39769417991592, 6.218304512866619, 8.105122836826]}, "datetime": {"datetime": "2025-08-11 17:41:37", "elapsed": 4576.49312710762, "delta": 30.0256028175354}, "costs": {"total_cost": 3315.804630196586, "time_cost": 150, "final_distance_cost": 280.138269598816, "oscillation_cost": 874.7742890088297, "completition_cost": 1000.0, "overshoot_cost": 801.9673990146013, "power_cost": 53.695674145507816, "noise_cost": 155.22899842883143, "n_waypoints_completed": 0, "tot_waypoints": 9}}
{"target": -206.4488676533854, "params": {"k_pid_pos": [2.0, 0.2979425079333948, 0.21457697792062216], "k_pid_alt": [2.0, 0.007043063142025134, 0.6521990787921547], "k_pid_att": [3.865978398950791, 0.0001, 1.0], "k_pid_yaw": [0.5, 1e-06, 0.1], "k_pid_hsp": [0.641469570546862, 0.03738748579217854, 0.0], "k_pid_vsp": [0.0, 40.39003070067823, 8.459343644880386]}, "datetime": {"datetime": "2025-08-11 17:41:55", "elapsed": 4594.903135299683, "delta": 18.410008192062378}, "costs": {"total_cost": 206.4488676533854, "time_cost": 74.221, "final_distance_cost": 1.7549139048083238, "oscillation_cost": 36.102141716255666, "completition_cost": 0.0, "overshoot_cost": 55.027563719457284, "power_cost": 16.324496801757814, "noise_cost": 23.01875151110634, "n_waypoints_completed": 9, "tot_waypoints": 9}}
