{"target": -181.69868677529587, "params": {"k_pid_pos": [0.5318980923306446, 0.005842473920360262, 0.0006851385996961048], "k_pid_alt": [1.5013831407607914, 0.004346532801348334, 0.010123749878774404], "k_pid_att": [28.39229353808139, 0.3598883189850639, 0.8301717781650924], "k_pid_yaw": [0.5, 1e-06, 0.1], "k_pid_hsp": [0.086283878804794, 0.0073047509879064195, 0.0], "k_pid_vsp": [90.76600013471396, 109.72673088295163, 6.184568376857018]}, "datetime": {"datetime": "2025-08-12 03:00:23", "elapsed": 38102.4351940155, "delta": 18.260534048080444}, "costs": {"total_cost": 181.69868677529587, "time_cost": 72.394, "final_distance_cost": 1.8214430705594842, "oscillation_cost": 20.087435861727936, "completition_cost": 0.0, "overshoot_cost": 51.59785214834037, "power_cost": 14.14451776123047, "noise_cost": 21.65343793343761, "n_waypoints_completed": 9, "tot_waypoints": 9}}
{"target": -181.32465756085583, "params": {"k_pid_pos": [0.6174474106170029, 0.005475139521346397, 0.000606550359956835], "k_pid_alt": [1.4581792533310258, 0.004461546825922978, 0.00942381624341743], "k_pid_att": [36.90078538740202, 0.2026777861030602, 0.9310252095244614], "k_pid_yaw": [0.5, 1e-06, 0.1], "k_pid_hsp": [0.09782478649329374, 0.007893807134384936, 0.0], "k_pid_vsp": [98.83574456946396, 120.46851465912012, 5.605470096663588]}, "datetime": {"datetime": "2025-08-12 03:00:41", "elapsed": 38120.37097668648, "delta": 17.93578267097473}, "costs": {"total_cost": 181.32465756085583, "time_cost": 71.057, "final_distance_cost": 1.805698416213617, "oscillation_cost": 22.202801324012967, "completition_cost": 0.0, "overshoot_cost": 50.913628038910026, "power_cost": 14.1245990234375, "noise_cost": 21.22093075828174, "n_waypoints_completed": 9, "tot_waypoints": 9}}
{"target": -182.27867723567797, "params": {"k_pid_pos": [0.49772655853212994, 0.003203649064183675, 0.0006612315392989897], "k_pid_alt": [1.5266868633180362, 0.005135578169565478, 0.005742545894945529], "k_pid_att": [32.68371494829543, 0.3641400330024764, 1.0], "k_pid_yaw": [0.5, 1e-06, 0.1], "k_pid_hsp": [0.09470211331543889, 0.00902079895555131, 0.0], "k_pid_vsp": [119.24613823091376, 164.46744547079288, 4.911805659070839]}, "datetime": {"datetime": "2025-08-12 03:00:59", "elapsed": 38138.962772369385, "delta": 18.591795682907104}, "costs": {"total_cost": 182.27867723567797, "time_cost": 72.527, "final_distance_cost": 1.8271802428694204, "oscillation_cost": 20.16574765934635, "completition_cost": 0.0, "overshoot_cost": 51.67523165432016, "power_cost": 14.261971252441407, "noise_cost": 21.821546426700632, "n_waypoints_completed": 9, "tot_waypoints": 9}}
{"target": -216.9858237286915, "params": {"k_pid_pos": [0.29360962894626824, 0.006788755363079842, 0.0005192182845319566], "k_pid_alt": [1.6470721558168393, 0.005554041652013617, 0.00830463764879754], "k_pid_att": [27.764184752735314, 0.4232002834380568, 1.0], "k_pid_yaw": [0.5, 1e-06, 0.1], "k_pid_hsp": [0.09865135643206685, 0.010412580135975477, 0.0], "k_pid_vsp": [117.52472403170532, 103.21747241489429, 6.204151065173966]}, "datetime": {"datetime": "2025-08-12 03:01:24", "elapsed": 38163.794127464294, "delta": 24.831355094909668}, "costs": {"total_cost": 216.9858237286915, "time_cost": 94.766, "final_distance_cost": 1.86394394736364, "oscillation_cost": 16.003547919749696, "completition_cost": 0.0, "overshoot_cost": 53.90112527852082, "power_cost": 17.833146337890625, "noise_cost": 32.61806024516672, "n_waypoints_completed": 9, "tot_waypoints": 9}}
{"target": -181.31475561914775, "params": {"k_pid_pos": [0.608689522258941, 0.005379174982178602, 0.0005236070127063895], "k_pid_alt": [1.5561512130457726, 0.0041100840503164315, 0.004753916859355309], "k_pid_att": [32.06943866614338, 0.42864629397675985, 0.7115896140430498], "k_pid_yaw": [0.5, 1e-06, 0.1], "k_pid_hsp": [0.0913348257172248, 0.007080734779871961, 0.0], "k_pid_vsp": [121.42592879866667, 97.00020857184927, 6.237595651539483]}, "datetime": {"datetime": "2025-08-12 03:01:43", "elapsed": 38182.53542613983, "delta": 18.74129867553711}, "costs": {"total_cost": 181.31475561914775, "time_cost": 71.456, "final_distance_cost": 1.8316183628272051, "oscillation_cost": 21.48824309529168, "completition_cost": 0.0, "overshoot_cost": 51.04825172159149, "power_cost": 14.155096447753907, "noise_cost": 21.33554599168346, "n_waypoints_completed": 9, "tot_waypoints": 9}}
{"target": -181.86118255956592, "params": {"k_pid_pos": [0.570945377214786, 0.006284110958854921, 0.00070043566830932], "k_pid_alt": [1.080815127744235, 0.0049654847364521615, 0.009025213977404044], "k_pid_att": [38.86429733390234, 0.3344809139551212, 0.9331897840218536], "k_pid_yaw": [0.5, 1e-06, 0.1], "k_pid_hsp": [0.09384807957918136, 0.009931016665692868, 0.0], "k_pid_vsp": [110.07617504960172, 128.72187984472816, 5.626276075539329]}, "datetime": {"datetime": "2025-08-12 03:02:01", "elapsed": 38200.562415122986, "delta": 18.026988983154297}, "costs": {"total_cost": 181.86118255956592, "time_cost": 71.862, "final_distance_cost": 1.8288962966638838, "oscillation_cost": 21.412340737511695, "completition_cost": 0.0, "overshoot_cost": 51.34446289138229, "power_cost": 14.162784863281251, "noise_cost": 21.250697770726802, "n_waypoints_completed": 9, "tot_waypoints": 9}}
{"target": -181.35934403874703, "params": {"k_pid_pos": [0.5721910870019982, 0.005957048127964021, 0.0008748171437996385], "k_pid_alt": [1.285622038889005, 0.004108679951650775, 0.006707899694827074], "k_pid_att": [36.218842118067286, 0.3924444601057481, 0.9229900181582168], "k_pid_yaw": [0.5, 1e-06, 0.1], "k_pid_hsp": [0.0978617901578545, 0.004910388976341465, 0.0], "k_pid_vsp": [126.29382318312678, 128.7138779848361, 5.411357655949019]}, "datetime": {"datetime": "2025-08-12 03:02:19", "elapsed": 38218.95665359497, "delta": 18.394238471984863}, "costs": {"total_cost": 181.35934403874703, "time_cost": 71.729, "final_distance_cost": 1.8095825911344925, "oscillation_cost": 20.988277883261794, "completition_cost": 0.0, "overshoot_cost": 51.289404636236284, "power_cost": 14.139656982421876, "noise_cost": 21.403421945692564, "n_waypoints_completed": 9, "tot_waypoints": 9}}
{"target": -183.42113366726454, "params": {"k_pid_pos": [0.5064153087236002, 0.004248267520936266, 0.0007222905877416657], "k_pid_alt": [1.2513820804579885, 0.00496194501137212, 0.0022660160375263315], "k_pid_att": [27.06675924409252, 0.396908588023138, 0.8099391893630926], "k_pid_yaw": [0.5, 1e-06, 0.1], "k_pid_hsp": [0.11183157371490116, 0.007276545888288045, 0.0], "k_pid_vsp": [119.24104695502065, 107.37651377869219, 6.287568956634267]}, "datetime": {"datetime": "2025-08-12 03:02:38", "elapsed": 38237.43588209152, "delta": 18.479228496551514}, "costs": {"total_cost": 183.42113366726454, "time_cost": 72.667, "final_distance_cost": 1.8374369469521028, "oscillation_cost": 21.073875394649097, "completition_cost": 0.0, "overshoot_cost": 51.52660657751396, "power_cost": 14.306962622070314, "noise_cost": 22.009252126079076, "n_waypoints_completed": 9, "tot_waypoints": 9}}
{"target": -182.39742572569668, "params": {"k_pid_pos": [0.7333127452515368, 0.0073201465201321175, 0.0007080706298828558], "k_pid_alt": [1.3905000888439663, 0.0046897815961011126, 0.006744549491508162], "k_pid_att": [29.889449532267207, 0.44061813256805576, 0.8127054076483917], "k_pid_yaw": [0.5, 1e-06, 0.1], "k_pid_hsp": [0.146910791973283, 0.00888708599648591, 0.0], "k_pid_vsp": [121.94066513598636, 106.62828809310298, 4.455110499576649]}, "datetime": {"datetime": "2025-08-12 03:02:56", "elapsed": 38255.637395858765, "delta": 18.20151376724243}, "costs": {"total_cost": 182.39742572569668, "time_cost": 69.755, "final_distance_cost": 1.8396467695305003, "oscillation_cost": 25.337278929295366, "completition_cost": 0.0, "overshoot_cost": 50.53290575614256, "power_cost": 14.153933044433595, "noise_cost": 20.77866122629467, "n_waypoints_completed": 9, "tot_waypoints": 9}}
{"target": -181.306098161129, "params": {"k_pid_pos": [0.5902362967479041, 0.003974685746963138, 0.000661138277637632], "k_pid_alt": [1.491009627944586, 0.003965607516070806, 0.010717051531633284], "k_pid_att": [48.09069070900663, 0.3871093370048054, 0.9545632819133106], "k_pid_yaw": [0.5, 1e-06, 0.1], "k_pid_hsp": [0.09312288146828292, 0.00802950209682249, 0.0], "k_pid_vsp": [150.5153563167463, 113.09373031579399, 6.791517244516136]}, "datetime": {"datetime": "2025-08-12 03:03:13", "elapsed": 38273.265562057495, "delta": 17.62816619873047}, "costs": {"total_cost": 181.306098161129, "time_cost": 71.456, "final_distance_cost": 1.8104294205910056, "oscillation_cost": 21.463617239554036, "completition_cost": 0.0, "overshoot_cost": 51.185737686676184, "power_cost": 14.059696850585938, "noise_cost": 21.33061696372185, "n_waypoints_completed": 9, "tot_waypoints": 9}}
{"target": -182.05085824984113, "params": {"k_pid_pos": [0.5930951575055411, 0.010252086065031103, 0.00048692192095614394], "k_pid_alt": [1.635470472475922, 0.005056126734051945, 0.007727076661698601], "k_pid_att": [37.9656220483213, 0.42855582889151167, 1.0], "k_pid_yaw": [0.5, 1e-06, 0.1], "k_pid_hsp": [0.10647746280987236, 0.0056886260093118824, 0.0], "k_pid_vsp": [122.04281131227678, 117.60140439101194, 6.48478447990388]}, "datetime": {"datetime": "2025-08-12 03:03:31", "elapsed": 38291.24761676788, "delta": 17.982054710388184}, "costs": {"total_cost": 182.05085824984113, "time_cost": 71.253, "final_distance_cost": 1.823187856272868, "oscillation_cost": 22.085437479093283, "completition_cost": 0.0, "overshoot_cost": 51.3307160242046, "power_cost": 14.154244604492188, "noise_cost": 21.404272285778188, "n_waypoints_completed": 9, "tot_waypoints": 9}}
{"target": -182.62489621225922, "params": {"k_pid_pos": [0.5486758382517487, 0.006222784872599666, 0.0007840817953105929], "k_pid_alt": [1.5607416451486396, 0.004460197690461707, 0.005899335850421991], "k_pid_att": [35.04487666591452, 0.38145529015217744, 0.8071551147301598], "k_pid_yaw": [0.5, 1e-06, 0.1], "k_pid_hsp": [0.11759195945913231, 0.00978056172755856, 0.0], "k_pid_vsp": [119.94168946215854, 79.4177333848453, 5.385609350331642]}, "datetime": {"datetime": "2025-08-12 03:03:49", "elapsed": 38309.304874897, "delta": 18.057258129119873}, "costs": {"total_cost": 182.62489621225922, "time_cost": 71.72200000000001, "final_distance_cost": 1.8388527825176888, "oscillation_cost": 22.146973941433185, "completition_cost": 0.0, "overshoot_cost": 51.183518525382205, "power_cost": 14.165831555175782, "noise_cost": 21.567719407750374, "n_waypoints_completed": 9, "tot_waypoints": 9}}
{"target": -180.97456495186896, "params": {"k_pid_pos": [0.5590910000256365, 0.0060415640589384775, 0.0005488920555347851], "k_pid_alt": [1.5434105228906014, 0.004740601472181391, 0.0071559662277105454], "k_pid_att": [47.496708323991584, 0.275968607620315, 0.8332024268732884], "k_pid_yaw": [0.5, 1e-06, 0.1], "k_pid_hsp": [0.09653543575596812, 0.010022659111022405, 0.0], "k_pid_vsp": [145.66139484715623, 144.31959526819995, 6.767000461731013]}, "datetime": {"datetime": "2025-08-12 03:04:08", "elapsed": 38327.8679125309, "delta": 18.563037633895874}, "costs": {"total_cost": 180.97456495186896, "time_cost": 71.568, "final_distance_cost": 1.8325740367449954, "oscillation_cost": 21.40295046384664, "completition_cost": 0.0, "overshoot_cost": 50.76196628913151, "power_cost": 14.12210701904297, "noise_cost": 21.28696714310286, "n_waypoints_completed": 9, "tot_waypoints": 9}}
{"target": -182.16105392032486, "params": {"k_pid_pos": [0.6103334085877562, 0.0046471833747174325, 0.0006661557750941132], "k_pid_alt": [1.12828203141781, 0.004400647770919803, 0.007063078900770535], "k_pid_att": [35.8507706547671, 0.2982927567014528, 0.8551965731880982], "k_pid_yaw": [0.5, 1e-06, 0.1], "k_pid_hsp": [0.11134066913046524, 0.010062442544131609, 0.0], "k_pid_vsp": [102.02644197871506, 137.1512906795341, 5.491172647675836]}, "datetime": {"datetime": "2025-08-12 03:04:26", "elapsed": 38345.421840667725, "delta": 17.55392813682556}, "costs": {"total_cost": 182.16105392032486, "time_cost": 71.099, "final_distance_cost": 1.8202422504020517, "oscillation_cost": 23.337245499759106, "completition_cost": 0.0, "overshoot_cost": 50.643971399653104, "power_cost": 14.148141760253907, "noise_cost": 21.112453010256708, "n_waypoints_completed": 9, "tot_waypoints": 9}}
{"target": -182.61591985040127, "params": {"k_pid_pos": [0.5846286054112635, 0.00914226289067693, 0.0006763540668085175], "k_pid_alt": [1.2183458884572864, 0.0036142147282359695, 0.0064301068245327065], "k_pid_att": [38.311831029472394, 0.3579070548525487, 0.7497806779575903], "k_pid_yaw": [0.5, 1e-06, 0.1], "k_pid_hsp": [0.08443462493582325, 0.0093024351466566, 0.0], "k_pid_vsp": [107.93398818019166, 141.5726418508638, 6.971498498112275]}, "datetime": {"datetime": "2025-08-12 03:04:44", "elapsed": 38364.22616839409, "delta": 18.804327726364136}, "costs": {"total_cost": 182.61591985040127, "time_cost": 72.71600000000001, "final_distance_cost": 1.7993942222754058, "oscillation_cost": 21.36288024671729, "completition_cost": 0.0, "overshoot_cost": 50.99406189486619, "power_cost": 14.290970861816406, "noise_cost": 21.452612624725955, "n_waypoints_completed": 9, "tot_waypoints": 9}}
{"target": -181.8715994610958, "params": {"k_pid_pos": [0.5758223396746122, 0.006122951688452252, 0.0007576215623711592], "k_pid_alt": [1.3899121586423286, 0.005694041015506807, 0.008741090343751265], "k_pid_att": [43.474597511342836, 0.16942156459883165, 1.0], "k_pid_yaw": [0.5, 1e-06, 0.1], "k_pid_hsp": [0.1022742249601256, 0.013332047510523531, 0.0], "k_pid_vsp": [107.39978589277081, 137.17083413138982, 5.804082768420905]}, "datetime": {"datetime": "2025-08-12 03:05:02", "elapsed": 38382.032707452774, "delta": 17.806539058685303}, "costs": {"total_cost": 181.8715994610958, "time_cost": 71.274, "final_distance_cost": 1.8259713386811967, "oscillation_cost": 22.468396566252185, "completition_cost": 0.0, "overshoot_cost": 50.89845912170386, "power_cost": 14.147816027832032, "noise_cost": 21.256956406626543, "n_waypoints_completed": 9, "tot_waypoints": 9}}
{"target": -182.2374510315115, "params": {"k_pid_pos": [0.7350914551354762, 0.00762702390557833, 0.0006384359427215856], "k_pid_alt": [1.8852067055959154, 0.004107338138012896, 0.0007495065710877747], "k_pid_att": [37.68794846577702, 0.40937565276601634, 0.8358603914087782], "k_pid_yaw": [0.5, 1e-06, 0.1], "k_pid_hsp": [0.1052815134166983, 0.008531613988771678, 0.0], "k_pid_vsp": [127.96496421898276, 145.49921540973415, 6.366375284635694]}, "datetime": {"datetime": "2025-08-12 03:05:21", "elapsed": 38401.07088160515, "delta": 19.038174152374268}, "costs": {"total_cost": 182.2374510315115, "time_cost": 70.336, "final_distance_cost": 1.8021025852192336, "oscillation_cost": 24.444316692006296, "completition_cost": 0.0, "overshoot_cost": 50.82954900433817, "power_cost": 14.1085435546875, "noise_cost": 20.716939195260295, "n_waypoints_completed": 9, "tot_waypoints": 9}}
{"target": -181.6426338479407, "params": {"k_pid_pos": [0.7018726126727418, 0.006574461831003319, 0.0007188896481837669], "k_pid_alt": [1.595460074299958, 0.0036961558948664223, 0.006114049783486778], "k_pid_att": [34.357061435246244, 0.36875738794186047, 0.9577883115851327], "k_pid_yaw": [0.5, 1e-06, 0.1], "k_pid_hsp": [0.10414238817441752, 0.009966373492649472, 0.0], "k_pid_vsp": [113.17172500588417, 142.0769248166962, 7.621839573879373]}, "datetime": {"datetime": "2025-08-12 03:05:39", "elapsed": 38418.51083731651, "delta": 17.439955711364746}, "costs": {"total_cost": 181.6426338479407, "time_cost": 70.343, "final_distance_cost": 1.828766536294126, "oscillation_cost": 24.132037643602946, "completition_cost": 0.0, "overshoot_cost": 50.51893560136805, "power_cost": 14.112893530273437, "noise_cost": 20.707000536402152, "n_waypoints_completed": 9, "tot_waypoints": 9}}
{"target": -181.99628669802104, "params": {"k_pid_pos": [0.5618687737546656, 0.007641686384752373, 0.0006762020227434868], "k_pid_alt": [1.7941784284356317, 0.0038672073168712824, 0.00296811449987625], "k_pid_att": [41.18176718714082, 0.39302434585931945, 0.7880681789146196], "k_pid_yaw": [0.5, 1e-06, 0.1], "k_pid_hsp": [0.09103310816348316, 0.006845465991017306, 0.0], "k_pid_vsp": [124.18902795673351, 131.05302699184583, 6.144966461851458]}, "datetime": {"datetime": "2025-08-12 03:05:57", "elapsed": 38437.1782848835, "delta": 18.667447566986084}, "costs": {"total_cost": 181.99628669802104, "time_cost": 71.925, "final_distance_cost": 1.8219460853470417, "oscillation_cost": 21.00086779980201, "completition_cost": 0.0, "overshoot_cost": 51.384668174454255, "power_cost": 14.244643420410156, "noise_cost": 21.619161218007612, "n_waypoints_completed": 9, "tot_waypoints": 9}}
{"target": -184.61032567179976, "params": {"k_pid_pos": [0.7108935800673709, 0.008462440723347781, 0.0005561122992713371], "k_pid_alt": [1.6892108871131761, 0.004385279478117589, 0.010167806037963665], "k_pid_att": [34.0700121504407, 0.4198365795145322, 0.7633930177228297], "k_pid_yaw": [0.5, 1e-06, 0.1], "k_pid_hsp": [0.08065902665861865, 0.010049730976579534, 0.0], "k_pid_vsp": [100.18125569988693, 160.8565204469125, 7.163494555206334]}, "datetime": {"datetime": "2025-08-12 03:06:15", "elapsed": 38455.14536833763, "delta": 17.96708345413208}, "costs": {"total_cost": 184.61032567179976, "time_cost": 72.212, "final_distance_cost": 1.808437818696655, "oscillation_cost": 23.714891826546463, "completition_cost": 0.0, "overshoot_cost": 51.303050659661096, "power_cost": 14.39601639404297, "noise_cost": 21.175928972852585, "n_waypoints_completed": 9, "tot_waypoints": 9}}
{"target": -181.54285074508675, "params": {"k_pid_pos": [0.5491167048558644, 0.005761021880365845, 0.0005302496992706101], "k_pid_alt": [1.4170932268694214, 0.004750650563809338, 0.006373065813681965], "k_pid_att": [42.15615030403023, 0.33976882913367135, 1.0], "k_pid_yaw": [0.5, 1e-06, 0.1], "k_pid_hsp": [0.09180985775539868, 0.0067058719207358, 0.0], "k_pid_vsp": [112.25902817747836, 112.57105262125016, 5.647719368678923]}, "datetime": {"datetime": "2025-08-12 03:06:33", "elapsed": 38473.284770965576, "delta": 18.139402627944946}, "costs": {"total_cost": 181.54285074508675, "time_cost": 71.967, "final_distance_cost": 1.8264441791864292, "oscillation_cost": 20.616290094079904, "completition_cost": 0.0, "overshoot_cost": 51.47190778004204, "power_cost": 14.08503505859375, "noise_cost": 21.57617363318464, "n_waypoints_completed": 9, "tot_waypoints": 9}}
{"target": -182.1507145308526, "params": {"k_pid_pos": [0.4867244574263956, 0.006567303701950006, 0.0005534481904674069], "k_pid_alt": [1.2109321045817754, 0.004737783193285006, 0.006726727215006652], "k_pid_att": [30.42251616703321, 0.4198590042644142, 1.0], "k_pid_yaw": [0.5, 1e-06, 0.1], "k_pid_hsp": [0.09887674215890017, 0.010134440188868743, 0.0], "k_pid_vsp": [74.6332418396958, 150.61685171399873, 6.079259323823351]}, "datetime": {"datetime": "2025-08-12 03:06:51", "elapsed": 38490.972793102264, "delta": 17.688022136688232}, "costs": {"total_cost": 182.1507145308526, "time_cost": 72.891, "final_distance_cost": 1.8348242856087205, "oscillation_cost": 20.283384993987273, "completition_cost": 0.0, "overshoot_cost": 50.95834113604877, "power_cost": 14.303520068359376, "noise_cost": 21.87964404684846, "n_waypoints_completed": 9, "tot_waypoints": 9}}
{"target": -181.4769360661254, "params": {"k_pid_pos": [0.594190196261362, 0.006532042916356634, 0.0007749714019361459], "k_pid_alt": [1.5314497012156034, 0.0042352274008838585, 0.0052021421356445], "k_pid_att": [27.36010816523891, 0.36211128895633626, 0.9908224563208844], "k_pid_yaw": [0.5, 1e-06, 0.1], "k_pid_hsp": [0.10752756652999236, 0.01018104832035989, 0.0], "k_pid_vsp": [131.44736228621096, 143.710003390287, 6.955201296546581]}, "datetime": {"datetime": "2025-08-12 03:07:09", "elapsed": 38509.16201996803, "delta": 18.189226865768433}, "costs": {"total_cost": 181.4769360661254, "time_cost": 71.008, "final_distance_cost": 1.8197463613892968, "oscillation_cost": 22.69005699199544, "completition_cost": 0.0, "overshoot_cost": 50.79980973801044, "power_cost": 14.065127844238281, "noise_cost": 21.094195130491965, "n_waypoints_completed": 9, "tot_waypoints": 9}}
{"target": -183.3322170697154, "params": {"k_pid_pos": [0.6066427959020917, 0.006442855579747519, 0.0006981446527662185], "k_pid_alt": [1.5046776542658316, 0.005056617385318914, 0.010289827001759568], "k_pid_att": [38.40575060269283, 0.3874251215503035, 0.5642835778534758], "k_pid_yaw": [0.5, 1e-06, 0.1], "k_pid_hsp": [0.08055426230243454, 0.008408990247357822, 0.0], "k_pid_vsp": [104.66428660475106, 123.73777866296022, 6.038964615271755]}, "datetime": {"datetime": "2025-08-12 03:07:27", "elapsed": 38526.945605278015, "delta": 17.7835853099823}, "costs": {"total_cost": 183.3322170697154, "time_cost": 72.772, "final_distance_cost": 1.8079915559068687, "oscillation_cost": 21.394883160086927, "completition_cost": 0.0, "overshoot_cost": 51.550316098897774, "power_cost": 14.302155883789062, "noise_cost": 21.504870371034766, "n_waypoints_completed": 9, "tot_waypoints": 9}}
{"target": -182.4406650559586, "params": {"k_pid_pos": [0.6491690991305215, 0.008851659220477351, 0.0006221387123930903], "k_pid_alt": [1.4977896823788066, 0.005043222786488556, 0.009225823951570669], "k_pid_att": [43.8359982010476, 0.4428600142810299, 0.713407799390971], "k_pid_yaw": [0.5, 1e-06, 0.1], "k_pid_hsp": [0.12718591961705442, 0.0087259136475488, 0.0], "k_pid_vsp": [105.08955286257027, 127.28666613923104, 5.634147285562373]}, "datetime": {"datetime": "2025-08-12 03:07:46", "elapsed": 38545.81529545784, "delta": 18.86969017982483}, "costs": {"total_cost": 182.4406650559586, "time_cost": 70.441, "final_distance_cost": 1.8404226584660701, "oscillation_cost": 24.32396074583424, "completition_cost": 0.0, "overshoot_cost": 50.721157670288775, "power_cost": 14.0948234375, "noise_cost": 21.0193005438695, "n_waypoints_completed": 9, "tot_waypoints": 9}}
