{"target": -186.2662656695609, "params": {"k_pid_pos": [0.37476151479012304, 0.005416431952707232, 0.0005883183634179637], "k_pid_alt": [1.5417147449749313, 0.0044056508769671114, 0.006748960517167475], "k_pid_att": [37.322432502213374, 0.30727139009031385, 0.7895603615363737], "k_pid_yaw": [0.5, 1e-06, 0.1], "k_pid_hsp": [0.08361426184927621, 0.008882824859626657, 0.0], "k_pid_vsp": [111.02374208009871, 92.2810088310351, 7.196078830520224]}, "datetime": {"datetime": "2025-08-12 03:31:37", "elapsed": 39976.51496219635, "delta": 19.696136713027954}, "costs": {"total_cost": 186.2662656695609, "time_cost": 76.489, "final_distance_cost": 1.8509923821809067, "oscillation_cost": 16.603286605578667, "completition_cost": 0.0, "overshoot_cost": 52.84266060555822, "power_cost": 14.756912268066406, "noise_cost": 23.723413808176712, "n_waypoints_completed": 9, "tot_waypoints": 9}}
{"target": -182.08790466328915, "params": {"k_pid_pos": [0.5483635136647601, 0.005853264123582693, 0.0006091452718206897], "k_pid_alt": [1.3483478368366786, 0.004964281764215277, 0.008389065098728584], "k_pid_att": [41.1456059699166, 0.3907469027300205, 0.6996292144716527], "k_pid_yaw": [0.5, 1e-06, 0.1], "k_pid_hsp": [0.1006671968659375, 0.01093081667046721, 0.0], "k_pid_vsp": [124.38085177701277, 109.16047196278993, 6.20255938460634]}, "datetime": {"datetime": "2025-08-12 03:31:55", "elapsed": 39994.710262298584, "delta": 18.195300102233887}, "costs": {"total_cost": 182.08790466328915, "time_cost": 71.673, "final_distance_cost": 1.8411950046260386, "oscillation_cost": 21.58053862263508, "completition_cost": 0.0, "overshoot_cost": 51.35783875638036, "power_cost": 14.217833581542969, "noise_cost": 21.41749869810469, "n_waypoints_completed": 9, "tot_waypoints": 9}}
{"target": -181.8858765463232, "params": {"k_pid_pos": [0.5268981281181732, 0.00696051953005639, 0.0006974730907345237], "k_pid_alt": [1.5288985546607412, 0.0054416716807974925, 0.0048922921294712015], "k_pid_att": [23.49842989020405, 0.35392438016598654, 0.9928631662833757], "k_pid_yaw": [0.5, 1e-06, 0.1], "k_pid_hsp": [0.09841840893638953, 0.012296031135497662, 0.0], "k_pid_vsp": [140.57173471761422, 93.93199961274524, 7.544969425664931]}, "datetime": {"datetime": "2025-08-12 03:32:15", "elapsed": 40014.45678639412, "delta": 19.74652409553528}, "costs": {"total_cost": 181.8858765463232, "time_cost": 72.051, "final_distance_cost": 1.8438034604640914, "oscillation_cost": 21.186227877491874, "completition_cost": 0.0, "overshoot_cost": 51.09829327213332, "power_cost": 14.146541418457032, "noise_cost": 21.56001051777691, "n_waypoints_completed": 9, "tot_waypoints": 9}}
{"target": -181.84643362573544, "params": {"k_pid_pos": [0.5282176045770371, 0.007982466393347869, 0.0006205789212240916], "k_pid_alt": [1.4520435585510416, 0.004496434580649629, 0.0068674564920041085], "k_pid_att": [38.02699027023059, 0.2823339223811128, 0.6525936680991624], "k_pid_yaw": [0.5, 1e-06, 0.1], "k_pid_hsp": [0.1020473266119808, 0.008969364492770854, 0.0], "k_pid_vsp": [117.45618531021152, 99.68708842763313, 5.0491591211622096]}, "datetime": {"datetime": "2025-08-12 03:32:32", "elapsed": 40031.764135837555, "delta": 17.30734944343567}, "costs": {"total_cost": 181.84643362573544, "time_cost": 71.96000000000001, "final_distance_cost": 1.8343440927590735, "oscillation_cost": 20.930545512629156, "completition_cost": 0.0, "overshoot_cost": 51.22164465337277, "power_cost": 14.217671313476563, "noise_cost": 21.68222805349788, "n_waypoints_completed": 9, "tot_waypoints": 9}}
{"target": -182.3944260175727, "params": {"k_pid_pos": [0.6051263384594568, 0.005046289687700369, 0.0005758017824943389], "k_pid_alt": [1.5835932855308237, 0.00541206781978774, 0.00927836974761657], "k_pid_att": [28.682274545906733, 0.17936494626739355, 0.6982558639211796], "k_pid_yaw": [0.5, 1e-06, 0.1], "k_pid_hsp": [0.12254737410595366, 0.008525665505332182, 0.0], "k_pid_vsp": [121.81512290417008, 124.17328822560258, 7.083369721423698]}, "datetime": {"datetime": "2025-08-12 03:32:51", "elapsed": 40051.0500729084, "delta": 19.285937070846558}, "costs": {"total_cost": 182.3944260175727, "time_cost": 70.952, "final_distance_cost": 1.8364010959397374, "oscillation_cost": 23.356259173826412, "completition_cost": 0.0, "overshoot_cost": 50.81433929222609, "power_cost": 14.155330224609376, "noise_cost": 21.280096230971086, "n_waypoints_completed": 9, "tot_waypoints": 9}}
{"target": -182.45936332941898, "params": {"k_pid_pos": [0.49729295877903973, 0.0062127664489928375, 0.0006646549201172916], "k_pid_alt": [1.542964403450947, 0.0048478745553836135, 0.006094961022499999], "k_pid_att": [39.2302673409631, 0.4226761112116317, 0.9175473322227181], "k_pid_yaw": [0.5, 1e-06, 0.1], "k_pid_hsp": [0.10205292301798524, 0.012336899247030027, 0.0], "k_pid_vsp": [118.37981067228577, 101.55647522164611, 6.341763804444985]}, "datetime": {"datetime": "2025-08-12 03:33:09", "elapsed": 40069.3165473938, "delta": 18.26647448539734}, "costs": {"total_cost": 182.45936332941898, "time_cost": 72.527, "final_distance_cost": 1.8430185571533884, "oscillation_cost": 20.97999189328328, "completition_cost": 0.0, "overshoot_cost": 50.957146440104424, "power_cost": 14.215869384765625, "noise_cost": 21.936337054112258, "n_waypoints_completed": 9, "tot_waypoints": 9}}
{"target": -184.37302128042137, "params": {"k_pid_pos": [0.6590303955264722, 0.00801831218883796, 0.0006593951067398739], "k_pid_alt": [1.9715864070512368, 0.004755195732175461, 0.008331852640807788], "k_pid_att": [34.70793521626068, 0.27502188868037925, 0.8129512868788963], "k_pid_yaw": [0.5, 1e-06, 0.1], "k_pid_hsp": [0.08115637321986213, 0.008445581501341818, 0.0], "k_pid_vsp": [134.62068932093382, 137.5208077786705, 7.04718021254212]}, "datetime": {"datetime": "2025-08-12 03:33:29", "elapsed": 40089.14388298988, "delta": 19.827335596084595}, "costs": {"total_cost": 184.37302128042137, "time_cost": 72.506, "final_distance_cost": 1.7889780006062985, "oscillation_cost": 22.45895643604865, "completition_cost": 0.0, "overshoot_cost": 51.7331336183426, "power_cost": 14.411109143066406, "noise_cost": 21.47484408235742, "n_waypoints_completed": 9, "tot_waypoints": 9}}
{"target": -190.8585594608757, "params": {"k_pid_pos": [0.4121866580290822, 0.005650983068081948, 0.0004576032884333361], "k_pid_alt": [1.7586669851788557, 0.005387581363244828, 0.00815397768842858], "k_pid_att": [39.0268053545387, 0.33183726907948774, 0.6891377188258057], "k_pid_yaw": [0.5, 1e-06, 0.1], "k_pid_hsp": [0.11370359455533902, 0.014399076228285554, 0.0], "k_pid_vsp": [112.7126161380232, 135.08591215357885, 4.870167989104773]}, "datetime": {"datetime": "2025-08-12 03:33:49", "elapsed": 40108.515494823456, "delta": 19.371611833572388}, "costs": {"total_cost": 190.8585594608757, "time_cost": 77.175, "final_distance_cost": 1.863496472821875, "oscillation_cost": 20.580545084898763, "completition_cost": 0.0, "overshoot_cost": 51.409158779970106, "power_cost": 15.127437524414063, "noise_cost": 24.702921598770892, "n_waypoints_completed": 9, "tot_waypoints": 9}}
{"target": -184.4140227535565, "params": {"k_pid_pos": [0.5077490548093185, 0.005824964121403475, 0.0005617349257910013], "k_pid_alt": [1.458670297229782, 0.004040577762453251, 0.008397479215460392], "k_pid_att": [47.41170330530223, 0.37587820066687994, 0.8481827128722322], "k_pid_yaw": [0.5, 1e-06, 0.1], "k_pid_hsp": [0.07182721433507971, 0.010425118071421123, 0.0], "k_pid_vsp": [139.0493097472457, 128.05056795465057, 6.864721702241617]}, "datetime": {"datetime": "2025-08-12 03:34:09", "elapsed": 40129.25917482376, "delta": 20.743680000305176}, "costs": {"total_cost": 184.4140227535565, "time_cost": 74.557, "final_distance_cost": 1.8194738873107448, "oscillation_cost": 19.226565383158114, "completition_cost": 0.0, "overshoot_cost": 52.1033222644638, "power_cost": 14.443103222656251, "noise_cost": 22.26455799596759, "n_waypoints_completed": 9, "tot_waypoints": 9}}
{"target": -181.99781179221827, "params": {"k_pid_pos": [0.6477690478396835, 0.007957638643657316, 0.0006842411332521374], "k_pid_alt": [1.4268448210065188, 0.005888760132421799, 0.007183097425176622], "k_pid_att": [44.12803030745149, 0.3798707664152809, 0.7341337889510546], "k_pid_yaw": [0.5, 1e-06, 0.1], "k_pid_hsp": [0.10594817505808889, 0.008368647533027546, 0.0], "k_pid_vsp": [167.17747104974242, 159.57355644580053, 8.68671244988915]}, "datetime": {"datetime": "2025-08-12 03:34:27", "elapsed": 40147.33060288429, "delta": 18.071428060531616}, "costs": {"total_cost": 181.99781179221827, "time_cost": 70.658, "final_distance_cost": 1.8297651612093817, "oscillation_cost": 23.206495434512693, "completition_cost": 0.0, "overshoot_cost": 50.914295662707445, "power_cost": 15.796662707519532, "noise_cost": 19.59259282626921, "n_waypoints_completed": 9, "tot_waypoints": 9}}
{"target": -181.88704978590258, "params": {"k_pid_pos": [0.7023513188712242, 0.008250456872768895, 0.0006081889871284748], "k_pid_alt": [1.5583560270818877, 0.0051292718364444, 0.00783618853655952], "k_pid_att": [40.42787944610477, 0.3231670333360039, 0.8508585494968591], "k_pid_yaw": [0.5, 1e-06, 0.1], "k_pid_hsp": [0.11042157513687596, 0.009956284824263697, 0.0], "k_pid_vsp": [139.15411796327112, 133.99564356368032, 7.806991280249162]}, "datetime": {"datetime": "2025-08-12 03:34:46", "elapsed": 40165.98046588898, "delta": 18.64986300468445}, "costs": {"total_cost": 181.88704978590258, "time_cost": 70.203, "final_distance_cost": 1.8153659132510065, "oscillation_cost": 24.323803832458122, "completition_cost": 0.0, "overshoot_cost": 50.54849006960447, "power_cost": 14.160685083007813, "noise_cost": 20.835704887581148, "n_waypoints_completed": 9, "tot_waypoints": 9}}
{"target": -181.62645292734297, "params": {"k_pid_pos": [0.6185706471781917, 0.0056539921686806485, 0.0006300406594815865], "k_pid_alt": [1.593431030620992, 0.005779770044491132, 0.00852769133702941], "k_pid_att": [41.848205307441106, 0.4473632649177133, 0.9155444998080068], "k_pid_yaw": [0.5, 1e-06, 0.1], "k_pid_hsp": [0.10738756734060691, 0.0073602444485662095, 0.0], "k_pid_vsp": [123.18462279879554, 124.56655789958961, 6.285362527233642]}, "datetime": {"datetime": "2025-08-12 03:35:04", "elapsed": 40183.421399116516, "delta": 17.440933227539062}, "costs": {"total_cost": 181.62645292734297, "time_cost": 70.91, "final_distance_cost": 1.8251954836580297, "oscillation_cost": 22.681177203564886, "completition_cost": 0.0, "overshoot_cost": 50.74362865574027, "power_cost": 14.188090393066407, "noise_cost": 21.278361191313355, "n_waypoints_completed": 9, "tot_waypoints": 9}}
{"target": -182.27442620045855, "params": {"k_pid_pos": [0.6544130652481376, 0.007533308706172015, 0.0006315013320105535], "k_pid_alt": [1.5248247195975395, 0.004678210716977328, 0.008077258691035944], "k_pid_att": [38.30651001422289, 0.28857253890403983, 0.8137029919889706], "k_pid_yaw": [0.5, 1e-06, 0.1], "k_pid_hsp": [0.0958083102774873, 0.0108562484991438, 0.0], "k_pid_vsp": [170.01131403044323, 99.3739415639209, 6.222668002931033]}, "datetime": {"datetime": "2025-08-12 03:35:23", "elapsed": 40202.61398243904, "delta": 19.192583322525024}, "costs": {"total_cost": 182.27442620045855, "time_cost": 71.12, "final_distance_cost": 1.8203354440410777, "oscillation_cost": 23.17682619794486, "completition_cost": 0.0, "overshoot_cost": 50.92280047888379, "power_cost": 14.139952954101563, "noise_cost": 21.094511125487216, "n_waypoints_completed": 9, "tot_waypoints": 9}}
{"target": -181.96402015598605, "params": {"k_pid_pos": [0.5467455358570539, 0.007514671829552473, 0.0006897452259806686], "k_pid_alt": [1.812726002704105, 0.003730090228850024, 0.009550939423616775], "k_pid_att": [43.41980459858962, 0.472911251436219, 0.8002547735701123], "k_pid_yaw": [0.5, 1e-06, 0.1], "k_pid_hsp": [0.08582347977103466, 0.0074539970079552514, 0.0], "k_pid_vsp": [114.55887376902636, 129.65297804749767, 5.982199804016342]}, "datetime": {"datetime": "2025-08-12 03:35:41", "elapsed": 40221.34993600845, "delta": 18.73595356941223}, "costs": {"total_cost": 181.96402015598605, "time_cost": 72.373, "final_distance_cost": 1.8222781431806712, "oscillation_cost": 20.39670689786894, "completition_cost": 0.0, "overshoot_cost": 51.554067160300136, "power_cost": 14.201965270996094, "noise_cost": 21.61600268364022, "n_waypoints_completed": 9, "tot_waypoints": 9}}
{"target": -182.0786458614449, "params": {"k_pid_pos": [0.5055484380720108, 0.007016656756910225, 0.0006988371759810409], "k_pid_alt": [1.3880524573040536, 0.004805026772772223, 0.004614601452587159], "k_pid_att": [44.25800087077581, 0.3331650738606184, 0.8256889353659421], "k_pid_yaw": [0.5, 1e-06, 0.1], "k_pid_hsp": [0.09112966114456485, 0.008896918329083679, 0.0], "k_pid_vsp": [108.8262905187536, 124.62259808447213, 6.520975532262718]}, "datetime": {"datetime": "2025-08-12 03:36:01", "elapsed": 40240.47320771217, "delta": 19.123271703720093}, "costs": {"total_cost": 182.0786458614449, "time_cost": 72.478, "final_distance_cost": 1.8338025504661004, "oscillation_cost": 20.03776189470461, "completition_cost": 0.0, "overshoot_cost": 51.72852239207276, "power_cost": 14.201521484375, "noise_cost": 21.79903753982643, "n_waypoints_completed": 9, "tot_waypoints": 9}}
{"target": -183.96859472453244, "params": {"k_pid_pos": [0.6286373932133257, 0.0055070475703732705, 0.0005821879539146591], "k_pid_alt": [1.4490549301665372, 0.005610469125591849, 0.007614025112995269], "k_pid_att": [37.563729778568366, 0.3267673524351829, 0.7432937624615499], "k_pid_yaw": [0.5, 1e-06, 0.1], "k_pid_hsp": [0.07887755432883622, 0.008059719128559701, 0.0], "k_pid_vsp": [111.50336909350771, 119.97319252093926, 6.53049185141336]}, "datetime": {"datetime": "2025-08-12 03:36:19", "elapsed": 40259.13624668121, "delta": 18.663038969039917}, "costs": {"total_cost": 183.96859472453244, "time_cost": 72.849, "final_distance_cost": 1.818293616536203, "oscillation_cost": 21.510467466807274, "completition_cost": 0.0, "overshoot_cost": 51.852518165111924, "power_cost": 14.341972412109376, "noise_cost": 21.59634306396765, "n_waypoints_completed": 9, "tot_waypoints": 9}}
{"target": -183.59389479857018, "params": {"k_pid_pos": [0.6565261714583476, 0.008411729987021896, 0.0005729178694258659], "k_pid_alt": [1.306219538302605, 0.002575642274256487, 0.0075481816471779616], "k_pid_att": [36.355040106036455, 0.39874075975613626, 0.7618417967489068], "k_pid_yaw": [0.5, 1e-06, 0.1], "k_pid_hsp": [0.08658869199864215, 0.009547763618154488, 0.0], "k_pid_vsp": [89.34129866626829, 143.21771196949769, 7.0365145585156865]}, "datetime": {"datetime": "2025-08-12 03:36:39", "elapsed": 40278.37032032013, "delta": 19.234073638916016}, "costs": {"total_cost": 183.59389479857018, "time_cost": 72.135, "final_distance_cost": 1.8203370793869051, "oscillation_cost": 22.888473067240838, "completition_cost": 0.0, "overshoot_cost": 51.146075940275, "power_cost": 14.36729951171875, "noise_cost": 21.23670919994867, "n_waypoints_completed": 9, "tot_waypoints": 9}}
{"target": -181.41691401105192, "params": {"k_pid_pos": [0.6529290690986572, 0.0071526827926121405, 0.0006121210206515311], "k_pid_alt": [1.2322251797164663, 0.004933425123508871, 0.007506428135539685], "k_pid_att": [43.95787328865259, 0.24790648155329498, 0.7493913815889908], "k_pid_yaw": [0.5, 1e-06, 0.1], "k_pid_hsp": [0.10214542783468779, 0.009233008526760346, 0.0], "k_pid_vsp": [102.68736174838425, 112.24479819174637, 6.996493921942931]}, "datetime": {"datetime": "2025-08-12 03:36:57", "elapsed": 40297.340988874435, "delta": 18.97066855430603}, "costs": {"total_cost": 181.41691401105192, "time_cost": 70.791, "final_distance_cost": 1.8151121535016939, "oscillation_cost": 23.27862230717648, "completition_cost": 0.0, "overshoot_cost": 50.36758858379053, "power_cost": 14.175362475585938, "noise_cost": 20.9892284909973, "n_waypoints_completed": 9, "tot_waypoints": 9}}
{"target": -182.3538522301846, "params": {"k_pid_pos": [0.4972296101408607, 0.0065791782931262565, 0.0005975818348533366], "k_pid_alt": [1.5120417503913661, 0.004112221489719831, 0.005873139360090184], "k_pid_att": [38.81112732371312, 0.2998443358025927, 0.7099700200605324], "k_pid_yaw": [0.5, 1e-06, 0.1], "k_pid_hsp": [0.10725565099204093, 0.007870004991525474, 0.0], "k_pid_vsp": [128.80740874345108, 138.6719183347577, 5.482810972976726]}, "datetime": {"datetime": "2025-08-12 03:37:16", "elapsed": 40315.699924230576, "delta": 18.358935356140137}, "costs": {"total_cost": 182.3538522301846, "time_cost": 72.562, "final_distance_cost": 1.8440206391410257, "oscillation_cost": 20.63295072499737, "completition_cost": 0.0, "overshoot_cost": 51.15030555340705, "power_cost": 14.254443408203125, "noise_cost": 21.910131904436046, "n_waypoints_completed": 9, "tot_waypoints": 9}}
{"target": -181.31726133788143, "params": {"k_pid_pos": [0.5926871048711435, 0.00624672845752314, 0.00048348829623630075], "k_pid_alt": [1.4911456415713678, 0.004564428168255656, 0.004899761082128126], "k_pid_att": [44.43173066743511, 0.2560760822915413, 0.7565035766027194], "k_pid_yaw": [0.5, 1e-06, 0.1], "k_pid_hsp": [0.09508397965190134, 0.008909810584503491, 0.0], "k_pid_vsp": [120.0747544224384, 107.81162242530769, 7.788394477964791]}, "datetime": {"datetime": "2025-08-12 03:37:35", "elapsed": 40334.97540140152, "delta": 19.275477170944214}, "costs": {"total_cost": 181.31726133788143, "time_cost": 71.365, "final_distance_cost": 1.8154461750976711, "oscillation_cost": 21.923499706345947, "completition_cost": 0.0, "overshoot_cost": 50.95137718531265, "power_cost": 14.067911791992188, "noise_cost": 21.194026479132994, "n_waypoints_completed": 9, "tot_waypoints": 9}}
{"target": -182.99079872850277, "params": {"k_pid_pos": [0.6324811069063876, 0.00536752373015854, 0.0007228801564363851], "k_pid_alt": [1.4928496061561598, 0.004528371819282552, 0.007431719359637102], "k_pid_att": [39.95527273496793, 0.33712222328598146, 1.0], "k_pid_yaw": [0.5, 1e-06, 0.1], "k_pid_hsp": [0.08671708557922027, 0.011685141752443827, 0.0], "k_pid_vsp": [120.4839007921566, 159.83355318085393, 6.0210886549373654]}, "datetime": {"datetime": "2025-08-12 03:37:53", "elapsed": 40352.991585731506, "delta": 18.016184329986572}, "costs": {"total_cost": 182.99079872850277, "time_cost": 71.96000000000001, "final_distance_cost": 1.8046676133095476, "oscillation_cost": 22.71628217361968, "completition_cost": 0.0, "overshoot_cost": 50.89355504053306, "power_cost": 14.373264428710938, "noise_cost": 21.243029472329535, "n_waypoints_completed": 9, "tot_waypoints": 9}}
{"target": -182.23273529423616, "params": {"k_pid_pos": [0.6095551859458306, 0.0059697112195699386, 0.000750465295996712], "k_pid_alt": [1.9707290340027777, 0.004356393389577012, 0.004767009768081409], "k_pid_att": [39.1953456037177, 0.39632216587803004, 1.0], "k_pid_yaw": [0.5, 1e-06, 0.1], "k_pid_hsp": [0.09426615258215298, 0.011450822194595015, 0.0], "k_pid_vsp": [141.22081476250094, 109.24239463125512, 6.514988105374248]}, "datetime": {"datetime": "2025-08-12 03:38:12", "elapsed": 40372.19410419464, "delta": 19.202518463134766}, "costs": {"total_cost": 182.23273529423616, "time_cost": 71.512, "final_distance_cost": 1.816920404004949, "oscillation_cost": 22.391370953451787, "completition_cost": 0.0, "overshoot_cost": 51.02507830260881, "power_cost": 14.24278104248047, "noise_cost": 21.244584591690177, "n_waypoints_completed": 9, "tot_waypoints": 9}}
{"target": -184.02208621515769, "params": {"k_pid_pos": [0.702586251308572, 0.0066813565663893975, 0.0007900260907871751], "k_pid_alt": [1.4141505835439165, 0.003440409809122986, 0.007274077884094001], "k_pid_att": [49.284435720283206, 0.24847818450948592, 0.843110027362714], "k_pid_yaw": [0.5, 1e-06, 0.1], "k_pid_hsp": [0.08363047848000162, 0.009806060272706784, 0.0], "k_pid_vsp": [118.00241086805256, 126.45742691393184, 7.797168986368695]}, "datetime": {"datetime": "2025-08-12 03:38:31", "elapsed": 40390.53671550751, "delta": 18.34261131286621}, "costs": {"total_cost": 184.02208621515769, "time_cost": 72.07900000000001, "final_distance_cost": 1.8043288518755343, "oscillation_cost": 23.42298673425713, "completition_cost": 0.0, "overshoot_cost": 51.254639976721904, "power_cost": 14.3598052734375, "noise_cost": 21.1013253788656, "n_waypoints_completed": 9, "tot_waypoints": 9}}
{"target": -188.1863821805363, "params": {"k_pid_pos": [0.4261364056368639, 0.005933054409252514, 0.0006761493176506197], "k_pid_alt": [1.7375541891562563, 0.003947467662431832, 0.006348658413216507], "k_pid_att": [29.22357678967512, 0.2979477734477297, 0.7155720834677336], "k_pid_yaw": [0.5, 1e-06, 0.1], "k_pid_hsp": [0.12406828041528738, 0.010711802030916267, 0.0], "k_pid_vsp": [139.26533681918156, 135.06552975588738, 5.29913618351706]}, "datetime": {"datetime": "2025-08-12 03:38:50", "elapsed": 40409.81162881851, "delta": 19.27491331100464}, "costs": {"total_cost": 188.1863821805363, "time_cost": 75.796, "final_distance_cost": 1.8570933412926243, "oscillation_cost": 20.869588588755857, "completition_cost": 0.0, "overshoot_cost": 51.24324905297798, "power_cost": 14.757942541503906, "noise_cost": 23.662508656005947, "n_waypoints_completed": 9, "tot_waypoints": 9}}
{"target": -182.28835043423038, "params": {"k_pid_pos": [0.5462275167372973, 0.006581753482224545, 0.0006437464798330856], "k_pid_alt": [1.57850106409758, 0.006120777401671884, 0.007301654871778403], "k_pid_att": [51.765881770557996, 0.3046399915389583, 0.7934183555931261], "k_pid_yaw": [0.5, 1e-06, 0.1], "k_pid_hsp": [0.08368901305060754, 0.0067096410520198725, 0.0], "k_pid_vsp": [133.56156579543713, 158.07743532810315, 6.730464268844698]}, "datetime": {"datetime": "2025-08-12 03:39:09", "elapsed": 40429.242408037186, "delta": 19.430779218673706}, "costs": {"total_cost": 182.28835043423038, "time_cost": 72.485, "final_distance_cost": 1.830636828955582, "oscillation_cost": 20.015073699651225, "completition_cost": 0.0, "overshoot_cost": 52.00072261304604, "power_cost": 14.221190002441407, "noise_cost": 21.735727290136147, "n_waypoints_completed": 9, "tot_waypoints": 9}}
