{"target": -181.54350310507644, "params": {"k_pid_pos": [0.6307659763246256, 0.004185262726381557, 0.000663937099722766], "k_pid_alt": [1.6163030965176282, 0.0023878050781554294, 0.006906631858377089], "k_pid_att": [24.841101396625024, 0.418724860503382, 1.0], "k_pid_yaw": [0.5, 1e-06, 0.1], "k_pid_hsp": [0.09917730308651469, 0.010310105295820618, 0.0], "k_pid_vsp": [55.2956519427853, 120.67492875610168, 5.679272594859003]}, "datetime": {"datetime": "2025-08-12 00:48:28", "elapsed": 30188.15595817566, "delta": 19.149984121322632}, "costs": {"total_cost": 181.54350310507644, "time_cost": 70.896, "final_distance_cost": 1.8103681468238622, "oscillation_cost": 22.939880765987777, "completition_cost": 0.0, "overshoot_cost": 50.76072139023387, "power_cost": 14.106402404785158, "noise_cost": 21.030130397245753, "n_waypoints_completed": 9, "tot_waypoints": 9}}
{"target": -182.0876559449554, "params": {"k_pid_pos": [0.5902121436312112, 0.007218799641653596, 0.0006698054093832335], "k_pid_alt": [1.1223489000449565, 0.004408948112360194, 0.012626398687101035], "k_pid_att": [39.3925025071102, 0.30450494370671, 1.0], "k_pid_yaw": [0.5, 1e-06, 0.1], "k_pid_hsp": [0.09568707800914439, 0.00782709385033212, 0.0], "k_pid_vsp": [33.42674313591335, 147.97839863470074, 6.741247306074804]}, "datetime": {"datetime": "2025-08-12 00:48:46", "elapsed": 30206.014563322067, "delta": 17.85860514640808}, "costs": {"total_cost": 182.0876559449554, "time_cost": 71.46300000000001, "final_distance_cost": 1.8139274053078622, "oscillation_cost": 22.21026925182152, "completition_cost": 0.0, "overshoot_cost": 51.15160108338782, "power_cost": 14.381213159179689, "noise_cost": 21.067645045258534, "n_waypoints_completed": 9, "tot_waypoints": 9}}
{"target": -186.7563942075745, "params": {"k_pid_pos": [0.6855418745907155, 0.006595213207044264, 0.0005388853402263456], "k_pid_alt": [1.4900078946225106, 0.005505645811223453, 0.017577905480303347], "k_pid_att": [42.13814420423313, 0.3463251117015534, 1.0], "k_pid_yaw": [0.5, 1e-06, 0.1], "k_pid_hsp": [0.06615167665725606, 0.008955127120280359, 0.0], "k_pid_vsp": [70.44677153228032, 129.954937369254, 4.174015957996077]}, "datetime": {"datetime": "2025-08-12 00:49:06", "elapsed": 30225.358234882355, "delta": 19.343671560287476}, "costs": {"total_cost": 186.7563942075745, "time_cost": 73.92, "final_distance_cost": 1.8035011340809999, "oscillation_cost": 22.272617009716765, "completition_cost": 0.0, "overshoot_cost": 52.31315169420651, "power_cost": 14.608520239257814, "noise_cost": 21.838604130312362, "n_waypoints_completed": 9, "tot_waypoints": 9}}
{"target": -182.58806826055323, "params": {"k_pid_pos": [0.6191462380397786, 0.005738923936151409, 0.0006139277781409205], "k_pid_alt": [1.0153552460853115, 0.004598324707369453, 0.011974667876617155], "k_pid_att": [9.566657067053283, 0.5057417006641085, 1.0], "k_pid_yaw": [0.5, 1e-06, 0.1], "k_pid_hsp": [0.1190254719584251, 0.010248601367989517, 0.0], "k_pid_vsp": [80.95520510239568, 108.03447121070583, 6.576399152029268]}, "datetime": {"datetime": "2025-08-12 00:49:24", "elapsed": 30244.042110204697, "delta": 18.68387532234192}, "costs": {"total_cost": 182.58806826055323, "time_cost": 71.4, "final_distance_cost": 1.8418071530889495, "oscillation_cost": 23.138445910193724, "completition_cost": 0.0, "overshoot_cost": 50.806033678720304, "power_cost": 14.192701708984377, "noise_cost": 21.209079809565868, "n_waypoints_completed": 9, "tot_waypoints": 9}}
{"target": -181.79169307382767, "params": {"k_pid_pos": [0.5595896254025043, 0.008400813323087834, 0.0008131922013564654], "k_pid_alt": [1.3546721122499814, 0.005436468480219618, 0.013937730154276887], "k_pid_att": [36.013634417560404, 0.5571748533722968, 1.0], "k_pid_yaw": [0.5, 1e-06, 0.1], "k_pid_hsp": [0.08960454361947666, 0.012095516742210837, 0.0], "k_pid_vsp": [61.90239609944444, 112.97178693295562, 4.600402599929153]}, "datetime": {"datetime": "2025-08-12 00:49:42", "elapsed": 30262.348922491074, "delta": 18.306812286376953}, "costs": {"total_cost": 181.79169307382767, "time_cost": 71.96000000000001, "final_distance_cost": 1.8357901110785255, "oscillation_cost": 21.417365464874255, "completition_cost": 0.0, "overshoot_cost": 50.94057799277568, "power_cost": 14.238901184082032, "noise_cost": 21.39905832101719, "n_waypoints_completed": 9, "tot_waypoints": 9}}
{"target": -182.70527126501867, "params": {"k_pid_pos": [0.48885083311099115, 0.006939462255918395, 0.0006143175106934555], "k_pid_alt": [1.659279465509244, 0.005934662268440093, 0.015770541646590988], "k_pid_att": [38.15285060096991, 0.17469704723496673, 1.0], "k_pid_yaw": [0.5, 1e-06, 0.1], "k_pid_hsp": [0.09507465725771169, 0.009736327541748047, 0.0], "k_pid_vsp": [84.12610176037141, 97.86671699160043, 8.81139998321607]}, "datetime": {"datetime": "2025-08-12 00:50:01", "elapsed": 30281.310215234756, "delta": 18.96129274368286}, "costs": {"total_cost": 182.70527126501867, "time_cost": 72.71600000000001, "final_distance_cost": 1.8308027549104249, "oscillation_cost": 20.124565249326, "completition_cost": 0.0, "overshoot_cost": 51.47533595612211, "power_cost": 16.16355601806641, "noise_cost": 20.39501128659372, "n_waypoints_completed": 9, "tot_waypoints": 9}}
{"target": -198.61569580605953, "params": {"k_pid_pos": [0.3524197304004968, 0.006264408422484684, 0.0005240039926695934], "k_pid_alt": [1.7405807640543685, 0.0033061778937943896, 0.013940330877555224], "k_pid_att": [12.317333855603152, 0.4280259723768752, 1.0], "k_pid_yaw": [0.5, 1e-06, 0.1], "k_pid_hsp": [0.10740457737276325, 0.012258042496896236, 0.0], "k_pid_vsp": [68.70026120487692, 106.9955482877578, 5.13110409731368]}, "datetime": {"datetime": "2025-08-12 00:50:22", "elapsed": 30302.313400745392, "delta": 21.003185510635376}, "costs": {"total_cost": 198.61569580605953, "time_cost": 82.929, "final_distance_cost": 1.8643648215138615, "oscillation_cost": 18.193973099793027, "completition_cost": 0.0, "overshoot_cost": 52.17121008713719, "power_cost": 15.858910278320312, "noise_cost": 27.598237519295132, "n_waypoints_completed": 9, "tot_waypoints": 9}}
{"target": -182.45547184460045, "params": {"k_pid_pos": [0.5967371019543085, 0.008384703910374608, 0.0008033677668683264], "k_pid_alt": [1.6069065678435992, 0.003934392008415337, 0.019848686531100678], "k_pid_att": [35.08712775866229, 0.36194311020668724, 0.7834213692747349], "k_pid_yaw": [0.5, 1e-06, 0.1], "k_pid_hsp": [0.10104691618341914, 0.007594915516205202, 0.0], "k_pid_vsp": [81.78596018023019, 52.64770979780309, 6.8885814653030595]}, "datetime": {"datetime": "2025-08-12 00:50:41", "elapsed": 30320.65955877304, "delta": 18.346158027648926}, "costs": {"total_cost": 182.45547184460045, "time_cost": 71.386, "final_distance_cost": 1.8326482084754598, "oscillation_cost": 21.964454772998437, "completition_cost": 0.0, "overshoot_cost": 51.87964982684872, "power_cost": 14.09038602294922, "noise_cost": 21.302333013328628, "n_waypoints_completed": 9, "tot_waypoints": 9}}
{"target": -183.97413959179886, "params": {"k_pid_pos": [0.47884488323577273, 0.004189008922410479, 0.0006934623879365937], "k_pid_alt": [1.1757245914895504, 0.005741106405247235, 0.01079472578586751], "k_pid_att": [39.541133098626325, 0.33892069455147045, 0.8235580846411908], "k_pid_yaw": [0.5, 1e-06, 0.1], "k_pid_hsp": [0.11153073462054434, 0.011278323093954217, 0.0], "k_pid_vsp": [65.3188154460381, 114.31226956052558, 4.801121800324478]}, "datetime": {"datetime": "2025-08-12 00:51:00", "elapsed": 30339.456032514572, "delta": 18.796473741531372}, "costs": {"total_cost": 183.97413959179886, "time_cost": 73.409, "final_distance_cost": 1.8481839300682759, "oscillation_cost": 21.245881428896993, "completition_cost": 0.0, "overshoot_cost": 50.888868571115204, "power_cost": 14.350400817871094, "noise_cost": 22.231804843847275, "n_waypoints_completed": 9, "tot_waypoints": 9}}
{"target": -183.7720192556462, "params": {"k_pid_pos": [0.6572672976234598, 0.006089429241979183, 0.00066020021578836], "k_pid_alt": [1.226450806064439, 0.004592681981902249, 0.020855813403106462], "k_pid_att": [27.662677886599415, 0.5215304957299042, 1.0], "k_pid_yaw": [0.5, 1e-06, 0.1], "k_pid_hsp": [0.08340141082577361, 0.0076168704932962, 0.0], "k_pid_vsp": [107.40519130668149, 111.84535833276136, 5.025156817862789]}, "datetime": {"datetime": "2025-08-12 00:51:19", "elapsed": 30358.430155038834, "delta": 18.974122524261475}, "costs": {"total_cost": 183.7720192556462, "time_cost": 72.534, "final_distance_cost": 1.7949361065276503, "oscillation_cost": 22.29920577347963, "completition_cost": 0.0, "overshoot_cost": 51.46085920375594, "power_cost": 14.292991027832032, "noise_cost": 21.39002714405094, "n_waypoints_completed": 9, "tot_waypoints": 9}}
{"target": -182.09445265701254, "params": {"k_pid_pos": [0.6665430352335151, 0.005774259253743633, 0.0005366722008956077], "k_pid_alt": [1.6880828269630064, 0.004747227489948513, 0.0030784467352141763], "k_pid_att": [40.564488319544985, 0.3539265989444805, 1.0], "k_pid_yaw": [0.5, 1e-06, 0.1], "k_pid_hsp": [0.1130750083696786, 0.007524802089986474, 0.0], "k_pid_vsp": [63.052134453592295, 127.97307334150769, 5.796011109339669]}, "datetime": {"datetime": "2025-08-12 00:51:36", "elapsed": 30376.052589654922, "delta": 17.622434616088867}, "costs": {"total_cost": 182.09445265701254, "time_cost": 70.504, "final_distance_cost": 1.8096014596932555, "oscillation_cost": 23.924493715291252, "completition_cost": 0.0, "overshoot_cost": 50.82164707471987, "power_cost": 14.160710217285157, "noise_cost": 20.874000190022986, "n_waypoints_completed": 9, "tot_waypoints": 9}}
{"target": -182.11793774749327, "params": {"k_pid_pos": [0.6777577358095955, 0.008836053341302368, 0.001227558499241103], "k_pid_alt": [2.0, 0.0030831774633566984, 0.016844768358545092], "k_pid_att": [68.20908468793878, 0.4245433970498585, 1.0], "k_pid_yaw": [0.5, 1e-06, 0.1], "k_pid_hsp": [0.10651906160875428, 0.009085368323615698, 0.0], "k_pid_vsp": [106.37957844333114, 101.31057994163797, 5.9817420168054065]}, "datetime": {"datetime": "2025-08-12 00:51:54", "elapsed": 30394.090997457504, "delta": 18.038407802581787}, "costs": {"total_cost": 182.11793774749327, "time_cost": 70.742, "final_distance_cost": 1.8090729864117199, "oscillation_cost": 23.507989801835, "completition_cost": 0.0, "overshoot_cost": 50.822585124445915, "power_cost": 14.174796850585938, "noise_cost": 21.061492984214677, "n_waypoints_completed": 9, "tot_waypoints": 9}}
{"target": -182.19897126320606, "params": {"k_pid_pos": [0.5581053000845744, 0.0076245832365541165, 0.0007783144761219578], "k_pid_alt": [1.0702220450668807, 0.005965567486517054, 0.027844560708234118], "k_pid_att": [39.95230687106326, 0.37622547530826317, 1.0], "k_pid_yaw": [0.5, 1e-06, 0.1], "k_pid_hsp": [0.10127383264397667, 0.010461315400305198, 0.0], "k_pid_vsp": [136.94754603743144, 104.46145736399019, 4.626359845033156]}, "datetime": {"datetime": "2025-08-12 00:52:13", "elapsed": 30412.929787397385, "delta": 18.83878993988037}, "costs": {"total_cost": 182.19897126320606, "time_cost": 71.93900000000001, "final_distance_cost": 1.8309041276847715, "oscillation_cost": 21.7287267427976, "completition_cost": 0.0, "overshoot_cost": 51.094146504623595, "power_cost": 14.14550028076172, "noise_cost": 21.46069360733835, "n_waypoints_completed": 9, "tot_waypoints": 9}}
{"target": -182.4953666108825, "params": {"k_pid_pos": [0.6931717858775953, 0.006777273413788854, 0.0007544356769616442], "k_pid_alt": [1.744863237865671, 0.003876051623614669, 0.01533303743613578], "k_pid_att": [37.688196554111904, 0.40677812019051407, 0.6998620886688562], "k_pid_yaw": [0.5, 1e-06, 0.1], "k_pid_hsp": [0.11593361557076524, 0.009744330618186983, 0.0], "k_pid_vsp": [94.23522354517682, 114.76520634778142, 4.894539111698168]}, "datetime": {"datetime": "2025-08-12 00:52:31", "elapsed": 30430.715777635574, "delta": 17.785990238189697}, "costs": {"total_cost": 182.4953666108825, "time_cost": 70.238, "final_distance_cost": 1.8304208266607371, "oscillation_cost": 24.429688343650554, "completition_cost": 0.0, "overshoot_cost": 50.981804616290866, "power_cost": 14.166927099609376, "noise_cost": 20.848525724670967, "n_waypoints_completed": 9, "tot_waypoints": 9}}
{"target": -187.66046551716045, "params": {"k_pid_pos": [0.5707273118855112, 0.0071136210553672625, 0.0006989856516367916], "k_pid_alt": [1.33156074436319, 0.0032941271888119565, 0.01107973058506711], "k_pid_att": [31.590830461858967, 0.41171861844383056, 1.0], "k_pid_yaw": [0.5, 1e-06, 0.1], "k_pid_hsp": [0.05805550952339559, 0.010783879688453278, 0.0], "k_pid_vsp": [84.46188353715378, 110.04689478583255, 5.54498376892213]}, "datetime": {"datetime": "2025-08-12 00:52:51", "elapsed": 30450.60596847534, "delta": 19.890190839767456}, "costs": {"total_cost": 187.66046551716045, "time_cost": 75.985, "final_distance_cost": 1.8013040211523264, "oscillation_cost": 19.604560080893037, "completition_cost": 0.0, "overshoot_cost": 52.91635180867017, "power_cost": 14.780988354492187, "noise_cost": 22.572261251952714, "n_waypoints_completed": 9, "tot_waypoints": 9}}
{"target": -185.9793193820328, "params": {"k_pid_pos": [0.5941502541283693, 0.0057136899806087505, 0.0007877233015820042], "k_pid_alt": [0.7243776925933675, 0.005649670650097971, 0.007297142048307548], "k_pid_att": [40.16792881084858, 0.363469556903714, 1.0], "k_pid_yaw": [0.5, 1e-06, 0.1], "k_pid_hsp": [0.07467460543543268, 0.004201512973628583, 0.0], "k_pid_vsp": [99.58986492093119, 106.67553366325352, 5.61464284367896]}, "datetime": {"datetime": "2025-08-12 00:53:10", "elapsed": 30469.86827468872, "delta": 19.262306213378906}, "costs": {"total_cost": 185.9793193820328, "time_cost": 75.593, "final_distance_cost": 1.8101872699802903, "oscillation_cost": 20.176571829955105, "completition_cost": 0.0, "overshoot_cost": 51.798461603347846, "power_cost": 14.526861547851563, "noise_cost": 22.074237130897977, "n_waypoints_completed": 9, "tot_waypoints": 9}}
{"target": -182.84184756469463, "params": {"k_pid_pos": [0.7256526286528763, 0.006501880844017771, 0.0006362360080785182], "k_pid_alt": [1.4303194400530572, 0.00530645674710933, 0.022683065212555687], "k_pid_att": [16.810021263086863, 0.5204012188716808, 0.8758741657498695], "k_pid_yaw": [0.5, 1e-06, 0.1], "k_pid_hsp": [0.0968466147252491, 0.010626479342378268, 0.0], "k_pid_vsp": [80.4633571249833, 156.8357225584399, 4.613877437284125]}, "datetime": {"datetime": "2025-08-12 00:53:28", "elapsed": 30488.191027402878, "delta": 18.322752714157104}, "costs": {"total_cost": 182.84184756469463, "time_cost": 70.84700000000001, "final_distance_cost": 1.799036545520762, "oscillation_cost": 24.32114010239766, "completition_cost": 0.0, "overshoot_cost": 50.96812358778743, "power_cost": 14.218556909179688, "noise_cost": 20.68799041980906, "n_waypoints_completed": 9, "tot_waypoints": 9}}
{"target": -181.71417510688912, "params": {"k_pid_pos": [0.6327876868048554, 0.00598148971728919, 0.0004906447212269953], "k_pid_alt": [1.2495177624835592, 0.003068985498203006, 0.015354200104364496], "k_pid_att": [44.69407765640674, 0.5394050855851243, 1.0], "k_pid_yaw": [0.5, 1e-06, 0.1], "k_pid_hsp": [0.11407216622528049, 0.010146327999749283, 0.0], "k_pid_vsp": [100.06074309636621, 166.6029419557406, 3.423822885534456]}, "datetime": {"datetime": "2025-08-12 00:53:46", "elapsed": 30505.84538269043, "delta": 17.65435528755188}, "costs": {"total_cost": 181.71417510688912, "time_cost": 70.7, "final_distance_cost": 1.8260208192280556, "oscillation_cost": 23.50891150409223, "completition_cost": 0.0, "overshoot_cost": 50.51163788821154, "power_cost": 14.141180114746094, "noise_cost": 21.0264247806112, "n_waypoints_completed": 9, "tot_waypoints": 9}}
{"target": -191.25882814958138, "params": {"k_pid_pos": [0.42214470281213773, 0.006322552940837979, 0.0008741133327475228], "k_pid_alt": [1.4395318660727725, 0.0048808387099542995, 0.015786349211161798], "k_pid_att": [28.98054833439331, 0.5891721582696281, 1.0], "k_pid_yaw": [0.5, 1e-06, 0.1], "k_pid_hsp": [0.13460359456190565, 0.013452064525565029, 0.0], "k_pid_vsp": [68.62453059701484, 100.33845824862941, 4.945904483813913]}, "datetime": {"datetime": "2025-08-12 00:54:06", "elapsed": 30525.610408067703, "delta": 19.76502537727356}, "costs": {"total_cost": 191.25882814958138, "time_cost": 77.168, "final_distance_cost": 1.8591802038513534, "oscillation_cost": 21.54657746383579, "completition_cost": 0.0, "overshoot_cost": 51.32460130563183, "power_cost": 15.086649780273438, "noise_cost": 24.27381939598897, "n_waypoints_completed": 9, "tot_waypoints": 9}}
{"target": -183.47992928140673, "params": {"k_pid_pos": [0.6409296765772406, 0.009746578980872623, 0.0004693758505052501], "k_pid_alt": [1.8878653442006688, 0.004866191179736503, 0.014942640189641416], "k_pid_att": [16.759398788223425, 0.46363702843068144, 1.0], "k_pid_yaw": [0.5, 1e-06, 0.1], "k_pid_hsp": [0.0919336663294346, 0.013555160556999818, 0.0], "k_pid_vsp": [62.250429083244505, 144.59885639361383, 5.833237101149613]}, "datetime": {"datetime": "2025-08-12 00:54:25", "elapsed": 30544.433876514435, "delta": 18.823468446731567}, "costs": {"total_cost": 183.47992928140673, "time_cost": 71.82000000000001, "final_distance_cost": 1.8263526587872514, "oscillation_cost": 23.329735698543068, "completition_cost": 0.0, "overshoot_cost": 50.896449146826114, "power_cost": 14.467307885742189, "noise_cost": 21.14008389150807, "n_waypoints_completed": 9, "tot_waypoints": 9}}
{"target": -183.00287932173302, "params": {"k_pid_pos": [0.6298186888859333, 0.005074601843110965, 0.0008223789960318472], "k_pid_alt": [0.8924063689485813, 0.005540591302732112, 0.02054814053883407], "k_pid_att": [28.572558478942213, 0.3267255372615077, 1.0], "k_pid_yaw": [0.5, 1e-06, 0.1], "k_pid_hsp": [0.09229746282264484, 0.00994789418354466, 0.0], "k_pid_vsp": [34.86054366318902, 124.03485190052635, 5.033948256608826]}, "datetime": {"datetime": "2025-08-12 00:54:42", "elapsed": 30562.23572731018, "delta": 17.80185079574585}, "costs": {"total_cost": 183.00287932173302, "time_cost": 71.981, "final_distance_cost": 1.8303540611133093, "oscillation_cost": 22.98859011399884, "completition_cost": 0.0, "overshoot_cost": 50.85638104661965, "power_cost": 14.362419738769532, "noise_cost": 20.984134361231675, "n_waypoints_completed": 9, "tot_waypoints": 9}}
{"target": -182.03792294829478, "params": {"k_pid_pos": [0.5565366833527402, 0.00431275456464653, 0.0006252021499911963], "k_pid_alt": [1.4878646720116337, 0.004534456277236144, 0.028612808054738648], "k_pid_att": [26.792277201515148, 0.38715341447460366, 0.832559593994814], "k_pid_yaw": [0.5, 1e-06, 0.1], "k_pid_hsp": [0.09459808026255444, 0.014055647503498381, 0.0], "k_pid_vsp": [60.65802009013287, 158.01987549538924, 5.832487138936547]}, "datetime": {"datetime": "2025-08-12 00:55:01", "elapsed": 30580.77109694481, "delta": 18.535369634628296}, "costs": {"total_cost": 182.03792294829478, "time_cost": 71.631, "final_distance_cost": 1.8440290551252632, "oscillation_cost": 22.07904474298435, "completition_cost": 0.0, "overshoot_cost": 50.89201843849455, "power_cost": 14.334495068359375, "noise_cost": 21.257335643331224, "n_waypoints_completed": 9, "tot_waypoints": 9}}
{"target": -185.54336959817226, "params": {"k_pid_pos": [0.9119224814017212, 0.006203642331066429, 0.0006040989816195852], "k_pid_alt": [0.8858063003386772, 0.007343215173532819, 0.018552753812912732], "k_pid_att": [30.449128291545318, 0.25262574467298865, 0.9066800404314296], "k_pid_yaw": [0.5, 1e-06, 0.1], "k_pid_hsp": [0.10614779567444195, 0.010461916688956215, 0.0], "k_pid_vsp": [100.35715610370119, 120.57164104966803, 4.77579325954271]}, "datetime": {"datetime": "2025-08-12 00:55:19", "elapsed": 30598.731648683548, "delta": 17.960551738739014}, "costs": {"total_cost": 185.54336959817226, "time_cost": 70.924, "final_distance_cost": 1.7885209681787348, "oscillation_cost": 27.314460639962274, "completition_cost": 0.0, "overshoot_cost": 50.403413964423336, "power_cost": 14.37114423828125, "noise_cost": 20.74182978732665, "n_waypoints_completed": 9, "tot_waypoints": 9}}
{"target": -181.94339198274082, "params": {"k_pid_pos": [0.560434589272527, 0.005115914377683442, 0.0008505264516995023], "k_pid_alt": [1.3672969411002664, 0.006977597050200444, 0.013031243561739339], "k_pid_att": [32.49253874856412, 0.4183297083969025, 0.7974217457351588], "k_pid_yaw": [0.5, 1e-06, 0.1], "k_pid_hsp": [0.10827024084719494, 0.009042684527477121, 0.0], "k_pid_vsp": [47.757030216437265, 79.05397556198211, 4.963563165101393]}, "datetime": {"datetime": "2025-08-12 00:55:36", "elapsed": 30616.287842035294, "delta": 17.556193351745605}, "costs": {"total_cost": 181.94339198274082, "time_cost": 71.554, "final_distance_cost": 1.8258301589277621, "oscillation_cost": 22.237937591548548, "completition_cost": 0.0, "overshoot_cost": 50.84663694675339, "power_cost": 14.101043896484375, "noise_cost": 21.377943389026736, "n_waypoints_completed": 9, "tot_waypoints": 9}}
{"target": -181.91231352853646, "params": {"k_pid_pos": [0.5933643406163078, 0.006721952708086408, 0.0006018608129324471], "k_pid_alt": [1.5731607011662163, 0.004622791299267429, 0.018482983972280834], "k_pid_att": [25.737139889496802, 0.42980577369294864, 1.0], "k_pid_yaw": [0.5, 1e-06, 0.1], "k_pid_hsp": [0.09814258716646214, 0.009838542850153132, 0.0], "k_pid_vsp": [104.39756760731554, 71.30031843765535, 6.486266509347537]}, "datetime": {"datetime": "2025-08-12 00:55:55", "elapsed": 30635.013536691666, "delta": 18.72569465637207}, "costs": {"total_cost": 181.91231352853646, "time_cost": 71.34400000000001, "final_distance_cost": 1.8347863001502058, "oscillation_cost": 21.91650071828999, "completition_cost": 0.0, "overshoot_cost": 51.410990241874345, "power_cost": 14.132234387207031, "noise_cost": 21.273801881014887, "n_waypoints_completed": 9, "tot_waypoints": 9}}
