{"target": -184.85505665979917, "params": {"k_pid_pos": [0.436892549679934, 0.007827765287078186, 0.0006171990818356262], "k_pid_alt": [1.6146631638137814, 0.0019689246053566753, 0.0231538723235544], "k_pid_att": [73.86547594582318, 0.4327609027045984, 0.5518425407684059], "k_pid_yaw": [0.5, 1e-06, 0.1], "k_pid_hsp": [0.10275220572267231, 0.010590884141676998, 0.0], "k_pid_vsp": [81.41465850753904, 47.93928920455537, 3.146745700845711]}, "datetime": {"datetime": "2025-08-11 22:40:34", "elapsed": 22513.836061000824, "delta": 18.66275644302368}, "costs": {"total_cost": 184.85505665979917, "time_cost": 74.389, "final_distance_cost": 1.849068065631845, "oscillation_cost": 19.581820830150413, "completition_cost": 0.0, "overshoot_cost": 51.66610561675806, "power_cost": 14.456422717285157, "noise_cost": 22.912639429973737, "n_waypoints_completed": 9, "tot_waypoints": 9}}
{"target": -181.8091420066778, "params": {"k_pid_pos": [0.6039400202886523, 0.0089683368768931, 0.0012800706988169974], "k_pid_alt": [1.527133769548452, 0.003897036888972473, 0.029428634205788437], "k_pid_att": [39.612916823970615, 0.2675391252120263, 1.0], "k_pid_yaw": [0.5, 1e-06, 0.1], "k_pid_hsp": [0.11319742009672473, 0.008013880762375422, 0.0], "k_pid_vsp": [120.2724683027859, 118.8689876556436, 6.561667675944046]}, "datetime": {"datetime": "2025-08-11 22:40:52", "elapsed": 22531.553113222122, "delta": 17.717052221298218}, "costs": {"total_cost": 181.8091420066778, "time_cost": 70.952, "final_distance_cost": 1.8336872096795316, "oscillation_cost": 22.674954287849488, "completition_cost": 0.0, "overshoot_cost": 51.05689594429071, "power_cost": 14.085021008300782, "noise_cost": 21.206583556557323, "n_waypoints_completed": 9, "tot_waypoints": 9}}
{"target": -190.97734534373183, "params": {"k_pid_pos": [0.6350918602228007, 0.007668660423229948, 0.0007514053086188098], "k_pid_alt": [1.4501903249416774, 0.005562954496239912, 0.00717532366752428], "k_pid_att": [31.921034562229334, 0.2142883243337065, 0.7193486084109028], "k_pid_yaw": [0.5, 1e-06, 0.1], "k_pid_hsp": [0.0525320415345244, 0.009731342557221438, 0.0], "k_pid_vsp": [101.79712891338274, 120.62190552328131, 10.251625151673917]}, "datetime": {"datetime": "2025-08-11 22:41:12", "elapsed": 22551.745420217514, "delta": 20.192306995391846}, "costs": {"total_cost": 190.97734534373183, "time_cost": 76.867, "final_distance_cost": 1.8055008508381882, "oscillation_cost": 19.957477537388947, "completition_cost": 0.0, "overshoot_cost": 53.60816443323968, "power_cost": 19.33620645751953, "noise_cost": 19.402996064745512, "n_waypoints_completed": 9, "tot_waypoints": 9}}
{"target": -187.05305555565786, "params": {"k_pid_pos": [0.5056369087909378, 0.009344649312692016, 0.0008599756579663892], "k_pid_alt": [1.5232056575590407, 0.004346042553874983, 0.014596008938594397], "k_pid_att": [40.562789368234974, 0.3220956609257182, 1.0], "k_pid_yaw": [0.5, 1e-06, 0.1], "k_pid_hsp": [0.15965253392254122, 0.010391977319343706, 0.0], "k_pid_vsp": [77.09791440035097, 106.96184762422065, 5.311078504644986]}, "datetime": {"datetime": "2025-08-11 22:41:30", "elapsed": 22570.079263925552, "delta": 18.33384370803833}, "costs": {"total_cost": 187.05305555565786, "time_cost": 73.668, "final_distance_cost": 1.8537501940707448, "oscillation_cost": 23.820244552132863, "completition_cost": 0.0, "overshoot_cost": 50.73088663182121, "power_cost": 14.510238903808595, "noise_cost": 22.46993527382446, "n_waypoints_completed": 9, "tot_waypoints": 9}}
{"target": -199.4151192488459, "params": {"k_pid_pos": [0.35402285738693856, 0.00840106466546787, 0.001118442035507353], "k_pid_alt": [2.0, 0.004624391566494906, 0.0013216512632848836], "k_pid_att": [50.87682037282459, 0.3821241810423394, 0.9382367583022653], "k_pid_yaw": [0.5, 1e-06, 0.1], "k_pid_hsp": [0.12358982379723508, 0.012087600811895275, 0.0], "k_pid_vsp": [33.897107532243034, 87.67555981133485, 6.382472724553719]}, "datetime": {"datetime": "2025-08-11 22:41:51", "elapsed": 22590.907312870026, "delta": 20.828048944473267}, "costs": {"total_cost": 199.4151192488459, "time_cost": 82.684, "final_distance_cost": 1.863239433814709, "oscillation_cost": 19.492637193841382, "completition_cost": 0.0, "overshoot_cost": 52.26783830796085, "power_cost": 15.924739477539063, "noise_cost": 27.182664835689916, "n_waypoints_completed": 9, "tot_waypoints": 9}}
{"target": -190.2711752975481, "params": {"k_pid_pos": [0.6223351600836606, 0.00881072299117632, 0.0008773867012367571], "k_pid_alt": [1.2610974598907372, 0.005406348671085162, 0.016094154937782063], "k_pid_att": [41.4797342087279, 0.4094804387924765, 0.5140404042514494], "k_pid_yaw": [0.5, 1e-06, 0.1], "k_pid_hsp": [0.05339005364029307, 0.013604214124133445, 0.0], "k_pid_vsp": [147.74788020418703, 104.26428328836808, 5.931216413622518]}, "datetime": {"datetime": "2025-08-11 22:42:11", "elapsed": 22610.868039369583, "delta": 19.960726499557495}, "costs": {"total_cost": 190.2711752975481, "time_cost": 76.902, "final_distance_cost": 1.798451023651286, "oscillation_cost": 21.208577717050094, "completition_cost": 0.0, "overshoot_cost": 52.81860818121134, "power_cost": 14.92584129638672, "noise_cost": 22.61769707924868, "n_waypoints_completed": 9, "tot_waypoints": 9}}
{"target": -184.46265088295087, "params": {"k_pid_pos": [0.6459776047875038, 0.007048041798300185, 0.0005604458998343003], "k_pid_alt": [0.8698035357059098, 0.006432638678236534, 0.012541996647963224], "k_pid_att": [54.75077146977798, 0.34959432546311486, 1.0], "k_pid_yaw": [0.5, 1e-06, 0.1], "k_pid_hsp": [0.10546258999785148, 0.016284616229773268, 0.0], "k_pid_vsp": [40.77846253745415, 130.80440051777882, 10.346541419917335]}, "datetime": {"datetime": "2025-08-11 22:42:29", "elapsed": 22628.74187374115, "delta": 17.873834371566772}, "costs": {"total_cost": 184.46265088295087, "time_cost": 71.414, "final_distance_cost": 1.8379452678970953, "oscillation_cost": 25.018559792926347, "completition_cost": 0.0, "overshoot_cost": 50.33906125363485, "power_cost": 18.059146740722657, "noise_cost": 17.793937827769934, "n_waypoints_completed": 9, "tot_waypoints": 9}}
{"target": -203.78695448469026, "params": {"k_pid_pos": [0.3043708698147417, 0.005539100871479068, 0.00018852089569441674], "k_pid_alt": [1.82926583941987, 0.005199797336582387, 0.014783139377216703], "k_pid_att": [20.020226665292537, 0.2793444704854278, 0.8927936441082086], "k_pid_yaw": [0.5, 1e-06, 0.1], "k_pid_hsp": [0.1117149476848388, 0.006565128032815328, 0.0], "k_pid_vsp": [108.6547477558683, 100.5078413097653, 5.417315393017076]}, "datetime": {"datetime": "2025-08-11 22:42:51", "elapsed": 22650.522710084915, "delta": 21.78083634376526}, "costs": {"total_cost": 203.78695448469026, "time_cost": 86.842, "final_distance_cost": 1.8622859897902238, "oscillation_cost": 16.4025161431622, "completition_cost": 0.0, "overshoot_cost": 53.28922675534127, "power_cost": 16.579905603027346, "noise_cost": 28.811019993369197, "n_waypoints_completed": 9, "tot_waypoints": 9}}
{"target": -186.09568330266393, "params": {"k_pid_pos": [0.6131967018003214, 0.010563589815089855, 0.0008173085547414296], "k_pid_alt": [1.445755908846655, 0.003600807997925601, 0.022947401882823598], "k_pid_att": [70.95449856289336, 0.2714401683148731, 1.0], "k_pid_yaw": [0.5, 1e-06, 0.1], "k_pid_hsp": [0.0687745614462112, 0.00788242707544165, 0.0], "k_pid_vsp": [57.93710131445275, 78.15047500484327, 6.436612574215702]}, "datetime": {"datetime": "2025-08-11 22:43:13", "elapsed": 22673.339240074158, "delta": 22.816529989242554}, "costs": {"total_cost": 186.09568330266393, "time_cost": 74.431, "final_distance_cost": 1.7901658737040171, "oscillation_cost": 20.92948676163625, "completition_cost": 0.0, "overshoot_cost": 52.27710846540178, "power_cost": 14.498879675292969, "noise_cost": 22.1690425266289, "n_waypoints_completed": 9, "tot_waypoints": 9}}
{"target": -181.70188807101323, "params": {"k_pid_pos": [0.696510412767112, 0.000845736286321295, 0.0006406470579578117], "k_pid_alt": [1.2463861260893858, 0.0045669976635029814, 0.021914255315993558], "k_pid_att": [36.39498428924603, 0.327939963014118, 1.0], "k_pid_yaw": [0.5, 1e-06, 0.1], "k_pid_hsp": [0.11413622489960155, 0.008361437067010034, 0.0], "k_pid_vsp": [99.93703033056279, 61.709595515763105, 5.047302303333837]}, "datetime": {"datetime": "2025-08-11 22:43:33", "elapsed": 22692.626292467117, "delta": 19.287052392959595}, "costs": {"total_cost": 181.70188807101323, "time_cost": 70.406, "final_distance_cost": 1.8283223276095193, "oscillation_cost": 23.79831746613449, "completition_cost": 0.0, "overshoot_cost": 50.655003070567474, "power_cost": 14.069949157714845, "noise_cost": 20.94429604898686, "n_waypoints_completed": 9, "tot_waypoints": 9}}
{"target": -184.09846428149572, "params": {"k_pid_pos": [0.4775328586001614, 0.007731477400839334, 0.0006360248382509495], "k_pid_alt": [1.0534533409965912, 0.005617277399131913, 0.011136955235967985], "k_pid_att": [39.66847538353382, 0.4244154869906173, 0.9368594718084883], "k_pid_yaw": [0.5, 1e-06, 0.1], "k_pid_hsp": [0.10598264232069272, 0.009641033828243295, 0.0], "k_pid_vsp": [117.3582789827434, 74.77156500286333, 9.264770752378732]}, "datetime": {"datetime": "2025-08-11 22:43:51", "elapsed": 22711.185901403427, "delta": 18.559608936309814}, "costs": {"total_cost": 184.09846428149572, "time_cost": 73.542, "final_distance_cost": 1.8482789151118633, "oscillation_cost": 20.3897581724167, "completition_cost": 0.0, "overshoot_cost": 51.37729863036472, "power_cost": 17.191294458007814, "noise_cost": 19.74983410559464, "n_waypoints_completed": 9, "tot_waypoints": 9}}
{"target": -190.5623920165033, "params": {"k_pid_pos": [0.44196489988025106, 0.005487266358814735, 0.0006062472157633366], "k_pid_alt": [1.6359423850695674, 0.004596794434522523, 0.023485105774754236], "k_pid_att": [31.165232638891638, 0.35231709264453087, 1.0], "k_pid_yaw": [0.5, 1e-06, 0.1], "k_pid_hsp": [0.13611241303033886, 0.013837626874733394, 0.0], "k_pid_vsp": [102.31593335240393, 86.25834327803784, 11.001702679841868]}, "datetime": {"datetime": "2025-08-11 22:44:10", "elapsed": 22730.330679893494, "delta": 19.14477849006653}, "costs": {"total_cost": 190.5623920165033, "time_cost": 76.09700000000001, "final_distance_cost": 1.8614163942220958, "oscillation_cost": 21.90224247109159, "completition_cost": 0.0, "overshoot_cost": 51.5508760528399, "power_cost": 19.129892248535157, "noise_cost": 20.02096484981457, "n_waypoints_completed": 9, "tot_waypoints": 9}}
{"target": -185.65947017648162, "params": {"k_pid_pos": [0.5075870147522104, 0.009273060468000137, 0.0004594952867228181], "k_pid_alt": [0.8567310112097841, 0.006291423155214419, 0.021431517494829886], "k_pid_att": [65.01486907478862, 0.2951943975502893, 0.6932782818395], "k_pid_yaw": [0.5, 1e-06, 0.1], "k_pid_hsp": [0.13149845389134382, 0.010193790490782378, 0.0], "k_pid_vsp": [94.53267816176064, 102.03874456623343, 6.37792445416378]}, "datetime": {"datetime": "2025-08-11 22:44:30", "elapsed": 22749.66093659401, "delta": 19.330256700515747}, "costs": {"total_cost": 185.65947017648162, "time_cost": 74.018, "final_distance_cost": 1.849480624668705, "oscillation_cost": 22.56970496354858, "completition_cost": 0.0, "overshoot_cost": 50.54972801154052, "power_cost": 14.46968076171875, "noise_cost": 22.20287581500503, "n_waypoints_completed": 9, "tot_waypoints": 9}}
{"target": -183.21938239213813, "params": {"k_pid_pos": [0.4689931745131286, 0.007690488292839196, 0.0006831950254789013], "k_pid_alt": [1.460576502406543, 0.003993406609933115, 0.04015665308735509], "k_pid_att": [46.99736255835548, 0.5119976735470319, 0.8714067124326955], "k_pid_yaw": [0.5, 1e-06, 0.1], "k_pid_hsp": [0.08406368692459092, 0.008436515512130096, 0.0], "k_pid_vsp": [98.22679753359887, 133.60931800781216, 9.434836333828274]}, "datetime": {"datetime": "2025-08-11 22:44:48", "elapsed": 22767.553195238113, "delta": 17.892258644104004}, "costs": {"total_cost": 183.21938239213813, "time_cost": 73.388, "final_distance_cost": 1.8361185757517602, "oscillation_cost": 18.943551433663163, "completition_cost": 0.0, "overshoot_cost": 52.114314771837364, "power_cost": 17.825477111816408, "noise_cost": 19.11192049906943, "n_waypoints_completed": 9, "tot_waypoints": 9}}
{"target": -193.23265439378568, "params": {"k_pid_pos": [0.38136627679578955, 0.008293288468085589, 0.0007249520095509066], "k_pid_alt": [0.8046747370158357, 0.00690327173553961, 0.019411148989846132], "k_pid_att": [63.57801740548948, 0.3275049495620426, 0.809752460014963], "k_pid_yaw": [0.5, 1e-06, 0.1], "k_pid_hsp": [0.12035173390883695, 0.008590885462948348, 0.0], "k_pid_vsp": [110.30301517891188, 79.82944081905926, 6.655346016407132]}, "datetime": {"datetime": "2025-08-11 22:45:08", "elapsed": 22787.830207824707, "delta": 20.277012586593628}, "costs": {"total_cost": 193.23265439378568, "time_cost": 79.849, "final_distance_cost": 1.85866818422358, "oscillation_cost": 19.389572756590994, "completition_cost": 0.0, "overshoot_cost": 51.776474547651816, "power_cost": 15.324490173339845, "noise_cost": 25.034448731979445, "n_waypoints_completed": 9, "tot_waypoints": 9}}
{"target": -185.21231117741425, "params": {"k_pid_pos": [0.7123459926848535, 0.0096093321689317, 0.0010015092357034208], "k_pid_alt": [0.9053006913990495, 0.006420023178163224, 0.013970576972136883], "k_pid_att": [41.54211349386097, 0.36190707593169086, 1.0], "k_pid_yaw": [0.5, 1e-06, 0.1], "k_pid_hsp": [0.08262159024240943, 0.007453178017565269, 0.0], "k_pid_vsp": [78.34670280744118, 88.0356272051619, 3.0517509434763674]}, "datetime": {"datetime": "2025-08-11 22:45:26", "elapsed": 22805.982575654984, "delta": 18.15236783027649}, "costs": {"total_cost": 185.21231117741425, "time_cost": 73.241, "final_distance_cost": 1.8169979329553925, "oscillation_cost": 23.305658447745603, "completition_cost": 0.0, "overshoot_cost": 50.960221408090604, "power_cost": 14.45162879638672, "noise_cost": 21.436804592235926, "n_waypoints_completed": 9, "tot_waypoints": 9}}
{"target": -181.6667534585304, "params": {"k_pid_pos": [0.6084228257530877, 0.00989249132567291, 0.0007748464422987015], "k_pid_alt": [1.2634106365334703, 0.005152446288159641, 0.007264883596351777], "k_pid_att": [33.303526121852016, 0.3182999901391243, 0.6895819853945445], "k_pid_yaw": [0.5, 1e-06, 0.1], "k_pid_hsp": [0.09621414653813769, 0.011033137164093714, 0.0], "k_pid_vsp": [101.07519813214304, 105.00347417510743, 7.3114825427359875]}, "datetime": {"datetime": "2025-08-11 22:45:44", "elapsed": 22823.595802545547, "delta": 17.613226890563965}, "costs": {"total_cost": 181.6667534585304, "time_cost": 71.288, "final_distance_cost": 1.8262861637797587, "oscillation_cost": 22.587813080085567, "completition_cost": 0.0, "overshoot_cost": 50.80046756919007, "power_cost": 14.047781091308595, "noise_cost": 21.11640555416643, "n_waypoints_completed": 9, "tot_waypoints": 9}}
{"target": -186.38468079773116, "params": {"k_pid_pos": [0.6871044051923563, 0.006301802716642393, 0.0006322964707838713], "k_pid_alt": [0.8094739154677978, 0.005232460579368585, 0.027800044739735696], "k_pid_att": [41.158760655507194, 0.342504664663124, 1.0], "k_pid_yaw": [0.5, 1e-06, 0.1], "k_pid_hsp": [0.08062707041716331, 0.00923697849991563, 0.0], "k_pid_vsp": [124.77534426777618, 80.28913212559782, 8.96835809692871]}, "datetime": {"datetime": "2025-08-11 22:46:02", "elapsed": 22842.03606748581, "delta": 18.44026494026184}, "costs": {"total_cost": 186.38468079773116, "time_cost": 73.927, "final_distance_cost": 1.798486556372507, "oscillation_cost": 23.158333875807386, "completition_cost": 0.0, "overshoot_cost": 51.027154432535724, "power_cost": 17.061238818359374, "noise_cost": 19.412467114656156, "n_waypoints_completed": 9, "tot_waypoints": 9}}
{"target": -183.7357884404322, "params": {"k_pid_pos": [0.6152912498323347, 0.004461989167224671, 0.0007386356096964498], "k_pid_alt": [1.2750506241980604, 0.006203902857822196, 0.013871042740119298], "k_pid_att": [45.44596054464987, 0.19031998147877047, 0.9442847024330018], "k_pid_yaw": [0.5, 1e-06, 0.1], "k_pid_hsp": [0.1172033669639918, 0.015678410636250664, 0.0], "k_pid_vsp": [12.751419690959525, 87.68541811666894, 5.444954205469362]}, "datetime": {"datetime": "2025-08-11 22:46:21", "elapsed": 22860.769864082336, "delta": 18.7337965965271}, "costs": {"total_cost": 183.7357884404322, "time_cost": 71.141, "final_distance_cost": 1.8422655196708089, "oscillation_cost": 24.969256235124366, "completition_cost": 0.0, "overshoot_cost": 50.145589993147425, "power_cost": 14.564301025390625, "noise_cost": 21.073375667098997, "n_waypoints_completed": 9, "tot_waypoints": 9}}
{"target": -183.1141744163214, "params": {"k_pid_pos": [0.7892776271263576, 0.009838288112109928, 0.0012528958953931782], "k_pid_alt": [1.3586938916447082, 0.004810892850103634, 0.016124730483768123], "k_pid_att": [44.91345187539304, 0.34029904288575463, 0.6196436932120818], "k_pid_yaw": [0.5, 1e-06, 0.1], "k_pid_hsp": [0.12613549805201643, 0.016817567218221554, 0.0], "k_pid_vsp": [135.42125844649343, 151.27430911034492, 5.945380153737145]}, "datetime": {"datetime": "2025-08-11 22:46:38", "elapsed": 22877.78864455223, "delta": 17.01878046989441}, "costs": {"total_cost": 183.1141744163214, "time_cost": 69.587, "final_distance_cost": 1.8294633865029588, "oscillation_cost": 26.66811108863906, "completition_cost": 0.0, "overshoot_cost": 50.28925376140762, "power_cost": 14.228810314941407, "noise_cost": 20.511535864830336, "n_waypoints_completed": 9, "tot_waypoints": 9}}
{"target": -183.39381191932634, "params": {"k_pid_pos": [0.5364787552737459, 0.012326604669810318, 0.000855632124771214], "k_pid_alt": [2.0, 0.005116455155533978, 0.021652166065982803], "k_pid_att": [46.67330123874434, 0.3431857499709478, 0.5099593146599593], "k_pid_yaw": [0.5, 1e-06, 0.1], "k_pid_hsp": [0.11181502510294511, 0.016044527992072722, 0.0], "k_pid_vsp": [95.78465957546719, 114.55648815261968, 6.62943378425929]}, "datetime": {"datetime": "2025-08-11 22:46:56", "elapsed": 22895.791719675064, "delta": 18.003075122833252}, "costs": {"total_cost": 183.39381191932634, "time_cost": 71.918, "final_distance_cost": 1.842291834730766, "oscillation_cost": 23.0125942596497, "completition_cost": 0.0, "overshoot_cost": 50.68812509558692, "power_cost": 14.337842114257814, "noise_cost": 21.594958615101124, "n_waypoints_completed": 9, "tot_waypoints": 9}}
{"target": -183.74937342323653, "params": {"k_pid_pos": [0.5933018790440098, 0.005695713277644668, 0.0006041643801114839], "k_pid_alt": [0.9153247421854463, 0.005606192292633742, 0.017680707521167946], "k_pid_att": [27.20303796630954, 0.239978840214646, 1.0], "k_pid_yaw": [0.5, 1e-06, 0.1], "k_pid_hsp": [0.08361923690163059, 0.01068254672260185, 0.0], "k_pid_vsp": [58.620608072368896, 86.88792017747254, 7.441349406336715]}, "datetime": {"datetime": "2025-08-11 22:47:14", "elapsed": 22913.79548716545, "delta": 18.003767490386963}, "costs": {"total_cost": 183.74937342323653, "time_cost": 73.325, "final_distance_cost": 1.8169241157440037, "oscillation_cost": 21.790569772124122, "completition_cost": 0.0, "overshoot_cost": 50.77811582984525, "power_cost": 14.433081469726563, "noise_cost": 21.60568223579657, "n_waypoints_completed": 9, "tot_waypoints": 9}}
{"target": -239.595456376455, "params": {"k_pid_pos": [0.24210572714909703, 0.006154677627099778, 0.0007724949678776929], "k_pid_alt": [1.4976821565866392, 0.005401290790707084, 0.02305359092432749], "k_pid_att": [27.23880131311959, 0.38873876965510457, 0.8793977056052128], "k_pid_yaw": [0.5, 1e-06, 0.1], "k_pid_hsp": [0.10497277907217169, 0.009021305788241967, 0.0], "k_pid_vsp": [165.04871465762588, 98.7249105215841, 5.939865709283563]}, "datetime": {"datetime": "2025-08-11 22:47:41", "elapsed": 22941.113987207413, "delta": 27.31850004196167}, "costs": {"total_cost": 239.595456376455, "time_cost": 108.22, "final_distance_cost": 1.8631713587396197, "oscillation_cost": 14.57141955849756, "completition_cost": 0.0, "overshoot_cost": 56.491809953332634, "power_cost": 20.07898612060547, "noise_cost": 38.370069385279685, "n_waypoints_completed": 9, "tot_waypoints": 9}}
{"target": -186.14049451590742, "params": {"k_pid_pos": [0.8107213779202663, 0.005066994196839193, 0.001462850196769831], "k_pid_alt": [0.7072527347208916, 0.0030231900781472233, 0.032902947096125346], "k_pid_att": [46.470282887027, 0.1603696539248812, 1.0], "k_pid_yaw": [0.5, 1e-06, 0.1], "k_pid_hsp": [0.12043473381914893, 0.012195580315946072, 0.0], "k_pid_vsp": [117.24672922028651, 71.26469249498072, 7.964222154560139]}, "datetime": {"datetime": "2025-08-11 22:48:00", "elapsed": 22959.388703346252, "delta": 18.27471613883972}, "costs": {"total_cost": 186.14049451590742, "time_cost": 72.156, "final_distance_cost": 1.811940313000369, "oscillation_cost": 26.141733825261625, "completition_cost": 0.0, "overshoot_cost": 50.56555985811154, "power_cost": 14.461487219238283, "noise_cost": 21.003773300295595, "n_waypoints_completed": 9, "tot_waypoints": 9}}
{"target": -182.87758796332145, "params": {"k_pid_pos": [0.7132693493617629, 0.005820499543155643, 0.00124033797808715], "k_pid_alt": [0.9746205651949958, 0.005879650320808773, 0.02026575669807493], "k_pid_att": [44.13209202468598, 0.319350365104251, 1.0], "k_pid_yaw": [0.5, 1e-06, 0.1], "k_pid_hsp": [0.09654463740384972, 0.007477974679465228, 0.0], "k_pid_vsp": [73.12762878297251, 149.28599310424752, 5.3805634934931135]}, "datetime": {"datetime": "2025-08-11 22:48:18", "elapsed": 22977.560658216476, "delta": 18.171954870224}, "costs": {"total_cost": 182.87758796332145, "time_cost": 71.176, "final_distance_cost": 1.801280279309636, "oscillation_cost": 23.82338822050932, "completition_cost": 0.0, "overshoot_cost": 51.05603637566306, "power_cost": 14.21109227294922, "noise_cost": 20.809790814890185, "n_waypoints_completed": 9, "tot_waypoints": 9}}
