{"target": -187.17558655272836, "params": {"k_pid_pos": [0.6548795933168914, 0.006980031045818277, 0.0007491094196553352], "k_pid_alt": [1.347504603938143, 0.006666259136962334, 0.02240708695368408], "k_pid_att": [53.04744693922746, 0.3285030338561581, 0.9624864275757169], "k_pid_yaw": [0.5, 1e-06, 0.1], "k_pid_hsp": [0.06397555852828736, 0.00783613807551712, 0.0], "k_pid_vsp": [100.45038163610434, 126.67466622429926, 5.476683225124423]}, "datetime": {"datetime": "2025-08-11 22:16:50", "elapsed": 21089.848932266235, "delta": 18.84644842147827}, "costs": {"total_cost": 187.17558655272836, "time_cost": 74.676, "final_distance_cost": 1.8028504861868049, "oscillation_cost": 21.324692569462595, "completition_cost": 0.0, "overshoot_cost": 52.67444034286048, "power_cost": 14.5903201171875, "noise_cost": 22.107283037030992, "n_waypoints_completed": 9, "tot_waypoints": 9}}
{"target": -196.16653468632236, "params": {"k_pid_pos": [0.38314995534804125, 0.011007436568408057, 0.0010910837368249462], "k_pid_alt": [0.8511098470820265, 0.004925753700080559, 0.030758709640697435], "k_pid_att": [47.29240815156808, 0.25740888116024546, 0.8095459941441087], "k_pid_yaw": [0.5, 1e-06, 0.1], "k_pid_hsp": [0.112469501292693, 0.014598714303871406, 0.0], "k_pid_vsp": [112.87601514633468, 119.25121955470108, 9.019130934556191]}, "datetime": {"datetime": "2025-08-11 22:17:10", "elapsed": 21109.730053901672, "delta": 19.88112163543701}, "costs": {"total_cost": 196.16653468632236, "time_cost": 80.997, "final_distance_cost": 1.8637110144573477, "oscillation_cost": 19.756762794308802, "completition_cost": 0.0, "overshoot_cost": 51.80055901288726, "power_cost": 19.053509533691408, "noise_cost": 22.69499233097756, "n_waypoints_completed": 9, "tot_waypoints": 9}}
{"target": -181.95908999188364, "params": {"k_pid_pos": [0.5988304943625847, 0.0021609119298910888, 0.0005707236210733302], "k_pid_alt": [1.3678095545068027, 0.003142108808817122, 0.02599916450883206], "k_pid_att": [32.66364307755264, 0.3897635440546198, 0.47639426795693574], "k_pid_yaw": [0.5, 1e-06, 0.1], "k_pid_hsp": [0.10593655950266413, 0.009252604264181017, 0.0], "k_pid_vsp": [47.9745491110335, 125.98561841656742, 6.174436826232693]}, "datetime": {"datetime": "2025-08-11 22:17:28", "elapsed": 21127.642446279526, "delta": 17.912392377853394}, "costs": {"total_cost": 181.95908999188364, "time_cost": 71.001, "final_distance_cost": 1.8397959396981247, "oscillation_cost": 23.034076446484203, "completition_cost": 0.0, "overshoot_cost": 50.83494773286839, "power_cost": 14.218589929199219, "noise_cost": 21.03067994363369, "n_waypoints_completed": 9, "tot_waypoints": 9}}
{"target": -184.99677032965772, "params": {"k_pid_pos": [0.811191773462987, 0.010145784142483752, 0.0005911156037887423], "k_pid_alt": [1.3696923924468385, 0.005615733665422677, 0.02396358828855503], "k_pid_att": [26.73187788374287, 0.43029736311473804, 0.6165004235322248], "k_pid_yaw": [0.5, 1e-06, 0.1], "k_pid_hsp": [0.09075714957378234, 0.008203196077572474, 0.0], "k_pid_vsp": [68.3289462053949, 84.57067067839068, 5.92147847645538]}, "datetime": {"datetime": "2025-08-11 22:17:46", "elapsed": 21145.435724020004, "delta": 17.793277740478516}, "costs": {"total_cost": 184.99677032965772, "time_cost": 71.624, "final_distance_cost": 1.7888365169012879, "oscillation_cost": 25.19893093525775, "completition_cost": 0.0, "overshoot_cost": 50.94098044943614, "power_cost": 14.359302111816406, "noise_cost": 21.084720316246116, "n_waypoints_completed": 9, "tot_waypoints": 9}}
{"target": -183.19815999571549, "params": {"k_pid_pos": [0.5629637355825282, 0.010653794842210934, 0.0008888425142655334], "k_pid_alt": [1.7116327880464137, 0.005382317643561588, 0.027473848101085083], "k_pid_att": [51.9290793024604, 0.26182705935250367, 1.0], "k_pid_yaw": [0.5, 1e-06, 0.1], "k_pid_hsp": [0.08598200348476781, 0.012800492862890617, 0.0], "k_pid_vsp": [97.85329700795671, 97.71190064081007, 5.917790497309572]}, "datetime": {"datetime": "2025-08-11 22:18:04", "elapsed": 21163.470985889435, "delta": 18.035261869430542}, "costs": {"total_cost": 183.19815999571549, "time_cost": 72.751, "final_distance_cost": 1.8131272570819053, "oscillation_cost": 21.56720830479485, "completition_cost": 0.0, "overshoot_cost": 51.16833330042004, "power_cost": 14.320320812988282, "noise_cost": 21.57817032043042, "n_waypoints_completed": 9, "tot_waypoints": 9}}
{"target": -181.85258617015916, "params": {"k_pid_pos": [0.6859692212161099, 0.007972695796830366, 0.0010323415482475977], "k_pid_alt": [1.3957427580936042, 0.005432907003587145, 0.01641673451077738], "k_pid_att": [30.67657764102221, 0.30528562155003297, 0.9321718529935561], "k_pid_yaw": [0.5, 1e-06, 0.1], "k_pid_hsp": [0.12182819939721727, 0.008996702389885187, 0.0], "k_pid_vsp": [91.8441851120712, 110.63070054775113, 3.775819757537159]}, "datetime": {"datetime": "2025-08-11 22:18:21", "elapsed": 21181.203251838684, "delta": 17.732265949249268}, "costs": {"total_cost": 181.85258617015916, "time_cost": 70.14, "final_distance_cost": 1.833439880474245, "oscillation_cost": 24.28473565663061, "completition_cost": 0.0, "overshoot_cost": 50.71344313403129, "power_cost": 14.100329016113282, "noise_cost": 20.78063848290974, "n_waypoints_completed": 9, "tot_waypoints": 9}}
{"target": -195.4110675159099, "params": {"k_pid_pos": [0.6125711482761629, 0.015208057385714348, 0.0006025713445399888], "k_pid_alt": [0.4425726766907518, 0.004330884549598117, 0.017870466784527413], "k_pid_att": [32.878681308220195, 0.31899032107036546, 1.0], "k_pid_yaw": [0.5, 1e-06, 0.1], "k_pid_hsp": [0.11008253979145562, 0.010078365233410344, 0.0], "k_pid_vsp": [135.75575511435002, 82.53826849660575, 8.540251249826087]}, "datetime": {"datetime": "2025-08-11 22:18:41", "elapsed": 21200.86004090309, "delta": 19.65678906440735}, "costs": {"total_cost": 195.4110675159099, "time_cost": 79.849, "final_distance_cost": 1.8375901855187715, "oscillation_cost": 24.16087788019298, "completition_cost": 0.0, "overshoot_cost": 51.006060864738515, "power_cost": 16.620205102539064, "noise_cost": 21.93733348292053, "n_waypoints_completed": 9, "tot_waypoints": 9}}
{"target": -403.7002463126806, "params": {"k_pid_pos": [0.6215434670223591, 0.004243587042870394, 0.0008866594953393683], "k_pid_alt": [0.16329708396829937, 0.004043294570041678, 0.027562478532607255], "k_pid_att": [28.275627467934097, 0.3647916880384405, 0.9553456966468074], "k_pid_yaw": [0.5, 1e-06, 0.1], "k_pid_hsp": [0.10371235575928094, 0.009936381240669817, 0.0], "k_pid_vsp": [99.5839858633231, 96.89029641046658, 9.139426271833372]}, "datetime": {"datetime": "2025-08-11 22:19:11", "elapsed": 21230.90516448021, "delta": 30.04512357711792}, "costs": {"total_cost": 403.7002463126806, "time_cost": 150, "final_distance_cost": 3.344703743492224, "oscillation_cost": 25.418090229694755, "completition_cost": 111.11111111111116, "overshoot_cost": 56.81660286164014, "power_cost": 28.328889184570315, "noise_cost": 28.680849182171972, "n_waypoints_completed": 8, "tot_waypoints": 9}}
{"target": -190.6233087532994, "params": {"k_pid_pos": [0.4132799141555359, 0.001253220551518824, 0.0002485878629413666], "k_pid_alt": [0.7349022097967031, 0.00510426040894222, 0.0], "k_pid_att": [27.44674161599798, 0.414002172503197, 1.0], "k_pid_yaw": [0.5, 1e-06, 0.1], "k_pid_hsp": [0.09520237868452237, 0.011750211531064517, 0.0], "k_pid_vsp": [6.285743101668106, 96.76265435830213, 9.540690410075602]}, "datetime": {"datetime": "2025-08-11 22:19:31", "elapsed": 21250.510598897934, "delta": 19.60543441772461}, "costs": {"total_cost": 190.6233087532994, "time_cost": 77.96600000000001, "final_distance_cost": 1.8535216003693429, "oscillation_cost": 20.591655398026507, "completition_cost": 0.0, "overshoot_cost": 51.542138057067625, "power_cost": 18.563986267089845, "noise_cost": 20.10600743074606, "n_waypoints_completed": 9, "tot_waypoints": 9}}
{"target": -191.8510935990492, "params": {"k_pid_pos": [0.5004740106189478, 0.009807505261032202, 0.0008946857647942999], "k_pid_alt": [1.2192400374879457, 0.0036960449836326015, 0.0287021236782192], "k_pid_att": [30.213379791876104, 0.5221303606681934, 1.0], "k_pid_yaw": [0.5, 1e-06, 0.1], "k_pid_hsp": [0.05385270879584326, 0.0063226455655602185, 0.0], "k_pid_vsp": [15.873791292625993, 87.85919218228044, 7.635352608049478]}, "datetime": {"datetime": "2025-08-11 22:19:51", "elapsed": 21270.647849559784, "delta": 20.137250661849976}, "costs": {"total_cost": 191.8510935990492, "time_cost": 79.961, "final_distance_cost": 1.8119845087384234, "oscillation_cost": 16.274747826940303, "completition_cost": 0.0, "overshoot_cost": 54.67475603132755, "power_cost": 15.354273962402344, "noise_cost": 23.774331269640573, "n_waypoints_completed": 9, "tot_waypoints": 9}}
{"target": -187.48615210039472, "params": {"k_pid_pos": [0.4208850246352968, 0.0057189439842569465, 0.0007568488167140067], "k_pid_alt": [1.456835746687801, 0.007725291870942679, 0.011533956870315693], "k_pid_att": [43.29268882581855, 0.28848600741637104, 1.0], "k_pid_yaw": [0.5, 1e-06, 0.1], "k_pid_hsp": [0.06608610424134369, 0.012568341970415958, 0.0], "k_pid_vsp": [42.4354904973484, 90.1494858027862, 4.6257621459070215]}, "datetime": {"datetime": "2025-08-11 22:20:10", "elapsed": 21289.516387939453, "delta": 18.86853837966919}, "costs": {"total_cost": 187.48615210039472, "time_cost": 77.595, "final_distance_cost": 1.8362301406411816, "oscillation_cost": 17.281776429164108, "completition_cost": 0.0, "overshoot_cost": 52.55631445804715, "power_cost": 14.910089343261719, "noise_cost": 23.306741729280553, "n_waypoints_completed": 9, "tot_waypoints": 9}}
{"target": -184.64436765414874, "params": {"k_pid_pos": [0.46892684637314686, 0.00652722839264652, 0.0006559831668606994], "k_pid_alt": [0.7394597041598129, 0.004339901245606467, 0.009312429977777438], "k_pid_att": [45.21685018552167, 0.25877273555885866, 1.0], "k_pid_yaw": [0.5, 1e-06, 0.1], "k_pid_hsp": [0.07937123251081628, 0.011200813515369881, 0.0], "k_pid_vsp": [80.52649019841469, 132.32388608542632, 5.636514544462547]}, "datetime": {"datetime": "2025-08-11 22:20:28", "elapsed": 21308.33321762085, "delta": 18.816829681396484}, "costs": {"total_cost": 184.64436765414874, "time_cost": 75.502, "final_distance_cost": 1.8237314907653384, "oscillation_cost": 19.127349766190818, "completition_cost": 0.0, "overshoot_cost": 51.461921450358986, "power_cost": 14.596914318847658, "noise_cost": 22.132450627985953, "n_waypoints_completed": 9, "tot_waypoints": 9}}
{"target": -182.4784390379778, "params": {"k_pid_pos": [0.7176551455124285, 0.008923355404896438, 0.0009777117071943682], "k_pid_alt": [1.4707922526309354, 0.004031645869171972, 0.01703828884132641], "k_pid_att": [57.37605998009311, 0.3276443623992614, 0.839181627169233], "k_pid_yaw": [0.5, 1e-06, 0.1], "k_pid_hsp": [0.14905493741670375, 0.0156917618504282, 0.0], "k_pid_vsp": [92.47471648963233, 73.23558752045612, 7.012275117382579]}, "datetime": {"datetime": "2025-08-11 22:20:46", "elapsed": 21325.54133582115, "delta": 17.208118200302124}, "costs": {"total_cost": 182.4784390379778, "time_cost": 69.867, "final_distance_cost": 1.8397074979260901, "oscillation_cost": 25.473510058562706, "completition_cost": 0.0, "overshoot_cost": 50.123340921948675, "power_cost": 14.239391711425782, "noise_cost": 20.93548884811456, "n_waypoints_completed": 9, "tot_waypoints": 9}}
{"target": -182.45544296176453, "params": {"k_pid_pos": [0.5784650832611316, 0.01217554014290151, 0.0010608088935502703], "k_pid_alt": [1.2859216051755706, 0.005894737437398004, 0.025321437092695062], "k_pid_att": [40.29490908307786, 0.39082974600465326, 1.0], "k_pid_yaw": [0.5, 1e-06, 0.1], "k_pid_hsp": [0.11655346705673514, 0.011054193646025475, 0.0], "k_pid_vsp": [134.42663215205928, 78.56162654930655, 6.370881139272863]}, "datetime": {"datetime": "2025-08-11 22:21:04", "elapsed": 21343.38853621483, "delta": 17.847200393676758}, "costs": {"total_cost": 182.45544296176453, "time_cost": 71.372, "final_distance_cost": 1.8325938572714902, "oscillation_cost": 22.97545710722009, "completition_cost": 0.0, "overshoot_cost": 50.86149104127497, "power_cost": 14.095531958007813, "noise_cost": 21.318368997990156, "n_waypoints_completed": 9, "tot_waypoints": 9}}
{"target": -187.7564338831449, "params": {"k_pid_pos": [0.40649873677309395, 0.009733043932243555, 0.0005832854593845782], "k_pid_alt": [1.216490417732864, 0.006982241150971552, 0.01276667977213137], "k_pid_att": [62.489549580709024, 0.20603221228798643, 1.0], "k_pid_yaw": [0.5, 1e-06, 0.1], "k_pid_hsp": [0.06352703544577006, 0.007808385428623443, 0.0], "k_pid_vsp": [53.18369388917055, 113.19513261365519, 5.805420527976495]}, "datetime": {"datetime": "2025-08-11 22:21:23", "elapsed": 21362.785820961, "delta": 19.397284746170044}, "costs": {"total_cost": 187.7564338831449, "time_cost": 78.32300000000001, "final_distance_cost": 1.8150015786699902, "oscillation_cost": 15.656365967693178, "completition_cost": 0.0, "overshoot_cost": 53.34701005152221, "power_cost": 15.042333190917969, "noise_cost": 23.572723094341544, "n_waypoints_completed": 9, "tot_waypoints": 9}}
{"target": -181.98117508166024, "params": {"k_pid_pos": [0.49172796138237, 0.0036258646417072857, 0.0009215486260363324], "k_pid_alt": [1.693407847599235, 0.004283859846212017, 0.0013922672932137694], "k_pid_att": [55.97898106098251, 0.3733308042604712, 0.9495228966551243], "k_pid_yaw": [0.5, 1e-06, 0.1], "k_pid_hsp": [0.09127765586276297, 0.013794259727225243, 0.0], "k_pid_vsp": [100.43284578057182, 132.94729568779485, 7.041511055111748]}, "datetime": {"datetime": "2025-08-11 22:21:41", "elapsed": 21380.58439540863, "delta": 17.798574447631836}, "costs": {"total_cost": 181.98117508166024, "time_cost": 72.737, "final_distance_cost": 1.8444010323857867, "oscillation_cost": 20.54902908396604, "completition_cost": 0.0, "overshoot_cost": 50.65010407149566, "power_cost": 14.310535803222656, "noise_cost": 21.890105090590104, "n_waypoints_completed": 9, "tot_waypoints": 9}}
{"target": -186.7202330533107, "params": {"k_pid_pos": [0.9031022818138591, 0.011196383044705995, 0.0005786893757300547], "k_pid_alt": [1.4754594023358145, 0.005276131669047359, 0.028350586319838156], "k_pid_att": [45.439604473145266, 0.3148279819422266, 1.0], "k_pid_yaw": [0.5, 1e-06, 0.1], "k_pid_hsp": [0.08427961562714081, 0.010270761557049155, 0.0], "k_pid_vsp": [68.14063194460421, 58.28919907914763, 6.61557530240453]}, "datetime": {"datetime": "2025-08-11 22:21:58", "elapsed": 21398.131705999374, "delta": 17.54731059074402}, "costs": {"total_cost": 186.7202330533107, "time_cost": 72.072, "final_distance_cost": 1.8114847850209332, "oscillation_cost": 26.560313494780118, "completition_cost": 0.0, "overshoot_cost": 50.710740406604145, "power_cost": 14.472427307128907, "noise_cost": 21.093267059776593, "n_waypoints_completed": 9, "tot_waypoints": 9}}
{"target": -184.04423596281583, "params": {"k_pid_pos": [0.5820029269630067, 0.007489043318366954, 0.00042467976414307045], "k_pid_alt": [1.1565645239347655, 0.004035934945584947, 0.018180381473016403], "k_pid_att": [47.37011679872239, 0.34264326736609235, 1.0], "k_pid_yaw": [0.5, 1e-06, 0.1], "k_pid_hsp": [0.07665020418856601, 0.010886816460821418, 0.0], "k_pid_vsp": [127.45258461223852, 112.64017864392424, 6.510439722013234]}, "datetime": {"datetime": "2025-08-11 22:22:17", "elapsed": 21416.88380265236, "delta": 18.75209665298462}, "costs": {"total_cost": 184.04423596281583, "time_cost": 73.612, "final_distance_cost": 1.8178709988431931, "oscillation_cost": 21.221113172397974, "completition_cost": 0.0, "overshoot_cost": 51.4675527938458, "power_cost": 14.323867517089845, "noise_cost": 21.60183148063906, "n_waypoints_completed": 9, "tot_waypoints": 9}}
{"target": -184.8430146557026, "params": {"k_pid_pos": [0.5856486634308361, 0.010219667081982757, 0.00030196391202653343], "k_pid_alt": [1.585596111280414, 0.007539274600253149, 0.013030280420578716], "k_pid_att": [60.87731279885539, 0.24873195294093686, 0.8678630857592622], "k_pid_yaw": [0.5, 1e-06, 0.1], "k_pid_hsp": [0.07584877136038203, 0.007429288699841303, 0.0], "k_pid_vsp": [117.5034817317625, 116.8288111101279, 7.304486821000208]}, "datetime": {"datetime": "2025-08-11 22:22:35", "elapsed": 21435.158921957016, "delta": 18.275119304656982}, "costs": {"total_cost": 184.8430146557026, "time_cost": 73.759, "final_distance_cost": 1.7960889471062593, "oscillation_cost": 20.561040706119872, "completition_cost": 0.0, "overshoot_cost": 52.3733146484447, "power_cost": 14.393451135253907, "noise_cost": 21.960119218777866, "n_waypoints_completed": 9, "tot_waypoints": 9}}
{"target": -186.75743299073793, "params": {"k_pid_pos": [0.7489934393358443, 0.007589133487101852, 0.0007363983758537667], "k_pid_alt": [0.7704381698216406, 0.004120441899263938, 0.01628202044572017], "k_pid_att": [52.04024494336221, 0.3045750204733866, 1.0], "k_pid_yaw": [0.5, 1e-06, 0.1], "k_pid_hsp": [0.09684276920939998, 0.012184476148678243, 0.0], "k_pid_vsp": [110.10118272901548, 133.90483971769834, 7.618844835147381]}, "datetime": {"datetime": "2025-08-11 22:22:54", "elapsed": 21453.406017303467, "delta": 18.247095346450806}, "costs": {"total_cost": 186.75743299073793, "time_cost": 73.017, "final_distance_cost": 1.8138706415933545, "oscillation_cost": 25.146427415006425, "completition_cost": 0.0, "overshoot_cost": 50.956605266718256, "power_cost": 14.639856689453126, "noise_cost": 21.183672977966765, "n_waypoints_completed": 9, "tot_waypoints": 9}}
{"target": -183.6213931813839, "params": {"k_pid_pos": [0.5239723827902364, 0.009173641563342246, 0.0006593420434783508], "k_pid_alt": [1.6133526503462423, 0.004842033525676782, 0.017408376772825997], "k_pid_att": [58.96433466159696, 0.24587870446656654, 1.0], "k_pid_yaw": [0.5, 1e-06, 0.1], "k_pid_hsp": [0.07900430276763523, 0.010377918767334944, 0.0], "k_pid_vsp": [100.11429740841152, 88.32053079689904, 4.892666469947888]}, "datetime": {"datetime": "2025-08-11 22:23:13", "elapsed": 21472.47853922844, "delta": 19.072521924972534}, "costs": {"total_cost": 183.6213931813839, "time_cost": 73.703, "final_distance_cost": 1.8078953596050564, "oscillation_cost": 20.047795947458734, "completition_cost": 0.0, "overshoot_cost": 51.53791468544058, "power_cost": 14.456276318359375, "noise_cost": 22.068510870520118, "n_waypoints_completed": 9, "tot_waypoints": 9}}
{"target": -185.6514172476019, "params": {"k_pid_pos": [0.6029721318679769, 0.008610275882501425, 0.0010947650227355694], "k_pid_alt": [1.2001424621430523, 0.004342980940646689, 0.029834114410182588], "k_pid_att": [42.16296276582534, 0.5529249814571486, 0.7847642288297206], "k_pid_yaw": [0.5, 1e-06, 0.1], "k_pid_hsp": [0.17532976009217302, 0.01212301849962335, 0.0], "k_pid_vsp": [111.04403276944562, 157.57465577715323, 2.3039157592883925]}, "datetime": {"datetime": "2025-08-11 22:23:31", "elapsed": 21491.00331735611, "delta": 18.524778127670288}, "costs": {"total_cost": 185.6514172476019, "time_cost": 71.862, "final_distance_cost": 1.8397794163354202, "oscillation_cost": 25.44882739790666, "completition_cost": 0.0, "overshoot_cost": 50.470093301575844, "power_cost": 14.430153039550781, "noise_cost": 21.600564092233203, "n_waypoints_completed": 9, "tot_waypoints": 9}}
{"target": -188.2923173217456, "params": {"k_pid_pos": [0.39437113820221176, 0.010642866096978608, 0.0010254369208893257], "k_pid_alt": [1.6248566606170953, 0.0034213394916224027, 0.014040360246856483], "k_pid_att": [46.60699072939965, 0.3264860523720524, 1.0], "k_pid_yaw": [0.5, 1e-06, 0.1], "k_pid_hsp": [0.09844368947868824, 0.012524861034654161, 0.0], "k_pid_vsp": [47.74640722797604, 106.28414848510916, 8.519342112260611]}, "datetime": {"datetime": "2025-08-11 22:23:50", "elapsed": 21510.063320159912, "delta": 19.06000280380249}, "costs": {"total_cost": 188.2923173217456, "time_cost": 76.482, "final_distance_cost": 1.8547268609541974, "oscillation_cost": 19.183589780787607, "completition_cost": 0.0, "overshoot_cost": 51.71026563812269, "power_cost": 15.788473474121094, "noise_cost": 23.27326156776, "n_waypoints_completed": 9, "tot_waypoints": 9}}
{"target": -183.29768672971394, "params": {"k_pid_pos": [0.5276551931063685, 0.004704823219180725, 0.0009954468862474026], "k_pid_alt": [1.3004856939932858, 0.002382849114918678, 0.019173294237791492], "k_pid_att": [52.993961392022236, 0.45676266114186914, 1.0], "k_pid_yaw": [0.5, 1e-06, 0.1], "k_pid_hsp": [0.09670559009731478, 0.020202150623910693, 0.0], "k_pid_vsp": [116.24897401688118, 116.22518566626978, 6.418704814996794]}, "datetime": {"datetime": "2025-08-11 22:24:09", "elapsed": 21528.720304489136, "delta": 18.656984329223633}, "costs": {"total_cost": 183.29768672971394, "time_cost": 72.527, "final_distance_cost": 1.8509141644307383, "oscillation_cost": 22.643441165996677, "completition_cost": 0.0, "overshoot_cost": 50.18119326046039, "power_cost": 14.357642639160156, "noise_cost": 21.73749549966598, "n_waypoints_completed": 9, "tot_waypoints": 9}}
{"target": -190.34007924484604, "params": {"k_pid_pos": [0.38469001817859594, 0.008489310446722338, 0.0010135811132946468], "k_pid_alt": [1.941448645026475, 0.004387008263240121, 0.027771754626273838], "k_pid_att": [34.77946540497172, 0.2466726422451985, 1.0], "k_pid_yaw": [0.5, 1e-06, 0.1], "k_pid_hsp": [0.06012020020845748, 0.010492344611034316, 0.0], "k_pid_vsp": [94.68407476071486, 122.497902898839, 7.885857262536294]}, "datetime": {"datetime": "2025-08-11 22:24:29", "elapsed": 21549.1084420681, "delta": 20.388137578964233}, "costs": {"total_cost": 190.34007924484604, "time_cost": 79.793, "final_distance_cost": 1.8207456242345361, "oscillation_cost": 15.421702332693481, "completition_cost": 0.0, "overshoot_cost": 53.9816834983849, "power_cost": 15.289645251464844, "noise_cost": 24.033302538068288, "n_waypoints_completed": 9, "tot_waypoints": 9}}
