{"target": -189.65303288902254, "params": {"k_pid_pos": [0.5493642724819822, 0.012875983211383146, 0.0006426778402074979], "k_pid_alt": [1.0491598842500567, 0.004549748763808669, 0.025986384905266658], "k_pid_att": [35.754719908165654, 0.2356433659191637, 1.0], "k_pid_yaw": [0.5, 1e-06, 0.1], "k_pid_hsp": [0.14214419139665627, 0.00894198811316024, 0.0], "k_pid_vsp": [0.0, 164.59824452073983, 6.562198270320496]}, "datetime": {"datetime": "2025-08-11 21:34:44", "elapsed": 18563.992557764053, "delta": 17.49754810333252}, "costs": {"total_cost": 189.65303288902254, "time_cost": 71.547, "final_distance_cost": 1.836739907381909, "oscillation_cost": 30.39592168368791, "completition_cost": 0.0, "overshoot_cost": 50.597106756311, "power_cost": 18.17554326171875, "noise_cost": 17.10072127992296, "n_waypoints_completed": 9, "tot_waypoints": 9}}
{"target": -187.15229687719506, "params": {"k_pid_pos": [0.4337050465557793, 0.007167987036518939, 0.0005565084448038087], "k_pid_alt": [1.0921567233733727, 0.004686214241548054, 0.0032921508745154308], "k_pid_att": [22.483441700225722, 0.19987681450706138, 0.913329557083017], "k_pid_yaw": [0.5, 1e-06, 0.1], "k_pid_hsp": [0.06384919961748393, 0.008248958946139062, 0.0], "k_pid_vsp": [59.767513641808726, 128.8128402907921, 4.273117958668522]}, "datetime": {"datetime": "2025-08-11 21:35:04", "elapsed": 18583.38734984398, "delta": 19.394792079925537}, "costs": {"total_cost": 187.15229687719506, "time_cost": 77.812, "final_distance_cost": 1.8093572124582886, "oscillation_cost": 16.299389160414535, "completition_cost": 0.0, "overshoot_cost": 53.15432936088317, "power_cost": 14.912314440917969, "noise_cost": 23.164906702521083, "n_waypoints_completed": 9, "tot_waypoints": 9}}
{"target": -183.04342224235225, "params": {"k_pid_pos": [0.7806876268355639, 0.010896093963952363, 0.0008001892246392268], "k_pid_alt": [1.5691143095506002, 0.0076005483646597255, 0.026671367086433095], "k_pid_att": [42.351897562570976, 0.30162884275383023, 0.8095099579748434], "k_pid_yaw": [0.5, 1e-06, 0.1], "k_pid_hsp": [0.11584894509685179, 0.0137342966760168, 0.0], "k_pid_vsp": [103.17098771464451, 134.96919559141767, 4.711588873723759]}, "datetime": {"datetime": "2025-08-11 21:35:21", "elapsed": 18600.7969288826, "delta": 17.409579038619995}, "costs": {"total_cost": 183.04342224235225, "time_cost": 69.86, "final_distance_cost": 1.8221172009686522, "oscillation_cost": 25.959734282345995, "completition_cost": 0.0, "overshoot_cost": 50.54460130770877, "power_cost": 14.215039001464845, "noise_cost": 20.641930449864002, "n_waypoints_completed": 9, "tot_waypoints": 9}}
{"target": -188.44322611931617, "params": {"k_pid_pos": [0.5848110972858535, 0.0063598039950854045, 0.00035753328722870235], "k_pid_alt": [1.7517530396269507, 0.003739000770624083, 0.0336821220754514], "k_pid_att": [59.933522578228555, 0.3151536072682782, 0.9679486914999552], "k_pid_yaw": [0.5, 1e-06, 0.1], "k_pid_hsp": [0.15924441641625045, 0.008849002188188489, 0.0], "k_pid_vsp": [111.84049277059682, 5.402590010854041, 6.332930330264095]}, "datetime": {"datetime": "2025-08-11 21:35:39", "elapsed": 18619.12956404686, "delta": 18.332635164260864}, "costs": {"total_cost": 188.44322611931617, "time_cost": 73.311, "final_distance_cost": 1.836538878206974, "oscillation_cost": 24.004270297622487, "completition_cost": 0.0, "overshoot_cost": 52.36784620898928, "power_cost": 14.454409484863282, "noise_cost": 22.46916124963414, "n_waypoints_completed": 9, "tot_waypoints": 9}}
{"target": -183.45938978370526, "params": {"k_pid_pos": [0.6370399746562937, 0.009231296651091604, 0.00022909786584619207], "k_pid_alt": [1.321674217564913, 0.007353934846011437, 0.02083225972305738], "k_pid_att": [43.696774160857494, 0.43171923927404343, 1.0], "k_pid_yaw": [0.5, 1e-06, 0.1], "k_pid_hsp": [0.08803721887139138, 0.014148434402920318, 0.0], "k_pid_vsp": [60.155426454607834, 203.5167812802437, 3.1639931801164405]}, "datetime": {"datetime": "2025-08-11 21:35:57", "elapsed": 18636.937326431274, "delta": 17.807762384414673}, "costs": {"total_cost": 183.45938978370526, "time_cost": 72.051, "final_distance_cost": 1.8166104230587932, "oscillation_cost": 23.47111330973899, "completition_cost": 0.0, "overshoot_cost": 50.472155959656284, "power_cost": 14.664118823242188, "noise_cost": 20.98439126800902, "n_waypoints_completed": 9, "tot_waypoints": 9}}
{"target": -216.59836140367878, "params": {"k_pid_pos": [0.29767818957544795, 0.008413955949220436, 0.00011485672653821652], "k_pid_alt": [1.0537451415111627, 0.0, 0.04254205235698727], "k_pid_att": [30.852474306144156, 0.33578374284774354, 1.0], "k_pid_yaw": [0.5, 1e-06, 0.1], "k_pid_hsp": [0.16171353781327538, 0.01429117973128352, 0.0], "k_pid_vsp": [92.8760994825451, 98.84410691248384, 7.225464671950912]}, "datetime": {"datetime": "2025-08-11 21:36:21", "elapsed": 18660.849035978317, "delta": 23.911709547042847}, "costs": {"total_cost": 216.59836140367878, "time_cost": 93.786, "final_distance_cost": 1.8630093820838547, "oscillation_cost": 19.045451243201267, "completition_cost": 0.0, "overshoot_cost": 53.12037111449763, "power_cost": 17.66884595947266, "noise_cost": 31.11468370442336, "n_waypoints_completed": 9, "tot_waypoints": 9}}
{"target": -182.19078196091584, "params": {"k_pid_pos": [0.5830888282751263, 0.0002844796349768461, 0.0006930208279306427], "k_pid_alt": [1.0050244704653306, 0.006760275657025379, 0.02942383932221876], "k_pid_att": [57.38168439347385, 0.3386127606087243, 0.6794133335733953], "k_pid_yaw": [0.5, 1e-06, 0.1], "k_pid_hsp": [0.10403890925469306, 0.0062599047202598025, 0.0], "k_pid_vsp": [142.65352934614438, 120.36220913085133, 3.128087688151903]}, "datetime": {"datetime": "2025-08-11 21:36:39", "elapsed": 18678.504551410675, "delta": 17.655515432357788}, "costs": {"total_cost": 182.19078196091584, "time_cost": 71.918, "final_distance_cost": 1.8153160452897885, "oscillation_cost": 21.72635287916218, "completition_cost": 0.0, "overshoot_cost": 51.27792610363878, "power_cost": 14.16857010498047, "noise_cost": 21.28461682784463, "n_waypoints_completed": 9, "tot_waypoints": 9}}
{"target": -186.78828427177282, "params": {"k_pid_pos": [0.8336745560433951, 0.007116977709256894, 0.0006472344788482806], "k_pid_alt": [1.260841587859745, 0.006214003827870319, 0.02989188958274383], "k_pid_att": [54.96199361442745, 0.319008525366467, 1.0], "k_pid_yaw": [0.5, 1e-06, 0.1], "k_pid_hsp": [0.08266086404492554, 0.016166909140854432, 0.0], "k_pid_vsp": [56.60356408810319, 59.282037033353, 8.594162849826274]}, "datetime": {"datetime": "2025-08-11 21:36:57", "elapsed": 18696.599596738815, "delta": 18.09504532814026}, "costs": {"total_cost": 186.78828427177282, "time_cost": 71.869, "final_distance_cost": 1.796349528215692, "oscillation_cost": 26.60665802849341, "completition_cost": 0.0, "overshoot_cost": 50.98344068579308, "power_cost": 14.911836914062501, "noise_cost": 20.620999115208154, "n_waypoints_completed": 9, "tot_waypoints": 9}}
{"target": -182.4721771868002, "params": {"k_pid_pos": [0.5964358601299449, 0.010352023542941688, 0.00046428754804605496], "k_pid_alt": [1.1589113052611337, 0.007429094475911227, 0.02882336099084926], "k_pid_att": [53.41607358633854, 0.34626052921057066, 1.0], "k_pid_yaw": [0.5, 1e-06, 0.1], "k_pid_hsp": [0.12353362950590695, 0.006843101815503748, 0.0], "k_pid_vsp": [71.65663194061624, 139.29949325472913, 6.7760274506596625]}, "datetime": {"datetime": "2025-08-11 21:37:15", "elapsed": 18714.45331430435, "delta": 17.8537175655365}, "costs": {"total_cost": 182.4721771868002, "time_cost": 71.316, "final_distance_cost": 1.8272558173816202, "oscillation_cost": 23.505977649577257, "completition_cost": 0.0, "overshoot_cost": 50.36892711873231, "power_cost": 14.156496899414064, "noise_cost": 21.297519701694938, "n_waypoints_completed": 9, "tot_waypoints": 9}}
{"target": -186.3406238995157, "params": {"k_pid_pos": [0.644608798253274, 0.0090116784041493, 0.00029239379638632907], "k_pid_alt": [1.8003655068603157, 0.007459715222083884, 0.03228213390162741], "k_pid_att": [25.775511364558042, 0.2926982953977307, 1.0], "k_pid_yaw": [0.5, 1e-06, 0.1], "k_pid_hsp": [0.0658555363352541, 0.014282560128022521, 0.0], "k_pid_vsp": [82.00863913175527, 67.51303863803719, 5.307632046293539]}, "datetime": {"datetime": "2025-08-11 21:37:33", "elapsed": 18732.68450498581, "delta": 18.23119068145752}, "costs": {"total_cost": 186.3406238995157, "time_cost": 73.682, "final_distance_cost": 1.8111128338193647, "oscillation_cost": 22.358257897217506, "completition_cost": 0.0, "overshoot_cost": 52.168205443744256, "power_cost": 14.5168220703125, "noise_cost": 21.804225654422076, "n_waypoints_completed": 9, "tot_waypoints": 9}}
{"target": -193.61443834273268, "params": {"k_pid_pos": [0.42182493590018993, 0.0057063509311578815, 0.0007510125810978547], "k_pid_alt": [1.2198381236709048, 0.006253289329224085, 0.009720139771419225], "k_pid_att": [25.007343872062346, 0.4024337848309749, 0.9282068149741846], "k_pid_yaw": [0.5, 1e-06, 0.1], "k_pid_hsp": [0.13206262081212272, 0.01548491610978034, 0.0], "k_pid_vsp": [128.1876874584679, 113.20597345949984, 9.56610185679285]}, "datetime": {"datetime": "2025-08-11 21:37:53", "elapsed": 18752.835870742798, "delta": 20.151365756988525}, "costs": {"total_cost": 193.61443834273268, "time_cost": 78.127, "final_distance_cost": 1.8620792591285142, "oscillation_cost": 21.58708798679001, "completition_cost": 0.0, "overshoot_cost": 51.37696651070233, "power_cost": 19.512758703613283, "noise_cost": 21.148545882498567, "n_waypoints_completed": 9, "tot_waypoints": 9}}
{"target": -188.9716231009136, "params": {"k_pid_pos": [0.691101247388373, 0.010134054299175828, 0.0006185236447357867], "k_pid_alt": [1.8126091020671657, 0.003231792778872503, 0.016204022765298805], "k_pid_att": [42.00854971876192, 0.3172580517116366, 0.791147953555322], "k_pid_yaw": [0.5, 1e-06, 0.1], "k_pid_hsp": [0.058078630313614675, 0.010029713932480956, 0.0], "k_pid_vsp": [70.74629347455759, 135.42861428080053, 5.42571044425829]}, "datetime": {"datetime": "2025-08-11 21:38:12", "elapsed": 18771.63071680069, "delta": 18.794846057891846}, "costs": {"total_cost": 188.9716231009136, "time_cost": 75.089, "final_distance_cost": 1.7800577664185824, "oscillation_cost": 21.86051568828897, "completition_cost": 0.0, "overshoot_cost": 53.126818051962694, "power_cost": 14.82346923828125, "noise_cost": 22.291762355962096, "n_waypoints_completed": 9, "tot_waypoints": 9}}
{"target": -183.96133744403244, "params": {"k_pid_pos": [0.5871138424104559, 0.00843499178296654, 0.000628916927912709], "k_pid_alt": [0.8803535482795257, 0.0032546611651332485, 0.03060418894771343], "k_pid_att": [41.66458301886615, 0.11437759859148085, 1.0], "k_pid_yaw": [0.5, 1e-06, 0.1], "k_pid_hsp": [0.09940523787218973, 0.015585473836545127, 0.0], "k_pid_vsp": [81.2103502945723, 80.51038540228, 10.28256525549273]}, "datetime": {"datetime": "2025-08-11 21:38:30", "elapsed": 18789.617780208588, "delta": 17.98706340789795}, "costs": {"total_cost": 183.96133744403244, "time_cost": 72.352, "final_distance_cost": 1.8300609126402632, "oscillation_cost": 23.206186384061333, "completition_cost": 0.0, "overshoot_cost": 50.464935158354564, "power_cost": 18.105146997070314, "noise_cost": 18.00300799190597, "n_waypoints_completed": 9, "tot_waypoints": 9}}
{"target": -183.27134350019497, "params": {"k_pid_pos": [0.5519612504878251, 0.008176109350943558, 0.00046530635662619593], "k_pid_alt": [1.1389364015506345, 0.0070672981860372625, 0.013452384984982623], "k_pid_att": [10.668141101394435, 0.3244056382268015, 0.6439078769269077], "k_pid_yaw": [0.5, 1e-06, 0.1], "k_pid_hsp": [0.12480016389117134, 0.013469112943742902, 0.0], "k_pid_vsp": [95.57273946426115, 115.82900408477308, 5.447410261043519]}, "datetime": {"datetime": "2025-08-11 21:38:48", "elapsed": 18807.73123383522, "delta": 18.11345362663269}, "costs": {"total_cost": 183.27134350019497, "time_cost": 72.065, "final_distance_cost": 1.8393614040109738, "oscillation_cost": 22.94402647036118, "completition_cost": 0.0, "overshoot_cost": 50.591334009260116, "power_cost": 14.253261437988282, "noise_cost": 21.578360178574425, "n_waypoints_completed": 9, "tot_waypoints": 9}}
{"target": -232.07662365306334, "params": {"k_pid_pos": [0.8106930165708818, 0.007704656268862544, 0.0004883342981162846], "k_pid_alt": [0.22262527485138217, 0.006068677114829363, 0.03268168443737137], "k_pid_att": [27.312972854278456, 0.21020759115147625, 0.7941803839073117], "k_pid_yaw": [0.5, 1e-06, 0.1], "k_pid_hsp": [0.10081410645097032, 0.00864046784647395, 0.0], "k_pid_vsp": [78.91516304701757, 108.04038139967145, 9.45738175620072]}, "datetime": {"datetime": "2025-08-11 21:39:13", "elapsed": 18833.17110657692, "delta": 25.43987274169922}, "costs": {"total_cost": 232.07662365306334, "time_cost": 99.68, "final_distance_cost": 1.854144116660822, "oscillation_cost": 28.27649840280435, "completition_cost": 0.0, "overshoot_cost": 53.617989950251214, "power_cost": 24.43585975341797, "noise_cost": 24.212131429929016, "n_waypoints_completed": 9, "tot_waypoints": 9}}
{"target": -182.4504399563892, "params": {"k_pid_pos": [0.47477002625050774, 0.007605648992821561, 0.0009266348312461059], "k_pid_alt": [1.2303612175285465, 0.004767066923540702, 0.02740107896829297], "k_pid_att": [26.733805796364233, 0.2137972026308019, 0.9753601488008945], "k_pid_yaw": [0.5, 1e-06, 0.1], "k_pid_hsp": [0.08444848162680997, 0.01189404980004125, 0.0], "k_pid_vsp": [61.21025779003361, 126.6684232596411, 7.428299428709306]}, "datetime": {"datetime": "2025-08-11 21:39:32", "elapsed": 18851.465799331665, "delta": 18.294692754745483}, "costs": {"total_cost": 182.4504399563892, "time_cost": 73.381, "final_distance_cost": 1.839752335762125, "oscillation_cost": 19.564527348004738, "completition_cost": 0.0, "overshoot_cost": 51.407590854749, "power_cost": 14.325002392578126, "noise_cost": 21.932567025295214, "n_waypoints_completed": 9, "tot_waypoints": 9}}
{"target": -192.976809942638, "params": {"k_pid_pos": [1.0514013654394831, 0.003546116577652482, 0.000741132059218922], "k_pid_alt": [1.5735951025459112, 0.0057230662751526626, 0.031206074263479794], "k_pid_att": [31.271370116649564, 0.3341547113034311, 0.887858515298736], "k_pid_yaw": [0.5, 1e-06, 0.1], "k_pid_hsp": [0.07458637720056205, 0.01850287741871385, 0.0], "k_pid_vsp": [40.8963561195295, 112.38535816908488, 7.866290964890581]}, "datetime": {"datetime": "2025-08-11 21:39:50", "elapsed": 18869.453982830048, "delta": 17.98818349838257}, "costs": {"total_cost": 192.976809942638, "time_cost": 72.443, "final_distance_cost": 1.7651795913189972, "oscillation_cost": 31.219117449903422, "completition_cost": 0.0, "overshoot_cost": 51.25163357705546, "power_cost": 15.095981848144532, "noise_cost": 21.201897476215567, "n_waypoints_completed": 9, "tot_waypoints": 9}}
{"target": -187.82004642153998, "params": {"k_pid_pos": [0.8185793198631398, 0.009452043829520728, 0.00032800515612126433], "k_pid_alt": [1.101118984864339, 0.005876984185272435, 0.026276229049083947], "k_pid_att": [60.2726011166718, 0.3102426805154032, 0.681939546056164], "k_pid_yaw": [0.5, 1e-06, 0.1], "k_pid_hsp": [0.07309976930256497, 0.013050316052434098, 0.0], "k_pid_vsp": [49.832854874328, 97.43041937902406, 0.33757366784410286]}, "datetime": {"datetime": "2025-08-11 21:40:08", "elapsed": 18887.50579237938, "delta": 18.051809549331665}, "costs": {"total_cost": 187.82004642153998, "time_cost": 73.143, "final_distance_cost": 1.7832044143641597, "oscillation_cost": 25.95693647479433, "completition_cost": 0.0, "overshoot_cost": 51.14505241331901, "power_cost": 14.638893103027344, "noise_cost": 21.152960016035124, "n_waypoints_completed": 9, "tot_waypoints": 9}}
{"target": -182.92083153871343, "params": {"k_pid_pos": [0.7968632397689047, 0.004098476446653968, 0.0005952625917617739], "k_pid_alt": [1.4802708743897712, 0.005582010064444806, 0.03298402945308369], "k_pid_att": [42.46462930012242, 0.29664591035393867, 0.7137083320787742], "k_pid_yaw": [0.5, 1e-06, 0.1], "k_pid_hsp": [0.11589364361687828, 0.011912939023908506, 0.0], "k_pid_vsp": [95.09448826898051, 115.72519254795593, 5.776541096908837]}, "datetime": {"datetime": "2025-08-11 21:40:26", "elapsed": 18905.368547201157, "delta": 17.862754821777344}, "costs": {"total_cost": 182.92083153871343, "time_cost": 69.727, "final_distance_cost": 1.8132400399102009, "oscillation_cost": 25.898862913239853, "completition_cost": 0.0, "overshoot_cost": 50.70784235113371, "power_cost": 14.194929064941407, "noise_cost": 20.578957169488227, "n_waypoints_completed": 9, "tot_waypoints": 9}}
{"target": -228.08693029435335, "params": {"k_pid_pos": [0.285046170688032, 0.0031580866572285204, 0.0005950534816769065], "k_pid_alt": [1.4066958759282697, 0.006669669730754644, 0.03233305225522936], "k_pid_att": [1.2482082482216061, 0.29249438879318107, 1.0], "k_pid_yaw": [0.5, 1e-06, 0.1], "k_pid_hsp": [0.10052281216410748, 0.010683683405922142, 0.0], "k_pid_vsp": [37.04227883345536, 103.41942731349836, 7.497205729101559]}, "datetime": {"datetime": "2025-08-11 21:40:50", "elapsed": 18930.236382961273, "delta": 24.867835760116577}, "costs": {"total_cost": 228.08693029435335, "time_cost": 101.171, "final_distance_cost": 1.8641660678697596, "oscillation_cost": 14.01027676228136, "completition_cost": 0.0, "overshoot_cost": 56.79759608215651, "power_cost": 18.874723168945312, "noise_cost": 35.369168213100416, "n_waypoints_completed": 9, "tot_waypoints": 9}}
{"target": -188.30092361056003, "params": {"k_pid_pos": [0.43668791051880956, 0.004717441184644408, 0.000302502829955721], "k_pid_alt": [0.6219537878904741, 0.005770751495393551, 0.026234439511111516], "k_pid_att": [25.940534366352583, 0.35941457650674996, 1.0], "k_pid_yaw": [0.5, 1e-06, 0.1], "k_pid_hsp": [0.10126870455312996, 0.010252686229793714, 0.0], "k_pid_vsp": [84.96725194381482, 133.77963534423668, 5.5147270822857095]}, "datetime": {"datetime": "2025-08-11 21:41:11", "elapsed": 18950.570625782013, "delta": 20.334242820739746}, "costs": {"total_cost": 188.30092361056003, "time_cost": 77.686, "final_distance_cost": 1.8423853174851825, "oscillation_cost": 19.677749140112336, "completition_cost": 0.0, "overshoot_cost": 51.22099972950233, "power_cost": 14.958617492675781, "noise_cost": 22.915171930784386, "n_waypoints_completed": 9, "tot_waypoints": 9}}
{"target": -211.5448072078027, "params": {"k_pid_pos": [1.0131581817504445, 0.005828179291476932, 0.0007881649647487125], "k_pid_alt": [0.43354687519813223, 0.0035395261562574006, 0.03145223795683929], "k_pid_att": [22.489065391802324, 0.24530485339625954, 0.8999595032926134], "k_pid_yaw": [0.5, 1e-06, 0.1], "k_pid_hsp": [0.061034651150368456, 0.01280459656264007, 0.0], "k_pid_vsp": [117.0088498048854, 63.89739958326523, 4.947448510891353]}, "datetime": {"datetime": "2025-08-11 21:41:32", "elapsed": 18971.70663022995, "delta": 21.13600444793701}, "costs": {"total_cost": 211.5448072078027, "time_cost": 85.295, "final_distance_cost": 1.8493245030164693, "oscillation_cost": 30.19582888177514, "completition_cost": 0.0, "overshoot_cost": 53.131444503242456, "power_cost": 16.759220434570313, "noise_cost": 24.3139888851983, "n_waypoints_completed": 9, "tot_waypoints": 9}}
{"target": -453.07610821371054, "params": {"k_pid_pos": [0.7881246342684441, 0.007015799146723872, 0.0005182481262198049], "k_pid_alt": [1.018715097279985, 0.005522828339236186, 0.03835199018082997], "k_pid_att": [33.56869321318463, 0.33962055308933703, 0.8316781025452827], "k_pid_yaw": [0.5, 1e-06, 0.1], "k_pid_hsp": [0.028531094906554293, 0.014425558798312822, 0.0], "k_pid_vsp": [75.44868164086937, 155.74430528552332, 8.997830003033386]}, "datetime": {"datetime": "2025-08-11 21:42:02", "elapsed": 19001.454112291336, "delta": 29.74748206138611}, "costs": {"total_cost": 453.07610821371054, "time_cost": 150, "final_distance_cost": 57.222512265848806, "oscillation_cost": 22.882778817783194, "completition_cost": 111.11111111111116, "overshoot_cost": 55.31071561307672, "power_cost": 28.946153039550783, "noise_cost": 27.602837366339884, "n_waypoints_completed": 8, "tot_waypoints": 9}}
{"target": -233.79834855774723, "params": {"k_pid_pos": [0.811490179280267, 0.010110962616793548, 0.0007196739729814312], "k_pid_alt": [1.3327199370909757, 0.004274237201740212, 0.021744520799468803], "k_pid_att": [26.36452451081226, 0.5596790838339056, 0.9733763935085804], "k_pid_yaw": [0.5, 1e-06, 0.1], "k_pid_hsp": [0.044313672866017804, 0.010116893905512831, 0.0], "k_pid_vsp": [92.45530649422189, 113.01674012818762, 4.710096869076568]}, "datetime": {"datetime": "2025-08-11 21:42:27", "elapsed": 19026.912485599518, "delta": 25.458373308181763}, "costs": {"total_cost": 233.79834855774723, "time_cost": 102.86500000000001, "final_distance_cost": 1.7475780920234527, "oscillation_cost": 24.167463867807676, "completition_cost": 0.0, "overshoot_cost": 55.64499163274028, "power_cost": 19.673211157226564, "noise_cost": 29.700103807949272, "n_waypoints_completed": 9, "tot_waypoints": 9}}
{"target": -186.0525830975869, "params": {"k_pid_pos": [0.4700909302794723, 0.009503270655396242, 0.0005933749189755761], "k_pid_alt": [1.100673630482781, 0.005954021395143581, 0.034386363703233135], "k_pid_att": [38.98239039211294, 0.14128464931452805, 1.0], "k_pid_yaw": [0.5, 1e-06, 0.1], "k_pid_hsp": [0.06899666622691093, 0.011605618109021214, 0.0], "k_pid_vsp": [97.45766122387641, 105.05846669648258, 8.782183611398944]}, "datetime": {"datetime": "2025-08-11 21:42:46", "elapsed": 19046.14848136902, "delta": 19.235995769500732}, "costs": {"total_cost": 186.0525830975869, "time_cost": 76.006, "final_distance_cost": 1.8135940404874105, "oscillation_cost": 18.518011712014566, "completition_cost": 0.0, "overshoot_cost": 52.004258983386464, "power_cost": 16.796597314453127, "noise_cost": 20.91412104724531, "n_waypoints_completed": 9, "tot_waypoints": 9}}
