{"target": -181.96944010074486, "params": {"k_pid_pos": [0.48622682741924156, 0.006776460187934326, 0.0008926364059132339], "k_pid_alt": [1.1400412028914089, 0.003764908765075158, 0.015988651691657984], "k_pid_att": [13.482944168790665, 0.4813220866638886, 0.7850963276834624], "k_pid_yaw": [0.5, 1e-06, 0.1], "k_pid_hsp": [0.08460494342694876, 0.009371473546098031, 0.0], "k_pid_vsp": [80.22586605251126, 119.55081981749386, 4.641511236649432]}, "datetime": {"datetime": "2025-08-12 00:24:42", "elapsed": 28762.237102985382, "delta": 17.63707399368286}, "costs": {"total_cost": 181.96944010074486, "time_cost": 73.381, "final_distance_cost": 1.830158250614723, "oscillation_cost": 19.28292499810816, "completition_cost": 0.0, "overshoot_cost": 51.24167085197993, "power_cost": 14.316341516113281, "noise_cost": 21.917344483928744, "n_waypoints_completed": 9, "tot_waypoints": 9}}
{"target": -181.7284674089417, "params": {"k_pid_pos": [0.6640712558072992, 0.00669345182469887, 0.0007553023900292404], "k_pid_alt": [1.2534423192438118, 0.0029697139008413426, 0.01715383398605044], "k_pid_att": [22.538140730082006, 0.3632304441387492, 0.7404739117281453], "k_pid_yaw": [0.5, 1e-06, 0.1], "k_pid_hsp": [0.11257811804316094, 0.00947112941515145, 0.0], "k_pid_vsp": [98.9454408137487, 116.60038341613051, 3.932232222571379]}, "datetime": {"datetime": "2025-08-12 00:25:00", "elapsed": 28779.5451233387, "delta": 17.30802035331726}, "costs": {"total_cost": 181.7284674089417, "time_cost": 70.483, "final_distance_cost": 1.808498098796612, "oscillation_cost": 23.76534825533791, "completition_cost": 0.0, "overshoot_cost": 50.63679868023873, "power_cost": 14.174867016601564, "noise_cost": 20.859955357966882, "n_waypoints_completed": 9, "tot_waypoints": 9}}
{"target": -253.81204820120033, "params": {"k_pid_pos": [0.7486545597976435, 0.006871394754810359, 0.001066879886698311], "k_pid_alt": [1.4593042815550377, 0.004650204306296688, 0.014499583208254377], "k_pid_att": [18.23425507627539, 0.320316812856223, 0.9665393618156376], "k_pid_yaw": [0.5, 1e-06, 0.1], "k_pid_hsp": [0.03980036036889032, 0.010816077965940023, 0.0], "k_pid_vsp": [106.48221158550955, 108.76829680878734, 8.267870638460721]}, "datetime": {"datetime": "2025-08-12 00:25:29", "elapsed": 28809.206557512283, "delta": 29.661434173583984}, "costs": {"total_cost": 253.81204820120033, "time_cost": 116.676, "final_distance_cost": 1.7810815929907653, "oscillation_cost": 23.00231121657259, "completition_cost": 0.0, "overshoot_cost": 56.70257785308057, "power_cost": 22.617011206054688, "noise_cost": 33.03306633250173, "n_waypoints_completed": 9, "tot_waypoints": 9}}
{"target": -182.93939795100667, "params": {"k_pid_pos": [0.5559595115823697, 0.004649719320530786, 0.0008140546825877105], "k_pid_alt": [0.8014540351620844, 0.0065343017082827625, 0.0071070529537632385], "k_pid_att": [39.460031410538555, 0.39741791941900306, 1.0], "k_pid_yaw": [0.5, 1e-06, 0.1], "k_pid_hsp": [0.10182869031089632, 0.0058818745725964195, 0.0], "k_pid_vsp": [96.55439781849422, 126.5175385683799, 4.138321025236443]}, "datetime": {"datetime": "2025-08-12 00:25:47", "elapsed": 28826.669716119766, "delta": 17.46315860748291}, "costs": {"total_cost": 182.93939795100667, "time_cost": 72.95400000000001, "final_distance_cost": 1.815236851730882, "oscillation_cost": 21.409511528874713, "completition_cost": 0.0, "overshoot_cost": 51.02884125439144, "power_cost": 14.23682998046875, "noise_cost": 21.494978335540868, "n_waypoints_completed": 9, "tot_waypoints": 9}}
{"target": -183.84135975725715, "params": {"k_pid_pos": [0.7543452548033733, 0.006120521779500884, 0.0008075656643479612], "k_pid_alt": [1.032925896448133, 0.004771972409045364, 0.0071144751248139355], "k_pid_att": [35.379231031406526, 0.2820320473229174, 1.0], "k_pid_yaw": [0.5, 1e-06, 0.1], "k_pid_hsp": [0.10255436109640097, 0.01290382738847295, 0.0], "k_pid_vsp": [124.2342284168429, 133.39265915629505, 6.209937664098574]}, "datetime": {"datetime": "2025-08-12 00:26:04", "elapsed": 28844.349912643433, "delta": 17.680196523666382}, "costs": {"total_cost": 183.84135975725715, "time_cost": 70.987, "final_distance_cost": 1.7958157510507582, "oscillation_cost": 25.27567525411102, "completition_cost": 0.0, "overshoot_cost": 50.75367919739982, "power_cost": 14.280848461914063, "noise_cost": 20.748341092781494, "n_waypoints_completed": 9, "tot_waypoints": 9}}
{"target": -182.14879751069284, "params": {"k_pid_pos": [0.6985433021406576, 0.005182306065959906, 0.0011738822343359363], "k_pid_alt": [1.786834594886277, 0.0019223302575315968, 0.017970775208086463], "k_pid_att": [35.130012876865585, 0.42061081612281886, 1.0], "k_pid_yaw": [0.5, 1e-06, 0.1], "k_pid_hsp": [0.12951562821920562, 0.01359077362796013, 0.0], "k_pid_vsp": [70.7370011893152, 85.63783757398294, 6.437723762619478]}, "datetime": {"datetime": "2025-08-12 00:26:22", "elapsed": 28861.836854457855, "delta": 17.486941814422607}, "costs": {"total_cost": 182.14879751069284, "time_cost": 70.147, "final_distance_cost": 1.8272706585065184, "oscillation_cost": 24.697750378825972, "completition_cost": 0.0, "overshoot_cost": 50.42085459871698, "power_cost": 14.207951892089845, "noise_cost": 20.84796998255351, "n_waypoints_completed": 9, "tot_waypoints": 9}}
{"target": -182.58496494344547, "params": {"k_pid_pos": [0.46526183100978674, 0.008022896342991725, 0.0009466017133326496], "k_pid_alt": [1.602882604936621, 0.005673631123403286, 0.02258208311596586], "k_pid_att": [34.056922158109735, 0.3376968567806782, 0.9883077489813209], "k_pid_yaw": [0.5, 1e-06, 0.1], "k_pid_hsp": [0.09390844250630988, 0.008097489471690941, 0.0], "k_pid_vsp": [101.35742371983793, 144.1410710444354, 5.076761709301904]}, "datetime": {"datetime": "2025-08-12 00:26:40", "elapsed": 28880.131552934647, "delta": 18.294698476791382}, "costs": {"total_cost": 182.58496494344547, "time_cost": 73.241, "final_distance_cost": 1.8361434452805367, "oscillation_cost": 19.378223088520148, "completition_cost": 0.0, "overshoot_cost": 51.699698437389664, "power_cost": 14.288432727050782, "noise_cost": 22.141467245204364, "n_waypoints_completed": 9, "tot_waypoints": 9}}
{"target": -186.67519160418402, "params": {"k_pid_pos": [0.5880955887945988, 0.005558572586620789, 0.0006776961707973586], "k_pid_alt": [1.3092193961568301, 0.004583543523351107, 0.024549988177481604], "k_pid_att": [22.728687522307414, 0.5748935242209298, 0.9242408308907821], "k_pid_yaw": [0.5, 1e-06, 0.1], "k_pid_hsp": [0.061325944606002554, 0.009952857610107564, 0.0], "k_pid_vsp": [78.81079524128266, 112.0759607098605, 5.308914815731877]}, "datetime": {"datetime": "2025-08-12 00:26:59", "elapsed": 28899.107400655746, "delta": 18.975847721099854}, "costs": {"total_cost": 186.67519160418402, "time_cost": 75.362, "final_distance_cost": 1.8050723724450148, "oscillation_cost": 20.09969281425889, "completition_cost": 0.0, "overshoot_cost": 52.4951572919103, "power_cost": 14.638620483398439, "noise_cost": 22.2746486421714, "n_waypoints_completed": 9, "tot_waypoints": 9}}
{"target": -182.63208911563987, "params": {"k_pid_pos": [0.6580637079120782, 0.006612874532335315, 0.0005063113731749547], "k_pid_alt": [1.4466675083124005, 0.004457047484774781, 0.014999595357225816], "k_pid_att": [33.34476532650715, 0.42594385860321093, 0.9655577054851788], "k_pid_yaw": [0.5, 1e-06, 0.1], "k_pid_hsp": [0.0933885510462454, 0.012875854727203163, 0.0], "k_pid_vsp": [84.50075592173137, 88.07364652658835, 6.82661899313187]}, "datetime": {"datetime": "2025-08-12 00:27:17", "elapsed": 28916.448885679245, "delta": 17.341485023498535}, "costs": {"total_cost": 182.63208911563987, "time_cost": 71.46300000000001, "final_distance_cost": 1.8326296247352103, "oscillation_cost": 23.400763043565185, "completition_cost": 0.0, "overshoot_cost": 50.515112178058445, "power_cost": 14.304218164062501, "noise_cost": 21.116366105218535, "n_waypoints_completed": 9, "tot_waypoints": 9}}
{"target": -181.50446161340233, "params": {"k_pid_pos": [0.5631290577205804, 0.004519393208819059, 0.0005032705880263924], "k_pid_alt": [1.5046523785452355, 0.0038572691742616394, 0.01150343024636815], "k_pid_att": [36.188619898986786, 0.2276375117724896, 1.0], "k_pid_yaw": [0.5, 1e-06, 0.1], "k_pid_hsp": [0.09928782724610508, 0.012568314693602006, 0.0], "k_pid_vsp": [134.22893088195462, 134.28744420281166, 6.743246734841542]}, "datetime": {"datetime": "2025-08-12 00:27:35", "elapsed": 28934.51255631447, "delta": 18.06367063522339}, "costs": {"total_cost": 181.50446161340233, "time_cost": 71.449, "final_distance_cost": 1.8433984294867345, "oscillation_cost": 21.96605456134748, "completition_cost": 0.0, "overshoot_cost": 50.72562117573576, "power_cost": 14.171210607910156, "noise_cost": 21.349176838922208, "n_waypoints_completed": 9, "tot_waypoints": 9}}
{"target": -187.235504401379, "params": {"k_pid_pos": [0.8505823532310423, 0.003504483552683109, 0.000654096425271234], "k_pid_alt": [1.7774851290417448, 0.003479285203405205, 0.0135825912128232], "k_pid_att": [34.64865513451076, 0.3480508855166462, 1.0], "k_pid_yaw": [0.5, 1e-06, 0.1], "k_pid_hsp": [0.07713292586213304, 0.007812093013714233, 0.0], "k_pid_vsp": [74.73762028380668, 106.61418329933616, 5.4642474322238135]}, "datetime": {"datetime": "2025-08-12 00:27:53", "elapsed": 28952.552463531494, "delta": 18.039907217025757}, "costs": {"total_cost": 187.235504401379, "time_cost": 72.506, "final_distance_cost": 1.7963302295430283, "oscillation_cost": 25.21150328035053, "completition_cost": 0.0, "overshoot_cost": 51.81825704018759, "power_cost": 14.567687707519532, "noise_cost": 21.335726143778317, "n_waypoints_completed": 9, "tot_waypoints": 9}}
{"target": -185.68879480913884, "params": {"k_pid_pos": [0.7827821756486393, 0.006028170698725909, 0.0010535727291952858], "k_pid_alt": [1.629120912406189, 0.004872477885989064, 0.011260771001198691], "k_pid_att": [51.21341041173279, 0.2586132126372731, 0.8509983067849446], "k_pid_yaw": [0.5, 1e-06, 0.1], "k_pid_hsp": [0.08153955412917573, 0.011240773222637751, 0.0], "k_pid_vsp": [50.75041412369456, 93.9321566517865, 5.953596759121253]}, "datetime": {"datetime": "2025-08-12 00:28:11", "elapsed": 28970.849581718445, "delta": 18.297118186950684}, "costs": {"total_cost": 185.68879480913884, "time_cost": 71.918, "final_distance_cost": 1.807770938317749, "oscillation_cost": 25.10481463934661, "completition_cost": 0.0, "overshoot_cost": 51.42743654176618, "power_cost": 14.454224548339845, "noise_cost": 20.976548141368465, "n_waypoints_completed": 9, "tot_waypoints": 9}}
{"target": -181.78219989852875, "params": {"k_pid_pos": [0.5997256038953963, 0.0060311292342215515, 0.0005594476334232192], "k_pid_alt": [1.2583657814749107, 0.003715153920928351, 0.01810207051705314], "k_pid_att": [34.13301650453175, 0.33451949522916297, 0.6491763815446516], "k_pid_yaw": [0.5, 1e-06, 0.1], "k_pid_hsp": [0.10456731726215034, 0.009089543339341949, 0.0], "k_pid_vsp": [78.49795321612551, 143.7007396125285, 4.826453663280877]}, "datetime": {"datetime": "2025-08-12 00:28:29", "elapsed": 28988.741720199585, "delta": 17.892138481140137}, "costs": {"total_cost": 181.78219989852875, "time_cost": 71.071, "final_distance_cost": 1.820701458814375, "oscillation_cost": 22.96015469168529, "completition_cost": 0.0, "overshoot_cost": 50.63541400380871, "power_cost": 14.147785791015625, "noise_cost": 21.147143953204775, "n_waypoints_completed": 9, "tot_waypoints": 9}}
{"target": -185.35223837987664, "params": {"k_pid_pos": [0.6516018101175575, 0.004467652665979791, 0.0004904891455668578], "k_pid_alt": [0.7885804813459152, 0.003835018079161468, 0.01585831801207294], "k_pid_att": [51.29849976101187, 0.5398893849468686, 1.0], "k_pid_yaw": [0.5, 1e-06, 0.1], "k_pid_hsp": [0.08896564605302208, 0.013014945291694115, 0.0], "k_pid_vsp": [66.51423073904039, 84.67359976882244, 7.1101958537201355]}, "datetime": {"datetime": "2025-08-12 00:28:48", "elapsed": 29007.505475759506, "delta": 18.763755559921265}, "costs": {"total_cost": 185.35223837987664, "time_cost": 73.633, "final_distance_cost": 1.8229760223865468, "oscillation_cost": 23.554911000562157, "completition_cost": 0.0, "overshoot_cost": 50.620595631004626, "power_cost": 14.44097821044922, "noise_cost": 21.279777515474073, "n_waypoints_completed": 9, "tot_waypoints": 9}}
{"target": -181.97556609815754, "params": {"k_pid_pos": [0.6168324841328775, 0.0065687601743405315, 0.0007906053802242854], "k_pid_alt": [1.355586254845386, 0.004568289053491848, 0.023147265767957347], "k_pid_att": [35.231400914123405, 0.35242864016954717, 1.0], "k_pid_yaw": [0.5, 1e-06, 0.1], "k_pid_hsp": [0.09784582565455814, 0.007753640559300647, 0.0], "k_pid_vsp": [105.68555809248043, 86.59310496574388, 4.651583831510165]}, "datetime": {"datetime": "2025-08-12 00:29:06", "elapsed": 29025.670647382736, "delta": 18.16517162322998}, "costs": {"total_cost": 181.97556609815754, "time_cost": 71.169, "final_distance_cost": 1.819062375097309, "oscillation_cost": 22.31260620255648, "completition_cost": 0.0, "overshoot_cost": 51.42816443933989, "power_cost": 14.106158959960938, "noise_cost": 21.14057412120294, "n_waypoints_completed": 9, "tot_waypoints": 9}}
{"target": -181.96523555401464, "params": {"k_pid_pos": [0.7197819933058259, 0.003156607924816838, 0.0010289653394842328], "k_pid_alt": [1.2895188418817747, 0.005786650914402625, 0.03185391127579736], "k_pid_att": [31.234271672011584, 0.48383267479209674, 1.0], "k_pid_yaw": [0.5, 1e-06, 0.1], "k_pid_hsp": [0.09774824025433111, 0.005824714464355132, 0.0], "k_pid_vsp": [70.22831676363364, 149.03746736218156, 3.2302764102720016]}, "datetime": {"datetime": "2025-08-12 00:29:23", "elapsed": 29042.971672296524, "delta": 17.301024913787842}, "costs": {"total_cost": 181.96523555401464, "time_cost": 70.581, "final_distance_cost": 1.813237223115699, "oscillation_cost": 23.721632888643224, "completition_cost": 0.0, "overshoot_cost": 50.82013732423093, "power_cost": 14.201784875488283, "noise_cost": 20.82744324253652, "n_waypoints_completed": 9, "tot_waypoints": 9}}
{"target": -184.9891930179649, "params": {"k_pid_pos": [0.4740265606095006, 0.006126226642384633, 0.0006716943568937161], "k_pid_alt": [1.0620396849887677, 0.003574645239681163, 0.015023075375844006], "k_pid_att": [20.465702217366534, 0.4310378724835728, 1.0], "k_pid_yaw": [0.5, 1e-06, 0.1], "k_pid_hsp": [0.073796257022811, 0.012744513162362308, 0.0], "k_pid_vsp": [94.66157316497589, 83.75507078302574, 5.093822085463105]}, "datetime": {"datetime": "2025-08-12 00:29:42", "elapsed": 29062.03001523018, "delta": 19.058342933654785}, "costs": {"total_cost": 184.9891930179649, "time_cost": 75.481, "final_distance_cost": 1.8190596411786097, "oscillation_cost": 19.083572536894728, "completition_cost": 0.0, "overshoot_cost": 51.610422627747006, "power_cost": 14.58865164794922, "noise_cost": 22.40648656419535, "n_waypoints_completed": 9, "tot_waypoints": 9}}
{"target": -187.53107600706775, "params": {"k_pid_pos": [0.4342225232968879, 0.0063670535259340725, 0.0006572137451365547], "k_pid_alt": [1.1479063870475976, 0.004040369581101502, 0.02385734124055222], "k_pid_att": [19.213309161041362, 0.34295255464331936, 1.0], "k_pid_yaw": [0.5, 1e-06, 0.1], "k_pid_hsp": [0.12292059015548039, 0.01025819470954051, 0.0], "k_pid_vsp": [93.52747470546835, 101.5430351315037, 5.934001111405206]}, "datetime": {"datetime": "2025-08-12 00:30:01", "elapsed": 29080.674593925476, "delta": 18.64457869529724}, "costs": {"total_cost": 187.53107600706775, "time_cost": 75.768, "final_distance_cost": 1.857656333051235, "oscillation_cost": 20.43365661662357, "completition_cost": 0.0, "overshoot_cost": 51.558273200451026, "power_cost": 14.665104064941406, "noise_cost": 23.24838579200053, "n_waypoints_completed": 9, "tot_waypoints": 9}}
{"target": -181.6740955866048, "params": {"k_pid_pos": [0.5646758427488122, 0.005175987526421726, 0.0008411544240665602], "k_pid_alt": [1.0805446852528082, 0.005068235838807922, 0.02318678369849904], "k_pid_att": [20.104730043574904, 0.3271900300103124, 1.0], "k_pid_yaw": [0.5, 1e-06, 0.1], "k_pid_hsp": [0.09108379143110402, 0.007210944167484694, 0.0], "k_pid_vsp": [103.4059452243575, 104.12632410563204, 4.974231067273961]}, "datetime": {"datetime": "2025-08-12 00:30:19", "elapsed": 29098.644003152847, "delta": 17.969409227371216}, "costs": {"total_cost": 181.6740955866048, "time_cost": 72.184, "final_distance_cost": 1.8322631026141007, "oscillation_cost": 20.80912455568137, "completition_cost": 0.0, "overshoot_cost": 51.23308055446043, "power_cost": 14.166573132324219, "noise_cost": 21.449054241524657, "n_waypoints_completed": 9, "tot_waypoints": 9}}
{"target": -221.894710243863, "params": {"k_pid_pos": [0.29526820565005824, 0.006690690091904958, 0.0009411797514117085], "k_pid_alt": [1.2791398856268243, 0.008496591935193107, 0.019430767379861852], "k_pid_att": [40.142794118652326, 0.227386483371837, 0.8681988909286563], "k_pid_yaw": [0.5, 1e-06, 0.1], "k_pid_hsp": [0.08689856821825404, 0.011098574996058973, 0.0], "k_pid_vsp": [114.02735545152738, 97.71279355891498, 4.04415052620539]}, "datetime": {"datetime": "2025-08-12 00:30:44", "elapsed": 29123.418840408325, "delta": 24.774837255477905}, "costs": {"total_cost": 221.894710243863, "time_cost": 98.077, "final_distance_cost": 1.862616202630418, "oscillation_cost": 15.769705878786514, "completition_cost": 0.0, "overshoot_cost": 53.741177561968925, "power_cost": 18.381704345703128, "noise_cost": 34.062506254774, "n_waypoints_completed": 9, "tot_waypoints": 9}}
{"target": -183.90903122828917, "params": {"k_pid_pos": [0.7797643353765302, 0.007672410988322986, 0.0007256317970919441], "k_pid_alt": [1.445144628698247, 0.004835389216782011, 0.015817852453042062], "k_pid_att": [43.70707644381016, 0.4095572735616601, 0.8322854046763206], "k_pid_yaw": [0.5, 1e-06, 0.1], "k_pid_hsp": [0.130834080547494, 0.013870822303183322, 0.0], "k_pid_vsp": [29.04373344529331, 103.47107754412544, 4.582848563256555]}, "datetime": {"datetime": "2025-08-12 00:31:01", "elapsed": 29141.02021408081, "delta": 17.60137367248535}, "costs": {"total_cost": 183.90903122828917, "time_cost": 69.769, "final_distance_cost": 1.8234565688561877, "oscillation_cost": 27.03977301067245, "completition_cost": 0.0, "overshoot_cost": 50.43771634272077, "power_cost": 14.32407548828125, "noise_cost": 20.51500981775851, "n_waypoints_completed": 9, "tot_waypoints": 9}}
{"target": -182.71927876631034, "params": {"k_pid_pos": [0.488142832490766, 0.005645914763357821, 0.0004428146645679642], "k_pid_alt": [1.4540167250783969, 0.003897421573299151, 0.020099268327815088], "k_pid_att": [50.08782541059558, 0.3738371015720578, 0.9956221989972457], "k_pid_yaw": [0.5, 1e-06, 0.1], "k_pid_hsp": [0.1059349524727999, 0.006081890796488301, 0.0], "k_pid_vsp": [109.0677636043721, 69.25100524140485, 6.340615585766812]}, "datetime": {"datetime": "2025-08-12 00:31:20", "elapsed": 29159.91034579277, "delta": 18.89013171195984}, "costs": {"total_cost": 182.71927876631034, "time_cost": 72.95400000000001, "final_distance_cost": 1.8455816595862489, "oscillation_cost": 19.959684450346785, "completition_cost": 0.0, "overshoot_cost": 51.69665007029473, "power_cost": 14.195658898925782, "noise_cost": 22.067703687156772, "n_waypoints_completed": 9, "tot_waypoints": 9}}
{"target": -190.21321142808307, "params": {"k_pid_pos": [0.6473713689352363, 0.00500226269588542, 0.0008842664600237214], "k_pid_alt": [0.9233783979139126, 0.004160078983691272, 0.017556612565262406], "k_pid_att": [46.58241571544054, 0.3616513234577483, 1.0], "k_pid_yaw": [0.5, 1e-06, 0.1], "k_pid_hsp": [0.05310004117795313, 0.007843160619625124, 0.0], "k_pid_vsp": [121.90730348363871, 110.98382534340989, 2.8907731782560107]}, "datetime": {"datetime": "2025-08-12 00:31:39", "elapsed": 29178.957283258438, "delta": 19.046937465667725}, "costs": {"total_cost": 190.21321142808307, "time_cost": 77.553, "final_distance_cost": 1.7961810263741274, "oscillation_cost": 19.66351978796066, "completition_cost": 0.0, "overshoot_cost": 53.46764296503422, "power_cost": 14.883862744140625, "noise_cost": 22.849004904573434, "n_waypoints_completed": 9, "tot_waypoints": 9}}
{"target": -183.1723131527331, "params": {"k_pid_pos": [0.5327001801399492, 0.005198574933133338, 0.0009765886238548758], "k_pid_alt": [1.502902860332476, 0.004398754122551418, 0.009111120976991594], "k_pid_att": [27.68070500021541, 0.5125251887172283, 0.9816160156393536], "k_pid_yaw": [0.5, 1e-06, 0.1], "k_pid_hsp": [0.12075619274662297, 0.009855595246155938, 0.0], "k_pid_vsp": [108.70585151626007, 117.77775601914622, 4.0385674148447785]}, "datetime": {"datetime": "2025-08-12 00:31:57", "elapsed": 29197.164618253708, "delta": 18.207334995269775}, "costs": {"total_cost": 183.1723131527331, "time_cost": 72.023, "final_distance_cost": 1.8393439338032718, "oscillation_cost": 22.195882361298715, "completition_cost": 0.0, "overshoot_cost": 51.102249484993706, "power_cost": 14.27172147216797, "noise_cost": 21.74011590046944, "n_waypoints_completed": 9, "tot_waypoints": 9}}
{"target": -182.44910065281704, "params": {"k_pid_pos": [0.6514269954166197, 0.004682969011034874, 0.0009139292858545927], "k_pid_alt": [0.9710002880381624, 0.0047561234426206555, 0.018145209930492765], "k_pid_att": [23.44642770411713, 0.31808058537916933, 1.0], "k_pid_yaw": [0.5, 1e-06, 0.1], "k_pid_hsp": [0.10883343540701197, 0.008519048685526038, 0.0], "k_pid_vsp": [85.32429782719767, 111.81176947752174, 4.950745028841632]}, "datetime": {"datetime": "2025-08-12 00:32:16", "elapsed": 29215.41674566269, "delta": 18.252127408981323}, "costs": {"total_cost": 182.44910065281704, "time_cost": 71.211, "final_distance_cost": 1.816404162777857, "oscillation_cost": 23.28880566045418, "completition_cost": 0.0, "overshoot_cost": 51.17257256753545, "power_cost": 14.082333532714845, "noise_cost": 20.877984729334706, "n_waypoints_completed": 9, "tot_waypoints": 9}}
