{"target": -186.10547979117408, "params": {"k_pid_pos": [0.7508267635676203, 0.00997399033663626, 0.0006974379686625732], "k_pid_alt": [1.1069690327302342, 0.005393656313840957, 0.02811979444458444], "k_pid_att": [43.543222450283146, 0.3552707234076499, 1.0], "k_pid_yaw": [0.5, 1e-06, 0.1], "k_pid_hsp": [0.07686246767915927, 0.014382920152674278, 0.0], "k_pid_vsp": [64.27246654361045, 126.94169330355051, 6.288362125753082]}, "datetime": {"datetime": "2025-08-11 22:08:20", "elapsed": 20579.53016591072, "delta": 18.769028425216675}, "costs": {"total_cost": 186.10547979117408, "time_cost": 72.751, "final_distance_cost": 1.8079857008935867, "oscillation_cost": 25.29506012686685, "completition_cost": 0.0, "overshoot_cost": 50.657490908026446, "power_cost": 14.513434497070314, "noise_cost": 21.080508558316886, "n_waypoints_completed": 9, "tot_waypoints": 9}}
{"target": -185.18857061121867, "params": {"k_pid_pos": [0.7586864073518088, 0.010014562821695898, 0.0006576548105142843], "k_pid_alt": [1.7425742937303197, 0.005253347602171623, 0.02206942239030345], "k_pid_att": [42.12427427644475, 0.3078814180650628, 0.7194940218872906], "k_pid_yaw": [0.5, 1e-06, 0.1], "k_pid_hsp": [0.08217601021934179, 0.012086871662440062, 0.0], "k_pid_vsp": [74.9250868052263, 103.12020529250117, 4.565348209624246]}, "datetime": {"datetime": "2025-08-11 22:08:38", "elapsed": 20597.90570473671, "delta": 18.37553882598877}, "costs": {"total_cost": 185.18857061121867, "time_cost": 71.925, "final_distance_cost": 1.7926451059267496, "oscillation_cost": 24.931368861354088, "completition_cost": 0.0, "overshoot_cost": 50.935101257694264, "power_cost": 14.446247399902344, "noise_cost": 21.158207986341196, "n_waypoints_completed": 9, "tot_waypoints": 9}}
{"target": -250.01354337821374, "params": {"k_pid_pos": [0.5347335814467855, 0.01138287137080501, 0.0007513705859584076], "k_pid_alt": [0.182593308240759, 0.004942158756069092, 0.020751194299386832], "k_pid_att": [31.413225991001813, 0.3706586217616692, 1.0], "k_pid_yaw": [0.5, 1e-06, 0.1], "k_pid_hsp": [0.06813419547039867, 0.010696594391546436, 0.0], "k_pid_vsp": [85.72285479228549, 75.25233094242584, 3.3577528773321377]}, "datetime": {"datetime": "2025-08-11 22:09:07", "elapsed": 20626.713487386703, "delta": 28.807782649993896}, "costs": {"total_cost": 250.01354337821374, "time_cost": 115.416, "final_distance_cost": 1.863384092085493, "oscillation_cost": 21.49288278164794, "completition_cost": 0.0, "overshoot_cost": 57.398735438737866, "power_cost": 21.459146887207034, "noise_cost": 32.383394178535426, "n_waypoints_completed": 9, "tot_waypoints": 9}}
{"target": -184.6310919566816, "params": {"k_pid_pos": [0.5491103317182683, 0.005358165552270988, 0.0009827227519089569], "k_pid_alt": [1.609230390061245, 0.006550671694191883, 0.035276900808624], "k_pid_att": [48.2569068566473, 0.38796563690200464, 1.0], "k_pid_yaw": [0.5, 1e-06, 0.1], "k_pid_hsp": [0.141959894844231, 0.009144149440986824, 0.0], "k_pid_vsp": [126.27659376775796, 121.3399540798963, 7.4689525416195055]}, "datetime": {"datetime": "2025-08-11 22:09:26", "elapsed": 20645.413734436035, "delta": 18.700247049331665}, "costs": {"total_cost": 184.6310919566816, "time_cost": 72.156, "final_distance_cost": 1.842947843210632, "oscillation_cost": 23.480287098822572, "completition_cost": 0.0, "overshoot_cost": 50.704403632899734, "power_cost": 14.460599182128908, "noise_cost": 21.986854199619728, "n_waypoints_completed": 9, "tot_waypoints": 9}}
{"target": -187.29410542972653, "params": {"k_pid_pos": [0.7026518776328677, 0.011167825470756648, 0.0002655887495511289], "k_pid_alt": [2.0, 0.00392094344198889, 0.016069057437525885], "k_pid_att": [32.42949134192231, 0.46820765825117033, 1.0], "k_pid_yaw": [0.5, 1e-06, 0.1], "k_pid_hsp": [0.07013706457219163, 0.006933475159833978, 0.0], "k_pid_vsp": [59.08239815908981, 78.35267514802996, 8.580418909310344]}, "datetime": {"datetime": "2025-08-11 22:09:44", "elapsed": 20664.206170082092, "delta": 18.79243564605713}, "costs": {"total_cost": 187.29410542972653, "time_cost": 73.864, "final_distance_cost": 1.774015941230299, "oscillation_cost": 22.531695315629957, "completition_cost": 0.0, "overshoot_cost": 52.23300512202129, "power_cost": 15.629423840332032, "noise_cost": 21.261965210512933, "n_waypoints_completed": 9, "tot_waypoints": 9}}
{"target": -198.02383110740556, "params": {"k_pid_pos": [0.36513223780653226, 0.0038014649152078666, 0.0007789303185455806], "k_pid_alt": [1.823232866799182, 0.0043950605837551684, 0.020256397628522178], "k_pid_att": [44.63296562271833, 0.31664404800600515, 0.9190457996699316], "k_pid_yaw": [0.5, 1e-06, 0.1], "k_pid_hsp": [0.13967298988125817, 0.009826447825224058, 0.0], "k_pid_vsp": [64.56593326827128, 119.0816169192176, 5.032596339016517]}, "datetime": {"datetime": "2025-08-11 22:10:05", "elapsed": 20685.167197227478, "delta": 20.961027145385742}, "costs": {"total_cost": 198.02383110740556, "time_cost": 81.984, "final_distance_cost": 1.8624646805743263, "oscillation_cost": 20.012241137661157, "completition_cost": 0.0, "overshoot_cost": 51.85915385526193, "power_cost": 15.84889471435547, "noise_cost": 26.457076719552663, "n_waypoints_completed": 9, "tot_waypoints": 9}}
{"target": -195.77465034499878, "params": {"k_pid_pos": [0.37723978900948185, 0.009724310907495691, 0.0009279603924348202], "k_pid_alt": [1.4846514727844926, 0.005178005318658447, 0.024583684778607562], "k_pid_att": [27.883328538935576, 0.35261609500809926, 0.6746317960838507], "k_pid_yaw": [0.5, 1e-06, 0.1], "k_pid_hsp": [0.12172738080824692, 0.005176230472423869, 0.0], "k_pid_vsp": [36.84293369919543, 7.093549158240553, 5.107684465150679]}, "datetime": {"datetime": "2025-08-11 22:10:30", "elapsed": 20709.388164043427, "delta": 24.220966815948486}, "costs": {"total_cost": 195.77465034499878, "time_cost": 80.43, "final_distance_cost": 1.8542869844279872, "oscillation_cost": 18.36262293018719, "completition_cost": 0.0, "overshoot_cost": 53.60446391819911, "power_cost": 15.241479833984375, "noise_cost": 26.281796678200084, "n_waypoints_completed": 9, "tot_waypoints": 9}}
{"target": -188.97113099728196, "params": {"k_pid_pos": [0.4210311960503321, 0.007887484365473098, 0.0007866438173361135], "k_pid_alt": [1.4649972949648242, 0.005305796890023552, 0.02435835237362426], "k_pid_att": [57.02106207969613, 0.2780989483666429, 1.0], "k_pid_yaw": [0.5, 1e-06, 0.1], "k_pid_hsp": [0.13039487202398528, 0.002395976570060396, 0.0], "k_pid_vsp": [163.60996625348812, 66.7318212256072, 6.948597914381355]}, "datetime": {"datetime": "2025-08-11 22:10:51", "elapsed": 20730.60124874115, "delta": 21.21308469772339}, "costs": {"total_cost": 188.97113099728196, "time_cost": 76.47500000000001, "final_distance_cost": 1.85528895732156, "oscillation_cost": 19.98485503229946, "completition_cost": 0.0, "overshoot_cost": 52.02047845208341, "power_cost": 14.789477160644532, "noise_cost": 23.846031394932957, "n_waypoints_completed": 9, "tot_waypoints": 9}}
{"target": -181.76098899727788, "params": {"k_pid_pos": [0.6393499300286748, 0.007968012658463185, 0.000951256700907175], "k_pid_alt": [1.5670139428577896, 0.004213541068807211, 0.04085227356960577], "k_pid_att": [50.32703525523243, 0.15030023641218124, 1.0], "k_pid_yaw": [0.5, 1e-06, 0.1], "k_pid_hsp": [0.11646821229129552, 0.013066136852432039, 0.0], "k_pid_vsp": [107.63423799442232, 113.04844359250016, 5.161217087948191]}, "datetime": {"datetime": "2025-08-11 22:11:10", "elapsed": 20750.355188131332, "delta": 19.753939390182495}, "costs": {"total_cost": 181.76098899727788, "time_cost": 70.49, "final_distance_cost": 1.8407724890441177, "oscillation_cost": 24.11624208028056, "completition_cost": 0.0, "overshoot_cost": 50.36703331671404, "power_cost": 14.062460241699219, "noise_cost": 20.884480869539928, "n_waypoints_completed": 9, "tot_waypoints": 9}}
{"target": -182.5307452079596, "params": {"k_pid_pos": [0.7233044150020538, 0.010163935609142527, 0.0005866328988969507], "k_pid_alt": [1.3812043089721049, 0.005827811568300396, 0.008516272322799712], "k_pid_att": [13.357041700659417, 0.18373320882231278, 1.0], "k_pid_yaw": [0.5, 1e-06, 0.1], "k_pid_hsp": [0.11231837741823021, 0.01669425751106581, 0.0], "k_pid_vsp": [130.1664094792386, 142.79384617648893, 7.5883205814952825]}, "datetime": {"datetime": "2025-08-11 22:11:29", "elapsed": 20768.74342918396, "delta": 18.388241052627563}, "costs": {"total_cost": 182.5307452079596, "time_cost": 70.161, "final_distance_cost": 1.8121365874344375, "oscillation_cost": 25.15580905776693, "completition_cost": 0.0, "overshoot_cost": 50.65218118771954, "power_cost": 14.1913818359375, "noise_cost": 20.558236539101177, "n_waypoints_completed": 9, "tot_waypoints": 9}}
{"target": -182.45752512538104, "params": {"k_pid_pos": [0.5342938120167814, 0.00792489555987326, 0.00018211629445877528], "k_pid_alt": [1.1569825980814752, 0.006126515112031091, 0.00799671390219692], "k_pid_att": [35.84938136799111, 0.48042520272144484, 0.8965059265500491], "k_pid_yaw": [0.5, 1e-06, 0.1], "k_pid_hsp": [0.09733559664383284, 0.004636019410044319, 0.0], "k_pid_vsp": [76.94425729512626, 116.99974455128141, 7.068928900603271]}, "datetime": {"datetime": "2025-08-11 22:11:52", "elapsed": 20791.69578051567, "delta": 22.952351331710815}, "costs": {"total_cost": 182.45752512538104, "time_cost": 72.33800000000001, "final_distance_cost": 1.833475972576092, "oscillation_cost": 20.435023718721155, "completition_cost": 0.0, "overshoot_cost": 51.914030965893126, "power_cost": 14.22052381591797, "noise_cost": 21.716470652272676, "n_waypoints_completed": 9, "tot_waypoints": 9}}
{"target": -401.2277215622758, "params": {"k_pid_pos": [0.2098748199478424, 0.006170414799202269, 0.000752462357047195], "k_pid_alt": [1.556908096716547, 0.004675106457596772, 0.025243380400261573], "k_pid_att": [56.833862377878624, 0.42310249355335233, 1.0], "k_pid_yaw": [0.5, 1e-06, 0.1], "k_pid_hsp": [0.12510021774046765, 0.009553679104984213, 0.0], "k_pid_vsp": [134.34602224591288, 131.92928805055374, 6.443061348934909]}, "datetime": {"datetime": "2025-08-11 22:12:23", "elapsed": 20823.016148090363, "delta": 31.320367574691772}, "costs": {"total_cost": 401.2277215622758, "time_cost": 150, "final_distance_cost": 2.1329581932571915, "oscillation_cost": 14.323106006929175, "completition_cost": 111.11111111111116, "overshoot_cost": 59.3225709918738, "power_cost": 22.1382494140625, "noise_cost": 42.199725845041925, "n_waypoints_completed": 8, "tot_waypoints": 9}}
{"target": -185.57655511625362, "params": {"k_pid_pos": [0.46304407078407445, 0.008005051182197614, 0.0006536657699038501], "k_pid_alt": [1.537349477858349, 0.0029570329477539583, 0.013696500420546312], "k_pid_att": [42.9787425633472, 0.24377299829563603, 0.8737534683991415], "k_pid_yaw": [0.5, 1e-06, 0.1], "k_pid_hsp": [0.12654900103874275, 0.01042364411958032, 0.0], "k_pid_vsp": [110.04819335143272, 70.85575652074034, 6.654478510680626]}, "datetime": {"datetime": "2025-08-11 22:12:42", "elapsed": 20841.88503742218, "delta": 18.868889331817627}, "costs": {"total_cost": 185.57655511625362, "time_cost": 74.13, "final_distance_cost": 1.84687720090855, "oscillation_cost": 21.13507177218514, "completition_cost": 0.0, "overshoot_cost": 51.214088092261036, "power_cost": 14.479684338378908, "noise_cost": 22.770833712519956, "n_waypoints_completed": 9, "tot_waypoints": 9}}
{"target": -186.02161370438705, "params": {"k_pid_pos": [0.5462900601321902, 0.00011892027652186856, 0.0006322375829140656], "k_pid_alt": [0.7342344105978139, 0.0025810446073447, 0.024964696016590505], "k_pid_att": [28.809323803086045, 0.27859008408688285, 1.0], "k_pid_yaw": [0.5, 1e-06, 0.1], "k_pid_hsp": [0.12035530779913561, 0.010434293753580423, 0.0], "k_pid_vsp": [92.1967587238535, 80.03584264207673, 6.732858554730297]}, "datetime": {"datetime": "2025-08-11 22:13:01", "elapsed": 20860.684225320816, "delta": 18.799187898635864}, "costs": {"total_cost": 186.02161370438705, "time_cost": 74.22800000000001, "final_distance_cost": 1.8463348954775147, "oscillation_cost": 22.725850223144523, "completition_cost": 0.0, "overshoot_cost": 50.659212692597634, "power_cost": 14.573549194335937, "noise_cost": 21.988666698831445, "n_waypoints_completed": 9, "tot_waypoints": 9}}
{"target": -183.55139965709841, "params": {"k_pid_pos": [0.5696352457322323, 0.010780797229562869, 0.0007974813498923002], "k_pid_alt": [1.0491922695708495, 0.006572984962390422, 0.016673591675050736], "k_pid_att": [60.09381279577283, 0.49990713938528447, 0.7336667914508013], "k_pid_yaw": [0.5, 1e-06, 0.1], "k_pid_hsp": [0.08461113406585867, 0.011749654033768616, 0.0], "k_pid_vsp": [86.48320417707743, 111.06571872602215, 6.589317282522978]}, "datetime": {"datetime": "2025-08-11 22:13:19", "elapsed": 20879.071462869644, "delta": 18.387237548828125}, "costs": {"total_cost": 183.55139965709841, "time_cost": 73.248, "final_distance_cost": 1.806518350907199, "oscillation_cost": 21.488942007357814, "completition_cost": 0.0, "overshoot_cost": 51.0859106976478, "power_cost": 14.367352514648438, "noise_cost": 21.554676086537167, "n_waypoints_completed": 9, "tot_waypoints": 9}}
{"target": -181.99848755299715, "params": {"k_pid_pos": [0.6199415245065513, 0.009110684453679069, 0.0005823805603436379], "k_pid_alt": [1.414696987444574, 0.004898243252534791, 0.02064265015820918], "k_pid_att": [62.6669170589958, 0.2583612974694193, 0.7364401861769392], "k_pid_yaw": [0.5, 1e-06, 0.1], "k_pid_hsp": [0.10176126479041032, 0.009058202285355846, 0.0], "k_pid_vsp": [83.1954142085627, 84.71906869761735, 6.57520559800128]}, "datetime": {"datetime": "2025-08-11 22:13:37", "elapsed": 20896.921210050583, "delta": 17.84974718093872}, "costs": {"total_cost": 181.99848755299715, "time_cost": 71.05, "final_distance_cost": 1.8185625049108523, "oscillation_cost": 22.66709184601279, "completition_cost": 0.0, "overshoot_cost": 51.12110602278082, "power_cost": 14.102368029785158, "noise_cost": 21.239359149507532, "n_waypoints_completed": 9, "tot_waypoints": 9}}
{"target": -184.5363520040481, "params": {"k_pid_pos": [0.6305969010682944, 0.01126669342981451, 0.0006096970658651157], "k_pid_alt": [1.073725914959999, 0.0049691616899957295, 0.02358577977137319], "k_pid_att": [50.814437790877385, 0.42973546394066764, 1.0], "k_pid_yaw": [0.5, 1e-06, 0.1], "k_pid_hsp": [0.1649677147837098, 0.013071046834402278, 0.0], "k_pid_vsp": [58.595043699414845, 83.37935616760855, 4.579551785258852]}, "datetime": {"datetime": "2025-08-11 22:13:55", "elapsed": 20914.464437246323, "delta": 17.543227195739746}, "costs": {"total_cost": 184.5363520040481, "time_cost": 71.246, "final_distance_cost": 1.8391388798856814, "oscillation_cost": 25.299745705303827, "completition_cost": 0.0, "overshoot_cost": 50.39404709982966, "power_cost": 14.324726123046876, "noise_cost": 21.432694195982073, "n_waypoints_completed": 9, "tot_waypoints": 9}}
{"target": -222.0503085447136, "params": {"k_pid_pos": [0.447462555874992, 0.004323672716151474, 0.0009980135939341437], "k_pid_alt": [1.8879030752501915, 0.0045585756201738555, 0.02970400432023589], "k_pid_att": [21.668984790781696, 0.12068959048760937, 1.0], "k_pid_yaw": [0.5, 1e-06, 0.1], "k_pid_hsp": [0.04401816302184023, 0.011536259349351083, 0.0], "k_pid_vsp": [97.05835156015935, 85.96958202685964, 5.596088186909469]}, "datetime": {"datetime": "2025-08-11 22:14:19", "elapsed": 20939.288960933685, "delta": 24.82452368736267}, "costs": {"total_cost": 222.0503085447136, "time_cost": 99.659, "final_distance_cost": 1.801967898838053, "oscillation_cost": 15.982819395196797, "completition_cost": 0.0, "overshoot_cost": 56.6138186255658, "power_cost": 18.650133435058596, "noise_cost": 29.34256919005436, "n_waypoints_completed": 9, "tot_waypoints": 9}}
{"target": -197.37317564600022, "params": {"k_pid_pos": [0.35898181816288705, 0.010201177160594722, 0.0007292260334094985], "k_pid_alt": [1.5180471641824067, 0.005228329146498113, 0.02064016381456528], "k_pid_att": [48.368889332824615, 0.38019126262446384, 1.0], "k_pid_yaw": [0.5, 1e-06, 0.1], "k_pid_hsp": [0.138456437500874, 0.008590283851732583, 0.0], "k_pid_vsp": [93.90342712948247, 94.92987654559988, 9.483719662468284]}, "datetime": {"datetime": "2025-08-11 22:14:40", "elapsed": 20959.981416463852, "delta": 20.692455530166626}, "costs": {"total_cost": 197.37317564600022, "time_cost": 81.375, "final_distance_cost": 1.8571220836958926, "oscillation_cost": 19.891331294408968, "completition_cost": 0.0, "overshoot_cost": 52.06918515113284, "power_cost": 19.65690819091797, "noise_cost": 22.523628925844537, "n_waypoints_completed": 9, "tot_waypoints": 9}}
{"target": -189.56396615660876, "params": {"k_pid_pos": [0.4088150027838917, 0.00921094336080019, 0.0008294826767581698], "k_pid_alt": [1.2734614502502788, 0.006286752482006473, 0.013110312817612208], "k_pid_att": [40.038841721878356, 0.279723342772408, 1.0], "k_pid_yaw": [0.5, 1e-06, 0.1], "k_pid_hsp": [0.12397439276214056, 0.010935358493154879, 0.0], "k_pid_vsp": [45.92577255815859, 79.41780370579245, 3.666513725458639]}, "datetime": {"datetime": "2025-08-11 22:14:59", "elapsed": 20978.74951648712, "delta": 18.768100023269653}, "costs": {"total_cost": 189.56396615660876, "time_cost": 76.923, "final_distance_cost": 1.8590990729555021, "oscillation_cost": 20.39896635562414, "completition_cost": 0.0, "overshoot_cost": 51.35472621769022, "power_cost": 14.9749802734375, "noise_cost": 24.053194236901398, "n_waypoints_completed": 9, "tot_waypoints": 9}}
{"target": -186.766872615406, "params": {"k_pid_pos": [0.7286538473613943, 0.0116995436529067, 0.0007471402498197494], "k_pid_alt": [1.8977058934794477, 0.006034228603871508, 0.014387809502108115], "k_pid_att": [46.13949234448612, 0.29870539650062927, 1.0], "k_pid_yaw": [0.5, 1e-06, 0.1], "k_pid_hsp": [0.07858095815199881, 0.008510319753554202, 0.0], "k_pid_vsp": [183.9231832895533, 109.84181956599093, 9.662324510990226]}, "datetime": {"datetime": "2025-08-11 22:15:17", "elapsed": 20997.14997267723, "delta": 18.400456190109253}, "costs": {"total_cost": 186.766872615406, "time_cost": 72.744, "final_distance_cost": 1.8034912712939295, "oscillation_cost": 23.748834359178577, "completition_cost": 0.0, "overshoot_cost": 51.782968938039225, "power_cost": 18.382907055664063, "noise_cost": 18.304670991230193, "n_waypoints_completed": 9, "tot_waypoints": 9}}
{"target": -182.72363285308404, "params": {"k_pid_pos": [0.7396605661041806, 0.00790994278565465, 0.0006149739916037914], "k_pid_alt": [1.3134367292471663, 0.004133496890874481, 0.005511904248377946], "k_pid_att": [36.844919120496144, 0.5640127617042646, 1.0], "k_pid_yaw": [0.5, 1e-06, 0.1], "k_pid_hsp": [0.10892709427256302, 0.013230740488184562, 0.0], "k_pid_vsp": [63.27392983572995, 144.83777828813527, 5.613607148145159]}, "datetime": {"datetime": "2025-08-11 22:15:35", "elapsed": 21015.187782526016, "delta": 18.0378098487854}, "costs": {"total_cost": 182.72363285308404, "time_cost": 70.09100000000001, "final_distance_cost": 1.8321990879496055, "oscillation_cost": 25.465684626137033, "completition_cost": 0.0, "overshoot_cost": 50.52283892853551, "power_cost": 14.262360131835939, "noise_cost": 20.549550078625938, "n_waypoints_completed": 9, "tot_waypoints": 9}}
{"target": -182.77563461331238, "params": {"k_pid_pos": [0.45458669902711585, 0.003213362923038178, 0.0006576549852780536], "k_pid_alt": [1.3794220919320261, 0.0051722140759810015, 0.020204081914551083], "k_pid_att": [24.769359750570988, 0.17050931545077372, 1.0], "k_pid_yaw": [0.5, 1e-06, 0.1], "k_pid_hsp": [0.07781597520428303, 0.009868589957564624, 0.0], "k_pid_vsp": [84.18544025342368, 95.86583304541863, 5.350926604799992]}, "datetime": {"datetime": "2025-08-11 22:15:53", "elapsed": 21033.039330244064, "delta": 17.851547718048096}, "costs": {"total_cost": 182.77563461331238, "time_cost": 74.004, "final_distance_cost": 1.8365707038312813, "oscillation_cost": 18.243345201726243, "completition_cost": 0.0, "overshoot_cost": 52.13575361949791, "power_cost": 14.344772595214845, "noise_cost": 22.21119249304209, "n_waypoints_completed": 9, "tot_waypoints": 9}}
{"target": -182.59642585781182, "params": {"k_pid_pos": [0.7724713241296396, 0.0073997537202145115, 0.0005825335177929089], "k_pid_alt": [1.2355548023652807, 0.005710319335446541, 0.011870810616826197], "k_pid_att": [45.437443833170626, 0.40551422294070516, 1.0], "k_pid_yaw": [0.5, 1e-06, 0.1], "k_pid_hsp": [0.13751569311656622, 0.011263642185961402, 0.0], "k_pid_vsp": [101.38813459235894, 127.19123002864269, 6.4171454713531935]}, "datetime": {"datetime": "2025-08-11 22:16:11", "elapsed": 21051.09128832817, "delta": 18.051958084106445}, "costs": {"total_cost": 182.59642585781182, "time_cost": 69.57300000000001, "final_distance_cost": 1.8236644280602838, "oscillation_cost": 26.114867594372438, "completition_cost": 0.0, "overshoot_cost": 50.34104366726829, "power_cost": 14.147474182128907, "noise_cost": 20.59637598598189, "n_waypoints_completed": 9, "tot_waypoints": 9}}
{"target": -188.56568983533947, "params": {"k_pid_pos": [0.33352093726138404, 0.008790318799556709, 0.00048269477267691234], "k_pid_alt": [1.026720350423732, 0.004640630406051307, 0.026129026987763714], "k_pid_att": [52.550928688849865, 0.30813083122773355, 1.0], "k_pid_yaw": [0.5, 1e-06, 0.1], "k_pid_hsp": [0.08181966608065412, 0.004611226549461647, 0.0], "k_pid_vsp": [33.690873251762824, 77.81059932771872, 6.438836913732739]}, "datetime": {"datetime": "2025-08-11 22:16:31", "elapsed": 21071.002483844757, "delta": 19.911195516586304}, "costs": {"total_cost": 188.56568983533947, "time_cost": 79.17, "final_distance_cost": 1.8443310153639088, "oscillation_cost": 14.930212136337637, "completition_cost": 0.0, "overshoot_cost": 53.061237724490624, "power_cost": 15.021478906250001, "noise_cost": 24.538430052897326, "n_waypoints_completed": 9, "tot_waypoints": 9}}
