{"target": -182.26238940538406, "params": {"k_pid_pos": [0.6280293860633556, 0.009285904315167728, 0.0008765323658205849], "k_pid_alt": [1.3323165238788008, 0.006010239047418271, 0.032377519210059026], "k_pid_att": [37.661739357428495, 0.28214182838358465, 1.0], "k_pid_yaw": [0.5, 1e-06, 0.1], "k_pid_hsp": [0.11253908860490673, 0.010589179859905666, 0.0], "k_pid_vsp": [43.39511094500339, 96.25144639582362, 5.11013188153589]}, "datetime": {"datetime": "2025-08-11 21:09:37", "elapsed": 17056.377074718475, "delta": 18.0577871799469}, "costs": {"total_cost": 182.26238940538406, "time_cost": 70.7, "final_distance_cost": 1.82424912587752, "oscillation_cost": 23.64737493377512, "completition_cost": 0.0, "overshoot_cost": 50.876426123449264, "power_cost": 14.152674853515625, "noise_cost": 21.06166436876653, "n_waypoints_completed": 9, "tot_waypoints": 9}}
{"target": -182.73933255014538, "params": {"k_pid_pos": [0.5951276443620696, 0.005648630560694835, 0.0008087041131505314], "k_pid_alt": [1.4393342268856728, 0.005675159217520148, 0.037674981769334946], "k_pid_att": [44.55555617158924, 0.19094493532722492, 0.8298136823671771], "k_pid_yaw": [0.5, 1e-06, 0.1], "k_pid_hsp": [0.1219542308947759, 0.0038266871056326286, 0.0], "k_pid_vsp": [103.74162000110789, 87.26225093727233, 5.027720021810002]}, "datetime": {"datetime": "2025-08-11 21:09:54", "elapsed": 17073.90612912178, "delta": 17.529054403305054}, "costs": {"total_cost": 182.73933255014538, "time_cost": 71.365, "final_distance_cost": 1.8408750351020293, "oscillation_cost": 22.6094615743741, "completition_cost": 0.0, "overshoot_cost": 51.320139951124055, "power_cost": 14.169236047363283, "noise_cost": 21.434619942181914, "n_waypoints_completed": 9, "tot_waypoints": 9}}
{"target": -214.27865105290041, "params": {"k_pid_pos": [0.3298746601801405, 0.0052383239313651755, 0.0011276386868073775], "k_pid_alt": [1.1130971524348687, 0.004145171476480295, 0.03640940368362751], "k_pid_att": [16.994684484704692, 0.1292040442474577, 0.7735133095298427], "k_pid_yaw": [0.5, 1e-06, 0.1], "k_pid_hsp": [0.0938568493676768, 0.013044877823535314, 0.0], "k_pid_vsp": [72.73601385243704, 169.0825863297305, 12.996857090458006]}, "datetime": {"datetime": "2025-08-11 21:10:17", "elapsed": 17097.143982172012, "delta": 23.237853050231934}, "costs": {"total_cost": 214.27865105290041, "time_cost": 93.142, "final_distance_cost": 1.8639073938653392, "oscillation_cost": 17.50519726740592, "completition_cost": 0.0, "overshoot_cost": 52.317215131267844, "power_cost": 23.219809814453125, "noise_cost": 26.23052144590817, "n_waypoints_completed": 9, "tot_waypoints": 9}}
{"target": -756.9777654247989, "params": {"k_pid_pos": [0.5619759451220779, 0.006061261446254934, 0.0004725752139176577], "k_pid_alt": [1.309368212716187, 0.0052943875248814415, 0.02652075208927929], "k_pid_att": [21.01776475090708, 0.282876324313045, 0.8506452505647258], "k_pid_yaw": [0.5, 1e-06, 0.1], "k_pid_hsp": [0.0204696770632605, 0.015589465755199873, 0.0], "k_pid_vsp": [56.54801006328662, 194.18098358927594, 6.780186610660633]}, "datetime": {"datetime": "2025-08-11 21:10:48", "elapsed": 17127.40234065056, "delta": 30.258358478546143}, "costs": {"total_cost": 756.9777654247989, "time_cost": 150, "final_distance_cost": 45.34421962409003, "oscillation_cost": 14.121536120936552, "completition_cost": 444.4444444444444, "overshoot_cost": 48.285590392933535, "power_cost": 21.89731982421875, "noise_cost": 32.88465501817571, "n_waypoints_completed": 5, "tot_waypoints": 9}}
{"target": -193.6806164274087, "params": {"k_pid_pos": [0.43595903758430216, 0.00873016461967522, 0.0011291183744633266], "k_pid_alt": [1.5221229736137296, 0.006613788888025651, 0.01998554139077824], "k_pid_att": [49.38317743527148, 0.31925298305806876, 1.0], "k_pid_yaw": [0.5, 1e-06, 0.1], "k_pid_hsp": [0.10097005639065353, 0.02052119523879668, 0.0], "k_pid_vsp": [133.7522496349516, 121.60161591118866, 4.524244299162743]}, "datetime": {"datetime": "2025-08-11 21:11:09", "elapsed": 17148.587037563324, "delta": 21.184696912765503}, "costs": {"total_cost": 193.6806164274087, "time_cost": 78.12, "final_distance_cost": 1.8633141588310933, "oscillation_cost": 21.437999184402468, "completition_cost": 0.0, "overshoot_cost": 50.888369597242544, "power_cost": 15.240244921875, "noise_cost": 26.130688565057586, "n_waypoints_completed": 9, "tot_waypoints": 9}}
{"target": -182.7738085655293, "params": {"k_pid_pos": [0.688651167365959, 0.009316238523722075, 0.0006994121099857035], "k_pid_alt": [1.1348582477790983, 0.005007026334641246, 0.014565349472844406], "k_pid_att": [72.53091739008296, 0.36959391905044897, 0.5856298009957315], "k_pid_yaw": [0.5, 1e-06, 0.1], "k_pid_hsp": [0.1191187656331476, 0.01507999236991279, 0.0], "k_pid_vsp": [92.92519485087776, 234.82399599256587, 4.036917345339162]}, "datetime": {"datetime": "2025-08-11 21:11:26", "elapsed": 17165.935502290726, "delta": 17.348464727401733}, "costs": {"total_cost": 182.7738085655293, "time_cost": 70.343, "final_distance_cost": 1.8198702246666791, "oscillation_cost": 25.43390560037708, "completition_cost": 0.0, "overshoot_cost": 50.245671240437936, "power_cost": 14.359193273925783, "noise_cost": 20.572168226121857, "n_waypoints_completed": 9, "tot_waypoints": 9}}
{"target": -184.8310004334404, "params": {"k_pid_pos": [0.7926017336071577, 0.005351298605399951, 0.0008795789957956158], "k_pid_alt": [1.373959012868502, 0.002927048971057205, 0.036104414820816284], "k_pid_att": [19.2641793577182, 0.18521686017822395, 1.0], "k_pid_yaw": [0.5, 1e-06, 0.1], "k_pid_hsp": [0.08590655423121729, 0.006598406009180219, 0.0], "k_pid_vsp": [72.93498707034543, 118.44274131943307, 4.147189327796608]}, "datetime": {"datetime": "2025-08-11 21:11:45", "elapsed": 17184.58685040474, "delta": 18.651348114013672}, "costs": {"total_cost": 184.8310004334404, "time_cost": 71.988, "final_distance_cost": 1.7784254593813384, "oscillation_cost": 24.303084326394448, "completition_cost": 0.0, "overshoot_cost": 51.22815118415918, "power_cost": 14.363150402832032, "noise_cost": 21.170189060673447, "n_waypoints_completed": 9, "tot_waypoints": 9}}
{"target": -185.20344971330272, "params": {"k_pid_pos": [0.5700065171761438, 0.008747557083605697, 0.0], "k_pid_alt": [1.4904548894737542, 0.0015252113157826796, 0.028585689280044495], "k_pid_att": [22.451146994356122, 0.43894700468275305, 1.0], "k_pid_yaw": [0.5, 1e-06, 0.1], "k_pid_hsp": [0.1466497308693252, 0.01157772535784405, 0.0], "k_pid_vsp": [97.35140619011287, 129.570757500825, 12.96409399501862]}, "datetime": {"datetime": "2025-08-11 21:12:02", "elapsed": 17202.306158542633, "delta": 17.719308137893677}, "costs": {"total_cost": 185.20344971330272, "time_cost": 71.848, "final_distance_cost": 1.8362823989221935, "oscillation_cost": 24.011913550635743, "completition_cost": 0.0, "overshoot_cost": 51.02222363755469, "power_cost": 18.234125292968752, "noise_cost": 18.25090483322133, "n_waypoints_completed": 9, "tot_waypoints": 9}}
{"target": -185.83535608287085, "params": {"k_pid_pos": [0.5498748768577147, 0.006830457765867715, 0.0012039250021056017], "k_pid_alt": [1.3535539502598226, 0.006705242563385829, 0.035568410599403515], "k_pid_att": [58.91071506989857, 0.26260851033198734, 0.9767909011221955], "k_pid_yaw": [0.5, 1e-06, 0.1], "k_pid_hsp": [0.15757701588092235, 0.014158269230645455, 0.0], "k_pid_vsp": [124.2188092831693, 153.96574280446757, 6.81265269921379]}, "datetime": {"datetime": "2025-08-11 21:12:21", "elapsed": 17220.79926466942, "delta": 18.49310612678528}, "costs": {"total_cost": 185.83535608287085, "time_cost": 72.569, "final_distance_cost": 1.846539013824586, "oscillation_cost": 24.609542919132593, "completition_cost": 0.0, "overshoot_cost": 50.285390902153104, "power_cost": 14.478084240722657, "noise_cost": 22.046799007037894, "n_waypoints_completed": 9, "tot_waypoints": 9}}
{"target": -187.87078445482584, "params": {"k_pid_pos": [0.8484107972019276, 0.009192019733105987, 0.0010360524323944555], "k_pid_alt": [1.4403993392749264, 0.0018512169530252043, 0.028873590635739067], "k_pid_att": [19.797419212567437, 0.0001, 1.0], "k_pid_yaw": [0.5, 1e-06, 0.1], "k_pid_hsp": [0.07111991729023034, 0.012889352221515861, 0.0], "k_pid_vsp": [65.97571943377645, 110.48827267015201, 2.116871908773684]}, "datetime": {"datetime": "2025-08-11 21:12:39", "elapsed": 17239.258046627045, "delta": 18.458781957626343}, "costs": {"total_cost": 187.87078445482584, "time_cost": 73.129, "final_distance_cost": 1.812988224477635, "oscillation_cost": 25.893692624078238, "completition_cost": 0.0, "overshoot_cost": 51.23621295360259, "power_cost": 14.632861376953125, "noise_cost": 21.166029275714273, "n_waypoints_completed": 9, "tot_waypoints": 9}}
{"target": -185.65212781754101, "params": {"k_pid_pos": [0.7614783819658685, 0.0067035264571058155, 0.0007274468389355825], "k_pid_alt": [1.4082021484355594, 0.00374247550415459, 0.023305417922500498], "k_pid_att": [37.008641453560585, 0.0005497712496901804, 1.0], "k_pid_yaw": [0.5, 1e-06, 0.1], "k_pid_hsp": [0.07844827811432807, 0.01469593229083313, 0.0], "k_pid_vsp": [55.11917377163661, 145.9277803407827, 5.348090128887228]}, "datetime": {"datetime": "2025-08-11 21:12:58", "elapsed": 17257.39507341385, "delta": 18.1370267868042}, "costs": {"total_cost": 185.65212781754101, "time_cost": 72.07900000000001, "final_distance_cost": 1.790845565403406, "oscillation_cost": 25.571958234211188, "completition_cost": 0.0, "overshoot_cost": 50.77573079855726, "power_cost": 14.545237866210938, "noise_cost": 20.889355353158216, "n_waypoints_completed": 9, "tot_waypoints": 9}}
{"target": -184.63515853677555, "params": {"k_pid_pos": [0.7423567996952313, 0.004779627004763251, 0.0006469031449465038], "k_pid_alt": [1.4270160756314214, 0.004874935123970404, 0.02802483917379917], "k_pid_att": [28.285184444742015, 0.2571768264699486, 0.807417182160325], "k_pid_yaw": [0.5, 1e-06, 0.1], "k_pid_hsp": [0.09456932542620396, 0.017910421956156594, 0.0], "k_pid_vsp": [53.72757512006592, 90.37978482250924, 7.6392770599878075]}, "datetime": {"datetime": "2025-08-11 21:13:15", "elapsed": 17275.044637680054, "delta": 17.649564266204834}, "costs": {"total_cost": 184.63515853677555, "time_cost": 71.19, "final_distance_cost": 1.8034510080824715, "oscillation_cost": 25.884226048645075, "completition_cost": 0.0, "overshoot_cost": 50.58147644856321, "power_cost": 14.368244006347657, "noise_cost": 20.807761025137115, "n_waypoints_completed": 9, "tot_waypoints": 9}}
{"target": -184.2891777990458, "params": {"k_pid_pos": [0.5033925034933172, 0.011163279420537214, 0.0012319776331025838], "k_pid_alt": [1.283968820830075, 0.0036224981880040533, 0.028666099529958976], "k_pid_att": [39.62511326554284, 0.27878191535268204, 1.0], "k_pid_yaw": [0.5, 1e-06, 0.1], "k_pid_hsp": [0.10999750317419715, 0.016779028701779695, 0.0], "k_pid_vsp": [34.092322314620674, 119.25467161969156, 9.419629643692938]}, "datetime": {"datetime": "2025-08-11 21:13:36", "elapsed": 17295.656086444855, "delta": 20.611448764801025}, "costs": {"total_cost": 184.2891777990458, "time_cost": 72.737, "final_distance_cost": 1.846093026709175, "oscillation_cost": 22.474124058684044, "completition_cost": 0.0, "overshoot_cost": 50.681483327422704, "power_cost": 17.324472778320313, "noise_cost": 19.226004607909573, "n_waypoints_completed": 9, "tot_waypoints": 9}}
{"target": -212.62505189242847, "params": {"k_pid_pos": [0.44637178979322795, 0.0035309981833185275, 0.0026691358481506834], "k_pid_alt": [0.8218838287631779, 0.005153472166339054, 0.028396222297678336], "k_pid_att": [37.73697320876544, 0.3116744155755359, 0.7563583414802505], "k_pid_yaw": [0.5, 1e-06, 0.1], "k_pid_hsp": [0.04463130794975304, 0.005217426020520121, 0.0], "k_pid_vsp": [93.52007941728118, 170.60614266583386, 5.225223811955334]}, "datetime": {"datetime": "2025-08-11 21:14:00", "elapsed": 17319.740708827972, "delta": 24.084622383117676}, "costs": {"total_cost": 212.62505189242847, "time_cost": 94.703, "final_distance_cost": 1.8082618136289608, "oscillation_cost": 13.702479659777593, "completition_cost": 0.0, "overshoot_cost": 56.8422474799041, "power_cost": 17.628721008300783, "noise_cost": 27.94034193081705, "n_waypoints_completed": 9, "tot_waypoints": 9}}
{"target": -198.65111703148534, "params": {"k_pid_pos": [0.7377283480548226, 0.006919061995930086, 0.00013142833883314647], "k_pid_alt": [1.123753688483564, 0.0031946994590349564, 0.03805398471777994], "k_pid_att": [35.01867969557418, 0.25296110786258863, 1.0], "k_pid_yaw": [0.5, 1e-06, 0.1], "k_pid_hsp": [0.10576314670994512, 0.013219534644244739, 0.0], "k_pid_vsp": [0.0, 145.9688156316248, 5.6161693021235335]}, "datetime": {"datetime": "2025-08-11 21:14:19", "elapsed": 17338.938559532166, "delta": 19.197850704193115}, "costs": {"total_cost": 198.65111703148534, "time_cost": 75.558, "final_distance_cost": 1.8424066364245917, "oscillation_cost": 33.08859315199694, "completition_cost": 0.0, "overshoot_cost": 50.21630120843094, "power_cost": 19.38625859375, "noise_cost": 18.559557440882866, "n_waypoints_completed": 9, "tot_waypoints": 9}}
{"target": -232.575021845589, "params": {"k_pid_pos": [0.26365505016117935, 0.004738847063069383, 0.0], "k_pid_alt": [0.9647863025796592, 0.002401015556923972, 0.02487827718489562], "k_pid_att": [67.8379508209769, 0.06179946361061358, 0.8801427045546006], "k_pid_yaw": [0.5, 1e-06, 0.1], "k_pid_hsp": [0.16477237576770593, 0.01398366007983009, 0.0], "k_pid_vsp": [62.02729585784786, 152.19935191789787, 7.063945201089607]}, "datetime": {"datetime": "2025-08-11 21:14:45", "elapsed": 17365.338413476944, "delta": 26.399853944778442}, "costs": {"total_cost": 232.575021845589, "time_cost": 103.516, "final_distance_cost": 1.861627892171398, "oscillation_cost": 17.684334286780867, "completition_cost": 0.0, "overshoot_cost": 54.814463937519704, "power_cost": 19.48465692138672, "noise_cost": 35.213938807730294, "n_waypoints_completed": 9, "tot_waypoints": 9}}
{"target": -187.0195030214914, "params": {"k_pid_pos": [0.4834640831481359, 0.004232190395820612, 0.0008010376081962631], "k_pid_alt": [1.4240315997468371, 0.005432283220302027, 0.03128026271733566], "k_pid_att": [37.232140691856806, 0.21147066105963042, 0.7248924220588681], "k_pid_yaw": [0.5, 1e-06, 0.1], "k_pid_hsp": [0.06131085753681986, 0.014373007421133642, 0.0], "k_pid_vsp": [92.5317110064165, 190.5247927361038, 5.8657221510961834]}, "datetime": {"datetime": "2025-08-11 21:15:05", "elapsed": 17384.469252586365, "delta": 19.130839109420776}, "costs": {"total_cost": 187.0195030214914, "time_cost": 76.608, "final_distance_cost": 1.8205731172901487, "oscillation_cost": 18.918579138048493, "completition_cost": 0.0, "overshoot_cost": 52.17582849394515, "power_cost": 14.920975817871094, "noise_cost": 22.575546454336504, "n_waypoints_completed": 9, "tot_waypoints": 9}}
{"target": -185.96209985777494, "params": {"k_pid_pos": [0.5555045482515008, 0.0014243491679388589, 0.0016520480451261462], "k_pid_alt": [2.0, 0.005807302850427044, 0.04924690652706027], "k_pid_att": [31.2514554695142, 0.21403604532508969, 1.0], "k_pid_yaw": [0.5, 1e-06, 0.1], "k_pid_hsp": [0.06490545346935299, 0.008788888937461886, 0.0], "k_pid_vsp": [29.019246054662474, 204.53271955566433, 6.093744855545547]}, "datetime": {"datetime": "2025-08-11 21:15:24", "elapsed": 17403.39471077919, "delta": 18.925458192825317}, "costs": {"total_cost": 185.96209985777494, "time_cost": 75.019, "final_distance_cost": 1.7895692877022207, "oscillation_cost": 19.37842758755042, "completition_cost": 0.0, "overshoot_cost": 52.851413344800065, "power_cost": 15.11279970703125, "noise_cost": 21.81088993069098, "n_waypoints_completed": 9, "tot_waypoints": 9}}
{"target": -187.87670426969865, "params": {"k_pid_pos": [1.00793171552752, 0.007080679062535805, 0.0008736490834643243], "k_pid_alt": [1.2228038581751313, 0.002559807046571456, 0.03629870088427913], "k_pid_att": [49.48288214322972, 0.1800475143650063, 0.788525294071639], "k_pid_yaw": [0.5, 1e-06, 0.1], "k_pid_hsp": [0.10730800001110026, 0.010262166049308942, 0.0], "k_pid_vsp": [77.61949277272369, 17.21411487424248, 6.303727020311386]}, "datetime": {"datetime": "2025-08-11 21:15:42", "elapsed": 17421.55631327629, "delta": 18.16160249710083}, "costs": {"total_cost": 187.87670426969865, "time_cost": 70.609, "final_distance_cost": 1.803579241048245, "oscillation_cost": 28.361571211372866, "completition_cost": 0.0, "overshoot_cost": 51.81363967875011, "power_cost": 14.360647473144532, "noise_cost": 20.928266665382925, "n_waypoints_completed": 9, "tot_waypoints": 9}}
{"target": -192.98590469430346, "params": {"k_pid_pos": [0.4189611044380282, 0.019578036511323994, 0.0], "k_pid_alt": [1.2793780302548046, 0.0034226568412866615, 0.02595923284885986], "k_pid_att": [25.876041980371003, 0.0001, 1.0], "k_pid_yaw": [0.5, 1e-06, 0.1], "k_pid_hsp": [0.17888551341600079, 0.012056069223551832, 0.0], "k_pid_vsp": [78.87446601839427, 118.84252643450982, 8.133600830531671]}, "datetime": {"datetime": "2025-08-11 21:16:01", "elapsed": 17440.783242940903, "delta": 19.226929664611816}, "costs": {"total_cost": 192.98590469430346, "time_cost": 77.973, "final_distance_cost": 1.8511833654656353, "oscillation_cost": 22.791010187379737, "completition_cost": 0.0, "overshoot_cost": 50.86338204272777, "power_cost": 15.231761938476563, "noise_cost": 24.275567160253765, "n_waypoints_completed": 9, "tot_waypoints": 9}}
{"target": -190.9963180958198, "params": {"k_pid_pos": [0.870252757126846, 0.006106871901484603, 0.0008678057612659405], "k_pid_alt": [0.8143592209582726, 0.0029407821872854483, 0.03262537509861035], "k_pid_att": [42.95232265482849, 0.45172252880641756, 0.7822480907944165], "k_pid_yaw": [0.5, 1e-06, 0.1], "k_pid_hsp": [0.0796633532573026, 0.012002241473445358, 0.0], "k_pid_vsp": [88.79073323071442, 136.1390499081507, 9.309008620905816]}, "datetime": {"datetime": "2025-08-11 21:16:20", "elapsed": 17459.674027204514, "delta": 18.89078426361084}, "costs": {"total_cost": 190.9963180958198, "time_cost": 74.179, "final_distance_cost": 1.7882104283370603, "oscillation_cost": 26.93720089330729, "completition_cost": 0.0, "overshoot_cost": 51.21419623970323, "power_cost": 18.281976953125, "noise_cost": 18.595733581347226, "n_waypoints_completed": 9, "tot_waypoints": 9}}
{"target": -184.04602887665632, "params": {"k_pid_pos": [0.6966859091804675, 0.0, 0.0008657157564210977], "k_pid_alt": [1.0862370056521076, 0.0066025677284738404, 0.01717953050642149], "k_pid_att": [6.697310690184991, 0.35982271295472495, 0.5170016520770297], "k_pid_yaw": [0.5, 1e-06, 0.1], "k_pid_hsp": [0.08493266439854148, 0.010702787445961306, 0.0], "k_pid_vsp": [93.9182678370503, 114.01144639372644, 8.437695162468932]}, "datetime": {"datetime": "2025-08-11 21:16:38", "elapsed": 17477.85317993164, "delta": 18.179152727127075}, "costs": {"total_cost": 184.04602887665632, "time_cost": 72.408, "final_distance_cost": 1.8175943056843007, "oscillation_cost": 23.411944397412174, "completition_cost": 0.0, "overshoot_cost": 50.80873371432235, "power_cost": 14.74858006591797, "noise_cost": 20.85117639331956, "n_waypoints_completed": 9, "tot_waypoints": 9}}
{"target": -195.04361063859693, "params": {"k_pid_pos": [0.3997624549202878, 0.006977364661124332, 0.001140545423856675], "k_pid_alt": [1.5784938628073297, 0.0056781694443609745, 0.014499701768811905], "k_pid_att": [32.36870739707013, 0.3134058875174117, 1.0], "k_pid_yaw": [0.5, 1e-06, 0.1], "k_pid_hsp": [0.15941744813122422, 0.009428141240468367, 0.0], "k_pid_vsp": [105.15235937917076, 193.9372397081119, 8.583085046213492]}, "datetime": {"datetime": "2025-08-11 21:16:58", "elapsed": 17497.745634317398, "delta": 19.892454385757446}, "costs": {"total_cost": 195.04361063859693, "time_cost": 79.31700000000001, "final_distance_cost": 1.8551746049324656, "oscillation_cost": 21.849569037518762, "completition_cost": 0.0, "overshoot_cost": 51.390881943689685, "power_cost": 17.20280457763672, "noise_cost": 23.428180474819264, "n_waypoints_completed": 9, "tot_waypoints": 9}}
{"target": -259.18103101544665, "params": {"k_pid_pos": [0.21029186807508113, 0.004072803497952257, 0.0011594617998367104], "k_pid_alt": [1.310277202238267, 0.005428501849531089, 0.031578006994448155], "k_pid_att": [43.692212410945906, 0.18081567152735076, 0.9065006760671238], "k_pid_yaw": [0.5, 1e-06, 0.1], "k_pid_hsp": [0.06328366753949323, 0.012075124053991951, 0.0], "k_pid_vsp": [96.24482828291961, 56.87970424843002, 6.396884310606232]}, "datetime": {"datetime": "2025-08-11 21:17:28", "elapsed": 17527.824023008347, "delta": 30.078388690948486}, "costs": {"total_cost": 259.18103101544665, "time_cost": 119.938, "final_distance_cost": 1.8628821501660127, "oscillation_cost": 12.665699011754473, "completition_cost": 0.0, "overshoot_cost": 59.42546330127239, "power_cost": 21.893717517089843, "noise_cost": 43.39526903516393, "n_waypoints_completed": 9, "tot_waypoints": 9}}
{"target": -183.958707651283, "params": {"k_pid_pos": [0.7205328022590703, 0.010470601092917177, 0.0003541903135776932], "k_pid_alt": [1.1607011924667952, 0.0027842613038027136, 0.03999874009905606], "k_pid_att": [41.37799236142576, 0.4644748410851922, 0.8715642198982861], "k_pid_yaw": [0.5, 1e-06, 0.1], "k_pid_hsp": [0.14501063937492398, 0.008787239394795143, 0.0], "k_pid_vsp": [204.63853557993357, 136.2721818955373, 10.18062550487691]}, "datetime": {"datetime": "2025-08-11 21:17:46", "elapsed": 17545.993005275726, "delta": 18.16898226737976}, "costs": {"total_cost": 183.958707651283, "time_cost": 70.196, "final_distance_cost": 1.8305167207785784, "oscillation_cost": 25.460328246659856, "completition_cost": 0.0, "overshoot_cost": 50.58402835003548, "power_cost": 17.933380395507815, "noise_cost": 17.954453938301263, "n_waypoints_completed": 9, "tot_waypoints": 9}}
