{"target": -182.05206893567976, "params": {"k_pid_pos": [0.5126196484623425, 0.0041921222254339115, 0.0005767170911817695], "k_pid_alt": [1.519475293608848, 0.005823380999796586, 0.005609258709119231], "k_pid_att": [29.64542948856295, 0.3006694672461591, 0.8979177625856621], "k_pid_yaw": [0.5, 1e-06, 0.1], "k_pid_hsp": [0.09766213308762528, 0.007759377379942517, 0.0], "k_pid_vsp": [138.63181320802326, 113.89319028892898, 4.938097557198966]}, "datetime": {"datetime": "2025-08-12 02:21:07", "elapsed": 35746.597950696945, "delta": 18.49839472770691}, "costs": {"total_cost": 182.05206893567976, "time_cost": 72.31, "final_distance_cost": 1.8254902213080204, "oscillation_cost": 20.333936861369818, "completition_cost": 0.0, "overshoot_cost": 51.55838233652856, "power_cost": 14.178816931152344, "noise_cost": 21.84544258532101, "n_waypoints_completed": 9, "tot_waypoints": 9}}
{"target": -183.47963637494337, "params": {"k_pid_pos": [0.4340154994925129, 0.005789459427514282, 0.00045875650869494597], "k_pid_alt": [1.215958660982133, 0.0048611883487202, 0.003977306420156502], "k_pid_att": [36.273029300659026, 0.2589850403780407, 0.8582537166824121], "k_pid_yaw": [0.5, 1e-06, 0.1], "k_pid_hsp": [0.09696731645408152, 0.0077373620312711335, 0.0], "k_pid_vsp": [100.91375763796803, 102.16846200574803, 4.593286255117689]}, "datetime": {"datetime": "2025-08-12 02:21:26", "elapsed": 35765.74843811989, "delta": 19.150487422943115}, "costs": {"total_cost": 183.47963637494337, "time_cost": 74.389, "final_distance_cost": 1.8506201278054815, "oscillation_cost": 18.693118682624398, "completition_cost": 0.0, "overshoot_cost": 51.348399793292046, "power_cost": 14.458766711425781, "noise_cost": 22.73973105979565, "n_waypoints_completed": 9, "tot_waypoints": 9}}
{"target": -181.50448284900472, "params": {"k_pid_pos": [0.5963942711660136, 0.006219846335374376, 0.0005802639279923841], "k_pid_alt": [1.492983548181048, 0.005292263356203405, 0.006519870442460047], "k_pid_att": [30.023456239919494, 0.38795073847996564, 0.9489833586137761], "k_pid_yaw": [0.5, 1e-06, 0.1], "k_pid_hsp": [0.09860235308616083, 0.00621375056044014, 0.0], "k_pid_vsp": [116.12889113988511, 180.74566592619877, 3.9407408248678117]}, "datetime": {"datetime": "2025-08-12 02:21:44", "elapsed": 35784.19664955139, "delta": 18.448211431503296}, "costs": {"total_cost": 181.50448284900472, "time_cost": 71.26, "final_distance_cost": 1.817901314115649, "oscillation_cost": 21.918843899508914, "completition_cost": 0.0, "overshoot_cost": 51.07104166940386, "power_cost": 14.142751806640625, "noise_cost": 21.293944159335663, "n_waypoints_completed": 9, "tot_waypoints": 9}}
{"target": -185.14904660244608, "params": {"k_pid_pos": [0.43703966307261893, 0.005344324586275668, 0.000736528371478313], "k_pid_alt": [1.0415779616381895, 0.005082055250091759, 0.006365155331764336], "k_pid_att": [29.524607934298984, 0.3265401383114, 1.0], "k_pid_yaw": [0.5, 1e-06, 0.1], "k_pid_hsp": [0.09965270464523557, 0.009710080619812827, 0.0], "k_pid_vsp": [101.13010139375854, 85.56950958205111, 5.126655832198026]}, "datetime": {"datetime": "2025-08-12 02:22:03", "elapsed": 35802.4603934288, "delta": 18.26374387741089}, "costs": {"total_cost": 185.14904660244608, "time_cost": 74.767, "final_distance_cost": 1.8502762604458973, "oscillation_cost": 19.334252103196278, "completition_cost": 0.0, "overshoot_cost": 51.940830878441915, "power_cost": 14.500453833007812, "noise_cost": 22.756233527354198, "n_waypoints_completed": 9, "tot_waypoints": 9}}
{"target": -192.3346114175415, "params": {"k_pid_pos": [0.38078383443047964, 0.007113214951901818, 0.000625269692138834], "k_pid_alt": [1.54183918114801, 0.003848864037421233, 0.01191651287978237], "k_pid_att": [32.53694580542721, 0.36092107732880985, 0.9542723632888448], "k_pid_yaw": [0.5, 1e-06, 0.1], "k_pid_hsp": [0.12669863201336054, 0.008828404093763889, 0.0], "k_pid_vsp": [105.02412973122813, 159.33058143359239, 3.4112312450476856]}, "datetime": {"datetime": "2025-08-12 02:22:23", "elapsed": 35822.75978946686, "delta": 20.29939603805542}, "costs": {"total_cost": 192.3346114175415, "time_cost": 78.855, "final_distance_cost": 1.8587238150073444, "oscillation_cost": 19.93145208850948, "completition_cost": 0.0, "overshoot_cost": 51.473916585868004, "power_cost": 15.289081286621094, "noise_cost": 24.926437641535596, "n_waypoints_completed": 9, "tot_waypoints": 9}}
{"target": -182.46442142592718, "params": {"k_pid_pos": [0.5279053287869803, 0.007900863270334275, 0.0008003978002781195], "k_pid_alt": [1.116197987839935, 0.005344125489166629, 0.008207460544252074], "k_pid_att": [35.98107962468229, 0.3614487013270793, 0.639528775959632], "k_pid_yaw": [0.5, 1e-06, 0.1], "k_pid_hsp": [0.10052481509974505, 0.009469962803253006, 0.0], "k_pid_vsp": [125.4607111721729, 78.46899709143815, 5.415767974538231]}, "datetime": {"datetime": "2025-08-12 02:22:41", "elapsed": 35840.99878382683, "delta": 18.238994359970093}, "costs": {"total_cost": 182.46442142592718, "time_cost": 72.282, "final_distance_cost": 1.8275783571665107, "oscillation_cost": 21.08965752802181, "completition_cost": 0.0, "overshoot_cost": 51.38388839472516, "power_cost": 14.168405285644532, "noise_cost": 21.712891860369194, "n_waypoints_completed": 9, "tot_waypoints": 9}}
{"target": -184.82145685132022, "params": {"k_pid_pos": [0.42774286247184157, 0.006171156597996707, 0.0006120802844852806], "k_pid_alt": [1.4228453168722854, 0.0059932320592106375, 0.005119882399904604], "k_pid_att": [29.13466093632209, 0.22632076660717368, 0.8769226577198822], "k_pid_yaw": [0.5, 1e-06, 0.1], "k_pid_hsp": [0.10330056588782806, 0.008832722444583677, 0.0], "k_pid_vsp": [146.00783566462536, 108.91802996436473, 6.164522643138494]}, "datetime": {"datetime": "2025-08-12 02:23:01", "elapsed": 35860.90356516838, "delta": 19.904781341552734}, "costs": {"total_cost": 184.82145685132022, "time_cost": 74.718, "final_distance_cost": 1.8469060279146523, "oscillation_cost": 19.108093251895394, "completition_cost": 0.0, "overshoot_cost": 51.79372007187554, "power_cost": 14.490862854003908, "noise_cost": 22.86387464563072, "n_waypoints_completed": 9, "tot_waypoints": 9}}
{"target": -182.2742417963909, "params": {"k_pid_pos": [0.7104306900351766, 0.005455995101398672, 0.0007524864373978705], "k_pid_alt": [1.7262734461822786, 0.003702288228563637, 0.008165315853869036], "k_pid_att": [32.31077950947671, 0.32051226877421574, 1.0], "k_pid_yaw": [0.5, 1e-06, 0.1], "k_pid_hsp": [0.09901856897788618, 0.007470607001360705, 0.0], "k_pid_vsp": [134.94727084137858, 110.49309155712577, 6.190492278603043]}, "datetime": {"datetime": "2025-08-12 02:23:19", "elapsed": 35879.05392861366, "delta": 18.150363445281982}, "costs": {"total_cost": 182.2742417963909, "time_cost": 70.58800000000001, "final_distance_cost": 1.8033586273732527, "oscillation_cost": 23.454543315480993, "completition_cost": 0.0, "overshoot_cost": 51.317992735483706, "power_cost": 14.166881335449219, "noise_cost": 20.94346578260375, "n_waypoints_completed": 9, "tot_waypoints": 9}}
{"target": -181.64353894775653, "params": {"k_pid_pos": [0.5741098234638006, 0.005192022617847923, 0.0010459707023392115], "k_pid_alt": [1.4476341342934893, 0.004729672844784026, 0.007354907709099434], "k_pid_att": [24.522760106871726, 0.3900787381594981, 1.0], "k_pid_yaw": [0.5, 1e-06, 0.1], "k_pid_hsp": [0.09607257917013068, 0.007071457587164497, 0.0], "k_pid_vsp": [129.32438948876336, 111.20091686978249, 5.8175523715922095]}, "datetime": {"datetime": "2025-08-12 02:23:38", "elapsed": 35897.68146586418, "delta": 18.6275372505188}, "costs": {"total_cost": 181.64353894775653, "time_cost": 71.568, "final_distance_cost": 1.830696264077223, "oscillation_cost": 21.229147361386016, "completition_cost": 0.0, "overshoot_cost": 51.540097568358725, "power_cost": 14.150037756347658, "noise_cost": 21.325559997586918, "n_waypoints_completed": 9, "tot_waypoints": 9}}
{"target": -199.39735141216468, "params": {"k_pid_pos": [0.36396231090940184, 0.00469317164118314, 0.0005277690707044835], "k_pid_alt": [1.0320205822887203, 0.004520251640259302, 0.007663140659864658], "k_pid_att": [27.83419452768231, 0.3712559717906511, 1.0], "k_pid_yaw": [0.5, 1e-06, 0.1], "k_pid_hsp": [0.11596334506433266, 0.012647132767235475, 0.0], "k_pid_vsp": [138.08739518113362, 144.55174183034094, 6.892290921896239]}, "datetime": {"datetime": "2025-08-12 02:24:00", "elapsed": 35919.95221686363, "delta": 22.270750999450684}, "costs": {"total_cost": 199.39735141216468, "time_cost": 83.139, "final_distance_cost": 1.8641727005994337, "oscillation_cost": 19.14141279172327, "completition_cost": 0.0, "overshoot_cost": 51.73535205391786, "power_cost": 15.903181701660158, "noise_cost": 27.61423216426396, "n_waypoints_completed": 9, "tot_waypoints": 9}}
{"target": -184.79112507021216, "params": {"k_pid_pos": [0.6455969859192003, 0.006614297263371912, 0.0005248504426491205], "k_pid_alt": [1.8422884792910583, 0.004712634982117902, 0.003293951347517194], "k_pid_att": [36.619334576312596, 0.392629204588897, 0.9567138265374465], "k_pid_yaw": [0.5, 1e-06, 0.1], "k_pid_hsp": [0.07237293601058441, 0.009238962512740694, 0.0], "k_pid_vsp": [103.99897614968411, 104.53113583868905, 8.372864335813638]}, "datetime": {"datetime": "2025-08-12 02:24:19", "elapsed": 35938.382860183716, "delta": 18.430643320083618}, "costs": {"total_cost": 184.79112507021216, "time_cost": 73.311, "final_distance_cost": 1.8071361299579478, "oscillation_cost": 21.873256332104294, "completition_cost": 0.0, "overshoot_cost": 51.79300719383426, "power_cost": 14.52319656982422, "noise_cost": 21.48352884449143, "n_waypoints_completed": 9, "tot_waypoints": 9}}
{"target": -182.75085175861588, "params": {"k_pid_pos": [0.5503165737812464, 0.006240025632805538, 0.0007672746292879908], "k_pid_alt": [1.6063468498202254, 0.004866780659824409, 0.0073389008422651185], "k_pid_att": [30.520638106199257, 0.3131207045759457, 0.7091593090187097], "k_pid_yaw": [0.5, 1e-06, 0.1], "k_pid_hsp": [0.08299354296447957, 0.008952209710077388, 0.0], "k_pid_vsp": [79.67395738775792, 99.5135552864349, 6.327825539958113]}, "datetime": {"datetime": "2025-08-12 02:24:38", "elapsed": 35957.471766233444, "delta": 19.088906049728394}, "costs": {"total_cost": 182.75085175861588, "time_cost": 72.632, "final_distance_cost": 1.832908392039562, "oscillation_cost": 20.5162636244466, "completition_cost": 0.0, "overshoot_cost": 51.70286103448006, "power_cost": 14.311360876464844, "noise_cost": 21.75545783118479, "n_waypoints_completed": 9, "tot_waypoints": 9}}
{"target": -181.76468593871385, "params": {"k_pid_pos": [0.6286408985542314, 0.006219417605353861, 0.0007253073445163544], "k_pid_alt": [1.4096136559847092, 0.00417134551645772, 0.006703317956157108], "k_pid_att": [27.68882636758391, 0.35224445478884, 0.9099768672428068], "k_pid_yaw": [0.5, 1e-06, 0.1], "k_pid_hsp": [0.09462954722944718, 0.00740269449424482, 0.0], "k_pid_vsp": [117.68554990351161, 127.83012341026938, 4.037366786557686]}, "datetime": {"datetime": "2025-08-12 02:24:55", "elapsed": 35975.19724035263, "delta": 17.7254741191864}, "costs": {"total_cost": 181.76468593871385, "time_cost": 71.12, "final_distance_cost": 1.8168878414165162, "oscillation_cost": 22.338807935451715, "completition_cost": 0.0, "overshoot_cost": 51.19955393279491, "power_cost": 14.139498510742188, "noise_cost": 21.14993771830851, "n_waypoints_completed": 9, "tot_waypoints": 9}}
{"target": -184.606030875754, "params": {"k_pid_pos": [0.6685028416115656, 0.004713950739701703, 0.00048718047132633975], "k_pid_alt": [1.4746452835133486, 0.004864253466737947, 0.008562637601122646], "k_pid_att": [31.416448417614742, 0.3994100467047145, 1.0], "k_pid_yaw": [0.5, 1e-06, 0.1], "k_pid_hsp": [0.0738798294813097, 0.010183675295102376, 0.0], "k_pid_vsp": [134.37646909108298, 111.185365640288, 6.034217207274764]}, "datetime": {"datetime": "2025-08-12 02:25:15", "elapsed": 35995.34705424309, "delta": 20.149813890457153}, "costs": {"total_cost": 184.606030875754, "time_cost": 72.95400000000001, "final_distance_cost": 1.7880078468743676, "oscillation_cost": 22.46977541809828, "completition_cost": 0.0, "overshoot_cost": 51.63571718454191, "power_cost": 14.335213989257813, "noise_cost": 21.423316436981587, "n_waypoints_completed": 9, "tot_waypoints": 9}}
{"target": -182.30990347499284, "params": {"k_pid_pos": [0.6135524398217985, 0.005922064030612344, 0.0006961697412877036], "k_pid_alt": [1.5176743755142883, 0.004352612415104071, 0.0029469826489991902], "k_pid_att": [22.20178908096314, 0.18509187682075479, 1.0], "k_pid_yaw": [0.5, 1e-06, 0.1], "k_pid_hsp": [0.12341610888689165, 0.011314289608547641, 0.0], "k_pid_vsp": [132.03811851705345, 117.38087079634136, 5.269102212284726]}, "datetime": {"datetime": "2025-08-12 02:25:33", "elapsed": 36012.75054550171, "delta": 17.403491258621216}, "costs": {"total_cost": 182.30990347499284, "time_cost": 70.791, "final_distance_cost": 1.835587606451575, "oscillation_cost": 23.606928699778337, "completition_cost": 0.0, "overshoot_cost": 50.73857570238494, "power_cost": 14.165832934570313, "noise_cost": 21.17197853180767, "n_waypoints_completed": 9, "tot_waypoints": 9}}
{"target": -181.79445477399506, "params": {"k_pid_pos": [0.6475780869062812, 0.005062781263848712, 0.0005984676845227813], "k_pid_alt": [1.3886325830002262, 0.004338394506749533, 0.005831065531602499], "k_pid_att": [31.443508414814172, 0.40234888819894027, 1.0], "k_pid_yaw": [0.5, 1e-06, 0.1], "k_pid_hsp": [0.09355122089780998, 0.009086159682380088, 0.0], "k_pid_vsp": [139.1759560285238, 150.780635290385, 4.3656329546891035]}, "datetime": {"datetime": "2025-08-12 02:25:51", "elapsed": 36031.19924402237, "delta": 18.4486985206604}, "costs": {"total_cost": 181.79445477399506, "time_cost": 71.05, "final_distance_cost": 1.831452983913414, "oscillation_cost": 22.728413988099916, "completition_cost": 0.0, "overshoot_cost": 50.94166116310148, "power_cost": 14.164062365722657, "noise_cost": 21.078864273157603, "n_waypoints_completed": 9, "tot_waypoints": 9}}
{"target": -182.01939123439064, "params": {"k_pid_pos": [0.7010450824395572, 0.005905802518970831, 0.0007079941837226051], "k_pid_alt": [1.2139901436555869, 0.0043482829918846605, 0.008428840262502594], "k_pid_att": [26.40321308292069, 0.4590024464967893, 0.6724728769144135], "k_pid_yaw": [0.5, 1e-06, 0.1], "k_pid_hsp": [0.10769530405653775, 0.0067676694862528405, 0.0], "k_pid_vsp": [123.53534312937046, 91.85602474890611, 3.961535828376339]}, "datetime": {"datetime": "2025-08-12 02:26:09", "elapsed": 36048.645745277405, "delta": 17.4465012550354}, "costs": {"total_cost": 182.01939123439064, "time_cost": 70.518, "final_distance_cost": 1.8131437323427473, "oscillation_cost": 23.792967921009797, "completition_cost": 0.0, "overshoot_cost": 51.008970417655746, "power_cost": 14.072372717285157, "noise_cost": 20.8139364460972, "n_waypoints_completed": 9, "tot_waypoints": 9}}
{"target": -182.19575382518528, "params": {"k_pid_pos": [0.5357699796123817, 0.0037626662080183153, 0.0007336199028883927], "k_pid_alt": [1.3978683301349593, 0.0037926692799486305, 0.005451221845270307], "k_pid_att": [33.05678402108364, 0.32962620882356936, 0.8023578433962394], "k_pid_yaw": [0.5, 1e-06, 0.1], "k_pid_hsp": [0.0855838249517988, 0.008680931792371132, 0.0], "k_pid_vsp": [139.9589636185227, 138.3416426637533, 4.562256927747266]}, "datetime": {"datetime": "2025-08-12 02:26:27", "elapsed": 36067.32519316673, "delta": 18.679447889328003}, "costs": {"total_cost": 182.19575382518528, "time_cost": 72.31700000000001, "final_distance_cost": 1.823247786376313, "oscillation_cost": 20.321184176332718, "completition_cost": 0.0, "overshoot_cost": 51.96718306411489, "power_cost": 14.172231958007814, "noise_cost": 21.594906840353538, "n_waypoints_completed": 9, "tot_waypoints": 9}}
{"target": -185.1460226666442, "params": {"k_pid_pos": [0.6107261059463608, 0.00707461770900335, 0.0007337114586377943], "k_pid_alt": [1.2207925440775178, 0.0052300824308701465, 0.007198495137142845], "k_pid_att": [32.14250166825783, 0.25886728439107026, 0.6453447075733226], "k_pid_yaw": [0.5, 1e-06, 0.1], "k_pid_hsp": [0.07240316818229924, 0.008285017198875989, 0.0], "k_pid_vsp": [84.8744855076486, 145.70424983724936, 5.328104946507541]}, "datetime": {"datetime": "2025-08-12 02:26:46", "elapsed": 36085.463368177414, "delta": 18.138175010681152}, "costs": {"total_cost": 185.1460226666442, "time_cost": 73.899, "final_distance_cost": 1.8169846202507678, "oscillation_cost": 21.232765539856338, "completition_cost": 0.0, "overshoot_cost": 51.82182922607972, "power_cost": 14.523785705566407, "noise_cost": 21.85165757489096, "n_waypoints_completed": 9, "tot_waypoints": 9}}
{"target": -182.86348448767478, "params": {"k_pid_pos": [0.5455664686198028, 0.005105222384919269, 0.0005554301739320387], "k_pid_alt": [1.4169734606410245, 0.0038559454603206045, 0.0031058526274150744], "k_pid_att": [29.24772407022697, 0.29437904535760523, 0.6044812631450989], "k_pid_yaw": [0.5, 1e-06, 0.1], "k_pid_hsp": [0.11674303142376478, 0.007028762975669109, 0.0], "k_pid_vsp": [112.18487637443796, 157.93291010452745, 4.211664245519508]}, "datetime": {"datetime": "2025-08-12 02:27:04", "elapsed": 36104.04497885704, "delta": 18.581610679626465}, "costs": {"total_cost": 182.86348448767478, "time_cost": 71.764, "final_distance_cost": 1.8451555491141, "oscillation_cost": 22.178804442356927, "completition_cost": 0.0, "overshoot_cost": 51.1783049470029, "power_cost": 14.24034383544922, "noise_cost": 21.65687571375167, "n_waypoints_completed": 9, "tot_waypoints": 9}}
{"target": -181.86555677278733, "params": {"k_pid_pos": [0.5936343138570277, 0.005670998080858985, 0.0005784629353049471], "k_pid_alt": [1.305639875013432, 0.004886219988850513, 0.00651762152583292], "k_pid_att": [35.192671594679275, 0.4885298599685582, 0.9448229024148356], "k_pid_yaw": [0.5, 1e-06, 0.1], "k_pid_hsp": [0.09365114273137125, 0.005471589019319004, 0.0], "k_pid_vsp": [109.79433628697018, 116.79905446702033, 4.355653267422699]}, "datetime": {"datetime": "2025-08-12 02:27:21", "elapsed": 36121.33560752869, "delta": 17.290628671646118}, "costs": {"total_cost": 181.86555677278733, "time_cost": 71.568, "final_distance_cost": 1.813219690438797, "oscillation_cost": 21.443114405039445, "completition_cost": 0.0, "overshoot_cost": 51.65760151773741, "power_cost": 14.132344653320313, "noise_cost": 21.251276506251365, "n_waypoints_completed": 9, "tot_waypoints": 9}}
{"target": -185.87274358976532, "params": {"k_pid_pos": [0.6730507076087768, 0.008248282434834121, 0.0007613702192290363], "k_pid_alt": [1.6807087791716837, 0.005966282592669787, 0.008834952181182005], "k_pid_att": [34.14447968084388, 0.2940844886558772, 1.0], "k_pid_yaw": [0.5, 1e-06, 0.1], "k_pid_hsp": [0.06918753186676672, 0.009529780579675748, 0.0], "k_pid_vsp": [151.90032971051798, 112.49850134570652, 3.5522154570953277]}, "datetime": {"datetime": "2025-08-12 02:27:40", "elapsed": 36140.19884800911, "delta": 18.863240480422974}, "costs": {"total_cost": 185.87274358976532, "time_cost": 73.514, "final_distance_cost": 1.7768365809509965, "oscillation_cost": 22.19777113084677, "completition_cost": 0.0, "overshoot_cost": 52.01046409280771, "power_cost": 14.5350416015625, "noise_cost": 21.838630183597317, "n_waypoints_completed": 9, "tot_waypoints": 9}}
{"target": -182.9337129620372, "params": {"k_pid_pos": [0.5098814515918684, 0.006829942884597588, 0.00048377701531969404], "k_pid_alt": [0.8864751349460799, 0.002809169823666782, 0.009755452146494432], "k_pid_att": [37.23129974151902, 0.3467566951516036, 1.0], "k_pid_yaw": [0.5, 1e-06, 0.1], "k_pid_hsp": [0.09170972960105078, 0.008927056175017246, 0.0], "k_pid_vsp": [120.47981466102614, 80.7889302854796, 5.592378983644077]}, "datetime": {"datetime": "2025-08-12 02:27:59", "elapsed": 36158.8644721508, "delta": 18.665624141693115}, "costs": {"total_cost": 182.9337129620372, "time_cost": 73.479, "final_distance_cost": 1.832099072862058, "oscillation_cost": 20.234335350237465, "completition_cost": 0.0, "overshoot_cost": 51.35772592387002, "power_cost": 14.297696069335938, "noise_cost": 21.73285654573171, "n_waypoints_completed": 9, "tot_waypoints": 9}}
{"target": -184.01503264874825, "params": {"k_pid_pos": [0.5670445352097766, 0.00586297383871938, 0.0007097699608824983], "k_pid_alt": [1.2544857726732894, 0.003752215941589042, 0.005067183985590111], "k_pid_att": [28.8276585987023, 0.43437834330202957, 0.7636596752627011], "k_pid_yaw": [0.5, 1e-06, 0.1], "k_pid_hsp": [0.07538489760934729, 0.005939476119973666, 0.0], "k_pid_vsp": [110.04785630370215, 131.30676071345545, 4.939316966010071]}, "datetime": {"datetime": "2025-08-12 02:28:18", "elapsed": 36178.09477639198, "delta": 19.23030424118042}, "costs": {"total_cost": 184.01503264874825, "time_cost": 73.976, "final_distance_cost": 1.8179929861472461, "oscillation_cost": 19.96245112756365, "completition_cost": 0.0, "overshoot_cost": 51.915398870633936, "power_cost": 14.391936010742189, "noise_cost": 21.951253653661222, "n_waypoints_completed": 9, "tot_waypoints": 9}}
{"target": -184.89105311790766, "params": {"k_pid_pos": [0.7063921599892762, 0.006028295678082325, 0.0008204712553892738], "k_pid_alt": [1.7143422244666364, 0.003759053249340357, 0.011058051038008589], "k_pid_att": [43.01907060977725, 0.3659948291480793, 0.8113555932123137], "k_pid_yaw": [0.5, 1e-06, 0.1], "k_pid_hsp": [0.07809939769587465, 0.007201164319925522, 0.0], "k_pid_vsp": [142.72296910714053, 111.31548130346543, 5.691175686825713]}, "datetime": {"datetime": "2025-08-12 02:28:36", "elapsed": 36196.16769838333, "delta": 18.072921991348267}, "costs": {"total_cost": 184.89105311790766, "time_cost": 72.632, "final_distance_cost": 1.8199360712740194, "oscillation_cost": 22.991213314465973, "completition_cost": 0.0, "overshoot_cost": 51.37352406134155, "power_cost": 14.451150305175782, "noise_cost": 21.623229365650335, "n_waypoints_completed": 9, "tot_waypoints": 9}}
