{"target": -183.61571327290352, "params": {"k_pid_pos": [0.7339941246052725, 0.006580456485810294, 0.000679452820243667], "k_pid_alt": [2.0, 0.0047500036875537015, 0.0339313698953346], "k_pid_att": [28.11846061362986, 0.18895004948323554, 0.08590346059373151], "k_pid_yaw": [0.5, 1e-06, 0.1], "k_pid_hsp": [0.12941493128868106, 0.015212956761996582, 0.0], "k_pid_vsp": [101.18578314397048, 113.8676273161579, 3.471327614752852]}, "datetime": {"datetime": "2025-08-11 21:43:04", "elapsed": 19064.064755678177, "delta": 17.916274309158325}, "costs": {"total_cost": 183.61571327290352, "time_cost": 70.126, "final_distance_cost": 1.8396710673579497, "oscillation_cost": 25.86202504032313, "completition_cost": 0.0, "overshoot_cost": 50.81777961750243, "power_cost": 14.22115399169922, "noise_cost": 20.74908355602076, "n_waypoints_completed": 9, "tot_waypoints": 9}}
{"target": -660.6228594496664, "params": {"k_pid_pos": [0.3490292643709771, 0.0052153261707170604, 0.00045515374730220067], "k_pid_alt": [1.4450131828621917, 0.005786313141138424, 0.03998388137015215], "k_pid_att": [38.18624581946663, 0.3648875292514581, 0.9382540739296488], "k_pid_yaw": [0.5, 1e-06, 0.1], "k_pid_hsp": [0.018197837895179536, 0.0081724105198753, 0.0], "k_pid_vsp": [20.870265062071272, 92.61684537871243, 8.374361934537074]}, "datetime": {"datetime": "2025-08-11 21:43:34", "elapsed": 19094.24105644226, "delta": 30.176300764083862}, "costs": {"total_cost": 660.6228594496664, "time_cost": 150, "final_distance_cost": 57.88326694136883, "oscillation_cost": 7.229810565828123, "completition_cost": 333.33333333333337, "overshoot_cost": 57.55918518536124, "power_cost": 21.81230399169922, "noise_cost": 32.80495943207566, "n_waypoints_completed": 6, "tot_waypoints": 9}}
{"target": -187.2684446901295, "params": {"k_pid_pos": [0.8475084218468094, 0.009400065105664365, 0.0006770160204263915], "k_pid_alt": [0.9344206257304197, 0.00573169619403998, 0.0262509530713978], "k_pid_att": [29.98215335887745, 0.46091273326335913, 0.7168751886243915], "k_pid_yaw": [0.5, 1e-06, 0.1], "k_pid_hsp": [0.09033572093156551, 0.014281647133573308, 0.0], "k_pid_vsp": [120.32991438683466, 92.96755273301589, 8.803402715913808]}, "datetime": {"datetime": "2025-08-11 21:43:53", "elapsed": 19112.442141532898, "delta": 18.201085090637207}, "costs": {"total_cost": 187.2684446901295, "time_cost": 72.296, "final_distance_cost": 1.7912350087581006, "oscillation_cost": 26.77466049088275, "completition_cost": 0.0, "overshoot_cost": 50.32958908795266, "power_cost": 16.427076184082033, "noise_cost": 19.649883918453956, "n_waypoints_completed": 9, "tot_waypoints": 9}}
{"target": -197.27026312543867, "params": {"k_pid_pos": [1.0661105517693077, 0.008707520672130625, 0.0009165547268311208], "k_pid_alt": [1.8405757828494493, 0.0050583202483434715, 0.017083442243777235], "k_pid_att": [37.505482016729765, 0.23831378450296156, 1.0], "k_pid_yaw": [0.5, 1e-06, 0.1], "k_pid_hsp": [0.06822622953223852, 0.0163472955192811, 0.0], "k_pid_vsp": [42.344774800409965, 139.0359001286415, 4.266249124881848]}, "datetime": {"datetime": "2025-08-11 21:44:12", "elapsed": 19132.077313423157, "delta": 19.63517189025879}, "costs": {"total_cost": 197.27026312543867, "time_cost": 75.418, "final_distance_cost": 1.7889063853052871, "oscillation_cost": 31.164399193159205, "completition_cost": 0.0, "overshoot_cost": 51.449446281890154, "power_cost": 15.612432287597658, "noise_cost": 21.837078977486346, "n_waypoints_completed": 9, "tot_waypoints": 9}}
{"target": -183.46342840033662, "params": {"k_pid_pos": [0.652895858096031, 0.009431411264733845, 0.0006164063096526547], "k_pid_alt": [1.3240560571424935, 0.005394722139862464, 0.03388812071879913], "k_pid_att": [46.18891552271941, 0.2843636136541797, 0.5470038346682079], "k_pid_yaw": [0.5, 1e-06, 0.1], "k_pid_hsp": [0.08625843586056721, 0.010348323845409046, 0.0], "k_pid_vsp": [101.748329937192, 104.85375853121782, 6.5011462222693694]}, "datetime": {"datetime": "2025-08-11 21:44:30", "elapsed": 19149.98348903656, "delta": 17.90617561340332}, "costs": {"total_cost": 183.46342840033662, "time_cost": 72.226, "final_distance_cost": 1.8116780454882098, "oscillation_cost": 22.921624952753078, "completition_cost": 0.0, "overshoot_cost": 50.97823848786125, "power_cost": 14.279781884765626, "noise_cost": 21.246105029468474, "n_waypoints_completed": 9, "tot_waypoints": 9}}
{"target": -185.14730234750724, "params": {"k_pid_pos": [0.4511059403067768, 0.007481313559672941, 0.0007508599704029508], "k_pid_alt": [1.998215951665241, 0.005429029830806484, 0.04706482601888859], "k_pid_att": [42.726269516167655, 0.29506244891461714, 0.8137657433211726], "k_pid_yaw": [0.5, 1e-06, 0.1], "k_pid_hsp": [0.07810128391956768, 0.014542530129969018, 0.0], "k_pid_vsp": [103.54709991691617, 86.9083958495773, 4.5293647867769]}, "datetime": {"datetime": "2025-08-11 21:44:49", "elapsed": 19168.806106328964, "delta": 18.822617292404175}, "costs": {"total_cost": 185.14730234750724, "time_cost": 74.914, "final_distance_cost": 1.836173249021263, "oscillation_cost": 19.068541057994377, "completition_cost": 0.0, "overshoot_cost": 52.043252598991415, "power_cost": 14.604951928710939, "noise_cost": 22.680383512789234, "n_waypoints_completed": 9, "tot_waypoints": 9}}
{"target": -250.50564247324843, "params": {"k_pid_pos": [0.2187807069527121, 0.011738084675313601, 0.00016138110463127453], "k_pid_alt": [1.2574678707411453, 0.010421396951129184, 0.01720639051819876], "k_pid_att": [37.50875410610521, 0.24344927834540317, 0.7313225315261356], "k_pid_yaw": [0.5, 1e-06, 0.1], "k_pid_hsp": [0.0630126733162794, 0.009311771113836303, 0.0], "k_pid_vsp": [75.9795233191997, 49.10190367788399, 9.389566218264866]}, "datetime": {"datetime": "2025-08-11 21:45:18", "elapsed": 19197.877833127975, "delta": 29.07172679901123}, "costs": {"total_cost": 250.50564247324843, "time_cost": 115.15, "final_distance_cost": 1.8633792164661775, "oscillation_cost": 12.584077975678282, "completition_cost": 0.0, "overshoot_cost": 58.59528310077078, "power_cost": 26.97198220214844, "noise_cost": 35.34091997818476, "n_waypoints_completed": 9, "tot_waypoints": 9}}
{"target": -182.45140854176682, "params": {"k_pid_pos": [0.6877743460604498, 0.0065083204285097465, 0.0004990797215254944], "k_pid_alt": [1.2120586530963187, 0.0061148381215132405, 0.006434213972575549], "k_pid_att": [31.74765542815901, 0.4057708876876445, 0.6037585234212791], "k_pid_yaw": [0.5, 1e-06, 0.1], "k_pid_hsp": [0.1378285891581786, 0.00975928578386135, 0.0], "k_pid_vsp": [82.02004372154548, 145.7991183423882, 3.777521543627215]}, "datetime": {"datetime": "2025-08-11 21:45:36", "elapsed": 19215.840030431747, "delta": 17.962197303771973}, "costs": {"total_cost": 182.45140854176682, "time_cost": 70.105, "final_distance_cost": 1.840322138197724, "oscillation_cost": 25.01009636187077, "completition_cost": 0.0, "overshoot_cost": 50.53103728172877, "power_cost": 14.178208630371094, "noise_cost": 20.786744129598464, "n_waypoints_completed": 9, "tot_waypoints": 9}}
{"target": -555.0916251325087, "params": {"k_pid_pos": [0.16146398809775112, 0.008786595866131166, 0.0004600557944829783], "k_pid_alt": [1.229186570426356, 0.00438175280095617, 0.04334631073897035], "k_pid_att": [33.51051856895344, 0.2555163773115737, 0.998187822909759], "k_pid_yaw": [0.5, 1e-06, 0.1], "k_pid_hsp": [0.11745708129052353, 0.012400517901091172, 0.0], "k_pid_vsp": [116.74187257082365, 51.16023988978872, 6.270878596459666]}, "datetime": {"datetime": "2025-08-11 21:46:06", "elapsed": 19246.356625556946, "delta": 30.516595125198364}, "costs": {"total_cost": 555.0916251325087, "time_cost": 150, "final_distance_cost": 65.0501000686664, "oscillation_cost": 9.867596069211062, "completition_cost": 222.2222222222222, "overshoot_cost": 53.717932688942064, "power_cost": 21.52671324462891, "noise_cost": 32.70706083883819, "n_waypoints_completed": 7, "tot_waypoints": 9}}
{"target": -186.3227468254545, "params": {"k_pid_pos": [0.5607817545724861, 0.008464841550672913, 0.0007959635817895385], "k_pid_alt": [1.6785274118508842, 0.006102185769257153, 0.03368058031109875], "k_pid_att": [51.42619965188948, 0.33976407404080344, 0.7491915311292078], "k_pid_yaw": [0.5, 1e-06, 0.1], "k_pid_hsp": [0.13779315238076514, 0.02191678710139949, 0.0], "k_pid_vsp": [54.38794896235368, 62.10960360619356, 6.698266466909345]}, "datetime": {"datetime": "2025-08-11 21:46:25", "elapsed": 19264.64750123024, "delta": 18.290875673294067}, "costs": {"total_cost": 186.3227468254545, "time_cost": 72.163, "final_distance_cost": 1.8539278514461222, "oscillation_cost": 25.131923491581194, "completition_cost": 0.0, "overshoot_cost": 50.65907367137621, "power_cost": 14.428368945312501, "noise_cost": 22.08645286573845, "n_waypoints_completed": 9, "tot_waypoints": 9}}
{"target": -205.88039679410275, "params": {"k_pid_pos": [0.3238173067041054, 0.01081467428953671, 0.000665479595896646], "k_pid_alt": [1.3211825260784107, 0.0002996170550551766, 0.01811063342502896], "k_pid_att": [22.707755019473016, 0.3836345992920951, 0.9035662459809176], "k_pid_yaw": [0.5, 1e-06, 0.1], "k_pid_hsp": [0.1112576254129156, 0.012557378306914196, 0.0], "k_pid_vsp": [29.154403728092955, 125.86044840089487, 5.055505914468511]}, "datetime": {"datetime": "2025-08-11 21:46:47", "elapsed": 19286.925560951233, "delta": 22.278059720993042}, "costs": {"total_cost": 205.88039679410275, "time_cost": 87.346, "final_distance_cost": 1.862665598230782, "oscillation_cost": 17.899568508111177, "completition_cost": 0.0, "overshoot_cost": 52.836760098476034, "power_cost": 16.765783203125, "noise_cost": 29.16961938615976, "n_waypoints_completed": 9, "tot_waypoints": 9}}
{"target": -187.8559163922167, "params": {"k_pid_pos": [0.937062072034259, 0.0012522981372839706, 0.0008190085795097842], "k_pid_alt": [1.279061175588362, 0.008882934842078362, 0.022011991041522665], "k_pid_att": [66.8030754776955, 0.3086056761214786, 0.451323579156411], "k_pid_yaw": [0.5, 1e-06, 0.1], "k_pid_hsp": [0.0830973830858263, 0.00966083444832716, 0.0], "k_pid_vsp": [57.980873290430985, 140.5244565586748, 2.518443087359588]}, "datetime": {"datetime": "2025-08-11 21:47:05", "elapsed": 19304.84688925743, "delta": 17.92132830619812}, "costs": {"total_cost": 187.8559163922167, "time_cost": 72.023, "final_distance_cost": 1.7649462555590048, "oscillation_cost": 27.46214356599276, "completition_cost": 0.0, "overshoot_cost": 50.976451102194986, "power_cost": 14.659020227050782, "noise_cost": 20.970355241419146, "n_waypoints_completed": 9, "tot_waypoints": 9}}
{"target": -189.0689182478518, "params": {"k_pid_pos": [0.8152333861678795, 0.0058956654989927755, 0.0007415071890965965], "k_pid_alt": [1.0798109228501065, 0.0050286723161407755, 0.010103993662534743], "k_pid_att": [47.46674584775877, 0.30608686710809047, 0.9795576671706391], "k_pid_yaw": [0.5, 1e-06, 0.1], "k_pid_hsp": [0.06437219943742874, 0.008767611776321564, 0.0], "k_pid_vsp": [83.46906905070897, 136.8166881776873, 6.546125424902304]}, "datetime": {"datetime": "2025-08-11 21:47:24", "elapsed": 19323.493394613266, "delta": 18.64650535583496}, "costs": {"total_cost": 189.0689182478518, "time_cost": 74.382, "final_distance_cost": 1.7959664612239896, "oscillation_cost": 24.453328026922975, "completition_cost": 0.0, "overshoot_cost": 51.81391154775373, "power_cost": 14.797831408691406, "noise_cost": 21.8258808032597, "n_waypoints_completed": 9, "tot_waypoints": 9}}
{"target": -188.94886497070723, "params": {"k_pid_pos": [0.44427632176540377, 0.008564646474026832, 0.0005959799802236141], "k_pid_alt": [1.696508763375907, 0.004995637001149665, 0.016024986346647844], "k_pid_att": [33.243009399654014, 0.21767099491319208, 0.608479536966466], "k_pid_yaw": [0.5, 1e-06, 0.1], "k_pid_hsp": [0.10870074416916897, 0.017837506541981234, 0.0], "k_pid_vsp": [45.10720943721028, 114.26575355052739, 8.650194694513695]}, "datetime": {"datetime": "2025-08-11 21:47:43", "elapsed": 19342.802903413773, "delta": 19.309508800506592}, "costs": {"total_cost": 188.94886497070723, "time_cost": 75.432, "final_distance_cost": 1.86180330058721, "oscillation_cost": 21.79025313679742, "completition_cost": 0.0, "overshoot_cost": 51.02277663518933, "power_cost": 15.90680379638672, "noise_cost": 22.93522810174654, "n_waypoints_completed": 9, "tot_waypoints": 9}}
{"target": -182.29402829639335, "params": {"k_pid_pos": [0.639675118834418, 0.0075392327428719695, 0.0003884375291856973], "k_pid_alt": [1.579507912133228, 0.009027364800477325, 0.022270397858954388], "k_pid_att": [12.49606341822568, 0.18340386441990367, 0.430586152117517], "k_pid_yaw": [0.5, 1e-06, 0.1], "k_pid_hsp": [0.10460575488553232, 0.014172760290203854, 0.0], "k_pid_vsp": [40.5010137433895, 133.77866339039522, 6.734775738081461]}, "datetime": {"datetime": "2025-08-11 21:48:01", "elapsed": 19360.3630194664, "delta": 17.560116052627563}, "costs": {"total_cost": 182.29402829639335, "time_cost": 70.84700000000001, "final_distance_cost": 1.8257440516328285, "oscillation_cost": 24.174497949900502, "completition_cost": 0.0, "overshoot_cost": 50.272648788164744, "power_cost": 14.320283837890626, "noise_cost": 20.853853668804646, "n_waypoints_completed": 9, "tot_waypoints": 9}}
{"target": -183.04299890315164, "params": {"k_pid_pos": [0.5857660348045775, 0.00866516058068456, 0.0007719926486663935], "k_pid_alt": [1.506140702953265, 0.005776037919728652, 0.01970445858936573], "k_pid_att": [23.570569017779352, 0.22753788046880807, 0.8788501254114175], "k_pid_yaw": [0.5, 1e-06, 0.1], "k_pid_hsp": [0.08489104457851294, 0.013368467571894775, 0.0], "k_pid_vsp": [130.84339188819288, 112.36897618769883, 6.508257661939733]}, "datetime": {"datetime": "2025-08-11 21:48:19", "elapsed": 19379.045250177383, "delta": 18.682230710983276}, "costs": {"total_cost": 183.04299890315164, "time_cost": 72.604, "final_distance_cost": 1.816651993994795, "oscillation_cost": 21.9258902897198, "completition_cost": 0.0, "overshoot_cost": 51.120128821247285, "power_cost": 14.222310131835938, "noise_cost": 21.354017666353815, "n_waypoints_completed": 9, "tot_waypoints": 9}}
{"target": -187.3726853436515, "params": {"k_pid_pos": [0.5947117624752091, 0.008480216085773432, 0.0007909604024263266], "k_pid_alt": [0.6844291011880831, 0.006551965200890602, 0.02325680425011521], "k_pid_att": [23.051917060023925, 0.29834877975356633, 1.0], "k_pid_yaw": [0.5, 1e-06, 0.1], "k_pid_hsp": [0.07499556682700344, 0.012339810285114765, 0.0], "k_pid_vsp": [82.70344542770728, 73.76861009767825, 7.751439091964568]}, "datetime": {"datetime": "2025-08-11 21:48:38", "elapsed": 19398.002261400223, "delta": 18.957011222839355}, "costs": {"total_cost": 187.3726853436515, "time_cost": 75.663, "final_distance_cost": 1.7996264039280103, "oscillation_cost": 21.77954060806143, "completition_cost": 0.0, "overshoot_cost": 51.52839238910445, "power_cost": 14.742377282714845, "noise_cost": 21.859748659842776, "n_waypoints_completed": 9, "tot_waypoints": 9}}
{"target": -183.91873593103875, "params": {"k_pid_pos": [0.7806601388570663, 0.012070033033168134, 0.0006833619067705302], "k_pid_alt": [1.1339803743329868, 0.0030499897527472286, 0.03250831333335524], "k_pid_att": [34.248375771093684, 0.29230446201086574, 0.9128735384411454], "k_pid_yaw": [0.5, 1e-06, 0.1], "k_pid_hsp": [0.10007927010306535, 0.010264251848094813, 0.0], "k_pid_vsp": [92.62525948536563, 154.62101288763526, 5.331012345170525]}, "datetime": {"datetime": "2025-08-11 21:48:55", "elapsed": 19415.286405324936, "delta": 17.284143924713135}, "costs": {"total_cost": 183.91873593103875, "time_cost": 71.232, "final_distance_cost": 1.809125654046331, "oscillation_cost": 25.37303271254938, "completition_cost": 0.0, "overshoot_cost": 50.20052069136626, "power_cost": 14.393206701660157, "noise_cost": 20.91085017141665, "n_waypoints_completed": 9, "tot_waypoints": 9}}
{"target": -189.80211893924735, "params": {"k_pid_pos": [0.7311721929527902, 0.009002879069732642, 0.0006869048456820678], "k_pid_alt": [1.2728653012600342, 0.00541038114828769, 0.020504686712067788], "k_pid_att": [72.6020631088228, 0.300670887489129, 0.9554137425722696], "k_pid_yaw": [0.5, 1e-06, 0.1], "k_pid_hsp": [0.053842320718282766, 0.011623151910476333, 0.0], "k_pid_vsp": [41.21555535205473, 82.7965719321328, 4.109114276843706]}, "datetime": {"datetime": "2025-08-11 21:49:15", "elapsed": 19434.676256895065, "delta": 19.389851570129395}, "costs": {"total_cost": 189.80211893924735, "time_cost": 75.69800000000001, "final_distance_cost": 1.792038953739581, "oscillation_cost": 22.485255376989468, "completition_cost": 0.0, "overshoot_cost": 52.710684097800225, "power_cost": 14.854496020507813, "noise_cost": 22.26164449021027, "n_waypoints_completed": 9, "tot_waypoints": 9}}
{"target": -187.11935940305506, "params": {"k_pid_pos": [0.8266496989914501, 0.008028406123619243, 0.00043030880948846797], "k_pid_alt": [0.7008692657243071, 0.006451910578827787, 0.01976453996855178], "k_pid_att": [18.867746838778107, 0.27264471682582236, 0.8429172877394441], "k_pid_yaw": [0.5, 1e-06, 0.1], "k_pid_hsp": [0.10732009510380836, 0.013519235942468871, 0.0], "k_pid_vsp": [100.52091562839375, 109.8739617098352, 7.677231166369867]}, "datetime": {"datetime": "2025-08-11 21:49:33", "elapsed": 19452.554450273514, "delta": 17.878193378448486}, "costs": {"total_cost": 187.11935940305506, "time_cost": 72.45700000000001, "final_distance_cost": 1.8207695880056556, "oscillation_cost": 26.597400604883035, "completition_cost": 0.0, "overshoot_cost": 50.55779665066617, "power_cost": 14.588930407714845, "noise_cost": 21.097462151785336, "n_waypoints_completed": 9, "tot_waypoints": 9}}
{"target": -193.05329060895892, "params": {"k_pid_pos": [0.38792490998623946, 0.0080669471897316, 0.0006633397501639472], "k_pid_alt": [1.3402930493241556, 0.0058374941688007454, 0.03107200153143198], "k_pid_att": [4.138457492726785, 0.33405796246415176, 1.0], "k_pid_yaw": [0.5, 1e-06, 0.1], "k_pid_hsp": [0.12524683665736072, 0.011283811284889816, 0.0], "k_pid_vsp": [72.52910211255163, 107.8369038490132, 6.2676141770906035]}, "datetime": {"datetime": "2025-08-11 21:49:53", "elapsed": 19472.371853351593, "delta": 19.817403078079224}, "costs": {"total_cost": 193.05329060895892, "time_cost": 79.492, "final_distance_cost": 1.8592595981857054, "oscillation_cost": 18.627336457864754, "completition_cost": 0.0, "overshoot_cost": 52.34700571845038, "power_cost": 15.351055822753906, "noise_cost": 25.376633011704175, "n_waypoints_completed": 9, "tot_waypoints": 9}}
{"target": -186.6842730233899, "params": {"k_pid_pos": [0.8595232353111252, 0.0035574544779080424, 0.0005563422797282149], "k_pid_alt": [1.2362240437984295, 0.0052809668300931685, 0.011052549166009557], "k_pid_att": [38.971932550049665, 0.3587642006227619, 0.9983613506849607], "k_pid_yaw": [0.5, 1e-06, 0.1], "k_pid_hsp": [0.08939345085430069, 0.012528669216110741, 0.0], "k_pid_vsp": [101.88664199184514, 34.316146239294675, 8.078200739026823]}, "datetime": {"datetime": "2025-08-11 21:50:11", "elapsed": 19490.862533569336, "delta": 18.49068021774292}, "costs": {"total_cost": 186.6842730233899, "time_cost": 71.799, "final_distance_cost": 1.7997525230982807, "oscillation_cost": 26.352227528582677, "completition_cost": 0.0, "overshoot_cost": 51.2109310037535, "power_cost": 14.42262098388672, "noise_cost": 21.099740984068703, "n_waypoints_completed": 9, "tot_waypoints": 9}}
{"target": -182.39605341003326, "params": {"k_pid_pos": [0.7684560451036563, 0.007269504545738742, 0.0006659172477906473], "k_pid_alt": [1.5721082206050003, 0.005842448688424682, 0.02375198328236223], "k_pid_att": [23.486718392295987, 0.3645410773620586, 0.7465173833967755], "k_pid_yaw": [0.5, 1e-06, 0.1], "k_pid_hsp": [0.15975094620549304, 0.013057232603627839, 0.0], "k_pid_vsp": [94.59895369837722, 110.54421561353655, 4.100299263916674]}, "datetime": {"datetime": "2025-08-11 21:50:28", "elapsed": 19508.0059299469, "delta": 17.143396377563477}, "costs": {"total_cost": 182.39605341003326, "time_cost": 69.601, "final_distance_cost": 1.8368642531551855, "oscillation_cost": 25.918480385478965, "completition_cost": 0.0, "overshoot_cost": 50.08493202323696, "power_cost": 14.239568225097656, "noise_cost": 20.71520852306452, "n_waypoints_completed": 9, "tot_waypoints": 9}}
{"target": -195.78192772869724, "params": {"k_pid_pos": [0.675890096563459, 0.009286575433678662, 0.0003104381434536559], "k_pid_alt": [0.5589569159134347, 0.0035065075641395513, 0.03913422858197305], "k_pid_att": [22.999199171073656, 0.22323954200770682, 0.928010168515076], "k_pid_yaw": [0.5, 1e-06, 0.1], "k_pid_hsp": [0.05629835560895369, 0.007795338732581788, 0.0], "k_pid_vsp": [105.92747998045523, 96.80992532304852, 5.205680248951136]}, "datetime": {"datetime": "2025-08-11 21:50:48", "elapsed": 19528.194278240204, "delta": 20.188348293304443}, "costs": {"total_cost": 195.78192772869724, "time_cost": 81.452, "final_distance_cost": 1.8114762553586778, "oscillation_cost": 21.198642380614263, "completition_cost": 0.0, "overshoot_cost": 52.61468026436404, "power_cost": 15.493766357421876, "noise_cost": 23.21136247093838, "n_waypoints_completed": 9, "tot_waypoints": 9}}
{"target": -199.3829478762385, "params": {"k_pid_pos": [0.3269942536430474, 0.007223203818087842, 0.00044317234958434355], "k_pid_alt": [1.3713815201365243, 0.005058882097774327, 0.02451253307719521], "k_pid_att": [45.64441202474171, 0.21877575584571815, 1.0], "k_pid_yaw": [0.5, 1e-06, 0.1], "k_pid_hsp": [0.09003596396612308, 0.009110666861473661, 0.0], "k_pid_vsp": [8.822274507137559, 31.127702492295413, 7.709328024904018]}, "datetime": {"datetime": "2025-08-11 21:51:11", "elapsed": 19550.719816684723, "delta": 22.525538444519043}, "costs": {"total_cost": 199.3829478762385, "time_cost": 83.251, "final_distance_cost": 1.8630370640071907, "oscillation_cost": 16.085879854038065, "completition_cost": 0.0, "overshoot_cost": 54.51723593483854, "power_cost": 15.872180371093751, "noise_cost": 27.793614652260942, "n_waypoints_completed": 9, "tot_waypoints": 9}}
