{"target": -185.70131004442277, "params": {"k_pid_pos": [0.8691859348729277, 0.02705586617876571, 0.005291891583171636], "k_pid_alt": [1.1267227005414606, 0.004746987489431827, 0.019704066541643486], "k_pid_att": [34.87030719187655, 0.664959155959365, 0.7620510191653445], "k_pid_yaw": [0.5, 1e-06, 0.1], "k_pid_hsp": [0.1104376619080862, 0.010804914593497387, 0.0], "k_pid_vsp": [116.51595109560567, 67.4590270405834, 1.4145821863990828]}, "datetime": {"datetime": "2025-08-11 20:11:45", "elapsed": 13584.624704837799, "delta": 17.486841678619385}, "costs": {"total_cost": 185.70131004442277, "time_cost": 71.134, "final_distance_cost": 1.80192620713949, "oscillation_cost": 26.84181385126235, "completition_cost": 0.0, "overshoot_cost": 50.54399917526394, "power_cost": 14.477962451171877, "noise_cost": 20.901608359585122, "n_waypoints_completed": 9, "tot_waypoints": 9}}
{"target": -198.85757549778498, "params": {"k_pid_pos": [0.34386805875081405, 0.024928285100661918, 0.023745629717971308], "k_pid_alt": [2.0, 0.009772783920357712, 0.024354020077241634], "k_pid_att": [29.990296712296413, 0.5755988187972193, 0.6454677148892506], "k_pid_yaw": [0.5, 1e-06, 0.1], "k_pid_hsp": [0.13697350618599263, 0.011143395451751017, 0.0], "k_pid_vsp": [166.04134598042313, 85.32400413350993, 2.504670275206191]}, "datetime": {"datetime": "2025-08-11 20:12:05", "elapsed": 13604.932252407074, "delta": 20.307547569274902}, "costs": {"total_cost": 198.85757549778498, "time_cost": 82.502, "final_distance_cost": 1.8578927134306669, "oscillation_cost": 19.524871730106014, "completition_cost": 0.0, "overshoot_cost": 52.46973131146946, "power_cost": 15.840107434082032, "noise_cost": 26.66297230869681, "n_waypoints_completed": 9, "tot_waypoints": 9}}
{"target": -3836.4385158858386, "params": {"k_pid_pos": [0.8422484443522356, 0.00017050003973308076, 0.0018563583091858807], "k_pid_alt": [1.8023166097213672, 0.00635707751083345, 0.05890289647365566], "k_pid_att": [0.0, 0.9290701328540732, 0.7290697649777157], "k_pid_yaw": [0.5, 1e-06, 0.1], "k_pid_hsp": [0.0823892757412878, 0.008847924422880422, 0.0], "k_pid_vsp": [130.2966136472351, 32.20146228288237, 1.1618840096286254]}, "datetime": {"datetime": "2025-08-11 20:12:35", "elapsed": 13634.897254943848, "delta": 29.96500253677368}, "costs": {"total_cost": 3836.4385158858386, "time_cost": 150, "final_distance_cost": 439.9848650878381, "oscillation_cost": 1035.5938430150281, "completition_cost": 1000.0, "overshoot_cost": 996.6086543123666, "power_cost": 57.31290208740235, "noise_cost": 156.93825138320318, "n_waypoints_completed": 0, "tot_waypoints": 9}}
{"target": -1269.034737346839, "params": {"k_pid_pos": [0.0001, 0.02269840448720317, 0.007287107180887208], "k_pid_alt": [1.3621981919948247, 0.01416715522762193, 0.031937658741187036], "k_pid_att": [24.91567266309957, 0.9036836946261646, 0.3345837151841415], "k_pid_yaw": [0.5, 1e-06, 0.1], "k_pid_hsp": [0.19138294934578082, 0.00953313470296963, 0.0], "k_pid_vsp": [178.04220472291286, 81.84037963796143, 1.7354328024709584]}, "datetime": {"datetime": "2025-08-11 20:13:05", "elapsed": 13664.365301847458, "delta": 29.46804690361023}, "costs": {"total_cost": 1269.034737346839, "time_cost": 150, "final_distance_cost": 47.47408239893744, "oscillation_cost": 0.24433653642819728, "completition_cost": 888.8888888888888, "overshoot_cost": 128.3526874332981, "power_cost": 21.024608886718752, "noise_cost": 33.05013320256766, "n_waypoints_completed": 1, "tot_waypoints": 9}}
{"target": -185.92055703599598, "params": {"k_pid_pos": [0.9565279618108827, 0.04819395896803167, 0.0048415407547100905], "k_pid_alt": [1.478244162649937, 0.0012269853343377709, 0.03421550083040421], "k_pid_att": [13.343603495005263, 0.9560679433025113, 0.3793315266872001], "k_pid_yaw": [0.5, 1e-06, 0.1], "k_pid_hsp": [0.2167998153244697, 0.006209360977293156, 0.0], "k_pid_vsp": [75.75848699211973, 47.212325633459386, 2.7644740400333263]}, "datetime": {"datetime": "2025-08-11 20:13:22", "elapsed": 13682.100793838501, "delta": 17.73549199104309}, "costs": {"total_cost": 185.92055703599598, "time_cost": 69.328, "final_distance_cost": 1.8247544319582212, "oscillation_cost": 28.629075323276226, "completition_cost": 0.0, "overshoot_cost": 50.994694793861925, "power_cost": 14.380739660644531, "noise_cost": 20.76329282625505, "n_waypoints_completed": 9, "tot_waypoints": 9}}
{"target": -187.78374101732697, "params": {"k_pid_pos": [0.6236856127990481, 0.04710371856893755, 0.008395205497903386], "k_pid_alt": [1.9833970321796084, 0.014934914222619737, 0.04401448058321585], "k_pid_att": [17.983047091847116, 0.36175817439622965, 0.665803614864402], "k_pid_yaw": [0.5, 1e-06, 0.1], "k_pid_hsp": [0.16239580301484066, 0.013894793871333177, 0.0], "k_pid_vsp": [197.62354560859305, 1e-06, 4.573190504787228]}, "datetime": {"datetime": "2025-08-11 20:13:40", "elapsed": 13699.80112195015, "delta": 17.70032811164856}, "costs": {"total_cost": 187.78374101732697, "time_cost": 72.723, "final_distance_cost": 1.8313029195350345, "oscillation_cost": 24.662564641546286, "completition_cost": 0.0, "overshoot_cost": 51.8953831757016, "power_cost": 14.544056579589844, "noise_cost": 22.12743370095422, "n_waypoints_completed": 9, "tot_waypoints": 9}}
{"target": -186.42946804692843, "params": {"k_pid_pos": [0.9936204467636274, 0.02001392737713516, 0.0], "k_pid_alt": [1.5837171574242213, 0.011139803830432407, 0.04399863860888729], "k_pid_att": [19.53823971297822, 1.8161644475825838, 0.7047588363042877], "k_pid_yaw": [0.5, 1e-06, 0.1], "k_pid_hsp": [0.22811782652496185, 0.011980992176213462, 0.0], "k_pid_vsp": [64.42545688453238, 115.6992794398994, 2.355484285878351]}, "datetime": {"datetime": "2025-08-11 20:13:57", "elapsed": 13716.878382444382, "delta": 17.077260494232178}, "costs": {"total_cost": 186.42946804692843, "time_cost": 69.188, "final_distance_cost": 1.8187503665807818, "oscillation_cost": 29.57082732610964, "completition_cost": 0.0, "overshoot_cost": 50.802945056573606, "power_cost": 14.470528002929688, "noise_cost": 20.57841729473472, "n_waypoints_completed": 9, "tot_waypoints": 9}}
{"target": -191.120529637572, "params": {"k_pid_pos": [0.42718669081209565, 0.04445784549038143, 0.0], "k_pid_alt": [1.4006520434167182, 0.005278157479031816, 0.034811463347512804], "k_pid_att": [30.67632469520244, 0.9570574732007496, 1.0], "k_pid_yaw": [0.5, 1e-06, 0.1], "k_pid_hsp": [0.16477898762376592, 0.01460829919113187, 0.0], "k_pid_vsp": [14.226648966901772, 41.97362141267831, 3.1304641574237806]}, "datetime": {"datetime": "2025-08-11 20:14:16", "elapsed": 13735.601089000702, "delta": 18.72270655632019}, "costs": {"total_cost": 191.120529637572, "time_cost": 76.146, "final_distance_cost": 1.850830695553145, "oscillation_cost": 22.594407604964424, "completition_cost": 0.0, "overshoot_cost": 52.032419393307435, "power_cost": 14.869362451171876, "noise_cost": 23.627509492575115, "n_waypoints_completed": 9, "tot_waypoints": 9}}
{"target": -185.07700167322446, "params": {"k_pid_pos": [0.5474636976303829, 0.015784128217214168, 0.015509953956553005], "k_pid_alt": [1.2584379124465699, 0.005611113296565662, 0.01088466091308298], "k_pid_att": [20.041436906452226, 1.0551170145378062, 0.3531484988980956], "k_pid_yaw": [0.5, 1e-06, 0.1], "k_pid_hsp": [0.14495245706028956, 0.006088186583477912, 0.0], "k_pid_vsp": [144.1825444934492, 72.48365628659856, 2.5868035873006]}, "datetime": {"datetime": "2025-08-11 20:14:34", "elapsed": 13753.407247543335, "delta": 17.806158542633057}, "costs": {"total_cost": 185.07700167322446, "time_cost": 72.632, "final_distance_cost": 1.8499214824417216, "oscillation_cost": 22.988001672435782, "completition_cost": 0.0, "overshoot_cost": 51.11194946899902, "power_cost": 14.34486102294922, "noise_cost": 22.150268026398678, "n_waypoints_completed": 9, "tot_waypoints": 9}}
{"target": -182.89045447334735, "params": {"k_pid_pos": [0.8020985432338136, 0.0036401169682666232, 0.0], "k_pid_alt": [1.628483556915194, 0.0028714673997832485, 0.03262319871745666], "k_pid_att": [30.17946882506551, 0.08735041571410747, 0.58177206017803], "k_pid_yaw": [0.5, 1e-06, 0.1], "k_pid_hsp": [0.11994030475664376, 0.010464386663971231, 0.0], "k_pid_vsp": [119.92181817562857, 107.67096719485598, 3.7286142523563437]}, "datetime": {"datetime": "2025-08-11 20:14:51", "elapsed": 13770.496964931488, "delta": 17.089717388153076}, "costs": {"total_cost": 182.89045447334735, "time_cost": 69.622, "final_distance_cost": 1.8166423764672996, "oscillation_cost": 25.964179788848213, "completition_cost": 0.0, "overshoot_cost": 50.79121489553523, "power_cost": 14.173615234375001, "noise_cost": 20.522802178121587, "n_waypoints_completed": 9, "tot_waypoints": 9}}
{"target": -185.5690681125625, "params": {"k_pid_pos": [0.8532106098788602, 0.04728337053533738, 0.024164389922522306], "k_pid_alt": [2.0, 0.0, 0.052468331210818536], "k_pid_att": [37.22343107865357, 0.12838374086453355, 0.7660601261735166], "k_pid_yaw": [0.5, 1e-06, 0.1], "k_pid_hsp": [0.2862532780160828, 0.0009208107528937802, 0.0], "k_pid_vsp": [174.1524430681092, 75.67004136607325, 2.93801380973975]}, "datetime": {"datetime": "2025-08-11 20:15:08", "elapsed": 13788.048992872238, "delta": 17.552027940750122}, "costs": {"total_cost": 185.5690681125625, "time_cost": 70.112, "final_distance_cost": 1.8304661738014627, "oscillation_cost": 27.05504603285983, "completition_cost": 0.0, "overshoot_cost": 50.92907834443271, "power_cost": 14.452111853027345, "noise_cost": 21.190365708441142, "n_waypoints_completed": 9, "tot_waypoints": 9}}
{"target": -187.64439945804858, "params": {"k_pid_pos": [1.0540234767153385, 0.029897487095584065, 0.02244295600502626], "k_pid_alt": [1.9370693800646759, 0.011370159361434332, 0.06231894751069015], "k_pid_att": [26.474866636794044, 1.0890298752707552, 0.07228790683394563], "k_pid_yaw": [0.5, 1e-06, 0.1], "k_pid_hsp": [0.09898444723467055, 0.0050448233107533375, 0.0], "k_pid_vsp": [150.99411171866464, 40.73383797199157, 1.6562330771196816]}, "datetime": {"datetime": "2025-08-11 20:15:26", "elapsed": 13805.429309606552, "delta": 17.380316734313965}, "costs": {"total_cost": 187.64439945804858, "time_cost": 70.392, "final_distance_cost": 1.7916723864525996, "oscillation_cost": 28.174585605510273, "completition_cost": 0.0, "overshoot_cost": 51.88604560245994, "power_cost": 14.394439367675782, "noise_cost": 21.005656495950014, "n_waypoints_completed": 9, "tot_waypoints": 9}}
{"target": -183.5201225636396, "params": {"k_pid_pos": [0.8423624881968356, 0.0328660809508209, 0.03679440756864221], "k_pid_alt": [2.0, 0.004700475929839576, 0.05176411083318772], "k_pid_att": [24.677556598715682, 1.1287648640396795, 0.3934309680417914], "k_pid_yaw": [0.5, 1e-06, 0.1], "k_pid_hsp": [0.1767313389506675, 0.006105308321491229, 0.0], "k_pid_vsp": [112.98445425538891, 76.78774348964511, 3.4201646653073863]}, "datetime": {"datetime": "2025-08-11 20:15:43", "elapsed": 13822.479275465012, "delta": 17.049965858459473}, "costs": {"total_cost": 183.5201225636396, "time_cost": 69.993, "final_distance_cost": 1.8142793774008592, "oscillation_cost": 26.042641726400767, "completition_cost": 0.0, "overshoot_cost": 50.478020674415696, "power_cost": 14.303349084472657, "noise_cost": 20.888831700949634, "n_waypoints_completed": 9, "tot_waypoints": 9}}
{"target": -203.2911706720122, "params": {"k_pid_pos": [0.2654145255606542, 0.03462425411189852, 0.0], "k_pid_alt": [1.8197216739091797, 0.0018186777647654442, 0.02142051499894876], "k_pid_att": [20.99331459410199, 0.8453385569402897, 0.4268654284949256], "k_pid_yaw": [0.5, 1e-06, 0.1], "k_pid_hsp": [0.09650829990124436, 0.006510104302844547, 0.0], "k_pid_vsp": [146.46846572086966, 59.99396960255023, 2.2714151346293865]}, "datetime": {"datetime": "2025-08-11 20:16:04", "elapsed": 13844.274429559708, "delta": 21.795154094696045}, "costs": {"total_cost": 203.2911706720122, "time_cost": 87.43, "final_distance_cost": 1.8587000288057383, "oscillation_cost": 14.787745746435036, "completition_cost": 0.0, "overshoot_cost": 54.49337995513532, "power_cost": 16.483605493164063, "noise_cost": 28.23773944847206, "n_waypoints_completed": 9, "tot_waypoints": 9}}
{"target": -190.20505241063458, "params": {"k_pid_pos": [0.5201432323713149, 0.0466964202167699, 0.0], "k_pid_alt": [1.5210525319048507, 0.0028323681823960345, 0.02584471399202018], "k_pid_att": [31.483426240127926, 0.8192466608352721, 0.0], "k_pid_yaw": [0.5, 1e-06, 0.1], "k_pid_hsp": [0.09731320067564175, 0.01055164740689653, 0.0], "k_pid_vsp": [138.6924884922072, 75.54798732169711, 3.731088499619864]}, "datetime": {"datetime": "2025-08-11 20:16:23", "elapsed": 13862.890743970871, "delta": 18.61631441116333}, "costs": {"total_cost": 190.20505241063458, "time_cost": 74.865, "final_distance_cost": 1.8340441522237128, "oscillation_cost": 24.67594665139242, "completition_cost": 0.0, "overshoot_cost": 51.68885502266103, "power_cost": 14.697030480957032, "noise_cost": 22.444176103400387, "n_waypoints_completed": 9, "tot_waypoints": 9}}
{"target": -185.6026731553884, "params": {"k_pid_pos": [0.9006490388925213, 0.02441802546444179, 0.0074947984939636005], "k_pid_alt": [1.450889129776094, 0.0027294044866077896, 0.04454670231550367], "k_pid_att": [22.599878015277636, 0.9055745399777623, 0.411136788088547], "k_pid_yaw": [0.5, 1e-06, 0.1], "k_pid_hsp": [0.23071099856499547, 0.008951359732669249, 0.0], "k_pid_vsp": [298.52398501570536, 65.74860492804294, 3.3168416255430277]}, "datetime": {"datetime": "2025-08-11 20:16:40", "elapsed": 13880.03144955635, "delta": 17.140705585479736}, "costs": {"total_cost": 185.6026731553884, "time_cost": 69.69200000000001, "final_distance_cost": 1.829976909802552, "oscillation_cost": 27.999059355693838, "completition_cost": 0.0, "overshoot_cost": 50.63434354237276, "power_cost": 14.440627478027345, "noise_cost": 21.00666586949188, "n_waypoints_completed": 9, "tot_waypoints": 9}}
{"target": -200.36467624679335, "params": {"k_pid_pos": [0.4045443716643704, 0.0182154918268794, 0.026544173887299256], "k_pid_alt": [2.0, 0.008260101316166217, 0.0], "k_pid_att": [29.706695224717503, 0.7641894797415384, 0.01727577499550631], "k_pid_yaw": [0.5, 1e-06, 0.1], "k_pid_hsp": [0.18184222307350853, 0.0046091440745117266, 0.0], "k_pid_vsp": [43.77100317412653, 75.83808964288407, 2.4324730331208673]}, "datetime": {"datetime": "2025-08-11 20:17:00", "elapsed": 13900.267417669296, "delta": 20.235968112945557}, "costs": {"total_cost": 200.36467624679335, "time_cost": 79.807, "final_distance_cost": 1.8563315925641384, "oscillation_cost": 25.745691185451758, "completition_cost": 0.0, "overshoot_cost": 52.22744195638131, "power_cost": 15.535901013183594, "noise_cost": 25.192310499212535, "n_waypoints_completed": 9, "tot_waypoints": 9}}
{"target": -186.87127995540848, "params": {"k_pid_pos": [0.6217317131819963, 0.029988049236313177, 0.01535394702028617], "k_pid_alt": [1.7465972840121886, 0.004951197750628612, 0.024809539783160067], "k_pid_att": [37.89612933985477, 1.0611353404995796, 0.0], "k_pid_yaw": [0.5, 1e-06, 0.1], "k_pid_hsp": [0.1509618262731506, 0.010011586136065587, 0.0], "k_pid_vsp": [15.241282979772643, 60.854386672934616, 2.5821869665830337]}, "datetime": {"datetime": "2025-08-11 20:17:18", "elapsed": 13918.233907699585, "delta": 17.966490030288696}, "costs": {"total_cost": 186.87127995540848, "time_cost": 71.449, "final_distance_cost": 1.8295571988400667, "oscillation_cost": 26.71463831857948, "completition_cost": 0.0, "overshoot_cost": 50.896649095694464, "power_cost": 14.4577787109375, "noise_cost": 21.52365663135698, "n_waypoints_completed": 9, "tot_waypoints": 9}}
{"target": -185.7799547227311, "params": {"k_pid_pos": [0.8096840684637588, 0.043746439221838636, 0.0], "k_pid_alt": [1.3634649239449885, 0.004397801857999849, 0.032391167100248364], "k_pid_att": [30.234064011268103, 0.7890977743648794, 0.7144276799764837], "k_pid_yaw": [0.5, 1e-06, 0.1], "k_pid_hsp": [0.1109614439112722, 0.007046274439711343, 0.0], "k_pid_vsp": [173.31350818204712, 108.0856416308183, 3.3481164562804384]}, "datetime": {"datetime": "2025-08-11 20:17:36", "elapsed": 13936.069449186325, "delta": 17.835541486740112}, "costs": {"total_cost": 185.7799547227311, "time_cost": 71.785, "final_distance_cost": 1.7923755443130882, "oscillation_cost": 25.543422936159406, "completition_cost": 0.0, "overshoot_cost": 50.901396059186304, "power_cost": 14.536290466308595, "noise_cost": 21.221469716763718, "n_waypoints_completed": 9, "tot_waypoints": 9}}
{"target": -184.71954378785315, "params": {"k_pid_pos": [0.7400558138583553, 0.0, 0.011386956473629285], "k_pid_alt": [1.8829925708127728, 0.0, 0.04771664311921442], "k_pid_att": [33.15216257996602, 1.0007532834227364, 0.6513532005583852], "k_pid_yaw": [0.5, 1e-06, 0.1], "k_pid_hsp": [0.18639673735197523, 0.008044194207195843, 0.0], "k_pid_vsp": [106.87395167798154, 23.963173972905377, 3.298492901495506]}, "datetime": {"datetime": "2025-08-11 20:17:54", "elapsed": 13953.475721597672, "delta": 17.406272411346436}, "costs": {"total_cost": 184.71954378785315, "time_cost": 70.714, "final_distance_cost": 1.8395997364038956, "oscillation_cost": 25.222251165909938, "completition_cost": 0.0, "overshoot_cost": 51.168856549149424, "power_cost": 14.27602197265625, "noise_cost": 21.498814363733636, "n_waypoints_completed": 9, "tot_waypoints": 9}}
{"target": -187.4157357534738, "params": {"k_pid_pos": [1.2196655485842132, 0.04062601426098952, 0.045958835005329594], "k_pid_alt": [2.0, 0.0, 0.02127148935669536], "k_pid_att": [22.177435892557583, 1.2875194576565152, 0.5068364110922624], "k_pid_yaw": [0.5, 1e-06, 0.1], "k_pid_hsp": [0.14896617898186507, 0.014434602304129506, 0.0], "k_pid_vsp": [186.91051329896814, 88.87371947540765, 0.18982612310188607]}, "datetime": {"datetime": "2025-08-11 20:18:11", "elapsed": 13971.201243162155, "delta": 17.725521564483643}, "costs": {"total_cost": 187.4157357534738, "time_cost": 69.062, "final_distance_cost": 1.775711646005807, "oscillation_cost": 31.17644172517084, "completition_cost": 0.0, "overshoot_cost": 50.60951434618213, "power_cost": 14.454485644531252, "noise_cost": 20.337582391583783, "n_waypoints_completed": 9, "tot_waypoints": 9}}
{"target": -183.8180469686293, "params": {"k_pid_pos": [0.8338881060877803, 0.0200223665656193, 0.01784181901253712], "k_pid_alt": [1.7078096132264984, 0.006355291660149698, 0.011744588624141232], "k_pid_att": [17.16654290107657, 1.22993365098822, 0.37678695142639884], "k_pid_yaw": [0.5, 1e-06, 0.1], "k_pid_hsp": [0.10943548817449118, 0.0049018512659740636, 0.0], "k_pid_vsp": [155.13715216972537, 55.680775241465604, 3.5145448699605133]}, "datetime": {"datetime": "2025-08-11 20:18:28", "elapsed": 13988.242444992065, "delta": 17.04120182991028}, "costs": {"total_cost": 183.8180469686293, "time_cost": 70.315, "final_distance_cost": 1.7969365029719393, "oscillation_cost": 25.244965428754742, "completition_cost": 0.0, "overshoot_cost": 51.444323872941936, "power_cost": 14.1521814453125, "noise_cost": 20.86463971864818, "n_waypoints_completed": 9, "tot_waypoints": 9}}
{"target": -183.87160128924504, "params": {"k_pid_pos": [0.6322345616623114, 0.03235119640291927, 0.010241029789184562], "k_pid_alt": [1.6356560636387598, 0.0036163118610597306, 0.03228981609464638], "k_pid_att": [23.07160576628593, 0.6723644426884504, 0.8184273970827792], "k_pid_yaw": [0.5, 1e-06, 0.1], "k_pid_hsp": [0.14672986082739572, 0.006759808919722246, 0.0], "k_pid_vsp": [257.79201031794594, 114.47882568494356, 4.968565668602685]}, "datetime": {"datetime": "2025-08-11 20:18:46", "elapsed": 14005.799700737, "delta": 17.557255744934082}, "costs": {"total_cost": 183.87160128924504, "time_cost": 70.94500000000001, "final_distance_cost": 1.8413921681158512, "oscillation_cost": 24.248191880617902, "completition_cost": 0.0, "overshoot_cost": 51.12381057874053, "power_cost": 14.28719931640625, "noise_cost": 21.426007345364468, "n_waypoints_completed": 9, "tot_waypoints": 9}}
{"target": -1260.5806479739058, "params": {"k_pid_pos": [0.7017532595540095, 0.0, 0.0051227970456912035], "k_pid_alt": [1.6048102475619357, 0.008150809084246646, 0.02567026097793361], "k_pid_att": [36.70149270751475, 0.3526877975175891, 0.5312484670507862], "k_pid_yaw": [0.5, 1e-06, 0.1], "k_pid_hsp": [0.0001, 0.00787493891145008, 0.0], "k_pid_vsp": [128.6633632610822, 61.276705104161046, 2.3967019519196477]}, "datetime": {"datetime": "2025-08-11 20:19:16", "elapsed": 14036.190403938293, "delta": 30.390703201293945}, "costs": {"total_cost": 1260.5806479739058, "time_cost": 150, "final_distance_cost": 65.68812032061116, "oscillation_cost": 1.6790778326250761, "completition_cost": 888.8888888888888, "overshoot_cost": 100.1301086957931, "power_cost": 21.0822552734375, "noise_cost": 33.11219696255007, "n_waypoints_completed": 1, "tot_waypoints": 9}}
{"target": -186.863119206259, "params": {"k_pid_pos": [0.5979985290116097, 0.04544098232599459, 0.023941550389655977], "k_pid_alt": [1.9337721105835755, 0.0050499174216280225, 0.05239680887046089], "k_pid_att": [42.09715767434539, 0.5126775404914488, 0.3210542459291578], "k_pid_yaw": [0.5, 1e-06, 0.1], "k_pid_hsp": [0.20713909840927272, 0.01061289611972119, 0.0], "k_pid_vsp": [66.28211904299144, 73.79865968973792, 3.6243682267966277]}, "datetime": {"datetime": "2025-08-11 20:19:34", "elapsed": 14053.798006772995, "delta": 17.607602834701538}, "costs": {"total_cost": 186.863119206259, "time_cost": 72.142, "final_distance_cost": 1.8323442598515578, "oscillation_cost": 25.222464924134346, "completition_cost": 0.0, "overshoot_cost": 51.22835333030078, "power_cost": 14.472006982421876, "noise_cost": 21.965949709550447, "n_waypoints_completed": 9, "tot_waypoints": 9}}
