{"target": -182.64188044166917, "params": {"k_pid_pos": [0.6298407525012726, 0.005905356288871494, 0.0004935434892567229], "k_pid_alt": [1.994593021914388, 0.002811341597369547, 0.010955690689706697], "k_pid_att": [33.867791327600436, 0.5390421018473289, 1.0], "k_pid_yaw": [0.5, 1e-06, 0.1], "k_pid_hsp": [0.09311727365104444, 0.010757335551932166, 0.0], "k_pid_vsp": [124.85535988445197, 92.8702127641716, 6.450151525169883]}, "datetime": {"datetime": "2025-08-12 01:04:00", "elapsed": 31120.11284160614, "delta": 18.706752061843872}, "costs": {"total_cost": 182.64188044166917, "time_cost": 71.477, "final_distance_cost": 1.8311560558706745, "oscillation_cost": 22.628201689110274, "completition_cost": 0.0, "overshoot_cost": 51.27362707576897, "power_cost": 14.232559606933595, "noise_cost": 21.199336013985658, "n_waypoints_completed": 9, "tot_waypoints": 9}}
{"target": -181.65309344586615, "params": {"k_pid_pos": [0.6349204024377302, 0.0061422140663263914, 0.0006369228918711062], "k_pid_alt": [1.26116856217494, 0.0039926618448918065, 0.028617664074754648], "k_pid_att": [29.109889783875076, 0.5457161908181787, 1.0], "k_pid_yaw": [0.5, 1e-06, 0.1], "k_pid_hsp": [0.1128380152749766, 0.012382511339682248, 0.0], "k_pid_vsp": [96.81827807912704, 91.13337349536344, 5.1640731097086645]}, "datetime": {"datetime": "2025-08-12 01:04:18", "elapsed": 31137.72503209114, "delta": 17.61219048500061}, "costs": {"total_cost": 181.65309344586615, "time_cost": 70.721, "final_distance_cost": 1.8202291398879384, "oscillation_cost": 23.61420402059939, "completition_cost": 0.0, "overshoot_cost": 50.32927341267159, "power_cost": 14.116693298339845, "noise_cost": 21.051693574367377, "n_waypoints_completed": 9, "tot_waypoints": 9}}
{"target": -181.13689982649805, "params": {"k_pid_pos": [0.5886906774131303, 0.005309366561540244, 0.0005109210534970381], "k_pid_alt": [1.5299915897661907, 0.00562894462547436, 0.014851079853690401], "k_pid_att": [35.6041381438314, 0.28464007147216025, 0.774291577952206], "k_pid_yaw": [0.5, 1e-06, 0.1], "k_pid_hsp": [0.0956186882357906, 0.008495624846448778, 0.0], "k_pid_vsp": [113.35377186432031, 130.92951476497453, 6.87833593810447]}, "datetime": {"datetime": "2025-08-12 01:04:36", "elapsed": 31155.774845600128, "delta": 18.049813508987427}, "costs": {"total_cost": 181.13689982649805, "time_cost": 71.34400000000001, "final_distance_cost": 1.8244394641689718, "oscillation_cost": 21.70499972159986, "completition_cost": 0.0, "overshoot_cost": 50.98598390452061, "power_cost": 14.076584423828125, "noise_cost": 21.200892312380464, "n_waypoints_completed": 9, "tot_waypoints": 9}}
{"target": -182.87666536721002, "params": {"k_pid_pos": [0.5010870826329189, 0.0056233653312986265, 0.0005257190923683824], "k_pid_alt": [1.6344035098936924, 0.006806253493280494, 0.012067720939079285], "k_pid_att": [37.82556642349508, 0.3623166245043082, 1.0], "k_pid_yaw": [0.5, 1e-06, 0.1], "k_pid_hsp": [0.07884153271009182, 0.011015552236243682, 0.0], "k_pid_vsp": [71.6488563443218, 125.9127970136962, 5.629646612321127]}, "datetime": {"datetime": "2025-08-12 01:04:54", "elapsed": 31174.096474647522, "delta": 18.3216290473938}, "costs": {"total_cost": 182.87666536721002, "time_cost": 73.612, "final_distance_cost": 1.8210987420157123, "oscillation_cost": 19.683510898641433, "completition_cost": 0.0, "overshoot_cost": 51.39364870774674, "power_cost": 14.41038231201172, "noise_cost": 21.956024706794423, "n_waypoints_completed": 9, "tot_waypoints": 9}}
{"target": -183.83705742899897, "params": {"k_pid_pos": [0.7350655699948855, 0.005747437861365129, 0.000649440425133642], "k_pid_alt": [1.421451024128057, 0.004285250165856963, 0.011569661120063952], "k_pid_att": [39.61599875938812, 0.44185848868151156, 1.0], "k_pid_yaw": [0.5, 1e-06, 0.1], "k_pid_hsp": [0.08906105500953265, 0.008588036249846975, 0.0], "k_pid_vsp": [129.14860162731543, 90.18693651057448, 6.226507057933024]}, "datetime": {"datetime": "2025-08-12 01:05:13", "elapsed": 31192.562586069107, "delta": 18.466111421585083}, "costs": {"total_cost": 183.83705742899897, "time_cost": 71.575, "final_distance_cost": 1.7988456409401676, "oscillation_cost": 23.949055804161336, "completition_cost": 0.0, "overshoot_cost": 51.07160817436446, "power_cost": 14.235808544921875, "noise_cost": 21.206739264611144, "n_waypoints_completed": 9, "tot_waypoints": 9}}
{"target": -183.8412574840666, "params": {"k_pid_pos": [0.6768485349949863, 0.0070521640988478575, 0.0007160986073740291], "k_pid_alt": [1.5273539147140003, 0.006779938493897251, 0.015436106690688447], "k_pid_att": [40.57802026897355, 0.27481973731630804, 0.5555934240185324], "k_pid_yaw": [0.5, 1e-06, 0.1], "k_pid_hsp": [0.08498075811756876, 0.009863597600719438, 0.0], "k_pid_vsp": [120.84914187572603, 120.45711567948099, 4.44982979621686]}, "datetime": {"datetime": "2025-08-12 01:05:30", "elapsed": 31210.167954444885, "delta": 17.6053683757782}, "costs": {"total_cost": 183.8412574840666, "time_cost": 72.009, "final_distance_cost": 1.8157018516892334, "oscillation_cost": 23.317606402508485, "completition_cost": 0.0, "overshoot_cost": 51.08587583330216, "power_cost": 14.349152612304689, "noise_cost": 21.263920784262048, "n_waypoints_completed": 9, "tot_waypoints": 9}}
{"target": -181.93295621937185, "params": {"k_pid_pos": [0.5218701857342017, 0.004434132529328726, 0.0005358222410263599], "k_pid_alt": [1.145388086694932, 0.004990953026619244, 0.023185423638032453], "k_pid_att": [33.28359286887879, 0.32929328684955284, 1.0], "k_pid_yaw": [0.5, 1e-06, 0.1], "k_pid_hsp": [0.10228975677680996, 0.010144884324990328, 0.0], "k_pid_vsp": [110.24851153754344, 74.73267405643814, 5.6975565127186085]}, "datetime": {"datetime": "2025-08-12 01:05:49", "elapsed": 31228.67773413658, "delta": 18.509779691696167}, "costs": {"total_cost": 181.93295621937185, "time_cost": 72.401, "final_distance_cost": 1.8397886654384161, "oscillation_cost": 20.918524317600045, "completition_cost": 0.0, "overshoot_cost": 50.938790747372714, "power_cost": 14.165716442871094, "noise_cost": 21.6691360460896, "n_waypoints_completed": 9, "tot_waypoints": 9}}
{"target": -181.74521953514557, "params": {"k_pid_pos": [0.552059899438969, 0.008493459584455527, 0.0006997602745539285], "k_pid_alt": [1.4602035114107779, 0.005114510338036798, 0.02304790602440761], "k_pid_att": [29.223473398718095, 0.271243818794409, 1.0], "k_pid_yaw": [0.5, 1e-06, 0.1], "k_pid_hsp": [0.09511208905104886, 0.01311608973635471, 0.0], "k_pid_vsp": [80.81430116486595, 105.64087989574945, 5.016188493541037]}, "datetime": {"datetime": "2025-08-12 01:06:07", "elapsed": 31246.86672115326, "delta": 18.188987016677856}, "costs": {"total_cost": 181.74521953514557, "time_cost": 71.729, "final_distance_cost": 1.8399587176156929, "oscillation_cost": 21.769740581192845, "completition_cost": 0.0, "overshoot_cost": 50.999596836398396, "power_cost": 14.122578723144532, "noise_cost": 21.284344676794117, "n_waypoints_completed": 9, "tot_waypoints": 9}}
{"target": -181.61097891152352, "params": {"k_pid_pos": [0.5973820163239058, 0.005273117168509104, 0.0009211972393013013], "k_pid_alt": [1.4361223534797318, 0.0025314551764562673, 0.003343700181997561], "k_pid_att": [13.451772212259447, 0.4974316454413712, 1.0], "k_pid_yaw": [0.5, 1e-06, 0.1], "k_pid_hsp": [0.09669893624165567, 0.005198007408646429, 0.0], "k_pid_vsp": [98.4030906444313, 125.348425001745, 4.86730389624183]}, "datetime": {"datetime": "2025-08-12 01:06:25", "elapsed": 31265.141780614853, "delta": 18.275059461593628}, "costs": {"total_cost": 181.61097891152352, "time_cost": 71.477, "final_distance_cost": 1.8257421517357018, "oscillation_cost": 21.18707071697192, "completition_cost": 0.0, "overshoot_cost": 51.65875324875364, "power_cost": 14.130515014648438, "noise_cost": 21.331897779413826, "n_waypoints_completed": 9, "tot_waypoints": 9}}
{"target": -188.79487933868742, "params": {"k_pid_pos": [0.9102840194677188, 0.005386137346192689, 0.0007605263141518235], "k_pid_alt": [1.3961322230731128, 0.004844473615909863, 0.016575509734890095], "k_pid_att": [30.70879487131174, 0.4378689300621985, 0.6975294959626243], "k_pid_yaw": [0.5, 1e-06, 0.1], "k_pid_hsp": [0.0707152887643021, 0.011066785815946901, 0.0], "k_pid_vsp": [100.97307147041728, 128.34872320282122, 4.697960816580577]}, "datetime": {"datetime": "2025-08-12 01:06:44", "elapsed": 31283.463529109955, "delta": 18.32174849510193}, "costs": {"total_cost": 188.79487933868742, "time_cost": 73.283, "final_distance_cost": 1.8079014747433557, "oscillation_cost": 26.73652660969384, "completition_cost": 0.0, "overshoot_cost": 50.88084777999603, "power_cost": 14.740040747070314, "noise_cost": 21.346562727183883, "n_waypoints_completed": 9, "tot_waypoints": 9}}
{"target": -182.7880283821754, "params": {"k_pid_pos": [0.7082455356442318, 0.004030055169257683, 0.000678786669898602], "k_pid_alt": [1.0253590150433227, 0.006035301059293075, 0.021152467290414284], "k_pid_att": [30.221121161868506, 0.5046812113578807, 0.8485980554032087], "k_pid_yaw": [0.5, 1e-06, 0.1], "k_pid_hsp": [0.09322245386013128, 0.009324298099381075, 0.0], "k_pid_vsp": [50.45276063288632, 126.57989142730774, 5.420362972154042]}, "datetime": {"datetime": "2025-08-12 01:07:01", "elapsed": 31301.13285803795, "delta": 17.669328927993774}, "costs": {"total_cost": 182.7880283821754, "time_cost": 71.34400000000001, "final_distance_cost": 1.821905379561461, "oscillation_cost": 23.97366644550921, "completition_cost": 0.0, "overshoot_cost": 50.50469207929288, "power_cost": 14.276232360839844, "noise_cost": 20.86753211697199, "n_waypoints_completed": 9, "tot_waypoints": 9}}
{"target": -182.11181226222163, "params": {"k_pid_pos": [0.5700070440757444, 0.005663139427711839, 0.0006978182495800976], "k_pid_alt": [1.5745908335601209, 0.005269655584241691, 0.0072428115144634745], "k_pid_att": [41.23917564638189, 0.35941082576439953, 1.0], "k_pid_yaw": [0.5, 1e-06, 0.1], "k_pid_hsp": [0.09336256309225201, 0.014175102946485696, 0.0], "k_pid_vsp": [94.82703492502372, 138.91572660096273, 4.730309490504662]}, "datetime": {"datetime": "2025-08-12 01:07:20", "elapsed": 31320.032396554947, "delta": 18.89953851699829}, "costs": {"total_cost": 182.11181226222163, "time_cost": 71.673, "final_distance_cost": 1.82724372189108, "oscillation_cost": 22.19908170840159, "completition_cost": 0.0, "overshoot_cost": 50.90865355143393, "power_cost": 14.2508298828125, "noise_cost": 21.253003397682534, "n_waypoints_completed": 9, "tot_waypoints": 9}}
{"target": -185.8768546893573, "params": {"k_pid_pos": [0.45509223576265717, 0.004725066473690535, 0.0007003544668723547], "k_pid_alt": [1.6785355399160797, 0.004719119275977694, 0.020512252333634105], "k_pid_att": [34.08258516261937, 0.5148440560949369, 1.0], "k_pid_yaw": [0.5, 1e-06, 0.1], "k_pid_hsp": [0.12321471389980349, 0.009534090083593407, 0.0], "k_pid_vsp": [103.24029445544203, 114.48004909339215, 4.77889702626556]}, "datetime": {"datetime": "2025-08-12 01:07:39", "elapsed": 31338.81064558029, "delta": 18.77824902534485}, "costs": {"total_cost": 185.8768546893573, "time_cost": 74.354, "final_distance_cost": 1.8541534451502308, "oscillation_cost": 20.92544144855122, "completition_cost": 0.0, "overshoot_cost": 51.34125810802561, "power_cost": 14.575439672851564, "noise_cost": 22.826562014778663, "n_waypoints_completed": 9, "tot_waypoints": 9}}
{"target": -183.40137029704425, "params": {"k_pid_pos": [0.5510405412334775, 0.004957133598909257, 0.0007404043831579001], "k_pid_alt": [1.5354351684889351, 0.007628734876258464, 0.029787643469889016], "k_pid_att": [42.43375332614654, 0.42410747842306273, 1.0], "k_pid_yaw": [0.5, 1e-06, 0.1], "k_pid_hsp": [0.11917794089921097, 0.007670922625279185, 0.0], "k_pid_vsp": [30.532444037475017, 140.68220771154446, 5.236992613463479]}, "datetime": {"datetime": "2025-08-12 01:07:58", "elapsed": 31357.528465032578, "delta": 18.717819452285767}, "costs": {"total_cost": 183.40137029704425, "time_cost": 71.72200000000001, "final_distance_cost": 1.8285560474909015, "oscillation_cost": 23.117904859386034, "completition_cost": 0.0, "overshoot_cost": 50.91571780402624, "power_cost": 14.493600793457032, "noise_cost": 21.32359079268403, "n_waypoints_completed": 9, "tot_waypoints": 9}}
{"target": -183.841299306969, "params": {"k_pid_pos": [0.785309792166161, 0.00552305007310121, 0.0006697403263994517], "k_pid_alt": [1.3539379954247714, 0.005509199569735834, 0.01747720172101891], "k_pid_att": [39.41890952433999, 0.34777522050331466, 1.0], "k_pid_yaw": [0.5, 1e-06, 0.1], "k_pid_hsp": [0.09469958262891993, 0.011300985770178766, 0.0], "k_pid_vsp": [87.13053480753257, 110.39814118255568, 3.136891369497018]}, "datetime": {"datetime": "2025-08-12 01:08:15", "elapsed": 31375.201934814453, "delta": 17.67346978187561}, "costs": {"total_cost": 183.841299306969, "time_cost": 71.057, "final_distance_cost": 1.7880552928639109, "oscillation_cost": 25.36598221694316, "completition_cost": 0.0, "overshoot_cost": 50.46275439815757, "power_cost": 14.28302059326172, "noise_cost": 20.88448680574264, "n_waypoints_completed": 9, "tot_waypoints": 9}}
{"target": -181.8891299674869, "params": {"k_pid_pos": [0.5412227676266399, 0.005356248224612488, 0.0005337253917341504], "k_pid_alt": [1.3066726707675322, 0.00671664715885148, 0.013198311464155779], "k_pid_att": [19.093107680671604, 0.4616207298033201, 1.0], "k_pid_yaw": [0.5, 1e-06, 0.1], "k_pid_hsp": [0.08701267339723058, 0.00933953547787871, 0.0], "k_pid_vsp": [91.4486280320034, 157.05169689872938, 4.688029828702451]}, "datetime": {"datetime": "2025-08-12 01:08:34", "elapsed": 31394.289675951004, "delta": 19.087741136550903}, "costs": {"total_cost": 181.8891299674869, "time_cost": 72.233, "final_distance_cost": 1.8332337312212978, "oscillation_cost": 20.54312752966078, "completition_cost": 0.0, "overshoot_cost": 51.65969178544933, "power_cost": 14.199912866210939, "noise_cost": 21.42016405494454, "n_waypoints_completed": 9, "tot_waypoints": 9}}
{"target": -186.64803403890485, "params": {"k_pid_pos": [0.3712896972823921, 0.007356973491623416, 0.0005282302160081509], "k_pid_alt": [1.5339319693832667, 0.005030258969046725, 0.019931460065158113], "k_pid_att": [28.350931643500132, 0.46780753733301594, 0.8496815353652862], "k_pid_yaw": [0.5, 1e-06, 0.1], "k_pid_hsp": [0.08119984667564183, 0.010451126575061684, 0.0], "k_pid_vsp": [130.23133786016862, 141.6507167862463, 5.145277087349979]}, "datetime": {"datetime": "2025-08-12 01:08:54", "elapsed": 31413.41108059883, "delta": 19.12140464782715}, "costs": {"total_cost": 186.64803403890485, "time_cost": 76.916, "final_distance_cost": 1.854469743313359, "oscillation_cost": 16.75860771139649, "completition_cost": 0.0, "overshoot_cost": 52.56173152735205, "power_cost": 14.771044177246095, "noise_cost": 23.786180879596845, "n_waypoints_completed": 9, "tot_waypoints": 9}}
{"target": -181.62238373119226, "params": {"k_pid_pos": [0.6503551861771686, 0.008901430521265874, 0.000624212060815176], "k_pid_alt": [1.2113561168311826, 0.004704420780510266, 0.021031922594345692], "k_pid_att": [29.753292243915723, 0.22914645552267632, 1.0], "k_pid_yaw": [0.5, 1e-06, 0.1], "k_pid_hsp": [0.1184027443123953, 0.010455787333071126, 0.0], "k_pid_vsp": [73.66841194380432, 96.087209027109, 2.5631937718306106]}, "datetime": {"datetime": "2025-08-12 01:09:12", "elapsed": 31431.62848687172, "delta": 18.217406272888184}, "costs": {"total_cost": 181.62238373119226, "time_cost": 70.525, "final_distance_cost": 1.8283484948525075, "oscillation_cost": 23.931742566369536, "completition_cost": 0.0, "overshoot_cost": 50.19319799541621, "power_cost": 14.14772938232422, "noise_cost": 20.996365292229754, "n_waypoints_completed": 9, "tot_waypoints": 9}}
{"target": -192.01040250793199, "params": {"k_pid_pos": [0.3832730787119834, 0.006872644162702092, 0.0006535794343145636], "k_pid_alt": [1.3058582606044624, 0.004617647512661309, 0.02444214229425591], "k_pid_att": [30.986646614426814, 0.44185227868530946, 0.9677395861243113], "k_pid_yaw": [0.5, 1e-06, 0.1], "k_pid_hsp": [0.12178188965521412, 0.008975230825968917, 0.0], "k_pid_vsp": [88.21469473513464, 82.40228544436557, 4.476762360488516]}, "datetime": {"datetime": "2025-08-12 01:09:31", "elapsed": 31451.22908616066, "delta": 19.60059928894043}, "costs": {"total_cost": 192.01040250793199, "time_cost": 78.575, "final_distance_cost": 1.8587735163325023, "oscillation_cost": 19.492943204441573, "completition_cost": 0.0, "overshoot_cost": 51.991094773951225, "power_cost": 15.183808105468751, "noise_cost": 24.90878290773792, "n_waypoints_completed": 9, "tot_waypoints": 9}}
{"target": -185.58224553916148, "params": {"k_pid_pos": [0.4119111989810555, 0.0057088146533583175, 0.0007947798615628481], "k_pid_alt": [1.1019396664470351, 0.005661045956118853, 0.025425363137261934], "k_pid_att": [37.86227648567968, 0.41944017607710454, 1.0], "k_pid_yaw": [0.5, 1e-06, 0.1], "k_pid_hsp": [0.0971935302264743, 0.009743217527327654, 0.0], "k_pid_vsp": [90.86892409946164, 136.31225711365303, 6.834134076691863]}, "datetime": {"datetime": "2025-08-12 01:09:51", "elapsed": 31470.853350400925, "delta": 19.624264240264893}, "costs": {"total_cost": 185.58224553916148, "time_cost": 75.656, "final_distance_cost": 1.8556380835715593, "oscillation_cost": 18.693612056973414, "completition_cost": 0.0, "overshoot_cost": 51.56242151140623, "power_cost": 14.635977172851563, "noise_cost": 23.178596714358676, "n_waypoints_completed": 9, "tot_waypoints": 9}}
{"target": -181.5537361672341, "params": {"k_pid_pos": [0.5182886430865957, 0.00525548054276456, 0.0007037311207182839], "k_pid_alt": [1.1492375726391282, 0.0029297738962115755, 0.021759566483618608], "k_pid_att": [35.398840498019545, 0.3488521699541944, 1.0], "k_pid_yaw": [0.5, 1e-06, 0.1], "k_pid_hsp": [0.08915456959218798, 0.009232230257791558, 0.0], "k_pid_vsp": [57.54309145692613, 118.2512254446118, 4.3069924151107415]}, "datetime": {"datetime": "2025-08-12 01:10:09", "elapsed": 31489.048300266266, "delta": 18.194949865341187}, "costs": {"total_cost": 181.5537361672341, "time_cost": 72.534, "final_distance_cost": 1.839357838109269, "oscillation_cost": 20.288758490966345, "completition_cost": 0.0, "overshoot_cost": 51.118564928054106, "power_cost": 14.224711767578126, "noise_cost": 21.548343142526253, "n_waypoints_completed": 9, "tot_waypoints": 9}}
{"target": -182.04138460131102, "params": {"k_pid_pos": [0.6581876263636791, 0.007283385522122431, 0.000659818579101652], "k_pid_alt": [1.5219367573212061, 0.006226462063696393, 0.01739405020600187], "k_pid_att": [45.83450169695205, 0.3937161257854919, 1.0], "k_pid_yaw": [0.5, 1e-06, 0.1], "k_pid_hsp": [0.12297495989271567, 0.008923980143644324, 0.0], "k_pid_vsp": [76.00618718630118, 173.87181018395282, 5.709540282698865]}, "datetime": {"datetime": "2025-08-12 01:10:27", "elapsed": 31507.13820886612, "delta": 18.089908599853516}, "costs": {"total_cost": 182.04138460131102, "time_cost": 70.322, "final_distance_cost": 1.8321366537519896, "oscillation_cost": 24.36990982124389, "completition_cost": 0.0, "overshoot_cost": 50.444942531005346, "power_cost": 14.226253051757814, "noise_cost": 20.846142543551952, "n_waypoints_completed": 9, "tot_waypoints": 9}}
{"target": -182.4346100858936, "params": {"k_pid_pos": [0.5125204603331076, 0.005706501591109855, 0.0007845781479405418], "k_pid_alt": [2.0, 0.0044846045017175465, 0.017084097411856076], "k_pid_att": [29.15283094693899, 0.40221116266696105, 0.9328842167144912], "k_pid_yaw": [0.5, 1e-06, 0.1], "k_pid_hsp": [0.10623658003936477, 0.008638540174963029, 0.0], "k_pid_vsp": [120.30794244236847, 87.43814250611949, 4.706036396462534]}, "datetime": {"datetime": "2025-08-12 01:10:45", "elapsed": 31524.74852871895, "delta": 17.61031985282898}, "costs": {"total_cost": 182.4346100858936, "time_cost": 72.38, "final_distance_cost": 1.8343458986027585, "oscillation_cost": 20.714656269240788, "completition_cost": 0.0, "overshoot_cost": 51.33258798501808, "power_cost": 14.287057507324219, "noise_cost": 21.88596242570776, "n_waypoints_completed": 9, "tot_waypoints": 9}}
{"target": -184.83989952881402, "params": {"k_pid_pos": [0.6909561980348419, 0.005864447564262677, 0.0007538000078445862], "k_pid_alt": [1.116082265838752, 0.005617361044597476, 0.0180246975821987], "k_pid_att": [26.472472453728358, 0.4616864704989984, 0.915447961243616], "k_pid_yaw": [0.5, 1e-06, 0.1], "k_pid_hsp": [0.07941218786956951, 0.013014359225692206, 0.0], "k_pid_vsp": [123.02662899105464, 115.89367746862506, 5.215595800103646]}, "datetime": {"datetime": "2025-08-12 01:11:04", "elapsed": 31544.304851293564, "delta": 19.55632257461548}, "costs": {"total_cost": 184.83989952881402, "time_cost": 72.73, "final_distance_cost": 1.8217945099762594, "oscillation_cost": 23.65707408706198, "completition_cost": 0.0, "overshoot_cost": 51.00106750162925, "power_cost": 14.418051623535156, "noise_cost": 21.21191180661138, "n_waypoints_completed": 9, "tot_waypoints": 9}}
{"target": -181.58527815492616, "params": {"k_pid_pos": [0.6431050222746172, 0.006102849009922365, 0.0007743253173283955], "k_pid_alt": [1.6211966148645132, 0.005609152006890588, 0.006931415722778811], "k_pid_att": [33.86227375175063, 0.4754943242511857, 0.917450354031606], "k_pid_yaw": [0.5, 1e-06, 0.1], "k_pid_hsp": [0.10301732776995735, 0.01096057711650833, 0.0], "k_pid_vsp": [79.02640437527208, 124.42935920785543, 6.391700436271197]}, "datetime": {"datetime": "2025-08-12 01:11:23", "elapsed": 31562.431357860565, "delta": 18.126506567001343}, "costs": {"total_cost": 181.58527815492616, "time_cost": 70.742, "final_distance_cost": 1.829395008369079, "oscillation_cost": 23.396252043477972, "completition_cost": 0.0, "overshoot_cost": 50.44955039240744, "power_cost": 14.150745068359376, "noise_cost": 21.01733564231227, "n_waypoints_completed": 9, "tot_waypoints": 9}}
