{"target": -184.6256114833327, "params": {"k_pid_pos": [0.45055841303261035, 0.007441606958520127, 0.0007237912322435462], "k_pid_alt": [1.9155212220882392, 0.004718164823578998, 0.00485194144540079], "k_pid_att": [21.843231891542317, 0.30650596717569617, 0.8983340119166012], "k_pid_yaw": [0.5, 1e-06, 0.1], "k_pid_hsp": [0.11401027780325741, 0.00765247884550208, 0.0], "k_pid_vsp": [102.16682326429333, 111.22484526858916, 6.217635490509707]}, "datetime": {"datetime": "2025-08-12 02:44:35", "elapsed": 37154.59513139725, "delta": 20.227110147476196}, "costs": {"total_cost": 184.6256114833327, "time_cost": 74.144, "final_distance_cost": 1.8470677256271057, "oscillation_cost": 20.001884200757296, "completition_cost": 0.0, "overshoot_cost": 51.55237642551406, "power_cost": 14.425264587402344, "noise_cost": 22.655018544031886, "n_waypoints_completed": 9, "tot_waypoints": 9}}
{"target": -181.33255510513771, "params": {"k_pid_pos": [0.6160126081424383, 0.006440630280249723, 0.0007966492569417304], "k_pid_alt": [1.7607940154818174, 0.004184756659157795, 0.008090669068228607], "k_pid_att": [29.197035286701166, 0.233983870218652, 1.0], "k_pid_yaw": [0.5, 1e-06, 0.1], "k_pid_hsp": [0.09720500104345352, 0.009168334342870905, 0.0], "k_pid_vsp": [114.62427309579408, 108.43101722316213, 5.504636838000849]}, "datetime": {"datetime": "2025-08-12 02:44:56", "elapsed": 37176.148939847946, "delta": 21.553808450698853}, "costs": {"total_cost": 181.33255510513771, "time_cost": 71.169, "final_distance_cost": 1.8141359402495254, "oscillation_cost": 22.332217983193544, "completition_cost": 0.0, "overshoot_cost": 50.68483098611984, "power_cost": 14.162042211914063, "noise_cost": 21.17032798366073, "n_waypoints_completed": 9, "tot_waypoints": 9}}
{"target": -192.51832865264288, "params": {"k_pid_pos": [0.38402689446273014, 0.0051183348615973295, 0.000646805657317914], "k_pid_alt": [1.8968826069106057, 0.0035263174239763277, 0.007078115104364684], "k_pid_att": [52.17266886645539, 0.4217666366180461, 0.8678502296117258], "k_pid_yaw": [0.5, 1e-06, 0.1], "k_pid_hsp": [0.12249527987918558, 0.009799848118044956, 0.0], "k_pid_vsp": [110.51451366604947, 153.1740111134104, 7.798535566897054]}, "datetime": {"datetime": "2025-08-12 02:45:20", "elapsed": 37200.14116811752, "delta": 23.992228269577026}, "costs": {"total_cost": 192.51832865264288, "time_cost": 78.687, "final_distance_cost": 1.85871537660514, "oscillation_cost": 19.82732011967562, "completition_cost": 0.0, "overshoot_cost": 52.0640752997788, "power_cost": 15.173297546386719, "noise_cost": 24.907920310196605, "n_waypoints_completed": 9, "tot_waypoints": 9}}
{"target": -181.96608669346708, "params": {"k_pid_pos": [0.5678272679641233, 0.0050994762891983505, 0.0008446068512389862], "k_pid_alt": [1.5079247372009494, 0.004755465684370273, 0.00860042691314441], "k_pid_att": [32.15857016263096, 0.2711769044848547, 0.8182000524594032], "k_pid_yaw": [0.5, 1e-06, 0.1], "k_pid_hsp": [0.08687044187413705, 0.007576233862849838, 0.0], "k_pid_vsp": [120.11468596325318, 104.6476886732868, 5.683857111973921]}, "datetime": {"datetime": "2025-08-12 02:45:40", "elapsed": 37219.46447491646, "delta": 19.323306798934937}, "costs": {"total_cost": 181.96608669346708, "time_cost": 72.002, "final_distance_cost": 1.8223568251427729, "oscillation_cost": 20.748502490311296, "completition_cost": 0.0, "overshoot_cost": 51.64612854265235, "power_cost": 14.215721350097658, "noise_cost": 21.53137748526303, "n_waypoints_completed": 9, "tot_waypoints": 9}}
{"target": -181.3822563038818, "params": {"k_pid_pos": [0.6341902778707943, 0.006814656733325673, 0.0006308968385279871], "k_pid_alt": [1.3298008089507303, 0.0025501809048626683, 0.008470598822584502], "k_pid_att": [24.894287815289477, 0.40385813245506647, 0.9469954770336173], "k_pid_yaw": [0.5, 1e-06, 0.1], "k_pid_hsp": [0.11072999672870525, 0.008523219494244075, 0.0], "k_pid_vsp": [127.62501911772534, 177.79867818427996, 7.110978240923202]}, "datetime": {"datetime": "2025-08-12 02:45:58", "elapsed": 37237.35786294937, "delta": 17.893388032913208}, "costs": {"total_cost": 181.3822563038818, "time_cost": 70.693, "final_distance_cost": 1.8251078501923903, "oscillation_cost": 23.109147889860598, "completition_cost": 0.0, "overshoot_cost": 50.84239657234768, "power_cost": 14.065319409179688, "noise_cost": 20.847284582301437, "n_waypoints_completed": 9, "tot_waypoints": 9}}
{"target": -182.64923766286208, "params": {"k_pid_pos": [0.63745913008432, 0.005088686844653723, 0.0008073086510455591], "k_pid_alt": [1.4161799383189733, 0.004780270171248745, 0.004293622222618604], "k_pid_att": [34.22650443881972, 0.3128748700153841, 1.0], "k_pid_yaw": [0.5, 1e-06, 0.1], "k_pid_hsp": [0.1304869109294764, 0.008919345313005545, 0.0], "k_pid_vsp": [134.30635617478194, 138.65707499148567, 5.747968357473152]}, "datetime": {"datetime": "2025-08-12 02:46:16", "elapsed": 37255.8305978775, "delta": 18.472734928131104}, "costs": {"total_cost": 182.64923766286208, "time_cost": 70.602, "final_distance_cost": 1.8338167664557798, "oscillation_cost": 24.141665072829895, "completition_cost": 0.0, "overshoot_cost": 50.773014311359674, "power_cost": 14.173992297363283, "noise_cost": 21.12474921485344, "n_waypoints_completed": 9, "tot_waypoints": 9}}
{"target": -183.98829041521816, "params": {"k_pid_pos": [0.7168452551210356, 0.005573636250650265, 0.0007949203172438554], "k_pid_alt": [1.573925679704329, 0.0037336973536397505, 0.009634667663232227], "k_pid_att": [36.73455329127934, 0.255023687606538, 0.9056273904818374], "k_pid_yaw": [0.5, 1e-06, 0.1], "k_pid_hsp": [0.0830768752286963, 0.009665692477858503, 0.0], "k_pid_vsp": [106.68694043383209, 152.4309583655329, 6.0815341127424505]}, "datetime": {"datetime": "2025-08-12 02:46:35", "elapsed": 37274.52206325531, "delta": 18.691465377807617}, "costs": {"total_cost": 183.98829041521816, "time_cost": 71.981, "final_distance_cost": 1.7908015139636888, "oscillation_cost": 23.70012872495233, "completition_cost": 0.0, "overshoot_cost": 50.926106029784464, "power_cost": 14.392496826171875, "noise_cost": 21.197757320345808, "n_waypoints_completed": 9, "tot_waypoints": 9}}
{"target": -182.4781462081828, "params": {"k_pid_pos": [0.5525474551484825, 0.006559756151652197, 0.0004971739677660064], "k_pid_alt": [1.401032334143757, 0.004745470122353075, 0.00910912561168589], "k_pid_att": [31.03199961827347, 0.5257745246017694, 0.8167644772011328], "k_pid_yaw": [0.5, 1e-06, 0.1], "k_pid_hsp": [0.08394033820003365, 0.009912415941550174, 0.0], "k_pid_vsp": [85.35038867615351, 109.92227505584451, 5.889978285216167]}, "datetime": {"datetime": "2025-08-12 02:46:53", "elapsed": 37292.97110080719, "delta": 18.449037551879883}, "costs": {"total_cost": 182.4781462081828, "time_cost": 72.52, "final_distance_cost": 1.817262452056556, "oscillation_cost": 20.731319986228982, "completition_cost": 0.0, "overshoot_cost": 51.532018293226784, "power_cost": 14.278280517578125, "noise_cost": 21.599264959092366, "n_waypoints_completed": 9, "tot_waypoints": 9}}
{"target": -181.93842099601653, "params": {"k_pid_pos": [0.5399120361107944, 0.006495133323943848, 0.000824750503369416], "k_pid_alt": [1.2546405032597556, 0.004530275274313586, 0.003734395907780084], "k_pid_att": [22.928124125887305, 0.480553764674505, 0.8056423758886796], "k_pid_yaw": [0.5, 1e-06, 0.1], "k_pid_hsp": [0.10331515729608402, 0.0072439090238871654, 0.0], "k_pid_vsp": [95.22907224999608, 110.92204643597937, 4.647252523745636]}, "datetime": {"datetime": "2025-08-12 02:47:11", "elapsed": 37310.87996387482, "delta": 17.908863067626953}, "costs": {"total_cost": 181.93842099601653, "time_cost": 71.946, "final_distance_cost": 1.8400353842584842, "oscillation_cost": 21.177466763919817, "completition_cost": 0.0, "overshoot_cost": 51.1177351914097, "power_cost": 14.234159594726563, "noise_cost": 21.623024061701983, "n_waypoints_completed": 9, "tot_waypoints": 9}}
{"target": -184.40144888142672, "params": {"k_pid_pos": [0.5920255680933812, 0.003941493826628929, 0.0006378769500224184], "k_pid_alt": [1.4711739925379248, 0.004609142593325559, 0.007680266155733189], "k_pid_att": [34.753403371554136, 0.4161265291477334, 1.0], "k_pid_yaw": [0.5, 1e-06, 0.1], "k_pid_hsp": [0.07389858952088153, 0.008350875073866884, 0.0], "k_pid_vsp": [117.74782832296874, 113.7579502855777, 6.271393539051225]}, "datetime": {"datetime": "2025-08-12 02:47:30", "elapsed": 37330.12997889519, "delta": 19.250015020370483}, "costs": {"total_cost": 184.40144888142672, "time_cost": 73.59100000000001, "final_distance_cost": 1.8070401358168708, "oscillation_cost": 20.683725378815154, "completition_cost": 0.0, "overshoot_cost": 52.062218088645075, "power_cost": 14.423970275878906, "noise_cost": 21.83349500227069, "n_waypoints_completed": 9, "tot_waypoints": 9}}
{"target": -182.13617994450726, "params": {"k_pid_pos": [0.7195464508142274, 0.00429571818287703, 0.0008260425131128244], "k_pid_alt": [1.522033112763002, 0.0038008029493966492, 0.0045250863135191674], "k_pid_att": [33.72775675023712, 0.37114295811786374, 0.9656115386685551], "k_pid_yaw": [0.5, 1e-06, 0.1], "k_pid_hsp": [0.1025887614128098, 0.009229238857201253, 0.0], "k_pid_vsp": [107.34586115310178, 127.96661104786567, 5.488908365833129]}, "datetime": {"datetime": "2025-08-12 02:47:48", "elapsed": 37348.22559309006, "delta": 18.095614194869995}, "costs": {"total_cost": 182.13617994450726, "time_cost": 70.294, "final_distance_cost": 1.8269513338620982, "oscillation_cost": 24.291599909015314, "completition_cost": 0.0, "overshoot_cost": 50.891836192258765, "power_cost": 14.122622094726562, "noise_cost": 20.709170414644554, "n_waypoints_completed": 9, "tot_waypoints": 9}}
{"target": -181.7021031114507, "params": {"k_pid_pos": [0.6064462260517037, 0.00459701322225768, 0.0006486387443408096], "k_pid_alt": [1.4158859837872015, 0.0033213969063766867, 0.00870494762954493], "k_pid_att": [31.504476953111517, 0.3992061843704771, 0.7061429762522679], "k_pid_yaw": [0.5, 1e-06, 0.1], "k_pid_hsp": [0.08843775502357355, 0.008832926557833977, 0.0], "k_pid_vsp": [101.16139883305243, 99.72039545324692, 6.009273734160243]}, "datetime": {"datetime": "2025-08-12 02:48:07", "elapsed": 37366.8717918396, "delta": 18.646198749542236}, "costs": {"total_cost": 181.7021031114507, "time_cost": 71.624, "final_distance_cost": 1.8065215141913586, "oscillation_cost": 21.76133503227703, "completition_cost": 0.0, "overshoot_cost": 51.04430959024222, "power_cost": 14.165582922363281, "noise_cost": 21.30035405237681, "n_waypoints_completed": 9, "tot_waypoints": 9}}
{"target": -181.78409004625345, "params": {"k_pid_pos": [0.645562955076984, 0.004873300522144561, 0.0008039796118052828], "k_pid_alt": [1.5530316937038897, 0.004518795363244358, 0.006705367361562669], "k_pid_att": [30.5241465435949, 0.39412517219131177, 0.7739238584457766], "k_pid_yaw": [0.5, 1e-06, 0.1], "k_pid_hsp": [0.09535534058285039, 0.010016599673486308, 0.0], "k_pid_vsp": [105.59049177848284, 147.38435571683104, 5.475471727971274]}, "datetime": {"datetime": "2025-08-12 02:48:25", "elapsed": 37384.44746232033, "delta": 17.57567048072815}, "costs": {"total_cost": 181.78409004625345, "time_cost": 70.938, "final_distance_cost": 1.833222076602276, "oscillation_cost": 23.119553450624572, "completition_cost": 0.0, "overshoot_cost": 50.74772065217056, "power_cost": 14.16750887451172, "noise_cost": 20.978084992344332, "n_waypoints_completed": 9, "tot_waypoints": 9}}
{"target": -190.2893409464393, "params": {"k_pid_pos": [0.38683177689197223, 0.004575735685644406, 0.0006224763949663875], "k_pid_alt": [1.1933875731819408, 0.004772283493730126, 0.004294926649301756], "k_pid_att": [22.425401049720367, 0.31111457643377305, 0.9830382023421773], "k_pid_yaw": [0.5, 1e-06, 0.1], "k_pid_hsp": [0.108475992746895, 0.010599911788181446, 0.0], "k_pid_vsp": [120.25870163658983, 124.26778323085027, 6.395636859855972]}, "datetime": {"datetime": "2025-08-12 02:48:45", "elapsed": 37404.65377354622, "delta": 20.206311225891113}, "costs": {"total_cost": 190.2893409464393, "time_cost": 78.113, "final_distance_cost": 1.8595656303128447, "oscillation_cost": 18.886448742811304, "completition_cost": 0.0, "overshoot_cost": 51.71117886770606, "power_cost": 15.083038281250001, "noise_cost": 24.63610942435908, "n_waypoints_completed": 9, "tot_waypoints": 9}}
{"target": -185.33477453799173, "params": {"k_pid_pos": [0.7785226611283225, 0.0033383753245878234, 0.0006871419875449782], "k_pid_alt": [1.4362147135466354, 0.00408963650623782, 0.007205229710291486], "k_pid_att": [28.223977538014605, 0.3543352667946092, 1.0], "k_pid_yaw": [0.5, 1e-06, 0.1], "k_pid_hsp": [0.07941064311698336, 0.009723461587187428, 0.0], "k_pid_vsp": [136.55046793888283, 112.32287635009368, 4.847569473241734]}, "datetime": {"datetime": "2025-08-12 02:49:03", "elapsed": 37422.506639003754, "delta": 17.85286545753479}, "costs": {"total_cost": 185.33477453799173, "time_cost": 72.184, "final_distance_cost": 1.7910259415941152, "oscillation_cost": 24.453180558981103, "completition_cost": 0.0, "overshoot_cost": 51.362214235777195, "power_cost": 14.390251049804688, "noise_cost": 21.154102751834646, "n_waypoints_completed": 9, "tot_waypoints": 9}}
{"target": -181.61814902957545, "params": {"k_pid_pos": [0.5541823327367753, 0.005049852022227468, 0.0005821595402704126], "k_pid_alt": [1.3922751179271862, 0.0049264692011327165, 0.007539961569468759], "k_pid_att": [25.77785004345806, 0.43539663049766975, 0.9412464759596489], "k_pid_yaw": [0.5, 1e-06, 0.1], "k_pid_hsp": [0.1019094231822079, 0.006697520882483057, 0.0], "k_pid_vsp": [124.99166143808912, 128.98721804575976, 4.984121253627617]}, "datetime": {"datetime": "2025-08-12 02:49:21", "elapsed": 37441.16093492508, "delta": 18.654295921325684}, "costs": {"total_cost": 181.61814902957545, "time_cost": 71.715, "final_distance_cost": 1.8306145460076415, "oscillation_cost": 21.225820613199744, "completition_cost": 0.0, "overshoot_cost": 51.25936580772491, "power_cost": 14.143840686035157, "noise_cost": 21.443507376607972, "n_waypoints_completed": 9, "tot_waypoints": 9}}
{"target": -183.51003742294182, "params": {"k_pid_pos": [0.5299542028263771, 0.008065352679988749, 0.000728338170357563], "k_pid_alt": [0.8315151436661171, 0.005732006763269224, 0.00487476668050838], "k_pid_att": [34.7745502386253, 0.3681398091066898, 0.9908862557493024], "k_pid_yaw": [0.5, 1e-06, 0.1], "k_pid_hsp": [0.10421754115503394, 0.00833991496778434, 0.0], "k_pid_vsp": [125.52675742320748, 145.12858427598619, 6.0184062721234]}, "datetime": {"datetime": "2025-08-12 02:49:41", "elapsed": 37460.67280769348, "delta": 19.5118727684021}, "costs": {"total_cost": 183.51003742294182, "time_cost": 73.136, "final_distance_cost": 1.8332064595240616, "oscillation_cost": 21.29938761781718, "completition_cost": 0.0, "overshoot_cost": 51.32517999043601, "power_cost": 14.336991967773438, "noise_cost": 21.57927138739114, "n_waypoints_completed": 9, "tot_waypoints": 9}}
{"target": -181.60773205647922, "params": {"k_pid_pos": [0.6016825455031517, 0.007930952104430974, 0.0005667309592972654], "k_pid_alt": [1.4028634558854485, 0.0036763846387803567, 0.006990581089535761], "k_pid_att": [48.169283586743575, 0.36157651783606787, 1.0], "k_pid_yaw": [0.5, 1e-06, 0.1], "k_pid_hsp": [0.09762554712092818, 0.008714407489780642, 0.0], "k_pid_vsp": [134.11810857027797, 77.2558062799274, 5.360598624192268]}, "datetime": {"datetime": "2025-08-12 02:49:59", "elapsed": 37478.40763878822, "delta": 17.73483109474182}, "costs": {"total_cost": 181.60773205647922, "time_cost": 71.316, "final_distance_cost": 1.8242663920615882, "oscillation_cost": 22.032361907375186, "completition_cost": 0.0, "overshoot_cost": 51.05992598824951, "power_cost": 14.109972021484376, "noise_cost": 21.265205747308563, "n_waypoints_completed": 9, "tot_waypoints": 9}}
{"target": -182.63736282262428, "params": {"k_pid_pos": [0.4571163638096365, 0.004690309198252515, 0.0006324541788690656], "k_pid_alt": [1.8735341317391236, 0.004633747639236842, 0.008077386347033208], "k_pid_att": [32.365324837767, 0.29473436012605814, 0.960442152720626], "k_pid_yaw": [0.5, 1e-06, 0.1], "k_pid_hsp": [0.08655922918175667, 0.0077257829652035695, 0.0], "k_pid_vsp": [91.97091615453245, 133.89730662741272, 6.256627980034828]}, "datetime": {"datetime": "2025-08-12 02:50:18", "elapsed": 37497.3779129982, "delta": 18.970274209976196}, "costs": {"total_cost": 182.63736282262428, "time_cost": 73.563, "final_distance_cost": 1.8373581022953078, "oscillation_cost": 18.49075675585554, "completition_cost": 0.0, "overshoot_cost": 52.084294432576755, "power_cost": 14.417539526367188, "noise_cost": 22.244414005529485, "n_waypoints_completed": 9, "tot_waypoints": 9}}
{"target": -187.0753426953858, "params": {"k_pid_pos": [0.5604674820634884, 0.0038234254941996192, 0.0007199899134187207], "k_pid_alt": [1.2761895230007152, 0.004688817076595687, 0.008909120746911133], "k_pid_att": [24.22268643614829, 0.33860964171061814, 0.708838620665898], "k_pid_yaw": [0.5, 1e-06, 0.1], "k_pid_hsp": [0.05957556371635323, 0.009352665848952746, 0.0], "k_pid_vsp": [109.00799096086742, 126.68023652617653, 5.324509500820575]}, "datetime": {"datetime": "2025-08-12 02:50:37", "elapsed": 37516.50342845917, "delta": 19.125515460968018}, "costs": {"total_cost": 187.0753426953858, "time_cost": 76.02, "final_distance_cost": 1.777989184651031, "oscillation_cost": 19.12243914061382, "completition_cost": 0.0, "overshoot_cost": 52.82418986021344, "power_cost": 14.74090408935547, "noise_cost": 22.58982042055207, "n_waypoints_completed": 9, "tot_waypoints": 9}}
{"target": -182.9089385906263, "params": {"k_pid_pos": [0.627022250319426, 0.006803702455139761, 0.00047059691361096395], "k_pid_alt": [1.301574511428922, 0.004280444069647874, 0.003520342172763742], "k_pid_att": [26.71101779677797, 0.30607311026789, 0.8943304783492959], "k_pid_yaw": [0.5, 1e-06, 0.1], "k_pid_hsp": [0.08576525804018172, 0.009223440032172089, 0.0], "k_pid_vsp": [97.40925910200833, 109.06900888842237, 6.6563783688420735]}, "datetime": {"datetime": "2025-08-12 02:50:56", "elapsed": 37535.503921985626, "delta": 19.00049352645874}, "costs": {"total_cost": 182.9089385906263, "time_cost": 72.226, "final_distance_cost": 1.8143037781452243, "oscillation_cost": 22.020192548794267, "completition_cost": 0.0, "overshoot_cost": 51.30136347872069, "power_cost": 14.264534375, "noise_cost": 21.282544409966103, "n_waypoints_completed": 9, "tot_waypoints": 9}}
{"target": -196.50887130054915, "params": {"k_pid_pos": [0.3509462950788429, 0.005520208975052194, 0.0006333274883327699], "k_pid_alt": [1.1487682007878035, 0.005310198859885223, 0.007243207107359485], "k_pid_att": [33.61795703578574, 0.40773785081405606, 0.9741078740037444], "k_pid_yaw": [0.5, 1e-06, 0.1], "k_pid_hsp": [0.1176959363629343, 0.00930610460146901, 0.0], "k_pid_vsp": [102.09701990294776, 94.97748548916967, 7.3092935511583645]}, "datetime": {"datetime": "2025-08-12 02:51:18", "elapsed": 37557.63594698906, "delta": 22.132025003433228}, "costs": {"total_cost": 196.50887130054915, "time_cost": 82.187, "final_distance_cost": 1.861745425709713, "oscillation_cost": 18.338880924604553, "completition_cost": 0.0, "overshoot_cost": 51.80438753692536, "power_cost": 15.682505151367188, "noise_cost": 26.634352261942336, "n_waypoints_completed": 9, "tot_waypoints": 9}}
{"target": -181.39930202331243, "params": {"k_pid_pos": [0.5877674832186915, 0.0034208390430518674, 0.0007737477710769106], "k_pid_alt": [1.6265952827195365, 0.005968750175813349, 0.007588203848375882], "k_pid_att": [32.76541054791414, 0.35151993055454483, 0.9107865351272125], "k_pid_yaw": [0.5, 1e-06, 0.1], "k_pid_hsp": [0.09889138136038768, 0.009674581933536226, 0.0], "k_pid_vsp": [123.7545806958188, 127.68443354727219, 5.255041523122656]}, "datetime": {"datetime": "2025-08-12 02:51:36", "elapsed": 37575.66774249077, "delta": 18.031795501708984}, "costs": {"total_cost": 181.39930202331243, "time_cost": 71.26, "final_distance_cost": 1.8151649108761743, "oscillation_cost": 21.96129351767941, "completition_cost": 0.0, "overshoot_cost": 50.82369493983952, "power_cost": 14.205813012695312, "noise_cost": 21.333335642222014, "n_waypoints_completed": 9, "tot_waypoints": 9}}
{"target": -182.3319687961353, "params": {"k_pid_pos": [0.6961825415464186, 0.003954042306932426, 0.0005853825470571575], "k_pid_alt": [1.540584444409112, 0.004049880117685031, 0.007528704699995513], "k_pid_att": [33.073916524464956, 0.3363948666475745, 1.0], "k_pid_yaw": [0.5, 1e-06, 0.1], "k_pid_hsp": [0.12952385886026285, 0.009736217667483877, 0.0], "k_pid_vsp": [97.90263531589112, 114.4245638249796, 8.221864966312951]}, "datetime": {"datetime": "2025-08-12 02:51:53", "elapsed": 37593.1463227272, "delta": 17.478580236434937}, "costs": {"total_cost": 182.3319687961353, "time_cost": 70.021, "final_distance_cost": 1.832879104618333, "oscillation_cost": 24.63556965492423, "completition_cost": 0.0, "overshoot_cost": 50.81441172022288, "power_cost": 14.141538171386719, "noise_cost": 20.88657014498314, "n_waypoints_completed": 9, "tot_waypoints": 9}}
{"target": -183.58405547171827, "params": {"k_pid_pos": [0.6359082946072693, 0.006091667889724952, 0.0006128241527118259], "k_pid_alt": [1.625059674516866, 0.004609975467721484, 0.007740610913077852], "k_pid_att": [28.404054746975202, 0.37082325092119106, 1.0], "k_pid_yaw": [0.5, 1e-06, 0.1], "k_pid_hsp": [0.0809430321803596, 0.008818631966063953, 0.0], "k_pid_vsp": [112.60985594015392, 143.3772668803879, 6.755541585244738]}, "datetime": {"datetime": "2025-08-12 02:52:12", "elapsed": 37611.84430193901, "delta": 18.69797921180725}, "costs": {"total_cost": 183.58405547171827, "time_cost": 72.548, "final_distance_cost": 1.819345383861064, "oscillation_cost": 21.907930582004916, "completition_cost": 0.0, "overshoot_cost": 51.529154613210935, "power_cost": 14.360610815429688, "noise_cost": 21.419014077211706, "n_waypoints_completed": 9, "tot_waypoints": 9}}
