{"target": -227.8123984223401, "params": {"k_pid_pos": [0.39584314452243113, 0.04184217248553398, 0.16777377523506823], "k_pid_alt": [2.0, 0.011549999253405158, 1.0], "k_pid_att": [17.825106090428687, 5.184636269758333, 0.9200855821421919], "k_pid_yaw": [0.5, 1e-06, 0.1], "k_pid_hsp": [3.2464847274859374, 0.06328146886595494, 0.006920263562459113], "k_pid_vsp": [143.68232200788952, 1e-06, 1e-06]}, "datetime": {"datetime": "2025-08-11 17:22:10", "elapsed": 3409.4125583171844, "delta": 22.263407707214355}, "costs": {"total_cost": 227.8123984223401, "time_cost": 90.328, "final_distance_cost": 1.8539444558542721, "oscillation_cost": 34.39300753813477, "completition_cost": 0.0, "overshoot_cost": 54.316352901637586, "power_cost": 17.573051831054688, "noise_cost": 29.348041695658775, "n_waypoints_completed": 9, "tot_waypoints": 9}}
{"target": -453.18369065182725, "params": {"k_pid_pos": [1.8605798116708676, 0.0, 0.0], "k_pid_alt": [1.4476366383753263, 0.020468736446089986, 0.8427442733053135], "k_pid_att": [37.117307381344936, 8.038845548098271, 0.38279225596085725], "k_pid_yaw": [0.5, 1e-06, 0.1], "k_pid_hsp": [4.965384952843216, 0.006737038549037625, 0.22174305651364867], "k_pid_vsp": [41.5923813011525, 57.74762206247842, 4.584361833048415]}, "datetime": {"datetime": "2025-08-11 17:22:26", "elapsed": 3426.0031085014343, "delta": 16.590550184249878}, "costs": {"total_cost": 453.18369065182725, "time_cost": 69.202, "final_distance_cost": 1.7828746238399285, "oscillation_cost": 292.967470746907, "completition_cost": 0.0, "overshoot_cost": 50.33405543066087, "power_cost": 19.320093591308595, "noise_cost": 19.577196259110828, "n_waypoints_completed": 9, "tot_waypoints": 9}}
{"target": -193.0561928239531, "params": {"k_pid_pos": [0.7260408535396262, 0.07881965763716087, 0.05822289275307079], "k_pid_alt": [1.7937816741844996, 0.0030753440282338847, 0.6113818015692941], "k_pid_att": [21.823173883556347, 5.023946161218271, 1.0], "k_pid_yaw": [0.5, 1e-06, 0.1], "k_pid_hsp": [0.8295259484470909, 0.08151643507141801, 0.0], "k_pid_vsp": [179.27000042111675, 30.559484557638058, 10.45851631117385]}, "datetime": {"datetime": "2025-08-11 17:22:45", "elapsed": 3444.406382083893, "delta": 18.403273582458496}, "costs": {"total_cost": 193.0561928239531, "time_cost": 72.926, "final_distance_cost": 1.846046763553138, "oscillation_cost": 29.105945002885377, "completition_cost": 0.0, "overshoot_cost": 51.36995017816156, "power_cost": 18.575702465820314, "noise_cost": 19.2325484135327, "n_waypoints_completed": 9, "tot_waypoints": 9}}
{"target": -204.54367741652533, "params": {"k_pid_pos": [0.5894891693881723, 0.20303913665702614, 0.22099748804675012], "k_pid_alt": [2.0, 0.01920877364183355, 0.245527844488129], "k_pid_att": [10.337448744496491, 5.138060456988829, 0.3987225683789557], "k_pid_yaw": [0.5, 1e-06, 0.1], "k_pid_hsp": [0.48953635516989014, 0.10160248256987416, 0.0], "k_pid_vsp": [254.89998395080042, 14.25099529878475, 13.672047714895639]}, "datetime": {"datetime": "2025-08-11 17:23:04", "elapsed": 3463.880633354187, "delta": 19.47425127029419}, "costs": {"total_cost": 204.54367741652533, "time_cost": 79.009, "final_distance_cost": 1.827929772115915, "oscillation_cost": 29.903637384133166, "completition_cost": 0.0, "overshoot_cost": 52.647517355416205, "power_cost": 20.320731201171878, "noise_cost": 20.834861703688173, "n_waypoints_completed": 9, "tot_waypoints": 9}}
{"target": -1182.2928169323388, "params": {"k_pid_pos": [0.0001, 0.1576549376591276, 0.40510812563211546], "k_pid_alt": [1.4149713305080145, 0.0009568484452276684, 1.0], "k_pid_att": [50.3049941279009, 9.60393878190542, 0.057249416318709535], "k_pid_yaw": [0.5, 1e-06, 0.1], "k_pid_hsp": [2.651227029284951, 0.08907663558168975, 0.0], "k_pid_vsp": [250.54341167935408, 1e-06, 14.053617501270622]}, "datetime": {"datetime": "2025-08-11 17:23:34", "elapsed": 3493.59561920166, "delta": 29.714985847473145}, "costs": {"total_cost": 1182.2928169323388, "time_cost": 150, "final_distance_cost": 83.3714304831643, "oscillation_cost": 17.510466162390824, "completition_cost": 777.7777777777778, "overshoot_cost": 97.4218587487982, "power_cost": 29.453633007812503, "noise_cost": 26.757650752395158, "n_waypoints_completed": 2, "tot_waypoints": 9}}
{"target": -1467.600609788153, "params": {"k_pid_pos": [0.2902723682305034, 0.21158219247358204, 0.05527206828670874], "k_pid_alt": [1.4593052298701175, 0.0, 1.0], "k_pid_att": [15.560968532803841, 2.3385265512878006, 0.4846856587219625], "k_pid_yaw": [0.5, 1e-06, 0.1], "k_pid_hsp": [3.6140836888027565, 0.027865534125714474, 0.0], "k_pid_vsp": [7.836885191335152, 1e-06, 16.956174767189182]}, "datetime": {"datetime": "2025-08-11 17:24:05", "elapsed": 3524.618991613388, "delta": 31.023372411727905}, "costs": {"total_cost": 1467.600609788153, "time_cost": 150, "final_distance_cost": 0.9998689624280959, "oscillation_cost": 7.040430102793449, "completition_cost": 1000.0, "overshoot_cost": 163.07873125884734, "power_cost": 28.58596004638672, "noise_cost": 117.89561941769755, "n_waypoints_completed": 0, "tot_waypoints": 9}}
{"target": -266.81071884092773, "params": {"k_pid_pos": [0.2939242656290236, 0.378653975289829, 0.49347798098022033], "k_pid_alt": [1.4797382087769735, 0.0, 0.6547816790931946], "k_pid_att": [17.639523475825005, 6.4361785416483555, 0.5449435444857064], "k_pid_yaw": [0.5, 1e-06, 0.1], "k_pid_hsp": [2.0708651116201016, 0.040205191226764726, 0.030572932668825686], "k_pid_vsp": [340.9054824901898, 109.67578374632838, 20.15145765474325]}, "datetime": {"datetime": "2025-08-11 17:24:30", "elapsed": 3549.8992466926575, "delta": 25.28025507926941}, "costs": {"total_cost": 266.81071884092773, "time_cost": 101.822, "final_distance_cost": 1.81376663636189, "oscillation_cost": 56.67280799721991, "completition_cost": 0.0, "overshoot_cost": 55.40833947440195, "power_cost": 25.38651696777344, "noise_cost": 25.70728776517053, "n_waypoints_completed": 9, "tot_waypoints": 9}}
{"target": -225.8051664975521, "params": {"k_pid_pos": [1.1361054662847325, 0.48197858221711765, 0.07822673433014854], "k_pid_alt": [1.2202359546557686, 0.0, 1.0], "k_pid_att": [34.89623649818375, 5.592050936992192, 1.0], "k_pid_yaw": [0.5, 1e-06, 0.1], "k_pid_hsp": [5.133405267074302, 0.06940545362666693, 0.014007375784335079], "k_pid_vsp": [159.1245140945216, 90.31758403215865, 1e-06]}, "datetime": {"datetime": "2025-08-11 17:24:50", "elapsed": 3570.2058577537537, "delta": 20.30661106109619}, "costs": {"total_cost": 225.8051664975521, "time_cost": 81.82300000000001, "final_distance_cost": 1.8085499345672755, "oscillation_cost": 48.37276665081741, "completition_cost": 0.0, "overshoot_cost": 52.59943551149214, "power_cost": 17.703811962890626, "noise_cost": 23.497602437784657, "n_waypoints_completed": 9, "tot_waypoints": 9}}
{"target": -196.75883143952768, "params": {"k_pid_pos": [1.0955680111556692, 0.3499882871683507, 0.16208529664952676], "k_pid_alt": [2.0, 0.0, 0.6801967034991421], "k_pid_att": [21.373997095459483, 2.7838023367544076, 0.3600332258583118], "k_pid_yaw": [0.5, 1e-06, 0.1], "k_pid_hsp": [0.9784299699213523, 0.07166568334913076, 0.0], "k_pid_vsp": [26.42167170068478, 42.644296323910474, 8.71928535994594]}, "datetime": {"datetime": "2025-08-11 17:25:09", "elapsed": 3588.7720050811768, "delta": 18.566147327423096}, "costs": {"total_cost": 196.75883143952768, "time_cost": 74.046, "final_distance_cost": 1.8110384508784596, "oscillation_cost": 32.03634369017329, "completition_cost": 0.0, "overshoot_cost": 50.84637288535231, "power_cost": 16.26621315917969, "noise_cost": 21.75286325394394, "n_waypoints_completed": 9, "tot_waypoints": 9}}
{"target": -1160.4282776923624, "params": {"k_pid_pos": [1.3503576751268078, 0.19529540267859125, 0.712686374006556], "k_pid_alt": [2.0, 0.0018441295385190715, 1.0], "k_pid_att": [3.990506346349824, 2.5024217113077962, 0.8281110147633729], "k_pid_yaw": [0.5, 1e-06, 0.1], "k_pid_hsp": [0.0001, 0.021292379790249616, 0.0], "k_pid_vsp": [177.04365227001787, 74.68045162481245, 22.61467816108789]}, "datetime": {"datetime": "2025-08-11 17:25:38", "elapsed": 3618.262088060379, "delta": 29.49008297920227}, "costs": {"total_cost": 1160.4282776923624, "time_cost": 150, "final_distance_cost": 84.79428824575939, "oscillation_cost": 10.51263383787445, "completition_cost": 777.7777777777778, "overshoot_cost": 80.52590456370929, "power_cost": 29.72363670654297, "noise_cost": 27.094036560698452, "n_waypoints_completed": 2, "tot_waypoints": 9}}
{"target": -1009.709951987653, "params": {"k_pid_pos": [1.0909362402830494, 0.2868774960024726, 0.2908852755431357], "k_pid_alt": [0.13026869673322405, 0.0018820388783399326, 1.0], "k_pid_att": [31.57997396248437, 8.129462369927525, 0.8740155025875468], "k_pid_yaw": [0.5, 1e-06, 0.1], "k_pid_hsp": [0.5116400246102257, 0.06438106673834239, 0.02014860560234531], "k_pid_vsp": [197.01648342638273, 66.66656933193161, 9.72034811964882]}, "datetime": {"datetime": "2025-08-11 17:26:09", "elapsed": 3648.7800834178925, "delta": 30.517995357513428}, "costs": {"total_cost": 1009.709951987653, "time_cost": 150, "final_distance_cost": 54.29146204778664, "oscillation_cost": 28.556035007671678, "completition_cost": 666.6666666666667, "overshoot_cost": 52.506157005450575, "power_cost": 29.78886219482422, "noise_cost": 27.900769065253133, "n_waypoints_completed": 3, "tot_waypoints": 9}}
{"target": -235.9367661574488, "params": {"k_pid_pos": [0.35010290709138664, 0.24104821045236235, 0.6341350373728314], "k_pid_alt": [1.3968055992953152, 0.012934919105163874, 0.7343291458414375], "k_pid_att": [55.430037308727776, 6.439689278470095, 0.6204863992062878], "k_pid_yaw": [0.5, 1e-06, 0.1], "k_pid_hsp": [2.4752146336777128, 0.0469920847224202, 0.0008754019944179729], "k_pid_vsp": [313.8399124565412, 30.946718191103184, 16.383862553486015]}, "datetime": {"datetime": "2025-08-11 17:26:33", "elapsed": 3672.917596101761, "delta": 24.137512683868408}, "costs": {"total_cost": 235.9367661574488, "time_cost": 95.893, "final_distance_cost": 1.8372916507784502, "oscillation_cost": 31.96893107315647, "completition_cost": 0.0, "overshoot_cost": 57.124551870776386, "power_cost": 23.99663514404297, "noise_cost": 25.11635641869451, "n_waypoints_completed": 9, "tot_waypoints": 9}}
{"target": -219.90120080474438, "params": {"k_pid_pos": [0.821241988245685, 0.11695113313993587, 0.20289299210603495], "k_pid_alt": [2.0, 0.0, 1.0], "k_pid_att": [20.539133935204458, 1.8271105198849094, 0.7868440261609129], "k_pid_yaw": [0.5, 1e-06, 0.1], "k_pid_hsp": [0.12685477394932054, 0.09357029355630453, 0.014252939857116037], "k_pid_vsp": [251.44879377083848, 51.88121168272508, 22.621258522801412]}, "datetime": {"datetime": "2025-08-11 17:26:52", "elapsed": 3691.7045934200287, "delta": 18.786997318267822}, "costs": {"total_cost": 219.90120080474438, "time_cost": 75.075, "final_distance_cost": 1.8585108524200895, "oscillation_cost": 51.91005319201594, "completition_cost": 0.0, "overshoot_cost": 51.70200384875588, "power_cost": 19.905309472656253, "noise_cost": 19.450323438896195, "n_waypoints_completed": 9, "tot_waypoints": 9}}
{"target": -573.8347616137492, "params": {"k_pid_pos": [1.3916327989976762, 0.22452114647419644, 0.3374022375348708], "k_pid_alt": [1.8550870975046434, 0.0, 1.0], "k_pid_att": [37.06441222646374, 7.1878272449369405, 0.0], "k_pid_yaw": [0.5, 1e-06, 0.1], "k_pid_hsp": [0.8177160642097795, 0.10570944313620428, 0.07607536453306928], "k_pid_vsp": [294.34347104323723, 71.05726348230006, 13.498702858692601]}, "datetime": {"datetime": "2025-08-11 17:27:12", "elapsed": 3712.2538628578186, "delta": 20.549269437789917}, "costs": {"total_cost": 573.8347616137492, "time_cost": 83.531, "final_distance_cost": 1.754118273321678, "oscillation_cost": 389.66078777966436, "completition_cost": 0.0, "overshoot_cost": 52.038694191969626, "power_cost": 24.267020703125002, "noise_cost": 22.583140665668395, "n_waypoints_completed": 9, "tot_waypoints": 9}}
{"target": -199.53413196014395, "params": {"k_pid_pos": [1.0436680116066916, 0.2559563716812676, 0.06535771566391523], "k_pid_alt": [1.7331294883213684, 0.007547970709882255, 0.772283432193175], "k_pid_att": [15.155474413685177, 6.394987892347573, 0.3065916624985587], "k_pid_yaw": [0.5, 1e-06, 0.1], "k_pid_hsp": [1.5001099300946672, 0.052421248806577926, 0.0], "k_pid_vsp": [327.7246829310345, 65.61279245500859, 16.323336703066463]}, "datetime": {"datetime": "2025-08-11 17:27:30", "elapsed": 3730.2204644680023, "delta": 17.966601610183716}, "costs": {"total_cost": 199.53413196014395, "time_cost": 74.515, "final_distance_cost": 1.7791046477748642, "oscillation_cost": 33.280637331927416, "completition_cost": 0.0, "overshoot_cost": 51.42317744552225, "power_cost": 19.40278310546875, "noise_cost": 19.13342942945068, "n_waypoints_completed": 9, "tot_waypoints": 9}}
{"target": -1460.5113070126117, "params": {"k_pid_pos": [1.0665651301609347, 0.0547468625706043, 0.36833002117421754], "k_pid_alt": [0.0, 0.0, 0.5441666344309829], "k_pid_att": [47.20182972073656, 2.828747439986039, 0.6934327570151736], "k_pid_yaw": [0.5, 1e-06, 0.1], "k_pid_hsp": [3.246950093981276, 0.05589988794340547, 0.0], "k_pid_vsp": [192.92510183827207, 5.717171224703438, 1e-06]}, "datetime": {"datetime": "2025-08-11 17:28:01", "elapsed": 3760.6051664352417, "delta": 30.38470196723938}, "costs": {"total_cost": 1460.5113070126117, "time_cost": 150, "final_distance_cost": 1.0000003297355442, "oscillation_cost": 4.213645815570596, "completition_cost": 1000.0, "overshoot_cost": 163.06935302896983, "power_cost": 10.310824353027344, "noise_cost": 131.9174834853086, "n_waypoints_completed": 0, "tot_waypoints": 9}}
{"target": -788.3374334027958, "params": {"k_pid_pos": [0.7891481873376266, 0.449717658532863, 0.0], "k_pid_alt": [1.194533150266883, 0.0018647989855063221, 0.6910275089827603], "k_pid_att": [27.863032941643656, 1.303959678961992, 1.0], "k_pid_yaw": [0.5, 1e-06, 0.1], "k_pid_hsp": [0.06288451766125247, 0.0034420798877933755, 0.0], "k_pid_vsp": [235.3752190925761, 24.669508760639726, 4.847397336481887]}, "datetime": {"datetime": "2025-08-11 17:28:31", "elapsed": 3791.087391138077, "delta": 30.482224702835083}, "costs": {"total_cost": 788.3374334027958, "time_cost": 150, "final_distance_cost": 54.218559042091634, "oscillation_cost": 35.64033386857664, "completition_cost": 444.4444444444444, "overshoot_cost": 46.750533676363695, "power_cost": 23.632686132812502, "noise_cost": 33.650876238506854, "n_waypoints_completed": 5, "tot_waypoints": 9}}
{"target": -219.59864288015038, "params": {"k_pid_pos": [0.9320516553880287, 0.49603636918591326, 0.2661967683377549], "k_pid_alt": [0.6161267432022105, 0.013752080075806493, 1.0], "k_pid_att": [34.09072129146062, 4.03084809156426, 0.46808618488320053], "k_pid_yaw": [0.5, 1e-06, 0.1], "k_pid_hsp": [2.002497704676879, 0.07280467604807747, 0.0], "k_pid_vsp": [33.19889976822159, 54.858648912591654, 17.086062793546674]}, "datetime": {"datetime": "2025-08-11 17:28:53", "elapsed": 3812.8487815856934, "delta": 21.761390447616577}, "costs": {"total_cost": 219.59864288015038, "time_cost": 86.73, "final_distance_cost": 1.8489577844042635, "oscillation_cost": 34.85412638692453, "completition_cost": 0.0, "overshoot_cost": 51.09153203395113, "power_cost": 22.471747290039065, "noise_cost": 22.602279384831373, "n_waypoints_completed": 9, "tot_waypoints": 9}}
{"target": -221.79485919471853, "params": {"k_pid_pos": [1.067195074394111, 0.4140221254988936, 0.4283834518033897], "k_pid_alt": [1.1404342546798008, 0.0, 1.0], "k_pid_att": [38.847112184442345, 8.522980831722371, 0.29908884716753914], "k_pid_yaw": [0.5, 1e-06, 0.1], "k_pid_hsp": [0.4659734605235772, 0.22154206798081033, 0.0], "k_pid_vsp": [119.68540143007387, 23.649060816015005, 13.903459885794868]}, "datetime": {"datetime": "2025-08-11 17:29:14", "elapsed": 3834.034430742264, "delta": 21.185649156570435}, "costs": {"total_cost": 221.79485919471853, "time_cost": 86.002, "final_distance_cost": 1.8277557607300476, "oscillation_cost": 38.65081789592081, "completition_cost": 0.0, "overshoot_cost": 51.53355729589237, "power_cost": 22.452157934570312, "noise_cost": 21.32857030760499, "n_waypoints_completed": 9, "tot_waypoints": 9}}
{"target": -1249.7826918607714, "params": {"k_pid_pos": [0.5540702037217796, 0.5218398254901816, 0.31091333355441714], "k_pid_alt": [0.7038685867105884, 0.0, 0.8935637430790404], "k_pid_att": [39.85093831558294, 2.0853744552552933, 0.7288642188607423], "k_pid_yaw": [0.5, 1e-06, 0.1], "k_pid_hsp": [0.0001, 0.0, 0.0], "k_pid_vsp": [98.06328431788114, 4.714534117842642, 13.337906294928786]}, "datetime": {"datetime": "2025-08-11 17:29:44", "elapsed": 3864.1191449165344, "delta": 30.08471417427063}, "costs": {"total_cost": 1249.7826918607714, "time_cost": 150, "final_distance_cost": 48.608172243472936, "oscillation_cost": 0.4426549266656752, "completition_cost": 888.8888888888888, "overshoot_cost": 105.78100275297845, "power_cost": 29.422750500488284, "noise_cost": 26.639222548277026, "n_waypoints_completed": 1, "tot_waypoints": 9}}
{"target": -1250.8042219881434, "params": {"k_pid_pos": [1.3830568306318438, 0.41303733492710465, 0.1446491546988883], "k_pid_alt": [0.47953160440688, 0.002192573766896372, 0.5553615364058127], "k_pid_att": [50.7692491602202, 1.733964902008152, 0.48662924670867996], "k_pid_yaw": [0.5, 1e-06, 0.1], "k_pid_hsp": [0.0001, 0.0, 0.0], "k_pid_vsp": [253.46990229012286, 20.282188593475915, 9.974989593513437]}, "datetime": {"datetime": "2025-08-11 17:30:14", "elapsed": 3893.7857010364532, "delta": 29.666556119918823}, "costs": {"total_cost": 1250.8042219881434, "time_cost": 150, "final_distance_cost": 49.58473349763394, "oscillation_cost": 0.47401772469668657, "completition_cost": 888.8888888888888, "overshoot_cost": 105.87520474380827, "power_cost": 29.36610419921875, "noise_cost": 26.615272933896684, "n_waypoints_completed": 1, "tot_waypoints": 9}}
{"target": -580.7830918793179, "params": {"k_pid_pos": [0.44011049424053644, 0.2298423934566313, 0.3953780874560639], "k_pid_alt": [1.1194435527333755, 0.07443352631765349, 0.3899069142826213], "k_pid_att": [29.07166246878374, 7.81900508636701, 0.18978256491494316], "k_pid_yaw": [0.5, 1e-06, 0.1], "k_pid_hsp": [1.9927702660884228, 0.0, 0.0], "k_pid_vsp": [273.3191713130198, 100.05274231020036, 10.815155581220417]}, "datetime": {"datetime": "2025-08-11 17:30:43", "elapsed": 3923.1572802066803, "delta": 29.37157917022705}, "costs": {"total_cost": 580.7830918793179, "time_cost": 150, "final_distance_cost": 65.49647557726249, "oscillation_cost": 41.81716389493457, "completition_cost": 222.2222222222222, "overshoot_cost": 44.41824269282106, "power_cost": 29.795694470214844, "noise_cost": 27.03329302186277, "n_waypoints_completed": 7, "tot_waypoints": 9}}
{"target": -234.01072138624616, "params": {"k_pid_pos": [1.4688942543899852, 0.4654118861098649, 0.1465385041502568], "k_pid_alt": [2.0, 0.006620268742683337, 0.8340163491691436], "k_pid_att": [66.92207196215554, 7.450410358876801, 0.639159070983584], "k_pid_yaw": [0.5, 1e-06, 0.1], "k_pid_hsp": [1.5778851362694455, 0.07232474094101089, 0.013369699314684125], "k_pid_vsp": [195.682006378227, 1e-06, 23.181147474362348]}, "datetime": {"datetime": "2025-08-11 17:31:05", "elapsed": 3945.3048737049103, "delta": 22.14759349822998}, "costs": {"total_cost": 234.01072138624616, "time_cost": 81.56400000000001, "final_distance_cost": 1.7547231909296541, "oscillation_cost": 53.128616267374404, "completition_cost": 0.0, "overshoot_cost": 54.42830461596304, "power_cost": 22.184437536621093, "noise_cost": 20.950639775357953, "n_waypoints_completed": 9, "tot_waypoints": 9}}
{"target": -205.6771034535698, "params": {"k_pid_pos": [1.205732938659353, 0.27790220797877113, 0.15668713296053438], "k_pid_alt": [2.0, 0.00907718686639141, 0.5823971695261009], "k_pid_att": [9.248647042607427, 5.975295204523185, 0.48612036911454815], "k_pid_yaw": [0.5, 1e-06, 0.1], "k_pid_hsp": [4.070691011818416, 0.0808970497502711, 0.0], "k_pid_vsp": [130.21169150922051, 26.30544557264243, 17.923987434027904]}, "datetime": {"datetime": "2025-08-11 17:31:24", "elapsed": 3963.6789803504944, "delta": 18.374106645584106}, "costs": {"total_cost": 205.6771034535698, "time_cost": 74.508, "final_distance_cost": 1.800686896732965, "oscillation_cost": 38.91805827357653, "completition_cost": 0.0, "overshoot_cost": 51.51008405264628, "power_cost": 19.7584142578125, "noise_cost": 19.181859972801533, "n_waypoints_completed": 9, "tot_waypoints": 9}}
{"target": -1540.7138565511782, "params": {"k_pid_pos": [0.9319539775425433, 0.15883963749753235, 0.16740156359959535], "k_pid_alt": [2.0, 0.0037711344049925406, 1.0], "k_pid_att": [11.910200792444064, 8.076360267964112, 0.8028670772241778], "k_pid_yaw": [0.5, 1e-06, 0.1], "k_pid_hsp": [0.06691357495349919, 0.06900079812310138, 0.0], "k_pid_vsp": [0.0, 9.822498957583255, 6.0615292188989]}, "datetime": {"datetime": "2025-08-11 17:31:54", "elapsed": 3993.4276213645935, "delta": 29.74864101409912}, "costs": {"total_cost": 1540.7138565511782, "time_cost": 150, "final_distance_cost": 1.0588698361257156, "oscillation_cost": 62.78076051659695, "completition_cost": 1000.0, "overshoot_cost": 163.1082600650885, "power_cost": 16.571868139648437, "noise_cost": 147.1940979937188, "n_waypoints_completed": 0, "tot_waypoints": 9}}
