{"target": -182.4428980314706, "params": {"k_pid_pos": [0.6658183759457859, 0.009326136017948683, 6.676028064286103e-05], "k_pid_alt": [1.531278938401126, 0.0051974236529096106, 0.03899832298470234], "k_pid_att": [40.08129958592621, 0.15856581909777087, 1.0], "k_pid_yaw": [0.5, 1e-06, 0.1], "k_pid_hsp": [0.14347680732542778, 0.009903970785309088, 0.0], "k_pid_vsp": [76.59846085336187, 110.32209665124144, 5.901585581719768]}, "datetime": {"datetime": "2025-08-11 21:18:04", "elapsed": 17563.64290547371, "delta": 17.649900197982788}, "costs": {"total_cost": 182.4428980314706, "time_cost": 70.252, "final_distance_cost": 1.8328186886962647, "oscillation_cost": 24.7475889186889, "completition_cost": 0.0, "overshoot_cost": 50.50882574905367, "power_cost": 14.111890649414063, "noise_cost": 20.989774025617727, "n_waypoints_completed": 9, "tot_waypoints": 9}}
{"target": -186.29270448492355, "params": {"k_pid_pos": [0.8925523153008049, 0.004231104654529204, 0.0008089722272146108], "k_pid_alt": [1.5114730366105122, 0.009639984488476444, 0.041577750514086534], "k_pid_att": [35.337128312621786, 0.27626585232187595, 0.8496051966993431], "k_pid_yaw": [0.5, 1e-06, 0.1], "k_pid_hsp": [0.10365478836821367, 0.020450538725336805, 0.0], "k_pid_vsp": [178.02060834444399, 116.52665186375503, 8.044048443579703]}, "datetime": {"datetime": "2025-08-11 21:18:22", "elapsed": 17581.603422403336, "delta": 17.960516929626465}, "costs": {"total_cost": 186.29270448492355, "time_cost": 70.602, "final_distance_cost": 1.8032332214153022, "oscillation_cost": 28.49375364150989, "completition_cost": 0.0, "overshoot_cost": 50.24781702408405, "power_cost": 14.4121955078125, "noise_cost": 20.73370509010181, "n_waypoints_completed": 9, "tot_waypoints": 9}}
{"target": -199.55964305582123, "params": {"k_pid_pos": [0.30321651117799636, 0.0060953184660372944, 0.0], "k_pid_alt": [1.7596528362429404, 0.006376769830863695, 0.04649298086513164], "k_pid_att": [81.10337230479205, 0.2930444605203966, 0.8810353966518741], "k_pid_yaw": [0.5, 1e-06, 0.1], "k_pid_hsp": [0.05409586888433721, 0.009569333211300518, 0.0], "k_pid_vsp": [50.21152283988639, 56.03284382933227, 3.8182469592994432]}, "datetime": {"datetime": "2025-08-11 21:18:43", "elapsed": 17603.19487953186, "delta": 21.59145712852478}, "costs": {"total_cost": 199.55964305582123, "time_cost": 86.611, "final_distance_cost": 1.8505270596668, "oscillation_cost": 13.25050443159611, "completition_cost": 0.0, "overshoot_cost": 54.944553925068774, "power_cost": 16.27749903564453, "noise_cost": 26.625558603845004, "n_waypoints_completed": 9, "tot_waypoints": 9}}
{"target": -188.4336865015104, "params": {"k_pid_pos": [1.0039606633670075, 0.004713620413645185, 0.0011040385496522687], "k_pid_alt": [1.2671927978333184, 0.005772031872858613, 0.025951473789285556], "k_pid_att": [37.41216272980082, 0.2198957886983712, 1.0], "k_pid_yaw": [0.5, 1e-06, 0.1], "k_pid_hsp": [0.09799649482571426, 0.014770567672274157, 0.0], "k_pid_vsp": [79.75378141729813, 201.10783592790003, 7.409998129775615]}, "datetime": {"datetime": "2025-08-11 21:19:01", "elapsed": 17620.35880303383, "delta": 17.163923501968384}, "costs": {"total_cost": 188.4336865015104, "time_cost": 71.029, "final_distance_cost": 1.7810608570770308, "oscillation_cost": 29.895627811595475, "completition_cost": 0.0, "overshoot_cost": 50.23234080833926, "power_cost": 14.779121142578125, "noise_cost": 20.71653588192052, "n_waypoints_completed": 9, "tot_waypoints": 9}}
{"target": -181.6926912543665, "params": {"k_pid_pos": [0.6149550337746339, 0.006745946665053949, 0.0004608057884594507], "k_pid_alt": [1.416743338215947, 0.004702867155795253, 0.022025966256784393], "k_pid_att": [16.202070786905406, 0.3527665388707237, 0.7942633088005812], "k_pid_yaw": [0.5, 1e-06, 0.1], "k_pid_hsp": [0.0966889886256173, 0.013043804922038119, 0.0], "k_pid_vsp": [101.81022676044329, 98.00229385633266, 6.697359876598033]}, "datetime": {"datetime": "2025-08-11 21:19:19", "elapsed": 17638.708963155746, "delta": 18.350160121917725}, "costs": {"total_cost": 181.6926912543665, "time_cost": 71.218, "final_distance_cost": 1.827261835268749, "oscillation_cost": 22.720968496213114, "completition_cost": 0.0, "overshoot_cost": 50.81235778804152, "power_cost": 14.120944372558595, "noise_cost": 20.99315876228454, "n_waypoints_completed": 9, "tot_waypoints": 9}}
{"target": -184.3652233125236, "params": {"k_pid_pos": [0.5561122997487972, 0.008830094636352183, 0.0005156076063713546], "k_pid_alt": [1.256257614440466, 0.005307095528173475, 0.03744063720248216], "k_pid_att": [25.76303246607984, 0.31152537292311405, 1.0], "k_pid_yaw": [0.5, 1e-06, 0.1], "k_pid_hsp": [0.1401158897364991, 0.008490319382645441, 0.0], "k_pid_vsp": [116.38516708145603, 144.7179217743703, 6.100798931560138]}, "datetime": {"datetime": "2025-08-11 21:19:37", "elapsed": 17656.573086977005, "delta": 17.864123821258545}, "costs": {"total_cost": 184.3652233125236, "time_cost": 72.10000000000001, "final_distance_cost": 1.8463580439501188, "oscillation_cost": 23.333322663230913, "completition_cost": 0.0, "overshoot_cost": 50.87067094566464, "power_cost": 14.390869775390625, "noise_cost": 21.824001884287277, "n_waypoints_completed": 9, "tot_waypoints": 9}}
{"target": -190.3048513714678, "params": {"k_pid_pos": [0.686977383339623, 0.010775584019267377, 0.0007969695667487637], "k_pid_alt": [1.1511875514843992, 0.004687053976092205, 0.027937479953801803], "k_pid_att": [49.571067437102755, 0.23047407404118378, 0.46990525956329243], "k_pid_yaw": [0.5, 1e-06, 0.1], "k_pid_hsp": [0.05620172815058769, 0.005777606458855572, 0.0], "k_pid_vsp": [62.74277458450899, 102.9123965396023, 0.13852982773246372]}, "datetime": {"datetime": "2025-08-11 21:19:56", "elapsed": 17675.768923521042, "delta": 19.195836544036865}, "costs": {"total_cost": 190.3048513714678, "time_cost": 76.93, "final_distance_cost": 1.7816563147874869, "oscillation_cost": 20.372092771907173, "completition_cost": 0.0, "overshoot_cost": 53.456412633077434, "power_cost": 14.961056347656251, "noise_cost": 22.803633304039472, "n_waypoints_completed": 9, "tot_waypoints": 9}}
{"target": -187.370986430394, "params": {"k_pid_pos": [0.74763216902109, 0.005150954769670312, 0.001240171884294047], "k_pid_alt": [1.3653688567710793, 0.0033988492511782, 0.03587473542689706], "k_pid_att": [37.29251933147037, 0.21225034733849388, 1.0], "k_pid_yaw": [0.5, 1e-06, 0.1], "k_pid_hsp": [0.07005596691077744, 0.01577535799115778, 0.0], "k_pid_vsp": [86.14947118577182, 179.30795281687475, 8.091816460150033]}, "datetime": {"datetime": "2025-08-11 21:20:15", "elapsed": 17694.474948883057, "delta": 18.70602536201477}, "costs": {"total_cost": 187.370986430394, "time_cost": 73.45100000000001, "final_distance_cost": 1.806658005530373, "oscillation_cost": 25.179692149549474, "completition_cost": 0.0, "overshoot_cost": 51.00562793980994, "power_cost": 14.720831811523437, "noise_cost": 21.20717652398078, "n_waypoints_completed": 9, "tot_waypoints": 9}}
{"target": -190.96578485093795, "params": {"k_pid_pos": [0.5274201861660885, 0.004057456183826956, 0.0010884490346229146], "k_pid_alt": [1.3544861618449655, 0.003095330243849194, 0.02749087958168486], "k_pid_att": [15.166787390073296, 0.24281449800716773, 0.8025796728466849], "k_pid_yaw": [0.5, 1e-06, 0.1], "k_pid_hsp": [0.21401027930060668, 0.005383755586493681, 0.0], "k_pid_vsp": [113.55014427499599, 178.33386397286074, 5.884568409095919]}, "datetime": {"datetime": "2025-08-11 21:20:33", "elapsed": 17712.6772005558, "delta": 18.20225167274475}, "costs": {"total_cost": 190.96578485093795, "time_cost": 75.124, "final_distance_cost": 1.8510787579506187, "oscillation_cost": 24.558863699559573, "completition_cost": 0.0, "overshoot_cost": 51.36780783017148, "power_cost": 14.969699487304688, "noise_cost": 23.0943350759516, "n_waypoints_completed": 9, "tot_waypoints": 9}}
{"target": -182.91137446886233, "params": {"k_pid_pos": [0.5363240587042823, 0.005568589066306542, 0.000902922599046116], "k_pid_alt": [1.6738521500203636, 0.005659338887098284, 0.032066133805515325], "k_pid_att": [51.3499879436352, 0.3763239317068054, 0.671883168740671], "k_pid_yaw": [0.5, 1e-06, 0.1], "k_pid_hsp": [0.10491136343541818, 0.01761139512160832, 0.0], "k_pid_vsp": [98.43974562892144, 108.51936783381173, 7.578289828115454]}, "datetime": {"datetime": "2025-08-11 21:20:51", "elapsed": 17730.447090387344, "delta": 17.76988983154297}, "costs": {"total_cost": 182.91137446886233, "time_cost": 71.967, "final_distance_cost": 1.8459674073158836, "oscillation_cost": 22.63920556964428, "completition_cost": 0.0, "overshoot_cost": 50.40723991179658, "power_cost": 14.314097277832031, "noise_cost": 21.737864302273575, "n_waypoints_completed": 9, "tot_waypoints": 9}}
{"target": -184.80635228809723, "params": {"k_pid_pos": [0.7095460545751209, 0.004885373809052998, 0.0011962348974100601], "k_pid_alt": [1.2787826429952558, 0.0038096171046239392, 0.03044397333471741], "k_pid_att": [28.276320911451602, 0.19975991708259225, 1.0], "k_pid_yaw": [0.5, 1e-06, 0.1], "k_pid_hsp": [0.08848848673997822, 0.010564192731470126, 0.0], "k_pid_vsp": [54.51524667829552, 138.0678320459252, 9.935889866666196]}, "datetime": {"datetime": "2025-08-11 21:21:10", "elapsed": 17749.421269893646, "delta": 18.97417950630188}, "costs": {"total_cost": 184.80635228809723, "time_cost": 71.799, "final_distance_cost": 1.8024186543063034, "oscillation_cost": 24.31321129460369, "completition_cost": 0.0, "overshoot_cost": 50.748123375167005, "power_cost": 18.235610607910157, "noise_cost": 17.907988356110067, "n_waypoints_completed": 9, "tot_waypoints": 9}}
{"target": -184.04247379027504, "params": {"k_pid_pos": [0.7198458537500669, 0.008437363391345954, 0.0005261914253773851], "k_pid_alt": [1.351476700236988, 0.0032008459338535196, 0.017545156418426914], "k_pid_att": [26.642352845054415, 0.0664612248389176, 0.8984932053452157], "k_pid_yaw": [0.5, 1e-06, 0.1], "k_pid_hsp": [0.08693415569104652, 0.011002333174430697, 0.0], "k_pid_vsp": [68.95778508963626, 66.95203300861843, 3.1718778112999613]}, "datetime": {"datetime": "2025-08-11 21:21:28", "elapsed": 17767.503973960876, "delta": 18.082704067230225}, "costs": {"total_cost": 184.04247379027504, "time_cost": 71.883, "final_distance_cost": 1.812765058285364, "oscillation_cost": 23.960033707731164, "completition_cost": 0.0, "overshoot_cost": 51.07833682475808, "power_cost": 14.24732371826172, "noise_cost": 21.0610144812387, "n_waypoints_completed": 9, "tot_waypoints": 9}}
{"target": -184.57171647248703, "params": {"k_pid_pos": [0.6593160473104501, 0.009098205338712709, 0.001040696384101756], "k_pid_alt": [0.8025365672540751, 0.0028354214784541408, 0.03305494298449899], "k_pid_att": [45.44351079630201, 0.39960312152200445, 0.9235472184019683], "k_pid_yaw": [0.5, 1e-06, 0.1], "k_pid_hsp": [0.1223138200012467, 0.003262109129434422, 0.0], "k_pid_vsp": [50.86377570371288, 60.823178775555164, 0.2683131327664687]}, "datetime": {"datetime": "2025-08-11 21:21:46", "elapsed": 17785.843532323837, "delta": 18.339558362960815}, "costs": {"total_cost": 184.57171647248703, "time_cost": 72.275, "final_distance_cost": 1.8161977884271894, "oscillation_cost": 23.607791575209482, "completition_cost": 0.0, "overshoot_cost": 51.161792945576664, "power_cost": 14.319886816406251, "noise_cost": 21.39104734686746, "n_waypoints_completed": 9, "tot_waypoints": 9}}
{"target": -237.2287325068017, "params": {"k_pid_pos": [0.632448517981211, 0.00724161764673792, 0.0008072532694859185], "k_pid_alt": [1.5409132161385326, 0.0035983532536761655, 0.021197697625419464], "k_pid_att": [16.889019252916402, 0.23020459360219225, 0.9773989093092582], "k_pid_yaw": [0.5, 1e-06, 0.1], "k_pid_hsp": [0.02553998272302011, 0.014444290465488193, 0.0], "k_pid_vsp": [107.86358148635598, 69.33818808756035, 6.964268873839071]}, "datetime": {"datetime": "2025-08-11 21:22:13", "elapsed": 17812.547525405884, "delta": 26.70399308204651}, "costs": {"total_cost": 237.2287325068017, "time_cost": 105.91, "final_distance_cost": 1.7382264448460265, "oscillation_cost": 16.61237149537108, "completition_cost": 0.0, "overshoot_cost": 62.30581111062674, "power_cost": 19.737320629882813, "noise_cost": 30.92500282607503, "n_waypoints_completed": 9, "tot_waypoints": 9}}
{"target": -184.67579602971188, "params": {"k_pid_pos": [0.8444391666287032, 0.00440395069090924, 0.0007801785237057471], "k_pid_alt": [1.95239624751298, 0.005738178326750527, 0.0362659495559516], "k_pid_att": [55.73982301127367, 0.3289080826956133, 1.0], "k_pid_yaw": [0.5, 1e-06, 0.1], "k_pid_hsp": [0.12824012812057786, 0.014009956509259658, 0.0], "k_pid_vsp": [94.70026655122103, 268.99574676156345, 9.171963166175084]}, "datetime": {"datetime": "2025-08-11 21:22:30", "elapsed": 17829.783366918564, "delta": 17.235841512680054}, "costs": {"total_cost": 184.67579602971188, "time_cost": 69.685, "final_distance_cost": 1.825680639016596, "oscillation_cost": 27.688589084592245, "completition_cost": 0.0, "overshoot_cost": 50.45840016987835, "power_cost": 15.199829809570312, "noise_cost": 19.818296326654362, "n_waypoints_completed": 9, "tot_waypoints": 9}}
{"target": -196.51226563596634, "params": {"k_pid_pos": [0.4631882908032942, 0.009759042240886447, 0.001086762617665296], "k_pid_alt": [0.5704547167380136, 0.004495105985782554, 0.013359344739530285], "k_pid_att": [47.727466307591094, 0.5287943115171233, 0.7206083024686162], "k_pid_yaw": [0.5, 1e-06, 0.1], "k_pid_hsp": [0.17420594737130693, 0.011933205775591399, 0.0], "k_pid_vsp": [82.9777264302207, 136.35202212973704, 12.453875330159613]}, "datetime": {"datetime": "2025-08-11 21:22:50", "elapsed": 17850.250082731247, "delta": 20.466715812683105}, "costs": {"total_cost": 196.51226563596634, "time_cost": 80.052, "final_distance_cost": 1.8560789303375567, "oscillation_cost": 23.402321058883683, "completition_cost": 0.0, "overshoot_cost": 51.00878263130279, "power_cost": 20.103940954589845, "noise_cost": 20.089142060852463, "n_waypoints_completed": 9, "tot_waypoints": 9}}
{"target": -206.16339124152944, "params": {"k_pid_pos": [0.6091839817203255, 0.004715818939882576, 0.0008732306978523587], "k_pid_alt": [0.3636319409411229, 0.005397695500752915, 0.03775467722642239], "k_pid_att": [47.515750088548735, 0.19162132196916573, 1.0], "k_pid_yaw": [0.5, 1e-06, 0.1], "k_pid_hsp": [0.08433896817358903, 0.00937925692901134, 0.0], "k_pid_vsp": [64.98647678134512, 112.38578770763552, 7.536870355614504]}, "datetime": {"datetime": "2025-08-11 21:23:12", "elapsed": 17872.15531015396, "delta": 21.905227422714233}, "costs": {"total_cost": 206.16339124152944, "time_cost": 86.527, "final_distance_cost": 1.8554191513374854, "oscillation_cost": 23.899341215165176, "completition_cost": 0.0, "overshoot_cost": 51.75364977010598, "power_cost": 16.67904471435547, "noise_cost": 25.44893639056533, "n_waypoints_completed": 9, "tot_waypoints": 9}}
{"target": -181.73726859465708, "params": {"k_pid_pos": [0.5689087009223613, 0.006895772077336001, 0.0007065438313112895], "k_pid_alt": [1.0810512020319722, 0.002426226620194834, 0.022301629960391502], "k_pid_att": [40.850691235399495, 0.34207595115333955, 0.6099761811826764], "k_pid_yaw": [0.5, 1e-06, 0.1], "k_pid_hsp": [0.1044244668266263, 0.01044893413370975, 0.0], "k_pid_vsp": [106.75067755418529, 125.57434683359183, 7.7991571188271145]}, "datetime": {"datetime": "2025-08-11 21:23:31", "elapsed": 17890.40075492859, "delta": 18.245444774627686}, "costs": {"total_cost": 181.73726859465708, "time_cost": 71.799, "final_distance_cost": 1.8209541138202832, "oscillation_cost": 22.116998898995302, "completition_cost": 0.0, "overshoot_cost": 50.45424562882975, "power_cost": 14.234871386718751, "noise_cost": 21.311198566292962, "n_waypoints_completed": 9, "tot_waypoints": 9}}
{"target": -182.4700494745794, "params": {"k_pid_pos": [0.5795683822140097, 0.00900990813606479, 0.0005705151383538927], "k_pid_alt": [1.1072103835777123, 0.004839963465309, 0.03611219804760777], "k_pid_att": [39.183838193578474, 0.3102904368509169, 0.9863378339728777], "k_pid_yaw": [0.5, 1e-06, 0.1], "k_pid_hsp": [0.11289867779399076, 0.009861369010223315, 0.0], "k_pid_vsp": [80.70729833950463, 159.68102710301875, 6.1213684691389245]}, "datetime": {"datetime": "2025-08-11 21:23:48", "elapsed": 17908.228324890137, "delta": 17.82756996154785}, "costs": {"total_cost": 182.4700494745794, "time_cost": 71.498, "final_distance_cost": 1.8371403406336213, "oscillation_cost": 22.99638127840369, "completition_cost": 0.0, "overshoot_cost": 50.6666637442057, "power_cost": 14.267138183593751, "noise_cost": 21.20472592774267, "n_waypoints_completed": 9, "tot_waypoints": 9}}
{"target": -221.32800637690016, "params": {"k_pid_pos": [0.9483663407103965, 0.004700507901000933, 0.0008184169570057383], "k_pid_alt": [1.702504680329696, 0.004449472900198813, 0.024329604509129018], "k_pid_att": [59.59311456926923, 0.3456026689172629, 1.0], "k_pid_yaw": [0.5, 1e-06, 0.1], "k_pid_hsp": [0.101855018648129, 0.004397716839638102, 0.0], "k_pid_vsp": [0.0, 90.02546781485927, 1.7827586088059275]}, "datetime": {"datetime": "2025-08-11 21:24:10", "elapsed": 17929.9876704216, "delta": 21.759345531463623}, "costs": {"total_cost": 221.32800637690016, "time_cost": 84.896, "final_distance_cost": 1.8080319152790703, "oscillation_cost": 35.35498367229168, "completition_cost": 0.0, "overshoot_cost": 56.995423780484764, "power_cost": 21.91052625732422, "noise_cost": 20.36304075152042, "n_waypoints_completed": 9, "tot_waypoints": 9}}
{"target": -444.12695932875914, "params": {"k_pid_pos": [0.1748560305245351, 0.004558205196391575, 0.0011012484363180002], "k_pid_alt": [0.8230229565289582, 0.005940349564444632, 0.026203884685266885], "k_pid_att": [36.60141443184178, 0.17463219736033922, 0.6083893971992931], "k_pid_yaw": [0.5, 1e-06, 0.1], "k_pid_hsp": [0.08320885144416491, 0.016274095770067543, 0.0], "k_pid_vsp": [22.17778559995322, 171.0533342438896, 6.219374043887747]}, "datetime": {"datetime": "2025-08-11 21:24:40", "elapsed": 17960.078348875046, "delta": 30.090678453445435}, "costs": {"total_cost": 444.12695932875914, "time_cost": 150, "final_distance_cost": 64.76047476290158, "oscillation_cost": 11.118561973226882, "completition_cost": 111.11111111111116, "overshoot_cost": 52.91811990941186, "power_cost": 21.99680767822266, "noise_cost": 32.221883893885, "n_waypoints_completed": 8, "tot_waypoints": 9}}
{"target": -203.85020284878541, "params": {"k_pid_pos": [0.35628501640395066, 0.004299877467978494, 0.00013569052898641345], "k_pid_alt": [1.5852821331248095, 0.003359850913588423, 0.029149626836193054], "k_pid_att": [39.163546159278454, 0.3030243008456271, 1.0], "k_pid_yaw": [0.5, 1e-06, 0.1], "k_pid_hsp": [0.1764322012589928, 0.011558556912633385, 0.0], "k_pid_vsp": [123.08578234137254, 118.50316535535804, 8.593154736981129]}, "datetime": {"datetime": "2025-08-11 21:25:01", "elapsed": 17981.21757054329, "delta": 21.139221668243408}, "costs": {"total_cost": 203.85020284878541, "time_cost": 84.868, "final_distance_cost": 1.8607701804943098, "oscillation_cost": 21.23450382411196, "completition_cost": 0.0, "overshoot_cost": 52.02158356960169, "power_cost": 18.745362500000002, "noise_cost": 25.11998277457747, "n_waypoints_completed": 9, "tot_waypoints": 9}}
{"target": -183.13770751989458, "params": {"k_pid_pos": [0.5069927091181133, 0.006974816445555303, 0.0004739833359523931], "k_pid_alt": [1.698517443552461, 0.004934577821669844, 0.02726328690492506], "k_pid_att": [42.902692058030624, 0.34360071348075083, 0.8805107715536286], "k_pid_yaw": [0.5, 1e-06, 0.1], "k_pid_hsp": [0.08023398454482916, 0.012005121537037372, 0.0], "k_pid_vsp": [90.43313447456892, 171.31026500487602, 6.515525622864515]}, "datetime": {"datetime": "2025-08-11 21:25:20", "elapsed": 18000.106066465378, "delta": 18.888495922088623}, "costs": {"total_cost": 183.13770751989458, "time_cost": 73.5, "final_distance_cost": 1.8181243049863516, "oscillation_cost": 19.977287612949002, "completition_cost": 0.0, "overshoot_cost": 51.45257805629479, "power_cost": 14.436782189941407, "noise_cost": 21.952935355723035, "n_waypoints_completed": 9, "tot_waypoints": 9}}
{"target": -204.80651418494904, "params": {"k_pid_pos": [0.5730554275317882, 0.0017833898454142963, 0.0013038948976355806], "k_pid_alt": [0.37949668988502167, 0.0057470036059903, 0.030848949640154038], "k_pid_att": [48.88165953071353, 0.31024691061601434, 1.0], "k_pid_yaw": [0.5, 1e-06, 0.1], "k_pid_hsp": [0.06352422438956544, 0.015942262797267483, 0.0], "k_pid_vsp": [98.06384958436297, 256.56638651151735, 6.188660413737637]}, "datetime": {"datetime": "2025-08-11 21:25:42", "elapsed": 18021.40829563141, "delta": 21.302229166030884}, "costs": {"total_cost": 204.80651418494904, "time_cost": 86.268, "final_distance_cost": 1.8411857440191999, "oscillation_cost": 22.583062677235215, "completition_cost": 0.0, "overshoot_cost": 53.25472256913298, "power_cost": 16.823691784667968, "noise_cost": 24.035851409893674, "n_waypoints_completed": 9, "tot_waypoints": 9}}
{"target": -223.08319159674764, "params": {"k_pid_pos": [0.34736910695525064, 0.01367964666769777, 0.0013420505702279786], "k_pid_alt": [1.1709753424863674, 0.0053331339166401695, 0.042332406374326004], "k_pid_att": [39.50554365677128, 0.34523712027758996, 0.9877208469785449], "k_pid_yaw": [0.5, 1e-06, 0.1], "k_pid_hsp": [0.04030142679820806, 0.007781554494651886, 0.0], "k_pid_vsp": [95.62305322086911, 139.08702520096637, 8.204177409474818]}, "datetime": {"datetime": "2025-08-11 21:26:07", "elapsed": 18047.26389861107, "delta": 25.855602979660034}, "costs": {"total_cost": 223.08319159674764, "time_cost": 101.549, "final_distance_cost": 1.7986712640674754, "oscillation_cost": 12.505624814358582, "completition_cost": 0.0, "overshoot_cost": 58.10502807161282, "power_cost": 19.337164025878906, "noise_cost": 29.787703420829846, "n_waypoints_completed": 9, "tot_waypoints": 9}}
