{"target": -183.24675868900692, "params": {"k_pid_pos": [0.5887184405706364, 0.005318645468829282, 0.0007335431133906129], "k_pid_alt": [1.2689225609594874, 0.004778151158227055, 0.025874045443078097], "k_pid_att": [42.25784605514925, 0.33720959923304816, 1.0], "k_pid_yaw": [0.5, 1e-06, 0.1], "k_pid_hsp": [0.08127728637905864, 0.010351840585093886, 0.0], "k_pid_vsp": [150.86091407437934, 143.2511444561986, 3.2439274918913092]}, "datetime": {"datetime": "2025-08-12 00:40:25", "elapsed": 29705.187546014786, "delta": 18.199694395065308}, "costs": {"total_cost": 183.24675868900692, "time_cost": 72.898, "final_distance_cost": 1.8052209461666289, "oscillation_cost": 21.316519150419147, "completition_cost": 0.0, "overshoot_cost": 51.40222835036988, "power_cost": 14.348979357910157, "noise_cost": 21.47581088414112, "n_waypoints_completed": 9, "tot_waypoints": 9}}
{"target": -228.2308778231063, "params": {"k_pid_pos": [0.6078265563603843, 0.005734346490600572, 0.0009495498924798406], "k_pid_alt": [1.1033142605213089, 0.005501290096174447, 0.01742691104767037], "k_pid_att": [16.85881672554655, 0.34728693522249543, 1.0], "k_pid_yaw": [0.5, 1e-06, 0.1], "k_pid_hsp": [0.041535104954715074, 0.008337545343084651, 0.0], "k_pid_vsp": [87.15748286687983, 113.04828150517743, 5.006801253392718]}, "datetime": {"datetime": "2025-08-12 00:40:51", "elapsed": 29730.857023239136, "delta": 25.669477224349976}, "costs": {"total_cost": 228.2308778231063, "time_cost": 102.718, "final_distance_cost": 1.786166181984437, "oscillation_cost": 17.659665465844295, "completition_cost": 0.0, "overshoot_cost": 56.99226442817559, "power_cost": 19.221664453125, "noise_cost": 29.853117293976993, "n_waypoints_completed": 9, "tot_waypoints": 9}}
{"target": -182.18532533517572, "params": {"k_pid_pos": [0.7098216686239306, 0.0034970488032525344, 0.0006739708165411569], "k_pid_alt": [1.3262851519583736, 0.004057711518097453, 0.015327966943329817], "k_pid_att": [37.3338046024831, 0.5386668567384019, 0.8968451567761679], "k_pid_yaw": [0.5, 1e-06, 0.1], "k_pid_hsp": [0.1369187797455093, 0.009716509998420986, 0.0], "k_pid_vsp": [87.49056628496079, 125.63494275037704, 3.616700196834248]}, "datetime": {"datetime": "2025-08-12 00:41:09", "elapsed": 29748.37682557106, "delta": 17.51980233192444}, "costs": {"total_cost": 182.18532533517572, "time_cost": 69.888, "final_distance_cost": 1.8354496522588477, "oscillation_cost": 25.32727790849791, "completition_cost": 0.0, "overshoot_cost": 50.25178983416923, "power_cost": 14.113157495117187, "noise_cost": 20.769650445132548, "n_waypoints_completed": 9, "tot_waypoints": 9}}
{"target": -183.0597215270158, "params": {"k_pid_pos": [0.5326390541222769, 0.005269426429620464, 0.0007261801540608548], "k_pid_alt": [1.0183529735959382, 0.005107619088464012, 0.01175936162960847], "k_pid_att": [22.2918918355046, 0.3217218587794435, 1.0], "k_pid_yaw": [0.5, 1e-06, 0.1], "k_pid_hsp": [0.10695302880968031, 0.011640185949108454, 0.0], "k_pid_vsp": [103.80400168283047, 89.96209371676139, 5.317723660782474]}, "datetime": {"datetime": "2025-08-12 00:41:27", "elapsed": 29766.774824142456, "delta": 18.397998571395874}, "costs": {"total_cost": 183.0597215270158, "time_cost": 72.471, "final_distance_cost": 1.844582042481305, "oscillation_cost": 21.724754231427763, "completition_cost": 0.0, "overshoot_cost": 51.11064480853555, "power_cost": 14.216582641601564, "noise_cost": 21.692157802969593, "n_waypoints_completed": 9, "tot_waypoints": 9}}
{"target": -187.5836034053622, "params": {"k_pid_pos": [0.6041836011072313, 0.004563119338297054, 0.0005896286695419046], "k_pid_alt": [1.2669702821399993, 0.00506405841393039, 0.024665273470826768], "k_pid_att": [33.615953576508666, 0.2748335471860966, 0.5542748193885996], "k_pid_yaw": [0.5, 1e-06, 0.1], "k_pid_hsp": [0.05764636514444473, 0.010190803114566521, 0.0], "k_pid_vsp": [120.13839282452925, 77.02034229798598, 6.032854866288349]}, "datetime": {"datetime": "2025-08-12 00:41:46", "elapsed": 29785.522730588913, "delta": 18.74790644645691}, "costs": {"total_cost": 187.5836034053622, "time_cost": 75.733, "final_distance_cost": 1.7798073766061193, "oscillation_cost": 19.879742812496946, "completition_cost": 0.0, "overshoot_cost": 53.09034872124578, "power_cost": 14.694425854492188, "noise_cost": 22.406278640521176, "n_waypoints_completed": 9, "tot_waypoints": 9}}
{"target": -182.40881742238108, "params": {"k_pid_pos": [0.7160041396736524, 0.007906785266238302, 0.0006429234428137619], "k_pid_alt": [1.9226648288465975, 0.003733378850877343, 0.014746960471780882], "k_pid_att": [24.6198588394307, 0.4550968127139022, 1.0], "k_pid_yaw": [0.5, 1e-06, 0.1], "k_pid_hsp": [0.10304652287085814, 0.009212791091518886, 0.0], "k_pid_vsp": [72.69176883312738, 112.2956176774136, 6.1153999012535225]}, "datetime": {"datetime": "2025-08-12 00:42:04", "elapsed": 29803.443507671356, "delta": 17.920777082443237}, "costs": {"total_cost": 182.40881742238108, "time_cost": 70.546, "final_distance_cost": 1.8217835710340207, "oscillation_cost": 24.01064453890151, "completition_cost": 0.0, "overshoot_cost": 50.88688174696929, "power_cost": 14.217449462890626, "noise_cost": 20.92605810258565, "n_waypoints_completed": 9, "tot_waypoints": 9}}
{"target": -182.66961590504536, "params": {"k_pid_pos": [0.6461503979445581, 0.005610699175531875, 0.0012284511837453219], "k_pid_alt": [1.3448572231864253, 0.0052076308803044825, 0.019343486364863677], "k_pid_att": [22.717689776162796, 0.3896747452001687, 0.7156954898430611], "k_pid_yaw": [0.5, 1e-06, 0.1], "k_pid_hsp": [0.08786793813962525, 0.01127099513001274, 0.0], "k_pid_vsp": [83.16712968592915, 128.79690508917926, 1.2307951966816553]}, "datetime": {"datetime": "2025-08-12 00:42:21", "elapsed": 29820.886023521423, "delta": 17.44251585006714}, "costs": {"total_cost": 182.66961590504536, "time_cost": 71.904, "final_distance_cost": 1.820859383838646, "oscillation_cost": 22.924384988789118, "completition_cost": 0.0, "overshoot_cost": 50.66175227683562, "power_cost": 14.324318017578126, "noise_cost": 21.034301238003852, "n_waypoints_completed": 9, "tot_waypoints": 9}}
{"target": -182.9000494748572, "params": {"k_pid_pos": [0.799354042131136, 0.0029256496288978273, 0.0008639824821193885], "k_pid_alt": [1.554884439266085, 0.004008506522167757, 0.019811060599996606], "k_pid_att": [29.18750436050364, 0.24119433978956747, 1.0], "k_pid_yaw": [0.5, 1e-06, 0.1], "k_pid_hsp": [0.09785885798459548, 0.010583429008649782, 0.0], "k_pid_vsp": [106.99867770873993, 101.76742363999023, 4.603288767340145]}, "datetime": {"datetime": "2025-08-12 00:42:40", "elapsed": 29839.360629320145, "delta": 18.474605798721313}, "costs": {"total_cost": 182.9000494748572, "time_cost": 70.455, "final_distance_cost": 1.7920385740394178, "oscillation_cost": 25.26100275357562, "completition_cost": 0.0, "overshoot_cost": 50.56025104582195, "power_cost": 14.17500262451172, "noise_cost": 20.656754476908485, "n_waypoints_completed": 9, "tot_waypoints": 9}}
{"target": -182.06550189340194, "params": {"k_pid_pos": [0.6109047697356017, 0.007038310359029384, 0.0007789412069653978], "k_pid_alt": [1.2459898755649312, 0.005847628965380274, 0.015883911812564686], "k_pid_att": [35.59290897995302, 0.3369188242373744, 1.0], "k_pid_yaw": [0.5, 1e-06, 0.1], "k_pid_hsp": [0.09932367720543418, 0.01217789434522605, 0.0], "k_pid_vsp": [85.0188026283616, 143.3864653439825, 6.602355837565601]}, "datetime": {"datetime": "2025-08-12 00:42:58", "elapsed": 29857.50018787384, "delta": 18.13955855369568}, "costs": {"total_cost": 182.06550189340194, "time_cost": 71.092, "final_distance_cost": 1.8285417842980018, "oscillation_cost": 23.098446898828314, "completition_cost": 0.0, "overshoot_cost": 50.879918298152205, "power_cost": 14.120690246582033, "noise_cost": 21.04590466554141, "n_waypoints_completed": 9, "tot_waypoints": 9}}
{"target": -182.81370214202542, "params": {"k_pid_pos": [0.6131505535930746, 0.005234297953592725, 0.0005974138932813159], "k_pid_alt": [1.0989648869173787, 0.004982403890999735, 0.029636620686310844], "k_pid_att": [34.79454166289414, 0.32466043241302317, 1.0], "k_pid_yaw": [0.5, 1e-06, 0.1], "k_pid_hsp": [0.0860025333333863, 0.012381689992560578, 0.0], "k_pid_vsp": [81.29461484039338, 109.52557617345167, 3.7421793483844445]}, "datetime": {"datetime": "2025-08-12 00:43:16", "elapsed": 29875.93888425827, "delta": 18.43869638442993}, "costs": {"total_cost": 182.81370214202542, "time_cost": 72.618, "final_distance_cost": 1.8199318097104045, "oscillation_cost": 22.438312686035644, "completition_cost": 0.0, "overshoot_cost": 50.470291141549836, "power_cost": 14.277316821289062, "noise_cost": 21.189849683440467, "n_waypoints_completed": 9, "tot_waypoints": 9}}
{"target": -184.93793510891416, "params": {"k_pid_pos": [0.41706910122333746, 0.005780843503435163, 0.0006182736059786827], "k_pid_alt": [1.4623124014707385, 0.0047710260857897506, 0.01828924920514438], "k_pid_att": [40.683690765913404, 0.44868308906002596, 1.0], "k_pid_yaw": [0.5, 1e-06, 0.1], "k_pid_hsp": [0.08309304904817229, 0.013934750343301452, 0.0], "k_pid_vsp": [81.51329036872205, 107.8742803105486, 7.115090559822016]}, "datetime": {"datetime": "2025-08-12 00:43:36", "elapsed": 29895.968829393387, "delta": 20.029945135116577}, "costs": {"total_cost": 184.93793510891416, "time_cost": 75.376, "final_distance_cost": 1.8467027047129354, "oscillation_cost": 18.6340335298136, "completition_cost": 0.0, "overshoot_cost": 51.48539333298184, "power_cost": 14.601227648925782, "noise_cost": 22.99457789248002, "n_waypoints_completed": 9, "tot_waypoints": 9}}
{"target": -182.21817246893002, "params": {"k_pid_pos": [0.659769933786116, 0.0061918301976586765, 0.000743933244175968], "k_pid_alt": [1.3092886258360765, 0.004733883910115668, 0.008629612136668569], "k_pid_att": [39.775156952614616, 0.49187520625006576, 0.9694431115071936], "k_pid_yaw": [0.5, 1e-06, 0.1], "k_pid_hsp": [0.11161777880988738, 0.008768724297148891, 0.0], "k_pid_vsp": [66.99656829307146, 136.1916773543694, 6.332346992262042]}, "datetime": {"datetime": "2025-08-12 00:43:54", "elapsed": 29913.657405138016, "delta": 17.688575744628906}, "costs": {"total_cost": 182.21817246893002, "time_cost": 70.434, "final_distance_cost": 1.8168120342485448, "oscillation_cost": 23.698010080360625, "completition_cost": 0.0, "overshoot_cost": 51.27030833172255, "power_cost": 14.162025097656251, "noise_cost": 20.837016924942052, "n_waypoints_completed": 9, "tot_waypoints": 9}}
{"target": -182.84517570278402, "params": {"k_pid_pos": [0.5919757560827629, 0.0030675068567293604, 0.0006491384099806673], "k_pid_alt": [1.2274200155310018, 0.005832289596864287, 0.017389354088313585], "k_pid_att": [33.63588441586206, 0.45588642847084654, 1.0], "k_pid_yaw": [0.5, 1e-06, 0.1], "k_pid_hsp": [0.12364343847057933, 0.011549194486252521, 0.0], "k_pid_vsp": [68.87741447893816, 138.49590903322684, 5.318529210775761]}, "datetime": {"datetime": "2025-08-12 00:44:14", "elapsed": 29933.4115254879, "delta": 19.754120349884033}, "costs": {"total_cost": 182.84517570278402, "time_cost": 71.197, "final_distance_cost": 1.8404189898399328, "oscillation_cost": 23.837918040295055, "completition_cost": 0.0, "overshoot_cost": 50.61159039224281, "power_cost": 14.184315539550783, "noise_cost": 21.173932740855427, "n_waypoints_completed": 9, "tot_waypoints": 9}}
{"target": -182.08533713417734, "params": {"k_pid_pos": [0.5852512973439229, 0.006033494096398205, 0.0004016868150634888], "k_pid_alt": [1.377939836317509, 0.004938505231245481, 0.009141372626497597], "k_pid_att": [49.6435398051315, 0.4179137348186001, 0.6875845273334531], "k_pid_yaw": [0.5, 1e-06, 0.1], "k_pid_hsp": [0.10491063789258752, 0.010318593561243714, 0.0], "k_pid_vsp": [49.44285973147202, 150.00882958265183, 5.138960317772779]}, "datetime": {"datetime": "2025-08-12 00:44:34", "elapsed": 29954.294039726257, "delta": 20.882514238357544}, "costs": {"total_cost": 182.08533713417734, "time_cost": 71.106, "final_distance_cost": 1.8228111746565583, "oscillation_cost": 22.8777017649352, "completition_cost": 0.0, "overshoot_cost": 50.941442035216134, "power_cost": 14.245107019042969, "noise_cost": 21.092275140326485, "n_waypoints_completed": 9, "tot_waypoints": 9}}
{"target": -182.21887283869532, "params": {"k_pid_pos": [0.5927866187248075, 0.007324540123345953, 0.0008462866896685427], "k_pid_alt": [1.5532347824128674, 0.005721298176847128, 0.011259099701386438], "k_pid_att": [39.63850702906276, 0.5499288072122637, 0.9773509684235924], "k_pid_yaw": [0.5, 1e-06, 0.1], "k_pid_hsp": [0.111745294489018, 0.011765185551419338, 0.0], "k_pid_vsp": [91.71524958189899, 130.90086772660712, 7.050381192805642]}, "datetime": {"datetime": "2025-08-12 00:44:55", "elapsed": 29975.0148832798, "delta": 20.72084355354309}, "costs": {"total_cost": 182.21887283869532, "time_cost": 71.001, "final_distance_cost": 1.8299726616581455, "oscillation_cost": 23.298391156691007, "completition_cost": 0.0, "overshoot_cost": 50.82609942518423, "power_cost": 14.136998925781251, "noise_cost": 21.126410669380668, "n_waypoints_completed": 9, "tot_waypoints": 9}}
{"target": -183.62778747680053, "params": {"k_pid_pos": [0.4449525083990557, 0.006753208355717761, 0.0007248983396361406], "k_pid_alt": [0.9321251708871475, 0.0060376832111957305, 0.010557383054790708], "k_pid_att": [36.56066774031649, 0.3445001298594435, 1.0], "k_pid_yaw": [0.5, 1e-06, 0.1], "k_pid_hsp": [0.08037300478563043, 0.005891320353191437, 0.0], "k_pid_vsp": [126.69778710680147, 110.47258367851111, 4.440302443888803]}, "datetime": {"datetime": "2025-08-12 00:45:15", "elapsed": 29994.695451259613, "delta": 19.680567979812622}, "costs": {"total_cost": 183.62778747680053, "time_cost": 74.96300000000001, "final_distance_cost": 1.8365441012204462, "oscillation_cost": 17.559346855914733, "completition_cost": 0.0, "overshoot_cost": 52.29723834298818, "power_cost": 14.429466503906252, "noise_cost": 22.542191672770933, "n_waypoints_completed": 9, "tot_waypoints": 9}}
{"target": -182.0084918717752, "params": {"k_pid_pos": [0.5931656726781176, 0.006187887175552881, 0.0002513876774094873], "k_pid_alt": [1.6729518784510573, 0.006531041040504581, 0.011003189478240631], "k_pid_att": [21.463435255638206, 0.4757025415143629, 1.0], "k_pid_yaw": [0.5, 1e-06, 0.1], "k_pid_hsp": [0.09842018822575016, 0.010748151335389262, 0.0], "k_pid_vsp": [95.74914377408358, 85.44167181047958, 6.385437907178357]}, "datetime": {"datetime": "2025-08-12 00:45:32", "elapsed": 30012.168799877167, "delta": 17.47334861755371}, "costs": {"total_cost": 182.0084918717752, "time_cost": 71.365, "final_distance_cost": 1.8319152059386268, "oscillation_cost": 22.05889762108233, "completition_cost": 0.0, "overshoot_cost": 51.38569998333971, "power_cost": 14.145058789062501, "noise_cost": 21.221920272352037, "n_waypoints_completed": 9, "tot_waypoints": 9}}
{"target": -182.60134882875522, "params": {"k_pid_pos": [0.7690159500214282, 0.007335364379018027, 0.0007476656747968303], "k_pid_alt": [1.3770244609423463, 0.007840401538589264, 0.006001574962383512], "k_pid_att": [35.133450616172006, 0.31722390679817375, 0.5969324380279963], "k_pid_yaw": [0.5, 1e-06, 0.1], "k_pid_hsp": [0.09831705863342971, 0.007211693317081572, 0.0], "k_pid_vsp": [114.93095644704935, 99.02109737337447, 5.780125590878829]}, "datetime": {"datetime": "2025-08-12 00:45:50", "elapsed": 30030.105401992798, "delta": 17.936602115631104}, "costs": {"total_cost": 182.60134882875522, "time_cost": 70.46900000000001, "final_distance_cost": 1.8223307405445834, "oscillation_cost": 24.515381800010257, "completition_cost": 0.0, "overshoot_cost": 51.00279418040043, "power_cost": 14.023658923339845, "noise_cost": 20.768183184460103, "n_waypoints_completed": 9, "tot_waypoints": 9}}
{"target": -182.78073981277055, "params": {"k_pid_pos": [0.6210358336612115, 0.005042564871830078, 0.0008221360140280364], "k_pid_alt": [1.9676967891324786, 0.0035580652027559327, 0.020461981040082716], "k_pid_att": [45.55529393101966, 0.4080134624535929, 0.9013922755092052], "k_pid_yaw": [0.5, 1e-06, 0.1], "k_pid_hsp": [0.11604943567772592, 0.01251196583044154, 0.0], "k_pid_vsp": [86.05522946708065, 85.80541480288332, 5.506479084483256]}, "datetime": {"datetime": "2025-08-12 00:46:08", "elapsed": 30047.63241457939, "delta": 17.527012586593628}, "costs": {"total_cost": 182.78073981277055, "time_cost": 70.917, "final_distance_cost": 1.8248110020321395, "oscillation_cost": 23.568153466058476, "completition_cost": 0.0, "overshoot_cost": 51.01744108294364, "power_cost": 14.235427685546876, "noise_cost": 21.217906576189424, "n_waypoints_completed": 9, "tot_waypoints": 9}}
{"target": -191.03259759691724, "params": {"k_pid_pos": [0.378505840564158, 0.004839587010842507, 0.0008162910151324271], "k_pid_alt": [1.691641686539964, 0.00463726501218141, 0.016226060474987865], "k_pid_att": [45.51404401336674, 0.4633522093841722, 1.0], "k_pid_yaw": [0.5, 1e-06, 0.1], "k_pid_hsp": [0.09479048237548783, 0.012930270615532556, 0.0], "k_pid_vsp": [112.52884377180061, 128.59739452774332, 6.806459913581108]}, "datetime": {"datetime": "2025-08-12 00:46:27", "elapsed": 30067.126474142075, "delta": 19.494059562683105}, "costs": {"total_cost": 191.03259759691724, "time_cost": 78.407, "final_distance_cost": 1.8631555640248418, "oscillation_cost": 18.559026172851354, "completition_cost": 0.0, "overshoot_cost": 51.89862984987302, "power_cost": 15.11613739013672, "noise_cost": 25.188648620031298, "n_waypoints_completed": 9, "tot_waypoints": 9}}
{"target": -237.8661623929318, "params": {"k_pid_pos": [0.2525327291593336, 0.004735709924904843, 0.0005847100637497539], "k_pid_alt": [2.0, 0.00434982796597391, 0.01464696186947509], "k_pid_att": [21.215745147879076, 0.47750196025164926, 0.5912703701308302], "k_pid_yaw": [0.5, 1e-06, 0.1], "k_pid_hsp": [0.08121542528484728, 0.013556790459686179, 0.0], "k_pid_vsp": [100.87525811189381, 97.20307381645411, 6.238084316497965]}, "datetime": {"datetime": "2025-08-12 00:46:54", "elapsed": 30093.95265197754, "delta": 26.826177835464478}, "costs": {"total_cost": 237.8661623929318, "time_cost": 107.387, "final_distance_cost": 1.8612473124719244, "oscillation_cost": 14.94470325380532, "completition_cost": 0.0, "overshoot_cost": 55.81054438298998, "power_cost": 20.01869865722656, "noise_cost": 37.84396878643801, "n_waypoints_completed": 9, "tot_waypoints": 9}}
{"target": -183.25555522967528, "params": {"k_pid_pos": [0.7545280761660761, 0.0058049239827069376, 0.0009199888255826686], "k_pid_alt": [1.2188420700921687, 0.0059644796034588965, 0.027639273365250638], "k_pid_att": [26.611394004797006, 0.5018092810016023, 0.7694774436025017], "k_pid_yaw": [0.5, 1e-06, 0.1], "k_pid_hsp": [0.09047069869439132, 0.004928971547516664, 0.0], "k_pid_vsp": [75.98999152297715, 177.57372417009967, 4.368716055574449]}, "datetime": {"datetime": "2025-08-12 00:47:12", "elapsed": 30111.883461236954, "delta": 17.930809259414673}, "costs": {"total_cost": 183.25555522967528, "time_cost": 71.092, "final_distance_cost": 1.7967149212586602, "oscillation_cost": 24.047462488227392, "completition_cost": 0.0, "overshoot_cost": 51.03131011294745, "power_cost": 14.301518701171876, "noise_cost": 20.98654900606991, "n_waypoints_completed": 9, "tot_waypoints": 9}}
{"target": -186.48590417371724, "params": {"k_pid_pos": [0.6863825707730183, 0.004598550103667129, 0.0006494974150866204], "k_pid_alt": [1.2435197675911875, 0.004181250817089353, 0.025990292089821555], "k_pid_att": [34.84988871688612, 0.31590034275071693, 1.0], "k_pid_yaw": [0.5, 1e-06, 0.1], "k_pid_hsp": [0.06346785938201345, 0.011235342168535901, 0.0], "k_pid_vsp": [103.54434095475432, 76.90491420647378, 4.150528971483209]}, "datetime": {"datetime": "2025-08-12 00:47:31", "elapsed": 30131.16510272026, "delta": 19.281641483306885}, "costs": {"total_cost": 186.48590417371724, "time_cost": 74.151, "final_distance_cost": 1.8083990967637786, "oscillation_cost": 22.33253745182423, "completition_cost": 0.0, "overshoot_cost": 51.90292405484309, "power_cost": 14.522747534179688, "noise_cost": 21.76829603610645, "n_waypoints_completed": 9, "tot_waypoints": 9}}
{"target": -184.40892402376136, "params": {"k_pid_pos": [0.8229411734376816, 0.00598556434766042, 0.0003985773019795915], "k_pid_alt": [1.8411736519589244, 0.005968051155412972, 0.01541617634777083], "k_pid_att": [12.84032421934262, 0.45756094927781493, 0.7082694531963628], "k_pid_yaw": [0.5, 1e-06, 0.1], "k_pid_hsp": [0.09473540149155502, 0.008767788180727315, 0.0], "k_pid_vsp": [71.37969707601448, 56.81972725383016, 6.2886405710469075]}, "datetime": {"datetime": "2025-08-12 00:47:50", "elapsed": 30150.031215429306, "delta": 18.86611270904541}, "costs": {"total_cost": 184.40892402376136, "time_cost": 70.896, "final_distance_cost": 1.8103295366842649, "oscillation_cost": 25.087655059901543, "completition_cost": 0.0, "overshoot_cost": 51.33825294200797, "power_cost": 14.270272229003908, "noise_cost": 21.006414256163694, "n_waypoints_completed": 9, "tot_waypoints": 9}}
{"target": -183.5460800078293, "params": {"k_pid_pos": [0.4880110824177864, 0.003448291084331591, 0.0005677613348113647], "k_pid_alt": [1.9988327530817724, 0.005489528462673442, 0.00812413728357996], "k_pid_att": [36.98896369276297, 0.4021887308080143, 1.0], "k_pid_yaw": [0.5, 1e-06, 0.1], "k_pid_hsp": [0.11203211975341232, 0.006775518050998532, 0.0], "k_pid_vsp": [85.130915782804, 173.04427793498567, 5.286207640861011]}, "datetime": {"datetime": "2025-08-12 00:48:09", "elapsed": 30169.005974054337, "delta": 18.974758625030518}, "costs": {"total_cost": 183.5460800078293, "time_cost": 73.045, "final_distance_cost": 1.8416783087869277, "oscillation_cost": 20.636890480138497, "completition_cost": 0.0, "overshoot_cost": 51.398855850810314, "power_cost": 14.465675317382813, "noise_cost": 22.157980050710727, "n_waypoints_completed": 9, "tot_waypoints": 9}}
