{"target": -190.9749399409922, "params": {"k_pid_pos": [0.42233830677506673, 0.0059545761649576435, 0.0007577294537280294], "k_pid_alt": [1.3669334475908592, 0.004509664608007624, 0.0187656750672975], "k_pid_att": [50.80302621579975, 0.2641782796095644, 0.7071082473313703], "k_pid_yaw": [0.5, 1e-06, 0.1], "k_pid_hsp": [0.05253482568572051, 0.015432225689800785, 0.0], "k_pid_vsp": [84.31171023054257, 72.73489738359808, 6.797697665276719]}, "datetime": {"datetime": "2025-08-11 21:51:31", "elapsed": 19570.375308036804, "delta": 19.6554913520813}, "costs": {"total_cost": 190.9749399409922, "time_cost": 79.87, "final_distance_cost": 1.8300453276990953, "oscillation_cost": 17.149014720713463, "completition_cost": 0.0, "overshoot_cost": 53.08149153046412, "power_cost": 15.208063439941407, "noise_cost": 23.836324922174075, "n_waypoints_completed": 9, "tot_waypoints": 9}}
{"target": -188.6455395660505, "params": {"k_pid_pos": [0.4319329730186223, 0.00817936704798721, 0.0006542394916559715], "k_pid_alt": [0.7908221225043226, 0.005625801783553344, 0.020292891360231116], "k_pid_att": [64.76304379351865, 0.1491694244706008, 0.8784316568648256], "k_pid_yaw": [0.5, 1e-06, 0.1], "k_pid_hsp": [0.11618661933193308, 0.012180238508186133, 0.0], "k_pid_vsp": [98.92668537786744, 103.74980052587064, 4.885382056277077]}, "datetime": {"datetime": "2025-08-11 21:51:50", "elapsed": 19590.054237127304, "delta": 19.678929090499878}, "costs": {"total_cost": 188.6455395660505, "time_cost": 76.909, "final_distance_cost": 1.8554810256845087, "oscillation_cost": 20.46802715410215, "completition_cost": 0.0, "overshoot_cost": 51.02595514415396, "power_cost": 14.936860705566406, "noise_cost": 23.450215536543475, "n_waypoints_completed": 9, "tot_waypoints": 9}}
{"target": -222.21464556703557, "params": {"k_pid_pos": [0.4373734944119747, 0.007082231421565954, 0.0005458777707073884], "k_pid_alt": [1.2724829498770307, 0.007818282612144343, 0.018766150100407223], "k_pid_att": [11.098856960914434, 0.2398074273279386, 0.8111703296877568], "k_pid_yaw": [0.5, 1e-06, 0.1], "k_pid_hsp": [0.04096060623570767, 0.015103928937331923, 0.0], "k_pid_vsp": [71.37379938003114, 63.70304928886068, 10.069171809637469]}, "datetime": {"datetime": "2025-08-11 21:52:16", "elapsed": 19615.61599779129, "delta": 25.561760663986206}, "costs": {"total_cost": 222.21464556703557, "time_cost": 98.7, "final_distance_cost": 1.7837134621644355, "oscillation_cost": 16.905147707616816, "completition_cost": 0.0, "overshoot_cost": 56.116793465302045, "power_cost": 24.15934345703125, "noise_cost": 24.549647474921013, "n_waypoints_completed": 9, "tot_waypoints": 9}}
{"target": -183.56459425138212, "params": {"k_pid_pos": [0.7931822862977277, 0.005674845107446006, 0.00048492607520618996], "k_pid_alt": [1.2930400909117437, 0.003975141819114256, 0.025616409366523426], "k_pid_att": [40.776501388429644, 0.0001, 1.0], "k_pid_yaw": [0.5, 1e-06, 0.1], "k_pid_hsp": [0.1250147102916793, 0.018905210129616868, 0.0], "k_pid_vsp": [78.10790038618507, 96.30690223563282, 7.438628526473629]}, "datetime": {"datetime": "2025-08-11 21:52:33", "elapsed": 19632.61712861061, "delta": 17.00113081932068}, "costs": {"total_cost": 183.56459425138212, "time_cost": 69.671, "final_distance_cost": 1.8135388402548516, "oscillation_cost": 27.062883326707926, "completition_cost": 0.0, "overshoot_cost": 50.15138733062896, "power_cost": 14.245936437988282, "noise_cost": 20.6198483158021, "n_waypoints_completed": 9, "tot_waypoints": 9}}
{"target": -184.50407419576243, "params": {"k_pid_pos": [0.714206257587808, 0.009472732761612425, 0.000541856102536291], "k_pid_alt": [1.5216493638159434, 0.00654283473302143, 0.026910486910114922], "k_pid_att": [18.09762713067641, 0.4620217672337789, 1.0], "k_pid_yaw": [0.5, 1e-06, 0.1], "k_pid_hsp": [0.08272808375306549, 0.010298857181793733, 0.0], "k_pid_vsp": [92.48195176533284, 98.67488892911997, 8.005428352554214]}, "datetime": {"datetime": "2025-08-11 21:52:51", "elapsed": 19651.321815252304, "delta": 18.704686641693115}, "costs": {"total_cost": 184.50407419576243, "time_cost": 72.233, "final_distance_cost": 1.8202921041762388, "oscillation_cost": 23.525022676648224, "completition_cost": 0.0, "overshoot_cost": 51.51350544302954, "power_cost": 14.290922021484375, "noise_cost": 21.121331950424068, "n_waypoints_completed": 9, "tot_waypoints": 9}}
{"target": -185.81916328751663, "params": {"k_pid_pos": [0.6295291860060068, 0.006520289305640106, 0.0008025399115604654], "k_pid_alt": [0.9464723046702158, 0.0026872896799264357, 0.030238847002610245], "k_pid_att": [36.67497326718057, 0.2966200764306706, 0.18379942604866586], "k_pid_yaw": [0.5, 1e-06, 0.1], "k_pid_hsp": [0.077697269820341, 0.014664418410522817, 0.0], "k_pid_vsp": [65.81587360164808, 129.96704354517374, 0.738316289686343]}, "datetime": {"datetime": "2025-08-11 21:53:11", "elapsed": 19670.711846351624, "delta": 19.390031099319458}, "costs": {"total_cost": 185.81916328751663, "time_cost": 74.004, "final_distance_cost": 1.8023841133029348, "oscillation_cost": 23.31622663888419, "completition_cost": 0.0, "overshoot_cost": 50.762023391217774, "power_cost": 14.62829071044922, "noise_cost": 21.30623843366252, "n_waypoints_completed": 9, "tot_waypoints": 9}}
{"target": -185.36815540671566, "params": {"k_pid_pos": [0.5085726602107995, 0.008838512700374486, 0.00048611640728008827], "k_pid_alt": [1.4388402571854753, 0.005529145501562323, 0.027318270268298573], "k_pid_att": [43.001055356442265, 0.3475571718423242, 0.5658461910138234], "k_pid_yaw": [0.5, 1e-06, 0.1], "k_pid_hsp": [0.06812946632255583, 0.014189472735893374, 0.0], "k_pid_vsp": [114.73951706584637, 75.34611364730516, 7.639416390055719]}, "datetime": {"datetime": "2025-08-11 21:53:30", "elapsed": 19689.49591088295, "delta": 18.784064531326294}, "costs": {"total_cost": 185.36815540671566, "time_cost": 74.949, "final_distance_cost": 1.8102791437261645, "oscillation_cost": 19.99854050398389, "completition_cost": 0.0, "overshoot_cost": 51.7867018422591, "power_cost": 14.547483520507813, "noise_cost": 22.276150396238666, "n_waypoints_completed": 9, "tot_waypoints": 9}}
{"target": -182.70587376304036, "params": {"k_pid_pos": [0.5746551340705429, 0.008668047239651032, 0.0006060056837496361], "k_pid_alt": [1.6529472139945842, 0.006158738565808273, 0.025272496625443248], "k_pid_att": [59.19021640719085, 0.09916628564270125, 0.8009925865431805], "k_pid_yaw": [0.5, 1e-06, 0.1], "k_pid_hsp": [0.11687530393593237, 0.0095179822730631, 0.0], "k_pid_vsp": [112.3111085713668, 89.52255721167914, 2.0110478871015824]}, "datetime": {"datetime": "2025-08-11 21:53:48", "elapsed": 19707.788277864456, "delta": 18.292366981506348}, "costs": {"total_cost": 182.70587376304036, "time_cost": 71.372, "final_distance_cost": 1.8349267594235663, "oscillation_cost": 22.94933573605378, "completition_cost": 0.0, "overshoot_cost": 50.988351575422385, "power_cost": 14.183448754882813, "noise_cost": 21.37781093725782, "n_waypoints_completed": 9, "tot_waypoints": 9}}
{"target": -400.6942028722244, "params": {"k_pid_pos": [0.20115227576981343, 0.005891414180643167, 0.0007174257870932472], "k_pid_alt": [1.1816949685418268, 0.00718935895651589, 0.029788220282423925], "k_pid_att": [36.24149793606278, 0.2809485016607857, 1.0], "k_pid_yaw": [0.5, 1e-06, 0.1], "k_pid_hsp": [0.09577236323245747, 0.01073056466361165, 0.0], "k_pid_vsp": [89.00868971424943, 171.06043265117066, 5.253460535643774]}, "datetime": {"datetime": "2025-08-11 21:54:18", "elapsed": 19738.28334259987, "delta": 30.495064735412598}, "costs": {"total_cost": 400.6942028722244, "time_cost": 150, "final_distance_cost": 4.895980496499545, "oscillation_cost": 13.255562122260741, "completition_cost": 111.11111111111116, "overshoot_cost": 59.95262084746524, "power_cost": 22.13190845947266, "noise_cost": 39.34701983541508, "n_waypoints_completed": 8, "tot_waypoints": 9}}
{"target": -185.36264684351863, "params": {"k_pid_pos": [0.47153262962696973, 0.008761414238018989, 0.00038902185548034984], "k_pid_alt": [1.4592657365678494, 0.006539200491315244, 0.02692142932364625], "k_pid_att": [44.22311735254334, 0.3484830159475962, 0.74319842584213], "k_pid_yaw": [0.5, 1e-06, 0.1], "k_pid_hsp": [0.12484346902205569, 0.011777392758953517, 0.0], "k_pid_vsp": [139.61331286774123, 96.95744049776499, 7.651649946787264]}, "datetime": {"datetime": "2025-08-11 21:54:37", "elapsed": 19757.354521274567, "delta": 19.071178674697876}, "costs": {"total_cost": 185.36264684351863, "time_cost": 73.801, "final_distance_cost": 1.8553107833660898, "oscillation_cost": 21.502745937227388, "completition_cost": 0.0, "overshoot_cost": 51.16431452681364, "power_cost": 14.43696072998047, "noise_cost": 22.602314866131067, "n_waypoints_completed": 9, "tot_waypoints": 9}}
{"target": -191.60157509040948, "params": {"k_pid_pos": [0.8030841502920127, 0.0076757573025019775, 0.0003881266180934973], "k_pid_alt": [1.007321437623359, 0.004682773234513164, 0.013023478284463846], "k_pid_att": [29.632991090262887, 0.284755778000251, 0.7376978968115601], "k_pid_yaw": [0.5, 1e-06, 0.1], "k_pid_hsp": [0.06083880694249011, 0.015706824115243778, 0.0], "k_pid_vsp": [85.9800385727035, 117.31070274703461, 4.504208677000615]}, "datetime": {"datetime": "2025-08-11 21:54:56", "elapsed": 19775.808354854584, "delta": 18.45383358001709}, "costs": {"total_cost": 191.60157509040948, "time_cost": 75.537, "final_distance_cost": 1.79239578795349, "oscillation_cost": 25.692049933435968, "completition_cost": 0.0, "overshoot_cost": 51.92435554681305, "power_cost": 14.926271105957031, "noise_cost": 21.72950271624994, "n_waypoints_completed": 9, "tot_waypoints": 9}}
{"target": -196.6568694722126, "params": {"k_pid_pos": [0.4117398724966718, 0.006989272208924265, 0.0008604750138905929], "k_pid_alt": [0.5113762763642051, 0.0, 0.02940226653367133], "k_pid_att": [22.850196641751182, 0.10769620521426787, 0.8855636569547055], "k_pid_yaw": [0.5, 1e-06, 0.1], "k_pid_hsp": [0.11095793618879256, 0.007821302041895167, 0.0], "k_pid_vsp": [99.62044681364749, 172.47641279725417, 8.794587538021533]}, "datetime": {"datetime": "2025-08-11 21:55:18", "elapsed": 19797.823365926743, "delta": 22.015011072158813}, "costs": {"total_cost": 196.6568694722126, "time_cost": 83.006, "final_distance_cost": 1.8541288820782995, "oscillation_cost": 19.738234226966114, "completition_cost": 0.0, "overshoot_cost": 51.56818360700923, "power_cost": 18.783462048339846, "noise_cost": 21.706860707819125, "n_waypoints_completed": 9, "tot_waypoints": 9}}
{"target": -188.58918277362926, "params": {"k_pid_pos": [0.4068932009762027, 0.010406694794212995, 0.0006687982851316379], "k_pid_alt": [1.6512045619928781, 0.006042593362972873, 0.024727502625742016], "k_pid_att": [42.67412677973645, 0.237102348498204, 1.0], "k_pid_yaw": [0.5, 1e-06, 0.1], "k_pid_hsp": [0.12306790017652987, 0.008665384377418003, 0.0], "k_pid_vsp": [70.95557972088379, 146.22150794250445, 7.066540881497615]}, "datetime": {"datetime": "2025-08-11 21:55:38", "elapsed": 19817.80469417572, "delta": 19.98132824897766}, "costs": {"total_cost": 188.58918277362926, "time_cost": 76.482, "final_distance_cost": 1.8574444515071709, "oscillation_cost": 20.051725846025786, "completition_cost": 0.0, "overshoot_cost": 51.34055169493714, "power_cost": 14.996556701660158, "noise_cost": 23.860904079498987, "n_waypoints_completed": 9, "tot_waypoints": 9}}
{"target": -184.2815057826239, "params": {"k_pid_pos": [0.8777602022648477, 0.0036594148688272325, 0.00038019157211614747], "k_pid_alt": [1.1647343025027492, 0.007831289933840531, 0.015658077224407072], "k_pid_att": [47.10278884094609, 0.2744271192721404, 0.8583131085633942], "k_pid_yaw": [0.5, 1e-06, 0.1], "k_pid_hsp": [0.1070547911092521, 0.011263266835446496, 0.0], "k_pid_vsp": [59.629222684493584, 88.31004600547999, 8.644879414713433]}, "datetime": {"datetime": "2025-08-11 21:55:56", "elapsed": 19835.482625246048, "delta": 17.67793107032776}, "costs": {"total_cost": 184.2815057826239, "time_cost": 70.084, "final_distance_cost": 1.815471265021527, "oscillation_cost": 26.822451003828604, "completition_cost": 0.0, "overshoot_cost": 50.52981854792457, "power_cost": 14.765966467285157, "noise_cost": 20.263798498564032, "n_waypoints_completed": 9, "tot_waypoints": 9}}
{"target": -185.5005622568857, "params": {"k_pid_pos": [1.0077735013752942, 0.004501655580879154, 0.0004680501221347192], "k_pid_alt": [1.2074223794202215, 0.0072292087063090885, 0.019983110526650198], "k_pid_att": [48.45125532444555, 0.2728933314328581, 0.3744939365471829], "k_pid_yaw": [0.5, 1e-06, 0.1], "k_pid_hsp": [0.16289759426994574, 0.014291773668746099, 0.0], "k_pid_vsp": [77.8091465978606, 111.68736170053893, 6.856257773564574]}, "datetime": {"datetime": "2025-08-11 21:56:13", "elapsed": 19853.206064224243, "delta": 17.72343897819519}, "costs": {"total_cost": 185.5005622568857, "time_cost": 68.95, "final_distance_cost": 1.8111710851735683, "oscillation_cost": 29.62966225158348, "completition_cost": 0.0, "overshoot_cost": 50.26999440793507, "power_cost": 14.362895239257814, "noise_cost": 20.47683927293574, "n_waypoints_completed": 9, "tot_waypoints": 9}}
{"target": -181.23675046967446, "params": {"k_pid_pos": [0.5678307803404806, 0.007921605779232137, 0.000794802193737889], "k_pid_alt": [1.401379123916369, 0.0036689903275030147, 0.0], "k_pid_att": [39.16367831937912, 0.425416512082284, 0.9807492043709388], "k_pid_yaw": [0.5, 1e-06, 0.1], "k_pid_hsp": [0.09705947548692735, 0.010100698315313732, 0.0], "k_pid_vsp": [126.69549366809373, 93.97292794539972, 6.0398957077985855]}, "datetime": {"datetime": "2025-08-11 21:56:31", "elapsed": 19870.975086927414, "delta": 17.769022703170776}, "costs": {"total_cost": 181.23675046967446, "time_cost": 71.554, "final_distance_cost": 1.8243917452910594, "oscillation_cost": 21.57468182121768, "completition_cost": 0.0, "overshoot_cost": 50.83919967250966, "power_cost": 14.141511450195313, "noise_cost": 21.302965780460767, "n_waypoints_completed": 9, "tot_waypoints": 9}}
{"target": -189.29092745604436, "params": {"k_pid_pos": [0.3730110700797673, 0.005129440727425317, 0.0007019438973167335], "k_pid_alt": [1.178440845334958, 0.007568385717070823, 0.030683190415060627], "k_pid_att": [58.357102639686026, 0.33722012027794096, 0.7454788638507596], "k_pid_yaw": [0.5, 1e-06, 0.1], "k_pid_hsp": [0.0899431353123079, 0.01186698816070053, 0.0], "k_pid_vsp": [97.15478482768151, 111.86668145307692, 5.241636168706424]}, "datetime": {"datetime": "2025-08-11 21:56:51", "elapsed": 19890.757189273834, "delta": 19.782102346420288}, "costs": {"total_cost": 189.29092745604436, "time_cost": 78.148, "final_distance_cost": 1.8582124474434134, "oscillation_cost": 17.66559495871169, "completition_cost": 0.0, "overshoot_cost": 51.94162128756497, "power_cost": 15.07527801513672, "noise_cost": 24.60222074718756, "n_waypoints_completed": 9, "tot_waypoints": 9}}
{"target": -183.20305612212985, "params": {"k_pid_pos": [0.7794969219984645, 0.00944883365672053, 0.00048773971408997536], "k_pid_alt": [1.6418944832575357, 0.0056827018406365075, 0.030532085898184555], "k_pid_att": [35.13100151687336, 0.34185632886628187, 1.0], "k_pid_yaw": [0.5, 1e-06, 0.1], "k_pid_hsp": [0.09944690202713065, 0.009021898433751615, 0.0], "k_pid_vsp": [61.20856929189898, 155.39984596818, 4.083382749873802]}, "datetime": {"datetime": "2025-08-11 21:57:09", "elapsed": 19909.116817951202, "delta": 18.359628677368164}, "costs": {"total_cost": 183.20305612212985, "time_cost": 70.427, "final_distance_cost": 1.7983975361546538, "oscillation_cost": 25.28845936585921, "completition_cost": 0.0, "overshoot_cost": 50.703506912040076, "power_cost": 14.309393310546875, "noise_cost": 20.67629899752902, "n_waypoints_completed": 9, "tot_waypoints": 9}}
{"target": -185.66590794125307, "params": {"k_pid_pos": [0.8759118747143978, 0.00013841151985675518, 0.0005701499048333479], "k_pid_alt": [1.3847971194131425, 0.005018761630695287, 0.021552181673817405], "k_pid_att": [57.332098350799136, 0.34205420606723874, 0.6575539708988228], "k_pid_yaw": [0.5, 1e-06, 0.1], "k_pid_hsp": [0.08681156166649412, 0.009837175045401454, 0.0], "k_pid_vsp": [104.42589952200184, 91.48833709179958, 4.014170522433211]}, "datetime": {"datetime": "2025-08-11 21:57:27", "elapsed": 19927.318254947662, "delta": 18.20143699645996}, "costs": {"total_cost": 185.66590794125307, "time_cost": 71.61, "final_distance_cost": 1.8002868247710615, "oscillation_cost": 26.293071696275348, "completition_cost": 0.0, "overshoot_cost": 50.50410353396559, "power_cost": 14.412023376464845, "noise_cost": 21.046422509776228, "n_waypoints_completed": 9, "tot_waypoints": 9}}
{"target": -182.24165295117498, "params": {"k_pid_pos": [0.6409421225658862, 0.00584347440949833, 0.00039025162914716106], "k_pid_alt": [1.6213224419848624, 0.0027896698482063093, 0.023390961382643776], "k_pid_att": [37.53785038063084, 0.21635083881939687, 1.0], "k_pid_yaw": [0.5, 1e-06, 0.1], "k_pid_hsp": [0.11481004707462306, 0.016428606333724168, 0.0], "k_pid_vsp": [98.74462069884622, 130.68032651263943, 6.7440784088791474]}, "datetime": {"datetime": "2025-08-11 21:57:45", "elapsed": 19945.261259555817, "delta": 17.943004608154297}, "costs": {"total_cost": 182.24165295117498, "time_cost": 70.44800000000001, "final_distance_cost": 1.8323535723499813, "oscillation_cost": 24.47912470366798, "completition_cost": 0.0, "overshoot_cost": 50.33990246311731, "power_cost": 14.231292443847657, "noise_cost": 20.91097976819205, "n_waypoints_completed": 9, "tot_waypoints": 9}}
{"target": -183.3360348367072, "params": {"k_pid_pos": [0.8606556627197435, 0.009161159559774349, 0.0005604407647940596], "k_pid_alt": [1.533132984371532, 0.005089283022676398, 0.028303448088394637], "k_pid_att": [31.126726904225915, 0.21240586789753002, 0.7517317115951493], "k_pid_yaw": [0.5, 1e-06, 0.1], "k_pid_hsp": [0.14977971541100174, 0.013454859862218574, 0.0], "k_pid_vsp": [104.68826390142935, 128.46328705744259, 6.863348101961666]}, "datetime": {"datetime": "2025-08-11 21:58:03", "elapsed": 19962.654078245163, "delta": 17.392818689346313}, "costs": {"total_cost": 183.3360348367072, "time_cost": 69.174, "final_distance_cost": 1.813183585742713, "oscillation_cost": 27.450283796293753, "completition_cost": 0.0, "overshoot_cost": 50.20476219863536, "power_cost": 14.200291052246094, "noise_cost": 20.4935142037893, "n_waypoints_completed": 9, "tot_waypoints": 9}}
{"target": -194.24144940091074, "params": {"k_pid_pos": [0.3230413403739876, 0.005749005312172884, 0.0005113511611336387], "k_pid_alt": [1.0008058198068754, 0.004804134877162639, 0.05158131615127092], "k_pid_att": [25.043758279339638, 0.39598983701058404, 1.0], "k_pid_yaw": [0.5, 1e-06, 0.1], "k_pid_hsp": [0.074963020840611, 0.009852014165961836, 0.0], "k_pid_vsp": [79.49217868237967, 91.7381150025534, 5.586485765851836]}, "datetime": {"datetime": "2025-08-11 21:58:24", "elapsed": 19983.902335882187, "delta": 21.248257637023926}, "costs": {"total_cost": 194.24144940091074, "time_cost": 82.53, "final_distance_cost": 1.8581225272187434, "oscillation_cost": 15.241090180277352, "completition_cost": 0.0, "overshoot_cost": 53.036599061692286, "power_cost": 15.678765173339844, "noise_cost": 25.896872458382497, "n_waypoints_completed": 9, "tot_waypoints": 9}}
{"target": -184.4582766249884, "params": {"k_pid_pos": [0.581845065487252, 0.011071019123059495, 0.0007824700583125006], "k_pid_alt": [0.7307684352023163, 0.005479858323731692, 0.01489362078034046], "k_pid_att": [23.725249648429592, 0.38082694356382757, 0.9137244020539871], "k_pid_yaw": [0.5, 1e-06, 0.1], "k_pid_hsp": [0.1099722437050012, 0.013314209947254088, 0.0], "k_pid_vsp": [98.13401467009912, 157.0686368472859, 6.588783161854804]}, "datetime": {"datetime": "2025-08-11 21:58:43", "elapsed": 20002.606325864792, "delta": 18.70398998260498}, "costs": {"total_cost": 184.4582766249884, "time_cost": 73.09400000000001, "final_distance_cost": 1.8353332463335799, "oscillation_cost": 23.1393352712518, "completition_cost": 0.0, "overshoot_cost": 50.62293070534494, "power_cost": 14.450887524414064, "noise_cost": 21.31578987764398, "n_waypoints_completed": 9, "tot_waypoints": 9}}
{"target": -183.85136919411445, "params": {"k_pid_pos": [0.5357648497290478, 0.004217015149236285, 0.0006139188097629179], "k_pid_alt": [1.0511076869426343, 0.004614397144031557, 0.006052902732130421], "k_pid_att": [27.304411813658046, 0.5230328745482158, 1.0], "k_pid_yaw": [0.5, 1e-06, 0.1], "k_pid_hsp": [0.08292785234218836, 0.017373765403150526, 0.0], "k_pid_vsp": [56.270669587036146, 124.70667721749642, 7.420946753221325]}, "datetime": {"datetime": "2025-08-11 21:59:01", "elapsed": 20021.28533744812, "delta": 18.679011583328247}, "costs": {"total_cost": 183.85136919411445, "time_cost": 73.661, "final_distance_cost": 1.8290388770317194, "oscillation_cost": 21.86390830221528, "completition_cost": 0.0, "overshoot_cost": 50.50103918899507, "power_cost": 14.447495996093751, "noise_cost": 21.548886829778642, "n_waypoints_completed": 9, "tot_waypoints": 9}}
{"target": -186.5382494835001, "params": {"k_pid_pos": [0.5734142282253613, 0.007702891081292379, 0.0007259915217394771], "k_pid_alt": [1.0845043976741098, 0.00576684421463471, 0.018427274981015807], "k_pid_att": [26.9032001752917, 0.5010368801307509, 1.0], "k_pid_yaw": [0.5, 1e-06, 0.1], "k_pid_hsp": [0.06753034764804018, 0.010023601325891572, 0.0], "k_pid_vsp": [90.17969691046079, 89.1276259802025, 10.663098041761813]}, "datetime": {"datetime": "2025-08-11 21:59:20", "elapsed": 20040.190549612045, "delta": 18.90521216392517}, "costs": {"total_cost": 186.5382494835001, "time_cost": 74.858, "final_distance_cost": 1.8021856107283951, "oscillation_cost": 20.463092009364253, "completition_cost": 0.0, "overshoot_cost": 51.95443065400285, "power_cost": 18.822240954589844, "noise_cost": 18.63830025481472, "n_waypoints_completed": 9, "tot_waypoints": 9}}
