{"target": -189.82735308120573, "params": {"k_pid_pos": [0.3993035562542649, 0.006680140523248646, 0.0004807435316095076], "k_pid_alt": [1.2611883720177097, 0.005467631476464223, 0.031756192390559095], "k_pid_att": [44.44701002126638, 0.307927009914157, 1.0], "k_pid_yaw": [0.5, 1e-06, 0.1], "k_pid_hsp": [0.061861152547653155, 0.013000511540318083, 0.0], "k_pid_vsp": [131.9460327408938, 102.37274416614999, 4.637471845745913]}, "datetime": {"datetime": "2025-08-11 23:44:46", "elapsed": 26365.497800827026, "delta": 20.024730920791626}, "costs": {"total_cost": 189.82735308120573, "time_cost": 79.408, "final_distance_cost": 1.8428752459886475, "oscillation_cost": 16.637429805636295, "completition_cost": 0.0, "overshoot_cost": 52.951923267176205, "power_cost": 15.190416564941406, "noise_cost": 23.79670819746316, "n_waypoints_completed": 9, "tot_waypoints": 9}}
{"target": -185.52187663375497, "params": {"k_pid_pos": [0.8551621721504352, 0.0022171564668337983, 0.00043752533912809407], "k_pid_alt": [1.4134696458054954, 0.006096106869915974, 0.026235154365428212], "k_pid_att": [40.12325822270793, 0.3622106812590184, 1.0], "k_pid_yaw": [0.5, 1e-06, 0.1], "k_pid_hsp": [0.08525620579388112, 0.010470109579941116, 0.0], "k_pid_vsp": [78.49500297619909, 76.20869094744545, 6.220816486737224]}, "datetime": {"datetime": "2025-08-11 23:45:04", "elapsed": 26383.60667872429, "delta": 18.108877897262573}, "costs": {"total_cost": 185.52187663375497, "time_cost": 71.70100000000001, "final_distance_cost": 1.776702490726662, "oscillation_cost": 25.863282887443923, "completition_cost": 0.0, "overshoot_cost": 50.83743085297941, "power_cost": 14.384172570800782, "noise_cost": 20.95928783180421, "n_waypoints_completed": 9, "tot_waypoints": 9}}
{"target": -182.4382859242455, "params": {"k_pid_pos": [0.513792044334025, 0.0037069149989568517, 0.0009525816091224597], "k_pid_alt": [1.0050483286827816, 0.004556112824562579, 0.012499891813907175], "k_pid_att": [52.370134978105824, 0.3439480315420176, 0.8052821474925785], "k_pid_yaw": [0.5, 1e-06, 0.1], "k_pid_hsp": [0.093161349091831, 0.009612797591492315, 0.0], "k_pid_vsp": [83.50816227043816, 131.03537742960035, 4.126814632358645]}, "datetime": {"datetime": "2025-08-11 23:45:23", "elapsed": 26402.445246219635, "delta": 18.83856749534607}, "costs": {"total_cost": 182.4382859242455, "time_cost": 72.81400000000001, "final_distance_cost": 1.8397161960763804, "oscillation_cost": 20.527554424729463, "completition_cost": 0.0, "overshoot_cost": 51.283558441892545, "power_cost": 14.2833017578125, "noise_cost": 21.690155103734618, "n_waypoints_completed": 9, "tot_waypoints": 9}}
{"target": -184.7435466710318, "params": {"k_pid_pos": [0.680861310261695, 0.0063416456956156995, 0.0007781531466769307], "k_pid_alt": [1.5604201056634561, 0.006679515717400442, 0.01380828203957687], "k_pid_att": [38.55384382992393, 0.21332439605277384, 1.0], "k_pid_yaw": [0.5, 1e-06, 0.1], "k_pid_hsp": [0.07861452759317313, 0.010259120093043783, 0.0], "k_pid_vsp": [45.17162119355121, 109.1383794147461, 6.173625921072484]}, "datetime": {"datetime": "2025-08-11 23:45:41", "elapsed": 26420.52624464035, "delta": 18.080998420715332}, "costs": {"total_cost": 184.7435466710318, "time_cost": 72.485, "final_distance_cost": 1.8019570969555123, "oscillation_cost": 23.15777393053385, "completition_cost": 0.0, "overshoot_cost": 51.53254214591953, "power_cost": 14.404856127929689, "noise_cost": 21.361417369693207, "n_waypoints_completed": 9, "tot_waypoints": 9}}
{"target": -189.64812441449735, "params": {"k_pid_pos": [0.8296677193631439, 0.0063389126290290644, 0.0013494987992671824], "k_pid_alt": [1.512602883132997, 0.006886439341408945, 0.007318555080578719], "k_pid_att": [40.67708231850378, 0.29505580839768886, 0.9080732744608633], "k_pid_yaw": [0.5, 1e-06, 0.1], "k_pid_hsp": [0.06649312887895344, 0.01821694808765607, 0.0], "k_pid_vsp": [132.52360858134304, 82.68671037698307, 3.719611042709314]}, "datetime": {"datetime": "2025-08-11 23:45:59", "elapsed": 26438.921184539795, "delta": 18.39493989944458}, "costs": {"total_cost": 189.64812441449735, "time_cost": 73.507, "final_distance_cost": 1.7917706034451377, "oscillation_cost": 27.108751644853943, "completition_cost": 0.0, "overshoot_cost": 51.11178691818111, "power_cost": 14.657429162597657, "noise_cost": 21.4713860854195, "n_waypoints_completed": 9, "tot_waypoints": 9}}
{"target": -183.89815593380425, "params": {"k_pid_pos": [0.837487715850612, 0.0062887701110871325, 0.001050633849965739], "k_pid_alt": [1.1255634486472201, 0.0048665959003275526, 0.029991313345539353], "k_pid_att": [32.607116499256094, 0.27160216685640876, 0.8982818251466084], "k_pid_yaw": [0.5, 1e-06, 0.1], "k_pid_hsp": [0.14457669794323516, 0.004232085993834746, 0.0], "k_pid_vsp": [129.47231528856753, 37.465304297381486, 8.261938727851105]}, "datetime": {"datetime": "2025-08-11 23:46:18", "elapsed": 26457.390860795975, "delta": 18.46967625617981}, "costs": {"total_cost": 183.89815593380425, "time_cost": 70.112, "final_distance_cost": 1.8194072336993277, "oscillation_cost": 25.990677367474834, "completition_cost": 0.0, "overshoot_cost": 50.766602209456224, "power_cost": 14.426927148437501, "noise_cost": 20.782541974736382, "n_waypoints_completed": 9, "tot_waypoints": 9}}
{"target": -182.18506663943973, "params": {"k_pid_pos": [0.6059762593068982, 0.007040081803740817, 0.0007359462587699775], "k_pid_alt": [2.0, 0.0037942003616257976, 0.00924076116263318], "k_pid_att": [32.0837195537217, 0.33731170431774443, 0.9846263636526196], "k_pid_yaw": [0.5, 1e-06, 0.1], "k_pid_hsp": [0.10929493315096295, 0.010747063279306067, 0.0], "k_pid_vsp": [87.30296475644188, 63.71290587839858, 4.317362020487864]}, "datetime": {"datetime": "2025-08-11 23:46:35", "elapsed": 26475.110194683075, "delta": 17.71933388710022}, "costs": {"total_cost": 182.18506663943973, "time_cost": 71.246, "final_distance_cost": 1.8264543677600187, "oscillation_cost": 22.689410302102832, "completition_cost": 0.0, "overshoot_cost": 50.845015175872796, "power_cost": 14.19547371826172, "noise_cost": 21.382713075442357, "n_waypoints_completed": 9, "tot_waypoints": 9}}
{"target": -184.97718495238396, "params": {"k_pid_pos": [0.7508910104873312, 0.0063907234792456675, 0.0008207468266981159], "k_pid_alt": [1.0897706835361853, 0.004745384037997707, 0.00896645742212613], "k_pid_att": [42.93518632144636, 0.3833093492165, 0.6138978273207919], "k_pid_yaw": [0.5, 1e-06, 0.1], "k_pid_hsp": [0.09632480272906267, 0.013701837558391433, 0.0], "k_pid_vsp": [167.10785135120878, 68.0871508124552, 8.133288246051956]}, "datetime": {"datetime": "2025-08-11 23:46:54", "elapsed": 26493.574737548828, "delta": 18.464542865753174}, "costs": {"total_cost": 184.97718495238396, "time_cost": 71.638, "final_distance_cost": 1.8152306424532296, "oscillation_cost": 25.12287635542843, "completition_cost": 0.0, "overshoot_cost": 50.90288935934159, "power_cost": 14.61153154296875, "noise_cost": 20.88665705219196, "n_waypoints_completed": 9, "tot_waypoints": 9}}
{"target": -188.0028656595475, "params": {"k_pid_pos": [0.7266440756113637, 0.004968165273517987, 0.0006583230842444778], "k_pid_alt": [1.1335875281630226, 0.004680531005950755, 0.024221948800016366], "k_pid_att": [51.43699550015532, 0.470734696580475, 1.0], "k_pid_yaw": [0.5, 1e-06, 0.1], "k_pid_hsp": [0.06192820423000458, 0.012383072903149833, 0.0], "k_pid_vsp": [96.01252822231721, 107.09220911847962, 7.669205213119798]}, "datetime": {"datetime": "2025-08-11 23:47:13", "elapsed": 26512.909499645233, "delta": 19.33476209640503}, "costs": {"total_cost": 188.0028656595475, "time_cost": 74.417, "final_distance_cost": 1.8107646239910764, "oscillation_cost": 23.41304160755636, "completition_cost": 0.0, "overshoot_cost": 51.94001294296577, "power_cost": 14.661787255859375, "noise_cost": 21.760259229174924, "n_waypoints_completed": 9, "tot_waypoints": 9}}
{"target": -182.25460143760154, "params": {"k_pid_pos": [0.6633595138385283, 0.004648110112578987, 0.0010353977805484926], "k_pid_alt": [1.6154679131544405, 0.005129555952058274, 0.006521046711885782], "k_pid_att": [32.879556318905514, 0.5086522345766096, 0.9198482172770645], "k_pid_yaw": [0.5, 1e-06, 0.1], "k_pid_hsp": [0.09235924259901655, 0.00810215186114417, 0.0], "k_pid_vsp": [111.3683050340076, 64.12818201246996, 7.3547065694790135]}, "datetime": {"datetime": "2025-08-11 23:47:31", "elapsed": 26530.567190647125, "delta": 17.65769100189209}, "costs": {"total_cost": 182.25460143760154, "time_cost": 71.26, "final_distance_cost": 1.810507272262349, "oscillation_cost": 22.605621132690505, "completition_cost": 0.0, "overshoot_cost": 51.25622867191919, "power_cost": 14.11718905029297, "noise_cost": 21.205055310436492, "n_waypoints_completed": 9, "tot_waypoints": 9}}
{"target": -182.06291403443308, "params": {"k_pid_pos": [0.6997654320916334, 0.004649256748080182, 0.0010609152590329112], "k_pid_alt": [1.3622691236479516, 0.006140473451188284, 0.017774191706315143], "k_pid_att": [50.149907762840655, 0.31251091698048233, 1.0], "k_pid_yaw": [0.5, 1e-06, 0.1], "k_pid_hsp": [0.1165444597030343, 0.012643372231734196, 0.0], "k_pid_vsp": [62.210657788183084, 125.42096402583324, 6.108212213293904]}, "datetime": {"datetime": "2025-08-11 23:47:49", "elapsed": 26548.50216317177, "delta": 17.934972524642944}, "costs": {"total_cost": 182.06291403443308, "time_cost": 70.063, "final_distance_cost": 1.8201127902120744, "oscillation_cost": 25.114649079074642, "completition_cost": 0.0, "overshoot_cost": 50.25462077690394, "power_cost": 14.109017333984376, "noise_cost": 20.701514054258045, "n_waypoints_completed": 9, "tot_waypoints": 9}}
{"target": -182.1236725169842, "params": {"k_pid_pos": [0.7203791348994866, 0.006583047391053586, 0.0006941577378794895], "k_pid_alt": [1.7979650890739745, 0.0032550540639042064, 0.02330746874447059], "k_pid_att": [49.96229481307475, 0.29390213056707293, 1.0], "k_pid_yaw": [0.5, 1e-06, 0.1], "k_pid_hsp": [0.11610863983105114, 0.014077070775125738, 0.0], "k_pid_vsp": [97.63884807801925, 95.87895048788725, 4.3727853434122705]}, "datetime": {"datetime": "2025-08-11 23:48:06", "elapsed": 26566.182643413544, "delta": 17.680480241775513}, "costs": {"total_cost": 182.1236725169842, "time_cost": 70.147, "final_distance_cost": 1.8268214022061504, "oscillation_cost": 24.754385340600056, "completition_cost": 0.0, "overshoot_cost": 50.52316661946416, "power_cost": 14.179975451660157, "noise_cost": 20.69232370305362, "n_waypoints_completed": 9, "tot_waypoints": 9}}
{"target": -182.73610722845007, "params": {"k_pid_pos": [0.5211779063266849, 0.005381797440684388, 0.001037992679556569], "k_pid_alt": [1.4048621219804271, 0.003911936242321386, 0.019762668163606206], "k_pid_att": [45.51734014907245, 0.456206798524726, 0.8523585317121464], "k_pid_yaw": [0.5, 1e-06, 0.1], "k_pid_hsp": [0.11471824860657014, 0.00971218823844553, 0.0], "k_pid_vsp": [103.94447739748445, 143.53836398893887, 6.441882199882208]}, "datetime": {"datetime": "2025-08-11 23:48:25", "elapsed": 26585.337198495865, "delta": 19.154555082321167}, "costs": {"total_cost": 182.73610722845007, "time_cost": 72.156, "final_distance_cost": 1.836655695073261, "oscillation_cost": 21.90731852609327, "completition_cost": 0.0, "overshoot_cost": 50.863397260464666, "power_cost": 14.229561560058594, "noise_cost": 21.743174186760285, "n_waypoints_completed": 9, "tot_waypoints": 9}}
{"target": -182.6757086638402, "params": {"k_pid_pos": [0.7977858195124748, 0.00466251013932661, 0.0007917809836624169], "k_pid_alt": [1.700344214643995, 0.005418976804035432, 0.0029468580457458517], "k_pid_att": [24.768445436911517, 0.2819024730339961, 0.950835196202157], "k_pid_yaw": [0.5, 1e-06, 0.1], "k_pid_hsp": [0.13622637925321746, 0.010595074350111646, 0.0], "k_pid_vsp": [96.57749716994654, 81.30496256812627, 6.450511057890573]}, "datetime": {"datetime": "2025-08-11 23:48:43", "elapsed": 26603.223445415497, "delta": 17.886246919631958}, "costs": {"total_cost": 182.6757086638402, "time_cost": 69.797, "final_distance_cost": 1.8163973298953058, "oscillation_cost": 25.586570037103975, "completition_cost": 0.0, "overshoot_cost": 50.69458094677611, "power_cost": 14.128493859863282, "noise_cost": 20.652666490201504, "n_waypoints_completed": 9, "tot_waypoints": 9}}
{"target": -186.02350613470242, "params": {"k_pid_pos": [0.9374351580765546, 0.007659761492241065, 0.0010588994605639868], "k_pid_alt": [1.5547544394161397, 0.004676302958292552, 0.020363273538848176], "k_pid_att": [14.099713309875375, 0.344463093986003, 1.0], "k_pid_yaw": [0.5, 1e-06, 0.1], "k_pid_hsp": [0.10067392649572156, 0.008695068349500295, 0.0], "k_pid_vsp": [80.65545614142103, 121.5711339884217, 5.207457362292168]}, "datetime": {"datetime": "2025-08-11 23:49:01", "elapsed": 26620.735185861588, "delta": 17.5117404460907}, "costs": {"total_cost": 186.02350613470242, "time_cost": 70.77, "final_distance_cost": 1.7965839216547372, "oscillation_cost": 27.385146877547427, "completition_cost": 0.0, "overshoot_cost": 50.88409139738258, "power_cost": 14.41747879638672, "noise_cost": 20.77020514173093, "n_waypoints_completed": 9, "tot_waypoints": 9}}
{"target": -184.82213794818193, "params": {"k_pid_pos": [0.8166266307086137, 0.006531721116070847, 0.0002539092196286909], "k_pid_alt": [0.9532140299646826, 0.004339719571483012, 0.018674186453133488], "k_pid_att": [29.339214822293, 0.3827730976753994, 0.9498904081925641], "k_pid_yaw": [0.5, 1e-06, 0.1], "k_pid_hsp": [0.10935632441488374, 0.016255650269665124, 0.0], "k_pid_vsp": [71.39650690047394, 123.465274912658, 4.644401037671153]}, "datetime": {"datetime": "2025-08-11 23:49:19", "elapsed": 26639.072682142258, "delta": 18.337496280670166}, "costs": {"total_cost": 184.82213794818193, "time_cost": 71.022, "final_distance_cost": 1.8029040474433762, "oscillation_cost": 27.026719136897913, "completition_cost": 0.0, "overshoot_cost": 49.899416776535475, "power_cost": 14.410867675781251, "noise_cost": 20.66023031152392, "n_waypoints_completed": 9, "tot_waypoints": 9}}
{"target": -181.98035439350673, "params": {"k_pid_pos": [0.6892006533090355, 0.006951123720359122, 0.0007780644475595327], "k_pid_alt": [1.490326549838481, 0.0035209906441664644, 0.02697642187128399], "k_pid_att": [34.48761648421547, 0.44074647283374785, 0.6963694891062824], "k_pid_yaw": [0.5, 1e-06, 0.1], "k_pid_hsp": [0.1077006471811502, 0.011644158084257158, 0.0], "k_pid_vsp": [71.74619487566942, 98.59984191212429, 3.1563829576597655]}, "datetime": {"datetime": "2025-08-11 23:49:37", "elapsed": 26656.386100769043, "delta": 17.31341862678528}, "costs": {"total_cost": 181.98035439350673, "time_cost": 70.315, "final_distance_cost": 1.8161013281606386, "oscillation_cost": 24.358947553159958, "completition_cost": 0.0, "overshoot_cost": 50.56945742832227, "power_cost": 14.19527225341797, "noise_cost": 20.725575830445873, "n_waypoints_completed": 9, "tot_waypoints": 9}}
{"target": -182.782858238639, "params": {"k_pid_pos": [0.6824049702511239, 0.005684604673431196, 0.0008503313286305062], "k_pid_alt": [1.2802164847312305, 0.004987716435252588, 0.012999974816275807], "k_pid_att": [23.289517962670104, 0.3939922444606505, 0.949696651544488], "k_pid_yaw": [0.5, 1e-06, 0.1], "k_pid_hsp": [0.09449477756772955, 0.011278182142889814, 0.0], "k_pid_vsp": [86.9786125872716, 99.50113551887561, 6.004579337886276]}, "datetime": {"datetime": "2025-08-11 23:49:55", "elapsed": 26674.453271389008, "delta": 18.0671706199646}, "costs": {"total_cost": 182.782858238639, "time_cost": 71.197, "final_distance_cost": 1.8027669005367208, "oscillation_cost": 23.600234527865034, "completition_cost": 0.0, "overshoot_cost": 51.03311504242908, "power_cost": 14.262030883789063, "noise_cost": 20.887710884019103, "n_waypoints_completed": 9, "tot_waypoints": 9}}
{"target": -188.94963715272837, "params": {"k_pid_pos": [1.0301774128416048, 0.0009899905280493504, 0.0008399066784413085], "k_pid_alt": [1.5129830469168988, 0.004543036560658753, 0.018484945450924526], "k_pid_att": [45.71442458625799, 0.41791131787379676, 1.0], "k_pid_yaw": [0.5, 1e-06, 0.1], "k_pid_hsp": [0.08516157724960394, 0.011013816938454796, 0.0], "k_pid_vsp": [93.76126309737636, 77.58173334203158, 6.444852155398192]}, "datetime": {"datetime": "2025-08-11 23:50:13", "elapsed": 26692.688322782516, "delta": 18.23505139350891}, "costs": {"total_cost": 188.94963715272837, "time_cost": 71.981, "final_distance_cost": 1.7783184355321384, "oscillation_cost": 28.449213582128476, "completition_cost": 0.0, "overshoot_cost": 50.887983788809116, "power_cost": 14.695034680175782, "noise_cost": 21.15808666608284, "n_waypoints_completed": 9, "tot_waypoints": 9}}
{"target": -184.72445281574045, "params": {"k_pid_pos": [0.43203574173939224, 0.005478066869320545, 0.0010381103138833773], "k_pid_alt": [1.1636219468112696, 0.005288845934027345, 0.017432079365805438], "k_pid_att": [51.08220006251003, 0.23196877272376212, 1.0], "k_pid_yaw": [0.5, 1e-06, 0.1], "k_pid_hsp": [0.10340812623993885, 0.009192045361846214, 0.0], "k_pid_vsp": [95.57338796973823, 127.68821566502584, 3.774437791356402]}, "datetime": {"datetime": "2025-08-11 23:50:31", "elapsed": 26711.027903556824, "delta": 18.33958077430725}, "costs": {"total_cost": 184.72445281574045, "time_cost": 74.82300000000001, "final_distance_cost": 1.8484645067230532, "oscillation_cost": 19.474193021983627, "completition_cost": 0.0, "overshoot_cost": 51.241113676878456, "power_cost": 14.514598120117189, "noise_cost": 22.82308349003809, "n_waypoints_completed": 9, "tot_waypoints": 9}}
{"target": -182.3563505880623, "params": {"k_pid_pos": [0.7422701735243878, 0.006413290602297824, 0.0009512697427741407], "k_pid_alt": [1.6182157820111829, 0.004363107390511197, 0.016652212136717283], "k_pid_att": [20.58302362968814, 0.7027932973685086, 0.7904416311231852], "k_pid_yaw": [0.5, 1e-06, 0.1], "k_pid_hsp": [0.10860628887940633, 0.01317636116639155, 0.0], "k_pid_vsp": [77.8718010267526, 135.72719602453185, 5.004806127037373]}, "datetime": {"datetime": "2025-08-11 23:50:49", "elapsed": 26728.939956188202, "delta": 17.912052631378174}, "costs": {"total_cost": 182.3563505880623, "time_cost": 70.105, "final_distance_cost": 1.8192005397137618, "oscillation_cost": 25.443730392392276, "completition_cost": 0.0, "overshoot_cost": 50.16383556898918, "power_cost": 14.214408850097657, "noise_cost": 20.610175236869388, "n_waypoints_completed": 9, "tot_waypoints": 9}}
{"target": -197.49311195802105, "params": {"k_pid_pos": [0.3429778031329247, 0.006590195908969428, 0.0008143657277274648], "k_pid_alt": [1.8418742010625302, 0.0037965959147490003, 0.019539978094078456], "k_pid_att": [35.91917184571287, 0.48582929226538746, 0.8762215920758939], "k_pid_yaw": [0.5, 1e-06, 0.1], "k_pid_hsp": [0.11659498396432712, 0.009412994099569331, 0.0], "k_pid_vsp": [112.14167681112103, 89.79579035288084, 5.610551626561303]}, "datetime": {"datetime": "2025-08-11 23:51:10", "elapsed": 26749.89178800583, "delta": 20.951831817626953}, "costs": {"total_cost": 197.49311195802105, "time_cost": 82.53, "final_distance_cost": 1.861321796785728, "oscillation_cost": 18.06735453288362, "completition_cost": 0.0, "overshoot_cost": 52.299595186256056, "power_cost": 15.798520129394532, "noise_cost": 26.936320312701096, "n_waypoints_completed": 9, "tot_waypoints": 9}}
{"target": -183.06606237507154, "params": {"k_pid_pos": [0.853489891426368, 0.0037324455375237916, 0.0012282166401543606], "k_pid_alt": [1.3429201434936324, 0.0051862781022084725, 0.016153001121214927], "k_pid_att": [33.58879647171354, 0.37611362920373614, 0.6379892106189207], "k_pid_yaw": [0.5, 1e-06, 0.1], "k_pid_hsp": [0.12473585324474634, 0.013466698921862029, 0.0], "k_pid_vsp": [116.34433460978721, 144.43544599871072, 3.8530455219479687]}, "datetime": {"datetime": "2025-08-11 23:51:27", "elapsed": 26767.062309026718, "delta": 17.170521020889282}, "costs": {"total_cost": 183.06606237507154, "time_cost": 69.426, "final_distance_cost": 1.8212187878138064, "oscillation_cost": 27.36785248240222, "completition_cost": 0.0, "overshoot_cost": 49.826699452607684, "power_cost": 14.218088146972656, "noise_cost": 20.406203505275165, "n_waypoints_completed": 9, "tot_waypoints": 9}}
{"target": -182.1576766932878, "params": {"k_pid_pos": [0.7461576611919857, 0.00604861396219544, 0.0005002934070768044], "k_pid_alt": [1.2688890260380967, 0.002991531313211906, 0.02520665965828414], "k_pid_att": [39.7787470860432, 0.39625834310057945, 1.0], "k_pid_yaw": [0.5, 1e-06, 0.1], "k_pid_hsp": [0.11187346894938328, 0.010879630065214656, 0.0], "k_pid_vsp": [103.10050572436212, 88.87628806755684, 5.481753615986541]}, "datetime": {"datetime": "2025-08-11 23:51:44", "elapsed": 26784.172986745834, "delta": 17.11067771911621}, "costs": {"total_cost": 182.1576766932878, "time_cost": 70.105, "final_distance_cost": 1.830126069586833, "oscillation_cost": 25.069527947993972, "completition_cost": 0.0, "overshoot_cost": 50.37165779189399, "power_cost": 14.112297900390626, "noise_cost": 20.669066983422407, "n_waypoints_completed": 9, "tot_waypoints": 9}}
{"target": -186.03913440745228, "params": {"k_pid_pos": [0.4914596927815027, 0.004714160985394189, 0.0009428076829220786], "k_pid_alt": [1.720379633092661, 0.003683715016593838, 0.021948323780391826], "k_pid_att": [19.115651305305832, 0.3848651368943748, 0.8612838312444291], "k_pid_yaw": [0.5, 1e-06, 0.1], "k_pid_hsp": [0.13925562359303045, 0.00872253848803057, 0.0], "k_pid_vsp": [80.02141853482128, 113.36705048178844, 3.6255079451179157]}, "datetime": {"datetime": "2025-08-11 23:52:02", "elapsed": 26802.22732448578, "delta": 18.054337739944458}, "costs": {"total_cost": 186.03913440745228, "time_cost": 73.64, "final_distance_cost": 1.8510128177618885, "oscillation_cost": 22.35895313253263, "completition_cost": 0.0, "overshoot_cost": 51.15626462724708, "power_cost": 14.562075134277345, "noise_cost": 22.47082869563334, "n_waypoints_completed": 9, "tot_waypoints": 9}}
