{"target": -191.39658236581883, "params": {"k_pid_pos": [1.213330455043881, 0.05196359712623735, 0.0], "k_pid_alt": [2.0, 0.0006825855669147603, 0.02074375817636993], "k_pid_att": [15.785781750083174, 1.3035501077608813, 0.5326125246319448], "k_pid_yaw": [0.5, 1e-06, 0.1], "k_pid_hsp": [0.23551096288660148, 0.025530974859807248, 0.0], "k_pid_vsp": [400.0, 26.94816745343125, 9.386912162830544]}, "datetime": {"datetime": "2025-08-11 19:05:23", "elapsed": 9602.772956848145, "delta": 17.334696292877197}, "costs": {"total_cost": 191.39658236581883, "time_cost": 69.965, "final_distance_cost": 1.7968665294339783, "oscillation_cost": 31.672751356717637, "completition_cost": 0.0, "overshoot_cost": 51.50157269883805, "power_cost": 18.230181140136718, "noise_cost": 18.230210640692423, "n_waypoints_completed": 9, "tot_waypoints": 9}}
{"target": -204.9830560935577, "params": {"k_pid_pos": [0.9720684833053205, 0.026918490377009118, 0.02522430513010176], "k_pid_alt": [1.3775398162979944, 0.005908653438970153, 0.04489375972681384], "k_pid_att": [17.121102033675985, 0.8412244589465866, 1.0], "k_pid_yaw": [0.5, 1e-06, 0.1], "k_pid_hsp": [0.058880775777940486, 0.03411420509194812, 0.0], "k_pid_vsp": [136.0079962045096, 18.012626335780897, 4.274425940115312]}, "datetime": {"datetime": "2025-08-11 19:05:42", "elapsed": 9622.044987916946, "delta": 19.27203106880188}, "costs": {"total_cost": 204.9830560935577, "time_cost": 76.47500000000001, "final_distance_cost": 1.7958456212729454, "oscillation_cost": 34.94332874238466, "completition_cost": 0.0, "overshoot_cost": 53.14225631123886, "power_cost": 15.692251062011719, "noise_cost": 22.93437435664954, "n_waypoints_completed": 9, "tot_waypoints": 9}}
{"target": -200.82084184835867, "params": {"k_pid_pos": [0.380187701291345, 0.05772809331226214, 0.013699080671052374], "k_pid_alt": [1.934928930012055, 0.0036061624697708836, 0.03722762638355228], "k_pid_att": [15.91186197202633, 2.637126233624715, 0.7321175207255871], "k_pid_yaw": [0.5, 1e-06, 0.1], "k_pid_hsp": [0.30383089682168596, 0.02564638183333787, 0.0], "k_pid_vsp": [101.39068548044101, 48.78235013653124, 1e-06]}, "datetime": {"datetime": "2025-08-11 19:06:02", "elapsed": 9642.31688952446, "delta": 20.271901607513428}, "costs": {"total_cost": 200.82084184835867, "time_cost": 80.822, "final_distance_cost": 1.8517626284750164, "oscillation_cost": 24.102944820297775, "completition_cost": 0.0, "overshoot_cost": 52.659237255314004, "power_cost": 15.781722534179687, "noise_cost": 25.603174610092182, "n_waypoints_completed": 9, "tot_waypoints": 9}}
{"target": -185.17529938255527, "params": {"k_pid_pos": [0.8067806619082863, 0.08739001642393786, 0.03214208188121679], "k_pid_alt": [1.7488270151434968, 0.004645380363921259, 0.039510336403508914], "k_pid_att": [12.805612833976868, 1.1382303212273883, 0.20887354332535316], "k_pid_yaw": [0.5, 1e-06, 0.1], "k_pid_hsp": [0.207759349939441, 0.014517150999799963, 0.0], "k_pid_vsp": [152.48644402744998, 84.97921355550365, 3.16721659393403]}, "datetime": {"datetime": "2025-08-11 19:06:20", "elapsed": 9659.921864032745, "delta": 17.604974508285522}, "costs": {"total_cost": 185.17529938255527, "time_cost": 70.014, "final_distance_cost": 1.8088034183280859, "oscillation_cost": 27.10704527534028, "completition_cost": 0.0, "overshoot_cost": 50.64967552258407, "power_cost": 14.442736853027345, "noise_cost": 21.153038313275484, "n_waypoints_completed": 9, "tot_waypoints": 9}}
{"target": -191.28363660735667, "params": {"k_pid_pos": [0.6845944176511392, 0.0, 0.03706417915435851], "k_pid_alt": [1.695453144406432, 0.003195160724888594, 0.0061688309203851086], "k_pid_att": [12.884486533433995, 0.9825927584717332, 1.0], "k_pid_yaw": [0.5, 1e-06, 0.1], "k_pid_hsp": [0.3291348234170015, 0.0, 0.0], "k_pid_vsp": [129.83482937097054, 66.75371183767193, 15.228923635262278]}, "datetime": {"datetime": "2025-08-11 19:06:39", "elapsed": 9679.259042024612, "delta": 19.337177991867065}, "costs": {"total_cost": 191.28363660735667, "time_cost": 73.339, "final_distance_cost": 1.8466893568543232, "oscillation_cost": 26.678254253437437, "completition_cost": 0.0, "overshoot_cost": 51.40365951370173, "power_cost": 18.75668190917969, "noise_cost": 19.25935157418349, "n_waypoints_completed": 9, "tot_waypoints": 9}}
{"target": -194.05786132041703, "params": {"k_pid_pos": [1.437478237632577, 0.11266110711766762, 0.0], "k_pid_alt": [1.4416893968839848, 0.0014909213047065734, 0.05829486241962837], "k_pid_att": [10.069421983359023, 1.2834261526960427, 0.5558709380906376], "k_pid_yaw": [0.5, 1e-06, 0.1], "k_pid_hsp": [0.21071722544755422, 0.03711165853478438, 0.0], "k_pid_vsp": [216.83628329643193, 62.077059952748435, 12.665246801771223]}, "datetime": {"datetime": "2025-08-11 19:06:57", "elapsed": 9696.70191860199, "delta": 17.44287657737732}, "costs": {"total_cost": 194.05786132041703, "time_cost": 69.489, "final_distance_cost": 1.7611387941529912, "oscillation_cost": 35.39545363449582, "completition_cost": 0.0, "overshoot_cost": 50.85900733083988, "power_cost": 18.4608029296875, "noise_cost": 18.09245863124082, "n_waypoints_completed": 9, "tot_waypoints": 9}}
{"target": -186.11991153259635, "params": {"k_pid_pos": [0.7795481295659122, 0.0439718487666531, 0.030114549239824536], "k_pid_alt": [1.1980489015157438, 0.002878302370572737, 0.04955551474490636], "k_pid_att": [17.518411517361333, 0.5383125227202316, 0.04919511401836537], "k_pid_yaw": [0.5, 1e-06, 0.1], "k_pid_hsp": [0.26848065245101044, 0.012564619147952642, 0.0], "k_pid_vsp": [164.1963056480436, 98.41922714185716, 7.932768739403848]}, "datetime": {"datetime": "2025-08-11 19:07:14", "elapsed": 9714.077080249786, "delta": 17.37516164779663}, "costs": {"total_cost": 186.11991153259635, "time_cost": 70.09100000000001, "final_distance_cost": 1.8441714476078548, "oscillation_cost": 28.34310399310691, "completition_cost": 0.0, "overshoot_cost": 50.393659134116014, "power_cost": 14.375432849121095, "noise_cost": 21.072544108644486, "n_waypoints_completed": 9, "tot_waypoints": 9}}
{"target": -187.45972368915795, "params": {"k_pid_pos": [1.0599385948786886, 0.029943631271215836, 0.0], "k_pid_alt": [1.6132440321625097, 0.0034415148656938024, 0.0], "k_pid_att": [17.008572640948156, 1.7052007901663135, 0.8034276851080472], "k_pid_yaw": [0.5, 1e-06, 0.1], "k_pid_hsp": [0.22378026411420013, 0.01099264356503258, 0.0], "k_pid_vsp": [189.81016321075262, 45.5477538961101, 8.580714434942971]}, "datetime": {"datetime": "2025-08-11 19:07:32", "elapsed": 9731.406637191772, "delta": 17.329556941986084}, "costs": {"total_cost": 187.45972368915795, "time_cost": 69.426, "final_distance_cost": 1.8000237298654347, "oscillation_cost": 30.089457240127306, "completition_cost": 0.0, "overshoot_cost": 50.95865282239148, "power_cost": 14.836868371582032, "noise_cost": 20.348721525191703, "n_waypoints_completed": 9, "tot_waypoints": 9}}
{"target": -184.27441750979222, "params": {"k_pid_pos": [0.669027806214939, 0.03838482174946095, 0.0726629700465088], "k_pid_alt": [1.2811866319406318, 0.006506524201963675, 0.05390484243080568], "k_pid_att": [11.869100926722263, 1.0813049923533145, 0.684757386194332], "k_pid_yaw": [0.5, 1e-06, 0.1], "k_pid_hsp": [0.1581820057094702, 0.014993606599731266, 0.0], "k_pid_vsp": [56.05055689684324, 57.65192966727059, 1e-06]}, "datetime": {"datetime": "2025-08-11 19:07:50", "elapsed": 9750.175506830215, "delta": 18.768869638442993}, "costs": {"total_cost": 184.27441750979222, "time_cost": 70.987, "final_distance_cost": 1.8414746925735153, "oscillation_cost": 25.169892485472293, "completition_cost": 0.0, "overshoot_cost": 50.70447245379245, "power_cost": 14.283135021972656, "noise_cost": 21.288442855981323, "n_waypoints_completed": 9, "tot_waypoints": 9}}
{"target": -189.60987479631424, "params": {"k_pid_pos": [0.7550517289756465, 0.08193635247577459, 0.02233713948572659], "k_pid_alt": [1.049112056029643, 0.004306633808896787, 0.024010564896103186], "k_pid_att": [10.523152675471621, 2.315844041481736, 0.7699795204379448], "k_pid_yaw": [0.5, 1e-06, 0.1], "k_pid_hsp": [0.3548212654443912, 0.025746282713065654, 0.0], "k_pid_vsp": [283.2248237691335, 51.38502108317622, 10.943149226998392]}, "datetime": {"datetime": "2025-08-11 19:08:08", "elapsed": 9768.152794599533, "delta": 17.977287769317627}, "costs": {"total_cost": 189.60987479631424, "time_cost": 71.32300000000001, "final_distance_cost": 1.8391336472362696, "oscillation_cost": 28.374388875860802, "completition_cost": 0.0, "overshoot_cost": 51.179633774109234, "power_cost": 18.352167553710938, "noise_cost": 18.541550945396995, "n_waypoints_completed": 9, "tot_waypoints": 9}}
{"target": -186.1726532038675, "params": {"k_pid_pos": [0.8368578058575241, 0.08450989345446253, 0.008492947401749303], "k_pid_alt": [1.138218917153009, 0.004570997730191273, 0.05292522799394569], "k_pid_att": [7.977057690859055, 1.1471025443867282, 1.0], "k_pid_yaw": [0.5, 1e-06, 0.1], "k_pid_hsp": [0.2227913593972618, 0.00522871015217187, 0.0], "k_pid_vsp": [215.28964092496264, 62.67957797699368, 7.527524655253089]}, "datetime": {"datetime": "2025-08-11 19:08:26", "elapsed": 9785.576806306839, "delta": 17.424011707305908}, "costs": {"total_cost": 186.1726532038675, "time_cost": 70.392, "final_distance_cost": 1.8038442316568417, "oscillation_cost": 27.527566215316327, "completition_cost": 0.0, "overshoot_cost": 50.90285096646088, "power_cost": 14.47679910888672, "noise_cost": 21.069592681546737, "n_waypoints_completed": 9, "tot_waypoints": 9}}
{"target": -189.21925935337407, "params": {"k_pid_pos": [1.104656920442318, 0.08031879845146957, 0.0], "k_pid_alt": [2.0, 0.0009282222006319086, 0.011977776717301753], "k_pid_att": [6.425449231345947, 1.3365717504680497, 0.48616460191197836], "k_pid_yaw": [0.5, 1e-06, 0.1], "k_pid_hsp": [0.28784170079734545, 0.020372156996700353, 0.0], "k_pid_vsp": [85.15202870786959, 66.33016161858943, 12.478960673615758]}, "datetime": {"datetime": "2025-08-11 19:08:43", "elapsed": 9802.794822216034, "delta": 17.218015909194946}, "costs": {"total_cost": 189.21925935337407, "time_cost": 69.265, "final_distance_cost": 1.7898838738707088, "oscillation_cost": 31.125743148135165, "completition_cost": 0.0, "overshoot_cost": 51.0731137552656, "power_cost": 18.178300122070315, "noise_cost": 17.787218454032274, "n_waypoints_completed": 9, "tot_waypoints": 9}}
{"target": -1254.1833174264812, "params": {"k_pid_pos": [0.9695835104713962, 0.0653941603918346, 0.0401517204056924], "k_pid_alt": [0.6406496084660899, 0.004179485886282242, 0.044155692451178806], "k_pid_att": [12.137805991938519, 1.4722439862570205, 0.5582742482245653], "k_pid_yaw": [0.5, 1e-06, 0.1], "k_pid_hsp": [0.0001, 0.013618621789872823, 0.0], "k_pid_vsp": [105.15105249232249, 37.839189211317034, 6.398669073202613]}, "datetime": {"datetime": "2025-08-11 19:09:13", "elapsed": 9833.008055210114, "delta": 30.21323299407959}, "costs": {"total_cost": 1254.1833174264812, "time_cost": 150, "final_distance_cost": 63.95799048771101, "oscillation_cost": 4.3260985274212365, "completition_cost": 888.8888888888888, "overshoot_cost": 92.70576161020243, "power_cost": 21.150240637207034, "noise_cost": 33.154337275050786, "n_waypoints_completed": 1, "tot_waypoints": 9}}
{"target": -1347.5810821619991, "params": {"k_pid_pos": [0.409707315325337, 0.05495205626591621, 0.03376656601643239], "k_pid_alt": [0.0, 0.007596994859570348, 0.06494173213245252], "k_pid_att": [9.346261063731175, 1.145019316858022, 0.23791577806947103], "k_pid_yaw": [0.5, 1e-06, 0.1], "k_pid_hsp": [0.26274927262659137, 0.021308028153968026, 0.0], "k_pid_vsp": [186.2434781001132, 32.144090889803046, 3.3910924472363955]}, "datetime": {"datetime": "2025-08-11 19:09:43", "elapsed": 9862.990255117416, "delta": 29.982199907302856}, "costs": {"total_cost": 1347.5810821619991, "time_cost": 150, "final_distance_cost": 36.547824796696254, "oscillation_cost": 2.5088645119049295, "completition_cost": 1000.0, "overshoot_cost": 97.98693162159609, "power_cost": 21.038307080078127, "noise_cost": 39.49915415172392, "n_waypoints_completed": 0, "tot_waypoints": 9}}
{"target": -244.69375347957407, "params": {"k_pid_pos": [0.26092234845209855, 0.0, 0.033219349902579805], "k_pid_alt": [1.0078401467201819, 0.0055387330943941215, 0.04398015157774766], "k_pid_att": [16.432485608543136, 1.6399166521128767, 0.6689454007960663], "k_pid_yaw": [0.5, 1e-06, 0.1], "k_pid_hsp": [0.24257460397124472, 0.009177389682287597, 0.0], "k_pid_vsp": [177.6150130473566, 95.7460190822568, 3.520605945842167]}, "datetime": {"datetime": "2025-08-11 19:10:10", "elapsed": 9890.265340328217, "delta": 27.27508521080017}, "costs": {"total_cost": 244.69375347957407, "time_cost": 109.55, "final_distance_cost": 1.8611875336214534, "oscillation_cost": 18.823983373579395, "completition_cost": 0.0, "overshoot_cost": 56.603239805532475, "power_cost": 20.36772399902344, "noise_cost": 37.48761876781733, "n_waypoints_completed": 9, "tot_waypoints": 9}}
{"target": -185.03742810568727, "params": {"k_pid_pos": [0.939056841754277, 0.05166895413979917, 0.04119349222688857], "k_pid_alt": [1.1347519417269407, 0.001236595653418106, 0.05324585748827965], "k_pid_att": [15.522512178482208, 1.937135645469431, 0.24979201505240112], "k_pid_yaw": [0.5, 1e-06, 0.1], "k_pid_hsp": [0.16762341094306996, 0.010835697374351557, 0.0], "k_pid_vsp": [61.49374219308149, 105.72220132899088, 1e-06]}, "datetime": {"datetime": "2025-08-11 19:10:27", "elapsed": 9906.983126163483, "delta": 16.717785835266113}, "costs": {"total_cost": 185.03742810568727, "time_cost": 69.328, "final_distance_cost": 1.8232419075010655, "oscillation_cost": 28.869223615308982, "completition_cost": 0.0, "overshoot_cost": 50.103496547791295, "power_cost": 14.415427111816406, "noise_cost": 20.49803892326951, "n_waypoints_completed": 9, "tot_waypoints": 9}}
{"target": -193.63444316554157, "params": {"k_pid_pos": [0.7254277726203181, 0.03534519140260995, 0.0], "k_pid_alt": [0.4287965673042473, 0.010321029211642655, 0.038211389720437784], "k_pid_att": [16.950264883547515, 1.1908834422596373, 0.49504420608676886], "k_pid_yaw": [0.5, 1e-06, 0.1], "k_pid_hsp": [0.2185100042598254, 0.008163720161471011, 0.0], "k_pid_vsp": [238.67923910936, 86.80357382492745, 1.1047830077417284]}, "datetime": {"datetime": "2025-08-11 19:10:46", "elapsed": 9926.119925498962, "delta": 19.136799335479736}, "costs": {"total_cost": 193.63444316554157, "time_cost": 76.363, "final_distance_cost": 1.8455215810002146, "oscillation_cost": 26.537222012410176, "completition_cost": 0.0, "overshoot_cost": 51.44467792205166, "power_cost": 15.291863488769533, "noise_cost": 22.152158161309973, "n_waypoints_completed": 9, "tot_waypoints": 9}}
{"target": -187.5742650295319, "params": {"k_pid_pos": [0.9736496916619058, 0.11337361115460219, 0.035520144585107695], "k_pid_alt": [0.805902288983495, 0.004241594697297651, 0.02469182908004708], "k_pid_att": [22.594150551642745, 0.7580987644596338, 0.9955913149749366], "k_pid_yaw": [0.5, 1e-06, 0.1], "k_pid_hsp": [0.23107821622560698, 0.007244685619949347, 0.0], "k_pid_vsp": [54.8255456025949, 75.56085984611103, 6.242777756153639]}, "datetime": {"datetime": "2025-08-11 19:11:05", "elapsed": 9944.37616944313, "delta": 18.25624394416809}, "costs": {"total_cost": 187.5742650295319, "time_cost": 70.84, "final_distance_cost": 1.821165929132588, "oscillation_cost": 28.57758566748136, "completition_cost": 0.0, "overshoot_cost": 50.809951772962386, "power_cost": 14.631928784179689, "noise_cost": 20.89363287577588, "n_waypoints_completed": 9, "tot_waypoints": 9}}
{"target": -184.20740589010762, "params": {"k_pid_pos": [0.773562424233285, 0.0789106054391708, 0.04320465598919062], "k_pid_alt": [1.742156292868504, 0.005939301935664919, 0.07014148672532254], "k_pid_att": [18.250415549866087, 0.15752341827763658, 0.6981582186585543], "k_pid_yaw": [0.5, 1e-06, 0.1], "k_pid_hsp": [0.18407749798384485, 0.012644688324925104, 0.0], "k_pid_vsp": [62.65770281433604, 56.90450989271295, 3.852199114982033]}, "datetime": {"datetime": "2025-08-11 19:11:22", "elapsed": 9962.111525535583, "delta": 17.735356092453003}, "costs": {"total_cost": 184.20740589010762, "time_cost": 70.28, "final_distance_cost": 1.8316196913112333, "oscillation_cost": 25.723138731424495, "completition_cost": 0.0, "overshoot_cost": 51.03003458589789, "power_cost": 14.294287609863282, "noise_cost": 21.048325271610715, "n_waypoints_completed": 9, "tot_waypoints": 9}}
{"target": -209.70116499395976, "params": {"k_pid_pos": [0.9917338192757733, 0.06767802421192441, 0.049158579686565985], "k_pid_alt": [1.9478003612828954, 0.0043114883803805374, 0.04622915387229409], "k_pid_att": [12.59258159238892, 0.7242071460417753, 0.27350852842859424], "k_pid_yaw": [0.5, 1e-06, 0.1], "k_pid_hsp": [0.12725544510992226, 0.01861386671570852, 0.0], "k_pid_vsp": [0.0, 113.09899400367438, 5.334033185145337]}, "datetime": {"datetime": "2025-08-11 19:11:42", "elapsed": 9981.428406953812, "delta": 19.31688141822815}, "costs": {"total_cost": 209.70116499395976, "time_cost": 77.301, "final_distance_cost": 1.7504312765509735, "oscillation_cost": 40.247241803159184, "completition_cost": 0.0, "overshoot_cost": 52.08426101965966, "power_cost": 19.812766076660157, "noise_cost": 18.505464817929795, "n_waypoints_completed": 9, "tot_waypoints": 9}}
{"target": -187.32900998824783, "params": {"k_pid_pos": [0.9692500409829622, 0.03202810387027983, 0.04385775382721071], "k_pid_alt": [0.8390159129341912, 0.00522250953561192, 0.07290997323823074], "k_pid_att": [12.578494344148629, 1.5968122984959816, 0.3018234534608169], "k_pid_yaw": [0.5, 1e-06, 0.1], "k_pid_hsp": [0.22396638497621865, 0.01884863699408379, 0.0], "k_pid_vsp": [280.15684040475224, 65.50239546301735, 3.291968897073834]}, "datetime": {"datetime": "2025-08-11 19:11:59", "elapsed": 9998.597304821014, "delta": 17.16889786720276}, "costs": {"total_cost": 187.32900998824783, "time_cost": 70.434, "final_distance_cost": 1.8399250682593025, "oscillation_cost": 29.226431899679866, "completition_cost": 0.0, "overshoot_cost": 50.50189420851869, "power_cost": 14.507846618652344, "noise_cost": 20.81891219313764, "n_waypoints_completed": 9, "tot_waypoints": 9}}
{"target": -195.2209345094988, "params": {"k_pid_pos": [0.47136754906697015, 0.03616646989269651, 0.04190347484086058], "k_pid_alt": [1.3356136856151009, 0.010484240185005995, 0.05885113169535825], "k_pid_att": [4.79688538018127, 0.8735623574062865, 0.7357708722665185], "k_pid_yaw": [0.5, 1e-06, 0.1], "k_pid_hsp": [0.20694935805303302, 0.005375460130135161, 0.0], "k_pid_vsp": [301.0808898604545, 26.640840442299957, 8.169107510222242]}, "datetime": {"datetime": "2025-08-11 19:12:18", "elapsed": 10017.94518995285, "delta": 19.347885131835938}, "costs": {"total_cost": 195.2209345094988, "time_cost": 78.057, "final_distance_cost": 1.8510085593872967, "oscillation_cost": 23.013178726556227, "completition_cost": 0.0, "overshoot_cost": 52.554663525078745, "power_cost": 16.84382941894531, "noise_cost": 22.901254279531205, "n_waypoints_completed": 9, "tot_waypoints": 9}}
{"target": -1269.1572594414833, "params": {"k_pid_pos": [0.0001, 0.02202445005926931, 0.027728338142528623], "k_pid_alt": [1.3415706248420367, 0.002370790060698649, 0.06473153519229875], "k_pid_att": [21.475240107827148, 0.7326840404319802, 0.6328462752399361], "k_pid_yaw": [0.5, 1e-06, 0.1], "k_pid_hsp": [0.02899967792106099, 0.0261485554200388, 0.0], "k_pid_vsp": [20.36143861271927, 86.04905253375627, 5.631192104691373]}, "datetime": {"datetime": "2025-08-11 19:12:49", "elapsed": 10048.671632289886, "delta": 30.726442337036133}, "costs": {"total_cost": 1269.1572594414833, "time_cost": 150, "final_distance_cost": 46.94166731080795, "oscillation_cost": 0.2659974561518736, "completition_cost": 888.8888888888888, "overshoot_cost": 128.96141748549095, "power_cost": 21.039184179687503, "noise_cost": 33.06010412045639, "n_waypoints_completed": 1, "tot_waypoints": 9}}
{"target": -185.0325513968028, "params": {"k_pid_pos": [0.7769956575613515, 0.05475366017447623, 0.08088683009450535], "k_pid_alt": [2.0, 0.004702188075095072, 0.019854716705974697], "k_pid_att": [12.01482734060051, 0.9837750150488458, 0.7417453142048779], "k_pid_yaw": [0.5, 1e-06, 0.1], "k_pid_hsp": [0.28610518320776523, 0.013524904722187004, 0.0], "k_pid_vsp": [104.55633281321896, 72.37586727641582, 1e-06]}, "datetime": {"datetime": "2025-08-11 19:13:06", "elapsed": 10066.131291866302, "delta": 17.459659576416016}, "costs": {"total_cost": 185.0325513968028, "time_cost": 70.441, "final_distance_cost": 1.8361573573288776, "oscillation_cost": 26.21095016637315, "completition_cost": 0.0, "overshoot_cost": 50.84906598069044, "power_cost": 14.379846679687502, "noise_cost": 21.31553121272285, "n_waypoints_completed": 9, "tot_waypoints": 9}}
{"target": -184.2729246651827, "params": {"k_pid_pos": [0.670887676643883, 0.04649789875518961, 0.09135595223765425], "k_pid_alt": [1.389714777866777, 0.008071199745600928, 0.030516992876959425], "k_pid_att": [20.826381970503345, 1.3417621347356865, 0.25280814844924365], "k_pid_yaw": [0.5, 1e-06, 0.1], "k_pid_hsp": [0.12842344789027324, 0.009762701682164658, 0.0], "k_pid_vsp": [122.31185702211185, 44.80128363607108, 4.559214903638834]}, "datetime": {"datetime": "2025-08-11 19:13:24", "elapsed": 10083.904779672623, "delta": 17.77348780632019}, "costs": {"total_cost": 184.2729246651827, "time_cost": 71.246, "final_distance_cost": 1.8206220523225878, "oscillation_cost": 24.41048860866665, "completition_cost": 0.0, "overshoot_cost": 51.09110466741081, "power_cost": 14.148390405273439, "noise_cost": 21.55631893150924, "n_waypoints_completed": 9, "tot_waypoints": 9}}
