{"target": -182.48562143392374, "params": {"k_pid_pos": [0.4849009545283194, 0.005253329594861554, 0.0006085074080143186], "k_pid_alt": [1.8266526456765044, 0.0050691283264171815, 0.009649843293556603], "k_pid_att": [41.31183530158091, 0.34162987412359214, 0.7422786210172135], "k_pid_yaw": [0.5, 1e-06, 0.1], "k_pid_hsp": [0.10095876574511008, 0.008523846214476216, 0.0], "k_pid_vsp": [133.22401629048147, 134.47840899103127, 7.191131883501408]}, "datetime": {"datetime": "2025-08-12 05:03:46", "elapsed": 45505.730422496796, "delta": 19.720966339111328}, "costs": {"total_cost": 182.48562143392374, "time_cost": 72.807, "final_distance_cost": 1.8361574520806272, "oscillation_cost": 20.14505100043677, "completition_cost": 0.0, "overshoot_cost": 51.350058024007794, "power_cost": 14.26783768310547, "noise_cost": 22.079517274293064, "n_waypoints_completed": 9, "tot_waypoints": 9}}
{"target": -181.57305785638522, "params": {"k_pid_pos": [0.5531270027574341, 0.005807103199689631, 0.0006829817422900722], "k_pid_alt": [1.5493920826328982, 0.004664342106812756, 0.010315276651867739], "k_pid_att": [45.82944897089856, 0.3290295155421738, 0.7907835236800054], "k_pid_yaw": [0.5, 1e-06, 0.1], "k_pid_hsp": [0.09745844905508357, 0.010523693122728378, 0.0], "k_pid_vsp": [114.29359008369966, 140.39240929149528, 6.762331766682416]}, "datetime": {"datetime": "2025-08-12 05:04:03", "elapsed": 45523.30867147446, "delta": 17.578248977661133}, "costs": {"total_cost": 181.57305785638522, "time_cost": 71.596, "final_distance_cost": 1.8333174241507222, "oscillation_cost": 21.540744672343987, "completition_cost": 0.0, "overshoot_cost": 50.950429685085155, "power_cost": 14.209008447265626, "noise_cost": 21.443557627539718, "n_waypoints_completed": 9, "tot_waypoints": 9}}
{"target": -181.55957113360157, "params": {"k_pid_pos": [0.5314007782014601, 0.004918959994406636, 0.000540644438122839], "k_pid_alt": [1.265931318305172, 0.004837790685478017, 0.011112737236926871], "k_pid_att": [37.67389356625865, 0.28501058302653587, 0.8593219365444161], "k_pid_yaw": [0.5, 1e-06, 0.1], "k_pid_hsp": [0.09067620496587726, 0.009089841949909213, 0.0], "k_pid_vsp": [121.83559452795386, 113.769540599148, 6.731477968235929]}, "datetime": {"datetime": "2025-08-12 05:04:22", "elapsed": 45542.34529089928, "delta": 19.036619424819946}, "costs": {"total_cost": 181.55957113360157, "time_cost": 72.205, "final_distance_cost": 1.826650855388557, "oscillation_cost": 20.59402016167464, "completition_cost": 0.0, "overshoot_cost": 51.28491748968379, "power_cost": 14.115175903320313, "noise_cost": 21.533806723534273, "n_waypoints_completed": 9, "tot_waypoints": 9}}
{"target": -181.99016388105858, "params": {"k_pid_pos": [0.5444548965075443, 0.004910812504026326, 0.0006924959770813237], "k_pid_alt": [1.4241843542561357, 0.00531832980935931, 0.013478297370464997], "k_pid_att": [41.73574001569381, 0.30974086422765895, 0.7904797275079236], "k_pid_yaw": [0.5, 1e-06, 0.1], "k_pid_hsp": [0.08373167986444487, 0.008711668931267206, 0.0], "k_pid_vsp": [141.2846186696971, 143.7329068505869, 6.797498722208573]}, "datetime": {"datetime": "2025-08-12 05:04:40", "elapsed": 45559.505115270615, "delta": 17.15982437133789}, "costs": {"total_cost": 181.99016388105858, "time_cost": 72.415, "final_distance_cost": 1.8287917104463225, "oscillation_cost": 20.271455052715677, "completition_cost": 0.0, "overshoot_cost": 51.755579013876186, "power_cost": 14.20579793701172, "noise_cost": 21.51354016700867, "n_waypoints_completed": 9, "tot_waypoints": 9}}
{"target": -181.37647292251467, "params": {"k_pid_pos": [0.5752011700852732, 0.005673159085859866, 0.0005478415832806065], "k_pid_alt": [1.5681046020156721, 0.005782457568299467, 0.011419071544418123], "k_pid_att": [38.15354013342525, 0.3118823344258085, 0.8169176865755675], "k_pid_yaw": [0.5, 1e-06, 0.1], "k_pid_hsp": [0.09286115968361848, 0.00946975738439138, 0.0], "k_pid_vsp": [124.15309264295045, 148.96453101243188, 7.218954088477578]}, "datetime": {"datetime": "2025-08-12 05:04:58", "elapsed": 45577.99462223053, "delta": 18.48950695991516}, "costs": {"total_cost": 181.37647292251467, "time_cost": 71.561, "final_distance_cost": 1.8374377940571318, "oscillation_cost": 21.52292223472948, "completition_cost": 0.0, "overshoot_cost": 51.14948382448368, "power_cost": 14.11266815185547, "noise_cost": 21.1929609173889, "n_waypoints_completed": 9, "tot_waypoints": 9}}
{"target": -181.2077997505366, "params": {"k_pid_pos": [0.5846357128719789, 0.005962450287938283, 0.0005116311205954847], "k_pid_alt": [1.5307257678178658, 0.004980057955116839, 0.01113826846641531], "k_pid_att": [39.243064263354164, 0.31013749769554555, 0.8468162730980011], "k_pid_yaw": [0.5, 1e-06, 0.1], "k_pid_hsp": [0.09839868247335733, 0.010028747681614464, 0.0], "k_pid_vsp": [134.85258721060407, 127.88970543585883, 7.270921622375222]}, "datetime": {"datetime": "2025-08-12 05:05:17", "elapsed": 45597.0866830349, "delta": 19.092060804367065}, "costs": {"total_cost": 181.2077997505366, "time_cost": 71.274, "final_distance_cost": 1.8254177762024504, "oscillation_cost": 21.930681957212585, "completition_cost": 0.0, "overshoot_cost": 50.74250958727625, "power_cost": 14.169692553710938, "noise_cost": 21.265497876134365, "n_waypoints_completed": 9, "tot_waypoints": 9}}
{"target": -182.9185079875725, "params": {"k_pid_pos": [0.6659045344011403, 0.0062130915599307515, 0.0005910759028642793], "k_pid_alt": [1.449454730256396, 0.005407339858665293, 0.010051086881874284], "k_pid_att": [44.56153360831946, 0.2970026317480593, 0.9191300739103488], "k_pid_yaw": [0.5, 1e-06, 0.1], "k_pid_hsp": [0.08786623801302786, 0.009311049196579676, 0.0], "k_pid_vsp": [119.52823363548032, 124.38533702427533, 7.547936156508444]}, "datetime": {"datetime": "2025-08-12 05:05:39", "elapsed": 45619.18838596344, "delta": 22.10170292854309}, "costs": {"total_cost": 182.9185079875725, "time_cost": 71.743, "final_distance_cost": 1.8264253299203623, "oscillation_cost": 22.77308301484127, "completition_cost": 0.0, "overshoot_cost": 51.20299262732343, "power_cost": 14.287322985839845, "noise_cost": 21.085684029647602, "n_waypoints_completed": 9, "tot_waypoints": 9}}
{"target": -181.65276021564466, "params": {"k_pid_pos": [0.5649724581175499, 0.006176432084702755, 0.0005492082972145359], "k_pid_alt": [1.5262119485883963, 0.004789358414468947, 0.011785395647149274], "k_pid_att": [44.947050777965735, 0.2629612251573778, 0.7712995869244392], "k_pid_yaw": [0.5, 1e-06, 0.1], "k_pid_hsp": [0.09982682162579233, 0.008782359883112234, 0.0], "k_pid_vsp": [150.99999260517686, 120.68478202839272, 6.641932437334842]}, "datetime": {"datetime": "2025-08-12 05:05:58", "elapsed": 45637.689393520355, "delta": 18.501007556915283}, "costs": {"total_cost": 181.65276021564466, "time_cost": 71.491, "final_distance_cost": 1.828670192599998, "oscillation_cost": 21.673760489189007, "completition_cost": 0.0, "overshoot_cost": 51.18881313262931, "power_cost": 14.076742517089844, "noise_cost": 21.39377388413649, "n_waypoints_completed": 9, "tot_waypoints": 9}}
{"target": -181.9271833344806, "params": {"k_pid_pos": [0.5537858294288268, 0.006323584611765566, 0.0005245968147693661], "k_pid_alt": [1.6997954661984709, 0.005782444433356744, 0.010849908108764364], "k_pid_att": [43.4195391486323, 0.27747606842385414, 0.9002957972775919], "k_pid_yaw": [0.5, 1e-06, 0.1], "k_pid_hsp": [0.08470108410481496, 0.009100910373672466, 0.0], "k_pid_vsp": [143.0182749898323, 138.0972338418384, 7.2722612274130585]}, "datetime": {"datetime": "2025-08-12 05:06:17", "elapsed": 45656.87600135803, "delta": 19.186607837677002}, "costs": {"total_cost": 181.9271833344806, "time_cost": 72.415, "final_distance_cost": 1.8069028187004212, "oscillation_cost": 20.679578870865694, "completition_cost": 0.0, "overshoot_cost": 51.31528646308779, "power_cost": 14.209328381347657, "noise_cost": 21.501086800479005, "n_waypoints_completed": 9, "tot_waypoints": 9}}
{"target": -182.2935110044682, "params": {"k_pid_pos": [0.5801508168716499, 0.005727908999506068, 0.0005763239402145794], "k_pid_alt": [1.5188309397853648, 0.004876834307377678, 0.008248775111085451], "k_pid_att": [41.48093767243409, 0.29666976372200166, 0.9409997582498836], "k_pid_yaw": [0.5, 1e-06, 0.1], "k_pid_hsp": [0.08372940953609721, 0.009518219521437494, 0.0], "k_pid_vsp": [119.09139657572952, 153.90543209332145, 7.0329680865255275]}, "datetime": {"datetime": "2025-08-12 05:06:35", "elapsed": 45675.238678216934, "delta": 18.362676858901978}, "costs": {"total_cost": 182.2935110044682, "time_cost": 72.408, "final_distance_cost": 1.808825084131713, "oscillation_cost": 21.118775984731744, "completition_cost": 0.0, "overshoot_cost": 51.325669301081135, "power_cost": 14.23257431640625, "noise_cost": 21.399666318117365, "n_waypoints_completed": 9, "tot_waypoints": 9}}
{"target": -181.39274060085154, "params": {"k_pid_pos": [0.5886678793720267, 0.0059269662506112415, 0.0005370984538589134], "k_pid_alt": [1.4022791763944362, 0.004809364980523909, 0.012354453160623417], "k_pid_att": [37.885762646434195, 0.26363657326204437, 0.8359995252799072], "k_pid_yaw": [0.5, 1e-06, 0.1], "k_pid_hsp": [0.08859259103752626, 0.008906033233863278, 0.0], "k_pid_vsp": [105.4420634324005, 145.52145331433164, 6.899764173780262]}, "datetime": {"datetime": "2025-08-12 05:06:53", "elapsed": 45692.75445103645, "delta": 17.515772819519043}, "costs": {"total_cost": 181.39274060085154, "time_cost": 71.708, "final_distance_cost": 1.8157816653950503, "oscillation_cost": 21.416069742913677, "completition_cost": 0.0, "overshoot_cost": 51.047926562684445, "power_cost": 14.173055834960937, "noise_cost": 21.231906794897426, "n_waypoints_completed": 9, "tot_waypoints": 9}}
{"target": -181.0882203365878, "params": {"k_pid_pos": [0.5770309798921934, 0.004925468457014401, 0.0005010670130409393], "k_pid_alt": [1.5246978798671602, 0.003404131689307876, 0.010255156861496119], "k_pid_att": [34.542771569337454, 0.3383479396689542, 0.8088592295679152], "k_pid_yaw": [0.5, 1e-06, 0.1], "k_pid_hsp": [0.09289423010872506, 0.008145569304549075, 0.0], "k_pid_vsp": [119.53577173158628, 132.09833302765622, 7.141898384859442]}, "datetime": {"datetime": "2025-08-12 05:07:13", "elapsed": 45712.968371629715, "delta": 20.21392059326172}, "costs": {"total_cost": 181.0882203365878, "time_cost": 71.533, "final_distance_cost": 1.8248386866996633, "oscillation_cost": 21.27302459927223, "completition_cost": 0.0, "overshoot_cost": 51.121778960857164, "power_cost": 14.099976782226562, "noise_cost": 21.235601307532164, "n_waypoints_completed": 9, "tot_waypoints": 9}}
{"target": -181.54181237238757, "params": {"k_pid_pos": [0.5723530549973391, 0.005448225282964072, 0.00046955698293923797], "k_pid_alt": [1.3734232635288104, 0.004880084134749809, 0.010437560354719405], "k_pid_att": [37.289684996087, 0.3038248261858219, 0.9191204399619225], "k_pid_yaw": [0.5, 1e-06, 0.1], "k_pid_hsp": [0.08641323822130557, 0.009461027560528005, 0.0], "k_pid_vsp": [125.19523747891564, 133.2547287223445, 7.736046308232318]}, "datetime": {"datetime": "2025-08-12 05:07:31", "elapsed": 45730.50389122963, "delta": 17.53551959991455}, "costs": {"total_cost": 181.54181237238757, "time_cost": 72.023, "final_distance_cost": 1.8182531660643675, "oscillation_cost": 20.96703758395468, "completition_cost": 0.0, "overshoot_cost": 51.259046148231626, "power_cost": 14.15882147216797, "noise_cost": 21.315654001968937, "n_waypoints_completed": 9, "tot_waypoints": 9}}
{"target": -180.98448454756473, "params": {"k_pid_pos": [0.5960054848093362, 0.0060087882737286545, 0.0006470651009129179], "k_pid_alt": [1.2946875407622973, 0.006520479556285545, 0.014485923945343449], "k_pid_att": [46.64314565291738, 0.25059085624053423, 0.835804057412188], "k_pid_yaw": [0.5, 1e-06, 0.1], "k_pid_hsp": [0.0923094222592221, 0.008584051824953818, 0.0], "k_pid_vsp": [138.49563011084524, 151.20532655741354, 6.46216858537939]}, "datetime": {"datetime": "2025-08-12 05:07:50", "elapsed": 45749.5530064106, "delta": 19.04911518096924}, "costs": {"total_cost": 180.98448454756473, "time_cost": 71.477, "final_distance_cost": 1.8138837483881614, "oscillation_cost": 21.610581638148155, "completition_cost": 0.0, "overshoot_cost": 50.71495080519987, "power_cost": 14.128144201660158, "noise_cost": 21.239924154168385, "n_waypoints_completed": 9, "tot_waypoints": 9}}
{"target": -181.3767179544621, "params": {"k_pid_pos": [0.5299372803832169, 0.00514292076791328, 0.00043768421742226767], "k_pid_alt": [1.4744167194735773, 0.004545435932564645, 0.010969092435017777], "k_pid_att": [52.07745368541766, 0.2872936376087793, 0.8116016694219327], "k_pid_yaw": [0.5, 1e-06, 0.1], "k_pid_hsp": [0.09624556692674169, 0.009496690225652775, 0.0], "k_pid_vsp": [137.69832679302098, 137.63857421157624, 6.884409373041067]}, "datetime": {"datetime": "2025-08-12 05:08:09", "elapsed": 45768.414538383484, "delta": 18.861531972885132}, "costs": {"total_cost": 181.3767179544621, "time_cost": 71.967, "final_distance_cost": 1.824049924495992, "oscillation_cost": 20.94097639049171, "completition_cost": 0.0, "overshoot_cost": 50.91093676342965, "power_cost": 14.128123608398438, "noise_cost": 21.605631267646302, "n_waypoints_completed": 9, "tot_waypoints": 9}}
{"target": -182.0041671108875, "params": {"k_pid_pos": [0.4907782129462664, 0.0060413216561643985, 0.0005671978935846777], "k_pid_alt": [1.3019688997088255, 0.004674051052821829, 0.011566802202103441], "k_pid_att": [47.115994881032634, 0.30076473387355684, 0.8245402695824832], "k_pid_yaw": [0.5, 1e-06, 0.1], "k_pid_hsp": [0.10005525734435834, 0.008126419129582606, 0.0], "k_pid_vsp": [109.47631988079252, 154.70306224432093, 6.144881758153318]}, "datetime": {"datetime": "2025-08-12 05:08:28", "elapsed": 45787.524502277374, "delta": 19.10996389389038}, "costs": {"total_cost": 182.0041671108875, "time_cost": 72.758, "final_distance_cost": 1.8465610354759108, "oscillation_cost": 20.110547375920202, "completition_cost": 0.0, "overshoot_cost": 51.183662685030505, "power_cost": 14.251253747558595, "noise_cost": 21.85414226690227, "n_waypoints_completed": 9, "tot_waypoints": 9}}
{"target": -181.71960006022343, "params": {"k_pid_pos": [0.6744736625237028, 0.005492156137042805, 0.000412673589092882], "k_pid_alt": [1.6446820292135678, 0.004473221232544296, 0.010466149250371601], "k_pid_att": [32.352439039805766, 0.3200876630000922, 0.8972765884755264], "k_pid_yaw": [0.5, 1e-06, 0.1], "k_pid_hsp": [0.11573888760116835, 0.011160349575834087, 0.0], "k_pid_vsp": [132.95378929831392, 114.11643752861069, 6.470916036031556]}, "datetime": {"datetime": "2025-08-12 05:08:45", "elapsed": 45805.27373790741, "delta": 17.7492356300354}, "costs": {"total_cost": 181.71960006022343, "time_cost": 70.287, "final_distance_cost": 1.8201523747257424, "oscillation_cost": 23.85338546049808, "completition_cost": 0.0, "overshoot_cost": 50.865240776124104, "power_cost": 14.069430554199219, "noise_cost": 20.824390894676302, "n_waypoints_completed": 9, "tot_waypoints": 9}}
{"target": -182.34309220736606, "params": {"k_pid_pos": [0.5725038111503674, 0.0059713746085762855, 0.0004927179408607163], "k_pid_alt": [1.3177307441605162, 0.004230896647978144, 0.010443322023535566], "k_pid_att": [40.94228586635393, 0.31276889497933363, 0.8722980450617476], "k_pid_yaw": [0.5, 1e-06, 0.1], "k_pid_hsp": [0.08452183567613347, 0.00895675342676838, 0.0], "k_pid_vsp": [142.07716321118127, 121.85374817943155, 6.825486029995134]}, "datetime": {"datetime": "2025-08-12 05:09:05", "elapsed": 45824.828407764435, "delta": 19.554669857025146}, "costs": {"total_cost": 182.34309220736606, "time_cost": 72.296, "final_distance_cost": 1.8125196514403654, "oscillation_cost": 20.82599115135747, "completition_cost": 0.0, "overshoot_cost": 51.67431516743055, "power_cost": 14.221900158691406, "noise_cost": 21.51236607844626, "n_waypoints_completed": 9, "tot_waypoints": 9}}
{"target": -182.2887751870128, "params": {"k_pid_pos": [0.5616879967564287, 0.00561901361994224, 0.0005447085873929581], "k_pid_alt": [1.4462695799219685, 0.004707201585345484, 0.010330703499731884], "k_pid_att": [38.628547592224784, 0.31606931352764467, 0.784457940274161], "k_pid_yaw": [0.5, 1e-06, 0.1], "k_pid_hsp": [0.08378445524208479, 0.008899508636699255, 0.0], "k_pid_vsp": [173.86153518408648, 136.85375772924363, 6.475352424977409]}, "datetime": {"datetime": "2025-08-12 05:09:24", "elapsed": 45843.4917845726, "delta": 18.663376808166504}, "costs": {"total_cost": 182.2887751870128, "time_cost": 72.38, "final_distance_cost": 1.8246097627767353, "oscillation_cost": 20.672286728881097, "completition_cost": 0.0, "overshoot_cost": 51.71883765713126, "power_cost": 14.181951867675782, "noise_cost": 21.511089170547933, "n_waypoints_completed": 9, "tot_waypoints": 9}}
{"target": -182.3260926260204, "params": {"k_pid_pos": [0.6034143406588951, 0.006821576007298473, 0.0005636173022951265], "k_pid_alt": [1.351399024176648, 0.005331687239330592, 0.008485224630024673], "k_pid_att": [43.813092919346765, 0.2618654358384624, 0.855951700215002], "k_pid_yaw": [0.5, 1e-06, 0.1], "k_pid_hsp": [0.08955345753107975, 0.009935444419414912, 0.0], "k_pid_vsp": [129.6224224491153, 150.81818124044045, 6.474192044257279]}, "datetime": {"datetime": "2025-08-12 05:09:41", "elapsed": 45861.3393509388, "delta": 17.84756636619568}, "costs": {"total_cost": 182.3260926260204, "time_cost": 71.631, "final_distance_cost": 1.8038176454460932, "oscillation_cost": 21.949989365560445, "completition_cost": 0.0, "overshoot_cost": 51.458746531365364, "power_cost": 14.226498547363281, "noise_cost": 21.256040536285198, "n_waypoints_completed": 9, "tot_waypoints": 9}}
{"target": -182.10704585762295, "params": {"k_pid_pos": [0.5389752777537468, 0.004868701334443874, 0.0004001145385446562], "k_pid_alt": [1.3588471739994583, 0.005001222377265646, 0.009934384898155837], "k_pid_att": [40.841268869558824, 0.2808614974997273, 0.8224242084335992], "k_pid_yaw": [0.5, 1e-06, 0.1], "k_pid_hsp": [0.1084020373280415, 0.008073027172537918, 0.0], "k_pid_vsp": [106.02593115778213, 133.21066386764738, 7.2887067853533205]}, "datetime": {"datetime": "2025-08-12 05:10:01", "elapsed": 45880.619199991226, "delta": 19.2798490524292}, "costs": {"total_cost": 182.10704585762295, "time_cost": 71.827, "final_distance_cost": 1.8332804215850103, "oscillation_cost": 21.535201857296038, "completition_cost": 0.0, "overshoot_cost": 51.12862307227937, "power_cost": 14.236145971679688, "noise_cost": 21.546794534782826, "n_waypoints_completed": 9, "tot_waypoints": 9}}
{"target": -181.71990890962945, "params": {"k_pid_pos": [0.6412172753814828, 0.005817111420984054, 0.0005042887967546815], "k_pid_alt": [1.4923706360176532, 0.0053019080982299556, 0.011057532813017712], "k_pid_att": [46.259907315873456, 0.24417206581872156, 0.7631730813112648], "k_pid_yaw": [0.5, 1e-06, 0.1], "k_pid_hsp": [0.09505696585607944, 0.008778907563963713, 0.0], "k_pid_vsp": [140.6052233353247, 153.2193369726498, 7.0060478430601165]}, "datetime": {"datetime": "2025-08-12 05:10:18", "elapsed": 45898.21057319641, "delta": 17.591373205184937}, "costs": {"total_cost": 181.71990890962945, "time_cost": 71.008, "final_distance_cost": 1.8310388344173187, "oscillation_cost": 22.791812637694207, "completition_cost": 0.0, "overshoot_cost": 50.96496372906617, "power_cost": 14.137411193847656, "noise_cost": 20.986682514604112, "n_waypoints_completed": 9, "tot_waypoints": 9}}
