{"target": -230.3712956261985, "params": {"k_pid_pos": [0.8773340924105613, 0.006494243390340667, 0.0009117892833230672], "k_pid_alt": [1.0266121011707465, 0.0010732619692895744, 0.027205393248639787], "k_pid_att": [36.510636464397855, 0.18693667638877595, 1.0], "k_pid_yaw": [0.5, 1e-06, 0.1], "k_pid_hsp": [0.046340656121608065, 0.010711071978762615, 0.0], "k_pid_vsp": [60.57887481197256, 102.35321431207751, 4.287111172395193]}, "datetime": {"datetime": "2025-08-11 21:26:33", "elapsed": 18072.73107624054, "delta": 25.467177629470825}, "costs": {"total_cost": 230.3712956261985, "time_cost": 100.667, "final_distance_cost": 1.7999978186702692, "oscillation_cost": 25.79939378085672, "completition_cost": 0.0, "overshoot_cost": 54.10312171275544, "power_cost": 19.2315064453125, "noise_cost": 28.770275868603576, "n_waypoints_completed": 9, "tot_waypoints": 9}}
{"target": -184.6588683162529, "params": {"k_pid_pos": [0.7745726228291732, 0.017445165510377114, 0.0010574646069403532], "k_pid_alt": [1.5801486560116569, 0.007978092033837153, 0.036144546934814475], "k_pid_att": [37.6802331678985, 0.4365396037210339, 1.0], "k_pid_yaw": [0.5, 1e-06, 0.1], "k_pid_hsp": [0.09892331370100617, 0.014345530963168956, 0.0], "k_pid_vsp": [72.84809604379068, 118.71191518800445, 3.6050048279369435]}, "datetime": {"datetime": "2025-08-11 21:26:51", "elapsed": 18090.63762998581, "delta": 17.906553745269775}, "costs": {"total_cost": 184.6588683162529, "time_cost": 71.078, "final_distance_cost": 1.8284884151747085, "oscillation_cost": 25.920430753959504, "completition_cost": 0.0, "overshoot_cost": 50.55704705094553, "power_cost": 14.411184790039064, "noise_cost": 20.86371730613409, "n_waypoints_completed": 9, "tot_waypoints": 9}}
{"target": -187.0045914011398, "params": {"k_pid_pos": [0.4055781880827389, 0.008734902024245768, 0.0010510724701103074], "k_pid_alt": [1.964275994577404, 0.0053170169872754, 0.03087360280183635], "k_pid_att": [47.82764788827308, 0.19988253696848726, 0.9868555394723871], "k_pid_yaw": [0.5, 1e-06, 0.1], "k_pid_hsp": [0.09656098762852237, 0.012574726355960653, 0.0], "k_pid_vsp": [39.25640913917196, 155.44976326236517, 8.244187701826782]}, "datetime": {"datetime": "2025-08-11 21:27:09", "elapsed": 18109.134738445282, "delta": 18.497108459472656}, "costs": {"total_cost": 187.0045914011398, "time_cost": 75.803, "final_distance_cost": 1.8553116855354101, "oscillation_cost": 19.49475301811677, "completition_cost": 0.0, "overshoot_cost": 51.47253658635293, "power_cost": 14.95986220703125, "noise_cost": 23.419127904103444, "n_waypoints_completed": 9, "tot_waypoints": 9}}
{"target": -191.40397443435697, "params": {"k_pid_pos": [0.41598511031315827, 0.00928112843346388, 0.0008434614423483538], "k_pid_alt": [1.9775508013784504, 0.006086450631415154, 0.022227770877703733], "k_pid_att": [38.450261444266715, 0.14431757454187086, 1.0], "k_pid_yaw": [0.5, 1e-06, 0.1], "k_pid_hsp": [0.1410595840606967, 0.011209215196513312, 0.0], "k_pid_vsp": [43.29578784088266, 66.65753894100685, 7.449245509415165]}, "datetime": {"datetime": "2025-08-11 21:27:29", "elapsed": 18128.958044052124, "delta": 19.82330560684204}, "costs": {"total_cost": 191.40397443435697, "time_cost": 77.252, "final_distance_cost": 1.8575450619698823, "oscillation_cost": 21.225865414203117, "completition_cost": 0.0, "overshoot_cost": 51.67627290484103, "power_cost": 15.098522412109375, "noise_cost": 24.293768641233573, "n_waypoints_completed": 9, "tot_waypoints": 9}}
{"target": -187.35583335665135, "params": {"k_pid_pos": [0.8441333958816125, 0.007717823823495837, 0.0], "k_pid_alt": [0.8716099269230284, 0.006468568743593854, 0.03450655583441493], "k_pid_att": [23.378257213277333, 0.28267588531345744, 0.45426637164457856], "k_pid_yaw": [0.5, 1e-06, 0.1], "k_pid_hsp": [0.10028493565734775, 0.015181327263770321, 0.0], "k_pid_vsp": [194.14319923616895, 85.95050736426226, 2.7589134173027]}, "datetime": {"datetime": "2025-08-11 21:27:47", "elapsed": 18147.05720639229, "delta": 18.099162340164185}, "costs": {"total_cost": 187.35583335665135, "time_cost": 72.107, "final_distance_cost": 1.8102051248305642, "oscillation_cost": 26.909993943742613, "completition_cost": 0.0, "overshoot_cost": 50.822360615964136, "power_cost": 14.56984666748047, "noise_cost": 21.13642700463356, "n_waypoints_completed": 9, "tot_waypoints": 9}}
{"target": -183.9524887368821, "params": {"k_pid_pos": [0.4809807864755447, 0.007010963238730249, 0.0005528638140951081], "k_pid_alt": [2.0, 0.004499492796877688, 0.0256425252402951], "k_pid_att": [43.67743978698817, 0.3965489495925216, 0.687871820502889], "k_pid_yaw": [0.5, 1e-06, 0.1], "k_pid_hsp": [0.10770553638516488, 0.004572312293905363, 0.0], "k_pid_vsp": [95.80128074099885, 76.89649741929541, 9.777334495820151]}, "datetime": {"datetime": "2025-08-11 21:28:05", "elapsed": 18165.32905769348, "delta": 18.271851301193237}, "costs": {"total_cost": 183.9524887368821, "time_cost": 73.262, "final_distance_cost": 1.8440326742940496, "oscillation_cost": 19.76189840421705, "completition_cost": 0.0, "overshoot_cost": 51.95778697988076, "power_cost": 17.91803026123047, "noise_cost": 19.208740417259744, "n_waypoints_completed": 9, "tot_waypoints": 9}}
{"target": -189.86759094790597, "params": {"k_pid_pos": [0.5013910483762758, 0.008522890038588348, 0.00031447275944867067], "k_pid_alt": [0.8420136295461967, 0.0048394920696129716, 0.022279799618645735], "k_pid_att": [39.87106574340077, 0.23483299790377318, 1.0], "k_pid_yaw": [0.5, 1e-06, 0.1], "k_pid_hsp": [0.05317647993938176, 0.011158741332999433, 0.0], "k_pid_vsp": [66.46419341212668, 111.68408499661746, 7.595773205969304]}, "datetime": {"datetime": "2025-08-11 21:28:26", "elapsed": 18185.44238090515, "delta": 20.113323211669922}, "costs": {"total_cost": 189.86759094790597, "time_cost": 78.988, "final_distance_cost": 1.817170774974433, "oscillation_cost": 17.8278197412412, "completition_cost": 0.0, "overshoot_cost": 53.040608423705045, "power_cost": 15.068079394531251, "noise_cost": 23.12591261345403, "n_waypoints_completed": 9, "tot_waypoints": 9}}
{"target": -186.8101209227095, "params": {"k_pid_pos": [0.5309801505226125, 0.005775174599693748, 0.0005239174177720067], "k_pid_alt": [0.7889473495261564, 0.0036400969635282964, 0.03305924749533661], "k_pid_att": [77.82992535308358, 0.27838261922035684, 1.0], "k_pid_yaw": [0.5, 1e-06, 0.1], "k_pid_hsp": [0.06974695581259771, 0.013207168268340517, 0.0], "k_pid_vsp": [102.26863869175683, 128.2473081893579, 6.453755232068414]}, "datetime": {"datetime": "2025-08-11 21:28:44", "elapsed": 18204.268530607224, "delta": 18.826149702072144}, "costs": {"total_cost": 186.8101209227095, "time_cost": 76.209, "final_distance_cost": 1.8192413288006646, "oscillation_cost": 20.514902877017754, "completition_cost": 0.0, "overshoot_cost": 51.46592651731788, "power_cost": 14.76212587890625, "noise_cost": 22.038924320666958, "n_waypoints_completed": 9, "tot_waypoints": 9}}
{"target": -190.77993663908518, "params": {"k_pid_pos": [0.40965844371686844, 0.008507091879773058, 0.0006449926186146573], "k_pid_alt": [1.4203820776112686, 0.006715951835084337, 0.020927002956946664], "k_pid_att": [44.26467227392349, 0.4061179317135187, 0.9697443828316726], "k_pid_yaw": [0.5, 1e-06, 0.1], "k_pid_hsp": [0.10052631663159434, 0.013393810865293503, 0.0], "k_pid_vsp": [116.1954924999174, 1e-06, 4.718665209466359]}, "datetime": {"datetime": "2025-08-11 21:29:04", "elapsed": 18223.498605251312, "delta": 19.230074644088745}, "costs": {"total_cost": 190.77993663908518, "time_cost": 77.518, "final_distance_cost": 1.8601217202739513, "oscillation_cost": 19.382875533621508, "completition_cost": 0.0, "overshoot_cost": 52.633728345827095, "power_cost": 14.902208569335938, "noise_cost": 24.4830024700267, "n_waypoints_completed": 9, "tot_waypoints": 9}}
{"target": -183.70850601317477, "params": {"k_pid_pos": [0.5141124133157707, 0.011737301525001813, 0.0008292740269323211], "k_pid_alt": [1.3538780931689505, 0.004414824283195636, 0.021796850432378143], "k_pid_att": [15.3104846591318, 0.27298001642853253, 0.9589165157387319], "k_pid_yaw": [0.5, 1e-06, 0.1], "k_pid_hsp": [0.12100909660140448, 0.008283563672066398, 0.0], "k_pid_vsp": [48.64684006393304, 116.76608617840368, 6.821224941461513]}, "datetime": {"datetime": "2025-08-11 21:29:22", "elapsed": 18241.933099508286, "delta": 18.434494256973267}, "costs": {"total_cost": 183.70850601317477, "time_cost": 72.548, "final_distance_cost": 1.837093338671883, "oscillation_cost": 21.79503862765618, "completition_cost": 0.0, "overshoot_cost": 51.34888362443188, "power_cost": 14.340285900878907, "noise_cost": 21.839204521535926, "n_waypoints_completed": 9, "tot_waypoints": 9}}
{"target": -186.99691951147864, "params": {"k_pid_pos": [0.42517826573795164, 0.008489701824544537, 0.0009319243219833758], "k_pid_alt": [1.0451055917068446, 0.006755083183998028, 0.029863347903144852], "k_pid_att": [56.561426052827336, 0.34114250317318656, 1.0], "k_pid_yaw": [0.5, 1e-06, 0.1], "k_pid_hsp": [0.10996862291326182, 0.011229427966398586, 0.0], "k_pid_vsp": [32.65214224438245, 59.15559944989152, 7.685271939861162]}, "datetime": {"datetime": "2025-08-11 21:29:41", "elapsed": 18260.427434921265, "delta": 18.494335412979126}, "costs": {"total_cost": 186.99691951147864, "time_cost": 75.663, "final_distance_cost": 1.8503229606857907, "oscillation_cost": 20.050810557525548, "completition_cost": 0.0, "overshoot_cost": 51.53413641144474, "power_cost": 14.57156201171875, "noise_cost": 23.32708757010381, "n_waypoints_completed": 9, "tot_waypoints": 9}}
{"target": -210.46457003173992, "params": {"k_pid_pos": [0.348006163650101, 0.003761153178907548, 0.000746080560976011], "k_pid_alt": [1.8246692145586885, 0.004483438408347532, 0.023663837413251176], "k_pid_att": [44.87100560166985, 0.3843196614172128, 1.0], "k_pid_yaw": [0.5, 1e-06, 0.1], "k_pid_hsp": [0.10303098471983307, 0.014488208610793904, 0.0], "k_pid_vsp": [80.34922493266427, 129.54623510036015, 2.395947449182456]}, "datetime": {"datetime": "2025-08-11 21:30:04", "elapsed": 18283.86294579506, "delta": 23.435510873794556}, "costs": {"total_cost": 210.46457003173992, "time_cost": 90.02, "final_distance_cost": 1.8635511551792865, "oscillation_cost": 18.601398425912087, "completition_cost": 0.0, "overshoot_cost": 52.152417692699984, "power_cost": 17.217728356933595, "noise_cost": 30.609474401014964, "n_waypoints_completed": 9, "tot_waypoints": 9}}
{"target": -183.30690167669815, "params": {"k_pid_pos": [0.4333271984136255, 0.00834656975112614, 0.0010565070462919548], "k_pid_alt": [1.369472837523564, 0.002516355766090179, 0.0377660365669947], "k_pid_att": [24.791401092413732, 0.4341786226275053, 1.0], "k_pid_yaw": [0.5, 1e-06, 0.1], "k_pid_hsp": [0.08312508974794029, 0.009807483997801002, 0.0], "k_pid_vsp": [106.00140484662046, 159.788758580215, 4.03559180578336]}, "datetime": {"datetime": "2025-08-11 21:30:23", "elapsed": 18302.425562620163, "delta": 18.56261682510376}, "costs": {"total_cost": 183.30690167669815, "time_cost": 74.34, "final_distance_cost": 1.847524548332489, "oscillation_cost": 18.20484548340465, "completition_cost": 0.0, "overshoot_cost": 52.14022608648669, "power_cost": 14.420556555175782, "noise_cost": 22.35374900329852, "n_waypoints_completed": 9, "tot_waypoints": 9}}
{"target": -686.1581887529244, "params": {"k_pid_pos": [0.910533539977442, 0.009053364480112418, 0.0], "k_pid_alt": [0.5968972155751069, 0.0058976589777027764, 0.021898137588005875], "k_pid_att": [41.94317256780909, 0.35539036555779174, 0.4623594585629884], "k_pid_yaw": [0.5, 1e-06, 0.1], "k_pid_hsp": [0.018308410753023658, 0.021984318138717273, 0.0], "k_pid_vsp": [64.25884337747964, 91.19251312751426, 4.982540944050094]}, "datetime": {"datetime": "2025-08-11 21:30:52", "elapsed": 18332.25516986847, "delta": 29.829607248306274}, "costs": {"total_cost": 686.1581887529244, "time_cost": 150, "final_distance_cost": 72.19795392609629, "oscillation_cost": 23.46738306797262, "completition_cost": 333.33333333333337, "overshoot_cost": 51.60008744457607, "power_cost": 22.491344274902346, "noise_cost": 33.068086706043715, "n_waypoints_completed": 6, "tot_waypoints": 9}}
{"target": -411.8317342253781, "params": {"k_pid_pos": [0.17180112677447398, 0.007917343155027514, 0.0003869720672215301], "k_pid_alt": [1.2017444612737154, 0.005908708688123542, 0.02673486364963514], "k_pid_att": [45.488467920876, 0.30214309017815705, 0.7060978451876192], "k_pid_yaw": [0.5, 1e-06, 0.1], "k_pid_hsp": [0.06622372569429383, 0.013318624939912578, 0.0], "k_pid_vsp": [94.64238126478449, 76.81065947263211, 5.379832734188838]}, "datetime": {"datetime": "2025-08-11 21:31:23", "elapsed": 18363.211082458496, "delta": 30.955912590026855}, "costs": {"total_cost": 411.8317342253781, "time_cost": 150, "final_distance_cost": 22.194925725859413, "oscillation_cost": 11.439360239729206, "completition_cost": 111.11111111111116, "overshoot_cost": 62.09815191242796, "power_cost": 21.853254443359376, "noise_cost": 33.13493079289102, "n_waypoints_completed": 8, "tot_waypoints": 9}}
{"target": -182.50922312466287, "params": {"k_pid_pos": [0.7425957274308477, 0.007208211509338275, 0.0007167162451110076], "k_pid_alt": [1.705352157322423, 0.0035270589690566804, 0.03640448275507887], "k_pid_att": [21.973842032169234, 0.22366082160798326, 1.0], "k_pid_yaw": [0.5, 1e-06, 0.1], "k_pid_hsp": [0.13206744731411624, 0.011966985600141998, 0.0], "k_pid_vsp": [46.27574354817161, 54.91161809359914, 6.235309299435351]}, "datetime": {"datetime": "2025-08-11 21:31:40", "elapsed": 18380.26397919655, "delta": 17.052896738052368}, "costs": {"total_cost": 182.50922312466287, "time_cost": 70.098, "final_distance_cost": 1.8188986834061063, "oscillation_cost": 24.971371855681856, "completition_cost": 0.0, "overshoot_cost": 50.52670082517608, "power_cost": 14.205315502929688, "noise_cost": 20.888936257469148, "n_waypoints_completed": 9, "tot_waypoints": 9}}
{"target": -190.69034740065175, "params": {"k_pid_pos": [0.9070187624689424, 0.006081847459908536, 0.0005188951867535343], "k_pid_alt": [1.4682813791196054, 0.004656208695510082, 0.02407690554754276], "k_pid_att": [22.116849790257877, 0.250257161292152, 0.8779076946577256], "k_pid_yaw": [0.5, 1e-06, 0.1], "k_pid_hsp": [0.06630508934694355, 0.018557912748653194, 0.0], "k_pid_vsp": [78.8790665984106, 99.10744554742405, 5.958436544488094]}, "datetime": {"datetime": "2025-08-11 21:31:59", "elapsed": 18398.49059200287, "delta": 18.22661280632019}, "costs": {"total_cost": 190.69034740065175, "time_cost": 73.241, "final_distance_cost": 1.8045539898476688, "oscillation_cost": 28.311797417556917, "completition_cost": 0.0, "overshoot_cost": 51.2738024352606, "power_cost": 14.776037744140625, "noise_cost": 21.283155813845926, "n_waypoints_completed": 9, "tot_waypoints": 9}}
{"target": -184.50173284285654, "params": {"k_pid_pos": [0.5035358970952283, 0.004008570072600388, 0.0004701406316173794], "k_pid_alt": [1.280860277731879, 0.004429205386932089, 0.021331105518460732], "k_pid_att": [50.32788332440151, 0.17413272570826366, 0.7025719235140704], "k_pid_yaw": [0.5, 1e-06, 0.1], "k_pid_hsp": [0.07113322629882567, 0.011609747102060067, 0.0], "k_pid_vsp": [121.26704219912529, 149.79115653633994, 2.2597091902258153e-05]}, "datetime": {"datetime": "2025-08-11 21:32:18", "elapsed": 18417.62049651146, "delta": 19.1299045085907}, "costs": {"total_cost": 184.50173284285654, "time_cost": 74.72500000000001, "final_distance_cost": 1.8076926187289264, "oscillation_cost": 19.3816556059136, "completition_cost": 0.0, "overshoot_cost": 51.87265715624788, "power_cost": 14.520631494140625, "noise_cost": 22.19409596782549, "n_waypoints_completed": 9, "tot_waypoints": 9}}
{"target": -183.80542146356007, "params": {"k_pid_pos": [0.6177871365070301, 0.007363443169396762, 0.0004947413580072161], "k_pid_alt": [1.4083416436860816, 0.005950442567625406, 0.025170970513266375], "k_pid_att": [37.412289703243424, 0.5201740475119366, 0.6875528458401923], "k_pid_yaw": [0.5, 1e-06, 0.1], "k_pid_hsp": [0.13818018682946473, 0.013560435841642826, 0.0], "k_pid_vsp": [79.40749056102003, 152.90121089469037, 6.434172903743669]}, "datetime": {"datetime": "2025-08-11 21:32:36", "elapsed": 18435.42455482483, "delta": 17.80405831336975}, "costs": {"total_cost": 183.80542146356007, "time_cost": 70.749, "final_distance_cost": 1.8375799915133637, "oscillation_cost": 25.021227440049703, "completition_cost": 0.0, "overshoot_cost": 50.750843102788004, "power_cost": 14.254533703613282, "noise_cost": 21.192237225595743, "n_waypoints_completed": 9, "tot_waypoints": 9}}
{"target": -187.65410509673464, "params": {"k_pid_pos": [0.5234161988445717, 0.007996776800428346, 0.0007026501507288379], "k_pid_alt": [2.0, 0.006019319067689235, 0.012613831024220883], "k_pid_att": [29.84388838129628, 0.25618779445103096, 1.0], "k_pid_yaw": [0.5, 1e-06, 0.1], "k_pid_hsp": [0.1550672666458808, 0.017996420446413888, 0.0], "k_pid_vsp": [51.542893704232846, 142.95308668401154, 5.627754434218617]}, "datetime": {"datetime": "2025-08-11 21:32:54", "elapsed": 18453.688816308975, "delta": 18.264261484146118}, "costs": {"total_cost": 187.65410509673464, "time_cost": 73.248, "final_distance_cost": 1.8581075774748752, "oscillation_cost": 24.799449096159464, "completition_cost": 0.0, "overshoot_cost": 50.59889910126194, "power_cost": 14.738940649414063, "noise_cost": 22.410708672424278, "n_waypoints_completed": 9, "tot_waypoints": 9}}
{"target": -189.57481800569732, "params": {"k_pid_pos": [0.456322698946009, 0.007561653622058601, 0.000523628419197294], "k_pid_alt": [0.7356367391641495, 0.005715439976535559, 0.039879113675614204], "k_pid_att": [23.38933763257985, 0.09994636989700852, 0.23562947401803472], "k_pid_yaw": [0.5, 1e-06, 0.1], "k_pid_hsp": [0.10435192205364602, 0.019570367219926926, 0.0], "k_pid_vsp": [36.510704141513685, 94.41803386367741, 7.458869412725967]}, "datetime": {"datetime": "2025-08-11 21:33:13", "elapsed": 18472.962935447693, "delta": 19.27411913871765}, "costs": {"total_cost": 189.57481800569732, "time_cost": 76.874, "final_distance_cost": 1.8602298776850112, "oscillation_cost": 21.913578213401113, "completition_cost": 0.0, "overshoot_cost": 50.50290537380414, "power_cost": 15.047579357910157, "noise_cost": 23.376525182896895, "n_waypoints_completed": 9, "tot_waypoints": 9}}
{"target": -183.71708248616054, "params": {"k_pid_pos": [0.509179084872276, 0.009083159725629904, 0.0007001170360444756], "k_pid_alt": [0.9823874903068089, 0.004649240829987703, 0.034804452152412006], "k_pid_att": [41.603757621426126, 0.26124767353271366, 1.0], "k_pid_yaw": [0.5, 1e-06, 0.1], "k_pid_hsp": [0.11683098110336376, 0.007397875070577184, 0.0], "k_pid_vsp": [135.80104470173953, 85.06283188375727, 5.733193077919904]}, "datetime": {"datetime": "2025-08-11 21:33:32", "elapsed": 18491.64778494835, "delta": 18.684849500656128}, "costs": {"total_cost": 183.71708248616054, "time_cost": 73.304, "final_distance_cost": 1.832875581925333, "oscillation_cost": 21.495771859874036, "completition_cost": 0.0, "overshoot_cost": 50.80534417984569, "power_cost": 14.308409020996095, "noise_cost": 21.97068184351938, "n_waypoints_completed": 9, "tot_waypoints": 9}}
{"target": -186.62630137061052, "params": {"k_pid_pos": [0.5462689921796519, 0.010244625763878695, 0.000363694467795134], "k_pid_alt": [0.6537694271923041, 0.010898748031416853, 0.026514322594082387], "k_pid_att": [33.84753992545747, 0.2989092431056401, 1.0], "k_pid_yaw": [0.5, 1e-06, 0.1], "k_pid_hsp": [0.11291663863934422, 0.019433434822761404, 0.0], "k_pid_vsp": [119.52966783216046, 128.1968527639321, 4.530158522172193]}, "datetime": {"datetime": "2025-08-11 21:33:50", "elapsed": 18509.88244652748, "delta": 18.23466157913208}, "costs": {"total_cost": 186.62630137061052, "time_cost": 73.94800000000001, "final_distance_cost": 1.8431679186454366, "oscillation_cost": 23.775650261255468, "completition_cost": 0.0, "overshoot_cost": 50.717324213515795, "power_cost": 14.545779833984376, "noise_cost": 21.79637914320945, "n_waypoints_completed": 9, "tot_waypoints": 9}}
{"target": -183.7976809153115, "params": {"k_pid_pos": [0.7043941726572963, 0.006089291106841224, 0.0007178744399943335], "k_pid_alt": [2.0, 0.0057661540409662424, 0.027343169008093693], "k_pid_att": [40.49724184913602, 0.3088631390802126, 0.5128775860053524], "k_pid_yaw": [0.5, 1e-06, 0.1], "k_pid_hsp": [0.08874256718146088, 0.007589732433770577, 0.0], "k_pid_vsp": [75.20088477874356, 153.53228614335794, 7.899028825843047]}, "datetime": {"datetime": "2025-08-11 21:34:08", "elapsed": 18528.168917655945, "delta": 18.286471128463745}, "costs": {"total_cost": 183.7976809153115, "time_cost": 71.428, "final_distance_cost": 1.822790426218685, "oscillation_cost": 23.583497760773305, "completition_cost": 0.0, "overshoot_cost": 51.557367468468684, "power_cost": 14.310658984375001, "noise_cost": 21.095366275475804, "n_waypoints_completed": 9, "tot_waypoints": 9}}
{"target": -182.6018697742318, "params": {"k_pid_pos": [0.6074676757200033, 0.002872977759143377, 0.0007408329725257652], "k_pid_alt": [1.6525300715029072, 0.00614464126169518, 0.03037005370225045], "k_pid_att": [21.803412665380012, 0.22646362803073736, 0.3785925650006792], "k_pid_yaw": [0.5, 1e-06, 0.1], "k_pid_hsp": [0.1120262784874599, 0.01414984269593301, 0.0], "k_pid_vsp": [76.86776216079114, 100.80150385951595, 1.262257606967429]}, "datetime": {"datetime": "2025-08-11 21:34:27", "elapsed": 18546.49500966072, "delta": 18.326092004776}, "costs": {"total_cost": 182.6018697742318, "time_cost": 70.882, "final_distance_cost": 1.8432637595915389, "oscillation_cost": 23.672755153207717, "completition_cost": 0.0, "overshoot_cost": 50.75521430524079, "power_cost": 14.251793103027344, "noise_cost": 21.196843453164405, "n_waypoints_completed": 9, "tot_waypoints": 9}}
