{"target": -193.1526656416098, "params": {"k_pid_pos": [0.3450296756461637, 0.004936533584827408, 0.0003798327260835243], "k_pid_alt": [1.4704704489036777, 0.007504171504569901, 0.02044080232794449], "k_pid_att": [36.46403976073146, 0.4144637606029393, 0.8795153882511388], "k_pid_yaw": [0.5, 1e-06, 0.1], "k_pid_hsp": [0.09712884965809125, 0.009176442618233987, 0.0], "k_pid_vsp": [102.78107662342143, 117.65460389261705, 4.671612535057112]}, "datetime": {"datetime": "2025-08-12 00:56:16", "elapsed": 30655.42612195015, "delta": 20.412585258483887}, "costs": {"total_cost": 193.1526656416098, "time_cost": 80.416, "final_distance_cost": 1.8602260217821542, "oscillation_cost": 17.146644349034226, "completition_cost": 0.0, "overshoot_cost": 52.353770319295364, "power_cost": 15.450053918457032, "noise_cost": 25.92597103304102, "n_waypoints_completed": 9, "tot_waypoints": 9}}
{"target": -185.32971865321295, "params": {"k_pid_pos": [0.5922398409047275, 0.005934684182087167, 0.0008879692896791427], "k_pid_alt": [1.2942737516587883, 0.005265012898260669, 0.0196682288469873], "k_pid_att": [44.29217843263745, 0.4249800760949452, 0.7988410688341508], "k_pid_yaw": [0.5, 1e-06, 0.1], "k_pid_hsp": [0.0712533787229856, 0.014923998827260228, 0.0], "k_pid_vsp": [98.55339957832997, 125.28771184935756, 2.4141166120528363]}, "datetime": {"datetime": "2025-08-12 00:56:34", "elapsed": 30674.26719713211, "delta": 18.84107518196106}, "costs": {"total_cost": 185.32971865321295, "time_cost": 73.59100000000001, "final_distance_cost": 1.8257916997321098, "oscillation_cost": 21.99037179592959, "completition_cost": 0.0, "overshoot_cost": 51.84059782441376, "power_cost": 14.540220483398437, "noise_cost": 21.541736849739046, "n_waypoints_completed": 9, "tot_waypoints": 9}}
{"target": -183.12384885571856, "params": {"k_pid_pos": [0.7393119719642814, 0.0018126663909006054, 0.0005767521455130039], "k_pid_alt": [1.3954675907462712, 0.005439608488595648, 0.02161145262763976], "k_pid_att": [30.30894981066281, 0.3561444292228277, 1.0], "k_pid_yaw": [0.5, 1e-06, 0.1], "k_pid_hsp": [0.09823269700170341, 0.013707166342840143, 0.0], "k_pid_vsp": [59.28624125584428, 136.4198410118351, 6.536055407517098]}, "datetime": {"datetime": "2025-08-12 00:56:53", "elapsed": 30692.715661287308, "delta": 18.448464155197144}, "costs": {"total_cost": 183.12384885571856, "time_cost": 70.742, "final_distance_cost": 1.8241172917114679, "oscillation_cost": 25.09928213643467, "completition_cost": 0.0, "overshoot_cost": 50.54808007795984, "power_cost": 14.190757604980469, "noise_cost": 20.71961174463212, "n_waypoints_completed": 9, "tot_waypoints": 9}}
{"target": -186.1348814498019, "params": {"k_pid_pos": [0.666153164111387, 0.00604390649162673, 0.0008511865196850948], "k_pid_alt": [0.8322242195841465, 0.004468272137743386, 0.013786199902620885], "k_pid_att": [26.316479989718417, 0.45178280349011585, 1.0], "k_pid_yaw": [0.5, 1e-06, 0.1], "k_pid_hsp": [0.07886319237787894, 0.009527088965052173, 0.0], "k_pid_vsp": [69.42883127811393, 120.97329212645239, 4.9846822098211705]}, "datetime": {"datetime": "2025-08-12 00:57:11", "elapsed": 30711.306596040726, "delta": 18.59093475341797}, "costs": {"total_cost": 186.1348814498019, "time_cost": 74.06, "final_distance_cost": 1.8018693311842495, "oscillation_cost": 22.6972272677968, "completition_cost": 0.0, "overshoot_cost": 51.463764676211724, "power_cost": 14.570678051757813, "noise_cost": 21.54134212285129, "n_waypoints_completed": 9, "tot_waypoints": 9}}
{"target": -183.30052655890202, "params": {"k_pid_pos": [0.6672846696983985, 0.005210657051603368, 0.0006912630808060369], "k_pid_alt": [1.6861189159786132, 0.005265464444833442, 0.015273390902640002], "k_pid_att": [23.519480777597405, 0.3685359521477313, 1.0], "k_pid_yaw": [0.5, 1e-06, 0.1], "k_pid_hsp": [0.08657948694262808, 0.01183207816209316, 0.0], "k_pid_vsp": [113.07319547239524, 135.20255873320662, 4.926021066475335]}, "datetime": {"datetime": "2025-08-12 00:57:30", "elapsed": 30729.945514678955, "delta": 18.63891863822937}, "costs": {"total_cost": 183.30052655890202, "time_cost": 71.834, "final_distance_cost": 1.799738226008283, "oscillation_cost": 23.258795553144946, "completition_cost": 0.0, "overshoot_cost": 50.9365179326633, "power_cost": 14.345554089355469, "noise_cost": 21.12592075773004, "n_waypoints_completed": 9, "tot_waypoints": 9}}
{"target": -182.56733452667123, "params": {"k_pid_pos": [0.5209995054658839, 0.008901569511308376, 0.0005336935546163287], "k_pid_alt": [1.495522639563468, 0.005381193429441315, 0.0204265593319833], "k_pid_att": [25.885056096649596, 0.41594046923152783, 1.0], "k_pid_yaw": [0.5, 1e-06, 0.1], "k_pid_hsp": [0.10900601633120578, 0.010681044681865495, 0.0], "k_pid_vsp": [152.4706877093744, 103.81073552938373, 3.86982977617594]}, "datetime": {"datetime": "2025-08-12 00:57:48", "elapsed": 30747.977193832397, "delta": 18.031679153442383}, "costs": {"total_cost": 182.56733452667123, "time_cost": 72.121, "final_distance_cost": 1.8352043796386412, "oscillation_cost": 21.323024654714317, "completition_cost": 0.0, "overshoot_cost": 51.25563626741906, "power_cost": 14.214731652832032, "noise_cost": 21.8177375720672, "n_waypoints_completed": 9, "tot_waypoints": 9}}
{"target": -186.76390188761357, "params": {"k_pid_pos": [0.6519656912794612, 0.007827454139792803, 0.0005787613247273759], "k_pid_alt": [1.7069695673916059, 0.0062561779069910395, 0.009028750264546822], "k_pid_att": [22.423505162613612, 0.41463399005527574, 1.0], "k_pid_yaw": [0.5, 1e-06, 0.1], "k_pid_hsp": [0.06372266861335797, 0.00984505175966766, 0.0], "k_pid_vsp": [106.31900070879333, 93.24479030333555, 5.403856996176192]}, "datetime": {"datetime": "2025-08-12 00:58:08", "elapsed": 30767.575426340103, "delta": 19.59823250770569}, "costs": {"total_cost": 186.76390188761357, "time_cost": 74.403, "final_distance_cost": 1.806315915409591, "oscillation_cost": 21.356996451850808, "completition_cost": 0.0, "overshoot_cost": 52.469081042168476, "power_cost": 14.566729028320314, "noise_cost": 22.16177944986438, "n_waypoints_completed": 9, "tot_waypoints": 9}}
{"target": -182.36397490231462, "params": {"k_pid_pos": [0.5047428786171038, 0.005149904935036263, 0.000812549067373423], "k_pid_alt": [1.6227305598420951, 0.005235582909045705, 0.019981655648072288], "k_pid_att": [44.008039002981526, 0.22706162374798589, 0.7844053274904477], "k_pid_yaw": [0.5, 1e-06, 0.1], "k_pid_hsp": [0.10141521652214903, 0.008671306021070814, 0.0], "k_pid_vsp": [74.92145292703249, 140.32597595020022, 4.753715301499333]}, "datetime": {"datetime": "2025-08-12 00:58:26", "elapsed": 30785.577480077744, "delta": 18.00205373764038}, "costs": {"total_cost": 182.36397490231462, "time_cost": 72.366, "final_distance_cost": 1.8431953882261067, "oscillation_cost": 20.77339072299055, "completition_cost": 0.0, "overshoot_cost": 51.43137917108882, "power_cost": 14.204527001953126, "noise_cost": 21.745482618056023, "n_waypoints_completed": 9, "tot_waypoints": 9}}
{"target": -187.23109071343978, "params": {"k_pid_pos": [0.7059737834780604, 0.003995546760789816, 0.0007847249849871899], "k_pid_alt": [0.9486953324328701, 0.006362587539665263, 0.02786266998104529], "k_pid_att": [46.8520420442047, 0.22264138675053438, 0.5568089644406159], "k_pid_yaw": [0.5, 1e-06, 0.1], "k_pid_hsp": [0.07127935658203942, 0.01504571013266894, 0.0], "k_pid_vsp": [85.92912626238815, 88.55132962685353, 4.925883130503352]}, "datetime": {"datetime": "2025-08-12 00:58:45", "elapsed": 30805.004672527313, "delta": 19.427192449569702}, "costs": {"total_cost": 187.23109071343978, "time_cost": 74.08800000000001, "final_distance_cost": 1.779653344923308, "oscillation_cost": 24.191393609326123, "completition_cost": 0.0, "overshoot_cost": 51.0929245627747, "power_cost": 14.590675695800781, "noise_cost": 21.488443500614867, "n_waypoints_completed": 9, "tot_waypoints": 9}}
{"target": -184.23480405586662, "params": {"k_pid_pos": [0.6222916429306461, 0.0065499659631576565, 0.0003886904359857953], "k_pid_alt": [1.6396164489616762, 0.005727126292756817, 0.023587148365132732], "k_pid_att": [36.95892575744063, 0.41768754600584, 1.0], "k_pid_yaw": [0.5, 1e-06, 0.1], "k_pid_hsp": [0.07573752594682436, 0.014059804799675453, 0.0], "k_pid_vsp": [125.3120441674205, 125.1846848318641, 2.5242010068923917]}, "datetime": {"datetime": "2025-08-12 00:59:03", "elapsed": 30823.06913280487, "delta": 18.064460277557373}, "costs": {"total_cost": 184.23480405586662, "time_cost": 72.807, "final_distance_cost": 1.8002179115045596, "oscillation_cost": 22.509858959785607, "completition_cost": 0.0, "overshoot_cost": 51.24965582741891, "power_cost": 14.388213586425781, "noise_cost": 21.479857770731726, "n_waypoints_completed": 9, "tot_waypoints": 9}}
{"target": -182.6260967233834, "params": {"k_pid_pos": [0.5206609517103447, 0.005899795152019682, 0.0008681895956763451], "k_pid_alt": [1.0507252824732358, 0.003102448104089762, 0.02166084650383036], "k_pid_att": [37.94192946119065, 0.34541360500003654, 1.0], "k_pid_yaw": [0.5, 1e-06, 0.1], "k_pid_hsp": [0.10202138847532193, 0.00922070248403044, 0.0], "k_pid_vsp": [117.95160812438644, 95.2014082570743, 8.064080701355778]}, "datetime": {"datetime": "2025-08-12 00:59:22", "elapsed": 30841.597350120544, "delta": 18.528217315673828}, "costs": {"total_cost": 182.6260967233834, "time_cost": 72.66, "final_distance_cost": 1.8348834129732947, "oscillation_cost": 21.04247347659994, "completition_cost": 0.0, "overshoot_cost": 51.169337344909444, "power_cost": 14.23854373779297, "noise_cost": 21.680858751107735, "n_waypoints_completed": 9, "tot_waypoints": 9}}
{"target": -187.3754475762945, "params": {"k_pid_pos": [0.5201566252698044, 0.00580792594299229, 0.0005810528129982601], "k_pid_alt": [0.5650702750579286, 0.0050540658557966705, 0.009673052973081424], "k_pid_att": [34.99939164641873, 0.4843716825062834, 0.9023903054961232], "k_pid_yaw": [0.5, 1e-06, 0.1], "k_pid_hsp": [0.10916339251253575, 0.009522791766584974, 0.0], "k_pid_vsp": [96.69150407023437, 148.51531955459822, 4.628292511649729]}, "datetime": {"datetime": "2025-08-12 00:59:41", "elapsed": 30861.249235391617, "delta": 19.651885271072388}, "costs": {"total_cost": 187.3754475762945, "time_cost": 76.09, "final_distance_cost": 1.8328738080615226, "oscillation_cost": 21.759988894759754, "completition_cost": 0.0, "overshoot_cost": 50.7985232212858, "power_cost": 14.832019836425783, "noise_cost": 22.062041815761642, "n_waypoints_completed": 9, "tot_waypoints": 9}}
{"target": -182.92998904314646, "params": {"k_pid_pos": [0.4637919741685324, 0.0059534346172876755, 0.000827251954583744], "k_pid_alt": [1.7957281972624355, 0.001837063327725252, 0.010672728509249656], "k_pid_att": [39.4006403094306, 0.38476268696763166, 0.7918735333387357], "k_pid_yaw": [0.5, 1e-06, 0.1], "k_pid_hsp": [0.10257700492877454, 0.009820962842984636, 0.0], "k_pid_vsp": [84.50996045510234, 149.07593812961628, 5.354965074446818]}, "datetime": {"datetime": "2025-08-12 01:00:00", "elapsed": 30879.70024251938, "delta": 18.45100712776184}, "costs": {"total_cost": 182.92998904314646, "time_cost": 73.297, "final_distance_cost": 1.8442096272851638, "oscillation_cost": 20.01879876507101, "completition_cost": 0.0, "overshoot_cost": 51.19336471885438, "power_cost": 14.417264721679688, "noise_cost": 22.15935121025622, "n_waypoints_completed": 9, "tot_waypoints": 9}}
{"target": -181.61009871053747, "params": {"k_pid_pos": [0.5242254623002361, 0.0061497594780143055, 0.0006276113620944514], "k_pid_alt": [1.629844436234233, 0.005836307696799741, 0.028006502722769805], "k_pid_att": [28.18622212908258, 0.39948823518812127, 1.0], "k_pid_yaw": [0.5, 1e-06, 0.1], "k_pid_hsp": [0.09029374162189369, 0.009337439620765985, 0.0], "k_pid_vsp": [65.31169414140783, 125.20675738282473, 5.524428803470528]}, "datetime": {"datetime": "2025-08-12 01:00:18", "elapsed": 30898.161597967148, "delta": 18.461355447769165}, "costs": {"total_cost": 181.61009871053747, "time_cost": 72.233, "final_distance_cost": 1.8329256454032057, "oscillation_cost": 20.375773827778996, "completition_cost": 0.0, "overshoot_cost": 51.37749038622993, "power_cost": 14.242998583984376, "noise_cost": 21.547910267140924, "n_waypoints_completed": 9, "tot_waypoints": 9}}
{"target": -181.83530459255962, "params": {"k_pid_pos": [0.5722441701551503, 0.005389951187491283, 0.0006480187820658551], "k_pid_alt": [1.0450287180588758, 0.004945575289461085, 0.014577203978266213], "k_pid_att": [33.90593824611229, 0.5282800478175238, 0.8803804108394865], "k_pid_yaw": [0.5, 1e-06, 0.1], "k_pid_hsp": [0.10681688120820247, 0.01023664451654633, 0.0], "k_pid_vsp": [119.38195805920374, 143.19324035841046, 4.464652326201904]}, "datetime": {"datetime": "2025-08-12 01:00:36", "elapsed": 30915.843720436096, "delta": 17.682122468948364}, "costs": {"total_cost": 181.83530459255962, "time_cost": 71.743, "final_distance_cost": 1.8398513832220669, "oscillation_cost": 22.207392776407236, "completition_cost": 0.0, "overshoot_cost": 50.66814376311982, "power_cost": 14.170302587890626, "noise_cost": 21.20661408191988, "n_waypoints_completed": 9, "tot_waypoints": 9}}
{"target": -182.16811212394586, "params": {"k_pid_pos": [0.5013183195075664, 0.005888470375759777, 0.000604661033503876], "k_pid_alt": [1.7392743890969058, 0.0038086413703354353, 0.013785718747924605], "k_pid_att": [47.343997544020105, 0.4250782514308959, 0.8405215781286622], "k_pid_yaw": [0.5, 1e-06, 0.1], "k_pid_hsp": [0.10124291467870689, 0.01066138362327932, 0.0], "k_pid_vsp": [108.56657440395914, 125.3041224576458, 3.226353119918096]}, "datetime": {"datetime": "2025-08-12 01:00:55", "elapsed": 30934.516842126846, "delta": 18.673121690750122}, "costs": {"total_cost": 182.16811212394586, "time_cost": 72.387, "final_distance_cost": 1.8330741567067836, "oscillation_cost": 20.684262680658314, "completition_cost": 0.0, "overshoot_cost": 51.194386836379046, "power_cost": 14.26316561279297, "noise_cost": 21.806222837408765, "n_waypoints_completed": 9, "tot_waypoints": 9}}
{"target": -189.5314795587048, "params": {"k_pid_pos": [0.4474520200634908, 0.0063615366495459146, 0.0007313894880550198], "k_pid_alt": [2.0, 0.005394591935923255, 0.01584008885645808], "k_pid_att": [26.732490802840445, 0.5978589723198465, 1.0], "k_pid_yaw": [0.5, 1e-06, 0.1], "k_pid_hsp": [0.15074478918819542, 0.009176618205421266, 0.0], "k_pid_vsp": [97.24036592071182, 122.11359336549617, 6.1803018292860195]}, "datetime": {"datetime": "2025-08-12 01:01:14", "elapsed": 30954.07360482216, "delta": 19.5567626953125}, "costs": {"total_cost": 189.5314795587048, "time_cost": 75.887, "final_distance_cost": 1.852508314532775, "oscillation_cost": 22.293450811941003, "completition_cost": 0.0, "overshoot_cost": 51.17586988735171, "power_cost": 14.793314868164064, "noise_cost": 23.529335676715252, "n_waypoints_completed": 9, "tot_waypoints": 9}}
{"target": -186.8014290704658, "params": {"k_pid_pos": [0.5305451955609976, 0.004728670248527558, 0.0009216270989121244], "k_pid_alt": [0.7531741370789445, 0.005234107710392317, 0.019091232886081295], "k_pid_att": [29.72187108248636, 0.33913293078868784, 0.7489944974536126], "k_pid_yaw": [0.5, 1e-06, 0.1], "k_pid_hsp": [0.13150731930224396, 0.009455715449961854, 0.0], "k_pid_vsp": [60.39522780903298, 110.96184683870077, 5.024319751978411]}, "datetime": {"datetime": "2025-08-12 01:01:33", "elapsed": 30973.100253582, "delta": 19.02664875984192}, "costs": {"total_cost": 186.8014290704658, "time_cost": 74.242, "final_distance_cost": 1.8471932371833186, "oscillation_cost": 23.05337127149942, "completition_cost": 0.0, "overshoot_cost": 50.918686705257834, "power_cost": 14.633433032226563, "noise_cost": 22.10674482429867, "n_waypoints_completed": 9, "tot_waypoints": 9}}
{"target": -181.7053421425815, "params": {"k_pid_pos": [0.6154119051609546, 0.0067999783631630195, 0.0006206689208626573], "k_pid_alt": [1.519318621475507, 0.005056638740853922, 0.01658476918598468], "k_pid_att": [33.70392776419561, 0.4618021620207255, 1.0], "k_pid_yaw": [0.5, 1e-06, 0.1], "k_pid_hsp": [0.09713192911270198, 0.01117080662843511, 0.0], "k_pid_vsp": [60.42520150444818, 111.06661582726584, 5.111768174453238]}, "datetime": {"datetime": "2025-08-12 01:01:51", "elapsed": 30990.82565331459, "delta": 17.72539973258972}, "costs": {"total_cost": 181.7053421425815, "time_cost": 71.127, "final_distance_cost": 1.8266264325507828, "oscillation_cost": 22.763686063935783, "completition_cost": 0.0, "overshoot_cost": 50.77139691848271, "power_cost": 14.156287609863282, "noise_cost": 21.060345117748945, "n_waypoints_completed": 9, "tot_waypoints": 9}}
{"target": -182.67406087669383, "params": {"k_pid_pos": [0.5155642687822781, 0.006866197967246981, 0.0008477113077735993], "k_pid_alt": [1.889617943395694, 0.005460729214362606, 0.0015332079176538296], "k_pid_att": [40.929344778512565, 0.424668436439646, 0.9153524924965589], "k_pid_yaw": [0.5, 1e-06, 0.1], "k_pid_hsp": [0.09825768603236516, 0.013977573011449716, 0.0], "k_pid_vsp": [79.08323750455949, 113.35813239631646, 5.231420886055312]}, "datetime": {"datetime": "2025-08-12 01:02:09", "elapsed": 31009.338458776474, "delta": 18.512805461883545}, "costs": {"total_cost": 182.67406087669383, "time_cost": 72.282, "final_distance_cost": 1.8353074191004708, "oscillation_cost": 21.244325746804645, "completition_cost": 0.0, "overshoot_cost": 51.13252655234723, "power_cost": 14.363289465332032, "noise_cost": 21.816611693109465, "n_waypoints_completed": 9, "tot_waypoints": 9}}
{"target": -182.21978223160804, "params": {"k_pid_pos": [0.6486557926718085, 0.004237589648214315, 0.0005815026215086984], "k_pid_alt": [1.7085248323024673, 0.005385202553606444, 0.012205912182093452], "k_pid_att": [42.692006058548294, 0.4600057798512049, 1.0], "k_pid_yaw": [0.5, 1e-06, 0.1], "k_pid_hsp": [0.12405805360857584, 0.009728200611075785, 0.0], "k_pid_vsp": [111.90335450703849, 116.11574118000279, 6.073357697323206]}, "datetime": {"datetime": "2025-08-12 01:02:28", "elapsed": 31027.520885944366, "delta": 18.182427167892456}, "costs": {"total_cost": 182.21978223160804, "time_cost": 70.511, "final_distance_cost": 1.8347206967962844, "oscillation_cost": 23.860230028680057, "completition_cost": 0.0, "overshoot_cost": 50.763093311780196, "power_cost": 14.236895520019532, "noise_cost": 21.013842674331954, "n_waypoints_completed": 9, "tot_waypoints": 9}}
{"target": -181.69907122976107, "params": {"k_pid_pos": [0.5622017378140293, 0.006739584466526085, 0.0007706482739703713], "k_pid_alt": [1.4076474878820775, 0.0040139498384644595, 0.022062290777305798], "k_pid_att": [6.265650399696336, 0.4810341125616861, 1.0], "k_pid_yaw": [0.5, 1e-06, 0.1], "k_pid_hsp": [0.10112172740361862, 0.0104561369093957, 0.0], "k_pid_vsp": [116.39209546680189, 87.13015654151032, 6.275869778855097]}, "datetime": {"datetime": "2025-08-12 01:02:47", "elapsed": 31046.846685886383, "delta": 19.3257999420166}, "costs": {"total_cost": 181.69907122976107, "time_cost": 71.876, "final_distance_cost": 1.821932868163034, "oscillation_cost": 20.86409269109313, "completition_cost": 0.0, "overshoot_cost": 51.55008586046028, "power_cost": 14.160208349609375, "noise_cost": 21.42675146043525, "n_waypoints_completed": 9, "tot_waypoints": 9}}
{"target": -182.51682541924674, "params": {"k_pid_pos": [0.6920159790887768, 0.004594623263127911, 0.0007117552607331044], "k_pid_alt": [1.20650772789289, 0.0043780010416187235, 0.012990204113502489], "k_pid_att": [49.77234586173565, 0.37023782889873874, 0.8229778786032691], "k_pid_yaw": [0.5, 1e-06, 0.1], "k_pid_hsp": [0.09220208559339566, 0.009273927582413312, 0.0], "k_pid_vsp": [97.53932902019046, 102.43608655355861, 4.709611489421504]}, "datetime": {"datetime": "2025-08-12 01:03:05", "elapsed": 31064.45399236679, "delta": 17.607306480407715}, "costs": {"total_cost": 182.51682541924674, "time_cost": 71.267, "final_distance_cost": 1.8281531430140296, "oscillation_cost": 23.32255955580333, "completition_cost": 0.0, "overshoot_cost": 50.88056280158322, "power_cost": 14.186363977050782, "noise_cost": 21.032185941795404, "n_waypoints_completed": 9, "tot_waypoints": 9}}
{"target": -182.06982920074424, "params": {"k_pid_pos": [0.6216992210716059, 0.007724148905542114, 0.0006936127287564719], "k_pid_alt": [1.5925900548813285, 0.006191634623129928, 0.010441813765854334], "k_pid_att": [39.23174646638362, 0.3981459289744668, 0.9214943517638102], "k_pid_yaw": [0.5, 1e-06, 0.1], "k_pid_hsp": [0.08880250333739927, 0.0062098605073026905, 0.0], "k_pid_vsp": [89.52895669562373, 126.75712468871997, 6.22454920037845]}, "datetime": {"datetime": "2025-08-12 01:03:24", "elapsed": 31083.553863286972, "delta": 19.099870920181274}, "costs": {"total_cost": 182.06982920074424, "time_cost": 71.61, "final_distance_cost": 1.8103555839463363, "oscillation_cost": 21.785024918344934, "completition_cost": 0.0, "overshoot_cost": 51.311157505504525, "power_cost": 14.176887707519532, "noise_cost": 21.37640348542892, "n_waypoints_completed": 9, "tot_waypoints": 9}}
{"target": -182.2708302957928, "params": {"k_pid_pos": [0.6474174211914092, 0.006000325124911579, 0.0006229569513038475], "k_pid_alt": [1.8705363788884117, 0.004690110846501981, 0.01624046690266637], "k_pid_att": [54.87078986357864, 0.4009151807149851, 1.0], "k_pid_yaw": [0.5, 1e-06, 0.1], "k_pid_hsp": [0.10432181285043403, 0.006737936475613087, 0.0], "k_pid_vsp": [96.06221807532894, 117.94508982122518, 4.455445542625035]}, "datetime": {"datetime": "2025-08-12 01:03:42", "elapsed": 31101.406089544296, "delta": 17.85222625732422}, "costs": {"total_cost": 182.2708302957928, "time_cost": 70.917, "final_distance_cost": 1.8230488158029816, "oscillation_cost": 22.9646544716506, "completition_cost": 0.0, "overshoot_cost": 51.317776476688024, "power_cost": 14.121575048828126, "noise_cost": 21.126775482823035, "n_waypoints_completed": 9, "tot_waypoints": 9}}
