{"target": -181.99529244115, "params": {"k_pid_pos": [0.5836937390941871, 0.0065241076407129206, 0.0005709401935371106], "k_pid_alt": [1.3189618745138005, 0.005310916981390346, 0.005705894729179147], "k_pid_att": [46.477610397248036, 0.35086637414744376, 0.691994678120456], "k_pid_yaw": [0.5, 1e-06, 0.1], "k_pid_hsp": [0.10281390010315633, 0.009116847524905776, 0.0], "k_pid_vsp": [122.05328512270455, 122.13041127590743, 4.634015298675347]}, "datetime": {"datetime": "2025-08-12 04:02:28", "elapsed": 41827.46788787842, "delta": 19.32097578048706}, "costs": {"total_cost": 181.99529244115, "time_cost": 71.267, "final_distance_cost": 1.830077785363809, "oscillation_cost": 22.353697852860307, "completition_cost": 0.0, "overshoot_cost": 51.13364321899378, "power_cost": 14.117547485351563, "noise_cost": 21.29332609858057, "n_waypoints_completed": 9, "tot_waypoints": 9}}
{"target": -181.25605354683412, "params": {"k_pid_pos": [0.5926076271537642, 0.0064848200189520045, 0.0004370170868318265], "k_pid_alt": [1.534915771359709, 0.004987777857683266, 0.006103272416950147], "k_pid_att": [45.66865919515691, 0.3688805865722851, 0.6991075709165298], "k_pid_yaw": [0.5, 1e-06, 0.1], "k_pid_hsp": [0.09817381870787777, 0.010059691574068455, 0.0], "k_pid_vsp": [117.3067405866924, 134.9982946332146, 6.127425438272869]}, "datetime": {"datetime": "2025-08-12 04:02:45", "elapsed": 41845.13228678703, "delta": 17.664398908615112}, "costs": {"total_cost": 181.25605354683412, "time_cost": 71.211, "final_distance_cost": 1.833024214777879, "oscillation_cost": 22.213652530998555, "completition_cost": 0.0, "overshoot_cost": 50.76614262864192, "power_cost": 14.11490946044922, "noise_cost": 21.117324711966535, "n_waypoints_completed": 9, "tot_waypoints": 9}}
{"target": -181.83760872872915, "params": {"k_pid_pos": [0.6455034715504163, 0.004954203552676311, 0.0005507985095484577], "k_pid_alt": [1.6247805120677778, 0.004043144849112962, 0.008179855837921315], "k_pid_att": [41.92210069217084, 0.3556702301393551, 0.6837714076898035], "k_pid_yaw": [0.5, 1e-06, 0.1], "k_pid_hsp": [0.10304982639092479, 0.008581748614806104, 0.0], "k_pid_vsp": [114.95867739117996, 141.09064531674994, 6.375775431565927]}, "datetime": {"datetime": "2025-08-12 04:03:04", "elapsed": 41864.33375763893, "delta": 19.201470851898193}, "costs": {"total_cost": 181.83760872872915, "time_cost": 70.714, "final_distance_cost": 1.8129001867310561, "oscillation_cost": 23.27468582927994, "completition_cost": 0.0, "overshoot_cost": 50.848542162265105, "power_cost": 14.104772436523438, "noise_cost": 21.082708113929627, "n_waypoints_completed": 9, "tot_waypoints": 9}}
{"target": -181.4774941892941, "params": {"k_pid_pos": [0.6203198001465574, 0.005458232373495342, 0.0005621978633360661], "k_pid_alt": [1.7312449785421629, 0.003451129293933789, 0.009522452582030829], "k_pid_att": [39.25536396779333, 0.32175145334639427, 0.7724903376021457], "k_pid_yaw": [0.5, 1e-06, 0.1], "k_pid_hsp": [0.10831804696937848, 0.009298497181757329, 0.0], "k_pid_vsp": [114.25816808337646, 104.8616351569738, 7.21238070182515]}, "datetime": {"datetime": "2025-08-12 04:03:24", "elapsed": 41883.53715181351, "delta": 19.203394174575806}, "costs": {"total_cost": 181.4774941892941, "time_cost": 70.861, "final_distance_cost": 1.824097882611601, "oscillation_cost": 22.89970962763771, "completition_cost": 0.0, "overshoot_cost": 50.711977062828666, "power_cost": 14.119986584472658, "noise_cost": 21.060723031743496, "n_waypoints_completed": 9, "tot_waypoints": 9}}
{"target": -181.86620311646357, "params": {"k_pid_pos": [0.5290067513009636, 0.0075368504018848625, 0.000540987390454215], "k_pid_alt": [1.286579603530622, 0.0039680297093549486, 0.012147451146137826], "k_pid_att": [42.64053831055602, 0.3378766002201366, 0.9628746470956067], "k_pid_yaw": [0.5, 1e-06, 0.1], "k_pid_hsp": [0.09681790053244506, 0.009985823690897322, 0.0], "k_pid_vsp": [105.97214981649161, 117.28764770491586, 6.6751051927377425]}, "datetime": {"datetime": "2025-08-12 04:03:42", "elapsed": 41902.293989658356, "delta": 18.756837844848633}, "costs": {"total_cost": 181.86620311646357, "time_cost": 72.058, "final_distance_cost": 1.8328618096593776, "oscillation_cost": 20.988820694148306, "completition_cost": 0.0, "overshoot_cost": 51.24021937582317, "power_cost": 14.261854077148438, "noise_cost": 21.484447159684294, "n_waypoints_completed": 9, "tot_waypoints": 9}}
{"target": -181.32565729028008, "params": {"k_pid_pos": [0.5707146244656673, 0.007164704794618706, 0.0005469791032738928], "k_pid_alt": [1.4436624784554113, 0.00520131058560764, 0.005584185916009608], "k_pid_att": [40.047643782757014, 0.32429120476188084, 0.7192734789937519], "k_pid_yaw": [0.5, 1e-06, 0.1], "k_pid_hsp": [0.09234509362955005, 0.010972649772406534, 0.0], "k_pid_vsp": [128.60320217898354, 131.66457416046674, 7.502629092984024]}, "datetime": {"datetime": "2025-08-12 04:04:01", "elapsed": 41921.094779253006, "delta": 18.80078959465027}, "costs": {"total_cost": 181.32565729028008, "time_cost": 71.645, "final_distance_cost": 1.8201073601053075, "oscillation_cost": 21.51987405905991, "completition_cost": 0.0, "overshoot_cost": 50.957314665632204, "power_cost": 14.10328211669922, "noise_cost": 21.28007908878342, "n_waypoints_completed": 9, "tot_waypoints": 9}}
{"target": -183.71056743491937, "params": {"k_pid_pos": [0.47652239904485927, 0.006801905426154002, 0.0005573253653080558], "k_pid_alt": [1.3403875967053887, 0.005212546224851573, 0.004160426627019996], "k_pid_att": [42.37709657007772, 0.3830832584572485, 0.9360902515604601], "k_pid_yaw": [0.5, 1e-06, 0.1], "k_pid_hsp": [0.07546603606828582, 0.0091472270109689, 0.0], "k_pid_vsp": [131.77118925505437, 118.53496987685351, 5.424967196281602]}, "datetime": {"datetime": "2025-08-12 04:04:20", "elapsed": 41939.964683294296, "delta": 18.869904041290283}, "costs": {"total_cost": 183.71056743491937, "time_cost": 74.256, "final_distance_cost": 1.8238488754708637, "oscillation_cost": 18.457481698371716, "completition_cost": 0.0, "overshoot_cost": 52.474122716633495, "power_cost": 14.40297615966797, "noise_cost": 22.296137984775324, "n_waypoints_completed": 9, "tot_waypoints": 9}}
{"target": -181.81510507810654, "params": {"k_pid_pos": [0.5912812556221315, 0.003869601517501505, 0.000724111334958747], "k_pid_alt": [1.1906238180127369, 0.004985338759432674, 0.004949528244215617], "k_pid_att": [40.470496043713844, 0.2796920126377509, 0.8420705941733667], "k_pid_yaw": [0.5, 1e-06, 0.1], "k_pid_hsp": [0.10636630989862077, 0.01125468094546679, 0.0], "k_pid_vsp": [123.13392885248159, 146.95715259693966, 7.119227804549856]}, "datetime": {"datetime": "2025-08-12 04:04:39", "elapsed": 41958.62219238281, "delta": 18.657509088516235}, "costs": {"total_cost": 181.81510507810654, "time_cost": 71.22500000000001, "final_distance_cost": 1.8301655849560048, "oscillation_cost": 22.896205041937748, "completition_cost": 0.0, "overshoot_cost": 50.532510299614714, "power_cost": 14.104734020996094, "noise_cost": 21.22649013060198, "n_waypoints_completed": 9, "tot_waypoints": 9}}
{"target": -181.77268245575036, "params": {"k_pid_pos": [0.521206222644552, 0.007405977038695878, 0.0006679683185251947], "k_pid_alt": [1.7888479511438586, 0.0043369431776603485, 0.004865425481036472], "k_pid_att": [51.90828806076419, 0.3022690902585837, 0.6532644792295684], "k_pid_yaw": [0.5, 1e-06, 0.1], "k_pid_hsp": [0.0927239952530217, 0.011023298959399177, 0.0], "k_pid_vsp": [101.06399960375309, 117.7724789250782, 6.917636435931996]}, "datetime": {"datetime": "2025-08-12 04:04:58", "elapsed": 41978.093138456345, "delta": 19.470946073532104}, "costs": {"total_cost": 181.77268245575036, "time_cost": 72.21900000000001, "final_distance_cost": 1.8373473842618735, "oscillation_cost": 20.585574536654036, "completition_cost": 0.0, "overshoot_cost": 51.30336449168731, "power_cost": 14.215852050781251, "noise_cost": 21.611543992365878, "n_waypoints_completed": 9, "tot_waypoints": 9}}
{"target": -181.81374103507994, "params": {"k_pid_pos": [0.6631196422647664, 0.0050171092599784715, 0.0005398510432635205], "k_pid_alt": [1.5839097721634374, 0.004260556147257938, 0.006847149206265258], "k_pid_att": [39.31514112533494, 0.36868631709941607, 1.0], "k_pid_yaw": [0.5, 1e-06, 0.1], "k_pid_hsp": [0.10304045747978587, 0.010927066865857165, 0.0], "k_pid_vsp": [135.00802083409755, 126.80220189597968, 7.129533050824833]}, "datetime": {"datetime": "2025-08-12 04:05:16", "elapsed": 41995.3580994606, "delta": 17.264961004257202}, "costs": {"total_cost": 181.81374103507994, "time_cost": 70.574, "final_distance_cost": 1.8281530831957382, "oscillation_cost": 23.605188520258338, "completition_cost": 0.0, "overshoot_cost": 50.812698541163634, "power_cost": 14.085898376464844, "noise_cost": 20.907802513997375, "n_waypoints_completed": 9, "tot_waypoints": 9}}
{"target": -181.66706430993537, "params": {"k_pid_pos": [0.4902954830548923, 0.006299020545721165, 0.0004857341582538358], "k_pid_alt": [1.633089497801958, 0.0036991423715225496, 0.006756596115283047], "k_pid_att": [48.472586563402075, 0.3249750857468561, 0.8416325894487598], "k_pid_yaw": [0.5, 1e-06, 0.1], "k_pid_hsp": [0.09449731627435422, 0.01013998285576508, 0.0], "k_pid_vsp": [108.45024862100549, 110.03219408123867, 6.5946220928312895]}, "datetime": {"datetime": "2025-08-12 04:05:35", "elapsed": 42014.57804656029, "delta": 19.21994709968567}, "costs": {"total_cost": 181.66706430993537, "time_cost": 72.632, "final_distance_cost": 1.8309812438227135, "oscillation_cost": 19.988815351545536, "completition_cost": 0.0, "overshoot_cost": 50.967318303776146, "power_cost": 14.254988537597656, "noise_cost": 21.99296087319332, "n_waypoints_completed": 9, "tot_waypoints": 9}}
{"target": -181.204569733254, "params": {"k_pid_pos": [0.5894867831167364, 0.005426722588052691, 0.0006172315214703261], "k_pid_alt": [1.4706873197684611, 0.004913309386334582, 0.009361395077777189], "k_pid_att": [38.91942727409364, 0.37236235387260547, 0.8249614789773014], "k_pid_yaw": [0.5, 1e-06, 0.1], "k_pid_hsp": [0.09658067441633968, 0.009867604338212837, 0.0], "k_pid_vsp": [113.59934957503349, 120.99523132251007, 5.949229565839812]}, "datetime": {"datetime": "2025-08-12 04:05:52", "elapsed": 42031.96108961105, "delta": 17.38304305076599}, "costs": {"total_cost": 181.204569733254, "time_cost": 71.281, "final_distance_cost": 1.8227806947126286, "oscillation_cost": 21.965784135396415, "completition_cost": 0.0, "overshoot_cost": 50.736693110444904, "power_cost": 14.159147424316407, "noise_cost": 21.23916436838362, "n_waypoints_completed": 9, "tot_waypoints": 9}}
{"target": -182.0219263314179, "params": {"k_pid_pos": [0.6676255561598836, 0.005712512815513978, 0.00046142016065807884], "k_pid_alt": [1.1544488766690675, 0.004888172216637145, 0.007512150266031418], "k_pid_att": [33.827673326170675, 0.3123975062882737, 1.0], "k_pid_yaw": [0.5, 1e-06, 0.1], "k_pid_hsp": [0.09687280486728549, 0.010075475292532948, 0.0], "k_pid_vsp": [139.3371668625656, 151.45103971351563, 5.384582835547263]}, "datetime": {"datetime": "2025-08-12 04:06:12", "elapsed": 42052.33009338379, "delta": 20.369003772735596}, "costs": {"total_cost": 182.0219263314179, "time_cost": 71.036, "final_distance_cost": 1.8012010990984246, "oscillation_cost": 23.326513106545974, "completition_cost": 0.0, "overshoot_cost": 50.93951153449686, "power_cost": 14.117609533691407, "noise_cost": 20.801091057585225, "n_waypoints_completed": 9, "tot_waypoints": 9}}
{"target": -182.65271110399897, "params": {"k_pid_pos": [0.4332564560719881, 0.005721747497305263, 0.0005954121314639425], "k_pid_alt": [1.3685540867010717, 0.004590678121000319, 0.012184082713002108], "k_pid_att": [44.10044094395795, 0.3016545518557217, 0.7939436825021224], "k_pid_yaw": [0.5, 1e-06, 0.1], "k_pid_hsp": [0.07899667377972207, 0.009453103742627941, 0.0], "k_pid_vsp": [94.97529475898345, 143.0041369906997, 7.801344081942983]}, "datetime": {"datetime": "2025-08-12 04:06:31", "elapsed": 42071.04579257965, "delta": 18.715699195861816}, "costs": {"total_cost": 182.65271110399897, "time_cost": 74.34700000000001, "final_distance_cost": 1.8454826842540903, "oscillation_cost": 17.818628441418717, "completition_cost": 0.0, "overshoot_cost": 51.807438125690624, "power_cost": 14.478163623046875, "noise_cost": 22.35599822958867, "n_waypoints_completed": 9, "tot_waypoints": 9}}
{"target": -181.66154717836994, "params": {"k_pid_pos": [0.5278804779152874, 0.0071357728719464554, 0.0006700223235661006], "k_pid_alt": [1.547698208389533, 0.004372384283397135, 0.008510922319459265], "k_pid_att": [33.482850082517714, 0.2961248929681695, 0.9107853684574558], "k_pid_yaw": [0.5, 1e-06, 0.1], "k_pid_hsp": [0.09773345716523622, 0.009324887545046493, 0.0], "k_pid_vsp": [135.73944582464688, 121.46616859805317, 6.719019088545994]}, "datetime": {"datetime": "2025-08-12 04:06:52", "elapsed": 42091.77660679817, "delta": 20.730814218521118}, "costs": {"total_cost": 181.66154717836994, "time_cost": 71.981, "final_distance_cost": 1.8313892231734572, "oscillation_cost": 20.95718166434735, "completition_cost": 0.0, "overshoot_cost": 51.13404415801216, "power_cost": 14.123543530273437, "noise_cost": 21.63438860256357, "n_waypoints_completed": 9, "tot_waypoints": 9}}
{"target": -222.300671736703, "params": {"k_pid_pos": [0.6233391647540371, 0.006270844136535708, 0.0006236394161048537], "k_pid_alt": [1.2539610271552553, 0.004921966317288059, 0.007046744837865067], "k_pid_att": [38.753587207630495, 0.28272235842633026, 0.7910261496229181], "k_pid_yaw": [0.5, 1e-06, 0.1], "k_pid_hsp": [0.045337515215010664, 0.009038243626404369, 0.0], "k_pid_vsp": [157.27560766589724, 92.0241978932162, 6.4761819847489726]}, "datetime": {"datetime": "2025-08-12 04:07:16", "elapsed": 42116.21603894234, "delta": 24.43943214416504}, "costs": {"total_cost": 222.300671736703, "time_cost": 98.44800000000001, "final_distance_cost": 1.76833681412483, "oscillation_cost": 19.16821718562116, "completition_cost": 0.0, "overshoot_cost": 55.60354247031253, "power_cost": 18.553710900878908, "noise_cost": 28.758864365765564, "n_waypoints_completed": 9, "tot_waypoints": 9}}
{"target": -181.5560155950758, "params": {"k_pid_pos": [0.5881290668006668, 0.006785275759444029, 0.0006613659689815457], "k_pid_alt": [1.39531236093531, 0.0037053559214206004, 0.004604410100392901], "k_pid_att": [36.97390196999826, 0.40231237773009987, 0.9439811206338885], "k_pid_yaw": [0.5, 1e-06, 0.1], "k_pid_hsp": [0.10509659190499798, 0.00910580451366218, 0.0], "k_pid_vsp": [154.28601429797945, 127.2191206993137, 4.61497418954736]}, "datetime": {"datetime": "2025-08-12 04:07:35", "elapsed": 42135.28587436676, "delta": 19.069835424423218}, "costs": {"total_cost": 181.5560155950758, "time_cost": 71.162, "final_distance_cost": 1.83872043416119, "oscillation_cost": 22.291264619855962, "completition_cost": 0.0, "overshoot_cost": 50.86952849156562, "power_cost": 14.186369958496094, "noise_cost": 21.20813209099691, "n_waypoints_completed": 9, "tot_waypoints": 9}}
{"target": -181.77079686109607, "params": {"k_pid_pos": [0.5096071238464743, 0.004545824691675623, 0.0007205059303970829], "k_pid_alt": [1.7735800459279651, 0.004825512793248576, 0.007749502767899971], "k_pid_att": [44.79661976310437, 0.4269440834445586, 0.9177583055595552], "k_pid_yaw": [0.5, 1e-06, 0.1], "k_pid_hsp": [0.09800131705182231, 0.010357323491274396, 0.0], "k_pid_vsp": [133.56975042438407, 151.90446922125776, 6.799631031898294]}, "datetime": {"datetime": "2025-08-12 04:07:54", "elapsed": 42153.42677807808, "delta": 18.14090371131897}, "costs": {"total_cost": 181.77079686109607, "time_cost": 72.254, "final_distance_cost": 1.8468490507004827, "oscillation_cost": 20.67124037371354, "completition_cost": 0.0, "overshoot_cost": 51.21313355318173, "power_cost": 14.15794794921875, "noise_cost": 21.62762593428159, "n_waypoints_completed": 9, "tot_waypoints": 9}}
{"target": -181.4690054422357, "params": {"k_pid_pos": [0.5786517334923071, 0.00786035061756958, 0.000597377797408059], "k_pid_alt": [1.707248676840849, 0.004461637486215649, 0.00967343535467355], "k_pid_att": [49.08988742024898, 0.32748818485627634, 0.9439860607194378], "k_pid_yaw": [0.5, 1e-06, 0.1], "k_pid_hsp": [0.09369978243036224, 0.008904180822377261, 0.0], "k_pid_vsp": [107.28010884689763, 125.4624358536085, 6.0124646457639015]}, "datetime": {"datetime": "2025-08-12 04:08:14", "elapsed": 42173.40585422516, "delta": 19.979076147079468}, "costs": {"total_cost": 181.4690054422357, "time_cost": 71.561, "final_distance_cost": 1.8292690088856867, "oscillation_cost": 21.536295933960066, "completition_cost": 0.0, "overshoot_cost": 51.18234163438654, "power_cost": 14.11145731201172, "noise_cost": 21.248641552991714, "n_waypoints_completed": 9, "tot_waypoints": 9}}
{"target": -181.53547040689324, "params": {"k_pid_pos": [0.577814241558616, 0.006906267363100346, 0.0006320455462685623], "k_pid_alt": [1.5433044024469786, 0.0039380692217653645, 0.009370567179754074], "k_pid_att": [47.2008893333223, 0.2717547754699709, 0.8438343581769286], "k_pid_yaw": [0.5, 1e-06, 0.1], "k_pid_hsp": [0.09994381684022974, 0.010227609560597215, 0.0], "k_pid_vsp": [138.9900719987942, 137.4318581197091, 7.134114929090514]}, "datetime": {"datetime": "2025-08-12 04:08:32", "elapsed": 42191.55832004547, "delta": 18.1524658203125}, "costs": {"total_cost": 181.53547040689324, "time_cost": 71.281, "final_distance_cost": 1.837539837299312, "oscillation_cost": 21.891027144776995, "completition_cost": 0.0, "overshoot_cost": 51.0815930106398, "power_cost": 14.154704724121094, "noise_cost": 21.289605690056014, "n_waypoints_completed": 9, "tot_waypoints": 9}}
{"target": -181.44585443921406, "params": {"k_pid_pos": [0.5334835680805762, 0.006672889765978276, 0.0005707550404718498], "k_pid_alt": [1.643476694367388, 0.004064837010687676, 0.006490198789561907], "k_pid_att": [51.94310031462815, 0.34693251885436177, 0.732625769543065], "k_pid_yaw": [0.5, 1e-06, 0.1], "k_pid_hsp": [0.09520693559870258, 0.010899525324695155, 0.0], "k_pid_vsp": [120.25761384658885, 138.3700589755699, 6.690725831325932]}, "datetime": {"datetime": "2025-08-12 04:08:51", "elapsed": 42211.31726503372, "delta": 19.758944988250732}, "costs": {"total_cost": 181.44585443921406, "time_cost": 71.911, "final_distance_cost": 1.8409863397865602, "oscillation_cost": 21.11602195838548, "completition_cost": 0.0, "overshoot_cost": 50.96263187824583, "power_cost": 14.17850692138672, "noise_cost": 21.436707341409456, "n_waypoints_completed": 9, "tot_waypoints": 9}}
{"target": -182.5255823776581, "params": {"k_pid_pos": [0.599766132669085, 0.005682423130084681, 0.0005732776384410072], "k_pid_alt": [1.437347079549716, 0.0060469865218777084, 0.01151161045485121], "k_pid_att": [42.18745746278631, 0.30636995660785066, 0.6832901527978139], "k_pid_yaw": [0.5, 1e-06, 0.1], "k_pid_hsp": [0.08797660305515088, 0.010884427922661671, 0.0], "k_pid_vsp": [143.04915589814135, 130.87969582822598, 7.272726602024233]}, "datetime": {"datetime": "2025-08-12 04:09:09", "elapsed": 42228.987278461456, "delta": 17.670013427734375}, "costs": {"total_cost": 182.5255823776581, "time_cost": 71.925, "final_distance_cost": 1.8107551976441298, "oscillation_cost": 21.86816134433029, "completition_cost": 0.0, "overshoot_cost": 51.34272395897565, "power_cost": 14.197964587402344, "noise_cost": 21.38097728930573, "n_waypoints_completed": 9, "tot_waypoints": 9}}
{"target": -183.11962064239086, "params": {"k_pid_pos": [0.4881976323464838, 0.006583451014243568, 0.000479894171362599], "k_pid_alt": [1.1673703576339125, 0.004785096470590318, 0.009201955640653119], "k_pid_att": [48.640521339519466, 0.32826176131326523, 0.9098182480336576], "k_pid_yaw": [0.5, 1e-06, 0.1], "k_pid_hsp": [0.10645908375774775, 0.011460717228252287, 0.0], "k_pid_vsp": [134.9112564708606, 122.31697997874282, 7.070379068519569]}, "datetime": {"datetime": "2025-08-12 04:09:29", "elapsed": 42248.50417685509, "delta": 19.51689839363098}, "costs": {"total_cost": 183.11962064239086, "time_cost": 73.059, "final_distance_cost": 1.84437680858192, "oscillation_cost": 20.852618586724507, "completition_cost": 0.0, "overshoot_cost": 50.913499157504155, "power_cost": 14.383080541992188, "noise_cost": 22.06704554758806, "n_waypoints_completed": 9, "tot_waypoints": 9}}
{"target": -182.2990349163498, "params": {"k_pid_pos": [0.5754470632224843, 0.005993165490817486, 0.000629227431651636], "k_pid_alt": [1.6775583755686656, 0.005518371490131624, 0.009631869815095432], "k_pid_att": [40.52073017732968, 0.30471807633078196, 0.7130719207765188], "k_pid_yaw": [0.5, 1e-06, 0.1], "k_pid_hsp": [0.08541690001795528, 0.008790332285880678, 0.0], "k_pid_vsp": [157.25284218491095, 140.06407171551635, 6.568891755038991]}, "datetime": {"datetime": "2025-08-12 04:09:47", "elapsed": 42266.63843894005, "delta": 18.134262084960938}, "costs": {"total_cost": 182.2990349163498, "time_cost": 72.191, "final_distance_cost": 1.8284188437287954, "oscillation_cost": 21.062816897082495, "completition_cost": 0.0, "overshoot_cost": 51.47672264548749, "power_cost": 14.249939294433595, "noise_cost": 21.490137235617404, "n_waypoints_completed": 9, "tot_waypoints": 9}}
{"target": -184.07323769598412, "params": {"k_pid_pos": [0.42589583577926254, 0.004578872701774924, 0.000514510987918303], "k_pid_alt": [1.6083911105454298, 0.005415715053660143, 0.013190378919020631], "k_pid_att": [49.29325622355079, 0.3237018594822387, 0.9749009903388538], "k_pid_yaw": [0.5, 1e-06, 0.1], "k_pid_hsp": [0.0949299252943167, 0.01025919470974443, 0.0], "k_pid_vsp": [130.77454972498734, 128.339913326675, 7.154021928731525]}, "datetime": {"datetime": "2025-08-12 04:10:05", "elapsed": 42285.28783082962, "delta": 18.649391889572144}, "costs": {"total_cost": 184.07323769598412, "time_cost": 74.508, "final_distance_cost": 1.8522199681354563, "oscillation_cost": 18.80342897956169, "completition_cost": 0.0, "overshoot_cost": 51.59786061411187, "power_cost": 14.516435559082032, "noise_cost": 22.79529257509307, "n_waypoints_completed": 9, "tot_waypoints": 9}}
