{"target": -186.12925346701905, "params": {"k_pid_pos": [0.7063192193604978, 0.007949253308231824, 0.047817111376646036], "k_pid_alt": [1.5688299277172935, 0.005368208677609894, 0.06678338296659726], "k_pid_att": [12.70981990075046, 1.4409012594916832, 0.3474857994226526], "k_pid_yaw": [0.5, 1e-06, 0.1], "k_pid_hsp": [0.07086811986804212, 0.018219407685423333, 0.0], "k_pid_vsp": [154.02158034345828, 76.88987692147658, 3.155360741248502]}, "datetime": {"datetime": "2025-08-11 19:13:42", "elapsed": 10102.16749548912, "delta": 18.262715816497803}, "costs": {"total_cost": 186.12925346701905, "time_cost": 72.66, "final_distance_cost": 1.8025498297509046, "oscillation_cost": 24.750514913251813, "completition_cost": 0.0, "overshoot_cost": 51.12924971604147, "power_cost": 14.481508996582033, "noise_cost": 21.305430011392847, "n_waypoints_completed": 9, "tot_waypoints": 9}}
{"target": -247.35961583780568, "params": {"k_pid_pos": [0.22543182551329308, 0.09253470695129383, 0.053718214145623756], "k_pid_alt": [0.6219228936081395, 0.006590086467380154, 0.046137241915980544], "k_pid_att": [22.323093440703374, 1.1084439875103715, 0.3111950278974846], "k_pid_yaw": [0.5, 1e-06, 0.1], "k_pid_hsp": [0.10391111446356761, 0.022161783955159248, 0.0], "k_pid_vsp": [5.068055364780075, 52.513715128301705, 0.06726246776530272]}, "datetime": {"datetime": "2025-08-11 19:14:11", "elapsed": 10130.747886657715, "delta": 28.58039116859436}, "costs": {"total_cost": 247.35961583780568, "time_cost": 114.226, "final_distance_cost": 1.8586283471361338, "oscillation_cost": 17.03429774710739, "completition_cost": 0.0, "overshoot_cost": 56.37767312007206, "power_cost": 21.921757153320314, "noise_cost": 35.941259470169754, "n_waypoints_completed": 9, "tot_waypoints": 9}}
{"target": -1422.5217500187298, "params": {"k_pid_pos": [0.5838288401975232, 0.041859353347441175, 0.05402766738928274], "k_pid_alt": [0.0, 0.0009272343573024237, 0.05812652247405986], "k_pid_att": [9.131826841097366, 0.9484932654596404, 0.7825110125116828], "k_pid_yaw": [0.5, 1e-06, 0.1], "k_pid_hsp": [0.18468160173827908, 0.024063405571320143, 0.0], "k_pid_vsp": [0.0, 55.966377430516765, 1e-06]}, "datetime": {"datetime": "2025-08-11 19:14:41", "elapsed": 10160.773752450943, "delta": 30.02586579322815}, "costs": {"total_cost": 1422.5217500187298, "time_cost": 150, "final_distance_cost": 4.5333942076456495, "oscillation_cost": 3.113453956018862, "completition_cost": 1000.0, "overshoot_cost": 156.1303026574627, "power_cost": 20.417332580566406, "noise_cost": 88.32726661703633, "n_waypoints_completed": 0, "tot_waypoints": 9}}
{"target": -194.85623882307758, "params": {"k_pid_pos": [0.4365613511534813, 0.059786871840688094, 0.022591413936600902], "k_pid_alt": [2.0, 0.006519744780417884, 0.02513157438319025], "k_pid_att": [18.451891653054734, 0.9309547548346692, 0.7797687440602926], "k_pid_yaw": [0.5, 1e-06, 0.1], "k_pid_hsp": [0.2569411848498003, 0.013526622904923853, 0.0], "k_pid_vsp": [127.2450309966365, 112.37345152871177, 1.5552891846131114]}, "datetime": {"datetime": "2025-08-11 19:15:00", "elapsed": 10180.051834583282, "delta": 19.278082132339478}, "costs": {"total_cost": 194.85623882307758, "time_cost": 77.539, "final_distance_cost": 1.8495617656370207, "oscillation_cost": 23.961871941746963, "completition_cost": 0.0, "overshoot_cost": 51.917907162452465, "power_cost": 15.277361877441408, "noise_cost": 24.310536075799728, "n_waypoints_completed": 9, "tot_waypoints": 9}}
{"target": -185.07552780097717, "params": {"k_pid_pos": [0.7170681985063257, 0.06379106316283296, 0.029937852328021337], "k_pid_alt": [1.5137401676803657, 0.006878575942343535, 0.06595143533309993], "k_pid_att": [19.037343773433673, 1.1725349781082395, 0.6538404027692734], "k_pid_yaw": [0.5, 1e-06, 0.1], "k_pid_hsp": [0.3003642111179561, 0.015048104539416797, 0.0], "k_pid_vsp": [74.1406421372583, 62.59142665821988, 1e-06]}, "datetime": {"datetime": "2025-08-11 19:15:18", "elapsed": 10197.364243030548, "delta": 17.312408447265625}, "costs": {"total_cost": 185.07552780097717, "time_cost": 70.672, "final_distance_cost": 1.831395046899514, "oscillation_cost": 25.939353138853335, "completition_cost": 0.0, "overshoot_cost": 50.816273333513536, "power_cost": 14.428228283691407, "noise_cost": 21.388277998019394, "n_waypoints_completed": 9, "tot_waypoints": 9}}
{"target": -213.44696503928685, "params": {"k_pid_pos": [0.4718611307345673, 0.11056610913031566, 0.037949910064638506], "k_pid_alt": [0.9641747943168042, 0.004374621290090413, 0.030196335621194004], "k_pid_att": [14.055198670484996, 0.9093400452796411, 0.32051609947995197], "k_pid_yaw": [0.5, 1e-06, 0.1], "k_pid_hsp": [0.38783153530655023, 0.017773214367358663, 0.0], "k_pid_vsp": [0.0, 82.95303026762859, 8.754620866647926]}, "datetime": {"datetime": "2025-08-11 19:15:38", "elapsed": 10217.818222045898, "delta": 20.453979015350342}, "costs": {"total_cost": 213.44696503928685, "time_cost": 82.495, "final_distance_cost": 1.8462351795325864, "oscillation_cost": 33.23160786069694, "completition_cost": 0.0, "overshoot_cost": 54.17956523292669, "power_cost": 19.16263143310547, "noise_cost": 22.53192533302515, "n_waypoints_completed": 9, "tot_waypoints": 9}}
{"target": -400.6315504190654, "params": {"k_pid_pos": [0.15200805535085818, 0.07585765171409431, 0.049565973684951255], "k_pid_alt": [0.5887420189797271, 0.0044514045559691144, 0.06223243653851107], "k_pid_att": [3.857975555101231, 0.9367836698519992, 0.7433316388532768], "k_pid_yaw": [0.5, 1e-06, 0.1], "k_pid_hsp": [0.10380188573977474, 0.0, 0.0], "k_pid_vsp": [224.68777440997317, 100.91049821381638, 0.2348037781995996]}, "datetime": {"datetime": "2025-08-11 19:16:08", "elapsed": 10247.51946592331, "delta": 29.70124387741089}, "costs": {"total_cost": 400.6315504190654, "time_cost": 150, "final_distance_cost": 5.586242281826828, "oscillation_cost": 10.761240947461593, "completition_cost": 111.11111111111116, "overshoot_cost": 64.46296333532065, "power_cost": 21.7879185546875, "noise_cost": 36.92207418865764, "n_waypoints_completed": 8, "tot_waypoints": 9}}
{"target": -187.12160819690106, "params": {"k_pid_pos": [0.913408808820262, 0.07195079685685028, 0.08753108797522047], "k_pid_alt": [1.009315889785593, 0.004112428798734244, 0.007696229916823276], "k_pid_att": [5.919115110956223, 0.0001, 0.5189221118151487], "k_pid_yaw": [0.5, 1e-06, 0.1], "k_pid_hsp": [0.23520778817987106, 0.0, 0.0], "k_pid_vsp": [238.7520083582108, 52.85209147802627, 3.363081787665985]}, "datetime": {"datetime": "2025-08-11 19:16:25", "elapsed": 10265.120304584503, "delta": 17.600838661193848}, "costs": {"total_cost": 187.12160819690106, "time_cost": 70.742, "final_distance_cost": 1.8273102908333554, "oscillation_cost": 27.456776100866858, "completition_cost": 0.0, "overshoot_cost": 51.3368907657056, "power_cost": 14.46693798828125, "noise_cost": 21.291693051213997, "n_waypoints_completed": 9, "tot_waypoints": 9}}
{"target": -186.4998475971374, "params": {"k_pid_pos": [0.680486343084436, 0.08005803934034018, 0.019980405813696353], "k_pid_alt": [1.5359138062975344, 0.004085717901895344, 0.03577840291534381], "k_pid_att": [13.038591942949646, 1.1434560889306515, 0.5111113339764098], "k_pid_yaw": [0.5, 1e-06, 0.1], "k_pid_hsp": [0.2768449016148309, 0.007485998236986847, 0.0], "k_pid_vsp": [324.07805319245676, 57.76523580911368, 4.159844018086324]}, "datetime": {"datetime": "2025-08-11 19:16:43", "elapsed": 10283.036241292953, "delta": 17.915936708450317}, "costs": {"total_cost": 186.4998475971374, "time_cost": 71.736, "final_distance_cost": 1.8388497905586898, "oscillation_cost": 25.37425797836875, "completition_cost": 0.0, "overshoot_cost": 51.190847863345354, "power_cost": 14.511256420898437, "noise_cost": 21.848635543966164, "n_waypoints_completed": 9, "tot_waypoints": 9}}
{"target": -194.45402082427165, "params": {"k_pid_pos": [0.9132955460269097, 0.005236953943744266, 0.014277702463326951], "k_pid_alt": [1.4060927786464201, 0.006560130395178911, 0.04920509911347685], "k_pid_att": [13.425649776751682, 0.9455436990650666, 0.287769276004114], "k_pid_yaw": [0.5, 1e-06, 0.1], "k_pid_hsp": [0.27058488382838336, 0.019817304362733826, 0.0], "k_pid_vsp": [0.0, 77.06359442415936, 2.9586398098030773]}, "datetime": {"datetime": "2025-08-11 19:17:02", "elapsed": 10301.418387174606, "delta": 18.382145881652832}, "costs": {"total_cost": 194.45402082427165, "time_cost": 71.414, "final_distance_cost": 1.8210908774944081, "oscillation_cost": 34.1193602170039, "completition_cost": 0.0, "overshoot_cost": 50.97654576465334, "power_cost": 17.492364184570313, "noise_cost": 18.6306597805497, "n_waypoints_completed": 9, "tot_waypoints": 9}}
{"target": -190.5169811050076, "params": {"k_pid_pos": [1.5066255856629365, 0.10510540795748623, 0.07351549048511474], "k_pid_alt": [1.5746489260936787, 0.006289196535122156, 0.06631294352930371], "k_pid_att": [13.034071960884658, 1.0025579260842057, 0.3048846105169276], "k_pid_yaw": [0.5, 1e-06, 0.1], "k_pid_hsp": [0.1337649436243082, 0.016628828906377822, 0.0], "k_pid_vsp": [271.4729451975491, 115.30991981338633, 3.5781537613310803]}, "datetime": {"datetime": "2025-08-11 19:17:19", "elapsed": 10318.371781110764, "delta": 16.953393936157227}, "costs": {"total_cost": 190.5169811050076, "time_cost": 69.552, "final_distance_cost": 1.74866224883942, "oscillation_cost": 33.17702365463427, "completition_cost": 0.0, "overshoot_cost": 50.629716729348075, "power_cost": 14.82728876953125, "noise_cost": 20.58228970265455, "n_waypoints_completed": 9, "tot_waypoints": 9}}
{"target": -187.9134000369163, "params": {"k_pid_pos": [0.6859840078210114, 0.02547778151991191, 0.0015219550259298862], "k_pid_alt": [0.7973468479412174, 0.0030192521750086877, 0.05285214399765248], "k_pid_att": [15.185816943381832, 1.3447496298417547, 0.3598499306694705], "k_pid_yaw": [0.5, 1e-06, 0.1], "k_pid_hsp": [0.22715063202608018, 0.01800645178062169, 0.0], "k_pid_vsp": [167.46138656492917, 45.36718097608741, 1e-06]}, "datetime": {"datetime": "2025-08-11 19:17:37", "elapsed": 10336.854281187057, "delta": 18.482500076293945}, "costs": {"total_cost": 187.9134000369163, "time_cost": 72.541, "final_distance_cost": 1.8376094781909218, "oscillation_cost": 26.469934448393893, "completition_cost": 0.0, "overshoot_cost": 50.742513706766744, "power_cost": 14.657372875976563, "noise_cost": 21.66496952758817, "n_waypoints_completed": 9, "tot_waypoints": 9}}
{"target": -186.48824934290656, "params": {"k_pid_pos": [0.684726672030521, 0.07027633876848687, 0.02885483340418678], "k_pid_alt": [0.9465236521220177, 0.0021250656635188082, 0.04056016802283176], "k_pid_att": [8.510175973588733, 1.4643751393251898, 0.20010855430939603], "k_pid_yaw": [0.5, 1e-06, 0.1], "k_pid_hsp": [0.19708762580437958, 0.010368216448372505, 0.0], "k_pid_vsp": [23.04086034616672, 57.38382555840864, 1e-06]}, "datetime": {"datetime": "2025-08-11 19:17:55", "elapsed": 10355.348615407944, "delta": 18.49433422088623}, "costs": {"total_cost": 186.48824934290656, "time_cost": 71.533, "final_distance_cost": 1.8360229702474857, "oscillation_cost": 26.541487965821382, "completition_cost": 0.0, "overshoot_cost": 50.73459550692775, "power_cost": 14.535270751953126, "noise_cost": 21.307872147956807, "n_waypoints_completed": 9, "tot_waypoints": 9}}
{"target": -189.3452441986185, "params": {"k_pid_pos": [0.4375759259441659, 0.06573839128942925, 0.03514201186303768], "k_pid_alt": [1.2070016296615254, 0.0036516675803345507, 0.0648252258711182], "k_pid_att": [9.451770100772068, 0.6157293600044403, 0.25404813862915315], "k_pid_yaw": [0.5, 1e-06, 0.1], "k_pid_hsp": [0.118866691949481, 0.014795529600000018, 0.0], "k_pid_vsp": [193.47116461412452, 60.05086069412986, 1e-06]}, "datetime": {"datetime": "2025-08-11 19:18:15", "elapsed": 10374.46368098259, "delta": 19.115065574645996}, "costs": {"total_cost": 189.3452441986185, "time_cost": 76.433, "final_distance_cost": 1.837972013288489, "oscillation_cost": 21.137219909557658, "completition_cost": 0.0, "overshoot_cost": 51.624603597892765, "power_cost": 14.91995322265625, "noise_cost": 23.39249545522334, "n_waypoints_completed": 9, "tot_waypoints": 9}}
{"target": -184.27771420621147, "params": {"k_pid_pos": [0.7326028177682308, 0.054374674236674185, 0.0399684792353198], "k_pid_alt": [1.5214805813979766, 0.0024939887634473166, 0.05827626094349667], "k_pid_att": [12.391725699381192, 1.5540762666157029, 0.804084772351873], "k_pid_yaw": [0.5, 1e-06, 0.1], "k_pid_hsp": [0.20263767782049022, 0.0, 0.0], "k_pid_vsp": [101.07668871672489, 91.92171266474163, 5.534269750771838]}, "datetime": {"datetime": "2025-08-11 19:18:32", "elapsed": 10392.190392255783, "delta": 17.72671127319336}, "costs": {"total_cost": 184.27771420621147, "time_cost": 70.56, "final_distance_cost": 1.8259994824875052, "oscillation_cost": 25.29202511938546, "completition_cost": 0.0, "overshoot_cost": 50.953045635891435, "power_cost": 14.297564331054689, "noise_cost": 21.34907963739238, "n_waypoints_completed": 9, "tot_waypoints": 9}}
{"target": -192.35798859202725, "params": {"k_pid_pos": [0.596808642570377, 0.003600614116394995, 0.0], "k_pid_alt": [1.5799179107748105, 0.004882497889028621, 0.01729570662742838], "k_pid_att": [15.737664531120425, 0.64887813174168, 0.0], "k_pid_yaw": [0.5, 1e-06, 0.1], "k_pid_hsp": [0.2170750055548555, 0.028161574307834197, 0.0], "k_pid_vsp": [92.84019156703567, 50.21421693836222, 2.7454428271866953]}, "datetime": {"datetime": "2025-08-11 19:18:50", "elapsed": 10410.115329504013, "delta": 17.92493724822998}, "costs": {"total_cost": 192.35798859202725, "time_cost": 72.73, "final_distance_cost": 1.8532899017683961, "oscillation_cost": 30.00560246969754, "completition_cost": 0.0, "overshoot_cost": 50.68923652888457, "power_cost": 14.62434744873047, "noise_cost": 22.45551224294626, "n_waypoints_completed": 9, "tot_waypoints": 9}}
{"target": -188.49440720289368, "params": {"k_pid_pos": [0.5219163153266254, 0.034353703562442335, 0.0], "k_pid_alt": [1.7238546826097043, 0.00719956574302344, 0.006984283947259667], "k_pid_att": [19.9413614620761, 1.3922590095890193, 0.31859549250328084], "k_pid_yaw": [0.5, 1e-06, 0.1], "k_pid_hsp": [0.18165156498036153, 0.0191817091544704, 0.0], "k_pid_vsp": [121.36312733842327, 60.450802484819555, 1e-06]}, "datetime": {"datetime": "2025-08-11 19:19:08", "elapsed": 10428.291327953339, "delta": 18.17599844932556}, "costs": {"total_cost": 188.49440720289368, "time_cost": 73.178, "final_distance_cost": 1.8537853076203343, "oscillation_cost": 25.424034250506548, "completition_cost": 0.0, "overshoot_cost": 50.913905184176095, "power_cost": 14.624466601562501, "noise_cost": 22.50021585902822, "n_waypoints_completed": 9, "tot_waypoints": 9}}
{"target": -186.31948986889574, "params": {"k_pid_pos": [0.6555564617904156, 0.06528131753372131, 0.018682001044529013], "k_pid_alt": [2.0, 0.006166745342073542, 0.07091310432564962], "k_pid_att": [7.638504917627258, 1.5851896959096254, 0.7725799664954544], "k_pid_yaw": [0.5, 1e-06, 0.1], "k_pid_hsp": [0.24175821148205676, 0.011810859822750604, 0.0], "k_pid_vsp": [152.41893344193372, 57.44646906329039, 8.80622564877894]}, "datetime": {"datetime": "2025-08-11 19:19:26", "elapsed": 10446.174156665802, "delta": 17.88282871246338}, "costs": {"total_cost": 186.31948986889574, "time_cost": 71.386, "final_distance_cost": 1.8398192925582708, "oscillation_cost": 25.546236112611115, "completition_cost": 0.0, "overshoot_cost": 50.958237631553345, "power_cost": 16.271824865722657, "noise_cost": 20.31737196645033, "n_waypoints_completed": 9, "tot_waypoints": 9}}
{"target": -193.9623479112954, "params": {"k_pid_pos": [0.4813278512429518, 0.08089476963997774, 0.05615504674992985], "k_pid_alt": [1.1768822781014894, 0.005149013232381139, 0.010227595073677102], "k_pid_att": [20.246058377367348, 1.715890474936592, 0.6153159010733338], "k_pid_yaw": [0.5, 1e-06, 0.1], "k_pid_hsp": [0.17210415333027626, 0.007453583346564878, 0.0], "k_pid_vsp": [158.2906634412733, 67.98750672683394, 1e-06]}, "datetime": {"datetime": "2025-08-11 19:19:46", "elapsed": 10466.09507894516, "delta": 19.92092227935791}, "costs": {"total_cost": 193.9623479112954, "time_cost": 77.714, "final_distance_cost": 1.8439094700546155, "oscillation_cost": 23.224341466095982, "completition_cost": 0.0, "overshoot_cost": 51.99238492042095, "power_cost": 15.223230969238282, "noise_cost": 23.964481085485613, "n_waypoints_completed": 9, "tot_waypoints": 9}}
{"target": -189.95466006209594, "params": {"k_pid_pos": [0.39728325708968987, 0.04555730528201496, 0.06869966768721097], "k_pid_alt": [1.4924114310107275, 0.005056139293635524, 0.08560319010790567], "k_pid_att": [16.586952085393385, 0.8774790812637138, 0.539481227877295], "k_pid_yaw": [0.5, 1e-06, 0.1], "k_pid_hsp": [0.08207106777221664, 0.009498617417283885, 0.0], "k_pid_vsp": [171.2769741256127, 50.08792610829014, 0.39953996399615405]}, "datetime": {"datetime": "2025-08-11 19:20:06", "elapsed": 10485.570116519928, "delta": 19.475037574768066}, "costs": {"total_cost": 189.95466006209594, "time_cost": 78.071, "final_distance_cost": 1.8398775051214487, "oscillation_cost": 17.310090931351034, "completition_cost": 0.0, "overshoot_cost": 53.511633669012426, "power_cost": 15.046815087890625, "noise_cost": 24.175242868720424, "n_waypoints_completed": 9, "tot_waypoints": 9}}
{"target": -191.21099168929476, "params": {"k_pid_pos": [0.9690560226122384, 0.10986426018048125, 0.07080976767060716], "k_pid_alt": [2.0, 0.009437583614464243, 0.05415556547277111], "k_pid_att": [21.937562500336302, 1.5614505137909906, 0.0], "k_pid_yaw": [0.5, 1e-06, 0.1], "k_pid_hsp": [0.16065930054907854, 0.016670022507941237, 0.0], "k_pid_vsp": [140.69711978914452, 48.07860584333292, 3.3863802653054442]}, "datetime": {"datetime": "2025-08-11 19:20:23", "elapsed": 10502.924888849258, "delta": 17.354772329330444}, "costs": {"total_cost": 191.21099168929476, "time_cost": 70.084, "final_distance_cost": 1.7962032218839206, "oscillation_cost": 32.9817709975011, "completition_cost": 0.0, "overshoot_cost": 50.893258945474145, "power_cost": 14.533330029296875, "noise_cost": 20.922428495138725, "n_waypoints_completed": 9, "tot_waypoints": 9}}
{"target": -1348.7728275614807, "params": {"k_pid_pos": [0.2542250405616425, 0.07848828877550998, 0.0389571401999222], "k_pid_alt": [0.0, 0.006799118208871811, 0.04852498222388205], "k_pid_att": [11.736128489452803, 1.5603919416893515, 0.480655726483106], "k_pid_yaw": [0.5, 1e-06, 0.1], "k_pid_hsp": [0.22444155635275584, 0.007980680584649463, 0.0], "k_pid_vsp": [131.55648417927947, 84.848023084199, 1.5442642236228215]}, "datetime": {"datetime": "2025-08-11 19:20:53", "elapsed": 10532.527408361435, "delta": 29.602519512176514}, "costs": {"total_cost": 1348.7728275614807, "time_cost": 150, "final_distance_cost": 33.83393829229993, "oscillation_cost": 2.0630898964920052, "completition_cost": 1000.0, "overshoot_cost": 102.64618388845142, "power_cost": 20.992154455566407, "noise_cost": 39.23746102867118, "n_waypoints_completed": 0, "tot_waypoints": 9}}
{"target": -191.63713547041033, "params": {"k_pid_pos": [0.46746852737001304, 0.05256141625861549, 0.13465676842897026], "k_pid_alt": [2.0, 0.0031862826831242446, 0.05561085505117242], "k_pid_att": [20.742941169915515, 0.7395631515149855, 0.9243253643284964], "k_pid_yaw": [0.5, 1e-06, 0.1], "k_pid_hsp": [0.14562910442325946, 0.014365930561026835, 0.0], "k_pid_vsp": [73.47335805332854, 93.47893649551544, 5.1932857326638]}, "datetime": {"datetime": "2025-08-11 19:21:13", "elapsed": 10552.66866350174, "delta": 20.141255140304565}, "costs": {"total_cost": 191.63713547041033, "time_cost": 76.685, "final_distance_cost": 1.8550927122189287, "oscillation_cost": 22.354481394946504, "completition_cost": 0.0, "overshoot_cost": 51.66625251133733, "power_cost": 15.106141711425781, "noise_cost": 23.970167140481767, "n_waypoints_completed": 9, "tot_waypoints": 9}}
{"target": -231.39185887611026, "params": {"k_pid_pos": [0.2696648269775489, 0.052487995437222774, 0.04920585211038305], "k_pid_alt": [1.2304093705508465, 0.008723362337071347, 0.07353072773877033], "k_pid_att": [29.1136308428452, 0.2654659195220754, 0.4091287111417288], "k_pid_yaw": [0.5, 1e-06, 0.1], "k_pid_hsp": [0.07073372006805792, 0.015115722904752821, 0.0], "k_pid_vsp": [146.14492362715237, 6.441068226166533, 1e-06]}, "datetime": {"datetime": "2025-08-11 19:21:39", "elapsed": 10578.544607877731, "delta": 25.87594437599182}, "costs": {"total_cost": 231.39185887611026, "time_cost": 103.992, "final_distance_cost": 1.8606671163259663, "oscillation_cost": 15.393975678108314, "completition_cost": 0.0, "overshoot_cost": 56.153854976965384, "power_cost": 19.310368579101564, "noise_cost": 34.68099252560901, "n_waypoints_completed": 9, "tot_waypoints": 9}}
{"target": -203.63558251539098, "params": {"k_pid_pos": [0.5247434721110983, 0.0242959087277429, 0.14949958462692767], "k_pid_alt": [1.753219302911102, 0.0033617240368174865, 0.0473652925179599], "k_pid_att": [5.265139226423513, 0.6969917509114678, 0.6020764175590808], "k_pid_yaw": [0.5, 1e-06, 0.1], "k_pid_hsp": [0.03673098074411059, 0.015809636868705276, 0.0], "k_pid_vsp": [100.65553351415195, 13.99384699226357, 0.934976882970655]}, "datetime": {"datetime": "2025-08-11 19:22:00", "elapsed": 10599.82247376442, "delta": 21.277865886688232}, "costs": {"total_cost": 203.63558251539098, "time_cost": 86.247, "final_distance_cost": 1.8198225916909825, "oscillation_cost": 16.98086916282926, "completition_cost": 0.0, "overshoot_cost": 56.70370470859655, "power_cost": 16.250715356445312, "noise_cost": 25.633470695828848, "n_waypoints_completed": 9, "tot_waypoints": 9}}
