{"target": -254.71837755146058, "params": {"k_pid_pos": [0.5059017255078994, 0.013176029993533704, 0.0016375657910751588], "k_pid_alt": [0.8957221681056554, 0.004866056379113751, 0.04717121571192536], "k_pid_att": [65.23881414581341, 0.1270755589934245, 0.9640333313474355], "k_pid_yaw": [0.5, 1e-06, 0.1], "k_pid_hsp": [0.024364063471585613, 0.010929107644095937, 0.0], "k_pid_vsp": [80.39889515983374, 113.59061785603127, 7.685659015005277]}, "datetime": {"datetime": "2025-08-11 21:01:17", "elapsed": 16556.66322875023, "delta": 30.63481378555298}, "costs": {"total_cost": 254.71837755146058, "time_cost": 118.132, "final_distance_cost": 1.7592912577599464, "oscillation_cost": 13.58827328913212, "completition_cost": 0.0, "overshoot_cost": 65.2924167308546, "power_cost": 21.640010095214844, "noise_cost": 34.30638617849905, "n_waypoints_completed": 9, "tot_waypoints": 9}}
{"target": -183.20222384012152, "params": {"k_pid_pos": [0.6798872374505042, 0.006966800891577239, 0.0016864011928543886], "k_pid_alt": [2.0, 0.004886184505420986, 0.02898911665389085], "k_pid_att": [53.36096365455861, 0.3759440129992911, 0.7603001579273765], "k_pid_yaw": [0.5, 1e-06, 0.1], "k_pid_hsp": [0.08745004098076992, 0.008602440030840907, 0.0], "k_pid_vsp": [91.3049022117445, 136.31149973852482, 2.5789209059971774]}, "datetime": {"datetime": "2025-08-11 21:01:35", "elapsed": 16575.082562685013, "delta": 18.419333934783936}, "costs": {"total_cost": 183.20222384012152, "time_cost": 71.764, "final_distance_cost": 1.7933846903506525, "oscillation_cost": 22.97260916471991, "completition_cost": 0.0, "overshoot_cost": 51.12177371727006, "power_cost": 14.331052966308594, "noise_cost": 21.219403301472326, "n_waypoints_completed": 9, "tot_waypoints": 9}}
{"target": -183.1755371056338, "params": {"k_pid_pos": [0.5354147482851036, 0.010165996619204962, 0.0], "k_pid_alt": [0.8673586505272016, 0.006830427411706384, 0.046776124966483444], "k_pid_att": [69.7055967842416, 0.5331207102294125, 1.0], "k_pid_yaw": [0.5, 1e-06, 0.1], "k_pid_hsp": [0.09204890375921025, 0.008684596402613114, 0.0], "k_pid_vsp": [80.62088605305037, 129.47058973114363, 5.621333899644841]}, "datetime": {"datetime": "2025-08-11 21:01:53", "elapsed": 16592.92980504036, "delta": 17.84724235534668}, "costs": {"total_cost": 183.1755371056338, "time_cost": 73.066, "final_distance_cost": 1.8304233165526111, "oscillation_cost": 20.899351828290573, "completition_cost": 0.0, "overshoot_cost": 51.48137622768698, "power_cost": 14.334658801269532, "noise_cost": 21.56372693183408, "n_waypoints_completed": 9, "tot_waypoints": 9}}
{"target": -183.43465647197084, "params": {"k_pid_pos": [0.46411238545799804, 0.007951195469465674, 0.000930495231730112], "k_pid_alt": [1.379162496380707, 0.005336935452345906, 0.03414283221339077], "k_pid_att": [80.27318863048544, 0.13931451536745468, 1.0], "k_pid_yaw": [0.5, 1e-06, 0.1], "k_pid_hsp": [0.09887626414891021, 0.007432577696756419, 0.0], "k_pid_vsp": [69.26853921300604, 112.12925595563611, 4.522892548046127]}, "datetime": {"datetime": "2025-08-11 21:02:12", "elapsed": 16611.56370973587, "delta": 18.633904695510864}, "costs": {"total_cost": 183.43465647197084, "time_cost": 73.367, "final_distance_cost": 1.8455949570836687, "oscillation_cost": 19.62546886619579, "completition_cost": 0.0, "overshoot_cost": 51.985154586148, "power_cost": 14.37389100341797, "noise_cost": 22.2375470591254, "n_waypoints_completed": 9, "tot_waypoints": 9}}
{"target": -182.22129699988852, "params": {"k_pid_pos": [0.6543979700313046, 0.008553097478880771, 0.0008090707259713533], "k_pid_alt": [1.6146740693257449, 0.005895838473743147, 0.03929467316419113], "k_pid_att": [30.275473920608537, 0.8630949646844627, 0.49154390692923133], "k_pid_yaw": [0.5, 1e-06, 0.1], "k_pid_hsp": [0.1251765320218534, 0.012586064594344368, 0.0], "k_pid_vsp": [61.08048710003643, 88.33738766038864, 7.942773634383926]}, "datetime": {"datetime": "2025-08-11 21:02:29", "elapsed": 16628.82554745674, "delta": 17.26183772087097}, "costs": {"total_cost": 182.22129699988852, "time_cost": 70.399, "final_distance_cost": 1.8219452325116723, "oscillation_cost": 24.334818305126596, "completition_cost": 0.0, "overshoot_cost": 50.55977872276639, "power_cost": 14.106038110351562, "noise_cost": 20.999716629132323, "n_waypoints_completed": 9, "tot_waypoints": 9}}
{"target": -189.8007141606796, "params": {"k_pid_pos": [0.475012547328852, 0.011699356388469716, 0.0020065919397114374], "k_pid_alt": [0.6875273195227675, 0.0042075240237829485, 0.026547636261145594], "k_pid_att": [51.8576855708838, 0.3816397381385747, 1.0], "k_pid_yaw": [0.5, 1e-06, 0.1], "k_pid_hsp": [0.13507171708576032, 0.00511960695160204, 0.0], "k_pid_vsp": [94.17741479962513, 117.71194426833274, 4.4716589626103955]}, "datetime": {"datetime": "2025-08-11 21:02:49", "elapsed": 16648.66707110405, "delta": 19.84152364730835}, "costs": {"total_cost": 189.8007141606796, "time_cost": 76.748, "final_distance_cost": 1.8519981211727194, "oscillation_cost": 21.691155242711968, "completition_cost": 0.0, "overshoot_cost": 51.75192754958132, "power_cost": 14.903077111816406, "noise_cost": 22.854556135397203, "n_waypoints_completed": 9, "tot_waypoints": 9}}
{"target": -187.77414136884923, "params": {"k_pid_pos": [0.8645252268795599, 0.01090695754029517, 0.0014126573526479643], "k_pid_alt": [2.0, 0.0045289980713060845, 0.038149908752918016], "k_pid_att": [37.44667003214679, 0.29264819196304687, 0.8754343592831265], "k_pid_yaw": [0.5, 1e-06, 0.1], "k_pid_hsp": [0.08069301255371104, 0.01889125417882542, 0.0], "k_pid_vsp": [74.26940929584204, 169.31105854403805, 3.893869505101561]}, "datetime": {"datetime": "2025-08-11 21:03:07", "elapsed": 16667.324717521667, "delta": 18.657646417617798}, "costs": {"total_cost": 187.77414136884923, "time_cost": 71.505, "final_distance_cost": 1.8104990234803262, "oscillation_cost": 28.21900839872051, "completition_cost": 0.0, "overshoot_cost": 50.830996596242734, "power_cost": 14.667529846191407, "noise_cost": 20.741107504214266, "n_waypoints_completed": 9, "tot_waypoints": 9}}
{"target": -233.83019239062475, "params": {"k_pid_pos": [0.2592229738807524, 0.0, 0.0008780177520859974], "k_pid_alt": [1.5051283634529906, 0.004356918160194813, 0.02814162639630818], "k_pid_att": [41.80540355820224, 0.4141185854381919, 0.7676696602477647], "k_pid_yaw": [0.5, 1e-06, 0.1], "k_pid_hsp": [0.06290608835761355, 0.01818406165028254, 0.0], "k_pid_vsp": [134.12258117497873, 99.50533616217287, 5.28388982340925]}, "datetime": {"datetime": "2025-08-11 21:03:34", "elapsed": 16694.34684062004, "delta": 27.022123098373413}, "costs": {"total_cost": 233.83019239062475, "time_cost": 104.706, "final_distance_cost": 1.8617886893576119, "oscillation_cost": 15.51744989835416, "completition_cost": 0.0, "overshoot_cost": 55.47192728203688, "power_cost": 19.486554162597656, "noise_cost": 36.78647235827843, "n_waypoints_completed": 9, "tot_waypoints": 9}}
{"target": -200.73133043873486, "params": {"k_pid_pos": [0.5763126496614496, 0.0, 0.0026745448707894966], "k_pid_alt": [0.37638968786857424, 0.004216457582816783, 0.027541140752960155], "k_pid_att": [41.54687450558354, 0.3716901021349006, 0.8501804244089035], "k_pid_yaw": [0.5, 1e-06, 0.1], "k_pid_hsp": [0.13711426349659647, 0.017956463658108112, 0.0], "k_pid_vsp": [78.71914099645089, 133.48274220411278, 4.103718953122126]}, "datetime": {"datetime": "2025-08-11 21:03:55", "elapsed": 16714.740948438644, "delta": 20.394107818603516}, "costs": {"total_cost": 200.73133043873486, "time_cost": 82.677, "final_distance_cost": 1.853400137466924, "oscillation_cost": 25.749233696647753, "completition_cost": 0.0, "overshoot_cost": 50.58972510990907, "power_cost": 16.189171704101565, "noise_cost": 23.672799790609545, "n_waypoints_completed": 9, "tot_waypoints": 9}}
{"target": -193.17539944899468, "params": {"k_pid_pos": [0.5322907455921112, 0.007618522071753911, 0.002374640186552444], "k_pid_alt": [1.388060519483492, 0.0006291503755976631, 0.020847801601244182], "k_pid_att": [29.752470222056377, 0.16379971782969915, 0.8142030743461349], "k_pid_yaw": [0.5, 1e-06, 0.1], "k_pid_hsp": [0.09908989459728189, 0.013304601721858024, 0.0], "k_pid_vsp": [10.94603915649264, 135.40001684345734, 1.3148838651734798]}, "datetime": {"datetime": "2025-08-11 21:04:14", "elapsed": 16734.193594694138, "delta": 19.452646255493164}, "costs": {"total_cost": 193.17539944899468, "time_cost": 76.804, "final_distance_cost": 1.8386262746526731, "oscillation_cost": 25.340029955770113, "completition_cost": 0.0, "overshoot_cost": 51.405273720360874, "power_cost": 16.888519165039064, "noise_cost": 20.89895033317196, "n_waypoints_completed": 9, "tot_waypoints": 9}}
{"target": -184.1422236064118, "params": {"k_pid_pos": [0.5619974299298429, 0.008535499188049583, 0.00021831047598681974], "k_pid_alt": [1.7061479313988854, 0.005838492626571618, 0.03368279520697806], "k_pid_att": [16.530372377741717, 0.4267913474747122, 0.6488301570836853], "k_pid_yaw": [0.5, 1e-06, 0.1], "k_pid_hsp": [0.07772480841194963, 0.008483398017235976, 0.0], "k_pid_vsp": [77.6383808219757, 108.3669430866161, 3.2895029049816]}, "datetime": {"datetime": "2025-08-11 21:04:33", "elapsed": 16752.757531166077, "delta": 18.563936471939087}, "costs": {"total_cost": 184.1422236064118, "time_cost": 73.605, "final_distance_cost": 1.829977163237326, "oscillation_cost": 20.459510167778454, "completition_cost": 0.0, "overshoot_cost": 51.8911422809248, "power_cost": 14.47840029296875, "noise_cost": 21.87819370150244, "n_waypoints_completed": 9, "tot_waypoints": 9}}
{"target": -182.65920013414723, "params": {"k_pid_pos": [0.5140404094804061, 0.0071253532908349205, 0.002370607549132434], "k_pid_alt": [1.1448711366080364, 0.004912364461947414, 0.027165743419054828], "k_pid_att": [9.052601199515607, 0.24856011948753776, 0.712141692998966], "k_pid_yaw": [0.5, 1e-06, 0.1], "k_pid_hsp": [0.0810213529582028, 0.010566548896303998, 0.0], "k_pid_vsp": [104.71905318472363, 101.47144895645988, 3.778994529591549]}, "datetime": {"datetime": "2025-08-11 21:04:52", "elapsed": 16771.474226474762, "delta": 18.716695308685303}, "costs": {"total_cost": 182.65920013414723, "time_cost": 73.381, "final_distance_cost": 1.8233951492566007, "oscillation_cost": 19.678507462083342, "completition_cost": 0.0, "overshoot_cost": 51.65030858075513, "power_cost": 14.294518371582033, "noise_cost": 21.831470570470103, "n_waypoints_completed": 9, "tot_waypoints": 9}}
{"target": -182.41071372616548, "params": {"k_pid_pos": [0.4870909036874967, 0.0028698280290632757, 0.00162247264117747], "k_pid_alt": [1.5136013757837918, 0.005215264097709663, 0.036975771865098934], "k_pid_att": [49.77050721257547, 0.3374071042722458, 1.0], "k_pid_yaw": [0.5, 1e-06, 0.1], "k_pid_hsp": [0.1026504091011912, 0.006324238944795703, 0.0], "k_pid_vsp": [80.28068656447094, 73.11843641399626, 5.54052264417657]}, "datetime": {"datetime": "2025-08-11 21:05:10", "elapsed": 16789.66545510292, "delta": 18.19122862815857}, "costs": {"total_cost": 182.41071372616548, "time_cost": 72.961, "final_distance_cost": 1.839482764888551, "oscillation_cost": 19.919784237286525, "completition_cost": 0.0, "overshoot_cost": 51.3870049285371, "power_cost": 14.234480700683594, "noise_cost": 22.06896109476968, "n_waypoints_completed": 9, "tot_waypoints": 9}}
{"target": -182.44908783349598, "params": {"k_pid_pos": [0.701914378345066, 0.012556039161612832, 0.00020845972511919337], "k_pid_alt": [1.1023791752703342, 0.0028124281413019875, 0.017799995900303265], "k_pid_att": [50.12425705080324, 0.0001, 0.3661878290699547], "k_pid_yaw": [0.5, 1e-06, 0.1], "k_pid_hsp": [0.11698346762778435, 0.011381718617564257, 0.0], "k_pid_vsp": [91.3022588881858, 86.68802336694529, 3.646901783328842]}, "datetime": {"datetime": "2025-08-11 21:05:27", "elapsed": 16807.313468933105, "delta": 17.648013830184937}, "costs": {"total_cost": 182.44908783349598, "time_cost": 70.399, "final_distance_cost": 1.8351987198522395, "oscillation_cost": 24.866642179953416, "completition_cost": 0.0, "overshoot_cost": 50.35860032029956, "power_cost": 14.155364758300783, "noise_cost": 20.834281855089987, "n_waypoints_completed": 9, "tot_waypoints": 9}}
{"target": -183.13177560999782, "params": {"k_pid_pos": [0.4833050021010315, 0.018133241104535246, 0.0], "k_pid_alt": [1.2169164316547687, 0.004527676862500103, 0.03562238486764139], "k_pid_att": [36.71335811803034, 0.8881128652438252, 0.9771043749249784], "k_pid_yaw": [0.5, 1e-06, 0.1], "k_pid_hsp": [0.10248294735405616, 0.006656847476280721, 0.0], "k_pid_vsp": [87.37956559453585, 64.30913186599288, 4.667823610049803]}, "datetime": {"datetime": "2025-08-11 21:05:46", "elapsed": 16825.473910808563, "delta": 18.160441875457764}, "costs": {"total_cost": 183.13177560999782, "time_cost": 73.15, "final_distance_cost": 1.8278570764795856, "oscillation_cost": 19.97004768274182, "completition_cost": 0.0, "overshoot_cost": 51.70381985044491, "power_cost": 14.288166967773439, "noise_cost": 22.191884032558054, "n_waypoints_completed": 9, "tot_waypoints": 9}}
{"target": -187.17424136239336, "params": {"k_pid_pos": [0.7198347649952194, 0.008427669394566961, 0.0014531135641389786], "k_pid_alt": [1.0611439585932543, 0.004052597541946355, 0.024516813592063768], "k_pid_att": [50.0851878665956, 0.20272285059061143, 1.0], "k_pid_yaw": [0.5, 1e-06, 0.1], "k_pid_hsp": [0.06669156594804314, 0.01240242616613195, 0.0], "k_pid_vsp": [24.99747054649239, 102.39899167529823, 5.311669133110033]}, "datetime": {"datetime": "2025-08-11 21:06:05", "elapsed": 16844.443031549454, "delta": 18.969120740890503}, "costs": {"total_cost": 187.17424136239336, "time_cost": 73.808, "final_distance_cost": 1.8078926314111332, "oscillation_cost": 23.88439910421593, "completition_cost": 0.0, "overshoot_cost": 51.57720207931575, "power_cost": 14.719070703125, "noise_cost": 21.37767684432554, "n_waypoints_completed": 9, "tot_waypoints": 9}}
{"target": -210.87422350060643, "params": {"k_pid_pos": [0.29973836354037037, 0.01638556676604209, 0.0], "k_pid_alt": [1.7350121147913724, 0.0041971492683969555, 0.03501539711904398], "k_pid_att": [56.10819137937157, 0.28582342791953125, 1.0], "k_pid_yaw": [0.5, 1e-06, 0.1], "k_pid_hsp": [0.05822588145445015, 0.014445375214273965, 0.0], "k_pid_vsp": [66.13742181943226, 72.06900920193146, 6.1343994766607155]}, "datetime": {"datetime": "2025-08-11 21:06:27", "elapsed": 16867.138672590256, "delta": 22.695641040802002}, "costs": {"total_cost": 210.87422350060643, "time_cost": 90.979, "final_distance_cost": 1.863038220334826, "oscillation_cost": 14.943869979784255, "completition_cost": 0.0, "overshoot_cost": 54.301803489938685, "power_cost": 17.077990173339845, "noise_cost": 31.708521637208804, "n_waypoints_completed": 9, "tot_waypoints": 9}}
{"target": -181.81073165952597, "params": {"k_pid_pos": [0.5892871850088731, 0.005831826828350654, 0.0009806282573018629], "k_pid_alt": [1.4476527939086896, 0.0029669586452217684, 0.029573128305271812], "k_pid_att": [23.93521897733635, 0.2647963006046069, 1.0], "k_pid_yaw": [0.5, 1e-06, 0.1], "k_pid_hsp": [0.11415344419762219, 0.013854399295298608, 0.0], "k_pid_vsp": [116.84296294736265, 166.330554691833, 8.35572769737743]}, "datetime": {"datetime": "2025-08-11 21:06:45", "elapsed": 16884.779355287552, "delta": 17.640682697296143}, "costs": {"total_cost": 181.81073165952597, "time_cost": 71.043, "final_distance_cost": 1.8373958789283478, "oscillation_cost": 23.429239992454068, "completition_cost": 0.0, "overshoot_cost": 50.14855966628844, "power_cost": 14.508805529785157, "noise_cost": 20.843730592069974, "n_waypoints_completed": 9, "tot_waypoints": 9}}
{"target": -241.93824541980763, "params": {"k_pid_pos": [0.22975639818165025, 0.013416593999004169, 0.0007880946737223844], "k_pid_alt": [0.9121807377335128, 0.0045106442150641135, 0.057953831523963405], "k_pid_att": [29.70597375473979, 0.381513809185078, 0.7951121273622416], "k_pid_yaw": [0.5, 1e-06, 0.1], "k_pid_hsp": [0.08214384545692859, 0.013674869666773068, 0.0], "k_pid_vsp": [119.24064910297248, 118.70568205068132, 7.482469439950865]}, "datetime": {"datetime": "2025-08-11 21:07:12", "elapsed": 16912.251683712006, "delta": 27.472328424453735}, "costs": {"total_cost": 241.93824541980763, "time_cost": 110.08200000000001, "final_distance_cost": 1.862502391212205, "oscillation_cost": 14.171237280613152, "completition_cost": 0.0, "overshoot_cost": 56.941045080454096, "power_cost": 20.307014013671875, "noise_cost": 38.5744466538563, "n_waypoints_completed": 9, "tot_waypoints": 9}}
{"target": -197.64957968599458, "params": {"k_pid_pos": [0.3270415387133366, 0.012545844855057428, 0.001294399402026283], "k_pid_alt": [1.6108760246401796, 0.007277457861829946, 0.02843103348372951], "k_pid_att": [68.03736944080295, 0.21635051236678549, 0.7637025278310222], "k_pid_yaw": [0.5, 1e-06, 0.1], "k_pid_hsp": [0.06364853613575018, 0.013534181040508594, 0.0], "k_pid_vsp": [140.28735618870306, 76.14074617244061, 9.05968450770644]}, "datetime": {"datetime": "2025-08-11 21:07:33", "elapsed": 16932.51718044281, "delta": 20.265496730804443}, "costs": {"total_cost": 197.64957968599458, "time_cost": 83.622, "final_distance_cost": 1.8593508805760937, "oscillation_cost": 15.629993285363017, "completition_cost": 0.0, "overshoot_cost": 53.85173115933245, "power_cost": 19.526233166503907, "noise_cost": 23.160271194219124, "n_waypoints_completed": 9, "tot_waypoints": 9}}
{"target": -184.98777547578243, "params": {"k_pid_pos": [0.5176251893317502, 0.014363332200937615, 0.0023782117749737656], "k_pid_alt": [1.4410543366860313, 0.0061614940360282715, 0.03962031289693388], "k_pid_att": [50.968254017411276, 0.34997696657837335, 0.6771621627813532], "k_pid_yaw": [0.5, 1e-06, 0.1], "k_pid_hsp": [0.07320616109868672, 0.011068941288104804, 0.0], "k_pid_vsp": [84.666931903191, 130.17542389809782, 5.661601664205441]}, "datetime": {"datetime": "2025-08-11 21:07:52", "elapsed": 16951.63795852661, "delta": 19.12077808380127}, "costs": {"total_cost": 184.98777547578243, "time_cost": 74.578, "final_distance_cost": 1.804931686251245, "oscillation_cost": 19.96053782544408, "completition_cost": 0.0, "overshoot_cost": 51.792206755017105, "power_cost": 14.617312548828126, "noise_cost": 22.234786660241852, "n_waypoints_completed": 9, "tot_waypoints": 9}}
{"target": -199.34334634361852, "params": {"k_pid_pos": [0.385601218355953, 0.012306134650477885, 0.0011355578764027639], "k_pid_alt": [1.0930287956893927, 0.0008266492555731599, 0.058265349100347384], "k_pid_att": [51.421365503317645, 0.10607663653038181, 1.0], "k_pid_yaw": [0.5, 1e-06, 0.1], "k_pid_hsp": [0.15325576994081547, 0.018947800260561615, 0.0], "k_pid_vsp": [32.4197397980334, 52.7018367434766, 7.614170380965443]}, "datetime": {"datetime": "2025-08-11 21:08:12", "elapsed": 16972.157195806503, "delta": 20.519237279891968}, "costs": {"total_cost": 199.34334634361852, "time_cost": 81.97, "final_distance_cost": 1.8618400449104024, "oscillation_cost": 21.73010459228449, "completition_cost": 0.0, "overshoot_cost": 51.62859599678942, "power_cost": 15.764419079589844, "noise_cost": 26.388386630044344, "n_waypoints_completed": 9, "tot_waypoints": 9}}
{"target": -406.2505388601319, "params": {"k_pid_pos": [0.1885841942184272, 0.0068314189143246495, 0.0025573876985099026], "k_pid_alt": [1.0608699651294042, 0.005386182175704979, 0.024613347019465655], "k_pid_att": [63.34245798392946, 0.5171913999646188, 1.0], "k_pid_yaw": [0.5, 1e-06, 0.1], "k_pid_hsp": [0.12433872247708257, 0.012103642548587474, 0.0], "k_pid_vsp": [130.85730997568177, 105.56933510545191, 4.994274576781426]}, "datetime": {"datetime": "2025-08-11 21:08:43", "elapsed": 17002.45439338684, "delta": 30.297197580337524}, "costs": {"total_cost": 406.2505388601319, "time_cost": 150, "final_distance_cost": 14.308477905754076, "oscillation_cost": 13.62785631699706, "completition_cost": 111.11111111111116, "overshoot_cost": 60.603032813509984, "power_cost": 21.982955810546876, "noise_cost": 34.61710490221278, "n_waypoints_completed": 8, "tot_waypoints": 9}}
{"target": -183.00522203300966, "params": {"k_pid_pos": [0.7107099479543738, 0.009338099944045795, 0.0005557791201248161], "k_pid_alt": [1.533550595783806, 0.005819700781551254, 0.028582280857074472], "k_pid_att": [36.406197579008314, 0.3863116069518724, 0.8339911333178769], "k_pid_yaw": [0.5, 1e-06, 0.1], "k_pid_hsp": [0.09960278153857245, 0.0158096369038056, 0.0], "k_pid_vsp": [70.42787457722208, 172.9489692741157, 5.33845766481694]}, "datetime": {"datetime": "2025-08-11 21:09:00", "elapsed": 17020.04663181305, "delta": 17.592238426208496}, "costs": {"total_cost": 183.00522203300966, "time_cost": 70.94500000000001, "final_distance_cost": 1.81425154178202, "oscillation_cost": 25.208051783817243, "completition_cost": 0.0, "overshoot_cost": 49.824323418266104, "power_cost": 14.41720321044922, "noise_cost": 20.796392078695046, "n_waypoints_completed": 9, "tot_waypoints": 9}}
{"target": -187.1157698058454, "params": {"k_pid_pos": [0.7588105546368626, 0.0032277156959227746, 0.0009891107985533561], "k_pid_alt": [1.8084008408636152, 0.005156776172357493, 0.0210874718063572], "k_pid_att": [13.825778356799765, 0.2618101718148787, 0.2830461863909309], "k_pid_yaw": [0.5, 1e-06, 0.1], "k_pid_hsp": [0.07674714892619727, 0.0077106550910847295, 0.0], "k_pid_vsp": [82.33001565159883, 146.80150449591923, 12.73150185971167]}, "datetime": {"datetime": "2025-08-11 21:09:18", "elapsed": 17038.31928753853, "delta": 18.272655725479126}, "costs": {"total_cost": 187.1157698058454, "time_cost": 72.632, "final_distance_cost": 1.8108734764722298, "oscillation_cost": 24.384378203274082, "completition_cost": 0.0, "overshoot_cost": 51.70723442778418, "power_cost": 18.430679626464844, "noise_cost": 18.15060407185006, "n_waypoints_completed": 9, "tot_waypoints": 9}}
