{"target": -828.998808391619, "params": {"k_pid_pos": [1.8624793477566346, 0.11973358850112281, 0.1171035659001105], "k_pid_alt": [0.17541802382153682, 0.6578632850405278, 0.4186083007903795], "k_pid_att": [77.43214161418433, 6.712347009944595, 0.33363775832823817], "k_pid_yaw": [0.5, 1e-06, 0.1], "k_pid_hsp": [8.983675636960621, 0.7625321470706523, 0.2705349409101757], "k_pid_vsp": [145.6768071088216, 125.77599276726518, 63.04466029238821]}, "datetime": {"datetime": "2025-08-11 16:37:59", "elapsed": 758.6332604885101, "delta": 30.464884281158447}, "costs": {"total_cost": 828.998808391619, "time_cost": 150, "final_distance_cost": 33.69098388084026, "oscillation_cost": 397.15119582559566, "completition_cost": 111.11111111111116, "overshoot_cost": 68.71935348217394, "power_cost": 37.24930018310547, "noise_cost": 31.0768639087926, "n_waypoints_completed": 8, "tot_waypoints": 9}}
{"target": -1240.5261535087072, "params": {"k_pid_pos": [0.29565196674712907, 0.936127463375744, 0.43790403719875326], "k_pid_alt": [0.7666396455548197, 0.7296857086773779, 0.5529930652528999], "k_pid_att": [93.61399868384622, 7.803036908944531, 0.47936956412454035], "k_pid_yaw": [0.5, 1e-06, 0.1], "k_pid_hsp": [3.7636570988609144, 0.986631544924322, 0.7177602360036435], "k_pid_vsp": [380.47786400153643, 47.391431768337966, 340.2134718257794]}, "datetime": {"datetime": "2025-08-11 16:38:30", "elapsed": 789.4024050235748, "delta": 30.769144535064697}, "costs": {"total_cost": 1240.5261535087072, "time_cost": 150, "final_distance_cost": 68.7465254946226, "oscillation_cost": 211.20145452415883, "completition_cost": 666.6666666666667, "overshoot_cost": 76.42158062470708, "power_cost": 37.79990732421875, "noise_cost": 29.690018874333216, "n_waypoints_completed": 3, "tot_waypoints": 9}}
{"target": -1211.752514075012, "params": {"k_pid_pos": [1.274184060594016, 0.12192167833511258, 0.5882579999692207], "k_pid_alt": [1.3721927302108976, 0.012302685888602838, 0.45431796184174655], "k_pid_att": [82.53995111963212, 2.9536607175383645, 0.4585480817985511], "k_pid_yaw": [0.5, 1e-06, 0.1], "k_pid_hsp": [4.423197039266225, 0.3019273914424916, 0.9184418955155542], "k_pid_vsp": [312.51761417260633, 44.235365287855785, 398.8138631379946]}, "datetime": {"datetime": "2025-08-11 16:39:00", "elapsed": 819.6729748249054, "delta": 30.270569801330566}, "costs": {"total_cost": 1211.752514075012, "time_cost": 150, "final_distance_cost": 52.378173750256195, "oscillation_cost": 450.99663236032416, "completition_cost": 444.4444444444444, "overshoot_cost": 49.127146483742024, "power_cost": 35.89422602539063, "noise_cost": 28.911891010854344, "n_waypoints_completed": 5, "tot_waypoints": 9}}
{"target": -1275.7883687024753, "params": {"k_pid_pos": [1.7584121286130596, 0.28390843786403896, 0.8368965796609382], "k_pid_alt": [0.21283906374276573, 0.9991047304742386, 0.6656847361065369], "k_pid_att": [65.0125015558797, 0.904498225768629, 0.8970333988966253], "k_pid_yaw": [0.5, 1e-06, 0.1], "k_pid_hsp": [0.2900921320943738, 0.24082805804114704, 0.143021875166635], "k_pid_vsp": [310.7071762768874, 79.28169168695491, 364.2552909417159]}, "datetime": {"datetime": "2025-08-11 16:39:31", "elapsed": 850.5387332439423, "delta": 30.865758419036865}, "costs": {"total_cost": 1275.7883687024753, "time_cost": 150, "final_distance_cost": 65.46781457442857, "oscillation_cost": 261.13753036712177, "completition_cost": 666.6666666666667, "overshoot_cost": 67.49995843167538, "power_cost": 35.346875830078126, "noise_cost": 29.669522832504747, "n_waypoints_completed": 3, "tot_waypoints": 9}}
{"target": -606.2422334337574, "params": {"k_pid_pos": [1.3125724517510475, 0.036162710494696215, 0.0054298341287004614], "k_pid_alt": [0.10331583402879785, 0.6059251776477277, 0.8014818108594153], "k_pid_att": [23.855282062738848, 8.494103488346438, 0.057231940153260386], "k_pid_yaw": [0.5, 1e-06, 0.1], "k_pid_hsp": [8.009658440031398, 0.9277954301722804, 0.7721083991043806], "k_pid_vsp": [279.24831359145486, 335.19208762417304, 16.06052077867527]}, "datetime": {"datetime": "2025-08-11 16:39:56", "elapsed": 875.6942672729492, "delta": 25.155534029006958}, "costs": {"total_cost": 606.2422334337574, "time_cost": 100.821, "final_distance_cost": 1.78177079349174, "oscillation_cost": 386.00468382350954, "completition_cost": 0.0, "overshoot_cost": 62.94987461923156, "power_cost": 28.69119404296875, "noise_cost": 25.993710154555867, "n_waypoints_completed": 9, "tot_waypoints": 9}}
{"target": -1609.252020945037, "params": {"k_pid_pos": [0.40364404322703884, 0.12492367930564308, 0.5045309901929865], "k_pid_alt": [1.490376256657689, 0.6300118445763987, 0.851131099761935], "k_pid_att": [15.521299244109088, 7.346237457242422, 0.1930414908689041], "k_pid_yaw": [0.5, 1e-06, 0.1], "k_pid_hsp": [2.707660437302871, 0.7099046972813039, 0.9802047848986818], "k_pid_vsp": [244.61744239082782, 21.800126942017926, 246.52358835470415]}, "datetime": {"datetime": "2025-08-11 16:40:26", "elapsed": 906.2185850143433, "delta": 30.524317741394043}, "costs": {"total_cost": 1609.252020945037, "time_cost": 150, "final_distance_cost": 94.05521900899791, "oscillation_cost": 476.1216454511458, "completition_cost": 777.7777777777778, "overshoot_cost": 51.49107076801868, "power_cost": 29.94112998046875, "noise_cost": 29.86517795862778, "n_waypoints_completed": 2, "tot_waypoints": 9}}
{"target": -1811.7567336440973, "params": {"k_pid_pos": [1.5726629750814813, 0.02854929929757764, 0.08631895643062927], "k_pid_alt": [2.0, 0.34214876100342084, 1.0], "k_pid_att": [25.852912007306127, 4.42480964291535, 0.0], "k_pid_yaw": [0.5, 1e-06, 0.1], "k_pid_hsp": [6.105675896168578, 0.5290557929352341, 0.6762625148368345], "k_pid_vsp": [13.756963033339957, 5.406428760155592, 87.02762258339426]}, "datetime": {"datetime": "2025-08-11 16:40:57", "elapsed": 937.0667240619659, "delta": 30.84813904762268}, "costs": {"total_cost": 1811.7567336440973, "time_cost": 150, "final_distance_cost": 72.28120274177307, "oscillation_cost": 618.6098562007569, "completition_cost": 777.7777777777778, "overshoot_cost": 118.25485918908653, "power_cost": 34.352394689941406, "noise_cost": 40.48064304476167, "n_waypoints_completed": 2, "tot_waypoints": 9}}
{"target": -254.23721714810577, "params": {"k_pid_pos": [0.7200724582381818, 0.3451391834671413, 0.5731656391998353], "k_pid_alt": [1.9110833962076736, 0.04789613812898615, 0.5111005672897093], "k_pid_att": [13.17940298930813, 5.237023375495708, 0.9438392915480981], "k_pid_yaw": [0.5, 1e-06, 0.1], "k_pid_hsp": [6.366409106511533, 0.0, 0.0687837591137108], "k_pid_vsp": [66.92539495174633, 15.313763843808298, 1e-06]}, "datetime": {"datetime": "2025-08-11 16:41:20", "elapsed": 959.9741594791412, "delta": 22.907435417175293}, "costs": {"total_cost": 254.23721714810577, "time_cost": 86.485, "final_distance_cost": 1.8040953861565825, "oscillation_cost": 68.65078278437238, "completition_cost": 0.0, "overshoot_cost": 53.02266230974636, "power_cost": 19.952220764160156, "noise_cost": 24.322455903670296, "n_waypoints_completed": 9, "tot_waypoints": 9}}
{"target": -280.22855484967886, "params": {"k_pid_pos": [1.7928770330707196, 0.0, 0.6162715261535104], "k_pid_alt": [1.5597653043312214, 0.0, 1.0], "k_pid_att": [22.181814606478166, 1.3178730955853808, 0.9011245672569533], "k_pid_yaw": [0.5, 1e-06, 0.1], "k_pid_hsp": [2.2370117955651434, 0.3510046926978904, 0.12230770915311762], "k_pid_vsp": [208.2879383291886, 1e-06, 1e-06]}, "datetime": {"datetime": "2025-08-11 16:41:40", "elapsed": 979.7740452289581, "delta": 19.799885749816895}, "costs": {"total_cost": 280.22855484967886, "time_cost": 78.057, "final_distance_cost": 1.8264462086939202, "oscillation_cost": 107.57529109849865, "completition_cost": 0.0, "overshoot_cost": 51.686665071894936, "power_cost": 19.316575109863283, "noise_cost": 21.766577360728117, "n_waypoints_completed": 9, "tot_waypoints": 9}}
{"target": -403.96321086145264, "params": {"k_pid_pos": [2.0, 0.4965541402006004, 0.4132450481936636], "k_pid_alt": [1.4870567602991323, 0.36411709143716675, 0.8830172192165332], "k_pid_att": [51.364836294308255, 7.663844198787178, 0.8886294897665669], "k_pid_yaw": [0.5, 1e-06, 0.1], "k_pid_hsp": [4.8559917944044315, 0.5178979797920009, 0.10312211380943077], "k_pid_vsp": [400.0, 44.16222620314763, 75.50089900743855]}, "datetime": {"datetime": "2025-08-11 16:42:04", "elapsed": 1003.8599183559418, "delta": 24.085873126983643}, "costs": {"total_cost": 403.96321086145264, "time_cost": 96.43900000000001, "final_distance_cost": 1.79755475338399, "oscillation_cost": 196.90638809294688, "completition_cost": 0.0, "overshoot_cost": 57.30616032452118, "power_cost": 27.804905627441407, "noise_cost": 23.709202063159168, "n_waypoints_completed": 9, "tot_waypoints": 9}}
{"target": -457.76998206178416, "params": {"k_pid_pos": [2.0, 0.3680792668773696, 0.11147730451050798], "k_pid_alt": [1.0735030022920868, 0.0, 1.0], "k_pid_att": [62.942500484098, 0.0001, 0.0], "k_pid_yaw": [0.5, 1e-06, 0.1], "k_pid_hsp": [6.00709946013729, 0.0, 0.3716245119803605], "k_pid_vsp": [259.24089599293774, 333.94142332594396, 70.2789829071527]}, "datetime": {"datetime": "2025-08-11 16:42:24", "elapsed": 1023.6269731521606, "delta": 19.767054796218872}, "costs": {"total_cost": 457.76998206178416, "time_cost": 79.688, "final_distance_cost": 1.8150297351014737, "oscillation_cost": 279.74974282006747, "completition_cost": 0.0, "overshoot_cost": 50.87464685220181, "power_cost": 24.925104650878907, "noise_cost": 20.717458003534524, "n_waypoints_completed": 9, "tot_waypoints": 9}}
{"target": -346.36107089607316, "params": {"k_pid_pos": [0.5925263475966325, 0.19423367324587096, 0.25517533405397824], "k_pid_alt": [2.0, 0.7500807023247705, 0.4586592172207231], "k_pid_att": [2.611182449762609, 5.207782123654133, 0.5450395974025777], "k_pid_yaw": [0.5, 1e-06, 0.1], "k_pid_hsp": [3.120213437777542, 0.0, 0.07294191570660806], "k_pid_vsp": [381.4040067078428, 1e-06, 207.81009235441107]}, "datetime": {"datetime": "2025-08-11 16:42:52", "elapsed": 1051.4815945625305, "delta": 27.854621410369873}, "costs": {"total_cost": 346.36107089607316, "time_cost": 110.488, "final_distance_cost": 1.7642489272692703, "oscillation_cost": 120.19366552766662, "completition_cost": 0.0, "overshoot_cost": 60.22146185940713, "power_cost": 27.901332861328125, "noise_cost": 25.792361720402052, "n_waypoints_completed": 9, "tot_waypoints": 9}}
{"target": -577.9758320499407, "params": {"k_pid_pos": [0.3179483416531102, 0.28590626634879157, 0.4023941121453021], "k_pid_alt": [1.0831471291664538, 0.2476074947165788, 0.0], "k_pid_att": [17.008258615016157, 6.401009779913061, 1.0], "k_pid_yaw": [0.5, 1e-06, 0.1], "k_pid_hsp": [9.556910916221307, 0.46792908281970164, 0.0], "k_pid_vsp": [400.0, 361.27179031087576, 1e-06]}, "datetime": {"datetime": "2025-08-11 16:43:22", "elapsed": 1081.7548775672913, "delta": 30.273283004760742}, "costs": {"total_cost": 577.9758320499407, "time_cost": 150, "final_distance_cost": 64.5825277920644, "oscillation_cost": 37.84317978558896, "completition_cost": 222.2222222222222, "overshoot_cost": 47.87776964484455, "power_cost": 22.59005631103516, "noise_cost": 32.86007629418544, "n_waypoints_completed": 7, "tot_waypoints": 9}}
{"target": -1890.3458147555752, "params": {"k_pid_pos": [0.0696349302505302, 0.35432555555674816, 0.5870471952714197], "k_pid_alt": [1.127872158465361, 0.3126017194333744, 0.3427117385641274], "k_pid_att": [50.36974969143258, 4.333113169628442, 0.4293820426569303], "k_pid_yaw": [0.5, 1e-06, 0.1], "k_pid_hsp": [9.913549796281226, 0.4134933006867569, 0.09834567244582404], "k_pid_vsp": [400.0, 277.14860756610096, 7.8761563726048776]}, "datetime": {"datetime": "2025-08-11 16:43:52", "elapsed": 1111.484266757965, "delta": 29.729389190673828}, "costs": {"total_cost": 1890.3458147555752, "time_cost": 150, "final_distance_cost": 86.04707904383791, "oscillation_cost": 772.6732310390702, "completition_cost": 777.7777777777778, "overshoot_cost": 39.55384333928361, "power_cost": 34.32674822998047, "noise_cost": 29.967135325625296, "n_waypoints_completed": 2, "tot_waypoints": 9}}
{"target": -640.29684449855, "params": {"k_pid_pos": [1.5946236557493318, 0.2256011088616862, 0.5662833386335686], "k_pid_alt": [1.2279118171155359, 0.6191033121158634, 0.6200981155379401], "k_pid_att": [25.31560171611334, 7.179658174197537, 0.3930853820832018], "k_pid_yaw": [0.5, 1e-06, 0.1], "k_pid_hsp": [4.27756379506019, 0.5329869635037053, 0.7221992995996719], "k_pid_vsp": [299.3437703501165, 180.71985499806522, 144.991788176401]}, "datetime": {"datetime": "2025-08-11 16:44:18", "elapsed": 1137.5000264644623, "delta": 26.015759706497192}, "costs": {"total_cost": 640.29684449855, "time_cost": 103.425, "final_distance_cost": 1.778758501034932, "oscillation_cost": 422.5683356974175, "completition_cost": 0.0, "overshoot_cost": 57.71332877053887, "power_cost": 29.280257653808594, "noise_cost": 25.531163875750014, "n_waypoints_completed": 9, "tot_waypoints": 9}}
{"target": -390.84226824210134, "params": {"k_pid_pos": [1.7629856811884281, 0.0, 0.6745425923227136], "k_pid_alt": [1.407087531496475, 0.28533425619755426, 0.7257836164363307], "k_pid_att": [40.090515734204615, 0.0001, 0.8063917976094545], "k_pid_yaw": [0.5, 1e-06, 0.1], "k_pid_hsp": [3.2962343985691676, 0.7684068293065106, 0.3796399380838817], "k_pid_vsp": [166.69972890249912, 295.9335867315684, 61.631121819888925]}, "datetime": {"datetime": "2025-08-11 16:44:37", "elapsed": 1157.2114322185516, "delta": 19.711405754089355}, "costs": {"total_cost": 390.84226824210134, "time_cost": 80.08, "final_distance_cost": 1.774896646245419, "oscillation_cost": 215.1741923627485, "completition_cost": 0.0, "overshoot_cost": 50.99821933279297, "power_cost": 23.141836535644533, "noise_cost": 19.67312336466987, "n_waypoints_completed": 9, "tot_waypoints": 9}}
{"target": -17225.206027294014, "params": {"k_pid_pos": [0.3705929628246194, 0.0, 0.3004823630749224], "k_pid_alt": [2.0, 0.0, 0.22412512950253527], "k_pid_att": [0.0, 4.762183548897522, 0.338979145811876], "k_pid_yaw": [0.5, 1e-06, 0.1], "k_pid_hsp": [0.6290326682623402, 0.7077714303278596, 0.11811079349827275], "k_pid_vsp": [306.4296113403716, 1e-06, 94.93938687883652]}, "datetime": {"datetime": "2025-08-11 16:45:07", "elapsed": 1187.2226147651672, "delta": 30.0111825466156}, "costs": {"total_cost": 17225.206027294014, "time_cost": 150, "final_distance_cost": 4130.994659154291, "oscillation_cost": 1800.2036789310132, "completition_cost": 1000.0, "overshoot_cost": 9947.402583973315, "power_cost": 58.4302123046875, "noise_cost": 138.17489293070776, "n_waypoints_completed": 0, "tot_waypoints": 9}}
{"target": -428.69028224941457, "params": {"k_pid_pos": [2.0, 0.0, 0.35795515866642874], "k_pid_alt": [0.8365185182248497, 0.0, 0.8001297410507303], "k_pid_att": [39.2680083814244, 0.20294775204522844, 0.5116819135575886], "k_pid_yaw": [0.5, 1e-06, 0.1], "k_pid_hsp": [5.1889003835917284, 0.0832527349070737, 0.41528062426870055], "k_pid_vsp": [212.71170011869458, 134.01196763746097, 139.50540128358702]}, "datetime": {"datetime": "2025-08-11 16:45:28", "elapsed": 1207.4023139476776, "delta": 20.179699182510376}, "costs": {"total_cost": 428.69028224941457, "time_cost": 80.724, "final_distance_cost": 1.8324580390345466, "oscillation_cost": 245.51130381857448, "completition_cost": 0.0, "overshoot_cost": 54.30440044502421, "power_cost": 24.929731542968753, "noise_cost": 21.388388403812606, "n_waypoints_completed": 9, "tot_waypoints": 9}}
{"target": -487.5661931482713, "params": {"k_pid_pos": [1.656108432452079, 0.0, 0.5207004471763182], "k_pid_alt": [1.975968673926345, 0.39919136127582666, 0.0], "k_pid_att": [53.668509251937756, 0.0001, 0.2601723341237937], "k_pid_yaw": [0.5, 1e-06, 0.1], "k_pid_hsp": [4.643883990343951, 0.2655132421093938, 0.349633566667412], "k_pid_vsp": [156.29612395358137, 133.17701580654114, 38.39973130379943]}, "datetime": {"datetime": "2025-08-11 16:45:47", "elapsed": 1226.4902329444885, "delta": 19.087918996810913}, "costs": {"total_cost": 487.5661931482713, "time_cost": 79.429, "final_distance_cost": 1.7976378551751133, "oscillation_cost": 311.4576659699916, "completition_cost": 0.0, "overshoot_cost": 51.57731755944827, "power_cost": 23.284275427246094, "noise_cost": 20.02029633641027, "n_waypoints_completed": 9, "tot_waypoints": 9}}
{"target": -654.5283217678921, "params": {"k_pid_pos": [1.5930649088534015, 0.4204219890344831, 0.0], "k_pid_alt": [2.0, 0.5603568429235152, 0.48542605653495946], "k_pid_att": [75.23192825068953, 1.7522733875633871, 0.9319031779232926], "k_pid_yaw": [0.5, 1e-06, 0.1], "k_pid_hsp": [0.0001, 0.3628721533546, 0.01404343417223188], "k_pid_vsp": [356.54897782107497, 1e-06, 31.949162154647365]}, "datetime": {"datetime": "2025-08-11 16:46:17", "elapsed": 1256.6251862049103, "delta": 30.134953260421753}, "costs": {"total_cost": 654.5283217678921, "time_cost": 150, "final_distance_cost": 54.95447001453463, "oscillation_cost": 83.04633668823776, "completition_cost": 222.2222222222222, "overshoot_cost": 76.2817689911258, "power_cost": 35.061511584472655, "noise_cost": 32.96201226729909, "n_waypoints_completed": 7, "tot_waypoints": 9}}
{"target": -539.8965837540024, "params": {"k_pid_pos": [0.5608598855258503, 0.6220859589838832, 0.4657235361317091], "k_pid_alt": [0.5429038841097905, 0.0, 0.9818113832174117], "k_pid_att": [21.440063894528834, 10.0, 0.7064678569696158], "k_pid_yaw": [0.5, 1e-06, 0.1], "k_pid_hsp": [9.878206528133587, 0.2021956325893979, 0.2992953254887376], "k_pid_vsp": [400.0, 45.04428564556449, 1e-06]}, "datetime": {"datetime": "2025-08-11 16:46:45", "elapsed": 1284.6891059875488, "delta": 28.06391978263855}, "costs": {"total_cost": 539.8965837540024, "time_cost": 112.49000000000001, "final_distance_cost": 1.8320898805335473, "oscillation_cost": 312.2728123966299, "completition_cost": 0.0, "overshoot_cost": 55.29102422814487, "power_cost": 26.532583129882813, "noise_cost": 31.478074118811293, "n_waypoints_completed": 9, "tot_waypoints": 9}}
{"target": -254.89366513640996, "params": {"k_pid_pos": [0.941746872026466, 0.35665501253668075, 0.00013828063815146674], "k_pid_alt": [1.2754915042324275, 0.2272606806928549, 0.7320517909876648], "k_pid_att": [32.21952231354964, 10.0, 0.9955969767096849], "k_pid_yaw": [0.5, 1e-06, 0.1], "k_pid_hsp": [4.276116404767711, 0.0, 0.050441296451074556], "k_pid_vsp": [188.0737194462275, 132.41275534617418, 62.3131303126502]}, "datetime": {"datetime": "2025-08-11 16:47:06", "elapsed": 1305.8325715065002, "delta": 21.143465518951416}, "costs": {"total_cost": 254.89366513640996, "time_cost": 85.169, "final_distance_cost": 1.7441399527884867, "oscillation_cost": 72.30516789888482, "completition_cost": 0.0, "overshoot_cost": 51.64571877169422, "power_cost": 22.770985583496095, "noise_cost": 21.258652929546336, "n_waypoints_completed": 9, "tot_waypoints": 9}}
{"target": -453.91579012325474, "params": {"k_pid_pos": [1.7047131557898745, 0.45922674465171975, 0.23279391993219897], "k_pid_alt": [0.9385680311762122, 0.411014513127077, 0.9362230734298963], "k_pid_att": [61.889896817296176, 3.2898829369354368, 0.8828715646660447], "k_pid_yaw": [0.5, 1e-06, 0.1], "k_pid_hsp": [10.0, 0.0, 0.06256498018181973], "k_pid_vsp": [93.27955138467172, 270.9218854754751, 77.37027953912346]}, "datetime": {"datetime": "2025-08-11 16:47:28", "elapsed": 1328.2525985240936, "delta": 22.420027017593384}, "costs": {"total_cost": 453.91579012325474, "time_cost": 92.449, "final_distance_cost": 1.7611962951876696, "oscillation_cost": 254.1198743651003, "completition_cost": 0.0, "overshoot_cost": 55.84600406169725, "power_cost": 26.44503757324219, "noise_cost": 23.29467782802734, "n_waypoints_completed": 9, "tot_waypoints": 9}}
{"target": -1571.8810593967382, "params": {"k_pid_pos": [0.015792686331970878, 0.45698909343460326, 0.4112132994803519], "k_pid_alt": [0.0, 0.7916442209154182, 1.0], "k_pid_att": [29.09018738553338, 4.075684602142514, 1.0], "k_pid_yaw": [0.5, 1e-06, 0.1], "k_pid_hsp": [3.2844667459568946, 0.2826407868049446, 0.18497033457853276], "k_pid_vsp": [169.28162614572796, 64.68384828365393, 67.86814455734522]}, "datetime": {"datetime": "2025-08-11 16:47:59", "elapsed": 1358.9104943275452, "delta": 30.657895803451538}, "costs": {"total_cost": 1571.8810593967382, "time_cost": 150, "final_distance_cost": 55.97375970450447, "oscillation_cost": 366.23761395199676, "completition_cost": 888.8888888888888, "overshoot_cost": 50.38480937356906, "power_cost": 32.75012727050781, "noise_cost": 27.645860207271262, "n_waypoints_completed": 1, "tot_waypoints": 9}}
{"target": -300.27692697839, "params": {"k_pid_pos": [2.0, 0.25895590674459673, 0.3609087952120807], "k_pid_alt": [1.624061638829074, 0.24321036638244342, 0.1284553703172473], "k_pid_att": [23.72472645080322, 8.17723596320534, 1.0], "k_pid_yaw": [0.5, 1e-06, 0.1], "k_pid_hsp": [10.0, 0.0408336773700975, 0.017969928595260115], "k_pid_vsp": [400.0, 54.71625697601464, 141.54771224059746]}, "datetime": {"datetime": "2025-08-11 16:48:24", "elapsed": 1383.8534700870514, "delta": 24.942975759506226}, "costs": {"total_cost": 300.27692697839, "time_cost": 99.778, "final_distance_cost": 1.795975469413665, "oscillation_cost": 91.66193226710269, "completition_cost": 0.0, "overshoot_cost": 56.305705998237364, "power_cost": 26.161922216796878, "noise_cost": 24.573391026839424, "n_waypoints_completed": 9, "tot_waypoints": 9}}
