{"target": -186.54845495947893, "params": {"k_pid_pos": [0.8294732033978941, 0.006573079371246844, 0.0019318984437594784], "k_pid_alt": [1.3313101215942178, 0.004599242256179889, 0.025169611430713213], "k_pid_att": [61.922024965426765, 0.1229182188662382, 1.0], "k_pid_yaw": [0.5, 1e-06, 0.1], "k_pid_hsp": [0.07652675984466849, 0.012900877417390558, 0.0], "k_pid_vsp": [96.14765245358596, 83.88047721507078, 6.798709558667312]}, "datetime": {"datetime": "2025-08-11 22:56:41", "elapsed": 23480.710642814636, "delta": 17.837517023086548}, "costs": {"total_cost": 186.54845495947893, "time_cost": 72.436, "final_distance_cost": 1.807704862989889, "oscillation_cost": 25.884045648531128, "completition_cost": 0.0, "overshoot_cost": 50.8954900265765, "power_cost": 14.444742700195313, "noise_cost": 21.080471721186097, "n_waypoints_completed": 9, "tot_waypoints": 9}}
{"target": -183.46448100999652, "params": {"k_pid_pos": [0.43234783205124766, 0.006033608908850082, 0.0007214710764715943], "k_pid_alt": [1.517148907145615, 0.006007072222995509, 0.03112612334901242], "k_pid_att": [58.80752821442112, 0.2962668271014913, 1.0], "k_pid_yaw": [0.5, 1e-06, 0.1], "k_pid_hsp": [0.0834524932081477, 0.01040447554254577, 0.0], "k_pid_vsp": [137.5135611052922, 74.9901731134468, 4.2071769840966]}, "datetime": {"datetime": "2025-08-11 22:57:00", "elapsed": 23499.48666858673, "delta": 18.776025772094727}, "costs": {"total_cost": 183.46448100999652, "time_cost": 74.305, "final_distance_cost": 1.8453320146637517, "oscillation_cost": 18.30186304610618, "completition_cost": 0.0, "overshoot_cost": 52.038210761160144, "power_cost": 14.367814404296876, "noise_cost": 22.606260783769542, "n_waypoints_completed": 9, "tot_waypoints": 9}}
{"target": -187.63963775627397, "params": {"k_pid_pos": [0.7731634969482325, 0.006065421592667877, 0.0010415660071571781], "k_pid_alt": [0.6363746612841751, 0.0042005888598292485, 0.013751935035380108], "k_pid_att": [38.43243432969275, 0.12229532052009306, 1.0], "k_pid_yaw": [0.5, 1e-06, 0.1], "k_pid_hsp": [0.11919904202780966, 0.016625103876304437, 0.0], "k_pid_vsp": [77.31369134090149, 128.84429297047132, 4.992782935350267]}, "datetime": {"datetime": "2025-08-11 22:57:18", "elapsed": 23518.27778983116, "delta": 18.791121244430542}, "costs": {"total_cost": 187.63963775627397, "time_cost": 72.807, "final_distance_cost": 1.8301627827850702, "oscillation_cost": 26.81516634402483, "completition_cost": 0.0, "overshoot_cost": 50.37311023018355, "power_cost": 14.68704842529297, "noise_cost": 21.127149973987546, "n_waypoints_completed": 9, "tot_waypoints": 9}}
{"target": -184.6743543901165, "params": {"k_pid_pos": [0.8667238956737316, 0.0074499299072711645, 0.0005102408959429938], "k_pid_alt": [1.6596016506615172, 0.006063721718754529, 0.01635621244189191], "k_pid_att": [48.93951728284006, 0.48253162574809233, 0.9168188827128866], "k_pid_yaw": [0.5, 1e-06, 0.1], "k_pid_hsp": [0.09943819578873055, 0.01241758815757481, 0.0], "k_pid_vsp": [93.622266290561, 91.70077974816986, 8.520474171198995]}, "datetime": {"datetime": "2025-08-11 22:57:37", "elapsed": 23536.388781547546, "delta": 18.110991716384888}, "costs": {"total_cost": 184.6743543901165, "time_cost": 70.672, "final_distance_cost": 1.8169787298870799, "oscillation_cost": 26.68238630215484, "completition_cost": 0.0, "overshoot_cost": 50.47920885447819, "power_cost": 14.72789129638672, "noise_cost": 20.29588920720964, "n_waypoints_completed": 9, "tot_waypoints": 9}}
{"target": -182.5706996193718, "params": {"k_pid_pos": [0.5203569978142016, 0.0034165401960107086, 0.0013023748002635527], "k_pid_alt": [1.078627698022947, 0.006432288078164682, 0.01572848447047275], "k_pid_att": [44.72339035197044, 0.40028816689559826, 0.9903888109040997], "k_pid_yaw": [0.5, 1e-06, 0.1], "k_pid_hsp": [0.08230812408248148, 0.012794396037281852, 0.0], "k_pid_vsp": [117.85466669566199, 123.82386513681608, 5.249721483017127]}, "datetime": {"datetime": "2025-08-11 22:57:55", "elapsed": 23554.954307556152, "delta": 18.565526008605957}, "costs": {"total_cost": 182.5706996193718, "time_cost": 73.171, "final_distance_cost": 1.8276923942710117, "oscillation_cost": 20.343557567569963, "completition_cost": 0.0, "overshoot_cost": 51.1575093775143, "power_cost": 14.328982446289062, "noise_cost": 21.74195783372745, "n_waypoints_completed": 9, "tot_waypoints": 9}}
{"target": -185.03169939681973, "params": {"k_pid_pos": [0.4705266945756275, 0.005574659532631802, 0.0010614404369631476], "k_pid_alt": [1.6459576312306528, 0.002589483751320547, 0.009978669696803385], "k_pid_att": [62.904201942547445, 0.41492475379433147, 1.0], "k_pid_yaw": [0.5, 1e-06, 0.1], "k_pid_hsp": [0.11492729874558442, 0.012063736447770175, 0.0], "k_pid_vsp": [92.08624485017079, 132.55745044400373, 5.433606769477791]}, "datetime": {"datetime": "2025-08-11 22:58:14", "elapsed": 23573.752319574356, "delta": 18.798012018203735}, "costs": {"total_cost": 185.03169939681973, "time_cost": 73.535, "final_distance_cost": 1.855769716549623, "oscillation_cost": 21.408040453519067, "completition_cost": 0.0, "overshoot_cost": 51.257462993128655, "power_cost": 14.475964184570314, "noise_cost": 22.499462049052106, "n_waypoints_completed": 9, "tot_waypoints": 9}}
{"target": -184.07926753782004, "params": {"k_pid_pos": [0.5729236179693045, 0.005819012847474949, 0.0008477275224537086], "k_pid_alt": [0.8122593700002853, 0.007053873600381187, 0.0117994320049256], "k_pid_att": [44.53497310825099, 0.21905631431328346, 1.0], "k_pid_yaw": [0.5, 1e-06, 0.1], "k_pid_hsp": [0.11872035070812825, 0.009000594699456646, 0.0], "k_pid_vsp": [112.71186798002174, 70.01594579576816, 5.286169478457832]}, "datetime": {"datetime": "2025-08-11 22:58:32", "elapsed": 23592.10342478752, "delta": 18.351105213165283}, "costs": {"total_cost": 184.07926753782004, "time_cost": 72.59, "final_distance_cost": 1.841446139274423, "oscillation_cost": 23.00377089099967, "completition_cost": 0.0, "overshoot_cost": 50.812872392169695, "power_cost": 14.286720874023437, "noise_cost": 21.544457241352802, "n_waypoints_completed": 9, "tot_waypoints": 9}}
{"target": -181.8954867477589, "params": {"k_pid_pos": [0.6527266063808491, 0.0038478693276817557, 0.0007350945179361755], "k_pid_alt": [1.6165243026255067, 0.003635637265096671, 0.013148461760178398], "k_pid_att": [25.081511662401823, 0.3009522820805427, 0.7117766882896094], "k_pid_yaw": [0.5, 1e-06, 0.1], "k_pid_hsp": [0.10433311222754281, 0.009434932275653654, 0.0], "k_pid_vsp": [80.32812157351104, 121.32150038671176, 7.530943015073222]}, "datetime": {"datetime": "2025-08-11 22:58:50", "elapsed": 23610.08755326271, "delta": 17.98412847518921}, "costs": {"total_cost": 181.8954867477589, "time_cost": 70.609, "final_distance_cost": 1.8243551447723139, "oscillation_cost": 23.4346390869675, "completition_cost": 0.0, "overshoot_cost": 50.92565422211704, "power_cost": 14.175522265625, "noise_cost": 20.926316028277057, "n_waypoints_completed": 9, "tot_waypoints": 9}}
{"target": -232.48831259682788, "params": {"k_pid_pos": [0.2579354869029178, 0.009911584166543341, 0.0008985471802241702], "k_pid_alt": [1.4896650255040391, 0.007028023155534008, 0.020519196424115156], "k_pid_att": [47.581307341491, 0.5450773976752549, 0.862753773416684], "k_pid_yaw": [0.5, 1e-06, 0.1], "k_pid_hsp": [0.06505276816478063, 0.01483779481659718, 0.0], "k_pid_vsp": [82.62610830883702, 149.26536628016433, 4.963868111300459]}, "datetime": {"datetime": "2025-08-11 22:59:17", "elapsed": 23636.89496779442, "delta": 26.807414531707764}, "costs": {"total_cost": 232.48831259682788, "time_cost": 104.45400000000001, "final_distance_cost": 1.8620942617338492, "oscillation_cost": 14.786414112683, "completition_cost": 0.0, "overshoot_cost": 55.661229335681696, "power_cost": 19.37993894042969, "noise_cost": 36.34463594629963, "n_waypoints_completed": 9, "tot_waypoints": 9}}
{"target": -184.54953178691233, "params": {"k_pid_pos": [0.7519909556759243, 0.005801622381815797, 0.0008440085785847597], "k_pid_alt": [1.1835520775908444, 0.00748431810391766, 0.0004901118405098484], "k_pid_att": [51.40593616636326, 0.26643477430361356, 0.8660914430505605], "k_pid_yaw": [0.5, 1e-06, 0.1], "k_pid_hsp": [0.10828760062854403, 0.01872840277253933, 0.0], "k_pid_vsp": [128.3385731607466, 167.28777547970984, 11.491481459221808]}, "datetime": {"datetime": "2025-08-11 22:59:35", "elapsed": 23655.16807126999, "delta": 18.27310347557068}, "costs": {"total_cost": 184.54953178691233, "time_cost": 70.595, "final_distance_cost": 1.8241071831597564, "oscillation_cost": 26.33539819829247, "completition_cost": 0.0, "overshoot_cost": 50.14761561156065, "power_cost": 17.998707739257814, "noise_cost": 17.648703054641615, "n_waypoints_completed": 9, "tot_waypoints": 9}}
{"target": -183.3426258833691, "params": {"k_pid_pos": [0.44917806018481854, 0.005452740373130573, 0.0008095427134489599], "k_pid_alt": [1.1487189338191863, 0.0019020981269620135, 0.018902137699459056], "k_pid_att": [51.89712520329317, 0.6574476522462521, 1.0], "k_pid_yaw": [0.5, 1e-06, 0.1], "k_pid_hsp": [0.09757472935258227, 0.007902175879287574, 0.0], "k_pid_vsp": [116.80624806409259, 104.23510177790773, 5.079930413411247]}, "datetime": {"datetime": "2025-08-11 22:59:54", "elapsed": 23673.62104535103, "delta": 18.45297408103943}, "costs": {"total_cost": 183.3426258833691, "time_cost": 74.116, "final_distance_cost": 1.844736886663895, "oscillation_cost": 19.303183933171663, "completition_cost": 0.0, "overshoot_cost": 51.236187538275715, "power_cost": 14.416589196777345, "noise_cost": 22.425928328480463, "n_waypoints_completed": 9, "tot_waypoints": 9}}
{"target": -182.95526166016379, "params": {"k_pid_pos": [0.8110807055114666, 0.006883737592779503, 0.0009705814728421134], "k_pid_alt": [1.266811184416926, 0.005608898353144781, 0.034965833181816085], "k_pid_att": [39.25806612137914, 0.35048066321198323, 1.0], "k_pid_yaw": [0.5, 1e-06, 0.1], "k_pid_hsp": [0.12951354111370753, 0.009708886569067205, 0.0], "k_pid_vsp": [169.5037145699098, 88.65317052365079, 8.433901274428683]}, "datetime": {"datetime": "2025-08-11 23:00:12", "elapsed": 23691.482442855835, "delta": 17.86139750480652}, "costs": {"total_cost": 182.95526166016379, "time_cost": 69.69200000000001, "final_distance_cost": 1.823361236710878, "oscillation_cost": 26.016439005569286, "completition_cost": 0.0, "overshoot_cost": 50.27289161976316, "power_cost": 15.525998767089844, "noise_cost": 19.6245710310306, "n_waypoints_completed": 9, "tot_waypoints": 9}}
{"target": -191.95432911599855, "params": {"k_pid_pos": [0.4210941283812326, 0.0049577213866027385, 0.0010421006268130537], "k_pid_alt": [1.451195671115098, 0.005104185863211948, 0.01939497287534558], "k_pid_att": [28.854456456791056, 0.3234341809493774, 0.5687415039680054], "k_pid_yaw": [0.5, 1e-06, 0.1], "k_pid_hsp": [0.14732868802083496, 0.010822207343544379, 0.0], "k_pid_vsp": [163.52365194352618, 145.28573459130192, 6.279037599612398]}, "datetime": {"datetime": "2025-08-11 23:00:31", "elapsed": 23710.882019519806, "delta": 19.399576663970947}, "costs": {"total_cost": 191.95432911599855, "time_cost": 77.525, "final_distance_cost": 1.8602737411435877, "oscillation_cost": 21.590768833031213, "completition_cost": 0.0, "overshoot_cost": 51.39473375581639, "power_cost": 15.104542114257812, "noise_cost": 24.479010671749545, "n_waypoints_completed": 9, "tot_waypoints": 9}}
{"target": -183.97537818674317, "params": {"k_pid_pos": [0.8752428372124964, 0.00587821393589676, 0.0012354807540894011], "k_pid_alt": [1.9579567338833936, 0.004971031939903129, 0.01632245674093606], "k_pid_att": [52.29446097332277, 0.3297763641198541, 0.9834042931430925], "k_pid_yaw": [0.5, 1e-06, 0.1], "k_pid_hsp": [0.10468805762689663, 0.008985949935513835, 0.0], "k_pid_vsp": [87.76019676443775, 147.60888985267758, 8.798582861407548]}, "datetime": {"datetime": "2025-08-11 23:00:49", "elapsed": 23728.427849769592, "delta": 17.545830249786377}, "costs": {"total_cost": 183.97537818674317, "time_cost": 70.0, "final_distance_cost": 1.812072125625644, "oscillation_cost": 26.754113405816778, "completition_cost": 0.0, "overshoot_cost": 50.41300638103825, "power_cost": 14.928149169921875, "noise_cost": 20.06803710434062, "n_waypoints_completed": 9, "tot_waypoints": 9}}
{"target": -186.54966443958332, "params": {"k_pid_pos": [0.8356710934064792, 0.007832425395256663, 0.0010427989453822397], "k_pid_alt": [1.3645095376735414, 0.0061770952796170245, 0.007068665691311055], "k_pid_att": [28.44595143246828, 0.35283325867540544, 0.9426050089506331], "k_pid_yaw": [0.5, 1e-06, 0.1], "k_pid_hsp": [0.07760219362786351, 0.009726012375283382, 0.0], "k_pid_vsp": [129.13103425970107, 79.3104420200859, 6.396541866132266]}, "datetime": {"datetime": "2025-08-11 23:01:07", "elapsed": 23747.061760663986, "delta": 18.63391089439392}, "costs": {"total_cost": 186.54966443958332, "time_cost": 72.534, "final_distance_cost": 1.8118844231768332, "oscillation_cost": 25.288014016595767, "completition_cost": 0.0, "overshoot_cost": 51.18298873042973, "power_cost": 14.459719006347656, "noise_cost": 21.273058263033338, "n_waypoints_completed": 9, "tot_waypoints": 9}}
{"target": -182.12495723578297, "params": {"k_pid_pos": [0.5140098194585262, 0.00660186565667543, 0.0006416713649618472], "k_pid_alt": [1.0772825846312035, 0.007053322302994561, 0.01195352720699848], "k_pid_att": [72.46595746751218, 0.36488422352163935, 0.8198929173646254], "k_pid_yaw": [0.5, 1e-06, 0.1], "k_pid_hsp": [0.09361149468717328, 0.012310237691017302, 0.0], "k_pid_vsp": [43.508462962175884, 135.12954221811646, 7.123019630395295]}, "datetime": {"datetime": "2025-08-11 23:01:27", "elapsed": 23766.467956781387, "delta": 19.406196117401123}, "costs": {"total_cost": 182.12495723578297, "time_cost": 72.492, "final_distance_cost": 1.8355415837836306, "oscillation_cost": 21.13103960690567, "completition_cost": 0.0, "overshoot_cost": 50.776436943251376, "power_cost": 14.33173104248047, "noise_cost": 21.558208059361803, "n_waypoints_completed": 9, "tot_waypoints": 9}}
{"target": -183.49810514222756, "params": {"k_pid_pos": [0.5819995517294765, 0.004606161609853826, 0.0009210599509625947], "k_pid_alt": [1.1773625643123806, 0.005507981342881882, 0.02631138976278329], "k_pid_att": [53.82116166655276, 0.3602654791321676, 0.8740833047913766], "k_pid_yaw": [0.5, 1e-06, 0.1], "k_pid_hsp": [0.12632524840961903, 0.012950896139806232, 0.0], "k_pid_vsp": [128.09725195834855, 69.84262176232654, 0.27638881354000233]}, "datetime": {"datetime": "2025-08-11 23:01:44", "elapsed": 23783.80186009407, "delta": 17.333903312683105}, "costs": {"total_cost": 183.49810514222756, "time_cost": 71.603, "final_distance_cost": 1.8354896481703322, "oscillation_cost": 23.648077467184603, "completition_cost": 0.0, "overshoot_cost": 50.69803956802268, "power_cost": 14.19628651123047, "noise_cost": 21.51721194761947, "n_waypoints_completed": 9, "tot_waypoints": 9}}
{"target": -183.24885255538192, "params": {"k_pid_pos": [0.7262691719990656, 0.005360681247562275, 0.0006002833214233584], "k_pid_alt": [0.9590693558613648, 0.004872786473183811, 0.015437942042234408], "k_pid_att": [43.62965026815877, 0.32479426993634014, 0.812886451080518], "k_pid_yaw": [0.5, 1e-06, 0.1], "k_pid_hsp": [0.13836452050230266, 0.012455818307534025, 0.0], "k_pid_vsp": [102.58895887741454, 68.17370217940022, 5.004980686059841]}, "datetime": {"datetime": "2025-08-11 23:02:02", "elapsed": 23802.143260240555, "delta": 18.341400146484375}, "costs": {"total_cost": 183.24885255538192, "time_cost": 70.406, "final_distance_cost": 1.8326252314471678, "oscillation_cost": 25.609547472320294, "completition_cost": 0.0, "overshoot_cost": 50.39930355048337, "power_cost": 14.127713439941408, "noise_cost": 20.873662861189686, "n_waypoints_completed": 9, "tot_waypoints": 9}}
{"target": -182.08209851712107, "params": {"k_pid_pos": [0.575712481642929, 0.004691370034461822, 0.0009213989503661508], "k_pid_alt": [1.1451734814753993, 0.006711722685660986, 0.012002107190777512], "k_pid_att": [58.8040286862971, 0.5080768848515412, 1.0], "k_pid_yaw": [0.5, 1e-06, 0.1], "k_pid_hsp": [0.10080829595324893, 0.010501764871249748, 0.0], "k_pid_vsp": [74.87291145337753, 170.26062790489232, 8.19577146074561]}, "datetime": {"datetime": "2025-08-11 23:02:20", "elapsed": 23820.337411403656, "delta": 18.194151163101196}, "costs": {"total_cost": 182.08209851712107, "time_cost": 71.484, "final_distance_cost": 1.8298273325750478, "oscillation_cost": 22.288388645439905, "completition_cost": 0.0, "overshoot_cost": 51.11793502386518, "power_cost": 14.232361853027344, "noise_cost": 21.129585662213564, "n_waypoints_completed": 9, "tot_waypoints": 9}}
{"target": -181.7893706123756, "params": {"k_pid_pos": [0.6636212784220327, 0.006354020564965417, 0.0010656731491237633], "k_pid_alt": [1.5003101548614886, 0.0066246884166405486, 0.02052654449148231], "k_pid_att": [41.284000345681996, 0.21549349869365023, 1.0], "k_pid_yaw": [0.5, 1e-06, 0.1], "k_pid_hsp": [0.11381589823978848, 0.010946470445286682, 0.0], "k_pid_vsp": [76.41770415211595, 155.4965598630935, 5.764575107405514]}, "datetime": {"datetime": "2025-08-11 23:02:39", "elapsed": 23838.551584005356, "delta": 18.21417260169983}, "costs": {"total_cost": 181.7893706123756, "time_cost": 70.315, "final_distance_cost": 1.8145212703167528, "oscillation_cost": 23.958184373287004, "completition_cost": 0.0, "overshoot_cost": 50.82638133630966, "power_cost": 14.128514916992188, "noise_cost": 20.746768715470004, "n_waypoints_completed": 9, "tot_waypoints": 9}}
{"target": -182.88136085943404, "params": {"k_pid_pos": [0.7599314074940979, 0.00854937386419356, 0.0007818951565751975], "k_pid_alt": [1.2375643082120547, 0.007287141703199517, 0.023061820073220635], "k_pid_att": [25.026766552036406, 0.33588042351452146, 1.0], "k_pid_yaw": [0.5, 1e-06, 0.1], "k_pid_hsp": [0.15377531938299635, 0.006421548368904242, 0.0], "k_pid_vsp": [88.82365124082685, 152.12314192936842, 5.426761097391176]}, "datetime": {"datetime": "2025-08-11 23:02:56", "elapsed": 23856.0518348217, "delta": 17.500250816345215}, "costs": {"total_cost": 182.88136085943404, "time_cost": 69.69200000000001, "final_distance_cost": 1.8334362801911777, "oscillation_cost": 26.060638945602303, "completition_cost": 0.0, "overshoot_cost": 50.334598619221126, "power_cost": 14.177519458007813, "noise_cost": 20.783167556411584, "n_waypoints_completed": 9, "tot_waypoints": 9}}
{"target": -182.33917820267988, "params": {"k_pid_pos": [0.4875787371177962, 0.004880563442026887, 0.0011123658911669665], "k_pid_alt": [1.832449885402755, 0.006860680446665163, 0.03786947531584002], "k_pid_att": [46.11316519840046, 0.4288176126964403, 1.0], "k_pid_yaw": [0.5, 1e-06, 0.1], "k_pid_hsp": [0.08650166723704215, 0.008850004994233862, 0.0], "k_pid_vsp": [143.2711881648832, 87.00425848889891, 3.8039905067461053]}, "datetime": {"datetime": "2025-08-11 23:03:15", "elapsed": 23874.884947299957, "delta": 18.833112478256226}, "costs": {"total_cost": 182.33917820267988, "time_cost": 73.031, "final_distance_cost": 1.829052445805091, "oscillation_cost": 19.315161401963184, "completition_cost": 0.0, "overshoot_cost": 51.838965289821594, "power_cost": 14.257660705566407, "noise_cost": 22.067338359523617, "n_waypoints_completed": 9, "tot_waypoints": 9}}
{"target": -182.61994502236067, "params": {"k_pid_pos": [0.7730295265515101, 0.005240345296684626, 0.0010157047835543916], "k_pid_alt": [1.9035422333750045, 0.005282175366650277, 0.015942376833282326], "k_pid_att": [18.8477645219849, 0.15471341212636727, 0.9046845002221144], "k_pid_yaw": [0.5, 1e-06, 0.1], "k_pid_hsp": [0.11680279852464981, 0.009484593746223078, 0.0], "k_pid_vsp": [98.68541821026382, 121.58356258150928, 5.794717503498017]}, "datetime": {"datetime": "2025-08-11 23:03:33", "elapsed": 23892.51519060135, "delta": 17.6302433013916}, "costs": {"total_cost": 182.61994502236067, "time_cost": 70.021, "final_distance_cost": 1.8120671801568369, "oscillation_cost": 25.18523454764231, "completition_cost": 0.0, "overshoot_cost": 50.66324191094571, "power_cost": 14.182117395019532, "noise_cost": 20.756283988596287, "n_waypoints_completed": 9, "tot_waypoints": 9}}
{"target": -216.7863555834485, "params": {"k_pid_pos": [0.5869559532747105, 0.005593265492580696, 0.0008134428634275883], "k_pid_alt": [1.0359111679497723, 0.005663999199294122, 0.018316353773546606], "k_pid_att": [46.65581976546908, 0.3406676269372997, 1.0], "k_pid_yaw": [0.5, 1e-06, 0.1], "k_pid_hsp": [0.046122008590193886, 0.011426940980687908, 0.0], "k_pid_vsp": [52.82429221084262, 149.6748986068905, 5.433075047450633]}, "datetime": {"datetime": "2025-08-11 23:03:57", "elapsed": 23916.518057107925, "delta": 24.002866506576538}, "costs": {"total_cost": 216.7863555834485, "time_cost": 95.34700000000001, "final_distance_cost": 1.8029574925640706, "oscillation_cost": 19.330349730525633, "completition_cost": 0.0, "overshoot_cost": 54.73197657287452, "power_cost": 18.090973388671877, "noise_cost": 27.483098398812405, "n_waypoints_completed": 9, "tot_waypoints": 9}}
{"target": -186.01876807883622, "params": {"k_pid_pos": [1.0134648417414556, 0.008672352941648951, 0.0010853025060870807], "k_pid_alt": [1.266829038328692, 0.003453103112598771, 0.026141082514400834], "k_pid_att": [32.92713220918525, 0.3065366915010768, 0.5865300196544615], "k_pid_yaw": [0.5, 1e-06, 0.1], "k_pid_hsp": [0.10851625885757571, 0.011733262445615357, 0.0], "k_pid_vsp": [56.091462327934174, 40.16154790058588, 6.5977123342765545]}, "datetime": {"datetime": "2025-08-11 23:04:15", "elapsed": 23934.379269361496, "delta": 17.861212253570557}, "costs": {"total_cost": 186.01876807883622, "time_cost": 69.909, "final_distance_cost": 1.8057256554639711, "oscillation_cost": 28.701353523384117, "completition_cost": 0.0, "overshoot_cost": 50.774116345841534, "power_cost": 14.226439379882812, "noise_cost": 20.602133174263802, "n_waypoints_completed": 9, "tot_waypoints": 9}}
