{"target": -183.47915598182158, "params": {"k_pid_pos": [0.6442580029252172, 0.006487570343798036, 0.00046394982847100226], "k_pid_alt": [1.3806558626754246, 0.006171169940297085, 0.010362404084222473], "k_pid_att": [42.999896212363375, 0.36271521849435334, 0.8232019745903063], "k_pid_yaw": [0.5, 1e-06, 0.1], "k_pid_hsp": [0.08285791951779857, 0.009106031658118617, 0.0], "k_pid_vsp": [151.78498630180977, 111.08747311884332, 6.224125821694618]}, "datetime": {"datetime": "2025-08-12 04:10:23", "elapsed": 42303.183262348175, "delta": 17.895431518554688}, "costs": {"total_cost": 183.47915598182158, "time_cost": 72.422, "final_distance_cost": 1.792003794922977, "oscillation_cost": 22.126575411438488, "completition_cost": 0.0, "overshoot_cost": 51.47265829383277, "power_cost": 14.301628454589844, "noise_cost": 21.36429002703751, "n_waypoints_completed": 9, "tot_waypoints": 9}}
{"target": -182.61592404474658, "params": {"k_pid_pos": [0.7006502993821732, 0.004989745260566106, 0.0004993429115358507], "k_pid_alt": [1.450378842281765, 0.005906170340031992, 0.008579331927312478], "k_pid_att": [43.72441451063484, 0.34899039831829226, 0.8452803707114867], "k_pid_yaw": [0.5, 1e-06, 0.1], "k_pid_hsp": [0.09273126713698955, 0.010590450454669468, 0.0], "k_pid_vsp": [127.42189629682734, 122.77130655216463, 7.12544293668694]}, "datetime": {"datetime": "2025-08-12 04:10:42", "elapsed": 42321.43883109093, "delta": 18.255568742752075}, "costs": {"total_cost": 182.61592404474658, "time_cost": 71.176, "final_distance_cost": 1.8103367451353094, "oscillation_cost": 23.892072530495827, "completition_cost": 0.0, "overshoot_cost": 50.702943231891666, "power_cost": 14.13561590576172, "noise_cost": 20.898955631462066, "n_waypoints_completed": 9, "tot_waypoints": 9}}
{"target": -189.9212195013802, "params": {"k_pid_pos": [0.3731484478951284, 0.006489351647495328, 0.00043807973791090633], "k_pid_alt": [1.5797068164244592, 0.005126779835971911, 0.013425474378888662], "k_pid_att": [43.798122938857865, 0.2894543877186752, 0.781841039249446], "k_pid_yaw": [0.5, 1e-06, 0.1], "k_pid_hsp": [0.10362087290824729, 0.01019745588858868, 0.0], "k_pid_vsp": [150.59824383505622, 136.53990646292644, 7.49262573067998]}, "datetime": {"datetime": "2025-08-12 04:11:03", "elapsed": 42343.32126784325, "delta": 21.882436752319336}, "costs": {"total_cost": 189.9212195013802, "time_cost": 78.176, "final_distance_cost": 1.860971569885143, "oscillation_cost": 18.33870008552212, "completition_cost": 0.0, "overshoot_cost": 51.76675457887595, "power_cost": 15.074504931640625, "noise_cost": 24.70428833545634, "n_waypoints_completed": 9, "tot_waypoints": 9}}
{"target": -182.01799379191465, "params": {"k_pid_pos": [0.5166592218478198, 0.005435272691352834, 0.0005106524058703887], "k_pid_alt": [1.5659864068832885, 0.005356131953121938, 0.008116249660425711], "k_pid_att": [35.55984126817403, 0.2373855222242606, 0.8277691832124469], "k_pid_yaw": [0.5, 1e-06, 0.1], "k_pid_hsp": [0.10575299475642609, 0.008693570561596461, 0.0], "k_pid_vsp": [110.68650306813795, 116.29721000624072, 7.85431852517052]}, "datetime": {"datetime": "2025-08-12 04:11:22", "elapsed": 42361.501720905304, "delta": 18.180453062057495}, "costs": {"total_cost": 182.01799379191465, "time_cost": 72.156, "final_distance_cost": 1.8359931765165958, "oscillation_cost": 20.935770704468563, "completition_cost": 0.0, "overshoot_cost": 51.23651103805261, "power_cost": 14.128275329589844, "noise_cost": 21.72544354328702, "n_waypoints_completed": 9, "tot_waypoints": 9}}
{"target": -181.83328670681632, "params": {"k_pid_pos": [0.6528583338431234, 0.005622297672959696, 0.0004517829255705648], "k_pid_alt": [1.3813374412339392, 0.004003274239139112, 0.012688525628072697], "k_pid_att": [42.0102828693774, 0.21955061778705495, 0.8445389690307562], "k_pid_yaw": [0.5, 1e-06, 0.1], "k_pid_hsp": [0.10160553301712959, 0.011236335684289209, 0.0], "k_pid_vsp": [117.95999653124561, 90.3376596195808, 6.659658438701982]}, "datetime": {"datetime": "2025-08-12 04:11:40", "elapsed": 42380.10657000542, "delta": 18.604849100112915}, "costs": {"total_cost": 181.83328670681632, "time_cost": 70.763, "final_distance_cost": 1.816183835791978, "oscillation_cost": 23.40890460184609, "completition_cost": 0.0, "overshoot_cost": 50.65899127689753, "power_cost": 14.181049621582032, "noise_cost": 21.005157370698694, "n_waypoints_completed": 9, "tot_waypoints": 9}}
{"target": -182.87065950123147, "params": {"k_pid_pos": [0.5550913835676599, 0.005323034912079221, 0.0006107085484943912], "k_pid_alt": [1.8002791839092758, 0.005216491974770538, 0.009364739482026095], "k_pid_att": [30.029522639851127, 0.3419713803072737, 0.6710416752926975], "k_pid_yaw": [0.5, 1e-06, 0.1], "k_pid_hsp": [0.11708893081545374, 0.01045520261500911, 0.0], "k_pid_vsp": [147.16301473125483, 120.13323726279197, 7.815412276228341]}, "datetime": {"datetime": "2025-08-12 04:11:57", "elapsed": 42397.353921175, "delta": 17.24735116958618}, "costs": {"total_cost": 182.87065950123147, "time_cost": 71.58200000000001, "final_distance_cost": 1.835016766393285, "oscillation_cost": 22.73768910844765, "completition_cost": 0.0, "overshoot_cost": 50.92673991177826, "power_cost": 14.166573535156251, "noise_cost": 21.622640179455992, "n_waypoints_completed": 9, "tot_waypoints": 9}}
{"target": -182.11929100561872, "params": {"k_pid_pos": [0.4859364841098948, 0.005905227816119557, 0.000494369835329452], "k_pid_alt": [1.6533900129957038, 0.004488112882293373, 0.01394235191588595], "k_pid_att": [40.317633767183565, 0.3088204043019422, 0.7842576631829218], "k_pid_yaw": [0.5, 1e-06, 0.1], "k_pid_hsp": [0.09549199752200388, 0.011593744461617978, 0.0], "k_pid_vsp": [140.03118407724955, 140.07518487817222, 5.224572550529831]}, "datetime": {"datetime": "2025-08-12 04:12:18", "elapsed": 42417.42097043991, "delta": 20.067049264907837}, "costs": {"total_cost": 182.11929100561872, "time_cost": 72.723, "final_distance_cost": 1.8355220681816, "oscillation_cost": 20.342826211839288, "completition_cost": 0.0, "overshoot_cost": 51.07438674640232, "power_cost": 14.223107678222657, "noise_cost": 21.920448300972843, "n_waypoints_completed": 9, "tot_waypoints": 9}}
{"target": -183.27332097938503, "params": {"k_pid_pos": [0.4472832754267639, 0.005696760788353461, 0.0005618654359149268], "k_pid_alt": [1.8258961897478077, 0.005404083132383269, 0.013254320340358025], "k_pid_att": [40.52454543228833, 0.3064252542723773, 0.8400413549444151], "k_pid_yaw": [0.5, 1e-06, 0.1], "k_pid_hsp": [0.07811202052596837, 0.011178318049535313, 0.0], "k_pid_vsp": [139.02263265218576, 118.951388642028, 6.401660831546791]}, "datetime": {"datetime": "2025-08-12 04:12:36", "elapsed": 42435.51453566551, "delta": 18.093565225601196}, "costs": {"total_cost": 183.27332097938503, "time_cost": 74.179, "final_distance_cost": 1.8396761011332343, "oscillation_cost": 18.318605204740635, "completition_cost": 0.0, "overshoot_cost": 52.207883406421374, "power_cost": 14.398008666992189, "noise_cost": 22.33014760009761, "n_waypoints_completed": 9, "tot_waypoints": 9}}
{"target": -182.25257912809428, "params": {"k_pid_pos": [0.605892003840775, 0.005121509068826899, 0.0005160298876413825], "k_pid_alt": [1.8572195366526068, 0.004470343046778688, 0.007387975709783989], "k_pid_att": [46.086688261222115, 0.3473557389266722, 0.8352536545068415], "k_pid_yaw": [0.5, 1e-06, 0.1], "k_pid_hsp": [0.10860507387145076, 0.011345623080457154, 0.0], "k_pid_vsp": [129.8723549831009, 122.06575261998269, 7.233864036259483]}, "datetime": {"datetime": "2025-08-12 04:12:55", "elapsed": 42454.86609697342, "delta": 19.351561307907104}, "costs": {"total_cost": 182.25257912809428, "time_cost": 70.994, "final_distance_cost": 1.8379424629771928, "oscillation_cost": 23.18520644599872, "completition_cost": 0.0, "overshoot_cost": 51.01171824713194, "power_cost": 14.107501171875, "noise_cost": 21.116210800111435, "n_waypoints_completed": 9, "tot_waypoints": 9}}
{"target": -182.3274095744432, "params": {"k_pid_pos": [0.6868429406126414, 0.0036918935899352702, 0.0005504230963643231], "k_pid_alt": [1.840945646859356, 0.0048593877986433534, 0.00824476507252329], "k_pid_att": [42.429976445891974, 0.30615307613732023, 0.7313387557750843], "k_pid_yaw": [0.5, 1e-06, 0.1], "k_pid_hsp": [0.11007650613374749, 0.008992897564927512, 0.0], "k_pid_vsp": [119.29959278029605, 119.43629110322767, 6.742919822236989]}, "datetime": {"datetime": "2025-08-12 04:13:13", "elapsed": 42472.49248147011, "delta": 17.626384496688843}, "costs": {"total_cost": 182.3274095744432, "time_cost": 70.44800000000001, "final_distance_cost": 1.8111322355645842, "oscillation_cost": 23.920254956013217, "completition_cost": 0.0, "overshoot_cost": 51.1868663805529, "power_cost": 14.076178942871094, "noise_cost": 20.884977059441454, "n_waypoints_completed": 9, "tot_waypoints": 9}}
{"target": -181.83253093368162, "params": {"k_pid_pos": [0.5612846323770245, 0.0050788721358913, 0.0006893647633197713], "k_pid_alt": [1.3251063533497225, 0.005564043893936867, 0.00987836910769298], "k_pid_att": [37.836760789202906, 0.3960124615207672, 0.7727078305267385], "k_pid_yaw": [0.5, 1e-06, 0.1], "k_pid_hsp": [0.09689456627135497, 0.01018754755052576, 0.0], "k_pid_vsp": [152.18458538949713, 120.24862660659336, 8.625202839694317]}, "datetime": {"datetime": "2025-08-12 04:13:33", "elapsed": 42492.38846993446, "delta": 19.89598846435547}, "costs": {"total_cost": 181.83253093368162, "time_cost": 71.617, "final_distance_cost": 1.8283740561804844, "oscillation_cost": 21.65202944211575, "completition_cost": 0.0, "overshoot_cost": 51.0364163726322, "power_cost": 15.186546240234376, "noise_cost": 20.5121648225188, "n_waypoints_completed": 9, "tot_waypoints": 9}}
{"target": -181.19163551472823, "params": {"k_pid_pos": [0.6016372733586441, 0.005073155378437782, 0.0005094224329057288], "k_pid_alt": [1.5140186021714481, 0.004630961077182385, 0.009446127364093011], "k_pid_att": [54.689489772334674, 0.2919033021198187, 0.7887962928663996], "k_pid_yaw": [0.5, 1e-06, 0.1], "k_pid_hsp": [0.10301874031512666, 0.0117867103665847, 0.0], "k_pid_vsp": [133.95411556955636, 121.35098674393862, 7.140032541856911]}, "datetime": {"datetime": "2025-08-12 04:13:50", "elapsed": 42509.75046634674, "delta": 17.36199641227722}, "costs": {"total_cost": 181.19163551472823, "time_cost": 71.036, "final_distance_cost": 1.8212227565553152, "oscillation_cost": 22.741919046091272, "completition_cost": 0.0, "overshoot_cost": 50.41369330172655, "power_cost": 14.09937225341797, "noise_cost": 21.07942815693709, "n_waypoints_completed": 9, "tot_waypoints": 9}}
{"target": -183.1453099432318, "params": {"k_pid_pos": [0.6583755798931743, 0.005859695305283408, 0.0005620316184358948], "k_pid_alt": [1.4458971077987393, 0.003935376698579364, 0.011764994117090108], "k_pid_att": [45.95954623865609, 0.40716642000112085, 0.7849453787913164], "k_pid_yaw": [0.5, 1e-06, 0.1], "k_pid_hsp": [0.0887039333751261, 0.01028208290161274, 0.0], "k_pid_vsp": [108.41119468711963, 132.13310208289093, 7.46077956713087]}, "datetime": {"datetime": "2025-08-12 04:14:10", "elapsed": 42529.583835840225, "delta": 19.833369493484497}, "costs": {"total_cost": 183.1453099432318, "time_cost": 71.687, "final_distance_cost": 1.8260603824079704, "oscillation_cost": 23.001676581165132, "completition_cost": 0.0, "overshoot_cost": 51.321337756619606, "power_cost": 14.237325500488282, "noise_cost": 21.07190972255083, "n_waypoints_completed": 9, "tot_waypoints": 9}}
{"target": -182.51490165572724, "params": {"k_pid_pos": [0.5580297058459994, 0.006714001970869995, 0.0006346846696234672], "k_pid_alt": [1.3638036659135107, 0.004964212145814075, 0.009525513340443199], "k_pid_att": [52.226318178848395, 0.30248018665898907, 0.6028803792820557], "k_pid_yaw": [0.5, 1e-06, 0.1], "k_pid_hsp": [0.12050866060500852, 0.011196990484993568, 0.0], "k_pid_vsp": [94.97743534520646, 129.251257134393, 6.090475764093992]}, "datetime": {"datetime": "2025-08-12 04:14:27", "elapsed": 42546.93374252319, "delta": 17.34990668296814}, "costs": {"total_cost": 182.51490165572724, "time_cost": 71.561, "final_distance_cost": 1.8378052325444172, "oscillation_cost": 22.78777563502579, "completition_cost": 0.0, "overshoot_cost": 50.62778251932123, "power_cost": 14.263531616210939, "noise_cost": 21.43700665262487, "n_waypoints_completed": 9, "tot_waypoints": 9}}
{"target": -181.70557304954735, "params": {"k_pid_pos": [0.5125011772031544, 0.005299846211705954, 0.0004969407302821429], "k_pid_alt": [1.6271317227061328, 0.004448978746882938, 0.00960102509161425], "k_pid_att": [35.163252682019284, 0.31573740910532017, 0.818943564586137], "k_pid_yaw": [0.5, 1e-06, 0.1], "k_pid_hsp": [0.09735150880383282, 0.007995582070725088, 0.0], "k_pid_vsp": [146.7615905855271, 175.12441833113292, 7.955369201901305]}, "datetime": {"datetime": "2025-08-12 04:14:46", "elapsed": 42565.90417909622, "delta": 18.970436573028564}, "costs": {"total_cost": 181.70557304954735, "time_cost": 72.233, "final_distance_cost": 1.8279095546968693, "oscillation_cost": 20.47801954483094, "completition_cost": 0.0, "overshoot_cost": 51.2655656801097, "power_cost": 14.25605732421875, "noise_cost": 21.645020945691066, "n_waypoints_completed": 9, "tot_waypoints": 9}}
{"target": -182.31032303536435, "params": {"k_pid_pos": [0.7294696392593089, 0.007791422890454845, 0.0005815838999294409], "k_pid_alt": [1.3315337057895453, 0.004965163257262722, 0.008548666297265852], "k_pid_att": [42.18088195360456, 0.3067657640444513, 0.9063644495097142], "k_pid_yaw": [0.5, 1e-06, 0.1], "k_pid_hsp": [0.09597891905338929, 0.008413034345140659, 0.0], "k_pid_vsp": [129.09761963371594, 125.94316151358764, 7.223933588319826]}, "datetime": {"datetime": "2025-08-12 04:15:03", "elapsed": 42583.16076016426, "delta": 17.25658106803894}, "costs": {"total_cost": 182.31032303536435, "time_cost": 70.77, "final_distance_cost": 1.7986299226218865, "oscillation_cost": 23.769282459155196, "completition_cost": 0.0, "overshoot_cost": 50.95306459715941, "power_cost": 14.148331469726562, "noise_cost": 20.87101458670129, "n_waypoints_completed": 9, "tot_waypoints": 9}}
{"target": -182.25121609654093, "params": {"k_pid_pos": [0.5674870139015368, 0.006411450575264964, 0.00045171106447926664], "k_pid_alt": [1.8698981416997367, 0.005204584185858883, 0.00992919006126392], "k_pid_att": [48.91095577444431, 0.2833623341754269, 0.8185026116405038], "k_pid_yaw": [0.5, 1e-06, 0.1], "k_pid_hsp": [0.10085439884459411, 0.009145699662324853, 0.0], "k_pid_vsp": [139.86570935686385, 141.09539802404728, 8.254712650240027]}, "datetime": {"datetime": "2025-08-12 04:15:22", "elapsed": 42602.19514656067, "delta": 19.03438639640808}, "costs": {"total_cost": 182.25121609654093, "time_cost": 71.498, "final_distance_cost": 1.8254810797863827, "oscillation_cost": 21.96109413419492, "completition_cost": 0.0, "overshoot_cost": 51.36845883160277, "power_cost": 14.349382250976563, "noise_cost": 21.24879979998026, "n_waypoints_completed": 9, "tot_waypoints": 9}}
{"target": -182.07496111115745, "params": {"k_pid_pos": [0.5457862541624366, 0.006936756192926146, 0.0005217407932717435], "k_pid_alt": [1.4786849709105458, 0.004794984256302909, 0.009796575133030706], "k_pid_att": [40.281408897998396, 0.32294995114048936, 0.7808858205860845], "k_pid_yaw": [0.5, 1e-06, 0.1], "k_pid_hsp": [0.11228106493087053, 0.01005334740838656, 0.0], "k_pid_vsp": [135.22943227310762, 98.38905213008907, 7.1668679486960585]}, "datetime": {"datetime": "2025-08-12 04:15:42", "elapsed": 42621.544739723206, "delta": 19.34959316253662}, "costs": {"total_cost": 182.07496111115745, "time_cost": 71.68, "final_distance_cost": 1.845098193800821, "oscillation_cost": 21.7829723585612, "completition_cost": 0.0, "overshoot_cost": 51.11539909986781, "power_cost": 14.128216125488281, "noise_cost": 21.523275333439326, "n_waypoints_completed": 9, "tot_waypoints": 9}}
{"target": -181.39524098329983, "params": {"k_pid_pos": [0.5383750835643948, 0.006221263569579764, 0.0005423325510178652], "k_pid_alt": [1.5827202285435444, 0.00498667083898366, 0.008724241514745332], "k_pid_att": [46.58583479450741, 0.3162730981535215, 0.9343125820322756], "k_pid_yaw": [0.5, 1e-06, 0.1], "k_pid_hsp": [0.09727115432007682, 0.0103403858288785, 0.0], "k_pid_vsp": [139.35559145744313, 144.21732605839102, 8.486968102932302]}, "datetime": {"datetime": "2025-08-12 04:15:59", "elapsed": 42638.93284749985, "delta": 17.388107776641846}, "costs": {"total_cost": 181.39524098329983, "time_cost": 71.806, "final_distance_cost": 1.8337493842710573, "oscillation_cost": 21.01503624296169, "completition_cost": 0.0, "overshoot_cost": 50.970682350791016, "power_cost": 15.01566796875, "noise_cost": 20.754105036526095, "n_waypoints_completed": 9, "tot_waypoints": 9}}
{"target": -181.4370332208587, "params": {"k_pid_pos": [0.5791433341313744, 0.00578334558884062, 0.0005142915459681604], "k_pid_alt": [1.3943061723993682, 0.004351444370981585, 0.013487517205230434], "k_pid_att": [39.88111675154179, 0.26887666860352616, 0.9331763584115897], "k_pid_yaw": [0.5, 1e-06, 0.1], "k_pid_hsp": [0.09796814893110913, 0.010824615113560107, 0.0], "k_pid_vsp": [121.97954852189258, 132.19812911055595, 7.144125951232643]}, "datetime": {"datetime": "2025-08-12 04:16:18", "elapsed": 42657.881927490234, "delta": 18.949079990386963}, "costs": {"total_cost": 181.4370332208587, "time_cost": 71.32300000000001, "final_distance_cost": 1.8254963528260417, "oscillation_cost": 22.031021591369424, "completition_cost": 0.0, "overshoot_cost": 50.848561862684456, "power_cost": 14.19995096435547, "noise_cost": 21.209002449623274, "n_waypoints_completed": 9, "tot_waypoints": 9}}
{"target": -181.90064975452012, "params": {"k_pid_pos": [0.5404028792092482, 0.005424516133859299, 0.000541222979054667], "k_pid_alt": [1.5783322010133147, 0.005122049393408164, 0.009194441246669391], "k_pid_att": [51.2902094883056, 0.3062159870709989, 0.7653784834881942], "k_pid_yaw": [0.5, 1e-06, 0.1], "k_pid_hsp": [0.08892921777897896, 0.010765588537082156, 0.0], "k_pid_vsp": [102.73651913295826, 123.576519103318, 8.53973815115508]}, "datetime": {"datetime": "2025-08-12 04:16:37", "elapsed": 42676.7119243145, "delta": 18.829996824264526}, "costs": {"total_cost": 181.90064975452012, "time_cost": 72.086, "final_distance_cost": 1.8305821112374812, "oscillation_cost": 20.937916879608494, "completition_cost": 0.0, "overshoot_cost": 51.37515103224726, "power_cost": 14.68048719482422, "noise_cost": 20.990512536602676, "n_waypoints_completed": 9, "tot_waypoints": 9}}
{"target": -183.89501078824046, "params": {"k_pid_pos": [0.5480398009937226, 0.006560155795198635, 0.0006777249079214782], "k_pid_alt": [1.402439083637938, 0.004886963592717533, 0.010288116900202633], "k_pid_att": [37.74766089383622, 0.2771757194158633, 0.8643956176012209], "k_pid_yaw": [0.5, 1e-06, 0.1], "k_pid_hsp": [0.07732583411075346, 0.008522552335731884, 0.0], "k_pid_vsp": [145.78751514730445, 96.99863583921974, 7.22577451150876]}, "datetime": {"datetime": "2025-08-12 04:16:56", "elapsed": 42695.7669801712, "delta": 19.055055856704712}, "costs": {"total_cost": 183.89501078824046, "time_cost": 73.619, "final_distance_cost": 1.8188929806712868, "oscillation_cost": 20.0317081438314, "completition_cost": 0.0, "overshoot_cost": 52.186208354756126, "power_cost": 14.356125451660157, "noise_cost": 21.883075857321497, "n_waypoints_completed": 9, "tot_waypoints": 9}}
{"target": -181.66370049415903, "params": {"k_pid_pos": [0.5248345686719942, 0.004760733546379937, 0.0005652145900785422], "k_pid_alt": [1.6075788425091133, 0.004725768872866971, 0.010230362792522102], "k_pid_att": [44.79316611276872, 0.35293320427774066, 0.9629281349593469], "k_pid_yaw": [0.5, 1e-06, 0.1], "k_pid_hsp": [0.09655019519498592, 0.007677905522641612, 0.0], "k_pid_vsp": [139.8089058491654, 150.04057325414593, 7.143990633985463]}, "datetime": {"datetime": "2025-08-12 04:17:14", "elapsed": 42714.12425160408, "delta": 18.357271432876587}, "costs": {"total_cost": 181.66370049415903, "time_cost": 72.086, "final_distance_cost": 1.8373239386836013, "oscillation_cost": 20.51630005900596, "completition_cost": 0.0, "overshoot_cost": 51.537718627252104, "power_cost": 14.135857983398438, "noise_cost": 21.550499885818944, "n_waypoints_completed": 9, "tot_waypoints": 9}}
{"target": -181.7488505734798, "params": {"k_pid_pos": [0.625977633680053, 0.005806868510678453, 0.00044509029958678304], "k_pid_alt": [1.0779004275536128, 0.005258009569941745, 0.009475234801113017], "k_pid_att": [42.06119740481671, 0.31657116766576227, 0.791011568303397], "k_pid_yaw": [0.5, 1e-06, 0.1], "k_pid_hsp": [0.0955930576033633, 0.010220338050421787, 0.0], "k_pid_vsp": [116.5926458822196, 143.8140521499665, 6.971121547131754]}, "datetime": {"datetime": "2025-08-12 04:17:32", "elapsed": 42731.98912215233, "delta": 17.86487054824829}, "costs": {"total_cost": 181.7488505734798, "time_cost": 71.379, "final_distance_cost": 1.8342853444969338, "oscillation_cost": 22.78759251234263, "completition_cost": 0.0, "overshoot_cost": 50.62420474670994, "power_cost": 14.153042053222658, "noise_cost": 20.97072591670764, "n_waypoints_completed": 9, "tot_waypoints": 9}}
