{"target": -188.43775701794152, "params": {"k_pid_pos": [1.0616288791797122, 0.05967828936391648, 0.0008582851696277427], "k_pid_alt": [1.181666086224988, 0.0022701545396825638, 0.007139286664638894], "k_pid_att": [15.795126734136431, 0.8879993313879933, 1.0], "k_pid_yaw": [0.5, 1e-06, 0.1], "k_pid_hsp": [0.1739921148220711, 0.028053494634935127, 0.0], "k_pid_vsp": [147.55862345749222, 34.81957536315863, 8.004953279173707]}, "datetime": {"datetime": "2025-08-11 18:39:39", "elapsed": 8059.230750322342, "delta": 17.147052764892578}, "costs": {"total_cost": 188.43775701794152, "time_cost": 69.643, "final_distance_cost": 1.7936618259135126, "oscillation_cost": 31.423124226063866, "completition_cost": 0.0, "overshoot_cost": 50.45640433844876, "power_cost": 14.621092517089844, "noise_cost": 20.50047411042555, "n_waypoints_completed": 9, "tot_waypoints": 9}}
{"target": -192.55794292953834, "params": {"k_pid_pos": [0.6569758490618517, 0.01353723789293114, 0.028800565542209344], "k_pid_alt": [1.2777635814477413, 0.004546740972847209, 0.02785530421709841], "k_pid_att": [24.19786907870153, 1.304139589321495, 0.9649552958914823], "k_pid_yaw": [0.5, 1e-06, 0.1], "k_pid_hsp": [0.47081311032716916, 0.03082602328944042, 0.0], "k_pid_vsp": [170.95199534955086, 36.42079883786119, 4.536724825207107]}, "datetime": {"datetime": "2025-08-11 18:39:58", "elapsed": 8077.635897159576, "delta": 18.405146837234497}, "costs": {"total_cost": 192.55794292953834, "time_cost": 74.039, "final_distance_cost": 1.8487329680260844, "oscillation_cost": 27.76223417331336, "completition_cost": 0.0, "overshoot_cost": 50.99197074605266, "power_cost": 14.953156787109375, "noise_cost": 22.96284825503688, "n_waypoints_completed": 9, "tot_waypoints": 9}}
{"target": -186.76249514982453, "params": {"k_pid_pos": [0.899652816534688, 0.047953492737500956, 0.0], "k_pid_alt": [1.2902926602824214, 0.0033326054755249304, 0.03328926436782467], "k_pid_att": [19.463881254901562, 1.0368644666146463, 0.6647216374146075], "k_pid_yaw": [0.5, 1e-06, 0.1], "k_pid_hsp": [0.34831724613287424, 0.04601604195197239, 0.0], "k_pid_vsp": [193.0009543321602, 54.33362454978368, 4.451395471291501]}, "datetime": {"datetime": "2025-08-11 18:40:15", "elapsed": 8094.606233119965, "delta": 16.970335960388184}, "costs": {"total_cost": 186.76249514982453, "time_cost": 69.44, "final_distance_cost": 1.8329282319724667, "oscillation_cost": 29.96136340809931, "completition_cost": 0.0, "overshoot_cost": 50.257787913150764, "power_cost": 14.458293676757814, "noise_cost": 20.812121919844163, "n_waypoints_completed": 9, "tot_waypoints": 9}}
{"target": -186.9422106246728, "params": {"k_pid_pos": [0.7459107294505888, 0.06654583880046545, 0.0], "k_pid_alt": [1.3780649348412586, 0.005189388474672501, 0.027304725380771815], "k_pid_att": [17.055026738328127, 2.0772391246349926, 0.6896096956091506], "k_pid_yaw": [0.5, 1e-06, 0.1], "k_pid_hsp": [0.6942529830745175, 0.03216744338539413, 0.0], "k_pid_vsp": [65.77322138188991, 35.401171701950354, 5.340237584178901]}, "datetime": {"datetime": "2025-08-11 18:40:33", "elapsed": 8112.548345327377, "delta": 17.94211220741272}, "costs": {"total_cost": 186.9422106246728, "time_cost": 70.70700000000001, "final_distance_cost": 1.8412930194512802, "oscillation_cost": 27.494059133484697, "completition_cost": 0.0, "overshoot_cost": 50.59583790102053, "power_cost": 14.564157177734376, "noise_cost": 21.739863392981913, "n_waypoints_completed": 9, "tot_waypoints": 9}}
{"target": -188.7437900632754, "params": {"k_pid_pos": [1.0890950515426252, 0.07114689686529825, 0.022922523970804676], "k_pid_alt": [1.885087877202838, 0.004764938728026081, 0.07209131383892738], "k_pid_att": [18.551589691182304, 1.4703190227964964, 0.42818278186033654], "k_pid_yaw": [0.5, 1e-06, 0.1], "k_pid_hsp": [0.21790972680200707, 0.022413375906309024, 0.0], "k_pid_vsp": [176.96543850969587, 31.786110029528928, 3.847030692238484]}, "datetime": {"datetime": "2025-08-11 18:40:50", "elapsed": 8129.6950533390045, "delta": 17.146708011627197}, "costs": {"total_cost": 188.7437900632754, "time_cost": 69.685, "final_distance_cost": 1.8220818463723405, "oscillation_cost": 30.841436847064923, "completition_cost": 0.0, "overshoot_cost": 50.94375592440206, "power_cost": 14.605773156738282, "noise_cost": 20.845742288697817, "n_waypoints_completed": 9, "tot_waypoints": 9}}
{"target": -198.03651954361106, "params": {"k_pid_pos": [0.5577211565159994, 0.04310099766345881, 0.04978235774291545], "k_pid_alt": [0.6765424525094136, 0.004194331552981542, 0.1288920847758955], "k_pid_att": [18.968461836988435, 1.5250805612987846, 0.6496864989700777], "k_pid_yaw": [0.5, 1e-06, 0.1], "k_pid_hsp": [0.3151711865404902, 0.021221792282118578, 0.0], "k_pid_vsp": [135.8056552455888, 48.42528359886148, 6.8212097667888765]}, "datetime": {"datetime": "2025-08-11 18:41:10", "elapsed": 8149.940308570862, "delta": 20.2452552318573}, "costs": {"total_cost": 198.03651954361106, "time_cost": 79.24, "final_distance_cost": 1.8485246472661272, "oscillation_cost": 26.09160178165474, "completition_cost": 0.0, "overshoot_cost": 51.59506612661514, "power_cost": 15.559069763183594, "noise_cost": 23.702257224891433, "n_waypoints_completed": 9, "tot_waypoints": 9}}
{"target": -196.06850280534906, "params": {"k_pid_pos": [0.7630611259740658, 0.08403593362708446, 0.05595460750265018], "k_pid_alt": [0.5627514480704375, 0.0014433682753400116, 0.05567614472298361], "k_pid_att": [3.364066252584891, 0.9161150225532638, 0.7329787349959515], "k_pid_yaw": [0.5, 1e-06, 0.1], "k_pid_hsp": [0.3437456986524647, 0.012544516008881498, 0.0], "k_pid_vsp": [95.90534882320799, 37.9987546978126, 4.676848067857059]}, "datetime": {"datetime": "2025-08-11 18:41:29", "elapsed": 8168.598194599152, "delta": 18.657886028289795}, "costs": {"total_cost": 196.06850280534906, "time_cost": 76.629, "final_distance_cost": 1.843622082012946, "oscillation_cost": 28.76310147286453, "completition_cost": 0.0, "overshoot_cost": 51.21330573924831, "power_cost": 15.337782177734375, "noise_cost": 22.281691333488894, "n_waypoints_completed": 9, "tot_waypoints": 9}}
{"target": -187.82953130451278, "params": {"k_pid_pos": [1.1254443104665743, 0.1040954239476626, 0.003808521001106145], "k_pid_alt": [1.0970421763131297, 0.0021612194999742055, 0.06417750932408002], "k_pid_att": [20.245494692663637, 1.0812382540559913, 1.0], "k_pid_yaw": [0.5, 1e-06, 0.1], "k_pid_hsp": [0.23239050234011607, 0.024520792638322842, 0.0], "k_pid_vsp": [49.69163315040513, 97.04261206565816, 9.482218696108587]}, "datetime": {"datetime": "2025-08-11 18:41:46", "elapsed": 8185.782358884811, "delta": 17.18416428565979}, "costs": {"total_cost": 187.82953130451278, "time_cost": 69.286, "final_distance_cost": 1.7843010828280321, "oscillation_cost": 31.575557532832107, "completition_cost": 0.0, "overshoot_cost": 49.99209454151816, "power_cost": 16.011062255859375, "noise_cost": 19.180515891475086, "n_waypoints_completed": 9, "tot_waypoints": 9}}
{"target": -196.5074773210402, "params": {"k_pid_pos": [0.9032115421294972, 0.1036265453588816, 0.03804787775380899], "k_pid_alt": [1.0625005970307404, 0.004665613119539297, 0.0571757499299286], "k_pid_att": [13.126374315545869, 1.1814278993741525, 0.4860965053736068], "k_pid_yaw": [0.5, 1e-06, 0.1], "k_pid_hsp": [0.07273753708151814, 0.010202240660335442, 0.0], "k_pid_vsp": [169.03215341620685, 22.622625545002737, 2.1442050110932294]}, "datetime": {"datetime": "2025-08-11 18:42:05", "elapsed": 8204.858232021332, "delta": 19.075873136520386}, "costs": {"total_cost": 196.5074773210402, "time_cost": 77.35000000000001, "final_distance_cost": 1.7942563456331162, "oscillation_cost": 27.31608342588213, "completition_cost": 0.0, "overshoot_cost": 51.96516024162671, "power_cost": 15.404500476074219, "noise_cost": 22.677476831824023, "n_waypoints_completed": 9, "tot_waypoints": 9}}
{"target": -194.76023722334372, "params": {"k_pid_pos": [0.6394409319149666, 0.07468859042431165, 0.059648869611421206], "k_pid_alt": [0.9550649868338154, 0.004751303676172548, 0.0517522523473028], "k_pid_att": [19.229679076336947, 1.2177506910594715, 0.9663171963213166], "k_pid_yaw": [0.5, 1e-06, 0.1], "k_pid_hsp": [0.33207826836862103, 0.03872307740853149, 0.0], "k_pid_vsp": [119.32473950613557, 19.199042928811092, 10.253193316839235]}, "datetime": {"datetime": "2025-08-11 18:42:23", "elapsed": 8223.33112359047, "delta": 18.472891569137573}, "costs": {"total_cost": 194.76023722334372, "time_cost": 74.935, "final_distance_cost": 1.845577558327214, "oscillation_cost": 27.477339691998885, "completition_cost": 0.0, "overshoot_cost": 52.0308772042432, "power_cost": 18.206721008300782, "noise_cost": 20.26472176047362, "n_waypoints_completed": 9, "tot_waypoints": 9}}
{"target": -186.17816307945998, "params": {"k_pid_pos": [0.83633345561184, 0.08766960561001678, 0.0], "k_pid_alt": [1.739140545423637, 0.000859385253428467, 0.04426439520582783], "k_pid_att": [11.216237879122922, 1.4393435009165154, 0.5117628791427172], "k_pid_yaw": [0.5, 1e-06, 0.1], "k_pid_hsp": [0.283859846018476, 0.01791200696514231, 0.0], "k_pid_vsp": [144.54875311170883, 61.59471114622207, 3.714575990941833]}, "datetime": {"datetime": "2025-08-11 18:42:41", "elapsed": 8240.933406352997, "delta": 17.602282762527466}, "costs": {"total_cost": 186.17816307945998, "time_cost": 69.895, "final_distance_cost": 1.814812407740339, "oscillation_cost": 28.16652470852928, "completition_cost": 0.0, "overshoot_cost": 50.77167375052534, "power_cost": 14.487454687500001, "noise_cost": 21.042697525165046, "n_waypoints_completed": 9, "tot_waypoints": 9}}
{"target": -187.78335089396708, "params": {"k_pid_pos": [0.640109103197864, 0.07987074913656617, 0.009006652197769355], "k_pid_alt": [1.4972234492581205, 0.0058850896577099035, 0.03767138834007217], "k_pid_att": [4.594179168996367, 0.8427147380749722, 1.0], "k_pid_yaw": [0.5, 1e-06, 0.1], "k_pid_hsp": [0.26821926402308427, 0.011487260963681028, 0.0], "k_pid_vsp": [188.91828827008294, 113.4636016340287, 7.4109413383149105]}, "datetime": {"datetime": "2025-08-11 18:42:59", "elapsed": 8258.80985569954, "delta": 17.87644934654236}, "costs": {"total_cost": 187.78335089396708, "time_cost": 71.981, "final_distance_cost": 1.8410196530547454, "oscillation_cost": 26.11895132921564, "completition_cost": 0.0, "overshoot_cost": 51.375129078406175, "power_cost": 14.580338244628907, "noise_cost": 21.886912588661637, "n_waypoints_completed": 9, "tot_waypoints": 9}}
{"target": -192.54646334887812, "params": {"k_pid_pos": [0.6551534104512139, 0.06261168117555095, 0.1086003956980472], "k_pid_alt": [1.811857600030664, 0.001182184206932584, 0.04074492051410689], "k_pid_att": [10.004074505165859, 0.5618894732968508, 0.4358966754130762], "k_pid_yaw": [0.5, 1e-06, 0.1], "k_pid_hsp": [0.4754241637956212, 0.002857579662807781, 0.0], "k_pid_vsp": [185.7345094444947, 49.51179268978124, 5.900000250180839]}, "datetime": {"datetime": "2025-08-11 18:43:17", "elapsed": 8277.047267913818, "delta": 18.237412214279175}, "costs": {"total_cost": 192.54646334887812, "time_cost": 74.417, "final_distance_cost": 1.8383209438074883, "oscillation_cost": 26.935685760903777, "completition_cost": 0.0, "overshoot_cost": 51.300273850561915, "power_cost": 14.996128356933594, "noise_cost": 23.05905443667134, "n_waypoints_completed": 9, "tot_waypoints": 9}}
{"target": -668.6255098474873, "params": {"k_pid_pos": [1.27393398575595, 0.08194910208193708, 0.04445624030120244], "k_pid_alt": [0.08069505438091425, 0.0033761540984251596, 0.03552727086972243], "k_pid_att": [15.815790545163503, 2.31057166011303, 1.0], "k_pid_yaw": [0.5, 1e-06, 0.1], "k_pid_hsp": [0.33161874982619627, 0.017225954243113028, 0.0], "k_pid_vsp": [138.45309525282997, 48.31680118429992, 5.715236755539927]}, "datetime": {"datetime": "2025-08-11 18:43:47", "elapsed": 8306.55566740036, "delta": 29.508399486541748}, "costs": {"total_cost": 668.6255098474873, "time_cost": 150, "final_distance_cost": 55.27968343753695, "oscillation_cost": 23.16390947045244, "completition_cost": 333.33333333333337, "overshoot_cost": 50.63872227752254, "power_cost": 22.88125211181641, "noise_cost": 33.328609216825456, "n_waypoints_completed": 6, "tot_waypoints": 9}}
{"target": -188.2103324654206, "params": {"k_pid_pos": [0.7778234681289425, 0.04840056582224448, 0.05210371888461463], "k_pid_alt": [2.0, 0.0047038039188955, 0.07509706185174019], "k_pid_att": [24.097347811578302, 1.0908789911079932, 1.0], "k_pid_yaw": [0.5, 1e-06, 0.1], "k_pid_hsp": [0.25299587551076436, 0.02458765209253518, 0.0], "k_pid_vsp": [119.27033284876984, 1e-06, 7.438645985032214]}, "datetime": {"datetime": "2025-08-11 18:44:04", "elapsed": 8324.065662145615, "delta": 17.509994745254517}, "costs": {"total_cost": 188.2103324654206, "time_cost": 71.47, "final_distance_cost": 1.8400745516780557, "oscillation_cost": 26.895514224377873, "completition_cost": 0.0, "overshoot_cost": 51.49052151327556, "power_cost": 14.59294793701172, "noise_cost": 21.92127423907737, "n_waypoints_completed": 9, "tot_waypoints": 9}}
{"target": -199.29313850047316, "params": {"k_pid_pos": [0.8201530176269501, 0.11456112991805041, 0.07370521704992598], "k_pid_alt": [1.4005868747049544, 0.0015493994714894169, 0.0], "k_pid_att": [8.89873183430467, 0.839641073106067, 0.7528269338039587], "k_pid_yaw": [0.5, 1e-06, 0.1], "k_pid_hsp": [0.32628199907688743, 0.015114574887546783, 0.0], "k_pid_vsp": [0.0, 70.83843376571883, 2.499868593264217]}, "datetime": {"datetime": "2025-08-11 18:44:23", "elapsed": 8342.814048528671, "delta": 18.74838638305664}, "costs": {"total_cost": 199.29313850047316, "time_cost": 74.081, "final_distance_cost": 1.8449474612974606, "oscillation_cost": 34.62581422065649, "completition_cost": 0.0, "overshoot_cost": 50.46817855258641, "power_cost": 18.14427060546875, "noise_cost": 20.128927660464043, "n_waypoints_completed": 9, "tot_waypoints": 9}}
{"target": -1167.4428587269858, "params": {"k_pid_pos": [0.0001, 0.11697522793341512, 0.0663402201346739], "k_pid_alt": [1.441440160551381, 0.003305169767612399, 0.016230905649365815], "k_pid_att": [17.03174697658103, 0.0023632454283757745, 0.09772274044418368], "k_pid_yaw": [0.5, 1e-06, 0.1], "k_pid_hsp": [0.27945170069806585, 0.014408085026692758, 0.0], "k_pid_vsp": [146.84804573596506, 35.492894094355336, 7.074760334122377]}, "datetime": {"datetime": "2025-08-11 18:44:52", "elapsed": 8371.890313863754, "delta": 29.076265335083008}, "costs": {"total_cost": 1167.4428587269858, "time_cost": 150, "final_distance_cost": 82.6760075328625, "oscillation_cost": 3.5365469289686686, "completition_cost": 777.7777777777778, "overshoot_cost": 99.2318749503797, "power_cost": 21.129847045898437, "noise_cost": 33.090804491098545, "n_waypoints_completed": 2, "tot_waypoints": 9}}
{"target": -187.63006467376596, "params": {"k_pid_pos": [1.2025167486741986, 0.0499326373104468, 0.03770924247064825], "k_pid_alt": [2.0, 0.004054745467616776, 0.038589047894484134], "k_pid_att": [17.58153431265369, 0.8205414436059622, 0.6645064692025892], "k_pid_yaw": [0.5, 1e-06, 0.1], "k_pid_hsp": [0.269080931704855, 0.028856701224534622, 0.0], "k_pid_vsp": [201.23163665514087, 94.67288612982954, 1e-06]}, "datetime": {"datetime": "2025-08-11 18:45:09", "elapsed": 8389.211083173752, "delta": 17.32076930999756}, "costs": {"total_cost": 187.63006467376596, "time_cost": 69.09700000000001, "final_distance_cost": 1.8026858620988646, "oscillation_cost": 31.240138045864494, "completition_cost": 0.0, "overshoot_cost": 50.32900781198207, "power_cost": 14.73188162841797, "noise_cost": 20.429351325402525, "n_waypoints_completed": 9, "tot_waypoints": 9}}
{"target": -194.89781456415372, "params": {"k_pid_pos": [0.850307487641529, 0.14244491193431638, 0.05342335143197047], "k_pid_alt": [0.8541552346851251, 0.00562374589831267, 0.11143347178454803], "k_pid_att": [21.828905335507972, 0.8669580998136731, 0.0], "k_pid_yaw": [0.5, 1e-06, 0.1], "k_pid_hsp": [0.300012560438543, 0.0, 0.0], "k_pid_vsp": [110.03144913032862, 54.88178237207768, 7.490356467303748]}, "datetime": {"datetime": "2025-08-11 18:45:27", "elapsed": 8407.131487131119, "delta": 17.920403957366943}, "costs": {"total_cost": 194.89781456415372, "time_cost": 72.254, "final_distance_cost": 1.815182037204329, "oscillation_cost": 33.6029618793651, "completition_cost": 0.0, "overshoot_cost": 50.89081469035484, "power_cost": 14.751293090820313, "noise_cost": 21.583562866409125, "n_waypoints_completed": 9, "tot_waypoints": 9}}
{"target": -1258.7157874933027, "params": {"k_pid_pos": [0.9304432149075265, 0.08181454364966585, 0.019956434143280622], "k_pid_alt": [1.1095550936511622, 0.001557966338377813, 0.04731075459646524], "k_pid_att": [5.589262073871541, 1.289230929603569, 0.6064301376060778], "k_pid_yaw": [0.5, 1e-06, 0.1], "k_pid_hsp": [0.0001, 0.009898241508389123, 0.0], "k_pid_vsp": [101.72311026118028, 50.008360797488514, 0.48431292004142135]}, "datetime": {"datetime": "2025-08-11 18:45:56", "elapsed": 8436.28064584732, "delta": 29.149158716201782}, "costs": {"total_cost": 1258.7157874933027, "time_cost": 150, "final_distance_cost": 64.22856222265376, "oscillation_cost": 2.546036514763205, "completition_cost": 888.8888888888888, "overshoot_cost": 98.83436976393156, "power_cost": 21.09567664794922, "noise_cost": 33.12225345511626, "n_waypoints_completed": 1, "tot_waypoints": 9}}
{"target": -1262.871106130032, "params": {"k_pid_pos": [0.6122149101281639, 0.046963248517347816, 0.0573660167462168], "k_pid_alt": [0.535891485048079, 0.0046125738561626104, 0.022680289020048244], "k_pid_att": [9.212921973660706, 1.6571793087500601, 0.8681392392781984], "k_pid_yaw": [0.5, 1e-06, 0.1], "k_pid_hsp": [0.0001, 0.007548444787039248, 0.0], "k_pid_vsp": [200.62604628458317, 38.74028028674549, 9.403913141443496]}, "datetime": {"datetime": "2025-08-11 18:46:26", "elapsed": 8466.212479114532, "delta": 29.931833267211914}, "costs": {"total_cost": 1262.871106130032, "time_cost": 150, "final_distance_cost": 64.66168969840784, "oscillation_cost": 1.9659402887895499, "completition_cost": 888.8888888888888, "overshoot_cost": 101.22995129393833, "power_cost": 29.370969592285157, "noise_cost": 26.753666367722637, "n_waypoints_completed": 1, "tot_waypoints": 9}}
{"target": -1256.1254079530202, "params": {"k_pid_pos": [0.5661384079625759, 0.016636833808405208, 0.0], "k_pid_alt": [1.2786661828156893, 0.0034682984417325445, 0.0], "k_pid_att": [16.115037916566195, 1.9851133421080034, 0.6930729632611904], "k_pid_yaw": [0.5, 1e-06, 0.1], "k_pid_hsp": [0.0001, 0.0048623673357573284, 0.0], "k_pid_vsp": [58.18457591449433, 69.65787007005589, 6.878837035183989]}, "datetime": {"datetime": "2025-08-11 18:46:56", "elapsed": 8495.699897289276, "delta": 29.487418174743652}, "costs": {"total_cost": 1256.1254079530202, "time_cost": 150, "final_distance_cost": 56.821834807733005, "oscillation_cost": 0.7178665551169674, "completition_cost": 888.8888888888888, "overshoot_cost": 105.56558198052404, "power_cost": 21.034313024902346, "noise_cost": 33.09692269585493, "n_waypoints_completed": 1, "tot_waypoints": 9}}
{"target": -187.00020756789772, "params": {"k_pid_pos": [0.6363518441149977, 0.08928679212958579, 0.022105078353701096], "k_pid_alt": [1.552546045947633, 0.005504570393932287, 0.06914530779681329], "k_pid_att": [15.51933715589115, 0.3166136569230849, 1.0], "k_pid_yaw": [0.5, 1e-06, 0.1], "k_pid_hsp": [0.14935787407408596, 0.003992772096350871, 0.0], "k_pid_vsp": [176.883372782141, 80.8780084899024, 9.205227878629048]}, "datetime": {"datetime": "2025-08-11 18:47:13", "elapsed": 8513.26888680458, "delta": 17.568989515304565}, "costs": {"total_cost": 187.00020756789772, "time_cost": 72.128, "final_distance_cost": 1.8172828159367764, "oscillation_cost": 24.095640969772987, "completition_cost": 0.0, "overshoot_cost": 51.966936991454475, "power_cost": 17.54499439697266, "noise_cost": 19.447352393760813, "n_waypoints_completed": 9, "tot_waypoints": 9}}
{"target": -193.54669369633484, "params": {"k_pid_pos": [0.5136809763442426, 0.054872895419889316, 0.04106926246716949], "k_pid_alt": [1.1257430255330085, 0.004126373185476487, 0.0879640021480736], "k_pid_att": [9.409955652210053, 0.49591797094768714, 0.0], "k_pid_yaw": [0.5, 1e-06, 0.1], "k_pid_hsp": [0.1911034107812332, 0.00995191847960013, 0.0], "k_pid_vsp": [204.80279661490104, 19.0090839992164, 2.2595254624810894]}, "datetime": {"datetime": "2025-08-11 18:47:32", "elapsed": 8531.863423109055, "delta": 18.594536304473877}, "costs": {"total_cost": 193.54669369633484, "time_cost": 76.21600000000001, "final_distance_cost": 1.8358720367463026, "oscillation_cost": 25.339167125779333, "completition_cost": 0.0, "overshoot_cost": 51.78071120816129, "power_cost": 14.947951782226562, "noise_cost": 23.426991543421348, "n_waypoints_completed": 9, "tot_waypoints": 9}}
{"target": -190.21296879803444, "params": {"k_pid_pos": [0.9179351406054382, 0.06691377509688072, 0.06754812250650481], "k_pid_alt": [1.1662185937614566, 0.005880449552957602, 0.047745796462325164], "k_pid_att": [40.23773454367601, 1.1375156236430621, 0.27180955512582744], "k_pid_yaw": [0.5, 1e-06, 0.1], "k_pid_hsp": [0.474110427867358, 0.030652402853118113, 0.0], "k_pid_vsp": [123.69088203416965, 1e-06, 5.328903278117285]}, "datetime": {"datetime": "2025-08-11 18:47:50", "elapsed": 8549.819278240204, "delta": 17.955855131149292}, "costs": {"total_cost": 190.21296879803444, "time_cost": 71.477, "final_distance_cost": 1.8353042992815503, "oscillation_cost": 29.025732991331598, "completition_cost": 0.0, "overshoot_cost": 51.22818328090198, "power_cost": 14.745048571777344, "noise_cost": 21.901699654741968, "n_waypoints_completed": 9, "tot_waypoints": 9}}
