{"target": -1492.7050242046291, "params": {"k_pid_pos": [0.6833806478067408, 0.3182255128861233, 0.0], "k_pid_alt": [2.0, 0.09689683619512102, 0.937481344619675], "k_pid_att": [29.054996320189716, 5.421283877000938, 0.28814878396317883], "k_pid_yaw": [0.5, 1e-06, 0.1], "k_pid_hsp": [3.317033333901024, 0.02061122313175373, 0.0], "k_pid_vsp": [0.0, 15.725272254156062, 6.444697160096969]}, "datetime": {"datetime": "2025-08-11 17:42:24", "elapsed": 4624.267288923264, "delta": 29.364153623580933}, "costs": {"total_cost": 1492.7050242046291, "time_cost": 150, "final_distance_cost": 1.0000000665839657, "oscillation_cost": 6.176347959203988, "completition_cost": 1000.0, "overshoot_cost": 163.0721141240824, "power_cost": 20.299842053222658, "noise_cost": 152.15672000153617, "n_waypoints_completed": 0, "tot_waypoints": 9}}
{"target": -1487.4089370122729, "params": {"k_pid_pos": [1.6351875201810682, 0.21626342189355605, 0.12393470988472788], "k_pid_alt": [1.343793094858859, 0.0, 0.5215019664691567], "k_pid_att": [41.75728967547939, 10.0, 0.3848685961801375], "k_pid_yaw": [0.5, 1e-06, 0.1], "k_pid_hsp": [3.3528150748415952, 0.05440596276323965, 0.0], "k_pid_vsp": [0.0, 9.55184719663667, 1e-06]}, "datetime": {"datetime": "2025-08-11 17:42:55", "elapsed": 4654.701895952225, "delta": 30.43460702896118}, "costs": {"total_cost": 1487.4089370122729, "time_cost": 150, "final_distance_cost": 1.0000001376820595, "oscillation_cost": 12.165979857516152, "completition_cost": 1000.0, "overshoot_cost": 163.06937717655882, "power_cost": 15.517916186523438, "noise_cost": 145.6556636539921, "n_waypoints_completed": 0, "tot_waypoints": 9}}
{"target": -773.7777653797722, "params": {"k_pid_pos": [0.0760589829911446, 0.081231855612867, 0.05112968957333234], "k_pid_alt": [2.0, 0.004198672552808766, 0.1410900659898424], "k_pid_att": [34.24099649913698, 8.05607591396395, 1.0], "k_pid_yaw": [0.5, 1e-06, 0.1], "k_pid_hsp": [1.607608168079332, 0.003185670011843907, 0.0], "k_pid_vsp": [139.69250209281014, 38.00444940077771, 1e-06]}, "datetime": {"datetime": "2025-08-11 17:43:25", "elapsed": 4685.001805305481, "delta": 30.299909353256226}, "costs": {"total_cost": 773.7777653797722, "time_cost": 150, "final_distance_cost": 50.03581737782552, "oscillation_cost": 9.227673659641496, "completition_cost": 444.4444444444444, "overshoot_cost": 65.818392979022, "power_cost": 21.474968457031252, "noise_cost": 32.77646846180768, "n_waypoints_completed": 5, "tot_waypoints": 9}}
{"target": -1263.8411399203317, "params": {"k_pid_pos": [0.6383840429282697, 0.24018008913409342, 0.07456680055024571], "k_pid_alt": [2.0, 0.001272510979937944, 0.41852722902847694], "k_pid_att": [20.089949865169032, 10.0, 0.720453483263238], "k_pid_yaw": [0.5, 1e-06, 0.1], "k_pid_hsp": [0.0001, 0.007924342905499463, 0.0], "k_pid_vsp": [143.41841300427188, 39.02264835094861, 4.3121101017797985]}, "datetime": {"datetime": "2025-08-11 17:43:55", "elapsed": 4715.11501455307, "delta": 30.11320924758911}, "costs": {"total_cost": 1263.8411399203317, "time_cost": 150, "final_distance_cost": 64.12870561208078, "oscillation_cost": 1.6910306792253862, "completition_cost": 888.8888888888888, "overshoot_cost": 104.92399821998492, "power_cost": 21.083695654296875, "noise_cost": 33.124820865854886, "n_waypoints_completed": 1, "tot_waypoints": 9}}
{"target": -1268.0391026090156, "params": {"k_pid_pos": [0.8927421360287074, 0.16105161682176025, 0.08419809602612488], "k_pid_alt": [1.6478048685135684, 0.0, 0.2133777322477776], "k_pid_att": [13.19871342964393, 7.217492634936065, 0.9801589586404283], "k_pid_yaw": [0.5, 1e-06, 0.1], "k_pid_hsp": [0.0001, 0.03930484459517866, 0.0], "k_pid_vsp": [0.0, 70.1109427340837, 1e-06]}, "datetime": {"datetime": "2025-08-11 17:44:26", "elapsed": 4745.548103094101, "delta": 30.433088541030884}, "costs": {"total_cost": 1268.0391026090156, "time_cost": 150, "final_distance_cost": 72.38358556431174, "oscillation_cost": 28.62085952196377, "completition_cost": 888.8888888888888, "overshoot_cost": 71.65797706297232, "power_cost": 30.70360134277344, "noise_cost": 25.7841902281054, "n_waypoints_completed": 1, "tot_waypoints": 9}}
{"target": -245.05393526109376, "params": {"k_pid_pos": [0.2168676789581805, 0.1723186035448204, 0.0], "k_pid_alt": [2.0, 0.008052330545973985, 0.0], "k_pid_att": [28.38673604096091, 5.353348768914444, 0.0], "k_pid_yaw": [0.5, 1e-06, 0.1], "k_pid_hsp": [1.275181299484294, 0.026860362702479657, 0.0], "k_pid_vsp": [147.51203455628627, 19.103691397896725, 8.169304422977406]}, "datetime": {"datetime": "2025-08-11 17:44:49", "elapsed": 4769.281936407089, "delta": 23.73383331298828}, "costs": {"total_cost": 245.05393526109376, "time_cost": 95.62, "final_distance_cost": 1.8377425752310452, "oscillation_cost": 43.96851217127141, "completition_cost": 0.0, "overshoot_cost": 55.754908148137346, "power_cost": 19.104562219238282, "noise_cost": 28.768210147215616, "n_waypoints_completed": 9, "tot_waypoints": 9}}
{"target": -1211.8951565558418, "params": {"k_pid_pos": [1.1562535903866478, 0.12485820468427618, 0.10006616825325469], "k_pid_alt": [2.0, 0.008498583650298716, 0.500419583055214], "k_pid_att": [24.376486756747187, 10.0, 1.0], "k_pid_yaw": [0.5, 1e-06, 0.1], "k_pid_hsp": [0.0001, 0.041823492707786035, 0.0], "k_pid_vsp": [197.9506879180972, 44.08861634425443, 7.454583520688516]}, "datetime": {"datetime": "2025-08-11 17:45:19", "elapsed": 4798.888205289841, "delta": 29.606268882751465}, "costs": {"total_cost": 1211.8951565558418, "time_cost": 150, "final_distance_cost": 97.13982876224696, "oscillation_cost": 27.432748067419162, "completition_cost": 777.7777777777778, "overshoot_cost": 103.55793475852487, "power_cost": 22.471364770507815, "noise_cost": 33.51550241936532, "n_waypoints_completed": 2, "tot_waypoints": 9}}
{"target": -197.849446271321, "params": {"k_pid_pos": [1.0512029812385353, 0.2432384600816894, 0.04576349592281107], "k_pid_alt": [2.0, 0.009790237582550461, 1.0], "k_pid_att": [25.388926137501173, 6.27216023292457, 0.70321076992995], "k_pid_yaw": [0.5, 1e-06, 0.1], "k_pid_hsp": [1.6667499875998162, 0.015090234945132083, 0.0], "k_pid_vsp": [227.5744326362776, 28.456492802453226, 6.506510761685706]}, "datetime": {"datetime": "2025-08-11 17:45:37", "elapsed": 4817.1666622161865, "delta": 18.278456926345825}, "costs": {"total_cost": 197.849446271321, "time_cost": 74.683, "final_distance_cost": 1.789363173669291, "oscillation_cost": 31.97992455309018, "completition_cost": 0.0, "overshoot_cost": 51.27926747778658, "power_cost": 15.871614270019531, "noise_cost": 22.24627679675542, "n_waypoints_completed": 9, "tot_waypoints": 9}}
{"target": -1426.1163665342817, "params": {"k_pid_pos": [0.3442000023831564, 0.09803892506169783, 0.07320118527733722], "k_pid_alt": [0.0, 0.0070374857493793715, 0.3792696936652605], "k_pid_att": [45.25130267177993, 7.179255615254394, 0.0], "k_pid_yaw": [0.5, 1e-06, 0.1], "k_pid_hsp": [5.528444932850804, 0.05689741456456795, 0.0], "k_pid_vsp": [0.0, 35.55399468432035, 6.672794054309478]}, "datetime": {"datetime": "2025-08-11 17:46:07", "elapsed": 4846.795074462891, "delta": 29.6284122467041}, "costs": {"total_cost": 1426.1163665342817, "time_cost": 150, "final_distance_cost": 26.906218157789564, "oscillation_cost": 69.18188752101311, "completition_cost": 1000.0, "overshoot_cost": 116.54003592568384, "power_cost": 21.171466174316407, "noise_cost": 42.316758755478816, "n_waypoints_completed": 0, "tot_waypoints": 9}}
{"target": -194.977816101762, "params": {"k_pid_pos": [1.191994368447965, 0.0, 0.15271712694911932], "k_pid_alt": [1.3694620792308416, 0.0023296088687518334, 0.5142350670868426], "k_pid_att": [21.648799051607018, 1.8451696267591349, 0.748416957875954], "k_pid_yaw": [0.5, 1e-06, 0.1], "k_pid_hsp": [3.755439421903414, 0.07597781642909744, 0.0], "k_pid_vsp": [147.10026251464612, 31.385171132588695, 14.305175997786327]}, "datetime": {"datetime": "2025-08-11 17:46:25", "elapsed": 4864.399216890335, "delta": 17.604142427444458}, "costs": {"total_cost": 194.977816101762, "time_cost": 70.98, "final_distance_cost": 1.8416348771143805, "oscillation_cost": 34.06484504692709, "completition_cost": 0.0, "overshoot_cost": 51.03673490208719, "power_cost": 18.747055041503906, "noise_cost": 18.307546234129397, "n_waypoints_completed": 9, "tot_waypoints": 9}}
{"target": -202.022146346335, "params": {"k_pid_pos": [1.010615549327121, 0.21046593302629793, 0.04858662300300163], "k_pid_alt": [0.7305824948664075, 0.003989980552952673, 0.5723506568065954], "k_pid_att": [27.689535335188946, 5.84632285886165, 0.8629503814593403], "k_pid_yaw": [0.5, 1e-06, 0.1], "k_pid_hsp": [0.4300700183293556, 0.011083271082904633, 0.0], "k_pid_vsp": [31.410148524949363, 41.45438805919908, 3.92281351438922]}, "datetime": {"datetime": "2025-08-11 17:46:44", "elapsed": 4884.211380720139, "delta": 19.812163829803467}, "costs": {"total_cost": 202.022146346335, "time_cost": 79.59700000000001, "final_distance_cost": 1.8425849418690814, "oscillation_cost": 30.71805603815619, "completition_cost": 0.0, "overshoot_cost": 50.743165378646246, "power_cost": 16.201865173339844, "noise_cost": 22.91947481432361, "n_waypoints_completed": 9, "tot_waypoints": 9}}
{"target": -212.14919586547214, "params": {"k_pid_pos": [1.8037588532334692, 0.4367414996526569, 0.026952341417699935], "k_pid_alt": [0.9249949707024797, 0.004240823739851831, 0.033759447199804025], "k_pid_att": [19.461579122539394, 7.047395880654192, 0.4382794765883453], "k_pid_yaw": [0.5, 1e-06, 0.1], "k_pid_hsp": [2.4815235987619393, 0.07442697258145094, 0.0], "k_pid_vsp": [107.28536870023164, 48.52541964263397, 17.43524408520857]}, "datetime": {"datetime": "2025-08-11 17:47:03", "elapsed": 4902.855650186539, "delta": 18.644269466400146}, "costs": {"total_cost": 212.14919586547214, "time_cost": 75.908, "final_distance_cost": 1.7347964593378764, "oscillation_cost": 42.05934620201769, "completition_cost": 0.0, "overshoot_cost": 52.43868494614012, "power_cost": 20.462558374023438, "noise_cost": 19.54580988395301, "n_waypoints_completed": 9, "tot_waypoints": 9}}
{"target": -201.67947015042125, "params": {"k_pid_pos": [0.9412532547202274, 0.24371445658251137, 0.30482043818433113], "k_pid_alt": [1.622667573980616, 0.00980379903122001, 0.7929785387461686], "k_pid_att": [6.265355868921337, 10.0, 1.0], "k_pid_yaw": [0.5, 1e-06, 0.1], "k_pid_hsp": [2.019333911304109, 0.06219428114530359, 0.0], "k_pid_vsp": [257.23105767928536, 30.302329425305544, 4.2526575475068755]}, "datetime": {"datetime": "2025-08-11 17:47:22", "elapsed": 4921.441628932953, "delta": 18.585978746414185}, "costs": {"total_cost": 201.67947015042125, "time_cost": 73.185, "final_distance_cost": 1.8296129456271952, "oscillation_cost": 38.118481078546125, "completition_cost": 0.0, "overshoot_cost": 51.19150740632633, "power_cost": 15.3822015625, "noise_cost": 21.972667157421583, "n_waypoints_completed": 9, "tot_waypoints": 9}}
{"target": -194.39503865847422, "params": {"k_pid_pos": [0.845702078818415, 0.2193054051312404, 0.12013909315185005], "k_pid_alt": [2.0, 0.0011226783072353075, 0.6593831764408566], "k_pid_att": [21.296509434116327, 0.0001, 1.0], "k_pid_yaw": [0.5, 1e-06, 0.1], "k_pid_hsp": [3.1411781899959723, 0.07072723502950697, 0.0], "k_pid_vsp": [74.97188798152824, 40.77439750155562, 7.557023334366195]}, "datetime": {"datetime": "2025-08-11 17:47:40", "elapsed": 4939.927837610245, "delta": 18.48620867729187}, "costs": {"total_cost": 194.39503865847422, "time_cost": 72.464, "final_distance_cost": 1.832165609604213, "oscillation_cost": 31.867936629987938, "completition_cost": 0.0, "overshoot_cost": 51.06246013732526, "power_cost": 15.125779516601563, "noise_cost": 22.042696764955256, "n_waypoints_completed": 9, "tot_waypoints": 9}}
{"target": -224.1504400709438, "params": {"k_pid_pos": [0.5300940428262214, 0.052612195593941195, 0.1365975512381645], "k_pid_alt": [0.5966621689568056, 0.001574841441902729, 0.49848946400779565], "k_pid_att": [19.905194403458136, 7.2958583919135735, 1.0], "k_pid_yaw": [0.5, 1e-06, 0.1], "k_pid_hsp": [3.1880510040544388, 0.05984612211166584, 0.0], "k_pid_vsp": [162.49296370405534, 13.534646550429443, 13.209798695533912]}, "datetime": {"datetime": "2025-08-11 17:48:03", "elapsed": 4962.681082010269, "delta": 22.753244400024414}, "costs": {"total_cost": 224.1504400709438, "time_cost": 91.168, "final_distance_cost": 1.8556553998641352, "oscillation_cost": 33.03175626718607, "completition_cost": 0.0, "overshoot_cost": 53.10138630410379, "power_cost": 22.924663049316408, "noise_cost": 22.068979050473406, "n_waypoints_completed": 9, "tot_waypoints": 9}}
{"target": -205.57218351104058, "params": {"k_pid_pos": [2.0, 0.08821508241692207, 0.1342611963389471], "k_pid_alt": [1.9187170374194558, 0.004037944546689084, 0.40916855684372183], "k_pid_att": [20.25442582609413, 8.67649574489085, 1.0], "k_pid_yaw": [0.5, 1e-06, 0.1], "k_pid_hsp": [2.436006385362625, 0.020375060587375548, 0.025448797435489254], "k_pid_vsp": [93.2207083839869, 48.869473793906415, 13.773082931254317]}, "datetime": {"datetime": "2025-08-11 17:48:20", "elapsed": 4979.707182407379, "delta": 17.026100397109985}, "costs": {"total_cost": 205.57218351104058, "time_cost": 68.334, "final_distance_cost": 1.7752078675354452, "oscillation_cost": 49.32467986488943, "completition_cost": 0.0, "overshoot_cost": 49.771490587147355, "power_cost": 18.39006297607422, "noise_cost": 17.976742215394154, "n_waypoints_completed": 9, "tot_waypoints": 9}}
{"target": -209.2015946177012, "params": {"k_pid_pos": [0.8983322424593156, 0.38524023853984196, 0.12878682193462535], "k_pid_alt": [1.9949696597200381, 0.00602823399120814, 0.63750320987036], "k_pid_att": [9.375531509860187, 6.666482611343592, 1.0], "k_pid_yaw": [0.5, 1e-06, 0.1], "k_pid_hsp": [2.3477655051772808, 0.10102513815470408, 0.0], "k_pid_vsp": [21.876827579948824, 23.412752649489665, 13.112621771189128]}, "datetime": {"datetime": "2025-08-11 17:48:39", "elapsed": 4998.825266361237, "delta": 19.118083953857422}, "costs": {"total_cost": 209.2015946177012, "time_cost": 77.217, "final_distance_cost": 1.7910346092545288, "oscillation_cost": 36.21433397792797, "completition_cost": 0.0, "overshoot_cost": 53.290981290903275, "power_cost": 19.961807153320315, "noise_cost": 20.726437586295134, "n_waypoints_completed": 9, "tot_waypoints": 9}}
{"target": -207.39815576495994, "params": {"k_pid_pos": [1.9098274971158657, 0.13429168827823548, 0.07328476493733962], "k_pid_alt": [2.0, 0.005535313033305434, 1.0], "k_pid_att": [12.850648460647257, 6.4585824113728885, 0.8430399920207082], "k_pid_yaw": [0.5, 1e-06, 0.1], "k_pid_hsp": [5.106669410306892, 0.00973655051353997, 0.0], "k_pid_vsp": [0.0, 37.28670665461491, 9.73502713336065]}, "datetime": {"datetime": "2025-08-11 17:48:57", "elapsed": 5017.0452835559845, "delta": 18.220017194747925}, "costs": {"total_cost": 207.39815576495994, "time_cost": 73.066, "final_distance_cost": 1.7982437363785388, "oscillation_cost": 39.684295897936074, "completition_cost": 0.0, "overshoot_cost": 53.76419554830709, "power_cost": 17.427235559082032, "noise_cost": 21.658185023256213, "n_waypoints_completed": 9, "tot_waypoints": 9}}
{"target": -260.3296270615566, "params": {"k_pid_pos": [1.4846195953955963, 0.08934974345988862, 0.22966456884173228], "k_pid_alt": [1.2330809197801045, 0.00807226010121716, 0.22280033328800516], "k_pid_att": [14.806001131383256, 5.866051516082806, 0.9326309357076689], "k_pid_yaw": [0.5, 1e-06, 0.1], "k_pid_hsp": [1.0380593905395228, 0.06628473738363759, 0.0], "k_pid_vsp": [0.0, 39.86713564133893, 14.588607529150167]}, "datetime": {"datetime": "2025-08-11 17:49:23", "elapsed": 5042.794023275375, "delta": 25.74873971939087}, "costs": {"total_cost": 260.3296270615566, "time_cost": 102.683, "final_distance_cost": 1.8245056606314747, "oscillation_cost": 36.2704628280837, "completition_cost": 0.0, "overshoot_cost": 67.28116617937619, "power_cost": 26.26889138183594, "noise_cost": 26.001601011629326, "n_waypoints_completed": 9, "tot_waypoints": 9}}
{"target": -195.92355912381478, "params": {"k_pid_pos": [2.0, 0.208042455434677, 0.0915133432765397], "k_pid_alt": [1.9187889741408382, 0.0062331436700781735, 0.21059229494273138], "k_pid_att": [23.396144082747934, 6.992431981403464, 0.9514744139715557], "k_pid_yaw": [0.5, 1e-06, 0.1], "k_pid_hsp": [0.8300049574472688, 0.06415357919913366, 0.0], "k_pid_vsp": [59.159408429941344, 67.40657061025524, 4.4650917626345015]}, "datetime": {"datetime": "2025-08-11 17:49:40", "elapsed": 5060.115542888641, "delta": 17.32151961326599}, "costs": {"total_cost": 195.92355912381478, "time_cost": 69.3, "final_distance_cost": 1.74336776616046, "oscillation_cost": 38.37722856360712, "completition_cost": 0.0, "overshoot_cost": 50.30749643495353, "power_cost": 15.561804528808594, "noise_cost": 20.633661830285096, "n_waypoints_completed": 9, "tot_waypoints": 9}}
{"target": -195.8711205007216, "params": {"k_pid_pos": [1.6232293490203518, 0.09226888111836751, 0.07339644569076871], "k_pid_alt": [2.0, 0.005393046383196042, 0.38709776623151965], "k_pid_att": [24.843922616137963, 3.043120125870903, 1.0], "k_pid_yaw": [0.5, 1e-06, 0.1], "k_pid_hsp": [1.4622819741971764, 0.055013935348583946, 0.0], "k_pid_vsp": [120.57242338877249, 15.71435939539758, 10.754820000825134]}, "datetime": {"datetime": "2025-08-11 17:49:58", "elapsed": 5077.535297870636, "delta": 17.41975498199463}, "costs": {"total_cost": 195.8711205007216, "time_cost": 69.902, "final_distance_cost": 1.7947995879253744, "oscillation_cost": 36.29446512765732, "completition_cost": 0.0, "overshoot_cost": 51.1683984995136, "power_cost": 18.331207824707032, "noise_cost": 18.38024946091827, "n_waypoints_completed": 9, "tot_waypoints": 9}}
{"target": -2010.0223967225386, "params": {"k_pid_pos": [1.0059671910124448, 0.06903983647397988, 0.07123383062817869], "k_pid_alt": [2.0, 0.010385255517058224, 0.46858835426535883], "k_pid_att": [1.07288577163375, 4.941205864661648, 0.9564071980171004], "k_pid_yaw": [0.5, 1e-06, 0.1], "k_pid_hsp": [1.9224262702403978, 0.0, 0.0], "k_pid_vsp": [135.22495421670905, 33.84363086926078, 8.076285524210492]}, "datetime": {"datetime": "2025-08-11 17:50:27", "elapsed": 5107.3422820568085, "delta": 29.806984186172485}, "costs": {"total_cost": 2010.0223967225386, "time_cost": 150, "final_distance_cost": 4.193458279248853, "oscillation_cost": 464.91353410282574, "completition_cost": 1000.0, "overshoot_cost": 161.4374481985721, "power_cost": 59.093514648437505, "noise_cost": 170.38444149345423, "n_waypoints_completed": 0, "tot_waypoints": 9}}
{"target": -231.97096841588666, "params": {"k_pid_pos": [1.5412623161839967, 0.2223488969244974, 0.1924086576423716], "k_pid_alt": [0.6004337578335931, 0.008037196018139648, 0.46051184073144896], "k_pid_att": [12.968068193726873, 5.201602332390245, 1.0], "k_pid_yaw": [0.5, 1e-06, 0.1], "k_pid_hsp": [1.796937130744525, 0.10975520853221397, 0.006402521977763646], "k_pid_vsp": [183.65593944465695, 24.626878556530944, 11.938531716774236]}, "datetime": {"datetime": "2025-08-11 17:50:48", "elapsed": 5127.74465918541, "delta": 20.402377128601074}, "costs": {"total_cost": 231.97096841588666, "time_cost": 83.433, "final_distance_cost": 1.8588099361356165, "oscillation_cost": 50.278652700585596, "completition_cost": 0.0, "overshoot_cost": 52.5251309915013, "power_cost": 22.01709287109375, "noise_cost": 21.858281916570384, "n_waypoints_completed": 9, "tot_waypoints": 9}}
{"target": -190.85312469043035, "params": {"k_pid_pos": [1.1194375826520058, 0.0, 0.026033198542773296], "k_pid_alt": [2.0, 0.006085345713967277, 0.7010042674513127], "k_pid_att": [15.727244381288218, 2.0835220029299575, 0.6572363924506304], "k_pid_yaw": [0.5, 1e-06, 0.1], "k_pid_hsp": [3.7955644423967185, 0.011047151185503139, 0.0], "k_pid_vsp": [184.81303233361007, 93.93956089012437, 2.1360397314204493]}, "datetime": {"datetime": "2025-08-11 17:51:06", "elapsed": 5146.042229890823, "delta": 18.29757070541382}, "costs": {"total_cost": 190.85312469043035, "time_cost": 69.139, "final_distance_cost": 1.842741416746144, "oscillation_cost": 33.99769800211683, "completition_cost": 0.0, "overshoot_cost": 50.08270638663904, "power_cost": 14.899208605957032, "noise_cost": 20.89177027897131, "n_waypoints_completed": 9, "tot_waypoints": 9}}
{"target": -202.76280190712683, "params": {"k_pid_pos": [2.0, 0.0, 0.1840454357254935], "k_pid_alt": [2.0, 0.005629412813909079, 0.33257391490290705], "k_pid_att": [17.840382397479416, 6.856906528736467, 1.0], "k_pid_yaw": [0.5, 1e-06, 0.1], "k_pid_hsp": [3.787897626000215, 0.10454562725287021, 0.0], "k_pid_vsp": [300.8444370305095, 25.404029177839934, 12.953286768548603]}, "datetime": {"datetime": "2025-08-11 17:51:24", "elapsed": 5163.456503152847, "delta": 17.414273262023926}, "costs": {"total_cost": 202.76280190712683, "time_cost": 69.629, "final_distance_cost": 1.7783821953383698, "oscillation_cost": 43.509123926508536, "completition_cost": 0.0, "overshoot_cost": 51.42321296937047, "power_cost": 18.472406750488283, "noise_cost": 17.950676065421174, "n_waypoints_completed": 9, "tot_waypoints": 9}}
{"target": -1273.5801744444586, "params": {"k_pid_pos": [0.0001, 0.03647496501106057, 0.3078602478491257], "k_pid_alt": [2.0, 0.0, 0.2345366464989097], "k_pid_att": [3.838030172395817, 9.944305677346629, 1.0], "k_pid_yaw": [0.5, 1e-06, 0.1], "k_pid_hsp": [3.8448721909404973, 0.037978784257784504, 0.0], "k_pid_vsp": [190.26305148999006, 42.75466921669507, 11.21787350323023]}, "datetime": {"datetime": "2025-08-11 17:51:53", "elapsed": 5193.070299863815, "delta": 29.613796710968018}, "costs": {"total_cost": 1273.5801744444586, "time_cost": 150, "final_distance_cost": 48.968900473450965, "oscillation_cost": 0.7698835171522558, "completition_cost": 888.8888888888888, "overshoot_cost": 128.9419629998314, "power_cost": 29.314293615722658, "noise_cost": 26.69624494941266, "n_waypoints_completed": 1, "tot_waypoints": 9}}
