{"target": -191.1226232013764, "params": {"k_pid_pos": [0.9488593022016412, 0.05575490340715581, 0.0015976600357762254], "k_pid_alt": [1.5900264734631138, 0.00448934917809357, 0.1438424208000251], "k_pid_att": [19.219663169549225, 3.716849329624013, 0.4452220986309454], "k_pid_yaw": [0.5, 1e-06, 0.1], "k_pid_hsp": [2.293986148069902, 0.020914544922030598, 0.0], "k_pid_vsp": [248.9124726846276, 90.57521937708736, 1e-06]}, "datetime": {"datetime": "2025-08-11 18:11:36", "elapsed": 6376.25962805748, "delta": 17.154449701309204}, "costs": {"total_cost": 191.1226232013764, "time_cost": 69.741, "final_distance_cost": 1.8438581997052788, "oscillation_cost": 32.80104452977638, "completition_cost": 0.0, "overshoot_cost": 50.72351934372188, "power_cost": 14.796897180175781, "noise_cost": 21.216303947997066, "n_waypoints_completed": 9, "tot_waypoints": 9}}
{"target": -193.7131505938416, "params": {"k_pid_pos": [0.8344745825283817, 0.05012616744543704, 0.07514181621538439], "k_pid_alt": [2.0, 0.007316199566202816, 0.607478817222287], "k_pid_att": [7.018440204604637, 0.9463014592582875, 0.3580251068925702], "k_pid_yaw": [0.5, 1e-06, 0.1], "k_pid_hsp": [3.0820733489280205, 0.0, 0.0], "k_pid_vsp": [172.03039642047952, 63.56650518830508, 6.388355965882366]}, "datetime": {"datetime": "2025-08-11 18:11:54", "elapsed": 6393.997331619263, "delta": 17.737703561782837}, "costs": {"total_cost": 193.7131505938416, "time_cost": 70.882, "final_distance_cost": 1.8519694336015387, "oscillation_cost": 33.589791768520506, "completition_cost": 0.0, "overshoot_cost": 50.793801201502106, "power_cost": 14.74030672607422, "noise_cost": 21.855281464143218, "n_waypoints_completed": 9, "tot_waypoints": 9}}
{"target": -236.09816824908853, "params": {"k_pid_pos": [0.2668462350010963, 0.016837015091728885, 0.038382783950848105], "k_pid_alt": [2.0, 0.0025559312972891868, 0.22446122158318285], "k_pid_att": [16.951697857410707, 0.0001, 0.696699101065981], "k_pid_yaw": [0.5, 1e-06, 0.1], "k_pid_hsp": [0.686948216567196, 0.04835217570056496, 0.0], "k_pid_vsp": [110.78007765599574, 80.64848961911257, 0.4916415673757027]}, "datetime": {"datetime": "2025-08-11 18:12:20", "elapsed": 6419.674453020096, "delta": 25.67712140083313}, "costs": {"total_cost": 236.09816824908853, "time_cost": 102.123, "final_distance_cost": 1.8568420730520054, "oscillation_cost": 22.62210654466988, "completition_cost": 0.0, "overshoot_cost": 56.17475155371874, "power_cost": 19.30686591796875, "noise_cost": 34.01460215967914, "n_waypoints_completed": 9, "tot_waypoints": 9}}
{"target": -191.53388934322834, "params": {"k_pid_pos": [1.0419275201474059, 0.0695473353644136, 0.029591952125151203], "k_pid_alt": [2.0, 0.0015562759097661385, 0.0], "k_pid_att": [5.273099554903207, 0.0001, 1.0], "k_pid_yaw": [0.5, 1e-06, 0.1], "k_pid_hsp": [2.9575517371742035, 0.051893958598008744, 0.0], "k_pid_vsp": [243.15988295052486, 66.16983828240814, 5.864219052124477]}, "datetime": {"datetime": "2025-08-11 18:12:38", "elapsed": 6437.927363395691, "delta": 18.252910375595093}, "costs": {"total_cost": 191.53388934322834, "time_cost": 69.47500000000001, "final_distance_cost": 1.8221348979856118, "oscillation_cost": 33.09603947045676, "completition_cost": 0.0, "overshoot_cost": 51.37045095024365, "power_cost": 14.931008850097657, "noise_cost": 20.839255174444634, "n_waypoints_completed": 9, "tot_waypoints": 9}}
{"target": -199.70142168944116, "params": {"k_pid_pos": [0.8359353597435609, 0.0030368331701091564, 0.11541667645185551], "k_pid_alt": [2.0, 0.022010362514765056, 0.011202464322815834], "k_pid_att": [8.104504945276535, 6.173762784839382, 1.0], "k_pid_yaw": [0.5, 1e-06, 0.1], "k_pid_hsp": [1.9768546337536879, 0.04790445504767468, 0.0], "k_pid_vsp": [262.9712088907908, 82.6300778257041, 5.727661999819734]}, "datetime": {"datetime": "2025-08-11 18:12:56", "elapsed": 6456.120329141617, "delta": 18.192965745925903}, "costs": {"total_cost": 199.70142168944116, "time_cost": 72.66, "final_distance_cost": 1.8485532585942068, "oscillation_cost": 36.14120335939323, "completition_cost": 0.0, "overshoot_cost": 51.24609473356129, "power_cost": 15.104042358398438, "noise_cost": 22.701527979493992, "n_waypoints_completed": 9, "tot_waypoints": 9}}
{"target": -188.47611748566675, "params": {"k_pid_pos": [1.3768765453482545, 0.026569729593767407, 0.05736676225175056], "k_pid_alt": [2.0, 0.0036125573775883046, 0.24865532783391817], "k_pid_att": [24.38354712487364, 0.0001, 1.0], "k_pid_yaw": [0.5, 1e-06, 0.1], "k_pid_hsp": [0.564651896370307, 0.0679044866996969, 0.0], "k_pid_vsp": [82.36043791126612, 33.67114546796591, 4.472024326830495]}, "datetime": {"datetime": "2025-08-11 18:13:14", "elapsed": 6473.674138069153, "delta": 17.55380892753601}, "costs": {"total_cost": 188.47611748566675, "time_cost": 68.88, "final_distance_cost": 1.8180275623624296, "oscillation_cost": 32.11338229514587, "completition_cost": 0.0, "overshoot_cost": 50.429361870652095, "power_cost": 14.767471228027345, "noise_cost": 20.467874529479015, "n_waypoints_completed": 9, "tot_waypoints": 9}}
{"target": -1194.0506806931435, "params": {"k_pid_pos": [0.0001, 0.007459078156667462, 0.0], "k_pid_alt": [2.0, 0.003320436878378561, 0.2607968054891276], "k_pid_att": [20.1999838269449, 1.449359644910908, 0.8296855529355817], "k_pid_yaw": [0.5, 1e-06, 0.1], "k_pid_hsp": [1.6448270610512534, 0.08442935952737596, 0.0], "k_pid_vsp": [250.92774776283855, 1e-06, 4.236523244824903]}, "datetime": {"datetime": "2025-08-11 18:13:44", "elapsed": 6503.822894573212, "delta": 30.148756504058838}, "costs": {"total_cost": 1194.0506806931435, "time_cost": 150, "final_distance_cost": 45.205591013244444, "oscillation_cost": 0.03114613288159633, "completition_cost": 888.8888888888888, "overshoot_cost": 55.78261149358008, "power_cost": 21.024022424316406, "noise_cost": 33.118420740231976, "n_waypoints_completed": 1, "tot_waypoints": 9}}
{"target": -1210.008419511611, "params": {"k_pid_pos": [1.3285551509101723, 0.0241719466636148, 0.0994436149048602], "k_pid_alt": [2.0, 0.0033409547530853074, 0.4440351541564555], "k_pid_att": [7.177137947297663, 2.668197386882593, 0.25276764957906217], "k_pid_yaw": [0.5, 1e-06, 0.1], "k_pid_hsp": [0.0001, 0.04131256155898115, 0.0], "k_pid_vsp": [103.70340701593607, 41.043364898530655, 4.98407911532733]}, "datetime": {"datetime": "2025-08-11 18:14:14", "elapsed": 6534.2371301651, "delta": 30.414235591888428}, "costs": {"total_cost": 1210.008419511611, "time_cost": 150, "final_distance_cost": 96.51036142340178, "oscillation_cost": 27.18978499217969, "completition_cost": 777.7777777777778, "overshoot_cost": 102.51693449437164, "power_cost": 22.484537109375, "noise_cost": 33.52902371450512, "n_waypoints_completed": 2, "tot_waypoints": 9}}
{"target": -200.19004539993492, "params": {"k_pid_pos": [0.4013612243728608, 0.03423389288039095, 0.061588332194364416], "k_pid_alt": [1.5138213273987908, 0.014612899150603958, 0.6549374947082676], "k_pid_att": [20.23461924045832, 1.6395725644907426, 1.0], "k_pid_yaw": [0.5, 1e-06, 0.1], "k_pid_hsp": [0.21981842535854504, 0.015542611178362723, 0.0], "k_pid_vsp": [181.73264049575528, 95.37215512749036, 3.780689257904548]}, "datetime": {"datetime": "2025-08-11 18:14:35", "elapsed": 6554.539829492569, "delta": 20.302699327468872}, "costs": {"total_cost": 200.19004539993492, "time_cost": 82.117, "final_distance_cost": 1.8587705115171456, "oscillation_cost": 22.548651423721363, "completition_cost": 0.0, "overshoot_cost": 51.75207844626269, "power_cost": 15.843655700683595, "noise_cost": 26.069889317750096, "n_waypoints_completed": 9, "tot_waypoints": 9}}
{"target": -188.931763397066, "params": {"k_pid_pos": [1.1061608513789214, 0.09398017267514307, 0.07740166803328437], "k_pid_alt": [2.0, 0.003591899418619261, 0.4136757595069886], "k_pid_att": [14.442294531342933, 1.072112007622593, 0.9390090970783823], "k_pid_yaw": [0.5, 1e-06, 0.1], "k_pid_hsp": [1.8807719706620372, 0.05920172690947717, 0.0], "k_pid_vsp": [179.81115534826355, 116.56796562047425, 6.188920950194601]}, "datetime": {"datetime": "2025-08-11 18:14:52", "elapsed": 6571.915859937668, "delta": 17.376030445098877}, "costs": {"total_cost": 188.931763397066, "time_cost": 68.95700000000001, "final_distance_cost": 1.8384741350126326, "oscillation_cost": 32.405836652762645, "completition_cost": 0.0, "overshoot_cost": 50.22428131239254, "power_cost": 14.753828271484375, "noise_cost": 20.752343025413804, "n_waypoints_completed": 9, "tot_waypoints": 9}}
{"target": -3426.919069180424, "params": {"k_pid_pos": [0.6584247175692505, 0.11733864648493157, 0.058508034805060664], "k_pid_alt": [1.284055418062029, 0.0061634740026245615, 0.26238385850172957], "k_pid_att": [0.0, 1.0610450904883233, 1.0], "k_pid_yaw": [0.5, 1e-06, 0.1], "k_pid_hsp": [1.9826033315959009, 0.0, 0.0], "k_pid_vsp": [222.7217230161231, 24.51683985070366, 6.3445793053911546]}, "datetime": {"datetime": "2025-08-11 18:15:23", "elapsed": 6602.505210638046, "delta": 30.589350700378418}, "costs": {"total_cost": 3426.919069180424, "time_cost": 150, "final_distance_cost": 231.28155039847482, "oscillation_cost": 1188.333127980611, "completition_cost": 1000.0, "overshoot_cost": 632.4319380790976, "power_cost": 58.045348828125, "noise_cost": 166.8271038941155, "n_waypoints_completed": 0, "tot_waypoints": 9}}
{"target": -207.88546097975512, "params": {"k_pid_pos": [0.50873918001385, 0.0, 0.00794445124203245], "k_pid_alt": [1.7355063736400715, 0.009412380800909507, 0.0], "k_pid_att": [31.20450715214693, 8.019771763282458, 1.0], "k_pid_yaw": [0.5, 1e-06, 0.1], "k_pid_hsp": [1.8295720547268093, 0.03235356263197779, 0.0], "k_pid_vsp": [265.98030979659546, 70.64674682844935, 1.601229502184779]}, "datetime": {"datetime": "2025-08-11 18:15:43", "elapsed": 6623.044542312622, "delta": 20.539331674575806}, "costs": {"total_cost": 207.88546097975512, "time_cost": 81.851, "final_distance_cost": 1.8538536140209823, "oscillation_cost": 29.977011059827532, "completition_cost": 0.0, "overshoot_cost": 51.94213354857749, "power_cost": 16.247400427246095, "noise_cost": 26.014062330083032, "n_waypoints_completed": 9, "tot_waypoints": 9}}
{"target": -193.25647688837495, "params": {"k_pid_pos": [1.4706497154169285, 0.0, 0.007635511245055627], "k_pid_alt": [2.0, 0.0, 0.4063156706184204], "k_pid_att": [18.201376376590186, 2.4656288209492825, 1.0], "k_pid_yaw": [0.5, 1e-06, 0.1], "k_pid_hsp": [2.1834748433191873, 0.052473441431002917, 0.0], "k_pid_vsp": [207.36548273567203, 60.54953575506752, 6.666305069311068]}, "datetime": {"datetime": "2025-08-11 18:16:00", "elapsed": 6640.142312049866, "delta": 17.097769737243652}, "costs": {"total_cost": 193.25647688837495, "time_cost": 68.635, "final_distance_cost": 1.777177338332141, "oscillation_cost": 36.56847151075078, "completition_cost": 0.0, "overshoot_cost": 50.81760225864644, "power_cost": 14.9894265625, "noise_cost": 20.468799218145598, "n_waypoints_completed": 9, "tot_waypoints": 9}}
{"target": -193.4327621775085, "params": {"k_pid_pos": [1.5868248484642915, 0.027808268716337767, 0.10591524355279232], "k_pid_alt": [1.4644645990823264, 0.011159679028498055, 0.3225159736061285], "k_pid_att": [18.49560920794853, 2.3763830716146566, 0.7204860499074183], "k_pid_yaw": [0.5, 1e-06, 0.1], "k_pid_hsp": [2.536501876511117, 0.0, 0.0], "k_pid_vsp": [93.72109059153286, 73.94199355053063, 3.6168252106488814]}, "datetime": {"datetime": "2025-08-11 18:16:18", "elapsed": 6657.627315044403, "delta": 17.485002994537354}, "costs": {"total_cost": 193.4327621775085, "time_cost": 68.635, "final_distance_cost": 1.7811953480045857, "oscillation_cost": 36.62476340884647, "completition_cost": 0.0, "overshoot_cost": 50.97302023568229, "power_cost": 15.005682336425782, "noise_cost": 20.413100848549327, "n_waypoints_completed": 9, "tot_waypoints": 9}}
{"target": -188.66547756863284, "params": {"k_pid_pos": [1.1174577804627797, 0.0, 0.060576672896161664], "k_pid_alt": [1.443360256513149, 0.0037257227820991397, 0.0], "k_pid_att": [21.84317383458811, 0.6678745628542672, 0.11076318974204558], "k_pid_yaw": [0.5, 1e-06, 0.1], "k_pid_hsp": [0.3720187295425998, 0.055092393101702636, 0.0], "k_pid_vsp": [154.893918749346, 55.8289824265986, 4.9835887864568145]}, "datetime": {"datetime": "2025-08-11 18:16:35", "elapsed": 6674.701634645462, "delta": 17.07431960105896}, "costs": {"total_cost": 188.66547756863284, "time_cost": 69.188, "final_distance_cost": 1.8373067352225545, "oscillation_cost": 32.009722213639016, "completition_cost": 0.0, "overshoot_cost": 50.043650113527235, "power_cost": 14.706688989257813, "noise_cost": 20.880109516986217, "n_waypoints_completed": 9, "tot_waypoints": 9}}
{"target": -878.9412303569653, "params": {"k_pid_pos": [0.13115687860623082, 0.009192117561022674, 0.11214929554467877], "k_pid_alt": [2.0, 0.0, 0.0], "k_pid_att": [10.573537809293857, 0.7454540861623689, 1.0], "k_pid_yaw": [0.5, 1e-06, 0.1], "k_pid_hsp": [4.350529719320357, 0.06278104219865724, 0.0], "k_pid_vsp": [131.3305833395676, 170.3947851973514, 12.972611602487376]}, "datetime": {"datetime": "2025-08-11 18:17:05", "elapsed": 6704.512765884399, "delta": 29.811131238937378}, "costs": {"total_cost": 878.9412303569653, "time_cost": 150, "final_distance_cost": 45.0285309143746, "oscillation_cost": 13.86054935480943, "completition_cost": 555.5555555555555, "overshoot_cost": 58.26215620382003, "power_cost": 29.59411905517578, "noise_cost": 26.640319273229974, "n_waypoints_completed": 4, "tot_waypoints": 9}}
{"target": -197.72777328713264, "params": {"k_pid_pos": [0.7927186777580513, 0.021044679309868013, 0.07854617370212535], "k_pid_alt": [0.6511276356183336, 0.006244427890100798, 0.0], "k_pid_att": [20.8322416701438, 1.7529392533711092, 1.0], "k_pid_yaw": [0.5, 1e-06, 0.1], "k_pid_hsp": [1.1811765852196483, 0.09727423191723845, 0.0], "k_pid_vsp": [234.0124805939381, 0.22598942289350296, 4.410000414580153]}, "datetime": {"datetime": "2025-08-11 18:17:23", "elapsed": 6723.065669059753, "delta": 18.552903175354004}, "costs": {"total_cost": 197.72777328713264, "time_cost": 75.607, "final_distance_cost": 1.8507814492043635, "oscillation_cost": 30.480634078075695, "completition_cost": 0.0, "overshoot_cost": 51.46586895528032, "power_cost": 15.381251330566407, "noise_cost": 22.942237474005843, "n_waypoints_completed": 9, "tot_waypoints": 9}}
{"target": -218.44246599364052, "params": {"k_pid_pos": [0.390329492068515, 0.0, 0.06341815823636289], "k_pid_alt": [2.0, 0.0021439926014279105, 0.19404554804484278], "k_pid_att": [11.436878254044453, 1.4134871013121575, 0.8705181128323373], "k_pid_yaw": [0.5, 1e-06, 0.1], "k_pid_hsp": [0.8055495651169675, 0.010952531307416994, 0.0], "k_pid_vsp": [110.73059466407135, 44.33236096294175, 5.175419592209646]}, "datetime": {"datetime": "2025-08-11 18:17:46", "elapsed": 6745.516076564789, "delta": 22.4504075050354}, "costs": {"total_cost": 218.44246599364052, "time_cost": 91.077, "final_distance_cost": 1.8588574505470699, "oscillation_cost": 24.846041894598176, "completition_cost": 0.0, "overshoot_cost": 53.41222231392026, "power_cost": 17.470396936035158, "noise_cost": 29.777947398539855, "n_waypoints_completed": 9, "tot_waypoints": 9}}
{"target": -188.92722422756702, "params": {"k_pid_pos": [1.1073598937970113, 0.03756884713963455, 0.056369565581964876], "k_pid_alt": [1.5232071963174834, 0.0056868077370318066, 0.3991562446890106], "k_pid_att": [27.070801075809953, 3.4138505497366993, 1.0], "k_pid_yaw": [0.5, 1e-06, 0.1], "k_pid_hsp": [0.808604310790061, 0.07229445778042289, 0.0], "k_pid_vsp": [161.85416957379812, 42.28636027529191, 2.452903842529125]}, "datetime": {"datetime": "2025-08-11 18:18:03", "elapsed": 6762.514464139938, "delta": 16.998387575149536}, "costs": {"total_cost": 188.92722422756702, "time_cost": 69.398, "final_distance_cost": 1.8315953889669216, "oscillation_cost": 31.683093875166346, "completition_cost": 0.0, "overshoot_cost": 50.432219069979155, "power_cost": 14.777863476562501, "noise_cost": 20.80445241689212, "n_waypoints_completed": 9, "tot_waypoints": 9}}
{"target": -189.90657124437124, "params": {"k_pid_pos": [1.5846571457631384, 0.023939580234697055, 0.07765667791258336], "k_pid_alt": [2.0, 0.0039792944153712265, 0.0011403062438861595], "k_pid_att": [10.105816008006592, 1.4468971485756772, 0.5958491191387262], "k_pid_yaw": [0.5, 1e-06, 0.1], "k_pid_hsp": [0.5403021707980148, 0.022424196608430386, 0.0], "k_pid_vsp": [138.44323757516426, 98.66730884881211, 7.082108472451016]}, "datetime": {"datetime": "2025-08-11 18:18:20", "elapsed": 6779.394973516464, "delta": 16.88050937652588}, "costs": {"total_cost": 189.90657124437124, "time_cost": 68.768, "final_distance_cost": 1.7717995743813395, "oscillation_cost": 33.55419722628307, "completition_cost": 0.0, "overshoot_cost": 50.61578743766693, "power_cost": 14.93024617919922, "noise_cost": 20.266540826840668, "n_waypoints_completed": 9, "tot_waypoints": 9}}
{"target": -189.85890008534577, "params": {"k_pid_pos": [1.7652650952476259, 0.05172093255438865, 0.0958760237142296], "k_pid_alt": [1.58212601649915, 0.008243967910746669, 0.42208635459775096], "k_pid_att": [16.557212957013366, 1.799428730112604, 0.7434103860341063], "k_pid_yaw": [0.5, 1e-06, 0.1], "k_pid_hsp": [0.3849510490101992, 0.0, 0.0], "k_pid_vsp": [206.32162196108152, 102.30816553798608, 6.881016772557242]}, "datetime": {"datetime": "2025-08-11 18:18:36", "elapsed": 6796.350098609924, "delta": 16.955125093460083}, "costs": {"total_cost": 189.85890008534577, "time_cost": 69.055, "final_distance_cost": 1.7565748896979188, "oscillation_cost": 32.86315552852792, "completition_cost": 0.0, "overshoot_cost": 50.72221004809197, "power_cost": 14.940389282226564, "noise_cost": 20.521570336801403, "n_waypoints_completed": 9, "tot_waypoints": 9}}
{"target": -191.21765138382057, "params": {"k_pid_pos": [1.1340681592247392, 0.06643068300236751, 0.05138251828349275], "k_pid_alt": [2.0, 0.002933261751227579, 0.23325394011376524], "k_pid_att": [19.66124780002713, 1.4881648870242932, 1.0], "k_pid_yaw": [0.5, 1e-06, 0.1], "k_pid_hsp": [0.8866432775477162, 0.0, 0.0], "k_pid_vsp": [263.09877801240845, 7.226861723815584, 3.3530451445053893]}, "datetime": {"datetime": "2025-08-11 18:18:54", "elapsed": 6813.448641300201, "delta": 17.0985426902771}, "costs": {"total_cost": 191.21765138382057, "time_cost": 70.58800000000001, "final_distance_cost": 1.835161553299832, "oscillation_cost": 30.977994983340956, "completition_cost": 0.0, "overshoot_cost": 51.57133783033142, "power_cost": 14.880535034179688, "noise_cost": 21.364621982668638, "n_waypoints_completed": 9, "tot_waypoints": 9}}
{"target": -195.82557083520058, "params": {"k_pid_pos": [2.0, 0.061539880273175106, 0.07412267183603839], "k_pid_alt": [1.910708173720449, 0.0070214715726437575, 0.41194252241338775], "k_pid_att": [8.722547934377541, 1.2169333698427254, 0.8842319292056994], "k_pid_yaw": [0.5, 1e-06, 0.1], "k_pid_hsp": [0.7773728084687862, 0.01445523626334679, 0.0], "k_pid_vsp": [94.20994630502635, 64.95189288742512, 10.001668717796791]}, "datetime": {"datetime": "2025-08-11 18:19:11", "elapsed": 6830.972988843918, "delta": 17.52434754371643}, "costs": {"total_cost": 195.82557083520058, "time_cost": 69.3, "final_distance_cost": 1.7380204837284303, "oscillation_cost": 37.30530364629664, "completition_cost": 0.0, "overshoot_cost": 50.93907773648318, "power_cost": 18.219158825683596, "noise_cost": 18.32401014300874, "n_waypoints_completed": 9, "tot_waypoints": 9}}
{"target": -207.35472472596365, "params": {"k_pid_pos": [0.41942429538078335, 0.004791058409336492, 0.041647910096147066], "k_pid_alt": [1.737002664817852, 0.007383955971184161, 0.06193032411448177], "k_pid_att": [26.750169332252508, 2.2457532062987196, 1.0], "k_pid_yaw": [0.5, 1e-06, 0.1], "k_pid_hsp": [0.39508526690177287, 0.0, 0.0], "k_pid_vsp": [177.5958956854804, 110.60923856446259, 6.515346181060997]}, "datetime": {"datetime": "2025-08-11 18:19:32", "elapsed": 6851.889094352722, "delta": 20.91610550880432}, "costs": {"total_cost": 207.35472472596365, "time_cost": 85.239, "final_distance_cost": 1.8574894361086791, "oscillation_cost": 23.745678123769707, "completition_cost": 0.0, "overshoot_cost": 52.43460068363826, "power_cost": 16.545441235351564, "noise_cost": 27.532515247095443, "n_waypoints_completed": 9, "tot_waypoints": 9}}
{"target": -188.002448890477, "params": {"k_pid_pos": [0.8648156209800882, 0.045106560889661286, 0.08109985725547243], "k_pid_alt": [2.0, 0.01158139132012955, 0.0], "k_pid_att": [21.28148133904757, 0.6666766061027042, 0.8757041654009129], "k_pid_yaw": [0.5, 1e-06, 0.1], "k_pid_hsp": [0.3250082554237024, 0.034559670975169314, 0.0], "k_pid_vsp": [113.54907836796235, 14.426598637438403, 8.270417096858843]}, "datetime": {"datetime": "2025-08-11 18:19:49", "elapsed": 6869.010239362717, "delta": 17.121145009994507}, "costs": {"total_cost": 188.002448890477, "time_cost": 70.623, "final_distance_cost": 1.8447445175343755, "oscillation_cost": 28.27360211667201, "completition_cost": 0.0, "overshoot_cost": 51.1597530200199, "power_cost": 14.568654150390625, "noise_cost": 21.532695085860095, "n_waypoints_completed": 9, "tot_waypoints": 9}}
{"target": -1247.508533353354, "params": {"k_pid_pos": [1.3078283244340636, 0.020345400910405344, 0.07353207030184732], "k_pid_alt": [1.4632408705335216, 0.0071388801418678744, 0.11910271124934797], "k_pid_att": [16.174045736506528, 1.4299202688572719, 0.5864760305376878], "k_pid_yaw": [0.5, 1e-06, 0.1], "k_pid_hsp": [0.0001, 0.025754085501877622, 0.0], "k_pid_vsp": [146.2796383929011, 69.57655964649659, 7.2363083121044625]}, "datetime": {"datetime": "2025-08-11 18:20:19", "elapsed": 6898.401413440704, "delta": 29.39117407798767}, "costs": {"total_cost": 1247.508533353354, "time_cost": 150, "final_distance_cost": 67.95085935987741, "oscillation_cost": 11.966321555038009, "completition_cost": 888.8888888888888, "overshoot_cost": 73.82869006478504, "power_cost": 21.599560791015627, "noise_cost": 33.27421269374913, "n_waypoints_completed": 1, "tot_waypoints": 9}}
