{"target": -181.942749766671, "params": {"k_pid_pos": [0.5592773586786125, 0.0060154658948666576, 0.0005129024374945435], "k_pid_alt": [1.659444872927512, 0.005573698419878842, 0.009565733316549594], "k_pid_att": [42.79905101454606, 0.308086859572301, 0.7915622149970195], "k_pid_yaw": [0.5, 1e-06, 0.1], "k_pid_hsp": [0.10183796547447793, 0.009804359679155826, 0.0], "k_pid_vsp": [142.35466718543591, 128.28012516801203, 7.721861317445774]}, "datetime": {"datetime": "2025-08-12 04:25:20", "elapsed": 43199.444967508316, "delta": 18.527345895767212}, "costs": {"total_cost": 181.942749766671, "time_cost": 71.512, "final_distance_cost": 1.8325789221006226, "oscillation_cost": 21.85557316867703, "completition_cost": 0.0, "overshoot_cost": 51.23387531747043, "power_cost": 14.155625769042969, "noise_cost": 21.353096589379962, "n_waypoints_completed": 9, "tot_waypoints": 9}}
{"target": -182.45645472922598, "params": {"k_pid_pos": [0.4981798781795661, 0.006352376888751134, 0.0005452147115407722], "k_pid_alt": [1.7168549705782594, 0.005448626755052625, 0.01105701962952862], "k_pid_att": [38.11165478489993, 0.344279039919807, 0.8626402851551177], "k_pid_yaw": [0.5, 1e-06, 0.1], "k_pid_hsp": [0.0843799508573685, 0.011807829632070388, 0.0], "k_pid_vsp": [119.99636716817751, 130.85568607267308, 8.41317644208178]}, "datetime": {"datetime": "2025-08-12 04:25:37", "elapsed": 43217.03462052345, "delta": 17.58965301513672}, "costs": {"total_cost": 182.45645472922598, "time_cost": 72.919, "final_distance_cost": 1.8336201039702715, "oscillation_cost": 20.02215083113336, "completition_cost": 0.0, "overshoot_cost": 51.52249178904566, "power_cost": 14.616427368164063, "noise_cost": 21.542764636912636, "n_waypoints_completed": 9, "tot_waypoints": 9}}
{"target": -182.96721945777128, "params": {"k_pid_pos": [0.5089781131225742, 0.006184465259798475, 0.0005919417619122375], "k_pid_alt": [1.6213733023895935, 0.00511476840859022, 0.009437820131242418], "k_pid_att": [43.97559415496935, 0.3411769026488784, 0.8078759325947237], "k_pid_yaw": [0.5, 1e-06, 0.1], "k_pid_hsp": [0.11457395892368938, 0.010060403238501908, 0.0], "k_pid_vsp": [148.25248647131028, 119.4310137047338, 6.925612738183356]}, "datetime": {"datetime": "2025-08-12 04:25:57", "elapsed": 43236.385642528534, "delta": 19.351022005081177}, "costs": {"total_cost": 182.96721945777128, "time_cost": 72.387, "final_distance_cost": 1.8441761700893697, "oscillation_cost": 21.58044754201603, "completition_cost": 0.0, "overshoot_cost": 51.00104354734407, "power_cost": 14.248904211425781, "noise_cost": 21.905647986896003, "n_waypoints_completed": 9, "tot_waypoints": 9}}
{"target": -184.82579128361422, "params": {"k_pid_pos": [0.629470997829475, 0.0059867335176485995, 0.0006011098350973237], "k_pid_alt": [1.8329708226991943, 0.0045904411201181, 0.012336227065730163], "k_pid_att": [48.09013212140241, 0.2454069486820655, 0.8994663926950356], "k_pid_yaw": [0.5, 1e-06, 0.1], "k_pid_hsp": [0.07522990685394207, 0.009871502669756518, 0.0], "k_pid_vsp": [138.08338514796787, 137.36901703069523, 9.219176330375943]}, "datetime": {"datetime": "2025-08-12 04:26:15", "elapsed": 43254.45724821091, "delta": 18.071605682373047}, "costs": {"total_cost": 184.82579128361422, "time_cost": 73.01, "final_distance_cost": 1.8055883747164188, "oscillation_cost": 21.88676401806101, "completition_cost": 0.0, "overshoot_cost": 51.3754923001922, "power_cost": 17.640266357421876, "noise_cost": 19.107680233222712, "n_waypoints_completed": 9, "tot_waypoints": 9}}
{"target": -181.9096657342973, "params": {"k_pid_pos": [0.505338535371696, 0.0062481509660663815, 0.0005364124717753021], "k_pid_alt": [1.5568590681833736, 0.004567762412219285, 0.010985658795198102], "k_pid_att": [37.143913115851646, 0.29798170080912695, 0.8112139540575668], "k_pid_yaw": [0.5, 1e-06, 0.1], "k_pid_hsp": [0.08486365942283136, 0.009634452765000707, 0.0], "k_pid_vsp": [125.30533106542278, 111.05384847337633, 7.044912814703461]}, "datetime": {"datetime": "2025-08-12 04:26:34", "elapsed": 43273.44994902611, "delta": 18.992700815200806}, "costs": {"total_cost": 181.9096657342973, "time_cost": 72.737, "final_distance_cost": 1.8246390147639358, "oscillation_cost": 19.700611744525478, "completition_cost": 0.0, "overshoot_cost": 51.72527565257207, "power_cost": 14.155094482421875, "noise_cost": 21.767044840013973, "n_waypoints_completed": 9, "tot_waypoints": 9}}
{"target": -187.5757601141374, "params": {"k_pid_pos": [0.717720587047968, 0.0063484625048050025, 0.0004990049695083214], "k_pid_alt": [1.9081043002850286, 0.004211448086445357, 0.009954128700732858], "k_pid_att": [48.34398199511977, 0.3870843712111438, 0.9533100720033705], "k_pid_yaw": [0.5, 1e-06, 0.1], "k_pid_hsp": [0.06236765354573515, 0.011921751440755635, 0.0], "k_pid_vsp": [138.77160408321, 143.90995496619783, 7.7117692419300745]}, "datetime": {"datetime": "2025-08-12 04:26:52", "elapsed": 43291.49815869331, "delta": 18.04820966720581}, "costs": {"total_cost": 187.5757601141374, "time_cost": 73.773, "final_distance_cost": 1.806081029986159, "oscillation_cost": 23.20480842088644, "completition_cost": 0.0, "overshoot_cost": 52.421842277179806, "power_cost": 14.669894848632813, "noise_cost": 21.700133537452185, "n_waypoints_completed": 9, "tot_waypoints": 9}}
{"target": -182.3375517709371, "params": {"k_pid_pos": [0.6556154265943938, 0.005799925549314398, 0.0005175051890853735], "k_pid_alt": [1.7873133816595057, 0.004332660187511603, 0.009296227004364615], "k_pid_att": [45.765793691963324, 0.29301802204325417, 0.7622950042420823], "k_pid_yaw": [0.5, 1e-06, 0.1], "k_pid_hsp": [0.09359327750958955, 0.008376361307618844, 0.0], "k_pid_vsp": [155.37573580393607, 121.75742137036912, 6.206712450759649]}, "datetime": {"datetime": "2025-08-12 04:27:10", "elapsed": 43309.770305395126, "delta": 18.272146701812744}, "costs": {"total_cost": 182.3375517709371, "time_cost": 71.127, "final_distance_cost": 1.8256885578379616, "oscillation_cost": 22.851821562459506, "completition_cost": 0.0, "overshoot_cost": 51.21646323318669, "power_cost": 14.184432202148438, "noise_cost": 21.132146215304513, "n_waypoints_completed": 9, "tot_waypoints": 9}}
{"target": -183.14453915450702, "params": {"k_pid_pos": [0.4942075548712275, 0.005907672861316458, 0.0005003272116661128], "k_pid_alt": [1.7986416892677939, 0.004225272935152829, 0.007373728685247026], "k_pid_att": [35.240664477395924, 0.3183648777742418, 0.8057941711836963], "k_pid_yaw": [0.5, 1e-06, 0.1], "k_pid_hsp": [0.11036755776593367, 0.007679389613865076, 0.0], "k_pid_vsp": [133.71599290215855, 162.91649245854538, 5.737652306283827]}, "datetime": {"datetime": "2025-08-12 04:27:27", "elapsed": 43326.96489286423, "delta": 17.194587469100952}, "costs": {"total_cost": 183.14453915450702, "time_cost": 72.681, "final_distance_cost": 1.8483017333575258, "oscillation_cost": 20.88235983838593, "completition_cost": 0.0, "overshoot_cost": 51.400954838455384, "power_cost": 14.311629748535157, "noise_cost": 22.020292995773016, "n_waypoints_completed": 9, "tot_waypoints": 9}}
{"target": -182.21889477193605, "params": {"k_pid_pos": [0.6765174442332976, 0.005583036472948252, 0.0007437946326481192], "k_pid_alt": [1.7138256860868373, 0.004560007356678635, 0.004779229011727646], "k_pid_att": [43.19432674118398, 0.30205407419395336, 0.8710009254364994], "k_pid_yaw": [0.5, 1e-06, 0.1], "k_pid_hsp": [0.09869335494280201, 0.011158806282591777, 0.0], "k_pid_vsp": [110.81494889620394, 114.09662528005045, 6.725019930898765]}, "datetime": {"datetime": "2025-08-12 04:27:47", "elapsed": 43346.50635457039, "delta": 19.5414617061615}, "costs": {"total_cost": 182.21889477193605, "time_cost": 70.791, "final_distance_cost": 1.8048866251824371, "oscillation_cost": 23.615163130965104, "completition_cost": 0.0, "overshoot_cost": 50.908611976563115, "power_cost": 14.174505676269533, "noise_cost": 20.924727362955878, "n_waypoints_completed": 9, "tot_waypoints": 9}}
{"target": -181.34152958974158, "params": {"k_pid_pos": [0.6595871094671862, 0.006984248838995848, 0.0006218475707034064], "k_pid_alt": [1.8513368628990612, 0.0042926425839882815, 0.011013344547936246], "k_pid_att": [46.58358112683127, 0.28717381848594253, 0.8684349423931351], "k_pid_yaw": [0.5, 1e-06, 0.1], "k_pid_hsp": [0.10497553212538757, 0.010472060422307422, 0.0], "k_pid_vsp": [118.88187157622401, 126.2913574255624, 7.179216167721807]}, "datetime": {"datetime": "2025-08-12 04:28:04", "elapsed": 43363.90901851654, "delta": 17.402663946151733}, "costs": {"total_cost": 181.34152958974158, "time_cost": 70.679, "final_distance_cost": 1.8150239000771855, "oscillation_cost": 23.366934778171846, "completition_cost": 0.0, "overshoot_cost": 50.40473469086272, "power_cost": 14.159763391113282, "noise_cost": 20.91607282951657, "n_waypoints_completed": 9, "tot_waypoints": 9}}
{"target": -181.70190016667524, "params": {"k_pid_pos": [0.6652120484632555, 0.006207201622091915, 0.0006146095819985854], "k_pid_alt": [1.3955284182221435, 0.006084009292703846, 0.009854271860910367], "k_pid_att": [42.51481010496497, 0.2429522652046695, 0.7427208056287364], "k_pid_yaw": [0.5, 1e-06, 0.1], "k_pid_hsp": [0.09461009918459518, 0.010267642250391142, 0.0], "k_pid_vsp": [135.75222646544418, 162.23282460466828, 8.050200182735209]}, "datetime": {"datetime": "2025-08-12 04:28:23", "elapsed": 43382.82052230835, "delta": 18.911503791809082}, "costs": {"total_cost": 181.70190016667524, "time_cost": 70.994, "final_distance_cost": 1.8243643354667913, "oscillation_cost": 23.139965303919123, "completition_cost": 0.0, "overshoot_cost": 50.7339036520108, "power_cost": 14.134892053222657, "noise_cost": 20.87477482205585, "n_waypoints_completed": 9, "tot_waypoints": 9}}
{"target": -185.91976467996633, "params": {"k_pid_pos": [0.656497511934714, 0.0044259305489518005, 0.0006363315183398263], "k_pid_alt": [1.4567128641300708, 0.005412465797251673, 0.009780319845027932], "k_pid_att": [41.49194461143381, 0.32836518910564955, 0.8545522358142489], "k_pid_yaw": [0.5, 1e-06, 0.1], "k_pid_hsp": [0.06700657587759466, 0.010155117861169538, 0.0], "k_pid_vsp": [99.92386417359857, 131.98222415173143, 7.060117595004425]}, "datetime": {"datetime": "2025-08-12 04:28:41", "elapsed": 43400.6212580204, "delta": 17.80073571205139}, "costs": {"total_cost": 185.91976467996633, "time_cost": 73.731, "final_distance_cost": 1.7816992431495162, "oscillation_cost": 22.014334859348377, "completition_cost": 0.0, "overshoot_cost": 52.033871848895444, "power_cost": 14.562991198730469, "noise_cost": 21.795867529842518, "n_waypoints_completed": 9, "tot_waypoints": 9}}
{"target": -181.95473411136487, "params": {"k_pid_pos": [0.5957109415539817, 0.00649216487948434, 0.0005516826238967974], "k_pid_alt": [1.8260294201110325, 0.004886754689793574, 0.008251307472248087], "k_pid_att": [49.96392889363535, 0.29379407990617185, 0.82840508476342], "k_pid_yaw": [0.5, 1e-06, 0.1], "k_pid_hsp": [0.10609579190851777, 0.010387797947508208, 0.0], "k_pid_vsp": [128.4964856779944, 128.14533040243026, 7.224302465187297]}, "datetime": {"datetime": "2025-08-12 04:28:59", "elapsed": 43419.287816524506, "delta": 18.666558504104614}, "costs": {"total_cost": 181.95473411136487, "time_cost": 71.113, "final_distance_cost": 1.8193566544147746, "oscillation_cost": 22.72928971335509, "completition_cost": 0.0, "overshoot_cost": 50.910587550756794, "power_cost": 14.147058190917969, "noise_cost": 21.235442001920262, "n_waypoints_completed": 9, "tot_waypoints": 9}}
{"target": -181.51727003021523, "params": {"k_pid_pos": [0.5802461524270451, 0.006080070071114601, 0.0004909541007622125], "k_pid_alt": [1.850324587211284, 0.0049470129770224905, 0.010091921270500482], "k_pid_att": [43.22572065606738, 0.2936958735706343, 0.7928020750872303], "k_pid_yaw": [0.5, 1e-06, 0.1], "k_pid_hsp": [0.09517384485910109, 0.009203628726809385, 0.0], "k_pid_vsp": [146.17129001599503, 141.76818943960504, 7.9484916820540965]}, "datetime": {"datetime": "2025-08-12 04:29:17", "elapsed": 43436.86857390404, "delta": 17.58075737953186}, "costs": {"total_cost": 181.51727003021523, "time_cost": 71.519, "final_distance_cost": 1.825948489349073, "oscillation_cost": 21.550485813533477, "completition_cost": 0.0, "overshoot_cost": 51.23503700154689, "power_cost": 14.12472801513672, "noise_cost": 21.262070710649056, "n_waypoints_completed": 9, "tot_waypoints": 9}}
{"target": -182.09262403300352, "params": {"k_pid_pos": [0.6467407293067943, 0.0069250797199583115, 0.0005921163193285214], "k_pid_alt": [1.6857573373699861, 0.004762184102051288, 0.008832126809493508], "k_pid_att": [40.40480065558831, 0.3080501260374376, 0.7429462644046282], "k_pid_yaw": [0.5, 1e-06, 0.1], "k_pid_hsp": [0.09604382055926745, 0.010277508443162884, 0.0], "k_pid_vsp": [147.78248871944157, 125.10780362448607, 5.907990439234253]}, "datetime": {"datetime": "2025-08-12 04:29:35", "elapsed": 43454.96069645882, "delta": 18.092122554779053}, "costs": {"total_cost": 182.09262403300352, "time_cost": 71.05, "final_distance_cost": 1.8189952911290852, "oscillation_cost": 22.990691908874478, "completition_cost": 0.0, "overshoot_cost": 50.831124761689, "power_cost": 14.217072778320313, "noise_cost": 21.184739292990667, "n_waypoints_completed": 9, "tot_waypoints": 9}}
{"target": -182.8674274847504, "params": {"k_pid_pos": [0.4890664409903298, 0.006185920710363638, 0.000630899344443841], "k_pid_alt": [1.421976215275544, 0.004622079576397392, 0.009502170388770173], "k_pid_att": [40.76506512261654, 0.3186851976035477, 0.8540087431289073], "k_pid_yaw": [0.5, 1e-06, 0.1], "k_pid_hsp": [0.1077180780451046, 0.007516446096667794, 0.0], "k_pid_vsp": [136.43644638527542, 127.94737532068359, 7.2246413262740505]}, "datetime": {"datetime": "2025-08-12 04:29:54", "elapsed": 43473.78721046448, "delta": 18.82651400566101}, "costs": {"total_cost": 182.8674274847504, "time_cost": 72.828, "final_distance_cost": 1.8324047633978526, "oscillation_cost": 20.585500290263788, "completition_cost": 0.0, "overshoot_cost": 51.16944438433562, "power_cost": 14.347801806640625, "noise_cost": 22.10427624011253, "n_waypoints_completed": 9, "tot_waypoints": 9}}
{"target": -182.698890349134, "params": {"k_pid_pos": [0.5436415373073613, 0.005806871701608839, 0.0005901214505937678], "k_pid_alt": [1.632396854928702, 0.00487901283816658, 0.008857036213030776], "k_pid_att": [36.86974959651228, 0.3128781425777781, 0.8036074460297641], "k_pid_yaw": [0.5, 1e-06, 0.1], "k_pid_hsp": [0.08285059429367554, 0.010010263078025211, 0.0], "k_pid_vsp": [124.34027445151594, 131.88994766085148, 8.092712810353769]}, "datetime": {"datetime": "2025-08-12 04:30:11", "elapsed": 43491.34059691429, "delta": 17.553386449813843}, "costs": {"total_cost": 182.698890349134, "time_cost": 72.702, "final_distance_cost": 1.8313271489143426, "oscillation_cost": 20.490568452057964, "completition_cost": 0.0, "overshoot_cost": 51.73951609196468, "power_cost": 14.292686938476564, "noise_cost": 21.642791717720442, "n_waypoints_completed": 9, "tot_waypoints": 9}}
{"target": -181.8593196012686, "params": {"k_pid_pos": [0.5931143939752437, 0.004759639820703108, 0.0004471545606746768], "k_pid_alt": [1.9018902069860217, 0.00472940346458828, 0.011578375793584826], "k_pid_att": [46.099807482461564, 0.306441135513022, 0.8457266566305038], "k_pid_yaw": [0.5, 1e-06, 0.1], "k_pid_hsp": [0.09167428647337221, 0.010608134966284146, 0.0], "k_pid_vsp": [145.95076490645815, 111.62543865107085, 7.0527901217089815]}, "datetime": {"datetime": "2025-08-12 04:30:30", "elapsed": 43509.40973615646, "delta": 18.06913924217224}, "costs": {"total_cost": 181.8593196012686, "time_cost": 71.673, "final_distance_cost": 1.8330615499587999, "oscillation_cost": 21.991101988517585, "completition_cost": 0.0, "overshoot_cost": 50.917797579734824, "power_cost": 14.168140966796877, "noise_cost": 21.276217516260523, "n_waypoints_completed": 9, "tot_waypoints": 9}}
{"target": -182.74032390558514, "params": {"k_pid_pos": [0.6067391340341605, 0.007155431933617645, 0.0005585466892825342], "k_pid_alt": [1.412003938386527, 0.0037367709319501724, 0.009764151283713142], "k_pid_att": [43.52068763036319, 0.33492967077576113, 1.0], "k_pid_yaw": [0.5, 1e-06, 0.1], "k_pid_hsp": [0.0859925392844712, 0.009638452661880159, 0.0], "k_pid_vsp": [130.06028315667132, 99.1216451593861, 7.525613036316289]}, "datetime": {"datetime": "2025-08-12 04:30:47", "elapsed": 43527.31665229797, "delta": 17.90691614151001}, "costs": {"total_cost": 182.74032390558514, "time_cost": 72.212, "final_distance_cost": 1.8267835199136266, "oscillation_cost": 21.726482779441618, "completition_cost": 0.0, "overshoot_cost": 51.522285033183145, "power_cost": 14.15030341796875, "noise_cost": 21.30246915507796, "n_waypoints_completed": 9, "tot_waypoints": 9}}
{"target": -183.47635212376048, "params": {"k_pid_pos": [0.7267003785896113, 0.006441492966243749, 0.0006147188320783142], "k_pid_alt": [1.7740135968126058, 0.005059378794533832, 0.011315459798567429], "k_pid_att": [50.71958761706622, 0.3460352821432533, 0.8459933951249788], "k_pid_yaw": [0.5, 1e-06, 0.1], "k_pid_hsp": [0.0944456419154442, 0.010477634502037985, 0.0], "k_pid_vsp": [130.26305591128218, 135.96266508299885, 8.686102006728603]}, "datetime": {"datetime": "2025-08-12 04:31:06", "elapsed": 43545.94563484192, "delta": 18.628982543945312}, "costs": {"total_cost": 183.47635212376048, "time_cost": 70.959, "final_distance_cost": 1.7965001863877543, "oscillation_cost": 24.39860607173127, "completition_cost": 0.0, "overshoot_cost": 50.95342713499033, "power_cost": 15.5261837890625, "noise_cost": 19.842634941588628, "n_waypoints_completed": 9, "tot_waypoints": 9}}
{"target": -182.47895729695094, "params": {"k_pid_pos": [0.5615803505449884, 0.006114968524847692, 0.0005867567359824096], "k_pid_alt": [1.5708387265490427, 0.0057264247595498, 0.011450982139651017], "k_pid_att": [33.85552670762733, 0.3353281301034625, 0.7660164271369441], "k_pid_yaw": [0.5, 1e-06, 0.1], "k_pid_hsp": [0.08458706843541298, 0.010279566220966383, 0.0], "k_pid_vsp": [130.07509526535475, 141.55838923167758, 6.085668279340051]}, "datetime": {"datetime": "2025-08-12 04:31:25", "elapsed": 43565.05839371681, "delta": 19.11275887489319}, "costs": {"total_cost": 182.47895729695094, "time_cost": 72.422, "final_distance_cost": 1.815796755786302, "oscillation_cost": 20.8663691739777, "completition_cost": 0.0, "overshoot_cost": 51.639237145283545, "power_cost": 14.275671435546876, "noise_cost": 21.45988278635649, "n_waypoints_completed": 9, "tot_waypoints": 9}}
{"target": -182.06398077954668, "params": {"k_pid_pos": [0.6025168311479803, 0.006684880142340331, 0.0006152994490865538], "k_pid_alt": [1.4626454019833153, 0.004774164548483334, 0.008575881530194304], "k_pid_att": [43.663460492440315, 0.3170201208302578, 0.8474216908786555], "k_pid_yaw": [0.5, 1e-06, 0.1], "k_pid_hsp": [0.11602018895300303, 0.01153705664598953, 0.0], "k_pid_vsp": [118.91924489738479, 128.93586361963904, 5.693103407983116]}, "datetime": {"datetime": "2025-08-12 04:31:43", "elapsed": 43582.71911621094, "delta": 17.660722494125366}, "costs": {"total_cost": 182.06398077954668, "time_cost": 70.868, "final_distance_cost": 1.8309267009024623, "oscillation_cost": 23.529990390093797, "completition_cost": 0.0, "overshoot_cost": 50.68527014061572, "power_cost": 14.079790148925781, "noise_cost": 21.07000339900891, "n_waypoints_completed": 9, "tot_waypoints": 9}}
{"target": -183.11603854846368, "params": {"k_pid_pos": [0.5490648998862689, 0.005687983345407939, 0.0006502319827236775], "k_pid_alt": [1.6848803783068087, 0.005298852565216928, 0.01059815978872391], "k_pid_att": [49.68604044147696, 0.2971223063552017, 0.9011300315417817], "k_pid_yaw": [0.5, 1e-06, 0.1], "k_pid_hsp": [0.07838860142843183, 0.008698166999489993, 0.0], "k_pid_vsp": [149.69270855870133, 155.6965089900186, 6.9395312396105595]}, "datetime": {"datetime": "2025-08-12 04:32:02", "elapsed": 43602.04214262962, "delta": 19.323026418685913}, "costs": {"total_cost": 183.11603854846368, "time_cost": 73.304, "final_distance_cost": 1.8062586806318357, "oscillation_cost": 20.1289343826149, "completition_cost": 0.0, "overshoot_cost": 51.72419771542108, "power_cost": 14.372868359375001, "noise_cost": 21.779779410420886, "n_waypoints_completed": 9, "tot_waypoints": 9}}
{"target": -183.47800249845793, "params": {"k_pid_pos": [0.5508016927640428, 0.0053464148531497694, 0.0006394588504776298], "k_pid_alt": [1.4093666361913322, 0.004882892218175718, 0.009874795697887554], "k_pid_att": [39.876306408036406, 0.28467852973957875, 0.8535839225645193], "k_pid_yaw": [0.5, 1e-06, 0.1], "k_pid_hsp": [0.07726932322644618, 0.010327321005149546, 0.0], "k_pid_vsp": [142.9426935249082, 133.16801169614027, 7.574302221562678]}, "datetime": {"datetime": "2025-08-12 04:32:20", "elapsed": 43620.07296681404, "delta": 18.030824184417725}, "costs": {"total_cost": 183.47800249845793, "time_cost": 73.47200000000001, "final_distance_cost": 1.8144887417752624, "oscillation_cost": 20.506369130659174, "completition_cost": 0.0, "overshoot_cost": 51.59014434307914, "power_cost": 14.382905847167969, "noise_cost": 21.712094435776383, "n_waypoints_completed": 9, "tot_waypoints": 9}}
{"target": -182.63789492234068, "params": {"k_pid_pos": [0.6677391081081053, 0.005627367909865234, 0.0005192165430217751], "k_pid_alt": [1.1045325909499233, 0.004291499023072161, 0.01106633348628869], "k_pid_att": [43.58571410883102, 0.26524024662024, 0.8039440618218964], "k_pid_yaw": [0.5, 1e-06, 0.1], "k_pid_hsp": [0.10572486201428084, 0.00960217548793895, 0.0], "k_pid_vsp": [117.16345393276072, 132.37362743041626, 9.067677006686521]}, "datetime": {"datetime": "2025-08-12 04:32:40", "elapsed": 43639.533566236496, "delta": 19.460599422454834}, "costs": {"total_cost": 182.63789492234068, "time_cost": 70.784, "final_distance_cost": 1.803739417968917, "oscillation_cost": 23.770640523152856, "completition_cost": 0.0, "overshoot_cost": 50.79580987172205, "power_cost": 16.88799880371094, "noise_cost": 18.595706305785946, "n_waypoints_completed": 9, "tot_waypoints": 9}}
