{"target": -183.48244121943276, "params": {"k_pid_pos": [0.5346898837834321, 0.007641164636391233, 0.0005357776803458224], "k_pid_alt": [1.0706051730159027, 0.004257229343152321, 0.0042138690502729025], "k_pid_att": [38.34519746610538, 0.3764009895893124, 0.8871945944550729], "k_pid_yaw": [0.5, 1e-06, 0.1], "k_pid_hsp": [0.07660138504896376, 0.007005856884524565, 0.0], "k_pid_vsp": [84.99778425836736, 132.0000337200008, 7.7845074589134455]}, "datetime": {"datetime": "2025-08-12 02:28:55", "elapsed": 36215.113854408264, "delta": 18.94615602493286}, "costs": {"total_cost": 183.48244121943276, "time_cost": 74.116, "final_distance_cost": 1.8116660538607416, "oscillation_cost": 19.514782109699595, "completition_cost": 0.0, "overshoot_cost": 51.6988896758764, "power_cost": 14.398550842285157, "noise_cost": 21.942552537710874, "n_waypoints_completed": 9, "tot_waypoints": 9}}
{"target": -182.0914889695291, "params": {"k_pid_pos": [0.5210910164952515, 0.00489981802271274, 0.0006012761715749665], "k_pid_alt": [1.4524328432002964, 0.0025985188428781334, 0.004926402296306775], "k_pid_att": [34.40883708855791, 0.4804429319522617, 0.8858996996729682], "k_pid_yaw": [0.5, 1e-06, 0.1], "k_pid_hsp": [0.10296574963627247, 0.009484680723505225, 0.0], "k_pid_vsp": [116.68088168209381, 84.75686037322438, 6.8337202398490895]}, "datetime": {"datetime": "2025-08-12 02:29:14", "elapsed": 36233.76838850975, "delta": 18.654534101486206}, "costs": {"total_cost": 182.0914889695291, "time_cost": 72.114, "final_distance_cost": 1.8293889694401, "oscillation_cost": 20.96130254313056, "completition_cost": 0.0, "overshoot_cost": 51.20549451377286, "power_cost": 14.187257141113282, "noise_cost": 21.794045802072294, "n_waypoints_completed": 9, "tot_waypoints": 9}}
{"target": -182.37438771831336, "params": {"k_pid_pos": [0.6767629359572446, 0.005902162851518622, 0.0007502275849959467], "k_pid_alt": [1.4460727091359713, 0.004919132557254709, 0.008246541861275034], "k_pid_att": [37.44948992405637, 0.35963388028798754, 0.9715743712286473], "k_pid_yaw": [0.5, 1e-06, 0.1], "k_pid_hsp": [0.09411273599784357, 0.009908147980270109, 0.0], "k_pid_vsp": [140.82763026402037, 108.40415781411225, 4.653466436323492]}, "datetime": {"datetime": "2025-08-12 02:29:32", "elapsed": 36251.860869407654, "delta": 18.092480897903442}, "costs": {"total_cost": 182.37438771831336, "time_cost": 71.043, "final_distance_cost": 1.8154906870914151, "oscillation_cost": 23.38072575018623, "completition_cost": 0.0, "overshoot_cost": 51.10429481516451, "power_cost": 14.122034912109376, "noise_cost": 20.908841553761825, "n_waypoints_completed": 9, "tot_waypoints": 9}}
{"target": -183.7545788636953, "params": {"k_pid_pos": [0.47625599939540325, 0.007434844504341597, 0.0006211621203753055], "k_pid_alt": [1.2937117825726139, 0.004573196484840075, 0.013472338489544286], "k_pid_att": [10.658697982627354, 0.4230248898455294, 0.8314882899775022], "k_pid_yaw": [0.5, 1e-06, 0.1], "k_pid_hsp": [0.11401549354522499, 0.006461810551415019, 0.0], "k_pid_vsp": [135.43562925421395, 125.42201239825913, 4.906502596835412]}, "datetime": {"datetime": "2025-08-12 02:29:52", "elapsed": 36271.39725255966, "delta": 19.536383152008057}, "costs": {"total_cost": 183.7545788636953, "time_cost": 73.605, "final_distance_cost": 1.8466590984278204, "oscillation_cost": 20.11806264110814, "completition_cost": 0.0, "overshoot_cost": 51.43282753660329, "power_cost": 14.394882592773438, "noise_cost": 22.357146994782592, "n_waypoints_completed": 9, "tot_waypoints": 9}}
{"target": -185.16223543426824, "params": {"k_pid_pos": [0.48040088445315104, 0.008042868746230088, 0.0005652907061226295], "k_pid_alt": [1.6295768895658822, 0.0057215671548952185, 0.010389097996947337], "k_pid_att": [30.613442084234208, 0.38468929338922725, 0.7292781474754649], "k_pid_yaw": [0.5, 1e-06, 0.1], "k_pid_hsp": [0.06911210556927572, 0.009150178688144836, 0.0], "k_pid_vsp": [113.70777473695607, 130.72588502756363, 5.167184295517312]}, "datetime": {"datetime": "2025-08-12 02:30:11", "elapsed": 36290.42327451706, "delta": 19.02602195739746}, "costs": {"total_cost": 185.16223543426824, "time_cost": 75.523, "final_distance_cost": 1.8338045565948535, "oscillation_cost": 18.27093788424529, "completition_cost": 0.0, "overshoot_cost": 52.26506322680269, "power_cost": 14.640073828125, "noise_cost": 22.629355938500424, "n_waypoints_completed": 9, "tot_waypoints": 9}}
{"target": -182.80390200953988, "params": {"k_pid_pos": [0.4571084735021323, 0.00555319543682828, 0.0008027335441026929], "k_pid_alt": [1.2519711933236335, 0.005358445668023417, 0.008032013702562091], "k_pid_att": [31.622320870086615, 0.34081178243448584, 0.8673176720177963], "k_pid_yaw": [0.5, 1e-06, 0.1], "k_pid_hsp": [0.09015157370149834, 0.008906127597154997, 0.0], "k_pid_vsp": [101.65972638923888, 132.7694662301268, 6.62452144048801]}, "datetime": {"datetime": "2025-08-12 02:30:30", "elapsed": 36309.51445579529, "delta": 19.09118127822876}, "costs": {"total_cost": 182.80390200953988, "time_cost": 73.598, "final_distance_cost": 1.830955129078362, "oscillation_cost": 19.035807607138466, "completition_cost": 0.0, "overshoot_cost": 51.7956813976822, "power_cost": 14.347041076660156, "noise_cost": 22.19641679898069, "n_waypoints_completed": 9, "tot_waypoints": 9}}
{"target": -182.01771583710817, "params": {"k_pid_pos": [0.7608127373873618, 0.006642331898630932, 0.0005603034975369289], "k_pid_alt": [1.337395247923391, 0.004567626153783279, 0.0112178369004328], "k_pid_att": [43.30548874009153, 0.3451881506662466, 0.8855761651966247], "k_pid_yaw": [0.5, 1e-06, 0.1], "k_pid_hsp": [0.10238904694079799, 0.008861027451603559, 0.0], "k_pid_vsp": [124.88497066497807, 125.13739138136782, 3.5505067409957065]}, "datetime": {"datetime": "2025-08-12 02:30:48", "elapsed": 36327.399366378784, "delta": 17.884910583496094}, "costs": {"total_cost": 182.01771583710817, "time_cost": 70.294, "final_distance_cost": 1.8161419151665739, "oscillation_cost": 24.80861800251328, "completition_cost": 0.0, "overshoot_cost": 50.34712296274992, "power_cost": 14.082639685058595, "noise_cost": 20.66919327161978, "n_waypoints_completed": 9, "tot_waypoints": 9}}
{"target": -181.51337768998022, "params": {"k_pid_pos": [0.636215206238547, 0.005710527908912595, 0.0005743373502482633], "k_pid_alt": [1.503832178644675, 0.005502582281698097, 0.003963753603881303], "k_pid_att": [36.3681378912131, 0.3157375206560698, 0.9007042743808528], "k_pid_yaw": [0.5, 1e-06, 0.1], "k_pid_hsp": [0.09964089412319017, 0.00898349351500603, 0.0], "k_pid_vsp": [119.80449726420836, 100.86889511712825, 5.803863326519527]}, "datetime": {"datetime": "2025-08-12 02:31:07", "elapsed": 36346.50205016136, "delta": 19.102683782577515}, "costs": {"total_cost": 181.51337768998022, "time_cost": 70.917, "final_distance_cost": 1.8110017805038234, "oscillation_cost": 22.668613268001756, "completition_cost": 0.0, "overshoot_cost": 50.935157648601255, "power_cost": 14.080537939453126, "noise_cost": 21.101067053420227, "n_waypoints_completed": 9, "tot_waypoints": 9}}
{"target": -187.8017228581669, "params": {"k_pid_pos": [0.5067533127600802, 0.006911853589830319, 0.0006052196797815071], "k_pid_alt": [1.2799151802969138, 0.005961682425519383, 0.009950956444565165], "k_pid_att": [26.25230910832116, 0.29405487206495756, 0.7056863386506113], "k_pid_yaw": [0.5, 1e-06, 0.1], "k_pid_hsp": [0.058811599620393756, 0.009316291675003509, 0.0], "k_pid_vsp": [107.93202766816864, 137.72653336603824, 4.497213725280123]}, "datetime": {"datetime": "2025-08-12 02:31:26", "elapsed": 36365.8823697567, "delta": 19.380319595336914}, "costs": {"total_cost": 187.8017228581669, "time_cost": 77.014, "final_distance_cost": 1.8239285760620172, "oscillation_cost": 17.783637286105666, "completition_cost": 0.0, "overshoot_cost": 53.34641373366639, "power_cost": 14.845509936523438, "noise_cost": 22.988233325809396, "n_waypoints_completed": 9, "tot_waypoints": 9}}
{"target": -181.78667337349225, "params": {"k_pid_pos": [0.5889640530874269, 0.004164829328530395, 0.0005424846242199949], "k_pid_alt": [1.5909725280103422, 0.0049972701631228284, 0.004246872378270387], "k_pid_att": [30.772796063943037, 0.3199691019247302, 1.0], "k_pid_yaw": [0.5, 1e-06, 0.1], "k_pid_hsp": [0.10698904400559306, 0.008951537670308906, 0.0], "k_pid_vsp": [127.76446912894833, 150.17716918855635, 7.126856071415873]}, "datetime": {"datetime": "2025-08-12 02:31:46", "elapsed": 36385.48586010933, "delta": 19.603490352630615}, "costs": {"total_cost": 181.78667337349225, "time_cost": 71.099, "final_distance_cost": 1.8335804736608299, "oscillation_cost": 22.28852489569696, "completition_cost": 0.0, "overshoot_cost": 51.18935726414793, "power_cost": 14.129962854003907, "noise_cost": 21.246247885982637, "n_waypoints_completed": 9, "tot_waypoints": 9}}
{"target": -181.8124438420615, "params": {"k_pid_pos": [0.6246077143555467, 0.0042972008211581035, 0.0006593869288027779], "k_pid_alt": [1.5508497117944737, 0.0036339022979081947, 0.0051097726635567576], "k_pid_att": [42.68391129083071, 0.303580137901686, 0.3758860020123261], "k_pid_yaw": [0.5, 1e-06, 0.1], "k_pid_hsp": [0.10027728519731388, 0.010059987169488046, 0.0], "k_pid_vsp": [134.16532601356218, 130.6129940797988, 5.218354751403202]}, "datetime": {"datetime": "2025-08-12 02:32:04", "elapsed": 36403.87320137024, "delta": 18.387341260910034}, "costs": {"total_cost": 181.8124438420615, "time_cost": 70.889, "final_distance_cost": 1.8272180745649604, "oscillation_cost": 23.158121936584035, "completition_cost": 0.0, "overshoot_cost": 50.74049552416354, "power_cost": 14.080257971191408, "noise_cost": 21.11735033555757, "n_waypoints_completed": 9, "tot_waypoints": 9}}
{"target": -183.0682893137987, "params": {"k_pid_pos": [0.4303955054545187, 0.007681134997117755, 0.0005471274062157223], "k_pid_alt": [1.6750172127949803, 0.005110182999438777, 0.008775206768387545], "k_pid_att": [28.022288847841953, 0.2796797296666933, 0.8257552884827023], "k_pid_yaw": [0.5, 1e-06, 0.1], "k_pid_hsp": [0.08790486275597975, 0.00735229655438929, 0.0], "k_pid_vsp": [78.4024964665123, 96.99753944919614, 6.557707660131218]}, "datetime": {"datetime": "2025-08-12 02:32:22", "elapsed": 36422.028545856476, "delta": 18.155344486236572}, "costs": {"total_cost": 183.0682893137987, "time_cost": 74.221, "final_distance_cost": 1.8444284965606963, "oscillation_cost": 17.90509885168759, "completition_cost": 0.0, "overshoot_cost": 52.011814187042, "power_cost": 14.430884057617188, "noise_cost": 22.65506372089122, "n_waypoints_completed": 9, "tot_waypoints": 9}}
{"target": -183.44898358316146, "params": {"k_pid_pos": [0.5188180761559021, 0.005124878081921955, 0.0005020582338584765], "k_pid_alt": [1.413136569842503, 0.003992930727423129, 0.00568127222235925], "k_pid_att": [33.32155417562743, 0.39487440849953054, 0.7553982584042104], "k_pid_yaw": [0.5, 1e-06, 0.1], "k_pid_hsp": [0.12154593560635663, 0.008150798270434672, 0.0], "k_pid_vsp": [112.88320412233195, 99.44869819209919, 5.271109311401684]}, "datetime": {"datetime": "2025-08-12 02:32:41", "elapsed": 36441.1710190773, "delta": 19.142473220825195}, "costs": {"total_cost": 183.44898358316146, "time_cost": 72.387, "final_distance_cost": 1.8396032054154488, "oscillation_cost": 21.98886580203029, "completition_cost": 0.0, "overshoot_cost": 51.09181471812173, "power_cost": 14.245665258789064, "noise_cost": 21.896034598804928, "n_waypoints_completed": 9, "tot_waypoints": 9}}
{"target": -182.2927345673916, "params": {"k_pid_pos": [0.6412739762634482, 0.005128281840691259, 0.0007177612682141222], "k_pid_alt": [0.9318486848701563, 0.004804699560082055, 0.003986375891992355], "k_pid_att": [33.16243443421411, 0.46781618773576944, 1.0], "k_pid_yaw": [0.5, 1e-06, 0.1], "k_pid_hsp": [0.09938181158209546, 0.007844173624538636, 0.0], "k_pid_vsp": [114.52943459275626, 84.74442734426559, 5.223852560227182]}, "datetime": {"datetime": "2025-08-12 02:33:00", "elapsed": 36459.54777932167, "delta": 18.376760244369507}, "costs": {"total_cost": 182.2927345673916, "time_cost": 71.61, "final_distance_cost": 1.8225816975705094, "oscillation_cost": 22.899339953647107, "completition_cost": 0.0, "overshoot_cost": 50.62851140382638, "power_cost": 14.136672338867188, "noise_cost": 21.195629173480388, "n_waypoints_completed": 9, "tot_waypoints": 9}}
{"target": -182.35214426762596, "params": {"k_pid_pos": [0.48471163651297067, 0.00616056217038079, 0.0007722702180921946], "k_pid_alt": [1.4242878009496078, 0.005203055365007091, 0.006099912752688807], "k_pid_att": [25.79367187555449, 0.3134074837824024, 0.9333944753471558], "k_pid_yaw": [0.5, 1e-06, 0.1], "k_pid_hsp": [0.09442780894206428, 0.009969596015711032, 0.0], "k_pid_vsp": [122.8292555187125, 131.91923164305095, 5.574805148885957]}, "datetime": {"datetime": "2025-08-12 02:33:18", "elapsed": 36477.82083749771, "delta": 18.27305817604065}, "costs": {"total_cost": 182.35214426762596, "time_cost": 72.828, "final_distance_cost": 1.8386207766084313, "oscillation_cost": 19.859019077889972, "completition_cost": 0.0, "overshoot_cost": 51.53713572336836, "power_cost": 14.294055615234376, "noise_cost": 21.995313074524802, "n_waypoints_completed": 9, "tot_waypoints": 9}}
{"target": -185.5249380742254, "params": {"k_pid_pos": [0.4878240060940658, 0.00396920904147419, 0.0005720653913242928], "k_pid_alt": [2.0, 0.0031701551221595334, 0.008525206049314756], "k_pid_att": [25.919680978215435, 0.42723560771967634, 0.956278437026039], "k_pid_yaw": [0.5, 1e-06, 0.1], "k_pid_hsp": [0.06780374267709256, 0.0072900265739303865, 0.0], "k_pid_vsp": [103.52381009817047, 141.98676542549984, 3.532136421178554]}, "datetime": {"datetime": "2025-08-12 02:33:38", "elapsed": 36497.781980752945, "delta": 19.961143255233765}, "costs": {"total_cost": 185.5249380742254, "time_cost": 75.642, "final_distance_cost": 1.8313680017257263, "oscillation_cost": 17.743794363538484, "completition_cost": 0.0, "overshoot_cost": 52.94970011722895, "power_cost": 14.642713391113283, "noise_cost": 22.71536220061896, "n_waypoints_completed": 9, "tot_waypoints": 9}}
{"target": -185.87919561418227, "params": {"k_pid_pos": [0.8150817089397543, 0.004917364144001675, 0.0007270682697397283], "k_pid_alt": [1.6866389770094397, 0.00534516368129526, 0.00978416908856504], "k_pid_att": [41.079773097593254, 0.3497812099573068, 0.9081343430136565], "k_pid_yaw": [0.5, 1e-06, 0.1], "k_pid_hsp": [0.07921831959638963, 0.010493252012081995, 0.0], "k_pid_vsp": [161.35590754992594, 120.90801272397898, 6.9324425484733085]}, "datetime": {"datetime": "2025-08-12 02:33:56", "elapsed": 36516.24925661087, "delta": 18.467275857925415}, "costs": {"total_cost": 185.87919561418227, "time_cost": 72.051, "final_distance_cost": 1.8167634988653827, "oscillation_cost": 25.200811040945357, "completition_cost": 0.0, "overshoot_cost": 51.30315295961454, "power_cost": 14.433716174316407, "noise_cost": 21.07375194044059, "n_waypoints_completed": 9, "tot_waypoints": 9}}
{"target": -184.3108731980207, "params": {"k_pid_pos": [0.5372125393875965, 0.006096333285702373, 0.0005136327410181339], "k_pid_alt": [1.518332061065505, 0.0036940768484278377, 0.006177338874533482], "k_pid_att": [30.932714428319088, 0.30393077031938426, 0.9619643249181685], "k_pid_yaw": [0.5, 1e-06, 0.1], "k_pid_hsp": [0.07404606691318974, 0.008181839534448369, 0.0], "k_pid_vsp": [94.66255237811619, 160.44772896141183, 7.465283815832028]}, "datetime": {"datetime": "2025-08-12 02:34:16", "elapsed": 36535.4439303875, "delta": 19.194673776626587}, "costs": {"total_cost": 184.3108731980207, "time_cost": 74.137, "final_distance_cost": 1.8152113506536252, "oscillation_cost": 19.559458311403358, "completition_cost": 0.0, "overshoot_cost": 52.21969022881684, "power_cost": 14.557955029296876, "noise_cost": 22.021558277850012, "n_waypoints_completed": 9, "tot_waypoints": 9}}
{"target": -183.79761600233633, "params": {"k_pid_pos": [0.5811562245367294, 0.006702096773592271, 0.0006263749779217383], "k_pid_alt": [1.2104239264736567, 0.004880613649075987, 0.007275323692542894], "k_pid_att": [32.287182862686, 0.3726811233475013, 1.0], "k_pid_yaw": [0.5, 1e-06, 0.1], "k_pid_hsp": [0.07703074074285182, 0.008220873124342937, 0.0], "k_pid_vsp": [98.53306939433627, 102.31096311411636, 6.320119979994616]}, "datetime": {"datetime": "2025-08-12 02:34:34", "elapsed": 36553.90701007843, "delta": 18.463079690933228}, "costs": {"total_cost": 183.79761600233633, "time_cost": 73.626, "final_distance_cost": 1.7973656088321728, "oscillation_cost": 20.632756118187125, "completition_cost": 0.0, "overshoot_cost": 51.59293020483072, "power_cost": 14.379194982910157, "noise_cost": 21.769369087576152, "n_waypoints_completed": 9, "tot_waypoints": 9}}
{"target": -188.8815199981058, "params": {"k_pid_pos": [0.3364190443332757, 0.0067271732293054205, 0.0006968718883995306], "k_pid_alt": [1.4987210527498602, 0.005095112979328493, 0.004992041245389843], "k_pid_att": [38.17032689267965, 0.24514484708224807, 0.7462450784102922], "k_pid_yaw": [0.5, 1e-06, 0.1], "k_pid_hsp": [0.07686528135047681, 0.008320171159837629, 0.0], "k_pid_vsp": [140.5033638840525, 80.37990210481826, 5.650095762124432]}, "datetime": {"datetime": "2025-08-12 02:34:55", "elapsed": 36574.81309580803, "delta": 20.906085729599}, "costs": {"total_cost": 188.8815199981058, "time_cost": 78.694, "final_distance_cost": 1.8562792352004283, "oscillation_cost": 15.348340499335286, "completition_cost": 0.0, "overshoot_cost": 53.33509568675852, "power_cost": 15.005547766113281, "noise_cost": 24.64225681069828, "n_waypoints_completed": 9, "tot_waypoints": 9}}
{"target": -189.09088914992915, "params": {"k_pid_pos": [0.46695924482987977, 0.00560655123896872, 0.0008151880220992296], "k_pid_alt": [0.531339284056214, 0.003975852734207815, 0.0059591364518244636], "k_pid_att": [31.125340117888797, 0.4560301826431092, 1.0], "k_pid_yaw": [0.5, 1e-06, 0.1], "k_pid_hsp": [0.1010991122308547, 0.007944413816351097, 0.0], "k_pid_vsp": [124.73295373713312, 85.80329032250575, 5.274493809128517]}, "datetime": {"datetime": "2025-08-12 02:35:15", "elapsed": 36594.50283050537, "delta": 19.68973469734192}, "costs": {"total_cost": 189.09088914992915, "time_cost": 77.96600000000001, "final_distance_cost": 1.848393972590756, "oscillation_cost": 19.802994689044727, "completition_cost": 0.0, "overshoot_cost": 51.776037615944496, "power_cost": 14.954879406738282, "noise_cost": 22.742583465610895, "n_waypoints_completed": 9, "tot_waypoints": 9}}
{"target": -181.48751275145074, "params": {"k_pid_pos": [0.6290453058429111, 0.006584433211527372, 0.000501150749270758], "k_pid_alt": [1.5929710647997648, 0.004380049612493131, 0.01090184827339556], "k_pid_att": [15.409433289083475, 0.45671139068778976, 0.6775157174895102], "k_pid_yaw": [0.5, 1e-06, 0.1], "k_pid_hsp": [0.11406361309783225, 0.00864580423626769, 0.0], "k_pid_vsp": [136.03195133508416, 140.95478775427543, 5.751778142740098]}, "datetime": {"datetime": "2025-08-12 02:35:33", "elapsed": 36612.97825217247, "delta": 18.475421667099}, "costs": {"total_cost": 181.48751275145074, "time_cost": 70.665, "final_distance_cost": 1.8348245529223466, "oscillation_cost": 23.145599176659612, "completition_cost": 0.0, "overshoot_cost": 50.68561685922614, "power_cost": 14.124115759277345, "noise_cost": 21.032356403365306, "n_waypoints_completed": 9, "tot_waypoints": 9}}
{"target": -184.81160625707955, "params": {"k_pid_pos": [0.40297803300556684, 0.005387015129576608, 0.0003260875197024682], "k_pid_alt": [1.2632816396367612, 0.005077386565038283, 0.0040804173774997106], "k_pid_att": [25.464751922660245, 0.3712585813841936, 0.9977718351077495], "k_pid_yaw": [0.5, 1e-06, 0.1], "k_pid_hsp": [0.09090607887424769, 0.008488382551541258, 0.0], "k_pid_vsp": [133.0861406957803, 142.96292204591683, 4.023160693233445]}, "datetime": {"datetime": "2025-08-12 02:35:52", "elapsed": 36631.61846756935, "delta": 18.640215396881104}, "costs": {"total_cost": 184.81160625707955, "time_cost": 75.502, "final_distance_cost": 1.844265146026963, "oscillation_cost": 17.737011107648307, "completition_cost": 0.0, "overshoot_cost": 52.02554564097709, "power_cost": 14.581811254882814, "noise_cost": 23.120973107544376, "n_waypoints_completed": 9, "tot_waypoints": 9}}
{"target": -181.40817373079682, "params": {"k_pid_pos": [0.6858291062493955, 0.006712364739686587, 0.0007100466614651553], "k_pid_alt": [1.3015632181142702, 0.003932844651951462, 0.005525557398279558], "k_pid_att": [26.796547983485855, 0.3747602723239125, 0.8623240092531992], "k_pid_yaw": [0.5, 1e-06, 0.1], "k_pid_hsp": [0.11068012368969744, 0.00953806865640641, 0.0], "k_pid_vsp": [112.35110484503083, 105.65965276989635, 6.860562146953339]}, "datetime": {"datetime": "2025-08-12 02:36:10", "elapsed": 36649.95911884308, "delta": 18.340651273727417}, "costs": {"total_cost": 181.40817373079682, "time_cost": 70.343, "final_distance_cost": 1.8049726628282179, "oscillation_cost": 23.76203154092201, "completition_cost": 0.0, "overshoot_cost": 50.69140455426694, "power_cost": 14.047308276367188, "noise_cost": 20.759456696412478, "n_waypoints_completed": 9, "tot_waypoints": 9}}
{"target": -183.37246013380647, "params": {"k_pid_pos": [0.47238261911072055, 0.006471252768558197, 0.00041672836083319747], "k_pid_alt": [1.159856193129502, 0.003585556681075312, 0.0062793910244596214], "k_pid_att": [23.55126875814589, 0.4051069610931761, 0.8683388072224699], "k_pid_yaw": [0.5, 1e-06, 0.1], "k_pid_hsp": [0.0919092557674646, 0.010714910777183234, 0.0], "k_pid_vsp": [145.08378468234926, 60.85869517439309, 5.549403981686884]}, "datetime": {"datetime": "2025-08-12 02:36:28", "elapsed": 36668.22394967079, "delta": 18.264830827713013}, "costs": {"total_cost": 183.37246013380647, "time_cost": 73.535, "final_distance_cost": 1.8455327949378075, "oscillation_cost": 19.627890257966087, "completition_cost": 0.0, "overshoot_cost": 51.84681073524905, "power_cost": 14.306830993652344, "noise_cost": 22.21039535200119, "n_waypoints_completed": 9, "tot_waypoints": 9}}
