{"target": -194.76792436612897, "params": {"k_pid_pos": [0.49275800590297264, 0.18848155022322047, 0.17888737446852812], "k_pid_alt": [1.515427128667956, 0.0, 0.949345597264735], "k_pid_att": [39.447728079683905, 3.8677381495188174, 0.1845336041603497], "k_pid_yaw": [0.5, 1e-06, 0.1], "k_pid_hsp": [0.09847755819799779, 0.011264223901387349, 0.0], "k_pid_vsp": [194.7624155113164, 20.0, 10.0]}, "datetime": {"datetime": "2025-08-13 09:48:13", "elapsed": 21.9470055103302, "delta": 21.9470055103302}, "costs": {"total_cost": 194.76792436612897, "time_cost": 81.97, "final_distance_cost": 1.8143660215869337, "oscillation_cost": 21.758743556859777, "completition_cost": 0.0, "overshoot_cost": 52.22855809475167, "power_cost": 16.584207495117187, "noise_cost": 20.4120491978134, "n_waypoints_completed": 9, "tot_waypoints": 9}}
{"target": -2758.6364699033174, "params": {"k_pid_pos": [0.45455471969737526, 0.5545847870158348, 0.06381725610417532], "k_pid_alt": [1.6552623439851641, 0.6316643991220648, 0.7580877400853738], "k_pid_att": [35.45259681298683, 9.706983174146593, 0.8931211213221977], "k_pid_yaw": [0.5, 1e-06, 0.1], "k_pid_hsp": [7.7838571323879115, 0.19463870785196757, 0.4667210037270342], "k_pid_vsp": [17.52150631489151, 61.715797672729636, 273.2195816139329]}, "datetime": {"datetime": "2025-08-13 09:48:43", "elapsed": 51.60336208343506, "delta": 29.65635657310486}, "costs": {"total_cost": 2758.6364699033174, "time_cost": 150, "final_distance_cost": 633.941620132985, "oscillation_cost": 499.808933571991, "completition_cost": 888.8888888888888, "overshoot_cost": 523.9751812454106, "power_cost": 32.45047326660156, "noise_cost": 29.57137279744087, "n_waypoints_completed": 1, "tot_waypoints": 9}}
{"target": -981.4303891206999, "params": {"k_pid_pos": [1.4895498356000434, 0.96750973243421, 0.32582535813815194], "k_pid_alt": [0.7409194120697378, 0.4695558112758079, 0.1894713590842857], "k_pid_att": [12.992150533547164, 4.757101691766715, 0.2269093490508841], "k_pid_yaw": [0.5, 1e-06, 0.1], "k_pid_hsp": [6.698172965425635, 0.43715191887233074, 0.8326781960578374], "k_pid_vsp": [280.1060408008996, 124.94665724044978, 332.9039207258206]}, "datetime": {"datetime": "2025-08-13 09:49:12", "elapsed": 80.6804986000061, "delta": 29.077136516571045}, "costs": {"total_cost": 981.4303891206999, "time_cost": 150, "final_distance_cost": 79.81914885789567, "oscillation_cost": 280.91216393112165, "completition_cost": 333.33333333333337, "overshoot_cost": 80.10506423267095, "power_cost": 29.587158154296876, "noise_cost": 27.67352061138142, "n_waypoints_completed": 6, "tot_waypoints": 9}}
{"target": -2396.6912919764854, "params": {"k_pid_pos": [1.6095482385578541, 0.38747837903017446, 0.2883281039302441], "k_pid_alt": [1.364991007949951, 0.1397524836093098, 0.19990820247510832], "k_pid_att": [0.7362269751005512, 7.869265082583634, 0.6648508565920321], "k_pid_yaw": [0.5, 1e-06, 0.1], "k_pid_hsp": [7.051683269725489, 0.7807290310219679, 0.45891577553833995], "k_pid_vsp": [227.4964783811575, 55.91880011126598, 45.8120302998593]}, "datetime": {"datetime": "2025-08-13 09:49:43", "elapsed": 111.85493612289429, "delta": 31.174437522888184}, "costs": {"total_cost": 2396.6912919764854, "time_cost": 150, "final_distance_cost": 35.8688349175297, "oscillation_cost": 777.9267021996438, "completition_cost": 1000.0, "overshoot_cost": 223.37593347860678, "power_cost": 58.38426168212891, "noise_cost": 151.13555969857634, "n_waypoints_completed": 0, "tot_waypoints": 9}}
{"target": -588.1274924194726, "params": {"k_pid_pos": [1.3368390832847643, 0.4710962061431325, 0.5652361064811888], "k_pid_alt": [1.5299977148320512, 0.6347183200005908, 0.5535794006579958], "k_pid_att": [55.92071607454135, 3.0395705856163158, 0.030817834567939406], "k_pid_yaw": [0.5, 1e-06, 0.1], "k_pid_hsp": [4.3672302205847, 0.2145846728195292, 0.40852864372463615], "k_pid_vsp": [341.36122930726646, 93.57579511219681, 23.321097617323666]}, "datetime": {"datetime": "2025-08-13 09:50:16", "elapsed": 144.1086027622223, "delta": 32.253666639328}, "costs": {"total_cost": 588.1274924194726, "time_cost": 90.762, "final_distance_cost": 1.7923344069152345, "oscillation_cost": 389.2924553791399, "completition_cost": 0.0, "overshoot_cost": 54.44004111336618, "power_cost": 28.433633813476565, "noise_cost": 23.407027706574702, "n_waypoints_completed": 9, "tot_waypoints": 9}}
{"target": -1868.0710548741254, "params": {"k_pid_pos": [0.5628396456547908, 0.2935937577666836, 0.6619165147268951], "k_pid_alt": [1.1140643046825567, 0.7838982091064135, 0.6643135403273875], "k_pid_att": [40.63868614400705, 8.14022244462188, 0.1669729199077039], "k_pid_yaw": [0.5, 1e-06, 0.1], "k_pid_hsp": [0.22721846013129138, 0.09004786077564175, 0.7223593505964503], "k_pid_vsp": [184.75089210055495, 64.50871245216894, 200.41791054030062]}, "datetime": {"datetime": "2025-08-13 09:50:48", "elapsed": 176.87049913406372, "delta": 32.76189637184143}, "costs": {"total_cost": 1868.0710548741254, "time_cost": 150, "final_distance_cost": 77.55305552713, "oscillation_cost": 723.8996414404312, "completition_cost": 777.7777777777778, "overshoot_cost": 64.66261533969305, "power_cost": 42.89601889648438, "noise_cost": 31.281945892608924, "n_waypoints_completed": 2, "tot_waypoints": 9}}
{"target": -1334.86698542263, "params": {"k_pid_pos": [0.3047089742160655, 0.696320375077736, 0.4461562755740307], "k_pid_alt": [0.762042452192965, 0.3015120891478765, 0.6302825931188885], "k_pid_att": [36.18126105533904, 0.8765904281690784, 0.11800590212051532], "k_pid_yaw": [0.5, 1e-06, 0.1], "k_pid_hsp": [9.61898045572869, 0.908580690707607, 0.6997071338107496], "k_pid_vsp": [106.34798458380783, 387.67055096991317, 311.50036180756695]}, "datetime": {"datetime": "2025-08-13 09:51:19", "elapsed": 207.9293394088745, "delta": 31.05884027481079}, "costs": {"total_cost": 1334.86698542263, "time_cost": 150, "final_distance_cost": 48.64336022224085, "oscillation_cost": 451.9453747533805, "completition_cost": 555.5555555555555, "overshoot_cost": 66.88411276238249, "power_cost": 32.34135958251953, "noise_cost": 29.49722254655109, "n_waypoints_completed": 4, "tot_waypoints": 9}}
{"target": -1298.7041641279927, "params": {"k_pid_pos": [1.4338086892990753, 0.44936150214378867, 0.272241561845159], "k_pid_alt": [0.1927819243069986, 0.9026023965438417, 0.45577628983361107], "k_pid_att": [20.236336479523032, 3.0596356458441103, 0.579219568941896], "k_pid_yaw": [0.5, 1e-06, 0.1], "k_pid_hsp": [1.7678101521140233, 0.8566142840923755, 0.7585195298352101], "k_pid_vsp": [287.7851823803747, 172.83721647794843, 250.92353665366844]}, "datetime": {"datetime": "2025-08-13 09:51:49", "elapsed": 237.65126204490662, "delta": 29.721922636032104}, "costs": {"total_cost": 1298.7041641279927, "time_cost": 150, "final_distance_cost": 59.32102861219806, "oscillation_cost": 298.10084542813235, "completition_cost": 666.6666666666667, "overshoot_cost": 56.9425491973827, "power_cost": 37.42820297851563, "noise_cost": 30.24487124509705, "n_waypoints_completed": 3, "tot_waypoints": 9}}
{"target": -715.4180014763211, "params": {"k_pid_pos": [1.16823752802858, 0.64984660155482, 0.08444432113988909], "k_pid_alt": [0.8316148043412193, 0.04161417386189248, 0.49399081924451893], "k_pid_att": [32.98612123327853, 1.4453274362415824, 0.10340296772255164], "k_pid_yaw": [0.5, 1e-06, 0.1], "k_pid_hsp": [5.876486957319902, 0.1705929685368861, 0.9251201183767972], "k_pid_vsp": [232.42445588015798, 138.74792246706502, 236.36619700165122]}, "datetime": {"datetime": "2025-08-13 09:52:20", "elapsed": 268.2959985733032, "delta": 30.644736528396606}, "costs": {"total_cost": 715.4180014763211, "time_cost": 150, "final_distance_cost": 13.05267835096905, "oscillation_cost": 302.26760086634795, "completition_cost": 111.11111111111116, "overshoot_cost": 82.07495338788728, "power_cost": 29.826393469238283, "noise_cost": 27.08526429076747, "n_waypoints_completed": 8, "tot_waypoints": 9}}
{"target": -1361.9829704707547, "params": {"k_pid_pos": [0.04570546167229203, 0.9585592132414453, 0.48230343694290023], "k_pid_alt": [1.5654704545005724, 0.08272999992243857, 0.48665833083816035], "k_pid_att": [49.07069943545209, 9.37827076710433, 0.5717280523760754], "k_pid_yaw": [0.5, 1e-06, 0.1], "k_pid_hsp": [4.734946661629432, 0.2669756630918936, 0.3315689973425522], "k_pid_vsp": [208.2689609886151, 175.5645846831072, 8.64483293052009]}, "datetime": {"datetime": "2025-08-13 09:52:56", "elapsed": 304.43127179145813, "delta": 36.13527321815491}, "costs": {"total_cost": 1361.9829704707547, "time_cost": 150, "final_distance_cost": 51.305873385317526, "oscillation_cost": 373.2962721072025, "completition_cost": 666.6666666666667, "overshoot_cost": 61.106128233524295, "power_cost": 28.486508935546876, "noise_cost": 31.121521142496764, "n_waypoints_completed": 3, "tot_waypoints": 9}}
{"target": -1580.2517447022083, "params": {"k_pid_pos": [1.6526012191962962, 0.8961607718397667, 0.14024908899861077], "k_pid_alt": [1.1080722870780988, 0.10857574113544355, 0.6722400930398117], "k_pid_att": [28.123378383900832, 6.594260404655548, 0.7269946142868826], "k_pid_yaw": [0.5, 1e-06, 0.1], "k_pid_hsp": [7.686498054427378, 0.10774094595589656, 0.9160118451376079], "k_pid_vsp": [92.08559635795233, 14.965023433059354, 221.94098820174088]}, "datetime": {"datetime": "2025-08-13 09:53:28", "elapsed": 336.6300735473633, "delta": 32.19880175590515}, "costs": {"total_cost": 1580.2517447022083, "time_cost": 150, "final_distance_cost": 118.30375392082638, "oscillation_cost": 177.9266336389536, "completition_cost": 888.8888888888888, "overshoot_cost": 148.41936352094777, "power_cost": 29.599063403320315, "noise_cost": 67.11404132927149, "n_waypoints_completed": 1, "tot_waypoints": 9}}
{"target": -1314.041795331089, "params": {"k_pid_pos": [0.7419074754964913, 0.8297897431324132, 0.8082514720643018], "k_pid_alt": [0.6342777856454307, 0.952899395069745, 0.2909178381401186], "k_pid_att": [51.50571292317145, 2.559725309166971, 0.9360435700489633], "k_pid_yaw": [0.5, 1e-06, 0.1], "k_pid_hsp": [1.6461617150384233, 0.04491061939232899, 0.43509706000303794], "k_pid_vsp": [396.9502256223348, 356.6709066102883, 299.4432080341717]}, "datetime": {"datetime": "2025-08-13 09:54:07", "elapsed": 375.6915559768677, "delta": 39.061482429504395}, "costs": {"total_cost": 1314.041795331089, "time_cost": 150, "final_distance_cost": 54.04141666219934, "oscillation_cost": 308.4718197318035, "completition_cost": 666.6666666666667, "overshoot_cost": 70.80443648205596, "power_cost": 34.6721275390625, "noise_cost": 29.38532824930078, "n_waypoints_completed": 3, "tot_waypoints": 9}}
{"target": -870.7338780848384, "params": {"k_pid_pos": [1.781595902507962, 0.8934466396978632, 0.5188583603864491], "k_pid_alt": [0.631858103661586, 0.772012432110988, 0.6616612631677611], "k_pid_att": [37.36577288737101, 0.9447572339483465, 0.746789611349026], "k_pid_yaw": [0.5, 1e-06, 0.1], "k_pid_hsp": [2.6246789131770547, 0.9368131505337792, 0.24097057500568475], "k_pid_vsp": [49.10317296459441, 332.4450690188498, 61.3137274965133]}, "datetime": {"datetime": "2025-08-13 09:54:39", "elapsed": 407.24338603019714, "delta": 31.551830053329468}, "costs": {"total_cost": 870.7338780848384, "time_cost": 150, "final_distance_cost": 65.4559690895808, "oscillation_cost": 311.7281732431374, "completition_cost": 222.2222222222222, "overshoot_cost": 57.01996897175139, "power_cost": 34.09070222167969, "noise_cost": 30.216842336466925, "n_waypoints_completed": 7, "tot_waypoints": 9}}
{"target": -1668.6526798894197, "params": {"k_pid_pos": [0.3586186894846624, 0.5993827915208435, 0.8745620408374645], "k_pid_alt": [0.3928693314291465, 0.31032367290009477, 0.7774048382411776], "k_pid_att": [97.18264260609673, 5.007461787904803, 0.14389750255125078], "k_pid_yaw": [0.5, 1e-06, 0.1], "k_pid_hsp": [0.1394614834532446, 0.22965602999885526, 0.13182221778652103], "k_pid_vsp": [271.06346944514297, 48.733002729579944, 202.53197314192326]}, "datetime": {"datetime": "2025-08-13 09:55:10", "elapsed": 438.38151359558105, "delta": 31.13812756538391}, "costs": {"total_cost": 1668.6526798894197, "time_cost": 150, "final_distance_cost": 85.35599012047, "oscillation_cost": 541.649196729638, "completition_cost": 777.7777777777778, "overshoot_cost": 53.53665487569624, "power_cost": 32.79715252685547, "noise_cost": 27.535907858982206, "n_waypoints_completed": 2, "tot_waypoints": 9}}
{"target": -345.32565203601223, "params": {"k_pid_pos": [1.3885554450422086, 0.5811166092209024, 0.19977565166005762], "k_pid_alt": [1.6082490523645254, 0.7154071296158017, 0.7389840039155418], "k_pid_att": [13.105775155731326, 1.2376256611230811, 0.9275625510065076], "k_pid_yaw": [0.5, 1e-06, 0.1], "k_pid_hsp": [3.9758421804300244, 0.30094869178093975, 0.4885840453515333], "k_pid_vsp": [265.14568510543296, 382.2493028631647, 114.57849146637578]}, "datetime": {"datetime": "2025-08-13 09:55:32", "elapsed": 460.44085454940796, "delta": 22.059340953826904}, "costs": {"total_cost": 345.32565203601223, "time_cost": 88.55, "final_distance_cost": 1.7510188926278196, "oscillation_cost": 145.59917408077635, "completition_cost": 0.0, "overshoot_cost": 56.063963770588366, "power_cost": 28.981283459472657, "noise_cost": 24.380211832547033, "n_waypoints_completed": 9, "tot_waypoints": 9}}
{"target": -555.1168893905384, "params": {"k_pid_pos": [1.849624377781123, 0.024859491386256316, 0.5551980423268247], "k_pid_alt": [1.2679502233621702, 0.1058974037507533, 0.14033959706391264], "k_pid_att": [41.91143193163038, 9.662322498240602, 0.5960425532343728], "k_pid_yaw": [0.5, 1e-06, 0.1], "k_pid_hsp": [9.330238913679953, 0.8043609156129707, 0.4673816015552915], "k_pid_vsp": [313.90537970087496, 7.134714572958311, 43.657599597149975]}, "datetime": {"datetime": "2025-08-13 09:55:59", "elapsed": 487.4120752811432, "delta": 26.97122073173523}, "costs": {"total_cost": 555.1168893905384, "time_cost": 99.624, "final_distance_cost": 1.7856115817561913, "oscillation_cost": 334.77159646219064, "completition_cost": 0.0, "overshoot_cost": 55.929430432745484, "power_cost": 34.857433654785154, "noise_cost": 28.148817259060912, "n_waypoints_completed": 9, "tot_waypoints": 9}}
{"target": -986.019540876134, "params": {"k_pid_pos": [1.6588742869039843, 0.7968170883251617, 0.2326407419664337], "k_pid_alt": [1.061539181198107, 0.6060158207000109, 0.8677389537760112], "k_pid_att": [60.31071573387257, 4.125774435579876, 0.3741840434071827], "k_pid_yaw": [0.5, 1e-06, 0.1], "k_pid_hsp": [4.258878275526461, 0.6519310255799742, 0.8674906317523249], "k_pid_vsp": [181.5587528305199, 99.13582593270368, 94.6649459623701]}, "datetime": {"datetime": "2025-08-13 09:56:27", "elapsed": 515.8193275928497, "delta": 28.407252311706543}, "costs": {"total_cost": 986.019540876134, "time_cost": 150, "final_distance_cost": 83.64317285766842, "oscillation_cost": 273.757911734247, "completition_cost": 333.33333333333337, "overshoot_cost": 68.14228579760842, "power_cost": 42.76813061523438, "noise_cost": 34.37470653804247, "n_waypoints_completed": 6, "tot_waypoints": 9}}
{"target": -964.6717522679164, "params": {"k_pid_pos": [1.4920539590588684, 0.8165687634239104, 0.10527807985412496], "k_pid_alt": [0.13311771391035632, 0.5944336637564518, 0.14617324419269828], "k_pid_att": [82.46641904563413, 3.1034157057733522, 0.14387193297114265], "k_pid_yaw": [0.5, 1e-06, 0.1], "k_pid_hsp": [9.209712627827253, 0.16553172273527816, 0.28472008233793555], "k_pid_vsp": [61.44535807682345, 46.19602635065192, 8.459207513427996]}, "datetime": {"datetime": "2025-08-13 09:56:56", "elapsed": 544.2154927253723, "delta": 28.396165132522583}, "costs": {"total_cost": 964.6717522679164, "time_cost": 150, "final_distance_cost": 75.61632659708525, "oscillation_cost": 285.21230124891224, "completition_cost": 333.33333333333337, "overshoot_cost": 59.92690979692883, "power_cost": 27.900937048339845, "noise_cost": 32.68194424331678, "n_waypoints_completed": 6, "tot_waypoints": 9}}
{"target": -2018.9085938041667, "params": {"k_pid_pos": [0.1108852787876038, 0.1746414709358527, 0.05338193262717539], "k_pid_alt": [1.1822876322219424, 0.6807145267995064, 0.39363045683202824], "k_pid_att": [31.79910969520494, 5.045311917598599, 0.8750049422346086], "k_pid_yaw": [0.5, 1e-06, 0.1], "k_pid_hsp": [8.511331155059377, 0.04347506201279194, 0.18149840959652408], "k_pid_vsp": [94.6979484417584, 99.75503108349716, 228.49306112587644]}, "datetime": {"datetime": "2025-08-13 09:57:24", "elapsed": 572.6354696750641, "delta": 28.419976949691772}, "costs": {"total_cost": 2018.9085938041667, "time_cost": 150, "final_distance_cost": 1.0083861200405706, "oscillation_cost": 617.1127192392796, "completition_cost": 1000.0, "overshoot_cost": 133.92611316840834, "power_cost": 34.164394580078124, "noise_cost": 82.69698069635993, "n_waypoints_completed": 0, "tot_waypoints": 9}}
{"target": -540.8299033205441, "params": {"k_pid_pos": [0.8325832251638142, 0.04925411992759399, 0.3736141384595716], "k_pid_alt": [1.0475058974352744, 0.10167190290371597, 0.8334585537885597], "k_pid_att": [5.196186646510426, 9.248426205993718, 0.0991131415798755], "k_pid_yaw": [0.5, 1e-06, 0.1], "k_pid_hsp": [8.435765158482369, 0.9026531439276171, 0.9795706805865927], "k_pid_vsp": [320.8103521094374, 311.79101652905405, 256.99331075573576]}, "datetime": {"datetime": "2025-08-13 09:57:50", "elapsed": 598.173490524292, "delta": 25.538020849227905}, "costs": {"total_cost": 540.8299033205441, "time_cost": 107.807, "final_distance_cost": 1.8420404347143764, "oscillation_cost": 322.32786009780904, "completition_cost": 0.0, "overshoot_cost": 63.396886677670565, "power_cost": 22.905582031250002, "noise_cost": 22.550534079100057, "n_waypoints_completed": 9, "tot_waypoints": 9}}
{"target": -905.1066924423172, "params": {"k_pid_pos": [1.5580148095208002, 0.13455220841314708, 0.5360680359476373], "k_pid_alt": [1.028445740380829, 0.8575721441225576, 0.46279936559351587], "k_pid_att": [38.508949610035344, 6.395668756043977, 0.26646331750084606], "k_pid_yaw": [0.5, 1e-06, 0.1], "k_pid_hsp": [1.3977701326984733, 0.4778772740237458, 0.416889368594885], "k_pid_vsp": [93.02797621154949, 147.0047246785394, 146.5569805641065]}, "datetime": {"datetime": "2025-08-13 09:58:18", "elapsed": 626.3640484809875, "delta": 28.190557956695557}, "costs": {"total_cost": 905.1066924423172, "time_cost": 150, "final_distance_cost": 70.28974886984541, "oscillation_cost": 343.2069325837306, "completition_cost": 222.2222222222222, "overshoot_cost": 57.1413978394612, "power_cost": 32.295512121582036, "noise_cost": 29.9508788054758, "n_waypoints_completed": 7, "tot_waypoints": 9}}
{"target": -940.8523449221424, "params": {"k_pid_pos": [0.6550583792686496, 0.37946407972692897, 0.6857433454559454], "k_pid_alt": [0.5937529491425706, 0.9488579267153404, 0.9163480195381779], "k_pid_att": [48.09104283000786, 3.283679213926388, 0.5354347898300031], "k_pid_yaw": [0.5, 1e-06, 0.1], "k_pid_hsp": [8.485620031687368, 0.652587340560102, 0.8043918279470774], "k_pid_vsp": [213.08891042629608, 253.16705207413065, 115.26224638482907]}, "datetime": {"datetime": "2025-08-13 09:58:46", "elapsed": 654.432445526123, "delta": 28.068397045135498}, "costs": {"total_cost": 940.8523449221424, "time_cost": 150, "final_distance_cost": 2.5428269409453015, "oscillation_cost": 532.8871205461736, "completition_cost": 111.11111111111116, "overshoot_cost": 69.30457322988363, "power_cost": 42.517399951171875, "noise_cost": 32.48931314285675, "n_waypoints_completed": 8, "tot_waypoints": 9}}
{"target": -1421.1977210517493, "params": {"k_pid_pos": [1.4698128353043505, 0.20240459312571835, 0.6947981288184982], "k_pid_alt": [1.7214381366517881, 0.13210283730154393, 0.6143797405419198], "k_pid_att": [9.50957482299346, 7.257183711151441, 0.08449321882352023], "k_pid_yaw": [0.5, 1e-06, 0.1], "k_pid_hsp": [9.35940463302399, 0.13740793003780216, 0.9588802459090804], "k_pid_vsp": [320.3536704340387, 237.47280219285963, 313.04964206919465]}, "datetime": {"datetime": "2025-08-13 09:59:14", "elapsed": 682.7153482437134, "delta": 28.282902717590332}, "costs": {"total_cost": 1421.1977210517493, "time_cost": 150, "final_distance_cost": 49.507002398677216, "oscillation_cost": 539.8555431197425, "completition_cost": 555.5555555555555, "overshoot_cost": 63.70767310421786, "power_cost": 33.410730114746094, "noise_cost": 29.161216758810156, "n_waypoints_completed": 4, "tot_waypoints": 9}}
{"target": -615.2937158077197, "params": {"k_pid_pos": [1.5902501664822735, 0.9460270628173303, 0.2533833538391872], "k_pid_alt": [1.1801517907166184, 0.09504919756440122, 0.6161657000241213], "k_pid_att": [17.12913040927888, 5.649549619663271, 0.5724305140338497], "k_pid_yaw": [0.5, 1e-06, 0.1], "k_pid_hsp": [4.659904931296975, 0.5226317755131228, 0.7639233900065879], "k_pid_vsp": [319.69788660482664, 196.86128673801844, 239.83737700945147]}, "datetime": {"datetime": "2025-08-13 09:59:42", "elapsed": 710.7757532596588, "delta": 28.060405015945435}, "costs": {"total_cost": 615.2937158077197, "time_cost": 150, "final_distance_cost": 12.422682850684323, "oscillation_cost": 197.61547586251737, "completition_cost": 111.11111111111116, "overshoot_cost": 75.82758540683614, "power_cost": 37.89671923828125, "noise_cost": 30.420141338289465, "n_waypoints_completed": 8, "tot_waypoints": 9}}
