{"target": -241.75187468456085, "params": {"k_pid_pos": [0.25923149386389566, 0.0, 0.035598820031849686], "k_pid_alt": [1.6051413251778899, 0.0, 0.959956647810644], "k_pid_att": [29.799316406283737, 3.2460028358224826, 0.2500250919949039], "k_pid_yaw": [0.5, 1e-06, 0.1], "k_pid_hsp": [0.16220678193608745, 0.0, 0.0], "k_pid_vsp": [122.49460868437468, 3.089558155363086, 0.6957748298622125]}, "datetime": {"datetime": "2025-08-13 19:19:47", "elapsed": 34315.29685330391, "delta": 26.604138612747192}, "costs": {"total_cost": 241.75187468456085, "time_cost": 108.766, "final_distance_cost": 1.861346063422485, "oscillation_cost": 15.93163394723186, "completition_cost": 0.0, "overshoot_cost": 57.439512999384526, "power_cost": 21.039814807128906, "noise_cost": 36.71356686739307, "n_waypoints_completed": 9, "tot_waypoints": 9}}
{"target": -182.9125970933466, "params": {"k_pid_pos": [0.9692635760341113, 0.008940689382859236, 0.01679438808528488], "k_pid_alt": [1.6184429682446568, 0.0, 0.864956097509168], "k_pid_att": [35.29883982412172, 3.396060824821177, 0.24837360202051767], "k_pid_yaw": [0.5, 1e-06, 0.1], "k_pid_hsp": [0.3927866471432477, 0.0, 0.0], "k_pid_vsp": [30.48571996438821, 29.361481576539752, 1e-06]}, "datetime": {"datetime": "2025-08-13 19:20:04", "elapsed": 34332.51939415932, "delta": 17.222540855407715}, "costs": {"total_cost": 182.9125970933466, "time_cost": 70.21000000000001, "final_distance_cost": 1.844454916775211, "oscillation_cost": 28.741587522988905, "completition_cost": 0.0, "overshoot_cost": 50.00247800762879, "power_cost": 11.874449389648438, "noise_cost": 20.239627256305216, "n_waypoints_completed": 9, "tot_waypoints": 9}}
{"target": -190.6998748579002, "params": {"k_pid_pos": [1.1651803663130254, 0.0, 0.06466149228795276], "k_pid_alt": [1.5881435054845188, 0.0, 0.9383105876099402], "k_pid_att": [36.93304186568705, 3.4503141957231085, 0.296644494369947], "k_pid_yaw": [0.5, 1e-06, 0.1], "k_pid_hsp": [0.25692842894568757, 0.0, 0.0], "k_pid_vsp": [62.1954569834171, 35.87821164893894, 1e-06]}, "datetime": {"datetime": "2025-08-13 19:20:21", "elapsed": 34349.25875711441, "delta": 16.739362955093384}, "costs": {"total_cost": 190.6998748579002, "time_cost": 70.644, "final_distance_cost": 1.8291554102442387, "oscillation_cost": 29.853540327527732, "completition_cost": 0.0, "overshoot_cost": 50.68706361247589, "power_cost": 16.33885622558594, "noise_cost": 21.347259282066382, "n_waypoints_completed": 9, "tot_waypoints": 9}}
{"target": -182.81951194801422, "params": {"k_pid_pos": [0.9801846416760499, 0.0, 0.07420369460847716], "k_pid_alt": [1.6012909499369186, 0.0, 0.93982279935508], "k_pid_att": [36.448792371808715, 3.364309638708386, 0.26326129712236207], "k_pid_yaw": [0.5, 1e-06, 0.1], "k_pid_hsp": [0.18509122000033312, 0.0, 0.0], "k_pid_vsp": [146.05277333724226, 41.10359684108609, 1e-06]}, "datetime": {"datetime": "2025-08-13 19:20:38", "elapsed": 34366.64800596237, "delta": 17.389248847961426}, "costs": {"total_cost": 182.81951194801422, "time_cost": 71.05, "final_distance_cost": 1.819343522687039, "oscillation_cost": 27.697974311679033, "completition_cost": 0.0, "overshoot_cost": 50.46883601600075, "power_cost": 11.517944116210938, "noise_cost": 20.26541398143648, "n_waypoints_completed": 9, "tot_waypoints": 9}}
{"target": -185.10719046668987, "params": {"k_pid_pos": [1.0262490647100468, 0.0, 0.028488992218586626], "k_pid_alt": [1.6839730370853485, 0.0, 0.9765411786727721], "k_pid_att": [22.96309003466755, 1.0558109459636833, 0.21197029234001358], "k_pid_yaw": [0.5, 1e-06, 0.1], "k_pid_hsp": [0.13049771678281938, 0.008557318953880746, 0.0], "k_pid_vsp": [165.09832751815182, 1e-06, 1e-06]}, "datetime": {"datetime": "2025-08-13 19:20:55", "elapsed": 34383.80384302139, "delta": 17.155837059020996}, "costs": {"total_cost": 185.10719046668987, "time_cost": 72.345, "final_distance_cost": 1.7982948833106807, "oscillation_cost": 28.669324939067863, "completition_cost": 0.0, "overshoot_cost": 51.84202674369702, "power_cost": 10.582452795410157, "noise_cost": 19.870091105204192, "n_waypoints_completed": 9, "tot_waypoints": 9}}
{"target": -190.88305023335275, "params": {"k_pid_pos": [0.9802250928753706, 0.0, 0.062485734610549216], "k_pid_alt": [1.6246399557607007, 0.0, 0.9422011616488933], "k_pid_att": [35.565361897459645, 3.5269705046290514, 0.255553451603774], "k_pid_yaw": [0.5, 1e-06, 0.1], "k_pid_hsp": [0.12554680726065937, 0.0, 0.0], "k_pid_vsp": [56.57627107862579, 42.30307069603255, 1e-06]}, "datetime": {"datetime": "2025-08-13 19:21:13", "elapsed": 34401.41392683983, "delta": 17.61008381843567}, "costs": {"total_cost": 190.88305023335275, "time_cost": 71.456, "final_distance_cost": 1.804601991626419, "oscillation_cost": 26.999543712250453, "completition_cost": 0.0, "overshoot_cost": 51.15493612483967, "power_cost": 17.713796655273438, "noise_cost": 21.754171749362772, "n_waypoints_completed": 9, "tot_waypoints": 9}}
{"target": -187.5147045338097, "params": {"k_pid_pos": [0.9899084737136007, 0.0, 0.07448549572319166], "k_pid_alt": [1.5844100365462803, 0.0, 0.9186070371357644], "k_pid_att": [35.33348916928615, 3.815897284910019, 0.2403044728425368], "k_pid_yaw": [0.5, 1e-06, 0.1], "k_pid_hsp": [0.11071077791938386, 0.0, 0.0], "k_pid_vsp": [168.07150510451436, 41.00585535945633, 1e-06]}, "datetime": {"datetime": "2025-08-13 19:21:30", "elapsed": 34418.55198574066, "delta": 17.13805890083313}, "costs": {"total_cost": 187.5147045338097, "time_cost": 72.135, "final_distance_cost": 1.8034093230852375, "oscillation_cost": 26.42779730263741, "completition_cost": 0.0, "overshoot_cost": 51.4571443925969, "power_cost": 14.421458190917969, "noise_cost": 21.26989532457217, "n_waypoints_completed": 9, "tot_waypoints": 9}}
{"target": -188.07557950657167, "params": {"k_pid_pos": [0.733265415555208, 0.0, 0.06887417935189057], "k_pid_alt": [1.6200113651446808, 0.0, 0.943163973971868], "k_pid_att": [35.7003686403064, 3.536361225291846, 1.0], "k_pid_yaw": [0.5, 1e-06, 0.1], "k_pid_hsp": [0.2104995595780676, 0.0, 0.0], "k_pid_vsp": [175.9182938276246, 38.20393247932517, 1e-06]}, "datetime": {"datetime": "2025-08-13 19:21:49", "elapsed": 34437.01414036751, "delta": 18.462154626846313}, "costs": {"total_cost": 188.07557950657167, "time_cost": 73.59100000000001, "final_distance_cost": 1.8494984061193895, "oscillation_cost": 25.711501285180642, "completition_cost": 0.0, "overshoot_cost": 51.28412331096568, "power_cost": 13.796071008300782, "noise_cost": 21.84338549600517, "n_waypoints_completed": 9, "tot_waypoints": 9}}
{"target": -190.34372011720777, "params": {"k_pid_pos": [0.9667671219134708, 0.0, 0.11208896153740518], "k_pid_alt": [1.6688589153451243, 0.0, 0.9543170956984648], "k_pid_att": [33.38834368297007, 3.530664192703889, 0.22942047623137052], "k_pid_yaw": [0.5, 1e-06, 0.1], "k_pid_hsp": [0.2522338187372146, 0.0, 0.0], "k_pid_vsp": [207.83196960998765, 32.87117610881427, 1e-06]}, "datetime": {"datetime": "2025-08-13 19:22:05", "elapsed": 34453.71937775612, "delta": 16.70523738861084}, "costs": {"total_cost": 190.34372011720777, "time_cost": 71.981, "final_distance_cost": 1.848141768415275, "oscillation_cost": 27.861929162278283, "completition_cost": 0.0, "overshoot_cost": 51.458035508643064, "power_cost": 15.641201892089844, "noise_cost": 21.553411785781314, "n_waypoints_completed": 9, "tot_waypoints": 9}}
{"target": -198.73509951554445, "params": {"k_pid_pos": [0.9318439768291686, 0.0, 0.057575583103123204], "k_pid_alt": [1.6301540739883515, 0.0, 0.9441167109366049], "k_pid_att": [35.855233641156, 3.4379208677605195, 0.2476193886236626], "k_pid_yaw": [0.5, 1e-06, 0.1], "k_pid_hsp": [0.24547568974893746, 0.0, 0.0], "k_pid_vsp": [123.89101013572984, 40.91718224892952, 1e-06]}, "datetime": {"datetime": "2025-08-13 19:22:23", "elapsed": 34471.053493738174, "delta": 17.334115982055664}, "costs": {"total_cost": 198.73509951554445, "time_cost": 72.646, "final_distance_cost": 1.8461620782244514, "oscillation_cost": 27.31426130139661, "completition_cost": 0.0, "overshoot_cost": 51.766299529642694, "power_cost": 21.957228234863283, "noise_cost": 23.205148371417415, "n_waypoints_completed": 9, "tot_waypoints": 9}}
{"target": -183.71873245063063, "params": {"k_pid_pos": [1.0690538646238266, 0.00011168911617539699, 0.0809846498748684], "k_pid_alt": [1.591941807247679, 0.0, 0.8801414368983616], "k_pid_att": [35.24101549559764, 3.4378868206490227, 0.2259680231173521], "k_pid_yaw": [0.5, 1e-06, 0.1], "k_pid_hsp": [0.11883024995350455, 0.0, 0.0], "k_pid_vsp": [117.16733573338885, 33.53966117328611, 1e-06]}, "datetime": {"datetime": "2025-08-13 19:22:40", "elapsed": 34488.377794981, "delta": 17.32430124282837}, "costs": {"total_cost": 183.71873245063063, "time_cost": 71.428, "final_distance_cost": 1.7939892272402735, "oscillation_cost": 27.299780921618478, "completition_cost": 0.0, "overshoot_cost": 51.22864248782667, "power_cost": 11.659941552734375, "noise_cost": 20.308378261210834, "n_waypoints_completed": 9, "tot_waypoints": 9}}
{"target": -186.0431309763756, "params": {"k_pid_pos": [0.9338036851076417, 0.0, 0.06809766312870727], "k_pid_alt": [1.6030889736408316, 0.0, 0.9926718317955551], "k_pid_att": [35.33328309358127, 3.325033150983064, 0.2591326256741702], "k_pid_yaw": [0.5, 1e-06, 0.1], "k_pid_hsp": [0.12146473232215171, 0.0, 0.0], "k_pid_vsp": [120.78210295187378, 49.97593086064412, 1e-06]}, "datetime": {"datetime": "2025-08-13 19:22:56", "elapsed": 34504.911595106125, "delta": 16.53380012512207}, "costs": {"total_cost": 186.0431309763756, "time_cost": 71.792, "final_distance_cost": 1.798687680752928, "oscillation_cost": 26.28049469381286, "completition_cost": 0.0, "overshoot_cost": 51.315386743910125, "power_cost": 13.84929168701172, "noise_cost": 21.00727017088799, "n_waypoints_completed": 9, "tot_waypoints": 9}}
{"target": -191.2800385963364, "params": {"k_pid_pos": [0.9832812792171832, 0.0, 0.1482071231593802], "k_pid_alt": [1.6934133223083072, 0.0, 0.9092179264448197], "k_pid_att": [35.09112338503574, 3.5525577243931847, 0.25468148244235045], "k_pid_yaw": [0.5, 1e-06, 0.1], "k_pid_hsp": [0.2514206030721475, 0.0, 0.0], "k_pid_vsp": [157.9479108942786, 26.346138000459913, 1e-06]}, "datetime": {"datetime": "2025-08-13 19:23:14", "elapsed": 34522.70059251785, "delta": 17.788997411727905}, "costs": {"total_cost": 191.2800385963364, "time_cost": 71.862, "final_distance_cost": 1.8380634304798433, "oscillation_cost": 27.684899861258792, "completition_cost": 0.0, "overshoot_cost": 51.02094673365064, "power_cost": 16.822319055175782, "noise_cost": 22.051809515771318, "n_waypoints_completed": 9, "tot_waypoints": 9}}
{"target": -185.4398393621521, "params": {"k_pid_pos": [1.1399293251900486, 0.0, 0.013290842232371688], "k_pid_alt": [1.639353796470454, 0.0, 0.9522651957313745], "k_pid_att": [32.999639588169686, 3.2905238872349294, 0.23428770587839862], "k_pid_yaw": [0.5, 1e-06, 0.1], "k_pid_hsp": [0.37138890121006046, 0.0, 0.0], "k_pid_vsp": [87.99064583950357, 26.105493764719448, 1e-06]}, "datetime": {"datetime": "2025-08-13 19:23:31", "elapsed": 34539.5264377594, "delta": 16.82584524154663}, "costs": {"total_cost": 185.4398393621521, "time_cost": 70.651, "final_distance_cost": 1.8202740894030272, "oscillation_cost": 30.559233358188244, "completition_cost": 0.0, "overshoot_cost": 50.105732882011864, "power_cost": 12.089221484375, "noise_cost": 20.21437754817396, "n_waypoints_completed": 9, "tot_waypoints": 9}}
{"target": -190.76594151122816, "params": {"k_pid_pos": [0.7219391700663713, 0.0, 0.05756551168438971], "k_pid_alt": [1.6958097394998337, 0.0, 0.9416670109258745], "k_pid_att": [35.33172501028898, 3.334781560833081, 0.2899260710302503], "k_pid_yaw": [0.5, 1e-06, 0.1], "k_pid_hsp": [0.11132101971346071, 0.0, 0.0], "k_pid_vsp": [44.64347474547354, 83.87528407058471, 1e-06]}, "datetime": {"datetime": "2025-08-13 19:23:49", "elapsed": 34557.67592716217, "delta": 18.149489402770996}, "costs": {"total_cost": 190.76594151122816, "time_cost": 71.904, "final_distance_cost": 1.812697580451469, "oscillation_cost": 23.424118886151803, "completition_cost": 0.0, "overshoot_cost": 50.84704723734119, "power_cost": 20.42415250244141, "noise_cost": 22.35392530484229, "n_waypoints_completed": 9, "tot_waypoints": 9}}
{"target": -180.49822753845413, "params": {"k_pid_pos": [0.8697677619071836, 0.0, 0.16754924643787342], "k_pid_alt": [1.9256672454694665, 0.0, 0.9489260792302865], "k_pid_att": [31.937142389583336, 3.5526481322940366, 0.19733743183580088], "k_pid_yaw": [0.5, 1e-06, 0.1], "k_pid_hsp": [0.1707266220662253, 0.0, 0.0], "k_pid_vsp": [78.44464673913797, 36.22710519344085, 1e-06]}, "datetime": {"datetime": "2025-08-13 19:24:07", "elapsed": 34575.25354933739, "delta": 17.577622175216675}, "costs": {"total_cost": 180.49822753845413, "time_cost": 71.316, "final_distance_cost": 1.843228880597975, "oscillation_cost": 26.198389440335504, "completition_cost": 0.0, "overshoot_cost": 50.455915414510656, "power_cost": 10.536790747070313, "noise_cost": 20.147903055939675, "n_waypoints_completed": 9, "tot_waypoints": 9}}
{"target": -190.1041632391874, "params": {"k_pid_pos": [0.6947908965992313, 0.0, 0.03376069141865778], "k_pid_alt": [1.6741777306446206, 0.0, 0.9425835051274746], "k_pid_att": [33.61499789969654, 3.3608948805244165, 0.288849897667194], "k_pid_yaw": [0.5, 1e-06, 0.1], "k_pid_hsp": [0.12796870088334955, 0.0, 0.0], "k_pid_vsp": [137.6950862669633, 30.62808973083, 1e-06]}, "datetime": {"datetime": "2025-08-13 19:24:25", "elapsed": 34593.07554960251, "delta": 17.82200026512146}, "costs": {"total_cost": 190.1041632391874, "time_cost": 73.038, "final_distance_cost": 1.8191986997725076, "oscillation_cost": 24.227247563646806, "completition_cost": 0.0, "overshoot_cost": 51.84081729868073, "power_cost": 16.856860168457033, "noise_cost": 22.322039508630308, "n_waypoints_completed": 9, "tot_waypoints": 9}}
{"target": -184.97469360096537, "params": {"k_pid_pos": [0.989882299374994, 0.0, 0.0762942985165453], "k_pid_alt": [1.823461403521668, 0.0, 0.9535601524206755], "k_pid_att": [33.15544534326503, 3.22511330912827, 0.23766543168072352], "k_pid_yaw": [0.5, 1e-06, 0.1], "k_pid_hsp": [0.1231621577303265, 0.0, 0.0], "k_pid_vsp": [58.69938643446682, 27.03954965002663, 1e-06]}, "datetime": {"datetime": "2025-08-13 19:24:42", "elapsed": 34610.20612645149, "delta": 17.130576848983765}, "costs": {"total_cost": 184.97469360096537, "time_cost": 70.875, "final_distance_cost": 1.8157818383901043, "oscillation_cost": 26.851959224975346, "completition_cost": 0.0, "overshoot_cost": 51.18732680151379, "power_cost": 13.418419555664062, "noise_cost": 20.82620618042208, "n_waypoints_completed": 9, "tot_waypoints": 9}}
{"target": -192.08288723455985, "params": {"k_pid_pos": [0.5663921660147105, 0.0, 0.08209342570247874], "k_pid_alt": [1.8529012628460657, 0.0, 0.9146384393628321], "k_pid_att": [29.707432330312574, 2.616851007164671, 0.2879076260883356], "k_pid_yaw": [0.5, 1e-06, 0.1], "k_pid_hsp": [0.10532901721436916, 0.0, 0.0], "k_pid_vsp": [159.19255324128142, 38.307129513419234, 1e-06]}, "datetime": {"datetime": "2025-08-13 19:24:59", "elapsed": 34627.61973452568, "delta": 17.413608074188232}, "costs": {"total_cost": 192.08288723455985, "time_cost": 74.711, "final_distance_cost": 1.8338487870693145, "oscillation_cost": 20.992680262235613, "completition_cost": 0.0, "overshoot_cost": 52.20248850030637, "power_cost": 18.902089758300782, "noise_cost": 23.440779926647767, "n_waypoints_completed": 9, "tot_waypoints": 9}}
{"target": -186.75512087902942, "params": {"k_pid_pos": [0.8734526468448215, 0.0, 0.06635917284262756], "k_pid_alt": [1.8647020350313241, 0.0, 0.9456083159609806], "k_pid_att": [34.208717406983155, 3.327796379089327, 0.33217433643268235], "k_pid_yaw": [0.5, 1e-06, 0.1], "k_pid_hsp": [0.24737418624503688, 0.0, 0.0], "k_pid_vsp": [104.40765231752081, 50.33277736860336, 1e-06]}, "datetime": {"datetime": "2025-08-13 19:25:17", "elapsed": 34645.43729043007, "delta": 17.817555904388428}, "costs": {"total_cost": 186.75512087902942, "time_cost": 71.008, "final_distance_cost": 1.837248783844927, "oscillation_cost": 27.217389874484773, "completition_cost": 0.0, "overshoot_cost": 50.75619661852147, "power_cost": 14.677429919433594, "noise_cost": 21.25885568274466, "n_waypoints_completed": 9, "tot_waypoints": 9}}
{"target": -187.70664259245467, "params": {"k_pid_pos": [1.0427520659320482, 0.0, 0.05050458707705], "k_pid_alt": [1.5985523606253849, 0.0, 0.9309925198248318], "k_pid_att": [35.07802648192601, 3.3997739540086007, 0.27745115152757527], "k_pid_yaw": [0.5, 1e-06, 0.1], "k_pid_hsp": [0.10763732717240937, 0.0, 0.0], "k_pid_vsp": [95.82209661610513, 35.068464863340814, 1e-06]}, "datetime": {"datetime": "2025-08-13 19:25:35", "elapsed": 34663.153943538666, "delta": 17.7166531085968}, "costs": {"total_cost": 187.70664259245467, "time_cost": 71.96000000000001, "final_distance_cost": 1.7804997586410816, "oscillation_cost": 26.949681378217964, "completition_cost": 0.0, "overshoot_cost": 51.15380827544373, "power_cost": 14.585564965820312, "noise_cost": 21.277088214331577, "n_waypoints_completed": 9, "tot_waypoints": 9}}
{"target": -177.7830289154973, "params": {"k_pid_pos": [0.846469817641107, 0.0, 0.05790754972385689], "k_pid_alt": [1.9169981984447393, 0.0, 0.9513485101532201], "k_pid_att": [33.14597003779253, 3.508535938881482, 0.27006040219577376], "k_pid_yaw": [0.5, 1e-06, 0.1], "k_pid_hsp": [0.11559395492945213, 0.0, 0.0], "k_pid_vsp": [93.53121678471776, 33.32624723871668, 1e-06]}, "datetime": {"datetime": "2025-08-13 19:25:52", "elapsed": 34680.625129938126, "delta": 17.47118639945984}, "costs": {"total_cost": 177.7830289154973, "time_cost": 71.127, "final_distance_cost": 1.804811935543152, "oscillation_cost": 25.241440622302825, "completition_cost": 0.0, "overshoot_cost": 51.08777927197824, "power_cost": 9.102773547363281, "noise_cost": 19.41922353830982, "n_waypoints_completed": 9, "tot_waypoints": 9}}
{"target": -192.65497327342098, "params": {"k_pid_pos": [1.0788771340936718, 0.0, 0.07414635544275706], "k_pid_alt": [1.9201776102298562, 0.0, 0.9450761199796625], "k_pid_att": [31.949691638572318, 3.440002222454868, 0.24254854023997097], "k_pid_yaw": [0.5, 1e-06, 0.1], "k_pid_hsp": [0.10536979339525204, 0.0, 0.0], "k_pid_vsp": [79.28698914509413, 31.553376232602574, 1e-06]}, "datetime": {"datetime": "2025-08-13 19:26:10", "elapsed": 34698.26659679413, "delta": 17.641466856002808}, "costs": {"total_cost": 192.65497327342098, "time_cost": 71.44200000000001, "final_distance_cost": 1.7795967469640301, "oscillation_cost": 26.97270111479595, "completition_cost": 0.0, "overshoot_cost": 51.86145550257284, "power_cost": 18.483707946777344, "noise_cost": 22.11551196231083, "n_waypoints_completed": 9, "tot_waypoints": 9}}
{"target": -195.2849023285457, "params": {"k_pid_pos": [0.8242955869083083, 0.0, 0.038219043140832756], "k_pid_alt": [1.7042885548871651, 0.0, 0.9620439657983753], "k_pid_att": [27.83939897446364, 2.996067733311865, 0.2819482706284854], "k_pid_yaw": [0.5, 1e-06, 0.1], "k_pid_hsp": [0.11016481278724646, 0.0, 0.0], "k_pid_vsp": [104.02285537737191, 28.539276016544846, 1e-06]}, "datetime": {"datetime": "2025-08-13 19:26:27", "elapsed": 34715.67180228233, "delta": 17.405205488204956}, "costs": {"total_cost": 195.2849023285457, "time_cost": 72.81400000000001, "final_distance_cost": 1.8176341786272665, "oscillation_cost": 24.657360832316883, "completition_cost": 0.0, "overshoot_cost": 51.95472288430587, "power_cost": 21.066441308593753, "noise_cost": 22.974743124701906, "n_waypoints_completed": 9, "tot_waypoints": 9}}
{"target": -192.39504166685055, "params": {"k_pid_pos": [0.8800458218371122, 0.0, 0.07118311561787953], "k_pid_alt": [1.8786758252984341, 0.0, 0.9276449794936904], "k_pid_att": [35.0047933684663, 3.418776161874775, 0.27912491895794245], "k_pid_yaw": [0.5, 1e-06, 0.1], "k_pid_hsp": [0.15904983656089458, 0.0, 0.0], "k_pid_vsp": [70.41868596624491, 17.82617847466718, 1e-06]}, "datetime": {"datetime": "2025-08-13 19:26:44", "elapsed": 34732.90035700798, "delta": 17.228554725646973}, "costs": {"total_cost": 192.39504166685055, "time_cost": 71.953, "final_distance_cost": 1.8334404763040746, "oscillation_cost": 26.296831690497577, "completition_cost": 0.0, "overshoot_cost": 51.65864373010656, "power_cost": 18.062727856445314, "noise_cost": 22.59039791349702, "n_waypoints_completed": 9, "tot_waypoints": 9}}
{"target": -207.25657243758346, "params": {"k_pid_pos": [0.26742685191050597, 0.0, 0.05607234441481315], "k_pid_alt": [2.0, 0.0, 0.9714831416074079], "k_pid_att": [31.410845282034174, 3.439936083389461, 0.2910357152558755], "k_pid_yaw": [0.5, 1e-06, 0.1], "k_pid_hsp": [0.06627047116959234, 0.0, 0.0], "k_pid_vsp": [85.80466416647108, 31.110155898825415, 1e-06]}, "datetime": {"datetime": "2025-08-13 19:27:07", "elapsed": 34755.4059612751, "delta": 22.50560426712036}, "costs": {"total_cost": 207.25657243758346, "time_cost": 90.125, "final_distance_cost": 1.8568202034590078, "oscillation_cost": 12.056208117561562, "completition_cost": 0.0, "overshoot_cost": 56.8912417741561, "power_cost": 17.38942322998047, "noise_cost": 28.937879112426316, "n_waypoints_completed": 9, "tot_waypoints": 9}}
{"target": -187.3047744083688, "params": {"k_pid_pos": [0.9706345140974498, 7.398172918057202e-05, 0.02921203129267195], "k_pid_alt": [1.9371014922126695, 0.0, 0.9058011694571673], "k_pid_att": [30.99437474507228, 3.595963773236911, 0.2675389583885163], "k_pid_yaw": [0.5, 1e-06, 0.1], "k_pid_hsp": [0.2556297453162354, 0.0, 0.0], "k_pid_vsp": [164.51182685773648, 46.448000162133056, 1e-06]}, "datetime": {"datetime": "2025-08-13 19:27:24", "elapsed": 34772.01647281647, "delta": 16.610511541366577}, "costs": {"total_cost": 187.3047744083688, "time_cost": 70.343, "final_distance_cost": 1.8391947347144517, "oscillation_cost": 28.283191441249137, "completition_cost": 0.0, "overshoot_cost": 50.58925674976402, "power_cost": 15.075572863769532, "noise_cost": 21.17455861887162, "n_waypoints_completed": 9, "tot_waypoints": 9}}
