{"target": -2051.6910292020425, "params": {"k_pid_pos": [0.4218050278690341, 0.19722336810471733, 0.1782092399894607], "k_pid_alt": [1.5026364046128111, 0.39391686271199833, 0.9121123155345284], "k_pid_att": [44.29772226328102, 7.272234146438578, 0.18199773809270497], "k_pid_yaw": [0.5, 1e-06, 0.1], "k_pid_hsp": [0.0001, 0.1298511527481918, 0.16048109006632072], "k_pid_vsp": [232.94900550391594, 20.49320190857794, 1e-06]}, "datetime": {"datetime": "2025-08-13 11:39:31", "elapsed": 6699.815886497498, "delta": 53.00535440444946}, "costs": {"total_cost": 2051.6910292020425, "time_cost": 150, "final_distance_cost": 117.66417579308914, "oscillation_cost": 844.15703628983, "completition_cost": 777.7777777777778, "overshoot_cost": 102.02190515171282, "power_cost": 30.69788485107422, "noise_cost": 29.372249338558635, "n_waypoints_completed": 2, "tot_waypoints": 9}}
{"target": -199.53381873635578, "params": {"k_pid_pos": [0.49352423024013964, 0.08374718038039919, 0.17717838454751855], "k_pid_alt": [1.512291571537798, 0.0, 0.9762328272211934], "k_pid_att": [40.036904527427915, 3.8172682174424035, 0.258614044677689], "k_pid_yaw": [0.5, 1e-06, 0.1], "k_pid_hsp": [0.13303182102125288, 0.004303360601912414, 0.0], "k_pid_vsp": [194.06127476080263, 1e-06, 1e-06]}, "datetime": {"datetime": "2025-08-13 11:40:08", "elapsed": 6736.179803848267, "delta": 36.36391735076904}, "costs": {"total_cost": 199.53381873635578, "time_cost": 82.425, "final_distance_cost": 1.8326697913273875, "oscillation_cost": 21.17770791848844, "completition_cost": 0.0, "overshoot_cost": 53.711209703060376, "power_cost": 15.547060864257814, "noise_cost": 24.840170459221767, "n_waypoints_completed": 9, "tot_waypoints": 9}}
{"target": -596.3665430731783, "params": {"k_pid_pos": [0.5205579821041595, 0.2954814449207456, 0.12415230604356879], "k_pid_alt": [1.5051644841261589, 0.06798264796248707, 0.960809973425], "k_pid_att": [45.2707955711989, 2.214818882671551, 0.4368925986190145], "k_pid_yaw": [0.5, 1e-06, 0.1], "k_pid_hsp": [0.37186791428110627, 0.0, 0.1355727479367893], "k_pid_vsp": [264.24581553198965, 1e-06, 120.10146082097876]}, "datetime": {"datetime": "2025-08-13 11:41:01", "elapsed": 6789.1663365364075, "delta": 52.98653268814087}, "costs": {"total_cost": 596.3665430731783, "time_cost": 115.283, "final_distance_cost": 1.7722567610764046, "oscillation_cost": 357.80450234509357, "completition_cost": 0.0, "overshoot_cost": 60.766097154236675, "power_cost": 32.95638200683594, "noise_cost": 27.784304805935648, "n_waypoints_completed": 9, "tot_waypoints": 9}}
{"target": -211.73344809856647, "params": {"k_pid_pos": [0.6703556558764704, 0.051789726155555535, 0.22442580390005681], "k_pid_alt": [1.4966858513384982, 0.0, 1.0], "k_pid_att": [34.06432712527372, 4.395186672178681, 0.25512139323682914], "k_pid_yaw": [0.5, 1e-06, 0.1], "k_pid_hsp": [2.2376110178755355, 0.0, 0.0], "k_pid_vsp": [250.73425818436488, 1e-06, 1e-06]}, "datetime": {"datetime": "2025-08-13 11:41:37", "elapsed": 6825.100569963455, "delta": 35.93423342704773}, "costs": {"total_cost": 211.73344809856647, "time_cost": 81.711, "final_distance_cost": 1.84817523510453, "oscillation_cost": 32.38524472692009, "completition_cost": 0.0, "overshoot_cost": 52.49461913283677, "power_cost": 18.004692102050782, "noise_cost": 25.289716901654316, "n_waypoints_completed": 9, "tot_waypoints": 9}}
{"target": -1250.9606087666102, "params": {"k_pid_pos": [1.600692340179823, 0.09528746508209737, 0.17956183611850382], "k_pid_alt": [1.4961572167190162, 0.03546256787186301, 0.16016431700636558], "k_pid_att": [28.837399029958448, 1.4546162474483766, 0.31614905078232436], "k_pid_yaw": [0.5, 1e-06, 0.1], "k_pid_hsp": [0.0001, 0.0, 0.0], "k_pid_vsp": [224.3900449790793, 17.80869690080779, 11.337091833251755]}, "datetime": {"datetime": "2025-08-13 11:42:29", "elapsed": 6877.897115945816, "delta": 52.79654598236084}, "costs": {"total_cost": 1250.9606087666102, "time_cost": 150, "final_distance_cost": 49.23083078623127, "oscillation_cost": 0.6504522223635604, "completition_cost": 888.8888888888888, "overshoot_cost": 106.12710875128076, "power_cost": 29.555753442382812, "noise_cost": 26.5075746754631, "n_waypoints_completed": 1, "tot_waypoints": 9}}
{"target": -222.48259815512202, "params": {"k_pid_pos": [0.5250473238256113, 0.0, 0.3446694364589354], "k_pid_alt": [1.4105021447065025, 0.3165825682528889, 1.0], "k_pid_att": [46.28517115173139, 3.636101251747005, 0.14688346445696018], "k_pid_yaw": [0.5, 1e-06, 0.1], "k_pid_hsp": [0.437353761343694, 0.0, 0.0], "k_pid_vsp": [201.51830657929332, 1e-06, 1e-06]}, "datetime": {"datetime": "2025-08-13 11:43:10", "elapsed": 6918.484449863434, "delta": 40.5873339176178}, "costs": {"total_cost": 222.48259815512202, "time_cost": 92.631, "final_distance_cost": 1.82588379838989, "oscillation_cost": 25.65066519791775, "completition_cost": 0.0, "overshoot_cost": 54.34561208792453, "power_cost": 20.37183397216797, "noise_cost": 27.657603098721896, "n_waypoints_completed": 9, "tot_waypoints": 9}}
{"target": -205.2901667996785, "params": {"k_pid_pos": [0.583619612438365, 0.02191348689520986, 0.18886785884701812], "k_pid_alt": [1.8910979148036553, 0.0, 1.0], "k_pid_att": [42.37382792222748, 5.229979420775769, 0.22429692661497314], "k_pid_yaw": [0.5, 1e-06, 0.1], "k_pid_hsp": [0.15671159827109818, 0.0, 0.0], "k_pid_vsp": [195.20519827137235, 1e-06, 1e-06]}, "datetime": {"datetime": "2025-08-13 11:43:44", "elapsed": 6952.613931417465, "delta": 34.12948155403137}, "costs": {"total_cost": 205.2901667996785, "time_cost": 77.546, "final_distance_cost": 1.8475570038501588, "oscillation_cost": 23.229619601508038, "completition_cost": 0.0, "overshoot_cost": 52.20481442342327, "power_cost": 23.358239294433595, "noise_cost": 27.103936476463446, "n_waypoints_completed": 9, "tot_waypoints": 9}}
{"target": -1222.761253329583, "params": {"k_pid_pos": [0.5569095577395656, 0.0, 0.16287230880406556], "k_pid_alt": [1.470473635174011, 0.0, 1.0], "k_pid_att": [39.589695474535574, 3.974831117466205, 0.2106885739403105], "k_pid_yaw": [0.5, 1e-06, 0.1], "k_pid_hsp": [0.0001, 0.0, 0.0], "k_pid_vsp": [181.9807044846928, 1e-06, 1e-06]}, "datetime": {"datetime": "2025-08-13 11:44:36", "elapsed": 7004.885605573654, "delta": 52.271674156188965}, "costs": {"total_cost": 1222.761253329583, "time_cost": 150, "final_distance_cost": 45.44689954997726, "oscillation_cost": 0.08308680448038445, "completition_cost": 888.8888888888888, "overshoot_cost": 75.24740233308374, "power_cost": 28.42114500732422, "noise_cost": 34.67383074582869, "n_waypoints_completed": 1, "tot_waypoints": 9}}
{"target": -1388.7791216631522, "params": {"k_pid_pos": [0.8689053724856359, 0.0621569540591724, 0.2112856007394738], "k_pid_alt": [1.2494251946490835, 0.3760427452882879, 0.9419080818245046], "k_pid_att": [36.21964070081293, 2.8874524549185687, 0.2920304705634206], "k_pid_yaw": [0.5, 1e-06, 0.1], "k_pid_hsp": [0.25276250830997854, 0.0, 0.35834897457337367], "k_pid_vsp": [189.08723820098086, 0.9204242408705872, 31.379448150655318]}, "datetime": {"datetime": "2025-08-13 11:45:29", "elapsed": 7057.034204721451, "delta": 52.14859914779663}, "costs": {"total_cost": 1388.7791216631522, "time_cost": 150, "final_distance_cost": 44.116963130153586, "oscillation_cost": 605.9983751283512, "completition_cost": 444.4444444444444, "overshoot_cost": 77.49419782931807, "power_cost": 37.23812650146485, "noise_cost": 29.48701462941997, "n_waypoints_completed": 5, "tot_waypoints": 9}}
{"target": -221.30898274413124, "params": {"k_pid_pos": [0.52837162577145, 0.09668323317386499, 0.17850497574409815], "k_pid_alt": [2.0, 0.0, 1.0], "k_pid_att": [49.97357044457248, 4.0586346960533195, 0.4064319447316633], "k_pid_yaw": [0.5, 1e-06, 0.1], "k_pid_hsp": [1.1905968856992555, 0.0, 0.0], "k_pid_vsp": [208.32619432485524, 1e-06, 20.673406663178383]}, "datetime": {"datetime": "2025-08-13 11:46:05", "elapsed": 7093.598646402359, "delta": 36.5644416809082}, "costs": {"total_cost": 221.30898274413124, "time_cost": 85.568, "final_distance_cost": 1.8520483484085384, "oscillation_cost": 26.327923022975526, "completition_cost": 0.0, "overshoot_cost": 54.09425809177911, "power_cost": 26.353819775390626, "noise_cost": 27.11293350557746, "n_waypoints_completed": 9, "tot_waypoints": 9}}
{"target": -545.5073041949489, "params": {"k_pid_pos": [0.6246712246893333, 0.753315644530787, 0.6116658067481018], "k_pid_alt": [1.4775678081966097, 0.021899878304625295, 0.3343107920965552], "k_pid_att": [42.95483171694363, 2.850704165426628, 0.47046078499555744], "k_pid_yaw": [0.5, 1e-06, 0.1], "k_pid_hsp": [0.3507172008902063, 0.05047754430897048, 0.0903150676283756], "k_pid_vsp": [191.80673134777555, 1e-06, 0.8047452103101591]}, "datetime": {"datetime": "2025-08-13 11:46:53", "elapsed": 7141.273936510086, "delta": 47.67529010772705}, "costs": {"total_cost": 545.5073041949489, "time_cost": 110.054, "final_distance_cost": 1.7942402098452934, "oscillation_cost": 297.0456043881485, "completition_cost": 0.0, "overshoot_cost": 76.24279556615565, "power_cost": 28.27184118652344, "noise_cost": 32.09882284427599, "n_waypoints_completed": 9, "tot_waypoints": 9}}
{"target": -219.23222453099896, "params": {"k_pid_pos": [2.0, 0.5303614336048458, 0.18550563999192088], "k_pid_alt": [1.414132199714449, 0.0, 1.0], "k_pid_att": [45.99505964139973, 3.3745830593328505, 0.32255883399603863], "k_pid_yaw": [0.5, 1e-06, 0.1], "k_pid_hsp": [1.2899146573840907, 0.0, 0.0], "k_pid_vsp": [203.24873459813935, 12.270228525751742, 1e-06]}, "datetime": {"datetime": "2025-08-13 11:47:29", "elapsed": 7177.008814573288, "delta": 35.734878063201904}, "costs": {"total_cost": 219.23222453099896, "time_cost": 82.656, "final_distance_cost": 1.742759167609014, "oscillation_cost": 39.71107318224728, "completition_cost": 0.0, "overshoot_cost": 53.46378324613205, "power_cost": 17.738923962402346, "noise_cost": 23.919684972608252, "n_waypoints_completed": 9, "tot_waypoints": 9}}
{"target": -247.1924631795989, "params": {"k_pid_pos": [0.5134448640613954, 0.0, 0.6097947347312674], "k_pid_alt": [1.209863029153017, 0.0, 1.0], "k_pid_att": [46.725581967174875, 3.888641350124448, 0.36181063889220766], "k_pid_yaw": [0.5, 1e-06, 0.1], "k_pid_hsp": [0.8804633748281948, 1.8697599145231503e-05, 0.0], "k_pid_vsp": [271.66634486036946, 11.025547830080288, 1e-06]}, "datetime": {"datetime": "2025-08-13 11:48:13", "elapsed": 7221.963719367981, "delta": 44.95490479469299}, "costs": {"total_cost": 247.1924631795989, "time_cost": 104.384, "final_distance_cost": 1.8612661755807538, "oscillation_cost": 23.27643881345928, "completition_cost": 0.0, "overshoot_cost": 56.022424661413005, "power_cost": 26.184643115234376, "noise_cost": 35.463690413911515, "n_waypoints_completed": 9, "tot_waypoints": 9}}
{"target": -1249.3999667600217, "params": {"k_pid_pos": [0.9301560795556799, 0.028671991452507345, 0.14603516079318105], "k_pid_alt": [2.0, 0.0, 0.9973569262195903], "k_pid_att": [45.44192707495287, 4.27575846607379, 0.21012378396859122], "k_pid_yaw": [0.5, 1e-06, 0.1], "k_pid_hsp": [0.0001, 0.0, 0.0], "k_pid_vsp": [162.5411991936365, 1e-06, 9.651254048302263]}, "datetime": {"datetime": "2025-08-13 11:49:06", "elapsed": 7274.737573623657, "delta": 52.77385425567627}, "costs": {"total_cost": 1249.3999667600217, "time_cost": 150, "final_distance_cost": 47.50827618326496, "oscillation_cost": 0.9170810780737488, "completition_cost": 888.8888888888888, "overshoot_cost": 101.73730338655838, "power_cost": 31.358456152343752, "noise_cost": 28.989961070892097, "n_waypoints_completed": 1, "tot_waypoints": 9}}
{"target": -188.80850759584126, "params": {"k_pid_pos": [0.598802007438715, 0.03388127586385739, 0.0], "k_pid_alt": [1.647624617926363, 0.0, 0.9869898786487318], "k_pid_att": [22.363587471871433, 3.4461016597720207, 0.2673774427050245], "k_pid_yaw": [0.5, 1e-06, 0.1], "k_pid_hsp": [0.1624901318314721, 0.0, 0.0], "k_pid_vsp": [150.1080099881117, 2.4464238349173506, 1e-06]}, "datetime": {"datetime": "2025-08-13 11:49:39", "elapsed": 7307.468007564545, "delta": 32.73043394088745}, "costs": {"total_cost": 188.80850759584126, "time_cost": 74.921, "final_distance_cost": 1.8383640376188075, "oscillation_cost": 24.406757637376366, "completition_cost": 0.0, "overshoot_cost": 51.669799184380146, "power_cost": 13.761250170898439, "noise_cost": 22.21133656556751, "n_waypoints_completed": 9, "tot_waypoints": 9}}
{"target": -242.36436865122474, "params": {"k_pid_pos": [0.34386429771975646, 0.0, 0.17767256854341282], "k_pid_alt": [1.4667764795290583, 0.0, 1.0], "k_pid_att": [72.99378316195599, 3.758247181781282, 0.5138184353316178], "k_pid_yaw": [0.5, 1e-06, 0.1], "k_pid_hsp": [0.8341793211686475, 0.0, 0.0], "k_pid_vsp": [178.79800214599277, 1e-06, 1e-06]}, "datetime": {"datetime": "2025-08-13 11:50:27", "elapsed": 7355.035535573959, "delta": 47.56752800941467}, "costs": {"total_cost": 242.36436865122474, "time_cost": 107.905, "final_distance_cost": 1.8591531501870013, "oscillation_cost": 22.58978275509135, "completition_cost": 0.0, "overshoot_cost": 56.95978455980463, "power_cost": 18.333657446289063, "noise_cost": 34.71699073985269, "n_waypoints_completed": 9, "tot_waypoints": 9}}
{"target": -208.17180788305322, "params": {"k_pid_pos": [1.3357908284852598, 0.1806453777766487, 0.20604305569305648], "k_pid_alt": [1.6620547706970439, 0.04530578074602619, 1.0], "k_pid_att": [42.02127237350071, 2.8702304381090613, 0.1663100514846277], "k_pid_yaw": [0.5, 1e-06, 0.1], "k_pid_hsp": [1.967047088182391, 0.08638052612169164, 0.0], "k_pid_vsp": [219.00418739191468, 1e-06, 14.302372886548127]}, "datetime": {"datetime": "2025-08-13 11:50:59", "elapsed": 7387.610425710678, "delta": 32.57489013671875}, "costs": {"total_cost": 208.17180788305322, "time_cost": 73.402, "final_distance_cost": 1.7963330934796329, "oscillation_cost": 39.719758041919704, "completition_cost": 0.0, "overshoot_cost": 52.02459557414382, "power_cost": 20.68017147216797, "noise_cost": 20.548949701342092, "n_waypoints_completed": 9, "tot_waypoints": 9}}
{"target": -229.42439638693392, "params": {"k_pid_pos": [0.7439704410898701, 0.0, 0.17200066047565238], "k_pid_alt": [1.3210291056824248, 0.0, 0.9712297374191299], "k_pid_att": [54.29125097289615, 3.7594857973588653, 0.293140044748995], "k_pid_yaw": [0.5, 1e-06, 0.1], "k_pid_hsp": [0.034839994963326654, 0.0, 0.0], "k_pid_vsp": [190.2311772482771, 1e-06, 3.9190837972689647]}, "datetime": {"datetime": "2025-08-13 11:51:42", "elapsed": 7430.2371644973755, "delta": 42.62673878669739}, "costs": {"total_cost": 229.42439638693392, "time_cost": 99.176, "final_distance_cost": 1.7591511306023904, "oscillation_cost": 14.152719841406883, "completition_cost": 0.0, "overshoot_cost": 61.945371822189784, "power_cost": 22.051319873046875, "noise_cost": 30.339833719687995, "n_waypoints_completed": 9, "tot_waypoints": 9}}
{"target": -1289.2991470533489, "params": {"k_pid_pos": [0.04522716550814676, 0.0, 0.17792700105222528], "k_pid_alt": [1.6828537969173543, 0.0, 1.0], "k_pid_att": [14.525095235924788, 4.073796865911258, 0.23014619349013032], "k_pid_yaw": [0.5, 1e-06, 0.1], "k_pid_hsp": [0.0001, 0.0, 0.0], "k_pid_vsp": [104.44609587441022, 5.205462847057749, 1.7324869977564923]}, "datetime": {"datetime": "2025-08-13 11:52:34", "elapsed": 7482.128461837769, "delta": 51.891297340393066}, "costs": {"total_cost": 1289.2991470533489, "time_cost": 150, "final_distance_cost": 45.76673237722685, "oscillation_cost": 0.03376344702327066, "completition_cost": 1000.0, "overshoot_cost": 33.920686543867525, "power_cost": 25.41036015625, "noise_cost": 34.16760452898154, "n_waypoints_completed": 0, "tot_waypoints": 9}}
{"target": -1220.0584577495272, "params": {"k_pid_pos": [0.44712228459884173, 0.15009177514032607, 0.1245418411500178], "k_pid_alt": [1.482868847497657, 0.0, 1.0], "k_pid_att": [50.22938923940589, 3.4664481857497718, 0.2319202460045077], "k_pid_yaw": [0.5, 1e-06, 0.1], "k_pid_hsp": [0.0001, 0.0, 0.0], "k_pid_vsp": [330.202393969961, 31.87360473295991, 1e-06]}, "datetime": {"datetime": "2025-08-13 11:53:28", "elapsed": 7536.436939001083, "delta": 54.30847716331482}, "costs": {"total_cost": 1220.0584577495272, "time_cost": 150, "final_distance_cost": 46.235032519294364, "oscillation_cost": 2.5914073226781893, "completition_cost": 888.8888888888888, "overshoot_cost": 87.36820538334052, "power_cost": 14.228864770507814, "noise_cost": 30.746058864817414, "n_waypoints_completed": 1, "tot_waypoints": 9}}
{"target": -1358.7300394312892, "params": {"k_pid_pos": [0.6125258271843441, 0.07825938697366025, 0.13816834587426594], "k_pid_alt": [1.1026861261719156, 0.019107956163153958, 1.0], "k_pid_att": [28.905226701824883, 5.276432569872264, 0.2689423277463794], "k_pid_yaw": [0.5, 1e-06, 0.1], "k_pid_hsp": [0.7254756259310575, 0.03167388168517826, 0.5478956500676528], "k_pid_vsp": [310.5253591112723, 1e-06, 124.20442238604345]}, "datetime": {"datetime": "2025-08-13 11:54:22", "elapsed": 7590.340820789337, "delta": 53.903881788253784}, "costs": {"total_cost": 1358.7300394312892, "time_cost": 150, "final_distance_cost": 74.36544095325196, "oscillation_cost": 665.7185885078195, "completition_cost": 333.33333333333337, "overshoot_cost": 59.702248272062896, "power_cost": 43.50435997314453, "noise_cost": 32.10606839167707, "n_waypoints_completed": 6, "tot_waypoints": 9}}
{"target": -1283.9835697835122, "params": {"k_pid_pos": [0.0001, 0.0, 0.148871482146599], "k_pid_alt": [1.2672798526799056, 0.0, 1.0], "k_pid_att": [39.64909864455225, 4.360532911157836, 0.3182856335812689], "k_pid_yaw": [0.5, 1e-06, 0.1], "k_pid_hsp": [0.021947101060410944, 0.08749723608078216, 0.0], "k_pid_vsp": [192.43753234243835, 1e-06, 1e-06]}, "datetime": {"datetime": "2025-08-13 11:55:17", "elapsed": 7645.6969475746155, "delta": 55.35612678527832}, "costs": {"total_cost": 1283.9835697835122, "time_cost": 150, "final_distance_cost": 45.926718548166626, "oscillation_cost": 0.2822992014701551, "completition_cost": 1000.0, "overshoot_cost": 35.53151418097686, "power_cost": 19.594977685546876, "noise_cost": 32.648060167351495, "n_waypoints_completed": 0, "tot_waypoints": 9}}
{"target": -1489.9334735970085, "params": {"k_pid_pos": [0.5156219295202036, 0.0, 0.2555375517804501], "k_pid_alt": [1.494562396168949, 0.20139061620047977, 0.9512311379917002], "k_pid_att": [48.63378148973335, 3.793876559111407, 0.23232371185583917], "k_pid_yaw": [0.5, 1e-06, 0.1], "k_pid_hsp": [0.8333373033533205, 0.0, 0.2891454349808926], "k_pid_vsp": [192.9641767166359, 1e-06, 4.961717043744446]}, "datetime": {"datetime": "2025-08-13 11:56:11", "elapsed": 7699.397287368774, "delta": 53.700339794158936}, "costs": {"total_cost": 1489.9334735970085, "time_cost": 150, "final_distance_cost": 76.37880720034086, "oscillation_cost": 815.6254689765867, "completition_cost": 333.33333333333337, "overshoot_cost": 55.44869944011908, "power_cost": 29.830169958496096, "noise_cost": 29.316994688132628, "n_waypoints_completed": 6, "tot_waypoints": 9}}
{"target": -1397.603728480046, "params": {"k_pid_pos": [0.7639460892606822, 0.0, 0.20148665393490472], "k_pid_alt": [1.515850926419938, 0.0, 0.9527520773413511], "k_pid_att": [34.92989731378463, 3.3123712988937557, 0.19023323065727948], "k_pid_yaw": [0.5, 1e-06, 0.1], "k_pid_hsp": [0.0001, 0.0002759171066130314, 0.0], "k_pid_vsp": [192.51955404213, 1e-06, 6.844729826402969]}, "datetime": {"datetime": "2025-08-13 11:57:04", "elapsed": 7752.667358636856, "delta": 53.270071268081665}, "costs": {"total_cost": 1397.603728480046, "time_cost": 150, "final_distance_cost": 47.627623712407136, "oscillation_cost": 0.18860053121948053, "completition_cost": 888.8888888888888, "overshoot_cost": 152.70437925599333, "power_cost": 50.987362109375, "noise_cost": 107.20687398216229, "n_waypoints_completed": 1, "tot_waypoints": 9}}
{"target": -248.26996503875813, "params": {"k_pid_pos": [0.954661836173009, 0.0, 0.1750170741728427], "k_pid_alt": [1.4314688748484825, 0.023425494871644467, 1.0], "k_pid_att": [39.723211113434346, 3.7924293507820512, 0.6802639395811416], "k_pid_yaw": [0.5, 1e-06, 0.1], "k_pid_hsp": [0.13947057318313325, 0.2915321111715496, 0.0], "k_pid_vsp": [191.8508170168941, 42.73916043769053, 26.187671950332152]}, "datetime": {"datetime": "2025-08-13 11:57:38", "elapsed": 7786.912661314011, "delta": 34.24530267715454}, "costs": {"total_cost": 248.26996503875813, "time_cost": 77.721, "final_distance_cost": 1.8486636341423057, "oscillation_cost": 76.43778318589288, "completition_cost": 0.0, "overshoot_cost": 51.40464664458155, "power_cost": 20.88148094482422, "noise_cost": 19.976390629317166, "n_waypoints_completed": 9, "tot_waypoints": 9}}
{"target": -1249.0069392439134, "params": {"k_pid_pos": [0.7704853615869673, 0.17629669760571726, 0.17080771864880057], "k_pid_alt": [1.3027171863357583, 0.008912790209883503, 0.706493687663546], "k_pid_att": [30.990244437823954, 4.601152277860958, 0.43890801239024607], "k_pid_yaw": [0.5, 1e-06, 0.1], "k_pid_hsp": [0.0001, 0.0, 0.0], "k_pid_vsp": [199.62964815571428, 4.686402456268885, 4.217072272310292]}, "datetime": {"datetime": "2025-08-13 11:58:32", "elapsed": 7840.00625371933, "delta": 53.093592405319214}, "costs": {"total_cost": 1249.0069392439134, "time_cost": 150, "final_distance_cost": 48.14536102591485, "oscillation_cost": 0.024000005872220214, "completition_cost": 888.8888888888888, "overshoot_cost": 102.92553529500167, "power_cost": 24.86779443359375, "noise_cost": 34.155359594642356, "n_waypoints_completed": 1, "tot_waypoints": 9}}
