{"target": -13821.51585046375, "params": {"k_pid_pos": [0.53668706658332, 0.03698801290918319, 0.1956347985916391], "k_pid_alt": [1.168379832258048, 0.08498087262343051, 1.0], "k_pid_att": [0.0, 5.71275914572306, 0.22035900062509925], "k_pid_yaw": [0.5, 1e-06, 0.1], "k_pid_hsp": [1.8931488188115146, 0.4595450668610242, 0.8279434790513345], "k_pid_vsp": [236.98428846393597, 400.0, 131.0168427284276]}, "datetime": {"datetime": "2025-08-13 12:30:23", "elapsed": 9751.721816062927, "delta": 30.434108018875122}, "costs": {"total_cost": 13821.51585046375, "time_cost": 150, "final_distance_cost": 2136.2053538068203, "oscillation_cost": 2079.3880767729534, "completition_cost": 1000.0, "overshoot_cost": 8259.498963324088, "power_cost": 58.288309008789064, "noise_cost": 138.1351475510986, "n_waypoints_completed": 0, "tot_waypoints": 9}}
{"target": -192.41055089371565, "params": {"k_pid_pos": [1.4987829445824548, 0.0, 0.0], "k_pid_alt": [1.830335212449906, 0.0, 1.0], "k_pid_att": [23.41361066309601, 1.4636607775089734, 0.23452308197255906], "k_pid_yaw": [0.5, 1e-06, 0.1], "k_pid_hsp": [0.24426080843531942, 0.08349852240394204, 0.0], "k_pid_vsp": [173.97389310652673, 3.0150029414758324, 1e-06]}, "datetime": {"datetime": "2025-08-13 12:30:41", "elapsed": 9769.857168912888, "delta": 18.135352849960327}, "costs": {"total_cost": 192.41055089371565, "time_cost": 70.917, "final_distance_cost": 1.7990909571233913, "oscillation_cost": 39.08068964923927, "completition_cost": 0.0, "overshoot_cost": 50.852108922785774, "power_cost": 10.409409448242188, "noise_cost": 19.352251916325002, "n_waypoints_completed": 9, "tot_waypoints": 9}}
{"target": -419.77688048932254, "params": {"k_pid_pos": [0.5263489750851151, 0.0, 0.0], "k_pid_alt": [1.5994653801702365, 0.16484214695884025, 0.9709890356190118], "k_pid_att": [23.76279120331555, 3.465207886760904, 0.2702211373121007], "k_pid_yaw": [0.5, 1e-06, 0.1], "k_pid_hsp": [1.043632321821116, 0.0, 0.0], "k_pid_vsp": [183.47615606779385, 1e-06, 71.32018734418546]}, "datetime": {"datetime": "2025-08-13 12:31:10", "elapsed": 9798.536401748657, "delta": 28.679232835769653}, "costs": {"total_cost": 419.77688048932254, "time_cost": 150, "final_distance_cost": 5.873774300977616, "oscillation_cost": 27.54823418104322, "completition_cost": 111.11111111111116, "overshoot_cost": 66.27702969370984, "power_cost": 30.53017459716797, "noise_cost": 28.436556605312713, "n_waypoints_completed": 8, "tot_waypoints": 9}}
{"target": -1216.1259702529353, "params": {"k_pid_pos": [0.12391883454261575, 0.26608282243919923, 0.11024503694036936], "k_pid_alt": [1.5276279593670639, 0.0, 0.9597363516534814], "k_pid_att": [29.83485841218405, 3.432507419258715, 0.19815738639233316], "k_pid_yaw": [0.5, 1e-06, 0.1], "k_pid_hsp": [0.0001, 0.0, 0.0], "k_pid_vsp": [157.21392717193328, 1e-06, 4.363022838672419]}, "datetime": {"datetime": "2025-08-13 12:31:39", "elapsed": 9827.898812055588, "delta": 29.362410306930542}, "costs": {"total_cost": 1216.1259702529353, "time_cost": 150, "final_distance_cost": 45.523195086347336, "oscillation_cost": 0.01955489601167336, "completition_cost": 888.8888888888888, "overshoot_cost": 74.1296225719052, "power_cost": 23.74488260498047, "noise_cost": 33.81982620480197, "n_waypoints_completed": 1, "tot_waypoints": 9}}
{"target": -248.77052240099616, "params": {"k_pid_pos": [0.2723396724386246, 0.10598890959224483, 0.0], "k_pid_alt": [1.513145099786867, 0.016481620398421253, 0.9891117847570818], "k_pid_att": [25.707044267538702, 4.095641350480414, 0.0], "k_pid_yaw": [0.5, 1e-06, 0.1], "k_pid_hsp": [0.3075523525366731, 0.14615450094302773, 0.0], "k_pid_vsp": [114.01231964824143, 1e-06, 1e-06]}, "datetime": {"datetime": "2025-08-13 12:32:04", "elapsed": 9852.940469741821, "delta": 25.04165768623352}, "costs": {"total_cost": 248.77052240099616, "time_cost": 102.018, "final_distance_cost": 1.8473663002176466, "oscillation_cost": 35.14431741050887, "completition_cost": 0.0, "overshoot_cost": 54.850937240990916, "power_cost": 21.66724256591797, "noise_cost": 33.24265888336078, "n_waypoints_completed": 9, "tot_waypoints": 9}}
{"target": -285.0970615965073, "params": {"k_pid_pos": [1.3063920558717563, 0.14778554538435984, 0.0], "k_pid_alt": [1.2882501119140126, 0.6811457593895027, 0.9194319289456048], "k_pid_att": [43.6908940141297, 5.331615720576404, 0.4859586875761905], "k_pid_yaw": [0.5, 1e-06, 0.1], "k_pid_hsp": [0.79056864786387, 0.05946881761639611, 0.0], "k_pid_vsp": [162.96631799433862, 57.46025155475718, 49.54068329781008]}, "datetime": {"datetime": "2025-08-13 12:32:30", "elapsed": 9878.724286556244, "delta": 25.783816814422607}, "costs": {"total_cost": 285.0970615965073, "time_cost": 106.44200000000001, "final_distance_cost": 1.779967035112805, "oscillation_cost": 39.247065087437484, "completition_cost": 0.0, "overshoot_cost": 65.9874409396258, "power_cost": 38.18755178222656, "noise_cost": 33.453036752104595, "n_waypoints_completed": 9, "tot_waypoints": 9}}
{"target": -1211.7388033446678, "params": {"k_pid_pos": [0.5222622659468447, 0.0, 0.0], "k_pid_alt": [1.4393303860081486, 0.0, 0.9899488865772649], "k_pid_att": [19.964537496450227, 3.7303889803435593, 0.26903214086485405], "k_pid_yaw": [0.5, 1e-06, 0.1], "k_pid_hsp": [0.0001, 0.0, 0.0], "k_pid_vsp": [147.4117029924724, 5.326199926520143, 1e-06]}, "datetime": {"datetime": "2025-08-13 12:32:59", "elapsed": 9907.446774721146, "delta": 28.722488164901733}, "costs": {"total_cost": 1211.7388033446678, "time_cost": 150, "final_distance_cost": 45.39145853662662, "oscillation_cost": 0.013751669550052558, "completition_cost": 888.8888888888888, "overshoot_cost": 70.87608358095335, "power_cost": 22.92594169921875, "noise_cost": 33.642678969429994, "n_waypoints_completed": 1, "tot_waypoints": 9}}
{"target": -1253.040725185144, "params": {"k_pid_pos": [1.0054642452355542, 0.07537186076377174, 0.0], "k_pid_alt": [1.8147886500999035, 0.0, 0.7801367346481921], "k_pid_att": [26.222260524742083, 3.792512840276647, 0.3022965569807069], "k_pid_yaw": [0.5, 1e-06, 0.1], "k_pid_hsp": [0.0001, 0.0, 0.0], "k_pid_vsp": [221.12888146506566, 24.0567365942733, 1e-06]}, "datetime": {"datetime": "2025-08-13 12:33:29", "elapsed": 9937.607313156128, "delta": 30.1605384349823}, "costs": {"total_cost": 1253.040725185144, "time_cost": 150, "final_distance_cost": 48.200956732493474, "oscillation_cost": 0.059615939733231114, "completition_cost": 888.8888888888888, "overshoot_cost": 104.2234040512607, "power_cost": 27.181803051757814, "noise_cost": 34.48605652100986, "n_waypoints_completed": 1, "tot_waypoints": 9}}
{"target": -229.13373492247166, "params": {"k_pid_pos": [0.2561022890312764, 0.06171363028692417, 0.0], "k_pid_alt": [1.043259161620515, 0.0, 0.989284972382523], "k_pid_att": [9.173065863912981, 3.1161910595287337, 0.1581111371563736], "k_pid_yaw": [0.5, 1e-06, 0.1], "k_pid_hsp": [0.14359554653058815, 0.0, 0.0], "k_pid_vsp": [152.4360838725354, 1e-06, 1e-06]}, "datetime": {"datetime": "2025-08-13 12:33:54", "elapsed": 9962.512722969055, "delta": 24.905409812927246}, "costs": {"total_cost": 229.13373492247166, "time_cost": 102.242, "final_distance_cost": 1.849720447480863, "oscillation_cost": 16.380423298133532, "completition_cost": 0.0, "overshoot_cost": 56.02051428549284, "power_cost": 20.993787817382813, "noise_cost": 31.64728907398164, "n_waypoints_completed": 9, "tot_waypoints": 9}}
{"target": -229.13779474862602, "params": {"k_pid_pos": [1.03604268834902, 0.32351839119362846, 0.0], "k_pid_alt": [1.0677691226758108, 0.441962983466827, 0.9494855611949616], "k_pid_att": [37.43319659073631, 6.993798081553632, 0.15989664005283166], "k_pid_yaw": [0.5, 1e-06, 0.1], "k_pid_hsp": [2.4127582007856034, 0.0, 0.0], "k_pid_vsp": [231.82550110241715, 1e-06, 16.18356039193952]}, "datetime": {"datetime": "2025-08-13 12:34:15", "elapsed": 9983.409768819809, "delta": 20.897045850753784}, "costs": {"total_cost": 229.13779474862602, "time_cost": 86.464, "final_distance_cost": 1.7961504742148413, "oscillation_cost": 46.07471378147171, "completition_cost": 0.0, "overshoot_cost": 52.93951310784045, "power_cost": 21.50345791015625, "noise_cost": 20.359959474942794, "n_waypoints_completed": 9, "tot_waypoints": 9}}
{"target": -188.71208620835898, "params": {"k_pid_pos": [0.8561448417910664, 0.0, 0.0], "k_pid_alt": [1.6845320019953753, 0.0, 1.0], "k_pid_att": [25.183833405947855, 3.022867643513088, 0.27519240769301784], "k_pid_yaw": [0.5, 1e-06, 0.1], "k_pid_hsp": [0.4118125540720303, 0.07800846669223026, 0.0], "k_pid_vsp": [125.30037988988707, 1e-06, 1e-06]}, "datetime": {"datetime": "2025-08-13 12:34:33", "elapsed": 10001.718427419662, "delta": 18.308658599853516}, "costs": {"total_cost": 188.71208620835898, "time_cost": 72.758, "final_distance_cost": 1.855967493363474, "oscillation_cost": 31.334335762184836, "completition_cost": 0.0, "overshoot_cost": 50.953951992624496, "power_cost": 11.1653568359375, "noise_cost": 20.64447412424867, "n_waypoints_completed": 9, "tot_waypoints": 9}}
{"target": -185.6820956267013, "params": {"k_pid_pos": [0.5378893393791268, 0.08438372806396423, 0.0], "k_pid_alt": [1.5494185135376326, 0.0, 0.9748377881161707], "k_pid_att": [30.907600037847388, 3.792557305982415, 0.2461207091636605], "k_pid_yaw": [0.5, 1e-06, 0.1], "k_pid_hsp": [0.15366404767277436, 0.002308369938550725, 0.0], "k_pid_vsp": [188.4390463821157, 1.9069448398747841, 2.7537112002041084]}, "datetime": {"datetime": "2025-08-13 12:34:52", "elapsed": 10020.56707072258, "delta": 18.84864330291748}, "costs": {"total_cost": 185.6820956267013, "time_cost": 77.147, "final_distance_cost": 1.8198817179057625, "oscillation_cost": 23.32923393504795, "completition_cost": 0.0, "overshoot_cost": 52.561686479525456, "power_cost": 9.796619506835938, "noise_cost": 21.027673987386198, "n_waypoints_completed": 9, "tot_waypoints": 9}}
{"target": -1223.9337419941169, "params": {"k_pid_pos": [0.5611969372881658, 0.0, 0.0], "k_pid_alt": [1.5998278585714492, 0.016223472979941617, 1.0], "k_pid_att": [23.145648546434757, 4.498541952161356, 0.16052501040048706], "k_pid_yaw": [0.5, 1e-06, 0.1], "k_pid_hsp": [0.0001, 0.0, 0.0], "k_pid_vsp": [137.95079959559263, 1e-06, 1e-06]}, "datetime": {"datetime": "2025-08-13 12:35:21", "elapsed": 10049.774958133698, "delta": 29.207887411117554}, "costs": {"total_cost": 1223.9337419941169, "time_cost": 150, "final_distance_cost": 45.62532226092913, "oscillation_cost": 0.06136472404482236, "completition_cost": 888.8888888888888, "overshoot_cost": 76.32601010456116, "power_cost": 28.204847143554687, "noise_cost": 34.82730887213827, "n_waypoints_completed": 1, "tot_waypoints": 9}}
{"target": -201.07400541901563, "params": {"k_pid_pos": [0.5492506697852483, 0.035755738650802886, 0.0], "k_pid_alt": [1.5496666594964243, 0.0, 0.967447867866729], "k_pid_att": [32.047518929261706, 3.805292457211501, 0.2329775265349748], "k_pid_yaw": [0.5, 1e-06, 0.1], "k_pid_hsp": [0.08390842187449245, 0.0, 0.0], "k_pid_vsp": [137.18790058060395, 11.101757405273656, 1e-06]}, "datetime": {"datetime": "2025-08-13 12:35:41", "elapsed": 10069.421599388123, "delta": 19.64664125442505}, "costs": {"total_cost": 201.07400541901563, "time_cost": 80.521, "final_distance_cost": 1.8050198319070672, "oscillation_cost": 19.868109807144798, "completition_cost": 0.0, "overshoot_cost": 53.486447138432396, "power_cost": 20.411590356445313, "noise_cost": 24.981838285086056, "n_waypoints_completed": 9, "tot_waypoints": 9}}
{"target": -214.33129934722263, "params": {"k_pid_pos": [1.4968669129995593, 0.49048822045794077, 0.23414363730147827], "k_pid_alt": [1.3737200905802778, 0.011690907257422237, 0.8346172699921058], "k_pid_att": [22.29730448336351, 3.0684519368678287, 0.17595576628778903], "k_pid_yaw": [0.5, 1e-06, 0.1], "k_pid_hsp": [0.11227034129601543, 0.0, 0.0], "k_pid_vsp": [221.16677844644832, 46.279062233379236, 9.566491192733766]}, "datetime": {"datetime": "2025-08-13 12:36:01", "elapsed": 10089.338806152344, "delta": 19.91720676422119}, "costs": {"total_cost": 214.33129934722263, "time_cost": 81.277, "final_distance_cost": 1.7447542547325372, "oscillation_cost": 33.016942227856056, "completition_cost": 0.0, "overshoot_cost": 53.80927339645082, "power_cost": 22.207060290527345, "noise_cost": 22.27626917765589, "n_waypoints_completed": 9, "tot_waypoints": 9}}
{"target": -197.7919198499761, "params": {"k_pid_pos": [0.5832105863143374, 0.0, 0.0], "k_pid_alt": [1.5260425965460396, 0.0, 0.9703640754255327], "k_pid_att": [23.975720939581908, 3.5702675577846947, 0.38305701925403335], "k_pid_yaw": [0.5, 1e-06, 0.1], "k_pid_hsp": [0.17885966134119685, 0.0, 0.0], "k_pid_vsp": [243.7878139007483, 9.938513003538812, 0.03541519468777107]}, "datetime": {"datetime": "2025-08-13 12:36:20", "elapsed": 10108.976499557495, "delta": 19.637693405151367}, "costs": {"total_cost": 197.7919198499761, "time_cost": 76.748, "final_distance_cost": 1.8495472718042116, "oscillation_cost": 24.748827337609438, "completition_cost": 0.0, "overshoot_cost": 52.0670906555284, "power_cost": 18.663854431152345, "noise_cost": 23.71460015388169, "n_waypoints_completed": 9, "tot_waypoints": 9}}
{"target": -191.99375788005122, "params": {"k_pid_pos": [0.48663482506340117, 0.027757642136992687, 0.0], "k_pid_alt": [1.3749748522513603, 0.0, 0.9523652121666983], "k_pid_att": [30.425943027905404, 2.4057238151144427, 0.31010739857450015], "k_pid_yaw": [0.5, 1e-06, 0.1], "k_pid_hsp": [0.1610793581230807, 0.0, 0.0], "k_pid_vsp": [168.76056793890535, 1e-06, 1e-06]}, "datetime": {"datetime": "2025-08-13 12:36:42", "elapsed": 10130.939588308334, "delta": 21.963088750839233}, "costs": {"total_cost": 191.99375788005122, "time_cost": 79.128, "final_distance_cost": 1.8412038938299546, "oscillation_cost": 22.58507950233754, "completition_cost": 0.0, "overshoot_cost": 52.51384087623342, "power_cost": 12.857943200683595, "noise_cost": 23.067690406966722, "n_waypoints_completed": 9, "tot_waypoints": 9}}
{"target": -232.5810433252842, "params": {"k_pid_pos": [0.4532774040515576, 0.16218598176280244, 0.0], "k_pid_alt": [2.0, 0.0, 0.9627181879248438], "k_pid_att": [42.659253419615325, 3.551800410650111, 0.27563028194845124], "k_pid_yaw": [0.5, 1e-06, 0.1], "k_pid_hsp": [0.07479628784151289, 0.0, 0.0], "k_pid_vsp": [219.40721710853597, 9.97487808362945, 1e-06]}, "datetime": {"datetime": "2025-08-13 12:37:04", "elapsed": 10152.953573226929, "delta": 22.01398491859436}, "costs": {"total_cost": 232.5810433252842, "time_cost": 93.149, "final_distance_cost": 1.7848455898081657, "oscillation_cost": 19.46231823238081, "completition_cost": 0.0, "overshoot_cost": 55.9334237539021, "power_cost": 31.91054881591797, "noise_cost": 30.340906933275154, "n_waypoints_completed": 9, "tot_waypoints": 9}}
{"target": -221.02955338338944, "params": {"k_pid_pos": [0.26854677868858856, 0.1087907765750803, 0.0], "k_pid_alt": [1.5453476476462724, 0.0, 1.0], "k_pid_att": [28.120146170074655, 3.969181139485679, 0.2361950836854792], "k_pid_yaw": [0.5, 1e-06, 0.1], "k_pid_hsp": [0.23430945289009958, 0.0032870373797473013, 0.0], "k_pid_vsp": [247.03189977029237, 7.670322982897543, 0.2909444443502096]}, "datetime": {"datetime": "2025-08-13 12:37:27", "elapsed": 10175.974401712418, "delta": 23.02082848548889}, "costs": {"total_cost": 221.02955338338944, "time_cost": 97.559, "final_distance_cost": 1.8344383475149546, "oscillation_cost": 19.296011112533968, "completition_cost": 0.0, "overshoot_cost": 54.785690103485734, "power_cost": 18.17083194580078, "noise_cost": 29.383581874053988, "n_waypoints_completed": 9, "tot_waypoints": 9}}
{"target": -202.86904272464534, "params": {"k_pid_pos": [0.7374356568892736, 0.47707886253493537, 0.0], "k_pid_alt": [1.5060267214955099, 0.0, 0.9109929265422132], "k_pid_att": [29.468184253305168, 3.509314940165261, 0.3628977588668362], "k_pid_yaw": [0.5, 1e-06, 0.1], "k_pid_hsp": [1.4326256866803369, 0.0, 0.0], "k_pid_vsp": [212.02880770652177, 1e-06, 13.608532207404581]}, "datetime": {"datetime": "2025-08-13 12:37:45", "elapsed": 10193.722124576569, "delta": 17.747722864151}, "costs": {"total_cost": 202.86904272464534, "time_cost": 75.11, "final_distance_cost": 1.7697082893486284, "oscillation_cost": 32.71971718758326, "completition_cost": 0.0, "overshoot_cost": 51.32316624215722, "power_cost": 21.337629455566407, "noise_cost": 20.608821549989855, "n_waypoints_completed": 9, "tot_waypoints": 9}}
{"target": -1238.9008866286633, "params": {"k_pid_pos": [0.13469917889880945, 0.5257201593994301, 0.0], "k_pid_alt": [1.5961870545375216, 0.0, 1.0], "k_pid_att": [33.79737966387894, 3.8492965459194997, 0.3015360152043886], "k_pid_yaw": [0.5, 1e-06, 0.1], "k_pid_hsp": [0.372567344335197, 0.0, 0.0], "k_pid_vsp": [174.29768716596698, 10.502393736353996, 0.7202620482968717]}, "datetime": {"datetime": "2025-08-13 12:38:14", "elapsed": 10222.4818212986, "delta": 28.75969672203064}, "costs": {"total_cost": 1238.9008866286633, "time_cost": 150, "final_distance_cost": 64.64263704270644, "oscillation_cost": 44.43706643696927, "completition_cost": 888.8888888888888, "overshoot_cost": 29.39229615586678, "power_cost": 26.889736083984378, "noise_cost": 34.65026202024773, "n_waypoints_completed": 1, "tot_waypoints": 9}}
{"target": -220.46417551184337, "params": {"k_pid_pos": [1.3390125716407066, 0.4028385541459455, 0.17591071789435775], "k_pid_alt": [1.5541153789550433, 0.0, 1.0], "k_pid_att": [36.97372195110597, 4.0264544505442466, 0.17661599497672145], "k_pid_yaw": [0.5, 1e-06, 0.1], "k_pid_hsp": [1.3081859737832784, 0.0021562662941570073, 0.0], "k_pid_vsp": [215.03814273626907, 20.12761199557917, 1e-06]}, "datetime": {"datetime": "2025-08-13 12:38:33", "elapsed": 10241.780445098877, "delta": 19.29862380027771}, "costs": {"total_cost": 220.46417551184337, "time_cost": 79.303, "final_distance_cost": 1.7820412772139824, "oscillation_cost": 35.63281969487285, "completition_cost": 0.0, "overshoot_cost": 52.42433559634855, "power_cost": 24.86269365234375, "noise_cost": 26.459285291064255, "n_waypoints_completed": 9, "tot_waypoints": 9}}
{"target": -209.1787011655621, "params": {"k_pid_pos": [0.7489509430620573, 0.39726358216540125, 0.43127404644307116], "k_pid_alt": [1.031238198067374, 0.0, 0.9701383985107794], "k_pid_att": [47.228402951519364, 3.782782435670933, 0.20778233326748968], "k_pid_yaw": [0.5, 1e-06, 0.1], "k_pid_hsp": [0.4552096603605779, 0.00635909924612877, 0.0], "k_pid_vsp": [228.08521064303957, 2.9478847262510026, 1e-06]}, "datetime": {"datetime": "2025-08-13 12:38:53", "elapsed": 10261.429095029831, "delta": 19.64864993095398}, "costs": {"total_cost": 209.1787011655621, "time_cost": 83.083, "final_distance_cost": 1.83074458263813, "oscillation_cost": 27.896786540762776, "completition_cost": 0.0, "overshoot_cost": 51.84259687263716, "power_cost": 19.911631420898438, "noise_cost": 24.613941748625617, "n_waypoints_completed": 9, "tot_waypoints": 9}}
{"target": -1243.8080483054746, "params": {"k_pid_pos": [1.153629613549241, 0.1612442406458432, 0.15996697207737476], "k_pid_alt": [1.6191761695414992, 0.0, 0.8002439079116478], "k_pid_att": [43.586334909219936, 4.313804906421632, 0.2957005959394741], "k_pid_yaw": [0.5, 1e-06, 0.1], "k_pid_hsp": [0.0001, 0.0, 0.0], "k_pid_vsp": [198.5509949689543, 6.67587838900668, 1.9349677679505441]}, "datetime": {"datetime": "2025-08-13 12:39:22", "elapsed": 10290.267107486725, "delta": 28.83801245689392}, "costs": {"total_cost": 1243.8080483054746, "time_cost": 150, "final_distance_cost": 48.8807502417091, "oscillation_cost": 0.0057154334249263335, "completition_cost": 888.8888888888888, "overshoot_cost": 105.85966271615246, "power_cost": 18.019826782226563, "noise_cost": 32.15320424307256, "n_waypoints_completed": 1, "tot_waypoints": 9}}
{"target": -205.07350286117614, "params": {"k_pid_pos": [0.4249562351584927, 0.11320824802892157, 0.0], "k_pid_alt": [1.5311867661492609, 0.0, 0.9605828637735379], "k_pid_att": [34.86633114848357, 4.457233596480667, 0.18090725726986825], "k_pid_yaw": [0.5, 1e-06, 0.1], "k_pid_hsp": [0.08640151657860813, 0.0, 0.0], "k_pid_vsp": [197.1534685008647, 1e-06, 1.292036479692311]}, "datetime": {"datetime": "2025-08-13 12:39:43", "elapsed": 10311.931130886078, "delta": 21.664023399353027}, "costs": {"total_cost": 205.07350286117614, "time_cost": 88.242, "final_distance_cost": 1.8217367950605967, "oscillation_cost": 18.125806766178325, "completition_cost": 0.0, "overshoot_cost": 53.83700266456019, "power_cost": 17.18035123291016, "noise_cost": 25.86660540246685, "n_waypoints_completed": 9, "tot_waypoints": 9}}
{"target": -4030.85843530595, "params": {"k_pid_pos": [0.4773775956916904, 0.08414398263222281, 0.07667274650466446], "k_pid_alt": [1.4926765131175548, 0.0, 0.983743785415892], "k_pid_att": [0.0, 5.118926466854465, 0.5978664748922734], "k_pid_yaw": [0.5, 1e-06, 0.1], "k_pid_hsp": [0.8638991380604446, 0.0, 0.0], "k_pid_vsp": [217.8046744563194, 1e-06, 1e-06]}, "datetime": {"datetime": "2025-08-13 12:40:12", "elapsed": 10340.7139544487, "delta": 28.78282356262207}, "costs": {"total_cost": 4030.85843530595, "time_cost": 150, "final_distance_cost": 289.8428612346651, "oscillation_cost": 1564.7048128660385, "completition_cost": 1000.0, "overshoot_cost": 817.1902002061712, "power_cost": 53.23881166992188, "noise_cost": 155.88174932915373, "n_waypoints_completed": 0, "tot_waypoints": 9}}
