{"target": -186.063244115872, "params": {"k_pid_pos": [0.6962989785689426, 0.0, 0.01839964350799167], "k_pid_alt": [1.8770326895047786, 0.0, 0.948093986360015], "k_pid_att": [33.83311803883781, 3.7344098530424974, 0.2734140417733418], "k_pid_yaw": [0.5, 1e-06, 0.1], "k_pid_hsp": [0.11744448980625188, 0.0, 0.0], "k_pid_vsp": [123.19741612212825, 40.26800048532077, 1e-06]}, "datetime": {"datetime": "2025-08-13 23:55:44", "elapsed": 50872.285128355026, "delta": 18.562155723571777}, "costs": {"total_cost": 186.063244115872, "time_cost": 72.03, "final_distance_cost": 1.8190684089213494, "oscillation_cost": 23.76849244755972, "completition_cost": 0.0, "overshoot_cost": 51.192911993636066, "power_cost": 15.457148986816406, "noise_cost": 21.795622278938456, "n_waypoints_completed": 9, "tot_waypoints": 9}}
{"target": -191.61311338669506, "params": {"k_pid_pos": [0.7004394204775469, 0.0, 0.044204488965414804], "k_pid_alt": [1.8680991825200792, 0.0, 0.9512965170815411], "k_pid_att": [34.480070894679834, 3.4691108581957724, 0.2740229971480313], "k_pid_yaw": [0.5, 1e-06, 0.1], "k_pid_hsp": [0.12319838159668507, 0.0, 0.0], "k_pid_vsp": [124.66539123813179, 46.396735876095214, 1e-06]}, "datetime": {"datetime": "2025-08-13 23:56:02", "elapsed": 50890.15029716492, "delta": 17.865168809890747}, "costs": {"total_cost": 191.61311338669506, "time_cost": 72.772, "final_distance_cost": 1.8145213564656157, "oscillation_cost": 23.8763089983182, "completition_cost": 0.0, "overshoot_cost": 51.819260262634955, "power_cost": 18.785545336914062, "noise_cost": 22.545477432362244, "n_waypoints_completed": 9, "tot_waypoints": 9}}
{"target": -1228.0524841764263, "params": {"k_pid_pos": [0.6748909015609642, 0.0, 0.004549760284765204], "k_pid_alt": [1.604354750347782, 0.0, 0.954220737113106], "k_pid_att": [33.754737630255846, 3.7708796148140706, 0.2322794300123317], "k_pid_yaw": [0.5, 1e-06, 0.1], "k_pid_hsp": [0.0001, 0.0, 0.0], "k_pid_vsp": [92.71263458182749, 23.86487589909808, 1e-06]}, "datetime": {"datetime": "2025-08-13 23:56:32", "elapsed": 50920.611008644104, "delta": 30.46071147918701}, "costs": {"total_cost": 1228.0524841764263, "time_cost": 150, "final_distance_cost": 46.06583216608684, "oscillation_cost": 0.0250850534135602, "completition_cost": 888.8888888888888, "overshoot_cost": 86.96343223066033, "power_cost": 22.675900170898437, "noise_cost": 33.43334566647843, "n_waypoints_completed": 1, "tot_waypoints": 9}}
{"target": -191.09611550603785, "params": {"k_pid_pos": [1.0381255676828274, 0.0, 0.061105215831742346], "k_pid_alt": [1.8498797614893594, 0.0, 0.9503321229150336], "k_pid_att": [32.544492445828105, 3.7390777841940035, 0.27670464099976233], "k_pid_yaw": [0.5, 1e-06, 0.1], "k_pid_hsp": [0.14747448582677192, 0.0, 0.0], "k_pid_vsp": [52.980859653686544, 47.55229019722708, 1e-06]}, "datetime": {"datetime": "2025-08-13 23:56:50", "elapsed": 50938.221175432205, "delta": 17.610166788101196}, "costs": {"total_cost": 191.09611550603785, "time_cost": 70.777, "final_distance_cost": 1.8142154497756096, "oscillation_cost": 27.73236583217285, "completition_cost": 0.0, "overshoot_cost": 51.13898099871277, "power_cost": 17.946251477050783, "noise_cost": 21.68730174832584, "n_waypoints_completed": 9, "tot_waypoints": 9}}
{"target": -195.50211087211915, "params": {"k_pid_pos": [0.9939288174726804, 0.0, 0.023755557721959], "k_pid_alt": [1.8782335605177276, 0.0, 0.9479291215440819], "k_pid_att": [34.71060034144815, 3.6085123968256703, 0.2661087227198148], "k_pid_yaw": [0.5, 1e-06, 0.1], "k_pid_hsp": [0.10871722824860386, 0.0, 0.0], "k_pid_vsp": [111.80877717985396, 18.191167502308893, 1e-06]}, "datetime": {"datetime": "2025-08-13 23:57:07", "elapsed": 50955.90353870392, "delta": 17.682363271713257}, "costs": {"total_cost": 195.50211087211915, "time_cost": 72.24, "final_distance_cost": 1.807982943740804, "oscillation_cost": 26.74783416602957, "completition_cost": 0.0, "overshoot_cost": 52.15325887283223, "power_cost": 19.770157250976563, "noise_cost": 22.78287763854, "n_waypoints_completed": 9, "tot_waypoints": 9}}
{"target": -186.82381630363605, "params": {"k_pid_pos": [0.5829585625712287, 0.0, 0.015551952430894833], "k_pid_alt": [1.838390516957157, 0.0, 0.9568382000596136], "k_pid_att": [33.46348630295803, 3.578810041354014, 0.27953030898828934], "k_pid_yaw": [0.5, 1e-06, 0.1], "k_pid_hsp": [0.11888028243785162, 0.0, 0.0], "k_pid_vsp": [134.35046786496335, 46.29048104852306, 1e-06]}, "datetime": {"datetime": "2025-08-13 23:57:26", "elapsed": 50974.23698115349, "delta": 18.333442449569702}, "costs": {"total_cost": 186.82381630363605, "time_cost": 73.388, "final_distance_cost": 1.839071945117076, "oscillation_cost": 22.086153569100436, "completition_cost": 0.0, "overshoot_cost": 51.569388166606444, "power_cost": 15.692019104003908, "noise_cost": 22.249183518808167, "n_waypoints_completed": 9, "tot_waypoints": 9}}
{"target": -182.58741839858848, "params": {"k_pid_pos": [0.7523127751783626, 0.0, 0.006728187877181734], "k_pid_alt": [1.8970797047733854, 0.0, 0.9467557669302896], "k_pid_att": [27.712195494021785, 3.382266691390903, 0.25828263701391285], "k_pid_yaw": [0.5, 1e-06, 0.1], "k_pid_hsp": [0.1282635155910709, 0.0, 0.0], "k_pid_vsp": [143.10628049385093, 23.587452686949575, 1e-06]}, "datetime": {"datetime": "2025-08-13 23:57:44", "elapsed": 50992.588807582855, "delta": 18.351826429367065}, "costs": {"total_cost": 182.58741839858848, "time_cost": 71.813, "final_distance_cost": 1.8236941213446094, "oscillation_cost": 24.48821320208557, "completition_cost": 0.0, "overshoot_cost": 51.43948421775573, "power_cost": 12.31427998046875, "noise_cost": 20.708746876933827, "n_waypoints_completed": 9, "tot_waypoints": 9}}
{"target": -183.317565866329, "params": {"k_pid_pos": [0.6672523315540982, 0.0, 0.07789724101765852], "k_pid_alt": [1.8864927073278321, 0.0, 0.9390154747895704], "k_pid_att": [33.55859795438534, 3.6838626978972844, 0.2717869094918897], "k_pid_yaw": [0.5, 1e-06, 0.1], "k_pid_hsp": [0.11095522487691585, 0.0, 0.0], "k_pid_vsp": [139.28665995048578, 48.24462943546248, 1e-06]}, "datetime": {"datetime": "2025-08-13 23:58:02", "elapsed": 51010.42189836502, "delta": 17.833090782165527}, "costs": {"total_cost": 183.317565866329, "time_cost": 72.653, "final_distance_cost": 1.8391836129785353, "oscillation_cost": 23.00218261176629, "completition_cost": 0.0, "overshoot_cost": 51.47203897574442, "power_cost": 12.962095788574219, "noise_cost": 21.389064877265522, "n_waypoints_completed": 9, "tot_waypoints": 9}}
{"target": -192.19415861885713, "params": {"k_pid_pos": [0.8348755790568154, 0.0, 0.03368622363840809], "k_pid_alt": [1.8619644418046881, 0.0, 0.9685967496257193], "k_pid_att": [33.602621673057605, 3.694118926022771, 0.2888182292371291], "k_pid_yaw": [0.5, 1e-06, 0.1], "k_pid_hsp": [0.06752934030521451, 0.0, 0.0], "k_pid_vsp": [89.93992278765384, 44.016903768686966, 1e-06]}, "datetime": {"datetime": "2025-08-13 23:58:24", "elapsed": 51032.049409627914, "delta": 21.627511262893677}, "costs": {"total_cost": 192.19415861885713, "time_cost": 76.083, "final_distance_cost": 1.7871339546329288, "oscillation_cost": 23.09139313990041, "completition_cost": 0.0, "overshoot_cost": 52.956433644397315, "power_cost": 15.580200146484376, "noise_cost": 22.69599773344209, "n_waypoints_completed": 9, "tot_waypoints": 9}}
{"target": -183.6805109415311, "params": {"k_pid_pos": [0.7221129605783009, 0.0, 0.013204715047063564], "k_pid_alt": [1.8819782596003982, 0.0, 0.9469875718461193], "k_pid_att": [33.499920546241974, 3.691303082237912, 0.2753597127930665], "k_pid_yaw": [0.5, 1e-06, 0.1], "k_pid_hsp": [0.11604068187775685, 0.0, 0.0], "k_pid_vsp": [135.9707640890789, 47.29278235275955, 1e-06]}, "datetime": {"datetime": "2025-08-13 23:58:40", "elapsed": 51048.93611240387, "delta": 16.8867027759552}, "costs": {"total_cost": 183.6805109415311, "time_cost": 71.806, "final_distance_cost": 1.8258091949339115, "oscillation_cost": 23.931135903602733, "completition_cost": 0.0, "overshoot_cost": 51.08256663035255, "power_cost": 13.89946298828125, "noise_cost": 21.13553622436066, "n_waypoints_completed": 9, "tot_waypoints": 9}}
{"target": -187.91377420154305, "params": {"k_pid_pos": [0.8386967650591318, 0.0, 0.03745928997986096], "k_pid_alt": [1.5720207207095098, 0.0, 0.8833551665364733], "k_pid_att": [33.70107853350709, 3.4125594613089696, 0.26787626498448747], "k_pid_yaw": [0.5, 1e-06, 0.1], "k_pid_hsp": [0.22048042527665246, 0.0, 0.0], "k_pid_vsp": [122.15062828439778, 42.67736945729088, 1e-06]}, "datetime": {"datetime": "2025-08-13 23:59:00", "elapsed": 51068.02557373047, "delta": 19.08946132659912}, "costs": {"total_cost": 187.91377420154305, "time_cost": 71.855, "final_distance_cost": 1.8433501934252428, "oscillation_cost": 26.74960889832327, "completition_cost": 0.0, "overshoot_cost": 50.79958541102269, "power_cost": 15.065718371582031, "noise_cost": 21.60051132718982, "n_waypoints_completed": 9, "tot_waypoints": 9}}
{"target": -183.824260127624, "params": {"k_pid_pos": [0.7128263853755358, 0.0, 0.002914551056504733], "k_pid_alt": [1.7710654822011742, 0.0, 0.9454991813325333], "k_pid_att": [33.43721433161409, 3.4600666112507446, 0.2645232954395674], "k_pid_yaw": [0.5, 1e-06, 0.1], "k_pid_hsp": [0.09622747425929566, 0.0, 0.0], "k_pid_vsp": [110.49142056576548, 51.50683146279614, 1e-06]}, "datetime": {"datetime": "2025-08-13 23:59:17", "elapsed": 51085.280101299286, "delta": 17.25452756881714}, "costs": {"total_cost": 183.824260127624, "time_cost": 72.401, "final_distance_cost": 1.8222219213692508, "oscillation_cost": 23.050350428831706, "completition_cost": 0.0, "overshoot_cost": 51.32255476146962, "power_cost": 13.937802807617189, "noise_cost": 21.290330208336254, "n_waypoints_completed": 9, "tot_waypoints": 9}}
{"target": -185.25734016071877, "params": {"k_pid_pos": [0.5670366169400983, 0.0, 0.020263823131918754], "k_pid_alt": [1.8198068419936928, 0.0, 0.9455036202066289], "k_pid_att": [33.28145461087907, 3.7706040352338364, 0.2759028784513258], "k_pid_yaw": [0.5, 1e-06, 0.1], "k_pid_hsp": [0.1172520494939615, 0.0, 0.0], "k_pid_vsp": [104.95788962082652, 54.18459721020014, 1e-06]}, "datetime": {"datetime": "2025-08-13 23:59:36", "elapsed": 51104.725256443024, "delta": 19.445155143737793}, "costs": {"total_cost": 185.25734016071877, "time_cost": 73.465, "final_distance_cost": 1.8394772891123676, "oscillation_cost": 22.1311106824792, "completition_cost": 0.0, "overshoot_cost": 51.372330253677326, "power_cost": 14.4948453125, "noise_cost": 21.954576622949883, "n_waypoints_completed": 9, "tot_waypoints": 9}}
{"target": -182.12281138023926, "params": {"k_pid_pos": [0.657197651529413, 0.0, 0.009951513412609343], "k_pid_alt": [1.8488039085678931, 0.0, 0.9469558827880271], "k_pid_att": [33.487899015366196, 3.6761476304015996, 0.27146264358656774], "k_pid_yaw": [0.5, 1e-06, 0.1], "k_pid_hsp": [0.11633149900680922, 0.0, 0.0], "k_pid_vsp": [132.75054660548676, 40.86033654536388, 1e-06]}, "datetime": {"datetime": "2025-08-13 23:59:53", "elapsed": 51121.89727687836, "delta": 17.172020435333252}, "costs": {"total_cost": 182.12281138023926, "time_cost": 72.324, "final_distance_cost": 1.8260208250235979, "oscillation_cost": 23.37644144158868, "completition_cost": 0.0, "overshoot_cost": 51.24272938382997, "power_cost": 12.369199462890625, "noise_cost": 20.98442026690636, "n_waypoints_completed": 9, "tot_waypoints": 9}}
{"target": -186.2450353884925, "params": {"k_pid_pos": [0.47053372609696664, 0.0, 0.0], "k_pid_alt": [1.9091634291545994, 0.0, 0.9484602487579794], "k_pid_att": [32.9509714312018, 3.4902926485609655, 0.2734156699308287], "k_pid_yaw": [0.5, 1e-06, 0.1], "k_pid_hsp": [0.12206276419205198, 0.0, 0.0], "k_pid_vsp": [151.210857682292, 41.389069093985725, 1e-06]}, "datetime": {"datetime": "2025-08-14 00:00:19", "elapsed": 51147.17829322815, "delta": 25.28101634979248}, "costs": {"total_cost": 186.2450353884925, "time_cost": 75.642, "final_distance_cost": 1.8415171828713814, "oscillation_cost": 20.253489385638144, "completition_cost": 0.0, "overshoot_cost": 51.694690317503664, "power_cost": 13.980487731933595, "noise_cost": 22.83285077054573, "n_waypoints_completed": 9, "tot_waypoints": 9}}
{"target": -1235.4944854349221, "params": {"k_pid_pos": [0.8833533750139833, 0.0, 0.0], "k_pid_alt": [1.922611761163421, 0.0, 0.8596768556237923], "k_pid_att": [33.29163923516707, 3.8945157741676657, 0.288286012935974], "k_pid_yaw": [0.5, 1e-06, 0.1], "k_pid_hsp": [0.0001, 0.0, 0.0], "k_pid_vsp": [85.63893821547023, 46.954505925046504, 1e-06]}, "datetime": {"datetime": "2025-08-14 00:00:52", "elapsed": 51180.29310107231, "delta": 33.11480784416199}, "costs": {"total_cost": 1235.4944854349221, "time_cost": 150, "final_distance_cost": 47.12433005392713, "oscillation_cost": 0.007746874423754324, "completition_cost": 888.8888888888888, "overshoot_cost": 98.27647593977409, "power_cost": 18.828945654296877, "noise_cost": 32.36809802361134, "n_waypoints_completed": 1, "tot_waypoints": 9}}
{"target": -187.2423408837128, "params": {"k_pid_pos": [0.5930645916225058, 0.0, 0.09225261091261124], "k_pid_alt": [1.9803964100986977, 0.0, 0.9483405247470008], "k_pid_att": [33.13190814016655, 3.670677461360072, 0.4067044316719772], "k_pid_yaw": [0.5, 1e-06, 0.1], "k_pid_hsp": [0.11802223438460943, 0.0, 0.0], "k_pid_vsp": [139.92891317579412, 29.191049192929242, 1e-06]}, "datetime": {"datetime": "2025-08-14 00:01:10", "elapsed": 51198.713518857956, "delta": 18.42041778564453}, "costs": {"total_cost": 187.2423408837128, "time_cost": 74.186, "final_distance_cost": 1.8336877910094622, "oscillation_cost": 22.208342505198086, "completition_cost": 0.0, "overshoot_cost": 51.707711544028314, "power_cost": 14.814088024902345, "noise_cost": 22.492511018574596, "n_waypoints_completed": 9, "tot_waypoints": 9}}
{"target": -181.7654653029043, "params": {"k_pid_pos": [0.8241425930357154, 0.0, 0.027062748058021044], "k_pid_alt": [1.8780762631987005, 0.0, 0.90488898849415], "k_pid_att": [33.780323388861454, 3.553431221395013, 0.27302099210456515], "k_pid_yaw": [0.5, 1e-06, 0.1], "k_pid_hsp": [0.11472081419865957, 0.0, 0.0], "k_pid_vsp": [124.0311271214716, 49.09565085042075, 1e-06]}, "datetime": {"datetime": "2025-08-14 00:01:29", "elapsed": 51217.51041340828, "delta": 18.796894550323486}, "costs": {"total_cost": 181.7654653029043, "time_cost": 71.134, "final_distance_cost": 1.803739936596141, "oscillation_cost": 24.80429513339368, "completition_cost": 0.0, "overshoot_cost": 51.46228600302018, "power_cost": 12.105290722656251, "noise_cost": 20.455853507237997, "n_waypoints_completed": 9, "tot_waypoints": 9}}
{"target": -189.90218814509447, "params": {"k_pid_pos": [1.3230091658979042, 0.0, 0.060183877206822056], "k_pid_alt": [2.0, 0.0, 0.9416097287564894], "k_pid_att": [34.56265552004598, 3.2324319245188704, 0.2775800364987045], "k_pid_yaw": [0.5, 1e-06, 0.1], "k_pid_hsp": [0.20093647569673762, 0.0, 0.0], "k_pid_vsp": [145.98235179697997, 30.438050281839473, 1e-06]}, "datetime": {"datetime": "2025-08-14 00:01:47", "elapsed": 51235.35285639763, "delta": 17.842442989349365}, "costs": {"total_cost": 189.90218814509447, "time_cost": 70.245, "final_distance_cost": 1.8083193765246806, "oscillation_cost": 30.542744569483848, "completition_cost": 0.0, "overshoot_cost": 51.08561427120973, "power_cost": 15.176028356933594, "noise_cost": 21.044481570942622, "n_waypoints_completed": 9, "tot_waypoints": 9}}
{"target": -187.41671651357112, "params": {"k_pid_pos": [0.6360020705542, 6.51005025197278e-05, 0.0745529754534155], "k_pid_alt": [1.8495780406148647, 0.0, 0.9453252174880373], "k_pid_att": [34.467085124210264, 3.627562325131473, 0.23433748910361135], "k_pid_yaw": [0.5, 1e-06, 0.1], "k_pid_hsp": [0.1548563131910414, 0.0, 0.0], "k_pid_vsp": [104.92513708011958, 43.02791015292985, 1e-06]}, "datetime": {"datetime": "2025-08-14 00:02:07", "elapsed": 51255.76884150505, "delta": 20.415985107421875}, "costs": {"total_cost": 187.41671651357112, "time_cost": 73.815, "final_distance_cost": 1.8376504130121505, "oscillation_cost": 24.376520536305534, "completition_cost": 0.0, "overshoot_cost": 50.990322515598535, "power_cost": 14.300756750488281, "noise_cost": 22.096466298166604, "n_waypoints_completed": 9, "tot_waypoints": 9}}
{"target": -1245.7356885554366, "params": {"k_pid_pos": [0.853565042781826, 0.0, 0.07448253136020193], "k_pid_alt": [1.6848140791856354, 0.0, 0.923056003435857], "k_pid_att": [36.14086091630367, 3.7357257398791086, 0.27514522552533466], "k_pid_yaw": [0.5, 1e-06, 0.1], "k_pid_hsp": [0.0001, 0.0, 0.0], "k_pid_vsp": [94.30493144760891, 55.99830832586403, 1e-06]}, "datetime": {"datetime": "2025-08-14 00:02:37", "elapsed": 51285.261150598526, "delta": 29.492309093475342}, "costs": {"total_cost": 1245.7356885554366, "time_cost": 150, "final_distance_cost": 46.96680153719386, "oscillation_cost": 0.07409823029503432, "completition_cost": 888.8888888888888, "overshoot_cost": 96.95492702935144, "power_cost": 28.18667314453125, "noise_cost": 34.66429972517621, "n_waypoints_completed": 1, "tot_waypoints": 9}}
{"target": -184.41709883040735, "params": {"k_pid_pos": [0.9139552646714089, 0.0, 0.0], "k_pid_alt": [1.8669796340419558, 0.0, 0.9830856313758749], "k_pid_att": [33.4004951608874, 3.7133335822213502, 0.27013410035471913], "k_pid_yaw": [0.5, 1e-06, 0.1], "k_pid_hsp": [0.16037862995890678, 0.0, 0.0], "k_pid_vsp": [134.9036718400414, 47.220837439903676, 1e-06]}, "datetime": {"datetime": "2025-08-14 00:02:55", "elapsed": 51303.7941095829, "delta": 18.532958984375}, "costs": {"total_cost": 184.41709883040735, "time_cost": 70.742, "final_distance_cost": 1.817701535244917, "oscillation_cost": 27.129031522933175, "completition_cost": 0.0, "overshoot_cost": 50.59446035355758, "power_cost": 13.468899108886719, "noise_cost": 20.665006309784946, "n_waypoints_completed": 9, "tot_waypoints": 9}}
{"target": -184.57479370540335, "params": {"k_pid_pos": [0.9402948531511782, 0.0, 0.01737539125133752], "k_pid_alt": [1.7321781538657757, 0.0, 0.9343227605859954], "k_pid_att": [37.091268224861395, 3.3504414196136905, 0.26627959108370125], "k_pid_yaw": [0.5, 1e-06, 0.1], "k_pid_hsp": [0.22049951024654812, 0.0, 0.0], "k_pid_vsp": [141.7429253232085, 1e-06, 1e-06]}, "datetime": {"datetime": "2025-08-14 00:03:13", "elapsed": 51321.11766195297, "delta": 17.32355237007141}, "costs": {"total_cost": 184.57479370540335, "time_cost": 71.988, "final_distance_cost": 1.8226939701653337, "oscillation_cost": 28.061414953790916, "completition_cost": 0.0, "overshoot_cost": 51.37923963702404, "power_cost": 10.957543139648438, "noise_cost": 20.36590200477462, "n_waypoints_completed": 9, "tot_waypoints": 9}}
{"target": -187.05670109730048, "params": {"k_pid_pos": [0.662840100178868, 0.0, 0.010781682633397134], "k_pid_alt": [1.9106086610848483, 0.0, 0.9440256980709918], "k_pid_att": [33.294418602055124, 3.748887691068491, 0.2855810112721326], "k_pid_yaw": [0.5, 1e-06, 0.1], "k_pid_hsp": [0.12349948787413677, 0.0, 0.0], "k_pid_vsp": [64.35121368022676, 55.76773393169232, 0.2574369452474971]}, "datetime": {"datetime": "2025-08-14 00:03:32", "elapsed": 51340.80047106743, "delta": 19.682809114456177}, "costs": {"total_cost": 187.05670109730048, "time_cost": 72.128, "final_distance_cost": 1.8332389063921382, "oscillation_cost": 23.69385317328622, "completition_cost": 0.0, "overshoot_cost": 51.45684564612191, "power_cost": 15.928640197753907, "noise_cost": 22.0161231737463, "n_waypoints_completed": 9, "tot_waypoints": 9}}
{"target": -193.358022121666, "params": {"k_pid_pos": [0.7029055925510582, 0.0, 0.02701390578197455], "k_pid_alt": [1.9469974930888891, 0.0, 0.9489862421177054], "k_pid_att": [33.472304905534344, 3.7017955585351294, 0.2786485018201172], "k_pid_yaw": [0.5, 1e-06, 0.1], "k_pid_hsp": [0.11161097817699558, 0.0, 0.0], "k_pid_vsp": [120.37184106604117, 45.20979641482356, 1e-06]}, "datetime": {"datetime": "2025-08-14 00:03:52", "elapsed": 51360.6272213459, "delta": 19.8267502784729}, "costs": {"total_cost": 193.358022121666, "time_cost": 72.492, "final_distance_cost": 1.8165737735358092, "oscillation_cost": 23.431511813742734, "completition_cost": 0.0, "overshoot_cost": 52.00567491819602, "power_cost": 20.326869042968752, "noise_cost": 23.285392573222705, "n_waypoints_completed": 9, "tot_waypoints": 9}}
{"target": -183.8966741394165, "params": {"k_pid_pos": [0.6477938508358427, 0.0, 0.011118149970910913], "k_pid_alt": [1.8855468293187916, 0.0, 0.9427432295674568], "k_pid_att": [33.49272296899178, 3.7894846497588306, 0.27430802515003766], "k_pid_yaw": [0.5, 1e-06, 0.1], "k_pid_hsp": [0.11631248739262456, 0.0, 0.0], "k_pid_vsp": [145.6328682928118, 47.10692085080121, 1e-06]}, "datetime": {"datetime": "2025-08-14 00:04:15", "elapsed": 51383.114052295685, "delta": 22.486830949783325}, "costs": {"total_cost": 183.8966741394165, "time_cost": 72.331, "final_distance_cost": 1.8323220954578905, "oscillation_cost": 23.192338512073995, "completition_cost": 0.0, "overshoot_cost": 51.15590770127566, "power_cost": 13.913117883300782, "noise_cost": 21.47198794730818, "n_waypoints_completed": 9, "tot_waypoints": 9}}
{"target": -181.84431984673895, "params": {"k_pid_pos": [0.9575876979111444, 0.0, 0.045293975564381694], "k_pid_alt": [1.8945780852585625, 0.0, 0.9457177899301713], "k_pid_att": [34.38443154236517, 3.4990230830768607, 0.2858989437863647], "k_pid_yaw": [0.5, 1e-06, 0.1], "k_pid_hsp": [0.11745702972654881, 0.0, 0.0], "k_pid_vsp": [129.42300202453188, 44.21943084887473, 1e-06]}, "datetime": {"datetime": "2025-08-14 00:04:34", "elapsed": 51402.28348493576, "delta": 19.169432640075684}, "costs": {"total_cost": 181.84431984673895, "time_cost": 70.896, "final_distance_cost": 1.8101989110058996, "oscillation_cost": 26.50489424530904, "completition_cost": 0.0, "overshoot_cost": 51.32443816959915, "power_cost": 11.26667918701172, "noise_cost": 20.042109333813134, "n_waypoints_completed": 9, "tot_waypoints": 9}}
