{"target": -183.33985093521463, "params": {"k_pid_pos": [0.9519920235299024, 0.0, 0.0806034148617997], "k_pid_alt": [1.9946185261679668, 0.0, 0.952166211630448], "k_pid_att": [37.176174917103914, 3.4902061476745967, 0.27554698063362343], "k_pid_yaw": [0.5, 1e-06, 0.1], "k_pid_hsp": [0.24595365619467635, 0.0, 0.0], "k_pid_vsp": [107.44634717053827, 26.834058384688625, 1e-06]}, "datetime": {"datetime": "2025-08-13 20:16:53", "elapsed": 37741.542096853256, "delta": 17.187674283981323}, "costs": {"total_cost": 183.33985093521463, "time_cost": 70.616, "final_distance_cost": 1.8408769399418778, "oscillation_cost": 27.715679472496696, "completition_cost": 0.0, "overshoot_cost": 50.57727709911594, "power_cost": 12.069231665039062, "noise_cost": 20.52078575862104, "n_waypoints_completed": 9, "tot_waypoints": 9}}
{"target": -190.29451328533827, "params": {"k_pid_pos": [0.9235399055885389, 0.00019545550938884255, 0.07533243581833053], "k_pid_alt": [1.6827358152569725, 0.0, 0.7638562343684725], "k_pid_att": [34.7514344446269, 3.510535587693905, 0.24253246038540735], "k_pid_yaw": [0.5, 1e-06, 0.1], "k_pid_hsp": [0.38318816433051134, 0.0, 0.0], "k_pid_vsp": [80.03485071996178, 32.05757065162603, 1e-06]}, "datetime": {"datetime": "2025-08-13 20:17:10", "elapsed": 37758.46273398399, "delta": 16.920637130737305}, "costs": {"total_cost": 190.29451328533827, "time_cost": 71.099, "final_distance_cost": 1.8462462323556028, "oscillation_cost": 28.28558537693273, "completition_cost": 0.0, "overshoot_cost": 50.58723297869126, "power_cost": 16.368160791015626, "noise_cost": 22.10828790634305, "n_waypoints_completed": 9, "tot_waypoints": 9}}
{"target": -183.9301659698093, "params": {"k_pid_pos": [0.800428951957416, 0.0, 0.07269997461593224], "k_pid_alt": [1.7967124350232995, 0.0, 0.921278532259247], "k_pid_att": [35.52163030272996, 3.480732811403099, 0.27082134559351057], "k_pid_yaw": [0.5, 1e-06, 0.1], "k_pid_hsp": [0.15184525427611767, 0.0, 0.0], "k_pid_vsp": [87.80316200545934, 31.56533657439062, 1e-06]}, "datetime": {"datetime": "2025-08-13 20:17:27", "elapsed": 37775.547521829605, "delta": 17.084787845611572}, "costs": {"total_cost": 183.9301659698093, "time_cost": 71.414, "final_distance_cost": 1.8297073084845215, "oscillation_cost": 25.541809146997945, "completition_cost": 0.0, "overshoot_cost": 50.941748793461954, "power_cost": 13.214705676269531, "noise_cost": 20.98819504459532, "n_waypoints_completed": 9, "tot_waypoints": 9}}
{"target": -183.49476157823398, "params": {"k_pid_pos": [0.8579353433457788, 0.0, 0.0768784330802336], "k_pid_alt": [1.8780969902429863, 0.0, 0.9286210320065381], "k_pid_att": [26.813477070726435, 4.39040979644544, 0.27746013462953306], "k_pid_yaw": [0.5, 1e-06, 0.1], "k_pid_hsp": [0.1830302041348158, 0.0, 0.0], "k_pid_vsp": [93.16085216567049, 25.28527373586345, 1e-06]}, "datetime": {"datetime": "2025-08-13 20:17:45", "elapsed": 37793.001702070236, "delta": 17.454180240631104}, "costs": {"total_cost": 183.49476157823398, "time_cost": 70.917, "final_distance_cost": 1.8302796041471232, "oscillation_cost": 26.481575537561415, "completition_cost": 0.0, "overshoot_cost": 50.86516768815418, "power_cost": 12.609361755371093, "noise_cost": 20.79137699300018, "n_waypoints_completed": 9, "tot_waypoints": 9}}
{"target": -1235.1163120222366, "params": {"k_pid_pos": [0.903313348420402, 0.0, 0.05593154508192824], "k_pid_alt": [1.9309867758971029, 0.0, 0.951539284223225], "k_pid_att": [41.718825881067445, 3.489613058161668, 0.2613757524200226], "k_pid_yaw": [0.5, 1e-06, 0.1], "k_pid_hsp": [0.0001, 0.0, 0.0], "k_pid_vsp": [118.45153669524332, 34.02798357003825, 1e-06]}, "datetime": {"datetime": "2025-08-13 20:18:14", "elapsed": 37822.121715307236, "delta": 29.12001323699951}, "costs": {"total_cost": 1235.1163120222366, "time_cost": 150, "final_distance_cost": 47.22150244851941, "oscillation_cost": 0.008287146951803409, "completition_cost": 888.8888888888888, "overshoot_cost": 98.95711876521858, "power_cost": 17.95780225830078, "noise_cost": 32.082712514357226, "n_waypoints_completed": 1, "tot_waypoints": 9}}
{"target": -180.88412169301594, "params": {"k_pid_pos": [0.8304288942851206, 0.0, 0.039434157161747384], "k_pid_alt": [1.6956922980206561, 0.0, 0.9560199635903662], "k_pid_att": [29.046574300242234, 3.457350470160359, 0.2398030337009734], "k_pid_yaw": [0.5, 1e-06, 0.1], "k_pid_hsp": [0.10674508445908527, 0.0, 0.0], "k_pid_vsp": [103.54900260289709, 60.81283134853247, 1.8961801750458163]}, "datetime": {"datetime": "2025-08-13 20:18:33", "elapsed": 37841.29764056206, "delta": 19.175925254821777}, "costs": {"total_cost": 180.88412169301594, "time_cost": 71.792, "final_distance_cost": 1.8084128905283805, "oscillation_cost": 24.54011532285243, "completition_cost": 0.0, "overshoot_cost": 51.127589114630666, "power_cost": 11.42471561279297, "noise_cost": 20.191288752211474, "n_waypoints_completed": 9, "tot_waypoints": 9}}
{"target": -181.5299390871885, "params": {"k_pid_pos": [0.9635516476938666, 0.0, 0.16189692568955238], "k_pid_alt": [2.0, 0.0, 0.9503331136077753], "k_pid_att": [31.12478370555537, 3.6137516290202116, 0.31226058594271633], "k_pid_yaw": [0.5, 1e-06, 0.1], "k_pid_hsp": [0.07746828223701821, 0.0, 0.0], "k_pid_vsp": [82.24292978511492, 42.86049160839113, 1e-06]}, "datetime": {"datetime": "2025-08-13 20:18:51", "elapsed": 37859.723683834076, "delta": 18.426043272018433}, "costs": {"total_cost": 181.5299390871885, "time_cost": 72.086, "final_distance_cost": 1.788534103765996, "oscillation_cost": 23.821370210432185, "completition_cost": 0.0, "overshoot_cost": 52.0385832143445, "power_cost": 11.34224090576172, "noise_cost": 20.45321065288412, "n_waypoints_completed": 9, "tot_waypoints": 9}}
{"target": -195.27832367110378, "params": {"k_pid_pos": [0.4609709602265333, 0.0, 0.018704688250662002], "k_pid_alt": [1.9432378660431018, 0.0, 0.9660559103899821], "k_pid_att": [32.26753039629968, 4.2705969002741195, 0.23990956460191096], "k_pid_yaw": [0.5, 1e-06, 0.1], "k_pid_hsp": [0.11223582867332829, 0.0, 0.0], "k_pid_vsp": [105.91121934627036, 36.93044261524872, 1e-06]}, "datetime": {"datetime": "2025-08-13 20:19:09", "elapsed": 37877.85148835182, "delta": 18.12780451774597}, "costs": {"total_cost": 195.27832367110378, "time_cost": 76.384, "final_distance_cost": 1.842427078113497, "oscillation_cost": 19.765339584247116, "completition_cost": 0.0, "overshoot_cost": 52.36444571406872, "power_cost": 20.44983994140625, "noise_cost": 24.47227135326819, "n_waypoints_completed": 9, "tot_waypoints": 9}}
{"target": -191.38829821074393, "params": {"k_pid_pos": [0.8405159834751273, 0.0, 0.07101346676622715], "k_pid_alt": [1.8890245994773893, 0.0, 0.9554702168629092], "k_pid_att": [33.67941374276559, 3.5901886201470825, 0.27107157682904276], "k_pid_yaw": [0.5, 1e-06, 0.1], "k_pid_hsp": [0.1283560569470452, 0.0, 0.0], "k_pid_vsp": [86.6906774605435, 29.711716339072833, 1e-06]}, "datetime": {"datetime": "2025-08-13 20:19:27", "elapsed": 37895.762687921524, "delta": 17.91119956970215}, "costs": {"total_cost": 191.38829821074393, "time_cost": 71.897, "final_distance_cost": 1.8243672328342726, "oscillation_cost": 25.150361609507467, "completition_cost": 0.0, "overshoot_cost": 51.19952583493884, "power_cost": 18.936503369140627, "noise_cost": 22.38054016432269, "n_waypoints_completed": 9, "tot_waypoints": 9}}
{"target": -177.80084749823732, "params": {"k_pid_pos": [0.8079651227923197, 0.0, 0.0706120278295934], "k_pid_alt": [2.0, 0.0, 0.9871943891508503], "k_pid_att": [31.183480745928552, 6.13668129437949, 0.26016040149184017], "k_pid_yaw": [0.5, 1e-06, 0.1], "k_pid_hsp": [0.11263836207491201, 0.0, 0.0], "k_pid_vsp": [104.29512186628043, 40.74161246199653, 1e-06]}, "datetime": {"datetime": "2025-08-13 20:19:45", "elapsed": 37913.2782971859, "delta": 17.51560926437378}, "costs": {"total_cost": 177.80084749823732, "time_cost": 71.267, "final_distance_cost": 1.8248628254145431, "oscillation_cost": 24.445554190355345, "completition_cost": 0.0, "overshoot_cost": 50.812131113742055, "power_cost": 9.753049572753907, "noise_cost": 19.698249795971492, "n_waypoints_completed": 9, "tot_waypoints": 9}}
{"target": -187.88326107564558, "params": {"k_pid_pos": [1.3823110801329654, 0.0, 0.09028467951445877], "k_pid_alt": [1.7079382145487214, 0.0, 0.948417250091734], "k_pid_att": [33.22255397496629, 3.5950871700539624, 0.2510762413107126], "k_pid_yaw": [0.5, 1e-06, 0.1], "k_pid_hsp": [0.31793834526206255, 0.0, 0.0], "k_pid_vsp": [58.690106005068905, 4.028491558913795, 1e-06]}, "datetime": {"datetime": "2025-08-13 20:20:02", "elapsed": 37930.943764925, "delta": 17.665467739105225}, "costs": {"total_cost": 187.88326107564558, "time_cost": 71.827, "final_distance_cost": 1.8024793622190554, "oscillation_cost": 30.840383687331695, "completition_cost": 0.0, "overshoot_cost": 51.698607979120645, "power_cost": 11.381877746582031, "noise_cost": 20.332912300392152, "n_waypoints_completed": 9, "tot_waypoints": 9}}
{"target": -184.20440694024794, "params": {"k_pid_pos": [0.8271372609934685, 0.0, 0.057876384323342314], "k_pid_alt": [1.6769317335001441, 0.0, 0.953752275959863], "k_pid_att": [31.747259463425443, 3.6388774172429104, 0.28427864616987475], "k_pid_yaw": [0.5, 1e-06, 0.1], "k_pid_hsp": [0.15036384748963966, 0.0, 0.0], "k_pid_vsp": [182.04175639826286, 33.73208120624071, 1e-06]}, "datetime": {"datetime": "2025-08-13 20:20:20", "elapsed": 37948.794665813446, "delta": 17.850900888442993}, "costs": {"total_cost": 184.20440694024794, "time_cost": 71.834, "final_distance_cost": 1.8176738656194595, "oscillation_cost": 25.75195881383131, "completition_cost": 0.0, "overshoot_cost": 51.06692831541776, "power_cost": 12.838535009765625, "noise_cost": 20.895310935613804, "n_waypoints_completed": 9, "tot_waypoints": 9}}
{"target": -184.4259029989537, "params": {"k_pid_pos": [0.8721681825896004, 0.0, 0.05622326185364541], "k_pid_alt": [1.9473084741456232, 0.0, 0.9611814319883955], "k_pid_att": [31.538819941359463, 3.487122808420252, 0.2630092387733744], "k_pid_yaw": [0.5, 1e-06, 0.1], "k_pid_hsp": [0.11638062778741479, 0.0, 0.0], "k_pid_vsp": [86.28902034670111, 31.740313545778275, 1e-06]}, "datetime": {"datetime": "2025-08-13 20:20:38", "elapsed": 37966.00588321686, "delta": 17.211217403411865}, "costs": {"total_cost": 184.4259029989537, "time_cost": 71.169, "final_distance_cost": 1.8108887238346654, "oscillation_cost": 25.279833691468678, "completition_cost": 0.0, "overshoot_cost": 51.50051580062618, "power_cost": 13.712369006347657, "noise_cost": 20.953295776676498, "n_waypoints_completed": 9, "tot_waypoints": 9}}
{"target": -188.24135693293468, "params": {"k_pid_pos": [0.8568221587157308, 0.0, 0.07014403520908312], "k_pid_alt": [1.9546545481910764, 0.0, 0.9517464639755682], "k_pid_att": [32.219891334625174, 3.51194848720169, 0.27030732466768476], "k_pid_yaw": [0.5, 1e-06, 0.1], "k_pid_hsp": [0.12924406493715115, 0.0, 0.0], "k_pid_vsp": [113.24085112525223, 24.12306168668567, 1e-06]}, "datetime": {"datetime": "2025-08-13 20:20:55", "elapsed": 37983.84476876259, "delta": 17.83888554573059}, "costs": {"total_cost": 188.24135693293468, "time_cost": 71.428, "final_distance_cost": 1.8298877206893762, "oscillation_cost": 25.494110747768417, "completition_cost": 0.0, "overshoot_cost": 51.572337655346345, "power_cost": 16.07191823730469, "noise_cost": 21.84510257182585, "n_waypoints_completed": 9, "tot_waypoints": 9}}
{"target": -201.7634091073475, "params": {"k_pid_pos": [1.0012034389177091, 0.0, 0.061649567221728416], "k_pid_alt": [1.6771155564730877, 0.0, 0.9598307554561822], "k_pid_att": [32.34904215562173, 3.370467938586565, 0.22568954234997238], "k_pid_yaw": [0.5, 1e-06, 0.1], "k_pid_hsp": [0.1498734064703898, 0.0, 0.0], "k_pid_vsp": [91.05596844937139, 6.330183212115365, 1e-06]}, "datetime": {"datetime": "2025-08-13 20:21:13", "elapsed": 38001.74169588089, "delta": 17.89692711830139}, "costs": {"total_cost": 201.7634091073475, "time_cost": 74.795, "final_distance_cost": 1.8083775977021324, "oscillation_cost": 28.017179712623722, "completition_cost": 0.0, "overshoot_cost": 52.62883911139613, "power_cost": 20.906750634765626, "noise_cost": 23.607262050859887, "n_waypoints_completed": 9, "tot_waypoints": 9}}
{"target": -194.5158776173349, "params": {"k_pid_pos": [0.7096704941610072, 0.0, 0.08434376270086691], "k_pid_alt": [1.659101305146571, 0.0, 0.9459548136531135], "k_pid_att": [32.444587016705036, 3.678193440599368, 0.20710072726998446], "k_pid_yaw": [0.5, 1e-06, 0.1], "k_pid_hsp": [0.2634252225721986, 0.0, 0.0], "k_pid_vsp": [0.0, 35.44968832335426, 1e-06]}, "datetime": {"datetime": "2025-08-13 20:21:32", "elapsed": 38020.504959344864, "delta": 18.763263463974}, "costs": {"total_cost": 194.5158776173349, "time_cost": 75.929, "final_distance_cost": 1.8374788493803955, "oscillation_cost": 27.557691029716782, "completition_cost": 0.0, "overshoot_cost": 52.918768300418705, "power_cost": 14.519833947753908, "noise_cost": 21.753105490065106, "n_waypoints_completed": 9, "tot_waypoints": 9}}
{"target": -191.36389818882398, "params": {"k_pid_pos": [0.6523435187747368, 0.0, 0.05199118482093818], "k_pid_alt": [1.8615337592819905, 0.0, 0.9455985028861532], "k_pid_att": [33.74781932428686, 3.598490062103056, 0.2758416852975612], "k_pid_yaw": [0.5, 1e-06, 0.1], "k_pid_hsp": [0.10829672300342218, 0.0, 0.0], "k_pid_vsp": [96.0620181024468, 34.00178021195368, 1e-06]}, "datetime": {"datetime": "2025-08-13 20:21:49", "elapsed": 38037.67541003227, "delta": 17.170450687408447}, "costs": {"total_cost": 191.36389818882398, "time_cost": 73.283, "final_distance_cost": 1.8269841851812945, "oscillation_cost": 22.95530261412516, "completition_cost": 0.0, "overshoot_cost": 51.69360132877989, "power_cost": 18.72419619140625, "noise_cost": 22.88081386933138, "n_waypoints_completed": 9, "tot_waypoints": 9}}
{"target": -204.71067141498972, "params": {"k_pid_pos": [1.6278753375803852, 0.00018077938249260275, 0.046642921578860616], "k_pid_alt": [1.7564138314007751, 0.0, 0.9047390330569013], "k_pid_att": [34.16531015912055, 3.599317526328026, 0.2444566048249661], "k_pid_yaw": [0.5, 1e-06, 0.1], "k_pid_hsp": [0.057195057582092285, 0.0, 0.0], "k_pid_vsp": [93.40549589943303, 13.737585987608895, 1e-06]}, "datetime": {"datetime": "2025-08-13 20:22:09", "elapsed": 38057.2001721859, "delta": 19.52476215362549}, "costs": {"total_cost": 204.71067141498972, "time_cost": 79.086, "final_distance_cost": 1.7828110817528848, "oscillation_cost": 28.480076060248713, "completition_cost": 0.0, "overshoot_cost": 54.355909775566616, "power_cost": 17.16274337158203, "noise_cost": 23.843131125839484, "n_waypoints_completed": 9, "tot_waypoints": 9}}
{"target": -188.48877588226546, "params": {"k_pid_pos": [1.3192053924941292, 0.0, 0.08365853790593075], "k_pid_alt": [1.8863470371815592, 0.0, 0.9623213592271834], "k_pid_att": [44.12863575718829, 3.528293123096886, 0.23295476586224728], "k_pid_yaw": [0.5, 1e-06, 0.1], "k_pid_hsp": [0.1446111513265171, 0.0, 0.0], "k_pid_vsp": [150.3025555648663, 35.91652177951998, 1e-06]}, "datetime": {"datetime": "2025-08-13 20:22:25", "elapsed": 38073.89003562927, "delta": 16.689863443374634}, "costs": {"total_cost": 188.48877588226546, "time_cost": 70.791, "final_distance_cost": 1.7910782874102549, "oscillation_cost": 30.124025667194424, "completition_cost": 0.0, "overshoot_cost": 51.21292156665354, "power_cost": 13.889733435058595, "noise_cost": 20.680016925948657, "n_waypoints_completed": 9, "tot_waypoints": 9}}
{"target": -181.16524340939077, "params": {"k_pid_pos": [0.8350475010497511, 0.0, 0.08924228661503307], "k_pid_alt": [1.9575205485087455, 0.0, 0.9429868898212592], "k_pid_att": [33.21715429352862, 3.5091447223468313, 0.271471988032429], "k_pid_yaw": [0.5, 1e-06, 0.1], "k_pid_hsp": [0.12075941396691334, 0.0, 0.0], "k_pid_vsp": [123.32980189846191, 30.408749815402757, 1e-06]}, "datetime": {"datetime": "2025-08-13 20:22:44", "elapsed": 38092.07221198082, "delta": 18.18217635154724}, "costs": {"total_cost": 181.16524340939077, "time_cost": 71.33, "final_distance_cost": 1.8190037599124145, "oscillation_cost": 24.91154595007957, "completition_cost": 0.0, "overshoot_cost": 51.609500512231655, "power_cost": 11.205344750976563, "noise_cost": 20.289848436190557, "n_waypoints_completed": 9, "tot_waypoints": 9}}
{"target": -195.14221297126642, "params": {"k_pid_pos": [0.9136469841891888, 0.0, 0.08743431957058495], "k_pid_alt": [1.5912306451144995, 0.0, 0.9179084249517043], "k_pid_att": [30.74655442995159, 3.338202644412606, 0.2538495153697396], "k_pid_yaw": [0.5, 1e-06, 0.1], "k_pid_hsp": [0.19579009339735248, 0.0, 0.0], "k_pid_vsp": [85.97904406502842, 31.74858512081806, 1e-06]}, "datetime": {"datetime": "2025-08-13 20:23:00", "elapsed": 38108.637944459915, "delta": 16.56573247909546}, "costs": {"total_cost": 195.14221297126642, "time_cost": 72.485, "final_distance_cost": 1.8395157628161278, "oscillation_cost": 26.80629058668938, "completition_cost": 0.0, "overshoot_cost": 51.4686108391051, "power_cost": 19.863688195800783, "noise_cost": 22.67910758685499, "n_waypoints_completed": 9, "tot_waypoints": 9}}
{"target": -193.39027188702252, "params": {"k_pid_pos": [0.6243218889787175, 0.0, 0.03206690016155993], "k_pid_alt": [1.7149305946235882, 0.0, 0.9515149457838795], "k_pid_att": [18.24991160209854, 3.6883115013184966, 0.26786918440346114], "k_pid_yaw": [0.5, 1e-06, 0.1], "k_pid_hsp": [0.09987915212496548, 0.0, 0.0], "k_pid_vsp": [99.70377896936228, 3.012985179758229, 0.5961914646738612]}, "datetime": {"datetime": "2025-08-13 20:23:20", "elapsed": 38127.99880504608, "delta": 19.360860586166382}, "costs": {"total_cost": 193.39027188702252, "time_cost": 75.257, "final_distance_cost": 1.8326716274240422, "oscillation_cost": 22.15531523189381, "completition_cost": 0.0, "overshoot_cost": 53.10359338989474, "power_cost": 17.6945408203125, "noise_cost": 23.347150817497404, "n_waypoints_completed": 9, "tot_waypoints": 9}}
{"target": -187.82465573318393, "params": {"k_pid_pos": [1.032560660224474, 0.0090834293367382, 0.06828601147372743], "k_pid_alt": [1.661121613287228, 0.0, 0.91860788987237], "k_pid_att": [34.748750308010436, 3.5011278424259804, 0.2561643719400324], "k_pid_yaw": [0.5, 1e-06, 0.1], "k_pid_hsp": [0.4435927465456599, 0.0, 0.0], "k_pid_vsp": [7.196019485599081, 37.851025746708316, 1e-06]}, "datetime": {"datetime": "2025-08-13 20:23:36", "elapsed": 38144.780601501465, "delta": 16.7817964553833}, "costs": {"total_cost": 187.82465573318393, "time_cost": 70.812, "final_distance_cost": 1.8326448074043773, "oscillation_cost": 28.521511496242415, "completition_cost": 0.0, "overshoot_cost": 50.66726348507281, "power_cost": 14.829484814453126, "noise_cost": 21.161751130011186, "n_waypoints_completed": 9, "tot_waypoints": 9}}
{"target": -194.24085682960612, "params": {"k_pid_pos": [0.9082845052014625, 0.0, 0.05238265957595144], "k_pid_alt": [1.865031975271166, 0.0, 0.9570395632767947], "k_pid_att": [35.26719951382259, 3.283455757504566, 0.23440867422236422], "k_pid_yaw": [0.5, 1e-06, 0.1], "k_pid_hsp": [0.16520731593180446, 0.0, 0.0], "k_pid_vsp": [115.42906221676313, 18.596071997202937, 1e-06]}, "datetime": {"datetime": "2025-08-13 20:23:56", "elapsed": 38164.768840789795, "delta": 19.988239288330078}, "costs": {"total_cost": 194.24085682960612, "time_cost": 71.967, "final_distance_cost": 1.8246479290228532, "oscillation_cost": 26.48336818596851, "completition_cost": 0.0, "overshoot_cost": 52.200733374807704, "power_cost": 19.331176977539062, "noise_cost": 22.433930362268004, "n_waypoints_completed": 9, "tot_waypoints": 9}}
{"target": -180.2033822259517, "params": {"k_pid_pos": [0.7195968226235048, 0.0, 0.06000767382116538], "k_pid_alt": [2.0, 0.0, 0.9589119962284407], "k_pid_att": [32.388740325222415, 3.568268350957512, 0.2591382567465491], "k_pid_yaw": [0.5, 1e-06, 0.1], "k_pid_hsp": [0.11420869708564582, 0.0, 0.0], "k_pid_vsp": [67.27551701799729, 33.880853464407394, 1e-06]}, "datetime": {"datetime": "2025-08-13 20:24:14", "elapsed": 38182.89267373085, "delta": 18.123832941055298}, "costs": {"total_cost": 180.2033822259517, "time_cost": 71.631, "final_distance_cost": 1.8145738308233146, "oscillation_cost": 23.357745014777954, "completition_cost": 0.0, "overshoot_cost": 51.26974140746714, "power_cost": 11.503465307617189, "noise_cost": 20.626856665266146, "n_waypoints_completed": 9, "tot_waypoints": 9}}
{"target": -224.52587107770478, "params": {"k_pid_pos": [0.850056807224963, 0.0, 0.1127708277601135], "k_pid_alt": [1.918886913211795, 0.0, 0.9570784540901311], "k_pid_att": [33.48816701167129, 4.134824472172848, 0.31834915195899555], "k_pid_yaw": [0.5, 1e-06, 0.1], "k_pid_hsp": [0.03181456753653375, 0.0, 0.0], "k_pid_vsp": [168.2509999632907, 16.084379168697936, 1e-06]}, "datetime": {"datetime": "2025-08-13 20:24:38", "elapsed": 38206.876920223236, "delta": 23.984246492385864}, "costs": {"total_cost": 224.52587107770478, "time_cost": 99.127, "final_distance_cost": 1.7873061566746011, "oscillation_cost": 14.427295329315049, "completition_cost": 0.0, "overshoot_cost": 62.65713882730578, "power_cost": 16.904731384277344, "noise_cost": 29.622399380132013, "n_waypoints_completed": 9, "tot_waypoints": 9}}
{"target": -186.91503873172175, "params": {"k_pid_pos": [0.9027600874961033, 0.0, 0.14422313089835576], "k_pid_alt": [1.8418294055469575, 0.0, 0.9535323941472887], "k_pid_att": [31.187447089640926, 3.4679291412840287, 0.28549434168066923], "k_pid_yaw": [0.5, 1e-06, 0.1], "k_pid_hsp": [0.11119258812008984, 0.0, 0.0], "k_pid_vsp": [99.70962546204917, 31.65915310266518, 1e-06]}, "datetime": {"datetime": "2025-08-13 20:24:57", "elapsed": 38225.67176198959, "delta": 18.794841766357422}, "costs": {"total_cost": 186.91503873172175, "time_cost": 71.806, "final_distance_cost": 1.8282991884783082, "oscillation_cost": 24.93879387934183, "completition_cost": 0.0, "overshoot_cost": 51.475167261648856, "power_cost": 15.222077172851563, "noise_cost": 21.64470122940119, "n_waypoints_completed": 9, "tot_waypoints": 9}}
