{"target": -189.73237072010565, "params": {"k_pid_pos": [1.1489907057300641, 0.0, 0.05848167980252049], "k_pid_alt": [1.6579604434700503, 0.0, 0.9288617358728324], "k_pid_att": [44.635648346251685, 3.466494540373964, 0.25242123901234714], "k_pid_yaw": [0.5, 1e-06, 0.1], "k_pid_hsp": [0.4357058716320913, 0.0, 0.0], "k_pid_vsp": [151.1801256127187, 1e-06, 1e-06]}, "datetime": {"datetime": "2025-08-13 15:54:07", "elapsed": 21975.391319990158, "delta": 18.442020177841187}, "costs": {"total_cost": 189.73237072010565, "time_cost": 72.163, "final_distance_cost": 1.8386907879603178, "oscillation_cost": 31.00324590684591, "completition_cost": 0.0, "overshoot_cost": 51.362224226105866, "power_cost": 12.563357495117188, "noise_cost": 20.80185230407638, "n_waypoints_completed": 9, "tot_waypoints": 9}}
{"target": -195.1011305873247, "params": {"k_pid_pos": [1.1875209425700861, 0.0, 0.08376680840729042], "k_pid_alt": [1.6298653691242342, 0.0, 0.9317399905062842], "k_pid_att": [34.30007161269337, 3.477632100270554, 0.25157155773717016], "k_pid_yaw": [0.5, 1e-06, 0.1], "k_pid_hsp": [0.26553348272844374, 0.0, 0.0], "k_pid_vsp": [91.8244392566429, 22.15192736958118, 1e-06]}, "datetime": {"datetime": "2025-08-13 15:54:25", "elapsed": 21993.651970863342, "delta": 18.260650873184204}, "costs": {"total_cost": 195.1011305873247, "time_cost": 71.568, "final_distance_cost": 1.8290222861300942, "oscillation_cost": 29.785985006636984, "completition_cost": 0.0, "overshoot_cost": 51.11883452404384, "power_cost": 18.71295966796875, "noise_cost": 22.08632910254498, "n_waypoints_completed": 9, "tot_waypoints": 9}}
{"target": -1272.9457737106864, "params": {"k_pid_pos": [1.2194973662596018, 0.01954020004450381, 0.045640377880827115], "k_pid_alt": [1.597262735077817, 0.0, 0.9674031016444381], "k_pid_att": [3.5513033903035414, 5.11049357416676, 0.23504824896416224], "k_pid_yaw": [0.5, 1e-06, 0.1], "k_pid_hsp": [0.043777427554103354, 0.7118572237541488, 0.0], "k_pid_vsp": [275.28853171497536, 16.221614968547186, 1e-06]}, "datetime": {"datetime": "2025-08-13 15:54:55", "elapsed": 22023.61904025078, "delta": 29.967069387435913}, "costs": {"total_cost": 1272.9457737106864, "time_cost": 150, "final_distance_cost": 85.75803075483151, "oscillation_cost": 128.62465921333222, "completition_cost": 777.7777777777778, "overshoot_cost": 54.61112346374293, "power_cost": 39.52572342529297, "noise_cost": 36.648459075709106, "n_waypoints_completed": 2, "tot_waypoints": 9}}
{"target": -5475.3530600227305, "params": {"k_pid_pos": [1.6203772719339444, 0.0, 0.18371101454255945], "k_pid_alt": [1.595647622694735, 0.0, 0.9135883335232159], "k_pid_att": [0.0, 1.2834943333321112, 0.22453264970354722], "k_pid_yaw": [0.5, 1e-06, 0.1], "k_pid_hsp": [0.22291925077126104, 0.04401566080734949, 0.0], "k_pid_vsp": [97.23573270889284, 26.92870719432357, 1e-06]}, "datetime": {"datetime": "2025-08-13 15:55:26", "elapsed": 22054.37934064865, "delta": 30.760300397872925}, "costs": {"total_cost": 5475.3530600227305, "time_cost": 150, "final_distance_cost": 481.1552911581911, "oscillation_cost": 1788.9579153257205, "completition_cost": 1000.0, "overshoot_cost": 1828.8816242220705, "power_cost": 58.44435808105469, "noise_cost": 167.91387123569308, "n_waypoints_completed": 0, "tot_waypoints": 9}}
{"target": -186.91951798143737, "params": {"k_pid_pos": [1.2036002365013996, 0.0, 0.08157000099114105], "k_pid_alt": [1.5974614242267635, 0.0, 0.946895509658329], "k_pid_att": [36.56731221459695, 3.459720891451066, 0.25182532827720777], "k_pid_yaw": [0.5, 1e-06, 0.1], "k_pid_hsp": [0.19914883761095112, 0.0, 0.0], "k_pid_vsp": [128.2057145542065, 27.479544581786495, 1e-06]}, "datetime": {"datetime": "2025-08-13 15:55:44", "elapsed": 22072.584585905075, "delta": 18.20524525642395}, "costs": {"total_cost": 186.91951798143737, "time_cost": 71.001, "final_distance_cost": 1.8332306738281863, "oscillation_cost": 29.82823968055991, "completition_cost": 0.0, "overshoot_cost": 50.52686472298584, "power_cost": 13.187544885253907, "noise_cost": 20.542638018809537, "n_waypoints_completed": 9, "tot_waypoints": 9}}
{"target": -187.99295371733078, "params": {"k_pid_pos": [1.1658361524773986, 0.0, 0.1007946310529298], "k_pid_alt": [1.627233867907331, 0.0, 0.9379774657631889], "k_pid_att": [37.2135131227937, 4.044185784099011, 0.2545560343805045], "k_pid_yaw": [0.5, 1e-06, 0.1], "k_pid_hsp": [0.27233020301331007, 0.0, 0.0], "k_pid_vsp": [107.6451572644561, 36.540075472474186, 1e-06]}, "datetime": {"datetime": "2025-08-13 15:56:02", "elapsed": 22090.97804903984, "delta": 18.393463134765625}, "costs": {"total_cost": 187.99295371733078, "time_cost": 70.70700000000001, "final_distance_cost": 1.827423982403771, "oscillation_cost": 29.794092827435282, "completition_cost": 0.0, "overshoot_cost": 50.91690911949022, "power_cost": 13.888705566406252, "noise_cost": 20.858822221595236, "n_waypoints_completed": 9, "tot_waypoints": 9}}
{"target": -192.79986909147812, "params": {"k_pid_pos": [1.2009672952681583, 0.0, 0.07544133722186995], "k_pid_alt": [1.6079674989212758, 0.0, 0.946503528836328], "k_pid_att": [35.41148948065874, 3.3755511750048015, 0.49042208728175185], "k_pid_yaw": [0.5, 1e-06, 0.1], "k_pid_hsp": [0.1705797538602934, 0.0, 0.0], "k_pid_vsp": [126.20875043828659, 24.21396705544759, 1e-06]}, "datetime": {"datetime": "2025-08-13 15:56:22", "elapsed": 22110.423824310303, "delta": 19.445775270462036}, "costs": {"total_cost": 192.79986909147812, "time_cost": 71.44200000000001, "final_distance_cost": 1.818843724950409, "oscillation_cost": 29.645079643380296, "completition_cost": 0.0, "overshoot_cost": 51.43679164300232, "power_cost": 16.751655480957034, "noise_cost": 21.70549859918806, "n_waypoints_completed": 9, "tot_waypoints": 9}}
{"target": -236.576545596723, "params": {"k_pid_pos": [0.3364039881981601, 0.0, 0.11574308344666182], "k_pid_alt": [1.6573803323840839, 0.0, 0.9433993911286994], "k_pid_att": [36.36882502886433, 3.382983610147719, 0.2567926565266709], "k_pid_yaw": [0.5, 1e-06, 0.1], "k_pid_hsp": [0.26299826626632994, 0.0, 0.0], "k_pid_vsp": [125.40094201326332, 24.461167526250744, 1e-06]}, "datetime": {"datetime": "2025-08-13 15:56:48", "elapsed": 22136.76619076729, "delta": 26.342366456985474}, "costs": {"total_cost": 236.576545596723, "time_cost": 100.24000000000001, "final_distance_cost": 1.8612207007660173, "oscillation_cost": 21.018290791869198, "completition_cost": 0.0, "overshoot_cost": 55.300234396720356, "power_cost": 23.953152221679687, "noise_cost": 34.20364748568774, "n_waypoints_completed": 9, "tot_waypoints": 9}}
{"target": -182.80103789333413, "params": {"k_pid_pos": [1.2002398912351677, 0.0, 0.08158376888406248], "k_pid_alt": [1.6280673771063916, 0.0, 0.9463520220707747], "k_pid_att": [36.67210566358164, 3.3751278022754327, 0.25001118178501086], "k_pid_yaw": [0.5, 1e-06, 0.1], "k_pid_hsp": [0.24636766650293984, 0.0, 0.0], "k_pid_vsp": [111.40991047104839, 28.875740100936035, 1e-06]}, "datetime": {"datetime": "2025-08-13 15:57:06", "elapsed": 22154.745217084885, "delta": 17.979026317596436}, "costs": {"total_cost": 182.80103789333413, "time_cost": 70.483, "final_distance_cost": 1.817878273147276, "oscillation_cost": 30.000082682012312, "completition_cost": 0.0, "overshoot_cost": 50.688396955449484, "power_cost": 10.250936022949219, "noise_cost": 19.560743959775824, "n_waypoints_completed": 9, "tot_waypoints": 9}}
{"target": -187.1110956940574, "params": {"k_pid_pos": [1.148374183605736, 0.0, 0.07996937061310808], "k_pid_alt": [1.5171162799827855, 0.0, 0.9191703830989834], "k_pid_att": [34.12144103262326, 3.339875902982934, 0.28342975194712683], "k_pid_yaw": [0.5, 1e-06, 0.1], "k_pid_hsp": [0.29094393668279767, 0.0, 0.0], "k_pid_vsp": [120.39821983092345, 23.581019951639032, 1e-06]}, "datetime": {"datetime": "2025-08-13 15:57:26", "elapsed": 22174.437022447586, "delta": 19.691805362701416}, "costs": {"total_cost": 187.1110956940574, "time_cost": 71.253, "final_distance_cost": 1.8271425262634045, "oscillation_cost": 29.789651930125082, "completition_cost": 0.0, "overshoot_cost": 51.10556333642475, "power_cost": 12.560077990722657, "noise_cost": 20.57565991052152, "n_waypoints_completed": 9, "tot_waypoints": 9}}
{"target": -191.39335353715143, "params": {"k_pid_pos": [0.9029682021845256, 0.0, 0.10507673535010313], "k_pid_alt": [1.634807438488822, 0.0, 0.9360904979589625], "k_pid_att": [44.13279049224817, 3.4170957657212093, 0.2523536639013136], "k_pid_yaw": [0.5, 1e-06, 0.1], "k_pid_hsp": [0.2814617594668597, 0.0, 0.0], "k_pid_vsp": [135.1454132312358, 44.0200042329663, 1e-06]}, "datetime": {"datetime": "2025-08-13 15:57:45", "elapsed": 22193.77095103264, "delta": 19.33392858505249}, "costs": {"total_cost": 191.39335353715143, "time_cost": 72.289, "final_distance_cost": 1.8406643397585492, "oscillation_cost": 27.665184415688568, "completition_cost": 0.0, "overshoot_cost": 50.772055773345144, "power_cost": 16.6314212890625, "noise_cost": 22.19502771929667, "n_waypoints_completed": 9, "tot_waypoints": 9}}
{"target": -186.16959173015235, "params": {"k_pid_pos": [1.0921100751321837, 0.0, 0.12655591715825215], "k_pid_alt": [1.5231068906490406, 0.0, 0.9767495028026678], "k_pid_att": [37.597370322443744, 3.423117723372024, 0.23851897491848514], "k_pid_yaw": [0.5, 1e-06, 0.1], "k_pid_hsp": [0.23876088487942448, 0.0, 0.0], "k_pid_vsp": [124.10567292332894, 20.80190917975804, 1e-06]}, "datetime": {"datetime": "2025-08-13 15:58:06", "elapsed": 22214.97067809105, "delta": 21.199727058410645}, "costs": {"total_cost": 186.16959173015235, "time_cost": 71.897, "final_distance_cost": 1.8353051309721415, "oscillation_cost": 29.24146084414753, "completition_cost": 0.0, "overshoot_cost": 51.11558404117812, "power_cost": 11.894644665527345, "noise_cost": 20.185597048327192, "n_waypoints_completed": 9, "tot_waypoints": 9}}
{"target": -183.5433382210579, "params": {"k_pid_pos": [1.4187674630377383, 0.0, 0.08942300496550654], "k_pid_alt": [1.6580928703819782, 0.0, 0.9498081228695444], "k_pid_att": [35.64663595809904, 3.2164279050916806, 0.24720349299488573], "k_pid_yaw": [0.5, 1e-06, 0.1], "k_pid_hsp": [0.2589331115926568, 0.0, 0.0], "k_pid_vsp": [123.10800559064783, 19.213610452495786, 1e-06]}, "datetime": {"datetime": "2025-08-13 15:58:25", "elapsed": 22233.369873285294, "delta": 18.399195194244385}, "costs": {"total_cost": 183.5433382210579, "time_cost": 70.686, "final_distance_cost": 1.8046296160940762, "oscillation_cost": 31.384633411738957, "completition_cost": 0.0, "overshoot_cost": 51.00670701936179, "power_cost": 9.585186474609376, "noise_cost": 19.07618169925367, "n_waypoints_completed": 9, "tot_waypoints": 9}}
{"target": -196.94453593218333, "params": {"k_pid_pos": [0.811435566426214, 0.027981387064638687, 0.08359806841014782], "k_pid_alt": [1.6401879935803503, 0.0, 0.9443675280896653], "k_pid_att": [35.031679653297545, 2.9840022137814532, 0.25026025302649146], "k_pid_yaw": [0.5, 1e-06, 0.1], "k_pid_hsp": [0.28341480123565976, 0.0, 0.0], "k_pid_vsp": [210.56875352941304, 33.99121581562737, 4.03953206294306]}, "datetime": {"datetime": "2025-08-13 15:58:45", "elapsed": 22253.849189043045, "delta": 20.479315757751465}, "costs": {"total_cost": 196.94453593218333, "time_cost": 73.437, "final_distance_cost": 1.841024025351629, "oscillation_cost": 26.620155150391444, "completition_cost": 0.0, "overshoot_cost": 51.59027777656151, "power_cost": 20.246227246093753, "noise_cost": 23.209851733785, "n_waypoints_completed": 9, "tot_waypoints": 9}}
{"target": -187.38407309194565, "params": {"k_pid_pos": [1.2191755122367138, 0.0, 0.20960908730524153], "k_pid_alt": [1.6013079445236456, 0.0, 0.9378253512196919], "k_pid_att": [38.48589338685879, 3.1803608500536127, 0.23587276514529756], "k_pid_yaw": [0.5, 1e-06, 0.1], "k_pid_hsp": [0.2621530652506817, 0.0, 0.0], "k_pid_vsp": [66.65981161338105, 22.78707137957972, 1e-06]}, "datetime": {"datetime": "2025-08-13 15:59:05", "elapsed": 22273.434822320938, "delta": 19.585633277893066}, "costs": {"total_cost": 187.38407309194565, "time_cost": 71.127, "final_distance_cost": 1.8368381926054203, "oscillation_cost": 29.24099375486484, "completition_cost": 0.0, "overshoot_cost": 51.006159036085705, "power_cost": 13.343691479492188, "noise_cost": 20.829390628897492, "n_waypoints_completed": 9, "tot_waypoints": 9}}
{"target": -203.03862864296914, "params": {"k_pid_pos": [0.5826612223334218, 0.0, 0.04687810114395382], "k_pid_alt": [1.6439672249642645, 0.0, 0.9630780751648166], "k_pid_att": [36.197928891106415, 3.962277283666066, 0.25371402542744104], "k_pid_yaw": [0.5, 1e-06, 0.1], "k_pid_hsp": [0.20538778099178664, 0.0, 0.0], "k_pid_vsp": [132.88006793776472, 27.33978317662156, 1e-06]}, "datetime": {"datetime": "2025-08-13 15:59:27", "elapsed": 22295.477014780045, "delta": 22.042192459106445}, "costs": {"total_cost": 203.03862864296914, "time_cost": 77.574, "final_distance_cost": 1.84549154556366, "oscillation_cost": 24.80392758178539, "completition_cost": 0.0, "overshoot_cost": 52.055139663091396, "power_cost": 21.75388995361328, "noise_cost": 25.006179898915416, "n_waypoints_completed": 9, "tot_waypoints": 9}}
{"target": -184.47802961229215, "params": {"k_pid_pos": [1.162114178840744, 0.0, 0.08327960897382061], "k_pid_alt": [1.6193501469509841, 0.0, 0.9440120473129409], "k_pid_att": [32.60489850975401, 3.3703572263554578, 0.3070224177564907], "k_pid_yaw": [0.5, 1e-06, 0.1], "k_pid_hsp": [0.2753780684229055, 0.0, 0.0], "k_pid_vsp": [125.7970140092786, 22.445035565628253, 1e-06]}, "datetime": {"datetime": "2025-08-13 15:59:47", "elapsed": 22315.90802192688, "delta": 20.431007146835327}, "costs": {"total_cost": 184.47802961229215, "time_cost": 70.917, "final_distance_cost": 1.8288137106245435, "oscillation_cost": 29.889656017488306, "completition_cost": 0.0, "overshoot_cost": 50.48419697677524, "power_cost": 11.294318310546876, "noise_cost": 20.064044596857173, "n_waypoints_completed": 9, "tot_waypoints": 9}}
{"target": -1245.433205277887, "params": {"k_pid_pos": [1.0845110171099341, 0.0, 0.17126497721662598], "k_pid_alt": [1.638179237913111, 0.0, 0.9404818440353997], "k_pid_att": [23.957170542234685, 1.8641011519677122, 0.27454140744369704], "k_pid_yaw": [0.5, 1e-06, 0.1], "k_pid_hsp": [0.0001, 0.0, 0.0], "k_pid_vsp": [135.35064597777355, 27.406296914863116, 1e-06]}, "datetime": {"datetime": "2025-08-13 16:00:21", "elapsed": 22349.52101445198, "delta": 33.61299252510071}, "costs": {"total_cost": 1245.433205277887, "time_cost": 150, "final_distance_cost": 47.95719459279504, "oscillation_cost": 0.013304323973320062, "completition_cost": 888.8888888888888, "overshoot_cost": 103.61749520826145, "power_cost": 21.717704553222656, "noise_cost": 33.23861771074585, "n_waypoints_completed": 1, "tot_waypoints": 9}}
{"target": -187.94913726604807, "params": {"k_pid_pos": [0.9962441071921285, 0.0, 0.09442563517284615], "k_pid_alt": [1.631843816481074, 0.0, 0.9536251939358364], "k_pid_att": [29.737483731962318, 3.0447387397761867, 0.3803020553144395], "k_pid_yaw": [0.5, 1e-06, 0.1], "k_pid_hsp": [0.24253434534935112, 0.0, 0.0], "k_pid_vsp": [118.63308191600585, 29.271575633295885, 1e-06]}, "datetime": {"datetime": "2025-08-13 16:00:41", "elapsed": 22369.807915449142, "delta": 20.286900997161865}, "costs": {"total_cost": 187.94913726604807, "time_cost": 71.631, "final_distance_cost": 1.8368146356193422, "oscillation_cost": 27.93742088628328, "completition_cost": 0.0, "overshoot_cost": 50.93279438342593, "power_cost": 14.348537353515626, "noise_cost": 21.262570007203898, "n_waypoints_completed": 9, "tot_waypoints": 9}}
{"target": -184.48180210927183, "params": {"k_pid_pos": [0.9807819296775294, 0.0, 0.0967543740957474], "k_pid_alt": [1.7516036250563407, 0.0, 0.9341224912736528], "k_pid_att": [40.67467748931235, 3.2056824129497334, 0.2492548486798142], "k_pid_yaw": [0.5, 1e-06, 0.1], "k_pid_hsp": [0.2636286247970419, 0.0, 0.0], "k_pid_vsp": [169.77991947023332, 22.274457153026795, 1e-06]}, "datetime": {"datetime": "2025-08-13 16:01:02", "elapsed": 22390.075701236725, "delta": 20.267785787582397}, "costs": {"total_cost": 184.48180210927183, "time_cost": 71.211, "final_distance_cost": 1.8370782966009434, "oscillation_cost": 28.189468862994683, "completition_cost": 0.0, "overshoot_cost": 50.71782897857293, "power_cost": 11.995470251464845, "noise_cost": 20.53095571963844, "n_waypoints_completed": 9, "tot_waypoints": 9}}
{"target": -186.25566687557244, "params": {"k_pid_pos": [1.1071631601871972, 0.0, 0.018541065626741182], "k_pid_alt": [1.59876074170994, 0.0, 0.9497870765548875], "k_pid_att": [34.60040853384151, 3.561834763028333, 0.25350646998054077], "k_pid_yaw": [0.5, 1e-06, 0.1], "k_pid_hsp": [0.2220686880286496, 0.0, 0.0], "k_pid_vsp": [122.97239456271922, 35.71126460341699, 1e-06]}, "datetime": {"datetime": "2025-08-13 16:01:22", "elapsed": 22410.327234983444, "delta": 20.25153374671936}, "costs": {"total_cost": 186.25566687557244, "time_cost": 70.77, "final_distance_cost": 1.8188985699570979, "oscillation_cost": 29.630584044310073, "completition_cost": 0.0, "overshoot_cost": 51.086523898847695, "power_cost": 12.618836083984375, "noise_cost": 20.330824278473216, "n_waypoints_completed": 9, "tot_waypoints": 9}}
{"target": -189.5259750009439, "params": {"k_pid_pos": [1.2739273434110367, 0.0, 0.08424796323995169], "k_pid_alt": [1.655560347261171, 0.0, 0.9257320210636619], "k_pid_att": [36.30484941159045, 3.6519227566664783, 0.2488876977488204], "k_pid_yaw": [0.5, 1e-06, 0.1], "k_pid_hsp": [0.23032663533913372, 0.0, 0.0], "k_pid_vsp": [124.83544053077601, 25.307486113667483, 1e-06]}, "datetime": {"datetime": "2025-08-13 16:01:42", "elapsed": 22430.085158348083, "delta": 19.757923364639282}, "costs": {"total_cost": 189.5259750009439, "time_cost": 71.008, "final_distance_cost": 1.8149910747675988, "oscillation_cost": 30.529672502343647, "completition_cost": 0.0, "overshoot_cost": 51.01311850826255, "power_cost": 14.338496325683595, "noise_cost": 20.821696589886542, "n_waypoints_completed": 9, "tot_waypoints": 9}}
{"target": -189.98701302894432, "params": {"k_pid_pos": [1.1360680665040332, 0.0, 0.044604336966445265], "k_pid_alt": [1.637707658403566, 0.0, 0.9661120067242941], "k_pid_att": [29.39690378383552, 3.014075232247577, 0.24013187462877963], "k_pid_yaw": [0.5, 1e-06, 0.1], "k_pid_hsp": [0.2648712693429621, 0.0, 0.0], "k_pid_vsp": [120.52344177236222, 29.33285642952878, 1e-06]}, "datetime": {"datetime": "2025-08-13 16:02:02", "elapsed": 22450.486185073853, "delta": 20.401026725769043}, "costs": {"total_cost": 189.98701302894432, "time_cost": 71.141, "final_distance_cost": 1.8253897549979798, "oscillation_cost": 29.924298798226353, "completition_cost": 0.0, "overshoot_cost": 50.82530280892037, "power_cost": 15.17291932373047, "noise_cost": 21.09810234306911, "n_waypoints_completed": 9, "tot_waypoints": 9}}
{"target": -193.48179700163604, "params": {"k_pid_pos": [1.1521994576590653, 0.0, 0.04517126674221889], "k_pid_alt": [1.6307314404114788, 0.0, 0.9767510057349359], "k_pid_att": [33.02036605904179, 3.859786976961437, 0.24946791302225785], "k_pid_yaw": [0.5, 1e-06, 0.1], "k_pid_hsp": [0.2871431573972842, 0.0, 0.0], "k_pid_vsp": [38.65062034136439, 19.21058562998425, 1e-06]}, "datetime": {"datetime": "2025-08-13 16:02:22", "elapsed": 22470.282059907913, "delta": 19.79587483406067}, "costs": {"total_cost": 193.48179700163604, "time_cost": 71.19, "final_distance_cost": 1.8131432107966947, "oscillation_cost": 29.619961309273563, "completition_cost": 0.0, "overshoot_cost": 51.111188425618266, "power_cost": 17.62560849609375, "noise_cost": 22.121895559853755, "n_waypoints_completed": 9, "tot_waypoints": 9}}
{"target": -188.12544207376266, "params": {"k_pid_pos": [1.1318608566587405, 0.0, 0.023612669062237586], "k_pid_alt": [1.521779351578882, 0.0, 0.9362523068757784], "k_pid_att": [34.32835766034517, 3.8232649328601553, 0.24488225781224737], "k_pid_yaw": [0.5, 1e-06, 0.1], "k_pid_hsp": [0.2739474320943511, 0.0, 0.0], "k_pid_vsp": [104.37871755519299, 24.001758486136506, 1e-06]}, "datetime": {"datetime": "2025-08-13 16:02:42", "elapsed": 22490.43602490425, "delta": 20.15396499633789}, "costs": {"total_cost": 188.12544207376266, "time_cost": 71.33, "final_distance_cost": 1.8257238717209903, "oscillation_cost": 29.986582250736202, "completition_cost": 0.0, "overshoot_cost": 51.05364707733058, "power_cost": 13.294440148925782, "noise_cost": 20.63504872504911, "n_waypoints_completed": 9, "tot_waypoints": 9}}
{"target": -191.89860603177712, "params": {"k_pid_pos": [1.1859934346648537, 0.0018405834750524763, 0.0206087553334039], "k_pid_alt": [1.6642494824592409, 0.0, 0.9443257815476631], "k_pid_att": [34.00539515449942, 3.1002776530829568, 0.25404633402182164], "k_pid_yaw": [0.5, 1e-06, 0.1], "k_pid_hsp": [0.26892128370210344, 0.0, 0.0], "k_pid_vsp": [189.1509907030012, 8.533322384811708, 1e-06]}, "datetime": {"datetime": "2025-08-13 16:03:03", "elapsed": 22511.085696935654, "delta": 20.649672031402588}, "costs": {"total_cost": 191.89860603177712, "time_cost": 71.596, "final_distance_cost": 1.8195355611715796, "oscillation_cost": 30.448975266046492, "completition_cost": 0.0, "overshoot_cost": 51.36543666428077, "power_cost": 15.384267529296876, "noise_cost": 21.284391010981413, "n_waypoints_completed": 9, "tot_waypoints": 9}}
