{"target": -191.57388728914304, "params": {"k_pid_pos": [1.1912435013113563, 0.0, 0.14555666930145567], "k_pid_alt": [1.773509842340806, 0.0, 0.9413530061837224], "k_pid_att": [37.45409906711663, 2.844507167586015, 0.23890383803542248], "k_pid_yaw": [0.5, 1e-06, 0.1], "k_pid_hsp": [0.27138387395108865, 0.0, 0.0], "k_pid_vsp": [68.40695054741548, 24.66588237870874, 1e-06]}, "datetime": {"datetime": "2025-08-13 16:29:03", "elapsed": 24071.885628700256, "delta": 18.889508724212646}, "costs": {"total_cost": 191.57388728914304, "time_cost": 70.889, "final_distance_cost": 1.8286520375365547, "oscillation_cost": 29.648682808165887, "completition_cost": 0.0, "overshoot_cost": 51.13255750732067, "power_cost": 16.49446774902344, "noise_cost": 21.5805271870965, "n_waypoints_completed": 9, "tot_waypoints": 9}}
{"target": -186.57646251461622, "params": {"k_pid_pos": [1.1406163682402481, 0.0, 0.09346911554727907], "k_pid_alt": [1.5873188295523348, 0.0, 0.9382700019040955], "k_pid_att": [35.905135369278305, 3.516529651723144, 0.24123586621319987], "k_pid_yaw": [0.5, 1e-06, 0.1], "k_pid_hsp": [0.1506303056068721, 0.0, 0.0], "k_pid_vsp": [124.90308305317939, 23.651815646314695, 1e-06]}, "datetime": {"datetime": "2025-08-13 16:29:23", "elapsed": 24091.39006114006, "delta": 19.504432439804077}, "costs": {"total_cost": 186.57646251461622, "time_cost": 71.32300000000001, "final_distance_cost": 1.8020033276320853, "oscillation_cost": 28.607152541006975, "completition_cost": 0.0, "overshoot_cost": 51.373087683040566, "power_cost": 12.883790588378908, "noise_cost": 20.587428374557714, "n_waypoints_completed": 9, "tot_waypoints": 9}}
{"target": -193.30533584594423, "params": {"k_pid_pos": [1.1780091445559764, 0.0, 0.08287524086218502], "k_pid_alt": [1.6179529149214649, 0.0, 0.9415929912269472], "k_pid_att": [37.65444353260774, 3.3656312013958143, 0.2790147686425818], "k_pid_yaw": [0.5, 1e-06, 0.1], "k_pid_hsp": [0.2608730893492396, 0.0, 0.0], "k_pid_vsp": [117.11314365248046, 22.934951783445854, 1e-06]}, "datetime": {"datetime": "2025-08-13 16:29:45", "elapsed": 24113.620628595352, "delta": 22.230567455291748}, "costs": {"total_cost": 193.30533584594423, "time_cost": 71.218, "final_distance_cost": 1.8207558095167522, "oscillation_cost": 29.78531005107473, "completition_cost": 0.0, "overshoot_cost": 51.209507102274884, "power_cost": 17.539650939941406, "noise_cost": 21.732111943136466, "n_waypoints_completed": 9, "tot_waypoints": 9}}
{"target": -187.2369863862206, "params": {"k_pid_pos": [1.205116525229856, 0.0, 0.280014614300793], "k_pid_alt": [1.6287405214144774, 0.0, 0.9419354678031647], "k_pid_att": [35.928733704716194, 1.8083257627381244, 0.27260128907773307], "k_pid_yaw": [0.5, 1e-06, 0.1], "k_pid_hsp": [0.28508938557956426, 0.0, 0.0], "k_pid_vsp": [133.18197232784837, 23.157724056975354, 1e-06]}, "datetime": {"datetime": "2025-08-13 16:30:05", "elapsed": 24133.076852321625, "delta": 19.456223726272583}, "costs": {"total_cost": 187.2369863862206, "time_cost": 71.4, "final_distance_cost": 1.8397129860053911, "oscillation_cost": 28.975973959269876, "completition_cost": 0.0, "overshoot_cost": 50.56476777148493, "power_cost": 13.306933959960938, "noise_cost": 21.14959770949947, "n_waypoints_completed": 9, "tot_waypoints": 9}}
{"target": -197.81881326541946, "params": {"k_pid_pos": [1.2000575657296246, 0.0, 0.07189213066350568], "k_pid_alt": [1.6344032348271478, 0.0, 0.9646991574326657], "k_pid_att": [42.28866017768481, 3.2692237840792355, 0.26121360638106395], "k_pid_yaw": [0.5, 1e-06, 0.1], "k_pid_hsp": [0.26456511945447087, 0.0, 0.0], "k_pid_vsp": [122.77902249400627, 26.29304738287526, 1e-06]}, "datetime": {"datetime": "2025-08-13 16:30:26", "elapsed": 24154.120527505875, "delta": 21.043675184249878}, "costs": {"total_cost": 197.81881326541946, "time_cost": 71.84100000000001, "final_distance_cost": 1.82893167950059, "oscillation_cost": 29.645722208029735, "completition_cost": 0.0, "overshoot_cost": 51.76601941581788, "power_cost": 20.304867041015626, "noise_cost": 22.432272921055617, "n_waypoints_completed": 9, "tot_waypoints": 9}}
{"target": -182.50600916161065, "params": {"k_pid_pos": [0.9591215246577082, 0.0, 0.07977900297204597], "k_pid_alt": [1.6914784914840175, 0.0, 0.9327643960919951], "k_pid_att": [35.04821168377265, 3.531165279288369, 0.25367577450945944], "k_pid_yaw": [0.5, 1e-06, 0.1], "k_pid_hsp": [0.2747513842530677, 0.0, 0.0], "k_pid_vsp": [192.87958263836973, 21.266285732845088, 1e-06]}, "datetime": {"datetime": "2025-08-13 16:30:44", "elapsed": 24172.607563734055, "delta": 18.48703622817993}, "costs": {"total_cost": 182.50600916161065, "time_cost": 71.512, "final_distance_cost": 1.8412424281238706, "oscillation_cost": 28.288442371180306, "completition_cost": 0.0, "overshoot_cost": 50.93286073076774, "power_cost": 10.016767419433593, "noise_cost": 19.91469621210512, "n_waypoints_completed": 9, "tot_waypoints": 9}}
{"target": -185.7233172509394, "params": {"k_pid_pos": [1.1951992762973802, 0.0, 0.06891444205477344], "k_pid_alt": [1.6307465407321684, 0.0, 0.9413877053893531], "k_pid_att": [38.01402966430301, 3.472418661235911, 0.2527266348972212], "k_pid_yaw": [0.5, 1e-06, 0.1], "k_pid_hsp": [0.2629934056950578, 0.0, 0.0], "k_pid_vsp": [125.24383232115582, 32.156079807243586, 1e-06]}, "datetime": {"datetime": "2025-08-13 16:31:03", "elapsed": 24191.509536266327, "delta": 18.90197253227234}, "costs": {"total_cost": 185.7233172509394, "time_cost": 70.714, "final_distance_cost": 1.8291294007418717, "oscillation_cost": 30.284516825300923, "completition_cost": 0.0, "overshoot_cost": 50.548484095871665, "power_cost": 12.121320739746094, "noise_cost": 20.225866189278822, "n_waypoints_completed": 9, "tot_waypoints": 9}}
{"target": -189.37682100469505, "params": {"k_pid_pos": [1.1134380730215119, 0.0, 0.08404489446535304], "k_pid_alt": [1.6306881727220606, 0.0, 0.9382124032895738], "k_pid_att": [36.38855690759097, 3.0057182272990857, 0.2685119147637313], "k_pid_yaw": [0.5, 1e-06, 0.1], "k_pid_hsp": [0.30169916080712056, 0.0, 0.0], "k_pid_vsp": [125.13512182570551, 21.91055927754629, 1e-06]}, "datetime": {"datetime": "2025-08-13 16:31:21", "elapsed": 24209.484139442444, "delta": 17.974603176116943}, "costs": {"total_cost": 189.37682100469505, "time_cost": 71.288, "final_distance_cost": 1.8454516633184763, "oscillation_cost": 29.770796674682455, "completition_cost": 0.0, "overshoot_cost": 51.12473863367378, "power_cost": 14.385855969238282, "noise_cost": 20.96197806378204, "n_waypoints_completed": 9, "tot_waypoints": 9}}
{"target": -191.29234115285206, "params": {"k_pid_pos": [1.1354413704608262, 0.0, 0.07552112615826755], "k_pid_alt": [1.6106839370115278, 0.0, 0.9420587248748322], "k_pid_att": [36.60655763913534, 2.688563097418373, 0.255910788585924], "k_pid_yaw": [0.5, 1e-06, 0.1], "k_pid_hsp": [0.28206200517386953, 0.0, 0.0], "k_pid_vsp": [119.02948681231987, 5.115041902744588, 1e-06]}, "datetime": {"datetime": "2025-08-13 16:31:41", "elapsed": 24229.135114192963, "delta": 19.6509747505188}, "costs": {"total_cost": 191.29234115285206, "time_cost": 71.827, "final_distance_cost": 1.8395746039235967, "oscillation_cost": 29.706674546599825, "completition_cost": 0.0, "overshoot_cost": 51.068038691481036, "power_cost": 15.429560424804688, "noise_cost": 21.421492886042937, "n_waypoints_completed": 9, "tot_waypoints": 9}}
{"target": -187.45755829982176, "params": {"k_pid_pos": [1.1546199857707788, 0.0, 0.10153419911773957], "k_pid_alt": [1.6082723641441175, 0.0, 0.9327663267991861], "k_pid_att": [35.506902445179904, 3.334989108787873, 0.24054884436608168], "k_pid_yaw": [0.5, 1e-06, 0.1], "k_pid_hsp": [0.2621836141484795, 0.0, 0.0], "k_pid_vsp": [52.140537884808076, 21.849575988487054, 1e-06]}, "datetime": {"datetime": "2025-08-13 16:32:02", "elapsed": 24250.9079349041, "delta": 21.772820711135864}, "costs": {"total_cost": 187.45755829982176, "time_cost": 70.476, "final_distance_cost": 1.8314307070640718, "oscillation_cost": 29.46833748748426, "completition_cost": 0.0, "overshoot_cost": 50.44301494517188, "power_cost": 14.331424865722656, "noise_cost": 20.907350294378872, "n_waypoints_completed": 9, "tot_waypoints": 9}}
{"target": -193.2333335954998, "params": {"k_pid_pos": [1.0960332933326113, 0.0, 0.10379198394602572], "k_pid_alt": [1.8044827209766168, 0.0, 0.9429531495137393], "k_pid_att": [39.11833951832656, 3.562078354712169, 0.25564558585738717], "k_pid_yaw": [0.5, 1e-06, 0.1], "k_pid_hsp": [0.25724612761981985, 0.0, 0.0], "k_pid_vsp": [133.22692878330807, 26.1536004552391, 1e-06]}, "datetime": {"datetime": "2025-08-13 16:32:21", "elapsed": 24269.513820171356, "delta": 18.60588526725769}, "costs": {"total_cost": 193.2333335954998, "time_cost": 71.4, "final_distance_cost": 1.8290984868909903, "oscillation_cost": 28.913617113417647, "completition_cost": 0.0, "overshoot_cost": 51.4532747168704, "power_cost": 17.60553065185547, "noise_cost": 22.031812626465292, "n_waypoints_completed": 9, "tot_waypoints": 9}}
{"target": -192.20439033803606, "params": {"k_pid_pos": [1.181006687640534, 0.019356873443260054, 0.03858178385643539], "k_pid_alt": [1.665064352265375, 0.0, 0.9707124899429649], "k_pid_att": [34.55093390792401, 4.314402844286207, 0.2455860839924025], "k_pid_yaw": [0.5, 1e-06, 0.1], "k_pid_hsp": [0.2681154833113962, 0.0, 0.0], "k_pid_vsp": [149.54296629192865, 4.335452542035142, 0.3805759024457154]}, "datetime": {"datetime": "2025-08-13 16:32:43", "elapsed": 24291.076683044434, "delta": 21.562862873077393}, "costs": {"total_cost": 192.20439033803606, "time_cost": 72.177, "final_distance_cost": 1.8336658272898336, "oscillation_cost": 30.510998094051867, "completition_cost": 0.0, "overshoot_cost": 51.38617865951932, "power_cost": 14.976603515625001, "noise_cost": 21.31994424155001, "n_waypoints_completed": 9, "tot_waypoints": 9}}
{"target": -199.3843475913681, "params": {"k_pid_pos": [1.1744415398504933, 0.0, 0.08492563157089154], "k_pid_alt": [1.6871039935154182, 0.0, 0.9297270061810357], "k_pid_att": [36.86899007861957, 3.3659208788859383, 0.253465887213421], "k_pid_yaw": [0.5, 1e-06, 0.1], "k_pid_hsp": [0.2391136354668482, 0.0, 0.0], "k_pid_vsp": [147.80357499510765, 19.475730632863282, 1e-06]}, "datetime": {"datetime": "2025-08-13 16:33:06", "elapsed": 24314.46230340004, "delta": 23.38562035560608}, "costs": {"total_cost": 199.3843475913681, "time_cost": 73.304, "final_distance_cost": 1.8297633015071586, "oscillation_cost": 30.280754301392655, "completition_cost": 0.0, "overshoot_cost": 51.65110555389804, "power_cost": 19.706599169921876, "noise_cost": 22.61212526464837, "n_waypoints_completed": 9, "tot_waypoints": 9}}
{"target": -198.4881835971301, "params": {"k_pid_pos": [1.1356982747304938, 0.0, 0.0898198161337166], "k_pid_alt": [1.6286852197477686, 0.0, 0.9362078540276265], "k_pid_att": [36.74836191814314, 3.51070352526863, 0.24214939417873124], "k_pid_yaw": [0.5, 1e-06, 0.1], "k_pid_hsp": [0.23327377657535595, 0.0, 0.0], "k_pid_vsp": [129.61430169165692, 24.17635673497894, 1e-06]}, "datetime": {"datetime": "2025-08-13 16:33:27", "elapsed": 24335.407490968704, "delta": 20.94518756866455}, "costs": {"total_cost": 198.4881835971301, "time_cost": 72.996, "final_distance_cost": 1.8400476444065283, "oscillation_cost": 30.07270975554597, "completition_cost": 0.0, "overshoot_cost": 51.4446132851323, "power_cost": 19.523462170410156, "noise_cost": 22.61135074163514, "n_waypoints_completed": 9, "tot_waypoints": 9}}
{"target": -210.50517384583804, "params": {"k_pid_pos": [1.1643061051935462, 0.053369926064415166, 0.07438314274161215], "k_pid_alt": [1.6538041607061365, 0.0, 0.9639423084771475], "k_pid_att": [25.544256408558734, 3.403588031141296, 0.26446406890418367], "k_pid_yaw": [0.5, 1e-06, 0.1], "k_pid_hsp": [0.03831551599748095, 0.007214602603453099, 0.0], "k_pid_vsp": [123.36935978916726, 21.644635680472323, 4.353985202045441]}, "datetime": {"datetime": "2025-08-13 16:33:54", "elapsed": 24362.842849731445, "delta": 27.43535876274109}, "costs": {"total_cost": 210.50517384583804, "time_cost": 89.11, "final_distance_cost": 1.725317727402673, "oscillation_cost": 23.30172877125523, "completition_cost": 0.0, "overshoot_cost": 56.46211068351284, "power_cost": 14.81930830078125, "noise_cost": 25.08670836288608, "n_waypoints_completed": 9, "tot_waypoints": 9}}
{"target": -199.3063201138981, "params": {"k_pid_pos": [0.6179873624355391, 0.0, 0.10615729203373202], "k_pid_alt": [1.6336671292501321, 0.0, 1.0], "k_pid_att": [58.05142846265532, 3.342618415587133, 0.27203748495875124], "k_pid_yaw": [0.5, 1e-06, 0.1], "k_pid_hsp": [0.20049912436026193, 0.0, 0.0], "k_pid_vsp": [138.45684067513074, 19.67001134717671, 0.3252596670446586]}, "datetime": {"datetime": "2025-08-13 16:34:15", "elapsed": 24383.328359127045, "delta": 20.485509395599365}, "costs": {"total_cost": 199.3063201138981, "time_cost": 77.805, "final_distance_cost": 1.8518253011729289, "oscillation_cost": 24.853015438861203, "completition_cost": 0.0, "overshoot_cost": 52.24315289897559, "power_cost": 18.14947470703125, "noise_cost": 24.403851767857102, "n_waypoints_completed": 9, "tot_waypoints": 9}}
{"target": -193.37593020870125, "params": {"k_pid_pos": [1.1637078446761553, 0.013550715878999031, 0.041506192988620794], "k_pid_alt": [1.6091727893420817, 0.0, 0.9564267725574128], "k_pid_att": [44.54287095359501, 3.3820084333609115, 0.2270404290676809], "k_pid_yaw": [0.5, 1e-06, 0.1], "k_pid_hsp": [0.19298239523392358, 0.0, 0.0], "k_pid_vsp": [132.55386838141146, 14.797098875221392, 1e-06]}, "datetime": {"datetime": "2025-08-13 16:34:33", "elapsed": 24401.760154247284, "delta": 18.431795120239258}, "costs": {"total_cost": 193.37593020870125, "time_cost": 72.135, "final_distance_cost": 1.7960760725004523, "oscillation_cost": 29.8788517212002, "completition_cost": 0.0, "overshoot_cost": 51.55720707974438, "power_cost": 16.290864575195315, "noise_cost": 21.717930760060877, "n_waypoints_completed": 9, "tot_waypoints": 9}}
{"target": -191.381508375026, "params": {"k_pid_pos": [1.189088500746612, 0.0, 0.08255163555078812], "k_pid_alt": [1.6707213004975567, 0.0, 0.9587213210126672], "k_pid_att": [34.585578931082225, 3.416895635886449, 0.25066999953744], "k_pid_yaw": [0.5, 1e-06, 0.1], "k_pid_hsp": [0.24043590786564928, 0.0, 0.0], "k_pid_vsp": [107.50353951533435, 23.389203473689864, 1e-06]}, "datetime": {"datetime": "2025-08-13 16:34:52", "elapsed": 24420.33605003357, "delta": 18.5758957862854}, "costs": {"total_cost": 191.381508375026, "time_cost": 71.176, "final_distance_cost": 1.8162359771074879, "oscillation_cost": 29.71029736159585, "completition_cost": 0.0, "overshoot_cost": 50.882773223385634, "power_cost": 16.357621337890627, "noise_cost": 21.438580475046383, "n_waypoints_completed": 9, "tot_waypoints": 9}}
{"target": -216.73127476978, "params": {"k_pid_pos": [1.0928892868615896, 0.0, 0.10575998505353001], "k_pid_alt": [1.6779416929176167, 0.0, 0.956021273705208], "k_pid_att": [16.33624787872111, 2.13923816920337, 0.2490842512230734], "k_pid_yaw": [0.5, 1e-06, 0.1], "k_pid_hsp": [0.4112295323671839, 0.0, 0.0], "k_pid_vsp": [24.77865529995406, 1e-06, 1e-06]}, "datetime": {"datetime": "2025-08-13 16:35:12", "elapsed": 24440.858180999756, "delta": 20.522130966186523}, "costs": {"total_cost": 216.73127476978, "time_cost": 81.172, "final_distance_cost": 1.8068079989535342, "oscillation_cost": 30.274867477765188, "completition_cost": 0.0, "overshoot_cost": 55.70026720165625, "power_cost": 20.482608020019534, "noise_cost": 27.29472407138548, "n_waypoints_completed": 9, "tot_waypoints": 9}}
{"target": -195.12814562604137, "params": {"k_pid_pos": [1.4781995831721697, 0.0, 0.16961184274309915], "k_pid_alt": [1.609372422945636, 0.0, 0.944053400107845], "k_pid_att": [11.686665131690145, 0.6233146031715473, 0.2084190288896573], "k_pid_yaw": [0.5, 1e-06, 0.1], "k_pid_hsp": [0.2647211007644522, 0.03043982737900285, 0.0], "k_pid_vsp": [162.6999607364668, 12.894478997308365, 1e-06]}, "datetime": {"datetime": "2025-08-13 16:35:31", "elapsed": 24459.80842280388, "delta": 18.950241804122925}, "costs": {"total_cost": 195.12814562604137, "time_cost": 71.33, "final_distance_cost": 1.8184543689773887, "oscillation_cost": 31.85719913991254, "completition_cost": 0.0, "overshoot_cost": 51.129756346971554, "power_cost": 17.439094299316405, "noise_cost": 21.55364147086351, "n_waypoints_completed": 9, "tot_waypoints": 9}}
{"target": -202.63270726423258, "params": {"k_pid_pos": [1.2095138929109899, 0.0, 0.0862147903738788], "k_pid_alt": [1.601955045582174, 0.0, 0.9408012083652527], "k_pid_att": [37.0858067958972, 3.2462066183849525, 0.2521812014601809], "k_pid_yaw": [0.5, 1e-06, 0.1], "k_pid_hsp": [0.06254293504579594, 0.0, 0.0], "k_pid_vsp": [130.52700026388504, 27.189184998129548, 1e-06]}, "datetime": {"datetime": "2025-08-13 16:35:52", "elapsed": 24480.36510658264, "delta": 20.556683778762817}, "costs": {"total_cost": 202.63270726423258, "time_cost": 77.72800000000001, "final_distance_cost": 1.759615464993063, "oscillation_cost": 26.13822912940279, "completition_cost": 0.0, "overshoot_cost": 53.89611084097929, "power_cost": 19.436336767578126, "noise_cost": 23.67441506127929, "n_waypoints_completed": 9, "tot_waypoints": 9}}
{"target": -187.09343497410063, "params": {"k_pid_pos": [1.152282340973426, 0.0, 0.10348401767956121], "k_pid_alt": [1.6273076251640821, 0.0, 0.941849968796533], "k_pid_att": [36.7779365974241, 4.046659264875723, 0.24778030043433658], "k_pid_yaw": [0.5, 1e-06, 0.1], "k_pid_hsp": [0.27217023643168425, 0.0, 0.0], "k_pid_vsp": [102.67079182849233, 42.47515158614169, 1e-06]}, "datetime": {"datetime": "2025-08-13 16:36:10", "elapsed": 24498.503292560577, "delta": 18.13818597793579}, "costs": {"total_cost": 187.09343497410063, "time_cost": 70.763, "final_distance_cost": 1.840863857470271, "oscillation_cost": 29.782548402978524, "completition_cost": 0.0, "overshoot_cost": 50.512157738102125, "power_cost": 13.558435852050781, "noise_cost": 20.636429123498907, "n_waypoints_completed": 9, "tot_waypoints": 9}}
{"target": -187.78474690748774, "params": {"k_pid_pos": [0.9361835871390624, 0.0, 0.07375020694634475], "k_pid_alt": [1.6208571268986265, 0.0, 0.9450562504676444], "k_pid_att": [36.451695818111105, 3.69770564618785, 1.0], "k_pid_yaw": [0.5, 1e-06, 0.1], "k_pid_hsp": [0.2679578850236478, 0.0, 0.0], "k_pid_vsp": [126.76624764143997, 25.608711513925115, 1e-06]}, "datetime": {"datetime": "2025-08-13 16:36:28", "elapsed": 24516.309938430786, "delta": 17.80664587020874}, "costs": {"total_cost": 187.78474690748774, "time_cost": 71.58200000000001, "final_distance_cost": 1.8474425728004533, "oscillation_cost": 27.918152766916084, "completition_cost": 0.0, "overshoot_cost": 50.62330118816976, "power_cost": 14.366774963378907, "noise_cost": 21.447075416222543, "n_waypoints_completed": 9, "tot_waypoints": 9}}
{"target": -223.3646120407341, "params": {"k_pid_pos": [0.33234303784592933, 0.0, 0.12971404730296596], "k_pid_alt": [1.636046552523452, 0.0, 0.9456338431505268], "k_pid_att": [35.38590131277857, 3.368409386139215, 0.24837998990932444], "k_pid_yaw": [0.5, 1e-06, 0.1], "k_pid_hsp": [0.26800113421186655, 0.0, 0.0], "k_pid_vsp": [127.2133923361231, 22.164306709593276, 1e-06]}, "datetime": {"datetime": "2025-08-13 16:36:55", "elapsed": 24543.252276182175, "delta": 26.94233775138855}, "costs": {"total_cost": 223.3646120407341, "time_cost": 101.409, "final_distance_cost": 1.8585291817428071, "oscillation_cost": 20.926993528267555, "completition_cost": 0.0, "overshoot_cost": 54.8819022839308, "power_cost": 13.31082568359375, "noise_cost": 30.97736136319917, "n_waypoints_completed": 9, "tot_waypoints": 9}}
{"target": -200.17163982164107, "params": {"k_pid_pos": [1.1895695447300279, 0.0, 0.08341619047034307], "k_pid_alt": [1.6279584429686758, 0.0, 0.9442195613327915], "k_pid_att": [36.5720563462169, 3.3672074461559323, 0.2499628279127381], "k_pid_yaw": [0.5, 1e-06, 0.1], "k_pid_hsp": [0.2435795253900936, 0.0, 0.0], "k_pid_vsp": [102.20460257550425, 24.79776665619583, 1e-06]}, "datetime": {"datetime": "2025-08-13 16:37:14", "elapsed": 24562.34680056572, "delta": 19.094524383544922}, "costs": {"total_cost": 200.17163982164107, "time_cost": 72.926, "final_distance_cost": 1.8186323707631673, "oscillation_cost": 30.857851517706344, "completition_cost": 0.0, "overshoot_cost": 51.341785001132756, "power_cost": 20.7094435546875, "noise_cost": 22.517927377351274, "n_waypoints_completed": 9, "tot_waypoints": 9}}
{"target": -186.5052983103767, "params": {"k_pid_pos": [1.1516527100639633, 0.0008834303379015682, 0.0773556476300376], "k_pid_alt": [1.5721740897524241, 0.0, 0.9641459932896609], "k_pid_att": [34.84121079154845, 3.334535757187373, 0.270926337260763], "k_pid_yaw": [0.5, 1e-06, 0.1], "k_pid_hsp": [0.2798964709256915, 0.0, 0.0], "k_pid_vsp": [120.52350979037868, 23.356703065616035, 1e-06]}, "datetime": {"datetime": "2025-08-13 16:37:33", "elapsed": 24581.546868801117, "delta": 19.20006823539734}, "costs": {"total_cost": 186.5052983103767, "time_cost": 71.246, "final_distance_cost": 1.8385146328514552, "oscillation_cost": 29.854603774057257, "completition_cost": 0.0, "overshoot_cost": 50.71619335562399, "power_cost": 12.3665744140625, "noise_cost": 20.483412133781474, "n_waypoints_completed": 9, "tot_waypoints": 9}}
