{"target": -180.92736403331423, "params": {"k_pid_pos": [1.1846450076455581, 0.0, 0.23927452098488747], "k_pid_alt": [1.7158269046595571, 0.0, 0.9578791389392451], "k_pid_att": [38.423009132308046, 2.7610251546824442, 0.22897685033966433], "k_pid_yaw": [0.5, 1e-06, 0.1], "k_pid_hsp": [0.2655749833841101, 0.0, 0.0], "k_pid_vsp": [88.89329594590791, 21.90779952254106, 1e-06]}, "datetime": {"datetime": "2025-08-13 14:19:01", "elapsed": 16269.434623241425, "delta": 19.01634407043457}, "costs": {"total_cost": 180.92736403331423, "time_cost": 70.679, "final_distance_cost": 1.8471904014283327, "oscillation_cost": 29.642686367068094, "completition_cost": 0.0, "overshoot_cost": 50.49711140024342, "power_cost": 9.048662854003906, "noise_cost": 19.212713010570482, "n_waypoints_completed": 9, "tot_waypoints": 9}}
{"target": -181.29939117044066, "params": {"k_pid_pos": [0.6690443767623444, 0.0, 0.0245402646031744], "k_pid_alt": [1.6088723929477105, 0.0, 0.9777525677439225], "k_pid_att": [35.280016891044305, 3.954817615197976, 0.2632912723682587], "k_pid_yaw": [0.5, 1e-06, 0.1], "k_pid_hsp": [0.17787971193610916, 0.0, 0.0], "k_pid_vsp": [140.63040143861875, 27.4977088837921, 1e-06]}, "datetime": {"datetime": "2025-08-13 14:19:24", "elapsed": 16292.507941484451, "delta": 23.073318243026733}, "costs": {"total_cost": 181.29939117044066, "time_cost": 73.745, "final_distance_cost": 1.8491521738054175, "oscillation_cost": 25.20195361046546, "completition_cost": 0.0, "overshoot_cost": 51.023353665416636, "power_cost": 9.287234167480468, "noise_cost": 20.192697553272662, "n_waypoints_completed": 9, "tot_waypoints": 9}}
{"target": -190.07642269929508, "params": {"k_pid_pos": [1.1721672642956351, 0.0, 0.06504090489404397], "k_pid_alt": [1.5932471129151653, 0.0, 0.9221736975689101], "k_pid_att": [49.39113697048765, 3.308187421203445, 0.7186328690126984], "k_pid_yaw": [0.5, 1e-06, 0.1], "k_pid_hsp": [0.24640529265695088, 0.0, 0.0], "k_pid_vsp": [136.54652957517794, 16.58214326433431, 0.010740558356078215]}, "datetime": {"datetime": "2025-08-13 14:19:46", "elapsed": 16314.546894550323, "delta": 22.038953065872192}, "costs": {"total_cost": 190.07642269929508, "time_cost": 71.491, "final_distance_cost": 1.8194216806188026, "oscillation_cost": 29.666812318773395, "completition_cost": 0.0, "overshoot_cost": 51.4349382781725, "power_cost": 14.477558325195313, "noise_cost": 21.186692096535076, "n_waypoints_completed": 9, "tot_waypoints": 9}}
{"target": -194.81956928042666, "params": {"k_pid_pos": [1.2434078984167267, 0.0, 0.11575728128649465], "k_pid_alt": [1.6246036866564324, 0.0, 0.9490101254260421], "k_pid_att": [34.160314804023145, 2.566456341816474, 0.2667977191790155], "k_pid_yaw": [0.5, 1e-06, 0.1], "k_pid_hsp": [0.15571335355162855, 0.0, 0.0], "k_pid_vsp": [152.14842702836586, 21.3321031159566, 1e-06]}, "datetime": {"datetime": "2025-08-13 14:20:07", "elapsed": 16335.17601776123, "delta": 20.629123210906982}, "costs": {"total_cost": 194.81956928042666, "time_cost": 71.93900000000001, "final_distance_cost": 1.8223684355302094, "oscillation_cost": 29.14492773038944, "completition_cost": 0.0, "overshoot_cost": 51.86377963583061, "power_cost": 17.998205505371093, "noise_cost": 22.05128797330532, "n_waypoints_completed": 9, "tot_waypoints": 9}}
{"target": -190.73015239546294, "params": {"k_pid_pos": [0.6955600636644275, 0.0, 0.03343033117239712], "k_pid_alt": [1.632468350956653, 0.0, 0.9593340668093414], "k_pid_att": [30.954994314502088, 1.8746297377834982, 0.3169382085066836], "k_pid_yaw": [0.5, 1e-06, 0.1], "k_pid_hsp": [0.11386246609561361, 0.0, 0.0], "k_pid_vsp": [164.73819860219885, 23.391962750538497, 1e-06]}, "datetime": {"datetime": "2025-08-13 14:20:26", "elapsed": 16354.742737054825, "delta": 19.56671929359436}, "costs": {"total_cost": 190.73015239546294, "time_cost": 73.983, "final_distance_cost": 1.8134657838771815, "oscillation_cost": 23.066187890245125, "completition_cost": 0.0, "overshoot_cost": 52.21348846640632, "power_cost": 17.17649571533203, "noise_cost": 22.47751453960227, "n_waypoints_completed": 9, "tot_waypoints": 9}}
{"target": -186.8967141234017, "params": {"k_pid_pos": [0.8985064183965824, 0.0, 0.05133331505480063], "k_pid_alt": [1.194010577887188, 0.0, 0.9396404825389683], "k_pid_att": [40.565413097964885, 3.6418951097834085, 0.25754682292432274], "k_pid_yaw": [0.5, 1e-06, 0.1], "k_pid_hsp": [0.26481988395253436, 0.0, 0.0], "k_pid_vsp": [168.9890897183244, 8.918617810626442, 1e-06]}, "datetime": {"datetime": "2025-08-13 14:20:45", "elapsed": 16373.70938205719, "delta": 18.966645002365112}, "costs": {"total_cost": 186.8967141234017, "time_cost": 75.061, "final_distance_cost": 1.8497715036089961, "oscillation_cost": 28.253696779967672, "completition_cost": 0.0, "overshoot_cost": 51.068153192884495, "power_cost": 10.256493945312501, "noise_cost": 20.40759870162802, "n_waypoints_completed": 9, "tot_waypoints": 9}}
{"target": -200.11239712730784, "params": {"k_pid_pos": [0.8988263858661165, 0.0, 0.05496789703791363], "k_pid_alt": [1.6131549791730084, 0.0, 0.9785996092167721], "k_pid_att": [30.518407888114027, 3.6475184797850027, 0.23138099092511027], "k_pid_yaw": [0.5, 1e-06, 0.1], "k_pid_hsp": [0.1501420764201722, 0.0, 0.0], "k_pid_vsp": [127.93323204424742, 10.175899702246575, 1e-06]}, "datetime": {"datetime": "2025-08-13 14:21:05", "elapsed": 16393.869655132294, "delta": 20.16027307510376}, "costs": {"total_cost": 200.11239712730784, "time_cost": 74.389, "final_distance_cost": 1.8217377460896744, "oscillation_cost": 27.205894178218454, "completition_cost": 0.0, "overshoot_cost": 52.2633833612998, "power_cost": 21.03158038330078, "noise_cost": 23.400801458399112, "n_waypoints_completed": 9, "tot_waypoints": 9}}
{"target": -201.04052626496585, "params": {"k_pid_pos": [0.8193313600961984, 0.0, 0.07899772446569825], "k_pid_alt": [1.5745336574038125, 0.0, 0.9693023201921036], "k_pid_att": [34.727778546813774, 3.4175767344545815, 0.29680842234065313], "k_pid_yaw": [0.5, 1e-06, 0.1], "k_pid_hsp": [0.4974455085757413, 0.0, 0.0], "k_pid_vsp": [124.17180911972032, 4.258910018049229, 1e-06]}, "datetime": {"datetime": "2025-08-13 14:21:25", "elapsed": 16413.88286113739, "delta": 20.013206005096436}, "costs": {"total_cost": 201.04052626496585, "time_cost": 75.57900000000001, "final_distance_cost": 1.8536811287874362, "oscillation_cost": 27.683966054427337, "completition_cost": 0.0, "overshoot_cost": 52.19260292760768, "power_cost": 19.656994189453126, "noise_cost": 24.074281964690265, "n_waypoints_completed": 9, "tot_waypoints": 9}}
{"target": -198.893307776971, "params": {"k_pid_pos": [1.1190404409438004, 0.0, 0.07878559592547818], "k_pid_alt": [1.585517244058027, 0.0, 0.9389293672450509], "k_pid_att": [36.115762046158885, 3.2004779142204756, 0.31240850987705676], "k_pid_yaw": [0.5, 1e-06, 0.1], "k_pid_hsp": [0.22592293366610014, 0.0, 0.0], "k_pid_vsp": [121.92396064146733, 12.443539220421986, 1e-06]}, "datetime": {"datetime": "2025-08-13 14:21:45", "elapsed": 16433.318126678467, "delta": 19.43526554107666}, "costs": {"total_cost": 198.893307776971, "time_cost": 71.988, "final_distance_cost": 1.818538200936609, "oscillation_cost": 28.907871891290956, "completition_cost": 0.0, "overshoot_cost": 51.555021868750686, "power_cost": 20.834432202148438, "noise_cost": 23.789443613844316, "n_waypoints_completed": 9, "tot_waypoints": 9}}
{"target": -189.1887330250932, "params": {"k_pid_pos": [1.2006073983043217, 0.0, 0.08092832617868548], "k_pid_alt": [1.6454685276106993, 0.0, 0.936172197518544], "k_pid_att": [37.92072540173092, 2.9290812659906047, 0.25647297336169067], "k_pid_yaw": [0.5, 1e-06, 0.1], "k_pid_hsp": [0.3844950622408151, 0.0, 0.0], "k_pid_vsp": [139.84830470054717, 21.435162640441504, 1e-06]}, "datetime": {"datetime": "2025-08-13 14:22:05", "elapsed": 16453.32252883911, "delta": 20.00440216064453}, "costs": {"total_cost": 189.1887330250932, "time_cost": 71.078, "final_distance_cost": 1.8233594773114905, "oscillation_cost": 30.588649582706285, "completition_cost": 0.0, "overshoot_cost": 50.821178783794885, "power_cost": 13.926429187011719, "noise_cost": 20.951115994268836, "n_waypoints_completed": 9, "tot_waypoints": 9}}
{"target": -189.59324433390785, "params": {"k_pid_pos": [1.1432162933398713, 0.038208124467893706, 0.0], "k_pid_alt": [1.1480521669493784, 0.0, 0.9516113493731617], "k_pid_att": [50.1576090031631, 2.7001818334838696, 0.2957909764201746], "k_pid_yaw": [0.5, 1e-06, 0.1], "k_pid_hsp": [0.17598356478360472, 0.0, 0.0], "k_pid_vsp": [83.86703014206705, 26.90356683727576, 1e-06]}, "datetime": {"datetime": "2025-08-13 14:22:24", "elapsed": 16472.653406620026, "delta": 19.330877780914307}, "costs": {"total_cost": 189.59324433390785, "time_cost": 73.745, "final_distance_cost": 1.8198500770129489, "oscillation_cost": 29.74917974895383, "completition_cost": 0.0, "overshoot_cost": 50.84793054660873, "power_cost": 12.62740545654297, "noise_cost": 20.803878504789402, "n_waypoints_completed": 9, "tot_waypoints": 9}}
{"target": -191.86130912467257, "params": {"k_pid_pos": [1.1137282333190934, 0.010665034105035304, 0.01274145327113083], "k_pid_alt": [1.9471602402351411, 0.0, 0.9513786080297041], "k_pid_att": [51.556650173327895, 3.696000908424963, 0.24145479250880147], "k_pid_yaw": [0.5, 1e-06, 0.1], "k_pid_hsp": [0.21499629777863563, 0.0, 0.0], "k_pid_vsp": [200.15864544682307, 7.636753238525841, 1e-06]}, "datetime": {"datetime": "2025-08-13 14:22:42", "elapsed": 16490.241877555847, "delta": 17.588470935821533}, "costs": {"total_cost": 191.86130912467257, "time_cost": 71.288, "final_distance_cost": 1.816613411335911, "oscillation_cost": 29.698691714784754, "completition_cost": 0.0, "overshoot_cost": 51.49985075803198, "power_cost": 15.932922912597657, "noise_cost": 21.625230327922242, "n_waypoints_completed": 9, "tot_waypoints": 9}}
{"target": -190.03184686052265, "params": {"k_pid_pos": [0.7381132233482712, 0.0, 0.11968054013431126], "k_pid_alt": [1.5669778015235303, 0.0, 0.9576077369799162], "k_pid_att": [54.70800084097524, 2.8295992945803845, 0.2715433976580686], "k_pid_yaw": [0.5, 1e-06, 0.1], "k_pid_hsp": [0.2121575267084029, 0.0, 0.0], "k_pid_vsp": [122.39148254239929, 2.8229840294181114, 1e-06]}, "datetime": {"datetime": "2025-08-13 14:23:02", "elapsed": 16510.337155342102, "delta": 20.095277786254883}, "costs": {"total_cost": 190.03184686052265, "time_cost": 75.81700000000001, "final_distance_cost": 1.8410003386579863, "oscillation_cost": 26.256721693040895, "completition_cost": 0.0, "overshoot_cost": 52.130418412351894, "power_cost": 12.04256962890625, "noise_cost": 21.94413678756561, "n_waypoints_completed": 9, "tot_waypoints": 9}}
{"target": -191.40113394748076, "params": {"k_pid_pos": [1.1947807036694573, 0.0, 0.04984314656310547], "k_pid_alt": [1.6269799098975037, 0.0, 0.9487706875968923], "k_pid_att": [30.560268905828195, 2.869387698214958, 0.20369279414165875], "k_pid_yaw": [0.5, 1e-06, 0.1], "k_pid_hsp": [0.3435465706287293, 0.0, 0.0], "k_pid_vsp": [123.83346682843785, 26.286090363223664, 1e-06]}, "datetime": {"datetime": "2025-08-13 14:23:23", "elapsed": 16531.806854248047, "delta": 21.469698905944824}, "costs": {"total_cost": 191.40113394748076, "time_cost": 71.106, "final_distance_cost": 1.8280602162743538, "oscillation_cost": 30.642180220665345, "completition_cost": 0.0, "overshoot_cost": 51.055063017996815, "power_cost": 15.479929724121094, "noise_cost": 21.289900768423177, "n_waypoints_completed": 9, "tot_waypoints": 9}}
{"target": -195.02450881421424, "params": {"k_pid_pos": [1.3164803041848403, 0.06846017752534814, 0.03480658491353862], "k_pid_alt": [1.7085204526062212, 0.0, 0.988122983781968], "k_pid_att": [32.956076861355626, 3.365001464495597, 0.2735985957611981], "k_pid_yaw": [0.5, 1e-06, 0.1], "k_pid_hsp": [0.6683916686398985, 0.0, 0.0], "k_pid_vsp": [137.19278352712263, 11.953609890120525, 7.2040189765363625]}, "datetime": {"datetime": "2025-08-13 14:23:45", "elapsed": 16553.821880102158, "delta": 22.015025854110718}, "costs": {"total_cost": 195.02450881421424, "time_cost": 71.58200000000001, "final_distance_cost": 1.7875500719780402, "oscillation_cost": 31.226045619128776, "completition_cost": 0.0, "overshoot_cost": 51.27683408192839, "power_cost": 17.24737958984375, "noise_cost": 21.90469945133526, "n_waypoints_completed": 9, "tot_waypoints": 9}}
{"target": -1277.4160336798652, "params": {"k_pid_pos": [0.0001, 0.0, 0.019062184037863868], "k_pid_alt": [1.600601823483351, 0.0, 1.0], "k_pid_att": [16.65922732733441, 3.6060192727932305, 0.2866183633892996], "k_pid_yaw": [0.5, 1e-06, 0.1], "k_pid_hsp": [0.37519702967638946, 0.0, 0.0], "k_pid_vsp": [106.9455410277937, 31.11276965103174, 0.2611880547826591]}, "datetime": {"datetime": "2025-08-13 14:24:24", "elapsed": 16592.42143511772, "delta": 38.599555015563965}, "costs": {"total_cost": 1277.4160336798652, "time_cost": 150, "final_distance_cost": 46.0284780572436, "oscillation_cost": 0.1274201330995441, "completition_cost": 1000.0, "overshoot_cost": 35.4344714984257, "power_cost": 14.863447521972658, "noise_cost": 30.962216469123927, "n_waypoints_completed": 0, "tot_waypoints": 9}}
{"target": -195.10238977099354, "params": {"k_pid_pos": [1.0814719860638906, 0.035961070947531704, 0.07954978470231139], "k_pid_alt": [1.6523752658050541, 0.0, 0.9376484543190066], "k_pid_att": [18.832435323215773, 3.6372189245853885, 0.25321213538329246], "k_pid_yaw": [0.5, 1e-06, 0.1], "k_pid_hsp": [0.7382259344335937, 0.0, 0.0], "k_pid_vsp": [125.50248081439332, 9.828825716921788, 1e-06]}, "datetime": {"datetime": "2025-08-13 14:24:44", "elapsed": 16612.647130727768, "delta": 20.225695610046387}, "costs": {"total_cost": 195.10238977099354, "time_cost": 72.17, "final_distance_cost": 1.8411565545852229, "oscillation_cost": 31.12991127500259, "completition_cost": 0.0, "overshoot_cost": 51.27633844821876, "power_cost": 16.64158406982422, "noise_cost": 22.043399423362718, "n_waypoints_completed": 9, "tot_waypoints": 9}}
{"target": -195.01649041809907, "params": {"k_pid_pos": [1.329776822307542, 0.0, 0.026395946704325653], "k_pid_alt": [1.6763148479644863, 0.0, 0.928717646640739], "k_pid_att": [36.89761766991061, 4.562485960752612, 0.3272368041888225], "k_pid_yaw": [0.5, 1e-06, 0.1], "k_pid_hsp": [0.28121483285299287, 0.0, 0.0], "k_pid_vsp": [235.9754358448547, 8.035209433334856, 1e-06]}, "datetime": {"datetime": "2025-08-13 14:25:04", "elapsed": 16632.438546419144, "delta": 19.791415691375732}, "costs": {"total_cost": 195.01649041809907, "time_cost": 72.037, "final_distance_cost": 1.812387525952382, "oscillation_cost": 30.955401668855355, "completition_cost": 0.0, "overshoot_cost": 51.37175937686502, "power_cost": 17.07569598388672, "noise_cost": 21.764245862539553, "n_waypoints_completed": 9, "tot_waypoints": 9}}
{"target": -1272.8074840219952, "params": {"k_pid_pos": [1.05400883146427, 0.0, 0.009263162664070318], "k_pid_alt": [1.729038094229531, 0.04243768507914139, 0.9771857252217115], "k_pid_att": [34.07263132501104, 3.577325612740723, 0.24105987541112675], "k_pid_yaw": [0.5, 1e-06, 0.1], "k_pid_hsp": [0.0001, 0.6979312081102363, 0.0], "k_pid_vsp": [175.68144058498373, 88.61929286482618, 6.763226285412901]}, "datetime": {"datetime": "2025-08-13 14:25:35", "elapsed": 16663.92951488495, "delta": 31.490968465805054}, "costs": {"total_cost": 1272.8074840219952, "time_cost": 150, "final_distance_cost": 83.16866419144696, "oscillation_cost": 108.86654758047969, "completition_cost": 777.7777777777778, "overshoot_cost": 83.47958816699087, "power_cost": 33.82645466308594, "noise_cost": 35.688451642213856, "n_waypoints_completed": 2, "tot_waypoints": 9}}
{"target": -193.83361442674607, "params": {"k_pid_pos": [1.4620501058758162, 0.0, 0.10478265409985932], "k_pid_alt": [1.670298841713859, 0.0, 0.9722323577781742], "k_pid_att": [32.133398830303186, 4.341230401596827, 0.23924402843721015], "k_pid_yaw": [0.5, 1e-06, 0.1], "k_pid_hsp": [0.34409109928191345, 0.013055557095365019, 0.0], "k_pid_vsp": [149.09939750377237, 14.621208788668033, 1e-06]}, "datetime": {"datetime": "2025-08-13 14:25:53", "elapsed": 16681.485667467117, "delta": 17.55615258216858}, "costs": {"total_cost": 193.83361442674607, "time_cost": 71.386, "final_distance_cost": 1.8065727654862618, "oscillation_cost": 31.60340569507685, "completition_cost": 0.0, "overshoot_cost": 51.063403179532834, "power_cost": 16.599073168945313, "noise_cost": 21.37515961770482, "n_waypoints_completed": 9, "tot_waypoints": 9}}
{"target": -184.60169316540657, "params": {"k_pid_pos": [1.1983922683632233, 0.0, 0.072648822844602], "k_pid_alt": [1.5945748771968076, 0.0, 0.9578310427258881], "k_pid_att": [34.2518187231839, 3.450436669737649, 0.25275726594778136], "k_pid_yaw": [0.5, 1e-06, 0.1], "k_pid_hsp": [0.2437617193592457, 0.0, 0.0], "k_pid_vsp": [121.02769242363057, 26.164333659380162, 1e-06]}, "datetime": {"datetime": "2025-08-13 14:26:11", "elapsed": 16699.1325442791, "delta": 17.6468768119812}, "costs": {"total_cost": 184.60169316540657, "time_cost": 70.931, "final_distance_cost": 1.8242536438787864, "oscillation_cost": 30.141175285964426, "completition_cost": 0.0, "overshoot_cost": 50.850667286403024, "power_cost": 11.006684082031251, "noise_cost": 19.847912867129093, "n_waypoints_completed": 9, "tot_waypoints": 9}}
{"target": -186.06841497629378, "params": {"k_pid_pos": [1.2093153685480666, 0.0, 0.0996850608871513], "k_pid_alt": [1.6197167586267267, 0.0, 0.9487473041796024], "k_pid_att": [36.40118209621471, 1.624510205797502, 0.2439657388627492], "k_pid_yaw": [0.5, 1e-06, 0.1], "k_pid_hsp": [0.4823249326225677, 0.0, 0.0], "k_pid_vsp": [98.32965345436794, 21.200618685107138, 1e-06]}, "datetime": {"datetime": "2025-08-13 14:26:29", "elapsed": 16717.091923475266, "delta": 17.959379196166992}, "costs": {"total_cost": 186.06841497629378, "time_cost": 70.805, "final_distance_cost": 1.8422359337670866, "oscillation_cost": 30.7307494691546, "completition_cost": 0.0, "overshoot_cost": 50.450467708639664, "power_cost": 12.006561169433594, "noise_cost": 20.233400695298826, "n_waypoints_completed": 9, "tot_waypoints": 9}}
{"target": -891.5541351348786, "params": {"k_pid_pos": [1.082353017735304, 0.010816979111788088, 0.07381236870856267], "k_pid_alt": [1.6203614590425781, 0.0, 0.9421413458699489], "k_pid_att": [32.881545174559264, 3.4970641706548617, 0.11120551408897406], "k_pid_yaw": [0.5, 1e-06, 0.1], "k_pid_hsp": [0.009520292958464571, 0.0, 0.0], "k_pid_vsp": [118.80013976081366, 18.782414913712934, 1e-06]}, "datetime": {"datetime": "2025-08-13 14:26:59", "elapsed": 16747.604308128357, "delta": 30.51238465309143}, "costs": {"total_cost": 891.5541351348786, "time_cost": 150, "final_distance_cost": 49.96229502673494, "oscillation_cost": 4.0399734439548425, "completition_cost": 555.5555555555555, "overshoot_cost": 70.56036238939728, "power_cost": 27.285923095703126, "noise_cost": 34.15002562353301, "n_waypoints_completed": 4, "tot_waypoints": 9}}
{"target": -198.0349136690941, "params": {"k_pid_pos": [0.6246897522427461, 0.0, 0.1237811208252773], "k_pid_alt": [1.672218684296001, 0.0, 0.961701265121783], "k_pid_att": [34.17064255893731, 3.372826540241878, 0.21734010331535816], "k_pid_yaw": [0.5, 1e-06, 0.1], "k_pid_hsp": [0.2640151070610758, 0.0, 0.0], "k_pid_vsp": [124.79308876467327, 25.48025070220591, 1e-06]}, "datetime": {"datetime": "2025-08-13 14:27:18", "elapsed": 16766.92770266533, "delta": 19.323394536972046}, "costs": {"total_cost": 198.0349136690941, "time_cost": 78.575, "final_distance_cost": 1.8514319257240497, "oscillation_cost": 25.630041403537813, "completition_cost": 0.0, "overshoot_cost": 51.756316590244, "power_cost": 15.99301932373047, "noise_cost": 24.229104425857763, "n_waypoints_completed": 9, "tot_waypoints": 9}}
{"target": -193.10493806136313, "params": {"k_pid_pos": [1.415692064180453, 0.0, 0.09436288313096619], "k_pid_alt": [1.6294765247224599, 0.0, 0.9478021484758399], "k_pid_att": [37.737999902107816, 3.311812069972887, 0.24964818603396607], "k_pid_yaw": [0.5, 1e-06, 0.1], "k_pid_hsp": [0.29700617598519696, 0.0, 0.0], "k_pid_vsp": [86.09219569045706, 38.94643180936526, 1e-06]}, "datetime": {"datetime": "2025-08-13 14:27:36", "elapsed": 16784.549438238144, "delta": 17.62173557281494}, "costs": {"total_cost": 193.10493806136313, "time_cost": 71.043, "final_distance_cost": 1.819200334208731, "oscillation_cost": 30.913523137982086, "completition_cost": 0.0, "overshoot_cost": 50.958074547339756, "power_cost": 17.093875512695313, "noise_cost": 21.27726452913723, "n_waypoints_completed": 9, "tot_waypoints": 9}}
{"target": -189.7628829020402, "params": {"k_pid_pos": [1.1346999994023363, 0.0302054459212174, 0.07884530968887396], "k_pid_alt": [1.574180214600746, 0.0, 0.8089507961917202], "k_pid_att": [32.71361806869532, 3.4404614572265086, 0.26992814147213773], "k_pid_yaw": [0.5, 1e-06, 0.1], "k_pid_hsp": [0.35016109920339045, 0.0, 0.0], "k_pid_vsp": [116.40293587338024, 23.022104187225807, 1e-06]}, "datetime": {"datetime": "2025-08-13 14:27:54", "elapsed": 16802.216873168945, "delta": 17.66743493080139}, "costs": {"total_cost": 189.7628829020402, "time_cost": 70.833, "final_distance_cost": 1.8206090299208755, "oscillation_cost": 29.88998044961495, "completition_cost": 0.0, "overshoot_cost": 50.5929662176688, "power_cost": 15.344547827148439, "noise_cost": 21.281779377687123, "n_waypoints_completed": 9, "tot_waypoints": 9}}
