{"target": -182.68548670985513, "params": {"k_pid_pos": [0.6629298265955855, 0.0, 0.013530846380915684], "k_pid_alt": [1.8703967719565917, 0.0, 0.9460195950484845], "k_pid_att": [33.49734158581967, 3.716201885999934, 0.2754720116023889], "k_pid_yaw": [0.5, 1e-06, 0.1], "k_pid_hsp": [0.11602331635695738, 0.0, 0.0], "k_pid_vsp": [134.50225261600866, 47.43641020808044, 1e-06]}, "datetime": {"datetime": "2025-08-13 23:30:05", "elapsed": 49333.74182844162, "delta": 19.030221700668335}, "costs": {"total_cost": 182.68548670985513, "time_cost": 72.233, "final_distance_cost": 1.8254618192434195, "oscillation_cost": 23.35048905643273, "completition_cost": 0.0, "overshoot_cost": 51.55547661866766, "power_cost": 12.7866390625, "noise_cost": 20.934420153011338, "n_waypoints_completed": 9, "tot_waypoints": 9}}
{"target": -192.8115609627537, "params": {"k_pid_pos": [0.7278470770059833, 0.007312159590376203, 0.03832657698914902], "k_pid_alt": [1.9592904063585022, 0.0, 0.952333972481326], "k_pid_att": [35.78546679330585, 3.456147587172658, 0.27278962511706834], "k_pid_yaw": [0.5, 1e-06, 0.1], "k_pid_hsp": [0.08808889784546531, 0.0, 0.0], "k_pid_vsp": [22.802973248973927, 53.087323031820375, 1e-06]}, "datetime": {"datetime": "2025-08-13 23:30:23", "elapsed": 49351.71739530563, "delta": 17.975566864013672}, "costs": {"total_cost": 192.8115609627537, "time_cost": 73.178, "final_distance_cost": 1.7969615728472539, "oscillation_cost": 22.897459236886014, "completition_cost": 0.0, "overshoot_cost": 52.67173899191411, "power_cost": 19.369177453613283, "noise_cost": 22.898223707493067, "n_waypoints_completed": 9, "tot_waypoints": 9}}
{"target": -198.9668269831189, "params": {"k_pid_pos": [0.7138286868161472, 0.0, 0.06581055046742075], "k_pid_alt": [1.9749391658564035, 0.0, 0.9421257175508585], "k_pid_att": [37.52449261986024, 3.9058075213211616, 0.2533648785407622], "k_pid_yaw": [0.5, 1e-06, 0.1], "k_pid_hsp": [0.15836464194566263, 0.0, 0.0], "k_pid_vsp": [134.3038564066835, 29.778918233382164, 1e-06]}, "datetime": {"datetime": "2025-08-13 23:30:41", "elapsed": 49369.935997486115, "delta": 18.218602180480957}, "costs": {"total_cost": 198.9668269831189, "time_cost": 73.738, "final_distance_cost": 1.8410892119847178, "oscillation_cost": 24.578088493853738, "completition_cost": 0.0, "overshoot_cost": 52.52901031219243, "power_cost": 22.530737658691407, "noise_cost": 23.749901306396605, "n_waypoints_completed": 9, "tot_waypoints": 9}}
{"target": -186.94592364741789, "params": {"k_pid_pos": [0.7097312377870431, 0.0, 0.016291559795948252], "k_pid_alt": [1.9921291246171737, 0.0, 0.9494023283282956], "k_pid_att": [33.81805217906646, 3.707400986817148, 0.2752719568944273], "k_pid_yaw": [0.5, 1e-06, 0.1], "k_pid_hsp": [0.12052794528680144, 0.0, 0.0], "k_pid_vsp": [123.10083956588426, 53.1308628310655, 1e-06]}, "datetime": {"datetime": "2025-08-13 23:31:00", "elapsed": 49388.54511809349, "delta": 18.6091206073761}, "costs": {"total_cost": 186.94592364741789, "time_cost": 71.687, "final_distance_cost": 1.8193167634244225, "oscillation_cost": 23.574777761781846, "completition_cost": 0.0, "overshoot_cost": 51.29632958751789, "power_cost": 16.67353493652344, "noise_cost": 21.8949645981703, "n_waypoints_completed": 9, "tot_waypoints": 9}}
{"target": -182.26538844444283, "params": {"k_pid_pos": [0.7327469019908793, 0.0, 0.008182022612972472], "k_pid_alt": [1.863309316051934, 0.0, 0.9471662364351895], "k_pid_att": [33.49673021068134, 3.6834872340535707, 0.2754604985050817], "k_pid_yaw": [0.5, 1e-06, 0.1], "k_pid_hsp": [0.1166588871623004, 0.0, 0.0], "k_pid_vsp": [149.06137089034087, 48.334360757706094, 1e-06]}, "datetime": {"datetime": "2025-08-13 23:31:17", "elapsed": 49405.38297581673, "delta": 16.837857723236084}, "costs": {"total_cost": 182.26538844444283, "time_cost": 71.687, "final_distance_cost": 1.8201844796704545, "oscillation_cost": 23.793862816934016, "completition_cost": 0.0, "overshoot_cost": 51.28107533047708, "power_cost": 12.890378649902344, "noise_cost": 20.792887167458932, "n_waypoints_completed": 9, "tot_waypoints": 9}}
{"target": -192.78076156628603, "params": {"k_pid_pos": [1.0073910818938054, 0.0, 0.14673763179990745], "k_pid_alt": [1.8596924326414839, 0.0, 0.949082173959839], "k_pid_att": [34.70069930731827, 3.691021555248259, 0.277402371151721], "k_pid_yaw": [0.5, 1e-06, 0.1], "k_pid_hsp": [0.09145845711042061, 0.0, 0.0], "k_pid_vsp": [104.07046579028658, 46.297960197499904, 1e-06]}, "datetime": {"datetime": "2025-08-13 23:31:37", "elapsed": 49425.51531934738, "delta": 20.132343530654907}, "costs": {"total_cost": 192.78076156628603, "time_cost": 72.149, "final_distance_cost": 1.8099568337455167, "oscillation_cost": 25.191399239488945, "completition_cost": 0.0, "overshoot_cost": 52.46829380631435, "power_cost": 18.786778942871095, "noise_cost": 22.375332743866164, "n_waypoints_completed": 9, "tot_waypoints": 9}}
{"target": -194.4149138843893, "params": {"k_pid_pos": [1.459837811187912, 0.0, 0.16384477686880272], "k_pid_alt": [1.5630308818042595, 0.0, 0.9791180303575275], "k_pid_att": [32.3515999294354, 3.7845250136075865, 0.28084215505910665], "k_pid_yaw": [0.5, 1e-06, 0.1], "k_pid_hsp": [0.22868468297536168, 0.0, 0.0], "k_pid_vsp": [85.207179859384, 43.806122428342285, 1e-06]}, "datetime": {"datetime": "2025-08-13 23:31:54", "elapsed": 49442.48463892937, "delta": 16.969319581985474}, "costs": {"total_cost": 194.4149138843893, "time_cost": 71.127, "final_distance_cost": 1.8163444217409, "oscillation_cost": 30.7064731432475, "completition_cost": 0.0, "overshoot_cost": 50.87292396797781, "power_cost": 18.12814381103516, "noise_cost": 21.764028540387965, "n_waypoints_completed": 9, "tot_waypoints": 9}}
{"target": -1232.4755334921088, "params": {"k_pid_pos": [0.8108071951026324, 0.0, 0.054302449284880455], "k_pid_alt": [1.7359038180677722, 0.0, 0.9528051055533074], "k_pid_att": [32.866653677738896, 3.5987592684277567, 0.2290663340453761], "k_pid_yaw": [0.5, 1e-06, 0.1], "k_pid_hsp": [0.0001, 0.0, 0.0], "k_pid_vsp": [122.18690216165169, 20.432622564258768, 1e-06]}, "datetime": {"datetime": "2025-08-13 23:32:26", "elapsed": 49474.41787362099, "delta": 31.933234691619873}, "costs": {"total_cost": 1232.4755334921088, "time_cost": 150, "final_distance_cost": 46.76468530065332, "oscillation_cost": 0.005984751360742341, "completition_cost": 888.8888888888888, "overshoot_cost": 95.07902331512011, "power_cost": 19.20484288330078, "noise_cost": 32.53210835278503, "n_waypoints_completed": 1, "tot_waypoints": 9}}
{"target": -186.51293829486457, "params": {"k_pid_pos": [0.7406892770530293, 0.0, 0.02665911149415738], "k_pid_alt": [1.8904635690366005, 0.0, 0.910476434285465], "k_pid_att": [33.86547668318396, 3.5337881187650306, 0.2750137199101833], "k_pid_yaw": [0.5, 1e-06, 0.1], "k_pid_hsp": [0.11641836246140352, 0.0, 0.0], "k_pid_vsp": [126.35620623632168, 36.64768899992478, 1e-06]}, "datetime": {"datetime": "2025-08-13 23:32:43", "elapsed": 49491.27849149704, "delta": 16.860617876052856}, "costs": {"total_cost": 186.51293829486457, "time_cost": 71.645, "final_distance_cost": 1.813120373182161, "oscillation_cost": 24.088137103776212, "completition_cost": 0.0, "overshoot_cost": 51.255446799190814, "power_cost": 15.923584997558594, "noise_cost": 21.78764902115678, "n_waypoints_completed": 9, "tot_waypoints": 9}}
{"target": -188.1559270086438, "params": {"k_pid_pos": [0.9623754761272417, 0.0, 0.03996502655402242], "k_pid_alt": [1.6070415506334752, 0.0, 0.9451187301417618], "k_pid_att": [36.94109336815892, 3.721085970540326, 0.2536407185767038], "k_pid_yaw": [0.5, 1e-06, 0.1], "k_pid_hsp": [0.20923993542792177, 0.0, 0.0], "k_pid_vsp": [151.59903907772315, 54.55740524251688, 1e-06]}, "datetime": {"datetime": "2025-08-13 23:33:02", "elapsed": 49510.58875870705, "delta": 19.310267210006714}, "costs": {"total_cost": 188.1559270086438, "time_cost": 71.211, "final_distance_cost": 1.8351742161171607, "oscillation_cost": 27.71455798258722, "completition_cost": 0.0, "overshoot_cost": 50.66696570437853, "power_cost": 15.486856884765626, "noise_cost": 21.241372220795267, "n_waypoints_completed": 9, "tot_waypoints": 9}}
{"target": -184.91471743954617, "params": {"k_pid_pos": [0.5583731390092936, 0.00019554686683287306, 0.084346807882841], "k_pid_alt": [1.9199572031255414, 0.0, 0.944631354595708], "k_pid_att": [33.49372665317365, 3.690842601620233, 0.28580116180839593], "k_pid_yaw": [0.5, 1e-06, 0.1], "k_pid_hsp": [0.14469625496193514, 0.0, 0.0], "k_pid_vsp": [139.17744664314722, 49.86085146274533, 1e-06]}, "datetime": {"datetime": "2025-08-13 23:33:20", "elapsed": 49528.63550591469, "delta": 18.0467472076416}, "costs": {"total_cost": 184.91471743954617, "time_cost": 75.397, "final_distance_cost": 1.8429682782555974, "oscillation_cost": 22.868715092293602, "completition_cost": 0.0, "overshoot_cost": 51.48488893859842, "power_cost": 11.656369213867189, "noise_cost": 21.664775916531358, "n_waypoints_completed": 9, "tot_waypoints": 9}}
{"target": -189.59559104146513, "params": {"k_pid_pos": [0.9190272152926009, 0.0, 0.08259717862324266], "k_pid_alt": [1.9528960519782363, 0.0, 0.9157597395603684], "k_pid_att": [33.55584996236563, 3.37636986942756, 0.2748310124823012], "k_pid_yaw": [0.5, 1e-06, 0.1], "k_pid_hsp": [0.2297205538279131, 0.0, 0.0], "k_pid_vsp": [100.49770043979447, 21.37511730031553, 1e-06]}, "datetime": {"datetime": "2025-08-13 23:33:39", "elapsed": 49547.73168158531, "delta": 19.09617567062378}, "costs": {"total_cost": 189.59559104146513, "time_cost": 71.134, "final_distance_cost": 1.8358908156149385, "oscillation_cost": 27.224349590280532, "completition_cost": 0.0, "overshoot_cost": 51.22351418224834, "power_cost": 16.342556433105468, "noise_cost": 21.835280020215862, "n_waypoints_completed": 9, "tot_waypoints": 9}}
{"target": -182.5864439870377, "params": {"k_pid_pos": [0.4274535969180956, 0.0, 0.008153980262911543], "k_pid_alt": [1.8757487188430515, 0.0, 0.9749121983377185], "k_pid_att": [34.874961746887706, 3.6856889334444713, 0.2771708206871223], "k_pid_yaw": [0.5, 1e-06, 0.1], "k_pid_hsp": [0.05469762454998339, 0.0, 0.0], "k_pid_vsp": [146.54646419236235, 43.14579643855722, 1e-06]}, "datetime": {"datetime": "2025-08-13 23:33:59", "elapsed": 49567.48710155487, "delta": 19.755419969558716}, "costs": {"total_cost": 182.5864439870377, "time_cost": 81.508, "final_distance_cost": 1.8053940688808447, "oscillation_cost": 14.102195680005524, "completition_cost": 0.0, "overshoot_cost": 55.330711836364806, "power_cost": 8.429718310546875, "noise_cost": 21.41042409123965, "n_waypoints_completed": 9, "tot_waypoints": 9}}
{"target": -183.38592645417853, "params": {"k_pid_pos": [0.9245109281255453, 0.0, 0.013176342563101956], "k_pid_alt": [1.5949492679168502, 0.0, 0.9420130864886692], "k_pid_att": [33.41328107075961, 3.4188176683742455, 0.2502815367085205], "k_pid_yaw": [0.5, 1e-06, 0.1], "k_pid_hsp": [0.16249502345823302, 0.0, 0.0], "k_pid_vsp": [123.80970480430271, 59.389008712286625, 1e-06]}, "datetime": {"datetime": "2025-08-13 23:34:18", "elapsed": 49586.58823657036, "delta": 19.10113501548767}, "costs": {"total_cost": 183.38592645417853, "time_cost": 71.106, "final_distance_cost": 1.8164175116819092, "oscillation_cost": 27.353926629677286, "completition_cost": 0.0, "overshoot_cost": 50.82421990090601, "power_cost": 12.016801904296875, "noise_cost": 20.268560507616456, "n_waypoints_completed": 9, "tot_waypoints": 9}}
{"target": -194.12098632841594, "params": {"k_pid_pos": [0.7337579841130776, 0.0, 0.0], "k_pid_alt": [1.8259842255566658, 0.0, 0.9409303294901148], "k_pid_att": [33.15621745392944, 3.763197315919993, 0.25842833350707994], "k_pid_yaw": [0.5, 1e-06, 0.1], "k_pid_hsp": [0.08846263266672538, 0.0, 0.0], "k_pid_vsp": [171.90188187000987, 49.084610105152414, 1e-06]}, "datetime": {"datetime": "2025-08-13 23:34:36", "elapsed": 49604.40372800827, "delta": 17.815491437911987}, "costs": {"total_cost": 194.12098632841594, "time_cost": 73.542, "final_distance_cost": 1.7835966613640521, "oscillation_cost": 22.84643435443084, "completition_cost": 0.0, "overshoot_cost": 52.89360961916025, "power_cost": 20.074259716796877, "noise_cost": 22.981085976663906, "n_waypoints_completed": 9, "tot_waypoints": 9}}
{"target": -190.66378669006747, "params": {"k_pid_pos": [0.7501724614943905, 0.0, 0.15920376462842215], "k_pid_alt": [1.9261712319204667, 0.0, 0.9465996564778305], "k_pid_att": [31.366669319706357, 3.7020296669160206, 0.2612495087182974], "k_pid_yaw": [0.5, 1e-06, 0.1], "k_pid_hsp": [0.12087601964283429, 0.0, 0.0], "k_pid_vsp": [108.36555893738378, 41.1861680476043, 1e-06]}, "datetime": {"datetime": "2025-08-13 23:34:55", "elapsed": 49623.839264154434, "delta": 19.43553614616394}, "costs": {"total_cost": 190.66378669006747, "time_cost": 72.723, "final_distance_cost": 1.8331240752647, "oscillation_cost": 24.30063946067542, "completition_cost": 0.0, "overshoot_cost": 51.590633115045506, "power_cost": 17.600985046386718, "noise_cost": 22.615404992695115, "n_waypoints_completed": 9, "tot_waypoints": 9}}
{"target": -181.24912349281277, "params": {"k_pid_pos": [0.642415908723509, 0.0, 0.007309652803644123], "k_pid_alt": [1.875499898447974, 0.0, 0.9463161484140615], "k_pid_att": [33.32343673320281, 3.7489996263303533, 0.27210641515824374], "k_pid_yaw": [0.5, 1e-06, 0.1], "k_pid_hsp": [0.11428261310062976, 0.0, 0.0], "k_pid_vsp": [140.0787449416805, 51.68306888578131, 1e-06]}, "datetime": {"datetime": "2025-08-13 23:35:12", "elapsed": 49640.72795462608, "delta": 16.88869047164917}, "costs": {"total_cost": 181.24912349281277, "time_cost": 72.359, "final_distance_cost": 1.8199738735395963, "oscillation_cost": 23.10686814506684, "completition_cost": 0.0, "overshoot_cost": 51.221399544164655, "power_cost": 11.957821899414062, "noise_cost": 20.784060030627654, "n_waypoints_completed": 9, "tot_waypoints": 9}}
{"target": -178.66014339424916, "params": {"k_pid_pos": [0.9330780765573613, 0.0, 0.0407482149840705], "k_pid_alt": [1.8937892892678614, 0.0, 0.9490145253789661], "k_pid_att": [34.50448309622139, 3.6022852242066756, 0.2802935643416711], "k_pid_yaw": [0.5, 1e-06, 0.1], "k_pid_hsp": [0.11728696939806095, 0.0, 0.0], "k_pid_vsp": [106.15482393564652, 38.66338932455172, 1e-06]}, "datetime": {"datetime": "2025-08-13 23:35:32", "elapsed": 49660.87301969528, "delta": 20.14506506919861}, "costs": {"total_cost": 178.66014339424916, "time_cost": 70.798, "final_distance_cost": 1.8174445160347483, "oscillation_cost": 26.29235993004386, "completition_cost": 0.0, "overshoot_cost": 51.117374984749574, "power_cost": 9.341131872558595, "noise_cost": 19.29383209086236, "n_waypoints_completed": 9, "tot_waypoints": 9}}
{"target": -191.39998734512125, "params": {"k_pid_pos": [0.6057741664448368, 0.0, 0.052769394618743026], "k_pid_alt": [1.9288399838499939, 0.0, 0.9752664589762612], "k_pid_att": [34.75266393190524, 5.561095804731826, 0.2837367124354662], "k_pid_yaw": [0.5, 1e-06, 0.1], "k_pid_hsp": [0.11092649613064057, 0.0, 0.0], "k_pid_vsp": [153.02491251196113, 51.009505007989816, 1e-06]}, "datetime": {"datetime": "2025-08-13 23:35:50", "elapsed": 49678.15036845207, "delta": 17.27734875679016}, "costs": {"total_cost": 191.39998734512125, "time_cost": 73.759, "final_distance_cost": 1.8274225795849053, "oscillation_cost": 22.11726222996649, "completition_cost": 0.0, "overshoot_cost": 51.65923430445417, "power_cost": 18.949926342773438, "noise_cost": 23.087141888342245, "n_waypoints_completed": 9, "tot_waypoints": 9}}
{"target": -204.94993121308565, "params": {"k_pid_pos": [0.3629172455768601, 0.0, 0.03758082265224977], "k_pid_alt": [1.7047176363167955, 0.0, 0.9473376976571855], "k_pid_att": [35.1058114961683, 3.746269986946022, 0.303334955478931], "k_pid_yaw": [0.5, 1e-06, 0.1], "k_pid_hsp": [0.14819063448059422, 0.0, 0.0], "k_pid_vsp": [129.3744264737276, 79.00518238696095, 1e-06]}, "datetime": {"datetime": "2025-08-13 23:36:12", "elapsed": 49700.18063044548, "delta": 22.030261993408203}, "costs": {"total_cost": 204.94993121308565, "time_cost": 86.163, "final_distance_cost": 1.8562426052154695, "oscillation_cost": 19.003669766213495, "completition_cost": 0.0, "overshoot_cost": 52.45931031104931, "power_cost": 17.801581591796875, "noise_cost": 27.666126938810496, "n_waypoints_completed": 9, "tot_waypoints": 9}}
{"target": -184.60401399375738, "params": {"k_pid_pos": [1.224370781620687, 0.0, 0.01760384738115655], "k_pid_alt": [1.624210704755451, 0.0, 0.9838611629862954], "k_pid_att": [33.26174599344735, 3.6219901187646126, 0.273382124212695], "k_pid_yaw": [0.5, 1e-06, 0.1], "k_pid_hsp": [0.115745299612306, 0.0, 0.0], "k_pid_vsp": [144.7403021024818, 48.969416729258, 1e-06]}, "datetime": {"datetime": "2025-08-13 23:36:31", "elapsed": 49719.45314288139, "delta": 19.272512435913086}, "costs": {"total_cost": 184.60401399375738, "time_cost": 71.477, "final_distance_cost": 1.7773648771750716, "oscillation_cost": 29.32329067049449, "completition_cost": 0.0, "overshoot_cost": 51.54506780892025, "power_cost": 10.683262414550782, "noise_cost": 19.798028222616818, "n_waypoints_completed": 9, "tot_waypoints": 9}}
{"target": -180.78403098851336, "params": {"k_pid_pos": [0.677358905395244, 0.0, 0.01829946835931129], "k_pid_alt": [1.880285777526599, 0.0, 0.9487697929214448], "k_pid_att": [33.537778694635264, 3.6346732893686227, 0.27812052064739834], "k_pid_yaw": [0.5, 1e-06, 0.1], "k_pid_hsp": [0.11572440822943063, 0.0, 0.0], "k_pid_vsp": [172.3431704215236, 45.904897237892676, 1e-06]}, "datetime": {"datetime": "2025-08-13 23:36:47", "elapsed": 49735.9495241642, "delta": 16.496381282806396}, "costs": {"total_cost": 180.78403098851336, "time_cost": 72.142, "final_distance_cost": 1.8135854535207905, "oscillation_cost": 23.389805911966068, "completition_cost": 0.0, "overshoot_cost": 51.27787749857332, "power_cost": 11.440731982421875, "noise_cost": 20.720030142031323, "n_waypoints_completed": 9, "tot_waypoints": 9}}
{"target": -178.43753368156123, "params": {"k_pid_pos": [0.6786760758480506, 0.0, 0.05926609380396255], "k_pid_alt": [1.8407722385132554, 0.0, 0.9511512035631732], "k_pid_att": [34.33646586062988, 3.6280378482146696, 0.2724546121146921], "k_pid_yaw": [0.5, 1e-06, 0.1], "k_pid_hsp": [0.0901951481656889, 0.0, 0.0], "k_pid_vsp": [144.1803139742571, 39.81586130412363, 1e-06]}, "datetime": {"datetime": "2025-08-13 23:37:06", "elapsed": 49754.96905255318, "delta": 19.01952838897705}, "costs": {"total_cost": 178.43753368156123, "time_cost": 72.898, "final_distance_cost": 1.815960688135638, "oscillation_cost": 21.795040007679876, "completition_cost": 0.0, "overshoot_cost": 51.70185118155203, "power_cost": 10.0077470703125, "noise_cost": 20.218934733881206, "n_waypoints_completed": 9, "tot_waypoints": 9}}
{"target": -193.5120640464485, "params": {"k_pid_pos": [1.0882613257111395, 0.0, 0.0], "k_pid_alt": [1.79036484711284, 0.0, 0.9466814484659933], "k_pid_att": [32.65361191837594, 3.3397865529214146, 0.2688537422670308], "k_pid_yaw": [0.5, 1e-06, 0.1], "k_pid_hsp": [0.4369641019281826, 0.0, 0.0], "k_pid_vsp": [173.8712881390201, 17.163097543495745, 1e-06]}, "datetime": {"datetime": "2025-08-13 23:37:23", "elapsed": 49771.53183865547, "delta": 16.562786102294922}, "costs": {"total_cost": 193.5120640464485, "time_cost": 71.44200000000001, "final_distance_cost": 1.8261564628239635, "oscillation_cost": 30.23845068049209, "completition_cost": 0.0, "overshoot_cost": 51.11848391356333, "power_cost": 17.053088452148437, "noise_cost": 21.833884537420655, "n_waypoints_completed": 9, "tot_waypoints": 9}}
{"target": -190.8409556784673, "params": {"k_pid_pos": [0.958456607237256, 0.0, 0.0898765566265231], "k_pid_alt": [1.628636101034545, 0.0, 0.935830324169513], "k_pid_att": [33.32287808290751, 3.439243263775001, 0.23952663398378335], "k_pid_yaw": [0.5, 1e-06, 0.1], "k_pid_hsp": [0.17634556393630424, 0.0, 0.0], "k_pid_vsp": [95.88812604887329, 39.471061398302844, 1e-06]}, "datetime": {"datetime": "2025-08-13 23:37:43", "elapsed": 49791.249265909195, "delta": 19.717427253723145}, "costs": {"total_cost": 190.8409556784673, "time_cost": 71.456, "final_distance_cost": 1.8251586239586748, "oscillation_cost": 27.03851058035866, "completition_cost": 0.0, "overshoot_cost": 51.01957032856807, "power_cost": 17.60444089355469, "noise_cost": 21.897275252027203, "n_waypoints_completed": 9, "tot_waypoints": 9}}
{"target": -182.65919542721934, "params": {"k_pid_pos": [0.7986803052073504, 0.0, 0.05409766592750849], "k_pid_alt": [1.881846412552064, 0.0, 0.9476405125414838], "k_pid_att": [33.659131327983886, 3.5891992141952893, 0.2734330733105705], "k_pid_yaw": [0.5, 1e-06, 0.1], "k_pid_hsp": [0.1161434946425855, 0.0, 0.0], "k_pid_vsp": [103.69954358886469, 70.4430802122778, 1e-06]}, "datetime": {"datetime": "2025-08-13 23:37:59", "elapsed": 49807.74932742119, "delta": 16.500061511993408}, "costs": {"total_cost": 182.65919542721934, "time_cost": 71.288, "final_distance_cost": 1.8108344966924925, "oscillation_cost": 24.37546754532357, "completition_cost": 0.0, "overshoot_cost": 51.06823350742902, "power_cost": 13.270848901367188, "noise_cost": 20.845810976407037, "n_waypoints_completed": 9, "tot_waypoints": 9}}
{"target": -182.65467439453136, "params": {"k_pid_pos": [0.8963727927491907, 0.0, 0.009965708378383991], "k_pid_alt": [1.8883730601619553, 0.0, 0.9335315335111031], "k_pid_att": [33.048499825161365, 3.6183216459329506, 0.26131121656064193], "k_pid_yaw": [0.5, 1e-06, 0.1], "k_pid_hsp": [0.11964213416731115, 0.0, 0.0], "k_pid_vsp": [140.0736413547561, 47.90273986081173, 1e-06]}, "datetime": {"datetime": "2025-08-13 23:38:18", "elapsed": 49826.7582962513, "delta": 19.008968830108643}, "costs": {"total_cost": 182.65467439453136, "time_cost": 70.82600000000001, "final_distance_cost": 1.8009856190394051, "oscillation_cost": 26.06463780852936, "completition_cost": 0.0, "overshoot_cost": 51.05556120083301, "power_cost": 12.484091552734375, "noise_cost": 20.4233982133952, "n_waypoints_completed": 9, "tot_waypoints": 9}}
