{"target": -194.51522306491563, "params": {"k_pid_pos": [1.2478961392954853, 0.04862624970399873, 0.0725317477180225], "k_pid_alt": [1.6397150037927797, 0.012352578015742646, 0.9533063588348422], "k_pid_att": [29.439292246345566, 3.230668043272055, 0.23699377301010308], "k_pid_yaw": [0.5, 1e-06, 0.1], "k_pid_hsp": [0.3566953487382576, 0.0088674177861746, 0.0], "k_pid_vsp": [125.83940263206507, 36.93032982115547, 1.1149331511554559]}, "datetime": {"datetime": "2025-08-13 17:03:22", "elapsed": 26130.25478744507, "delta": 17.54215383529663}, "costs": {"total_cost": 194.51522306491563, "time_cost": 70.644, "final_distance_cost": 1.8036176310156364, "oscillation_cost": 30.771923632778805, "completition_cost": 0.0, "overshoot_cost": 50.941149416070274, "power_cost": 18.607165563964845, "noise_cost": 21.747366821086054, "n_waypoints_completed": 9, "tot_waypoints": 9}}
{"target": -193.45064049115126, "params": {"k_pid_pos": [1.0706763025752646, 0.0, 0.015296792158347484], "k_pid_alt": [1.5918280832283183, 0.0, 0.9647543530954581], "k_pid_att": [3.0576187219439186, 3.382205949356345, 0.25354851300378844], "k_pid_yaw": [0.5, 1e-06, 0.1], "k_pid_hsp": [0.27792293242909716, 0.0, 0.0], "k_pid_vsp": [134.7378054385172, 15.664415808116942, 0.031805406408637396]}, "datetime": {"datetime": "2025-08-13 17:03:40", "elapsed": 26148.080842018127, "delta": 17.826054573059082}, "costs": {"total_cost": 193.45064049115126, "time_cost": 71.08500000000001, "final_distance_cost": 1.8275157850935266, "oscillation_cost": 34.42683383326635, "completition_cost": 0.0, "overshoot_cost": 50.70092824814706, "power_cost": 14.471996655273438, "noise_cost": 20.938365969370878, "n_waypoints_completed": 9, "tot_waypoints": 9}}
{"target": -185.64392627523603, "params": {"k_pid_pos": [1.0719734885049745, 0.04886133258465901, 0.04587759635662813], "k_pid_alt": [1.609751616927528, 0.0, 0.9797786671611062], "k_pid_att": [29.731156522436546, 3.343820443759529, 0.26870669424752447], "k_pid_yaw": [0.5, 1e-06, 0.1], "k_pid_hsp": [0.39341593325770846, 0.0, 0.0], "k_pid_vsp": [97.01972349764989, 20.239368981904526, 0.14324934195105696]}, "datetime": {"datetime": "2025-08-13 17:03:57", "elapsed": 26165.56258416176, "delta": 17.48174214363098}, "costs": {"total_cost": 185.64392627523603, "time_cost": 71.267, "final_distance_cost": 1.8348719468162977, "oscillation_cost": 29.820952719393624, "completition_cost": 0.0, "overshoot_cost": 50.40204729256968, "power_cost": 11.901947192382814, "noise_cost": 20.417107124073624, "n_waypoints_completed": 9, "tot_waypoints": 9}}
{"target": -185.02408775783516, "params": {"k_pid_pos": [1.1092610140254893, 0.0, 0.07568223306370842], "k_pid_alt": [1.6646799218685715, 0.0, 0.9867279821199937], "k_pid_att": [35.43734386337773, 3.1836248712236204, 0.2495374076936752], "k_pid_yaw": [0.5, 1e-06, 0.1], "k_pid_hsp": [0.25274214389747685, 0.0, 0.0], "k_pid_vsp": [64.30686612186643, 23.354418093274884, 1e-06]}, "datetime": {"datetime": "2025-08-13 17:04:16", "elapsed": 26184.33907866478, "delta": 18.77649450302124}, "costs": {"total_cost": 185.02408775783516, "time_cost": 70.693, "final_distance_cost": 1.8251773936600053, "oscillation_cost": 29.29381745065279, "completition_cost": 0.0, "overshoot_cost": 50.67726103219417, "power_cost": 12.292319750976564, "noise_cost": 20.242512130351663, "n_waypoints_completed": 9, "tot_waypoints": 9}}
{"target": -191.65491192452922, "params": {"k_pid_pos": [1.1990690121207774, 0.0, 0.040103005121990984], "k_pid_alt": [1.5631556086067402, 0.0, 0.9394985338446527], "k_pid_att": [45.92207475097507, 3.4973236426245182, 0.24815491371283654], "k_pid_yaw": [0.5, 1e-06, 0.1], "k_pid_hsp": [0.24063817361966414, 0.0, 0.0025531638005021964], "k_pid_vsp": [189.26537382064242, 32.809018458347445, 1e-06]}, "datetime": {"datetime": "2025-08-13 17:04:33", "elapsed": 26201.837599992752, "delta": 17.498521327972412}, "costs": {"total_cost": 191.65491192452922, "time_cost": 70.812, "final_distance_cost": 1.8200702764359007, "oscillation_cost": 36.89191408816356, "completition_cost": 0.0, "overshoot_cost": 51.00449267341057, "power_cost": 11.335606994628908, "noise_cost": 19.7908278918903, "n_waypoints_completed": 9, "tot_waypoints": 9}}
{"target": -191.31902495046904, "params": {"k_pid_pos": [1.0744351134602266, 0.0, 0.1117359083425663], "k_pid_alt": [1.5887881638730366, 0.0, 0.9494820388213199], "k_pid_att": [54.812203599167965, 0.21896047659363682, 0.2708062959517592], "k_pid_yaw": [0.5, 1e-06, 0.1], "k_pid_hsp": [0.42449117903028927, 0.0, 0.0], "k_pid_vsp": [130.73156566868803, 20.789504334818698, 1e-06]}, "datetime": {"datetime": "2025-08-13 17:04:50", "elapsed": 26218.96260857582, "delta": 17.125008583068848}, "costs": {"total_cost": 191.31902495046904, "time_cost": 72.149, "final_distance_cost": 1.8422709396722552, "oscillation_cost": 29.475800664839856, "completition_cost": 0.0, "overshoot_cost": 50.91349197903187, "power_cost": 15.192362536621095, "noise_cost": 21.74609883030397, "n_waypoints_completed": 9, "tot_waypoints": 9}}
{"target": -186.70521008224534, "params": {"k_pid_pos": [1.1281243757127506, 0.0, 0.07297138434771663], "k_pid_alt": [1.610858549787247, 0.0, 0.9492331385608128], "k_pid_att": [34.638307791695375, 3.6111875266824365, 0.2508424137051418], "k_pid_yaw": [0.5, 1e-06, 0.1], "k_pid_hsp": [0.431196739076441, 0.0, 0.0], "k_pid_vsp": [113.96513978193786, 16.136539424610433, 1e-06]}, "datetime": {"datetime": "2025-08-13 17:05:08", "elapsed": 26236.2021112442, "delta": 17.239502668380737}, "costs": {"total_cost": 186.70521008224534, "time_cost": 71.414, "final_distance_cost": 1.8361402652917775, "oscillation_cost": 30.507566430525685, "completition_cost": 0.0, "overshoot_cost": 50.73767589094775, "power_cost": 11.745939111328125, "noise_cost": 20.463888384152014, "n_waypoints_completed": 9, "tot_waypoints": 9}}
{"target": -186.89081108694026, "params": {"k_pid_pos": [1.1549831064928544, 0.0, 0.10224323660484681], "k_pid_alt": [1.6273818020530288, 0.0, 0.9381687663663415], "k_pid_att": [35.723022881924976, 3.2571044472102004, 0.24378477544460722], "k_pid_yaw": [0.5, 1e-06, 0.1], "k_pid_hsp": [0.24350669597833813, 0.0, 0.0], "k_pid_vsp": [103.96496207843548, 33.28251838634132, 1e-06]}, "datetime": {"datetime": "2025-08-13 17:05:24", "elapsed": 26252.97412610054, "delta": 16.7720148563385}, "costs": {"total_cost": 186.89081108694026, "time_cost": 70.672, "final_distance_cost": 1.824032224497144, "oscillation_cost": 29.44649573010597, "completition_cost": 0.0, "overshoot_cost": 50.74019031739703, "power_cost": 13.6049294921875, "noise_cost": 20.603163322752625, "n_waypoints_completed": 9, "tot_waypoints": 9}}
{"target": -194.77819999593135, "params": {"k_pid_pos": [1.2686534517595687, 0.0, 0.08943895010029479], "k_pid_alt": [1.6282193189830438, 0.0, 0.9427444475109311], "k_pid_att": [35.95909352414075, 3.482523269326097, 0.38611288666002674], "k_pid_yaw": [0.5, 1e-06, 0.1], "k_pid_hsp": [0.2151834968587828, 0.0, 0.0], "k_pid_vsp": [123.4206055733887, 23.590013328954722, 1e-06]}, "datetime": {"datetime": "2025-08-13 17:05:42", "elapsed": 26270.611043453217, "delta": 17.63691735267639}, "costs": {"total_cost": 194.77819999593135, "time_cost": 71.869, "final_distance_cost": 1.8132119832999558, "oscillation_cost": 29.8188960625582, "completition_cost": 0.0, "overshoot_cost": 51.817354787804454, "power_cost": 17.642933471679687, "noise_cost": 21.816803690589033, "n_waypoints_completed": 9, "tot_waypoints": 9}}
{"target": -195.1244468736238, "params": {"k_pid_pos": [1.846002496565391, 0.0, 0.09346292766329672], "k_pid_alt": [1.6325836749913376, 0.0, 0.9430134971510882], "k_pid_att": [36.41541475501848, 3.315057923206462, 0.22380820331427217], "k_pid_yaw": [0.5, 1e-06, 0.1], "k_pid_hsp": [0.26224469874251377, 0.0, 0.0], "k_pid_vsp": [121.81584923305469, 24.35600910622611, 1e-06]}, "datetime": {"datetime": "2025-08-13 17:05:59", "elapsed": 26287.3524954319, "delta": 16.74145197868347}, "costs": {"total_cost": 195.1244468736238, "time_cost": 70.854, "final_distance_cost": 1.8057321286983614, "oscillation_cost": 33.24333315451355, "completition_cost": 0.0, "overshoot_cost": 51.28279647416788, "power_cost": 16.66696296386719, "noise_cost": 21.271622152376843, "n_waypoints_completed": 9, "tot_waypoints": 9}}
{"target": -187.99292084115677, "params": {"k_pid_pos": [1.1295574399948036, 0.0, 0.08602003242250168], "k_pid_alt": [1.6274095531109594, 0.0, 0.9416916750438675], "k_pid_att": [36.298287632815864, 3.361911821867199, 0.24993877387562602], "k_pid_yaw": [0.5, 1e-06, 0.1], "k_pid_hsp": [0.25436253076461923, 0.0, 0.0], "k_pid_vsp": [131.91807314157194, 19.763082866715614, 1e-06]}, "datetime": {"datetime": "2025-08-13 17:06:16", "elapsed": 26304.801522016525, "delta": 17.449026584625244}, "costs": {"total_cost": 187.99292084115677, "time_cost": 71.316, "final_distance_cost": 1.8340211765109495, "oscillation_cost": 29.429538511235126, "completition_cost": 0.0, "overshoot_cost": 50.89501469287819, "power_cost": 13.580776037597657, "noise_cost": 20.937570422934865, "n_waypoints_completed": 9, "tot_waypoints": 9}}
{"target": -195.84132257964853, "params": {"k_pid_pos": [1.1658012176159906, 0.0008174802417087559, 0.08212250543241806], "k_pid_alt": [1.6045720858358645, 0.0, 0.8603757286348224], "k_pid_att": [37.5019443569296, 3.352221824552821, 0.25027475114209063], "k_pid_yaw": [0.5, 1e-06, 0.1], "k_pid_hsp": [0.27686934234676014, 0.0, 0.0], "k_pid_vsp": [124.63238617626618, 23.082157389235693, 1e-06]}, "datetime": {"datetime": "2025-08-13 17:06:33", "elapsed": 26321.862075328827, "delta": 17.060553312301636}, "costs": {"total_cost": 195.84132257964853, "time_cost": 71.477, "final_distance_cost": 1.8311786819934246, "oscillation_cost": 29.765412410496484, "completition_cost": 0.0, "overshoot_cost": 51.27555671621798, "power_cost": 19.23957862548828, "noise_cost": 22.252596145452358, "n_waypoints_completed": 9, "tot_waypoints": 9}}
{"target": -183.41532109742792, "params": {"k_pid_pos": [1.2008594582595624, 0.0, 0.07957453032760095], "k_pid_alt": [1.6171226114926376, 0.0, 0.9582439079927929], "k_pid_att": [34.75708702819864, 3.0576627790921913, 0.2779085127509179], "k_pid_yaw": [0.5, 1e-06, 0.1], "k_pid_hsp": [0.25829053821341835, 0.0, 0.0], "k_pid_vsp": [124.71296624646753, 3.0523499504474962, 1e-06]}, "datetime": {"datetime": "2025-08-13 17:06:50", "elapsed": 26338.665229082108, "delta": 16.80315375328064}, "costs": {"total_cost": 183.41532109742792, "time_cost": 72.191, "final_distance_cost": 1.821448279351607, "oscillation_cost": 30.49766836936668, "completition_cost": 0.0, "overshoot_cost": 51.25592414579297, "power_cost": 8.706504235839844, "noise_cost": 18.942776067076817, "n_waypoints_completed": 9, "tot_waypoints": 9}}
{"target": -183.97087426647457, "params": {"k_pid_pos": [1.1504273798191436, 0.0, 0.11505955447565604], "k_pid_alt": [1.9235460658307568, 0.0, 0.957438723311157], "k_pid_att": [36.75858183496254, 3.2771262259823963, 0.2505373785214016], "k_pid_yaw": [0.5, 1e-06, 0.1], "k_pid_hsp": [0.26425901797138357, 0.0, 0.0], "k_pid_vsp": [126.56432057434878, 17.40339876829746, 1e-06]}, "datetime": {"datetime": "2025-08-13 17:07:08", "elapsed": 26356.08430290222, "delta": 17.419073820114136}, "costs": {"total_cost": 183.97087426647457, "time_cost": 70.539, "final_distance_cost": 1.8358707896391386, "oscillation_cost": 29.730911033425603, "completition_cost": 0.0, "overshoot_cost": 51.04191507276175, "power_cost": 10.940140185546875, "noise_cost": 19.883037185101195, "n_waypoints_completed": 9, "tot_waypoints": 9}}
{"target": -184.49709167944684, "params": {"k_pid_pos": [1.2109240373620491, 0.0, 0.09866603953735817], "k_pid_alt": [1.626953272903386, 0.0, 0.9356320521970952], "k_pid_att": [36.52254317651659, 2.643980712555831, 0.25331306345655796], "k_pid_yaw": [0.5, 1e-06, 0.1], "k_pid_hsp": [0.2681931182389614, 0.0, 0.0], "k_pid_vsp": [121.11184282373534, 22.033768085368134, 1e-06]}, "datetime": {"datetime": "2025-08-13 17:07:25", "elapsed": 26373.02498149872, "delta": 16.940678596496582}, "costs": {"total_cost": 184.49709167944684, "time_cost": 70.777, "final_distance_cost": 1.837055096778879, "oscillation_cost": 30.114170617279644, "completition_cost": 0.0, "overshoot_cost": 50.6930001053489, "power_cost": 11.124130407714844, "noise_cost": 19.951735452324545, "n_waypoints_completed": 9, "tot_waypoints": 9}}
{"target": -182.4215995618879, "params": {"k_pid_pos": [0.9822240034532417, 0.02310779362494923, 0.1079547596475003], "k_pid_alt": [1.612418536905574, 0.0, 0.9255518400306041], "k_pid_att": [35.26161819579292, 3.3474909440082232, 0.2491748561060222], "k_pid_yaw": [0.5, 1e-06, 0.1], "k_pid_hsp": [0.2018434866806886, 0.00018994122316276507, 0.0], "k_pid_vsp": [107.54499532144149, 31.111258938913963, 3.6184969439363948]}, "datetime": {"datetime": "2025-08-13 17:07:41", "elapsed": 26389.885798692703, "delta": 16.860817193984985}, "costs": {"total_cost": 182.4215995618879, "time_cost": 71.169, "final_distance_cost": 1.8190334872057747, "oscillation_cost": 27.541354939971733, "completition_cost": 0.0, "overshoot_cost": 50.68214441917313, "power_cost": 11.112067297363282, "noise_cost": 20.097999418173973, "n_waypoints_completed": 9, "tot_waypoints": 9}}
{"target": -186.62788866993918, "params": {"k_pid_pos": [1.201804529829443, 0.0, 0.1451324181930202], "k_pid_alt": [1.7131434232102898, 0.0, 0.9458682671284354], "k_pid_att": [36.33583810392289, 2.6759975204258204, 0.25666321575966344], "k_pid_yaw": [0.5, 1e-06, 0.1], "k_pid_hsp": [0.27094789698471683, 0.0, 0.0], "k_pid_vsp": [67.39183617433719, 22.093072986908865, 1e-06]}, "datetime": {"datetime": "2025-08-13 17:07:58", "elapsed": 26406.320939064026, "delta": 16.435140371322632}, "costs": {"total_cost": 186.62788866993918, "time_cost": 70.455, "final_distance_cost": 1.8257497740320436, "oscillation_cost": 29.55716882840447, "completition_cost": 0.0, "overshoot_cost": 50.83979518244342, "power_cost": 13.329814379882814, "noise_cost": 20.62036050517645, "n_waypoints_completed": 9, "tot_waypoints": 9}}
{"target": -183.50271911143133, "params": {"k_pid_pos": [0.9886735613285296, 0.0, 0.10736990080238473], "k_pid_alt": [1.6278686745297128, 0.0, 0.9808576538313564], "k_pid_att": [35.71065379528482, 3.531542171977182, 0.25851904596071257], "k_pid_yaw": [0.5, 1e-06, 0.1], "k_pid_hsp": [0.1326942093130968, 0.0, 0.0], "k_pid_vsp": [134.88991375780864, 23.85812582652115, 1e-06]}, "datetime": {"datetime": "2025-08-13 17:08:16", "elapsed": 26424.24194407463, "delta": 17.92100501060486}, "costs": {"total_cost": 183.50271911143133, "time_cost": 71.82000000000001, "final_distance_cost": 1.809405729032672, "oscillation_cost": 26.8245350335928, "completition_cost": 0.0, "overshoot_cost": 51.669848569683225, "power_cost": 11.13480908203125, "noise_cost": 20.244120697091386, "n_waypoints_completed": 9, "tot_waypoints": 9}}
{"target": -190.16159411636582, "params": {"k_pid_pos": [1.136034495218694, 0.0, 0.0826593276530152], "k_pid_alt": [1.6169447674426534, 0.0, 0.9386537336629668], "k_pid_att": [36.406986318413885, 3.3630181333330924, 0.20910366411112413], "k_pid_yaw": [0.5, 1e-06, 0.1], "k_pid_hsp": [0.26816024471524186, 0.0, 0.0], "k_pid_vsp": [119.1381754669998, 22.25992211563956, 1e-06]}, "datetime": {"datetime": "2025-08-13 17:08:33", "elapsed": 26441.783200502396, "delta": 17.541256427764893}, "costs": {"total_cost": 190.16159411636582, "time_cost": 71.246, "final_distance_cost": 1.827232879069783, "oscillation_cost": 29.769337735884996, "completition_cost": 0.0, "overshoot_cost": 50.600359316789984, "power_cost": 15.276750012207032, "noise_cost": 21.44191417241402, "n_waypoints_completed": 9, "tot_waypoints": 9}}
{"target": -184.79830598531956, "params": {"k_pid_pos": [1.2536045833624259, 0.0, 0.1809127809598297], "k_pid_alt": [1.612344162415796, 0.0, 0.943326810630348], "k_pid_att": [34.437011891496006, 2.5512595862329404, 0.266577521120021], "k_pid_yaw": [0.5, 1e-06, 0.1], "k_pid_hsp": [0.09548305302733184, 0.0, 0.0], "k_pid_vsp": [126.70123309700327, 30.28147550516923, 1e-06]}, "datetime": {"datetime": "2025-08-13 17:08:51", "elapsed": 26459.104695796967, "delta": 17.321495294570923}, "costs": {"total_cost": 184.79830598531956, "time_cost": 71.953, "final_distance_cost": 1.7790362487515594, "oscillation_cost": 27.168316612018778, "completition_cost": 0.0, "overshoot_cost": 52.18330365564456, "power_cost": 11.37560068359375, "noise_cost": 20.33904878531093, "n_waypoints_completed": 9, "tot_waypoints": 9}}
{"target": -190.49150975310044, "params": {"k_pid_pos": [1.3840399740979308, 0.0, 0.07783196160666303], "k_pid_alt": [1.6314675999212975, 0.0, 0.9413809963831425], "k_pid_att": [38.49642253612194, 3.5388506892736906, 0.33301693679081806], "k_pid_yaw": [0.5, 1e-06, 0.1], "k_pid_hsp": [0.27605705709124684, 0.0, 0.0], "k_pid_vsp": [120.6701452564273, 24.69385305524767, 1e-06]}, "datetime": {"datetime": "2025-08-13 17:09:08", "elapsed": 26476.326905488968, "delta": 17.222209692001343}, "costs": {"total_cost": 190.49150975310044, "time_cost": 70.882, "final_distance_cost": 1.797198931857288, "oscillation_cost": 30.879028322012605, "completition_cost": 0.0, "overshoot_cost": 50.691415652608924, "power_cost": 15.098773388671876, "noise_cost": 21.14309345794975, "n_waypoints_completed": 9, "tot_waypoints": 9}}
{"target": -188.36789459628773, "params": {"k_pid_pos": [1.3097213430370847, 0.0, 0.08194605869652115], "k_pid_alt": [1.601129157986368, 0.0, 0.9434557957716503], "k_pid_att": [35.87967164516021, 3.5259989170268504, 0.25195322235781226], "k_pid_yaw": [0.5, 1e-06, 0.1], "k_pid_hsp": [0.2708725757299739, 0.0, 0.0], "k_pid_vsp": [123.25976245341576, 24.9772838809753, 1e-06]}, "datetime": {"datetime": "2025-08-13 17:09:25", "elapsed": 26493.105775356293, "delta": 16.77886986732483}, "costs": {"total_cost": 188.36789459628773, "time_cost": 70.96600000000001, "final_distance_cost": 1.8260109817491046, "oscillation_cost": 30.6470556971243, "completition_cost": 0.0, "overshoot_cost": 50.76282540206973, "power_cost": 13.535260070800781, "noise_cost": 20.63074244454381, "n_waypoints_completed": 9, "tot_waypoints": 9}}
{"target": -188.50512114489754, "params": {"k_pid_pos": [1.0494084987470909, 0.0, 0.08518813932374429], "k_pid_alt": [1.6138817624779924, 0.0, 0.9570111609725532], "k_pid_att": [36.724827875630766, 3.471379757200933, 0.2530656374161871], "k_pid_yaw": [0.5, 1e-06, 0.1], "k_pid_hsp": [0.266369176755926, 0.0, 0.0], "k_pid_vsp": [125.14268405446956, 20.48000032577982, 1e-06]}, "datetime": {"datetime": "2025-08-13 17:09:42", "elapsed": 26510.850180864334, "delta": 17.744405508041382}, "costs": {"total_cost": 188.50512114489754, "time_cost": 71.519, "final_distance_cost": 1.8347593435116054, "oscillation_cost": 28.687447406536315, "completition_cost": 0.0, "overshoot_cost": 51.00194397351236, "power_cost": 14.291652697753907, "noise_cost": 21.170317723583327, "n_waypoints_completed": 9, "tot_waypoints": 9}}
{"target": -189.80426637072003, "params": {"k_pid_pos": [1.2920605322472594, 0.0, 0.08425742069095836], "k_pid_alt": [1.6256646791788631, 0.0, 0.9460723753558783], "k_pid_att": [36.33914140727389, 3.3892170859014197, 0.24130445133884015], "k_pid_yaw": [0.5, 1e-06, 0.1], "k_pid_hsp": [0.2689615150500965, 0.0, 0.0], "k_pid_vsp": [125.33649002688752, 23.368161879072346, 1e-06]}, "datetime": {"datetime": "2025-08-13 17:10:00", "elapsed": 26528.329255342484, "delta": 17.479074478149414}, "costs": {"total_cost": 189.80426637072003, "time_cost": 71.05, "final_distance_cost": 1.8178766400618265, "oscillation_cost": 30.73120586753448, "completition_cost": 0.0, "overshoot_cost": 51.20614786535049, "power_cost": 14.127708581542969, "noise_cost": 20.871327416230244, "n_waypoints_completed": 9, "tot_waypoints": 9}}
{"target": -196.3901555856207, "params": {"k_pid_pos": [1.1305012248159636, 0.0, 0.11009931080381677], "k_pid_alt": [1.5825253269262751, 0.0, 0.9400271403404712], "k_pid_att": [34.00618227298189, 3.074254619669824, 0.258598191261407], "k_pid_yaw": [0.5, 1e-06, 0.1], "k_pid_hsp": [0.27674809952435914, 0.0, 0.0], "k_pid_vsp": [111.45557534040586, 28.64504616453409, 1e-06]}, "datetime": {"datetime": "2025-08-13 17:10:17", "elapsed": 26545.437450885773, "delta": 17.108195543289185}, "costs": {"total_cost": 196.3901555856207, "time_cost": 71.93900000000001, "final_distance_cost": 1.8372100857762692, "oscillation_cost": 29.343471988712658, "completition_cost": 0.0, "overshoot_cost": 51.2988510002893, "power_cost": 19.56498551025391, "noise_cost": 22.406637000588578, "n_waypoints_completed": 9, "tot_waypoints": 9}}
{"target": -672.4903489548369, "params": {"k_pid_pos": [1.152659625425642, 0.0, 0.10792568334837645], "k_pid_alt": [1.59249922194397, 0.0, 0.9360149536161182], "k_pid_att": [35.42889292617125, 3.3898239525471943, 0.2543592494354696], "k_pid_yaw": [0.5, 1e-06, 0.1], "k_pid_hsp": [0.2232840213285768, 0.0, 0.0], "k_pid_vsp": [0.0, 23.013034304350487, 1e-06]}, "datetime": {"datetime": "2025-08-13 17:10:47", "elapsed": 26575.109563350677, "delta": 29.672112464904785}, "costs": {"total_cost": 672.4903489548369, "time_cost": 150, "final_distance_cost": 69.4946181701066, "oscillation_cost": 25.129574222633384, "completition_cost": 222.2222222222222, "overshoot_cost": 110.41472797639729, "power_cost": 23.671644970703127, "noise_cost": 71.55756139277419, "n_waypoints_completed": 7, "tot_waypoints": 9}}
