{"target": -188.95029064928792, "params": {"k_pid_pos": [0.8652580387392649, 0.0, 0.0], "k_pid_alt": [1.9644491053847701, 0.0, 0.9481112556543286], "k_pid_att": [32.37593444162362, 3.712041801398037, 0.263601604170377], "k_pid_yaw": [0.5, 1e-06, 0.1], "k_pid_hsp": [0.1371054656281072, 0.0, 0.0], "k_pid_vsp": [84.26936125979127, 49.088004415170616, 1e-06]}, "datetime": {"datetime": "2025-08-13 22:47:04", "elapsed": 46752.75592660904, "delta": 17.725608587265015}, "costs": {"total_cost": 188.95029064928792, "time_cost": 70.749, "final_distance_cost": 1.8224012952068207, "oscillation_cost": 26.15033249100887, "completition_cost": 0.0, "overshoot_cost": 51.14748206334573, "power_cost": 17.374123168945314, "noise_cost": 21.706951630781187, "n_waypoints_completed": 9, "tot_waypoints": 9}}
{"target": -182.73319458594085, "params": {"k_pid_pos": [0.7891880427218386, 0.0, 0.0023283276869878215], "k_pid_alt": [1.8657209670653623, 0.0, 0.9584153585336244], "k_pid_att": [32.65742983608008, 3.6477377831836066, 0.2747001254912613], "k_pid_yaw": [0.5, 1e-06, 0.1], "k_pid_hsp": [0.12506468031048118, 0.0, 0.0], "k_pid_vsp": [133.3207280464052, 37.411150180608196, 1e-06]}, "datetime": {"datetime": "2025-08-13 22:47:21", "elapsed": 46769.038357019424, "delta": 16.282430410385132}, "costs": {"total_cost": 182.73319458594085, "time_cost": 71.379, "final_distance_cost": 1.8242941486802149, "oscillation_cost": 25.14565456179022, "completition_cost": 0.0, "overshoot_cost": 51.029349615804335, "power_cost": 12.75586346435547, "noise_cost": 20.599032795310617, "n_waypoints_completed": 9, "tot_waypoints": 9}}
{"target": -185.37414418067723, "params": {"k_pid_pos": [0.8963547088807085, 0.0, 0.07666848046708766], "k_pid_alt": [1.8961942349109706, 0.0, 0.9500268411940166], "k_pid_att": [34.46151550503703, 3.4511097934872383, 0.28761592003089975], "k_pid_yaw": [0.5, 1e-06, 0.1], "k_pid_hsp": [0.1174993639788669, 0.0, 0.0], "k_pid_vsp": [121.86346964196349, 26.229943259492032, 1e-06]}, "datetime": {"datetime": "2025-08-13 22:47:40", "elapsed": 46788.16407108307, "delta": 19.12571406364441}, "costs": {"total_cost": 185.37414418067723, "time_cost": 71.46300000000001, "final_distance_cost": 1.8107160122713417, "oscillation_cost": 25.77020351308239, "completition_cost": 0.0, "overshoot_cost": 51.754093651266416, "power_cost": 13.534594152832032, "noise_cost": 21.041536851225054, "n_waypoints_completed": 9, "tot_waypoints": 9}}
{"target": -186.9526696577097, "params": {"k_pid_pos": [0.7416764830221316, 0.0, 0.0811875646563754], "k_pid_alt": [1.9238275099872462, 0.0, 0.9661782921741557], "k_pid_att": [31.806573851037882, 7.218177675333494, 0.2611841345671799], "k_pid_yaw": [0.5, 1e-06, 0.1], "k_pid_hsp": [0.113680970549312, 0.0, 0.0], "k_pid_vsp": [120.9274188576161, 45.04524672834575, 1e-06]}, "datetime": {"datetime": "2025-08-13 22:47:57", "elapsed": 46805.36643719673, "delta": 17.20236611366272}, "costs": {"total_cost": 186.9526696577097, "time_cost": 72.023, "final_distance_cost": 1.834575715912958, "oscillation_cost": 23.812593023653793, "completition_cost": 0.0, "overshoot_cost": 51.207181603078084, "power_cost": 16.147253771972657, "noise_cost": 21.928065543092192, "n_waypoints_completed": 9, "tot_waypoints": 9}}
{"target": -448.2303857584535, "params": {"k_pid_pos": [0.18984076908526948, 0.0, 0.01613549141700155], "k_pid_alt": [1.6397207023041993, 0.0, 0.948166722665789], "k_pid_att": [35.59816912657692, 3.6231541591005136, 0.28520978264778657], "k_pid_yaw": [0.5, 1e-06, 0.1], "k_pid_hsp": [0.19311573532135626, 0.0, 0.0], "k_pid_vsp": [130.754311747657, 46.04669618189593, 1e-06]}, "datetime": {"datetime": "2025-08-13 22:48:28", "elapsed": 46836.357051849365, "delta": 30.990614652633667}, "costs": {"total_cost": 448.2303857584535, "time_cost": 150, "final_distance_cost": 65.26281211350151, "oscillation_cost": 12.90656177239537, "completition_cost": 111.11111111111116, "overshoot_cost": 52.26434076501381, "power_cost": 23.620729846191406, "noise_cost": 33.06483015024025, "n_waypoints_completed": 8, "tot_waypoints": 9}}
{"target": -180.9447806181253, "params": {"k_pid_pos": [0.8264787057501802, 0.0, 0.013083847346703675], "k_pid_alt": [1.7020682056037935, 0.0, 0.9982500469036593], "k_pid_att": [33.503520142582616, 3.6188569425436556, 0.26923174184533955], "k_pid_yaw": [0.5, 1e-06, 0.1], "k_pid_hsp": [0.11438617317501097, 0.0, 0.0], "k_pid_vsp": [150.23163090875633, 41.21650933332084, 1e-06]}, "datetime": {"datetime": "2025-08-13 22:48:46", "elapsed": 46854.52712392807, "delta": 18.170072078704834}, "costs": {"total_cost": 180.9447806181253, "time_cost": 71.82000000000001, "final_distance_cost": 1.795253351697932, "oscillation_cost": 25.019840435592844, "completition_cost": 0.0, "overshoot_cost": 51.12736450747798, "power_cost": 11.002812744140625, "noise_cost": 20.17950957921594, "n_waypoints_completed": 9, "tot_waypoints": 9}}
{"target": -180.65265840329187, "params": {"k_pid_pos": [0.6787897441305359, 0.0, 0.024743513595896535], "k_pid_alt": [1.887344908751618, 0.0, 0.9488612800647263], "k_pid_att": [33.37464045012214, 3.7665053496073577, 0.2790976623647636], "k_pid_yaw": [0.5, 1e-06, 0.1], "k_pid_hsp": [0.12186655798442873, 0.0, 0.0], "k_pid_vsp": [155.48910158999524, 43.81631677348967, 1e-06]}, "datetime": {"datetime": "2025-08-13 22:49:03", "elapsed": 46871.74261832237, "delta": 17.215494394302368}, "costs": {"total_cost": 180.65265840329187, "time_cost": 72.149, "final_distance_cost": 1.8278053169295296, "oscillation_cost": 24.069559034125287, "completition_cost": 0.0, "overshoot_cost": 51.24164797766541, "power_cost": 10.935689709472657, "noise_cost": 20.428956365098976, "n_waypoints_completed": 9, "tot_waypoints": 9}}
{"target": -188.34441331497612, "params": {"k_pid_pos": [0.726325822976781, 0.0, 0.04085643603163858], "k_pid_alt": [1.828092759740299, 0.0, 0.9502106487878534], "k_pid_att": [33.6555662065225, 3.4028404947997504, 0.2632767991369993], "k_pid_yaw": [0.5, 1e-06, 0.1], "k_pid_hsp": [0.11420789521447099, 0.0, 0.0], "k_pid_vsp": [104.72052383058988, 24.13551471265916, 1e-06]}, "datetime": {"datetime": "2025-08-13 22:49:22", "elapsed": 46890.18118619919, "delta": 18.438567876815796}, "costs": {"total_cost": 188.34441331497612, "time_cost": 72.45, "final_distance_cost": 1.809713023228047, "oscillation_cost": 23.618077226292606, "completition_cost": 0.0, "overshoot_cost": 51.68148706575239, "power_cost": 16.52989444580078, "noise_cost": 22.255241553902298, "n_waypoints_completed": 9, "tot_waypoints": 9}}
{"target": -187.04627068849916, "params": {"k_pid_pos": [0.7336545552978517, 0.0, 0.0009374758896534535], "k_pid_alt": [1.9848457024553023, 0.0, 0.9680926741115747], "k_pid_att": [32.15523809505289, 2.995956188440716, 0.2868713638903887], "k_pid_yaw": [0.5, 1e-06, 0.1], "k_pid_hsp": [0.2707622519530715, 0.0, 0.0], "k_pid_vsp": [130.66040378599942, 31.163620252268895, 1e-06]}, "datetime": {"datetime": "2025-08-13 22:49:39", "elapsed": 46907.84863138199, "delta": 17.667445182800293}, "costs": {"total_cost": 187.04627068849916, "time_cost": 72.268, "final_distance_cost": 1.839702451637624, "oscillation_cost": 26.332348773529436, "completition_cost": 0.0, "overshoot_cost": 50.78380017308964, "power_cost": 14.130789526367188, "noise_cost": 21.69162976387528, "n_waypoints_completed": 9, "tot_waypoints": 9}}
{"target": -190.14318108435577, "params": {"k_pid_pos": [0.610176413175293, 0.0, 0.10037101266029733], "k_pid_alt": [1.498645269620042, 0.0, 0.9220073291203347], "k_pid_att": [36.68097445107824, 3.588983228190326, 0.3044058416065184], "k_pid_yaw": [0.5, 1e-06, 0.1], "k_pid_hsp": [0.16094856868799523, 0.0, 0.0], "k_pid_vsp": [66.8637511774136, 50.545950235039804, 1e-06]}, "datetime": {"datetime": "2025-08-13 22:49:58", "elapsed": 46926.96088194847, "delta": 19.112250566482544}, "costs": {"total_cost": 190.14318108435577, "time_cost": 75.999, "final_distance_cost": 1.85069645600239, "oscillation_cost": 24.178886977071183, "completition_cost": 0.0, "overshoot_cost": 51.30699254118595, "power_cost": 14.2442638671875, "noise_cost": 22.563341242908745, "n_waypoints_completed": 9, "tot_waypoints": 9}}
{"target": -181.16274743219333, "params": {"k_pid_pos": [0.854163896515812, 0.0, 0.02499853491487536], "k_pid_alt": [1.8791034795842054, 0.0, 0.9471038409743616], "k_pid_att": [34.67596318354987, 3.5811472300619234, 0.27010310222437023], "k_pid_yaw": [0.5, 1e-06, 0.1], "k_pid_hsp": [0.11267191401396694, 0.0, 0.0], "k_pid_vsp": [130.15441650766405, 59.28158084165402, 1e-06]}, "datetime": {"datetime": "2025-08-13 22:50:16", "elapsed": 46944.08575963974, "delta": 17.12487769126892}, "costs": {"total_cost": 181.16274743219333, "time_cost": 71.029, "final_distance_cost": 1.7940421206871051, "oscillation_cost": 25.281851749174372, "completition_cost": 0.0, "overshoot_cost": 50.866770290139385, "power_cost": 11.874212915039063, "noise_cost": 20.316870357153388, "n_waypoints_completed": 9, "tot_waypoints": 9}}
{"target": -196.60568977512577, "params": {"k_pid_pos": [0.4109727938095997, 0.0, 0.0], "k_pid_alt": [2.0, 0.0, 0.9320481000512812], "k_pid_att": [31.793057407456793, 3.390318815727376, 0.26043202605875404], "k_pid_yaw": [0.5, 1e-06, 0.1], "k_pid_hsp": [0.10041012345725552, 0.0, 0.0], "k_pid_vsp": [149.48479049034145, 47.83837653445847, 1e-06]}, "datetime": {"datetime": "2025-08-13 22:50:36", "elapsed": 46964.38548159599, "delta": 20.29972195625305}, "costs": {"total_cost": 196.60568977512577, "time_cost": 77.805, "final_distance_cost": 1.847693969077896, "oscillation_cost": 17.346001469674555, "completition_cost": 0.0, "overshoot_cost": 53.18214137892729, "power_cost": 21.195214025878908, "noise_cost": 25.229638931567116, "n_waypoints_completed": 9, "tot_waypoints": 9}}
{"target": -179.36299210231323, "params": {"k_pid_pos": [0.7126281646957351, 0.0, 0.0], "k_pid_alt": [1.8519196224087047, 0.0, 0.9501236469751725], "k_pid_att": [47.65011443776979, 3.6394256456942626, 0.2711537769328715], "k_pid_yaw": [0.5, 1e-06, 0.1], "k_pid_hsp": [0.14202517031956843, 0.0, 0.0], "k_pid_vsp": [152.61246718791662, 33.76293111035846, 1e-06]}, "datetime": {"datetime": "2025-08-13 22:50:53", "elapsed": 46981.25180006027, "delta": 16.866318464279175}, "costs": {"total_cost": 179.36299210231323, "time_cost": 71.624, "final_distance_cost": 1.8393650280557257, "oscillation_cost": 24.92586962006726, "completition_cost": 0.0, "overshoot_cost": 50.911452475683326, "power_cost": 10.047796398925781, "noise_cost": 20.014508579581126, "n_waypoints_completed": 9, "tot_waypoints": 9}}
{"target": -190.33152955339685, "params": {"k_pid_pos": [1.379841967592292, 0.0, 0.06323622867646597], "k_pid_alt": [1.8745683074808144, 0.0, 0.9714158707195861], "k_pid_att": [33.079882846219554, 3.7047665657918705, 0.26632515696016795], "k_pid_yaw": [0.5, 1e-06, 0.1], "k_pid_hsp": [0.11231800690344981, 0.0, 0.0], "k_pid_vsp": [137.6312759006171, 34.9412303929301, 1e-06]}, "datetime": {"datetime": "2025-08-13 22:51:11", "elapsed": 46999.56438541412, "delta": 18.31258535385132}, "costs": {"total_cost": 190.33152955339685, "time_cost": 71.092, "final_distance_cost": 1.7961573338024748, "oscillation_cost": 29.875477998001397, "completition_cost": 0.0, "overshoot_cost": 51.519003651105606, "power_cost": 14.95992049560547, "noise_cost": 21.088970074881907, "n_waypoints_completed": 9, "tot_waypoints": 9}}
{"target": -195.8940310003434, "params": {"k_pid_pos": [0.5480525577968842, 0.0, 0.0302727771400534], "k_pid_alt": [1.8385874876229387, 0.0, 0.9123099777842032], "k_pid_att": [33.42291962155617, 3.695347173382195, 0.283459235330361], "k_pid_yaw": [0.5, 1e-06, 0.1], "k_pid_hsp": [0.22629935310131158, 0.0, 0.0], "k_pid_vsp": [160.96775804947214, 47.72486375662492, 1e-06]}, "datetime": {"datetime": "2025-08-13 22:51:31", "elapsed": 47019.16850733757, "delta": 19.604121923446655}, "costs": {"total_cost": 195.8940310003434, "time_cost": 77.168, "final_distance_cost": 1.8561047004733395, "oscillation_cost": 24.636718279689536, "completition_cost": 0.0, "overshoot_cost": 51.10456219826781, "power_cost": 17.050100134277343, "noise_cost": 24.0785456876354, "n_waypoints_completed": 9, "tot_waypoints": 9}}
{"target": -184.0210857592545, "params": {"k_pid_pos": [0.7103184062504722, 0.0, 0.013504470062180668], "k_pid_alt": [1.8772449777690923, 0.0, 0.945319658834484], "k_pid_att": [33.60539956865519, 3.6981022559411767, 0.2751120970393435], "k_pid_yaw": [0.5, 1e-06, 0.1], "k_pid_hsp": [0.11600051411535049, 0.0, 0.0], "k_pid_vsp": [148.55211458538548, 47.75063465071145, 1e-06]}, "datetime": {"datetime": "2025-08-13 22:51:48", "elapsed": 47036.21723985672, "delta": 17.04873251914978}, "costs": {"total_cost": 184.0210857592545, "time_cost": 71.827, "final_distance_cost": 1.8229167759665412, "oscillation_cost": 23.6868318888041, "completition_cost": 0.0, "overshoot_cost": 51.083919981196686, "power_cost": 14.1958556640625, "noise_cost": 21.404561449224683, "n_waypoints_completed": 9, "tot_waypoints": 9}}
{"target": -196.36178202593013, "params": {"k_pid_pos": [0.6938550697343633, 0.003461373316102967, 0.01459320398079609], "k_pid_alt": [1.6530290370804588, 0.0, 0.9581840405125217], "k_pid_att": [34.29230844558917, 3.5039302322463066, 0.25328303964287224], "k_pid_yaw": [0.5, 1e-06, 0.1], "k_pid_hsp": [0.2203552099394225, 0.0, 0.0], "k_pid_vsp": [0.0, 38.52060911569566, 1e-06]}, "datetime": {"datetime": "2025-08-13 22:52:07", "elapsed": 47055.31266665459, "delta": 19.09542679786682}, "costs": {"total_cost": 196.36178202593013, "time_cost": 75.971, "final_distance_cost": 1.8296401229788095, "oscillation_cost": 28.047780846971968, "completition_cost": 0.0, "overshoot_cost": 53.44688375148701, "power_cost": 15.45414951171875, "noise_cost": 21.612327792773577, "n_waypoints_completed": 9, "tot_waypoints": 9}}
{"target": -193.76012450364934, "params": {"k_pid_pos": [0.8886171946422416, 0.0, 0.06505883291566567], "k_pid_alt": [1.7898860839703052, 0.0, 0.9448838501890313], "k_pid_att": [35.74145988663831, 3.532547506095474, 0.28372929792293616], "k_pid_yaw": [0.5, 1e-06, 0.1], "k_pid_hsp": [0.18123599572138877, 0.0, 0.0], "k_pid_vsp": [139.55979593047797, 29.207565944177567, 1e-06]}, "datetime": {"datetime": "2025-08-13 22:52:23", "elapsed": 47071.94577527046, "delta": 16.633108615875244}, "costs": {"total_cost": 193.76012450364934, "time_cost": 71.995, "final_distance_cost": 1.835325044061935, "oscillation_cost": 26.571009547299717, "completition_cost": 0.0, "overshoot_cost": 51.500699961131, "power_cost": 19.35509792480469, "noise_cost": 22.502992026351993, "n_waypoints_completed": 9, "tot_waypoints": 9}}
{"target": -182.34595132102925, "params": {"k_pid_pos": [0.6818888945283647, 0.0, 0.006293070282973854], "k_pid_alt": [1.9200459995964518, 0.0, 0.9456180926043888], "k_pid_att": [33.726187802072964, 3.705553650455982, 0.2757858668133641], "k_pid_yaw": [0.5, 1e-06, 0.1], "k_pid_hsp": [0.11156470138532619, 0.0, 0.0], "k_pid_vsp": [99.27490709161562, 44.02091442761284, 1e-06]}, "datetime": {"datetime": "2025-08-13 22:52:43", "elapsed": 47091.366448163986, "delta": 19.42067289352417}, "costs": {"total_cost": 182.34595132102925, "time_cost": 72.07900000000001, "final_distance_cost": 1.8219178586615954, "oscillation_cost": 22.824750802274664, "completition_cost": 0.0, "overshoot_cost": 51.22677209390335, "power_cost": 13.572488012695313, "noise_cost": 20.821022553494302, "n_waypoints_completed": 9, "tot_waypoints": 9}}
{"target": -183.59811661420514, "params": {"k_pid_pos": [0.6870322561804612, 0.0, 0.005401074471895761], "k_pid_alt": [1.8663322438864132, 0.0, 0.9474571435915558], "k_pid_att": [33.41916039319835, 3.6692148880942046, 0.2810754266170632], "k_pid_yaw": [0.5, 1e-06, 0.1], "k_pid_hsp": [0.1146784020527915, 0.0, 0.0], "k_pid_vsp": [144.92562167595986, 48.7122702273106, 1e-06]}, "datetime": {"datetime": "2025-08-13 22:53:00", "elapsed": 47108.05991411209, "delta": 16.69346594810486}, "costs": {"total_cost": 183.59811661420514, "time_cost": 72.149, "final_distance_cost": 1.815749196504869, "oscillation_cost": 23.618406640910628, "completition_cost": 0.0, "overshoot_cost": 51.54964394252528, "power_cost": 13.390146643066407, "noise_cost": 21.075170191197955, "n_waypoints_completed": 9, "tot_waypoints": 9}}
{"target": -186.17691416053083, "params": {"k_pid_pos": [0.7041933162396086, 0.0, 0.08891927300705951], "k_pid_alt": [1.7884636843356632, 0.0, 0.9510041260111358], "k_pid_att": [34.50832798490968, 3.65736753305376, 0.2744829242044893], "k_pid_yaw": [0.5, 1e-06, 0.1], "k_pid_hsp": [0.1693164802217783, 0.0, 0.0], "k_pid_vsp": [140.0059174864698, 29.034440912967924, 1e-06]}, "datetime": {"datetime": "2025-08-13 22:53:19", "elapsed": 47127.144082307816, "delta": 19.084168195724487}, "costs": {"total_cost": 186.17691416053083, "time_cost": 73.59100000000001, "final_distance_cost": 1.8391039239893638, "oscillation_cost": 25.199270028135984, "completition_cost": 0.0, "overshoot_cost": 51.3573608535316, "power_cost": 12.763255212402344, "noise_cost": 21.426924142471503, "n_waypoints_completed": 9, "tot_waypoints": 9}}
{"target": -184.44886871262838, "params": {"k_pid_pos": [1.062150933044119, 0.0, 0.11126561883495664], "k_pid_alt": [1.631398644142064, 0.0, 0.9750765976058238], "k_pid_att": [33.530090087747716, 4.084225095288224, 0.25447476679748376], "k_pid_yaw": [0.5, 1e-06, 0.1], "k_pid_hsp": [0.3203766105246201, 0.0, 0.0], "k_pid_vsp": [51.35492252373773, 39.015266859632106, 1e-06]}, "datetime": {"datetime": "2025-08-13 22:53:38", "elapsed": 47146.33809137344, "delta": 19.19400906562805}, "costs": {"total_cost": 184.44886871262838, "time_cost": 70.686, "final_distance_cost": 1.8410730832131776, "oscillation_cost": 29.06452856576852, "completition_cost": 0.0, "overshoot_cost": 49.61205405083174, "power_cost": 12.699343139648438, "noise_cost": 20.54586987316647, "n_waypoints_completed": 9, "tot_waypoints": 9}}
{"target": -1250.6727503271309, "params": {"k_pid_pos": [0.9376711175017926, 0.0, 0.052863607147277156], "k_pid_alt": [1.8949658257949253, 0.0, 0.9476802834849821], "k_pid_att": [33.837634727649466, 3.706625187847451, 0.23384958267613834], "k_pid_yaw": [0.5, 1e-06, 0.1], "k_pid_hsp": [0.0001, 0.0, 0.0], "k_pid_vsp": [139.26494948232295, 0.2776035347482395, 1e-06]}, "datetime": {"datetime": "2025-08-13 22:54:08", "elapsed": 47176.427911281586, "delta": 30.08981990814209}, "costs": {"total_cost": 1250.6727503271309, "time_cost": 150, "final_distance_cost": 47.27591482561223, "oscillation_cost": 0.0850685458943826, "completition_cost": 888.8888888888888, "overshoot_cost": 100.58168076787493, "power_cost": 29.01252576904297, "noise_cost": 34.8286715298175, "n_waypoints_completed": 1, "tot_waypoints": 9}}
{"target": -188.7643371034898, "params": {"k_pid_pos": [0.9248974097715691, 0.0, 0.018808496928180166], "k_pid_alt": [1.8901865863244809, 0.0, 0.9251092143495343], "k_pid_att": [34.04112443549106, 3.5737210275189346, 0.27447857701549405], "k_pid_yaw": [0.5, 1e-06, 0.1], "k_pid_hsp": [0.1178477031552247, 0.0, 0.0], "k_pid_vsp": [105.47452474620496, 37.97278569770679, 1e-06]}, "datetime": {"datetime": "2025-08-13 22:54:26", "elapsed": 47194.0034160614, "delta": 17.575504779815674}, "costs": {"total_cost": 188.7643371034898, "time_cost": 71.428, "final_distance_cost": 1.8182028960035503, "oscillation_cost": 26.04213466274524, "completition_cost": 0.0, "overshoot_cost": 51.38868753608652, "power_cost": 16.461501232910155, "noise_cost": 21.62581077574432, "n_waypoints_completed": 9, "tot_waypoints": 9}}
{"target": -185.1264569390418, "params": {"k_pid_pos": [0.9904023519261225, 0.0, 0.022926982843556886], "k_pid_alt": [2.0, 0.0, 0.9457730217416312], "k_pid_att": [33.786933843590106, 3.9799735740128677, 0.26353005556230774], "k_pid_yaw": [0.5, 1e-06, 0.1], "k_pid_hsp": [0.16635520066386172, 0.0, 0.0], "k_pid_vsp": [155.2129829968183, 58.550117320866775, 1e-06]}, "datetime": {"datetime": "2025-08-13 22:54:44", "elapsed": 47212.51773238182, "delta": 18.51431632041931}, "costs": {"total_cost": 185.1264569390418, "time_cost": 70.231, "final_distance_cost": 1.8334390307634454, "oscillation_cost": 27.78662054134725, "completition_cost": 0.0, "overshoot_cost": 50.60407184715368, "power_cost": 13.895400256347656, "noise_cost": 20.775925263429745, "n_waypoints_completed": 9, "tot_waypoints": 9}}
{"target": -190.24419780412788, "params": {"k_pid_pos": [1.0798180981997958, 4.082003033297931e-05, 0.028787769123269476], "k_pid_alt": [1.8872562480110937, 0.0, 0.945867374912885], "k_pid_att": [34.03818471381971, 3.628810395333311, 0.27708175775275906], "k_pid_yaw": [0.5, 1e-06, 0.1], "k_pid_hsp": [0.11655938114008607, 0.0, 0.0], "k_pid_vsp": [145.10676189144354, 51.923918901160725, 1e-06]}, "datetime": {"datetime": "2025-08-13 22:55:01", "elapsed": 47229.45696973801, "delta": 16.939237356185913}, "costs": {"total_cost": 190.24419780412788, "time_cost": 71.043, "final_distance_cost": 1.8184027621499534, "oscillation_cost": 27.789303879527317, "completition_cost": 0.0, "overshoot_cost": 51.200567231816706, "power_cost": 16.911834094238284, "noise_cost": 21.481089836395604, "n_waypoints_completed": 9, "tot_waypoints": 9}}
{"target": -192.63592667558063, "params": {"k_pid_pos": [1.0284608641543052, 0.0, 0.06281933104976307], "k_pid_alt": [1.8252509736218594, 0.0, 0.9139285578916764], "k_pid_att": [34.54681280765138, 3.7436662584248097, 0.2754217203269276], "k_pid_yaw": [0.5, 1e-06, 0.1], "k_pid_hsp": [0.32187600621493034, 0.0, 0.0], "k_pid_vsp": [96.53368142332987, 51.116291691837105, 1e-06]}, "datetime": {"datetime": "2025-08-13 22:55:19", "elapsed": 47247.5204641819, "delta": 18.063494443893433}, "costs": {"total_cost": 192.63592667558063, "time_cost": 70.525, "final_distance_cost": 1.8274719765346938, "oscillation_cost": 28.111064291766272, "completition_cost": 0.0, "overshoot_cost": 50.961826644808674, "power_cost": 18.648111547851563, "noise_cost": 22.562452214619434, "n_waypoints_completed": 9, "tot_waypoints": 9}}
