{"target": -1586.855951424228, "params": {"k_pid_pos": [1.1025231037815446, 0.017525958018112707, 0.3403541725995787], "k_pid_alt": [1.4728698596122696, 0.015582125581526572, 0.8523519401431415], "k_pid_att": [38.50831221894975, 3.927871459885597, 0.2201101252165617], "k_pid_yaw": [0.5, 1e-06, 0.1], "k_pid_hsp": [0.0001, 0.05897294864784783, 0.14207396603048367], "k_pid_vsp": [238.46017861406585, 212.60254482074888, 83.88899985284687]}, "datetime": {"datetime": "2025-08-13 14:45:59", "elapsed": 17887.829963445663, "delta": 30.05571174621582}, "costs": {"total_cost": 1586.855951424228, "time_cost": 150, "final_distance_cost": 39.561670107054965, "oscillation_cost": 701.0363243683299, "completition_cost": 555.5555555555555, "overshoot_cost": 83.35671090543032, "power_cost": 30.378434509277344, "noise_cost": 26.9672559785796, "n_waypoints_completed": 4, "tot_waypoints": 9}}
{"target": -199.28300829586667, "params": {"k_pid_pos": [1.122553101386829, 0.0, 0.2095376779883832], "k_pid_alt": [1.3806491555781166, 0.0, 0.956558553756119], "k_pid_att": [26.206350805373404, 0.5496717785898062, 0.24939515644925928], "k_pid_yaw": [0.5, 1e-06, 0.1], "k_pid_hsp": [0.3039041100840787, 0.10054345678353142, 0.0], "k_pid_vsp": [127.84372388635882, 1.953914463595364, 1e-06]}, "datetime": {"datetime": "2025-08-13 14:46:17", "elapsed": 17905.37222480774, "delta": 17.542261362075806}, "costs": {"total_cost": 199.28300829586667, "time_cost": 73.437, "final_distance_cost": 1.8534189326473192, "oscillation_cost": 33.78714372101276, "completition_cost": 0.0, "overshoot_cost": 50.87193544467349, "power_cost": 16.81117938232422, "noise_cost": 22.522330815208907, "n_waypoints_completed": 9, "tot_waypoints": 9}}
{"target": -191.17414690102325, "params": {"k_pid_pos": [1.180766921891903, 0.0, 0.07665848558450801], "k_pid_alt": [1.683712509669723, 0.0, 0.9274127951585751], "k_pid_att": [36.08501746711586, 3.367668181997365, 0.25084499432702495], "k_pid_yaw": [0.5, 1e-06, 0.1], "k_pid_hsp": [0.17743892272861234, 0.0, 0.0], "k_pid_vsp": [121.69675115961948, 14.722438692017356, 1e-06]}, "datetime": {"datetime": "2025-08-13 14:46:34", "elapsed": 17922.90522670746, "delta": 17.53300189971924}, "costs": {"total_cost": 191.17414690102325, "time_cost": 71.561, "final_distance_cost": 1.8179530692476562, "oscillation_cost": 29.575534633378158, "completition_cost": 0.0, "overshoot_cost": 51.32243430669017, "power_cost": 15.611777099609375, "noise_cost": 21.285447792097898, "n_waypoints_completed": 9, "tot_waypoints": 9}}
{"target": -182.28718352272884, "params": {"k_pid_pos": [1.148559274755534, 0.0, 0.10432426580454524], "k_pid_alt": [1.627205200099496, 0.0, 0.9346075567357583], "k_pid_att": [35.479636895424385, 3.8000714132116435, 0.2459284564199821], "k_pid_yaw": [0.5, 1e-06, 0.1], "k_pid_hsp": [0.2535483034061241, 0.0, 0.0], "k_pid_vsp": [102.74129876577183, 39.078336360466665, 1e-06]}, "datetime": {"datetime": "2025-08-13 14:46:52", "elapsed": 17940.10446047783, "delta": 17.199233770370483}, "costs": {"total_cost": 182.28718352272884, "time_cost": 70.434, "final_distance_cost": 1.838685811331177, "oscillation_cost": 29.565394912177126, "completition_cost": 0.0, "overshoot_cost": 50.35286870449742, "power_cost": 10.495015014648438, "noise_cost": 19.601219080074685, "n_waypoints_completed": 9, "tot_waypoints": 9}}
{"target": -189.55614791932146, "params": {"k_pid_pos": [1.143329090166946, 0.0, 0.08748734818306013], "k_pid_alt": [1.5575939767264009, 0.0, 0.9452501978567908], "k_pid_att": [38.67026085303787, 3.8020531978311802, 1.0], "k_pid_yaw": [0.5, 1e-06, 0.1], "k_pid_hsp": [0.54439038945609, 0.0, 0.0], "k_pid_vsp": [133.53615480383436, 26.39376776390408, 1e-06]}, "datetime": {"datetime": "2025-08-13 14:47:09", "elapsed": 17957.55074071884, "delta": 17.446280241012573}, "costs": {"total_cost": 189.55614791932146, "time_cost": 71.365, "final_distance_cost": 1.8393262832165918, "oscillation_cost": 30.440022113932667, "completition_cost": 0.0, "overshoot_cost": 50.59538596488119, "power_cost": 14.254460473632813, "noise_cost": 21.061953083658207, "n_waypoints_completed": 9, "tot_waypoints": 9}}
{"target": -193.25749214506862, "params": {"k_pid_pos": [1.3288515826515912, 0.0, 0.06866580585320389], "k_pid_alt": [1.6268427004042927, 0.0, 0.9291601624875119], "k_pid_att": [37.705408047775826, 3.274615773985142, 0.26442910907346673], "k_pid_yaw": [0.5, 1e-06, 0.1], "k_pid_hsp": [0.2693993369730954, 0.0, 0.0], "k_pid_vsp": [123.259731901861, 22.285181940244094, 1e-06]}, "datetime": {"datetime": "2025-08-13 14:47:26", "elapsed": 17974.93119597435, "delta": 17.380455255508423}, "costs": {"total_cost": 193.25749214506862, "time_cost": 71.099, "final_distance_cost": 1.8283164566529566, "oscillation_cost": 30.874448627392997, "completition_cost": 0.0, "overshoot_cost": 51.04612810175262, "power_cost": 16.790353259277346, "noise_cost": 21.61924569999273, "n_waypoints_completed": 9, "tot_waypoints": 9}}
{"target": -195.20474924180672, "params": {"k_pid_pos": [1.0687234905855245, 0.0, 0.07673558854358865], "k_pid_alt": [1.6258663743340256, 0.0, 0.9383770649755604], "k_pid_att": [35.021263964060694, 3.402504108761845, 0.2501104919658179], "k_pid_yaw": [0.5, 1e-06, 0.1], "k_pid_hsp": [0.24223083739571133, 0.0, 0.0], "k_pid_vsp": [152.40769633623145, 9.012879407615216, 1e-06]}, "datetime": {"datetime": "2025-08-13 14:47:44", "elapsed": 17992.347022771835, "delta": 17.41582679748535}, "costs": {"total_cost": 195.20474924180672, "time_cost": 72.506, "final_distance_cost": 1.824811737657933, "oscillation_cost": 28.79637144060762, "completition_cost": 0.0, "overshoot_cost": 52.00104292067333, "power_cost": 17.707731201171875, "noise_cost": 22.368791941695964, "n_waypoints_completed": 9, "tot_waypoints": 9}}
{"target": -192.6695383181381, "params": {"k_pid_pos": [1.140025030722907, 0.03998018541406191, 0.06721368613700718], "k_pid_alt": [1.6321201718955631, 0.0, 0.9745245323206724], "k_pid_att": [32.55247447787429, 3.2282274279525485, 0.22294700490302974], "k_pid_yaw": [0.5, 1e-06, 0.1], "k_pid_hsp": [0.225795881715544, 0.0, 0.0], "k_pid_vsp": [127.12658006284568, 7.198263296091428, 1e-06]}, "datetime": {"datetime": "2025-08-13 14:48:01", "elapsed": 18009.13387131691, "delta": 16.786848545074463}, "costs": {"total_cost": 192.6695383181381, "time_cost": 72.57600000000001, "final_distance_cost": 1.817307025175681, "oscillation_cost": 29.57945349251529, "completition_cost": 0.0, "overshoot_cost": 51.440459743261655, "power_cost": 15.571519885253908, "noise_cost": 21.68479817193157, "n_waypoints_completed": 9, "tot_waypoints": 9}}
{"target": -187.71349526950416, "params": {"k_pid_pos": [0.8520666925971754, 0.0, 0.10757969320797392], "k_pid_alt": [1.5949855636680728, 0.0, 0.9605679778886933], "k_pid_att": [29.642557535934184, 3.392271119599243, 0.18090710028243112], "k_pid_yaw": [0.5, 1e-06, 0.1], "k_pid_hsp": [0.23487668338559206, 0.0, 0.0], "k_pid_vsp": [132.64799429098062, 22.087450833656614, 1e-06]}, "datetime": {"datetime": "2025-08-13 14:48:19", "elapsed": 18027.006833791733, "delta": 17.872962474822998}, "costs": {"total_cost": 187.71349526950416, "time_cost": 73.087, "final_distance_cost": 1.8487515930112142, "oscillation_cost": 26.903754658194792, "completition_cost": 0.0, "overshoot_cost": 50.88195734069007, "power_cost": 13.517421679687502, "noise_cost": 21.474609997920584, "n_waypoints_completed": 9, "tot_waypoints": 9}}
{"target": -185.66506935462428, "params": {"k_pid_pos": [1.0608253661016613, 0.0, 0.17040331158166563], "k_pid_alt": [1.8806313079758326, 0.0, 0.9126203548415854], "k_pid_att": [37.133692707473635, 3.2017811017070943, 0.24868674618809306], "k_pid_yaw": [0.5, 1e-06, 0.1], "k_pid_hsp": [0.22238658177034112, 0.0, 0.0], "k_pid_vsp": [109.65114198569167, 10.903423097679461, 1e-06]}, "datetime": {"datetime": "2025-08-13 14:48:36", "elapsed": 18044.21583724022, "delta": 17.209003448486328}, "costs": {"total_cost": 185.66506935462428, "time_cost": 71.295, "final_distance_cost": 1.8340053503931253, "oscillation_cost": 28.16851827396332, "completition_cost": 0.0, "overshoot_cost": 51.12346285675277, "power_cost": 12.472719604492188, "noise_cost": 20.771363269022885, "n_waypoints_completed": 9, "tot_waypoints": 9}}
{"target": -181.59360676589426, "params": {"k_pid_pos": [0.9440463499744864, 0.0, 0.05751466287776552], "k_pid_alt": [1.6571126361735184, 0.0, 0.9350532159550344], "k_pid_att": [33.09414120643513, 2.9767756104406056, 0.24473591055559837], "k_pid_yaw": [0.5, 1e-06, 0.1], "k_pid_hsp": [0.20517239054078928, 0.0, 0.0], "k_pid_vsp": [113.89747491707043, 14.236870837056124, 1e-06]}, "datetime": {"datetime": "2025-08-13 14:48:53", "elapsed": 18061.531854867935, "delta": 17.316017627716064}, "costs": {"total_cost": 181.59360676589426, "time_cost": 71.484, "final_distance_cost": 1.831704908401036, "oscillation_cost": 27.628496612210835, "completition_cost": 0.0, "overshoot_cost": 50.924717586075744, "power_cost": 9.931070227050782, "noise_cost": 19.79361743215587, "n_waypoints_completed": 9, "tot_waypoints": 9}}
{"target": -191.67752815463902, "params": {"k_pid_pos": [1.164182429409059, 0.07125657386721458, 0.052335147492350034], "k_pid_alt": [1.6552229508001677, 0.0, 1.0], "k_pid_att": [37.43111391331404, 2.570853418938992, 0.24732779994156898], "k_pid_yaw": [0.5, 1e-06, 0.1], "k_pid_hsp": [0.27992731913755164, 0.003049445259935035, 0.0], "k_pid_vsp": [67.75814660970889, 14.479668686442151, 1e-06]}, "datetime": {"datetime": "2025-08-13 14:49:10", "elapsed": 18078.44543361664, "delta": 16.913578748703003}, "costs": {"total_cost": 191.67752815463902, "time_cost": 71.505, "final_distance_cost": 1.8168579366295334, "oscillation_cost": 30.40610464025094, "completition_cost": 0.0, "overshoot_cost": 51.12989879184472, "power_cost": 15.41339677734375, "noise_cost": 21.406270008570065, "n_waypoints_completed": 9, "tot_waypoints": 9}}
{"target": -188.2603332927181, "params": {"k_pid_pos": [1.1134642546329863, 0.0, 0.16994995355630355], "k_pid_alt": [1.6609770930812051, 0.0, 0.9708557214917483], "k_pid_att": [37.24782718683652, 3.291362292764496, 0.24840175358666342], "k_pid_yaw": [0.5, 1e-06, 0.1], "k_pid_hsp": [0.2730804090141641, 0.0, 0.0], "k_pid_vsp": [112.27120351323157, 13.974354862014636, 1e-06]}, "datetime": {"datetime": "2025-08-13 14:49:27", "elapsed": 18095.96402311325, "delta": 17.51858949661255}, "costs": {"total_cost": 188.2603332927181, "time_cost": 71.757, "final_distance_cost": 1.8338552364969938, "oscillation_cost": 28.963239121362736, "completition_cost": 0.0, "overshoot_cost": 51.25444077455617, "power_cost": 13.31557313232422, "noise_cost": 21.136225027977943, "n_waypoints_completed": 9, "tot_waypoints": 9}}
{"target": -190.58745521543372, "params": {"k_pid_pos": [0.5591663038089506, 0.0, 0.03746734430782644], "k_pid_alt": [1.4944187728852134, 0.0, 0.974042033743331], "k_pid_att": [34.71468368668546, 2.9197100423030804, 0.23376824625796286], "k_pid_yaw": [0.5, 1e-06, 0.1], "k_pid_hsp": [0.12795631144232197, 0.0, 0.0], "k_pid_vsp": [136.00974127492046, 20.844497165269928, 1e-06]}, "datetime": {"datetime": "2025-08-13 14:49:46", "elapsed": 18114.467670440674, "delta": 18.503647327423096}, "costs": {"total_cost": 190.58745521543372, "time_cost": 76.048, "final_distance_cost": 1.8386604161955902, "oscillation_cost": 22.273107840012845, "completition_cost": 0.0, "overshoot_cost": 51.81664334848766, "power_cost": 15.597525610351564, "noise_cost": 23.013518000386064, "n_waypoints_completed": 9, "tot_waypoints": 9}}
{"target": -185.30883658413512, "params": {"k_pid_pos": [1.1635033352523494, 0.0, 0.08682499127628274], "k_pid_alt": [1.624605717447042, 0.0, 0.9232316586264933], "k_pid_att": [33.41616742572317, 3.3719960040132047, 0.07916241761203467], "k_pid_yaw": [0.5, 1e-06, 0.1], "k_pid_hsp": [0.2700731036211307, 0.0, 0.0], "k_pid_vsp": [112.851394366416, 26.775076706495376, 1e-06]}, "datetime": {"datetime": "2025-08-13 14:50:03", "elapsed": 18131.693600416183, "delta": 17.225929975509644}, "costs": {"total_cost": 185.30883658413512, "time_cost": 70.609, "final_distance_cost": 1.825596348102372, "oscillation_cost": 31.10523069427658, "completition_cost": 0.0, "overshoot_cost": 50.59972303108163, "power_cost": 11.182046069335938, "noise_cost": 19.9872404413386, "n_waypoints_completed": 9, "tot_waypoints": 9}}
{"target": -193.37703430113731, "params": {"k_pid_pos": [1.1273845607291735, 0.0, 0.0600814858509319], "k_pid_alt": [1.4675126127199862, 0.0, 0.970050559904211], "k_pid_att": [34.22030320450054, 2.7817037728488154, 0.3820391896387465], "k_pid_yaw": [0.5, 1e-06, 0.1], "k_pid_hsp": [0.25397115452927777, 0.0, 0.0], "k_pid_vsp": [216.87810116931553, 10.488537865870775, 1e-06]}, "datetime": {"datetime": "2025-08-13 14:50:21", "elapsed": 18149.07841038704, "delta": 17.384809970855713}, "costs": {"total_cost": 193.37703430113731, "time_cost": 72.667, "final_distance_cost": 1.8208250982515277, "oscillation_cost": 29.49445635326841, "completition_cost": 0.0, "overshoot_cost": 51.243012597669626, "power_cost": 16.314094165039062, "noise_cost": 21.83764608690869, "n_waypoints_completed": 9, "tot_waypoints": 9}}
{"target": -189.02388132966385, "params": {"k_pid_pos": [0.9586408696286354, 0.0, 0.02044435384704789], "k_pid_alt": [1.6110116231528486, 0.0, 0.9541729725676618], "k_pid_att": [33.67087487600543, 2.3949996883372893, 0.2216088076824662], "k_pid_yaw": [0.5, 1e-06, 0.1], "k_pid_hsp": [0.2656528709892947, 0.0, 0.0], "k_pid_vsp": [150.12789395971228, 0.9103805582155527, 1e-06]}, "datetime": {"datetime": "2025-08-13 14:50:38", "elapsed": 18166.19077038765, "delta": 17.11236000061035}, "costs": {"total_cost": 189.02388132966385, "time_cost": 72.254, "final_distance_cost": 1.8371879097284658, "oscillation_cost": 28.36078155141287, "completition_cost": 0.0, "overshoot_cost": 51.44128445581742, "power_cost": 13.914171240234376, "noise_cost": 21.216456172470703, "n_waypoints_completed": 9, "tot_waypoints": 9}}
{"target": -196.52642341743746, "params": {"k_pid_pos": [1.13234759241461, 0.0, 0.04866053863343795], "k_pid_alt": [1.3014053359400726, 0.0, 0.9470368431960323], "k_pid_att": [39.94873665575738, 3.4303792628776817, 0.2517278146683537], "k_pid_yaw": [0.5, 1e-06, 0.1], "k_pid_hsp": [0.28260748441408834, 0.0, 0.0], "k_pid_vsp": [149.41290110157337, 17.401424474013268, 1e-06]}, "datetime": {"datetime": "2025-08-13 14:50:56", "elapsed": 18184.048833608627, "delta": 17.858063220977783}, "costs": {"total_cost": 196.52642341743746, "time_cost": 73.33200000000001, "final_distance_cost": 1.8347200935717625, "oscillation_cost": 29.551887727523752, "completition_cost": 0.0, "overshoot_cost": 51.697316757712436, "power_cost": 17.894171545410156, "noise_cost": 22.216327293219333, "n_waypoints_completed": 9, "tot_waypoints": 9}}
{"target": -189.12591246397872, "params": {"k_pid_pos": [0.9036872861762835, 0.0, 0.06605186154818349], "k_pid_alt": [1.6033321849863569, 0.0, 0.9603478428527297], "k_pid_att": [25.510922479055502, 3.585829424456634, 0.23840278783677282], "k_pid_yaw": [0.5, 1e-06, 0.1], "k_pid_hsp": [0.12792316800325418, 0.0, 0.0], "k_pid_vsp": [116.29474499367778, 4.457306141923196, 1e-06]}, "datetime": {"datetime": "2025-08-13 14:51:13", "elapsed": 18201.39281153679, "delta": 17.34397792816162}, "costs": {"total_cost": 189.12591246397872, "time_cost": 72.786, "final_distance_cost": 1.8103193062674532, "oscillation_cost": 26.00559186771835, "completition_cost": 0.0, "overshoot_cost": 51.81008230711167, "power_cost": 14.98831424560547, "noise_cost": 21.72560473727578, "n_waypoints_completed": 9, "tot_waypoints": 9}}
{"target": -187.50427894011474, "params": {"k_pid_pos": [1.3854516615838917, 0.0, 0.08502895426560075], "k_pid_alt": [1.658110567852659, 0.0, 0.9332044190573849], "k_pid_att": [36.347422681846716, 3.49564669240216, 0.2563960579265748], "k_pid_yaw": [0.5, 1e-06, 0.1], "k_pid_hsp": [0.13617693622498062, 0.0, 0.0], "k_pid_vsp": [124.84136279301502, 25.673147270963113, 1e-06]}, "datetime": {"datetime": "2025-08-13 14:51:30", "elapsed": 18218.71355175972, "delta": 17.320740222930908}, "costs": {"total_cost": 187.50427894011474, "time_cost": 71.155, "final_distance_cost": 1.790601376324571, "oscillation_cost": 30.31144907609282, "completition_cost": 0.0, "overshoot_cost": 51.39478669381363, "power_cost": 12.425410510253906, "noise_cost": 20.427031283629844, "n_waypoints_completed": 9, "tot_waypoints": 9}}
{"target": -197.07033018073273, "params": {"k_pid_pos": [1.1210718539182165, 0.0, 0.0711198861001377], "k_pid_alt": [1.6209580357591635, 0.0, 0.9557982099956368], "k_pid_att": [30.412547039870148, 3.034019826092921, 0.17789938148352585], "k_pid_yaw": [0.5, 1e-06, 0.1], "k_pid_hsp": [0.2979196475967329, 0.0, 0.0], "k_pid_vsp": [117.64298639753677, 10.678663599383622, 1e-06]}, "datetime": {"datetime": "2025-08-13 14:51:48", "elapsed": 18236.132705926895, "delta": 17.419154167175293}, "costs": {"total_cost": 197.07033018073273, "time_cost": 72.527, "final_distance_cost": 1.8282681954571154, "oscillation_cost": 29.610985536758875, "completition_cost": 0.0, "overshoot_cost": 51.95367433387048, "power_cost": 18.84502310791016, "noise_cost": 22.305379006736104, "n_waypoints_completed": 9, "tot_waypoints": 9}}
{"target": -183.96906001526358, "params": {"k_pid_pos": [1.1176335855811848, 0.0, 0.0], "k_pid_alt": [1.6221919786037053, 0.0, 0.983737510864737], "k_pid_att": [32.039327199846284, 3.3584636193209754, 0.25920336409366873], "k_pid_yaw": [0.5, 1e-06, 0.1], "k_pid_hsp": [0.2190700396105413, 0.0, 0.0], "k_pid_vsp": [51.099707491242256, 14.550596307120877, 1e-06]}, "datetime": {"datetime": "2025-08-13 14:52:04", "elapsed": 18252.55483174324, "delta": 16.422125816345215}, "costs": {"total_cost": 183.96906001526358, "time_cost": 70.819, "final_distance_cost": 1.8021082630221095, "oscillation_cost": 29.876697627941017, "completition_cost": 0.0, "overshoot_cost": 50.84283564075206, "power_cost": 10.800206994628907, "noise_cost": 19.82821148891951, "n_waypoints_completed": 9, "tot_waypoints": 9}}
{"target": -187.61501491451114, "params": {"k_pid_pos": [1.0343867768130253, 0.0, 0.0], "k_pid_alt": [1.840324885017158, 0.0, 0.9287837341880747], "k_pid_att": [38.06511917430081, 2.8628328358920623, 0.23825337513761854], "k_pid_yaw": [0.5, 1e-06, 0.1], "k_pid_hsp": [0.27155348121810197, 0.0, 0.0], "k_pid_vsp": [137.97464790702833, 11.33804988537011, 1e-06]}, "datetime": {"datetime": "2025-08-13 14:52:21", "elapsed": 18269.81973695755, "delta": 17.264905214309692}, "costs": {"total_cost": 187.61501491451114, "time_cost": 71.239, "final_distance_cost": 1.8252260803271485, "oscillation_cost": 29.45519893624874, "completition_cost": 0.0, "overshoot_cost": 51.14292726120523, "power_cost": 13.111507971191408, "noise_cost": 20.841154665538635, "n_waypoints_completed": 9, "tot_waypoints": 9}}
{"target": -203.1129214045237, "params": {"k_pid_pos": [1.1311334402186604, 0.009682728430817827, 0.0], "k_pid_alt": [1.4793845044642473, 0.0, 0.9977775360735328], "k_pid_att": [36.12377553308991, 4.060484761540371, 0.22618242058989615], "k_pid_yaw": [0.5, 1e-06, 0.1], "k_pid_hsp": [0.2487783525565422, 0.0, 0.0], "k_pid_vsp": [129.38645774634819, 10.899303551509142, 3.2066661730285624]}, "datetime": {"datetime": "2025-08-13 14:52:39", "elapsed": 18287.281522750854, "delta": 17.461785793304443}, "costs": {"total_cost": 203.1129214045237, "time_cost": 74.319, "final_distance_cost": 1.823527823747748, "oscillation_cost": 30.774617048484515, "completition_cost": 0.0, "overshoot_cost": 51.5949248307774, "power_cost": 21.37199705810547, "noise_cost": 23.22885464340853, "n_waypoints_completed": 9, "tot_waypoints": 9}}
{"target": -184.56671812366014, "params": {"k_pid_pos": [1.1546699322292882, 0.0, 0.0], "k_pid_alt": [1.6835824989568438, 0.0, 0.9530891164169121], "k_pid_att": [33.002815855616184, 3.374413283129734, 0.26335932004840124], "k_pid_yaw": [0.5, 1e-06, 0.1], "k_pid_hsp": [0.31894105453219623, 0.0, 0.0], "k_pid_vsp": [112.95880106141603, 15.182676356463666, 1e-06]}, "datetime": {"datetime": "2025-08-13 14:52:56", "elapsed": 18304.415944099426, "delta": 17.134421348571777}, "costs": {"total_cost": 184.56671812366014, "time_cost": 70.623, "final_distance_cost": 1.8116210374653166, "oscillation_cost": 30.497113702786034, "completition_cost": 0.0, "overshoot_cost": 50.54853926564298, "power_cost": 11.109723608398438, "noise_cost": 19.976720509367357, "n_waypoints_completed": 9, "tot_waypoints": 9}}
{"target": -193.93111945221978, "params": {"k_pid_pos": [1.2597359173935858, 0.0, 0.08670966287727357], "k_pid_alt": [1.6191666282356154, 0.0, 0.9582979168812942], "k_pid_att": [40.27867430201349, 3.6897149407723604, 0.2743447528778667], "k_pid_yaw": [0.5, 1e-06, 0.1], "k_pid_hsp": [0.1613564969374384, 0.0, 0.0], "k_pid_vsp": [125.16121364127594, 21.880798821729442, 1e-06]}, "datetime": {"datetime": "2025-08-13 14:53:14", "elapsed": 18322.003215789795, "delta": 17.587271690368652}, "costs": {"total_cost": 193.93111945221978, "time_cost": 71.792, "final_distance_cost": 1.7975224944285946, "oscillation_cost": 29.60132801682027, "completition_cost": 0.0, "overshoot_cost": 52.05528864507818, "power_cost": 16.884383056640626, "noise_cost": 21.800597239252117, "n_waypoints_completed": 9, "tot_waypoints": 9}}
