{"target": -183.99159725099878, "params": {"k_pid_pos": [0.969342023678535, 0.0, 0.09237064663328025], "k_pid_alt": [1.6062079833781817, 0.0, 0.9424528380858235], "k_pid_att": [37.944335153004005, 3.2172775496937827, 0.24888769537082417], "k_pid_yaw": [0.5, 1e-06, 0.1], "k_pid_hsp": [0.2790176322906577, 0.0, 0.0], "k_pid_vsp": [130.71207638486908, 43.54375533194886, 1e-06]}, "datetime": {"datetime": "2025-08-13 16:37:52", "elapsed": 24600.39518880844, "delta": 18.84832000732422}, "costs": {"total_cost": 183.99159725099878, "time_cost": 71.34400000000001, "final_distance_cost": 1.8437392449087353, "oscillation_cost": 28.488353043358007, "completition_cost": 0.0, "overshoot_cost": 50.36330350774493, "power_cost": 11.616741931152344, "noise_cost": 20.335459523834786, "n_waypoints_completed": 9, "tot_waypoints": 9}}
{"target": -186.1826594853555, "params": {"k_pid_pos": [1.1304582862644152, 0.0, 0.1190725565507998], "k_pid_alt": [1.4981920128295385, 0.0, 0.9686828103205632], "k_pid_att": [36.77895463221972, 3.610246466721381, 0.2439236525718942], "k_pid_yaw": [0.5, 1e-06, 0.1], "k_pid_hsp": [0.29529803518928466, 0.0, 0.0], "k_pid_vsp": [121.6461969690464, 24.157229750191092, 1e-06]}, "datetime": {"datetime": "2025-08-13 16:38:11", "elapsed": 24619.21532559395, "delta": 18.820136785507202}, "costs": {"total_cost": 186.1826594853555, "time_cost": 71.631, "final_distance_cost": 1.8459616898358202, "oscillation_cost": 29.4961582615593, "completition_cost": 0.0, "overshoot_cost": 50.602132006307976, "power_cost": 12.119751379394533, "noise_cost": 20.48765614825787, "n_waypoints_completed": 9, "tot_waypoints": 9}}
{"target": -200.10115371463655, "params": {"k_pid_pos": [1.2970833895550056, 0.0, 0.12786307850823772], "k_pid_alt": [1.6518798399846806, 0.0, 0.931824286043918], "k_pid_att": [35.91616808527011, 3.3919819727151737, 0.24209810277494664], "k_pid_yaw": [0.5, 1e-06, 0.1], "k_pid_hsp": [0.25529169988684336, 0.0, 0.0], "k_pid_vsp": [123.54230774667, 24.844704481516132, 1e-06]}, "datetime": {"datetime": "2025-08-13 16:38:30", "elapsed": 24638.16533923149, "delta": 18.950013637542725}, "costs": {"total_cost": 200.10115371463655, "time_cost": 73.255, "final_distance_cost": 1.8160860780332386, "oscillation_cost": 31.29414744787594, "completition_cost": 0.0, "overshoot_cost": 51.232587128717014, "power_cost": 19.99662596435547, "noise_cost": 22.506707095654882, "n_waypoints_completed": 9, "tot_waypoints": 9}}
{"target": -196.18631233992156, "params": {"k_pid_pos": [0.9910388653366886, 0.0, 0.07564849157489195], "k_pid_alt": [1.5928084749486713, 0.0, 0.9435464139420356], "k_pid_att": [37.53663775308969, 3.0273873407683234, 0.24979383687622728], "k_pid_yaw": [0.5, 1e-06, 0.1], "k_pid_hsp": [0.3638072739120344, 0.0, 0.0], "k_pid_vsp": [165.27582169818714, 30.56487410651905, 1.930078463257315]}, "datetime": {"datetime": "2025-08-13 16:38:50", "elapsed": 24658.622173309326, "delta": 20.456834077835083}, "costs": {"total_cost": 196.18631233992156, "time_cost": 72.443, "final_distance_cost": 1.8400558922701837, "oscillation_cost": 28.347454166870882, "completition_cost": 0.0, "overshoot_cost": 51.36548409670993, "power_cost": 19.536642114257813, "noise_cost": 22.65367606981274, "n_waypoints_completed": 9, "tot_waypoints": 9}}
{"target": -193.74095402535602, "params": {"k_pid_pos": [1.2136920174470662, 0.0, 0.21319909909126616], "k_pid_alt": [1.6182363008681007, 0.0, 0.9457490447334306], "k_pid_att": [38.314251096195754, 3.1542429499457914, 0.22939487445769863], "k_pid_yaw": [0.5, 1e-06, 0.1], "k_pid_hsp": [0.26686312236935095, 0.0, 0.0], "k_pid_vsp": [44.2912023482299, 25.264443066846276, 1e-06]}, "datetime": {"datetime": "2025-08-13 16:39:11", "elapsed": 24679.113212108612, "delta": 20.49103879928589}, "costs": {"total_cost": 193.74095402535602, "time_cost": 71.526, "final_distance_cost": 1.8394948313344357, "oscillation_cost": 29.029012451532722, "completition_cost": 0.0, "overshoot_cost": 51.130486534162785, "power_cost": 18.1858740234375, "noise_cost": 22.03008618488857, "n_waypoints_completed": 9, "tot_waypoints": 9}}
{"target": -214.48115176841338, "params": {"k_pid_pos": [0.43069932284924684, 0.0, 0.06629188948655468], "k_pid_alt": [1.5871783535109818, 0.0, 0.9499417622981017], "k_pid_att": [36.16683196885399, 3.753296234320533, 0.2590423592005259], "k_pid_yaw": [0.5, 1e-06, 0.1], "k_pid_hsp": [0.2203411053552644, 0.0, 0.0], "k_pid_vsp": [129.6232193817983, 24.7783397114816, 1e-06]}, "datetime": {"datetime": "2025-08-13 16:39:38", "elapsed": 24706.752160310745, "delta": 27.63894820213318}, "costs": {"total_cost": 214.48115176841338, "time_cost": 86.135, "final_distance_cost": 1.8550067096172278, "oscillation_cost": 22.173791040792203, "completition_cost": 0.0, "overshoot_cost": 53.00848127839879, "power_cost": 22.642518017578126, "noise_cost": 28.666354722027048, "n_waypoints_completed": 9, "tot_waypoints": 9}}
{"target": -192.50426695149773, "params": {"k_pid_pos": [1.170106584137175, 0.0, 0.08360046151282262], "k_pid_alt": [1.6237619659711862, 0.0, 0.9429101852332347], "k_pid_att": [34.88671365488935, 3.3676324488792884, 0.2810659294423211], "k_pid_yaw": [0.5, 1e-06, 0.1], "k_pid_hsp": [0.2660902172835192, 0.0, 0.0], "k_pid_vsp": [111.16660910126484, 22.374692539546313, 1e-06]}, "datetime": {"datetime": "2025-08-13 16:40:03", "elapsed": 24731.960730791092, "delta": 25.20857048034668}, "costs": {"total_cost": 192.50426695149773, "time_cost": 71.44200000000001, "final_distance_cost": 1.8316500181006712, "oscillation_cost": 29.72126339222719, "completition_cost": 0.0, "overshoot_cost": 51.21114390208145, "power_cost": 16.668383728027344, "noise_cost": 21.62982591106106, "n_waypoints_completed": 9, "tot_waypoints": 9}}
{"target": -190.6555069551945, "params": {"k_pid_pos": [1.0467087950635616, 0.0, 0.2743947533840071], "k_pid_alt": [1.6511870340109236, 0.0, 0.9414487819580301], "k_pid_att": [29.39764882281449, 3.544446717382141, 0.2746036929867697], "k_pid_yaw": [0.5, 1e-06, 0.1], "k_pid_hsp": [0.08795736484816338, 0.0, 0.0], "k_pid_vsp": [147.7480603824218, 24.834573892344594, 1e-06]}, "datetime": {"datetime": "2025-08-13 16:40:24", "elapsed": 24752.559038877487, "delta": 20.598308086395264}, "costs": {"total_cost": 190.6555069551945, "time_cost": 73.038, "final_distance_cost": 1.8131669616635644, "oscillation_cost": 24.953646080507315, "completition_cost": 0.0, "overshoot_cost": 52.14924793162923, "power_cost": 16.487221301269532, "noise_cost": 22.214224680124875, "n_waypoints_completed": 9, "tot_waypoints": 9}}
{"target": -196.85252255136766, "params": {"k_pid_pos": [1.332813603865439, 0.0, 0.09151744882894686], "k_pid_alt": [1.6323330710263713, 0.0, 0.9711456947337724], "k_pid_att": [35.47857440166466, 3.0342941331344386, 0.24838757302507714], "k_pid_yaw": [0.5, 1e-06, 0.1], "k_pid_hsp": [0.24789356517941272, 0.0, 0.0], "k_pid_vsp": [116.105683616528, 27.360818517027507, 1e-06]}, "datetime": {"datetime": "2025-08-13 16:40:43", "elapsed": 24771.87941288948, "delta": 19.320374011993408}, "costs": {"total_cost": 196.85252255136766, "time_cost": 71.764, "final_distance_cost": 1.8109659829128446, "oscillation_cost": 30.412242258140694, "completition_cost": 0.0, "overshoot_cost": 51.94632795083696, "power_cost": 18.944938806152344, "noise_cost": 21.974047553324816, "n_waypoints_completed": 9, "tot_waypoints": 9}}
{"target": -193.48079218013362, "params": {"k_pid_pos": [0.8785158974556064, 0.0, 0.08013451110914266], "k_pid_alt": [1.7699424125275378, 0.0, 0.9441995963047313], "k_pid_att": [36.7347743444069, 3.5802456303000545, 0.2565568477498646], "k_pid_yaw": [0.5, 1e-06, 0.1], "k_pid_hsp": [0.2729266402763775, 0.0, 0.0], "k_pid_vsp": [145.8455351252452, 17.92245074171169, 1e-06]}, "datetime": {"datetime": "2025-08-13 16:41:04", "elapsed": 24792.141565561295, "delta": 20.262152671813965}, "costs": {"total_cost": 193.48079218013362, "time_cost": 72.373, "final_distance_cost": 1.8459027054810966, "oscillation_cost": 26.988855085717738, "completition_cost": 0.0, "overshoot_cost": 51.19599129699623, "power_cost": 18.405138610839845, "noise_cost": 22.671904481098704, "n_waypoints_completed": 9, "tot_waypoints": 9}}
{"target": -183.30176050361914, "params": {"k_pid_pos": [0.9735534873301583, 0.0, 0.02656296875225833], "k_pid_alt": [1.6322119931840349, 0.0, 0.9377113299691389], "k_pid_att": [35.445623055693495, 3.4861618103576024, 0.25187487344424353], "k_pid_yaw": [0.5, 1e-06, 0.1], "k_pid_hsp": [0.29127308238292576, 0.0, 0.0], "k_pid_vsp": [124.61823847114773, 39.682774404079595, 1e-06]}, "datetime": {"datetime": "2025-08-13 16:41:22", "elapsed": 24810.652155160904, "delta": 18.510589599609375}, "costs": {"total_cost": 183.30176050361914, "time_cost": 70.784, "final_distance_cost": 1.839088806297976, "oscillation_cost": 28.806126240916136, "completition_cost": 0.0, "overshoot_cost": 50.26893116001387, "power_cost": 11.440716418457031, "noise_cost": 20.162897877934117, "n_waypoints_completed": 9, "tot_waypoints": 9}}
{"target": -188.18875392215654, "params": {"k_pid_pos": [1.2446334666337104, 0.0, 0.08446114272335965], "k_pid_alt": [1.6565708932684107, 0.0, 0.9325584404958366], "k_pid_att": [36.43633454394482, 3.3104997620060326, 0.24708403381076094], "k_pid_yaw": [0.5, 1e-06, 0.1], "k_pid_hsp": [0.28259536762074156, 0.0, 0.0], "k_pid_vsp": [124.7303960865254, 21.550114239494473, 1e-06]}, "datetime": {"datetime": "2025-08-13 16:41:39", "elapsed": 24827.893837451935, "delta": 17.241682291030884}, "costs": {"total_cost": 188.18875392215654, "time_cost": 71.015, "final_distance_cost": 1.8208217167805205, "oscillation_cost": 30.513249036602993, "completition_cost": 0.0, "overshoot_cost": 50.906083444067406, "power_cost": 13.417733703613282, "noise_cost": 20.51586602109235, "n_waypoints_completed": 9, "tot_waypoints": 9}}
{"target": -191.8548826816499, "params": {"k_pid_pos": [1.1176564776314044, 0.0, 0.0], "k_pid_alt": [1.6069372619399975, 0.0, 0.9624438615898792], "k_pid_att": [30.310541650124254, 3.1356216192579947, 0.22766521943412438], "k_pid_yaw": [0.5, 1e-06, 0.1], "k_pid_hsp": [0.269178422980119, 0.0, 0.0], "k_pid_vsp": [117.73954414470832, 3.3590558487185365, 1e-06]}, "datetime": {"datetime": "2025-08-13 16:42:00", "elapsed": 24848.155155658722, "delta": 20.26131820678711}, "costs": {"total_cost": 191.8548826816499, "time_cost": 72.135, "final_distance_cost": 1.8340381375072032, "oscillation_cost": 30.121234892398192, "completition_cost": 0.0, "overshoot_cost": 51.66474975649243, "power_cost": 14.602649462890625, "noise_cost": 21.49721043236148, "n_waypoints_completed": 9, "tot_waypoints": 9}}
{"target": -195.04133332337753, "params": {"k_pid_pos": [1.153023611150984, 0.0, 0.06398599901838224], "k_pid_alt": [1.641504463609366, 0.0, 0.9473001302823554], "k_pid_att": [34.81573180936863, 3.530475444540147, 0.24267538275993195], "k_pid_yaw": [0.5, 1e-06, 0.1], "k_pid_hsp": [0.25013699124133093, 0.0, 0.0], "k_pid_vsp": [130.4548896929466, 24.33073377536318, 1e-06]}, "datetime": {"datetime": "2025-08-13 16:42:20", "elapsed": 24868.813468694687, "delta": 20.658313035964966}, "costs": {"total_cost": 195.04133332337753, "time_cost": 71.491, "final_distance_cost": 1.8236279039103411, "oscillation_cost": 29.653886992242686, "completition_cost": 0.0, "overshoot_cost": 51.65609202894558, "power_cost": 18.383236596679687, "noise_cost": 22.033489801599252, "n_waypoints_completed": 9, "tot_waypoints": 9}}
{"target": -192.6802496316347, "params": {"k_pid_pos": [1.1108069207784221, 0.0, 0.02629582479546569], "k_pid_alt": [1.702006191317942, 0.0, 0.9406622326329114], "k_pid_att": [37.50788178768765, 3.686430987815696, 0.2498050849059991], "k_pid_yaw": [0.5, 1e-06, 0.1], "k_pid_hsp": [0.2634816615829268, 0.0, 0.0], "k_pid_vsp": [119.47534331656874, 24.004459044488076, 1e-06]}, "datetime": {"datetime": "2025-08-13 16:42:42", "elapsed": 24889.981961488724, "delta": 21.168492794036865}, "costs": {"total_cost": 192.6802496316347, "time_cost": 71.379, "final_distance_cost": 1.8236160900711278, "oscillation_cost": 29.46037976657715, "completition_cost": 0.0, "overshoot_cost": 51.36406904299518, "power_cost": 17.005280651855468, "noise_cost": 21.647904080135795, "n_waypoints_completed": 9, "tot_waypoints": 9}}
{"target": -194.29891390967526, "params": {"k_pid_pos": [1.1791501375001041, 0.0, 0.0525630112160846], "k_pid_alt": [1.6648306723208415, 0.0, 1.0], "k_pid_att": [35.384294767226486, 3.892634318659946, 0.25177491493562076], "k_pid_yaw": [0.5, 1e-06, 0.1], "k_pid_hsp": [0.26910489008325583, 0.0, 0.0], "k_pid_vsp": [163.31582511595073, 19.07247348395681, 0.25803398413441037]}, "datetime": {"datetime": "2025-08-13 16:43:01", "elapsed": 24909.22703576088, "delta": 19.24507427215576}, "costs": {"total_cost": 194.29891390967526, "time_cost": 72.07900000000001, "final_distance_cost": 1.8235979793787163, "oscillation_cost": 29.868706232426117, "completition_cost": 0.0, "overshoot_cost": 51.85640464080944, "power_cost": 16.944439587402343, "noise_cost": 21.72676546965864, "n_waypoints_completed": 9, "tot_waypoints": 9}}
{"target": -185.21904604132487, "params": {"k_pid_pos": [1.1759444263652852, 0.0, 0.08787173681267711], "k_pid_alt": [1.6299223492181614, 0.0, 0.9481006245619038], "k_pid_att": [32.64722039212756, 3.36135176954521, 0.24915090397715578], "k_pid_yaw": [0.5, 1e-06, 0.1], "k_pid_hsp": [0.27020206642227923, 0.0, 0.0], "k_pid_vsp": [112.67350805886156, 19.56545744491984, 1e-06]}, "datetime": {"datetime": "2025-08-13 16:43:20", "elapsed": 24928.451902866364, "delta": 19.22486710548401}, "costs": {"total_cost": 185.21904604132487, "time_cost": 70.882, "final_distance_cost": 1.818017960968259, "oscillation_cost": 29.94472878170993, "completition_cost": 0.0, "overshoot_cost": 50.61500424570113, "power_cost": 11.665065979003908, "noise_cost": 20.29422907394164, "n_waypoints_completed": 9, "tot_waypoints": 9}}
{"target": -187.03359407252782, "params": {"k_pid_pos": [1.1583070061774943, 0.0, 0.08576705447156811], "k_pid_alt": [1.6287828698839846, 0.0, 0.9381958832378754], "k_pid_att": [36.68936712588342, 3.511883264346209, 0.246819482405107], "k_pid_yaw": [0.5, 1e-06, 0.1], "k_pid_hsp": [0.22260206884323241, 0.0, 0.0], "k_pid_vsp": [124.49890866903273, 24.858352064275376, 1e-06]}, "datetime": {"datetime": "2025-08-13 16:43:40", "elapsed": 24948.399531126022, "delta": 19.947628259658813}, "costs": {"total_cost": 187.03359407252782, "time_cost": 71.078, "final_distance_cost": 1.8356239621117763, "oscillation_cost": 29.543519580895413, "completition_cost": 0.0, "overshoot_cost": 50.510534131431186, "power_cost": 13.344603369140625, "noise_cost": 20.721313028948785, "n_waypoints_completed": 9, "tot_waypoints": 9}}
{"target": -236.9850598545811, "params": {"k_pid_pos": [1.171885379159814, 0.10011798776455871, 0.032825235344011466], "k_pid_alt": [1.6547209362715942, 0.028906313147435598, 0.9549181156555734], "k_pid_att": [43.14883902444106, 3.4841052298559334, 0.2684377399766388], "k_pid_yaw": [0.5, 1e-06, 0.1], "k_pid_hsp": [0.03487754399273804, 0.000530822749172561, 0.0], "k_pid_vsp": [129.9442028173341, 30.99946575362209, 3.605541621458431]}, "datetime": {"datetime": "2025-08-13 16:44:11", "elapsed": 24979.211465120316, "delta": 30.811933994293213}, "costs": {"total_cost": 236.9850598545811, "time_cost": 102.767, "final_distance_cost": 1.8036295093855765, "oscillation_cost": 20.883297397399236, "completition_cost": 0.0, "overshoot_cost": 60.72810675775805, "power_cost": 19.832786767578124, "noise_cost": 30.970239422460125, "n_waypoints_completed": 9, "tot_waypoints": 9}}
{"target": -187.80756750803963, "params": {"k_pid_pos": [0.7095749841760548, 0.0, 0.05421204013068788], "k_pid_alt": [1.5579088831513528, 0.0, 0.9351026184749814], "k_pid_att": [30.197321641835426, 3.3628426818455903, 0.26439273557519194], "k_pid_yaw": [0.5, 1e-06, 0.1], "k_pid_hsp": [0.14410413262879504, 0.0, 0.0], "k_pid_vsp": [126.54831015514159, 4.509257036921159, 0.09761958968139789]}, "datetime": {"datetime": "2025-08-13 16:44:39", "elapsed": 25007.17489027977, "delta": 27.963425159454346}, "costs": {"total_cost": 187.80756750803963, "time_cost": 74.333, "final_distance_cost": 1.8310185138295527, "oscillation_cost": 24.643746438422685, "completition_cost": 0.0, "overshoot_cost": 51.78121706161851, "power_cost": 13.42748564453125, "noise_cost": 21.791099849637625, "n_waypoints_completed": 9, "tot_waypoints": 9}}
{"target": -188.1841472359049, "params": {"k_pid_pos": [1.2158820145553844, 0.0, 0.022211619867002118], "k_pid_alt": [1.620115532970654, 0.0, 0.9389540029030117], "k_pid_att": [43.738750286521466, 3.4002919377900964, 0.2309849312269986], "k_pid_yaw": [0.5, 1e-06, 0.1], "k_pid_hsp": [0.3412797415582011, 0.0, 0.0], "k_pid_vsp": [89.82634463157035, 5.575946353415686, 1e-06]}, "datetime": {"datetime": "2025-08-13 16:44:59", "elapsed": 25027.166249752045, "delta": 19.99135947227478}, "costs": {"total_cost": 188.1841472359049, "time_cost": 71.631, "final_distance_cost": 1.8234216436654629, "oscillation_cost": 31.209269948205325, "completition_cost": 0.0, "overshoot_cost": 51.205439953283374, "power_cost": 11.894085229492187, "noise_cost": 20.420930461258532, "n_waypoints_completed": 9, "tot_waypoints": 9}}
{"target": -185.280064232082, "params": {"k_pid_pos": [1.191342745617038, 0.0, 0.09317596617641265], "k_pid_alt": [1.647008275239196, 0.0, 0.9212579080180614], "k_pid_att": [37.414872760826384, 3.282884258492236, 0.24975506844426426], "k_pid_yaw": [0.5, 1e-06, 0.1], "k_pid_hsp": [0.21100317778048613, 0.0, 0.0], "k_pid_vsp": [166.1474248084742, 24.071972789104986, 1e-06]}, "datetime": {"datetime": "2025-08-13 16:45:19", "elapsed": 25047.121539354324, "delta": 19.955289602279663}, "costs": {"total_cost": 185.280064232082, "time_cost": 70.917, "final_distance_cost": 1.8276313415319083, "oscillation_cost": 29.781190214745013, "completition_cost": 0.0, "overshoot_cost": 51.018110514094545, "power_cost": 11.600217944335938, "noise_cost": 20.135914217374605, "n_waypoints_completed": 9, "tot_waypoints": 9}}
{"target": -213.69262521912577, "params": {"k_pid_pos": [1.1378109898830069, 0.0, 0.1611057171214155], "k_pid_alt": [1.586012419921355, 0.0, 0.9501821557838012], "k_pid_att": [33.94457811380718, 3.8059444703449685, 0.2483966549212671], "k_pid_yaw": [0.5, 1e-06, 0.1], "k_pid_hsp": [0.3756227439447878, 0.0, 0.004739614707014854], "k_pid_vsp": [69.74057921625445, 1e-06, 1e-06]}, "datetime": {"datetime": "2025-08-13 16:45:39", "elapsed": 25067.591915607452, "delta": 20.47037625312805}, "costs": {"total_cost": 213.69262521912577, "time_cost": 76.132, "final_distance_cost": 1.8375558538862233, "oscillation_cost": 37.648218546325346, "completition_cost": 0.0, "overshoot_cost": 51.80675759740616, "power_cost": 21.5029732421875, "noise_cost": 24.765119979320527, "n_waypoints_completed": 9, "tot_waypoints": 9}}
{"target": -197.7715704836212, "params": {"k_pid_pos": [0.9765799350728303, 0.0, 0.26287300183835216], "k_pid_alt": [1.4962784446660782, 0.0, 0.9553725935373816], "k_pid_att": [28.522732120657704, 1.3693549692465052, 0.2409946699743283], "k_pid_yaw": [0.5, 1e-06, 0.1], "k_pid_hsp": [0.2552438406869695, 0.0036722877908754205, 0.0], "k_pid_vsp": [105.40026899228897, 8.705752250468526, 1e-06]}, "datetime": {"datetime": "2025-08-13 16:46:00", "elapsed": 25088.646587371826, "delta": 21.05467176437378}, "costs": {"total_cost": 197.7715704836212, "time_cost": 74.634, "final_distance_cost": 1.8444345139816247, "oscillation_cost": 27.25379916772351, "completition_cost": 0.0, "overshoot_cost": 51.680169608252456, "power_cost": 18.897255883789065, "noise_cost": 23.461911309874548, "n_waypoints_completed": 9, "tot_waypoints": 9}}
{"target": -208.2736385777932, "params": {"k_pid_pos": [1.2114005304123265, 0.0, 0.08877727986196902], "k_pid_alt": [1.6162526781689839, 0.0, 0.9547750697859981], "k_pid_att": [37.728707380180346, 3.358182115103613, 0.2520680966441641], "k_pid_yaw": [0.5, 1e-06, 0.1], "k_pid_hsp": [0.22526316029994897, 0.0, 0.0], "k_pid_vsp": [127.75855126545146, 29.84846868954931, 1e-06]}, "datetime": {"datetime": "2025-08-13 16:46:20", "elapsed": 25108.250178813934, "delta": 19.603591442108154}, "costs": {"total_cost": 208.2736385777932, "time_cost": 75.054, "final_distance_cost": 1.8116666805795778, "oscillation_cost": 30.64682377446891, "completition_cost": 0.0, "overshoot_cost": 53.21907461132778, "power_cost": 23.94171638183594, "noise_cost": 23.600357129581003, "n_waypoints_completed": 9, "tot_waypoints": 9}}
{"target": -203.93263074363176, "params": {"k_pid_pos": [1.1562430418750027, 0.0, 0.09333557704574488], "k_pid_alt": [1.6276235592185886, 0.0, 0.9392466987424137], "k_pid_att": [36.913611227309055, 3.3849923543782703, 0.25346188503548933], "k_pid_yaw": [0.5, 1e-06, 0.1], "k_pid_hsp": [0.26376102563112885, 0.0, 0.0], "k_pid_vsp": [116.59256741561153, 15.478115061896347, 1e-06]}, "datetime": {"datetime": "2025-08-13 16:46:40", "elapsed": 25128.665565013885, "delta": 20.415386199951172}, "costs": {"total_cost": 203.93263074363176, "time_cost": 73.108, "final_distance_cost": 1.8377416662907937, "oscillation_cost": 30.026563472807823, "completition_cost": 0.0, "overshoot_cost": 52.4835060000633, "power_cost": 23.14637921142578, "noise_cost": 23.330440393044054, "n_waypoints_completed": 9, "tot_waypoints": 9}}
