{"target": -189.78328396449425, "params": {"k_pid_pos": [1.2452029265693865, 0.000964967799099473, 0.08566826884169945], "k_pid_alt": [1.6229087602067076, 0.0, 0.8928152792098656], "k_pid_att": [31.433027794608222, 3.9279988843477076, 0.2727126117659246], "k_pid_yaw": [0.5, 1e-06, 0.1], "k_pid_hsp": [0.25533178368450965, 0.0, 0.0], "k_pid_vsp": [40.41670602273106, 17.348627371598198, 1e-06]}, "datetime": {"datetime": "2025-08-13 18:15:09", "elapsed": 30437.65297317505, "delta": 17.253271102905273}, "costs": {"total_cost": 189.78328396449425, "time_cost": 70.861, "final_distance_cost": 1.8212492619954883, "oscillation_cost": 30.074707311378162, "completition_cost": 0.0, "overshoot_cost": 51.14890028197879, "power_cost": 14.855153491210938, "noise_cost": 21.022273617930868, "n_waypoints_completed": 9, "tot_waypoints": 9}}
{"target": -184.85832283991834, "params": {"k_pid_pos": [1.1051435109141006, 0.0, 0.06459698685629395], "k_pid_alt": [1.5604187062247832, 0.0, 0.9660831497598754], "k_pid_att": [45.42975971633618, 3.3526275140573527, 0.2901357950493093], "k_pid_yaw": [0.5, 1e-06, 0.1], "k_pid_hsp": [0.23721875930532638, 0.0, 0.0], "k_pid_vsp": [13.178392719306146, 15.155600074566575, 1e-06]}, "datetime": {"datetime": "2025-08-13 18:15:26", "elapsed": 30454.821240901947, "delta": 17.168267726898193}, "costs": {"total_cost": 184.85832283991834, "time_cost": 72.191, "final_distance_cost": 1.8352945188844618, "oscillation_cost": 29.587925325707108, "completition_cost": 0.0, "overshoot_cost": 52.03647430532263, "power_cost": 9.519358764648437, "noise_cost": 19.688269925355687, "n_waypoints_completed": 9, "tot_waypoints": 9}}
{"target": -194.3808186984742, "params": {"k_pid_pos": [1.4339618019967202, 0.0, 0.09202687767099602], "k_pid_alt": [1.6463117176031594, 0.0, 0.9172088419122025], "k_pid_att": [39.12229575853342, 3.3691387644083766, 0.2743841036138226], "k_pid_yaw": [0.5, 1e-06, 0.1], "k_pid_hsp": [0.14050215888328343, 0.0, 0.0], "k_pid_vsp": [100.67638756341935, 29.0820730269301, 1e-06]}, "datetime": {"datetime": "2025-08-13 18:15:44", "elapsed": 30472.231734275818, "delta": 17.41049337387085}, "costs": {"total_cost": 194.3808186984742, "time_cost": 71.561, "final_distance_cost": 1.7833539762372193, "oscillation_cost": 30.535982045477848, "completition_cost": 0.0, "overshoot_cost": 51.58184344361547, "power_cost": 17.27518952636719, "noise_cost": 21.643449706776426, "n_waypoints_completed": 9, "tot_waypoints": 9}}
{"target": -185.62226131176598, "params": {"k_pid_pos": [0.8924861028310662, 0.008674582552155436, 0.07618599791649039], "k_pid_alt": [1.6053670068385446, 0.0, 0.908554994326457], "k_pid_att": [30.763925457066215, 3.3764366021911223, 0.26012353364155605], "k_pid_yaw": [0.5, 1e-06, 0.1], "k_pid_hsp": [0.21968139786184904, 0.0, 0.0], "k_pid_vsp": [103.94308886657397, 49.50369668966466, 1e-06]}, "datetime": {"datetime": "2025-08-13 18:16:00", "elapsed": 30488.933521032333, "delta": 16.701786756515503}, "costs": {"total_cost": 185.62226131176598, "time_cost": 71.302, "final_distance_cost": 1.8389955461276193, "oscillation_cost": 27.261739581964278, "completition_cost": 0.0, "overshoot_cost": 50.475086771135466, "power_cost": 13.777776953125, "noise_cost": 20.966662459413623, "n_waypoints_completed": 9, "tot_waypoints": 9}}
{"target": -191.44075881818185, "params": {"k_pid_pos": [1.2967959097770587, 0.0, 0.0], "k_pid_alt": [1.5843202456326626, 0.0, 0.9717836822873219], "k_pid_att": [22.68375827659463, 3.5588438801090296, 0.288151836302601], "k_pid_yaw": [0.5, 1e-06, 0.1], "k_pid_hsp": [0.16372913763415922, 0.0, 0.0], "k_pid_vsp": [130.16391761873444, 45.48919818272034, 1.0251042248766662]}, "datetime": {"datetime": "2025-08-13 18:16:17", "elapsed": 30505.955832719803, "delta": 17.022311687469482}, "costs": {"total_cost": 191.44075881818185, "time_cost": 71.113, "final_distance_cost": 1.7868423951567791, "oscillation_cost": 30.988468484534817, "completition_cost": 0.0, "overshoot_cost": 50.65894837634861, "power_cost": 15.696795251464845, "noise_cost": 21.19670431067682, "n_waypoints_completed": 9, "tot_waypoints": 9}}
{"target": -198.93015040061502, "params": {"k_pid_pos": [0.9435103603297809, 0.020280283545964544, 0.11410945699558073], "k_pid_alt": [1.597954626953872, 0.0, 0.8614272154715215], "k_pid_att": [34.79532942636704, 3.5606381142545063, 0.23409229868701725], "k_pid_yaw": [0.5, 1e-06, 0.1], "k_pid_hsp": [0.33205246670893807, 0.0, 0.0], "k_pid_vsp": [50.26386297576229, 23.6585612179448, 1e-06]}, "datetime": {"datetime": "2025-08-13 18:16:35", "elapsed": 30523.29598402977, "delta": 17.34015130996704}, "costs": {"total_cost": 198.93015040061502, "time_cost": 72.513, "final_distance_cost": 1.8411333207826446, "oscillation_cost": 27.792692040447662, "completition_cost": 0.0, "overshoot_cost": 51.67604612687579, "power_cost": 21.76304802246094, "noise_cost": 23.344230890047978, "n_waypoints_completed": 9, "tot_waypoints": 9}}
{"target": -185.51701375024345, "params": {"k_pid_pos": [0.8853097043053104, 0.0, 0.07455948230431284], "k_pid_alt": [1.598444026100828, 0.0, 0.8922909212211184], "k_pid_att": [35.122957142769295, 3.0619958513833687, 0.2669131793607213], "k_pid_yaw": [0.5, 1e-06, 0.1], "k_pid_hsp": [0.2170857957429413, 0.0, 0.0], "k_pid_vsp": [86.06270488064715, 35.443892823326365, 1e-06]}, "datetime": {"datetime": "2025-08-13 18:16:52", "elapsed": 30539.991459608078, "delta": 16.695475578308105}, "costs": {"total_cost": 185.51701375024345, "time_cost": 71.498, "final_distance_cost": 1.8393527593697634, "oscillation_cost": 27.245183004712874, "completition_cost": 0.0, "overshoot_cost": 50.7909501582833, "power_cost": 13.183969970703126, "noise_cost": 20.959557857174374, "n_waypoints_completed": 9, "tot_waypoints": 9}}
{"target": -181.08559917304365, "params": {"k_pid_pos": [0.9770641459898555, 0.0, 0.07578472424700254], "k_pid_alt": [1.583269589238582, 0.0, 0.933854614030411], "k_pid_att": [35.89117481090031, 3.3409684369296495, 0.266154099835028], "k_pid_yaw": [0.5, 1e-06, 0.1], "k_pid_hsp": [0.212328002936288, 0.0, 0.0], "k_pid_vsp": [181.8907363071607, 48.519701946858895, 1e-06]}, "datetime": {"datetime": "2025-08-13 18:17:09", "elapsed": 30556.996670484543, "delta": 17.005210876464844}, "costs": {"total_cost": 181.08559917304365, "time_cost": 71.12, "final_distance_cost": 1.8400531174783212, "oscillation_cost": 27.977438113114154, "completition_cost": 0.0, "overshoot_cost": 50.36290766440814, "power_cost": 10.080691113281251, "noise_cost": 19.704509164761745, "n_waypoints_completed": 9, "tot_waypoints": 9}}
{"target": -204.4805250046494, "params": {"k_pid_pos": [1.2609546785618597, 0.0, 0.3085742118065667], "k_pid_alt": [1.5347980209012673, 0.0, 0.9759277439530025], "k_pid_att": [8.815045858451251, 0.49011171106065854, 0.2877802645164941], "k_pid_yaw": [0.5, 1e-06, 0.1], "k_pid_hsp": [0.17949619708266046, 0.05048616805230882, 0.0], "k_pid_vsp": [12.596031971137734, 37.19266906487352, 1e-06]}, "datetime": {"datetime": "2025-08-13 18:17:25", "elapsed": 30573.615827798843, "delta": 16.619157314300537}, "costs": {"total_cost": 204.4805250046494, "time_cost": 71.435, "final_distance_cost": 1.8472739049223803, "oscillation_cost": 32.7208816305268, "completition_cost": 0.0, "overshoot_cost": 50.30633274989305, "power_cost": 24.704470947265627, "noise_cost": 23.466565772041545, "n_waypoints_completed": 9, "tot_waypoints": 9}}
{"target": -193.16563109707943, "params": {"k_pid_pos": [0.8278197396061399, 0.0, 0.10405032569130676], "k_pid_alt": [1.5716194925190698, 0.0, 0.9302032707317383], "k_pid_att": [35.09599743236918, 3.054938635551725, 0.2543641735620256], "k_pid_yaw": [0.5, 1e-06, 0.1], "k_pid_hsp": [0.2449482561359242, 0.0, 0.0], "k_pid_vsp": [6.657145053640576, 16.689412124893444, 1e-06]}, "datetime": {"datetime": "2025-08-13 18:17:43", "elapsed": 30591.686936616898, "delta": 18.0711088180542}, "costs": {"total_cost": 193.16563109707943, "time_cost": 74.956, "final_distance_cost": 1.848456500564907, "oscillation_cost": 25.52916593215207, "completition_cost": 0.0, "overshoot_cost": 54.74706386483895, "power_cost": 13.265504846191407, "noise_cost": 22.81943995333207, "n_waypoints_completed": 9, "tot_waypoints": 9}}
{"target": -185.97825954958475, "params": {"k_pid_pos": [1.10414247185983, 0.0, 0.11273713161176563], "k_pid_alt": [1.65654329365876, 0.0, 0.9048488764935099], "k_pid_att": [35.608054521320334, 3.507433256038331, 0.25041287506309523], "k_pid_yaw": [0.5, 1e-06, 0.1], "k_pid_hsp": [0.2295417520583114, 0.0, 0.0], "k_pid_vsp": [38.40376899220515, 43.825248391084905, 1e-06]}, "datetime": {"datetime": "2025-08-13 18:17:59", "elapsed": 30607.74126815796, "delta": 16.0543315410614}, "costs": {"total_cost": 185.97825954958475, "time_cost": 70.35000000000001, "final_distance_cost": 1.8280061286724145, "oscillation_cost": 28.688036924960965, "completition_cost": 0.0, "overshoot_cost": 50.469387406148506, "power_cost": 13.894263781738282, "noise_cost": 20.74856530806457, "n_waypoints_completed": 9, "tot_waypoints": 9}}
{"target": -189.15332268446605, "params": {"k_pid_pos": [0.9490793018772634, 0.0, 0.11616368534562505], "k_pid_alt": [1.5969811805042622, 0.0, 0.9544359324568834], "k_pid_att": [35.341590229180646, 3.4614029418280494, 0.6110136646608678], "k_pid_yaw": [0.5, 1e-06, 0.1], "k_pid_hsp": [0.14384026126982308, 0.0, 0.0], "k_pid_vsp": [29.096176347986535, 25.81927549185771, 1e-06]}, "datetime": {"datetime": "2025-08-13 18:18:17", "elapsed": 30625.35270690918, "delta": 17.611438751220703}, "costs": {"total_cost": 189.15332268446605, "time_cost": 71.624, "final_distance_cost": 1.8172568297340803, "oscillation_cost": 26.404516458270862, "completition_cost": 0.0, "overshoot_cost": 51.45380112148583, "power_cost": 16.093796142578125, "noise_cost": 21.759952132397153, "n_waypoints_completed": 9, "tot_waypoints": 9}}
{"target": -193.23964454393928, "params": {"k_pid_pos": [1.1653380256887822, 0.0, 0.11066434572251085], "k_pid_alt": [1.670166331232571, 0.0, 0.954380910501525], "k_pid_att": [36.22369376856128, 3.1096494670732366, 0.2657727038456077], "k_pid_yaw": [0.5, 1e-06, 0.1], "k_pid_hsp": [0.22469114633418952, 0.0, 0.0], "k_pid_vsp": [70.16300879045315, 19.45871724605964, 1e-06]}, "datetime": {"datetime": "2025-08-13 18:18:35", "elapsed": 30643.111088752747, "delta": 17.758381843566895}, "costs": {"total_cost": 193.23964454393928, "time_cost": 71.155, "final_distance_cost": 1.8306373059440313, "oscillation_cost": 29.329792174901847, "completition_cost": 0.0, "overshoot_cost": 51.13254732985649, "power_cost": 17.565334118652345, "noise_cost": 22.226333614584536, "n_waypoints_completed": 9, "tot_waypoints": 9}}
{"target": -184.63781131808503, "params": {"k_pid_pos": [1.2310521429853203, 0.0, 0.08377072842021518], "k_pid_alt": [1.6016814886837973, 0.0, 0.9324253386753096], "k_pid_att": [35.90049735393256, 3.3869220613489803, 0.2564396705709169], "k_pid_yaw": [0.5, 1e-06, 0.1], "k_pid_hsp": [0.24234138763573035, 0.0, 0.0], "k_pid_vsp": [38.221944352061506, 37.18150736596452, 1e-06]}, "datetime": {"datetime": "2025-08-13 18:18:52", "elapsed": 30660.076925992966, "delta": 16.965837240219116}, "costs": {"total_cost": 184.63781131808503, "time_cost": 70.301, "final_distance_cost": 1.8191015566187878, "oscillation_cost": 29.888807905313453, "completition_cost": 0.0, "overshoot_cost": 50.06588469911979, "power_cost": 12.415454211425782, "noise_cost": 20.147562945607213, "n_waypoints_completed": 9, "tot_waypoints": 9}}
{"target": -191.63231327036146, "params": {"k_pid_pos": [1.014762216666811, 0.0, 0.0586110645114504], "k_pid_alt": [1.606285938629313, 0.0, 0.9514990879876114], "k_pid_att": [37.81182390106714, 3.3851476234291216, 0.24508147651738824], "k_pid_yaw": [0.5, 1e-06, 0.1], "k_pid_hsp": [0.2675363602799101, 0.0, 0.0], "k_pid_vsp": [112.47615885468544, 15.738025040264425, 1e-06]}, "datetime": {"datetime": "2025-08-13 18:19:09", "elapsed": 30677.84087896347, "delta": 17.76395297050476}, "costs": {"total_cost": 191.63231327036146, "time_cost": 71.827, "final_distance_cost": 1.8442460445951756, "oscillation_cost": 28.565746669993068, "completition_cost": 0.0, "overshoot_cost": 51.2725414755544, "power_cost": 16.278214904785155, "noise_cost": 21.844564175433685, "n_waypoints_completed": 9, "tot_waypoints": 9}}
{"target": -189.08273984180659, "params": {"k_pid_pos": [1.0063742279228407, 0.0, 0.10448029084477749], "k_pid_alt": [1.5937974171749056, 0.0, 0.9110443987000527], "k_pid_att": [34.64687700850194, 3.3531853045211903, 0.2648540926174534], "k_pid_yaw": [0.5, 1e-06, 0.1], "k_pid_hsp": [0.21270063438531087, 0.0, 0.0], "k_pid_vsp": [34.208681341853264, 41.18450921684994, 1e-06]}, "datetime": {"datetime": "2025-08-13 18:19:26", "elapsed": 30694.91158437729, "delta": 17.07070541381836}, "costs": {"total_cost": 189.08273984180659, "time_cost": 71.099, "final_distance_cost": 1.8271342831823125, "oscillation_cost": 27.60763784576696, "completition_cost": 0.0, "overshoot_cost": 50.73436244979263, "power_cost": 16.217160876464845, "noise_cost": 21.597444386599815, "n_waypoints_completed": 9, "tot_waypoints": 9}}
{"target": -195.76538326314335, "params": {"k_pid_pos": [1.019547444267139, 0.0, 0.10429299324015896], "k_pid_alt": [1.6755975121181983, 0.0, 0.8977793528400324], "k_pid_att": [35.2345178547229, 3.5727371943132136, 0.2424680982766744], "k_pid_yaw": [0.5, 1e-06, 0.1], "k_pid_hsp": [0.2675149640261457, 0.0, 0.0], "k_pid_vsp": [86.55383358166449, 11.128502939187676, 1e-06]}, "datetime": {"datetime": "2025-08-13 18:19:44", "elapsed": 30712.619801282883, "delta": 17.708216905593872}, "costs": {"total_cost": 195.76538326314335, "time_cost": 72.667, "final_distance_cost": 1.8314420162709584, "oscillation_cost": 28.046022125379345, "completition_cost": 0.0, "overshoot_cost": 51.687694432802765, "power_cost": 18.8708001953125, "noise_cost": 22.662424493377753, "n_waypoints_completed": 9, "tot_waypoints": 9}}
{"target": -189.94553305933547, "params": {"k_pid_pos": [0.8666467704128623, 0.0, 0.027914497566278465], "k_pid_alt": [1.6099992590127297, 0.0, 0.9201286107247311], "k_pid_att": [36.827286761126736, 3.1994567411537567, 0.27175664906356933], "k_pid_yaw": [0.5, 1e-06, 0.1], "k_pid_hsp": [0.24463345236291112, 0.0, 0.0], "k_pid_vsp": [47.66757777378071, 8.373981671225454, 1e-06]}, "datetime": {"datetime": "2025-08-13 18:20:02", "elapsed": 30730.51998949051, "delta": 17.900188207626343}, "costs": {"total_cost": 189.94553305933547, "time_cost": 72.555, "final_distance_cost": 1.8468460912774225, "oscillation_cost": 27.354202035695863, "completition_cost": 0.0, "overshoot_cost": 51.63529936032808, "power_cost": 14.780376428222658, "noise_cost": 21.773809143811427, "n_waypoints_completed": 9, "tot_waypoints": 9}}
{"target": -185.98007473355707, "params": {"k_pid_pos": [1.001450576479408, 0.0, 0.04982898845262995], "k_pid_alt": [1.5290054286868757, 0.0, 0.9507452866487771], "k_pid_att": [34.5037120977498, 3.358177711668743, 0.22820149544348814], "k_pid_yaw": [0.5, 1e-06, 0.1], "k_pid_hsp": [0.23778954776867006, 0.0, 0.0], "k_pid_vsp": [56.356364380617215, 37.74013788947066, 1.2553351893274032]}, "datetime": {"datetime": "2025-08-13 18:20:19", "elapsed": 30747.350668668747, "delta": 16.830679178237915}, "costs": {"total_cost": 185.98007473355707, "time_cost": 71.001, "final_distance_cost": 1.8392582442718803, "oscillation_cost": 28.368366484591668, "completition_cost": 0.0, "overshoot_cost": 50.23454282170331, "power_cost": 13.735698474121094, "noise_cost": 20.801208708869098, "n_waypoints_completed": 9, "tot_waypoints": 9}}
{"target": -181.6501559132389, "params": {"k_pid_pos": [0.9874222201866837, 0.0, 0.20700029279942897], "k_pid_alt": [1.6354751215047094, 0.0, 0.9444725261468161], "k_pid_att": [34.23127184294085, 3.634587260252637, 0.2194298577694928], "k_pid_yaw": [0.5, 1e-06, 0.1], "k_pid_hsp": [0.1960797242855431, 0.0, 0.0], "k_pid_vsp": [103.65623546046905, 30.69097502294427, 1e-06]}, "datetime": {"datetime": "2025-08-13 18:20:36", "elapsed": 30764.668479919434, "delta": 17.317811250686646}, "costs": {"total_cost": 181.6501559132389, "time_cost": 71.603, "final_distance_cost": 1.843555908526411, "oscillation_cost": 27.33498870838572, "completition_cost": 0.0, "overshoot_cost": 50.261483527154795, "power_cost": 10.472620166015625, "noise_cost": 20.13450760315638, "n_waypoints_completed": 9, "tot_waypoints": 9}}
{"target": -185.0804476658501, "params": {"k_pid_pos": [1.036019130770748, 0.0, 0.004027964825116123], "k_pid_alt": [1.664597945194634, 0.0, 0.9442309700773467], "k_pid_att": [35.01076569636212, 4.008987639458828, 0.2845239219995401], "k_pid_yaw": [0.5, 1e-06, 0.1], "k_pid_hsp": [0.13327112021978946, 0.0, 0.0], "k_pid_vsp": [65.23505292313793, 33.05656177872026, 1e-06]}, "datetime": {"datetime": "2025-08-13 18:20:53", "elapsed": 30781.64561510086, "delta": 16.977135181427002}, "costs": {"total_cost": 185.0804476658501, "time_cost": 71.008, "final_distance_cost": 1.804555267656867, "oscillation_cost": 27.915853908192975, "completition_cost": 0.0, "overshoot_cost": 50.771918975937425, "power_cost": 13.121345214843751, "noise_cost": 20.45877429921909, "n_waypoints_completed": 9, "tot_waypoints": 9}}
{"target": -188.05317943026813, "params": {"k_pid_pos": [1.1744769387163285, 0.0, 0.035406388089539526], "k_pid_alt": [1.623538767914417, 0.0, 0.9426520005992244], "k_pid_att": [35.04568729575818, 3.829077977573287, 0.260210397799044], "k_pid_yaw": [0.5, 1e-06, 0.1], "k_pid_hsp": [0.18078077656178254, 0.0, 0.0], "k_pid_vsp": [156.32016091243494, 28.773548683970105, 1e-06]}, "datetime": {"datetime": "2025-08-13 18:21:11", "elapsed": 30799.05873990059, "delta": 17.413124799728394}, "costs": {"total_cost": 188.05317943026813, "time_cost": 71.162, "final_distance_cost": 1.8070317426515992, "oscillation_cost": 29.73730479974756, "completition_cost": 0.0, "overshoot_cost": 50.7628171142438, "power_cost": 13.777782983398438, "noise_cost": 20.80624279022676, "n_waypoints_completed": 9, "tot_waypoints": 9}}
{"target": -197.01939934434452, "params": {"k_pid_pos": [1.3651517209096224, 0.0, 0.06636348959196497], "k_pid_alt": [1.6599748192861867, 0.0, 0.9595601158095136], "k_pid_att": [30.643918586064295, 1.8676585147799318, 0.24919793791935574], "k_pid_yaw": [0.5, 1e-06, 0.1], "k_pid_hsp": [0.18426799378797218, 0.0, 0.0], "k_pid_vsp": [177.1445974037153, 28.897794386272302, 1e-06]}, "datetime": {"datetime": "2025-08-13 18:21:27", "elapsed": 30815.90652513504, "delta": 16.847785234451294}, "costs": {"total_cost": 197.01939934434452, "time_cost": 71.72200000000001, "final_distance_cost": 1.7847044036698145, "oscillation_cost": 30.75615777364067, "completition_cost": 0.0, "overshoot_cost": 52.032415248262836, "power_cost": 18.796881982421876, "noise_cost": 21.927239936349334, "n_waypoints_completed": 9, "tot_waypoints": 9}}
{"target": -194.49908122886134, "params": {"k_pid_pos": [1.4061109528772784, 0.0, 0.08602341594614524], "k_pid_alt": [1.6306161737900258, 0.0, 0.9529595563461399], "k_pid_att": [34.9677595496861, 3.302981156251698, 0.22751749941565014], "k_pid_yaw": [0.5, 1e-06, 0.1], "k_pid_hsp": [0.1431382500632656, 0.0, 0.0], "k_pid_vsp": [128.00946340100344, 5.702919542338277, 1e-06]}, "datetime": {"datetime": "2025-08-13 18:21:45", "elapsed": 30833.248596906662, "delta": 17.342071771621704}, "costs": {"total_cost": 194.49908122886134, "time_cost": 72.345, "final_distance_cost": 1.794491712168654, "oscillation_cost": 30.212242400243966, "completition_cost": 0.0, "overshoot_cost": 52.10733820616113, "power_cost": 16.221970275878906, "noise_cost": 21.818038634408673, "n_waypoints_completed": 9, "tot_waypoints": 9}}
{"target": -191.63278353735217, "params": {"k_pid_pos": [0.9890301160359336, 0.0, 0.05703950073678123], "k_pid_alt": [1.5955057213572983, 0.0, 0.9545761380586626], "k_pid_att": [34.59038661555333, 3.840001510416918, 0.23882812320759841], "k_pid_yaw": [0.5, 1e-06, 0.1], "k_pid_hsp": [0.13443733899479837, 0.0, 0.0], "k_pid_vsp": [224.6175739699258, 32.23501104335592, 1e-06]}, "datetime": {"datetime": "2025-08-13 18:22:03", "elapsed": 30851.121814727783, "delta": 17.873217821121216}, "costs": {"total_cost": 191.63278353735217, "time_cost": 72.177, "final_distance_cost": 1.827732721116584, "oscillation_cost": 27.239757823409438, "completition_cost": 0.0, "overshoot_cost": 51.404237971759706, "power_cost": 17.0558314453125, "noise_cost": 21.928223575753954, "n_waypoints_completed": 9, "tot_waypoints": 9}}
{"target": -182.6633475900212, "params": {"k_pid_pos": [1.0800898802971561, 0.0, 0.05652721733075235], "k_pid_alt": [1.6255235570302118, 0.0, 0.9266395186263947], "k_pid_att": [35.916470848443204, 3.7658067671165134, 0.24005248483648184], "k_pid_yaw": [0.5, 1e-06, 0.1], "k_pid_hsp": [0.1303350395389742, 0.0, 0.0], "k_pid_vsp": [112.68478268075579, 41.371056513844955, 1e-06]}, "datetime": {"datetime": "2025-08-13 18:22:19", "elapsed": 30867.437995672226, "delta": 16.31618094444275}, "costs": {"total_cost": 182.6633475900212, "time_cost": 71.134, "final_distance_cost": 1.822609321758157, "oscillation_cost": 27.982348698153054, "completition_cost": 0.0, "overshoot_cost": 51.11806921964946, "power_cost": 10.863325451660156, "noise_cost": 19.74299489880037, "n_waypoints_completed": 9, "tot_waypoints": 9}}
