{"target": -204.81434377873728, "params": {"k_pid_pos": [1.1892628908854048, 0.0, 0.12220743985358933], "k_pid_alt": [1.5271363311412312, 0.0, 0.9440545971844595], "k_pid_att": [46.595506491365626, 4.4611424902394745, 0.24821944901931142], "k_pid_yaw": [0.5, 1e-06, 0.1], "k_pid_hsp": [0.3223357663584404, 0.0, 0.0059759707634285], "k_pid_vsp": [177.9072666114758, 13.6790011398872, 1e-06]}, "datetime": {"datetime": "2025-08-13 16:55:32", "elapsed": 25660.628979206085, "delta": 19.31251049041748}, "costs": {"total_cost": 204.81434377873728, "time_cost": 74.158, "final_distance_cost": 1.833395211964391, "oscillation_cost": 42.68534109726259, "completition_cost": 0.0, "overshoot_cost": 50.16041223838352, "power_cost": 14.307243432617188, "noise_cost": 21.66995179850961, "n_waypoints_completed": 9, "tot_waypoints": 9}}
{"target": -193.40515508447157, "params": {"k_pid_pos": [0.818686296334838, 0.0, 0.05549174217929076], "k_pid_alt": [1.381878126355006, 0.0, 0.9652186388519861], "k_pid_att": [48.305198230734774, 1.4026764888369698, 0.2667995805290295], "k_pid_yaw": [0.5, 1e-06, 0.1], "k_pid_hsp": [0.398695533870857, 0.0005184811382320524, 0.0], "k_pid_vsp": [106.52868387637899, 19.887171360530807, 1e-06]}, "datetime": {"datetime": "2025-08-13 16:55:53", "elapsed": 25681.549592494965, "delta": 20.920613288879395}, "costs": {"total_cost": 193.40515508447157, "time_cost": 74.72500000000001, "final_distance_cost": 1.8472533222682377, "oscillation_cost": 27.69637076202113, "completition_cost": 0.0, "overshoot_cost": 51.46454856789431, "power_cost": 15.20172869873047, "noise_cost": 22.470253733557403, "n_waypoints_completed": 9, "tot_waypoints": 9}}
{"target": -182.28263785036305, "params": {"k_pid_pos": [1.164395450663757, 0.0, 0.07099636683950876], "k_pid_alt": [1.6092868679299503, 0.0, 0.9542580994462135], "k_pid_att": [35.507338184265514, 3.556407422445741, 0.2513994837552606], "k_pid_yaw": [0.5, 1e-06, 0.1], "k_pid_hsp": [0.3873808456879419, 0.0, 0.0], "k_pid_vsp": [115.76948663200359, 21.699232930541857, 1e-06]}, "datetime": {"datetime": "2025-08-13 16:56:12", "elapsed": 25700.184190034866, "delta": 18.634597539901733}, "costs": {"total_cost": 182.28263785036305, "time_cost": 70.672, "final_distance_cost": 1.8432138560970677, "oscillation_cost": 30.389364981860734, "completition_cost": 0.0, "overshoot_cost": 50.33618729028951, "power_cost": 9.63556893310547, "noise_cost": 19.406302789010248, "n_waypoints_completed": 9, "tot_waypoints": 9}}
{"target": -188.57650012771677, "params": {"k_pid_pos": [1.1540844063048834, 0.0, 0.08453231825407337], "k_pid_alt": [1.627546835304154, 0.0, 0.9341985511800202], "k_pid_att": [35.273051334829695, 3.1090648360301545, 0.24830306671224164], "k_pid_yaw": [0.5, 1e-06, 0.1], "k_pid_hsp": [0.24905669367338137, 0.0, 0.0], "k_pid_vsp": [112.15217563515428, 32.07112693178948, 1e-06]}, "datetime": {"datetime": "2025-08-13 16:56:30", "elapsed": 25717.99974155426, "delta": 17.81555151939392}, "costs": {"total_cost": 188.57650012771677, "time_cost": 70.812, "final_distance_cost": 1.8390824077825394, "oscillation_cost": 29.588887445664184, "completition_cost": 0.0, "overshoot_cost": 50.84727710261234, "power_cost": 14.551546716308595, "noise_cost": 20.937706455349126, "n_waypoints_completed": 9, "tot_waypoints": 9}}
{"target": -185.80995062360824, "params": {"k_pid_pos": [1.172103403829737, 0.0, 0.09275307180136041], "k_pid_alt": [1.5948935179041017, 0.0, 0.9445066643512198], "k_pid_att": [35.91479038531323, 3.4534220628057373, 0.36815462955200173], "k_pid_yaw": [0.5, 1e-06, 0.1], "k_pid_hsp": [0.41655796660510797, 0.0, 0.0], "k_pid_vsp": [121.70946568729806, 24.51885136682804, 1e-06]}, "datetime": {"datetime": "2025-08-13 16:56:47", "elapsed": 25735.289814710617, "delta": 17.29007315635681}, "costs": {"total_cost": 185.80995062360824, "time_cost": 71.029, "final_distance_cost": 1.835779236082205, "oscillation_cost": 30.22253362780838, "completition_cost": 0.0, "overshoot_cost": 50.586413144914324, "power_cost": 11.884926184082031, "noise_cost": 20.251298430721295, "n_waypoints_completed": 9, "tot_waypoints": 9}}
{"target": -200.29168361935297, "params": {"k_pid_pos": [1.3195402670044656, 0.0, 0.09088861844331951], "k_pid_alt": [1.6379471533001366, 0.0, 0.9394320808190818], "k_pid_att": [36.83301253756583, 3.260551148802914, 0.24754105307619456], "k_pid_yaw": [0.5, 1e-06, 0.1], "k_pid_hsp": [0.2674529337688091, 0.0, 0.0], "k_pid_vsp": [123.84816619268679, 24.084117645509096, 1e-06]}, "datetime": {"datetime": "2025-08-13 16:57:05", "elapsed": 25753.76122522354, "delta": 18.471410512924194}, "costs": {"total_cost": 200.29168361935297, "time_cost": 73.206, "final_distance_cost": 1.8318429427988634, "oscillation_cost": 31.735346832550235, "completition_cost": 0.0, "overshoot_cost": 51.52700740392063, "power_cost": 19.448255932617187, "noise_cost": 22.543230507466046, "n_waypoints_completed": 9, "tot_waypoints": 9}}
{"target": -193.96479708899798, "params": {"k_pid_pos": [1.136723534017405, 0.0, 0.0851369990395105], "k_pid_alt": [1.6271404359468111, 0.0, 0.9414893450523245], "k_pid_att": [35.93092897036789, 3.3627011537871607, 0.2499329202888474], "k_pid_yaw": [0.5, 1e-06, 0.1], "k_pid_hsp": [0.2847835557879385, 0.0, 0.0], "k_pid_vsp": [141.18433744331108, 24.141355357307898, 1e-06]}, "datetime": {"datetime": "2025-08-13 16:57:23", "elapsed": 25771.503071069717, "delta": 17.741845846176147}, "costs": {"total_cost": 193.96479708899798, "time_cost": 71.932, "final_distance_cost": 1.8366842881621193, "oscillation_cost": 29.43928360400183, "completition_cost": 0.0, "overshoot_cost": 51.55798077657674, "power_cost": 17.21139097900391, "noise_cost": 21.987457441253383, "n_waypoints_completed": 9, "tot_waypoints": 9}}
{"target": -194.61585341869193, "params": {"k_pid_pos": [1.1704549065642649, 0.0005717105000315584, 0.09337305985927373], "k_pid_alt": [1.6503117367342508, 0.0, 0.7865863873556369], "k_pid_att": [38.14238815166282, 3.3854739478152402, 0.2362850287198063], "k_pid_yaw": [0.5, 1e-06, 0.1], "k_pid_hsp": [0.278380261824554, 0.0, 0.0], "k_pid_vsp": [125.86869049713046, 23.355767955158058, 1e-06]}, "datetime": {"datetime": "2025-08-13 16:57:41", "elapsed": 25789.657403707504, "delta": 18.154332637786865}, "costs": {"total_cost": 194.61585341869193, "time_cost": 71.06400000000001, "final_distance_cost": 1.8199220580626594, "oscillation_cost": 29.66863860506246, "completition_cost": 0.0, "overshoot_cost": 51.26780107635007, "power_cost": 18.554319702148437, "noise_cost": 22.24117197706831, "n_waypoints_completed": 9, "tot_waypoints": 9}}
{"target": -192.53475077127717, "params": {"k_pid_pos": [1.203837431452056, 0.0, 0.11244553043882206], "k_pid_alt": [1.5893756465914297, 0.0, 0.9562105238600602], "k_pid_att": [37.105730847387896, 3.51822058545223, 0.24249114261911014], "k_pid_yaw": [0.5, 1e-06, 0.1], "k_pid_hsp": [0.25376949717529423, 0.0, 0.0], "k_pid_vsp": [125.87286774526811, 19.893230734503003, 1e-06]}, "datetime": {"datetime": "2025-08-13 16:58:00", "elapsed": 25808.5005068779, "delta": 18.843103170394897}, "costs": {"total_cost": 192.53475077127717, "time_cost": 71.484, "final_distance_cost": 1.8308172455136156, "oscillation_cost": 29.88267758281968, "completition_cost": 0.0, "overshoot_cost": 51.41879262373299, "power_cost": 16.26116096191406, "noise_cost": 21.65730235729682, "n_waypoints_completed": 9, "tot_waypoints": 9}}
{"target": -186.25020084628375, "params": {"k_pid_pos": [1.1474191692963978, 0.0, 0.12683958914093313], "k_pid_alt": [1.8257893040901314, 0.0, 0.9234257018478561], "k_pid_att": [36.092863102310666, 3.9287722074464906, 0.259126087833444], "k_pid_yaw": [0.5, 1e-06, 0.1], "k_pid_hsp": [0.2544857355329995, 0.0, 0.0], "k_pid_vsp": [120.00659591175572, 15.287266842561888, 1e-06]}, "datetime": {"datetime": "2025-08-13 16:58:18", "elapsed": 25826.20903468132, "delta": 17.70852780342102}, "costs": {"total_cost": 186.25020084628375, "time_cost": 71.036, "final_distance_cost": 1.8410745263497523, "oscillation_cost": 29.486542884988516, "completition_cost": 0.0, "overshoot_cost": 51.0786031568158, "power_cost": 12.451677221679688, "noise_cost": 20.35630305644998, "n_waypoints_completed": 9, "tot_waypoints": 9}}
{"target": -188.88498053167007, "params": {"k_pid_pos": [0.7863760969537421, 0.0, 0.0], "k_pid_alt": [1.6305975809647613, 0.0, 0.9313596201799703], "k_pid_att": [37.67767676658016, 2.4421213657124667, 0.256731767943241], "k_pid_yaw": [0.5, 1e-06, 0.1], "k_pid_hsp": [0.2786445249648647, 0.0, 0.0], "k_pid_vsp": [120.26149191205305, 18.98001037146855, 1e-06]}, "datetime": {"datetime": "2025-08-13 16:58:36", "elapsed": 25844.413626909256, "delta": 18.20459222793579}, "costs": {"total_cost": 188.88498053167007, "time_cost": 72.81400000000001, "final_distance_cost": 1.847735789959851, "oscillation_cost": 27.06593549221221, "completition_cost": 0.0, "overshoot_cost": 51.41870755013158, "power_cost": 14.12634285888672, "noise_cost": 21.612258840479708, "n_waypoints_completed": 9, "tot_waypoints": 9}}
{"target": -187.80978144997715, "params": {"k_pid_pos": [0.8149162774941964, 0.037649024479902926, 0.08440889073722649], "k_pid_alt": [1.5430646450962833, 0.0, 0.9510788284829275], "k_pid_att": [34.539185168221614, 3.0860553011231313, 0.2490531633774027], "k_pid_yaw": [0.5, 1e-06, 0.1], "k_pid_hsp": [0.11505268786657527, 0.0007571078692429582, 0.0], "k_pid_vsp": [94.89089648834438, 23.94343616388416, 0.4879239346222223]}, "datetime": {"datetime": "2025-08-13 16:58:57", "elapsed": 25865.20915031433, "delta": 20.795523405075073}, "costs": {"total_cost": 187.80978144997715, "time_cost": 72.81400000000001, "final_distance_cost": 1.805695307901391, "oscillation_cost": 24.60569880280869, "completition_cost": 0.0, "overshoot_cost": 51.59874495869641, "power_cost": 15.188854394531251, "noise_cost": 21.796787986039394, "n_waypoints_completed": 9, "tot_waypoints": 9}}
{"target": -193.43333222237328, "params": {"k_pid_pos": [1.1592797967604618, 0.0, 0.1380469838612847], "k_pid_alt": [1.6797682093593642, 0.0, 0.9462935316083214], "k_pid_att": [36.868657508752015, 2.9030073666993332, 0.23327000279937715], "k_pid_yaw": [0.5, 1e-06, 0.1], "k_pid_hsp": [0.2687512546886526, 0.0, 0.0], "k_pid_vsp": [153.92541057301554, 18.985774982404795, 1e-06]}, "datetime": {"datetime": "2025-08-13 16:59:15", "elapsed": 25883.241020441055, "delta": 18.031870126724243}, "costs": {"total_cost": 193.43333222237328, "time_cost": 71.687, "final_distance_cost": 1.8388388816407095, "oscillation_cost": 29.13988388344558, "completition_cost": 0.0, "overshoot_cost": 51.34057502500814, "power_cost": 17.50016774902344, "noise_cost": 21.926866683255405, "n_waypoints_completed": 9, "tot_waypoints": 9}}
{"target": -188.56179730686162, "params": {"k_pid_pos": [1.1616066836823526, 0.0, 0.0831539170480127], "k_pid_alt": [1.6379269851295346, 0.0, 0.9889644084540704], "k_pid_att": [35.17535972206737, 3.5821744056466267, 0.2497168844987816], "k_pid_yaw": [0.5, 1e-06, 0.1], "k_pid_hsp": [0.2219277505677519, 0.0, 0.0], "k_pid_vsp": [127.2479238589996, 26.907279391065256, 1e-06]}, "datetime": {"datetime": "2025-08-13 16:59:32", "elapsed": 25900.67036986351, "delta": 17.429349422454834}, "costs": {"total_cost": 188.56179730686162, "time_cost": 71.071, "final_distance_cost": 1.8185888583150347, "oscillation_cost": 29.535567242753338, "completition_cost": 0.0, "overshoot_cost": 50.506272100148834, "power_cost": 14.577871533203126, "noise_cost": 21.05249757244126, "n_waypoints_completed": 9, "tot_waypoints": 9}}
{"target": -205.59427294119376, "params": {"k_pid_pos": [1.1380498984944423, 0.0, 0.08377578013971365], "k_pid_alt": [1.6261223120654715, 0.0, 0.9393846664119916], "k_pid_att": [35.11791313775744, 3.3646956659440757, 0.21334664627260663], "k_pid_yaw": [0.5, 1e-06, 0.1], "k_pid_hsp": [0.2774027543744965, 0.0, 0.0], "k_pid_vsp": [137.2821566149752, 23.106444501087623, 1e-06]}, "datetime": {"datetime": "2025-08-13 16:59:51", "elapsed": 25919.817904233932, "delta": 19.147534370422363}, "costs": {"total_cost": 205.59427294119376, "time_cost": 74.94200000000001, "final_distance_cost": 1.833801404642305, "oscillation_cost": 30.501708177788082, "completition_cost": 0.0, "overshoot_cost": 52.616950970818365, "power_cost": 22.13205057373047, "noise_cost": 23.56776181421456, "n_waypoints_completed": 9, "tot_waypoints": 9}}
{"target": -191.06099354321066, "params": {"k_pid_pos": [1.205164664511488, 0.0, 0.0], "k_pid_alt": [1.6516008559822402, 0.0, 0.941107382400208], "k_pid_att": [31.62031227674062, 0.0001, 0.2573398223434244], "k_pid_yaw": [0.5, 1e-06, 0.1], "k_pid_hsp": [0.33083292990558544, 0.0, 0.0], "k_pid_vsp": [140.08040280626494, 28.59043725323779, 1e-06]}, "datetime": {"datetime": "2025-08-13 17:00:09", "elapsed": 25937.13540315628, "delta": 17.317498922348022}, "costs": {"total_cost": 191.06099354321066, "time_cost": 70.973, "final_distance_cost": 1.8121966143298054, "oscillation_cost": 30.64023986623662, "completition_cost": 0.0, "overshoot_cost": 51.02491263176395, "power_cost": 15.476825793457031, "noise_cost": 21.13381863742325, "n_waypoints_completed": 9, "tot_waypoints": 9}}
{"target": -191.57806242023238, "params": {"k_pid_pos": [1.2209373712894678, 0.0, 0.09180164718771056], "k_pid_alt": [1.6310247135636047, 0.0, 0.9337567209922301], "k_pid_att": [35.795024664093035, 3.014474237407191, 0.2908467617226858], "k_pid_yaw": [0.5, 1e-06, 0.1], "k_pid_hsp": [0.24317156339826, 0.0, 0.0], "k_pid_vsp": [115.05369043454678, 26.42325761479848, 1e-06]}, "datetime": {"datetime": "2025-08-13 17:00:26", "elapsed": 25954.668491363525, "delta": 17.533088207244873}, "costs": {"total_cost": 191.57806242023238, "time_cost": 71.20400000000001, "final_distance_cost": 1.82814633344457, "oscillation_cost": 29.81377243546064, "completition_cost": 0.0, "overshoot_cost": 51.08353169952023, "power_cost": 16.191781250000002, "noise_cost": 21.45683070180695, "n_waypoints_completed": 9, "tot_waypoints": 9}}
{"target": -184.18561717501612, "params": {"k_pid_pos": [1.249893884310836, 0.0, 0.08389232842017445], "k_pid_alt": [1.602983102281676, 0.0, 0.9294341824413287], "k_pid_att": [34.76194893546601, 3.2601485390665186, 0.24836403150514308], "k_pid_yaw": [0.5, 1e-06, 0.1], "k_pid_hsp": [0.26825588907389664, 0.0, 0.0], "k_pid_vsp": [125.60504373433618, 22.609297287410612, 1e-06]}, "datetime": {"datetime": "2025-08-13 17:00:44", "elapsed": 25972.050087451935, "delta": 17.381596088409424}, "costs": {"total_cost": 184.18561717501612, "time_cost": 70.693, "final_distance_cost": 1.8285030077224849, "oscillation_cost": 30.575675184738888, "completition_cost": 0.0, "overshoot_cost": 50.47739420498448, "power_cost": 10.881747180175783, "noise_cost": 19.729297597394496, "n_waypoints_completed": 9, "tot_waypoints": 9}}
{"target": -191.32460537062946, "params": {"k_pid_pos": [1.0394972545965984, 0.0, 0.10646575672801317], "k_pid_alt": [1.6100191821426224, 0.0, 0.9597394458615637], "k_pid_att": [35.83270913180779, 3.4857329330919713, 0.25165161470273223], "k_pid_yaw": [0.5, 1e-06, 0.1], "k_pid_hsp": [0.22060469764486118, 0.0, 0.0], "k_pid_vsp": [124.22543226132692, 17.21845713189937, 1e-06]}, "datetime": {"datetime": "2025-08-13 17:01:01", "elapsed": 25989.865107774734, "delta": 17.815020322799683}, "costs": {"total_cost": 191.32460537062946, "time_cost": 72.023, "final_distance_cost": 1.8296060474944023, "oscillation_cost": 28.248265712081523, "completition_cost": 0.0, "overshoot_cost": 51.7678431293871, "power_cost": 15.92647449951172, "noise_cost": 21.5294159821547, "n_waypoints_completed": 9, "tot_waypoints": 9}}
{"target": -186.63723034000242, "params": {"k_pid_pos": [1.250905569185835, 0.0, 0.08424841154940368], "k_pid_alt": [1.6339890240364268, 0.0, 0.9469503423135401], "k_pid_att": [36.23630431974735, 3.609266239347398, 0.239802916560531], "k_pid_yaw": [0.5, 1e-06, 0.1], "k_pid_hsp": [0.12021520210185736, 0.0, 0.0], "k_pid_vsp": [124.91620480367834, 26.85301251476546, 1e-06]}, "datetime": {"datetime": "2025-08-13 17:01:19", "elapsed": 26007.81489753723, "delta": 17.94978976249695}, "costs": {"total_cost": 186.63723034000242, "time_cost": 71.512, "final_distance_cost": 1.7986088337322583, "oscillation_cost": 28.909573721292464, "completition_cost": 0.0, "overshoot_cost": 51.736923288550805, "power_cost": 12.261785717773439, "noise_cost": 20.418338778653432, "n_waypoints_completed": 9, "tot_waypoints": 9}}
{"target": -187.45751037702107, "params": {"k_pid_pos": [1.142846890620991, 0.0, 0.054226833960350176], "k_pid_alt": [1.6001336552834766, 0.0, 0.9493679239936251], "k_pid_att": [36.48583498215001, 3.1991099425585094, 0.25663257386879995], "k_pid_yaw": [0.5, 1e-06, 0.1], "k_pid_hsp": [0.27782631742563463, 0.0, 0.0], "k_pid_vsp": [118.14249351194661, 26.52372709539164, 1e-06]}, "datetime": {"datetime": "2025-08-13 17:01:37", "elapsed": 26025.75167942047, "delta": 17.936781883239746}, "costs": {"total_cost": 187.45751037702107, "time_cost": 70.94500000000001, "final_distance_cost": 1.82252201207727, "oscillation_cost": 29.95569942076525, "completition_cost": 0.0, "overshoot_cost": 50.62593119710437, "power_cost": 13.417092004394531, "noise_cost": 20.691265742679633, "n_waypoints_completed": 9, "tot_waypoints": 9}}
{"target": -192.10886650081173, "params": {"k_pid_pos": [1.1526750732616164, 0.0, 0.10308838813701378], "k_pid_alt": [1.6052161880568994, 0.0, 0.9753185506805734], "k_pid_att": [36.21279148832243, 3.336527664236092, 0.2593040077314189], "k_pid_yaw": [0.5, 1e-06, 0.1], "k_pid_hsp": [0.24706594775485718, 0.0, 0.0], "k_pid_vsp": [129.0736737374576, 14.144538753162866, 1e-06]}, "datetime": {"datetime": "2025-08-13 17:01:55", "elapsed": 26043.29239678383, "delta": 17.540717363357544}, "costs": {"total_cost": 192.10886650081173, "time_cost": 71.757, "final_distance_cost": 1.8405158239857164, "oscillation_cost": 29.38131329648176, "completition_cost": 0.0, "overshoot_cost": 51.267342018550465, "power_cost": 16.128325048828124, "noise_cost": 21.734370312965655, "n_waypoints_completed": 9, "tot_waypoints": 9}}
{"target": -185.41462758414602, "params": {"k_pid_pos": [1.183384582627987, 0.0, 0.06800322843967715], "k_pid_alt": [1.7160068188681146, 0.0, 0.9418628623219704], "k_pid_att": [39.861930777177754, 3.5257647400375545, 0.25090978352813365], "k_pid_yaw": [0.5, 1e-06, 0.1], "k_pid_hsp": [0.26399900348679906, 0.0, 0.0], "k_pid_vsp": [100.77790770009874, 24.50687343311126, 1e-06]}, "datetime": {"datetime": "2025-08-13 17:02:12", "elapsed": 26060.768226623535, "delta": 17.47582983970642}, "costs": {"total_cost": 185.41462758414602, "time_cost": 70.42, "final_distance_cost": 1.8259013090559804, "oscillation_cost": 30.278043726733006, "completition_cost": 0.0, "overshoot_cost": 50.340263600124594, "power_cost": 12.248941333007814, "noise_cost": 20.301477615224623, "n_waypoints_completed": 9, "tot_waypoints": 9}}
{"target": -181.17174313739915, "params": {"k_pid_pos": [1.1979922312846996, 0.00190288828373021, 0.0368469939998851], "k_pid_alt": [1.6205220034783396, 0.0, 0.8889867357326993], "k_pid_att": [31.602705660499986, 3.580627227648454, 0.247694503111309], "k_pid_yaw": [0.5, 1e-06, 0.1], "k_pid_hsp": [0.26493827239112244, 0.0, 0.0], "k_pid_vsp": [144.96190780129663, 21.742118424604957, 1e-06]}, "datetime": {"datetime": "2025-08-13 17:02:29", "elapsed": 26077.676044225693, "delta": 16.907817602157593}, "costs": {"total_cost": 181.17174313739915, "time_cost": 70.595, "final_distance_cost": 1.8315563297664017, "oscillation_cost": 30.48994659243983, "completition_cost": 0.0, "overshoot_cost": 50.281362245966655, "power_cost": 8.985591271972657, "noise_cost": 18.988286697253617, "n_waypoints_completed": 9, "tot_waypoints": 9}}
{"target": -187.3605193647227, "params": {"k_pid_pos": [1.1606377974473527, 0.0, 0.08070892504793642], "k_pid_alt": [1.6569261873096686, 0.0, 0.9468664351690452], "k_pid_att": [51.18716091681796, 3.363871761685735, 0.2613162987031328], "k_pid_yaw": [0.5, 1e-06, 0.1], "k_pid_hsp": [0.24200908995080678, 0.0, 0.0], "k_pid_vsp": [136.26452300735843, 18.466567609679686, 1e-06]}, "datetime": {"datetime": "2025-08-13 17:02:47", "elapsed": 26095.042239665985, "delta": 17.36619544029236}, "costs": {"total_cost": 187.3605193647227, "time_cost": 71.218, "final_distance_cost": 1.8173731223870098, "oscillation_cost": 29.945666957588795, "completition_cost": 0.0, "overshoot_cost": 51.09154378831994, "power_cost": 12.75188583984375, "noise_cost": 20.536049656583224, "n_waypoints_completed": 9, "tot_waypoints": 9}}
{"target": -191.05812437983715, "params": {"k_pid_pos": [1.259313630807892, 0.0, 0.08306502820188541], "k_pid_alt": [1.6297268288620523, 0.0, 0.9578050702363665], "k_pid_att": [36.8483432800206, 3.377053015221783, 0.2589147583371867], "k_pid_yaw": [0.5, 1e-06, 0.1], "k_pid_hsp": [0.169380554988651, 0.0, 0.0], "k_pid_vsp": [134.84309169240447, 16.8865980052646, 1e-06]}, "datetime": {"datetime": "2025-08-13 17:03:04", "elapsed": 26112.71263360977, "delta": 17.67039394378662}, "costs": {"total_cost": 191.05812437983715, "time_cost": 71.904, "final_distance_cost": 1.8072101012333568, "oscillation_cost": 29.88703400701974, "completition_cost": 0.0, "overshoot_cost": 51.62480526566349, "power_cost": 14.675231762695313, "noise_cost": 21.159843243225254, "n_waypoints_completed": 9, "tot_waypoints": 9}}
