{"target": -193.44486697634517, "params": {"k_pid_pos": [0.7882616929482285, 0.0, 0.07610080815909012], "k_pid_alt": [1.8501495549541664, 0.0, 0.9387893533787877], "k_pid_att": [32.86623460623317, 3.514258631193903, 0.2683530233441906], "k_pid_yaw": [0.5, 1e-06, 0.1], "k_pid_hsp": [0.24236076533564838, 0.0, 0.0], "k_pid_vsp": [102.56315609748705, 24.325752778718012, 1e-06]}, "datetime": {"datetime": "2025-08-13 20:50:29", "elapsed": 39757.350512742996, "delta": 18.301512718200684}, "costs": {"total_cost": 193.44486697634517, "time_cost": 72.744, "final_distance_cost": 1.8486742157123937, "oscillation_cost": 26.235852786091304, "completition_cost": 0.0, "overshoot_cost": 51.14517382061727, "power_cost": 18.58180300292969, "noise_cost": 22.88936315099452, "n_waypoints_completed": 9, "tot_waypoints": 9}}
{"target": -188.71592288673767, "params": {"k_pid_pos": [1.1562350583933765, 0.0, 0.023567901218191557], "k_pid_alt": [1.9137739321824652, 0.0, 0.9474855693678013], "k_pid_att": [33.05039456453859, 3.5107525745141084, 0.27299386413785026], "k_pid_yaw": [0.5, 1e-06, 0.1], "k_pid_hsp": [0.11883523717869707, 0.0, 0.0], "k_pid_vsp": [106.75283492022487, 35.588622687528016, 1e-06]}, "datetime": {"datetime": "2025-08-13 20:50:45", "elapsed": 39773.87130355835, "delta": 16.520790815353394}, "costs": {"total_cost": 188.71592288673767, "time_cost": 70.875, "final_distance_cost": 1.7814719759062132, "oscillation_cost": 28.51505592172464, "completition_cost": 0.0, "overshoot_cost": 51.58895283227367, "power_cost": 14.711070751953125, "noise_cost": 21.244371404880035, "n_waypoints_completed": 9, "tot_waypoints": 9}}
{"target": -187.42777307913732, "params": {"k_pid_pos": [0.859774417057925, 0.0, 0.05169146209960531], "k_pid_alt": [2.0, 0.0, 0.9429297281239268], "k_pid_att": [34.6073355742635, 3.566449634372191, 0.2703101605509777], "k_pid_yaw": [0.5, 1e-06, 0.1], "k_pid_hsp": [0.08231261191276176, 0.0, 0.0], "k_pid_vsp": [99.3156426355732, 32.446247342647176, 1e-06]}, "datetime": {"datetime": "2025-08-13 20:51:04", "elapsed": 39792.801360845566, "delta": 18.930057287216187}, "costs": {"total_cost": 187.42777307913732, "time_cost": 72.492, "final_distance_cost": 1.7897786721171056, "oscillation_cost": 23.75143318186786, "completition_cost": 0.0, "overshoot_cost": 52.28018369482651, "power_cost": 15.271383288574219, "noise_cost": 21.842994241751637, "n_waypoints_completed": 9, "tot_waypoints": 9}}
{"target": -189.3783157681066, "params": {"k_pid_pos": [0.5791645496103357, 0.0, 0.07644378599054963], "k_pid_alt": [2.0, 0.0, 0.9507643713810228], "k_pid_att": [32.85738479333206, 3.554533860870774, 0.26896473580370417], "k_pid_yaw": [0.5, 1e-06, 0.1], "k_pid_hsp": [0.12071721263310402, 0.0, 0.0], "k_pid_vsp": [107.27546714581463, 38.33049583537772, 1e-06]}, "datetime": {"datetime": "2025-08-13 20:51:22", "elapsed": 39810.26965999603, "delta": 17.46829915046692}, "costs": {"total_cost": 189.3783157681066, "time_cost": 74.046, "final_distance_cost": 1.8389339727577627, "oscillation_cost": 22.04411161123571, "completition_cost": 0.0, "overshoot_cost": 51.83195363096258, "power_cost": 16.66710206298828, "noise_cost": 22.950214490162267, "n_waypoints_completed": 9, "tot_waypoints": 9}}
{"target": -192.88623353142196, "params": {"k_pid_pos": [0.9421983947599172, 0.0, 0.0], "k_pid_alt": [1.9152688419803796, 0.0, 0.8492987162951423], "k_pid_att": [33.169807806894575, 3.3731763797242476, 0.2701043001915307], "k_pid_yaw": [0.5, 1e-06, 0.1], "k_pid_hsp": [0.1613395365178868, 0.0, 0.0], "k_pid_vsp": [123.76462040167078, 31.163376998258553, 1e-06]}, "datetime": {"datetime": "2025-08-13 20:51:39", "elapsed": 39827.63700866699, "delta": 17.367348670959473}, "costs": {"total_cost": 192.88623353142196, "time_cost": 70.84700000000001, "final_distance_cost": 1.8164016056564887, "oscillation_cost": 27.245416178093862, "completition_cost": 0.0, "overshoot_cost": 51.350810816880546, "power_cost": 19.559380541992187, "noise_cost": 22.06722438879886, "n_waypoints_completed": 9, "tot_waypoints": 9}}
{"target": -196.19123567265197, "params": {"k_pid_pos": [1.0798273476074853, 0.0, 0.06793509752345951], "k_pid_alt": [1.6917520589591917, 0.0, 0.9487325395165146], "k_pid_att": [35.33031334591108, 3.6675182326863727, 0.2746147731053214], "k_pid_yaw": [0.5, 1e-06, 0.1], "k_pid_hsp": [0.11744040586654313, 0.0, 0.0], "k_pid_vsp": [92.74692217440445, 29.874790798377834, 1e-06]}, "datetime": {"datetime": "2025-08-13 20:51:56", "elapsed": 39844.377235889435, "delta": 16.740227222442627}, "costs": {"total_cost": 196.19123567265197, "time_cost": 72.142, "final_distance_cost": 1.8211432853080656, "oscillation_cost": 27.52065174416594, "completition_cost": 0.0, "overshoot_cost": 51.66715579427506, "power_cost": 20.434810998535156, "noise_cost": 22.60547385036777, "n_waypoints_completed": 9, "tot_waypoints": 9}}
{"target": -195.17308334827553, "params": {"k_pid_pos": [0.7628054808269108, 0.0, 0.057198990368444724], "k_pid_alt": [1.9732495851053686, 0.0, 0.9529911613938796], "k_pid_att": [33.067249310295324, 3.518187866803981, 0.2705759129000306], "k_pid_yaw": [0.5, 1e-06, 0.1], "k_pid_hsp": [0.1525310513505349, 0.0, 0.0], "k_pid_vsp": [126.38851539897725, 36.20713792359561, 1e-06]}, "datetime": {"datetime": "2025-08-13 20:52:15", "elapsed": 39863.0911154747, "delta": 18.713879585266113}, "costs": {"total_cost": 195.17308334827553, "time_cost": 72.69500000000001, "final_distance_cost": 1.830201322678458, "oscillation_cost": 24.974295137541592, "completition_cost": 0.0, "overshoot_cost": 51.83326695908723, "power_cost": 20.772899938964844, "noise_cost": 23.067419990003373, "n_waypoints_completed": 9, "tot_waypoints": 9}}
{"target": -190.40750691201535, "params": {"k_pid_pos": [0.8547371706356707, 0.0, 0.028669535257551927], "k_pid_alt": [1.9259100341469682, 0.0, 0.952397858226381], "k_pid_att": [33.21259414123879, 3.3539071411659536, 0.24349767592279523], "k_pid_yaw": [0.5, 1e-06, 0.1], "k_pid_hsp": [0.16024698176170316, 0.0, 0.0], "k_pid_vsp": [66.85354592669336, 19.08650521109457, 1e-06]}, "datetime": {"datetime": "2025-08-13 20:52:31", "elapsed": 39879.68492889404, "delta": 16.59381341934204}, "costs": {"total_cost": 190.40750691201535, "time_cost": 71.239, "final_distance_cost": 1.8130021152099796, "oscillation_cost": 26.22687220158934, "completition_cost": 0.0, "overshoot_cost": 51.194912582055096, "power_cost": 17.50416806640625, "noise_cost": 22.42955194675468, "n_waypoints_completed": 9, "tot_waypoints": 9}}
{"target": -183.54605717097076, "params": {"k_pid_pos": [0.8301459373636831, 0.0, 0.18750758254669395], "k_pid_alt": [1.8285469178173603, 0.0, 0.9499471728121613], "k_pid_att": [34.77031626766262, 3.5214318800895885, 0.27868243598261805], "k_pid_yaw": [0.5, 1e-06, 0.1], "k_pid_hsp": [0.13712081438166823, 0.0, 0.0], "k_pid_vsp": [88.64214032677725, 32.75665530352792, 1e-06]}, "datetime": {"datetime": "2025-08-13 20:52:49", "elapsed": 39897.29926252365, "delta": 17.614333629608154}, "costs": {"total_cost": 183.54605717097076, "time_cost": 72.009, "final_distance_cost": 1.8282219693538897, "oscillation_cost": 24.941225138326914, "completition_cost": 0.0, "overshoot_cost": 50.86314885228728, "power_cost": 12.833535522460938, "noise_cost": 21.070925688541735, "n_waypoints_completed": 9, "tot_waypoints": 9}}
{"target": -180.14472871929866, "params": {"k_pid_pos": [0.9309055634936985, 0.0, 0.11398565245334098], "k_pid_alt": [2.0, 0.0, 0.9479050170883303], "k_pid_att": [33.98569602017105, 3.4383952830260487, 0.27455348164833815], "k_pid_yaw": [0.5, 1e-06, 0.1], "k_pid_hsp": [0.14299669511810664, 0.0, 0.0], "k_pid_vsp": [21.91502666872063, 32.66543186223983, 1e-06]}, "datetime": {"datetime": "2025-08-13 20:53:05", "elapsed": 39913.53988456726, "delta": 16.24062204360962}, "costs": {"total_cost": 180.14472871929866, "time_cost": 70.063, "final_distance_cost": 1.8376980524547883, "oscillation_cost": 26.35544354439657, "completition_cost": 0.0, "overshoot_cost": 50.96538020743787, "power_cost": 11.047503833007813, "noise_cost": 19.8757030820016, "n_waypoints_completed": 9, "tot_waypoints": 9}}
{"target": -190.92158424378846, "params": {"k_pid_pos": [0.8592542811061671, 0.0, 0.0660796791923774], "k_pid_alt": [1.8852539612941186, 0.0, 0.9525280027239357], "k_pid_att": [34.720494874585064, 3.5587937961426697, 0.4177466066418266], "k_pid_yaw": [0.5, 1e-06, 0.1], "k_pid_hsp": [0.26148895488256696, 0.0, 0.0], "k_pid_vsp": [86.94938246600952, 33.244553514702716, 1e-06]}, "datetime": {"datetime": "2025-08-13 20:53:23", "elapsed": 39931.937785863876, "delta": 18.3979012966156}, "costs": {"total_cost": 190.92158424378846, "time_cost": 71.603, "final_distance_cost": 1.8479975203601902, "oscillation_cost": 26.625370374592357, "completition_cost": 0.0, "overshoot_cost": 51.05042361598542, "power_cost": 17.581027294921874, "noise_cost": 22.21376543792863, "n_waypoints_completed": 9, "tot_waypoints": 9}}
{"target": -194.0589051866586, "params": {"k_pid_pos": [0.9926094393356492, 0.0, 0.06521801787537691], "k_pid_alt": [2.0, 0.0, 1.0], "k_pid_att": [34.24209204336435, 3.4257765640760143, 0.26880774394431567], "k_pid_yaw": [0.5, 1e-06, 0.1], "k_pid_hsp": [0.09009169313415963, 0.0, 0.0], "k_pid_vsp": [88.8148998758267, 32.78462030310279, 1e-06]}, "datetime": {"datetime": "2025-08-13 20:53:42", "elapsed": 39950.91977953911, "delta": 18.981993675231934}, "costs": {"total_cost": 194.0589051866586, "time_cost": 72.058, "final_distance_cost": 1.794442392429625, "oscillation_cost": 25.449249619765748, "completition_cost": 0.0, "overshoot_cost": 52.357100028624856, "power_cost": 19.90840008544922, "noise_cost": 22.491713060389138, "n_waypoints_completed": 9, "tot_waypoints": 9}}
{"target": -182.86460653535352, "params": {"k_pid_pos": [1.2328874517748645, 0.0, 0.06868012327278122], "k_pid_alt": [1.9048211937309967, 0.0, 0.9541515396923541], "k_pid_att": [36.20720405432056, 3.5230351671708156, 0.26011787251429175], "k_pid_yaw": [0.5, 1e-06, 0.1], "k_pid_hsp": [0.13692947296534289, 0.0, 0.0], "k_pid_vsp": [142.41033750526992, 27.12496648005034, 1e-06]}, "datetime": {"datetime": "2025-08-13 20:53:59", "elapsed": 39967.78219795227, "delta": 16.86241841316223}, "costs": {"total_cost": 182.86460653535352, "time_cost": 70.609, "final_distance_cost": 1.794673809725705, "oscillation_cost": 29.3757694712491, "completition_cost": 0.0, "overshoot_cost": 51.270360643353854, "power_cost": 10.202301257324219, "noise_cost": 19.612501353700612, "n_waypoints_completed": 9, "tot_waypoints": 9}}
{"target": -191.24630585023567, "params": {"k_pid_pos": [1.2003913069632384, 0.0, 0.06271215172894996], "k_pid_alt": [1.6692017337327636, 0.0, 0.9195256135282541], "k_pid_att": [37.43263411014802, 3.4846298633299577, 0.24948492765911615], "k_pid_yaw": [0.5, 1e-06, 0.1], "k_pid_hsp": [0.1354698446343242, 0.0, 0.0], "k_pid_vsp": [92.39590062767019, 31.735321397308464, 1e-06]}, "datetime": {"datetime": "2025-08-13 20:54:17", "elapsed": 39985.87202453613, "delta": 18.089826583862305}, "costs": {"total_cost": 191.24630585023567, "time_cost": 71.22500000000001, "final_distance_cost": 1.8003312818237274, "oscillation_cost": 29.01389525411812, "completition_cost": 0.0, "overshoot_cost": 51.46408503846348, "power_cost": 16.236641345214846, "noise_cost": 21.506352930615506, "n_waypoints_completed": 9, "tot_waypoints": 9}}
{"target": -184.12644115423905, "params": {"k_pid_pos": [0.8625696586345715, 0.0, 0.046627150485424505], "k_pid_alt": [1.6234499920774987, 0.0, 0.9283052148542627], "k_pid_att": [34.79070419892671, 3.4659877754461954, 0.2713794126635488], "k_pid_yaw": [0.5, 1e-06, 0.1], "k_pid_hsp": [0.16072860968691693, 0.0, 0.0], "k_pid_vsp": [78.67921852493772, 37.252680420579495, 1e-06]}, "datetime": {"datetime": "2025-08-13 20:54:34", "elapsed": 40002.536381959915, "delta": 16.66435742378235}, "costs": {"total_cost": 184.12644115423905, "time_cost": 71.407, "final_distance_cost": 1.822691765011216, "oscillation_cost": 26.333732460958256, "completition_cost": 0.0, "overshoot_cost": 50.42090825674455, "power_cost": 13.211816064453126, "noise_cost": 20.930292607071884, "n_waypoints_completed": 9, "tot_waypoints": 9}}
{"target": -187.50281054728092, "params": {"k_pid_pos": [0.9907731346741221, 0.0, 0.13049311219660653], "k_pid_alt": [1.8486305477020368, 0.0, 0.8918752930948283], "k_pid_att": [23.639770142552536, 4.044702372148401, 0.27179744269807293], "k_pid_yaw": [0.5, 1e-06, 0.1], "k_pid_hsp": [0.42088597241283676, 0.0, 0.0], "k_pid_vsp": [81.05856633043217, 17.086166818082354, 1e-06]}, "datetime": {"datetime": "2025-08-13 20:54:52", "elapsed": 40020.09411287308, "delta": 17.55773091316223}, "costs": {"total_cost": 187.50281054728092, "time_cost": 71.26, "final_distance_cost": 1.8460945139605092, "oscillation_cost": 28.355936306323905, "completition_cost": 0.0, "overshoot_cost": 50.76975090154834, "power_cost": 13.816695153808594, "noise_cost": 21.45433367163958, "n_waypoints_completed": 9, "tot_waypoints": 9}}
{"target": -189.29308879075768, "params": {"k_pid_pos": [0.8015525689893458, 0.0, 0.030827478502658857], "k_pid_alt": [1.7432569960316011, 0.0, 0.9209398576863179], "k_pid_att": [41.1563270496254, 2.9797272517925677, 0.2637861279868544], "k_pid_yaw": [0.5, 1e-06, 0.1], "k_pid_hsp": [0.1344477074032006, 0.0, 0.0], "k_pid_vsp": [107.04930304990248, 16.642646871311047, 1e-06]}, "datetime": {"datetime": "2025-08-13 20:55:09", "elapsed": 40037.120831012726, "delta": 17.026718139648438}, "costs": {"total_cost": 189.29308879075768, "time_cost": 72.254, "final_distance_cost": 1.8344564774794274, "oscillation_cost": 25.312162901782656, "completition_cost": 0.0, "overshoot_cost": 51.612145236062055, "power_cost": 16.325180480957034, "noise_cost": 21.95514369447649, "n_waypoints_completed": 9, "tot_waypoints": 9}}
{"target": -183.6201826584873, "params": {"k_pid_pos": [1.034676269306078, 0.0, 0.053609143631868424], "k_pid_alt": [1.70266860555408, 0.0, 0.9289219533646611], "k_pid_att": [32.41502740756324, 3.3671330090540446, 0.24970512524636335], "k_pid_yaw": [0.5, 1e-06, 0.1], "k_pid_hsp": [0.19304021832781412, 0.0, 0.0], "k_pid_vsp": [67.14199409128565, 55.39802551426217, 1.981179502896301]}, "datetime": {"datetime": "2025-08-13 20:55:26", "elapsed": 40054.784871816635, "delta": 17.6640408039093}, "costs": {"total_cost": 183.6201826584873, "time_cost": 70.322, "final_distance_cost": 1.824821258994563, "oscillation_cost": 28.362223029560447, "completition_cost": 0.0, "overshoot_cost": 50.432707489328685, "power_cost": 12.46866619873047, "noise_cost": 20.20976468187315, "n_waypoints_completed": 9, "tot_waypoints": 9}}
{"target": -189.34453549591257, "params": {"k_pid_pos": [0.8886668926531368, 0.0, 0.20252916814703914], "k_pid_alt": [2.0, 0.0, 0.9513097734045137], "k_pid_att": [33.034068761320654, 3.639125499843883, 0.3061540515641593], "k_pid_yaw": [0.5, 1e-06, 0.1], "k_pid_hsp": [0.10476227806048713, 0.0, 0.0], "k_pid_vsp": [94.04316858713402, 35.906445090591596, 1e-06]}, "datetime": {"datetime": "2025-08-13 20:55:44", "elapsed": 40072.14556193352, "delta": 17.360690116882324}, "costs": {"total_cost": 189.34453549591257, "time_cost": 71.771, "final_distance_cost": 1.8160128354801666, "oscillation_cost": 24.5780854615509, "completition_cost": 0.0, "overshoot_cost": 51.791209369825665, "power_cost": 17.19967794189453, "noise_cost": 22.188549887161326, "n_waypoints_completed": 9, "tot_waypoints": 9}}
{"target": -183.47176446711651, "params": {"k_pid_pos": [0.7672583419095114, 0.0, 0.0], "k_pid_alt": [1.9489289437410107, 0.0, 0.9704121781722547], "k_pid_att": [31.99370224953048, 3.7858187931082012, 0.2563716711480625], "k_pid_yaw": [0.5, 1e-06, 0.1], "k_pid_hsp": [0.1152321607176012, 0.0, 0.0], "k_pid_vsp": [111.74921162614592, 38.348199473210244, 1e-06]}, "datetime": {"datetime": "2025-08-13 20:56:01", "elapsed": 40089.65006709099, "delta": 17.504505157470703}, "costs": {"total_cost": 183.47176446711651, "time_cost": 71.351, "final_distance_cost": 1.804325613988073, "oscillation_cost": 24.312325450471505, "completition_cost": 0.0, "overshoot_cost": 51.32658224797017, "power_cost": 13.720129541015625, "noise_cost": 20.957401613671117, "n_waypoints_completed": 9, "tot_waypoints": 9}}
{"target": -179.5368751903419, "params": {"k_pid_pos": [0.8533502915540594, 0.0, 0.053277939879339486], "k_pid_alt": [1.9182301363038088, 0.0, 0.9569960911171264], "k_pid_att": [33.704241189929, 3.4057815619646177, 0.2847387516487045], "k_pid_yaw": [0.5, 1e-06, 0.1], "k_pid_hsp": [0.11888334057326146, 0.0, 0.0], "k_pid_vsp": [107.71081310672598, 31.327845792451615, 1e-06]}, "datetime": {"datetime": "2025-08-13 20:56:18", "elapsed": 40106.85299491882, "delta": 17.202927827835083}, "costs": {"total_cost": 179.5368751903419, "time_cost": 71.043, "final_distance_cost": 1.7975654934136016, "oscillation_cost": 25.520069403898784, "completition_cost": 0.0, "overshoot_cost": 51.043908991023876, "power_cost": 10.288122534179688, "noise_cost": 19.84420876782597, "n_waypoints_completed": 9, "tot_waypoints": 9}}
{"target": -186.24119367392586, "params": {"k_pid_pos": [0.8269727976255641, 0.0, 0.05118556174490944], "k_pid_alt": [1.932273108520612, 0.0, 0.9879824316320184], "k_pid_att": [33.49930683130384, 5.500203877374086, 0.2782959355731596], "k_pid_yaw": [0.5, 1e-06, 0.1], "k_pid_hsp": [0.10635109795739447, 0.0, 0.0], "k_pid_vsp": [99.2831937093533, 44.50649385143477, 1e-06]}, "datetime": {"datetime": "2025-08-13 20:56:36", "elapsed": 40124.88981413841, "delta": 18.036819219589233}, "costs": {"total_cost": 186.24119367392586, "time_cost": 71.526, "final_distance_cost": 1.8112217145046163, "oscillation_cost": 24.47939939433857, "completition_cost": 0.0, "overshoot_cost": 51.346866978211075, "power_cost": 15.5829009765625, "noise_cost": 21.494804610309114, "n_waypoints_completed": 9, "tot_waypoints": 9}}
{"target": -188.29927132992782, "params": {"k_pid_pos": [1.0998041675343733, 0.0, 0.09054202560685849], "k_pid_alt": [1.610067040906272, 0.0, 0.9515979992197655], "k_pid_att": [32.96473394868512, 3.6832850850440706, 0.2633266865436903], "k_pid_yaw": [0.5, 1e-06, 0.1], "k_pid_hsp": [0.32688036946478644, 0.0, 0.0], "k_pid_vsp": [152.28317637587355, 25.76931560048917, 1e-06]}, "datetime": {"datetime": "2025-08-13 20:56:54", "elapsed": 40142.46325469017, "delta": 17.573440551757812}, "costs": {"total_cost": 188.29927132992782, "time_cost": 71.253, "final_distance_cost": 1.8461775708553045, "oscillation_cost": 29.58368025038835, "completition_cost": 0.0, "overshoot_cost": 50.505533308040405, "power_cost": 13.997233850097658, "noise_cost": 21.113646350546116, "n_waypoints_completed": 9, "tot_waypoints": 9}}
{"target": -179.7985050032006, "params": {"k_pid_pos": [0.7870400444966322, 0.0, 0.057592227060970336], "k_pid_alt": [1.594482763767506, 0.0, 0.9412758730820173], "k_pid_att": [36.56415387593907, 3.5862312045228286, 0.2586583531248211], "k_pid_yaw": [0.5, 1e-06, 0.1], "k_pid_hsp": [0.12664477072859434, 0.0, 0.0], "k_pid_vsp": [121.81475801347938, 33.718595445348924, 1e-06]}, "datetime": {"datetime": "2025-08-13 20:57:11", "elapsed": 40159.389162540436, "delta": 16.925907850265503}, "costs": {"total_cost": 179.7985050032006, "time_cost": 72.226, "final_distance_cost": 1.8113927480916276, "oscillation_cost": 25.03235983002304, "completition_cost": 0.0, "overshoot_cost": 51.2862876598781, "power_cost": 9.715560583496094, "noise_cost": 19.726904181711756, "n_waypoints_completed": 9, "tot_waypoints": 9}}
{"target": -179.77783153911452, "params": {"k_pid_pos": [0.8722378369008951, 0.0, 0.0572023795570258], "k_pid_alt": [1.9243815295052489, 0.0, 0.9529686354005873], "k_pid_att": [32.350150994606196, 3.5015388501054225, 0.2717884264760585], "k_pid_yaw": [0.5, 1e-06, 0.1], "k_pid_hsp": [0.09962851222870858, 0.0, 0.0], "k_pid_vsp": [90.70945821649504, 32.78700054998004, 1e-06]}, "datetime": {"datetime": "2025-08-13 20:57:29", "elapsed": 40177.41541814804, "delta": 18.02625560760498}, "costs": {"total_cost": 179.77783153911452, "time_cost": 71.246, "final_distance_cost": 1.7898307109007041, "oscillation_cost": 24.815596999210463, "completition_cost": 0.0, "overshoot_cost": 51.06504220327215, "power_cost": 10.749341540527345, "noise_cost": 20.112020085203852, "n_waypoints_completed": 9, "tot_waypoints": 9}}
{"target": -185.98888080113636, "params": {"k_pid_pos": [0.9843155365170542, 0.0, 0.085049623929679], "k_pid_alt": [1.8870230488843271, 0.0, 0.9529281717845969], "k_pid_att": [32.10616923269101, 3.5079663867507564, 0.26861134906918005], "k_pid_yaw": [0.5, 1e-06, 0.1], "k_pid_hsp": [0.11694210795172179, 0.0, 0.0], "k_pid_vsp": [104.94591403470838, 27.555479383254152, 1e-06]}, "datetime": {"datetime": "2025-08-13 20:57:46", "elapsed": 40194.558164834976, "delta": 17.142746686935425}, "costs": {"total_cost": 185.98888080113636, "time_cost": 71.274, "final_distance_cost": 1.817018330132362, "oscillation_cost": 26.387306944048312, "completition_cost": 0.0, "overshoot_cost": 51.22524872292465, "power_cost": 14.15431669921875, "noise_cost": 21.13099010481231, "n_waypoints_completed": 9, "tot_waypoints": 9}}
{"target": -200.67681445586794, "params": {"k_pid_pos": [0.8543571503628908, 0.0, 0.04269372347918085], "k_pid_alt": [1.800727857342393, 0.0, 0.972625700465911], "k_pid_att": [31.31974173107074, 3.3130098652351667, 0.21500847730559838], "k_pid_yaw": [0.5, 1e-06, 0.1], "k_pid_hsp": [0.05893911604423134, 0.0, 0.0], "k_pid_vsp": [104.5601944346275, 21.908523593934067, 1e-06]}, "datetime": {"datetime": "2025-08-13 20:58:06", "elapsed": 40214.940109968185, "delta": 20.38194513320923}, "costs": {"total_cost": 200.67681445586794, "time_cost": 78.505, "final_distance_cost": 1.807094709187571, "oscillation_cost": 22.378841169006535, "completition_cost": 0.0, "overshoot_cost": 54.55193924489007, "power_cost": 19.154380090332033, "noise_cost": 24.279559242451747, "n_waypoints_completed": 9, "tot_waypoints": 9}}
