{"target": -187.72029179503383, "params": {"k_pid_pos": [0.7972107424674468, 0.0, 0.06131750834979714], "k_pid_alt": [2.0, 0.0, 0.9575864333709483], "k_pid_att": [31.940553475183673, 3.568473740940829, 0.26430598790227483], "k_pid_yaw": [0.5, 1e-06, 0.1], "k_pid_hsp": [0.06467829281933121, 0.0, 0.0], "k_pid_vsp": [42.20491198018914, 28.86793919461477, 1e-06]}, "datetime": {"datetime": "2025-08-13 20:33:44", "elapsed": 38752.89485192299, "delta": 17.955130100250244}, "costs": {"total_cost": 187.72029179503383, "time_cost": 76.118, "final_distance_cost": 1.8132569205075755, "oscillation_cost": 21.679493477126634, "completition_cost": 0.0, "overshoot_cost": 53.47427246963398, "power_cost": 12.588254345703126, "noise_cost": 22.047014582062538, "n_waypoints_completed": 9, "tot_waypoints": 9}}
{"target": -205.2241696038625, "params": {"k_pid_pos": [0.8908027355819046, 0.0, 0.06632770535327506], "k_pid_alt": [2.0, 0.0, 0.9533704513300625], "k_pid_att": [33.4657719981695, 3.5841652685206435, 0.280677649514245], "k_pid_yaw": [0.5, 1e-06, 0.1], "k_pid_hsp": [0.043368619309806296, 0.0, 0.0], "k_pid_vsp": [106.17921638589846, 29.70702125323121, 1e-06]}, "datetime": {"datetime": "2025-08-13 20:34:05", "elapsed": 38773.928282260895, "delta": 21.033430337905884}, "costs": {"total_cost": 205.2241696038625, "time_cost": 87.696, "final_distance_cost": 1.752365230124803, "oscillation_cost": 18.748877401405544, "completition_cost": 0.0, "overshoot_cost": 57.27216293720834, "power_cost": 14.075292248535156, "noise_cost": 25.679471786588625, "n_waypoints_completed": 9, "tot_waypoints": 9}}
{"target": -194.11036677745915, "params": {"k_pid_pos": [0.8467955547400371, 0.0, 0.022992765161793854], "k_pid_alt": [1.873306190013019, 0.0, 0.9510577069517155], "k_pid_att": [31.422143790652125, 3.5008933596067506, 0.27027178489341086], "k_pid_yaw": [0.5, 1e-06, 0.1], "k_pid_hsp": [0.10128514151413986, 0.0, 0.0], "k_pid_vsp": [79.35135384165547, 32.32959974756654, 1e-06]}, "datetime": {"datetime": "2025-08-13 20:34:23", "elapsed": 38791.502959251404, "delta": 17.574676990509033}, "costs": {"total_cost": 194.11036677745915, "time_cost": 72.709, "final_distance_cost": 1.8122338117552936, "oscillation_cost": 24.872228638101603, "completition_cost": 0.0, "overshoot_cost": 52.05556955524125, "power_cost": 20.040438525390627, "noise_cost": 22.62089624697035, "n_waypoints_completed": 9, "tot_waypoints": 9}}
{"target": -186.97020489515643, "params": {"k_pid_pos": [1.1100649685154367, 0.0, 0.08379682057492535], "k_pid_alt": [1.4560352030893884, 0.0, 0.9066934953289201], "k_pid_att": [35.10558380992994, 3.778994774988089, 0.2503075053115869], "k_pid_yaw": [0.5, 1e-06, 0.1], "k_pid_hsp": [0.1467615086858681, 0.0, 0.0], "k_pid_vsp": [140.47382827012203, 36.871480264629994, 1e-06]}, "datetime": {"datetime": "2025-08-13 20:34:40", "elapsed": 38808.23966884613, "delta": 16.736709594726562}, "costs": {"total_cost": 186.97020489515643, "time_cost": 71.799, "final_distance_cost": 1.7995609233918106, "oscillation_cost": 28.32938820083421, "completition_cost": 0.0, "overshoot_cost": 51.18422822322785, "power_cost": 13.101463842773438, "noise_cost": 20.756563704929146, "n_waypoints_completed": 9, "tot_waypoints": 9}}
{"target": -183.78984460410095, "params": {"k_pid_pos": [0.8680402801754054, 0.0, 0.06639406217495154], "k_pid_alt": [2.0, 0.0, 0.9544569410603961], "k_pid_att": [31.042198385122088, 3.53434606618976, 0.17434106299313662], "k_pid_yaw": [0.5, 1e-06, 0.1], "k_pid_hsp": [0.12701055435920283, 0.0, 0.0], "k_pid_vsp": [102.52930693271634, 30.815617150138998, 1e-06]}, "datetime": {"datetime": "2025-08-13 20:34:57", "elapsed": 38825.20149946213, "delta": 16.961830615997314}, "costs": {"total_cost": 183.78984460410095, "time_cost": 70.94500000000001, "final_distance_cost": 1.8295336955283752, "oscillation_cost": 25.600148213169387, "completition_cost": 0.0, "overshoot_cost": 51.46787496609628, "power_cost": 13.122899572753907, "noise_cost": 20.82438815655301, "n_waypoints_completed": 9, "tot_waypoints": 9}}
{"target": -190.67058766725776, "params": {"k_pid_pos": [0.9756600891832792, 0.0, 0.039142109272020234], "k_pid_alt": [1.8584379266580204, 0.0, 0.9462170685117175], "k_pid_att": [33.452330481525806, 3.5888190400632407, 0.2627880303399368], "k_pid_yaw": [0.5, 1e-06, 0.1], "k_pid_hsp": [0.12341214542181836, 0.0, 0.0], "k_pid_vsp": [127.68446043872355, 34.33035540469334, 1e-06]}, "datetime": {"datetime": "2025-08-13 20:35:14", "elapsed": 38842.023064136505, "delta": 16.82156467437744}, "costs": {"total_cost": 190.67058766725776, "time_cost": 71.554, "final_distance_cost": 1.7920103796743772, "oscillation_cost": 26.71191457801069, "completition_cost": 0.0, "overshoot_cost": 51.61317323124571, "power_cost": 17.265830957031252, "noise_cost": 21.73365852129572, "n_waypoints_completed": 9, "tot_waypoints": 9}}
{"target": -189.9670014689287, "params": {"k_pid_pos": [0.9815881090136194, 0.0, 0.056958993147816266], "k_pid_alt": [1.6246717466606937, 0.0, 0.9439224677429009], "k_pid_att": [33.055525207428275, 3.370062113064423, 0.23814134677009843], "k_pid_yaw": [0.5, 1e-06, 0.1], "k_pid_hsp": [0.18469622098833333, 0.0, 0.0], "k_pid_vsp": [57.30071904913608, 26.246484790758522, 1e-06]}, "datetime": {"datetime": "2025-08-13 20:35:31", "elapsed": 38859.59277296066, "delta": 17.569708824157715}, "costs": {"total_cost": 189.9670014689287, "time_cost": 71.414, "final_distance_cost": 1.8259827651373308, "oscillation_cost": 27.65322886527567, "completition_cost": 0.0, "overshoot_cost": 51.358485938748004, "power_cost": 16.17191151123047, "noise_cost": 21.543392388537214, "n_waypoints_completed": 9, "tot_waypoints": 9}}
{"target": -1236.4258051156232, "params": {"k_pid_pos": [0.8782369199268152, 0.0005181068348831014, 0.07954650885089017], "k_pid_alt": [1.8878803152855468, 0.0, 0.8963226959662107], "k_pid_att": [33.41941894701949, 3.5733006616905576, 0.2679308558558305], "k_pid_yaw": [0.5, 1e-06, 0.1], "k_pid_hsp": [0.0001, 0.0, 0.0], "k_pid_vsp": [95.9360068831596, 31.079145291462225, 1e-06]}, "datetime": {"datetime": "2025-08-13 20:35:59", "elapsed": 38887.51126265526, "delta": 27.918489694595337}, "costs": {"total_cost": 1236.4258051156232, "time_cost": 150, "final_distance_cost": 47.09737327827285, "oscillation_cost": 0.004941559131946633, "completition_cost": 888.8888888888888, "overshoot_cost": 98.0148439819695, "power_cost": 19.72122890625, "noise_cost": 32.69852850111017, "n_waypoints_completed": 1, "tot_waypoints": 9}}
{"target": -190.66373543223156, "params": {"k_pid_pos": [0.8870390186605537, 0.0, 0.08564021550329869], "k_pid_alt": [1.6871630350414946, 0.0, 0.934506729860526], "k_pid_att": [33.55994116801291, 3.3173044521931048, 0.2720511390501284], "k_pid_yaw": [0.5, 1e-06, 0.1], "k_pid_hsp": [0.24265942952107286, 0.0, 0.0], "k_pid_vsp": [89.7976829819185, 47.83520285016558, 1e-06]}, "datetime": {"datetime": "2025-08-13 20:36:16", "elapsed": 38904.07326865196, "delta": 16.5620059967041}, "costs": {"total_cost": 190.66373543223156, "time_cost": 71.603, "final_distance_cost": 1.8435092472877077, "oscillation_cost": 27.375821179559193, "completition_cost": 0.0, "overshoot_cost": 50.822613439171135, "power_cost": 16.876353259277344, "noise_cost": 22.14243830693618, "n_waypoints_completed": 9, "tot_waypoints": 9}}
{"target": -218.22224230748455, "params": {"k_pid_pos": [1.230748766502544, 0.0, 0.003275192221335238], "k_pid_alt": [1.8513168389148664, 0.0, 0.9459006652512505], "k_pid_att": [46.716436835358664, 3.3001859772861346, 0.23746771988278176], "k_pid_yaw": [0.5, 1e-06, 0.1], "k_pid_hsp": [0.0318222416087542, 0.0, 0.0], "k_pid_vsp": [115.11570757502953, 24.90598266222405, 1e-06]}, "datetime": {"datetime": "2025-08-13 20:36:38", "elapsed": 38926.161598443985, "delta": 22.088329792022705}, "costs": {"total_cost": 218.22224230748455, "time_cost": 93.121, "final_distance_cost": 1.7580580797133671, "oscillation_cost": 18.2306151269058, "completition_cost": 0.0, "overshoot_cost": 62.11558012533081, "power_cost": 15.691830847167969, "noise_cost": 27.305158128366593, "n_waypoints_completed": 9, "tot_waypoints": 9}}
{"target": -194.43310730386466, "params": {"k_pid_pos": [0.9737957191972121, 0.0, 0.032477160446698156], "k_pid_alt": [1.6819285479851793, 0.0, 0.9368686522848799], "k_pid_att": [28.00192102488453, 2.8425146639790815, 0.24260338963489392], "k_pid_yaw": [0.5, 1e-06, 0.1], "k_pid_hsp": [0.28573971093499084, 0.0, 0.0], "k_pid_vsp": [90.9660013121007, 21.637914275207237, 1e-06]}, "datetime": {"datetime": "2025-08-13 20:36:55", "elapsed": 38943.390978336334, "delta": 17.229379892349243}, "costs": {"total_cost": 194.43310730386466, "time_cost": 72.051, "final_distance_cost": 1.8382130508367551, "oscillation_cost": 28.180666551069272, "completition_cost": 0.0, "overshoot_cost": 51.36814271514975, "power_cost": 18.59420788574219, "noise_cost": 22.400877101066698, "n_waypoints_completed": 9, "tot_waypoints": 9}}
{"target": -183.44800041465334, "params": {"k_pid_pos": [0.7512983208530788, 0.0, 0.07415606697879214], "k_pid_alt": [1.7715174369169453, 0.0, 0.9396330345851687], "k_pid_att": [32.32681604967286, 3.2305888776906673, 0.27188166128611485], "k_pid_yaw": [0.5, 1e-06, 0.1], "k_pid_hsp": [0.24027174099813225, 0.0, 0.0], "k_pid_vsp": [33.35022016833888, 40.50990546965562, 2.3806150281438696]}, "datetime": {"datetime": "2025-08-13 20:37:13", "elapsed": 38961.29608297348, "delta": 17.905104637145996}, "costs": {"total_cost": 183.44800041465334, "time_cost": 72.57600000000001, "final_distance_cost": 1.847193414706163, "oscillation_cost": 25.91636070338847, "completition_cost": 0.0, "overshoot_cost": 50.26547297335759, "power_cost": 11.815232678222657, "noise_cost": 21.02774064497845, "n_waypoints_completed": 9, "tot_waypoints": 9}}
{"target": -181.00964057034076, "params": {"k_pid_pos": [0.8039221168035169, 0.0, 0.03567848811778444], "k_pid_alt": [1.8957146506379752, 0.0, 0.9491904113143745], "k_pid_att": [32.47353813713419, 3.4302566789671944, 0.24065730616637834], "k_pid_yaw": [0.5, 1e-06, 0.1], "k_pid_hsp": [0.14095713247971658, 0.0, 0.0], "k_pid_vsp": [83.80924358696228, 36.94698800890245, 1e-06]}, "datetime": {"datetime": "2025-08-13 20:37:29", "elapsed": 38977.402577877045, "delta": 16.106494903564453}, "costs": {"total_cost": 181.00964057034076, "time_cost": 70.875, "final_distance_cost": 1.8246508147339604, "oscillation_cost": 25.40116183679122, "completition_cost": 0.0, "overshoot_cost": 50.473380505335754, "power_cost": 11.932203747558594, "noise_cost": 20.503243665921232, "n_waypoints_completed": 9, "tot_waypoints": 9}}
{"target": -182.9108752014116, "params": {"k_pid_pos": [0.9137873364092151, 0.0, 0.056861966533552175], "k_pid_alt": [1.8867455100021204, 0.0, 0.9422951868111232], "k_pid_att": [33.440944509938866, 3.248517575556275, 0.2672724195453295], "k_pid_yaw": [0.5, 1e-06, 0.1], "k_pid_hsp": [0.11998451396612217, 0.0, 0.0], "k_pid_vsp": [98.24181647861678, 33.80197393981516, 1e-06]}, "datetime": {"datetime": "2025-08-13 20:37:46", "elapsed": 38994.82095217705, "delta": 17.41837430000305}, "costs": {"total_cost": 182.9108752014116, "time_cost": 70.882, "final_distance_cost": 1.8053870497972022, "oscillation_cost": 26.109500137156, "completition_cost": 0.0, "overshoot_cost": 50.93564035483356, "power_cost": 12.604640478515625, "noise_cost": 20.573707181109228, "n_waypoints_completed": 9, "tot_waypoints": 9}}
{"target": -188.52385697013364, "params": {"k_pid_pos": [0.848272427877393, 0.0, 0.0798614740096407], "k_pid_alt": [1.8838618762850838, 0.0, 0.9523553227985796], "k_pid_att": [33.81154614161141, 3.345809042614422, 0.2864356777731039], "k_pid_yaw": [0.5, 1e-06, 0.1], "k_pid_hsp": [0.11450098522298396, 0.0, 0.0], "k_pid_vsp": [113.3434834980765, 35.3059135068007, 1e-06]}, "datetime": {"datetime": "2025-08-13 20:38:03", "elapsed": 39011.29778790474, "delta": 16.47683572769165}, "costs": {"total_cost": 188.52385697013364, "time_cost": 71.778, "final_distance_cost": 1.814915983381588, "oscillation_cost": 24.836957902005178, "completition_cost": 0.0, "overshoot_cost": 51.45811933326611, "power_cost": 16.62148702392578, "noise_cost": 22.014376727554968, "n_waypoints_completed": 9, "tot_waypoints": 9}}
{"target": -199.42483281654452, "params": {"k_pid_pos": [0.8676192543601898, 0.0, 0.0596971245815792], "k_pid_alt": [1.935224821651964, 0.0, 0.9502956298847969], "k_pid_att": [31.440600388215806, 6.0211235597170525, 0.2524115252753105], "k_pid_yaw": [0.5, 1e-06, 0.1], "k_pid_hsp": [0.11608576214645636, 0.0, 0.0], "k_pid_vsp": [85.21149110537921, 30.04726167509107, 1e-06]}, "datetime": {"datetime": "2025-08-13 20:38:22", "elapsed": 39030.77629303932, "delta": 19.47850513458252}, "costs": {"total_cost": 199.42483281654452, "time_cost": 74.305, "final_distance_cost": 1.8115325069717594, "oscillation_cost": 26.25167727413572, "completition_cost": 0.0, "overshoot_cost": 53.04288375596168, "power_cost": 21.17049538574219, "noise_cost": 22.843243893733167, "n_waypoints_completed": 9, "tot_waypoints": 9}}
{"target": -1234.2710571811758, "params": {"k_pid_pos": [0.9450048909421538, 0.0, 0.07144571880556037], "k_pid_alt": [1.766783251353736, 0.0, 0.9488331163347876], "k_pid_att": [36.2097517745615, 3.5238574866950287, 0.3037370672770041], "k_pid_yaw": [0.5, 1e-06, 0.1], "k_pid_hsp": [0.0001, 0.0, 0.0], "k_pid_vsp": [114.4513538963275, 40.716206517395236, 1e-06]}, "datetime": {"datetime": "2025-08-13 20:38:51", "elapsed": 39059.843744277954, "delta": 29.067451238632202}, "costs": {"total_cost": 1234.2710571811758, "time_cost": 150, "final_distance_cost": 47.432486321646316, "oscillation_cost": 0.004912382305278814, "completition_cost": 888.8888888888888, "overshoot_cost": 100.55624965827901, "power_cost": 15.982977221679688, "noise_cost": 31.40554270837678, "n_waypoints_completed": 1, "tot_waypoints": 9}}
{"target": -189.03804360458048, "params": {"k_pid_pos": [1.024318965668964, 0.0, 0.055094912154684456], "k_pid_alt": [1.8983427463494134, 0.0, 0.9089453012852637], "k_pid_att": [32.80170870271494, 3.307591531289301, 0.24750870947489276], "k_pid_yaw": [0.5, 1e-06, 0.1], "k_pid_hsp": [0.09770445835042202, 0.0, 0.0], "k_pid_vsp": [100.43804844198351, 32.23418926868453, 1e-06]}, "datetime": {"datetime": "2025-08-13 20:39:09", "elapsed": 39077.26193809509, "delta": 17.418193817138672}, "costs": {"total_cost": 189.03804360458048, "time_cost": 71.526, "final_distance_cost": 1.798201264184691, "oscillation_cost": 26.401134186055096, "completition_cost": 0.0, "overshoot_cost": 52.04266573865014, "power_cost": 15.797006298828126, "noise_cost": 21.473036116862417, "n_waypoints_completed": 9, "tot_waypoints": 9}}
{"target": -185.59164887364787, "params": {"k_pid_pos": [0.8298039791302869, 0.0, 0.060087293456618146], "k_pid_alt": [1.905530784266389, 0.0, 0.9418689116949175], "k_pid_att": [33.29505652729082, 3.522891115864762, 0.26890463322985725], "k_pid_yaw": [0.5, 1e-06, 0.1], "k_pid_hsp": [0.12300190455086357, 0.0, 0.0], "k_pid_vsp": [96.03581376627365, 34.36283983192029, 1e-06]}, "datetime": {"datetime": "2025-08-13 20:39:28", "elapsed": 39095.999418497086, "delta": 18.737480401992798}, "costs": {"total_cost": 185.59164887364787, "time_cost": 71.365, "final_distance_cost": 1.805243427334901, "oscillation_cost": 25.21086102221017, "completition_cost": 0.0, "overshoot_cost": 51.13800134456168, "power_cost": 14.842421459960939, "noise_cost": 21.2301216195802, "n_waypoints_completed": 9, "tot_waypoints": 9}}
{"target": -188.73516974173918, "params": {"k_pid_pos": [0.8027904831838291, 0.0, 0.07176501213512737], "k_pid_alt": [1.812805232403187, 0.0, 0.9515273480565412], "k_pid_att": [33.877014909625345, 3.483432766016807, 0.25819356454281145], "k_pid_yaw": [0.5, 1e-06, 0.1], "k_pid_hsp": [0.12813508643399554, 0.0, 0.0], "k_pid_vsp": [81.65032784053575, 35.01396965077139, 1e-06]}, "datetime": {"datetime": "2025-08-13 20:39:45", "elapsed": 39113.18639874458, "delta": 17.18698024749756}, "costs": {"total_cost": 188.73516974173918, "time_cost": 71.953, "final_distance_cost": 1.836746690148954, "oscillation_cost": 24.888963245648117, "completition_cost": 0.0, "overshoot_cost": 51.595320097307834, "power_cost": 16.603775585937502, "noise_cost": 21.85736412269675, "n_waypoints_completed": 9, "tot_waypoints": 9}}
{"target": -185.53956857790783, "params": {"k_pid_pos": [0.9252078278736349, 0.0, 0.04011798760389139], "k_pid_alt": [1.8871949251411162, 0.0, 0.9570580596547958], "k_pid_att": [34.67515321204621, 3.2451734457044785, 0.29107985396151814], "k_pid_yaw": [0.5, 1e-06, 0.1], "k_pid_hsp": [0.27157552324016887, 0.0, 0.0], "k_pid_vsp": [110.57754435647206, 22.39612301022946, 1e-06]}, "datetime": {"datetime": "2025-08-13 20:40:03", "elapsed": 39131.03093242645, "delta": 17.844533681869507}, "costs": {"total_cost": 185.53956857790783, "time_cost": 70.91, "final_distance_cost": 1.847593920631941, "oscillation_cost": 27.83209756009469, "completition_cost": 0.0, "overshoot_cost": 50.909064306651516, "power_cost": 13.123371264648439, "noise_cost": 20.917441525881262, "n_waypoints_completed": 9, "tot_waypoints": 9}}
{"target": -185.66188314732244, "params": {"k_pid_pos": [1.2606812334925266, 0.0, 0.09121189932110879], "k_pid_alt": [1.8355241880271278, 0.0, 0.9472454166055413], "k_pid_att": [35.16011093261083, 3.347791263828546, 0.2883840438570267], "k_pid_yaw": [0.5, 1e-06, 0.1], "k_pid_hsp": [0.15946405696764093, 0.0, 0.0], "k_pid_vsp": [70.84016646622446, 31.295850828736516, 1e-06]}, "datetime": {"datetime": "2025-08-13 20:40:19", "elapsed": 39147.85319066048, "delta": 16.822258234024048}, "costs": {"total_cost": 185.66188314732244, "time_cost": 70.287, "final_distance_cost": 1.8128238520782056, "oscillation_cost": 29.58825240052308, "completition_cost": 0.0, "overshoot_cost": 50.910333981098105, "power_cost": 12.774397424316406, "noise_cost": 20.289075489306637, "n_waypoints_completed": 9, "tot_waypoints": 9}}
{"target": -186.96045308698655, "params": {"k_pid_pos": [1.042656035368045, 0.0, 0.05839379449333234], "k_pid_alt": [1.817092520590754, 0.0, 0.9385734959833082], "k_pid_att": [32.951603193054325, 3.479414425913745, 0.2648089340128169], "k_pid_yaw": [0.5, 1e-06, 0.1], "k_pid_hsp": [0.12222025332298961, 0.0, 0.0], "k_pid_vsp": [90.02660183933128, 33.53586246189176, 1e-06]}, "datetime": {"datetime": "2025-08-13 20:40:37", "elapsed": 39165.740473508835, "delta": 17.887282848358154}, "costs": {"total_cost": 186.96045308698655, "time_cost": 70.952, "final_distance_cost": 1.8071302610529891, "oscillation_cost": 27.56015802881046, "completition_cost": 0.0, "overshoot_cost": 51.199313474588664, "power_cost": 14.4744912109375, "noise_cost": 20.967360111596907, "n_waypoints_completed": 9, "tot_waypoints": 9}}
{"target": -187.8146010512652, "params": {"k_pid_pos": [0.855057592096945, 0.0012032701077621382, 0.04162641660411643], "k_pid_alt": [1.7923922699351245, 0.0, 0.9663752418594512], "k_pid_att": [29.309982948402894, 3.481321506416813, 0.29418457025621336], "k_pid_yaw": [0.5, 1e-06, 0.1], "k_pid_hsp": [0.3435479219455365, 0.0, 0.0], "k_pid_vsp": [120.16861211424246, 35.11141647680978, 1e-06]}, "datetime": {"datetime": "2025-08-13 20:40:54", "elapsed": 39182.96738433838, "delta": 17.226910829544067}, "costs": {"total_cost": 187.8146010512652, "time_cost": 71.729, "final_distance_cost": 1.8410290196327983, "oscillation_cost": 27.755127162958924, "completition_cost": 0.0, "overshoot_cost": 50.9673904956522, "power_cost": 14.2535408203125, "noise_cost": 21.26851355270879, "n_waypoints_completed": 9, "tot_waypoints": 9}}
{"target": -191.61510663577897, "params": {"k_pid_pos": [0.6327895294830169, 0.0, 0.07251698247919705], "k_pid_alt": [1.6299851827907372, 0.0, 0.973465218019133], "k_pid_att": [34.68451964989593, 3.392052352566484, 0.2889017874923436], "k_pid_yaw": [0.5, 1e-06, 0.1], "k_pid_hsp": [0.28965662880519355, 0.0, 0.0], "k_pid_vsp": [73.24733160046625, 18.961641187266096, 1e-06]}, "datetime": {"datetime": "2025-08-13 20:41:14", "elapsed": 39202.30137395859, "delta": 19.33398962020874}, "costs": {"total_cost": 191.61510663577897, "time_cost": 77.679, "final_distance_cost": 1.849209863483987, "oscillation_cost": 25.878284557158537, "completition_cost": 0.0, "overshoot_cost": 51.32506572579743, "power_cost": 12.316774475097656, "noise_cost": 22.566772014241355, "n_waypoints_completed": 9, "tot_waypoints": 9}}
{"target": -184.4906236329073, "params": {"k_pid_pos": [1.4271821304799752, 0.0, 0.042757930550628244], "k_pid_alt": [1.8447749563128621, 0.0, 0.9647270277539983], "k_pid_att": [33.022631130075354, 3.5091865423896977, 0.2615418110714086], "k_pid_yaw": [0.5, 1e-06, 0.1], "k_pid_hsp": [0.13249704394482198, 0.0, 0.0], "k_pid_vsp": [150.40582883856396, 38.24898642273497, 1e-06]}, "datetime": {"datetime": "2025-08-13 20:41:31", "elapsed": 39219.523277044296, "delta": 17.221903085708618}, "costs": {"total_cost": 184.4906236329073, "time_cost": 70.546, "final_distance_cost": 1.7646631412380818, "oscillation_cost": 31.070802187520822, "completition_cost": 0.0, "overshoot_cost": 51.11558691240778, "power_cost": 10.374892443847656, "noise_cost": 19.618678947892956, "n_waypoints_completed": 9, "tot_waypoints": 9}}
{"target": -191.12831064920508, "params": {"k_pid_pos": [0.7865009385929831, 0.0, 0.03964522101948714], "k_pid_alt": [1.8312530873849422, 0.0, 0.9538737399643923], "k_pid_att": [34.68945502853296, 3.6325575361573206, 0.29611138450927676], "k_pid_yaw": [0.5, 1e-06, 0.1], "k_pid_hsp": [0.1309554643106815, 0.0, 0.0], "k_pid_vsp": [101.54085363548985, 41.43126474542219, 1e-06]}, "datetime": {"datetime": "2025-08-13 20:41:48", "elapsed": 39236.844923734665, "delta": 17.321646690368652}, "costs": {"total_cost": 191.12831064920508, "time_cost": 72.023, "final_distance_cost": 1.8095242656101342, "oscillation_cost": 25.017656388332327, "completition_cost": 0.0, "overshoot_cost": 51.852315747670055, "power_cost": 18.300480798339844, "noise_cost": 22.12533344925273, "n_waypoints_completed": 9, "tot_waypoints": 9}}
