{"target": -1274.5845490193349, "params": {"k_pid_pos": [0.8835232045366865, 0.09546274819123203, 0.28449835489476105], "k_pid_alt": [0.2410350063609361, 0.0, 0.6218834439186038], "k_pid_att": [32.45491147696767, 3.5370623100838126, 0.28167382723675377], "k_pid_yaw": [0.5, 1e-06, 0.1], "k_pid_hsp": [0.0001, 0.34543246667764166, 0.03781534343280678], "k_pid_vsp": [169.2769549266405, 1e-06, 1.3504368305795482]}, "datetime": {"datetime": "2025-08-13 10:59:27", "elapsed": 4295.7310581207275, "delta": 52.852834939956665}, "costs": {"total_cost": 1274.5845490193349, "time_cost": 150, "final_distance_cost": 86.58465492902596, "oscillation_cost": 132.36604557525115, "completition_cost": 777.7777777777778, "overshoot_cost": 40.52282037289974, "power_cost": 49.255535498046875, "noise_cost": 38.077714866333366, "n_waypoints_completed": 2, "tot_waypoints": 9}}
{"target": -821.3123612693266, "params": {"k_pid_pos": [1.0282215084672641, 0.6186197768656558, 0.18295512612390685], "k_pid_alt": [0.8247965470180874, 0.039397108486769625, 0.6757567480964342], "k_pid_att": [30.43865520333438, 3.3093870662709377, 0.0], "k_pid_yaw": [0.5, 1e-06, 0.1], "k_pid_hsp": [3.5514977305428825, 0.0, 0.52327315891355], "k_pid_vsp": [206.37171418202743, 178.78646235908508, 13.327387305146052]}, "datetime": {"datetime": "2025-08-13 11:00:21", "elapsed": 4349.253676176071, "delta": 53.52261805534363}, "costs": {"total_cost": 821.3123612693266, "time_cost": 150, "final_distance_cost": 12.55054303440089, "oscillation_cost": 415.33410785865476, "completition_cost": 111.11111111111116, "overshoot_cost": 60.51764496101243, "power_cost": 38.44642431640625, "noise_cost": 33.35252998774103, "n_waypoints_completed": 8, "tot_waypoints": 9}}
{"target": -1252.9798466083637, "params": {"k_pid_pos": [0.2050836222941652, 0.47551972237919404, 0.4281654860382039], "k_pid_alt": [1.5322717412895592, 0.0025206241099995606, 0.7219634115746956], "k_pid_att": [41.01768050665627, 3.9397547284297305, 0.477487191152838], "k_pid_yaw": [0.5, 1e-06, 0.1], "k_pid_hsp": [1.097531571672425, 0.04098762921812781, 0.13450210777339594], "k_pid_vsp": [207.87400628177275, 1e-06, 9.27488894855754]}, "datetime": {"datetime": "2025-08-13 11:01:12", "elapsed": 4400.798113107681, "delta": 51.54443693161011}, "costs": {"total_cost": 1252.9798466083637, "time_cost": 150, "final_distance_cost": 71.83310121178214, "oscillation_cost": 590.3203585724212, "completition_cost": 333.33333333333337, "overshoot_cost": 49.56587617101162, "power_cost": 28.36415134277344, "noise_cost": 29.563025977041608, "n_waypoints_completed": 6, "tot_waypoints": 9}}
{"target": -262.87627131856635, "params": {"k_pid_pos": [1.8899158919896282, 0.7472453543150929, 0.16598172531784966], "k_pid_alt": [1.6160932081346155, 0.0, 0.7698234974581977], "k_pid_att": [29.980311145996396, 5.700902045424991, 0.06903319873781005], "k_pid_yaw": [0.5, 1e-06, 0.1], "k_pid_hsp": [5.1095214282391, 0.0, 0.0], "k_pid_vsp": [191.44200999916507, 17.284746134052405, 1e-06]}, "datetime": {"datetime": "2025-08-13 11:01:51", "elapsed": 4439.674550771713, "delta": 38.87643766403198}, "costs": {"total_cost": 262.87627131856635, "time_cost": 87.45100000000001, "final_distance_cost": 1.7387770381893826, "oscillation_cost": 69.2433910324017, "completition_cost": 0.0, "overshoot_cost": 55.816667979272616, "power_cost": 22.37383582763672, "noise_cost": 26.25259944106593, "n_waypoints_completed": 9, "tot_waypoints": 9}}
{"target": -211.23995655869504, "params": {"k_pid_pos": [0.635924582656867, 0.3352410132122765, 0.8222118276871291], "k_pid_alt": [1.2608684954786673, 0.0, 1.0], "k_pid_att": [51.22998231032189, 3.877859743288637, 0.2644462282787684], "k_pid_yaw": [0.5, 1e-06, 0.1], "k_pid_hsp": [0.9205265895269437, 0.042318143935952075, 0.0], "k_pid_vsp": [333.31365973511646, 1e-06, 1e-06]}, "datetime": {"datetime": "2025-08-13 11:02:28", "elapsed": 4476.653264284134, "delta": 36.978713512420654}, "costs": {"total_cost": 211.23995655869504, "time_cost": 86.016, "final_distance_cost": 1.8428017059307307, "oscillation_cost": 29.759525884569015, "completition_cost": 0.0, "overshoot_cost": 52.52867523715329, "power_cost": 16.033310485839845, "noise_cost": 25.059643245202164, "n_waypoints_completed": 9, "tot_waypoints": 9}}
{"target": -210.31700059250753, "params": {"k_pid_pos": [1.212701451772491, 0.130022066847603, 0.1997589766508694], "k_pid_alt": [1.9539447624023794, 0.0, 0.8245076374141194], "k_pid_att": [39.645624229463955, 4.512310201025166, 0.28342385067487075], "k_pid_yaw": [0.5, 1e-06, 0.1], "k_pid_hsp": [0.04105337116547347, 0.0, 0.0], "k_pid_vsp": [151.7431952632282, 1e-06, 5.829379716153927]}, "datetime": {"datetime": "2025-08-13 11:03:06", "elapsed": 4514.580619335175, "delta": 37.92735505104065}, "costs": {"total_cost": 210.31700059250753, "time_cost": 85.813, "final_distance_cost": 1.7602949804001848, "oscillation_cost": 20.78780516677851, "completition_cost": 0.0, "overshoot_cost": 57.62017940772579, "power_cost": 18.277836328125, "noise_cost": 26.057884709478035, "n_waypoints_completed": 9, "tot_waypoints": 9}}
{"target": -219.18341349478325, "params": {"k_pid_pos": [0.4192740149181391, 0.20183713321245433, 0.1681021892648418], "k_pid_alt": [1.1190498638480104, 0.0, 0.9343917974778122], "k_pid_att": [58.596614100399435, 4.617449761794297, 0.17773009893697758], "k_pid_yaw": [0.5, 1e-06, 0.1], "k_pid_hsp": [0.08476713335858449, 0.0, 0.0], "k_pid_vsp": [213.0295759088698, 10.879061003333838, 1e-06]}, "datetime": {"datetime": "2025-08-13 11:03:48", "elapsed": 4556.614153385162, "delta": 42.03353404998779}, "costs": {"total_cost": 219.18341349478325, "time_cost": 96.264, "final_distance_cost": 1.8103388912477074, "oscillation_cost": 19.782654493126554, "completition_cost": 0.0, "overshoot_cost": 53.89568310350733, "power_cost": 19.461850598144533, "noise_cost": 27.968886408757133, "n_waypoints_completed": 9, "tot_waypoints": 9}}
{"target": -276.50522912671244, "params": {"k_pid_pos": [0.7825634470670076, 0.3657679737316917, 0.1792935839786489], "k_pid_alt": [1.526435564020886, 0.6809757211166805, 0.9010326851060009], "k_pid_att": [8.787460726927483, 4.079893588916843, 0.8804572811835698], "k_pid_yaw": [0.5, 1e-06, 0.1], "k_pid_hsp": [3.377622959336146, 0.06441829942504756, 0.023140922638046568], "k_pid_vsp": [184.44533196493842, 58.647533408434214, 36.1172301085286]}, "datetime": {"datetime": "2025-08-13 11:04:32", "elapsed": 4600.732680797577, "delta": 44.11852741241455}, "costs": {"total_cost": 276.50522912671244, "time_cost": 100.492, "final_distance_cost": 1.7418639832558698, "oscillation_cost": 52.282278719156444, "completition_cost": 0.0, "overshoot_cost": 58.70833558656691, "power_cost": 33.440331811523436, "noise_cost": 29.8404190262098, "n_waypoints_completed": 9, "tot_waypoints": 9}}
{"target": -293.94702417841705, "params": {"k_pid_pos": [1.5365038845091088, 0.14688118679126064, 0.13374364682510717], "k_pid_alt": [1.2723189552049319, 0.003845238125131656, 0.9555492556567377], "k_pid_att": [47.88438350365997, 5.59293634726737, 0.2146136703388039], "k_pid_yaw": [0.5, 1e-06, 0.1], "k_pid_hsp": [2.0034429239155225, 0.2337494346974039, 0.0], "k_pid_vsp": [245.65607465154977, 18.67104649002198, 35.96593477980967]}, "datetime": {"datetime": "2025-08-13 11:05:17", "elapsed": 4645.7186627388, "delta": 44.985981941223145}, "costs": {"total_cost": 293.94702417841705, "time_cost": 101.843, "final_distance_cost": 1.775894852626517, "oscillation_cost": 44.83725792034259, "completition_cost": 0.0, "overshoot_cost": 67.6176020500406, "power_cost": 37.164226135253905, "noise_cost": 40.70904322015342, "n_waypoints_completed": 9, "tot_waypoints": 9}}
{"target": -246.2351397106032, "params": {"k_pid_pos": [0.2681578295521811, 0.3508741168978361, 0.18003133074638136], "k_pid_alt": [1.6301957498393196, 0.0, 0.9875493007196371], "k_pid_att": [31.715836175178936, 3.764647738884877, 0.16680019952010763], "k_pid_yaw": [0.5, 1e-06, 0.1], "k_pid_hsp": [0.28548620140097913, 0.0, 0.0], "k_pid_vsp": [195.7853523565097, 1e-06, 1e-06]}, "datetime": {"datetime": "2025-08-13 11:06:04", "elapsed": 4692.358900308609, "delta": 46.64023756980896}, "costs": {"total_cost": 246.2351397106032, "time_cost": 107.47800000000001, "final_distance_cost": 1.8020330725451839, "oscillation_cost": 25.437058065150378, "completition_cost": 0.0, "overshoot_cost": 53.993374193286286, "power_cost": 25.22709462890625, "noise_cost": 32.29757975071508, "n_waypoints_completed": 9, "tot_waypoints": 9}}
{"target": -422.4955557279303, "params": {"k_pid_pos": [0.7678362201629922, 0.6225982300305898, 0.1917973600560777], "k_pid_alt": [1.9030309507191963, 0.0, 1.0], "k_pid_att": [18.72681137310817, 3.2764436652647855, 0.16105425580017757], "k_pid_yaw": [0.5, 1e-06, 0.1], "k_pid_hsp": [6.202067443674661, 0.0, 0.06800286290850008], "k_pid_vsp": [240.31843281194222, 20.591522672421213, 9.161126725751815]}, "datetime": {"datetime": "2025-08-13 11:06:40", "elapsed": 4728.755924940109, "delta": 36.397024631500244}, "costs": {"total_cost": 422.4955557279303, "time_cost": 83.615, "final_distance_cost": 1.7873261960508742, "oscillation_cost": 237.77181423125586, "completition_cost": 0.0, "overshoot_cost": 51.75033647098423, "power_cost": 23.9578072265625, "noise_cost": 23.61327160307685, "n_waypoints_completed": 9, "tot_waypoints": 9}}
{"target": -1174.3419688032618, "params": {"k_pid_pos": [0.7783956015418869, 0.19594341273238977, 0.20805572753573393], "k_pid_alt": [1.6192951846699017, 0.0, 1.0], "k_pid_att": [38.62957118479848, 4.212835579585326, 0.0], "k_pid_yaw": [0.5, 1e-06, 0.1], "k_pid_hsp": [0.0001, 0.02438585860903185, 0.0], "k_pid_vsp": [190.21712101006196, 16.28855121260085, 1e-06]}, "datetime": {"datetime": "2025-08-13 11:07:31", "elapsed": 4779.603665590286, "delta": 50.847740650177}, "costs": {"total_cost": 1174.3419688032618, "time_cost": 150, "final_distance_cost": 88.91968070557704, "oscillation_cost": 20.69033621475465, "completition_cost": 777.7777777777778, "overshoot_cost": 88.8184713619089, "power_cost": 16.727674926757814, "noise_cost": 31.408027816485642, "n_waypoints_completed": 2, "tot_waypoints": 9}}
{"target": -6476.578684802477, "params": {"k_pid_pos": [0.6973297007701267, 0.030870332659809485, 0.4384381653786742], "k_pid_alt": [1.324952268975088, 0.05610620105313964, 0.8451838686784914], "k_pid_att": [0.0, 4.623996488329928, 0.06659152109747715], "k_pid_yaw": [0.5, 1e-06, 0.1], "k_pid_hsp": [10.0, 1.0, 0.9326131466689651], "k_pid_vsp": [167.7980226851655, 319.87656957154354, 230.2070143037214]}, "datetime": {"datetime": "2025-08-13 11:08:24", "elapsed": 4832.50165605545, "delta": 52.897990465164185}, "costs": {"total_cost": 6476.578684802477, "time_cost": 150, "final_distance_cost": 417.98684293618976, "oscillation_cost": 2202.735945682094, "completition_cost": 1000.0, "overshoot_cost": 2494.702747071132, "power_cost": 58.1810451171875, "noise_cost": 152.9721039958737, "n_waypoints_completed": 0, "tot_waypoints": 9}}
{"target": -229.98256871564308, "params": {"k_pid_pos": [0.6363947406613053, 0.19686147017408992, 0.2529707435426676], "k_pid_alt": [1.3324145090572845, 0.024446640425490662, 1.0], "k_pid_att": [39.47207968886829, 3.548688347923833, 0.1362676358884759], "k_pid_yaw": [0.5, 1e-06, 0.1], "k_pid_hsp": [0.1141333338570148, 0.11338149398383104, 0.0], "k_pid_vsp": [221.51463694149606, 2.5923419048922502, 1e-06]}, "datetime": {"datetime": "2025-08-13 11:09:03", "elapsed": 4871.962556600571, "delta": 39.46090054512024}, "costs": {"total_cost": 229.98256871564308, "time_cost": 89.026, "final_distance_cost": 1.8448133152110593, "oscillation_cost": 42.600176987176475, "completition_cost": 0.0, "overshoot_cost": 53.09248590012309, "power_cost": 17.020850927734376, "noise_cost": 26.3982415853981, "n_waypoints_completed": 9, "tot_waypoints": 9}}
{"target": -678.6799609602583, "params": {"k_pid_pos": [0.47712593163771244, 0.3650513219476147, 0.19143084464216614], "k_pid_alt": [1.4662005756147742, 0.5989739719498688, 0.9031374533470167], "k_pid_att": [46.92929661197412, 3.6959993900926293, 0.22280209720942445], "k_pid_yaw": [0.5, 1e-06, 0.1], "k_pid_hsp": [4.462163744212884, 0.0, 0.3573842662101452], "k_pid_vsp": [196.58004132683004, 1e-06, 61.34065194472413]}, "datetime": {"datetime": "2025-08-13 11:09:49", "elapsed": 4916.992609262466, "delta": 45.03005266189575}, "costs": {"total_cost": 678.6799609602583, "time_cost": 103.642, "final_distance_cost": 1.772793730207259, "oscillation_cost": 460.2648960986793, "completition_cost": 0.0, "overshoot_cost": 58.41900510500102, "power_cost": 28.472769372558595, "noise_cost": 26.108496653812182, "n_waypoints_completed": 9, "tot_waypoints": 9}}
{"target": -1224.037475856577, "params": {"k_pid_pos": [0.41126172353732326, 0.18498907752391533, 0.07505713453879533], "k_pid_alt": [1.5173633946543634, 0.0, 0.9592038319014389], "k_pid_att": [40.633380382876396, 2.8347973268426125, 0.17817423085581635], "k_pid_yaw": [0.5, 1e-06, 0.1], "k_pid_hsp": [0.0001, 0.0, 0.0], "k_pid_vsp": [153.60242474019526, 1e-06, 7.326957908104571]}, "datetime": {"datetime": "2025-08-13 11:10:40", "elapsed": 4968.789200544357, "delta": 51.79659128189087}, "costs": {"total_cost": 1224.037475856577, "time_cost": 150, "final_distance_cost": 46.29705145183639, "oscillation_cost": 2.8564432821268326, "completition_cost": 888.8888888888888, "overshoot_cost": 88.69705867858157, "power_cost": 15.835652734375001, "noise_cost": 31.462380820768598, "n_waypoints_completed": 1, "tot_waypoints": 9}}
{"target": -1314.6405413472646, "params": {"k_pid_pos": [0.43526465030275374, 0.0, 0.1838251196768326], "k_pid_alt": [1.529826349131291, 0.049072078704984604, 1.0], "k_pid_att": [39.86241619555707, 3.7232760963370146, 0.08281957124894052], "k_pid_yaw": [0.5, 1e-06, 0.1], "k_pid_hsp": [0.0001, 0.15752846635999196, 0.0], "k_pid_vsp": [171.1919399636292, 25.975446600049168, 1e-06]}, "datetime": {"datetime": "2025-08-13 11:11:32", "elapsed": 5020.894052267075, "delta": 52.104851722717285}, "costs": {"total_cost": 1314.6405413472646, "time_cost": 150, "final_distance_cost": 93.09528819542028, "oscillation_cost": 131.1832442866744, "completition_cost": 777.7777777777778, "overshoot_cost": 95.39393653928892, "power_cost": 31.9048201171875, "noise_cost": 35.28547443091561, "n_waypoints_completed": 2, "tot_waypoints": 9}}
{"target": -244.0960067615944, "params": {"k_pid_pos": [2.0, 0.18460228593678074, 0.1485135157085496], "k_pid_alt": [1.2253752595901461, 0.5807877250525437, 0.3608347658335112], "k_pid_att": [44.4529210634695, 8.169153475492472, 0.4643822609548751], "k_pid_yaw": [0.5, 1e-06, 0.1], "k_pid_hsp": [2.1906368480255294, 0.10342686381604171, 0.0], "k_pid_vsp": [176.98254435638523, 51.329646816810815, 42.76917566763665]}, "datetime": {"datetime": "2025-08-13 11:12:10", "elapsed": 5058.900262594223, "delta": 38.00621032714844}, "costs": {"total_cost": 244.0960067615944, "time_cost": 87.507, "final_distance_cost": 1.7338929026969407, "oscillation_cost": 50.229144371378666, "completition_cost": 0.0, "overshoot_cost": 54.887812762533265, "power_cost": 25.838108813476563, "noise_cost": 23.900047911508974, "n_waypoints_completed": 9, "tot_waypoints": 9}}
{"target": -942.5540402127838, "params": {"k_pid_pos": [0.29538191642480455, 0.47188040052668134, 0.29128675916759206], "k_pid_alt": [1.250009720568174, 0.0, 0.8773378675219217], "k_pid_att": [14.28574261005221, 6.670563480497144, 0.21590602630956673], "k_pid_yaw": [0.5, 1e-06, 0.1], "k_pid_hsp": [2.7726246782115744, 0.30190658719783825, 0.6113115771192095], "k_pid_vsp": [306.3327760741261, 75.52793611035503, 1e-06]}, "datetime": {"datetime": "2025-08-13 11:13:02", "elapsed": 5110.208462715149, "delta": 51.3082001209259}, "costs": {"total_cost": 942.5540402127838, "time_cost": 150, "final_distance_cost": 75.46581300322538, "oscillation_cost": 383.864348864089, "completition_cost": 222.2222222222222, "overshoot_cost": 50.94798343745392, "power_cost": 27.942232958984377, "noise_cost": 32.111439726808946, "n_waypoints_completed": 7, "tot_waypoints": 9}}
{"target": -196.5688306123178, "params": {"k_pid_pos": [1.0050270184095993, 0.21448801154537414, 0.018084373147798552], "k_pid_alt": [1.4194153614435567, 0.0, 0.7239757552324], "k_pid_att": [25.810224512246343, 3.903010862537144, 0.2783723996692481], "k_pid_yaw": [0.5, 1e-06, 0.1], "k_pid_hsp": [1.495518517869391, 0.0, 0.0], "k_pid_vsp": [262.7670035266764, 15.337518900715684, 1e-06]}, "datetime": {"datetime": "2025-08-13 11:13:36", "elapsed": 5144.056926012039, "delta": 33.84846329689026}, "costs": {"total_cost": 196.5688306123178, "time_cost": 76.349, "final_distance_cost": 1.82828015485078, "oscillation_cost": 31.4515929321286, "completition_cost": 0.0, "overshoot_cost": 51.23822712264897, "power_cost": 13.866744580078125, "noise_cost": 21.834985822611344, "n_waypoints_completed": 9, "tot_waypoints": 9}}
{"target": -1196.4623170744164, "params": {"k_pid_pos": [0.05764895682312764, 0.12858586525651525, 0.0], "k_pid_alt": [1.8384749311605089, 0.0, 1.0], "k_pid_att": [29.823224587360645, 4.2313713250079354, 0.0], "k_pid_yaw": [0.5, 1e-06, 0.1], "k_pid_hsp": [0.07641091487794055, 0.0, 0.0], "k_pid_vsp": [175.86510572316845, 22.745354513203818, 1e-06]}, "datetime": {"datetime": "2025-08-13 11:14:28", "elapsed": 5196.070931196213, "delta": 52.014005184173584}, "costs": {"total_cost": 1196.4623170744164, "time_cost": 150, "final_distance_cost": 67.94056610004661, "oscillation_cost": 12.541109749070495, "completition_cost": 888.8888888888888, "overshoot_cost": 29.46286878743649, "power_cost": 16.20890078125, "noise_cost": 31.419982767724054, "n_waypoints_completed": 1, "tot_waypoints": 9}}
{"target": -1589.3678191601425, "params": {"k_pid_pos": [1.9735373214372833, 0.03954364092559737, 0.0], "k_pid_alt": [0.40247524593782363, 0.378596115334297, 0.9750107901415536], "k_pid_att": [41.7980110150439, 6.09578128224802, 0.17534615337492265], "k_pid_yaw": [0.5, 1e-06, 0.1], "k_pid_hsp": [0.0001, 0.8101858551160117, 0.6490081028685168], "k_pid_vsp": [301.2135241505794, 400.0, 15.51569405238469]}, "datetime": {"datetime": "2025-08-13 11:15:21", "elapsed": 5249.820322751999, "delta": 53.74939155578613}, "costs": {"total_cost": 1589.3678191601425, "time_cost": 150, "final_distance_cost": 42.61911882439399, "oscillation_cost": 663.1985843411238, "completition_cost": 555.5555555555555, "overshoot_cost": 83.04195124157914, "power_cost": 46.96527731933594, "noise_cost": 47.98733187815403, "n_waypoints_completed": 4, "tot_waypoints": 9}}
{"target": -958.3946428755715, "params": {"k_pid_pos": [0.42739965906000954, 0.19760254992121878, 0.3295603547600673], "k_pid_alt": [1.4750265057144425, 0.3897523689607411, 0.8425927364129656], "k_pid_att": [30.924899005449394, 8.071204326116849, 0.19101184277319413], "k_pid_yaw": [0.5, 1e-06, 0.1], "k_pid_hsp": [2.24238993324741, 0.7481016241845857, 0.8751444225976825], "k_pid_vsp": [247.4119966686194, 20.714960571512215, 45.074328007190545]}, "datetime": {"datetime": "2025-08-13 11:16:15", "elapsed": 5303.320600748062, "delta": 53.50027799606323}, "costs": {"total_cost": 958.3946428755715, "time_cost": 150, "final_distance_cost": 22.51173924340591, "oscillation_cost": 564.1024379624934, "completition_cost": 111.11111111111116, "overshoot_cost": 57.065958758720946, "power_cost": 27.317698498535158, "noise_cost": 26.28569730130499, "n_waypoints_completed": 8, "tot_waypoints": 9}}
{"target": -205.0420898987222, "params": {"k_pid_pos": [0.49275800590297264, 0.18848155022322047, 0.17888737446852812], "k_pid_alt": [1.515427128667956, 0.0, 0.949345597264735], "k_pid_att": [39.447728079683905, 3.8677381495188174, 0.1845336041603497], "k_pid_yaw": [0.5, 1e-06, 0.1], "k_pid_hsp": [0.09847755819799779, 0.011264223901387349, 0.0], "k_pid_vsp": [194.7624155113164, 20.0, 10.0]}, "datetime": {"datetime": "2025-08-13 11:16:51", "elapsed": 5339.533616304398, "delta": 36.21301555633545}, "costs": {"total_cost": 205.0420898987222, "time_cost": 82.46000000000001, "final_distance_cost": 1.8043124983106302, "oscillation_cost": 21.85507853230931, "completition_cost": 0.0, "overshoot_cost": 52.82322086403802, "power_cost": 23.180258227539063, "noise_cost": 22.91921977652516, "n_waypoints_completed": 9, "tot_waypoints": 9}}
{"target": -1637.1093693070702, "params": {"k_pid_pos": [0.459378187386565, 0.3515933409755274, 0.10410977706255124], "k_pid_alt": [1.5570948621421723, 0.002455158553521436, 0.9415156882820996], "k_pid_att": [42.53980104895184, 2.4149467130598703, 0.3533338627965883], "k_pid_yaw": [0.5, 1e-06, 0.1], "k_pid_hsp": [0.05855701589514144, 0.0, 0.24298168953560584], "k_pid_vsp": [271.461633548175, 32.902025986071266, 186.13583942039736]}, "datetime": {"datetime": "2025-08-13 11:17:43", "elapsed": 5391.8264791965485, "delta": 52.29286289215088}, "costs": {"total_cost": 1637.1093693070702, "time_cost": 150, "final_distance_cost": 47.801696300565816, "oscillation_cost": 598.3823710567897, "completition_cost": 666.6666666666667, "overshoot_cost": 102.51654100788717, "power_cost": 41.54349501953125, "noise_cost": 30.198599255629738, "n_waypoints_completed": 3, "tot_waypoints": 9}}
{"target": -208.92847128461582, "params": {"k_pid_pos": [0.6970045402991796, 0.04943306563477237, 0.12538832927759552], "k_pid_alt": [1.5879104462773175, 0.0, 1.0], "k_pid_att": [39.73340630999374, 4.095952565637619, 0.18267998369719496], "k_pid_yaw": [0.5, 1e-06, 0.1], "k_pid_hsp": [2.714193102472207, 0.0, 0.0], "k_pid_vsp": [231.78414221416122, 1e-06, 1e-06]}, "datetime": {"datetime": "2025-08-13 11:18:19", "elapsed": 5427.531275510788, "delta": 35.7047963142395}, "costs": {"total_cost": 208.92847128461582, "time_cost": 79.03, "final_distance_cost": 1.8443504002866333, "oscillation_cost": 41.53439478822607, "completition_cost": 0.0, "overshoot_cost": 51.60217834073883, "power_cost": 12.344668676757813, "noise_cost": 22.57287907860649, "n_waypoints_completed": 9, "tot_waypoints": 9}}
