{"target": -1267.8921515481952, "params": {"k_pid_pos": [0.5027462516414705, 0.12075348265478052, 0.25439559765058495], "k_pid_alt": [1.3563690801083523, 0.08248534447803695, 0.8494029327629185], "k_pid_att": [39.49002478484087, 3.957721507728868, 0.18405222323524995], "k_pid_yaw": [0.5, 1e-06, 0.1], "k_pid_hsp": [8.188567348996385, 0.4660327877868575, 0.6889175905269604], "k_pid_vsp": [173.6837803505894, 1e-06, 165.60070615139585]}, "datetime": {"datetime": "2025-08-13 10:11:10", "elapsed": 1398.4643833637238, "delta": 35.263599157333374}, "costs": {"total_cost": 1267.8921515481952, "time_cost": 150, "final_distance_cost": 73.11813051734046, "oscillation_cost": 598.1999729927253, "completition_cost": 333.33333333333337, "overshoot_cost": 50.17735571665269, "power_cost": 34.16173582763672, "noise_cost": 28.901623160506748, "n_waypoints_completed": 6, "tot_waypoints": 9}}
{"target": -1590.3513807587988, "params": {"k_pid_pos": [0.0001, 0.16688361477300037, 0.1688357459013315], "k_pid_alt": [1.0454128408274959, 0.34294981590872775, 1.0], "k_pid_att": [39.368252189669235, 4.712283540939712, 0.15144168095076105], "k_pid_yaw": [0.5, 1e-06, 0.1], "k_pid_hsp": [0.0001, 0.25235221648411754, 0.07636470935033352], "k_pid_vsp": [167.77597028503766, 26.56566797628085, 78.11914188160283]}, "datetime": {"datetime": "2025-08-13 10:11:38", "elapsed": 1426.317710161209, "delta": 27.85332679748535}, "costs": {"total_cost": 1590.3513807587988, "time_cost": 150, "final_distance_cost": 72.39368265762654, "oscillation_cost": 442.3781141536642, "completition_cost": 777.7777777777778, "overshoot_cost": 95.03234122966289, "power_cost": 26.554299743652344, "noise_cost": 26.215165196414937, "n_waypoints_completed": 2, "tot_waypoints": 9}}
{"target": -678.6895856661827, "params": {"k_pid_pos": [0.5552479372452349, 0.3167673966076253, 0.06530904832887496], "k_pid_alt": [1.783500560577377, 0.7101733988864138, 0.9167195903856487], "k_pid_att": [43.73312715748406, 3.9823692086430817, 0.09373413286308574], "k_pid_yaw": [0.5, 1e-06, 0.1], "k_pid_hsp": [6.7453416027544595, 0.0, 0.6647845979823878], "k_pid_vsp": [202.3661903137549, 1e-06, 84.85343235524543]}, "datetime": {"datetime": "2025-08-13 10:12:07", "elapsed": 1455.0748810768127, "delta": 28.757170915603638}, "costs": {"total_cost": 678.6895856661827, "time_cost": 107.61800000000001, "final_distance_cost": 1.802814989490145, "oscillation_cost": 450.95828039436486, "completition_cost": 0.0, "overshoot_cost": 59.1204918380205, "power_cost": 32.63688798828125, "noise_cost": 26.55311045602597, "n_waypoints_completed": 9, "tot_waypoints": 9}}
{"target": -1829.6374085660532, "params": {"k_pid_pos": [0.6605404085470281, 0.1919463102590733, 0.16379988771551746], "k_pid_alt": [1.519747158429651, 0.0, 1.0], "k_pid_att": [32.70233594344038, 6.773175526994973, 0.19371380496400986], "k_pid_yaw": [0.5, 1e-06, 0.1], "k_pid_hsp": [0.0001, 0.07717562459298974, 0.29551411110800174], "k_pid_vsp": [240.33126985935672, 220.69940075103486, 7.455399182021097]}, "datetime": {"datetime": "2025-08-13 10:12:36", "elapsed": 1484.3851027488708, "delta": 29.310221672058105}, "costs": {"total_cost": 1829.6374085660532, "time_cost": 150, "final_distance_cost": 77.41036694546074, "oscillation_cost": 748.8702785671204, "completition_cost": 666.6666666666667, "overshoot_cost": 123.51477018353249, "power_cost": 32.90223248291016, "noise_cost": 30.273093720362635, "n_waypoints_completed": 3, "tot_waypoints": 9}}
{"target": -1332.042833254118, "params": {"k_pid_pos": [1.4790986624323983, 0.8860213887691967, 0.2533253873071866], "k_pid_alt": [1.3995811140158076, 0.0, 0.6335768569735635], "k_pid_att": [38.96534305353808, 3.4495630763211778, 0.4746799990046267], "k_pid_yaw": [0.5, 1e-06, 0.1], "k_pid_hsp": [3.6550425411021203, 0.0, 0.0], "k_pid_vsp": [218.69847141454963, 1e-06, 207.85915670405427]}, "datetime": {"datetime": "2025-08-13 10:13:05", "elapsed": 1513.1217539310455, "delta": 28.736651182174683}, "costs": {"total_cost": 1332.042833254118, "time_cost": 150, "final_distance_cost": 51.61924581090413, "oscillation_cost": 23.78381680435769, "completition_cost": 888.8888888888888, "overshoot_cost": 119.49414646651269, "power_cost": 32.62112224121094, "noise_cost": 65.63561304224362, "n_waypoints_completed": 1, "tot_waypoints": 9}}
{"target": -1655.5585450066246, "params": {"k_pid_pos": [0.17133723135506762, 0.16082836564603412, 0.2088885221870062], "k_pid_alt": [0.45121452591181144, 0.01295350008707663, 0.7758445290407718], "k_pid_att": [55.04499185085898, 2.978438610572839, 0.11543971295656055], "k_pid_yaw": [0.5, 1e-06, 0.1], "k_pid_hsp": [0.0001, 0.5458281494265066, 0.1809346120591528], "k_pid_vsp": [193.98248537737058, 79.90883850652045, 4.5847928365836665]}, "datetime": {"datetime": "2025-08-13 10:13:33", "elapsed": 1541.3130395412445, "delta": 28.191285610198975}, "costs": {"total_cost": 1655.5585450066246, "time_cost": 150, "final_distance_cost": 51.32962631284091, "oscillation_cost": 724.7484002019497, "completition_cost": 555.5555555555555, "overshoot_cost": 107.62397616543369, "power_cost": 36.032118408203125, "noise_cost": 30.268868362641566, "n_waypoints_completed": 4, "tot_waypoints": 9}}
{"target": -2226.434304137288, "params": {"k_pid_pos": [0.4499618905505328, 0.5831455643967813, 0.21873897740827225], "k_pid_alt": [1.5266428972176678, 0.6573601249045371, 0.5536277039497999], "k_pid_att": [76.3666072655587, 2.5227819280473973, 0.19354492773581777], "k_pid_yaw": [0.5, 1e-06, 0.1], "k_pid_hsp": [2.818258753273758, 0.0, 0.21178670608571049], "k_pid_vsp": [247.85147283042517, 8.952681786561435, 310.74851109584114]}, "datetime": {"datetime": "2025-08-13 10:14:05", "elapsed": 1573.890084028244, "delta": 32.57704448699951}, "costs": {"total_cost": 2226.434304137288, "time_cost": 150, "final_distance_cost": 141.85321838899793, "oscillation_cost": 659.9751920728054, "completition_cost": 1000.0, "overshoot_cost": 220.84299058264602, "power_cost": 26.27651258544922, "noise_cost": 27.486390507389462, "n_waypoints_completed": 0, "tot_waypoints": 9}}
{"target": -216.80882449488354, "params": {"k_pid_pos": [0.9637932188516056, 0.18287239014292112, 0.46213686802433085], "k_pid_alt": [1.5630594671301297, 0.0, 0.528446660105752], "k_pid_att": [75.59760289832636, 3.1117866591202814, 0.2038916626057125], "k_pid_yaw": [0.5, 1e-06, 0.1], "k_pid_hsp": [3.6319747058616207, 0.0, 0.0], "k_pid_vsp": [167.7124817234506, 25.11146173894889, 1e-06]}, "datetime": {"datetime": "2025-08-13 10:14:27", "elapsed": 1595.5948309898376, "delta": 21.704746961593628}, "costs": {"total_cost": 216.80882449488354, "time_cost": 76.048, "final_distance_cost": 1.841100704585608, "oscillation_cost": 50.005595190995756, "completition_cost": 0.0, "overshoot_cost": 52.240769291898545, "power_cost": 14.20609891357422, "noise_cost": 22.46726039382942, "n_waypoints_completed": 9, "tot_waypoints": 9}}
{"target": -1271.4102337256102, "params": {"k_pid_pos": [1.1488371083963873, 0.2562525345481752, 0.7349543596658333], "k_pid_alt": [1.9051835038019367, 0.11589939663344762, 0.8182968854847701], "k_pid_att": [49.34119146732271, 2.82253973514354, 0.220355405423306], "k_pid_yaw": [0.5, 1e-06, 0.1], "k_pid_hsp": [0.023718349018823137, 0.0, 0.05903399962887497], "k_pid_vsp": [253.4427906161671, 39.1734923462614, 62.46473188740816]}, "datetime": {"datetime": "2025-08-13 10:15:01", "elapsed": 1629.1169092655182, "delta": 33.52207827568054}, "costs": {"total_cost": 1271.4102337256102, "time_cost": 150, "final_distance_cost": 46.895734000059946, "oscillation_cost": 499.2919429293975, "completition_cost": 444.4444444444444, "overshoot_cost": 68.134124725594, "power_cost": 34.511812719726564, "noise_cost": 28.132174906388023, "n_waypoints_completed": 5, "tot_waypoints": 9}}
{"target": -1645.7636212881403, "params": {"k_pid_pos": [0.17199962797868773, 0.17265437278773957, 0.17948085744584824], "k_pid_alt": [0.21468055867183622, 0.0, 0.8885332292314657], "k_pid_att": [45.46408274354664, 4.476261159649338, 0.05811391132096482], "k_pid_yaw": [0.5, 1e-06, 0.1], "k_pid_hsp": [7.552289347738597, 0.0, 0.12044735002385754], "k_pid_vsp": [275.88588841303977, 1e-06, 8.313853996036745]}, "datetime": {"datetime": "2025-08-13 10:15:43", "elapsed": 1671.857809305191, "delta": 42.74090003967285}, "costs": {"total_cost": 1645.7636212881403, "time_cost": 150, "final_distance_cost": 44.53468712981156, "oscillation_cost": 787.2575756291766, "completition_cost": 555.5555555555555, "overshoot_cost": 49.07802406128554, "power_cost": 30.339272314453126, "noise_cost": 28.99850659785782, "n_waypoints_completed": 4, "tot_waypoints": 9}}
{"target": -2040.9710451188603, "params": {"k_pid_pos": [0.518018533373056, 0.14280975012439007, 0.21424932684496317], "k_pid_alt": [1.523373794769476, 0.2761367715820968, 0.8660262366846323], "k_pid_att": [44.62646849721115, 4.832516187392754, 0.18583880739345424], "k_pid_yaw": [0.5, 1e-06, 0.1], "k_pid_hsp": [0.0001, 0.07357097541819169, 0.35535454392885946], "k_pid_vsp": [216.94907148479618, 20.6724753316984, 204.51732433771542]}, "datetime": {"datetime": "2025-08-13 10:16:16", "elapsed": 1704.057773590088, "delta": 32.19996428489685}, "costs": {"total_cost": 2040.9710451188603, "time_cost": 150, "final_distance_cost": 62.058468860545396, "oscillation_cost": 791.6393812324984, "completition_cost": 888.8888888888888, "overshoot_cost": 91.48463248985736, "power_cost": 29.691677197265626, "noise_cost": 27.20799644980451, "n_waypoints_completed": 1, "tot_waypoints": 9}}
{"target": -192.6351722317882, "params": {"k_pid_pos": [0.49275800590297264, 0.18848155022322047, 0.17888737446852812], "k_pid_alt": [1.515427128667956, 0.0, 0.949345597264735], "k_pid_att": [39.447728079683905, 3.8677381495188174, 0.1845336041603497], "k_pid_yaw": [0.5, 1e-06, 0.1], "k_pid_hsp": [0.09847755819799779, 0.011264223901387349, 0.0], "k_pid_vsp": [194.7624155113164, 20.0, 10.0]}, "datetime": {"datetime": "2025-08-13 10:16:38", "elapsed": 1726.9669280052185, "delta": 22.909154415130615}, "costs": {"total_cost": 192.6351722317882, "time_cost": 82.131, "final_distance_cost": 1.8196831106886888, "oscillation_cost": 22.504075255027388, "completition_cost": 0.0, "overshoot_cost": 52.352124424489986, "power_cost": 13.220439099121094, "noise_cost": 20.607850342461052, "n_waypoints_completed": 9, "tot_waypoints": 9}}
{"target": -1229.0908465366904, "params": {"k_pid_pos": [0.5096249256843033, 0.04817510722675217, 0.2571461896979965], "k_pid_alt": [1.4720256137408243, 0.0, 1.0], "k_pid_att": [44.35823110131715, 0.0001, 0.0], "k_pid_yaw": [0.5, 1e-06, 0.1], "k_pid_hsp": [0.0001, 0.0, 0.0], "k_pid_vsp": [389.56945467384844, 1e-06, 1e-06]}, "datetime": {"datetime": "2025-08-13 10:17:25", "elapsed": 1773.7092962265015, "delta": 46.74236822128296}, "costs": {"total_cost": 1229.0908465366904, "time_cost": 150, "final_distance_cost": 45.67958414156146, "oscillation_cost": 11.833996212475979, "completition_cost": 888.8888888888888, "overshoot_cost": 78.61360682884714, "power_cost": 21.200986950683596, "noise_cost": 32.87378351423364, "n_waypoints_completed": 1, "tot_waypoints": 9}}
{"target": -294.35122529785787, "params": {"k_pid_pos": [0.29703725870857367, 0.0, 0.0], "k_pid_alt": [2.0, 0.0, 1.0], "k_pid_att": [59.16830825757685, 3.857898059920221, 0.15726894556348348], "k_pid_yaw": [0.5, 1e-06, 0.1], "k_pid_hsp": [4.512899836359513, 0.0, 0.0], "k_pid_vsp": [194.6622140062331, 1e-06, 1e-06]}, "datetime": {"datetime": "2025-08-13 10:17:54", "elapsed": 1802.6752512454987, "delta": 28.965955018997192}, "costs": {"total_cost": 294.35122529785787, "time_cost": 107.429, "final_distance_cost": 1.8605570899323687, "oscillation_cost": 66.9404242017971, "completition_cost": 0.0, "overshoot_cost": 56.824919707806224, "power_cost": 24.954649731445315, "noise_cost": 36.34167456687684, "n_waypoints_completed": 9, "tot_waypoints": 9}}
{"target": -1253.394945626612, "params": {"k_pid_pos": [0.8476896352824298, 0.20138067513901534, 0.1325007956632382], "k_pid_alt": [1.6156373441107956, 0.0, 1.0], "k_pid_att": [44.70280437067845, 0.0001, 0.0], "k_pid_yaw": [0.5, 1e-06, 0.1], "k_pid_hsp": [0.0001, 0.0, 0.0], "k_pid_vsp": [212.39786004754728, 4.833892811439377, 1e-06]}, "datetime": {"datetime": "2025-08-13 10:18:24", "elapsed": 1832.7693436145782, "delta": 30.09409236907959}, "costs": {"total_cost": 1253.394945626612, "time_cost": 150, "final_distance_cost": 48.47349408025755, "oscillation_cost": 11.391763346318383, "completition_cost": 888.8888888888888, "overshoot_cost": 104.7294418454182, "power_cost": 17.805881286621094, "noise_cost": 32.10547617910784, "n_waypoints_completed": 1, "tot_waypoints": 9}}
{"target": -1250.7108234792017, "params": {"k_pid_pos": [0.0001, 0.03791394928661812, 0.09775096979664344], "k_pid_alt": [1.508912278369249, 0.15862900491289017, 1.0], "k_pid_att": [30.435781375410205, 4.122794513515891, 0.28384305203620597], "k_pid_yaw": [0.5, 1e-06, 0.1], "k_pid_hsp": [1.576063426036236, 0.0, 0.0], "k_pid_vsp": [97.59333090226292, 1e-06, 1.328704342321263]}, "datetime": {"datetime": "2025-08-13 10:18:56", "elapsed": 1864.0241529941559, "delta": 31.254809379577637}, "costs": {"total_cost": 1250.7108234792017, "time_cost": 150, "final_distance_cost": 50.213626939259505, "oscillation_cost": 1.604298776976674, "completition_cost": 888.8888888888888, "overshoot_cost": 108.18156888369342, "power_cost": 19.63760417480469, "noise_cost": 32.184835815578744, "n_waypoints_completed": 1, "tot_waypoints": 9}}
{"target": -1220.279521096574, "params": {"k_pid_pos": [0.43459544854320165, 0.09475285554246625, 0.0], "k_pid_alt": [1.3165373053413871, 0.48389720345251197, 1.0], "k_pid_att": [38.900453013779185, 0.10910276005544839, 0.19385526304718423], "k_pid_yaw": [0.5, 1e-06, 0.1], "k_pid_hsp": [0.0001, 0.0, 0.0], "k_pid_vsp": [193.1865629688298, 1e-06, 1e-06]}, "datetime": {"datetime": "2025-08-13 10:19:32", "elapsed": 1900.2768087387085, "delta": 36.25265574455261}, "costs": {"total_cost": 1220.279521096574, "time_cost": 150, "final_distance_cost": 45.746877869318205, "oscillation_cost": 0.2393431210324352, "completition_cost": 888.8888888888888, "overshoot_cost": 79.36866028928891, "power_cost": 22.775038244628906, "noise_cost": 33.26071268341652, "n_waypoints_completed": 1, "tot_waypoints": 9}}
{"target": -1270.0561321498142, "params": {"k_pid_pos": [0.5724913540815304, 0.5088578526978711, 0.1969692900860957], "k_pid_alt": [1.248120878742069, 0.16225172170490054, 0.8431338097845744], "k_pid_att": [37.754072371456886, 2.6082603131906374, 0.15304146733827914], "k_pid_yaw": [0.5, 1e-06, 0.1], "k_pid_hsp": [0.0001, 0.19785719237804245, 0.0], "k_pid_vsp": [188.71433848164207, 1e-06, 1e-06]}, "datetime": {"datetime": "2025-08-13 10:20:07", "elapsed": 1935.726655960083, "delta": 35.44984722137451}, "costs": {"total_cost": 1270.0561321498142, "time_cost": 150, "final_distance_cost": 82.9929047156463, "oscillation_cost": 110.44233778633088, "completition_cost": 777.7777777777778, "overshoot_cost": 84.83546591546823, "power_cost": 29.011297753906252, "noise_cost": 34.99634820068478, "n_waypoints_completed": 2, "tot_waypoints": 9}}
{"target": -1180.6720587670989, "params": {"k_pid_pos": [0.3614682761350524, 0.0, 0.12371895677298324], "k_pid_alt": [2.0, 0.0, 1.0], "k_pid_att": [36.44522092201047, 3.5700169296031157, 0.07221511241864986], "k_pid_yaw": [0.5, 1e-06, 0.1], "k_pid_hsp": [0.0001, 0.0, 0.0], "k_pid_vsp": [94.3579710054761, 1e-06, 1e-06]}, "datetime": {"datetime": "2025-08-13 10:20:38", "elapsed": 1966.6101098060608, "delta": 30.883453845977783}, "costs": {"total_cost": 1180.6720587670989, "time_cost": 150, "final_distance_cost": 45.01029234030381, "oscillation_cost": 2.1656390762679685, "completition_cost": 888.8888888888888, "overshoot_cost": 35.78395196203008, "power_cost": 24.81477020263672, "noise_cost": 34.0085162969713, "n_waypoints_completed": 1, "tot_waypoints": 9}}
{"target": -1321.863949536749, "params": {"k_pid_pos": [0.32350022919932736, 0.0, 0.10851070974559968], "k_pid_alt": [1.4753121020977222, 0.020560375675587324, 0.9392248651429157], "k_pid_att": [42.12977084453322, 5.075891408648073, 0.14005612963662373], "k_pid_yaw": [0.5, 1e-06, 0.1], "k_pid_hsp": [0.0001, 0.1192066097410521, 0.0], "k_pid_vsp": [201.15511290315357, 79.4724676609246, 1e-06]}, "datetime": {"datetime": "2025-08-13 10:21:08", "elapsed": 1996.7698130607605, "delta": 30.159703254699707}, "costs": {"total_cost": 1321.863949536749, "time_cost": 150, "final_distance_cost": 92.78250315407409, "oscillation_cost": 121.79243660346215, "completition_cost": 777.7777777777778, "overshoot_cost": 95.66019424082995, "power_cost": 46.29175336914063, "noise_cost": 37.55928439146434, "n_waypoints_completed": 2, "tot_waypoints": 9}}
{"target": -1249.7824807781947, "params": {"k_pid_pos": [0.8285718196553469, 0.23079498443910573, 0.018762581332508466], "k_pid_alt": [1.5076305875856315, 0.0, 1.0], "k_pid_att": [45.14641915608427, 0.0001, 0.45424103006097205], "k_pid_yaw": [0.5, 1e-06, 0.1], "k_pid_hsp": [0.0001, 0.0, 0.0], "k_pid_vsp": [187.7199782208648, 1e-06, 11.124564218498357]}, "datetime": {"datetime": "2025-08-13 10:21:38", "elapsed": 2026.474059343338, "delta": 29.704246282577515}, "costs": {"total_cost": 1249.7824807781947, "time_cost": 150, "final_distance_cost": 48.4918473610771, "oscillation_cost": 0.6099494290200962, "completition_cost": 888.8888888888888, "overshoot_cost": 105.41913101891816, "power_cost": 29.49624774169922, "noise_cost": 26.87641633859112, "n_waypoints_completed": 1, "tot_waypoints": 9}}
{"target": -1289.8235575672254, "params": {"k_pid_pos": [0.16524377990261363, 0.0, 0.15590687116961396], "k_pid_alt": [1.2487440912816778, 0.0, 0.9240236366755866], "k_pid_att": [46.0974123805158, 2.134328658900298, 0.0], "k_pid_yaw": [0.5, 1e-06, 0.1], "k_pid_hsp": [0.0001, 0.0, 0.0], "k_pid_vsp": [186.0622208917574, 23.833473052593973, 1e-06]}, "datetime": {"datetime": "2025-08-13 10:22:08", "elapsed": 2056.847671985626, "delta": 30.373612642288208}, "costs": {"total_cost": 1289.8235575672254, "time_cost": 150, "final_distance_cost": 45.397781521224765, "oscillation_cost": 10.256967819740849, "completition_cost": 1000.0, "overshoot_cost": 28.518356594238895, "power_cost": 22.253516735839845, "noise_cost": 33.39693489618091, "n_waypoints_completed": 0, "tot_waypoints": 9}}
{"target": -257.1365377073348, "params": {"k_pid_pos": [0.4278877031373036, 0.6224815629609739, 0.0], "k_pid_alt": [2.0, 0.0, 1.0], "k_pid_att": [32.421429874124684, 5.2969105706390085, 0.0], "k_pid_yaw": [0.5, 1e-06, 0.1], "k_pid_hsp": [0.256529761436896, 0.0, 0.0], "k_pid_vsp": [215.1622572846606, 1e-06, 1e-06]}, "datetime": {"datetime": "2025-08-13 10:22:34", "elapsed": 2082.3943819999695, "delta": 25.54671001434326}, "costs": {"total_cost": 257.1365377073348, "time_cost": 105.385, "final_distance_cost": 1.785767263394384, "oscillation_cost": 44.50674988449318, "completition_cost": 0.0, "overshoot_cost": 56.75972997315908, "power_cost": 18.487044384765625, "noise_cost": 30.21224620152252, "n_waypoints_completed": 9, "tot_waypoints": 9}}
{"target": -218.8910072452261, "params": {"k_pid_pos": [1.6595710559560775, 0.1450524742679008, 0.20361299092354052], "k_pid_alt": [1.053119205577015, 0.12100703467726365, 0.8394236729366696], "k_pid_att": [39.4580052386994, 3.6514903786534108, 0.34329609037367526], "k_pid_yaw": [0.5, 1e-06, 0.1], "k_pid_hsp": [1.4688779706105715, 0.0, 0.0], "k_pid_vsp": [162.50969387001842, 72.0924159426837, 9.742083410184758]}, "datetime": {"datetime": "2025-08-13 10:22:55", "elapsed": 2103.543069601059, "delta": 21.148687601089478}, "costs": {"total_cost": 218.8910072452261, "time_cost": 85.533, "final_distance_cost": 1.7816006875641495, "oscillation_cost": 37.751850925411844, "completition_cost": 0.0, "overshoot_cost": 51.645483911922746, "power_cost": 19.23352169189453, "noise_cost": 22.94555002843281, "n_waypoints_completed": 9, "tot_waypoints": 9}}
{"target": -3683.127470118557, "params": {"k_pid_pos": [0.5536956323565483, 0.0, 0.0], "k_pid_alt": [2.0, 0.0, 1.0], "k_pid_att": [0.0, 2.7951032429105265, 0.20375122697726097], "k_pid_yaw": [0.5, 1e-06, 0.1], "k_pid_hsp": [0.12230305800535743, 0.0, 0.0], "k_pid_vsp": [117.45051146617492, 36.559361551079405, 1e-06]}, "datetime": {"datetime": "2025-08-13 10:23:24", "elapsed": 2132.9647538661957, "delta": 29.42168426513672}, "costs": {"total_cost": 3683.127470118557, "time_cost": 150, "final_distance_cost": 159.98169524646758, "oscillation_cost": 1748.7854344317755, "completition_cost": 1000.0, "overshoot_cost": 411.96208031034695, "power_cost": 53.70700034179688, "noise_cost": 158.69125978817013, "n_waypoints_completed": 0, "tot_waypoints": 9}}
{"target": -2168.4856459575794, "params": {"k_pid_pos": [0.4767711319672773, 0.37664618745637474, 0.17941155778733917], "k_pid_alt": [1.5095966588154555, 0.17091871471767228, 0.9556665390317978], "k_pid_att": [31.653284060322594, 2.7687809539745043, 0.14348351777926438], "k_pid_yaw": [0.5, 1e-06, 0.1], "k_pid_hsp": [0.0001, 0.0, 0.14265171021786638], "k_pid_vsp": [215.8951875771195, 16.637238392706593, 1e-06]}, "datetime": {"datetime": "2025-08-13 10:23:55", "elapsed": 2163.4797060489655, "delta": 30.514952182769775}, "costs": {"total_cost": 2168.4856459575794, "time_cost": 150, "final_distance_cost": 49.87527060536684, "oscillation_cost": 851.5694002052237, "completition_cost": 1000.0, "overshoot_cost": 60.50791748187752, "power_cost": 27.367318591308596, "noise_cost": 29.165739073802616, "n_waypoints_completed": 0, "tot_waypoints": 9}}
