{"target": -196.00931570770803, "params": {"k_pid_pos": [1.1605488723405726, 0.0, 0.0], "k_pid_alt": [1.7246546011333035, 0.0, 0.9949092304343058], "k_pid_att": [12.085754637064696, 3.0353417716134024, 0.2557150403797976], "k_pid_yaw": [0.5, 1e-06, 0.1], "k_pid_hsp": [0.3804212876567725, 0.0, 0.0], "k_pid_vsp": [76.29424484534437, 8.157898166622367, 1e-06]}, "datetime": {"datetime": "2025-08-13 13:52:18", "elapsed": 14666.300143003464, "delta": 21.14360785484314}, "costs": {"total_cost": 196.00931570770803, "time_cost": 71.449, "final_distance_cost": 1.8158487258235758, "oscillation_cost": 31.160238776044224, "completition_cost": 0.0, "overshoot_cost": 51.61551962880682, "power_cost": 17.712278527832034, "noise_cost": 22.256430049201366, "n_waypoints_completed": 9, "tot_waypoints": 9}}
{"target": -191.22654240588508, "params": {"k_pid_pos": [1.548493716607661, 0.006410224987826313, 0.05458477585656251], "k_pid_alt": [1.6063384097014581, 0.0, 0.9579287902196656], "k_pid_att": [40.18021480746042, 2.636595297216976, 0.23495378177468684], "k_pid_yaw": [0.5, 1e-06, 0.1], "k_pid_hsp": [0.20711923685552142, 0.0, 0.0], "k_pid_vsp": [93.57549096163288, 10.483705928925122, 0.04318895195757583]}, "datetime": {"datetime": "2025-08-13 13:52:39", "elapsed": 14687.906391859055, "delta": 21.60624885559082}, "costs": {"total_cost": 191.22654240588508, "time_cost": 71.58200000000001, "final_distance_cost": 1.776178620091803, "oscillation_cost": 31.68716157483825, "completition_cost": 0.0, "overshoot_cost": 51.39258649745573, "power_cost": 13.927915490722658, "noise_cost": 20.860700222776654, "n_waypoints_completed": 9, "tot_waypoints": 9}}
{"target": -192.62665258612176, "params": {"k_pid_pos": [1.3490581610159778, 0.0, 0.0], "k_pid_alt": [1.674113443729782, 0.04552266985924035, 0.957343417157852], "k_pid_att": [30.71272466644361, 3.1658335946495506, 0.2089949264076738], "k_pid_yaw": [0.5, 1e-06, 0.1], "k_pid_hsp": [2.2361988443779053, 0.016784580747463203, 0.0], "k_pid_vsp": [111.90289233803149, 3.138683138820305, 1e-06]}, "datetime": {"datetime": "2025-08-13 13:52:57", "elapsed": 14705.55022931099, "delta": 17.643837451934814}, "costs": {"total_cost": 192.62665258612176, "time_cost": 70.18900000000001, "final_distance_cost": 1.8339093382790606, "oscillation_cost": 35.702529262000425, "completition_cost": 0.0, "overshoot_cost": 51.61348384595827, "power_cost": 12.758519543457032, "noise_cost": 20.52921059642699, "n_waypoints_completed": 9, "tot_waypoints": 9}}
{"target": -191.95283257126795, "params": {"k_pid_pos": [0.5753225040556532, 0.0, 0.017595789918589382], "k_pid_alt": [1.574730202378587, 0.0, 0.9566260765096771], "k_pid_att": [33.0073841016498, 3.431508069346493, 0.23222962457543586], "k_pid_yaw": [0.5, 1e-06, 0.1], "k_pid_hsp": [0.21686155946253247, 0.0, 0.0], "k_pid_vsp": [84.50102353945418, 5.239331586650184, 1.4645116901644077]}, "datetime": {"datetime": "2025-08-13 13:53:21", "elapsed": 14729.2245490551, "delta": 23.674319744110107}, "costs": {"total_cost": 191.95283257126795, "time_cost": 78.099, "final_distance_cost": 1.8529674781534922, "oscillation_cost": 24.910911268327055, "completition_cost": 0.0, "overshoot_cost": 51.98354351029785, "power_cost": 12.321935546875, "noise_cost": 22.78447476761454, "n_waypoints_completed": 9, "tot_waypoints": 9}}
{"target": -203.9829065091296, "params": {"k_pid_pos": [1.2076482591221014, 0.0, 0.030194946246860338], "k_pid_alt": [1.5403979433711688, 0.0, 0.9628076739790211], "k_pid_att": [48.149303300983945, 3.802977205334865, 0.32114418025549396], "k_pid_yaw": [0.5, 1e-06, 0.1], "k_pid_hsp": [0.11399733876132084, 0.0, 0.0], "k_pid_vsp": [70.01443324721888, 10.090799078494037, 0.4288660089966345]}, "datetime": {"datetime": "2025-08-13 13:53:43", "elapsed": 14751.644508361816, "delta": 22.41995930671692}, "costs": {"total_cost": 203.9829065091296, "time_cost": 74.424, "final_distance_cost": 1.7673244832537405, "oscillation_cost": 30.21304035408622, "completition_cost": 0.0, "overshoot_cost": 52.33183896722817, "power_cost": 21.70355555419922, "noise_cost": 23.543147150362252, "n_waypoints_completed": 9, "tot_waypoints": 9}}
{"target": -188.46482378962014, "params": {"k_pid_pos": [1.1365997895265505, 0.0, 0.0], "k_pid_alt": [1.4233337033888762, 0.0, 0.9580949018630547], "k_pid_att": [31.569964501116722, 3.2656672548539043, 0.33284319989279026], "k_pid_yaw": [0.5, 1e-06, 0.1], "k_pid_hsp": [0.16895350948942756, 0.0, 0.0], "k_pid_vsp": [242.33187285317044, 0.3446558725215619, 1e-06]}, "datetime": {"datetime": "2025-08-13 13:54:04", "elapsed": 14772.246706962585, "delta": 20.602198600769043}, "costs": {"total_cost": 188.46482378962014, "time_cost": 73.171, "final_distance_cost": 1.8218214558039525, "oscillation_cost": 29.45241832302842, "completition_cost": 0.0, "overshoot_cost": 52.136513368179365, "power_cost": 11.458434130859375, "noise_cost": 20.424636511749025, "n_waypoints_completed": 9, "tot_waypoints": 9}}
{"target": -1037.6722256743599, "params": {"k_pid_pos": [0.7902006156866619, 0.041919865156058035, 0.15167426701418546], "k_pid_alt": [1.3336223799568354, 0.0858116666506731, 0.8498562191580992], "k_pid_att": [39.153583420550525, 6.179134760317249, 0.19982988402159962], "k_pid_yaw": [0.5, 1e-06, 0.1], "k_pid_hsp": [10.0, 0.0, 0.9733094614798575], "k_pid_vsp": [300.67597314978536, 105.76362121435638, 256.7302956618153]}, "datetime": {"datetime": "2025-08-13 13:54:39", "elapsed": 14807.04382944107, "delta": 34.79712247848511}, "costs": {"total_cost": 1037.6722256743599, "time_cost": 150, "final_distance_cost": 60.20967346219339, "oscillation_cost": 589.9628212035876, "completition_cost": 111.11111111111116, "overshoot_cost": 56.718970027773175, "power_cost": 39.65594686279297, "noise_cost": 30.013703006901622, "n_waypoints_completed": 8, "tot_waypoints": 9}}
{"target": -187.58640860384003, "params": {"k_pid_pos": [1.0604160941723269, 0.0, 0.0], "k_pid_alt": [1.4879280614711756, 0.0, 0.987459078136057], "k_pid_att": [35.22696098576502, 0.0001, 0.2416177661398034], "k_pid_yaw": [0.5, 1e-06, 0.1], "k_pid_hsp": [0.288430215338884, 0.022352536320631194, 0.0], "k_pid_vsp": [152.7549340008299, 4.9945002867433, 1e-06]}, "datetime": {"datetime": "2025-08-13 13:54:59", "elapsed": 14827.257140874863, "delta": 20.213311433792114}, "costs": {"total_cost": 187.58640860384003, "time_cost": 72.044, "final_distance_cost": 1.832250863180847, "oscillation_cost": 30.312674425423022, "completition_cost": 0.0, "overshoot_cost": 50.676535472846126, "power_cost": 12.300539575195312, "noise_cost": 20.420408267194755, "n_waypoints_completed": 9, "tot_waypoints": 9}}
{"target": -192.38667141712742, "params": {"k_pid_pos": [1.1390191154202152, 0.030578946734106792, 0.06207791316996612], "k_pid_alt": [1.5903992508021285, 0.0, 0.9661708530020121], "k_pid_att": [32.349863431007535, 3.2522211228110036, 0.21395045900900336], "k_pid_yaw": [0.5, 1e-06, 0.1], "k_pid_hsp": [0.3097689656706397, 0.0, 0.0], "k_pid_vsp": [117.65813521664327, 7.748424782606071, 1e-06]}, "datetime": {"datetime": "2025-08-13 13:55:21", "elapsed": 14849.381147146225, "delta": 22.124006271362305}, "costs": {"total_cost": 192.38667141712742, "time_cost": 72.534, "final_distance_cost": 1.8383584782505102, "oscillation_cost": 30.010067035634155, "completition_cost": 0.0, "overshoot_cost": 51.654322863303115, "power_cost": 14.893881140136719, "noise_cost": 21.456041899802894, "n_waypoints_completed": 9, "tot_waypoints": 9}}
{"target": -189.79592730218104, "params": {"k_pid_pos": [0.9612021060654885, 0.0, 0.0], "k_pid_alt": [1.5981770704915614, 0.0, 0.9718264732302974], "k_pid_att": [30.179318600801658, 3.680488246317644, 0.29192684942508895], "k_pid_yaw": [0.5, 1e-06, 0.1], "k_pid_hsp": [0.17131054274587115, 0.0, 0.0], "k_pid_vsp": [130.55430958298533, 9.333874407036332, 1e-06]}, "datetime": {"datetime": "2025-08-13 13:55:44", "elapsed": 14872.688524246216, "delta": 23.307377099990845}, "costs": {"total_cost": 189.79592730218104, "time_cost": 72.408, "final_distance_cost": 1.8139707537992433, "oscillation_cost": 27.67048416779125, "completition_cost": 0.0, "overshoot_cost": 51.65822014962062, "power_cost": 14.814292907714844, "noise_cost": 21.430959323255085, "n_waypoints_completed": 9, "tot_waypoints": 9}}
{"target": -193.6326064397887, "params": {"k_pid_pos": [0.9033371987977824, 0.008283819960216125, 0.027492234761111144], "k_pid_alt": [1.5436403095657203, 0.0, 0.9522059515956256], "k_pid_att": [32.06957754316888, 3.11803751628184, 0.5373002709862009], "k_pid_yaw": [0.5, 1e-06, 0.1], "k_pid_hsp": [1.1389777583756402, 0.0, 0.0], "k_pid_vsp": [119.32214154080697, 9.716612051679451, 1e-06]}, "datetime": {"datetime": "2025-08-13 13:56:09", "elapsed": 14897.335812091827, "delta": 24.647287845611572}, "costs": {"total_cost": 193.6326064397887, "time_cost": 73.668, "final_distance_cost": 1.853470092624117, "oscillation_cost": 30.870800131100005, "completition_cost": 0.0, "overshoot_cost": 51.0143189237505, "power_cost": 14.304924951171875, "noise_cost": 21.921092341142224, "n_waypoints_completed": 9, "tot_waypoints": 9}}
{"target": -201.18838161614977, "params": {"k_pid_pos": [1.6376693486948959, 0.0, 0.0], "k_pid_alt": [1.5976303113274146, 0.0, 0.9756823214118647], "k_pid_att": [27.539004519653076, 3.1362237995621336, 0.21889473319008163], "k_pid_yaw": [0.5, 1e-06, 0.1], "k_pid_hsp": [0.22781158536054696, 0.0, 0.0], "k_pid_vsp": [126.59835758818906, 9.692734002871271, 1e-06]}, "datetime": {"datetime": "2025-08-13 13:56:33", "elapsed": 14921.053253889084, "delta": 23.71744179725647}, "costs": {"total_cost": 201.18838161614977, "time_cost": 72.569, "final_distance_cost": 1.767379263334312, "oscillation_cost": 32.76480943674779, "completition_cost": 0.0, "overshoot_cost": 52.04099603329891, "power_cost": 19.744080078125002, "noise_cost": 22.302116804643767, "n_waypoints_completed": 9, "tot_waypoints": 9}}
{"target": -229.2703200085897, "params": {"k_pid_pos": [0.3100066567775712, 0.09123388055159665, 0.009417304171880546], "k_pid_alt": [1.658224606175769, 0.0, 0.9797518918923174], "k_pid_att": [32.641743181098725, 3.245649837687539, 0.24955414593303224], "k_pid_yaw": [0.5, 1e-06, 0.1], "k_pid_hsp": [0.2273691605110261, 0.0, 0.0], "k_pid_vsp": [328.41710302170947, 2.7668511075551603, 1e-06]}, "datetime": {"datetime": "2025-08-13 13:57:02", "elapsed": 14950.45301604271, "delta": 29.39976215362549}, "costs": {"total_cost": 229.2703200085897, "time_cost": 92.148, "final_distance_cost": 1.8363538150044252, "oscillation_cost": 20.953377572429243, "completition_cost": 0.0, "overshoot_cost": 54.86505928182314, "power_cost": 28.838133605957033, "noise_cost": 30.62939573337585, "n_waypoints_completed": 9, "tot_waypoints": 9}}
{"target": -191.2977978351198, "params": {"k_pid_pos": [1.138456325930845, 0.0, 0.021980074870270927], "k_pid_alt": [1.7211506270618888, 0.0, 1.0], "k_pid_att": [28.03879881397728, 3.092329612804867, 0.23108601966401016], "k_pid_yaw": [0.5, 1e-06, 0.1], "k_pid_hsp": [0.2251553572982749, 0.0, 0.0], "k_pid_vsp": [129.64776605152156, 6.418738688330308, 1e-06]}, "datetime": {"datetime": "2025-08-13 13:57:23", "elapsed": 14971.301358222961, "delta": 20.848342180252075}, "costs": {"total_cost": 191.2977978351198, "time_cost": 71.715, "final_distance_cost": 1.8193386921520542, "oscillation_cost": 29.994903934313733, "completition_cost": 0.0, "overshoot_cost": 51.07539291728857, "power_cost": 15.417081994628907, "noise_cost": 21.27608029673655, "n_waypoints_completed": 9, "tot_waypoints": 9}}
{"target": -189.6521688242775, "params": {"k_pid_pos": [0.9926436413344745, 0.0, 0.07493860717107398], "k_pid_alt": [1.5857753964663959, 0.0, 0.9493994446056435], "k_pid_att": [26.642182565413904, 3.1702414871500078, 0.22076802294407233], "k_pid_yaw": [0.5, 1e-06, 0.1], "k_pid_hsp": [0.2824131210475003, 0.0, 0.0], "k_pid_vsp": [100.64717449241267, 9.178877772994616, 1e-06]}, "datetime": {"datetime": "2025-08-13 13:57:42", "elapsed": 14990.056601047516, "delta": 18.755242824554443}, "costs": {"total_cost": 189.6521688242775, "time_cost": 72.275, "final_distance_cost": 1.8404918683452143, "oscillation_cost": 28.46369497685804, "completition_cost": 0.0, "overshoot_cost": 51.27200615095957, "power_cost": 14.222084057617188, "noise_cost": 21.578891770497513, "n_waypoints_completed": 9, "tot_waypoints": 9}}
{"target": -219.0501396035725, "params": {"k_pid_pos": [1.1111657509729573, 0.0, 0.12713412274939068], "k_pid_alt": [1.0581807398669598, 0.18835996044859876, 0.9607481266310468], "k_pid_att": [31.51914787114454, 2.9977350536595013, 0.16965850200107183], "k_pid_yaw": [0.5, 1e-06, 0.1], "k_pid_hsp": [1.177315190525801, 0.0, 0.0], "k_pid_vsp": [146.74474685739, 6.125905857175286, 0.01144481894452745]}, "datetime": {"datetime": "2025-08-13 13:58:06", "elapsed": 15014.841715574265, "delta": 24.785114526748657}, "costs": {"total_cost": 219.0501396035725, "time_cost": 88.123, "final_distance_cost": 1.746692104234413, "oscillation_cost": 33.591496978255535, "completition_cost": 0.0, "overshoot_cost": 52.19035312412178, "power_cost": 17.958954663085937, "noise_cost": 25.43964273387483, "n_waypoints_completed": 9, "tot_waypoints": 9}}
{"target": -194.9764410728369, "params": {"k_pid_pos": [1.0586621110446628, 0.0, 0.0], "k_pid_alt": [1.6436617564164893, 0.0, 0.9804339444462593], "k_pid_att": [29.152249592451344, 3.655478543639726, 0.24906247429925593], "k_pid_yaw": [0.5, 1e-06, 0.1], "k_pid_hsp": [0.4508624488617166, 0.0, 0.0], "k_pid_vsp": [121.38532807312433, 11.664445073950178, 1e-06]}, "datetime": {"datetime": "2025-08-13 13:58:27", "elapsed": 15035.006845235825, "delta": 20.16512966156006}, "costs": {"total_cost": 194.9764410728369, "time_cost": 72.002, "final_distance_cost": 1.8358511632191543, "oscillation_cost": 30.412888146653053, "completition_cost": 0.0, "overshoot_cost": 51.21972453046931, "power_cost": 17.388139477539063, "noise_cost": 22.11783775495634, "n_waypoints_completed": 9, "tot_waypoints": 9}}
{"target": -197.22056309430175, "params": {"k_pid_pos": [0.7515275353794891, 0.08586882947895898, 0.0], "k_pid_alt": [1.593626068783118, 0.0, 0.9677465017023289], "k_pid_att": [32.94534368219553, 2.874112372409682, 0.23920481615809164], "k_pid_yaw": [0.5, 1e-06, 0.1], "k_pid_hsp": [0.2773355050335057, 0.0014415244627577896, 0.0], "k_pid_vsp": [159.046055784097, 10.285427486525212, 0.5979461263218289]}, "datetime": {"datetime": "2025-08-13 13:58:46", "elapsed": 15054.262550354004, "delta": 19.25570511817932}, "costs": {"total_cost": 197.22056309430175, "time_cost": 74.018, "final_distance_cost": 1.8213548523633716, "oscillation_cost": 26.608857656531647, "completition_cost": 0.0, "overshoot_cost": 51.70600886629349, "power_cost": 19.843340856933594, "noise_cost": 23.223000862179635, "n_waypoints_completed": 9, "tot_waypoints": 9}}
{"target": -200.21308866175852, "params": {"k_pid_pos": [1.0763647416250208, 0.0, 0.0], "k_pid_alt": [1.5295427451371806, 0.0, 0.9698074794662047], "k_pid_att": [32.033068493366876, 3.1317956549952712, 0.21616660618666467], "k_pid_yaw": [0.5, 1e-06, 0.1], "k_pid_hsp": [0.2797565745369289, 0.0, 0.0], "k_pid_vsp": [142.43467824301385, 6.879996055924299, 1e-06]}, "datetime": {"datetime": "2025-08-13 13:59:06", "elapsed": 15074.173087596893, "delta": 19.910537242889404}, "costs": {"total_cost": 200.21308866175852, "time_cost": 73.017, "final_distance_cost": 1.8215391463596766, "oscillation_cost": 29.626407053201675, "completition_cost": 0.0, "overshoot_cost": 52.05830291223742, "power_cost": 20.79300234375, "noise_cost": 22.896837206209735, "n_waypoints_completed": 9, "tot_waypoints": 9}}
{"target": -187.62428241102907, "params": {"k_pid_pos": [1.177577241339847, 0.04922175783272242, 0.048011024837598844], "k_pid_alt": [1.6546000203954854, 0.0, 0.9554955007399676], "k_pid_att": [33.16221916895432, 2.6530496187503214, 0.22444114108065558], "k_pid_yaw": [0.5, 1e-06, 0.1], "k_pid_hsp": [0.2788126641052658, 0.0, 0.0], "k_pid_vsp": [138.22354731765242, 7.286062814301621, 1e-06]}, "datetime": {"datetime": "2025-08-13 13:59:29", "elapsed": 15097.04383802414, "delta": 22.870750427246094}, "costs": {"total_cost": 187.62428241102907, "time_cost": 71.806, "final_distance_cost": 1.8228944547724864, "oscillation_cost": 30.288906821453786, "completition_cost": 0.0, "overshoot_cost": 51.20010380974697, "power_cost": 12.03123515625, "noise_cost": 20.475142168805817, "n_waypoints_completed": 9, "tot_waypoints": 9}}
{"target": -190.72913437166028, "params": {"k_pid_pos": [1.1243422748244545, 0.0, 0.0], "k_pid_alt": [1.6492498320413616, 0.0, 0.9887982829376128], "k_pid_att": [18.45425726324299, 3.2967171624000877, 0.14214391058149883], "k_pid_yaw": [0.5, 1e-06, 0.1], "k_pid_hsp": [0.30301227474184256, 0.0, 0.0], "k_pid_vsp": [79.81626206807417, 2.955267067260195, 1e-06]}, "datetime": {"datetime": "2025-08-13 13:59:48", "elapsed": 15116.398155450821, "delta": 19.35431742668152}, "costs": {"total_cost": 190.72913437166028, "time_cost": 72.282, "final_distance_cost": 1.8290768313642036, "oscillation_cost": 30.60912588492895, "completition_cost": 0.0, "overshoot_cost": 52.07751856793076, "power_cost": 12.988449780273438, "noise_cost": 20.942963307162923, "n_waypoints_completed": 9, "tot_waypoints": 9}}
{"target": -190.65843092282955, "params": {"k_pid_pos": [1.0292290783492446, 0.0, 0.06764753125153923], "k_pid_alt": [1.5629567174170353, 0.0, 0.9634138192715392], "k_pid_att": [28.199327662014234, 2.965902372741745, 0.35869339896542285], "k_pid_yaw": [0.5, 1e-06, 0.1], "k_pid_hsp": [0.369026215891105, 0.0, 0.0], "k_pid_vsp": [168.8349140768048, 7.092878858479694, 1e-06]}, "datetime": {"datetime": "2025-08-13 14:00:06", "elapsed": 15134.047625303268, "delta": 17.64946985244751}, "costs": {"total_cost": 190.65843092282955, "time_cost": 72.205, "final_distance_cost": 1.8493273824818706, "oscillation_cost": 29.454847640032725, "completition_cost": 0.0, "overshoot_cost": 51.222699999241605, "power_cost": 14.502113757324219, "noise_cost": 21.42444214374912, "n_waypoints_completed": 9, "tot_waypoints": 9}}
{"target": -209.66774083738042, "params": {"k_pid_pos": [1.2775200852104025, 0.0, 0.0026922113464822733], "k_pid_alt": [1.6587412320288042, 0.0, 0.9590152746583503], "k_pid_att": [26.09452588216649, 0.0001, 0.2516595896240897], "k_pid_yaw": [0.5, 1e-06, 0.1], "k_pid_hsp": [0.3196956459336011, 0.0, 0.0], "k_pid_vsp": [172.54607542084582, 3.470924679423302, 1e-06]}, "datetime": {"datetime": "2025-08-13 14:00:29", "elapsed": 15157.885909795761, "delta": 23.838284492492676}, "costs": {"total_cost": 209.66774083738042, "time_cost": 75.054, "final_distance_cost": 1.8252622957191775, "oscillation_cost": 32.38903252512869, "completition_cost": 0.0, "overshoot_cost": 52.841664971962544, "power_cost": 23.819441906738284, "noise_cost": 23.738339137831723, "n_waypoints_completed": 9, "tot_waypoints": 9}}
{"target": -192.08080369023844, "params": {"k_pid_pos": [1.164142889787689, 0.0, 0.02997789192151325], "k_pid_alt": [1.6042420186341593, 0.0, 0.9664633367192662], "k_pid_att": [34.05248048086494, 3.1753968980215452, 0.2490533254260886], "k_pid_yaw": [0.5, 1e-06, 0.1], "k_pid_hsp": [0.2841077766230802, 0.0, 0.0], "k_pid_vsp": [86.00775602466817, 6.83814888776676, 1e-06]}, "datetime": {"datetime": "2025-08-13 14:00:52", "elapsed": 15180.88775396347, "delta": 23.00184416770935}, "costs": {"total_cost": 192.08080369023844, "time_cost": 72.016, "final_distance_cost": 1.8352373328988176, "oscillation_cost": 30.37771669645489, "completition_cost": 0.0, "overshoot_cost": 51.54026309153352, "power_cost": 14.900728283691407, "noise_cost": 21.410858285659806, "n_waypoints_completed": 9, "tot_waypoints": 9}}
{"target": -186.93374405352955, "params": {"k_pid_pos": [1.050739772303413, 0.0, 0.019628106387629393], "k_pid_alt": [1.5966105882236568, 0.0, 0.9723635200888128], "k_pid_att": [31.19686586783963, 3.4450681408916433, 0.25335810200123077], "k_pid_yaw": [0.5, 1e-06, 0.1], "k_pid_hsp": [0.23961670388403192, 0.0, 0.0], "k_pid_vsp": [112.46403283806856, 6.746589354638398, 1e-06]}, "datetime": {"datetime": "2025-08-13 14:01:14", "elapsed": 15202.92132139206, "delta": 22.033567428588867}, "costs": {"total_cost": 186.93374405352955, "time_cost": 71.988, "final_distance_cost": 1.8216410465318, "oscillation_cost": 29.111984301282977, "completition_cost": 0.0, "overshoot_cost": 51.217206415245094, "power_cost": 12.165094274902344, "noise_cost": 20.62981801556734, "n_waypoints_completed": 9, "tot_waypoints": 9}}
{"target": -1257.6787298625457, "params": {"k_pid_pos": [1.0222009142850996, 0.0, 0.0980462042752204], "k_pid_alt": [1.7051980187292348, 0.0, 0.9446622738670277], "k_pid_att": [32.05428956923607, 1.183643468221537, 0.1925636909347304], "k_pid_yaw": [0.5, 1e-06, 0.1], "k_pid_hsp": [0.0001, 0.0, 0.0], "k_pid_vsp": [126.08574775644821, 15.348811476218703, 0.5569524899459299]}, "datetime": {"datetime": "2025-08-13 14:01:45", "elapsed": 15233.295427322388, "delta": 30.37410593032837}, "costs": {"total_cost": 1257.6787298625457, "time_cost": 150, "final_distance_cost": 47.70991466396712, "oscillation_cost": 0.12395433744860411, "completition_cost": 888.8888888888888, "overshoot_cost": 102.86090113338976, "power_cost": 32.65618813476563, "noise_cost": 35.4388827040857, "n_waypoints_completed": 1, "tot_waypoints": 9}}
