{"target": -182.8689438414965, "params": {"k_pid_pos": [0.8966459247294941, 0.0, 0.08586834978787966], "k_pid_alt": [1.5942149462677158, 0.0, 0.9448007550540911], "k_pid_att": [36.01177283584312, 3.668300768696149, 1.0], "k_pid_yaw": [0.5, 1e-06, 0.1], "k_pid_hsp": [0.38229365710383245, 0.0, 0.0], "k_pid_vsp": [122.66188275683328, 25.435335815599135, 1e-06]}, "datetime": {"datetime": "2025-08-13 16:47:02", "elapsed": 25150.458012342453, "delta": 21.792447328567505}, "costs": {"total_cost": 182.8689438414965, "time_cost": 72.57600000000001, "final_distance_cost": 1.8438783708203041, "oscillation_cost": 28.82590924689518, "completition_cost": 0.0, "overshoot_cost": 50.22535812248179, "power_cost": 9.477764074707032, "noise_cost": 19.92003402659215, "n_waypoints_completed": 9, "tot_waypoints": 9}}
{"target": -219.28742088882646, "params": {"k_pid_pos": [0.3690395338439555, 0.0, 0.10719210412520455], "k_pid_alt": [1.6670786307817433, 0.0, 0.9440946858568597], "k_pid_att": [36.720966766377046, 3.2741563671816483, 0.25593609279491625], "k_pid_yaw": [0.5, 1e-06, 0.1], "k_pid_hsp": [0.2715197909082036, 0.0, 0.0], "k_pid_vsp": [125.69353706339356, 23.017800026321726, 1e-06]}, "datetime": {"datetime": "2025-08-13 16:47:26", "elapsed": 25174.647275924683, "delta": 24.189263582229614}, "costs": {"total_cost": 219.28742088882646, "time_cost": 94.584, "final_distance_cost": 1.8609713493202609, "oscillation_cost": 21.560364493877774, "completition_cost": 0.0, "overshoot_cost": 54.508573234516284, "power_cost": 16.682668359375, "noise_cost": 30.090843451737136, "n_waypoints_completed": 9, "tot_waypoints": 9}}
{"target": -193.02854815016795, "params": {"k_pid_pos": [1.172347254042045, 0.0, 0.08148735618419953], "k_pid_alt": [1.628029947485583, 0.0, 0.942599015910039], "k_pid_att": [36.170422336150246, 3.370375857659698, 0.24994831509360532], "k_pid_yaw": [0.5, 1e-06, 0.1], "k_pid_hsp": [0.2717815066247098, 0.0, 0.0], "k_pid_vsp": [126.77923230021895, 25.696293004630487, 1e-06]}, "datetime": {"datetime": "2025-08-13 16:47:45", "elapsed": 25193.156653881073, "delta": 18.50937795639038}, "costs": {"total_cost": 193.02854815016795, "time_cost": 71.519, "final_distance_cost": 1.8301639888694716, "oscillation_cost": 29.527802685055203, "completition_cost": 0.0, "overshoot_cost": 51.26964887716013, "power_cost": 17.16625927734375, "noise_cost": 21.715673321739384, "n_waypoints_completed": 9, "tot_waypoints": 9}}
{"target": -180.30529689778584, "params": {"k_pid_pos": [1.1628072618202028, 0.0015079515686808312, 0.08768859652613059], "k_pid_alt": [1.5803284912066244, 0.0, 0.6761589611342671], "k_pid_att": [38.24615993970846, 3.3625483131808513, 0.25255100550063786], "k_pid_yaw": [0.5, 1e-06, 0.1], "k_pid_hsp": [0.28185588905705383, 0.0, 0.0], "k_pid_vsp": [122.17081070721669, 23.875348214145202, 1e-06]}, "datetime": {"datetime": "2025-08-13 16:48:03", "elapsed": 25211.06635904312, "delta": 17.90970516204834}, "costs": {"total_cost": 180.30529689778584, "time_cost": 70.154, "final_distance_cost": 1.8346426790651011, "oscillation_cost": 30.613869164569078, "completition_cost": 0.0, "overshoot_cost": 50.63398299855921, "power_cost": 8.505401928710938, "noise_cost": 18.56340012688151, "n_waypoints_completed": 9, "tot_waypoints": 9}}
{"target": -191.90055530598755, "params": {"k_pid_pos": [1.1164046443576412, 0.0, 0.09844762683468755], "k_pid_alt": [1.597249640333006, 0.0, 0.9358979822171363], "k_pid_att": [40.272471738472795, 3.4720029210989916, 0.23099469181135635], "k_pid_yaw": [0.5, 1e-06, 0.1], "k_pid_hsp": [0.27873302904220754, 0.0, 0.0], "k_pid_vsp": [129.20551952902377, 49.32642386495163, 1e-06]}, "datetime": {"datetime": "2025-08-13 16:48:21", "elapsed": 25229.553159475327, "delta": 18.4868004322052}, "costs": {"total_cost": 191.90055530598755, "time_cost": 71.239, "final_distance_cost": 1.8356011195930153, "oscillation_cost": 29.196135077919543, "completition_cost": 0.0, "overshoot_cost": 50.69162236521629, "power_cost": 17.080044567871095, "noise_cost": 21.858152175387616, "n_waypoints_completed": 9, "tot_waypoints": 9}}
{"target": -188.46250786910147, "params": {"k_pid_pos": [1.108390500498011, 0.0, 0.09249911455088453], "k_pid_alt": [1.5650067167956039, 0.0, 0.8781512627898301], "k_pid_att": [36.190874593037066, 3.84364667770493, 0.2509131496357913], "k_pid_yaw": [0.5, 1e-06, 0.1], "k_pid_hsp": [0.2925694222877833, 0.0, 0.0], "k_pid_vsp": [119.06577149409081, 18.903643337737137, 1e-06]}, "datetime": {"datetime": "2025-08-13 16:48:40", "elapsed": 25247.997176885605, "delta": 18.44401741027832}, "costs": {"total_cost": 188.46250786910147, "time_cost": 71.337, "final_distance_cost": 1.8401518740906007, "oscillation_cost": 29.48316511999774, "completition_cost": 0.0, "overshoot_cost": 50.73195303342458, "power_cost": 14.004451770019532, "noise_cost": 21.06578607156903, "n_waypoints_completed": 9, "tot_waypoints": 9}}
{"target": -187.6515909420018, "params": {"k_pid_pos": [0.9161026267756331, 0.0, 0.0], "k_pid_alt": [1.6385496597902782, 0.0, 0.9302044522298991], "k_pid_att": [37.12334351078037, 2.808503843928352, 0.25326263341133937], "k_pid_yaw": [0.5, 1e-06, 0.1], "k_pid_hsp": [0.2732353806917583, 0.0, 0.0], "k_pid_vsp": [124.20906023551035, 18.695763176288413, 1e-06]}, "datetime": {"datetime": "2025-08-13 16:48:58", "elapsed": 25266.867120742798, "delta": 18.869943857192993}, "costs": {"total_cost": 187.6515909420018, "time_cost": 71.603, "final_distance_cost": 1.837474281344192, "oscillation_cost": 28.213323254050554, "completition_cost": 0.0, "overshoot_cost": 51.34353635983111, "power_cost": 13.553726293945314, "noise_cost": 21.100530752830636, "n_waypoints_completed": 9, "tot_waypoints": 9}}
{"target": -189.40638715071518, "params": {"k_pid_pos": [0.789753805884545, 0.0005866921761784067, 0.04499359739606403], "k_pid_alt": [1.5608535814788707, 0.0, 0.97661080139015], "k_pid_att": [36.08360105538744, 3.0774029149945674, 0.249131795112513], "k_pid_yaw": [0.5, 1e-06, 0.1], "k_pid_hsp": [0.11599539230748149, 0.00020979288693596465, 0.0], "k_pid_vsp": [190.40724100712097, 32.257594829736696, 0.8583527169069043]}, "datetime": {"datetime": "2025-08-13 16:49:18", "elapsed": 25286.397227287292, "delta": 19.53010654449463}, "costs": {"total_cost": 189.40638715071518, "time_cost": 73.122, "final_distance_cost": 1.8189085536169192, "oscillation_cost": 24.44826100035211, "completition_cost": 0.0, "overshoot_cost": 52.20432399520132, "power_cost": 15.90163486328125, "noise_cost": 21.911258738263573, "n_waypoints_completed": 9, "tot_waypoints": 9}}
{"target": -194.6791373899942, "params": {"k_pid_pos": [1.1411822716791757, 0.0, 0.1321057012565792], "k_pid_alt": [1.6571841405255618, 0.0, 0.9510757612008758], "k_pid_att": [37.47637786736783, 3.45724890554406, 0.22704187780693322], "k_pid_yaw": [0.5, 1e-06, 0.1], "k_pid_hsp": [0.2621898727875299, 0.0, 0.0], "k_pid_vsp": [139.62236504602453, 18.982510810320207, 1e-06]}, "datetime": {"datetime": "2025-08-13 16:49:38", "elapsed": 25306.85068154335, "delta": 20.45345425605774}, "costs": {"total_cost": 194.6791373899942, "time_cost": 71.918, "final_distance_cost": 1.8453200351544805, "oscillation_cost": 29.03556399397157, "completition_cost": 0.0, "overshoot_cost": 51.18561617081808, "power_cost": 18.508078283691408, "noise_cost": 22.186558906358645, "n_waypoints_completed": 9, "tot_waypoints": 9}}
{"target": -184.71376270070567, "params": {"k_pid_pos": [0.8199439397551436, 0.0, 0.024777700194893393], "k_pid_alt": [1.6291604636177122, 0.0, 0.975394813259718], "k_pid_att": [35.800237099211344, 3.866212788757344, 0.2654235855520989], "k_pid_yaw": [0.5, 1e-06, 0.1], "k_pid_hsp": [0.31516608365602383, 0.0, 0.0], "k_pid_vsp": [142.41135851124645, 26.441860227308837, 1e-06]}, "datetime": {"datetime": "2025-08-13 16:50:01", "elapsed": 25329.31268644333, "delta": 22.462004899978638}, "costs": {"total_cost": 184.71376270070567, "time_cost": 72.45700000000001, "final_distance_cost": 1.8429021215529096, "oscillation_cost": 27.65518494569367, "completition_cost": 0.0, "overshoot_cost": 50.587859495719435, "power_cost": 11.422502307128907, "noise_cost": 20.748313830610762, "n_waypoints_completed": 9, "tot_waypoints": 9}}
{"target": -187.91575704350348, "params": {"k_pid_pos": [1.150392614283023, 0.0, 0.08369535785051839], "k_pid_alt": [1.6245507519827227, 0.0, 0.9424171795992722], "k_pid_att": [33.52301778700154, 3.368856914979322, 0.24511649762860874], "k_pid_yaw": [0.5, 1e-06, 0.1], "k_pid_hsp": [0.2745598718405797, 0.0, 0.0], "k_pid_vsp": [126.84154229069841, 22.465293411505577, 1e-06]}, "datetime": {"datetime": "2025-08-13 16:50:22", "elapsed": 25350.285732984543, "delta": 20.97304654121399}, "costs": {"total_cost": 187.91575704350348, "time_cost": 71.351, "final_distance_cost": 1.835974446172867, "oscillation_cost": 29.5758340670681, "completition_cost": 0.0, "overshoot_cost": 50.906428275029455, "power_cost": 13.434700549316407, "noise_cost": 20.811819705916637, "n_waypoints_completed": 9, "tot_waypoints": 9}}
{"target": -194.1396758731401, "params": {"k_pid_pos": [0.9719058124924785, 0.0, 0.054089732305695415], "k_pid_alt": [1.679848956446691, 0.0, 0.9401696916580261], "k_pid_att": [28.356998134496276, 3.2693310374210247, 0.26024141638457127], "k_pid_yaw": [0.5, 1e-06, 0.1], "k_pid_hsp": [0.23264017176433904, 0.0, 0.0], "k_pid_vsp": [159.39543268051713, 23.93171349518918, 1e-06]}, "datetime": {"datetime": "2025-08-13 16:50:40", "elapsed": 25368.423182964325, "delta": 18.137449979782104}, "costs": {"total_cost": 194.1396758731401, "time_cost": 71.93900000000001, "final_distance_cost": 1.8393997826101205, "oscillation_cost": 28.079553259120793, "completition_cost": 0.0, "overshoot_cost": 51.39346187707661, "power_cost": 18.506209802246094, "noise_cost": 22.38205115208645, "n_waypoints_completed": 9, "tot_waypoints": 9}}
{"target": -189.81314619709912, "params": {"k_pid_pos": [0.8247194543453009, 0.0, 0.11812704464534085], "k_pid_alt": [1.6218408629087884, 0.0, 0.9533141188355506], "k_pid_att": [32.35321890454506, 2.7107760312406017, 0.26661194592816045], "k_pid_yaw": [0.5, 1e-06, 0.1], "k_pid_hsp": [0.23889927839287312, 0.0, 0.0], "k_pid_vsp": [117.52894964518721, 26.053156670158792, 1e-06]}, "datetime": {"datetime": "2025-08-13 16:50:59", "elapsed": 25387.358202934265, "delta": 18.935019969940186}, "costs": {"total_cost": 189.81314619709912, "time_cost": 73.262, "final_distance_cost": 1.8488596590479889, "oscillation_cost": 26.559760623013194, "completition_cost": 0.0, "overshoot_cost": 51.491114748434995, "power_cost": 14.800840161132813, "noise_cost": 21.850571005470144, "n_waypoints_completed": 9, "tot_waypoints": 9}}
{"target": -196.35781313440978, "params": {"k_pid_pos": [1.017122780485543, 0.0, 0.08597925808466689], "k_pid_alt": [1.6495780856090572, 0.0, 0.9350456737152774], "k_pid_att": [35.43814684622032, 3.345272280128719, 0.25213008794744257], "k_pid_yaw": [0.5, 1e-06, 0.1], "k_pid_hsp": [0.2693038273809617, 0.0, 0.0], "k_pid_vsp": [138.4809005175615, 18.177403444887528, 1e-06]}, "datetime": {"datetime": "2025-08-13 16:51:18", "elapsed": 25406.274642944336, "delta": 18.9164400100708}, "costs": {"total_cost": 196.35781313440978, "time_cost": 72.359, "final_distance_cost": 1.8425680262738784, "oscillation_cost": 28.406378985838383, "completition_cost": 0.0, "overshoot_cost": 51.89674028870827, "power_cost": 19.177118249511718, "noise_cost": 22.67600758407753, "n_waypoints_completed": 9, "tot_waypoints": 9}}
{"target": -192.12642825243066, "params": {"k_pid_pos": [0.852303342914978, 0.0, 0.09610403583992663], "k_pid_alt": [1.599050315410119, 0.0, 0.9495082760893074], "k_pid_att": [34.043182128353294, 3.3570665335174676, 0.2518729989741876], "k_pid_yaw": [0.5, 1e-06, 0.1], "k_pid_hsp": [0.16187977453607272, 0.0, 0.0], "k_pid_vsp": [124.38888417542942, 26.177901700130423, 1e-06]}, "datetime": {"datetime": "2025-08-13 16:51:36", "elapsed": 25424.60853600502, "delta": 18.333893060684204}, "costs": {"total_cost": 192.12642825243066, "time_cost": 72.765, "final_distance_cost": 1.8347691541842852, "oscillation_cost": 25.99248994441815, "completition_cost": 0.0, "overshoot_cost": 51.50416542277656, "power_cost": 17.702040087890627, "noise_cost": 22.327963643161034, "n_waypoints_completed": 9, "tot_waypoints": 9}}
{"target": -182.48616368194325, "params": {"k_pid_pos": [1.3648699975568164, 0.0, 0.08437088625868938], "k_pid_alt": [1.6464855765584927, 0.0, 0.9389696356077206], "k_pid_att": [36.370094451714515, 3.5420756957161292, 0.2353862022284767], "k_pid_yaw": [0.5, 1e-06, 0.1], "k_pid_hsp": [0.12306408747325578, 0.0, 0.0], "k_pid_vsp": [124.6365293194042, 25.902317269035404, 1e-06]}, "datetime": {"datetime": "2025-08-13 16:51:54", "elapsed": 25442.293950796127, "delta": 17.685414791107178}, "costs": {"total_cost": 182.48616368194325, "time_cost": 71.281, "final_distance_cost": 1.7890914049269337, "oscillation_cost": 30.25535559039478, "completition_cost": 0.0, "overshoot_cost": 51.164274164551614, "power_cost": 8.869327209472656, "noise_cost": 19.127115312597258, "n_waypoints_completed": 9, "tot_waypoints": 9}}
{"target": -191.6195509342133, "params": {"k_pid_pos": [1.128901597603778, 0.0, 0.023267871872132806], "k_pid_alt": [1.6245772481595886, 0.0, 0.9614663982401712], "k_pid_att": [32.10469319627473, 3.5015408388690497, 0.2502527838956022], "k_pid_yaw": [0.5, 1e-06, 0.1], "k_pid_hsp": [0.2663151770348167, 0.0, 0.0], "k_pid_vsp": [124.88820966373255, 15.522559782544281, 1e-06]}, "datetime": {"datetime": "2025-08-13 16:52:13", "elapsed": 25461.538863420486, "delta": 19.24491262435913}, "costs": {"total_cost": 191.6195509342133, "time_cost": 71.638, "final_distance_cost": 1.822244047446447, "oscillation_cost": 30.070012396806884, "completition_cost": 0.0, "overshoot_cost": 51.57400434846276, "power_cost": 15.160046643066407, "noise_cost": 21.35524349843077, "n_waypoints_completed": 9, "tot_waypoints": 9}}
{"target": -188.45622854520673, "params": {"k_pid_pos": [1.1565597571301922, 0.0, 0.08642539929833082], "k_pid_alt": [1.6409758441803737, 0.0, 0.9689204775218575], "k_pid_att": [36.871686474132495, 3.4937241351940487, 0.2504616624530857], "k_pid_yaw": [0.5, 1e-06, 0.1], "k_pid_hsp": [0.24929786239785476, 0.0, 0.0], "k_pid_vsp": [179.25541119072474, 18.404980536578922, 1e-06]}, "datetime": {"datetime": "2025-08-13 16:52:32", "elapsed": 25480.166191101074, "delta": 18.62732768058777}, "costs": {"total_cost": 188.45622854520673, "time_cost": 71.44200000000001, "final_distance_cost": 1.8233215453202676, "oscillation_cost": 29.744778252686537, "completition_cost": 0.0, "overshoot_cost": 50.68345062527507, "power_cost": 13.740700659179689, "noise_cost": 21.021977462745156, "n_waypoints_completed": 9, "tot_waypoints": 9}}
{"target": -189.27015874576347, "params": {"k_pid_pos": [1.1577239232031866, 0.0, 0.046501375618678786], "k_pid_alt": [1.6198944177122936, 0.0, 0.9397937128694701], "k_pid_att": [37.307728952978835, 3.494008329221974, 0.24825697718889517], "k_pid_yaw": [0.5, 1e-06, 0.1], "k_pid_hsp": [0.2686698826851081, 0.0, 0.0], "k_pid_vsp": [101.73919663309785, 25.670124162812304, 1e-06]}, "datetime": {"datetime": "2025-08-13 16:52:51", "elapsed": 25499.758591890335, "delta": 19.592400789260864}, "costs": {"total_cost": 189.27015874576347, "time_cost": 70.889, "final_distance_cost": 1.8309432894232367, "oscillation_cost": 30.068677384860436, "completition_cost": 0.0, "overshoot_cost": 50.990167849205385, "power_cost": 14.422795959472657, "noise_cost": 21.06857426280174, "n_waypoints_completed": 9, "tot_waypoints": 9}}
{"target": -186.4618028729321, "params": {"k_pid_pos": [1.1829355202464442, 0.0, 0.03321957868429982], "k_pid_alt": [1.6591181454890622, 0.0, 0.9317616037054389], "k_pid_att": [31.808277829058135, 3.1049582424761444, 0.2527558744864725], "k_pid_yaw": [0.5, 1e-06, 0.1], "k_pid_hsp": [0.265867210252207, 0.0, 0.0], "k_pid_vsp": [167.22059393191418, 45.27569525545063, 1e-06]}, "datetime": {"datetime": "2025-08-13 16:53:10", "elapsed": 25518.767608880997, "delta": 19.00901699066162}, "costs": {"total_cost": 186.4618028729321, "time_cost": 70.483, "final_distance_cost": 1.8179295999537075, "oscillation_cost": 30.231842351105925, "completition_cost": 0.0, "overshoot_cost": 50.30057024349236, "power_cost": 13.172557275390625, "noise_cost": 20.455903402989463, "n_waypoints_completed": 9, "tot_waypoints": 9}}
{"target": -195.56838023317732, "params": {"k_pid_pos": [1.1622604494569593, 0.0, 0.08179474441475812], "k_pid_alt": [1.6363585168166257, 0.0, 0.9562126107723057], "k_pid_att": [43.07057109144546, 3.3607399662328756, 0.2575037782346058], "k_pid_yaw": [0.5, 1e-06, 0.1], "k_pid_hsp": [0.2728624968917104, 0.0, 0.0], "k_pid_vsp": [138.93000726749372, 22.521599475813098, 1e-06]}, "datetime": {"datetime": "2025-08-13 16:53:29", "elapsed": 25537.03604698181, "delta": 18.26843810081482}, "costs": {"total_cost": 195.56838023317732, "time_cost": 71.547, "final_distance_cost": 1.811795519667156, "oscillation_cost": 29.46928489460681, "completition_cost": 0.0, "overshoot_cost": 51.343105344242744, "power_cost": 19.183025305175782, "noise_cost": 22.21416916948482, "n_waypoints_completed": 9, "tot_waypoints": 9}}
{"target": -193.70594888404105, "params": {"k_pid_pos": [1.366458143927438, 0.0, 0.083723226994656], "k_pid_alt": [1.6294969515335014, 0.0, 0.9633436088097198], "k_pid_att": [37.635675239429595, 3.4431456773252513, 0.2534714673404277], "k_pid_yaw": [0.5, 1e-06, 0.1], "k_pid_hsp": [0.19314421521618527, 0.0, 0.0], "k_pid_vsp": [123.30457104278238, 18.810614594291003, 1e-06]}, "datetime": {"datetime": "2025-08-13 16:53:48", "elapsed": 25556.635303497314, "delta": 19.59925651550293}, "costs": {"total_cost": 193.70594888404105, "time_cost": 71.54, "final_distance_cost": 1.78869863690752, "oscillation_cost": 30.71004248997719, "completition_cost": 0.0, "overshoot_cost": 51.55981941070857, "power_cost": 16.50804931640625, "noise_cost": 21.599339030041516, "n_waypoints_completed": 9, "tot_waypoints": 9}}
{"target": -192.27907006224376, "params": {"k_pid_pos": [1.1869979500733163, 0.0, 0.029170105908227134], "k_pid_alt": [1.6206192538292075, 0.044625806938353184, 0.9555334731039478], "k_pid_att": [41.296236113443946, 3.134306809502078, 0.2540195097343123], "k_pid_yaw": [0.5, 1e-06, 0.1], "k_pid_hsp": [0.3554450353410755, 0.005754828938557925, 0.0], "k_pid_vsp": [133.2270461840278, 36.5620721810769, 1.027477602445697]}, "datetime": {"datetime": "2025-08-13 16:54:11", "elapsed": 25579.586507320404, "delta": 22.9512038230896}, "costs": {"total_cost": 192.27907006224376, "time_cost": 70.147, "final_distance_cost": 1.832530389550517, "oscillation_cost": 30.478083701958155, "completition_cost": 0.0, "overshoot_cost": 51.295311628749005, "power_cost": 16.99997705078125, "noise_cost": 21.52616729120483, "n_waypoints_completed": 9, "tot_waypoints": 9}}
{"target": -205.53833214850087, "params": {"k_pid_pos": [1.2778917131097978, 0.0, 0.0], "k_pid_alt": [1.5907197446498387, 0.0, 0.928460305207038], "k_pid_att": [4.294128579685573, 3.3805587566269097, 0.26603551916315366], "k_pid_yaw": [0.5, 1e-06, 0.1], "k_pid_hsp": [0.19723295434336185, 0.0, 0.0], "k_pid_vsp": [130.25920384435793, 0.8339302236885526, 1e-06]}, "datetime": {"datetime": "2025-08-13 16:54:34", "elapsed": 25602.531167030334, "delta": 22.94465970993042}, "costs": {"total_cost": 205.53833214850087, "time_cost": 74.221, "final_distance_cost": 1.8025928204568296, "oscillation_cost": 35.62684358283704, "completition_cost": 0.0, "overshoot_cost": 51.622482451050985, "power_cost": 19.414223095703125, "noise_cost": 22.85119019845289, "n_waypoints_completed": 9, "tot_waypoints": 9}}
{"target": -192.47064777135986, "params": {"k_pid_pos": [1.0223661629051817, 0.0, 0.07052953863842684], "k_pid_alt": [1.5805601323728227, 0.0, 0.9548393113313796], "k_pid_att": [35.61640329298824, 3.361425568855109, 0.25437025229887594], "k_pid_yaw": [0.5, 1e-06, 0.1], "k_pid_hsp": [0.47660715416447796, 0.0, 0.0], "k_pid_vsp": [87.64041853928559, 10.025399808482483, 0.10155790796059586]}, "datetime": {"datetime": "2025-08-13 16:54:54", "elapsed": 25622.44234085083, "delta": 19.911173820495605}, "costs": {"total_cost": 192.47064777135986, "time_cost": 72.247, "final_distance_cost": 1.8447717765020013, "oscillation_cost": 29.42583264908545, "completition_cost": 0.0, "overshoot_cost": 51.14155700146981, "power_cost": 15.740376232910156, "noise_cost": 22.07111011139245, "n_waypoints_completed": 9, "tot_waypoints": 9}}
{"target": -190.94899926768798, "params": {"k_pid_pos": [1.0974980551333549, 0.0, 0.0853175169156197], "k_pid_alt": [1.6067011536717075, 0.0, 0.9071248209762434], "k_pid_att": [37.66205407827389, 3.1214283618879164, 0.24939089822099342], "k_pid_yaw": [0.5, 1e-06, 0.1], "k_pid_hsp": [0.2064339885942341, 0.0, 0.0], "k_pid_vsp": [152.52858780956745, 23.911953480089544, 1e-06]}, "datetime": {"datetime": "2025-08-13 16:55:13", "elapsed": 25641.316468715668, "delta": 18.874127864837646}, "costs": {"total_cost": 190.94899926768798, "time_cost": 71.54, "final_distance_cost": 1.8188464518866232, "oscillation_cost": 28.546155305255496, "completition_cost": 0.0, "overshoot_cost": 51.24875927187468, "power_cost": 16.311362048339845, "noise_cost": 21.483876190331337, "n_waypoints_completed": 9, "tot_waypoints": 9}}
