{"target": -184.74148017046704, "params": {"k_pid_pos": [1.2787168368222501, 0.0, 0.11541424476227517], "k_pid_alt": [1.6321383096206667, 0.0, 0.8798136194214067], "k_pid_att": [33.443225520168674, 3.5316265509938973, 0.2612943063430715], "k_pid_yaw": [0.5, 1e-06, 0.1], "k_pid_hsp": [0.15327848375500674, 0.0, 0.0], "k_pid_vsp": [104.655669437868, 46.69762600593382, 1e-06]}, "datetime": {"datetime": "2025-08-13 20:25:15", "elapsed": 38243.175337314606, "delta": 17.503575325012207}, "costs": {"total_cost": 184.74148017046704, "time_cost": 70.609, "final_distance_cost": 1.8081591156131684, "oscillation_cost": 29.581515615623054, "completition_cost": 0.0, "overshoot_cost": 50.408071804155334, "power_cost": 12.140242846679689, "noise_cost": 20.194490788395818, "n_waypoints_completed": 9, "tot_waypoints": 9}}
{"target": -182.40772575801643, "params": {"k_pid_pos": [0.9027261674689294, 0.0, 0.08136302936366227], "k_pid_alt": [1.7426198875068015, 0.0, 0.9547825557071938], "k_pid_att": [31.900945097866703, 3.639215025542899, 0.3533168727732041], "k_pid_yaw": [0.5, 1e-06, 0.1], "k_pid_hsp": [0.32792335793898275, 0.0, 0.0], "k_pid_vsp": [111.73592014343092, 27.504755428483673, 1e-06]}, "datetime": {"datetime": "2025-08-13 20:25:35", "elapsed": 38263.38695645332, "delta": 20.21161913871765}, "costs": {"total_cost": 182.40772575801643, "time_cost": 71.70100000000001, "final_distance_cost": 1.8439755138108609, "oscillation_cost": 28.030472319444833, "completition_cost": 0.0, "overshoot_cost": 50.76200976190319, "power_cost": 10.022069445800781, "noise_cost": 20.04819871705676, "n_waypoints_completed": 9, "tot_waypoints": 9}}
{"target": -187.24972150534512, "params": {"k_pid_pos": [0.7596889380882477, 0.0, 0.06674907630337931], "k_pid_alt": [1.8731646197599507, 0.0, 0.9377389049468292], "k_pid_att": [33.58609588557267, 3.293576030345204, 0.27883915981399027], "k_pid_yaw": [0.5, 1e-06, 0.1], "k_pid_hsp": [0.10110426915582627, 0.0, 0.0], "k_pid_vsp": [80.26071683000251, 34.81164590044814, 1e-06]}, "datetime": {"datetime": "2025-08-13 20:25:52", "elapsed": 38280.27870249748, "delta": 16.891746044158936}, "costs": {"total_cost": 187.24972150534512, "time_cost": 72.177, "final_distance_cost": 1.8107848335737675, "oscillation_cost": 23.51792766768458, "completition_cost": 0.0, "overshoot_cost": 51.67807260280479, "power_cost": 16.098073937988282, "noise_cost": 21.967862463293695, "n_waypoints_completed": 9, "tot_waypoints": 9}}
{"target": -204.94740256270214, "params": {"k_pid_pos": [0.8936800914576151, 0.0, 0.09190159157407525], "k_pid_alt": [1.7869486855902479, 0.0, 0.9493645397173169], "k_pid_att": [34.080831693221135, 3.453816121184451, 0.2536402436217696], "k_pid_yaw": [0.5, 1e-06, 0.1], "k_pid_hsp": [0.17942159178672296, 0.0, 0.0], "k_pid_vsp": [62.883198411196915, 20.412569384345314, 1e-06]}, "datetime": {"datetime": "2025-08-13 20:26:10", "elapsed": 38298.76252865791, "delta": 18.483826160430908}, "costs": {"total_cost": 204.94740256270214, "time_cost": 73.752, "final_distance_cost": 1.8420649045933941, "oscillation_cost": 26.67342146894577, "completition_cost": 0.0, "overshoot_cost": 52.4469226647124, "power_cost": 24.780095703125003, "noise_cost": 25.45289782132556, "n_waypoints_completed": 9, "tot_waypoints": 9}}
{"target": -188.0395828975924, "params": {"k_pid_pos": [1.02410607239358, 0.0004633179899986546, 0.06698349398465196], "k_pid_alt": [1.7469177670179414, 0.0, 0.8306257173639259], "k_pid_att": [36.053902332658694, 3.5216317503877077, 0.22468479157610144], "k_pid_yaw": [0.5, 1e-06, 0.1], "k_pid_hsp": [0.4873099210906294, 0.0, 0.0], "k_pid_vsp": [85.2989794545705, 24.324271521528885, 1e-06]}, "datetime": {"datetime": "2025-08-13 20:26:27", "elapsed": 38315.821018218994, "delta": 17.058489561080933}, "costs": {"total_cost": 188.0395828975924, "time_cost": 70.553, "final_distance_cost": 1.841014525810395, "oscillation_cost": 29.744607055135784, "completition_cost": 0.0, "overshoot_cost": 50.238209160469985, "power_cost": 14.352578515625, "noise_cost": 21.31017364055123, "n_waypoints_completed": 9, "tot_waypoints": 9}}
{"target": -184.4794222519791, "params": {"k_pid_pos": [0.9356957702043054, 0.0, 0.0818098337445739], "k_pid_alt": [1.7619575807432029, 0.0, 0.9520482793953126], "k_pid_att": [35.80873670270584, 3.543255868882451, 0.27068359637196354], "k_pid_yaw": [0.5, 1e-06, 0.1], "k_pid_hsp": [0.1656170030684733, 0.0, 0.0], "k_pid_vsp": [116.04059572044974, 37.713381271191324, 1e-06]}, "datetime": {"datetime": "2025-08-13 20:26:44", "elapsed": 38332.89301776886, "delta": 17.071999549865723}, "costs": {"total_cost": 184.4794222519791, "time_cost": 70.96600000000001, "final_distance_cost": 1.8196296108247452, "oscillation_cost": 26.87775907254468, "completition_cost": 0.0, "overshoot_cost": 50.92518435750447, "power_cost": 13.258229321289063, "noise_cost": 20.632619889816105, "n_waypoints_completed": 9, "tot_waypoints": 9}}
{"target": -997.651757535423, "params": {"k_pid_pos": [1.0871879825535933, 0.0, 0.0], "k_pid_alt": [1.8490977697626974, 0.0, 0.9059170929101105], "k_pid_att": [46.74728544978832, 3.613416682991108, 0.2758309866740654], "k_pid_yaw": [0.5, 1e-06, 0.1], "k_pid_hsp": [0.007510148038414433, 0.0, 0.0], "k_pid_vsp": [91.21398395286022, 19.83962287718319, 1e-06]}, "datetime": {"datetime": "2025-08-13 20:27:13", "elapsed": 38361.66934084892, "delta": 28.776323080062866}, "costs": {"total_cost": 997.651757535423, "time_cost": 150, "final_distance_cost": 56.26967251155951, "oscillation_cost": 2.8244044574132974, "completition_cost": 666.6666666666667, "overshoot_cost": 71.01245884475598, "power_cost": 18.722508117675783, "noise_cost": 32.15604693735164, "n_waypoints_completed": 3, "tot_waypoints": 9}}
{"target": -193.05417784157794, "params": {"k_pid_pos": [0.9998033576959313, 0.0, 0.05791673648960664], "k_pid_alt": [1.7813900086767538, 0.0, 0.9513776444636453], "k_pid_att": [44.99106354162768, 3.5543144852511555, 0.23892115216808577], "k_pid_yaw": [0.5, 1e-06, 0.1], "k_pid_hsp": [0.38779827161679603, 0.0, 0.0], "k_pid_vsp": [127.89872593651172, 26.846055153139933, 1e-06]}, "datetime": {"datetime": "2025-08-13 20:27:30", "elapsed": 38378.43418073654, "delta": 16.76483988761902}, "costs": {"total_cost": 193.05417784157794, "time_cost": 72.016, "final_distance_cost": 1.8415912812789053, "oscillation_cost": 28.723546163613285, "completition_cost": 0.0, "overshoot_cost": 51.30829325127387, "power_cost": 17.086255810546877, "noise_cost": 22.07849133486499, "n_waypoints_completed": 9, "tot_waypoints": 9}}
{"target": -202.21718063552458, "params": {"k_pid_pos": [1.138286054056456, 0.0, 0.07694627864842704], "k_pid_alt": [1.6255723916551394, 0.0, 0.9265370038919372], "k_pid_att": [25.758036815845344, 3.451015805782538, 0.25316491850794964], "k_pid_yaw": [0.5, 1e-06, 0.1], "k_pid_hsp": [0.04843460284925061, 0.0, 0.0], "k_pid_vsp": [81.46954451487562, 49.27814508284321, 3.577813696013219]}, "datetime": {"datetime": "2025-08-13 20:27:49", "elapsed": 38397.67123579979, "delta": 19.23705506324768}, "costs": {"total_cost": 202.21718063552458, "time_cost": 79.548, "final_distance_cost": 1.776077145943302, "oscillation_cost": 22.98724309485581, "completition_cost": 0.0, "overshoot_cost": 55.24163063894911, "power_cost": 18.481791845703125, "noise_cost": 24.182437910073222, "n_waypoints_completed": 9, "tot_waypoints": 9}}
{"target": -183.41235375993847, "params": {"k_pid_pos": [0.8826346726711087, 0.0, 0.025149111514628453], "k_pid_alt": [1.9296622815886784, 0.0, 0.951275697066741], "k_pid_att": [31.17310113164859, 3.4727058627301877, 0.26513411910281726], "k_pid_yaw": [0.5, 1e-06, 0.1], "k_pid_hsp": [0.0997684338545605, 0.0, 0.0], "k_pid_vsp": [83.36611252859225, 30.912110858259034, 1e-06]}, "datetime": {"datetime": "2025-08-13 20:28:06", "elapsed": 38414.49131608009, "delta": 16.820080280303955}, "costs": {"total_cost": 183.41235375993847, "time_cost": 71.372, "final_distance_cost": 1.7940871946267891, "oscillation_cost": 24.963728797843505, "completition_cost": 0.0, "overshoot_cost": 51.37592281803975, "power_cost": 13.105052709960939, "noise_cost": 20.801562239467497, "n_waypoints_completed": 9, "tot_waypoints": 9}}
{"target": -187.31119144980107, "params": {"k_pid_pos": [0.9371417717785508, 0.0, 0.0004683802621862909], "k_pid_alt": [1.9538213215292048, 0.0, 0.9481832400067645], "k_pid_att": [33.520857708420564, 3.689700920118617, 0.27227273839111205], "k_pid_yaw": [0.5, 1e-06, 0.1], "k_pid_hsp": [0.1213216504531407, 0.0, 0.0], "k_pid_vsp": [103.37941067243402, 36.71624196390597, 1e-06]}, "datetime": {"datetime": "2025-08-13 20:28:24", "elapsed": 38432.1822476387, "delta": 17.69093155860901}, "costs": {"total_cost": 187.31119144980107, "time_cost": 70.784, "final_distance_cost": 1.8084972337467171, "oscillation_cost": 26.966783623488933, "completition_cost": 0.0, "overshoot_cost": 51.4311194014067, "power_cost": 15.13611678466797, "noise_cost": 21.184674406490767, "n_waypoints_completed": 9, "tot_waypoints": 9}}
{"target": -183.20960726578568, "params": {"k_pid_pos": [0.8251477734560542, 0.0, 0.08957294453410991], "k_pid_alt": [1.8868770454872101, 0.0, 0.95345883586082], "k_pid_att": [33.49770324729557, 3.669400396336002, 0.2814935748614542], "k_pid_yaw": [0.5, 1e-06, 0.1], "k_pid_hsp": [0.12349886699476749, 0.0, 0.0], "k_pid_vsp": [102.94241686189623, 32.564074533792045, 1e-06]}, "datetime": {"datetime": "2025-08-13 20:28:41", "elapsed": 38449.697335243225, "delta": 17.515087604522705}, "costs": {"total_cost": 183.20960726578568, "time_cost": 71.386, "final_distance_cost": 1.8285808826403775, "oscillation_cost": 25.10427771251948, "completition_cost": 0.0, "overshoot_cost": 51.16846734702828, "power_cost": 12.955876525878907, "noise_cost": 20.76640479771862, "n_waypoints_completed": 9, "tot_waypoints": 9}}
{"target": -180.87167770532352, "params": {"k_pid_pos": [0.8948758408441981, 0.0, 0.07691052582789143], "k_pid_alt": [2.0, 0.0, 0.9695176718258379], "k_pid_att": [34.82008040050144, 6.690587515503336, 0.24388020168316785], "k_pid_yaw": [0.5, 1e-06, 0.1], "k_pid_hsp": [0.11951602840643732, 0.0, 0.0], "k_pid_vsp": [64.08532232139184, 29.43584381666093, 1e-06]}, "datetime": {"datetime": "2025-08-13 20:28:59", "elapsed": 38466.987423181534, "delta": 17.290087938308716}, "costs": {"total_cost": 180.87167770532352, "time_cost": 70.763, "final_distance_cost": 1.8017733271834862, "oscillation_cost": 25.545442168735374, "completition_cost": 0.0, "overshoot_cost": 51.21783237993602, "power_cost": 11.429596362304688, "noise_cost": 20.114033467163964, "n_waypoints_completed": 9, "tot_waypoints": 9}}
{"target": -1230.381121850677, "params": {"k_pid_pos": [0.8101009979948712, 0.0, 0.0697289653733737], "k_pid_alt": [1.7840084089891564, 0.0, 0.9460749406434356], "k_pid_att": [32.72704119324373, 3.6014881190408747, 0.3067735956790948], "k_pid_yaw": [0.5, 1e-06, 0.1], "k_pid_hsp": [0.0001, 0.0, 0.0], "k_pid_vsp": [192.4925158184271, 48.24516745330046, 1e-06]}, "datetime": {"datetime": "2025-08-13 20:29:28", "elapsed": 38496.02941942215, "delta": 29.041996240615845}, "costs": {"total_cost": 1230.381121850677, "time_cost": 150, "final_distance_cost": 46.75994326813008, "oscillation_cost": 0.004283827001422133, "completition_cost": 888.8888888888888, "overshoot_cost": 94.95631112026642, "power_cost": 17.730272265625, "noise_cost": 32.04142248076515, "n_waypoints_completed": 1, "tot_waypoints": 9}}
{"target": -187.80656044401928, "params": {"k_pid_pos": [0.9464835347828151, 0.0, 0.056481863260782875], "k_pid_alt": [1.7874826937992423, 0.0, 0.9398590827647212], "k_pid_att": [31.33747814991849, 3.325689706669395, 0.25607084359705323], "k_pid_yaw": [0.5, 1e-06, 0.1], "k_pid_hsp": [0.11440647325815985, 0.0, 0.0], "k_pid_vsp": [154.35281619912266, 33.55283141539376, 1e-06]}, "datetime": {"datetime": "2025-08-13 20:29:45", "elapsed": 38513.078419446945, "delta": 17.049000024795532}, "costs": {"total_cost": 187.80656044401928, "time_cost": 71.736, "final_distance_cost": 1.794235313489233, "oscillation_cost": 26.18646509455072, "completition_cost": 0.0, "overshoot_cost": 51.71880190663624, "power_cost": 15.010227575683594, "noise_cost": 21.360830553659483, "n_waypoints_completed": 9, "tot_waypoints": 9}}
{"target": -183.4288403959867, "params": {"k_pid_pos": [0.8697861126859692, 0.0, 0.05904179518560182], "k_pid_alt": [1.9305310258699815, 0.0, 0.9429165519616995], "k_pid_att": [35.430402559230664, 3.5069954080266412, 0.28118482779578474], "k_pid_yaw": [0.5, 1e-06, 0.1], "k_pid_hsp": [0.12674158114811215, 0.0, 0.0], "k_pid_vsp": [100.80358204809419, 34.086477083542576, 1e-06]}, "datetime": {"datetime": "2025-08-13 20:30:03", "elapsed": 38531.71820449829, "delta": 18.639785051345825}, "costs": {"total_cost": 183.4288403959867, "time_cost": 70.931, "final_distance_cost": 1.8062222578725766, "oscillation_cost": 25.594201965086178, "completition_cost": 0.0, "overshoot_cost": 50.789153009875136, "power_cost": 13.451245800781251, "noise_cost": 20.857017362371558, "n_waypoints_completed": 9, "tot_waypoints": 9}}
{"target": -186.25691263147434, "params": {"k_pid_pos": [1.079035121172784, 0.0, 0.06862490934305743], "k_pid_alt": [1.7752884025813684, 0.0, 0.9516192183820348], "k_pid_att": [34.329161037031696, 3.5072523404314593, 0.2745809439182343], "k_pid_yaw": [0.5, 1e-06, 0.1], "k_pid_hsp": [0.1389487379757494, 0.0, 0.0], "k_pid_vsp": [101.54040356389226, 29.846396166879614, 1e-06]}, "datetime": {"datetime": "2025-08-13 20:30:20", "elapsed": 38548.525030612946, "delta": 16.80682611465454}, "costs": {"total_cost": 186.25691263147434, "time_cost": 70.889, "final_distance_cost": 1.8239919920541923, "oscillation_cost": 28.02671315731971, "completition_cost": 0.0, "overshoot_cost": 51.08390063642024, "power_cost": 13.62153328857422, "noise_cost": 20.81177355710595, "n_waypoints_completed": 9, "tot_waypoints": 9}}
{"target": -184.6328852709234, "params": {"k_pid_pos": [0.924991273365658, 0.0, 0.055634046786488874], "k_pid_alt": [1.6480041594035966, 0.0, 0.9684945062088086], "k_pid_att": [34.26755580304898, 3.335611445080797, 0.23651198501825488], "k_pid_yaw": [0.5, 1e-06, 0.1], "k_pid_hsp": [0.3370456893208661, 0.0, 0.0], "k_pid_vsp": [103.34531082265481, 17.23181783326102, 1e-06]}, "datetime": {"datetime": "2025-08-13 20:30:38", "elapsed": 38566.071482896805, "delta": 17.546452283859253}, "costs": {"total_cost": 184.6328852709234, "time_cost": 71.876, "final_distance_cost": 1.8427008706087074, "oscillation_cost": 28.695371010717484, "completition_cost": 0.0, "overshoot_cost": 50.9076267816815, "power_cost": 10.916773022460937, "noise_cost": 20.394413585454764, "n_waypoints_completed": 9, "tot_waypoints": 9}}
{"target": -191.97811558085368, "params": {"k_pid_pos": [0.8599663977438456, 0.0, 0.0900831355879899], "k_pid_alt": [1.9145900562433222, 0.0, 0.9487701669313001], "k_pid_att": [33.26877877165739, 3.499240664522289, 0.27319802880932664], "k_pid_yaw": [0.5, 1e-06, 0.1], "k_pid_hsp": [0.19835746852512595, 0.0, 0.0], "k_pid_vsp": [0.0, 32.83910844559594, 1e-06]}, "datetime": {"datetime": "2025-08-13 20:30:55", "elapsed": 38583.23918843269, "delta": 17.167705535888672}, "costs": {"total_cost": 191.97811558085368, "time_cost": 71.687, "final_distance_cost": 1.837661159452011, "oscillation_cost": 26.946535142690063, "completition_cost": 0.0, "overshoot_cost": 52.55386996307896, "power_cost": 16.198634118652343, "noise_cost": 22.754415196980318, "n_waypoints_completed": 9, "tot_waypoints": 9}}
{"target": -186.08312581898875, "params": {"k_pid_pos": [1.1254690600342703, 0.0, 0.050176680837924245], "k_pid_alt": [1.803242051634198, 0.0, 0.9373125855654595], "k_pid_att": [34.282859636078896, 3.55465163036087, 0.27792198320497813], "k_pid_yaw": [0.5, 1e-06, 0.1], "k_pid_hsp": [0.12367228238432627, 0.0, 0.0], "k_pid_vsp": [96.6575145569403, 34.418819326845444, 1e-06]}, "datetime": {"datetime": "2025-08-13 20:31:13", "elapsed": 38601.610186338425, "delta": 18.3709979057312}, "costs": {"total_cost": 186.08312581898875, "time_cost": 70.7, "final_distance_cost": 1.8063953244142106, "oscillation_cost": 28.4474627330031, "completition_cost": 0.0, "overshoot_cost": 50.84842977558572, "power_cost": 13.460371130371094, "noise_cost": 20.820466855614615, "n_waypoints_completed": 9, "tot_waypoints": 9}}
{"target": -860.5625734921618, "params": {"k_pid_pos": [0.4635694225612388, 0.0007045899164269691, 0.042471820257023375], "k_pid_alt": [1.6865401024368196, 0.0, 0.9588488239098085], "k_pid_att": [30.939268023689763, 3.3942361380322947, 0.2787679715242237], "k_pid_yaw": [0.5, 1e-06, 0.1], "k_pid_hsp": [0.012590889787663234, 0.0, 0.0], "k_pid_vsp": [152.4839271207551, 14.650164096602978, 1e-06]}, "datetime": {"datetime": "2025-08-13 20:31:43", "elapsed": 38631.01462602615, "delta": 29.404439687728882}, "costs": {"total_cost": 860.5625734921618, "time_cost": 150, "final_distance_cost": 44.124047559074484, "oscillation_cost": 3.266497756052745, "completition_cost": 555.5555555555555, "overshoot_cost": 67.85549865451624, "power_cost": 11.069628503417968, "noise_cost": 28.691345463544728, "n_waypoints_completed": 4, "tot_waypoints": 9}}
{"target": -188.61012760313724, "params": {"k_pid_pos": [1.1092715782054177, 0.0, 0.08189168905073113], "k_pid_alt": [1.8013092336192253, 0.0, 0.9715293074311492], "k_pid_att": [36.616770069807444, 3.452980979957272, 0.26741758561444007], "k_pid_yaw": [0.5, 1e-06, 0.1], "k_pid_hsp": [0.25780714501188157, 0.0, 0.0], "k_pid_vsp": [119.58984642828118, 16.27133197740091, 1e-06]}, "datetime": {"datetime": "2025-08-13 20:31:59", "elapsed": 38647.631811618805, "delta": 16.617185592651367}, "costs": {"total_cost": 188.61012760313724, "time_cost": 71.113, "final_distance_cost": 1.8342574939686984, "oscillation_cost": 29.359123264042193, "completition_cost": 0.0, "overshoot_cost": 51.11406986692549, "power_cost": 14.081499096679687, "noise_cost": 21.10817788152116, "n_waypoints_completed": 9, "tot_waypoints": 9}}
{"target": -179.95649560699005, "params": {"k_pid_pos": [1.2033291345893493, 0.0, 0.07346914937693633], "k_pid_alt": [1.8790284709547649, 0.0, 0.9712208238352154], "k_pid_att": [32.90068575037573, 3.513807730579498, 0.2632970615819732], "k_pid_yaw": [0.5, 1e-06, 0.1], "k_pid_hsp": [0.1291889131817321, 0.0, 0.0], "k_pid_vsp": [141.07194813049318, 35.561477080452335, 1e-06]}, "datetime": {"datetime": "2025-08-13 20:32:17", "elapsed": 38665.55422401428, "delta": 17.922412395477295}, "costs": {"total_cost": 179.95649560699005, "time_cost": 70.46900000000001, "final_distance_cost": 1.7804254836386901, "oscillation_cost": 29.09837664716723, "completition_cost": 0.0, "overshoot_cost": 50.72187065199207, "power_cost": 8.883885717773438, "noise_cost": 19.002937106418607, "n_waypoints_completed": 9, "tot_waypoints": 9}}
{"target": -180.25009585406983, "params": {"k_pid_pos": [0.8213754316150846, 0.0, 0.059598784846838906], "k_pid_alt": [1.614910374876717, 0.0, 0.9273407727203978], "k_pid_att": [32.85721392168749, 3.519542695285419, 0.28917757532456884], "k_pid_yaw": [0.5, 1e-06, 0.1], "k_pid_hsp": [0.19754671285254435, 0.0, 0.0], "k_pid_vsp": [96.26500859654436, 41.01985001127867, 1e-06]}, "datetime": {"datetime": "2025-08-13 20:32:34", "elapsed": 38682.37353849411, "delta": 16.81931447982788}, "costs": {"total_cost": 180.25009585406983, "time_cost": 71.631, "final_distance_cost": 1.836721062412856, "oscillation_cost": 26.38708338563916, "completition_cost": 0.0, "overshoot_cost": 50.246503707550005, "power_cost": 10.143241870117189, "noise_cost": 20.005545828350616, "n_waypoints_completed": 9, "tot_waypoints": 9}}
{"target": -191.48412617384486, "params": {"k_pid_pos": [0.8212817087498845, 0.0, 0.026990111315697562], "k_pid_alt": [1.5962261926951689, 0.0, 0.9549905292940198], "k_pid_att": [33.62065699241033, 3.3363411369508897, 0.2628459221982656], "k_pid_yaw": [0.5, 1e-06, 0.1], "k_pid_hsp": [0.1097077875636966, 0.0, 0.0], "k_pid_vsp": [103.8623882712548, 37.5962324595112, 0.6374073001376532]}, "datetime": {"datetime": "2025-08-13 20:32:53", "elapsed": 38701.01985645294, "delta": 18.646317958831787}, "costs": {"total_cost": 191.48412617384486, "time_cost": 72.688, "final_distance_cost": 1.804815547838882, "oscillation_cost": 25.012482437506243, "completition_cost": 0.0, "overshoot_cost": 52.12524248825162, "power_cost": 17.73861942138672, "noise_cost": 22.114966278861417, "n_waypoints_completed": 9, "tot_waypoints": 9}}
{"target": -195.2951490562246, "params": {"k_pid_pos": [1.0363644911304761, 0.008544037929788025, 0.0650690213136115], "k_pid_alt": [1.7192855690054305, 0.0, 0.9410221738354908], "k_pid_att": [34.990864089823354, 3.35269294785737, 0.2609253666229461], "k_pid_yaw": [0.5, 1e-06, 0.1], "k_pid_hsp": [0.4554681111762167, 0.0, 0.0], "k_pid_vsp": [20.319413205729287, 28.88567663007526, 1e-06]}, "datetime": {"datetime": "2025-08-13 20:33:09", "elapsed": 38717.67368888855, "delta": 16.65383243560791}, "costs": {"total_cost": 195.2951490562246, "time_cost": 71.015, "final_distance_cost": 1.849611816028369, "oscillation_cost": 29.278580779818, "completition_cost": 0.0, "overshoot_cost": 51.15927265625522, "power_cost": 19.135635522460937, "noise_cost": 22.85704828166205, "n_waypoints_completed": 9, "tot_waypoints": 9}}
{"target": -185.13162701617563, "params": {"k_pid_pos": [0.7700464799191628, 0.0, 0.06522833956690809], "k_pid_alt": [1.906381189950112, 0.0, 0.9514839199588598], "k_pid_att": [35.09709513649259, 3.182469436466906, 0.22115093108136732], "k_pid_yaw": [0.5, 1e-06, 0.1], "k_pid_hsp": [0.15698190267929607, 0.0, 0.0], "k_pid_vsp": [113.62617235234532, 26.469502556668097, 1e-06]}, "datetime": {"datetime": "2025-08-13 20:33:26", "elapsed": 38734.93972182274, "delta": 17.266032934188843}, "costs": {"total_cost": 185.13162701617563, "time_cost": 71.799, "final_distance_cost": 1.8421272731441727, "oscillation_cost": 25.28870219878057, "completition_cost": 0.0, "overshoot_cost": 51.04203602884161, "power_cost": 13.796823010253908, "noise_cost": 21.362938505155366, "n_waypoints_completed": 9, "tot_waypoints": 9}}
