{"target": -186.98552573550293, "params": {"k_pid_pos": [1.1396994203605262, 0.0, 0.056434582261454945], "k_pid_alt": [1.615012892520763, 0.0, 0.9409429602220551], "k_pid_att": [35.11496135779054, 3.3364338219405827, 0.25313423055295425], "k_pid_yaw": [0.5, 1e-06, 0.1], "k_pid_hsp": [0.27566680100742086, 0.0, 0.0], "k_pid_vsp": [125.06034759364556, 46.73857918914367, 1e-06]}, "datetime": {"datetime": "2025-08-13 17:18:34", "elapsed": 27042.018141031265, "delta": 17.495875358581543}, "costs": {"total_cost": 186.98552573550293, "time_cost": 70.651, "final_distance_cost": 1.8209834773048028, "oscillation_cost": 29.975234344365173, "completition_cost": 0.0, "overshoot_cost": 50.51791116636367, "power_cost": 13.427735717773437, "noise_cost": 20.592661029695854, "n_waypoints_completed": 9, "tot_waypoints": 9}}
{"target": -194.90798796896735, "params": {"k_pid_pos": [1.2491787269304209, 0.0, 0.08425464646119894], "k_pid_alt": [1.6490690071875795, 0.0, 0.937450824389309], "k_pid_att": [36.37405525817925, 3.366518236250616, 0.2417899335721528], "k_pid_yaw": [0.5, 1e-06, 0.1], "k_pid_hsp": [0.3584824639719274, 0.0, 0.0], "k_pid_vsp": [125.41965362359612, 21.917822431887068, 1e-06]}, "datetime": {"datetime": "2025-08-13 17:18:50", "elapsed": 27058.55012345314, "delta": 16.531982421875}, "costs": {"total_cost": 194.90798796896735, "time_cost": 71.169, "final_distance_cost": 1.809566959820844, "oscillation_cost": 30.48519605157481, "completition_cost": 0.0, "overshoot_cost": 51.07294570932452, "power_cost": 18.32732418212891, "noise_cost": 22.043955066118254, "n_waypoints_completed": 9, "tot_waypoints": 9}}
{"target": -191.91780236681265, "params": {"k_pid_pos": [1.121555861047538, 0.0, 0.1128962198813127], "k_pid_alt": [1.611266957622447, 0.0, 0.9543837646045633], "k_pid_att": [31.31124996006365, 3.2459424406933572, 0.2500367106037551], "k_pid_yaw": [0.5, 1e-06, 0.1], "k_pid_hsp": [0.2700869600450417, 0.0, 0.0], "k_pid_vsp": [113.1001065254709, 1.1576598775239972, 1e-06]}, "datetime": {"datetime": "2025-08-13 17:19:08", "elapsed": 27076.016262292862, "delta": 17.46613883972168}, "costs": {"total_cost": 191.91780236681265, "time_cost": 72.254, "final_distance_cost": 1.840512034210697, "oscillation_cost": 29.12173410971816, "completition_cost": 0.0, "overshoot_cost": 51.450391144046606, "power_cost": 15.432872094726564, "noise_cost": 21.818292984110606, "n_waypoints_completed": 9, "tot_waypoints": 9}}
{"target": -180.2126432120235, "params": {"k_pid_pos": [1.1517116662024673, 0.0, 0.08590387856893816], "k_pid_alt": [1.636526689060888, 0.0, 0.9270941249204584], "k_pid_att": [34.758995487728434, 3.4789987973429164, 0.24710498745840334], "k_pid_yaw": [0.5, 1e-06, 0.1], "k_pid_hsp": [0.22599155537193197, 0.0, 0.0], "k_pid_vsp": [19.129539581821092, 25.327211995167268, 1e-06]}, "datetime": {"datetime": "2025-08-13 17:19:25", "elapsed": 27093.089856624603, "delta": 17.073594331741333}, "costs": {"total_cost": 180.2126432120235, "time_cost": 70.266, "final_distance_cost": 1.8174654956479936, "oscillation_cost": 29.247832599850664, "completition_cost": 0.0, "overshoot_cost": 50.12488900336351, "power_cost": 9.592849719238282, "noise_cost": 19.163606393923043, "n_waypoints_completed": 9, "tot_waypoints": 9}}
{"target": -187.37991497242962, "params": {"k_pid_pos": [1.1311542165649113, 0.0, 0.08450175932594589], "k_pid_alt": [1.67972045833156, 0.0, 0.9432251651676747], "k_pid_att": [38.70175521119825, 3.6438288353294386, 0.2508544843243698], "k_pid_yaw": [0.5, 1e-06, 0.1], "k_pid_hsp": [0.2580918504099363, 0.0, 0.0], "k_pid_vsp": [126.5894255189447, 22.17776448071389, 1e-06]}, "datetime": {"datetime": "2025-08-13 17:19:42", "elapsed": 27110.499472618103, "delta": 17.409615993499756}, "costs": {"total_cost": 187.37991497242962, "time_cost": 70.82600000000001, "final_distance_cost": 1.8271991948657518, "oscillation_cost": 29.46083637559163, "completition_cost": 0.0, "overshoot_cost": 50.61369479998993, "power_cost": 13.854298986816406, "noise_cost": 20.797885615165868, "n_waypoints_completed": 9, "tot_waypoints": 9}}
{"target": -188.10318430863907, "params": {"k_pid_pos": [1.1300608330680928, 0.0, 0.08575975415974188], "k_pid_alt": [1.630277084349191, 0.0, 0.8973635976797467], "k_pid_att": [37.96404854748729, 3.190726244449995, 0.24792525316511635], "k_pid_yaw": [0.5, 1e-06, 0.1], "k_pid_hsp": [0.2661971014004055, 0.0, 0.0], "k_pid_vsp": [107.29640233778788, 38.14303025510345, 1e-06]}, "datetime": {"datetime": "2025-08-13 17:19:59", "elapsed": 27127.363236665726, "delta": 16.86376404762268}, "costs": {"total_cost": 188.10318430863907, "time_cost": 70.693, "final_distance_cost": 1.823613531402374, "oscillation_cost": 29.52146854023391, "completition_cost": 0.0, "overshoot_cost": 50.702367116737435, "power_cost": 14.419885180664064, "noise_cost": 20.9428499396013, "n_waypoints_completed": 9, "tot_waypoints": 9}}
{"target": -189.38670526119546, "params": {"k_pid_pos": [1.168826910188859, 0.0, 0.08517172996870136], "k_pid_alt": [1.6898949643454033, 0.0, 0.949223203645005], "k_pid_att": [32.36335154011878, 3.3594508532171643, 0.23467019293349842], "k_pid_yaw": [0.5, 1e-06, 0.1], "k_pid_hsp": [0.251762473861811, 0.0, 0.0], "k_pid_vsp": [131.14019832679676, 23.817630671382318, 1e-06]}, "datetime": {"datetime": "2025-08-13 17:20:16", "elapsed": 27144.813781261444, "delta": 17.450544595718384}, "costs": {"total_cost": 189.38670526119546, "time_cost": 71.08500000000001, "final_distance_cost": 1.8228013910179426, "oscillation_cost": 29.92364191977448, "completition_cost": 0.0, "overshoot_cost": 50.965463702005195, "power_cost": 14.512765429687501, "noise_cost": 21.07703281871032, "n_waypoints_completed": 9, "tot_waypoints": 9}}
{"target": -192.31422431463108, "params": {"k_pid_pos": [1.296707862334698, 0.0, 0.08990590670481806], "k_pid_alt": [1.6275383043863798, 0.0, 0.9436873429040645], "k_pid_att": [37.20628288612893, 3.5615847301263446, 0.2505487910181075], "k_pid_yaw": [0.5, 1e-06, 0.1], "k_pid_hsp": [0.22752729927276721, 0.0, 0.0], "k_pid_vsp": [130.64376256802137, 26.438677336217136, 1e-06]}, "datetime": {"datetime": "2025-08-13 17:20:34", "elapsed": 27162.370044469833, "delta": 17.556263208389282}, "costs": {"total_cost": 192.31422431463108, "time_cost": 71.61, "final_distance_cost": 1.8308613915105887, "oscillation_cost": 30.311142844173215, "completition_cost": 0.0, "overshoot_cost": 50.94715721744641, "power_cost": 16.167334326171876, "noise_cost": 21.447728535328995, "n_waypoints_completed": 9, "tot_waypoints": 9}}
{"target": -189.8270262732005, "params": {"k_pid_pos": [1.2482195588249188, 0.0, 0.05303563355252425], "k_pid_alt": [1.6612053864506746, 0.0, 0.9421419162919272], "k_pid_att": [21.3143755148593, 3.275960751213799, 0.2629730430689452], "k_pid_yaw": [0.5, 1e-06, 0.1], "k_pid_hsp": [0.10715921876540546, 0.021561686366065175, 0.0], "k_pid_vsp": [131.01700278140152, 19.885801299783452, 1.4995659338736456]}, "datetime": {"datetime": "2025-08-13 17:20:51", "elapsed": 27179.309343099594, "delta": 16.939298629760742}, "costs": {"total_cost": 189.8270262732005, "time_cost": 71.988, "final_distance_cost": 1.7940054044511708, "oscillation_cost": 32.728126427653734, "completition_cost": 0.0, "overshoot_cost": 51.69387195417478, "power_cost": 11.626463720703125, "noise_cost": 19.99655876621769, "n_waypoints_completed": 9, "tot_waypoints": 9}}
{"target": -199.103282591229, "params": {"k_pid_pos": [0.42223695466725125, 0.0, 0.05964863738156589], "k_pid_alt": [1.5877019041309517, 0.0, 1.0], "k_pid_att": [21.285170384545108, 3.411145523065983, 0.27894167619919946], "k_pid_yaw": [0.5, 1e-06, 0.1], "k_pid_hsp": [0.1326525966415963, 0.0, 0.0], "k_pid_vsp": [119.84135710596581, 2.983183159739589, 1.900233348229876]}, "datetime": {"datetime": "2025-08-13 17:21:11", "elapsed": 27199.257600069046, "delta": 19.948256969451904}, "costs": {"total_cost": 199.103282591229, "time_cost": 82.761, "final_distance_cost": 1.8515049958421141, "oscillation_cost": 19.89168055775972, "completition_cost": 0.0, "overshoot_cost": 53.14712423485508, "power_cost": 15.880483947753907, "noise_cost": 25.571488855018167, "n_waypoints_completed": 9, "tot_waypoints": 9}}
{"target": -194.7611405126493, "params": {"k_pid_pos": [1.1695973597416591, 0.010470949781635597, 0.05775644110960234], "k_pid_alt": [1.601987110411774, 0.0, 0.9711110920745994], "k_pid_att": [35.945325411234876, 3.400055735206152, 0.2641342253351362], "k_pid_yaw": [0.5, 1e-06, 0.1], "k_pid_hsp": [0.18815269067083384, 0.0, 0.0], "k_pid_vsp": [89.68236951809592, 14.878138482677134, 1e-06]}, "datetime": {"datetime": "2025-08-13 17:21:28", "elapsed": 27216.23146891594, "delta": 16.97386884689331}, "costs": {"total_cost": 194.7611405126493, "time_cost": 72.03, "final_distance_cost": 1.8073761281872458, "oscillation_cost": 29.61878457873063, "completition_cost": 0.0, "overshoot_cost": 51.673583665079285, "power_cost": 17.612214282226564, "noise_cost": 22.019181858425544, "n_waypoints_completed": 9, "tot_waypoints": 9}}
{"target": -186.3189953928588, "params": {"k_pid_pos": [1.1796821038049512, 0.0, 0.059423664296295226], "k_pid_alt": [1.6079896367913467, 0.0, 0.9254341844889763], "k_pid_att": [37.308769747612224, 3.264770577920664, 0.2511813627606245], "k_pid_yaw": [0.5, 1e-06, 0.1], "k_pid_hsp": [0.2728943579284416, 0.0, 0.0], "k_pid_vsp": [168.20754111904085, 22.891670359365104, 1e-06]}, "datetime": {"datetime": "2025-08-13 17:21:45", "elapsed": 27233.027676582336, "delta": 16.796207666397095}, "costs": {"total_cost": 186.3189953928588, "time_cost": 71.197, "final_distance_cost": 1.8306927152021908, "oscillation_cost": 30.18041915508772, "completition_cost": 0.0, "overshoot_cost": 50.83749226675649, "power_cost": 12.036986560058594, "noise_cost": 20.23640469575381, "n_waypoints_completed": 9, "tot_waypoints": 9}}
{"target": -196.68146596783856, "params": {"k_pid_pos": [1.1810934392752175, 0.0, 0.037836600033088294], "k_pid_alt": [1.5613965586798473, 0.0, 0.9419456622823167], "k_pid_att": [32.01890859358173, 3.6547167372546268, 0.24957458715447076], "k_pid_yaw": [0.5, 1e-06, 0.1], "k_pid_hsp": [0.26209398833942316, 0.0, 0.0], "k_pid_vsp": [148.2365815335437, 36.63279870831761, 1e-06]}, "datetime": {"datetime": "2025-08-13 17:22:03", "elapsed": 27251.740719795227, "delta": 18.713043212890625}, "costs": {"total_cost": 196.68146596783856, "time_cost": 71.96000000000001, "final_distance_cost": 1.832869329073346, "oscillation_cost": 29.992715664061418, "completition_cost": 0.0, "overshoot_cost": 51.53533647948176, "power_cost": 19.119079553222658, "noise_cost": 22.241464941999354, "n_waypoints_completed": 9, "tot_waypoints": 9}}
{"target": -190.67766658198275, "params": {"k_pid_pos": [1.312703471066379, 0.0, 0.1842323842098108], "k_pid_alt": [1.620447051773078, 0.0, 0.9843665826818327], "k_pid_att": [15.439279570331388, 3.4648899734810175, 0.21518118570797531], "k_pid_yaw": [0.5, 1e-06, 0.1], "k_pid_hsp": [0.3000103095147058, 0.0778700294341549, 0.0], "k_pid_vsp": [198.78061338983468, 13.007817809559423, 1e-06]}, "datetime": {"datetime": "2025-08-13 17:22:20", "elapsed": 27268.79601264, "delta": 17.05529284477234}, "costs": {"total_cost": 190.67766658198275, "time_cost": 71.274, "final_distance_cost": 1.8362148404052216, "oscillation_cost": 32.96780369765327, "completition_cost": 0.0, "overshoot_cost": 50.40310561627162, "power_cost": 13.582998400878907, "noise_cost": 20.613544026773745, "n_waypoints_completed": 9, "tot_waypoints": 9}}
{"target": -190.48762561237027, "params": {"k_pid_pos": [1.20437183916073, 0.0, 0.08536329790865672], "k_pid_alt": [1.6226892350207789, 0.0, 0.9433370559224248], "k_pid_att": [36.31486347605809, 3.2547721923272417, 0.24960447238527672], "k_pid_yaw": [0.5, 1e-06, 0.1], "k_pid_hsp": [0.2857870870555837, 0.0, 0.0], "k_pid_vsp": [132.4244741582818, 26.254318470613647, 1e-06]}, "datetime": {"datetime": "2025-08-13 17:22:37", "elapsed": 27285.408566713333, "delta": 16.61255407333374}, "costs": {"total_cost": 190.48762561237027, "time_cost": 71.197, "final_distance_cost": 1.8188795064439736, "oscillation_cost": 30.216483363101684, "completition_cost": 0.0, "overshoot_cost": 50.66444752781911, "power_cost": 15.39748221435547, "noise_cost": 21.193333000650007, "n_waypoints_completed": 9, "tot_waypoints": 9}}
{"target": -189.0375901875411, "params": {"k_pid_pos": [1.1497227615785648, 0.0, 0.08577024233828646], "k_pid_alt": [1.6277010771671403, 0.0, 0.9421850784655641], "k_pid_att": [35.86934369352173, 4.058337944614164, 0.2510762607983455], "k_pid_yaw": [0.5, 1e-06, 0.1], "k_pid_hsp": [0.26754115154321967, 0.0, 0.0], "k_pid_vsp": [126.27777331001792, 26.83225908033748, 1e-06]}, "datetime": {"datetime": "2025-08-13 17:22:54", "elapsed": 27302.300094366074, "delta": 16.89152765274048}, "costs": {"total_cost": 189.0375901875411, "time_cost": 70.959, "final_distance_cost": 1.8340962768421505, "oscillation_cost": 29.708500101699826, "completition_cost": 0.0, "overshoot_cost": 50.62971356477058, "power_cost": 14.735739709472657, "noise_cost": 21.170540534755894, "n_waypoints_completed": 9, "tot_waypoints": 9}}
{"target": -202.20410049588872, "params": {"k_pid_pos": [0.6315224604048373, 0.0, 0.07857229869810317], "k_pid_alt": [1.5886404516489077, 0.0, 0.9442321023110591], "k_pid_att": [36.13386120086319, 3.4829093486719818, 0.6656077885127771], "k_pid_yaw": [0.5, 1e-06, 0.1], "k_pid_hsp": [0.4996005213576337, 0.0, 0.0], "k_pid_vsp": [123.58160650614977, 25.047264621573806, 1e-06]}, "datetime": {"datetime": "2025-08-13 17:23:13", "elapsed": 27321.370452404022, "delta": 19.07035803794861}, "costs": {"total_cost": 202.20410049588872, "time_cost": 79.723, "final_distance_cost": 1.854887837012634, "oscillation_cost": 26.71874300077193, "completition_cost": 0.0, "overshoot_cost": 51.55980090106551, "power_cost": 17.376988342285156, "noise_cost": 24.970680414753506, "n_waypoints_completed": 9, "tot_waypoints": 9}}
{"target": -400.6971259854754, "params": {"k_pid_pos": [0.22946161987443037, 0.0, 0.10620346627848115], "k_pid_alt": [1.651513516864394, 0.0, 0.9421449770665881], "k_pid_att": [35.94811318803076, 3.34571899338253, 0.2462858206698727], "k_pid_yaw": [0.5, 1e-06, 0.1], "k_pid_hsp": [0.2696383885153702, 0.0, 0.0], "k_pid_vsp": [124.89675943194113, 22.600853741213786, 1e-06]}, "datetime": {"datetime": "2025-08-13 17:23:43", "elapsed": 27351.111437559128, "delta": 29.74098515510559}, "costs": {"total_cost": 400.6971259854754, "time_cost": 150, "final_distance_cost": 17.185347808689276, "oscillation_cost": 17.55251974376885, "completition_cost": 111.11111111111116, "overshoot_cost": 59.67423058898322, "power_cost": 14.119806164550782, "noise_cost": 31.054110568372167, "n_waypoints_completed": 8, "tot_waypoints": 9}}
{"target": -196.64961073708244, "params": {"k_pid_pos": [1.1789826731163258, 0.0, 0.08160685132928223], "k_pid_alt": [1.6280201020156182, 0.0, 0.9437652461155598], "k_pid_att": [36.11383434881097, 3.367007686044121, 0.24995128827968013], "k_pid_yaw": [0.5, 1e-06, 0.1], "k_pid_hsp": [0.23637374085303942, 0.0, 0.0], "k_pid_vsp": [123.38847496366952, 25.95848803460285, 1e-06]}, "datetime": {"datetime": "2025-08-13 17:24:00", "elapsed": 27368.890172958374, "delta": 17.778735399246216}, "costs": {"total_cost": 196.64961073708244, "time_cost": 72.037, "final_distance_cost": 1.833501900920939, "oscillation_cost": 29.551650533667548, "completition_cost": 0.0, "overshoot_cost": 51.842390484003595, "power_cost": 19.183115356445313, "noise_cost": 22.201952462045032, "n_waypoints_completed": 9, "tot_waypoints": 9}}
{"target": -191.3436675619963, "params": {"k_pid_pos": [1.1634587876904963, 0.0005617346641569597, 0.08904203416136827], "k_pid_alt": [1.6168618803214665, 0.0, 0.7370295552194825], "k_pid_att": [35.47865394067273, 3.349271936531407, 0.26801442397872843], "k_pid_yaw": [0.5, 1e-06, 0.1], "k_pid_hsp": [0.27415030322117356, 0.0, 0.0], "k_pid_vsp": [121.49703371476019, 23.397064952944728, 1e-06]}, "datetime": {"datetime": "2025-08-13 17:24:17", "elapsed": 27385.528702259064, "delta": 16.638529300689697}, "costs": {"total_cost": 191.3436675619963, "time_cost": 70.609, "final_distance_cost": 1.8290768822697556, "oscillation_cost": 29.86010796850468, "completition_cost": 0.0, "overshoot_cost": 51.198715528926286, "power_cost": 16.346388134765625, "noise_cost": 21.50037904752998, "n_waypoints_completed": 9, "tot_waypoints": 9}}
{"target": -184.51401655180746, "params": {"k_pid_pos": [0.7577335161619307, 0.0, 0.10905196169989899], "k_pid_alt": [1.61915270653579, 0.0, 0.9468312642509507], "k_pid_att": [35.63363649079529, 3.4246128223809857, 0.2501022830335919], "k_pid_yaw": [0.5, 1e-06, 0.1], "k_pid_hsp": [0.2626568578393662, 0.0, 0.0], "k_pid_vsp": [128.61020056018327, 38.558542271672714, 1e-06]}, "datetime": {"datetime": "2025-08-13 17:24:35", "elapsed": 27403.90211081505, "delta": 18.373408555984497}, "costs": {"total_cost": 184.51401655180746, "time_cost": 74.13, "final_distance_cost": 1.8495667199692774, "oscillation_cost": 26.778060686887642, "completition_cost": 0.0, "overshoot_cost": 50.598341558627574, "power_cost": 10.259014245605469, "noise_cost": 20.899033340717498, "n_waypoints_completed": 9, "tot_waypoints": 9}}
{"target": -194.34073337670952, "params": {"k_pid_pos": [1.1123956317517694, 0.0, 0.16993828394433275], "k_pid_alt": [1.7210834366799097, 0.0, 0.9335013334549329], "k_pid_att": [36.3322658647354, 3.940646237181346, 0.25042965738372003], "k_pid_yaw": [0.5, 1e-06, 0.1], "k_pid_hsp": [0.2787411012561206, 0.0, 0.0], "k_pid_vsp": [119.58353319079139, 20.16761753674395, 1e-06]}, "datetime": {"datetime": "2025-08-13 17:24:53", "elapsed": 27421.12729358673, "delta": 17.22518277168274}, "costs": {"total_cost": 194.34073337670952, "time_cost": 71.869, "final_distance_cost": 1.8350911717241363, "oscillation_cost": 28.664591546800434, "completition_cost": 0.0, "overshoot_cost": 51.200291451225475, "power_cost": 18.463725537109376, "noise_cost": 22.3080336698501, "n_waypoints_completed": 9, "tot_waypoints": 9}}
{"target": -188.920645050879, "params": {"k_pid_pos": [1.0092074844252967, 0.0, 0.0], "k_pid_alt": [1.6337898960146935, 0.0, 0.9320835121349611], "k_pid_att": [37.93517025011097, 3.973572125301102, 0.24837867413144413], "k_pid_yaw": [0.5, 1e-06, 0.1], "k_pid_hsp": [0.2774837951097566, 0.0, 0.0], "k_pid_vsp": [123.3840794535674, 19.961225255850728, 1e-06]}, "datetime": {"datetime": "2025-08-13 17:25:10", "elapsed": 27438.03400826454, "delta": 16.90671467781067}, "costs": {"total_cost": 188.920645050879, "time_cost": 71.498, "final_distance_cost": 1.840709750553768, "oscillation_cost": 29.07069677699973, "completition_cost": 0.0, "overshoot_cost": 50.948888751538206, "power_cost": 14.357700073242189, "noise_cost": 21.204649698545083, "n_waypoints_completed": 9, "tot_waypoints": 9}}
{"target": -188.97410235159202, "params": {"k_pid_pos": [1.0465924852472575, 0.0, 0.08201271652740394], "k_pid_alt": [1.621456236525504, 0.0, 0.9267059364533606], "k_pid_att": [33.36276889347057, 3.396661568612204, 0.24749774887976192], "k_pid_yaw": [0.5, 1e-06, 0.1], "k_pid_hsp": [0.1668627376662562, 0.0, 0.0], "k_pid_vsp": [16.79773011691624, 26.490434022078862, 1.19447089357902]}, "datetime": {"datetime": "2025-08-13 17:25:27", "elapsed": 27455.200603961945, "delta": 17.166595697402954}, "costs": {"total_cost": 188.97410235159202, "time_cost": 70.518, "final_distance_cost": 1.8299892105416535, "oscillation_cost": 27.24655892848047, "completition_cost": 0.0, "overshoot_cost": 50.98906304391293, "power_cost": 16.849798266601564, "noise_cost": 21.540692902055426, "n_waypoints_completed": 9, "tot_waypoints": 9}}
{"target": -187.5822973950488, "params": {"k_pid_pos": [1.1508487054104515, 0.0, 0.07407570941611136], "k_pid_alt": [1.676330013178498, 0.0, 0.9401930542094029], "k_pid_att": [38.01872796527835, 3.7884171981909858, 0.24072815455321683], "k_pid_yaw": [0.5, 1e-06, 0.1], "k_pid_hsp": [0.25068458310290054, 0.0, 0.0], "k_pid_vsp": [61.780237670345876, 25.64066204307707, 1e-06]}, "datetime": {"datetime": "2025-08-13 17:25:43", "elapsed": 27471.753225803375, "delta": 16.552621841430664}, "costs": {"total_cost": 187.5822973950488, "time_cost": 70.616, "final_distance_cost": 1.8225286545052677, "oscillation_cost": 29.846270667191952, "completition_cost": 0.0, "overshoot_cost": 50.94738018829679, "power_cost": 13.691060290527345, "noise_cost": 20.659057594527468, "n_waypoints_completed": 9, "tot_waypoints": 9}}
{"target": -187.71819623768516, "params": {"k_pid_pos": [0.8249181427151611, 0.0, 0.037751650397812704], "k_pid_alt": [1.6109154688542333, 0.0, 0.9375511085624751], "k_pid_att": [34.5629339558003, 3.856210173692964, 0.2581395536451211], "k_pid_yaw": [0.5, 1e-06, 0.1], "k_pid_hsp": [0.2519465092063229, 0.0, 0.0], "k_pid_vsp": [115.21637320244622, 27.54338048070269, 1e-06]}, "datetime": {"datetime": "2025-08-13 17:26:01", "elapsed": 27489.148997545242, "delta": 17.395771741867065}, "costs": {"total_cost": 187.71819623768516, "time_cost": 72.282, "final_distance_cost": 1.8401488152123924, "oscillation_cost": 27.092726505621396, "completition_cost": 0.0, "overshoot_cost": 50.74845826864589, "power_cost": 14.18823408203125, "noise_cost": 21.566628566174245, "n_waypoints_completed": 9, "tot_waypoints": 9}}
