{"target": -192.07941202720016, "params": {"k_pid_pos": [0.8566106838391974, 0.0, 0.05734031489031488], "k_pid_alt": [1.919327496311646, 0.0, 0.9462772224003282], "k_pid_att": [34.68543848803275, 3.51613069546063, 0.2762912478071752], "k_pid_yaw": [0.5, 1e-06, 0.1], "k_pid_hsp": [0.1275875632562977, 0.0, 0.0], "k_pid_vsp": [93.3671933546675, 33.48484979084537, 1e-06]}, "datetime": {"datetime": "2025-08-13 21:06:34", "elapsed": 40722.77325177193, "delta": 18.850250005722046}, "costs": {"total_cost": 192.07941202720016, "time_cost": 71.897, "final_distance_cost": 1.8026853327347943, "oscillation_cost": 25.224323551418625, "completition_cost": 0.0, "overshoot_cost": 52.05762627041629, "power_cost": 18.793404553222658, "noise_cost": 22.30437231940781, "n_waypoints_completed": 9, "tot_waypoints": 9}}
{"target": -186.8432401228013, "params": {"k_pid_pos": [0.8975873949594717, 0.0, 0.055042257655202965], "k_pid_alt": [1.7366480171109855, 0.0, 0.9513268231632404], "k_pid_att": [34.00044201559578, 3.460486653746818, 0.2689214089473507], "k_pid_yaw": [0.5, 1e-06, 0.1], "k_pid_hsp": [0.12624661553177566, 0.0, 0.0], "k_pid_vsp": [114.53775094428757, 29.87399613631998, 1e-06]}, "datetime": {"datetime": "2025-08-13 21:06:51", "elapsed": 40739.52132821083, "delta": 16.74807643890381}, "costs": {"total_cost": 186.8432401228013, "time_cost": 71.673, "final_distance_cost": 1.8243910634641487, "oscillation_cost": 26.057293215861463, "completition_cost": 0.0, "overshoot_cost": 51.34772348274684, "power_cost": 14.609424768066408, "noise_cost": 21.33140759266244, "n_waypoints_completed": 9, "tot_waypoints": 9}}
{"target": -192.7485584211165, "params": {"k_pid_pos": [0.847187624924073, 0.0, 0.05323485703135718], "k_pid_alt": [1.7341990044441522, 0.0, 0.9556856083987649], "k_pid_att": [34.69059832259112, 3.3896761551100125, 0.23693910192456258], "k_pid_yaw": [0.5, 1e-06, 0.1], "k_pid_hsp": [0.27791755852235395, 0.0, 0.0], "k_pid_vsp": [112.83372175486994, 29.118604300205327, 1e-06]}, "datetime": {"datetime": "2025-08-13 21:07:09", "elapsed": 40757.472223997116, "delta": 17.9508957862854}, "costs": {"total_cost": 192.7485584211165, "time_cost": 72.114, "final_distance_cost": 1.8397440364175237, "oscillation_cost": 27.384931673635915, "completition_cost": 0.0, "overshoot_cost": 50.78272921408493, "power_cost": 18.062164904785156, "noise_cost": 22.564988592192986, "n_waypoints_completed": 9, "tot_waypoints": 9}}
{"target": -198.89555904657055, "params": {"k_pid_pos": [0.891034321575246, 0.0, 0.08477683945998768], "k_pid_alt": [1.6966002388728814, 0.0, 0.9306030167352952], "k_pid_att": [32.88717103724262, 3.548414308723968, 0.26059867263068237], "k_pid_yaw": [0.5, 1e-06, 0.1], "k_pid_hsp": [0.2503276412868073, 0.0, 0.0], "k_pid_vsp": [106.27359918887394, 37.00131340054199, 1e-06]}, "datetime": {"datetime": "2025-08-13 21:07:26", "elapsed": 40774.55533194542, "delta": 17.083107948303223}, "costs": {"total_cost": 198.89555904657055, "time_cost": 72.289, "final_distance_cost": 1.8415371487231222, "oscillation_cost": 26.89402827017343, "completition_cost": 0.0, "overshoot_cost": 51.50173589964414, "power_cost": 22.56581883544922, "noise_cost": 23.803438892580658, "n_waypoints_completed": 9, "tot_waypoints": 9}}
{"target": -187.83464608461733, "params": {"k_pid_pos": [0.8314288259286922, 0.0, 0.05193386739940719], "k_pid_alt": [1.7934167488183135, 0.0, 0.9394923364748798], "k_pid_att": [34.37275145424725, 3.5369931130406806, 0.27579493130053256], "k_pid_yaw": [0.5, 1e-06, 0.1], "k_pid_hsp": [0.1099010832819597, 0.0, 0.0], "k_pid_vsp": [95.2225680241325, 33.64304392313024, 1e-06]}, "datetime": {"datetime": "2025-08-13 21:07:44", "elapsed": 40792.66434216499, "delta": 18.109010219573975}, "costs": {"total_cost": 187.83464608461733, "time_cost": 71.778, "final_distance_cost": 1.8046506171553247, "oscillation_cost": 24.879912201746162, "completition_cost": 0.0, "overshoot_cost": 51.24540520030463, "power_cost": 16.3752560546875, "noise_cost": 21.751422010723697, "n_waypoints_completed": 9, "tot_waypoints": 9}}
{"target": -186.38928662700152, "params": {"k_pid_pos": [0.7509866562805169, 0.0, 0.05618710138585294], "k_pid_alt": [1.878841258011247, 0.0, 0.9161157466806753], "k_pid_att": [32.21177054631212, 3.511851063093671, 0.23715547743858348], "k_pid_yaw": [0.5, 1e-06, 0.1], "k_pid_hsp": [0.1498323848120689, 0.0, 0.0], "k_pid_vsp": [118.05952260063756, 13.235413975652284, 1e-06]}, "datetime": {"datetime": "2025-08-13 21:08:01", "elapsed": 40809.141441345215, "delta": 16.477099180221558}, "costs": {"total_cost": 186.38928662700152, "time_cost": 72.33800000000001, "final_distance_cost": 1.8424363607876435, "oscillation_cost": 25.066594488303366, "completition_cost": 0.0, "overshoot_cost": 51.56200210435064, "power_cost": 14.01940340576172, "noise_cost": 21.56085026779814, "n_waypoints_completed": 9, "tot_waypoints": 9}}
{"target": -211.06335069187693, "params": {"k_pid_pos": [1.3164947896442145, 0.0, 0.07240801128131344], "k_pid_alt": [1.6991716845865525, 0.0, 0.9416714750889048], "k_pid_att": [39.74124134361677, 3.4407492824209456, 0.2572488326322059], "k_pid_yaw": [0.5, 1e-06, 0.1], "k_pid_hsp": [0.04021954745432903, 0.0, 0.0], "k_pid_vsp": [130.90055736848552, 39.6487568213252, 1e-06]}, "datetime": {"datetime": "2025-08-13 21:08:23", "elapsed": 40831.65138912201, "delta": 22.509947776794434}, "costs": {"total_cost": 211.06335069187693, "time_cost": 87.808, "final_distance_cost": 1.7879251629994914, "oscillation_cost": 21.57079873510829, "completition_cost": 0.0, "overshoot_cost": 57.54380034517342, "power_cost": 16.52757370605469, "noise_cost": 25.82525274254105, "n_waypoints_completed": 9, "tot_waypoints": 9}}
{"target": -182.76686771452708, "params": {"k_pid_pos": [0.8200136802414041, 0.0, 0.08754633346023571], "k_pid_alt": [1.9273479381030378, 0.0, 0.9616965432085125], "k_pid_att": [32.970182541096605, 3.5075417824945676, 0.26489133187004443], "k_pid_yaw": [0.5, 1e-06, 0.1], "k_pid_hsp": [0.13408827098814888, 0.0, 0.0], "k_pid_vsp": [142.11787042988217, 33.42841277673772, 1e-06]}, "datetime": {"datetime": "2025-08-13 21:08:40", "elapsed": 40848.59479427338, "delta": 16.943405151367188}, "costs": {"total_cost": 182.76686771452708, "time_cost": 71.407, "final_distance_cost": 1.8205302126821983, "oscillation_cost": 25.26104226350531, "completition_cost": 0.0, "overshoot_cost": 51.58004467725919, "power_cost": 11.976037756347656, "noise_cost": 20.722212804732724, "n_waypoints_completed": 9, "tot_waypoints": 9}}
{"target": -178.04614131193614, "params": {"k_pid_pos": [0.8417015593543516, 0.0, 0.06439880141574611], "k_pid_alt": [1.7888223383952475, 0.0, 0.9315874277358357], "k_pid_att": [32.596883772384814, 3.2869183163579323, 0.28681114091979437], "k_pid_yaw": [0.5, 1e-06, 0.1], "k_pid_hsp": [0.2167876327095291, 0.0, 0.0], "k_pid_vsp": [88.51320487547054, 33.164885423819946, 1e-06]}, "datetime": {"datetime": "2025-08-13 21:08:59", "elapsed": 40867.04962491989, "delta": 18.454830646514893}, "costs": {"total_cost": 178.04614131193614, "time_cost": 71.099, "final_distance_cost": 1.8335619658302889, "oscillation_cost": 26.799850095249486, "completition_cost": 0.0, "overshoot_cost": 50.10624435999661, "power_cost": 8.78044530029297, "noise_cost": 19.427039590566782, "n_waypoints_completed": 9, "tot_waypoints": 9}}
{"target": -209.25586719855372, "params": {"k_pid_pos": [0.8985515160970455, 0.0, 0.042816605293489865], "k_pid_alt": [1.9307478720014548, 0.0, 0.9535487308803595], "k_pid_att": [33.416393148540116, 3.7334936675734753, 0.2555649771031534], "k_pid_yaw": [0.5, 1e-06, 0.1], "k_pid_hsp": [0.11756758349859502, 0.0, 0.0], "k_pid_vsp": [122.15543326847312, 27.99416632546229, 1e-06]}, "datetime": {"datetime": "2025-08-13 21:09:17", "elapsed": 40885.51140213013, "delta": 18.461777210235596}, "costs": {"total_cost": 209.25586719855372, "time_cost": 75.83800000000001, "final_distance_cost": 1.8262115930773901, "oscillation_cost": 26.62204147523732, "completition_cost": 0.0, "overshoot_cost": 54.1435031131471, "power_cost": 26.18743630371094, "noise_cost": 24.638674713380965, "n_waypoints_completed": 9, "tot_waypoints": 9}}
{"target": -257.9995218453472, "params": {"k_pid_pos": [0.9840946619416149, 0.0026778419012919337, 0.04222186398900199], "k_pid_alt": [1.7609431946391543, 0.0, 0.9241043381440692], "k_pid_att": [35.65126868637366, 3.4799149349672214, 0.246002135604004], "k_pid_yaw": [0.5, 1e-06, 0.1], "k_pid_hsp": [0.15418580027924622, 0.0, 0.0], "k_pid_vsp": [0.0, 28.821086029419536, 1e-06]}, "datetime": {"datetime": "2025-08-13 21:09:44", "elapsed": 40912.853692531586, "delta": 27.34229040145874}, "costs": {"total_cost": 257.9995218453472, "time_cost": 107.926, "final_distance_cost": 1.8174037961632394, "oscillation_cost": 25.802728325039325, "completition_cost": 0.0, "overshoot_cost": 62.401935989170696, "power_cost": 26.155944860839845, "noise_cost": 33.895508874134116, "n_waypoints_completed": 9, "tot_waypoints": 9}}
{"target": -191.39387799070934, "params": {"k_pid_pos": [0.8296242027476812, 0.0, 0.050437923954890426], "k_pid_alt": [1.695183358833937, 0.0, 0.9559559460628339], "k_pid_att": [34.469855970610205, 2.9598757810741314, 0.2369040404991044], "k_pid_yaw": [0.5, 1e-06, 0.1], "k_pid_hsp": [0.21186444023125914, 0.0, 0.0], "k_pid_vsp": [101.51912501138223, 28.729278436275052, 1e-06]}, "datetime": {"datetime": "2025-08-13 21:10:03", "elapsed": 40930.9910428524, "delta": 18.13735032081604}, "costs": {"total_cost": 191.39387799070934, "time_cost": 72.296, "final_distance_cost": 1.832567075570685, "oscillation_cost": 26.47568037845574, "completition_cost": 0.0, "overshoot_cost": 51.120241573217164, "power_cost": 17.346285192871093, "noise_cost": 22.323103770594667, "n_waypoints_completed": 9, "tot_waypoints": 9}}
{"target": -211.35553179719824, "params": {"k_pid_pos": [0.8531117708733669, 0.0, 0.060646988311404096], "k_pid_alt": [1.9111757468032, 0.0, 0.9518785390605554], "k_pid_att": [32.80259369182315, 3.524969675916509, 0.26808485623820866], "k_pid_yaw": [0.5, 1e-06, 0.1], "k_pid_hsp": [0.04082986727799378, 0.0, 0.0], "k_pid_vsp": [37.285334895989, 31.727007893979952, 1e-06]}, "datetime": {"datetime": "2025-08-13 21:10:24", "elapsed": 40952.086708307266, "delta": 21.095665454864502}, "costs": {"total_cost": 211.35553179719824, "time_cost": 90.062, "final_distance_cost": 1.7549723220024438, "oscillation_cost": 17.81526350249794, "completition_cost": 0.0, "overshoot_cost": 58.55115649959737, "power_cost": 16.37238503417969, "noise_cost": 26.799754438920793, "n_waypoints_completed": 9, "tot_waypoints": 9}}
{"target": -186.84753397509135, "params": {"k_pid_pos": [0.9002367369411232, 0.0, 0.06543630911616116], "k_pid_alt": [1.965731998981553, 0.0, 0.9523560683822644], "k_pid_att": [33.20935768584765, 3.4610740543536807, 0.28237167496159754], "k_pid_yaw": [0.5, 1e-06, 0.1], "k_pid_hsp": [0.07749305879863883, 0.0, 0.0], "k_pid_vsp": [96.02936649766664, 29.551371189813807, 1e-06]}, "datetime": {"datetime": "2025-08-13 21:10:42", "elapsed": 40970.817777872086, "delta": 18.731069564819336}, "costs": {"total_cost": 186.84753397509135, "time_cost": 74.102, "final_distance_cost": 1.8132166052870526, "oscillation_cost": 24.012735750970634, "completition_cost": 0.0, "overshoot_cost": 52.458036973033124, "power_cost": 12.998021203613282, "noise_cost": 21.46352344218723, "n_waypoints_completed": 9, "tot_waypoints": 9}}
{"target": -188.3077511512627, "params": {"k_pid_pos": [1.000746026783512, 0.0, 0.04100573010107436], "k_pid_alt": [1.8790473697024728, 0.0, 0.9540137708672701], "k_pid_att": [32.429726810187475, 3.443224048382325, 0.2735308544394708], "k_pid_yaw": [0.5, 1e-06, 0.1], "k_pid_hsp": [0.08615735834531792, 0.0, 0.0], "k_pid_vsp": [74.51745384583046, 29.782347341124474, 1e-06]}, "datetime": {"datetime": "2025-08-13 21:11:01", "elapsed": 40989.565920352936, "delta": 18.74814248085022}, "costs": {"total_cost": 188.3077511512627, "time_cost": 72.051, "final_distance_cost": 1.7854338568662766, "oscillation_cost": 25.47054304029527, "completition_cost": 0.0, "overshoot_cost": 51.89173311508622, "power_cost": 15.494476354980469, "noise_cost": 21.61456478403445, "n_waypoints_completed": 9, "tot_waypoints": 9}}
{"target": -203.6251565419166, "params": {"k_pid_pos": [1.1513527029345565, 0.0, 0.04319682968286581], "k_pid_alt": [1.6009316058328371, 0.0, 0.9191178364255816], "k_pid_att": [34.446838638373364, 3.674428633180259, 0.25142931975832694], "k_pid_yaw": [0.5, 1e-06, 0.1], "k_pid_hsp": [0.12809155415153248, 0.0, 0.0], "k_pid_vsp": [132.3750430863065, 53.84859951150716, 1e-06]}, "datetime": {"datetime": "2025-08-13 21:11:20", "elapsed": 41008.394082307816, "delta": 18.82816195487976}, "costs": {"total_cost": 203.6251565419166, "time_cost": 73.612, "final_distance_cost": 1.8146190129588209, "oscillation_cost": 29.49238758110173, "completition_cost": 0.0, "overshoot_cost": 52.26102387773889, "power_cost": 23.232560217285158, "noise_cost": 23.21256585283199, "n_waypoints_completed": 9, "tot_waypoints": 9}}
{"target": -198.77505498837874, "params": {"k_pid_pos": [0.9173766982311606, 0.0, 0.05925991334949218], "k_pid_alt": [1.7658805910026008, 0.0, 0.950856520984102], "k_pid_att": [31.78565821001535, 3.6968651134382555, 0.2541307687538626], "k_pid_yaw": [0.5, 1e-06, 0.1], "k_pid_hsp": [0.28122204025121045, 0.0, 0.0], "k_pid_vsp": [103.36514807532339, 31.39828260795121, 1e-06]}, "datetime": {"datetime": "2025-08-13 21:11:37", "elapsed": 41025.36393880844, "delta": 16.96985650062561}, "costs": {"total_cost": 198.77505498837874, "time_cost": 72.086, "final_distance_cost": 1.8494973812263513, "oscillation_cost": 27.438806853421593, "completition_cost": 0.0, "overshoot_cost": 51.21872481411319, "power_cost": 22.81803759765625, "noise_cost": 23.36398834196135, "n_waypoints_completed": 9, "tot_waypoints": 9}}
{"target": -180.16079523099106, "params": {"k_pid_pos": [0.8584599992946509, 0.0, 0.019670414778538772], "k_pid_alt": [1.8949214321029066, 0.0, 1.0], "k_pid_att": [33.721398709112464, 3.544541044151507, 0.27236678425422983], "k_pid_yaw": [0.5, 1e-06, 0.1], "k_pid_hsp": [0.112229024333314, 0.0, 0.0], "k_pid_vsp": [141.54083764298446, 33.912342841149766, 1e-06]}, "datetime": {"datetime": "2025-08-13 21:11:55", "elapsed": 41043.017381191254, "delta": 17.6534423828125}, "costs": {"total_cost": 180.16079523099106, "time_cost": 71.386, "final_distance_cost": 1.7942122560542952, "oscillation_cost": 25.182366012273466, "completition_cost": 0.0, "overshoot_cost": 51.53563630858914, "power_cost": 10.3762375, "noise_cost": 19.88634315407415, "n_waypoints_completed": 9, "tot_waypoints": 9}}
{"target": -190.8109871010837, "params": {"k_pid_pos": [0.716755176355356, 0.0, 0.08044891889932142], "k_pid_alt": [1.6090244396673312, 0.0, 0.9481148206270891], "k_pid_att": [31.545581004560418, 3.334166672990321, 0.2685801603910944], "k_pid_yaw": [0.5, 1e-06, 0.1], "k_pid_hsp": [0.265169089608508, 0.0, 0.0], "k_pid_vsp": [95.76771544918266, 33.77289185748362, 1e-06]}, "datetime": {"datetime": "2025-08-13 21:12:13", "elapsed": 41061.09114956856, "delta": 18.073768377304077}, "costs": {"total_cost": 190.8109871010837, "time_cost": 74.893, "final_distance_cost": 1.8460434196530886, "oscillation_cost": 26.41917771069238, "completition_cost": 0.0, "overshoot_cost": 50.80653061296317, "power_cost": 14.537783508300782, "noise_cost": 22.3084518494743, "n_waypoints_completed": 9, "tot_waypoints": 9}}
{"target": -191.75057914940848, "params": {"k_pid_pos": [1.0199655153514793, 0.000551535675226914, 0.05796133724747834], "k_pid_alt": [1.9456127163020658, 0.0, 0.871911476695085], "k_pid_att": [29.078211360626824, 3.6015131733009347, 0.2570925005317847], "k_pid_yaw": [0.5, 1e-06, 0.1], "k_pid_hsp": [0.36804031227977246, 0.0, 0.0], "k_pid_vsp": [91.91633804609187, 30.680361209542998, 1e-06]}, "datetime": {"datetime": "2025-08-13 21:12:29", "elapsed": 41077.73764538765, "delta": 16.646495819091797}, "costs": {"total_cost": 191.75057914940848, "time_cost": 70.749, "final_distance_cost": 1.8406759383105333, "oscillation_cost": 29.070430942443647, "completition_cost": 0.0, "overshoot_cost": 50.94134164777837, "power_cost": 17.185821044921877, "noise_cost": 21.963309575954053, "n_waypoints_completed": 9, "tot_waypoints": 9}}
{"target": -183.20377993762696, "params": {"k_pid_pos": [0.909389391677454, 0.0, 0.09750417341389818], "k_pid_alt": [1.913443058858067, 0.0, 0.950598457535085], "k_pid_att": [33.11660866001134, 3.3079414235426654, 0.2727717085640774], "k_pid_yaw": [0.5, 1e-06, 0.1], "k_pid_hsp": [0.20352043870679745, 0.0, 0.0], "k_pid_vsp": [105.7140156711629, 50.59360189231623, 1e-06]}, "datetime": {"datetime": "2025-08-13 21:12:47", "elapsed": 41095.08135533333, "delta": 17.34370994567871}, "costs": {"total_cost": 183.20377993762696, "time_cost": 70.525, "final_distance_cost": 1.828880706487625, "oscillation_cost": 27.16065230053616, "completition_cost": 0.0, "overshoot_cost": 50.6634958655405, "power_cost": 12.371828247070313, "noise_cost": 20.653922817992378, "n_waypoints_completed": 9, "tot_waypoints": 9}}
{"target": -259.58528068512913, "params": {"k_pid_pos": [1.1319107119165432, 0.0, 0.10305354992158192], "k_pid_alt": [1.8866871988121805, 0.0, 0.9275190045624393], "k_pid_att": [42.800419400070524, 3.4331609536386924, 0.25763515420763017], "k_pid_yaw": [0.5, 1e-06, 0.1], "k_pid_hsp": [0.023193755311172223, 0.0, 0.0], "k_pid_vsp": [128.42951491901383, 23.76524759096177, 1e-06]}, "datetime": {"datetime": "2025-08-13 21:13:15", "elapsed": 41123.43571853638, "delta": 28.354363203048706}, "costs": {"total_cost": 259.58528068512913, "time_cost": 116.522, "final_distance_cost": 1.7596012512098038, "oscillation_cost": 13.778765814584952, "completition_cost": 0.0, "overshoot_cost": 68.95386695112471, "power_cost": 23.049216442871096, "noise_cost": 35.521830225338554, "n_waypoints_completed": 9, "tot_waypoints": 9}}
{"target": -187.37877135814944, "params": {"k_pid_pos": [0.9594107104205607, 0.0, 0.057417976530266125], "k_pid_alt": [1.9132389949222488, 0.0, 0.97262742250635], "k_pid_att": [32.91043999568832, 3.088841956429557, 0.2680767838654732], "k_pid_yaw": [0.5, 1e-06, 0.1], "k_pid_hsp": [0.3188806874403417, 0.0, 0.0], "k_pid_vsp": [104.68961096508822, 28.06598070511361, 1e-06]}, "datetime": {"datetime": "2025-08-13 21:13:32", "elapsed": 41140.43470168114, "delta": 16.998983144760132}, "costs": {"total_cost": 187.37877135814944, "time_cost": 70.82600000000001, "final_distance_cost": 1.8351070611129816, "oscillation_cost": 28.47153592362693, "completition_cost": 0.0, "overshoot_cost": 50.704808885715366, "power_cost": 14.349393139648438, "noise_cost": 21.19192634804571, "n_waypoints_completed": 9, "tot_waypoints": 9}}
{"target": -181.0134494270216, "params": {"k_pid_pos": [0.7690923791072071, 0.0, 0.06808659997930742], "k_pid_alt": [1.5935740919481025, 0.0, 0.9367580723859159], "k_pid_att": [29.82016171621102, 3.3593431599985286, 0.2664010815563613], "k_pid_yaw": [0.5, 1e-06, 0.1], "k_pid_hsp": [0.09521894541754852, 0.0, 0.0], "k_pid_vsp": [48.466247789071424, 36.624230634839265, 4.996989628593651]}, "datetime": {"datetime": "2025-08-13 21:13:51", "elapsed": 41159.777698516846, "delta": 19.342996835708618}, "costs": {"total_cost": 181.0134494270216, "time_cost": 72.57600000000001, "final_distance_cost": 1.7965009970473, "oscillation_cost": 23.124166605345454, "completition_cost": 0.0, "overshoot_cost": 51.40686228802649, "power_cost": 11.528409008789064, "noise_cost": 20.581510527813325, "n_waypoints_completed": 9, "tot_waypoints": 9}}
{"target": -190.90424938199672, "params": {"k_pid_pos": [0.8274678882975022, 0.0, 0.031977182572935164], "k_pid_alt": [1.9625679847235016, 0.0, 0.9498273763710178], "k_pid_att": [31.53691228823824, 3.6000096346144965, 0.27554415315372094], "k_pid_yaw": [0.5, 1e-06, 0.1], "k_pid_hsp": [0.13268809679754445, 0.0, 0.0], "k_pid_vsp": [78.64363473209006, 34.9626511257513, 1e-06]}, "datetime": {"datetime": "2025-08-13 21:14:08", "elapsed": 41176.45047903061, "delta": 16.672780513763428}, "costs": {"total_cost": 190.90424938199672, "time_cost": 71.694, "final_distance_cost": 1.832987124894439, "oscillation_cost": 25.240075915216515, "completition_cost": 0.0, "overshoot_cost": 51.8586801055797, "power_cost": 18.17801102294922, "noise_cost": 22.10049521335683, "n_waypoints_completed": 9, "tot_waypoints": 9}}
{"target": -184.31921873624344, "params": {"k_pid_pos": [0.8763752619068598, 0.0, 0.02968375656236717], "k_pid_alt": [1.8779437672210788, 0.0, 0.9531051986336515], "k_pid_att": [32.91022804011179, 3.6996368604822347, 0.26412213509780863], "k_pid_yaw": [0.5, 1e-06, 0.1], "k_pid_hsp": [0.12281409681455784, 0.0, 0.0], "k_pid_vsp": [80.7930143526401, 40.58069281848332, 1e-06]}, "datetime": {"datetime": "2025-08-13 21:14:28", "elapsed": 41196.412833452225, "delta": 19.9623544216156}, "costs": {"total_cost": 184.31921873624344, "time_cost": 71.008, "final_distance_cost": 1.8296902401542348, "oscillation_cost": 25.690519350946957, "completition_cost": 0.0, "overshoot_cost": 50.97523221327793, "power_cost": 13.886411206054689, "noise_cost": 20.929365725809646, "n_waypoints_completed": 9, "tot_waypoints": 9}}
{"target": -181.63725232223837, "params": {"k_pid_pos": [0.8462535772897934, 0.0, 0.05786936014718774], "k_pid_alt": [1.9018175208432668, 0.0, 0.9499982201683665], "k_pid_att": [33.06490626435872, 3.514293421383758, 0.2752594043532125], "k_pid_yaw": [0.5, 1e-06, 0.1], "k_pid_hsp": [0.1193199807719291, 0.0, 0.0], "k_pid_vsp": [95.52019130703115, 34.62665462721315, 1e-06]}, "datetime": {"datetime": "2025-08-13 21:14:45", "elapsed": 41213.22783946991, "delta": 16.815006017684937}, "costs": {"total_cost": 181.63725232223837, "time_cost": 71.183, "final_distance_cost": 1.8076707885834884, "oscillation_cost": 25.132112366528006, "completition_cost": 0.0, "overshoot_cost": 50.86562280584159, "power_cost": 12.174996911621095, "noise_cost": 20.47384944966419, "n_waypoints_completed": 9, "tot_waypoints": 9}}
