{"target": -181.90121637233955, "params": {"k_pid_pos": [0.8757342042843855, 0.0, 0.046207814762379035], "k_pid_alt": [1.910825330279869, 0.0, 0.9509441822247091], "k_pid_att": [31.449979917205432, 3.5687751943660415, 0.2826677064119745], "k_pid_yaw": [0.5, 1e-06, 0.1], "k_pid_hsp": [0.10922661119290737, 0.0, 0.0], "k_pid_vsp": [87.99187332575609, 43.008348076477944, 1e-06]}, "datetime": {"datetime": "2025-08-13 21:23:25", "elapsed": 41733.589844465256, "delta": 17.412969827651978}, "costs": {"total_cost": 181.90121637233955, "time_cost": 70.96600000000001, "final_distance_cost": 1.8142569244090367, "oscillation_cost": 25.354057847438213, "completition_cost": 0.0, "overshoot_cost": 51.349546434005156, "power_cost": 12.096251269531251, "noise_cost": 20.3211038969559, "n_waypoints_completed": 9, "tot_waypoints": 9}}
{"target": -185.49105941584946, "params": {"k_pid_pos": [0.7262947103808021, 0.0, 0.04043094085468742], "k_pid_alt": [1.8531192959408147, 0.0, 0.9579464538528286], "k_pid_att": [32.426090879501345, 3.71165265594374, 0.2571876947238266], "k_pid_yaw": [0.5, 1e-06, 0.1], "k_pid_hsp": [0.11450346562391209, 0.0, 0.0], "k_pid_vsp": [97.24729628439134, 37.49107042033169, 1e-06]}, "datetime": {"datetime": "2025-08-13 21:23:44", "elapsed": 41752.055493831635, "delta": 18.465649366378784}, "costs": {"total_cost": 185.49105941584946, "time_cost": 72.156, "final_distance_cost": 1.8279402689643054, "oscillation_cost": 23.61614912886023, "completition_cost": 0.0, "overshoot_cost": 51.86231741615559, "power_cost": 14.531320825195314, "noise_cost": 21.497331776674027, "n_waypoints_completed": 9, "tot_waypoints": 9}}
{"target": -183.88555902092534, "params": {"k_pid_pos": [0.8486880406895608, 0.0, 0.07767895352939269], "k_pid_alt": [1.9001000191083155, 0.0, 0.9559807440899929], "k_pid_att": [33.983395688014966, 3.439266344407477, 0.2751219618054822], "k_pid_yaw": [0.5, 1e-06, 0.1], "k_pid_hsp": [0.11985415949260318, 0.0, 0.0], "k_pid_vsp": [99.58852536150394, 31.938423636281986, 1e-06]}, "datetime": {"datetime": "2025-08-13 21:24:02", "elapsed": 41770.00418138504, "delta": 17.94868755340576}, "costs": {"total_cost": 183.88555902092534, "time_cost": 71.22500000000001, "final_distance_cost": 1.8117721525934882, "oscillation_cost": 25.240149622391122, "completition_cost": 0.0, "overshoot_cost": 51.0830343729522, "power_cost": 13.516301086425782, "noise_cost": 21.009301786562737, "n_waypoints_completed": 9, "tot_waypoints": 9}}
{"target": -187.9167049851178, "params": {"k_pid_pos": [0.8050834199125423, 0.0, 0.058458725515041436], "k_pid_alt": [2.0, 0.0, 0.9467088362477349], "k_pid_att": [29.433691295205723, 3.71913188414226, 0.2760939730864362], "k_pid_yaw": [0.5, 1e-06, 0.1], "k_pid_hsp": [0.11973629007408985, 0.0, 0.0], "k_pid_vsp": [112.11160220268351, 44.17560252622262, 1e-06]}, "datetime": {"datetime": "2025-08-13 21:24:19", "elapsed": 41787.64738559723, "delta": 17.64320421218872}, "costs": {"total_cost": 187.9167049851178, "time_cost": 71.46300000000001, "final_distance_cost": 1.819191929190386, "oscillation_cost": 24.888300561394928, "completition_cost": 0.0, "overshoot_cost": 51.23994777527507, "power_cost": 16.66346477050781, "noise_cost": 21.842799948749605, "n_waypoints_completed": 9, "tot_waypoints": 9}}
{"target": -187.81238665586793, "params": {"k_pid_pos": [1.0534066908811748, 0.0, 0.09642288025063363], "k_pid_alt": [1.8740408924445076, 0.0, 0.9517902984465197], "k_pid_att": [35.64992895226602, 3.4774253165984192, 0.2977037736108978], "k_pid_yaw": [0.5, 1e-06, 0.1], "k_pid_hsp": [0.18566468535574598, 0.0, 0.0], "k_pid_vsp": [136.5482592386016, 32.848729501974304, 1e-06]}, "datetime": {"datetime": "2025-08-13 21:24:36", "elapsed": 41804.58528470993, "delta": 16.937899112701416}, "costs": {"total_cost": 187.81238665586793, "time_cost": 70.749, "final_distance_cost": 1.8289875576924928, "oscillation_cost": 27.970818764189872, "completition_cost": 0.0, "overshoot_cost": 50.79473277355739, "power_cost": 15.144638330078125, "noise_cost": 21.32420923035004, "n_waypoints_completed": 9, "tot_waypoints": 9}}
{"target": -189.35300062978848, "params": {"k_pid_pos": [0.9282732704250366, 0.0, 0.05718678405227219], "k_pid_alt": [1.7366425556273308, 0.0, 0.958269765776855], "k_pid_att": [35.890231210510585, 3.5068387073755622, 0.2631861799159018], "k_pid_yaw": [0.5, 1e-06, 0.1], "k_pid_hsp": [0.12438949666870998, 0.0, 0.0], "k_pid_vsp": [120.62505300133996, 33.75056748862941, 1e-06]}, "datetime": {"datetime": "2025-08-13 21:24:54", "elapsed": 41822.266761779785, "delta": 17.681477069854736}, "costs": {"total_cost": 189.35300062978848, "time_cost": 71.638, "final_distance_cost": 1.7966243906222379, "oscillation_cost": 26.098796450037586, "completition_cost": 0.0, "overshoot_cost": 51.04741348911127, "power_cost": 17.01532421875, "noise_cost": 21.75684208126738, "n_waypoints_completed": 9, "tot_waypoints": 9}}
{"target": -186.9249793193178, "params": {"k_pid_pos": [0.8535045555516217, 0.0, 0.058535592343533886], "k_pid_alt": [1.9165336313690182, 0.0, 0.9577268487354904], "k_pid_att": [32.02103831740223, 3.4994030512234473, 0.26747335942534034], "k_pid_yaw": [0.5, 1e-06, 0.1], "k_pid_hsp": [0.10864196650440808, 0.0, 0.0], "k_pid_vsp": [94.63057475878946, 33.8197543404839, 1e-06]}, "datetime": {"datetime": "2025-08-13 21:25:13", "elapsed": 41841.349628448486, "delta": 19.082866668701172}, "costs": {"total_cost": 186.9249793193178, "time_cost": 71.603, "final_distance_cost": 1.8271013331389092, "oscillation_cost": 24.954799402083005, "completition_cost": 0.0, "overshoot_cost": 51.90313848774431, "power_cost": 15.057748962402345, "noise_cost": 21.57919113394921, "n_waypoints_completed": 9, "tot_waypoints": 9}}
{"target": -202.12477938604042, "params": {"k_pid_pos": [0.7632903591051049, 0.0, 0.049160392389593945], "k_pid_alt": [1.981351018410068, 0.0, 0.9535172069309108], "k_pid_att": [32.90022160156029, 3.5193132105739204, 0.26463901038427196], "k_pid_yaw": [0.5, 1e-06, 0.1], "k_pid_hsp": [0.12625241224841302, 0.0, 0.0], "k_pid_vsp": [77.85861337565872, 20.111129333426817, 1e-06]}, "datetime": {"datetime": "2025-08-13 21:25:37", "elapsed": 41865.323534965515, "delta": 23.97390651702881}, "costs": {"total_cost": 202.12477938604042, "time_cost": 73.738, "final_distance_cost": 1.814430029387761, "oscillation_cost": 25.017008400391763, "completition_cost": 0.0, "overshoot_cost": 52.233531806064086, "power_cost": 24.600074426269533, "noise_cost": 24.721734723927256, "n_waypoints_completed": 9, "tot_waypoints": 9}}
{"target": -190.2345435196624, "params": {"k_pid_pos": [1.204994930677251, 0.0, 0.058418834619809346], "k_pid_alt": [1.7181364920016264, 0.0, 0.9672356393527074], "k_pid_att": [29.85045282016723, 3.0274567591591763, 0.2587778120229239], "k_pid_yaw": [0.5, 1e-06, 0.1], "k_pid_hsp": [0.23936426528658022, 0.0, 0.0], "k_pid_vsp": [90.52775209224045, 17.654810299011174, 1e-06]}, "datetime": {"datetime": "2025-08-13 21:25:55", "elapsed": 41883.72720527649, "delta": 18.40367031097412}, "costs": {"total_cost": 190.2345435196624, "time_cost": 71.08500000000001, "final_distance_cost": 1.8142755547245806, "oscillation_cost": 30.201070525289584, "completition_cost": 0.0, "overshoot_cost": 51.17936984923377, "power_cost": 14.744229931640625, "noise_cost": 21.210597658773818, "n_waypoints_completed": 9, "tot_waypoints": 9}}
{"target": -181.98988762672545, "params": {"k_pid_pos": [1.166737283995116, 0.0, 0.06355717462218445], "k_pid_alt": [1.6933055831845794, 0.0, 0.9358821176842677], "k_pid_att": [34.85095454371957, 3.456599813395825, 0.2909739362098076], "k_pid_yaw": [0.5, 1e-06, 0.1], "k_pid_hsp": [0.22122058002484316, 0.0, 0.0], "k_pid_vsp": [101.68311510865217, 28.22563836241814, 1e-06]}, "datetime": {"datetime": "2025-08-13 21:26:13", "elapsed": 41901.749432086945, "delta": 18.022226810455322}, "costs": {"total_cost": 181.98988762672545, "time_cost": 70.308, "final_distance_cost": 1.8128811600468075, "oscillation_cost": 29.80787834638028, "completition_cost": 0.0, "overshoot_cost": 50.543958060457854, "power_cost": 10.090395263671876, "noise_cost": 19.426774796168612, "n_waypoints_completed": 9, "tot_waypoints": 9}}
{"target": -187.0739305547542, "params": {"k_pid_pos": [0.7243205426032174, 0.0, 0.06022677861796995], "k_pid_alt": [1.947844061530858, 0.0, 0.9574803067188552], "k_pid_att": [31.59483284033212, 3.485119882468323, 0.27220452601967154], "k_pid_yaw": [0.5, 1e-06, 0.1], "k_pid_hsp": [0.1184470123578254, 0.0, 0.0], "k_pid_vsp": [92.27710413688217, 33.11697891605275, 1e-06]}, "datetime": {"datetime": "2025-08-13 21:26:30", "elapsed": 41918.84399104118, "delta": 17.09455895423889}, "costs": {"total_cost": 187.0739305547542, "time_cost": 72.114, "final_distance_cost": 1.8301558497779344, "oscillation_cost": 24.00540375313467, "completition_cost": 0.0, "overshoot_cost": 51.3761578046267, "power_cost": 15.769807653808595, "noise_cost": 21.9784054934063, "n_waypoints_completed": 9, "tot_waypoints": 9}}
{"target": -188.4562112887079, "params": {"k_pid_pos": [0.8052943417261282, 0.0015082175835608887, 0.027423077985581697], "k_pid_alt": [1.7710460312883054, 0.0, 0.8948327182428827], "k_pid_att": [31.104081928110332, 3.613048000800965, 0.26364157312656583], "k_pid_yaw": [0.5, 1e-06, 0.1], "k_pid_hsp": [0.3019910144465009, 0.0, 0.0], "k_pid_vsp": [135.03195190590736, 38.16587988472007, 1e-06]}, "datetime": {"datetime": "2025-08-13 21:26:49", "elapsed": 41937.4189851284, "delta": 18.57499408721924}, "costs": {"total_cost": 188.4562112887079, "time_cost": 72.044, "final_distance_cost": 1.8470361618674351, "oscillation_cost": 27.14463488634902, "completition_cost": 0.0, "overshoot_cost": 50.64067179711331, "power_cost": 14.996709753417969, "noise_cost": 21.783158689960143, "n_waypoints_completed": 9, "tot_waypoints": 9}}
{"target": -195.47480427228587, "params": {"k_pid_pos": [0.7325395161255367, 0.0, 0.05376622555777259], "k_pid_alt": [1.7765555156952546, 0.0, 0.947961439626063], "k_pid_att": [43.90372473359863, 3.4387153863011855, 0.26174969213738575], "k_pid_yaw": [0.5, 1e-06, 0.1], "k_pid_hsp": [0.2131983666187808, 0.0, 0.0], "k_pid_vsp": [95.22062381559859, 23.78072784941876, 1e-06]}, "datetime": {"datetime": "2025-08-13 21:27:07", "elapsed": 41955.388407468796, "delta": 17.969422340393066}, "costs": {"total_cost": 195.47480427228587, "time_cost": 73.528, "final_distance_cost": 1.8415330293763128, "oscillation_cost": 25.87034460207707, "completition_cost": 0.0, "overshoot_cost": 51.56687171319829, "power_cost": 19.43233073730469, "noise_cost": 23.235724190329517, "n_waypoints_completed": 9, "tot_waypoints": 9}}
{"target": -186.11133182022976, "params": {"k_pid_pos": [1.0010790638411415, 0.0, 0.05408662074055788], "k_pid_alt": [1.876767861513777, 0.0, 0.9689841410455815], "k_pid_att": [33.08580517548615, 3.513656494617153, 0.2731723471809246], "k_pid_yaw": [0.5, 1e-06, 0.1], "k_pid_hsp": [0.11279334212625425, 0.0, 0.0], "k_pid_vsp": [105.26916417672957, 34.2080566102706, 1e-06]}, "datetime": {"datetime": "2025-08-13 21:27:24", "elapsed": 41972.15615749359, "delta": 16.767750024795532}, "costs": {"total_cost": 186.11133182022976, "time_cost": 71.295, "final_distance_cost": 1.8229415080780194, "oscillation_cost": 26.751568523187643, "completition_cost": 0.0, "overshoot_cost": 51.504538132460794, "power_cost": 13.942799938964844, "noise_cost": 20.79448371753848, "n_waypoints_completed": 9, "tot_waypoints": 9}}
{"target": -191.2992739475168, "params": {"k_pid_pos": [0.8481512029524283, 0.0, 0.06342717832236738], "k_pid_alt": [1.9467476636115517, 0.0, 0.9398770273743463], "k_pid_att": [33.47918658611354, 3.447652716802569, 0.2924666903634689], "k_pid_yaw": [0.5, 1e-06, 0.1], "k_pid_hsp": [0.14788927309368818, 0.0, 0.0], "k_pid_vsp": [94.25069000078965, 33.670292972360436, 1e-06]}, "datetime": {"datetime": "2025-08-13 21:27:42", "elapsed": 41990.69083452225, "delta": 18.534677028656006}, "costs": {"total_cost": 191.2992739475168, "time_cost": 71.70100000000001, "final_distance_cost": 1.8198841625340954, "oscillation_cost": 25.728805883842302, "completition_cost": 0.0, "overshoot_cost": 51.80076466617471, "power_cost": 18.226121093750002, "noise_cost": 22.02269814121571, "n_waypoints_completed": 9, "tot_waypoints": 9}}
{"target": -181.63024085015772, "params": {"k_pid_pos": [0.6882641271167198, 0.0, 0.041980018070406154], "k_pid_alt": [1.8714470910956558, 0.0, 0.9493256573645569], "k_pid_att": [33.14897388887814, 2.881011447607543, 0.2516644338585675], "k_pid_yaw": [0.5, 1e-06, 0.1], "k_pid_hsp": [0.1163709786493279, 0.0, 0.0], "k_pid_vsp": [77.28249868625457, 44.19088911558509, 1e-06]}, "datetime": {"datetime": "2025-08-13 21:27:59", "elapsed": 42007.31623196602, "delta": 16.625397443771362}, "costs": {"total_cost": 181.63024085015772, "time_cost": 72.03, "final_distance_cost": 1.8264755810879338, "oscillation_cost": 23.5574681177307, "completition_cost": 0.0, "overshoot_cost": 50.9918625322303, "power_cost": 12.347525073242188, "noise_cost": 20.876909545866603, "n_waypoints_completed": 9, "tot_waypoints": 9}}
{"target": -216.8579885936878, "params": {"k_pid_pos": [0.8643242334815306, 0.011123313128992117, 0.0017530406950238397], "k_pid_alt": [1.7033808511932242, 0.0, 0.9166627373960343], "k_pid_att": [33.57421940274102, 3.4121883570174285, 0.2750318269639013], "k_pid_yaw": [0.5, 1e-06, 0.1], "k_pid_hsp": [0.03844512279578257, 0.0, 0.0], "k_pid_vsp": [71.9756042478015, 27.921284862251557, 1e-06]}, "datetime": {"datetime": "2025-08-13 21:28:22", "elapsed": 42030.22995829582, "delta": 22.913726329803467}, "costs": {"total_cost": 216.8579885936878, "time_cost": 92.792, "final_distance_cost": 1.7771524728252055, "oscillation_cost": 17.697517757875012, "completition_cost": 0.0, "overshoot_cost": 59.486289706799475, "power_cost": 17.424501293945312, "noise_cost": 27.68052736224278, "n_waypoints_completed": 9, "tot_waypoints": 9}}
{"target": -184.59744585613066, "params": {"k_pid_pos": [1.0364819272280814, 0.0, 0.068643115518441], "k_pid_alt": [1.8350603810188904, 0.0, 0.9503112493563851], "k_pid_att": [33.47679725900557, 3.4443301260012325, 0.2812088236070691], "k_pid_yaw": [0.5, 1e-06, 0.1], "k_pid_hsp": [0.1556160588228322, 0.0, 0.0], "k_pid_vsp": [104.4803100366021, 22.468899685743374, 1e-06]}, "datetime": {"datetime": "2025-08-13 21:28:39", "elapsed": 42047.90894031525, "delta": 17.67898201942444}, "costs": {"total_cost": 184.59744585613066, "time_cost": 70.644, "final_distance_cost": 1.829706141393949, "oscillation_cost": 27.897636621483013, "completition_cost": 0.0, "overshoot_cost": 51.23394206488585, "power_cost": 12.535231848144532, "noise_cost": 20.456929180223316, "n_waypoints_completed": 9, "tot_waypoints": 9}}
{"target": -185.79625288531022, "params": {"k_pid_pos": [0.8445847654887111, 0.0, 0.05644496088269946], "k_pid_alt": [1.9362591456090554, 0.0, 0.9528358342354086], "k_pid_att": [33.46373464326356, 3.514912911215919, 0.2719805380540794], "k_pid_yaw": [0.5, 1e-06, 0.1], "k_pid_hsp": [0.17263644279244264, 0.0, 0.0], "k_pid_vsp": [125.62293580396545, 34.30117485434185, 1e-06]}, "datetime": {"datetime": "2025-08-13 21:28:57", "elapsed": 42065.0322701931, "delta": 17.123329877853394}, "costs": {"total_cost": 185.79625288531022, "time_cost": 71.08500000000001, "final_distance_cost": 1.822649291103451, "oscillation_cost": 26.27884832448521, "completition_cost": 0.0, "overshoot_cost": 51.18584501136489, "power_cost": 14.16474725341797, "noise_cost": 21.259163004938696, "n_waypoints_completed": 9, "tot_waypoints": 9}}
{"target": -184.31942666865177, "params": {"k_pid_pos": [0.8755974547759429, 0.0, 0.01715550052489286], "k_pid_alt": [1.93919095342271, 0.0, 0.95172525240913], "k_pid_att": [33.361877648206494, 3.3138723763371982, 0.25063251293365807], "k_pid_yaw": [0.5, 1e-06, 0.1], "k_pid_hsp": [0.12642488266026175, 0.0, 0.0], "k_pid_vsp": [80.26714018745578, 25.63373841192663, 1e-06]}, "datetime": {"datetime": "2025-08-13 21:29:15", "elapsed": 42083.51068067551, "delta": 18.478410482406616}, "costs": {"total_cost": 184.31942666865177, "time_cost": 70.952, "final_distance_cost": 1.82393019347917, "oscillation_cost": 26.030439252431705, "completition_cost": 0.0, "overshoot_cost": 51.1082359944052, "power_cost": 13.551347326660157, "noise_cost": 20.853473901675518, "n_waypoints_completed": 9, "tot_waypoints": 9}}
{"target": -188.7111401476693, "params": {"k_pid_pos": [0.7985855796684697, 0.0, 0.19918337832284538], "k_pid_alt": [1.936041864421055, 0.0, 0.9501707703233059], "k_pid_att": [35.21698373270231, 3.496266216178397, 0.27344532456614923], "k_pid_yaw": [0.5, 1e-06, 0.1], "k_pid_hsp": [0.17364338611520624, 0.0, 0.0], "k_pid_vsp": [97.94173328436668, 25.282168267893898, 1e-06]}, "datetime": {"datetime": "2025-08-13 21:29:32", "elapsed": 42100.74092268944, "delta": 17.230242013931274}, "costs": {"total_cost": 188.7111401476693, "time_cost": 73.276, "final_distance_cost": 1.8506549018624026, "oscillation_cost": 25.538829355862934, "completition_cost": 0.0, "overshoot_cost": 51.541671369085066, "power_cost": 14.48492137451172, "noise_cost": 22.019063146347218, "n_waypoints_completed": 9, "tot_waypoints": 9}}
{"target": -185.3144582995941, "params": {"k_pid_pos": [0.8923107541795975, 0.0, 0.10721113628265477], "k_pid_alt": [1.6999860553421418, 0.0, 0.9270994249716066], "k_pid_att": [34.99326019416759, 3.6108096518765445, 0.26759004117055213], "k_pid_yaw": [0.5, 1e-06, 0.1], "k_pid_hsp": [0.19063297804971668, 0.0, 0.0], "k_pid_vsp": [52.36855622939632, 18.533024503026763, 1e-06]}, "datetime": {"datetime": "2025-08-13 21:29:50", "elapsed": 42118.81859135628, "delta": 18.0776686668396}, "costs": {"total_cost": 185.3144582995941, "time_cost": 71.974, "final_distance_cost": 1.8453128339605875, "oscillation_cost": 26.636991587664927, "completition_cost": 0.0, "overshoot_cost": 51.222561463058696, "power_cost": 12.652795446777345, "noise_cost": 20.982796968132533, "n_waypoints_completed": 9, "tot_waypoints": 9}}
{"target": -190.95546346006446, "params": {"k_pid_pos": [0.8420851204612422, 0.0, 0.07874906100076662], "k_pid_alt": [1.8513551380752313, 0.0, 0.9559352678051427], "k_pid_att": [31.078984186652953, 3.574058307473844, 0.46702315691516405], "k_pid_yaw": [0.5, 1e-06, 0.1], "k_pid_hsp": [0.08125314724550436, 0.0, 0.0], "k_pid_vsp": [117.51845762401041, 27.39794307741097, 1e-06]}, "datetime": {"datetime": "2025-08-13 21:30:07", "elapsed": 42135.71771788597, "delta": 16.899126529693604}, "costs": {"total_cost": 190.95546346006446, "time_cost": 73.108, "final_distance_cost": 1.7893950793384812, "oscillation_cost": 23.436503506535423, "completition_cost": 0.0, "overshoot_cost": 52.44444277800179, "power_cost": 17.56987264404297, "noise_cost": 22.607249452145812, "n_waypoints_completed": 9, "tot_waypoints": 9}}
{"target": -183.71807156630277, "params": {"k_pid_pos": [0.8847360114652926, 0.0, 0.012437048573344586], "k_pid_alt": [1.9067480224876552, 0.0, 0.9735574380964366], "k_pid_att": [32.68371356413143, 3.579898491493779, 0.26847907820200856], "k_pid_yaw": [0.5, 1e-06, 0.1], "k_pid_hsp": [0.12617037358170766, 0.0, 0.0], "k_pid_vsp": [57.55848309145077, 33.47764432563967, 1e-06]}, "datetime": {"datetime": "2025-08-13 21:30:25", "elapsed": 42153.35235285759, "delta": 17.634634971618652}, "costs": {"total_cost": 183.71807156630277, "time_cost": 70.763, "final_distance_cost": 1.8023485473336223, "oscillation_cost": 26.164578016175415, "completition_cost": 0.0, "overshoot_cost": 51.03281515313579, "power_cost": 13.260489770507814, "noise_cost": 20.694840079150143, "n_waypoints_completed": 9, "tot_waypoints": 9}}
{"target": -186.4577618505405, "params": {"k_pid_pos": [1.1510506252633403, 0.0, 0.06682883442951523], "k_pid_alt": [2.0, 0.0, 0.9412996171030567], "k_pid_att": [38.93644163181293, 3.638285179431824, 0.2630345229682257], "k_pid_yaw": [0.5, 1e-06, 0.1], "k_pid_hsp": [0.20250566415588347, 0.0, 0.0], "k_pid_vsp": [131.01042676575707, 32.80497637099127, 1e-06]}, "datetime": {"datetime": "2025-08-13 21:30:42", "elapsed": 42170.191432476044, "delta": 16.83907961845398}, "costs": {"total_cost": 186.4577618505405, "time_cost": 70.09100000000001, "final_distance_cost": 1.81957941385945, "oscillation_cost": 29.564719653082218, "completition_cost": 0.0, "overshoot_cost": 50.71939920327888, "power_cost": 13.559425817871094, "noise_cost": 20.70363776244884, "n_waypoints_completed": 9, "tot_waypoints": 9}}
{"target": -1225.60370103354, "params": {"k_pid_pos": [0.7205547958701995, 0.00010334035712209096, 0.07807301132424495], "k_pid_alt": [1.7581191654816066, 0.0, 0.8622049341215345], "k_pid_att": [37.502534443760865, 3.4469536594253465, 0.2399856304910556], "k_pid_yaw": [0.5, 1e-06, 0.1], "k_pid_hsp": [0.0001, 0.0, 0.0], "k_pid_vsp": [90.1186368843483, 25.92535083205689, 1e-06]}, "datetime": {"datetime": "2025-08-13 21:31:11", "elapsed": 42199.127804756165, "delta": 28.93637228012085}, "costs": {"total_cost": 1225.60370103354, "time_cost": 150, "final_distance_cost": 46.33171534440094, "oscillation_cost": 0.00494329863618013, "completition_cost": 888.8888888888888, "overshoot_cost": 89.81701843597627, "power_cost": 18.326395715332033, "noise_cost": 32.234739350305695, "n_waypoints_completed": 1, "tot_waypoints": 9}}
{"target": -188.24552257132726, "params": {"k_pid_pos": [0.835334836396459, 0.0, 0.06827532539541023], "k_pid_alt": [1.5525108900145141, 0.0, 0.9081459392060919], "k_pid_att": [35.59032681138579, 3.5176105984933908, 0.26951708484390524], "k_pid_yaw": [0.5, 1e-06, 0.1], "k_pid_hsp": [0.259542932882174, 0.0, 0.0], "k_pid_vsp": [87.85730172754023, 39.76082124078764, 1e-06]}, "datetime": {"datetime": "2025-08-13 21:31:31", "elapsed": 42219.059931755066, "delta": 19.932126998901367}, "costs": {"total_cost": 188.24552257132726, "time_cost": 72.534, "final_distance_cost": 1.8425549748960202, "oscillation_cost": 26.94904007120117, "completition_cost": 0.0, "overshoot_cost": 50.9148267283297, "power_cost": 14.476410876464845, "noise_cost": 21.528689920435507, "n_waypoints_completed": 9, "tot_waypoints": 9}}
