{"target": -192.25575899430797, "params": {"k_pid_pos": [0.6931183206639692, 0.0, 0.028918951047907065], "k_pid_alt": [1.9316472640123112, 0.0, 0.9648792395970123], "k_pid_att": [31.32353909251801, 5.21452186302319, 0.2831333525581431], "k_pid_yaw": [0.5, 1e-06, 0.1], "k_pid_hsp": [0.11607075122498267, 0.0, 0.0], "k_pid_vsp": [108.63307273421783, 40.40264176487902, 1e-06]}, "datetime": {"datetime": "2025-08-14 00:04:56", "elapsed": 51424.275269031525, "delta": 21.99178409576416}, "costs": {"total_cost": 192.25575899430797, "time_cost": 72.751, "final_distance_cost": 1.819336899274703, "oscillation_cost": 23.81192366311264, "completition_cost": 0.0, "overshoot_cost": 51.80126420208344, "power_cost": 19.369784143066408, "noise_cost": 22.702450086770792, "n_waypoints_completed": 9, "tot_waypoints": 9}}
{"target": -191.47353447506478, "params": {"k_pid_pos": [0.941296286868723, 0.0, 0.07888246524047196], "k_pid_alt": [1.564797600979662, 0.0, 0.9512688112053396], "k_pid_att": [33.42763848663923, 3.613933801089795, 0.22297402463626], "k_pid_yaw": [0.5, 1e-06, 0.1], "k_pid_hsp": [0.25268545648546303, 0.0, 0.0], "k_pid_vsp": [123.09054167779419, 38.65219642821848, 1e-06]}, "datetime": {"datetime": "2025-08-14 00:05:13", "elapsed": 51441.23337697983, "delta": 16.958107948303223}, "costs": {"total_cost": 191.47353447506478, "time_cost": 72.051, "final_distance_cost": 1.843289568936088, "oscillation_cost": 27.782736833102344, "completition_cost": 0.0, "overshoot_cost": 50.83419467386865, "power_cost": 16.996439587402346, "noise_cost": 21.965873811755348, "n_waypoints_completed": 9, "tot_waypoints": 9}}
{"target": -185.68192341573598, "params": {"k_pid_pos": [0.5938479177887521, 0.0, 0.007186633707112262], "k_pid_alt": [1.7913632817629663, 0.0, 0.9594996789144206], "k_pid_att": [37.55580226410222, 3.6868540775065113, 0.2672615573506444], "k_pid_yaw": [0.5, 1e-06, 0.1], "k_pid_hsp": [0.10857301079552922, 0.0, 0.0], "k_pid_vsp": [129.8039861430048, 38.49608696588156, 1e-06]}, "datetime": {"datetime": "2025-08-14 00:05:34", "elapsed": 51462.06123185158, "delta": 20.827854871749878}, "costs": {"total_cost": 185.68192341573598, "time_cost": 73.353, "final_distance_cost": 1.8184851128403547, "oscillation_cost": 21.772101756073653, "completition_cost": 0.0, "overshoot_cost": 51.56250215563871, "power_cost": 15.04661123046875, "noise_cost": 22.129223160714528, "n_waypoints_completed": 9, "tot_waypoints": 9}}
{"target": -191.50872494655437, "params": {"k_pid_pos": [0.6938206308839489, 0.0, 0.010124782129893348], "k_pid_alt": [1.8784534450357822, 0.0, 0.9476689721676287], "k_pid_att": [33.8374669863686, 3.682248191905824, 0.2777269328303483], "k_pid_yaw": [0.5, 1e-06, 0.1], "k_pid_hsp": [0.11753298030766242, 0.0, 0.0], "k_pid_vsp": [137.9299694026981, 48.16619636190372, 1e-06]}, "datetime": {"datetime": "2025-08-14 00:05:51", "elapsed": 51479.748472452164, "delta": 17.687240600585938}, "costs": {"total_cost": 191.50872494655437, "time_cost": 72.548, "final_distance_cost": 1.815469463081168, "oscillation_cost": 23.593677242435085, "completition_cost": 0.0, "overshoot_cost": 51.84482196334516, "power_cost": 19.076224169921876, "noise_cost": 22.630532107771053, "n_waypoints_completed": 9, "tot_waypoints": 9}}
{"target": -202.00137138734055, "params": {"k_pid_pos": [0.6679965248293952, 0.0, 0.0838775612905791], "k_pid_alt": [1.8260553739863326, 0.0, 0.9518673318199694], "k_pid_att": [33.79524424187041, 3.8030066092562507, 0.27195840296934454], "k_pid_yaw": [0.5, 1e-06, 0.1], "k_pid_hsp": [0.12680265746743397, 0.0, 0.0], "k_pid_vsp": [152.58367735343785, 39.97970281507143, 1e-06]}, "datetime": {"datetime": "2025-08-14 00:06:11", "elapsed": 51499.38456606865, "delta": 19.636093616485596}, "costs": {"total_cost": 202.00137138734055, "time_cost": 74.319, "final_distance_cost": 1.8390027168635394, "oscillation_cost": 23.8669532565475, "completition_cost": 0.0, "overshoot_cost": 52.43392091754123, "power_cost": 24.523677380371094, "noise_cost": 25.018817116017196, "n_waypoints_completed": 9, "tot_waypoints": 9}}
{"target": -201.057658121379, "params": {"k_pid_pos": [0.5898994361449283, 0.0, 0.03993273074206686], "k_pid_alt": [1.7092799851337017, 0.0, 0.9769892182341312], "k_pid_att": [33.32284631329527, 3.439354518182325, 0.21871310438166625], "k_pid_yaw": [0.5, 1e-06, 0.1], "k_pid_hsp": [0.33390047420838137, 0.0, 0.0], "k_pid_vsp": [110.70464968597364, 18.980844012434343, 1e-06]}, "datetime": {"datetime": "2025-08-14 00:06:30", "elapsed": 51518.18203783035, "delta": 18.79747176170349}, "costs": {"total_cost": 201.057658121379, "time_cost": 78.876, "final_distance_cost": 1.8542036181929176, "oscillation_cost": 25.985846454828337, "completition_cost": 0.0, "overshoot_cost": 51.56288777965545, "power_cost": 17.90668856201172, "noise_cost": 24.87203170669058, "n_waypoints_completed": 9, "tot_waypoints": 9}}
{"target": -184.70032516672572, "params": {"k_pid_pos": [0.7120886278163117, 0.0, 0.06258677731788292], "k_pid_alt": [1.494741572938363, 0.0, 0.9357719438236048], "k_pid_att": [34.03917997722663, 3.7028682202105685, 0.2552968683824851], "k_pid_yaw": [0.5, 1e-06, 0.1], "k_pid_hsp": [0.11482588271143723, 0.0, 0.0], "k_pid_vsp": [76.58088192039494, 28.74334634821742, 1e-06]}, "datetime": {"datetime": "2025-08-14 00:06:50", "elapsed": 51538.97500896454, "delta": 20.79297113418579}, "costs": {"total_cost": 184.70032516672572, "time_cost": 73.171, "final_distance_cost": 1.8349566656981762, "oscillation_cost": 23.71371458936778, "completition_cost": 0.0, "overshoot_cost": 51.41673552111312, "power_cost": 13.218852954101562, "noise_cost": 21.34506543644508, "n_waypoints_completed": 9, "tot_waypoints": 9}}
{"target": -182.9512267070422, "params": {"k_pid_pos": [0.799109858293987, 0.0, 0.007111635881531825], "k_pid_alt": [1.8730269907901436, 0.0, 0.9468400047196759], "k_pid_att": [34.633609353239386, 3.6186319564658644, 0.26803599250292626], "k_pid_yaw": [0.5, 1e-06, 0.1], "k_pid_hsp": [0.10932147560825219, 0.0, 0.0], "k_pid_vsp": [90.09635112632355, 70.97895345375323, 1e-06]}, "datetime": {"datetime": "2025-08-14 00:07:07", "elapsed": 51555.61733317375, "delta": 16.642324209213257}, "costs": {"total_cost": 182.9512267070422, "time_cost": 71.372, "final_distance_cost": 1.8222410483395097, "oscillation_cost": 24.73737466420231, "completition_cost": 0.0, "overshoot_cost": 51.31595029316837, "power_cost": 13.09857850341797, "noise_cost": 20.60508219791404, "n_waypoints_completed": 9, "tot_waypoints": 9}}
{"target": -198.5896687560059, "params": {"k_pid_pos": [0.6162406885579776, 0.0, 0.011574862191241413], "k_pid_alt": [1.9004551901579694, 0.0, 0.9474707253024881], "k_pid_att": [32.3032696943027, 3.5046302948121086, 0.2814164573653776], "k_pid_yaw": [0.5, 1e-06, 0.1], "k_pid_hsp": [0.12477933407093594, 0.0, 0.0], "k_pid_vsp": [138.5932766122674, 46.83660843536438, 1e-06]}, "datetime": {"datetime": "2025-08-14 00:07:27", "elapsed": 51575.127885103226, "delta": 19.510551929473877}, "costs": {"total_cost": 198.5896687560059, "time_cost": 74.46600000000001, "final_distance_cost": 1.822500391439233, "oscillation_cost": 22.92208510920014, "completition_cost": 0.0, "overshoot_cost": 52.970449520030634, "power_cost": 22.573803125, "noise_cost": 23.834830610335878, "n_waypoints_completed": 9, "tot_waypoints": 9}}
{"target": -187.52141957134694, "params": {"k_pid_pos": [0.7162677022584893, 0.0, 0.010109235947221809], "k_pid_alt": [1.852782506083467, 0.0, 0.9481684913686617], "k_pid_att": [26.228035428787102, 3.38445611185672, 0.26600520138713235], "k_pid_yaw": [0.5, 1e-06, 0.1], "k_pid_hsp": [0.11528877454179956, 0.0, 0.0], "k_pid_vsp": [148.99863998318347, 15.770665620136029, 1e-06]}, "datetime": {"datetime": "2025-08-14 00:07:44", "elapsed": 51592.15178275108, "delta": 17.023897647857666}, "costs": {"total_cost": 187.52141957134694, "time_cost": 72.59700000000001, "final_distance_cost": 1.807977596419162, "oscillation_cost": 23.99140724364636, "completition_cost": 0.0, "overshoot_cost": 51.74436267362775, "power_cost": 15.504526574707032, "noise_cost": 21.876145482946647, "n_waypoints_completed": 9, "tot_waypoints": 9}}
{"target": -181.39108380997195, "params": {"k_pid_pos": [0.9632254700432594, 0.0, 0.0022412944975776228], "k_pid_alt": [1.8747545939725812, 0.0, 0.9562873395019427], "k_pid_att": [33.421743968477, 3.674561508643017, 0.2738334717288639], "k_pid_yaw": [0.5, 1e-06, 0.1], "k_pid_hsp": [0.11607533034905937, 0.0, 0.0], "k_pid_vsp": [142.57086606850163, 37.37408472476682, 1e-06]}, "datetime": {"datetime": "2025-08-14 00:08:02", "elapsed": 51610.6133582592, "delta": 18.461575508117676}, "costs": {"total_cost": 181.39108380997195, "time_cost": 70.94500000000001, "final_distance_cost": 1.8079905217306507, "oscillation_cost": 26.806425570584135, "completition_cost": 0.0, "overshoot_cost": 51.308533766025185, "power_cost": 10.69785291748047, "noise_cost": 19.825281034151498, "n_waypoints_completed": 9, "tot_waypoints": 9}}
{"target": -184.7183464502525, "params": {"k_pid_pos": [0.7679426327129852, 0.0, 0.09136351313339741], "k_pid_alt": [1.7998814850937326, 0.0, 0.976174412054432], "k_pid_att": [33.054918334637236, 3.065263227529803, 0.28201211132183795], "k_pid_yaw": [0.5, 1e-06, 0.1], "k_pid_hsp": [0.183215881152329, 0.0, 0.0], "k_pid_vsp": [103.39049594470205, 39.44767195507273, 1e-06]}, "datetime": {"datetime": "2025-08-14 00:08:21", "elapsed": 51629.654831171036, "delta": 19.041472911834717}, "costs": {"total_cost": 184.7183464502525, "time_cost": 72.261, "final_distance_cost": 1.8420932649950856, "oscillation_cost": 25.451710478837498, "completition_cost": 0.0, "overshoot_cost": 50.888803149244566, "power_cost": 13.034356396484375, "noise_cost": 21.240383160690996, "n_waypoints_completed": 9, "tot_waypoints": 9}}
{"target": -191.8483865846066, "params": {"k_pid_pos": [0.7306172434545488, 0.0, 0.0098704393042588], "k_pid_alt": [1.8730524798237467, 0.0, 0.9459159268001779], "k_pid_att": [33.47636434997989, 3.7042086421764844, 0.2754063199581289], "k_pid_yaw": [0.5, 1e-06, 0.1], "k_pid_hsp": [0.11602746316540366, 0.0, 0.0], "k_pid_vsp": [139.55435178067552, 47.342525266676, 1e-06]}, "datetime": {"datetime": "2025-08-14 00:08:40", "elapsed": 51648.02376580238, "delta": 18.368934631347656}, "costs": {"total_cost": 191.8483865846066, "time_cost": 72.31700000000001, "final_distance_cost": 1.806324738871913, "oscillation_cost": 23.889084258469357, "completition_cost": 0.0, "overshoot_cost": 51.680238514818946, "power_cost": 19.472266430664064, "noise_cost": 22.683472641782323, "n_waypoints_completed": 9, "tot_waypoints": 9}}
