{"target": -1249.573949206077, "params": {"k_pid_pos": [0.76933328704371, 0.2631398588166432, 0.1476527819427082], "k_pid_alt": [0.7414800669459907, 0.0, 0.9580617750174054], "k_pid_att": [29.68621062006032, 3.738528300967651, 0.2908909923757278], "k_pid_yaw": [0.5, 1e-06, 0.1], "k_pid_hsp": [0.0001, 0.0, 0.0], "k_pid_vsp": [121.90740049626311, 8.100682836846543, 1e-06]}, "datetime": {"datetime": "2025-08-13 12:50:27", "elapsed": 10955.011173248291, "delta": 28.570804357528687}, "costs": {"total_cost": 1249.573949206077, "time_cost": 150, "final_distance_cost": 48.470518986187756, "oscillation_cost": 0.03424553578373471, "completition_cost": 888.8888888888888, "overshoot_cost": 104.94289908408525, "power_cost": 23.593727587890626, "noise_cost": 33.643669123240926, "n_waypoints_completed": 1, "tot_waypoints": 9}}
{"target": -188.7433208017854, "params": {"k_pid_pos": [0.923403981816499, 0.05859389535591368, 0.007087642956816631], "k_pid_alt": [1.8902648745368589, 0.0, 1.0], "k_pid_att": [47.432179221449886, 4.29322999184765, 0.2182085852354681], "k_pid_yaw": [0.5, 1e-06, 0.1], "k_pid_hsp": [0.2175274985479558, 0.0, 0.0], "k_pid_vsp": [225.92486241084706, 4.308373444656053, 6.947993622669201]}, "datetime": {"datetime": "2025-08-13 12:50:43", "elapsed": 10971.919186115265, "delta": 16.908012866973877}, "costs": {"total_cost": 188.7433208017854, "time_cost": 72.086, "final_distance_cost": 1.8105250521980454, "oscillation_cost": 28.037321270951622, "completition_cost": 0.0, "overshoot_cost": 51.87898557062892, "power_cost": 13.810519934082032, "noise_cost": 21.119968973924745, "n_waypoints_completed": 9, "tot_waypoints": 9}}
{"target": -202.54501395288568, "params": {"k_pid_pos": [0.4384950156926341, 0.1180906250527915, 0.0], "k_pid_alt": [1.6830075607663098, 0.0, 0.9724964370709464], "k_pid_att": [43.282901934676474, 3.4881016724762617, 0.23849164484092028], "k_pid_yaw": [0.5, 1e-06, 0.1], "k_pid_hsp": [0.112060658727265, 0.0, 0.0], "k_pid_vsp": [197.48863243245094, 9.124772928115044, 2.4135493425490058]}, "datetime": {"datetime": "2025-08-13 12:51:04", "elapsed": 10992.439772605896, "delta": 20.520586490631104}, "costs": {"total_cost": 202.54501395288568, "time_cost": 86.058, "final_distance_cost": 1.8220428124195973, "oscillation_cost": 19.869580802302064, "completition_cost": 0.0, "overshoot_cost": 53.6009364417052, "power_cost": 16.06702608642578, "noise_cost": 25.12742781003303, "n_waypoints_completed": 9, "tot_waypoints": 9}}
{"target": -230.79379111982539, "params": {"k_pid_pos": [0.3589480437010467, 0.0938645075795148, 0.1330841800815188], "k_pid_alt": [1.4807124127058366, 0.0, 0.9622923896357731], "k_pid_att": [3.870554621629042, 3.459229804414529, 0.44032308655759017], "k_pid_yaw": [0.5, 1e-06, 0.1], "k_pid_hsp": [0.983092877914138, 0.0, 0.0], "k_pid_vsp": [167.6073701179396, 1e-06, 2.351315247399572]}, "datetime": {"datetime": "2025-08-13 12:51:29", "elapsed": 11017.393989562988, "delta": 24.954216957092285}, "costs": {"total_cost": 230.79379111982539, "time_cost": 95.60600000000001, "final_distance_cost": 1.8445383133634126, "oscillation_cost": 26.679150942329517, "completition_cost": 0.0, "overshoot_cost": 54.67248550020744, "power_cost": 21.491981518554688, "noise_cost": 30.499634845370306, "n_waypoints_completed": 9, "tot_waypoints": 9}}
{"target": -202.43234795301407, "params": {"k_pid_pos": [1.2819525591321632, 0.12001411476930055, 0.0], "k_pid_alt": [1.4792931707359287, 0.0, 0.9871420742203222], "k_pid_att": [38.542209795227016, 3.383598039466323, 0.21281626263552178], "k_pid_yaw": [0.5, 1e-06, 0.1], "k_pid_hsp": [0.5680971203933749, 0.023873563737319775, 0.0], "k_pid_vsp": [157.18002702118807, 1.6624640104271382, 10.153416768882245]}, "datetime": {"datetime": "2025-08-13 12:51:46", "elapsed": 11034.820687770844, "delta": 17.426698207855225}, "costs": {"total_cost": 202.43234795301407, "time_cost": 74.543, "final_distance_cost": 1.7990676975812296, "oscillation_cost": 33.67485405933544, "completition_cost": 0.0, "overshoot_cost": 51.73213874463397, "power_cost": 20.452749572753905, "noise_cost": 20.230537878709516, "n_waypoints_completed": 9, "tot_waypoints": 9}}
{"target": -190.805585430232, "params": {"k_pid_pos": [0.7077546541342514, 0.027452783968244025, 0.0], "k_pid_alt": [1.5847037729238225, 0.0, 0.9724933895532263], "k_pid_att": [29.954685690037877, 3.5076198016051707, 0.2708865763197541], "k_pid_yaw": [0.5, 1e-06, 0.1], "k_pid_hsp": [0.1171135550858973, 0.0, 0.0], "k_pid_vsp": [174.01338985412895, 1.9519792295883645, 4.0754164259744545]}, "datetime": {"datetime": "2025-08-13 12:52:04", "elapsed": 11052.563097000122, "delta": 17.742409229278564}, "costs": {"total_cost": 190.805585430232, "time_cost": 74.277, "final_distance_cost": 1.8306391557788875, "oscillation_cost": 23.822622103561244, "completition_cost": 0.0, "overshoot_cost": 52.368875908395275, "power_cost": 16.245832873535157, "noise_cost": 22.260615388961416, "n_waypoints_completed": 9, "tot_waypoints": 9}}
{"target": -1184.0280451887756, "params": {"k_pid_pos": [0.4771810388999589, 0.0, 0.0], "k_pid_alt": [1.4276403470566414, 0.0, 0.9834005348249443], "k_pid_att": [60.39945421691375, 4.272844301834314, 0.2667337795542853], "k_pid_yaw": [0.5, 1e-06, 0.1], "k_pid_hsp": [0.0001, 0.0, 0.0], "k_pid_vsp": [215.1004803315439, 11.50709402602589, 4.034073146918685]}, "datetime": {"datetime": "2025-08-13 12:52:32", "elapsed": 11080.206787347794, "delta": 27.64369034767151}, "costs": {"total_cost": 1184.0280451887756, "time_cost": 150, "final_distance_cost": 4.68263334683782, "oscillation_cost": 0.1930684165521143, "completition_cost": 888.8888888888888, "overshoot_cost": 65.0425656778807, "power_cost": 37.97894930419922, "noise_cost": 37.24193955441702, "n_waypoints_completed": 1, "tot_waypoints": 9}}
{"target": -197.546860135393, "params": {"k_pid_pos": [0.5285955029883894, 0.0496006547149017, 0.0], "k_pid_alt": [1.4458482283859668, 0.0, 0.9770537562320253], "k_pid_att": [36.47824733881022, 3.8909220704564498, 0.1899200611528331], "k_pid_yaw": [0.5, 1e-06, 0.1], "k_pid_hsp": [0.14880996314332734, 0.002583903162691777, 0.0], "k_pid_vsp": [158.63786547876194, 4.584914833946493, 1e-06]}, "datetime": {"datetime": "2025-08-13 12:52:50", "elapsed": 11098.087720870972, "delta": 17.8809335231781}, "costs": {"total_cost": 197.546860135393, "time_cost": 77.182, "final_distance_cost": 1.843393976334633, "oscillation_cost": 23.3040995890422, "completition_cost": 0.0, "overshoot_cost": 52.27139280000144, "power_cost": 18.959610583496094, "noise_cost": 23.98636318651862, "n_waypoints_completed": 9, "tot_waypoints": 9}}
{"target": -1259.2918013866931, "params": {"k_pid_pos": [0.7935434213650809, 0.04244127469429604, 0.278668170283468], "k_pid_alt": [1.193360575902016, 0.08915420454393833, 0.7564586709195797], "k_pid_att": [45.37390319981986, 7.367714934098102, 0.14641367221635454], "k_pid_yaw": [0.5, 1e-06, 0.1], "k_pid_hsp": [10.0, 0.09039691845151865, 0.6939371792554849], "k_pid_vsp": [268.36314576996625, 43.883790134866345, 400.0]}, "datetime": {"datetime": "2025-08-13 12:53:18", "elapsed": 11126.60540652275, "delta": 28.517685651779175}, "costs": {"total_cost": 1259.2918013866931, "time_cost": 150, "final_distance_cost": 71.08882587168027, "oscillation_cost": 570.7936261055015, "completition_cost": 333.33333333333337, "overshoot_cost": 66.62233727354064, "power_cost": 37.62188758544922, "noise_cost": 29.83179121718835, "n_waypoints_completed": 6, "tot_waypoints": 9}}
{"target": -207.81494677032111, "params": {"k_pid_pos": [0.36359038195399174, 0.1076538554140913, 0.0], "k_pid_alt": [1.7596838619805737, 0.0, 1.0], "k_pid_att": [32.38759747434642, 6.360476040928188, 0.1939768993539544], "k_pid_yaw": [0.5, 1e-06, 0.1], "k_pid_hsp": [0.11168837815168442, 0.0, 0.0], "k_pid_vsp": [179.88918514240606, 5.5559872156844925, 1e-06]}, "datetime": {"datetime": "2025-08-13 12:53:40", "elapsed": 11148.65385723114, "delta": 22.048450708389282}, "costs": {"total_cost": 207.81494677032111, "time_cost": 91.7, "final_distance_cost": 1.8206490391665855, "oscillation_cost": 18.219435448662352, "completition_cost": 0.0, "overshoot_cost": 53.92128988342909, "power_cost": 15.648586596679689, "noise_cost": 26.5049858023834, "n_waypoints_completed": 9, "tot_waypoints": 9}}
{"target": -228.5031361198318, "params": {"k_pid_pos": [0.47959990471177033, 0.11040606053350935, 0.0], "k_pid_alt": [1.716660330817944, 0.4237422172267483, 0.9465906958330501], "k_pid_att": [44.64664915526575, 3.744024263066619, 0.2454121666526043], "k_pid_yaw": [0.5, 1e-06, 0.1], "k_pid_hsp": [0.8297350947656329, 0.0, 0.0], "k_pid_vsp": [189.5428826443675, 2.3837567950369865, 1e-06]}, "datetime": {"datetime": "2025-08-13 12:54:04", "elapsed": 11172.255319356918, "delta": 23.6014621257782}, "costs": {"total_cost": 228.5031361198318, "time_cost": 100.422, "final_distance_cost": 1.7914810265387604, "oscillation_cost": 26.423323729337252, "completition_cost": 0.0, "overshoot_cost": 54.91945337878065, "power_cost": 17.16379412841797, "noise_cost": 27.783083856757184, "n_waypoints_completed": 9, "tot_waypoints": 9}}
{"target": -1256.6565328218055, "params": {"k_pid_pos": [0.5170124704827438, 0.0, 0.0], "k_pid_alt": [1.5215474140673253, 0.0, 0.9543216077968282], "k_pid_att": [27.05992784814174, 3.4457968346692107, 0.2295332013282424], "k_pid_yaw": [0.5, 1e-06, 0.1], "k_pid_hsp": [0.0001, 0.0010104946420617079, 0.0], "k_pid_vsp": [181.89598298255987, 6.53089056726012, 2.20985243287671]}, "datetime": {"datetime": "2025-08-13 12:54:32", "elapsed": 11200.553300380707, "delta": 28.297981023788452}, "costs": {"total_cost": 1256.6565328218055, "time_cost": 150, "final_distance_cost": 56.04772646082188, "oscillation_cost": 0.09189477797609004, "completition_cost": 888.8888888888888, "overshoot_cost": 105.2504339358127, "power_cost": 22.921943115234377, "noise_cost": 33.455645643071705, "n_waypoints_completed": 1, "tot_waypoints": 9}}
{"target": -200.32095271332494, "params": {"k_pid_pos": [0.6697000877432671, 0.02138292358888976, 0.009471800537061687], "k_pid_alt": [1.5408743396385673, 0.02814971716715946, 0.9762991960488882], "k_pid_att": [38.6170008153454, 3.652192631510047, 0.31633990970664677], "k_pid_yaw": [0.5, 1e-06, 0.1], "k_pid_hsp": [0.6395981167227961, 0.0, 0.0], "k_pid_vsp": [170.58146796236838, 31.028159412483756, 1e-06]}, "datetime": {"datetime": "2025-08-13 12:54:50", "elapsed": 11218.771783351898, "delta": 18.218482971191406}, "costs": {"total_cost": 200.32095271332494, "time_cost": 76.132, "final_distance_cost": 1.8486729325115097, "oscillation_cost": 27.812080795028855, "completition_cost": 0.0, "overshoot_cost": 51.553964633729485, "power_cost": 18.526096337890625, "noise_cost": 24.448138014164442, "n_waypoints_completed": 9, "tot_waypoints": 9}}
{"target": -198.82219150643394, "params": {"k_pid_pos": [0.4364244501468526, 0.03971100152247743, 0.0], "k_pid_alt": [1.5794085819075354, 0.0, 0.8055365335380735], "k_pid_att": [30.33967485643453, 4.895555048069528, 0.022990675675420708], "k_pid_yaw": [0.5, 1e-06, 0.1], "k_pid_hsp": [0.23227028629062152, 0.0, 0.0], "k_pid_vsp": [199.07383425730492, 1e-06, 1e-06]}, "datetime": {"datetime": "2025-08-13 12:55:10", "elapsed": 11238.008295297623, "delta": 19.236511945724487}, "costs": {"total_cost": 198.82219150643394, "time_cost": 81.109, "final_distance_cost": 1.8478128748982352, "oscillation_cost": 26.958988531068243, "completition_cost": 0.0, "overshoot_cost": 52.535121260668674, "power_cost": 12.792732836914062, "noise_cost": 23.578536002884704, "n_waypoints_completed": 9, "tot_waypoints": 9}}
{"target": -221.03105117944716, "params": {"k_pid_pos": [0.5410232926038522, 0.1273264506248518, 0.04711963239072006], "k_pid_alt": [1.6922427809487415, 0.0, 0.975234961179151], "k_pid_att": [36.70360365235435, 2.834575544668126, 0.2043465642746468], "k_pid_yaw": [0.5, 1e-06, 0.1], "k_pid_hsp": [0.13267754370667345, 0.04671486839786496, 0.0], "k_pid_vsp": [274.6072700750504, 19.44474836257878, 1e-06]}, "datetime": {"datetime": "2025-08-13 12:55:30", "elapsed": 11258.636394262314, "delta": 20.628098964691162}, "costs": {"total_cost": 221.03105117944716, "time_cost": 88.277, "final_distance_cost": 1.834882650574435, "oscillation_cost": 28.431883909821234, "completition_cost": 0.0, "overshoot_cost": 52.40919384798947, "power_cost": 23.025373242187502, "noise_cost": 27.052717528874517, "n_waypoints_completed": 9, "tot_waypoints": 9}}
{"target": -199.7350905191926, "params": {"k_pid_pos": [0.6036628408609603, 0.07400967050746911, 0.0], "k_pid_alt": [1.2561902459557783, 0.0, 0.8804096779793431], "k_pid_att": [29.863309910842435, 3.912660132618359, 0.24241781109489471], "k_pid_yaw": [0.5, 1e-06, 0.1], "k_pid_hsp": [0.8654197946312946, 0.0, 0.0], "k_pid_vsp": [204.25054919702143, 4.151714598476627, 1e-06]}, "datetime": {"datetime": "2025-08-13 12:55:49", "elapsed": 11277.889258861542, "delta": 19.252864599227905}, "costs": {"total_cost": 199.7350905191926, "time_cost": 80.36, "final_distance_cost": 1.837221205077019, "oscillation_cost": 28.22665484154486, "completition_cost": 0.0, "overshoot_cost": 51.97735273420922, "power_cost": 14.182729028320313, "noise_cost": 23.151132710041157, "n_waypoints_completed": 9, "tot_waypoints": 9}}
{"target": -196.8754998288152, "params": {"k_pid_pos": [0.8557915491617236, 0.04977012742809825, 0.2194009753565755], "k_pid_alt": [1.6272760512292863, 0.0, 0.9833745415006654], "k_pid_att": [74.9412895212595, 2.7576218011822116, 0.4770467288224238], "k_pid_yaw": [0.5, 1e-06, 0.1], "k_pid_hsp": [0.20140856787828795, 0.0, 0.0], "k_pid_vsp": [223.6508652828274, 5.221213693826147, 1e-06]}, "datetime": {"datetime": "2025-08-13 12:56:07", "elapsed": 11295.138938426971, "delta": 17.249679565429688}, "costs": {"total_cost": 196.8754998288152, "time_cost": 74.62, "final_distance_cost": 1.835160132575834, "oscillation_cost": 25.65674648172913, "completition_cost": 0.0, "overshoot_cost": 52.25317507828474, "power_cost": 19.195808239746096, "noise_cost": 23.314609896479386, "n_waypoints_completed": 9, "tot_waypoints": 9}}
{"target": -1227.6519185611842, "params": {"k_pid_pos": [0.5126845119146708, 0.1493824860759515, 0.0], "k_pid_alt": [1.690639875101793, 0.11365178660177588, 0.9698198606994766], "k_pid_att": [36.89008331800422, 5.82072271115957, 0.20227402716178167], "k_pid_yaw": [0.5, 1e-06, 0.1], "k_pid_hsp": [0.0001, 0.0, 0.0], "k_pid_vsp": [176.93931913007938, 1e-06, 1e-06]}, "datetime": {"datetime": "2025-08-13 12:56:35", "elapsed": 11323.548424482346, "delta": 28.409486055374146}, "costs": {"total_cost": 1227.6519185611842, "time_cost": 150, "final_distance_cost": 46.563847634881604, "oscillation_cost": 0.32756204792212623, "completition_cost": 888.8888888888888, "overshoot_cost": 91.99602604256623, "power_cost": 17.799881542968752, "noise_cost": 32.07571240395663, "n_waypoints_completed": 1, "tot_waypoints": 9}}
{"target": -194.09616816978735, "params": {"k_pid_pos": [0.6062603771933354, 0.014213059420678152, 0.0], "k_pid_alt": [1.5648657917475006, 0.0, 0.9889416361245995], "k_pid_att": [35.13657149753272, 3.8062791563877676, 0.2574341430457687], "k_pid_yaw": [0.5, 1e-06, 0.1], "k_pid_hsp": [0.21406109445313334, 0.0, 0.0], "k_pid_vsp": [171.45941643026924, 4.916983079620953, 1e-06]}, "datetime": {"datetime": "2025-08-13 12:56:53", "elapsed": 11341.127964258194, "delta": 17.57953977584839}, "costs": {"total_cost": 194.09616816978735, "time_cost": 76.622, "final_distance_cost": 1.840196507024017, "oscillation_cost": 25.346491077852786, "completition_cost": 0.0, "overshoot_cost": 52.252058732491705, "power_cost": 15.140573791503908, "noise_cost": 22.894848060914924, "n_waypoints_completed": 9, "tot_waypoints": 9}}
{"target": -199.99866622418014, "params": {"k_pid_pos": [0.5492756046983195, 0.07971241904490252, 0.0], "k_pid_alt": [1.4666047711999994, 0.0, 0.9537098149424019], "k_pid_att": [39.28061769203776, 3.74816785498521, 0.25404176062933126], "k_pid_yaw": [0.5, 1e-06, 0.1], "k_pid_hsp": [0.15450444978776998, 0.0, 0.0], "k_pid_vsp": [159.63544297186763, 6.261415617403358, 0.8444719788720779]}, "datetime": {"datetime": "2025-08-13 12:57:11", "elapsed": 11359.151452541351, "delta": 18.02348828315735}, "costs": {"total_cost": 199.99866622418014, "time_cost": 77.742, "final_distance_cost": 1.8324473508682346, "oscillation_cost": 23.63176698630783, "completition_cost": 0.0, "overshoot_cost": 52.172368322976816, "power_cost": 20.326427868652345, "noise_cost": 24.293655695374888, "n_waypoints_completed": 9, "tot_waypoints": 9}}
{"target": -205.588618752843, "params": {"k_pid_pos": [0.553180324845568, 0.02678958899212635, 0.0], "k_pid_alt": [1.3856369980862617, 0.07133086705195073, 0.9394045787334921], "k_pid_att": [29.283168390660066, 3.902038065379491, 0.3732945428748337], "k_pid_yaw": [0.5, 1e-06, 0.1], "k_pid_hsp": [0.2218026424937882, 0.0, 0.0], "k_pid_vsp": [198.56437916523706, 8.820319309243374, 1e-06]}, "datetime": {"datetime": "2025-08-13 12:57:32", "elapsed": 11380.147154808044, "delta": 20.995702266693115}, "costs": {"total_cost": 205.588618752843, "time_cost": 89.243, "final_distance_cost": 1.8235413514157417, "oscillation_cost": 24.362824722943948, "completition_cost": 0.0, "overshoot_cost": 51.83821245567494, "power_cost": 13.530766870117189, "noise_cost": 24.79027335269118, "n_waypoints_completed": 9, "tot_waypoints": 9}}
{"target": -196.74417909553728, "params": {"k_pid_pos": [0.5275779547119563, 0.09462073761984308, 0.0], "k_pid_alt": [1.3970949484923658, 0.0, 0.9445721253234541], "k_pid_att": [33.327980534489804, 4.303778212456519, 0.25422233459195676], "k_pid_yaw": [0.5, 1e-06, 0.1], "k_pid_hsp": [0.2022101872871916, 0.0, 0.0], "k_pid_vsp": [184.68741922588316, 7.0942906872509255, 1e-06]}, "datetime": {"datetime": "2025-08-13 12:57:50", "elapsed": 11398.826881170273, "delta": 18.679726362228394}, "costs": {"total_cost": 196.74417909553728, "time_cost": 79.24, "final_distance_cost": 1.820665666459624, "oscillation_cost": 24.43775660185647, "completition_cost": 0.0, "overshoot_cost": 52.58906509679142, "power_cost": 15.273971850585939, "noise_cost": 23.382719879843812, "n_waypoints_completed": 9, "tot_waypoints": 9}}
{"target": -194.0288258642081, "params": {"k_pid_pos": [2.0, 0.0, 0.0], "k_pid_alt": [1.4425576326680578, 0.0, 1.0], "k_pid_att": [12.532448483603414, 2.360753096832804, 0.3622733228669327], "k_pid_yaw": [0.5, 1e-06, 0.1], "k_pid_hsp": [0.14176087009674487, 0.0, 0.0], "k_pid_vsp": [140.53283111523137, 23.931292745932367, 1.4682586709783347]}, "datetime": {"datetime": "2025-08-13 12:58:08", "elapsed": 11416.00033569336, "delta": 17.173454523086548}, "costs": {"total_cost": 194.0288258642081, "time_cost": 72.373, "final_distance_cost": 1.7656668577647712, "oscillation_cost": 33.53932193829858, "completition_cost": 0.0, "overshoot_cost": 51.841170195550994, "power_cost": 13.706467602539064, "noise_cost": 20.803199270054677, "n_waypoints_completed": 9, "tot_waypoints": 9}}
{"target": -1213.2990734620237, "params": {"k_pid_pos": [0.528293267983667, 0.037604412157678097, 0.0], "k_pid_alt": [1.5223390798294723, 0.0, 0.9559852314041646], "k_pid_att": [37.735964722353835, 4.234340482168403, 0.21045831061857584], "k_pid_yaw": [0.5, 1e-06, 0.1], "k_pid_hsp": [0.0001, 0.0, 0.0], "k_pid_vsp": [317.7724666905888, 7.844219233043779, 1e-06]}, "datetime": {"datetime": "2025-08-13 12:58:36", "elapsed": 11444.388877868652, "delta": 28.38854217529297}, "costs": {"total_cost": 1213.2990734620237, "time_cost": 150, "final_distance_cost": 45.72557659197514, "oscillation_cost": 0.015520717136654361, "completition_cost": 888.8888888888888, "overshoot_cost": 79.17059700199526, "power_cost": 17.511466174316407, "noise_cost": 31.98702408771152, "n_waypoints_completed": 1, "tot_waypoints": 9}}
{"target": -206.46662871844364, "params": {"k_pid_pos": [0.5714226702254158, 0.03850233793297987, 0.0], "k_pid_alt": [1.6161221140206856, 0.0, 0.9705425712818823], "k_pid_att": [21.978708202328114, 4.244126394873428, 0.3377057472526769], "k_pid_yaw": [0.5, 1e-06, 0.1], "k_pid_hsp": [0.12915940616718774, 0.0, 0.0], "k_pid_vsp": [175.0243817533432, 12.111551157824055, 1e-06]}, "datetime": {"datetime": "2025-08-13 12:58:54", "elapsed": 11462.887699127197, "delta": 18.498821258544922}, "costs": {"total_cost": 206.46662871844364, "time_cost": 78.757, "final_distance_cost": 1.8181602664768652, "oscillation_cost": 23.59201421467858, "completition_cost": 0.0, "overshoot_cost": 52.845484406603994, "power_cost": 24.3011728515625, "noise_cost": 25.152796979121703, "n_waypoints_completed": 9, "tot_waypoints": 9}}
{"target": -194.42408954568015, "params": {"k_pid_pos": [0.5345898377352868, 0.06021060495879295, 0.0], "k_pid_alt": [1.3492408862376994, 0.0, 0.9516678303940339], "k_pid_att": [27.19358492650756, 4.374013959948965, 0.23083284961627978], "k_pid_yaw": [0.5, 1e-06, 0.1], "k_pid_hsp": [0.20076694159174488, 0.0, 0.0], "k_pid_vsp": [221.07475475236635, 9.763390719455272, 1e-06]}, "datetime": {"datetime": "2025-08-13 12:59:13", "elapsed": 11481.418334960938, "delta": 18.530635833740234}, "costs": {"total_cost": 194.42408954568015, "time_cost": 78.72200000000001, "final_distance_cost": 1.8444425285713335, "oscillation_cost": 24.276170046552576, "completition_cost": 0.0, "overshoot_cost": 52.348484690984805, "power_cost": 14.232721948242189, "noise_cost": 23.00027033132922, "n_waypoints_completed": 9, "tot_waypoints": 9}}
