{"target": -188.70284674379977, "params": {"k_pid_pos": [0.9625871526426804, 0.0, 0.050261775085286134], "k_pid_alt": [2.0, 0.0, 0.9427891322072196], "k_pid_att": [34.3888046378327, 3.6935970600175523, 0.24460691605989], "k_pid_yaw": [0.5, 1e-06, 0.1], "k_pid_hsp": [0.07624253908491517, 0.0, 0.0], "k_pid_vsp": [111.91163079485091, 44.73403753436974, 1e-06]}, "datetime": {"datetime": "2025-08-13 23:04:13", "elapsed": 47781.58707046509, "delta": 19.52495574951172}, "costs": {"total_cost": 188.70284674379977, "time_cost": 74.242, "final_distance_cost": 1.7776891201097602, "oscillation_cost": 25.075707329786432, "completition_cost": 0.0, "overshoot_cost": 52.31428167439704, "power_cost": 13.597500354003907, "noise_cost": 21.695668265502622, "n_waypoints_completed": 9, "tot_waypoints": 9}}
{"target": -188.186295770777, "params": {"k_pid_pos": [1.1960012861480358, 0.00020815815204916423, 0.025310835892903005], "k_pid_alt": [1.8399595846078192, 0.0, 0.9442227859605444], "k_pid_att": [33.1660402933052, 3.60693984727633, 0.28522245608109154], "k_pid_yaw": [0.5, 1e-06, 0.1], "k_pid_hsp": [0.1352050925221511, 0.0, 0.0], "k_pid_vsp": [143.90787469383443, 49.063951731525435, 1e-06]}, "datetime": {"datetime": "2025-08-13 23:04:30", "elapsed": 47798.58962416649, "delta": 17.002553701400757}, "costs": {"total_cost": 188.186295770777, "time_cost": 70.574, "final_distance_cost": 1.7857428742030772, "oscillation_cost": 29.29984035831238, "completition_cost": 0.0, "overshoot_cost": 50.88087285216359, "power_cost": 14.659903186035157, "noise_cost": 20.985936500062788, "n_waypoints_completed": 9, "tot_waypoints": 9}}
{"target": -211.24187014027711, "params": {"k_pid_pos": [0.5478378957916324, 0.0, 0.03254397400557119], "k_pid_alt": [1.9937203581571548, 0.0, 0.9610826547962096], "k_pid_att": [36.43247864643633, 3.3713410920196893, 0.2740115494661049], "k_pid_yaw": [0.5, 1e-06, 0.1], "k_pid_hsp": [0.2785763250600539, 0.0, 0.0], "k_pid_vsp": [128.4146870778948, 77.63398332052891, 1e-06]}, "datetime": {"datetime": "2025-08-13 23:04:51", "elapsed": 47819.36995911598, "delta": 20.780334949493408}, "costs": {"total_cost": 211.24187014027711, "time_cost": 79.408, "final_distance_cost": 1.8573593279689307, "oscillation_cost": 24.622284982125734, "completition_cost": 0.0, "overshoot_cost": 52.71415891725061, "power_cost": 26.139316772460937, "noise_cost": 26.5007501404709, "n_waypoints_completed": 9, "tot_waypoints": 9}}
{"target": -178.23636818149052, "params": {"k_pid_pos": [0.8050872248765812, 0.0, 0.0], "k_pid_alt": [1.8421677872659428, 0.0, 0.9825186044119432], "k_pid_att": [36.082266643757904, 3.699738624640618, 0.2708785730248542], "k_pid_yaw": [0.5, 1e-06, 0.1], "k_pid_hsp": [0.18283961487424705, 0.0, 0.0], "k_pid_vsp": [130.78745695406874, 30.169194914360315, 1e-06]}, "datetime": {"datetime": "2025-08-13 23:05:08", "elapsed": 47836.11067318916, "delta": 16.740714073181152}, "costs": {"total_cost": 178.23636818149052, "time_cost": 71.057, "final_distance_cost": 1.8384775492284513, "oscillation_cost": 26.321256727354562, "completition_cost": 0.0, "overshoot_cost": 51.178865867013585, "power_cost": 8.5861564453125, "noise_cost": 19.254611592581437, "n_waypoints_completed": 9, "tot_waypoints": 9}}
{"target": -193.20050339013565, "params": {"k_pid_pos": [1.020601457247495, 0.0, 0.01331483431816135], "k_pid_alt": [1.8702175789849715, 0.0, 0.9149178041807574], "k_pid_att": [34.660486469368315, 2.9024535323069034, 0.28876867903116854], "k_pid_yaw": [0.5, 1e-06, 0.1], "k_pid_hsp": [0.2215666761034792, 0.0, 0.0], "k_pid_vsp": [129.36454881556853, 18.557148722834405, 1e-06]}, "datetime": {"datetime": "2025-08-13 23:05:26", "elapsed": 47854.63307571411, "delta": 18.52240252494812}, "costs": {"total_cost": 193.20050339013565, "time_cost": 71.26, "final_distance_cost": 1.8373732260977789, "oscillation_cost": 28.536329545416013, "completition_cost": 0.0, "overshoot_cost": 51.48102396764353, "power_cost": 17.981022595214846, "noise_cost": 22.104754055763454, "n_waypoints_completed": 9, "tot_waypoints": 9}}
{"target": -176.36438471134483, "params": {"k_pid_pos": [0.6706079565727989, 0.0, 0.0], "k_pid_alt": [1.7794751225582246, 0.0, 0.9534392950541234], "k_pid_att": [32.703825152107996, 3.263359262491729, 0.24032849956527663], "k_pid_yaw": [0.5, 1e-06, 0.1], "k_pid_hsp": [0.10312614699577055, 0.0, 0.0], "k_pid_vsp": [82.39062441813985, 52.633662753676404, 0.3473680360854834]}, "datetime": {"datetime": "2025-08-13 23:05:44", "elapsed": 47872.16340780258, "delta": 17.53033208847046}, "costs": {"total_cost": 176.36438471134483, "time_cost": 72.352, "final_distance_cost": 1.8133940679441052, "oscillation_cost": 22.551893088044448, "completition_cost": 0.0, "overshoot_cost": 51.072441788718734, "power_cost": 9.079150036621094, "noise_cost": 19.49550573001644, "n_waypoints_completed": 9, "tot_waypoints": 9}}
{"target": -185.9694628638951, "params": {"k_pid_pos": [0.8039215891080559, 0.0, 0.11356058087601942], "k_pid_alt": [1.8491324044588213, 0.0, 0.9484943862779075], "k_pid_att": [33.259291383608314, 3.691710125282056, 0.26781017546403724], "k_pid_yaw": [0.5, 1e-06, 0.1], "k_pid_hsp": [0.12836678985558547, 0.0, 0.0], "k_pid_vsp": [110.05106555894807, 47.938007252979574, 1e-06]}, "datetime": {"datetime": "2025-08-13 23:06:02", "elapsed": 47890.73166394234, "delta": 18.56825613975525}, "costs": {"total_cost": 185.9694628638951, "time_cost": 71.72200000000001, "final_distance_cost": 1.8302768872404493, "oscillation_cost": 24.62794760112896, "completition_cost": 0.0, "overshoot_cost": 50.96136696827631, "power_cost": 15.258475012207033, "noise_cost": 21.56939639504232, "n_waypoints_completed": 9, "tot_waypoints": 9}}
{"target": -187.30526932778787, "params": {"k_pid_pos": [0.5997172567122923, 0.0, 0.013484342472512822], "k_pid_alt": [1.908566580929621, 0.0, 0.9636144414879075], "k_pid_att": [33.067664764156746, 3.870638276969216, 0.26841442654773484], "k_pid_yaw": [0.5, 1e-06, 0.1], "k_pid_hsp": [0.11499267848498534, 0.0, 0.0], "k_pid_vsp": [119.66320638331061, 47.40165731501082, 1e-06]}, "datetime": {"datetime": "2025-08-13 23:06:20", "elapsed": 47908.09149622917, "delta": 17.359832286834717}, "costs": {"total_cost": 187.30526932778787, "time_cost": 73.19200000000001, "final_distance_cost": 1.8190414947963056, "oscillation_cost": 22.569001122072073, "completition_cost": 0.0, "overshoot_cost": 51.11718196352476, "power_cost": 16.22246102294922, "noise_cost": 22.385583724445482, "n_waypoints_completed": 9, "tot_waypoints": 9}}
{"target": -184.85429949430818, "params": {"k_pid_pos": [0.5985894348094415, 0.0, 0.0], "k_pid_alt": [1.8694493488021025, 0.0, 0.9532811733433323], "k_pid_att": [33.42084262129514, 3.4292945264497563, 0.2698476373673847], "k_pid_yaw": [0.5, 1e-06, 0.1], "k_pid_hsp": [0.12373492442124294, 0.0, 0.0], "k_pid_vsp": [124.27544901406412, 45.15954187817661, 1e-06]}, "datetime": {"datetime": "2025-08-13 23:06:39", "elapsed": 47927.87343335152, "delta": 19.78193712234497}, "costs": {"total_cost": 184.85429949430818, "time_cost": 72.97500000000001, "final_distance_cost": 1.8286959630409885, "oscillation_cost": 23.03069060117727, "completition_cost": 0.0, "overshoot_cost": 51.23914396824739, "power_cost": 13.980257641601563, "noise_cost": 21.80051132024096, "n_waypoints_completed": 9, "tot_waypoints": 9}}
{"target": -183.69664628905556, "params": {"k_pid_pos": [0.6278276969717572, 0.0, 0.0], "k_pid_alt": [1.9030473554314689, 0.0, 0.9692838335847135], "k_pid_att": [31.482529873007042, 3.5749367792855042, 0.27427010645187944], "k_pid_yaw": [0.5, 1e-06, 0.1], "k_pid_hsp": [0.11388456809923479, 0.0, 0.0], "k_pid_vsp": [146.201720376871, 43.40416637732108, 1e-06]}, "datetime": {"datetime": "2025-08-13 23:06:57", "elapsed": 47945.58327794075, "delta": 17.7098445892334}, "costs": {"total_cost": 183.69664628905556, "time_cost": 72.674, "final_distance_cost": 1.8333216738610718, "oscillation_cost": 22.38849813992685, "completition_cost": 0.0, "overshoot_cost": 51.42461872833086, "power_cost": 13.913754431152345, "noise_cost": 21.462453315784423, "n_waypoints_completed": 9, "tot_waypoints": 9}}
{"target": -192.30503583381713, "params": {"k_pid_pos": [1.032511581794528, 0.0, 0.04009146896173533], "k_pid_alt": [1.9990075341489824, 0.0, 0.9492964915747535], "k_pid_att": [33.533218592564694, 3.706153060056145, 0.2953359034045031], "k_pid_yaw": [0.5, 1e-06, 0.1], "k_pid_hsp": [0.10478826006839724, 0.0, 0.0], "k_pid_vsp": [98.86053884925805, 19.95104500029897, 1e-06]}, "datetime": {"datetime": "2025-08-13 23:07:15", "elapsed": 47963.11270451546, "delta": 17.52942657470703}, "costs": {"total_cost": 192.30503583381713, "time_cost": 71.84100000000001, "final_distance_cost": 1.7776510068393112, "oscillation_cost": 26.945501008362708, "completition_cost": 0.0, "overshoot_cost": 52.33284768634761, "power_cost": 17.31653399658203, "noise_cost": 22.09150213568546, "n_waypoints_completed": 9, "tot_waypoints": 9}}
{"target": -193.1475118513218, "params": {"k_pid_pos": [0.4741392433017644, 0.0, 0.02951792117770458], "k_pid_alt": [1.8700839587426332, 0.0, 0.9090494642076359], "k_pid_att": [35.06337083465356, 3.800462404014287, 0.26400614194503497], "k_pid_yaw": [0.5, 1e-06, 0.1], "k_pid_hsp": [0.1277834929416016, 0.0, 0.0], "k_pid_vsp": [114.50861304333137, 35.880594937610766, 1e-06]}, "datetime": {"datetime": "2025-08-13 23:07:34", "elapsed": 47982.29848742485, "delta": 19.18578290939331}, "costs": {"total_cost": 193.1475118513218, "time_cost": 76.559, "final_distance_cost": 1.8462321161732382, "oscillation_cost": 20.967257456075856, "completition_cost": 0.0, "overshoot_cost": 51.74222365261562, "power_cost": 17.83973240966797, "noise_cost": 24.193066216789124, "n_waypoints_completed": 9, "tot_waypoints": 9}}
{"target": -179.46741592751295, "params": {"k_pid_pos": [0.6959910844503527, 0.0, 0.024986385394786564], "k_pid_alt": [1.8716163318987493, 0.0, 0.9518594717930011], "k_pid_att": [33.71491694600199, 3.637011370202162, 0.27496303404811695], "k_pid_yaw": [0.5, 1e-06, 0.1], "k_pid_hsp": [0.11399071563228405, 0.0, 0.0], "k_pid_vsp": [132.05134274915105, 44.66447498470276, 1e-06]}, "datetime": {"datetime": "2025-08-13 23:07:52", "elapsed": 48000.1503944397, "delta": 17.8519070148468}, "costs": {"total_cost": 179.46741592751295, "time_cost": 71.834, "final_distance_cost": 1.8077543692176976, "oscillation_cost": 23.39295076998379, "completition_cost": 0.0, "overshoot_cost": 51.23786393596178, "power_cost": 10.863904296875, "noise_cost": 20.330942555474685, "n_waypoints_completed": 9, "tot_waypoints": 9}}
{"target": -186.0466220618454, "params": {"k_pid_pos": [0.7943135766947137, 0.0, 0.04476078590182965], "k_pid_alt": [1.855345519825317, 0.0, 0.949993244862942], "k_pid_att": [32.435226689499494, 3.287373467969919, 0.27311728734172536], "k_pid_yaw": [0.5, 1e-06, 0.1], "k_pid_hsp": [0.14327293073187852, 0.0, 0.0], "k_pid_vsp": [109.40251888549743, 39.970634207839566, 1e-06]}, "datetime": {"datetime": "2025-08-13 23:08:10", "elapsed": 48018.80906176567, "delta": 18.65866732597351}, "costs": {"total_cost": 186.0466220618454, "time_cost": 71.519, "final_distance_cost": 1.8225484197481727, "oscillation_cost": 25.310895771624654, "completition_cost": 0.0, "overshoot_cost": 51.39331883182962, "power_cost": 14.716389904785157, "noise_cost": 21.284469133857776, "n_waypoints_completed": 9, "tot_waypoints": 9}}
{"target": -184.81935747099425, "params": {"k_pid_pos": [0.9618734176771179, 0.0, 0.05323584981473052], "k_pid_alt": [1.953848599370524, 0.0, 0.9563465630256667], "k_pid_att": [32.95482163168838, 3.538752353570743, 0.25989662550455983], "k_pid_yaw": [0.5, 1e-06, 0.1], "k_pid_hsp": [0.16200132969920197, 0.0, 0.0], "k_pid_vsp": [108.95844542197618, 37.02184208286069, 1e-06]}, "datetime": {"datetime": "2025-08-13 23:08:27", "elapsed": 48035.666387081146, "delta": 16.857325315475464}, "costs": {"total_cost": 184.81935747099425, "time_cost": 70.46900000000001, "final_distance_cost": 1.8312384448700632, "oscillation_cost": 27.198070248866763, "completition_cost": 0.0, "overshoot_cost": 51.11879077397893, "power_cost": 13.453281921386719, "noise_cost": 20.74897608189175, "n_waypoints_completed": 9, "tot_waypoints": 9}}
{"target": -182.6941111387575, "params": {"k_pid_pos": [1.1554275694040492, 0.0, 0.09319443943344174], "k_pid_alt": [1.7933998976885739, 0.0, 0.9501626427339893], "k_pid_att": [32.205131739759835, 3.37375783644738, 0.24440818891685526], "k_pid_yaw": [0.5, 1e-06, 0.1], "k_pid_hsp": [0.09978325024702686, 0.0, 0.0], "k_pid_vsp": [85.30945860012119, 4.876978506741484, 1e-06]}, "datetime": {"datetime": "2025-08-13 23:08:46", "elapsed": 48054.67761802673, "delta": 19.011230945587158}, "costs": {"total_cost": 182.6941111387575, "time_cost": 72.443, "final_distance_cost": 1.7923199363193638, "oscillation_cost": 27.412483638362932, "completition_cost": 0.0, "overshoot_cost": 51.99843736489733, "power_cost": 9.470406835937501, "noise_cost": 19.577463363240383, "n_waypoints_completed": 9, "tot_waypoints": 9}}
{"target": -183.28313634361325, "params": {"k_pid_pos": [0.7786451256283847, 0.0, 0.05312636055981023], "k_pid_alt": [1.8856605416576506, 0.0, 0.9488416897503553], "k_pid_att": [33.57534957930767, 3.682033605210895, 0.2680247125230052], "k_pid_yaw": [0.5, 1e-06, 0.1], "k_pid_hsp": [0.11359887566932782, 0.0, 0.0], "k_pid_vsp": [105.77535634239091, 9.66327320303147, 1e-06]}, "datetime": {"datetime": "2025-08-13 23:09:04", "elapsed": 48072.227363824844, "delta": 17.549745798110962}, "costs": {"total_cost": 183.28313634361325, "time_cost": 72.499, "final_distance_cost": 1.8195402322243743, "oscillation_cost": 24.231559660403747, "completition_cost": 0.0, "overshoot_cost": 51.80540118598245, "power_cost": 12.058202770996095, "noise_cost": 20.869432494006574, "n_waypoints_completed": 9, "tot_waypoints": 9}}
{"target": -191.99246978846907, "params": {"k_pid_pos": [0.9938821211896662, 0.0, 0.014501790120183402], "k_pid_alt": [1.735848911920112, 0.0, 0.9551877130100097], "k_pid_att": [33.76592398523214, 3.591931685729802, 0.2762936395030625], "k_pid_yaw": [0.5, 1e-06, 0.1], "k_pid_hsp": [0.1586991800292941, 0.0, 0.0], "k_pid_vsp": [131.79944339955122, 46.49644874391826, 1e-06]}, "datetime": {"datetime": "2025-08-13 23:09:23", "elapsed": 48091.13827633858, "delta": 18.91091251373291}, "costs": {"total_cost": 191.99246978846907, "time_cost": 71.309, "final_distance_cost": 1.8170188007224888, "oscillation_cost": 27.75210580311851, "completition_cost": 0.0, "overshoot_cost": 51.27000841670163, "power_cost": 17.934132763671876, "noise_cost": 21.91020400425457, "n_waypoints_completed": 9, "tot_waypoints": 9}}
{"target": -178.93260942342326, "params": {"k_pid_pos": [0.6941907340863398, 0.0, 0.0], "k_pid_alt": [1.8982314913097507, 0.0, 0.9450757428085383], "k_pid_att": [30.913434514426697, 3.4319837166380216, 0.2597270646441044], "k_pid_yaw": [0.5, 1e-06, 0.1], "k_pid_hsp": [0.1303884679776076, 0.0, 0.0], "k_pid_vsp": [160.70171695200705, 22.51737620409924, 1e-06]}, "datetime": {"datetime": "2025-08-13 23:09:40", "elapsed": 48108.66048455238, "delta": 17.522208213806152}, "costs": {"total_cost": 178.93260942342326, "time_cost": 72.07900000000001, "final_distance_cost": 1.8238058819405434, "oscillation_cost": 23.803474971710507, "completition_cost": 0.0, "overshoot_cost": 51.20824807131695, "power_cost": 10.072717724609376, "noise_cost": 19.945362773845858, "n_waypoints_completed": 9, "tot_waypoints": 9}}
{"target": -184.7375092080991, "params": {"k_pid_pos": [0.7310891572095077, 0.0, 0.008838591007915328], "k_pid_alt": [1.8951273810447054, 0.0, 0.9575049449038471], "k_pid_att": [33.57744268768666, 3.5148660031617442, 0.27741012686618965], "k_pid_yaw": [0.5, 1e-06, 0.1], "k_pid_hsp": [0.12295556568248656, 0.0, 0.0], "k_pid_vsp": [141.3848356136421, 40.36663800598059, 1e-06]}, "datetime": {"datetime": "2025-08-13 23:09:59", "elapsed": 48127.12134075165, "delta": 18.460856199264526}, "costs": {"total_cost": 184.7375092080991, "time_cost": 71.652, "final_distance_cost": 1.8271579336085877, "oscillation_cost": 24.17834171595642, "completition_cost": 0.0, "overshoot_cost": 51.32521000221675, "power_cost": 14.38162470703125, "noise_cost": 21.37317484928609, "n_waypoints_completed": 9, "tot_waypoints": 9}}
{"target": -197.16993825424683, "params": {"k_pid_pos": [0.7681741402508413, 0.0, 0.049341853510152446], "k_pid_alt": [1.8724449368896474, 0.0, 0.9575149553602225], "k_pid_att": [32.58379233079438, 3.6078470812405534, 0.27353010041948106], "k_pid_yaw": [0.5, 1e-06, 0.1], "k_pid_hsp": [0.054370821788057855, 0.0, 0.0], "k_pid_vsp": [82.53827743802952, 32.676602365366946, 1e-06]}, "datetime": {"datetime": "2025-08-13 23:10:17", "elapsed": 48145.713196992874, "delta": 18.591856241226196}, "costs": {"total_cost": 197.16993825424683, "time_cost": 79.807, "final_distance_cost": 1.7719372074617217, "oscillation_cost": 19.809277082456557, "completition_cost": 0.0, "overshoot_cost": 54.70818247122683, "power_cost": 16.80603837890625, "noise_cost": 24.267503114195478, "n_waypoints_completed": 9, "tot_waypoints": 9}}
{"target": -181.86215049894963, "params": {"k_pid_pos": [0.7300431633642815, 0.0, 0.0027138736472560494], "k_pid_alt": [1.885616253835644, 0.0, 0.9486435025849513], "k_pid_att": [33.430946396855774, 3.6850035162175585, 0.2750650034569351], "k_pid_yaw": [0.5, 1e-06, 0.1], "k_pid_hsp": [0.11605178735519536, 0.0, 0.0], "k_pid_vsp": [145.9120003712554, 46.93793660863661, 1e-06]}, "datetime": {"datetime": "2025-08-13 23:10:37", "elapsed": 48165.739040374756, "delta": 20.025843381881714}, "costs": {"total_cost": 181.86215049894963, "time_cost": 71.519, "final_distance_cost": 1.8171293725908382, "oscillation_cost": 23.835380174927895, "completition_cost": 0.0, "overshoot_cost": 51.32655462693665, "power_cost": 12.609688427734376, "noise_cost": 20.75439789675987, "n_waypoints_completed": 9, "tot_waypoints": 9}}
{"target": -183.19706631980958, "params": {"k_pid_pos": [0.772639594474666, 0.0, 0.08973067774198676], "k_pid_alt": [1.721732467570071, 0.0, 0.890404616554541], "k_pid_att": [33.65265753290512, 3.589129156886714, 0.24818445527812685], "k_pid_yaw": [0.5, 1e-06, 0.1], "k_pid_hsp": [0.09279279745564684, 0.0, 0.0], "k_pid_vsp": [214.98795549398952, 42.701130822984354, 1e-06]}, "datetime": {"datetime": "2025-08-13 23:10:54", "elapsed": 48182.69028186798, "delta": 16.951241493225098}, "costs": {"total_cost": 183.19706631980958, "time_cost": 72.681, "final_distance_cost": 1.8120254784469243, "oscillation_cost": 23.034441052935904, "completition_cost": 0.0, "overshoot_cost": 52.16926654752255, "power_cost": 12.5142251953125, "noise_cost": 20.98610804559171, "n_waypoints_completed": 9, "tot_waypoints": 9}}
{"target": -199.9122464202349, "params": {"k_pid_pos": [1.0075117014680925, 0.0, 0.009432498022068986], "k_pid_alt": [1.5148991564490522, 0.0, 0.9583882833284466], "k_pid_att": [33.4790049233298, 3.4956644611612124, 0.2707130278229875], "k_pid_yaw": [0.5, 1e-06, 0.1], "k_pid_hsp": [0.2093196028971501, 0.0, 0.0], "k_pid_vsp": [99.74900151021896, 27.730063993360183, 1e-06]}, "datetime": {"datetime": "2025-08-13 23:11:13", "elapsed": 48201.14807653427, "delta": 18.457794666290283}, "costs": {"total_cost": 199.9122464202349, "time_cost": 72.212, "final_distance_cost": 1.8183394251515026, "oscillation_cost": 28.24569192237067, "completition_cost": 0.0, "overshoot_cost": 51.06653868481504, "power_cost": 22.53183701171875, "noise_cost": 24.037839376178923, "n_waypoints_completed": 9, "tot_waypoints": 9}}
{"target": -190.83224186390885, "params": {"k_pid_pos": [0.6050141612821008, 0.0, 0.016422909633945618], "k_pid_alt": [1.9176962300087874, 0.0, 0.9441727679487432], "k_pid_att": [33.357673696898566, 3.7599661100973854, 0.2749304856410419], "k_pid_yaw": [0.5, 1e-06, 0.1], "k_pid_hsp": [0.12298214957639962, 0.0, 0.0], "k_pid_vsp": [83.85493102095822, 51.56555920423402, 1e-06]}, "datetime": {"datetime": "2025-08-13 23:11:30", "elapsed": 48218.26236510277, "delta": 17.114288568496704}, "costs": {"total_cost": 190.83224186390885, "time_cost": 73.15, "final_distance_cost": 1.8322684365481776, "oscillation_cost": 23.14457248924672, "completition_cost": 0.0, "overshoot_cost": 51.41129892765524, "power_cost": 18.341043090820314, "noise_cost": 22.953058919638394, "n_waypoints_completed": 9, "tot_waypoints": 9}}
{"target": -201.11257902506094, "params": {"k_pid_pos": [0.6380194671337361, 0.0, 0.01226604237425969], "k_pid_alt": [1.9113749820757469, 0.0, 0.9467600458581215], "k_pid_att": [33.43243956320213, 3.66978981354713, 0.26959682867674073], "k_pid_yaw": [0.5, 1e-06, 0.1], "k_pid_hsp": [0.11090129688889433, 0.0, 0.0], "k_pid_vsp": [68.76060961346899, 40.93077573016934, 1e-06]}, "datetime": {"datetime": "2025-08-13 23:11:49", "elapsed": 48237.47136902809, "delta": 19.209003925323486}, "costs": {"total_cost": 201.11257902506094, "time_cost": 75.173, "final_distance_cost": 1.8356923985085114, "oscillation_cost": 23.77769219342842, "completition_cost": 0.0, "overshoot_cost": 52.068285281304256, "power_cost": 23.635694396972657, "noise_cost": 24.622214754847086, "n_waypoints_completed": 9, "tot_waypoints": 9}}
{"target": -180.80244662964782, "params": {"k_pid_pos": [0.6979521471898527, 0.0, 0.0], "k_pid_alt": [1.8810071869888478, 0.0, 0.9472799382395996], "k_pid_att": [33.2149328352989, 3.444790691693086, 0.2791539875340228], "k_pid_yaw": [0.5, 1e-06, 0.1], "k_pid_hsp": [0.12548108100622563, 0.0, 0.0], "k_pid_vsp": [83.97137548005114, 41.96478519674478, 1e-06]}, "datetime": {"datetime": "2025-08-13 23:12:06", "elapsed": 48254.46229028702, "delta": 16.99092125892639}, "costs": {"total_cost": 180.80244662964782, "time_cost": 71.554, "final_distance_cost": 1.8211851317957195, "oscillation_cost": 23.885282880687495, "completition_cost": 0.0, "overshoot_cost": 50.96970430016953, "power_cost": 12.05405751953125, "noise_cost": 20.51821679746382, "n_waypoints_completed": 9, "tot_waypoints": 9}}
