{"target": -196.4476107019247, "params": {"k_pid_pos": [0.7073329153236203, 0.0, 0.16071616514198817], "k_pid_alt": [1.7989742831213118, 0.0, 0.9062009901789301], "k_pid_att": [33.06348003561347, 3.9906478426574337, 0.2654377863144227], "k_pid_yaw": [0.5, 1e-06, 0.1], "k_pid_hsp": [0.2827436923913926, 0.0, 0.0], "k_pid_vsp": [77.38119163713635, 30.857711704214886, 1e-06]}, "datetime": {"datetime": "2025-08-13 21:31:48", "elapsed": 42236.886892557144, "delta": 17.826960802078247}, "costs": {"total_cost": 196.4476107019247, "time_cost": 76.293, "final_distance_cost": 1.8480603204780086, "oscillation_cost": 26.25260506430362, "completition_cost": 0.0, "overshoot_cost": 51.08544472048025, "power_cost": 17.185996618652343, "noise_cost": 23.78250397801045, "n_waypoints_completed": 9, "tot_waypoints": 9}}
{"target": -214.5854702599997, "params": {"k_pid_pos": [0.9674835196341535, 0.0, 0.04253575418281594], "k_pid_alt": [1.7678433384971342, 0.0, 0.8917396676687058], "k_pid_att": [37.41735627996889, 3.295013255583073, 0.246400064440783], "k_pid_yaw": [0.5, 1e-06, 0.1], "k_pid_hsp": [0.04324236754754657, 0.0, 0.0], "k_pid_vsp": [120.41911384532871, 14.858355920752828, 1e-06]}, "datetime": {"datetime": "2025-08-13 21:32:10", "elapsed": 42257.98223853111, "delta": 21.095345973968506}, "costs": {"total_cost": 214.5854702599997, "time_cost": 87.647, "final_distance_cost": 1.7833751460810194, "oscillation_cost": 20.258451960611087, "completition_cost": 0.0, "overshoot_cost": 58.40206917846379, "power_cost": 19.572023950195312, "noise_cost": 26.9225500246485, "n_waypoints_completed": 9, "tot_waypoints": 9}}
{"target": -186.12946310385723, "params": {"k_pid_pos": [1.0300321148773466, 0.0, 0.05437804000174376], "k_pid_alt": [2.0, 0.0, 0.9302694414213952], "k_pid_att": [41.81511786968589, 3.4088510715951243, 0.2564961771374657], "k_pid_yaw": [0.5, 1e-06, 0.1], "k_pid_hsp": [0.2659009707491227, 0.0, 0.0], "k_pid_vsp": [57.79817502515303, 23.696537470040766, 1e-06]}, "datetime": {"datetime": "2025-08-13 21:32:28", "elapsed": 42276.53026032448, "delta": 18.54802179336548}, "costs": {"total_cost": 186.12946310385723, "time_cost": 69.881, "final_distance_cost": 1.8414174983354132, "oscillation_cost": 28.819919245218248, "completition_cost": 0.0, "overshoot_cost": 50.96039420547706, "power_cost": 13.827060363769531, "noise_cost": 20.799671791057005, "n_waypoints_completed": 9, "tot_waypoints": 9}}
{"target": -185.22586838008715, "params": {"k_pid_pos": [0.898001040706028, 0.0, 0.08173496786822518], "k_pid_alt": [1.9520493537662316, 0.0, 0.9515113098969145], "k_pid_att": [30.43502158597947, 3.6200256105551856, 0.28751725454570914], "k_pid_yaw": [0.5, 1e-06, 0.1], "k_pid_hsp": [0.12984314233644503, 0.0, 0.0], "k_pid_vsp": [89.12598114181627, 43.97951542093681, 1e-06]}, "datetime": {"datetime": "2025-08-13 21:32:45", "elapsed": 42293.10657143593, "delta": 16.576311111450195}, "costs": {"total_cost": 185.22586838008715, "time_cost": 70.693, "final_distance_cost": 1.8168165678098933, "oscillation_cost": 25.750821202518818, "completition_cost": 0.0, "overshoot_cost": 50.89215030720543, "power_cost": 14.934605822753907, "noise_cost": 21.138474479799115, "n_waypoints_completed": 9, "tot_waypoints": 9}}
{"target": -179.91152435568097, "params": {"k_pid_pos": [0.653305055106694, 0.0, 0.043213435916651444], "k_pid_alt": [1.9651273881847025, 0.0, 0.9632340164248329], "k_pid_att": [32.56996965590234, 3.575162438716025, 0.26816034616482887], "k_pid_yaw": [0.5, 1e-06, 0.1], "k_pid_hsp": [0.11167247881950941, 0.0, 0.0], "k_pid_vsp": [127.56137943550725, 29.849153281768253, 1e-06]}, "datetime": {"datetime": "2025-08-13 21:33:02", "elapsed": 42310.55684518814, "delta": 17.450273752212524}, "costs": {"total_cost": 179.91152435568097, "time_cost": 72.541, "final_distance_cost": 1.8230396377788303, "oscillation_cost": 22.900481060649952, "completition_cost": 0.0, "overshoot_cost": 51.14589377595741, "power_cost": 10.852682824707031, "noise_cost": 20.648427056587757, "n_waypoints_completed": 9, "tot_waypoints": 9}}
{"target": -181.84644768313754, "params": {"k_pid_pos": [0.8540476616867103, 0.0, 0.06968111012000575], "k_pid_alt": [1.8994012329555632, 0.0, 0.9563100719455284], "k_pid_att": [34.86176980263224, 3.3284924425391096, 0.26863915464138205], "k_pid_yaw": [0.5, 1e-06, 0.1], "k_pid_hsp": [0.1188913974349283, 0.0, 0.0], "k_pid_vsp": [103.23799622076801, 30.90354500210063, 1e-06]}, "datetime": {"datetime": "2025-08-13 21:33:19", "elapsed": 42327.635922431946, "delta": 17.07907724380493}, "costs": {"total_cost": 181.84644768313754, "time_cost": 71.253, "final_distance_cost": 1.8076526523577854, "oscillation_cost": 25.224580235463655, "completition_cost": 0.0, "overshoot_cost": 51.0325796127221, "power_cost": 12.009488940429689, "noise_cost": 20.5191462421643, "n_waypoints_completed": 9, "tot_waypoints": 9}}
{"target": -188.789863484345, "params": {"k_pid_pos": [0.8149885588049767, 0.0, 0.06850319538465126], "k_pid_alt": [1.908871815697318, 0.0, 0.9612725321973813], "k_pid_att": [32.18537110624552, 4.392208707553431, 0.27129160348135556], "k_pid_yaw": [0.5, 1e-06, 0.1], "k_pid_hsp": [0.11419327726439289, 0.0, 0.0], "k_pid_vsp": [99.49065355934499, 40.31599806425634, 1e-06]}, "datetime": {"datetime": "2025-08-13 21:33:37", "elapsed": 42345.58292412758, "delta": 17.947001695632935}, "costs": {"total_cost": 188.789863484345, "time_cost": 71.729, "final_distance_cost": 1.823864888047297, "oscillation_cost": 24.578757613794227, "completition_cost": 0.0, "overshoot_cost": 51.53745604424573, "power_cost": 17.15536170654297, "noise_cost": 21.96542323171479, "n_waypoints_completed": 9, "tot_waypoints": 9}}
{"target": -181.37332857696157, "params": {"k_pid_pos": [1.1156510210007209, 0.0, 0.08129770822949593], "k_pid_alt": [1.6785196744006348, 0.0, 0.9500622712527885], "k_pid_att": [35.25001916897092, 3.652833360300952, 0.28194082407732995], "k_pid_yaw": [0.5, 1e-06, 0.1], "k_pid_hsp": [0.22776155100365464, 0.0, 0.0], "k_pid_vsp": [107.98404522312919, 29.336170720487747, 1e-06]}, "datetime": {"datetime": "2025-08-13 21:33:54", "elapsed": 42362.947217702866, "delta": 17.364293575286865}, "costs": {"total_cost": 181.37332857696157, "time_cost": 70.462, "final_distance_cost": 1.8289834289322189, "oscillation_cost": 29.08836375656616, "completition_cost": 0.0, "overshoot_cost": 50.44741515359772, "power_cost": 9.987581018066408, "noise_cost": 19.558985219799055, "n_waypoints_completed": 9, "tot_waypoints": 9}}
{"target": -185.60727254438476, "params": {"k_pid_pos": [0.7860254693283383, 0.0, 0.05793810642974073], "k_pid_alt": [1.7370362752547657, 0.0, 0.9644009723700177], "k_pid_att": [38.179920584188224, 3.507652199841906, 0.25200823243824905], "k_pid_yaw": [0.5, 1e-06, 0.1], "k_pid_hsp": [0.12016486220829746, 0.0, 0.0], "k_pid_vsp": [96.69863509794169, 33.046239039456815, 1e-06]}, "datetime": {"datetime": "2025-08-13 21:34:12", "elapsed": 42380.84792304039, "delta": 17.900705337524414}, "costs": {"total_cost": 185.60727254438476, "time_cost": 71.862, "final_distance_cost": 1.8274665956449632, "oscillation_cost": 24.430037061907925, "completition_cost": 0.0, "overshoot_cost": 51.121587700230755, "power_cost": 14.963338586425783, "noise_cost": 21.40284260017535, "n_waypoints_completed": 9, "tot_waypoints": 9}}
{"target": -197.65953222872992, "params": {"k_pid_pos": [0.8675279739184661, 0.0, 0.057209114390981], "k_pid_alt": [1.9194554018944483, 0.0, 0.95513949259955], "k_pid_att": [33.94884722069619, 3.495742318542731, 0.2657423671751766], "k_pid_yaw": [0.5, 1e-06, 0.1], "k_pid_hsp": [0.1048234496175965, 0.0, 0.0], "k_pid_vsp": [91.70926852589582, 33.06826592974332, 1e-06]}, "datetime": {"datetime": "2025-08-13 21:34:31", "elapsed": 42399.153366327286, "delta": 18.305443286895752}, "costs": {"total_cost": 197.65953222872992, "time_cost": 73.843, "final_distance_cost": 1.8051471068103566, "oscillation_cost": 26.25502716820848, "completition_cost": 0.0, "overshoot_cost": 52.31834245190427, "power_cost": 20.53166815185547, "noise_cost": 22.906347349951314, "n_waypoints_completed": 9, "tot_waypoints": 9}}
{"target": -192.83636778603716, "params": {"k_pid_pos": [0.9950563123869727, 0.0, 0.09602130031261642], "k_pid_alt": [1.6953990309218834, 0.0, 0.9519479453191761], "k_pid_att": [32.71315678196403, 3.5117156913968355, 0.2684985902120791], "k_pid_yaw": [0.5, 1e-06, 0.1], "k_pid_hsp": [0.12240602834590458, 0.0, 0.0], "k_pid_vsp": [93.95528549151098, 24.270452367499317, 1e-06]}, "datetime": {"datetime": "2025-08-13 21:34:48", "elapsed": 42416.05221247673, "delta": 16.89884614944458}, "costs": {"total_cost": 192.83636778603716, "time_cost": 71.70100000000001, "final_distance_cost": 1.802971526804786, "oscillation_cost": 26.455781640873496, "completition_cost": 0.0, "overshoot_cost": 51.74390891963672, "power_cost": 18.649794482421875, "noise_cost": 22.482911216300256, "n_waypoints_completed": 9, "tot_waypoints": 9}}
{"target": -192.48335954691666, "params": {"k_pid_pos": [0.8346320178425563, 0.0, 0.028331745616770466], "k_pid_alt": [1.7440720032764174, 0.0, 0.9527449560063107], "k_pid_att": [34.23757971849247, 3.4971444273917833, 0.25559690917600786], "k_pid_yaw": [0.5, 1e-06, 0.1], "k_pid_hsp": [0.15113124922953314, 0.0, 0.0], "k_pid_vsp": [104.90790435514721, 8.007415114443553, 1e-06]}, "datetime": {"datetime": "2025-08-13 21:35:06", "elapsed": 42434.713190317154, "delta": 18.660977840423584}, "costs": {"total_cost": 192.48335954691666, "time_cost": 72.373, "final_distance_cost": 1.826070210010345, "oscillation_cost": 25.78915276564007, "completition_cost": 0.0, "overshoot_cost": 51.896181857793124, "power_cost": 18.08725799560547, "noise_cost": 22.51169671786763, "n_waypoints_completed": 9, "tot_waypoints": 9}}
{"target": -216.81462302216477, "params": {"k_pid_pos": [1.4056150150355549, 0.0, 0.0790702835604908], "k_pid_alt": [1.6512736733426763, 0.0, 0.9488597573614568], "k_pid_att": [34.66727366436506, 3.4452625228217073, 0.21792789994472384], "k_pid_yaw": [0.5, 1e-06, 0.1], "k_pid_hsp": [0.04173213380849239, 0.0, 0.0], "k_pid_vsp": [0.0, 29.577651794493583, 1e-06]}, "datetime": {"datetime": "2025-08-13 21:35:27", "elapsed": 42455.750752449036, "delta": 21.037562131881714}, "costs": {"total_cost": 216.81462302216477, "time_cost": 88.599, "final_distance_cost": 1.7418365466648285, "oscillation_cost": 24.925617107140322, "completition_cost": 0.0, "overshoot_cost": 59.2936621972586, "power_cost": 15.69811875, "noise_cost": 26.556388421101026, "n_waypoints_completed": 9, "tot_waypoints": 9}}
{"target": -189.5587966484717, "params": {"k_pid_pos": [0.7377339159898569, 0.0, 0.05497165483697552], "k_pid_alt": [1.8778972155444604, 0.0, 0.9536044257652256], "k_pid_att": [31.676544779386344, 3.4913584234677795, 0.2764150089668293], "k_pid_yaw": [0.5, 1e-06, 0.1], "k_pid_hsp": [0.11891646807841601, 0.0, 0.0], "k_pid_vsp": [92.75686753914653, 33.05172407190511, 1e-06]}, "datetime": {"datetime": "2025-08-13 21:35:45", "elapsed": 42473.60625219345, "delta": 17.855499744415283}, "costs": {"total_cost": 189.5587966484717, "time_cost": 72.121, "final_distance_cost": 1.8345445162253866, "oscillation_cost": 24.0070077847875, "completition_cost": 0.0, "overshoot_cost": 51.61323322498589, "power_cost": 17.444690344238282, "noise_cost": 22.538320778234645, "n_waypoints_completed": 9, "tot_waypoints": 9}}
{"target": -186.42095044425477, "params": {"k_pid_pos": [1.538022754947648, 0.0016585428917240512, 0.043256731399319875], "k_pid_alt": [1.8244504240252684, 0.0, 0.9162875053222043], "k_pid_att": [31.902802994188043, 3.6071316025791216, 0.2702705725821652], "k_pid_yaw": [0.5, 1e-06, 0.1], "k_pid_hsp": [0.2753585390453412, 0.0, 0.0], "k_pid_vsp": [104.35898695203844, 24.733248334364777, 1e-06]}, "datetime": {"datetime": "2025-08-13 21:36:02", "elapsed": 42490.07352018356, "delta": 16.467267990112305}, "costs": {"total_cost": 186.42095044425477, "time_cost": 69.909, "final_distance_cost": 1.7735638983034723, "oscillation_cost": 32.039707766144474, "completition_cost": 0.0, "overshoot_cost": 50.91327925476622, "power_cost": 11.879326220703126, "noise_cost": 19.906073304337458, "n_waypoints_completed": 9, "tot_waypoints": 9}}
{"target": -180.79314057131177, "params": {"k_pid_pos": [0.7170991176075009, 0.0, 0.06453125696526987], "k_pid_alt": [1.8996015725425095, 0.0, 0.9383664220926684], "k_pid_att": [47.06631492280065, 3.400757856174902, 0.25561796837673484], "k_pid_yaw": [0.5, 1e-06, 0.1], "k_pid_hsp": [0.14001845994829903, 0.0, 0.0], "k_pid_vsp": [150.0574090931842, 19.05027397713377, 1e-06]}, "datetime": {"datetime": "2025-08-13 21:36:20", "elapsed": 42508.643057346344, "delta": 18.56953716278076}, "costs": {"total_cost": 180.79314057131177, "time_cost": 72.485, "final_distance_cost": 1.8360367073845492, "oscillation_cost": 25.001847430348153, "completition_cost": 0.0, "overshoot_cost": 51.73841104466021, "power_cost": 9.554965563964844, "noise_cost": 20.176879824954, "n_waypoints_completed": 9, "tot_waypoints": 9}}
{"target": -187.67140123978646, "params": {"k_pid_pos": [1.1103783527059627, 0.0, 0.07395772560172022], "k_pid_alt": [1.9183874572169943, 0.0, 0.9539318072628586], "k_pid_att": [32.85757768233712, 3.511106071122601, 0.25792669586201555], "k_pid_yaw": [0.5, 1e-06, 0.1], "k_pid_hsp": [0.09945447463158905, 0.0, 0.0], "k_pid_vsp": [66.456039333381, 33.59701528636086, 1e-06]}, "datetime": {"datetime": "2025-08-13 21:36:37", "elapsed": 42525.16376066208, "delta": 16.520703315734863}, "costs": {"total_cost": 187.67140123978646, "time_cost": 71.20400000000001, "final_distance_cost": 1.796964327313959, "oscillation_cost": 27.475751946879942, "completition_cost": 0.0, "overshoot_cost": 51.55082900595679, "power_cost": 14.660790747070314, "noise_cost": 20.98306521256546, "n_waypoints_completed": 9, "tot_waypoints": 9}}
{"target": -192.20277006021843, "params": {"k_pid_pos": [0.8476610245711045, 0.0, 0.0706169620305552], "k_pid_alt": [2.0, 0.0, 0.9351350700735546], "k_pid_att": [32.78103952236801, 3.3484429406131477, 0.26468010328882274], "k_pid_yaw": [0.5, 1e-06, 0.1], "k_pid_hsp": [0.0681998514205861, 0.0, 0.0], "k_pid_vsp": [92.53067639964975, 32.24898635579241, 1e-06]}, "datetime": {"datetime": "2025-08-13 21:36:55", "elapsed": 42543.90814447403, "delta": 18.744383811950684}, "costs": {"total_cost": 192.20277006021843, "time_cost": 75.614, "final_distance_cost": 1.7852018664656326, "oscillation_cost": 23.01007339581562, "completition_cost": 0.0, "overshoot_cost": 53.10321852166459, "power_cost": 15.820346777343751, "noise_cost": 22.869929498928823, "n_waypoints_completed": 9, "tot_waypoints": 9}}
{"target": -180.8602653262232, "params": {"k_pid_pos": [0.6939022737372045, 0.0, 0.0415142217180401], "k_pid_alt": [1.9188133321510097, 0.0, 0.9519289922501135], "k_pid_att": [33.061178445534466, 2.9159733434797666, 0.2636585166547422], "k_pid_yaw": [0.5, 1e-06, 0.1], "k_pid_hsp": [0.11611267544113314, 0.0, 0.0], "k_pid_vsp": [110.5273420949538, 32.05632829958454, 1e-06]}, "datetime": {"datetime": "2025-08-13 21:37:12", "elapsed": 42560.67563557625, "delta": 16.767491102218628}, "costs": {"total_cost": 180.8602653262232, "time_cost": 72.058, "final_distance_cost": 1.8215682362123713, "oscillation_cost": 23.402918871337132, "completition_cost": 0.0, "overshoot_cost": 51.20305838555239, "power_cost": 11.676095642089845, "noise_cost": 20.69862419103147, "n_waypoints_completed": 9, "tot_waypoints": 9}}
{"target": -182.00566724170744, "params": {"k_pid_pos": [0.8240393053015527, 0.005161521731143905, 0.07543305776704497], "k_pid_alt": [1.7355840456351312, 0.0, 0.8944070824861131], "k_pid_att": [35.52916040905649, 3.413724241242872, 0.24685702238362794], "k_pid_yaw": [0.5, 1e-06, 0.1], "k_pid_hsp": [0.2303434486959449, 0.0, 0.0], "k_pid_vsp": [14.802465157724825, 38.66151443668564, 1e-06]}, "datetime": {"datetime": "2025-08-13 21:37:31", "elapsed": 42578.9955906868, "delta": 18.319955110549927}, "costs": {"total_cost": 182.00566724170744, "time_cost": 71.232, "final_distance_cost": 1.8341309219126414, "oscillation_cost": 26.661219746989122, "completition_cost": 0.0, "overshoot_cost": 49.93539895478849, "power_cost": 11.669997338867189, "noise_cost": 20.67292027915002, "n_waypoints_completed": 9, "tot_waypoints": 9}}
{"target": -186.3872877128088, "params": {"k_pid_pos": [0.8282847746678366, 0.0, 0.05503631355810726], "k_pid_alt": [1.6793625901085432, 0.0, 0.951419668785595], "k_pid_att": [34.8543869538164, 3.7145870136866592, 0.2526520091060983], "k_pid_yaw": [0.5, 1e-06, 0.1], "k_pid_hsp": [0.15468015584910053, 0.0, 0.0], "k_pid_vsp": [94.06945243694767, 27.68347478931737, 1e-06]}, "datetime": {"datetime": "2025-08-13 21:37:47", "elapsed": 42595.942841768265, "delta": 16.947251081466675}, "costs": {"total_cost": 186.3872877128088, "time_cost": 71.673, "final_distance_cost": 1.8303749305429236, "oscillation_cost": 25.92201786695578, "completition_cost": 0.0, "overshoot_cost": 51.12572266767953, "power_cost": 14.485535107421876, "noise_cost": 21.35063714020869, "n_waypoints_completed": 9, "tot_waypoints": 9}}
{"target": -193.67685611264744, "params": {"k_pid_pos": [0.8457917439764829, 0.0, 0.05968613203445457], "k_pid_alt": [1.9031563919991277, 0.0, 0.9523298941427684], "k_pid_att": [33.08439211546602, 3.5035438271613275, 0.2698569041475697], "k_pid_yaw": [0.5, 1e-06, 0.1], "k_pid_hsp": [0.14867790231515388, 0.0, 0.0], "k_pid_vsp": [151.53749720842063, 32.28003694644989, 1e-06]}, "datetime": {"datetime": "2025-08-13 21:38:07", "elapsed": 42615.01465678215, "delta": 19.071815013885498}, "costs": {"total_cost": 193.67685611264744, "time_cost": 71.778, "final_distance_cost": 1.817643047837583, "oscillation_cost": 25.988182486397516, "completition_cost": 0.0, "overshoot_cost": 51.84524749389148, "power_cost": 19.755464050292968, "noise_cost": 22.49231903422788, "n_waypoints_completed": 9, "tot_waypoints": 9}}
{"target": -193.90863318147962, "params": {"k_pid_pos": [0.8877773223221531, 0.0, 0.05656316341260813], "k_pid_alt": [1.955861324816339, 0.0, 0.9526153131679796], "k_pid_att": [33.18121478395276, 3.199908084718895, 0.27356179818004234], "k_pid_yaw": [0.5, 1e-06, 0.1], "k_pid_hsp": [0.11715525837778568, 0.0, 0.0], "k_pid_vsp": [77.7281624486561, 23.196647852268466, 1e-06]}, "datetime": {"datetime": "2025-08-13 21:38:24", "elapsed": 42632.07718420029, "delta": 17.062527418136597}, "costs": {"total_cost": 193.90863318147962, "time_cost": 72.226, "final_distance_cost": 1.795644130157524, "oscillation_cost": 25.250835844244982, "completition_cost": 0.0, "overshoot_cost": 52.07252823567559, "power_cost": 19.96080870361328, "noise_cost": 22.602816267788217, "n_waypoints_completed": 9, "tot_waypoints": 9}}
{"target": -184.0817168743193, "params": {"k_pid_pos": [0.9216836944844433, 0.0, 0.13619207361364485], "k_pid_alt": [1.778222348795599, 0.0, 0.9518314565042411], "k_pid_att": [34.017319433936436, 3.4612804420320895, 0.2839861191609777], "k_pid_yaw": [0.5, 1e-06, 0.1], "k_pid_hsp": [0.15602271546784385, 0.0, 0.0], "k_pid_vsp": [95.02156146725541, 38.7635227949561, 1e-06]}, "datetime": {"datetime": "2025-08-13 21:38:42", "elapsed": 42650.624811172485, "delta": 18.547626972198486}, "costs": {"total_cost": 184.0817168743193, "time_cost": 71.12, "final_distance_cost": 1.8233276004583814, "oscillation_cost": 26.39069957855761, "completition_cost": 0.0, "overshoot_cost": 50.476445300833184, "power_cost": 13.305782250976563, "noise_cost": 20.96546214349358, "n_waypoints_completed": 9, "tot_waypoints": 9}}
{"target": -181.84794771352372, "params": {"k_pid_pos": [1.0065180821596846, 0.0, 0.06282528677301563], "k_pid_alt": [1.740717717515337, 0.0, 0.9788114847646862], "k_pid_att": [32.98516816589195, 3.5207052314370983, 0.27326431025126563], "k_pid_yaw": [0.5, 1e-06, 0.1], "k_pid_hsp": [0.24028176084746014, 0.0, 0.0], "k_pid_vsp": [56.50423055233685, 37.371337324486475, 1e-06]}, "datetime": {"datetime": "2025-08-13 21:38:59", "elapsed": 42667.83743309975, "delta": 17.212621927261353}, "costs": {"total_cost": 181.84794771352372, "time_cost": 70.266, "final_distance_cost": 1.8371511317715863, "oscillation_cost": 28.277361650808235, "completition_cost": 0.0, "overshoot_cost": 50.512201446990105, "power_cost": 11.057991162109376, "noise_cost": 19.89724232184439, "n_waypoints_completed": 9, "tot_waypoints": 9}}
{"target": -234.9905292008242, "params": {"k_pid_pos": [0.8668878962769171, 0.0, 0.07936717852413527], "k_pid_alt": [1.8273537442601144, 0.0, 0.9518947937657104], "k_pid_att": [34.73531786839794, 3.674032648034, 0.4662401215891321], "k_pid_yaw": [0.5, 1e-06, 0.1], "k_pid_hsp": [0.029300076181293384, 0.0, 0.0], "k_pid_vsp": [87.39582706760729, 32.670320019438364, 1e-06]}, "datetime": {"datetime": "2025-08-13 21:39:24", "elapsed": 42692.80965280533, "delta": 24.972219705581665}, "costs": {"total_cost": 234.9905292008242, "time_cost": 102.683, "final_distance_cost": 1.7702013202733624, "oscillation_cost": 13.921650228781848, "completition_cost": 0.0, "overshoot_cost": 64.6792714349647, "power_cost": 20.816996252441406, "noise_cost": 31.119409964362898, "n_waypoints_completed": 9, "tot_waypoints": 9}}
{"target": -185.81633373804428, "params": {"k_pid_pos": [0.7929024757762888, 0.0, 0.07098822864982915], "k_pid_alt": [1.9152913307607053, 0.0, 1.0], "k_pid_att": [32.91958216510141, 3.4919166978866922, 0.2700198845250209], "k_pid_yaw": [0.5, 1e-06, 0.1], "k_pid_hsp": [0.112838541128017, 0.0, 0.0], "k_pid_vsp": [143.47250949458243, 33.91146520669793, 1e-06]}, "datetime": {"datetime": "2025-08-13 21:39:43", "elapsed": 42711.66324877739, "delta": 18.853595972061157}, "costs": {"total_cost": 185.81633373804428, "time_cost": 71.974, "final_distance_cost": 1.8156428647322411, "oscillation_cost": 24.306344305004526, "completition_cost": 0.0, "overshoot_cost": 51.45201490755939, "power_cost": 14.788342602539064, "noise_cost": 21.479989058209053, "n_waypoints_completed": 9, "tot_waypoints": 9}}
