{"target": -189.6761329951609, "params": {"k_pid_pos": [1.1930567729370556, 0.0, 0.054911353382215325], "k_pid_alt": [1.5483438049717821, 0.0, 0.9352653850681498], "k_pid_att": [39.702423905258854, 3.2528125192034527, 0.26256713824451955], "k_pid_yaw": [0.5, 1e-06, 0.1], "k_pid_hsp": [0.256685387409682, 0.0, 0.00035307370808270117], "k_pid_vsp": [325.9446946501012, 49.462417287987215, 1e-06]}, "datetime": {"datetime": "2025-08-13 17:58:56", "elapsed": 29464.57366514206, "delta": 19.461846351623535}, "costs": {"total_cost": 189.6761329951609, "time_cost": 71.239, "final_distance_cost": 1.819171374374153, "oscillation_cost": 31.566215136623757, "completition_cost": 0.0, "overshoot_cost": 50.56608795622248, "power_cost": 13.69992880859375, "noise_cost": 20.785729719346776, "n_waypoints_completed": 9, "tot_waypoints": 9}}
{"target": -194.2795979509842, "params": {"k_pid_pos": [1.0941453335067344, 0.0, 0.1559008009351146], "k_pid_alt": [1.5179063788490263, 0.0, 0.9218232871933834], "k_pid_att": [42.27582136312554, 0.5257633858538946, 0.21249849554892788], "k_pid_yaw": [0.5, 1e-06, 0.1], "k_pid_hsp": [0.4009544620314352, 0.022379222080239257, 0.0], "k_pid_vsp": [214.89807100376638, 57.57474056251818, 1e-06]}, "datetime": {"datetime": "2025-08-13 17:59:16", "elapsed": 29484.94727396965, "delta": 20.373608827590942}, "costs": {"total_cost": 194.2795979509842, "time_cost": 71.84100000000001, "final_distance_cost": 1.8483173572816132, "oscillation_cost": 29.667887975541422, "completition_cost": 0.0, "overshoot_cost": 50.353203840408014, "power_cost": 18.39953356933594, "noise_cost": 22.169655208417197, "n_waypoints_completed": 9, "tot_waypoints": 9}}
{"target": -197.56069071367958, "params": {"k_pid_pos": [1.1214989430378128, 0.0, 0.07415522747235986], "k_pid_alt": [1.598588673972245, 0.0, 0.9261032749412986], "k_pid_att": [37.00852854684996, 3.392273217491685, 0.2708994032667092], "k_pid_yaw": [0.5, 1e-06, 0.1], "k_pid_hsp": [0.2957438632755721, 0.0, 0.0], "k_pid_vsp": [23.283710294313835, 59.59082652241608, 1e-06]}, "datetime": {"datetime": "2025-08-13 17:59:38", "elapsed": 29506.012279748917, "delta": 21.065005779266357}, "costs": {"total_cost": 197.56069071367958, "time_cost": 72.961, "final_distance_cost": 1.839573684903117, "oscillation_cost": 29.763755517724555, "completition_cost": 0.0, "overshoot_cost": 50.773062783923216, "power_cost": 19.754535302734375, "noise_cost": 22.468763424394293, "n_waypoints_completed": 9, "tot_waypoints": 9}}
{"target": -187.6835765081893, "params": {"k_pid_pos": [0.802666641029093, 0.0, 0.08832296151111128], "k_pid_alt": [1.5868487046080837, 0.0, 0.9137300626643943], "k_pid_att": [35.602569564872404, 3.526420590194496, 0.2729644791779505], "k_pid_yaw": [0.5, 1e-06, 0.1], "k_pid_hsp": [0.19929655734335525, 0.0, 0.0], "k_pid_vsp": [105.39840437605358, 44.17951318279197, 1e-06]}, "datetime": {"datetime": "2025-08-13 17:59:59", "elapsed": 29527.447481393814, "delta": 21.43520164489746}, "costs": {"total_cost": 187.6835765081893, "time_cost": 72.373, "final_distance_cost": 1.8490101267768695, "oscillation_cost": 26.190131764154874, "completition_cost": 0.0, "overshoot_cost": 50.99600796664669, "power_cost": 14.634854882812501, "noise_cost": 21.64057176779834, "n_waypoints_completed": 9, "tot_waypoints": 9}}
{"target": -194.94102975307652, "params": {"k_pid_pos": [1.0599660131273223, 0.0, 0.07086491862938431], "k_pid_alt": [1.6156183860925006, 0.0, 0.9195745551150455], "k_pid_att": [36.16055702142173, 3.304235308440611, 0.870840322972927], "k_pid_yaw": [0.5, 1e-06, 0.1], "k_pid_hsp": [0.49237415025137077, 0.0, 0.0], "k_pid_vsp": [215.11135277536727, 42.04404396112124, 1e-06]}, "datetime": {"datetime": "2025-08-13 18:00:29", "elapsed": 29557.499529361725, "delta": 30.052047967910767}, "costs": {"total_cost": 194.94102975307652, "time_cost": 71.827, "final_distance_cost": 1.846782500236497, "oscillation_cost": 29.54913583358946, "completition_cost": 0.0, "overshoot_cost": 51.14461508924669, "power_cost": 18.276659033203124, "noise_cost": 22.29683729680075, "n_waypoints_completed": 9, "tot_waypoints": 9}}
{"target": -197.49046549304236, "params": {"k_pid_pos": [0.4840078205319154, 0.0, 0.09478698443761338], "k_pid_alt": [1.6046214732245305, 0.0, 0.9078644765882208], "k_pid_att": [35.74363590067775, 3.4918055674969377, 0.24619552433310274], "k_pid_yaw": [0.5, 1e-06, 0.1], "k_pid_hsp": [0.2497123294357016, 0.0, 0.0], "k_pid_vsp": [145.79519318224447, 54.46321902338466, 1e-06]}, "datetime": {"datetime": "2025-08-13 18:00:50", "elapsed": 29578.52504181862, "delta": 21.02551245689392}, "costs": {"total_cost": 197.49046549304236, "time_cost": 83.104, "final_distance_cost": 1.855076224394457, "oscillation_cost": 23.667661186249102, "completition_cost": 0.0, "overshoot_cost": 51.85074074181186, "power_cost": 12.445607263183595, "noise_cost": 24.567380077403318, "n_waypoints_completed": 9, "tot_waypoints": 9}}
{"target": -186.84525793268853, "params": {"k_pid_pos": [0.9272583542173102, 0.0, 0.09194334844787681], "k_pid_alt": [1.618524542475278, 0.0, 0.9069067500915091], "k_pid_att": [36.54849876034057, 3.306575749156842, 0.2707973016451033], "k_pid_yaw": [0.5, 1e-06, 0.1], "k_pid_hsp": [0.19467061750957465, 0.0, 0.0], "k_pid_vsp": [150.97026539503375, 55.30281330168493, 1e-06]}, "datetime": {"datetime": "2025-08-13 18:01:08", "elapsed": 29596.555433750153, "delta": 18.030391931533813}, "costs": {"total_cost": 186.84525793268853, "time_cost": 71.20400000000001, "final_distance_cost": 1.842236852278733, "oscillation_cost": 27.165008073262644, "completition_cost": 0.0, "overshoot_cost": 50.733701158128014, "power_cost": 14.696930126953125, "noise_cost": 21.203381722066, "n_waypoints_completed": 9, "tot_waypoints": 9}}
{"target": -188.67046269792152, "params": {"k_pid_pos": [0.921039082107498, 0.0007138597842361768, 0.11236246414301021], "k_pid_alt": [1.6110627405697713, 0.0, 0.8208345761795459], "k_pid_att": [34.73828101290178, 3.797228344682314, 0.27676844086889246], "k_pid_yaw": [0.5, 1e-06, 0.1], "k_pid_hsp": [0.20536583169968026, 0.0, 0.0], "k_pid_vsp": [75.05753657254571, 51.201376027599885, 1e-06]}, "datetime": {"datetime": "2025-08-13 18:01:26", "elapsed": 29614.38883304596, "delta": 17.833399295806885}, "costs": {"total_cost": 188.67046269792152, "time_cost": 71.183, "final_distance_cost": 1.8408178668907615, "oscillation_cost": 26.78149765875481, "completition_cost": 0.0, "overshoot_cost": 50.56085385126997, "power_cost": 16.661724377441406, "noise_cost": 21.642568943564573, "n_waypoints_completed": 9, "tot_waypoints": 9}}
{"target": -189.83559800590524, "params": {"k_pid_pos": [0.7395157571687181, 0.0, 0.0808147262839566], "k_pid_alt": [1.6054661245623951, 0.0, 0.9057947990720232], "k_pid_att": [36.81035155057988, 3.3489544383889913, 0.2881227995935999], "k_pid_yaw": [0.5, 1e-06, 0.1], "k_pid_hsp": [0.21330977888933939, 0.0, 0.0], "k_pid_vsp": [157.2074298448983, 67.09942720487716, 1e-06]}, "datetime": {"datetime": "2025-08-13 18:01:43", "elapsed": 29631.778537988663, "delta": 17.389704942703247}, "costs": {"total_cost": 189.83559800590524, "time_cost": 73.43, "final_distance_cost": 1.8502548286396439, "oscillation_cost": 25.915976516655547, "completition_cost": 0.0, "overshoot_cost": 50.92754355678072, "power_cost": 15.485467346191408, "noise_cost": 22.226355757637915, "n_waypoints_completed": 9, "tot_waypoints": 9}}
{"target": -184.2778237373841, "params": {"k_pid_pos": [1.0632833173401355, 0.0, 0.12631573053996467], "k_pid_alt": [1.7054391500788562, 0.0, 0.9164756803585484], "k_pid_att": [37.466889521612735, 3.3628424069370513, 0.2817646676907907], "k_pid_yaw": [0.5, 1e-06, 0.1], "k_pid_hsp": [0.19078675400642855, 0.0, 0.0], "k_pid_vsp": [193.14629202773665, 58.05506101937398, 1e-06]}, "datetime": {"datetime": "2025-08-13 18:02:00", "elapsed": 29648.567844867706, "delta": 16.78930687904358}, "costs": {"total_cost": 184.2778237373841, "time_cost": 70.658, "final_distance_cost": 1.8349791076450817, "oscillation_cost": 27.92029284106625, "completition_cost": 0.0, "overshoot_cost": 50.44837221466253, "power_cost": 12.904527075195313, "noise_cost": 20.51165249881493, "n_waypoints_completed": 9, "tot_waypoints": 9}}
{"target": -194.29814650253107, "params": {"k_pid_pos": [0.980645482046291, 0.0, 0.06945052861799116], "k_pid_alt": [1.606342652462031, 0.0, 0.9087045547282764], "k_pid_att": [36.48530756378895, 3.2099977370305206, 0.2640721623755965], "k_pid_yaw": [0.5, 1e-06, 0.1], "k_pid_hsp": [0.2429376446478695, 0.0, 0.0], "k_pid_vsp": [142.81522696140527, 50.52553531653624, 1e-06]}, "datetime": {"datetime": "2025-08-13 18:02:17", "elapsed": 29665.893437623978, "delta": 17.325592756271362}, "costs": {"total_cost": 194.29814650253107, "time_cost": 71.785, "final_distance_cost": 1.8394668433947288, "oscillation_cost": 27.91922326086437, "completition_cost": 0.0, "overshoot_cost": 51.3146193906962, "power_cost": 19.11481124267578, "noise_cost": 22.32502576489998, "n_waypoints_completed": 9, "tot_waypoints": 9}}
{"target": -185.2756597355333, "params": {"k_pid_pos": [0.9584541693627648, 0.0, 0.07714634297200676], "k_pid_alt": [1.5797219525267057, 0.0, 0.930461953278215], "k_pid_att": [35.376253715518004, 3.0314934950469072, 0.28840785987718925], "k_pid_yaw": [0.5, 1e-06, 0.1], "k_pid_hsp": [0.16968742247399735, 0.000268143160888096, 0.0], "k_pid_vsp": [111.30969676741347, 50.29504680242898, 3.7497658734895647]}, "datetime": {"datetime": "2025-08-13 18:02:34", "elapsed": 29682.876616239548, "delta": 16.98317861557007}, "costs": {"total_cost": 185.2756597355333, "time_cost": 71.274, "final_distance_cost": 1.8347525028614051, "oscillation_cost": 27.214362377227037, "completition_cost": 0.0, "overshoot_cost": 51.039568305415386, "power_cost": 13.252555126953126, "noise_cost": 20.660421423076347, "n_waypoints_completed": 9, "tot_waypoints": 9}}
{"target": -194.83294950864774, "params": {"k_pid_pos": [1.01352454400197, 0.0, 0.0738980179988298], "k_pid_alt": [1.6663703010577808, 0.0, 0.9607486916636865], "k_pid_att": [42.060993194526866, 2.7541120708762374, 0.28706685352198713], "k_pid_yaw": [0.5, 1e-06, 0.1], "k_pid_hsp": [0.2416423475375234, 0.0, 0.0], "k_pid_vsp": [105.18662200480574, 33.44767639422524, 1e-06]}, "datetime": {"datetime": "2025-08-13 18:02:52", "elapsed": 29700.83817768097, "delta": 17.96156144142151}, "costs": {"total_cost": 194.83294950864774, "time_cost": 71.904, "final_distance_cost": 1.832509889279976, "oscillation_cost": 28.114485145532367, "completition_cost": 0.0, "overshoot_cost": 51.475659666074336, "power_cost": 19.238451623535155, "noise_cost": 22.267843184225896, "n_waypoints_completed": 9, "tot_waypoints": 9}}
{"target": -199.49136046981914, "params": {"k_pid_pos": [0.5527038791171583, 0.0, 0.07633689651842232], "k_pid_alt": [1.5748132807689172, 0.0, 0.9661197812005311], "k_pid_att": [35.654442755663645, 3.4687233355406626, 0.2690110131030222], "k_pid_yaw": [0.5, 1e-06, 0.1], "k_pid_hsp": [0.21500000743421205, 0.0, 0.0], "k_pid_vsp": [216.4014721267222, 34.071436082373594, 1e-06]}, "datetime": {"datetime": "2025-08-13 18:03:11", "elapsed": 29719.592304229736, "delta": 18.75412654876709}, "costs": {"total_cost": 199.49136046981914, "time_cost": 79.436, "final_distance_cost": 1.8521210653204907, "oscillation_cost": 24.3603481646852, "completition_cost": 0.0, "overshoot_cost": 51.63371082066356, "power_cost": 17.552962622070314, "noise_cost": 24.65621779707957, "n_waypoints_completed": 9, "tot_waypoints": 9}}
{"target": -188.50134303761664, "params": {"k_pid_pos": [1.0061374360674673, 0.0, 0.09268005103814464], "k_pid_alt": [1.5971416950007897, 0.0, 0.9429488468307606], "k_pid_att": [34.24470483867525, 3.0778393880239197, 0.22515824494026798], "k_pid_yaw": [0.5, 1e-06, 0.1], "k_pid_hsp": [0.26474484557761957, 0.0, 0.0], "k_pid_vsp": [123.12484837248061, 26.937417656027378, 1e-06]}, "datetime": {"datetime": "2025-08-13 18:03:28", "elapsed": 29736.97861433029, "delta": 17.38631010055542}, "costs": {"total_cost": 188.50134303761664, "time_cost": 71.526, "final_distance_cost": 1.8379445848259504, "oscillation_cost": 28.491241157056454, "completition_cost": 0.0, "overshoot_cost": 50.80689140522402, "power_cost": 14.551208520507814, "noise_cost": 21.288057370002402, "n_waypoints_completed": 9, "tot_waypoints": 9}}
{"target": -192.27078041725744, "params": {"k_pid_pos": [0.7243768261900003, 0.0, 0.050666709321129655], "k_pid_alt": [1.573224719315258, 0.0, 0.9266153615040043], "k_pid_att": [27.110756869492064, 2.9971806386709225, 0.26783324381249995], "k_pid_yaw": [0.5, 1e-06, 0.1], "k_pid_hsp": [0.05019707803718627, 0.0, 0.0], "k_pid_vsp": [65.59599392645936, 36.00723131619872, 1e-06]}, "datetime": {"datetime": "2025-08-13 18:03:49", "elapsed": 29757.29527235031, "delta": 20.31665802001953}, "costs": {"total_cost": 192.27078041725744, "time_cost": 81.837, "final_distance_cost": 1.793700575238747, "oscillation_cost": 17.98578728770519, "completition_cost": 0.0, "overshoot_cost": 55.13970259874706, "power_cost": 12.298861779785156, "noise_cost": 23.215728175781265, "n_waypoints_completed": 9, "tot_waypoints": 9}}
{"target": -191.6585158238043, "params": {"k_pid_pos": [0.7463501172005511, 0.0, 0.10267560092079887], "k_pid_alt": [1.6069314683053337, 0.0, 0.9533698858703821], "k_pid_att": [34.48008482553479, 3.632614799249503, 0.3006308870662122], "k_pid_yaw": [0.5, 1e-06, 0.1], "k_pid_hsp": [0.28525450294434684, 0.0, 0.0], "k_pid_vsp": [181.87283616315483, 52.61834908608587, 1e-06]}, "datetime": {"datetime": "2025-08-13 18:04:07", "elapsed": 29775.562115430832, "delta": 18.26684308052063}, "costs": {"total_cost": 191.6585158238043, "time_cost": 74.858, "final_distance_cost": 1.8540999573488708, "oscillation_cost": 26.68617375758, "completition_cost": 0.0, "overshoot_cost": 50.78970638446215, "power_cost": 14.858974609375, "noise_cost": 22.611561115038256, "n_waypoints_completed": 9, "tot_waypoints": 9}}
{"target": -194.65852179833888, "params": {"k_pid_pos": [0.6568900060215829, 0.0, 0.07671978706074435], "k_pid_alt": [1.64248373952204, 0.0, 0.9472844714242188], "k_pid_att": [37.215145783607326, 3.083029601284264, 0.27940242560332473], "k_pid_yaw": [0.5, 1e-06, 0.1], "k_pid_hsp": [0.2661337847444033, 0.0, 0.0], "k_pid_vsp": [52.618842991220816, 22.436079200630697, 1e-06]}, "datetime": {"datetime": "2025-08-13 18:04:26", "elapsed": 29794.66996574402, "delta": 19.107850313186646}, "costs": {"total_cost": 194.65852179833888, "time_cost": 76.461, "final_distance_cost": 1.8495283919441077, "oscillation_cost": 25.91312150879819, "completition_cost": 0.0, "overshoot_cost": 51.26334077831092, "power_cost": 15.89537821044922, "noise_cost": 23.27615290883644, "n_waypoints_completed": 9, "tot_waypoints": 9}}
{"target": -190.23796517058383, "params": {"k_pid_pos": [0.8734828134325818, 0.0, 0.060790318578576086], "k_pid_alt": [1.6080903557324047, 0.0, 0.9747031926351646], "k_pid_att": [34.46105801892896, 3.279247800773129, 0.28195020513239943], "k_pid_yaw": [0.5, 1e-06, 0.1], "k_pid_hsp": [0.16966318236178826, 0.0, 0.0], "k_pid_vsp": [142.0033671655441, 29.382101824372036, 1e-06]}, "datetime": {"datetime": "2025-08-13 18:04:43", "elapsed": 29811.926620721817, "delta": 17.256654977798462}, "costs": {"total_cost": 190.23796517058383, "time_cost": 71.988, "final_distance_cost": 1.8363914194589706, "oscillation_cost": 26.63341234016347, "completition_cost": 0.0, "overshoot_cost": 51.19951822319021, "power_cost": 16.587611169433593, "noise_cost": 21.99303201833758, "n_waypoints_completed": 9, "tot_waypoints": 9}}
{"target": -185.60944423952066, "params": {"k_pid_pos": [1.2602226304309365, 0.0, 0.08616195824189571], "k_pid_alt": [1.6398333989904224, 0.0, 0.943441133252497], "k_pid_att": [36.42001112017732, 3.4210394938942237, 0.2560753780675843], "k_pid_yaw": [0.5, 1e-06, 0.1], "k_pid_hsp": [0.2883899879504649, 0.0, 0.0], "k_pid_vsp": [77.51560781008743, 42.86794722484304, 1e-06]}, "datetime": {"datetime": "2025-08-13 18:05:01", "elapsed": 29829.125777244568, "delta": 17.199156522750854}, "costs": {"total_cost": 185.60944423952066, "time_cost": 70.378, "final_distance_cost": 1.8160329335173409, "oscillation_cost": 30.576968681502983, "completition_cost": 0.0, "overshoot_cost": 50.617402117520726, "power_cost": 12.107141979980469, "noise_cost": 20.11389852699914, "n_waypoints_completed": 9, "tot_waypoints": 9}}
{"target": -190.87213429332405, "params": {"k_pid_pos": [1.04050835489693, 0.0, 0.06256465086708138], "k_pid_alt": [1.5813174749387178, 0.0, 0.9574666364174341], "k_pid_att": [32.53665861919198, 3.171798146285207, 0.24442427554291934], "k_pid_yaw": [0.5, 1e-06, 0.1], "k_pid_hsp": [0.20818302495505991, 0.0, 0.0], "k_pid_vsp": [34.92652646111037, 13.717457483377054, 1e-06]}, "datetime": {"datetime": "2025-08-13 18:05:18", "elapsed": 29846.418161392212, "delta": 17.292384147644043}, "costs": {"total_cost": 190.87213429332405, "time_cost": 72.527, "final_distance_cost": 1.8381600114864998, "oscillation_cost": 28.283954037848048, "completition_cost": 0.0, "overshoot_cost": 51.690167463047345, "power_cost": 15.010697509765626, "noise_cost": 21.522155271176544, "n_waypoints_completed": 9, "tot_waypoints": 9}}
{"target": -185.77077120756547, "params": {"k_pid_pos": [0.917776467139848, 0.0, 0.06170480721451152], "k_pid_alt": [1.6478360175239108, 0.0, 0.9075433668357975], "k_pid_att": [35.52263336274393, 3.1993254479280147, 0.2750262227888643], "k_pid_yaw": [0.5, 1e-06, 0.1], "k_pid_hsp": [0.2258815498296689, 0.0, 0.0], "k_pid_vsp": [100.74223773170081, 25.110036160008253, 1e-06]}, "datetime": {"datetime": "2025-08-13 18:05:35", "elapsed": 29863.856523275375, "delta": 17.438361883163452}, "costs": {"total_cost": 185.77077120756547, "time_cost": 71.309, "final_distance_cost": 1.8316536112729158, "oscillation_cost": 27.624120572028016, "completition_cost": 0.0, "overshoot_cost": 50.62681186641384, "power_cost": 13.31574090576172, "noise_cost": 21.063444252088996, "n_waypoints_completed": 9, "tot_waypoints": 9}}
{"target": -208.42875260540782, "params": {"k_pid_pos": [0.6784360860912128, 0.0, 0.024938807656290335], "k_pid_alt": [1.606454574697927, 0.0, 0.9054281688849756], "k_pid_att": [39.46908973561093, 3.752921067177563, 0.28634433574415813], "k_pid_yaw": [0.5, 1e-06, 0.1], "k_pid_hsp": [0.25558784911168186, 0.0, 0.0], "k_pid_vsp": [158.0268020268698, 31.13737725728381, 1e-06]}, "datetime": {"datetime": "2025-08-13 18:05:54", "elapsed": 29882.8660094738, "delta": 19.009486198425293}, "costs": {"total_cost": 208.42875260540782, "time_cost": 76.349, "final_distance_cost": 1.8484763038479597, "oscillation_cost": 25.796325739599023, "completition_cost": 0.0, "overshoot_cost": 52.3057667740322, "power_cost": 26.583009423828127, "noise_cost": 25.54617436410053, "n_waypoints_completed": 9, "tot_waypoints": 9}}
{"target": -189.09038998963575, "params": {"k_pid_pos": [1.1695107282593822, 0.0004879897495193074, 0.08073006114378108], "k_pid_alt": [1.6016343027398294, 0.0, 0.9218546301240215], "k_pid_att": [36.539335780847026, 3.407051877510756, 0.2628966351265506], "k_pid_yaw": [0.5, 1e-06, 0.1], "k_pid_hsp": [0.272147495126438, 0.0, 0.0], "k_pid_vsp": [108.46218150017998, 64.86235168633478, 1e-06]}, "datetime": {"datetime": "2025-08-13 18:06:11", "elapsed": 29899.566801309586, "delta": 16.700791835784912}, "costs": {"total_cost": 189.09038998963575, "time_cost": 70.672, "final_distance_cost": 1.8358752442541153, "oscillation_cost": 29.94159142804196, "completition_cost": 0.0, "overshoot_cost": 50.89619093082683, "power_cost": 14.848246887207033, "noise_cost": 20.896485499305815, "n_waypoints_completed": 9, "tot_waypoints": 9}}
{"target": -187.46916066298553, "params": {"k_pid_pos": [0.9874280336697093, 0.0, 0.07931047887139103], "k_pid_alt": [1.6753809627327265, 0.0, 0.9459767712356405], "k_pid_att": [41.40209543126494, 3.3374559164555726, 0.28380819522971323], "k_pid_yaw": [0.5, 1e-06, 0.1], "k_pid_hsp": [0.2392018692537809, 0.0, 0.0], "k_pid_vsp": [92.8755230095802, 25.76126419581923, 1e-06]}, "datetime": {"datetime": "2025-08-13 18:06:29", "elapsed": 29917.270927667618, "delta": 17.704126358032227}, "costs": {"total_cost": 187.46916066298553, "time_cost": 71.078, "final_distance_cost": 1.8335535834923349, "oscillation_cost": 28.063806663197713, "completition_cost": 0.0, "overshoot_cost": 50.96996216073674, "power_cost": 14.292442639160157, "noise_cost": 21.23139561639861, "n_waypoints_completed": 9, "tot_waypoints": 9}}
{"target": -207.71880243998743, "params": {"k_pid_pos": [1.2743937507296583, 0.0, 0.08957308751432076], "k_pid_alt": [1.5856127825416577, 0.0, 0.8917865912964036], "k_pid_att": [40.737114607675885, 3.3449876518004062, 0.26991624039401235], "k_pid_yaw": [0.5, 1e-06, 0.1], "k_pid_hsp": [0.15725871450737947, 0.0, 0.0], "k_pid_vsp": [122.18220653797026, 54.72170994395562, 1e-06]}, "datetime": {"datetime": "2025-08-13 18:06:47", "elapsed": 29935.281957626343, "delta": 18.011029958724976}, "costs": {"total_cost": 207.71880243998743, "time_cost": 73.976, "final_distance_cost": 1.8017012786900513, "oscillation_cost": 30.73901246600466, "completition_cost": 0.0, "overshoot_cost": 52.284445421817075, "power_cost": 25.313713195800783, "noise_cost": 23.603930077674868, "n_waypoints_completed": 9, "tot_waypoints": 9}}
