{"target": -187.36274652144806, "params": {"k_pid_pos": [0.8502531736696861, 0.0006088879303179744, 0.06075129261209933], "k_pid_alt": [1.586526247005248, 0.0, 0.9274162305116402], "k_pid_att": [33.87319678772002, 3.2696616627720885, 0.24603416868211023], "k_pid_yaw": [0.5, 1e-06, 0.1], "k_pid_hsp": [0.12641056392076383, 0.0, 0.0], "k_pid_vsp": [1.0440362558809149, 32.457860984525894, 1.6876719547310581]}, "datetime": {"datetime": "2025-08-13 17:34:27", "elapsed": 27995.803884744644, "delta": 18.1276535987854}, "costs": {"total_cost": 187.36274652144806, "time_cost": 74.34, "final_distance_cost": 1.836499012354393, "oscillation_cost": 25.56113662396416, "completition_cost": 0.0, "overshoot_cost": 53.21522132281396, "power_cost": 11.250624682617188, "noise_cost": 21.159264879698327, "n_waypoints_completed": 9, "tot_waypoints": 9}}
{"target": -188.02325263841396, "params": {"k_pid_pos": [1.1190646979013374, 0.0, 0.005516137270242666], "k_pid_alt": [1.6789828829097224, 0.0, 0.919798014990129], "k_pid_att": [34.19144256572647, 3.784177030174122, 0.2220169944655479], "k_pid_yaw": [0.5, 1e-06, 0.1], "k_pid_hsp": [0.22726528328535917, 0.0, 0.0], "k_pid_vsp": [49.83095239922206, 25.86468784653179, 1e-06]}, "datetime": {"datetime": "2025-08-13 17:34:43", "elapsed": 28011.937952518463, "delta": 16.13406777381897}, "costs": {"total_cost": 188.02325263841396, "time_cost": 70.301, "final_distance_cost": 1.8281736049458543, "oscillation_cost": 29.940046528704475, "completition_cost": 0.0, "overshoot_cost": 50.362411984296166, "power_cost": 14.767855139160156, "noise_cost": 20.8237653813073, "n_waypoints_completed": 9, "tot_waypoints": 9}}
{"target": -190.22102208303647, "params": {"k_pid_pos": [0.6835889616545139, 0.0, 0.06235279967761457], "k_pid_alt": [1.622486694915252, 0.0, 0.969594131890682], "k_pid_att": [34.502144812688776, 3.9565972235054536, 0.25521393409516047], "k_pid_yaw": [0.5, 1e-06, 0.1], "k_pid_hsp": [0.19039436454128628, 0.0, 0.0], "k_pid_vsp": [17.14661308069202, 27.774983266487517, 1e-06]}, "datetime": {"datetime": "2025-08-13 17:35:02", "elapsed": 28030.19083738327, "delta": 18.25288486480713}, "costs": {"total_cost": 190.22102208303647, "time_cost": 74.053, "final_distance_cost": 1.851257689514723, "oscillation_cost": 25.272710051308394, "completition_cost": 0.0, "overshoot_cost": 51.267860900093766, "power_cost": 15.234136596679688, "noise_cost": 22.542056845439898, "n_waypoints_completed": 9, "tot_waypoints": 9}}
{"target": -194.89100760069147, "params": {"k_pid_pos": [1.1527425963820885, 0.0, 0.08466783666148824], "k_pid_alt": [1.6253964201168607, 0.0, 0.925191164498357], "k_pid_att": [34.75736576417172, 3.3881056073381455, 0.1954190569816303], "k_pid_yaw": [0.5, 1e-06, 0.1], "k_pid_hsp": [0.223132310763581, 0.0, 0.0], "k_pid_vsp": [0.0, 26.31171630069123, 1e-06]}, "datetime": {"datetime": "2025-08-13 17:35:20", "elapsed": 28048.26024532318, "delta": 18.06940793991089}, "costs": {"total_cost": 194.89100760069147, "time_cost": 75.488, "final_distance_cost": 1.8525135418467622, "oscillation_cost": 30.37330478096767, "completition_cost": 0.0, "overshoot_cost": 53.59359309453651, "power_cost": 12.002125793457031, "noise_cost": 21.581470389883503, "n_waypoints_completed": 9, "tot_waypoints": 9}}
{"target": -192.54127786770295, "params": {"k_pid_pos": [1.204585780314767, 0.0, 0.028362182652893142], "k_pid_alt": [1.6810759984311365, 0.0, 0.932499552621842], "k_pid_att": [34.216671358027114, 0.0001, 0.2608179278849348], "k_pid_yaw": [0.5, 1e-06, 0.1], "k_pid_hsp": [0.393354017305943, 0.0, 0.0], "k_pid_vsp": [124.58160915122211, 27.416955667514756, 1e-06]}, "datetime": {"datetime": "2025-08-13 17:35:37", "elapsed": 28065.91866517067, "delta": 17.658419847488403}, "costs": {"total_cost": 192.54127786770295, "time_cost": 70.959, "final_distance_cost": 1.8234340561252802, "oscillation_cost": 30.653523299323876, "completition_cost": 0.0, "overshoot_cost": 51.004413463970195, "power_cost": 16.615116528320314, "noise_cost": 21.485790519963295, "n_waypoints_completed": 9, "tot_waypoints": 9}}
{"target": -203.938279403069, "params": {"k_pid_pos": [1.1464339068810525, 0.0, 0.08638220419727292], "k_pid_alt": [1.6308397191649435, 0.0, 0.9462388477091486], "k_pid_att": [36.85593677210706, 3.4904608767212015, 0.24632649127784673], "k_pid_yaw": [0.5, 1e-06, 0.1], "k_pid_hsp": [0.19822467577515152, 0.0, 0.0], "k_pid_vsp": [0.0, 23.578489285499742, 1e-06]}, "datetime": {"datetime": "2025-08-13 17:35:56", "elapsed": 28084.700770378113, "delta": 18.782105207443237}, "costs": {"total_cost": 203.938279403069, "time_cost": 78.757, "final_distance_cost": 1.8437203450813415, "oscillation_cost": 29.088809574168213, "completition_cost": 0.0, "overshoot_cost": 58.036298536156735, "power_cost": 12.465628723144532, "noise_cost": 23.74682222451819, "n_waypoints_completed": 9, "tot_waypoints": 9}}
{"target": -188.9198326998648, "params": {"k_pid_pos": [1.0134902432398278, 0.0, 0.08436767976390026], "k_pid_alt": [1.7591597807412898, 0.0, 0.9303745973310852], "k_pid_att": [34.113648560996204, 3.3616696125040177, 0.241741853323577], "k_pid_yaw": [0.5, 1e-06, 0.1], "k_pid_hsp": [0.22012586208845358, 0.0, 0.0], "k_pid_vsp": [129.08142773863156, 23.78809541261194, 1e-06]}, "datetime": {"datetime": "2025-08-13 17:36:13", "elapsed": 28101.273463964462, "delta": 16.572693586349487}, "costs": {"total_cost": 188.9198326998648, "time_cost": 71.337, "final_distance_cost": 1.832809745240245, "oscillation_cost": 27.992356527898718, "completition_cost": 0.0, "overshoot_cost": 51.124513931031835, "power_cost": 15.210402624511719, "noise_cost": 21.422749871182265, "n_waypoints_completed": 9, "tot_waypoints": 9}}
{"target": -1469.6485345188985, "params": {"k_pid_pos": [1.1911352941886326, 0.0, 0.09313257759457733], "k_pid_alt": [1.6285025365352537, 0.0, 0.9321440475971606], "k_pid_att": [34.983132258449885, 3.600746140723859, 0.24627170709013915], "k_pid_yaw": [0.5, 1e-06, 0.1], "k_pid_hsp": [0.13931552828447774, 0.0, 0.0], "k_pid_vsp": [0.0, 9.742917749162288, 1e-06]}, "datetime": {"datetime": "2025-08-13 17:36:41", "elapsed": 28129.69492173195, "delta": 28.421457767486572}, "costs": {"total_cost": 1469.6485345188985, "time_cost": 150, "final_distance_cost": 1.0000000000000167, "oscillation_cost": 3.959686833021884, "completition_cost": 1000.0, "overshoot_cost": 161.86570018793057, "power_cost": 15.501570935058595, "noise_cost": 137.32157656288743, "n_waypoints_completed": 0, "tot_waypoints": 9}}
{"target": -192.9196742210462, "params": {"k_pid_pos": [1.1447534448648462, 0.0, 0.0862653216977047], "k_pid_alt": [1.6445315957722073, 0.0, 0.9332788969093235], "k_pid_att": [35.28624798190767, 3.67578797038097, 0.24487342567160017], "k_pid_yaw": [0.5, 1e-06, 0.1], "k_pid_hsp": [0.1509266627896198, 0.0, 0.0], "k_pid_vsp": [42.618622089113316, 28.71399729637514, 1e-06]}, "datetime": {"datetime": "2025-08-13 17:36:58", "elapsed": 28146.52936244011, "delta": 16.8344407081604}, "costs": {"total_cost": 192.9196742210462, "time_cost": 71.421, "final_distance_cost": 1.828165488595967, "oscillation_cost": 28.135053835209884, "completition_cost": 0.0, "overshoot_cost": 51.53978107505328, "power_cost": 18.016618701171875, "noise_cost": 21.979055121015204, "n_waypoints_completed": 9, "tot_waypoints": 9}}
{"target": -1463.8841124873147, "params": {"k_pid_pos": [1.1704530892428193, 0.0, 0.003625918828361222], "k_pid_alt": [1.6302372049674578, 0.0, 0.9440388490463195], "k_pid_att": [33.16821820102785, 3.250757876039176, 0.24149943029950333], "k_pid_yaw": [0.5, 1e-06, 0.1], "k_pid_hsp": [0.235868920141519, 0.0, 0.0], "k_pid_vsp": [0.0, 1.632192937228049, 1e-06]}, "datetime": {"datetime": "2025-08-13 17:37:27", "elapsed": 28175.421861171722, "delta": 28.89249873161316}, "costs": {"total_cost": 1463.8841124873147, "time_cost": 150, "final_distance_cost": 1.0000000000000002, "oscillation_cost": 4.357986870725744, "completition_cost": 1000.0, "overshoot_cost": 163.06686634131174, "power_cost": 10.057720349121094, "noise_cost": 135.4015389261562, "n_waypoints_completed": 0, "tot_waypoints": 9}}
{"target": -192.26315376709908, "params": {"k_pid_pos": [1.1516838432088108, 0.0, 0.08407656748826164], "k_pid_alt": [1.67153562851831, 0.0, 0.9300012712374831], "k_pid_att": [34.82722156773753, 3.523025965927135, 0.24358943595299812], "k_pid_yaw": [0.5, 1e-06, 0.1], "k_pid_hsp": [0.22648589366642166, 0.0, 0.0], "k_pid_vsp": [22.228619670614883, 26.84724817189662, 1e-06]}, "datetime": {"datetime": "2025-08-13 17:37:43", "elapsed": 28191.651398658752, "delta": 16.22953748703003}, "costs": {"total_cost": 192.26315376709908, "time_cost": 70.959, "final_distance_cost": 1.8355847865182024, "oscillation_cost": 28.965435168402948, "completition_cost": 0.0, "overshoot_cost": 51.39555387232904, "power_cost": 17.29970223388672, "noise_cost": 21.807877705962184, "n_waypoints_completed": 9, "tot_waypoints": 9}}
{"target": -187.06655522145618, "params": {"k_pid_pos": [1.1408551064401067, 0.0, 0.0259153165418163], "k_pid_alt": [1.6731521299487973, 0.0, 0.9319907782031535], "k_pid_att": [37.93835843763819, 3.3903897316650027, 0.24811953751191457], "k_pid_yaw": [0.5, 1e-06, 0.1], "k_pid_hsp": [0.2524521399536947, 0.0, 0.0], "k_pid_vsp": [75.34201623844183, 28.53691181424377, 1e-06]}, "datetime": {"datetime": "2025-08-13 17:38:00", "elapsed": 28208.254566431046, "delta": 16.60316777229309}, "costs": {"total_cost": 187.06655522145618, "time_cost": 70.399, "final_distance_cost": 1.8308748744327012, "oscillation_cost": 30.056130711975662, "completition_cost": 0.0, "overshoot_cost": 50.75513869222072, "power_cost": 13.445155297851564, "noise_cost": 20.580255644975548, "n_waypoints_completed": 9, "tot_waypoints": 9}}
{"target": -200.34681538818802, "params": {"k_pid_pos": [1.169153011522186, 0.0, 0.07928447770651642], "k_pid_alt": [1.6278676925228148, 0.0, 0.9023326420141056], "k_pid_att": [29.913223507329267, 3.9968880017786717, 0.24614217586218554], "k_pid_yaw": [0.5, 1e-06, 0.1], "k_pid_hsp": [0.2418436294090731, 0.0, 0.0], "k_pid_vsp": [32.129551672021876, 26.35398336989755, 1e-06]}, "datetime": {"datetime": "2025-08-13 17:38:18", "elapsed": 28226.063225984573, "delta": 17.808659553527832}, "costs": {"total_cost": 200.34681538818802, "time_cost": 72.667, "final_distance_cost": 1.8273239683948272, "oscillation_cost": 30.127620003780475, "completition_cost": 0.0, "overshoot_cost": 52.043729046235434, "power_cost": 20.768866174316408, "noise_cost": 22.912276195460887, "n_waypoints_completed": 9, "tot_waypoints": 9}}
{"target": -212.60757501260676, "params": {"k_pid_pos": [1.1547808724701443, 0.0, 0.08267202369042329], "k_pid_alt": [1.6012353421598449, 0.0, 0.9243319920889194], "k_pid_att": [49.19927307939339, 3.4108615508259144, 0.2768762397384347], "k_pid_yaw": [0.5, 1e-06, 0.1], "k_pid_hsp": [0.2134125199810605, 0.0, 0.0], "k_pid_vsp": [21.352160067683357, 21.914651900103653, 1e-06]}, "datetime": {"datetime": "2025-08-13 17:38:36", "elapsed": 28244.52071428299, "delta": 18.457488298416138}, "costs": {"total_cost": 212.60757501260676, "time_cost": 77.154, "final_distance_cost": 1.8102883981871654, "oscillation_cost": 29.477034400985062, "completition_cost": 0.0, "overshoot_cost": 52.95474839481926, "power_cost": 25.90836573486328, "noise_cost": 25.30313808375201, "n_waypoints_completed": 9, "tot_waypoints": 9}}
{"target": -184.7436050540624, "params": {"k_pid_pos": [1.1634336751859553, 0.0, 0.09011837231687808], "k_pid_alt": [1.6394769416197035, 0.0, 0.9475927592264767], "k_pid_att": [34.35375217770233, 3.510886221858472, 0.24681074396634856], "k_pid_yaw": [0.5, 1e-06, 0.1], "k_pid_hsp": [0.1287168247700781, 0.0, 0.0], "k_pid_vsp": [17.923721707092483, 16.261338463736518, 1e-06]}, "datetime": {"datetime": "2025-08-13 17:38:54", "elapsed": 28262.441401958466, "delta": 17.920687675476074}, "costs": {"total_cost": 184.7436050540624, "time_cost": 71.526, "final_distance_cost": 1.7905443275187356, "oscillation_cost": 27.95240068816745, "completition_cost": 0.0, "overshoot_cost": 51.75388932505624, "power_cost": 11.459688500976563, "noise_cost": 20.26108221234344, "n_waypoints_completed": 9, "tot_waypoints": 9}}
{"target": -182.49919608161622, "params": {"k_pid_pos": [1.1335794377445048, 0.05346950862319925, 0.04077468826594118], "k_pid_alt": [1.6525961728005976, 0.009395169598008964, 0.9255062304003856], "k_pid_att": [39.636612156894344, 3.419129832281206, 0.24286743851042877], "k_pid_yaw": [0.5, 1e-06, 0.1], "k_pid_hsp": [0.28141252374645354, 0.0, 0.0], "k_pid_vsp": [111.45196433444436, 41.362903410456084, 1e-06]}, "datetime": {"datetime": "2025-08-13 17:39:11", "elapsed": 28279.459008693695, "delta": 17.017606735229492}, "costs": {"total_cost": 182.49919608161622, "time_cost": 69.909, "final_distance_cost": 1.8139373256292919, "oscillation_cost": 30.34677781227152, "completition_cost": 0.0, "overshoot_cost": 50.42498798070193, "power_cost": 10.472107238769532, "noise_cost": 19.53238572424394, "n_waypoints_completed": 9, "tot_waypoints": 9}}
{"target": -5655.163744078049, "params": {"k_pid_pos": [1.392394121969691, 0.0, 0.06150809204052766], "k_pid_alt": [1.5799563445362659, 0.0, 0.9242037140638986], "k_pid_att": [0.0, 3.499887722656696, 0.26830894380731246], "k_pid_yaw": [0.5, 1e-06, 0.1], "k_pid_hsp": [0.1677104426674335, 0.0, 0.0], "k_pid_vsp": [133.46985483566937, 23.58700495531215, 1e-06]}, "datetime": {"datetime": "2025-08-13 17:39:40", "elapsed": 28308.799023389816, "delta": 29.340014696121216}, "costs": {"total_cost": 5655.163744078049, "time_cost": 150, "final_distance_cost": 1122.1551758254311, "oscillation_cost": 2010.8349924743236, "completition_cost": 1000.0, "overshoot_cost": 1161.5173627847812, "power_cost": 55.994217517089844, "noise_cost": 154.66199547642188, "n_waypoints_completed": 0, "tot_waypoints": 9}}
{"target": -273.46524997677597, "params": {"k_pid_pos": [0.9806155901931887, 0.017041579581951103, 0.08814190361820678], "k_pid_alt": [1.5624705357560738, 0.0, 0.8551576042389818], "k_pid_att": [33.14558292240662, 3.5011538447319186, 0.2257994597629947], "k_pid_yaw": [0.5, 1e-06, 0.1], "k_pid_hsp": [0.33888942616346823, 0.0, 0.0], "k_pid_vsp": [0.0, 22.065981451205293, 1e-06]}, "datetime": {"datetime": "2025-08-13 17:40:06", "elapsed": 28334.687444210052, "delta": 25.888420820236206}, "costs": {"total_cost": 273.46524997677597, "time_cost": 107.485, "final_distance_cost": 1.7696327145210062, "oscillation_cost": 27.4379802878338, "completition_cost": 0.0, "overshoot_cost": 84.26856427327644, "power_cost": 17.83454010009766, "noise_cost": 34.66953260104706, "n_waypoints_completed": 9, "tot_waypoints": 9}}
{"target": -191.1914512346546, "params": {"k_pid_pos": [1.0743400887193482, 0.0, 0.07714041114560045], "k_pid_alt": [1.6600631276494706, 0.0, 0.9733848740388686], "k_pid_att": [34.237581804576074, 3.3145741524446453, 0.24894135049217633], "k_pid_yaw": [0.5, 1e-06, 0.1], "k_pid_hsp": [0.19553019292883228, 0.0, 0.0], "k_pid_vsp": [22.470904471649106, 24.43678599969885, 1e-06]}, "datetime": {"datetime": "2025-08-13 17:40:23", "elapsed": 28351.75473880768, "delta": 17.067294597625732}, "costs": {"total_cost": 191.1914512346546, "time_cost": 71.211, "final_distance_cost": 1.814329943087359, "oscillation_cost": 28.138216459898967, "completition_cost": 0.0, "overshoot_cost": 51.266207003266345, "power_cost": 17.02598848876953, "noise_cost": 21.735709339632386, "n_waypoints_completed": 9, "tot_waypoints": 9}}
{"target": -213.0182253731511, "params": {"k_pid_pos": [1.1816302981541469, 0.0, 0.08683216714147246], "k_pid_alt": [1.6722737071270182, 0.0, 0.9246699829094993], "k_pid_att": [46.18867948956848, 3.8563020759969002, 0.2465967677940379], "k_pid_yaw": [0.5, 1e-06, 0.1], "k_pid_hsp": [0.21707069246436944, 0.0, 0.003980826993319906], "k_pid_vsp": [0.0, 26.184338784646982, 1e-06]}, "datetime": {"datetime": "2025-08-13 17:40:42", "elapsed": 28370.75253367424, "delta": 18.99779486656189}, "costs": {"total_cost": 213.0182253731511, "time_cost": 76.839, "final_distance_cost": 1.828944104265988, "oscillation_cost": 43.46525270726862, "completition_cost": 0.0, "overshoot_cost": 54.46061020193295, "power_cost": 13.381640332031251, "noise_cost": 23.042778027652304, "n_waypoints_completed": 9, "tot_waypoints": 9}}
{"target": -191.5666004596787, "params": {"k_pid_pos": [1.0251983752836056, 0.0, 0.14385400048352856], "k_pid_alt": [1.4945337181878908, 0.0, 0.9489943824755441], "k_pid_att": [40.40512423769121, 0.0001, 0.2934652431414556], "k_pid_yaw": [0.5, 1e-06, 0.1], "k_pid_hsp": [0.1954696759163349, 0.0, 0.0], "k_pid_vsp": [42.137810598362506, 9.28379657871717, 1e-06]}, "datetime": {"datetime": "2025-08-13 17:41:01", "elapsed": 28389.496205806732, "delta": 18.743672132492065}, "costs": {"total_cost": 191.5666004596787, "time_cost": 72.947, "final_distance_cost": 1.8352314410519706, "oscillation_cost": 27.419696589855963, "completition_cost": 0.0, "overshoot_cost": 51.79651839806179, "power_cost": 15.334636145019532, "noise_cost": 22.233517885689455, "n_waypoints_completed": 9, "tot_waypoints": 9}}
{"target": -1451.7424894692901, "params": {"k_pid_pos": [1.0964002791587808, 0.0, 0.0859488299863185], "k_pid_alt": [1.646606374196451, 0.0, 0.9320577202319108], "k_pid_att": [34.85012035996942, 3.4433133000662077, 0.24619035836248876], "k_pid_yaw": [0.5, 1e-06, 0.1], "k_pid_hsp": [0.3764967381085128, 0.0, 0.0], "k_pid_vsp": [0.0, 21.81917732884678, 1e-06]}, "datetime": {"datetime": "2025-08-13 17:41:30", "elapsed": 28418.5413377285, "delta": 29.04513192176819}, "costs": {"total_cost": 1451.7424894692901, "time_cost": 150, "final_distance_cost": 1.0000000000000007, "oscillation_cost": 3.7501488189531034, "completition_cost": 1000.0, "overshoot_cost": 146.5034640629501, "power_cost": 24.607237902832033, "noise_cost": 125.88163868455464, "n_waypoints_completed": 0, "tot_waypoints": 9}}
{"target": -179.96795173289274, "params": {"k_pid_pos": [1.1504888844086565, 0.0, 0.10569791657501477], "k_pid_alt": [1.637975747508083, 0.0, 0.9046352247243431], "k_pid_att": [35.069110301262086, 3.733873543727876, 0.2468591888969731], "k_pid_yaw": [0.5, 1e-06, 0.1], "k_pid_hsp": [0.20310179425153627, 0.0, 0.0], "k_pid_vsp": [58.9947270756072, 42.10537936696102, 1e-06]}, "datetime": {"datetime": "2025-08-13 17:41:47", "elapsed": 28435.0785779953, "delta": 16.537240266799927}, "costs": {"total_cost": 179.96795173289274, "time_cost": 70.287, "final_distance_cost": 1.823799982908761, "oscillation_cost": 29.33164367890906, "completition_cost": 0.0, "overshoot_cost": 50.32113968821178, "power_cost": 9.226425451660157, "noise_cost": 18.977942931202954, "n_waypoints_completed": 9, "tot_waypoints": 9}}
{"target": -183.75739630727895, "params": {"k_pid_pos": [1.0969990277289532, 0.0, 0.09448225844865796], "k_pid_alt": [1.6109373018559736, 0.0, 0.9325504908046999], "k_pid_att": [35.71686298707234, 3.689996946311412, 0.19104816209527714], "k_pid_yaw": [0.5, 1e-06, 0.1], "k_pid_hsp": [0.15454416727605463, 0.0, 0.0], "k_pid_vsp": [8.705389667217045, 25.521256825271376, 1e-06]}, "datetime": {"datetime": "2025-08-13 17:42:04", "elapsed": 28452.324249982834, "delta": 17.24567198753357}, "costs": {"total_cost": 183.75739630727895, "time_cost": 70.665, "final_distance_cost": 1.8046553893840827, "oscillation_cost": 27.63108980968512, "completition_cost": 0.0, "overshoot_cost": 51.16680612573925, "power_cost": 12.18211044921875, "noise_cost": 20.307734533251722, "n_waypoints_completed": 9, "tot_waypoints": 9}}
{"target": -192.37493014930178, "params": {"k_pid_pos": [1.2624359105872627, 0.0, 0.09797547941358802], "k_pid_alt": [1.6667437354801566, 0.0, 0.9328402745747919], "k_pid_att": [36.16043469377204, 3.469332049473806, 0.24226836320077236], "k_pid_yaw": [0.5, 1e-06, 0.1], "k_pid_hsp": [0.19341746539227503, 0.0, 0.0], "k_pid_vsp": [59.18200191700015, 26.683474354789265, 1e-06]}, "datetime": {"datetime": "2025-08-13 17:42:20", "elapsed": 28468.57574558258, "delta": 16.251495599746704}, "costs": {"total_cost": 192.37493014930178, "time_cost": 70.763, "final_distance_cost": 1.7960226876975267, "oscillation_cost": 29.804733626019676, "completition_cost": 0.0, "overshoot_cost": 50.87173359158769, "power_cost": 17.593060217285156, "noise_cost": 21.546380026711713, "n_waypoints_completed": 9, "tot_waypoints": 9}}
{"target": -186.7730885735598, "params": {"k_pid_pos": [1.1429715666317222, 0.0, 0.08675156463170867], "k_pid_alt": [1.6375269921541957, 0.0, 0.9222582612087726], "k_pid_att": [35.42144208628677, 3.423643555326297, 0.24674736386375756], "k_pid_yaw": [0.5, 1e-06, 0.1], "k_pid_hsp": [0.27290079812844353, 0.0, 0.0], "k_pid_vsp": [40.52598347908591, 22.0621406927864, 1e-06]}, "datetime": {"datetime": "2025-08-13 17:42:37", "elapsed": 28485.82576942444, "delta": 17.25002384185791}, "costs": {"total_cost": 186.7730885735598, "time_cost": 70.434, "final_distance_cost": 1.8400316248253965, "oscillation_cost": 29.497452625346483, "completition_cost": 0.0, "overshoot_cost": 50.454225944963405, "power_cost": 13.792928039550782, "noise_cost": 20.754450338873724, "n_waypoints_completed": 9, "tot_waypoints": 9}}
{"target": -180.01577092567427, "params": {"k_pid_pos": [1.151844640345201, 0.000491105309027403, 0.0843300779231198], "k_pid_alt": [1.6015132394353222, 0.0, 0.8124916476784052], "k_pid_att": [36.56464291132392, 3.5683289781753182, 0.22938550376107916], "k_pid_yaw": [0.5, 1e-06, 0.1], "k_pid_hsp": [0.25451823880980357, 0.0, 0.0], "k_pid_vsp": [86.57122010968985, 24.99044818806156, 1e-06]}, "datetime": {"datetime": "2025-08-13 17:42:54", "elapsed": 28502.727167606354, "delta": 16.901398181915283}, "costs": {"total_cost": 180.01577092567427, "time_cost": 70.203, "final_distance_cost": 1.8395314668223852, "oscillation_cost": 30.118685442115087, "completition_cost": 0.0, "overshoot_cost": 50.05043320642381, "power_cost": 8.818440991210938, "noise_cost": 18.98567981910207, "n_waypoints_completed": 9, "tot_waypoints": 9}}
