{"target": -207.98214080541123, "params": {"k_pid_pos": [1.1568324711220523, 0.0, 0.03887565579807804], "k_pid_alt": [1.6633872221035306, 0.0, 0.9691453303733591], "k_pid_att": [31.44662461902232, 3.1710449594912165, 0.15775242130546732], "k_pid_yaw": [0.5, 1e-06, 0.1], "k_pid_hsp": [0.33184835956002223, 0.0, 0.0], "k_pid_vsp": [117.97311608222395, 6.9171505669048585, 1e-06]}, "datetime": {"datetime": "2025-08-13 14:02:03", "elapsed": 15251.31985282898, "delta": 18.024425506591797}, "costs": {"total_cost": 207.98214080541123, "time_cost": 72.128, "final_distance_cost": 1.8245246635954913, "oscillation_cost": 31.008311248867663, "completition_cost": 0.0, "overshoot_cost": 52.38605790156833, "power_cost": 26.432971325683596, "noise_cost": 24.20227566569617, "n_waypoints_completed": 9, "tot_waypoints": 9}}
{"target": -188.83877020029982, "params": {"k_pid_pos": [1.1403906326376057, 0.0, 0.0], "k_pid_alt": [1.603336872782489, 0.0, 0.9709583251679456], "k_pid_att": [32.13052420185145, 4.173164896957523, 0.27057064915114065], "k_pid_yaw": [0.5, 1e-06, 0.1], "k_pid_hsp": [0.07820023121453545, 0.0, 0.0], "k_pid_vsp": [56.067662381777275, 10.685576927662204, 1e-06]}, "datetime": {"datetime": "2025-08-13 14:02:22", "elapsed": 15270.561334371567, "delta": 19.24148154258728}, "costs": {"total_cost": 188.83877020029982, "time_cost": 73.43, "final_distance_cost": 1.7850556478292647, "oscillation_cost": 26.529613813803795, "completition_cost": 0.0, "overshoot_cost": 52.752576957861955, "power_cost": 13.168222888183594, "noise_cost": 21.173300892621196, "n_waypoints_completed": 9, "tot_waypoints": 9}}
{"target": -225.99142037469198, "params": {"k_pid_pos": [0.8772602913448762, 0.03566031506711431, 0.6619444582501326], "k_pid_alt": [1.4895620416163453, 0.0, 0.9630229075340767], "k_pid_att": [23.65470787987844, 3.148742173868658, 0.18590739260688743], "k_pid_yaw": [0.5, 1e-06, 0.1], "k_pid_hsp": [0.5172114302129752, 0.0, 0.0], "k_pid_vsp": [214.9341724527422, 1e-06, 1e-06]}, "datetime": {"datetime": "2025-08-13 14:02:44", "elapsed": 15292.276238441467, "delta": 21.714904069900513}, "costs": {"total_cost": 225.99142037469198, "time_cost": 84.721, "final_distance_cost": 1.8499152869559101, "oscillation_cost": 26.772451282611442, "completition_cost": 0.0, "overshoot_cost": 54.267642059693166, "power_cost": 28.927399267578128, "noise_cost": 29.453012477853346, "n_waypoints_completed": 9, "tot_waypoints": 9}}
{"target": -200.73073744490765, "params": {"k_pid_pos": [1.0437877204793242, 0.010531940159572442, 0.0], "k_pid_alt": [1.58795046810168, 0.0, 0.9858849006972438], "k_pid_att": [28.035485438407022, 3.8798496456219564, 0.22375962277877573], "k_pid_yaw": [0.5, 1e-06, 0.1], "k_pid_hsp": [0.23540048497255547, 0.0, 0.0], "k_pid_vsp": [158.89135124717112, 5.097026481569767, 4.693689908128562]}, "datetime": {"datetime": "2025-08-13 14:03:02", "elapsed": 15310.640982627869, "delta": 18.364744186401367}, "costs": {"total_cost": 200.73073744490765, "time_cost": 74.046, "final_distance_cost": 1.8233615599799307, "oscillation_cost": 29.913361606324976, "completition_cost": 0.0, "overshoot_cost": 52.19216751109059, "power_cost": 19.772641784667968, "noise_cost": 22.983204982844164, "n_waypoints_completed": 9, "tot_waypoints": 9}}
{"target": -188.1538040876135, "params": {"k_pid_pos": [1.0819158262046566, 0.0, 0.0], "k_pid_alt": [1.7188292299974992, 0.0, 0.9768037524963804], "k_pid_att": [41.498877882598435, 3.202337549895922, 0.25576748114146824], "k_pid_yaw": [0.5, 1e-06, 0.1], "k_pid_hsp": [0.40995519246924794, 0.0, 0.0], "k_pid_vsp": [98.51466876414128, 9.414356742382616, 1e-06]}, "datetime": {"datetime": "2025-08-13 14:03:21", "elapsed": 15329.796668767929, "delta": 19.155686140060425}, "costs": {"total_cost": 188.1538040876135, "time_cost": 71.505, "final_distance_cost": 1.8357099543099769, "oscillation_cost": 30.399351959751993, "completition_cost": 0.0, "overshoot_cost": 51.287683980295895, "power_cost": 12.512585327148438, "noise_cost": 20.61347286610724, "n_waypoints_completed": 9, "tot_waypoints": 9}}
{"target": -212.90431804396968, "params": {"k_pid_pos": [1.7552912226485307, 0.0, 0.048958639892879935], "k_pid_alt": [1.5889890645034277, 0.0, 0.9751070247168572], "k_pid_att": [47.373807801042545, 3.1391314529568297, 0.2888397558947803], "k_pid_yaw": [0.5, 1e-06, 0.1], "k_pid_hsp": [0.13418300964391355, 0.0, 0.0], "k_pid_vsp": [87.69678426476992, 11.073853213995065, 1e-06]}, "datetime": {"datetime": "2025-08-13 14:03:41", "elapsed": 15349.293838977814, "delta": 19.497170209884644}, "costs": {"total_cost": 212.90431804396968, "time_cost": 75.97800000000001, "final_distance_cost": 1.754386526017348, "oscillation_cost": 34.04818942224307, "completition_cost": 0.0, "overshoot_cost": 53.44934996527682, "power_cost": 23.429466516113283, "noise_cost": 24.244925614319158, "n_waypoints_completed": 9, "tot_waypoints": 9}}
{"target": -212.71482034120135, "params": {"k_pid_pos": [0.9355763819700977, 0.0, 0.0], "k_pid_alt": [1.6609183182298677, 0.06778591098215565, 0.9831076145379628], "k_pid_att": [29.862546693057812, 2.9766484008193794, 0.14764848572421285], "k_pid_yaw": [0.5, 1e-06, 0.1], "k_pid_hsp": [0.15468947871861438, 0.03366418503157993, 0.0], "k_pid_vsp": [111.59531482395336, 1.4951153350171413, 5.4847599717094235]}, "datetime": {"datetime": "2025-08-13 14:04:02", "elapsed": 15370.667053461075, "delta": 21.37321448326111}, "costs": {"total_cost": 212.71482034120135, "time_cost": 81.739, "final_distance_cost": 1.8034705211113309, "oscillation_cost": 33.253449408098675, "completition_cost": 0.0, "overshoot_cost": 51.23296917721056, "power_cost": 19.843284130859377, "noise_cost": 24.842647103921365, "n_waypoints_completed": 9, "tot_waypoints": 9}}
{"target": -202.28218651611348, "params": {"k_pid_pos": [1.2632267340015408, 0.0, 0.028277691901876074], "k_pid_alt": [1.5661869714510195, 0.0, 0.9331384380307598], "k_pid_att": [11.820971971244262, 2.8235775141707515, 0.2925024604086641], "k_pid_yaw": [0.5, 1e-06, 0.1], "k_pid_hsp": [0.07385395713420057, 0.0, 0.0], "k_pid_vsp": [134.1242696587147, 4.65373910159174, 1.7568981915814579]}, "datetime": {"datetime": "2025-08-13 14:04:22", "elapsed": 15390.70270705223, "delta": 20.035653591156006}, "costs": {"total_cost": 202.28218651611348, "time_cost": 77.42, "final_distance_cost": 1.7840044690623502, "oscillation_cost": 28.088526802426838, "completition_cost": 0.0, "overshoot_cost": 53.658968897774585, "power_cost": 17.91419384765625, "noise_cost": 23.416492499193456, "n_waypoints_completed": 9, "tot_waypoints": 9}}
{"target": -196.57129864408802, "params": {"k_pid_pos": [1.0617476267910708, 0.0, 0.022696636781028297], "k_pid_alt": [1.5838121437240325, 0.0, 0.9655174939428115], "k_pid_att": [31.720102455779045, 2.859330007638747, 0.23743885332826897], "k_pid_yaw": [0.5, 1e-06, 0.1], "k_pid_hsp": [0.06349633351796796, 0.0, 0.0], "k_pid_vsp": [91.01139021812455, 7.463113078456786, 0.28632097528378747]}, "datetime": {"datetime": "2025-08-13 14:04:42", "elapsed": 15410.297414302826, "delta": 19.594707250595093}, "costs": {"total_cost": 196.57129864408802, "time_cost": 78.148, "final_distance_cost": 1.799586862004913, "oscillation_cost": 25.35575577626191, "completition_cost": 0.0, "overshoot_cost": 54.13662175148146, "power_cost": 14.381373583984375, "noise_cost": 22.749960670355346, "n_waypoints_completed": 9, "tot_waypoints": 9}}
{"target": -193.74749138296525, "params": {"k_pid_pos": [1.1054222052097986, 0.0, 0.0], "k_pid_alt": [1.5442190689601607, 0.0, 0.9811064521904527], "k_pid_att": [31.5868076684923, 2.9140079004695734, 0.10477096684539328], "k_pid_yaw": [0.5, 1e-06, 0.1], "k_pid_hsp": [0.19025449201355507, 0.0, 0.0], "k_pid_vsp": [104.01308163646144, 3.5067676500918545, 1e-06]}, "datetime": {"datetime": "2025-08-13 14:05:00", "elapsed": 15428.379471540451, "delta": 18.082057237625122}, "costs": {"total_cost": 193.74749138296525, "time_cost": 72.71600000000001, "final_distance_cost": 1.8160526588351718, "oscillation_cost": 29.96596823121274, "completition_cost": 0.0, "overshoot_cost": 52.13777723889799, "power_cost": 15.360494531250001, "noise_cost": 21.751198722769356, "n_waypoints_completed": 9, "tot_waypoints": 9}}
{"target": -410.3831112269552, "params": {"k_pid_pos": [0.9482600982101963, 0.020383283304277838, 0.193532278858782], "k_pid_alt": [1.5205390692928278, 0.05999953218249298, 0.8647340241375822], "k_pid_att": [6.33242167888077, 5.075008568111614, 0.2164458382218424], "k_pid_yaw": [0.5, 1e-06, 0.1], "k_pid_hsp": [0.0001, 0.6242867940817857, 0.20720673535173162], "k_pid_vsp": [245.49107550670973, 216.17567868587707, 151.23204196405823]}, "datetime": {"datetime": "2025-08-13 14:05:30", "elapsed": 15458.756616353989, "delta": 30.377144813537598}, "costs": {"total_cost": 410.3831112269552, "time_cost": 119.595, "final_distance_cost": 1.7858469469606009, "oscillation_cost": 153.11030381558857, "completition_cost": 0.0, "overshoot_cost": 61.2519750103758, "power_cost": 41.69411928710938, "noise_cost": 32.945866166920766, "n_waypoints_completed": 9, "tot_waypoints": 9}}
{"target": -190.02636303078938, "params": {"k_pid_pos": [1.0888228253375638, 0.0, 0.30794509666055125], "k_pid_alt": [1.4250093279738167, 0.0, 0.9982865025014245], "k_pid_att": [14.373662295244767, 0.2638211313498531, 0.2481502923719535], "k_pid_yaw": [0.5, 1e-06, 0.1], "k_pid_hsp": [0.3559729338207406, 0.057954667675366514, 0.0], "k_pid_vsp": [122.59597633358149, 3.9099218444177164, 1e-06]}, "datetime": {"datetime": "2025-08-13 14:05:49", "elapsed": 15477.690538406372, "delta": 18.933922052383423}, "costs": {"total_cost": 190.02636303078938, "time_cost": 74.27, "final_distance_cost": 1.8510537553306516, "oscillation_cost": 30.853017453972374, "completition_cost": 0.0, "overshoot_cost": 50.600011522693485, "power_cost": 11.46761064453125, "noise_cost": 20.984669654261637, "n_waypoints_completed": 9, "tot_waypoints": 9}}
{"target": -190.2308777990333, "params": {"k_pid_pos": [1.0505313102989782, 0.0, 0.04132990404183234], "k_pid_alt": [1.5476005802831934, 0.0, 0.9705141161837786], "k_pid_att": [31.614534151321568, 3.613873207826028, 0.22602977123408743], "k_pid_yaw": [0.5, 1e-06, 0.1], "k_pid_hsp": [0.36903355291676676, 0.0, 0.0], "k_pid_vsp": [133.8565716271781, 11.173164764337466, 1e-06]}, "datetime": {"datetime": "2025-08-13 14:06:08", "elapsed": 15496.292289018631, "delta": 18.60175061225891}, "costs": {"total_cost": 190.2308777990333, "time_cost": 72.009, "final_distance_cost": 1.8402608346948905, "oscillation_cost": 29.724683999305462, "completition_cost": 0.0, "overshoot_cost": 50.86319724076407, "power_cost": 14.393649011230469, "noise_cost": 21.400086713038416, "n_waypoints_completed": 9, "tot_waypoints": 9}}
{"target": -195.03015655793953, "params": {"k_pid_pos": [1.0380266154151463, 0.0, 0.0], "k_pid_alt": [1.5965139216966913, 0.0, 0.9667759710675625], "k_pid_att": [32.79754592607118, 3.4529110648588306, 0.23583952849271855], "k_pid_yaw": [0.5, 1e-06, 0.1], "k_pid_hsp": [0.34025746805656204, 0.0, 0.0], "k_pid_vsp": [130.73438463071426, 7.619994837898043, 1e-06]}, "datetime": {"datetime": "2025-08-13 14:06:28", "elapsed": 15516.519344806671, "delta": 20.22705578804016}, "costs": {"total_cost": 195.03015655793953, "time_cost": 72.21900000000001, "final_distance_cost": 1.8280749837968218, "oscillation_cost": 29.708938828896684, "completition_cost": 0.0, "overshoot_cost": 51.61889997155227, "power_cost": 17.53282723388672, "noise_cost": 22.122415539806997, "n_waypoints_completed": 9, "tot_waypoints": 9}}
{"target": -193.42655929051114, "params": {"k_pid_pos": [0.9851610965819089, 0.0020144887055702967, 0.04979465401734688], "k_pid_alt": [1.5559934460507479, 0.0, 0.9467372665188107], "k_pid_att": [30.55217091277853, 2.9552873840583125, 0.26823590893818183], "k_pid_yaw": [0.5, 1e-06, 0.1], "k_pid_hsp": [0.6581120682801891, 0.0, 0.0], "k_pid_vsp": [117.31165983565407, 11.298963728441652, 1e-06]}, "datetime": {"datetime": "2025-08-13 14:06:46", "elapsed": 15534.70040845871, "delta": 18.181063652038574}, "costs": {"total_cost": 193.42655929051114, "time_cost": 72.765, "final_distance_cost": 1.8527647058198928, "oscillation_cost": 29.52846284602311, "completition_cost": 0.0, "overshoot_cost": 51.03855707528156, "power_cost": 16.033710192871094, "noise_cost": 22.20806447051548, "n_waypoints_completed": 9, "tot_waypoints": 9}}
{"target": -208.89091867134758, "params": {"k_pid_pos": [1.2298409665460313, 0.0, 0.0], "k_pid_alt": [1.6278825698796817, 0.0, 0.9664246344215013], "k_pid_att": [28.623032479674205, 3.1221945103269193, 0.23359328265978507], "k_pid_yaw": [0.5, 1e-06, 0.1], "k_pid_hsp": [0.28257716718962406, 0.0, 0.0], "k_pid_vsp": [123.29867050536511, 7.077672148734127, 1e-06]}, "datetime": {"datetime": "2025-08-13 14:07:04", "elapsed": 15552.864746332169, "delta": 18.164337873458862}, "costs": {"total_cost": 208.89091867134758, "time_cost": 74.354, "final_distance_cost": 1.8146856337285755, "oscillation_cost": 31.943814207505785, "completition_cost": 0.0, "overshoot_cost": 52.4124330041015, "power_cost": 24.68763355712891, "noise_cost": 23.6783522688828, "n_waypoints_completed": 9, "tot_waypoints": 9}}
{"target": -198.69471670605685, "params": {"k_pid_pos": [0.7946364289233346, 0.0, 0.06937341939082975], "k_pid_alt": [1.6250965732451315, 0.0, 0.9352671655579077], "k_pid_att": [34.24112713925781, 3.441138141236303, 0.2503691299938395], "k_pid_yaw": [0.5, 1e-06, 0.1], "k_pid_hsp": [0.22540566827404182, 0.0, 0.0], "k_pid_vsp": [181.37530819320165, 1e-06, 1e-06]}, "datetime": {"datetime": "2025-08-13 14:07:23", "elapsed": 15571.163863897324, "delta": 18.29911756515503}, "costs": {"total_cost": 198.69471670605685, "time_cost": 74.305, "final_distance_cost": 1.847150833637924, "oscillation_cost": 26.250446085329234, "completition_cost": 0.0, "overshoot_cost": 52.03199346562675, "power_cost": 20.615600646972656, "noise_cost": 23.644525674490254, "n_waypoints_completed": 9, "tot_waypoints": 9}}
{"target": -190.17205989991712, "params": {"k_pid_pos": [1.149799855040221, 0.039589015231256935, 0.04757071886116361], "k_pid_alt": [1.65020329708064, 0.0, 0.8409450581276341], "k_pid_att": [25.82369355382561, 3.1991667073564374, 0.19196132674651803], "k_pid_yaw": [0.5, 1e-06, 0.1], "k_pid_hsp": [0.14424449097608882, 0.0, 0.0], "k_pid_vsp": [131.99198154724925, 6.89919780264468, 1e-06]}, "datetime": {"datetime": "2025-08-13 14:07:42", "elapsed": 15590.655874967575, "delta": 19.492011070251465}, "costs": {"total_cost": 190.17205989991712, "time_cost": 72.142, "final_distance_cost": 1.8127965527948164, "oscillation_cost": 29.086123707099336, "completition_cost": 0.0, "overshoot_cost": 51.905014129511784, "power_cost": 13.990570776367187, "noise_cost": 21.235554734144014, "n_waypoints_completed": 9, "tot_waypoints": 9}}
{"target": -194.4594595520369, "params": {"k_pid_pos": [0.8310010540625915, 0.0, 0.17733866809668458], "k_pid_alt": [1.5638007975885369, 0.0, 0.9617168613474499], "k_pid_att": [24.554676646358764, 2.9900286176024955, 0.11381332251051746], "k_pid_yaw": [0.5, 1e-06, 0.1], "k_pid_hsp": [0.2613864283907021, 0.0, 0.0], "k_pid_vsp": [133.94150520144507, 8.430732101211746, 1e-06]}, "datetime": {"datetime": "2025-08-13 14:08:01", "elapsed": 15609.854631662369, "delta": 19.1987566947937}, "costs": {"total_cost": 194.4594595520369, "time_cost": 75.026, "final_distance_cost": 1.8488388206372772, "oscillation_cost": 26.996008921948874, "completition_cost": 0.0, "overshoot_cost": 51.41228135105672, "power_cost": 16.11976287841797, "noise_cost": 23.056567579976083, "n_waypoints_completed": 9, "tot_waypoints": 9}}
{"target": -217.81508983544256, "params": {"k_pid_pos": [1.4244198356407605, 0.0, 0.0402260418423883], "k_pid_alt": [1.1303133171553734, 0.8098116924239702, 0.9757630781392536], "k_pid_att": [30.198407448549474, 2.8867915638781865, 0.22337005482285532], "k_pid_yaw": [0.5, 1e-06, 0.1], "k_pid_hsp": [0.9948863188295749, 0.0, 0.0], "k_pid_vsp": [127.2960539669692, 2.813432620618745, 0.5212124999286775]}, "datetime": {"datetime": "2025-08-13 14:08:24", "elapsed": 15631.987663269043, "delta": 22.133031606674194}, "costs": {"total_cost": 217.81508983544256, "time_cost": 87.241, "final_distance_cost": 1.773306424343499, "oscillation_cost": 36.399938794440054, "completition_cost": 0.0, "overshoot_cost": 54.56458976935265, "power_cost": 14.130233068847657, "noise_cost": 23.706021778458712, "n_waypoints_completed": 9, "tot_waypoints": 9}}
{"target": -194.67066878742762, "params": {"k_pid_pos": [1.0170684083926413, 0.0, 0.0020612370087414386], "k_pid_alt": [1.69392857713829, 0.0, 0.987702028028683], "k_pid_att": [30.460286002412154, 2.5474835689985555, 0.21494266074432677], "k_pid_yaw": [0.5, 1e-06, 0.1], "k_pid_hsp": [0.3170133719028063, 0.0, 0.0], "k_pid_vsp": [118.48207813973241, 3.6860116959763847, 1e-06]}, "datetime": {"datetime": "2025-08-13 14:08:42", "elapsed": 15650.27084350586, "delta": 18.283180236816406}, "costs": {"total_cost": 194.67066878742762, "time_cost": 72.296, "final_distance_cost": 1.8444642048625028, "oscillation_cost": 29.45462798431515, "completition_cost": 0.0, "overshoot_cost": 51.5834459816056, "power_cost": 17.130478576660156, "noise_cost": 22.361652039984204, "n_waypoints_completed": 9, "tot_waypoints": 9}}
{"target": -188.55836490867227, "params": {"k_pid_pos": [0.7475733162752279, 0.12440192555385163, 0.020974846379735824], "k_pid_alt": [1.6015520267286492, 0.0, 0.9693365544468675], "k_pid_att": [33.47902785597658, 2.323049429956149, 0.24044829481336616], "k_pid_yaw": [0.5, 1e-06, 0.1], "k_pid_hsp": [0.36745191012078493, 0.0, 0.0], "k_pid_vsp": [96.38872842171709, 6.099604857785772, 0.3056830332266673]}, "datetime": {"datetime": "2025-08-13 14:09:00", "elapsed": 15668.753910064697, "delta": 18.48306655883789}, "costs": {"total_cost": 188.55836490867227, "time_cost": 74.809, "final_distance_cost": 1.8366447642386328, "oscillation_cost": 26.985180406243707, "completition_cost": 0.0, "overshoot_cost": 52.020910963984896, "power_cost": 11.62888260498047, "noise_cost": 21.277746169224567, "n_waypoints_completed": 9, "tot_waypoints": 9}}
{"target": -191.24931315260727, "params": {"k_pid_pos": [1.1177536416469682, 0.0, 0.1294353880668163], "k_pid_alt": [1.5373187379564477, 0.0, 0.9698371870380558], "k_pid_att": [37.87914618594355, 2.8437300261413796, 0.237114338782311], "k_pid_yaw": [0.5, 1e-06, 0.1], "k_pid_hsp": [0.280371173170457, 0.0, 0.0], "k_pid_vsp": [92.10847315964529, 5.756979956323892, 1e-06]}, "datetime": {"datetime": "2025-08-13 14:09:21", "elapsed": 15689.31185388565, "delta": 20.55794382095337}, "costs": {"total_cost": 191.24931315260727, "time_cost": 72.268, "final_distance_cost": 1.830719044495676, "oscillation_cost": 29.288311024930188, "completition_cost": 0.0, "overshoot_cost": 51.133244758784, "power_cost": 15.06713416748047, "noise_cost": 21.661904156916943, "n_waypoints_completed": 9, "tot_waypoints": 9}}
{"target": -197.95293175759352, "params": {"k_pid_pos": [0.7567474501969108, 0.06005859207037228, 0.04695304948938584], "k_pid_alt": [1.3105103916005731, 0.0, 0.9742247403038158], "k_pid_att": [32.269413132838245, 2.6740114174050715, 0.2281517048913288], "k_pid_yaw": [0.5, 1e-06, 0.1], "k_pid_hsp": [0.2351432511654239, 0.0, 0.0], "k_pid_vsp": [122.92911953062904, 7.466833242797484, 1e-06]}, "datetime": {"datetime": "2025-08-13 14:09:40", "elapsed": 15708.388314008713, "delta": 19.076460123062134}, "costs": {"total_cost": 197.95293175759352, "time_cost": 75.901, "final_distance_cost": 1.83278078515022, "oscillation_cost": 26.24068812487538, "completition_cost": 0.0, "overshoot_cost": 52.11283805296076, "power_cost": 18.587569165039064, "noise_cost": 23.278055629568076, "n_waypoints_completed": 9, "tot_waypoints": 9}}
{"target": -188.99441103404965, "params": {"k_pid_pos": [1.14657717349679, 0.0, 0.0], "k_pid_alt": [1.6084938589486022, 0.0, 0.9756770304578901], "k_pid_att": [37.37153823821575, 3.2792664425713545, 0.4892993766868053], "k_pid_yaw": [0.5, 1e-06, 0.1], "k_pid_hsp": [0.2794588326096883, 0.0, 0.0], "k_pid_vsp": [94.59720913467552, 3.8039703780403356, 0.007271117362965331]}, "datetime": {"datetime": "2025-08-13 14:09:58", "elapsed": 15726.536836862564, "delta": 18.14852285385132}, "costs": {"total_cost": 188.99441103404965, "time_cost": 72.226, "final_distance_cost": 1.821216567861398, "oscillation_cost": 30.25298125145525, "completition_cost": 0.0, "overshoot_cost": 51.56436000013883, "power_cost": 12.562223193359376, "noise_cost": 20.567630021234788, "n_waypoints_completed": 9, "tot_waypoints": 9}}
{"target": -190.12704487719293, "params": {"k_pid_pos": [1.0676549914202325, 0.0, 0.05617812995268344], "k_pid_alt": [1.5595025833329241, 0.0, 0.967046098675911], "k_pid_att": [23.796112496808757, 2.094062865386949, 0.3290811274587246], "k_pid_yaw": [0.5, 1e-06, 0.1], "k_pid_hsp": [0.2092462245999135, 0.0, 0.0], "k_pid_vsp": [180.13646269520098, 11.267718445405439, 1e-06]}, "datetime": {"datetime": "2025-08-13 14:10:17", "elapsed": 15745.143450975418, "delta": 18.606614112854004}, "costs": {"total_cost": 190.12704487719293, "time_cost": 72.394, "final_distance_cost": 1.821231468222126, "oscillation_cost": 28.666328148226693, "completition_cost": 0.0, "overshoot_cost": 51.57346363642259, "power_cost": 14.40510897216797, "noise_cost": 21.266912652153565, "n_waypoints_completed": 9, "tot_waypoints": 9}}
