{"target": -188.91441230172575, "params": {"k_pid_pos": [1.1505568270262383, 0.0, 0.07166208640241493], "k_pid_alt": [1.7375338630592563, 0.0, 0.943100273327963], "k_pid_att": [41.48855093165165, 3.737779417308246, 0.2522585322385992], "k_pid_yaw": [0.5, 1e-06, 0.1], "k_pid_hsp": [0.25930663250659935, 0.0, 0.0], "k_pid_vsp": [116.0799534812236, 22.420984611700536, 1e-06]}, "datetime": {"datetime": "2025-08-13 17:11:04", "elapsed": 26592.458869457245, "delta": 17.349306106567383}, "costs": {"total_cost": 188.91441230172575, "time_cost": 70.882, "final_distance_cost": 1.8253898951028595, "oscillation_cost": 29.83739895414591, "completition_cost": 0.0, "overshoot_cost": 51.10232197597318, "power_cost": 14.229943103027344, "noise_cost": 21.037358373476444, "n_waypoints_completed": 9, "tot_waypoints": 9}}
{"target": -187.4499805456296, "params": {"k_pid_pos": [1.1542178641575114, 0.003151661585592913, 0.05262108173059424], "k_pid_alt": [1.6007045466560608, 0.0, 0.8736870277791521], "k_pid_att": [35.37829664211368, 3.688561580154881, 0.2456052788993134], "k_pid_yaw": [0.5, 1e-06, 0.1], "k_pid_hsp": [0.26731785987597545, 0.0, 0.0], "k_pid_vsp": [112.36218849068074, 6.698227443627777, 1e-06]}, "datetime": {"datetime": "2025-08-13 17:11:21", "elapsed": 26609.792174339294, "delta": 17.33330488204956}, "costs": {"total_cost": 187.4499805456296, "time_cost": 71.407, "final_distance_cost": 1.8170290897357855, "oscillation_cost": 29.999817166888445, "completition_cost": 0.0, "overshoot_cost": 51.23718015334201, "power_cost": 12.320454931640626, "noise_cost": 20.668499204022748, "n_waypoints_completed": 9, "tot_waypoints": 9}}
{"target": -188.62778122239135, "params": {"k_pid_pos": [1.1703765795670327, 0.0, 0.08328771277100276], "k_pid_alt": [1.7056292445828534, 0.0, 0.9332647407553234], "k_pid_att": [38.346033796870636, 3.364092370098623, 0.24391307475002846], "k_pid_yaw": [0.5, 1e-06, 0.1], "k_pid_hsp": [0.2362439707709132, 0.0, 0.0], "k_pid_vsp": [135.3383700807726, 20.50160512643243, 1e-06]}, "datetime": {"datetime": "2025-08-13 17:11:38", "elapsed": 26626.759534597397, "delta": 16.967360258102417}, "costs": {"total_cost": 188.62778122239135, "time_cost": 71.029, "final_distance_cost": 1.838604557362895, "oscillation_cost": 29.62355617775805, "completition_cost": 0.0, "overshoot_cost": 50.82284226193795, "power_cost": 14.331240698242189, "noise_cost": 20.982537527090283, "n_waypoints_completed": 9, "tot_waypoints": 9}}
{"target": -193.47031854826517, "params": {"k_pid_pos": [1.1608879500869356, 0.0, 0.08945571204380226], "k_pid_alt": [1.6293065653123608, 0.0, 0.9453452138890578], "k_pid_att": [37.42048932287177, 3.419906851932797, 0.2569084971541753], "k_pid_yaw": [0.5, 1e-06, 0.1], "k_pid_hsp": [0.2788306162812614, 0.0, 0.0], "k_pid_vsp": [139.21305681886645, 24.097448586213957, 1e-06]}, "datetime": {"datetime": "2025-08-13 17:11:56", "elapsed": 26644.151050806046, "delta": 17.39151620864868}, "costs": {"total_cost": 193.47031854826517, "time_cost": 72.009, "final_distance_cost": 1.8211706242818002, "oscillation_cost": 29.414111912794667, "completition_cost": 0.0, "overshoot_cost": 51.23427699945448, "power_cost": 17.155754748535156, "noise_cost": 21.836004263199065, "n_waypoints_completed": 9, "tot_waypoints": 9}}
{"target": -196.9941779404278, "params": {"k_pid_pos": [1.2243313315592022, 0.10204665308617242, 0.06809746486542499], "k_pid_alt": [1.647415398120387, 0.0, 0.9605974900340399], "k_pid_att": [23.386264779551105, 3.388111414148937, 0.2453155939719672], "k_pid_yaw": [0.5, 1e-06, 0.1], "k_pid_hsp": [0.25576467859697644, 0.019501199506073923, 0.0], "k_pid_vsp": [127.67817699910212, 30.64647468313084, 9.119028137175185]}, "datetime": {"datetime": "2025-08-13 17:12:13", "elapsed": 26660.989420890808, "delta": 16.838370084762573}, "costs": {"total_cost": 196.9941779404278, "time_cost": 71.547, "final_distance_cost": 1.7918230119376524, "oscillation_cost": 31.3844210955888, "completition_cost": 0.0, "overshoot_cost": 50.92594458111164, "power_cost": 21.046631579589846, "noise_cost": 20.298357672199835, "n_waypoints_completed": 9, "tot_waypoints": 9}}
{"target": -190.90037526540917, "params": {"k_pid_pos": [0.4796112543756863, 0.0, 0.017602053600158346], "k_pid_alt": [1.604594105631733, 0.0, 1.0], "k_pid_att": [38.335037391164555, 3.4095701484996837, 0.24547924247924205], "k_pid_yaw": [0.5, 1e-06, 0.1], "k_pid_hsp": [0.15513703746851595, 0.0, 0.0], "k_pid_vsp": [127.59484839326512, 26.915697394766692, 0.1257756281362259]}, "datetime": {"datetime": "2025-08-13 17:12:31", "elapsed": 26679.581765174866, "delta": 18.592344284057617}, "costs": {"total_cost": 190.90037526540917, "time_cost": 78.197, "final_distance_cost": 1.8492386325331551, "oscillation_cost": 21.94178853313364, "completition_cost": 0.0, "overshoot_cost": 51.83709381244668, "power_cost": 13.731331909179689, "noise_cost": 23.343922378115987, "n_waypoints_completed": 9, "tot_waypoints": 9}}
{"target": -200.30705929466774, "params": {"k_pid_pos": [1.1678475905408583, 0.0569508601958514, 0.024292353185625226], "k_pid_alt": [1.6032797801552738, 0.0, 0.9825680858857732], "k_pid_att": [32.59873404517405, 3.361065749209781, 0.271750489643908], "k_pid_yaw": [0.5, 1e-06, 0.1], "k_pid_hsp": [0.26443602674480027, 0.0, 0.0], "k_pid_vsp": [118.83662581033379, 15.152275175716412, 0.27379733723093636]}, "datetime": {"datetime": "2025-08-13 17:12:49", "elapsed": 26697.40553331375, "delta": 17.823768138885498}, "costs": {"total_cost": 200.30705929466774, "time_cost": 73.409, "final_distance_cost": 1.8125008347341027, "oscillation_cost": 31.31851043083484, "completition_cost": 0.0, "overshoot_cost": 51.46444836933568, "power_cost": 19.71466794433594, "noise_cost": 22.587931715427185, "n_waypoints_completed": 9, "tot_waypoints": 9}}
{"target": -185.9005295417379, "params": {"k_pid_pos": [1.1861024325720326, 0.0, 0.06518588714583476], "k_pid_alt": [1.6909129951155404, 0.0, 0.9603693653578744], "k_pid_att": [36.51542519088667, 3.2801438064956163, 0.25081877163191824], "k_pid_yaw": [0.5, 1e-06, 0.1], "k_pid_hsp": [0.25369171099056803, 0.0, 0.0], "k_pid_vsp": [143.271287761431, 22.428749618426274, 1e-06]}, "datetime": {"datetime": "2025-08-13 17:13:06", "elapsed": 26714.28808069229, "delta": 16.88254737854004}, "costs": {"total_cost": 185.9005295417379, "time_cost": 70.903, "final_distance_cost": 1.8144968130578485, "oscillation_cost": 30.141574904186744, "completition_cost": 0.0, "overshoot_cost": 50.819605831925664, "power_cost": 11.948473999023438, "noise_cost": 20.273377993544223, "n_waypoints_completed": 9, "tot_waypoints": 9}}
{"target": -192.95485764928392, "params": {"k_pid_pos": [1.1662742946565758, 0.0, 0.02985332064064348], "k_pid_alt": [1.654584698271791, 0.0, 0.9397559547891255], "k_pid_att": [44.77070179170383, 2.7793526469568275, 0.24982145061628996], "k_pid_yaw": [0.5, 1e-06, 0.1], "k_pid_hsp": [0.20922134137544343, 0.0, 0.0], "k_pid_vsp": [103.10908209186789, 38.53361119954672, 1e-06]}, "datetime": {"datetime": "2025-08-13 17:13:23", "elapsed": 26731.75187921524, "delta": 17.46379852294922}, "costs": {"total_cost": 192.95485764928392, "time_cost": 71.148, "final_distance_cost": 1.8056973217776844, "oscillation_cost": 29.627084992952863, "completition_cost": 0.0, "overshoot_cost": 51.26827425545911, "power_cost": 17.484518530273437, "noise_cost": 21.62128254882082, "n_waypoints_completed": 9, "tot_waypoints": 9}}
{"target": -187.74918786401952, "params": {"k_pid_pos": [1.5349940981313155, 0.0, 0.1872738555427883], "k_pid_alt": [1.685490751486208, 0.0, 0.9835597208793733], "k_pid_att": [26.835877683073008, 3.4713521104454914, 0.22306104973492769], "k_pid_yaw": [0.5, 1e-06, 0.1], "k_pid_hsp": [0.3475976050220685, 0.017166770404473956, 0.0], "k_pid_vsp": [180.30115541942519, 16.25624120422212, 1e-06]}, "datetime": {"datetime": "2025-08-13 17:13:41", "elapsed": 26749.065032958984, "delta": 17.313153743743896}, "costs": {"total_cost": 187.74918786401952, "time_cost": 70.812, "final_distance_cost": 1.7929716549175008, "oscillation_cost": 31.534327335148426, "completition_cost": 0.0, "overshoot_cost": 50.867427685825426, "power_cost": 12.556063244628907, "noise_cost": 20.186397943499262, "n_waypoints_completed": 9, "tot_waypoints": 9}}
{"target": -182.5991632765655, "params": {"k_pid_pos": [1.182320440145941, 0.0, 0.08043859370074988], "k_pid_alt": [1.6156030415558948, 0.0, 0.9419881593917997], "k_pid_att": [35.42861179267735, 3.354839910583436, 0.24979648489955655], "k_pid_yaw": [0.5, 1e-06, 0.1], "k_pid_hsp": [0.21556548937038386, 0.0, 0.0], "k_pid_vsp": [130.52128022542587, 23.29597177124647, 1e-06]}, "datetime": {"datetime": "2025-08-13 17:13:58", "elapsed": 26766.308819055557, "delta": 17.243786096572876}, "costs": {"total_cost": 182.5991632765655, "time_cost": 71.008, "final_distance_cost": 1.8263444707069978, "oscillation_cost": 29.89469069967027, "completition_cost": 0.0, "overshoot_cost": 50.61292583831768, "power_cost": 9.951754833984376, "noise_cost": 19.305447433886155, "n_waypoints_completed": 9, "tot_waypoints": 9}}
{"target": -186.64285807757608, "params": {"k_pid_pos": [1.1510819331341737, 0.0, 0.0981528059910333], "k_pid_alt": [1.6275517476377321, 0.0, 0.9450278755544826], "k_pid_att": [36.40656723859493, 3.6765724625557894, 0.2490725949165939], "k_pid_yaw": [0.5, 1e-06, 0.1], "k_pid_hsp": [0.2488175860971245, 0.0, 0.0], "k_pid_vsp": [116.06347885448079, 31.6444546275247, 1e-06]}, "datetime": {"datetime": "2025-08-13 17:14:15", "elapsed": 26783.235758781433, "delta": 16.926939725875854}, "costs": {"total_cost": 186.64285807757608, "time_cost": 70.812, "final_distance_cost": 1.8260704559445786, "oscillation_cost": 29.50016501973253, "completition_cost": 0.0, "overshoot_cost": 50.519303178335285, "power_cost": 13.321002844238281, "noise_cost": 20.664316579325405, "n_waypoints_completed": 9, "tot_waypoints": 9}}
{"target": -185.52152922656578, "params": {"k_pid_pos": [1.3221173129135086, 0.0, 0.07890929022858752], "k_pid_alt": [1.6435185236553669, 0.0, 0.9443493491769476], "k_pid_att": [36.106739246238966, 3.6095717544360673, 0.6945636316399942], "k_pid_yaw": [0.5, 1e-06, 0.1], "k_pid_hsp": [0.2350695742044427, 0.0, 0.0], "k_pid_vsp": [125.48984409135036, 24.688675668027425, 1e-06]}, "datetime": {"datetime": "2025-08-13 17:14:32", "elapsed": 26800.253876686096, "delta": 17.018117904663086}, "costs": {"total_cost": 185.52152922656578, "time_cost": 70.497, "final_distance_cost": 1.8255949954891448, "oscillation_cost": 30.542386129366605, "completition_cost": 0.0, "overshoot_cost": 50.763891490442106, "power_cost": 11.89813006591797, "noise_cost": 19.99452654534998, "n_waypoints_completed": 9, "tot_waypoints": 9}}
{"target": -197.7458126153697, "params": {"k_pid_pos": [0.5741828957437505, 0.0, 0.08548270582385359], "k_pid_alt": [1.6516252079230715, 0.0, 0.9451251544069027], "k_pid_att": [35.81978837064856, 3.3597203827172812, 0.2293822851729435], "k_pid_yaw": [0.5, 1e-06, 0.1], "k_pid_hsp": [0.26578107573473764, 0.0, 0.0], "k_pid_vsp": [124.27362844081765, 23.499364423729126, 1e-06]}, "datetime": {"datetime": "2025-08-13 17:14:51", "elapsed": 26819.904762268066, "delta": 19.650885581970215}, "costs": {"total_cost": 197.7458126153697, "time_cost": 79.499, "final_distance_cost": 1.8500180841646612, "oscillation_cost": 25.09886895473708, "completition_cost": 0.0, "overshoot_cost": 51.91291226053307, "power_cost": 14.965975207519532, "noise_cost": 24.419038108415336, "n_waypoints_completed": 9, "tot_waypoints": 9}}
{"target": -189.33372033198535, "params": {"k_pid_pos": [1.1639451225737076, 0.0, 0.08236179787426552], "k_pid_alt": [1.6280700415332694, 0.0, 0.9432599968620418], "k_pid_att": [36.55533685360523, 3.366394351933749, 0.2499568512404172], "k_pid_yaw": [0.5, 1e-06, 0.1], "k_pid_hsp": [0.24230815701480762, 0.0, 0.0], "k_pid_vsp": [121.16616620130088, 20.593040641338114, 1e-06]}, "datetime": {"datetime": "2025-08-13 17:15:09", "elapsed": 26837.226823568344, "delta": 17.32206130027771}, "costs": {"total_cost": 189.33372033198535, "time_cost": 71.295, "final_distance_cost": 1.8349249022348888, "oscillation_cost": 29.663583614209678, "completition_cost": 0.0, "overshoot_cost": 51.360789376525226, "power_cost": 14.174462707519531, "noise_cost": 21.004959731496033, "n_waypoints_completed": 9, "tot_waypoints": 9}}
{"target": -188.3873088540484, "params": {"k_pid_pos": [1.155187013136451, 0.0009850489023732526, 0.07988274232759207], "k_pid_alt": [1.6006509727543834, 0.0, 0.7908610080786627], "k_pid_att": [36.38966132960459, 3.343550731790698, 0.26300019739629515], "k_pid_yaw": [0.5, 1e-06, 0.1], "k_pid_hsp": [0.27868611883313976, 0.0, 0.0], "k_pid_vsp": [123.39302105655338, 23.817799852889003, 1e-06]}, "datetime": {"datetime": "2025-08-13 17:15:26", "elapsed": 26854.297427654266, "delta": 17.07060408592224}, "costs": {"total_cost": 188.3873088540484, "time_cost": 70.742, "final_distance_cost": 1.8381028111567803, "oscillation_cost": 29.9192789592197, "completition_cost": 0.0, "overshoot_cost": 50.66713174046683, "power_cost": 14.218175073242188, "noise_cost": 21.002620269962918, "n_waypoints_completed": 9, "tot_waypoints": 9}}
{"target": -188.16417156605598, "params": {"k_pid_pos": [1.0420431118258762, 0.0, 0.07740063188752647], "k_pid_alt": [1.6452756904907748, 0.0, 0.9463551309265802], "k_pid_att": [34.692006357747914, 3.264575742292275, 0.25162558271025537], "k_pid_yaw": [0.5, 1e-06, 0.1], "k_pid_hsp": [0.2682950379242312, 0.0, 0.0], "k_pid_vsp": [130.09271502805916, 35.39722001388857, 1e-06]}, "datetime": {"datetime": "2025-08-13 17:15:43", "elapsed": 26871.23727607727, "delta": 16.93984842300415}, "costs": {"total_cost": 188.16417156605598, "time_cost": 71.239, "final_distance_cost": 1.828525347667551, "oscillation_cost": 28.634440238960735, "completition_cost": 0.0, "overshoot_cost": 50.62839713544433, "power_cost": 14.574394787597656, "noise_cost": 21.25941405638571, "n_waypoints_completed": 9, "tot_waypoints": 9}}
{"target": -189.1079711963788, "params": {"k_pid_pos": [1.1480787698610537, 0.0, 0.10851474557709129], "k_pid_alt": [1.841922286169423, 0.0, 0.9749224152489239], "k_pid_att": [37.22150901701479, 3.273634054068786, 0.2490397424998645], "k_pid_yaw": [0.5, 1e-06, 0.1], "k_pid_hsp": [0.28478411842448736, 0.0, 0.0], "k_pid_vsp": [126.82909190150396, 18.167787944838775, 1e-06]}, "datetime": {"datetime": "2025-08-13 17:16:00", "elapsed": 26888.178987026215, "delta": 16.941710948944092}, "costs": {"total_cost": 189.1079711963788, "time_cost": 70.917, "final_distance_cost": 1.8360267184653105, "oscillation_cost": 29.682653612903895, "completition_cost": 0.0, "overshoot_cost": 50.96451036032365, "power_cost": 14.509467053222657, "noise_cost": 21.198313451463285, "n_waypoints_completed": 9, "tot_waypoints": 9}}
{"target": -187.90065666103985, "params": {"k_pid_pos": [1.2552688000739192, 0.0, 0.10033644555325612], "k_pid_alt": [1.6364350364981015, 0.0, 0.9355860303951319], "k_pid_att": [36.57745058702215, 3.816052731872158, 0.24336133132646895], "k_pid_yaw": [0.5, 1e-06, 0.1], "k_pid_hsp": [0.2635802930711445, 0.0, 0.0], "k_pid_vsp": [121.89788625160098, 20.391014046350808, 1e-06]}, "datetime": {"datetime": "2025-08-13 17:16:17", "elapsed": 26905.243713617325, "delta": 17.06472659111023}, "costs": {"total_cost": 187.90065666103985, "time_cost": 71.134, "final_distance_cost": 1.8217042354978124, "oscillation_cost": 30.24779731789862, "completition_cost": 0.0, "overshoot_cost": 51.06868185327546, "power_cost": 13.013147033691407, "noise_cost": 20.615326220676543, "n_waypoints_completed": 9, "tot_waypoints": 9}}
{"target": -189.99946224642733, "params": {"k_pid_pos": [1.3122989420847997, 0.0, 0.12342404078633981], "k_pid_alt": [1.6704929586335084, 0.0, 0.925722517052528], "k_pid_att": [36.52339649095644, 3.5564787480857065, 0.2493952622139376], "k_pid_yaw": [0.5, 1e-06, 0.1], "k_pid_hsp": [0.27819162810498427, 0.0, 0.0], "k_pid_vsp": [136.74885679977734, 26.621918018741013, 1.0355304827059864]}, "datetime": {"datetime": "2025-08-13 17:16:34", "elapsed": 26922.01855158806, "delta": 16.774837970733643}, "costs": {"total_cost": 189.99946224642733, "time_cost": 70.84700000000001, "final_distance_cost": 1.8337343152729837, "oscillation_cost": 30.579335403469564, "completition_cost": 0.0, "overshoot_cost": 51.03438390884778, "power_cost": 14.774759057617189, "noise_cost": 20.9302495612198, "n_waypoints_completed": 9, "tot_waypoints": 9}}
{"target": -200.40492449735638, "params": {"k_pid_pos": [1.2078492898573168, 0.0, 0.20267062457026813], "k_pid_alt": [1.636357728528212, 0.0, 0.9469240476465305], "k_pid_att": [37.16464267787512, 3.2119923015341403, 0.26516634629839764], "k_pid_yaw": [0.5, 1e-06, 0.1], "k_pid_hsp": [0.2641596011886803, 0.0, 0.0], "k_pid_vsp": [62.5975656919151, 24.36562574892117, 1e-06]}, "datetime": {"datetime": "2025-08-13 17:16:50", "elapsed": 26938.855660915375, "delta": 16.837109327316284}, "costs": {"total_cost": 200.40492449735638, "time_cost": 71.393, "final_distance_cost": 1.8118800086988769, "oscillation_cost": 28.559359652647878, "completition_cost": 0.0, "overshoot_cost": 51.415975180015806, "power_cost": 22.56968563232422, "noise_cost": 24.655024023669604, "n_waypoints_completed": 9, "tot_waypoints": 9}}
{"target": -186.91274050654144, "params": {"k_pid_pos": [0.7641669078656996, 0.0, 0.013940439114336012], "k_pid_alt": [1.5923775827286322, 0.0, 0.9323098393265731], "k_pid_att": [36.27014505596291, 3.538280127201661, 0.2584029770767112], "k_pid_yaw": [0.5, 1e-06, 0.1], "k_pid_hsp": [0.26736994609020703, 0.0, 0.0], "k_pid_vsp": [139.72896898870374, 24.725675442594284, 1e-06]}, "datetime": {"datetime": "2025-08-13 17:17:08", "elapsed": 26956.042295455933, "delta": 17.18663454055786}, "costs": {"total_cost": 186.91274050654144, "time_cost": 73.07300000000001, "final_distance_cost": 1.8513488224632673, "oscillation_cost": 26.793384904393548, "completition_cost": 0.0, "overshoot_cost": 50.89839633736206, "power_cost": 12.884485754394532, "noise_cost": 21.412124687928017, "n_waypoints_completed": 9, "tot_waypoints": 9}}
{"target": -195.21869285497252, "params": {"k_pid_pos": [1.1984402634953486, 0.0, 0.08254386162309749], "k_pid_alt": [1.6178702678889305, 0.0, 0.9388770072020562], "k_pid_att": [34.239320824343245, 3.373571664471083, 0.29051311641236344], "k_pid_yaw": [0.5, 1e-06, 0.1], "k_pid_hsp": [0.2649126685720343, 0.0, 0.0], "k_pid_vsp": [112.86028083343673, 21.84583408409787, 1e-06]}, "datetime": {"datetime": "2025-08-13 17:17:24", "elapsed": 26972.530291080475, "delta": 16.487995624542236}, "costs": {"total_cost": 195.21869285497252, "time_cost": 71.666, "final_distance_cost": 1.8282680762332195, "oscillation_cost": 30.008783250222773, "completition_cost": 0.0, "overshoot_cost": 51.718929013455956, "power_cost": 18.034474536132812, "noise_cost": 21.96223797892775, "n_waypoints_completed": 9, "tot_waypoints": 9}}
{"target": -193.47327522190486, "params": {"k_pid_pos": [1.0057787457206417, 0.0, 0.22132997239842372], "k_pid_alt": [1.6532469878834786, 0.0, 0.9422868918613299], "k_pid_att": [28.836736316822652, 5.136039395727272, 0.25148750496132827], "k_pid_yaw": [0.5, 1e-06, 0.1], "k_pid_hsp": [0.0575660565776584, 0.0, 0.0], "k_pid_vsp": [134.6492919916021, 28.004305984657726, 1e-06]}, "datetime": {"datetime": "2025-08-13 17:17:42", "elapsed": 26990.730239868164, "delta": 18.19994878768921}, "costs": {"total_cost": 193.47327522190486, "time_cost": 77.413, "final_distance_cost": 1.8052077705063339, "oscillation_cost": 23.158524242396783, "completition_cost": 0.0, "overshoot_cost": 53.52540156031598, "power_cost": 14.7345341796875, "noise_cost": 22.836607468998274, "n_waypoints_completed": 9, "tot_waypoints": 9}}
{"target": -184.23136061965246, "params": {"k_pid_pos": [1.1974446115497854, 0.0, 0.10894006145306843], "k_pid_alt": [1.6278649551438809, 0.0, 0.9484560486468746], "k_pid_att": [36.81363754622231, 3.669002733427914, 0.29573363823112986], "k_pid_yaw": [0.5, 1e-06, 0.1], "k_pid_hsp": [0.2577149234369176, 0.0, 0.0], "k_pid_vsp": [127.13767473094607, 23.087770145964214, 1e-06]}, "datetime": {"datetime": "2025-08-13 17:17:59", "elapsed": 27007.051679849625, "delta": 16.32143998146057}, "costs": {"total_cost": 184.23136061965246, "time_cost": 70.84700000000001, "final_distance_cost": 1.8248089894389237, "oscillation_cost": 29.875554813792508, "completition_cost": 0.0, "overshoot_cost": 50.71046219562938, "power_cost": 11.063393823242189, "noise_cost": 19.910140797549445, "n_waypoints_completed": 9, "tot_waypoints": 9}}
{"target": -192.424349375648, "params": {"k_pid_pos": [1.14695263812533, 0.0, 0.08058020763458484], "k_pid_alt": [1.725535462175171, 0.0, 0.9433239037216478], "k_pid_att": [35.878595571906416, 3.6416475839698266, 0.25535134998933534], "k_pid_yaw": [0.5, 1e-06, 0.1], "k_pid_hsp": [0.2713588615168024, 0.0, 0.0], "k_pid_vsp": [129.653601443961, 22.292324012710434, 1e-06]}, "datetime": {"datetime": "2025-08-13 17:18:16", "elapsed": 27024.522265672684, "delta": 17.470585823059082}, "costs": {"total_cost": 192.424349375648, "time_cost": 71.61, "final_distance_cost": 1.8265509620934952, "oscillation_cost": 29.611912808784385, "completition_cost": 0.0, "overshoot_cost": 51.182269103602266, "power_cost": 16.540925219726564, "noise_cost": 21.652691281441296, "n_waypoints_completed": 9, "tot_waypoints": 9}}
