{"target": -196.13325744168947, "params": {"k_pid_pos": [1.7155216039952796, 0.0, 0.013221851402399057], "k_pid_alt": [1.5881563660188442, 0.0, 0.9552448550737276], "k_pid_att": [29.34615264085144, 0.0001, 0.2666195083768464], "k_pid_yaw": [0.5, 1e-06, 0.1], "k_pid_hsp": [0.23556633186036624, 0.0, 0.0], "k_pid_vsp": [147.96608556718348, 1e-06, 1e-06]}, "datetime": {"datetime": "2025-08-13 14:10:35", "elapsed": 15763.810766935349, "delta": 18.66731595993042}, "costs": {"total_cost": 196.13325744168947, "time_cost": 72.135, "final_distance_cost": 1.7882636268481422, "oscillation_cost": 33.137913758347786, "completition_cost": 0.0, "overshoot_cost": 51.6913619369617, "power_cost": 15.783068005371094, "noise_cost": 21.597650114160743, "n_waypoints_completed": 9, "tot_waypoints": 9}}
{"target": -191.01512542792898, "params": {"k_pid_pos": [1.0375522697008983, 0.0, 0.04344568496892168], "k_pid_alt": [1.3683758639240486, 0.0, 0.9668195778202122], "k_pid_att": [40.257105374660675, 3.3172306723219207, 0.2442945557678062], "k_pid_yaw": [0.5, 1e-06, 0.1], "k_pid_hsp": [0.28392179414467406, 0.0, 0.0], "k_pid_vsp": [132.05766345009675, 7.566647366897123, 1e-06]}, "datetime": {"datetime": "2025-08-13 14:10:53", "elapsed": 15781.795774459839, "delta": 17.985007524490356}, "costs": {"total_cost": 191.01512542792898, "time_cost": 73.024, "final_distance_cost": 1.833442865839256, "oscillation_cost": 29.201387737514917, "completition_cost": 0.0, "overshoot_cost": 51.0692837398697, "power_cost": 14.513706701660157, "noise_cost": 21.373304383044943, "n_waypoints_completed": 9, "tot_waypoints": 9}}
{"target": -186.74245778530357, "params": {"k_pid_pos": [1.1423815827392838, 0.0, 0.04144278731513831], "k_pid_alt": [1.5985464101124567, 0.0, 0.984786392311164], "k_pid_att": [30.67758414485256, 3.0387174686593785, 0.23632264244870604], "k_pid_yaw": [0.5, 1e-06, 0.1], "k_pid_hsp": [0.17690070720664086, 0.0, 0.0], "k_pid_vsp": [122.40829089865736, 7.705432338112197, 1e-06]}, "datetime": {"datetime": "2025-08-13 14:11:11", "elapsed": 15799.603431463242, "delta": 17.80765700340271}, "costs": {"total_cost": 186.74245778530357, "time_cost": 71.93900000000001, "final_distance_cost": 1.8107926550984108, "oscillation_cost": 29.501809909345617, "completition_cost": 0.0, "overshoot_cost": 51.482401707714345, "power_cost": 11.599805810546876, "noise_cost": 20.408647702598326, "n_waypoints_completed": 9, "tot_waypoints": 9}}
{"target": -193.2710936384206, "params": {"k_pid_pos": [0.8481272839137024, 0.0, 0.09715561800134548], "k_pid_alt": [1.6287763467120868, 0.0, 0.9705441329353284], "k_pid_att": [32.31673269434, 1.9454257241579238, 0.26217821801842783], "k_pid_yaw": [0.5, 1e-06, 0.1], "k_pid_hsp": [0.34269259290971765, 0.0, 0.0], "k_pid_vsp": [124.90861191975839, 8.808297767000424, 1e-06]}, "datetime": {"datetime": "2025-08-13 14:11:31", "elapsed": 15819.043961763382, "delta": 19.44053030014038}, "costs": {"total_cost": 193.2710936384206, "time_cost": 74.123, "final_distance_cost": 1.8513314157223002, "oscillation_cost": 27.43509664439267, "completition_cost": 0.0, "overshoot_cost": 51.5853232100456, "power_cost": 15.761162414550782, "noise_cost": 22.51517995370925, "n_waypoints_completed": 9, "tot_waypoints": 9}}
{"target": -190.2464074106718, "params": {"k_pid_pos": [1.103749959550559, 0.0, 0.038498662080862715], "k_pid_alt": [1.603812002675391, 0.0, 0.9626714333484356], "k_pid_att": [31.485163708540878, 3.1428863055791973, 0.23008311491279998], "k_pid_yaw": [0.5, 1e-06, 0.1], "k_pid_hsp": [0.2601545390353625, 0.0, 0.0], "k_pid_vsp": [119.8671660213743, 6.976583423348082, 1e-06]}, "datetime": {"datetime": "2025-08-13 14:11:49", "elapsed": 15837.345428466797, "delta": 18.301466703414917}, "costs": {"total_cost": 190.2464074106718, "time_cost": 71.89, "final_distance_cost": 1.8230976719427854, "oscillation_cost": 29.665525801833073, "completition_cost": 0.0, "overshoot_cost": 51.25396315231601, "power_cost": 14.360096875, "noise_cost": 21.253723909579907, "n_waypoints_completed": 9, "tot_waypoints": 9}}
{"target": -192.53800487833004, "params": {"k_pid_pos": [1.104920661561935, 0.0, 0.031938306345908954], "k_pid_alt": [1.6118078713977384, 0.0, 0.9669522602597848], "k_pid_att": [31.174147183591682, 3.182763838166193, 0.25488285609725064], "k_pid_yaw": [0.5, 1e-06, 0.1], "k_pid_hsp": [0.2765881833674284, 0.0, 0.0], "k_pid_vsp": [87.96487847368037, 10.74806958783441, 1e-06]}, "datetime": {"datetime": "2025-08-13 14:12:07", "elapsed": 15855.141570806503, "delta": 17.79614233970642}, "costs": {"total_cost": 192.53800487833004, "time_cost": 72.009, "final_distance_cost": 1.8331255954489543, "oscillation_cost": 29.769067639680227, "completition_cost": 0.0, "overshoot_cost": 51.49949353971647, "power_cost": 15.807146911621095, "noise_cost": 21.620171191863314, "n_waypoints_completed": 9, "tot_waypoints": 9}}
{"target": -194.86985691833127, "params": {"k_pid_pos": [1.0314573063280108, 0.22443478521284607, 0.5366300690965452], "k_pid_alt": [1.2155435702638395, 0.0, 0.9714158620848679], "k_pid_att": [39.613173388104016, 2.787153107580798, 0.2537933632261813], "k_pid_yaw": [0.5, 1e-06, 0.1], "k_pid_hsp": [0.35626867562347647, 0.0, 0.0], "k_pid_vsp": [146.7178104878479, 6.687738659013088, 1e-06]}, "datetime": {"datetime": "2025-08-13 14:12:26", "elapsed": 15874.757489681244, "delta": 19.6159188747406}, "costs": {"total_cost": 194.86985691833127, "time_cost": 78.183, "final_distance_cost": 1.8284236889395227, "oscillation_cost": 26.865257750491594, "completition_cost": 0.0, "overshoot_cost": 51.909967154196096, "power_cost": 13.789174853515625, "noise_cost": 22.294033471188452, "n_waypoints_completed": 9, "tot_waypoints": 9}}
{"target": -193.04292120602702, "params": {"k_pid_pos": [1.092752211667098, 0.04219726456260711, 0.0], "k_pid_alt": [2.0, 0.0, 1.0], "k_pid_att": [29.430275386233912, 3.4879232714205615, 0.20610095154994879], "k_pid_yaw": [0.5, 1e-06, 0.1], "k_pid_hsp": [0.19200241372429117, 0.0, 0.0], "k_pid_vsp": [190.1449997984942, 3.7039749926576464, 0.040149305396114165]}, "datetime": {"datetime": "2025-08-13 14:12:44", "elapsed": 15892.414055585861, "delta": 17.65656590461731}, "costs": {"total_cost": 193.04292120602702, "time_cost": 71.652, "final_distance_cost": 1.7960105785747478, "oscillation_cost": 29.54863215625756, "completition_cost": 0.0, "overshoot_cost": 51.59462513478104, "power_cost": 16.618840087890625, "noise_cost": 21.832813248523067, "n_waypoints_completed": 9, "tot_waypoints": 9}}
{"target": -188.22479109062724, "params": {"k_pid_pos": [0.8348468175629578, 0.0, 0.029676815212063206], "k_pid_alt": [1.6225849605581721, 0.0, 0.965064320607547], "k_pid_att": [54.90916493809411, 3.1246324320516377, 0.26464733190542095], "k_pid_yaw": [0.5, 1e-06, 0.1], "k_pid_hsp": [0.3922385143051495, 0.0, 0.0], "k_pid_vsp": [136.49527430376654, 5.614843291930011, 1e-06]}, "datetime": {"datetime": "2025-08-13 14:13:04", "elapsed": 15912.001578092575, "delta": 19.587522506713867}, "costs": {"total_cost": 188.22479109062724, "time_cost": 73.794, "final_distance_cost": 1.8455370418807888, "oscillation_cost": 28.944949806927397, "completition_cost": 0.0, "overshoot_cost": 51.12938867291988, "power_cost": 11.383314233398439, "noise_cost": 21.127601335500742, "n_waypoints_completed": 9, "tot_waypoints": 9}}
{"target": -191.453584655957, "params": {"k_pid_pos": [1.521252856403545, 0.0, 0.037368844303784156], "k_pid_alt": [1.5906265784940918, 0.0, 0.9646806005831345], "k_pid_att": [43.73120469909867, 2.9929150193198715, 0.24848274184080527], "k_pid_yaw": [0.5, 1e-06, 0.1], "k_pid_hsp": [0.29355115994953696, 0.0, 0.0], "k_pid_vsp": [98.19757341876753, 10.299178938743486, 1e-06]}, "datetime": {"datetime": "2025-08-13 14:13:22", "elapsed": 15930.398962259293, "delta": 18.39738416671753}, "costs": {"total_cost": 191.453584655957, "time_cost": 71.568, "final_distance_cost": 1.797154539051846, "oscillation_cost": 32.09765353431812, "completition_cost": 0.0, "overshoot_cost": 51.479060278385795, "power_cost": 13.855273876953126, "noise_cost": 20.65644242724813, "n_waypoints_completed": 9, "tot_waypoints": 9}}
{"target": -1216.4484821374378, "params": {"k_pid_pos": [0.9140229774912171, 0.015721500967270256, 0.017070060358847873], "k_pid_alt": [1.6657812579962463, 0.0, 1.0], "k_pid_att": [31.26945762275628, 3.0316927380280316, 0.24710738057628706], "k_pid_yaw": [0.5, 1e-06, 0.1], "k_pid_hsp": [0.0001, 0.04219223547558118, 0.0], "k_pid_vsp": [126.17008696300316, 2.324629740754127, 6.102924864336139]}, "datetime": {"datetime": "2025-08-13 14:13:52", "elapsed": 15960.294603347778, "delta": 29.895641088485718}, "costs": {"total_cost": 1216.4484821374378, "time_cost": 150, "final_distance_cost": 94.09365538356813, "oscillation_cost": 27.029594118060807, "completition_cost": 777.7777777777778, "overshoot_cost": 97.0931690670238, "power_cost": 34.67941064453125, "noise_cost": 35.77487514647606, "n_waypoints_completed": 2, "tot_waypoints": 9}}
{"target": -186.5506217806237, "params": {"k_pid_pos": [1.5343038771752247, 0.0, 0.029209957855003285], "k_pid_alt": [1.5770349106963846, 0.0, 0.9335937676067056], "k_pid_att": [16.65685125297817, 3.0516434132073624, 0.3307440121404509], "k_pid_yaw": [0.5, 1e-06, 0.1], "k_pid_hsp": [0.10353004263041603, 0.0, 0.0], "k_pid_vsp": [167.4040375196447, 6.979742093506479, 1e-06]}, "datetime": {"datetime": "2025-08-13 14:14:10", "elapsed": 15978.18540096283, "delta": 17.89079761505127}, "costs": {"total_cost": 186.5506217806237, "time_cost": 72.807, "final_distance_cost": 1.787982018757424, "oscillation_cost": 30.780550621900815, "completition_cost": 0.0, "overshoot_cost": 51.93406498474914, "power_cost": 9.529428002929688, "noise_cost": 19.711596152286628, "n_waypoints_completed": 9, "tot_waypoints": 9}}
{"target": -195.62615106505126, "params": {"k_pid_pos": [0.9655614474877348, 0.030165740994243663, 0.01413582121224153], "k_pid_alt": [1.6267123838039852, 0.0, 0.9692226029293183], "k_pid_att": [17.83862659552884, 2.4700747356866004, 0.2119118744317666], "k_pid_yaw": [0.5, 1e-06, 0.1], "k_pid_hsp": [0.7199636247177583, 0.0, 0.0], "k_pid_vsp": [122.91208502085514, 6.915171162344597, 1e-06]}, "datetime": {"datetime": "2025-08-13 14:14:31", "elapsed": 15999.460425376892, "delta": 21.2750244140625}, "costs": {"total_cost": 195.62615106505126, "time_cost": 72.66, "final_distance_cost": 1.8343792714569782, "oscillation_cost": 30.617152600544124, "completition_cost": 0.0, "overshoot_cost": 51.53106135645355, "power_cost": 16.639960095214846, "noise_cost": 22.343597741381753, "n_waypoints_completed": 9, "tot_waypoints": 9}}
{"target": -199.47192862408087, "params": {"k_pid_pos": [1.2016614468444544, 0.0, 0.013540422159673457], "k_pid_alt": [1.7889970346652742, 0.0, 0.9771859507722337], "k_pid_att": [31.684129573361236, 4.515773905589756, 0.16296260284773584], "k_pid_yaw": [0.5, 1e-06, 0.1], "k_pid_hsp": [0.24613253547605604, 0.0, 0.0], "k_pid_vsp": [78.96518150381648, 5.679927545897723, 1e-06]}, "datetime": {"datetime": "2025-08-13 14:14:48", "elapsed": 16016.859917163849, "delta": 17.399491786956787}, "costs": {"total_cost": 199.47192862408087, "time_cost": 72.436, "final_distance_cost": 1.7976985752078105, "oscillation_cost": 30.34218249653186, "completition_cost": 0.0, "overshoot_cost": 52.081342996517385, "power_cost": 19.865079882812502, "noise_cost": 22.949624673011318, "n_waypoints_completed": 9, "tot_waypoints": 9}}
{"target": -1372.5871914229033, "params": {"k_pid_pos": [1.1403679769308948, 0.0018922312543282818, 0.01701386814810779], "k_pid_alt": [1.7091490418924624, 0.032885132427484476, 0.9572886804574705], "k_pid_att": [9.081704741717335, 3.3785689471248332, 0.22842964152034495], "k_pid_yaw": [0.5, 1e-06, 0.1], "k_pid_hsp": [0.0001, 1.0, 0.0], "k_pid_vsp": [45.6289338137083, 1e-06, 1e-06]}, "datetime": {"datetime": "2025-08-13 14:15:19", "elapsed": 16046.999646663666, "delta": 30.139729499816895}, "costs": {"total_cost": 1372.5871914229033, "time_cost": 150, "final_distance_cost": 66.65696108978369, "oscillation_cost": 103.72070756903197, "completition_cost": 888.8888888888888, "overshoot_cost": 93.2113342418566, "power_cost": 34.25817357177735, "noise_cost": 35.85112606156497, "n_waypoints_completed": 1, "tot_waypoints": 9}}
{"target": -192.88745738279565, "params": {"k_pid_pos": [1.1200849889448157, 0.0, 0.2909581370371446], "k_pid_alt": [1.4743450597526768, 0.0, 0.9812800604368757], "k_pid_att": [18.440015921649426, 4.17249753796711, 0.23463353197964462], "k_pid_yaw": [0.5, 1e-06, 0.1], "k_pid_hsp": [0.34661690133802175, 0.01240603578683562, 0.0], "k_pid_vsp": [142.35624327252197, 4.185715638408233, 1e-06]}, "datetime": {"datetime": "2025-08-13 14:15:39", "elapsed": 16067.539469957352, "delta": 20.539823293685913}, "costs": {"total_cost": 192.88745738279565, "time_cost": 73.577, "final_distance_cost": 1.8428835427397463, "oscillation_cost": 29.6993746125924, "completition_cost": 0.0, "overshoot_cost": 50.861439425814865, "power_cost": 14.863259289550783, "noise_cost": 22.043500512097832, "n_waypoints_completed": 9, "tot_waypoints": 9}}
{"target": -192.08511613555126, "params": {"k_pid_pos": [1.0143686726967422, 0.0, 0.025378140797927558], "k_pid_alt": [1.5584483547488552, 0.0, 0.96895834329374], "k_pid_att": [31.145173287952524, 3.2990739944559913, 0.24773849786739724], "k_pid_yaw": [0.5, 1e-06, 0.1], "k_pid_hsp": [0.34822341803382995, 0.0, 0.0], "k_pid_vsp": [134.30440637122214, 8.736787573657361, 1e-06]}, "datetime": {"datetime": "2025-08-13 14:15:57", "elapsed": 16085.277784585953, "delta": 17.738314628601074}, "costs": {"total_cost": 192.08511613555126, "time_cost": 72.45700000000001, "final_distance_cost": 1.8366912114663432, "oscillation_cost": 29.441177373434936, "completition_cost": 0.0, "overshoot_cost": 51.08891943922441, "power_cost": 15.42055107421875, "noise_cost": 21.840777037206827, "n_waypoints_completed": 9, "tot_waypoints": 9}}
{"target": -186.88601651271708, "params": {"k_pid_pos": [1.1190259556523112, 0.0, 0.03808529791450975], "k_pid_alt": [1.6091907648317918, 0.0, 0.9628868114335893], "k_pid_att": [34.36804541572427, 2.1399032335365513, 0.21389929801603205], "k_pid_yaw": [0.5, 1e-06, 0.1], "k_pid_hsp": [0.4276240073384498, 0.0, 0.0], "k_pid_vsp": [94.57633934606537, 6.620644656816021, 1e-06]}, "datetime": {"datetime": "2025-08-13 14:16:15", "elapsed": 16103.267836093903, "delta": 17.99005150794983}, "costs": {"total_cost": 186.88601651271708, "time_cost": 71.70100000000001, "final_distance_cost": 1.8442233601225282, "oscillation_cost": 30.485644109529296, "completition_cost": 0.0, "overshoot_cost": 50.79293077196895, "power_cost": 11.710703881835938, "noise_cost": 20.351514389260362, "n_waypoints_completed": 9, "tot_waypoints": 9}}
{"target": -196.58390809944916, "params": {"k_pid_pos": [1.1494807289247693, 0.013497436194238628, 0.04915501827426843], "k_pid_alt": [1.6270198737533952, 0.0, 0.9565745817231373], "k_pid_att": [31.84294909982225, 2.976242968773437, 0.1163161804249942], "k_pid_yaw": [0.5, 1e-06, 0.1], "k_pid_hsp": [0.2933686504579538, 0.0, 0.0], "k_pid_vsp": [114.23018645532862, 7.468629816553793, 1e-06]}, "datetime": {"datetime": "2025-08-13 14:16:33", "elapsed": 16121.390499830246, "delta": 18.122663736343384}, "costs": {"total_cost": 196.58390809944916, "time_cost": 73.255, "final_distance_cost": 1.816030657619146, "oscillation_cost": 31.193325554185186, "completition_cost": 0.0, "overshoot_cost": 51.32083165546113, "power_cost": 16.861850805664062, "noise_cost": 22.13686942651964, "n_waypoints_completed": 9, "tot_waypoints": 9}}
{"target": -187.65586253215972, "params": {"k_pid_pos": [0.8614940302946472, 0.0, 0.055554064533595196], "k_pid_alt": [1.6837581275236448, 0.0, 0.9831322712283943], "k_pid_att": [29.932179499322647, 3.174757444250219, 0.2233662807387002], "k_pid_yaw": [0.5, 1e-06, 0.1], "k_pid_hsp": [0.27598101918796564, 0.0, 0.0], "k_pid_vsp": [120.80661949788498, 5.7869599146489366, 1e-06]}, "datetime": {"datetime": "2025-08-13 14:16:51", "elapsed": 16139.41266489029, "delta": 18.022165060043335}, "costs": {"total_cost": 187.65586253215972, "time_cost": 73.234, "final_distance_cost": 1.84491074996092, "oscillation_cost": 27.705149674270988, "completition_cost": 0.0, "overshoot_cost": 51.875589211880786, "power_cost": 12.028314575195314, "noise_cost": 20.967898320851738, "n_waypoints_completed": 9, "tot_waypoints": 9}}
{"target": -180.2381348673351, "params": {"k_pid_pos": [1.1599632731922278, 0.0, 0.08407310394385119], "k_pid_alt": [1.6276730152906187, 0.0, 0.9426406849213972], "k_pid_att": [36.29811111740487, 3.3650639816695875, 0.249945045311561], "k_pid_yaw": [0.5, 1e-06, 0.1], "k_pid_hsp": [0.267523613986486, 0.0, 0.0], "k_pid_vsp": [125.32641848570483, 22.909666181979564, 1e-06]}, "datetime": {"datetime": "2025-08-13 14:17:09", "elapsed": 16157.72760939598, "delta": 18.31494450569153}, "costs": {"total_cost": 180.2381348673351, "time_cost": 70.728, "final_distance_cost": 1.8257305130656187, "oscillation_cost": 30.613181163035378, "completition_cost": 0.0, "overshoot_cost": 50.503782333538894, "power_cost": 8.092846997070312, "noise_cost": 18.4745938606249, "n_waypoints_completed": 9, "tot_waypoints": 9}}
{"target": -187.96006606107568, "params": {"k_pid_pos": [1.1301100834102902, 0.04908742591479165, 0.05978322862036768], "k_pid_alt": [1.5831825419669807, 0.0, 0.77302081313136], "k_pid_att": [29.779438016746184, 3.2183007460821713, 0.2371395041531072], "k_pid_yaw": [0.5, 1e-06, 0.1], "k_pid_hsp": [0.2646961257996391, 0.0, 0.0], "k_pid_vsp": [120.21398081519459, 7.256143966887214, 1e-06]}, "datetime": {"datetime": "2025-08-13 14:17:27", "elapsed": 16175.394224405289, "delta": 17.66661500930786}, "costs": {"total_cost": 187.96006606107568, "time_cost": 71.519, "final_distance_cost": 1.8034945745968611, "oscillation_cost": 29.83328841106814, "completition_cost": 0.0, "overshoot_cost": 51.17474149302396, "power_cost": 12.889374157714844, "noise_cost": 20.74016742467185, "n_waypoints_completed": 9, "tot_waypoints": 9}}
{"target": -190.03240761446298, "params": {"k_pid_pos": [0.8798854540915422, 0.0, 0.22712940599726872], "k_pid_alt": [1.5729379687888203, 0.0, 0.9730691895933741], "k_pid_att": [34.5142414960401, 2.9085131823443513, 0.2994447440954869], "k_pid_yaw": [0.5, 1e-06, 0.1], "k_pid_hsp": [0.27811833351867155, 0.0, 0.0], "k_pid_vsp": [141.5657630078787, 5.966834406787214, 1e-06]}, "datetime": {"datetime": "2025-08-13 14:17:46", "elapsed": 16194.105820417404, "delta": 18.71159601211548}, "costs": {"total_cost": 190.03240761446298, "time_cost": 75.145, "final_distance_cost": 1.850005705309545, "oscillation_cost": 26.838333473561086, "completition_cost": 0.0, "overshoot_cost": 51.49936030274972, "power_cost": 12.687217236328125, "noise_cost": 22.012490896514493, "n_waypoints_completed": 9, "tot_waypoints": 9}}
{"target": -205.54250704400212, "params": {"k_pid_pos": [1.2598482521028127, 0.0, 0.021223953722136306], "k_pid_alt": [1.2371697540974091, 0.044841391314685786, 0.9758636057019523], "k_pid_att": [30.75748701341243, 2.729979482046836, 0.21115148974891762], "k_pid_yaw": [0.5, 1e-06, 0.1], "k_pid_hsp": [0.5683374273846173, 0.0, 0.0], "k_pid_vsp": [105.08194228759643, 3.8851853519099517, 0.29991736130751545]}, "datetime": {"datetime": "2025-08-13 14:18:04", "elapsed": 16212.068055868149, "delta": 17.96223545074463}, "costs": {"total_cost": 205.54250704400212, "time_cost": 73.507, "final_distance_cost": 1.778327092325081, "oscillation_cost": 32.09811916853884, "completition_cost": 0.0, "overshoot_cost": 52.61402592564669, "power_cost": 21.918535485839843, "noise_cost": 23.626499371651658, "n_waypoints_completed": 9, "tot_waypoints": 9}}
{"target": -182.0410443404298, "params": {"k_pid_pos": [0.9338934643740477, 0.0, 0.04702729872843696], "k_pid_alt": [1.6795957273331938, 0.0, 0.9923561407765377], "k_pid_att": [30.301426962490897, 2.645627286173349, 0.22567897235792012], "k_pid_yaw": [0.5, 1e-06, 0.1], "k_pid_hsp": [0.1954758724182377, 0.0, 0.0], "k_pid_vsp": [115.2560547964993, 3.000515307460124, 1e-06]}, "datetime": {"datetime": "2025-08-13 14:18:23", "elapsed": 16231.468189954758, "delta": 19.400134086608887}, "costs": {"total_cost": 182.0410443404298, "time_cost": 72.534, "final_distance_cost": 1.834001664988923, "oscillation_cost": 27.653377623975643, "completition_cost": 0.0, "overshoot_cost": 51.71594663531024, "power_cost": 8.9100966796875, "noise_cost": 19.39362173646747, "n_waypoints_completed": 9, "tot_waypoints": 9}}
{"target": -191.22189933305194, "params": {"k_pid_pos": [0.7266001850483458, 0.0, 0.0714238602713996], "k_pid_alt": [1.579164110223025, 0.0, 0.935629630710307], "k_pid_att": [36.96124756059948, 2.5590521844355347, 0.25639279689440153], "k_pid_yaw": [0.5, 1e-06, 0.1], "k_pid_hsp": [0.211506099441982, 0.0, 0.0], "k_pid_vsp": [100.95062415998987, 26.663928573055934, 2.3350586719555273]}, "datetime": {"datetime": "2025-08-13 14:18:42", "elapsed": 16250.41827917099, "delta": 18.9500892162323}, "costs": {"total_cost": 191.22189933305194, "time_cost": 74.06700000000001, "final_distance_cost": 1.8393227687633842, "oscillation_cost": 25.985846322729437, "completition_cost": 0.0, "overshoot_cost": 51.00276169591019, "power_cost": 15.786561108398438, "noise_cost": 22.54040743725049, "n_waypoints_completed": 9, "tot_waypoints": 9}}
