{"target": -182.80620059466474, "params": {"k_pid_pos": [0.6005338960978768, 0.0, 0.055259208951786806], "k_pid_alt": [1.9350346857107923, 0.0, 0.9536562102051528], "k_pid_att": [33.19321849201164, 3.269219895832658, 0.2567815109027525], "k_pid_yaw": [0.5, 1e-06, 0.1], "k_pid_hsp": [0.12034958404409364, 0.0, 0.0], "k_pid_vsp": [117.05378465143795, 40.181437877672586, 0.03190834378245633]}, "datetime": {"datetime": "2025-08-13 20:42:06", "elapsed": 39254.79373931885, "delta": 17.94881558418274}, "costs": {"total_cost": 182.80620059466474, "time_cost": 73.311, "final_distance_cost": 1.831087708971156, "oscillation_cost": 22.434813520370124, "completition_cost": 0.0, "overshoot_cost": 51.334865672071594, "power_cost": 12.52617000732422, "noise_cost": 21.368263685927655, "n_waypoints_completed": 9, "tot_waypoints": 9}}
{"target": -191.87827328494407, "params": {"k_pid_pos": [0.7539133790484936, 0.0013020645509977651, 0.0], "k_pid_alt": [1.8972912049267892, 0.0, 0.8795254989595425], "k_pid_att": [34.12689694007256, 3.3139503264462946, 0.2690051471907847], "k_pid_yaw": [0.5, 1e-06, 0.1], "k_pid_hsp": [0.08297117241850133, 0.0, 0.0], "k_pid_vsp": [140.74969394619472, 25.432624658060803, 1e-06]}, "datetime": {"datetime": "2025-08-13 20:42:24", "elapsed": 39272.43148589134, "delta": 17.637746572494507}, "costs": {"total_cost": 191.87827328494407, "time_cost": 73.514, "final_distance_cost": 1.7968576608809894, "oscillation_cost": 22.957829307452087, "completition_cost": 0.0, "overshoot_cost": 53.11729545735374, "power_cost": 17.80090574951172, "noise_cost": 22.691385109745543, "n_waypoints_completed": 9, "tot_waypoints": 9}}
{"target": -183.70175674080986, "params": {"k_pid_pos": [0.9177184824983771, 0.0, 0.06857591067868737], "k_pid_alt": [1.9145569782140275, 0.0, 0.9487091238206069], "k_pid_att": [33.90078897069857, 3.1489974125757745, 0.2761682830643063], "k_pid_yaw": [0.5, 1e-06, 0.1], "k_pid_hsp": [0.14305183031223168, 0.0, 0.0], "k_pid_vsp": [101.09542655709423, 33.595877912469675, 1e-06]}, "datetime": {"datetime": "2025-08-13 20:42:41", "elapsed": 39289.7556784153, "delta": 17.3241925239563}, "costs": {"total_cost": 183.70175674080986, "time_cost": 70.637, "final_distance_cost": 1.8263565124747922, "oscillation_cost": 26.39413130670322, "completition_cost": 0.0, "overshoot_cost": 51.02511645307261, "power_cost": 13.180065771484376, "noise_cost": 20.639086697074873, "n_waypoints_completed": 9, "tot_waypoints": 9}}
{"target": -181.61144906595567, "params": {"k_pid_pos": [0.7842376674590147, 0.0, 0.05940668120428512], "k_pid_alt": [2.0, 0.0, 0.9520378156186435], "k_pid_att": [33.45151729708727, 3.5426692312586323, 0.2693817140181451], "k_pid_yaw": [0.5, 1e-06, 0.1], "k_pid_hsp": [0.11668292128778865, 0.0, 0.0], "k_pid_vsp": [110.36604666451723, 32.3337510764188, 1e-06]}, "datetime": {"datetime": "2025-08-13 20:42:58", "elapsed": 39306.72822165489, "delta": 16.972543239593506}, "costs": {"total_cost": 181.61144906595567, "time_cost": 71.309, "final_distance_cost": 1.815908142698529, "oscillation_cost": 24.49862392669467, "completition_cost": 0.0, "overshoot_cost": 51.17928356516285, "power_cost": 12.130685998535157, "noise_cost": 20.677947432864446, "n_waypoints_completed": 9, "tot_waypoints": 9}}
{"target": -183.77673404930536, "params": {"k_pid_pos": [0.8931346967339879, 0.0, 0.010191129099096752], "k_pid_alt": [2.0, 0.0, 0.952943580707559], "k_pid_att": [33.34821069180423, 3.3442947508846514, 0.2562215635279463], "k_pid_yaw": [0.5, 1e-06, 0.1], "k_pid_hsp": [0.11115259966694443, 0.0, 0.0], "k_pid_vsp": [77.39669519549588, 16.48596376876623, 1e-06]}, "datetime": {"datetime": "2025-08-13 20:43:16", "elapsed": 39324.789925575256, "delta": 18.06170392036438}, "costs": {"total_cost": 183.77673404930536, "time_cost": 71.498, "final_distance_cost": 1.8028500462016461, "oscillation_cost": 25.628782716683904, "completition_cost": 0.0, "overshoot_cost": 51.926049682140565, "power_cost": 12.297869873046876, "noise_cost": 20.623181731232386, "n_waypoints_completed": 9, "tot_waypoints": 9}}
{"target": -182.5769462430581, "params": {"k_pid_pos": [0.8236715445069112, 0.0, 0.1463186469878067], "k_pid_alt": [1.8060892947087046, 0.0, 0.9497598919447476], "k_pid_att": [33.55662400614205, 3.515818293056628, 0.2632369285364594], "k_pid_yaw": [0.5, 1e-06, 0.1], "k_pid_hsp": [0.15432726434958283, 0.0, 0.0], "k_pid_vsp": [69.3301139489054, 32.417949735776695, 1e-06]}, "datetime": {"datetime": "2025-08-13 20:43:34", "elapsed": 39342.29724693298, "delta": 17.50732135772705}, "costs": {"total_cost": 182.5769462430581, "time_cost": 71.827, "final_distance_cost": 1.8296645318706188, "oscillation_cost": 25.39359194257332, "completition_cost": 0.0, "overshoot_cost": 50.41415241653007, "power_cost": 12.217369421386719, "noise_cost": 20.895167930697383, "n_waypoints_completed": 9, "tot_waypoints": 9}}
{"target": -189.12857086934065, "params": {"k_pid_pos": [0.69517009592821, 0.0, 0.04442930715139928], "k_pid_alt": [1.632151576199854, 0.0, 0.9265730874354777], "k_pid_att": [35.02553833144549, 3.6033929918635916, 0.25111558184485694], "k_pid_yaw": [0.5, 1e-06, 0.1], "k_pid_hsp": [0.1462922013266945, 0.0, 0.0], "k_pid_vsp": [32.199837801925725, 27.339270661628753, 1e-06]}, "datetime": {"datetime": "2025-08-13 20:43:54", "elapsed": 39362.05203270912, "delta": 19.754785776138306}, "costs": {"total_cost": 189.12857086934065, "time_cost": 72.842, "final_distance_cost": 1.8343433645869895, "oscillation_cost": 24.73776563618508, "completition_cost": 0.0, "overshoot_cost": 51.47919914522012, "power_cost": 16.030434973144533, "noise_cost": 22.204827750203926, "n_waypoints_completed": 9, "tot_waypoints": 9}}
{"target": -190.27460556493116, "params": {"k_pid_pos": [0.8817171695455792, 0.0, 0.06859694998216238], "k_pid_alt": [2.0, 0.0, 0.9513179863698042], "k_pid_att": [33.93865909129152, 3.559541763562582, 0.0868571012300067], "k_pid_yaw": [0.5, 1e-06, 0.1], "k_pid_hsp": [0.1882026989343416, 0.0, 0.0], "k_pid_vsp": [92.54036656602082, 32.537624290827885, 1e-06]}, "datetime": {"datetime": "2025-08-13 20:44:10", "elapsed": 39378.95970082283, "delta": 16.907668113708496}, "costs": {"total_cost": 190.27460556493116, "time_cost": 70.959, "final_distance_cost": 1.8239910506286703, "oscillation_cost": 27.205824468222612, "completition_cost": 0.0, "overshoot_cost": 50.941622459667016, "power_cost": 17.254740954589845, "noise_cost": 22.08942663182304, "n_waypoints_completed": 9, "tot_waypoints": 9}}
{"target": -191.29010034944113, "params": {"k_pid_pos": [1.0974153575761705, 0.0, 0.026120773063097236], "k_pid_alt": [1.9791929139984272, 0.0, 0.9806773285675656], "k_pid_att": [34.70286959427353, 3.6918982913204563, 0.2636773545291196], "k_pid_yaw": [0.5, 1e-06, 0.1], "k_pid_hsp": [0.11753238229059065, 0.0, 0.0], "k_pid_vsp": [170.85301811113803, 33.372372140590215, 1e-06]}, "datetime": {"datetime": "2025-08-13 20:44:28", "elapsed": 39396.52230620384, "delta": 17.562605381011963}, "costs": {"total_cost": 191.29010034944113, "time_cost": 71.19, "final_distance_cost": 1.789485930553384, "oscillation_cost": 27.798324252818613, "completition_cost": 0.0, "overshoot_cost": 51.695880256070545, "power_cost": 17.142849194335938, "noise_cost": 21.673560715662667, "n_waypoints_completed": 9, "tot_waypoints": 9}}
{"target": -190.0481851860697, "params": {"k_pid_pos": [1.1795510444359953, 0.0, 0.03624503979179783], "k_pid_alt": [1.887421148615156, 0.0, 0.9484578731428418], "k_pid_att": [32.66263318578533, 3.398203377367848, 0.2795001199778291], "k_pid_yaw": [0.5, 1e-06, 0.1], "k_pid_hsp": [0.12550214152398645, 0.0, 0.0], "k_pid_vsp": [98.6766413004051, 36.88195134815325, 1e-06]}, "datetime": {"datetime": "2025-08-13 20:44:45", "elapsed": 39413.653508901596, "delta": 17.131202697753906}, "costs": {"total_cost": 190.0481851860697, "time_cost": 70.714, "final_distance_cost": 1.798851793906073, "oscillation_cost": 28.739598826251125, "completition_cost": 0.0, "overshoot_cost": 51.68919193706759, "power_cost": 15.791497705078125, "noise_cost": 21.3150449237668, "n_waypoints_completed": 9, "tot_waypoints": 9}}
{"target": -1245.4850378835333, "params": {"k_pid_pos": [1.0444907196779503, 0.0004894642683020806, 0.07546902391699341], "k_pid_alt": [1.7817432339676216, 0.0, 0.9284971842222813], "k_pid_att": [35.71651637265589, 3.539328565012078, 0.2866324034494453], "k_pid_yaw": [0.5, 1e-06, 0.1], "k_pid_hsp": [0.0001, 0.0, 0.0], "k_pid_vsp": [96.99957309373718, 34.49718347781185, 1e-06]}, "datetime": {"datetime": "2025-08-13 20:45:15", "elapsed": 39443.17704606056, "delta": 29.523537158966064}, "costs": {"total_cost": 1245.4850378835333, "time_cost": 150, "final_distance_cost": 47.88081629942563, "oscillation_cost": 0.03136867401303896, "completition_cost": 888.8888888888888, "overshoot_cost": 102.96593979447427, "power_cost": 22.423304833984375, "noise_cost": 33.2947193927474, "n_waypoints_completed": 1, "tot_waypoints": 9}}
{"target": -191.58400263223945, "params": {"k_pid_pos": [0.8484753186588491, 0.0, 0.06051872265659437], "k_pid_alt": [1.6270884975302902, 0.0, 0.9120316943955454], "k_pid_att": [32.80108472405814, 3.253892619734847, 0.2722574855000124], "k_pid_yaw": [0.5, 1e-06, 0.1], "k_pid_hsp": [0.17030831581429112, 0.0, 0.0], "k_pid_vsp": [78.12586049376333, 41.750967134749104, 1e-06]}, "datetime": {"datetime": "2025-08-13 20:45:33", "elapsed": 39461.14052462578, "delta": 17.963478565216064}, "costs": {"total_cost": 191.58400263223945, "time_cost": 72.009, "final_distance_cost": 1.8276136239657448, "oscillation_cost": 26.06445312314186, "completition_cost": 0.0, "overshoot_cost": 50.91481338600948, "power_cost": 18.45432487792969, "noise_cost": 22.313797621192705, "n_waypoints_completed": 9, "tot_waypoints": 9}}
{"target": -187.40010302871877, "params": {"k_pid_pos": [0.8138132331904513, 0.0, 0.1121774009872451], "k_pid_alt": [1.832070134038281, 0.0, 0.942262692863905], "k_pid_att": [27.674210946318453, 3.781464849319156, 0.2614417826755089], "k_pid_yaw": [0.5, 1e-06, 0.1], "k_pid_hsp": [0.28578235358090776, 0.0, 0.0], "k_pid_vsp": [121.63561250079572, 21.768344984168998, 1e-06]}, "datetime": {"datetime": "2025-08-13 20:45:50", "elapsed": 39478.307866573334, "delta": 17.167341947555542}, "costs": {"total_cost": 187.40010302871877, "time_cost": 72.95400000000001, "final_distance_cost": 1.8509956737200486, "oscillation_cost": 26.724067553047874, "completition_cost": 0.0, "overshoot_cost": 51.082202190884445, "power_cost": 13.20133787841797, "noise_cost": 21.587499732648432, "n_waypoints_completed": 9, "tot_waypoints": 9}}
{"target": -202.33869090092955, "params": {"k_pid_pos": [0.9224154668218774, 0.0, 0.04403825979738932], "k_pid_alt": [1.7538691087499738, 0.0, 0.9283295857264802], "k_pid_att": [29.236432489997053, 2.658077978662151, 0.2711751669917127], "k_pid_yaw": [0.5, 1e-06, 0.1], "k_pid_hsp": [0.19153676382660267, 0.0, 0.0], "k_pid_vsp": [97.03519002644475, 19.802680993196624, 1e-06]}, "datetime": {"datetime": "2025-08-13 20:46:07", "elapsed": 39495.835186719894, "delta": 17.52732014656067}, "costs": {"total_cost": 202.33869090092955, "time_cost": 72.21900000000001, "final_distance_cost": 1.830027034594457, "oscillation_cost": 27.13875762231565, "completition_cost": 0.0, "overshoot_cost": 51.63499191221331, "power_cost": 24.779634814453125, "noise_cost": 24.736279517353022, "n_waypoints_completed": 9, "tot_waypoints": 9}}
{"target": -200.76084984954727, "params": {"k_pid_pos": [0.9308517473252995, 0.0, 0.0481614140265781], "k_pid_alt": [1.5739346100358387, 0.0, 0.9446319187512402], "k_pid_att": [37.2231809151316, 3.3290484448629054, 0.2560309638676707], "k_pid_yaw": [0.5, 1e-06, 0.1], "k_pid_hsp": [0.24537165614193313, 0.0, 0.0], "k_pid_vsp": [39.37342500293523, 38.254773663871646, 1.259464707332581]}, "datetime": {"datetime": "2025-08-13 20:46:25", "elapsed": 39513.765803813934, "delta": 17.930617094039917}, "costs": {"total_cost": 200.76084984954727, "time_cost": 72.863, "final_distance_cost": 1.8456880763184227, "oscillation_cost": 27.975561666833567, "completition_cost": 0.0, "overshoot_cost": 51.531048340541695, "power_cost": 23.102580480957034, "noise_cost": 23.44297128489654, "n_waypoints_completed": 9, "tot_waypoints": 9}}
{"target": -183.25814136834194, "params": {"k_pid_pos": [0.8483518896619363, 0.0, 0.17316211891231598], "k_pid_alt": [2.0, 0.0, 0.9494057340066017], "k_pid_att": [30.972914899590332, 3.5992296321064545, 0.2824364621277291], "k_pid_yaw": [0.5, 1e-06, 0.1], "k_pid_hsp": [0.12873247439570118, 0.0, 0.0], "k_pid_vsp": [84.59179767654862, 37.02291339864063, 1e-06]}, "datetime": {"datetime": "2025-08-13 20:46:43", "elapsed": 39531.58154678345, "delta": 17.81574296951294}, "costs": {"total_cost": 183.25814136834194, "time_cost": 71.33, "final_distance_cost": 1.8394456921023448, "oscillation_cost": 25.052154803932666, "completition_cost": 0.0, "overshoot_cost": 51.28814050566475, "power_cost": 12.914211279296875, "noise_cost": 20.83418908734531, "n_waypoints_completed": 9, "tot_waypoints": 9}}
{"target": -197.59803823539622, "params": {"k_pid_pos": [0.5311910895483036, 0.0, 0.0634552444308426], "k_pid_alt": [1.8751989009428907, 0.0, 0.9625715067192445], "k_pid_att": [32.04197271920868, 3.8704126738306845, 0.2632699262372778], "k_pid_yaw": [0.5, 1e-06, 0.1], "k_pid_hsp": [0.11614442787432981, 0.0, 0.0], "k_pid_vsp": [106.79029512855553, 32.59221739426325, 1e-06]}, "datetime": {"datetime": "2025-08-13 20:47:03", "elapsed": 39551.38692879677, "delta": 19.805382013320923}, "costs": {"total_cost": 197.59803823539622, "time_cost": 75.453, "final_distance_cost": 1.8337299597129633, "oscillation_cost": 21.123283222901307, "completition_cost": 0.0, "overshoot_cost": 52.36321129929969, "power_cost": 21.665936462402346, "noise_cost": 25.158877291079886, "n_waypoints_completed": 9, "tot_waypoints": 9}}
{"target": -178.8799756890908, "params": {"k_pid_pos": [0.8534274632477347, 0.0, 0.07411379327602213], "k_pid_alt": [1.8938391845887153, 0.0, 0.9557623238442777], "k_pid_att": [34.535479300822836, 3.31531912105571, 0.28785956788943623], "k_pid_yaw": [0.5, 1e-06, 0.1], "k_pid_hsp": [0.12160554484990496, 0.0, 0.0], "k_pid_vsp": [112.69384918910906, 32.21899895313338, 1e-06]}, "datetime": {"datetime": "2025-08-13 20:47:20", "elapsed": 39568.4471578598, "delta": 17.060229063034058}, "costs": {"total_cost": 178.8799756890908, "time_cost": 71.029, "final_distance_cost": 1.816557298642651, "oscillation_cost": 25.251181979325857, "completition_cost": 0.0, "overshoot_cost": 50.86898558667215, "power_cost": 10.1334423828125, "noise_cost": 19.78080844163764, "n_waypoints_completed": 9, "tot_waypoints": 9}}
{"target": -187.50925699955857, "params": {"k_pid_pos": [0.7548209872761639, 0.0, 0.04942725155370842], "k_pid_alt": [1.895263929357787, 0.0, 0.9703707680627706], "k_pid_att": [29.76229921044791, 1.939456109403313, 0.26890724925016785], "k_pid_yaw": [0.5, 1e-06, 0.1], "k_pid_hsp": [0.10910229629270105, 0.0, 0.0], "k_pid_vsp": [124.74125329521493, 42.01009498381057, 1e-06]}, "datetime": {"datetime": "2025-08-13 20:47:43", "elapsed": 39591.56203341484, "delta": 23.114875555038452}, "costs": {"total_cost": 187.50925699955857, "time_cost": 72.205, "final_distance_cost": 1.8170597598102256, "oscillation_cost": 23.86622169175276, "completition_cost": 0.0, "overshoot_cost": 51.667625977931024, "power_cost": 16.102643334960938, "noise_cost": 21.850706235103647, "n_waypoints_completed": 9, "tot_waypoints": 9}}
{"target": -193.63709794919902, "params": {"k_pid_pos": [1.031438178409921, 0.0, 0.0807069686192676], "k_pid_alt": [1.7534324636502587, 0.0, 0.9514261117927537], "k_pid_att": [37.6779929734292, 3.5233852758532334, 0.2797872977617796], "k_pid_yaw": [0.5, 1e-06, 0.1], "k_pid_hsp": [0.21865948157575293, 0.0, 0.0], "k_pid_vsp": [53.70632601440272, 28.242162602022653, 1e-06]}, "datetime": {"datetime": "2025-08-13 20:48:06", "elapsed": 39614.96144628525, "delta": 23.399412870407104}, "costs": {"total_cost": 193.63709794919902, "time_cost": 71.043, "final_distance_cost": 1.829317822708127, "oscillation_cost": 28.255579398214504, "completition_cost": 0.0, "overshoot_cost": 50.954013429270226, "power_cost": 19.34548486328125, "noise_cost": 22.209702435724907, "n_waypoints_completed": 9, "tot_waypoints": 9}}
{"target": -200.61909661003477, "params": {"k_pid_pos": [0.9056111959739584, 0.0, 0.056522171649478876], "k_pid_alt": [1.8719136566501708, 0.0, 0.950419549554008], "k_pid_att": [35.31339019130705, 3.4192201324718368, 0.24459757040771685], "k_pid_yaw": [0.5, 1e-06, 0.1], "k_pid_hsp": [0.12653758304342672, 0.0, 0.0], "k_pid_vsp": [98.82613589035356, 32.279357745299784, 1e-06]}, "datetime": {"datetime": "2025-08-13 20:48:25", "elapsed": 39633.44830298424, "delta": 18.486856698989868}, "costs": {"total_cost": 200.61909661003477, "time_cost": 73.78, "final_distance_cost": 1.822209416640101, "oscillation_cost": 26.564846872106823, "completition_cost": 0.0, "overshoot_cost": 52.3856268707357, "power_cost": 22.77146094970703, "noise_cost": 23.294952500845124, "n_waypoints_completed": 9, "tot_waypoints": 9}}
{"target": -182.88903526839303, "params": {"k_pid_pos": [0.8120873570666521, 0.0, 0.05899871566184123], "k_pid_alt": [1.9081629588679143, 0.0, 0.9583088962417322], "k_pid_att": [31.448432717657617, 3.5050969812418837, 0.26125325389769155], "k_pid_yaw": [0.5, 1e-06, 0.1], "k_pid_hsp": [0.10871026604132891, 0.0, 0.0], "k_pid_vsp": [91.95107166737479, 33.47751543826076, 1e-06]}, "datetime": {"datetime": "2025-08-13 20:48:42", "elapsed": 39650.4471116066, "delta": 16.99880862236023}, "costs": {"total_cost": 182.88903526839303, "time_cost": 71.519, "final_distance_cost": 1.797146095746686, "oscillation_cost": 24.384011721981526, "completition_cost": 0.0, "overshoot_cost": 51.32852089848418, "power_cost": 12.96560654296875, "noise_cost": 20.894750009211897, "n_waypoints_completed": 9, "tot_waypoints": 9}}
{"target": -184.4137350969789, "params": {"k_pid_pos": [0.6643343407806195, 0.0, 0.09128529805106288], "k_pid_alt": [1.857050775869234, 0.0, 0.9530326143765426], "k_pid_att": [31.285449356274007, 3.4932133293577166, 0.2691027237823677], "k_pid_yaw": [0.5, 1e-06, 0.1], "k_pid_hsp": [0.10477781941711503, 0.0, 0.0], "k_pid_vsp": [83.38933291663781, 32.1994572932231, 1e-06]}, "datetime": {"datetime": "2025-08-13 20:49:00", "elapsed": 39668.501459121704, "delta": 18.0543475151062}, "costs": {"total_cost": 184.4137350969789, "time_cost": 73.024, "final_distance_cost": 1.833010764224873, "oscillation_cost": 22.160234358688943, "completition_cost": 0.0, "overshoot_cost": 51.83168916985369, "power_cost": 13.971682434082032, "noise_cost": 21.59311837012938, "n_waypoints_completed": 9, "tot_waypoints": 9}}
{"target": -191.05746558266523, "params": {"k_pid_pos": [1.1313975070786093, 0.0, 0.04199071431767634], "k_pid_alt": [1.760907490958573, 0.0, 0.9606642664099446], "k_pid_att": [29.379218691044613, 3.2832083024699954, 0.25159813053876107], "k_pid_yaw": [0.5, 1e-06, 0.1], "k_pid_hsp": [0.07499049180919246, 0.0, 0.0], "k_pid_vsp": [95.22851952255036, 18.844437558295745, 1e-06]}, "datetime": {"datetime": "2025-08-13 20:49:19", "elapsed": 39687.23344731331, "delta": 18.731988191604614}, "costs": {"total_cost": 191.05746558266523, "time_cost": 75.355, "final_distance_cost": 1.763175639188895, "oscillation_cost": 26.360379475040673, "completition_cost": 0.0, "overshoot_cost": 52.460040862632916, "power_cost": 13.36529090576172, "noise_cost": 21.753578700041007, "n_waypoints_completed": 9, "tot_waypoints": 9}}
{"target": -182.46891000803447, "params": {"k_pid_pos": [1.3676041634203477, 0.0, 0.06429230073132261], "k_pid_alt": [1.6280199200568226, 0.0, 0.9461016010738171], "k_pid_att": [36.07568227469308, 3.494921262480315, 0.22657043572882898], "k_pid_yaw": [0.5, 1e-06, 0.1], "k_pid_hsp": [0.14686100469497557, 0.0, 0.0], "k_pid_vsp": [51.21082147827654, 24.72957345155703, 1e-06]}, "datetime": {"datetime": "2025-08-13 20:49:36", "elapsed": 39704.24602603912, "delta": 17.01257872581482}, "costs": {"total_cost": 182.46891000803447, "time_cost": 70.574, "final_distance_cost": 1.8037673111018109, "oscillation_cost": 31.00762016138585, "completition_cost": 0.0, "overshoot_cost": 50.72252430565734, "power_cost": 9.195066076660156, "noise_cost": 19.16593215322932, "n_waypoints_completed": 9, "tot_waypoints": 9}}
{"target": -182.1122698737053, "params": {"k_pid_pos": [0.7794980277426388, 0.0, 0.060920544642280444], "k_pid_alt": [1.9821642652392344, 0.0, 0.9681516191521582], "k_pid_att": [32.07619317233659, 3.4643881929104925, 0.2639364163587063], "k_pid_yaw": [0.5, 1e-06, 0.1], "k_pid_hsp": [0.11442483970965148, 0.0, 0.0], "k_pid_vsp": [89.24186283721129, 32.28373270510136, 1e-06]}, "datetime": {"datetime": "2025-08-13 20:49:54", "elapsed": 39722.40826797485, "delta": 18.16224193572998}, "costs": {"total_cost": 182.1122698737053, "time_cost": 71.512, "final_distance_cost": 1.83037468207214, "oscillation_cost": 24.090826414475433, "completition_cost": 0.0, "overshoot_cost": 51.306096347755364, "power_cost": 12.546445874023439, "noise_cost": 20.826526555378905, "n_waypoints_completed": 9, "tot_waypoints": 9}}
{"target": -188.84299256065736, "params": {"k_pid_pos": [1.6158493486899523, 0.0018488806983503457, 0.05478462041773299], "k_pid_alt": [1.6360933873271435, 0.0, 0.912051433899763], "k_pid_att": [32.44493155019387, 3.5917714104226097, 0.3006723218004773], "k_pid_yaw": [0.5, 1e-06, 0.1], "k_pid_hsp": [0.3016271717389174, 0.0, 0.0], "k_pid_vsp": [111.94159812029322, 41.49987335958528, 1e-06]}, "datetime": {"datetime": "2025-08-13 20:50:11", "elapsed": 39739.049000024796, "delta": 16.640732049942017}, "costs": {"total_cost": 188.84299256065736, "time_cost": 70.322, "final_distance_cost": 1.7828502274644598, "oscillation_cost": 31.98387480346884, "completition_cost": 0.0, "overshoot_cost": 50.51146424254969, "power_cost": 13.892216772460937, "noise_cost": 20.350586514713434, "n_waypoints_completed": 9, "tot_waypoints": 9}}
