{"target": -1441.9699831553582, "params": {"k_pid_pos": [1.1208371702211366, 0.0, 0.11209659369964883], "k_pid_alt": [1.590837851634316, 0.0, 0.9220327655924826], "k_pid_att": [34.5073724462151, 3.355709794675561, 0.25034561825686524], "k_pid_yaw": [0.5, 1e-06, 0.1], "k_pid_hsp": [0.2206498946133888, 0.0, 0.0], "k_pid_vsp": [0.0, 23.03695144446485, 1e-06]}, "datetime": {"datetime": "2025-08-13 17:43:23", "elapsed": 28531.415496587753, "delta": 28.688328981399536}, "costs": {"total_cost": 1441.9699831553582, "time_cost": 150, "final_distance_cost": 1.0043818227595358, "oscillation_cost": 3.5512549323915366, "completition_cost": 1000.0, "overshoot_cost": 149.75574764027198, "power_cost": 25.639719592285157, "noise_cost": 112.01887916765, "n_waypoints_completed": 0, "tot_waypoints": 9}}
{"target": -192.4600710661503, "params": {"k_pid_pos": [1.0961421049917461, 0.0, 0.13373027864986975], "k_pid_alt": [1.7335775902526385, 0.0, 0.889240492169881], "k_pid_att": [35.134923841334135, 3.706038870808967, 0.24913575700218873], "k_pid_yaw": [0.5, 1e-06, 0.1], "k_pid_hsp": [0.2218534497087852, 0.0, 0.0], "k_pid_vsp": [17.078831355551696, 18.063055048739027, 1e-06]}, "datetime": {"datetime": "2025-08-13 17:43:41", "elapsed": 28549.57854294777, "delta": 18.16304636001587}, "costs": {"total_cost": 192.4600710661503, "time_cost": 71.554, "final_distance_cost": 1.8331759157289564, "oscillation_cost": 28.096550790741336, "completition_cost": 0.0, "overshoot_cost": 51.77661680297591, "power_cost": 16.224595654296877, "noise_cost": 22.975131902407217, "n_waypoints_completed": 9, "tot_waypoints": 9}}
{"target": -195.1762904304509, "params": {"k_pid_pos": [1.0240517161823977, 0.0, 0.04449151518378825], "k_pid_alt": [1.6434078621057233, 0.0, 0.9228842698151883], "k_pid_att": [35.51651354278963, 2.6544822758933093, 0.2431311390625287], "k_pid_yaw": [0.5, 1e-06, 0.1], "k_pid_hsp": [0.24499591809179389, 0.0, 0.0], "k_pid_vsp": [41.09777045027854, 23.110144388050983, 1e-06]}, "datetime": {"datetime": "2025-08-13 17:43:59", "elapsed": 28567.758707284927, "delta": 18.180164337158203}, "costs": {"total_cost": 195.1762904304509, "time_cost": 72.69500000000001, "final_distance_cost": 1.8342018179708204, "oscillation_cost": 29.323796313361456, "completition_cost": 0.0, "overshoot_cost": 51.22956548393151, "power_cost": 17.847473803710937, "noise_cost": 22.246253011476206, "n_waypoints_completed": 9, "tot_waypoints": 9}}
{"target": -188.46257629522853, "params": {"k_pid_pos": [0.8827898570753875, 0.028813501263082394, 0.1585710532913508], "k_pid_alt": [1.637074853802227, 0.0, 0.8972378902429855], "k_pid_att": [37.3675885653916, 3.926978259673803, 0.2477289361100432], "k_pid_yaw": [0.5, 1e-06, 0.1], "k_pid_hsp": [0.28908188781138733, 9.359496765378441e-05, 0.0], "k_pid_vsp": [139.09649869765437, 37.90171937169791, 0.21580792561036755]}, "datetime": {"datetime": "2025-08-13 17:44:16", "elapsed": 28584.64892554283, "delta": 16.890218257904053}, "costs": {"total_cost": 188.46257629522853, "time_cost": 72.471, "final_distance_cost": 1.8442657491465024, "oscillation_cost": 27.126606102081336, "completition_cost": 0.0, "overshoot_cost": 50.7984531713278, "power_cost": 14.408264379882814, "noise_cost": 21.81398689279006, "n_waypoints_completed": 9, "tot_waypoints": 9}}
{"target": -191.74061995339994, "params": {"k_pid_pos": [1.1430781612808587, 0.0, 0.26786121641711247], "k_pid_alt": [1.6763984824730909, 0.0, 0.9481466503231034], "k_pid_att": [31.98616199132912, 2.656493408478301, 0.2299932437765387], "k_pid_yaw": [0.5, 1e-06, 0.1], "k_pid_hsp": [0.23950678875248937, 0.0, 0.0], "k_pid_vsp": [71.91939042762343, 25.9853377959698, 1e-06]}, "datetime": {"datetime": "2025-08-13 17:44:33", "elapsed": 28601.847809791565, "delta": 17.19888424873352}, "costs": {"total_cost": 191.74061995339994, "time_cost": 71.75, "final_distance_cost": 1.837006930483846, "oscillation_cost": 27.786707669035035, "completition_cost": 0.0, "overshoot_cost": 51.12919410933509, "power_cost": 17.159602685546876, "noise_cost": 22.078108558999116, "n_waypoints_completed": 9, "tot_waypoints": 9}}
{"target": -182.24595619483628, "params": {"k_pid_pos": [1.0799855816816715, 0.0, 0.06523255979174239], "k_pid_alt": [1.632940716950164, 0.0, 0.9058409797358751], "k_pid_att": [36.18333615066373, 3.990442285329347, 0.2438179901404654], "k_pid_yaw": [0.5, 1e-06, 0.1], "k_pid_hsp": [0.1572847345166286, 0.0, 0.0], "k_pid_vsp": [122.57678786686643, 29.5038186426893, 1e-06]}, "datetime": {"datetime": "2025-08-13 17:44:50", "elapsed": 28618.46199965477, "delta": 16.614189863204956}, "costs": {"total_cost": 182.24595619483628, "time_cost": 70.805, "final_distance_cost": 1.830985350614049, "oscillation_cost": 28.456688400897512, "completition_cost": 0.0, "overshoot_cost": 50.75291171700118, "power_cost": 10.592172741699219, "noise_cost": 19.808197984624304, "n_waypoints_completed": 9, "tot_waypoints": 9}}
{"target": -193.6311632013862, "params": {"k_pid_pos": [1.1495739589318839, 0.0, 0.08527193717878156], "k_pid_alt": [1.6396579884935003, 0.0, 0.9102776945947753], "k_pid_att": [35.98179613950946, 3.7691068673716592, 0.25300015863663616], "k_pid_yaw": [0.5, 1e-06, 0.1], "k_pid_hsp": [0.26964829838712345, 0.0, 0.0], "k_pid_vsp": [105.4121107529986, 36.890568490591946, 1e-06]}, "datetime": {"datetime": "2025-08-13 17:45:08", "elapsed": 28636.19093632698, "delta": 17.728936672210693}, "costs": {"total_cost": 193.6311632013862, "time_cost": 71.61, "final_distance_cost": 1.8331909079842679, "oscillation_cost": 29.267519956686822, "completition_cost": 0.0, "overshoot_cost": 51.399833917614686, "power_cost": 17.70868935546875, "noise_cost": 21.811929063631645, "n_waypoints_completed": 9, "tot_waypoints": 9}}
{"target": -188.94032837233874, "params": {"k_pid_pos": [1.1950970753685335, 0.0, 0.10803341706648426], "k_pid_alt": [1.684803476300942, 0.0, 0.9085067255410149], "k_pid_att": [35.006949155083404, 0.0001, 0.28080296593430165], "k_pid_yaw": [0.5, 1e-06, 0.1], "k_pid_hsp": [0.21008745687093286, 0.0, 0.0], "k_pid_vsp": [174.26703897202086, 45.98544429033072, 1e-06]}, "datetime": {"datetime": "2025-08-13 17:45:25", "elapsed": 28653.85577225685, "delta": 17.664835929870605}, "costs": {"total_cost": 188.94032837233874, "time_cost": 70.686, "final_distance_cost": 1.8184026560172413, "oscillation_cost": 29.448969302893897, "completition_cost": 0.0, "overshoot_cost": 50.9785966252162, "power_cost": 15.022272656250001, "noise_cost": 20.9860871319614, "n_waypoints_completed": 9, "tot_waypoints": 9}}
{"target": -184.98772389389572, "params": {"k_pid_pos": [1.2795510806629347, 0.0, 0.10530913828914805], "k_pid_alt": [1.630832889422364, 0.0, 0.9400245017176944], "k_pid_att": [38.58645477963815, 3.568942884990648, 0.26294488747166866], "k_pid_yaw": [0.5, 1e-06, 0.1], "k_pid_hsp": [0.21580149077501323, 0.0, 0.0], "k_pid_vsp": [46.637987168225195, 45.32727348073479, 1e-06]}, "datetime": {"datetime": "2025-08-13 17:45:42", "elapsed": 28670.901729106903, "delta": 17.04595685005188}, "costs": {"total_cost": 184.98772389389572, "time_cost": 70.175, "final_distance_cost": 1.8333550007956112, "oscillation_cost": 30.333007436472947, "completition_cost": 0.0, "overshoot_cost": 50.45611606279797, "power_cost": 12.132794860839844, "noise_cost": 20.057450532989357, "n_waypoints_completed": 9, "tot_waypoints": 9}}
{"target": -194.61887857697093, "params": {"k_pid_pos": [1.211049369951202, 0.0, 0.10829798491984229], "k_pid_alt": [1.5982330167188972, 0.0, 0.9030434006351682], "k_pid_att": [34.743467410836814, 3.8871326017055434, 0.2611295702709831], "k_pid_yaw": [0.5, 1e-06, 0.1], "k_pid_hsp": [0.21930990348628115, 0.0, 0.0], "k_pid_vsp": [218.16044981192576, 36.5401784631244, 1e-06]}, "datetime": {"datetime": "2025-08-13 17:45:59", "elapsed": 28687.850658655167, "delta": 16.94892954826355}, "costs": {"total_cost": 194.61887857697093, "time_cost": 71.575, "final_distance_cost": 1.8232537483479798, "oscillation_cost": 29.565839782795617, "completition_cost": 0.0, "overshoot_cost": 51.148700779295496, "power_cost": 18.407384326171876, "noise_cost": 22.098699940359968, "n_waypoints_completed": 9, "tot_waypoints": 9}}
{"target": -187.4148923188897, "params": {"k_pid_pos": [0.8845573329067855, 0.0, 0.11226927253928906], "k_pid_alt": [1.6321529421866223, 0.0, 0.889921642941167], "k_pid_att": [35.69170181874856, 3.8057299077440407, 0.24764315142185234], "k_pid_yaw": [0.5, 1e-06, 0.1], "k_pid_hsp": [0.2575860575510065, 0.0, 0.0], "k_pid_vsp": [37.37994269244355, 42.951880263551075, 1e-06]}, "datetime": {"datetime": "2025-08-13 17:46:20", "elapsed": 28708.095126628876, "delta": 20.244467973709106}, "costs": {"total_cost": 187.4148923188897, "time_cost": 71.785, "final_distance_cost": 1.8456052441633664, "oscillation_cost": 27.181603053898467, "completition_cost": 0.0, "overshoot_cost": 50.04462980252938, "power_cost": 14.908681372070314, "noise_cost": 21.649372846228193, "n_waypoints_completed": 9, "tot_waypoints": 9}}
{"target": -199.35460773702107, "params": {"k_pid_pos": [1.3158989688501919, 0.0, 0.09563266588271961], "k_pid_alt": [1.6321083798644047, 0.0, 0.9288305711237202], "k_pid_att": [36.20588317638258, 3.531849673825143, 0.25139424498025087], "k_pid_yaw": [0.5, 1e-06, 0.1], "k_pid_hsp": [0.05477214518191814, 0.0, 0.0], "k_pid_vsp": [138.07731331225213, 44.44930610772964, 1e-06]}, "datetime": {"datetime": "2025-08-13 17:46:43", "elapsed": 28731.750514268875, "delta": 23.65538763999939}, "costs": {"total_cost": 199.35460773702107, "time_cost": 79.191, "final_distance_cost": 1.7479046460166234, "oscillation_cost": 25.765537965537515, "completition_cost": 0.0, "overshoot_cost": 53.83957153330194, "power_cost": 15.440682788085939, "noise_cost": 23.369910804079026, "n_waypoints_completed": 9, "tot_waypoints": 9}}
{"target": -192.44136768079022, "params": {"k_pid_pos": [1.1243003691672182, 0.0, 0.06528609892420462], "k_pid_alt": [1.6247706114683849, 0.0, 0.8994998955979309], "k_pid_att": [31.787058071506365, 3.609881197011378, 0.2510983550631726], "k_pid_yaw": [0.5, 1e-06, 0.1], "k_pid_hsp": [0.26417967170286005, 0.0, 0.0], "k_pid_vsp": [118.35243792413765, 15.835285216444303, 1e-06]}, "datetime": {"datetime": "2025-08-13 17:47:02", "elapsed": 28750.18185043335, "delta": 18.431336164474487}, "costs": {"total_cost": 192.44136768079022, "time_cost": 71.428, "final_distance_cost": 1.8244864745441263, "oscillation_cost": 29.48161907567754, "completition_cost": 0.0, "overshoot_cost": 51.230343460501835, "power_cost": 16.665360498046876, "noise_cost": 21.81155817201984, "n_waypoints_completed": 9, "tot_waypoints": 9}}
{"target": -203.47160668853826, "params": {"k_pid_pos": [1.1514944296337943, 0.0, 0.1282186350890751], "k_pid_alt": [1.6080177599551133, 0.0, 0.9001338583134924], "k_pid_att": [35.37443778675732, 3.518909441500271, 0.24579364730854175], "k_pid_yaw": [0.5, 1e-06, 0.1], "k_pid_hsp": [0.20223340749146457, 0.0, 0.0], "k_pid_vsp": [37.37560374548335, 46.20486456995472, 1e-06]}, "datetime": {"datetime": "2025-08-13 17:47:19", "elapsed": 28767.206789016724, "delta": 17.024938583374023}, "costs": {"total_cost": 203.47160668853826, "time_cost": 72.989, "final_distance_cost": 1.8283465835969666, "oscillation_cost": 29.390606148826606, "completition_cost": 0.0, "overshoot_cost": 51.724263725302066, "power_cost": 24.158923217773438, "noise_cost": 23.380467013039173, "n_waypoints_completed": 9, "tot_waypoints": 9}}
{"target": -189.20686637767122, "params": {"k_pid_pos": [1.1406126587274776, 0.0, 0.09390191558500655], "k_pid_alt": [1.7744988076646115, 0.0, 0.9244869321758403], "k_pid_att": [37.39458604341601, 3.4620749182738852, 0.24798833260941625], "k_pid_yaw": [0.5, 1e-06, 0.1], "k_pid_hsp": [0.21592322152890814, 0.0, 0.0], "k_pid_vsp": [64.35133300528287, 47.71190164105778, 1e-06]}, "datetime": {"datetime": "2025-08-13 17:47:36", "elapsed": 28784.434730768204, "delta": 17.227941751480103}, "costs": {"total_cost": 189.20686637767122, "time_cost": 70.56, "final_distance_cost": 1.8218926763465724, "oscillation_cost": 28.96442391996508, "completition_cost": 0.0, "overshoot_cost": 50.71778570795787, "power_cost": 15.876068725585938, "noise_cost": 21.266695347815784, "n_waypoints_completed": 9, "tot_waypoints": 9}}
{"target": -197.89546919722508, "params": {"k_pid_pos": [1.1947252601243923, 0.002632757589161206, 0.06561443207274748], "k_pid_alt": [1.6208074190609418, 0.0, 0.8914258202714498], "k_pid_att": [31.84080757237114, 3.843063994199838, 0.24437541964610426], "k_pid_yaw": [0.5, 1e-06, 0.1], "k_pid_hsp": [0.21649824525868547, 0.0, 0.0], "k_pid_vsp": [102.67870800801458, 8.168345948811002, 1e-06]}, "datetime": {"datetime": "2025-08-13 17:47:54", "elapsed": 28802.08779001236, "delta": 17.653059244155884}, "costs": {"total_cost": 197.89546919722508, "time_cost": 73.304, "final_distance_cost": 1.8163109843452911, "oscillation_cost": 30.728901279755068, "completition_cost": 0.0, "overshoot_cost": 51.745105317973575, "power_cost": 18.122324536132812, "noise_cost": 22.178827079018344, "n_waypoints_completed": 9, "tot_waypoints": 9}}
{"target": -187.43276275548774, "params": {"k_pid_pos": [1.1726220446938982, 0.0, 0.10956376906778607], "k_pid_alt": [1.6625680407203416, 0.0, 0.9119769666972765], "k_pid_att": [46.88867940507156, 3.38255032539139, 0.26345087908967496], "k_pid_yaw": [0.5, 1e-06, 0.1], "k_pid_hsp": [0.23699048029769504, 0.0, 0.0], "k_pid_vsp": [154.4839356912949, 26.86222432644104, 1e-06]}, "datetime": {"datetime": "2025-08-13 17:48:10", "elapsed": 28818.75509285927, "delta": 16.66730284690857}, "costs": {"total_cost": 187.43276275548774, "time_cost": 71.029, "final_distance_cost": 1.8243435511139736, "oscillation_cost": 29.61661524130606, "completition_cost": 0.0, "overshoot_cost": 51.151329564213285, "power_cost": 13.26055037841797, "noise_cost": 20.55092402043645, "n_waypoints_completed": 9, "tot_waypoints": 9}}
{"target": -187.10590244172556, "params": {"k_pid_pos": [1.2733525249184423, 0.0, 0.09829819430497531], "k_pid_alt": [1.6375709244531234, 0.0, 0.9580628316662823], "k_pid_att": [39.640569930578245, 3.6230492130653293, 0.24845860985113133], "k_pid_yaw": [0.5, 1e-06, 0.1], "k_pid_hsp": [0.19233090029976949, 0.0, 0.0], "k_pid_vsp": [112.98500284400932, 55.219894428823466, 1e-06]}, "datetime": {"datetime": "2025-08-13 17:48:28", "elapsed": 28836.868410110474, "delta": 18.113317251205444}, "costs": {"total_cost": 187.10590244172556, "time_cost": 70.714, "final_distance_cost": 1.801634136008115, "oscillation_cost": 29.853031658922067, "completition_cost": 0.0, "overshoot_cost": 50.568217904677915, "power_cost": 13.616409130859376, "noise_cost": 20.552609611258074, "n_waypoints_completed": 9, "tot_waypoints": 9}}
{"target": -240.07067316008, "params": {"k_pid_pos": [1.0735787912471884, 0.06566304442082245, 0.09143358633094124], "k_pid_alt": [1.6511840250869803, 0.008272213961153806, 0.9197849892355366], "k_pid_att": [40.435316212305544, 3.7440591957291622, 0.23087422483606881], "k_pid_yaw": [0.5, 1e-06, 0.1], "k_pid_hsp": [0.27825002825136, 0.0, 0.0], "k_pid_vsp": [55.88082634067242, 50.510079302501026, 1e-06]}, "datetime": {"datetime": "2025-08-13 17:48:49", "elapsed": 28857.357465028763, "delta": 20.489054918289185}, "costs": {"total_cost": 240.07067316008, "time_cost": 82.901, "final_distance_cost": 1.8261123395293442, "oscillation_cost": 27.91403746305096, "completition_cost": 0.0, "overshoot_cost": 60.374154448529126, "power_cost": 32.69853939208985, "noise_cost": 34.356829516880694, "n_waypoints_completed": 9, "tot_waypoints": 9}}
{"target": -188.10982943826596, "params": {"k_pid_pos": [1.2512660804237496, 0.0, 0.1293834658404785], "k_pid_alt": [1.5602338732383525, 0.0, 0.9503885238408231], "k_pid_att": [19.228940745515594, 3.575945672895621, 0.24734688190781073], "k_pid_yaw": [0.5, 1e-06, 0.1], "k_pid_hsp": [0.20397453528542991, 0.0, 0.0], "k_pid_vsp": [120.69049569569901, 44.218116835526445, 0.6627616879073538]}, "datetime": {"datetime": "2025-08-13 17:49:06", "elapsed": 28874.150033950806, "delta": 16.792568922042847}, "costs": {"total_cost": 188.10982943826596, "time_cost": 70.924, "final_distance_cost": 1.8163689215042338, "oscillation_cost": 29.91413564080173, "completition_cost": 0.0, "overshoot_cost": 50.43400822597287, "power_cost": 14.178714636230469, "noise_cost": 20.84260201375665, "n_waypoints_completed": 9, "tot_waypoints": 9}}
{"target": -191.1206647474315, "params": {"k_pid_pos": [1.163622609571617, 0.0, 0.08166784147908156], "k_pid_alt": [1.5791186445275598, 0.0, 0.9245281925449818], "k_pid_att": [33.681777185314814, 3.739867687458117, 0.2590061757618586], "k_pid_yaw": [0.5, 1e-06, 0.1], "k_pid_hsp": [0.1768830059401726, 0.0, 0.0], "k_pid_vsp": [26.640071514549366, 25.644062991403448, 1e-06]}, "datetime": {"datetime": "2025-08-13 17:49:23", "elapsed": 28891.781138181686, "delta": 17.631104230880737}, "costs": {"total_cost": 191.1206647474315, "time_cost": 70.924, "final_distance_cost": 1.8299706410527485, "oscillation_cost": 28.877312566769625, "completition_cost": 0.0, "overshoot_cost": 51.27894507941365, "power_cost": 16.71209326171875, "noise_cost": 21.498343198476714, "n_waypoints_completed": 9, "tot_waypoints": 9}}
{"target": -193.46073661084228, "params": {"k_pid_pos": [1.1225248437159971, 0.0, 0.09502155119283781], "k_pid_alt": [1.6912641505628985, 0.0, 0.9841403999751103], "k_pid_att": [34.65596122135602, 3.5531021194184587, 0.24659678404126054], "k_pid_yaw": [0.5, 1e-06, 0.1], "k_pid_hsp": [0.1858201318861188, 0.0, 0.0], "k_pid_vsp": [38.97815985127404, 33.439940546123516, 1e-06]}, "datetime": {"datetime": "2025-08-13 17:49:40", "elapsed": 28908.82644367218, "delta": 17.045305490493774}, "costs": {"total_cost": 193.46073661084228, "time_cost": 71.22500000000001, "final_distance_cost": 1.834659023398817, "oscillation_cost": 28.61287823494485, "completition_cost": 0.0, "overshoot_cost": 51.1838050661129, "power_cost": 18.51796572265625, "noise_cost": 22.08642856372945, "n_waypoints_completed": 9, "tot_waypoints": 9}}
{"target": -208.9644186579726, "params": {"k_pid_pos": [1.1902932483084196, 0.0, 0.05605379757850058], "k_pid_alt": [1.6526974354406405, 0.0, 0.9114206859566265], "k_pid_att": [34.945304851533365, 3.1907732063784753, 0.24982478850340778], "k_pid_yaw": [0.5, 1e-06, 0.1], "k_pid_hsp": [0.1914405934351734, 0.0, 0.0], "k_pid_vsp": [231.21259723909225, 44.61979426626766, 1e-06]}, "datetime": {"datetime": "2025-08-13 17:49:59", "elapsed": 28927.12872648239, "delta": 18.30228281021118}, "costs": {"total_cost": 208.9644186579726, "time_cost": 74.361, "final_distance_cost": 1.8165037189135278, "oscillation_cost": 30.588732465087894, "completition_cost": 0.0, "overshoot_cost": 52.288050348665166, "power_cost": 25.738573864746094, "noise_cost": 24.171558260559905, "n_waypoints_completed": 9, "tot_waypoints": 9}}
{"target": -191.19181818284585, "params": {"k_pid_pos": [1.1342324215977202, 0.0, 0.1609696763758982], "k_pid_alt": [1.5107022025700338, 0.0, 0.9502995755249387], "k_pid_att": [47.68780115591914, 4.203248074876553, 0.24598652643664015], "k_pid_yaw": [0.5, 1e-06, 0.1], "k_pid_hsp": [0.2363798111913364, 0.051511909177837344, 0.0], "k_pid_vsp": [149.04278445585535, 9.620468001545774, 1e-06]}, "datetime": {"datetime": "2025-08-13 17:50:17", "elapsed": 28945.217918634415, "delta": 18.089192152023315}, "costs": {"total_cost": 191.19181818284585, "time_cost": 71.624, "final_distance_cost": 1.849941682711879, "oscillation_cost": 31.61830440174187, "completition_cost": 0.0, "overshoot_cost": 50.63462233990438, "power_cost": 14.382541601562501, "noise_cost": 21.08240815692522, "n_waypoints_completed": 9, "tot_waypoints": 9}}
{"target": -197.27072296124206, "params": {"k_pid_pos": [1.1219042891511655, 0.0, 0.11303206452288583], "k_pid_alt": [1.6423103595178756, 0.0, 0.9016659853721197], "k_pid_att": [35.817917345477866, 3.707163696083948, 0.24742352732168094], "k_pid_yaw": [0.5, 1e-06, 0.1], "k_pid_hsp": [0.16080311683374002, 0.0, 0.0], "k_pid_vsp": [0.0, 36.17976914652776, 1e-06]}, "datetime": {"datetime": "2025-08-13 17:50:34", "elapsed": 28962.827553987503, "delta": 17.60963535308838}, "costs": {"total_cost": 197.27072296124206, "time_cost": 74.172, "final_distance_cost": 1.8153352484581018, "oscillation_cost": 28.82339561480826, "completition_cost": 0.0, "overshoot_cost": 51.85288480608665, "power_cost": 18.274715161132814, "noise_cost": 22.33239213075623, "n_waypoints_completed": 9, "tot_waypoints": 9}}
{"target": -185.99341100925727, "params": {"k_pid_pos": [1.1506710258682755, 0.0, 0.10985393957621947], "k_pid_alt": [1.6390341199922096, 0.0, 0.8975268343495608], "k_pid_att": [35.65615269490713, 3.5724849530923652, 0.24906583476044158], "k_pid_yaw": [0.5, 1e-06, 0.1], "k_pid_hsp": [0.19242358121895695, 0.0, 0.0], "k_pid_vsp": [68.37335729961669, 45.16923569443654, 1e-06]}, "datetime": {"datetime": "2025-08-13 17:50:51", "elapsed": 28979.865324020386, "delta": 17.03777003288269}, "costs": {"total_cost": 185.99341100925727, "time_cost": 70.224, "final_distance_cost": 1.8357787883615269, "oscillation_cost": 29.15730695186065, "completition_cost": 0.0, "overshoot_cost": 50.35321617618256, "power_cost": 13.795827844238282, "noise_cost": 20.627281248614263, "n_waypoints_completed": 9, "tot_waypoints": 9}}
