{"target": -192.0629374656156, "params": {"k_pid_pos": [0.7755160645183168, 0.0, 0.04171502286948497], "k_pid_alt": [1.6390607223676992, 0.0, 0.9209013562304501], "k_pid_att": [35.09519490765719, 2.912492154671571, 0.24616729684342972], "k_pid_yaw": [0.5, 1e-06, 0.1], "k_pid_hsp": [0.20844459472846283, 0.0, 0.0], "k_pid_vsp": [117.82768370956951, 16.373520845590555, 1e-06]}, "datetime": {"datetime": "2025-08-13 15:28:56", "elapsed": 20464.467452287674, "delta": 19.35499358177185}, "costs": {"total_cost": 192.0629374656156, "time_cost": 73.297, "final_distance_cost": 1.8349866914734467, "oscillation_cost": 26.180732706563095, "completition_cost": 0.0, "overshoot_cost": 51.55232557390405, "power_cost": 16.71527849121094, "noise_cost": 22.482614002464054, "n_waypoints_completed": 9, "tot_waypoints": 9}}
{"target": -183.0679961844571, "params": {"k_pid_pos": [0.9352438693779068, 0.037654019796256696, 0.05087512350060257], "k_pid_alt": [1.5053119354273952, 0.0, 0.9784217174193904], "k_pid_att": [33.679341343244396, 3.035666371618648, 0.24885467328015431], "k_pid_yaw": [0.5, 1e-06, 0.1], "k_pid_hsp": [0.17686247074597117, 0.0006818953533070124, 0.0], "k_pid_vsp": [151.74025608224198, 37.31010801806633, 3.207082666019401]}, "datetime": {"datetime": "2025-08-13 15:29:16", "elapsed": 20484.83309841156, "delta": 20.36564612388611}, "costs": {"total_cost": 183.0679961844571, "time_cost": 71.792, "final_distance_cost": 1.8346754445913542, "oscillation_cost": 27.282130170561796, "completition_cost": 0.0, "overshoot_cost": 50.934227230803806, "power_cost": 11.054070776367189, "noise_cost": 20.170892562132927, "n_waypoints_completed": 9, "tot_waypoints": 9}}
{"target": -193.16059607710008, "params": {"k_pid_pos": [1.1478185304902417, 0.0, 0.1768511672060232], "k_pid_alt": [1.676735041849251, 0.0, 0.9596816848837353], "k_pid_att": [38.72833290788298, 3.71365468225681, 0.24262927652704358], "k_pid_yaw": [0.5, 1e-06, 0.1], "k_pid_hsp": [0.26594454928864286, 0.0, 0.0], "k_pid_vsp": [91.67933326102677, 17.96540657512142, 1e-06]}, "datetime": {"datetime": "2025-08-13 15:29:36", "elapsed": 20504.05003118515, "delta": 19.216932773590088}, "costs": {"total_cost": 193.16059607710008, "time_cost": 71.575, "final_distance_cost": 1.8444162545957048, "oscillation_cost": 28.949395022166893, "completition_cost": 0.0, "overshoot_cost": 51.020696228731396, "power_cost": 17.602502478027343, "noise_cost": 22.168586093578735, "n_waypoints_completed": 9, "tot_waypoints": 9}}
{"target": -184.9355543561741, "params": {"k_pid_pos": [0.8211527018955286, 0.0, 0.009882554581318342], "k_pid_alt": [1.6069071619487831, 0.0, 0.9535700128123896], "k_pid_att": [35.37623607111086, 3.477258764389195, 0.2530470195199875], "k_pid_yaw": [0.5, 1e-06, 0.1], "k_pid_hsp": [0.2850022214247663, 0.0, 0.0], "k_pid_vsp": [128.81459510092216, 24.264594094520692, 1e-06]}, "datetime": {"datetime": "2025-08-13 15:29:56", "elapsed": 20524.19406914711, "delta": 20.14403796195984}, "costs": {"total_cost": 184.9355543561741, "time_cost": 72.114, "final_distance_cost": 1.8501754597521152, "oscillation_cost": 27.721214209995537, "completition_cost": 0.0, "overshoot_cost": 50.92084553214691, "power_cost": 11.549624194335937, "noise_cost": 20.779694959943615, "n_waypoints_completed": 9, "tot_waypoints": 9}}
{"target": -187.3257360571848, "params": {"k_pid_pos": [1.160447113852131, 0.0, 0.08226671233241897], "k_pid_alt": [1.6208182656565893, 0.0, 0.9380828637293631], "k_pid_att": [36.45439870249552, 3.363357776165838, 0.21692867638814567], "k_pid_yaw": [0.5, 1e-06, 0.1], "k_pid_hsp": [0.2752838310257768, 0.0, 0.0], "k_pid_vsp": [126.7495271405333, 22.290306405602486, 1e-06]}, "datetime": {"datetime": "2025-08-13 15:30:14", "elapsed": 20542.90251851082, "delta": 18.708449363708496}, "costs": {"total_cost": 187.3257360571848, "time_cost": 71.148, "final_distance_cost": 1.8383034035645442, "oscillation_cost": 29.90713620756067, "completition_cost": 0.0, "overshoot_cost": 50.95690653986791, "power_cost": 12.878942944335938, "noise_cost": 20.596446961855747, "n_waypoints_completed": 9, "tot_waypoints": 9}}
{"target": -186.25196486232926, "params": {"k_pid_pos": [1.0212840792441842, 0.0, 0.06846847034164043], "k_pid_alt": [1.6526896667635738, 0.0, 0.9380143552868155], "k_pid_att": [29.184364444664972, 1.2310410273248529, 0.28604085239060717], "k_pid_yaw": [0.5, 1e-06, 0.1], "k_pid_hsp": [0.12304284163817314, 0.0, 0.0], "k_pid_vsp": [165.95512776811324, 24.76906098618797, 1e-06]}, "datetime": {"datetime": "2025-08-13 15:30:33", "elapsed": 20561.327218532562, "delta": 18.424700021743774}, "costs": {"total_cost": 186.25196486232926, "time_cost": 72.002, "final_distance_cost": 1.8051658542281916, "oscillation_cost": 26.96650332489563, "completition_cost": 0.0, "overshoot_cost": 51.475268862600636, "power_cost": 13.112015197753907, "noise_cost": 20.891011622850886, "n_waypoints_completed": 9, "tot_waypoints": 9}}
{"target": -191.3454856119426, "params": {"k_pid_pos": [1.0518340624002935, 0.0, 0.11501056720619328], "k_pid_alt": [1.6264469398537764, 0.0, 0.942218134038705], "k_pid_att": [42.70443324796635, 2.7175512728571514, 0.25444143099939737], "k_pid_yaw": [0.5, 1e-06, 0.1], "k_pid_hsp": [0.28665752398368205, 0.0, 0.0], "k_pid_vsp": [118.21862939645088, 20.44406791052701, 1e-06]}, "datetime": {"datetime": "2025-08-13 15:30:52", "elapsed": 20580.36882519722, "delta": 19.041606664657593}, "costs": {"total_cost": 191.3454856119426, "time_cost": 71.715, "final_distance_cost": 1.831891147826777, "oscillation_cost": 28.569933716041334, "completition_cost": 0.0, "overshoot_cost": 51.31667809719433, "power_cost": 16.089224560546874, "noise_cost": 21.822758090333256, "n_waypoints_completed": 9, "tot_waypoints": 9}}
{"target": -190.05923197699846, "params": {"k_pid_pos": [0.9439988006922404, 0.0, 0.048655596138586624], "k_pid_alt": [1.3932096344142784, 0.0, 0.94894338082697], "k_pid_att": [39.52522710135816, 3.2290762824501846, 0.24642617814090925], "k_pid_yaw": [0.5, 1e-06, 0.1], "k_pid_hsp": [0.2627000556785327, 0.0, 0.0], "k_pid_vsp": [143.2186734530553, 12.577821597921464, 1e-06]}, "datetime": {"datetime": "2025-08-13 15:31:11", "elapsed": 20599.468883514404, "delta": 19.10005831718445}, "costs": {"total_cost": 190.05923197699846, "time_cost": 73.262, "final_distance_cost": 1.843981535552451, "oscillation_cost": 28.39977468948442, "completition_cost": 0.0, "overshoot_cost": 51.49689504816816, "power_cost": 13.731735290527345, "noise_cost": 21.324845413266075, "n_waypoints_completed": 9, "tot_waypoints": 9}}
{"target": -186.01335335630273, "params": {"k_pid_pos": [0.9610386644777591, 0.0, 0.11472460589808225], "k_pid_alt": [1.627955115139345, 0.0, 0.9490961729934387], "k_pid_att": [32.55279601847221, 3.5027184733211327, 0.24978328499725388], "k_pid_yaw": [0.5, 1e-06, 0.1], "k_pid_hsp": [0.27306059283510775, 0.0, 0.0], "k_pid_vsp": [125.9718312868749, 27.195833245630265, 1e-06]}, "datetime": {"datetime": "2025-08-13 15:31:30", "elapsed": 20618.533581256866, "delta": 19.064697742462158}, "costs": {"total_cost": 186.01335335630273, "time_cost": 71.715, "final_distance_cost": 1.8456666642972628, "oscillation_cost": 28.100970940099856, "completition_cost": 0.0, "overshoot_cost": 51.07459803655078, "power_cost": 12.470482482910157, "noise_cost": 20.80663523244466, "n_waypoints_completed": 9, "tot_waypoints": 9}}
{"target": -202.32663659565037, "params": {"k_pid_pos": [1.4545470424457003, 0.0, 0.08478732175070078], "k_pid_alt": [1.6501784923888907, 0.0, 0.9286462771083472], "k_pid_att": [36.252122525716345, 3.609876629507562, 0.2567675242859215], "k_pid_yaw": [0.5, 1e-06, 0.1], "k_pid_hsp": [0.07042634492319672, 0.0, 0.0], "k_pid_vsp": [125.24411108374541, 23.49564556287036, 1e-06]}, "datetime": {"datetime": "2025-08-13 15:31:51", "elapsed": 20639.458494901657, "delta": 20.92491364479065}, "costs": {"total_cost": 202.32663659565037, "time_cost": 74.46600000000001, "final_distance_cost": 1.7867668885105588, "oscillation_cost": 27.729305503363218, "completition_cost": 0.0, "overshoot_cost": 53.70973486542142, "power_cost": 21.323164367675783, "noise_cost": 23.31166497067938, "n_waypoints_completed": 9, "tot_waypoints": 9}}
{"target": -196.8077139367254, "params": {"k_pid_pos": [1.1075752205286262, 0.0, 0.055913324826539566], "k_pid_alt": [1.6449654438829275, 0.0, 0.9299799440547186], "k_pid_att": [28.686393526340023, 3.3130198361185403, 0.2665032878347496], "k_pid_yaw": [0.5, 1e-06, 0.1], "k_pid_hsp": [0.28916345282444195, 0.0, 0.0], "k_pid_vsp": [117.68641845952443, 3.0430606527768322, 1e-06]}, "datetime": {"datetime": "2025-08-13 15:32:12", "elapsed": 20660.30246782303, "delta": 20.84397292137146}, "costs": {"total_cost": 196.8077139367254, "time_cost": 72.21900000000001, "final_distance_cost": 1.8268624480908984, "oscillation_cost": 29.356267848817694, "completition_cost": 0.0, "overshoot_cost": 51.91844119698531, "power_cost": 18.77607667236328, "noise_cost": 22.711065770468217, "n_waypoints_completed": 9, "tot_waypoints": 9}}
{"target": -195.63344288582354, "params": {"k_pid_pos": [1.1496406396331027, 0.0, 0.05219724655707304], "k_pid_alt": [1.6212705264949718, 0.0, 0.9884956860037691], "k_pid_att": [34.848520434760886, 2.7782508302825946, 0.25283081722038775], "k_pid_yaw": [0.5, 1e-06, 0.1], "k_pid_hsp": [0.19720640176660995, 0.0, 0.0], "k_pid_vsp": [69.38114554174368, 20.136228194416162, 1e-06]}, "datetime": {"datetime": "2025-08-13 15:32:30", "elapsed": 20678.236508846283, "delta": 17.934041023254395}, "costs": {"total_cost": 195.63344288582354, "time_cost": 71.932, "final_distance_cost": 1.801079999715287, "oscillation_cost": 29.220217907244542, "completition_cost": 0.0, "overshoot_cost": 51.468728009142055, "power_cost": 18.859543408203127, "noise_cost": 22.35187356151852, "n_waypoints_completed": 9, "tot_waypoints": 9}}
{"target": -188.42523841153266, "params": {"k_pid_pos": [1.1557740274820136, 0.0, 0.162201777611247], "k_pid_alt": [2.0, 0.0, 0.9389938507417], "k_pid_att": [37.52624479365409, 3.8305620134405363, 0.2646460874014038], "k_pid_yaw": [0.5, 1e-06, 0.1], "k_pid_hsp": [0.25267445362303403, 0.0, 0.0], "k_pid_vsp": [124.34852787025778, 23.717965458925804, 1e-06]}, "datetime": {"datetime": "2025-08-13 15:32:47", "elapsed": 20695.50561952591, "delta": 17.269110679626465}, "costs": {"total_cost": 188.42523841153266, "time_cost": 70.46900000000001, "final_distance_cost": 1.8332621361715151, "oscillation_cost": 29.17166960574314, "completition_cost": 0.0, "overshoot_cost": 50.94900638459226, "power_cost": 14.824337683105469, "noise_cost": 21.177962601920257, "n_waypoints_completed": 9, "tot_waypoints": 9}}
{"target": -185.51631442656128, "params": {"k_pid_pos": [1.2036382255335627, 0.018336521962088095, 0.0], "k_pid_alt": [1.6965142909519089, 0.0, 0.9947326417239223], "k_pid_att": [30.776752725123732, 4.145762243270553, 0.2468335663027507], "k_pid_yaw": [0.5, 1e-06, 0.1], "k_pid_hsp": [0.2665129971559386, 0.0, 0.0], "k_pid_vsp": [162.8120049009219, 27.90883523298345, 0.25181921514592465]}, "datetime": {"datetime": "2025-08-13 15:33:05", "elapsed": 20713.269869565964, "delta": 17.76425004005432}, "costs": {"total_cost": 185.51631442656128, "time_cost": 70.595, "final_distance_cost": 1.8082502493632624, "oscillation_cost": 30.752766956843534, "completition_cost": 0.0, "overshoot_cost": 50.52622120870698, "power_cost": 11.779959924316406, "noise_cost": 20.05411608733111, "n_waypoints_completed": 9, "tot_waypoints": 9}}
{"target": -186.3676070258096, "params": {"k_pid_pos": [1.1477729543976896, 0.0, 0.05494828574623341], "k_pid_alt": [1.6985430232566439, 0.0, 0.961351327521556], "k_pid_att": [50.06416950909499, 3.3612204770843643, 0.2566486182580582], "k_pid_yaw": [0.5, 1e-06, 0.1], "k_pid_hsp": [0.29568688572861185, 0.0, 0.0], "k_pid_vsp": [109.51548350583718, 20.001222452878594, 1e-06]}, "datetime": {"datetime": "2025-08-13 15:33:23", "elapsed": 20731.452768802643, "delta": 18.182899236679077}, "costs": {"total_cost": 186.3676070258096, "time_cost": 70.987, "final_distance_cost": 1.8401038183266611, "oscillation_cost": 30.808347082033666, "completition_cost": 0.0, "overshoot_cost": 50.643109793199535, "power_cost": 11.872394360351564, "noise_cost": 20.216651971898177, "n_waypoints_completed": 9, "tot_waypoints": 9}}
{"target": -197.72073013477547, "params": {"k_pid_pos": [1.2998972992463942, 0.0, 0.08760458266278692], "k_pid_alt": [1.614011808106986, 0.0, 0.9647486156123102], "k_pid_att": [38.74939086790198, 3.453506147163664, 0.2728883397427561], "k_pid_yaw": [0.5, 1e-06, 0.1], "k_pid_hsp": [0.05817072584857719, 0.0, 0.0], "k_pid_vsp": [130.07334341182823, 20.376953306850705, 1e-06]}, "datetime": {"datetime": "2025-08-13 15:33:43", "elapsed": 20751.972989797592, "delta": 20.52022099494934}, "costs": {"total_cost": 197.72073013477547, "time_cost": 78.75, "final_distance_cost": 1.7699477627671298, "oscillation_cost": 26.09068307098361, "completition_cost": 0.0, "overshoot_cost": 54.0543793226625, "power_cost": 14.247367126464844, "noise_cost": 22.80835285189738, "n_waypoints_completed": 9, "tot_waypoints": 9}}
{"target": -186.52705383061604, "params": {"k_pid_pos": [1.2826783234634176, 0.06768783636845102, 0.10100324096702687], "k_pid_alt": [1.6515243217830773, 0.0, 0.9409622524513949], "k_pid_att": [34.48487379833818, 3.4046624471752716, 0.2517207174019439], "k_pid_yaw": [0.5, 1e-06, 0.1], "k_pid_hsp": [0.4455213465824839, 0.004889373072947805, 0.0], "k_pid_vsp": [126.23611734703304, 29.168781547489537, 6.083950432843754]}, "datetime": {"datetime": "2025-08-13 15:34:01", "elapsed": 20769.926352739334, "delta": 17.953362941741943}, "costs": {"total_cost": 186.52705383061604, "time_cost": 70.637, "final_distance_cost": 1.813094217965724, "oscillation_cost": 30.829032831326646, "completition_cost": 0.0, "overshoot_cost": 50.748862116581456, "power_cost": 12.225579431152344, "noise_cost": 20.273485233589874, "n_waypoints_completed": 9, "tot_waypoints": 9}}
{"target": -205.80937449687585, "params": {"k_pid_pos": [1.3349375771693541, 0.0, 0.049662176411267134], "k_pid_alt": [1.6123992004597076, 0.0, 0.9447902501418225], "k_pid_att": [2.404379364948145, 3.338121619043326, 0.267825227651157], "k_pid_yaw": [0.5, 1e-06, 0.1], "k_pid_hsp": [0.05492502034256089, 0.0, 0.0], "k_pid_vsp": [157.0124230458186, 4.560755155668548, 0.39484584986245663]}, "datetime": {"datetime": "2025-08-13 15:34:22", "elapsed": 20790.23031949997, "delta": 20.303966760635376}, "costs": {"total_cost": 205.80937449687585, "time_cost": 80.052, "final_distance_cost": 1.7826655195485293, "oscillation_cost": 27.77381948024892, "completition_cost": 0.0, "overshoot_cost": 54.449753062190446, "power_cost": 17.861777014160158, "noise_cost": 23.88935942072777, "n_waypoints_completed": 9, "tot_waypoints": 9}}
{"target": -197.40854294520977, "params": {"k_pid_pos": [1.080468950173941, 0.059128811794236284, 0.040306575497001736], "k_pid_alt": [1.567331808129444, 0.0, 0.9827070623444848], "k_pid_att": [28.780557843878327, 3.2230817510048846, 0.25601076542837703], "k_pid_yaw": [0.5, 1e-06, 0.1], "k_pid_hsp": [0.23596843914583698, 0.0, 0.0], "k_pid_vsp": [53.58863947706929, 4.754483478547002, 0.32272426636445845]}, "datetime": {"datetime": "2025-08-13 15:34:40", "elapsed": 20808.85037469864, "delta": 18.620055198669434}, "costs": {"total_cost": 197.40854294520977, "time_cost": 73.82900000000001, "final_distance_cost": 1.8259424121100667, "oscillation_cost": 30.252150980879854, "completition_cost": 0.0, "overshoot_cost": 51.5831268430587, "power_cost": 17.136587121582032, "noise_cost": 22.781735587579103, "n_waypoints_completed": 9, "tot_waypoints": 9}}
{"target": -180.95176868970773, "params": {"k_pid_pos": [1.1148111421877354, 0.0, 0.06569503517614089], "k_pid_alt": [1.6602553331045335, 0.0, 0.9535868190430365], "k_pid_att": [36.61622040670799, 3.1588463752627067, 0.25001119531511273], "k_pid_yaw": [0.5, 1e-06, 0.1], "k_pid_hsp": [0.2234165138880858, 0.0, 0.0], "k_pid_vsp": [104.57582245463333, 23.217988430043818, 1e-06]}, "datetime": {"datetime": "2025-08-13 15:34:58", "elapsed": 20826.334841012955, "delta": 17.484466314315796}, "costs": {"total_cost": 180.95176868970773, "time_cost": 70.609, "final_distance_cost": 1.8212657721494234, "oscillation_cost": 29.443727343112243, "completition_cost": 0.0, "overshoot_cost": 50.64186989938931, "power_cost": 9.293354797363282, "noise_cost": 19.14255087769347, "n_waypoints_completed": 9, "tot_waypoints": 9}}
{"target": -12889.892792136628, "params": {"k_pid_pos": [1.2592181172462005, 0.013621138386475358, 0.14680775530777085], "k_pid_alt": [1.641620939391065, 0.0, 0.9347875653041536], "k_pid_att": [0.0, 3.1532828820681766, 0.24907944234373486], "k_pid_yaw": [0.5, 1e-06, 0.1], "k_pid_hsp": [0.19337459557386513, 0.7571136656211199, 0.1628857781881999], "k_pid_vsp": [159.93760167834444, 213.58842458050745, 1e-06]}, "datetime": {"datetime": "2025-08-13 15:35:28", "elapsed": 20856.431962251663, "delta": 30.097121238708496}, "costs": {"total_cost": 12889.892792136628, "time_cost": 150, "final_distance_cost": 1041.376292113022, "oscillation_cost": 2242.0010096489323, "completition_cost": 1000.0, "overshoot_cost": 8245.056048912835, "power_cost": 58.928273669433594, "noise_cost": 152.53116779240537, "n_waypoints_completed": 0, "tot_waypoints": 9}}
{"target": -199.47700767654246, "params": {"k_pid_pos": [0.9369443945252758, 0.0, 0.13176956313501698], "k_pid_alt": [1.3516416356260863, 0.0, 1.0], "k_pid_att": [54.99766695822637, 1.8559251797812213, 0.2531380295856749], "k_pid_yaw": [0.5, 1e-06, 0.1], "k_pid_hsp": [0.3768262063110316, 0.02666089222449241, 0.0], "k_pid_vsp": [177.14361744463233, 1e-06, 1e-06]}, "datetime": {"datetime": "2025-08-13 15:35:46", "elapsed": 20874.925234556198, "delta": 18.493272304534912}, "costs": {"total_cost": 199.47700767654246, "time_cost": 75.11, "final_distance_cost": 1.845828462575098, "oscillation_cost": 29.18273385289437, "completition_cost": 0.0, "overshoot_cost": 51.446988759661465, "power_cost": 18.49526112060547, "noise_cost": 23.39619548080605, "n_waypoints_completed": 9, "tot_waypoints": 9}}
{"target": -196.07745711136027, "params": {"k_pid_pos": [1.1321589482488124, 0.0, 0.07186251019496688], "k_pid_alt": [1.6182449649909405, 0.0, 0.9572225119123531], "k_pid_att": [35.24579767576558, 3.387807817493672, 0.24993461062882735], "k_pid_yaw": [0.5, 1e-06, 0.1], "k_pid_hsp": [0.29077509859081085, 0.0, 0.0], "k_pid_vsp": [119.7251004196281, 20.005451190848564, 1e-06]}, "datetime": {"datetime": "2025-08-13 15:36:05", "elapsed": 20893.30753326416, "delta": 18.382298707962036}, "costs": {"total_cost": 196.07745711136027, "time_cost": 72.121, "final_distance_cost": 1.8285394764655318, "oscillation_cost": 29.39828480067118, "completition_cost": 0.0, "overshoot_cost": 51.42428686850435, "power_cost": 18.881374353027343, "noise_cost": 22.423971612691837, "n_waypoints_completed": 9, "tot_waypoints": 9}}
{"target": -186.06517315689626, "params": {"k_pid_pos": [1.1346261639005313, 0.0, 0.09404772309706781], "k_pid_alt": [1.6273537711395873, 0.0, 0.9368576462032367], "k_pid_att": [34.78892895164458, 2.8845789063300256, 0.23973283448437083], "k_pid_yaw": [0.5, 1e-06, 0.1], "k_pid_hsp": [0.2404308471160711, 0.0, 0.0], "k_pid_vsp": [106.67524358547222, 37.06007477460071, 1e-06]}, "datetime": {"datetime": "2025-08-13 15:36:23", "elapsed": 20911.722473859787, "delta": 18.41494059562683}, "costs": {"total_cost": 186.06517315689626, "time_cost": 70.679, "final_distance_cost": 1.8242940662944418, "oscillation_cost": 29.261136057026345, "completition_cost": 0.0, "overshoot_cost": 50.546515370937776, "power_cost": 13.1225876953125, "noise_cost": 20.631639967325224, "n_waypoints_completed": 9, "tot_waypoints": 9}}
{"target": -202.01385997639102, "params": {"k_pid_pos": [1.0656893942100263, 0.0010248170770525578, 0.07653669299380118], "k_pid_alt": [1.617316410653414, 0.0, 0.9414672005554694], "k_pid_att": [37.26960978991276, 3.7986932450819646, 0.05815900576070131], "k_pid_yaw": [0.5, 1e-06, 0.1], "k_pid_hsp": [0.5102870877457832, 0.0, 0.0], "k_pid_vsp": [127.74284933374737, 24.487000336764662, 1e-06]}, "datetime": {"datetime": "2025-08-13 15:36:42", "elapsed": 20930.518643140793, "delta": 18.79616928100586}, "costs": {"total_cost": 202.01385997639102, "time_cost": 72.464, "final_distance_cost": 1.8511381200150985, "oscillation_cost": 30.82857788335605, "completition_cost": 0.0, "overshoot_cost": 51.55923489958345, "power_cost": 21.99858310546875, "noise_cost": 23.312325967967666, "n_waypoints_completed": 9, "tot_waypoints": 9}}
{"target": -186.37997695675716, "params": {"k_pid_pos": [1.660857438156382, 0.0, 0.09115514806906516], "k_pid_alt": [1.6314594003383878, 0.0, 0.9466452536134035], "k_pid_att": [35.89956219762104, 3.315283091882707, 0.2539657851104959], "k_pid_yaw": [0.5, 1e-06, 0.1], "k_pid_hsp": [0.2680101257188147, 0.0, 0.0], "k_pid_vsp": [124.22594628097544, 23.17647557902613, 1e-06]}, "datetime": {"datetime": "2025-08-13 15:37:00", "elapsed": 20948.29117012024, "delta": 17.77252697944641}, "costs": {"total_cost": 186.37997695675716, "time_cost": 70.651, "final_distance_cost": 1.7763415259656024, "oscillation_cost": 32.47273184420215, "completition_cost": 0.0, "overshoot_cost": 50.66129500269926, "power_cost": 11.174863330078125, "noise_cost": 19.643745253812043, "n_waypoints_completed": 9, "tot_waypoints": 9}}
