{"target": -191.15359954117193, "params": {"k_pid_pos": [0.800948170885542, 0.0, 0.16851904461418263], "k_pid_alt": [1.6345305829301722, 0.0, 0.9475382057146745], "k_pid_att": [32.951711628686844, 3.495404250517755, 0.2614219393489193], "k_pid_yaw": [0.5, 1e-06, 0.1], "k_pid_hsp": [0.23438341790542092, 0.0, 0.0], "k_pid_vsp": [201.30567778263844, 14.882657464070121, 1e-06]}, "datetime": {"datetime": "2025-08-13 13:25:32", "elapsed": 13060.11228132248, "delta": 17.857115507125854}, "costs": {"total_cost": 191.15359954117193, "time_cost": 74.879, "final_distance_cost": 1.8516791148995122, "oscillation_cost": 26.33724977701932, "completition_cost": 0.0, "overshoot_cost": 51.11186271330488, "power_cost": 14.609353344726562, "noise_cost": 22.364454591221634, "n_waypoints_completed": 9, "tot_waypoints": 9}}
{"target": -1247.0064320601173, "params": {"k_pid_pos": [1.1585574476981626, 0.07151496116860073, 0.0807801328012534], "k_pid_alt": [1.8034929562687352, 0.0, 0.7209469216673251], "k_pid_att": [22.51486159355781, 3.1364296732238426, 0.15473206065410638], "k_pid_yaw": [0.5, 1e-06, 0.1], "k_pid_hsp": [0.0001, 0.0, 0.0], "k_pid_vsp": [173.16246658210758, 5.774171201530079, 1e-06]}, "datetime": {"datetime": "2025-08-13 13:26:00", "elapsed": 13088.501573562622, "delta": 28.389292240142822}, "costs": {"total_cost": 1247.0064320601173, "time_cost": 150, "final_distance_cost": 48.509916942799634, "oscillation_cost": 0.00991912728676044, "completition_cost": 888.8888888888888, "overshoot_cost": 105.57100620670144, "power_cost": 20.973719458007814, "noise_cost": 33.05298143643296, "n_waypoints_completed": 1, "tot_waypoints": 9}}
{"target": -194.5496537694454, "params": {"k_pid_pos": [0.8537862005243942, 0.0, 0.1822273814006631], "k_pid_alt": [1.5519154538037008, 0.0, 0.9636261947753254], "k_pid_att": [29.56657540312949, 2.997226355750789, 0.07954251177586391], "k_pid_yaw": [0.5, 1e-06, 0.1], "k_pid_hsp": [0.21926926196768726, 0.0, 0.0], "k_pid_vsp": [95.38695421422757, 10.272254264982797, 1e-06]}, "datetime": {"datetime": "2025-08-13 13:26:18", "elapsed": 13106.25108575821, "delta": 17.749512195587158}, "costs": {"total_cost": 194.5496537694454, "time_cost": 74.361, "final_distance_cost": 1.8460998521233396, "oscillation_cost": 27.30813027726765, "completition_cost": 0.0, "overshoot_cost": 51.541867533563185, "power_cost": 16.71858465576172, "noise_cost": 22.77397145072947, "n_waypoints_completed": 9, "tot_waypoints": 9}}
{"target": -204.20814167454688, "params": {"k_pid_pos": [1.1735429726181654, 0.0, 0.1360949195679525], "k_pid_alt": [1.2440875789568597, 0.6003956900708302, 0.9656989480521398], "k_pid_att": [31.612835981567628, 2.4145118244172448, 0.16963100380057483], "k_pid_yaw": [0.5, 1e-06, 0.1], "k_pid_hsp": [1.0738899396188155, 0.0, 0.0], "k_pid_vsp": [165.8450424607292, 1e-06, 0.5543824786600953]}, "datetime": {"datetime": "2025-08-13 13:26:36", "elapsed": 13124.613129854202, "delta": 18.362044095993042}, "costs": {"total_cost": 204.20814167454688, "time_cost": 78.617, "final_distance_cost": 1.7917260056654325, "oscillation_cost": 34.68532152569701, "completition_cost": 0.0, "overshoot_cost": 52.49723414418024, "power_cost": 14.425320971679689, "noise_cost": 22.191539027324488, "n_waypoints_completed": 9, "tot_waypoints": 9}}
{"target": -197.10638845106152, "params": {"k_pid_pos": [1.0520583346726862, 0.0, 0.1729761831682222], "k_pid_alt": [1.664996756708194, 0.0, 1.0], "k_pid_att": [27.24450326022325, 2.450249206014682, 0.18015657904775867], "k_pid_yaw": [0.5, 1e-06, 0.1], "k_pid_hsp": [0.2191844432085423, 0.06909562229025103, 0.0], "k_pid_vsp": [138.29501810169765, 1e-06, 1e-06]}, "datetime": {"datetime": "2025-08-13 13:26:53", "elapsed": 13141.415437459946, "delta": 16.802307605743408}, "costs": {"total_cost": 197.10638845106152, "time_cost": 72.324, "final_distance_cost": 1.857484906008785, "oscillation_cost": 32.75141663137941, "completition_cost": 0.0, "overshoot_cost": 51.19539363262404, "power_cost": 16.71975197753906, "noise_cost": 22.258341303510225, "n_waypoints_completed": 9, "tot_waypoints": 9}}
{"target": -186.59122500395426, "params": {"k_pid_pos": [0.7711844696210187, 0.10220782860674367, 0.0], "k_pid_alt": [1.5862480700096162, 0.0, 0.9706575716800432], "k_pid_att": [30.50723553912644, 3.391079288553125, 0.23455298942975666], "k_pid_yaw": [0.5, 1e-06, 0.1], "k_pid_hsp": [0.13216004962701283, 0.002448783732540186, 0.0], "k_pid_vsp": [119.70386610036118, 4.68564322455406, 0.24255473375180803]}, "datetime": {"datetime": "2025-08-13 13:27:11", "elapsed": 13159.746925115585, "delta": 18.33148765563965}, "costs": {"total_cost": 186.59122500395426, "time_cost": 76.328, "final_distance_cost": 1.8159727825172551, "oscillation_cost": 25.621697473389798, "completition_cost": 0.0, "overshoot_cost": 51.53196301392889, "power_cost": 10.4140609375, "noise_cost": 20.879530796618287, "n_waypoints_completed": 9, "tot_waypoints": 9}}
{"target": -192.8209346875654, "params": {"k_pid_pos": [1.2292437126824665, 0.0, 0.22954966837859386], "k_pid_alt": [1.6784189055788006, 0.0, 0.9758415131574156], "k_pid_att": [36.490679643999286, 2.5538699082936023, 0.18337859538966528], "k_pid_yaw": [0.5, 1e-06, 0.1], "k_pid_hsp": [0.2714067583305324, 0.0, 0.0], "k_pid_vsp": [87.00352771400956, 4.60835499492832, 1e-06]}, "datetime": {"datetime": "2025-08-13 13:27:29", "elapsed": 13177.199325084686, "delta": 17.452399969100952}, "costs": {"total_cost": 192.8209346875654, "time_cost": 72.31700000000001, "final_distance_cost": 1.8306033440600316, "oscillation_cost": 29.447199476178014, "completition_cost": 0.0, "overshoot_cost": 51.67697950777445, "power_cost": 15.43774842529297, "noise_cost": 22.11140393425991, "n_waypoints_completed": 9, "tot_waypoints": 9}}
{"target": -200.94690548962953, "params": {"k_pid_pos": [0.6201291373016397, 0.0, 0.0], "k_pid_alt": [1.437189990298609, 0.0, 0.9733679043401724], "k_pid_att": [30.761302036458737, 3.0551047792157036, 0.26293961814809724], "k_pid_yaw": [0.5, 1e-06, 0.1], "k_pid_hsp": [0.28258730679666155, 0.0, 0.0], "k_pid_vsp": [160.22481156366186, 6.414109288483804, 1e-06]}, "datetime": {"datetime": "2025-08-13 13:27:47", "elapsed": 13195.357616186142, "delta": 18.15829110145569}, "costs": {"total_cost": 200.94690548962953, "time_cost": 77.98, "final_distance_cost": 1.8466423257477846, "oscillation_cost": 26.423259002785635, "completition_cost": 0.0, "overshoot_cost": 51.89916999763633, "power_cost": 18.60065456542969, "noise_cost": 24.197179598030093, "n_waypoints_completed": 9, "tot_waypoints": 9}}
{"target": -196.01939678135957, "params": {"k_pid_pos": [2.0, 0.0, 0.09708147489331097], "k_pid_alt": [1.4305374619326383, 0.0, 0.9710157695861037], "k_pid_att": [15.034837545843866, 2.9675035426880623, 0.332564709255334], "k_pid_yaw": [0.5, 1e-06, 0.1], "k_pid_hsp": [0.25000298871171206, 0.0, 0.0], "k_pid_vsp": [156.8305870731493, 1e-06, 1e-06]}, "datetime": {"datetime": "2025-08-13 13:28:04", "elapsed": 13212.266067266464, "delta": 16.908451080322266}, "costs": {"total_cost": 196.01939678135957, "time_cost": 72.674, "final_distance_cost": 1.798389902392661, "oscillation_cost": 34.04009150259207, "completition_cost": 0.0, "overshoot_cost": 51.49535782309671, "power_cost": 14.751162744140625, "noise_cost": 21.260394809137516, "n_waypoints_completed": 9, "tot_waypoints": 9}}
{"target": -188.3473856078575, "params": {"k_pid_pos": [1.1152001236689708, 0.0, 0.10125465121310397], "k_pid_alt": [1.5200375190474409, 0.0, 0.9692923454905961], "k_pid_att": [26.719648705603475, 2.4948705380403813, 0.3658726861176145], "k_pid_yaw": [0.5, 1e-06, 0.1], "k_pid_hsp": [0.16702963032306442, 0.0, 0.0], "k_pid_vsp": [168.93028248537155, 9.735454368869775, 1e-06]}, "datetime": {"datetime": "2025-08-13 13:28:21", "elapsed": 13229.573714017868, "delta": 17.30764675140381}, "costs": {"total_cost": 188.3473856078575, "time_cost": 72.303, "final_distance_cost": 1.8292293056918512, "oscillation_cost": 28.447244320843183, "completition_cost": 0.0, "overshoot_cost": 51.46034781203391, "power_cost": 13.37021025390625, "noise_cost": 20.93735391538231, "n_waypoints_completed": 9, "tot_waypoints": 9}}
{"target": -192.72448873026838, "params": {"k_pid_pos": [0.9709342411093889, 0.0, 0.0], "k_pid_alt": [1.5432724341831552, 0.0, 0.9761955667908156], "k_pid_att": [25.240116533295677, 1.3104792118310762, 0.2898218576615452], "k_pid_yaw": [0.5, 1e-06, 0.1], "k_pid_hsp": [0.227188786262859, 0.0, 0.0], "k_pid_vsp": [167.18407582976752, 1e-06, 1e-06]}, "datetime": {"datetime": "2025-08-13 13:28:39", "elapsed": 13247.104964971542, "delta": 17.531250953674316}, "costs": {"total_cost": 192.72448873026838, "time_cost": 72.667, "final_distance_cost": 1.8326837200023938, "oscillation_cost": 28.43562885365997, "completition_cost": 0.0, "overshoot_cost": 51.54006025431843, "power_cost": 16.25339675292969, "noise_cost": 21.995719149357882, "n_waypoints_completed": 9, "tot_waypoints": 9}}
{"target": -206.8537153004941, "params": {"k_pid_pos": [1.2690968381395975, 0.0, 0.06191695636141159], "k_pid_alt": [1.6725630290388374, 0.0, 0.9689065475933895], "k_pid_att": [39.15140222094806, 2.80419122958645, 0.24480376596585995], "k_pid_yaw": [0.5, 1e-06, 0.1], "k_pid_hsp": [0.28390723538936885, 0.0, 0.0], "k_pid_vsp": [162.9610973240454, 7.072038318066136, 1e-06]}, "datetime": {"datetime": "2025-08-13 13:28:57", "elapsed": 13265.330813646317, "delta": 18.22584867477417}, "costs": {"total_cost": 206.8537153004941, "time_cost": 75.054, "final_distance_cost": 1.8286206464686026, "oscillation_cost": 31.739523162878932, "completition_cost": 0.0, "overshoot_cost": 52.91425441141811, "power_cost": 21.860518811035156, "noise_cost": 23.45679826869329, "n_waypoints_completed": 9, "tot_waypoints": 9}}
{"target": -207.06138794902938, "params": {"k_pid_pos": [1.3364456573410541, 0.0, 0.05463464323903511], "k_pid_alt": [1.5998103796206664, 0.0, 0.981374284516378], "k_pid_att": [31.522634131367845, 3.0299438524391586, 0.20733253195657375], "k_pid_yaw": [0.5, 1e-06, 0.1], "k_pid_hsp": [0.3356925688509727, 0.0, 0.0], "k_pid_vsp": [129.02628855936263, 8.530342004936502, 1e-06]}, "datetime": {"datetime": "2025-08-13 13:29:15", "elapsed": 13283.290820121765, "delta": 17.96000647544861}, "costs": {"total_cost": 207.06138794902938, "time_cost": 74.494, "final_distance_cost": 1.8038972588165705, "oscillation_cost": 32.38825615189159, "completition_cost": 0.0, "overshoot_cost": 52.156217998661205, "power_cost": 22.730696533203126, "noise_cost": 23.488320006456902, "n_waypoints_completed": 9, "tot_waypoints": 9}}
{"target": -198.85575533021031, "params": {"k_pid_pos": [1.1575201765272198, 0.0, 0.10810977156754992], "k_pid_alt": [1.608865008452089, 0.0, 0.9670393697856278], "k_pid_att": [32.212524016109235, 3.557543023079047, 0.2785581190962524], "k_pid_yaw": [0.5, 1e-06, 0.1], "k_pid_hsp": [0.27370824933602567, 0.0, 0.0], "k_pid_vsp": [139.39235417415935, 8.080981753654017, 3.216337203519397]}, "datetime": {"datetime": "2025-08-13 13:29:32", "elapsed": 13300.831437826157, "delta": 17.54061770439148}, "costs": {"total_cost": 198.85575533021031, "time_cost": 73.318, "final_distance_cost": 1.8356417099760143, "oscillation_cost": 30.246811980398956, "completition_cost": 0.0, "overshoot_cost": 51.6562935931547, "power_cost": 19.212956762695313, "noise_cost": 22.586051283985352, "n_waypoints_completed": 9, "tot_waypoints": 9}}
{"target": -192.36675656407039, "params": {"k_pid_pos": [1.0539618389757304, 0.0, 0.034212206668728484], "k_pid_alt": [1.6967344692660782, 0.0, 0.9625850544985837], "k_pid_att": [30.622796062169517, 3.139056061131927, 0.30273147066922723], "k_pid_yaw": [0.5, 1e-06, 0.1], "k_pid_hsp": [0.20686678731630218, 0.0, 0.0], "k_pid_vsp": [118.91057271045929, 7.05491930965867, 1e-06]}, "datetime": {"datetime": "2025-08-13 13:29:50", "elapsed": 13318.11462187767, "delta": 17.283184051513672}, "costs": {"total_cost": 192.36675656407039, "time_cost": 72.191, "final_distance_cost": 1.8299427023319643, "oscillation_cost": 28.72108503694376, "completition_cost": 0.0, "overshoot_cost": 51.833537296986144, "power_cost": 15.988558959960939, "noise_cost": 21.802632567847592, "n_waypoints_completed": 9, "tot_waypoints": 9}}
{"target": -190.12813783186743, "params": {"k_pid_pos": [1.2362594733263947, 0.0, 0.23161286481375715], "k_pid_alt": [1.6204259486027481, 0.0, 0.9541446011748507], "k_pid_att": [31.803184556692848, 2.5435809687715896, 0.06845187619422308], "k_pid_yaw": [0.5, 1e-06, 0.1], "k_pid_hsp": [0.18581526220129352, 0.0, 0.0], "k_pid_vsp": [132.95723310765675, 1.4558321379414618, 1e-06]}, "datetime": {"datetime": "2025-08-13 13:30:07", "elapsed": 13335.460755586624, "delta": 17.346133708953857}, "costs": {"total_cost": 190.12813783186743, "time_cost": 72.562, "final_distance_cost": 1.836266977064445, "oscillation_cost": 30.402352261732187, "completition_cost": 0.0, "overshoot_cost": 51.674315228449, "power_cost": 12.766761975097657, "noise_cost": 20.88644138952415, "n_waypoints_completed": 9, "tot_waypoints": 9}}
{"target": -214.5905185929208, "params": {"k_pid_pos": [1.257430089703385, 0.226944466935734, 0.16357203384976915], "k_pid_alt": [0.7207154152464157, 0.0, 0.9710200984744025], "k_pid_att": [59.6829968825125, 3.2041717347612853, 0.3755005738168935], "k_pid_yaw": [0.5, 1e-06, 0.1], "k_pid_hsp": [0.27908999289064085, 0.0, 0.0], "k_pid_vsp": [251.38699305265612, 7.2849031493136005, 1e-06]}, "datetime": {"datetime": "2025-08-13 13:30:28", "elapsed": 13356.810450315475, "delta": 21.34969472885132}, "costs": {"total_cost": 214.5905185929208, "time_cost": 89.08200000000001, "final_distance_cost": 1.8617163673282848, "oscillation_cost": 34.10991246789002, "completition_cost": 0.0, "overshoot_cost": 51.92356204715395, "power_cost": 12.431978662109376, "noise_cost": 25.18134904843915, "n_waypoints_completed": 9, "tot_waypoints": 9}}
{"target": -191.32678563751492, "params": {"k_pid_pos": [1.2013397334464495, 0.03154036111208027, 0.21473285139130777], "k_pid_alt": [1.9220010508928493, 0.0, 0.9838832146224483], "k_pid_att": [35.207283518861765, 3.4313342049509936, 0.23663517999181602], "k_pid_yaw": [0.5, 1e-06, 0.1], "k_pid_hsp": [0.20741948944058058, 0.0, 0.0], "k_pid_vsp": [218.1787134283968, 4.038527925812959, 2.340338698178596]}, "datetime": {"datetime": "2025-08-13 13:30:45", "elapsed": 13373.579669952393, "delta": 16.769219636917114}, "costs": {"total_cost": 191.32678563751492, "time_cost": 71.785, "final_distance_cost": 1.8321389855784926, "oscillation_cost": 28.709369607617962, "completition_cost": 0.0, "overshoot_cost": 51.58103368419983, "power_cost": 15.665029565429688, "noise_cost": 21.75421379468894, "n_waypoints_completed": 9, "tot_waypoints": 9}}
{"target": -188.36588180161496, "params": {"k_pid_pos": [0.8075097833438577, 0.0, 0.11343362356697732], "k_pid_alt": [1.7834967420367047, 0.0, 0.9704379831617573], "k_pid_att": [25.34533876485827, 3.15989019337281, 0.2769234705177537], "k_pid_yaw": [0.5, 1e-06, 0.1], "k_pid_hsp": [0.13215049822614428, 0.0, 0.0], "k_pid_vsp": [164.89931017838617, 4.095897953701217, 1e-06]}, "datetime": {"datetime": "2025-08-13 13:31:03", "elapsed": 13391.934567689896, "delta": 18.35489773750305}, "costs": {"total_cost": 188.36588180161496, "time_cost": 73.22, "final_distance_cost": 1.837328409507259, "oscillation_cost": 24.950340788908342, "completition_cost": 0.0, "overshoot_cost": 52.039236640568504, "power_cost": 14.4851716796875, "noise_cost": 21.833804282943344, "n_waypoints_completed": 9, "tot_waypoints": 9}}
{"target": -213.67245585318756, "params": {"k_pid_pos": [0.47552273718594873, 0.10281102200380986, 0.04636379367509709], "k_pid_alt": [1.6170141237531888, 0.0, 0.9612811580196922], "k_pid_att": [14.327387837934246, 3.24517770513034, 0.21250867305111523], "k_pid_yaw": [0.5, 1e-06, 0.1], "k_pid_hsp": [0.5439641196463407, 0.0, 0.0], "k_pid_vsp": [137.18464468596338, 6.12174618509342, 0.3513951283712534]}, "datetime": {"datetime": "2025-08-13 13:31:28", "elapsed": 13415.985203504562, "delta": 24.050635814666748}, "costs": {"total_cost": 213.67245585318756, "time_cost": 83.909, "final_distance_cost": 1.8490679109778916, "oscillation_cost": 25.755521935718903, "completition_cost": 0.0, "overshoot_cost": 53.071190273549654, "power_cost": 22.397857373046875, "noise_cost": 26.689818359894232, "n_waypoints_completed": 9, "tot_waypoints": 9}}
{"target": -1257.9107574266607, "params": {"k_pid_pos": [1.2385456968031625, 0.0778075867123198, 0.0], "k_pid_alt": [1.6948435353200901, 0.0, 1.0], "k_pid_att": [32.79443364589052, 3.0698827751501057, 0.22906353591308293], "k_pid_yaw": [0.5, 1e-06, 0.1], "k_pid_hsp": [0.0001, 0.031932937724244825, 0.0], "k_pid_vsp": [169.88738683869434, 1.0463687362044616, 2.586099353666301]}, "datetime": {"datetime": "2025-08-13 13:32:00", "elapsed": 13448.397257566452, "delta": 32.41205406188965}, "costs": {"total_cost": 1257.9107574266607, "time_cost": 150, "final_distance_cost": 61.99092923801393, "oscillation_cost": 16.4494358904584, "completition_cost": 888.8888888888888, "overshoot_cost": 73.54241596910117, "power_cost": 31.977459765625003, "noise_cost": 35.061627674573366, "n_waypoints_completed": 1, "tot_waypoints": 9}}
{"target": -211.07503499653484, "params": {"k_pid_pos": [1.1789841247379953, 0.0, 0.016060231120495667], "k_pid_alt": [1.5678254814641062, 0.0, 0.9918785956378536], "k_pid_att": [23.37657496295339, 3.5764018495838656, 0.3239810079611448], "k_pid_yaw": [0.5, 1e-06, 0.1], "k_pid_hsp": [0.11320285667753348, 0.0, 0.0], "k_pid_vsp": [128.89513125014903, 6.638880424721079, 0.08477228914589005]}, "datetime": {"datetime": "2025-08-13 13:32:18", "elapsed": 13466.456103563309, "delta": 18.05884599685669}, "costs": {"total_cost": 211.07503499653484, "time_cost": 75.124, "final_distance_cost": 1.794210024291727, "oscillation_cost": 30.048413899345633, "completition_cost": 0.0, "overshoot_cost": 52.52666696727923, "power_cost": 26.68291259765625, "noise_cost": 24.898831507962, "n_waypoints_completed": 9, "tot_waypoints": 9}}
{"target": -210.23096999513447, "params": {"k_pid_pos": [0.9184517751353787, 0.14299233952273066, 0.030627045519832974], "k_pid_alt": [1.5952372507926253, 0.0, 0.9711272470510358], "k_pid_att": [5.904032953616907, 2.355600268491142, 0.16542959316866057], "k_pid_yaw": [0.5, 1e-06, 0.1], "k_pid_hsp": [0.7125244563476703, 0.0, 0.0], "k_pid_vsp": [155.0869947756552, 5.73205193556323, 1e-06]}, "datetime": {"datetime": "2025-08-13 13:32:49", "elapsed": 13497.777148246765, "delta": 31.32104468345642}, "costs": {"total_cost": 210.23096999513447, "time_cost": 76.482, "final_distance_cost": 1.8201734128270632, "oscillation_cost": 34.787795801930216, "completition_cost": 0.0, "overshoot_cost": 51.59584580205283, "power_cost": 21.507872265625, "noise_cost": 24.037282712699387, "n_waypoints_completed": 9, "tot_waypoints": 9}}
{"target": -191.9815969472785, "params": {"k_pid_pos": [1.284222776167812, 0.0, 0.03735377717402469], "k_pid_alt": [1.8814693701130298, 0.0, 0.9821721761592878], "k_pid_att": [31.790359519697553, 3.845909721550657, 0.027336837868698782], "k_pid_yaw": [0.5, 1e-06, 0.1], "k_pid_hsp": [0.3920730067558563, 0.0, 0.0], "k_pid_vsp": [128.47398986593345, 1e-06, 1e-06]}, "datetime": {"datetime": "2025-08-13 13:33:09", "elapsed": 13517.520355463028, "delta": 19.743207216262817}, "costs": {"total_cost": 191.9815969472785, "time_cost": 71.232, "final_distance_cost": 1.809040058243949, "oscillation_cost": 34.51192399059058, "completition_cost": 0.0, "overshoot_cost": 51.09267207682342, "power_cost": 12.611658422851564, "noise_cost": 20.724302398768973, "n_waypoints_completed": 9, "tot_waypoints": 9}}
{"target": -638.9774968378954, "params": {"k_pid_pos": [1.2858038881983094, 0.016861630696542215, 0.0], "k_pid_alt": [1.0313974001635908, 0.052522408420126135, 1.0], "k_pid_att": [9.209424894592075, 6.756689184592038, 0.23149032973335426], "k_pid_yaw": [0.5, 1e-06, 0.1], "k_pid_hsp": [4.383532465849843, 1.0, 0.0], "k_pid_vsp": [232.1931365885899, 214.31069202935723, 247.2236257278471]}, "datetime": {"datetime": "2025-08-13 13:33:44", "elapsed": 13551.994478225708, "delta": 34.474122762680054}, "costs": {"total_cost": 638.9774968378954, "time_cost": 150, "final_distance_cost": 74.19051344753501, "oscillation_cost": 57.41303880812611, "completition_cost": 222.2222222222222, "overshoot_cost": 83.22220581048079, "power_cost": 26.515175134277346, "noise_cost": 25.414341415253972, "n_waypoints_completed": 7, "tot_waypoints": 9}}
{"target": -188.6815365959858, "params": {"k_pid_pos": [1.4963998779537186, 0.0, 0.194343885578593], "k_pid_alt": [1.437542251124232, 0.0, 0.9738093253032558], "k_pid_att": [22.95285598565405, 3.2667374863147374, 0.213719905929684], "k_pid_yaw": [0.5, 1e-06, 0.1], "k_pid_hsp": [0.31634077158669915, 0.02757102884343695, 0.0], "k_pid_vsp": [151.3385505094619, 6.627155751433758, 1e-06]}, "datetime": {"datetime": "2025-08-13 13:34:01", "elapsed": 13569.424360513687, "delta": 17.429882287979126}, "costs": {"total_cost": 188.6815365959858, "time_cost": 72.002, "final_distance_cost": 1.806190510314649, "oscillation_cost": 31.580402429015667, "completition_cost": 0.0, "overshoot_cost": 50.9273092164683, "power_cost": 12.137627465820312, "noise_cost": 20.228006974366874, "n_waypoints_completed": 9, "tot_waypoints": 9}}
