{"target": -176.84403359497435, "params": {"k_pid_pos": [0.7126852864415307, 0.0, 0.04147722762220968], "k_pid_alt": [1.9144802264817478, 0.0, 0.9502967109524149], "k_pid_att": [32.64882325399137, 3.57043386180183, 0.2810337700420275], "k_pid_yaw": [0.5, 1e-06, 0.1], "k_pid_hsp": [0.11924048019661468, 0.0, 0.0], "k_pid_vsp": [94.27768095932387, 38.848897487418725, 1e-06]}, "datetime": {"datetime": "2025-08-13 22:29:48", "elapsed": 45716.153888463974, "delta": 17.055991888046265}, "costs": {"total_cost": 176.84403359497435, "time_cost": 71.771, "final_distance_cost": 1.8286966281763424, "oscillation_cost": 23.37854156814613, "completition_cost": 0.0, "overshoot_cost": 50.960478365337195, "power_cost": 9.203848498535157, "noise_cost": 19.70146853477952, "n_waypoints_completed": 9, "tot_waypoints": 9}}
{"target": -191.06746824343523, "params": {"k_pid_pos": [0.7725512003014212, 0.0, 0.04519116327063359], "k_pid_alt": [1.8590178854025823, 0.0, 0.9462407766019194], "k_pid_att": [32.42422395317771, 3.719351503879982, 0.2719511222007823], "k_pid_yaw": [0.5, 1e-06, 0.1], "k_pid_hsp": [0.13549459606131603, 0.0, 0.0], "k_pid_vsp": [95.00934308876653, 32.21845600528713, 1e-06]}, "datetime": {"datetime": "2025-08-13 22:30:06", "elapsed": 45734.6257584095, "delta": 18.471869945526123}, "costs": {"total_cost": 191.06746824343523, "time_cost": 72.345, "final_distance_cost": 1.826432533083163, "oscillation_cost": 24.818518208133526, "completition_cost": 0.0, "overshoot_cost": 51.90239427708241, "power_cost": 17.9803560546875, "noise_cost": 22.194767170448642, "n_waypoints_completed": 9, "tot_waypoints": 9}}
{"target": -190.3980991169919, "params": {"k_pid_pos": [1.2563714562576036, 0.0, 0.04993296745977077], "k_pid_alt": [1.5823132241921023, 0.0, 0.9483562530782788], "k_pid_att": [35.52186263380246, 3.7673629978707472, 0.26162757496289984], "k_pid_yaw": [0.5, 1e-06, 0.1], "k_pid_hsp": [0.22731447572854233, 0.0, 0.0], "k_pid_vsp": [116.69868869299269, 24.300272138587836, 1e-06]}, "datetime": {"datetime": "2025-08-13 22:30:24", "elapsed": 45752.79243063927, "delta": 18.166672229766846}, "costs": {"total_cost": 190.3980991169919, "time_cost": 71.309, "final_distance_cost": 1.8015652781845657, "oscillation_cost": 30.42518834372371, "completition_cost": 0.0, "overshoot_cost": 50.93506405265448, "power_cost": 14.87698651123047, "noise_cost": 21.050294931198664, "n_waypoints_completed": 9, "tot_waypoints": 9}}
{"target": -186.7549764523861, "params": {"k_pid_pos": [1.1124945129108141, 0.0, 0.041287371449794746], "k_pid_alt": [1.9286683014391093, 0.0, 0.9551563030973513], "k_pid_att": [31.606427865231122, 3.759922646023084, 0.22307444173065], "k_pid_yaw": [0.5, 1e-06, 0.1], "k_pid_hsp": [0.12857651779875529, 0.0, 0.0], "k_pid_vsp": [119.47869560328897, 26.557875660286108, 1e-06]}, "datetime": {"datetime": "2025-08-13 22:30:41", "elapsed": 45769.54038119316, "delta": 16.747950553894043}, "costs": {"total_cost": 186.7549764523861, "time_cost": 70.651, "final_distance_cost": 1.8009814646078541, "oscillation_cost": 28.34759990797249, "completition_cost": 0.0, "overshoot_cost": 51.29612167896069, "power_cost": 13.860918701171876, "noise_cost": 20.798354699673204, "n_waypoints_completed": 9, "tot_waypoints": 9}}
{"target": -184.58997455238816, "params": {"k_pid_pos": [0.8411535665437662, 0.0, 0.0073899994181061395], "k_pid_alt": [1.922187213320271, 0.0, 0.9482003284433451], "k_pid_att": [34.030549914016675, 3.578791380145968, 0.27591980417707546], "k_pid_yaw": [0.5, 1e-06, 0.1], "k_pid_hsp": [0.11470104947650801, 0.0, 0.0], "k_pid_vsp": [127.96552042671345, 25.880936753371028, 1e-06]}, "datetime": {"datetime": "2025-08-13 22:31:00", "elapsed": 45788.26946783066, "delta": 18.72908663749695}, "costs": {"total_cost": 184.58997455238816, "time_cost": 71.547, "final_distance_cost": 1.8245517724067886, "oscillation_cost": 25.267797228348996, "completition_cost": 0.0, "overshoot_cost": 51.61245364388421, "power_cost": 13.381530151367189, "noise_cost": 20.956641756380957, "n_waypoints_completed": 9, "tot_waypoints": 9}}
{"target": -196.34378663452154, "params": {"k_pid_pos": [1.0824884271409572, 0.001499653765664861, 0.0197258535987538], "k_pid_alt": [1.953134460852655, 0.0, 0.8985715988739218], "k_pid_att": [33.45543533484022, 3.6374267098140933, 0.24547919376379335], "k_pid_yaw": [0.5, 1e-06, 0.1], "k_pid_hsp": [0.1582244913977372, 0.0, 0.0], "k_pid_vsp": [140.72454897773432, 46.84335801124016, 1e-06]}, "datetime": {"datetime": "2025-08-13 22:31:17", "elapsed": 45805.69564175606, "delta": 17.42617392539978}, "costs": {"total_cost": 196.34378663452154, "time_cost": 71.757, "final_distance_cost": 1.8249135844104858, "oscillation_cost": 28.412307541639628, "completition_cost": 0.0, "overshoot_cost": 52.154311419886255, "power_cost": 19.798731164550784, "noise_cost": 22.39652292403438, "n_waypoints_completed": 9, "tot_waypoints": 9}}
{"target": -200.89465737156306, "params": {"k_pid_pos": [0.744369309907095, 0.0, 0.09488734932661273], "k_pid_alt": [1.9136250208647354, 0.0, 0.9428354420500511], "k_pid_att": [25.732211578802282, 3.4502345401560435, 0.26107683892242545], "k_pid_yaw": [0.5, 1e-06, 0.1], "k_pid_hsp": [0.11186186528531077, 0.0, 0.0], "k_pid_vsp": [150.73475899923136, 32.60830403605085, 1e-06]}, "datetime": {"datetime": "2025-08-13 22:31:36", "elapsed": 45824.39098596573, "delta": 18.69534420967102}, "costs": {"total_cost": 200.89465737156306, "time_cost": 73.19200000000001, "final_distance_cost": 1.8231586853239858, "oscillation_cost": 23.5143129776473, "completition_cost": 0.0, "overshoot_cost": 52.628266801219425, "power_cost": 25.001983349609375, "noise_cost": 24.73493555776296, "n_waypoints_completed": 9, "tot_waypoints": 9}}
{"target": -192.56570137058236, "params": {"k_pid_pos": [1.4232585681314984, 0.0, 0.0324236053468778], "k_pid_alt": [1.9003843907259683, 0.0, 0.9646550490478129], "k_pid_att": [32.94808064362994, 3.61473284470247, 0.2713533953535937], "k_pid_yaw": [0.5, 1e-06, 0.1], "k_pid_hsp": [0.1252367752655148, 0.0, 0.0], "k_pid_vsp": [143.47828141438612, 52.98698058120216, 1e-06]}, "datetime": {"datetime": "2025-08-13 22:31:53", "elapsed": 45841.858607530594, "delta": 17.467621564865112}, "costs": {"total_cost": 192.56570137058236, "time_cost": 70.91, "final_distance_cost": 1.774528255539429, "oscillation_cost": 30.973266305092743, "completition_cost": 0.0, "overshoot_cost": 51.44211407248536, "power_cost": 16.117564611816405, "noise_cost": 21.34822812564839, "n_waypoints_completed": 9, "tot_waypoints": 9}}
{"target": -182.42155853636686, "params": {"k_pid_pos": [1.0091509834429089, 0.0, 0.014203426929121342], "k_pid_alt": [1.814028260077346, 0.0, 0.9512513055338134], "k_pid_att": [31.74132851363737, 3.6676621710223896, 0.2753575517639122], "k_pid_yaw": [0.5, 1e-06, 0.1], "k_pid_hsp": [0.1563943242713225, 0.0, 0.0], "k_pid_vsp": [66.53823580649305, 31.175110791519298, 1e-06]}, "datetime": {"datetime": "2025-08-13 22:32:10", "elapsed": 45858.51044392586, "delta": 16.651836395263672}, "costs": {"total_cost": 182.42155853636686, "time_cost": 70.32900000000001, "final_distance_cost": 1.802940741168119, "oscillation_cost": 28.04376463893116, "completition_cost": 0.0, "overshoot_cost": 50.327775285577964, "power_cost": 11.845536889648438, "noise_cost": 20.072540981041175, "n_waypoints_completed": 9, "tot_waypoints": 9}}
{"target": -188.3034235826129, "params": {"k_pid_pos": [0.7343335994034895, 0.0, 0.003319254159363092], "k_pid_alt": [1.8938131532133835, 0.0, 0.9498620324928889], "k_pid_att": [33.27519283819713, 3.726531060109092, 0.2754041064930424], "k_pid_yaw": [0.5, 1e-06, 0.1], "k_pid_hsp": [0.11609037421978406, 0.0, 0.0], "k_pid_vsp": [124.10980879353734, 45.56690363765423, 1e-06]}, "datetime": {"datetime": "2025-08-13 22:32:29", "elapsed": 45877.77272582054, "delta": 19.262281894683838}, "costs": {"total_cost": 188.3034235826129, "time_cost": 71.918, "final_distance_cost": 1.8048714472436413, "oscillation_cost": 24.07548427046171, "completition_cost": 0.0, "overshoot_cost": 51.677631549385076, "power_cost": 16.87327978515625, "noise_cost": 21.95415653036621, "n_waypoints_completed": 9, "tot_waypoints": 9}}
{"target": -261.7926288323359, "params": {"k_pid_pos": [0.72946301073357, 0.0, 0.10815135425797488], "k_pid_alt": [2.0, 0.0, 0.9050454711219696], "k_pid_att": [34.23995006457976, 3.8165855350476354, 0.2658242880726798], "k_pid_yaw": [0.5, 1e-06, 0.1], "k_pid_hsp": [0.023700178236778058, 0.0, 0.0], "k_pid_vsp": [91.44453460981916, 45.39978051149937, 1e-06]}, "datetime": {"datetime": "2025-08-13 22:32:57", "elapsed": 45905.00906872749, "delta": 27.236342906951904}, "costs": {"total_cost": 261.7926288323359, "time_cost": 116.032, "final_distance_cost": 1.7888390030239028, "oscillation_cost": 10.584258286526996, "completition_cost": 0.0, "overshoot_cost": 69.65358125712866, "power_cost": 27.109550012207034, "noise_cost": 36.62440027344929, "n_waypoints_completed": 9, "tot_waypoints": 9}}
{"target": -186.25142164083442, "params": {"k_pid_pos": [0.9498821008690157, 0.0, 0.03163526966668714], "k_pid_alt": [1.8400318725293516, 0.0, 0.9567147452172826], "k_pid_att": [32.41651554034491, 3.711102808731611, 0.22671458341529782], "k_pid_yaw": [0.5, 1e-06, 0.1], "k_pid_hsp": [0.12311649467710303, 0.0, 0.0], "k_pid_vsp": [102.94223247159451, 33.36671907138903, 1e-06]}, "datetime": {"datetime": "2025-08-13 22:33:14", "elapsed": 45922.892271757126, "delta": 17.88320302963257}, "costs": {"total_cost": 186.25142164083442, "time_cost": 71.197, "final_distance_cost": 1.81454761217834, "oscillation_cost": 26.508555686094184, "completition_cost": 0.0, "overshoot_cost": 51.50113673109541, "power_cost": 14.312097619628908, "noise_cost": 20.91808399183759, "n_waypoints_completed": 9, "tot_waypoints": 9}}
{"target": -176.65502603209302, "params": {"k_pid_pos": [0.6134608877330435, 0.0, 0.020187449224284143], "k_pid_alt": [1.9978871202178976, 0.0, 0.9451586357059361], "k_pid_att": [33.70004515670702, 3.741536462729384, 0.2731955684172556], "k_pid_yaw": [0.5, 1e-06, 0.1], "k_pid_hsp": [0.1139752735706755, 0.0, 0.0], "k_pid_vsp": [51.70618484805331, 58.361796676577804, 1e-06]}, "datetime": {"datetime": "2025-08-13 22:33:32", "elapsed": 45940.77903795242, "delta": 17.88676619529724}, "costs": {"total_cost": 176.65502603209302, "time_cost": 72.31700000000001, "final_distance_cost": 1.8389090340601602, "oscillation_cost": 22.56546111222963, "completition_cost": 0.0, "overshoot_cost": 50.81570802763372, "power_cost": 9.271179028320313, "noise_cost": 19.846768829849182, "n_waypoints_completed": 9, "tot_waypoints": 9}}
{"target": -179.03037114452346, "params": {"k_pid_pos": [0.7567244166958258, 0.0, 0.004281021684024888], "k_pid_alt": [1.9479218169361556, 0.0, 0.9490524424337663], "k_pid_att": [33.261825377841866, 3.465557223419683, 0.2631362772267827], "k_pid_yaw": [0.5, 1e-06, 0.1], "k_pid_hsp": [0.11283824403967764, 0.0, 0.0], "k_pid_vsp": [93.39673869337061, 42.74717327851256, 1e-06]}, "datetime": {"datetime": "2025-08-13 22:33:50", "elapsed": 45958.21224761009, "delta": 17.433209657669067}, "costs": {"total_cost": 179.03037114452346, "time_cost": 71.197, "final_distance_cost": 1.82081478649911, "oscillation_cost": 24.292185697599976, "completition_cost": 0.0, "overshoot_cost": 51.101743337410745, "power_cost": 10.674169396972657, "noise_cost": 19.944457926040965, "n_waypoints_completed": 9, "tot_waypoints": 9}}
{"target": -186.43904845876992, "params": {"k_pid_pos": [0.9321233370770792, 0.0, 0.06697639435145848], "k_pid_alt": [1.9183047562375055, 0.0, 0.9470799192983315], "k_pid_att": [32.50221742331075, 3.5019174111885367, 0.2750675455431642], "k_pid_yaw": [0.5, 1e-06, 0.1], "k_pid_hsp": [0.07957408748559884, 0.0, 0.0], "k_pid_vsp": [55.67293418197194, 15.355506088911838, 1e-06]}, "datetime": {"datetime": "2025-08-13 22:34:08", "elapsed": 45976.76361656189, "delta": 18.551368951797485}, "costs": {"total_cost": 186.43904845876992, "time_cost": 72.821, "final_distance_cost": 1.7986301254110926, "oscillation_cost": 24.373443234864013, "completition_cost": 0.0, "overshoot_cost": 52.35362023810067, "power_cost": 13.735358947753907, "noise_cost": 21.35699591264025, "n_waypoints_completed": 9, "tot_waypoints": 9}}
{"target": -989.2486736027763, "params": {"k_pid_pos": [1.0957541427430737, 0.0, 0.048062594607033556], "k_pid_alt": [1.8424572732505622, 0.0, 0.9056078254028977], "k_pid_att": [34.42162921628923, 3.587357933830484, 0.25548416501736626], "k_pid_yaw": [0.5, 1e-06, 0.1], "k_pid_hsp": [0.008404507501044656, 0.0, 0.0], "k_pid_vsp": [97.37179147903262, 49.08811370867184, 1e-06]}, "datetime": {"datetime": "2025-08-13 22:34:38", "elapsed": 46006.63284158707, "delta": 29.869225025177002}, "costs": {"total_cost": 989.2486736027763, "time_cost": 150, "final_distance_cost": 53.93547714136809, "oscillation_cost": 3.2525449897799903, "completition_cost": 666.6666666666667, "overshoot_cost": 69.26754906312992, "power_cost": 15.229792907714845, "noise_cost": 30.896642834116818, "n_waypoints_completed": 3, "tot_waypoints": 9}}
{"target": -195.38227825134848, "params": {"k_pid_pos": [0.7414761807225598, 0.0, 0.07416824891371979], "k_pid_alt": [1.988000703884573, 0.0, 0.9576400331435613], "k_pid_att": [30.46763683998191, 3.5633195674304385, 0.40391791354592294], "k_pid_yaw": [0.5, 1e-06, 0.1], "k_pid_hsp": [0.49970503364527574, 0.0, 0.0], "k_pid_vsp": [105.41813205472178, 44.15348545949831, 1e-06]}, "datetime": {"datetime": "2025-08-13 22:34:56", "elapsed": 46024.0087928772, "delta": 17.375951290130615}, "costs": {"total_cost": 195.38227825134848, "time_cost": 74.494, "final_distance_cost": 1.8500765747212642, "oscillation_cost": 27.624965163865102, "completition_cost": 0.0, "overshoot_cost": 50.89229246715042, "power_cost": 17.15904716796875, "noise_cost": 23.361896877642923, "n_waypoints_completed": 9, "tot_waypoints": 9}}
{"target": -179.41566996113863, "params": {"k_pid_pos": [0.7054394542852994, 0.0, 0.016927166846102844], "k_pid_alt": [1.8959513933025, 0.0, 0.9575359927619099], "k_pid_att": [34.2117936241126, 3.432146965329684, 0.2739327178473538], "k_pid_yaw": [0.5, 1e-06, 0.1], "k_pid_hsp": [0.1135651799760333, 0.0, 0.0], "k_pid_vsp": [163.1854597463941, 40.3972412639783, 1e-06]}, "datetime": {"datetime": "2025-08-13 22:35:14", "elapsed": 46042.57799553871, "delta": 18.569202661514282}, "costs": {"total_cost": 179.41566996113863, "time_cost": 72.072, "final_distance_cost": 1.826229295564025, "oscillation_cost": 23.45688514477105, "completition_cost": 0.0, "overshoot_cost": 51.42466355030891, "power_cost": 10.625195178222656, "noise_cost": 20.01069679227198, "n_waypoints_completed": 9, "tot_waypoints": 9}}
{"target": -186.20320447058356, "params": {"k_pid_pos": [0.7189595881236898, 0.0, 0.07207983063732627], "k_pid_alt": [1.452644496451411, 0.0, 0.9440028106979581], "k_pid_att": [34.60504267096313, 3.139320237813938, 0.2696138116314353], "k_pid_yaw": [0.5, 1e-06, 0.1], "k_pid_hsp": [0.29132254279488845, 0.0, 0.0], "k_pid_vsp": [129.99931990245628, 30.258230378541125, 1e-06]}, "datetime": {"datetime": "2025-08-13 22:35:34", "elapsed": 46062.03563642502, "delta": 19.457640886306763}, "costs": {"total_cost": 186.20320447058356, "time_cost": 75.43900000000001, "final_distance_cost": 1.8551598703202112, "oscillation_cost": 26.851107338780327, "completition_cost": 0.0, "overshoot_cost": 50.96933576434361, "power_cost": 10.019412438964844, "noise_cost": 21.06918905817454, "n_waypoints_completed": 9, "tot_waypoints": 9}}
{"target": -189.89572974824, "params": {"k_pid_pos": [0.5460012701109601, 0.00011297141643161835, 0.011829038555728796], "k_pid_alt": [1.7877247034404022, 0.0, 0.9437451794134777], "k_pid_att": [35.21070856456045, 3.488101763763705, 0.24881961647668577], "k_pid_yaw": [0.5, 1e-06, 0.1], "k_pid_hsp": [0.21041691630567677, 0.0, 0.0], "k_pid_vsp": [105.93597288184449, 41.08043186709112, 1e-06]}, "datetime": {"datetime": "2025-08-13 22:35:52", "elapsed": 46080.06720876694, "delta": 18.031572341918945}, "costs": {"total_cost": 189.89572974824, "time_cost": 76.489, "final_distance_cost": 1.8532936875324482, "oscillation_cost": 24.667718852102475, "completition_cost": 0.0, "overshoot_cost": 51.271270066169684, "power_cost": 12.969633630371094, "noise_cost": 22.644813512064296, "n_waypoints_completed": 9, "tot_waypoints": 9}}
{"target": -194.93164834621848, "params": {"k_pid_pos": [0.5812507859633543, 0.0, 0.02698563790818224], "k_pid_alt": [1.8630063080787362, 0.0, 0.9031870249733653], "k_pid_att": [34.499864237548685, 3.504550354057871, 0.27245851557523665], "k_pid_yaw": [0.5, 1e-06, 0.1], "k_pid_hsp": [0.3240098978281557, 0.0, 0.0], "k_pid_vsp": [131.9173868724675, 29.87322603833809, 1e-06]}, "datetime": {"datetime": "2025-08-13 22:36:12", "elapsed": 46100.27333402634, "delta": 20.206125259399414}, "costs": {"total_cost": 194.93164834621848, "time_cost": 77.749, "final_distance_cost": 1.8505495279588489, "oscillation_cost": 26.0691476946789, "completition_cost": 0.0, "overshoot_cost": 51.349702757526494, "power_cost": 14.32421697998047, "noise_cost": 23.589031386073774, "n_waypoints_completed": 9, "tot_waypoints": 9}}
{"target": -180.29925786872832, "params": {"k_pid_pos": [0.8348389099138354, 0.0, 0.0], "k_pid_alt": [1.8831481081540231, 0.0, 0.9928201874947546], "k_pid_att": [31.459846368511013, 3.5861828258694928, 0.2747270846220454], "k_pid_yaw": [0.5, 1e-06, 0.1], "k_pid_hsp": [0.15917757591544063, 0.0, 0.0], "k_pid_vsp": [100.46367329792366, 38.419664315193344, 1e-06]}, "datetime": {"datetime": "2025-08-13 22:36:29", "elapsed": 46117.133550167084, "delta": 16.86021614074707}, "costs": {"total_cost": 180.29925786872832, "time_cost": 70.609, "final_distance_cost": 1.8342225304955426, "oscillation_cost": 26.316309118637946, "completition_cost": 0.0, "overshoot_cost": 50.5666617663774, "power_cost": 11.008216577148438, "noise_cost": 19.96484787606901, "n_waypoints_completed": 9, "tot_waypoints": 9}}
{"target": -183.1805328943951, "params": {"k_pid_pos": [0.929912558258064, 0.0, 0.0260754652019166], "k_pid_alt": [2.0, 0.0, 0.9371815997004994], "k_pid_att": [37.14570764585288, 2.4162691328707324, 0.25724630776952917], "k_pid_yaw": [0.5, 1e-06, 0.1], "k_pid_hsp": [0.27523136144786575, 0.0, 0.0], "k_pid_vsp": [133.540002042723, 57.3331653950872, 1e-06]}, "datetime": {"datetime": "2025-08-13 22:36:47", "elapsed": 46135.20450949669, "delta": 18.070959329605103}, "costs": {"total_cost": 183.1805328943951, "time_cost": 69.95100000000001, "final_distance_cost": 1.83923433413421, "oscillation_cost": 28.15196483692038, "completition_cost": 0.0, "overshoot_cost": 50.16204492775977, "power_cost": 12.628606689453125, "noise_cost": 20.44768210612758, "n_waypoints_completed": 9, "tot_waypoints": 9}}
{"target": -190.83158733705153, "params": {"k_pid_pos": [1.0717058361496228, 0.0, 0.04034683913521238], "k_pid_alt": [1.7678577795229355, 0.0, 0.9370609111221219], "k_pid_att": [34.40143798927127, 2.8789726135325453, 0.2945020900001991], "k_pid_yaw": [0.5, 1e-06, 0.1], "k_pid_hsp": [0.21859733939607295, 0.0, 0.0], "k_pid_vsp": [83.40307134900154, 62.03273847221347, 3.4764627459832234]}, "datetime": {"datetime": "2025-08-13 22:37:04", "elapsed": 46152.19302821159, "delta": 16.988518714904785}, "costs": {"total_cost": 190.83158733705153, "time_cost": 70.441, "final_distance_cost": 1.8198105529197965, "oscillation_cost": 28.945780264430393, "completition_cost": 0.0, "overshoot_cost": 50.504238587620115, "power_cost": 17.549425439453127, "noise_cost": 21.5713324926281, "n_waypoints_completed": 9, "tot_waypoints": 9}}
{"target": -179.74143802387536, "params": {"k_pid_pos": [0.6633226808385309, 0.0, 0.15146959562749202], "k_pid_alt": [1.8977543847970384, 0.0, 0.9482534096185734], "k_pid_att": [32.37625841410939, 3.7022827054484937, 0.2769364590731013], "k_pid_yaw": [0.5, 1e-06, 0.1], "k_pid_hsp": [0.11478468855028386, 0.0, 0.0], "k_pid_vsp": [148.2619590870609, 38.286248753277775, 1e-06]}, "datetime": {"datetime": "2025-08-13 22:37:22", "elapsed": 46170.72919201851, "delta": 18.536163806915283}, "costs": {"total_cost": 179.74143802387536, "time_cost": 73.458, "final_distance_cost": 1.8292245858390483, "oscillation_cost": 22.432253919723554, "completition_cost": 0.0, "overshoot_cost": 51.367643342307254, "power_cost": 10.048866625976563, "noise_cost": 20.605449550028965, "n_waypoints_completed": 9, "tot_waypoints": 9}}
{"target": -191.57911885523785, "params": {"k_pid_pos": [0.7510836172109381, 0.0, 0.009189370753942768], "k_pid_alt": [1.9091574935543838, 0.0, 0.9350896325779583], "k_pid_att": [32.98199651405567, 3.658034132634943, 0.26609175366022597], "k_pid_yaw": [0.5, 1e-06, 0.1], "k_pid_hsp": [0.12526854859124698, 0.0, 0.0], "k_pid_vsp": [122.14566630637776, 36.63756925529769, 1e-06]}, "datetime": {"datetime": "2025-08-13 22:37:39", "elapsed": 46187.57614827156, "delta": 16.846956253051758}, "costs": {"total_cost": 191.57911885523785, "time_cost": 72.114, "final_distance_cost": 1.8056453817890619, "oscillation_cost": 24.394890372649822, "completition_cost": 0.0, "overshoot_cost": 51.59243301398515, "power_cost": 19.100936840820314, "noise_cost": 22.57121324599351, "n_waypoints_completed": 9, "tot_waypoints": 9}}
{"target": -187.32704767968596, "params": {"k_pid_pos": [0.7915705921107231, 0.0, 0.060559486241482566], "k_pid_alt": [1.9156675299515042, 0.0, 0.9506731411767629], "k_pid_att": [32.273660764294384, 3.4656983689767995, 0.26733428091701933], "k_pid_yaw": [0.5, 1e-06, 0.1], "k_pid_hsp": [0.12172639791189094, 0.0, 0.0], "k_pid_vsp": [130.4509271307358, 36.328350466289166, 1e-06]}, "datetime": {"datetime": "2025-08-13 22:37:57", "elapsed": 46205.85456323624, "delta": 18.278414964675903}, "costs": {"total_cost": 187.32704767968596, "time_cost": 71.666, "final_distance_cost": 1.817253749920126, "oscillation_cost": 24.360275112378492, "completition_cost": 0.0, "overshoot_cost": 51.715478375834174, "power_cost": 16.00413896484375, "noise_cost": 21.76390147670942, "n_waypoints_completed": 9, "tot_waypoints": 9}}
