{"target": -192.60579511765647, "params": {"k_pid_pos": [1.1142756720745364, 0.0, 0.08520286748104701], "k_pid_alt": [1.627107448552858, 0.0, 0.9437794100399248], "k_pid_att": [35.38965377299387, 3.359825100786678, 0.24987806688006742], "k_pid_yaw": [0.5, 1e-06, 0.1], "k_pid_hsp": [0.23626809678688043, 0.0, 0.0], "k_pid_vsp": [141.59031697560985, 13.636735989685882, 1e-06]}, "datetime": {"datetime": "2025-08-13 15:37:18", "elapsed": 20966.433788776398, "delta": 18.142618656158447}, "costs": {"total_cost": 192.60579511765647, "time_cost": 71.932, "final_distance_cost": 1.8274240745048516, "oscillation_cost": 29.185925649067894, "completition_cost": 0.0, "overshoot_cost": 51.655721682307, "power_cost": 16.15074782714844, "noise_cost": 21.85397588462828, "n_waypoints_completed": 9, "tot_waypoints": 9}}
{"target": -191.63902643720732, "params": {"k_pid_pos": [1.163660126785213, 0.0, 0.08422588565168507], "k_pid_alt": [1.631189210925292, 0.0, 1.0], "k_pid_att": [33.89093694898309, 3.3706315752698006, 0.24815022256788677], "k_pid_yaw": [0.5, 1e-06, 0.1], "k_pid_hsp": [0.26700667111701515, 0.0, 0.0], "k_pid_vsp": [128.320467422548, 22.234819970023413, 1e-06]}, "datetime": {"datetime": "2025-08-13 15:37:36", "elapsed": 20984.213669776917, "delta": 17.7798810005188}, "costs": {"total_cost": 191.63902643720732, "time_cost": 71.519, "final_distance_cost": 1.8314376994691035, "oscillation_cost": 29.798024576293923, "completition_cost": 0.0, "overshoot_cost": 51.169176557318536, "power_cost": 15.869038879394532, "noise_cost": 21.452348724731216, "n_waypoints_completed": 9, "tot_waypoints": 9}}
{"target": -187.6983157989136, "params": {"k_pid_pos": [0.863313850064761, 0.0, 0.08051832592655568], "k_pid_alt": [1.5947391739526453, 0.0, 0.9678702921233392], "k_pid_att": [30.065551156872857, 3.0589006105584606, 0.28656668809980534], "k_pid_yaw": [0.5, 1e-06, 0.1], "k_pid_hsp": [0.23282036936510953, 0.0, 0.0], "k_pid_vsp": [114.0040484074549, 3.30809374891577, 1e-06]}, "datetime": {"datetime": "2025-08-13 15:37:54", "elapsed": 21002.462587833405, "delta": 18.248918056488037}, "costs": {"total_cost": 187.6983157989136, "time_cost": 73.15, "final_distance_cost": 1.8426064754600615, "oscillation_cost": 27.05657545193075, "completition_cost": 0.0, "overshoot_cost": 51.53280247504446, "power_cost": 12.70082908935547, "noise_cost": 21.41550230712282, "n_waypoints_completed": 9, "tot_waypoints": 9}}
{"target": -194.13595068737658, "params": {"k_pid_pos": [1.154135586299918, 0.0, 0.12461303614838284], "k_pid_alt": [1.898229538234285, 0.0, 0.8873549282716275], "k_pid_att": [35.478543182502584, 3.9473000092069817, 0.2715740307061717], "k_pid_yaw": [0.5, 1e-06, 0.1], "k_pid_hsp": [0.39427779591987977, 0.0, 0.0], "k_pid_vsp": [118.44668203914084, 12.556569862473683, 1e-06]}, "datetime": {"datetime": "2025-08-13 15:38:12", "elapsed": 21020.97604227066, "delta": 18.51345443725586}, "costs": {"total_cost": 194.13595068737658, "time_cost": 71.554, "final_distance_cost": 1.8489635635654553, "oscillation_cost": 29.857785295608252, "completition_cost": 0.0, "overshoot_cost": 51.31903973301073, "power_cost": 17.40775877685547, "noise_cost": 22.148403318336648, "n_waypoints_completed": 9, "tot_waypoints": 9}}
{"target": -184.2548714182792, "params": {"k_pid_pos": [0.8406077812603939, 0.0, 0.0944875179057739], "k_pid_alt": [1.6205308880113851, 0.0, 0.9572189337964799], "k_pid_att": [33.5342979050432, 2.971831723712331, 0.25116196469078883], "k_pid_yaw": [0.5, 1e-06, 0.1], "k_pid_hsp": [0.18959409487397852, 0.0, 0.0], "k_pid_vsp": [117.58948335774737, 14.512914167361135, 1e-06]}, "datetime": {"datetime": "2025-08-13 15:38:31", "elapsed": 21039.337072134018, "delta": 18.361029863357544}, "costs": {"total_cost": 184.2548714182792, "time_cost": 72.52, "final_distance_cost": 1.8389404553381759, "oscillation_cost": 26.341762189574983, "completition_cost": 0.0, "overshoot_cost": 50.909012683766505, "power_cost": 11.785758715820313, "noise_cost": 20.859397373779228, "n_waypoints_completed": 9, "tot_waypoints": 9}}
{"target": -183.6750208981763, "params": {"k_pid_pos": [1.2493061638704535, 0.023105599080750164, 0.06482821711335851], "k_pid_alt": [1.539830157604619, 0.0, 0.9925050981277478], "k_pid_att": [37.61438330164483, 2.853417977541012, 0.2490174165758465], "k_pid_yaw": [0.5, 1e-06, 0.1], "k_pid_hsp": [0.11011455026090808, 0.00027258087365282003, 0.0], "k_pid_vsp": [56.25465126717677, 30.097431856638302, 1e-06]}, "datetime": {"datetime": "2025-08-13 15:38:49", "elapsed": 21057.496124505997, "delta": 18.15905237197876}, "costs": {"total_cost": 183.6750208981763, "time_cost": 71.757, "final_distance_cost": 1.792837072736729, "oscillation_cost": 28.857815562709188, "completition_cost": 0.0, "overshoot_cost": 50.806119285648194, "power_cost": 10.562128967285156, "noise_cost": 19.89912000979704, "n_waypoints_completed": 9, "tot_waypoints": 9}}
{"target": -188.64402099383267, "params": {"k_pid_pos": [1.1348896758942073, 0.0, 0.07970321669014249], "k_pid_alt": [1.7329836606293405, 0.0, 0.9631537864605022], "k_pid_att": [37.49317680725129, 3.042989945572203, 0.2369383406588079], "k_pid_yaw": [0.5, 1e-06, 0.1], "k_pid_hsp": [0.27114480356967424, 0.0, 0.0], "k_pid_vsp": [132.55098686922452, 20.981268166008622, 1e-06]}, "datetime": {"datetime": "2025-08-13 15:39:08", "elapsed": 21076.027593374252, "delta": 18.531468868255615}, "costs": {"total_cost": 188.64402099383267, "time_cost": 71.20400000000001, "final_distance_cost": 1.8419373897874693, "oscillation_cost": 29.708802511181165, "completition_cost": 0.0, "overshoot_cost": 51.15638654608112, "power_cost": 13.87231219482422, "noise_cost": 20.860582351958683, "n_waypoints_completed": 9, "tot_waypoints": 9}}
{"target": -190.39021451005127, "params": {"k_pid_pos": [0.8955130872185799, 0.0, 0.07255134203146588], "k_pid_alt": [1.5962971843883123, 0.0, 0.9978366018965549], "k_pid_att": [35.71090829612088, 3.4292542911837423, 0.24393141574765193], "k_pid_yaw": [0.5, 1e-06, 0.1], "k_pid_hsp": [0.16860486869877842, 0.0, 0.0], "k_pid_vsp": [136.46094003711514, 22.944705587672583, 1e-06]}, "datetime": {"datetime": "2025-08-13 15:39:26", "elapsed": 21094.493033885956, "delta": 18.46544051170349}, "costs": {"total_cost": 190.39021451005127, "time_cost": 72.471, "final_distance_cost": 1.8377428251842798, "oscillation_cost": 26.65912429779072, "completition_cost": 0.0, "overshoot_cost": 51.141853324673015, "power_cost": 16.38143604736328, "noise_cost": 21.899058015039966, "n_waypoints_completed": 9, "tot_waypoints": 9}}
{"target": -184.24193943129387, "params": {"k_pid_pos": [1.1663152305070832, 0.0, 0.0849508545288601], "k_pid_alt": [1.6259555071610317, 0.0, 0.9326135389306431], "k_pid_att": [36.6432565352693, 3.3704443038251175, 0.20863499558030327], "k_pid_yaw": [0.5, 1e-06, 0.1], "k_pid_hsp": [0.26275406797506184, 0.0, 0.0], "k_pid_vsp": [104.22055048226493, 22.936229811272007, 1e-06]}, "datetime": {"datetime": "2025-08-13 15:39:44", "elapsed": 21112.95553612709, "delta": 18.462502241134644}, "costs": {"total_cost": 184.24193943129387, "time_cost": 70.686, "final_distance_cost": 1.8311733824011205, "oscillation_cost": 29.853471222925094, "completition_cost": 0.0, "overshoot_cost": 50.551197654100164, "power_cost": 11.343697045898438, "noise_cost": 19.976400125969036, "n_waypoints_completed": 9, "tot_waypoints": 9}}
{"target": -195.91409918178456, "params": {"k_pid_pos": [1.1254216498532235, 0.0, 0.08571978548825979], "k_pid_alt": [1.6329041898192314, 0.0, 0.9420539046170062], "k_pid_att": [35.0330390226144, 4.000840962835564, 0.26116474466534917], "k_pid_yaw": [0.5, 1e-06, 0.1], "k_pid_hsp": [0.32618287050344374, 0.0, 0.0], "k_pid_vsp": [118.2859695166892, 26.33409936192979, 1e-06]}, "datetime": {"datetime": "2025-08-13 15:40:03", "elapsed": 21131.436200141907, "delta": 18.480664014816284}, "costs": {"total_cost": 195.91409918178456, "time_cost": 71.82000000000001, "final_distance_cost": 1.833853933819322, "oscillation_cost": 29.415784286511137, "completition_cost": 0.0, "overshoot_cost": 51.4401022150733, "power_cost": 19.098369604492188, "noise_cost": 22.3059891418886, "n_waypoints_completed": 9, "tot_waypoints": 9}}
{"target": -184.3937909841778, "params": {"k_pid_pos": [1.2265310200774255, 0.0, 0.10594998861878145], "k_pid_alt": [1.6256715497256766, 0.0, 0.9395457195852385], "k_pid_att": [43.713391722654045, 3.2996575048623917, 0.21687281662212626], "k_pid_yaw": [0.5, 1e-06, 0.1], "k_pid_hsp": [0.251572792465991, 0.0, 0.0], "k_pid_vsp": [121.7485343045658, 18.82721330532979, 1e-06]}, "datetime": {"datetime": "2025-08-13 15:40:21", "elapsed": 21149.78418469429, "delta": 18.347984552383423}, "costs": {"total_cost": 184.3937909841778, "time_cost": 70.742, "final_distance_cost": 1.8339064323367884, "oscillation_cost": 31.67943336684935, "completition_cost": 0.0, "overshoot_cost": 50.94350149681405, "power_cost": 9.693743774414063, "noise_cost": 19.501205913763553, "n_waypoints_completed": 9, "tot_waypoints": 9}}
{"target": -191.05000580046402, "params": {"k_pid_pos": [0.9489379085527722, 0.0, 0.044524921773436976], "k_pid_alt": [1.207796717959807, 0.0, 0.9467980481921224], "k_pid_att": [36.36324291204927, 3.7773724325682743, 0.25629607077617916], "k_pid_yaw": [0.5, 1e-06, 0.1], "k_pid_hsp": [0.27229348058341923, 0.0, 0.0], "k_pid_vsp": [155.11298330068726, 23.008188767789843, 1e-06]}, "datetime": {"datetime": "2025-08-13 15:40:40", "elapsed": 21168.945974349976, "delta": 19.161789655685425}, "costs": {"total_cost": 191.05000580046402, "time_cost": 73.899, "final_distance_cost": 1.8455713971532801, "oscillation_cost": 28.5468123130316, "completition_cost": 0.0, "overshoot_cost": 51.02841384992849, "power_cost": 14.17278564453125, "noise_cost": 21.557422595819425, "n_waypoints_completed": 9, "tot_waypoints": 9}}
{"target": -187.15907005214893, "params": {"k_pid_pos": [1.2297104434618995, 0.0, 0.1213626841532801], "k_pid_alt": [1.6384272178558181, 0.0, 0.947225002003074], "k_pid_att": [37.90246050065659, 3.388369859239087, 0.2468854604540151], "k_pid_yaw": [0.5, 1e-06, 0.1], "k_pid_hsp": [0.22841427667010644, 0.0, 0.0], "k_pid_vsp": [125.94479816539773, 29.14457750826398, 1e-06]}, "datetime": {"datetime": "2025-08-13 15:40:58", "elapsed": 21186.632429122925, "delta": 17.68645477294922}, "costs": {"total_cost": 187.15907005214893, "time_cost": 70.784, "final_distance_cost": 1.836946374704138, "oscillation_cost": 29.892575292200565, "completition_cost": 0.0, "overshoot_cost": 50.99522523503884, "power_cost": 13.0730466796875, "noise_cost": 20.57727647051789, "n_waypoints_completed": 9, "tot_waypoints": 9}}
{"target": -196.64979631286192, "params": {"k_pid_pos": [1.4729533098549545, 0.0, 0.08571163127181064], "k_pid_alt": [1.6372666939733471, 0.0, 0.939734175820963], "k_pid_att": [36.42746108923883, 3.2030693014568064, 0.26154542958605886], "k_pid_yaw": [0.5, 1e-06, 0.1], "k_pid_hsp": [0.11558742348803423, 0.0, 0.0], "k_pid_vsp": [125.08663588006212, 21.956683768981627, 1e-06]}, "datetime": {"datetime": "2025-08-13 15:41:17", "elapsed": 21205.276589632034, "delta": 18.644160509109497}, "costs": {"total_cost": 196.64979631286192, "time_cost": 72.268, "final_distance_cost": 1.7882533013108306, "oscillation_cost": 30.1439470410471, "completition_cost": 0.0, "overshoot_cost": 52.18918596706613, "power_cost": 18.25668289794922, "noise_cost": 22.003727105488647, "n_waypoints_completed": 9, "tot_waypoints": 9}}
{"target": -191.0971599147625, "params": {"k_pid_pos": [1.1311043459346133, 0.0, 0.10140350644625998], "k_pid_alt": [1.6102704804065755, 0.0, 0.9355092985840694], "k_pid_att": [39.787513257558366, 3.437969981667559, 0.2903600602526704], "k_pid_yaw": [0.5, 1e-06, 0.1], "k_pid_hsp": [0.2881975885567501, 0.0, 0.0], "k_pid_vsp": [121.16043751904846, 6.927963703337374, 1e-06]}, "datetime": {"datetime": "2025-08-13 15:41:35", "elapsed": 21223.630920171738, "delta": 18.35433053970337}, "costs": {"total_cost": 191.0971599147625, "time_cost": 72.212, "final_distance_cost": 1.8453116795825966, "oscillation_cost": 29.307760397239402, "completition_cost": 0.0, "overshoot_cost": 51.27409036825033, "power_cost": 15.020756677246094, "noise_cost": 21.437240792444104, "n_waypoints_completed": 9, "tot_waypoints": 9}}
{"target": -190.51829047780654, "params": {"k_pid_pos": [1.139347501383924, 0.0, 0.01780392148278207], "k_pid_alt": [1.6234997150772341, 0.0, 0.9745889388377112], "k_pid_att": [33.59501334855408, 2.773455534410469, 0.2540856303371249], "k_pid_yaw": [0.5, 1e-06, 0.1], "k_pid_hsp": [0.22669481123844124, 0.0, 0.0], "k_pid_vsp": [103.3503144019748, 24.767409645289447, 1e-06]}, "datetime": {"datetime": "2025-08-13 15:41:53", "elapsed": 21241.00506234169, "delta": 17.374142169952393}, "costs": {"total_cost": 190.51829047780654, "time_cost": 71.183, "final_distance_cost": 1.8049227057746577, "oscillation_cost": 29.888156372855736, "completition_cost": 0.0, "overshoot_cost": 50.942173515711666, "power_cost": 15.452135998535157, "noise_cost": 21.24790188492933, "n_waypoints_completed": 9, "tot_waypoints": 9}}
{"target": -202.94711043342014, "params": {"k_pid_pos": [1.0982435585076837, 0.0, 0.0769847126300188], "k_pid_alt": [1.9700089694638927, 0.0, 0.9446904274815957], "k_pid_att": [40.26741698380873, 3.49466182367871, 0.25996587315737274], "k_pid_yaw": [0.5, 1e-06, 0.1], "k_pid_hsp": [0.2516189605684375, 0.0, 0.0], "k_pid_vsp": [128.77248299011234, 26.697830529663452, 1e-06]}, "datetime": {"datetime": "2025-08-13 15:42:10", "elapsed": 21258.972800970078, "delta": 17.96773862838745}, "costs": {"total_cost": 202.94711043342014, "time_cost": 71.84100000000001, "final_distance_cost": 1.8397177096119426, "oscillation_cost": 29.264320426764694, "completition_cost": 0.0, "overshoot_cost": 51.90421541608599, "power_cost": 24.17016060791016, "noise_cost": 23.92769627304732, "n_waypoints_completed": 9, "tot_waypoints": 9}}
{"target": -196.60594873736423, "params": {"k_pid_pos": [1.1828773993108133, 0.022712675195605537, 0.017252885260685517], "k_pid_alt": [1.715236839562, 0.0, 1.0], "k_pid_att": [36.213711156007335, 4.408769824092559, 0.24073537736127937], "k_pid_yaw": [0.5, 1e-06, 0.1], "k_pid_hsp": [0.26533075301340225, 0.0, 0.0], "k_pid_vsp": [103.46509751255775, 39.733241113112484, 0.3319851400576092]}, "datetime": {"datetime": "2025-08-13 15:42:28", "elapsed": 21276.653104305267, "delta": 17.68030333518982}, "costs": {"total_cost": 196.60594873736423, "time_cost": 71.295, "final_distance_cost": 1.8295636235090336, "oscillation_cost": 30.217147363648696, "completition_cost": 0.0, "overshoot_cost": 51.2130425194766, "power_cost": 19.844646875000002, "noise_cost": 22.206548355729918, "n_waypoints_completed": 9, "tot_waypoints": 9}}
{"target": -181.81036638426698, "params": {"k_pid_pos": [1.1760044661237286, 0.0, 0.08330930543670274], "k_pid_alt": [1.6870676179046098, 0.0, 0.9451032254534576], "k_pid_att": [44.992054286168454, 3.360409364246981, 0.25806639658108593], "k_pid_yaw": [0.5, 1e-06, 0.1], "k_pid_hsp": [0.24553229084101147, 0.0, 0.0], "k_pid_vsp": [137.10016218665083, 18.08182386515834, 1e-06]}, "datetime": {"datetime": "2025-08-13 15:42:45", "elapsed": 21293.96276330948, "delta": 17.309659004211426}, "costs": {"total_cost": 181.81036638426698, "time_cost": 70.651, "final_distance_cost": 1.839963213649922, "oscillation_cost": 30.611129560359235, "completition_cost": 0.0, "overshoot_cost": 50.830200203022976, "power_cost": 8.918600134277344, "noise_cost": 18.959473272957535, "n_waypoints_completed": 9, "tot_waypoints": 9}}
{"target": -193.77037911723113, "params": {"k_pid_pos": [1.3233697105471351, 0.0, 0.08618962330414212], "k_pid_alt": [1.6261076279515727, 0.0, 0.9420838560867528], "k_pid_att": [38.84820996837625, 3.4980012279178094, 0.24871452993357937], "k_pid_yaw": [0.5, 1e-06, 0.1], "k_pid_hsp": [0.21515034073983907, 0.0, 0.0], "k_pid_vsp": [112.12231847751724, 21.645457240184793, 1e-06]}, "datetime": {"datetime": "2025-08-13 15:43:03", "elapsed": 21311.553015708923, "delta": 17.59025239944458}, "costs": {"total_cost": 193.77037911723113, "time_cost": 71.505, "final_distance_cost": 1.8165761610750903, "oscillation_cost": 30.640826890965858, "completition_cost": 0.0, "overshoot_cost": 51.570977118320826, "power_cost": 16.672554174804688, "noise_cost": 21.564444772064704, "n_waypoints_completed": 9, "tot_waypoints": 9}}
{"target": -188.2398521615397, "params": {"k_pid_pos": [1.0725315656544288, 0.026277517985159794, 0.09007173399223523], "k_pid_alt": [1.6152054726532945, 0.0, 0.9487204879399995], "k_pid_att": [30.975692843747535, 2.961038625355822, 0.2065554822734968], "k_pid_yaw": [0.5, 1e-06, 0.1], "k_pid_hsp": [0.4585625240526171, 0.015441967035896186, 0.0], "k_pid_vsp": [131.2861831021061, 22.961455048652233, 1.998422640627795]}, "datetime": {"datetime": "2025-08-13 15:43:22", "elapsed": 21330.304091215134, "delta": 18.751075506210327}, "costs": {"total_cost": 188.2398521615397, "time_cost": 71.071, "final_distance_cost": 1.8379944381803148, "oscillation_cost": 30.31971868129716, "completition_cost": 0.0, "overshoot_cost": 50.40042756172599, "power_cost": 13.640488671875001, "noise_cost": 20.97022280846121, "n_waypoints_completed": 9, "tot_waypoints": 9}}
{"target": -203.9772017118023, "params": {"k_pid_pos": [0.8572786165765356, 0.0, 0.06292639649265327], "k_pid_alt": [1.5861281457173577, 0.0, 1.0], "k_pid_att": [16.3376151474011, 3.367056303444468, 0.2950154296591421], "k_pid_yaw": [0.5, 1e-06, 0.1], "k_pid_hsp": [0.3745363540973804, 0.0, 0.0], "k_pid_vsp": [126.83739874091144, 19.37584712193164, 0.5452877251652039]}, "datetime": {"datetime": "2025-08-13 15:43:41", "elapsed": 21349.96385884285, "delta": 19.659767627716064}, "costs": {"total_cost": 203.9772017118023, "time_cost": 74.956, "final_distance_cost": 1.8480832980304607, "oscillation_cost": 28.348856440051485, "completition_cost": 0.0, "overshoot_cost": 51.9123438363705, "power_cost": 22.49810888671875, "noise_cost": 24.41380925063113, "n_waypoints_completed": 9, "tot_waypoints": 9}}
{"target": -198.27038197822048, "params": {"k_pid_pos": [1.0497655806539299, 0.0674764922373366, 0.043824372733758096], "k_pid_alt": [1.5531772680949991, 0.0, 1.0], "k_pid_att": [24.95450553411795, 3.324750962411916, 0.23754009657160258], "k_pid_yaw": [0.5, 1e-06, 0.1], "k_pid_hsp": [0.3031080824154907, 0.0, 0.0], "k_pid_vsp": [82.31931751351928, 1e-06, 0.2913199327321398]}, "datetime": {"datetime": "2025-08-13 15:44:00", "elapsed": 21368.855145215988, "delta": 18.891286373138428}, "costs": {"total_cost": 198.27038197822048, "time_cost": 74.739, "final_distance_cost": 1.8183100784463544, "oscillation_cost": 30.21540243855137, "completition_cost": 0.0, "overshoot_cost": 52.22258925362804, "power_cost": 16.729706481933594, "noise_cost": 22.545373725661136, "n_waypoints_completed": 9, "tot_waypoints": 9}}
{"target": -190.60366478458428, "params": {"k_pid_pos": [1.0529247527408305, 0.0, 0.05536385748222694], "k_pid_alt": [1.6426721851737358, 0.0, 0.966508471081551], "k_pid_att": [32.59427118933148, 3.350774665597929, 0.25104428863622347], "k_pid_yaw": [0.5, 1e-06, 0.1], "k_pid_hsp": [0.25560952429129, 0.0, 0.0], "k_pid_vsp": [41.3681607305097, 20.544164060229264, 1e-06]}, "datetime": {"datetime": "2025-08-13 15:44:19", "elapsed": 21387.150718450546, "delta": 18.295573234558105}, "costs": {"total_cost": 190.60366478458428, "time_cost": 70.861, "final_distance_cost": 1.8329596949453697, "oscillation_cost": 28.641513516188045, "completition_cost": 0.0, "overshoot_cost": 50.80483960974239, "power_cost": 16.69518807373047, "noise_cost": 21.768163889978023, "n_waypoints_completed": 9, "tot_waypoints": 9}}
{"target": -9557.745613813831, "params": {"k_pid_pos": [1.2234970222327366, 0.019827911208268358, 0.21593204627255513], "k_pid_alt": [1.5883127042009875, 0.0, 0.9898853096999931], "k_pid_att": [0.0, 3.784985753426984, 0.239359264798139], "k_pid_yaw": [0.5, 1e-06, 0.1], "k_pid_hsp": [0.1736218443099132, 0.64222217299874, 0.0], "k_pid_vsp": [118.00905834410159, 118.19003251237802, 1e-06]}, "datetime": {"datetime": "2025-08-13 15:44:49", "elapsed": 21417.316488981247, "delta": 30.165770530700684}, "costs": {"total_cost": 9557.745613813831, "time_cost": 150, "final_distance_cost": 3094.9078742961656, "oscillation_cost": 1666.155334176173, "completition_cost": 1000.0, "overshoot_cost": 3441.592051861062, "power_cost": 56.73660731201172, "noise_cost": 148.35374616841824, "n_waypoints_completed": 0, "tot_waypoints": 9}}
{"target": -197.1092637481657, "params": {"k_pid_pos": [1.6804680969999317, 0.0, 0.15064191569146684], "k_pid_alt": [1.4376020357749086, 0.0, 1.0], "k_pid_att": [19.903981731329445, 2.445530708025907, 0.23351577686918404], "k_pid_yaw": [0.5, 1e-06, 0.1], "k_pid_hsp": [0.28060878797483085, 0.015022836652154016, 0.0], "k_pid_vsp": [118.12269699601175, 21.469450216217137, 1e-06]}, "datetime": {"datetime": "2025-08-13 15:45:07", "elapsed": 21435.349613189697, "delta": 18.033124208450317}, "costs": {"total_cost": 197.1092637481657, "time_cost": 72.401, "final_distance_cost": 1.7924332634285234, "oscillation_cost": 32.25726168837976, "completition_cost": 0.0, "overshoot_cost": 50.99784511087873, "power_cost": 17.949893701171877, "noise_cost": 21.710829984306784, "n_waypoints_completed": 9, "tot_waypoints": 9}}
