{"target": -194.45997152901776, "params": {"k_pid_pos": [1.3224286182245013, 0.0, 0.07923629874993578], "k_pid_alt": [1.6216194055014173, 0.0, 0.9395134021974859], "k_pid_att": [37.45205469375498, 3.850974956754726, 0.2653454620880403], "k_pid_yaw": [0.5, 1e-06, 0.1], "k_pid_hsp": [0.14630780580205596, 0.0, 0.0], "k_pid_vsp": [165.90848127524848, 47.34647891776167, 1e-06]}, "datetime": {"datetime": "2025-08-13 18:31:03", "elapsed": 31391.79069709778, "delta": 17.33521795272827}, "costs": {"total_cost": 194.45997152901776, "time_cost": 71.715, "final_distance_cost": 1.821047344822006, "oscillation_cost": 29.883179584922186, "completition_cost": 0.0, "overshoot_cost": 51.592447781257995, "power_cost": 17.698980334472658, "noise_cost": 21.749316483542916, "n_waypoints_completed": 9, "tot_waypoints": 9}}
{"target": -191.85399340169235, "params": {"k_pid_pos": [1.1367806898595365, 0.0, 0.056123798329127166], "k_pid_alt": [1.5490545501897943, 0.0, 0.9185833728688826], "k_pid_att": [34.323195170130354, 3.27608093012853, 0.26855099462295207], "k_pid_yaw": [0.5, 1e-06, 0.1], "k_pid_hsp": [0.12833977654905335, 0.0, 0.0], "k_pid_vsp": [128.3271153258038, 37.387624388696054, 1e-06]}, "datetime": {"datetime": "2025-08-13 18:31:21", "elapsed": 31409.4229285717, "delta": 17.63223147392273}, "costs": {"total_cost": 191.85399340169235, "time_cost": 71.834, "final_distance_cost": 1.81167736617372, "oscillation_cost": 28.407985213087944, "completition_cost": 0.0, "overshoot_cost": 51.429576081116885, "power_cost": 16.716594848632813, "noise_cost": 21.65415989268097, "n_waypoints_completed": 9, "tot_waypoints": 9}}
{"target": -189.68513308831237, "params": {"k_pid_pos": [0.9236450391571867, 0.0, 0.059138148769461205], "k_pid_alt": [1.6175078066492186, 0.0, 0.9216057613780783], "k_pid_att": [34.895852536797044, 3.834220492555316, 0.25629931509836773], "k_pid_yaw": [0.5, 1e-06, 0.1], "k_pid_hsp": [0.14497394645750988, 0.0, 0.0], "k_pid_vsp": [128.8399316939098, 38.31250149639927, 1e-06]}, "datetime": {"datetime": "2025-08-13 18:31:38", "elapsed": 31426.401207208633, "delta": 16.978278636932373}, "costs": {"total_cost": 189.68513308831237, "time_cost": 71.652, "final_distance_cost": 1.8311538553482722, "oscillation_cost": 26.67127505317773, "completition_cost": 0.0, "overshoot_cost": 50.742734199551435, "power_cost": 16.952063415527345, "noise_cost": 21.83590656470759, "n_waypoints_completed": 9, "tot_waypoints": 9}}
{"target": -187.19450753522696, "params": {"k_pid_pos": [1.3235711347805459, 0.0, 0.07143907936964632], "k_pid_alt": [1.613566282038984, 0.0, 0.967766785450693], "k_pid_att": [36.267050917602404, 3.5928435772138387, 0.2522765037532751], "k_pid_yaw": [0.5, 1e-06, 0.1], "k_pid_hsp": [0.18383009093672137, 0.0, 0.0], "k_pid_vsp": [156.07728841581928, 32.56884561091873, 1e-06]}, "datetime": {"datetime": "2025-08-13 18:31:55", "elapsed": 31443.57408595085, "delta": 17.172878742218018}, "costs": {"total_cost": 187.19450753522696, "time_cost": 71.071, "final_distance_cost": 1.805781604006917, "oscillation_cost": 30.7258836001343, "completition_cost": 0.0, "overshoot_cost": 51.133742875419394, "power_cost": 12.145654821777343, "noise_cost": 20.312444633889022, "n_waypoints_completed": 9, "tot_waypoints": 9}}
{"target": -187.09835404481765, "params": {"k_pid_pos": [0.9774096709961364, 0.0, 0.04870708563071579], "k_pid_alt": [1.6004230181368246, 0.0, 0.9511647329251118], "k_pid_att": [30.450202410910403, 3.1229371806855335, 0.2549890619747363], "k_pid_yaw": [0.5, 1e-06, 0.1], "k_pid_hsp": [0.20398898558718703, 0.0, 0.0], "k_pid_vsp": [148.19810717777614, 19.039099640381153, 1e-06]}, "datetime": {"datetime": "2025-08-13 18:32:12", "elapsed": 31460.692708015442, "delta": 17.118622064590454}, "costs": {"total_cost": 187.09835404481765, "time_cost": 71.533, "final_distance_cost": 1.8231820246465484, "oscillation_cost": 27.98406286122849, "completition_cost": 0.0, "overshoot_cost": 50.74961807314675, "power_cost": 13.964170715332031, "noise_cost": 21.044320370463815, "n_waypoints_completed": 9, "tot_waypoints": 9}}
{"target": -192.0674391168307, "params": {"k_pid_pos": [1.1989042364704454, 0.0, 0.06263804990017802], "k_pid_alt": [1.6052534166197223, 0.0, 0.9526560932470209], "k_pid_att": [34.5682918642774, 3.5009395167027666, 0.21381563092313832], "k_pid_yaw": [0.5, 1e-06, 0.1], "k_pid_hsp": [0.12046037531992539, 0.0, 0.0], "k_pid_vsp": [77.9116023869021, 22.480501035685233, 1e-06]}, "datetime": {"datetime": "2025-08-13 18:32:30", "elapsed": 31478.006271600723, "delta": 17.313563585281372}, "costs": {"total_cost": 192.0674391168307, "time_cost": 72.128, "final_distance_cost": 1.7836065363328766, "oscillation_cost": 28.69572134573826, "completition_cost": 0.0, "overshoot_cost": 51.90954724349817, "power_cost": 15.895267041015625, "noise_cost": 21.655296950245813, "n_waypoints_completed": 9, "tot_waypoints": 9}}
{"target": -198.32676755157127, "params": {"k_pid_pos": [1.1916383583871144, 0.0, 0.07102829028837865], "k_pid_alt": [1.5241012313735656, 0.0, 0.987079996325586], "k_pid_att": [36.085302368086495, 3.7210562368005493, 0.2339490878441856], "k_pid_yaw": [0.5, 1e-06, 0.1], "k_pid_hsp": [0.20940534635138167, 0.0, 0.0], "k_pid_vsp": [106.69593941277056, 34.61654417414283, 1e-06]}, "datetime": {"datetime": "2025-08-13 18:32:47", "elapsed": 31495.486260175705, "delta": 17.47998857498169}, "costs": {"total_cost": 198.32676755157127, "time_cost": 72.492, "final_distance_cost": 1.8197304609078448, "oscillation_cost": 29.395698179194063, "completition_cost": 0.0, "overshoot_cost": 51.46871263660774, "power_cost": 20.597229809570315, "noise_cost": 22.55339646529133, "n_waypoints_completed": 9, "tot_waypoints": 9}}
{"target": -203.5472442526995, "params": {"k_pid_pos": [0.8854507156041319, 0.0, 0.056366974777413856], "k_pid_alt": [1.6105913961538427, 0.0, 0.9394469362208161], "k_pid_att": [34.18174399859137, 3.1855520377269833, 0.2345201718506199], "k_pid_yaw": [0.5, 1e-06, 0.1], "k_pid_hsp": [0.06750291518159038, 0.0, 0.0], "k_pid_vsp": [188.53149297547577, 1e-06, 1e-06]}, "datetime": {"datetime": "2025-08-13 18:33:05", "elapsed": 31513.770880937576, "delta": 18.284620761871338}, "costs": {"total_cost": 203.5472442526995, "time_cost": 78.33, "final_distance_cost": 1.7775986806156763, "oscillation_cost": 23.644701050184047, "completition_cost": 0.0, "overshoot_cost": 54.42377928672144, "power_cost": 21.07038522949219, "noise_cost": 24.300780005686132, "n_waypoints_completed": 9, "tot_waypoints": 9}}
{"target": -190.80515009304975, "params": {"k_pid_pos": [1.211479479096927, 0.0, 0.08526644444994617], "k_pid_alt": [1.6892756714616768, 0.0, 0.9596512320985198], "k_pid_att": [37.28993551711377, 3.562359603721323, 0.23418622616644597], "k_pid_yaw": [0.5, 1e-06, 0.1], "k_pid_hsp": [0.1950174104031622, 0.0, 0.0], "k_pid_vsp": [223.27586088808584, 39.649330511057876, 1e-06]}, "datetime": {"datetime": "2025-08-13 18:33:23", "elapsed": 31531.84082841873, "delta": 18.069947481155396}, "costs": {"total_cost": 190.80515009304975, "time_cost": 71.169, "final_distance_cost": 1.8150908188926995, "oscillation_cost": 29.69163625610504, "completition_cost": 0.0, "overshoot_cost": 50.88126294074478, "power_cost": 15.872558312988282, "noise_cost": 21.37560176431895, "n_waypoints_completed": 9, "tot_waypoints": 9}}
{"target": -190.08342008552384, "params": {"k_pid_pos": [0.8365369223045831, 0.0, 0.060690263056108404], "k_pid_alt": [1.6402846986846953, 0.0, 1.0], "k_pid_att": [35.917890509257475, 3.6777629509267893, 0.2379571326380283], "k_pid_yaw": [0.5, 1e-06, 0.1], "k_pid_hsp": [0.12721974443383602, 0.0, 0.0], "k_pid_vsp": [143.7017441636102, 43.84869115016407, 1e-06]}, "datetime": {"datetime": "2025-08-13 18:33:41", "elapsed": 31549.666486263275, "delta": 17.825657844543457}, "costs": {"total_cost": 190.08342008552384, "time_cost": 72.373, "final_distance_cost": 1.8178471578800588, "oscillation_cost": 25.50738374133307, "completition_cost": 0.0, "overshoot_cost": 51.57410291766495, "power_cost": 16.87070076904297, "noise_cost": 21.94038549960279, "n_waypoints_completed": 9, "tot_waypoints": 9}}
{"target": -188.67771315191345, "params": {"k_pid_pos": [1.0562394440807037, 0.015841515145011635, 0.048801355422596074], "k_pid_alt": [1.6012634572652065, 0.0, 0.9286897686819313], "k_pid_att": [41.21061031086366, 3.8168324541749024, 0.25409187155046864], "k_pid_yaw": [0.5, 1e-06, 0.1], "k_pid_hsp": [0.1870517381096529, 0.0, 0.0], "k_pid_vsp": [115.41134437757256, 27.794676746494332, 1e-06]}, "datetime": {"datetime": "2025-08-13 18:33:59", "elapsed": 31567.195612192154, "delta": 17.529125928878784}, "costs": {"total_cost": 188.67771315191345, "time_cost": 71.414, "final_distance_cost": 1.8235150340774589, "oscillation_cost": 28.539582369141105, "completition_cost": 0.0, "overshoot_cost": 51.04144313017692, "power_cost": 14.722817932128907, "noise_cost": 21.136354686389033, "n_waypoints_completed": 9, "tot_waypoints": 9}}
{"target": -183.39500757608445, "params": {"k_pid_pos": [0.486980480352191, 0.0, 0.024591237924851843], "k_pid_alt": [1.5929796718288374, 0.0, 0.9542080658821082], "k_pid_att": [19.7566116666168, 3.411271990562632, 0.25903759113778374], "k_pid_yaw": [0.5, 1e-06, 0.1], "k_pid_hsp": [0.1046876367945162, 0.0, 0.0], "k_pid_vsp": [125.43289597413535, 1e-06, 0.8674042499920834]}, "datetime": {"datetime": "2025-08-13 18:34:17", "elapsed": 31585.568314552307, "delta": 18.3727023601532}, "costs": {"total_cost": 183.39500757608445, "time_cost": 77.546, "final_distance_cost": 1.82966321646851, "oscillation_cost": 19.599548368629453, "completition_cost": 0.0, "overshoot_cost": 52.8869926269717, "power_cost": 9.885155285644531, "noise_cost": 21.647648078370253, "n_waypoints_completed": 9, "tot_waypoints": 9}}
{"target": -184.53048301320717, "params": {"k_pid_pos": [0.9332472677313486, 0.0, 1.1695579426478087e-05], "k_pid_alt": [1.6039740105800226, 0.0, 0.9947417964020892], "k_pid_att": [33.1022872313295, 3.07517401684501, 0.2536738246864521], "k_pid_yaw": [0.5, 1e-06, 0.1], "k_pid_hsp": [0.20471216703166092, 0.0, 0.0], "k_pid_vsp": [16.074777564174973, 24.233697782524033, 1e-06]}, "datetime": {"datetime": "2025-08-13 18:34:35", "elapsed": 31603.20934176445, "delta": 17.641027212142944}, "costs": {"total_cost": 184.53048301320717, "time_cost": 70.861, "final_distance_cost": 1.8378722342605591, "oscillation_cost": 27.453462487451393, "completition_cost": 0.0, "overshoot_cost": 50.776860367506664, "power_cost": 13.021845629882813, "noise_cost": 20.579442294105736, "n_waypoints_completed": 9, "tot_waypoints": 9}}
{"target": -183.67623547593647, "params": {"k_pid_pos": [1.1597307126092535, 0.0, 0.05386962991121371], "k_pid_alt": [1.6121020627808416, 0.0, 0.99284611539846], "k_pid_att": [36.393150000578146, 3.438437123045212, 0.20044975242923094], "k_pid_yaw": [0.5, 1e-06, 0.1], "k_pid_hsp": [0.21981118723102286, 0.0, 0.0], "k_pid_vsp": [33.76077689717924, 30.77766945148786, 1e-06]}, "datetime": {"datetime": "2025-08-13 18:34:52", "elapsed": 31620.173738479614, "delta": 16.964396715164185}, "costs": {"total_cost": 183.67623547593647, "time_cost": 70.392, "final_distance_cost": 1.8131552716891954, "oscillation_cost": 29.9358453113808, "completition_cost": 0.0, "overshoot_cost": 50.36385396818055, "power_cost": 11.356061889648439, "noise_cost": 19.815319035037483, "n_waypoints_completed": 9, "tot_waypoints": 9}}
{"target": -181.52438541276663, "params": {"k_pid_pos": [0.9914123915481713, 0.0, 0.06932444071032358], "k_pid_alt": [1.63884264374287, 0.0, 0.9497749040188175], "k_pid_att": [34.11118847593715, 3.6118096569663587, 0.2570986653884893], "k_pid_yaw": [0.5, 1e-06, 0.1], "k_pid_hsp": [0.14449334395673183, 0.0, 0.0], "k_pid_vsp": [121.09887519191226, 49.857807764363265, 1e-06]}, "datetime": {"datetime": "2025-08-13 18:35:09", "elapsed": 31637.339208602905, "delta": 17.165470123291016}, "costs": {"total_cost": 181.52438541276663, "time_cost": 71.162, "final_distance_cost": 1.8077039588385646, "oscillation_cost": 27.361180630533944, "completition_cost": 0.0, "overshoot_cost": 50.91041499201051, "power_cost": 10.558101098632813, "noise_cost": 19.724984732750784, "n_waypoints_completed": 9, "tot_waypoints": 9}}
{"target": -1247.7731224078043, "params": {"k_pid_pos": [1.253690934122752, 0.0, 0.014401293960028455], "k_pid_alt": [1.6402583243884603, 0.0, 0.9890154183736508], "k_pid_att": [41.49457035927778, 0.0001, 0.21304097704235886], "k_pid_yaw": [0.5, 1e-06, 0.1], "k_pid_hsp": [0.0001, 0.0, 0.0], "k_pid_vsp": [215.97988645335616, 1e-06, 1e-06]}, "datetime": {"datetime": "2025-08-13 18:35:38", "elapsed": 31666.187744379044, "delta": 28.848535776138306}, "costs": {"total_cost": 1247.7731224078043, "time_cost": 150, "final_distance_cost": 48.37579264721618, "oscillation_cost": 0.01785635750345964, "completition_cost": 888.8888888888888, "overshoot_cost": 105.2030783877127, "power_cost": 21.97653806152344, "noise_cost": 33.31096806495992, "n_waypoints_completed": 1, "tot_waypoints": 9}}
{"target": -188.29689045361792, "params": {"k_pid_pos": [1.209487806117222, 0.0, 0.04427919703141979], "k_pid_alt": [1.6600797251830275, 0.0, 0.9583754420176297], "k_pid_att": [35.871458061070996, 3.6565062771864887, 0.24280316432153173], "k_pid_yaw": [0.5, 1e-06, 0.1], "k_pid_hsp": [0.25916073137320184, 0.0, 0.0], "k_pid_vsp": [138.15956465970984, 35.81520515721521, 1e-06]}, "datetime": {"datetime": "2025-08-13 18:35:55", "elapsed": 31683.25333547592, "delta": 17.06559109687805}, "costs": {"total_cost": 188.29689045361792, "time_cost": 70.511, "final_distance_cost": 1.8222292006024003, "oscillation_cost": 30.3119741781831, "completition_cost": 0.0, "overshoot_cost": 50.74600015338283, "power_cost": 14.19341190185547, "noise_cost": 20.71227501959417, "n_waypoints_completed": 9, "tot_waypoints": 9}}
{"target": -188.34055967721642, "params": {"k_pid_pos": [1.0158460985657323, 0.0, 0.043628969995083894], "k_pid_alt": [1.6532616049320474, 0.0, 0.9301070730581591], "k_pid_att": [34.92776849951418, 3.7693155208452156, 0.2564884974093698], "k_pid_yaw": [0.5, 1e-06, 0.1], "k_pid_hsp": [0.17097335650899453, 0.0, 0.0], "k_pid_vsp": [164.60559116982546, 34.00747430419198, 1e-06]}, "datetime": {"datetime": "2025-08-13 18:36:12", "elapsed": 31700.16641688347, "delta": 16.913081407546997}, "costs": {"total_cost": 188.34055967721642, "time_cost": 71.309, "final_distance_cost": 1.8150722613995978, "oscillation_cost": 28.001505131012006, "completition_cost": 0.0, "overshoot_cost": 51.32546192486481, "power_cost": 14.743714514160157, "noise_cost": 21.145805845779837, "n_waypoints_completed": 9, "tot_waypoints": 9}}
{"target": -190.271449023638, "params": {"k_pid_pos": [1.2341759604008253, 0.0, 0.04055636126536222], "k_pid_alt": [1.6439727328067475, 0.0, 0.937749813745129], "k_pid_att": [36.03568468786272, 3.8127230088783275, 0.6730622467575655], "k_pid_yaw": [0.5, 1e-06, 0.1], "k_pid_hsp": [0.4878015276622808, 0.0, 0.0], "k_pid_vsp": [184.031633410628, 34.509527548697264, 1e-06]}, "datetime": {"datetime": "2025-08-13 18:36:29", "elapsed": 31717.638953208923, "delta": 17.472536325454712}, "costs": {"total_cost": 190.271449023638, "time_cost": 70.917, "final_distance_cost": 1.8309594896255403, "oscillation_cost": 30.615543008571482, "completition_cost": 0.0, "overshoot_cost": 51.10639451843514, "power_cost": 14.808225561523438, "noise_cost": 20.993326445482424, "n_waypoints_completed": 9, "tot_waypoints": 9}}
{"target": -188.3543149540721, "params": {"k_pid_pos": [0.9621751471716985, 0.0, 0.08147486473624689], "k_pid_alt": [1.60836973410715, 0.0, 0.9703776079437479], "k_pid_att": [34.54028175371722, 3.892371870194385, 0.25055208396996387], "k_pid_yaw": [0.5, 1e-06, 0.1], "k_pid_hsp": [0.21592015159821842, 0.0, 0.0], "k_pid_vsp": [176.96904115279827, 43.2895114243971, 1e-06]}, "datetime": {"datetime": "2025-08-13 18:36:46", "elapsed": 31734.898688793182, "delta": 17.259735584259033}, "costs": {"total_cost": 188.3543149540721, "time_cost": 71.645, "final_distance_cost": 1.8420139382950569, "oscillation_cost": 27.746691007854988, "completition_cost": 0.0, "overshoot_cost": 50.47393610599755, "power_cost": 15.385229333496094, "noise_cost": 21.261444568428416, "n_waypoints_completed": 9, "tot_waypoints": 9}}
{"target": -193.24750850096203, "params": {"k_pid_pos": [1.160370235006316, 0.0, 0.08244678482435971], "k_pid_alt": [1.6389357166591199, 0.0, 0.9493931942687779], "k_pid_att": [35.61245792799035, 3.5964211087509725, 0.2424716763852544], "k_pid_yaw": [0.5, 1e-06, 0.1], "k_pid_hsp": [0.20871436809138103, 0.0, 0.0], "k_pid_vsp": [180.81885953527507, 24.414532108479072, 1e-06]}, "datetime": {"datetime": "2025-08-13 18:37:03", "elapsed": 31751.692752838135, "delta": 16.794064044952393}, "costs": {"total_cost": 193.24750850096203, "time_cost": 71.596, "final_distance_cost": 1.8295091046340308, "oscillation_cost": 29.35819584888353, "completition_cost": 0.0, "overshoot_cost": 51.65708476292771, "power_cost": 17.025722766113283, "noise_cost": 21.780996018403474, "n_waypoints_completed": 9, "tot_waypoints": 9}}
{"target": -200.34564227329207, "params": {"k_pid_pos": [1.2451644921363667, 1.9958431091198425e-05, 0.08077636614893029], "k_pid_alt": [1.633995993475587, 0.0, 0.7833809272181975], "k_pid_att": [32.944922718359024, 3.2867554689554463, 0.24765969064135668], "k_pid_yaw": [0.5, 1e-06, 0.1], "k_pid_hsp": [0.1673501197709749, 0.0, 0.0], "k_pid_vsp": [124.23488543706361, 38.4559008629637, 1e-06]}, "datetime": {"datetime": "2025-08-13 18:37:21", "elapsed": 31769.80306816101, "delta": 18.110315322875977}, "costs": {"total_cost": 200.34564227329207, "time_cost": 71.715, "final_distance_cost": 1.817279108273933, "oscillation_cost": 29.369641447337166, "completition_cost": 0.0, "overshoot_cost": 52.18339002772754, "power_cost": 22.513735888671874, "noise_cost": 22.74659580128155, "n_waypoints_completed": 9, "tot_waypoints": 9}}
{"target": -182.6888713540515, "params": {"k_pid_pos": [0.8593560769408661, 0.0, 0.054950392621065915], "k_pid_alt": [1.6251354697157643, 0.0, 0.9674008293624281], "k_pid_att": [36.132853831042084, 3.4142556621952536, 0.26196862637486756], "k_pid_yaw": [0.5, 1e-06, 0.1], "k_pid_hsp": [0.1751116571252247, 0.0, 0.0], "k_pid_vsp": [151.63643337385767, 49.80929344051118, 1e-06]}, "datetime": {"datetime": "2025-08-13 18:37:38", "elapsed": 31786.527487039566, "delta": 16.724418878555298}, "costs": {"total_cost": 182.6888713540515, "time_cost": 71.547, "final_distance_cost": 1.825807918073231, "oscillation_cost": 26.39639130182958, "completition_cost": 0.0, "overshoot_cost": 50.509169727100584, "power_cost": 11.934036425781251, "noise_cost": 20.47646598126688, "n_waypoints_completed": 9, "tot_waypoints": 9}}
{"target": -1004.3773205030192, "params": {"k_pid_pos": [1.0092941577495314, 0.0, 0.09669862257873733], "k_pid_alt": [1.8244591318342724, 0.0, 0.940002744134679], "k_pid_att": [37.73636404865049, 3.645552199199395, 0.23466894399525173], "k_pid_yaw": [0.5, 1e-06, 0.1], "k_pid_hsp": [0.00691512601251329, 0.0, 0.0], "k_pid_vsp": [201.37667285944786, 25.16115346154281, 1e-06]}, "datetime": {"datetime": "2025-08-13 18:38:07", "elapsed": 31815.05901002884, "delta": 28.53152298927307}, "costs": {"total_cost": 1004.3773205030192, "time_cost": 150, "final_distance_cost": 51.07595051637796, "oscillation_cost": 2.4246636356345097, "completition_cost": 666.6666666666667, "overshoot_cost": 71.84403028160072, "power_cost": 27.857477868652346, "noise_cost": 34.50853153408682, "n_waypoints_completed": 3, "tot_waypoints": 9}}
{"target": -182.53566024903017, "params": {"k_pid_pos": [1.104040366871865, 0.0, 0.04402065508348822], "k_pid_alt": [1.6467200312707326, 0.0, 0.9518604815733248], "k_pid_att": [36.80174105693402, 3.451701730102662, 0.2275751413286121], "k_pid_yaw": [0.5, 1e-06, 0.1], "k_pid_hsp": [0.2311389345306113, 0.0, 0.0], "k_pid_vsp": [162.38497363197467, 33.31471618539913, 1e-06]}, "datetime": {"datetime": "2025-08-13 18:38:25", "elapsed": 31833.1954100132, "delta": 18.13639998435974}, "costs": {"total_cost": 182.53566024903017, "time_cost": 70.686, "final_distance_cost": 1.8308450534857963, "oscillation_cost": 29.644978605037412, "completition_cost": 0.0, "overshoot_cost": 50.31207648774426, "power_cost": 10.432988879394532, "noise_cost": 19.628771223368158, "n_waypoints_completed": 9, "tot_waypoints": 9}}
{"target": -194.59925002637544, "params": {"k_pid_pos": [0.9858369810997496, 0.0, 0.06231366792783903], "k_pid_alt": [1.654535987058757, 0.0, 0.9387640789365473], "k_pid_att": [35.17077052949254, 3.3168308563469475, 0.2740067804904998], "k_pid_yaw": [0.5, 1e-06, 0.1], "k_pid_hsp": [0.14155714949665527, 0.0, 0.0], "k_pid_vsp": [93.86776725098048, 52.17325729247038, 1.2817321282727314]}, "datetime": {"datetime": "2025-08-13 18:38:46", "elapsed": 31854.359248399734, "delta": 21.163838386535645}, "costs": {"total_cost": 194.59925002637544, "time_cost": 71.638, "final_distance_cost": 1.8067845961073878, "oscillation_cost": 27.06097068879032, "completition_cost": 0.0, "overshoot_cost": 51.16002629056558, "power_cost": 20.45787186279297, "noise_cost": 22.47559658811919, "n_waypoints_completed": 9, "tot_waypoints": 9}}
{"target": -190.66015803294852, "params": {"k_pid_pos": [1.0804112915030952, 0.0, 0.21974222677500782], "k_pid_alt": [1.682496715268669, 0.0, 0.9576899452392611], "k_pid_att": [40.003454256927604, 2.8395584570034607, 0.20923442758925662], "k_pid_yaw": [0.5, 1e-06, 0.1], "k_pid_hsp": [0.27311433088475146, 0.0, 0.0], "k_pid_vsp": [98.64475041649062, 40.818523850097115, 1e-06]}, "datetime": {"datetime": "2025-08-13 18:39:07", "elapsed": 31875.933971643448, "delta": 21.57472324371338}, "costs": {"total_cost": 190.66015803294852, "time_cost": 71.589, "final_distance_cost": 1.8476841684427705, "oscillation_cost": 28.419272392181178, "completition_cost": 0.0, "overshoot_cost": 51.010580952344434, "power_cost": 15.992271716308595, "noise_cost": 21.80134880367153, "n_waypoints_completed": 9, "tot_waypoints": 9}}
