{"target": -189.4893687307561, "params": {"k_pid_pos": [0.970898944797701, 0.0, 0.0972026994120932], "k_pid_alt": [1.655025917269907, 0.0, 0.949856855047353], "k_pid_att": [31.918562323570526, 2.305354207325826, 0.21082213661230165], "k_pid_yaw": [0.5, 1e-06, 0.1], "k_pid_hsp": [0.21140379633576828, 0.04284159228391582, 0.0], "k_pid_vsp": [121.23137349359047, 0.13125504756625794, 1e-06]}, "datetime": {"datetime": "2025-08-13 13:17:01", "elapsed": 12549.293022155762, "delta": 17.4413800239563}, "costs": {"total_cost": 189.4893687307561, "time_cost": 72.009, "final_distance_cost": 1.845590244887285, "oscillation_cost": 30.377031712179566, "completition_cost": 0.0, "overshoot_cost": 50.982721803114146, "power_cost": 13.30916142578125, "noise_cost": 20.96586354479386, "n_waypoints_completed": 9, "tot_waypoints": 9}}
{"target": -195.42634941787446, "params": {"k_pid_pos": [0.7053262038014374, 0.03267703307595099, 0.14971451598313454], "k_pid_alt": [1.6480442366709331, 0.0, 0.9631926424617996], "k_pid_att": [30.785763751817058, 2.7712130847994834, 0.2163903641057526], "k_pid_yaw": [0.5, 1e-06, 0.1], "k_pid_hsp": [0.27059273948782187, 0.0020216745464898505, 0.0], "k_pid_vsp": [162.7504900899001, 11.455006026415923, 0.39469887232707623]}, "datetime": {"datetime": "2025-08-13 13:17:19", "elapsed": 12567.585546016693, "delta": 18.292523860931396}, "costs": {"total_cost": 195.42634941787446, "time_cost": 76.531, "final_distance_cost": 1.8495597495755256, "oscillation_cost": 26.295406571636317, "completition_cost": 0.0, "overshoot_cost": 52.01937618153277, "power_cost": 15.562375109863282, "noise_cost": 23.168631805266546, "n_waypoints_completed": 9, "tot_waypoints": 9}}
{"target": -188.1344054647082, "params": {"k_pid_pos": [1.0218621281768407, 0.0, 0.19122232370621187], "k_pid_alt": [1.7844640307990762, 0.0, 0.9690958430613856], "k_pid_att": [35.04459548272772, 2.5131887356657243, 0.08986429485425756], "k_pid_yaw": [0.5, 1e-06, 0.1], "k_pid_hsp": [0.26119286056566393, 0.0, 0.0], "k_pid_vsp": [107.11565200403352, 4.6575712919506245, 1e-06]}, "datetime": {"datetime": "2025-08-13 13:17:36", "elapsed": 12584.532727479935, "delta": 16.947181463241577}, "costs": {"total_cost": 188.1344054647082, "time_cost": 72.527, "final_distance_cost": 1.8379451288639514, "oscillation_cost": 29.596979363505614, "completition_cost": 0.0, "overshoot_cost": 51.34206468806973, "power_cost": 11.90244832763672, "noise_cost": 20.927967956632184, "n_waypoints_completed": 9, "tot_waypoints": 9}}
{"target": -192.84220568115688, "params": {"k_pid_pos": [0.8386865627920096, 0.0, 0.09186403626175736], "k_pid_alt": [1.6450809201689447, 0.0, 0.963397932498615], "k_pid_att": [33.15860561291178, 3.0773482316029312, 0.204435485404364], "k_pid_yaw": [0.5, 1e-06, 0.1], "k_pid_hsp": [0.18252862945448914, 0.0, 0.0], "k_pid_vsp": [130.53562764778235, 9.556820914813292, 1e-06]}, "datetime": {"datetime": "2025-08-13 13:17:53", "elapsed": 12601.798870325089, "delta": 17.26614284515381}, "costs": {"total_cost": 192.84220568115688, "time_cost": 73.325, "final_distance_cost": 1.836532823756412, "oscillation_cost": 26.38676850541135, "completition_cost": 0.0, "overshoot_cost": 51.69031605325875, "power_cost": 17.017136059570312, "noise_cost": 22.586452239160053, "n_waypoints_completed": 9, "tot_waypoints": 9}}
{"target": -199.20101236458726, "params": {"k_pid_pos": [1.075172957812443, 0.0, 0.10478970889059955], "k_pid_alt": [1.612559125864688, 0.0, 0.9497369251209198], "k_pid_att": [25.104842866499048, 3.2262145083289404, 0.18641947424407582], "k_pid_yaw": [0.5, 1e-06, 0.1], "k_pid_hsp": [0.1818096435669597, 0.0, 0.0], "k_pid_vsp": [130.64127946349907, 1e-06, 1e-06]}, "datetime": {"datetime": "2025-08-13 13:18:11", "elapsed": 12619.105864048004, "delta": 17.30699372291565}, "costs": {"total_cost": 199.20101236458726, "time_cost": 73.906, "final_distance_cost": 1.8149447141671442, "oscillation_cost": 29.21909820111445, "completition_cost": 0.0, "overshoot_cost": 51.69846643582223, "power_cost": 19.480101464843752, "noise_cost": 23.082401548639666, "n_waypoints_completed": 9, "tot_waypoints": 9}}
{"target": -195.88737798364988, "params": {"k_pid_pos": [0.9602953516296902, 0.0, 0.10179695777921041], "k_pid_alt": [1.5398190385246477, 0.0, 0.9619453247707556], "k_pid_att": [19.477260724214304, 2.343787411871838, 0.34767378463064613], "k_pid_yaw": [0.5, 1e-06, 0.1], "k_pid_hsp": [0.3605347505478639, 0.0, 0.0], "k_pid_vsp": [101.55086309253599, 9.141840163527847, 1e-06]}, "datetime": {"datetime": "2025-08-13 13:18:28", "elapsed": 12636.64258146286, "delta": 17.536717414855957}, "costs": {"total_cost": 195.88737798364988, "time_cost": 73.409, "final_distance_cost": 1.8388330015248717, "oscillation_cost": 28.76527410854768, "completition_cost": 0.0, "overshoot_cost": 51.85218399022867, "power_cost": 17.321968139648437, "noise_cost": 22.700118743700212, "n_waypoints_completed": 9, "tot_waypoints": 9}}
{"target": -193.82152518951972, "params": {"k_pid_pos": [0.7900128478629868, 0.0, 0.13432283209338053], "k_pid_alt": [1.5728163746739439, 0.0, 0.9535471675059931], "k_pid_att": [17.976321995079815, 2.1520549722562166, 0.2822651211334479], "k_pid_yaw": [0.5, 1e-06, 0.1], "k_pid_hsp": [0.2746095246165462, 0.0, 0.0], "k_pid_vsp": [160.80785055835707, 1.7884335620416874, 1e-06]}, "datetime": {"datetime": "2025-08-13 13:18:46", "elapsed": 12654.476459264755, "delta": 17.83387780189514}, "costs": {"total_cost": 193.82152518951972, "time_cost": 75.551, "final_distance_cost": 1.8461477469615677, "oscillation_cost": 26.593748304941172, "completition_cost": 0.0, "overshoot_cost": 51.44194961724363, "power_cost": 15.429212658691407, "noise_cost": 22.95946686168197, "n_waypoints_completed": 9, "tot_waypoints": 9}}
{"target": -195.319761907713, "params": {"k_pid_pos": [1.288642417362433, 0.0, 0.09533143882751083], "k_pid_alt": [1.5529945825813083, 0.0, 0.9604463275701091], "k_pid_att": [35.18751408125249, 1.7937786666010855, 0.1963457170996154], "k_pid_yaw": [0.5, 1e-06, 0.1], "k_pid_hsp": [0.2838160923172537, 0.0, 0.0], "k_pid_vsp": [199.68084144694683, 4.760876480386226, 1e-06]}, "datetime": {"datetime": "2025-08-13 13:19:04", "elapsed": 12672.129536628723, "delta": 17.653077363967896}, "costs": {"total_cost": 195.319761907713, "time_cost": 72.443, "final_distance_cost": 1.8285974953610267, "oscillation_cost": 30.577852907073314, "completition_cost": 0.0, "overshoot_cost": 51.693100915023834, "power_cost": 16.989761853027346, "noise_cost": 21.787448737227493, "n_waypoints_completed": 9, "tot_waypoints": 9}}
{"target": -194.7295192192513, "params": {"k_pid_pos": [1.171226221767205, 0.0, 0.18910520576182396], "k_pid_alt": [1.5593102176666729, 0.0, 0.9389788315659352], "k_pid_att": [34.90615119490014, 2.1916758591044583, 0.16557307897399798], "k_pid_yaw": [0.5, 1e-06, 0.1], "k_pid_hsp": [0.34120007307028, 0.0, 0.0], "k_pid_vsp": [170.150670824551, 5.586645502902689, 1e-06]}, "datetime": {"datetime": "2025-08-13 13:19:22", "elapsed": 12690.092526435852, "delta": 17.962989807128906}, "costs": {"total_cost": 194.7295192192513, "time_cost": 72.69500000000001, "final_distance_cost": 1.8341937124288237, "oscillation_cost": 29.565408499487965, "completition_cost": 0.0, "overshoot_cost": 51.309466001259224, "power_cost": 17.06257236328125, "noise_cost": 22.262878642794064, "n_waypoints_completed": 9, "tot_waypoints": 9}}
{"target": -215.03645588515917, "params": {"k_pid_pos": [0.7734693244384669, 0.0, 0.18928692523679447], "k_pid_alt": [1.8024687518256868, 0.0, 0.9059161030501685], "k_pid_att": [31.81183723262439, 1.7858869504557147, 0.10075198547210892], "k_pid_yaw": [0.5, 1e-06, 0.1], "k_pid_hsp": [1.6385330420780257, 0.0, 0.0], "k_pid_vsp": [128.65304090164233, 17.321054834215943, 1.33330926984641]}, "datetime": {"datetime": "2025-08-13 13:19:40", "elapsed": 12708.515384435654, "delta": 18.422857999801636}, "costs": {"total_cost": 215.03645588515917, "time_cost": 79.065, "final_distance_cost": 1.852645049816745, "oscillation_cost": 34.99518384450567, "completition_cost": 0.0, "overshoot_cost": 52.162853134897794, "power_cost": 21.294042224121096, "noise_cost": 25.666731631817882, "n_waypoints_completed": 9, "tot_waypoints": 9}}
{"target": -184.00007996927263, "params": {"k_pid_pos": [1.1127225689459304, 0.0, 0.0396959550086668], "k_pid_alt": [1.5974321987020244, 0.0, 0.9670953874721685], "k_pid_att": [31.72350466521983, 3.150342107799236, 0.24186393481178034], "k_pid_yaw": [0.5, 1e-06, 0.1], "k_pid_hsp": [0.2843627344549069, 0.0, 0.0], "k_pid_vsp": [115.16650719248328, 6.952576439547752, 1e-06]}, "datetime": {"datetime": "2025-08-13 13:19:57", "elapsed": 12725.58370256424, "delta": 17.068318128585815}, "costs": {"total_cost": 184.00007996927263, "time_cost": 71.75, "final_distance_cost": 1.824764369302003, "oscillation_cost": 29.96307496830186, "completition_cost": 0.0, "overshoot_cost": 50.7604406442417, "power_cost": 9.884362854003907, "noise_cost": 19.817437133423162, "n_waypoints_completed": 9, "tot_waypoints": 9}}
{"target": -190.5095525544263, "params": {"k_pid_pos": [1.2964379215156803, 0.0, 0.19998066407285137], "k_pid_alt": [1.5193727157899435, 0.0, 0.9470402224412611], "k_pid_att": [33.61068686295341, 3.1032108800069067, 0.10947093387010971], "k_pid_yaw": [0.5, 1e-06, 0.1], "k_pid_hsp": [0.07138986655330636, 0.0, 0.0], "k_pid_vsp": [188.78390705428683, 11.667134872963743, 1e-06]}, "datetime": {"datetime": "2025-08-13 13:20:15", "elapsed": 12743.728729486465, "delta": 18.145026922225952}, "costs": {"total_cost": 190.5095525544263, "time_cost": 74.606, "final_distance_cost": 1.7817735342956793, "oscillation_cost": 26.80297507375362, "completition_cost": 0.0, "overshoot_cost": 53.44242526036715, "power_cost": 12.470061877441406, "noise_cost": 21.40631680856849, "n_waypoints_completed": 9, "tot_waypoints": 9}}
{"target": -214.91459640895442, "params": {"k_pid_pos": [0.8433859093719237, 0.2633416384902834, 0.4198960717359116], "k_pid_alt": [2.0, 0.0, 0.9645061643176692], "k_pid_att": [61.96924353170122, 3.1982518968223133, 0.13509190044047564], "k_pid_yaw": [0.5, 1e-06, 0.1], "k_pid_hsp": [0.7607595322829525, 0.0, 0.0], "k_pid_vsp": [329.6880673475497, 1e-06, 1e-06]}, "datetime": {"datetime": "2025-08-13 13:20:34", "elapsed": 12762.204467773438, "delta": 18.475738286972046}, "costs": {"total_cost": 214.91459640895442, "time_cost": 78.673, "final_distance_cost": 1.8327017893983515, "oscillation_cost": 32.994424660248114, "completition_cost": 0.0, "overshoot_cost": 53.42550385483979, "power_cost": 22.98273485107422, "noise_cost": 25.006231253393942, "n_waypoints_completed": 9, "tot_waypoints": 9}}
{"target": -194.614792370344, "params": {"k_pid_pos": [1.1276020804142528, 0.041955694422931344, 0.18782233277957766], "k_pid_alt": [1.7854639611187786, 0.0, 0.9765957140549458], "k_pid_att": [37.03746893617444, 2.6375251756577818, 0.18298699206931202], "k_pid_yaw": [0.5, 1e-06, 0.1], "k_pid_hsp": [0.2025308379664578, 0.0, 0.0], "k_pid_vsp": [165.00948246883553, 2.6437767293070165, 3.0645094319954715]}, "datetime": {"datetime": "2025-08-13 13:20:51", "elapsed": 12779.799902200699, "delta": 17.595434427261353}, "costs": {"total_cost": 194.614792370344, "time_cost": 72.31, "final_distance_cost": 1.8168558060571558, "oscillation_cost": 28.22332554221428, "completition_cost": 0.0, "overshoot_cost": 52.10599958545136, "power_cost": 17.78535008544922, "noise_cost": 22.37326135117197, "n_waypoints_completed": 9, "tot_waypoints": 9}}
{"target": -189.86282284264632, "params": {"k_pid_pos": [0.7294393008800333, 0.0, 0.1366911689082504], "k_pid_alt": [1.7285196233811035, 0.0, 0.9532158997788376], "k_pid_att": [33.3759165442018, 3.9789305554922136, 0.12517024807444227], "k_pid_yaw": [0.5, 1e-06, 0.1], "k_pid_hsp": [0.14401857548790212, 0.0, 0.0], "k_pid_vsp": [172.68651498146, 1e-06, 1e-06]}, "datetime": {"datetime": "2025-08-13 13:21:10", "elapsed": 12798.172955751419, "delta": 18.373053550720215}, "costs": {"total_cost": 189.86282284264632, "time_cost": 74.431, "final_distance_cost": 1.8363954346822107, "oscillation_cost": 24.96700921142706, "completition_cost": 0.0, "overshoot_cost": 51.95428024138472, "power_cost": 14.370635400390626, "noise_cost": 22.303502554761693, "n_waypoints_completed": 9, "tot_waypoints": 9}}
{"target": -1140.1667299364274, "params": {"k_pid_pos": [0.8200107609810335, 0.003980560026575, 0.024990193284482765], "k_pid_alt": [1.556537816427394, 0.0, 0.9562814897230876], "k_pid_att": [37.17603595930593, 2.5325126587011506, 0.07021304700179629], "k_pid_yaw": [0.5, 1e-06, 0.1], "k_pid_hsp": [0.004912898806232008, 0.0, 0.0], "k_pid_vsp": [150.06729633842474, 2.9562347671345446, 1e-06]}, "datetime": {"datetime": "2025-08-13 13:21:38", "elapsed": 12826.17363524437, "delta": 28.00067949295044}, "costs": {"total_cost": 1140.1667299364274, "time_cost": 150, "final_distance_cost": 89.77168243568904, "oscillation_cost": 12.552876972873648, "completition_cost": 777.7777777777778, "overshoot_cost": 64.92540751697827, "power_cost": 14.470653442382813, "noise_cost": 30.668331790725578, "n_waypoints_completed": 2, "tot_waypoints": 9}}
{"target": -245.32669651943624, "params": {"k_pid_pos": [0.36444228031358183, 0.0, 0.19211488838853275], "k_pid_alt": [1.692892843624889, 0.0, 0.9693943637252771], "k_pid_att": [30.067925001765115, 2.8858120404365204, 0.16602123054930037], "k_pid_yaw": [0.5, 1e-06, 0.1], "k_pid_hsp": [1.5210938042403743, 0.05014047883402105, 0.0], "k_pid_vsp": [161.00823056657055, 1.5617241048832415, 6.007840656354343]}, "datetime": {"datetime": "2025-08-13 13:22:02", "elapsed": 12850.694702863693, "delta": 24.52106761932373}, "costs": {"total_cost": 245.32669651943624, "time_cost": 103.194, "final_distance_cost": 1.860170975549127, "oscillation_cost": 27.20927874353916, "completition_cost": 0.0, "overshoot_cost": 55.78365874609126, "power_cost": 22.260586303710937, "noise_cost": 35.019001750545776, "n_waypoints_completed": 9, "tot_waypoints": 9}}
{"target": -185.8949662278829, "params": {"k_pid_pos": [0.7022725351913824, 0.0, 0.015159220576326727], "k_pid_alt": [1.5402607972061004, 0.0, 0.976187185960537], "k_pid_att": [4.692536060166297, 2.9359310546129374, 0.18363756863416217], "k_pid_yaw": [0.5, 1e-06, 0.1], "k_pid_hsp": [0.1776185564689528, 0.0, 0.0], "k_pid_vsp": [153.2706849174096, 3.3720998822244406, 1e-06]}, "datetime": {"datetime": "2025-08-13 13:22:20", "elapsed": 12868.285380601883, "delta": 17.590677738189697}, "costs": {"total_cost": 185.8949662278829, "time_cost": 74.375, "final_distance_cost": 1.83202530653304, "oscillation_cost": 26.051101197917205, "completition_cost": 0.0, "overshoot_cost": 51.552109510672985, "power_cost": 11.049377990722657, "noise_cost": 21.03535222203699, "n_waypoints_completed": 9, "tot_waypoints": 9}}
{"target": -202.55800650333046, "params": {"k_pid_pos": [1.0989415437464252, 0.15473603070765332, 0.13850947601995914], "k_pid_alt": [1.6252719677028087, 0.0, 0.9584652303727966], "k_pid_att": [5.478759255071797, 2.1103434569719, 0.14805651078050014], "k_pid_yaw": [0.5, 1e-06, 0.1], "k_pid_hsp": [0.8178182977187404, 0.0, 0.0], "k_pid_vsp": [164.84388631883093, 4.820122243504734, 1e-06]}, "datetime": {"datetime": "2025-08-13 13:22:38", "elapsed": 12886.45393204689, "delta": 18.168551445007324}, "costs": {"total_cost": 202.55800650333046, "time_cost": 73.199, "final_distance_cost": 1.8235921252043936, "oscillation_cost": 34.36539216344441, "completition_cost": 0.0, "overshoot_cost": 51.6115262247177, "power_cost": 18.872381970214846, "noise_cost": 22.68611401974912, "n_waypoints_completed": 9, "tot_waypoints": 9}}
{"target": -1463.206565509928, "params": {"k_pid_pos": [0.991762350735157, 0.0, 0.1397412483536351], "k_pid_alt": [2.0, 0.0, 0.9656407114489013], "k_pid_att": [32.43221530515656, 2.7474227959702957, 0.1534845975432717], "k_pid_yaw": [0.5, 1e-06, 0.1], "k_pid_hsp": [0.41041936698040615, 0.0, 0.0], "k_pid_vsp": [0.0, 1e-06, 1e-06]}, "datetime": {"datetime": "2025-08-13 13:23:06", "elapsed": 12914.681709766388, "delta": 28.22777771949768}, "costs": {"total_cost": 1463.206565509928, "time_cost": 150, "final_distance_cost": 1.0000000000273972, "oscillation_cost": 7.258316044599954, "completition_cost": 1000.0, "overshoot_cost": 163.06807692434126, "power_cost": 10.14959990234375, "noise_cost": 131.73057263861546, "n_waypoints_completed": 0, "tot_waypoints": 9}}
{"target": -2091.7855109905286, "params": {"k_pid_pos": [1.1808308918871142, 0.015635505022559816, 0.26540645178503186], "k_pid_alt": [1.2951475659683893, 0.07834179903345241, 1.0], "k_pid_att": [41.87575323836789, 3.5324664971673583, 0.03752647174139245], "k_pid_yaw": [0.5, 1e-06, 0.1], "k_pid_hsp": [0.0001, 0.09050845627351373, 0.21442071546607677], "k_pid_vsp": [224.84109209097298, 344.8251039161267, 1e-06]}, "datetime": {"datetime": "2025-08-13 13:23:34", "elapsed": 12942.911625862122, "delta": 28.229916095733643}, "costs": {"total_cost": 2091.7855109905286, "time_cost": 150, "final_distance_cost": 64.53111001038708, "oscillation_cost": 854.7170582607299, "completition_cost": 888.8888888888888, "overshoot_cost": 72.70020238446793, "power_cost": 31.259734741210938, "noise_cost": 29.688516704843455, "n_waypoints_completed": 1, "tot_waypoints": 9}}
{"target": -185.92564560073356, "params": {"k_pid_pos": [1.4213892113012876, 0.0, 0.23285142823390043], "k_pid_alt": [1.416262985556975, 0.0, 0.986224756981513], "k_pid_att": [16.074551799867752, 0.0001, 0.23286445881597342], "k_pid_yaw": [0.5, 1e-06, 0.1], "k_pid_hsp": [0.3651999238575072, 0.05976138999609075, 0.0], "k_pid_vsp": [155.88968275324436, 5.070548310149317, 1e-06]}, "datetime": {"datetime": "2025-08-13 13:23:52", "elapsed": 12960.046764850616, "delta": 17.135138988494873}, "costs": {"total_cost": 185.92564560073356, "time_cost": 72.065, "final_distance_cost": 1.826984785821817, "oscillation_cost": 31.696526233731113, "completition_cost": 0.0, "overshoot_cost": 50.524459695250144, "power_cost": 10.253963232421876, "noise_cost": 19.55871165350863, "n_waypoints_completed": 9, "tot_waypoints": 9}}
{"target": -1251.0225769808906, "params": {"k_pid_pos": [1.2352002729792528, 0.0, 0.17775241115897722], "k_pid_alt": [1.4929924090821995, 0.0, 0.9755751350305452], "k_pid_att": [35.19546970434541, 1.24240565770322, 0.13056132596905373], "k_pid_yaw": [0.5, 1e-06, 0.1], "k_pid_hsp": [0.0001, 0.0, 0.0], "k_pid_vsp": [138.13032563305916, 11.542419285029233, 1e-06]}, "datetime": {"datetime": "2025-08-13 13:24:20", "elapsed": 12988.748655319214, "delta": 28.701890468597412}, "costs": {"total_cost": 1251.0225769808906, "time_cost": 150, "final_distance_cost": 48.23896283566508, "oscillation_cost": 0.31900065102751607, "completition_cost": 888.8888888888888, "overshoot_cost": 105.14694387543021, "power_cost": 24.537475610351564, "noise_cost": 33.891305119527544, "n_waypoints_completed": 1, "tot_waypoints": 9}}
{"target": -191.18686542469487, "params": {"k_pid_pos": [1.1178046367554335, 0.0, 0.2381782230985931], "k_pid_alt": [1.5868448540155466, 0.0, 0.9590610411954222], "k_pid_att": [34.334408038779095, 2.3924889684348893, 0.1708043836457742], "k_pid_yaw": [0.5, 1e-06, 0.1], "k_pid_hsp": [0.38973591362973303, 0.0, 0.0], "k_pid_vsp": [121.62411123009518, 9.641888791211228, 1e-06]}, "datetime": {"datetime": "2025-08-13 13:24:38", "elapsed": 13006.134559392929, "delta": 17.38590407371521}, "costs": {"total_cost": 191.18686542469487, "time_cost": 72.674, "final_distance_cost": 1.8524898227216156, "oscillation_cost": 29.442897083113117, "completition_cost": 0.0, "overshoot_cost": 51.20015290136326, "power_cost": 14.217913452148439, "noise_cost": 21.79941216534843, "n_waypoints_completed": 9, "tot_waypoints": 9}}
{"target": -194.86351665268583, "params": {"k_pid_pos": [0.9763006127412861, 0.0, 0.0879754682370336], "k_pid_alt": [1.6136010598715629, 0.0, 0.9482969285888293], "k_pid_att": [29.34445640158667, 2.8498415797485506, 0.36454316543604975], "k_pid_yaw": [0.5, 1e-06, 0.1], "k_pid_hsp": [0.7138107025847047, 0.0, 0.0], "k_pid_vsp": [120.25118922237536, 1e-06, 1e-06]}, "datetime": {"datetime": "2025-08-13 13:24:55", "elapsed": 13023.541664123535, "delta": 17.40710473060608}, "costs": {"total_cost": 194.86351665268583, "time_cost": 73.402, "final_distance_cost": 1.8493456631460987, "oscillation_cost": 29.442155424139564, "completition_cost": 0.0, "overshoot_cost": 51.24880897051701, "power_cost": 16.241259375000002, "noise_cost": 22.679947219883164, "n_waypoints_completed": 9, "tot_waypoints": 9}}
{"target": -214.43051757081335, "params": {"k_pid_pos": [1.9798370380868482, 0.0, 0.18561346392820322], "k_pid_alt": [1.5035715985346727, 0.0, 0.9639485631731961], "k_pid_att": [22.55378706317932, 3.2168941131826942, 0.22967467685794513], "k_pid_yaw": [0.5, 1e-06, 0.1], "k_pid_hsp": [0.22232924666480072, 0.0, 0.0], "k_pid_vsp": [115.6327143581581, 2.3386743761563507, 1e-06]}, "datetime": {"datetime": "2025-08-13 13:25:14", "elapsed": 13042.255165815353, "delta": 18.713501691818237}, "costs": {"total_cost": 214.43051757081335, "time_cost": 77.749, "final_distance_cost": 1.7591611857425258, "oscillation_cost": 35.11204984529293, "completition_cost": 0.0, "overshoot_cost": 54.38249945035842, "power_cost": 21.502548571777346, "noise_cost": 23.92525851764213, "n_waypoints_completed": 9, "tot_waypoints": 9}}
