{"target": -186.3321025295548, "params": {"k_pid_pos": [1.2056984808913533, 0.0, 0.08414186754884524], "k_pid_alt": [1.625194229494906, 0.0, 0.9360575619097264], "k_pid_att": [33.10111060914096, 3.3849278997088628, 0.27231377104197285], "k_pid_yaw": [0.5, 1e-06, 0.1], "k_pid_hsp": [0.2292125026579436, 0.0, 0.0], "k_pid_vsp": [6.441103976056681, 25.51892450496247, 1e-06]}, "datetime": {"datetime": "2025-08-13 17:26:17", "elapsed": 27505.259205579758, "delta": 16.11020803451538}, "costs": {"total_cost": 186.3321025295548, "time_cost": 68.901, "final_distance_cost": 1.838599788967346, "oscillation_cost": 28.45012313983017, "completition_cost": 0.0, "overshoot_cost": 50.54439533414912, "power_cost": 15.231457836914064, "noise_cost": 21.36652642969409, "n_waypoints_completed": 9, "tot_waypoints": 9}}
{"target": -187.3393477291004, "params": {"k_pid_pos": [1.0571743241172071, 0.0, 0.13243195271354613], "k_pid_alt": [1.6688111105707726, 0.0, 0.9380552338032534], "k_pid_att": [26.948648280619164, 4.816512035001357, 0.23912284206242548], "k_pid_yaw": [0.5, 1e-06, 0.1], "k_pid_hsp": [0.265075902056116, 0.0, 0.0], "k_pid_vsp": [0.0, 26.22661509899626, 1e-06]}, "datetime": {"datetime": "2025-08-13 17:26:34", "elapsed": 27522.334802627563, "delta": 17.075597047805786}, "costs": {"total_cost": 187.3393477291004, "time_cost": 70.882, "final_distance_cost": 1.7978084416805418, "oscillation_cost": 28.354650437287948, "completition_cost": 0.0, "overshoot_cost": 51.50553896672906, "power_cost": 12.084037829589844, "noise_cost": 22.715312053813033, "n_waypoints_completed": 9, "tot_waypoints": 9}}
{"target": -191.83271049899915, "params": {"k_pid_pos": [1.0188539885659886, 0.0, 0.10628291642380949], "k_pid_alt": [1.6355940730102234, 0.0, 0.9514506697488136], "k_pid_att": [32.93772511994595, 3.5888223909614805, 0.22582265300231125], "k_pid_yaw": [0.5, 1e-06, 0.1], "k_pid_hsp": [0.22063251145801202, 0.0, 0.0], "k_pid_vsp": [44.69298777854951, 23.2526427544632, 1e-06]}, "datetime": {"datetime": "2025-08-13 17:26:50", "elapsed": 27538.71458673477, "delta": 16.379784107208252}, "costs": {"total_cost": 191.83271049899915, "time_cost": 71.785, "final_distance_cost": 1.8338689077713255, "oscillation_cost": 27.7822286872018, "completition_cost": 0.0, "overshoot_cost": 51.06492339089501, "power_cost": 17.27929812011719, "noise_cost": 22.087391393013792, "n_waypoints_completed": 9, "tot_waypoints": 9}}
{"target": -187.54621069146094, "params": {"k_pid_pos": [0.8252260486176143, 0.0, 0.07998553688157671], "k_pid_alt": [1.7822692776898303, 0.0, 0.940895054700463], "k_pid_att": [34.109053590886454, 3.4052939070698423, 0.24699394569027816], "k_pid_yaw": [0.5, 1e-06, 0.1], "k_pid_hsp": [0.26877858927785214, 0.0, 0.0], "k_pid_vsp": [54.655394546430614, 22.21232369508125, 1e-06]}, "datetime": {"datetime": "2025-08-13 17:27:08", "elapsed": 27556.002265930176, "delta": 17.287679195404053}, "costs": {"total_cost": 187.54621069146094, "time_cost": 72.135, "final_distance_cost": 1.848664065981191, "oscillation_cost": 26.966248775515865, "completition_cost": 0.0, "overshoot_cost": 51.180425561687805, "power_cost": 13.777843395996094, "noise_cost": 21.638028892279983, "n_waypoints_completed": 9, "tot_waypoints": 9}}
{"target": -184.20540244658292, "params": {"k_pid_pos": [1.213652824153031, 0.0, 0.06660133380580031], "k_pid_alt": [1.6235577492833468, 0.0, 0.9516627385783332], "k_pid_att": [33.77165010942012, 3.510000906841547, 0.24626699704451208], "k_pid_yaw": [0.5, 1e-06, 0.1], "k_pid_hsp": [0.1249900228996044, 0.0, 0.0], "k_pid_vsp": [88.10481602391151, 44.98660023733722, 1e-06]}, "datetime": {"datetime": "2025-08-13 17:27:25", "elapsed": 27573.33321738243, "delta": 17.33095145225525}, "costs": {"total_cost": 184.20540244658292, "time_cost": 71.141, "final_distance_cost": 1.7805770672921961, "oscillation_cost": 28.94775464742488, "completition_cost": 0.0, "overshoot_cost": 51.12262627374314, "power_cost": 11.27735662841797, "noise_cost": 19.936087829704718, "n_waypoints_completed": 9, "tot_waypoints": 9}}
{"target": -199.84005804703864, "params": {"k_pid_pos": [1.2214184924920957, 0.0, 0.08513217673429792], "k_pid_alt": [1.6569222227324742, 0.0, 0.9302939133790923], "k_pid_att": [35.33658851785192, 3.68616987226987, 0.23384671708715626], "k_pid_yaw": [0.5, 1e-06, 0.1], "k_pid_hsp": [0.31556237343593435, 0.0, 0.0], "k_pid_vsp": [104.43803939945533, 27.955425253064067, 1e-06]}, "datetime": {"datetime": "2025-08-13 17:27:41", "elapsed": 27589.719294309616, "delta": 16.38607692718506}, "costs": {"total_cost": 199.84005804703864, "time_cost": 70.973, "final_distance_cost": 1.7992660772352087, "oscillation_cost": 30.14754781779542, "completition_cost": 0.0, "overshoot_cost": 50.99193505109393, "power_cost": 22.212920007324218, "noise_cost": 23.71538909358988, "n_waypoints_completed": 9, "tot_waypoints": 9}}
{"target": -196.88064066861904, "params": {"k_pid_pos": [1.1552634612444608, 0.0, 0.03348016348717506], "k_pid_alt": [1.6298508251790276, 0.0, 0.9685818424481352], "k_pid_att": [34.248013896703235, 3.5059417848211125, 0.23058238528482308], "k_pid_yaw": [0.5, 1e-06, 0.1], "k_pid_hsp": [0.2266939129894976, 0.0, 0.0], "k_pid_vsp": [28.725379892820058, 1e-06, 1e-06]}, "datetime": {"datetime": "2025-08-13 17:27:59", "elapsed": 27607.444216012955, "delta": 17.724921703338623}, "costs": {"total_cost": 196.88064066861904, "time_cost": 74.977, "final_distance_cost": 1.8297156595164135, "oscillation_cost": 30.72242950288896, "completition_cost": 0.0, "overshoot_cost": 53.08002018445459, "power_cost": 13.85639912109375, "noise_cost": 22.415076200665343, "n_waypoints_completed": 9, "tot_waypoints": 9}}
{"target": -187.61046758302183, "params": {"k_pid_pos": [1.151048094746245, 0.0, 0.07048861522333136], "k_pid_alt": [1.6673459160427306, 0.0, 0.9208495448334966], "k_pid_att": [34.29006728081846, 3.541421188699922, 0.24202700407445696], "k_pid_yaw": [0.5, 1e-06, 0.1], "k_pid_hsp": [0.22788682920228057, 0.0, 0.0], "k_pid_vsp": [32.520217289095854, 26.947136378739014, 1e-06]}, "datetime": {"datetime": "2025-08-13 17:28:16", "elapsed": 27624.692680120468, "delta": 17.248464107513428}, "costs": {"total_cost": 187.61046758302183, "time_cost": 70.35000000000001, "final_distance_cost": 1.8189646890169007, "oscillation_cost": 29.45748827601069, "completition_cost": 0.0, "overshoot_cost": 50.495385703333916, "power_cost": 14.522216613769531, "noise_cost": 20.96641230089078, "n_waypoints_completed": 9, "tot_waypoints": 9}}
{"target": -192.65891077543006, "params": {"k_pid_pos": [1.1173271695016893, 0.0, 0.0869293519635076], "k_pid_alt": [1.6586299623716974, 0.0, 0.9353749556226224], "k_pid_att": [37.2404918332798, 3.458811640291008, 0.2508277202511689], "k_pid_yaw": [0.5, 1e-06, 0.1], "k_pid_hsp": [0.2347715984474411, 0.0, 0.0], "k_pid_vsp": [101.60347217380318, 26.796816080436223, 1e-06]}, "datetime": {"datetime": "2025-08-13 17:28:33", "elapsed": 27641.852451086044, "delta": 17.159770965576172}, "costs": {"total_cost": 192.65891077543006, "time_cost": 71.309, "final_distance_cost": 1.8227286551935045, "oscillation_cost": 29.13667336500638, "completition_cost": 0.0, "overshoot_cost": 51.302578274276755, "power_cost": 17.359824755859375, "noise_cost": 21.72810572509406, "n_waypoints_completed": 9, "tot_waypoints": 9}}
{"target": -194.64992575134275, "params": {"k_pid_pos": [1.1445245875700847, 0.0, 0.09655673007767733], "k_pid_alt": [1.6451668068587124, 0.0, 0.9113740696526702], "k_pid_att": [34.4294662747809, 3.009349700937953, 0.24891225517825818], "k_pid_yaw": [0.5, 1e-06, 0.1], "k_pid_hsp": [0.2330976789006432, 0.0, 0.0], "k_pid_vsp": [107.3656266076727, 47.3026003538654, 1e-06]}, "datetime": {"datetime": "2025-08-13 17:28:51", "elapsed": 27659.245217323303, "delta": 17.39276623725891}, "costs": {"total_cost": 194.64992575134275, "time_cost": 71.407, "final_distance_cost": 1.8306309820968965, "oscillation_cost": 29.12077345965401, "completition_cost": 0.0, "overshoot_cost": 51.60329241366633, "power_cost": 18.6759439453125, "noise_cost": 22.012284950613004, "n_waypoints_completed": 9, "tot_waypoints": 9}}
{"target": -187.66200814504558, "params": {"k_pid_pos": [1.1491159513032758, 0.0, 0.08546150602682258], "k_pid_alt": [1.6295033862422321, 0.0, 0.9438612259110618], "k_pid_att": [45.33880297469756, 3.4270130764609372, 0.24196450680122142], "k_pid_yaw": [0.5, 1e-06, 0.1], "k_pid_hsp": [0.21737083104414745, 0.0, 0.0], "k_pid_vsp": [90.23684069374052, 24.419330415810663, 1e-06]}, "datetime": {"datetime": "2025-08-13 17:29:08", "elapsed": 27676.743108034134, "delta": 17.49789071083069}, "costs": {"total_cost": 187.66200814504558, "time_cost": 71.043, "final_distance_cost": 1.8296375783593077, "oscillation_cost": 29.375402243332886, "completition_cost": 0.0, "overshoot_cost": 50.51342207837588, "power_cost": 14.045183117675782, "noise_cost": 20.85536312730174, "n_waypoints_completed": 9, "tot_waypoints": 9}}
{"target": -196.77303928145315, "params": {"k_pid_pos": [1.2566802116857376, 0.0, 0.08901680177576902], "k_pid_alt": [1.6358284014629099, 0.0, 0.9363839949694054], "k_pid_att": [34.82715171171344, 3.5938407848555896, 0.2483161183790399], "k_pid_yaw": [0.5, 1e-06, 0.1], "k_pid_hsp": [0.05721481448644358, 0.0, 0.0], "k_pid_vsp": [97.07403480710761, 18.39206915442218, 1e-06]}, "datetime": {"datetime": "2025-08-13 17:29:27", "elapsed": 27695.507252693176, "delta": 18.76414465904236}, "costs": {"total_cost": 196.77303928145315, "time_cost": 78.365, "final_distance_cost": 1.7495105936380535, "oscillation_cost": 25.241838396443217, "completition_cost": 0.0, "overshoot_cost": 54.5660038793816, "power_cost": 14.115189172363282, "noise_cost": 22.73549723962703, "n_waypoints_completed": 9, "tot_waypoints": 9}}
{"target": -188.41236009994748, "params": {"k_pid_pos": [1.2380993088877243, 0.029476411832000268, 0.04772949382036742], "k_pid_alt": [1.6390676929914625, 0.0025324115397005846, 0.9191892738239633], "k_pid_att": [32.40992880540963, 3.2820370101848044, 0.26086315791866926], "k_pid_yaw": [0.5, 1e-06, 0.1], "k_pid_hsp": [0.22309395336754667, 0.011183974333268829, 0.0], "k_pid_vsp": [130.94454145122916, 28.917644143518018, 1e-06]}, "datetime": {"datetime": "2025-08-13 17:29:44", "elapsed": 27712.603981494904, "delta": 17.096728801727295}, "costs": {"total_cost": 188.41236009994748, "time_cost": 70.427, "final_distance_cost": 1.818906616747131, "oscillation_cost": 31.02503980787901, "completition_cost": 0.0, "overshoot_cost": 50.64558437329992, "power_cost": 13.944277648925782, "noise_cost": 20.551551653095625, "n_waypoints_completed": 9, "tot_waypoints": 9}}
{"target": -198.00034309817946, "params": {"k_pid_pos": [0.6238875640831871, 0.0, 0.038421011467639245], "k_pid_alt": [1.583026001217922, 0.0, 0.9596592884030078], "k_pid_att": [0.7422043426685292, 3.4199934494686617, 0.3108833425343846], "k_pid_yaw": [0.5, 1e-06, 0.1], "k_pid_hsp": [0.1251321140324375, 0.0, 0.0], "k_pid_vsp": [114.79228255245057, 10.656856137537325, 1.0920559405277233]}, "datetime": {"datetime": "2025-08-13 17:30:02", "elapsed": 27730.70445036888, "delta": 18.10046887397766}, "costs": {"total_cost": 198.00034309817946, "time_cost": 74.592, "final_distance_cost": 1.824664722092782, "oscillation_cost": 35.55126424365966, "completition_cost": 0.0, "overshoot_cost": 51.40303410394442, "power_cost": 13.048945874023438, "noise_cost": 21.58043415445914, "n_waypoints_completed": 9, "tot_waypoints": 9}}
{"target": -182.94941590413592, "params": {"k_pid_pos": [0.9736633995196451, 0.01561554114250972, 0.055858257182183076], "k_pid_alt": [1.573964426316327, 0.0, 0.8958769189127972], "k_pid_att": [32.28241560960589, 3.4214369124971937, 0.2411838923080331], "k_pid_yaw": [0.5, 1e-06, 0.1], "k_pid_hsp": [0.49465276653689294, 0.0, 0.0], "k_pid_vsp": [11.432368247530093, 16.657392638751233, 1e-06]}, "datetime": {"datetime": "2025-08-13 17:30:19", "elapsed": 27747.975160837173, "delta": 17.270710468292236}, "costs": {"total_cost": 182.94941590413592, "time_cost": 71.554, "final_distance_cost": 1.8511625951740098, "oscillation_cost": 29.00145868912037, "completition_cost": 0.0, "overshoot_cost": 51.190315124143275, "power_cost": 9.357143737792969, "noise_cost": 19.9953357579053, "n_waypoints_completed": 9, "tot_waypoints": 9}}
{"target": -183.7408243720731, "params": {"k_pid_pos": [1.1104999258590107, 0.0, 0.07062116753041112], "k_pid_alt": [1.5900292018147435, 0.0, 0.9093793022989137], "k_pid_att": [36.54151654002636, 3.282842892110003, 0.2500931789487442], "k_pid_yaw": [0.5, 1e-06, 0.1], "k_pid_hsp": [0.27083512566953893, 0.0, 0.0], "k_pid_vsp": [67.62374512243109, 24.922352736061814, 1e-06]}, "datetime": {"datetime": "2025-08-13 17:30:37", "elapsed": 27765.085508823395, "delta": 17.110347986221313}, "costs": {"total_cost": 183.7408243720731, "time_cost": 70.553, "final_distance_cost": 1.8305223200597693, "oscillation_cost": 29.52882655006854, "completition_cost": 0.0, "overshoot_cost": 50.77895643052809, "power_cost": 11.127951245117188, "noise_cost": 19.921567826299487, "n_waypoints_completed": 9, "tot_waypoints": 9}}
{"target": -194.7732937755634, "params": {"k_pid_pos": [1.1615456289651016, 0.0, 0.051607166404246396], "k_pid_alt": [1.5602846656504248, 0.0, 0.9347023547363488], "k_pid_att": [41.75774417357346, 4.134000793868109, 0.2451520659053985], "k_pid_yaw": [0.5, 1e-06, 0.1], "k_pid_hsp": [0.269320728249821, 0.0, 0.0030164989388488626], "k_pid_vsp": [72.73262965031839, 31.082062422580805, 1e-06]}, "datetime": {"datetime": "2025-08-13 17:30:53", "elapsed": 27781.95839047432, "delta": 16.872881650924683}, "costs": {"total_cost": 194.7732937755634, "time_cost": 70.735, "final_distance_cost": 1.8253836462132536, "oscillation_cost": 35.57576919972749, "completition_cost": 0.0, "overshoot_cost": 50.8523254865604, "power_cost": 14.804863879394532, "noise_cost": 20.979951563667726, "n_waypoints_completed": 9, "tot_waypoints": 9}}
{"target": -194.04665359407664, "params": {"k_pid_pos": [1.0466296360653855, 0.0, 0.1957309109861548], "k_pid_alt": [1.4505054605200562, 0.0, 0.9393531051341646], "k_pid_att": [15.605050401170875, 0.0001, 0.2777877280163618], "k_pid_yaw": [0.5, 1e-06, 0.1], "k_pid_hsp": [0.241383901850721, 0.03647529776641753, 0.0], "k_pid_vsp": [131.3634361016994, 4.752578838970889, 1e-06]}, "datetime": {"datetime": "2025-08-13 17:31:10", "elapsed": 27798.964858055115, "delta": 17.006467580795288}, "costs": {"total_cost": 194.04665359407664, "time_cost": 73.003, "final_distance_cost": 1.852582375083105, "oscillation_cost": 30.09181659616272, "completition_cost": 0.0, "overshoot_cost": 50.99283587492214, "power_cost": 16.017199963378907, "noise_cost": 22.089218784529763, "n_waypoints_completed": 9, "tot_waypoints": 9}}
{"target": -182.27953909248623, "params": {"k_pid_pos": [1.1397639303651812, 0.0, 0.08564575461714127], "k_pid_alt": [1.6378633600477959, 0.0, 0.9564398318150664], "k_pid_att": [36.244725517354546, 3.339230999669958, 0.2479341011882803], "k_pid_yaw": [0.5, 1e-06, 0.1], "k_pid_hsp": [0.3427287642237121, 0.0, 0.0], "k_pid_vsp": [9.924564701222735, 23.18145608456463, 1e-06]}, "datetime": {"datetime": "2025-08-13 17:31:28", "elapsed": 27816.300736427307, "delta": 17.335878372192383}, "costs": {"total_cost": 182.27953909248623, "time_cost": 70.18900000000001, "final_distance_cost": 1.8381171821529012, "oscillation_cost": 29.06759386707656, "completition_cost": 0.0, "overshoot_cost": 50.3649043375312, "power_cost": 10.77474189453125, "noise_cost": 20.045181811194297, "n_waypoints_completed": 9, "tot_waypoints": 9}}
{"target": -183.85856226827852, "params": {"k_pid_pos": [1.1502286823234866, 0.0, 0.09976074085900807], "k_pid_alt": [1.6364637868164735, 0.0, 0.9147900681168892], "k_pid_att": [34.2304783103406, 3.964428673207177, 0.24370683766344664], "k_pid_yaw": [0.5, 1e-06, 0.1], "k_pid_hsp": [0.21835638429807813, 0.0, 0.0], "k_pid_vsp": [45.59668389845079, 37.728441756281704, 1e-06]}, "datetime": {"datetime": "2025-08-13 17:31:44", "elapsed": 27832.752217769623, "delta": 16.451481342315674}, "costs": {"total_cost": 183.85856226827852, "time_cost": 70.364, "final_distance_cost": 1.8390504771649667, "oscillation_cost": 29.34697375090083, "completition_cost": 0.0, "overshoot_cost": 50.22759419924735, "power_cost": 11.99780281982422, "noise_cost": 20.08314102114117, "n_waypoints_completed": 9, "tot_waypoints": 9}}
{"target": -637.536248081984, "params": {"k_pid_pos": [0.49757674512576366, 0.0, 0.08108801110116788], "k_pid_alt": [1.5675096802312831, 0.0, 0.927974964203772], "k_pid_att": [34.049155839336734, 3.4932563876090432, 0.3874166671869944], "k_pid_yaw": [0.5, 1e-06, 0.1], "k_pid_hsp": [0.3524852576706003, 0.0, 0.0], "k_pid_vsp": [0.0, 25.84567490882493, 1e-06]}, "datetime": {"datetime": "2025-08-13 17:32:13", "elapsed": 27861.173874616623, "delta": 28.421656847000122}, "costs": {"total_cost": 637.536248081984, "time_cost": 150, "final_distance_cost": 62.52771063175112, "oscillation_cost": 21.373508264346196, "completition_cost": 222.2222222222222, "overshoot_cost": 79.00902583171734, "power_cost": 25.189471801757815, "noise_cost": 77.21430933018942, "n_waypoints_completed": 7, "tot_waypoints": 9}}
{"target": -197.78438440853176, "params": {"k_pid_pos": [0.6030371440678275, 0.0, 0.10528005040893644], "k_pid_alt": [1.6570334252244727, 0.0, 0.9342693449164433], "k_pid_att": [35.585359327468254, 3.403766890563723, 0.2389853558927301], "k_pid_yaw": [0.5, 1e-06, 0.1], "k_pid_hsp": [0.2142157541721202, 0.0, 0.0], "k_pid_vsp": [119.27516303494411, 25.635750067963873, 1e-06]}, "datetime": {"datetime": "2025-08-13 17:32:32", "elapsed": 27880.07725262642, "delta": 18.903378009796143}, "costs": {"total_cost": 197.78438440853176, "time_cost": 77.861, "final_distance_cost": 1.8497439536233513, "oscillation_cost": 24.671584750967906, "completition_cost": 0.0, "overshoot_cost": 51.64459351455076, "power_cost": 17.646813403320312, "noise_cost": 24.110648786069405, "n_waypoints_completed": 9, "tot_waypoints": 9}}
{"target": -1408.0701320691246, "params": {"k_pid_pos": [1.1653871146864372, 0.0, 0.08586381779774359], "k_pid_alt": [1.6374429478736199, 0.0, 0.9361854017476631], "k_pid_att": [34.00149531472335, 3.3921834989949717, 0.24621717682798613], "k_pid_yaw": [0.5, 1e-06, 0.1], "k_pid_hsp": [0.23048122018053296, 0.0, 0.0], "k_pid_vsp": [0.0, 24.562703591311283, 1e-06]}, "datetime": {"datetime": "2025-08-13 17:33:00", "elapsed": 27908.468116760254, "delta": 28.39086413383484}, "costs": {"total_cost": 1408.0701320691246, "time_cost": 150, "final_distance_cost": 51.619230196995126, "oscillation_cost": 6.39447061874786, "completition_cost": 888.8888888888888, "overshoot_cost": 149.74807012303606, "power_cost": 26.760013903808595, "noise_cost": 134.65945833764806, "n_waypoints_completed": 1, "tot_waypoints": 9}}
{"target": -185.55383987946746, "params": {"k_pid_pos": [1.1546492703628954, 2.4429598829119503e-05, 0.0907477840268224], "k_pid_alt": [1.6035121907557035, 0.0, 0.9616342669160488], "k_pid_att": [37.03266865285907, 3.489242119181508, 0.2569374294496688], "k_pid_yaw": [0.5, 1e-06, 0.1], "k_pid_hsp": [0.23861820860218558, 0.0, 0.0], "k_pid_vsp": [119.51203695099477, 24.19145386407875, 1e-06]}, "datetime": {"datetime": "2025-08-13 17:33:17", "elapsed": 27925.405611515045, "delta": 16.93749475479126}, "costs": {"total_cost": 185.55383987946746, "time_cost": 71.078, "final_distance_cost": 1.841527456450263, "oscillation_cost": 29.587135052908433, "completition_cost": 0.0, "overshoot_cost": 50.59086939180663, "power_cost": 12.101598828125, "noise_cost": 20.354709150177154, "n_waypoints_completed": 9, "tot_waypoints": 9}}
{"target": -187.55490303649484, "params": {"k_pid_pos": [1.024074650218936, 0.0, 0.1213186077950667], "k_pid_alt": [1.6045814835969745, 0.0, 0.9539556791924817], "k_pid_att": [39.18020604515523, 3.4409739519328637, 0.25258949836634503], "k_pid_yaw": [0.5, 1e-06, 0.1], "k_pid_hsp": [0.23866483513595554, 0.0, 0.0], "k_pid_vsp": [98.98857291706086, 28.91881176299497, 1e-06]}, "datetime": {"datetime": "2025-08-13 17:33:35", "elapsed": 27943.27972793579, "delta": 17.87411642074585}, "costs": {"total_cost": 187.55490303649484, "time_cost": 71.386, "final_distance_cost": 1.842639751970464, "oscillation_cost": 28.203770513131477, "completition_cost": 0.0, "overshoot_cost": 51.1270414698692, "power_cost": 13.980580310058594, "noise_cost": 21.014870991465102, "n_waypoints_completed": 9, "tot_waypoints": 9}}
{"target": -186.4303432955407, "params": {"k_pid_pos": [1.089536987428776, 0.0, 0.19536937625452916], "k_pid_alt": [1.7259499904723252, 0.0, 0.8743554379033657], "k_pid_att": [35.24202071061446, 3.8641692598298687, 0.25134599131382734], "k_pid_yaw": [0.5, 1e-06, 0.1], "k_pid_hsp": [0.250658335716344, 0.0, 0.0], "k_pid_vsp": [48.153233809566416, 22.961517678904723, 1e-06]}, "datetime": {"datetime": "2025-08-13 17:33:52", "elapsed": 27960.53083896637, "delta": 17.251111030578613}, "costs": {"total_cost": 186.4303432955407, "time_cost": 70.672, "final_distance_cost": 1.8327964702304613, "oscillation_cost": 28.0312164304538, "completition_cost": 0.0, "overshoot_cost": 50.59377764792367, "power_cost": 14.207278198242188, "noise_cost": 21.09327454869058, "n_waypoints_completed": 9, "tot_waypoints": 9}}
{"target": -190.46556905978406, "params": {"k_pid_pos": [1.005669084713147, 0.0, 0.0], "k_pid_alt": [1.64258764271076, 0.0, 0.9217918184743904], "k_pid_att": [34.484474315079645, 2.8534423577152586, 0.2492003015068836], "k_pid_yaw": [0.5, 1e-06, 0.1], "k_pid_hsp": [0.21217641812178734, 0.0, 0.0], "k_pid_vsp": [66.11476782351681, 24.488305549210978, 1e-06]}, "datetime": {"datetime": "2025-08-13 17:34:09", "elapsed": 27977.67623114586, "delta": 17.145392179489136}, "costs": {"total_cost": 190.46556905978406, "time_cost": 71.099, "final_distance_cost": 1.8235485745002802, "oscillation_cost": 28.59395076118311, "completition_cost": 0.0, "overshoot_cost": 51.07486764330738, "power_cost": 16.30674473876953, "noise_cost": 21.567457342023758, "n_waypoints_completed": 9, "tot_waypoints": 9}}
