{"target": -176.01736294379012, "params": {"k_pid_pos": [0.6906089881489648, 0.0, 0.007671859784494632], "k_pid_alt": [1.8780399021844318, 0.0, 0.947070652990406], "k_pid_att": [33.47679745751034, 3.7025687672836036, 0.27535072700424196], "k_pid_yaw": [0.5, 1e-06, 0.1], "k_pid_hsp": [0.11603803825219855, 0.0, 0.0], "k_pid_vsp": [139.36827729164185, 47.23809932776086, 1e-06]}, "datetime": {"datetime": "2025-08-13 22:04:52", "elapsed": 44220.322333574295, "delta": 17.87124013900757}, "costs": {"total_cost": 176.01736294379012, "time_cost": 71.89, "final_distance_cost": 1.8121001365730678, "oscillation_cost": 23.39520818088675, "completition_cost": 0.0, "overshoot_cost": 51.04888265790948, "power_cost": 8.676429113769531, "noise_cost": 19.194742854651277, "n_waypoints_completed": 9, "tot_waypoints": 9}}
{"target": -193.86910032569492, "params": {"k_pid_pos": [0.8628541105170523, 0.001936382497154688, 0.05837512819235223], "k_pid_alt": [1.699122343824864, 0.0, 0.9547652915992249], "k_pid_att": [36.35506889745827, 3.4198799299510974, 0.2708522508063441], "k_pid_yaw": [0.5, 1e-06, 0.1], "k_pid_hsp": [0.0658174465522256, 0.0, 0.0], "k_pid_vsp": [145.47989148118813, 27.04677392205433, 1e-06]}, "datetime": {"datetime": "2025-08-13 22:05:10", "elapsed": 44238.92102384567, "delta": 18.598690271377563}, "costs": {"total_cost": 193.86910032569492, "time_cost": 76.867, "final_distance_cost": 1.8128122668829623, "oscillation_cost": 22.906913468340697, "completition_cost": 0.0, "overshoot_cost": 53.6431160586901, "power_cost": 15.638267346191407, "noise_cost": 23.000991185589765, "n_waypoints_completed": 9, "tot_waypoints": 9}}
{"target": -188.72292896015045, "params": {"k_pid_pos": [1.0011550649660168, 0.0, 0.03737965673353608], "k_pid_alt": [1.6676410505249084, 0.0, 0.9472763423469036], "k_pid_att": [36.97815358359288, 3.0645965073536114, 0.27120001620859513], "k_pid_yaw": [0.5, 1e-06, 0.1], "k_pid_hsp": [0.13622799515628747, 0.0, 0.0], "k_pid_vsp": [129.8277568580619, 32.72633700496427, 1e-06]}, "datetime": {"datetime": "2025-08-13 22:05:30", "elapsed": 44258.808195352554, "delta": 19.887171506881714}, "costs": {"total_cost": 188.72292896015045, "time_cost": 71.449, "final_distance_cost": 1.8291894895185927, "oscillation_cost": 27.221409087338884, "completition_cost": 0.0, "overshoot_cost": 51.112969874485536, "power_cost": 15.69521552734375, "noise_cost": 21.415144981463683, "n_waypoints_completed": 9, "tot_waypoints": 9}}
{"target": -185.12092065927123, "params": {"k_pid_pos": [0.8855643525974689, 0.0, 0.047153293850237865], "k_pid_alt": [1.935240647118654, 0.0, 0.9520113908153217], "k_pid_att": [34.2681849021714, 3.5385411113723513, 0.2730039274802318], "k_pid_yaw": [0.5, 1e-06, 0.1], "k_pid_hsp": [0.13843410452294228, 0.0, 0.0], "k_pid_vsp": [66.98891614496323, 33.05753105631788, 1e-06]}, "datetime": {"datetime": "2025-08-13 22:05:48", "elapsed": 44276.20168757439, "delta": 17.393492221832275}, "costs": {"total_cost": 185.12092065927123, "time_cost": 70.665, "final_distance_cost": 1.8172955416228551, "oscillation_cost": 26.265931346369197, "completition_cost": 0.0, "overshoot_cost": 50.783135864271564, "power_cost": 14.570658142089844, "noise_cost": 21.018899764917776, "n_waypoints_completed": 9, "tot_waypoints": 9}}
{"target": -194.9750352620255, "params": {"k_pid_pos": [0.8545213211709579, 0.0, 0.0], "k_pid_alt": [1.8942833635612848, 0.0, 0.9512362879984465], "k_pid_att": [33.655652901172644, 3.544801072883834, 0.26697521837026916], "k_pid_yaw": [0.5, 1e-06, 0.1], "k_pid_hsp": [0.11788243035275249, 0.0, 0.0], "k_pid_vsp": [133.73776866409347, 37.378025338439144, 1e-06]}, "datetime": {"datetime": "2025-08-13 22:06:06", "elapsed": 44294.31399393082, "delta": 18.112306356430054}, "costs": {"total_cost": 194.9750352620255, "time_cost": 72.03, "final_distance_cost": 1.8151713655428976, "oscillation_cost": 25.24654336346198, "completition_cost": 0.0, "overshoot_cost": 52.48647152464315, "power_cost": 20.84041748046875, "noise_cost": 22.556431527908728, "n_waypoints_completed": 9, "tot_waypoints": 9}}
{"target": -193.55969311626592, "params": {"k_pid_pos": [0.872251317672531, 0.0, 0.10157453449702085], "k_pid_alt": [1.8847129162846792, 0.0, 0.9483053707913468], "k_pid_att": [34.84447412616922, 3.516190094570552, 0.2693617868726171], "k_pid_yaw": [0.5, 1e-06, 0.1], "k_pid_hsp": [0.12374965393776366, 0.0, 0.0], "k_pid_vsp": [89.7871049083086, 16.624989027760193, 1e-06]}, "datetime": {"datetime": "2025-08-13 22:06:22", "elapsed": 44310.935212135315, "delta": 16.62121820449829}, "costs": {"total_cost": 193.55969311626592, "time_cost": 72.17, "final_distance_cost": 1.8332362599005054, "oscillation_cost": 25.05217390089354, "completition_cost": 0.0, "overshoot_cost": 51.408068145004734, "power_cost": 19.988633923339844, "noise_cost": 23.10758088712729, "n_waypoints_completed": 9, "tot_waypoints": 9}}
{"target": -187.85556753464732, "params": {"k_pid_pos": [0.9817659477056242, 0.0, 0.07973672892397278], "k_pid_alt": [1.6419378415341304, 0.0, 0.8362801728882331], "k_pid_att": [34.105505079354806, 3.8734151993038415, 0.274784032169171], "k_pid_yaw": [0.5, 1e-06, 0.1], "k_pid_hsp": [0.27608660685202, 0.0, 0.0], "k_pid_vsp": [115.94229238557611, 47.33758282895655, 1e-06]}, "datetime": {"datetime": "2025-08-13 22:06:40", "elapsed": 44328.62875843048, "delta": 17.693546295166016}, "costs": {"total_cost": 187.85556753464732, "time_cost": 70.819, "final_distance_cost": 1.8436899181903532, "oscillation_cost": 28.240017924010896, "completition_cost": 0.0, "overshoot_cost": 50.65737203275938, "power_cost": 15.048938342285156, "noise_cost": 21.24654931740149, "n_waypoints_completed": 9, "tot_waypoints": 9}}
{"target": -200.9966494874652, "params": {"k_pid_pos": [0.8960663926065354, 0.0, 0.022229209541493863], "k_pid_alt": [1.8721752938454872, 0.0, 0.9564738370108586], "k_pid_att": [34.179152976683646, 3.5920097355821943, 0.41162584380770373], "k_pid_yaw": [0.5, 1e-06, 0.1], "k_pid_hsp": [0.048698582552650915, 0.0, 0.0], "k_pid_vsp": [147.10602117998394, 28.232093139245624, 1e-06]}, "datetime": {"datetime": "2025-08-13 22:07:01", "elapsed": 44349.153977394104, "delta": 20.525218963623047}, "costs": {"total_cost": 200.9966494874652, "time_cost": 80.724, "final_distance_cost": 1.7659344757342115, "oscillation_cost": 20.49314192867999, "completition_cost": 0.0, "overshoot_cost": 55.87413816951334, "power_cost": 17.37563446044922, "noise_cost": 24.763800453088436, "n_waypoints_completed": 9, "tot_waypoints": 9}}
{"target": -188.15570593862518, "params": {"k_pid_pos": [0.916220474538812, 0.0, 0.007417125867831508], "k_pid_alt": [1.9003199614764237, 0.0, 0.9345322973988099], "k_pid_att": [34.02218794874312, 3.540044078712881, 0.2739451574195751], "k_pid_yaw": [0.5, 1e-06, 0.1], "k_pid_hsp": [0.12350696749193586, 0.0, 0.0], "k_pid_vsp": [103.37923221910283, 33.238225970461265, 1e-06]}, "datetime": {"datetime": "2025-08-13 22:07:18", "elapsed": 44366.760045051575, "delta": 17.606067657470703}, "costs": {"total_cost": 188.15570593862518, "time_cost": 71.19, "final_distance_cost": 1.8115401413664338, "oscillation_cost": 26.424553450269755, "completition_cost": 0.0, "overshoot_cost": 51.25185151094286, "power_cost": 16.056133776855468, "noise_cost": 21.421627059190655, "n_waypoints_completed": 9, "tot_waypoints": 9}}
{"target": -193.17248050514445, "params": {"k_pid_pos": [1.298391733054788, 0.0, 0.0], "k_pid_alt": [2.0, 0.0, 0.9491441105532699], "k_pid_att": [37.03121115765707, 3.5090895760700556, 0.27353415682173876], "k_pid_yaw": [0.5, 1e-06, 0.1], "k_pid_hsp": [0.16780174978200957, 0.0, 0.0], "k_pid_vsp": [176.15092388592308, 29.254282701969345, 1e-06]}, "datetime": {"datetime": "2025-08-13 22:07:35", "elapsed": 44383.705169439316, "delta": 16.94512438774109}, "costs": {"total_cost": 193.17248050514445, "time_cost": 70.714, "final_distance_cost": 1.7886660925085893, "oscillation_cost": 30.841563437636033, "completition_cost": 0.0, "overshoot_cost": 51.57341009265706, "power_cost": 16.66083653564453, "noise_cost": 21.594004346698235, "n_waypoints_completed": 9, "tot_waypoints": 9}}
{"target": -201.88643092243439, "params": {"k_pid_pos": [0.4348799091839608, 0.00021764010243570769, 0.06136384701399493], "k_pid_alt": [1.9706451192186898, 0.0, 0.9428338312285184], "k_pid_att": [35.33063963257252, 3.4530717568993157, 0.25595842532515434], "k_pid_yaw": [0.5, 1e-06, 0.1], "k_pid_hsp": [0.2076686928096088, 0.0, 0.0], "k_pid_vsp": [106.18295593746585, 35.11787855004488, 1e-06]}, "datetime": {"datetime": "2025-08-13 22:07:55", "elapsed": 44403.96601271629, "delta": 20.26084327697754}, "costs": {"total_cost": 201.88643092243439, "time_cost": 83.426, "final_distance_cost": 1.8595115971478777, "oscillation_cost": 22.144165425557595, "completition_cost": 0.0, "overshoot_cost": 52.22599110875223, "power_cost": 16.25599998779297, "noise_cost": 25.97476280318371, "n_waypoints_completed": 9, "tot_waypoints": 9}}
{"target": -197.99381789445655, "params": {"k_pid_pos": [0.9228733236121897, 0.0, 0.06545257415613717], "k_pid_alt": [1.8808504722077886, 0.0, 0.9060986471696807], "k_pid_att": [35.79031304285682, 3.4391231842002608, 0.27269112411459656], "k_pid_yaw": [0.5, 1e-06, 0.1], "k_pid_hsp": [0.35573403196128806, 0.0, 0.0], "k_pid_vsp": [109.0958755477944, 8.991691797773115, 1e-06]}, "datetime": {"datetime": "2025-08-13 22:08:14", "elapsed": 44421.992737054825, "delta": 18.026724338531494}, "costs": {"total_cost": 197.99381789445655, "time_cost": 72.513, "final_distance_cost": 1.8391876401592842, "oscillation_cost": 28.373304219350654, "completition_cost": 0.0, "overshoot_cost": 51.558729893482095, "power_cost": 20.203327709960938, "noise_cost": 23.506268431503564, "n_waypoints_completed": 9, "tot_waypoints": 9}}
{"target": -187.55385794875585, "params": {"k_pid_pos": [0.9492637503642247, 0.0, 0.2912182096070559], "k_pid_alt": [1.8857532654722786, 0.0, 0.8958812304698185], "k_pid_att": [32.671871110839184, 3.9522321244943535, 0.2724772642246867], "k_pid_yaw": [0.5, 1e-06, 0.1], "k_pid_hsp": [0.2413079964197844, 0.0, 0.0], "k_pid_vsp": [139.5027069770379, 40.608132276248554, 1e-06]}, "datetime": {"datetime": "2025-08-13 22:08:31", "elapsed": 44439.238417863846, "delta": 17.245680809020996}, "costs": {"total_cost": 187.55385794875585, "time_cost": 72.492, "final_distance_cost": 1.8514309846538435, "oscillation_cost": 26.6588084115408, "completition_cost": 0.0, "overshoot_cost": 51.036211560147386, "power_cost": 13.729246691894533, "noise_cost": 21.786160300519263, "n_waypoints_completed": 9, "tot_waypoints": 9}}
{"target": -200.3489775745926, "params": {"k_pid_pos": [1.1241609418934164, 0.0, 0.0], "k_pid_alt": [1.695393548297246, 0.0, 0.9493272377066604], "k_pid_att": [37.86712539275953, 2.381158643288395, 0.25432260363753584], "k_pid_yaw": [0.5, 1e-06, 0.1], "k_pid_hsp": [0.06297915104676474, 0.0, 0.0], "k_pid_vsp": [142.08593644760555, 25.82269958667521, 1e-06]}, "datetime": {"datetime": "2025-08-13 22:08:50", "elapsed": 44458.826511859894, "delta": 19.588093996047974}, "costs": {"total_cost": 200.3489775745926, "time_cost": 77.714, "final_distance_cost": 1.7476436338216965, "oscillation_cost": 26.166211658172887, "completition_cost": 0.0, "overshoot_cost": 53.77545955335702, "power_cost": 17.348454687500002, "noise_cost": 23.597208041741002, "n_waypoints_completed": 9, "tot_waypoints": 9}}
{"target": -190.64752169212773, "params": {"k_pid_pos": [0.7945292208213213, 0.0, 0.0], "k_pid_alt": [1.6739541178524013, 0.0, 0.9107181202087692], "k_pid_att": [36.954784022923874, 3.7851768947284308, 0.2692270590474562], "k_pid_yaw": [0.5, 1e-06, 0.1], "k_pid_hsp": [0.29992361956573016, 0.0, 0.0], "k_pid_vsp": [170.51522993274264, 34.04696228376652, 3.123875848144899]}, "datetime": {"datetime": "2025-08-13 22:09:08", "elapsed": 44476.136939525604, "delta": 17.31042766571045}, "costs": {"total_cost": 190.64752169212773, "time_cost": 72.268, "final_distance_cost": 1.8408887970994448, "oscillation_cost": 27.366441283217807, "completition_cost": 0.0, "overshoot_cost": 50.53632454450521, "power_cost": 16.473442199707033, "noise_cost": 22.16242486759824, "n_waypoints_completed": 9, "tot_waypoints": 9}}
{"target": -182.86173585478122, "params": {"k_pid_pos": [0.8356789924883992, 0.0, 0.11452380411378611], "k_pid_alt": [1.9355201999909986, 0.0, 0.9466200455037976], "k_pid_att": [32.04332701262065, 3.723599343428406, 0.26388493033924015], "k_pid_yaw": [0.5, 1e-06, 0.1], "k_pid_hsp": [0.1282303222071448, 0.0, 0.0], "k_pid_vsp": [89.2121689957964, 57.76602879459747, 1e-06]}, "datetime": {"datetime": "2025-08-13 22:09:26", "elapsed": 44494.0496840477, "delta": 17.912744522094727}, "costs": {"total_cost": 182.86173585478122, "time_cost": 71.12, "final_distance_cost": 1.8249436649885993, "oscillation_cost": 25.19487248572554, "completition_cost": 0.0, "overshoot_cost": 50.524827205826476, "power_cost": 13.288259729003906, "noise_cost": 20.908832769236703, "n_waypoints_completed": 9, "tot_waypoints": 9}}
{"target": -186.40779217051477, "params": {"k_pid_pos": [0.509466578971566, 0.0, 0.0], "k_pid_alt": [1.812641817932237, 0.0, 0.97693497055341], "k_pid_att": [32.69800584707233, 3.838020955492312, 0.2737226152083577], "k_pid_yaw": [0.5, 1e-06, 0.1], "k_pid_hsp": [0.12034943421523955, 0.0, 0.0], "k_pid_vsp": [140.9655272786238, 47.24751169546817, 1e-06]}, "datetime": {"datetime": "2025-08-13 22:09:44", "elapsed": 44512.3833425045, "delta": 18.333658456802368}, "costs": {"total_cost": 186.40779217051477, "time_cost": 74.711, "final_distance_cost": 1.8409093316467657, "oscillation_cost": 21.12618490384853, "completition_cost": 0.0, "overshoot_cost": 51.60878029410218, "power_cost": 14.663736145019532, "noise_cost": 22.457181495897775, "n_waypoints_completed": 9, "tot_waypoints": 9}}
{"target": -184.8326845635423, "params": {"k_pid_pos": [0.8340052159591568, 0.0, 0.03134299823253224], "k_pid_alt": [1.8721283129630326, 0.0, 0.9505243752885818], "k_pid_att": [35.65652171490097, 3.524762604233911, 0.2907324950694299], "k_pid_yaw": [0.5, 1e-06, 0.1], "k_pid_hsp": [0.11909369719448776, 0.0, 0.0], "k_pid_vsp": [145.36655171176483, 38.95321886823114, 1e-06]}, "datetime": {"datetime": "2025-08-13 22:10:02", "elapsed": 44530.39287495613, "delta": 18.00953245162964}, "costs": {"total_cost": 184.8326845635423, "time_cost": 71.435, "final_distance_cost": 1.8251403371918342, "oscillation_cost": 25.22325251246303, "completition_cost": 0.0, "overshoot_cost": 51.29068658219767, "power_cost": 13.972549487304688, "noise_cost": 21.086055644385052, "n_waypoints_completed": 9, "tot_waypoints": 9}}
{"target": -185.11304892587296, "params": {"k_pid_pos": [0.6487571545243844, 0.0, 0.04897169331739706], "k_pid_alt": [1.8885725452926665, 0.0, 0.9486567751324938], "k_pid_att": [31.454258618847113, 5.309665870837747, 0.2709447156818655], "k_pid_yaw": [0.5, 1e-06, 0.1], "k_pid_hsp": [0.11470073287374968, 0.0, 0.0], "k_pid_vsp": [170.17811796954368, 49.430165231366985, 1e-06]}, "datetime": {"datetime": "2025-08-13 22:10:20", "elapsed": 44548.06372976303, "delta": 17.670854806900024}, "costs": {"total_cost": 185.11304892587296, "time_cost": 72.69500000000001, "final_distance_cost": 1.8342751019354568, "oscillation_cost": 23.192216100854104, "completition_cost": 0.0, "overshoot_cost": 51.517638348025756, "power_cost": 14.1900646484375, "noise_cost": 21.68385472662012, "n_waypoints_completed": 9, "tot_waypoints": 9}}
{"target": -194.23903503202737, "params": {"k_pid_pos": [0.5778960042123885, 0.0, 0.030070296183668917], "k_pid_alt": [1.6906999678355488, 0.0, 0.9477253789306336], "k_pid_att": [36.43570962938006, 3.6346793190577453, 0.2906666715969014], "k_pid_yaw": [0.5, 1e-06, 0.1], "k_pid_hsp": [0.2367473307664227, 0.0, 0.0], "k_pid_vsp": [132.09684869386402, 48.47144483211194, 1e-06]}, "datetime": {"datetime": "2025-08-13 22:10:38", "elapsed": 44566.620062589645, "delta": 18.55633282661438}, "costs": {"total_cost": 194.23903503202737, "time_cost": 77.007, "final_distance_cost": 1.8518341606533728, "oscillation_cost": 25.2204828183734, "completition_cost": 0.0, "overshoot_cost": 51.30728864458388, "power_cost": 15.250438208007813, "noise_cost": 23.60199120040892, "n_waypoints_completed": 9, "tot_waypoints": 9}}
{"target": -196.31980695633365, "params": {"k_pid_pos": [0.5085923349979409, 0.0, 0.0222155402905906], "k_pid_alt": [1.6422741393829854, 0.0, 0.975465073566589], "k_pid_att": [38.31696184063502, 3.6918351005842296, 0.26938172090168033], "k_pid_yaw": [0.5, 1e-06, 0.1], "k_pid_hsp": [0.13474058260906047, 0.0, 0.0], "k_pid_vsp": [147.17362640033875, 34.13988692839047, 1e-06]}, "datetime": {"datetime": "2025-08-13 22:10:57", "elapsed": 44585.90061593056, "delta": 19.280553340911865}, "costs": {"total_cost": 196.31980695633365, "time_cost": 76.468, "final_distance_cost": 1.8409943906781527, "oscillation_cost": 22.173764397316216, "completition_cost": 0.0, "overshoot_cost": 51.94528835960483, "power_cost": 19.800230566406253, "noise_cost": 24.091529242328203, "n_waypoints_completed": 9, "tot_waypoints": 9}}
{"target": -178.60608540540633, "params": {"k_pid_pos": [0.7466258479474821, 0.0, 0.014046181876954469], "k_pid_alt": [1.8712618724627157, 0.0, 0.9521265572129108], "k_pid_att": [34.25470621145552, 3.620778697098875, 0.2680105795478648], "k_pid_yaw": [0.5, 1e-06, 0.1], "k_pid_hsp": [0.11478403375160941, 0.0, 0.0], "k_pid_vsp": [145.7165274609407, 43.30639508537796, 1e-06]}, "datetime": {"datetime": "2025-08-13 22:11:14", "elapsed": 44602.96246790886, "delta": 17.061851978302002}, "costs": {"total_cost": 178.60608540540633, "time_cost": 71.554, "final_distance_cost": 1.8326078739582488, "oscillation_cost": 23.916196739904752, "completition_cost": 0.0, "overshoot_cost": 51.13466653332722, "power_cost": 10.218939233398437, "noise_cost": 19.949675024817672, "n_waypoints_completed": 9, "tot_waypoints": 9}}
{"target": -183.42282943290385, "params": {"k_pid_pos": [0.7760769500821846, 0.0, 0.0], "k_pid_alt": [1.791097297641967, 0.0, 0.9533011915206451], "k_pid_att": [34.18319300414872, 3.5769398769250578, 0.26689625847087894], "k_pid_yaw": [0.5, 1e-06, 0.1], "k_pid_hsp": [0.12171580750407325, 0.0, 0.0], "k_pid_vsp": [102.45539706637189, 24.273772659857006, 1e-06]}, "datetime": {"datetime": "2025-08-13 22:11:33", "elapsed": 44621.74369931221, "delta": 18.78123140335083}, "costs": {"total_cost": 183.42282943290385, "time_cost": 71.848, "final_distance_cost": 1.8099207767076777, "oscillation_cost": 24.939357300634857, "completition_cost": 0.0, "overshoot_cost": 51.26433128179106, "power_cost": 12.767746411132814, "noise_cost": 20.79347366263747, "n_waypoints_completed": 9, "tot_waypoints": 9}}
{"target": -191.25889574511842, "params": {"k_pid_pos": [0.6076398677839616, 0.0, 0.0], "k_pid_alt": [1.7833582745901335, 0.0, 0.9413029265756782], "k_pid_att": [36.50202773264628, 3.466594396457701, 0.2520771242553258], "k_pid_yaw": [0.5, 1e-06, 0.1], "k_pid_hsp": [0.190816264625244, 0.0, 0.0], "k_pid_vsp": [118.81471392795487, 35.916096031820096, 1e-06]}, "datetime": {"datetime": "2025-08-13 22:11:51", "elapsed": 44639.62829494476, "delta": 17.8845956325531}, "costs": {"total_cost": 191.25889574511842, "time_cost": 74.179, "final_distance_cost": 1.8394773839056728, "oscillation_cost": 25.137498819123262, "completition_cost": 0.0, "overshoot_cost": 50.95741251792511, "power_cost": 16.364942211914062, "noise_cost": 22.780564812250304, "n_waypoints_completed": 9, "tot_waypoints": 9}}
{"target": -200.41528854847033, "params": {"k_pid_pos": [0.5154635722456824, 0.0, 0.03769237913643134], "k_pid_alt": [1.619833095498636, 0.0, 0.8992181746568791], "k_pid_att": [35.28770810015971, 3.53219321825317, 0.2642409752342861], "k_pid_yaw": [0.5, 1e-06, 0.1], "k_pid_hsp": [0.19667671367974165, 0.0, 0.0], "k_pid_vsp": [123.71844031873889, 55.78271638247607, 1e-06]}, "datetime": {"datetime": "2025-08-13 22:12:11", "elapsed": 44659.4055287838, "delta": 19.777233839035034}, "costs": {"total_cost": 200.41528854847033, "time_cost": 78.547, "final_distance_cost": 1.8495237934231388, "oscillation_cost": 23.871755988860865, "completition_cost": 0.0, "overshoot_cost": 51.92667512152415, "power_cost": 19.298391345214846, "noise_cost": 24.921942299447327, "n_waypoints_completed": 9, "tot_waypoints": 9}}
{"target": -200.1195933704989, "params": {"k_pid_pos": [0.7588348381058406, 0.0, 0.03493467251458825], "k_pid_alt": [1.86452539974858, 0.0, 0.9482308195348854], "k_pid_att": [33.09758365413026, 3.605763960485314, 0.27119890885055375], "k_pid_yaw": [0.5, 1e-06, 0.1], "k_pid_hsp": [0.11158082303089539, 0.0, 0.0], "k_pid_vsp": [101.65594794730141, 52.77400886394631, 1e-06]}, "datetime": {"datetime": "2025-08-13 22:12:28", "elapsed": 44676.441940784454, "delta": 17.036412000656128}, "costs": {"total_cost": 200.1195933704989, "time_cost": 72.583, "final_distance_cost": 1.811574119977535, "oscillation_cost": 24.037744188187684, "completition_cost": 0.0, "overshoot_cost": 52.26833530181648, "power_cost": 25.06403897705078, "noise_cost": 24.354900783466395, "n_waypoints_completed": 9, "tot_waypoints": 9}}
{"target": -185.09541632182732, "params": {"k_pid_pos": [1.1795859511698843, 0.000745591804313809, 0.013431081635166386], "k_pid_alt": [1.5347056426653682, 0.0, 0.9530291109110712], "k_pid_att": [32.65451253076702, 3.965444795639296, 0.2552941535865516], "k_pid_yaw": [0.5, 1e-06, 0.1], "k_pid_hsp": [0.26141563173300625, 0.0, 0.0], "k_pid_vsp": [164.91512069710078, 30.24686125301021, 1e-06]}, "datetime": {"datetime": "2025-08-13 22:12:45", "elapsed": 44693.89593458176, "delta": 17.453993797302246}, "costs": {"total_cost": 185.09541632182732, "time_cost": 71.127, "final_distance_cost": 1.8149834101487228, "oscillation_cost": 30.458178294735195, "completition_cost": 0.0, "overshoot_cost": 50.45360349495837, "power_cost": 11.300884936523438, "noise_cost": 19.940766185461595, "n_waypoints_completed": 9, "tot_waypoints": 9}}
