{"target": -178.68213180865612, "params": {"k_pid_pos": [0.7286177647966219, 0.0, 0.0], "k_pid_alt": [1.846230678455891, 0.0, 0.9470517099278157], "k_pid_att": [45.492335943466415, 3.7328995045086213, 0.26865312464789115], "k_pid_yaw": [0.5, 1e-06, 0.1], "k_pid_hsp": [0.12386431863307026, 0.0, 0.0], "k_pid_vsp": [141.33364469725782, 45.97455627902345, 1e-06]}, "datetime": {"datetime": "2025-08-13 23:38:35", "elapsed": 49843.521268606186, "delta": 16.762972354888916}, "costs": {"total_cost": 178.68213180865612, "time_cost": 71.568, "final_distance_cost": 1.8243460747430875, "oscillation_cost": 24.21770244991252, "completition_cost": 0.0, "overshoot_cost": 51.12778594350782, "power_cost": 10.167160400390625, "noise_cost": 19.777136940102054, "n_waypoints_completed": 9, "tot_waypoints": 9}}
{"target": -177.77061543950424, "params": {"k_pid_pos": [1.1140897937021725, 0.0, 0.08919615773463205], "k_pid_alt": [1.887278418407714, 0.0, 0.9745162864947119], "k_pid_att": [33.039018211119206, 3.5960340779548914, 0.26357171803773194], "k_pid_yaw": [0.5, 1e-06, 0.1], "k_pid_hsp": [0.11524595726951428, 0.0, 0.0], "k_pid_vsp": [142.28962957737284, 34.391102063166755, 1e-06]}, "datetime": {"datetime": "2025-08-13 23:38:54", "elapsed": 49862.65518426895, "delta": 19.133915662765503}, "costs": {"total_cost": 177.77061543950424, "time_cost": 70.896, "final_distance_cost": 1.8222901439256916, "oscillation_cost": 27.831366870554724, "completition_cost": 0.0, "overshoot_cost": 50.99905601727207, "power_cost": 7.7648501953125, "noise_cost": 18.45705221243926, "n_waypoints_completed": 9, "tot_waypoints": 9}}
{"target": -189.36962203371564, "params": {"k_pid_pos": [0.729457926343999, 0.0, 0.04007068490205563], "k_pid_alt": [1.8482817544994121, 0.0, 0.9033396463470031], "k_pid_att": [31.888758841001945, 3.6198939725248205, 0.2797403473080571], "k_pid_yaw": [0.5, 1e-06, 0.1], "k_pid_hsp": [0.22034258744178603, 0.0, 0.0], "k_pid_vsp": [186.81338028014625, 30.18730617262488, 1e-06]}, "datetime": {"datetime": "2025-08-13 23:39:12", "elapsed": 49880.9372651577, "delta": 18.28208088874817}, "costs": {"total_cost": 189.36962203371564, "time_cost": 72.681, "final_distance_cost": 1.8434240112936378, "oscillation_cost": 25.97241619145943, "completition_cost": 0.0, "overshoot_cost": 51.243734991196504, "power_cost": 15.429065441894531, "noise_cost": 22.199981397871557, "n_waypoints_completed": 9, "tot_waypoints": 9}}
{"target": -182.6307375405188, "params": {"k_pid_pos": [0.6540890642216183, 0.0, 0.0], "k_pid_alt": [1.8789764972992642, 0.0, 0.9477681298415069], "k_pid_att": [33.444095500707604, 3.7140532274611706, 0.2753399443357148], "k_pid_yaw": [0.5, 1e-06, 0.1], "k_pid_hsp": [0.11602777754305209, 0.0, 0.0], "k_pid_vsp": [145.00093149002024, 47.067175177085524, 1e-06]}, "datetime": {"datetime": "2025-08-13 23:39:31", "elapsed": 49899.94773387909, "delta": 19.01046872138977}, "costs": {"total_cost": 182.6307375405188, "time_cost": 72.289, "final_distance_cost": 1.8210224175124283, "oscillation_cost": 23.325745713406295, "completition_cost": 0.0, "overshoot_cost": 51.32181976159159, "power_cost": 12.824566015625, "noise_cost": 21.04858363238348, "n_waypoints_completed": 9, "tot_waypoints": 9}}
{"target": -184.8770949708462, "params": {"k_pid_pos": [0.6912240708061619, 0.00179436413044553, 0.04017338447430858], "k_pid_alt": [1.5799287554970296, 0.0, 0.9193156366059746], "k_pid_att": [34.170235151110724, 3.707626125610887, 0.2603405392760141], "k_pid_yaw": [0.5, 1e-06, 0.1], "k_pid_hsp": [0.20582253743337856, 0.0, 0.0], "k_pid_vsp": [126.29100128645521, 43.469009799334856, 1e-06]}, "datetime": {"datetime": "2025-08-13 23:39:49", "elapsed": 49917.42903757095, "delta": 17.481303691864014}, "costs": {"total_cost": 184.8770949708462, "time_cost": 73.696, "final_distance_cost": 1.8415036697860048, "oscillation_cost": 25.7367716409193, "completition_cost": 0.0, "overshoot_cost": 50.99763648133608, "power_cost": 11.46695887451172, "noise_cost": 21.138224304293104, "n_waypoints_completed": 9, "tot_waypoints": 9}}
{"target": -179.87946856341975, "params": {"k_pid_pos": [0.8158516875477743, 0.0, 0.05505612121471891], "k_pid_alt": [1.721511741686884, 0.0, 0.9564262744971652], "k_pid_att": [38.29024779333082, 3.552326228602646, 0.2714251519110232], "k_pid_yaw": [0.5, 1e-06, 0.1], "k_pid_hsp": [0.15587256891213414, 0.0, 0.0], "k_pid_vsp": [108.99564756213134, 48.49510457145435, 1e-06]}, "datetime": {"datetime": "2025-08-13 23:40:09", "elapsed": 49937.16128563881, "delta": 19.732248067855835}, "costs": {"total_cost": 179.87946856341975, "time_cost": 71.498, "final_distance_cost": 1.8246104080347192, "oscillation_cost": 26.191034641826043, "completition_cost": 0.0, "overshoot_cost": 50.7446676557732, "power_cost": 10.061958032226563, "noise_cost": 19.559197825559245, "n_waypoints_completed": 9, "tot_waypoints": 9}}
{"target": -182.5946327233544, "params": {"k_pid_pos": [0.7136613400018446, 0.0, 0.006290375686164067], "k_pid_alt": [2.0, 0.0, 0.9452547371155877], "k_pid_att": [33.90160755527377, 3.672838285942978, 0.2734733182930861], "k_pid_yaw": [0.5, 1e-06, 0.1], "k_pid_hsp": [0.10577747631669311, 0.0, 0.0], "k_pid_vsp": [94.91968983367889, 53.862209615884666, 1e-06]}, "datetime": {"datetime": "2025-08-13 23:40:26", "elapsed": 49954.62484741211, "delta": 17.46356177330017}, "costs": {"total_cost": 182.5946327233544, "time_cost": 71.596, "final_distance_cost": 1.8231750053379034, "oscillation_cost": 23.059718896948, "completition_cost": 0.0, "overshoot_cost": 51.27094757116413, "power_cost": 13.658363159179688, "noise_cost": 21.186428090724693, "n_waypoints_completed": 9, "tot_waypoints": 9}}
{"target": -184.5202303892162, "params": {"k_pid_pos": [0.7126748427996662, 0.0, 0.007949097103379555], "k_pid_alt": [1.901016696554647, 0.0, 0.9469973657709878], "k_pid_att": [33.33103318957694, 3.639543771335563, 0.2768475580768356], "k_pid_yaw": [0.5, 1e-06, 0.1], "k_pid_hsp": [0.11142209551199733, 0.0, 0.0], "k_pid_vsp": [113.09035994787402, 51.27518390602322, 1e-06]}, "datetime": {"datetime": "2025-08-13 23:40:44", "elapsed": 49972.05476975441, "delta": 17.429922342300415}, "costs": {"total_cost": 184.5202303892162, "time_cost": 71.876, "final_distance_cost": 1.8200464033637935, "oscillation_cost": 23.56799634518083, "completition_cost": 0.0, "overshoot_cost": 51.82525788042348, "power_cost": 14.191741625976563, "noise_cost": 21.239188134271565, "n_waypoints_completed": 9, "tot_waypoints": 9}}
{"target": -187.59250224228995, "params": {"k_pid_pos": [0.8431837993217981, 0.0, 0.04595752710149327], "k_pid_alt": [1.8132062672634939, 0.0, 0.9469271184815046], "k_pid_att": [34.112192293292495, 3.765551890820387, 0.2794568275535814], "k_pid_yaw": [0.5, 1e-06, 0.1], "k_pid_hsp": [0.14357522016151864, 0.0, 0.0], "k_pid_vsp": [126.66575586650278, 47.566443884684475, 1e-06]}, "datetime": {"datetime": "2025-08-13 23:41:03", "elapsed": 49991.87583732605, "delta": 19.821067571640015}, "costs": {"total_cost": 187.59250224228995, "time_cost": 71.407, "final_distance_cost": 1.8242128066580678, "oscillation_cost": 25.86727116433534, "completition_cost": 0.0, "overshoot_cost": 51.2479285528855, "power_cost": 15.693065185546876, "noise_cost": 21.55302453286419, "n_waypoints_completed": 9, "tot_waypoints": 9}}
{"target": -190.73324382146512, "params": {"k_pid_pos": [1.201916454530794, 0.0, 0.12856815267903893], "k_pid_alt": [1.6523929003377025, 0.0, 1.0], "k_pid_att": [33.177641163675105, 3.4613034840014754, 0.26039032716040655], "k_pid_yaw": [0.5, 1e-06, 0.1], "k_pid_hsp": [0.3012886849852236, 0.0, 0.0], "k_pid_vsp": [105.89221139058384, 43.62201493914455, 1e-06]}, "datetime": {"datetime": "2025-08-13 23:41:21", "elapsed": 50009.744077920914, "delta": 17.86824059486389}, "costs": {"total_cost": 190.73324382146512, "time_cost": 71.099, "final_distance_cost": 1.8402309683735585, "oscillation_cost": 29.865244245200486, "completition_cost": 0.0, "overshoot_cost": 50.889661542238635, "power_cost": 15.748007885742188, "noise_cost": 21.29109917991025, "n_waypoints_completed": 9, "tot_waypoints": 9}}
{"target": -185.9778324817359, "params": {"k_pid_pos": [0.9224058173359954, 0.0, 0.027783379297310024], "k_pid_alt": [1.6539873073044704, 0.0, 0.9581931456072874], "k_pid_att": [32.76397349358224, 3.6583206099695462, 0.312271399928845], "k_pid_yaw": [0.5, 1e-06, 0.1], "k_pid_hsp": [0.25076392713307905, 0.0, 0.0], "k_pid_vsp": [112.60087376392738, 56.88008630880199, 1e-06]}, "datetime": {"datetime": "2025-08-13 23:41:39", "elapsed": 50027.32709789276, "delta": 17.583019971847534}, "costs": {"total_cost": 185.9778324817359, "time_cost": 70.959, "final_distance_cost": 1.8443307835690659, "oscillation_cost": 28.034954566019717, "completition_cost": 0.0, "overshoot_cost": 50.46916835709146, "power_cost": 13.739411547851564, "noise_cost": 20.93096722720409, "n_waypoints_completed": 9, "tot_waypoints": 9}}
{"target": -181.5456397564184, "params": {"k_pid_pos": [0.8376117079539602, 0.0, 0.0158551838013588], "k_pid_alt": [1.9083583271127214, 0.0, 0.991548997368224], "k_pid_att": [33.51423709549293, 3.545289393868115, 0.27608652732233785], "k_pid_yaw": [0.5, 1e-06, 0.1], "k_pid_hsp": [0.11628786016555706, 0.0, 0.0], "k_pid_vsp": [165.036692588047, 42.5588839061882, 1e-06]}, "datetime": {"datetime": "2025-08-13 23:41:57", "elapsed": 50045.23094511032, "delta": 17.903847217559814}, "costs": {"total_cost": 181.5456397564184, "time_cost": 71.337, "final_distance_cost": 1.81210167964671, "oscillation_cost": 25.34358524105683, "completition_cost": 0.0, "overshoot_cost": 51.10850284206958, "power_cost": 11.652645959472657, "noise_cost": 20.291804034172632, "n_waypoints_completed": 9, "tot_waypoints": 9}}
{"target": -197.14112266983847, "params": {"k_pid_pos": [1.147760241961412, 0.0, 0.03536111078458103], "k_pid_alt": [1.6956626286926886, 0.0, 0.9455233607858983], "k_pid_att": [35.50137663800233, 3.847173098818374, 0.24602160324379815], "k_pid_yaw": [0.5, 1e-06, 0.1], "k_pid_hsp": [0.0665030567954486, 0.0, 0.0], "k_pid_vsp": [126.24593096085962, 22.50256482376266, 1e-06]}, "datetime": {"datetime": "2025-08-13 23:42:15", "elapsed": 50063.93855929375, "delta": 18.707614183425903}, "costs": {"total_cost": 197.14112266983847, "time_cost": 77.021, "final_distance_cost": 1.7912415048547339, "oscillation_cost": 26.395730435207838, "completition_cost": 0.0, "overshoot_cost": 53.2708751583507, "power_cost": 15.814834790039063, "noise_cost": 22.84744078138614, "n_waypoints_completed": 9, "tot_waypoints": 9}}
{"target": -183.25951033040275, "params": {"k_pid_pos": [0.8394046229678555, 0.0002871618052625596, 0.013802263039213308], "k_pid_alt": [1.8814105272626227, 0.0, 0.9455817709182154], "k_pid_att": [34.05164124105847, 3.665444909278008, 0.2854099833127575], "k_pid_yaw": [0.5, 1e-06, 0.1], "k_pid_hsp": [0.1554380451580072, 0.0, 0.0], "k_pid_vsp": [115.304642450704, 54.30018931242711, 1e-06]}, "datetime": {"datetime": "2025-08-13 23:42:32", "elapsed": 50080.86253476143, "delta": 16.923975467681885}, "costs": {"total_cost": 183.25951033040275, "time_cost": 70.56, "final_distance_cost": 1.830732072861836, "oscillation_cost": 26.272887032901227, "completition_cost": 0.0, "overshoot_cost": 50.534483724762325, "power_cost": 13.34210457763672, "noise_cost": 20.719302922240644, "n_waypoints_completed": 9, "tot_waypoints": 9}}
{"target": -198.5686811593049, "params": {"k_pid_pos": [0.6705339643979664, 0.0, 0.06594544957156796], "k_pid_alt": [1.6662269260522933, 0.0, 0.9297211875180954], "k_pid_att": [33.8956096400631, 3.523317913549737, 0.2730331992809117], "k_pid_yaw": [0.5, 1e-06, 0.1], "k_pid_hsp": [0.3103535631084023, 0.0, 0.0], "k_pid_vsp": [130.46233234179113, 30.249761724684134, 1e-06]}, "datetime": {"datetime": "2025-08-13 23:42:52", "elapsed": 50100.29354095459, "delta": 19.43100619316101}, "costs": {"total_cost": 198.5686811593049, "time_cost": 76.503, "final_distance_cost": 1.8559545899546086, "oscillation_cost": 26.380327316233934, "completition_cost": 0.0, "overshoot_cost": 51.36430262273325, "power_cost": 18.28382458496094, "noise_cost": 24.181272045422176, "n_waypoints_completed": 9, "tot_waypoints": 9}}
{"target": -195.62663578686815, "params": {"k_pid_pos": [0.49502370363323167, 0.0, 0.011754400840534916], "k_pid_alt": [1.85308422783495, 0.0, 0.9696871861116376], "k_pid_att": [32.328838970660954, 3.6800445412448326, 0.27130147082105166], "k_pid_yaw": [0.5, 1e-06, 0.1], "k_pid_hsp": [0.18291524045456659, 0.0, 0.0], "k_pid_vsp": [134.33190704862585, 34.35338439919784, 1e-06]}, "datetime": {"datetime": "2025-08-13 23:43:13", "elapsed": 50121.56728005409, "delta": 21.273739099502563}, "costs": {"total_cost": 195.62663578686815, "time_cost": 77.819, "final_distance_cost": 1.852606632889058, "oscillation_cost": 23.471591318772727, "completition_cost": 0.0, "overshoot_cost": 51.664326631139524, "power_cost": 16.52730595703125, "noise_cost": 24.291805247035605, "n_waypoints_completed": 9, "tot_waypoints": 9}}
{"target": -194.3050650887988, "params": {"k_pid_pos": [0.9711610274805464, 0.0, 0.01943783058324505], "k_pid_alt": [1.820824959713954, 0.0, 0.9371031746541426], "k_pid_att": [34.2109470397931, 3.354882134963735, 0.26312610277241455], "k_pid_yaw": [0.5, 1e-06, 0.1], "k_pid_hsp": [0.06111066924787037, 0.0, 0.0], "k_pid_vsp": [134.14261731120789, 37.09422742439485, 1e-06]}, "datetime": {"datetime": "2025-08-13 23:43:32", "elapsed": 50139.9829287529, "delta": 18.415648698806763}, "costs": {"total_cost": 194.3050650887988, "time_cost": 76.93, "final_distance_cost": 1.7932304808358839, "oscillation_cost": 24.075599718760632, "completition_cost": 0.0, "overshoot_cost": 53.82292498807049, "power_cost": 14.921664111328125, "noise_cost": 22.76164578980368, "n_waypoints_completed": 9, "tot_waypoints": 9}}
{"target": -184.33244213541187, "params": {"k_pid_pos": [0.6940917606425686, 0.0, 0.0], "k_pid_alt": [1.7586116219758274, 0.0, 0.955821464133605], "k_pid_att": [33.0502331091194, 3.425078182677285, 0.24426342600635448], "k_pid_yaw": [0.5, 1e-06, 0.1], "k_pid_hsp": [0.07839685545521073, 0.0, 0.0], "k_pid_vsp": [168.70704087793942, 44.99903888871086, 1e-06]}, "datetime": {"datetime": "2025-08-13 23:43:51", "elapsed": 50159.84517002106, "delta": 19.86224126815796}, "costs": {"total_cost": 184.33244213541187, "time_cost": 73.927, "final_distance_cost": 1.7820386059062292, "oscillation_cost": 21.355800503427538, "completition_cost": 0.0, "overshoot_cost": 52.25468829692914, "power_cost": 13.428419140625001, "noise_cost": 21.584495588523936, "n_waypoints_completed": 9, "tot_waypoints": 9}}
{"target": -190.19770047113633, "params": {"k_pid_pos": [0.7535728396697275, 0.0, 0.08767342789825153], "k_pid_alt": [2.0, 0.0, 0.9469978121680939], "k_pid_att": [32.21120685526245, 3.6897379301908546, 0.29629268361715394], "k_pid_yaw": [0.5, 1e-06, 0.1], "k_pid_hsp": [0.12954844672762164, 0.0, 0.0], "k_pid_vsp": [127.3663043154299, 51.290235551835885, 1e-06]}, "datetime": {"datetime": "2025-08-13 23:44:10", "elapsed": 50178.70085453987, "delta": 18.855684518814087}, "costs": {"total_cost": 190.19770047113633, "time_cost": 72.058, "final_distance_cost": 1.8294141692175896, "oscillation_cost": 24.472082460127098, "completition_cost": 0.0, "overshoot_cost": 51.568259082919205, "power_cost": 18.007360205078125, "noise_cost": 22.262584553794326, "n_waypoints_completed": 9, "tot_waypoints": 9}}
{"target": -177.4654404419366, "params": {"k_pid_pos": [0.5883602207539654, 0.0, 0.01224810402794936], "k_pid_alt": [1.8869199141048343, 0.0, 0.9610652755731534], "k_pid_att": [33.436433274781315, 3.819644936533084, 0.2702239865499956], "k_pid_yaw": [0.5, 1e-06, 0.1], "k_pid_hsp": [0.11664587195528943, 0.0, 0.0], "k_pid_vsp": [123.00766284663746, 50.12373006913999, 1e-06]}, "datetime": {"datetime": "2025-08-13 23:44:27", "elapsed": 50195.76173233986, "delta": 17.060877799987793}, "costs": {"total_cost": 177.4654404419366, "time_cost": 72.891, "final_distance_cost": 1.8366544660010202, "oscillation_cost": 22.31918007715484, "completition_cost": 0.0, "overshoot_cost": 51.14460331464948, "power_cost": 9.315185266113282, "noise_cost": 19.958817318017985, "n_waypoints_completed": 9, "tot_waypoints": 9}}
{"target": -181.96214282698142, "params": {"k_pid_pos": [0.7567741954840257, 0.0, 0.0], "k_pid_alt": [1.88804158685815, 0.0, 0.9516457721851683], "k_pid_att": [33.627137953346804, 3.8068991635110843, 0.2690310782504612], "k_pid_yaw": [0.5, 1e-06, 0.1], "k_pid_hsp": [0.11620197219287703, 0.0, 0.0], "k_pid_vsp": [112.74497468415998, 45.74752481026124, 1e-06]}, "datetime": {"datetime": "2025-08-13 23:44:46", "elapsed": 50214.581070423126, "delta": 18.819338083267212}, "costs": {"total_cost": 181.96214282698142, "time_cost": 71.407, "final_distance_cost": 1.8195450157910882, "oscillation_cost": 24.379071460681853, "completition_cost": 0.0, "overshoot_cost": 50.63375758799491, "power_cost": 12.876752172851564, "noise_cost": 20.846016589662025, "n_waypoints_completed": 9, "tot_waypoints": 9}}
{"target": -190.41626204350572, "params": {"k_pid_pos": [0.751512853253643, 0.0, 0.000489702072119208], "k_pid_alt": [1.8635464261356556, 0.0, 0.9856065836627631], "k_pid_att": [30.222072280683776, 4.812367138408262, 0.28361124712561864], "k_pid_yaw": [0.5, 1e-06, 0.1], "k_pid_hsp": [0.11666004015301439, 0.0, 0.0], "k_pid_vsp": [136.66784358127111, 42.9258271922547, 1e-06]}, "datetime": {"datetime": "2025-08-13 23:45:06", "elapsed": 50234.20770931244, "delta": 19.626638889312744}, "costs": {"total_cost": 190.41626204350572, "time_cost": 71.883, "final_distance_cost": 1.8310297031996385, "oscillation_cost": 24.2741429631546, "completition_cost": 0.0, "overshoot_cost": 51.400681592535875, "power_cost": 18.541362329101563, "noise_cost": 22.486045455514084, "n_waypoints_completed": 9, "tot_waypoints": 9}}
{"target": -187.9228827966673, "params": {"k_pid_pos": [1.063215965579259, 0.0, 0.04876824162186818], "k_pid_alt": [1.888149030123882, 0.0, 0.9481751341943766], "k_pid_att": [33.69877682472213, 3.7625200208093, 0.3010545172731157], "k_pid_yaw": [0.5, 1e-06, 0.1], "k_pid_hsp": [0.08587973128212759, 0.0, 0.0], "k_pid_vsp": [121.36725424942395, 40.86710534098004, 1e-06]}, "datetime": {"datetime": "2025-08-13 23:45:24", "elapsed": 50252.11434316635, "delta": 17.906633853912354}, "costs": {"total_cost": 187.9228827966673, "time_cost": 71.925, "final_distance_cost": 1.7996630785768146, "oscillation_cost": 26.431910373554956, "completition_cost": 0.0, "overshoot_cost": 52.07528561576272, "power_cost": 14.347834094238282, "noise_cost": 21.34318963453449, "n_waypoints_completed": 9, "tot_waypoints": 9}}
{"target": -204.634026501552, "params": {"k_pid_pos": [0.33522074077640585, 0.0, 0.042792654542035326], "k_pid_alt": [1.83123900886198, 0.0, 0.9654984976300598], "k_pid_att": [31.85210739956267, 3.7003573802205363, 0.2680171234188702], "k_pid_yaw": [0.5, 1e-06, 0.1], "k_pid_hsp": [0.12993468410885792, 0.0, 0.0], "k_pid_vsp": [131.55840209688986, 42.60676291997508, 1e-06]}, "datetime": {"datetime": "2025-08-13 23:45:47", "elapsed": 50274.995827913284, "delta": 22.881484746932983}, "costs": {"total_cost": 204.634026501552, "time_cost": 88.10900000000001, "final_distance_cost": 1.8569923214027964, "oscillation_cost": 17.666656960782973, "completition_cost": 0.0, "overshoot_cost": 53.55282787490221, "power_cost": 15.728354724121095, "noise_cost": 27.720194620342916, "n_waypoints_completed": 9, "tot_waypoints": 9}}
{"target": -191.23869765336067, "params": {"k_pid_pos": [0.6905670484025636, 0.0, 0.029235956824324255], "k_pid_alt": [1.8774680781662572, 0.0, 0.9517620516128387], "k_pid_att": [33.69197556773981, 3.709528918489986, 0.2739571906723081], "k_pid_yaw": [0.5, 1e-06, 0.1], "k_pid_hsp": [0.1160095038045194, 0.0, 0.0], "k_pid_vsp": [144.3759045092084, 42.58378193413618, 1e-06]}, "datetime": {"datetime": "2025-08-13 23:46:06", "elapsed": 50294.63295173645, "delta": 19.637123823165894}, "costs": {"total_cost": 191.23869765336067, "time_cost": 72.499, "final_distance_cost": 1.809996210553668, "oscillation_cost": 23.778541110811105, "completition_cost": 0.0, "overshoot_cost": 51.712768326694054, "power_cost": 18.68740640869141, "noise_cost": 22.750985596610455, "n_waypoints_completed": 9, "tot_waypoints": 9}}
{"target": -181.61325546915893, "params": {"k_pid_pos": [0.6952861525022681, 0.0, 0.0], "k_pid_alt": [1.894089511665725, 0.0, 0.9445728061392274], "k_pid_att": [34.976762930242884, 3.3397891679965412, 0.2753874592170848], "k_pid_yaw": [0.5, 1e-06, 0.1], "k_pid_hsp": [0.10925185982828711, 0.0, 0.0], "k_pid_vsp": [127.20558883520675, 49.2406592911458, 1e-06]}, "datetime": {"datetime": "2025-08-13 23:46:23", "elapsed": 50311.88796567917, "delta": 17.255013942718506}, "costs": {"total_cost": 181.61325546915893, "time_cost": 71.876, "final_distance_cost": 1.8206413870121407, "oscillation_cost": 23.45729383481613, "completition_cost": 0.0, "overshoot_cost": 50.999004359883, "power_cost": 12.644756909179689, "noise_cost": 20.815558978267983, "n_waypoints_completed": 9, "tot_waypoints": 9}}
{"target": -1227.1321947997242, "params": {"k_pid_pos": [0.8418794246471503, 0.0, 0.0], "k_pid_alt": [1.8253761195097957, 0.0, 0.9376347168578241], "k_pid_att": [33.38539657990311, 3.114248180499811, 0.27484885144332905], "k_pid_yaw": [0.5, 1e-06, 0.1], "k_pid_hsp": [0.0001, 0.0, 0.0], "k_pid_vsp": [116.54905215614237, 32.523809290717296, 1e-06]}, "datetime": {"datetime": "2025-08-13 23:46:55", "elapsed": 50343.026054382324, "delta": 31.138088703155518}, "costs": {"total_cost": 1227.1321947997242, "time_cost": 150, "final_distance_cost": 46.91863412287355, "oscillation_cost": 0.4405113851416116, "completition_cost": 888.8888888888888, "overshoot_cost": 96.54804281513574, "power_cost": 13.9946359375, "noise_cost": 30.341481650184505, "n_waypoints_completed": 1, "tot_waypoints": 9}}
