{"target": -184.88007766447848, "params": {"k_pid_pos": [1.0312902534147772, 0.042922253135927166, 0.003798039763044235], "k_pid_alt": [1.56147069415694, 0.0, 0.964273961537113], "k_pid_att": [29.328110534229573, 3.3792503266965106, 0.2618571463662944], "k_pid_yaw": [0.5, 1e-06, 0.1], "k_pid_hsp": [0.4207014759012837, 0.0, 0.0], "k_pid_vsp": [79.03781408771103, 8.805159900138436, 0.2749075868648031]}, "datetime": {"datetime": "2025-08-13 13:43:20", "elapsed": 14128.179574012756, "delta": 18.753235816955566}, "costs": {"total_cost": 184.88007766447848, "time_cost": 72.07900000000001, "final_distance_cost": 1.8389160938572804, "oscillation_cost": 30.09290160761591, "completition_cost": 0.0, "overshoot_cost": 50.96489679118072, "power_cost": 10.187757092285157, "noise_cost": 19.716606079539396, "n_waypoints_completed": 9, "tot_waypoints": 9}}
{"target": -188.34018892208869, "params": {"k_pid_pos": [1.3204559245376684, 0.0, 0.0], "k_pid_alt": [1.6300393147717087, 0.0, 0.9729388120184337], "k_pid_att": [31.292255877017876, 3.9738934455926254, 0.16295166761263372], "k_pid_yaw": [0.5, 1e-06, 0.1], "k_pid_hsp": [0.23844063626897846, 0.0, 0.0], "k_pid_vsp": [198.57009920465418, 1e-06, 1e-06]}, "datetime": {"datetime": "2025-08-13 13:43:40", "elapsed": 14148.01992058754, "delta": 19.840346574783325}, "costs": {"total_cost": 188.34018892208869, "time_cost": 71.932, "final_distance_cost": 1.8212754049561841, "oscillation_cost": 31.582424619064945, "completition_cost": 0.0, "overshoot_cost": 51.41182086436155, "power_cost": 11.40658729248047, "noise_cost": 20.186080741225528, "n_waypoints_completed": 9, "tot_waypoints": 9}}
{"target": -1985.9930131854385, "params": {"k_pid_pos": [0.8880413957929915, 0.04439765187111594, 0.22888719542324584], "k_pid_alt": [1.5966162302755915, 0.026782480769951357, 0.8933903295227974], "k_pid_att": [6.986564239356113, 7.958914667032952, 0.19228381482192763], "k_pid_yaw": [0.5, 1e-06, 0.1], "k_pid_hsp": [8.815481318349327, 0.5018863835038953, 1.0], "k_pid_vsp": [229.10533792891016, 107.09061162383017, 261.41438904354015]}, "datetime": {"datetime": "2025-08-13 13:44:10", "elapsed": 14178.459177732468, "delta": 30.43925714492798}, "costs": {"total_cost": 1985.9930131854385, "time_cost": 150, "final_distance_cost": 1.0043694005890158, "oscillation_cost": 511.72832949619465, "completition_cost": 1000.0, "overshoot_cost": 162.46499730965456, "power_cost": 34.73127010498047, "noise_cost": 126.06404687401991, "n_waypoints_completed": 0, "tot_waypoints": 9}}
{"target": -190.96717071943425, "params": {"k_pid_pos": [1.2841591288129746, 0.0, 0.0], "k_pid_alt": [1.5901655443869886, 0.0, 0.9597506515852514], "k_pid_att": [30.10024181121162, 3.1498593404837942, 0.22604825067453135], "k_pid_yaw": [0.5, 1e-06, 0.1], "k_pid_hsp": [0.264610417300917, 0.0, 0.0], "k_pid_vsp": [136.56049536887517, 7.016311759938448, 1e-06]}, "datetime": {"datetime": "2025-08-13 13:44:29", "elapsed": 14197.524062156677, "delta": 19.064884424209595}, "costs": {"total_cost": 190.96717071943425, "time_cost": 71.652, "final_distance_cost": 1.80357861425817, "oscillation_cost": 31.089695494524953, "completition_cost": 0.0, "overshoot_cost": 51.297979991584164, "power_cost": 14.0729236328125, "noise_cost": 21.050992986254464, "n_waypoints_completed": 9, "tot_waypoints": 9}}
{"target": -196.07107649529596, "params": {"k_pid_pos": [1.227519171956787, 0.039703709263675696, 0.07717361292378913], "k_pid_alt": [1.6568398847577244, 0.0, 0.9611418892389713], "k_pid_att": [32.11597302995347, 2.6446210945323574, 0.2562819639971256], "k_pid_yaw": [0.5, 1e-06, 0.1], "k_pid_hsp": [0.21550091910834385, 0.0, 0.0], "k_pid_vsp": [90.84384997179131, 2.6694952097024336, 1e-06]}, "datetime": {"datetime": "2025-08-13 13:44:48", "elapsed": 14216.28073835373, "delta": 18.756676197052002}, "costs": {"total_cost": 196.07107649529596, "time_cost": 72.569, "final_distance_cost": 1.8182061798781466, "oscillation_cost": 30.02950463826431, "completition_cost": 0.0, "overshoot_cost": 52.44070358164975, "power_cost": 17.06003924560547, "noise_cost": 22.153622849898255, "n_waypoints_completed": 9, "tot_waypoints": 9}}
{"target": -187.86593002625114, "params": {"k_pid_pos": [1.0944417546251866, 0.0, 0.03303349815829487], "k_pid_alt": [1.6061128121091757, 0.0, 0.9660465996022628], "k_pid_att": [32.942120736056005, 2.6929063593483975, 0.2498233468210488], "k_pid_yaw": [0.5, 1e-06, 0.1], "k_pid_hsp": [0.2591906653859634, 0.0, 0.0], "k_pid_vsp": [114.49596117464739, 8.569031536020347, 1e-06]}, "datetime": {"datetime": "2025-08-13 13:45:06", "elapsed": 14234.634144306183, "delta": 18.353405952453613}, "costs": {"total_cost": 187.86593002625114, "time_cost": 71.512, "final_distance_cost": 1.839498203015664, "oscillation_cost": 29.554688271124448, "completition_cost": 0.0, "overshoot_cost": 51.322167152839064, "power_cost": 12.892370251464845, "noise_cost": 20.745206147807103, "n_waypoints_completed": 9, "tot_waypoints": 9}}
{"target": -205.535140755847, "params": {"k_pid_pos": [1.0556356187427172, 0.009710217135060584, 0.009109020381633429], "k_pid_alt": [1.5535820255486896, 0.0, 0.9622499914040831], "k_pid_att": [33.13116318692445, 3.715591372311627, 0.23778636721135277], "k_pid_yaw": [0.5, 1e-06, 0.1], "k_pid_hsp": [0.5953119057102881, 0.0, 0.0], "k_pid_vsp": [121.20503983363199, 2.445272362134134, 1e-06]}, "datetime": {"datetime": "2025-08-13 13:45:26", "elapsed": 14254.851347208023, "delta": 20.21720290184021}, "costs": {"total_cost": 205.535140755847, "time_cost": 74.536, "final_distance_cost": 1.831376381426494, "oscillation_cost": 31.296567983214686, "completition_cost": 0.0, "overshoot_cost": 52.426511902547865, "power_cost": 21.799385900878907, "noise_cost": 23.64529858777904, "n_waypoints_completed": 9, "tot_waypoints": 9}}
{"target": -192.6144186495762, "params": {"k_pid_pos": [1.3770195295778223, 0.0, 0.06141457046400203], "k_pid_alt": [1.6684450248738198, 0.0, 0.9857694489141408], "k_pid_att": [28.894471974931555, 3.176771936768925, 0.20771219034618843], "k_pid_yaw": [0.5, 1e-06, 0.1], "k_pid_hsp": [0.1999044826356816, 0.0, 0.0], "k_pid_vsp": [134.48204473111593, 9.292753292871407, 1e-06]}, "datetime": {"datetime": "2025-08-13 13:45:44", "elapsed": 14272.741635084152, "delta": 17.89028787612915}, "costs": {"total_cost": 192.6144186495762, "time_cost": 71.47, "final_distance_cost": 1.813898773803579, "oscillation_cost": 31.017675511915858, "completition_cost": 0.0, "overshoot_cost": 51.42082651523973, "power_cost": 15.524274353027344, "noise_cost": 21.367743495589707, "n_waypoints_completed": 9, "tot_waypoints": 9}}
{"target": -203.0187088291439, "params": {"k_pid_pos": [1.0716774260468078, 0.14156873015243848, 0.0], "k_pid_alt": [1.6788749837214474, 0.0, 0.9770718547050544], "k_pid_att": [32.24853831058141, 3.6184799588561947, 0.23643633495201924], "k_pid_yaw": [0.5, 1e-06, 0.1], "k_pid_hsp": [0.2384200452968163, 0.0, 0.0], "k_pid_vsp": [219.20848117066618, 17.743697496023216, 1e-06]}, "datetime": {"datetime": "2025-08-13 13:46:03", "elapsed": 14291.535863637924, "delta": 18.794228553771973}, "costs": {"total_cost": 203.0187088291439, "time_cost": 74.809, "final_distance_cost": 1.8153659427166031, "oscillation_cost": 30.915256782912834, "completition_cost": 0.0, "overshoot_cost": 51.842850796243795, "power_cost": 20.48615008544922, "noise_cost": 23.15008522182144, "n_waypoints_completed": 9, "tot_waypoints": 9}}
{"target": -205.98960227340396, "params": {"k_pid_pos": [1.0670021705857373, 0.0, 0.02273711839782236], "k_pid_alt": [1.4595046509831764, 0.0, 1.0], "k_pid_att": [30.236812888172963, 3.0195405088138942, 0.30987785955866914], "k_pid_yaw": [0.5, 1e-06, 0.1], "k_pid_hsp": [0.26932068638341566, 0.0, 0.0], "k_pid_vsp": [116.97602748761246, 6.503175976791149, 1e-06]}, "datetime": {"datetime": "2025-08-13 13:46:22", "elapsed": 14310.862311601639, "delta": 19.3264479637146}, "costs": {"total_cost": 205.98960227340396, "time_cost": 74.41, "final_distance_cost": 1.823040634863666, "oscillation_cost": 29.924107915568772, "completition_cost": 0.0, "overshoot_cost": 52.09229238896477, "power_cost": 23.68994129638672, "noise_cost": 24.050220037620047, "n_waypoints_completed": 9, "tot_waypoints": 9}}
{"target": -198.93121099522682, "params": {"k_pid_pos": [0.9782523436088945, 0.0, 0.033920524562438346], "k_pid_alt": [1.6081849304007858, 0.0, 0.9715468034109979], "k_pid_att": [44.153223234816615, 3.1613384363835317, 0.3944752980197582], "k_pid_yaw": [0.5, 1e-06, 0.1], "k_pid_hsp": [0.27720779303769294, 0.0, 0.0], "k_pid_vsp": [123.65469733075535, 7.2917912459229814, 1e-06]}, "datetime": {"datetime": "2025-08-13 13:46:41", "elapsed": 14329.238413095474, "delta": 18.37610149383545}, "costs": {"total_cost": 198.93121099522682, "time_cost": 73.038, "final_distance_cost": 1.8456233578923087, "oscillation_cost": 28.02045023040891, "completition_cost": 0.0, "overshoot_cost": 51.84080539432781, "power_cost": 20.813755517578127, "noise_cost": 23.37257649501968, "n_waypoints_completed": 9, "tot_waypoints": 9}}
{"target": -207.51907503205805, "params": {"k_pid_pos": [0.675481318795419, 0.0, 0.07682359917582793], "k_pid_alt": [1.624935601207402, 0.08094163785312586, 0.9606002725158507], "k_pid_att": [33.783183442302324, 3.2760935787928545, 0.20315077873877468], "k_pid_yaw": [0.5, 1e-06, 0.1], "k_pid_hsp": [0.25566954083613297, 0.0, 0.0], "k_pid_vsp": [130.94561510722366, 0.8490032434122038, 1e-06]}, "datetime": {"datetime": "2025-08-13 13:47:03", "elapsed": 14351.436626672745, "delta": 22.198213577270508}, "costs": {"total_cost": 207.51907503205805, "time_cost": 85.008, "final_distance_cost": 1.8214949571546744, "oscillation_cost": 25.249371197132884, "completition_cost": 0.0, "overshoot_cost": 52.176134750763595, "power_cost": 18.282019396972657, "noise_cost": 24.982054730034257, "n_waypoints_completed": 9, "tot_waypoints": 9}}
{"target": -189.40019690079882, "params": {"k_pid_pos": [0.9371383586704531, 0.0, 0.0], "k_pid_alt": [1.5951499463727838, 0.0, 0.9639929505870484], "k_pid_att": [28.05009655289268, 3.5896716872601817, 0.31063277825514185], "k_pid_yaw": [0.5, 1e-06, 0.1], "k_pid_hsp": [0.5482010308267129, 0.0, 0.0], "k_pid_vsp": [118.22881356809197, 12.039416213766856, 1e-06]}, "datetime": {"datetime": "2025-08-13 13:47:24", "elapsed": 14372.42780327797, "delta": 20.99117660522461}, "costs": {"total_cost": 189.40019690079882, "time_cost": 72.254, "final_distance_cost": 1.8520482518899601, "oscillation_cost": 29.79695079527173, "completition_cost": 0.0, "overshoot_cost": 50.93377851290289, "power_cost": 13.325901745605469, "noise_cost": 21.237517595128768, "n_waypoints_completed": 9, "tot_waypoints": 9}}
{"target": -198.48413098591345, "params": {"k_pid_pos": [0.9591910826176459, 0.02710726289686699, 0.0], "k_pid_alt": [1.5211574290374155, 0.0, 0.9666874667481098], "k_pid_att": [31.771472219101085, 4.180689944949955, 0.25583250352253567], "k_pid_yaw": [0.5, 1e-06, 0.1], "k_pid_hsp": [0.08215681889921642, 0.0017038249397122477, 0.0], "k_pid_vsp": [174.9948495092679, 9.17607376504711, 2.2591247052321184]}, "datetime": {"datetime": "2025-08-13 13:47:48", "elapsed": 14396.328329086304, "delta": 23.90052580833435}, "costs": {"total_cost": 198.48413098591345, "time_cost": 76.923, "final_distance_cost": 1.8092209342471015, "oscillation_cost": 26.16085707297711, "completition_cost": 0.0, "overshoot_cost": 52.783198027652546, "power_cost": 17.715768005371096, "noise_cost": 23.09208694566558, "n_waypoints_completed": 9, "tot_waypoints": 9}}
{"target": -189.9068085586187, "params": {"k_pid_pos": [1.0735983059974066, 0.0, 0.06018350311555046], "k_pid_alt": [1.5556483950331812, 0.0, 0.9656713727186403], "k_pid_att": [30.79782597523895, 3.4257339769087993, 0.21459002929808701], "k_pid_yaw": [0.5, 1e-06, 0.1], "k_pid_hsp": [0.27467500178870446, 0.0, 0.0], "k_pid_vsp": [131.87463081191356, 8.72163615731669, 1e-06]}, "datetime": {"datetime": "2025-08-13 13:48:09", "elapsed": 14417.187325716019, "delta": 20.858996629714966}, "costs": {"total_cost": 189.9068085586187, "time_cost": 72.19800000000001, "final_distance_cost": 1.8443352094161316, "oscillation_cost": 29.383880714195744, "completition_cost": 0.0, "overshoot_cost": 51.160566419727665, "power_cost": 14.086722705078126, "noise_cost": 21.23330351020103, "n_waypoints_completed": 9, "tot_waypoints": 9}}
{"target": -185.44780912979343, "params": {"k_pid_pos": [0.7931187883979448, 0.016243171665834763, 0.00042388747272956856], "k_pid_alt": [1.6522267266828572, 0.0, 0.9461119225766988], "k_pid_att": [33.02464494291586, 4.9173827284873415, 0.2428191863315569], "k_pid_yaw": [0.5, 1e-06, 0.1], "k_pid_hsp": [0.14608797649326768, 0.0, 0.0], "k_pid_vsp": [146.53377691257566, 8.24529743688408, 1e-06]}, "datetime": {"datetime": "2025-08-13 13:48:29", "elapsed": 14437.376064777374, "delta": 20.18873906135559}, "costs": {"total_cost": 185.44780912979343, "time_cost": 72.702, "final_distance_cost": 1.8216878150722648, "oscillation_cost": 25.67468868484805, "completition_cost": 0.0, "overshoot_cost": 51.64066059051212, "power_cost": 12.581159814453125, "noise_cost": 21.027612224907873, "n_waypoints_completed": 9, "tot_waypoints": 9}}
{"target": -190.27282489181502, "params": {"k_pid_pos": [1.5064088105806817, 0.0, 0.0], "k_pid_alt": [1.6252030129221708, 0.0, 0.9934969461028711], "k_pid_att": [12.51374222646643, 3.1219963066147733, 0.39811857395593336], "k_pid_yaw": [0.5, 1e-06, 0.1], "k_pid_hsp": [0.29563019321911554, 0.0, 0.0], "k_pid_vsp": [103.71934046736077, 25.9583428151442, 0.07780275497244218]}, "datetime": {"datetime": "2025-08-13 13:48:47", "elapsed": 14455.800310850143, "delta": 18.424246072769165}, "costs": {"total_cost": 190.27282489181502, "time_cost": 70.58800000000001, "final_distance_cost": 1.7987563682882979, "oscillation_cost": 32.80675613317843, "completition_cost": 0.0, "overshoot_cost": 50.79029051816242, "power_cost": 13.729143994140626, "noise_cost": 20.55987787804525, "n_waypoints_completed": 9, "tot_waypoints": 9}}
{"target": -194.19002020804237, "params": {"k_pid_pos": [1.1270397457132635, 0.0, 0.08590552707570599], "k_pid_alt": [1.5772146766696449, 0.0, 0.9692027651941733], "k_pid_att": [36.39883230467045, 3.346047835789414, 0.2399987097083047], "k_pid_yaw": [0.5, 1e-06, 0.1], "k_pid_hsp": [0.11800277622659011, 0.0, 0.0], "k_pid_vsp": [131.80925574936603, 5.780177009259465, 1e-06]}, "datetime": {"datetime": "2025-08-13 13:49:06", "elapsed": 14474.24747800827, "delta": 18.44716715812683}, "costs": {"total_cost": 194.19002020804237, "time_cost": 73.199, "final_distance_cost": 1.7992209542988746, "oscillation_cost": 27.746744552485097, "completition_cost": 0.0, "overshoot_cost": 52.563026630521925, "power_cost": 16.736672521972658, "noise_cost": 22.145355548763842, "n_waypoints_completed": 9, "tot_waypoints": 9}}
{"target": -199.3921198077156, "params": {"k_pid_pos": [0.4188076858219655, 0.0, 0.0], "k_pid_alt": [1.6709978734182687, 0.0, 0.9644410752136442], "k_pid_att": [19.96692127250983, 5.064100744237482, 0.2803254458555755], "k_pid_yaw": [0.5, 1e-06, 0.1], "k_pid_hsp": [0.2090574287624293, 0.0, 0.0], "k_pid_vsp": [124.88651600777263, 7.269980833135636, 1e-06]}, "datetime": {"datetime": "2025-08-13 13:49:28", "elapsed": 14496.42690896988, "delta": 22.179430961608887}, "costs": {"total_cost": 199.3921198077156, "time_cost": 84.021, "final_distance_cost": 1.852883588512804, "oscillation_cost": 22.65827141615336, "completition_cost": 0.0, "overshoot_cost": 52.90214746726022, "power_cost": 12.818249182128907, "noise_cost": 25.13956815366028, "n_waypoints_completed": 9, "tot_waypoints": 9}}
{"target": -193.1159780674842, "params": {"k_pid_pos": [0.8830868231609061, 0.0, 0.01215165421271576], "k_pid_alt": [1.3360775941520682, 0.0, 0.9667321476845521], "k_pid_att": [34.211971168308466, 3.5719332572246114, 0.279126055957497], "k_pid_yaw": [0.5, 1e-06, 0.1], "k_pid_hsp": [0.28469265072359623, 0.0, 0.0], "k_pid_vsp": [100.50447208332, 7.40687733625961, 1e-06]}, "datetime": {"datetime": "2025-08-13 13:49:47", "elapsed": 14515.00106549263, "delta": 18.574156522750854}, "costs": {"total_cost": 193.1159780674842, "time_cost": 74.382, "final_distance_cost": 1.8415871221281692, "oscillation_cost": 28.11107505406088, "completition_cost": 0.0, "overshoot_cost": 51.82892396841943, "power_cost": 14.950479003906251, "noise_cost": 22.001912918969477, "n_waypoints_completed": 9, "tot_waypoints": 9}}
{"target": -189.13220408816423, "params": {"k_pid_pos": [0.7373591625392607, 0.0, 0.0], "k_pid_alt": [1.5958345270291334, 0.0, 0.9725420491660116], "k_pid_att": [31.312122850989937, 3.7196970947442543, 0.27514414432814793], "k_pid_yaw": [0.5, 1e-06, 0.1], "k_pid_hsp": [0.19595516341200067, 0.0, 0.0], "k_pid_vsp": [104.99916156256046, 6.222625717550346, 1e-06]}, "datetime": {"datetime": "2025-08-13 13:50:06", "elapsed": 14534.278169631958, "delta": 19.277104139328003}, "costs": {"total_cost": 189.13220408816423, "time_cost": 73.507, "final_distance_cost": 1.8401714792303439, "oscillation_cost": 25.856932756080084, "completition_cost": 0.0, "overshoot_cost": 51.69628180191652, "power_cost": 14.352512829589845, "noise_cost": 21.879305221347426, "n_waypoints_completed": 9, "tot_waypoints": 9}}
{"target": -1260.1927250400886, "params": {"k_pid_pos": [1.5174425627742991, 0.0, 0.0710169122996955], "k_pid_alt": [1.56872231893752, 0.0, 0.9523547074354446], "k_pid_att": [31.691818053908204, 4.858975192063161, 0.25512141498462027], "k_pid_yaw": [0.5, 1e-06, 0.1], "k_pid_hsp": [0.0001, 0.0, 0.0], "k_pid_vsp": [118.092520407719, 10.665106511099225, 3.550094441788973]}, "datetime": {"datetime": "2025-08-13 13:50:37", "elapsed": 14565.154922962189, "delta": 30.876753330230713}, "costs": {"total_cost": 1260.1927250400886, "time_cost": 150, "final_distance_cost": 48.602345218357726, "oscillation_cost": 0.11603660081485356, "completition_cost": 888.8888888888888, "overshoot_cost": 106.15276072461403, "power_cost": 31.4084427734375, "noise_cost": 35.02425083397595, "n_waypoints_completed": 1, "tot_waypoints": 9}}
{"target": -200.89490809806142, "params": {"k_pid_pos": [1.1347144554925561, 0.0, 0.04161498528705566], "k_pid_alt": [1.5840731876443614, 0.0, 0.9698030122930438], "k_pid_att": [32.15853867467158, 3.158491774126488, 0.21603325459977163], "k_pid_yaw": [0.5, 1e-06, 0.1], "k_pid_hsp": [0.3024813048256436, 0.0, 0.0], "k_pid_vsp": [112.61079430598987, 6.923600222272418, 1e-06]}, "datetime": {"datetime": "2025-08-13 13:50:56", "elapsed": 14584.950965642929, "delta": 19.796042680740356}, "costs": {"total_cost": 200.89490809806142, "time_cost": 73.892, "final_distance_cost": 1.8298155291789937, "oscillation_cost": 30.686563283011463, "completition_cost": 0.0, "overshoot_cost": 51.77734861254588, "power_cost": 19.629881445312503, "noise_cost": 23.079299228012573, "n_waypoints_completed": 9, "tot_waypoints": 9}}
{"target": -184.00694995222, "params": {"k_pid_pos": [1.1506870674954661, 0.0, 0.029122423617532367], "k_pid_alt": [1.6333664684063112, 0.0, 0.9658672580921006], "k_pid_att": [31.051647456069187, 3.458069930401597, 0.2663580385642773], "k_pid_yaw": [0.5, 1e-06, 0.1], "k_pid_hsp": [0.20874743335296217, 0.0, 0.0], "k_pid_vsp": [61.46040275106705, 6.320841089957655, 1e-06]}, "datetime": {"datetime": "2025-08-13 13:51:16", "elapsed": 14604.007999420166, "delta": 19.05703377723694}, "costs": {"total_cost": 184.00694995222, "time_cost": 71.757, "final_distance_cost": 1.8152603405367442, "oscillation_cost": 29.796574855800618, "completition_cost": 0.0, "overshoot_cost": 51.40454867954382, "power_cost": 9.575643371582032, "noise_cost": 19.657922704756803, "n_waypoints_completed": 9, "tot_waypoints": 9}}
{"target": -211.67487347164902, "params": {"k_pid_pos": [0.7541045965980241, 0.2787701276719101, 0.3890179947336888], "k_pid_alt": [1.1284271491853692, 0.0, 0.9652544641221728], "k_pid_att": [24.84108234650825, 3.6742479605015346, 0.163153109419563], "k_pid_yaw": [0.5, 1e-06, 0.1], "k_pid_hsp": [0.403658776961082, 0.006204788819137007, 0.0], "k_pid_vsp": [168.4511112697673, 0.30867144301856975, 1e-06]}, "datetime": {"datetime": "2025-08-13 13:51:38", "elapsed": 14626.494312286377, "delta": 22.486312866210938}, "costs": {"total_cost": 211.67487347164902, "time_cost": 85.46300000000001, "final_distance_cost": 1.815546003781295, "oscillation_cost": 26.679876720905717, "completition_cost": 0.0, "overshoot_cost": 52.48984293383922, "power_cost": 19.62018619384766, "noise_cost": 25.606421619275153, "n_waypoints_completed": 9, "tot_waypoints": 9}}
{"target": -192.7603116680308, "params": {"k_pid_pos": [0.8739227806705343, 0.0, 0.0], "k_pid_alt": [1.4305719603185267, 0.0, 0.9655171346783562], "k_pid_att": [41.35513116402096, 4.794405985637429, 0.24566003201235434], "k_pid_yaw": [0.5, 1e-06, 0.1], "k_pid_hsp": [0.30960719406441817, 0.0, 0.0], "k_pid_vsp": [98.26497610696742, 7.4556583902803695, 4.829027514517215]}, "datetime": {"datetime": "2025-08-13 13:51:57", "elapsed": 14645.15653514862, "delta": 18.662222862243652}, "costs": {"total_cost": 192.7603116680308, "time_cost": 73.612, "final_distance_cost": 1.8445971048945808, "oscillation_cost": 28.261199355032197, "completition_cost": 0.0, "overshoot_cost": 51.59520603207564, "power_cost": 15.314671911621094, "noise_cost": 22.132637264407297, "n_waypoints_completed": 9, "tot_waypoints": 9}}
