{"target": -1282.2610217250046, "params": {"k_pid_pos": [0.12486048018888474, 0.0, 0.18294745277830435], "k_pid_alt": [1.6128102138127764, 0.0, 0.9844519730691491], "k_pid_att": [24.748038956694707, 2.9143594758236606, 0.19526703018667246], "k_pid_yaw": [0.5, 1e-06, 0.1], "k_pid_hsp": [0.0001, 0.0, 0.0], "k_pid_vsp": [174.27483867758008, 1e-06, 1e-06]}, "datetime": {"datetime": "2025-08-13 12:19:04", "elapsed": 9072.35246872902, "delta": 53.02128791809082}, "costs": {"total_cost": 1282.2610217250046, "time_cost": 150, "final_distance_cost": 45.39420590585101, "oscillation_cost": 0.008214193045593177, "completition_cost": 1000.0, "overshoot_cost": 30.371895972864117, "power_cost": 22.861824572753907, "noise_cost": 33.62488108049004, "n_waypoints_completed": 0, "tot_waypoints": 9}}
{"target": -217.06187109745898, "params": {"k_pid_pos": [0.5604760988541282, 0.02242914806020698, 0.14727186806820206], "k_pid_alt": [1.4730794768632731, 0.04564608284082512, 1.0], "k_pid_att": [30.677599742595376, 3.978383970910729, 0.0], "k_pid_yaw": [0.5, 1e-06, 0.1], "k_pid_hsp": [0.6968685539961593, 0.2066426596875945, 0.0], "k_pid_vsp": [139.15238427391773, 24.72378019184645, 1e-06]}, "datetime": {"datetime": "2025-08-13 12:19:36", "elapsed": 9104.016766548157, "delta": 31.664297819137573}, "costs": {"total_cost": 217.06187109745898, "time_cost": 82.474, "final_distance_cost": 1.837845563965954, "oscillation_cost": 38.56277624690753, "completition_cost": 0.0, "overshoot_cost": 52.028207381713116, "power_cost": 17.084756176757814, "noise_cost": 25.074285728114543, "n_waypoints_completed": 9, "tot_waypoints": 9}}
{"target": -252.9840014837568, "params": {"k_pid_pos": [2.0, 0.1499182232191597, 0.0], "k_pid_alt": [1.2798366386654956, 0.32208997034092535, 0.49608961531450513], "k_pid_att": [28.884381389862874, 6.183519102518794, 0.5069697102343091], "k_pid_yaw": [0.5, 1e-06, 0.1], "k_pid_hsp": [2.3724225808418646, 0.1263655079820964, 0.0], "k_pid_vsp": [157.12638959165793, 13.448295129215335, 27.42854835485575]}, "datetime": {"datetime": "2025-08-13 12:19:58", "elapsed": 9126.883905172348, "delta": 22.867138624191284}, "costs": {"total_cost": 252.9840014837568, "time_cost": 91.44800000000001, "final_distance_cost": 1.7442016379307728, "oscillation_cost": 52.68403831316978, "completition_cost": 0.0, "overshoot_cost": 55.34659833732576, "power_cost": 26.96998232421875, "noise_cost": 24.791180871111724, "n_waypoints_completed": 9, "tot_waypoints": 9}}
{"target": -1195.89912591809, "params": {"k_pid_pos": [0.46754180341130863, 0.0, 0.0], "k_pid_alt": [1.338418016762982, 0.0, 0.9850625976850437], "k_pid_att": [26.765463115256253, 6.6427226766002825, 0.2874969867315409], "k_pid_yaw": [0.5, 1e-06, 0.1], "k_pid_hsp": [0.0001, 0.0, 0.0], "k_pid_vsp": [242.43006341269154, 1e-06, 1e-06]}, "datetime": {"datetime": "2025-08-13 12:20:28", "elapsed": 9156.753182411194, "delta": 29.869277238845825}, "costs": {"total_cost": 1195.89912591809, "time_cost": 150, "final_distance_cost": 45.21559252164239, "oscillation_cost": 0.004482657571934837, "completition_cost": 888.8888888888888, "overshoot_cost": 62.26206902151312, "power_cost": 17.532768017578125, "noise_cost": 31.99532481089569, "n_waypoints_completed": 1, "tot_waypoints": 9}}
{"target": -197.74101918862905, "params": {"k_pid_pos": [0.9394205249584309, 0.11414681104077401, 0.0], "k_pid_alt": [1.7138145680100476, 0.0, 0.9649629825309927], "k_pid_att": [30.238002518134444, 3.7724753410046827, 0.24060536049571674], "k_pid_yaw": [0.5, 1e-06, 0.1], "k_pid_hsp": [0.3174463651353945, 0.0, 0.0], "k_pid_vsp": [90.45841349732306, 1e-06, 1e-06]}, "datetime": {"datetime": "2025-08-13 12:20:47", "elapsed": 9175.759593248367, "delta": 19.006410837173462}, "costs": {"total_cost": 197.74101918862905, "time_cost": 75.131, "final_distance_cost": 1.8091456802298906, "oscillation_cost": 29.505846697940598, "completition_cost": 0.0, "overshoot_cost": 52.21005146177221, "power_cost": 16.322479833984374, "noise_cost": 22.762495514701993, "n_waypoints_completed": 9, "tot_waypoints": 9}}
{"target": -199.51012077773277, "params": {"k_pid_pos": [0.9164307277076945, 0.0, 0.041274733614023645], "k_pid_alt": [1.0373698700834602, 0.0, 0.9960404658831832], "k_pid_att": [13.738995223886064, 3.112179549714334, 0.4344344831802054], "k_pid_yaw": [0.5, 1e-06, 0.1], "k_pid_hsp": [0.20972578184773844, 0.0, 0.0], "k_pid_vsp": [118.53102726550475, 1e-06, 1e-06]}, "datetime": {"datetime": "2025-08-13 12:21:07", "elapsed": 9195.931092262268, "delta": 20.171499013900757}, "costs": {"total_cost": 199.51012077773277, "time_cost": 77.595, "final_distance_cost": 1.8370156853953008, "oscillation_cost": 28.0658356149905, "completition_cost": 0.0, "overshoot_cost": 52.159301180102545, "power_cost": 16.848851232910157, "noise_cost": 23.004117064334263, "n_waypoints_completed": 9, "tot_waypoints": 9}}
{"target": -879.1111293027355, "params": {"k_pid_pos": [0.08134374973069054, 0.03962932656928857, 0.0], "k_pid_alt": [1.464319181161087, 0.002062806724475532, 0.8956902137546815], "k_pid_att": [21.599423206427367, 2.4629918317991324, 0.20890566709827568], "k_pid_yaw": [0.5, 1e-06, 0.1], "k_pid_hsp": [0.7201254536934192, 0.0, 0.0], "k_pid_vsp": [210.9419188717807, 1e-06, 1.1562391636430278]}, "datetime": {"datetime": "2025-08-13 12:21:36", "elapsed": 9224.916397571564, "delta": 28.985305309295654}, "costs": {"total_cost": 879.1111293027355, "time_cost": 150, "final_distance_cost": 45.39777244672776, "oscillation_cost": 6.105941699223366, "completition_cost": 555.5555555555555, "overshoot_cost": 66.61853169944523, "power_cost": 22.388117602539065, "noise_cost": 33.045210299244516, "n_waypoints_completed": 4, "tot_waypoints": 9}}
{"target": -204.98202823941185, "params": {"k_pid_pos": [0.6859272087635165, 0.0, 0.0633218292402545], "k_pid_alt": [1.661478494019676, 0.05760654273009658, 1.0], "k_pid_att": [27.680034051414765, 4.208982055417003, 0.26932239138215397], "k_pid_yaw": [0.5, 1e-06, 0.1], "k_pid_hsp": [1.1647262471667577, 0.13589778065248548, 0.0], "k_pid_vsp": [152.83092720577733, 5.09794677383784, 1e-06]}, "datetime": {"datetime": "2025-08-13 12:21:56", "elapsed": 9244.18703699112, "delta": 19.270639419555664}, "costs": {"total_cost": 204.98202823941185, "time_cost": 79.191, "final_distance_cost": 1.8420817207004472, "oscillation_cost": 31.53274613506601, "completition_cost": 0.0, "overshoot_cost": 51.81284698490674, "power_cost": 16.81252126464844, "noise_cost": 23.79083213409021, "n_waypoints_completed": 9, "tot_waypoints": 9}}
{"target": -187.6633686477931, "params": {"k_pid_pos": [0.5816519202478247, 0.08469124704420028, 0.0], "k_pid_alt": [1.5548445914235665, 0.0, 0.9694301873535793], "k_pid_att": [26.821413815141515, 3.710283454903092, 0.24549438573105764], "k_pid_yaw": [0.5, 1e-06, 0.1], "k_pid_hsp": [0.16434800863478616, 0.001456063766835344, 0.0], "k_pid_vsp": [174.61061485979272, 12.916779682603739, 4.608349771276814]}, "datetime": {"datetime": "2025-08-13 12:22:14", "elapsed": 9262.563246250153, "delta": 18.376209259033203}, "costs": {"total_cost": 187.6633686477931, "time_cost": 75.915, "final_distance_cost": 1.8168204411766853, "oscillation_cost": 24.04709984032277, "completition_cost": 0.0, "overshoot_cost": 52.33522315189141, "power_cost": 11.965289184570313, "noise_cost": 21.58393602983191, "n_waypoints_completed": 9, "tot_waypoints": 9}}
{"target": -211.56308838120142, "params": {"k_pid_pos": [0.6574006223004802, 0.004716799225896712, 0.0], "k_pid_alt": [1.598450619252705, 0.10984126232490662, 1.0], "k_pid_att": [33.000352116431976, 3.4643543571646056, 0.16775786429569225], "k_pid_yaw": [0.5, 1e-06, 0.1], "k_pid_hsp": [0.10659109629861624, 0.0, 0.0], "k_pid_vsp": [117.18509244859945, 1e-06, 1e-06]}, "datetime": {"datetime": "2025-08-13 12:22:36", "elapsed": 9284.240875720978, "delta": 21.677629470825195}, "costs": {"total_cost": 211.56308838120142, "time_cost": 89.95700000000001, "final_distance_cost": 1.7944232161622533, "oscillation_cost": 24.13138347779066, "completition_cost": 0.0, "overshoot_cost": 53.38545749122052, "power_cost": 16.62795234375, "noise_cost": 25.666871852277968, "n_waypoints_completed": 9, "tot_waypoints": 9}}
{"target": -1213.5254308493438, "params": {"k_pid_pos": [0.5670525436055164, 0.01774128575307892, 0.0], "k_pid_alt": [1.6670030472738648, 0.0, 0.9918850189402985], "k_pid_att": [31.2103086362607, 3.3858272819558, 0.23958827573773508], "k_pid_yaw": [0.5, 1e-06, 0.1], "k_pid_hsp": [0.0001, 0.0, 0.0], "k_pid_vsp": [135.47234190961368, 10.43709412269255, 1e-06]}, "datetime": {"datetime": "2025-08-13 12:23:05", "elapsed": 9313.19121336937, "delta": 28.950337648391724}, "costs": {"total_cost": 1213.5254308493438, "time_cost": 150, "final_distance_cost": 45.751821484802505, "oscillation_cost": 0.003733023652705352, "completition_cost": 888.8888888888888, "overshoot_cost": 79.81314513233748, "power_cost": 17.173790185546874, "noise_cost": 31.894052134115377, "n_waypoints_completed": 1, "tot_waypoints": 9}}
{"target": -207.10337947137455, "params": {"k_pid_pos": [0.41252865965337326, 0.39706701332190686, 0.11183400769687393], "k_pid_alt": [1.653797728537673, 0.027807086259377882, 0.21655491290067866], "k_pid_att": [28.852786439312823, 5.092008346724464, 0.12635258064212979], "k_pid_yaw": [0.5, 1e-06, 0.1], "k_pid_hsp": [0.3736880618372259, 0.0, 0.0], "k_pid_vsp": [208.42577637121335, 10.491422148559886, 1e-06]}, "datetime": {"datetime": "2025-08-13 12:23:25", "elapsed": 9333.577029705048, "delta": 20.3858163356781}, "costs": {"total_cost": 207.10337947137455, "time_cost": 82.761, "final_distance_cost": 1.8237015326575814, "oscillation_cost": 27.60366196967368, "completition_cost": 0.0, "overshoot_cost": 52.09834464809191, "power_cost": 17.64171287841797, "noise_cost": 25.174958442533406, "n_waypoints_completed": 9, "tot_waypoints": 9}}
{"target": -1485.6094162232193, "params": {"k_pid_pos": [0.5433372030922404, 0.0, 0.0], "k_pid_alt": [1.7209560514575128, 0.0, 0.9946197915168953], "k_pid_att": [16.447010430442006, 3.4520627278941194, 0.4770725109899423], "k_pid_yaw": [0.5, 1e-06, 0.1], "k_pid_hsp": [0.47429972773254037, 0.0, 0.0], "k_pid_vsp": [2.5612906637331037, 7.307422231988957, 1e-06]}, "datetime": {"datetime": "2025-08-13 12:23:54", "elapsed": 9362.325833320618, "delta": 28.74880361557007}, "costs": {"total_cost": 1485.6094162232193, "time_cost": 150, "final_distance_cost": 1.0, "oscillation_cost": 2.8190635953906495, "completition_cost": 1000.0, "overshoot_cost": 163.0692763149893, "power_cost": 18.66725682373047, "noise_cost": 150.0538194891089, "n_waypoints_completed": 0, "tot_waypoints": 9}}
{"target": -186.71357895610095, "params": {"k_pid_pos": [0.5578257687191552, 0.0, 0.0], "k_pid_alt": [1.6250622043152088, 0.0, 0.9643876867386002], "k_pid_att": [17.532649116303244, 2.572752046090398, 0.3299153156249005], "k_pid_yaw": [0.5, 1e-06, 0.1], "k_pid_hsp": [0.1192387993396812, 0.0, 0.0], "k_pid_vsp": [175.11149138487917, 1e-06, 1e-06]}, "datetime": {"datetime": "2025-08-13 12:24:12", "elapsed": 9380.85120177269, "delta": 18.525368452072144}, "costs": {"total_cost": 186.71357895610095, "time_cost": 75.362, "final_distance_cost": 1.8384718338659876, "oscillation_cost": 22.044098728181652, "completition_cost": 0.0, "overshoot_cost": 52.218457469767166, "power_cost": 13.232215625, "noise_cost": 22.018335299286157, "n_waypoints_completed": 9, "tot_waypoints": 9}}
{"target": -1117.1954986639178, "params": {"k_pid_pos": [0.5037775187680681, 0.10439546339968854, 0.0], "k_pid_alt": [1.9031884595074589, 0.0, 0.9772071907450116], "k_pid_att": [43.81462587348802, 3.2184449348775734, 0.2613769325236536], "k_pid_yaw": [0.5, 1e-06, 0.1], "k_pid_hsp": [0.011859930235581333, 0.0, 0.0], "k_pid_vsp": [201.4153014347369, 0.8755590080596968, 1e-06]}, "datetime": {"datetime": "2025-08-13 12:24:42", "elapsed": 9410.351159334183, "delta": 29.49995756149292}, "costs": {"total_cost": 1117.1954986639178, "time_cost": 150, "final_distance_cost": 88.31596999603917, "oscillation_cost": 2.810026687126045, "completition_cost": 777.7777777777778, "overshoot_cost": 44.35541330074333, "power_cost": 20.935255212402346, "noise_cost": 33.00105568982904, "n_waypoints_completed": 2, "tot_waypoints": 9}}
{"target": -217.39401329973364, "params": {"k_pid_pos": [0.37945100818659266, 0.036858686973048574, 0.0], "k_pid_alt": [1.7763170872376097, 0.0, 0.9470641663570383], "k_pid_att": [29.09989789370155, 3.5809958251643956, 0.21635502476404703], "k_pid_yaw": [0.5, 1e-06, 0.1], "k_pid_hsp": [0.2702409899813567, 0.0016104283741459053, 0.0], "k_pid_vsp": [253.34727768156088, 1e-06, 25.36954488091027]}, "datetime": {"datetime": "2025-08-13 12:25:03", "elapsed": 9431.534397125244, "delta": 21.1832377910614}, "costs": {"total_cost": 217.39401329973364, "time_cost": 85.967, "final_distance_cost": 1.8539093667853965, "oscillation_cost": 22.55578302847925, "completition_cost": 0.0, "overshoot_cost": 54.935072941408656, "power_cost": 25.449604248046874, "noise_cost": 26.632643715013444, "n_waypoints_completed": 9, "tot_waypoints": 9}}
{"target": -218.94657471715567, "params": {"k_pid_pos": [0.5607201778996609, 0.0797026783974065, 0.19034159594782113], "k_pid_alt": [1.870156453930267, 0.0, 0.9348645644516366], "k_pid_att": [23.33032747352908, 3.528020541635185, 0.17529928747279896], "k_pid_yaw": [0.5, 1e-06, 0.1], "k_pid_hsp": [2.5500352005414415, 0.0, 0.0], "k_pid_vsp": [198.13301796281155, 1e-06, 4.187135114906301]}, "datetime": {"datetime": "2025-08-13 12:25:23", "elapsed": 9451.798035860062, "delta": 20.263638734817505}, "costs": {"total_cost": 218.94657471715567, "time_cost": 82.537, "final_distance_cost": 1.8532190959409631, "oscillation_cost": 36.82840810983406, "completition_cost": 0.0, "overshoot_cost": 52.93852480182461, "power_cost": 18.43011298828125, "noise_cost": 26.359309721274787, "n_waypoints_completed": 9, "tot_waypoints": 9}}
{"target": -209.10626212105248, "params": {"k_pid_pos": [0.3871685029336869, 0.3618271122097082, 0.0], "k_pid_alt": [1.5540377211159402, 0.0, 0.954604745105806], "k_pid_att": [38.41421015193399, 2.8325442011595667, 0.2898628521122615], "k_pid_yaw": [0.5, 1e-06, 0.1], "k_pid_hsp": [0.2946817021038829, 0.0, 0.0], "k_pid_vsp": [163.98395539949453, 5.6963470917063646, 1e-06]}, "datetime": {"datetime": "2025-08-13 12:25:46", "elapsed": 9474.634513616562, "delta": 22.836477756500244}, "costs": {"total_cost": 209.10626212105248, "time_cost": 90.363, "final_distance_cost": 1.808758874499271, "oscillation_cost": 27.531074018507994, "completition_cost": 0.0, "overshoot_cost": 51.49027288654017, "power_cost": 13.439834387207032, "noise_cost": 24.473321954298008, "n_waypoints_completed": 9, "tot_waypoints": 9}}
{"target": -1237.0846981165319, "params": {"k_pid_pos": [1.3169275693223752, 0.0, 0.0], "k_pid_alt": [1.4588196780199383, 0.0, 1.0], "k_pid_att": [41.778111023362804, 1.7908382071787812, 0.26818075077180314], "k_pid_yaw": [0.5, 1e-06, 0.1], "k_pid_hsp": [0.0001, 0.0, 0.0], "k_pid_vsp": [178.9894238682811, 1e-06, 1e-06]}, "datetime": {"datetime": "2025-08-13 12:26:15", "elapsed": 9503.974905729294, "delta": 29.340392112731934}, "costs": {"total_cost": 1237.0846981165319, "time_cost": 150, "final_distance_cost": 48.46400779348285, "oscillation_cost": 0.2763538951365453, "completition_cost": 888.8888888888888, "overshoot_cost": 105.64598535251764, "power_cost": 13.30024735107422, "noise_cost": 30.50921483543207, "n_waypoints_completed": 1, "tot_waypoints": 9}}
{"target": -222.58970033955515, "params": {"k_pid_pos": [0.6675910964342735, 0.4286612576010219, 0.5566215810737909], "k_pid_alt": [1.7915968532934732, 0.0, 0.9882370399961311], "k_pid_att": [43.37984234063637, 3.7982191080893903, 0.12088118379486286], "k_pid_yaw": [0.5, 1e-06, 0.1], "k_pid_hsp": [0.502951957672205, 0.05770308954146123, 0.0], "k_pid_vsp": [300.5092205424904, 1e-06, 1e-06]}, "datetime": {"datetime": "2025-08-13 12:26:37", "elapsed": 9525.751675128937, "delta": 21.776769399642944}, "costs": {"total_cost": 222.58970033955515, "time_cost": 85.47, "final_distance_cost": 1.8130660381557573, "oscillation_cost": 28.279181073511925, "completition_cost": 0.0, "overshoot_cost": 53.3570121703807, "power_cost": 26.063340002441407, "noise_cost": 27.607101055065385, "n_waypoints_completed": 9, "tot_waypoints": 9}}
{"target": -1244.9910369714103, "params": {"k_pid_pos": [0.9168258287078509, 0.15093981980820637, 0.10125021783346967], "k_pid_alt": [1.456221425831656, 0.0, 0.7527855979659666], "k_pid_att": [26.747228677612167, 4.267087873484099, 0.29126502550017896], "k_pid_yaw": [0.5, 1e-06, 0.1], "k_pid_hsp": [0.0001, 0.0, 0.0], "k_pid_vsp": [158.13578079545152, 5.994071737675999, 1e-06]}, "datetime": {"datetime": "2025-08-13 12:27:07", "elapsed": 9555.363141298294, "delta": 29.6114661693573}, "costs": {"total_cost": 1244.9910369714103, "time_cost": 150, "final_distance_cost": 48.3976220900285, "oscillation_cost": 0.005234026475829144, "completition_cost": 888.8888888888888, "overshoot_cost": 104.74913674898134, "power_cost": 20.127082299804687, "noise_cost": 32.82307291723122, "n_waypoints_completed": 1, "tot_waypoints": 9}}
{"target": -186.41635425037768, "params": {"k_pid_pos": [0.5339403082202272, 0.048216875939666747, 0.0], "k_pid_alt": [1.8703804774720987, 0.0, 0.9828944143173035], "k_pid_att": [18.929530377524763, 3.874285885113679, 0.21536270937699054], "k_pid_yaw": [0.5, 1e-06, 0.1], "k_pid_hsp": [0.1086687673119899, 0.0, 0.0], "k_pid_vsp": [161.64622957478895, 1e-06, 1e-06]}, "datetime": {"datetime": "2025-08-13 12:27:26", "elapsed": 9574.234952449799, "delta": 18.871811151504517}, "costs": {"total_cost": 186.41635425037768, "time_cost": 75.929, "final_distance_cost": 1.8325493776931878, "oscillation_cost": 20.937528497903013, "completition_cost": 0.0, "overshoot_cost": 52.64664095768517, "power_cost": 13.136204992675783, "noise_cost": 21.934430424420515, "n_waypoints_completed": 9, "tot_waypoints": 9}}
{"target": -1198.7193564089807, "params": {"k_pid_pos": [0.5078676159978786, 0.0, 0.01468498676295707], "k_pid_alt": [1.5096819057802515, 0.0, 0.9953520069464111], "k_pid_att": [0.0, 4.397467191748007, 0.42211799957211915], "k_pid_yaw": [0.5, 1e-06, 0.1], "k_pid_hsp": [0.0001, 0.0, 0.0], "k_pid_vsp": [201.13904400684584, 1e-06, 1e-06]}, "datetime": {"datetime": "2025-08-13 12:27:56", "elapsed": 9604.736474275589, "delta": 30.501521825790405}, "costs": {"total_cost": 1198.7193564089807, "time_cost": 150, "final_distance_cost": 45.38498969269737, "oscillation_cost": 0.36505182762139216, "completition_cost": 888.8888888888888, "overshoot_cost": 68.87500463345535, "power_cost": 14.301044787597657, "noise_cost": 30.904376578720093, "n_waypoints_completed": 1, "tot_waypoints": 9}}
{"target": -1197.0194514068696, "params": {"k_pid_pos": [1.0110319117440714, 0.006458421274437132, 0.0], "k_pid_alt": [1.6973806871549155, 0.01923374547277458, 1.0], "k_pid_att": [22.609457880787225, 3.7631111704693625, 0.1964306881562462], "k_pid_yaw": [0.5, 1e-06, 0.1], "k_pid_hsp": [0.0004169134912486161, 0.01800980888679731, 0.0], "k_pid_vsp": [109.48420614745473, 1e-06, 1e-06]}, "datetime": {"datetime": "2025-08-13 12:28:30", "elapsed": 9638.288246393204, "delta": 33.551772117614746}, "costs": {"total_cost": 1197.0194514068696, "time_cost": 150, "final_distance_cost": 91.96905558347618, "oscillation_cost": 6.837683237459927, "completition_cost": 777.7777777777778, "overshoot_cost": 113.87255261776765, "power_cost": 22.99392263183594, "noise_cost": 33.56845955855213, "n_waypoints_completed": 2, "tot_waypoints": 9}}
{"target": -4905.514679924479, "params": {"k_pid_pos": [0.42134651019474634, 0.0, 0.0], "k_pid_alt": [1.702592300333213, 0.0, 0.9876364574964228], "k_pid_att": [0.0, 3.602078462446924, 0.26062207987072394], "k_pid_yaw": [0.5, 1e-06, 0.1], "k_pid_hsp": [0.20988508217369015, 0.0, 0.0], "k_pid_vsp": [161.16939315844803, 1e-06, 0.038886004396476936]}, "datetime": {"datetime": "2025-08-13 12:29:02", "elapsed": 9670.131952524185, "delta": 31.843706130981445}, "costs": {"total_cost": 4905.514679924479, "time_cost": 150, "final_distance_cost": 1100.0613827714976, "oscillation_cost": 1507.5514588693516, "completition_cost": 1000.0, "overshoot_cost": 940.2284911298249, "power_cost": 55.010762365722655, "noise_cost": 152.66258478808334, "n_waypoints_completed": 0, "tot_waypoints": 9}}
{"target": -4811.014771455172, "params": {"k_pid_pos": [0.6745465879010158, 0.27495985124939437, 0.0], "k_pid_alt": [1.5927352626743607, 0.0, 1.0], "k_pid_att": [0.0, 3.274287967606921, 0.2639999796111383], "k_pid_yaw": [0.5, 1e-06, 0.1], "k_pid_hsp": [1.2111591162427344, 0.0, 0.0], "k_pid_vsp": [117.99670732673748, 1e-06, 1e-06]}, "datetime": {"datetime": "2025-08-13 12:29:33", "elapsed": 9701.303801774979, "delta": 31.171849250793457}, "costs": {"total_cost": 4811.014771455172, "time_cost": 150, "final_distance_cost": 256.76296739521285, "oscillation_cost": 1755.9106483726548, "completition_cost": 1000.0, "overshoot_cost": 1437.4574383788765, "power_cost": 55.61730943603516, "noise_cost": 155.26640787239276, "n_waypoints_completed": 0, "tot_waypoints": 9}}
{"target": -192.96011469579375, "params": {"k_pid_pos": [0.6382615143345284, 0.0, 0.049711682750599215], "k_pid_alt": [1.83069838547345, 0.0, 0.9883949640904961], "k_pid_att": [27.86283186411532, 2.942848112776, 0.0], "k_pid_yaw": [0.5, 1e-06, 0.1], "k_pid_hsp": [0.30836048208663014, 0.0, 0.0], "k_pid_vsp": [79.66563770732864, 1e-06, 1e-06]}, "datetime": {"datetime": "2025-08-13 12:29:53", "elapsed": 9721.287708044052, "delta": 19.983906269073486}, "costs": {"total_cost": 192.96011469579375, "time_cost": 78.169, "final_distance_cost": 1.8533202462695237, "oscillation_cost": 30.550603242781186, "completition_cost": 0.0, "overshoot_cost": 51.900967294771185, "power_cost": 9.228340136718751, "noise_cost": 21.257883775253113, "n_waypoints_completed": 9, "tot_waypoints": 9}}
