{"target": -186.05362618254856, "params": {"k_pid_pos": [1.3010516255108469, 0.0, 0.0], "k_pid_alt": [1.614675903024388, 0.0, 0.9506769949197034], "k_pid_att": [38.40414505756508, 3.4118295069435125, 0.25257094852802003], "k_pid_yaw": [0.5, 1e-06, 0.1], "k_pid_hsp": [0.1688161585888707, 0.0, 0.0], "k_pid_vsp": [123.46625495613092, 30.447059584760957, 1e-06]}, "datetime": {"datetime": "2025-08-13 15:11:18", "elapsed": 19406.577620744705, "delta": 19.17083239555359}, "costs": {"total_cost": 186.05362618254856, "time_cost": 70.889, "final_distance_cost": 1.8138422442245044, "oscillation_cost": 30.76330287176414, "completition_cost": 0.0, "overshoot_cost": 50.98996291348939, "power_cost": 11.550821496582032, "noise_cost": 20.0466966564885, "n_waypoints_completed": 9, "tot_waypoints": 9}}
{"target": -190.50220477663078, "params": {"k_pid_pos": [0.9034643800899281, 0.0, 0.08364200156821044], "k_pid_alt": [1.6159109610136322, 0.0, 0.9463476029799288], "k_pid_att": [36.34588660893526, 3.323869400603216, 0.25139756125816615], "k_pid_yaw": [0.5, 1e-06, 0.1], "k_pid_hsp": [0.38340463299819116, 0.0, 0.0], "k_pid_vsp": [125.24681092766436, 21.703434040611526, 1e-06]}, "datetime": {"datetime": "2025-08-13 15:11:37", "elapsed": 19425.887749433517, "delta": 19.310128688812256}, "costs": {"total_cost": 190.50220477663078, "time_cost": 72.8, "final_distance_cost": 1.8414826812717593, "oscillation_cost": 28.47820885888575, "completition_cost": 0.0, "overshoot_cost": 51.034641416190446, "power_cost": 14.541059350585938, "noise_cost": 21.80681246969689, "n_waypoints_completed": 9, "tot_waypoints": 9}}
{"target": -195.30270805452466, "params": {"k_pid_pos": [1.1464141527904759, 0.0, 0.08097201814251524], "k_pid_alt": [1.5960513696533787, 0.0, 0.9709638020512797], "k_pid_att": [38.28795050337221, 3.2599402340559784, 0.2517526900684232], "k_pid_yaw": [0.5, 1e-06, 0.1], "k_pid_hsp": [0.2457933581640453, 0.0, 0.0], "k_pid_vsp": [127.85585996239288, 25.757124791409886, 1e-06]}, "datetime": {"datetime": "2025-08-13 15:11:57", "elapsed": 19445.261433839798, "delta": 19.373684406280518}, "costs": {"total_cost": 195.30270805452466, "time_cost": 71.82000000000001, "final_distance_cost": 1.836703655977457, "oscillation_cost": 29.41178365138844, "completition_cost": 0.0, "overshoot_cost": 51.22990035127673, "power_cost": 18.79276942138672, "noise_cost": 22.21155097449532, "n_waypoints_completed": 9, "tot_waypoints": 9}}
{"target": -188.1573999347304, "params": {"k_pid_pos": [1.1208349131178297, 0.0, 0.07448858139299125], "k_pid_alt": [1.6287771337847141, 0.0, 0.9627106785074142], "k_pid_att": [35.550676217430684, 3.7314576686594068, 0.2538582484556361], "k_pid_yaw": [0.5, 1e-06, 0.1], "k_pid_hsp": [0.30735645334099176, 0.0, 0.0], "k_pid_vsp": [139.6966958378777, 21.391666132760818, 1e-06]}, "datetime": {"datetime": "2025-08-13 15:12:16", "elapsed": 19464.432903766632, "delta": 19.171469926834106}, "costs": {"total_cost": 188.1573999347304, "time_cost": 71.33, "final_distance_cost": 1.8278310146153087, "oscillation_cost": 29.801888860907283, "completition_cost": 0.0, "overshoot_cost": 50.498511076760956, "power_cost": 13.802752648925782, "noise_cost": 20.89641633352107, "n_waypoints_completed": 9, "tot_waypoints": 9}}
{"target": -193.40561463779318, "params": {"k_pid_pos": [1.098919266377028, 0.0, 0.0043768794485688906], "k_pid_alt": [1.5382392044059507, 0.0, 0.9399025238156413], "k_pid_att": [36.95207759221302, 3.573902479040717, 0.2510270797649178], "k_pid_yaw": [0.5, 1e-06, 0.1], "k_pid_hsp": [0.2644168981598228, 0.0, 0.0], "k_pid_vsp": [104.67629076433339, 23.818662092174517, 1e-06]}, "datetime": {"datetime": "2025-08-13 15:12:35", "elapsed": 19483.75168776512, "delta": 19.31878399848938}, "costs": {"total_cost": 193.40561463779318, "time_cost": 71.715, "final_distance_cost": 1.8186381122303505, "oscillation_cost": 29.61554783353231, "completition_cost": 0.0, "overshoot_cost": 50.8586660621633, "power_cost": 17.55065498046875, "noise_cost": 21.847107649398442, "n_waypoints_completed": 9, "tot_waypoints": 9}}
{"target": -200.1658755576903, "params": {"k_pid_pos": [1.0962004854757823, 0.04146881599136011, 0.1458263721712048], "k_pid_alt": [1.8732287860976866, 0.0, 0.909411514533468], "k_pid_att": [55.80771045009717, 3.651966290814194, 0.2639932658464106], "k_pid_yaw": [0.5, 1e-06, 0.1], "k_pid_hsp": [0.252006258712878, 0.0, 0.0], "k_pid_vsp": [183.13898235338382, 2.094241975303931, 1e-06]}, "datetime": {"datetime": "2025-08-13 15:12:54", "elapsed": 19502.662008047104, "delta": 18.910320281982422}, "costs": {"total_cost": 200.1658755576903, "time_cost": 72.548, "final_distance_cost": 1.8206143685728409, "oscillation_cost": 28.469633813410777, "completition_cost": 0.0, "overshoot_cost": 52.10852299497794, "power_cost": 21.959098474121095, "noise_cost": 23.26000590660763, "n_waypoints_completed": 9, "tot_waypoints": 9}}
{"target": -195.67871686547, "params": {"k_pid_pos": [1.1479207267171236, 0.0, 0.011756408124324744], "k_pid_alt": [1.6017517842352242, 0.0, 0.935774115336178], "k_pid_att": [13.497373100332325, 3.3562605924596256, 0.24423130150818828], "k_pid_yaw": [0.5, 1e-06, 0.1], "k_pid_hsp": [0.27169297548537236, 0.0, 0.0], "k_pid_vsp": [109.63969356661849, 25.93517704827289, 1e-06]}, "datetime": {"datetime": "2025-08-13 15:13:14", "elapsed": 19522.043425559998, "delta": 19.381417512893677}, "costs": {"total_cost": 195.67871686547, "time_cost": 70.931, "final_distance_cost": 1.80285680745297, "oscillation_cost": 30.849192294372283, "completition_cost": 0.0, "overshoot_cost": 51.28228577330634, "power_cost": 18.636184338378907, "noise_cost": 22.177197651959492, "n_waypoints_completed": 9, "tot_waypoints": 9}}
{"target": -188.99978270945925, "params": {"k_pid_pos": [1.300061312953178, 0.0, 0.06466960377053169], "k_pid_alt": [1.6272588561702055, 0.0, 0.9329488691111111], "k_pid_att": [34.78771913562408, 3.310405446723232, 0.2405443981806726], "k_pid_yaw": [0.5, 1e-06, 0.1], "k_pid_hsp": [0.33000499031108027, 0.0, 0.0], "k_pid_vsp": [108.03209555621052, 17.533811212645965, 1e-06]}, "datetime": {"datetime": "2025-08-13 15:13:33", "elapsed": 19541.297887325287, "delta": 19.254461765289307}, "costs": {"total_cost": 188.99978270945925, "time_cost": 70.84, "final_distance_cost": 1.8145483724687874, "oscillation_cost": 30.724161935183446, "completition_cost": 0.0, "overshoot_cost": 50.8097680891719, "power_cost": 14.018961706542969, "noise_cost": 20.79234260609216, "n_waypoints_completed": 9, "tot_waypoints": 9}}
{"target": -186.45108013314172, "params": {"k_pid_pos": [1.26315735795684, 0.09935229623465233, 0.03899148979343301], "k_pid_alt": [1.6631218792658262, 0.031401065538483985, 0.9627197142313292], "k_pid_att": [28.353696943217834, 3.168187136937164, 0.2510205958376074], "k_pid_yaw": [0.5, 1e-06, 0.1], "k_pid_hsp": [0.19773644447918826, 0.016119765754002917, 0.0], "k_pid_vsp": [132.12996404999026, 36.78718231994739, 7.6962845322571685]}, "datetime": {"datetime": "2025-08-13 15:13:53", "elapsed": 19561.03586792946, "delta": 19.737980604171753}, "costs": {"total_cost": 186.45108013314172, "time_cost": 69.762, "final_distance_cost": 1.7859355529840681, "oscillation_cost": 31.9401683582779, "completition_cost": 0.0, "overshoot_cost": 50.66227842726899, "power_cost": 12.294396923828126, "noise_cost": 20.00630087078264, "n_waypoints_completed": 9, "tot_waypoints": 9}}
{"target": -1283.7985494711609, "params": {"k_pid_pos": [0.0001, 0.0, 0.0], "k_pid_alt": [1.5751677778145743, 0.0, 0.9463800960368318], "k_pid_att": [38.345307632601305, 3.498794808402806, 0.27447863662649014], "k_pid_yaw": [0.5, 1e-06, 0.1], "k_pid_hsp": [0.28714184448434155, 0.0, 0.0], "k_pid_vsp": [108.73825717570676, 15.551278751733065, 1e-06]}, "datetime": {"datetime": "2025-08-13 15:14:24", "elapsed": 19592.920215129852, "delta": 31.884347200393677}, "costs": {"total_cost": 1283.7985494711609, "time_cost": 150, "final_distance_cost": 45.962052217642565, "oscillation_cost": 0.004893522117720824, "completition_cost": 1000.0, "overshoot_cost": 35.650092115841254, "power_cost": 19.560253454589844, "noise_cost": 32.62125816096921, "n_waypoints_completed": 0, "tot_waypoints": 9}}
{"target": -185.7822338307273, "params": {"k_pid_pos": [1.0935773745213204, 0.006063510722205512, 0.03890207923083572], "k_pid_alt": [1.6049310352987287, 0.0, 0.9063625010132735], "k_pid_att": [40.393598427830796, 3.4147010812492042, 0.26851744581599424], "k_pid_yaw": [0.5, 1e-06, 0.1], "k_pid_hsp": [0.5378893403000478, 0.0, 0.0], "k_pid_vsp": [117.7381539553624, 17.008310165407728, 1e-06]}, "datetime": {"datetime": "2025-08-13 15:14:43", "elapsed": 19611.920398950577, "delta": 19.000183820724487}, "costs": {"total_cost": 185.7822338307273, "time_cost": 71.001, "final_distance_cost": 1.8403510582187481, "oscillation_cost": 30.437270695635682, "completition_cost": 0.0, "overshoot_cost": 50.93296903932958, "power_cost": 11.379183117675781, "noise_cost": 20.191459919867512, "n_waypoints_completed": 9, "tot_waypoints": 9}}
{"target": -188.59863155332363, "params": {"k_pid_pos": [1.2624356886589507, 0.0, 0.11003477436124551], "k_pid_alt": [1.5800486412523396, 0.0, 0.9148224703958712], "k_pid_att": [41.099167536070595, 3.4556413718588472, 0.24644462097257036], "k_pid_yaw": [0.5, 1e-06, 0.1], "k_pid_hsp": [0.2974140514170614, 0.0, 0.0], "k_pid_vsp": [351.0567361940838, 28.049052367807036, 1e-06]}, "datetime": {"datetime": "2025-08-13 15:15:04", "elapsed": 19632.096175670624, "delta": 20.175776720046997}, "costs": {"total_cost": 188.59863155332363, "time_cost": 71.414, "final_distance_cost": 1.8311128891773012, "oscillation_cost": 30.522024314220403, "completition_cost": 0.0, "overshoot_cost": 51.33899457751404, "power_cost": 12.864379272460939, "noise_cost": 20.628120499950917, "n_waypoints_completed": 9, "tot_waypoints": 9}}
{"target": -2079.609684059857, "params": {"k_pid_pos": [1.1786487579485951, 0.0, 0.0], "k_pid_alt": [1.5501272762299636, 0.0, 1.0], "k_pid_att": [31.65976218126402, 4.761320096375263, 0.23985481278462728], "k_pid_yaw": [0.5, 1e-06, 0.1], "k_pid_hsp": [0.0001, 0.0, 0.08006369917750414], "k_pid_vsp": [187.8949061089109, 1e-06, 1e-06]}, "datetime": {"datetime": "2025-08-13 15:15:36", "elapsed": 19664.89738535881, "delta": 32.801209688186646}, "costs": {"total_cost": 2079.609684059857, "time_cost": 150, "final_distance_cost": 45.33495134339912, "oscillation_cost": 786.6840604001048, "completition_cost": 1000.0, "overshoot_cost": 28.213079575789735, "power_cost": 37.828242504882816, "noise_cost": 31.549350235680198, "n_waypoints_completed": 0, "tot_waypoints": 9}}
{"target": -189.7808242634963, "params": {"k_pid_pos": [1.4745378973877616, 0.0, 0.050986707994368774], "k_pid_alt": [1.6817457740817705, 0.0, 0.915806533872008], "k_pid_att": [8.162216185836364, 0.6805500770182737, 0.23571363259808215], "k_pid_yaw": [0.5, 1e-06, 0.1], "k_pid_hsp": [0.3049754826525097, 0.0, 0.0], "k_pid_vsp": [121.8080524219571, 30.09991493795122, 1e-06]}, "datetime": {"datetime": "2025-08-13 15:15:55", "elapsed": 19683.927628040314, "delta": 19.030242681503296}, "costs": {"total_cost": 189.7808242634963, "time_cost": 70.336, "final_distance_cost": 1.7937811472472553, "oscillation_cost": 31.80282795730586, "completition_cost": 0.0, "overshoot_cost": 50.82486370323229, "power_cost": 14.340121130371095, "noise_cost": 20.683230325339796, "n_waypoints_completed": 9, "tot_waypoints": 9}}
{"target": -214.7521245747173, "params": {"k_pid_pos": [1.2550125713701097, 0.0, 0.09111201799500787], "k_pid_alt": [1.6016346660432241, 0.0, 0.9384237090668295], "k_pid_att": [37.13399585955199, 3.43592336985459, 0.25453869860969497], "k_pid_yaw": [0.5, 1e-06, 0.1], "k_pid_hsp": [0.2050839226659794, 0.0, 0.0], "k_pid_vsp": [118.64462023795424, 30.056185862943543, 1e-06]}, "datetime": {"datetime": "2025-08-13 15:16:16", "elapsed": 19704.701778888702, "delta": 20.774150848388672}, "costs": {"total_cost": 214.7521245747173, "time_cost": 76.825, "final_distance_cost": 1.8293171608832897, "oscillation_cost": 30.9792460548624, "completition_cost": 0.0, "overshoot_cost": 54.94173550075122, "power_cost": 25.66931649169922, "noise_cost": 24.507509366521152, "n_waypoints_completed": 9, "tot_waypoints": 9}}
{"target": -192.0738637631544, "params": {"k_pid_pos": [1.1803186991873904, 0.0, 0.11107207372913537], "k_pid_alt": [1.627312497459033, 0.0, 0.9384772357678703], "k_pid_att": [37.299881332471266, 3.7606590868799046, 0.26489660627712047], "k_pid_yaw": [0.5, 1e-06, 0.1], "k_pid_hsp": [0.28218764910908145, 0.0, 0.0], "k_pid_vsp": [140.95097085254358, 21.126563241425828, 1e-06]}, "datetime": {"datetime": "2025-08-13 15:16:36", "elapsed": 19724.59827208519, "delta": 19.896493196487427}, "costs": {"total_cost": 192.0738637631544, "time_cost": 71.176, "final_distance_cost": 1.8370089547325021, "oscillation_cost": 29.796468768911026, "completition_cost": 0.0, "overshoot_cost": 51.032992008770826, "power_cost": 16.64523583984375, "noise_cost": 21.586158190896303, "n_waypoints_completed": 9, "tot_waypoints": 9}}
{"target": -189.3561739824508, "params": {"k_pid_pos": [1.1081418485774277, 7.92233276216399e-05, 0.0789717423314537], "k_pid_alt": [1.584805249582596, 0.0, 0.9458497467993705], "k_pid_att": [35.22954720269246, 3.197223497389703, 0.5969030093569606], "k_pid_yaw": [0.5, 1e-06, 0.1], "k_pid_hsp": [0.24831580715683635, 0.0, 0.0], "k_pid_vsp": [128.08549463239515, 22.406798104563638, 1e-06]}, "datetime": {"datetime": "2025-08-13 15:16:55", "elapsed": 19743.680397748947, "delta": 19.082125663757324}, "costs": {"total_cost": 189.3561739824508, "time_cost": 71.421, "final_distance_cost": 1.8392459280324693, "oscillation_cost": 29.231711009152317, "completition_cost": 0.0, "overshoot_cost": 51.03289001041144, "power_cost": 14.625416101074219, "noise_cost": 21.20591093378033, "n_waypoints_completed": 9, "tot_waypoints": 9}}
{"target": -200.9143433508509, "params": {"k_pid_pos": [0.5288631718945607, 0.0, 0.11373801639374882], "k_pid_alt": [1.679557639513463, 0.0, 0.9351951138262504], "k_pid_att": [36.45192269195693, 3.34770397099474, 0.18767372975244503], "k_pid_yaw": [0.5, 1e-06, 0.1], "k_pid_hsp": [0.2660273221479193, 0.0, 0.0], "k_pid_vsp": [124.06728834232716, 24.163813818941055, 1e-06]}, "datetime": {"datetime": "2025-08-13 15:17:17", "elapsed": 19765.782064437866, "delta": 22.101666688919067}, "costs": {"total_cost": 200.9143433508509, "time_cost": 81.94200000000001, "final_distance_cost": 1.858866863235847, "oscillation_cost": 24.147930415950835, "completition_cost": 0.0, "overshoot_cost": 51.94228372782146, "power_cost": 15.669575354003907, "noise_cost": 25.353686989838856, "n_waypoints_completed": 9, "tot_waypoints": 9}}
{"target": -186.52359615911448, "params": {"k_pid_pos": [1.2467691663992144, 0.0, 0.0870355220844722], "k_pid_alt": [1.6275475203543828, 0.0, 0.9423519852217646], "k_pid_att": [37.72668506090952, 3.39026863789219, 0.2500030731093088], "k_pid_yaw": [0.5, 1e-06, 0.1], "k_pid_hsp": [0.3100391380385154, 0.0, 0.0], "k_pid_vsp": [104.68259831856729, 36.66504427572733, 1e-06]}, "datetime": {"datetime": "2025-08-13 15:17:37", "elapsed": 19785.07707095146, "delta": 19.29500651359558}, "costs": {"total_cost": 186.52359615911448, "time_cost": 70.476, "final_distance_cost": 1.8348538605261113, "oscillation_cost": 30.438023730725057, "completition_cost": 0.0, "overshoot_cost": 50.491290789056336, "power_cost": 12.909924255371095, "noise_cost": 20.373503523435893, "n_waypoints_completed": 9, "tot_waypoints": 9}}
{"target": -184.2877405403258, "params": {"k_pid_pos": [1.1512492611005043, 0.001953376879824907, 0.07967667363426748], "k_pid_alt": [1.562048655777101, 0.0, 0.7283031491128488], "k_pid_att": [32.96333022426395, 3.3359343485135877, 0.27067532707734737], "k_pid_yaw": [0.5, 1e-06, 0.1], "k_pid_hsp": [0.2849646915928571, 0.0, 0.0], "k_pid_vsp": [120.54187958730434, 22.806959542720676, 1e-06]}, "datetime": {"datetime": "2025-08-13 15:17:56", "elapsed": 19804.785409212112, "delta": 19.708338260650635}, "costs": {"total_cost": 184.2877405403258, "time_cost": 70.455, "final_distance_cost": 1.8367280658433873, "oscillation_cost": 29.87877766409607, "completition_cost": 0.0, "overshoot_cost": 50.431595255115454, "power_cost": 11.563134143066407, "noise_cost": 20.12250541220451, "n_waypoints_completed": 9, "tot_waypoints": 9}}
{"target": -193.2614321876022, "params": {"k_pid_pos": [1.0274455591380198, 0.0, 0.14431490048366202], "k_pid_alt": [1.652447552922207, 0.0, 0.9309087372276891], "k_pid_att": [35.42890456159689, 3.2853736442701065, 0.20314225795066976], "k_pid_yaw": [0.5, 1e-06, 0.1], "k_pid_hsp": [0.27607460202125694, 0.0, 0.0], "k_pid_vsp": [149.49540795427615, 22.229639490865086, 1e-06]}, "datetime": {"datetime": "2025-08-13 15:18:15", "elapsed": 19823.693853616714, "delta": 18.90844440460205}, "costs": {"total_cost": 193.2614321876022, "time_cost": 72.058, "final_distance_cost": 1.8361335457957477, "oscillation_cost": 28.131739454259073, "completition_cost": 0.0, "overshoot_cost": 51.091196916668785, "power_cost": 17.73759542236328, "noise_cost": 22.406766848515293, "n_waypoints_completed": 9, "tot_waypoints": 9}}
{"target": -187.85518532987442, "params": {"k_pid_pos": [1.0648930881570449, 0.0, 0.17751883143634092], "k_pid_alt": [1.6677836323656035, 0.0, 0.9329371799626929], "k_pid_att": [37.985494424203644, 3.5865170858191875, 0.22728737019859302], "k_pid_yaw": [0.5, 1e-06, 0.1], "k_pid_hsp": [0.10246154742167615, 0.0, 0.0], "k_pid_vsp": [122.37747751728406, 27.01972577041222, 1e-06]}, "datetime": {"datetime": "2025-08-13 15:18:34", "elapsed": 19842.795830011368, "delta": 19.10197639465332}, "costs": {"total_cost": 187.85518532987442, "time_cost": 72.142, "final_distance_cost": 1.8156189248894816, "oscillation_cost": 26.291328945239535, "completition_cost": 0.0, "overshoot_cost": 52.07705894094699, "power_cost": 14.263954577636719, "noise_cost": 21.265223941161718, "n_waypoints_completed": 9, "tot_waypoints": 9}}
{"target": -186.40100038603217, "params": {"k_pid_pos": [1.2783446091189516, 0.0, 0.04888768902879229], "k_pid_alt": [1.6526468890552763, 0.0, 0.9224626898570178], "k_pid_att": [35.86099602904002, 3.3896065742896724, 0.24509010082067462], "k_pid_yaw": [0.5, 1e-06, 0.1], "k_pid_hsp": [0.24887372199250535, 0.0, 0.0], "k_pid_vsp": [116.72226712578443, 24.95402924215175, 1e-06]}, "datetime": {"datetime": "2025-08-13 15:18:53", "elapsed": 19861.85722708702, "delta": 19.061397075653076}, "costs": {"total_cost": 186.40100038603217, "time_cost": 70.581, "final_distance_cost": 1.8246499010617807, "oscillation_cost": 30.733915623408464, "completition_cost": 0.0, "overshoot_cost": 50.54285235206185, "power_cost": 12.448023522949219, "noise_cost": 20.270558986550835, "n_waypoints_completed": 9, "tot_waypoints": 9}}
{"target": -187.75215206442257, "params": {"k_pid_pos": [0.8301228891226871, 0.0, 0.0363546743018795], "k_pid_alt": [1.5281726219135554, 0.0, 0.9182488534891544], "k_pid_att": [32.337248640261556, 3.997396511185675, 0.24910538339916963], "k_pid_yaw": [0.5, 1e-06, 0.1], "k_pid_hsp": [0.3554434017889471, 0.0, 0.0], "k_pid_vsp": [241.89423167079224, 28.46976918965818, 2.036013034597353]}, "datetime": {"datetime": "2025-08-13 15:19:14", "elapsed": 19882.299887418747, "delta": 20.442660331726074}, "costs": {"total_cost": 187.75215206442257, "time_cost": 73.304, "final_distance_cost": 1.84307340482795, "oscillation_cost": 27.84507149363046, "completition_cost": 0.0, "overshoot_cost": 50.89803332052955, "power_cost": 12.607488232421876, "noise_cost": 21.25448561301275, "n_waypoints_completed": 9, "tot_waypoints": 9}}
{"target": -184.79709603140424, "params": {"k_pid_pos": [1.2077925063065453, 0.0, 0.15437467061852386], "k_pid_alt": [1.6019597584649456, 0.0, 0.9506078738790302], "k_pid_att": [39.06175876761293, 3.774990302535486, 0.24377820027106392], "k_pid_yaw": [0.5, 1e-06, 0.1], "k_pid_hsp": [0.2615237309911716, 0.0, 0.0], "k_pid_vsp": [90.75305517069759, 21.29350485958466, 1e-06]}, "datetime": {"datetime": "2025-08-13 15:19:34", "elapsed": 19902.180041074753, "delta": 19.88015365600586}, "costs": {"total_cost": 184.79709603140424, "time_cost": 71.029, "final_distance_cost": 1.836943510787683, "oscillation_cost": 29.776710425449025, "completition_cost": 0.0, "overshoot_cost": 50.802377822953225, "power_cost": 11.278204614257813, "noise_cost": 20.0738596579565, "n_waypoints_completed": 9, "tot_waypoints": 9}}
{"target": -193.1671210782927, "params": {"k_pid_pos": [0.8136124650722987, 0.0, 0.08714746325709326], "k_pid_alt": [1.6610755217571298, 0.0, 0.9222502332294923], "k_pid_att": [35.88544157990536, 3.8410221770063173, 0.26738350254451415], "k_pid_yaw": [0.5, 1e-06, 0.1], "k_pid_hsp": [0.3224311986488352, 0.0, 0.0], "k_pid_vsp": [128.37868765816378, 26.887903885893767, 1e-06]}, "datetime": {"datetime": "2025-08-13 15:19:54", "elapsed": 19922.92419028282, "delta": 20.744149208068848}, "costs": {"total_cost": 193.1671210782927, "time_cost": 73.33200000000001, "final_distance_cost": 1.8537228724354065, "oscillation_cost": 27.06016550789532, "completition_cost": 0.0, "overshoot_cost": 51.197663302263884, "power_cost": 16.89015537109375, "noise_cost": 22.833414024604316, "n_waypoints_completed": 9, "tot_waypoints": 9}}
