{"target": -1245.2946291446317, "params": {"k_pid_pos": [2.0, 0.29500867389451546, 0.2755663524403485], "k_pid_alt": [1.4785749655050682, 0.017677434135345005, 0.5388411896105246], "k_pid_att": [24.88864742580016, 1.7388480349894904, 0.3917839750501615], "k_pid_yaw": [0.5, 1e-06, 0.1], "k_pid_hsp": [0.0001, 0.0, 0.0], "k_pid_vsp": [212.84505955981655, 37.98376191474148, 20.395998156963884]}, "datetime": {"datetime": "2025-08-13 11:19:10", "elapsed": 5478.9133422374725, "delta": 51.38206672668457}, "costs": {"total_cost": 1245.2946291446317, "time_cost": 150, "final_distance_cost": 49.506035680135994, "oscillation_cost": 1.3378228566791084, "completition_cost": 888.8888888888888, "overshoot_cost": 105.57213749045961, "power_cost": 26.665626538085938, "noise_cost": 23.324117690382085, "n_waypoints_completed": 1, "tot_waypoints": 9}}
{"target": -1254.1993959518484, "params": {"k_pid_pos": [0.6416774285581874, 0.6392047244534308, 0.6145738820744984], "k_pid_alt": [1.5398894305285946, 0.461841750498025, 1.0], "k_pid_att": [38.1002310880831, 3.4178089447970073, 0.07453359998109624], "k_pid_yaw": [0.5, 1e-06, 0.1], "k_pid_hsp": [0.0001, 0.058604793829439686, 0.0], "k_pid_vsp": [280.5562305659132, 1e-06, 9.126904534042868]}, "datetime": {"datetime": "2025-08-13 11:20:03", "elapsed": 5531.101751089096, "delta": 52.188408851623535}, "costs": {"total_cost": 1254.1993959518484, "time_cost": 150, "final_distance_cost": 96.26332615189246, "oscillation_cost": 55.51258038199263, "completition_cost": 777.7777777777778, "overshoot_cost": 113.34119424008412, "power_cost": 30.44743133544922, "noise_cost": 30.857086064652187, "n_waypoints_completed": 2, "tot_waypoints": 9}}
{"target": -206.31134349337106, "params": {"k_pid_pos": [0.48923481793234, 0.23942373293711758, 0.5035999319161626], "k_pid_alt": [1.6339658034798572, 0.0, 1.0], "k_pid_att": [39.80524417395426, 7.028396280266763, 0.1752921433320392], "k_pid_yaw": [0.5, 1e-06, 0.1], "k_pid_hsp": [0.20859844970620547, 0.0069106778515160595, 0.0], "k_pid_vsp": [196.29381844136086, 32.30701515133471, 1e-06]}, "datetime": {"datetime": "2025-08-13 11:20:40", "elapsed": 5568.424409389496, "delta": 37.32265830039978}, "costs": {"total_cost": 206.31134349337106, "time_cost": 86.191, "final_distance_cost": 1.8275393184293895, "oscillation_cost": 23.691243484327035, "completition_cost": 0.0, "overshoot_cost": 52.363671046816194, "power_cost": 16.47508427734375, "noise_cost": 25.76280536645471, "n_waypoints_completed": 9, "tot_waypoints": 9}}
{"target": -1195.798700847381, "params": {"k_pid_pos": [0.4258950789860323, 0.012701054715454352, 0.14263200629223474], "k_pid_alt": [1.765211017773334, 0.0, 1.0], "k_pid_att": [38.35087881185294, 3.578572220241104, 0.2098337775660585], "k_pid_yaw": [0.5, 1e-06, 0.1], "k_pid_hsp": [0.0001, 0.0, 0.0], "k_pid_vsp": [205.9741716197289, 1e-06, 1e-06]}, "datetime": {"datetime": "2025-08-13 11:21:30", "elapsed": 5618.800829172134, "delta": 50.37641978263855}, "costs": {"total_cost": 1195.798700847381, "time_cost": 150, "final_distance_cost": 45.2152928996714, "oscillation_cost": 0.015252322190339857, "completition_cost": 888.8888888888888, "overshoot_cost": 58.116068173623965, "power_cost": 20.65294919433594, "noise_cost": 32.910249368670684, "n_waypoints_completed": 1, "tot_waypoints": 9}}
{"target": -1014.131582586071, "params": {"k_pid_pos": [0.9910150897898817, 0.1858933204888118, 0.24656989707222485], "k_pid_alt": [0.11440433034672759, 0.318959402334872, 0.3720843001085743], "k_pid_att": [32.52529437351253, 3.2935205289084486, 0.37296959288234494], "k_pid_yaw": [0.5, 1e-06, 0.1], "k_pid_hsp": [0.13609160792614042, 0.6225215322357047, 0.1674630196392332], "k_pid_vsp": [110.74992558657999, 3.0943599432153226, 27.318416480590905]}, "datetime": {"datetime": "2025-08-13 11:22:21", "elapsed": 5669.628967523575, "delta": 50.82813835144043}, "costs": {"total_cost": 1014.131582586071, "time_cost": 150, "final_distance_cost": 46.23576854599814, "oscillation_cost": 137.67189929594502, "completition_cost": 555.5555555555555, "overshoot_cost": 61.068329492185974, "power_cost": 31.961338305664064, "noise_cost": 31.63869139072217, "n_waypoints_completed": 4, "tot_waypoints": 9}}
{"target": -213.04306251797922, "params": {"k_pid_pos": [0.7374882565994726, 0.32660947540027296, 0.20332747067751672], "k_pid_alt": [1.7850534283215822, 0.0, 0.9008415645239181], "k_pid_att": [41.08382543558438, 3.6852961302901743, 0.2307188985600343], "k_pid_yaw": [0.5, 1e-06, 0.1], "k_pid_hsp": [3.2874770328362803, 0.0, 0.0], "k_pid_vsp": [208.04001230782936, 1e-06, 19.510930136240816]}, "datetime": {"datetime": "2025-08-13 11:22:55", "elapsed": 5703.271188259125, "delta": 33.64222073554993}, "costs": {"total_cost": 213.04306251797922, "time_cost": 79.69500000000001, "final_distance_cost": 1.8050598046584578, "oscillation_cost": 40.58465871497496, "completition_cost": 0.0, "overshoot_cost": 52.041926305920356, "power_cost": 19.598878454589844, "noise_cost": 19.317539237835597, "n_waypoints_completed": 9, "tot_waypoints": 9}}
{"target": -1241.5577932859708, "params": {"k_pid_pos": [0.2870062578157678, 0.8256372881146139, 0.5984086591358807], "k_pid_alt": [1.5320884305977405, 0.00983588534070658, 0.37728509060634596], "k_pid_att": [39.934462169749445, 3.1328926693247947, 0.5349647621658132], "k_pid_yaw": [0.5, 1e-06, 0.1], "k_pid_hsp": [0.9140065325557348, 0.03317545967042945, 0.09913273563039599], "k_pid_vsp": [199.8293829199154, 1e-06, 10.990791938464405]}, "datetime": {"datetime": "2025-08-13 11:23:50", "elapsed": 5758.39631652832, "delta": 55.12512826919556}, "costs": {"total_cost": 1241.5577932859708, "time_cost": 150, "final_distance_cost": 44.60464276630343, "oscillation_cost": 370.7738492284816, "completition_cost": 555.5555555555555, "overshoot_cost": 54.2880131177813, "power_cost": 35.46376787109375, "noise_cost": 30.871964746755282, "n_waypoints_completed": 4, "tot_waypoints": 9}}
{"target": -251.9973584164038, "params": {"k_pid_pos": [2.0, 0.8719184110750715, 0.18459414057129017], "k_pid_alt": [1.7047725100914128, 0.0, 0.7738718845210215], "k_pid_att": [20.42782772380655, 5.861507517822204, 0.14605246986674247], "k_pid_yaw": [0.5, 1e-06, 0.1], "k_pid_hsp": [4.2473031360213, 0.0, 0.0], "k_pid_vsp": [208.5981837940878, 17.002160225495626, 1e-06]}, "datetime": {"datetime": "2025-08-13 11:24:31", "elapsed": 5799.413889169693, "delta": 41.01757264137268}, "costs": {"total_cost": 251.9973584164038, "time_cost": 89.789, "final_distance_cost": 1.7462806060291314, "oscillation_cost": 55.78601573297787, "completition_cost": 0.0, "overshoot_cost": 58.000115297093075, "power_cost": 19.734187866210938, "noise_cost": 26.9417589140928, "n_waypoints_completed": 9, "tot_waypoints": 9}}
{"target": -211.58520136384334, "params": {"k_pid_pos": [0.7104243890064483, 0.06157549068117146, 0.6677323717119176], "k_pid_alt": [1.0920443737081542, 0.0, 1.0], "k_pid_att": [48.1315429065765, 3.256785630039918, 0.4126564006672333], "k_pid_yaw": [0.5, 1e-06, 0.1], "k_pid_hsp": [0.8871336085793976, 0.03376886559175808, 0.0], "k_pid_vsp": [317.6937991320807, 26.136265700323396, 1e-06]}, "datetime": {"datetime": "2025-08-13 11:25:10", "elapsed": 5838.3803906440735, "delta": 38.96650147438049}, "costs": {"total_cost": 211.58520136384334, "time_cost": 88.837, "final_distance_cost": 1.8493728492107817, "oscillation_cost": 26.08282586445508, "completition_cost": 0.0, "overshoot_cost": 53.161929012062046, "power_cost": 15.336736328125001, "noise_cost": 26.31733730999042, "n_waypoints_completed": 9, "tot_waypoints": 9}}
{"target": -1247.6568765032998, "params": {"k_pid_pos": [1.050527859022698, 0.16836750767176867, 0.2983102294356478], "k_pid_alt": [2.0, 0.0, 0.9042941826679521], "k_pid_att": [39.33643078162728, 3.634320874147976, 0.20905819783168747], "k_pid_yaw": [0.5, 1e-06, 0.1], "k_pid_hsp": [0.0001, 0.0, 0.0], "k_pid_vsp": [202.08190563683172, 1e-06, 10.787013582819018]}, "datetime": {"datetime": "2025-08-13 11:26:01", "elapsed": 5889.287069559097, "delta": 50.906678915023804}, "costs": {"total_cost": 1247.6568765032998, "time_cost": 150, "final_distance_cost": 48.69895771471178, "oscillation_cost": 3.2256785413534064, "completition_cost": 888.8888888888888, "overshoot_cost": 105.48106187867387, "power_cost": 27.069958203125, "noise_cost": 24.29233127654697, "n_waypoints_completed": 1, "tot_waypoints": 9}}
{"target": -238.6499917902733, "params": {"k_pid_pos": [0.4484595470535453, 0.23027573706021326, 0.07385372698740879], "k_pid_alt": [1.360680854664926, 0.0, 0.9432220620450711], "k_pid_att": [50.28150269762411, 4.223892453472568, 0.18913819164828166], "k_pid_yaw": [0.5, 1e-06, 0.1], "k_pid_hsp": [0.07090369203095352, 0.0, 0.0], "k_pid_vsp": [179.57574585184406, 28.717589878633298, 1e-06]}, "datetime": {"datetime": "2025-08-13 11:26:48", "elapsed": 5936.334025859833, "delta": 47.046956300735474}, "costs": {"total_cost": 238.6499917902733, "time_cost": 108.934, "final_distance_cost": 1.7925152849800128, "oscillation_cost": 20.438346743615305, "completition_cost": 0.0, "overshoot_cost": 55.58782637244063, "power_cost": 20.764778259277346, "noise_cost": 31.132525129960033, "n_waypoints_completed": 9, "tot_waypoints": 9}}
{"target": -245.7532289372395, "params": {"k_pid_pos": [0.47272505747439564, 0.08944338954332837, 0.1789538010005056], "k_pid_alt": [1.520247035839387, 0.16818799100128545, 0.967422116406342], "k_pid_att": [47.36715859354221, 4.705635885368635, 0.958177348945141], "k_pid_yaw": [0.5, 1e-06, 0.1], "k_pid_hsp": [2.962367826371792, 0.0, 0.0], "k_pid_vsp": [176.5282075423993, 1e-06, 11.37578377507256]}, "datetime": {"datetime": "2025-08-13 11:27:33", "elapsed": 5981.049041986465, "delta": 44.71501612663269}, "costs": {"total_cost": 245.7532289372395, "time_cost": 105.973, "final_distance_cost": 1.8011872424485118, "oscillation_cost": 29.52453190897689, "completition_cost": 0.0, "overshoot_cost": 54.424053950829176, "power_cost": 27.272687829589845, "noise_cost": 26.757768005395103, "n_waypoints_completed": 9, "tot_waypoints": 9}}
{"target": -1305.2659653963879, "params": {"k_pid_pos": [0.7549769287806669, 0.17351956806543972, 0.16244271553234285], "k_pid_alt": [1.5506036210436265, 0.0, 0.9501468926156188], "k_pid_att": [42.892255762299946, 3.628174043460453, 0.17778618458267006], "k_pid_yaw": [0.5, 1e-06, 0.1], "k_pid_hsp": [0.0001, 0.10336777583689316, 0.0], "k_pid_vsp": [241.26180780924898, 17.176066435303756, 13.492665437980158]}, "datetime": {"datetime": "2025-08-13 11:28:25", "elapsed": 6033.032506942749, "delta": 51.98346495628357}, "costs": {"total_cost": 1305.2659653963879, "time_cost": 150, "final_distance_cost": 93.84356313220779, "oscillation_cost": 116.99853871907584, "completition_cost": 777.7777777777778, "overshoot_cost": 106.39493239653046, "power_cost": 30.98470506591797, "noise_cost": 29.266448304877947, "n_waypoints_completed": 2, "tot_waypoints": 9}}
{"target": -189.85738471892518, "params": {"k_pid_pos": [0.5480476010449393, 0.0, 0.17530740705771725], "k_pid_alt": [1.4483330179823226, 0.0, 0.9779495576016917], "k_pid_att": [44.995491938542, 3.7616113026931055, 0.24111775553710021], "k_pid_yaw": [0.5, 1e-06, 0.1], "k_pid_hsp": [0.13804725643765414, 0.0, 0.0], "k_pid_vsp": [192.51819052813758, 1e-06, 2.3053438219229205]}, "datetime": {"datetime": "2025-08-13 11:29:00", "elapsed": 6068.160757303238, "delta": 35.12825036048889}, "costs": {"total_cost": 189.85738471892518, "time_cost": 80.675, "final_distance_cost": 1.8525138686296152, "oscillation_cost": 23.116051570468702, "completition_cost": 0.0, "overshoot_cost": 52.713644707373, "power_cost": 9.549610095214843, "noise_cost": 21.95056447723903, "n_waypoints_completed": 9, "tot_waypoints": 9}}
{"target": -1246.0211171909048, "params": {"k_pid_pos": [0.3299343048137665, 0.15018273618995576, 0.18580574639173547], "k_pid_alt": [1.6690423758868054, 0.0, 1.0], "k_pid_att": [38.20805176519521, 3.741145532978665, 0.19754551262097456], "k_pid_yaw": [0.5, 1e-06, 0.1], "k_pid_hsp": [0.0001, 0.0, 0.013878715323044015], "k_pid_vsp": [217.87043861158722, 21.78435845617008, 10.819212836719409]}, "datetime": {"datetime": "2025-08-13 11:29:56", "elapsed": 6124.434496164322, "delta": 56.273738861083984}, "costs": {"total_cost": 1246.0211171909048, "time_cost": 150, "final_distance_cost": 56.91956237911789, "oscillation_cost": 23.712410221434553, "completition_cost": 888.8888888888888, "overshoot_cost": 64.84434457051216, "power_cost": 32.0758430053711, "noise_cost": 29.58006812558009, "n_waypoints_completed": 1, "tot_waypoints": 9}}
{"target": -1184.6136835337484, "params": {"k_pid_pos": [0.6016602801194222, 0.18709614190005652, 0.14398602757118723], "k_pid_alt": [1.4866108703169243, 0.0, 1.0], "k_pid_att": [40.19774557334565, 4.3121827021341685, 0.09676964978852118], "k_pid_yaw": [0.5, 1e-06, 0.1], "k_pid_hsp": [0.0001, 0.030714700570224237, 0.0], "k_pid_vsp": [290.00667439142063, 37.898331282083305, 1e-06]}, "datetime": {"datetime": "2025-08-13 11:30:49", "elapsed": 6177.178281068802, "delta": 52.74378490447998}, "costs": {"total_cost": 1184.6136835337484, "time_cost": 150, "final_distance_cost": 94.71338468286844, "oscillation_cost": 19.55466263821288, "completition_cost": 777.7777777777778, "overshoot_cost": 91.57856646339857, "power_cost": 18.667685205078126, "noise_cost": 32.32160676641244, "n_waypoints_completed": 2, "tot_waypoints": 9}}
{"target": -22728.82464165623, "params": {"k_pid_pos": [0.7654724157431879, 0.09265615166800348, 0.3077484461019016], "k_pid_alt": [1.2487879094595795, 0.012086449431523372, 0.8103895680090156], "k_pid_att": [0.0, 4.726668214957068, 0.0685869979669409], "k_pid_yaw": [0.5, 1e-06, 0.1], "k_pid_hsp": [10.0, 0.3559913874316042, 0.0], "k_pid_vsp": [112.01189885718237, 170.45067630813531, 165.08325719545817]}, "datetime": {"datetime": "2025-08-13 11:31:39", "elapsed": 6227.67821097374, "delta": 50.499929904937744}, "costs": {"total_cost": 22728.82464165623, "time_cost": 150, "final_distance_cost": 6745.502352509091, "oscillation_cost": 2229.74213845715, "completition_cost": 1000.0, "overshoot_cost": 12395.237744861755, "power_cost": 56.43024407958985, "noise_cost": 151.91216174864297, "n_waypoints_completed": 0, "tot_waypoints": 9}}
{"target": -1240.2588174990428, "params": {"k_pid_pos": [0.0001, 0.16366466374687255, 0.16162007853076224], "k_pid_alt": [1.2460298574502855, 0.0, 1.0], "k_pid_att": [39.48987338241119, 5.00082811371656, 0.05900008037881131], "k_pid_yaw": [0.5, 1e-06, 0.1], "k_pid_hsp": [0.00889662147836999, 0.07740088667695208, 0.0], "k_pid_vsp": [222.18509891632402, 6.431970083686986, 1e-06]}, "datetime": {"datetime": "2025-08-13 11:32:30", "elapsed": 6278.663279771805, "delta": 50.985068798065186}, "costs": {"total_cost": 1240.2588174990428, "time_cost": 150, "final_distance_cost": 67.80171555882764, "oscillation_cost": 15.085773821105056, "completition_cost": 888.8888888888888, "overshoot_cost": 59.60056072839501, "power_cost": 24.77258360595703, "noise_cost": 34.10929489586938, "n_waypoints_completed": 1, "tot_waypoints": 9}}
{"target": -736.2123846302148, "params": {"k_pid_pos": [0.5742090757953331, 0.4308849664594051, 0.31642948363726864], "k_pid_alt": [1.2816748293554407, 0.26570063869131744, 0.9252401360747817], "k_pid_att": [49.47564559147102, 3.5870905355063387, 0.26153711557823656], "k_pid_yaw": [0.5, 1e-06, 0.1], "k_pid_hsp": [6.197180279757043, 0.0, 0.26982606282872557], "k_pid_vsp": [196.21016081689802, 1e-06, 31.98546714135981]}, "datetime": {"datetime": "2025-08-13 11:33:19", "elapsed": 6327.057967424393, "delta": 48.39468765258789}, "costs": {"total_cost": 736.2123846302148, "time_cost": 113.295, "final_distance_cost": 1.7491226430898303, "oscillation_cost": 501.63264959630055, "completition_cost": 0.0, "overshoot_cost": 56.79110042002886, "power_cost": 34.479441821289065, "noise_cost": 28.265070149506574, "n_waypoints_completed": 9, "tot_waypoints": 9}}
{"target": -1256.0285591437682, "params": {"k_pid_pos": [0.7289098886004501, 0.19014042610882465, 0.16797953334859222], "k_pid_alt": [1.5246100320853622, 0.0, 0.9340641192906222], "k_pid_att": [31.694726443241017, 3.416421121987312, 0.18597557708946907], "k_pid_yaw": [0.5, 1e-06, 0.1], "k_pid_hsp": [0.0001, 0.008465114850698587, 0.0], "k_pid_vsp": [161.52234456346093, 1e-06, 11.796876425020706]}, "datetime": {"datetime": "2025-08-13 11:34:11", "elapsed": 6379.190343379974, "delta": 52.132375955581665}, "costs": {"total_cost": 1256.0285591437682, "time_cost": 150, "final_distance_cost": 59.63460088962616, "oscillation_cost": 5.6029951728821095, "completition_cost": 888.8888888888888, "overshoot_cost": 102.27120748794204, "power_cost": 24.516683850097657, "noise_cost": 25.114182854331265, "n_waypoints_completed": 1, "tot_waypoints": 9}}
{"target": -1215.749252056142, "params": {"k_pid_pos": [0.8147273686778819, 0.0, 0.21046642105958066], "k_pid_alt": [1.5984073515991728, 0.0018539020354577385, 1.0], "k_pid_att": [39.535207289283946, 3.724910871280503, 0.5135499148838847], "k_pid_yaw": [0.5, 1e-06, 0.1], "k_pid_hsp": [0.0001, 0.0486236567176503, 0.0], "k_pid_vsp": [203.96192878726802, 25.628281061772213, 59.847290703970046]}, "datetime": {"datetime": "2025-08-13 11:35:03", "elapsed": 6431.163084745407, "delta": 51.97274136543274}, "costs": {"total_cost": 1215.749252056142, "time_cost": 150, "final_distance_cost": 95.6052506174878, "oscillation_cost": 39.656041437231366, "completition_cost": 777.7777777777778, "overshoot_cost": 100.26028487494885, "power_cost": 27.00028917236328, "noise_cost": 25.44960817633303, "n_waypoints_completed": 2, "tot_waypoints": 9}}
{"target": -1306.0208209264893, "params": {"k_pid_pos": [0.4141261272663521, 0.22239056342746993, 0.16522247299840437], "k_pid_alt": [1.873363868856425, 0.08247254922128122, 0.6970712794642839], "k_pid_att": [33.98485741251413, 7.056953412924127, 0.09928411758072636], "k_pid_yaw": [0.5, 1e-06, 0.1], "k_pid_hsp": [0.0001, 0.0, 0.0], "k_pid_vsp": [195.60983572627464, 9.517248385562304, 7.069495438842765]}, "datetime": {"datetime": "2025-08-13 11:35:54", "elapsed": 6482.460015296936, "delta": 51.29693055152893}, "costs": {"total_cost": 1306.0208209264893, "time_cost": 150, "final_distance_cost": 12.24030254172995, "oscillation_cost": 0.47505225065284656, "completition_cost": 888.8888888888888, "overshoot_cost": 119.91424019578771, "power_cost": 45.07974892578125, "noise_cost": 89.42258812364862, "n_waypoints_completed": 1, "tot_waypoints": 9}}
{"target": -3382.9297666294096, "params": {"k_pid_pos": [0.2921067291473829, 0.3226192067972676, 0.11352656049488782], "k_pid_alt": [1.9052068495531238, 0.0, 1.0], "k_pid_att": [0.24214126251262158, 2.7710355285933908, 0.2085028523061052], "k_pid_yaw": [0.5, 1e-06, 0.1], "k_pid_hsp": [1.3845247570559196, 0.09985072312126553, 0.31243449801595646], "k_pid_vsp": [176.9314922157914, 23.17207978341291, 1e-06]}, "datetime": {"datetime": "2025-08-13 11:36:45", "elapsed": 6533.455559492111, "delta": 50.99554419517517}, "costs": {"total_cost": 3382.9297666294096, "time_cost": 150, "final_distance_cost": 267.9828085857982, "oscillation_cost": 1198.03697849338, "completition_cost": 1000.0, "overshoot_cost": 555.758490882511, "power_cost": 54.15528151855469, "noise_cost": 156.99620714916588, "n_waypoints_completed": 0, "tot_waypoints": 9}}
{"target": -200.00419704890027, "params": {"k_pid_pos": [0.704814747403804, 0.20078491960278172, 0.1889531966983668], "k_pid_alt": [1.3857575427177398, 0.0, 0.7620619709684054], "k_pid_att": [12.569079881483393, 3.403694827858665, 0.36393499145234864], "k_pid_yaw": [0.5, 1e-06, 0.1], "k_pid_hsp": [1.709348317410107, 0.0, 0.0], "k_pid_vsp": [281.2488053727544, 17.995495251564204, 1e-06]}, "datetime": {"datetime": "2025-08-13 11:37:18", "elapsed": 6566.626966714859, "delta": 33.1714072227478}, "costs": {"total_cost": 200.00419704890027, "time_cost": 78.274, "final_distance_cost": 1.8350184532689051, "oscillation_cost": 31.834816243735638, "completition_cost": 0.0, "overshoot_cost": 51.976178527726645, "power_cost": 13.478410412597658, "noise_cost": 22.60577341157143, "n_waypoints_completed": 9, "tot_waypoints": 9}}
{"target": -214.81348324784167, "params": {"k_pid_pos": [0.45978270235324215, 0.13446644533857635, 0.028899505948404985], "k_pid_alt": [1.5376355882671353, 0.0, 1.0], "k_pid_att": [53.07262114940209, 2.842988569963958, 0.0804073434816045], "k_pid_yaw": [0.5, 1e-06, 0.1], "k_pid_hsp": [0.14212409989839564, 0.0, 0.0], "k_pid_vsp": [234.5178319862681, 37.04527793442287, 1e-06]}, "datetime": {"datetime": "2025-08-13 11:37:54", "elapsed": 6602.741525888443, "delta": 36.114559173583984}, "costs": {"total_cost": 214.81348324784167, "time_cost": 85.72200000000001, "final_distance_cost": 1.8216177108848148, "oscillation_cost": 25.174607790284206, "completition_cost": 0.0, "overshoot_cost": 52.958683284681875, "power_cost": 22.68071188964844, "noise_cost": 26.45586257234232, "n_waypoints_completed": 9, "tot_waypoints": 9}}
{"target": -435.41695245556247, "params": {"k_pid_pos": [0.46179847348458436, 0.26227327663783234, 0.006874174860850433], "k_pid_alt": [1.4175528555377228, 0.48885419882342773, 0.8532576665011896], "k_pid_att": [27.78819468001721, 6.5818240075961505, 0.004896194350102329], "k_pid_yaw": [0.5, 1e-06, 0.1], "k_pid_hsp": [8.685207256744444, 0.0, 0.0], "k_pid_vsp": [202.14795361288037, 1e-06, 12.266518589101265]}, "datetime": {"datetime": "2025-08-13 11:38:38", "elapsed": 6646.810532093048, "delta": 44.0690062046051}, "costs": {"total_cost": 435.41695245556247, "time_cost": 101.465, "final_distance_cost": 1.7957375138079474, "oscillation_cost": 218.19424013924862, "completition_cost": 0.0, "overshoot_cost": 56.081915891444964, "power_cost": 29.595361486816408, "noise_cost": 28.28469742424452, "n_waypoints_completed": 9, "tot_waypoints": 9}}
