{"target": -180.30721453963415, "params": {"k_pid_pos": [0.8905883796392511, 0.0, 0.045203093188248014], "k_pid_alt": [1.9840994401064702, 0.0, 0.9863553571558085], "k_pid_att": [31.560381217406636, 3.6509074519958578, 0.27044525945999304], "k_pid_yaw": [0.5, 1e-06, 0.1], "k_pid_hsp": [0.11207132276816532, 0.0, 0.0], "k_pid_vsp": [122.41433500626324, 44.061875814060485, 1e-06]}, "datetime": {"datetime": "2025-08-13 22:38:14", "elapsed": 46222.911071538925, "delta": 17.0565083026886}, "costs": {"total_cost": 180.30721453963415, "time_cost": 70.959, "final_distance_cost": 1.8141997661274178, "oscillation_cost": 25.56157898361876, "completition_cost": 0.0, "overshoot_cost": 50.93996972725492, "power_cost": 11.007749377441407, "noise_cost": 20.024716685191656, "n_waypoints_completed": 9, "tot_waypoints": 9}}
{"target": -188.3048168031348, "params": {"k_pid_pos": [1.4076613305497134, 0.0, 0.032135904485597694], "k_pid_alt": [1.8461495621637858, 0.0, 0.9482833139376838], "k_pid_att": [32.99970460995447, 3.622023485348114, 0.2697891988731661], "k_pid_yaw": [0.5, 1e-06, 0.1], "k_pid_hsp": [0.23916922591086848, 0.0, 0.0], "k_pid_vsp": [126.81388471203205, 42.09933960483285, 1e-06]}, "datetime": {"datetime": "2025-08-13 22:38:33", "elapsed": 46241.16495347023, "delta": 18.25388193130493}, "costs": {"total_cost": 188.3048168031348, "time_cost": 69.86, "final_distance_cost": 1.801767396281108, "oscillation_cost": 31.493359628249262, "completition_cost": 0.0, "overshoot_cost": 50.598540690111804, "power_cost": 14.013412805175783, "noise_cost": 20.537736283316843, "n_waypoints_completed": 9, "tot_waypoints": 9}}
{"target": -186.55224804249946, "params": {"k_pid_pos": [0.9382795335700355, 0.0, 0.07261638591566363], "k_pid_alt": [1.8360811098242644, 0.0, 0.9093440230385997], "k_pid_att": [32.754660988377594, 3.5106678565634266, 0.266733529425764], "k_pid_yaw": [0.5, 1e-06, 0.1], "k_pid_hsp": [0.11261240061996047, 0.0, 0.0], "k_pid_vsp": [126.1101954456729, 34.703498762775126, 1e-06]}, "datetime": {"datetime": "2025-08-13 22:38:50", "elapsed": 46258.28092765808, "delta": 17.115974187850952}, "costs": {"total_cost": 186.55224804249946, "time_cost": 71.351, "final_distance_cost": 1.824688245020433, "oscillation_cost": 25.756975599736368, "completition_cost": 0.0, "overshoot_cost": 51.42306998244772, "power_cost": 14.933060778808594, "noise_cost": 21.26345343648633, "n_waypoints_completed": 9, "tot_waypoints": 9}}
{"target": -184.97189178792303, "params": {"k_pid_pos": [0.6880802035733741, 0.0, 0.027865534226718707], "k_pid_alt": [1.922516698379247, 0.0, 0.9427462801086257], "k_pid_att": [32.731334599965486, 3.7165854324976944, 0.2813426307395068], "k_pid_yaw": [0.5, 1e-06, 0.1], "k_pid_hsp": [0.12199881085626241, 0.0, 0.0], "k_pid_vsp": [120.29495968163877, 41.6670063090294, 1e-06]}, "datetime": {"datetime": "2025-08-13 22:39:09", "elapsed": 46277.537687301636, "delta": 19.256759643554688}, "costs": {"total_cost": 184.97189178792303, "time_cost": 72.149, "final_distance_cost": 1.8143337752813877, "oscillation_cost": 23.42120360176211, "completition_cost": 0.0, "overshoot_cost": 51.13578381553588, "power_cost": 14.740954711914064, "noise_cost": 21.71061588342957, "n_waypoints_completed": 9, "tot_waypoints": 9}}
{"target": -187.26351630601857, "params": {"k_pid_pos": [0.8503841332952009, 0.0, 0.09078567616166291], "k_pid_alt": [1.7965928114995053, 0.0, 0.949923845220739], "k_pid_att": [33.24921105650164, 3.646772677963011, 0.2684001204599686], "k_pid_yaw": [0.5, 1e-06, 0.1], "k_pid_hsp": [0.12581838277521876, 0.0, 0.0], "k_pid_vsp": [136.9819841954995, 50.29453726852273, 1e-06]}, "datetime": {"datetime": "2025-08-13 22:39:29", "elapsed": 46297.14066076279, "delta": 19.602973461151123}, "costs": {"total_cost": 187.26351630601857, "time_cost": 71.519, "final_distance_cost": 1.835074572418419, "oscillation_cost": 25.458984069556816, "completition_cost": 0.0, "overshoot_cost": 51.55929231957896, "power_cost": 15.363990454101563, "noise_cost": 21.527174890362787, "n_waypoints_completed": 9, "tot_waypoints": 9}}
{"target": -191.7485777859611, "params": {"k_pid_pos": [0.8681500381975955, 0.0, 0.0016888498298522209], "k_pid_alt": [1.3060443617064839, 0.0, 0.9752754498525996], "k_pid_att": [31.156741855110976, 3.3998340190860756, 0.2941338811837477], "k_pid_yaw": [0.5, 1e-06, 0.1], "k_pid_hsp": [0.2210939534559202, 0.0, 0.0], "k_pid_vsp": [99.39128023995207, 26.249157758766014, 1e-06]}, "datetime": {"datetime": "2025-08-13 22:39:49", "elapsed": 46317.41833591461, "delta": 20.27767515182495}, "costs": {"total_cost": 191.7485777859611, "time_cost": 73.255, "final_distance_cost": 1.8460825802830536, "oscillation_cost": 27.379188670168027, "completition_cost": 0.0, "overshoot_cost": 50.89139121756318, "power_cost": 16.479371337890626, "noise_cost": 21.89754398005622, "n_waypoints_completed": 9, "tot_waypoints": 9}}
{"target": -186.38684516764712, "params": {"k_pid_pos": [0.9565599720466125, 0.0, 0.0], "k_pid_alt": [1.5741236562640464, 0.0, 0.9562342066186222], "k_pid_att": [33.95058730123024, 3.7702496858782943, 0.2763008726609484], "k_pid_yaw": [0.5, 1e-06, 0.1], "k_pid_hsp": [0.2808418419157638, 0.0, 0.0], "k_pid_vsp": [94.23503107239233, 42.70939557721748, 1e-06]}, "datetime": {"datetime": "2025-08-13 22:40:06", "elapsed": 46334.23033452034, "delta": 16.81199860572815}, "costs": {"total_cost": 186.38684516764712, "time_cost": 70.96600000000001, "final_distance_cost": 1.8392475301635087, "oscillation_cost": 28.622025549759343, "completition_cost": 0.0, "overshoot_cost": 50.23030266521804, "power_cost": 13.83259736328125, "noise_cost": 20.89667205922499, "n_waypoints_completed": 9, "tot_waypoints": 9}}
{"target": -189.2295265651984, "params": {"k_pid_pos": [0.8096478558452502, 0.0, 0.0019256892352860445], "k_pid_alt": [1.9097531122799105, 0.0, 0.9491896859990803], "k_pid_att": [34.51089440469314, 3.66109052484354, 0.26815248861357777], "k_pid_yaw": [0.5, 1e-06, 0.1], "k_pid_hsp": [0.11205282991911655, 0.0, 0.0], "k_pid_vsp": [131.1191242771422, 43.99507305595115, 1e-06]}, "datetime": {"datetime": "2025-08-13 22:40:24", "elapsed": 46352.74847435951, "delta": 18.518139839172363}, "costs": {"total_cost": 189.2295265651984, "time_cost": 72.03, "final_distance_cost": 1.8129780597758174, "oscillation_cost": 24.63698446062608, "completition_cost": 0.0, "overshoot_cost": 51.58887303423699, "power_cost": 17.206949108886718, "noise_cost": 21.953741901672792, "n_waypoints_completed": 9, "tot_waypoints": 9}}
{"target": -180.36208353784542, "params": {"k_pid_pos": [0.6688551413034773, 0.0005109570155516288, 0.0071715644464853505], "k_pid_alt": [2.0, 0.0, 0.915509652250471], "k_pid_att": [32.4260912035473, 3.4152498675639715, 0.24911391707553046], "k_pid_yaw": [0.5, 1e-06, 0.1], "k_pid_hsp": [0.16895533523359307, 0.0, 0.0], "k_pid_vsp": [159.20843690777625, 47.51726694603215, 1e-06]}, "datetime": {"datetime": "2025-08-13 22:40:41", "elapsed": 46369.69714856148, "delta": 16.948674201965332}, "costs": {"total_cost": 180.36208353784542, "time_cost": 71.897, "final_distance_cost": 1.8336070146212797, "oscillation_cost": 25.15448111930018, "completition_cost": 0.0, "overshoot_cost": 50.61988384951849, "power_cost": 10.524988122558595, "noise_cost": 20.332123431846863, "n_waypoints_completed": 9, "tot_waypoints": 9}}
{"target": -177.62964485993, "params": {"k_pid_pos": [0.7767031869344179, 0.0, 0.0035443295243409167], "k_pid_alt": [1.87277397682933, 0.0, 0.9472460540847961], "k_pid_att": [42.65388715443663, 3.295929281536643, 0.2604315242553447], "k_pid_yaw": [0.5, 1e-06, 0.1], "k_pid_hsp": [0.13860015003665244, 0.0, 0.0], "k_pid_vsp": [170.71401979586597, 21.480733221754143, 1e-06]}, "datetime": {"datetime": "2025-08-13 22:41:00", "elapsed": 46388.56265306473, "delta": 18.865504503250122}, "costs": {"total_cost": 177.62964485993, "time_cost": 71.554, "final_distance_cost": 1.814650743945702, "oscillation_cost": 25.86606171017482, "completition_cost": 0.0, "overshoot_cost": 50.95891687179672, "power_cost": 8.42671064453125, "noise_cost": 19.009304889481527, "n_waypoints_completed": 9, "tot_waypoints": 9}}
{"target": -184.08292326663218, "params": {"k_pid_pos": [1.6187962064526629, 0.0, 0.007058784127582117], "k_pid_alt": [1.8591148702388947, 0.0, 0.9768454054359272], "k_pid_att": [33.535068213267095, 3.6053176856182776, 0.26893418984834017], "k_pid_yaw": [0.5, 1e-06, 0.1], "k_pid_hsp": [0.125541479041111, 0.0, 0.0], "k_pid_vsp": [139.8956096652668, 41.16894494985473, 1e-06]}, "datetime": {"datetime": "2025-08-13 22:41:19", "elapsed": 46407.61134648323, "delta": 19.048693418502808}, "costs": {"total_cost": 184.08292326663218, "time_cost": 70.595, "final_distance_cost": 1.7551728526274102, "oscillation_cost": 31.963226138936808, "completition_cost": 0.0, "overshoot_cost": 51.30740652036027, "power_cost": 9.308769433593751, "noise_cost": 19.15334832111394, "n_waypoints_completed": 9, "tot_waypoints": 9}}
{"target": -193.27739248914082, "params": {"k_pid_pos": [1.016562890163144, 0.0, 0.03418513488432193], "k_pid_alt": [1.9011606222449886, 0.0, 0.9638885490216059], "k_pid_att": [35.21426023688888, 3.7104880024361035, 0.2948924226167316], "k_pid_yaw": [0.5, 1e-06, 0.1], "k_pid_hsp": [0.07250769614767902, 0.0, 0.0], "k_pid_vsp": [86.02316587392674, 30.75282321581524, 1e-06]}, "datetime": {"datetime": "2025-08-13 22:41:38", "elapsed": 46426.34171652794, "delta": 18.730370044708252}, "costs": {"total_cost": 193.27739248914082, "time_cost": 75.229, "final_distance_cost": 1.8049165948692274, "oscillation_cost": 25.325718719172837, "completition_cost": 0.0, "overshoot_cost": 52.691876330325734, "power_cost": 15.754473217773437, "noise_cost": 22.471407626999586, "n_waypoints_completed": 9, "tot_waypoints": 9}}
{"target": -178.4617065277718, "params": {"k_pid_pos": [0.6464479903733267, 0.0, 0.01249023574517829], "k_pid_alt": [1.8937453400405213, 0.0, 0.9465634110114232], "k_pid_att": [33.46143417420993, 3.6359223896112276, 0.2757405677495354], "k_pid_yaw": [0.5, 1e-06, 0.1], "k_pid_hsp": [0.11603929606758738, 0.0, 0.0], "k_pid_vsp": [125.69367120416221, 46.22923157357876, 1e-06]}, "datetime": {"datetime": "2025-08-13 22:41:56", "elapsed": 46444.36951828003, "delta": 18.027801752090454}, "costs": {"total_cost": 178.4617065277718, "time_cost": 72.21900000000001, "final_distance_cost": 1.8334243092504312, "oscillation_cost": 22.667016620417233, "completition_cost": 0.0, "overshoot_cost": 51.04379311681112, "power_cost": 10.419239611816407, "noise_cost": 20.279232869476612, "n_waypoints_completed": 9, "tot_waypoints": 9}}
{"target": -628.831810436112, "params": {"k_pid_pos": [0.8309309412916007, 0.00396801851409906, 0.04683493728800365], "k_pid_alt": [2.0, 0.0, 0.9715122509001876], "k_pid_att": [33.90456935073824, 3.6083719636134064, 0.2671680666110765], "k_pid_yaw": [0.5, 1e-06, 0.1], "k_pid_hsp": [0.03983345130689367, 0.0, 0.0], "k_pid_vsp": [3.8214822556405466, 32.66254121001084, 1e-06]}, "datetime": {"datetime": "2025-08-13 22:42:25", "elapsed": 46473.80754828453, "delta": 29.438030004501343}, "costs": {"total_cost": 628.831810436112, "time_cost": 150, "final_distance_cost": 62.54610303666762, "oscillation_cost": 16.302016035057964, "completition_cost": 222.2222222222222, "overshoot_cost": 73.58419449480506, "power_cost": 41.78925876464844, "noise_cost": 62.38801588271078, "n_waypoints_completed": 7, "tot_waypoints": 9}}
{"target": -189.60413409217273, "params": {"k_pid_pos": [0.9022738898041948, 0.0, 0.05416795110581775], "k_pid_alt": [1.9068356303569356, 0.0, 0.9475167027681362], "k_pid_att": [36.98443797546451, 2.9830608460170986, 0.2387842116959178], "k_pid_yaw": [0.5, 1e-06, 0.1], "k_pid_hsp": [0.10382154915514327, 0.0, 0.0], "k_pid_vsp": [116.7659222591468, 39.78515040492136, 1e-06]}, "datetime": {"datetime": "2025-08-13 22:42:43", "elapsed": 46491.610221624374, "delta": 17.80267333984375}, "costs": {"total_cost": 189.60413409217273, "time_cost": 71.869, "final_distance_cost": 1.813887813970354, "oscillation_cost": 25.20734082269923, "completition_cost": 0.0, "overshoot_cost": 51.83397831007447, "power_cost": 17.074898364257812, "noise_cost": 21.805028781170837, "n_waypoints_completed": 9, "tot_waypoints": 9}}
{"target": -181.743316073641, "params": {"k_pid_pos": [0.6607327638717619, 0.0, 0.01498617465391349], "k_pid_alt": [1.9760434382016128, 0.0, 0.9480308675603273], "k_pid_att": [33.96139923891231, 3.7379772618957934, 0.27692541821815064], "k_pid_yaw": [0.5, 1e-06, 0.1], "k_pid_hsp": [0.1243409529772784, 0.0, 0.0], "k_pid_vsp": [58.482728170367096, 53.798124381299424, 1e-06]}, "datetime": {"datetime": "2025-08-13 22:43:02", "elapsed": 46510.17780852318, "delta": 18.56758689880371}, "costs": {"total_cost": 181.743316073641, "time_cost": 71.82000000000001, "final_distance_cost": 1.818548387172093, "oscillation_cost": 23.98843243681909, "completition_cost": 0.0, "overshoot_cost": 50.993047468746816, "power_cost": 12.296540209960938, "noise_cost": 20.826747570942082, "n_waypoints_completed": 9, "tot_waypoints": 9}}
{"target": -199.50481357637008, "params": {"k_pid_pos": [0.7956987588065146, 0.0, 0.0], "k_pid_alt": [1.8396750473283403, 0.0, 0.9500566623983675], "k_pid_att": [33.27223497594025, 3.508005355497963, 0.27945963938376445], "k_pid_yaw": [0.5, 1e-06, 0.1], "k_pid_hsp": [0.11635357698567679, 0.0, 0.0], "k_pid_vsp": [128.40266018809564, 42.912534631209724, 1e-06]}, "datetime": {"datetime": "2025-08-13 22:43:19", "elapsed": 46527.18076491356, "delta": 17.00295639038086}, "costs": {"total_cost": 199.50481357637008, "time_cost": 72.541, "final_distance_cost": 1.8062120396643049, "oscillation_cost": 24.711208057074945, "completition_cost": 0.0, "overshoot_cost": 52.53337287283758, "power_cost": 23.883878247070314, "noise_cost": 24.02914235972295, "n_waypoints_completed": 9, "tot_waypoints": 9}}
{"target": -192.09874623889567, "params": {"k_pid_pos": [0.9381484495606289, 0.0, 0.134122369196021], "k_pid_alt": [1.8677704094662277, 0.0, 0.9502631588007601], "k_pid_att": [33.72219264953375, 3.3417465745683907, 0.2735619152815533], "k_pid_yaw": [0.5, 1e-06, 0.1], "k_pid_hsp": [0.1335300260990192, 0.0, 0.0], "k_pid_vsp": [41.895718862256075, 11.487004674297683, 1e-06]}, "datetime": {"datetime": "2025-08-13 22:43:39", "elapsed": 46547.040043354034, "delta": 19.859278440475464}, "costs": {"total_cost": 192.09874623889567, "time_cost": 71.897, "final_distance_cost": 1.834147178929004, "oscillation_cost": 25.943733500523912, "completition_cost": 0.0, "overshoot_cost": 51.624779841519114, "power_cost": 18.235001196289062, "noise_cost": 22.564084521634587, "n_waypoints_completed": 9, "tot_waypoints": 9}}
{"target": -1245.6880368062432, "params": {"k_pid_pos": [1.1844479435468023, 0.0, 0.02010732997098203], "k_pid_alt": [1.7180948866685335, 0.0, 0.8726534691463143], "k_pid_att": [33.90954996799536, 3.9634205354900267, 0.25131947966470486], "k_pid_yaw": [0.5, 1e-06, 0.1], "k_pid_hsp": [0.0001, 0.0, 0.0], "k_pid_vsp": [52.422949150927145, 46.84858432785745, 1e-06]}, "datetime": {"datetime": "2025-08-13 22:44:09", "elapsed": 46577.09321284294, "delta": 30.05316948890686}, "costs": {"total_cost": 1245.6880368062432, "time_cost": 150, "final_distance_cost": 48.262968649535324, "oscillation_cost": 0.014065698201191868, "completition_cost": 888.8888888888888, "overshoot_cost": 104.6767373494473, "power_cost": 20.873006591796877, "noise_cost": 32.972369628373855, "n_waypoints_completed": 1, "tot_waypoints": 9}}
{"target": -1243.6258032245798, "params": {"k_pid_pos": [0.7129002797279319, 0.0, 0.05781326808923477], "k_pid_alt": [2.0, 0.0, 0.9582918625170991], "k_pid_att": [33.65965427985396, 3.4504546512987937, 0.3152970270438668], "k_pid_yaw": [0.5, 1e-06, 0.1], "k_pid_hsp": [0.0001, 0.0, 0.0], "k_pid_vsp": [112.7752982769649, 14.247454695544075, 1e-06]}, "datetime": {"datetime": "2025-08-13 22:44:37", "elapsed": 46605.683668375015, "delta": 28.590455532073975}, "costs": {"total_cost": 1243.6258032245798, "time_cost": 150, "final_distance_cost": 46.198769731405285, "oscillation_cost": 0.1563062781250025, "completition_cost": 888.8888888888888, "overshoot_cost": 89.4061406133575, "power_cost": 33.560957482910155, "noise_cost": 35.41474022989296, "n_waypoints_completed": 1, "tot_waypoints": 9}}
{"target": -178.99885483280917, "params": {"k_pid_pos": [0.8653850496969036, 0.0, 0.017231822034207596], "k_pid_alt": [1.885314714553658, 0.0, 0.9305020583246448], "k_pid_att": [34.511425129657404, 3.3467215062021305, 0.27437279513818036], "k_pid_yaw": [0.5, 1e-06, 0.1], "k_pid_hsp": [0.1180281773409504, 0.0, 0.0], "k_pid_vsp": [124.11696720069078, 43.3993963084466, 1e-06]}, "datetime": {"datetime": "2025-08-13 22:44:56", "elapsed": 46624.20923638344, "delta": 18.52556800842285}, "costs": {"total_cost": 178.99885483280917, "time_cost": 70.987, "final_distance_cost": 1.7985770985108622, "oscillation_cost": 25.50100034251619, "completition_cost": 0.0, "overshoot_cost": 50.87035407508869, "power_cost": 10.139179418945313, "noise_cost": 19.702743897748118, "n_waypoints_completed": 9, "tot_waypoints": 9}}
{"target": -190.35367079345852, "params": {"k_pid_pos": [0.9033946094435835, 0.0, 0.021076090185101926], "k_pid_alt": [1.4057615851834409, 0.0, 0.9479306393970773], "k_pid_att": [34.80190083025458, 3.666127562411342, 0.27134266955248243], "k_pid_yaw": [0.5, 1e-06, 0.1], "k_pid_hsp": [0.21703249226528395, 0.0, 0.0], "k_pid_vsp": [158.9865242152837, 51.7729431875138, 1e-06]}, "datetime": {"datetime": "2025-08-13 22:45:13", "elapsed": 46641.28323292732, "delta": 17.073996543884277}, "costs": {"total_cost": 190.35367079345852, "time_cost": 72.394, "final_distance_cost": 1.8416863945430595, "oscillation_cost": 27.576772412865083, "completition_cost": 0.0, "overshoot_cost": 50.75313891569323, "power_cost": 16.10411345214844, "noise_cost": 21.683959618208714, "n_waypoints_completed": 9, "tot_waypoints": 9}}
{"target": -190.86869465894267, "params": {"k_pid_pos": [0.5351853720847073, 0.00011168100498647635, 0.08477742352405233], "k_pid_alt": [1.913637224212277, 0.0, 0.9459003411019541], "k_pid_att": [34.76869627205116, 3.664185927993167, 0.2594168130750216], "k_pid_yaw": [0.5, 1e-06, 0.1], "k_pid_hsp": [0.22636240070883215, 0.0, 0.0], "k_pid_vsp": [109.99535946915802, 27.979615469439196, 1e-06]}, "datetime": {"datetime": "2025-08-13 22:45:33", "elapsed": 46661.63102912903, "delta": 20.347796201705933}, "costs": {"total_cost": 190.86869465894267, "time_cost": 79.044, "final_distance_cost": 1.8576632718614254, "oscillation_cost": 24.255333419950013, "completition_cost": 0.0, "overshoot_cost": 51.23070722484489, "power_cost": 11.32321541748047, "noise_cost": 23.157775324805854, "n_waypoints_completed": 9, "tot_waypoints": 9}}
{"target": -187.1316887685287, "params": {"k_pid_pos": [0.8352719776388613, 0.0, 0.11622307493005975], "k_pid_alt": [1.601889100066838, 0.0, 0.864036616678638], "k_pid_att": [33.886050731827794, 3.5531482916494084, 0.27499099432047186], "k_pid_yaw": [0.5, 1e-06, 0.1], "k_pid_hsp": [0.3705762660967299, 0.0, 0.0], "k_pid_vsp": [120.12840821416623, 9.515814542080843, 1e-06]}, "datetime": {"datetime": "2025-08-13 22:45:52", "elapsed": 46680.77462077141, "delta": 19.14359164237976}, "costs": {"total_cost": 187.1316887685287, "time_cost": 74.193, "final_distance_cost": 1.8547610078959476, "oscillation_cost": 27.382192664271006, "completition_cost": 0.0, "overshoot_cost": 51.291383731893255, "power_cost": 11.291885046386719, "noise_cost": 21.118466318081804, "n_waypoints_completed": 9, "tot_waypoints": 9}}
{"target": -188.18887058305094, "params": {"k_pid_pos": [0.6357894584152948, 0.0, 0.0], "k_pid_alt": [1.9283980920762016, 0.0, 1.0], "k_pid_att": [29.102544510466338, 3.596411976793318, 0.28108743618729864], "k_pid_yaw": [0.5, 1e-06, 0.1], "k_pid_hsp": [0.08303673731741476, 0.0, 0.0], "k_pid_vsp": [143.77125391360366, 59.72440949766041, 1e-06]}, "datetime": {"datetime": "2025-08-13 22:46:11", "elapsed": 46699.1924059391, "delta": 18.417785167694092}, "costs": {"total_cost": 188.18887058305094, "time_cost": 73.71000000000001, "final_distance_cost": 1.7966539407753255, "oscillation_cost": 20.902917135821422, "completition_cost": 0.0, "overshoot_cost": 52.54046950718825, "power_cost": 16.75183885498047, "noise_cost": 22.486991144285472, "n_waypoints_completed": 9, "tot_waypoints": 9}}
{"target": -190.47176173484223, "params": {"k_pid_pos": [0.7417308352399868, 0.0, 0.014648103767545715], "k_pid_alt": [1.6228784611308105, 0.0, 0.9541177086948225], "k_pid_att": [35.645214197015285, 3.2827170745288776, 0.26424124987411757], "k_pid_yaw": [0.5, 1e-06, 0.1], "k_pid_hsp": [0.20775308883780622, 0.0, 0.0], "k_pid_vsp": [132.61237803617533, 20.53065144736869, 1e-06]}, "datetime": {"datetime": "2025-08-13 22:46:30", "elapsed": 46718.56664562225, "delta": 19.374239683151245}, "costs": {"total_cost": 190.47176173484223, "time_cost": 73.136, "final_distance_cost": 1.8345636998011126, "oscillation_cost": 26.002105167313825, "completition_cost": 0.0, "overshoot_cost": 51.0845015469739, "power_cost": 16.325619458007814, "noise_cost": 22.088971862745595, "n_waypoints_completed": 9, "tot_waypoints": 9}}
{"target": -186.7250665491706, "params": {"k_pid_pos": [0.9015105050763828, 0.0, 0.05213398389373442], "k_pid_alt": [1.6301929648637716, 0.0, 0.9167321987131377], "k_pid_att": [35.52411593236703, 3.277064748016022, 0.24526550515275053], "k_pid_yaw": [0.5, 1e-06, 0.1], "k_pid_hsp": [0.20900528134545998, 0.0, 0.0], "k_pid_vsp": [143.9666916568298, 44.89308633104878, 7.093650473614833]}, "datetime": {"datetime": "2025-08-13 22:46:47", "elapsed": 46735.030318021774, "delta": 16.463672399520874}, "costs": {"total_cost": 186.7250665491706, "time_cost": 71.435, "final_distance_cost": 1.8434319660041998, "oscillation_cost": 27.240024327592486, "completition_cost": 0.0, "overshoot_cost": 51.22831976420154, "power_cost": 13.945974536132812, "noise_cost": 21.03231595523957, "n_waypoints_completed": 9, "tot_waypoints": 9}}
