{"target": -193.1274512333415, "params": {"k_pid_pos": [0.9189836088271496, 0.0, 0.12123660564067104], "k_pid_alt": [1.6234963201688508, 0.0, 0.9301525746185176], "k_pid_att": [35.58352167101484, 3.2681270933997464, 0.37706153985091556], "k_pid_yaw": [0.5, 1e-06, 0.1], "k_pid_hsp": [0.2570353899378035, 0.0, 0.0], "k_pid_vsp": [125.33101967903539, 18.531092309818526, 1e-06]}, "datetime": {"datetime": "2025-08-13 16:20:21", "elapsed": 23549.3703455925, "delta": 18.62088108062744}, "costs": {"total_cost": 193.1274512333415, "time_cost": 72.69500000000001, "final_distance_cost": 1.8420256339000514, "oscillation_cost": 27.304670668860354, "completition_cost": 0.0, "overshoot_cost": 51.31219829509915, "power_cost": 17.374037353515625, "noise_cost": 22.599519281966295, "n_waypoints_completed": 9, "tot_waypoints": 9}}
{"target": -192.3941120745412, "params": {"k_pid_pos": [1.1862273509968377, 0.0, 0.0870389403097919], "k_pid_alt": [1.507022093163255, 0.0, 0.9366936325166526], "k_pid_att": [34.620823901415285, 3.232261899257781, 0.24949444606737872], "k_pid_yaw": [0.5, 1e-06, 0.1], "k_pid_hsp": [0.2704131306605455, 0.0, 0.0], "k_pid_vsp": [122.39515385137348, 27.171658000941804, 1e-06]}, "datetime": {"datetime": "2025-08-13 16:20:39", "elapsed": 23567.197804689407, "delta": 17.82745909690857}, "costs": {"total_cost": 192.3941120745412, "time_cost": 71.757, "final_distance_cost": 1.8300879893594013, "oscillation_cost": 29.697772127154494, "completition_cost": 0.0, "overshoot_cost": 51.044880677980686, "power_cost": 16.49274958496094, "noise_cost": 21.5716216950857, "n_waypoints_completed": 9, "tot_waypoints": 9}}
{"target": -188.58673337899143, "params": {"k_pid_pos": [0.8586592493254356, 0.0, 0.11616975389074075], "k_pid_alt": [1.6180253261861421, 0.0, 0.9618690784357429], "k_pid_att": [33.43078289432999, 3.32083407718385, 0.2510935368404948], "k_pid_yaw": [0.5, 1e-06, 0.1], "k_pid_hsp": [0.18329588317478646, 0.0, 0.0], "k_pid_vsp": [125.99156744037518, 16.853722813165586, 1e-06]}, "datetime": {"datetime": "2025-08-13 16:20:57", "elapsed": 23585.386728048325, "delta": 18.188923358917236}, "costs": {"total_cost": 188.58673337899143, "time_cost": 72.94, "final_distance_cost": 1.843197196828649, "oscillation_cost": 26.2283677781309, "completition_cost": 0.0, "overshoot_cost": 51.75633139111331, "power_cost": 14.207477648925781, "noise_cost": 21.611359363992754, "n_waypoints_completed": 9, "tot_waypoints": 9}}
{"target": -189.43573723960972, "params": {"k_pid_pos": [1.3372590796707047, 0.0, 0.08485073613840942], "k_pid_alt": [1.6480701169393186, 0.0, 0.9456272914651922], "k_pid_att": [36.214440616848925, 3.167145312370664, 0.26615604611342647], "k_pid_yaw": [0.5, 1e-06, 0.1], "k_pid_hsp": [0.12347861923018133, 0.0, 0.0], "k_pid_vsp": [125.33132078569744, 26.223161653201853, 1e-06]}, "datetime": {"datetime": "2025-08-13 16:21:15", "elapsed": 23603.622911691666, "delta": 18.236183643341064}, "costs": {"total_cost": 189.43573723960972, "time_cost": 71.659, "final_distance_cost": 1.7851670760382627, "oscillation_cost": 29.63018684067142, "completition_cost": 0.0, "overshoot_cost": 51.82486390513196, "power_cost": 13.720030566406251, "noise_cost": 20.8164888513618, "n_waypoints_completed": 9, "tot_waypoints": 9}}
{"target": -187.0664666181928, "params": {"k_pid_pos": [1.147053049431027, 0.0, 0.1242171727857152], "k_pid_alt": [1.6142525350755978, 0.0, 0.9488020166703308], "k_pid_att": [36.62877447344947, 3.6497897989502155, 0.2575320699070217], "k_pid_yaw": [0.5, 1e-06, 0.1], "k_pid_hsp": [0.2725495082140993, 0.0, 0.0], "k_pid_vsp": [125.15358043001703, 12.509010816244155, 1e-06]}, "datetime": {"datetime": "2025-08-13 16:21:33", "elapsed": 23621.1094956398, "delta": 17.486583948135376}, "costs": {"total_cost": 187.0664666181928, "time_cost": 71.652, "final_distance_cost": 1.8430133794332773, "oscillation_cost": 29.54988507575034, "completition_cost": 0.0, "overshoot_cost": 50.97117575381676, "power_cost": 12.470869482421875, "noise_cost": 20.57952292677056, "n_waypoints_completed": 9, "tot_waypoints": 9}}
{"target": -195.3719146693743, "params": {"k_pid_pos": [1.1554468498758113, 0.0, 0.11577269558575043], "k_pid_alt": [1.607534847589967, 0.0, 0.9527153262404852], "k_pid_att": [36.66525777732863, 3.168072253147313, 0.2680797838460431], "k_pid_yaw": [0.5, 1e-06, 0.1], "k_pid_hsp": [0.1907377152519082, 0.0, 0.0], "k_pid_vsp": [49.57186351206278, 14.232704578584144, 1e-06]}, "datetime": {"datetime": "2025-08-13 16:21:52", "elapsed": 23640.542207956314, "delta": 19.43271231651306}, "costs": {"total_cost": 195.3719146693743, "time_cost": 72.33800000000001, "final_distance_cost": 1.8283922628558809, "oscillation_cost": 28.681699588631567, "completition_cost": 0.0, "overshoot_cost": 52.12130695818905, "power_cost": 17.947379431152346, "noise_cost": 22.455136428545455, "n_waypoints_completed": 9, "tot_waypoints": 9}}
{"target": -187.1172526126383, "params": {"k_pid_pos": [1.1693732238766117, 0.0, 0.05176009772681779], "k_pid_alt": [1.81375074589001, 0.0, 0.9427861332979208], "k_pid_att": [40.43652504148673, 3.415601359441885, 0.25418416063569915], "k_pid_yaw": [0.5, 1e-06, 0.1], "k_pid_hsp": [0.25826137010826467, 0.0, 0.0], "k_pid_vsp": [121.10358688459176, 25.37973103521601, 1e-06]}, "datetime": {"datetime": "2025-08-13 16:22:11", "elapsed": 23659.391184806824, "delta": 18.848976850509644}, "costs": {"total_cost": 187.1172526126383, "time_cost": 70.287, "final_distance_cost": 1.812983841114888, "oscillation_cost": 30.04830233568638, "completition_cost": 0.0, "overshoot_cost": 50.49811621425143, "power_cost": 13.726039294433594, "noise_cost": 20.744810927152017, "n_waypoints_completed": 9, "tot_waypoints": 9}}
{"target": -195.64633860811568, "params": {"k_pid_pos": [1.1955744948916027, 0.016079577561265223, 0.0], "k_pid_alt": [1.6612120277178961, 0.0, 0.9456533663982714], "k_pid_att": [33.601113688502906, 3.5061755248849673, 0.24529700995256343], "k_pid_yaw": [0.5, 1e-06, 0.1], "k_pid_hsp": [0.2652572201584293, 0.0, 0.0], "k_pid_vsp": [126.65575331704774, 34.38213567193397, 0.2506160334709008]}, "datetime": {"datetime": "2025-08-13 16:22:30", "elapsed": 23678.879890441895, "delta": 19.4887056350708}, "costs": {"total_cost": 195.64633860811568, "time_cost": 72.744, "final_distance_cost": 1.821759227439874, "oscillation_cost": 31.507229754699942, "completition_cost": 0.0, "overshoot_cost": 51.25550561241766, "power_cost": 16.693426672363284, "noise_cost": 21.624417341194953, "n_waypoints_completed": 9, "tot_waypoints": 9}}
{"target": -188.40127026144484, "params": {"k_pid_pos": [1.1525154933201076, 0.0, 0.07853041306358685], "k_pid_alt": [1.72356270904407, 0.0, 0.9369089674464739], "k_pid_att": [52.94676038424434, 3.363636307837282, 0.25867543578916197], "k_pid_yaw": [0.5, 1e-06, 0.1], "k_pid_hsp": [0.24931005598333883, 0.0, 0.0], "k_pid_vsp": [141.26145930846127, 23.624533783330964, 1e-06]}, "datetime": {"datetime": "2025-08-13 16:22:50", "elapsed": 23698.043968439102, "delta": 19.16407799720764}, "costs": {"total_cost": 188.40127026144484, "time_cost": 70.854, "final_distance_cost": 1.821965630338197, "oscillation_cost": 29.88235670566759, "completition_cost": 0.0, "overshoot_cost": 51.249837239922876, "power_cost": 13.756772033691407, "noise_cost": 20.836338651824754, "n_waypoints_completed": 9, "tot_waypoints": 9}}
{"target": -183.76871425088316, "params": {"k_pid_pos": [1.298288515089694, 0.0, 0.09516085790752313], "k_pid_alt": [1.6307522537032455, 0.0, 0.9540582961313929], "k_pid_att": [38.20763658232295, 3.529169205086457, 0.25534859792165115], "k_pid_yaw": [0.5, 1e-06, 0.1], "k_pid_hsp": [0.12990611188886908, 0.0, 0.0], "k_pid_vsp": [130.1093102005734, 19.955085099243934, 1e-06]}, "datetime": {"datetime": "2025-08-13 16:23:09", "elapsed": 23717.200951337814, "delta": 19.156982898712158}, "costs": {"total_cost": 183.76871425088316, "time_cost": 71.44200000000001, "final_distance_cost": 1.8049963724995381, "oscillation_cost": 29.593529937143234, "completition_cost": 0.0, "overshoot_cost": 51.14376223311673, "power_cost": 10.092222045898438, "noise_cost": 19.692203662225214, "n_waypoints_completed": 9, "tot_waypoints": 9}}
{"target": -193.38370767296504, "params": {"k_pid_pos": [1.3273473272879865, 0.022205360360119164, 0.11560056945445694], "k_pid_alt": [1.6480726065205384, 0.003008043652111907, 0.9448236322211896], "k_pid_att": [27.61111608597724, 3.1034489869508772, 0.23243072174095308], "k_pid_yaw": [0.5, 1e-06, 0.1], "k_pid_hsp": [0.5324212689854864, 0.020773585876783164, 0.0], "k_pid_vsp": [130.90870902520157, 26.705262740884557, 7.041471735526327]}, "datetime": {"datetime": "2025-08-13 16:23:29", "elapsed": 23737.46527838707, "delta": 20.26432704925537}, "costs": {"total_cost": 193.38370767296504, "time_cost": 70.854, "final_distance_cost": 1.8177627853198777, "oscillation_cost": 31.436403092714688, "completition_cost": 0.0, "overshoot_cost": 50.91612464084566, "power_cost": 16.981564965820315, "noise_cost": 21.37785218826451, "n_waypoints_completed": 9, "tot_waypoints": 9}}
{"target": -3838.0122337010157, "params": {"k_pid_pos": [1.0502038028585203, 0.0, 0.09029063923749825], "k_pid_alt": [1.594250530128273, 0.0, 0.9749828775622575], "k_pid_att": [0.0, 3.359682012803923, 0.26797579086904655], "k_pid_yaw": [0.5, 1e-06, 0.1], "k_pid_hsp": [0.2531291347455168, 0.0, 0.0], "k_pid_vsp": [147.06097029099098, 7.606361665920904, 1.027747615465404]}, "datetime": {"datetime": "2025-08-13 16:24:03", "elapsed": 23771.550805807114, "delta": 34.085527420043945}, "costs": {"total_cost": 3838.0122337010157, "time_cost": 150, "final_distance_cost": 276.3994607163346, "oscillation_cost": 1332.5808648302193, "completition_cost": 1000.0, "overshoot_cost": 866.0821207521165, "power_cost": 53.809189892578125, "noise_cost": 159.14059750976682, "n_waypoints_completed": 0, "tot_waypoints": 9}}
{"target": -187.7652934146283, "params": {"k_pid_pos": [1.0655240451174446, 0.042035334215511276, 0.04610612360322126], "k_pid_alt": [1.6019962495781013, 0.0, 0.9725599368675983], "k_pid_att": [25.900474558383905, 3.320191421265453, 0.23422969278827166], "k_pid_yaw": [0.5, 1e-06, 0.1], "k_pid_hsp": [0.2530697920249958, 0.0, 0.0], "k_pid_vsp": [149.52674070243742, 24.128271191684973, 0.10531341214070195]}, "datetime": {"datetime": "2025-08-13 16:24:24", "elapsed": 23791.999765872955, "delta": 20.448960065841675}, "costs": {"total_cost": 187.7652934146283, "time_cost": 71.421, "final_distance_cost": 1.8255013272049423, "oscillation_cost": 29.349581628551107, "completition_cost": 0.0, "overshoot_cost": 50.99938608538696, "power_cost": 13.321214721679688, "noise_cost": 20.84860965180559, "n_waypoints_completed": 9, "tot_waypoints": 9}}
{"target": -185.93663801630763, "params": {"k_pid_pos": [1.1067551748973925, 0.0, 0.05079643295139691], "k_pid_alt": [1.6664114174492415, 0.0, 0.9795097954783568], "k_pid_att": [34.68076268075321, 3.253383820921424, 0.25040373322427606], "k_pid_yaw": [0.5, 1e-06, 0.1], "k_pid_hsp": [0.2694683090765228, 0.0, 0.0], "k_pid_vsp": [39.55472093436425, 21.92710446597777, 1e-06]}, "datetime": {"datetime": "2025-08-13 16:24:43", "elapsed": 23811.190684318542, "delta": 19.190918445587158}, "costs": {"total_cost": 185.93663801630763, "time_cost": 70.364, "final_distance_cost": 1.8211042491218024, "oscillation_cost": 29.37878553952767, "completition_cost": 0.0, "overshoot_cost": 50.287221245833116, "power_cost": 13.3680798828125, "noise_cost": 20.71744709901252, "n_waypoints_completed": 9, "tot_waypoints": 9}}
{"target": -216.54809929424516, "params": {"k_pid_pos": [1.0849948672902634, 0.0022915223645559243, 0.24514504593852016], "k_pid_alt": [1.6249218509236987, 0.0, 0.961652357423849], "k_pid_att": [22.95631212097523, 2.335222135802561, 0.24416473017027648], "k_pid_yaw": [0.5, 1e-06, 0.1], "k_pid_hsp": [0.5093133162364558, 0.0, 0.012187138205863469], "k_pid_vsp": [33.56417103795532, 1e-06, 1e-06]}, "datetime": {"datetime": "2025-08-13 16:25:05", "elapsed": 23833.21804666519, "delta": 22.02736234664917}, "costs": {"total_cost": 216.54809929424516, "time_cost": 78.827, "final_distance_cost": 1.8467491364313688, "oscillation_cost": 45.55759516976452, "completition_cost": 0.0, "overshoot_cost": 52.58315086532985, "power_cost": 14.179965405273439, "noise_cost": 23.553638717445992, "n_waypoints_completed": 9, "tot_waypoints": 9}}
{"target": -201.95034996350566, "params": {"k_pid_pos": [1.678140364243855, 0.0, 0.06572381207074715], "k_pid_alt": [1.4498695987639354, 0.0, 1.0], "k_pid_att": [36.22919380433887, 1.9111737037627283, 0.22089224609079508], "k_pid_yaw": [0.5, 1e-06, 0.1], "k_pid_hsp": [0.35233733056066907, 0.024895877921653712, 0.0], "k_pid_vsp": [181.08148854141365, 22.128468461027648, 1e-06]}, "datetime": {"datetime": "2025-08-13 16:25:25", "elapsed": 23853.925619602203, "delta": 20.70757293701172}, "costs": {"total_cost": 201.95034996350566, "time_cost": 72.331, "final_distance_cost": 1.8032102634667557, "oscillation_cost": 33.62458301278514, "completition_cost": 0.0, "overshoot_cost": 51.85476206871603, "power_cost": 20.162140539550784, "noise_cost": 22.17465407898694, "n_waypoints_completed": 9, "tot_waypoints": 9}}
{"target": -193.68628081601236, "params": {"k_pid_pos": [1.159007041664298, 0.0, 0.0726244313223133], "k_pid_alt": [1.6148990540812327, 0.0, 0.9564590399802022], "k_pid_att": [34.44594693359396, 3.2823034372453783, 0.251729506154922], "k_pid_yaw": [0.5, 1e-06, 0.1], "k_pid_hsp": [0.4117466490052992, 0.0, 0.0], "k_pid_vsp": [117.64716963493251, 20.942943308755794, 1e-06]}, "datetime": {"datetime": "2025-08-13 16:25:44", "elapsed": 23872.661458730698, "delta": 18.735839128494263}, "costs": {"total_cost": 193.68628081601236, "time_cost": 71.554, "final_distance_cost": 1.8405397723676222, "oscillation_cost": 30.146054167676894, "completition_cost": 0.0, "overshoot_cost": 51.30009634938073, "power_cost": 17.141798718261718, "noise_cost": 21.703791808325366, "n_waypoints_completed": 9, "tot_waypoints": 9}}
{"target": -187.81645986127825, "params": {"k_pid_pos": [1.1544786782319663, 0.0, 0.08715416500783257], "k_pid_alt": [1.627249759570238, 0.0, 0.9405205184753509], "k_pid_att": [34.98390327378685, 3.68746788097555, 0.2411792618452047], "k_pid_yaw": [0.5, 1e-06, 0.1], "k_pid_hsp": [0.26638479849771957, 0.0, 0.0], "k_pid_vsp": [111.50515589808062, 37.005281507712695, 1e-06]}, "datetime": {"datetime": "2025-08-13 16:26:03", "elapsed": 23891.121287107468, "delta": 18.45982837677002}, "costs": {"total_cost": 187.81645986127825, "time_cost": 70.749, "final_distance_cost": 1.8347861816136108, "oscillation_cost": 29.843463030024477, "completition_cost": 0.0, "overshoot_cost": 50.280444335201246, "power_cost": 14.188206701660157, "noise_cost": 20.92055961277877, "n_waypoints_completed": 9, "tot_waypoints": 9}}
{"target": -194.0906139679089, "params": {"k_pid_pos": [1.2448874680034798, 0.0009454557194540525, 0.07775873177544758], "k_pid_alt": [1.6399968000207688, 0.0, 0.9442472608351403], "k_pid_att": [36.685261832188836, 3.520017227736026, 0.49833447225452254], "k_pid_yaw": [0.5, 1e-06, 0.1], "k_pid_hsp": [0.415845585530059, 0.0, 0.0], "k_pid_vsp": [130.69990666273617, 22.331592111543106, 1e-06]}, "datetime": {"datetime": "2025-08-13 16:26:23", "elapsed": 23911.597152471542, "delta": 20.475865364074707}, "costs": {"total_cost": 194.0906139679089, "time_cost": 71.694, "final_distance_cost": 1.8173775187895658, "oscillation_cost": 30.344391822408557, "completition_cost": 0.0, "overshoot_cost": 51.11428246875887, "power_cost": 17.347763305664063, "noise_cost": 21.77279885228782, "n_waypoints_completed": 9, "tot_waypoints": 9}}
{"target": -190.80990661639706, "params": {"k_pid_pos": [1.0800807175068505, 0.0, 0.11742063042765757], "k_pid_alt": [1.6309456647030036, 0.0, 0.9449406935608294], "k_pid_att": [35.805736771429046, 3.3863526490229487, 0.23604647412961385], "k_pid_yaw": [0.5, 1e-06, 0.1], "k_pid_hsp": [0.2619671640148967, 0.0, 0.0], "k_pid_vsp": [125.28108632475858, 26.351747668458877, 1e-06]}, "datetime": {"datetime": "2025-08-13 16:26:44", "elapsed": 23932.822430372238, "delta": 21.2252779006958}, "costs": {"total_cost": 190.80990661639706, "time_cost": 71.46300000000001, "final_distance_cost": 1.8380416059071316, "oscillation_cost": 28.856600557864425, "completition_cost": 0.0, "overshoot_cost": 51.11410632149593, "power_cost": 15.905190844726564, "noise_cost": 21.63296728640299, "n_waypoints_completed": 9, "tot_waypoints": 9}}
{"target": -191.9391434658503, "params": {"k_pid_pos": [1.1537596272197015, 0.0, 0.08762765204332143], "k_pid_alt": [1.6274774538284271, 0.0, 0.9428502658985024], "k_pid_att": [36.921474279823165, 3.358710497662028, 0.2499325526408795], "k_pid_yaw": [0.5, 1e-06, 0.1], "k_pid_hsp": [0.2525420534246456, 0.0, 0.0], "k_pid_vsp": [140.14484057300484, 21.73151154133729, 1e-06]}, "datetime": {"datetime": "2025-08-13 16:27:06", "elapsed": 23954.062678813934, "delta": 21.240248441696167}, "costs": {"total_cost": 191.9391434658503, "time_cost": 71.645, "final_distance_cost": 1.8405907366134777, "oscillation_cost": 29.22570388641913, "completition_cost": 0.0, "overshoot_cost": 51.36255774244028, "power_cost": 16.237738354492187, "noise_cost": 21.627552745885218, "n_waypoints_completed": 9, "tot_waypoints": 9}}
{"target": -192.77465580315317, "params": {"k_pid_pos": [1.1523648106428144, 0.001404450013913811, 0.08004731647494294], "k_pid_alt": [1.5632292300847217, 0.0, 0.8441886457923111], "k_pid_att": [32.510991083285234, 3.3374795118654204, 0.2624124865275225], "k_pid_yaw": [0.5, 1e-06, 0.1], "k_pid_hsp": [0.2661502650495608, 0.0, 0.0], "k_pid_vsp": [124.79753648606133, 22.14318391543736, 1e-06]}, "datetime": {"datetime": "2025-08-13 16:27:26", "elapsed": 23974.42827796936, "delta": 20.365599155426025}, "costs": {"total_cost": 192.77465580315317, "time_cost": 71.876, "final_distance_cost": 1.8216856564254944, "oscillation_cost": 29.236343414525237, "completition_cost": 0.0, "overshoot_cost": 51.49320645566121, "power_cost": 16.722921447753908, "noise_cost": 21.62449882878731, "n_waypoints_completed": 9, "tot_waypoints": 9}}
{"target": -186.03712776974788, "params": {"k_pid_pos": [0.9718895804160665, 0.0, 0.09831579131407805], "k_pid_alt": [1.6271003481315014, 0.0, 0.9519941129560923], "k_pid_att": [34.456762594455924, 3.069846523204287, 0.2824052700269191], "k_pid_yaw": [0.5, 1e-06, 0.1], "k_pid_hsp": [0.25427063020536583, 0.0, 0.0], "k_pid_vsp": [125.44478522454718, 28.59309308690306, 1e-06]}, "datetime": {"datetime": "2025-08-13 16:27:47", "elapsed": 23995.04812502861, "delta": 20.619847059249878}, "costs": {"total_cost": 186.03712776974788, "time_cost": 71.365, "final_distance_cost": 1.845836141193851, "oscillation_cost": 28.068576969966056, "completition_cost": 0.0, "overshoot_cost": 50.59823641551196, "power_cost": 13.242821166992188, "noise_cost": 20.91665707608381, "n_waypoints_completed": 9, "tot_waypoints": 9}}
{"target": -191.18873078360383, "params": {"k_pid_pos": [1.1408287439410425, 0.0, 0.10340180298536851], "k_pid_alt": [1.9142964341391908, 0.0, 0.9498120459574297], "k_pid_att": [36.86550934189859, 3.381364001568479, 0.24447228752365416], "k_pid_yaw": [0.5, 1e-06, 0.1], "k_pid_hsp": [0.2462923251228329, 0.0, 0.0], "k_pid_vsp": [122.11037958260903, 13.37353613049251, 1e-06]}, "datetime": {"datetime": "2025-08-13 16:28:07", "elapsed": 24015.29879426956, "delta": 20.250669240951538}, "costs": {"total_cost": 191.18873078360383, "time_cost": 71.246, "final_distance_cost": 1.838953345257223, "oscillation_cost": 29.405410713881665, "completition_cost": 0.0, "overshoot_cost": 51.33282806110765, "power_cost": 15.736786181640626, "noise_cost": 21.62875248171668, "n_waypoints_completed": 9, "tot_waypoints": 9}}
{"target": -191.80979011675078, "params": {"k_pid_pos": [1.1336876826138338, 0.0, 0.08330841304563413], "k_pid_alt": [1.6309247931416102, 0.0, 0.9423205288481604], "k_pid_att": [35.91440618643874, 3.2466318642405083, 0.24565257888021577], "k_pid_yaw": [0.5, 1e-06, 0.1], "k_pid_hsp": [0.2809488075574171, 0.0, 0.0], "k_pid_vsp": [122.9424680872734, 20.568277384090575, 1e-06]}, "datetime": {"datetime": "2025-08-13 16:28:26", "elapsed": 24034.746822834015, "delta": 19.448028564453125}, "costs": {"total_cost": 191.80979011675078, "time_cost": 71.428, "final_distance_cost": 1.8290424582132785, "oscillation_cost": 29.58146963923447, "completition_cost": 0.0, "overshoot_cost": 51.184836990001244, "power_cost": 16.175436865234374, "noise_cost": 21.611004164067417, "n_waypoints_completed": 9, "tot_waypoints": 9}}
{"target": -194.29611277074866, "params": {"k_pid_pos": [1.3688093765223397, 0.0, 0.11826580897185128], "k_pid_alt": [1.5519254122107584, 0.0, 0.9394128579300656], "k_pid_att": [36.08074599877913, 3.454932270201227, 0.24977468182970003], "k_pid_yaw": [0.5, 1e-06, 0.1], "k_pid_hsp": [0.2839576479558349, 0.0, 0.0], "k_pid_vsp": [86.78897083306865, 32.65893914380282, 3.0284630729774444]}, "datetime": {"datetime": "2025-08-13 16:28:45", "elapsed": 24052.996119976044, "delta": 18.24929714202881}, "costs": {"total_cost": 194.29611277074866, "time_cost": 71.32300000000001, "final_distance_cost": 1.8337139785028636, "oscillation_cost": 30.65501903639959, "completition_cost": 0.0, "overshoot_cost": 51.38697336537468, "power_cost": 17.473571643066407, "noise_cost": 21.623834747405123, "n_waypoints_completed": 9, "tot_waypoints": 9}}
