{"target": -259.812427485775, "params": {"k_pid_pos": [0.3699894794981333, 0.0, 0.09833909491941639], "k_pid_alt": [1.5509021885843557, 0.0, 1.0], "k_pid_att": [13.771945455079763, 5.052568556442026, 0.2474435207587119], "k_pid_yaw": [0.5, 1e-06, 0.1], "k_pid_hsp": [0.19902676804868724, 0.06043626997221263, 0.045149825107171915], "k_pid_vsp": [284.6947708006067, 8.89914626147312, 1e-06]}, "datetime": {"datetime": "2025-08-13 11:59:17", "elapsed": 7885.853458881378, "delta": 45.84720516204834}, "costs": {"total_cost": 259.812427485775, "time_cost": 100.527, "final_distance_cost": 1.8592202563659428, "oscillation_cost": 47.789418775218465, "completition_cost": 0.0, "overshoot_cost": 54.62715183073221, "power_cost": 21.365380029296876, "noise_cost": 33.64425659416152, "n_waypoints_completed": 9, "tot_waypoints": 9}}
{"target": -207.54667617062853, "params": {"k_pid_pos": [0.602828269988282, 0.1542546654799829, 0.1145376616493422], "k_pid_alt": [1.49833726821231, 0.0, 0.7462350506698959], "k_pid_att": [34.072522743893785, 3.9623635818072156, 0.16781368720364695], "k_pid_yaw": [0.5, 1e-06, 0.1], "k_pid_hsp": [1.5344215484661055, 0.0, 0.0], "k_pid_vsp": [206.7032811556303, 9.810105626519894, 1e-06]}, "datetime": {"datetime": "2025-08-13 11:59:56", "elapsed": 7924.611254930496, "delta": 38.75779604911804}, "costs": {"total_cost": 207.54667617062853, "time_cost": 80.668, "final_distance_cost": 1.8256964228337673, "oscillation_cost": 30.931807765201935, "completition_cost": 0.0, "overshoot_cost": 52.528424212135135, "power_cost": 17.07225419921875, "noise_cost": 24.5204935712389, "n_waypoints_completed": 9, "tot_waypoints": 9}}
{"target": -195.88462925203353, "params": {"k_pid_pos": [0.7462486156485417, 0.0, 0.16969195421002545], "k_pid_alt": [1.2300751980967002, 0.0, 1.0], "k_pid_att": [57.299975959033986, 2.511859757067094, 0.3454694633908989], "k_pid_yaw": [0.5, 1e-06, 0.1], "k_pid_hsp": [0.186633843101747, 0.0, 0.0], "k_pid_vsp": [224.25120374529786, 1.9466310243319, 1e-06]}, "datetime": {"datetime": "2025-08-13 12:00:37", "elapsed": 7965.41795706749, "delta": 40.80670213699341}, "costs": {"total_cost": 195.88462925203353, "time_cost": 78.19, "final_distance_cost": 1.8522562077499412, "oscillation_cost": 25.42199325966935, "completition_cost": 0.0, "overshoot_cost": 52.201193506508105, "power_cost": 15.195101440429688, "noise_cost": 23.024084837676476, "n_waypoints_completed": 9, "tot_waypoints": 9}}
{"target": -1255.6015703769835, "params": {"k_pid_pos": [0.0001, 0.14072595503546012, 0.22147310057694378], "k_pid_alt": [2.0, 0.012442577747357686, 0.8641231232556543], "k_pid_att": [19.909223324864204, 4.049624853039461, 0.13947458795328802], "k_pid_yaw": [0.5, 1e-06, 0.1], "k_pid_hsp": [8.05149453855627, 0.0, 0.0], "k_pid_vsp": [129.88557621715535, 1e-06, 3.865218525334237]}, "datetime": {"datetime": "2025-08-13 12:01:33", "elapsed": 8021.420809268951, "delta": 56.00285220146179}, "costs": {"total_cost": 1255.6015703769835, "time_cost": 150, "final_distance_cost": 83.73888852835744, "oscillation_cost": 98.40159351125406, "completition_cost": 777.7777777777778, "overshoot_cost": 95.49654374338674, "power_cost": 18.149984521484377, "noise_cost": 32.03678229472291, "n_waypoints_completed": 2, "tot_waypoints": 9}}
{"target": -235.36740561177808, "params": {"k_pid_pos": [0.4419824666370486, 0.0, 0.23369984023358473], "k_pid_alt": [1.476200006295248, 0.2772914438087506, 0.9814870888667437], "k_pid_att": [40.23188916655917, 5.5847016067218345, 0.23310933391886673], "k_pid_yaw": [0.5, 1e-06, 0.1], "k_pid_hsp": [0.7329202889905206, 0.14609359059223723, 0.0], "k_pid_vsp": [216.73605058457426, 17.478083634784415, 1e-06]}, "datetime": {"datetime": "2025-08-13 12:02:18", "elapsed": 8066.5109260082245, "delta": 45.09011673927307}, "costs": {"total_cost": 235.36740561177808, "time_cost": 97.71300000000001, "final_distance_cost": 1.832447016414981, "oscillation_cost": 26.023296448151743, "completition_cost": 0.0, "overshoot_cost": 55.127424646414724, "power_cost": 24.811625341796876, "noise_cost": 29.859612158999767, "n_waypoints_completed": 9, "tot_waypoints": 9}}
{"target": -185.24733738076316, "params": {"k_pid_pos": [0.5453640478917191, 0.08430251371204689, 0.0], "k_pid_alt": [1.5373227597058972, 0.0, 0.972231274357891], "k_pid_att": [32.26308646137709, 3.754336004183985, 0.2508965982384941], "k_pid_yaw": [0.5, 1e-06, 0.1], "k_pid_hsp": [0.15145310785274305, 0.002628480110690608, 0.0], "k_pid_vsp": [182.61971011314975, 7.5981061074139635, 2.7107943948687145]}, "datetime": {"datetime": "2025-08-13 12:02:54", "elapsed": 8102.361846923828, "delta": 35.85092091560364}, "costs": {"total_cost": 185.24733738076316, "time_cost": 76.71300000000001, "final_distance_cost": 1.821121088037911, "oscillation_cost": 22.92990398402286, "completition_cost": 0.0, "overshoot_cost": 52.10220094510999, "power_cost": 10.476632824707032, "noise_cost": 21.20447853888536, "n_waypoints_completed": 9, "tot_waypoints": 9}}
{"target": -405.58139749473315, "params": {"k_pid_pos": [0.654595177526608, 0.21044766063223674, 0.0], "k_pid_alt": [1.5818929920097173, 0.10761828258755798, 1.0], "k_pid_att": [46.24395649107102, 2.330289577922756, 0.2925186908719991], "k_pid_yaw": [0.5, 1e-06, 0.1], "k_pid_hsp": [0.44518501559393, 0.0, 0.0], "k_pid_vsp": [152.44243734464084, 1e-06, 49.79455675909185]}, "datetime": {"datetime": "2025-08-13 12:03:50", "elapsed": 8158.315971374512, "delta": 55.954124450683594}, "costs": {"total_cost": 405.58139749473315, "time_cost": 150, "final_distance_cost": 5.26376569335892, "oscillation_cost": 29.91040503513597, "completition_cost": 111.11111111111116, "overshoot_cost": 60.721377197323335, "power_cost": 25.126644482421877, "noise_cost": 23.448093975381944, "n_waypoints_completed": 8, "tot_waypoints": 9}}
{"target": -204.7993370896977, "params": {"k_pid_pos": [0.6719516154234821, 0.03105766664125781, 0.0], "k_pid_alt": [1.668788564856853, 0.0, 1.0], "k_pid_att": [32.53249560793771, 3.8152943238649, 0.21600835799789878], "k_pid_yaw": [0.5, 1e-06, 0.1], "k_pid_hsp": [1.2806478196652114, 0.0, 0.0], "k_pid_vsp": [183.33418693569843, 1e-06, 1e-06]}, "datetime": {"datetime": "2025-08-13 12:04:25", "elapsed": 8193.364951133728, "delta": 35.04897975921631}, "costs": {"total_cost": 204.7993370896977, "time_cost": 77.735, "final_distance_cost": 1.8513335851466084, "oscillation_cost": 29.318037701613672, "completition_cost": 0.0, "overshoot_cost": 52.55509712622323, "power_cost": 18.990925, "noise_cost": 24.3489436767142, "n_waypoints_completed": 9, "tot_waypoints": 9}}
{"target": -1145.527132982155, "params": {"k_pid_pos": [0.0001, 0.08795163893015287, 0.0983514857336262], "k_pid_alt": [1.6616771891610302, 0.03153188587876592, 0.0], "k_pid_att": [28.896445445028554, 4.094709599324485, 0.17934748134983775], "k_pid_yaw": [0.5, 1e-06, 0.1], "k_pid_hsp": [0.28389722160785735, 0.0, 0.0], "k_pid_vsp": [200.72533613217794, 1e-06, 1e-06]}, "datetime": {"datetime": "2025-08-13 12:05:17", "elapsed": 8245.773540973663, "delta": 52.4085898399353}, "costs": {"total_cost": 1145.527132982155, "time_cost": 150, "final_distance_cost": 73.98845620683822, "oscillation_cost": 2.067777970711533, "completition_cost": 777.7777777777778, "overshoot_cost": 96.30520271240722, "power_cost": 14.563504821777345, "noise_cost": 30.824413492642968, "n_waypoints_completed": 2, "tot_waypoints": 9}}
{"target": -220.3471387203185, "params": {"k_pid_pos": [0.4839187541942781, 0.0, 0.0], "k_pid_alt": [1.6578428269696386, 0.0, 1.0], "k_pid_att": [27.333768612020975, 3.514343341566536, 0.3616312717713706], "k_pid_yaw": [0.5, 1e-06, 0.1], "k_pid_hsp": [0.5076145465560854, 0.0, 0.0], "k_pid_vsp": [83.27087293022747, 0.5619003525724854, 1e-06]}, "datetime": {"datetime": "2025-08-13 12:05:57", "elapsed": 8285.729377031326, "delta": 39.955836057662964}, "costs": {"total_cost": 220.3471387203185, "time_cost": 86.233, "final_distance_cost": 1.858866442814957, "oscillation_cost": 25.07901769316825, "completition_cost": 0.0, "overshoot_cost": 53.549755172357365, "power_cost": 24.348340039062503, "noise_cost": 29.278159372915415, "n_waypoints_completed": 9, "tot_waypoints": 9}}
{"target": -194.56284836208192, "params": {"k_pid_pos": [0.6510250299574982, 0.0, 0.0], "k_pid_alt": [1.7994291965529612, 0.0, 0.9924576632158135], "k_pid_att": [17.359595509324798, 3.6154018798381937, 0.31536204761848996], "k_pid_yaw": [0.5, 1e-06, 0.1], "k_pid_hsp": [0.12765994150905108, 0.0, 0.0], "k_pid_vsp": [186.5426895818212, 1e-06, 1e-06]}, "datetime": {"datetime": "2025-08-13 12:06:30", "elapsed": 8318.140144109726, "delta": 32.41076707839966}, "costs": {"total_cost": 194.56284836208192, "time_cost": 73.983, "final_distance_cost": 1.8243746126710265, "oscillation_cost": 23.832086390414947, "completition_cost": 0.0, "overshoot_cost": 52.21623550810944, "power_cost": 19.231527294921875, "noise_cost": 23.47562455596463, "n_waypoints_completed": 9, "tot_waypoints": 9}}
{"target": -1218.1880206260923, "params": {"k_pid_pos": [0.6005751787189814, 0.0, 0.14978993243922106], "k_pid_alt": [1.344006252965762, 0.0, 0.992073288373906], "k_pid_att": [24.678296902034898, 3.409682343566411, 0.23015781536976238], "k_pid_yaw": [0.5, 1e-06, 0.1], "k_pid_hsp": [0.0001, 0.0, 0.0], "k_pid_vsp": [165.95650857403328, 1e-06, 1e-06]}, "datetime": {"datetime": "2025-08-13 12:07:23", "elapsed": 8371.313319683075, "delta": 53.173175573349}, "costs": {"total_cost": 1218.1880206260923, "time_cost": 150, "final_distance_cost": 45.73295295829146, "oscillation_cost": 0.013588483791305585, "completition_cost": 888.8888888888888, "overshoot_cost": 80.12237880179082, "power_cost": 20.588058459472656, "noise_cost": 32.84215303385726, "n_waypoints_completed": 1, "tot_waypoints": 9}}
{"target": -729.6434486266797, "params": {"k_pid_pos": [0.5818651328494162, 0.0, 0.07121155772420756], "k_pid_alt": [1.6092420493429005, 0.0, 0.7842360842549125], "k_pid_att": [30.69888918202033, 3.1488033172312484, 0.24045212218135412], "k_pid_yaw": [0.5, 1e-06, 0.1], "k_pid_hsp": [0.30634963082983485, 0.0, 0.22181708864399866], "k_pid_vsp": [229.1254248157528, 0.06625870078408103, 29.194014255400564]}, "datetime": {"datetime": "2025-08-13 12:08:11", "elapsed": 8419.172318458557, "delta": 47.85899877548218}, "costs": {"total_cost": 729.6434486266797, "time_cost": 112.021, "final_distance_cost": 1.7866851109877626, "oscillation_cost": 491.0429755831357, "completition_cost": 0.0, "overshoot_cost": 66.54726824285288, "power_cost": 30.371526098632813, "noise_cost": 27.873993591070672, "n_waypoints_completed": 9, "tot_waypoints": 9}}
{"target": -1221.426540100871, "params": {"k_pid_pos": [0.5049357548043669, 0.0, 0.14946702740628295], "k_pid_alt": [2.0, 0.0, 1.0], "k_pid_att": [39.48093876668899, 3.7789817152094853, 0.1626019787675715], "k_pid_yaw": [0.5, 1e-06, 0.1], "k_pid_hsp": [0.0001, 0.0, 0.0], "k_pid_vsp": [196.65311278888578, 1e-06, 20.725060984554734]}, "datetime": {"datetime": "2025-08-13 12:09:02", "elapsed": 8470.669024944305, "delta": 51.49670648574829}, "costs": {"total_cost": 1221.426540100871, "time_cost": 150, "final_distance_cost": 45.16412955196946, "oscillation_cost": 0.6261500506372999, "completition_cost": 888.8888888888888, "overshoot_cost": 68.80985634243407, "power_cost": 35.07626369628906, "noise_cost": 32.861251570652335, "n_waypoints_completed": 1, "tot_waypoints": 9}}
{"target": -1249.1533545162736, "params": {"k_pid_pos": [0.8514556784173731, 0.0, 0.44614420631288976], "k_pid_alt": [1.4861300361032883, 0.015725345149408196, 0.4895632355420202], "k_pid_att": [40.22885725201179, 2.7388018674572425, 0.2302958259201904], "k_pid_yaw": [0.5, 1e-06, 0.1], "k_pid_hsp": [0.0001, 0.013361064281721562, 0.0], "k_pid_vsp": [165.77780748888082, 1e-06, 1e-06]}, "datetime": {"datetime": "2025-08-13 12:09:55", "elapsed": 8523.507683753967, "delta": 52.838658809661865}, "costs": {"total_cost": 1249.1533545162736, "time_cost": 150, "final_distance_cost": 63.88862445398253, "oscillation_cost": 4.974099007040625, "completition_cost": 888.8888888888888, "overshoot_cost": 89.0783390471647, "power_cost": 19.649343518066406, "noise_cost": 32.67405960113037, "n_waypoints_completed": 1, "tot_waypoints": 9}}
{"target": -1238.2343389610992, "params": {"k_pid_pos": [0.8984983481312487, 0.0, 0.05808789330997491], "k_pid_alt": [1.3317604359335946, 0.0, 1.0], "k_pid_att": [48.83564756387767, 1.6758108893043853, 0.4106774433332507], "k_pid_yaw": [0.5, 1e-06, 0.1], "k_pid_hsp": [0.0001, 0.0, 0.0], "k_pid_vsp": [170.87313731141867, 3.4835261919484193, 1e-06]}, "datetime": {"datetime": "2025-08-13 12:10:47", "elapsed": 8575.525141000748, "delta": 52.017457246780396}, "costs": {"total_cost": 1238.2343389610992, "time_cost": 150, "final_distance_cost": 47.12806635362857, "oscillation_cost": 0.004255417723350567, "completition_cost": 888.8888888888888, "overshoot_cost": 99.10627041065142, "power_cost": 20.23098623046875, "noise_cost": 32.87587165973823, "n_waypoints_completed": 1, "tot_waypoints": 9}}
{"target": -231.86951453634074, "params": {"k_pid_pos": [0.43551484447288136, 0.1942530819674862, 0.6917372817028621], "k_pid_alt": [1.6448967752162433, 0.0, 1.0], "k_pid_att": [32.39226030924545, 3.9557619530121295, 0.2089023890803463], "k_pid_yaw": [0.5, 1e-06, 0.1], "k_pid_hsp": [0.7540194894722636, 0.029658409940743317, 0.0], "k_pid_vsp": [204.60318233473566, 1e-06, 1e-06]}, "datetime": {"datetime": "2025-08-13 12:11:28", "elapsed": 8616.501880407333, "delta": 40.97673940658569}, "costs": {"total_cost": 231.86951453634074, "time_cost": 95.319, "final_distance_cost": 1.8475986828316375, "oscillation_cost": 23.17864361863366, "completition_cost": 0.0, "overshoot_cost": 56.43603023193079, "power_cost": 23.941811535644533, "noise_cost": 31.146430467300114, "n_waypoints_completed": 9, "tot_waypoints": 9}}
{"target": -1240.5836793763763, "params": {"k_pid_pos": [0.8032184012827221, 0.04869539210761275, 0.0019688101258968083], "k_pid_alt": [1.776108134988943, 0.0, 1.0], "k_pid_att": [28.117906660644863, 3.9529793595002993, 0.2517433392498286], "k_pid_yaw": [0.5, 1e-06, 0.1], "k_pid_hsp": [0.0001, 0.0, 0.0], "k_pid_vsp": [113.23948714456799, 1e-06, 1e-06]}, "datetime": {"datetime": "2025-08-13 12:12:20", "elapsed": 8668.843791723251, "delta": 52.34191131591797}, "costs": {"total_cost": 1240.5836793763763, "time_cost": 150, "final_distance_cost": 46.99747336344725, "oscillation_cost": 0.011083783426944641, "completition_cost": 888.8888888888888, "overshoot_cost": 98.48505301676666, "power_cost": 22.64016744384766, "noise_cost": 33.561012879998714, "n_waypoints_completed": 1, "tot_waypoints": 9}}
{"target": -195.8030911296704, "params": {"k_pid_pos": [0.7040417297083339, 0.0, 0.0], "k_pid_alt": [1.8484852522093687, 0.0, 1.0], "k_pid_att": [2.8210468138445606, 2.9016481041816378, 0.32214491844474447], "k_pid_yaw": [0.5, 1e-06, 0.1], "k_pid_hsp": [0.2266006396918351, 0.0, 0.0], "k_pid_vsp": [129.480594883499, 1e-06, 1e-06]}, "datetime": {"datetime": "2025-08-13 12:12:52", "elapsed": 8700.847306489944, "delta": 32.003514766693115}, "costs": {"total_cost": 195.8030911296704, "time_cost": 73.759, "final_distance_cost": 1.846776722438381, "oscillation_cost": 29.751228434862703, "completition_cost": 0.0, "overshoot_cost": 51.10688484440223, "power_cost": 16.534032421875, "noise_cost": 22.805168706092093, "n_waypoints_completed": 9, "tot_waypoints": 9}}
{"target": -1219.4647972277037, "params": {"k_pid_pos": [0.4680881347305814, 0.0, 0.0], "k_pid_alt": [1.5200892060644973, 0.0, 1.0], "k_pid_att": [20.415078526923224, 2.670025570809209, 0.0], "k_pid_yaw": [0.5, 1e-06, 0.1], "k_pid_hsp": [0.0001, 0.0, 0.0], "k_pid_vsp": [152.65625116322778, 1e-06, 1e-06]}, "datetime": {"datetime": "2025-08-13 12:13:45", "elapsed": 8753.457784175873, "delta": 52.610477685928345}, "costs": {"total_cost": 1219.4647972277037, "time_cost": 150, "final_distance_cost": 45.16586106916795, "oscillation_cost": 12.628275019490463, "completition_cost": 888.8888888888888, "overshoot_cost": 62.46531247970668, "power_cost": 26.101830236816408, "noise_cost": 34.2146295336335, "n_waypoints_completed": 1, "tot_waypoints": 9}}
{"target": -191.11084103053201, "params": {"k_pid_pos": [1.1831727630286624, 0.06862591141905344, 0.018212343151235932], "k_pid_alt": [1.7294916753484706, 0.03622244342903306, 1.0], "k_pid_att": [30.250738890898795, 3.087070440504731, 0.17493809852730546], "k_pid_yaw": [0.5, 1e-06, 0.1], "k_pid_hsp": [1.7263721588185417, 0.05061123123114446, 0.0], "k_pid_vsp": [143.58298064584017, 1e-06, 9.509540017039974]}, "datetime": {"datetime": "2025-08-13 12:14:16", "elapsed": 8784.235466241837, "delta": 30.777682065963745}, "costs": {"total_cost": 191.11084103053201, "time_cost": 70.82600000000001, "final_distance_cost": 1.8063406949533733, "oscillation_cost": 34.39338743878572, "completition_cost": 0.0, "overshoot_cost": 51.49886324289128, "power_cost": 12.437091357421876, "noise_cost": 20.149158296479747, "n_waypoints_completed": 9, "tot_waypoints": 9}}
{"target": -185.3098489995244, "params": {"k_pid_pos": [0.6138250606579768, 0.0, 0.0], "k_pid_alt": [1.5639911275099248, 0.0, 0.988609515434667], "k_pid_att": [10.813257767761165, 3.400302653649235, 0.30103868661693894], "k_pid_yaw": [0.5, 1e-06, 0.1], "k_pid_hsp": [0.12548921754599693, 0.0, 0.0], "k_pid_vsp": [134.91182781766125, 1e-06, 1.586046526579704]}, "datetime": {"datetime": "2025-08-13 12:14:48", "elapsed": 8816.868506908417, "delta": 32.6330406665802}, "costs": {"total_cost": 185.3098489995244, "time_cost": 75.026, "final_distance_cost": 1.837634290491529, "oscillation_cost": 23.07688542688838, "completition_cost": 0.0, "overshoot_cost": 52.05159476319453, "power_cost": 11.953279821777345, "noise_cost": 21.36445469717263, "n_waypoints_completed": 9, "tot_waypoints": 9}}
{"target": -254.74779235810863, "params": {"k_pid_pos": [0.1541839238566646, 0.2027554306411058, 0.0], "k_pid_alt": [1.738514700650765, 0.0, 1.0], "k_pid_att": [3.2877142269188955, 3.579017326497475, 0.2499492378810096], "k_pid_yaw": [0.5, 1e-06, 0.1], "k_pid_hsp": [3.3171433778479944, 0.0, 0.0], "k_pid_vsp": [104.35700532506827, 1e-06, 1e-06]}, "datetime": {"datetime": "2025-08-13 12:15:31", "elapsed": 8859.568082809448, "delta": 42.699575901031494}, "costs": {"total_cost": 254.74779235810863, "time_cost": 98.406, "final_distance_cost": 1.8418636902348275, "oscillation_cost": 35.8218868256909, "completition_cost": 0.0, "overshoot_cost": 58.792384146537664, "power_cost": 26.89698385009766, "noise_cost": 32.988673845547574, "n_waypoints_completed": 9, "tot_waypoints": 9}}
{"target": -396.2223582048892, "params": {"k_pid_pos": [0.5346719932564976, 0.00675868369927371, 0.09012141165281976], "k_pid_alt": [1.6967704003896729, 0.0, 1.0], "k_pid_att": [17.777974963329214, 2.79000538050574, 0.18315815424632284], "k_pid_yaw": [0.5, 1e-06, 0.1], "k_pid_hsp": [0.02621188926261429, 0.0, 0.0], "k_pid_vsp": [303.3530128764689, 1e-06, 1e-06]}, "datetime": {"datetime": "2025-08-13 12:16:24", "elapsed": 8912.37095952034, "delta": 52.802876710891724}, "costs": {"total_cost": 396.2223582048892, "time_cost": 150, "final_distance_cost": 3.5539144544677543, "oscillation_cost": 9.488755893527543, "completition_cost": 111.11111111111116, "overshoot_cost": 68.14626214152942, "power_cost": 19.00750145263672, "noise_cost": 34.914813151616556, "n_waypoints_completed": 8, "tot_waypoints": 9}}
{"target": -1579.9406304888391, "params": {"k_pid_pos": [0.6101031129789299, 0.011473922598846775, 0.19078349554101448], "k_pid_alt": [1.6339542718265805, 0.017467872514861763, 1.0], "k_pid_att": [36.13051449031958, 5.713981648186783, 0.2883925406566161], "k_pid_yaw": [0.5, 1e-06, 0.1], "k_pid_hsp": [0.0001, 0.3345354077635005, 0.6502275778697524], "k_pid_vsp": [338.40024288394966, 289.38347166373296, 73.21922268060943]}, "datetime": {"datetime": "2025-08-13 12:17:16", "elapsed": 8964.80796289444, "delta": 52.43700337409973}, "costs": {"total_cost": 1579.9406304888391, "time_cost": 150, "final_distance_cost": 49.835245570983325, "oscillation_cost": 663.9409707815579, "completition_cost": 555.5555555555555, "overshoot_cost": 105.36727542487584, "power_cost": 28.758171545410157, "noise_cost": 26.48341161045636, "n_waypoints_completed": 4, "tot_waypoints": 9}}
{"target": -208.68883125024027, "params": {"k_pid_pos": [0.9112048602916846, 0.0, 0.05224066803941532], "k_pid_alt": [1.8531355307781139, 0.0, 1.0], "k_pid_att": [23.891372487085253, 1.6705485050821052, 0.31701510405956007], "k_pid_yaw": [0.5, 1e-06, 0.1], "k_pid_hsp": [0.15390736634272806, 0.09733678666806753, 0.0], "k_pid_vsp": [175.9068627827213, 1e-06, 1e-06]}, "datetime": {"datetime": "2025-08-13 12:17:38", "elapsed": 8986.682967424393, "delta": 21.875004529953003}, "costs": {"total_cost": 208.68883125024027, "time_cost": 74.58500000000001, "final_distance_cost": 1.8602368925859532, "oscillation_cost": 40.7991859132901, "completition_cost": 0.0, "overshoot_cost": 51.59886653868336, "power_cost": 16.39618406982422, "noise_cost": 23.449357835856635, "n_waypoints_completed": 9, "tot_waypoints": 9}}
{"target": -247.6033546772792, "params": {"k_pid_pos": [0.43240508387933724, 0.0, 0.0], "k_pid_alt": [1.698206684999325, 0.5601127440970874, 0.9543981248191274], "k_pid_att": [34.508567597173304, 3.5396884243253814, 0.25771842777397275], "k_pid_yaw": [0.5, 1e-06, 0.1], "k_pid_hsp": [1.6956359892517134, 0.0, 0.0], "k_pid_vsp": [192.29896337830806, 1e-06, 53.466781450593544]}, "datetime": {"datetime": "2025-08-13 12:18:11", "elapsed": 9019.331180810928, "delta": 32.648213386535645}, "costs": {"total_cost": 247.6033546772792, "time_cost": 103.768, "final_distance_cost": 1.8369910126326927, "oscillation_cost": 31.61422871316855, "completition_cost": 0.0, "overshoot_cost": 63.763052329622816, "power_cost": 23.71968953857422, "noise_cost": 22.901393083280936, "n_waypoints_completed": 9, "tot_waypoints": 9}}
