{"target": -193.14269352412293, "params": {"k_pid_pos": [1.2794220602574182, 0.027199845576258506, 0.15339583801756612], "k_pid_alt": [1.587170696975614, 0.0, 0.9670505449143509], "k_pid_att": [33.99700616535064, 1.9678207630141795, 0.1726767546074387], "k_pid_yaw": [0.5, 1e-06, 0.1], "k_pid_hsp": [0.10757699308662445, 0.0, 0.0], "k_pid_vsp": [106.94357056257724, 3.187750796034212, 1e-06]}, "datetime": {"datetime": "2025-08-13 13:34:19", "elapsed": 13587.566596984863, "delta": 18.142236471176147}, "costs": {"total_cost": 193.14269352412293, "time_cost": 73.08, "final_distance_cost": 1.7847709898974724, "oscillation_cost": 28.325242757526894, "completition_cost": 0.0, "overshoot_cost": 52.2912422391747, "power_cost": 15.697483374023438, "noise_cost": 21.96395416350044, "n_waypoints_completed": 9, "tot_waypoints": 9}}
{"target": -192.1815028845146, "params": {"k_pid_pos": [1.2920841340613736, 0.0, 0.24525991278746545], "k_pid_alt": [1.6041959726097201, 0.0, 0.9582669649523439], "k_pid_att": [36.7695478582943, 2.1037815559804436, 0.1757782101974353], "k_pid_yaw": [0.5, 1e-06, 0.1], "k_pid_hsp": [0.39350111502606094, 0.0, 0.0], "k_pid_vsp": [92.35670606294737, 6.377571126372991, 1e-06]}, "datetime": {"datetime": "2025-08-13 13:34:37", "elapsed": 13605.186430931091, "delta": 17.619833946228027}, "costs": {"total_cost": 192.1815028845146, "time_cost": 72.135, "final_distance_cost": 1.8430213988708477, "oscillation_cost": 30.590217312630394, "completition_cost": 0.0, "overshoot_cost": 51.350785567334206, "power_cost": 14.570592919921875, "noise_cost": 21.691885685757295, "n_waypoints_completed": 9, "tot_waypoints": 9}}
{"target": -198.2929646891416, "params": {"k_pid_pos": [1.0965124388883403, 0.0, 0.05028845214545488], "k_pid_alt": [1.6134903233879068, 0.0, 0.9647087987707976], "k_pid_att": [32.345141583639, 3.3017787028959424, 0.2656218011893696], "k_pid_yaw": [0.5, 1e-06, 0.1], "k_pid_hsp": [0.38522958384122846, 0.0, 0.0], "k_pid_vsp": [114.12016623148212, 1e-06, 1e-06]}, "datetime": {"datetime": "2025-08-13 13:34:55", "elapsed": 13623.768073558807, "delta": 18.581642627716064}, "costs": {"total_cost": 198.2929646891416, "time_cost": 73.626, "final_distance_cost": 1.8411030806514193, "oscillation_cost": 30.854499587608494, "completition_cost": 0.0, "overshoot_cost": 51.526732328856774, "power_cost": 17.799785900878906, "noise_cost": 22.644843791146005, "n_waypoints_completed": 9, "tot_waypoints": 9}}
{"target": -206.17495225371337, "params": {"k_pid_pos": [0.48336442364607146, 0.0, 0.18728026108510895], "k_pid_alt": [1.6530984701642661, 0.0, 0.9635034223383839], "k_pid_att": [31.345994533038134, 3.1935772334845938, 0.20667395272761474], "k_pid_yaw": [0.5, 1e-06, 0.1], "k_pid_hsp": [0.3010437629994823, 0.0, 0.0], "k_pid_vsp": [111.27324966670723, 6.405636270825345, 1e-06]}, "datetime": {"datetime": "2025-08-13 13:35:17", "elapsed": 13645.817088365555, "delta": 22.049014806747437}, "costs": {"total_cost": 206.17495225371337, "time_cost": 88.256, "final_distance_cost": 1.8581008714597145, "oscillation_cost": 22.955280149441844, "completition_cost": 0.0, "overshoot_cost": 52.90643943157585, "power_cost": 13.475743786621095, "noise_cost": 26.723388014614862, "n_waypoints_completed": 9, "tot_waypoints": 9}}
{"target": -197.8855302847164, "params": {"k_pid_pos": [1.14865253966493, 0.03393392279629158, 0.0], "k_pid_alt": [1.7020088603554555, 0.0, 0.9519913768276346], "k_pid_att": [35.46716882501182, 3.6232955930656816, 0.24036052406054825], "k_pid_yaw": [0.5, 1e-06, 0.1], "k_pid_hsp": [0.25839564352052635, 0.0, 0.0], "k_pid_vsp": [192.2147271948335, 18.991668765548834, 1e-06]}, "datetime": {"datetime": "2025-08-13 13:35:36", "elapsed": 13664.62629199028, "delta": 18.809203624725342}, "costs": {"total_cost": 197.8855302847164, "time_cost": 72.093, "final_distance_cost": 1.8119172217543047, "oscillation_cost": 30.118211948723047, "completition_cost": 0.0, "overshoot_cost": 51.85266349029374, "power_cost": 19.70571403808594, "noise_cost": 22.30402358585937, "n_waypoints_completed": 9, "tot_waypoints": 9}}
{"target": -190.31491119705024, "params": {"k_pid_pos": [1.1037613322219595, 0.08030462584163175, 0.04819874661427507], "k_pid_alt": [1.6138449921906906, 0.0, 0.8754280760734652], "k_pid_att": [23.537829931923348, 3.041961105447366, 0.24793046040917743], "k_pid_yaw": [0.5, 1e-06, 0.1], "k_pid_hsp": [0.13381037933501583, 0.0, 0.0], "k_pid_vsp": [149.7817100707123, 5.5939285436838375, 1e-06]}, "datetime": {"datetime": "2025-08-13 13:35:55", "elapsed": 13683.855250835419, "delta": 19.22895884513855}, "costs": {"total_cost": 190.31491119705024, "time_cost": 72.71600000000001, "final_distance_cost": 1.7961615940972429, "oscillation_cost": 28.62018225299307, "completition_cost": 0.0, "overshoot_cost": 51.664901188361235, "power_cost": 14.133971557617189, "noise_cost": 21.38369460398146, "n_waypoints_completed": 9, "tot_waypoints": 9}}
{"target": -209.24091557403648, "params": {"k_pid_pos": [0.8817332003153469, 0.0, 0.09365954583460587], "k_pid_alt": [1.5985166880847328, 0.0, 0.9749282218942634], "k_pid_att": [50.841800477523776, 3.010686039305994, 0.29269344051961615], "k_pid_yaw": [0.5, 1e-06, 0.1], "k_pid_hsp": [0.24074301062858539, 0.0, 0.0], "k_pid_vsp": [161.93497736048704, 4.472296458440326, 1e-06]}, "datetime": {"datetime": "2025-08-13 13:36:16", "elapsed": 13704.179867506027, "delta": 20.32461667060852}, "costs": {"total_cost": 209.24091557403648, "time_cost": 75.796, "final_distance_cost": 1.8437121234193592, "oscillation_cost": 27.427896171847042, "completition_cost": 0.0, "overshoot_cost": 52.79505533123681, "power_cost": 25.327586169433594, "noise_cost": 26.05066577809967, "n_waypoints_completed": 9, "tot_waypoints": 9}}
{"target": -1254.7996675995753, "params": {"k_pid_pos": [1.554414976846183, 0.0, 0.11729723152644628], "k_pid_alt": [1.7119118467232808, 0.387641719473692, 0.9803819305021035], "k_pid_att": [33.59033888279487, 3.2212547386507526, 0.1929816653724401], "k_pid_yaw": [0.5, 1e-06, 0.1], "k_pid_hsp": [0.0001, 0.0, 0.0], "k_pid_vsp": [97.67674385161243, 1e-06, 0.44547891826044206]}, "datetime": {"datetime": "2025-08-13 13:36:45", "elapsed": 13733.608483314514, "delta": 29.42861580848694}, "costs": {"total_cost": 1254.7996675995753, "time_cost": 150, "final_distance_cost": 48.811177335849166, "oscillation_cost": 0.039885161460677304, "completition_cost": 888.8888888888888, "overshoot_cost": 107.08722273054023, "power_cost": 25.69406101074219, "noise_cost": 34.2784324720943, "n_waypoints_completed": 1, "tot_waypoints": 9}}
{"target": -184.48401337830737, "params": {"k_pid_pos": [0.9103589500529172, 0.0, 0.0], "k_pid_alt": [1.6655240100093125, 0.0, 1.0], "k_pid_att": [25.983028138192353, 3.0711287971794183, 0.2602685948950001], "k_pid_yaw": [0.5, 1e-06, 0.1], "k_pid_hsp": [0.41966775405629875, 0.006850034770790436, 0.0], "k_pid_vsp": [126.72523827882614, 7.74320185562389, 1e-06]}, "datetime": {"datetime": "2025-08-13 13:37:04", "elapsed": 13752.737839698792, "delta": 19.129356384277344}, "costs": {"total_cost": 184.48401337830737, "time_cost": 72.07900000000001, "final_distance_cost": 1.849401966629154, "oscillation_cost": 29.515510634021233, "completition_cost": 0.0, "overshoot_cost": 50.48025406369528, "power_cost": 10.359516564941407, "noise_cost": 20.20033014902029, "n_waypoints_completed": 9, "tot_waypoints": 9}}
{"target": -195.7586143051565, "params": {"k_pid_pos": [0.7677989969209541, 0.008788289233977772, 0.0], "k_pid_alt": [1.5158462235281573, 0.0, 0.9729256854254289], "k_pid_att": [30.645889062280965, 3.934007687774344, 0.25977040040765104], "k_pid_yaw": [0.5, 1e-06, 0.1], "k_pid_hsp": [0.05497594995474819, 0.0, 0.0], "k_pid_vsp": [140.05861679619056, 6.604434370375193, 1.0703613216797234]}, "datetime": {"datetime": "2025-08-13 13:37:27", "elapsed": 13775.6167345047, "delta": 22.878894805908203}, "costs": {"total_cost": 195.7586143051565, "time_cost": 81.249, "final_distance_cost": 1.7853691445293622, "oscillation_cost": 20.568761965413433, "completition_cost": 0.0, "overshoot_cost": 55.1726357896092, "power_cost": 13.719543115234377, "noise_cost": 23.26330429037011, "n_waypoints_completed": 9, "tot_waypoints": 9}}
{"target": -187.17015788501385, "params": {"k_pid_pos": [1.1445556710684872, 0.0, 0.19036943128671807], "k_pid_alt": [1.6086591065294424, 0.0, 0.9727289543826473], "k_pid_att": [35.530892416080846, 2.9426225281172735, 0.1908446212808091], "k_pid_yaw": [0.5, 1e-06, 0.1], "k_pid_hsp": [0.27293406183616403, 0.0, 0.0], "k_pid_vsp": [102.19107858651621, 7.444468295569537, 1e-06]}, "datetime": {"datetime": "2025-08-13 13:37:47", "elapsed": 13795.693175792694, "delta": 20.076441287994385}, "costs": {"total_cost": 187.17015788501385, "time_cost": 72.037, "final_distance_cost": 1.8361784506670131, "oscillation_cost": 29.58292388358939, "completition_cost": 0.0, "overshoot_cost": 51.09822175803642, "power_cost": 12.088482421875, "noise_cost": 20.527351370846016, "n_waypoints_completed": 9, "tot_waypoints": 9}}
{"target": -193.71679237734608, "params": {"k_pid_pos": [0.5617141586002385, 0.0, 0.0], "k_pid_alt": [1.4290790603499748, 0.0, 0.9499034174150952], "k_pid_att": [31.899699305187134, 4.571629960701551, 0.2735313375018218], "k_pid_yaw": [0.5, 1e-06, 0.1], "k_pid_hsp": [0.23119802659593242, 0.0, 0.0], "k_pid_vsp": [169.7578370014127, 7.7110987110582485, 1e-06]}, "datetime": {"datetime": "2025-08-13 13:38:09", "elapsed": 13817.794127941132, "delta": 22.1009521484375}, "costs": {"total_cost": 193.71679237734608, "time_cost": 78.708, "final_distance_cost": 1.8475969387793496, "oscillation_cost": 25.103725050915003, "completition_cost": 0.0, "overshoot_cost": 51.682250644868276, "power_cost": 13.386465283203126, "noise_cost": 22.988754459580317, "n_waypoints_completed": 9, "tot_waypoints": 9}}
{"target": -191.0743270124073, "params": {"k_pid_pos": [1.7409936359126, 0.0, 0.026953573193088887], "k_pid_alt": [1.5386706891924384, 0.0, 0.9869164841890875], "k_pid_att": [9.519366166705147, 2.8757466416612614, 0.43676942586158973], "k_pid_yaw": [0.5, 1e-06, 0.1], "k_pid_hsp": [0.27212412511505907, 0.0, 0.0], "k_pid_vsp": [146.50880542061168, 26.28312441653404, 0.13316576736104144]}, "datetime": {"datetime": "2025-08-13 13:38:29", "elapsed": 13837.27574133873, "delta": 19.481613397598267}, "costs": {"total_cost": 191.0743270124073, "time_cost": 71.127, "final_distance_cost": 1.7668471878825827, "oscillation_cost": 33.83661311241346, "completition_cost": 0.0, "overshoot_cost": 51.002652729718996, "power_cost": 13.003351416015626, "noise_cost": 20.33786256637665, "n_waypoints_completed": 9, "tot_waypoints": 9}}
{"target": -197.045517850936, "params": {"k_pid_pos": [1.2226305165869689, 0.0, 0.09213197330334236], "k_pid_alt": [1.5150448715565912, 0.0, 0.9735054091141015], "k_pid_att": [39.13312305949769, 2.7806747656854918, 0.31268018744750226], "k_pid_yaw": [0.5, 1e-06, 0.1], "k_pid_hsp": [0.09755983430017372, 0.0, 0.0], "k_pid_vsp": [148.77527907578886, 10.109423432482298, 1e-06]}, "datetime": {"datetime": "2025-08-13 13:38:48", "elapsed": 13856.13681268692, "delta": 18.861071348190308}, "costs": {"total_cost": 197.045517850936, "time_cost": 74.739, "final_distance_cost": 1.7726794256583203, "oscillation_cost": 29.329847402994517, "completition_cost": 0.0, "overshoot_cost": 52.970001142179584, "power_cost": 16.14469962158203, "noise_cost": 22.089290258521537, "n_waypoints_completed": 9, "tot_waypoints": 9}}
{"target": -191.6775609468723, "params": {"k_pid_pos": [0.6244364691856978, 0.0, 0.0], "k_pid_alt": [1.6041243530693596, 0.0, 0.9770360590088641], "k_pid_att": [32.28881913532819, 4.217965384822482, 0.3119695206140569], "k_pid_yaw": [0.5, 1e-06, 0.1], "k_pid_hsp": [0.09760570426072215, 0.0, 0.0], "k_pid_vsp": [134.77092580813246, 1e-06, 1e-06]}, "datetime": {"datetime": "2025-08-13 13:39:07", "elapsed": 13875.498618602753, "delta": 19.36180591583252}, "costs": {"total_cost": 191.6775609468723, "time_cost": 75.166, "final_distance_cost": 1.8226555355951808, "oscillation_cost": 22.06796159034061, "completition_cost": 0.0, "overshoot_cost": 52.9651641619417, "power_cost": 16.954353564453125, "noise_cost": 22.701426094541674, "n_waypoints_completed": 9, "tot_waypoints": 9}}
{"target": -189.89999775137312, "params": {"k_pid_pos": [0.8419699697567464, 0.0, 0.0032918591113758403], "k_pid_alt": [1.310480546031239, 0.0, 0.967796322503146], "k_pid_att": [39.18172994234391, 3.684607567910874, 0.2660808789337903], "k_pid_yaw": [0.5, 1e-06, 0.1], "k_pid_hsp": [0.28437285021847253, 0.0, 0.0], "k_pid_vsp": [159.64284681981087, 7.862901390977896, 1e-06]}, "datetime": {"datetime": "2025-08-13 13:39:26", "elapsed": 13894.685628175735, "delta": 19.187009572982788}, "costs": {"total_cost": 189.89999775137312, "time_cost": 74.473, "final_distance_cost": 1.8452371025126637, "oscillation_cost": 27.855181340488986, "completition_cost": 0.0, "overshoot_cost": 51.41257334408169, "power_cost": 12.951635754394532, "noise_cost": 21.362370209895246, "n_waypoints_completed": 9, "tot_waypoints": 9}}
{"target": -184.99807495958356, "params": {"k_pid_pos": [0.886074073408635, 0.0, 0.0], "k_pid_alt": [1.5974986874580563, 0.0, 0.9830303681404027], "k_pid_att": [30.47768183000035, 3.725678995663677, 0.24931929326780825], "k_pid_yaw": [0.5, 1e-06, 0.1], "k_pid_hsp": [0.11962330605001131, 0.0, 0.0], "k_pid_vsp": [114.72075445798644, 7.5840506873835976, 1e-06]}, "datetime": {"datetime": "2025-08-13 13:39:45", "elapsed": 13913.356725931168, "delta": 18.67109775543213}, "costs": {"total_cost": 184.99807495958356, "time_cost": 73.199, "final_distance_cost": 1.8217722028183496, "oscillation_cost": 26.008313572994293, "completition_cost": 0.0, "overshoot_cost": 51.68955485747463, "power_cost": 11.650648828125, "noise_cost": 20.628785498171297, "n_waypoints_completed": 9, "tot_waypoints": 9}}
{"target": -1247.1986062983792, "params": {"k_pid_pos": [1.412529160211843, 0.0, 0.03334146354254214], "k_pid_alt": [1.4707455274077819, 0.0, 1.0], "k_pid_att": [31.993124808334738, 4.789583088342886, 0.36019907370929066], "k_pid_yaw": [0.5, 1e-06, 0.1], "k_pid_hsp": [0.0001, 0.0, 0.0], "k_pid_vsp": [134.8291946164342, 0.3259263327495594, 4.336920505369166]}, "datetime": {"datetime": "2025-08-13 13:40:17", "elapsed": 13945.64755153656, "delta": 32.290825605392456}, "costs": {"total_cost": 1247.1986062983792, "time_cost": 150, "final_distance_cost": 48.560328217073874, "oscillation_cost": 0.005035286152463461, "completition_cost": 888.8888888888888, "overshoot_cost": 106.05681943730326, "power_cost": 20.679196789550783, "noise_cost": 33.008337679409834, "n_waypoints_completed": 1, "tot_waypoints": 9}}
{"target": -200.26029548197118, "params": {"k_pid_pos": [1.0636576266889008, 0.0, 0.04390493885010119], "k_pid_alt": [1.5152601577598461, 0.0, 0.96420376072482], "k_pid_att": [31.510925942205727, 3.136517223176403, 0.3338786900260563], "k_pid_yaw": [0.5, 1e-06, 0.1], "k_pid_hsp": [0.230163879088358, 0.0, 0.0], "k_pid_vsp": [114.57056619798968, 6.983247830567054, 1e-06]}, "datetime": {"datetime": "2025-08-13 13:40:37", "elapsed": 13965.843646764755, "delta": 20.19609522819519}, "costs": {"total_cost": 200.26029548197118, "time_cost": 73.556, "final_distance_cost": 1.821335998903982, "oscillation_cost": 29.702901951285543, "completition_cost": 0.0, "overshoot_cost": 51.65256967489796, "power_cost": 20.39586788330078, "noise_cost": 23.131619973582943, "n_waypoints_completed": 9, "tot_waypoints": 9}}
{"target": -200.66428286521707, "params": {"k_pid_pos": [1.1494958693343549, 0.0, 0.16700746892743473], "k_pid_alt": [1.6679207788762478, 0.0, 0.9596488345212878], "k_pid_att": [30.47681968196697, 2.1847868764964575, 0.21593297351232088], "k_pid_yaw": [0.5, 1e-06, 0.1], "k_pid_hsp": [0.4042453574006695, 0.0, 0.0], "k_pid_vsp": [74.06026693199847, 0.8468415090984935, 1e-06]}, "datetime": {"datetime": "2025-08-13 13:40:57", "elapsed": 13985.12780213356, "delta": 19.28415536880493}, "costs": {"total_cost": 200.66428286521707, "time_cost": 73.507, "final_distance_cost": 1.8416308291246166, "oscillation_cost": 30.55983788119282, "completition_cost": 0.0, "overshoot_cost": 52.100712875550016, "power_cost": 19.268722607421875, "noise_cost": 23.386378671927762, "n_waypoints_completed": 9, "tot_waypoints": 9}}
{"target": -223.80540931610838, "params": {"k_pid_pos": [1.1506320793143798, 0.26960050421100645, 0.0003956372781692141], "k_pid_alt": [0.6386179967402444, 0.0, 0.9736829521652962], "k_pid_att": [33.89352496405073, 3.9143904621355188, 0.2834616707030606], "k_pid_yaw": [0.5, 1e-06, 0.1], "k_pid_hsp": [0.2052832704165878, 0.006683594106520492, 0.0], "k_pid_vsp": [45.57364809409694, 11.637306125195625, 1e-06]}, "datetime": {"datetime": "2025-08-13 13:41:22", "elapsed": 14010.366403102875, "delta": 25.238600969314575}, "costs": {"total_cost": 223.80540931610838, "time_cost": 95.291, "final_distance_cost": 1.860232021474788, "oscillation_cost": 34.43068201474607, "completition_cost": 0.0, "overshoot_cost": 53.27702233218477, "power_cost": 13.03079287109375, "noise_cost": 25.915680076609025, "n_waypoints_completed": 9, "tot_waypoints": 9}}
{"target": -193.94535917947155, "params": {"k_pid_pos": [0.872213621075774, 0.0, 0.0], "k_pid_alt": [1.917919709959856, 0.0, 0.9720199006006424], "k_pid_att": [47.80315158771557, 4.35371736117822, 0.272788157653508], "k_pid_yaw": [0.5, 1e-06, 0.1], "k_pid_hsp": [0.3146482492437117, 0.0, 0.0], "k_pid_vsp": [220.3344910698565, 6.655581197343406, 4.541318324768814]}, "datetime": {"datetime": "2025-08-13 13:41:40", "elapsed": 14028.907849788666, "delta": 18.541446685791016}, "costs": {"total_cost": 193.94535917947155, "time_cost": 72.604, "final_distance_cost": 1.8351292336842862, "oscillation_cost": 27.58563283102662, "completition_cost": 0.0, "overshoot_cost": 51.3566013787125, "power_cost": 18.1072958984375, "noise_cost": 22.456699837610635, "n_waypoints_completed": 9, "tot_waypoints": 9}}
{"target": -186.19855547573522, "params": {"k_pid_pos": [0.8031638601968717, 0.0, 0.0], "k_pid_alt": [1.7678613136351595, 0.0, 0.9877268681003527], "k_pid_att": [15.379678468401774, 2.7140938946786703, 0.2874710370890676], "k_pid_yaw": [0.5, 1e-06, 0.1], "k_pid_hsp": [0.2763626496719642, 0.0, 0.0], "k_pid_vsp": [102.6220871242314, 4.309336422891189, 1e-06]}, "datetime": {"datetime": "2025-08-13 13:42:00", "elapsed": 14048.038074016571, "delta": 19.130224227905273}, "costs": {"total_cost": 186.19855547573522, "time_cost": 72.905, "final_distance_cost": 1.8355672213044487, "oscillation_cost": 27.388721373110787, "completition_cost": 0.0, "overshoot_cost": 51.61299249154026, "power_cost": 11.588869702148438, "noise_cost": 20.8674046876313, "n_waypoints_completed": 9, "tot_waypoints": 9}}
{"target": -200.4977811726262, "params": {"k_pid_pos": [1.0988081490632895, 0.08731145826288253, 0.05765460805392207], "k_pid_alt": [1.6162923741582997, 0.0, 0.9476059509908484], "k_pid_att": [28.239166606127192, 2.71689303789977, 0.16555393151463366], "k_pid_yaw": [0.5, 1e-06, 0.1], "k_pid_hsp": [0.4603460806859466, 0.0, 0.0], "k_pid_vsp": [111.05206263445649, 9.046081672183185, 0.4598846118729079]}, "datetime": {"datetime": "2025-08-13 13:42:20", "elapsed": 14068.840361595154, "delta": 20.802287578582764}, "costs": {"total_cost": 200.4977811726262, "time_cost": 74.221, "final_distance_cost": 1.8099480345829204, "oscillation_cost": 31.429516899985206, "completition_cost": 0.0, "overshoot_cost": 51.62035018340997, "power_cost": 18.58100836181641, "noise_cost": 22.83595769283169, "n_waypoints_completed": 9, "tot_waypoints": 9}}
{"target": -201.2271665054977, "params": {"k_pid_pos": [1.6210442168969235, 0.08833947736624659, 0.0], "k_pid_alt": [1.6474894650442848, 0.0, 0.9971417145954511], "k_pid_att": [32.848981524998244, 3.2842347288845333, 0.2554252740802767], "k_pid_yaw": [0.5, 1e-06, 0.1], "k_pid_hsp": [1.0227388739207122, 0.024682009506928698, 0.0], "k_pid_vsp": [137.79191814482948, 5.251814366213525, 1e-06]}, "datetime": {"datetime": "2025-08-13 13:42:40", "elapsed": 14088.858545064926, "delta": 20.01818346977234}, "costs": {"total_cost": 201.2271665054977, "time_cost": 72.31, "final_distance_cost": 1.7594099243648553, "oscillation_cost": 35.209756684033536, "completition_cost": 0.0, "overshoot_cost": 52.20984997278803, "power_cost": 17.844905493164063, "noise_cost": 21.89324443114722, "n_waypoints_completed": 9, "tot_waypoints": 9}}
{"target": -193.3250464167069, "params": {"k_pid_pos": [0.7669012712332888, 0.0, 0.022331616027516564], "k_pid_alt": [1.5963498361606903, 0.0, 0.9948625378333836], "k_pid_att": [32.224573353786454, 3.747523656915299, 0.29396416948242454], "k_pid_yaw": [0.5, 1e-06, 0.1], "k_pid_hsp": [0.32280446691213616, 0.0, 0.0], "k_pid_vsp": [92.87431422644791, 6.675554970915889, 0.27069897038390633]}, "datetime": {"datetime": "2025-08-13 13:43:01", "elapsed": 14109.4263381958, "delta": 20.567793130874634}, "costs": {"total_cost": 193.3250464167069, "time_cost": 74.249, "final_distance_cost": 1.8430747899938313, "oscillation_cost": 27.148708527418496, "completition_cost": 0.0, "overshoot_cost": 51.31771855246927, "power_cost": 15.90734580078125, "noise_cost": 22.85919874604406, "n_waypoints_completed": 9, "tot_waypoints": 9}}
