{"target": -185.88166549238247, "params": {"k_pid_pos": [1.1983058888186662, 0.0, 0.08623825530239895], "k_pid_alt": [1.6188127406908062, 0.0, 0.9404108780258206], "k_pid_att": [25.696969203982064, 3.362446079440266, 0.25392972017970067], "k_pid_yaw": [0.5, 1e-06, 0.1], "k_pid_hsp": [0.25498451107484177, 0.0, 0.0], "k_pid_vsp": [117.53074746045608, 21.301434279962535, 1e-06]}, "datetime": {"datetime": "2025-08-13 16:03:21", "elapsed": 22529.312639951706, "delta": 18.226943016052246}, "costs": {"total_cost": 185.88166549238247, "time_cost": 71.008, "final_distance_cost": 1.8238567139704762, "oscillation_cost": 30.08095493188686, "completition_cost": 0.0, "overshoot_cost": 50.667108887508746, "power_cost": 12.111805798339844, "noise_cost": 20.189939160676538, "n_waypoints_completed": 9, "tot_waypoints": 9}}
{"target": -196.23414658771128, "params": {"k_pid_pos": [1.3234645097796134, 0.0, 0.06712393103572883], "k_pid_alt": [1.6094317090313905, 0.0, 0.9468093851078233], "k_pid_att": [35.00080497701256, 3.3062004931251643, 0.24872214716543165], "k_pid_yaw": [0.5, 1e-06, 0.1], "k_pid_hsp": [0.32241170115660267, 0.0, 0.0], "k_pid_vsp": [120.53704046933031, 19.532239151954776, 1e-06]}, "datetime": {"datetime": "2025-08-13 16:03:40", "elapsed": 22548.343047857285, "delta": 19.030407905578613}, "costs": {"total_cost": 196.23414658771128, "time_cost": 71.736, "final_distance_cost": 1.817753407129676, "oscillation_cost": 30.845724541848696, "completition_cost": 0.0, "overshoot_cost": 51.37694581443199, "power_cost": 18.535146875000002, "noise_cost": 21.9225759493009, "n_waypoints_completed": 9, "tot_waypoints": 9}}
{"target": -219.73148647230798, "params": {"k_pid_pos": [0.9702628341363803, 0.05807089366188792, 0.007592144252231335], "k_pid_alt": [1.6591939654287078, 0.025818487960846064, 0.9556495998097617], "k_pid_att": [32.04209482084418, 3.586806657249323, 0.28135954703742333], "k_pid_yaw": [0.5, 1e-06, 0.1], "k_pid_hsp": [0.03763827428796079, 0.0, 0.0], "k_pid_vsp": [130.17784028616055, 39.82300821006466, 0.10575632784726013]}, "datetime": {"datetime": "2025-08-13 16:04:04", "elapsed": 22572.665105581284, "delta": 24.322057723999023}, "costs": {"total_cost": 219.73148647230798, "time_cost": 95.095, "final_distance_cost": 1.7960538348719535, "oscillation_cost": 19.20766495548619, "completition_cost": 0.0, "overshoot_cost": 59.928590457858625, "power_cost": 15.632888647460938, "noise_cost": 28.07128857663029, "n_waypoints_completed": 9, "tot_waypoints": 9}}
{"target": -206.39296888026223, "params": {"k_pid_pos": [0.732504832403185, 0.0, 0.0], "k_pid_alt": [1.621457320327763, 0.0, 0.9215414096455127], "k_pid_att": [41.2747055679982, 3.397612215559001, 0.24861115436748252], "k_pid_yaw": [0.5, 1e-06, 0.1], "k_pid_hsp": [0.041027188488159755, 0.0, 0.0], "k_pid_vsp": [124.24896967710454, 9.936628636547859, 0.5380781794625932]}, "datetime": {"datetime": "2025-08-13 16:04:28", "elapsed": 22596.490775346756, "delta": 23.825669765472412}, "costs": {"total_cost": 206.39296888026223, "time_cost": 93.394, "final_distance_cost": 1.8065611667018866, "oscillation_cost": 16.32406960175577, "completition_cost": 0.0, "overshoot_cost": 59.08517447486548, "power_cost": 10.606215209960938, "noise_cost": 25.176948426978168, "n_waypoints_completed": 9, "tot_waypoints": 9}}
{"target": -196.97604186814885, "params": {"k_pid_pos": [1.154637736933657, 0.0, 0.0743541812491523], "k_pid_alt": [1.5736835187730334, 0.0, 0.9392333972763808], "k_pid_att": [34.73956270185702, 3.3925266638483045, 0.27399306896066106], "k_pid_yaw": [0.5, 1e-06, 0.1], "k_pid_hsp": [0.4449980705803444, 0.0, 0.0], "k_pid_vsp": [91.72952922640879, 19.39192919277553, 0.029133783618233905]}, "datetime": {"datetime": "2025-08-13 16:04:46", "elapsed": 22614.771082401276, "delta": 18.280307054519653}, "costs": {"total_cost": 196.97604186814885, "time_cost": 73.108, "final_distance_cost": 1.8362819866157676, "oscillation_cost": 31.073591930908087, "completition_cost": 0.0, "overshoot_cost": 51.193609783751256, "power_cost": 17.654224035644532, "noise_cost": 22.11033413122918, "n_waypoints_completed": 9, "tot_waypoints": 9}}
{"target": -185.74502115046593, "params": {"k_pid_pos": [1.2225836675346229, 0.0, 0.09059385367400279], "k_pid_alt": [1.6274801038678277, 0.0, 0.9302369171324736], "k_pid_att": [39.24249181547302, 3.3104868416075446, 0.24898317532166594], "k_pid_yaw": [0.5, 1e-06, 0.1], "k_pid_hsp": [0.24306482663965606, 0.0, 0.0], "k_pid_vsp": [180.32883094217158, 24.511152207863233, 1e-06]}, "datetime": {"datetime": "2025-08-13 16:05:07", "elapsed": 22635.310178756714, "delta": 20.539096355438232}, "costs": {"total_cost": 185.74502115046593, "time_cost": 71.036, "final_distance_cost": 1.8265549217224246, "oscillation_cost": 30.098120709463238, "completition_cost": 0.0, "overshoot_cost": 50.92793553340517, "power_cost": 11.723151208496095, "noise_cost": 20.133258777379016, "n_waypoints_completed": 9, "tot_waypoints": 9}}
{"target": -789.2391645946878, "params": {"k_pid_pos": [1.2686204186463133, 0.012246256766773501, 0.0471261455013198], "k_pid_alt": [1.592097069328468, 0.0, 0.9381609850193622], "k_pid_att": [53.62591555290106, 4.17617886210648, 0.2473119192697869], "k_pid_yaw": [0.5, 1e-06, 0.1], "k_pid_hsp": [0.060888028668357935, 0.4618587329017457, 0.00011502970978741547], "k_pid_vsp": [244.14031807946134, 173.31311123515687, 1e-06]}, "datetime": {"datetime": "2025-08-13 16:05:37", "elapsed": 22665.847327947617, "delta": 30.53714919090271}, "costs": {"total_cost": 789.2391645946878, "time_cost": 150, "final_distance_cost": 65.79431294495004, "oscillation_cost": 114.3113536326857, "completition_cost": 333.33333333333337, "overshoot_cost": 56.2896659826353, "power_cost": 34.272086437988285, "noise_cost": 35.23841226309525, "n_waypoints_completed": 6, "tot_waypoints": 9}}
{"target": -187.67217676398792, "params": {"k_pid_pos": [0.7918573760185249, 0.0, 0.1487802522055317], "k_pid_alt": [1.602498548585024, 0.0, 0.9006625050630133], "k_pid_att": [25.61153948774314, 1.4545470118686241, 0.2657146041342098], "k_pid_yaw": [0.5, 1e-06, 0.1], "k_pid_hsp": [0.3485614553935103, 0.015661446384021796, 0.0], "k_pid_vsp": [140.27374157200717, 12.809772002143678, 1e-06]}, "datetime": {"datetime": "2025-08-13 16:05:56", "elapsed": 22684.935312747955, "delta": 19.087984800338745}, "costs": {"total_cost": 187.67217676398792, "time_cost": 75.005, "final_distance_cost": 1.8462517283801585, "oscillation_cost": 27.21039496525346, "completition_cost": 0.0, "overshoot_cost": 50.955320631802245, "power_cost": 11.164129748535156, "noise_cost": 21.49107969001694, "n_waypoints_completed": 9, "tot_waypoints": 9}}
{"target": -189.25138801074144, "params": {"k_pid_pos": [1.1414206436779415, 0.0, 0.08078663881457616], "k_pid_alt": [1.6073492595614693, 0.0, 0.9430193642892023], "k_pid_att": [36.890073948538856, 3.530406686116602, 0.2509734303291712], "k_pid_yaw": [0.5, 1e-06, 0.1], "k_pid_hsp": [0.1519356893173014, 0.0, 0.0], "k_pid_vsp": [126.86214301565276, 28.30253916270093, 1e-06]}, "datetime": {"datetime": "2025-08-13 16:06:14", "elapsed": 22702.326784849167, "delta": 17.391472101211548}, "costs": {"total_cost": 189.25138801074144, "time_cost": 71.4, "final_distance_cost": 1.827167423724313, "oscillation_cost": 28.52240000129218, "completition_cost": 0.0, "overshoot_cost": 51.15395420908872, "power_cost": 15.055745947265626, "noise_cost": 21.29212042937058, "n_waypoints_completed": 9, "tot_waypoints": 9}}
{"target": -193.3137040248425, "params": {"k_pid_pos": [1.1611625817321072, 0.0, 0.09022035305655438], "k_pid_alt": [1.6275723249039293, 0.0, 0.9366502914301285], "k_pid_att": [34.027620211783976, 3.9381611570148887, 0.2508277407733423], "k_pid_yaw": [0.5, 1e-06, 0.1], "k_pid_hsp": [0.26422882285000693, 0.0, 0.0], "k_pid_vsp": [125.6165994105444, 25.410961462739955, 1e-06]}, "datetime": {"datetime": "2025-08-13 16:06:32", "elapsed": 22720.32176542282, "delta": 17.994980573654175}, "costs": {"total_cost": 193.3137040248425, "time_cost": 71.491, "final_distance_cost": 1.8287512768007226, "oscillation_cost": 29.280425009891474, "completition_cost": 0.0, "overshoot_cost": 51.13051231133148, "power_cost": 17.686970361328125, "noise_cost": 21.89604506549072, "n_waypoints_completed": 9, "tot_waypoints": 9}}
{"target": -192.81844194907166, "params": {"k_pid_pos": [0.9397187118023453, 0.0009348005082554943, 0.08258781669517162], "k_pid_alt": [1.5877608923405402, 0.0, 0.9439910391054283], "k_pid_att": [35.8251344935073, 3.4370412650576707, 0.062379289471568566], "k_pid_yaw": [0.5, 1e-06, 0.1], "k_pid_hsp": [0.2422460908713036, 0.0, 0.0], "k_pid_vsp": [124.47494212345931, 23.88244968259485, 1e-06]}, "datetime": {"datetime": "2025-08-13 16:06:51", "elapsed": 22738.98961997032, "delta": 18.66785454750061}, "costs": {"total_cost": 192.81844194907166, "time_cost": 72.002, "final_distance_cost": 1.843865282041362, "oscillation_cost": 28.923949910624074, "completition_cost": 0.0, "overshoot_cost": 51.236203155029465, "power_cost": 16.807235302734377, "noise_cost": 22.005188298642405, "n_waypoints_completed": 9, "tot_waypoints": 9}}
{"target": -191.90953735626246, "params": {"k_pid_pos": [1.782437993189443, 0.0, 0.06853776634791642], "k_pid_alt": [1.6582238517741208, 0.0, 0.9348377105570318], "k_pid_att": [36.7605023643275, 3.2820721120870298, 0.2223869138120043], "k_pid_yaw": [0.5, 1e-06, 0.1], "k_pid_hsp": [0.2705683184393308, 0.0, 0.0], "k_pid_vsp": [124.4012857373785, 22.95389563056948, 1e-06]}, "datetime": {"datetime": "2025-08-13 16:07:08", "elapsed": 22756.595487594604, "delta": 17.605867624282837}, "costs": {"total_cost": 191.90953735626246, "time_cost": 70.896, "final_distance_cost": 1.8134941813884224, "oscillation_cost": 32.96042990608068, "completition_cost": 0.0, "overshoot_cost": 50.976047682927174, "power_cost": 14.388387023925782, "noise_cost": 20.875178561940412, "n_waypoints_completed": 9, "tot_waypoints": 9}}
{"target": -191.13658410950765, "params": {"k_pid_pos": [1.148575013103513, 0.0, 0.07983955498228887], "k_pid_alt": [1.6275301579096628, 0.0, 0.9417634619891259], "k_pid_att": [35.417657286858606, 3.375221496595442, 0.25000635182895575], "k_pid_yaw": [0.5, 1e-06, 0.1], "k_pid_hsp": [0.2979137802007579, 0.0, 0.0], "k_pid_vsp": [118.22811980989455, 21.62133784105942, 1e-06]}, "datetime": {"datetime": "2025-08-13 16:07:26", "elapsed": 22774.391811847687, "delta": 17.796324253082275}, "costs": {"total_cost": 191.13658410950765, "time_cost": 71.34400000000001, "final_distance_cost": 1.8316080914402955, "oscillation_cost": 29.821570834558397, "completition_cost": 0.0, "overshoot_cost": 50.69972731163318, "power_cost": 15.91889265136719, "noise_cost": 21.520785220508575, "n_waypoints_completed": 9, "tot_waypoints": 9}}
{"target": -196.66889034088805, "params": {"k_pid_pos": [1.1602305904962358, 0.0, 0.08659274833019547], "k_pid_alt": [1.639444737485552, 0.0, 0.7844613088169178], "k_pid_att": [37.03836889791551, 3.3444371871785683, 0.2746871717227108], "k_pid_yaw": [0.5, 1e-06, 0.1], "k_pid_hsp": [0.2936331829778048, 0.0, 0.0], "k_pid_vsp": [123.73617044885883, 23.526517066602576, 1e-06]}, "datetime": {"datetime": "2025-08-13 16:07:44", "elapsed": 22792.322023153305, "delta": 17.930211305618286}, "costs": {"total_cost": 196.66889034088805, "time_cost": 71.72200000000001, "final_distance_cost": 1.8265310905301502, "oscillation_cost": 29.3348154937781, "completition_cost": 0.0, "overshoot_cost": 51.35105752352723, "power_cost": 19.95569919433594, "noise_cost": 22.478787038716632, "n_waypoints_completed": 9, "tot_waypoints": 9}}
{"target": -191.3520612285244, "params": {"k_pid_pos": [1.0904612237762747, 0.0, 0.07828431795269361], "k_pid_alt": [1.5762951869785944, 0.0, 0.9543446681901158], "k_pid_att": [35.457503052471075, 3.3369929512767746, 0.24035401955815863], "k_pid_yaw": [0.5, 1e-06, 0.1], "k_pid_hsp": [0.26859234440523944, 0.0, 0.0], "k_pid_vsp": [126.62068272230105, 37.1673081231091, 1e-06]}, "datetime": {"datetime": "2025-08-13 16:08:02", "elapsed": 22809.986558914185, "delta": 17.664535760879517}, "costs": {"total_cost": 191.3520612285244, "time_cost": 71.46300000000001, "final_distance_cost": 1.8382213347337077, "oscillation_cost": 29.23166160300769, "completition_cost": 0.0, "overshoot_cost": 51.10532350049547, "power_cost": 16.22026922607422, "noise_cost": 21.49358556421333, "n_waypoints_completed": 9, "tot_waypoints": 9}}
{"target": -200.45169321820458, "params": {"k_pid_pos": [1.156311971536351, 0.0, 0.15735775634151133], "k_pid_alt": [1.8211445685842025, 0.0, 0.868873860802644], "k_pid_att": [35.71713277870926, 3.911575218555941, 0.25226680747657143], "k_pid_yaw": [0.5, 1e-06, 0.1], "k_pid_hsp": [0.3249623228722071, 0.0, 0.0], "k_pid_vsp": [121.37841330423355, 22.673303610743478, 1e-06]}, "datetime": {"datetime": "2025-08-13 16:08:20", "elapsed": 22828.52948284149, "delta": 18.54292392730713}, "costs": {"total_cost": 200.45169321820458, "time_cost": 72.611, "final_distance_cost": 1.8362662144015809, "oscillation_cost": 29.232654716252394, "completition_cost": 0.0, "overshoot_cost": 52.16259574146921, "power_cost": 21.459173388671875, "noise_cost": 23.150003157409525, "n_waypoints_completed": 9, "tot_waypoints": 9}}
{"target": -180.36800712783057, "params": {"k_pid_pos": [1.0060443909457706, 0.0, 0.0270233353403347], "k_pid_alt": [1.6432533034618646, 0.0, 0.9260803687442238], "k_pid_att": [37.63343518278875, 2.8772243929111156, 0.24534007384202464], "k_pid_yaw": [0.5, 1e-06, 0.1], "k_pid_hsp": [0.27421421569820115, 0.0, 0.0], "k_pid_vsp": [120.33355639370596, 18.075971617405614, 1e-06]}, "datetime": {"datetime": "2025-08-13 16:08:38", "elapsed": 22846.15583372116, "delta": 17.62635087966919}, "costs": {"total_cost": 180.36800712783057, "time_cost": 70.882, "final_distance_cost": 1.8411660125564226, "oscillation_cost": 29.52430226579194, "completition_cost": 0.0, "overshoot_cost": 50.5208452417663, "power_cost": 8.549624743652345, "noise_cost": 19.050068864063558, "n_waypoints_completed": 9, "tot_waypoints": 9}}
{"target": -184.2796696620009, "params": {"k_pid_pos": [0.6551387831940669, 0.05191753303174435, 0.035138620189667465], "k_pid_alt": [1.574165379002415, 0.0, 0.9818436667612711], "k_pid_att": [34.42461760882153, 3.1779907103563754, 0.2491001314742046], "k_pid_yaw": [0.5, 1e-06, 0.1], "k_pid_hsp": [0.13094672276272148, 0.0009436359668934349, 0.0], "k_pid_vsp": [179.2863899070059, 27.657050527277875, 1.2487222403791796]}, "datetime": {"datetime": "2025-08-13 16:08:57", "elapsed": 22865.243458509445, "delta": 19.0876247882843}, "costs": {"total_cost": 184.2796696620009, "time_cost": 74.039, "final_distance_cost": 1.815190627418515, "oscillation_cost": 23.673565109024725, "completition_cost": 0.0, "overshoot_cost": 51.53287765464963, "power_cost": 12.021529162597657, "noise_cost": 21.197507108310386, "n_waypoints_completed": 9, "tot_waypoints": 9}}
{"target": -190.44207144998805, "params": {"k_pid_pos": [1.148489575114871, 0.0, 0.20346175294590205], "k_pid_alt": [1.555662454643499, 0.0, 0.9586597475860632], "k_pid_att": [37.590812197912314, 3.5958582566273707, 0.2347863155746067], "k_pid_yaw": [0.5, 1e-06, 0.1], "k_pid_hsp": [0.2625164671294768, 0.0, 0.0], "k_pid_vsp": [136.98393919890822, 20.402116148803408, 1e-06]}, "datetime": {"datetime": "2025-08-13 16:09:16", "elapsed": 22884.37647294998, "delta": 19.1330144405365}, "costs": {"total_cost": 190.44207144998805, "time_cost": 71.84100000000001, "final_distance_cost": 1.8357961847240123, "oscillation_cost": 28.942250481496608, "completition_cost": 0.0, "overshoot_cost": 50.890726750727715, "power_cost": 15.377635974121095, "noise_cost": 21.554662058918606, "n_waypoints_completed": 9, "tot_waypoints": 9}}
{"target": -194.2775748118786, "params": {"k_pid_pos": [0.5613931147742213, 0.0, 0.05102200524774239], "k_pid_alt": [1.6635816058711637, 0.0, 0.934180677308392], "k_pid_att": [35.65620394894323, 3.403227405916362, 0.26220809609626045], "k_pid_yaw": [0.5, 1e-06, 0.1], "k_pid_hsp": [0.26450951672379525, 0.0, 0.0], "k_pid_vsp": [132.30087360544601, 26.341539209935405, 1e-06]}, "datetime": {"datetime": "2025-08-13 16:09:37", "elapsed": 22905.059907913208, "delta": 20.68343496322632}, "costs": {"total_cost": 194.2775748118786, "time_cost": 78.932, "final_distance_cost": 1.8506212643573277, "oscillation_cost": 25.107252227812612, "completition_cost": 0.0, "overshoot_cost": 51.58822549579415, "power_cost": 13.269793872070313, "noise_cost": 23.52968195184421, "n_waypoints_completed": 9, "tot_waypoints": 9}}
{"target": -186.48782320947814, "params": {"k_pid_pos": [1.171188204238614, 0.0, 0.08344371501451611], "k_pid_alt": [1.6270509232813248, 0.0, 0.9377880156789997], "k_pid_att": [33.6179764733067, 3.3711049928528007, 0.19584807028469278], "k_pid_yaw": [0.5, 1e-06, 0.1], "k_pid_hsp": [0.2809765295857916, 0.0, 0.0], "k_pid_vsp": [137.16657456885088, 22.071139089292537, 1e-06]}, "datetime": {"datetime": "2025-08-13 16:09:55", "elapsed": 22923.15891814232, "delta": 18.099010229110718}, "costs": {"total_cost": 186.48782320947814, "time_cost": 70.721, "final_distance_cost": 1.8295162707301482, "oscillation_cost": 30.15268724223206, "completition_cost": 0.0, "overshoot_cost": 50.44651308861205, "power_cost": 12.75405399169922, "noise_cost": 20.584052616204666, "n_waypoints_completed": 9, "tot_waypoints": 9}}
{"target": -192.7970191163189, "params": {"k_pid_pos": [1.0480443386391995, 0.0, 0.0030802422782648664], "k_pid_alt": [1.66482557711192, 0.0, 0.9402707033935006], "k_pid_att": [18.380750319278604, 1.3861180368479913, 0.26527671273979586], "k_pid_yaw": [0.5, 1e-06, 0.1], "k_pid_hsp": [0.1287568447454575, 0.0, 0.0], "k_pid_vsp": [148.22734685091257, 26.306469208023586, 1e-06]}, "datetime": {"datetime": "2025-08-13 16:10:13", "elapsed": 22941.458118200302, "delta": 18.2992000579834}, "costs": {"total_cost": 192.7970191163189, "time_cost": 71.84100000000001, "final_distance_cost": 1.8171411323009783, "oscillation_cost": 28.11974780172664, "completition_cost": 0.0, "overshoot_cost": 52.3149845417794, "power_cost": 17.011661572265627, "noise_cost": 21.692484068246227, "n_waypoints_completed": 9, "tot_waypoints": 9}}
{"target": -185.07352137078152, "params": {"k_pid_pos": [0.895692538036923, 0.0, 0.11189251325585012], "k_pid_alt": [1.6257961257999713, 0.0, 0.937812234822263], "k_pid_att": [26.636289493021625, 2.8564092028401156, 0.43416259491192616], "k_pid_yaw": [0.5, 1e-06, 0.1], "k_pid_hsp": [0.24803546474888455, 0.0, 0.0], "k_pid_vsp": [117.05021676263408, 20.91177568641202, 1e-06]}, "datetime": {"datetime": "2025-08-13 16:10:32", "elapsed": 22960.139451742172, "delta": 18.681333541870117}, "costs": {"total_cost": 185.07352137078152, "time_cost": 72.177, "final_distance_cost": 1.845130915619406, "oscillation_cost": 27.280243983484073, "completition_cost": 0.0, "overshoot_cost": 50.90094756745045, "power_cost": 12.054590710449219, "noise_cost": 20.815608193778363, "n_waypoints_completed": 9, "tot_waypoints": 9}}
{"target": -185.95001953400856, "params": {"k_pid_pos": [1.0862194192423287, 0.0, 0.10064281392790005], "k_pid_alt": [1.8069955804472755, 0.0, 0.9420698527892574], "k_pid_att": [36.871695955232866, 2.9629182132796714, 0.24401592576405717], "k_pid_yaw": [0.5, 1e-06, 0.1], "k_pid_hsp": [0.26007657348337937, 0.0, 0.0], "k_pid_vsp": [120.56376783218197, 17.513682949520312, 1e-06]}, "datetime": {"datetime": "2025-08-13 16:10:50", "elapsed": 22978.50857758522, "delta": 18.369125843048096}, "costs": {"total_cost": 185.95001953400856, "time_cost": 70.82600000000001, "final_distance_cost": 1.8355771428518073, "oscillation_cost": 29.02871008430713, "completition_cost": 0.0, "overshoot_cost": 50.93429725327104, "power_cost": 12.767146704101563, "noise_cost": 20.558288349477035, "n_waypoints_completed": 9, "tot_waypoints": 9}}
{"target": -183.52499717732067, "params": {"k_pid_pos": [0.8025096381581398, 0.0, 0.06577931431381201], "k_pid_alt": [1.6060793449253261, 0.0, 0.9505092439767305], "k_pid_att": [31.719055447512343, 3.4747553304707477, 0.2480869433649721], "k_pid_yaw": [0.5, 1e-06, 0.1], "k_pid_hsp": [0.17788017311027685, 0.0, 0.0], "k_pid_vsp": [125.15846558947578, 35.85675904407837, 1e-06]}, "datetime": {"datetime": "2025-08-13 16:11:09", "elapsed": 22997.850735902786, "delta": 19.342158317565918}, "costs": {"total_cost": 183.52499717732067, "time_cost": 72.086, "final_distance_cost": 1.8429280680448723, "oscillation_cost": 25.880488181683404, "completition_cost": 0.0, "overshoot_cost": 51.042342494313026, "power_cost": 12.059055847167969, "noise_cost": 20.614182586111422, "n_waypoints_completed": 9, "tot_waypoints": 9}}
{"target": -195.63303391232526, "params": {"k_pid_pos": [1.4795200121080863, 0.0, 0.08505569562519624], "k_pid_alt": [1.6674324716564726, 0.0, 0.9390373509733889], "k_pid_att": [36.19423602230354, 3.8305424708080564, 0.2421929678227576], "k_pid_yaw": [0.5, 1e-06, 0.1], "k_pid_hsp": [0.17124665787921076, 0.0, 0.0], "k_pid_vsp": [124.99749868078088, 26.06405922142143, 1e-06]}, "datetime": {"datetime": "2025-08-13 16:11:27", "elapsed": 23015.91276741028, "delta": 18.062031507492065}, "costs": {"total_cost": 195.63303391232526, "time_cost": 71.498, "final_distance_cost": 1.8150708909360886, "oscillation_cost": 30.936321471676848, "completition_cost": 0.0, "overshoot_cost": 52.08808087240608, "power_cost": 17.619391613769533, "noise_cost": 21.676169063536726, "n_waypoints_completed": 9, "tot_waypoints": 9}}
