{"target": -553.9494001761313, "params": {"k_pid_pos": [1.0460063130568586, 0.0, 0.07720081686531421], "k_pid_alt": [1.635919307734548, 0.0, 0.9246276861223197], "k_pid_att": [35.67830637418853, 3.6329099429681784, 0.23963477878671807], "k_pid_yaw": [0.5, 1e-06, 0.1], "k_pid_hsp": [0.017297050904009917, 0.0, 0.0], "k_pid_vsp": [172.77318073570794, 23.19930095654921, 1e-06]}, "datetime": {"datetime": "2025-08-13 18:22:49", "elapsed": 30897.74875640869, "delta": 30.310760736465454}, "costs": {"total_cost": 553.9494001761313, "time_cost": 150, "final_distance_cost": 70.80491762033287, "oscillation_cost": 9.334339261927205, "completition_cost": 222.2222222222222, "overshoot_cost": 58.2669015829252, "power_cost": 13.401347717285157, "noise_cost": 29.919671771438722, "n_waypoints_completed": 7, "tot_waypoints": 9}}
{"target": -191.98527335315754, "params": {"k_pid_pos": [1.0805103591524974, 0.0, 0.0294038384321465], "k_pid_alt": [1.6185011025224372, 0.0, 0.9555381857115558], "k_pid_att": [34.0739506030908, 3.52699877565961, 0.25315113481873386], "k_pid_yaw": [0.5, 1e-06, 0.1], "k_pid_hsp": [0.1564274383762298, 0.0, 0.0], "k_pid_vsp": [169.02058862603997, 29.160279794316416, 1e-06]}, "datetime": {"datetime": "2025-08-13 18:23:07", "elapsed": 30915.929851293564, "delta": 18.181094884872437}, "costs": {"total_cost": 191.98527335315754, "time_cost": 71.855, "final_distance_cost": 1.802254585896795, "oscillation_cost": 28.59377046811759, "completition_cost": 0.0, "overshoot_cost": 51.691629023168765, "power_cost": 16.38281357421875, "noise_cost": 21.65980570175566, "n_waypoints_completed": 9, "tot_waypoints": 9}}
{"target": -210.05330782033153, "params": {"k_pid_pos": [1.1900593028661994, 0.0, 0.09481401518001417], "k_pid_alt": [1.6333383969698987, 0.0, 0.9512742473058943], "k_pid_att": [34.14607208424222, 3.84168783746072, 0.2690406258895272], "k_pid_yaw": [0.5, 1e-06, 0.1], "k_pid_hsp": [0.16495366354178198, 0.0, 0.0], "k_pid_vsp": [128.34921020648727, 27.75225840965392, 1e-06]}, "datetime": {"datetime": "2025-08-13 18:23:25", "elapsed": 30933.4564538002, "delta": 17.526602506637573}, "costs": {"total_cost": 210.05330782033153, "time_cost": 74.22800000000001, "final_distance_cost": 1.7964696497991264, "oscillation_cost": 29.93838668129631, "completition_cost": 0.0, "overshoot_cost": 52.578785220408726, "power_cost": 26.90531180419922, "noise_cost": 24.606354464628144, "n_waypoints_completed": 9, "tot_waypoints": 9}}
{"target": -187.00504215504728, "params": {"k_pid_pos": [1.4369018477068518, 0.0, 0.04715163494397544], "k_pid_alt": [1.8350388932772368, 0.0, 0.9718287180849078], "k_pid_att": [36.81108387546212, 3.5779356017342887, 0.23292671640130605], "k_pid_yaw": [0.5, 1e-06, 0.1], "k_pid_hsp": [0.1254341717228219, 0.0, 0.0], "k_pid_vsp": [124.49616441131712, 34.297197502729084, 1e-06]}, "datetime": {"datetime": "2025-08-13 18:23:43", "elapsed": 30951.461968660355, "delta": 18.0055148601532}, "costs": {"total_cost": 187.00504215504728, "time_cost": 70.749, "final_distance_cost": 1.7691184914759144, "oscillation_cost": 30.439124106102813, "completition_cost": 0.0, "overshoot_cost": 51.30175539280652, "power_cost": 12.380117712402344, "noise_cost": 20.36592645225969, "n_waypoints_completed": 9, "tot_waypoints": 9}}
{"target": -191.76069090471236, "params": {"k_pid_pos": [0.9821881100861927, 0.001022010850528902, 0.0], "k_pid_alt": [1.634271760035084, 0.0, 0.9276623663939749], "k_pid_att": [31.050348119574465, 3.3861312589619064, 0.2447120568022056], "k_pid_yaw": [0.5, 1e-06, 0.1], "k_pid_hsp": [0.11294074653787281, 0.0, 0.0], "k_pid_vsp": [150.28490053536422, 1e-06, 1e-06]}, "datetime": {"datetime": "2025-08-13 18:24:01", "elapsed": 30969.097438097, "delta": 17.635469436645508}, "costs": {"total_cost": 191.76069090471236, "time_cost": 72.94, "final_distance_cost": 1.7911665206960554, "oscillation_cost": 27.00397232514057, "completition_cost": 0.0, "overshoot_cost": 52.19726899005858, "power_cost": 15.94524276123047, "noise_cost": 21.883040307586697, "n_waypoints_completed": 9, "tot_waypoints": 9}}
{"target": -186.3876148812701, "params": {"k_pid_pos": [1.1652706049982466, 0.0, 0.07437065578217762], "k_pid_alt": [1.6866154550192523, 0.0, 0.9676605576711331], "k_pid_att": [44.22928658755849, 3.3926969521299952, 0.2564904851281143], "k_pid_yaw": [0.5, 1e-06, 0.1], "k_pid_hsp": [0.21035483426325013, 0.0, 0.0], "k_pid_vsp": [219.59305356916406, 32.462359833307104, 1e-06]}, "datetime": {"datetime": "2025-08-13 18:24:18", "elapsed": 30986.114569664, "delta": 17.017131567001343}, "costs": {"total_cost": 186.3876148812701, "time_cost": 71.253, "final_distance_cost": 1.8371820666563294, "oscillation_cost": 29.678164249638733, "completition_cost": 0.0, "overshoot_cost": 51.051570447220264, "power_cost": 12.248833203125, "noise_cost": 20.318864914629792, "n_waypoints_completed": 9, "tot_waypoints": 9}}
{"target": -196.16052304336364, "params": {"k_pid_pos": [0.921172142630649, 0.0, 0.06346697387057992], "k_pid_alt": [1.6592213820611303, 0.0, 0.991226818179115], "k_pid_att": [37.030349066530896, 3.5383248115573807, 0.24167413210519678], "k_pid_yaw": [0.5, 1e-06, 0.1], "k_pid_hsp": [0.1253426769462653, 0.0, 0.0], "k_pid_vsp": [123.05275255563672, 6.023708954832525, 1e-06]}, "datetime": {"datetime": "2025-08-13 18:24:35", "elapsed": 31003.919422388077, "delta": 17.804852724075317}, "costs": {"total_cost": 196.16052304336364, "time_cost": 73.241, "final_distance_cost": 1.8267959041542305, "oscillation_cost": 26.18250416196379, "completition_cost": 0.0, "overshoot_cost": 52.45315909039312, "power_cost": 19.503775219726563, "noise_cost": 22.953288667125953, "n_waypoints_completed": 9, "tot_waypoints": 9}}
{"target": -184.42577580591305, "params": {"k_pid_pos": [0.9835577663873712, 0.019161995509424306, 0.0490917235596334], "k_pid_alt": [1.634422787538217, 0.0, 0.9627012669745375], "k_pid_att": [39.29865983596351, 3.862028323093192, 0.23616746692583546], "k_pid_yaw": [0.5, 1e-06, 0.1], "k_pid_hsp": [0.15011086068639357, 0.0, 0.0], "k_pid_vsp": [98.23802423477333, 36.116569015318284, 1e-06]}, "datetime": {"datetime": "2025-08-13 18:24:52", "elapsed": 31020.58066010475, "delta": 16.661237716674805}, "costs": {"total_cost": 184.42577580591305, "time_cost": 71.218, "final_distance_cost": 1.8026606878808162, "oscillation_cost": 27.53540509897712, "completition_cost": 0.0, "overshoot_cost": 51.11078258285799, "power_cost": 12.341688793945313, "noise_cost": 20.417238642251817, "n_waypoints_completed": 9, "tot_waypoints": 9}}
{"target": -205.590352976325, "params": {"k_pid_pos": [1.4594022293367828, 0.0, 0.07865901382544432], "k_pid_alt": [1.5909463577467065, 0.0, 0.9830427629428103], "k_pid_att": [7.279052114955267, 3.798361449260556, 0.2673659707436167], "k_pid_yaw": [0.5, 1e-06, 0.1], "k_pid_hsp": [0.11402869610605988, 0.0, 0.0], "k_pid_vsp": [135.6626983078457, 1e-06, 0.25448261446932374]}, "datetime": {"datetime": "2025-08-13 18:25:11", "elapsed": 31039.27061033249, "delta": 18.689950227737427}, "costs": {"total_cost": 205.590352976325, "time_cost": 74.802, "final_distance_cost": 1.7788611020168588, "oscillation_cost": 33.39140413169047, "completition_cost": 0.0, "overshoot_cost": 52.47103288347154, "power_cost": 20.027829150390627, "noise_cost": 23.119225708755497, "n_waypoints_completed": 9, "tot_waypoints": 9}}
{"target": -188.7954633105136, "params": {"k_pid_pos": [1.0997565771008486, 0.0024764059460623197, 0.04605255437427626], "k_pid_alt": [1.6031897950482517, 0.0, 0.9441414961529562], "k_pid_att": [32.822848023083715, 3.86336953157958, 0.24039592103664487], "k_pid_yaw": [0.5, 1e-06, 0.1], "k_pid_hsp": [0.21971625554344512, 0.0, 0.0], "k_pid_vsp": [55.88694495526256, 11.448389791010628, 1e-06]}, "datetime": {"datetime": "2025-08-13 18:25:28", "elapsed": 31056.424732208252, "delta": 17.15412187576294}, "costs": {"total_cost": 188.7954633105136, "time_cost": 72.07900000000001, "final_distance_cost": 1.8281831075578492, "oscillation_cost": 29.190955486256563, "completition_cost": 0.0, "overshoot_cost": 51.82296930440823, "power_cost": 13.152724157714845, "noise_cost": 20.721631254576096, "n_waypoints_completed": 9, "tot_waypoints": 9}}
{"target": -187.1899941560107, "params": {"k_pid_pos": [1.209998958140007, 0.0, 0.06235739118049973], "k_pid_alt": [1.7204886843430787, 0.0, 0.9413799826470177], "k_pid_att": [35.76099549909307, 3.4265866555310636, 0.2183169731577786], "k_pid_yaw": [0.5, 1e-06, 0.1], "k_pid_hsp": [0.13788787414853504, 0.0, 0.0], "k_pid_vsp": [11.565146549313326, 22.487252590229087, 1e-06]}, "datetime": {"datetime": "2025-08-13 18:25:45", "elapsed": 31073.552859783173, "delta": 17.128127574920654}, "costs": {"total_cost": 187.1899941560107, "time_cost": 70.301, "final_distance_cost": 1.806156665418403, "oscillation_cost": 28.24586260947187, "completition_cost": 0.0, "overshoot_cost": 51.169900835478714, "power_cost": 14.549793518066407, "noise_cost": 21.117280527575296, "n_waypoints_completed": 9, "tot_waypoints": 9}}
{"target": -186.8855880090706, "params": {"k_pid_pos": [1.029596592300901, 0.0, 0.07674544304916227], "k_pid_alt": [1.6403178829590432, 0.0, 0.9455472557934139], "k_pid_att": [32.75460274300053, 3.499776458645428, 0.2549260108966197], "k_pid_yaw": [0.5, 1e-06, 0.1], "k_pid_hsp": [0.17653124477721138, 0.0, 0.0], "k_pid_vsp": [33.404765323115896, 28.328860729509543, 1e-06]}, "datetime": {"datetime": "2025-08-13 18:26:02", "elapsed": 31090.824773073196, "delta": 17.271913290023804}, "costs": {"total_cost": 186.8855880090706, "time_cost": 70.861, "final_distance_cost": 1.8147710962823829, "oscillation_cost": 27.74548104718992, "completition_cost": 0.0, "overshoot_cost": 50.83715777602056, "power_cost": 14.62974365234375, "noise_cost": 20.99743443723398, "n_waypoints_completed": 9, "tot_waypoints": 9}}
{"target": -769.6873187738936, "params": {"k_pid_pos": [1.2240272719512704, 0.0, 0.1159126808063029], "k_pid_alt": [1.6320608302926978, 0.0, 1.0], "k_pid_att": [21.025254691274604, 4.367944935299352, 0.2829937217448761], "k_pid_yaw": [0.5, 1e-06, 0.1], "k_pid_hsp": [0.01848251230311182, 0.0966602328642856, 0.0], "k_pid_vsp": [147.82299556584832, 1e-06, 1e-06]}, "datetime": {"datetime": "2025-08-13 18:26:31", "elapsed": 31119.359312295914, "delta": 28.534539222717285}, "costs": {"total_cost": 769.6873187738936, "time_cost": 150, "final_distance_cost": 69.38250466322607, "oscillation_cost": 100.4546615907218, "completition_cost": 333.33333333333337, "overshoot_cost": 55.986263780606954, "power_cost": 26.564921118164065, "noise_cost": 33.96563428784136, "n_waypoints_completed": 6, "tot_waypoints": 9}}
{"target": -188.81440985050898, "params": {"k_pid_pos": [1.3370383216473307, 0.0, 0.09737852871515738], "k_pid_alt": [1.6422411340334901, 0.0, 0.9411060308555143], "k_pid_att": [35.85382841884011, 3.304832549613681, 0.24597288727772615], "k_pid_yaw": [0.5, 1e-06, 0.1], "k_pid_hsp": [0.13270027817135238, 0.0, 0.0], "k_pid_vsp": [70.23178137107942, 33.834652844002, 1e-06]}, "datetime": {"datetime": "2025-08-13 18:26:48", "elapsed": 31136.745307683945, "delta": 17.385995388031006}, "costs": {"total_cost": 188.81440985050898, "time_cost": 71.071, "final_distance_cost": 1.809539259706291, "oscillation_cost": 29.620182119094196, "completition_cost": 0.0, "overshoot_cost": 51.260999792800014, "power_cost": 14.134640869140625, "noise_cost": 20.91804780976787, "n_waypoints_completed": 9, "tot_waypoints": 9}}
{"target": -184.49892000041197, "params": {"k_pid_pos": [1.0854635209273338, 0.0, 0.0902570124487378], "k_pid_alt": [1.6815041234552253, 0.0, 0.9109721426145039], "k_pid_att": [35.310604067281524, 3.5843489420677948, 0.24046216433037718], "k_pid_yaw": [0.5, 1e-06, 0.1], "k_pid_hsp": [0.08991404735439446, 0.0, 0.0], "k_pid_vsp": [38.395663664312316, 35.31289888143124, 1e-06]}, "datetime": {"datetime": "2025-08-13 18:27:05", "elapsed": 31153.858913898468, "delta": 17.113606214523315}, "costs": {"total_cost": 184.49892000041197, "time_cost": 71.694, "final_distance_cost": 1.7977904957530688, "oscillation_cost": 26.495578798400487, "completition_cost": 0.0, "overshoot_cost": 51.59936213048415, "power_cost": 12.361004284667969, "noise_cost": 20.551184291106303, "n_waypoints_completed": 9, "tot_waypoints": 9}}
{"target": -184.73356410815157, "params": {"k_pid_pos": [1.2119778473855218, 0.0, 0.06955508634693988], "k_pid_alt": [1.6403494251691622, 0.0, 0.9574028244390209], "k_pid_att": [36.46671347837126, 3.7712182427094656, 0.7627365584622003], "k_pid_yaw": [0.5, 1e-06, 0.1], "k_pid_hsp": [0.12099794723182197, 0.0, 0.0], "k_pid_vsp": [100.52657495767559, 33.43289266191419, 1e-06]}, "datetime": {"datetime": "2025-08-13 18:27:22", "elapsed": 31170.522203445435, "delta": 16.663289546966553}, "costs": {"total_cost": 184.73356410815157, "time_cost": 71.19, "final_distance_cost": 1.7851549888152143, "oscillation_cost": 28.660830717524842, "completition_cost": 0.0, "overshoot_cost": 51.19681695927875, "power_cost": 11.799715869140625, "noise_cost": 20.10104557339215, "n_waypoints_completed": 9, "tot_waypoints": 9}}
{"target": -194.19455237883756, "params": {"k_pid_pos": [1.2320181222582542, 0.0, 0.09796761198260064], "k_pid_alt": [1.6099027178347705, 0.0, 0.9792536720220015], "k_pid_att": [35.16880243985674, 3.213792976253993, 0.219506328875022], "k_pid_yaw": [0.5, 1e-06, 0.1], "k_pid_hsp": [0.14733902386119313, 0.0, 0.0], "k_pid_vsp": [147.6052695472314, 21.306665368466, 1e-06]}, "datetime": {"datetime": "2025-08-13 18:27:39", "elapsed": 31187.868995189667, "delta": 17.346791744232178}, "costs": {"total_cost": 194.19455237883756, "time_cost": 72.205, "final_distance_cost": 1.791098696786398, "oscillation_cost": 29.283034575775396, "completition_cost": 0.0, "overshoot_cost": 51.70126728111376, "power_cost": 17.329245458984374, "noise_cost": 21.884906366177646, "n_waypoints_completed": 9, "tot_waypoints": 9}}
{"target": -203.8845566944221, "params": {"k_pid_pos": [1.2268298770066057, 0.0, 0.049264155118323646], "k_pid_alt": [1.6443510401377472, 0.0, 0.9339858730606336], "k_pid_att": [35.58418461651769, 3.6611405532103385, 0.24378898103200164], "k_pid_yaw": [0.5, 1e-06, 0.1], "k_pid_hsp": [0.21184667593215412, 0.0, 0.0], "k_pid_vsp": [154.55282025982407, 29.20021405897306, 1e-06]}, "datetime": {"datetime": "2025-08-13 18:27:57", "elapsed": 31205.184810638428, "delta": 17.315815448760986}, "costs": {"total_cost": 203.8845566944221, "time_cost": 74.459, "final_distance_cost": 1.7997735310592593, "oscillation_cost": 31.070840323259155, "completition_cost": 0.0, "overshoot_cost": 52.42847849068337, "power_cost": 21.041609143066406, "noise_cost": 23.0848552063539, "n_waypoints_completed": 9, "tot_waypoints": 9}}
{"target": -187.85464208501426, "params": {"k_pid_pos": [1.162375731634158, 0.0, 0.058135537865596935], "k_pid_alt": [1.6359103897053697, 0.0, 0.9466753233637131], "k_pid_att": [33.167833005406656, 4.1134166196790956, 0.23668443782676546], "k_pid_yaw": [0.5, 1e-06, 0.1], "k_pid_hsp": [0.14306833127329355, 0.0, 0.0], "k_pid_vsp": [120.32722243759643, 12.492343716674256, 1e-06]}, "datetime": {"datetime": "2025-08-13 18:28:15", "elapsed": 31223.10366821289, "delta": 17.91885757446289}, "costs": {"total_cost": 187.85464208501426, "time_cost": 71.925, "final_distance_cost": 1.8128824486181745, "oscillation_cost": 28.89149726981903, "completition_cost": 0.0, "overshoot_cost": 51.74957509741735, "power_cost": 12.749165161132813, "noise_cost": 20.726522108026888, "n_waypoints_completed": 9, "tot_waypoints": 9}}
{"target": -180.1661704151368, "params": {"k_pid_pos": [0.9897250064210642, 0.0, 0.09597679735428861], "k_pid_alt": [1.6251786496159075, 0.0, 0.9460955935178218], "k_pid_att": [35.281701569289936, 3.5323497228438727, 0.25155740831679324], "k_pid_yaw": [0.5, 1e-06, 0.1], "k_pid_hsp": [0.15220515999000966, 0.0, 0.0], "k_pid_vsp": [27.081150268701037, 34.95019861958864, 1e-06]}, "datetime": {"datetime": "2025-08-13 18:28:32", "elapsed": 31240.663530111313, "delta": 17.55986189842224}, "costs": {"total_cost": 180.1661704151368, "time_cost": 70.91, "final_distance_cost": 1.8268529410496144, "oscillation_cost": 27.507703315520722, "completition_cost": 0.0, "overshoot_cost": 50.45063662224687, "power_cost": 9.892055786132813, "noise_cost": 19.578921750186826, "n_waypoints_completed": 9, "tot_waypoints": 9}}
{"target": -1375.172075493544, "params": {"k_pid_pos": [1.1161809785822407, 0.0, 0.10214083477781633], "k_pid_alt": [1.7080787150715584, 0.0, 0.9199877102931665], "k_pid_att": [36.585216882384664, 3.8730011346035877, 0.2358220292679905], "k_pid_yaw": [0.5, 1e-06, 0.1], "k_pid_hsp": [0.09184435872249613, 0.0, 0.0], "k_pid_vsp": [0.0, 18.469943943990526, 1e-06]}, "datetime": {"datetime": "2025-08-13 18:29:01", "elapsed": 31269.703541517258, "delta": 29.040011405944824}, "costs": {"total_cost": 1375.172075493544, "time_cost": 150, "final_distance_cost": 54.09393994918278, "oscillation_cost": 5.87916340998743, "completition_cost": 888.8888888888888, "overshoot_cost": 141.56197917966622, "power_cost": 22.293003649902346, "noise_cost": 112.45510041591633, "n_waypoints_completed": 1, "tot_waypoints": 9}}
{"target": -185.83527751036735, "params": {"k_pid_pos": [0.9010193555278642, 0.0, 0.0414216824450655], "k_pid_alt": [1.621195717963258, 0.0, 0.917287406269805], "k_pid_att": [37.488792095735576, 3.6239981067511726, 0.26029538480011827], "k_pid_yaw": [0.5, 1e-06, 0.1], "k_pid_hsp": [0.1993515673687902, 0.0, 0.0], "k_pid_vsp": [135.67973941839477, 30.240237588870308, 1e-06]}, "datetime": {"datetime": "2025-08-13 18:29:19", "elapsed": 31287.0929145813, "delta": 17.389373064041138}, "costs": {"total_cost": 185.83527751036735, "time_cost": 71.46300000000001, "final_distance_cost": 1.833980686506582, "oscillation_cost": 27.24265846512457, "completition_cost": 0.0, "overshoot_cost": 50.88468200456138, "power_cost": 13.444386547851563, "noise_cost": 20.966569806323257, "n_waypoints_completed": 9, "tot_waypoints": 9}}
{"target": -189.1433775523256, "params": {"k_pid_pos": [1.0064257565197643, 0.0, 0.053291329659422314], "k_pid_alt": [1.5560318508071302, 0.0, 0.9450939433925667], "k_pid_att": [35.014996550181124, 3.6589369042759197, 0.24413063353254297], "k_pid_yaw": [0.5, 1e-06, 0.1], "k_pid_hsp": [0.20293721344922483, 0.0, 0.0], "k_pid_vsp": [101.37802435061437, 37.97509740791974, 2.579239009907413]}, "datetime": {"datetime": "2025-08-13 18:29:36", "elapsed": 31304.802959680557, "delta": 17.710045099258423}, "costs": {"total_cost": 189.1433775523256, "time_cost": 71.33, "final_distance_cost": 1.8192534897874166, "oscillation_cost": 27.99317501917397, "completition_cost": 0.0, "overshoot_cost": 50.73930389603596, "power_cost": 15.921643786621095, "noise_cost": 21.34000136070715, "n_waypoints_completed": 9, "tot_waypoints": 9}}
{"target": -196.83051226649516, "params": {"k_pid_pos": [1.1938831404788464, 0.0, 0.10978223212191075], "k_pid_alt": [1.669012323301368, 0.0, 0.9526808154428128], "k_pid_att": [35.034176565743564, 2.862015741970678, 0.2035224108599376], "k_pid_yaw": [0.5, 1e-06, 0.1], "k_pid_hsp": [0.21117367944836582, 0.0, 0.0], "k_pid_vsp": [121.32298249249965, 42.231481141374026, 1e-06]}, "datetime": {"datetime": "2025-08-13 18:29:53", "elapsed": 31321.80848312378, "delta": 17.005523443222046}, "costs": {"total_cost": 196.83051226649516, "time_cost": 71.862, "final_distance_cost": 1.8236674937870456, "oscillation_cost": 29.131099852436172, "completition_cost": 0.0, "overshoot_cost": 51.88233935118009, "power_cost": 19.870343298339844, "noise_cost": 22.261062270752046, "n_waypoints_completed": 9, "tot_waypoints": 9}}
{"target": -190.67666045541, "params": {"k_pid_pos": [0.9851822766451269, 0.0, 0.05738747610998973], "k_pid_alt": [1.6663450429442057, 0.0, 0.9722290529081579], "k_pid_att": [35.23420141967073, 3.821782361496938, 0.23193016306507427], "k_pid_yaw": [0.5, 1e-06, 0.1], "k_pid_hsp": [0.14467262383967827, 0.0, 0.0], "k_pid_vsp": [172.94650450707445, 22.684778099792496, 1e-06]}, "datetime": {"datetime": "2025-08-13 18:30:11", "elapsed": 31339.61189723015, "delta": 17.80341410636902}, "costs": {"total_cost": 190.67666045541, "time_cost": 72.016, "final_distance_cost": 1.8282883567714105, "oscillation_cost": 27.295986430272677, "completition_cost": 0.0, "overshoot_cost": 51.39491994975528, "power_cost": 16.435773120117187, "noise_cost": 21.705692598493428, "n_waypoints_completed": 9, "tot_waypoints": 9}}
{"target": -196.74480975417123, "params": {"k_pid_pos": [1.1484354501079506, 0.0, 0.049165702628927686], "k_pid_alt": [1.6387762157925885, 0.0, 0.9543287507466919], "k_pid_att": [35.063483104538335, 3.438969805542997, 0.25341342548709933], "k_pid_yaw": [0.5, 1e-06, 0.1], "k_pid_hsp": [0.1322280880096905, 0.0, 0.0], "k_pid_vsp": [181.64483487754484, 40.822167600302365, 1e-06]}, "datetime": {"datetime": "2025-08-13 18:30:28", "elapsed": 31356.760415554047, "delta": 17.148518323898315}, "costs": {"total_cost": 196.74480975417123, "time_cost": 72.254, "final_distance_cost": 1.808768534720262, "oscillation_cost": 28.205312585967672, "completition_cost": 0.0, "overshoot_cost": 51.623146339169, "power_cost": 20.407710778808596, "noise_cost": 22.445871515505694, "n_waypoints_completed": 9, "tot_waypoints": 9}}
{"target": -188.2385826600822, "params": {"k_pid_pos": [1.603098809071541, 0.0, 0.11770405592499858], "k_pid_alt": [1.6576602682590622, 0.0, 0.9525567020787252], "k_pid_att": [31.675472248669468, 2.0671995816264284, 0.28214273052208994], "k_pid_yaw": [0.5, 1e-06, 0.1], "k_pid_hsp": [0.12870985858425538, 0.0, 0.0], "k_pid_vsp": [106.54352772686792, 25.089237859868092, 1e-06]}, "datetime": {"datetime": "2025-08-13 18:30:46", "elapsed": 31374.45547914505, "delta": 17.695063591003418}, "costs": {"total_cost": 188.2385826600822, "time_cost": 71.274, "final_distance_cost": 1.7906338339243877, "oscillation_cost": 30.91945903239169, "completition_cost": 0.0, "overshoot_cost": 51.70481796431642, "power_cost": 12.205250659179688, "noise_cost": 20.34442117027002, "n_waypoints_completed": 9, "tot_waypoints": 9}}
