{"target": -181.5998867462821, "params": {"k_pid_pos": [0.8671655208903538, 0.0, 0.0469192377805363], "k_pid_alt": [1.560007638578395, 0.0, 0.9095494011623957], "k_pid_att": [31.235441668653625, 3.364697968246782, 0.3066101043492707], "k_pid_yaw": [0.5, 1e-06, 0.1], "k_pid_hsp": [0.17818466638844055, 0.0, 0.0], "k_pid_vsp": [109.46718177679263, 48.4709305328917, 1e-06]}, "datetime": {"datetime": "2025-08-13 18:07:03", "elapsed": 29951.823058843613, "delta": 16.541101217269897}, "costs": {"total_cost": 181.5998867462821, "time_cost": 71.32300000000001, "final_distance_cost": 1.8282628090712707, "oscillation_cost": 26.60070714678371, "completition_cost": 0.0, "overshoot_cost": 50.1663187056548, "power_cost": 11.457567492675782, "noise_cost": 20.224030592096504, "n_waypoints_completed": 9, "tot_waypoints": 9}}
{"target": -1278.7320756173158, "params": {"k_pid_pos": [0.0001, 0.0, 0.0], "k_pid_alt": [1.6074041628756988, 0.0, 0.931362213161204], "k_pid_att": [47.87525018504843, 3.205604570523464, 0.3141154821565605], "k_pid_yaw": [0.5, 1e-06, 0.1], "k_pid_hsp": [0.16213616312076162, 0.0, 0.0], "k_pid_vsp": [116.74942999936121, 45.592272448875875, 1.71846864512383]}, "datetime": {"datetime": "2025-08-13 18:07:32", "elapsed": 29980.837183475494, "delta": 29.014124631881714}, "costs": {"total_cost": 1278.7320756173158, "time_cost": 150, "final_distance_cost": 46.008705268188024, "oscillation_cost": 2.4393320618186864, "completition_cost": 1000.0, "overshoot_cost": 35.353786271399194, "power_cost": 14.327900305175781, "noise_cost": 30.602351710734194, "n_waypoints_completed": 0, "tot_waypoints": 9}}
{"target": -187.33645943553972, "params": {"k_pid_pos": [0.8237399207484873, 0.01712111684955152, 0.0514685258463575], "k_pid_alt": [1.605729962390554, 0.0, 0.9224070687245368], "k_pid_att": [34.58588293929499, 3.102599265171883, 0.26414734751863306], "k_pid_yaw": [0.5, 1e-06, 0.1], "k_pid_hsp": [0.3328622410527506, 0.0, 0.0], "k_pid_vsp": [77.36025621135295, 49.84306447298395, 1e-06]}, "datetime": {"datetime": "2025-08-13 18:07:50", "elapsed": 29998.556555509567, "delta": 17.719372034072876}, "costs": {"total_cost": 187.33645943553972, "time_cost": 72.212, "final_distance_cost": 1.8511526139804726, "oscillation_cost": 27.26848274641299, "completition_cost": 0.0, "overshoot_cost": 50.603027714032734, "power_cost": 13.921535327148439, "noise_cost": 21.480261033965093, "n_waypoints_completed": 9, "tot_waypoints": 9}}
{"target": -185.44508622240826, "params": {"k_pid_pos": [0.9972202790529803, 0.0, 0.0855173568530403], "k_pid_alt": [1.5695841341013905, 0.0, 0.8730253387350875], "k_pid_att": [36.15971942182018, 3.0429659777471696, 0.28286416011156523], "k_pid_yaw": [0.5, 1e-06, 0.1], "k_pid_hsp": [0.24016355638493292, 0.0, 0.0], "k_pid_vsp": [252.88916192352607, 34.495458053476185, 1e-06]}, "datetime": {"datetime": "2025-08-13 18:08:07", "elapsed": 30015.537058115005, "delta": 16.980502605438232}, "costs": {"total_cost": 185.44508622240826, "time_cost": 71.596, "final_distance_cost": 1.837673455495652, "oscillation_cost": 28.133359837034583, "completition_cost": 0.0, "overshoot_cost": 51.01679863836087, "power_cost": 12.18641689453125, "noise_cost": 20.674837396985918, "n_waypoints_completed": 9, "tot_waypoints": 9}}
{"target": -192.61616512315842, "params": {"k_pid_pos": [0.9216823958378213, 0.0, 0.05953698479742328], "k_pid_alt": [1.5399718385577525, 0.0, 0.9393749566261265], "k_pid_att": [40.12657314867455, 3.302243729032685, 0.2747130450041037], "k_pid_yaw": [0.5, 1e-06, 0.1], "k_pid_hsp": [0.24191832955777215, 0.0, 0.0005586292086934507], "k_pid_vsp": [289.7048584871322, 52.7119089190383, 1e-06]}, "datetime": {"datetime": "2025-08-13 18:08:25", "elapsed": 30033.115747213364, "delta": 17.578689098358154}, "costs": {"total_cost": 192.61616512315842, "time_cost": 71.995, "final_distance_cost": 1.8311259600067966, "oscillation_cost": 30.21611560887304, "completition_cost": 0.0, "overshoot_cost": 50.924458819239156, "power_cost": 15.923320336914063, "noise_cost": 21.726144398125367, "n_waypoints_completed": 9, "tot_waypoints": 9}}
{"target": -193.17695837321537, "params": {"k_pid_pos": [1.4360030754558848, 0.0, 0.2619859732676232], "k_pid_alt": [1.483013260260062, 0.0, 0.9332308592280371], "k_pid_att": [1.1838674293038451, 0.0001, 0.2138926701453469], "k_pid_yaw": [0.5, 1e-06, 0.1], "k_pid_hsp": [0.4040307488012754, 0.0, 0.0], "k_pid_vsp": [176.21704966918213, 55.85252081819925, 1e-06]}, "datetime": {"datetime": "2025-08-13 18:08:43", "elapsed": 30051.22945666313, "delta": 18.113709449768066}, "costs": {"total_cost": 193.17695837321537, "time_cost": 71.519, "final_distance_cost": 1.7995572104223945, "oscillation_cost": 32.26623811628988, "completition_cost": 0.0, "overshoot_cost": 51.66242350732621, "power_cost": 15.022319775390626, "noise_cost": 20.907419763786244, "n_waypoints_completed": 9, "tot_waypoints": 9}}
{"target": -187.67033228727803, "params": {"k_pid_pos": [0.9485072578887082, 0.0, 0.07592727956468247], "k_pid_alt": [1.5802894585941982, 0.0, 0.9608186517734302], "k_pid_att": [35.28906680900153, 3.121863935102798, 0.26251503456763603], "k_pid_yaw": [0.5, 1e-06, 0.1], "k_pid_hsp": [0.3792416767322625, 0.0, 0.0], "k_pid_vsp": [123.46694182435988, 36.54762090327212, 1e-06]}, "datetime": {"datetime": "2025-08-13 18:09:00", "elapsed": 30068.301826953888, "delta": 17.072370290756226}, "costs": {"total_cost": 187.67033228727803, "time_cost": 71.89, "final_distance_cost": 1.8421378399543116, "oscillation_cost": 28.80671361683707, "completition_cost": 0.0, "overshoot_cost": 50.343802834100146, "power_cost": 13.608159643554687, "noise_cost": 21.179518352831806, "n_waypoints_completed": 9, "tot_waypoints": 9}}
{"target": -188.90352908545933, "params": {"k_pid_pos": [1.0384495928820545, 0.0, 0.09503174410749018], "k_pid_alt": [1.6022481168459448, 0.0, 0.9106956139427664], "k_pid_att": [35.65959219167884, 3.545673206220278, 0.2679796592005941], "k_pid_yaw": [0.5, 1e-06, 0.1], "k_pid_hsp": [0.22868003914134308, 0.0, 0.0], "k_pid_vsp": [83.35033653817281, 45.11782635567161, 1e-06]}, "datetime": {"datetime": "2025-08-13 18:09:17", "elapsed": 30085.423882246017, "delta": 17.122055292129517}, "costs": {"total_cost": 188.90352908545933, "time_cost": 70.812, "final_distance_cost": 1.840864859688347, "oscillation_cost": 28.337270483941534, "completition_cost": 0.0, "overshoot_cost": 50.70048853052504, "power_cost": 15.852209082031251, "noise_cost": 21.360696129273126, "n_waypoints_completed": 9, "tot_waypoints": 9}}
{"target": -205.191718853017, "params": {"k_pid_pos": [0.5385308727230314, 0.0, 0.044852994778471926], "k_pid_alt": [1.5515838051796071, 0.0, 0.9415890937397691], "k_pid_att": [35.14823670223105, 3.2140219526452034, 0.43260565603710255], "k_pid_yaw": [0.5, 1e-06, 0.1], "k_pid_hsp": [0.30692039979752406, 0.0, 0.0], "k_pid_vsp": [87.12738882430546, 25.803667777643618, 1e-06]}, "datetime": {"datetime": "2025-08-13 18:09:37", "elapsed": 30105.218757867813, "delta": 19.794875621795654}, "costs": {"total_cost": 205.191718853017, "time_cost": 80.962, "final_distance_cost": 1.8545038053202005, "oscillation_cost": 24.905249422568158, "completition_cost": 0.0, "overshoot_cost": 52.2388423198097, "power_cost": 19.532557482910157, "noise_cost": 25.69856582240876, "n_waypoints_completed": 9, "tot_waypoints": 9}}
{"target": -188.30969831580617, "params": {"k_pid_pos": [0.7816133737191684, 0.0, 0.08758177457759334], "k_pid_alt": [1.6565263756956496, 0.0, 0.8918639311930509], "k_pid_att": [35.967947586179804, 3.0993464371482444, 0.2451553638694633], "k_pid_yaw": [0.5, 1e-06, 0.1], "k_pid_hsp": [0.25528376449340373, 0.0, 0.0], "k_pid_vsp": [133.35030255556634, 31.06602630022555, 1e-06]}, "datetime": {"datetime": "2025-08-13 18:09:54", "elapsed": 30122.655683517456, "delta": 17.436925649642944}, "costs": {"total_cost": 188.30969831580617, "time_cost": 73.136, "final_distance_cost": 1.843499783399685, "oscillation_cost": 26.50858948902042, "completition_cost": 0.0, "overshoot_cost": 50.863839522118845, "power_cost": 14.082208471679689, "noise_cost": 21.87556104958757, "n_waypoints_completed": 9, "tot_waypoints": 9}}
{"target": -193.4661054016245, "params": {"k_pid_pos": [0.9969566981324582, 0.0, 0.08781298101596122], "k_pid_alt": [1.6073188969180578, 0.0, 0.9606653519118434], "k_pid_att": [35.88356007711263, 3.330199479457107, 0.2683507311779577], "k_pid_yaw": [0.5, 1e-06, 0.1], "k_pid_hsp": [0.1756143300632258, 0.0, 0.0], "k_pid_vsp": [68.75342056527126, 20.260936631130228, 1e-06]}, "datetime": {"datetime": "2025-08-13 18:10:12", "elapsed": 30140.773075580597, "delta": 18.11739206314087}, "costs": {"total_cost": 193.4661054016245, "time_cost": 71.743, "final_distance_cost": 1.8226062521008506, "oscillation_cost": 27.386038262328864, "completition_cost": 0.0, "overshoot_cost": 51.5046385383665, "power_cost": 18.85514537353516, "noise_cost": 22.154676975293132, "n_waypoints_completed": 9, "tot_waypoints": 9}}
{"target": -181.95694633268698, "params": {"k_pid_pos": [0.912214984815778, 0.0, 0.06444277291344246], "k_pid_alt": [1.5695475766531954, 0.0, 0.878028586750716], "k_pid_att": [37.454099490513535, 3.010456038081341, 0.2766288409484456], "k_pid_yaw": [0.5, 1e-06, 0.1], "k_pid_hsp": [0.1881763892643296, 0.0, 0.0], "k_pid_vsp": [105.85766987948381, 29.542619553456877, 1e-06]}, "datetime": {"datetime": "2025-08-13 18:10:29", "elapsed": 30157.592316150665, "delta": 16.81924057006836}, "costs": {"total_cost": 181.95694633268698, "time_cost": 71.358, "final_distance_cost": 1.823842662947207, "oscillation_cost": 27.086490657325676, "completition_cost": 0.0, "overshoot_cost": 50.33863650407118, "power_cost": 11.190922375488281, "noise_cost": 20.15905413285465, "n_waypoints_completed": 9, "tot_waypoints": 9}}
{"target": -188.25925245192064, "params": {"k_pid_pos": [0.8555166870567461, 0.0, 0.08155179598176696], "k_pid_alt": [1.5947861089357915, 0.0, 0.908212526771215], "k_pid_att": [35.398600525926206, 3.3495090511211174, 0.2907534933995346], "k_pid_yaw": [0.5, 1e-06, 0.1], "k_pid_hsp": [0.21254644463919864, 0.0, 0.0], "k_pid_vsp": [139.60903138454594, 55.15476631922502, 1e-06]}, "datetime": {"datetime": "2025-08-13 18:10:47", "elapsed": 30175.20614171028, "delta": 17.61382555961609}, "costs": {"total_cost": 188.25925245192064, "time_cost": 71.946, "final_distance_cost": 1.8468779711356933, "oscillation_cost": 26.785092608194223, "completition_cost": 0.0, "overshoot_cost": 50.961985939004876, "power_cost": 15.084865124511719, "noise_cost": 21.634430809074125, "n_waypoints_completed": 9, "tot_waypoints": 9}}
{"target": -195.78580261298129, "params": {"k_pid_pos": [1.0021742323844314, 0.0, 0.11679349601973765], "k_pid_alt": [1.8458992720608312, 0.0, 0.902949990772218], "k_pid_att": [37.06357686750064, 3.527143467736367, 0.26507765302839087], "k_pid_yaw": [0.5, 1e-06, 0.1], "k_pid_hsp": [0.3128898966693789, 0.0, 0.0], "k_pid_vsp": [261.50687159201453, 30.527720690986786, 1e-06]}, "datetime": {"datetime": "2025-08-13 18:11:03", "elapsed": 30191.876877069473, "delta": 16.670735359191895}, "costs": {"total_cost": 195.78580261298129, "time_cost": 71.918, "final_distance_cost": 1.8352505898706755, "oscillation_cost": 28.317128532667603, "completition_cost": 0.0, "overshoot_cost": 51.460767990510085, "power_cost": 19.619075927734375, "noise_cost": 22.635579572198527, "n_waypoints_completed": 9, "tot_waypoints": 9}}
{"target": -186.82693818387423, "params": {"k_pid_pos": [0.8960185897019557, 0.0, 0.030575742673986786], "k_pid_alt": [1.6066315537532994, 0.0, 0.9285146243330501], "k_pid_att": [36.52697391258005, 2.8113637807611846, 0.256788720794822], "k_pid_yaw": [0.5, 1e-06, 0.1], "k_pid_hsp": [0.25492733422268266, 0.0, 0.0], "k_pid_vsp": [68.2759616686214, 26.920687735122396, 1e-06]}, "datetime": {"datetime": "2025-08-13 18:11:21", "elapsed": 30209.12421965599, "delta": 17.247342586517334}, "costs": {"total_cost": 186.82693818387423, "time_cost": 71.351, "final_distance_cost": 1.8310334307289273, "oscillation_cost": 27.75191887634628, "completition_cost": 0.0, "overshoot_cost": 50.565274035108104, "power_cost": 14.098885571289063, "noise_cost": 21.228826270401875, "n_waypoints_completed": 9, "tot_waypoints": 9}}
{"target": -179.41788855259188, "params": {"k_pid_pos": [0.9651302601498616, 0.0, 0.06484449273918749], "k_pid_alt": [1.5494360659728683, 0.0, 0.9255189346497793], "k_pid_att": [34.194088504134406, 3.2183686442511448, 0.2493013516014338], "k_pid_yaw": [0.5, 1e-06, 0.1], "k_pid_hsp": [0.2398876623126729, 0.0, 0.0], "k_pid_vsp": [26.742967240353735, 53.85527767312957, 4.8092282903357315]}, "datetime": {"datetime": "2025-08-13 18:11:39", "elapsed": 30227.60471177101, "delta": 18.480492115020752}, "costs": {"total_cost": 179.41788855259188, "time_cost": 71.015, "final_distance_cost": 1.8430166449970968, "oscillation_cost": 28.138857196321748, "completition_cost": 0.0, "overshoot_cost": 49.71691923344298, "power_cost": 9.447898034667968, "noise_cost": 19.25619744316207, "n_waypoints_completed": 9, "tot_waypoints": 9}}
{"target": -186.62314998282798, "params": {"k_pid_pos": [0.9226011828436054, 0.0, 0.20225161588683865], "k_pid_alt": [1.62478344102172, 0.0, 0.9403197680129549], "k_pid_att": [42.98103949452594, 3.4354657256474095, 0.26008308057569457], "k_pid_yaw": [0.5, 1e-06, 0.1], "k_pid_hsp": [0.22174970746947206, 0.0, 0.0], "k_pid_vsp": [87.32026789844132, 19.670344670640148, 1e-06]}, "datetime": {"datetime": "2025-08-13 18:11:56", "elapsed": 30244.627079963684, "delta": 17.02236819267273}, "costs": {"total_cost": 186.62314998282798, "time_cost": 72.709, "final_distance_cost": 1.8403348472153964, "oscillation_cost": 26.92214599576904, "completition_cost": 0.0, "overshoot_cost": 51.243676200670244, "power_cost": 12.645104077148439, "noise_cost": 21.26288886202485, "n_waypoints_completed": 9, "tot_waypoints": 9}}
{"target": -198.1230357454276, "params": {"k_pid_pos": [0.4459994487113599, 0.0, 0.04627888800697476], "k_pid_alt": [1.5511516355905695, 0.0, 0.9719763354627663], "k_pid_att": [35.34058495339024, 3.459596248085951, 0.2882342015701965], "k_pid_yaw": [0.5, 1e-06, 0.1], "k_pid_hsp": [0.17383787621143343, 0.0, 0.0], "k_pid_vsp": [102.96662695965209, 43.813670270949174, 1e-06]}, "datetime": {"datetime": "2025-08-13 18:12:15", "elapsed": 30263.959275960922, "delta": 19.33219599723816}, "costs": {"total_cost": 198.1230357454276, "time_cost": 81.781, "final_distance_cost": 1.8540518615566584, "oscillation_cost": 22.225056106657608, "completition_cost": 0.0, "overshoot_cost": 51.70948991509355, "power_cost": 15.398918200683594, "noise_cost": 25.15451966143619, "n_waypoints_completed": 9, "tot_waypoints": 9}}
{"target": -193.2716975334548, "params": {"k_pid_pos": [0.9306573243202811, 0.0, 0.08732497217776078], "k_pid_alt": [1.5905814283184114, 0.0, 0.9304613480468397], "k_pid_att": [34.72517835500782, 3.4190978532022482, 0.24386852248897845], "k_pid_yaw": [0.5, 1e-06, 0.1], "k_pid_hsp": [0.2451066557832308, 0.0, 0.0], "k_pid_vsp": [46.12621686732774, 18.406291903030546, 1e-06]}, "datetime": {"datetime": "2025-08-13 18:12:33", "elapsed": 30280.98001384735, "delta": 17.020737886428833}, "costs": {"total_cost": 193.2716975334548, "time_cost": 72.21900000000001, "final_distance_cost": 1.8363124490605696, "oscillation_cost": 27.236884490303073, "completition_cost": 0.0, "overshoot_cost": 51.66041006841168, "power_cost": 17.627647692871093, "noise_cost": 22.691442832808384, "n_waypoints_completed": 9, "tot_waypoints": 9}}
{"target": -191.5515450616608, "params": {"k_pid_pos": [0.7203349887517219, 0.0, 0.04212647385881074], "k_pid_alt": [1.6400355356805927, 0.0, 0.9330417909853925], "k_pid_att": [30.019244164638188, 2.455012070375106, 0.255868505853921], "k_pid_yaw": [0.5, 1e-06, 0.1], "k_pid_hsp": [0.16440403997055544, 0.0, 0.0], "k_pid_vsp": [183.0882781699989, 36.169248904496826, 1e-06]}, "datetime": {"datetime": "2025-08-13 18:12:50", "elapsed": 30298.336901903152, "delta": 17.35688805580139}, "costs": {"total_cost": 191.5515450616608, "time_cost": 73.29, "final_distance_cost": 1.8399590163436037, "oscillation_cost": 25.101451452716447, "completition_cost": 0.0, "overshoot_cost": 51.2168066186682, "power_cost": 17.563249938964844, "noise_cost": 22.540078034967685, "n_waypoints_completed": 9, "tot_waypoints": 9}}
{"target": -187.20770223019878, "params": {"k_pid_pos": [1.0914904542990307, 0.0, 0.08651387390096064], "k_pid_alt": [1.6208140698812408, 0.0, 0.9615051457264139], "k_pid_att": [34.25331784977585, 3.33034037253457, 0.23108524365857608], "k_pid_yaw": [0.5, 1e-06, 0.1], "k_pid_hsp": [0.2173676082370058, 0.0, 0.0], "k_pid_vsp": [66.74626967225288, 17.22204679545274, 1e-06]}, "datetime": {"datetime": "2025-08-13 18:13:08", "elapsed": 30316.06556558609, "delta": 17.728663682937622}, "costs": {"total_cost": 187.20770223019878, "time_cost": 71.428, "final_distance_cost": 1.8200753650801225, "oscillation_cost": 28.929641905444925, "completition_cost": 0.0, "overshoot_cost": 50.98339995427805, "power_cost": 13.282127929687501, "noise_cost": 20.76445707570817, "n_waypoints_completed": 9, "tot_waypoints": 9}}
{"target": -193.507611612421, "params": {"k_pid_pos": [0.757178728239513, 0.0, 0.10345774702774316], "k_pid_alt": [1.7436476758411952, 0.0, 0.9540927210728186], "k_pid_att": [36.775858489873485, 3.5168850082402363, 0.2542238864916303], "k_pid_yaw": [0.5, 1e-06, 0.1], "k_pid_hsp": [0.24771308143461337, 0.0, 0.0], "k_pid_vsp": [161.61857485352238, 27.775958088187735, 1e-06]}, "datetime": {"datetime": "2025-08-13 18:13:26", "elapsed": 30334.028938531876, "delta": 17.963372945785522}, "costs": {"total_cost": 193.507611612421, "time_cost": 74.2, "final_distance_cost": 1.842115522704196, "oscillation_cost": 26.61093959155808, "completition_cost": 0.0, "overshoot_cost": 51.281283259678176, "power_cost": 16.613438293457033, "noise_cost": 22.959834945023523, "n_waypoints_completed": 9, "tot_waypoints": 9}}
{"target": -178.72870920054416, "params": {"k_pid_pos": [0.995016382176449, 0.0, 0.05828261196220918], "k_pid_alt": [1.6183451800252324, 0.0, 0.9464304432182411], "k_pid_att": [35.31718321276087, 3.565458957445708, 0.2573044873112714], "k_pid_yaw": [0.5, 1e-06, 0.1], "k_pid_hsp": [0.1465289807013094, 0.0, 0.0], "k_pid_vsp": [124.75714099802155, 36.43442811229728, 1e-06]}, "datetime": {"datetime": "2025-08-13 18:13:44", "elapsed": 30352.162801027298, "delta": 18.133862495422363}, "costs": {"total_cost": 178.72870920054416, "time_cost": 71.015, "final_distance_cost": 1.8070446706613654, "oscillation_cost": 27.490464291615567, "completition_cost": 0.0, "overshoot_cost": 50.69662358907852, "power_cost": 8.735250500488283, "noise_cost": 18.984326148700397, "n_waypoints_completed": 9, "tot_waypoints": 9}}
{"target": -188.62968956280577, "params": {"k_pid_pos": [0.9165089076593873, 0.0, 0.0824792771386463], "k_pid_alt": [1.668333723685478, 0.0, 0.9026916880473604], "k_pid_att": [35.416342454996304, 3.55650041315608, 0.24679665500609707], "k_pid_yaw": [0.5, 1e-06, 0.1], "k_pid_hsp": [0.08384205964623148, 0.0, 0.0], "k_pid_vsp": [56.40001257581107, 33.58545136663092, 1e-06]}, "datetime": {"datetime": "2025-08-13 18:14:00", "elapsed": 30368.946066617966, "delta": 16.783265590667725}, "costs": {"total_cost": 188.62968956280577, "time_cost": 72.73, "final_distance_cost": 1.8101864531062988, "oscillation_cost": 24.42670954244548, "completition_cost": 0.0, "overshoot_cost": 52.09123129236173, "power_cost": 15.808161633300783, "noise_cost": 21.76340064159147, "n_waypoints_completed": 9, "tot_waypoints": 9}}
{"target": -191.24984791876878, "params": {"k_pid_pos": [1.0938266417184805, 0.0, 0.06271341897947941], "k_pid_alt": [1.6281246162095935, 0.0, 0.9498538825897973], "k_pid_att": [37.74588485391496, 3.5063590646852947, 0.250958995663656], "k_pid_yaw": [0.5, 1e-06, 0.1], "k_pid_hsp": [0.17932090530894024, 0.0, 0.0], "k_pid_vsp": [88.54001268468993, 11.920111909610142, 1e-06]}, "datetime": {"datetime": "2025-08-13 18:14:18", "elapsed": 30386.507446289062, "delta": 17.5613796710968}, "costs": {"total_cost": 191.24984791876878, "time_cost": 72.163, "final_distance_cost": 1.8151921091330383, "oscillation_cost": 28.731301606680073, "completition_cost": 0.0, "overshoot_cost": 51.55870060906321, "power_cost": 15.272062548828126, "noise_cost": 21.709591045064304, "n_waypoints_completed": 9, "tot_waypoints": 9}}
{"target": -182.7651208664827, "params": {"k_pid_pos": [1.057911211621509, 0.0, 0.08390364870593531], "k_pid_alt": [1.654330503101369, 0.0, 0.9269524641768372], "k_pid_att": [34.39636019547426, 3.6504992537715784, 0.28070262793049794], "k_pid_yaw": [0.5, 1e-06, 0.1], "k_pid_hsp": [0.2300914376105829, 0.0, 0.0], "k_pid_vsp": [68.87110015035498, 37.14700978699109, 1e-06]}, "datetime": {"datetime": "2025-08-13 18:14:35", "elapsed": 30403.148777246475, "delta": 16.64133095741272}, "costs": {"total_cost": 182.7651208664827, "time_cost": 70.315, "final_distance_cost": 1.8285696823062205, "oscillation_cost": 28.66721689586909, "completition_cost": 0.0, "overshoot_cost": 49.92675030720833, "power_cost": 11.893723693847656, "noise_cost": 20.133860287251416, "n_waypoints_completed": 9, "tot_waypoints": 9}}
{"target": -187.09251993635806, "params": {"k_pid_pos": [1.2518185449463486, 0.0, 0.023756581648019554], "k_pid_alt": [1.6864704195519267, 0.0, 0.9291429465628664], "k_pid_att": [38.7120268279446, 3.586498734213343, 0.26175422493896094], "k_pid_yaw": [0.5, 1e-06, 0.1], "k_pid_hsp": [0.22507911034785524, 0.0, 0.0], "k_pid_vsp": [147.4151354024347, 30.02312337684535, 1e-06]}, "datetime": {"datetime": "2025-08-13 18:14:52", "elapsed": 30420.399702072144, "delta": 17.250924825668335}, "costs": {"total_cost": 187.09251993635806, "time_cost": 70.581, "final_distance_cost": 1.8209195200476709, "oscillation_cost": 30.715505679239104, "completition_cost": 0.0, "overshoot_cost": 50.78309120922997, "power_cost": 12.787193078613281, "noise_cost": 20.404810449228027, "n_waypoints_completed": 9, "tot_waypoints": 9}}
