{"target": -191.03241331465205, "params": {"k_pid_pos": [1.216003087690305, 0.0, 0.06922131290458476], "k_pid_alt": [1.5945458575176696, 0.0, 0.9513629093692563], "k_pid_att": [33.83864320692659, 3.351908123194797, 0.2523378402382519], "k_pid_yaw": [0.5, 1e-06, 0.1], "k_pid_hsp": [0.3091807666358826, 0.0, 0.0], "k_pid_vsp": [123.70282325266855, 21.819982103949293, 1e-06]}, "datetime": {"datetime": "2025-08-13 15:45:28", "elapsed": 21456.894186735153, "delta": 21.544573545455933}, "costs": {"total_cost": 191.03241331465205, "time_cost": 71.288, "final_distance_cost": 1.816867131528974, "oscillation_cost": 30.460105982820625, "completition_cost": 0.0, "overshoot_cost": 51.26110324328901, "power_cost": 15.053145141601563, "noise_cost": 21.15319181541188, "n_waypoints_completed": 9, "tot_waypoints": 9}}
{"target": -186.43378283586893, "params": {"k_pid_pos": [1.1533198172890273, 0.0, 0.10129897235505983], "k_pid_alt": [1.6274211059373191, 0.0, 0.9442066410019744], "k_pid_att": [37.13926468214388, 3.3250606885838856, 0.2486362072418355], "k_pid_yaw": [0.5, 1e-06, 0.1], "k_pid_hsp": [0.2680834532174926, 0.0, 0.0], "k_pid_vsp": [96.62657641294429, 37.103766539651176, 1e-06]}, "datetime": {"datetime": "2025-08-13 15:45:48", "elapsed": 21476.164433956146, "delta": 19.270247220993042}, "costs": {"total_cost": 186.43378283586893, "time_cost": 70.686, "final_distance_cost": 1.832870222349914, "oscillation_cost": 29.591193009403902, "completition_cost": 0.0, "overshoot_cost": 50.9576411416108, "power_cost": 12.960575268554688, "noise_cost": 20.405503193949613, "n_waypoints_completed": 9, "tot_waypoints": 9}}
{"target": -186.3441536249749, "params": {"k_pid_pos": [1.1293278273178613, 0.0010725424513993809, 0.07166731291997519], "k_pid_alt": [1.6263243874618825, 0.0, 0.9445293856383696], "k_pid_att": [36.54259159890434, 3.445237851224396, 0.9779130362031883], "k_pid_yaw": [0.5, 1e-06, 0.1], "k_pid_hsp": [0.21569621108310588, 0.0, 0.0], "k_pid_vsp": [128.3719710088615, 24.763873663948555, 1e-06]}, "datetime": {"datetime": "2025-08-13 15:46:06", "elapsed": 21494.143728256226, "delta": 17.979294300079346}, "costs": {"total_cost": 186.3441536249749, "time_cost": 71.162, "final_distance_cost": 1.819913040049883, "oscillation_cost": 29.14008687980064, "completition_cost": 0.0, "overshoot_cost": 51.05422179096913, "power_cost": 12.674397534179688, "noise_cost": 20.493534379975518, "n_waypoints_completed": 9, "tot_waypoints": 9}}
{"target": -219.87037924353123, "params": {"k_pid_pos": [0.39973412714075107, 0.0, 0.10560336221889191], "k_pid_alt": [1.6467706243522415, 0.0, 0.9533629340791773], "k_pid_att": [35.526530134374, 3.3579344046688657, 0.261121888439667], "k_pid_yaw": [0.5, 1e-06, 0.1], "k_pid_hsp": [0.2646699540340413, 0.0, 0.0], "k_pid_vsp": [124.24426193624906, 24.971365001263877, 1e-06]}, "datetime": {"datetime": "2025-08-13 15:46:29", "elapsed": 21517.838321208954, "delta": 23.69459295272827}, "costs": {"total_cost": 219.87037924353123, "time_cost": 91.084, "final_distance_cost": 1.8609423397497828, "oscillation_cost": 21.930664089197485, "completition_cost": 0.0, "overshoot_cost": 53.98488902306961, "power_cost": 20.791880322265627, "noise_cost": 30.218003469248707, "n_waypoints_completed": 9, "tot_waypoints": 9}}
{"target": -189.2686797718598, "params": {"k_pid_pos": [1.1264907567297449, 0.0, 0.08836137735514192], "k_pid_alt": [1.6278312949145914, 0.0, 0.9458102358009225], "k_pid_att": [37.33369156880542, 3.3513262022954287, 0.24988313474219356], "k_pid_yaw": [0.5, 1e-06, 0.1], "k_pid_hsp": [0.22571381760846004, 0.0, 0.0], "k_pid_vsp": [138.51563048984607, 22.307273857014387, 1e-06]}, "datetime": {"datetime": "2025-08-13 15:46:47", "elapsed": 21535.402817487717, "delta": 17.564496278762817}, "costs": {"total_cost": 189.2686797718598, "time_cost": 71.19, "final_distance_cost": 1.8184582344196751, "oscillation_cost": 29.211934967583513, "completition_cost": 0.0, "overshoot_cost": 51.500933311172716, "power_cost": 14.516493627929687, "noise_cost": 21.030859630754193, "n_waypoints_completed": 9, "tot_waypoints": 9}}
{"target": -201.14586676278998, "params": {"k_pid_pos": [1.1412260410456088, 0.0, 0.076262799667696], "k_pid_alt": [1.5392616580864669, 0.0, 1.0], "k_pid_att": [34.13741965957109, 3.3411447018521634, 0.2692600283344757], "k_pid_yaw": [0.5, 1e-06, 0.1], "k_pid_hsp": [0.2649012577663874, 0.0, 0.0], "k_pid_vsp": [121.50686443926962, 23.09989511333846, 1e-06]}, "datetime": {"datetime": "2025-08-13 15:47:07", "elapsed": 21555.012517929077, "delta": 19.609700441360474}, "costs": {"total_cost": 201.14586676278998, "time_cost": 73.346, "final_distance_cost": 1.8272849459175395, "oscillation_cost": 30.445610044433867, "completition_cost": 0.0, "overshoot_cost": 51.45977316448297, "power_cost": 21.051625903320314, "noise_cost": 23.015572704635318, "n_waypoints_completed": 9, "tot_waypoints": 9}}
{"target": -182.88527223135543, "params": {"k_pid_pos": [0.8336526638859961, 0.0, 0.10999621870889562], "k_pid_alt": [1.5712317955999597, 0.0, 0.9595124894230206], "k_pid_att": [38.67854013000677, 3.1986592516580963, 0.26837286494579476], "k_pid_yaw": [0.5, 1e-06, 0.1], "k_pid_hsp": [0.25570252109094416, 0.0, 0.0], "k_pid_vsp": [130.23171527549832, 31.202648822813014, 1e-06]}, "datetime": {"datetime": "2025-08-13 15:47:29", "elapsed": 21577.932976722717, "delta": 22.920458793640137}, "costs": {"total_cost": 182.88527223135543, "time_cost": 73.045, "final_distance_cost": 1.8424303705345315, "oscillation_cost": 26.881487339055315, "completition_cost": 0.0, "overshoot_cost": 50.68979191020951, "power_cost": 10.103177917480469, "noise_cost": 20.323384694075592, "n_waypoints_completed": 9, "tot_waypoints": 9}}
{"target": -195.43198494550813, "params": {"k_pid_pos": [1.1315691201325746, 0.0, 0.06712623966457401], "k_pid_alt": [1.734642347525959, 0.0, 0.9495273530763914], "k_pid_att": [37.85469780642056, 3.489295978860782, 0.25467398471191816], "k_pid_yaw": [0.5, 1e-06, 0.1], "k_pid_hsp": [0.22123952768896388, 0.0, 0.0], "k_pid_vsp": [123.31196140366947, 22.11936122427661, 1e-06]}, "datetime": {"datetime": "2025-08-13 15:47:50", "elapsed": 21598.123863220215, "delta": 20.19088649749756}, "costs": {"total_cost": 195.43198494550813, "time_cost": 71.281, "final_distance_cost": 1.8364768416428867, "oscillation_cost": 29.528002313875945, "completition_cost": 0.0, "overshoot_cost": 51.62447254235552, "power_cost": 18.964599462890625, "noise_cost": 22.197433784743136, "n_waypoints_completed": 9, "tot_waypoints": 9}}
{"target": -191.95683906085188, "params": {"k_pid_pos": [1.2557509224793897, 0.0, 0.11780979616386306], "k_pid_alt": [1.639396471979633, 0.0, 0.9629981836522942], "k_pid_att": [32.77035321312039, 3.501993922240122, 0.24797049427994375], "k_pid_yaw": [0.5, 1e-06, 0.1], "k_pid_hsp": [0.20988955640483367, 0.0, 0.0], "k_pid_vsp": [123.68860334808166, 19.295348295991595, 1e-06]}, "datetime": {"datetime": "2025-08-13 15:48:10", "elapsed": 21618.01570892334, "delta": 19.891845703125}, "costs": {"total_cost": 191.95683906085188, "time_cost": 71.58200000000001, "final_distance_cost": 1.8219425797437754, "oscillation_cost": 30.10620817008878, "completition_cost": 0.0, "overshoot_cost": 51.42785487618001, "power_cost": 15.497960253906252, "noise_cost": 21.52087318093304, "n_waypoints_completed": 9, "tot_waypoints": 9}}
{"target": -184.8875393864299, "params": {"k_pid_pos": [1.3314076586441463, 0.001521875667726682, 0.08735012578307631], "k_pid_alt": [1.5971503548748818, 0.0, 0.9296323061333063], "k_pid_att": [34.8895423825195, 2.8227213336044104, 0.2491204162441914], "k_pid_yaw": [0.5, 1e-06, 0.1], "k_pid_hsp": [0.32701132678752454, 0.0, 0.0], "k_pid_vsp": [90.52784491386083, 27.64126707097571, 1e-06]}, "datetime": {"datetime": "2025-08-13 15:48:28", "elapsed": 21636.49484014511, "delta": 18.47913122177124}, "costs": {"total_cost": 184.8875393864299, "time_cost": 70.644, "final_distance_cost": 1.8264429617326978, "oscillation_cost": 30.96979746708026, "completition_cost": 0.0, "overshoot_cost": 50.77012653764892, "power_cost": 11.059719860839845, "noise_cost": 19.617452559128168, "n_waypoints_completed": 9, "tot_waypoints": 9}}
{"target": -197.69055501990448, "params": {"k_pid_pos": [1.1931822629960234, 0.0, 0.13399208383817315], "k_pid_alt": [1.7324950919874038, 0.0, 0.9503089348361663], "k_pid_att": [36.464336941427106, 2.8551286181163964, 0.235789994799287], "k_pid_yaw": [0.5, 1e-06, 0.1], "k_pid_hsp": [0.2684337005666262, 0.0, 0.0], "k_pid_vsp": [95.05581843428263, 24.9684184255893, 1e-06]}, "datetime": {"datetime": "2025-08-13 15:48:47", "elapsed": 21655.948108911514, "delta": 19.4532687664032}, "costs": {"total_cost": 197.69055501990448, "time_cost": 71.61, "final_distance_cost": 1.8326689180036806, "oscillation_cost": 28.995921180245638, "completition_cost": 0.0, "overshoot_cost": 51.47758421901898, "power_cost": 20.53738259277344, "noise_cost": 23.236998109862746, "n_waypoints_completed": 9, "tot_waypoints": 9}}
{"target": -185.8156594417156, "params": {"k_pid_pos": [0.8087455220034003, 0.0, 0.05339232855625643], "k_pid_alt": [1.6011577414258904, 0.0, 1.0], "k_pid_att": [35.75864486186531, 3.608449057286509, 0.24919048362573654], "k_pid_yaw": [0.5, 1e-06, 0.1], "k_pid_hsp": [0.11489971466862198, 0.0, 0.0], "k_pid_vsp": [132.61638921281087, 22.87609869041697, 1e-06]}, "datetime": {"datetime": "2025-08-13 15:49:07", "elapsed": 21675.21331167221, "delta": 19.26520276069641}, "costs": {"total_cost": 185.8156594417156, "time_cost": 72.758, "final_distance_cost": 1.8112468701791549, "oscillation_cost": 24.705757735929136, "completition_cost": 0.0, "overshoot_cost": 51.75601636589291, "power_cost": 13.580440100097658, "noise_cost": 21.204198369616737, "n_waypoints_completed": 9, "tot_waypoints": 9}}
{"target": -205.24382657096535, "params": {"k_pid_pos": [1.1718351053576324, 0.0, 0.08459387755755438], "k_pid_alt": [1.6244357153548379, 0.0, 0.9420321480667162], "k_pid_att": [33.858272065573765, 3.3689138567647277, 0.2820816079978661], "k_pid_yaw": [0.5, 1e-06, 0.1], "k_pid_hsp": [0.25894015767613837, 0.0, 0.0], "k_pid_vsp": [95.81022510542711, 23.0261225854075, 1e-06]}, "datetime": {"datetime": "2025-08-13 15:49:26", "elapsed": 21694.261380672455, "delta": 19.04806900024414}, "costs": {"total_cost": 205.24382657096535, "time_cost": 73.248, "final_distance_cost": 1.8297804418513126, "oscillation_cost": 30.356678730756155, "completition_cost": 0.0, "overshoot_cost": 51.869642069987556, "power_cost": 24.366797851562502, "noise_cost": 23.572927476807813, "n_waypoints_completed": 9, "tot_waypoints": 9}}
{"target": -192.3225803223182, "params": {"k_pid_pos": [1.1884919152187168, 0.0, 0.14080032158709382], "k_pid_alt": [1.6469108866357367, 0.0, 0.9417595296090921], "k_pid_att": [39.52879088023793, 3.2066520645964793, 0.24786810618347485], "k_pid_yaw": [0.5, 1e-06, 0.1], "k_pid_hsp": [0.374460144520566, 0.0, 0.0], "k_pid_vsp": [137.8977400995149, 26.942586114839425, 1e-06]}, "datetime": {"datetime": "2025-08-13 15:49:45", "elapsed": 21713.45152759552, "delta": 19.190146923065186}, "costs": {"total_cost": 192.3225803223182, "time_cost": 71.372, "final_distance_cost": 1.8442386289223303, "oscillation_cost": 30.144015786066344, "completition_cost": 0.0, "overshoot_cost": 50.78825631230711, "power_cost": 16.46378270263672, "noise_cost": 21.71028689238572, "n_waypoints_completed": 9, "tot_waypoints": 9}}
{"target": -202.24698621547688, "params": {"k_pid_pos": [1.2310638635655553, 0.0, 0.09716297104749755], "k_pid_alt": [1.630613067852309, 0.0, 0.9574753932967486], "k_pid_att": [40.74160204544805, 3.4207781040196146, 0.259624143505552], "k_pid_yaw": [0.5, 1e-06, 0.1], "k_pid_hsp": [0.24674046463062654, 0.0, 0.0], "k_pid_vsp": [122.51544511053547, 26.184338431662177, 1e-06]}, "datetime": {"datetime": "2025-08-13 15:50:05", "elapsed": 21733.034165382385, "delta": 19.582637786865234}, "costs": {"total_cost": 202.24698621547688, "time_cost": 73.605, "final_distance_cost": 1.8120241762448837, "oscillation_cost": 30.838241117999562, "completition_cost": 0.0, "overshoot_cost": 51.70342873940409, "power_cost": 21.26061123046875, "noise_cost": 23.027680951359578, "n_waypoints_completed": 9, "tot_waypoints": 9}}
{"target": -191.06863235556054, "params": {"k_pid_pos": [0.9037784657076829, 0.0, 0.06974679464150138], "k_pid_alt": [1.6547636238997627, 0.0, 0.9377015623444299], "k_pid_att": [38.518490541603676, 3.7541300145271013, 0.2573545613284794], "k_pid_yaw": [0.5, 1e-06, 0.1], "k_pid_hsp": [0.2695847961128215, 0.0, 0.0], "k_pid_vsp": [153.10042748215395, 30.13160450125223, 1e-06]}, "datetime": {"datetime": "2025-08-13 15:50:24", "elapsed": 21752.050645828247, "delta": 19.016480445861816}, "costs": {"total_cost": 191.06863235556054, "time_cost": 71.897, "final_distance_cost": 1.8477276001590228, "oscillation_cost": 27.719281800224945, "completition_cost": 0.0, "overshoot_cost": 50.93843200970306, "power_cost": 16.693166003417968, "noise_cost": 21.97302494205556, "n_waypoints_completed": 9, "tot_waypoints": 9}}
{"target": -194.6524547367429, "params": {"k_pid_pos": [1.2142757224675806, 0.0, 0.056294141895282784], "k_pid_alt": [1.6056813791240916, 0.0, 0.9555948615820258], "k_pid_att": [40.226224882723365, 3.446273355057521, 0.25599956622022657], "k_pid_yaw": [0.5, 1e-06, 0.1], "k_pid_hsp": [0.2320760528424935, 0.0, 0.0], "k_pid_vsp": [122.66003444652233, 32.221852894413004, 1e-06]}, "datetime": {"datetime": "2025-08-13 15:50:43", "elapsed": 21771.28343129158, "delta": 19.23278546333313}, "costs": {"total_cost": 194.6524547367429, "time_cost": 71.32300000000001, "final_distance_cost": 1.8171043083795808, "oscillation_cost": 30.03452377958444, "completition_cost": 0.0, "overshoot_cost": 51.09804602173894, "power_cost": 18.478324743652344, "noise_cost": 21.901455883387595, "n_waypoints_completed": 9, "tot_waypoints": 9}}
{"target": -196.58743574870675, "params": {"k_pid_pos": [1.1218352689877167, 0.0, 0.08385594964118552], "k_pid_alt": [1.6190558826492456, 0.0, 0.9483608206658106], "k_pid_att": [36.47288364494665, 3.373949828708602, 0.26052770329675984], "k_pid_yaw": [0.5, 1e-06, 0.1], "k_pid_hsp": [0.1837624585889875, 0.0, 0.0], "k_pid_vsp": [124.71289834332357, 23.649628092528896, 1e-06]}, "datetime": {"datetime": "2025-08-13 15:51:02", "elapsed": 21790.022441148758, "delta": 18.739009857177734}, "costs": {"total_cost": 196.58743574870675, "time_cost": 72.268, "final_distance_cost": 1.8102742004650725, "oscillation_cost": 28.507694251333398, "completition_cost": 0.0, "overshoot_cost": 51.500092190466525, "power_cost": 20.030562048339846, "noise_cost": 22.47081305810192, "n_waypoints_completed": 9, "tot_waypoints": 9}}
{"target": -193.30076536915902, "params": {"k_pid_pos": [1.1517502993032238, 0.0, 0.037578748809398044], "k_pid_alt": [1.5852792695748428, 0.0, 0.9671762970620984], "k_pid_att": [35.94764025273201, 3.1193501178706287, 0.2644062197096907], "k_pid_yaw": [0.5, 1e-06, 0.1], "k_pid_hsp": [0.282994824600689, 0.0, 0.0], "k_pid_vsp": [119.70622074973981, 30.679408794497476, 1e-06]}, "datetime": {"datetime": "2025-08-13 15:51:21", "elapsed": 21809.345693588257, "delta": 19.3232524394989}, "costs": {"total_cost": 193.30076536915902, "time_cost": 71.575, "final_distance_cost": 1.8295421402471366, "oscillation_cost": 30.234187806075607, "completition_cost": 0.0, "overshoot_cost": 51.025715540313996, "power_cost": 16.976621826171876, "noise_cost": 21.659698056350393, "n_waypoints_completed": 9, "tot_waypoints": 9}}
{"target": -199.4866579803648, "params": {"k_pid_pos": [1.1381003753898948, 0.0, 0.0], "k_pid_alt": [1.6309626170506923, 0.0, 0.9650561625469048], "k_pid_att": [33.37632947402591, 3.605676167679951, 0.25196791456620915], "k_pid_yaw": [0.5, 1e-06, 0.1], "k_pid_hsp": [0.266560225043692, 0.0, 0.0], "k_pid_vsp": [126.89702896728582, 23.008570052472628, 1e-06]}, "datetime": {"datetime": "2025-08-13 15:51:40", "elapsed": 21828.59305548668, "delta": 19.24736189842224}, "costs": {"total_cost": 199.4866579803648, "time_cost": 72.94, "final_distance_cost": 1.808155438507235, "oscillation_cost": 30.886791568531777, "completition_cost": 0.0, "overshoot_cost": 51.33612901972275, "power_cost": 19.929795947265625, "noise_cost": 22.585786006337436, "n_waypoints_completed": 9, "tot_waypoints": 9}}
{"target": -182.40373463282964, "params": {"k_pid_pos": [1.1175396343192285, 0.0, 0.04331826963892996], "k_pid_alt": [1.764374578100678, 0.0, 0.9389357735163353], "k_pid_att": [39.810228899081295, 3.7238862115370295, 0.253409113870939], "k_pid_yaw": [0.5, 1e-06, 0.1], "k_pid_hsp": [0.26119229545716843, 0.0, 0.0], "k_pid_vsp": [112.06668389496025, 26.949936668334352, 1e-06]}, "datetime": {"datetime": "2025-08-13 15:51:59", "elapsed": 21847.312316417694, "delta": 18.719260931015015}, "costs": {"total_cost": 182.40373463282964, "time_cost": 70.175, "final_distance_cost": 1.8255162193347472, "oscillation_cost": 29.845192509626063, "completition_cost": 0.0, "overshoot_cost": 50.39925995661944, "power_cost": 10.452514086914062, "noise_cost": 19.70625186033537, "n_waypoints_completed": 9, "tot_waypoints": 9}}
{"target": -190.53903432437266, "params": {"k_pid_pos": [1.1874821017485275, 0.02033706261281288, 0.06537306746725084], "k_pid_alt": [1.640842181843689, 0.0, 0.9965592978807363], "k_pid_att": [37.232549700124096, 3.879758590724908, 0.24692235475934046], "k_pid_yaw": [0.5, 1e-06, 0.1], "k_pid_hsp": [0.26771499026411383, 0.0, 0.0], "k_pid_vsp": [165.35381821257243, 12.027153529974782, 1e-06]}, "datetime": {"datetime": "2025-08-13 15:52:17", "elapsed": 21865.96498990059, "delta": 18.652673482894897}, "costs": {"total_cost": 190.53903432437266, "time_cost": 71.694, "final_distance_cost": 1.826915517505888, "oscillation_cost": 30.262762661724228, "completition_cost": 0.0, "overshoot_cost": 51.353484392783166, "power_cost": 14.325163623046876, "noise_cost": 21.076708129312518, "n_waypoints_completed": 9, "tot_waypoints": 9}}
{"target": -199.55580382788833, "params": {"k_pid_pos": [1.1925151851054507, 0.0, 0.10323288182891839], "k_pid_alt": [1.6753401123047211, 0.0, 0.9303834116811691], "k_pid_att": [31.479764447196008, 3.365882092703686, 0.2580039248081017], "k_pid_yaw": [0.5, 1e-06, 0.1], "k_pid_hsp": [0.24005081622786317, 0.0, 0.0], "k_pid_vsp": [145.53478451949363, 19.271919308914917, 1e-06]}, "datetime": {"datetime": "2025-08-13 15:52:37", "elapsed": 21885.278353214264, "delta": 19.313363313674927}, "costs": {"total_cost": 199.55580382788833, "time_cost": 72.086, "final_distance_cost": 1.814846008946013, "oscillation_cost": 29.330999368298706, "completition_cost": 0.0, "overshoot_cost": 52.08335789090242, "power_cost": 21.49600692138672, "noise_cost": 22.744593638354466, "n_waypoints_completed": 9, "tot_waypoints": 9}}
{"target": -191.8844074118412, "params": {"k_pid_pos": [1.1509003244910565, 0.0, 0.07304844231275136], "k_pid_alt": [1.614623905324586, 0.0, 0.9390348962646434], "k_pid_att": [37.747793863248624, 3.4935378690441135, 0.23783013439542863], "k_pid_yaw": [0.5, 1e-06, 0.1], "k_pid_hsp": [0.3409578933341386, 0.0, 0.0], "k_pid_vsp": [115.60257917995887, 19.883681471872155, 1e-06]}, "datetime": {"datetime": "2025-08-13 15:52:55", "elapsed": 21903.304190158844, "delta": 18.025836944580078}, "costs": {"total_cost": 191.8844074118412, "time_cost": 71.302, "final_distance_cost": 1.824253577652981, "oscillation_cost": 30.23836021636791, "completition_cost": 0.0, "overshoot_cost": 50.64917480161313, "power_cost": 16.181384326171877, "noise_cost": 21.68923449003531, "n_waypoints_completed": 9, "tot_waypoints": 9}}
{"target": -668.0335619430866, "params": {"k_pid_pos": [0.9525938318941763, 0.0668114217170113, 0.022137527453365585], "k_pid_alt": [1.6390547908125639, 0.02311562459677625, 0.9523488545535247], "k_pid_att": [30.48201916333786, 3.0874919834917605, 0.2502894842021005], "k_pid_yaw": [0.5, 1e-06, 0.1], "k_pid_hsp": [0.020706982455831358, 0.00016452407723778484, 0.0], "k_pid_vsp": [129.08016273138884, 25.164587775550256, 0.08334411650204543]}, "datetime": {"datetime": "2025-08-13 15:53:27", "elapsed": 21935.611867666245, "delta": 32.30767750740051}, "costs": {"total_cost": 668.0335619430866, "time_cost": 150, "final_distance_cost": 66.6633060781335, "oscillation_cost": 10.600998425231548, "completition_cost": 333.33333333333337, "overshoot_cost": 55.30793183909961, "power_cost": 19.83329346923828, "noise_cost": 32.29469879805037, "n_waypoints_completed": 6, "tot_waypoints": 9}}
{"target": -200.3589552787434, "params": {"k_pid_pos": [0.5644885868593039, 0.0, 0.04853663469051282], "k_pid_alt": [1.5537622687644048, 0.0, 0.9438039871981537], "k_pid_att": [40.214662805491145, 3.389452612142288, 0.28949248327977395], "k_pid_yaw": [0.5, 1e-06, 0.1], "k_pid_hsp": [0.19043995549708587, 0.0, 0.0], "k_pid_vsp": [108.0261989397009, 23.320606011195455, 0.6100322184154838]}, "datetime": {"datetime": "2025-08-13 15:53:48", "elapsed": 21956.949299812317, "delta": 21.337432146072388}, "costs": {"total_cost": 200.3589552787434, "time_cost": 77.924, "final_distance_cost": 1.8547537607930076, "oscillation_cost": 24.093262391927695, "completition_cost": 0.0, "overshoot_cost": 52.17641424487384, "power_cost": 19.595575036621096, "noise_cost": 24.714949844527773, "n_waypoints_completed": 9, "tot_waypoints": 9}}
