{"target": -191.9119468799488, "params": {"k_pid_pos": [0.9472271522047906, 0.0, 0.05326075953030786], "k_pid_alt": [1.8219148822429687, 0.0, 0.9488440720739543], "k_pid_att": [33.28507896580011, 3.6019224790587305, 0.25144111641655004], "k_pid_yaw": [0.5, 1e-06, 0.1], "k_pid_hsp": [0.14851182764601867, 0.0, 0.0], "k_pid_vsp": [108.97926611996225, 32.656827952578865, 1e-06]}, "datetime": {"datetime": "2025-08-13 19:35:50", "elapsed": 35278.24433398247, "delta": 16.612660884857178}, "costs": {"total_cost": 191.9119468799488, "time_cost": 71.547, "final_distance_cost": 1.8072196842650308, "oscillation_cost": 26.796300917356817, "completition_cost": 0.0, "overshoot_cost": 51.86855556032142, "power_cost": 17.939686083984377, "noise_cost": 21.953184634021156, "n_waypoints_completed": 9, "tot_waypoints": 9}}
{"target": -194.7790312140929, "params": {"k_pid_pos": [0.42447103364519145, 0.0, 0.059450029926673406], "k_pid_alt": [2.0, 0.0, 0.9719403095542011], "k_pid_att": [32.6984025672802, 3.555541206738998, 0.26354865117082266], "k_pid_yaw": [0.5, 1e-06, 0.1], "k_pid_hsp": [0.08729022100725023, 0.0, 0.0], "k_pid_vsp": [96.8040551224832, 33.65976114356286, 1e-06]}, "datetime": {"datetime": "2025-08-13 19:36:09", "elapsed": 35297.54163432121, "delta": 19.297300338745117}, "costs": {"total_cost": 194.7790312140929, "time_cost": 78.043, "final_distance_cost": 1.841545809451815, "oscillation_cost": 16.83612664130769, "completition_cost": 0.0, "overshoot_cost": 53.30327152698162, "power_cost": 19.860000073242187, "noise_cost": 24.895087163109597, "n_waypoints_completed": 9, "tot_waypoints": 9}}
{"target": -186.72366142799078, "params": {"k_pid_pos": [1.341319604324391, 0.0008134472974187772, 0.028570152671873607], "k_pid_alt": [2.0, 0.0, 0.9069235730137879], "k_pid_att": [30.6990378068137, 3.7107655236384307, 0.2509316442246103], "k_pid_yaw": [0.5, 1e-06, 0.1], "k_pid_hsp": [0.18735468033837788, 0.0, 0.0], "k_pid_vsp": [64.54549766118416, 13.155572428270908, 1e-06]}, "datetime": {"datetime": "2025-08-13 19:36:26", "elapsed": 35314.36865091324, "delta": 16.827016592025757}, "costs": {"total_cost": 186.72366142799078, "time_cost": 70.063, "final_distance_cost": 1.7845683072040341, "oscillation_cost": 30.76018626506054, "completition_cost": 0.0, "overshoot_cost": 51.37477117038286, "power_cost": 12.526505334472656, "noise_cost": 20.214630350870674, "n_waypoints_completed": 9, "tot_waypoints": 9}}
{"target": -191.98794265886661, "params": {"k_pid_pos": [0.9388546681481661, 0.0, 0.07648711317741673], "k_pid_alt": [1.8576267198164338, 0.0, 0.9524258084831444], "k_pid_att": [31.585287598238775, 3.5246117326387805, 0.2512595455041123], "k_pid_yaw": [0.5, 1e-06, 0.1], "k_pid_hsp": [0.060285216215808235, 0.0, 0.0], "k_pid_vsp": [72.58894174620374, 26.02784499328221, 1e-06]}, "datetime": {"datetime": "2025-08-13 19:36:45", "elapsed": 35333.36909866333, "delta": 19.000447750091553}, "costs": {"total_cost": 191.98794265886661, "time_cost": 76.944, "final_distance_cost": 1.8021619985143145, "oscillation_cost": 23.526857142652172, "completition_cost": 0.0, "overshoot_cost": 53.744152929316336, "power_cost": 13.677818041992188, "noise_cost": 22.292952546391607, "n_waypoints_completed": 9, "tot_waypoints": 9}}
{"target": -188.47208463349244, "params": {"k_pid_pos": [0.9541998816437731, 0.0, 0.09362229194868663], "k_pid_alt": [1.816481598208891, 0.0, 0.9015270295782527], "k_pid_att": [36.0698033954619, 3.462376600525147, 0.2670006218746596], "k_pid_yaw": [0.5, 1e-06, 0.1], "k_pid_hsp": [0.09925013218611761, 0.0, 0.0], "k_pid_vsp": [76.66071594254203, 20.357882723152645, 1e-06]}, "datetime": {"datetime": "2025-08-13 19:37:02", "elapsed": 35350.69957304001, "delta": 17.330474376678467}, "costs": {"total_cost": 188.47208463349244, "time_cost": 71.715, "final_distance_cost": 1.81568918539773, "oscillation_cost": 25.546010049763016, "completition_cost": 0.0, "overshoot_cost": 52.115963375138676, "power_cost": 15.703510070800782, "noise_cost": 21.575911952392246, "n_waypoints_completed": 9, "tot_waypoints": 9}}
{"target": -190.36109108851454, "params": {"k_pid_pos": [0.9362193164596894, 0.0, 0.060666043459048954], "k_pid_alt": [1.8929659773775287, 0.0, 0.9251319903008239], "k_pid_att": [27.925669025023723, 3.2400764167881957, 0.25979934108418906], "k_pid_yaw": [0.5, 1e-06, 0.1], "k_pid_hsp": [0.14885105720801411, 0.0, 0.0], "k_pid_vsp": [82.4739815628941, 34.11184160655844, 1e-06]}, "datetime": {"datetime": "2025-08-13 19:37:19", "elapsed": 35367.02925300598, "delta": 16.3296799659729}, "costs": {"total_cost": 190.36109108851454, "time_cost": 70.875, "final_distance_cost": 1.8269703081158455, "oscillation_cost": 26.79184627402423, "completition_cost": 0.0, "overshoot_cost": 51.323384712219685, "power_cost": 17.558171691894533, "noise_cost": 21.985718102260254, "n_waypoints_completed": 9, "tot_waypoints": 9}}
{"target": -188.3831003172749, "params": {"k_pid_pos": [0.6570452456707234, 0.0, 0.049396785321992875], "k_pid_alt": [1.757277338799504, 0.0, 0.9415309215382378], "k_pid_att": [23.349339163024492, 3.4963174531460437, 0.27291570471957977], "k_pid_yaw": [0.5, 1e-06, 0.1], "k_pid_hsp": [0.07514779245558131, 0.0, 0.0], "k_pid_vsp": [87.42467798952067, 4.988466693812841, 0.35086184872838627]}, "datetime": {"datetime": "2025-08-13 19:37:37", "elapsed": 35385.718703985214, "delta": 18.689450979232788}, "costs": {"total_cost": 188.3831003172749, "time_cost": 75.642, "final_distance_cost": 1.8193891974199725, "oscillation_cost": 20.22549219683873, "completition_cost": 0.0, "overshoot_cost": 53.45287897316546, "power_cost": 14.599812512207032, "noise_cost": 22.643527437643755, "n_waypoints_completed": 9, "tot_waypoints": 9}}
{"target": -188.8700891077354, "params": {"k_pid_pos": [0.9025648025741807, 0.008257712291617461, 0.05250072570666507], "k_pid_alt": [1.8435131236372204, 0.0, 0.9144662201994098], "k_pid_att": [33.03680213925832, 3.542399802109645, 0.27354902820884874], "k_pid_yaw": [0.5, 1e-06, 0.1], "k_pid_hsp": [0.09873186400241712, 0.0, 0.0], "k_pid_vsp": [74.70538800614919, 32.224141466634606, 1e-06]}, "datetime": {"datetime": "2025-08-13 19:37:54", "elapsed": 35402.46328997612, "delta": 16.74458599090576}, "costs": {"total_cost": 188.8700891077354, "time_cost": 71.897, "final_distance_cost": 1.8041218564857966, "oscillation_cost": 24.98417184470546, "completition_cost": 0.0, "overshoot_cost": 51.93214378238046, "power_cost": 16.604802978515625, "noise_cost": 21.647848645648043, "n_waypoints_completed": 9, "tot_waypoints": 9}}
{"target": -195.4627963524636, "params": {"k_pid_pos": [0.9581711341487711, 0.0, 0.06034632052364854], "k_pid_alt": [2.0, 0.0, 0.9638059279736448], "k_pid_att": [33.33533764744515, 3.0256237922970093, 0.2204264125199326], "k_pid_yaw": [0.5, 1e-06, 0.1], "k_pid_hsp": [0.05964379331889108, 0.0, 0.0], "k_pid_vsp": [111.75015848539668, 25.884304373252498, 1e-06]}, "datetime": {"datetime": "2025-08-13 19:38:13", "elapsed": 35421.35279870033, "delta": 18.889508724212646}, "costs": {"total_cost": 195.4627963524636, "time_cost": 77.021, "final_distance_cost": 1.7840924706495453, "oscillation_cost": 23.620458544477742, "completition_cost": 0.0, "overshoot_cost": 53.899484762993396, "power_cost": 15.944484875488282, "noise_cost": 23.193275698854645, "n_waypoints_completed": 9, "tot_waypoints": 9}}
{"target": -185.76827238386315, "params": {"k_pid_pos": [0.8074004186978121, 0.0, 0.05472584604737628], "k_pid_alt": [1.9476806251354524, 0.0, 0.9517629599163242], "k_pid_att": [32.97171654085155, 3.418619030653007, 0.28020935523349766], "k_pid_yaw": [0.5, 1e-06, 0.1], "k_pid_hsp": [0.14527665691369987, 0.0, 0.0], "k_pid_vsp": [73.11848131636758, 46.772756064656775, 1e-06]}, "datetime": {"datetime": "2025-08-13 19:38:30", "elapsed": 35438.97034025192, "delta": 17.617541551589966}, "costs": {"total_cost": 185.76827238386315, "time_cost": 70.959, "final_distance_cost": 1.830233032296128, "oscillation_cost": 25.65084556488771, "completition_cost": 0.0, "overshoot_cost": 50.74080319622317, "power_cost": 15.299203259277345, "noise_cost": 21.288187331178822, "n_waypoints_completed": 9, "tot_waypoints": 9}}
{"target": -184.31068374450155, "params": {"k_pid_pos": [0.8997682542340093, 0.0, 0.03173198874737451], "k_pid_alt": [1.9902382353047463, 0.0, 0.9598277550935777], "k_pid_att": [35.049219759598515, 3.899061008214031, 0.33462684331245474], "k_pid_yaw": [0.5, 1e-06, 0.1], "k_pid_hsp": [0.08446589014926967, 0.0, 0.0], "k_pid_vsp": [141.6454638878268, 6.460672175309339, 1e-06]}, "datetime": {"datetime": "2025-08-13 19:38:48", "elapsed": 35456.32029056549, "delta": 17.349950313568115}, "costs": {"total_cost": 184.31068374450155, "time_cost": 72.919, "final_distance_cost": 1.8053436746022697, "oscillation_cost": 24.53464600308795, "completition_cost": 0.0, "overshoot_cost": 52.783574236178296, "power_cost": 11.5578263671875, "noise_cost": 20.71029346344556, "n_waypoints_completed": 9, "tot_waypoints": 9}}
{"target": -191.81663670904308, "params": {"k_pid_pos": [1.0609902749901192, 0.0, 0.10226259932086104], "k_pid_alt": [2.0, 0.0, 0.9554963920423589], "k_pid_att": [32.25810109551568, 3.368039719373953, 0.2722119243206552], "k_pid_yaw": [0.5, 1e-06, 0.1], "k_pid_hsp": [0.10585824149741692, 0.0, 0.0], "k_pid_vsp": [82.89260392506459, 20.974317691925027, 1e-06]}, "datetime": {"datetime": "2025-08-13 19:39:09", "elapsed": 35477.68096923828, "delta": 21.360678672790527}, "costs": {"total_cost": 191.81663670904308, "time_cost": 71.813, "final_distance_cost": 1.780571962872967, "oscillation_cost": 26.624617461471992, "completition_cost": 0.0, "overshoot_cost": 52.20124248736727, "power_cost": 17.33764332275391, "noise_cost": 22.05956147457696, "n_waypoints_completed": 9, "tot_waypoints": 9}}
{"target": -185.01113928670264, "params": {"k_pid_pos": [0.9388236613880594, 0.0, 0.09791421982350947], "k_pid_alt": [1.9428630041024866, 0.0, 0.9548778401953877], "k_pid_att": [34.199417109298096, 3.5854115599265994, 0.2700056694354436], "k_pid_yaw": [0.5, 1e-06, 0.1], "k_pid_hsp": [0.27026564818601234, 0.0, 0.0], "k_pid_vsp": [13.927315226050922, 27.661274679839188, 1e-06]}, "datetime": {"datetime": "2025-08-13 19:39:28", "elapsed": 35496.10774588585, "delta": 18.42677664756775}, "costs": {"total_cost": 185.01113928670264, "time_cost": 70.336, "final_distance_cost": 1.8462236659230842, "oscillation_cost": 26.66399979920695, "completition_cost": 0.0, "overshoot_cost": 50.82772971473303, "power_cost": 14.248841711425783, "noise_cost": 21.088344395413788, "n_waypoints_completed": 9, "tot_waypoints": 9}}
{"target": -188.48836450316944, "params": {"k_pid_pos": [0.9864102806016386, 0.0, 0.08363837378674258], "k_pid_alt": [1.7159073666171905, 0.0, 0.9556584686285422], "k_pid_att": [32.887765947212756, 3.6161784742293777, 0.11475590337248343], "k_pid_yaw": [0.5, 1e-06, 0.1], "k_pid_hsp": [0.2948049030201685, 0.0, 0.0], "k_pid_vsp": [50.287908199845326, 14.056810663633193, 1e-06]}, "datetime": {"datetime": "2025-08-13 19:39:46", "elapsed": 35514.09957790375, "delta": 17.99183201789856}, "costs": {"total_cost": 188.48836450316944, "time_cost": 71.281, "final_distance_cost": 1.8410756671305044, "oscillation_cost": 28.826034004738567, "completition_cost": 0.0, "overshoot_cost": 50.909676000384486, "power_cost": 14.08273505859375, "noise_cost": 21.547843772322118, "n_waypoints_completed": 9, "tot_waypoints": 9}}
{"target": -255.40327016246937, "params": {"k_pid_pos": [0.38732922620262, 0.0, 0.06661861603389692], "k_pid_alt": [1.8249393536569292, 0.0, 0.919212531020725], "k_pid_att": [34.32201557897408, 2.971104995048879, 0.28307084823505685], "k_pid_yaw": [0.5, 1e-06, 0.1], "k_pid_hsp": [0.096980826401659, 0.0, 0.0], "k_pid_vsp": [0.0, 33.29661956441943, 1e-06]}, "datetime": {"datetime": "2025-08-13 19:40:12", "elapsed": 35540.14292383194, "delta": 26.04334592819214}, "costs": {"total_cost": 255.40327016246937, "time_cost": 103.404, "final_distance_cost": 1.8519735197513179, "oscillation_cost": 18.350230723594265, "completition_cost": 0.0, "overshoot_cost": 60.0750025191837, "power_cost": 25.10218983154297, "noise_cost": 46.619873568397146, "n_waypoints_completed": 9, "tot_waypoints": 9}}
{"target": -187.57901435866717, "params": {"k_pid_pos": [1.0115564967461528, 0.0, 0.09276931584762253], "k_pid_alt": [1.933584996005003, 0.0, 0.9507113668954407], "k_pid_att": [34.982469934317265, 3.5336624033075577, 0.2837961419269643], "k_pid_yaw": [0.5, 1e-06, 0.1], "k_pid_hsp": [0.14615832016860844, 0.0, 0.0], "k_pid_vsp": [41.5945090655472, 22.185959377239733, 1e-06]}, "datetime": {"datetime": "2025-08-13 19:40:28", "elapsed": 35556.92274427414, "delta": 16.779820442199707}, "costs": {"total_cost": 187.57901435866717, "time_cost": 70.819, "final_distance_cost": 1.806261057005169, "oscillation_cost": 26.921348067145633, "completition_cost": 0.0, "overshoot_cost": 51.574578917759574, "power_cost": 15.191018981933594, "noise_cost": 21.266807334823213, "n_waypoints_completed": 9, "tot_waypoints": 9}}
{"target": -185.57297304550983, "params": {"k_pid_pos": [1.1467030302111296, 0.0003225342182695855, 0.07776895087234695], "k_pid_alt": [1.8821866681728325, 0.0, 0.8031428132036933], "k_pid_att": [35.220280682335456, 3.451056647391489, 0.26285716282443045], "k_pid_yaw": [0.5, 1e-06, 0.1], "k_pid_hsp": [0.31391858439916753, 0.0, 0.0], "k_pid_vsp": [78.16752884002976, 21.345573979898205, 1e-06]}, "datetime": {"datetime": "2025-08-13 19:40:46", "elapsed": 35574.49297142029, "delta": 17.57022714614868}, "costs": {"total_cost": 185.57297304550983, "time_cost": 69.965, "final_distance_cost": 1.8438272231991895, "oscillation_cost": 29.90200975066447, "completition_cost": 0.0, "overshoot_cost": 50.94424472063647, "power_cost": 12.543147204589845, "noise_cost": 20.37474414641986, "n_waypoints_completed": 9, "tot_waypoints": 9}}
{"target": -182.1917437592885, "params": {"k_pid_pos": [0.7471211072947785, 0.0, 0.07853407067421038], "k_pid_alt": [2.0, 0.0, 0.8854654546114781], "k_pid_att": [33.368039494268785, 3.499624808146544, 0.273006923776236], "k_pid_yaw": [0.5, 1e-06, 0.1], "k_pid_hsp": [0.10135697137672793, 0.0, 0.0], "k_pid_vsp": [102.10186598474543, 28.79688627178325, 1e-06]}, "datetime": {"datetime": "2025-08-13 19:41:03", "elapsed": 35591.615510463715, "delta": 17.122539043426514}, "costs": {"total_cost": 182.1917437592885, "time_cost": 71.918, "final_distance_cost": 1.8178563960725673, "oscillation_cost": 23.06462358189251, "completition_cost": 0.0, "overshoot_cost": 52.07323695602345, "power_cost": 12.459167846679689, "noise_cost": 20.858858978620276, "n_waypoints_completed": 9, "tot_waypoints": 9}}
{"target": -195.18438285023737, "params": {"k_pid_pos": [1.0621062790062208, 0.0, 0.11139476497907735], "k_pid_alt": [1.9754702115884448, 0.0, 0.9251251245644683], "k_pid_att": [32.26220495914489, 3.7854103897768936, 0.2732369884714283], "k_pid_yaw": [0.5, 1e-06, 0.1], "k_pid_hsp": [0.05537644976608397, 0.0, 0.0], "k_pid_vsp": [80.20546540121958, 18.3141145486574, 1e-06]}, "datetime": {"datetime": "2025-08-13 19:41:22", "elapsed": 35610.65615820885, "delta": 19.040647745132446}, "costs": {"total_cost": 195.18438285023737, "time_cost": 77.385, "final_distance_cost": 1.781586014015541, "oscillation_cost": 23.250283383218502, "completition_cost": 0.0, "overshoot_cost": 54.55773127704215, "power_cost": 14.945737951660156, "noise_cost": 23.264044224301028, "n_waypoints_completed": 9, "tot_waypoints": 9}}
{"target": -1236.6531181080793, "params": {"k_pid_pos": [0.79212009907394, 0.0, 0.04914304795774946], "k_pid_alt": [1.9700885243960802, 0.0, 0.9297379836288728], "k_pid_att": [40.15532364243007, 3.3088306810222314, 0.26199792786030757], "k_pid_yaw": [0.5, 1e-06, 0.1], "k_pid_hsp": [0.0001, 0.0, 0.0], "k_pid_vsp": [107.53316473762992, 29.016291103139864, 1e-06]}, "datetime": {"datetime": "2025-08-13 19:41:51", "elapsed": 35639.88590145111, "delta": 29.229743242263794}, "costs": {"total_cost": 1236.6531181080793, "time_cost": 150, "final_distance_cost": 46.67575793281072, "oscillation_cost": 0.025585459924751138, "completition_cost": 888.8888888888888, "overshoot_cost": 94.1975497779244, "power_cost": 23.252595043945313, "noise_cost": 33.61274100458528, "n_waypoints_completed": 1, "tot_waypoints": 9}}
{"target": -192.7042460475062, "params": {"k_pid_pos": [1.1444332245195568, 0.0, 0.07158442303322489], "k_pid_alt": [1.612236639852269, 0.0, 0.9280897635607429], "k_pid_att": [31.81491282299782, 3.350915243874087, 0.24084892784204898], "k_pid_yaw": [0.5, 1e-06, 0.1], "k_pid_hsp": [0.2787475254749063, 0.0, 0.0], "k_pid_vsp": [109.37492168094518, 51.80875198803912, 0.6781436047850816]}, "datetime": {"datetime": "2025-08-13 19:42:09", "elapsed": 35657.23464536667, "delta": 17.34874391555786}, "costs": {"total_cost": 192.7042460475062, "time_cost": 71.106, "final_distance_cost": 1.8263315325201417, "oscillation_cost": 29.58823350054219, "completition_cost": 0.0, "overshoot_cost": 50.833730399221814, "power_cost": 17.572708239746095, "noise_cost": 21.77724237547593, "n_waypoints_completed": 9, "tot_waypoints": 9}}
{"target": -185.0984633005898, "params": {"k_pid_pos": [0.9653158090093041, 0.0, 0.09582247897143656], "k_pid_alt": [1.8932636563840983, 0.0, 0.9498512970523343], "k_pid_att": [31.75031693716437, 3.5667282794858526, 0.2248813076966359], "k_pid_yaw": [0.5, 1e-06, 0.1], "k_pid_hsp": [0.08198922461452837, 0.0, 0.0], "k_pid_vsp": [97.95343958460003, 42.00519461179963, 1e-06]}, "datetime": {"datetime": "2025-08-13 19:42:26", "elapsed": 35674.27740192413, "delta": 17.0427565574646}, "costs": {"total_cost": 185.0984633005898, "time_cost": 72.07900000000001, "final_distance_cost": 1.8000041496602341, "oscillation_cost": 24.503037830752856, "completition_cost": 0.0, "overshoot_cost": 51.95785016032768, "power_cost": 13.666150183105469, "noise_cost": 21.092420976743536, "n_waypoints_completed": 9, "tot_waypoints": 9}}
{"target": -190.70971801827304, "params": {"k_pid_pos": [0.8918184202918451, 0.0, 0.02841248006503377], "k_pid_alt": [2.0, 0.0, 0.9731236557641926], "k_pid_att": [32.536748242687864, 4.050771047529202, 0.2511408036384825], "k_pid_yaw": [0.5, 1e-06, 0.1], "k_pid_hsp": [0.11525013802788611, 0.0, 0.0], "k_pid_vsp": [88.17370800977227, 39.61902389238405, 1e-06]}, "datetime": {"datetime": "2025-08-13 19:42:44", "elapsed": 35692.05952119827, "delta": 17.782119274139404}, "costs": {"total_cost": 190.70971801827304, "time_cost": 71.183, "final_distance_cost": 1.8037484476758234, "oscillation_cost": 25.879446439679363, "completition_cost": 0.0, "overshoot_cost": 51.75557991235368, "power_cost": 18.13389293212891, "noise_cost": 21.95405028643527, "n_waypoints_completed": 9, "tot_waypoints": 9}}
{"target": -180.0674213171763, "params": {"k_pid_pos": [0.839638129487991, 0.0, 0.10035684069070012], "k_pid_alt": [1.872586343307223, 0.0, 0.9566852471496717], "k_pid_att": [35.48789718210754, 3.4496847710082825, 0.26493439017305775], "k_pid_yaw": [0.5, 1e-06, 0.1], "k_pid_hsp": [0.12757812511285785, 0.0, 0.0], "k_pid_vsp": [119.51192052667243, 32.35593788020208, 1e-06]}, "datetime": {"datetime": "2025-08-13 19:43:02", "elapsed": 35710.202186346054, "delta": 18.142665147781372}, "costs": {"total_cost": 180.0674213171763, "time_cost": 71.337, "final_distance_cost": 1.8364050518698352, "oscillation_cost": 25.045511012618515, "completition_cost": 0.0, "overshoot_cost": 51.05141468196799, "power_cost": 10.662977331542969, "noise_cost": 20.134113239176976, "n_waypoints_completed": 9, "tot_waypoints": 9}}
{"target": -191.79685730594286, "params": {"k_pid_pos": [1.3609280975713187, 0.0, 0.12304159222950357], "k_pid_alt": [1.8837040219402301, 0.0, 0.9651437315083693], "k_pid_att": [29.453455870336832, 2.7625675260570284, 0.2585233907140799], "k_pid_yaw": [0.5, 1e-06, 0.1], "k_pid_hsp": [0.13722044381347395, 0.0, 0.0], "k_pid_vsp": [110.2837554669129, 25.95427530984705, 1e-06]}, "datetime": {"datetime": "2025-08-13 19:43:19", "elapsed": 35727.195984363556, "delta": 16.99379801750183}, "costs": {"total_cost": 191.79685730594286, "time_cost": 71.12, "final_distance_cost": 1.7883677923137649, "oscillation_cost": 29.339887533613492, "completition_cost": 0.0, "overshoot_cost": 51.771298371274064, "power_cost": 16.320307202148438, "noise_cost": 21.456996406593095, "n_waypoints_completed": 9, "tot_waypoints": 9}}
{"target": -189.17744609014505, "params": {"k_pid_pos": [1.0848071928024097, 0.0, 0.07705461700817329], "k_pid_alt": [1.7639512566997997, 0.0, 0.9563858826125552], "k_pid_att": [35.91528515692287, 3.622075659848309, 0.24361240803968548], "k_pid_yaw": [0.5, 1e-06, 0.1], "k_pid_hsp": [0.11701435069901259, 0.0, 0.0], "k_pid_vsp": [80.86501460748475, 6.337988659509126, 1e-06]}, "datetime": {"datetime": "2025-08-13 19:43:36", "elapsed": 35744.6546227932, "delta": 17.458638429641724}, "costs": {"total_cost": 189.17744609014505, "time_cost": 72.562, "final_distance_cost": 1.819418626101257, "oscillation_cost": 27.59730263112189, "completition_cost": 0.0, "overshoot_cost": 52.31299591445247, "power_cost": 13.55893240966797, "noise_cost": 21.326796508801504, "n_waypoints_completed": 9, "tot_waypoints": 9}}
{"target": -190.25808943764716, "params": {"k_pid_pos": [0.8102900697419498, 0.0, 0.06189116523008344], "k_pid_alt": [1.973676040205699, 0.0, 0.929184590721996], "k_pid_att": [32.58041930373299, 3.814619234665222, 0.26049286654148796], "k_pid_yaw": [0.5, 1e-06, 0.1], "k_pid_hsp": [0.15230197288209932, 0.0, 0.0], "k_pid_vsp": [176.89589047239267, 31.389701860943177, 1e-06]}, "datetime": {"datetime": "2025-08-13 19:43:54", "elapsed": 35762.87140870094, "delta": 18.21678590774536}, "costs": {"total_cost": 190.25808943764716, "time_cost": 71.72200000000001, "final_distance_cost": 1.835455368788177, "oscillation_cost": 25.56898992115935, "completition_cost": 0.0, "overshoot_cost": 51.4912725119738, "power_cost": 17.499952294921876, "noise_cost": 22.140419340803952, "n_waypoints_completed": 9, "tot_waypoints": 9}}
