{"target": -190.72141924241072, "params": {"k_pid_pos": [0.8388662105866221, 0.0, 0.06833264631255047], "k_pid_alt": [2.0, 0.0, 0.9503977902769237], "k_pid_att": [30.587240718803297, 4.448592368396117, 0.2638800112027089], "k_pid_yaw": [0.5, 1e-06, 0.1], "k_pid_hsp": [0.11639575126147177, 0.0, 0.0], "k_pid_vsp": [111.70512888099017, 35.27059950080226, 1e-06]}, "datetime": {"datetime": "2025-08-13 21:15:03", "elapsed": 41231.76774263382, "delta": 18.539903163909912}, "costs": {"total_cost": 190.72141924241072, "time_cost": 71.512, "final_distance_cost": 1.8012104656493508, "oscillation_cost": 25.07186975652605, "completition_cost": 0.0, "overshoot_cost": 51.4075065539885, "power_cost": 18.838730834960938, "noise_cost": 22.09010163128589, "n_waypoints_completed": 9, "tot_waypoints": 9}}
{"target": -200.9993594760174, "params": {"k_pid_pos": [0.8619562108836603, 0.0, 0.09221475836419574], "k_pid_alt": [2.0, 0.0, 0.9497859047297955], "k_pid_att": [34.51122152968785, 3.59697928919169, 0.2705768246879293], "k_pid_yaw": [0.5, 1e-06, 0.1], "k_pid_hsp": [0.05517727871968092, 0.0, 0.0], "k_pid_vsp": [68.83983834921167, 26.64452971189159, 1e-06]}, "datetime": {"datetime": "2025-08-13 21:15:22", "elapsed": 41250.12420105934, "delta": 18.35645842552185}, "costs": {"total_cost": 200.9993594760174, "time_cost": 78.70100000000001, "final_distance_cost": 1.7602723919705965, "oscillation_cost": 21.382337434674508, "completition_cost": 0.0, "overshoot_cost": 54.9946663975202, "power_cost": 19.629618627929688, "noise_cost": 24.53146462392236, "n_waypoints_completed": 9, "tot_waypoints": 9}}
{"target": -187.3921931903784, "params": {"k_pid_pos": [0.859024808212437, 0.0, 0.05761997644732769], "k_pid_alt": [1.883033089547053, 0.0, 0.9410464566364216], "k_pid_att": [32.28776231125593, 3.625611213784861, 0.28901495285695833], "k_pid_yaw": [0.5, 1e-06, 0.1], "k_pid_hsp": [0.12560223659725006, 0.0, 0.0], "k_pid_vsp": [101.79223721403409, 33.95535710178807, 1e-06]}, "datetime": {"datetime": "2025-08-13 21:15:40", "elapsed": 41268.16250157356, "delta": 18.03830051422119}, "costs": {"total_cost": 187.3921931903784, "time_cost": 71.428, "final_distance_cost": 1.8326037238457746, "oscillation_cost": 25.50570718590142, "completition_cost": 0.0, "overshoot_cost": 51.55816977849498, "power_cost": 15.559124328613281, "noise_cost": 21.50858817352294, "n_waypoints_completed": 9, "tot_waypoints": 9}}
{"target": -184.4332637248856, "params": {"k_pid_pos": [0.8181778398546208, 0.0, 0.058343980950642145], "k_pid_alt": [1.914124285189904, 0.0, 0.9481503474287081], "k_pid_att": [33.042574214229596, 3.51471630226208, 0.2756983855313753], "k_pid_yaw": [0.5, 1e-06, 0.1], "k_pid_hsp": [0.12201187516949959, 0.0, 0.0], "k_pid_vsp": [95.39466775847119, 33.84100316263471, 1e-06]}, "datetime": {"datetime": "2025-08-13 21:15:56", "elapsed": 41284.543108701706, "delta": 16.38060712814331}, "costs": {"total_cost": 184.4332637248856, "time_cost": 71.365, "final_distance_cost": 1.8295400348619533, "oscillation_cost": 25.0726990346009, "completition_cost": 0.0, "overshoot_cost": 51.11139957524325, "power_cost": 14.036495837402345, "noise_cost": 21.01812924277714, "n_waypoints_completed": 9, "tot_waypoints": 9}}
{"target": -196.2252995847188, "params": {"k_pid_pos": [0.7801040506369452, 0.0, 0.047303285092161154], "k_pid_alt": [1.8967182780484382, 0.0, 0.9523446748080377], "k_pid_att": [33.53723997978084, 3.4734907375590587, 0.2662642009853162], "k_pid_yaw": [0.5, 1e-06, 0.1], "k_pid_hsp": [0.12301679199280387, 0.0, 0.0], "k_pid_vsp": [89.28661757225301, 26.537043697303684, 1e-06]}, "datetime": {"datetime": "2025-08-13 21:16:16", "elapsed": 41304.02084708214, "delta": 19.47773838043213}, "costs": {"total_cost": 196.2252995847188, "time_cost": 72.352, "final_distance_cost": 1.8208401360356892, "oscillation_cost": 24.540454079152653, "completition_cost": 0.0, "overshoot_cost": 52.17001523780069, "power_cost": 21.424739086914062, "noise_cost": 23.91725104481573, "n_waypoints_completed": 9, "tot_waypoints": 9}}
{"target": -187.64826399174706, "params": {"k_pid_pos": [1.0744664704310185, 0.0, 0.061550351010053087], "k_pid_alt": [1.8561906162797994, 0.0, 0.9557145948255622], "k_pid_att": [32.237884627568164, 3.248917227989703, 0.2675133477124886], "k_pid_yaw": [0.5, 1e-06, 0.1], "k_pid_hsp": [0.27461255642004034, 0.0, 0.0], "k_pid_vsp": [115.29118940265002, 34.03557909513872, 1e-06]}, "datetime": {"datetime": "2025-08-13 21:16:32", "elapsed": 41320.68362379074, "delta": 16.662776708602905}, "costs": {"total_cost": 187.64826399174706, "time_cost": 70.462, "final_distance_cost": 1.8250599488314498, "oscillation_cost": 29.11322755425494, "completition_cost": 0.0, "overshoot_cost": 50.60348519965012, "power_cost": 14.607066650390626, "noise_cost": 21.037424638619907, "n_waypoints_completed": 9, "tot_waypoints": 9}}
{"target": -195.98854512098558, "params": {"k_pid_pos": [0.7276077878396237, 0.0, 0.06255360329067251], "k_pid_alt": [1.9728721013568138, 0.0, 0.9358396324333512], "k_pid_att": [34.14789129082462, 3.4874520150622152, 0.2993711961349167], "k_pid_yaw": [0.5, 1e-06, 0.1], "k_pid_hsp": [0.25748338023769296, 0.0, 0.0], "k_pid_vsp": [148.77041409377875, 30.94643560270036, 1e-06]}, "datetime": {"datetime": "2025-08-13 21:16:51", "elapsed": 41339.94987630844, "delta": 19.266252517700195}, "costs": {"total_cost": 195.98854512098558, "time_cost": 73.94800000000001, "final_distance_cost": 1.852204958909538, "oscillation_cost": 26.068679745035993, "completition_cost": 0.0, "overshoot_cost": 51.60135158776692, "power_cost": 19.096159704589844, "noise_cost": 23.42214912468327, "n_waypoints_completed": 9, "tot_waypoints": 9}}
{"target": -187.87816028031958, "params": {"k_pid_pos": [0.9373331260192768, 0.0, 0.06128299945976928], "k_pid_alt": [1.8654306944082064, 0.0, 0.9552338080495376], "k_pid_att": [33.58845586107854, 3.5122650106552236, 0.26587375151245995], "k_pid_yaw": [0.5, 1e-06, 0.1], "k_pid_hsp": [0.11640314838647575, 0.0, 0.0], "k_pid_vsp": [94.4646187832995, 33.523262131208696, 1e-06]}, "datetime": {"datetime": "2025-08-13 21:17:08", "elapsed": 41356.54254245758, "delta": 16.592666149139404}, "costs": {"total_cost": 187.87816028031958, "time_cost": 71.246, "final_distance_cost": 1.8046748749527501, "oscillation_cost": 26.087590878230507, "completition_cost": 0.0, "overshoot_cost": 51.40138452761439, "power_cost": 15.83893623046875, "noise_cost": 21.499573769053175, "n_waypoints_completed": 9, "tot_waypoints": 9}}
{"target": -188.4882429409448, "params": {"k_pid_pos": [0.6235018831295185, 0.001223985588456705, 0.05473317279346652], "k_pid_alt": [1.7507419984646395, 0.0, 0.9459556891691978], "k_pid_att": [30.911626104393502, 3.49190349460323, 0.25693387978204707], "k_pid_yaw": [0.5, 1e-06, 0.1], "k_pid_hsp": [0.2481326850319321, 0.0, 0.0], "k_pid_vsp": [131.84648671966443, 20.842415421097378, 1e-06]}, "datetime": {"datetime": "2025-08-13 21:17:27", "elapsed": 41375.542701244354, "delta": 19.00015878677368}, "costs": {"total_cost": 188.4882429409448, "time_cost": 76.45400000000001, "final_distance_cost": 1.8501505262989084, "oscillation_cost": 25.79338688355883, "completition_cost": 0.0, "overshoot_cost": 51.322048563708954, "power_cost": 11.227279113769532, "noise_cost": 21.84137785360854, "n_waypoints_completed": 9, "tot_waypoints": 9}}
{"target": -186.08971488954265, "params": {"k_pid_pos": [0.934084439907433, 0.0, 0.06584445171887815], "k_pid_alt": [1.6877242560702352, 0.0, 0.9619129201788084], "k_pid_att": [37.147346367796054, 3.393773274304766, 0.2747354867208346], "k_pid_yaw": [0.5, 1e-06, 0.1], "k_pid_hsp": [0.1573968508963149, 0.0, 0.0], "k_pid_vsp": [94.35795752684876, 34.39398373108062, 1e-06]}, "datetime": {"datetime": "2025-08-13 21:17:44", "elapsed": 41392.29126596451, "delta": 16.74856472015381}, "costs": {"total_cost": 186.08971488954265, "time_cost": 71.337, "final_distance_cost": 1.8370616373189674, "oscillation_cost": 26.84547932901476, "completition_cost": 0.0, "overshoot_cost": 51.035294743056774, "power_cost": 14.029195581054688, "noise_cost": 21.005683599097427, "n_waypoints_completed": 9, "tot_waypoints": 9}}
{"target": -190.31969179812293, "params": {"k_pid_pos": [0.8890296278668258, 0.0, 0.05787687658972754], "k_pid_alt": [1.8798062505572486, 0.0, 0.966655524419791], "k_pid_att": [33.16296006786761, 3.511885873095124, 0.27139615581556037], "k_pid_yaw": [0.5, 1e-06, 0.1], "k_pid_hsp": [0.13929966490408194, 0.0, 0.0], "k_pid_vsp": [171.7467320140138, 36.68206313694201, 1e-06]}, "datetime": {"datetime": "2025-08-13 21:18:01", "elapsed": 41409.663367033005, "delta": 17.372101068496704}, "costs": {"total_cost": 190.31969179812293, "time_cost": 71.547, "final_distance_cost": 1.809027867790556, "oscillation_cost": 26.089839306921068, "completition_cost": 0.0, "overshoot_cost": 51.33661490470423, "power_cost": 17.54210927734375, "noise_cost": 21.99510044136336, "n_waypoints_completed": 9, "tot_waypoints": 9}}
{"target": -188.3012096043575, "params": {"k_pid_pos": [0.8370684177987029, 0.0, 0.05327883912593507], "k_pid_alt": [1.820834773987805, 0.0, 0.9465353058733225], "k_pid_att": [32.999653296525985, 3.3846823930263037, 0.2918548388031476], "k_pid_yaw": [0.5, 1e-06, 0.1], "k_pid_hsp": [0.21787427512462323, 0.0, 0.0], "k_pid_vsp": [93.79279967026204, 35.26786494246286, 1e-06]}, "datetime": {"datetime": "2025-08-13 21:18:19", "elapsed": 41427.927149772644, "delta": 18.263782739639282}, "costs": {"total_cost": 188.3012096043575, "time_cost": 71.414, "final_distance_cost": 1.8461031872915943, "oscillation_cost": 26.74159268071896, "completition_cost": 0.0, "overshoot_cost": 50.43252202951336, "power_cost": 15.977552734375001, "noise_cost": 21.889438972458592, "n_waypoints_completed": 9, "tot_waypoints": 9}}
{"target": -181.51400093842952, "params": {"k_pid_pos": [0.5661297535565619, 0.0, 0.03486392604642016], "k_pid_alt": [1.8687117570350162, 0.0, 0.9507594135261509], "k_pid_att": [33.312101220407406, 3.2307364627622546, 0.24024659553872707], "k_pid_yaw": [0.5, 1e-06, 0.1], "k_pid_hsp": [0.11811376815925366, 0.0, 0.0], "k_pid_vsp": [100.84097006676632, 37.65752098641878, 1e-06]}, "datetime": {"datetime": "2025-08-13 21:18:37", "elapsed": 41445.88106584549, "delta": 17.95391607284546}, "costs": {"total_cost": 181.51400093842952, "time_cost": 73.577, "final_distance_cost": 1.8327054257948159, "oscillation_cost": 22.273043642689345, "completition_cost": 0.0, "overshoot_cost": 51.59879574043979, "power_cost": 11.244663586425782, "noise_cost": 20.98779254307979, "n_waypoints_completed": 9, "tot_waypoints": 9}}
{"target": -261.091708951568, "params": {"k_pid_pos": [0.8971137243481394, 0.009261843936583258, 0.0017100104388408158], "k_pid_alt": [1.7826398278408002, 0.0, 0.9493101915155211], "k_pid_att": [32.41433105911127, 3.4235963186685723, 0.27178134052191455], "k_pid_yaw": [0.5, 1e-06, 0.1], "k_pid_hsp": [0.026729460328750898, 0.0, 0.0], "k_pid_vsp": [147.17925562742786, 24.472110670319516, 1e-06]}, "datetime": {"datetime": "2025-08-13 21:19:07", "elapsed": 41475.52477765083, "delta": 29.643711805343628}, "costs": {"total_cost": 261.091708951568, "time_cost": 116.991, "final_distance_cost": 1.7575394445360377, "oscillation_cost": 14.012505905585813, "completition_cost": 0.0, "overshoot_cost": 66.67200129580091, "power_cost": 25.662812561035157, "noise_cost": 35.99584974461006, "n_waypoints_completed": 9, "tot_waypoints": 9}}
{"target": -182.35249362577585, "params": {"k_pid_pos": [1.0944948443615132, 0.0, 0.0759849159316282], "k_pid_alt": [1.9269264592226718, 0.0, 0.9521945655061124], "k_pid_att": [34.80114126838549, 3.1163520987072677, 0.2673936020197031], "k_pid_yaw": [0.5, 1e-06, 0.1], "k_pid_hsp": [0.12269294416918716, 0.0, 0.0], "k_pid_vsp": [104.68513039613026, 27.75100127520433, 1e-06]}, "datetime": {"datetime": "2025-08-13 21:19:26", "elapsed": 41494.20668101311, "delta": 18.68190336227417}, "costs": {"total_cost": 182.35249362577585, "time_cost": 70.574, "final_distance_cost": 1.7998714251960126, "oscillation_cost": 27.927140270675533, "completition_cost": 0.0, "overshoot_cost": 51.24273821358173, "power_cost": 10.886010607910157, "noise_cost": 19.92273310841242, "n_waypoints_completed": 9, "tot_waypoints": 9}}
{"target": -178.01348175330045, "params": {"k_pid_pos": [0.8537804298564604, 0.0, 0.059515877806492166], "k_pid_alt": [1.975232261572223, 0.0, 0.9526330538584289], "k_pid_att": [33.46399673571928, 3.5256841198711704, 0.2705959266169035], "k_pid_yaw": [0.5, 1e-06, 0.1], "k_pid_hsp": [0.12191495268481212, 0.0, 0.0], "k_pid_vsp": [63.647101573413494, 33.19236268686613, 1e-06]}, "datetime": {"datetime": "2025-08-13 21:19:43", "elapsed": 41511.26465797424, "delta": 17.057976961135864}, "costs": {"total_cost": 178.01348175330045, "time_cost": 70.917, "final_distance_cost": 1.820840940569701, "oscillation_cost": 25.49153875958812, "completition_cost": 0.0, "overshoot_cost": 50.95557779460302, "power_cost": 9.43339432373047, "noise_cost": 19.39512993480911, "n_waypoints_completed": 9, "tot_waypoints": 9}}
{"target": -195.54169085416834, "params": {"k_pid_pos": [0.8404543487862498, 0.0, 0.03163058099958447], "k_pid_alt": [1.9516012329251713, 0.0, 0.9521072800136701], "k_pid_att": [33.26370959454003, 3.490258987945119, 0.26092120598763124], "k_pid_yaw": [0.5, 1e-06, 0.1], "k_pid_hsp": [0.08918550293632604, 0.0, 0.0], "k_pid_vsp": [79.506862584076, 30.481503207284085, 1e-06]}, "datetime": {"datetime": "2025-08-13 21:20:01", "elapsed": 41529.29994916916, "delta": 18.03529119491577}, "costs": {"total_cost": 195.54169085416834, "time_cost": 72.31, "final_distance_cost": 1.777532159858902, "oscillation_cost": 24.026830180502678, "completition_cost": 0.0, "overshoot_cost": 51.98608310949297, "power_cost": 21.534397961425782, "noise_cost": 23.906847442888, "n_waypoints_completed": 9, "tot_waypoints": 9}}
{"target": -180.27152162200144, "params": {"k_pid_pos": [0.8718825352164863, 0.0, 0.1862301691196765], "k_pid_alt": [1.9190754130220091, 0.0, 0.9525468951689063], "k_pid_att": [32.05414809245126, 3.4952558490908, 0.26664625919153206], "k_pid_yaw": [0.5, 1e-06, 0.1], "k_pid_hsp": [0.09732235545450645, 0.0, 0.0], "k_pid_vsp": [87.02580583320352, 25.862242546967654, 1e-06]}, "datetime": {"datetime": "2025-08-13 21:20:18", "elapsed": 41546.93455815315, "delta": 17.63460898399353}, "costs": {"total_cost": 180.27152162200144, "time_cost": 71.883, "final_distance_cost": 1.8005999882085144, "oscillation_cost": 24.054425500840782, "completition_cost": 0.0, "overshoot_cost": 51.623964377736684, "power_cost": 10.696582067871095, "noise_cost": 20.21294968734439, "n_waypoints_completed": 9, "tot_waypoints": 9}}
{"target": -192.40926185820348, "params": {"k_pid_pos": [0.7869179932732576, 0.0, 0.06904901091890447], "k_pid_alt": [1.634882369306617, 0.0, 0.885415142978579], "k_pid_att": [34.07646885304566, 3.616238358692183, 0.2615287479315776], "k_pid_yaw": [0.5, 1e-06, 0.1], "k_pid_hsp": [0.09073165363888033, 0.0, 0.0], "k_pid_vsp": [96.32052071727227, 28.19724758034766, 1e-06]}, "datetime": {"datetime": "2025-08-13 21:20:36", "elapsed": 41564.71994662285, "delta": 17.785388469696045}, "costs": {"total_cost": 192.40926185820348, "time_cost": 73.297, "final_distance_cost": 1.8133515468298358, "oscillation_cost": 23.227599644192203, "completition_cost": 0.0, "overshoot_cost": 52.677248008527044, "power_cost": 18.733322082519532, "noise_cost": 22.660740576134874, "n_waypoints_completed": 9, "tot_waypoints": 9}}
{"target": -190.82055750903982, "params": {"k_pid_pos": [0.850514543100438, 0.0, 0.05538433624253179], "k_pid_alt": [1.8548597176933668, 0.0, 0.952868090295694], "k_pid_att": [31.094490461236582, 3.3909828759026874, 0.17737559435667583], "k_pid_yaw": [0.5, 1e-06, 0.1], "k_pid_hsp": [0.23629941949714095, 0.0, 0.0], "k_pid_vsp": [113.35982988880433, 28.57179406555137, 1e-06]}, "datetime": {"datetime": "2025-08-13 21:20:54", "elapsed": 41582.86995768547, "delta": 18.15001106262207}, "costs": {"total_cost": 190.82055750903982, "time_cost": 71.771, "final_distance_cost": 1.8340062652229332, "oscillation_cost": 26.71670723206241, "completition_cost": 0.0, "overshoot_cost": 51.254673157643765, "power_cost": 17.139936145019533, "noise_cost": 22.104234709091187, "n_waypoints_completed": 9, "tot_waypoints": 9}}
{"target": -192.64555996550826, "params": {"k_pid_pos": [0.9406397580060357, 0.0, 0.005546698861387485], "k_pid_alt": [1.8909763509738369, 0.0, 0.9630446224068825], "k_pid_att": [32.887856484833414, 3.583255652881066, 0.26959131937442266], "k_pid_yaw": [0.5, 1e-06, 0.1], "k_pid_hsp": [0.12514059594788995, 0.0, 0.0], "k_pid_vsp": [169.80925935112055, 33.048653184458985, 1e-06]}, "datetime": {"datetime": "2025-08-13 21:21:11", "elapsed": 41599.74919915199, "delta": 16.879241466522217}, "costs": {"total_cost": 192.64555996550826, "time_cost": 71.428, "final_distance_cost": 1.7910603125344564, "oscillation_cost": 26.581639962466582, "completition_cost": 0.0, "overshoot_cost": 51.30723171182428, "power_cost": 19.40997197265625, "noise_cost": 22.12765600602667, "n_waypoints_completed": 9, "tot_waypoints": 9}}
{"target": -183.21360647081855, "params": {"k_pid_pos": [1.1092205340104524, 0.0, 0.06653542626713144], "k_pid_alt": [1.6689539408038478, 0.0, 0.9561754146331429], "k_pid_att": [34.34041614718226, 3.583173759533, 0.28422893965519735], "k_pid_yaw": [0.5, 1e-06, 0.1], "k_pid_hsp": [0.18548365044078535, 0.0, 0.0], "k_pid_vsp": [114.48996413886408, 40.98237398453519, 1e-06]}, "datetime": {"datetime": "2025-08-13 21:21:29", "elapsed": 41617.43158364296, "delta": 17.682384490966797}, "costs": {"total_cost": 183.21360647081855, "time_cost": 70.721, "final_distance_cost": 1.8222859369217008, "oscillation_cost": 28.92627640250938, "completition_cost": 0.0, "overshoot_cost": 50.503973985631404, "power_cost": 11.279917358398437, "noise_cost": 19.960152787357597, "n_waypoints_completed": 9, "tot_waypoints": 9}}
{"target": -1231.6888091627436, "params": {"k_pid_pos": [0.8093059665046937, 0.0007032623827987348, 0.08650973298766561], "k_pid_alt": [1.8273063675965835, 0.0, 0.9624311185803848], "k_pid_att": [32.587194837615, 3.6312452233747243, 0.24691911628140123], "k_pid_yaw": [0.5, 1e-06, 0.1], "k_pid_hsp": [0.0001, 0.0, 0.0], "k_pid_vsp": [89.12124889956353, 27.972801168802913, 1e-06]}, "datetime": {"datetime": "2025-08-13 21:21:58", "elapsed": 41646.75790834427, "delta": 29.326324701309204}, "costs": {"total_cost": 1231.6888091627436, "time_cost": 150, "final_distance_cost": 46.7861549452765, "oscillation_cost": 0.0051327560684523476, "completition_cost": 888.8888888888888, "overshoot_cost": 95.03778779625586, "power_cost": 18.631712438964843, "noise_cost": 32.33913233728941, "n_waypoints_completed": 1, "tot_waypoints": 9}}
{"target": -180.81456308092044, "params": {"k_pid_pos": [0.8514788634283434, 0.0, 0.09533192490533518], "k_pid_alt": [1.7122318784657955, 0.0, 0.9252640559401581], "k_pid_att": [33.33315140628996, 3.1932414823112367, 0.2706906966629927], "k_pid_yaw": [0.5, 1e-06, 0.1], "k_pid_hsp": [0.24472350820905642, 0.0, 0.0], "k_pid_vsp": [106.16313332753691, 50.56922588666606, 1e-06]}, "datetime": {"datetime": "2025-08-13 21:22:15", "elapsed": 41663.42252254486, "delta": 16.66461420059204}, "costs": {"total_cost": 180.81456308092044, "time_cost": 71.673, "final_distance_cost": 1.8374408586093967, "oscillation_cost": 27.123677826246702, "completition_cost": 0.0, "overshoot_cost": 50.58358418244549, "power_cost": 9.724900793457032, "noise_cost": 19.871959420161815, "n_waypoints_completed": 9, "tot_waypoints": 9}}
{"target": -184.16494996462592, "params": {"k_pid_pos": [1.143511411168145, 0.0, 0.16650883033048006], "k_pid_alt": [1.9011715281539063, 0.0, 0.9784458045522172], "k_pid_att": [41.03974467592838, 3.770500556697657, 0.2555326570907122], "k_pid_yaw": [0.5, 1e-06, 0.1], "k_pid_hsp": [0.19580062110229868, 0.0, 0.0], "k_pid_vsp": [98.01293959237914, 20.548032766721185, 1e-06]}, "datetime": {"datetime": "2025-08-13 21:22:33", "elapsed": 41681.5509159565, "delta": 18.128393411636353}, "costs": {"total_cost": 184.16494996462592, "time_cost": 70.553, "final_distance_cost": 1.8198813982599564, "oscillation_cost": 28.770683708466354, "completition_cost": 0.0, "overshoot_cost": 51.21445492243236, "power_cost": 11.727261621093751, "noise_cost": 20.079668314373496, "n_waypoints_completed": 9, "tot_waypoints": 9}}
{"target": -186.62499800778775, "params": {"k_pid_pos": [0.9952800597146164, 0.0, 0.03345080124438869], "k_pid_alt": [1.91391670606885, 0.0, 0.9081880324572971], "k_pid_att": [36.679075821054106, 3.143568423375808, 0.27981430723257583], "k_pid_yaw": [0.5, 1e-06, 0.1], "k_pid_hsp": [0.23400423998250675, 0.0, 0.0], "k_pid_vsp": [112.36789774002928, 32.96697517571524, 1e-06]}, "datetime": {"datetime": "2025-08-13 21:22:49", "elapsed": 41697.80612921715, "delta": 16.255213260650635}, "costs": {"total_cost": 186.62499800778775, "time_cost": 70.133, "final_distance_cost": 1.8430427817877553, "oscillation_cost": 28.341467550561603, "completition_cost": 0.0, "overshoot_cost": 50.39055065693634, "power_cost": 14.83067772216797, "noise_cost": 21.08625929633411, "n_waypoints_completed": 9, "tot_waypoints": 9}}
{"target": -191.6128980774208, "params": {"k_pid_pos": [1.0026865426505718, 0.0, 0.06259576691915897], "k_pid_alt": [1.3041817739907424, 0.0, 0.9441391433577067], "k_pid_att": [38.62528712746446, 3.3845522346584103, 0.2722255379831625], "k_pid_yaw": [0.5, 1e-06, 0.1], "k_pid_hsp": [0.16109801616976926, 0.0, 0.0], "k_pid_vsp": [100.41872756697288, 21.515586390829135, 4.09903713557757]}, "datetime": {"datetime": "2025-08-13 21:23:08", "elapsed": 41716.176874637604, "delta": 18.370745420455933}, "costs": {"total_cost": 191.6128980774208, "time_cost": 73.07300000000001, "final_distance_cost": 1.8164508535548969, "oscillation_cost": 27.59326578818322, "completition_cost": 0.0, "overshoot_cost": 51.58789852676904, "power_cost": 15.833964184570313, "noise_cost": 21.708318724343314, "n_waypoints_completed": 9, "tot_waypoints": 9}}
