{"target": -216.85618798612018, "params": {"k_pid_pos": [1.355322989543789, 0.0, 0.11928797821994044], "k_pid_alt": [1.6375196477313345, 0.0, 0.9149065003376559], "k_pid_att": [37.0363715677266, 3.85719774296757, 1.0], "k_pid_yaw": [0.5, 1e-06, 0.1], "k_pid_hsp": [0.32436376204512163, 0.0, 0.0], "k_pid_vsp": [64.02563865288454, 33.22295636593687, 1e-06]}, "datetime": {"datetime": "2025-08-13 17:51:10", "elapsed": 28998.5190513134, "delta": 18.653727293014526}, "costs": {"total_cost": 216.85618798612018, "time_cost": 77.7, "final_distance_cost": 1.8336672995739183, "oscillation_cost": 32.843078916252445, "completition_cost": 0.0, "overshoot_cost": 52.905755263928526, "power_cost": 26.70447479248047, "noise_cost": 24.869211713884805, "n_waypoints_completed": 9, "tot_waypoints": 9}}
{"target": -194.0252542230356, "params": {"k_pid_pos": [1.1525590058050432, 0.0, 0.11529003169643232], "k_pid_alt": [1.6497023247955451, 0.0, 0.9427317196448572], "k_pid_att": [36.086854641537066, 3.8147040247737087, 0.23420839906788582], "k_pid_yaw": [0.5, 1e-06, 0.1], "k_pid_hsp": [0.19710358864926986, 0.0, 0.0], "k_pid_vsp": [23.538910986915596, 32.45892268701556, 1e-06]}, "datetime": {"datetime": "2025-08-13 17:51:27", "elapsed": 29015.004863023758, "delta": 16.485811710357666}, "costs": {"total_cost": 194.0252542230356, "time_cost": 71.148, "final_distance_cost": 1.8367528133466307, "oscillation_cost": 28.341158930645392, "completition_cost": 0.0, "overshoot_cost": 51.1119450445862, "power_cost": 19.424218017578127, "noise_cost": 22.163179416879263, "n_waypoints_completed": 9, "tot_waypoints": 9}}
{"target": -188.9646821034924, "params": {"k_pid_pos": [1.1412263793920265, 0.0, 0.09431378038334365], "k_pid_alt": [1.628275383920376, 0.0, 0.9068984096035135], "k_pid_att": [37.06341302228429, 3.4075271780273457, 0.24789707974032119], "k_pid_yaw": [0.5, 1e-06, 0.1], "k_pid_hsp": [0.28934366907800013, 0.0, 0.0], "k_pid_vsp": [184.60947477400376, 41.50495191883467, 1e-06]}, "datetime": {"datetime": "2025-08-13 17:51:44", "elapsed": 29032.383522987366, "delta": 17.378659963607788}, "costs": {"total_cost": 188.9646821034924, "time_cost": 71.022, "final_distance_cost": 1.8331364544873994, "oscillation_cost": 29.66268166347569, "completition_cost": 0.0, "overshoot_cost": 50.947882409710175, "power_cost": 14.515963195800781, "noise_cost": 20.98301838001833, "n_waypoints_completed": 9, "tot_waypoints": 9}}
{"target": -183.72827598585445, "params": {"k_pid_pos": [1.1494192691841187, 0.0008016257513212052, 0.10550181166839966], "k_pid_alt": [1.648753206427348, 0.0, 0.8059379181199666], "k_pid_att": [35.17835800745898, 3.768682757732971, 0.2282270698079547], "k_pid_yaw": [0.5, 1e-06, 0.1], "k_pid_hsp": [0.2636254213248756, 0.0, 0.0], "k_pid_vsp": [48.43730654449866, 44.784317990295406, 1e-06]}, "datetime": {"datetime": "2025-08-13 17:52:00", "elapsed": 29048.66819190979, "delta": 16.284668922424316}, "costs": {"total_cost": 183.72827598585445, "time_cost": 69.839, "final_distance_cost": 1.8358569396959463, "oscillation_cost": 29.600513571934872, "completition_cost": 0.0, "overshoot_cost": 50.24526978739508, "power_cost": 12.109677685546876, "noise_cost": 20.09795800128168, "n_waypoints_completed": 9, "tot_waypoints": 9}}
{"target": -179.12835097014016, "params": {"k_pid_pos": [0.8965304566608904, 0.0, 0.09369549521982987], "k_pid_alt": [1.5994427180625979, 0.0, 0.9124810205804477], "k_pid_att": [35.86206603701791, 3.3517360556834612, 0.272567489631415], "k_pid_yaw": [0.5, 1e-06, 0.1], "k_pid_hsp": [0.21633217948159503, 0.0, 0.0], "k_pid_vsp": [92.47495873229312, 48.956054832942684, 1e-06]}, "datetime": {"datetime": "2025-08-13 17:52:17", "elapsed": 29065.55723452568, "delta": 16.889042615890503}, "costs": {"total_cost": 179.12835097014016, "time_cost": 71.358, "final_distance_cost": 1.8315603540393146, "oscillation_cost": 27.318209530393595, "completition_cost": 0.0, "overshoot_cost": 50.433536096835354, "power_cost": 8.898915270996094, "noise_cost": 19.28812971787578, "n_waypoints_completed": 9, "tot_waypoints": 9}}
{"target": -187.69657747118737, "params": {"k_pid_pos": [1.1019580062892762, 0.0, 0.13347569945774865], "k_pid_alt": [1.6544793644820273, 0.0, 0.9158098177677452], "k_pid_att": [35.375903748811204, 3.6203155966378096, 0.2497047715483762], "k_pid_yaw": [0.5, 1e-06, 0.1], "k_pid_hsp": [0.20262809315957125, 0.0, 0.0], "k_pid_vsp": [44.094844575936605, 45.18020041967864, 1e-06]}, "datetime": {"datetime": "2025-08-13 17:52:34", "elapsed": 29082.22589159012, "delta": 16.668657064437866}, "costs": {"total_cost": 187.69657747118737, "time_cost": 70.728, "final_distance_cost": 1.8394856021083839, "oscillation_cost": 28.246184364670423, "completition_cost": 0.0, "overshoot_cost": 50.677409564080456, "power_cost": 15.092537963867189, "noise_cost": 21.11295997646094, "n_waypoints_completed": 9, "tot_waypoints": 9}}
{"target": -187.86894726836428, "params": {"k_pid_pos": [1.0358732602509424, 0.0, 0.08431814162554102], "k_pid_alt": [1.642256204440742, 0.0, 0.9077629995531411], "k_pid_att": [37.394897004352856, 3.6513051500315825, 0.24575263078735154], "k_pid_yaw": [0.5, 1e-06, 0.1], "k_pid_hsp": [0.24817981623503066, 0.0, 0.0], "k_pid_vsp": [119.3091353035854, 29.502447909077336, 1e-06]}, "datetime": {"datetime": "2025-08-13 17:52:50", "elapsed": 29098.837056159973, "delta": 16.611164569854736}, "costs": {"total_cost": 187.86894726836428, "time_cost": 71.078, "final_distance_cost": 1.8268764894102654, "oscillation_cost": 28.501353270894512, "completition_cost": 0.0, "overshoot_cost": 50.94608968597203, "power_cost": 14.398586523437501, "noise_cost": 21.118041298649988, "n_waypoints_completed": 9, "tot_waypoints": 9}}
{"target": -192.0310086060323, "params": {"k_pid_pos": [0.9887864646784337, 0.020656295947141978, 0.14008765662642572], "k_pid_alt": [1.6477410154931633, 0.0, 0.9072719103011564], "k_pid_att": [37.86654734280317, 3.54793791810808, 0.28366619806563176], "k_pid_yaw": [0.5, 1e-06, 0.1], "k_pid_hsp": [0.18921345021727126, 0.00028830300496936884, 0.0], "k_pid_vsp": [225.82451833809267, 37.136431644409626, 1e-06]}, "datetime": {"datetime": "2025-08-13 17:53:08", "elapsed": 29116.149874448776, "delta": 17.3128182888031}, "costs": {"total_cost": 192.0310086060323, "time_cost": 71.799, "final_distance_cost": 1.8377733866642678, "oscillation_cost": 27.386920048048307, "completition_cost": 0.0, "overshoot_cost": 50.931802649060735, "power_cost": 17.91620817871094, "noise_cost": 22.159304343548037, "n_waypoints_completed": 9, "tot_waypoints": 9}}
{"target": -187.80036218473302, "params": {"k_pid_pos": [1.1822480978394552, 0.0, 0.2018283342603509], "k_pid_alt": [1.62119617719036, 0.0, 0.956028575755053], "k_pid_att": [35.79304646725515, 2.077076030438202, 0.2622341117245023], "k_pid_yaw": [0.5, 1e-06, 0.1], "k_pid_hsp": [0.2702906120453262, 0.0, 0.0], "k_pid_vsp": [106.17869164084112, 39.24778135537624, 1e-06]}, "datetime": {"datetime": "2025-08-13 17:53:25", "elapsed": 29133.556332349777, "delta": 17.406457901000977}, "costs": {"total_cost": 187.80036218473302, "time_cost": 70.98, "final_distance_cost": 1.8403571507423229, "oscillation_cost": 29.135220458156606, "completition_cost": 0.0, "overshoot_cost": 50.52831170643045, "power_cost": 14.223917822265626, "noise_cost": 21.092555047138, "n_waypoints_completed": 9, "tot_waypoints": 9}}
{"target": -187.42037281871205, "params": {"k_pid_pos": [0.9878687524096399, 0.0, 0.04376194035276972], "k_pid_alt": [1.6215409483386631, 0.0, 0.9410174844625782], "k_pid_att": [36.34271965313721, 3.3592761526938926, 0.24439911635171727], "k_pid_yaw": [0.5, 1e-06, 0.1], "k_pid_hsp": [0.21215849635685546, 0.0, 0.0], "k_pid_vsp": [205.68753799005339, 41.376862169075835, 1e-06]}, "datetime": {"datetime": "2025-08-13 17:53:43", "elapsed": 29151.716781139374, "delta": 18.160448789596558}, "costs": {"total_cost": 187.42037281871205, "time_cost": 71.33, "final_distance_cost": 1.8424567939124763, "oscillation_cost": 28.220776616814327, "completition_cost": 0.0, "overshoot_cost": 50.949672848537574, "power_cost": 14.059349060058594, "noise_cost": 21.018117499389092, "n_waypoints_completed": 9, "tot_waypoints": 9}}
{"target": -188.02138769905386, "params": {"k_pid_pos": [1.1176984241434862, 0.0, 0.09016841350357875], "k_pid_alt": [1.6237698270952223, 0.0, 0.912913342723293], "k_pid_att": [35.188162524860836, 3.354027673209906, 0.27819851537545237], "k_pid_yaw": [0.5, 1e-06, 0.1], "k_pid_hsp": [0.3025501670550391, 0.0, 0.0], "k_pid_vsp": [170.7891589212419, 37.47635227480814, 1e-06]}, "datetime": {"datetime": "2025-08-13 17:54:00", "elapsed": 29168.86926841736, "delta": 17.15248727798462}, "costs": {"total_cost": 188.02138769905386, "time_cost": 70.903, "final_distance_cost": 1.8338128087775507, "oscillation_cost": 29.610405791952104, "completition_cost": 0.0, "overshoot_cost": 50.6864638084002, "power_cost": 13.958987414550782, "noise_cost": 21.028717875373218, "n_waypoints_completed": 9, "tot_waypoints": 9}}
{"target": -192.23269239839573, "params": {"k_pid_pos": [0.8619914249448142, 0.0, 0.18017227049070245], "k_pid_alt": [1.6148743721125198, 0.0, 0.9140228568145432], "k_pid_att": [30.51279623115019, 1.8335051598904768, 0.28774396270553343], "k_pid_yaw": [0.5, 1e-06, 0.1], "k_pid_hsp": [0.05287494058365633, 0.0, 0.0], "k_pid_vsp": [78.41754461861177, 54.674123466707215, 1e-06]}, "datetime": {"datetime": "2025-08-13 17:54:19", "elapsed": 29187.699431419373, "delta": 18.83016300201416}, "costs": {"total_cost": 192.23269239839573, "time_cost": 78.89, "final_distance_cost": 1.8076341799704485, "oscillation_cost": 20.23489498139677, "completition_cost": 0.0, "overshoot_cost": 54.480611281917454, "power_cost": 13.81423807373047, "noise_cost": 23.005313881380577, "n_waypoints_completed": 9, "tot_waypoints": 9}}
{"target": -195.92454730249202, "params": {"k_pid_pos": [0.8832708521124409, 0.0, 0.11670591271697442], "k_pid_alt": [1.5946161637306713, 0.0, 0.8961812572912343], "k_pid_att": [36.91017100487733, 3.6150745294551565, 0.3357455649106023], "k_pid_yaw": [0.5, 1e-06, 0.1], "k_pid_hsp": [0.28971618226051427, 0.0, 0.0], "k_pid_vsp": [144.5541686676923, 51.152512611953675, 1e-06]}, "datetime": {"datetime": "2025-08-13 17:54:37", "elapsed": 29205.732213258743, "delta": 18.032781839370728}, "costs": {"total_cost": 195.92454730249202, "time_cost": 72.702, "final_distance_cost": 1.8395123866201233, "oscillation_cost": 27.151204393222727, "completition_cost": 0.0, "overshoot_cost": 50.8882217715121, "power_cost": 20.349346398925782, "noise_cost": 22.994262352211283, "n_waypoints_completed": 9, "tot_waypoints": 9}}
{"target": -194.36102724390088, "params": {"k_pid_pos": [0.7869381115344414, 0.0, 0.077233858006116], "k_pid_alt": [1.5081142344265355, 0.0, 0.8909960705459034], "k_pid_att": [37.127841766108, 3.471251264873761, 0.27093992786925875], "k_pid_yaw": [0.5, 1e-06, 0.1], "k_pid_hsp": [0.2934394783936765, 0.0, 0.0], "k_pid_vsp": [131.54355002992978, 35.91414940069521, 1e-06]}, "datetime": {"datetime": "2025-08-13 17:54:55", "elapsed": 29223.25234937668, "delta": 17.52013611793518}, "costs": {"total_cost": 194.36102724390088, "time_cost": 74.06, "final_distance_cost": 1.8433673077870534, "oscillation_cost": 26.728482517988088, "completition_cost": 0.0, "overshoot_cost": 51.10584244692778, "power_cost": 17.591143286132812, "noise_cost": 23.03219168506513, "n_waypoints_completed": 9, "tot_waypoints": 9}}
{"target": -184.91301058485723, "params": {"k_pid_pos": [0.6809603156795804, 0.0, 0.07793678899057371], "k_pid_alt": [1.556576220402998, 0.0, 0.9105694883101869], "k_pid_att": [35.77558305112595, 3.3088213642151327, 0.2698773063650446], "k_pid_yaw": [0.5, 1e-06, 0.1], "k_pid_hsp": [0.21260601886758673, 0.0, 0.0], "k_pid_vsp": [141.68825181790902, 62.98932933549355, 1e-06]}, "datetime": {"datetime": "2025-08-13 17:55:13", "elapsed": 29241.49790430069, "delta": 18.24555492401123}, "costs": {"total_cost": 184.91301058485723, "time_cost": 74.697, "final_distance_cost": 1.8427405687385425, "oscillation_cost": 25.56747955683777, "completition_cost": 0.0, "overshoot_cost": 50.51416441163584, "power_cost": 11.036625158691407, "noise_cost": 21.255000888953685, "n_waypoints_completed": 9, "tot_waypoints": 9}}
{"target": -190.50039255104372, "params": {"k_pid_pos": [1.1977969562922777, 0.0, 0.09331312088961183], "k_pid_alt": [1.5983860965489876, 0.0, 0.933391843594284], "k_pid_att": [36.89029686546965, 3.3630405371039536, 0.26084659849175024], "k_pid_yaw": [0.5, 1e-06, 0.1], "k_pid_hsp": [0.20671714334331864, 0.0, 0.0], "k_pid_vsp": [119.8368180478079, 37.64083257520517, 1e-06]}, "datetime": {"datetime": "2025-08-13 17:55:30", "elapsed": 29258.797602891922, "delta": 17.2996985912323}, "costs": {"total_cost": 190.50039255104372, "time_cost": 71.141, "final_distance_cost": 1.8188340035179074, "oscillation_cost": 29.61952424762489, "completition_cost": 0.0, "overshoot_cost": 50.995148445190665, "power_cost": 15.652206555175782, "noise_cost": 21.273679299534464, "n_waypoints_completed": 9, "tot_waypoints": 9}}
{"target": -191.20691219730958, "params": {"k_pid_pos": [0.8915370042252426, 0.0, 0.09079530645818605], "k_pid_alt": [1.5507057340020678, 0.0, 0.9040666212226283], "k_pid_att": [30.814574482978124, 2.9790733147636663, 0.27711522936320493], "k_pid_yaw": [0.5, 1e-06, 0.1], "k_pid_hsp": [0.27416358181865297, 0.0, 0.0], "k_pid_vsp": [196.88987335103246, 52.56166173949337, 1e-06]}, "datetime": {"datetime": "2025-08-13 17:55:48", "elapsed": 29275.9989695549, "delta": 17.201366662979126}, "costs": {"total_cost": 191.20691219730958, "time_cost": 72.443, "final_distance_cost": 1.83863204520592, "oscillation_cost": 27.420600127210783, "completition_cost": 0.0, "overshoot_cost": 50.93126922264797, "power_cost": 16.543168237304688, "noise_cost": 22.03024256494021, "n_waypoints_completed": 9, "tot_waypoints": 9}}
{"target": -190.64770647807472, "params": {"k_pid_pos": [0.9183677422119554, 0.0, 0.07841131326398511], "k_pid_alt": [1.5841869551879313, 0.0, 0.8941239374923309], "k_pid_att": [36.07507521899441, 3.2862971144681956, 0.25260076805114845], "k_pid_yaw": [0.5, 1e-06, 0.1], "k_pid_hsp": [0.20145383215332593, 0.0, 0.0], "k_pid_vsp": [119.69998634298202, 41.909884496622226, 1e-06]}, "datetime": {"datetime": "2025-08-13 17:56:05", "elapsed": 29293.584361314774, "delta": 17.585391759872437}, "costs": {"total_cost": 190.64770647807472, "time_cost": 71.771, "final_distance_cost": 1.843005142754872, "oscillation_cost": 27.038259284641896, "completition_cost": 0.0, "overshoot_cost": 51.13232271328637, "power_cost": 16.930329992675784, "noise_cost": 21.932789344715818, "n_waypoints_completed": 9, "tot_waypoints": 9}}
{"target": -206.5053758821535, "params": {"k_pid_pos": [0.7774050601348035, 0.0, 0.12683111230865385], "k_pid_alt": [1.7699334690575321, 0.0, 0.908417601582184], "k_pid_att": [39.9794295771092, 3.7231819305030744, 0.27324857044879], "k_pid_yaw": [0.5, 1e-06, 0.1], "k_pid_hsp": [0.23664010842021577, 0.0, 0.0], "k_pid_vsp": [137.14563623367366, 38.5334273562503, 1e-06]}, "datetime": {"datetime": "2025-08-13 17:56:24", "elapsed": 29312.73969912529, "delta": 19.155337810516357}, "costs": {"total_cost": 206.5053758821535, "time_cost": 76.468, "final_distance_cost": 1.8483804684385328, "oscillation_cost": 25.9018938954093, "completition_cost": 0.0, "overshoot_cost": 52.904304023475035, "power_cost": 24.682226806640625, "noise_cost": 24.70057068818999, "n_waypoints_completed": 9, "tot_waypoints": 9}}
{"target": -185.488108076047, "params": {"k_pid_pos": [0.8092911901036941, 0.0014924727337974261, 0.025202125740852552], "k_pid_alt": [1.5840841302028066, 0.0, 0.9059199325800128], "k_pid_att": [33.922565892808834, 2.7014000924885258, 0.24950867119964174], "k_pid_yaw": [0.5, 1e-06, 0.1], "k_pid_hsp": [0.22174266971508214, 0.0, 0.0], "k_pid_vsp": [183.5491418240402, 51.86455455309177, 1e-06]}, "datetime": {"datetime": "2025-08-13 17:56:41", "elapsed": 29329.95991587639, "delta": 17.220216751098633}, "costs": {"total_cost": 185.488108076047, "time_cost": 71.953, "final_distance_cost": 1.8373011303967817, "oscillation_cost": 26.70457986945433, "completition_cost": 0.0, "overshoot_cost": 50.52834875621748, "power_cost": 13.280313183593751, "noise_cost": 21.18456513638467, "n_waypoints_completed": 9, "tot_waypoints": 9}}
{"target": -182.3509568666337, "params": {"k_pid_pos": [0.9659898832009168, 0.0, 0.10736315476419787], "k_pid_alt": [1.7207596538888887, 0.0, 0.9043014803580093], "k_pid_att": [35.52065815150026, 3.336113044877824, 0.24798126146057284], "k_pid_yaw": [0.5, 1e-06, 0.1], "k_pid_hsp": [0.22638206975620698, 0.0, 0.0], "k_pid_vsp": [222.80555301770084, 51.59391366301255, 1e-06]}, "datetime": {"datetime": "2025-08-13 17:56:59", "elapsed": 29347.2661216259, "delta": 17.30620574951172}, "costs": {"total_cost": 182.3509568666337, "time_cost": 70.896, "final_distance_cost": 1.843482551994061, "oscillation_cost": 27.905090480747734, "completition_cost": 0.0, "overshoot_cost": 50.747334500177004, "power_cost": 10.840599902343751, "noise_cost": 20.118449431371165, "n_waypoints_completed": 9, "tot_waypoints": 9}}
{"target": -184.98206122212437, "params": {"k_pid_pos": [0.8019973310391606, 0.0, 0.10003757332930498], "k_pid_alt": [1.595375118473614, 0.0, 0.9100816251755279], "k_pid_att": [41.61541420759157, 3.516534583074283, 0.2636073235044241], "k_pid_yaw": [0.5, 1e-06, 0.1], "k_pid_hsp": [0.25388632804174294, 0.0, 0.0], "k_pid_vsp": [161.66332976038007, 72.05607602046547, 1e-06]}, "datetime": {"datetime": "2025-08-13 17:57:16", "elapsed": 29364.655490636826, "delta": 17.389369010925293}, "costs": {"total_cost": 184.98206122212437, "time_cost": 72.933, "final_distance_cost": 1.8507577475529324, "oscillation_cost": 26.636847632913433, "completition_cost": 0.0, "overshoot_cost": 50.58931656049769, "power_cost": 11.920861132812501, "noise_cost": 21.051278148347826, "n_waypoints_completed": 9, "tot_waypoints": 9}}
{"target": -181.58343354563874, "params": {"k_pid_pos": [0.9826651083192616, 0.02782616576859371, 0.06130626585697255], "k_pid_alt": [1.5960015972743016, 0.0, 0.9190854993263925], "k_pid_att": [34.33534609181848, 3.6331144523137104, 0.28451768179557385], "k_pid_yaw": [0.5, 1e-06, 0.1], "k_pid_hsp": [0.2266022389253238, 0.0, 0.0], "k_pid_vsp": [86.07753881546097, 49.66611756631679, 1e-06]}, "datetime": {"datetime": "2025-08-13 17:57:33", "elapsed": 29381.286900043488, "delta": 16.631409406661987}, "costs": {"total_cost": 181.58343354563874, "time_cost": 70.791, "final_distance_cost": 1.8269163615378, "oscillation_cost": 28.277058436302557, "completition_cost": 0.0, "overshoot_cost": 50.57294121173938, "power_cost": 10.488022985839844, "noise_cost": 19.62749455021917, "n_waypoints_completed": 9, "tot_waypoints": 9}}
{"target": -1204.1585286611082, "params": {"k_pid_pos": [0.029334711985156137, 0.0, 0.0044297851917775855], "k_pid_alt": [1.5518181817334762, 0.0, 0.9784474869560988], "k_pid_att": [52.25727331365983, 3.235573503935734, 0.2930930212438976], "k_pid_yaw": [0.5, 1e-06, 0.1], "k_pid_hsp": [0.18450468534264405, 0.0, 0.0], "k_pid_vsp": [84.72280429296505, 40.29780211207661, 1.5057611965558044]}, "datetime": {"datetime": "2025-08-13 17:58:02", "elapsed": 29410.39754676819, "delta": 29.110646724700928}, "costs": {"total_cost": 1204.1585286611082, "time_cost": 150, "final_distance_cost": 59.216808588843776, "oscillation_cost": 0.8280308445182006, "completition_cost": 888.8888888888888, "overshoot_cost": 54.6292081418637, "power_cost": 18.371236962890627, "noise_cost": 32.22435523410303, "n_waypoints_completed": 1, "tot_waypoints": 9}}
{"target": -183.58753621051648, "params": {"k_pid_pos": [0.9992133608615527, 0.0, 0.05076075767356558], "k_pid_alt": [1.5908427732617427, 0.0, 0.9642749495389641], "k_pid_att": [34.78449427646208, 3.4884290101618496, 0.26712192679977154], "k_pid_yaw": [0.5, 1e-06, 0.1], "k_pid_hsp": [0.30082540605094044, 0.0, 0.0], "k_pid_vsp": [122.43974581849149, 46.27127419031439, 1e-06]}, "datetime": {"datetime": "2025-08-13 17:58:19", "elapsed": 29427.33753466606, "delta": 16.939987897872925}, "costs": {"total_cost": 183.58753621051648, "time_cost": 71.001, "final_distance_cost": 1.8467131858922465, "oscillation_cost": 28.961233318868217, "completition_cost": 0.0, "overshoot_cost": 50.42133817995406, "power_cost": 11.254748840332033, "noise_cost": 20.102502685469904, "n_waypoints_completed": 9, "tot_waypoints": 9}}
{"target": -196.66267951904683, "params": {"k_pid_pos": [1.1072762037190877, 0.0, 0.08936757952554393], "k_pid_alt": [1.5792296838134583, 0.0, 0.9719803100246314], "k_pid_att": [38.18951853952529, 3.2953654292394274, 0.2728917564198681], "k_pid_yaw": [0.5, 1e-06, 0.1], "k_pid_hsp": [0.2174665617492731, 0.0, 0.0], "k_pid_vsp": [214.01214505829006, 43.12632804141599, 1e-06]}, "datetime": {"datetime": "2025-08-13 17:58:37", "elapsed": 29445.111818790436, "delta": 17.77428412437439}, "costs": {"total_cost": 196.66267951904683, "time_cost": 72.128, "final_distance_cost": 1.826403263629539, "oscillation_cost": 28.66090198986354, "completition_cost": 0.0, "overshoot_cost": 51.79767753535078, "power_cost": 19.78660819091797, "noise_cost": 22.46308853928499, "n_waypoints_completed": 9, "tot_waypoints": 9}}
