{"target": -228.45961036960577, "params": {"k_pid_pos": [0.45996213349042786, 0.09341979255325945, 0.0], "k_pid_alt": [1.5575391868712478, 0.0, 0.9805383788181432], "k_pid_att": [30.741545803884623, 3.9943689802837192, 0.2435617410608332], "k_pid_yaw": [0.5, 1e-06, 0.1], "k_pid_hsp": [0.05169149490654576, 0.004421429942732506, 0.0], "k_pid_vsp": [115.98945609374893, 2.648473904913887, 16.17408218928873]}, "datetime": {"datetime": "2025-08-13 12:59:36", "elapsed": 11504.047956228256, "delta": 22.629621267318726}, "costs": {"total_cost": 228.45961036960577, "time_cost": 95.2, "final_distance_cost": 1.8021375976904517, "oscillation_cost": 16.74032851413553, "completition_cost": 0.0, "overshoot_cost": 57.46212964979092, "power_cost": 28.755436108398438, "noise_cost": 28.499578499590438, "n_waypoints_completed": 9, "tot_waypoints": 9}}
{"target": -1238.9171885626697, "params": {"k_pid_pos": [0.670055627879685, 0.09267830426451606, 0.0], "k_pid_alt": [1.3605189146920809, 0.0, 0.9579069327597347], "k_pid_att": [34.839509208110144, 4.223118572438435, 0.21396790583314543], "k_pid_yaw": [0.5, 1e-06, 0.1], "k_pid_hsp": [0.0001, 0.0, 0.0], "k_pid_vsp": [203.3430470381603, 0.13743075662348833, 3.557007226224317]}, "datetime": {"datetime": "2025-08-13 13:00:04", "elapsed": 11532.74498796463, "delta": 28.6970317363739}, "costs": {"total_cost": 1238.9171885626697, "time_cost": 150, "final_distance_cost": 46.754087554499854, "oscillation_cost": 0.01770757816855293, "completition_cost": 888.8888888888888, "overshoot_cost": 95.51700981816359, "power_cost": 23.827110876464843, "noise_cost": 33.912383846484126, "n_waypoints_completed": 1, "tot_waypoints": 9}}
{"target": -193.56038834794106, "params": {"k_pid_pos": [0.7613349720552796, 0.19137093512609404, 0.0], "k_pid_alt": [1.4387104915771065, 0.0, 1.0], "k_pid_att": [35.99335292391823, 3.3290366741615816, 0.24391575378307898], "k_pid_yaw": [0.5, 1e-06, 0.1], "k_pid_hsp": [0.2867989068790866, 0.0, 0.0], "k_pid_vsp": [131.68909077967544, 6.271205278821823, 4.644984272727863]}, "datetime": {"datetime": "2025-08-13 13:00:23", "elapsed": 11551.006278276443, "delta": 18.261290311813354}, "costs": {"total_cost": 193.56038834794106, "time_cost": 78.281, "final_distance_cost": 1.8239499894641877, "oscillation_cost": 26.961885618935074, "completition_cost": 0.0, "overshoot_cost": 51.286851664260155, "power_cost": 13.065896264648439, "noise_cost": 22.14080481063319, "n_waypoints_completed": 9, "tot_waypoints": 9}}
{"target": -239.89197520842555, "params": {"k_pid_pos": [0.5552657919705507, 0.6325419498705316, 0.016805379476200477], "k_pid_alt": [1.4106643631487665, 0.0, 0.9807495920199085], "k_pid_att": [33.71022816251922, 4.48905101888811, 0.3013745443468928], "k_pid_yaw": [0.5, 1e-06, 0.1], "k_pid_hsp": [0.4257229216228353, 0.003397423148600977, 0.0], "k_pid_vsp": [149.09396596787266, 10.818693407595504, 1e-06]}, "datetime": {"datetime": "2025-08-13 13:00:44", "elapsed": 11572.870238304138, "delta": 21.863960027694702}, "costs": {"total_cost": 239.89197520842555, "time_cost": 91.882, "final_distance_cost": 1.767189954118738, "oscillation_cost": 36.850374607433366, "completition_cost": 0.0, "overshoot_cost": 55.106976945205986, "power_cost": 26.12794998779297, "noise_cost": 28.157483713874473, "n_waypoints_completed": 9, "tot_waypoints": 9}}
{"target": -224.7802473073807, "params": {"k_pid_pos": [0.5656510508833101, 0.26811703859332575, 0.16674880167162254], "k_pid_alt": [0.6985615344349161, 0.0, 0.9608769513698467], "k_pid_att": [25.887850300675268, 4.104220640362397, 0.27227540152350416], "k_pid_yaw": [0.5, 1e-06, 0.1], "k_pid_hsp": [0.34248839144834703, 0.0, 0.0], "k_pid_vsp": [56.854756505252865, 11.785796800903086, 1e-06]}, "datetime": {"datetime": "2025-08-13 13:01:07", "elapsed": 11595.254719734192, "delta": 22.38448143005371}, "costs": {"total_cost": 224.7802473073807, "time_cost": 95.802, "final_distance_cost": 1.8501681067449325, "oscillation_cost": 27.000674134179427, "completition_cost": 0.0, "overshoot_cost": 52.260534729063366, "power_cost": 17.556328344726563, "noise_cost": 30.310541992666437, "n_waypoints_completed": 9, "tot_waypoints": 9}}
{"target": -192.469165668901, "params": {"k_pid_pos": [0.7353071722949491, 0.0028212359046467517, 0.0], "k_pid_alt": [1.7862721036503544, 0.0, 1.0], "k_pid_att": [45.197764847253794, 4.07148974985531, 0.19303382912800865], "k_pid_yaw": [0.5, 1e-06, 0.1], "k_pid_hsp": [0.28813170172817726, 0.0, 0.0], "k_pid_vsp": [202.12987458803272, 8.310680274062724, 0.3986744690649333]}, "datetime": {"datetime": "2025-08-13 13:01:24", "elapsed": 11612.921711444855, "delta": 17.666991710662842}, "costs": {"total_cost": 192.469165668901, "time_cost": 73.528, "final_distance_cost": 1.8521136925205335, "oscillation_cost": 27.343049779945396, "completition_cost": 0.0, "overshoot_cost": 51.29208669734574, "power_cost": 15.876681677246095, "noise_cost": 22.577233821843244, "n_waypoints_completed": 9, "tot_waypoints": 9}}
{"target": -197.07796852469446, "params": {"k_pid_pos": [0.5471121198691691, 0.05210507624838648, 0.0], "k_pid_alt": [1.7954893621665757, 0.0, 0.9852117535116222], "k_pid_att": [10.807645746243772, 3.0904032362570564, 0.2753678928749288], "k_pid_yaw": [0.5, 1e-06, 0.1], "k_pid_hsp": [0.1334449169299789, 0.0, 0.0], "k_pid_vsp": [140.18776300269508, 13.250647033448786, 1e-06]}, "datetime": {"datetime": "2025-08-13 13:01:42", "elapsed": 11630.740978956223, "delta": 17.819267511367798}, "costs": {"total_cost": 197.07796852469446, "time_cost": 75.866, "final_distance_cost": 1.8224790086289553, "oscillation_cost": 23.37365817412051, "completition_cost": 0.0, "overshoot_cost": 52.778519420677796, "power_cost": 19.436806665039065, "noise_cost": 23.80050525622814, "n_waypoints_completed": 9, "tot_waypoints": 9}}
{"target": -201.6600298820634, "params": {"k_pid_pos": [0.5066893715584484, 0.07431053700138793, 0.018109131505536502], "k_pid_alt": [1.4711149940464696, 0.0, 0.9401201948271856], "k_pid_att": [28.442599338236114, 2.3075927926348143, 0.06768035826468993], "k_pid_yaw": [0.5, 1e-06, 0.1], "k_pid_hsp": [0.3897151248171632, 0.0, 0.0], "k_pid_vsp": [129.5072583175461, 8.775206001841356, 0.7490219032248666]}, "datetime": {"datetime": "2025-08-13 13:02:02", "elapsed": 11650.53183722496, "delta": 19.790858268737793}, "costs": {"total_cost": 201.6600298820634, "time_cost": 81.634, "final_distance_cost": 1.8397093887184996, "oscillation_cost": 27.8840053292362, "completition_cost": 0.0, "overshoot_cost": 52.77939787801457, "power_cost": 13.503811364746094, "noise_cost": 24.01910592134803, "n_waypoints_completed": 9, "tot_waypoints": 9}}
{"target": -195.88907223121504, "params": {"k_pid_pos": [1.6035136407389938, 0.11304892445525797, 0.0], "k_pid_alt": [1.5696759739320836, 0.021875754162345516, 0.9824705410516325], "k_pid_att": [34.079190334295475, 3.676917688583706, 0.20002031018160654], "k_pid_yaw": [0.5, 1e-06, 0.1], "k_pid_hsp": [2.0030137761293263, 0.009097530191756922, 0.0], "k_pid_vsp": [101.99025421281138, 9.828339294112977, 9.199976065476118]}, "datetime": {"datetime": "2025-08-13 13:02:19", "elapsed": 11667.12807559967, "delta": 16.596238374710083}, "costs": {"total_cost": 195.88907223121504, "time_cost": 70.728, "final_distance_cost": 1.7628642036420796, "oscillation_cost": 39.266421868267486, "completition_cost": 0.0, "overshoot_cost": 51.286244396080804, "power_cost": 12.875434252929688, "noise_cost": 19.97010751029498, "n_waypoints_completed": 9, "tot_waypoints": 9}}
{"target": -192.3664940613487, "params": {"k_pid_pos": [0.7755467986718239, 0.07137234303863996, 0.0], "k_pid_alt": [1.5730081899177402, 0.0, 0.9771570524419017], "k_pid_att": [29.885381669603355, 3.938073946704424, 0.29041912571965967], "k_pid_yaw": [0.5, 1e-06, 0.1], "k_pid_hsp": [0.12376455762330146, 0.0, 0.0], "k_pid_vsp": [125.20200531499381, 4.698717462399234, 2.505475837607922]}, "datetime": {"datetime": "2025-08-13 13:02:36", "elapsed": 11684.878730297089, "delta": 17.750654697418213}, "costs": {"total_cost": 192.3664940613487, "time_cost": 76.37, "final_distance_cost": 1.8016631990890724, "oscillation_cost": 24.933398578258608, "completition_cost": 0.0, "overshoot_cost": 52.32615314605625, "power_cost": 14.650601525878907, "noise_cost": 22.284677612065888, "n_waypoints_completed": 9, "tot_waypoints": 9}}
{"target": -1218.6882942809932, "params": {"k_pid_pos": [0.4861610493314864, 0.039186368587167765, 0.0], "k_pid_alt": [1.4838425849852648, 0.0, 0.9596337381921771], "k_pid_att": [63.17001479768284, 3.9230633907402788, 0.24671834828176412], "k_pid_yaw": [0.5, 1e-06, 0.1], "k_pid_hsp": [0.0001, 0.0, 0.0], "k_pid_vsp": [107.76612129839458, 11.1642299364031, 1.516545422764616]}, "datetime": {"datetime": "2025-08-13 13:03:05", "elapsed": 11713.097507238388, "delta": 28.21877694129944}, "costs": {"total_cost": 1218.6882942809932, "time_cost": 150, "final_distance_cost": 45.56521578794002, "oscillation_cost": 15.310683484130967, "completition_cost": 888.8888888888888, "overshoot_cost": 75.04086333189127, "power_cost": 13.838802111816406, "noise_cost": 30.043840676325594, "n_waypoints_completed": 1, "tot_waypoints": 9}}
{"target": -212.46155887328743, "params": {"k_pid_pos": [0.48707593719101594, 0.042027836286071193, 0.008315517439871727], "k_pid_alt": [1.3918181098432594, 0.0, 0.964591982927554], "k_pid_att": [26.26390333633773, 3.689213375766439, 0.17818791905447454], "k_pid_yaw": [0.5, 1e-06, 0.1], "k_pid_hsp": [0.05960522612187698, 0.0011993443134234436, 0.0], "k_pid_vsp": [245.1803427006541, 9.198406113380564, 1e-06]}, "datetime": {"datetime": "2025-08-13 13:03:26", "elapsed": 11734.477387428284, "delta": 21.37988018989563}, "costs": {"total_cost": 212.46155887328743, "time_cost": 87.031, "final_distance_cost": 1.7909375898126536, "oscillation_cost": 16.857975565343324, "completition_cost": 0.0, "overshoot_cost": 55.51099208429683, "power_cost": 22.81346092529297, "noise_cost": 28.457192708541648, "n_waypoints_completed": 9, "tot_waypoints": 9}}
{"target": -9150.651036971023, "params": {"k_pid_pos": [0.5586099902418401, 0.018177795177559568, 0.1642429006476156], "k_pid_alt": [1.2879438896131503, 0.01988122961963884, 0.6304646713651053], "k_pid_att": [0.0, 7.365437531910391, 0.2726533643013561], "k_pid_yaw": [0.5, 1e-06, 0.1], "k_pid_hsp": [6.64592840944093, 0.38273152361072016, 0.27385157515052994], "k_pid_vsp": [253.6697074301399, 1e-06, 1e-06]}, "datetime": {"datetime": "2025-08-13 13:03:54", "elapsed": 11762.82113957405, "delta": 28.343752145767212}, "costs": {"total_cost": 9150.651036971023, "time_cost": 150, "final_distance_cost": 2598.3804140906886, "oscillation_cost": 1987.2229118300402, "completition_cost": 1000.0, "overshoot_cost": 3207.268540915492, "power_cost": 58.339212341308595, "noise_cost": 149.4399577934942, "n_waypoints_completed": 0, "tot_waypoints": 9}}
{"target": -203.9003804843567, "params": {"k_pid_pos": [0.4885369323066898, 0.07457335853318305, 0.0], "k_pid_alt": [1.890867421994215, 0.0, 0.9726095664261798], "k_pid_att": [37.82107486295723, 3.638371949812603, 0.3001081251723957], "k_pid_yaw": [0.5, 1e-06, 0.1], "k_pid_hsp": [0.20447168822968068, 0.07519252996531897, 0.0], "k_pid_vsp": [167.10379698552458, 4.568931743046425, 1e-06]}, "datetime": {"datetime": "2025-08-13 13:04:14", "elapsed": 11782.109376430511, "delta": 19.28823685646057}, "costs": {"total_cost": 203.9003804843567, "time_cost": 81.354, "final_distance_cost": 1.8516560488219362, "oscillation_cost": 29.18461495368369, "completition_cost": 0.0, "overshoot_cost": 51.993088936814175, "power_cost": 14.925202661132813, "noise_cost": 24.59181788390409, "n_waypoints_completed": 9, "tot_waypoints": 9}}
{"target": -256.8093932976281, "params": {"k_pid_pos": [0.49553254880801934, 0.14672700072176637, 0.0], "k_pid_alt": [1.7412386025833302, 0.5725421145523668, 0.9342073638128788], "k_pid_att": [42.79608066603751, 4.3356186848642935, 0.23599631813752261], "k_pid_yaw": [0.5, 1e-06, 0.1], "k_pid_hsp": [0.7493888216630842, 0.0, 0.0], "k_pid_vsp": [159.76945089734124, 12.26361560408331, 1e-06]}, "datetime": {"datetime": "2025-08-13 13:04:40", "elapsed": 11808.469591140747, "delta": 26.360214710235596}, "costs": {"total_cost": 256.8093932976281, "time_cost": 110.95700000000001, "final_distance_cost": 1.7548769469563092, "oscillation_cost": 26.77202783940863, "completition_cost": 0.0, "overshoot_cost": 56.70147691868994, "power_cost": 27.81693914794922, "noise_cost": 32.80707244462399, "n_waypoints_completed": 9, "tot_waypoints": 9}}
{"target": -201.158040685488, "params": {"k_pid_pos": [0.4865937086116455, 0.0, 0.0], "k_pid_alt": [1.5472766382990053, 0.0, 0.9632321826431626], "k_pid_att": [25.835715616455968, 3.636750715473906, 0.21670848276538707], "k_pid_yaw": [0.5, 1e-06, 0.1], "k_pid_hsp": [0.05534111171420554, 0.0006860235755498485, 0.0], "k_pid_vsp": [184.12626818525277, 11.063889230967487, 0.21195527268338243]}, "datetime": {"datetime": "2025-08-13 13:05:00", "elapsed": 11828.157256603241, "delta": 19.687665462493896}, "costs": {"total_cost": 201.158040685488, "time_cost": 82.572, "final_distance_cost": 1.7969009605302628, "oscillation_cost": 15.717211440783569, "completition_cost": 0.0, "overshoot_cost": 55.609469439973275, "power_cost": 19.877486096191408, "noise_cost": 25.584972748009474, "n_waypoints_completed": 9, "tot_waypoints": 9}}
{"target": -193.33446252980545, "params": {"k_pid_pos": [0.7433281915657707, 0.022127053775226883, 0.0], "k_pid_alt": [1.49424209916923, 0.0, 0.9649714941968459], "k_pid_att": [35.72281115400766, 3.7264568996881007, 0.48046073258470984], "k_pid_yaw": [0.5, 1e-06, 0.1], "k_pid_hsp": [1.0086809998885562, 0.0, 0.0], "k_pid_vsp": [139.89245339720887, 22.906066031322954, 1e-06]}, "datetime": {"datetime": "2025-08-13 13:05:18", "elapsed": 11846.140526533127, "delta": 17.983269929885864}, "costs": {"total_cost": 193.33446252980545, "time_cost": 75.10300000000001, "final_distance_cost": 1.852976954812512, "oscillation_cost": 27.977819490553763, "completition_cost": 0.0, "overshoot_cost": 51.36810663939036, "power_cost": 14.513247009277345, "noise_cost": 22.51931243577148, "n_waypoints_completed": 9, "tot_waypoints": 9}}
{"target": -252.27195258174652, "params": {"k_pid_pos": [0.1816849874649516, 0.03544698972301646, 0.0], "k_pid_alt": [1.6499844029784065, 0.0, 1.0], "k_pid_att": [18.817723136148125, 2.8927991546552816, 0.048938176814981776], "k_pid_yaw": [0.5, 1e-06, 0.1], "k_pid_hsp": [0.03556769502913573, 0.0, 0.0], "k_pid_vsp": [169.52721735164278, 1e-06, 1e-06]}, "datetime": {"datetime": "2025-08-13 13:05:45", "elapsed": 11873.670116901398, "delta": 27.529590368270874}, "costs": {"total_cost": 252.27195258174652, "time_cost": 116.94200000000001, "final_distance_cost": 1.844359432936468, "oscillation_cost": 10.401568651884705, "completition_cost": 0.0, "overshoot_cost": 66.83754658460718, "power_cost": 20.287301501464846, "noise_cost": 35.959176410853296, "n_waypoints_completed": 9, "tot_waypoints": 9}}
{"target": -185.8924346798978, "params": {"k_pid_pos": [0.5840017255494906, 0.12848327137652027, 0.052492266877439624], "k_pid_alt": [1.6670242112801679, 0.0, 0.9334579231786975], "k_pid_att": [37.89653846792688, 3.885814035145612, 0.2501136872399134], "k_pid_yaw": [0.5, 1e-06, 0.1], "k_pid_hsp": [0.23035130532097975, 0.0, 0.0], "k_pid_vsp": [297.57915460269425, 22.29812070350582, 1e-06]}, "datetime": {"datetime": "2025-08-13 13:06:04", "elapsed": 11892.411971569061, "delta": 18.741854667663574}, "costs": {"total_cost": 185.8924346798978, "time_cost": 77.147, "final_distance_cost": 1.822942600309937, "oscillation_cost": 25.92522406786313, "completition_cost": 0.0, "overshoot_cost": 52.021637980183336, "power_cost": 8.63032567138672, "noise_cost": 20.345304360154664, "n_waypoints_completed": 9, "tot_waypoints": 9}}
{"target": -203.95564517829823, "params": {"k_pid_pos": [0.5391992584291729, 0.24475212033771404, 0.0], "k_pid_alt": [1.1945693137833746, 0.0, 0.9261277186428203], "k_pid_att": [33.322001292687155, 4.151597483081731, 0.26723222807972796], "k_pid_yaw": [0.5, 1e-06, 0.1], "k_pid_hsp": [1.0785410075594668, 0.0, 0.0], "k_pid_vsp": [147.01206328130883, 1.7961068921769363, 1e-06]}, "datetime": {"datetime": "2025-08-13 13:06:27", "elapsed": 11915.039721250534, "delta": 22.62774968147278}, "costs": {"total_cost": 203.95564517829823, "time_cost": 83.21600000000001, "final_distance_cost": 1.8259950386551504, "oscillation_cost": 27.263508377980276, "completition_cost": 0.0, "overshoot_cost": 52.02325567790252, "power_cost": 15.583416613769533, "noise_cost": 24.04346946999072, "n_waypoints_completed": 9, "tot_waypoints": 9}}
{"target": -184.04790215112027, "params": {"k_pid_pos": [0.8538312686531055, 0.0, 0.12986343232477152], "k_pid_alt": [1.5656821326849912, 0.0, 0.9582200043193648], "k_pid_att": [33.41638832371696, 3.0437172278287554, 0.19138014935328762], "k_pid_yaw": [0.5, 1e-06, 0.1], "k_pid_hsp": [0.23230579570080692, 0.0, 0.0], "k_pid_vsp": [145.73601593900355, 7.663613877235067, 1e-06]}, "datetime": {"datetime": "2025-08-13 13:06:47", "elapsed": 11935.788101673126, "delta": 20.748380422592163}, "costs": {"total_cost": 184.04790215112027, "time_cost": 73.773, "final_distance_cost": 1.8395197007691872, "oscillation_cost": 27.173584824769677, "completition_cost": 0.0, "overshoot_cost": 51.065204981580465, "power_cost": 9.81124287109375, "noise_cost": 20.38534977290721, "n_waypoints_completed": 9, "tot_waypoints": 9}}
{"target": -769.5370568872482, "params": {"k_pid_pos": [0.08368491987015314, 0.16818237913217088, 0.0], "k_pid_alt": [1.2862118349516902, 0.0750885977740984, 0.9298783610182737], "k_pid_att": [29.22786807188106, 3.7496461234074774, 0.19189658190710673], "k_pid_yaw": [0.5, 1e-06, 0.1], "k_pid_hsp": [1.863915563532354, 0.0, 0.0], "k_pid_vsp": [177.98194744733811, 1e-06, 1e-06]}, "datetime": {"datetime": "2025-08-13 13:07:16", "elapsed": 11964.565009832382, "delta": 28.77690815925598}, "costs": {"total_cost": 769.5370568872482, "time_cost": 150, "final_distance_cost": 53.89704695925334, "oscillation_cost": 13.88648128674281, "completition_cost": 444.4444444444444, "overshoot_cost": 53.476171508918554, "power_cost": 21.144327880859375, "noise_cost": 32.68858480702978, "n_waypoints_completed": 5, "tot_waypoints": 9}}
{"target": -196.51332068971465, "params": {"k_pid_pos": [0.6283549919834697, 0.06385219181148705, 0.0], "k_pid_alt": [1.5425094475036036, 0.0, 0.9407774715238193], "k_pid_att": [36.33081236832975, 4.4755958427624405, 0.2597766467616219], "k_pid_yaw": [0.5, 1e-06, 0.1], "k_pid_hsp": [0.5918418109057985, 0.03902200661909654, 0.0], "k_pid_vsp": [140.26207350029804, 8.09719577852687, 1e-06]}, "datetime": {"datetime": "2025-08-13 13:07:34", "elapsed": 11982.928507089615, "delta": 18.363497257232666}, "costs": {"total_cost": 196.51332068971465, "time_cost": 77.098, "final_distance_cost": 1.8405356454913053, "oscillation_cost": 28.460787591096757, "completition_cost": 0.0, "overshoot_cost": 51.93017040713343, "power_cost": 14.337513415527344, "noise_cost": 22.846313630465797, "n_waypoints_completed": 9, "tot_waypoints": 9}}
{"target": -202.02178853943158, "params": {"k_pid_pos": [0.6695026928161809, 0.0, 0.05259710029978212], "k_pid_alt": [1.5819135947406784, 0.0, 0.9588782148190212], "k_pid_att": [35.551526617042846, 3.6269814377968115, 0.2296066950707281], "k_pid_yaw": [0.5, 1e-06, 0.1], "k_pid_hsp": [0.24603469823412996, 0.0, 0.0], "k_pid_vsp": [140.93001064066303, 11.97304404030005, 0.6395115373438449]}, "datetime": {"datetime": "2025-08-13 13:07:52", "elapsed": 12000.820348262787, "delta": 17.891841173171997}, "costs": {"total_cost": 202.02178853943158, "time_cost": 76.482, "final_distance_cost": 1.847086950198006, "oscillation_cost": 26.32768649620468, "completition_cost": 0.0, "overshoot_cost": 51.822194676660686, "power_cost": 20.94202803955078, "noise_cost": 24.600792376817427, "n_waypoints_completed": 9, "tot_waypoints": 9}}
{"target": -193.9105392549965, "params": {"k_pid_pos": [0.7540019077415817, 0.021289751151092003, 0.053279144770565084], "k_pid_alt": [1.720797077959992, 0.0, 0.9558035819191694], "k_pid_att": [27.631203279027154, 3.3127903394248226, 0.2518980276598755], "k_pid_yaw": [0.5, 1e-06, 0.1], "k_pid_hsp": [0.2724063698478895, 0.0, 0.0], "k_pid_vsp": [141.49523554466182, 6.359195090658588, 1e-06]}, "datetime": {"datetime": "2025-08-13 13:08:10", "elapsed": 12018.2755215168, "delta": 17.45517325401306}, "costs": {"total_cost": 193.9105392549965, "time_cost": 74.06, "final_distance_cost": 1.8444573019364392, "oscillation_cost": 26.42055299298907, "completition_cost": 0.0, "overshoot_cost": 52.06538541695918, "power_cost": 16.633822888183595, "noise_cost": 22.8863206549282, "n_waypoints_completed": 9, "tot_waypoints": 9}}
{"target": -190.5936826351562, "params": {"k_pid_pos": [0.7658029588401236, 0.09493062812641491, 0.10506678004368299], "k_pid_alt": [1.5096475270754481, 0.0, 0.9517033141168094], "k_pid_att": [33.407238025144665, 3.887118873956101, 0.21351070776756756], "k_pid_yaw": [0.5, 1e-06, 0.1], "k_pid_hsp": [0.19675537832392134, 0.0, 0.0], "k_pid_vsp": [132.60908321400376, 7.376729654462208, 1e-06]}, "datetime": {"datetime": "2025-08-13 13:08:27", "elapsed": 12035.923954963684, "delta": 17.648433446884155}, "costs": {"total_cost": 190.5936826351562, "time_cost": 74.865, "final_distance_cost": 1.8132717598910872, "oscillation_cost": 25.56711123313145, "completition_cost": 0.0, "overshoot_cost": 52.019972892054994, "power_cost": 14.231796130371094, "noise_cost": 22.096530619707572, "n_waypoints_completed": 9, "tot_waypoints": 9}}
