{"target": -184.51312548249433, "params": {"k_pid_pos": [0.6896223266039065, 0.0, 0.050934217917705374], "k_pid_alt": [1.882103970753864, 0.0, 0.9494162122770265], "k_pid_att": [33.0898510300264, 3.424681790060694, 0.25508172159848186], "k_pid_yaw": [0.5, 1e-06, 0.1], "k_pid_hsp": [0.19517815067678584, 0.0, 0.0], "k_pid_vsp": [77.94628106566861, 29.584009445389185, 1e-06]}, "datetime": {"datetime": "2025-08-13 20:00:30", "elapsed": 36758.84079504013, "delta": 17.865113735198975}, "costs": {"total_cost": 184.51312548249433, "time_cost": 73.066, "final_distance_cost": 1.844946420632681, "oscillation_cost": 25.44499186256943, "completition_cost": 0.0, "overshoot_cost": 51.02698093277013, "power_cost": 11.903934057617189, "noise_cost": 21.226272208904888, "n_waypoints_completed": 9, "tot_waypoints": 9}}
{"target": -186.75902871679818, "params": {"k_pid_pos": [0.7494466144956292, 0.0, 0.05514190654975026], "k_pid_alt": [1.8267508979333513, 0.0, 0.9597317301108261], "k_pid_att": [32.94773073569407, 3.1449589444008064, 0.2702632992381642], "k_pid_yaw": [0.5, 1e-06, 0.1], "k_pid_hsp": [0.12426352771530684, 0.0, 0.0], "k_pid_vsp": [115.9470491007973, 34.02048564266269, 1e-06]}, "datetime": {"datetime": "2025-08-13 20:00:48", "elapsed": 36776.17644429207, "delta": 17.335649251937866}, "costs": {"total_cost": 186.75902871679818, "time_cost": 72.212, "final_distance_cost": 1.8306430213577913, "oscillation_cost": 24.07370972993508, "completition_cost": 0.0, "overshoot_cost": 51.073500371337545, "power_cost": 15.772216625976563, "noise_cost": 21.796958968191213, "n_waypoints_completed": 9, "tot_waypoints": 9}}
{"target": -181.99951111195253, "params": {"k_pid_pos": [0.8470863244564344, 0.0, 0.06095180161835819], "k_pid_alt": [1.8909248894516661, 0.0, 0.9512994348445296], "k_pid_att": [33.32427462956426, 3.4096881324997694, 0.2696223150319703], "k_pid_yaw": [0.5, 1e-06, 0.1], "k_pid_hsp": [0.12115053562863128, 0.0, 0.0], "k_pid_vsp": [107.95215806046272, 34.80390402813148, 1e-06]}, "datetime": {"datetime": "2025-08-13 20:01:05", "elapsed": 36793.753068208694, "delta": 17.576623916625977}, "costs": {"total_cost": 181.99951111195253, "time_cost": 71.078, "final_distance_cost": 1.8011195699661264, "oscillation_cost": 25.22212268954953, "completition_cost": 0.0, "overshoot_cost": 51.2110921351538, "power_cost": 12.178166992187501, "noise_cost": 20.509009725095584, "n_waypoints_completed": 9, "tot_waypoints": 9}}
{"target": -187.3287547698754, "params": {"k_pid_pos": [0.7064581895853674, 0.0, 0.03769351703160012], "k_pid_alt": [1.7104398243019479, 0.0, 0.9272119406754504], "k_pid_att": [29.18989153646358, 1.4385958325781076, 0.2953705729368308], "k_pid_yaw": [0.5, 1e-06, 0.1], "k_pid_hsp": [0.11232422051530971, 0.0, 0.0], "k_pid_vsp": [167.66719238170612, 38.338378734038194, 1e-06]}, "datetime": {"datetime": "2025-08-13 20:01:23", "elapsed": 36811.29965090752, "delta": 17.54658269882202}, "costs": {"total_cost": 187.3287547698754, "time_cost": 72.73, "final_distance_cost": 1.830639324238381, "oscillation_cost": 23.449457892494085, "completition_cost": 0.0, "overshoot_cost": 52.00593462809782, "power_cost": 15.460927893066406, "noise_cost": 21.85179503197871, "n_waypoints_completed": 9, "tot_waypoints": 9}}
{"target": -187.8151896336805, "params": {"k_pid_pos": [0.7940188601483635, 0.0, 0.10090966277918335], "k_pid_alt": [1.647606868039554, 0.0, 0.9584789311394091], "k_pid_att": [35.483420888760676, 3.5126043335854327, 0.2967889369547055], "k_pid_yaw": [0.5, 1e-06, 0.1], "k_pid_hsp": [0.19700292201961675, 0.0, 0.0], "k_pid_vsp": [166.29165197402915, 53.189701805118595, 1e-06]}, "datetime": {"datetime": "2025-08-13 20:01:40", "elapsed": 36828.554605960846, "delta": 17.254955053329468}, "costs": {"total_cost": 187.8151896336805, "time_cost": 72.786, "final_distance_cost": 1.8344501739201713, "oscillation_cost": 25.84030912071581, "completition_cost": 0.0, "overshoot_cost": 51.110197218691376, "power_cost": 14.517304125976564, "noise_cost": 21.72692899437658, "n_waypoints_completed": 9, "tot_waypoints": 9}}
{"target": -192.78814200926197, "params": {"k_pid_pos": [0.9283678167929008, 0.0, 0.05446390788054906], "k_pid_alt": [1.6736077608045543, 0.0, 0.9104221245304892], "k_pid_att": [35.77342868294343, 3.2796130353884188, 0.24083965527795548], "k_pid_yaw": [0.5, 1e-06, 0.1], "k_pid_hsp": [0.07082401809386832, 0.0, 0.0], "k_pid_vsp": [66.84516186712119, 31.207943503644476, 1e-06]}, "datetime": {"datetime": "2025-08-13 20:01:59", "elapsed": 36847.04542207718, "delta": 18.490816116333008}, "costs": {"total_cost": 192.78814200926197, "time_cost": 75.635, "final_distance_cost": 1.8008852007125753, "oscillation_cost": 24.526867589259147, "completition_cost": 0.0, "overshoot_cost": 52.67157713740923, "power_cost": 15.581706127929689, "noise_cost": 22.572105953951343, "n_waypoints_completed": 9, "tot_waypoints": 9}}
{"target": -185.85819383833038, "params": {"k_pid_pos": [0.8105125803147111, 0.0, 0.05931128646935933], "k_pid_alt": [1.8737636462900107, 0.0, 0.9561516078878873], "k_pid_att": [32.31383743900272, 3.5407680577198164, 0.2611555335858172], "k_pid_yaw": [0.5, 1e-06, 0.1], "k_pid_hsp": [0.11411584403351148, 0.0, 0.0], "k_pid_vsp": [98.99496095521945, 35.35231917468961, 1e-06]}, "datetime": {"datetime": "2025-08-13 20:02:15", "elapsed": 36863.759171009064, "delta": 16.713748931884766}, "costs": {"total_cost": 185.85819383833038, "time_cost": 71.533, "final_distance_cost": 1.8216288053400873, "oscillation_cost": 24.474530332185978, "completition_cost": 0.0, "overshoot_cost": 51.6712234307731, "power_cost": 14.895525427246094, "noise_cost": 21.46228584278511, "n_waypoints_completed": 9, "tot_waypoints": 9}}
{"target": -181.30993261463357, "params": {"k_pid_pos": [0.8491940423652553, 0.0, 0.08404444668413157], "k_pid_alt": [1.7515320377851396, 0.0, 0.9530651652761973], "k_pid_att": [32.69857184355178, 3.468534353237508, 0.26240226252659643], "k_pid_yaw": [0.5, 1e-06, 0.1], "k_pid_hsp": [0.1304820113558175, 0.0, 0.0], "k_pid_vsp": [91.91903676906011, 21.502411996677672, 1e-06]}, "datetime": {"datetime": "2025-08-13 20:02:33", "elapsed": 36881.13084578514, "delta": 17.37167477607727}, "costs": {"total_cost": 181.30993261463357, "time_cost": 71.54, "final_distance_cost": 1.8137707646051306, "oscillation_cost": 25.362468247351337, "completition_cost": 0.0, "overshoot_cost": 51.22665314164246, "power_cost": 11.140755419921875, "noise_cost": 20.226285041112764, "n_waypoints_completed": 9, "tot_waypoints": 9}}
{"target": -193.22923644215922, "params": {"k_pid_pos": [0.9706489319668059, 0.0, 0.033527095189077316], "k_pid_alt": [1.646874915482631, 0.0, 0.9473753012118712], "k_pid_att": [37.939640788749855, 3.2299612369308397, 0.2831631341215687], "k_pid_yaw": [0.5, 1e-06, 0.1], "k_pid_hsp": [0.09854284613813338, 0.0, 0.0], "k_pid_vsp": [120.84135877512152, 50.15712754278104, 1e-06]}, "datetime": {"datetime": "2025-08-13 20:02:50", "elapsed": 36898.100071430206, "delta": 16.969225645065308}, "costs": {"total_cost": 193.22923644215922, "time_cost": 72.415, "final_distance_cost": 1.779476558759691, "oscillation_cost": 26.215580763670406, "completition_cost": 0.0, "overshoot_cost": 51.84341861284484, "power_cost": 18.752134594726563, "noise_cost": 22.223625912157722, "n_waypoints_completed": 9, "tot_waypoints": 9}}
{"target": -184.0852048092528, "params": {"k_pid_pos": [1.1717246705090198, 0.0, 0.04998286535117688], "k_pid_alt": [1.880055936155107, 0.0, 0.9311323950931968], "k_pid_att": [35.37066148267116, 3.3188251678800484, 0.28041701755979137], "k_pid_yaw": [0.5, 1e-06, 0.1], "k_pid_hsp": [0.12317470654567063, 0.0, 0.0], "k_pid_vsp": [105.97955196757583, 27.995862073040925, 1e-06]}, "datetime": {"datetime": "2025-08-13 20:03:07", "elapsed": 36915.411610364914, "delta": 17.31153893470764}, "costs": {"total_cost": 184.0852048092528, "time_cost": 70.70700000000001, "final_distance_cost": 1.780181370930437, "oscillation_cost": 28.68033067014334, "completition_cost": 0.0, "overshoot_cost": 51.24004050544266, "power_cost": 11.493985815429689, "noise_cost": 20.183666447306646, "n_waypoints_completed": 9, "tot_waypoints": 9}}
{"target": -190.82396803836377, "params": {"k_pid_pos": [0.9305832616011096, 0.0, 0.059495534696921745], "k_pid_alt": [1.9694998845195584, 0.0, 0.9450332906918135], "k_pid_att": [31.32827287769379, 3.4464558386959476, 0.2686154293920721], "k_pid_yaw": [0.5, 1e-06, 0.1], "k_pid_hsp": [0.07932626856336401, 0.0, 0.0], "k_pid_vsp": [89.81068653478187, 32.2955090823556, 1e-06]}, "datetime": {"datetime": "2025-08-13 20:03:24", "elapsed": 36932.59768486023, "delta": 17.18607449531555}, "costs": {"total_cost": 190.82396803836377, "time_cost": 72.57600000000001, "final_distance_cost": 1.790106211932203, "oscillation_cost": 24.568419889595223, "completition_cost": 0.0, "overshoot_cost": 52.64709899991252, "power_cost": 17.00755104980469, "noise_cost": 22.23479188711912, "n_waypoints_completed": 9, "tot_waypoints": 9}}
{"target": -203.82569773095366, "params": {"k_pid_pos": [0.622051031014434, 0.0005878346028997378, 0.058112081145783444], "k_pid_alt": [1.6389571112611092, 0.0, 0.9174228042349551], "k_pid_att": [30.76989323098276, 3.416083671713955, 0.2597049266321443], "k_pid_yaw": [0.5, 1e-06, 0.1], "k_pid_hsp": [0.2805673067018879, 0.0, 0.0], "k_pid_vsp": [159.84243423555537, 54.029379099197286, 1e-06]}, "datetime": {"datetime": "2025-08-13 20:03:44", "elapsed": 36952.108335733414, "delta": 19.510650873184204}, "costs": {"total_cost": 203.82569773095366, "time_cost": 77.938, "final_distance_cost": 1.854252884003352, "oscillation_cost": 25.5832651138932, "completition_cost": 0.0, "overshoot_cost": 51.66428154634454, "power_cost": 21.70516414794922, "noise_cost": 25.08073403876335, "n_waypoints_completed": 9, "tot_waypoints": 9}}
{"target": -196.0091814177308, "params": {"k_pid_pos": [0.8814936139039691, 0.0, 0.05324182497505039], "k_pid_alt": [1.7195442917609671, 0.0, 0.9358101317878441], "k_pid_att": [40.40960992123505, 3.3884043995586257, 0.28471742668087996], "k_pid_yaw": [0.5, 1e-06, 0.1], "k_pid_hsp": [0.3330894354134917, 0.0, 0.0], "k_pid_vsp": [103.13360775175173, 29.333615666163432, 1e-06]}, "datetime": {"datetime": "2025-08-13 20:04:03", "elapsed": 36971.07960367203, "delta": 18.97126793861389}, "costs": {"total_cost": 196.0091814177308, "time_cost": 72.69500000000001, "final_distance_cost": 1.8419155635424667, "oscillation_cost": 27.181790373533595, "completition_cost": 0.0, "overshoot_cost": 51.393801889515515, "power_cost": 19.887523510742188, "noise_cost": 23.009150080396996, "n_waypoints_completed": 9, "tot_waypoints": 9}}
{"target": -180.14393323491396, "params": {"k_pid_pos": [1.1445268913511433, 0.0, 0.07683323262947479], "k_pid_alt": [1.897727762071004, 0.0, 0.9401170377274753], "k_pid_att": [33.96011913690096, 3.5018148767155726, 0.270488841309], "k_pid_yaw": [0.5, 1e-06, 0.1], "k_pid_hsp": [0.11561049640115625, 0.0, 0.0], "k_pid_vsp": [76.65775008018697, 30.237067144078967, 1e-06]}, "datetime": {"datetime": "2025-08-13 20:04:20", "elapsed": 36988.41111278534, "delta": 17.331509113311768}, "costs": {"total_cost": 180.14393323491396, "time_cost": 70.609, "final_distance_cost": 1.7989917320094435, "oscillation_cost": 28.069685546561665, "completition_cost": 0.0, "overshoot_cost": 51.43620911198446, "power_cost": 9.104246313476564, "noise_cost": 19.125800530881865, "n_waypoints_completed": 9, "tot_waypoints": 9}}
{"target": -187.42640958972868, "params": {"k_pid_pos": [0.8043371315393181, 0.0, 0.058323573691497765], "k_pid_alt": [1.8393733033882165, 0.0, 0.9646244575795783], "k_pid_att": [35.16286486684347, 3.4837438021684215, 0.3279843382886861], "k_pid_yaw": [0.5, 1e-06, 0.1], "k_pid_hsp": [0.15730225203147252, 0.0, 0.0], "k_pid_vsp": [102.47127057036826, 53.40638122515257, 1e-06]}, "datetime": {"datetime": "2025-08-13 20:04:38", "elapsed": 37006.29329442978, "delta": 17.882181644439697}, "costs": {"total_cost": 187.42640958972868, "time_cost": 71.386, "final_distance_cost": 1.822491486102432, "oscillation_cost": 25.6970950014339, "completition_cost": 0.0, "overshoot_cost": 50.97187988964223, "power_cost": 15.910768652343751, "noise_cost": 21.63817456020634, "n_waypoints_completed": 9, "tot_waypoints": 9}}
{"target": -200.82839482359603, "params": {"k_pid_pos": [0.4534729207595662, 0.0, 0.04090127612143269], "k_pid_alt": [2.0, 0.0, 0.9522725780240576], "k_pid_att": [26.46061417125922, 3.2987514421296886, 0.25718281003006516], "k_pid_yaw": [0.5, 1e-06, 0.1], "k_pid_hsp": [0.13616861368760366, 0.0, 0.0], "k_pid_vsp": [130.50242328729158, 1e-06, 0.5385504063309452]}, "datetime": {"datetime": "2025-08-13 20:04:57", "elapsed": 37025.41614675522, "delta": 19.122852325439453}, "costs": {"total_cost": 200.82839482359603, "time_cost": 79.45, "final_distance_cost": 1.8488265544133347, "oscillation_cost": 20.63821606037028, "completition_cost": 0.0, "overshoot_cost": 53.54389059010389, "power_cost": 19.35266051025391, "noise_cost": 25.994801108454602, "n_waypoints_completed": 9, "tot_waypoints": 9}}
{"target": -191.69607141466898, "params": {"k_pid_pos": [0.7697226331048491, 0.004289598908169085, 0.00891421101612342], "k_pid_alt": [1.8322439774211972, 0.0, 0.872547350050439], "k_pid_att": [33.078431489794504, 3.4591541061330595, 0.27525508903298745], "k_pid_yaw": [0.5, 1e-06, 0.1], "k_pid_hsp": [0.06498830477962925, 0.0, 0.0], "k_pid_vsp": [85.38346559726352, 26.80140601917843, 1e-06]}, "datetime": {"datetime": "2025-08-13 20:05:16", "elapsed": 37044.52345824242, "delta": 19.107311487197876}, "costs": {"total_cost": 191.69607141466898, "time_cost": 77.028, "final_distance_cost": 1.768349662435312, "oscillation_cost": 21.860587928181232, "completition_cost": 0.0, "overshoot_cost": 53.59625616086509, "power_cost": 14.655379138183594, "noise_cost": 22.78749852500374, "n_waypoints_completed": 9, "tot_waypoints": 9}}
{"target": -184.97446384342052, "params": {"k_pid_pos": [1.1249933086356136, 0.0, 0.06704415553658662], "k_pid_alt": [1.6327659085701673, 0.0, 0.9437284331884673], "k_pid_att": [33.53966755085848, 3.3190314609495837, 0.30979050840334055], "k_pid_yaw": [0.5, 1e-06, 0.1], "k_pid_hsp": [0.19608370042012568, 0.0, 0.0], "k_pid_vsp": [86.18971491831762, 35.04824927523792, 1e-06]}, "datetime": {"datetime": "2025-08-13 20:05:32", "elapsed": 37060.977843761444, "delta": 16.45438551902771}, "costs": {"total_cost": 184.97446384342052, "time_cost": 70.546, "final_distance_cost": 1.8288278289968891, "oscillation_cost": 29.242849640467988, "completition_cost": 0.0, "overshoot_cost": 50.50620022500048, "power_cost": 12.51048193359375, "noise_cost": 20.340104215361418, "n_waypoints_completed": 9, "tot_waypoints": 9}}
{"target": -189.98962808334525, "params": {"k_pid_pos": [0.9731102864962127, 0.0, 0.053450157680412336], "k_pid_alt": [1.549366924243965, 0.0, 0.941180226372251], "k_pid_att": [34.63404742564867, 3.3692001524049386, 0.2814603399783125], "k_pid_yaw": [0.5, 1e-06, 0.1], "k_pid_hsp": [0.21881196829152663, 0.0, 0.0], "k_pid_vsp": [153.49181466923267, 40.638553593593926, 1e-06]}, "datetime": {"datetime": "2025-08-13 20:05:51", "elapsed": 37079.3658759594, "delta": 18.38803219795227}, "costs": {"total_cost": 189.98962808334525, "time_cost": 71.84100000000001, "final_distance_cost": 1.8340783414662751, "oscillation_cost": 27.70260944491558, "completition_cost": 0.0, "overshoot_cost": 50.95769049104302, "power_cost": 16.025755603027346, "noise_cost": 21.628494202893023, "n_waypoints_completed": 9, "tot_waypoints": 9}}
{"target": -186.82188236052346, "params": {"k_pid_pos": [0.9259222940583031, 0.0, 0.00369686444598024], "k_pid_alt": [1.9045798767229931, 0.0, 0.9566626965410133], "k_pid_att": [34.34277624838518, 3.144934944372818, 0.35924907714633203], "k_pid_yaw": [0.5, 1e-06, 0.1], "k_pid_hsp": [0.18770413306003164, 0.0, 0.0], "k_pid_vsp": [78.94271455669245, 1e-06, 1e-06]}, "datetime": {"datetime": "2025-08-13 20:06:08", "elapsed": 37096.08917617798, "delta": 16.723300218582153}, "costs": {"total_cost": 186.82188236052346, "time_cost": 71.771, "final_distance_cost": 1.8305087581368367, "oscillation_cost": 27.44370372492087, "completition_cost": 0.0, "overshoot_cost": 51.48831648029445, "power_cost": 12.955828723144531, "noise_cost": 21.332524674026793, "n_waypoints_completed": 9, "tot_waypoints": 9}}
{"target": -190.03129233974133, "params": {"k_pid_pos": [0.8258033987442984, 0.0, 0.12333606834811954], "k_pid_alt": [1.8150505102231427, 0.0, 0.9491024233332398], "k_pid_att": [37.30268745853612, 3.4711435066052365, 0.2517744396390443], "k_pid_yaw": [0.5, 1e-06, 0.1], "k_pid_hsp": [0.13781187799914188, 0.0, 0.0], "k_pid_vsp": [62.36249792021108, 25.67319430730018, 1e-06]}, "datetime": {"datetime": "2025-08-13 20:06:25", "elapsed": 37113.77489233017, "delta": 17.685716152191162}, "costs": {"total_cost": 190.03129233974133, "time_cost": 72.002, "final_distance_cost": 1.8254779895546718, "oscillation_cost": 25.06127554218026, "completition_cost": 0.0, "overshoot_cost": 51.777081334199885, "power_cost": 17.240488989257813, "noise_cost": 22.124968484548695, "n_waypoints_completed": 9, "tot_waypoints": 9}}
{"target": -187.70622238389947, "params": {"k_pid_pos": [0.7494126638157557, 0.0, 0.049276367403941854], "k_pid_alt": [2.0, 0.0, 0.9872349756823146], "k_pid_att": [34.16027746847908, 3.517047311416704, 0.2659673828697256], "k_pid_yaw": [0.5, 1e-06, 0.1], "k_pid_hsp": [0.15442011047289758, 0.0, 0.0], "k_pid_vsp": [62.020522275271276, 50.54820630156026, 1e-06]}, "datetime": {"datetime": "2025-08-13 20:06:42", "elapsed": 37130.50882482529, "delta": 16.733932495117188}, "costs": {"total_cost": 187.70622238389947, "time_cost": 71.449, "final_distance_cost": 1.8237933094941532, "oscillation_cost": 25.224300600292214, "completition_cost": 0.0, "overshoot_cost": 50.72637080446854, "power_cost": 16.604032543945312, "noise_cost": 21.878725125699255, "n_waypoints_completed": 9, "tot_waypoints": 9}}
{"target": -191.41337818872387, "params": {"k_pid_pos": [0.8245530690468298, 0.0, 0.07880061561487124], "k_pid_alt": [1.800852218862224, 0.0, 0.943675193314171], "k_pid_att": [36.24995970114464, 3.533726152842548, 0.8557502346707919], "k_pid_yaw": [0.5, 1e-06, 0.1], "k_pid_hsp": [0.3471709786996897, 0.0, 0.0], "k_pid_vsp": [121.19781135079047, 28.727318367051666, 1e-06]}, "datetime": {"datetime": "2025-08-13 20:07:00", "elapsed": 37148.251633644104, "delta": 17.74280881881714}, "costs": {"total_cost": 191.41337818872387, "time_cost": 72.69500000000001, "final_distance_cost": 1.8435538514952123, "oscillation_cost": 26.99975626814191, "completition_cost": 0.0, "overshoot_cost": 50.75213722787929, "power_cost": 16.5993697265625, "noise_cost": 22.523561114644966, "n_waypoints_completed": 9, "tot_waypoints": 9}}
{"target": -180.87035179293636, "params": {"k_pid_pos": [0.9947817789269734, 0.0, 0.04359515333019372], "k_pid_alt": [2.0, 0.0, 0.999156559144322], "k_pid_att": [35.102285223120575, 3.5025308007382496, 0.2697716681691925], "k_pid_yaw": [0.5, 1e-06, 0.1], "k_pid_hsp": [0.09651775916409211, 0.0, 0.0], "k_pid_vsp": [137.49805155482608, 33.54141064878217, 1e-06]}, "datetime": {"datetime": "2025-08-13 20:07:17", "elapsed": 37165.63354897499, "delta": 17.38191533088684}, "costs": {"total_cost": 180.87035179293636, "time_cost": 71.274, "final_distance_cost": 1.8069676898868443, "oscillation_cost": 26.160869843058276, "completition_cost": 0.0, "overshoot_cost": 51.29066403391065, "power_cost": 10.381314672851563, "noise_cost": 19.956535553229013, "n_waypoints_completed": 9, "tot_waypoints": 9}}
{"target": -185.18685901663704, "params": {"k_pid_pos": [1.087455440008453, 0.0, 0.06554988702958821], "k_pid_alt": [2.0, 0.0, 0.9366191569620679], "k_pid_att": [35.97567652158532, 3.3400857949105256, 0.25524246940679374], "k_pid_yaw": [0.5, 1e-06, 0.1], "k_pid_hsp": [0.21445441992146905, 0.0, 0.0], "k_pid_vsp": [153.20995025852764, 39.72992178727397, 1e-06]}, "datetime": {"datetime": "2025-08-13 20:07:34", "elapsed": 37182.13500881195, "delta": 16.50145983695984}, "costs": {"total_cost": 185.18685901663704, "time_cost": 70.147, "final_distance_cost": 1.816698221636557, "oscillation_cost": 28.943171122210973, "completition_cost": 0.0, "overshoot_cost": 50.99378563468219, "power_cost": 12.878568432617188, "noise_cost": 20.40763560549014, "n_waypoints_completed": 9, "tot_waypoints": 9}}
{"target": -215.96815520479547, "params": {"k_pid_pos": [0.819401085887685, 0.0, 0.062096224516620925], "k_pid_alt": [1.7345848925754694, 0.0, 0.9138409786819441], "k_pid_att": [33.86682117176561, 3.560792007596983, 0.27693783443687], "k_pid_yaw": [0.5, 1e-06, 0.1], "k_pid_hsp": [0.03515040105597445, 0.0, 0.0], "k_pid_vsp": [88.45351425918275, 34.145414663779334, 1e-06]}, "datetime": {"datetime": "2025-08-13 20:07:57", "elapsed": 37205.81504154205, "delta": 23.68003273010254}, "costs": {"total_cost": 215.96815520479547, "time_cost": 96.22200000000001, "final_distance_cost": 1.768183440751314, "oscillation_cost": 15.59507606226997, "completition_cost": 0.0, "overshoot_cost": 60.96998169653432, "power_cost": 14.033144726562501, "noise_cost": 27.379769278677355, "n_waypoints_completed": 9, "tot_waypoints": 9}}
{"target": -181.93133400769875, "params": {"k_pid_pos": [0.8578266056869813, 0.0, 0.08686500832446734], "k_pid_alt": [1.8282750391310683, 0.0, 0.9316914503943468], "k_pid_att": [35.50464032700089, 3.362032563307847, 0.2731999054049159], "k_pid_yaw": [0.5, 1e-06, 0.1], "k_pid_hsp": [0.22322034520598794, 0.0, 0.0], "k_pid_vsp": [64.05729933909518, 26.874351292119727, 1e-06]}, "datetime": {"datetime": "2025-08-13 20:08:14", "elapsed": 37222.52667403221, "delta": 16.71163249015808}, "costs": {"total_cost": 181.93133400769875, "time_cost": 71.099, "final_distance_cost": 1.8463426949689725, "oscillation_cost": 26.863116222999707, "completition_cost": 0.0, "overshoot_cost": 50.500852789684444, "power_cost": 11.203327514648437, "noise_cost": 20.418694785397165, "n_waypoints_completed": 9, "tot_waypoints": 9}}
