{"target": -224.44665622713364, "params": {"k_pid_pos": [0.2869402519561999, 0.04769786195016734, 0.0], "k_pid_alt": [1.6145103745198095, 0.004230570201142541, 0.9987983687479676], "k_pid_att": [28.620679700516213, 3.3752825309058627, 0.20806642090535388], "k_pid_yaw": [0.5, 1e-06, 0.1], "k_pid_hsp": [0.5652124259433611, 0.0014421508451982687, 0.0], "k_pid_vsp": [210.65890699584128, 1.1491975272367652, 1e-06]}, "datetime": {"datetime": "2025-08-13 12:40:35", "elapsed": 10363.384043693542, "delta": 22.67008924484253}, "costs": {"total_cost": 224.44665622713364, "time_cost": 94.255, "final_distance_cost": 1.8506534399676242, "oscillation_cost": 21.559332934321972, "completition_cost": 0.0, "overshoot_cost": 55.9813562271466, "power_cost": 20.364064294433593, "noise_cost": 30.436249331263824, "n_waypoints_completed": 9, "tot_waypoints": 9}}
{"target": -192.84584064448143, "params": {"k_pid_pos": [0.582762135469743, 0.0, 0.0], "k_pid_alt": [1.4233904653746037, 0.0, 0.9757172778977086], "k_pid_att": [24.446107144419592, 3.8610715594275504, 0.2660789759920504], "k_pid_yaw": [0.5, 1e-06, 0.1], "k_pid_hsp": [0.17332893935550892, 0.0, 0.0], "k_pid_vsp": [175.2977844734149, 2.1278717799170046, 1.741322017376083]}, "datetime": {"datetime": "2025-08-13 12:40:53", "elapsed": 10381.973065376282, "delta": 18.589021682739258}, "costs": {"total_cost": 192.84584064448143, "time_cost": 77.126, "final_distance_cost": 1.844155425919881, "oscillation_cost": 24.40975040924951, "completition_cost": 0.0, "overshoot_cost": 52.31488190795807, "power_cost": 14.350962414550782, "noise_cost": 22.800090486803192, "n_waypoints_completed": 9, "tot_waypoints": 9}}
{"target": -202.7235495547153, "params": {"k_pid_pos": [0.5600937799668384, 0.0867241688035002, 0.0], "k_pid_alt": [1.4944670928364545, 0.0, 1.0], "k_pid_att": [37.05329688888347, 3.874079888583157, 0.26890228439309516], "k_pid_yaw": [0.5, 1e-06, 0.1], "k_pid_hsp": [0.34361866039070166, 0.0, 0.0], "k_pid_vsp": [155.48328159098287, 6.049075437550684, 2.1706816128691018]}, "datetime": {"datetime": "2025-08-13 12:41:13", "elapsed": 10401.202438354492, "delta": 19.22937297821045}, "costs": {"total_cost": 202.7235495547153, "time_cost": 79.71600000000001, "final_distance_cost": 1.8354727346446758, "oscillation_cost": 26.42128401080582, "completition_cost": 0.0, "overshoot_cost": 52.643803033708835, "power_cost": 17.60898894042969, "noise_cost": 24.498000835126287, "n_waypoints_completed": 9, "tot_waypoints": 9}}
{"target": -223.10293921835085, "params": {"k_pid_pos": [0.6591294647994322, 0.04119488714859005, 0.0], "k_pid_alt": [1.6439516451414322, 0.0, 0.9698789627168266], "k_pid_att": [41.34655978290188, 3.8627020833966754, 0.07396126725310243], "k_pid_yaw": [0.5, 1e-06, 0.1], "k_pid_hsp": [0.45005948285367664, 0.0, 0.0], "k_pid_vsp": [11.725007114263235, 1e-06, 1e-06]}, "datetime": {"datetime": "2025-08-13 12:41:34", "elapsed": 10421.988314628601, "delta": 20.785876274108887}, "costs": {"total_cost": 223.10293921835085, "time_cost": 87.01, "final_distance_cost": 1.8472176643153584, "oscillation_cost": 32.61260446240662, "completition_cost": 0.0, "overshoot_cost": 61.10155931502773, "power_cost": 12.70368055419922, "noise_cost": 27.827877222401938, "n_waypoints_completed": 9, "tot_waypoints": 9}}
{"target": -1220.9777388161167, "params": {"k_pid_pos": [0.6245797803722689, 0.13494248048216148, 0.13397727750166893], "k_pid_alt": [1.0454262336750568, 0.09141801309575981, 0.9640918786150829], "k_pid_att": [22.741572052079043, 3.653797320380237, 0.016774592203930683], "k_pid_yaw": [0.5, 1e-06, 0.1], "k_pid_hsp": [7.185955289343974, 0.5855407772057764, 0.8077335837201607], "k_pid_vsp": [276.1982905828012, 168.34399107861265, 330.29369240640176]}, "datetime": {"datetime": "2025-08-13 12:42:02", "elapsed": 10450.779609680176, "delta": 28.791295051574707}, "costs": {"total_cost": 1220.9777388161167, "time_cost": 150, "final_distance_cost": 75.37263447765436, "oscillation_cost": 551.1869864815653, "completition_cost": 333.33333333333337, "overshoot_cost": 55.23083443651513, "power_cost": 27.815118884277346, "noise_cost": 28.038831202771153, "n_waypoints_completed": 6, "tot_waypoints": 9}}
{"target": -200.18431560797785, "params": {"k_pid_pos": [0.530669369092176, 0.11788302280043206, 0.0], "k_pid_alt": [1.4929935040109559, 0.0, 1.0], "k_pid_att": [25.16277006248124, 4.668193999193933, 0.19461279989131594], "k_pid_yaw": [0.5, 1e-06, 0.1], "k_pid_hsp": [0.27035149817528464, 0.02875034047710251, 0.0], "k_pid_vsp": [182.3153740110311, 11.489353411556852, 1e-06]}, "datetime": {"datetime": "2025-08-13 12:42:21", "elapsed": 10469.274024486542, "delta": 18.494414806365967}, "costs": {"total_cost": 200.18431560797785, "time_cost": 78.281, "final_distance_cost": 1.8412247122884005, "oscillation_cost": 26.64218697909839, "completition_cost": 0.0, "overshoot_cost": 52.24429328211941, "power_cost": 17.443472778320313, "noise_cost": 23.732137856151343, "n_waypoints_completed": 9, "tot_waypoints": 9}}
{"target": -1212.863149845455, "params": {"k_pid_pos": [0.537365570639803, 0.05541388292485718, 0.0], "k_pid_alt": [1.6047972768483896, 0.0, 0.979743147490084], "k_pid_att": [27.718332822855498, 3.6103433441974846, 0.2589710725680888], "k_pid_yaw": [0.5, 1e-06, 0.1], "k_pid_hsp": [0.0001, 0.0, 0.0], "k_pid_vsp": [182.51901362370668, 1e-06, 1e-06]}, "datetime": {"datetime": "2025-08-13 12:42:49", "elapsed": 10497.342972278595, "delta": 28.068947792053223}, "costs": {"total_cost": 1212.863149845455, "time_cost": 150, "final_distance_cost": 45.90040445596588, "oscillation_cost": 0.011879012127794531, "completition_cost": 888.8888888888888, "overshoot_cost": 83.0093166658834, "power_cost": 14.365706384277344, "noise_cost": 30.68695443831159, "n_waypoints_completed": 1, "tot_waypoints": 9}}
{"target": -1244.1756796097866, "params": {"k_pid_pos": [0.25866220747126467, 0.2616436163375033, 0.0], "k_pid_alt": [1.479653885789308, 0.0, 0.9460296805880258], "k_pid_att": [35.72616056793055, 3.8339657357149175, 0.24642670059972524], "k_pid_yaw": [0.5, 1e-06, 0.1], "k_pid_hsp": [0.0001, 0.0008585117528868526, 0.0], "k_pid_vsp": [149.44513136623428, 1e-06, 5.599220278541775]}, "datetime": {"datetime": "2025-08-13 12:43:17", "elapsed": 10525.889271497726, "delta": 28.54629921913147}, "costs": {"total_cost": 1244.1756796097866, "time_cost": 150, "final_distance_cost": 56.69739603429833, "oscillation_cost": 0.05521984677960675, "completition_cost": 888.8888888888888, "overshoot_cost": 103.65731774042906, "power_cost": 14.041094995117188, "noise_cost": 30.835762104273606, "n_waypoints_completed": 1, "tot_waypoints": 9}}
{"target": -1216.3928115120455, "params": {"k_pid_pos": [0.46743645790387606, 0.0715261540796901, 0.010028333984505006], "k_pid_alt": [1.552346631367168, 0.028490511068115225, 0.9854802699547589], "k_pid_att": [35.76300027153039, 3.9048404253596565, 0.0], "k_pid_yaw": [0.5, 1e-06, 0.1], "k_pid_hsp": [0.0001, 0.0, 0.0], "k_pid_vsp": [204.7670537143356, 1e-06, 1e-06]}, "datetime": {"datetime": "2025-08-13 12:43:46", "elapsed": 10554.330550193787, "delta": 28.44127869606018}, "costs": {"total_cost": 1216.3928115120455, "time_cost": 150, "final_distance_cost": 45.809405138549394, "oscillation_cost": 8.453908213205176, "completition_cost": 888.8888888888888, "overshoot_cost": 78.4837632681017, "power_cost": 13.986496813964845, "noise_cost": 30.77034918933544, "n_waypoints_completed": 1, "tot_waypoints": 9}}
{"target": -202.01582324979717, "params": {"k_pid_pos": [0.8193838470796871, 0.08391040826351988, 0.0], "k_pid_alt": [1.4163384452191377, 0.25856374274067634, 0.7857584119773176], "k_pid_att": [47.426208042317214, 7.236032124488806, 0.21070006979171713], "k_pid_yaw": [0.5, 1e-06, 0.1], "k_pid_hsp": [0.5131981088068203, 0.0, 0.0], "k_pid_vsp": [191.64080394673542, 11.898492031003926, 7.375565463123486]}, "datetime": {"datetime": "2025-08-13 12:44:06", "elapsed": 10574.27553486824, "delta": 19.944984674453735}, "costs": {"total_cost": 202.01582324979717, "time_cost": 81.102, "final_distance_cost": 1.7649307770185458, "oscillation_cost": 30.081893829533715, "completition_cost": 0.0, "overshoot_cost": 51.99342646055289, "power_cost": 14.265641723632813, "noise_cost": 22.807930459059175, "n_waypoints_completed": 9, "tot_waypoints": 9}}
{"target": -259.79287310700573, "params": {"k_pid_pos": [0.47417917984052016, 0.04104820130680141, 0.0394431106292758], "k_pid_alt": [1.6986768631137985, 0.0, 0.9983671461719825], "k_pid_att": [28.99705953969738, 3.1285424828327337, 0.20130746555857476], "k_pid_yaw": [0.5, 1e-06, 0.1], "k_pid_hsp": [0.02614011560416257, 0.04932044655119925, 0.0], "k_pid_vsp": [224.42551051848056, 13.917731901377907, 1e-06]}, "datetime": {"datetime": "2025-08-13 12:44:31", "elapsed": 10599.015859603882, "delta": 24.74032473564148}, "costs": {"total_cost": 259.79287310700573, "time_cost": 103.404, "final_distance_cost": 1.8351883706004395, "oscillation_cost": 41.95940558102513, "completition_cost": 0.0, "overshoot_cost": 58.733906949454266, "power_cost": 21.10026219482422, "noise_cost": 32.76011001110168, "n_waypoints_completed": 9, "tot_waypoints": 9}}
{"target": -210.1460927281726, "params": {"k_pid_pos": [1.0364676685067522, 0.05929110243452272, 0.0], "k_pid_alt": [1.4568251027842358, 0.0, 0.8561132203848354], "k_pid_att": [23.975356413493213, 3.930147920664624, 0.23673304821905417], "k_pid_yaw": [0.5, 1e-06, 0.1], "k_pid_hsp": [0.0474545937885623, 0.0, 0.0], "k_pid_vsp": [281.1165150701542, 19.309587525073674, 1e-06]}, "datetime": {"datetime": "2025-08-13 12:44:50", "elapsed": 10618.933672428131, "delta": 19.917812824249268}, "costs": {"total_cost": 210.1460927281726, "time_cost": 84.098, "final_distance_cost": 1.7408244998209803, "oscillation_cost": 22.556557646370177, "completition_cost": 0.0, "overshoot_cost": 55.88032340249476, "power_cost": 20.2401015625, "noise_cost": 25.63028561698667, "n_waypoints_completed": 9, "tot_waypoints": 9}}
{"target": -203.88559662061672, "params": {"k_pid_pos": [0.570261264869858, 0.07112058347646646, 0.11966944648926153], "k_pid_alt": [1.4915395086108356, 0.0, 0.9921599181915409], "k_pid_att": [40.146235870857495, 3.4544853314677146, 0.18815959438902535], "k_pid_yaw": [0.5, 1e-06, 0.1], "k_pid_hsp": [0.129717266894872, 0.0, 0.0], "k_pid_vsp": [223.90913634730634, 3.0144161478298113, 1e-06]}, "datetime": {"datetime": "2025-08-13 12:45:09", "elapsed": 10637.56028842926, "delta": 18.62661600112915}, "costs": {"total_cost": 203.88559662061672, "time_cost": 79.24, "final_distance_cost": 1.8367333203180864, "oscillation_cost": 22.33589181478598, "completition_cost": 0.0, "overshoot_cost": 53.63545756938311, "power_cost": 21.943272875976565, "noise_cost": 24.89424104015298, "n_waypoints_completed": 9, "tot_waypoints": 9}}
{"target": -263.87960552706846, "params": {"k_pid_pos": [1.498713851374076, 0.31795738306839083, 0.0], "k_pid_alt": [1.45670285778357, 0.17964805430266567, 0.996969912474234], "k_pid_att": [44.415794225431135, 7.732690723228842, 0.25663343561710106], "k_pid_yaw": [0.5, 1e-06, 0.1], "k_pid_hsp": [2.2610721926623247, 0.0, 0.0], "k_pid_vsp": [234.4271388314577, 1e-06, 24.567125459354017]}, "datetime": {"datetime": "2025-08-13 12:45:34", "elapsed": 10662.686466217041, "delta": 25.12617778778076}, "costs": {"total_cost": 263.87960552706846, "time_cost": 106.561, "final_distance_cost": 1.7772565880072808, "oscillation_cost": 51.924092825394226, "completition_cost": 0.0, "overshoot_cost": 55.553136303754755, "power_cost": 24.62359044189453, "noise_cost": 23.44052936801767, "n_waypoints_completed": 9, "tot_waypoints": 9}}
{"target": -1245.7154677304193, "params": {"k_pid_pos": [0.8677642917812195, 0.0, 0.0], "k_pid_alt": [1.6758968656059592, 0.0, 1.0], "k_pid_att": [23.515750364303795, 2.5372570275391757, 0.24379872275214282], "k_pid_yaw": [0.5, 1e-06, 0.1], "k_pid_hsp": [0.0001, 0.0, 0.0], "k_pid_vsp": [153.41031029458574, 3.2410855510069316, 1e-06]}, "datetime": {"datetime": "2025-08-13 12:46:02", "elapsed": 10690.93364906311, "delta": 28.247182846069336}, "costs": {"total_cost": 1245.7154677304193, "time_cost": 150, "final_distance_cost": 46.94620142486616, "oscillation_cost": 0.06267547393534126, "completition_cost": 888.8888888888888, "overshoot_cost": 97.96874678030345, "power_cost": 27.2999900390625, "noise_cost": 34.5489651233628, "n_waypoints_completed": 1, "tot_waypoints": 9}}
{"target": -189.38722791608325, "params": {"k_pid_pos": [0.5182039534482076, 0.08397992029198832, 0.0], "k_pid_alt": [1.5201375236795935, 0.0, 0.9755988962958102], "k_pid_att": [37.0645443308079, 3.7618847726165563, 0.2515750588693327], "k_pid_yaw": [0.5, 1e-06, 0.1], "k_pid_hsp": [0.14013153659120448, 0.0033031787946989685, 0.0], "k_pid_vsp": [188.28039946415052, 1.616350069411956, 1.4186211510532507]}, "datetime": {"datetime": "2025-08-13 12:46:20", "elapsed": 10708.94612979889, "delta": 18.01248073577881}, "costs": {"total_cost": 189.38722791608325, "time_cost": 77.462, "final_distance_cost": 1.8223681434939338, "oscillation_cost": 22.72314346772421, "completition_cost": 0.0, "overshoot_cost": 52.46592160369117, "power_cost": 12.812098510742189, "noise_cost": 22.101696190431703, "n_waypoints_completed": 9, "tot_waypoints": 9}}
{"target": -194.32470237942204, "params": {"k_pid_pos": [0.5597844491174155, 0.011783841893435246, 0.0], "k_pid_alt": [1.5607616000949038, 0.05984248591851666, 0.9805373747304131], "k_pid_att": [19.011122909078747, 4.209413328721055, 0.2946530342914211], "k_pid_yaw": [0.5, 1e-06, 0.1], "k_pid_hsp": [0.10647678659061885, 0.0, 0.0], "k_pid_vsp": [175.27197557094462, 1e-06, 1e-06]}, "datetime": {"datetime": "2025-08-13 12:46:39", "elapsed": 10727.769749403, "delta": 18.823619604110718}, "costs": {"total_cost": 194.32470237942204, "time_cost": 79.177, "final_distance_cost": 1.8160094100127178, "oscillation_cost": 21.703475395299748, "completition_cost": 0.0, "overshoot_cost": 53.055616178660465, "power_cost": 15.363130590820314, "noise_cost": 23.20947080462882, "n_waypoints_completed": 9, "tot_waypoints": 9}}
{"target": -184.86958591243166, "params": {"k_pid_pos": [0.5365020138597825, 0.07038220863259123, 0.0], "k_pid_alt": [1.4599185941999193, 0.0, 0.9539915487236261], "k_pid_att": [32.80073163821941, 4.098519372061512, 0.24547447245084655], "k_pid_yaw": [0.5, 1e-06, 0.1], "k_pid_hsp": [0.15349769564666843, 0.0, 0.0], "k_pid_vsp": [165.12879390135643, 8.744424041730873, 1e-06]}, "datetime": {"datetime": "2025-08-13 12:46:58", "elapsed": 10746.085499048233, "delta": 18.315749645233154}, "costs": {"total_cost": 184.86958591243166, "time_cost": 77.476, "final_distance_cost": 1.832720644435568, "oscillation_cost": 23.185703594649997, "completition_cost": 0.0, "overshoot_cost": 51.99526881166074, "power_cost": 9.490923059082032, "noise_cost": 20.88896980260333, "n_waypoints_completed": 9, "tot_waypoints": 9}}
{"target": -194.43315495613803, "params": {"k_pid_pos": [1.840663951247658, 0.15975745692385795, 0.14505740276473983], "k_pid_alt": [1.375248989006134, 0.004831598536296304, 1.0], "k_pid_att": [14.26011811916721, 2.575085183318033, 0.33489584191201016], "k_pid_yaw": [0.5, 1e-06, 0.1], "k_pid_hsp": [0.09712720311609538, 0.0, 0.0], "k_pid_vsp": [195.3665962006915, 34.87860238210285, 10.864205548320234]}, "datetime": {"datetime": "2025-08-13 12:47:15", "elapsed": 10763.092139005661, "delta": 17.00663995742798}, "costs": {"total_cost": 194.43315495613803, "time_cost": 73.605, "final_distance_cost": 1.7987491372296047, "oscillation_cost": 31.640033390968114, "completition_cost": 0.0, "overshoot_cost": 51.76864041435495, "power_cost": 17.34809697265625, "noise_cost": 18.272635040929103, "n_waypoints_completed": 9, "tot_waypoints": 9}}
{"target": -1228.2760958204717, "params": {"k_pid_pos": [0.6038877347846795, 0.013862405070758352, 0.0], "k_pid_alt": [1.3901434326956115, 0.0, 0.9548022533188306], "k_pid_att": [33.306210535924734, 3.6561665451736554, 0.3102428400898888], "k_pid_yaw": [0.5, 1e-06, 0.1], "k_pid_hsp": [0.0001, 0.0, 0.0], "k_pid_vsp": [379.7527160426498, 11.19995458273108, 0.5132065701635989]}, "datetime": {"datetime": "2025-08-13 12:47:42", "elapsed": 10790.911010503769, "delta": 27.81887149810791}, "costs": {"total_cost": 1228.2760958204717, "time_cost": 150, "final_distance_cost": 45.87736080571344, "oscillation_cost": 0.05732577173653194, "completition_cost": 888.8888888888888, "overshoot_cost": 82.80266543105108, "power_cost": 26.398120471191408, "noise_cost": 34.25173445189067, "n_waypoints_completed": 1, "tot_waypoints": 9}}
{"target": -191.92869834988272, "params": {"k_pid_pos": [0.4686634089330606, 0.04085059140357123, 0.0], "k_pid_alt": [1.4582290537773517, 0.0, 0.9754422934572029], "k_pid_att": [38.32205777898857, 3.7711337389266006, 0.23062085363960722], "k_pid_yaw": [0.5, 1e-06, 0.1], "k_pid_hsp": [0.16107286582182628, 0.0013755171338380276, 0.0], "k_pid_vsp": [179.27960834235296, 1e-06, 1e-06]}, "datetime": {"datetime": "2025-08-13 12:48:01", "elapsed": 10809.274428606033, "delta": 18.363418102264404}, "costs": {"total_cost": 191.92869834988272, "time_cost": 79.464, "final_distance_cost": 1.835807339813116, "oscillation_cost": 22.529032911493065, "completition_cost": 0.0, "overshoot_cost": 52.52724526755624, "power_cost": 12.608804992675783, "noise_cost": 22.96380783834454, "n_waypoints_completed": 9, "tot_waypoints": 9}}
{"target": -208.31382554137562, "params": {"k_pid_pos": [0.47338411227723276, 0.12155489377058391, 0.0], "k_pid_alt": [1.6509460159283047, 0.0, 0.9628884662506781], "k_pid_att": [35.395805481036675, 4.024858054457666, 0.25484936564599886], "k_pid_yaw": [0.5, 1e-06, 0.1], "k_pid_hsp": [0.13463850157879292, 0.0, 0.0], "k_pid_vsp": [222.83695948190612, 14.944952130412265, 1e-06]}, "datetime": {"datetime": "2025-08-13 12:48:21", "elapsed": 10829.672121286392, "delta": 20.397692680358887}, "costs": {"total_cost": 208.31382554137562, "time_cost": 84.518, "final_distance_cost": 1.8108304066494978, "oscillation_cost": 21.922512327939092, "completition_cost": 0.0, "overshoot_cost": 53.674901583147104, "power_cost": 20.70305241699219, "noise_cost": 25.684528806647727, "n_waypoints_completed": 9, "tot_waypoints": 9}}
{"target": -205.92055835305715, "params": {"k_pid_pos": [0.36456744166421945, 0.13170970690313868, 0.0], "k_pid_alt": [1.603812737338426, 0.0, 1.0], "k_pid_att": [29.58326863044606, 3.3588297826662927, 0.2388283352963655], "k_pid_yaw": [0.5, 1e-06, 0.1], "k_pid_hsp": [0.1231093880346351, 0.00397356993964797, 0.0], "k_pid_vsp": [185.3485866120135, 4.346450664035931, 11.128920674615458]}, "datetime": {"datetime": "2025-08-13 12:48:42", "elapsed": 10850.922159910202, "delta": 21.250038623809814}, "costs": {"total_cost": 205.92055835305715, "time_cost": 89.257, "final_distance_cost": 1.8366847765317993, "oscillation_cost": 19.82641438539514, "completition_cost": 0.0, "overshoot_cost": 53.63413444327879, "power_cost": 20.379269995117188, "noise_cost": 20.987054752734213, "n_waypoints_completed": 9, "tot_waypoints": 9}}
{"target": -1254.9103324240386, "params": {"k_pid_pos": [0.7027245312180204, 0.7413125047851719, 0.0], "k_pid_alt": [1.2938300452964033, 0.0, 0.969883071202974], "k_pid_att": [37.92440588945284, 3.7117422657691614, 0.3325002914424331], "k_pid_yaw": [0.5, 1e-06, 0.1], "k_pid_hsp": [0.0001, 0.0, 0.0], "k_pid_vsp": [186.7970015848723, 1e-06, 5.552360894218195]}, "datetime": {"datetime": "2025-08-13 12:49:10", "elapsed": 10878.871864318848, "delta": 27.94970440864563}, "costs": {"total_cost": 1254.9103324240386, "time_cost": 150, "final_distance_cost": 49.35747708577317, "oscillation_cost": 0.05534702822352515, "completition_cost": 888.8888888888888, "overshoot_cost": 106.00976483778803, "power_cost": 26.294934277343753, "noise_cost": 34.3039203060214, "n_waypoints_completed": 1, "tot_waypoints": 9}}
{"target": -1191.9988147286406, "params": {"k_pid_pos": [0.15373612997746497, 0.11296066002193156, 0.0], "k_pid_alt": [1.5636646814221473, 0.0, 1.0], "k_pid_att": [35.24484282005492, 3.0806481805189776, 0.26107401128905383], "k_pid_yaw": [0.5, 1e-06, 0.1], "k_pid_hsp": [0.05775794751597124, 0.0, 0.0], "k_pid_vsp": [187.50533057908635, 6.29839226364809, 3.718672974930071]}, "datetime": {"datetime": "2025-08-13 12:49:39", "elapsed": 10907.813331365585, "delta": 28.94146704673767}, "costs": {"total_cost": 1191.9988147286406, "time_cost": 150, "final_distance_cost": 64.48353703616135, "oscillation_cost": 3.601909458416303, "completition_cost": 888.8888888888888, "overshoot_cost": 21.969302300236382, "power_cost": 28.377252941894533, "noise_cost": 34.67792410304309, "n_waypoints_completed": 1, "tot_waypoints": 9}}
{"target": -214.2198463206585, "params": {"k_pid_pos": [1.1790326212882418, 0.6703462843229396, 0.19381077859019163], "k_pid_alt": [1.4852029091884953, 0.0, 1.0], "k_pid_att": [39.36632333654492, 4.649227319793138, 0.2541928298216993], "k_pid_yaw": [0.5, 1e-06, 0.1], "k_pid_hsp": [2.178861648692823, 0.0031892787723510852, 0.0], "k_pid_vsp": [191.61046287780414, 23.960353033154995, 1e-06]}, "datetime": {"datetime": "2025-08-13 12:49:58", "elapsed": 10926.440368890762, "delta": 18.627037525177002}, "costs": {"total_cost": 214.2198463206585, "time_cost": 80.913, "final_distance_cost": 1.785140645755871, "oscillation_cost": 36.843213018424755, "completition_cost": 0.0, "overshoot_cost": 52.57675079503921, "power_cost": 18.388185473632813, "noise_cost": 23.713556387805856, "n_waypoints_completed": 9, "tot_waypoints": 9}}
