{"target": -191.3634819190932, "params": {"k_pid_pos": [1.017116098350695, 0.0, 0.05851125296705733], "k_pid_alt": [2.0, 0.0, 0.9400085602447531], "k_pid_att": [32.655767553866994, 3.5611466504407776, 0.24375845089115752], "k_pid_yaw": [0.5, 1e-06, 0.1], "k_pid_hsp": [0.19670511190032758, 0.0, 0.0], "k_pid_vsp": [109.81820953390302, 15.255563597652927, 1e-06]}, "datetime": {"datetime": "2025-08-13 21:40:00", "elapsed": 42728.52130699158, "delta": 16.858058214187622}, "costs": {"total_cost": 191.3634819190932, "time_cost": 71.456, "final_distance_cost": 1.8309541127268982, "oscillation_cost": 28.098272322515786, "completition_cost": 0.0, "overshoot_cost": 51.53343782131369, "power_cost": 16.570918298339844, "noise_cost": 21.873899364196987, "n_waypoints_completed": 9, "tot_waypoints": 9}}
{"target": -218.36540735937206, "params": {"k_pid_pos": [1.132394309882527, 0.0, 0.06992401128304568], "k_pid_alt": [1.7506829479015895, 0.0, 0.8225309387448598], "k_pid_att": [34.68211005448583, 3.4982615113517337, 0.2511588645480544], "k_pid_yaw": [0.5, 1e-06, 0.1], "k_pid_hsp": [0.042576082291987116, 0.0, 0.0], "k_pid_vsp": [86.48262987534459, 28.089848843053055, 1e-06]}, "datetime": {"datetime": "2025-08-13 21:40:22", "elapsed": 42750.02532362938, "delta": 21.504016637802124}, "costs": {"total_cost": 218.36540735937206, "time_cost": 86.429, "final_distance_cost": 1.746926480073541, "oscillation_cost": 21.15759887063743, "completition_cost": 0.0, "overshoot_cost": 58.16309889928848, "power_cost": 23.496439282226564, "noise_cost": 27.372343827146032, "n_waypoints_completed": 9, "tot_waypoints": 9}}
{"target": -181.55777071984895, "params": {"k_pid_pos": [0.8293680038877879, 0.0, 0.06575814883568533], "k_pid_alt": [1.8001034371373512, 0.0, 0.9412553263263002], "k_pid_att": [34.43369057935876, 3.6024465731397943, 0.27097564117835965], "k_pid_yaw": [0.5, 1e-06, 0.1], "k_pid_hsp": [0.09736123747698641, 0.0, 0.0], "k_pid_vsp": [85.51873480923989, 28.672272329907468, 1e-06]}, "datetime": {"datetime": "2025-08-13 21:40:38", "elapsed": 42766.641075611115, "delta": 16.61575198173523}, "costs": {"total_cost": 181.55777071984895, "time_cost": 71.778, "final_distance_cost": 1.806993939015657, "oscillation_cost": 23.960057205501652, "completition_cost": 0.0, "overshoot_cost": 51.44454686721764, "power_cost": 11.957051232910157, "noise_cost": 20.611121475203845, "n_waypoints_completed": 9, "tot_waypoints": 9}}
{"target": -189.31178443258915, "params": {"k_pid_pos": [0.8253286449574295, 0.0, 0.06881960718739619], "k_pid_alt": [1.7521568685917697, 0.0, 0.9007605464574874], "k_pid_att": [32.029271164253046, 3.7333750933824454, 0.2630430800864291], "k_pid_yaw": [0.5, 1e-06, 0.1], "k_pid_hsp": [0.31012096805371, 0.0, 0.0], "k_pid_vsp": [70.53988960076654, 35.3126820138599, 1e-06]}, "datetime": {"datetime": "2025-08-13 21:40:57", "elapsed": 42785.028183460236, "delta": 18.387107849121094}, "costs": {"total_cost": 189.31178443258915, "time_cost": 72.261, "final_distance_cost": 1.8522028100047574, "oscillation_cost": 27.131986262648173, "completition_cost": 0.0, "overshoot_cost": 50.60167893839765, "power_cost": 15.57625242919922, "noise_cost": 21.888663992339353, "n_waypoints_completed": 9, "tot_waypoints": 9}}
{"target": -1232.6704399440346, "params": {"k_pid_pos": [0.7992300401389181, 0.0, 0.06904923168241094], "k_pid_alt": [1.8165147074487693, 0.0, 0.9431460560682857], "k_pid_att": [33.17691388091529, 3.6459648126532875, 0.2394432513219228], "k_pid_yaw": [0.5, 1e-06, 0.1], "k_pid_hsp": [0.0001, 0.0, 0.0], "k_pid_vsp": [87.6262682341509, 17.589690103161594, 1e-06]}, "datetime": {"datetime": "2025-08-13 21:41:26", "elapsed": 42814.01806354523, "delta": 28.989880084991455}, "costs": {"total_cost": 1232.6704399440346, "time_cost": 150, "final_distance_cost": 46.6426846355371, "oscillation_cost": 0.0085440306004389, "completition_cost": 888.8888888888888, "overshoot_cost": 94.57833525903288, "power_cost": 19.85201807861328, "noise_cost": 32.699969051362, "n_waypoints_completed": 1, "tot_waypoints": 9}}
{"target": -193.92053581594755, "params": {"k_pid_pos": [0.85687700746166, 0.0, 0.05811028338048606], "k_pid_alt": [1.9353702145183374, 0.0, 0.9324944967034192], "k_pid_att": [31.70632461292933, 3.4674415905960965, 0.23873241603863488], "k_pid_yaw": [0.5, 1e-06, 0.1], "k_pid_hsp": [0.3228609605642926, 0.0, 0.0], "k_pid_vsp": [16.422170772263783, 73.00811239539712, 1e-06]}, "datetime": {"datetime": "2025-08-13 21:41:42", "elapsed": 42830.14149260521, "delta": 16.1234290599823}, "costs": {"total_cost": 193.92053581594755, "time_cost": 70.378, "final_distance_cost": 1.8529431251639665, "oscillation_cost": 27.333483715003066, "completition_cost": 0.0, "overshoot_cost": 50.28030262344105, "power_cost": 21.09633377685547, "noise_cost": 22.97947257548401, "n_waypoints_completed": 9, "tot_waypoints": 9}}
{"target": -187.00787265010723, "params": {"k_pid_pos": [0.8981930697315043, 0.0, 0.17875473298803457], "k_pid_alt": [1.971137292323503, 0.0, 0.9502112339481905], "k_pid_att": [32.913427724315184, 3.6235021114483166, 0.2868785187881413], "k_pid_yaw": [0.5, 1e-06, 0.1], "k_pid_hsp": [0.1353419444939697, 0.0, 0.0], "k_pid_vsp": [88.55995992494215, 35.4394920813873, 1e-06]}, "datetime": {"datetime": "2025-08-13 21:42:00", "elapsed": 42848.93797945976, "delta": 18.796486854553223}, "costs": {"total_cost": 187.00787265010723, "time_cost": 71.309, "final_distance_cost": 1.827801998351278, "oscillation_cost": 25.414784516562385, "completition_cost": 0.0, "overshoot_cost": 51.143801500281484, "power_cost": 15.653982055664063, "noise_cost": 21.658502579248022, "n_waypoints_completed": 9, "tot_waypoints": 9}}
{"target": -189.1777313836237, "params": {"k_pid_pos": [0.7425803765474694, 0.0, 0.032293800200382555], "k_pid_alt": [1.9480857426189306, 0.0, 0.9547860779539572], "k_pid_att": [32.78767987404932, 3.610953062524117, 0.2611394108883726], "k_pid_yaw": [0.5, 1e-06, 0.1], "k_pid_hsp": [0.11731077196550949, 0.0, 0.0], "k_pid_vsp": [132.6040689850396, 36.42044635022361, 1e-06]}, "datetime": {"datetime": "2025-08-13 21:42:18", "elapsed": 42866.45331931114, "delta": 17.515339851379395}, "costs": {"total_cost": 189.1777313836237, "time_cost": 71.904, "final_distance_cost": 1.8224101163327076, "oscillation_cost": 24.22200318185996, "completition_cost": 0.0, "overshoot_cost": 51.42844832265631, "power_cost": 17.618771606445314, "noise_cost": 22.182098156329424, "n_waypoints_completed": 9, "tot_waypoints": 9}}
{"target": -193.69905465075078, "params": {"k_pid_pos": [0.851179617276102, 0.0, 0.05111195657424609], "k_pid_alt": [1.9076339258029926, 0.0, 0.9497148078568406], "k_pid_att": [33.59918800270665, 3.402200159918585, 0.29137918677907315], "k_pid_yaw": [0.5, 1e-06, 0.1], "k_pid_hsp": [0.11850060372256147, 0.0, 0.0], "k_pid_vsp": [109.8079834986387, 32.026486625858354, 1e-06]}, "datetime": {"datetime": "2025-08-13 21:42:35", "elapsed": 42883.27813386917, "delta": 16.824814558029175}, "costs": {"total_cost": 193.69905465075078, "time_cost": 72.33800000000001, "final_distance_cost": 1.8271272762748565, "oscillation_cost": 24.79327366724921, "completition_cost": 0.0, "overshoot_cost": 52.21989399457411, "power_cost": 19.973686535644532, "noise_cost": 22.54707317700805, "n_waypoints_completed": 9, "tot_waypoints": 9}}
{"target": -187.3908912420487, "params": {"k_pid_pos": [0.8411549918573016, 0.0, 0.06227489949859735], "k_pid_alt": [1.9467584364347117, 0.0, 0.9935326958897734], "k_pid_att": [33.24551529983382, 5.855966289449585, 0.25052576618626793], "k_pid_yaw": [0.5, 1e-06, 0.1], "k_pid_hsp": [0.11056772161819174, 0.0, 0.0], "k_pid_vsp": [95.4146692468641, 32.3969645471207, 1e-06]}, "datetime": {"datetime": "2025-08-13 21:42:54", "elapsed": 42902.03665494919, "delta": 18.75852108001709}, "costs": {"total_cost": 187.3908912420487, "time_cost": 71.708, "final_distance_cost": 1.7972104595043084, "oscillation_cost": 24.866265730054568, "completition_cost": 0.0, "overshoot_cost": 51.566484547078055, "power_cost": 15.844031164550781, "noise_cost": 21.60889934086097, "n_waypoints_completed": 9, "tot_waypoints": 9}}
{"target": -184.12541098046452, "params": {"k_pid_pos": [0.8015511086931673, 0.0, 0.0654515934398494], "k_pid_alt": [1.8189064967494546, 0.0, 0.9501524486736951], "k_pid_att": [33.7977213277235, 3.7130650236997944, 0.2593095295302554], "k_pid_yaw": [0.5, 1e-06, 0.1], "k_pid_hsp": [0.1344492926525123, 0.0, 0.0], "k_pid_vsp": [81.72198834997715, 31.314892068698676, 1e-06]}, "datetime": {"datetime": "2025-08-13 21:43:10", "elapsed": 42918.977130651474, "delta": 16.940475702285767}, "costs": {"total_cost": 184.12541098046452, "time_cost": 71.547, "final_distance_cost": 1.8147855695617578, "oscillation_cost": 25.09385892190336, "completition_cost": 0.0, "overshoot_cost": 51.130286029532506, "power_cost": 13.556460119628907, "noise_cost": 20.983020339837996, "n_waypoints_completed": 9, "tot_waypoints": 9}}
{"target": -185.47872215553062, "params": {"k_pid_pos": [0.747749908819603, 0.0, 0.05798115842893547], "k_pid_alt": [1.8269594515539218, 0.0, 0.9149788692606673], "k_pid_att": [31.597560791827703, 3.538307828191443, 0.27415158662309624], "k_pid_yaw": [0.5, 1e-06, 0.1], "k_pid_hsp": [0.11856818996992592, 0.0, 0.0], "k_pid_vsp": [104.68213906419263, 33.3399150166718, 1e-06]}, "datetime": {"datetime": "2025-08-13 21:43:29", "elapsed": 42937.377138614655, "delta": 18.400007963180542}, "costs": {"total_cost": 185.47872215553062, "time_cost": 72.023, "final_distance_cost": 1.8206544794940567, "oscillation_cost": 23.837573073991148, "completition_cost": 0.0, "overshoot_cost": 51.21400007389195, "power_cost": 14.961544445800781, "noise_cost": 21.62195008235269, "n_waypoints_completed": 9, "tot_waypoints": 9}}
{"target": -193.532593013599, "params": {"k_pid_pos": [0.848042295123362, 0.0, 0.05760815077765369], "k_pid_alt": [1.916325572918481, 0.0, 0.9459607536003197], "k_pid_att": [33.725411769120086, 3.502597151544655, 0.27657000227499], "k_pid_yaw": [0.5, 1e-06, 0.1], "k_pid_hsp": [0.11028389644861603, 0.0, 0.0], "k_pid_vsp": [93.08088549179679, 33.071517070420434, 1e-06]}, "datetime": {"datetime": "2025-08-13 21:43:46", "elapsed": 42954.921763420105, "delta": 17.54462480545044}, "costs": {"total_cost": 193.532593013599, "time_cost": 72.17, "final_distance_cost": 1.8184988947938563, "oscillation_cost": 24.828615610396618, "completition_cost": 0.0, "overshoot_cost": 51.986625312368844, "power_cost": 20.139477380371094, "noise_cost": 22.589375815668564, "n_waypoints_completed": 9, "tot_waypoints": 9}}
{"target": -191.28311556724654, "params": {"k_pid_pos": [0.8587269369822892, 0.0, 0.09087761132597909], "k_pid_alt": [1.780935947853802, 0.0, 0.9516939683590591], "k_pid_att": [32.651988612995794, 3.4518215952635196, 0.2675182804366067], "k_pid_yaw": [0.5, 1e-06, 0.1], "k_pid_hsp": [0.12147226190071492, 0.0, 0.0], "k_pid_vsp": [102.11821348230593, 35.049864257082966, 1e-06]}, "datetime": {"datetime": "2025-08-13 21:44:05", "elapsed": 42973.277811050415, "delta": 18.35604763031006}, "costs": {"total_cost": 191.28311556724654, "time_cost": 71.995, "final_distance_cost": 1.8106848641994926, "oscillation_cost": 25.14668792611678, "completition_cost": 0.0, "overshoot_cost": 51.9182407304395, "power_cost": 18.241051037597657, "noise_cost": 22.17145100889312, "n_waypoints_completed": 9, "tot_waypoints": 9}}
{"target": -185.17375699127595, "params": {"k_pid_pos": [0.9710499569900932, 0.0, 0.04942724473124595], "k_pid_alt": [1.8770749883314581, 0.0, 0.9627281972305667], "k_pid_att": [36.61710055855744, 3.479373174659148, 0.24425710513352916], "k_pid_yaw": [0.5, 1e-06, 0.1], "k_pid_hsp": [0.19857944133252686, 0.0, 0.0], "k_pid_vsp": [121.07715006043684, 26.72016225382705, 1e-06]}, "datetime": {"datetime": "2025-08-13 21:44:22", "elapsed": 42990.12811231613, "delta": 16.850301265716553}, "costs": {"total_cost": 185.17375699127595, "time_cost": 70.714, "final_distance_cost": 1.832802977220042, "oscillation_cost": 27.761185283880142, "completition_cost": 0.0, "overshoot_cost": 50.99128284320616, "power_cost": 13.103447033691406, "noise_cost": 20.77103885327821, "n_waypoints_completed": 9, "tot_waypoints": 9}}
{"target": -1249.678647397482, "params": {"k_pid_pos": [1.5177507303110165, 0.0, 0.08431189599846903], "k_pid_alt": [1.9179159533961347, 0.0, 0.9535917119639786], "k_pid_att": [34.07816134884626, 3.544594739597036, 0.215345965048095], "k_pid_yaw": [0.5, 1e-06, 0.1], "k_pid_hsp": [0.0001, 0.0, 0.0], "k_pid_vsp": [0.0, 33.82627249392344, 1e-06]}, "datetime": {"datetime": "2025-08-13 21:44:52", "elapsed": 43020.96946501732, "delta": 30.841352701187134}, "costs": {"total_cost": 1249.678647397482, "time_cost": 150, "final_distance_cost": 47.81301976891515, "oscillation_cost": 1.358726513765076, "completition_cost": 888.8888888888888, "overshoot_cost": 106.92009838568869, "power_cost": 24.121389794921875, "noise_cost": 30.576524045302374, "n_waypoints_completed": 1, "tot_waypoints": 9}}
{"target": -183.3320662012056, "params": {"k_pid_pos": [0.8984201018787017, 0.0, 0.051671572286995565], "k_pid_alt": [1.873652007094428, 0.0, 0.9441836707291806], "k_pid_att": [35.016805084638655, 3.5262389766622544, 0.27397810081962376], "k_pid_yaw": [0.5, 1e-06, 0.1], "k_pid_hsp": [0.11043272669694951, 0.0, 0.0], "k_pid_vsp": [94.1526261634581, 33.082355457412454, 1e-06]}, "datetime": {"datetime": "2025-08-13 21:45:10", "elapsed": 43038.47108030319, "delta": 17.501615285873413}, "costs": {"total_cost": 183.3320662012056, "time_cost": 71.08500000000001, "final_distance_cost": 1.8038040525298504, "oscillation_cost": 25.70257043758361, "completition_cost": 0.0, "overshoot_cost": 51.21006848209009, "power_cost": 12.871246057128907, "noise_cost": 20.659377171873125, "n_waypoints_completed": 9, "tot_waypoints": 9}}
{"target": -190.84055328554405, "params": {"k_pid_pos": [1.141111903186883, 0.0, 0.0674921602479419], "k_pid_alt": [1.8128678603276862, 0.0, 0.8991300178641655], "k_pid_att": [32.09955009015686, 3.500703109465475, 0.24156497544123293], "k_pid_yaw": [0.5, 1e-06, 0.1], "k_pid_hsp": [0.20292830521875319, 0.0, 0.0], "k_pid_vsp": [74.98008536218404, 15.894129358023422, 1e-06]}, "datetime": {"datetime": "2025-08-13 21:45:27", "elapsed": 43055.164273262024, "delta": 16.693192958831787}, "costs": {"total_cost": 190.84055328554405, "time_cost": 70.82600000000001, "final_distance_cost": 1.8145340360059783, "oscillation_cost": 29.24341736889166, "completition_cost": 0.0, "overshoot_cost": 51.4865682732775, "power_cost": 15.86807420654297, "noise_cost": 21.601959400825955, "n_waypoints_completed": 9, "tot_waypoints": 9}}
{"target": -187.96556128023244, "params": {"k_pid_pos": [0.7930293719285386, 0.0, 0.06265265222248866], "k_pid_alt": [1.9977899671479264, 0.0, 0.9357976828314927], "k_pid_att": [33.74417145549639, 3.377665643247574, 0.26038536720486793], "k_pid_yaw": [0.5, 1e-06, 0.1], "k_pid_hsp": [0.060600795449929176, 0.0, 0.0], "k_pid_vsp": [106.10735272039491, 22.13985879214456, 1e-06]}, "datetime": {"datetime": "2025-08-13 21:45:46", "elapsed": 43074.380373716354, "delta": 19.216100454330444}, "costs": {"total_cost": 187.96556128023244, "time_cost": 77.231, "final_distance_cost": 1.7842271023460816, "oscillation_cost": 21.259644434301325, "completition_cost": 0.0, "overshoot_cost": 54.23755497045973, "power_cost": 11.433598779296876, "noise_cost": 22.019535993828423, "n_waypoints_completed": 9, "tot_waypoints": 9}}
{"target": -192.5281030159499, "params": {"k_pid_pos": [1.139006024625052, 0.0, 0.0766829718924131], "k_pid_alt": [1.893037819508353, 0.0, 0.9554525582874804], "k_pid_att": [32.760245057344, 3.509363969978661, 0.26686095629549234], "k_pid_yaw": [0.5, 1e-06, 0.1], "k_pid_hsp": [0.10747491774514502, 0.0, 0.0], "k_pid_vsp": [138.78184772937593, 34.814529532976, 1e-06]}, "datetime": {"datetime": "2025-08-13 21:46:03", "elapsed": 43091.10508608818, "delta": 16.724712371826172}, "costs": {"total_cost": 192.5281030159499, "time_cost": 71.638, "final_distance_cost": 1.7805695082967197, "oscillation_cost": 27.526725447108326, "completition_cost": 0.0, "overshoot_cost": 51.726930107118235, "power_cost": 17.8194216796875, "noise_cost": 22.036456273739105, "n_waypoints_completed": 9, "tot_waypoints": 9}}
{"target": -187.77078198601345, "params": {"k_pid_pos": [0.8389749923384012, 0.0, 0.05748355242544347], "k_pid_alt": [1.869703228742585, 0.0, 0.9454029243307043], "k_pid_att": [32.40886542319046, 3.292008215213705, 0.2591770788870205], "k_pid_yaw": [0.5, 1e-06, 0.1], "k_pid_hsp": [0.23258002569507188, 0.0, 0.0], "k_pid_vsp": [91.67103531582244, 32.746462450100154, 1e-06]}, "datetime": {"datetime": "2025-08-13 21:46:21", "elapsed": 43109.62484931946, "delta": 18.519763231277466}, "costs": {"total_cost": 187.77078198601345, "time_cost": 71.386, "final_distance_cost": 1.833760224222965, "oscillation_cost": 26.605255112525754, "completition_cost": 0.0, "overshoot_cost": 50.83227127350574, "power_cost": 15.434126904296877, "noise_cost": 21.6793684714621, "n_waypoints_completed": 9, "tot_waypoints": 9}}
{"target": -182.26452911053602, "params": {"k_pid_pos": [0.9027954274776552, 0.0, 0.06288372559361716], "k_pid_alt": [1.9505051808282612, 0.0, 0.9530038278431125], "k_pid_att": [33.05736759409239, 3.2096983249875026, 0.27357111805516215], "k_pid_yaw": [0.5, 1e-06, 0.1], "k_pid_hsp": [0.11539667378241471, 0.0, 0.0], "k_pid_vsp": [126.59662483876085, 25.35429792531056, 1e-06]}, "datetime": {"datetime": "2025-08-13 21:46:38", "elapsed": 43126.51199054718, "delta": 16.887141227722168}, "costs": {"total_cost": 182.26452911053602, "time_cost": 71.169, "final_distance_cost": 1.821752299963093, "oscillation_cost": 25.442615751099716, "completition_cost": 0.0, "overshoot_cost": 51.65070472028442, "power_cost": 11.801663415527344, "noise_cost": 20.378792923661447, "n_waypoints_completed": 9, "tot_waypoints": 9}}
{"target": -195.33067795486807, "params": {"k_pid_pos": [0.7996732169215138, 0.0, 0.11331365914018132], "k_pid_alt": [1.8286603434386346, 0.0, 0.9296660965515487], "k_pid_att": [34.28506554801072, 3.5141365100861197, 0.2583512422336346], "k_pid_yaw": [0.5, 1e-06, 0.1], "k_pid_hsp": [0.2488242693214185, 0.0, 0.0], "k_pid_vsp": [2.795744393543945, 45.4524182778378, 1e-06]}, "datetime": {"datetime": "2025-08-13 21:46:58", "elapsed": 43146.00801849365, "delta": 19.496027946472168}, "costs": {"total_cost": 195.33067795486807, "time_cost": 72.793, "final_distance_cost": 1.8447067675661715, "oscillation_cost": 27.362776316047334, "completition_cost": 0.0, "overshoot_cost": 51.52490930234197, "power_cost": 18.670761328125, "noise_cost": 23.134524240787602, "n_waypoints_completed": 9, "tot_waypoints": 9}}
{"target": -199.7512831892418, "params": {"k_pid_pos": [1.0491655702414742, 0.0, 0.04860162017774561], "k_pid_alt": [1.8233266422682048, 0.0, 0.9534137162841688], "k_pid_att": [35.80735738579646, 3.5563054053928287, 0.25565990100712943], "k_pid_yaw": [0.5, 1e-06, 0.1], "k_pid_hsp": [0.15413720677100567, 0.0, 0.0], "k_pid_vsp": [92.47994148328496, 31.203665054027844, 1e-06]}, "datetime": {"datetime": "2025-08-13 21:47:15", "elapsed": 43163.04092717171, "delta": 17.03290867805481}, "costs": {"total_cost": 199.7512831892418, "time_cost": 72.793, "final_distance_cost": 1.8087617755896548, "oscillation_cost": 29.01822577935184, "completition_cost": 0.0, "overshoot_cost": 51.92671575291606, "power_cost": 21.426586547851564, "noise_cost": 22.77799333353266, "n_waypoints_completed": 9, "tot_waypoints": 9}}
{"target": -183.36998833962903, "params": {"k_pid_pos": [0.8484915508112517, 0.0, 0.06074094742985221], "k_pid_alt": [1.9288194889890546, 0.0, 0.9519407493491359], "k_pid_att": [32.97149463280884, 3.5080726962447506, 0.26900403517204524], "k_pid_yaw": [0.5, 1e-06, 0.1], "k_pid_hsp": [0.08803298354697471, 0.0, 0.0], "k_pid_vsp": [16.95389874964323, 33.06039611948793, 1e-06]}, "datetime": {"datetime": "2025-08-13 21:47:33", "elapsed": 43181.00309610367, "delta": 17.96216893196106}, "costs": {"total_cost": 183.36998833962903, "time_cost": 71.659, "final_distance_cost": 1.8021419614437753, "oscillation_cost": 23.902566030847247, "completition_cost": 0.0, "overshoot_cost": 51.60294920401735, "power_cost": 13.333781567382813, "noise_cost": 21.069549575937835, "n_waypoints_completed": 9, "tot_waypoints": 9}}
{"target": -186.56730944965543, "params": {"k_pid_pos": [0.849288626017698, 0.0, 0.027186007100631786], "k_pid_alt": [1.932273331881576, 0.0, 0.9528362415917667], "k_pid_att": [33.05644037884593, 3.475323752543705, 0.26635696539215903], "k_pid_yaw": [0.5, 1e-06, 0.1], "k_pid_hsp": [0.10729317580149039, 0.0, 0.0], "k_pid_vsp": [80.62856485678762, 29.301690478621794, 1e-06]}, "datetime": {"datetime": "2025-08-13 21:47:49", "elapsed": 43197.82083106041, "delta": 16.817734956741333}, "costs": {"total_cost": 186.56730944965543, "time_cost": 71.512, "final_distance_cost": 1.7966898908451432, "oscillation_cost": 24.939913951810105, "completition_cost": 0.0, "overshoot_cost": 51.443817346137834, "power_cost": 15.335447827148439, "noise_cost": 21.539440433713885, "n_waypoints_completed": 9, "tot_waypoints": 9}}
{"target": -190.0003515320348, "params": {"k_pid_pos": [0.9826291022703592, 0.0, 0.054593227154020804], "k_pid_alt": [1.832794938750822, 0.0, 0.9528993458946229], "k_pid_att": [33.09580938240146, 3.4785365449055856, 0.28578774311839217], "k_pid_yaw": [0.5, 1e-06, 0.1], "k_pid_hsp": [0.06496538449243808, 0.0, 0.0], "k_pid_vsp": [86.96439984776212, 33.26982566139941, 1e-06]}, "datetime": {"datetime": "2025-08-13 21:48:09", "elapsed": 43217.74531912804, "delta": 19.924488067626953}, "costs": {"total_cost": 190.0003515320348, "time_cost": 75.943, "final_distance_cost": 1.7703138655774837, "oscillation_cost": 24.44639540796778, "completition_cost": 0.0, "overshoot_cost": 52.49481891059416, "power_cost": 13.393145251464844, "noise_cost": 21.952678096430546, "n_waypoints_completed": 9, "tot_waypoints": 9}}
