{"target": -185.33941695188756, "params": {"k_pid_pos": [0.9706289752466399, 0.0, 0.045961977247240784], "k_pid_alt": [1.8123906703488661, 0.0, 0.9263509932042102], "k_pid_att": [43.97511234430269, 3.4875483836835866, 0.3043704420175376], "k_pid_yaw": [0.5, 1e-06, 0.1], "k_pid_hsp": [0.09602292506863289, 0.0, 0.0], "k_pid_vsp": [75.79634951051733, 22.48551323527969, 1e-06]}, "datetime": {"datetime": "2025-08-13 19:27:41", "elapsed": 34789.88892579079, "delta": 17.872452974319458}, "costs": {"total_cost": 185.33941695188756, "time_cost": 71.834, "final_distance_cost": 1.7932067711394688, "oscillation_cost": 25.85775393555767, "completition_cost": 0.0, "overshoot_cost": 51.57778466127211, "power_cost": 13.370557104492189, "noise_cost": 20.906114479426122, "n_waypoints_completed": 9, "tot_waypoints": 9}}
{"target": -186.1321866841651, "params": {"k_pid_pos": [0.6974304308459821, 0.0, 0.06228543722696842], "k_pid_alt": [1.7925359770080005, 0.0, 1.0], "k_pid_att": [37.06628793557236, 3.509847502637333, 0.2773057700632093], "k_pid_yaw": [0.5, 1e-06, 0.1], "k_pid_hsp": [0.11222856527402222, 0.0, 0.0], "k_pid_vsp": [92.2654260985201, 30.15233275914037, 1e-06]}, "datetime": {"datetime": "2025-08-13 19:27:59", "elapsed": 34807.27598452568, "delta": 17.3870587348938}, "costs": {"total_cost": 186.1321866841651, "time_cost": 72.821, "final_distance_cost": 1.8128052056726558, "oscillation_cost": 23.40943728244402, "completition_cost": 0.0, "overshoot_cost": 51.68134297287655, "power_cost": 14.602337707519531, "noise_cost": 21.805263515652328, "n_waypoints_completed": 9, "tot_waypoints": 9}}
{"target": -188.75761489204888, "params": {"k_pid_pos": [0.7339018246486736, 0.0, 0.05567995500025276], "k_pid_alt": [1.838991387245434, 0.0, 0.9314376612870795], "k_pid_att": [31.47102008287199, 3.376019626591055, 0.3003185206266764], "k_pid_yaw": [0.5, 1e-06, 0.1], "k_pid_hsp": [0.19172143053130247, 0.0, 0.0], "k_pid_vsp": [112.82531773098738, 42.728939970610014, 1e-06]}, "datetime": {"datetime": "2025-08-13 19:28:16", "elapsed": 34824.40097618103, "delta": 17.12499165534973}, "costs": {"total_cost": 188.75761489204888, "time_cost": 72.555, "final_distance_cost": 1.8423087189541063, "oscillation_cost": 25.33208692503337, "completition_cost": 0.0, "overshoot_cost": 50.93803979604681, "power_cost": 16.04614161376953, "noise_cost": 22.044037838245067, "n_waypoints_completed": 9, "tot_waypoints": 9}}
{"target": -206.98564199869824, "params": {"k_pid_pos": [0.2516995296620492, 0.0, 0.0423605706547507], "k_pid_alt": [1.7674808466968608, 0.0, 0.945997862163021], "k_pid_att": [26.772391415240683, 3.1327961789275434, 0.2514198021186842], "k_pid_yaw": [0.5, 1e-06, 0.1], "k_pid_hsp": [0.06534757373090169, 0.0, 0.0], "k_pid_vsp": [119.57489806893955, 0.5784924039563943, 0.27285067144519987]}, "datetime": {"datetime": "2025-08-13 19:28:39", "elapsed": 34847.46845412254, "delta": 23.06747794151306}, "costs": {"total_cost": 206.98564199869824, "time_cost": 93.751, "final_distance_cost": 1.8506124437974751, "oscillation_cost": 11.665019270139892, "completition_cost": 0.0, "overshoot_cost": 58.240066216746165, "power_cost": 12.854542687988282, "noise_cost": 28.62440138002643, "n_waypoints_completed": 9, "tot_waypoints": 9}}
{"target": -195.93192060969457, "params": {"k_pid_pos": [0.7667186768396104, 0.008348838337889528, 0.005023229619074036], "k_pid_alt": [1.9582053723412272, 0.0, 0.914195977098076], "k_pid_att": [32.84907008137107, 3.46807953959782, 0.2881676461245915], "k_pid_yaw": [0.5, 1e-06, 0.1], "k_pid_hsp": [0.3665559418106038, 0.0, 0.0], "k_pid_vsp": [79.75820045190869, 30.523538776434872, 1e-06]}, "datetime": {"datetime": "2025-08-13 19:28:57", "elapsed": 34865.150999069214, "delta": 17.682544946670532}, "costs": {"total_cost": 195.93192060969457, "time_cost": 72.163, "final_distance_cost": 1.846002879774261, "oscillation_cost": 26.815459378245794, "completition_cost": 0.0, "overshoot_cost": 51.44455398890818, "power_cost": 20.51761519775391, "noise_cost": 23.145289165012432, "n_waypoints_completed": 9, "tot_waypoints": 9}}
{"target": -191.50257482786407, "params": {"k_pid_pos": [1.0495084461992188, 0.0, 0.06131432992155823], "k_pid_alt": [1.7422677362408638, 0.0, 0.9236635414149085], "k_pid_att": [32.393477967063795, 3.1219988069339406, 0.337227047308886], "k_pid_yaw": [0.5, 1e-06, 0.1], "k_pid_hsp": [0.20686170140503382, 0.0, 0.0], "k_pid_vsp": [81.72283054037695, 26.207599257221418, 1e-06]}, "datetime": {"datetime": "2025-08-13 19:29:14", "elapsed": 34882.89156508446, "delta": 17.74056601524353}, "costs": {"total_cost": 191.50257482786407, "time_cost": 71.036, "final_distance_cost": 1.8125933895791857, "oscillation_cost": 28.237629033328567, "completition_cost": 0.0, "overshoot_cost": 50.79571896074432, "power_cost": 17.734399926757813, "noise_cost": 21.886233517454173, "n_waypoints_completed": 9, "tot_waypoints": 9}}
{"target": -184.22888229544074, "params": {"k_pid_pos": [0.7139045507033353, 0.0, 0.055381954950034444], "k_pid_alt": [1.908451843224457, 0.0, 0.9416182287601688], "k_pid_att": [34.43690368270156, 3.3620364619149274, 0.2763482341869723], "k_pid_yaw": [0.5, 1e-06, 0.1], "k_pid_hsp": [0.14857060374285475, 0.0, 0.0], "k_pid_vsp": [101.95558094021916, 51.5382339168614, 1e-06]}, "datetime": {"datetime": "2025-08-13 19:29:32", "elapsed": 34900.54395985603, "delta": 17.652394771575928}, "costs": {"total_cost": 184.22888229544074, "time_cost": 71.883, "final_distance_cost": 1.835548309705726, "oscillation_cost": 24.717048388422896, "completition_cost": 0.0, "overshoot_cost": 51.12630011170469, "power_cost": 13.513185107421876, "noise_cost": 21.153800378185544, "n_waypoints_completed": 9, "tot_waypoints": 9}}
{"target": -185.55713576732558, "params": {"k_pid_pos": [0.9026591979364132, 0.0, 0.0], "k_pid_alt": [1.7090196224194127, 0.0, 0.9706315286769792], "k_pid_att": [35.098383601165054, 2.648680915950324, 0.29563097608010747], "k_pid_yaw": [0.5, 1e-06, 0.1], "k_pid_hsp": [0.19825964574468952, 0.0, 0.0], "k_pid_vsp": [73.6598722628395, 2.459365743447515, 1e-06]}, "datetime": {"datetime": "2025-08-13 19:29:49", "elapsed": 34917.90747046471, "delta": 17.363510608673096}, "costs": {"total_cost": 185.55713576732558, "time_cost": 72.73, "final_distance_cost": 1.8366081666710878, "oscillation_cost": 27.48689366334822, "completition_cost": 0.0, "overshoot_cost": 51.710954616083946, "power_cost": 11.34784041748047, "noise_cost": 20.444838903741857, "n_waypoints_completed": 9, "tot_waypoints": 9}}
{"target": -194.02826369736712, "params": {"k_pid_pos": [0.9301586009164599, 0.0, 0.07756603983057571], "k_pid_alt": [1.9302064815816116, 0.0, 0.9516930313457275], "k_pid_att": [32.17112558681373, 3.424688927910422, 0.2520856306046924], "k_pid_yaw": [0.5, 1e-06, 0.1], "k_pid_hsp": [0.13643952186698904, 0.0, 0.0], "k_pid_vsp": [70.6089166840076, 24.442380737530993, 1e-06]}, "datetime": {"datetime": "2025-08-13 19:30:07", "elapsed": 34935.85010552406, "delta": 17.94263505935669}, "costs": {"total_cost": 194.02826369736712, "time_cost": 72.121, "final_distance_cost": 1.8261444246491372, "oscillation_cost": 25.830752712911153, "completition_cost": 0.0, "overshoot_cost": 52.19769230491705, "power_cost": 19.453465527343752, "noise_cost": 22.59920872754604, "n_waypoints_completed": 9, "tot_waypoints": 9}}
{"target": -181.67767640885438, "params": {"k_pid_pos": [0.7915515870227479, 0.0, 0.056759431002892574], "k_pid_alt": [1.8149164238124655, 0.0, 0.9569950241213652], "k_pid_att": [34.568357478444156, 3.4356601457672107, 0.2622623982717915], "k_pid_yaw": [0.5, 1e-06, 0.1], "k_pid_hsp": [0.2227723332651774, 0.0, 0.0], "k_pid_vsp": [61.00804284736634, 45.11645731126045, 1e-06]}, "datetime": {"datetime": "2025-08-13 19:30:25", "elapsed": 34953.10364460945, "delta": 17.253539085388184}, "costs": {"total_cost": 181.67767640885438, "time_cost": 71.624, "final_distance_cost": 1.8429475653373304, "oscillation_cost": 26.423145439248003, "completition_cost": 0.0, "overshoot_cost": 50.144868409424326, "power_cost": 11.180570825195312, "noise_cost": 20.46214416964944, "n_waypoints_completed": 9, "tot_waypoints": 9}}
{"target": -193.31512074581715, "params": {"k_pid_pos": [0.842037697922203, 0.0, 0.07674792387423605], "k_pid_alt": [1.7097976637341996, 0.0, 0.9477567805122561], "k_pid_att": [33.53249104633693, 3.6263528335623847, 0.734087868524572], "k_pid_yaw": [0.5, 1e-06, 0.1], "k_pid_hsp": [0.22853136341881736, 0.0, 0.0], "k_pid_vsp": [77.2378094004275, 17.562947960849268, 1e-06]}, "datetime": {"datetime": "2025-08-13 19:30:42", "elapsed": 34970.799216508865, "delta": 17.695571899414062}, "costs": {"total_cost": 193.31512074581715, "time_cost": 72.33800000000001, "final_distance_cost": 1.8442902788369966, "oscillation_cost": 26.357351238739355, "completition_cost": 0.0, "overshoot_cost": 51.66451440388651, "power_cost": 18.373576586914062, "noise_cost": 22.73738823744022, "n_waypoints_completed": 9, "tot_waypoints": 9}}
{"target": -196.32271724505424, "params": {"k_pid_pos": [0.6132154956099245, 0.0, 0.14010166841098284], "k_pid_alt": [1.763052945293785, 0.0, 0.9252937819291375], "k_pid_att": [35.031613211780794, 3.066616513100312, 0.2679838052324335], "k_pid_yaw": [0.5, 1e-06, 0.1], "k_pid_hsp": [0.2345630427040381, 0.0, 0.0], "k_pid_vsp": [48.02215508853706, 33.84542705613435, 1e-06]}, "datetime": {"datetime": "2025-08-13 19:31:01", "elapsed": 34989.55621790886, "delta": 18.757001399993896}, "costs": {"total_cost": 196.32271724505424, "time_cost": 77.861, "final_distance_cost": 1.8518207325629212, "oscillation_cost": 24.972378037926156, "completition_cost": 0.0, "overshoot_cost": 51.25385132886779, "power_cost": 16.244519189453126, "noise_cost": 24.13914795624424, "n_waypoints_completed": 9, "tot_waypoints": 9}}
{"target": -193.13691424008556, "params": {"k_pid_pos": [1.0107497019550853, 0.0, 0.08884359033696905], "k_pid_alt": [1.9691522355653148, 0.0, 0.9420893689613871], "k_pid_att": [35.63826134574901, 3.4004058183203054, 0.27467018163232254], "k_pid_yaw": [0.5, 1e-06, 0.1], "k_pid_hsp": [0.23858036307456812, 0.0, 0.0], "k_pid_vsp": [46.708992193546536, 41.67858764204484, 1e-06]}, "datetime": {"datetime": "2025-08-13 19:31:18", "elapsed": 35006.22533392906, "delta": 16.669116020202637}, "costs": {"total_cost": 193.13691424008556, "time_cost": 70.868, "final_distance_cost": 1.8430835679024937, "oscillation_cost": 27.77629797774307, "completition_cost": 0.0, "overshoot_cost": 50.96860082909645, "power_cost": 19.450167529296877, "noise_cost": 22.23076433604667, "n_waypoints_completed": 9, "tot_waypoints": 9}}
{"target": -185.51891792581912, "params": {"k_pid_pos": [0.8133715293015673, 0.0, 0.05018572315056402], "k_pid_alt": [1.9892025848882062, 0.0, 0.9442023820253098], "k_pid_att": [33.85762866687398, 3.4133095709887002, 0.2628077661085854], "k_pid_yaw": [0.5, 1e-06, 0.1], "k_pid_hsp": [0.24940618089181363, 0.0, 0.0], "k_pid_vsp": [79.2612235818447, 27.37750527258273, 1e-06]}, "datetime": {"datetime": "2025-08-13 19:31:35", "elapsed": 35023.91310214996, "delta": 17.68776822090149}, "costs": {"total_cost": 185.51891792581912, "time_cost": 71.302, "final_distance_cost": 1.8382238774018669, "oscillation_cost": 26.67361623158426, "completition_cost": 0.0, "overshoot_cost": 50.59322294792951, "power_cost": 13.768356188964844, "noise_cost": 21.343498679938623, "n_waypoints_completed": 9, "tot_waypoints": 9}}
{"target": -182.0938631208892, "params": {"k_pid_pos": [0.7847510967101645, 0.0, 0.07832621628204257], "k_pid_alt": [1.877624383720424, 0.0, 0.8881251104082284], "k_pid_att": [34.442677814613916, 3.511924885693419, 0.27964407655125123], "k_pid_yaw": [0.5, 1e-06, 0.1], "k_pid_hsp": [0.08952931093710592, 0.0, 0.0], "k_pid_vsp": [23.045245301801103, 40.0363881316431, 1e-06]}, "datetime": {"datetime": "2025-08-13 19:31:52", "elapsed": 35040.53063297272, "delta": 16.617530822753906}, "costs": {"total_cost": 182.0938631208892, "time_cost": 71.848, "final_distance_cost": 1.8107420711402178, "oscillation_cost": 23.032997438940956, "completition_cost": 0.0, "overshoot_cost": 52.091247475847375, "power_cost": 12.590468298339845, "noise_cost": 20.72040783662081, "n_waypoints_completed": 9, "tot_waypoints": 9}}
{"target": -195.97191480059587, "params": {"k_pid_pos": [0.9342930094368211, 0.0, 0.11450026758027747], "k_pid_alt": [1.9147062997429163, 0.0, 0.9393925450759614], "k_pid_att": [31.42535937373844, 3.7739818663461073, 0.27353463167615233], "k_pid_yaw": [0.5, 1e-06, 0.1], "k_pid_hsp": [0.28928073813937505, 0.0, 0.0], "k_pid_vsp": [128.40042513334015, 37.83426835259904, 1e-06]}, "datetime": {"datetime": "2025-08-13 19:32:09", "elapsed": 35057.93694400787, "delta": 17.40631103515625}, "costs": {"total_cost": 195.97191480059587, "time_cost": 71.918, "final_distance_cost": 1.8406071528991579, "oscillation_cost": 27.16301963161397, "completition_cost": 0.0, "overshoot_cost": 51.31396576878282, "power_cost": 20.770110449218752, "noise_cost": 22.966211798081172, "n_waypoints_completed": 9, "tot_waypoints": 9}}
{"target": -235.19170746704634, "params": {"k_pid_pos": [0.8615995247771534, 0.0, 0.032642942085157514], "k_pid_alt": [1.8139277055793617, 0.0, 0.9465281378759831], "k_pid_att": [32.81383020715623, 3.507065370338003, 0.24797499187439567], "k_pid_yaw": [0.5, 1e-06, 0.1], "k_pid_hsp": [0.028943957680407917, 0.0, 0.0], "k_pid_vsp": [103.88629587382385, 21.454176474347825, 1e-06]}, "datetime": {"datetime": "2025-08-13 19:32:34", "elapsed": 35082.6870701313, "delta": 24.750126123428345}, "costs": {"total_cost": 235.19170746704634, "time_cost": 103.705, "final_distance_cost": 1.7871582717707626, "oscillation_cost": 14.038725699183598, "completition_cost": 0.0, "overshoot_cost": 64.68198979780706, "power_cost": 19.654419921875, "noise_cost": 31.324413776409934, "n_waypoints_completed": 9, "tot_waypoints": 9}}
{"target": -196.1910735483492, "params": {"k_pid_pos": [0.7287166432340718, 0.0, 0.05500712292004105], "k_pid_alt": [1.6846753827681165, 0.0, 0.947929661751523], "k_pid_att": [32.653043099142494, 3.287571512690735, 0.28622057386721356], "k_pid_yaw": [0.5, 1e-06, 0.1], "k_pid_hsp": [0.24913991168018168, 0.0, 0.0], "k_pid_vsp": [6.3165455590000334, 86.21886836950071, 1e-06]}, "datetime": {"datetime": "2025-08-13 19:32:51", "elapsed": 35099.89962220192, "delta": 17.212552070617676}, "costs": {"total_cost": 196.1910735483492, "time_cost": 73.19200000000001, "final_distance_cost": 1.843444536779056, "oscillation_cost": 30.99267405091601, "completition_cost": 0.0, "overshoot_cost": 51.33825743461374, "power_cost": 17.007081811523438, "noise_cost": 21.81761571451692, "n_waypoints_completed": 9, "tot_waypoints": 9}}
{"target": -181.24453468935783, "params": {"k_pid_pos": [0.696189442385786, 0.0, 0.09886789097508722], "k_pid_alt": [2.0, 0.0, 0.9468880647790657], "k_pid_att": [28.049462392370902, 3.948157175066061, 0.2306280496451485], "k_pid_yaw": [0.5, 1e-06, 0.1], "k_pid_hsp": [0.11013697731660871, 0.0, 0.0], "k_pid_vsp": [78.77819251096521, 45.19850571317038, 1e-06]}, "datetime": {"datetime": "2025-08-13 19:33:09", "elapsed": 35117.6255171299, "delta": 17.725894927978516}, "costs": {"total_cost": 181.24453468935783, "time_cost": 72.058, "final_distance_cost": 1.8212745367651033, "oscillation_cost": 23.079845371974514, "completition_cost": 0.0, "overshoot_cost": 51.18426139589561, "power_cost": 12.204673010253908, "noise_cost": 20.896480374468695, "n_waypoints_completed": 9, "tot_waypoints": 9}}
{"target": -179.52313864998337, "params": {"k_pid_pos": [0.6307586843037762, 0.0, 0.010387497558327123], "k_pid_alt": [1.9097795389778025, 0.0, 0.9685933048707709], "k_pid_att": [32.44471555164691, 3.842078685785472, 0.2539768374920478], "k_pid_yaw": [0.5, 1e-06, 0.1], "k_pid_hsp": [0.1214819967358164, 0.0, 0.0], "k_pid_vsp": [122.64724713531737, 38.37160889291556, 1e-06]}, "datetime": {"datetime": "2025-08-13 19:33:27", "elapsed": 35135.48584008217, "delta": 17.860322952270508}, "costs": {"total_cost": 179.52313864998337, "time_cost": 72.408, "final_distance_cost": 1.8257329940710787, "oscillation_cost": 23.57670118160229, "completition_cost": 0.0, "overshoot_cost": 51.04912644275905, "power_cost": 10.323766967773437, "noise_cost": 20.339811063777532, "n_waypoints_completed": 9, "tot_waypoints": 9}}
{"target": -194.6165431048452, "params": {"k_pid_pos": [0.8738655479252507, 0.0, 0.08019448438574912], "k_pid_alt": [1.8499744972547194, 0.0, 0.9573879021014372], "k_pid_att": [34.09815752915454, 3.382373295380031, 0.22680788895427506], "k_pid_yaw": [0.5, 1e-06, 0.1], "k_pid_hsp": [0.13340503657721453, 0.0, 0.0], "k_pid_vsp": [112.55187891580849, 30.469916041470853, 1e-06]}, "datetime": {"datetime": "2025-08-13 19:33:45", "elapsed": 35153.30621814728, "delta": 17.820378065109253}, "costs": {"total_cost": 194.6165431048452, "time_cost": 72.21900000000001, "final_distance_cost": 1.8077003177073827, "oscillation_cost": 25.540889203123054, "completition_cost": 0.0, "overshoot_cost": 52.06563084424581, "power_cost": 20.37767469482422, "noise_cost": 22.605648044944736, "n_waypoints_completed": 9, "tot_waypoints": 9}}
{"target": -182.6774128145427, "params": {"k_pid_pos": [1.0562609174534856, 0.0, 0.05620191453249948], "k_pid_alt": [1.7798575913652313, 0.0, 0.9436783189841041], "k_pid_att": [29.545425698692746, 3.1991458812076337, 0.27793015015392764], "k_pid_yaw": [0.5, 1e-06, 0.1], "k_pid_hsp": [0.09953724609962415, 0.0, 0.0], "k_pid_vsp": [144.5894813829792, 31.459654522808535, 1e-06]}, "datetime": {"datetime": "2025-08-13 19:34:02", "elapsed": 35170.853219509125, "delta": 17.547001361846924}, "costs": {"total_cost": 182.6774128145427, "time_cost": 71.687, "final_distance_cost": 1.8067495369480062, "oscillation_cost": 26.731442228685697, "completition_cost": 0.0, "overshoot_cost": 51.4948485351159, "power_cost": 10.84610906982422, "noise_cost": 20.111263443968873, "n_waypoints_completed": 9, "tot_waypoints": 9}}
{"target": -192.97610774551208, "params": {"k_pid_pos": [1.0894459823961997, 0.0, 0.06418285200444332], "k_pid_alt": [2.0, 0.0, 0.9555732944306987], "k_pid_att": [34.89627602197305, 3.476772169262582, 0.27525148377408826], "k_pid_yaw": [0.5, 1e-06, 0.1], "k_pid_hsp": [0.23656966373291882, 0.0, 0.0], "k_pid_vsp": [83.14964833794212, 22.677256285049904, 1e-06]}, "datetime": {"datetime": "2025-08-13 19:34:19", "elapsed": 35187.61262154579, "delta": 16.75940203666687}, "costs": {"total_cost": 192.97610774551208, "time_cost": 70.784, "final_distance_cost": 1.8260557807846574, "oscillation_cost": 29.15760126142622, "completition_cost": 0.0, "overshoot_cost": 51.34863947472119, "power_cost": 17.90195654296875, "noise_cost": 21.957854685611277, "n_waypoints_completed": 9, "tot_waypoints": 9}}
{"target": -192.78773480978595, "params": {"k_pid_pos": [0.6992855896520804, 0.0, 0.05872287177624583], "k_pid_alt": [1.6698601714539587, 0.0, 0.9293898709616139], "k_pid_att": [33.981975768192775, 3.8542765691231087, 0.2768990964273106], "k_pid_yaw": [0.5, 1e-06, 0.1], "k_pid_hsp": [0.1499809118810631, 0.0, 0.0], "k_pid_vsp": [139.27201254844357, 33.14551671359722, 1e-06]}, "datetime": {"datetime": "2025-08-13 19:34:37", "elapsed": 35205.75117135048, "delta": 18.1385498046875}, "costs": {"total_cost": 192.78773480978595, "time_cost": 73.409, "final_distance_cost": 1.8335991549369226, "oscillation_cost": 24.796980927167894, "completition_cost": 0.0, "overshoot_cost": 51.37950980074971, "power_cost": 18.590613427734375, "noise_cost": 22.77803149919702, "n_waypoints_completed": 9, "tot_waypoints": 9}}
{"target": -178.0552773865567, "params": {"k_pid_pos": [0.7574222799413266, 0.0, 0.05662208825651738], "k_pid_alt": [2.0, 0.0, 0.9602587373950323], "k_pid_att": [31.915755057206752, 3.4092108694325525, 0.2846619618112431], "k_pid_yaw": [0.5, 1e-06, 0.1], "k_pid_hsp": [0.0923684475641849, 0.0, 0.0], "k_pid_vsp": [69.13411327465784, 30.69079532228926, 1e-06]}, "datetime": {"datetime": "2025-08-13 19:34:54", "elapsed": 35222.77105784416, "delta": 17.01988649368286}, "costs": {"total_cost": 178.0552773865567, "time_cost": 71.848, "final_distance_cost": 1.8096358562772623, "oscillation_cost": 22.8958335931573, "completition_cost": 0.0, "overshoot_cost": 51.7729522582553, "power_cost": 9.753311096191407, "noise_cost": 19.97554458267545, "n_waypoints_completed": 9, "tot_waypoints": 9}}
{"target": -208.79703230445517, "params": {"k_pid_pos": [0.9582771098876133, 0.0, 0.08517352454949777], "k_pid_alt": [2.0, 0.0, 0.9318975342189421], "k_pid_att": [32.35782880975777, 3.5795741814874216, 0.26053888444822465], "k_pid_yaw": [0.5, 1e-06, 0.1], "k_pid_hsp": [0.06157496975563447, 0.0, 0.0], "k_pid_vsp": [135.39900268123733, 22.4618507553629, 1e-06]}, "datetime": {"datetime": "2025-08-13 19:35:13", "elapsed": 35241.624047756195, "delta": 18.85298991203308}, "costs": {"total_cost": 208.79703230445517, "time_cost": 77.581, "final_distance_cost": 1.7547545011766559, "oscillation_cost": 24.36185263355405, "completition_cost": 0.0, "overshoot_cost": 55.08617886905046, "power_cost": 24.916181481933595, "noise_cost": 25.097064818740385, "n_waypoints_completed": 9, "tot_waypoints": 9}}
{"target": -223.72830372015002, "params": {"k_pid_pos": [0.9280788608984888, 0.0, 0.024241533828269966], "k_pid_alt": [1.8470569408017523, 0.0, 0.9611057148412471], "k_pid_att": [30.043677372020312, 3.05250437882318, 0.2707457004745214], "k_pid_yaw": [0.5, 1e-06, 0.1], "k_pid_hsp": [0.21080980122828014, 0.0, 0.0], "k_pid_vsp": [135.2253497486472, 1e-06, 1e-06]}, "datetime": {"datetime": "2025-08-13 19:35:33", "elapsed": 35261.63167309761, "delta": 20.007625341415405}, "costs": {"total_cost": 223.72830372015002, "time_cost": 81.58500000000001, "final_distance_cost": 1.839292018828028, "oscillation_cost": 28.557975980315618, "completition_cost": 0.0, "overshoot_cost": 57.6430007667683, "power_cost": 27.180974060058595, "noise_cost": 26.92206089417948, "n_waypoints_completed": 9, "tot_waypoints": 9}}
