{"target": -185.20021616913053, "params": {"k_pid_pos": [0.879619233697065, 0.0, 0.1508223444285852], "k_pid_alt": [1.8098072571830968, 0.0, 0.9292304699073234], "k_pid_att": [29.509126170524443, 0.9094690976267621, 0.25731689360055776], "k_pid_yaw": [0.5, 1e-06, 0.1], "k_pid_hsp": [0.12425161979143766, 0.0, 0.0], "k_pid_vsp": [94.65088296442792, 24.372867371435845, 1e-06]}, "datetime": {"datetime": "2025-08-13 19:52:20", "elapsed": 36268.23485016823, "delta": 18.128146648406982}, "costs": {"total_cost": 185.20021616913053, "time_cost": 71.715, "final_distance_cost": 1.8216099895927007, "oscillation_cost": 25.013174176928807, "completition_cost": 0.0, "overshoot_cost": 51.46531065975123, "power_cost": 13.96405302734375, "noise_cost": 21.221068315514056, "n_waypoints_completed": 9, "tot_waypoints": 9}}
{"target": -201.3691889296829, "params": {"k_pid_pos": [0.8452053885394353, 0.0, 0.10450861602448387], "k_pid_alt": [1.692969064966529, 0.0, 0.9378091397129348], "k_pid_att": [35.84873128777451, 3.619868352003037, 0.2890134777500764], "k_pid_yaw": [0.5, 1e-06, 0.1], "k_pid_hsp": [0.049375611928735685, 0.0, 0.0], "k_pid_vsp": [133.0272324099767, 35.35139325906523, 1e-06]}, "datetime": {"datetime": "2025-08-13 19:52:39", "elapsed": 36287.629677057266, "delta": 19.394826889038086}, "costs": {"total_cost": 201.3691889296829, "time_cost": 81.08800000000001, "final_distance_cost": 1.7559785798653353, "oscillation_cost": 19.5304147589962, "completition_cost": 0.0, "overshoot_cost": 55.847321422585274, "power_cost": 18.310891723632814, "noise_cost": 24.836582444603255, "n_waypoints_completed": 9, "tot_waypoints": 9}}
{"target": -190.65400887934476, "params": {"k_pid_pos": [1.0484604251452236, 0.0, 0.057816288723092836], "k_pid_alt": [1.7787270140154237, 0.0, 0.9166563404958777], "k_pid_att": [34.51693728863805, 3.3527128090055593, 0.23863886723919717], "k_pid_yaw": [0.5, 1e-06, 0.1], "k_pid_hsp": [0.09847993775628736, 0.0, 0.0], "k_pid_vsp": [118.71802385414689, 31.13708971018269, 1e-06]}, "datetime": {"datetime": "2025-08-13 19:52:57", "elapsed": 36305.142035245895, "delta": 17.51235818862915}, "costs": {"total_cost": 190.65400887934476, "time_cost": 71.834, "final_distance_cost": 1.7997247114272352, "oscillation_cost": 26.639327669306315, "completition_cost": 0.0, "overshoot_cost": 52.06879834464803, "power_cost": 16.63730848388672, "noise_cost": 21.674849670076455, "n_waypoints_completed": 9, "tot_waypoints": 9}}
{"target": -179.03672388733608, "params": {"k_pid_pos": [0.8632102675346063, 0.0, 0.05973351756053763], "k_pid_alt": [1.946156958241789, 0.0, 0.9398455846942951], "k_pid_att": [33.86663813303627, 3.57133715373404, 0.2854340638036216], "k_pid_yaw": [0.5, 1e-06, 0.1], "k_pid_hsp": [0.13516639689273016, 0.0, 0.0], "k_pid_vsp": [107.89670287156162, 35.28139250674939, 1e-06]}, "datetime": {"datetime": "2025-08-13 19:53:14", "elapsed": 36322.48304080963, "delta": 17.341005563735962}, "costs": {"total_cost": 179.03672388733608, "time_cost": 70.728, "final_distance_cost": 1.8090921607825388, "oscillation_cost": 25.89548702154816, "completition_cost": 0.0, "overshoot_cost": 50.608186392538904, "power_cost": 10.201701892089844, "noise_cost": 19.79425642037662, "n_waypoints_completed": 9, "tot_waypoints": 9}}
{"target": -203.48402707817357, "params": {"k_pid_pos": [1.3203420511024375, 0.0, 0.06505121964770515], "k_pid_alt": [1.7338188862374113, 0.0, 0.9515770745249849], "k_pid_att": [36.37030937320337, 3.4382064820083684, 0.28028281766432583], "k_pid_yaw": [0.5, 1e-06, 0.1], "k_pid_hsp": [0.16294079953827656, 0.0, 0.0], "k_pid_vsp": [70.71847553860785, 37.42895097778937, 1e-06]}, "datetime": {"datetime": "2025-08-13 19:53:31", "elapsed": 36339.90063762665, "delta": 17.4175968170166}, "costs": {"total_cost": 203.48402707817357, "time_cost": 73.129, "final_distance_cost": 1.7800216507044648, "oscillation_cost": 31.420128901073696, "completition_cost": 0.0, "overshoot_cost": 51.960148518700976, "power_cost": 22.182913305664062, "noise_cost": 23.011814702030346, "n_waypoints_completed": 9, "tot_waypoints": 9}}
{"target": -187.06694548915092, "params": {"k_pid_pos": [0.9733034353226349, 0.0, 0.05225619856150229], "k_pid_alt": [1.804658632292982, 0.0, 0.9627789855810698], "k_pid_att": [38.63860746464747, 3.6332580059470674, 0.23365597509290967], "k_pid_yaw": [0.5, 1e-06, 0.1], "k_pid_hsp": [0.18908794942111448, 0.0, 0.0], "k_pid_vsp": [78.8280948893861, 10.423227382295641, 1e-06]}, "datetime": {"datetime": "2025-08-13 19:53:51", "elapsed": 36359.01715373993, "delta": 19.11651611328125}, "costs": {"total_cost": 187.06694548915092, "time_cost": 71.505, "final_distance_cost": 1.8277110424197938, "oscillation_cost": 27.670809827536555, "completition_cost": 0.0, "overshoot_cost": 51.21509393010462, "power_cost": 13.775423376464845, "noise_cost": 21.072907312625098, "n_waypoints_completed": 9, "tot_waypoints": 9}}
{"target": -200.62901400192376, "params": {"k_pid_pos": [1.0425052255487501, 0.0, 0.06185237487135666], "k_pid_alt": [1.739321511448456, 0.0, 0.9448111504943588], "k_pid_att": [35.52333974868942, 3.426978463079985, 0.2674403881499082], "k_pid_yaw": [0.5, 1e-06, 0.1], "k_pid_hsp": [0.20185732878585463, 0.0, 0.0], "k_pid_vsp": [0.0, 29.279659417951034, 1e-06]}, "datetime": {"datetime": "2025-08-13 19:54:08", "elapsed": 36376.711816072464, "delta": 17.69466233253479}, "costs": {"total_cost": 200.62901400192376, "time_cost": 74.837, "final_distance_cost": 1.8257928979032205, "oscillation_cost": 28.57817538661074, "completition_cost": 0.0, "overshoot_cost": 53.94116623479792, "power_cost": 17.355730407714844, "noise_cost": 24.09114907489704, "n_waypoints_completed": 9, "tot_waypoints": 9}}
{"target": -185.71191452794275, "params": {"k_pid_pos": [1.1897349966579174, 0.0, 0.049683805959363614], "k_pid_alt": [1.8015947344978664, 0.0, 0.9158392290742566], "k_pid_att": [34.26868164716236, 3.5201683842884837, 0.2829122172797073], "k_pid_yaw": [0.5, 1e-06, 0.1], "k_pid_hsp": [0.14216998059774322, 0.0, 0.0], "k_pid_vsp": [94.18587323836684, 33.732164300500614, 1e-06]}, "datetime": {"datetime": "2025-08-13 19:54:26", "elapsed": 36394.26774764061, "delta": 17.555931568145752}, "costs": {"total_cost": 185.71191452794275, "time_cost": 70.343, "final_distance_cost": 1.8127077950548676, "oscillation_cost": 29.385300827081537, "completition_cost": 0.0, "overshoot_cost": 51.03697422484772, "power_cost": 12.824655541992188, "noise_cost": 20.309276138966432, "n_waypoints_completed": 9, "tot_waypoints": 9}}
{"target": -194.58374576374376, "params": {"k_pid_pos": [0.7216533685138582, 0.0014663745377165444, 0.06274365141417029], "k_pid_alt": [1.508336754546188, 0.0, 0.9197515053695753], "k_pid_att": [32.429812841243105, 3.412470005587456, 0.2715119601494267], "k_pid_yaw": [0.5, 1e-06, 0.1], "k_pid_hsp": [0.2577194214899247, 0.0, 0.0], "k_pid_vsp": [114.6686122730244, 39.77303827419834, 1e-06]}, "datetime": {"datetime": "2025-08-13 19:54:44", "elapsed": 36412.197816610336, "delta": 17.930068969726562}, "costs": {"total_cost": 194.58374576374376, "time_cost": 74.795, "final_distance_cost": 1.8452169387248911, "oscillation_cost": 26.32238625831541, "completition_cost": 0.0, "overshoot_cost": 50.91476823512187, "power_cost": 17.57512595214844, "noise_cost": 23.131248379433156, "n_waypoints_completed": 9, "tot_waypoints": 9}}
{"target": -183.58831640811516, "params": {"k_pid_pos": [0.8122071674718194, 0.0, 0.09239910194873419], "k_pid_alt": [1.8232933687301578, 0.0, 0.9611140226181585], "k_pid_att": [42.10745656619302, 3.381380527485394, 0.2708771932711664], "k_pid_yaw": [0.5, 1e-06, 0.1], "k_pid_hsp": [0.3099454044296709, 0.0, 0.0], "k_pid_vsp": [132.11011174260133, 23.68867396892182, 1e-06]}, "datetime": {"datetime": "2025-08-13 19:55:01", "elapsed": 36429.78375172615, "delta": 17.58593511581421}, "costs": {"total_cost": 183.58831640811516, "time_cost": 72.786, "final_distance_cost": 1.8504183396784235, "oscillation_cost": 27.264589228836908, "completition_cost": 0.0, "overshoot_cost": 50.66076067753925, "power_cost": 10.348635522460938, "noise_cost": 20.67791263959963, "n_waypoints_completed": 9, "tot_waypoints": 9}}
{"target": -192.02888065377272, "params": {"k_pid_pos": [1.3296067188117329, 0.0, 0.04726600603268387], "k_pid_alt": [1.7042580278454134, 0.0, 0.9839492890038088], "k_pid_att": [32.198707488112525, 3.5162874155711097, 0.2555555526215562], "k_pid_yaw": [0.5, 1e-06, 0.1], "k_pid_hsp": [0.1344212623430607, 0.0, 0.0], "k_pid_vsp": [151.1309033850626, 39.73568414561595, 1e-06]}, "datetime": {"datetime": "2025-08-13 19:55:20", "elapsed": 36448.05338430405, "delta": 18.269632577896118}, "costs": {"total_cost": 192.02888065377272, "time_cost": 71.365, "final_distance_cost": 1.7797350018692382, "oscillation_cost": 30.187842016123597, "completition_cost": 0.0, "overshoot_cost": 51.473900839316215, "power_cost": 15.936292883300782, "noise_cost": 21.286109913162875, "n_waypoints_completed": 9, "tot_waypoints": 9}}
{"target": -190.40413958423272, "params": {"k_pid_pos": [0.8423403399625821, 0.0, 0.07494134359421432], "k_pid_alt": [1.6084105706335259, 0.0, 0.9645052089783018], "k_pid_att": [34.28179877822314, 3.590136504371632, 0.2602574632818075], "k_pid_yaw": [0.5, 1e-06, 0.1], "k_pid_hsp": [0.1526723695515722, 0.0, 0.0], "k_pid_vsp": [123.95549174762056, 56.648311411125746, 1e-06]}, "datetime": {"datetime": "2025-08-13 19:55:37", "elapsed": 36465.237439394, "delta": 17.18405508995056}, "costs": {"total_cost": 190.40413958423272, "time_cost": 72.065, "final_distance_cost": 1.8375058834909581, "oscillation_cost": 26.002785112383474, "completition_cost": 0.0, "overshoot_cost": 51.36662213251691, "power_cost": 17.2423068359375, "noise_cost": 21.88991961990385, "n_waypoints_completed": 9, "tot_waypoints": 9}}
{"target": -198.4547982902813, "params": {"k_pid_pos": [0.8089452752272024, 0.0, 0.023666237870850614], "k_pid_alt": [1.5887767127671788, 0.0, 0.9601472013874849], "k_pid_att": [30.833244382997147, 3.320399586245258, 0.2674356953139436], "k_pid_yaw": [0.5, 1e-06, 0.1], "k_pid_hsp": [0.13787731542149892, 0.0, 0.0], "k_pid_vsp": [118.02743240297082, 61.755785823757975, 0.3289390432616151]}, "datetime": {"datetime": "2025-08-13 19:55:55", "elapsed": 36483.58805632591, "delta": 18.350616931915283}, "costs": {"total_cost": 198.4547982902813, "time_cost": 74.095, "final_distance_cost": 1.8270930796864906, "oscillation_cost": 26.43375087838678, "completition_cost": 0.0, "overshoot_cost": 51.68342170341437, "power_cost": 21.272803442382813, "noise_cost": 23.142729186410875, "n_waypoints_completed": 9, "tot_waypoints": 9}}
{"target": -188.5926702670506, "params": {"k_pid_pos": [0.9140718506796655, 0.0, 0.03997099079261368], "k_pid_alt": [1.487824686254629, 0.0, 0.8737760825023659], "k_pid_att": [35.91929006429936, 3.360684044563217, 0.25711315874209295], "k_pid_yaw": [0.5, 1e-06, 0.1], "k_pid_hsp": [0.4173424025504932, 0.0, 0.0], "k_pid_vsp": [80.11647640234662, 28.992345620770735, 1e-06]}, "datetime": {"datetime": "2025-08-13 19:56:13", "elapsed": 36501.757220983505, "delta": 18.169164657592773}, "costs": {"total_cost": 188.5926702670506, "time_cost": 72.149, "final_distance_cost": 1.843674543918718, "oscillation_cost": 28.63141877465511, "completition_cost": 0.0, "overshoot_cost": 50.61236264663015, "power_cost": 13.981798205566406, "noise_cost": 21.374416096280225, "n_waypoints_completed": 9, "tot_waypoints": 9}}
{"target": -195.3635182299885, "params": {"k_pid_pos": [1.0910064234910488, 0.0, 0.06788303020643316], "k_pid_alt": [1.8795394036950062, 0.0, 0.9468915280415552], "k_pid_att": [35.33166626761979, 3.4418995154020706, 0.2415805839964582], "k_pid_yaw": [0.5, 1e-06, 0.1], "k_pid_hsp": [0.18797606725332539, 0.0, 0.0], "k_pid_vsp": [96.81690334459796, 24.83743293340287, 1e-06]}, "datetime": {"datetime": "2025-08-13 19:56:30", "elapsed": 36518.60689377785, "delta": 16.84967279434204}, "costs": {"total_cost": 195.3635182299885, "time_cost": 71.337, "final_distance_cost": 1.8270592514909096, "oscillation_cost": 28.406729055058232, "completition_cost": 0.0, "overshoot_cost": 51.573336494751146, "power_cost": 19.796911279296875, "noise_cost": 22.422482149391367, "n_waypoints_completed": 9, "tot_waypoints": 9}}
{"target": -188.41540588453012, "params": {"k_pid_pos": [1.0384790119863254, 0.0, 0.06643681872303021], "k_pid_alt": [1.4534418127635165, 0.0, 0.9415194863053741], "k_pid_att": [36.32397330771435, 3.4027643267073806, 0.25838890442612855], "k_pid_yaw": [0.5, 1e-06, 0.1], "k_pid_hsp": [0.22594358452874852, 0.0, 0.0], "k_pid_vsp": [150.16886453987115, 34.255101282080894, 1e-06]}, "datetime": {"datetime": "2025-08-13 19:56:48", "elapsed": 36536.36499118805, "delta": 17.758097410202026}, "costs": {"total_cost": 188.41540588453012, "time_cost": 71.883, "final_distance_cost": 1.8345526648557486, "oscillation_cost": 28.574929897326854, "completition_cost": 0.0, "overshoot_cost": 50.69631352946335, "power_cost": 14.392672619628907, "noise_cost": 21.033937173255254, "n_waypoints_completed": 9, "tot_waypoints": 9}}
{"target": -190.56438092274908, "params": {"k_pid_pos": [0.818703508468861, 0.0, 0.0441716196784382], "k_pid_alt": [1.9839580781069122, 0.0, 0.9611423343631751], "k_pid_att": [34.702215149112455, 3.4248581432073877, 0.25115131713979144], "k_pid_yaw": [0.5, 1e-06, 0.1], "k_pid_hsp": [0.06357342246913084, 0.0, 0.0], "k_pid_vsp": [183.92473662160714, 51.189222187751476, 1e-06]}, "datetime": {"datetime": "2025-08-13 19:57:06", "elapsed": 36554.1736471653, "delta": 17.808655977249146}, "costs": {"total_cost": 190.56438092274908, "time_cost": 76.44, "final_distance_cost": 1.8018076450025944, "oscillation_cost": 21.995845912083503, "completition_cost": 0.0, "overshoot_cost": 53.22720468526852, "power_cost": 14.518864038085939, "noise_cost": 22.580658642308507, "n_waypoints_completed": 9, "tot_waypoints": 9}}
{"target": -190.0736881351088, "params": {"k_pid_pos": [0.7898401751797237, 0.0, 0.06015651784656681], "k_pid_alt": [1.583229791345748, 0.0, 0.948039442249695], "k_pid_att": [37.88070738637645, 3.5560058617896884, 0.24046359491638158], "k_pid_yaw": [0.5, 1e-06, 0.1], "k_pid_hsp": [0.11466313636110664, 0.0, 0.0], "k_pid_vsp": [41.61798287191861, 29.43974150393317, 1e-06]}, "datetime": {"datetime": "2025-08-13 19:57:24", "elapsed": 36572.44993376732, "delta": 18.276286602020264}, "costs": {"total_cost": 190.0736881351088, "time_cost": 72.786, "final_distance_cost": 1.816109140094797, "oscillation_cost": 24.362103420984354, "completition_cost": 0.0, "overshoot_cost": 51.84045024899302, "power_cost": 17.244442895507813, "noise_cost": 22.02458242952883, "n_waypoints_completed": 9, "tot_waypoints": 9}}
{"target": -191.8253392425409, "params": {"k_pid_pos": [0.9564372149329232, 0.0, 0.06941701537293227], "k_pid_alt": [1.5771133792934222, 0.0, 0.9498427156239826], "k_pid_att": [34.0919964787955, 3.518075259881229, 0.2491021983882054], "k_pid_yaw": [0.5, 1e-06, 0.1], "k_pid_hsp": [0.134607639904507, 0.0, 0.0], "k_pid_vsp": [100.30410445132853, 49.08478950625218, 1e-06]}, "datetime": {"datetime": "2025-08-13 19:57:42", "elapsed": 36590.089502096176, "delta": 17.639568328857422}, "costs": {"total_cost": 191.8253392425409, "time_cost": 72.093, "final_distance_cost": 1.8047038560350839, "oscillation_cost": 26.57965240494033, "completition_cost": 0.0, "overshoot_cost": 51.36598337651135, "power_cost": 17.998748400878906, "noise_cost": 21.983251204175208, "n_waypoints_completed": 9, "tot_waypoints": 9}}
{"target": -185.35103118160507, "params": {"k_pid_pos": [0.8116934358944602, 0.0, 0.06352129878002596], "k_pid_alt": [1.7466426258561782, 0.0, 0.9376531353484664], "k_pid_att": [34.06240654522728, 3.5577947550776456, 0.7958714914766403], "k_pid_yaw": [0.5, 1e-06, 0.1], "k_pid_hsp": [0.13317694718689546, 0.0, 0.0], "k_pid_vsp": [117.17376995557233, 38.61432390827633, 1e-06]}, "datetime": {"datetime": "2025-08-13 19:57:58", "elapsed": 36606.61239480972, "delta": 16.522892713546753}, "costs": {"total_cost": 185.35103118160507, "time_cost": 71.792, "final_distance_cost": 1.8365193938939697, "oscillation_cost": 24.935459894687398, "completition_cost": 0.0, "overshoot_cost": 51.08139900235875, "power_cost": 14.381463476562502, "noise_cost": 21.32418941410244, "n_waypoints_completed": 9, "tot_waypoints": 9}}
{"target": -185.32715464806247, "params": {"k_pid_pos": [1.1107738001829377, 0.0, 0.027154395651041982], "k_pid_alt": [2.0, 0.0, 0.9952294631385896], "k_pid_att": [35.06541430001715, 3.7760603304527915, 0.24368554659056993], "k_pid_yaw": [0.5, 1e-06, 0.1], "k_pid_hsp": [0.14718525830772655, 0.0, 0.0], "k_pid_vsp": [154.7797920690986, 32.37913597680307, 1e-06]}, "datetime": {"datetime": "2025-08-13 19:58:16", "elapsed": 36623.988052368164, "delta": 17.375657558441162}, "costs": {"total_cost": 185.32715464806247, "time_cost": 70.378, "final_distance_cost": 1.7916553349895326, "oscillation_cost": 28.668401668708157, "completition_cost": 0.0, "overshoot_cost": 51.41237905675971, "power_cost": 12.598849243164063, "noise_cost": 20.477869344441014, "n_waypoints_completed": 9, "tot_waypoints": 9}}
{"target": -184.8006991775868, "params": {"k_pid_pos": [1.0982348985589934, 0.0, 0.059235229122154405], "k_pid_alt": [1.7681674089569324, 0.0, 0.9453876876553632], "k_pid_att": [34.049252849293985, 3.435440181887411, 0.24451153276777352], "k_pid_yaw": [0.5, 1e-06, 0.1], "k_pid_hsp": [0.10847875743929863, 0.0, 0.0], "k_pid_vsp": [180.49856326959548, 40.10889782140538, 1e-06]}, "datetime": {"datetime": "2025-08-13 19:58:33", "elapsed": 36641.07108592987, "delta": 17.083033561706543}, "costs": {"total_cost": 184.8006991775868, "time_cost": 71.435, "final_distance_cost": 1.7803925976733848, "oscillation_cost": 27.80789583192429, "completition_cost": 0.0, "overshoot_cost": 51.08035692258591, "power_cost": 12.202343164062501, "noise_cost": 20.49471066134071, "n_waypoints_completed": 9, "tot_waypoints": 9}}
{"target": -1252.202106775005, "params": {"k_pid_pos": [1.09713057351511, 0.0002549266279871892, 0.054674517773802264], "k_pid_alt": [1.8089566448771623, 0.0, 1.0], "k_pid_att": [36.29445482484523, 3.6363220586021328, 0.21950168113145757], "k_pid_yaw": [0.5, 1e-06, 0.1], "k_pid_hsp": [0.0001, 0.0, 0.0], "k_pid_vsp": [100.89000654080237, 27.769823683530728, 1e-06]}, "datetime": {"datetime": "2025-08-13 19:59:02", "elapsed": 36670.40865802765, "delta": 29.33757209777832}, "costs": {"total_cost": 1252.202106775005, "time_cost": 150, "final_distance_cost": 48.011655257571206, "oscillation_cost": 0.08420414960544269, "completition_cost": 888.8888888888888, "overshoot_cost": 103.8800156564239, "power_cost": 27.10186794433594, "noise_cost": 34.23547487817974, "n_waypoints_completed": 1, "tot_waypoints": 9}}
{"target": -185.53259252721338, "params": {"k_pid_pos": [1.0073625435555351, 0.0, 0.08303079817081897], "k_pid_alt": [1.730138812085705, 0.0, 0.9411625648296946], "k_pid_att": [34.286126940973915, 3.4301615723832564, 0.273628288461787], "k_pid_yaw": [0.5, 1e-06, 0.1], "k_pid_hsp": [0.1790106070772089, 0.0, 0.0], "k_pid_vsp": [82.7924133523225, 59.86650614262308, 1e-06]}, "datetime": {"datetime": "2025-08-13 19:59:19", "elapsed": 36687.73115038872, "delta": 17.322492361068726}, "costs": {"total_cost": 185.53259252721338, "time_cost": 70.553, "final_distance_cost": 1.8167264156347853, "oscillation_cost": 27.796818188285183, "completition_cost": 0.0, "overshoot_cost": 50.680301782244904, "power_cost": 13.855368493652344, "noise_cost": 20.830377647396148, "n_waypoints_completed": 9, "tot_waypoints": 9}}
{"target": -185.55042599482752, "params": {"k_pid_pos": [0.9356814081945103, 0.0, 0.04188771313829576], "k_pid_alt": [1.8076605882263264, 0.0, 0.8952881472589859], "k_pid_att": [42.618479202216825, 3.2095462979388754, 0.25606240021149584], "k_pid_yaw": [0.5, 1e-06, 0.1], "k_pid_hsp": [0.15354431516800096, 0.0, 0.0], "k_pid_vsp": [129.63936781908046, 32.356060081431856, 1e-06]}, "datetime": {"datetime": "2025-08-13 19:59:36", "elapsed": 36704.67348265648, "delta": 16.94233226776123}, "costs": {"total_cost": 185.55042599482752, "time_cost": 70.861, "final_distance_cost": 1.8141035902128317, "oscillation_cost": 26.932399017246546, "completition_cost": 0.0, "overshoot_cost": 51.39417619386698, "power_cost": 13.702108532714844, "noise_cost": 20.846638660786315, "n_waypoints_completed": 9, "tot_waypoints": 9}}
{"target": -186.68517892562346, "params": {"k_pid_pos": [1.017527032324464, 0.0, 0.030122273656509935], "k_pid_alt": [1.7229725369123627, 0.0, 0.9373443014193449], "k_pid_att": [30.31580924961211, 2.693662585540582, 0.259599787325538], "k_pid_yaw": [0.5, 1e-06, 0.1], "k_pid_hsp": [0.3301681917060931, 0.0, 0.0], "k_pid_vsp": [98.54577230747661, 26.375782920625046, 1e-06]}, "datetime": {"datetime": "2025-08-13 19:59:54", "elapsed": 36722.85120487213, "delta": 18.177722215652466}, "costs": {"total_cost": 186.68517892562346, "time_cost": 70.581, "final_distance_cost": 1.831088939715503, "oscillation_cost": 29.385268291631263, "completition_cost": 0.0, "overshoot_cost": 50.66109113209444, "power_cost": 13.398587670898438, "noise_cost": 20.82814289128379, "n_waypoints_completed": 9, "tot_waypoints": 9}}
{"target": -194.11591363515922, "params": {"k_pid_pos": [0.6464896251417446, 0.0, 0.06461392707950107], "k_pid_alt": [1.9293442502174873, 0.0, 0.9245814009616419], "k_pid_att": [37.03346392339571, 3.351320895378543, 0.2635092809096261], "k_pid_yaw": [0.5, 1e-06, 0.1], "k_pid_hsp": [0.25310507102017255, 0.0, 0.0], "k_pid_vsp": [26.535780337736057, 28.30268690009104, 5.092577605118638]}, "datetime": {"datetime": "2025-08-13 20:00:13", "elapsed": 36740.97568130493, "delta": 18.124476432800293}, "costs": {"total_cost": 194.11591363515922, "time_cost": 75.376, "final_distance_cost": 1.8502128015067099, "oscillation_cost": 25.47130209923577, "completition_cost": 0.0, "overshoot_cost": 50.971206988954286, "power_cost": 16.862169897460937, "noise_cost": 23.585021848001503, "n_waypoints_completed": 9, "tot_waypoints": 9}}
