{"target": -194.42565801351643, "params": {"k_pid_pos": [1.0099388330122618, 0.04460503700616621, 0.04491178698805682], "k_pid_alt": [1.6576240064974233, 0.0, 0.9744224806569683], "k_pid_att": [35.28661131257101, 2.9897254359454735, 0.22508462326373813], "k_pid_yaw": [0.5, 1e-06, 0.1], "k_pid_hsp": [1.600261378584948, 0.02135169958559812, 0.0], "k_pid_vsp": [130.12037716442964, 1e-06, 5.493899803786119]}, "datetime": {"datetime": "2025-08-13 14:53:31", "elapsed": 18339.343574523926, "delta": 17.34035873413086}, "costs": {"total_cost": 194.42565801351643, "time_cost": 72.31700000000001, "final_distance_cost": 1.847105745977718, "oscillation_cost": 32.417812037982394, "completition_cost": 0.0, "overshoot_cost": 51.22111693148732, "power_cost": 14.775136291503907, "noise_cost": 21.84748700656507, "n_waypoints_completed": 9, "tot_waypoints": 9}}
{"target": -1245.739385050041, "params": {"k_pid_pos": [1.55592746915893, 0.0, 0.031523476840584], "k_pid_alt": [1.6158143770427198, 0.0, 0.9750378609389263], "k_pid_att": [18.4156508931867, 3.2569855971903254, 0.2641937824972533], "k_pid_yaw": [0.5, 1e-06, 0.1], "k_pid_hsp": [0.0001, 0.0, 0.0], "k_pid_vsp": [168.13262653966217, 11.71069424293581, 0.6624410452619105]}, "datetime": {"datetime": "2025-08-13 14:54:01", "elapsed": 18369.15684056282, "delta": 29.813266038894653}, "costs": {"total_cost": 1245.739385050041, "time_cost": 150, "final_distance_cost": 48.8309236438958, "oscillation_cost": 0.00585765676285643, "completition_cost": 888.8888888888888, "overshoot_cost": 106.18590924108788, "power_cost": 19.274475085449218, "noise_cost": 32.55333053395643, "n_waypoints_completed": 1, "tot_waypoints": 9}}
{"target": -192.87989820200013, "params": {"k_pid_pos": [1.1586187409245505, 0.01860494203429615, 0.04410855970400741], "k_pid_alt": [1.5432083254982627, 0.0, 0.9775514005273577], "k_pid_att": [25.85693103556914, 3.3424834445891634, 0.2195753331133231], "k_pid_yaw": [0.5, 1e-06, 0.1], "k_pid_hsp": [0.40306255372909805, 0.0, 0.0], "k_pid_vsp": [100.98823271528765, 24.021487432701093, 0.3866421505090858]}, "datetime": {"datetime": "2025-08-13 14:54:18", "elapsed": 18386.15759420395, "delta": 17.00075364112854}, "costs": {"total_cost": 192.87989820200013, "time_cost": 71.561, "final_distance_cost": 1.8357895560834212, "oscillation_cost": 30.704372385630457, "completition_cost": 0.0, "overshoot_cost": 50.62827116160363, "power_cost": 16.66720867919922, "noise_cost": 21.483256419483418, "n_waypoints_completed": 9, "tot_waypoints": 9}}
{"target": -1472.4273927891948, "params": {"k_pid_pos": [1.0997214632134922, 0.0, 0.05384589270479626], "k_pid_alt": [1.6785148056247863, 0.0, 1.0], "k_pid_att": [31.04449624723715, 3.044653906519149, 0.21738327033588642], "k_pid_yaw": [0.5, 1e-06, 0.1], "k_pid_hsp": [0.21729401662431677, 0.0, 0.0], "k_pid_vsp": [0.0, 15.071370067993024, 1e-06]}, "datetime": {"datetime": "2025-08-13 14:54:47", "elapsed": 18415.403255224228, "delta": 29.24566102027893}, "costs": {"total_cost": 1472.4273927891948, "time_cost": 150, "final_distance_cost": 1.0000000000000018, "oscillation_cost": 3.689524444826761, "completition_cost": 1000.0, "overshoot_cost": 160.21842997262456, "power_cost": 19.754635778808595, "noise_cost": 137.76480259293504, "n_waypoints_completed": 0, "tot_waypoints": 9}}
{"target": -333.5319378499671, "params": {"k_pid_pos": [1.3036983367195814, 0.018348026659461964, 0.17896761068434636], "k_pid_alt": [1.5069511380688494, 0.0, 0.98496452048987], "k_pid_att": [4.8880687934275215, 4.74049243542677, 0.23541101859757427], "k_pid_yaw": [0.5, 1e-06, 0.1], "k_pid_hsp": [0.0001, 0.7940933071647897, 0.1490096381615136], "k_pid_vsp": [241.3828683539716, 172.0451307456481, 1e-06]}, "datetime": {"datetime": "2025-08-13 14:55:09", "elapsed": 18437.789494037628, "delta": 22.38623881340027}, "costs": {"total_cost": 333.5319378499671, "time_cost": 92.68, "final_distance_cost": 1.7782692308249521, "oscillation_cost": 106.90325023242497, "completition_cost": 0.0, "overshoot_cost": 75.78568904447698, "power_cost": 27.368008520507814, "noise_cost": 29.016720821732378, "n_waypoints_completed": 9, "tot_waypoints": 9}}
{"target": -191.81906197077635, "params": {"k_pid_pos": [1.1597771014442688, 0.0, 0.37240569387741274], "k_pid_alt": [1.5173983255765404, 0.0, 0.9920101251588901], "k_pid_att": [36.18152685716075, 4.582618340779028, 0.250334694592694], "k_pid_yaw": [0.5, 1e-06, 0.1], "k_pid_hsp": [0.36942127462687235, 0.026512829009338573, 0.0], "k_pid_vsp": [153.5221443881919, 15.251869122014359, 1e-06]}, "datetime": {"datetime": "2025-08-13 14:55:27", "elapsed": 18455.58959698677, "delta": 17.800102949142456}, "costs": {"total_cost": 191.81906197077635, "time_cost": 73.381, "final_distance_cost": 1.8449310925428315, "oscillation_cost": 29.59721888458693, "completition_cost": 0.0, "overshoot_cost": 50.803453581659795, "power_cost": 14.407847619628907, "noise_cost": 21.784610792357885, "n_waypoints_completed": 9, "tot_waypoints": 9}}
{"target": -189.50651544580893, "params": {"k_pid_pos": [1.0740815638689367, 0.0, 0.06080517097748283], "k_pid_alt": [1.573731631682166, 0.0, 0.9616240199830379], "k_pid_att": [33.36547251782096, 3.3438167586521232, 0.2486622802812724], "k_pid_yaw": [0.5, 1e-06, 0.1], "k_pid_hsp": [0.3059518169827419, 0.0, 0.0], "k_pid_vsp": [127.04188078679816, 11.569537019414243, 1e-06]}, "datetime": {"datetime": "2025-08-13 14:55:45", "elapsed": 18473.035496234894, "delta": 17.44589924812317}, "costs": {"total_cost": 189.50651544580893, "time_cost": 71.89, "final_distance_cost": 1.843213407944294, "oscillation_cost": 29.30929041708792, "completition_cost": 0.0, "overshoot_cost": 50.9477039743525, "power_cost": 14.263787805175783, "noise_cost": 21.252519841248432, "n_waypoints_completed": 9, "tot_waypoints": 9}}
{"target": -187.1832787098027, "params": {"k_pid_pos": [1.1086151024879056, 0.0, 0.07848715421043981], "k_pid_alt": [1.6276521900966134, 0.0, 0.9342772277258033], "k_pid_att": [34.49294761912316, 3.657142699496548, 0.22949188769400014], "k_pid_yaw": [0.5, 1e-06, 0.1], "k_pid_hsp": [0.22614909600366287, 0.0, 0.0], "k_pid_vsp": [97.99206413886047, 40.290320333882306, 1e-06]}, "datetime": {"datetime": "2025-08-13 14:56:02", "elapsed": 18490.080949783325, "delta": 17.045453548431396}, "costs": {"total_cost": 187.1832787098027, "time_cost": 70.721, "final_distance_cost": 1.840556536817104, "oscillation_cost": 29.15880784375185, "completition_cost": 0.0, "overshoot_cost": 50.10487929857313, "power_cost": 14.388014379882813, "noise_cost": 20.9700206507778, "n_waypoints_completed": 9, "tot_waypoints": 9}}
{"target": -188.62058518442842, "params": {"k_pid_pos": [1.0317107340351437, 0.0, 0.0745354135932604], "k_pid_alt": [1.6165612881835265, 0.0, 0.9420108408372344], "k_pid_att": [37.17108993854237, 3.810286272554939, 1.0], "k_pid_yaw": [0.5, 1e-06, 0.1], "k_pid_hsp": [0.325322868101148, 0.0, 0.0], "k_pid_vsp": [122.81627571677569, 25.273237220998073, 1e-06]}, "datetime": {"datetime": "2025-08-13 14:56:19", "elapsed": 18507.053891420364, "delta": 16.972941637039185}, "costs": {"total_cost": 188.62058518442842, "time_cost": 71.32300000000001, "final_distance_cost": 1.8447318977229306, "oscillation_cost": 29.01394734185531, "completition_cost": 0.0, "overshoot_cost": 50.475231123533945, "power_cost": 14.677349951171875, "noise_cost": 21.286324870144337, "n_waypoints_completed": 9, "tot_waypoints": 9}}
{"target": -188.7548748833962, "params": {"k_pid_pos": [1.3576326960265084, 0.0, 0.0653772690071292], "k_pid_alt": [1.6183786675532381, 0.0, 0.9545858775603182], "k_pid_att": [36.65786470397775, 3.3441068928179662, 0.285152979449556], "k_pid_yaw": [0.5, 1e-06, 0.1], "k_pid_hsp": [0.27123494478788673, 0.0, 0.0], "k_pid_vsp": [123.82754703573032, 21.469229875633282, 1e-06]}, "datetime": {"datetime": "2025-08-13 14:56:36", "elapsed": 18524.19369649887, "delta": 17.13980507850647}, "costs": {"total_cost": 188.7548748833962, "time_cost": 71.029, "final_distance_cost": 1.8081130259352267, "oscillation_cost": 30.894654125227085, "completition_cost": 0.0, "overshoot_cost": 50.78133243626321, "power_cost": 13.6643296875, "noise_cost": 20.57744560847068, "n_waypoints_completed": 9, "tot_waypoints": 9}}
{"target": -193.56388412082785, "params": {"k_pid_pos": [1.1450526002660204, 0.0, 0.07623010204726001], "k_pid_alt": [1.6277243377318, 0.0, 0.9471441513443399], "k_pid_att": [35.792841849922425, 3.3385969450453237, 0.24997430253545644], "k_pid_yaw": [0.5, 1e-06, 0.1], "k_pid_hsp": [0.23711484056095009, 0.0, 0.0], "k_pid_vsp": [133.07461465798184, 1e-06, 1e-06]}, "datetime": {"datetime": "2025-08-13 14:56:53", "elapsed": 18541.494259119034, "delta": 17.300562620162964}, "costs": {"total_cost": 193.56388412082785, "time_cost": 72.31, "final_distance_cost": 1.8238404886207173, "oscillation_cost": 29.36831841867833, "completition_cost": 0.0, "overshoot_cost": 51.86556792154057, "power_cost": 16.170403259277343, "noise_cost": 22.02575403271089, "n_waypoints_completed": 9, "tot_waypoints": 9}}
{"target": -192.34024631493773, "params": {"k_pid_pos": [1.151330815893785, 0.032648972454707284, 0.05553031984475204], "k_pid_alt": [1.6421339729480893, 0.0, 0.9430803244882905], "k_pid_att": [31.242737046945926, 3.3536156151356153, 0.2579663097455631], "k_pid_yaw": [0.5, 1e-06, 0.1], "k_pid_hsp": [0.2427547176243046, 0.0, 0.0], "k_pid_vsp": [125.53722016263052, 6.135550097978741, 1e-06]}, "datetime": {"datetime": "2025-08-13 14:57:10", "elapsed": 18558.746980905533, "delta": 17.252721786499023}, "costs": {"total_cost": 192.34024631493773, "time_cost": 72.149, "final_distance_cost": 1.8069688813860332, "oscillation_cost": 29.95740329741601, "completition_cost": 0.0, "overshoot_cost": 51.84875429471647, "power_cost": 15.023450341796876, "noise_cost": 21.554669499622346, "n_waypoints_completed": 9, "tot_waypoints": 9}}
{"target": -189.42379914407564, "params": {"k_pid_pos": [1.11558657621495, 0.0, 0.16841637425195702], "k_pid_alt": [1.5634710557653075, 0.0, 0.9703095722497568], "k_pid_att": [34.44518459273119, 3.3389459376412325, 0.25702192544159114], "k_pid_yaw": [0.5, 1e-06, 0.1], "k_pid_hsp": [0.23565479502187972, 0.0, 0.0], "k_pid_vsp": [135.5765455862765, 11.545623268271338, 1e-06]}, "datetime": {"datetime": "2025-08-13 14:57:27", "elapsed": 18575.707427740097, "delta": 16.96044683456421}, "costs": {"total_cost": 189.42379914407564, "time_cost": 72.19800000000001, "final_distance_cost": 1.8395017428252682, "oscillation_cost": 28.580583477045455, "completition_cost": 0.0, "overshoot_cost": 51.24508519364341, "power_cost": 14.25444246826172, "noise_cost": 21.30618626229979, "n_waypoints_completed": 9, "tot_waypoints": 9}}
{"target": -196.74375993480723, "params": {"k_pid_pos": [1.2468488906284825, 0.0, 0.06873615890336493], "k_pid_alt": [1.7044215504966633, 0.0, 0.9530427549270012], "k_pid_att": [35.31666116827204, 2.869176042276317, 0.27021058818704285], "k_pid_yaw": [0.5, 1e-06, 0.1], "k_pid_hsp": [0.42901518542494427, 0.0, 0.0], "k_pid_vsp": [117.71424221903425, 11.934924950037821, 1e-06]}, "datetime": {"datetime": "2025-08-13 14:57:44", "elapsed": 18592.7655043602, "delta": 17.05807662010193}, "costs": {"total_cost": 196.74375993480723, "time_cost": 71.694, "final_distance_cost": 1.8309260837759653, "oscillation_cost": 30.830368754152534, "completition_cost": 0.0, "overshoot_cost": 51.67616582201068, "power_cost": 18.53704694824219, "noise_cost": 22.175252326625866, "n_waypoints_completed": 9, "tot_waypoints": 9}}
{"target": -187.5428336531322, "params": {"k_pid_pos": [1.0881512461982101, 0.0, 0.08962869413465031], "k_pid_alt": [1.644044987680829, 0.0, 0.9589230871281983], "k_pid_att": [34.52279839355908, 3.152067559035491, 0.2475828458970347], "k_pid_yaw": [0.5, 1e-06, 0.1], "k_pid_hsp": [0.21361106767954469, 0.0, 0.0], "k_pid_vsp": [116.21612138334217, 12.05372514998169, 1e-06]}, "datetime": {"datetime": "2025-08-13 14:58:02", "elapsed": 18610.1800365448, "delta": 17.41453218460083}, "costs": {"total_cost": 187.5428336531322, "time_cost": 71.84100000000001, "final_distance_cost": 1.8205505679020455, "oscillation_cost": 28.617078717745148, "completition_cost": 0.0, "overshoot_cost": 51.04844366079097, "power_cost": 13.270604919433595, "noise_cost": 20.945155787260443, "n_waypoints_completed": 9, "tot_waypoints": 9}}
{"target": -188.31024598768968, "params": {"k_pid_pos": [0.7574184235056429, 0.09454273428785737, 0.09499955465788684], "k_pid_alt": [1.6504868802500594, 0.0, 0.9332585652594884], "k_pid_att": [33.38256406396739, 2.327590701149411, 0.25183166524084544], "k_pid_yaw": [0.5, 1e-06, 0.1], "k_pid_hsp": [0.12676711438719207, 0.003416673429426277, 0.0], "k_pid_vsp": [35.49118973953132, 10.391601878727418, 0.7089413523382068]}, "datetime": {"datetime": "2025-08-13 14:58:21", "elapsed": 18629.132611513138, "delta": 18.952574968338013}, "costs": {"total_cost": 188.31024598768968, "time_cost": 76.699, "final_distance_cost": 1.807955006270168, "oscillation_cost": 24.600736454058076, "completition_cost": 0.0, "overshoot_cost": 52.27004514413238, "power_cost": 11.415378857421876, "noise_cost": 21.517130525807197, "n_waypoints_completed": 9, "tot_waypoints": 9}}
{"target": -187.16781980929875, "params": {"k_pid_pos": [1.1129124372559946, 0.0, 0.1847872604949265], "k_pid_alt": [1.7126551565441763, 0.0, 0.948552799967078], "k_pid_att": [38.448572521613514, 2.6093635722293786, 0.23950199234221892], "k_pid_yaw": [0.5, 1e-06, 0.1], "k_pid_hsp": [0.2699077846411295, 0.0, 0.0], "k_pid_vsp": [104.08785870409264, 23.55752043516269, 1e-06]}, "datetime": {"datetime": "2025-08-13 14:58:38", "elapsed": 18646.21751832962, "delta": 17.084906816482544}, "costs": {"total_cost": 187.16781980929875, "time_cost": 71.169, "final_distance_cost": 1.844893153316449, "oscillation_cost": 28.648520144180676, "completition_cost": 0.0, "overshoot_cost": 50.858772305117746, "power_cost": 13.641109326171875, "noise_cost": 21.005524880511985, "n_waypoints_completed": 9, "tot_waypoints": 9}}
{"target": -209.30731929866016, "params": {"k_pid_pos": [0.9421469477369333, 0.0, 0.07108907680156555], "k_pid_alt": [1.5601225843028543, 0.0, 0.988381970184444], "k_pid_att": [36.36359085267725, 3.3831754768987867, 0.2572744019388252], "k_pid_yaw": [0.5, 1e-06, 0.1], "k_pid_hsp": [0.04819155802646653, 0.0, 0.0], "k_pid_vsp": [154.40607722423275, 23.03707614654746, 1e-06]}, "datetime": {"datetime": "2025-08-13 14:58:58", "elapsed": 18666.10286474228, "delta": 19.88534641265869}, "costs": {"total_cost": 209.30731929866016, "time_cost": 81.697, "final_distance_cost": 1.7878400619236239, "oscillation_cost": 20.913509010714534, "completition_cost": 0.0, "overshoot_cost": 56.30822195368454, "power_cost": 22.902994152832033, "noise_cost": 25.69775411950542, "n_waypoints_completed": 9, "tot_waypoints": 9}}
{"target": -186.29215739980992, "params": {"k_pid_pos": [1.1752211050450025, 0.0, 0.08646116323176725], "k_pid_alt": [1.6163056808989344, 0.0, 0.9247596990248017], "k_pid_att": [35.699145745633224, 3.3736933506218523, 0.1819787366385759], "k_pid_yaw": [0.5, 1e-06, 0.1], "k_pid_hsp": [0.259282555487169, 0.0, 0.0], "k_pid_vsp": [85.86118436066482, 23.740751727461088, 1e-06]}, "datetime": {"datetime": "2025-08-13 14:59:15", "elapsed": 18683.397896766663, "delta": 17.295032024383545}, "costs": {"total_cost": 186.29215739980992, "time_cost": 70.693, "final_distance_cost": 1.830099507843202, "oscillation_cost": 30.05030442592567, "completition_cost": 0.0, "overshoot_cost": 50.43972459188381, "power_cost": 12.845697119140626, "noise_cost": 20.43333175501661, "n_waypoints_completed": 9, "tot_waypoints": 9}}
{"target": -188.53293841815452, "params": {"k_pid_pos": [1.2120922219459482, 0.0, 0.028297434363595414], "k_pid_alt": [1.5576192368161026, 0.0, 0.954508559490271], "k_pid_att": [31.638834249869234, 1.4323579770180217, 0.2357990776050964], "k_pid_yaw": [0.5, 1e-06, 0.1], "k_pid_hsp": [0.22960882911605915, 0.0, 0.0], "k_pid_vsp": [148.86601179246583, 16.01743800089187, 1e-06]}, "datetime": {"datetime": "2025-08-13 14:59:32", "elapsed": 18700.59264564514, "delta": 17.194748878479004}, "costs": {"total_cost": 188.53293841815452, "time_cost": 71.589, "final_distance_cost": 1.8172972103861316, "oscillation_cost": 30.403172233681133, "completition_cost": 0.0, "overshoot_cost": 51.50179302195546, "power_cost": 12.61180732421875, "noise_cost": 20.609868627913038, "n_waypoints_completed": 9, "tot_waypoints": 9}}
{"target": -184.70443262215682, "params": {"k_pid_pos": [1.1315868485484242, 0.0, 0.05287820659897424], "k_pid_alt": [1.6179099319779389, 0.0, 0.9681028853912784], "k_pid_att": [25.277848298923104, 2.2169733749735236, 0.31239361941364935], "k_pid_yaw": [0.5, 1e-06, 0.1], "k_pid_hsp": [0.21516144690036745, 0.0, 0.0], "k_pid_vsp": [145.76602231220093, 20.634047053832717, 1e-06]}, "datetime": {"datetime": "2025-08-13 15:00:02", "elapsed": 18730.9022064209, "delta": 30.309560775756836}, "costs": {"total_cost": 184.70443262215682, "time_cost": 71.08500000000001, "final_distance_cost": 1.8278882433184034, "oscillation_cost": 29.51376568985753, "completition_cost": 0.0, "overshoot_cost": 50.83850672676116, "power_cost": 11.317741735839844, "noise_cost": 20.121530226379893, "n_waypoints_completed": 9, "tot_waypoints": 9}}
{"target": -188.09591813115523, "params": {"k_pid_pos": [1.0193074582440707, 0.0, 0.05044652449009276], "k_pid_alt": [1.3516448955246303, 0.0, 0.9333758010874124], "k_pid_att": [40.304757242413984, 3.6706963941258404, 0.2496820801707018], "k_pid_yaw": [0.5, 1e-06, 0.1], "k_pid_hsp": [0.27924351549168136, 0.0, 0.0], "k_pid_vsp": [136.66990564511184, 14.513754760935885, 1e-06]}, "datetime": {"datetime": "2025-08-13 15:00:22", "elapsed": 18750.855036973953, "delta": 19.95283055305481}, "costs": {"total_cost": 188.09591813115523, "time_cost": 72.912, "final_distance_cost": 1.832171443608003, "oscillation_cost": 29.065713499795166, "completition_cost": 0.0, "overshoot_cost": 51.1666837490301, "power_cost": 12.378546386718751, "noise_cost": 20.74080305200324, "n_waypoints_completed": 9, "tot_waypoints": 9}}
{"target": -186.0823916965625, "params": {"k_pid_pos": [1.216896132621093, 0.0, 0.05919962839265382], "k_pid_alt": [1.6100222397307349, 0.0, 0.9893489302481067], "k_pid_att": [27.221394600725418, 3.397555084182214, 0.24347375599695475], "k_pid_yaw": [0.5, 1e-06, 0.1], "k_pid_hsp": [0.2006348293492788, 0.0, 0.0], "k_pid_vsp": [117.43806927860673, 15.770336832486047, 1e-06]}, "datetime": {"datetime": "2025-08-13 15:00:41", "elapsed": 18769.65748143196, "delta": 18.802444458007812}, "costs": {"total_cost": 186.0823916965625, "time_cost": 71.498, "final_distance_cost": 1.8111814953886547, "oscillation_cost": 30.095349467170507, "completition_cost": 0.0, "overshoot_cost": 50.816565539346286, "power_cost": 11.624697875976564, "noise_cost": 20.236597318680506, "n_waypoints_completed": 9, "tot_waypoints": 9}}
{"target": -189.99394741156485, "params": {"k_pid_pos": [0.9851165106825965, 0.0, 0.08565484929536789], "k_pid_alt": [1.6310036781380846, 0.0, 0.9475613666211202], "k_pid_att": [36.48324871379612, 3.21902726011295, 0.2567048671298234], "k_pid_yaw": [0.5, 1e-06, 0.1], "k_pid_hsp": [0.3982441834566237, 0.0, 0.0], "k_pid_vsp": [125.44499336346612, 18.789727831803866, 1e-06]}, "datetime": {"datetime": "2025-08-13 15:01:01", "elapsed": 18789.36275291443, "delta": 19.70527148246765}, "costs": {"total_cost": 189.99394741156485, "time_cost": 72.093, "final_distance_cost": 1.8494229981522001, "oscillation_cost": 29.022339101540492, "completition_cost": 0.0, "overshoot_cost": 51.12165599471989, "power_cost": 14.389425817871095, "noise_cost": 21.518103499281192, "n_waypoints_completed": 9, "tot_waypoints": 9}}
{"target": -184.13950269472286, "params": {"k_pid_pos": [1.131772476915448, 0.0, 0.08632278303594748], "k_pid_alt": [1.6200198459837312, 0.0, 0.963743370063906], "k_pid_att": [33.83583520252292, 3.1947319970447277, 0.2906056293887929], "k_pid_yaw": [0.5, 1e-06, 0.1], "k_pid_hsp": [0.26133667909760105, 0.0, 0.0], "k_pid_vsp": [123.4587651432748, 24.129065528894436, 1e-06]}, "datetime": {"datetime": "2025-08-13 15:01:21", "elapsed": 18808.98154449463, "delta": 19.618791580200195}, "costs": {"total_cost": 184.13950269472286, "time_cost": 70.973, "final_distance_cost": 1.825111834391095, "oscillation_cost": 29.486051832123675, "completition_cost": 0.0, "overshoot_cost": 50.608657677419025, "power_cost": 11.199229833984376, "noise_cost": 20.04745151680471, "n_waypoints_completed": 9, "tot_waypoints": 9}}
{"target": -199.3249017925901, "params": {"k_pid_pos": [1.1098196679279313, 0.0, 0.06746298168842763], "k_pid_alt": [1.623760348382104, 0.0, 0.9634121577741599], "k_pid_att": [33.77883992480116, 3.042522409155933, 0.25244081250658357], "k_pid_yaw": [0.5, 1e-06, 0.1], "k_pid_hsp": [0.2866301351435561, 0.0, 0.0], "k_pid_vsp": [127.9847345424039, 19.35278632515804, 1e-06]}, "datetime": {"datetime": "2025-08-13 15:01:40", "elapsed": 18828.852228164673, "delta": 19.870683670043945}, "costs": {"total_cost": 199.3249017925901, "time_cost": 72.205, "final_distance_cost": 1.8173313317057231, "oscillation_cost": 28.88266806180421, "completition_cost": 0.0, "overshoot_cost": 51.41107667961428, "power_cost": 21.266845336914063, "noise_cost": 23.741980382551834, "n_waypoints_completed": 9, "tot_waypoints": 9}}
