{"target": -192.2315094584417, "params": {"k_pid_pos": [0.8987921097104645, 0.00011963391955124229, 0.054279237241001636], "k_pid_alt": [1.6132457900998836, 0.0, 0.8226221224134783], "k_pid_att": [36.11421692928479, 3.7774749129122895, 0.2534907344442852], "k_pid_yaw": [0.5, 1e-06, 0.1], "k_pid_hsp": [0.260308061863487, 0.0, 0.0], "k_pid_vsp": [114.84294178309905, 35.14655386001111, 1e-06]}, "datetime": {"datetime": "2025-08-13 18:55:22", "elapsed": 32850.51722216606, "delta": 17.33703088760376}, "costs": {"total_cost": 192.2315094584417, "time_cost": 71.519, "final_distance_cost": 1.8464823410412199, "oscillation_cost": 27.56092137812052, "completition_cost": 0.0, "overshoot_cost": 50.83907981312822, "power_cost": 18.1951541015625, "noise_cost": 22.27087182458922, "n_waypoints_completed": 9, "tot_waypoints": 9}}
{"target": -191.5007277408123, "params": {"k_pid_pos": [1.0019818634545299, 0.0, 0.10551700120377544], "k_pid_alt": [1.5910640869976966, 0.0, 0.9087708561944097], "k_pid_att": [35.9397763917457, 3.44305591870269, 0.26543336251975314], "k_pid_yaw": [0.5, 1e-06, 0.1], "k_pid_hsp": [0.22946480325730978, 0.0, 0.0], "k_pid_vsp": [27.895664662956108, 44.25686812879063, 1e-06]}, "datetime": {"datetime": "2025-08-13 18:55:38", "elapsed": 32866.82710647583, "delta": 16.309884309768677}, "costs": {"total_cost": 191.5007277408123, "time_cost": 71.46300000000001, "final_distance_cost": 1.8339012169154163, "oscillation_cost": 27.370031045025772, "completition_cost": 0.0, "overshoot_cost": 50.671876085467275, "power_cost": 18.129972375488283, "noise_cost": 22.03194701791554, "n_waypoints_completed": 9, "tot_waypoints": 9}}
{"target": -187.89566068437233, "params": {"k_pid_pos": [1.0947934168290054, 0.0, 0.11896961296790518], "k_pid_alt": [1.6135737331004987, 0.0, 0.9169728798961674], "k_pid_att": [34.16984208061383, 3.808968864978124, 0.2709358673213632], "k_pid_yaw": [0.5, 1e-06, 0.1], "k_pid_hsp": [0.3642208329512552, 0.0, 0.0], "k_pid_vsp": [172.716112572221, 33.74551621517841, 1e-06]}, "datetime": {"datetime": "2025-08-13 18:55:55", "elapsed": 32883.72279763222, "delta": 16.89569115638733}, "costs": {"total_cost": 187.89566068437233, "time_cost": 71.26, "final_distance_cost": 1.8498971013895555, "oscillation_cost": 29.646945614693244, "completition_cost": 0.0, "overshoot_cost": 50.52930608614334, "power_cost": 13.553329809570313, "noise_cost": 21.05618207257588, "n_waypoints_completed": 9, "tot_waypoints": 9}}
{"target": -190.77535068852947, "params": {"k_pid_pos": [0.894463577021194, 0.0, 0.05018876841766288], "k_pid_alt": [1.6192945425517224, 0.0, 0.9315644811403984], "k_pid_att": [37.79728552886574, 3.1373451387957707, 0.2763142997729248], "k_pid_yaw": [0.5, 1e-06, 0.1], "k_pid_hsp": [0.11139273276269646, 0.0, 0.0], "k_pid_vsp": [104.78032170973557, 20.50202930841015, 1e-06]}, "datetime": {"datetime": "2025-08-13 18:56:13", "elapsed": 32901.57744336128, "delta": 17.85464572906494}, "costs": {"total_cost": 190.77535068852947, "time_cost": 72.8, "final_distance_cost": 1.820170153963524, "oscillation_cost": 25.350270211033248, "completition_cost": 0.0, "overshoot_cost": 51.91894017600397, "power_cost": 16.681718164062502, "noise_cost": 22.204251983466197, "n_waypoints_completed": 9, "tot_waypoints": 9}}
{"target": -188.42659489957478, "params": {"k_pid_pos": [0.9845992456890306, 0.0, 0.055308674018515774], "k_pid_alt": [1.5261692475755135, 0.0, 0.9197684907126104], "k_pid_att": [33.86614259272737, 3.3338297610921135, 0.23635249820405427], "k_pid_yaw": [0.5, 1e-06, 0.1], "k_pid_hsp": [0.22552590293159835, 0.0, 0.0], "k_pid_vsp": [38.3664287035722, 38.11284238395165, 5.668499818724137]}, "datetime": {"datetime": "2025-08-13 18:56:30", "elapsed": 32918.162262916565, "delta": 16.584819555282593}, "costs": {"total_cost": 188.42659489957478, "time_cost": 71.295, "final_distance_cost": 1.8355134801625297, "oscillation_cost": 27.660076121735113, "completition_cost": 0.0, "overshoot_cost": 50.478591452356234, "power_cost": 15.6748455078125, "noise_cost": 21.48256833750838, "n_waypoints_completed": 9, "tot_waypoints": 9}}
{"target": -189.63978618468704, "params": {"k_pid_pos": [1.1575861776534375, 0.0, 0.17661135884190673], "k_pid_alt": [1.6355674580898627, 0.0, 0.9457695951140334], "k_pid_att": [35.89631819648922, 3.7353766922458473, 0.2785860860026657], "k_pid_yaw": [0.5, 1e-06, 0.1], "k_pid_hsp": [0.1437264752001095, 0.0, 0.0], "k_pid_vsp": [117.09682322895615, 27.661318198872202, 1e-06]}, "datetime": {"datetime": "2025-08-13 18:56:47", "elapsed": 32935.23330163956, "delta": 17.071038722991943}, "costs": {"total_cost": 189.63978618468704, "time_cost": 71.68, "final_distance_cost": 1.8262180715800005, "oscillation_cost": 27.924044384520396, "completition_cost": 0.0, "overshoot_cost": 51.433980752094676, "power_cost": 15.359844653320314, "noise_cost": 21.415698323171615, "n_waypoints_completed": 9, "tot_waypoints": 9}}
{"target": -192.60918121905254, "params": {"k_pid_pos": [0.9002325724985033, 0.0, 0.028349574305255767], "k_pid_alt": [1.6380175124923788, 0.0, 0.9437824095727376], "k_pid_att": [35.0634266716616, 3.7605421457803896, 0.2569695401550571], "k_pid_yaw": [0.5, 1e-06, 0.1], "k_pid_hsp": [0.157967914910158, 0.0, 0.0], "k_pid_vsp": [82.8050363207337, 53.81055280005252, 1e-06]}, "datetime": {"datetime": "2025-08-13 18:57:04", "elapsed": 32952.02679991722, "delta": 16.793498277664185}, "costs": {"total_cost": 192.60918121905254, "time_cost": 71.61, "final_distance_cost": 1.8221462706213576, "oscillation_cost": 26.68391726563908, "completition_cost": 0.0, "overshoot_cost": 51.47470039958269, "power_cost": 18.88581343994141, "noise_cost": 22.132603843267987, "n_waypoints_completed": 9, "tot_waypoints": 9}}
{"target": -187.64456833353486, "params": {"k_pid_pos": [1.142414058654911, 0.0, 0.12069376936316245], "k_pid_alt": [1.6168218380054153, 0.0, 0.9454293839876433], "k_pid_att": [35.058587229126196, 3.438084212204062, 0.23311053016613514], "k_pid_yaw": [0.5, 1e-06, 0.1], "k_pid_hsp": [0.15898542619851166, 0.0, 0.0], "k_pid_vsp": [112.69476168635349, 31.673263867462584, 1e-06]}, "datetime": {"datetime": "2025-08-13 18:57:20", "elapsed": 32968.49561548233, "delta": 16.468815565109253}, "costs": {"total_cost": 187.64456833353486, "time_cost": 71.113, "final_distance_cost": 1.8131077057151317, "oscillation_cost": 28.491837707240407, "completition_cost": 0.0, "overshoot_cost": 50.683764202687655, "power_cost": 14.448890844726563, "noise_cost": 21.093967873165102, "n_waypoints_completed": 9, "tot_waypoints": 9}}
{"target": -190.33816595210584, "params": {"k_pid_pos": [0.9200879244397391, 0.0, 0.10822556770154648], "k_pid_alt": [1.6739808041167672, 0.0, 0.9557374860575011], "k_pid_att": [32.217778150073414, 2.6679738454760424, 0.24095189950766827], "k_pid_yaw": [0.5, 1e-06, 0.1], "k_pid_hsp": [0.16139752674036906, 0.0, 0.0], "k_pid_vsp": [214.1981672626101, 38.66789672372325, 1e-06]}, "datetime": {"datetime": "2025-08-13 18:57:37", "elapsed": 32985.60619854927, "delta": 17.110583066940308}, "costs": {"total_cost": 190.33816595210584, "time_cost": 71.96000000000001, "final_distance_cost": 1.8239515009827982, "oscillation_cost": 26.625026901370592, "completition_cost": 0.0, "overshoot_cost": 51.181080073618716, "power_cost": 16.738844494628907, "noise_cost": 22.009262981504843, "n_waypoints_completed": 9, "tot_waypoints": 9}}
{"target": -195.95303738231348, "params": {"k_pid_pos": [1.1714883102383145, 0.0, 0.08234169867488791], "k_pid_alt": [1.6261714386358053, 0.0, 0.9555236578538021], "k_pid_att": [34.938665762870855, 3.637674717617445, 0.23990164915090761], "k_pid_yaw": [0.5, 1e-06, 0.1], "k_pid_hsp": [0.19686974346369018, 0.0, 0.0], "k_pid_vsp": [101.32701231532945, 1.6993770223232172, 1e-06]}, "datetime": {"datetime": "2025-08-13 18:57:55", "elapsed": 33003.440037965775, "delta": 17.833839416503906}, "costs": {"total_cost": 195.95303738231348, "time_cost": 73.47200000000001, "final_distance_cost": 1.8322475450268902, "oscillation_cost": 30.154726784509204, "completition_cost": 0.0, "overshoot_cost": 51.69878289278433, "power_cost": 16.605435766601563, "noise_cost": 22.189844393391454, "n_waypoints_completed": 9, "tot_waypoints": 9}}
{"target": -188.13561460517028, "params": {"k_pid_pos": [0.8623836633339063, 0.0, 0.053609949691157524], "k_pid_alt": [1.7181733072091308, 0.0, 0.9260619690214652], "k_pid_att": [35.34614395199192, 4.2867984297924995, 0.24852752997551814], "k_pid_yaw": [0.5, 1e-06, 0.1], "k_pid_hsp": [0.20734629854308098, 0.0, 0.0], "k_pid_vsp": [202.36166954020518, 28.582333748531422, 1e-06]}, "datetime": {"datetime": "2025-08-13 18:58:12", "elapsed": 33020.53615927696, "delta": 17.096121311187744}, "costs": {"total_cost": 188.13561460517028, "time_cost": 72.03, "final_distance_cost": 1.83570986124156, "oscillation_cost": 26.781430832867, "completition_cost": 0.0, "overshoot_cost": 51.34211902057739, "power_cost": 14.715288159179687, "noise_cost": 21.431066731304632, "n_waypoints_completed": 9, "tot_waypoints": 9}}
{"target": -191.93855977261293, "params": {"k_pid_pos": [1.0482189114881015, 0.0, 0.05632964466796901], "k_pid_alt": [1.6219115940285884, 0.0, 0.9577854731261295], "k_pid_att": [35.830137305593176, 3.7267219393122213, 0.2526925653896845], "k_pid_yaw": [0.5, 1e-06, 0.1], "k_pid_hsp": [0.14062557754330543, 0.0, 0.0], "k_pid_vsp": [129.60405875519044, 36.95301147863318, 1e-06]}, "datetime": {"datetime": "2025-08-13 18:58:30", "elapsed": 33038.168605327606, "delta": 17.63244605064392}, "costs": {"total_cost": 191.93855977261293, "time_cost": 71.687, "final_distance_cost": 1.8287698252680022, "oscillation_cost": 27.88454068627236, "completition_cost": 0.0, "overshoot_cost": 51.72174645752757, "power_cost": 17.112515905761718, "noise_cost": 21.703986897783302, "n_waypoints_completed": 9, "tot_waypoints": 9}}
{"target": -202.780991725195, "params": {"k_pid_pos": [1.124459213391662, 0.0, 0.08409771204556264], "k_pid_alt": [1.6613007277189853, 0.0, 0.904452457911056], "k_pid_att": [35.56138337965407, 3.6143741945911643, 0.2611384114061214], "k_pid_yaw": [0.5, 1e-06, 0.1], "k_pid_hsp": [0.05904989565039495, 0.0, 0.0], "k_pid_vsp": [149.16182862924813, 25.382516978261734, 1e-06]}, "datetime": {"datetime": "2025-08-13 18:58:49", "elapsed": 33057.551290512085, "delta": 19.38268518447876}, "costs": {"total_cost": 202.780991725195, "time_cost": 77.94500000000001, "final_distance_cost": 1.792623803219368, "oscillation_cost": 24.922518730224233, "completition_cost": 0.0, "overshoot_cost": 53.94679618964225, "power_cost": 20.095847631835937, "noise_cost": 24.078205370273217, "n_waypoints_completed": 9, "tot_waypoints": 9}}
{"target": -190.26660273701197, "params": {"k_pid_pos": [1.0342246576849312, 0.0, 0.046761781150991055], "k_pid_alt": [1.6109073859505822, 0.0, 0.9568342203296208], "k_pid_att": [32.87910531372169, 3.564524613935623, 0.2602807496000977], "k_pid_yaw": [0.5, 1e-06, 0.1], "k_pid_hsp": [0.08292168296386128, 0.0, 0.0], "k_pid_vsp": [185.68371877616903, 13.816966733623836, 1e-06]}, "datetime": {"datetime": "2025-08-13 18:59:08", "elapsed": 33076.16796755791, "delta": 18.616677045822144}, "costs": {"total_cost": 190.26660273701197, "time_cost": 73.96900000000001, "final_distance_cost": 1.783789295111419, "oscillation_cost": 25.702282988682754, "completition_cost": 0.0, "overshoot_cost": 52.8259134492822, "power_cost": 14.38127703857422, "noise_cost": 21.604339965361376, "n_waypoints_completed": 9, "tot_waypoints": 9}}
{"target": -186.39494336084152, "params": {"k_pid_pos": [1.1029740110803286, 0.0, 0.08049780003097512], "k_pid_alt": [1.6494356688139402, 0.0, 0.951303396221069], "k_pid_att": [35.16584530754457, 3.7294135475925163, 0.24250493707907916], "k_pid_yaw": [0.5, 1e-06, 0.1], "k_pid_hsp": [0.22774560753159234, 0.0, 0.0], "k_pid_vsp": [78.36068336687293, 38.404504032941475, 1e-06]}, "datetime": {"datetime": "2025-08-13 18:59:26", "elapsed": 33094.1010427475, "delta": 17.933075189590454}, "costs": {"total_cost": 186.39494336084152, "time_cost": 70.672, "final_distance_cost": 1.84207375080362, "oscillation_cost": 29.008285350845078, "completition_cost": 0.0, "overshoot_cost": 50.4157832298493, "power_cost": 13.718217785644532, "noise_cost": 20.738583243698994, "n_waypoints_completed": 9, "tot_waypoints": 9}}
{"target": -197.77108545422522, "params": {"k_pid_pos": [0.8391276410470678, 0.0, 0.03851797722360057], "k_pid_alt": [1.5242501815022678, 0.0, 0.9344358260552613], "k_pid_att": [39.412154611786654, 3.7206217509803383, 0.2326946898534094], "k_pid_yaw": [0.5, 1e-06, 0.1], "k_pid_hsp": [0.2475945799031524, 0.0, 0.0], "k_pid_vsp": [137.03574070580498, 34.316164091695676, 1e-06]}, "datetime": {"datetime": "2025-08-13 18:59:44", "elapsed": 33112.34751057625, "delta": 18.24646782875061}, "costs": {"total_cost": 197.77108545422522, "time_cost": 73.47200000000001, "final_distance_cost": 1.842005433056396, "oscillation_cost": 26.753463939262396, "completition_cost": 0.0, "overshoot_cost": 51.858712824627254, "power_cost": 20.805409387207032, "noise_cost": 23.039493870072146, "n_waypoints_completed": 9, "tot_waypoints": 9}}
{"target": -186.98505009544192, "params": {"k_pid_pos": [1.2226891242964453, 0.001174190972646314, 0.03426106561425011], "k_pid_alt": [1.6325540316700715, 0.0, 0.9969374428981372], "k_pid_att": [33.083525446639314, 3.742026251411788, 0.2520675117485392], "k_pid_yaw": [0.5, 1e-06, 0.1], "k_pid_hsp": [0.3600341718271324, 0.0, 0.0], "k_pid_vsp": [67.95877437109195, 24.561454078002967, 1e-06]}, "datetime": {"datetime": "2025-08-13 19:00:01", "elapsed": 33129.26730751991, "delta": 16.91979694366455}, "costs": {"total_cost": 186.98505009544192, "time_cost": 70.686, "final_distance_cost": 1.822730604083371, "oscillation_cost": 30.722922036252427, "completition_cost": 0.0, "overshoot_cost": 50.631359099767636, "power_cost": 12.883247644042969, "noise_cost": 20.238790711295508, "n_waypoints_completed": 9, "tot_waypoints": 9}}
{"target": -188.60913439416694, "params": {"k_pid_pos": [1.163104827265947, 0.0, 0.06814765090647451], "k_pid_alt": [1.581058436626535, 0.0, 0.9598957835458791], "k_pid_att": [37.705443307681826, 3.4422569718138063, 0.2769545151332992], "k_pid_yaw": [0.5, 1e-06, 0.1], "k_pid_hsp": [0.24754763447774203, 0.0, 0.0], "k_pid_vsp": [165.9121796717598, 29.560027453473122, 1e-06]}, "datetime": {"datetime": "2025-08-13 19:00:18", "elapsed": 33146.28728032112, "delta": 17.019972801208496}, "costs": {"total_cost": 188.60913439416694, "time_cost": 71.12, "final_distance_cost": 1.8248755548621407, "oscillation_cost": 29.774368558270403, "completition_cost": 0.0, "overshoot_cost": 50.74498895494922, "power_cost": 14.186627966308594, "noise_cost": 20.958273359776552, "n_waypoints_completed": 9, "tot_waypoints": 9}}
{"target": -186.52408681637866, "params": {"k_pid_pos": [0.8044632601121945, 0.0, 0.061352594524661956], "k_pid_alt": [1.6169793526484921, 0.0, 0.8684739212516785], "k_pid_att": [37.97286062702759, 3.465866568950018, 0.24272811054048565], "k_pid_yaw": [0.5, 1e-06, 0.1], "k_pid_hsp": [0.1475359349953367, 0.0, 0.0], "k_pid_vsp": [128.18918984880543, 6.580319018553897, 1e-06]}, "datetime": {"datetime": "2025-08-13 19:00:36", "elapsed": 33164.492879629135, "delta": 18.205599308013916}, "costs": {"total_cost": 186.52408681637866, "time_cost": 72.653, "final_distance_cost": 1.8203698774614967, "oscillation_cost": 25.581760320138848, "completition_cost": 0.0, "overshoot_cost": 51.810120664632976, "power_cost": 13.24726346435547, "noise_cost": 21.411572489789865, "n_waypoints_completed": 9, "tot_waypoints": 9}}
{"target": -189.84208893950287, "params": {"k_pid_pos": [0.9661137812511372, 0.0, 0.06781510366971868], "k_pid_alt": [1.6360452285796296, 0.0, 0.9409669814949867], "k_pid_att": [34.63244905322573, 3.4756266139996206, 0.26736826666023455], "k_pid_yaw": [0.5, 1e-06, 0.1], "k_pid_hsp": [0.17318774919763028, 0.0, 0.0], "k_pid_vsp": [117.94519016700899, 52.447549454241596, 1e-06]}, "datetime": {"datetime": "2025-08-13 19:00:54", "elapsed": 33182.01484179497, "delta": 17.52196216583252}, "costs": {"total_cost": 189.84208893950287, "time_cost": 71.274, "final_distance_cost": 1.839437949393899, "oscillation_cost": 27.38677879930786, "completition_cost": 0.0, "overshoot_cost": 51.48625263280823, "power_cost": 16.29429385986328, "noise_cost": 21.561325698129593, "n_waypoints_completed": 9, "tot_waypoints": 9}}
{"target": -196.1879602461771, "params": {"k_pid_pos": [1.255265426684832, 0.0, 0.02827921331522234], "k_pid_alt": [1.6093906669015672, 0.0, 0.9512809119487895], "k_pid_att": [21.711193169504313, 3.7171488762319536, 0.2646715213280337], "k_pid_yaw": [0.5, 1e-06, 0.1], "k_pid_hsp": [0.1102538435570314, 0.0, 0.0], "k_pid_vsp": [129.75530786759498, 39.733898094519844, 0.3499996236987266]}, "datetime": {"datetime": "2025-08-13 19:01:11", "elapsed": 33199.33528804779, "delta": 17.320446252822876}, "costs": {"total_cost": 196.1879602461771, "time_cost": 72.149, "final_distance_cost": 1.7683024353995749, "oscillation_cost": 29.16557486233671, "completition_cost": 0.0, "overshoot_cost": 52.13157607526704, "power_cost": 18.800065075683595, "noise_cost": 22.173441797490213, "n_waypoints_completed": 9, "tot_waypoints": 9}}
{"target": -768.910095714982, "params": {"k_pid_pos": [1.0166729819622509, 0.005657086708825747, 0.10160422691705415], "k_pid_alt": [1.59731000106005, 0.0, 0.9427495633796668], "k_pid_att": [35.615394077025954, 3.5897407484265313, 0.24204495060296066], "k_pid_yaw": [0.5, 1e-06, 0.1], "k_pid_hsp": [0.011806243303958075, 0.0, 0.0], "k_pid_vsp": [118.99044522918881, 11.605404501565658, 1e-06]}, "datetime": {"datetime": "2025-08-13 19:01:40", "elapsed": 33228.114934682846, "delta": 28.779646635055542}, "costs": {"total_cost": 768.910095714982, "time_cost": 150, "final_distance_cost": 49.513665049683965, "oscillation_cost": 5.121468146877414, "completition_cost": 444.4444444444444, "overshoot_cost": 72.25743108466436, "power_cost": 16.279167126464845, "noise_cost": 31.293919862846998, "n_waypoints_completed": 5, "tot_waypoints": 9}}
{"target": -183.28473285690106, "params": {"k_pid_pos": [1.057451285253938, 0.0, 0.062229889438956555], "k_pid_alt": [1.7269773998802178, 0.0, 0.9613655804630747], "k_pid_att": [34.97788786855775, 3.4620311891257294, 0.21259259316809057], "k_pid_yaw": [0.5, 1e-06, 0.1], "k_pid_hsp": [0.15206766312141545, 0.0, 0.0], "k_pid_vsp": [116.15280613523252, 30.497656812185497, 1e-06]}, "datetime": {"datetime": "2025-08-13 19:01:57", "elapsed": 33245.791808605194, "delta": 17.676873922348022}, "costs": {"total_cost": 183.28473285690106, "time_cost": 70.868, "final_distance_cost": 1.806544111977378, "oscillation_cost": 28.102087078407813, "completition_cost": 0.0, "overshoot_cost": 50.953322751840055, "power_cost": 11.516874047851562, "noise_cost": 20.037904866824245, "n_waypoints_completed": 9, "tot_waypoints": 9}}
{"target": -183.5424179241058, "params": {"k_pid_pos": [0.9904454093920279, 0.0, 0.06960030393055017], "k_pid_alt": [1.618280018719308, 0.0, 0.9376817704548595], "k_pid_att": [34.623097381658326, 3.478756903218455, 0.25297625452855393], "k_pid_yaw": [0.5, 1e-06, 0.1], "k_pid_hsp": [0.1573127175561511, 0.0, 0.0], "k_pid_vsp": [140.68511209442198, 35.489306233295935, 1e-06]}, "datetime": {"datetime": "2025-08-13 19:02:14", "elapsed": 33262.686098098755, "delta": 16.89428949356079}, "costs": {"total_cost": 183.5424179241058, "time_cost": 71.12, "final_distance_cost": 1.8305431955863838, "oscillation_cost": 27.435938360235763, "completition_cost": 0.0, "overshoot_cost": 50.887873122645644, "power_cost": 11.97720830078125, "noise_cost": 20.29085494485674, "n_waypoints_completed": 9, "tot_waypoints": 9}}
{"target": -306.5579293806732, "params": {"k_pid_pos": [1.3716200532054064, 0.0, 0.23816520114815556], "k_pid_alt": [1.3046042126651587, 0.0, 0.9573708082502251], "k_pid_att": [35.02968501197349, 1.8558306288938773, 0.26697391464363845], "k_pid_yaw": [0.5, 1e-06, 0.1], "k_pid_hsp": [0.01510016764331068, 0.056120712858858744, 0.0], "k_pid_vsp": [87.65961285610588, 36.96598399702431, 1e-06]}, "datetime": {"datetime": "2025-08-13 19:02:42", "elapsed": 33290.25889182091, "delta": 27.57279372215271}, "costs": {"total_cost": 306.5579293806732, "time_cost": 112.94500000000001, "final_distance_cost": 1.8317262678862942, "oscillation_cost": 62.61885296124128, "completition_cost": 0.0, "overshoot_cost": 61.83407328140972, "power_cost": 33.429928649902344, "noise_cost": 33.89834822023358, "n_waypoints_completed": 9, "tot_waypoints": 9}}
{"target": -180.0202429982159, "params": {"k_pid_pos": [1.0948189884501882, 0.0, 0.1222432183632888], "k_pid_alt": [1.6184860514553592, 0.0, 0.9479993688462137], "k_pid_att": [35.54333872773483, 3.411847686873516, 0.25148411403605586], "k_pid_yaw": [0.5, 1e-06, 0.1], "k_pid_hsp": [0.12729439243071816, 0.0, 0.0], "k_pid_vsp": [33.27256178312922, 28.466033884293925, 1e-06]}, "datetime": {"datetime": "2025-08-13 19:02:58", "elapsed": 33306.93935585022, "delta": 16.680464029312134}, "costs": {"total_cost": 180.0202429982159, "time_cost": 70.875, "final_distance_cost": 1.8013925222597114, "oscillation_cost": 27.718646865582702, "completition_cost": 0.0, "overshoot_cost": 50.75330581098938, "power_cost": 9.445401477050781, "noise_cost": 19.426496322333335, "n_waypoints_completed": 9, "tot_waypoints": 9}}
