{"target": -189.6987484255789, "params": {"k_pid_pos": [0.49787927819351346, 0.0, 0.05461290116468505], "k_pid_alt": [1.5635635036038167, 0.0, 0.9882717389747163], "k_pid_att": [35.54921799691078, 3.3792151612269983, 0.23716054507019618], "k_pid_yaw": [0.5, 1e-06, 0.1], "k_pid_hsp": [0.1665489073571621, 0.0, 0.0], "k_pid_vsp": [172.85566977189671, 20.96165674675924, 1e-06]}, "datetime": {"datetime": "2025-08-13 18:39:27", "elapsed": 31895.748417139053, "delta": 19.81444549560547}, "costs": {"total_cost": 189.6987484255789, "time_cost": 79.45700000000001, "final_distance_cost": 1.8517084624140756, "oscillation_cost": 22.5328959032788, "completition_cost": 0.0, "overshoot_cost": 52.11606892270421, "power_cost": 11.020902014160157, "noise_cost": 22.720173123021645, "n_waypoints_completed": 9, "tot_waypoints": 9}}
{"target": -181.04799389624816, "params": {"k_pid_pos": [1.108364318165829, 0.0, 0.10298343626374686], "k_pid_alt": [1.6190210775512348, 0.0, 0.953774477861051], "k_pid_att": [34.96093515938243, 3.2400300557904, 0.2324641835924626], "k_pid_yaw": [0.5, 1e-06, 0.1], "k_pid_hsp": [0.1373870682867024, 0.0, 0.0], "k_pid_vsp": [104.98047013619708, 27.36383124695604, 1e-06]}, "datetime": {"datetime": "2025-08-13 18:39:45", "elapsed": 31913.05520248413, "delta": 17.306785345077515}, "costs": {"total_cost": 181.04799389624816, "time_cost": 71.239, "final_distance_cost": 1.795934995393615, "oscillation_cost": 28.260054576834747, "completition_cost": 0.0, "overshoot_cost": 50.712748815484154, "power_cost": 9.55418045654297, "noise_cost": 19.486075051992643, "n_waypoints_completed": 9, "tot_waypoints": 9}}
{"target": -192.7961079623966, "params": {"k_pid_pos": [0.8737820476072289, 0.0, 0.07677859394624331], "k_pid_alt": [1.6373849729304766, 0.0, 0.9335836632765571], "k_pid_att": [33.95667532317568, 2.172769028435606, 0.290149703722826], "k_pid_yaw": [0.5, 1e-06, 0.1], "k_pid_hsp": [0.0997129926227284, 0.0, 0.0], "k_pid_vsp": [70.32754501081195, 23.2145012665037, 1e-06]}, "datetime": {"datetime": "2025-08-13 18:40:03", "elapsed": 31931.258664131165, "delta": 18.20346164703369}, "costs": {"total_cost": 192.7961079623966, "time_cost": 72.681, "final_distance_cost": 1.8193298400645992, "oscillation_cost": 24.581994409509168, "completition_cost": 0.0, "overshoot_cost": 52.03811524369367, "power_cost": 18.834259020996093, "noise_cost": 22.841409448133078, "n_waypoints_completed": 9, "tot_waypoints": 9}}
{"target": -185.36577388942987, "params": {"k_pid_pos": [1.13369197358445, 0.0, 0.08093375629724313], "k_pid_alt": [1.6182239622258074, 0.0, 0.934694056247231], "k_pid_att": [38.16513584231758, 4.140852280354663, 0.30764816140238804], "k_pid_yaw": [0.5, 1e-06, 0.1], "k_pid_hsp": [0.1791930453645565, 0.0, 0.0], "k_pid_vsp": [138.30553881063963, 52.84916341782648, 1e-06]}, "datetime": {"datetime": "2025-08-13 18:40:19", "elapsed": 31947.958473920822, "delta": 16.699809789657593}, "costs": {"total_cost": 185.36577388942987, "time_cost": 70.861, "final_distance_cost": 1.8222232412923551, "oscillation_cost": 28.9444644787539, "completition_cost": 0.0, "overshoot_cost": 50.35035296321331, "power_cost": 12.970188110351563, "noise_cost": 20.41754509581875, "n_waypoints_completed": 9, "tot_waypoints": 9}}
{"target": -189.99656059460227, "params": {"k_pid_pos": [0.9887737378741874, 0.0, 0.08973578100163995], "k_pid_alt": [1.694231618473001, 0.0, 0.9463800789591094], "k_pid_att": [35.40155439480009, 3.120211490722055, 0.2674406377312368], "k_pid_yaw": [0.5, 1e-06, 0.1], "k_pid_hsp": [0.31450250444877126, 0.0, 0.0], "k_pid_vsp": [87.39980365654273, 20.231314987266853, 1e-06]}, "datetime": {"datetime": "2025-08-13 18:40:37", "elapsed": 31965.51697897911, "delta": 17.558505058288574}, "costs": {"total_cost": 189.99656059460227, "time_cost": 71.533, "final_distance_cost": 1.844857389375311, "oscillation_cost": 28.266314688204773, "completition_cost": 0.0, "overshoot_cost": 50.75483523369032, "power_cost": 15.815787170410157, "noise_cost": 21.781766112921723, "n_waypoints_completed": 9, "tot_waypoints": 9}}
{"target": -181.9209654453137, "params": {"k_pid_pos": [0.8649829328752995, 0.0, 0.06032576529999297], "k_pid_alt": [1.6131037416314453, 0.0, 0.943259441017079], "k_pid_att": [34.64658663202998, 3.31006035904587, 0.27010817058128345], "k_pid_yaw": [0.5, 1e-06, 0.1], "k_pid_hsp": [0.1567956664983485, 0.0, 0.0], "k_pid_vsp": [130.30966688866903, 33.21068457221519, 1e-06]}, "datetime": {"datetime": "2025-08-13 18:40:54", "elapsed": 31982.633677721024, "delta": 17.116698741912842}, "costs": {"total_cost": 181.9209654453137, "time_cost": 71.631, "final_distance_cost": 1.8300962196341182, "oscillation_cost": 26.22879003667556, "completition_cost": 0.0, "overshoot_cost": 50.89052599751484, "power_cost": 11.15879822998047, "noise_cost": 20.18175496150868, "n_waypoints_completed": 9, "tot_waypoints": 9}}
{"target": -185.42488739926017, "params": {"k_pid_pos": [1.5006560971414036, 0.0, 0.05807952435535044], "k_pid_alt": [1.5984142385005098, 0.0, 0.9815059904413074], "k_pid_att": [36.13252162695686, 3.476177776910864, 0.24192096696876514], "k_pid_yaw": [0.5, 1e-06, 0.1], "k_pid_hsp": [0.2492685696143218, 0.0, 0.0], "k_pid_vsp": [115.48924734984377, 38.49361888199924, 1e-06]}, "datetime": {"datetime": "2025-08-13 18:41:12", "elapsed": 32000.187775611877, "delta": 17.554097890853882}, "costs": {"total_cost": 185.42488739926017, "time_cost": 70.462, "final_distance_cost": 1.7968255452057666, "oscillation_cost": 31.837769935105857, "completition_cost": 0.0, "overshoot_cost": 50.84305389615773, "power_cost": 10.93349149169922, "noise_cost": 19.55174653109161, "n_waypoints_completed": 9, "tot_waypoints": 9}}
{"target": -192.1763269262394, "params": {"k_pid_pos": [1.0511966236532766, 0.0, 0.058348228399096584], "k_pid_alt": [1.5934485630037343, 0.0, 0.9610344336646907], "k_pid_att": [35.13518356072307, 3.1888848393092606, 0.24343456499476887], "k_pid_yaw": [0.5, 1e-06, 0.1], "k_pid_hsp": [0.2538478420688364, 0.0, 0.0], "k_pid_vsp": [63.37088452989124, 22.30753479385594, 1e-06]}, "datetime": {"datetime": "2025-08-13 18:41:29", "elapsed": 32017.57026910782, "delta": 17.382493495941162}, "costs": {"total_cost": 192.1763269262394, "time_cost": 72.072, "final_distance_cost": 1.828883759275304, "oscillation_cost": 28.475536355650135, "completition_cost": 0.0, "overshoot_cost": 51.24546581816935, "power_cost": 16.7915958984375, "noise_cost": 21.762845094707107, "n_waypoints_completed": 9, "tot_waypoints": 9}}
{"target": -189.53909738316827, "params": {"k_pid_pos": [0.9413051745671905, 0.0, 0.04058214070699804], "k_pid_alt": [1.5934911037205883, 0.0, 0.9134714636017647], "k_pid_att": [35.68188839306759, 3.2490246048464044, 0.2722666693438126], "k_pid_yaw": [0.5, 1e-06, 0.1], "k_pid_hsp": [0.17485209240364374, 0.0, 0.0], "k_pid_vsp": [80.32044773135162, 25.430505724466194, 1e-06]}, "datetime": {"datetime": "2025-08-13 18:41:46", "elapsed": 32034.50088429451, "delta": 16.930615186691284}, "costs": {"total_cost": 189.53909738316827, "time_cost": 71.351, "final_distance_cost": 1.815929969719458, "oscillation_cost": 27.275359475594158, "completition_cost": 0.0, "overshoot_cost": 50.86323483672248, "power_cost": 16.497346447753905, "noise_cost": 21.736226653378285, "n_waypoints_completed": 9, "tot_waypoints": 9}}
{"target": -184.22193302444967, "params": {"k_pid_pos": [0.8885422860457443, 0.0, 0.061853466657783816], "k_pid_alt": [1.7100125974593037, 0.0, 0.9957989202555205], "k_pid_att": [39.20479141643137, 3.618567480384079, 0.29008687850844667], "k_pid_yaw": [0.5, 1e-06, 0.1], "k_pid_hsp": [0.2351963082180253, 0.0, 0.0], "k_pid_vsp": [96.15297193971074, 28.26227028460608, 1e-06]}, "datetime": {"datetime": "2025-08-13 18:42:04", "elapsed": 32052.917550086975, "delta": 18.41666579246521}, "costs": {"total_cost": 184.22193302444967, "time_cost": 71.372, "final_distance_cost": 1.8374043866751408, "oscillation_cost": 27.418036099590385, "completition_cost": 0.0, "overshoot_cost": 50.69774830080195, "power_cost": 12.270160400390626, "noise_cost": 20.626583836991554, "n_waypoints_completed": 9, "tot_waypoints": 9}}
{"target": -187.14348481598557, "params": {"k_pid_pos": [1.1026679540145041, 0.0, 0.07513721414548732], "k_pid_alt": [1.6164147880609776, 0.0, 0.8846785450901306], "k_pid_att": [35.0717565958642, 3.3758386432312566, 0.2653766089359869], "k_pid_yaw": [0.5, 1e-06, 0.1], "k_pid_hsp": [0.08891739142706986, 0.0, 0.0], "k_pid_vsp": [178.17947595441038, 56.06379079615212, 1e-06]}, "datetime": {"datetime": "2025-08-13 18:42:21", "elapsed": 32069.689569234848, "delta": 16.772019147872925}, "costs": {"total_cost": 187.14348481598557, "time_cost": 72.135, "final_distance_cost": 1.7759541397022685, "oscillation_cost": 26.770480302103426, "completition_cost": 0.0, "overshoot_cost": 51.86870653192823, "power_cost": 13.561558691406251, "noise_cost": 21.03178515084539, "n_waypoints_completed": 9, "tot_waypoints": 9}}
{"target": -186.30551614622235, "params": {"k_pid_pos": [1.0486134407207781, 0.0, 0.08474541896018686], "k_pid_alt": [1.6013457831135358, 0.0, 0.9372142515399876], "k_pid_att": [35.649015071873244, 3.4799631967032116, 0.2306500435275567], "k_pid_yaw": [0.5, 1e-06, 0.1], "k_pid_hsp": [0.21488170550372, 0.0, 0.0], "k_pid_vsp": [79.13461482948739, 15.48272283732322, 1e-06]}, "datetime": {"datetime": "2025-08-13 18:42:39", "elapsed": 32087.330767154694, "delta": 17.64119791984558}, "costs": {"total_cost": 186.30551614622235, "time_cost": 71.771, "final_distance_cost": 1.8227033486994222, "oscillation_cost": 28.57803434858556, "completition_cost": 0.0, "overshoot_cost": 51.27164509813355, "power_cost": 12.341417712402345, "noise_cost": 20.52071563840146, "n_waypoints_completed": 9, "tot_waypoints": 9}}
{"target": -198.1342594185702, "params": {"k_pid_pos": [1.5607063479330319, 0.0, 0.08085863411244827], "k_pid_alt": [1.5985130032950665, 0.0, 0.9921001131299408], "k_pid_att": [34.90686053123958, 3.6801820360455944, 0.26887297420144063], "k_pid_yaw": [0.5, 1e-06, 0.1], "k_pid_hsp": [0.1376497461826482, 0.0, 0.0], "k_pid_vsp": [120.64280948117216, 37.883257845257155, 1e-06]}, "datetime": {"datetime": "2025-08-13 18:42:56", "elapsed": 32104.093151569366, "delta": 16.76238441467285}, "costs": {"total_cost": 198.1342594185702, "time_cost": 72.016, "final_distance_cost": 1.8087782024768326, "oscillation_cost": 30.992766909893664, "completition_cost": 0.0, "overshoot_cost": 52.003403206710495, "power_cost": 19.224752502441408, "noise_cost": 22.08855859704779, "n_waypoints_completed": 9, "tot_waypoints": 9}}
{"target": -181.32639557798777, "params": {"k_pid_pos": [0.9985509516442523, 0.003203532468053525, 0.07380022351075609], "k_pid_alt": [1.591899474770171, 0.0, 0.9286822358028344], "k_pid_att": [32.97503889339393, 3.4118744849077873, 0.3019211026734379], "k_pid_yaw": [0.5, 1e-06, 0.1], "k_pid_hsp": [0.22830988894255144, 0.0, 0.0], "k_pid_vsp": [114.23988558447466, 48.754229846965956, 1e-06]}, "datetime": {"datetime": "2025-08-13 18:43:13", "elapsed": 32121.860452651978, "delta": 17.767301082611084}, "costs": {"total_cost": 181.32639557798777, "time_cost": 70.84700000000001, "final_distance_cost": 1.8313789839116819, "oscillation_cost": 28.173368548703728, "completition_cost": 0.0, "overshoot_cost": 50.496178660489406, "power_cost": 10.370407849121094, "noise_cost": 19.608061535761895, "n_waypoints_completed": 9, "tot_waypoints": 9}}
{"target": -242.92314734477515, "params": {"k_pid_pos": [0.26394383077800815, 0.0, 0.016721998043467017], "k_pid_alt": [1.6208894875515296, 0.0, 0.9310570502423863], "k_pid_att": [39.92070941955283, 3.3480701918923557, 0.2515687342092977], "k_pid_yaw": [0.5, 1e-06, 0.1], "k_pid_hsp": [0.15446246700018024, 0.0, 0.0], "k_pid_vsp": [117.4696851892626, 1e-06, 0.7132686910080794]}, "datetime": {"datetime": "2025-08-13 18:43:39", "elapsed": 32147.48880290985, "delta": 25.628350257873535}, "costs": {"total_cost": 242.92314734477515, "time_cost": 105.693, "final_distance_cost": 1.8587865626830737, "oscillation_cost": 16.16642160431593, "completition_cost": 0.0, "overshoot_cost": 56.80557274308515, "power_cost": 25.590366735839844, "noise_cost": 36.80899969885116, "n_waypoints_completed": 9, "tot_waypoints": 9}}
{"target": -192.7408387893767, "params": {"k_pid_pos": [0.9203894671519751, 0.01754037593033957, 0.006938954596925108], "k_pid_alt": [1.5851841866737855, 0.0, 0.9759858855044176], "k_pid_att": [32.8166878825054, 3.2863599889870105, 0.2629931392252197], "k_pid_yaw": [0.5, 1e-06, 0.1], "k_pid_hsp": [0.49525610260052133, 0.0, 0.0], "k_pid_vsp": [18.278036918468672, 31.925531409642428, 1e-06]}, "datetime": {"datetime": "2025-08-13 18:43:57", "elapsed": 32165.29546403885, "delta": 17.806661128997803}, "costs": {"total_cost": 192.7408387893767, "time_cost": 72.051, "final_distance_cost": 1.8401469767800076, "oscillation_cost": 28.167958868580396, "completition_cost": 0.0, "overshoot_cost": 50.60926714331895, "power_cost": 17.76965427246094, "noise_cost": 22.302811528236404, "n_waypoints_completed": 9, "tot_waypoints": 9}}
{"target": -182.968590883385, "params": {"k_pid_pos": [0.989509144163551, 0.0, 0.06585107372907485], "k_pid_alt": [1.5468135593813028, 0.0, 0.9398977599567394], "k_pid_att": [36.28565467899151, 3.5031910282416683, 0.3036912663362771], "k_pid_yaw": [0.5, 1e-06, 0.1], "k_pid_hsp": [0.23356700854163331, 0.0, 0.0], "k_pid_vsp": [160.56518240113877, 26.615872803646255, 1e-06]}, "datetime": {"datetime": "2025-08-13 18:44:14", "elapsed": 32182.912688732147, "delta": 17.61722469329834}, "costs": {"total_cost": 182.968590883385, "time_cost": 71.568, "final_distance_cost": 1.828728634084245, "oscillation_cost": 28.177281992585012, "completition_cost": 0.0, "overshoot_cost": 51.17083082957025, "power_cost": 10.399052233886719, "noise_cost": 19.824697193258757, "n_waypoints_completed": 9, "tot_waypoints": 9}}
{"target": -188.72779321521676, "params": {"k_pid_pos": [0.9471814781375212, 0.0, 0.0602232846671033], "k_pid_alt": [1.597276606772928, 0.0, 0.951100203350663], "k_pid_att": [38.78354961935961, 3.4554281269863543, 0.2708484471541719], "k_pid_yaw": [0.5, 1e-06, 0.1], "k_pid_hsp": [0.15911815029535306, 0.0, 0.0], "k_pid_vsp": [190.38185417965917, 62.214412766713366, 1e-06]}, "datetime": {"datetime": "2025-08-13 18:44:32", "elapsed": 32200.565795898438, "delta": 17.653107166290283}, "costs": {"total_cost": 188.72779321521676, "time_cost": 71.477, "final_distance_cost": 1.8113925152162211, "oscillation_cost": 27.126099175671154, "completition_cost": 0.0, "overshoot_cost": 51.18659545551043, "power_cost": 15.70690223388672, "noise_cost": 21.41980383493221, "n_waypoints_completed": 9, "tot_waypoints": 9}}
{"target": -198.85574109270436, "params": {"k_pid_pos": [0.9989914736936688, 0.0, 0.19638799790808983], "k_pid_alt": [1.3082224514021892, 0.0, 0.9575217595014034], "k_pid_att": [17.329371094771055, 0.0001, 0.22536335847785177], "k_pid_yaw": [0.5, 1e-06, 0.1], "k_pid_hsp": [0.546178940148862, 0.0, 0.0], "k_pid_vsp": [148.7853756420353, 1e-06, 1e-06]}, "datetime": {"datetime": "2025-08-13 18:44:51", "elapsed": 32219.03587126732, "delta": 18.470075368881226}, "costs": {"total_cost": 198.85574109270436, "time_cost": 75.656, "final_distance_cost": 1.8451123491936914, "oscillation_cost": 29.493383725724076, "completition_cost": 0.0, "overshoot_cost": 51.938527006919585, "power_cost": 16.743156872558593, "noise_cost": 23.17956113830842, "n_waypoints_completed": 9, "tot_waypoints": 9}}
{"target": -202.25485839561318, "params": {"k_pid_pos": [0.9216653217519222, 0.0, 0.02926755001031638], "k_pid_alt": [1.6237312735415368, 0.0, 0.962737332132201], "k_pid_att": [36.15049381555689, 3.6815553349407986, 0.25442064075495685], "k_pid_yaw": [0.5, 1e-06, 0.1], "k_pid_hsp": [0.22071002710723298, 0.0, 0.0], "k_pid_vsp": [49.1508640850069, 33.630993694544976, 1e-06]}, "datetime": {"datetime": "2025-08-13 18:45:08", "elapsed": 32236.342072963715, "delta": 17.306201696395874}, "costs": {"total_cost": 202.25485839561318, "time_cost": 73.15, "final_distance_cost": 1.8397449784788888, "oscillation_cost": 27.750979220100916, "completition_cost": 0.0, "overshoot_cost": 51.96504117262812, "power_cost": 23.94037019042969, "noise_cost": 23.608722833975577, "n_waypoints_completed": 9, "tot_waypoints": 9}}
{"target": -188.12409295002965, "params": {"k_pid_pos": [1.0381079922726764, 0.0, 0.11829071080085904], "k_pid_alt": [1.5725875632016795, 0.0, 0.9392571065333657], "k_pid_att": [34.96130290059091, 3.6942108885395264, 0.2628268015858461], "k_pid_yaw": [0.5, 1e-06, 0.1], "k_pid_hsp": [0.2623980642678156, 0.0, 0.0], "k_pid_vsp": [208.3112013669262, 43.07500586023824, 1e-06]}, "datetime": {"datetime": "2025-08-13 18:45:26", "elapsed": 32254.14552783966, "delta": 17.803454875946045}, "costs": {"total_cost": 188.12409295002965, "time_cost": 71.47, "final_distance_cost": 1.8417981277382833, "oscillation_cost": 28.550437377690873, "completition_cost": 0.0, "overshoot_cost": 50.31041632366237, "power_cost": 14.62713416748047, "noise_cost": 21.324306953457643, "n_waypoints_completed": 9, "tot_waypoints": 9}}
{"target": -200.69051571368956, "params": {"k_pid_pos": [0.669026446387873, 0.0, 0.045872769994337474], "k_pid_alt": [1.6142352800359836, 0.0, 0.9386164915110874], "k_pid_att": [35.435101880708295, 3.4422742828353496, 0.44858648315540495], "k_pid_yaw": [0.5, 1e-06, 0.1], "k_pid_hsp": [0.3979294169503942, 0.0, 0.0], "k_pid_vsp": [142.97211268222023, 35.976489262160484, 1e-06]}, "datetime": {"datetime": "2025-08-13 18:45:44", "elapsed": 32272.238303661346, "delta": 18.09277582168579}, "costs": {"total_cost": 200.69051571368956, "time_cost": 77.09100000000001, "final_distance_cost": 1.8500669823640377, "oscillation_cost": 27.20504083646821, "completition_cost": 0.0, "overshoot_cost": 51.41140652736311, "power_cost": 18.773257592773437, "noise_cost": 24.35974377472076, "n_waypoints_completed": 9, "tot_waypoints": 9}}
{"target": -199.57161946335333, "params": {"k_pid_pos": [0.6825363513647029, 0.0, 0.08807320216774035], "k_pid_alt": [1.681596308367069, 0.0, 0.9314857227395672], "k_pid_att": [37.32216159614691, 3.7599815878954805, 0.2544250300130866], "k_pid_yaw": [0.5, 1e-06, 0.1], "k_pid_hsp": [0.21281139841060534, 0.0, 0.0], "k_pid_vsp": [66.92175512384361, 47.05253857381997, 1e-06]}, "datetime": {"datetime": "2025-08-13 18:46:02", "elapsed": 32290.924453496933, "delta": 18.686149835586548}, "costs": {"total_cost": 199.57161946335333, "time_cost": 75.32000000000001, "final_distance_cost": 1.8425789729864408, "oscillation_cost": 25.56099190699869, "completition_cost": 0.0, "overshoot_cost": 51.48722975014077, "power_cost": 21.376878039550782, "noise_cost": 23.983940793676663, "n_waypoints_completed": 9, "tot_waypoints": 9}}
{"target": -184.528826930685, "params": {"k_pid_pos": [0.8847664698855013, 0.0, 0.10242759396256867], "k_pid_alt": [1.624477235002836, 0.0, 0.9524490292558357], "k_pid_att": [35.656921506459106, 3.210874462575063, 0.2630205585410712], "k_pid_yaw": [0.5, 1e-06, 0.1], "k_pid_hsp": [0.18867027398730168, 0.0, 0.0], "k_pid_vsp": [85.98519706413438, 37.641408111304735, 1e-06]}, "datetime": {"datetime": "2025-08-13 18:46:20", "elapsed": 32308.032858133316, "delta": 17.108404636383057}, "costs": {"total_cost": 184.528826930685, "time_cost": 71.771, "final_distance_cost": 1.8394700152549943, "oscillation_cost": 26.65555380501293, "completition_cost": 0.0, "overshoot_cost": 50.6772460295083, "power_cost": 12.780045300292969, "noise_cost": 20.805511780615802, "n_waypoints_completed": 9, "tot_waypoints": 9}}
{"target": -191.84836280989722, "params": {"k_pid_pos": [1.0116967638078722, 0.0007099487176425014, 0.09022445682044677], "k_pid_alt": [1.581409793432734, 0.0, 0.7873149531821906], "k_pid_att": [38.34664593520603, 3.4919611661414227, 0.23833983238218512], "k_pid_yaw": [0.5, 1e-06, 0.1], "k_pid_hsp": [0.27110848172773866, 0.0, 0.0], "k_pid_vsp": [123.2251508000413, 38.454481436067205, 1e-06]}, "datetime": {"datetime": "2025-08-13 18:46:37", "elapsed": 32325.406633377075, "delta": 17.373775243759155}, "costs": {"total_cost": 191.84836280989722, "time_cost": 71.134, "final_distance_cost": 1.8327700461705265, "oscillation_cost": 28.467165215633432, "completition_cost": 0.0, "overshoot_cost": 50.63916061252455, "power_cost": 17.725977001953126, "noise_cost": 22.049289933615594, "n_waypoints_completed": 9, "tot_waypoints": 9}}
{"target": -191.50238880872993, "params": {"k_pid_pos": [0.9422991829956364, 0.0, 0.07174819691393806], "k_pid_alt": [1.6117697730029836, 0.0, 0.9475055972005236], "k_pid_att": [36.232733640216374, 3.454153140288085, 0.27013169136284754], "k_pid_yaw": [0.5, 1e-06, 0.1], "k_pid_hsp": [0.18960267993923696, 0.0, 0.0], "k_pid_vsp": [185.02556220558506, 53.89855277841319, 1e-06]}, "datetime": {"datetime": "2025-08-13 18:46:54", "elapsed": 32342.023512363434, "delta": 16.616878986358643}, "costs": {"total_cost": 191.50238880872993, "time_cost": 71.631, "final_distance_cost": 1.8225560701803283, "oscillation_cost": 27.202609363096133, "completition_cost": 0.0, "overshoot_cost": 51.534499530475664, "power_cost": 17.399084497070312, "noise_cost": 21.912639347907515, "n_waypoints_completed": 9, "tot_waypoints": 9}}
{"target": -187.78845975578562, "params": {"k_pid_pos": [1.032055230128651, 0.0, 0.11646492884844617], "k_pid_alt": [1.7657497868182626, 0.0, 0.9346526192069926], "k_pid_att": [34.51693415588445, 3.4711897802624216, 0.25581786627817765], "k_pid_yaw": [0.5, 1e-06, 0.1], "k_pid_hsp": [0.2049988002196798, 0.0, 0.0], "k_pid_vsp": [317.7212334170875, 36.6172930302815, 1e-06]}, "datetime": {"datetime": "2025-08-13 18:47:11", "elapsed": 32359.054429531097, "delta": 17.030917167663574}, "costs": {"total_cost": 187.78845975578562, "time_cost": 71.421, "final_distance_cost": 1.8323953904738395, "oscillation_cost": 27.88346244360339, "completition_cost": 0.0, "overshoot_cost": 51.299684941250675, "power_cost": 14.188491088867188, "noise_cost": 21.16342589159056, "n_waypoints_completed": 9, "tot_waypoints": 9}}
