{"target": -189.9085292982275, "params": {"k_pid_pos": [1.2635665374872769, 0.0, 0.06899022462489936], "k_pid_alt": [1.6151005828956755, 0.0, 0.9441329512222392], "k_pid_att": [35.109655534292784, 3.608070088133107, 0.20486804383375956], "k_pid_yaw": [0.5, 1e-06, 0.1], "k_pid_hsp": [0.18106551620396893, 0.0, 0.0], "k_pid_vsp": [20.795455503858463, 22.104523804308265, 1e-06]}, "datetime": {"datetime": "2025-08-13 20:58:24", "elapsed": 40232.23625230789, "delta": 17.29614233970642}, "costs": {"total_cost": 189.9085292982275, "time_cost": 71.043, "final_distance_cost": 1.8084888883319823, "oscillation_cost": 29.53485874838669, "completition_cost": 0.0, "overshoot_cost": 51.50556645042229, "power_cost": 15.017079589843751, "noise_cost": 20.9995356212428, "n_waypoints_completed": 9, "tot_waypoints": 9}}
{"target": -199.72277821535755, "params": {"k_pid_pos": [0.6544257684308213, 0.0, 0.05137672737885532], "k_pid_alt": [1.960086764754552, 0.0, 0.9405032496090291], "k_pid_att": [32.21629576065398, 3.5208560385487573, 0.27809414176634323], "k_pid_yaw": [0.5, 1e-06, 0.1], "k_pid_hsp": [0.1076632713682335, 0.0, 0.0], "k_pid_vsp": [91.92619161993879, 32.79010862627306, 1e-06]}, "datetime": {"datetime": "2025-08-13 20:58:42", "elapsed": 40250.97221970558, "delta": 18.73596739768982}, "costs": {"total_cost": 199.72277821535755, "time_cost": 74.41, "final_distance_cost": 1.836135903732033, "oscillation_cost": 22.825491148062078, "completition_cost": 0.0, "overshoot_cost": 53.31820161398727, "power_cost": 23.373819140625002, "noise_cost": 23.959130408951168, "n_waypoints_completed": 9, "tot_waypoints": 9}}
{"target": -212.62939829767316, "params": {"k_pid_pos": [1.253382317208879, 0.0011681429230013351, 0.05746968348004462], "k_pid_alt": [1.6604878621522292, 0.0, 0.86559916316105], "k_pid_att": [34.768827571616924, 3.658265370296403, 0.23713909207080514], "k_pid_yaw": [0.5, 1e-06, 0.1], "k_pid_hsp": [0.0650209187794007, 0.0, 0.0], "k_pid_vsp": [105.66528678559794, 26.57626498931712, 1e-06]}, "datetime": {"datetime": "2025-08-13 20:59:01", "elapsed": 40269.5531334877, "delta": 18.58091378211975}, "costs": {"total_cost": 212.62939829767316, "time_cost": 76.601, "final_distance_cost": 1.8003378299395667, "oscillation_cost": 27.240328189063135, "completition_cost": 0.0, "overshoot_cost": 54.99364650992756, "power_cost": 27.16885791015625, "noise_cost": 24.825227858586665, "n_waypoints_completed": 9, "tot_waypoints": 9}}
{"target": -191.3096191100219, "params": {"k_pid_pos": [1.2169123299991322, 0.0, 0.07420044378830178], "k_pid_alt": [1.8655107978065806, 0.0, 0.9302337761737138], "k_pid_att": [46.386137444254125, 3.507145584650719, 0.2457489882654022], "k_pid_yaw": [0.5, 1e-06, 0.1], "k_pid_hsp": [0.12486135722830378, 0.0, 0.0], "k_pid_vsp": [149.97665290565314, 35.25357249278116, 1e-06]}, "datetime": {"datetime": "2025-08-13 20:59:19", "elapsed": 40287.75064897537, "delta": 18.1975154876709}, "costs": {"total_cost": 191.3096191100219, "time_cost": 71.19, "final_distance_cost": 1.795457723865674, "oscillation_cost": 28.584809060713965, "completition_cost": 0.0, "overshoot_cost": 51.36588712473651, "power_cost": 16.738829333496096, "noise_cost": 21.634635867209692, "n_waypoints_completed": 9, "tot_waypoints": 9}}
{"target": -187.11162024665106, "params": {"k_pid_pos": [0.811058456183134, 0.0, 0.09031882706583333], "k_pid_alt": [1.9472512996786135, 0.0, 0.9516405852244921], "k_pid_att": [33.01373584011103, 3.508906424889162, 0.26366213857897275], "k_pid_yaw": [0.5, 1e-06, 0.1], "k_pid_hsp": [0.11232150070380659, 0.0, 0.0], "k_pid_vsp": [95.45690627185617, 30.942959242887454, 1e-06]}, "datetime": {"datetime": "2025-08-13 20:59:37", "elapsed": 40305.23903942108, "delta": 17.48839044570923}, "costs": {"total_cost": 187.11162024665106, "time_cost": 71.645, "final_distance_cost": 1.828031606607158, "oscillation_cost": 24.423537367413758, "completition_cost": 0.0, "overshoot_cost": 51.2696542378402, "power_cost": 16.06293717041016, "noise_cost": 21.88245986437981, "n_waypoints_completed": 9, "tot_waypoints": 9}}
{"target": -189.54944006999443, "params": {"k_pid_pos": [0.8532622757595691, 0.0, 0.07090521227135782], "k_pid_alt": [1.7826998993753542, 0.0, 0.934992766632581], "k_pid_att": [32.04033340680327, 3.3896393005933514, 0.27120880206932135], "k_pid_yaw": [0.5, 1e-06, 0.1], "k_pid_hsp": [0.1638873914404064, 0.0, 0.0], "k_pid_vsp": [90.62961049873422, 30.345176400525723, 1e-06]}, "datetime": {"datetime": "2025-08-13 20:59:54", "elapsed": 40322.83050632477, "delta": 17.591466903686523}, "costs": {"total_cost": 189.54944006999443, "time_cost": 71.519, "final_distance_cost": 1.840567988245492, "oscillation_cost": 26.197579888774694, "completition_cost": 0.0, "overshoot_cost": 51.36104359786518, "power_cost": 16.697731823730468, "noise_cost": 21.933516771378606, "n_waypoints_completed": 9, "tot_waypoints": 9}}
{"target": -188.27135904223792, "params": {"k_pid_pos": [0.8860299714647681, 0.0, 0.060976568716394], "k_pid_alt": [2.0, 0.0, 0.9529834734099071], "k_pid_att": [33.062049099008306, 3.701250922946509, 0.2786306548089575], "k_pid_yaw": [0.5, 1e-06, 0.1], "k_pid_hsp": [0.11746598359750017, 0.0, 0.0], "k_pid_vsp": [89.08984041632704, 31.44704579317689, 1e-06]}, "datetime": {"datetime": "2025-08-13 21:00:11", "elapsed": 40339.78485131264, "delta": 16.954344987869263}, "costs": {"total_cost": 188.27135904223792, "time_cost": 71.169, "final_distance_cost": 1.7986411266018145, "oscillation_cost": 25.456742636165135, "completition_cost": 0.0, "overshoot_cost": 51.283619620161865, "power_cost": 16.82542946777344, "noise_cost": 21.737926191535674, "n_waypoints_completed": 9, "tot_waypoints": 9}}
{"target": -214.16979554709937, "params": {"k_pid_pos": [0.9645556235113362, 0.00547147543431864, 0.06147335721545825], "k_pid_alt": [1.6817064149566252, 0.0, 0.866678566559223], "k_pid_att": [34.73922229636489, 3.4784335619619955, 0.2602517074506576], "k_pid_yaw": [0.5, 1e-06, 0.1], "k_pid_hsp": [0.5410058507384674, 0.0, 0.0], "k_pid_vsp": [0.0, 36.14448804458657, 1e-06]}, "datetime": {"datetime": "2025-08-13 21:00:32", "elapsed": 40360.66755962372, "delta": 20.882708311080933}, "costs": {"total_cost": 214.16979554709937, "time_cost": 80.262, "final_distance_cost": 1.8483595194598428, "oscillation_cost": 29.370955861313675, "completition_cost": 0.0, "overshoot_cost": 54.775244181337506, "power_cost": 22.261034143066407, "noise_cost": 25.65220184192193, "n_waypoints_completed": 9, "tot_waypoints": 9}}
{"target": -184.1553963954577, "params": {"k_pid_pos": [1.014420172289877, 0.0, 0.050899630460564435], "k_pid_alt": [1.6386319597385617, 0.0, 0.9566831142035612], "k_pid_att": [34.55079364114681, 3.470558329969322, 0.23915211513826476], "k_pid_yaw": [0.5, 1e-06, 0.1], "k_pid_hsp": [0.19391471860078519, 0.0, 0.0], "k_pid_vsp": [97.8352769817062, 23.11666759110438, 1e-06]}, "datetime": {"datetime": "2025-08-13 21:00:49", "elapsed": 40377.838670015335, "delta": 17.17111039161682}, "costs": {"total_cost": 184.1553963954577, "time_cost": 71.05, "final_distance_cost": 1.8166478716375554, "oscillation_cost": 28.34721886069846, "completition_cost": 0.0, "overshoot_cost": 50.54162625580637, "power_cost": 12.003178979492189, "noise_cost": 20.39672442782313, "n_waypoints_completed": 9, "tot_waypoints": 9}}
{"target": -178.8631510863812, "params": {"k_pid_pos": [0.7757241729776413, 0.0, 0.05954801660370404], "k_pid_alt": [1.9854263840193134, 0.0, 0.9536874650633769], "k_pid_att": [31.84793388660711, 3.567291309034847, 0.26630322085952796], "k_pid_yaw": [0.5, 1e-06, 0.1], "k_pid_hsp": [0.08289714379871503, 0.0, 0.0], "k_pid_vsp": [53.725952008484086, 33.80276576404927, 1e-06]}, "datetime": {"datetime": "2025-08-13 21:01:07", "elapsed": 40395.89261817932, "delta": 18.053948163986206}, "costs": {"total_cost": 178.8631510863812, "time_cost": 72.156, "final_distance_cost": 1.8147459987281576, "oscillation_cost": 22.926595207756133, "completition_cost": 0.0, "overshoot_cost": 51.66464337381908, "power_cost": 10.192253662109376, "noise_cost": 20.108912843968465, "n_waypoints_completed": 9, "tot_waypoints": 9}}
{"target": -191.83149125726584, "params": {"k_pid_pos": [0.8690544490306764, 0.0, 0.0365296601033781], "k_pid_alt": [1.9556985380025234, 0.0, 0.9517189442931783], "k_pid_att": [33.12876938228784, 3.4491961600005046, 0.2789721938204054], "k_pid_yaw": [0.5, 1e-06, 0.1], "k_pid_hsp": [0.12458818326590325, 0.0, 0.0], "k_pid_vsp": [87.74801389502299, 21.275718476108604, 1e-06]}, "datetime": {"datetime": "2025-08-13 21:01:25", "elapsed": 40413.64271879196, "delta": 17.75010061264038}, "costs": {"total_cost": 191.83149125726584, "time_cost": 71.946, "final_distance_cost": 1.7969093567912233, "oscillation_cost": 25.398483908809364, "completition_cost": 0.0, "overshoot_cost": 51.7190697117846, "power_cost": 18.599025915527346, "noise_cost": 22.372002364353346, "n_waypoints_completed": 9, "tot_waypoints": 9}}
{"target": -190.76346945742384, "params": {"k_pid_pos": [0.9119328968509831, 0.0, 0.05273233103645983], "k_pid_alt": [1.837365418052266, 0.0, 0.9527992354482209], "k_pid_att": [34.02612760433735, 3.4822298361906063, 0.28443403230261305], "k_pid_yaw": [0.5, 1e-06, 0.1], "k_pid_hsp": [0.10067800614032622, 0.0, 0.0], "k_pid_vsp": [97.85320573535937, 32.72300276290584, 1e-06]}, "datetime": {"datetime": "2025-08-13 21:01:44", "elapsed": 40432.050157547, "delta": 18.4074387550354}, "costs": {"total_cost": 190.76346945742384, "time_cost": 72.156, "final_distance_cost": 1.7968791284635681, "oscillation_cost": 25.302900163742578, "completition_cost": 0.0, "overshoot_cost": 52.087525168405804, "power_cost": 17.420353515625, "noise_cost": 21.999811481186857, "n_waypoints_completed": 9, "tot_waypoints": 9}}
{"target": -181.01180654291358, "params": {"k_pid_pos": [1.0937805629122654, 0.0, 0.1464194605522238], "k_pid_alt": [2.0, 0.0, 0.9610634349538123], "k_pid_att": [33.78550867682432, 3.6511315298074782, 0.2559013707475961], "k_pid_yaw": [0.5, 1e-06, 0.1], "k_pid_hsp": [0.16686775593760342, 0.0, 0.0], "k_pid_vsp": [79.71196984954203, 45.60821626566404, 1e-06]}, "datetime": {"datetime": "2025-08-13 21:02:00", "elapsed": 40448.539430856705, "delta": 16.48927330970764}, "costs": {"total_cost": 181.01180654291358, "time_cost": 69.888, "final_distance_cost": 1.8368835859792456, "oscillation_cost": 28.088361971715205, "completition_cost": 0.0, "overshoot_cost": 50.30924826283075, "power_cost": 11.037615246582032, "noise_cost": 19.85169747580633, "n_waypoints_completed": 9, "tot_waypoints": 9}}
{"target": -183.32216835270344, "params": {"k_pid_pos": [0.8893898254597749, 0.0, 0.07722666661050544], "k_pid_alt": [1.7475308035645059, 0.0, 0.9556785309931565], "k_pid_att": [33.87068669777779, 3.6697331473808146, 0.45934599570093515], "k_pid_yaw": [0.5, 1e-06, 0.1], "k_pid_hsp": [0.21492860127734092, 0.0, 0.0], "k_pid_vsp": [90.79482418386146, 33.07168124286527, 1e-06]}, "datetime": {"datetime": "2025-08-13 21:02:18", "elapsed": 40466.14019155502, "delta": 17.60076069831848}, "costs": {"total_cost": 183.32216835270344, "time_cost": 71.309, "final_distance_cost": 1.830304675368235, "oscillation_cost": 27.0880855940528, "completition_cost": 0.0, "overshoot_cost": 50.94594701035315, "power_cost": 11.783246484375, "noise_cost": 20.365584588554253, "n_waypoints_completed": 9, "tot_waypoints": 9}}
{"target": -182.10941575493104, "params": {"k_pid_pos": [0.7337858528866544, 0.0, 0.07652382772982805], "k_pid_alt": [1.9368476401788592, 0.0, 1.0], "k_pid_att": [34.0107990266126, 3.426801808757698, 0.2729509328109474], "k_pid_yaw": [0.5, 1e-06, 0.1], "k_pid_hsp": [0.1003511904677204, 0.0, 0.0], "k_pid_vsp": [54.88351838793645, 33.89116687058051, 1e-06]}, "datetime": {"datetime": "2025-08-13 21:02:35", "elapsed": 40483.40467834473, "delta": 17.26448678970337}, "costs": {"total_cost": 182.10941575493104, "time_cost": 72.037, "final_distance_cost": 1.8149015845669685, "oscillation_cost": 23.32033996912902, "completition_cost": 0.0, "overshoot_cost": 51.51995166152821, "power_cost": 12.529633813476563, "noise_cost": 20.887588726230263, "n_waypoints_completed": 9, "tot_waypoints": 9}}
{"target": -181.64112094509971, "params": {"k_pid_pos": [0.8653241760136086, 0.0, 0.08673990528801008], "k_pid_alt": [1.6410762943932733, 0.0, 0.9401962593919702], "k_pid_att": [34.286163643894355, 3.3623668766760373, 0.24164270346564076], "k_pid_yaw": [0.5, 1e-06, 0.1], "k_pid_hsp": [0.13252662855311043, 0.0, 0.0], "k_pid_vsp": [105.5625304987423, 18.126637786793726, 1e-06]}, "datetime": {"datetime": "2025-08-13 21:02:54", "elapsed": 40502.32412981987, "delta": 18.919451475143433}, "costs": {"total_cost": 181.64112094509971, "time_cost": 72.163, "final_distance_cost": 1.8341093972391669, "oscillation_cost": 25.701342085891962, "completition_cost": 0.0, "overshoot_cost": 51.63442016113829, "power_cost": 10.309203039550782, "noise_cost": 19.99904626127951, "n_waypoints_completed": 9, "tot_waypoints": 9}}
{"target": -182.39581675470492, "params": {"k_pid_pos": [1.0654453363855032, 0.0001944534596509141, 0.05226405685095781], "k_pid_alt": [1.6573497106402517, 0.0, 0.8112366854747893], "k_pid_att": [31.869155348624947, 3.506068980504682, 0.23458512316670643], "k_pid_yaw": [0.5, 1e-06, 0.1], "k_pid_hsp": [0.3135657066215905, 0.0, 0.0], "k_pid_vsp": [88.27009762534199, 27.997260087534464, 1e-06]}, "datetime": {"datetime": "2025-08-13 21:03:11", "elapsed": 40519.04088330269, "delta": 16.716753482818604}, "costs": {"total_cost": 182.39581675470492, "time_cost": 70.161, "final_distance_cost": 1.8348805447934835, "oscillation_cost": 29.59708461793627, "completition_cost": 0.0, "overshoot_cost": 50.08440558228942, "power_cost": 10.918066320800781, "noise_cost": 19.800379688884956, "n_waypoints_completed": 9, "tot_waypoints": 9}}
{"target": -186.7240059849942, "params": {"k_pid_pos": [0.9049504377080596, 0.0, 0.07676000233660027], "k_pid_alt": [1.6626939083455248, 0.0, 0.9458654199087082], "k_pid_att": [36.02635254954718, 3.5423188328016892, 0.2706456789224274], "k_pid_yaw": [0.5, 1e-06, 0.1], "k_pid_hsp": [0.1505640890767896, 0.0, 0.0], "k_pid_vsp": [97.04772457450542, 34.56706434239618, 1e-06]}, "datetime": {"datetime": "2025-08-13 21:03:28", "elapsed": 40536.89030313492, "delta": 17.849419832229614}, "costs": {"total_cost": 186.7240059849942, "time_cost": 71.4, "final_distance_cost": 1.83324539141451, "oscillation_cost": 26.3687266692474, "completition_cost": 0.0, "overshoot_cost": 50.86302488143853, "power_cost": 14.912230773925781, "noise_cost": 21.346778268967967, "n_waypoints_completed": 9, "tot_waypoints": 9}}
{"target": -228.4826941391124, "params": {"k_pid_pos": [0.9648887439888643, 0.0, 0.14420828587676598], "k_pid_alt": [1.8939763708412607, 0.0, 0.8715427960443356], "k_pid_att": [32.64612426146405, 3.483424870073557, 0.26287250812812996], "k_pid_yaw": [0.5, 1e-06, 0.1], "k_pid_hsp": [0.02764362405356441, 0.0, 0.0], "k_pid_vsp": [100.44339214759897, 21.86621670356109, 1e-06]}, "datetime": {"datetime": "2025-08-13 21:03:54", "elapsed": 40562.724403858185, "delta": 25.8341007232666}, "costs": {"total_cost": 228.4826941391124, "time_cost": 102.382, "final_distance_cost": 1.7900737318974205, "oscillation_cost": 14.069077882355822, "completition_cost": 0.0, "overshoot_cost": 65.63032130447066, "power_cost": 15.006298400878906, "noise_cost": 29.6049228195096, "n_waypoints_completed": 9, "tot_waypoints": 9}}
{"target": -190.25668545826633, "params": {"k_pid_pos": [0.9357296331382908, 0.0, 0.05120746370128776], "k_pid_alt": [1.8944288183074836, 0.0, 0.9560427192993086], "k_pid_att": [35.61293159664569, 3.3141781997105686, 0.2344574643622187], "k_pid_yaw": [0.5, 1e-06, 0.1], "k_pid_hsp": [0.2325027570338411, 0.0, 0.0], "k_pid_vsp": [107.34103489556794, 23.52674336188147, 1e-06]}, "datetime": {"datetime": "2025-08-13 21:04:11", "elapsed": 40579.71147060394, "delta": 16.987066745758057}, "costs": {"total_cost": 190.25668545826633, "time_cost": 71.057, "final_distance_cost": 1.8414374043866892, "oscillation_cost": 27.830399111239615, "completition_cost": 0.0, "overshoot_cost": 51.123798268932234, "power_cost": 16.37608270263672, "noise_cost": 22.027967971071075, "n_waypoints_completed": 9, "tot_waypoints": 9}}
{"target": -186.54307986227218, "params": {"k_pid_pos": [0.8636598484821155, 0.0, 0.06301288833522656], "k_pid_alt": [2.0, 0.0, 0.9199517617627531], "k_pid_att": [29.22205368870491, 3.402738777514067, 0.2519833660442224], "k_pid_yaw": [0.5, 1e-06, 0.1], "k_pid_hsp": [0.12208787250049552, 0.0, 0.0], "k_pid_vsp": [53.37498875175484, 65.68400183182723, 1.9848701933097916]}, "datetime": {"datetime": "2025-08-13 21:04:30", "elapsed": 40598.14309382439, "delta": 18.431623220443726}, "costs": {"total_cost": 186.54307986227218, "time_cost": 70.777, "final_distance_cost": 1.8012240758655254, "oscillation_cost": 25.532694797784234, "completition_cost": 0.0, "overshoot_cost": 51.15442007104589, "power_cost": 15.890317175292969, "noise_cost": 21.387423742283545, "n_waypoints_completed": 9, "tot_waypoints": 9}}
{"target": -180.86522906736886, "params": {"k_pid_pos": [0.8833645063971183, 0.0, 0.1605886085672498], "k_pid_alt": [2.0, 0.0, 0.949322083459486], "k_pid_att": [31.535884252693233, 3.606671702581636, 0.27324968142107015], "k_pid_yaw": [0.5, 1e-06, 0.1], "k_pid_hsp": [0.13911987514032664, 0.0, 0.0], "k_pid_vsp": [86.12681332511592, 33.283195212249055, 1e-06]}, "datetime": {"datetime": "2025-08-13 21:04:47", "elapsed": 40615.38512349129, "delta": 17.242029666900635}, "costs": {"total_cost": 180.86522906736886, "time_cost": 70.91, "final_distance_cost": 1.8271222652623127, "oscillation_cost": 25.66243232173152, "completition_cost": 0.0, "overshoot_cost": 50.95832131375281, "power_cost": 11.18002421875, "noise_cost": 20.327328947872214, "n_waypoints_completed": 9, "tot_waypoints": 9}}
{"target": -184.55736906505211, "params": {"k_pid_pos": [0.8167651237865187, 0.0, 0.0], "k_pid_alt": [1.988385574135895, 0.0, 0.9563456068031237], "k_pid_att": [33.16692175383485, 3.5241160596655643, 0.26938391148651697], "k_pid_yaw": [0.5, 1e-06, 0.1], "k_pid_hsp": [0.12260464641179658, 0.0, 0.0], "k_pid_vsp": [91.2185145618417, 41.00066585452063, 1e-06]}, "datetime": {"datetime": "2025-08-13 21:05:04", "elapsed": 40632.81436920166, "delta": 17.429245710372925}, "costs": {"total_cost": 184.55736906505211, "time_cost": 70.805, "final_distance_cost": 1.7981319297292564, "oscillation_cost": 25.29740051895492, "completition_cost": 0.0, "overshoot_cost": 50.83115652205691, "power_cost": 14.70760838623047, "noise_cost": 21.11807170808056, "n_waypoints_completed": 9, "tot_waypoints": 9}}
{"target": -193.26726401032366, "params": {"k_pid_pos": [0.8483313660158147, 0.0, 0.043417214719412046], "k_pid_alt": [1.8985872088155216, 0.0, 0.9536033552382355], "k_pid_att": [32.796115795920166, 3.531956647496287, 0.2805098046506975], "k_pid_yaw": [0.5, 1e-06, 0.1], "k_pid_hsp": [0.12010172084683436, 0.0, 0.0], "k_pid_vsp": [95.4917896944485, 33.40381231145507, 1e-06]}, "datetime": {"datetime": "2025-08-13 21:05:23", "elapsed": 40651.228234767914, "delta": 18.413865566253662}, "costs": {"total_cost": 193.26726401032366, "time_cost": 72.016, "final_distance_cost": 1.8222503923093416, "oscillation_cost": 24.982414389806756, "completition_cost": 0.0, "overshoot_cost": 51.915687729716026, "power_cost": 19.961595458984377, "noise_cost": 22.569316039507132, "n_waypoints_completed": 9, "tot_waypoints": 9}}
{"target": -182.93620997425307, "params": {"k_pid_pos": [0.8622055012956904, 0.0, 0.07420945721100236], "k_pid_alt": [2.0, 0.0, 0.9840912946941146], "k_pid_att": [35.69203674779223, 7.782748812205342, 0.2534840130216892], "k_pid_yaw": [0.5, 1e-06, 0.1], "k_pid_hsp": [0.10950137361158735, 0.0, 0.0], "k_pid_vsp": [78.14762523970737, 29.981905848585797, 1e-06]}, "datetime": {"datetime": "2025-08-13 21:05:40", "elapsed": 40668.54079914093, "delta": 17.312564373016357}, "costs": {"total_cost": 182.93620997425307, "time_cost": 71.246, "final_distance_cost": 1.825186917597011, "oscillation_cost": 24.88287556998194, "completition_cost": 0.0, "overshoot_cost": 51.34630503192411, "power_cost": 12.895219335937501, "noise_cost": 20.74062311881251, "n_waypoints_completed": 9, "tot_waypoints": 9}}
{"target": -197.01401655591064, "params": {"k_pid_pos": [0.9275142999403008, 0.0, 0.08822366060952365], "k_pid_alt": [1.599095287992514, 0.0, 0.9490880602512525], "k_pid_att": [34.046575270045984, 3.6737965298195046, 0.26077320710882657], "k_pid_yaw": [0.5, 1e-06, 0.1], "k_pid_hsp": [0.26523194936325617, 0.0, 0.0], "k_pid_vsp": [135.58754272332186, 23.110405969580242, 1e-06]}, "datetime": {"datetime": "2025-08-13 21:05:58", "elapsed": 40686.637311697006, "delta": 18.09651255607605}, "costs": {"total_cost": 197.01401655591064, "time_cost": 72.667, "final_distance_cost": 1.837420618420272, "oscillation_cost": 27.51806114999272, "completition_cost": 0.0, "overshoot_cost": 51.404203372792246, "power_cost": 20.32703524169922, "noise_cost": 23.26029617300618, "n_waypoints_completed": 9, "tot_waypoints": 9}}
{"target": -196.30332908830303, "params": {"k_pid_pos": [0.720528757645687, 0.0, 0.058502167344699596], "k_pid_alt": [1.7449003116485184, 0.0, 0.9372515482932312], "k_pid_att": [33.21061874157283, 3.631062821072167, 0.2831937551901712], "k_pid_yaw": [0.5, 1e-06, 0.1], "k_pid_hsp": [0.1261985736709242, 0.0, 0.0], "k_pid_vsp": [108.08649872119886, 34.185916158375896, 1e-06]}, "datetime": {"datetime": "2025-08-13 21:06:15", "elapsed": 40703.923001766205, "delta": 17.28569006919861}, "costs": {"total_cost": 196.30332908830303, "time_cost": 73.773, "final_distance_cost": 1.81959168355942, "oscillation_cost": 23.91217015243683, "completition_cost": 0.0, "overshoot_cost": 52.395956910108914, "power_cost": 21.185492480468753, "noise_cost": 23.217117861729132, "n_waypoints_completed": 9, "tot_waypoints": 9}}
