{"target": -189.30801402702454, "params": {"k_pid_pos": [0.6583770863920296, 0.0, 0.002457830502325918], "k_pid_alt": [1.8434652868323784, 0.0, 0.9442485267542206], "k_pid_att": [49.79647650873277, 3.4440782923073616, 0.267007627079257], "k_pid_yaw": [0.5, 1e-06, 0.1], "k_pid_hsp": [0.1289476464971679, 0.0, 0.0], "k_pid_vsp": [139.41370351578158, 36.577419187789815, 1e-06]}, "datetime": {"datetime": "2025-08-13 22:13:03", "elapsed": 44711.067757606506, "delta": 17.171823024749756}, "costs": {"total_cost": 189.30801402702454, "time_cost": 72.639, "final_distance_cost": 1.8195172078233073, "oscillation_cost": 23.710490847865884, "completition_cost": 0.0, "overshoot_cost": 51.194449676452, "power_cost": 17.45762987060547, "noise_cost": 22.48692642427787, "n_waypoints_completed": 9, "tot_waypoints": 9}}
{"target": -184.2546489239612, "params": {"k_pid_pos": [0.6103595838502665, 0.0, 0.04353258914150597], "k_pid_alt": [1.8642250907233915, 0.0, 0.956455218265078], "k_pid_att": [33.740789525546525, 3.661853522246454, 0.27580439116426203], "k_pid_yaw": [0.5, 1e-06, 0.1], "k_pid_hsp": [0.12261828291648127, 0.0, 0.0], "k_pid_vsp": [138.63934841979784, 40.32350170453619, 1e-06]}, "datetime": {"datetime": "2025-08-13 22:13:22", "elapsed": 44730.68857431412, "delta": 19.620816707611084}, "costs": {"total_cost": 184.2546489239612, "time_cost": 73.262, "final_distance_cost": 1.8370580458280095, "oscillation_cost": 22.533638270740443, "completition_cost": 0.0, "overshoot_cost": 51.40390922821824, "power_cost": 13.619350402832032, "noise_cost": 21.598692976342463, "n_waypoints_completed": 9, "tot_waypoints": 9}}
{"target": -188.86745959565252, "params": {"k_pid_pos": [0.6602905975161208, 0.0, 0.04778434452248646], "k_pid_alt": [1.9322613003107094, 0.0, 0.9263593142490616], "k_pid_att": [33.689623962358986, 3.49572073753357, 0.292680313531644], "k_pid_yaw": [0.5, 1e-06, 0.1], "k_pid_hsp": [0.053964495319332534, 0.0, 0.0], "k_pid_vsp": [144.0537761674695, 50.799369863848355, 1e-06]}, "datetime": {"datetime": "2025-08-13 22:13:42", "elapsed": 44750.21436548233, "delta": 19.52579116821289}, "costs": {"total_cost": 188.86745959565252, "time_cost": 80.325, "final_distance_cost": 1.779590932469257, "oscillation_cost": 17.849844279515708, "completition_cost": 0.0, "overshoot_cost": 54.82356547645506, "power_cost": 11.290663281250001, "noise_cost": 22.798795625962484, "n_waypoints_completed": 9, "tot_waypoints": 9}}
{"target": -193.16087061067793, "params": {"k_pid_pos": [0.6301261807041401, 0.0, 0.0], "k_pid_alt": [1.8510306703256876, 0.0, 0.9446695718380297], "k_pid_att": [33.75241525886183, 3.851580278393182, 0.2746855939998941], "k_pid_yaw": [0.5, 1e-06, 0.1], "k_pid_hsp": [0.11597906256645155, 0.0, 0.0], "k_pid_vsp": [160.90020657728675, 51.52266561327339, 1e-06]}, "datetime": {"datetime": "2025-08-13 22:14:00", "elapsed": 44768.5982401371, "delta": 18.383874654769897}, "costs": {"total_cost": 193.16087061067793, "time_cost": 73.15, "final_distance_cost": 1.8296351630731742, "oscillation_cost": 23.200721422239916, "completition_cost": 0.0, "overshoot_cost": 52.01487080616344, "power_cost": 20.028878979492188, "noise_cost": 22.936764239709223, "n_waypoints_completed": 9, "tot_waypoints": 9}}
{"target": -190.89148424011884, "params": {"k_pid_pos": [0.8071542207436356, 0.006767983760594549, 0.0], "k_pid_alt": [1.5691805125769993, 0.0, 0.925494829113652], "k_pid_att": [34.81642968052955, 3.4908293422180035, 0.2418667041607754], "k_pid_yaw": [0.5, 1e-06, 0.1], "k_pid_hsp": [0.2781311865520952, 0.0, 0.0], "k_pid_vsp": [59.0188853455425, 47.08373723523144, 1e-06]}, "datetime": {"datetime": "2025-08-13 22:14:18", "elapsed": 44786.39468789101, "delta": 17.79644775390625}, "costs": {"total_cost": 190.89148424011884, "time_cost": 72.107, "final_distance_cost": 1.8467739996981358, "oscillation_cost": 27.092249063125642, "completition_cost": 0.0, "overshoot_cost": 51.00978746133042, "power_cost": 16.789801306152345, "noise_cost": 22.045872409812294, "n_waypoints_completed": 9, "tot_waypoints": 9}}
{"target": -196.801907728298, "params": {"k_pid_pos": [0.40665968871568314, 0.0, 0.004535400114131415], "k_pid_alt": [1.7495853042034282, 0.0, 0.9442477369467679], "k_pid_att": [35.34445623369486, 3.6959034500924473, 0.2839481596028427], "k_pid_yaw": [0.5, 1e-06, 0.1], "k_pid_hsp": [0.14923366367210925, 0.0, 0.0], "k_pid_vsp": [150.06362233829603, 45.926752316809015, 1e-06]}, "datetime": {"datetime": "2025-08-13 22:14:38", "elapsed": 44806.16349887848, "delta": 19.768810987472534}, "costs": {"total_cost": 196.801907728298, "time_cost": 80.766, "final_distance_cost": 1.854444213350577, "oscillation_cost": 20.694132264975842, "completition_cost": 0.0, "overshoot_cost": 52.156048647037494, "power_cost": 16.197173352050783, "noise_cost": 25.13410925088332, "n_waypoints_completed": 9, "tot_waypoints": 9}}
{"target": -189.61930370957865, "params": {"k_pid_pos": [0.6964578300374861, 0.0, 0.03258635314457567], "k_pid_alt": [1.8837600049438146, 0.0, 0.9529304488036704], "k_pid_att": [32.80169856397654, 3.533371956319566, 0.27590617510885357], "k_pid_yaw": [0.5, 1e-06, 0.1], "k_pid_hsp": [0.11497900376588946, 0.0, 0.0], "k_pid_vsp": [191.0131380714665, 53.31201661277416, 1e-06]}, "datetime": {"datetime": "2025-08-13 22:14:56", "elapsed": 44824.41875624657, "delta": 18.25525736808777}, "costs": {"total_cost": 189.61930370957865, "time_cost": 72.422, "final_distance_cost": 1.8364173193521276, "oscillation_cost": 23.674225971270197, "completition_cost": 0.0, "overshoot_cost": 51.65064131282072, "power_cost": 17.646585388183595, "noise_cost": 22.38943371795202, "n_waypoints_completed": 9, "tot_waypoints": 9}}
{"target": -186.34308433959686, "params": {"k_pid_pos": [0.7713907928699223, 0.0, 0.0026224292964268604], "k_pid_alt": [1.9096564387531436, 0.0, 0.9478661348882536], "k_pid_att": [33.58682668793854, 3.656515549005848, 0.2775418006443612], "k_pid_yaw": [0.5, 1e-06, 0.1], "k_pid_hsp": [0.11610644465455867, 0.0, 0.0], "k_pid_vsp": [145.78009515786243, 47.99249980611744, 1e-06]}, "datetime": {"datetime": "2025-08-13 22:15:14", "elapsed": 44842.788823604584, "delta": 18.370067358016968}, "costs": {"total_cost": 186.34308433959686, "time_cost": 71.673, "final_distance_cost": 1.8308775411530307, "oscillation_cost": 24.480422646762285, "completition_cost": 0.0, "overshoot_cost": 51.247395493995704, "power_cost": 15.56622763671875, "noise_cost": 21.54516102096707, "n_waypoints_completed": 9, "tot_waypoints": 9}}
{"target": -188.60279980461306, "params": {"k_pid_pos": [0.9139269262027758, 0.0, 0.0389618613075126], "k_pid_alt": [1.7809108054883471, 0.0, 0.9497669592557704], "k_pid_att": [35.04224061642732, 3.5451408070676003, 0.282159408649982], "k_pid_yaw": [0.5, 1e-06, 0.1], "k_pid_hsp": [0.16758471057768307, 0.0, 0.0], "k_pid_vsp": [135.72078423626124, 63.2467875165697, 1e-06]}, "datetime": {"datetime": "2025-08-13 22:15:33", "elapsed": 44861.088396549225, "delta": 18.299572944641113}, "costs": {"total_cost": 188.60279980461306, "time_cost": 71.176, "final_distance_cost": 1.825823829194658, "oscillation_cost": 26.81677772995097, "completition_cost": 0.0, "overshoot_cost": 50.785933223253636, "power_cost": 16.456868334960937, "noise_cost": 21.54139668725285, "n_waypoints_completed": 9, "tot_waypoints": 9}}
{"target": -184.2924466087546, "params": {"k_pid_pos": [0.7334945579545173, 0.0, 0.048000941805115896], "k_pid_alt": [1.734832209997578, 0.0, 0.9846719810629317], "k_pid_att": [34.44984217550848, 3.676184509224832, 0.26642250665200296], "k_pid_yaw": [0.5, 1e-06, 0.1], "k_pid_hsp": [0.3776792000624984, 0.0, 0.0], "k_pid_vsp": [87.34488865146801, 36.27407744829715, 1e-06]}, "datetime": {"datetime": "2025-08-13 22:15:51", "elapsed": 44879.53723716736, "delta": 18.448840618133545}, "costs": {"total_cost": 184.2924466087546, "time_cost": 74.025, "final_distance_cost": 1.8544691079890743, "oscillation_cost": 27.439131719168994, "completition_cost": 0.0, "overshoot_cost": 50.676352925181504, "power_cost": 9.639123449707032, "noise_cost": 20.658369406707976, "n_waypoints_completed": 9, "tot_waypoints": 9}}
{"target": -1241.3904131800882, "params": {"k_pid_pos": [0.7091371741346701, 0.0, 0.06846586646069812], "k_pid_alt": [1.7264230199491186, 0.0, 0.9448317693520707], "k_pid_att": [36.519396888159925, 3.872409793225196, 0.25209658668971957], "k_pid_yaw": [0.5, 1e-06, 0.1], "k_pid_hsp": [0.0001, 0.0, 0.0], "k_pid_vsp": [150.99439559301507, 29.6021739844521, 1e-06]}, "datetime": {"datetime": "2025-08-13 22:16:21", "elapsed": 44909.30153441429, "delta": 29.764297246932983}, "costs": {"total_cost": 1241.3904131800882, "time_cost": 150, "final_distance_cost": 46.249330023917295, "oscillation_cost": 0.13704430280864974, "completition_cost": 888.8888888888888, "overshoot_cost": 89.05006496911177, "power_cost": 31.995921618652346, "noise_cost": 35.069163376709106, "n_waypoints_completed": 1, "tot_waypoints": 9}}
{"target": -181.79648618815128, "params": {"k_pid_pos": [0.8551494350430973, 0.0, 0.0], "k_pid_alt": [1.8857280284626456, 0.0, 0.9369347082416446], "k_pid_att": [33.21902465007621, 3.694660687773857, 0.2753767129012455], "k_pid_yaw": [0.5, 1e-06, 0.1], "k_pid_hsp": [0.1150367119548456, 0.0, 0.0], "k_pid_vsp": [123.93279960330153, 48.97536655754165, 1e-06]}, "datetime": {"datetime": "2025-08-13 22:16:39", "elapsed": 44927.33606863022, "delta": 18.034534215927124}, "costs": {"total_cost": 181.79648618815128, "time_cost": 71.022, "final_distance_cost": 1.8262919738466574, "oscillation_cost": 25.375823610940127, "completition_cost": 0.0, "overshoot_cost": 51.05364965048582, "power_cost": 12.136908715820313, "noise_cost": 20.381812237058334, "n_waypoints_completed": 9, "tot_waypoints": 9}}
{"target": -192.74170560241222, "params": {"k_pid_pos": [1.2154912461390417, 0.0, 0.031118687545272906], "k_pid_alt": [1.9808954788294715, 0.0, 0.9473972190633323], "k_pid_att": [32.03781078331793, 3.832874615800062, 0.2567407576791002], "k_pid_yaw": [0.5, 1e-06, 0.1], "k_pid_hsp": [0.19774375833310617, 0.0, 0.0], "k_pid_vsp": [158.11492852220454, 30.235009999226726, 1e-06]}, "datetime": {"datetime": "2025-08-13 22:16:55", "elapsed": 44943.54844236374, "delta": 16.212373733520508}, "costs": {"total_cost": 192.74170560241222, "time_cost": 70.77, "final_distance_cost": 1.7971016407901208, "oscillation_cost": 29.996277225393246, "completition_cost": 0.0, "overshoot_cost": 51.394777030007155, "power_cost": 17.18004940185547, "noise_cost": 21.60350030436623, "n_waypoints_completed": 9, "tot_waypoints": 9}}
{"target": -182.63600290659969, "params": {"k_pid_pos": [0.8585911178534331, 0.00013378067561501788, 0.05084234132508343], "k_pid_alt": [1.9468981660477274, 0.0, 0.9483188100255191], "k_pid_att": [33.13504974124389, 3.664930249585053, 0.27002664347001837], "k_pid_yaw": [0.5, 1e-06, 0.1], "k_pid_hsp": [0.11391376401084523, 0.0, 0.0], "k_pid_vsp": [136.17385798987462, 44.63741423813009, 1e-06]}, "datetime": {"datetime": "2025-08-13 22:17:13", "elapsed": 44961.37134695053, "delta": 17.822904586791992}, "costs": {"total_cost": 182.63600290659969, "time_cost": 71.06400000000001, "final_distance_cost": 1.8233507078881432, "oscillation_cost": 25.22809499905247, "completition_cost": 0.0, "overshoot_cost": 51.308868224257004, "power_cost": 12.536315551757813, "noise_cost": 20.675373423644245, "n_waypoints_completed": 9, "tot_waypoints": 9}}
{"target": -1242.6297862903461, "params": {"k_pid_pos": [0.8988292364382559, 0.0, 0.04652774944965897], "k_pid_alt": [1.5169262532432737, 0.0, 0.9323576589605046], "k_pid_att": [35.47429279275058, 3.9490472981102576, 0.2753387368537008], "k_pid_yaw": [0.5, 1e-06, 0.1], "k_pid_hsp": [0.0001, 0.0, 0.0], "k_pid_vsp": [125.97208240753405, 58.49839187815672, 1e-06]}, "datetime": {"datetime": "2025-08-13 22:17:42", "elapsed": 44990.690529584885, "delta": 29.319182634353638}, "costs": {"total_cost": 1242.6297862903461, "time_cost": 150, "final_distance_cost": 47.19992465946636, "oscillation_cost": 0.031749446325303396, "completition_cost": 888.8888888888888, "overshoot_cost": 98.66311584054327, "power_cost": 24.062384924316408, "noise_cost": 33.7837225308059, "n_waypoints_completed": 1, "tot_waypoints": 9}}
{"target": -187.98386202820723, "params": {"k_pid_pos": [0.684300745127115, 0.0, 0.0], "k_pid_alt": [1.8541989837392567, 0.0, 0.8758480405956569], "k_pid_att": [36.66599379540869, 3.753465035307321, 0.2653800040601252], "k_pid_yaw": [0.5, 1e-06, 0.1], "k_pid_hsp": [0.27264211408598144, 0.0, 0.0], "k_pid_vsp": [148.82198893985827, 35.81617908960478, 1e-06]}, "datetime": {"datetime": "2025-08-13 22:17:59", "elapsed": 45007.74106311798, "delta": 17.050533533096313}, "costs": {"total_cost": 187.98386202820723, "time_cost": 73.311, "final_distance_cost": 1.8506501234832966, "oscillation_cost": 26.345254739085203, "completition_cost": 0.0, "overshoot_cost": 50.8642555807472, "power_cost": 13.7405533203125, "noise_cost": 21.872148264579018, "n_waypoints_completed": 9, "tot_waypoints": 9}}
{"target": -194.01096344802653, "params": {"k_pid_pos": [0.6946583691038231, 0.0, 0.03307569857795118], "k_pid_alt": [1.6201080124900944, 0.0, 0.9074513131840422], "k_pid_att": [32.10152493846285, 4.068219022661844, 0.259555743462297], "k_pid_yaw": [0.5, 1e-06, 0.1], "k_pid_hsp": [0.23538655009620268, 0.0, 0.0], "k_pid_vsp": [130.91045784660125, 16.26093310738262, 1e-06]}, "datetime": {"datetime": "2025-08-13 22:18:19", "elapsed": 45027.036942243576, "delta": 19.295879125595093}, "costs": {"total_cost": 194.01096344802653, "time_cost": 74.746, "final_distance_cost": 1.851750218502541, "oscillation_cost": 26.238416445334096, "completition_cost": 0.0, "overshoot_cost": 51.891051440748114, "power_cost": 16.336732446289062, "noise_cost": 22.947012897152728, "n_waypoints_completed": 9, "tot_waypoints": 9}}
{"target": -196.35005936098878, "params": {"k_pid_pos": [0.5197100580651234, 0.0, 0.06930782482747813], "k_pid_alt": [1.694344421605943, 0.0, 0.9447082560008996], "k_pid_att": [36.37409463588892, 3.99119829666252, 0.23995654972177044], "k_pid_yaw": [0.5, 1e-06, 0.1], "k_pid_hsp": [0.1677639274720105, 0.0, 0.0], "k_pid_vsp": [0.0, 53.09935491940843, 2.302908272162245]}, "datetime": {"datetime": "2025-08-13 22:18:37", "elapsed": 45045.449427604675, "delta": 18.412485361099243}, "costs": {"total_cost": 196.35005936098878, "time_cost": 77.889, "final_distance_cost": 1.8563726527454503, "oscillation_cost": 27.03789477529443, "completition_cost": 0.0, "overshoot_cost": 52.41978466319927, "power_cost": 15.26653701171875, "noise_cost": 21.88047025803087, "n_waypoints_completed": 9, "tot_waypoints": 9}}
{"target": -181.65938431813422, "params": {"k_pid_pos": [0.8313914834129622, 0.0, 0.03869980519304379], "k_pid_alt": [1.918412082369427, 0.0, 0.9473416055285451], "k_pid_att": [30.534403546895106, 3.7133624721676566, 0.2979485591707904], "k_pid_yaw": [0.5, 1e-06, 0.1], "k_pid_hsp": [0.13920795532243274, 0.0, 0.0], "k_pid_vsp": [105.55396805370975, 51.71651967105908, 1e-06]}, "datetime": {"datetime": "2025-08-13 22:18:55", "elapsed": 45063.38831615448, "delta": 17.938888549804688}, "costs": {"total_cost": 181.65938431813422, "time_cost": 70.658, "final_distance_cost": 1.8320728651273739, "oscillation_cost": 25.52223926500209, "completition_cost": 0.0, "overshoot_cost": 50.57989563136124, "power_cost": 12.601398681640626, "noise_cost": 20.465777875002896, "n_waypoints_completed": 9, "tot_waypoints": 9}}
{"target": -185.49908512258193, "params": {"k_pid_pos": [0.5337627878314428, 0.0, 0.0], "k_pid_alt": [1.897888367746054, 0.0, 0.9825738780453053], "k_pid_att": [32.52800674517795, 3.8777831224570503, 0.270948833493611], "k_pid_yaw": [0.5, 1e-06, 0.1], "k_pid_hsp": [0.11510777429267155, 0.0, 0.0], "k_pid_vsp": [140.03021948453957, 45.46025395008652, 1e-06]}, "datetime": {"datetime": "2025-08-13 22:19:12", "elapsed": 45080.96739816666, "delta": 17.579082012176514}, "costs": {"total_cost": 185.49908512258193, "time_cost": 73.864, "final_distance_cost": 1.844191692380437, "oscillation_cost": 21.18101496501819, "completition_cost": 0.0, "overshoot_cost": 51.640042012729666, "power_cost": 14.628418041992187, "noise_cost": 22.341418410461433, "n_waypoints_completed": 9, "tot_waypoints": 9}}
{"target": -185.56847176955495, "params": {"k_pid_pos": [0.8245135360232992, 0.0, 0.021707728609494742], "k_pid_alt": [1.8602142480572914, 0.0, 0.9523604659764063], "k_pid_att": [35.85191773209969, 3.6314832003094737, 0.2993531074778944], "k_pid_yaw": [0.5, 1e-06, 0.1], "k_pid_hsp": [0.11770880234028996, 0.0, 0.0], "k_pid_vsp": [122.54043816728374, 42.99334782435037, 1e-06]}, "datetime": {"datetime": "2025-08-13 22:19:31", "elapsed": 45099.4612634182, "delta": 18.493865251541138}, "costs": {"total_cost": 185.56847176955495, "time_cost": 71.407, "final_distance_cost": 1.8116649002999663, "oscillation_cost": 25.01328028786686, "completition_cost": 0.0, "overshoot_cost": 51.474814924673886, "power_cost": 14.539168127441407, "noise_cost": 21.32254352927286, "n_waypoints_completed": 9, "tot_waypoints": 9}}
{"target": -180.70309371549544, "params": {"k_pid_pos": [0.5499096078643747, 0.0, 0.06438668330937086], "k_pid_alt": [1.8203859753943397, 0.0, 0.9559235789514314], "k_pid_att": [32.07812539179829, 3.681223792718255, 0.2670831888465131], "k_pid_yaw": [0.5, 1e-06, 0.1], "k_pid_hsp": [0.11529638699824236, 0.0, 0.0], "k_pid_vsp": [150.00070627779297, 44.522830221355434, 1e-06]}, "datetime": {"datetime": "2025-08-13 22:19:48", "elapsed": 45116.82907605171, "delta": 17.367812633514404}, "costs": {"total_cost": 180.70309371549544, "time_cost": 74.557, "final_distance_cost": 1.8458575266734991, "oscillation_cost": 21.36785771272452, "completition_cost": 0.0, "overshoot_cost": 51.60277477033924, "power_cost": 10.30401455078125, "noise_cost": 21.025589154976917, "n_waypoints_completed": 9, "tot_waypoints": 9}}
{"target": -198.8012468501923, "params": {"k_pid_pos": [0.3410465416157494, 0.0, 0.06744311923328206], "k_pid_alt": [1.7525517129477042, 0.0, 0.950052680981815], "k_pid_att": [34.83321156195411, 3.789101102779429, 0.2745097031710898], "k_pid_yaw": [0.5, 1e-06, 0.1], "k_pid_hsp": [0.10384127829569695, 0.0, 0.0], "k_pid_vsp": [133.56046379216306, 43.33806591861623, 1e-06]}, "datetime": {"datetime": "2025-08-13 22:20:10", "elapsed": 45138.35317873955, "delta": 21.524102687835693}, "costs": {"total_cost": 198.8012468501923, "time_cost": 85.792, "final_distance_cost": 1.857966143969875, "oscillation_cost": 15.7804710168122, "completition_cost": 0.0, "overshoot_cost": 53.705084540552846, "power_cost": 15.02862879638672, "noise_cost": 26.63709635247066, "n_waypoints_completed": 9, "tot_waypoints": 9}}
{"target": -192.1166373981682, "params": {"k_pid_pos": [0.5850459516339817, 0.0, 0.012546645714327651], "k_pid_alt": [1.5883346652402714, 0.0, 0.9679001351153572], "k_pid_att": [36.08956689898545, 3.7748425575976845, 0.26568680921573234], "k_pid_yaw": [0.5, 1e-06, 0.1], "k_pid_hsp": [0.13286170957561003, 0.0, 0.0], "k_pid_vsp": [121.95999594054538, 45.37647900936099, 1e-06]}, "datetime": {"datetime": "2025-08-13 22:20:29", "elapsed": 45157.41733264923, "delta": 19.064153909683228}, "costs": {"total_cost": 192.1166373981682, "time_cost": 74.627, "final_distance_cost": 1.8307677221036873, "oscillation_cost": 22.915875844260704, "completition_cost": 0.0, "overshoot_cost": 51.712754856329525, "power_cost": 17.997843664550782, "noise_cost": 23.032395310923498, "n_waypoints_completed": 9, "tot_waypoints": 9}}
{"target": -182.03389796216842, "params": {"k_pid_pos": [0.7347063116686611, 0.0, 0.05459697634184377], "k_pid_alt": [1.865332564116689, 0.0, 0.9547153232481109], "k_pid_att": [32.99625996746039, 3.6433020692521896, 0.278028881066709], "k_pid_yaw": [0.5, 1e-06, 0.1], "k_pid_hsp": [0.11119085910474298, 0.0, 0.0], "k_pid_vsp": [103.73398946693567, 39.557516494506515, 1e-06]}, "datetime": {"datetime": "2025-08-13 22:20:46", "elapsed": 45174.819355249405, "delta": 17.40202260017395}, "costs": {"total_cost": 182.03389796216842, "time_cost": 71.778, "final_distance_cost": 1.8114337864537, "oscillation_cost": 23.673606613742955, "completition_cost": 0.0, "overshoot_cost": 51.32860100829931, "power_cost": 12.530774633789063, "noise_cost": 20.911481919883396, "n_waypoints_completed": 9, "tot_waypoints": 9}}
{"target": -195.11171756164092, "params": {"k_pid_pos": [0.7659467445273623, 0.0, 0.015125086853941594], "k_pid_alt": [1.8525530602596958, 0.0, 0.9499456891378059], "k_pid_att": [32.984832806880874, 3.679493534087124, 0.26580858459802115], "k_pid_yaw": [0.5, 1e-06, 0.1], "k_pid_hsp": [0.1321965749498863, 0.0, 0.0], "k_pid_vsp": [100.67491631176897, 30.029302099476375, 1e-06]}, "datetime": {"datetime": "2025-08-13 22:21:05", "elapsed": 45193.068029642105, "delta": 18.248674392700195}, "costs": {"total_cost": 195.11171756164092, "time_cost": 72.842, "final_distance_cost": 1.812328039485911, "oscillation_cost": 24.841648809324692, "completition_cost": 0.0, "overshoot_cost": 51.984946568410216, "power_cost": 20.57625524902344, "noise_cost": 23.05453889539666, "n_waypoints_completed": 9, "tot_waypoints": 9}}
{"target": -189.71987002014035, "params": {"k_pid_pos": [1.0696548301078392, 0.0, 0.031090157417065372], "k_pid_alt": [1.9977246786075233, 0.0, 0.9242987516784693], "k_pid_att": [39.74237470782773, 3.732357836219451, 0.24242285707345854], "k_pid_yaw": [0.5, 1e-06, 0.1], "k_pid_hsp": [0.18463697111732666, 0.0, 0.0], "k_pid_vsp": [153.29584206252997, 26.854444341177732, 1e-06]}, "datetime": {"datetime": "2025-08-13 22:21:21", "elapsed": 45209.82712626457, "delta": 16.75909662246704}, "costs": {"total_cost": 189.71987002014035, "time_cost": 70.595, "final_distance_cost": 1.8308886795456232, "oscillation_cost": 28.94267100757651, "completition_cost": 0.0, "overshoot_cost": 51.46925341987878, "power_cost": 15.530839611816408, "noise_cost": 21.351217301323025, "n_waypoints_completed": 9, "tot_waypoints": 9}}
