{"target": -1352.2700159970311, "params": {"k_pid_pos": [0.3947875134875127, 0.6694769535885137, 0.0], "k_pid_alt": [1.5876927867322297, 0.0, 1.0], "k_pid_att": [36.8063763856649, 4.764687213135504, 0.005945713966761551], "k_pid_yaw": [0.5, 1e-06, 0.1], "k_pid_hsp": [0.14323815988744762, 0.014901425469716548, 0.0], "k_pid_vsp": [244.1120146473354, 1e-06, 1e-06]}, "datetime": {"datetime": "2025-08-13 10:38:42", "elapsed": 3050.2191426754, "delta": 51.501209020614624}, "costs": {"total_cost": 1352.2700159970311, "time_cost": 150, "final_distance_cost": 45.404313196661676, "oscillation_cost": 68.02463710141853, "completition_cost": 1000.0, "overshoot_cost": 27.906570579372264, "power_cost": 26.402246398925783, "noise_cost": 34.53224872065275, "n_waypoints_completed": 0, "tot_waypoints": 9}}
{"target": -225.27031427562662, "params": {"k_pid_pos": [0.859270794202067, 0.09863662440020889, 0.052794757354843735], "k_pid_alt": [0.7373546404824607, 0.0, 0.792953875584878], "k_pid_att": [39.70484338252413, 4.618281830081646, 0.3108300478658433], "k_pid_yaw": [0.5, 1e-06, 0.1], "k_pid_hsp": [1.426104717059851, 0.0, 0.0], "k_pid_vsp": [101.61292884294056, 1e-06, 1.4441151595225072]}, "datetime": {"datetime": "2025-08-13 10:39:21", "elapsed": 3089.804014444351, "delta": 39.584871768951416}, "costs": {"total_cost": 225.27031427562662, "time_cost": 89.71900000000001, "final_distance_cost": 1.8376898554348446, "oscillation_cost": 32.069494608555225, "completition_cost": 0.0, "overshoot_cost": 52.535782911605885, "power_cost": 22.221923352050784, "noise_cost": 26.886423547979863, "n_waypoints_completed": 9, "tot_waypoints": 9}}
{"target": -195.67928234470094, "params": {"k_pid_pos": [0.43126735170630864, 0.06399715513213415, 0.0], "k_pid_alt": [1.4407808910275994, 0.0, 0.9817175780322311], "k_pid_att": [30.482026698632463, 3.864437774315686, 0.18920492128503877], "k_pid_yaw": [0.5, 1e-06, 0.1], "k_pid_hsp": [0.11084301548151806, 0.0, 0.0], "k_pid_vsp": [158.01603704470116, 25.5619698674988, 1e-06]}, "datetime": {"datetime": "2025-08-13 10:39:56", "elapsed": 3124.760096549988, "delta": 34.9560821056366}, "costs": {"total_cost": 195.67928234470094, "time_cost": 81.046, "final_distance_cost": 1.8344554038495142, "oscillation_cost": 19.046140728963707, "completition_cost": 0.0, "overshoot_cost": 52.81034606609729, "power_cost": 16.546126586914063, "noise_cost": 24.396213558876354, "n_waypoints_completed": 9, "tot_waypoints": 9}}
{"target": -314.26572522336306, "params": {"k_pid_pos": [1.0511816886751837, 0.46577966170881036, 0.17968141157394893], "k_pid_alt": [1.5284734191776428, 0.6348534370309515, 0.8605346013196733], "k_pid_att": [9.54742266349211, 2.7331178453271345, 0.6095488285218423], "k_pid_yaw": [0.5, 1e-06, 0.1], "k_pid_hsp": [2.0638706899780326, 0.23373129475473226, 0.310744495798676], "k_pid_vsp": [206.6748841781958, 152.90460611669116, 28.33742210681049]}, "datetime": {"datetime": "2025-08-13 10:40:32", "elapsed": 3160.348586320877, "delta": 35.58848977088928}, "costs": {"total_cost": 314.26572522336306, "time_cost": 82.642, "final_distance_cost": 1.7442190279653398, "oscillation_cost": 131.0774562885533, "completition_cost": 0.0, "overshoot_cost": 52.657677410840186, "power_cost": 24.10652196044922, "noise_cost": 22.03785053555506, "n_waypoints_completed": 9, "tot_waypoints": 9}}
{"target": -291.152293707014, "params": {"k_pid_pos": [2.0, 0.16231957166050928, 0.1710959231066672], "k_pid_alt": [1.2745366040784718, 0.09435013589130964, 1.0], "k_pid_att": [44.921315500339105, 5.505497906227303, 0.21818120515323056], "k_pid_yaw": [0.5, 1e-06, 0.1], "k_pid_hsp": [2.7315047438276574, 0.5378717337229324, 0.0], "k_pid_vsp": [322.9490526340204, 22.466517676124532, 37.8989739824634]}, "datetime": {"datetime": "2025-08-13 10:41:20", "elapsed": 3208.1143794059753, "delta": 47.76579308509827}, "costs": {"total_cost": 291.152293707014, "time_cost": 110.81700000000001, "final_distance_cost": 1.7497486523035803, "oscillation_cost": 65.84262667110539, "completition_cost": 0.0, "overshoot_cost": 54.1647537790883, "power_cost": 30.56712431640625, "noise_cost": 28.01104028811043, "n_waypoints_completed": 9, "tot_waypoints": 9}}
{"target": -1253.3366817496567, "params": {"k_pid_pos": [0.0006098128870321018, 0.8579742760165083, 0.18616144200942092], "k_pid_alt": [1.7115241840250943, 0.0, 0.995492590546691], "k_pid_att": [24.06565849393634, 3.769345772198502, 0.08631080904700009], "k_pid_yaw": [0.5, 1e-06, 0.1], "k_pid_hsp": [0.39577914834816397, 0.0, 0.013293160340551731], "k_pid_vsp": [198.86547788034633, 42.90224624549864, 1e-06]}, "datetime": {"datetime": "2025-08-13 10:42:13", "elapsed": 3261.108416080475, "delta": 52.99403667449951}, "costs": {"total_cost": 1253.3366817496567, "time_cost": 150, "final_distance_cost": 80.22657526141447, "oscillation_cost": 97.36732569676745, "completition_cost": 777.7777777777778, "overshoot_cost": 63.153183755792256, "power_cost": 47.14449521484375, "noise_cost": 37.6673240430609, "n_waypoints_completed": 2, "tot_waypoints": 9}}
{"target": -260.9652759233539, "params": {"k_pid_pos": [0.3103336933115724, 0.4367907439679704, 0.20725054623429678], "k_pid_alt": [2.0, 0.0, 1.0], "k_pid_att": [6.955076693965379, 3.725134544220943, 0.17584385342670805], "k_pid_yaw": [0.5, 1e-06, 0.1], "k_pid_hsp": [5.393152636021104, 0.0, 0.0638782719366083], "k_pid_vsp": [152.74408454073347, 9.115002002290314, 10.114532885902863]}, "datetime": {"datetime": "2025-08-13 10:42:50", "elapsed": 3297.987462282181, "delta": 36.87904620170593}, "costs": {"total_cost": 260.9652759233539, "time_cost": 83.51, "final_distance_cost": 1.8076915500213118, "oscillation_cost": 79.75026908729868, "completition_cost": 0.0, "overshoot_cost": 53.08648147694814, "power_cost": 20.86556925048828, "noise_cost": 21.94526455859747, "n_waypoints_completed": 9, "tot_waypoints": 9}}
{"target": -1276.4489511985398, "params": {"k_pid_pos": [0.7429224911958201, 0.20308680498068932, 0.21483573733179084], "k_pid_alt": [1.8477539814821096, 0.0, 1.0], "k_pid_att": [41.64510661110985, 3.161940832077382, 0.0], "k_pid_yaw": [0.5, 1e-06, 0.1], "k_pid_hsp": [0.0001, 0.003727306958099412, 0.0], "k_pid_vsp": [245.57650692312117, 1e-06, 1e-06]}, "datetime": {"datetime": "2025-08-13 10:43:42", "elapsed": 3350.606790781021, "delta": 52.61932849884033}, "costs": {"total_cost": 1276.4489511985398, "time_cost": 150, "final_distance_cost": 62.949080106617075, "oscillation_cost": 20.26169603979887, "completition_cost": 888.8888888888888, "overshoot_cost": 110.16593354704834, "power_cost": 13.774324963378907, "noise_cost": 30.40902765280792, "n_waypoints_completed": 1, "tot_waypoints": 9}}
{"target": -1070.4548539545797, "params": {"k_pid_pos": [0.6391520231285153, 0.09453423776064684, 0.1528055046463964], "k_pid_alt": [0.9706956784875739, 0.10309926261992437, 0.9240299957814909], "k_pid_att": [17.597958078092418, 6.988813468971318, 0.08718638170621118], "k_pid_yaw": [0.5, 1e-06, 0.1], "k_pid_hsp": [2.3382490038787287, 0.0, 0.5472719947076615], "k_pid_vsp": [366.7978540408333, 329.4367026368722, 141.6557553816942]}, "datetime": {"datetime": "2025-08-13 10:44:34", "elapsed": 3402.8911349773407, "delta": 52.28434419631958}, "costs": {"total_cost": 1070.4548539545797, "time_cost": 150, "final_distance_cost": 70.7323748908381, "oscillation_cost": 525.537981546646, "completition_cost": 222.2222222222222, "overshoot_cost": 46.11267361589567, "power_cost": 28.751515197753907, "noise_cost": 27.09808648122351, "n_waypoints_completed": 7, "tot_waypoints": 9}}
{"target": -627.4374048516453, "params": {"k_pid_pos": [1.890748815489886, 0.2297241937140751, 0.32944198384524936], "k_pid_alt": [1.7989295010998503, 0.45068900441654464, 0.6772492853327523], "k_pid_att": [39.430667361583126, 1.4980741320490354, 0.27573830571744945], "k_pid_yaw": [0.5, 1e-06, 0.1], "k_pid_hsp": [0.24232580814518268, 0.13364761295923366, 0.0], "k_pid_vsp": [212.96768992230926, 1e-06, 88.28139228672126]}, "datetime": {"datetime": "2025-08-13 10:45:26", "elapsed": 3454.5366218090057, "delta": 51.64548683166504}, "costs": {"total_cost": 627.4374048516453, "time_cost": 150, "final_distance_cost": 62.83176816618296, "oscillation_cost": 51.31803431806362, "completition_cost": 222.2222222222222, "overshoot_cost": 63.881845132413154, "power_cost": 42.27691785888672, "noise_cost": 34.906617153876724, "n_waypoints_completed": 7, "tot_waypoints": 9}}
{"target": -1158.030902428375, "params": {"k_pid_pos": [0.3608315342877095, 0.11957751860110619, 0.0], "k_pid_alt": [1.7851792031288571, 0.0794225081000085, 0.9683523434396248], "k_pid_att": [36.16760685724549, 3.9775593705857553, 0.1368304320374381], "k_pid_yaw": [0.5, 1e-06, 0.1], "k_pid_hsp": [0.7316046595265093, 0.0, 0.41626395956180723], "k_pid_vsp": [195.44183135730836, 1e-06, 65.16645557158049]}, "datetime": {"datetime": "2025-08-13 10:46:17", "elapsed": 3505.9157345294952, "delta": 51.3791127204895}, "costs": {"total_cost": 1158.030902428375, "time_cost": 150, "final_distance_cost": 68.43620355246361, "oscillation_cost": 594.7768650636888, "completition_cost": 222.2222222222222, "overshoot_cost": 54.72340503090319, "power_cost": 38.13596613769531, "noise_cost": 29.736240421401863, "n_waypoints_completed": 7, "tot_waypoints": 9}}
{"target": -1279.3229396927138, "params": {"k_pid_pos": [0.016261963133682666, 0.1836491114336719, 0.0], "k_pid_alt": [1.5045000911448891, 0.0, 0.9884325534802609], "k_pid_att": [51.075285341359475, 2.763696994065611, 0.17025468711433298], "k_pid_yaw": [0.5, 1e-06, 0.1], "k_pid_hsp": [0.0001, 0.0, 0.0], "k_pid_vsp": [146.6572344747885, 1e-06, 4.597737724372022]}, "datetime": {"datetime": "2025-08-13 10:47:12", "elapsed": 3560.6332337856293, "delta": 54.71749925613403}, "costs": {"total_cost": 1279.3229396927138, "time_cost": 150, "final_distance_cost": 45.09156693802429, "oscillation_cost": 3.4687369727504427, "completition_cost": 1000.0, "overshoot_cost": 24.975565553131347, "power_cost": 22.346922583007814, "noise_cost": 33.440147645799776, "n_waypoints_completed": 0, "tot_waypoints": 9}}
{"target": -1393.1063529047995, "params": {"k_pid_pos": [0.09657739041758584, 0.0, 0.16283062697747155], "k_pid_alt": [1.270709943846847, 0.02057931539471089, 1.0], "k_pid_att": [39.88883580634633, 4.413022777771374, 0.14683139316308308], "k_pid_yaw": [0.5, 1e-06, 0.1], "k_pid_hsp": [0.0001, 0.2994553968365129, 0.0], "k_pid_vsp": [161.3369799014747, 104.88589875431578, 1e-06]}, "datetime": {"datetime": "2025-08-13 10:48:05", "elapsed": 3613.9198880195618, "delta": 53.286654233932495}, "costs": {"total_cost": 1393.1063529047995, "time_cost": 150, "final_distance_cost": 59.00151914745009, "oscillation_cost": 152.59769653293296, "completition_cost": 888.8888888888888, "overshoot_cost": 96.357844739587, "power_cost": 15.261911083984376, "noise_cost": 30.998492511956144, "n_waypoints_completed": 1, "tot_waypoints": 9}}
{"target": -470.5099498673809, "params": {"k_pid_pos": [2.0, 0.13326994302537423, 0.17343242779997398], "k_pid_alt": [0.3847236349945966, 0.4407114095691885, 0.4997975478133132], "k_pid_att": [59.226832551061804, 7.230347077299449, 0.4130315437766143], "k_pid_yaw": [0.5, 1e-06, 0.1], "k_pid_hsp": [6.561208050505134, 0.3450882085579823, 0.026609441548263973], "k_pid_vsp": [168.63002118740275, 54.49042364574795, 40.54209099869944]}, "datetime": {"datetime": "2025-08-13 10:48:54", "elapsed": 3662.30801820755, "delta": 48.38813018798828}, "costs": {"total_cost": 470.5099498673809, "time_cost": 108.661, "final_distance_cost": 1.757916454759584, "oscillation_cost": 247.61992363748104, "completition_cost": 0.0, "overshoot_cost": 62.80882325024302, "power_cost": 23.534993359375, "noise_cost": 26.12729316552223, "n_waypoints_completed": 9, "tot_waypoints": 9}}
{"target": -1086.1051284683317, "params": {"k_pid_pos": [0.3067925360773947, 0.5415649883321211, 0.4246558226414844], "k_pid_alt": [0.6214649216325052, 0.16434735207864426, 0.7779531984324809], "k_pid_att": [49.15665719325928, 8.247870109763644, 0.1791522798595786], "k_pid_yaw": [0.5, 1e-06, 0.1], "k_pid_hsp": [2.398856193852512, 0.3400848699771742, 0.8038957053266549], "k_pid_vsp": [392.2159226490394, 56.69997777064353, 130.1087238665134]}, "datetime": {"datetime": "2025-08-13 10:49:47", "elapsed": 3715.235440015793, "delta": 52.9274218082428}, "costs": {"total_cost": 1086.1051284683317, "time_cost": 150, "final_distance_cost": 72.72098392140619, "oscillation_cost": 408.20950381759667, "completition_cost": 333.33333333333337, "overshoot_cost": 59.300696445910575, "power_cost": 34.327922485351564, "noise_cost": 28.212688464733247, "n_waypoints_completed": 6, "tot_waypoints": 9}}
{"target": -211.99942558089586, "params": {"k_pid_pos": [1.1029813963418311, 0.22637897112835348, 0.0], "k_pid_alt": [1.4956028813122417, 0.0, 0.7669691520941736], "k_pid_att": [66.09917143509058, 4.555429753111227, 0.13093917897230972], "k_pid_yaw": [0.5, 1e-06, 0.1], "k_pid_hsp": [0.9303601084329995, 0.0, 0.0], "k_pid_vsp": [144.52391834307656, 11.772805604708033, 1e-06]}, "datetime": {"datetime": "2025-08-13 10:50:21", "elapsed": 3749.6234691143036, "delta": 34.38802909851074}, "costs": {"total_cost": 211.99942558089586, "time_cost": 75.747, "final_distance_cost": 1.8015691993638185, "oscillation_cost": 35.806999399447356, "completition_cost": 0.0, "overshoot_cost": 52.36612005396139, "power_cost": 22.584113903808596, "noise_cost": 23.693623024314697, "n_waypoints_completed": 9, "tot_waypoints": 9}}
{"target": -1231.947186199124, "params": {"k_pid_pos": [0.0001, 0.14866551771997755, 0.0], "k_pid_alt": [2.0, 0.0, 1.0], "k_pid_att": [8.918935950293605, 5.7451707464393955, 0.0], "k_pid_yaw": [0.5, 1e-06, 0.1], "k_pid_hsp": [0.023193517377824737, 0.0, 0.0], "k_pid_vsp": [120.22054476680952, 1e-06, 1e-06]}, "datetime": {"datetime": "2025-08-13 10:51:14", "elapsed": 3802.0409922599792, "delta": 52.41752314567566}, "costs": {"total_cost": 1231.947186199124, "time_cost": 150, "final_distance_cost": 68.51037502284194, "oscillation_cost": 2.4874185348612086, "completition_cost": 888.8888888888888, "overshoot_cost": 62.61783303200964, "power_cost": 25.297878845214846, "noise_cost": 34.14479187530735, "n_waypoints_completed": 1, "tot_waypoints": 9}}
{"target": -1826.0122619649355, "params": {"k_pid_pos": [1.998920750342459, 0.0, 0.0], "k_pid_alt": [0.4077695249710935, 0.38236406067053536, 0.9634878158086001], "k_pid_att": [50.97457549229502, 6.154263143063687, 0.21242149156246476], "k_pid_yaw": [0.5, 1e-06, 0.1], "k_pid_hsp": [0.0001, 0.995540460677767, 0.7954728198478842], "k_pid_vsp": [281.90902378667994, 303.775891185324, 16.165081864777644]}, "datetime": {"datetime": "2025-08-13 10:52:06", "elapsed": 3854.4125945568085, "delta": 52.371602296829224}, "costs": {"total_cost": 1826.0122619649355, "time_cost": 150, "final_distance_cost": 79.89126304546748, "oscillation_cost": 713.9213034129036, "completition_cost": 666.6666666666667, "overshoot_cost": 145.32965458027053, "power_cost": 39.97427081298828, "noise_cost": 30.22910344663892, "n_waypoints_completed": 3, "tot_waypoints": 9}}
{"target": -1653.9954600250965, "params": {"k_pid_pos": [0.4569231687303279, 0.1910338264495287, 0.3119016023733049], "k_pid_alt": [1.490269070739922, 0.22690488631255445, 0.9396302001757967], "k_pid_att": [12.795225715983829, 3.851228123242425, 0.1902317981323751], "k_pid_yaw": [0.5, 1e-06, 0.1], "k_pid_hsp": [3.9355077215725234, 0.3671059927388985, 0.7799435209509775], "k_pid_vsp": [179.72497306846628, 20.027350180646167, 167.9314550155898]}, "datetime": {"datetime": "2025-08-13 10:52:59", "elapsed": 3907.796204328537, "delta": 53.383609771728516}, "costs": {"total_cost": 1653.9954600250965, "time_cost": 150, "final_distance_cost": 84.25227323634077, "oscillation_cost": 512.0428963700746, "completition_cost": 777.7777777777778, "overshoot_cost": 66.84780003386432, "power_cost": 33.71817917480469, "noise_cost": 29.35653343223438, "n_waypoints_completed": 2, "tot_waypoints": 9}}
{"target": -201.2775030179676, "params": {"k_pid_pos": [0.49275800590297264, 0.18848155022322047, 0.17888737446852812], "k_pid_alt": [1.515427128667956, 0.0, 0.949345597264735], "k_pid_att": [39.447728079683905, 3.8677381495188174, 0.1845336041603497], "k_pid_yaw": [0.5, 1e-06, 0.1], "k_pid_hsp": [0.09847755819799779, 0.011264223901387349, 0.0], "k_pid_vsp": [194.7624155113164, 20.0, 10.0]}, "datetime": {"datetime": "2025-08-13 10:53:37", "elapsed": 3945.437844991684, "delta": 37.64164066314697}, "costs": {"total_cost": 201.2775030179676, "time_cost": 82.229, "final_distance_cost": 1.8212069708618572, "oscillation_cost": 21.890299419613388, "completition_cost": 0.0, "overshoot_cost": 53.022314425222696, "power_cost": 21.46339012451172, "noise_cost": 20.85129207775792, "n_waypoints_completed": 9, "tot_waypoints": 9}}
{"target": -1726.3208431514952, "params": {"k_pid_pos": [0.46644925458866143, 0.28860729599045853, 0.19247889946414948], "k_pid_alt": [1.5567174843744558, 0.0, 0.9508974298002538], "k_pid_att": [39.71841880541662, 4.598679944052163, 0.20273095745379296], "k_pid_yaw": [0.5, 1e-06, 0.1], "k_pid_hsp": [0.0001, 0.0, 0.0], "k_pid_vsp": [124.45937299951802, 39.101748553389115, 174.53608995149492]}, "datetime": {"datetime": "2025-08-13 10:54:31", "elapsed": 3999.7094461917877, "delta": 54.27160120010376}, "costs": {"total_cost": 1726.3208431514952, "time_cost": 150, "final_distance_cost": 203.92226670427598, "oscillation_cost": 6.111697526661155, "completition_cost": 1000.0, "overshoot_cost": 312.933474925015, "power_cost": 26.60510440673828, "noise_cost": 26.74829958880471, "n_waypoints_completed": 0, "tot_waypoints": 9}}
{"target": -1213.9497504129113, "params": {"k_pid_pos": [0.5406221509229647, 0.0, 0.018361725218480784], "k_pid_alt": [1.5411664949613635, 0.0, 1.0], "k_pid_att": [57.43511703422244, 3.63521496966051, 0.14490909705030272], "k_pid_yaw": [0.5, 1e-06, 0.1], "k_pid_hsp": [0.0001, 0.0, 0.0], "k_pid_vsp": [188.71763785132225, 1e-06, 1e-06]}, "datetime": {"datetime": "2025-08-13 10:55:26", "elapsed": 4054.078742980957, "delta": 54.36929678916931}, "costs": {"total_cost": 1213.9497504129113, "time_cost": 150, "final_distance_cost": 45.48443646303908, "oscillation_cost": 10.097313157023635, "completition_cost": 888.8888888888888, "overshoot_cost": 73.53714080424025, "power_cost": 14.856654138183595, "noise_cost": 31.08531696153589, "n_waypoints_completed": 1, "tot_waypoints": 9}}
{"target": -1253.5761098006963, "params": {"k_pid_pos": [1.4230509244698137, 0.23480667226933877, 0.2487491598195547], "k_pid_alt": [1.430392789907022, 0.0, 0.7153907895095201], "k_pid_att": [21.269962226974712, 5.353238794097885, 0.3895252217383548], "k_pid_yaw": [0.5, 1e-06, 0.1], "k_pid_hsp": [0.0001, 0.0, 0.0], "k_pid_vsp": [194.90247608922002, 43.8521848447747, 7.5890389710071835]}, "datetime": {"datetime": "2025-08-13 10:56:21", "elapsed": 4109.696387767792, "delta": 55.61764478683472}, "costs": {"total_cost": 1253.5761098006963, "time_cost": 150, "final_distance_cost": 49.29047058696575, "oscillation_cost": 0.1032104119503293, "completition_cost": 888.8888888888888, "overshoot_cost": 106.06885662365235, "power_cost": 27.007997338867188, "noise_cost": 32.21668595037177, "n_waypoints_completed": 1, "tot_waypoints": 9}}
{"target": -229.75344695661502, "params": {"k_pid_pos": [0.86813081397465, 0.47923651384805555, 0.4035717675992505], "k_pid_alt": [1.5287075631811695, 0.5339214650805395, 1.0], "k_pid_att": [48.614782869398056, 3.33149601391624, 0.18135751512551207], "k_pid_yaw": [0.5, 1e-06, 0.1], "k_pid_hsp": [0.6184084532062735, 0.1003158058962055, 0.0], "k_pid_vsp": [201.35771808034116, 1e-06, 6.046634852312316]}, "datetime": {"datetime": "2025-08-13 10:57:02", "elapsed": 4150.373795509338, "delta": 40.67740774154663}, "costs": {"total_cost": 229.75344695661502, "time_cost": 94.871, "final_distance_cost": 1.7914917108568191, "oscillation_cost": 35.78908347825602, "completition_cost": 0.0, "overshoot_cost": 54.10694445965701, "power_cost": 16.68750780029297, "noise_cost": 26.507419507552243, "n_waypoints_completed": 9, "tot_waypoints": 9}}
{"target": -213.4968988384425, "params": {"k_pid_pos": [0.4711501191896897, 0.24156922189992652, 0.41385489354824767], "k_pid_alt": [1.2452434677461486, 0.0, 1.0], "k_pid_att": [39.548432358206554, 6.575902332271651, 0.18347176885406918], "k_pid_yaw": [0.5, 1e-06, 0.1], "k_pid_hsp": [0.19918770213693726, 0.025154272545095616, 0.0], "k_pid_vsp": [196.11906626937136, 35.63290893687723, 1e-06]}, "datetime": {"datetime": "2025-08-13 10:57:42", "elapsed": 4190.029644012451, "delta": 39.65584850311279}, "costs": {"total_cost": 213.4968988384425, "time_cost": 90.622, "final_distance_cost": 1.828066261361114, "oscillation_cost": 24.241924244787004, "completition_cost": 0.0, "overshoot_cost": 51.76579530598119, "power_cost": 18.438709814453127, "noise_cost": 26.600403211860044, "n_waypoints_completed": 9, "tot_waypoints": 9}}
{"target": -1210.713701219545, "params": {"k_pid_pos": [0.45728275030502097, 0.04933002853052104, 0.14755978540567727], "k_pid_alt": [1.579020289456033, 0.0, 1.0], "k_pid_att": [37.83360874684469, 3.1983776892554214, 0.22318193269811687], "k_pid_yaw": [0.5, 1e-06, 0.1], "k_pid_hsp": [0.0001, 0.0, 0.0], "k_pid_vsp": [223.2518835276349, 1e-06, 1e-06]}, "datetime": {"datetime": "2025-08-13 10:58:34", "elapsed": 4242.878223180771, "delta": 52.8485791683197}, "costs": {"total_cost": 1210.713701219545, "time_cost": 150, "final_distance_cost": 45.44826955265701, "oscillation_cost": 0.008295874482682614, "completition_cost": 888.8888888888888, "overshoot_cost": 72.93135585891089, "power_cost": 20.50891024169922, "noise_cost": 32.92798080290657, "n_waypoints_completed": 1, "tot_waypoints": 9}}
