{"target": -220.68678394717233, "params": {"k_pid_pos": [1.2413020850591643, 0.0, 0.059778788188062856], "k_pid_alt": [1.726489746179692, 0.0, 0.9259030808791776], "k_pid_att": [32.18710832089046, 3.658012502192922, 0.22393352108609813], "k_pid_yaw": [0.5, 1e-06, 0.1], "k_pid_hsp": [0.0422214124165296, 0.0, 0.0], "k_pid_vsp": [18.262696117445486, 32.827274593540636, 1e-06]}, "datetime": {"datetime": "2025-08-13 22:21:43", "elapsed": 45231.67896270752, "delta": 21.851836442947388}, "costs": {"total_cost": 220.68678394717233, "time_cost": 87.633, "final_distance_cost": 1.7396430144071025, "oscillation_cost": 21.75996715442697, "completition_cost": 0.0, "overshoot_cost": 58.07734091200724, "power_cost": 23.663382080078126, "noise_cost": 27.813450786252915, "n_waypoints_completed": 9, "tot_waypoints": 9}}
{"target": -190.06282808433025, "params": {"k_pid_pos": [0.6767661731463284, 0.0, 0.02068465555693626], "k_pid_alt": [1.8533855563368393, 0.0, 0.9453785912863306], "k_pid_att": [33.74825254777788, 3.5761374900865692, 0.2738641954952957], "k_pid_yaw": [0.5, 1e-06, 0.1], "k_pid_hsp": [0.11197227698937004, 0.0, 0.0], "k_pid_vsp": [110.09830829941208, 45.0310180399603, 1e-06]}, "datetime": {"datetime": "2025-08-13 22:22:01", "elapsed": 45249.8852660656, "delta": 18.206303358078003}, "costs": {"total_cost": 190.06282808433025, "time_cost": 72.702, "final_distance_cost": 1.8197363468074501, "oscillation_cost": 23.483698597735202, "completition_cost": 0.0, "overshoot_cost": 51.972412546291324, "power_cost": 17.65885428466797, "noise_cost": 22.426126308828305, "n_waypoints_completed": 9, "tot_waypoints": 9}}
{"target": -195.6941336101254, "params": {"k_pid_pos": [1.2849456348266621, 0.0009627773594712655, 0.03807001784124395], "k_pid_alt": [1.5745907304133466, 0.0, 0.9393311486539038], "k_pid_att": [32.766773475421886, 4.0188103432676545, 0.2496153261426692], "k_pid_yaw": [0.5, 1e-06, 0.1], "k_pid_hsp": [0.1983664739928364, 0.0, 0.0], "k_pid_vsp": [115.86018484583124, 27.167324109886486, 1e-06]}, "datetime": {"datetime": "2025-08-13 22:22:18", "elapsed": 45266.69207715988, "delta": 16.806811094284058}, "costs": {"total_cost": 195.6941336101254, "time_cost": 71.834, "final_distance_cost": 1.8167147873291127, "oscillation_cost": 30.687322049535414, "completition_cost": 0.0, "overshoot_cost": 51.48415731688241, "power_cost": 17.99730096435547, "noise_cost": 21.874638492022967, "n_waypoints_completed": 9, "tot_waypoints": 9}}
{"target": -190.51388809442227, "params": {"k_pid_pos": [0.6502610576451016, 0.0, 0.0], "k_pid_alt": [1.903776302693723, 0.0, 0.9355907881757194], "k_pid_att": [56.28632054483636, 3.694240314269456, 0.2645989008292961], "k_pid_yaw": [0.5, 1e-06, 0.1], "k_pid_hsp": [0.09271981368978226, 0.0, 0.0], "k_pid_vsp": [112.47047120963981, 33.84921218191683, 1e-06]}, "datetime": {"datetime": "2025-08-13 22:22:37", "elapsed": 45285.90917277336, "delta": 19.217095613479614}, "costs": {"total_cost": 190.51388809442227, "time_cost": 73.269, "final_distance_cost": 1.8073548716367152, "oscillation_cost": 21.879834654262535, "completition_cost": 0.0, "overshoot_cost": 52.53516583432967, "power_cost": 18.412410571289062, "noise_cost": 22.61012216290426, "n_waypoints_completed": 9, "tot_waypoints": 9}}
{"target": -185.59667693694178, "params": {"k_pid_pos": [0.8306416148995533, 0.0, 0.0904605903778877], "k_pid_alt": [1.8876116995598045, 0.0, 0.9519283586868313], "k_pid_att": [33.101972813984744, 3.602446527086595, 0.2670108559875954], "k_pid_yaw": [0.5, 1e-06, 0.1], "k_pid_hsp": [0.11111211642634622, 0.0, 0.0], "k_pid_vsp": [137.74205733658175, 53.247897496113055, 1e-06]}, "datetime": {"datetime": "2025-08-13 22:22:54", "elapsed": 45302.68450307846, "delta": 16.775330305099487}, "costs": {"total_cost": 185.59667693694178, "time_cost": 71.47, "final_distance_cost": 1.8280154121386494, "oscillation_cost": 24.58697174661876, "completition_cost": 0.0, "overshoot_cost": 51.11907491847293, "power_cost": 15.142355432128907, "noise_cost": 21.450259427582516, "n_waypoints_completed": 9, "tot_waypoints": 9}}
{"target": -188.97341451153864, "params": {"k_pid_pos": [0.6308053776828324, 0.0, 0.007412740810860165], "k_pid_alt": [1.7812943395921184, 0.0, 0.9272953222546475], "k_pid_att": [31.604367571753524, 3.379491442994991, 0.2699479323495974], "k_pid_yaw": [0.5, 1e-06, 0.1], "k_pid_hsp": [0.26355278349692485, 0.0, 0.0], "k_pid_vsp": [111.29367793222971, 42.16901009333773, 1e-06]}, "datetime": {"datetime": "2025-08-13 22:23:13", "elapsed": 45321.58922624588, "delta": 18.904723167419434}, "costs": {"total_cost": 188.97341451153864, "time_cost": 74.907, "final_distance_cost": 1.8459763235194042, "oscillation_cost": 26.152202642316308, "completition_cost": 0.0, "overshoot_cost": 50.97546430109503, "power_cost": 12.941091381835939, "noise_cost": 22.151679862771953, "n_waypoints_completed": 9, "tot_waypoints": 9}}
{"target": -182.5448257442813, "params": {"k_pid_pos": [0.681116912787153, 0.0, 0.0], "k_pid_alt": [1.846766368056828, 0.0, 0.9481575393254876], "k_pid_att": [33.44741336688087, 3.8016815442350524, 0.27473584079933383], "k_pid_yaw": [0.5, 1e-06, 0.1], "k_pid_hsp": [0.11600572506254829, 0.0, 0.0], "k_pid_vsp": [157.66290550411452, 50.616845311476084, 1e-06]}, "datetime": {"datetime": "2025-08-13 22:23:30", "elapsed": 45338.87373661995, "delta": 17.284510374069214}, "costs": {"total_cost": 182.5448257442813, "time_cost": 72.009, "final_distance_cost": 1.8306030031011218, "oscillation_cost": 23.20293879832258, "completition_cost": 0.0, "overshoot_cost": 51.29214532975986, "power_cost": 13.154224426269533, "noise_cost": 21.055914186828197, "n_waypoints_completed": 9, "tot_waypoints": 9}}
{"target": -189.02299717102295, "params": {"k_pid_pos": [0.7280963157329654, 0.0035623027247302635, 0.0], "k_pid_alt": [2.0, 0.0, 0.8808672838000773], "k_pid_att": [33.44218692354627, 3.7304265974525825, 0.24500467045591579], "k_pid_yaw": [0.5, 1e-06, 0.1], "k_pid_hsp": [0.3471407286591388, 0.0, 0.0], "k_pid_vsp": [64.88665612847448, 56.13284401815322, 1e-06]}, "datetime": {"datetime": "2025-08-13 22:23:49", "elapsed": 45357.54776954651, "delta": 18.67403292655945}, "costs": {"total_cost": 189.02299717102295, "time_cost": 71.89, "final_distance_cost": 1.8532867901555257, "oscillation_cost": 26.18916535874828, "completition_cost": 0.0, "overshoot_cost": 50.599025061212544, "power_cost": 16.379612841796877, "noise_cost": 22.111907119109734, "n_waypoints_completed": 9, "tot_waypoints": 9}}
{"target": -187.99300329128152, "params": {"k_pid_pos": [0.7495795772511021, 0.0, 0.05575790384046637], "k_pid_alt": [1.7540747532121357, 0.0, 0.9482009847018167], "k_pid_att": [33.704002438291106, 3.988620386970946, 0.28221749811481617], "k_pid_yaw": [0.5, 1e-06, 0.1], "k_pid_hsp": [0.2339371672077618, 0.0, 0.0], "k_pid_vsp": [139.40367592464398, 24.576337762697673, 1e-06]}, "datetime": {"datetime": "2025-08-13 22:24:07", "elapsed": 45375.68891596794, "delta": 18.141146421432495}, "costs": {"total_cost": 187.99300329128152, "time_cost": 73.227, "final_distance_cost": 1.8446574108973042, "oscillation_cost": 26.153561830461506, "completition_cost": 0.0, "overshoot_cost": 51.326174360736, "power_cost": 13.712324853515625, "noise_cost": 21.729284835671095, "n_waypoints_completed": 9, "tot_waypoints": 9}}
{"target": -188.77585880109962, "params": {"k_pid_pos": [0.6150705277356194, 0.0, 0.008541690330179319], "k_pid_alt": [1.9240155626097908, 0.0, 0.9449346723957233], "k_pid_att": [32.920433503903624, 3.730321826748726, 0.2716349950497308], "k_pid_yaw": [0.5, 1e-06, 0.1], "k_pid_hsp": [0.10017143713052316, 0.0, 0.0], "k_pid_vsp": [153.28333143156888, 57.436429356525025, 1e-06]}, "datetime": {"datetime": "2025-08-13 22:24:25", "elapsed": 45393.06403565407, "delta": 17.37511968612671}, "costs": {"total_cost": 188.77585880109962, "time_cost": 73.101, "final_distance_cost": 1.8062552928454774, "oscillation_cost": 21.724934289302617, "completition_cost": 0.0, "overshoot_cost": 52.037734726618645, "power_cost": 17.652872668457032, "noise_cost": 22.453061823875835, "n_waypoints_completed": 9, "tot_waypoints": 9}}
{"target": -186.03542971569394, "params": {"k_pid_pos": [0.6899535083420303, 0.0, 0.02015936762872989], "k_pid_alt": [1.9597218244766172, 0.0, 0.947172875108045], "k_pid_att": [33.42166838186889, 3.6682003338697435, 0.2622736420610648], "k_pid_yaw": [0.5, 1e-06, 0.1], "k_pid_hsp": [0.11412839970929806, 0.0, 0.0], "k_pid_vsp": [125.89044397150951, 46.47858482998363, 1e-06]}, "datetime": {"datetime": "2025-08-13 22:24:43", "elapsed": 45411.409732341766, "delta": 18.345696687698364}, "costs": {"total_cost": 186.03542971569394, "time_cost": 72.009, "final_distance_cost": 1.810398799926498, "oscillation_cost": 23.07139103489767, "completition_cost": 0.0, "overshoot_cost": 51.55443528207738, "power_cost": 15.705545935058595, "noise_cost": 21.884658663733813, "n_waypoints_completed": 9, "tot_waypoints": 9}}
{"target": -180.68399136488839, "params": {"k_pid_pos": [0.8820719869440773, 0.0, 0.048892483382080534], "k_pid_alt": [1.8144227479093467, 0.0, 0.9515325368369151], "k_pid_att": [32.5803257421631, 3.740998146835187, 0.2795275479198944], "k_pid_yaw": [0.5, 1e-06, 0.1], "k_pid_hsp": [0.11522882005146635, 0.0, 0.0], "k_pid_vsp": [136.39167179944042, 43.80914962705819, 1e-06]}, "datetime": {"datetime": "2025-08-13 22:25:00", "elapsed": 45428.26787686348, "delta": 16.858144521713257}, "costs": {"total_cost": 180.68399136488839, "time_cost": 71.20400000000001, "final_distance_cost": 1.8139502563035614, "oscillation_cost": 25.61010553769014, "completition_cost": 0.0, "overshoot_cost": 50.93107056788338, "power_cost": 11.084481628417969, "noise_cost": 20.040383374593358, "n_waypoints_completed": 9, "tot_waypoints": 9}}
{"target": -186.00142590725866, "params": {"k_pid_pos": [0.8791148810612959, 0.0, 0.0934286476549668], "k_pid_alt": [1.8228977342891608, 0.0, 1.0], "k_pid_att": [34.17314516866375, 3.565028689737789, 0.26615684558502245], "k_pid_yaw": [0.5, 1e-06, 0.1], "k_pid_hsp": [0.21346096163378891, 0.0, 0.0], "k_pid_vsp": [112.32348152039376, 40.83609928737699, 1e-06]}, "datetime": {"datetime": "2025-08-13 22:25:20", "elapsed": 45448.050729990005, "delta": 19.78285312652588}, "costs": {"total_cost": 186.00142590725866, "time_cost": 71.379, "final_distance_cost": 1.8389413346120835, "oscillation_cost": 27.088991097400825, "completition_cost": 0.0, "overshoot_cost": 50.766723912633346, "power_cost": 13.820314416503907, "noise_cost": 21.107455146108492, "n_waypoints_completed": 9, "tot_waypoints": 9}}
{"target": -199.7326531420671, "params": {"k_pid_pos": [0.8140661609615428, 0.0, 0.09632870394665305], "k_pid_alt": [1.6845553516540244, 0.0, 0.9435474579973312], "k_pid_att": [31.80956118221637, 3.9661809652361604, 0.29249476228966215], "k_pid_yaw": [0.5, 1e-06, 0.1], "k_pid_hsp": [0.5054220549800491, 0.0, 0.0], "k_pid_vsp": [114.20276787424137, 54.79538538115644, 1e-06]}, "datetime": {"datetime": "2025-08-13 22:25:37", "elapsed": 45465.654383182526, "delta": 17.60365319252014}, "costs": {"total_cost": 199.7326531420671, "time_cost": 73.661, "final_distance_cost": 1.8546303159978674, "oscillation_cost": 27.510365115587106, "completition_cost": 0.0, "overshoot_cost": 51.0942115833406, "power_cost": 21.351005126953126, "noise_cost": 24.261441000188388, "n_waypoints_completed": 9, "tot_waypoints": 9}}
{"target": -216.66785507575364, "params": {"k_pid_pos": [0.6684582341038482, 0.0, 0.007051292284715308], "k_pid_alt": [1.8870430629922892, 0.0, 0.9566363282799707], "k_pid_att": [33.08945512286894, 3.729182555639066, 0.2749161714624682], "k_pid_yaw": [0.5, 1e-06, 0.1], "k_pid_hsp": [0.11071660891251701, 0.0, 0.0], "k_pid_vsp": [172.34630573015093, 47.95180679896679, 1e-06]}, "datetime": {"datetime": "2025-08-13 22:25:57", "elapsed": 45485.63034725189, "delta": 19.975964069366455}, "costs": {"total_cost": 216.66785507575364, "time_cost": 80.276, "final_distance_cost": 1.8102078727357718, "oscillation_cost": 23.904378749989565, "completition_cost": 0.0, "overshoot_cost": 56.96194901193928, "power_cost": 27.83834880371094, "noise_cost": 25.876970637378058, "n_waypoints_completed": 9, "tot_waypoints": 9}}
{"target": -187.17167236916575, "params": {"k_pid_pos": [1.0487181069400873, 0.0, 0.0555442354004799], "k_pid_alt": [1.7237970536941647, 0.0, 0.9436648603955146], "k_pid_att": [33.46041975127376, 3.835697829145676, 0.26412224930512573], "k_pid_yaw": [0.5, 1e-06, 0.1], "k_pid_hsp": [0.24946058396673634, 0.0, 0.0], "k_pid_vsp": [102.11595799751619, 29.985347152460744, 1e-06]}, "datetime": {"datetime": "2025-08-13 22:26:14", "elapsed": 45502.48102879524, "delta": 16.85068154335022}, "costs": {"total_cost": 187.17167236916575, "time_cost": 70.777, "final_distance_cost": 1.8421360089350713, "oscillation_cost": 28.959258286471496, "completition_cost": 0.0, "overshoot_cost": 50.662024485826095, "power_cost": 13.991274047851563, "noise_cost": 20.939979540081517, "n_waypoints_completed": 9, "tot_waypoints": 9}}
{"target": -191.71996904265083, "params": {"k_pid_pos": [0.9636117383430317, 8.281933621711912e-05, 0.025784881857570822], "k_pid_alt": [1.8193099792690375, 0.0, 0.946193675767732], "k_pid_att": [32.29622513479445, 3.678530018221454, 0.2631389949597904], "k_pid_yaw": [0.5, 1e-06, 0.1], "k_pid_hsp": [0.06793598046081747, 0.0, 0.0], "k_pid_vsp": [131.4249583014202, 51.960297864619335, 1e-06]}, "datetime": {"datetime": "2025-08-13 22:26:33", "elapsed": 45521.280220746994, "delta": 18.79919195175171}, "costs": {"total_cost": 191.71996904265083, "time_cost": 75.642, "final_distance_cost": 1.78515078232581, "oscillation_cost": 24.831221860720806, "completition_cost": 0.0, "overshoot_cost": 52.65333012857509, "power_cost": 14.524960681152345, "noise_cost": 22.28330558987677, "n_waypoints_completed": 9, "tot_waypoints": 9}}
{"target": -182.6878169598221, "params": {"k_pid_pos": [0.6847397798952283, 0.0, 0.01133067649616068], "k_pid_alt": [1.7133585581491388, 0.0, 0.9702187802887269], "k_pid_att": [35.08720593641018, 3.7029763822882478, 0.2742250859696924], "k_pid_yaw": [0.5, 1e-06, 0.1], "k_pid_hsp": [0.10409976937512576, 0.0, 0.0], "k_pid_vsp": [130.0301819609235, 77.48492455372224, 1e-06]}, "datetime": {"datetime": "2025-08-13 22:26:50", "elapsed": 45538.13331437111, "delta": 16.85309362411499}, "costs": {"total_cost": 182.6878169598221, "time_cost": 72.45, "final_distance_cost": 1.822097807044697, "oscillation_cost": 23.15324077098282, "completition_cost": 0.0, "overshoot_cost": 51.244421435985124, "power_cost": 12.942103588867187, "noise_cost": 21.07595335694229, "n_waypoints_completed": 9, "tot_waypoints": 9}}
{"target": -187.39813169347102, "params": {"k_pid_pos": [1.0267731646223617, 0.0, 0.0], "k_pid_alt": [1.8134666472783607, 0.0, 0.8840991865006075], "k_pid_att": [38.23534651040177, 3.640936735762907, 0.2664152180011713], "k_pid_yaw": [0.5, 1e-06, 0.1], "k_pid_hsp": [0.18163041463472807, 0.0, 0.0], "k_pid_vsp": [119.30869204347725, 18.650089725127433, 1e-06]}, "datetime": {"datetime": "2025-08-13 22:27:08", "elapsed": 45556.113985300064, "delta": 17.980670928955078}, "costs": {"total_cost": 187.39813169347102, "time_cost": 71.099, "final_distance_cost": 1.804231206613839, "oscillation_cost": 28.62460333255029, "completition_cost": 0.0, "overshoot_cost": 51.3905833088623, "power_cost": 13.620292749023438, "noise_cost": 20.859421096421148, "n_waypoints_completed": 9, "tot_waypoints": 9}}
{"target": -185.0405167473933, "params": {"k_pid_pos": [0.7815756436955998, 0.0, 0.034637352678749705], "k_pid_alt": [1.967960175813288, 0.0, 0.9084822534576852], "k_pid_att": [33.862265931813525, 4.139435449624264, 0.25544449347071285], "k_pid_yaw": [0.5, 1e-06, 0.1], "k_pid_hsp": [0.31546886321129974, 0.0, 0.0], "k_pid_vsp": [117.46233359588481, 25.286536120084413, 1e-06]}, "datetime": {"datetime": "2025-08-13 22:27:24", "elapsed": 45572.84010887146, "delta": 16.726123571395874}, "costs": {"total_cost": 185.0405167473933, "time_cost": 72.072, "final_distance_cost": 1.8424825942684213, "oscillation_cost": 27.148448826815194, "completition_cost": 0.0, "overshoot_cost": 50.82483039521206, "power_cost": 12.123857006835937, "noise_cost": 21.02889792426168, "n_waypoints_completed": 9, "tot_waypoints": 9}}
{"target": -181.29250834540176, "params": {"k_pid_pos": [0.8409704054600384, 0.0, 0.03618633004227601], "k_pid_alt": [1.7796650891733607, 0.0, 0.9520936354857179], "k_pid_att": [30.824556105310563, 3.759135153908216, 0.23962539493820367], "k_pid_yaw": [0.5, 1e-06, 0.1], "k_pid_hsp": [0.13154794311942464, 0.0, 0.0], "k_pid_vsp": [52.7586694318081, 63.43600968422411, 0.15994249042192088]}, "datetime": {"datetime": "2025-08-13 22:27:43", "elapsed": 45591.61156773567, "delta": 18.771458864212036}, "costs": {"total_cost": 181.29250834540176, "time_cost": 70.987, "final_distance_cost": 1.8093787646095556, "oscillation_cost": 25.952667852967753, "completition_cost": 0.0, "overshoot_cost": 50.74903864281624, "power_cost": 11.635016748046876, "noise_cost": 20.159406336961354, "n_waypoints_completed": 9, "tot_waypoints": 9}}
{"target": -179.70416505703818, "params": {"k_pid_pos": [0.6927004164405721, 0.0, 0.1196314654309927], "k_pid_alt": [1.925797378923314, 0.0, 0.9489277297603744], "k_pid_att": [31.42130336222794, 3.6778128887429102, 0.3114221343290493], "k_pid_yaw": [0.5, 1e-06, 0.1], "k_pid_hsp": [0.11255191100731819, 0.0, 0.0], "k_pid_vsp": [126.07946929016248, 38.717675268708646, 1e-06]}, "datetime": {"datetime": "2025-08-13 22:28:00", "elapsed": 45608.391481637955, "delta": 16.779913902282715}, "costs": {"total_cost": 179.70416505703818, "time_cost": 72.653, "final_distance_cost": 1.8322527854993027, "oscillation_cost": 23.318622967288064, "completition_cost": 0.0, "overshoot_cost": 51.00737755685409, "power_cost": 10.408160668945312, "noise_cost": 20.48475107845141, "n_waypoints_completed": 9, "tot_waypoints": 9}}
{"target": -184.89988979834757, "params": {"k_pid_pos": [0.6711286388553853, 0.0, 0.017644245741080606], "k_pid_alt": [1.954941845123624, 0.0, 0.9649055603907892], "k_pid_att": [33.02327503888448, 3.8767770054456285, 0.2681165670350644], "k_pid_yaw": [0.5, 1e-06, 0.1], "k_pid_hsp": [0.11230232696432262, 0.0, 0.0], "k_pid_vsp": [131.88001059209515, 39.4933994306431, 1e-06]}, "datetime": {"datetime": "2025-08-13 22:28:18", "elapsed": 45626.93556332588, "delta": 18.544081687927246}, "costs": {"total_cost": 184.89988979834757, "time_cost": 72.261, "final_distance_cost": 1.8231790875193157, "oscillation_cost": 23.35813275209372, "completition_cost": 0.0, "overshoot_cost": 51.51888563342199, "power_cost": 14.515328955078125, "noise_cost": 21.423363370234405, "n_waypoints_completed": 9, "tot_waypoints": 9}}
{"target": -181.2650672589673, "params": {"k_pid_pos": [0.711196988096118, 0.0, 0.036476047337346676], "k_pid_alt": [1.8953591460648964, 0.0, 0.9559776524297068], "k_pid_att": [33.8766176427801, 3.5146039729851886, 0.280192684349735], "k_pid_yaw": [0.5, 1e-06, 0.1], "k_pid_hsp": [0.11871247751414311, 0.0, 0.0], "k_pid_vsp": [122.0802112633105, 49.826371568791615, 1e-06]}, "datetime": {"datetime": "2025-08-13 22:28:36", "elapsed": 45644.0318570137, "delta": 17.096293687820435}, "costs": {"total_cost": 181.2650672589673, "time_cost": 71.834, "final_distance_cost": 1.8240159886529017, "oscillation_cost": 24.01671822075814, "completition_cost": 0.0, "overshoot_cost": 51.103275455262064, "power_cost": 11.873436596679689, "noise_cost": 20.6136209976145, "n_waypoints_completed": 9, "tot_waypoints": 9}}
{"target": -189.7795735347579, "params": {"k_pid_pos": [0.7010166009545339, 0.0, 0.004555000863886813], "k_pid_alt": [1.9218900468606441, 0.0, 0.9987027129235853], "k_pid_att": [33.21715812705313, 2.657545202612212, 0.27054859607462145], "k_pid_yaw": [0.5, 1e-06, 0.1], "k_pid_hsp": [0.11492082472045968, 0.0, 0.0], "k_pid_vsp": [129.3843960479709, 42.530713149881976, 1e-06]}, "datetime": {"datetime": "2025-08-13 22:28:55", "elapsed": 45663.53348135948, "delta": 19.50162434577942}, "costs": {"total_cost": 189.7795735347579, "time_cost": 72.275, "final_distance_cost": 1.8295798823690976, "oscillation_cost": 23.784346458479632, "completition_cost": 0.0, "overshoot_cost": 51.75298628830878, "power_cost": 17.800539013671877, "noise_cost": 22.33712189192849, "n_waypoints_completed": 9, "tot_waypoints": 9}}
{"target": -189.6709125236539, "params": {"k_pid_pos": [1.5319861552347405, 0.0, 0.0717269485730418], "k_pid_alt": [1.870118167407442, 0.0, 0.9481152073404525], "k_pid_att": [32.2466743391834, 3.6914160068828332, 0.26562543301317143], "k_pid_yaw": [0.5, 1e-06, 0.1], "k_pid_hsp": [0.14227645083746446, 0.0, 0.0], "k_pid_vsp": [118.40524547512996, 36.52269447352448, 1e-06]}, "datetime": {"datetime": "2025-08-13 22:29:12", "elapsed": 45680.11915779114, "delta": 16.585676431655884}, "costs": {"total_cost": 189.6709125236539, "time_cost": 70.46900000000001, "final_distance_cost": 1.7990574270044855, "oscillation_cost": 31.311627372662674, "completition_cost": 0.0, "overshoot_cost": 51.471434923094805, "power_cost": 13.985520153808594, "noise_cost": 20.634272647083325, "n_waypoints_completed": 9, "tot_waypoints": 9}}
{"target": -191.6395645271502, "params": {"k_pid_pos": [0.836044017227814, 0.0, 0.012034361184055674], "k_pid_alt": [1.7503772583910469, 0.0, 0.9207865715545493], "k_pid_att": [34.04486493894404, 3.602650916666502, 0.2640863678314717], "k_pid_yaw": [0.5, 1e-06, 0.1], "k_pid_hsp": [0.12251018373722043, 0.0, 0.0], "k_pid_vsp": [109.49228635088363, 44.53515943785474, 1e-06]}, "datetime": {"datetime": "2025-08-13 22:29:31", "elapsed": 45699.09789657593, "delta": 18.97873878479004}, "costs": {"total_cost": 191.6395645271502, "time_cost": 71.946, "final_distance_cost": 1.8078046229326958, "oscillation_cost": 25.17215718815698, "completition_cost": 0.0, "overshoot_cost": 51.50980944366309, "power_cost": 18.854638122558594, "noise_cost": 22.349155149838875, "n_waypoints_completed": 9, "tot_waypoints": 9}}
