{"target": -195.10739710483304, "params": {"k_pid_pos": [0.5320484288130704, 0.0, 0.0], "k_pid_alt": [1.8738290662051338, 0.0, 1.0], "k_pid_att": [33.53452869654234, 3.6732557645179473, 0.2801936506189436], "k_pid_yaw": [0.5, 1e-06, 0.1], "k_pid_hsp": [0.05190992943761902, 0.0, 0.0], "k_pid_vsp": [162.6178226905971, 44.78502316030234, 1e-06]}, "datetime": {"datetime": "2025-08-13 22:55:39", "elapsed": 47267.351789712906, "delta": 19.83132553100586}, "costs": {"total_cost": 195.10739710483304, "time_cost": 83.069, "final_distance_cost": 1.7827919702880863, "oscillation_cost": 15.677247612108129, "completition_cost": 0.0, "overshoot_cost": 55.735220359454544, "power_cost": 14.323982678222658, "noise_cost": 24.51915448475963, "n_waypoints_completed": 9, "tot_waypoints": 9}}
{"target": -181.86132421871105, "params": {"k_pid_pos": [0.7915650027889585, 0.0, 0.01528881842017119], "k_pid_alt": [1.443221068170234, 0.0, 0.9310913939896424], "k_pid_att": [33.89330551856563, 3.635103773992279, 0.27931862305871274], "k_pid_yaw": [0.5, 1e-06, 0.1], "k_pid_hsp": [0.1694624661455993, 0.0, 0.0], "k_pid_vsp": [124.50528076386895, 11.017304949542698, 1e-06]}, "datetime": {"datetime": "2025-08-13 22:55:59", "elapsed": 47287.793540000916, "delta": 20.441750288009644}, "costs": {"total_cost": 181.86132421871105, "time_cost": 73.136, "final_distance_cost": 1.8242082207632533, "oscillation_cost": 25.96545686826931, "completition_cost": 0.0, "overshoot_cost": 51.298323128905196, "power_cost": 9.686523559570313, "noise_cost": 19.950812441202988, "n_waypoints_completed": 9, "tot_waypoints": 9}}
{"target": -195.0628463072966, "params": {"k_pid_pos": [0.7117545244830117, 0.0, 0.060407329629726156], "k_pid_alt": [1.5822101917228786, 0.0, 0.926898529557331], "k_pid_att": [33.64532615938452, 3.7888772875439813, 0.22232487152584063], "k_pid_yaw": [0.5, 1e-06, 0.1], "k_pid_hsp": [0.07090400550959042, 0.0, 0.0], "k_pid_vsp": [135.32659064824887, 36.98295591300409, 1.9983694295463614]}, "datetime": {"datetime": "2025-08-13 22:56:17", "elapsed": 47305.971512556076, "delta": 18.177972555160522}, "costs": {"total_cost": 195.0628463072966, "time_cost": 75.57900000000001, "final_distance_cost": 1.7997040704364229, "oscillation_cost": 20.804243944796685, "completition_cost": 0.0, "overshoot_cost": 53.10774549594729, "power_cost": 20.07964090576172, "noise_cost": 23.69251189035449, "n_waypoints_completed": 9, "tot_waypoints": 9}}
{"target": -184.62039235455725, "params": {"k_pid_pos": [0.7903459426291304, 0.0, 0.023703219782739215], "k_pid_alt": [1.9900373083570089, 0.0, 0.9474183798367276], "k_pid_att": [33.15153903881069, 3.701125022010005, 0.2559618907544352], "k_pid_yaw": [0.5, 1e-06, 0.1], "k_pid_hsp": [0.14824029912791215, 0.0, 0.0], "k_pid_vsp": [95.80082129110845, 48.69170981340948, 1e-06]}, "datetime": {"datetime": "2025-08-13 22:56:36", "elapsed": 47324.47569036484, "delta": 18.504177808761597}, "costs": {"total_cost": 184.62039235455725, "time_cost": 70.742, "final_distance_cost": 1.8160268845256131, "oscillation_cost": 25.583175220491945, "completition_cost": 0.0, "overshoot_cost": 50.76235978789971, "power_cost": 14.526273803710938, "noise_cost": 21.190556657929044, "n_waypoints_completed": 9, "tot_waypoints": 9}}
{"target": -182.93563141745176, "params": {"k_pid_pos": [0.6059362911273515, 0.0, 0.013339421073346527], "k_pid_alt": [1.8936986431121694, 0.0, 0.978068264103762], "k_pid_att": [32.57753250019678, 3.718421472031897, 0.25181612168743617], "k_pid_yaw": [0.5, 1e-06, 0.1], "k_pid_hsp": [0.12046347782929062, 0.0, 0.0], "k_pid_vsp": [147.372813921893, 47.04113733453548, 1e-06]}, "datetime": {"datetime": "2025-08-13 22:56:53", "elapsed": 47341.52172827721, "delta": 17.046037912368774}, "costs": {"total_cost": 182.93563141745176, "time_cost": 73.017, "final_distance_cost": 1.8379779021992415, "oscillation_cost": 22.83738429219958, "completition_cost": 0.0, "overshoot_cost": 51.39280760748643, "power_cost": 12.704777026367188, "noise_cost": 21.145684589199337, "n_waypoints_completed": 9, "tot_waypoints": 9}}
{"target": -187.72318083567197, "params": {"k_pid_pos": [0.9128961252044883, 0.0, 0.02679365047903888], "k_pid_alt": [1.8596954121231664, 0.0, 0.9567027595435538], "k_pid_att": [35.518079339541586, 3.5037192115743703, 0.2962668643733569], "k_pid_yaw": [0.5, 1e-06, 0.1], "k_pid_hsp": [0.11551155976287322, 0.0, 0.0], "k_pid_vsp": [110.89922206630717, 35.74407664567634, 1e-06]}, "datetime": {"datetime": "2025-08-13 22:57:13", "elapsed": 47361.68051505089, "delta": 20.15878677368164}, "costs": {"total_cost": 187.72318083567197, "time_cost": 71.414, "final_distance_cost": 1.8229599976252502, "oscillation_cost": 26.078181327696882, "completition_cost": 0.0, "overshoot_cost": 51.555913499163424, "power_cost": 15.386262841796876, "noise_cost": 21.46586316938954, "n_waypoints_completed": 9, "tot_waypoints": 9}}
{"target": -178.29599826784772, "params": {"k_pid_pos": [0.6453143150209676, 0.0, 0.08917381845771277], "k_pid_alt": [1.9051632475297586, 0.0, 0.960219776009424], "k_pid_att": [33.82579308203291, 4.064972520871653, 0.27191879655313317], "k_pid_yaw": [0.5, 1e-06, 0.1], "k_pid_hsp": [0.11343090061408823, 0.0, 0.0], "k_pid_vsp": [134.38583713667552, 41.57595105453667, 1e-06]}, "datetime": {"datetime": "2025-08-13 22:57:30", "elapsed": 47378.80205821991, "delta": 17.121543169021606}, "costs": {"total_cost": 178.29599826784772, "time_cost": 73.052, "final_distance_cost": 1.8277845204560366, "oscillation_cost": 22.47528868103619, "completition_cost": 0.0, "overshoot_cost": 51.21767295774628, "power_cost": 9.59190810546875, "noise_cost": 20.13134400314048, "n_waypoints_completed": 9, "tot_waypoints": 9}}
{"target": -1283.0039297261135, "params": {"k_pid_pos": [0.0001, 0.0, 0.06544940293990639], "k_pid_alt": [1.8160172545271571, 0.0, 0.9474310279564228], "k_pid_att": [36.54839708511946, 3.7238927278620393, 0.2921955541141124], "k_pid_yaw": [0.5, 1e-06, 0.1], "k_pid_hsp": [0.15552829712141703, 0.0, 0.0], "k_pid_vsp": [117.59148768491391, 28.307929832930597, 1e-06]}, "datetime": {"datetime": "2025-08-13 22:58:01", "elapsed": 47409.19949507713, "delta": 30.39743685722351}, "costs": {"total_cost": 1283.0039297261135, "time_cost": 150, "final_distance_cost": 46.00738073975875, "oscillation_cost": 0.11431496913590533, "completition_cost": 1000.0, "overshoot_cost": 35.43849158375687, "power_cost": 19.012507482910156, "noise_cost": 32.43123495055193, "n_waypoints_completed": 0, "tot_waypoints": 9}}
{"target": -191.7843160185669, "params": {"k_pid_pos": [0.5385227881888711, 0.0, 0.032662319373650384], "k_pid_alt": [1.7312502954968654, 0.0, 0.9617200350053893], "k_pid_att": [35.40481566286362, 3.7622625987535505, 0.2690542265364936], "k_pid_yaw": [0.5, 1e-06, 0.1], "k_pid_hsp": [0.1250267926321083, 0.0, 0.0], "k_pid_vsp": [147.35510058798627, 43.02230611249452, 1e-06]}, "datetime": {"datetime": "2025-08-13 22:58:20", "elapsed": 47428.80723166466, "delta": 19.607736587524414}, "costs": {"total_cost": 191.7843160185669, "time_cost": 75.20100000000001, "final_distance_cost": 1.8411298870533175, "oscillation_cost": 22.274167198389687, "completition_cost": 0.0, "overshoot_cost": 52.16247806649886, "power_cost": 17.178468566894534, "noise_cost": 23.127072299730486, "n_waypoints_completed": 9, "tot_waypoints": 9}}
{"target": -176.67326464726037, "params": {"k_pid_pos": [0.6843061085638702, 0.0, 0.028192606673655883], "k_pid_alt": [1.878357620709806, 0.0, 0.9511757165806105], "k_pid_att": [33.76697776887097, 3.6893366408904624, 0.2790601940055293], "k_pid_yaw": [0.5, 1e-06, 0.1], "k_pid_hsp": [0.119153716125805, 0.0, 0.0], "k_pid_vsp": [147.89133114873462, 42.45491971231179, 1e-06]}, "datetime": {"datetime": "2025-08-13 22:58:38", "elapsed": 47446.741426706314, "delta": 17.934195041656494}, "costs": {"total_cost": 176.67326464726037, "time_cost": 72.058, "final_distance_cost": 1.8121303945355371, "oscillation_cost": 23.0653167894606, "completition_cost": 0.0, "overshoot_cost": 51.21855424689153, "power_cost": 8.939278381347657, "noise_cost": 19.579984835025055, "n_waypoints_completed": 9, "tot_waypoints": 9}}
{"target": -184.1446979687682, "params": {"k_pid_pos": [0.7676521212441203, 0.0, 0.005813522653286565], "k_pid_alt": [1.8511529239107671, 0.0, 0.9471358443617519], "k_pid_att": [33.54844578941324, 3.298966352490736, 0.272659799197746], "k_pid_yaw": [0.5, 1e-06, 0.1], "k_pid_hsp": [0.10847191566272238, 0.0, 0.0], "k_pid_vsp": [79.63597449239778, 32.75772271840933, 1e-06]}, "datetime": {"datetime": "2025-08-13 22:58:56", "elapsed": 47464.51143217087, "delta": 17.770005464553833}, "costs": {"total_cost": 184.1446979687682, "time_cost": 71.75, "final_distance_cost": 1.8035729902733966, "oscillation_cost": 24.148439146604286, "completition_cost": 0.0, "overshoot_cost": 51.21094929127912, "power_cost": 14.036737219238281, "noise_cost": 21.194999321373135, "n_waypoints_completed": 9, "tot_waypoints": 9}}
{"target": -192.41330305383508, "params": {"k_pid_pos": [0.8200589666498035, 0.0, 0.014509241625733301], "k_pid_alt": [2.0, 0.0, 0.9591713375923857], "k_pid_att": [33.56657854928916, 3.1249362881206695, 0.2757895178638933], "k_pid_yaw": [0.5, 1e-06, 0.1], "k_pid_hsp": [0.22645463342177513, 0.0, 0.0], "k_pid_vsp": [158.70759228825682, 44.293375312586534, 1e-06]}, "datetime": {"datetime": "2025-08-13 22:59:15", "elapsed": 47483.66826415062, "delta": 19.156831979751587}, "costs": {"total_cost": 192.41330305383508, "time_cost": 71.519, "final_distance_cost": 1.8375796770690758, "oscillation_cost": 26.36733103364207, "completition_cost": 0.0, "overshoot_cost": 51.275346029039376, "power_cost": 18.969310681152344, "noise_cost": 22.444735632932204, "n_waypoints_completed": 9, "tot_waypoints": 9}}
{"target": -193.81199417734393, "params": {"k_pid_pos": [0.7178172452462519, 0.0, 0.11912171147500257], "k_pid_alt": [1.5960364380168062, 0.0, 0.9238054756628197], "k_pid_att": [32.34753876535976, 3.4185231233456386, 0.26271130885281735], "k_pid_yaw": [0.5, 1e-06, 0.1], "k_pid_hsp": [0.09963183755275715, 0.0, 0.0], "k_pid_vsp": [126.86932557473946, 21.82184994447042, 1e-06]}, "datetime": {"datetime": "2025-08-13 22:59:34", "elapsed": 47502.63504219055, "delta": 18.96677803993225}, "costs": {"total_cost": 193.81199417734393, "time_cost": 74.641, "final_distance_cost": 1.8083159481402087, "oscillation_cost": 22.95048552470119, "completition_cost": 0.0, "overshoot_cost": 52.63134876551767, "power_cost": 18.78431197509766, "noise_cost": 22.99653196388719, "n_waypoints_completed": 9, "tot_waypoints": 9}}
{"target": -182.51007238211258, "params": {"k_pid_pos": [0.806368416166296, 0.0, 0.03220446685382538], "k_pid_alt": [1.8670673940658318, 0.0, 0.9472695613373039], "k_pid_att": [33.11922298822717, 3.5330662884117814, 0.2761586233034635], "k_pid_yaw": [0.5, 1e-06, 0.1], "k_pid_hsp": [0.11386926752302336, 0.0, 0.0], "k_pid_vsp": [101.60695913708906, 26.90914696221988, 1e-06]}, "datetime": {"datetime": "2025-08-13 22:59:54", "elapsed": 47522.20948719978, "delta": 19.574445009231567}, "costs": {"total_cost": 182.51007238211258, "time_cost": 71.631, "final_distance_cost": 1.803742598605407, "oscillation_cost": 24.552065108420422, "completition_cost": 0.0, "overshoot_cost": 51.187135585382066, "power_cost": 12.541820153808594, "noise_cost": 20.794308935896083, "n_waypoints_completed": 9, "tot_waypoints": 9}}
{"target": -179.4195172680407, "params": {"k_pid_pos": [0.7822490707064784, 0.0, 0.012163459861574116], "k_pid_alt": [1.8408259530037747, 0.0, 0.940555673719359], "k_pid_att": [32.45747996680013, 3.4803899017400783, 0.2568319616969919], "k_pid_yaw": [0.5, 1e-06, 0.1], "k_pid_hsp": [0.13882632141061374, 0.0, 0.0], "k_pid_vsp": [138.03545087285156, 46.8289630110928, 1e-06]}, "datetime": {"datetime": "2025-08-13 23:00:13", "elapsed": 47541.44251036644, "delta": 19.233023166656494}, "costs": {"total_cost": 179.4195172680407, "time_cost": 71.029, "final_distance_cost": 1.8135579376174078, "oscillation_cost": 25.34012723738606, "completition_cost": 0.0, "overshoot_cost": 50.44919317048327, "power_cost": 10.78566395263672, "noise_cost": 20.001974969917246, "n_waypoints_completed": 9, "tot_waypoints": 9}}
{"target": -179.76168363311982, "params": {"k_pid_pos": [0.6494589264250255, 0.0, 0.0], "k_pid_alt": [1.8941341164507042, 0.0, 0.9471574009676964], "k_pid_att": [46.54310875794937, 3.51636999748393, 0.26885074359417027], "k_pid_yaw": [0.5, 1e-06, 0.1], "k_pid_hsp": [0.11314706140453915, 0.0, 0.0], "k_pid_vsp": [131.21752659229918, 33.46439049076323, 1e-06]}, "datetime": {"datetime": "2025-08-13 23:00:31", "elapsed": 47559.48083281517, "delta": 18.03832244873047}, "costs": {"total_cost": 179.76168363311982, "time_cost": 72.233, "final_distance_cost": 1.829796148493191, "oscillation_cost": 22.681853580092334, "completition_cost": 0.0, "overshoot_cost": 51.25643929924414, "power_cost": 11.197711267089844, "noise_cost": 20.562883338200294, "n_waypoints_completed": 9, "tot_waypoints": 9}}
{"target": -187.95520786058972, "params": {"k_pid_pos": [1.0081614714791063, 0.0, 0.048524989507847845], "k_pid_alt": [1.8967712603078977, 0.0, 0.9647601690092777], "k_pid_att": [32.99564680515935, 3.724978964666261, 0.26801082241498536], "k_pid_yaw": [0.5, 1e-06, 0.1], "k_pid_hsp": [0.11714778952639034, 0.0, 0.0], "k_pid_vsp": [143.3200844886454, 44.64698589959527, 1e-06]}, "datetime": {"datetime": "2025-08-13 23:00:49", "elapsed": 47577.089923381805, "delta": 17.609090566635132}, "costs": {"total_cost": 187.95520786058972, "time_cost": 71.26, "final_distance_cost": 1.8148567580653843, "oscillation_cost": 27.067544869387394, "completition_cost": 0.0, "overshoot_cost": 51.7034714016482, "power_cost": 14.91549647216797, "noise_cost": 21.193838359320768, "n_waypoints_completed": 9, "tot_waypoints": 9}}
{"target": -204.01694817907367, "params": {"k_pid_pos": [0.5919316129546977, 0.0, 0.033206602501764444], "k_pid_alt": [1.8431617820073778, 0.0, 0.9006065935596305], "k_pid_att": [31.55961376406492, 3.309255430140846, 0.2690917399116042], "k_pid_yaw": [0.5, 1e-06, 0.1], "k_pid_hsp": [0.2820878380425777, 0.0, 0.0], "k_pid_vsp": [181.0851454484088, 39.22899978091191, 1e-06]}, "datetime": {"datetime": "2025-08-13 23:01:08", "elapsed": 47596.490725040436, "delta": 19.40080165863037}, "costs": {"total_cost": 204.01694817907367, "time_cost": 77.784, "final_distance_cost": 1.85591875733161, "oscillation_cost": 25.51073886739423, "completition_cost": 0.0, "overshoot_cost": 52.09072994704767, "power_cost": 21.570971166992187, "noise_cost": 25.20458944030795, "n_waypoints_completed": 9, "tot_waypoints": 9}}
{"target": -183.5133660053288, "params": {"k_pid_pos": [0.7461958424811989, 0.0, 0.006741046333850291], "k_pid_alt": [1.8667482254550885, 0.0, 0.9482990840032972], "k_pid_att": [33.41486185082023, 3.7446306791135666, 0.27499298531665217], "k_pid_yaw": [0.5, 1e-06, 0.1], "k_pid_hsp": [0.11600433549687178, 0.0, 0.0], "k_pid_vsp": [160.62671000585271, 47.55268012192765, 1e-06]}, "datetime": {"datetime": "2025-08-13 23:01:26", "elapsed": 47614.97139310837, "delta": 18.48066806793213}, "costs": {"total_cost": 183.5133660053288, "time_cost": 71.764, "final_distance_cost": 1.8144726082431153, "oscillation_cost": 24.152254222734815, "completition_cost": 0.0, "overshoot_cost": 51.14271913656324, "power_cost": 13.499789599609375, "noise_cost": 21.14013043817827, "n_waypoints_completed": 9, "tot_waypoints": 9}}
{"target": -191.82092036402145, "params": {"k_pid_pos": [0.5976137120775719, 0.0, 0.015823989644860016], "k_pid_alt": [1.4904414944113262, 0.0, 0.8460641107110846], "k_pid_att": [33.56770555133697, 3.4499968865424515, 0.24366886312092587], "k_pid_yaw": [0.5, 1e-06, 0.1], "k_pid_hsp": [0.33169394976857813, 0.0, 0.0], "k_pid_vsp": [172.36199062178738, 52.000997995179596, 1e-06]}, "datetime": {"datetime": "2025-08-13 23:01:45", "elapsed": 47633.295978069305, "delta": 18.3245849609375}, "costs": {"total_cost": 191.82092036402145, "time_cost": 77.658, "final_distance_cost": 1.8500620334610496, "oscillation_cost": 26.16045074819635, "completition_cost": 0.0, "overshoot_cost": 50.623181359583235, "power_cost": 12.717368652343751, "noise_cost": 22.811857570437027, "n_waypoints_completed": 9, "tot_waypoints": 9}}
{"target": -187.12931153152917, "params": {"k_pid_pos": [0.962475959126626, 0.0, 0.035151234096729385], "k_pid_alt": [1.6001336021290153, 0.0, 0.9526037728453864], "k_pid_att": [34.48836672366268, 3.8316187711383325, 0.28269744935079777], "k_pid_yaw": [0.5, 1e-06, 0.1], "k_pid_hsp": [0.18645025305429008, 0.0, 0.0], "k_pid_vsp": [141.67014557522637, 36.63951449100544, 1e-06]}, "datetime": {"datetime": "2025-08-13 23:02:03", "elapsed": 47651.885952949524, "delta": 18.589974880218506}, "costs": {"total_cost": 187.12931153152917, "time_cost": 71.61, "final_distance_cost": 1.8317377847350564, "oscillation_cost": 27.593890479260708, "completition_cost": 0.0, "overshoot_cost": 51.5133624131629, "power_cost": 13.756659606933594, "noise_cost": 20.82366124743692, "n_waypoints_completed": 9, "tot_waypoints": 9}}
{"target": -180.12730982750236, "params": {"k_pid_pos": [0.6067598360411627, 0.0, 0.017664193838448257], "k_pid_alt": [1.8853659922634862, 0.0, 0.9438441005862211], "k_pid_att": [33.46001920503542, 3.68577252079149, 0.2724628255239583], "k_pid_yaw": [0.5, 1e-06, 0.1], "k_pid_hsp": [0.1057842883318825, 0.0, 0.0], "k_pid_vsp": [71.39402311666106, 47.211204639130955, 1e-06]}, "datetime": {"datetime": "2025-08-13 23:02:21", "elapsed": 47668.98718762398, "delta": 17.101234674453735}, "costs": {"total_cost": 180.12730982750236, "time_cost": 72.744, "final_distance_cost": 1.8378253358073267, "oscillation_cost": 21.930576659389512, "completition_cost": 0.0, "overshoot_cost": 51.75622101564455, "power_cost": 11.303084826660157, "noise_cost": 20.555601990000806, "n_waypoints_completed": 9, "tot_waypoints": 9}}
{"target": -178.7673308373603, "params": {"k_pid_pos": [0.6579425915266097, 0.0, 0.010777924798028995], "k_pid_alt": [1.8943913031909492, 0.0, 0.946887479690096], "k_pid_att": [33.395386148247105, 3.636710692764909, 0.27372429278612814], "k_pid_yaw": [0.5, 1e-06, 0.1], "k_pid_hsp": [0.11208278225969048, 0.0, 0.0], "k_pid_vsp": [74.80869436398326, 43.50697653559591, 1e-06]}, "datetime": {"datetime": "2025-08-13 23:02:40", "elapsed": 47688.53765010834, "delta": 19.55046248435974}, "costs": {"total_cost": 178.7673308373603, "time_cost": 72.016, "final_distance_cost": 1.8251825735874128, "oscillation_cost": 22.942462424264118, "completition_cost": 0.0, "overshoot_cost": 50.890441344265014, "power_cost": 10.818217993164064, "noise_cost": 20.275026502079683, "n_waypoints_completed": 9, "tot_waypoints": 9}}
{"target": -194.86653966653947, "params": {"k_pid_pos": [0.5858530755085158, 0.0, 0.0], "k_pid_alt": [1.8414142432644978, 0.0, 0.9491831446044185], "k_pid_att": [33.25509989511415, 3.5850335542908076, 0.2785246319704439], "k_pid_yaw": [0.5, 1e-06, 0.1], "k_pid_hsp": [0.17779956513842562, 0.0, 0.0], "k_pid_vsp": [139.51134921623125, 44.78789680036009, 1e-06]}, "datetime": {"datetime": "2025-08-13 23:02:57", "elapsed": 47705.461834430695, "delta": 16.924184322357178}, "costs": {"total_cost": 194.86653966653947, "time_cost": 74.382, "final_distance_cost": 1.84815153768241, "oscillation_cost": 24.69715444727904, "completition_cost": 0.0, "overshoot_cost": 51.490715104194834, "power_cost": 18.618615258789063, "noise_cost": 23.829903318594095, "n_waypoints_completed": 9, "tot_waypoints": 9}}
{"target": -196.30195085619016, "params": {"k_pid_pos": [0.6323352012745831, 0.0, 0.08290236159167916], "k_pid_alt": [1.8384041853168465, 0.0, 1.0], "k_pid_att": [34.69011459862922, 3.345008862697911, 0.2525931123247744], "k_pid_yaw": [0.5, 1e-06, 0.1], "k_pid_hsp": [0.19374920798856185, 0.0, 0.0], "k_pid_vsp": [127.83704481774846, 46.098763013722866, 1e-06]}, "datetime": {"datetime": "2025-08-13 23:03:17", "elapsed": 47725.214864254, "delta": 19.753029823303223}, "costs": {"total_cost": 196.30195085619016, "time_cost": 75.635, "final_distance_cost": 1.8439535975080512, "oscillation_cost": 24.871421875251812, "completition_cost": 0.0, "overshoot_cost": 51.67754973200783, "power_cost": 18.42689783935547, "noise_cost": 23.847127812066983, "n_waypoints_completed": 9, "tot_waypoints": 9}}
{"target": -198.6781292053144, "params": {"k_pid_pos": [0.8058809405009806, 0.0, 0.04364451405339487], "k_pid_alt": [1.6158727869096743, 0.0, 0.9475230440037936], "k_pid_att": [31.82343590054767, 3.8677442456235402, 0.3907176267392556], "k_pid_yaw": [0.5, 1e-06, 0.1], "k_pid_hsp": [0.4184679175912427, 0.0, 0.0], "k_pid_vsp": [148.1897300546283, 48.521602148244405, 1e-06]}, "datetime": {"datetime": "2025-08-13 23:03:35", "elapsed": 47743.35950541496, "delta": 18.144641160964966}, "costs": {"total_cost": 198.6781292053144, "time_cost": 73.885, "final_distance_cost": 1.8486028767164178, "oscillation_cost": 27.366796112631143, "completition_cost": 0.0, "overshoot_cost": 51.64963031325409, "power_cost": 20.45353835449219, "noise_cost": 23.474561548220542, "n_waypoints_completed": 9, "tot_waypoints": 9}}
{"target": -185.82977519654557, "params": {"k_pid_pos": [0.9057045363972155, 0.0, 0.011177003898669473], "k_pid_alt": [1.8982278340321215, 0.0, 0.9693272044477482], "k_pid_att": [33.09067006030078, 3.709603394690132, 0.27531106973730296], "k_pid_yaw": [0.5, 1e-06, 0.1], "k_pid_hsp": [0.11653672933910234, 0.0, 0.0], "k_pid_vsp": [151.4238326835213, 41.49892432675321, 1e-06]}, "datetime": {"datetime": "2025-08-13 23:03:54", "elapsed": 47762.062114715576, "delta": 18.702609300613403}, "costs": {"total_cost": 185.82977519654557, "time_cost": 71.127, "final_distance_cost": 1.8080097443385523, "oscillation_cost": 25.998846527803064, "completition_cost": 0.0, "overshoot_cost": 51.151012745314496, "power_cost": 14.555734606933594, "noise_cost": 21.189171572155875, "n_waypoints_completed": 9, "tot_waypoints": 9}}
