{"target": -197.1556824651376, "params": {"k_pid_pos": [0.7989055055903393, 0.0, 0.0], "k_pid_alt": [1.562819831444717, 0.0, 0.9953416724152563], "k_pid_att": [32.05494444733351, 2.2273117086427003, 0.20071590691470065], "k_pid_yaw": [0.5, 1e-06, 0.1], "k_pid_hsp": [0.20707623997503796, 0.0, 0.0], "k_pid_vsp": [103.70714645796912, 4.849554164124687, 1e-06]}, "datetime": {"datetime": "2025-08-13 13:08:45", "elapsed": 12053.362315416336, "delta": 17.438360452651978}, "costs": {"total_cost": 197.1556824651376, "time_cost": 73.955, "final_distance_cost": 1.84537509875884, "oscillation_cost": 26.82127913257069, "completition_cost": 0.0, "overshoot_cost": 52.05854016179143, "power_cost": 19.340541833496093, "noise_cost": 23.13494623852055, "n_waypoints_completed": 9, "tot_waypoints": 9}}
{"target": -903.157239120783, "params": {"k_pid_pos": [0.8049543461406543, 0.0146317301706963, 0.0], "k_pid_alt": [1.684105708283639, 0.0, 0.9591030000033337], "k_pid_att": [27.931437625614535, 2.5101728117984967, 0.17905150672521236], "k_pid_yaw": [0.5, 1e-06, 0.1], "k_pid_hsp": [0.5299890058954104, 0.0, 0.0], "k_pid_vsp": [6.468384581503528, 7.344750384536193, 1e-06]}, "datetime": {"datetime": "2025-08-13 13:09:13", "elapsed": 12081.95497226715, "delta": 28.59265685081482}, "costs": {"total_cost": 903.157239120783, "time_cost": 150, "final_distance_cost": 43.322618472810376, "oscillation_cost": 13.010553567893536, "completition_cost": 555.5555555555555, "overshoot_cost": 80.49781565520261, "power_cost": 23.558847290039065, "noise_cost": 37.21184857928173, "n_waypoints_completed": 4, "tot_waypoints": 9}}
{"target": -188.16838824524135, "params": {"k_pid_pos": [0.7085820212245232, 0.030288325063309075, 0.051063691791122426], "k_pid_alt": [1.6899327217633262, 0.0, 0.9433776509503646], "k_pid_att": [19.503356891282436, 4.328232582192315, 0.30702377841703443], "k_pid_yaw": [0.5, 1e-06, 0.1], "k_pid_hsp": [0.23382552223410966, 0.0, 0.0], "k_pid_vsp": [143.40153380554193, 12.457559358583595, 1e-06]}, "datetime": {"datetime": "2025-08-13 13:09:31", "elapsed": 12099.17548918724, "delta": 17.22051692008972}, "costs": {"total_cost": 188.16838824524135, "time_cost": 73.96900000000001, "final_distance_cost": 1.8488676636166343, "oscillation_cost": 25.87840444798024, "completition_cost": 0.0, "overshoot_cost": 51.50615051302575, "power_cost": 13.303075817871095, "noise_cost": 21.66288980274761, "n_waypoints_completed": 9, "tot_waypoints": 9}}
{"target": -190.27175201979523, "params": {"k_pid_pos": [0.9810290670741417, 0.0, 0.034554970770161904], "k_pid_alt": [1.3186837569054803, 0.0, 0.9529019009555867], "k_pid_att": [23.452939209775813, 2.766333859314006, 0.2121665553235079], "k_pid_yaw": [0.5, 1e-06, 0.1], "k_pid_hsp": [0.2834465347155365, 0.0, 0.0], "k_pid_vsp": [211.58402686639312, 3.601864359309892, 1e-06]}, "datetime": {"datetime": "2025-08-13 13:09:48", "elapsed": 12116.941024780273, "delta": 17.765535593032837}, "costs": {"total_cost": 190.27175201979523, "time_cost": 73.647, "final_distance_cost": 1.842924003412804, "oscillation_cost": 29.01431343298405, "completition_cost": 0.0, "overshoot_cost": 51.26907766630923, "power_cost": 13.350066931152345, "noise_cost": 21.14836998593679, "n_waypoints_completed": 9, "tot_waypoints": 9}}
{"target": -188.18018755800924, "params": {"k_pid_pos": [0.8788926734052271, 0.0, 0.05343668398565785], "k_pid_alt": [1.5416707708753736, 0.0, 0.9534858512762534], "k_pid_att": [32.915505729254704, 2.9204857050140203, 0.2078332403072135], "k_pid_yaw": [0.5, 1e-06, 0.1], "k_pid_hsp": [0.218605580123902, 0.0, 0.0], "k_pid_vsp": [154.85114782363524, 3.5253187714224956, 1e-06]}, "datetime": {"datetime": "2025-08-13 13:10:06", "elapsed": 12134.596349477768, "delta": 17.655324697494507}, "costs": {"total_cost": 188.18018755800924, "time_cost": 72.933, "final_distance_cost": 1.8427652053542891, "oscillation_cost": 27.261647349297625, "completition_cost": 0.0, "overshoot_cost": 51.20792303120909, "power_cost": 13.581991564941406, "noise_cost": 21.35286040720681, "n_waypoints_completed": 9, "tot_waypoints": 9}}
{"target": -202.22882345862482, "params": {"k_pid_pos": [0.6862828026738672, 0.0525765786615434, 0.1112855167389332], "k_pid_alt": [1.7927775052844939, 0.0, 0.917600645146041], "k_pid_att": [30.42972334217673, 2.5187672934853134, 0.14201034603722656], "k_pid_yaw": [0.5, 1e-06, 0.1], "k_pid_hsp": [1.1877265558457646, 0.0, 0.0], "k_pid_vsp": [167.78578704386976, 10.903292025551885, 4.522353234344136]}, "datetime": {"datetime": "2025-08-13 13:10:24", "elapsed": 12152.661921024323, "delta": 18.065571546554565}, "costs": {"total_cost": 202.22882345862482, "time_cost": 77.399, "final_distance_cost": 1.8430866003404307, "oscillation_cost": 30.74356377893299, "completition_cost": 0.0, "overshoot_cost": 51.850306018468984, "power_cost": 16.359350427246095, "noise_cost": 24.033516633636335, "n_waypoints_completed": 9, "tot_waypoints": 9}}
{"target": -195.10777663418096, "params": {"k_pid_pos": [1.196666468903359, 0.0, 0.04752988120857868], "k_pid_alt": [1.4555718121819474, 0.0, 0.9735387202915754], "k_pid_att": [33.29594552672028, 3.166465031609677, 0.15491031215828477], "k_pid_yaw": [0.5, 1e-06, 0.1], "k_pid_hsp": [0.3950712303671994, 0.0, 0.0], "k_pid_vsp": [109.81784216680327, 6.806372339389297, 3.6810709711073404]}, "datetime": {"datetime": "2025-08-13 13:10:41", "elapsed": 12169.78573346138, "delta": 17.123812437057495}, "costs": {"total_cost": 195.10777663418096, "time_cost": 72.702, "final_distance_cost": 1.8337166705233736, "oscillation_cost": 30.767097471924288, "completition_cost": 0.0, "overshoot_cost": 51.70883557528954, "power_cost": 16.22591696777344, "noise_cost": 21.870209948670322, "n_waypoints_completed": 9, "tot_waypoints": 9}}
{"target": -212.1861191521338, "params": {"k_pid_pos": [1.0758850700412985, 0.3514220061438237, 0.11482520662584142], "k_pid_alt": [1.4163659363171568, 0.0, 0.9683944358322611], "k_pid_att": [35.32110412485367, 3.9245071574609645, 0.17722403389917687], "k_pid_yaw": [0.5, 1e-06, 0.1], "k_pid_hsp": [0.1803141289578964, 0.0005753285090178625, 0.0], "k_pid_vsp": [178.83888817841674, 16.49481707148954, 1e-06]}, "datetime": {"datetime": "2025-08-13 13:11:00", "elapsed": 12188.684987068176, "delta": 18.899253606796265}, "costs": {"total_cost": 212.1861191521338, "time_cost": 79.71600000000001, "final_distance_cost": 1.775811124749055, "oscillation_cost": 31.285256476761024, "completition_cost": 0.0, "overshoot_cost": 52.136432452028195, "power_cost": 22.760934594726564, "noise_cost": 24.511684503868963, "n_waypoints_completed": 9, "tot_waypoints": 9}}
{"target": -215.30372998359542, "params": {"k_pid_pos": [0.6082739142536423, 0.243650067071792, 0.46972240952769057], "k_pid_alt": [2.0, 0.0, 0.9671721777097294], "k_pid_att": [54.334113856526415, 3.712862050825742, 0.13150542483804512], "k_pid_yaw": [0.5, 1e-06, 0.1], "k_pid_hsp": [0.7188555804177854, 0.0, 0.0], "k_pid_vsp": [102.48246426632936, 7.397659823429995, 1e-06]}, "datetime": {"datetime": "2025-08-13 13:11:21", "elapsed": 12209.088874340057, "delta": 20.403887271881104}, "costs": {"total_cost": 215.30372998359542, "time_cost": 83.958, "final_distance_cost": 1.8260336090224927, "oscillation_cost": 31.249392590139088, "completition_cost": 0.0, "overshoot_cost": 53.190221243286146, "power_cost": 18.805767297363282, "noise_cost": 26.274315243784425, "n_waypoints_completed": 9, "tot_waypoints": 9}}
{"target": -192.30638825804954, "params": {"k_pid_pos": [1.0154530186900668, 0.0, 0.045872579493064336], "k_pid_alt": [1.483826978183468, 0.0, 1.0], "k_pid_att": [44.71149971514413, 3.077590149396466, 0.1736326510848622], "k_pid_yaw": [0.5, 1e-06, 0.1], "k_pid_hsp": [0.25622337422590147, 0.0, 0.0], "k_pid_vsp": [153.6824332125435, 9.394741568951549, 5.280487549828532]}, "datetime": {"datetime": "2025-08-13 13:11:38", "elapsed": 12226.348777532578, "delta": 17.25990319252014}, "costs": {"total_cost": 192.30638825804954, "time_cost": 72.69500000000001, "final_distance_cost": 1.8400560030189947, "oscillation_cost": 29.312109272680782, "completition_cost": 0.0, "overshoot_cost": 51.503157018875065, "power_cost": 15.276461328125, "noise_cost": 21.679604635349662, "n_waypoints_completed": 9, "tot_waypoints": 9}}
{"target": -196.4018674146174, "params": {"k_pid_pos": [0.8189318966625019, 0.0, 0.08285107793901933], "k_pid_alt": [1.6456661819614542, 0.0, 0.9848152844840744], "k_pid_att": [17.39764442159372, 3.7794169350550217, 0.15922608129563612], "k_pid_yaw": [0.5, 1e-06, 0.1], "k_pid_hsp": [0.236759827926746, 0.0, 0.0], "k_pid_vsp": [125.57398626293093, 5.872979052126805, 1e-06]}, "datetime": {"datetime": "2025-08-13 13:11:56", "elapsed": 12244.404430150986, "delta": 18.055652618408203}, "costs": {"total_cost": 196.4018674146174, "time_cost": 73.605, "final_distance_cost": 1.8437908341446376, "oscillation_cost": 27.017754699326368, "completition_cost": 0.0, "overshoot_cost": 51.590741730826934, "power_cost": 19.09776600341797, "noise_cost": 23.24681414690149, "n_waypoints_completed": 9, "tot_waypoints": 9}}
{"target": -1263.8719178499148, "params": {"k_pid_pos": [1.0626036030713888, 0.0, 0.0], "k_pid_alt": [1.4686841976642915, 0.0, 0.9500587861799297], "k_pid_att": [51.73311024219872, 2.0790204357739923, 0.0], "k_pid_yaw": [0.5, 1e-06, 0.1], "k_pid_hsp": [0.0001, 0.0, 0.0], "k_pid_vsp": [110.29661339074633, 13.350279478411146, 1e-06]}, "datetime": {"datetime": "2025-08-13 13:12:24", "elapsed": 12272.724219322205, "delta": 28.319789171218872}, "costs": {"total_cost": 1263.8719178499148, "time_cost": 150, "final_distance_cost": 47.91984272836266, "oscillation_cost": 26.86383366097567, "completition_cost": 888.8888888888888, "overshoot_cost": 103.54979801315508, "power_cost": 15.423739062500001, "noise_cost": 31.22581549603254, "n_waypoints_completed": 1, "tot_waypoints": 9}}
{"target": -195.0843059979003, "params": {"k_pid_pos": [1.6838585085604139, 0.0, 0.14871691207230847], "k_pid_alt": [1.6460640843832588, 0.037376250429305785, 0.9597480743528041], "k_pid_att": [29.180420629694186, 3.4489415578177014, 0.17687102045293665], "k_pid_yaw": [0.5, 1e-06, 0.1], "k_pid_hsp": [1.8699127223147056, 0.014112964827768821, 0.0], "k_pid_vsp": [116.71324793611748, 3.2008111793537566, 2.5984801430050615]}, "datetime": {"datetime": "2025-08-13 13:12:41", "elapsed": 12289.396809577942, "delta": 16.672590255737305}, "costs": {"total_cost": 195.0843059979003, "time_cost": 70.518, "final_distance_cost": 1.7877845318432202, "oscillation_cost": 37.00157160774559, "completition_cost": 0.0, "overshoot_cost": 51.74557507002669, "power_cost": 13.41803836669922, "noise_cost": 20.613336421585565, "n_waypoints_completed": 9, "tot_waypoints": 9}}
{"target": -207.64284116332223, "params": {"k_pid_pos": [0.7449121472021207, 0.021956592874451612, 0.0], "k_pid_alt": [1.546780524452849, 0.0, 0.9689129991551833], "k_pid_att": [22.193902301344036, 2.8516441394435663, 0.1983927793353121], "k_pid_yaw": [0.5, 1e-06, 0.1], "k_pid_hsp": [0.27617049014721606, 0.0, 0.0], "k_pid_vsp": [115.73128974190612, 3.9467078281911308, 1e-06]}, "datetime": {"datetime": "2025-08-13 13:12:59", "elapsed": 12307.416112661362, "delta": 18.0193030834198}, "costs": {"total_cost": 207.64284116332223, "time_cost": 76.95100000000001, "final_distance_cost": 1.8377562555245237, "oscillation_cost": 26.76136382243184, "completition_cost": 0.0, "overshoot_cost": 53.01364165583647, "power_cost": 24.265832421875, "noise_cost": 24.81324700765441, "n_waypoints_completed": 9, "tot_waypoints": 9}}
{"target": -188.13763226007748, "params": {"k_pid_pos": [0.8464542928050615, 0.10730550725066162, 0.060255128428589384], "k_pid_alt": [1.5676710226115949, 0.0, 0.9589762622106787], "k_pid_att": [25.559087403872702, 2.6622950817212025, 0.18433516776696818], "k_pid_yaw": [0.5, 1e-06, 0.1], "k_pid_hsp": [0.802422426472146, 0.0, 0.0], "k_pid_vsp": [139.59416723809136, 6.93666197322741, 0.5937728058747144]}, "datetime": {"datetime": "2025-08-13 13:13:17", "elapsed": 12325.073268413544, "delta": 17.657155752182007}, "costs": {"total_cost": 188.13763226007748, "time_cost": 74.284, "final_distance_cost": 1.841218150201818, "oscillation_cost": 29.32634483090157, "completition_cost": 0.0, "overshoot_cost": 51.52464714579302, "power_cost": 10.482572338867188, "noise_cost": 20.67884979431389, "n_waypoints_completed": 9, "tot_waypoints": 9}}
{"target": -208.98423385995594, "params": {"k_pid_pos": [0.5605758361323087, 0.0, 0.07247624591685632], "k_pid_alt": [1.870463278804664, 0.0, 0.9834310143267034], "k_pid_att": [26.2253305024403, 2.059663532862249, 0.17679737758925107], "k_pid_yaw": [0.5, 1e-06, 0.1], "k_pid_hsp": [0.27737009048384575, 0.0, 0.0], "k_pid_vsp": [113.66207686757721, 3.9979588464803104, 1e-06]}, "datetime": {"datetime": "2025-08-13 13:13:36", "elapsed": 12344.516085624695, "delta": 19.442817211151123}, "costs": {"total_cost": 208.98423385995594, "time_cost": 80.899, "final_distance_cost": 1.8546878562088789, "oscillation_cost": 24.72920979745534, "completition_cost": 0.0, "overshoot_cost": 52.828225280901236, "power_cost": 21.70788035888672, "noise_cost": 26.965230566503767, "n_waypoints_completed": 9, "tot_waypoints": 9}}
{"target": -1539.3976378171653, "params": {"k_pid_pos": [0.6655606349509885, 0.01021872256475177, 0.2775463521501767], "k_pid_alt": [1.378157414877986, 0.0, 0.9220464830865476], "k_pid_att": [16.369634927974275, 6.884983333305261, 0.07236639881395329], "k_pid_yaw": [0.5, 1e-06, 0.1], "k_pid_hsp": [0.0001, 0.23744878694749194, 0.4201304931979294], "k_pid_vsp": [183.81781128369468, 176.26272482895152, 1e-06]}, "datetime": {"datetime": "2025-08-13 13:14:04", "elapsed": 12372.633265256882, "delta": 28.11717963218689}, "costs": {"total_cost": 1539.3976378171653, "time_cost": 150, "final_distance_cost": 37.043989966180675, "oscillation_cost": 617.6818335798611, "completition_cost": 555.5555555555555, "overshoot_cost": 113.15813908755194, "power_cost": 33.03078481445313, "noise_cost": 32.927334813562815, "n_waypoints_completed": 4, "tot_waypoints": 9}}
{"target": -191.11426530789464, "params": {"k_pid_pos": [1.2294095115961947, 0.0, 0.15294723901984886], "k_pid_alt": [1.6199101631265571, 0.0, 0.981410259741193], "k_pid_att": [15.28935001372201, 0.0001, 0.26075885472670135], "k_pid_yaw": [0.5, 1e-06, 0.1], "k_pid_hsp": [0.35375327860540595, 0.09905466694548185, 0.0], "k_pid_vsp": [161.03215166897908, 4.7386599573292765, 1e-06]}, "datetime": {"datetime": "2025-08-13 13:14:21", "elapsed": 12389.616766929626, "delta": 16.98350167274475}, "costs": {"total_cost": 191.11426530789464, "time_cost": 71.477, "final_distance_cost": 1.8433067901380258, "oscillation_cost": 33.02457173485677, "completition_cost": 0.0, "overshoot_cost": 50.30539120022202, "power_cost": 13.649627966308595, "noise_cost": 20.81436761636919, "n_waypoints_completed": 9, "tot_waypoints": 9}}
{"target": -193.75461205289855, "params": {"k_pid_pos": [0.9436038244044926, 0.0803638207808467, 0.09718442822166101], "k_pid_alt": [1.610297433440926, 0.0, 0.9585728564055037], "k_pid_att": [41.2513779980275, 2.1594375360730713, 0.1682556416145961], "k_pid_yaw": [0.5, 1e-06, 0.1], "k_pid_hsp": [0.2255030820029088, 0.0, 0.0], "k_pid_vsp": [150.3490270163072, 14.162030684430484, 1e-06]}, "datetime": {"datetime": "2025-08-13 13:14:39", "elapsed": 12407.03128528595, "delta": 17.414518356323242}, "costs": {"total_cost": 193.75461205289855, "time_cost": 72.863, "final_distance_cost": 1.809367558176467, "oscillation_cost": 27.752090372851153, "completition_cost": 0.0, "overshoot_cost": 51.77161792788326, "power_cost": 17.217968969726563, "noise_cost": 22.34056722426109, "n_waypoints_completed": 9, "tot_waypoints": 9}}
{"target": -194.09699412711814, "params": {"k_pid_pos": [0.8597025218284446, 0.0, 0.15998519658360183], "k_pid_alt": [1.578915035909286, 0.0, 0.9666294839995002], "k_pid_att": [27.971316495449194, 2.88526583557333, 0.18756940067526667], "k_pid_yaw": [0.5, 1e-06, 0.1], "k_pid_hsp": [0.3231391286747709, 0.0, 0.0], "k_pid_vsp": [159.44500899792274, 11.417041567406784, 1e-06]}, "datetime": {"datetime": "2025-08-13 13:14:56", "elapsed": 12424.50969862938, "delta": 17.478413343429565}, "costs": {"total_cost": 194.09699412711814, "time_cost": 75.005, "final_distance_cost": 1.8524656308834535, "oscillation_cost": 27.020940452110757, "completition_cost": 0.0, "overshoot_cost": 51.633894965728096, "power_cost": 15.824731616210938, "noise_cost": 22.759961462184886, "n_waypoints_completed": 9, "tot_waypoints": 9}}
{"target": -191.12128638233528, "params": {"k_pid_pos": [0.9173824453434244, 0.015492571110506337, 0.041788126871313516], "k_pid_alt": [1.5618915486481626, 0.0, 0.9528430355759641], "k_pid_att": [31.701530214766102, 3.542629699281518, 0.47349242934252855], "k_pid_yaw": [0.5, 1e-06, 0.1], "k_pid_hsp": [1.0086861575723132, 0.0, 0.0], "k_pid_vsp": [122.19315467950531, 7.667492475088384, 1e-06]}, "datetime": {"datetime": "2025-08-13 13:15:13", "elapsed": 12441.83178305626, "delta": 17.322084426879883}, "costs": {"total_cost": 191.12128638233528, "time_cost": 73.19200000000001, "final_distance_cost": 1.852865101737137, "oscillation_cost": 30.668540113946055, "completition_cost": 0.0, "overshoot_cost": 51.103939054529874, "power_cost": 12.901554626464844, "noise_cost": 21.402387485657368, "n_waypoints_completed": 9, "tot_waypoints": 9}}
{"target": -193.01328599777236, "params": {"k_pid_pos": [1.3786473980721494, 0.0, 0.10505492198405705], "k_pid_alt": [1.5551029901625464, 0.0, 1.0], "k_pid_att": [17.381405094093555, 3.2066544859246853, 0.13828025108496717], "k_pid_yaw": [0.5, 1e-06, 0.1], "k_pid_hsp": [0.13276244454333183, 0.0, 0.0], "k_pid_vsp": [133.42778376219417, 1e-06, 1e-06]}, "datetime": {"datetime": "2025-08-13 13:15:31", "elapsed": 12459.348676204681, "delta": 17.51689314842224}, "costs": {"total_cost": 193.01328599777236, "time_cost": 73.045, "final_distance_cost": 1.8068059516813446, "oscillation_cost": 30.18231096167605, "completition_cost": 0.0, "overshoot_cost": 51.984927688103255, "power_cost": 14.527636169433594, "noise_cost": 21.466605226878116, "n_waypoints_completed": 9, "tot_waypoints": 9}}
{"target": -191.0861764248624, "params": {"k_pid_pos": [0.8157271512704001, 0.09733357693004277, 0.09838771094602697], "k_pid_alt": [1.582035227275681, 0.0, 0.9376712697295612], "k_pid_att": [35.032945440692764, 3.7673298165920857, 0.2753502436303004], "k_pid_yaw": [0.5, 1e-06, 0.1], "k_pid_hsp": [0.30152118339107725, 0.0, 0.0], "k_pid_vsp": [262.9037529103175, 22.4368242273041, 1e-06]}, "datetime": {"datetime": "2025-08-13 13:15:48", "elapsed": 12476.843051195145, "delta": 17.494374990463257}, "costs": {"total_cost": 191.0861764248624, "time_cost": 73.976, "final_distance_cost": 1.829947398193434, "oscillation_cost": 26.89424314767161, "completition_cost": 0.0, "overshoot_cost": 51.694203762335135, "power_cost": 14.748678088378908, "noise_cost": 21.943104028283322, "n_waypoints_completed": 9, "tot_waypoints": 9}}
{"target": -195.57655770645636, "params": {"k_pid_pos": [0.9844014620216643, 0.3061197299055549, 0.0055652111804588645], "k_pid_alt": [1.5410300359671247, 0.0, 0.682865686120024], "k_pid_att": [26.054188741696287, 3.5981961793366715, 0.20716989549448378], "k_pid_yaw": [0.5, 1e-06, 0.1], "k_pid_hsp": [1.0800752388097008, 0.0, 0.0], "k_pid_vsp": [229.78546422502984, 2.295288299844971, 1e-06]}, "datetime": {"datetime": "2025-08-13 13:16:06", "elapsed": 12494.640735387802, "delta": 17.79768419265747}, "costs": {"total_cost": 195.57655770645636, "time_cost": 75.474, "final_distance_cost": 1.7983100736915159, "oscillation_cost": 31.445002933186835, "completition_cost": 0.0, "overshoot_cost": 51.12579728574924, "power_cost": 14.006767041015626, "noise_cost": 21.726680372813114, "n_waypoints_completed": 9, "tot_waypoints": 9}}
{"target": -227.15057913951614, "params": {"k_pid_pos": [0.8524590722970729, 0.0, 0.06718715220250873], "k_pid_alt": [1.5225663897039847, 0.0, 0.9406118282924545], "k_pid_att": [4.348957485437179, 3.243984026481336, 0.0], "k_pid_yaw": [0.5, 1e-06, 0.1], "k_pid_hsp": [0.2539338551765702, 0.0, 0.0], "k_pid_vsp": [91.19562139832685, 9.373294005621311, 1e-06]}, "datetime": {"datetime": "2025-08-13 13:16:24", "elapsed": 12512.83577466011, "delta": 18.19503927230835}, "costs": {"total_cost": 227.15057913951614, "time_cost": 77.532, "final_distance_cost": 1.845086494750312, "oscillation_cost": 39.83299767069314, "completition_cost": 0.0, "overshoot_cost": 53.51905389921565, "power_cost": 27.97131455078125, "noise_cost": 26.450126524075806, "n_waypoints_completed": 9, "tot_waypoints": 9}}
{"target": -208.82317860927319, "params": {"k_pid_pos": [0.5541854204366023, 0.08041447809134328, 0.07505785423462848], "k_pid_alt": [1.1494445571727026, 0.39006343136618715, 0.9460787975733533], "k_pid_att": [28.931381346396652, 2.8180647480040504, 0.17662317699604124], "k_pid_yaw": [0.5, 1e-06, 0.1], "k_pid_hsp": [2.867561951209165, 0.0, 0.0], "k_pid_vsp": [214.45805814263412, 1e-06, 0.46750772908615296]}, "datetime": {"datetime": "2025-08-13 13:16:43", "elapsed": 12531.851642131805, "delta": 19.015867471694946}, "costs": {"total_cost": 208.82317860927319, "time_cost": 81.151, "final_distance_cost": 1.7982547918668674, "oscillation_cost": 35.77747501070423, "completition_cost": 0.0, "overshoot_cost": 52.9309410906482, "power_cost": 14.304041430664062, "noise_cost": 22.861466285389838, "n_waypoints_completed": 9, "tot_waypoints": 9}}
