{"target": -182.68287910661087, "params": {"k_pid_pos": [0.42563314666972896, 0.0, 0.0], "k_pid_alt": [2.0, 0.0, 0.8559570585808445], "k_pid_att": [35.639642495112795, 3.378580821807419, 0.2704033878405534], "k_pid_yaw": [0.5, 1e-06, 0.1], "k_pid_hsp": [0.08765595096123524, 0.0, 0.0], "k_pid_vsp": [150.919725125941, 48.09669766001644, 1e-06]}, "datetime": {"datetime": "2025-08-13 23:12:24", "elapsed": 48272.600345373154, "delta": 18.138055086135864}, "costs": {"total_cost": 182.68287910661087, "time_cost": 76.034, "final_distance_cost": 1.8268245221258081, "oscillation_cost": 16.912070960947307, "completition_cost": 0.0, "overshoot_cost": 52.686499725721454, "power_cost": 12.790940734863282, "noise_cost": 22.432543162953024, "n_waypoints_completed": 9, "tot_waypoints": 9}}
{"target": -196.5882311464996, "params": {"k_pid_pos": [0.5808340439660226, 0.0, 0.03163160976953358], "k_pid_alt": [1.8969203572519004, 0.0, 0.9473230313641251], "k_pid_att": [32.817830611087864, 3.8395930319275546, 0.3989267798662607], "k_pid_yaw": [0.5, 1e-06, 0.1], "k_pid_hsp": [0.6504888426698899, 0.0, 0.0], "k_pid_vsp": [131.5618460398665, 61.906793593001964, 1e-06]}, "datetime": {"datetime": "2025-08-13 23:12:44", "elapsed": 48292.64776492119, "delta": 20.047419548034668}, "costs": {"total_cost": 196.5882311464996, "time_cost": 79.408, "final_distance_cost": 1.8543051622506903, "oscillation_cost": 26.86230220136239, "completition_cost": 0.0, "overshoot_cost": 50.572411889657914, "power_cost": 13.987452648925782, "noise_cost": 23.903759244302808, "n_waypoints_completed": 9, "tot_waypoints": 9}}
{"target": -195.62826658869395, "params": {"k_pid_pos": [0.640195242196274, 0.0, 0.015484300933256458], "k_pid_alt": [1.8813166143778037, 0.0, 0.9734691574542179], "k_pid_att": [33.13477022645146, 3.6083681862488284, 0.27541849163229865], "k_pid_yaw": [0.5, 1e-06, 0.1], "k_pid_hsp": [0.1143583920380016, 0.0, 0.0], "k_pid_vsp": [165.75279831066763, 42.4958769258521, 1e-06]}, "datetime": {"datetime": "2025-08-13 23:13:02", "elapsed": 48310.930720329285, "delta": 18.282955408096313}, "costs": {"total_cost": 195.62826658869395, "time_cost": 73.696, "final_distance_cost": 1.8383409997350728, "oscillation_cost": 22.702624321690138, "completition_cost": 0.0, "overshoot_cost": 52.526577766276944, "power_cost": 21.323099133300783, "noise_cost": 23.541624367691018, "n_waypoints_completed": 9, "tot_waypoints": 9}}
{"target": -200.77275287700255, "params": {"k_pid_pos": [0.8357613548646433, 0.0, 0.05936013064458601], "k_pid_alt": [2.0, 0.0, 0.9445851780387035], "k_pid_att": [34.042112235913834, 3.320223524051859, 0.2802449563869553], "k_pid_yaw": [0.5, 1e-06, 0.1], "k_pid_hsp": [0.04465431746837382, 0.0, 0.0], "k_pid_vsp": [115.192985662191, 26.304522194152963, 1e-06]}, "datetime": {"datetime": "2025-08-13 23:13:23", "elapsed": 48331.11420297623, "delta": 20.18348264694214}, "costs": {"total_cost": 200.77275287700255, "time_cost": 82.894, "final_distance_cost": 1.7781838336103628, "oscillation_cost": 18.164006088432863, "completition_cost": 0.0, "overshoot_cost": 57.05895868954663, "power_cost": 15.800669738769532, "noise_cost": 25.07693452664318, "n_waypoints_completed": 9, "tot_waypoints": 9}}
{"target": -184.32971325673583, "params": {"k_pid_pos": [0.79952839054088, 0.000112906447460868, 0.027571912422270195], "k_pid_alt": [1.791908407273, 0.0, 0.9459976682051607], "k_pid_att": [34.319062033359316, 3.5469699568381876, 0.24143605066465051], "k_pid_yaw": [0.5, 1e-06, 0.1], "k_pid_hsp": [0.14596163059889106, 0.0, 0.0], "k_pid_vsp": [66.42435367443147, 26.555868018179765, 1e-06]}, "datetime": {"datetime": "2025-08-13 23:13:42", "elapsed": 48350.686096191406, "delta": 19.571893215179443}, "costs": {"total_cost": 184.32971325673583, "time_cost": 71.211, "final_distance_cost": 1.8166334743982517, "oscillation_cost": 25.51847378747213, "completition_cost": 0.0, "overshoot_cost": 51.24693703650762, "power_cost": 13.576911584472658, "noise_cost": 20.959757373885154, "n_waypoints_completed": 9, "tot_waypoints": 9}}
{"target": -192.87348417489005, "params": {"k_pid_pos": [0.6768460418001727, 0.0, 0.07187778619335156], "k_pid_alt": [1.4624254516209694, 0.0, 0.9169343477530637], "k_pid_att": [36.9947390902847, 3.1244349075386495, 0.2717317582170933], "k_pid_yaw": [0.5, 1e-06, 0.1], "k_pid_hsp": [0.1584893431353862, 0.0, 0.0], "k_pid_vsp": [158.78233455276913, 79.51226329237252, 1e-06]}, "datetime": {"datetime": "2025-08-13 23:14:00", "elapsed": 48368.2025039196, "delta": 17.51640772819519}, "costs": {"total_cost": 192.87348417489005, "time_cost": 74.438, "final_distance_cost": 1.8365461923966757, "oscillation_cost": 24.870997617581214, "completition_cost": 0.0, "overshoot_cost": 51.29390806888439, "power_cost": 17.59032453613281, "noise_cost": 22.843707759894965, "n_waypoints_completed": 9, "tot_waypoints": 9}}
{"target": -189.64319621544576, "params": {"k_pid_pos": [0.9884847470165815, 0.0, 0.0], "k_pid_alt": [1.8443460651398529, 0.0, 0.9688685841944183], "k_pid_att": [36.876979002041885, 3.718487037225037, 0.26573541286757574], "k_pid_yaw": [0.5, 1e-06, 0.1], "k_pid_hsp": [0.27096894372579006, 0.0, 0.0], "k_pid_vsp": [110.23960247440525, 31.35958298021624, 1e-06]}, "datetime": {"datetime": "2025-08-13 23:14:18", "elapsed": 48386.6929974556, "delta": 18.490493535995483}, "costs": {"total_cost": 189.64319621544576, "time_cost": 70.763, "final_distance_cost": 1.8235772098035063, "oscillation_cost": 28.895727901007106, "completition_cost": 0.0, "overshoot_cost": 50.33190432971443, "power_cost": 16.184188513183596, "noise_cost": 21.644798261737108, "n_waypoints_completed": 9, "tot_waypoints": 9}}
{"target": -180.86030372487795, "params": {"k_pid_pos": [0.7947932659410937, 0.0, 0.01952264489246146], "k_pid_alt": [2.0, 0.0, 0.9159172022163586], "k_pid_att": [38.95758578508169, 2.4689173885953526, 0.28306690976984356], "k_pid_yaw": [0.5, 1e-06, 0.1], "k_pid_hsp": [0.26204824881302313, 0.0, 0.0], "k_pid_vsp": [128.03446054801506, 48.34253681147961, 1e-06]}, "datetime": {"datetime": "2025-08-13 23:14:35", "elapsed": 48403.30338191986, "delta": 16.610384464263916}, "costs": {"total_cost": 180.86030372487795, "time_cost": 70.98, "final_distance_cost": 1.8455244165189644, "oscillation_cost": 26.86619646567039, "completition_cost": 0.0, "overshoot_cost": 50.21561818718741, "power_cost": 10.711710095214844, "noise_cost": 20.241254560286322, "n_waypoints_completed": 9, "tot_waypoints": 9}}
{"target": -187.77015666572612, "params": {"k_pid_pos": [0.6420265953066792, 0.0, 0.0], "k_pid_alt": [1.9662382595818437, 0.0, 0.9710281950579986], "k_pid_att": [32.53261624780584, 3.2260251129476094, 0.26090683550520866], "k_pid_yaw": [0.5, 1e-06, 0.1], "k_pid_hsp": [0.13881978479160934, 0.0, 0.0], "k_pid_vsp": [66.48276411725593, 63.29675884696613, 1e-06]}, "datetime": {"datetime": "2025-08-13 23:14:54", "elapsed": 48422.46332025528, "delta": 19.1599383354187}, "costs": {"total_cost": 187.77015666572612, "time_cost": 72.17, "final_distance_cost": 1.828023997882331, "oscillation_cost": 23.99302264000547, "completition_cost": 0.0, "overshoot_cost": 51.22422333656714, "power_cost": 16.463879797363283, "noise_cost": 22.091006893907885, "n_waypoints_completed": 9, "tot_waypoints": 9}}
{"target": -186.63250237218116, "params": {"k_pid_pos": [0.8185404272977465, 0.0, 0.17301187490126474], "k_pid_alt": [1.793166647833353, 0.0, 0.948964941685107], "k_pid_att": [33.30703019422704, 3.697787129291735, 0.315675698882327], "k_pid_yaw": [0.5, 1e-06, 0.1], "k_pid_hsp": [0.11045691579929795, 0.0, 0.0], "k_pid_vsp": [111.91711898878404, 42.65752814739138, 1e-06]}, "datetime": {"datetime": "2025-08-13 23:15:11", "elapsed": 48439.428261995316, "delta": 16.96494174003601}, "costs": {"total_cost": 186.63250237218116, "time_cost": 72.387, "final_distance_cost": 1.8249215786233686, "oscillation_cost": 23.881079522935526, "completition_cost": 0.0, "overshoot_cost": 52.07814991206211, "power_cost": 14.870983618164063, "noise_cost": 21.590367740396093, "n_waypoints_completed": 9, "tot_waypoints": 9}}
{"target": -179.22156556030293, "params": {"k_pid_pos": [0.614484459102093, 0.0, 0.009722469869860619], "k_pid_alt": [1.9089316286398526, 0.0, 0.9550208460535272], "k_pid_att": [32.925063863001476, 3.7768477309902315, 0.26841004970016435], "k_pid_yaw": [0.5, 1e-06, 0.1], "k_pid_hsp": [0.11413783876443545, 0.0, 0.0], "k_pid_vsp": [132.60317813640273, 35.69852692559458, 1e-06]}, "datetime": {"datetime": "2025-08-13 23:15:30", "elapsed": 48458.58828783035, "delta": 19.16002583503723}, "costs": {"total_cost": 179.22156556030293, "time_cost": 72.639, "final_distance_cost": 1.8324199422499758, "oscillation_cost": 22.565546296737654, "completition_cost": 0.0, "overshoot_cost": 51.35728907761244, "power_cost": 10.338384313964845, "noise_cost": 20.48892592973803, "n_waypoints_completed": 9, "tot_waypoints": 9}}
{"target": -179.763012375055, "params": {"k_pid_pos": [0.48959951831706605, 0.0, 0.026304477927125803], "k_pid_alt": [1.8909677117959913, 0.0, 0.9457440326877716], "k_pid_att": [32.20152760215891, 3.6074429802004038, 0.28117729843219014], "k_pid_yaw": [0.5, 1e-06, 0.1], "k_pid_hsp": [0.12157995471947793, 0.0, 0.0], "k_pid_vsp": [138.72872550106547, 38.66635764164975, 1e-06]}, "datetime": {"datetime": "2025-08-13 23:15:51", "elapsed": 48479.14321208, "delta": 20.554924249649048}, "costs": {"total_cost": 179.763012375055, "time_cost": 75.474, "final_distance_cost": 1.841207215234244, "oscillation_cost": 20.8335621967002, "completition_cost": 0.0, "overshoot_cost": 51.55201613946452, "power_cost": 9.165096459960939, "noise_cost": 20.897130363695084, "n_waypoints_completed": 9, "tot_waypoints": 9}}
{"target": -184.12888379558711, "params": {"k_pid_pos": [0.8876777329798811, 0.0, 0.042208342867745344], "k_pid_alt": [1.9158666607370087, 0.0, 0.9642854432270243], "k_pid_att": [29.704396056977064, 5.866710777627198, 0.2584237964423911], "k_pid_yaw": [0.5, 1e-06, 0.1], "k_pid_hsp": [0.11595010948731937, 0.0, 0.0], "k_pid_vsp": [147.5841895286989, 42.85516333488203, 1e-06]}, "datetime": {"datetime": "2025-08-13 23:16:11", "elapsed": 48499.8727478981, "delta": 20.729535818099976}, "costs": {"total_cost": 184.12888379558711, "time_cost": 71.155, "final_distance_cost": 1.8033810618095427, "oscillation_cost": 25.802168802916157, "completition_cost": 0.0, "overshoot_cost": 51.399105278271456, "power_cost": 13.230846179199219, "noise_cost": 20.73838247339075, "n_waypoints_completed": 9, "tot_waypoints": 9}}
{"target": -195.65718410496797, "params": {"k_pid_pos": [1.5539445220164045, 0.0, 0.056792548593052786], "k_pid_alt": [1.6715725221520263, 0.0, 0.9508157919364909], "k_pid_att": [33.66579157974515, 3.615111162861324, 0.26045366268593606], "k_pid_yaw": [0.5, 1e-06, 0.1], "k_pid_hsp": [0.22022838376164294, 0.0, 0.0], "k_pid_vsp": [126.94706058258382, 18.206039347077528, 1e-06]}, "datetime": {"datetime": "2025-08-13 23:16:33", "elapsed": 48521.67504477501, "delta": 21.80229687690735}, "costs": {"total_cost": 195.65718410496797, "time_cost": 71.22500000000001, "final_distance_cost": 1.7977819154342527, "oscillation_cost": 31.822576061752823, "completition_cost": 0.0, "overshoot_cost": 51.314132715899866, "power_cost": 17.692645458984376, "noise_cost": 21.805047952896636, "n_waypoints_completed": 9, "tot_waypoints": 9}}
{"target": -189.84056569690026, "params": {"k_pid_pos": [0.46298462262617956, 0.0, 0.027991280015117116], "k_pid_alt": [1.7971285147465712, 0.0, 0.8979442210157408], "k_pid_att": [35.20891010318366, 3.674485950261145, 0.26675385945200986], "k_pid_yaw": [0.5, 1e-06, 0.1], "k_pid_hsp": [0.12812678895375862, 0.0, 0.0], "k_pid_vsp": [117.51915768195262, 39.29512733762637, 1e-06]}, "datetime": {"datetime": "2025-08-13 23:16:55", "elapsed": 48543.18738865852, "delta": 21.512343883514404}, "costs": {"total_cost": 189.84056569690026, "time_cost": 76.881, "final_distance_cost": 1.8431300179888155, "oscillation_cost": 20.649545708148793, "completition_cost": 0.0, "overshoot_cost": 51.645610610752705, "power_cost": 15.151328662109377, "noise_cost": 23.669950697900582, "n_waypoints_completed": 9, "tot_waypoints": 9}}
{"target": -181.83891387354723, "params": {"k_pid_pos": [0.6937323687924519, 0.0, 0.0035880956214405096], "k_pid_alt": [1.8756014488501238, 0.0, 0.946201462009145], "k_pid_att": [33.53099890547222, 3.7237762657268725, 0.2780866224393925], "k_pid_yaw": [0.5, 1e-06, 0.1], "k_pid_hsp": [0.1183314700426685, 0.0, 0.0], "k_pid_vsp": [134.81690370150463, 45.18413856660949, 1e-06]}, "datetime": {"datetime": "2025-08-13 23:17:14", "elapsed": 48562.67277383804, "delta": 19.485385179519653}, "costs": {"total_cost": 181.83891387354723, "time_cost": 71.967, "final_distance_cost": 1.8132143562159013, "oscillation_cost": 23.55824110677496, "completition_cost": 0.0, "overshoot_cost": 51.47683211879569, "power_cost": 12.300862695312501, "noise_cost": 20.72276359644817, "n_waypoints_completed": 9, "tot_waypoints": 9}}
{"target": -180.26773084382216, "params": {"k_pid_pos": [0.7901867961718446, 0.0, 0.08547825874061668], "k_pid_alt": [1.8170678141655756, 0.0, 0.9553043745800556], "k_pid_att": [31.91730339217807, 3.7554455181171194, 0.26792046637708405], "k_pid_yaw": [0.5, 1e-06, 0.1], "k_pid_hsp": [0.1153398429341143, 0.0, 0.0], "k_pid_vsp": [141.32075489303784, 29.1758011781519, 1e-06]}, "datetime": {"datetime": "2025-08-13 23:17:32", "elapsed": 48579.99264359474, "delta": 17.31986975669861}, "costs": {"total_cost": 180.26773084382216, "time_cost": 71.904, "final_distance_cost": 1.8206993476113542, "oscillation_cost": 24.45599362842191, "completition_cost": 0.0, "overshoot_cost": 51.38459722792952, "power_cost": 10.56111688232422, "noise_cost": 20.141323757535154, "n_waypoints_completed": 9, "tot_waypoints": 9}}
{"target": -191.5656257906566, "params": {"k_pid_pos": [0.9144050803392304, 0.0, 0.05123141008310396], "k_pid_alt": [1.7990125417605594, 0.0, 0.9672639948716939], "k_pid_att": [31.13518235445706, 3.956770170509102, 0.2549000933975883], "k_pid_yaw": [0.5, 1e-06, 0.1], "k_pid_hsp": [0.07561218230850253, 0.0, 0.0], "k_pid_vsp": [95.41098453885914, 23.935152963210804, 1e-06]}, "datetime": {"datetime": "2025-08-13 23:17:51", "elapsed": 48599.39503240585, "delta": 19.40238881111145}, "costs": {"total_cost": 191.5656257906566, "time_cost": 75.11, "final_distance_cost": 1.8098121975981305, "oscillation_cost": 24.481841952052132, "completition_cost": 0.0, "overshoot_cost": 52.74699703869142, "power_cost": 15.141921398925781, "noise_cost": 22.27505320338914, "n_waypoints_completed": 9, "tot_waypoints": 9}}
{"target": -821.2957240664216, "params": {"k_pid_pos": [1.115139013266517, 0.0, 0.0], "k_pid_alt": [2.0, 0.0, 0.9547363311668832], "k_pid_att": [34.395475588077154, 3.983030335983921, 0.2688614136700095], "k_pid_yaw": [0.5, 1e-06, 0.1], "k_pid_hsp": [0.12548703707354686, 0.0, 0.0], "k_pid_vsp": [0.0, 18.531353501153575, 1e-06]}, "datetime": {"datetime": "2025-08-13 23:18:20", "elapsed": 48628.4673705101, "delta": 29.072338104248047}, "costs": {"total_cost": 821.2957240664216, "time_cost": 150, "final_distance_cost": 46.91804479880834, "oscillation_cost": 17.05384044596398, "completition_cost": 444.4444444444444, "overshoot_cost": 91.78889700238491, "power_cost": 20.868698120117188, "noise_cost": 50.221799254702745, "n_waypoints_completed": 5, "tot_waypoints": 9}}
{"target": -193.59866380929896, "params": {"k_pid_pos": [0.8847230230650804, 0.0, 0.010562279344201807], "k_pid_alt": [1.8880183453544555, 0.0, 0.9483499416439313], "k_pid_att": [35.303819844693614, 3.6485310922740752, 0.2665313419824405], "k_pid_yaw": [0.5, 1e-06, 0.1], "k_pid_hsp": [0.11083357042932514, 0.0, 0.0], "k_pid_vsp": [131.26396122628154, 39.25484816125574, 1e-06]}, "datetime": {"datetime": "2025-08-13 23:18:39", "elapsed": 48647.6201710701, "delta": 19.15280055999756}, "costs": {"total_cost": 193.59866380929896, "time_cost": 72.002, "final_distance_cost": 1.824550595559446, "oscillation_cost": 25.588079357940416, "completition_cost": 0.0, "overshoot_cost": 51.70777789772831, "power_cost": 19.925849328613282, "noise_cost": 22.550406629457513, "n_waypoints_completed": 9, "tot_waypoints": 9}}
{"target": -182.75441422780025, "params": {"k_pid_pos": [0.6497046427055831, 0.0, 0.009437821707400637], "k_pid_alt": [1.9859286113810977, 0.0, 0.9585394389364871], "k_pid_att": [33.59379690677445, 3.5471489691441973, 0.2758225642903283], "k_pid_yaw": [0.5, 1e-06, 0.1], "k_pid_hsp": [0.1316343534552184, 0.0, 0.0], "k_pid_vsp": [137.16225409007086, 47.357228735099795, 1e-06]}, "datetime": {"datetime": "2025-08-13 23:18:57", "elapsed": 48665.69572401047, "delta": 18.075552940368652}, "costs": {"total_cost": 182.75441422780025, "time_cost": 72.07900000000001, "final_distance_cost": 1.8397106284318043, "oscillation_cost": 23.8987039887729, "completition_cost": 0.0, "overshoot_cost": 51.46251856106535, "power_cost": 12.507485485839844, "noise_cost": 20.966995563690315, "n_waypoints_completed": 9, "tot_waypoints": 9}}
{"target": -194.1235172145296, "params": {"k_pid_pos": [0.742503270851497, 0.0, 0.008251913540220026], "k_pid_alt": [1.885036216328908, 0.0, 0.9484141147381128], "k_pid_att": [35.359619884177036, 3.4611081411376654, 0.2650870879235873], "k_pid_yaw": [0.5, 1e-06, 0.1], "k_pid_hsp": [0.13311259839254838, 0.0, 0.0], "k_pid_vsp": [180.96998916497807, 27.332761217312008, 1e-06]}, "datetime": {"datetime": "2025-08-13 23:19:16", "elapsed": 48684.300297260284, "delta": 18.604573249816895}, "costs": {"total_cost": 194.1235172145296, "time_cost": 72.548, "final_distance_cost": 1.834761144461094, "oscillation_cost": 24.718447343692468, "completition_cost": 0.0, "overshoot_cost": 51.84596288185745, "power_cost": 20.362739807128907, "noise_cost": 22.8136060373897, "n_waypoints_completed": 9, "tot_waypoints": 9}}
{"target": -187.8178527795264, "params": {"k_pid_pos": [0.9666496027079788, 0.0, 0.0], "k_pid_alt": [1.8664331520289281, 0.0, 0.946196508471656], "k_pid_att": [33.622785985847244, 3.4621393269486216, 0.2776485233071833], "k_pid_yaw": [0.5, 1e-06, 0.1], "k_pid_hsp": [0.1309866748685716, 0.0, 0.0], "k_pid_vsp": [137.47388267819025, 35.3026240358096, 1e-06]}, "datetime": {"datetime": "2025-08-13 23:19:34", "elapsed": 48701.989243507385, "delta": 17.68894624710083}, "costs": {"total_cost": 187.8178527795264, "time_cost": 71.253, "final_distance_cost": 1.8248700985621629, "oscillation_cost": 27.126516441632077, "completition_cost": 0.0, "overshoot_cost": 51.26233909731593, "power_cost": 15.056306689453125, "noise_cost": 21.294820452563116, "n_waypoints_completed": 9, "tot_waypoints": 9}}
{"target": -1242.2248913954552, "params": {"k_pid_pos": [0.8089411499340887, 0.0, 0.026463937949117618], "k_pid_alt": [1.7872082733165842, 0.0, 0.9635527488602545], "k_pid_att": [34.581131609949615, 3.883123621001992, 0.29030250918279304], "k_pid_yaw": [0.5, 1e-06, 0.1], "k_pid_hsp": [0.0001, 0.0, 0.0], "k_pid_vsp": [27.363561179486638, 42.34063964309173, 1e-06]}, "datetime": {"datetime": "2025-08-13 23:20:05", "elapsed": 48733.353951931, "delta": 31.364708423614502}, "costs": {"total_cost": 1242.2248913954552, "time_cost": 150, "final_distance_cost": 46.755180639302985, "oscillation_cost": 0.06584925059198841, "completition_cost": 888.8888888888888, "overshoot_cost": 95.01070831248768, "power_cost": 27.088402209472658, "noise_cost": 34.415862094711244, "n_waypoints_completed": 1, "tot_waypoints": 9}}
{"target": -185.0170605351219, "params": {"k_pid_pos": [0.6903899054777023, 0.0, 0.011370072781406063], "k_pid_alt": [1.8889834739148517, 0.0, 0.9459531468559814], "k_pid_att": [33.51509510034335, 3.669509475693373, 0.27551695743153837], "k_pid_yaw": [0.5, 1e-06, 0.1], "k_pid_hsp": [0.11605622114953176, 0.0, 0.0], "k_pid_vsp": [126.72575900633299, 47.345656928765166, 1e-06]}, "datetime": {"datetime": "2025-08-13 23:20:24", "elapsed": 48752.79413843155, "delta": 19.440186500549316}, "costs": {"total_cost": 185.0170605351219, "time_cost": 72.009, "final_distance_cost": 1.811713766871621, "oscillation_cost": 23.52987469032019, "completition_cost": 0.0, "overshoot_cost": 51.378103469550034, "power_cost": 14.726024548339845, "noise_cost": 21.562344060040232, "n_waypoints_completed": 9, "tot_waypoints": 9}}
{"target": -1239.138596996948, "params": {"k_pid_pos": [0.8760846929579458, 0.004825407763974743, 0.05001314512200858], "k_pid_alt": [1.8929783066972337, 0.0, 0.9280004840162479], "k_pid_att": [36.33822936499344, 3.54632441219326, 0.2606109171944192], "k_pid_yaw": [0.5, 1e-06, 0.1], "k_pid_hsp": [0.0001, 0.0, 0.0], "k_pid_vsp": [54.693550815481416, 34.53602135614591, 1e-06]}, "datetime": {"datetime": "2025-08-13 23:20:53", "elapsed": 48781.569969415665, "delta": 28.7758309841156}, "costs": {"total_cost": 1239.138596996948, "time_cost": 150, "final_distance_cost": 47.13682487210713, "oscillation_cost": 0.010453679786323979, "completition_cost": 888.8888888888888, "overshoot_cost": 98.3902104142662, "power_cost": 21.49508564453125, "noise_cost": 33.21713349736853, "n_waypoints_completed": 1, "tot_waypoints": 9}}
{"target": -182.10197525794112, "params": {"k_pid_pos": [0.9366893756083114, 0.0, 0.03037237331898879], "k_pid_alt": [1.8349637190618848, 0.0, 0.9452710005230156], "k_pid_att": [34.04908315254084, 2.994753805917052, 0.24953403557498827], "k_pid_yaw": [0.5, 1e-06, 0.1], "k_pid_hsp": [0.16536795205334157, 0.0, 0.0], "k_pid_vsp": [126.21485707450488, 31.475149255816113, 1e-06]}, "datetime": {"datetime": "2025-08-13 23:21:12", "elapsed": 48800.894028663635, "delta": 19.32405924797058}, "costs": {"total_cost": 182.10197525794112, "time_cost": 70.574, "final_distance_cost": 1.8123601543618475, "oscillation_cost": 27.195042939178055, "completition_cost": 0.0, "overshoot_cost": 51.009496778252824, "power_cost": 11.436680273437501, "noise_cost": 20.074395112710892, "n_waypoints_completed": 9, "tot_waypoints": 9}}
