{"target": -186.66525931718735, "params": {"k_pid_pos": [1.002009057210299, 0.0, 0.06707699529670615], "k_pid_alt": [1.604591517812607, 0.0, 0.9352533195225231], "k_pid_att": [32.509099748795705, 3.564527159904297, 0.25550447911243707], "k_pid_yaw": [0.5, 1e-06, 0.1], "k_pid_hsp": [0.17900130323339963, 0.0, 0.0], "k_pid_vsp": [162.15887648822442, 39.06446284499246, 1e-06]}, "datetime": {"datetime": "2025-08-13 19:11:20", "elapsed": 33808.56812405586, "delta": 16.882673263549805}, "costs": {"total_cost": 186.66525931718735, "time_cost": 71.253, "final_distance_cost": 1.8271470110211727, "oscillation_cost": 27.703138666858344, "completition_cost": 0.0, "overshoot_cost": 51.018671316035764, "power_cost": 13.8581361328125, "noise_cost": 21.005166190459576, "n_waypoints_completed": 9, "tot_waypoints": 9}}
{"target": -1179.805058928297, "params": {"k_pid_pos": [1.0567552715063515, 0.0, 0.1020708084826226], "k_pid_alt": [1.800225732656089, 0.0, 0.9803109955154301], "k_pid_att": [25.121872625820227, 2.637463320494314, 0.22043889126623373], "k_pid_yaw": [0.5, 1e-06, 0.1], "k_pid_hsp": [0.0001, 0.030116945354861695, 0.0], "k_pid_vsp": [165.9921896210576, 1e-06, 1e-06]}, "datetime": {"datetime": "2025-08-13 19:11:49", "elapsed": 33837.38547706604, "delta": 28.817353010177612}, "costs": {"total_cost": 1179.805058928297, "time_cost": 150, "final_distance_cost": 96.79094613792219, "oscillation_cost": 16.363067498421227, "completition_cost": 777.7777777777778, "overshoot_cost": 88.55828448868141, "power_cost": 18.16729606933594, "noise_cost": 32.1476869561587, "n_waypoints_completed": 2, "tot_waypoints": 9}}
{"target": -185.5686139958418, "params": {"k_pid_pos": [1.1189641235098313, 0.0, 0.11804314965402503], "k_pid_alt": [1.633626685328864, 0.0, 0.9394373759092893], "k_pid_att": [34.82918529809298, 3.584277646383336, 0.2550172356879669], "k_pid_yaw": [0.5, 1e-06, 0.1], "k_pid_hsp": [0.0918902790432026, 0.0, 0.0], "k_pid_vsp": [49.20305917980505, 37.23736491511916, 1e-06]}, "datetime": {"datetime": "2025-08-13 19:12:06", "elapsed": 33854.85759162903, "delta": 17.47211456298828}, "costs": {"total_cost": 185.5686139958418, "time_cost": 71.82000000000001, "final_distance_cost": 1.801232662417644, "oscillation_cost": 27.1350611983631, "completition_cost": 0.0, "overshoot_cost": 51.18100072314237, "power_cost": 12.916002990722657, "noise_cost": 20.715316421196004, "n_waypoints_completed": 9, "tot_waypoints": 9}}
{"target": -184.96151297936657, "params": {"k_pid_pos": [1.1220309325566866, 0.0, 0.0846497611058961], "k_pid_alt": [1.6113474693640495, 0.0, 0.891178817857449], "k_pid_att": [34.64806684778752, 3.7382917999962153, 0.24305916622416324], "k_pid_yaw": [0.5, 1e-06, 0.1], "k_pid_hsp": [0.1114791064622307, 0.0, 0.0], "k_pid_vsp": [28.059505299897864, 36.36927429768393, 1e-06]}, "datetime": {"datetime": "2025-08-13 19:12:24", "elapsed": 33872.48534154892, "delta": 17.627749919891357}, "costs": {"total_cost": 184.96151297936657, "time_cost": 71.134, "final_distance_cost": 1.8005515015236435, "oscillation_cost": 27.840532447529835, "completition_cost": 0.0, "overshoot_cost": 50.903079305606255, "power_cost": 12.750970605468751, "noise_cost": 20.532379119238062, "n_waypoints_completed": 9, "tot_waypoints": 9}}
{"target": -188.14186579034825, "params": {"k_pid_pos": [0.9688104025776014, 0.0, 0.04750398389040618], "k_pid_alt": [1.6089320190279959, 0.0, 0.9450600540899555], "k_pid_att": [35.84233219550869, 3.654909489130017, 0.9090282592944028], "k_pid_yaw": [0.5, 1e-06, 0.1], "k_pid_hsp": [0.4712026048759481, 0.0, 0.0], "k_pid_vsp": [152.76452920256742, 41.037085008065, 1e-06]}, "datetime": {"datetime": "2025-08-13 19:12:41", "elapsed": 33889.80827617645, "delta": 17.32293462753296}, "costs": {"total_cost": 188.14186579034825, "time_cost": 71.407, "final_distance_cost": 1.8520072822567086, "oscillation_cost": 29.48061835325165, "completition_cost": 0.0, "overshoot_cost": 50.729908628619626, "power_cost": 13.585058801269533, "noise_cost": 21.08727272495073, "n_waypoints_completed": 9, "tot_waypoints": 9}}
{"target": -186.90211218094137, "params": {"k_pid_pos": [1.0334314863177467, 0.0, 0.053898006746074825], "k_pid_alt": [1.652383309495724, 0.0, 0.9806577432284412], "k_pid_att": [33.44162692916195, 3.7662486027390996, 0.23373005707954733], "k_pid_yaw": [0.5, 1e-06, 0.1], "k_pid_hsp": [0.20647918835618484, 0.0, 0.0], "k_pid_vsp": [212.67555953504012, 27.91188355284887, 1e-06]}, "datetime": {"datetime": "2025-08-13 19:12:58", "elapsed": 33906.46948957443, "delta": 16.661213397979736}, "costs": {"total_cost": 186.90211218094137, "time_cost": 71.505, "final_distance_cost": 1.8227938215074868, "oscillation_cost": 28.545785784370086, "completition_cost": 0.0, "overshoot_cost": 51.371422472999484, "power_cost": 12.925836291503908, "noise_cost": 20.7312738105604, "n_waypoints_completed": 9, "tot_waypoints": 9}}
{"target": -185.84233896600173, "params": {"k_pid_pos": [1.0536235140028167, 0.0, 0.05132562052100044], "k_pid_alt": [1.6163031929183453, 0.0, 0.9475652636228047], "k_pid_att": [36.336709839962474, 3.473546885529299, 0.24917731997541462], "k_pid_yaw": [0.5, 1e-06, 0.1], "k_pid_hsp": [0.19967996265419927, 0.0, 0.0], "k_pid_vsp": [211.70450051046873, 13.095447702406046, 1e-06]}, "datetime": {"datetime": "2025-08-13 19:13:16", "elapsed": 33924.566806316376, "delta": 18.09731674194336}, "costs": {"total_cost": 185.84233896600173, "time_cost": 71.981, "final_distance_cost": 1.8318000313993188, "oscillation_cost": 28.651525743390575, "completition_cost": 0.0, "overshoot_cost": 51.278535971069324, "power_cost": 11.772246850585939, "noise_cost": 20.327230369556585, "n_waypoints_completed": 9, "tot_waypoints": 9}}
{"target": -192.09762175015956, "params": {"k_pid_pos": [1.1231319439428449, 0.000491105155017357, 0.08005895055247167], "k_pid_alt": [1.624176789871416, 0.0, 0.8361675062672049], "k_pid_att": [34.27794621817973, 3.569180811346909, 0.22521639341705685], "k_pid_yaw": [0.5, 1e-06, 0.1], "k_pid_hsp": [0.18810974421256207, 0.0, 0.0], "k_pid_vsp": [107.04969347698707, 26.12535508902178, 1e-06]}, "datetime": {"datetime": "2025-08-13 19:13:34", "elapsed": 33942.4666724205, "delta": 17.899866104125977}, "costs": {"total_cost": 192.09762175015956, "time_cost": 71.05, "final_distance_cost": 1.8192587544185967, "oscillation_cost": 28.912770021521652, "completition_cost": 0.0, "overshoot_cost": 51.25077853058539, "power_cost": 17.170418395996094, "noise_cost": 21.894396047637855, "n_waypoints_completed": 9, "tot_waypoints": 9}}
{"target": -184.22042849276352, "params": {"k_pid_pos": [0.9557725311118642, 0.0, 0.050427763724233785], "k_pid_alt": [1.622109107392211, 0.0, 0.9638080800065013], "k_pid_att": [35.33370698358949, 3.3628935399476636, 0.2631214672615436], "k_pid_yaw": [0.5, 1e-06, 0.1], "k_pid_hsp": [0.156274540928683, 0.0, 0.0], "k_pid_vsp": [170.05831628819433, 47.43766993618479, 1e-06]}, "datetime": {"datetime": "2025-08-13 19:13:51", "elapsed": 33959.88586759567, "delta": 17.4191951751709}, "costs": {"total_cost": 184.22042849276352, "time_cost": 71.407, "final_distance_cost": 1.8220684239794909, "oscillation_cost": 27.27827227367793, "completition_cost": 0.0, "overshoot_cost": 50.929938447246904, "power_cost": 12.353200744628907, "noise_cost": 20.429948603230276, "n_waypoints_completed": 9, "tot_waypoints": 9}}
{"target": -189.71643412925894, "params": {"k_pid_pos": [1.045954472129242, 0.0, 0.049823363704494326], "k_pid_alt": [1.7654940484896058, 0.0, 0.9280856889305905], "k_pid_att": [39.45909875213232, 3.6164978684826736, 0.25049475582955966], "k_pid_yaw": [0.5, 1e-06, 0.1], "k_pid_hsp": [0.10141986099104701, 0.0, 0.0], "k_pid_vsp": [92.36527787719618, 6.072945530087726, 1e-06]}, "datetime": {"datetime": "2025-08-13 19:14:09", "elapsed": 33977.47244000435, "delta": 17.586572408676147}, "costs": {"total_cost": 189.71643412925894, "time_cost": 72.401, "final_distance_cost": 1.7852218987838753, "oscillation_cost": 26.523626950004505, "completition_cost": 0.0, "overshoot_cost": 52.483923240893894, "power_cost": 14.885826098632814, "noise_cost": 21.636835940943882, "n_waypoints_completed": 9, "tot_waypoints": 9}}
{"target": -187.31700469524, "params": {"k_pid_pos": [1.0527306992333858, 0.0, 0.02585756992560191], "k_pid_alt": [1.6463858814961638, 0.0, 0.946120567065021], "k_pid_att": [34.359844658911946, 2.733956385269419, 0.23142557845062436], "k_pid_yaw": [0.5, 1e-06, 0.1], "k_pid_hsp": [0.2717277670982554, 0.0, 0.0], "k_pid_vsp": [131.0807085646672, 28.35179117016349, 1e-06]}, "datetime": {"datetime": "2025-08-13 19:14:26", "elapsed": 33994.48645210266, "delta": 17.014012098312378}, "costs": {"total_cost": 187.31700469524, "time_cost": 70.987, "final_distance_cost": 1.8312482900761946, "oscillation_cost": 29.208453484134296, "completition_cost": 0.0, "overshoot_cost": 50.75588470323252, "power_cost": 13.688029357910157, "noise_cost": 20.846388859886847, "n_waypoints_completed": 9, "tot_waypoints": 9}}
{"target": -189.76135016500047, "params": {"k_pid_pos": [0.9975072049969781, 0.0, 0.06568127588800314], "k_pid_alt": [1.638053049946921, 0.0, 0.9439723117212568], "k_pid_att": [35.08052792150673, 3.476012922383413, 0.2734322139523917], "k_pid_yaw": [0.5, 1e-06, 0.1], "k_pid_hsp": [0.12697664922228735, 0.0, 0.0], "k_pid_vsp": [114.29843229605717, 21.943268933031565, 1.1044264425836756]}, "datetime": {"datetime": "2025-08-13 19:14:44", "elapsed": 34012.13429450989, "delta": 17.647842407226562}, "costs": {"total_cost": 189.76135016500047, "time_cost": 72.17, "final_distance_cost": 1.79935998471431, "oscillation_cost": 26.98773930462983, "completition_cost": 0.0, "overshoot_cost": 51.73006457648302, "power_cost": 15.593575781250001, "noise_cost": 21.480610517923306, "n_waypoints_completed": 9, "tot_waypoints": 9}}
{"target": -180.6986862015503, "params": {"k_pid_pos": [1.0753358927049022, 0.0, 0.23219233276952478], "k_pid_alt": [1.7023027448603194, 0.0, 0.9553073274013214], "k_pid_att": [37.94153029600193, 2.9116340401644507, 0.19986759532242926], "k_pid_yaw": [0.5, 1e-06, 0.1], "k_pid_hsp": [0.2176876629242544, 0.0, 0.0], "k_pid_vsp": [97.31330945216826, 19.79548623523091, 1e-06]}, "datetime": {"datetime": "2025-08-13 19:15:01", "elapsed": 34029.09561061859, "delta": 16.961316108703613}, "costs": {"total_cost": 180.6986862015503, "time_cost": 71.351, "final_distance_cost": 1.8385406680910867, "oscillation_cost": 29.774043782395488, "completition_cost": 0.0, "overshoot_cost": 50.92709102782055, "power_cost": 8.067230114746094, "noise_cost": 18.74078060849709, "n_waypoints_completed": 9, "tot_waypoints": 9}}
{"target": -191.18953970510256, "params": {"k_pid_pos": [0.8280637198144658, 0.0, 0.06803061318399385], "k_pid_alt": [1.6108358502114175, 0.0, 0.9503531181338533], "k_pid_att": [35.48490451062257, 3.669190991797642, 0.26428731129714245], "k_pid_yaw": [0.5, 1e-06, 0.1], "k_pid_hsp": [0.15591381590337505, 0.0, 0.0], "k_pid_vsp": [156.40849759456597, 19.064679433758844, 1e-06]}, "datetime": {"datetime": "2025-08-13 19:15:19", "elapsed": 34047.71644735336, "delta": 18.62083673477173}, "costs": {"total_cost": 191.18953970510256, "time_cost": 73.059, "final_distance_cost": 1.8260846144859997, "oscillation_cost": 25.90934843916918, "completition_cost": 0.0, "overshoot_cost": 51.81182093170333, "power_cost": 16.40152880859375, "noise_cost": 22.1817569111503, "n_waypoints_completed": 9, "tot_waypoints": 9}}
{"target": -186.7669730199047, "params": {"k_pid_pos": [1.0075781279063545, 0.0, 0.05220786390823363], "k_pid_alt": [1.6262941856514181, 0.0, 0.9480388972789744], "k_pid_att": [35.184802768407316, 3.3255722885986625, 0.26031787796536854], "k_pid_yaw": [0.5, 1e-06, 0.1], "k_pid_hsp": [0.12420813681601614, 0.0, 0.0], "k_pid_vsp": [116.0257951024428, 32.145618397940225, 1e-06]}, "datetime": {"datetime": "2025-08-13 19:15:37", "elapsed": 34065.05136156082, "delta": 17.334914207458496}, "costs": {"total_cost": 186.7669730199047, "time_cost": 71.561, "final_distance_cost": 1.7953632141472342, "oscillation_cost": 27.303070915721698, "completition_cost": 0.0, "overshoot_cost": 51.31762509482106, "power_cost": 13.90533074951172, "noise_cost": 20.884583045702982, "n_waypoints_completed": 9, "tot_waypoints": 9}}
{"target": -189.89188568293326, "params": {"k_pid_pos": [1.0684450748661312, 0.0, 0.13825565877850565], "k_pid_alt": [1.7049208026177212, 0.0, 0.9345848244655256], "k_pid_att": [31.93376870587574, 1.0823105409094012, 0.281843542819634], "k_pid_yaw": [0.5, 1e-06, 0.1], "k_pid_hsp": [0.12658850935805133, 0.0, 0.0], "k_pid_vsp": [52.157773493104926, 25.5017026466313, 1e-06]}, "datetime": {"datetime": "2025-08-13 19:15:54", "elapsed": 34082.31872153282, "delta": 17.267359972000122}, "costs": {"total_cost": 189.89188568293326, "time_cost": 71.477, "final_distance_cost": 1.8075368094435191, "oscillation_cost": 26.60412777418559, "completition_cost": 0.0, "overshoot_cost": 51.37766566989947, "power_cost": 16.941876440429688, "noise_cost": 21.683678988974993, "n_waypoints_completed": 9, "tot_waypoints": 9}}
{"target": -189.40539909795, "params": {"k_pid_pos": [1.0335239595937245, 0.0, 0.12672193126446982], "k_pid_alt": [1.620088923752588, 0.0, 0.943035991794345], "k_pid_att": [36.12937779900565, 3.5755795962851558, 0.30650525946008206], "k_pid_yaw": [0.5, 1e-06, 0.1], "k_pid_hsp": [0.23452267229892537, 0.0, 0.0], "k_pid_vsp": [133.67404115753493, 64.68136690104669, 1e-06]}, "datetime": {"datetime": "2025-08-13 19:16:11", "elapsed": 34099.33300304413, "delta": 17.014281511306763}, "costs": {"total_cost": 189.40539909795, "time_cost": 71.08500000000001, "final_distance_cost": 1.8314363228649493, "oscillation_cost": 28.179177575548035, "completition_cost": 0.0, "overshoot_cost": 51.052921947008656, "power_cost": 15.753794506835938, "noise_cost": 21.503068745692456, "n_waypoints_completed": 9, "tot_waypoints": 9}}
{"target": -199.26352161636697, "params": {"k_pid_pos": [1.0825179768754873, 0.0, 0.05777903489644997], "k_pid_alt": [1.5805009471798015, 0.0, 0.9324082439499063], "k_pid_att": [35.2175836023, 2.879426422712114, 0.25022543111090606], "k_pid_yaw": [0.5, 1e-06, 0.1], "k_pid_hsp": [0.06097324099742099, 0.0, 0.0], "k_pid_vsp": [125.91571100055451, 34.46240100190864, 1e-06]}, "datetime": {"datetime": "2025-08-13 19:16:30", "elapsed": 34118.24516606331, "delta": 18.912163019180298}, "costs": {"total_cost": 199.26352161636697, "time_cost": 77.581, "final_distance_cost": 1.7563751992475392, "oscillation_cost": 25.045304694282308, "completition_cost": 0.0, "overshoot_cost": 54.05437881456869, "power_cost": 17.41163631591797, "noise_cost": 23.414826592350423, "n_waypoints_completed": 9, "tot_waypoints": 9}}
{"target": -700.478594938648, "params": {"k_pid_pos": [0.9736805857836502, 0.0, 0.05974392324862761], "k_pid_alt": [1.6192868383555523, 0.0, 0.9386196140934883], "k_pid_att": [34.90342001005793, 3.650428895237096, 0.24920103131653187], "k_pid_yaw": [0.5, 1e-06, 0.1], "k_pid_hsp": [0.14877325116554815, 0.0, 0.0], "k_pid_vsp": [128.38422179908906, 37.091178547898714, 1e-06]}, "datetime": {"datetime": "2025-08-13 19:16:58", "elapsed": 34146.82514452934, "delta": 28.579978466033936}, "costs": {"total_cost": 700.478594938648, "time_cost": 150, "final_distance_cost": 70.92846079535873, "oscillation_cost": 24.452905679366417, "completition_cost": 222.2222222222222, "overshoot_cost": 109.61311597050315, "power_cost": 50.336658728027345, "noise_cost": 72.92523154317013, "n_waypoints_completed": 7, "tot_waypoints": 9}}
{"target": -197.10918718679596, "params": {"k_pid_pos": [0.9964995931154894, 0.0, 0.05789802618868888], "k_pid_alt": [1.5938233582110737, 0.0, 0.9697200814812678], "k_pid_att": [35.731146966937594, 3.4649446295497826, 0.26216496237568515], "k_pid_yaw": [0.5, 1e-06, 0.1], "k_pid_hsp": [0.18843896833461737, 0.0, 0.0], "k_pid_vsp": [108.61395445262006, 38.46067759289612, 1e-06]}, "datetime": {"datetime": "2025-08-13 19:17:16", "elapsed": 34164.42974066734, "delta": 17.60459613800049}, "costs": {"total_cost": 197.10918718679596, "time_cost": 72.59700000000001, "final_distance_cost": 1.835673031787997, "oscillation_cost": 27.433404352202515, "completition_cost": 0.0, "overshoot_cost": 51.69185544061552, "power_cost": 20.885624096679688, "noise_cost": 22.665630265510245, "n_waypoints_completed": 9, "tot_waypoints": 9}}
{"target": -194.40531900302076, "params": {"k_pid_pos": [1.0502425092969738, 0.0, 0.059977515107764466], "k_pid_alt": [1.6196762502245396, 0.0, 0.9536574557338554], "k_pid_att": [36.06374964877207, 3.186075578008422, 0.2395615427638748], "k_pid_yaw": [0.5, 1e-06, 0.1], "k_pid_hsp": [0.29302298558209133, 0.0, 0.0], "k_pid_vsp": [63.12859839564227, 31.413225931649755, 1e-06]}, "datetime": {"datetime": "2025-08-13 19:17:33", "elapsed": 34181.7726919651, "delta": 17.34295129776001}, "costs": {"total_cost": 194.40531900302076, "time_cost": 71.379, "final_distance_cost": 1.8449439609494653, "oscillation_cost": 29.02258234526566, "completition_cost": 0.0, "overshoot_cost": 50.80528612833291, "power_cost": 19.178245141601565, "noise_cost": 22.17526142687118, "n_waypoints_completed": 9, "tot_waypoints": 9}}
{"target": -188.12739213576498, "params": {"k_pid_pos": [1.1007939667222593, 0.0, 0.0774371460428006], "k_pid_alt": [1.6436648155882252, 0.0, 0.92810928754206], "k_pid_att": [35.26080050850609, 3.3925000390306845, 0.24663920927135285], "k_pid_yaw": [0.5, 1e-06, 0.1], "k_pid_hsp": [0.1373506087972323, 0.0, 0.0], "k_pid_vsp": [43.07504367240835, 15.383093967220725, 1e-06]}, "datetime": {"datetime": "2025-08-13 19:17:52", "elapsed": 34200.182668447495, "delta": 18.409976482391357}, "costs": {"total_cost": 188.12739213576498, "time_cost": 71.519, "final_distance_cost": 1.8152035633679116, "oscillation_cost": 27.97955572843327, "completition_cost": 0.0, "overshoot_cost": 51.69010891784063, "power_cost": 14.180870629882813, "noise_cost": 20.942653296240323, "n_waypoints_completed": 9, "tot_waypoints": 9}}
{"target": -178.59405552652072, "params": {"k_pid_pos": [0.7861030293203521, 0.0, 0.05347746041122308], "k_pid_alt": [1.8734538902595559, 0.0, 0.9456509430324326], "k_pid_att": [32.815634010202, 3.5019541704828474, 0.27347997877845964], "k_pid_yaw": [0.5, 1e-06, 0.1], "k_pid_hsp": [0.1123798392989096, 0.0, 0.0], "k_pid_vsp": [93.50451499408949, 33.19027677620746, 1e-06]}, "datetime": {"datetime": "2025-08-13 19:18:08", "elapsed": 34216.86793208122, "delta": 16.685263633728027}, "costs": {"total_cost": 178.59405552652072, "time_cost": 71.33, "final_distance_cost": 1.8113213016879541, "oscillation_cost": 24.228018656068425, "completition_cost": 0.0, "overshoot_cost": 50.935581046631576, "power_cost": 10.381616442871094, "noise_cost": 19.90751807926168, "n_waypoints_completed": 9, "tot_waypoints": 9}}
{"target": -181.65746798435723, "params": {"k_pid_pos": [0.8724023566326797, 0.0006217791200583023, 0.04372518614081396], "k_pid_alt": [1.6112224994955617, 0.0, 0.8952784304575849], "k_pid_att": [32.41834621733322, 3.3325109426103054, 0.25589944437306195], "k_pid_yaw": [0.5, 1e-06, 0.1], "k_pid_hsp": [0.0847906055692556, 0.0, 0.0], "k_pid_vsp": [192.3712096611798, 27.610767338988996, 1e-06]}, "datetime": {"datetime": "2025-08-13 19:18:27", "elapsed": 34235.40789103508, "delta": 18.539958953857422}, "costs": {"total_cost": 181.65746798435723, "time_cost": 73.164, "final_distance_cost": 1.7950185621936112, "oscillation_cost": 24.1644812939219, "completition_cost": 0.0, "overshoot_cost": 52.16816197158897, "power_cost": 10.12684207763672, "noise_cost": 20.23896407901604, "n_waypoints_completed": 9, "tot_waypoints": 9}}
{"target": -189.5658790648836, "params": {"k_pid_pos": [1.1027494513224902, 0.0, 0.06950518441937802], "k_pid_alt": [1.7095786061176446, 0.0, 0.953360454807615], "k_pid_att": [39.42075199306314, 3.403565639899977, 0.25380240138827687], "k_pid_yaw": [0.5, 1e-06, 0.1], "k_pid_hsp": [0.21451095552137142, 0.0, 0.0], "k_pid_vsp": [111.06205665285093, 33.550313518207396, 1e-06]}, "datetime": {"datetime": "2025-08-13 19:18:44", "elapsed": 34252.30562734604, "delta": 16.897736310958862}, "costs": {"total_cost": 189.5658790648836, "time_cost": 70.84, "final_distance_cost": 1.8300477814602902, "oscillation_cost": 29.170378350302784, "completition_cost": 0.0, "overshoot_cost": 51.310658497998986, "power_cost": 15.256105236816406, "noise_cost": 21.158689198305126, "n_waypoints_completed": 9, "tot_waypoints": 9}}
{"target": -209.1529473697771, "params": {"k_pid_pos": [1.6107111353558892, 0.0, 0.08348170096928703], "k_pid_alt": [1.6310523441299205, 0.0, 1.0], "k_pid_att": [35.58193796311276, 3.599834924493684, 0.27093159253699234], "k_pid_yaw": [0.5, 1e-06, 0.1], "k_pid_hsp": [0.13777745987695197, 0.0, 0.0], "k_pid_vsp": [126.81475227055745, 35.677732791976155, 1e-06]}, "datetime": {"datetime": "2025-08-13 19:19:03", "elapsed": 34271.72549533844, "delta": 19.419867992401123}, "costs": {"total_cost": 209.1529473697771, "time_cost": 75.69800000000001, "final_distance_cost": 1.7897398234596809, "oscillation_cost": 33.23449703941553, "completition_cost": 0.0, "overshoot_cost": 53.12299549715318, "power_cost": 21.934887646484377, "noise_cost": 23.372827363264317, "n_waypoints_completed": 9, "tot_waypoints": 9}}
{"target": -183.263546921817, "params": {"k_pid_pos": [0.9876353348723924, 0.0, 0.06255898483433395], "k_pid_alt": [1.597309968682086, 0.0, 0.9441080142642269], "k_pid_att": [30.768787072339023, 3.590044950193535, 0.29823007197370094], "k_pid_yaw": [0.5, 1e-06, 0.1], "k_pid_hsp": [0.14581323434554178, 0.0, 0.0], "k_pid_vsp": [130.26828237413562, 46.19081415472195, 1e-06]}, "datetime": {"datetime": "2025-08-13 19:19:20", "elapsed": 34288.69271469116, "delta": 16.967219352722168}, "costs": {"total_cost": 183.263546921817, "time_cost": 71.092, "final_distance_cost": 1.8090509510886714, "oscillation_cost": 27.334769405964604, "completition_cost": 0.0, "overshoot_cost": 50.56999766071972, "power_cost": 12.114303173828125, "noise_cost": 20.343425730215905, "n_waypoints_completed": 9, "tot_waypoints": 9}}
