{"target": -189.50549555189832, "params": {"k_pid_pos": [1.175642672551314, 0.0, 0.0806593332430779], "k_pid_alt": [1.6212397763319681, 0.0, 0.9477188277779751], "k_pid_att": [35.06314365424748, 3.3700497779576892, 0.287515694248649], "k_pid_yaw": [0.5, 1e-06, 0.1], "k_pid_hsp": [0.27725701378112516, 0.0, 0.0], "k_pid_vsp": [151.3128577325739, 22.19454723194039, 1e-06]}, "datetime": {"datetime": "2025-08-13 15:20:14", "elapsed": 19942.337853193283, "delta": 19.413662910461426}, "costs": {"total_cost": 189.50549555189832, "time_cost": 71.477, "final_distance_cost": 1.8260639413335649, "oscillation_cost": 30.161714670831373, "completition_cost": 0.0, "overshoot_cost": 51.17079522187707, "power_cost": 14.031590954589845, "noise_cost": 20.83833076326647, "n_waypoints_completed": 9, "tot_waypoints": 9}}
{"target": -181.1349574048137, "params": {"k_pid_pos": [1.070424027789058, 0.0, 0.1262676678117321], "k_pid_alt": [1.6761202913391273, 0.0, 0.9396005060176086], "k_pid_att": [27.334702162171787, 1.0024337624595607, 0.2751984824403191], "k_pid_yaw": [0.5, 1e-06, 0.1], "k_pid_hsp": [0.12632469775164337, 0.0, 0.0], "k_pid_vsp": [155.31483280190548, 28.225343131297908, 1e-06]}, "datetime": {"datetime": "2025-08-13 15:20:33", "elapsed": 19961.328160762787, "delta": 18.990307569503784}, "costs": {"total_cost": 181.1349574048137, "time_cost": 71.316, "final_distance_cost": 1.82376456578154, "oscillation_cost": 27.169412100202926, "completition_cost": 0.0, "overshoot_cost": 51.23240160097538, "power_cost": 9.902108166503906, "noise_cost": 19.69127097134996, "n_waypoints_completed": 9, "tot_waypoints": 9}}
{"target": -184.3207675803514, "params": {"k_pid_pos": [1.08216952978939, 0.0, 0.1111905441307181], "k_pid_alt": [1.6292994269945884, 0.0, 0.9555393527502958], "k_pid_att": [35.901772176104664, 2.8754028398794484, 0.3819816437311218], "k_pid_yaw": [0.5, 1e-06, 0.1], "k_pid_hsp": [0.2375564664751247, 0.0, 0.0], "k_pid_vsp": [114.42390344820998, 28.165333390195762, 1e-06]}, "datetime": {"datetime": "2025-08-13 15:20:51", "elapsed": 19978.995337724686, "delta": 17.667176961898804}, "costs": {"total_cost": 184.3207675803514, "time_cost": 70.952, "final_distance_cost": 1.8288826632600512, "oscillation_cost": 28.649428576682826, "completition_cost": 0.0, "overshoot_cost": 50.85130423092366, "power_cost": 11.77709656982422, "noise_cost": 20.262055539660665, "n_waypoints_completed": 9, "tot_waypoints": 9}}
{"target": -189.92207924597923, "params": {"k_pid_pos": [0.9162450951957324, 0.0, 0.06410639223899611], "k_pid_alt": [1.6026970908185603, 0.0, 0.9443183618627377], "k_pid_att": [37.232694866284255, 3.2952550777969787, 0.25361358482911456], "k_pid_yaw": [0.5, 1e-06, 0.1], "k_pid_hsp": [0.26024406252792637, 0.0, 0.0], "k_pid_vsp": [163.08349660668947, 6.4649267440666405, 1e-06]}, "datetime": {"datetime": "2025-08-13 15:21:10", "elapsed": 19998.146560430527, "delta": 19.151222705841064}, "costs": {"total_cost": 189.92207924597923, "time_cost": 72.821, "final_distance_cost": 1.835219472744182, "oscillation_cost": 27.872935781356016, "completition_cost": 0.0, "overshoot_cost": 51.732065638922066, "power_cost": 14.094492700195314, "noise_cost": 21.566365652761668, "n_waypoints_completed": 9, "tot_waypoints": 9}}
{"target": -181.74490105172077, "params": {"k_pid_pos": [0.8470415799085935, 0.0, 0.06008781092017351], "k_pid_alt": [1.599208873474605, 0.0, 0.9582338180477087], "k_pid_att": [34.62332128275449, 3.5065606571761254, 0.25400341425927736], "k_pid_yaw": [0.5, 1e-06, 0.1], "k_pid_hsp": [0.1701302033348554, 0.0, 0.0], "k_pid_vsp": [124.08465144271285, 34.352487833360065, 1e-06]}, "datetime": {"datetime": "2025-08-13 15:21:28", "elapsed": 20016.147846221924, "delta": 18.001285791397095}, "costs": {"total_cost": 181.74490105172077, "time_cost": 71.729, "final_distance_cost": 1.8361885435157907, "oscillation_cost": 26.225397054197064, "completition_cost": 0.0, "overshoot_cost": 50.6654234795766, "power_cost": 11.068376354980469, "noise_cost": 20.22051561945084, "n_waypoints_completed": 9, "tot_waypoints": 9}}
{"target": -192.76522195378448, "params": {"k_pid_pos": [1.0551075915670887, 0.0, 0.08327401778899456], "k_pid_alt": [1.645092154468743, 0.0, 0.9320396241562425], "k_pid_att": [36.184726222481665, 3.662639736902511, 0.2476295079380179], "k_pid_yaw": [0.5, 1e-06, 0.1], "k_pid_hsp": [0.16723381974626217, 0.0, 0.0], "k_pid_vsp": [125.11871277616648, 27.122648243833808, 1e-06]}, "datetime": {"datetime": "2025-08-13 15:21:47", "elapsed": 20035.243560552597, "delta": 19.095714330673218}, "costs": {"total_cost": 192.76522195378448, "time_cost": 72.023, "final_distance_cost": 1.8119581586150633, "oscillation_cost": 27.92185654388794, "completition_cost": 0.0, "overshoot_cost": 51.73176273934454, "power_cost": 17.380356677246095, "noise_cost": 21.896287834690842, "n_waypoints_completed": 9, "tot_waypoints": 9}}
{"target": -205.81824915203046, "params": {"k_pid_pos": [1.1237734722903596, 0.0, 0.031203726853911748], "k_pid_alt": [1.5900828163480276, 0.0, 0.9652192844343059], "k_pid_att": [30.182546339383926, 3.172618410565718, 0.21219317116335804], "k_pid_yaw": [0.5, 1e-06, 0.1], "k_pid_hsp": [0.26945816775344683, 0.0, 0.0], "k_pid_vsp": [116.91808487257437, 7.9571822576589, 1e-06]}, "datetime": {"datetime": "2025-08-13 15:22:07", "elapsed": 20055.635234117508, "delta": 20.39167356491089}, "costs": {"total_cost": 205.81824915203046, "time_cost": 73.794, "final_distance_cost": 1.8281510570943733, "oscillation_cost": 30.588935906950187, "completition_cost": 0.0, "overshoot_cost": 51.68969985827919, "power_cost": 24.12641015625, "noise_cost": 23.79105217345674, "n_waypoints_completed": 9, "tot_waypoints": 9}}
{"target": -197.2860000107119, "params": {"k_pid_pos": [1.1443255500897438, 0.0, 0.042428738548594976], "k_pid_alt": [1.6225497353830531, 0.0, 0.9685775398160855], "k_pid_att": [33.401094519183864, 3.763627560908431, 0.2586371977625832], "k_pid_yaw": [0.5, 1e-06, 0.1], "k_pid_hsp": [0.2240238693140238, 0.0, 0.0], "k_pid_vsp": [96.98937043359129, 15.612213565547634, 1e-06]}, "datetime": {"datetime": "2025-08-13 15:22:26", "elapsed": 20074.82066655159, "delta": 19.18543243408203}, "costs": {"total_cost": 197.2860000107119, "time_cost": 71.932, "final_distance_cost": 1.811342454017243, "oscillation_cost": 29.965460139462817, "completition_cost": 0.0, "overshoot_cost": 51.77539952797878, "power_cost": 19.390421716308595, "noise_cost": 22.411376172944433, "n_waypoints_completed": 9, "tot_waypoints": 9}}
{"target": -186.1912331367864, "params": {"k_pid_pos": [1.0763180988190852, 0.0, 0.10096176944098219], "k_pid_alt": [1.948425035493786, 0.0, 0.9377648297725814], "k_pid_att": [42.761985428873565, 3.8283752579372483, 0.2599720532056987], "k_pid_yaw": [0.5, 1e-06, 0.1], "k_pid_hsp": [0.25589713415284415, 0.0, 0.0], "k_pid_vsp": [106.66764708073129, 28.72439611647088, 1e-06]}, "datetime": {"datetime": "2025-08-13 15:22:45", "elapsed": 20092.98076891899, "delta": 18.160102367401123}, "costs": {"total_cost": 186.1912331367864, "time_cost": 70.161, "final_distance_cost": 1.8436732827577471, "oscillation_cost": 28.849148960118498, "completition_cost": 0.0, "overshoot_cost": 50.673596507830226, "power_cost": 13.847802758789063, "noise_cost": 20.816011627290838, "n_waypoints_completed": 9, "tot_waypoints": 9}}
{"target": -191.8232559631906, "params": {"k_pid_pos": [1.1807396142991247, 0.0, 0.035574195756779683], "k_pid_alt": [1.6569255428946341, 0.0, 0.955355234627305], "k_pid_att": [27.90124278755622, 2.9231846675243482, 0.25987970741009986], "k_pid_yaw": [0.5, 1e-06, 0.1], "k_pid_hsp": [0.2689451514507347, 0.0, 0.0], "k_pid_vsp": [173.4381260310394, 3.818321944328372, 1e-06]}, "datetime": {"datetime": "2025-08-13 15:23:07", "elapsed": 20115.77955842018, "delta": 22.798789501190186}, "costs": {"total_cost": 191.8232559631906, "time_cost": 71.89, "final_distance_cost": 1.8110071545847184, "oscillation_cost": 30.352757396696248, "completition_cost": 0.0, "overshoot_cost": 51.332344733707124, "power_cost": 15.07276395263672, "noise_cost": 21.364382725565815, "n_waypoints_completed": 9, "tot_waypoints": 9}}
{"target": -188.3690617903672, "params": {"k_pid_pos": [1.1342805710343662, 0.0, 0.035682872990898326], "k_pid_alt": [1.6799296645355628, 0.0, 0.9435567102974058], "k_pid_att": [13.049677998400504, 3.3906074626313307, 0.25604744036872285], "k_pid_yaw": [0.5, 1e-06, 0.1], "k_pid_hsp": [0.32007666511727945, 0.0, 0.0], "k_pid_vsp": [93.84709973648137, 20.862266994848447, 1e-06]}, "datetime": {"datetime": "2025-08-13 15:23:26", "elapsed": 20134.765959501266, "delta": 18.986401081085205}, "costs": {"total_cost": 188.3690617903672, "time_cost": 70.868, "final_distance_cost": 1.8204653592473772, "oscillation_cost": 30.591015644994478, "completition_cost": 0.0, "overshoot_cost": 50.95986342145846, "power_cost": 13.49701131591797, "noise_cost": 20.632706048748894, "n_waypoints_completed": 9, "tot_waypoints": 9}}
{"target": -190.41312176750068, "params": {"k_pid_pos": [1.2980475551215163, 0.0, 0.07994553334899403], "k_pid_alt": [1.6201552707546056, 0.0, 0.9585277797593242], "k_pid_att": [35.52639493466016, 3.3607732180161376, 0.26048391339230903], "k_pid_yaw": [0.5, 1e-06, 0.1], "k_pid_hsp": [0.13661095474222884, 0.0, 0.0], "k_pid_vsp": [119.3114387457296, 17.349893005006887, 1e-06]}, "datetime": {"datetime": "2025-08-13 15:23:45", "elapsed": 20153.244606733322, "delta": 18.478647232055664}, "costs": {"total_cost": 190.41312176750068, "time_cost": 71.771, "final_distance_cost": 1.7879000919137589, "oscillation_cost": 29.601165679140784, "completition_cost": 0.0, "overshoot_cost": 51.885907411167885, "power_cost": 14.25465224609375, "noise_cost": 21.112496339184514, "n_waypoints_completed": 9, "tot_waypoints": 9}}
{"target": -1254.5286542624117, "params": {"k_pid_pos": [1.3129153195445107, 0.016650464768702605, 0.06847861534827321], "k_pid_alt": [1.6676579256480197, 0.02548735033464721, 0.9440268783391383], "k_pid_att": [38.43017075031956, 3.523179371270319, 0.3142957024841542], "k_pid_yaw": [0.5, 1e-06, 0.1], "k_pid_hsp": [0.0001, 0.0, 0.0], "k_pid_vsp": [122.5459535099891, 40.44843756553666, 6.5305677077495865]}, "datetime": {"datetime": "2025-08-13 15:24:17", "elapsed": 20185.369621038437, "delta": 32.125014305114746}, "costs": {"total_cost": 1254.5286542624117, "time_cost": 150, "final_distance_cost": 48.64984604391737, "oscillation_cost": 0.07643937232245898, "completition_cost": 888.8888888888888, "overshoot_cost": 105.20238504915648, "power_cost": 27.319815087890625, "noise_cost": 34.391279820235944, "n_waypoints_completed": 1, "tot_waypoints": 9}}
{"target": -190.64857088677996, "params": {"k_pid_pos": [1.7314900164236988, 0.0, 0.0], "k_pid_alt": [1.635433340525766, 0.0, 0.933302446650182], "k_pid_att": [14.47588621213077, 3.4086547832417584, 0.2680539015925602], "k_pid_yaw": [0.5, 1e-06, 0.1], "k_pid_hsp": [0.11830341649100273, 0.0, 0.0], "k_pid_vsp": [118.28220337352127, 9.396391057708385, 0.47819207991125223]}, "datetime": {"datetime": "2025-08-13 15:24:35", "elapsed": 20203.850704193115, "delta": 18.481083154678345}, "costs": {"total_cost": 190.64857088677996, "time_cost": 72.191, "final_distance_cost": 1.7643420214196026, "oscillation_cost": 32.20748075222267, "completition_cost": 0.0, "overshoot_cost": 51.99188113967976, "power_cost": 12.056908142089844, "noise_cost": 20.43695883136805, "n_waypoints_completed": 9, "tot_waypoints": 9}}
{"target": -187.0863496144435, "params": {"k_pid_pos": [1.0898604259325166, 0.0016132100606356939, 0.04178002394697577], "k_pid_alt": [1.6038275100530497, 0.0, 0.9013780500012032], "k_pid_att": [35.71807783289112, 3.4832942947526724, 0.2881402663896593], "k_pid_yaw": [0.5, 1e-06, 0.1], "k_pid_hsp": [0.43626338829675204, 0.0, 0.0], "k_pid_vsp": [134.6110629197711, 27.76187329409231, 0.20062315481621124]}, "datetime": {"datetime": "2025-08-13 15:24:54", "elapsed": 20221.996834754944, "delta": 18.146130561828613}, "costs": {"total_cost": 187.0863496144435, "time_cost": 70.973, "final_distance_cost": 1.8462834179202008, "oscillation_cost": 30.276157625171336, "completition_cost": 0.0, "overshoot_cost": 50.56643120232493, "power_cost": 12.777803430175782, "noise_cost": 20.64667393885123, "n_waypoints_completed": 9, "tot_waypoints": 9}}
{"target": -181.67717135725803, "params": {"k_pid_pos": [1.2093906116587267, 0.0, 0.08390829121493172], "k_pid_alt": [1.6268931081512021, 0.0, 0.9201884250448924], "k_pid_att": [42.09901485494169, 3.2243871278275678, 0.24844581978889071], "k_pid_yaw": [0.5, 1e-06, 0.1], "k_pid_hsp": [0.25228084566732345, 0.0, 0.0], "k_pid_vsp": [207.76899355280275, 26.638558268897484, 1e-06]}, "datetime": {"datetime": "2025-08-13 15:25:11", "elapsed": 20239.795338869095, "delta": 17.798504114151}, "costs": {"total_cost": 181.67717135725803, "time_cost": 70.91, "final_distance_cost": 1.8292662488696585, "oscillation_cost": 32.08860679507933, "completition_cost": 0.0, "overshoot_cost": 50.59455695636715, "power_cost": 7.98349501953125, "noise_cost": 18.27124633741065, "n_waypoints_completed": 9, "tot_waypoints": 9}}
{"target": -1736.7639164482596, "params": {"k_pid_pos": [1.2026425669115817, 0.0, 0.06326389539194063], "k_pid_alt": [1.494540449280793, 0.0, 0.9325658107938414], "k_pid_att": [39.864109410183104, 3.758986485478749, 0.23700180629583395], "k_pid_yaw": [0.5, 1e-06, 0.1], "k_pid_hsp": [0.0001, 0.17017854106443064, 0.12530408940552346], "k_pid_vsp": [221.35678503291675, 7.714401024803512, 1e-06]}, "datetime": {"datetime": "2025-08-13 15:25:42", "elapsed": 20270.556482315063, "delta": 30.761143445968628}, "costs": {"total_cost": 1736.7639164482596, "time_cost": 150, "final_distance_cost": 31.937802656152222, "oscillation_cost": 789.2376954059195, "completition_cost": 555.5555555555555, "overshoot_cost": 147.31092956171196, "power_cost": 32.836643969726566, "noise_cost": 29.88528929919389, "n_waypoints_completed": 4, "tot_waypoints": 9}}
{"target": -194.7636360824204, "params": {"k_pid_pos": [1.0977410597332282, 0.0, 0.07485721021358789], "k_pid_alt": [1.5193563691679952, 0.0, 0.9582260183708909], "k_pid_att": [2.513961107031399, 0.0001, 0.2412943469841729], "k_pid_yaw": [0.5, 1e-06, 0.1], "k_pid_hsp": [0.34477384138031025, 0.059636197493288384, 0.0], "k_pid_vsp": [157.81777020694682, 6.892077507003151, 1e-06]}, "datetime": {"datetime": "2025-08-13 15:26:01", "elapsed": 20289.925746679306, "delta": 19.369264364242554}, "costs": {"total_cost": 194.7636360824204, "time_cost": 71.72200000000001, "final_distance_cost": 1.8221327316804614, "oscillation_cost": 32.67328209264861, "completition_cost": 0.0, "overshoot_cost": 51.13270493259015, "power_cost": 16.094453271484376, "noise_cost": 21.319063054016805, "n_waypoints_completed": 9, "tot_waypoints": 9}}
{"target": -203.0500046558786, "params": {"k_pid_pos": [1.1876608403383415, 0.0, 0.08116316202990778], "k_pid_alt": [1.6447799328647814, 0.0, 0.9448643323231027], "k_pid_att": [36.626254656585544, 3.4740982067528146, 0.25237621542955657], "k_pid_yaw": [0.5, 1e-06, 0.1], "k_pid_hsp": [0.23718427746696133, 0.0, 0.0], "k_pid_vsp": [117.11331518017217, 27.666697475629757, 1e-06]}, "datetime": {"datetime": "2025-08-13 15:26:20", "elapsed": 20308.88502717018, "delta": 18.959280490875244}, "costs": {"total_cost": 203.0500046558786, "time_cost": 72.73, "final_distance_cost": 1.8170759507775616, "oscillation_cost": 30.38379787208847, "completition_cost": 0.0, "overshoot_cost": 51.923480223627465, "power_cost": 23.075712060546877, "noise_cost": 23.11993854883823, "n_waypoints_completed": 9, "tot_waypoints": 9}}
{"target": -187.20503212905356, "params": {"k_pid_pos": [1.155280511510229, 0.0, 0.0919767543922506], "k_pid_alt": [1.627287040159863, 0.0, 0.9318414427844992], "k_pid_att": [34.13956369147639, 4.066450994052733, 0.25771506519196863], "k_pid_yaw": [0.5, 1e-06, 0.1], "k_pid_hsp": [0.26067256706664077, 0.0, 0.0], "k_pid_vsp": [132.5945121975468, 31.572915497188582, 1e-06]}, "datetime": {"datetime": "2025-08-13 15:26:40", "elapsed": 20328.58798313141, "delta": 19.702955961227417}, "costs": {"total_cost": 187.20503212905356, "time_cost": 70.994, "final_distance_cost": 1.8352553288756446, "oscillation_cost": 29.507202851151078, "completition_cost": 0.0, "overshoot_cost": 50.527289868302724, "power_cost": 13.563370166015625, "noise_cost": 20.777913914708474, "n_waypoints_completed": 9, "tot_waypoints": 9}}
{"target": -195.39467884868608, "params": {"k_pid_pos": [1.082168074999508, 0.0009755730513107955, 0.08530262233411609], "k_pid_alt": [1.5871766335423612, 0.0, 0.9438334774253757], "k_pid_att": [37.507391431869245, 3.733874489799716, 0.1632595539689371], "k_pid_yaw": [0.5, 1e-06, 0.1], "k_pid_hsp": [0.40401561327003377, 0.0, 0.0], "k_pid_vsp": [126.03813721140563, 23.350466843865615, 1e-06]}, "datetime": {"datetime": "2025-08-13 15:26:59", "elapsed": 20347.698879241943, "delta": 19.110896110534668}, "costs": {"total_cost": 195.39467884868608, "time_cost": 71.988, "final_distance_cost": 1.835485597698068, "oscillation_cost": 29.775355464903978, "completition_cost": 0.0, "overshoot_cost": 51.05907196701217, "power_cost": 18.388097021484377, "noise_cost": 22.348668797587454, "n_waypoints_completed": 9, "tot_waypoints": 9}}
{"target": -187.73138090048073, "params": {"k_pid_pos": [1.3137480286028604, 0.0, 0.10343492705097497], "k_pid_alt": [1.645175831850821, 0.0, 0.9319493269559732], "k_pid_att": [36.746771905774686, 3.2963821646568867, 0.2215357929388217], "k_pid_yaw": [0.5, 1e-06, 0.1], "k_pid_hsp": [0.26771902063627206, 0.0, 0.0], "k_pid_vsp": [122.89007727134322, 23.010395564851354, 1e-06]}, "datetime": {"datetime": "2025-08-13 15:27:17", "elapsed": 20365.95952320099, "delta": 18.26064395904541}, "costs": {"total_cost": 187.73138090048073, "time_cost": 70.735, "final_distance_cost": 1.815766603488844, "oscillation_cost": 30.640063881260364, "completition_cost": 0.0, "overshoot_cost": 50.86543303184328, "power_cost": 13.152640515136719, "noise_cost": 20.522476868751532, "n_waypoints_completed": 9, "tot_waypoints": 9}}
{"target": -191.22486941344272, "params": {"k_pid_pos": [1.1734386081342003, 0.0, 0.07777845736527134], "k_pid_alt": [1.626883746659823, 0.0, 0.9392458442067733], "k_pid_att": [34.59397002194245, 3.377462582527459, 0.25001917307665994], "k_pid_yaw": [0.5, 1e-06, 0.1], "k_pid_hsp": [0.26941467042609296, 0.0, 0.0], "k_pid_vsp": [127.99907377513972, 19.073347279006644, 1e-06]}, "datetime": {"datetime": "2025-08-13 15:27:36", "elapsed": 20384.382245779037, "delta": 18.422722578048706}, "costs": {"total_cost": 191.22486941344272, "time_cost": 71.46300000000001, "final_distance_cost": 1.8260719214289396, "oscillation_cost": 29.988479173195934, "completition_cost": 0.0, "overshoot_cost": 51.34326302170013, "power_cost": 15.252159143066407, "noise_cost": 21.351896154051296, "n_waypoints_completed": 9, "tot_waypoints": 9}}
{"target": -188.2975031617671, "params": {"k_pid_pos": [1.1694245188390455, 0.0, 0.09025523018628696], "k_pid_alt": [1.633792216036313, 0.0, 0.7223938789678004], "k_pid_att": [36.88244104831565, 3.3783333661909705, 0.26157502474119326], "k_pid_yaw": [0.5, 1e-06, 0.1], "k_pid_hsp": [0.28384136244364166, 0.0, 0.0], "k_pid_vsp": [128.7423945745451, 22.239218225019638, 1e-06]}, "datetime": {"datetime": "2025-08-13 15:27:58", "elapsed": 20406.66530752182, "delta": 22.283061742782593}, "costs": {"total_cost": 188.2975031617671, "time_cost": 70.651, "final_distance_cost": 1.8222363673931823, "oscillation_cost": 29.906515961959194, "completition_cost": 0.0, "overshoot_cost": 51.271771831728415, "power_cost": 13.788463696289064, "noise_cost": 20.857515304397268, "n_waypoints_completed": 9, "tot_waypoints": 9}}
{"target": -188.21714146317998, "params": {"k_pid_pos": [1.001305011451697, 0.0, 0.09477071822706871], "k_pid_alt": [1.6370312488371133, 0.0, 0.9465368278728358], "k_pid_att": [31.439857671847363, 3.1293947467908456, 0.15228790483500718], "k_pid_yaw": [0.5, 1e-06, 0.1], "k_pid_hsp": [0.23296992668061928, 0.0, 0.0], "k_pid_vsp": [144.05499646938836, 9.487696500258625, 1e-06]}, "datetime": {"datetime": "2025-08-13 15:28:18", "elapsed": 20426.395329236984, "delta": 19.730021715164185}, "costs": {"total_cost": 188.21714146317998, "time_cost": 71.827, "final_distance_cost": 1.8442744412109169, "oscillation_cost": 28.105897365279297, "completition_cost": 0.0, "overshoot_cost": 51.35588820534511, "power_cost": 13.84692205810547, "noise_cost": 21.237159393239224, "n_waypoints_completed": 9, "tot_waypoints": 9}}
{"target": -182.38713088026265, "params": {"k_pid_pos": [1.099540348980671, 0.0, 0.1780850817978105], "k_pid_alt": [1.8166566737813863, 0.0, 0.9013775184632329], "k_pid_att": [37.01582957763063, 3.804144314517643, 0.2549464333605737], "k_pid_yaw": [0.5, 1e-06, 0.1], "k_pid_hsp": [0.2796141904906859, 0.0, 0.0], "k_pid_vsp": [118.4943923260681, 14.493029890967692, 1e-06]}, "datetime": {"datetime": "2025-08-13 15:28:37", "elapsed": 20445.112458705902, "delta": 18.717129468917847}, "costs": {"total_cost": 182.38713088026265, "time_cost": 71.071, "final_distance_cost": 1.84463771777081, "oscillation_cost": 29.027658407161407, "completition_cost": 0.0, "overshoot_cost": 50.861000932111054, "power_cost": 9.776767700195313, "noise_cost": 19.806066123024078, "n_waypoints_completed": 9, "tot_waypoints": 9}}
