{"target": -199.74674612125665, "params": {"k_pid_pos": [1.1578294566355076, 0.0, 0.0], "k_pid_alt": [1.6227927616184454, 0.0, 0.9505230063381858], "k_pid_att": [41.43992034701672, 3.034421843621461, 0.2576941107589643], "k_pid_yaw": [0.5, 1e-06, 0.1], "k_pid_hsp": [0.26048714731709205, 0.0, 0.0], "k_pid_vsp": [144.68315655146802, 20.093424432314258, 1e-06]}, "datetime": {"datetime": "2025-08-13 14:28:13", "elapsed": 16821.043920755386, "delta": 18.82704758644104}, "costs": {"total_cost": 199.74674612125665, "time_cost": 73.584, "final_distance_cost": 1.8106595473298466, "oscillation_cost": 31.04964670718841, "completition_cost": 0.0, "overshoot_cost": 51.76322486360607, "power_cost": 19.057458593750003, "noise_cost": 22.481756409382303, "n_waypoints_completed": 9, "tot_waypoints": 9}}
{"target": -188.06635506673268, "params": {"k_pid_pos": [0.9525983743420903, 0.0, 0.16481748404961505], "k_pid_alt": [1.7730144222220605, 0.0, 0.9311711976175591], "k_pid_att": [34.092497473273916, 2.8114004238546078, 0.21611059149389386], "k_pid_yaw": [0.5, 1e-06, 0.1], "k_pid_hsp": [0.17906844833774893, 0.0, 0.0], "k_pid_vsp": [99.77714234725546, 12.011098701956985, 1e-06]}, "datetime": {"datetime": "2025-08-13 14:28:31", "elapsed": 16839.284196853638, "delta": 18.240276098251343}, "costs": {"total_cost": 188.06635506673268, "time_cost": 72.086, "final_distance_cost": 1.8432183289414648, "oscillation_cost": 26.623785848835784, "completition_cost": 0.0, "overshoot_cost": 51.59442640195182, "power_cost": 14.39930838623047, "noise_cost": 21.51961610077314, "n_waypoints_completed": 9, "tot_waypoints": 9}}
{"target": -197.44778089942773, "params": {"k_pid_pos": [1.1336252047683955, 0.0, 0.0890090181029283], "k_pid_alt": [1.62774874008301, 0.0, 0.9249910771857797], "k_pid_att": [31.796041591527132, 3.042746904973108, 0.24587364839109732], "k_pid_yaw": [0.5, 1e-06, 0.1], "k_pid_hsp": [0.1779419336642933, 0.0, 0.0], "k_pid_vsp": [124.78676263972211, 18.708410158921026, 1e-06]}, "datetime": {"datetime": "2025-08-13 14:28:49", "elapsed": 16857.437338113785, "delta": 18.153141260147095}, "costs": {"total_cost": 197.44778089942773, "time_cost": 72.275, "final_distance_cost": 1.816756909374603, "oscillation_cost": 28.744124663249664, "completition_cost": 0.0, "overshoot_cost": 51.87365975100777, "power_cost": 20.09291179199219, "noise_cost": 22.645327783803513, "n_waypoints_completed": 9, "tot_waypoints": 9}}
{"target": -187.43775590660005, "params": {"k_pid_pos": [0.8478014779261193, 0.0, 0.07735418760506287], "k_pid_alt": [1.5481049643368912, 0.0, 0.9202634937710734], "k_pid_att": [33.00927874859919, 5.027023553681117, 0.25984057285957585], "k_pid_yaw": [0.5, 1e-06, 0.1], "k_pid_hsp": [0.09405931926410555, 0.0, 0.0], "k_pid_vsp": [212.28679266474944, 19.95139391492792, 2.666215919258173]}, "datetime": {"datetime": "2025-08-13 14:29:08", "elapsed": 16876.24235701561, "delta": 18.80501890182495}, "costs": {"total_cost": 187.43775590660005, "time_cost": 73.584, "final_distance_cost": 1.8066639799268245, "oscillation_cost": 24.014158706732054, "completition_cost": 0.0, "overshoot_cost": 52.725950239706854, "power_cost": 13.901253637695314, "noise_cost": 21.405729342538987, "n_waypoints_completed": 9, "tot_waypoints": 9}}
{"target": -184.35068134083429, "params": {"k_pid_pos": [1.2188370490252183, 0.0, 0.09611568942923143], "k_pid_alt": [1.8220323964531482, 0.0, 0.9370584492191434], "k_pid_att": [38.048033174954774, 2.863882814599217, 0.22683908559126342], "k_pid_yaw": [0.5, 1e-06, 0.1], "k_pid_hsp": [0.25542212603965647, 0.0, 0.0], "k_pid_vsp": [93.56999867158197, 34.26626348724469, 1e-06]}, "datetime": {"datetime": "2025-08-13 14:29:25", "elapsed": 16893.730860710144, "delta": 17.4885036945343}, "costs": {"total_cost": 184.35068134083429, "time_cost": 69.923, "final_distance_cost": 1.8258022537531495, "oscillation_cost": 30.246843836845258, "completition_cost": 0.0, "overshoot_cost": 50.422066869729946, "power_cost": 11.932466333007813, "noise_cost": 20.000502047498127, "n_waypoints_completed": 9, "tot_waypoints": 9}}
{"target": -208.42672319833576, "params": {"k_pid_pos": [1.1303536851925469, 0.0, 0.08854473989137068], "k_pid_alt": [1.844745912530918, 0.0, 0.9509050510836655], "k_pid_att": [38.64850058319852, 4.692993553581379, 0.26986455584733177], "k_pid_yaw": [0.5, 1e-06, 0.1], "k_pid_hsp": [0.2722017857549849, 0.0, 0.0], "k_pid_vsp": [149.70561445019206, 34.916570440045604, 1e-06]}, "datetime": {"datetime": "2025-08-13 14:29:44", "elapsed": 16912.474492549896, "delta": 18.743631839752197}, "costs": {"total_cost": 208.42672319833576, "time_cost": 73.178, "final_distance_cost": 1.8354660567863281, "oscillation_cost": 30.145934199878557, "completition_cost": 0.0, "overshoot_cost": 51.847618209470454, "power_cost": 25.786736376953126, "noise_cost": 25.632968355247325, "n_waypoints_completed": 9, "tot_waypoints": 9}}
{"target": -185.96167304929872, "params": {"k_pid_pos": [1.1478884061005383, 0.0, 0.07246563994917274], "k_pid_alt": [1.6166925218729953, 0.0, 0.910241700689744], "k_pid_att": [44.629327058217456, 3.3256027026752304, 0.2111919654672475], "k_pid_yaw": [0.5, 1e-06, 0.1], "k_pid_hsp": [0.26957460845663367, 0.0, 0.0], "k_pid_vsp": [152.57278733137963, 14.158385615910962, 0.0014130477015240964]}, "datetime": {"datetime": "2025-08-13 14:30:02", "elapsed": 16930.34834909439, "delta": 17.87385654449463}, "costs": {"total_cost": 185.96167304929872, "time_cost": 71.19, "final_distance_cost": 1.8402269623649965, "oscillation_cost": 30.939842304056754, "completition_cost": 0.0, "overshoot_cost": 50.716429309729875, "power_cost": 11.181352136230469, "noise_cost": 20.09382233691666, "n_waypoints_completed": 9, "tot_waypoints": 9}}
{"target": -190.18699713056955, "params": {"k_pid_pos": [1.1970367107188344, 0.0, 0.13724688593350154], "k_pid_alt": [1.632175888537204, 0.0, 0.9459895728121206], "k_pid_att": [31.995483534510825, 4.006230110204859, 0.30325919679055663], "k_pid_yaw": [0.5, 1e-06, 0.1], "k_pid_hsp": [0.20889371759554082, 0.0, 0.0], "k_pid_vsp": [111.31963936184397, 14.551259987060611, 1e-06]}, "datetime": {"datetime": "2025-08-13 14:30:20", "elapsed": 16948.895095586777, "delta": 18.546746492385864}, "costs": {"total_cost": 190.18699713056955, "time_cost": 71.624, "final_distance_cost": 1.8162831399565544, "oscillation_cost": 29.13534502240619, "completition_cost": 0.0, "overshoot_cost": 51.12271379586572, "power_cost": 15.120535107421876, "noise_cost": 21.368120064919204, "n_waypoints_completed": 9, "tot_waypoints": 9}}
{"target": -219.41561896754243, "params": {"k_pid_pos": [0.29114733810087234, 0.0, 0.08026783449638698], "k_pid_alt": [1.6616859759782578, 0.0, 0.9476779165514275], "k_pid_att": [21.43293004507887, 4.985638965823088, 0.3380209360034759], "k_pid_yaw": [0.5, 1e-06, 0.1], "k_pid_hsp": [0.09714183774207265, 0.0, 0.0], "k_pid_vsp": [134.82148574932845, 21.12476960940818, 1e-06]}, "datetime": {"datetime": "2025-08-13 14:30:44", "elapsed": 16972.710067510605, "delta": 23.814971923828125}, "costs": {"total_cost": 219.41561896754243, "time_cost": 94.374, "final_distance_cost": 1.8595868747508137, "oscillation_cost": 14.427263828942088, "completition_cost": 0.0, "overshoot_cost": 55.754388561006, "power_cost": 21.395961694335938, "noise_cost": 31.604418008507587, "n_waypoints_completed": 9, "tot_waypoints": 9}}
{"target": -188.81649596375416, "params": {"k_pid_pos": [1.0501602471896525, 0.0, 0.09309463151510425], "k_pid_alt": [1.4237729947634858, 0.0, 0.9226948641831119], "k_pid_att": [38.594195318307754, 3.4762605123849393, 0.26394015628560513], "k_pid_yaw": [0.5, 1e-06, 0.1], "k_pid_hsp": [0.2531086895758524, 0.0, 0.0], "k_pid_vsp": [136.7733879824302, 14.966258720311771, 1e-06]}, "datetime": {"datetime": "2025-08-13 14:31:05", "elapsed": 16993.684237718582, "delta": 20.974170207977295}, "costs": {"total_cost": 188.81649596375416, "time_cost": 72.24, "final_distance_cost": 1.8345611326713496, "oscillation_cost": 28.734495869463686, "completition_cost": 0.0, "overshoot_cost": 50.94686387526153, "power_cost": 13.899020263671876, "noise_cost": 21.16155482268573, "n_waypoints_completed": 9, "tot_waypoints": 9}}
{"target": -185.24680129855244, "params": {"k_pid_pos": [0.8219421256160063, 0.0, 0.000611260239439193], "k_pid_alt": [1.614911777451929, 0.0, 0.9650238038079936], "k_pid_att": [38.12204775077176, 4.029277982902596, 0.26244181147482326], "k_pid_yaw": [0.5, 1e-06, 0.1], "k_pid_hsp": [0.19290716868650565, 0.0, 0.0], "k_pid_vsp": [118.17016375811993, 26.93921279962031, 1e-06]}, "datetime": {"datetime": "2025-08-13 14:31:27", "elapsed": 17015.719845294952, "delta": 22.03560757637024}, "costs": {"total_cost": 185.24680129855244, "time_cost": 71.897, "final_distance_cost": 1.8371848764746408, "oscillation_cost": 26.59773721416069, "completition_cost": 0.0, "overshoot_cost": 51.07310708947547, "power_cost": 12.993426794433594, "noise_cost": 20.848345324008065, "n_waypoints_completed": 9, "tot_waypoints": 9}}
{"target": -189.63178504131844, "params": {"k_pid_pos": [1.3476112351447318, 0.0, 0.0807649019903302], "k_pid_alt": [1.564878764578736, 0.0, 0.9349437660249122], "k_pid_att": [35.08325112337694, 3.6020004478011076, 0.2887894051642139], "k_pid_yaw": [0.5, 1e-06, 0.1], "k_pid_hsp": [0.14140885388554636, 0.0, 0.0], "k_pid_vsp": [124.53586526307848, 18.593495615835828, 1e-06]}, "datetime": {"datetime": "2025-08-13 14:31:47", "elapsed": 17035.809165239334, "delta": 20.089319944381714}, "costs": {"total_cost": 189.63178504131844, "time_cost": 71.785, "final_distance_cost": 1.7992308296157302, "oscillation_cost": 30.15784250767946, "completition_cost": 0.0, "overshoot_cost": 52.03794676513253, "power_cost": 13.076391357421876, "noise_cost": 20.77537358146884, "n_waypoints_completed": 9, "tot_waypoints": 9}}
{"target": -185.9978383648113, "params": {"k_pid_pos": [1.1744028108712985, 0.0, 0.08681948484560799], "k_pid_alt": [1.619035268860423, 0.0, 0.9605828742637295], "k_pid_att": [37.93625657806381, 3.401628577818415, 0.267224422177949], "k_pid_yaw": [0.5, 1e-06, 0.1], "k_pid_hsp": [0.28386559647754955, 0.0, 0.0], "k_pid_vsp": [118.49372690939207, 16.55862492941697, 1e-06]}, "datetime": {"datetime": "2025-08-13 14:32:06", "elapsed": 17054.025453567505, "delta": 18.216288328170776}, "costs": {"total_cost": 185.9978383648113, "time_cost": 71.20400000000001, "final_distance_cost": 1.83875306914799, "oscillation_cost": 29.946355702879067, "completition_cost": 0.0, "overshoot_cost": 51.10686983609828, "power_cost": 11.720144506835938, "noise_cost": 20.18171524985003, "n_waypoints_completed": 9, "tot_waypoints": 9}}
{"target": -187.8374800049952, "params": {"k_pid_pos": [1.1958305687641941, 0.0, 0.09833934986236724], "k_pid_alt": [1.6466443870250012, 0.0, 0.9364766961458031], "k_pid_att": [32.94515172836625, 3.4817739962404732, 0.2529084992225017], "k_pid_yaw": [0.5, 1e-06, 0.1], "k_pid_hsp": [0.25474858613566326, 0.0, 0.0], "k_pid_vsp": [154.92888357801655, 17.017156721772757, 1e-06]}, "datetime": {"datetime": "2025-08-13 14:32:24", "elapsed": 17072.130286693573, "delta": 18.104833126068115}, "costs": {"total_cost": 187.8374800049952, "time_cost": 71.358, "final_distance_cost": 1.8206912431492919, "oscillation_cost": 29.86740657177117, "completition_cost": 0.0, "overshoot_cost": 50.808126019292835, "power_cost": 13.249992749023438, "noise_cost": 20.733263421758448, "n_waypoints_completed": 9, "tot_waypoints": 9}}
{"target": -193.3241929274116, "params": {"k_pid_pos": [1.2451697802546715, 0.0, 0.0], "k_pid_alt": [1.654376635952927, 0.0, 0.9311249374357197], "k_pid_att": [47.17136296647041, 3.605081387313502, 0.31249036457244583], "k_pid_yaw": [0.5, 1e-06, 0.1], "k_pid_hsp": [0.15593342573870372, 0.0, 0.0], "k_pid_vsp": [80.46092844897959, 36.53930497632076, 1e-06]}, "datetime": {"datetime": "2025-08-13 14:32:42", "elapsed": 17090.011216640472, "delta": 17.880929946899414}, "costs": {"total_cost": 193.3241929274116, "time_cost": 71.20400000000001, "final_distance_cost": 1.7900111666273424, "oscillation_cost": 29.89673374940944, "completition_cost": 0.0, "overshoot_cost": 51.50226921480517, "power_cost": 17.485736145019533, "noise_cost": 21.4454426515501, "n_waypoints_completed": 9, "tot_waypoints": 9}}
{"target": -188.87197371090892, "params": {"k_pid_pos": [0.9420328443070822, 0.03503160078853565, 0.11761481310344897], "k_pid_alt": [1.522127095525992, 0.0, 0.9423793554314827], "k_pid_att": [54.624767125873646, 4.1533158100383485, 0.2578145981049023], "k_pid_yaw": [0.5, 1e-06, 0.1], "k_pid_hsp": [0.25038058076322767, 0.0, 0.0], "k_pid_vsp": [170.40867283937183, 16.866868288634986, 8.619057777246999]}, "datetime": {"datetime": "2025-08-13 14:33:00", "elapsed": 17108.275366783142, "delta": 18.264150142669678}, "costs": {"total_cost": 188.87197371090892, "time_cost": 72.73, "final_distance_cost": 1.8311482091579248, "oscillation_cost": 28.375393476728725, "completition_cost": 0.0, "overshoot_cost": 51.49989316721078, "power_cost": 14.066067785644531, "noise_cost": 20.369471072166956, "n_waypoints_completed": 9, "tot_waypoints": 9}}
{"target": -191.15671940344498, "params": {"k_pid_pos": [0.8671057618743361, 0.0, 0.13062524386149738], "k_pid_alt": [1.6624635637693652, 0.0, 0.9784434931698264], "k_pid_att": [8.781929517339599, 2.8472714071983334, 0.2529060232807926], "k_pid_yaw": [0.5, 1e-06, 0.1], "k_pid_hsp": [0.20669285634259385, 0.0, 0.0], "k_pid_vsp": [112.30712571592495, 11.179937946922792, 1e-06]}, "datetime": {"datetime": "2025-08-13 14:33:19", "elapsed": 17127.099894046783, "delta": 18.824527263641357}, "costs": {"total_cost": 191.15671940344498, "time_cost": 72.81400000000001, "final_distance_cost": 1.8490096471876731, "oscillation_cost": 27.134655594957128, "completition_cost": 0.0, "overshoot_cost": 51.65537273495683, "power_cost": 15.53056239013672, "noise_cost": 22.173119036206636, "n_waypoints_completed": 9, "tot_waypoints": 9}}
{"target": -191.3100268647386, "params": {"k_pid_pos": [1.3785580272621711, 0.0, 0.07465506075869874], "k_pid_alt": [1.6259736213105078, 0.0, 0.949799308536062], "k_pid_att": [31.810449359316255, 2.942342963312114, 0.23303890590815218], "k_pid_yaw": [0.5, 1e-06, 0.1], "k_pid_hsp": [0.3410483996121868, 0.0, 0.0], "k_pid_vsp": [101.35310139004125, 15.105551437505724, 1e-06]}, "datetime": {"datetime": "2025-08-13 14:33:37", "elapsed": 17145.39948964119, "delta": 18.299595594406128}, "costs": {"total_cost": 191.3100268647386, "time_cost": 71.06400000000001, "final_distance_cost": 1.8063416051222023, "oscillation_cost": 30.95238094605914, "completition_cost": 0.0, "overshoot_cost": 51.31461504954112, "power_cost": 14.983188037109375, "noise_cost": 21.189501226906778, "n_waypoints_completed": 9, "tot_waypoints": 9}}
{"target": -194.51406364220009, "params": {"k_pid_pos": [1.4303252742951393, 0.01124214260055055, 0.05215399106045325], "k_pid_alt": [1.6708731857402221, 0.015702455687793174, 0.9326918715218071], "k_pid_att": [34.61029273017283, 3.421416851631308, 0.25311131134056714], "k_pid_yaw": [0.5, 1e-06, 0.1], "k_pid_hsp": [0.8144182424142465, 0.024762345808799074, 0.0], "k_pid_vsp": [146.1581713167666, 26.799798533637166, 1.0106149307841372]}, "datetime": {"datetime": "2025-08-13 14:33:55", "elapsed": 17163.472794532776, "delta": 18.073304891586304}, "costs": {"total_cost": 194.51406364220009, "time_cost": 70.0, "final_distance_cost": 1.7910327344491526, "oscillation_cost": 32.02202261619699, "completition_cost": 0.0, "overshoot_cost": 50.98951717664128, "power_cost": 18.051877539062502, "noise_cost": 21.65961357585016, "n_waypoints_completed": 9, "tot_waypoints": 9}}
{"target": -1300.534162104772, "params": {"k_pid_pos": [0.0001, 0.0, 0.05757370357421109], "k_pid_alt": [1.5924253284700793, 0.0, 0.981781465778047], "k_pid_att": [19.6390752482974, 3.442305536731788, 0.2734707536516904], "k_pid_yaw": [0.5, 1e-06, 0.1], "k_pid_hsp": [0.34374518509313606, 0.0, 0.0], "k_pid_vsp": [100.42314816911757, 24.685651960337502, 1.90875210572452]}, "datetime": {"datetime": "2025-08-13 14:34:25", "elapsed": 17193.905914068222, "delta": 30.433119535446167}, "costs": {"total_cost": 1300.534162104772, "time_cost": 150, "final_distance_cost": 45.99519614692257, "oscillation_cost": 0.27305093215518617, "completition_cost": 1000.0, "overshoot_cost": 35.54903692684709, "power_cost": 33.26386368408203, "noise_cost": 35.45301441476491, "n_waypoints_completed": 0, "tot_waypoints": 9}}
{"target": -1237.9804343612868, "params": {"k_pid_pos": [1.201803376032989, 0.016399445643221777, 0.030270614481917646], "k_pid_alt": [1.608036299547151, 0.0, 0.951260674885465], "k_pid_att": [38.04867683794168, 3.8626545704057613, 0.29076585951830164], "k_pid_yaw": [0.5, 1e-06, 0.1], "k_pid_hsp": [0.0001, 0.0, 0.0], "k_pid_vsp": [101.94707586076944, 19.511637793219396, 0.13775882140295245]}, "datetime": {"datetime": "2025-08-13 14:34:55", "elapsed": 17223.758854150772, "delta": 29.85294008255005}, "costs": {"total_cost": 1237.9804343612868, "time_cost": 150, "final_distance_cost": 48.37506825605113, "oscillation_cost": 2.0612709100819533, "completition_cost": 888.8888888888888, "overshoot_cost": 105.2483292612487, "power_cost": 13.604243090820313, "noise_cost": 29.802633954195986, "n_waypoints_completed": 1, "tot_waypoints": 9}}
{"target": -198.41891466476724, "params": {"k_pid_pos": [1.2429234212918392, 0.0, 0.06051539124317655], "k_pid_alt": [1.5263214192394667, 0.0, 0.9183015443120508], "k_pid_att": [37.769081170258644, 2.8994529268090465, 0.20908065279629862], "k_pid_yaw": [0.5, 1e-06, 0.1], "k_pid_hsp": [0.2741268868841419, 0.0, 0.0], "k_pid_vsp": [314.3461538873008, 13.332821408483817, 1e-06]}, "datetime": {"datetime": "2025-08-13 14:35:14", "elapsed": 17242.053378582, "delta": 18.294524431228638}, "costs": {"total_cost": 198.41891466476724, "time_cost": 72.583, "final_distance_cost": 1.8342309050456687, "oscillation_cost": 30.32752408966408, "completition_cost": 0.0, "overshoot_cost": 51.61951783328355, "power_cost": 19.657575915527346, "noise_cost": 22.397065921246604, "n_waypoints_completed": 9, "tot_waypoints": 9}}
{"target": -1369.2992343569872, "params": {"k_pid_pos": [0.9116363076794803, 0.005317937774424595, 0.2555137924777], "k_pid_alt": [1.602014016196112, 0.042105538923227985, 0.8722033628356676], "k_pid_att": [40.68598977501278, 3.994511463728524, 0.21484291890992258], "k_pid_yaw": [0.5, 1e-06, 0.1], "k_pid_hsp": [0.0001, 0.13221770759833396, 0.0], "k_pid_vsp": [221.72908846856694, 135.18373454458052, 212.03613734707815]}, "datetime": {"datetime": "2025-08-13 14:35:44", "elapsed": 17272.441019296646, "delta": 30.387640714645386}, "costs": {"total_cost": 1369.2992343569872, "time_cost": 150, "final_distance_cost": 68.68687343285667, "oscillation_cost": 120.79524663617721, "completition_cost": 888.8888888888888, "overshoot_cost": 78.30266461683959, "power_cost": 33.875303515625, "noise_cost": 28.75025726659995, "n_waypoints_completed": 1, "tot_waypoints": 9}}
{"target": -195.18310117715623, "params": {"k_pid_pos": [1.650705741440987, 0.0, 0.0], "k_pid_alt": [1.6256595597989651, 0.0, 0.9395919523789805], "k_pid_att": [28.534797870234932, 0.0001, 0.24784356630477128], "k_pid_yaw": [0.5, 1e-06, 0.1], "k_pid_hsp": [0.31145182105961733, 0.06795098934890176, 0.0], "k_pid_vsp": [147.96355565645635, 21.224287472693206, 1e-06]}, "datetime": {"datetime": "2025-08-13 14:36:01", "elapsed": 17289.893906593323, "delta": 17.452887296676636}, "costs": {"total_cost": 195.18310117715623, "time_cost": 70.539, "final_distance_cost": 1.8149085269423735, "oscillation_cost": 37.47915341416535, "completition_cost": 0.0, "overshoot_cost": 50.791306203222206, "power_cost": 14.096429345703125, "noise_cost": 20.462303687123196, "n_waypoints_completed": 9, "tot_waypoints": 9}}
{"target": -187.62908641965387, "params": {"k_pid_pos": [1.303673495141078, 0.0, 0.10686953150920514], "k_pid_alt": [1.6614857488643135, 0.0, 0.9312649386149275], "k_pid_att": [37.36729029488636, 3.5167916969834954, 0.2558454192967461], "k_pid_yaw": [0.5, 1e-06, 0.1], "k_pid_hsp": [0.1711112748968544, 0.0, 0.0], "k_pid_vsp": [117.66594745735257, 38.062955159463606, 1e-06]}, "datetime": {"datetime": "2025-08-13 14:36:19", "elapsed": 17307.85059762001, "delta": 17.956691026687622}, "costs": {"total_cost": 187.62908641965387, "time_cost": 70.819, "final_distance_cost": 1.8129361078148407, "oscillation_cost": 29.91557809868627, "completition_cost": 0.0, "overshoot_cost": 51.20761381838554, "power_cost": 13.43713787841797, "noise_cost": 20.436820516349286, "n_waypoints_completed": 9, "tot_waypoints": 9}}
{"target": -187.70614366634976, "params": {"k_pid_pos": [1.2136651504658682, 0.0, 0.13436082801853313], "k_pid_alt": [1.6272613558036042, 0.0, 0.9381218838644663], "k_pid_att": [37.77207660116019, 3.3047485131835117, 0.27172969759710786], "k_pid_yaw": [0.5, 1e-06, 0.1], "k_pid_hsp": [0.3143129981738261, 0.0, 0.0], "k_pid_vsp": [126.92553790850869, 32.30296508590979, 1e-06]}, "datetime": {"datetime": "2025-08-13 14:36:37", "elapsed": 17325.682571411133, "delta": 17.831973791122437}, "costs": {"total_cost": 187.70614366634976, "time_cost": 70.756, "final_distance_cost": 1.8424455487711162, "oscillation_cost": 30.181876393130345, "completition_cost": 0.0, "overshoot_cost": 50.45282810501047, "power_cost": 13.65070457763672, "noise_cost": 20.822289041801092, "n_waypoints_completed": 9, "tot_waypoints": 9}}
