{"target": -180.14423158799798, "params": {"k_pid_pos": [0.6659598147622936, 0.0, 0.018451762226389497], "k_pid_alt": [1.947219791660495, 0.0, 0.9475121662804064], "k_pid_att": [33.432544752251914, 3.7551023063300386, 0.275982581444039], "k_pid_yaw": [0.5, 1e-06, 0.1], "k_pid_hsp": [0.12387193327029876, 0.0, 0.0], "k_pid_vsp": [150.69735632272153, 53.548671985364145, 1e-06]}, "datetime": {"datetime": "2025-08-13 23:21:29", "elapsed": 48817.625202178955, "delta": 16.731173515319824}, "costs": {"total_cost": 180.14423158799798, "time_cost": 72.037, "final_distance_cost": 1.8297277678930903, "oscillation_cost": 23.452492443796068, "completition_cost": 0.0, "overshoot_cost": 51.135704950288186, "power_cost": 11.19122060546875, "noise_cost": 20.49808582055188, "n_waypoints_completed": 9, "tot_waypoints": 9}}
{"target": -189.25434893730932, "params": {"k_pid_pos": [0.6379212527369017, 0.0, 0.012034320494984352], "k_pid_alt": [1.8746215089478389, 0.0, 0.94717644300278], "k_pid_att": [33.4866127221142, 3.681702322431873, 0.27093480742181664], "k_pid_yaw": [0.5, 1e-06, 0.1], "k_pid_hsp": [0.11668869919838226, 0.0, 0.0], "k_pid_vsp": [145.41414363732008, 42.59281031694688, 1e-06]}, "datetime": {"datetime": "2025-08-13 23:21:48", "elapsed": 48836.89774751663, "delta": 19.272545337677002}, "costs": {"total_cost": 189.25434893730932, "time_cost": 72.926, "final_distance_cost": 1.8374170055352568, "oscillation_cost": 22.80404176881395, "completition_cost": 0.0, "overshoot_cost": 51.86330719549928, "power_cost": 17.319444165039062, "noise_cost": 22.504138802421757, "n_waypoints_completed": 9, "tot_waypoints": 9}}
{"target": -188.8778408094338, "params": {"k_pid_pos": [0.8068688827666711, 0.0, 0.08660253450238849], "k_pid_alt": [1.8790853226150075, 0.0, 0.9525681356945209], "k_pid_att": [34.21504993523844, 3.441417221104537, 0.27581018636963606], "k_pid_yaw": [0.5, 1e-06, 0.1], "k_pid_hsp": [0.09531705831815097, 0.0, 0.0], "k_pid_vsp": [91.89194699076225, 27.542425110436742, 1e-06]}, "datetime": {"datetime": "2025-08-13 23:22:05", "elapsed": 48853.77982759476, "delta": 16.882080078125}, "costs": {"total_cost": 188.8778408094338, "time_cost": 72.492, "final_distance_cost": 1.8176161624670806, "oscillation_cost": 23.815444776863565, "completition_cost": 0.0, "overshoot_cost": 51.949095427549736, "power_cost": 16.68777069091797, "noise_cost": 22.115913751635453, "n_waypoints_completed": 9, "tot_waypoints": 9}}
{"target": -193.58795518614716, "params": {"k_pid_pos": [1.271114211247001, 0.0, 0.04303740791394159], "k_pid_alt": [1.7465627949218325, 0.0, 0.8255059750133714], "k_pid_att": [33.282998864337564, 4.110463925318196, 0.2813011985116502], "k_pid_yaw": [0.5, 1e-06, 0.1], "k_pid_hsp": [0.06161208024832257, 0.0, 0.0], "k_pid_vsp": [135.97581713103244, 46.263999273008444, 1e-06]}, "datetime": {"datetime": "2025-08-13 23:22:26", "elapsed": 48874.77718281746, "delta": 20.997355222702026}, "costs": {"total_cost": 193.58795518614716, "time_cost": 76.762, "final_distance_cost": 1.78085874501506, "oscillation_cost": 26.568459889368903, "completition_cost": 0.0, "overshoot_cost": 52.94588855210948, "power_cost": 13.482565759277344, "noise_cost": 22.048182240376384, "n_waypoints_completed": 9, "tot_waypoints": 9}}
{"target": -186.3007671729243, "params": {"k_pid_pos": [0.6052682060119767, 0.0, 0.0649506718245161], "k_pid_alt": [2.0, 0.0, 0.947390605198413], "k_pid_att": [32.93124517514944, 3.7056369715915416, 0.23442450610009874], "k_pid_yaw": [0.5, 1e-06, 0.1], "k_pid_hsp": [0.10809201922705924, 0.0, 0.0], "k_pid_vsp": [122.22979929085024, 25.25881642520079, 1e-06]}, "datetime": {"datetime": "2025-08-13 23:22:45", "elapsed": 48893.63955974579, "delta": 18.862376928329468}, "costs": {"total_cost": 186.3007671729243, "time_cost": 73.47200000000001, "final_distance_cost": 1.830909378417786, "oscillation_cost": 21.550766735787306, "completition_cost": 0.0, "overshoot_cost": 52.088551476702754, "power_cost": 15.07777293701172, "noise_cost": 22.280766645004725, "n_waypoints_completed": 9, "tot_waypoints": 9}}
{"target": -182.43167724188885, "params": {"k_pid_pos": [0.6484076760817353, 0.0, 0.019199568981659056], "k_pid_alt": [1.8700001102307782, 0.0, 0.9091742884922782], "k_pid_att": [33.63475230798609, 3.5339555696324907, 0.2734292443697658], "k_pid_yaw": [0.5, 1e-06, 0.1], "k_pid_hsp": [0.11537182529881143, 0.0, 0.0], "k_pid_vsp": [97.2318085866176, 36.54790330883395, 1e-06]}, "datetime": {"datetime": "2025-08-13 23:23:03", "elapsed": 48911.442158699036, "delta": 17.80259895324707}, "costs": {"total_cost": 182.43167724188885, "time_cost": 72.282, "final_distance_cost": 1.826406358535643, "oscillation_cost": 23.321688915798642, "completition_cost": 0.0, "overshoot_cost": 51.33097014962916, "power_cost": 12.599246655273438, "noise_cost": 21.071365162651944, "n_waypoints_completed": 9, "tot_waypoints": 9}}
{"target": -189.89020074720372, "params": {"k_pid_pos": [0.7073005244213455, 0.0, 0.03163963897017483], "k_pid_alt": [1.7133055140053708, 0.0, 0.9443265813715006], "k_pid_att": [35.98228396259268, 3.415234098271382, 0.26472187562687294], "k_pid_yaw": [0.5, 1e-06, 0.1], "k_pid_hsp": [0.2640701384559945, 0.0, 0.0], "k_pid_vsp": [137.1562280672704, 42.589898185748424, 1e-06]}, "datetime": {"datetime": "2025-08-13 23:23:23", "elapsed": 48931.27308559418, "delta": 19.8309268951416}, "costs": {"total_cost": 189.89020074720372, "time_cost": 73.675, "final_distance_cost": 1.8446489040082945, "oscillation_cost": 26.609979423548495, "completition_cost": 0.0, "overshoot_cost": 51.04413474600483, "power_cost": 14.511827050781251, "noise_cost": 22.204610622860862, "n_waypoints_completed": 9, "tot_waypoints": 9}}
{"target": -196.64363520739232, "params": {"k_pid_pos": [0.48665964202655415, 5.3262776123454885e-05, 0.05511309491521839], "k_pid_alt": [1.881698755291794, 0.0, 0.9443869876015984], "k_pid_att": [34.12970725959869, 3.706196433780096, 0.24016158785086375], "k_pid_yaw": [0.5, 1e-06, 0.1], "k_pid_hsp": [0.13168922217100093, 0.0, 0.0], "k_pid_vsp": [112.45990298320223, 35.28162204858002, 1e-06]}, "datetime": {"datetime": "2025-08-13 23:23:42", "elapsed": 48950.751061439514, "delta": 19.477975845336914}, "costs": {"total_cost": 196.64363520739232, "time_cost": 77.44800000000001, "final_distance_cost": 1.8513139395629954, "oscillation_cost": 21.109126923560773, "completition_cost": 0.0, "overshoot_cost": 52.55761554088081, "power_cost": 19.07582663574219, "noise_cost": 24.601752167645536, "n_waypoints_completed": 9, "tot_waypoints": 9}}
{"target": -185.6559275322695, "params": {"k_pid_pos": [0.8730975754677982, 0.0, 0.05798023310735761], "k_pid_alt": [1.7406563287693044, 0.0, 0.9012215732228819], "k_pid_att": [35.4899608529886, 3.1887467940078755, 0.27484303961010736], "k_pid_yaw": [0.5, 1e-06, 0.1], "k_pid_hsp": [0.08707553019657449, 0.0, 0.0], "k_pid_vsp": [90.56413022106808, 34.415449182948365, 1e-06]}, "datetime": {"datetime": "2025-08-13 23:24:02", "elapsed": 48970.201030254364, "delta": 19.449968814849854}, "costs": {"total_cost": 185.6559275322695, "time_cost": 72.289, "final_distance_cost": 1.814543112552705, "oscillation_cost": 24.34344130713819, "completition_cost": 0.0, "overshoot_cost": 51.49303289932099, "power_cost": 14.271535302734376, "noise_cost": 21.444374910523234, "n_waypoints_completed": 9, "tot_waypoints": 9}}
{"target": -197.97685218788158, "params": {"k_pid_pos": [0.4770594131667155, 0.0, 0.0], "k_pid_alt": [1.8481055360143348, 0.0, 0.9475394771543978], "k_pid_att": [36.51883644433576, 3.7108262988750695, 0.28093025421834056], "k_pid_yaw": [0.5, 1e-06, 0.1], "k_pid_hsp": [0.2533593205933332, 0.0, 0.0], "k_pid_vsp": [140.94338626924113, 40.22205205836609, 1e-06]}, "datetime": {"datetime": "2025-08-13 23:24:21", "elapsed": 48989.960983753204, "delta": 19.759953498840332}, "costs": {"total_cost": 197.97685218788158, "time_cost": 80.36, "final_distance_cost": 1.8547771961896562, "oscillation_cost": 23.9731884385122, "completition_cost": 0.0, "overshoot_cost": 51.58275764452408, "power_cost": 15.272365991210938, "noise_cost": 24.933762917444714, "n_waypoints_completed": 9, "tot_waypoints": 9}}
{"target": -195.97416575851472, "params": {"k_pid_pos": [0.7425233169484282, 0.0, 0.015204951464921467], "k_pid_alt": [1.9170013114899975, 0.0, 0.9459493933035391], "k_pid_att": [34.406408250541155, 3.1189197529711965, 0.2510161562827634], "k_pid_yaw": [0.5, 1e-06, 0.1], "k_pid_hsp": [0.2814113138293616, 0.0, 0.0], "k_pid_vsp": [135.2998207519202, 68.76697935421043, 1e-06]}, "datetime": {"datetime": "2025-08-13 23:24:40", "elapsed": 49008.88845229149, "delta": 18.9274685382843}, "costs": {"total_cost": 195.97416575851472, "time_cost": 72.408, "final_distance_cost": 1.84762513264627, "oscillation_cost": 26.290949431158676, "completition_cost": 0.0, "overshoot_cost": 50.9592114033254, "power_cost": 21.22556696777344, "noise_cost": 23.242812823610944, "n_waypoints_completed": 9, "tot_waypoints": 9}}
{"target": -189.79793025711155, "params": {"k_pid_pos": [0.717101640572486, 0.0, 0.0], "k_pid_alt": [1.8863136520418757, 0.0, 0.953745108412561], "k_pid_att": [32.6068133315735, 3.393804087106695, 0.267794628574134], "k_pid_yaw": [0.5, 1e-06, 0.1], "k_pid_hsp": [0.12337769354938255, 0.0, 0.0], "k_pid_vsp": [139.26079333925867, 59.71642053311838, 1e-06]}, "datetime": {"datetime": "2025-08-13 23:24:57", "elapsed": 49025.924703121185, "delta": 17.036250829696655}, "costs": {"total_cost": 189.79793025711155, "time_cost": 71.89, "final_distance_cost": 1.8243579448513974, "oscillation_cost": 24.13547245122188, "completition_cost": 0.0, "overshoot_cost": 51.21196504777108, "power_cost": 18.517537438964844, "noise_cost": 22.218597374302323, "n_waypoints_completed": 9, "tot_waypoints": 9}}
{"target": -190.15986306521185, "params": {"k_pid_pos": [0.817504522793708, 0.0, 0.17985882886759397], "k_pid_alt": [1.7857920717730467, 0.0, 0.9477058602152865], "k_pid_att": [30.550362508669497, 3.6989885557654545, 0.2896897830651209], "k_pid_yaw": [0.5, 1e-06, 0.1], "k_pid_hsp": [0.11360728139724129, 0.0, 0.0], "k_pid_vsp": [113.41674198172403, 40.24307627346405, 1e-06]}, "datetime": {"datetime": "2025-08-13 23:25:17", "elapsed": 49045.34080410004, "delta": 19.41610097885132}, "costs": {"total_cost": 190.15986306521185, "time_cost": 72.401, "final_distance_cost": 1.8147863306470835, "oscillation_cost": 24.201639469116905, "completition_cost": 0.0, "overshoot_cost": 51.82560907920613, "power_cost": 17.608680017089846, "noise_cost": 22.308148169151906, "n_waypoints_completed": 9, "tot_waypoints": 9}}
{"target": -179.3763439025501, "params": {"k_pid_pos": [0.7201995169204056, 0.0, 0.004155480116781485], "k_pid_alt": [1.8918791235677872, 0.0, 0.942479212457619], "k_pid_att": [32.93228766963199, 3.6956891357670743, 0.27342406819782655], "k_pid_yaw": [0.5, 1e-06, 0.1], "k_pid_hsp": [0.11435850066070014, 0.0, 0.0], "k_pid_vsp": [150.79463519611926, 32.48157907460805, 1e-06]}, "datetime": {"datetime": "2025-08-13 23:25:34", "elapsed": 49062.87173247337, "delta": 17.530928373336792}, "costs": {"total_cost": 179.3763439025501, "time_cost": 71.806, "final_distance_cost": 1.8038510243562005, "oscillation_cost": 23.573652117960656, "completition_cost": 0.0, "overshoot_cost": 51.471343444645974, "power_cost": 10.54707490234375, "noise_cost": 20.17442241324351, "n_waypoints_completed": 9, "tot_waypoints": 9}}
{"target": -186.58620813123318, "params": {"k_pid_pos": [1.1098030795978717, 0.0, 0.0651249607781368], "k_pid_alt": [1.8940530797119493, 0.0, 0.9427568488421489], "k_pid_att": [33.73235832735358, 3.519216211983725, 0.29186998111086215], "k_pid_yaw": [0.5, 1e-06, 0.1], "k_pid_hsp": [0.11758624573193775, 0.0, 0.0], "k_pid_vsp": [135.3515386471669, 40.0767857754466, 1e-06]}, "datetime": {"datetime": "2025-08-13 23:25:53", "elapsed": 49081.08744549751, "delta": 18.215713024139404}, "costs": {"total_cost": 186.58620813123318, "time_cost": 70.7, "final_distance_cost": 1.8070342719495744, "oscillation_cost": 28.008026360462765, "completition_cost": 0.0, "overshoot_cost": 51.10803218477512, "power_cost": 13.951723876953126, "noise_cost": 21.011391437092595, "n_waypoints_completed": 9, "tot_waypoints": 9}}
{"target": -189.06825990921556, "params": {"k_pid_pos": [0.8402776251333431, 0.0, 0.07233168204710555], "k_pid_alt": [2.0, 0.0, 0.9677295788752239], "k_pid_att": [33.11094028426226, 5.640282128717775, 0.25121021627279844], "k_pid_yaw": [0.5, 1e-06, 0.1], "k_pid_hsp": [0.11321927814680291, 0.0, 0.0], "k_pid_vsp": [75.79492921592495, 48.590541745066524, 1e-06]}, "datetime": {"datetime": "2025-08-13 23:26:11", "elapsed": 49099.9383251667, "delta": 18.850879669189453}, "costs": {"total_cost": 189.06825990921556, "time_cost": 71.72200000000001, "final_distance_cost": 1.828776325833762, "oscillation_cost": 24.654707866498224, "completition_cost": 0.0, "overshoot_cost": 51.201397074322394, "power_cost": 17.724496520996095, "noise_cost": 21.93688212156507, "n_waypoints_completed": 9, "tot_waypoints": 9}}
{"target": -190.5184072475479, "params": {"k_pid_pos": [0.5198465671341279, 0.0, 0.059652859213480416], "k_pid_alt": [1.686381904881507, 0.0, 0.9481842419479665], "k_pid_att": [35.843613481731786, 3.6412197183627333, 0.2546076572155533], "k_pid_yaw": [0.5, 1e-06, 0.1], "k_pid_hsp": [0.20382451051147027, 0.0, 0.0], "k_pid_vsp": [155.25047706939426, 63.01738147445497, 1e-06]}, "datetime": {"datetime": "2025-08-13 23:26:30", "elapsed": 49118.97149801254, "delta": 19.033172845840454}, "costs": {"total_cost": 190.5184072475479, "time_cost": 78.848, "final_distance_cost": 1.8522938596080927, "oscillation_cost": 23.62366940808262, "completition_cost": 0.0, "overshoot_cost": 51.52785481083478, "power_cost": 11.670042553710939, "noise_cost": 22.996546615311484, "n_waypoints_completed": 9, "tot_waypoints": 9}}
{"target": -186.68137488106294, "params": {"k_pid_pos": [1.177319176421567, 0.0, 0.021061218635041467], "k_pid_alt": [1.6218830868494427, 0.0, 0.9286958225895519], "k_pid_att": [36.9886278705441, 3.500392954133795, 0.27278660383685277], "k_pid_yaw": [0.5, 1e-06, 0.1], "k_pid_hsp": [0.10973191630252724, 0.0, 0.0], "k_pid_vsp": [152.18619265994977, 43.73469029782892, 1e-06]}, "datetime": {"datetime": "2025-08-13 23:26:49", "elapsed": 49137.41742897034, "delta": 18.44593095779419}, "costs": {"total_cost": 186.68137488106294, "time_cost": 71.694, "final_distance_cost": 1.7839265867357639, "oscillation_cost": 28.79801749821552, "completition_cost": 0.0, "overshoot_cost": 51.555123757845685, "power_cost": 12.41346502685547, "noise_cost": 20.43684201141052, "n_waypoints_completed": 9, "tot_waypoints": 9}}
{"target": -179.30602136672684, "params": {"k_pid_pos": [0.6825363325962219, 0.0, 0.013231498995167368], "k_pid_alt": [1.8791198361109311, 0.0, 0.9460641981155128], "k_pid_att": [33.67265410573199, 3.76373625749661, 0.27982748556944825], "k_pid_yaw": [0.5, 1e-06, 0.1], "k_pid_hsp": [0.11861219075249677, 0.0, 0.0], "k_pid_vsp": [160.51980695011062, 43.87801333812412, 1e-06]}, "datetime": {"datetime": "2025-08-13 23:27:07", "elapsed": 49155.93230056763, "delta": 18.51487159729004}, "costs": {"total_cost": 179.30602136672684, "time_cost": 72.023, "final_distance_cost": 1.8096390314594608, "oscillation_cost": 23.223516952256908, "completition_cost": 0.0, "overshoot_cost": 51.17939762094554, "power_cost": 10.798200634765626, "noise_cost": 20.272267127299315, "n_waypoints_completed": 9, "tot_waypoints": 9}}
{"target": -201.2871119537756, "params": {"k_pid_pos": [0.6712179542514193, 0.0, 0.11147521344011414], "k_pid_alt": [1.818490505516799, 0.0, 0.9558229801442671], "k_pid_att": [32.57584960351377, 4.050222971052028, 0.26873922526654354], "k_pid_yaw": [0.5, 1e-06, 0.1], "k_pid_hsp": [0.09624323177847002, 0.0, 0.0], "k_pid_vsp": [161.99250348646234, 34.17911565102273, 1e-06]}, "datetime": {"datetime": "2025-08-13 23:27:26", "elapsed": 49174.214069604874, "delta": 18.281769037246704}, "costs": {"total_cost": 201.2871119537756, "time_cost": 76.286, "final_distance_cost": 1.831178227067739, "oscillation_cost": 22.741277935053866, "completition_cost": 0.0, "overshoot_cost": 53.62588057614707, "power_cost": 22.68904989013672, "noise_cost": 24.113725325370204, "n_waypoints_completed": 9, "tot_waypoints": 9}}
{"target": -187.83208155356328, "params": {"k_pid_pos": [0.922819767089, 0.0, 0.009434578920283335], "k_pid_alt": [1.6008708761846357, 0.0, 0.9621484238188249], "k_pid_att": [32.042793014362175, 3.8410884606940083, 0.2587857304947291], "k_pid_yaw": [0.5, 1e-06, 0.1], "k_pid_hsp": [0.33648158853921917, 0.0, 0.0], "k_pid_vsp": [149.03613220932752, 24.857477970029137, 1e-06]}, "datetime": {"datetime": "2025-08-13 23:27:44", "elapsed": 49192.09097695351, "delta": 17.876907348632812}, "costs": {"total_cost": 187.83208155356328, "time_cost": 71.757, "final_distance_cost": 1.8421982566042752, "oscillation_cost": 28.412367231149336, "completition_cost": 0.0, "overshoot_cost": 50.837291849332615, "power_cost": 13.725832873535158, "noise_cost": 21.257391342941894, "n_waypoints_completed": 9, "tot_waypoints": 9}}
{"target": -191.3148389838349, "params": {"k_pid_pos": [0.7038189051935417, 0.0, 0.0], "k_pid_alt": [1.5901595304358067, 0.0, 0.9325414057210283], "k_pid_att": [35.56974366838344, 3.8391697789460464, 0.25587609276390716], "k_pid_yaw": [0.5, 1e-06, 0.1], "k_pid_hsp": [0.23771880483646057, 0.0, 0.0], "k_pid_vsp": [0.0, 46.507027186416906, 1e-06]}, "datetime": {"datetime": "2025-08-13 23:28:02", "elapsed": 49210.86150074005, "delta": 18.7705237865448}, "costs": {"total_cost": 191.3148389838349, "time_cost": 71.169, "final_distance_cost": 1.8233180844168928, "oscillation_cost": 28.242736953598875, "completition_cost": 0.0, "overshoot_cost": 51.383480562451815, "power_cost": 17.609113806152344, "noise_cost": 21.087189577214964, "n_waypoints_completed": 9, "tot_waypoints": 9}}
{"target": -188.48556330596415, "params": {"k_pid_pos": [0.8183871866940304, 0.0, 0.0], "k_pid_alt": [1.8756687155621807, 0.0, 0.9467672285419486], "k_pid_att": [33.02416758138469, 3.613685508145202, 0.2771849662660056], "k_pid_yaw": [0.5, 1e-06, 0.1], "k_pid_hsp": [0.1135528032324214, 0.0, 0.0], "k_pid_vsp": [112.46148015618503, 62.864170630673385, 1e-06]}, "datetime": {"datetime": "2025-08-13 23:28:21", "elapsed": 49229.729833841324, "delta": 18.868333101272583}, "costs": {"total_cost": 188.48556330596415, "time_cost": 71.505, "final_distance_cost": 1.8039283262466352, "oscillation_cost": 24.765658956971347, "completition_cost": 0.0, "overshoot_cost": 51.30382169463912, "power_cost": 17.277516381835937, "noise_cost": 21.829637946271102, "n_waypoints_completed": 9, "tot_waypoints": 9}}
{"target": -183.03170818104445, "params": {"k_pid_pos": [0.6084968110299734, 0.0, 0.004329453853258876], "k_pid_alt": [2.0, 0.0, 0.9423717193019999], "k_pid_att": [31.89440035234528, 3.6291602580695423, 0.27462231318563096], "k_pid_yaw": [0.5, 1e-06, 0.1], "k_pid_hsp": [0.103557166007711, 0.0, 0.0], "k_pid_vsp": [144.57135153340977, 47.80032398572958, 1e-06]}, "datetime": {"datetime": "2025-08-13 23:28:40", "elapsed": 49248.470767498016, "delta": 18.740933656692505}, "costs": {"total_cost": 183.03170818104445, "time_cost": 72.506, "final_distance_cost": 1.8305897825308262, "oscillation_cost": 21.556284155069, "completition_cost": 0.0, "overshoot_cost": 51.81879684381375, "power_cost": 13.754993310546876, "noise_cost": 21.565044089084022, "n_waypoints_completed": 9, "tot_waypoints": 9}}
{"target": -186.45404009887196, "params": {"k_pid_pos": [0.7358195742532471, 0.0, 0.009518436777902685], "k_pid_alt": [1.8591712245916796, 0.0, 0.9490646004711765], "k_pid_att": [38.23772182019572, 3.537983243152264, 0.27316724694030303], "k_pid_yaw": [0.5, 1e-06, 0.1], "k_pid_hsp": [0.1277398585835704, 0.0, 0.0], "k_pid_vsp": [119.00079685571649, 36.90941355629379, 1e-06]}, "datetime": {"datetime": "2025-08-13 23:28:58", "elapsed": 49266.96257996559, "delta": 18.491812467575073}, "costs": {"total_cost": 186.45404009887196, "time_cost": 71.61, "final_distance_cost": 1.8281008585239824, "oscillation_cost": 24.474528153435806, "completition_cost": 0.0, "overshoot_cost": 51.52719397905861, "power_cost": 15.405021801757814, "noise_cost": 21.60919530609575, "n_waypoints_completed": 9, "tot_waypoints": 9}}
{"target": -183.4476144793302, "params": {"k_pid_pos": [1.2003373287058723, 0.0, 0.021248678176982123], "k_pid_alt": [1.862909963555297, 0.0, 0.9533841743743576], "k_pid_att": [33.00963357996816, 3.5509245208069657, 0.2733225362989377], "k_pid_yaw": [0.5, 1e-06, 0.1], "k_pid_hsp": [0.12569365447436506, 0.0, 0.0], "k_pid_vsp": [138.57560265000794, 32.86978566304267, 1e-06]}, "datetime": {"datetime": "2025-08-13 23:29:16", "elapsed": 49284.12953209877, "delta": 17.16695213317871}, "costs": {"total_cost": 183.4476144793302, "time_cost": 70.749, "final_distance_cost": 1.7829106258151377, "oscillation_cost": 29.210729288095838, "completition_cost": 0.0, "overshoot_cost": 51.54403064635355, "power_cost": 10.461896752929688, "noise_cost": 19.69904716613605, "n_waypoints_completed": 9, "tot_waypoints": 9}}
{"target": -872.6339951796058, "params": {"k_pid_pos": [0.8065595631432323, 0.0, 0.05184753833761259], "k_pid_alt": [1.8183788208184735, 0.0, 0.9102963829886014], "k_pid_att": [33.11888460091143, 3.0232519560310536, 0.293217770683792], "k_pid_yaw": [0.5, 1e-06, 0.1], "k_pid_hsp": [0.01069680198298677, 0.0, 0.0], "k_pid_vsp": [149.1982758075002, 45.13963444544204, 1e-06]}, "datetime": {"datetime": "2025-08-13 23:29:46", "elapsed": 49314.71160674095, "delta": 30.582074642181396}, "costs": {"total_cost": 872.6339951796058, "time_cost": 150, "final_distance_cost": 44.7427428575196, "oscillation_cost": 3.8274419547432905, "completition_cost": 555.5555555555555, "overshoot_cost": 74.32960501134687, "power_cost": 14.033128161621095, "noise_cost": 30.145521638819293, "n_waypoints_completed": 4, "tot_waypoints": 9}}
