{"target": -192.87287341928163, "params": {"k_pid_pos": [0.7850034391062279, 0.0, 0.21256015251017038], "k_pid_alt": [1.9253712230538498, 0.0, 0.9650102991268908], "k_pid_att": [29.84971280894985, 4.182276066487185, 0.267478711946359], "k_pid_yaw": [0.5, 1e-06, 0.1], "k_pid_hsp": [0.3813606017127755, 0.0, 0.0], "k_pid_vsp": [119.60692571450608, 44.22872184762463, 1e-06]}, "datetime": {"datetime": "2025-08-13 20:08:33", "elapsed": 37241.23837018013, "delta": 18.7116961479187}, "costs": {"total_cost": 192.87287341928163, "time_cost": 75.81, "final_distance_cost": 1.8553574151125853, "oscillation_cost": 27.529183850783834, "completition_cost": 0.0, "overshoot_cost": 50.7273148303552, "power_cost": 13.991570068359376, "noise_cost": 22.95944725467064, "n_waypoints_completed": 9, "tot_waypoints": 9}}
{"target": -183.86888687117403, "params": {"k_pid_pos": [0.8414998496652545, 0.0, 0.02347853392263582], "k_pid_alt": [1.9592027808547985, 0.0, 0.9380960825377908], "k_pid_att": [26.588322759285973, 3.27381761579365, 0.27130379289348666], "k_pid_yaw": [0.5, 1e-06, 0.1], "k_pid_hsp": [0.1166258334552896, 0.0, 0.0], "k_pid_vsp": [105.59652471589489, 20.87197113574306, 1e-06]}, "datetime": {"datetime": "2025-08-13 20:08:51", "elapsed": 37259.18271636963, "delta": 17.9443461894989}, "costs": {"total_cost": 183.86888687117403, "time_cost": 71.561, "final_distance_cost": 1.8172996351901156, "oscillation_cost": 25.00005678250761, "completition_cost": 0.0, "overshoot_cost": 51.780654464423094, "power_cost": 12.942802770996094, "noise_cost": 20.76707321805712, "n_waypoints_completed": 9, "tot_waypoints": 9}}
{"target": -208.78728376562336, "params": {"k_pid_pos": [0.4233009225771406, 0.0, 0.045522410765416035], "k_pid_alt": [1.6430427245955679, 0.0, 0.9338731326998879], "k_pid_att": [36.45015766984629, 3.2574458351586797, 0.28312492646222565], "k_pid_yaw": [0.5, 1e-06, 0.1], "k_pid_hsp": [0.20807070280455386, 0.0, 0.0], "k_pid_vsp": [69.71980642260559, 32.283699057829836, 4.177286584504488]}, "datetime": {"datetime": "2025-08-13 20:09:10", "elapsed": 37278.590428352356, "delta": 19.40771198272705}, "costs": {"total_cost": 208.78728376562336, "time_cost": 84.637, "final_distance_cost": 1.8556029566231311, "oscillation_cost": 22.359797794172003, "completition_cost": 0.0, "overshoot_cost": 52.563685190875795, "power_cost": 19.777889099121094, "noise_cost": 27.593308724831328, "n_waypoints_completed": 9, "tot_waypoints": 9}}
{"target": -179.62075068875293, "params": {"k_pid_pos": [0.8815303224308249, 0.0, 0.1495604578512659], "k_pid_alt": [1.9788531528477353, 0.0, 0.9489257720861928], "k_pid_att": [30.176652251911985, 3.6921853614019597, 0.29193604109527593], "k_pid_yaw": [0.5, 1e-06, 0.1], "k_pid_hsp": [0.13096299682912105, 0.0, 0.0], "k_pid_vsp": [78.07237780645725, 41.94610991474727, 1e-06]}, "datetime": {"datetime": "2025-08-13 20:09:28", "elapsed": 37296.14006066322, "delta": 17.54963231086731}, "costs": {"total_cost": 179.62075068875293, "time_cost": 70.973, "final_distance_cost": 1.835197502340896, "oscillation_cost": 25.55652066435739, "completition_cost": 0.0, "overshoot_cost": 50.51153452432078, "power_cost": 10.881166564941406, "noise_cost": 19.863331432792464, "n_waypoints_completed": 9, "tot_waypoints": 9}}
{"target": -193.9158374031767, "params": {"k_pid_pos": [0.48256720411079557, 0.0, 0.05042814334283792], "k_pid_alt": [1.8631335743456752, 0.0, 0.967790827837862], "k_pid_att": [32.37372892296519, 3.4470150520436906, 0.24042979723620708], "k_pid_yaw": [0.5, 1e-06, 0.1], "k_pid_hsp": [0.1177215626654476, 0.0, 0.0], "k_pid_vsp": [104.53686834751949, 35.801348835349984, 1e-06]}, "datetime": {"datetime": "2025-08-13 20:09:47", "elapsed": 37315.65111064911, "delta": 19.51104998588562}, "costs": {"total_cost": 193.9158374031767, "time_cost": 76.552, "final_distance_cost": 1.846046840921215, "oscillation_cost": 20.335943281643196, "completition_cost": 0.0, "overshoot_cost": 52.06980606057714, "power_cost": 18.880111645507814, "noise_cost": 24.231929574527328, "n_waypoints_completed": 9, "tot_waypoints": 9}}
{"target": -186.38228905356513, "params": {"k_pid_pos": [0.8619826117501839, 0.0, 0.06672071585487431], "k_pid_alt": [1.889646403814311, 0.0, 0.9537438251004814], "k_pid_att": [33.22042781647069, 3.343001488794046, 0.24730194455135307], "k_pid_yaw": [0.5, 1e-06, 0.1], "k_pid_hsp": [0.12712520788941162, 0.0, 0.0], "k_pid_vsp": [92.8268827007773, 31.59473205559266, 1e-06]}, "datetime": {"datetime": "2025-08-13 20:10:05", "elapsed": 37333.137150764465, "delta": 17.486040115356445}, "costs": {"total_cost": 186.38228905356513, "time_cost": 71.295, "final_distance_cost": 1.8101109749837099, "oscillation_cost": 25.475114595614908, "completition_cost": 0.0, "overshoot_cost": 51.43669513295794, "power_cost": 14.972464782714844, "noise_cost": 21.392903567293736, "n_waypoints_completed": 9, "tot_waypoints": 9}}
{"target": -180.02811919874785, "params": {"k_pid_pos": [0.684422769696205, 0.0, 0.05149402810494814], "k_pid_alt": [1.896057481690124, 0.0, 0.963306051935526], "k_pid_att": [29.746985669491508, 4.429656037668729, 0.28954024141904444], "k_pid_yaw": [0.5, 1e-06, 0.1], "k_pid_hsp": [0.1084312431188439, 0.0, 0.0], "k_pid_vsp": [151.29162126513592, 41.856656705784204, 1e-06]}, "datetime": {"datetime": "2025-08-13 20:10:23", "elapsed": 37351.375915527344, "delta": 18.238764762878418}, "costs": {"total_cost": 180.02811919874785, "time_cost": 72.373, "final_distance_cost": 1.830676357864802, "oscillation_cost": 23.085009360994963, "completition_cost": 0.0, "overshoot_cost": 51.42182873948552, "power_cost": 10.782743469238282, "noise_cost": 20.534861271164264, "n_waypoints_completed": 9, "tot_waypoints": 9}}
{"target": -192.836423391655, "params": {"k_pid_pos": [1.1123657654152357, 0.0, 0.07956172808558484], "k_pid_alt": [1.95380316168722, 0.0, 0.9572543555446397], "k_pid_att": [36.4995004565399, 3.4903816347545833, 0.26314024456793117], "k_pid_yaw": [0.5, 1e-06, 0.1], "k_pid_hsp": [0.35330979971161613, 0.0, 0.0], "k_pid_vsp": [59.01124185170198, 1e-06, 1e-06]}, "datetime": {"datetime": "2025-08-13 20:10:39", "elapsed": 37367.97592520714, "delta": 16.60000967979431}, "costs": {"total_cost": 192.836423391655, "time_cost": 72.19800000000001, "final_distance_cost": 1.8292952044627349, "oscillation_cost": 29.65863408552768, "completition_cost": 0.0, "overshoot_cost": 52.00998832800294, "power_cost": 14.875788024902345, "noise_cost": 22.264717748759306, "n_waypoints_completed": 9, "tot_waypoints": 9}}
{"target": -184.87731789344616, "params": {"k_pid_pos": [0.7473021417437992, 0.0, 0.05718246389748226], "k_pid_alt": [1.620910071297082, 0.0, 0.9113577293755656], "k_pid_att": [33.91378973969383, 3.6327384337828246, 0.2818368364170251], "k_pid_yaw": [0.5, 1e-06, 0.1], "k_pid_hsp": [0.12249434614235953, 0.0, 0.0], "k_pid_vsp": [148.7511632353822, 32.902356973281854, 1e-06]}, "datetime": {"datetime": "2025-08-13 20:10:57", "elapsed": 37385.773629426956, "delta": 17.797704219818115}, "costs": {"total_cost": 184.87731789344616, "time_cost": 72.681, "final_distance_cost": 1.835266927348791, "oscillation_cost": 24.287924979587913, "completition_cost": 0.0, "overshoot_cost": 51.227564027742574, "power_cost": 13.475233825683594, "noise_cost": 21.370328133083287, "n_waypoints_completed": 9, "tot_waypoints": 9}}
{"target": -179.0826850741632, "params": {"k_pid_pos": [0.8078320566569127, 0.0, 0.05609446012354866], "k_pid_alt": [1.9171573278891125, 0.0, 0.966523759206407], "k_pid_att": [31.44722427308433, 3.513865576619384, 0.25347185127172295], "k_pid_yaw": [0.5, 1e-06, 0.1], "k_pid_hsp": [0.10015463061731192, 0.0, 0.0], "k_pid_vsp": [85.30169486811451, 31.917019912785356, 1e-06]}, "datetime": {"datetime": "2025-08-13 20:11:14", "elapsed": 37402.45417547226, "delta": 16.680546045303345}, "costs": {"total_cost": 179.0826850741632, "time_cost": 71.568, "final_distance_cost": 1.801398820799043, "oscillation_cost": 24.0370819661519, "completition_cost": 0.0, "overshoot_cost": 51.11714233926563, "power_cost": 10.503299731445313, "noise_cost": 20.05576221650133, "n_waypoints_completed": 9, "tot_waypoints": 9}}
{"target": -194.83352725691194, "params": {"k_pid_pos": [0.5177071602790354, 0.0, 0.07041193525529893], "k_pid_alt": [1.8407167886990283, 0.0, 0.9533971933704508], "k_pid_att": [30.797079749192374, 3.491726002909314, 0.2576252735621984], "k_pid_yaw": [0.5, 1e-06, 0.1], "k_pid_hsp": [0.09391025355832613, 0.0, 0.0], "k_pid_vsp": [108.18832766701993, 21.17117888436418, 1e-06]}, "datetime": {"datetime": "2025-08-13 20:11:32", "elapsed": 37420.946922302246, "delta": 18.492746829986572}, "costs": {"total_cost": 194.83352725691194, "time_cost": 76.244, "final_distance_cost": 1.8435153146656018, "oscillation_cost": 19.172814209786242, "completition_cost": 0.0, "overshoot_cost": 53.378649166964586, "power_cost": 20.063710705566407, "noise_cost": 24.130837859929137, "n_waypoints_completed": 9, "tot_waypoints": 9}}
{"target": -186.42116145634634, "params": {"k_pid_pos": [0.9546233415934587, 0.0, 0.04738033581542185], "k_pid_alt": [1.6578205174586833, 0.0, 0.9427268956168906], "k_pid_att": [28.447373792665115, 3.233124245113845, 0.27656952416915204], "k_pid_yaw": [0.5, 1e-06, 0.1], "k_pid_hsp": [0.1003606974258483, 0.0, 0.0], "k_pid_vsp": [106.58179682094591, 20.449732494321687, 1e-06]}, "datetime": {"datetime": "2025-08-13 20:11:49", "elapsed": 37437.70971441269, "delta": 16.762792110443115}, "costs": {"total_cost": 186.42116145634634, "time_cost": 72.492, "final_distance_cost": 1.7931726113936939, "oscillation_cost": 25.684356990063375, "completition_cost": 0.0, "overshoot_cost": 51.86840049956133, "power_cost": 13.488046423339844, "noise_cost": 21.095184931988083, "n_waypoints_completed": 9, "tot_waypoints": 9}}
{"target": -186.59739745140408, "params": {"k_pid_pos": [0.7734398473447819, 0.0, 0.06780157706721375], "k_pid_alt": [1.799034273043387, 0.0, 0.9273321995272498], "k_pid_att": [33.57931985803586, 3.6486056153257866, 0.2359724425063133], "k_pid_yaw": [0.5, 1e-06, 0.1], "k_pid_hsp": [0.18475754409474962, 0.0, 0.0], "k_pid_vsp": [176.2189071139651, 24.578681789253743, 1e-06]}, "datetime": {"datetime": "2025-08-13 20:12:07", "elapsed": 37455.08347654343, "delta": 17.373762130737305}, "costs": {"total_cost": 186.59739745140408, "time_cost": 72.45, "final_distance_cost": 1.8410499813871284, "oscillation_cost": 25.74288873077989, "completition_cost": 0.0, "overshoot_cost": 51.35875157954475, "power_cost": 13.826386437988281, "noise_cost": 21.378320721704032, "n_waypoints_completed": 9, "tot_waypoints": 9}}
{"target": -181.53850118553686, "params": {"k_pid_pos": [0.5122980938634757, 0.0, 0.06014265813638302], "k_pid_alt": [2.0, 0.0, 0.9670977753211127], "k_pid_att": [30.92480647443956, 3.4447780720785985, 0.2612066539187298], "k_pid_yaw": [0.5, 1e-06, 0.1], "k_pid_hsp": [0.09059911797455039, 0.0, 0.0], "k_pid_vsp": [92.63875854832341, 32.92821921509619, 1e-06]}, "datetime": {"datetime": "2025-08-13 20:12:25", "elapsed": 37473.25088405609, "delta": 18.167407512664795}, "costs": {"total_cost": 181.53850118553686, "time_cost": 74.70400000000001, "final_distance_cost": 1.826528399507654, "oscillation_cost": 18.94002060795696, "completition_cost": 0.0, "overshoot_cost": 52.149855808095175, "power_cost": 12.163248937988282, "noise_cost": 21.754847431988786, "n_waypoints_completed": 9, "tot_waypoints": 9}}
{"target": -213.52992869727842, "params": {"k_pid_pos": [1.639438957354122, 0.0, 0.04154617770883986], "k_pid_alt": [1.849513236622949, 0.0, 0.906083078523974], "k_pid_att": [33.50703902691297, 3.705327474482785, 0.24687065984934872], "k_pid_yaw": [0.5, 1e-06, 0.1], "k_pid_hsp": [0.22714032933554257, 0.0, 0.0], "k_pid_vsp": [89.78937635272312, 29.805179644520464, 1e-06]}, "datetime": {"datetime": "2025-08-13 20:12:42", "elapsed": 37490.422166347504, "delta": 17.171282291412354}, "costs": {"total_cost": 213.52992869727842, "time_cost": 74.82300000000001, "final_distance_cost": 1.7799595882895962, "oscillation_cost": 34.28931736144756, "completition_cost": 0.0, "overshoot_cost": 53.79381022340658, "power_cost": 25.018439807128907, "noise_cost": 23.825401717005764, "n_waypoints_completed": 9, "tot_waypoints": 9}}
{"target": -189.3378940810744, "params": {"k_pid_pos": [1.3217316835170825, 0.0, 0.05785109931483246], "k_pid_alt": [1.810978133345418, 0.0, 0.9285382014126348], "k_pid_att": [34.430652577336744, 3.400807486529312, 0.28291666888421374], "k_pid_yaw": [0.5, 1e-06, 0.1], "k_pid_hsp": [0.13304619796125472, 0.0, 0.0], "k_pid_vsp": [88.62483158835389, 35.976176724824214, 1e-06]}, "datetime": {"datetime": "2025-08-13 20:12:59", "elapsed": 37507.52896642685, "delta": 17.106800079345703}, "costs": {"total_cost": 189.3378940810744, "time_cost": 70.70700000000001, "final_distance_cost": 1.7791813139887627, "oscillation_cost": 30.162958363833418, "completition_cost": 0.0, "overshoot_cost": 51.331582308808194, "power_cost": 14.438208471679689, "noise_cost": 20.91896362276431, "n_waypoints_completed": 9, "tot_waypoints": 9}}
{"target": -194.69742721157968, "params": {"k_pid_pos": [0.6312183259478815, 0.0, 0.09317248316206553], "k_pid_alt": [2.0, 0.0, 0.9136108652036817], "k_pid_att": [34.43567912307424, 3.501747977712006, 0.2808338335855091], "k_pid_yaw": [0.5, 1e-06, 0.1], "k_pid_hsp": [0.10243356688212116, 0.0, 0.0], "k_pid_vsp": [44.472745319491075, 26.865514172496383, 1e-06]}, "datetime": {"datetime": "2025-08-13 20:13:17", "elapsed": 37525.791145801544, "delta": 18.262179374694824}, "costs": {"total_cost": 194.69742721157968, "time_cost": 73.976, "final_distance_cost": 1.827000281681667, "oscillation_cost": 21.77015048844748, "completition_cost": 0.0, "overshoot_cost": 52.43715351996766, "power_cost": 20.813755920410156, "noise_cost": 23.87336700107271, "n_waypoints_completed": 9, "tot_waypoints": 9}}
{"target": -185.52781580198487, "params": {"k_pid_pos": [1.0263654742724695, 0.0, 0.06694209092709634], "k_pid_alt": [1.8511962441109844, 0.0, 0.9520559520806535], "k_pid_att": [27.403857454400857, 3.2915369340135237, 0.30637823818060633], "k_pid_yaw": [0.5, 1e-06, 0.1], "k_pid_hsp": [0.1827227259498222, 0.0, 0.0], "k_pid_vsp": [88.20495429707002, 49.686745558340164, 1e-06]}, "datetime": {"datetime": "2025-08-13 20:13:35", "elapsed": 37543.847734212875, "delta": 18.056588411331177}, "costs": {"total_cost": 185.52781580198487, "time_cost": 70.224, "final_distance_cost": 1.8243495133061456, "oscillation_cost": 28.031997487954943, "completition_cost": 0.0, "overshoot_cost": 50.76673910242061, "power_cost": 13.949312670898438, "noise_cost": 20.731417027404717, "n_waypoints_completed": 9, "tot_waypoints": 9}}
{"target": -187.36320193883193, "params": {"k_pid_pos": [0.4770082071925896, 0.0, 0.051552490045790704], "k_pid_alt": [2.0, 0.0, 0.9484863010081702], "k_pid_att": [18.507053214544438, 3.647981260558196, 0.2611746256297328], "k_pid_yaw": [0.5, 1e-06, 0.1], "k_pid_hsp": [0.09679999556477656, 0.0, 0.0], "k_pid_vsp": [120.942932085356, 1e-06, 0.08422919515832539]}, "datetime": {"datetime": "2025-08-13 20:13:55", "elapsed": 37563.20753312111, "delta": 19.359798908233643}, "costs": {"total_cost": 187.36320193883193, "time_cost": 76.979, "final_distance_cost": 1.8386984302351541, "oscillation_cost": 18.851893539939383, "completition_cost": 0.0, "overshoot_cost": 53.03200795496149, "power_cost": 13.582982519531251, "noise_cost": 23.07861949416467, "n_waypoints_completed": 9, "tot_waypoints": 9}}
{"target": -1236.2513231665976, "params": {"k_pid_pos": [0.8242363324337987, 0.004653436301009715, 0.03222682322351532], "k_pid_alt": [1.9643783283817509, 0.0, 0.9226765389869381], "k_pid_att": [34.057851046503664, 3.5535242345244287, 0.2633300575664748], "k_pid_yaw": [0.5, 1e-06, 0.1], "k_pid_hsp": [0.0001, 0.0, 0.0], "k_pid_vsp": [46.14579609184896, 33.626407918644965, 1e-06]}, "datetime": {"datetime": "2025-08-13 20:14:28", "elapsed": 37596.48910021782, "delta": 33.281567096710205}, "costs": {"total_cost": 1236.2513231665976, "time_cost": 150, "final_distance_cost": 46.878462048419756, "oscillation_cost": 0.026214179746125586, "completition_cost": 888.8888888888888, "overshoot_cost": 96.06149382949059, "power_cost": 21.425716125488282, "noise_cost": 32.97054809456396, "n_waypoints_completed": 1, "tot_waypoints": 9}}
{"target": -191.23433977565756, "params": {"k_pid_pos": [1.0952236262056545, 0.0, 0.05592022282992044], "k_pid_alt": [1.661345099216513, 0.0, 0.957928034087338], "k_pid_att": [33.12399543432084, 3.4076961940268506, 0.26014007290712127], "k_pid_yaw": [0.5, 1e-06, 0.1], "k_pid_hsp": [0.17750558073414963, 0.0, 0.0], "k_pid_vsp": [103.09943195483554, 24.666436340682846, 1e-06]}, "datetime": {"datetime": "2025-08-13 20:14:48", "elapsed": 37616.72522377968, "delta": 20.23612356185913}, "costs": {"total_cost": 191.23433977565756, "time_cost": 71.239, "final_distance_cost": 1.813059598550892, "oscillation_cost": 28.876912504045688, "completition_cost": 0.0, "overshoot_cost": 51.05707017388823, "power_cost": 16.564181787109376, "noise_cost": 21.684115712063335, "n_waypoints_completed": 9, "tot_waypoints": 9}}
{"target": -180.92317130827996, "params": {"k_pid_pos": [0.7620588613020269, 0.0, 0.056290312789962806], "k_pid_alt": [2.0, 0.0, 0.9518474849194256], "k_pid_att": [34.01828906164171, 3.473442873441459, 0.2663990398623808], "k_pid_yaw": [0.5, 1e-06, 0.1], "k_pid_hsp": [0.18699778072531964, 0.0, 0.0], "k_pid_vsp": [144.52491624209517, 40.392602594457415, 1e-06]}, "datetime": {"datetime": "2025-08-13 20:15:07", "elapsed": 37635.71105623245, "delta": 18.985832452774048}, "costs": {"total_cost": 180.92317130827996, "time_cost": 71.561, "final_distance_cost": 1.8436305578650347, "oscillation_cost": 25.812425919119892, "completition_cost": 0.0, "overshoot_cost": 50.84216543295763, "power_cost": 10.63994951171875, "noise_cost": 20.223999886618643, "n_waypoints_completed": 9, "tot_waypoints": 9}}
{"target": -192.08321627732974, "params": {"k_pid_pos": [0.8855947769992178, 0.0, 0.0], "k_pid_alt": [1.867003888468318, 0.0, 0.9542390576656802], "k_pid_att": [34.79352431787372, 3.727976319250577, 0.3931336249331914], "k_pid_yaw": [0.5, 1e-06, 0.1], "k_pid_hsp": [0.1180267528713294, 0.0, 0.0], "k_pid_vsp": [79.76566276829102, 1e-06, 1e-06]}, "datetime": {"datetime": "2025-08-13 20:15:25", "elapsed": 37653.0245141983, "delta": 17.31345796585083}, "costs": {"total_cost": 192.08321627732974, "time_cost": 73.07300000000001, "final_distance_cost": 1.8111672679158504, "oscillation_cost": 25.672308503867317, "completition_cost": 0.0, "overshoot_cost": 52.49306285963753, "power_cost": 16.74243291015625, "noise_cost": 22.291244735752773, "n_waypoints_completed": 9, "tot_waypoints": 9}}
{"target": -179.6087065465462, "params": {"k_pid_pos": [0.9562578407338127, 0.0, 0.1511292414399214], "k_pid_alt": [1.8106738496412391, 0.0, 0.9521623143450231], "k_pid_att": [34.29679051623512, 3.45607677655496, 0.27947045581117846], "k_pid_yaw": [0.5, 1e-06, 0.1], "k_pid_hsp": [0.1405253782174726, 0.0, 0.0], "k_pid_vsp": [81.1087075624385, 27.708398971329377, 1e-06]}, "datetime": {"datetime": "2025-08-13 20:15:42", "elapsed": 37670.610880851746, "delta": 17.586366653442383}, "costs": {"total_cost": 179.6087065465462, "time_cost": 70.833, "final_distance_cost": 1.8177901582777871, "oscillation_cost": 26.29217923203172, "completition_cost": 0.0, "overshoot_cost": 50.845224252704206, "power_cost": 10.08965692138672, "noise_cost": 19.730855982145766, "n_waypoints_completed": 9, "tot_waypoints": 9}}
{"target": -198.4667165548885, "params": {"k_pid_pos": [1.0637598089066884, 0.0, 0.0975630014860343], "k_pid_alt": [2.0, 0.0, 0.9494953449704542], "k_pid_att": [33.526038617592995, 3.524297687779432, 0.2799517668447417], "k_pid_yaw": [0.5, 1e-06, 0.1], "k_pid_hsp": [0.184771838384928, 0.0, 0.0], "k_pid_vsp": [42.598044791319424, 49.80091315048123, 1e-06]}, "datetime": {"datetime": "2025-08-13 20:15:59", "elapsed": 37687.74946856499, "delta": 17.138587713241577}, "costs": {"total_cost": 198.4667165548885, "time_cost": 71.834, "final_distance_cost": 1.829101210869974, "oscillation_cost": 28.615042491223797, "completition_cost": 0.0, "overshoot_cost": 51.60791645103798, "power_cost": 21.910405126953126, "noise_cost": 22.67025127480361, "n_waypoints_completed": 9, "tot_waypoints": 9}}
{"target": -192.25153763061493, "params": {"k_pid_pos": [0.8727708052463863, 0.0, 0.09633632247115745], "k_pid_alt": [1.618703901549812, 0.0, 0.9526985914542649], "k_pid_att": [34.37560472188695, 3.626038240760785, 0.47396619360960746], "k_pid_yaw": [0.5, 1e-06, 0.1], "k_pid_hsp": [0.20149444883433845, 0.0, 0.0], "k_pid_vsp": [118.74460313942934, 24.700235500469617, 1e-06]}, "datetime": {"datetime": "2025-08-13 20:16:17", "elapsed": 37705.949712753296, "delta": 18.200244188308716}, "costs": {"total_cost": 192.25153763061493, "time_cost": 72.422, "final_distance_cost": 1.8450063594406865, "oscillation_cost": 26.474617551745254, "completition_cost": 0.0, "overshoot_cost": 51.36770942367486, "power_cost": 17.8055548828125, "noise_cost": 22.33664941294162, "n_waypoints_completed": 9, "tot_waypoints": 9}}
{"target": -203.02612594646695, "params": {"k_pid_pos": [0.8554010335348673, 0.0, 0.06364456045334964], "k_pid_alt": [1.90554846967007, 0.0, 0.9636074106725514], "k_pid_att": [34.34855146504442, 3.318256128899497, 0.28811070631930336], "k_pid_yaw": [0.5, 1e-06, 0.1], "k_pid_hsp": [0.0751335154172928, 0.0, 0.0], "k_pid_vsp": [64.09451784260138, 34.323413509895474, 1e-06]}, "datetime": {"datetime": "2025-08-13 20:16:36", "elapsed": 37724.354422569275, "delta": 18.404709815979004}, "costs": {"total_cost": 203.02612594646695, "time_cost": 76.531, "final_distance_cost": 1.8057875203099576, "oscillation_cost": 25.02503646948215, "completition_cost": 0.0, "overshoot_cost": 53.5847797105551, "power_cost": 22.052603564453126, "noise_cost": 24.026918681666587, "n_waypoints_completed": 9, "tot_waypoints": 9}}
