{"target": -183.15900650855448, "params": {"k_pid_pos": [0.9614575634281504, 0.001293899604354479, 0.07669958438078303], "k_pid_alt": [1.5783726470211599, 0.0, 0.9451458362628019], "k_pid_att": [36.26113766139765, 3.779910159627505, 0.7065631058599934], "k_pid_yaw": [0.5, 1e-06, 0.1], "k_pid_hsp": [0.4149809357851145, 0.0, 0.0], "k_pid_vsp": [129.05056436814667, 24.29153849644221, 1e-06]}, "datetime": {"datetime": "2025-08-13 14:36:55", "elapsed": 17343.75150513649, "delta": 18.068933725357056}, "costs": {"total_cost": 183.15900650855448, "time_cost": 71.967, "final_distance_cost": 1.8502690048540402, "oscillation_cost": 29.371116576826267, "completition_cost": 0.0, "overshoot_cost": 50.42550058521251, "power_cost": 9.755509484863282, "noise_cost": 19.789610856798365, "n_waypoints_completed": 9, "tot_waypoints": 9}}
{"target": -185.94150580535955, "params": {"k_pid_pos": [0.8569577609610458, 0.0, 0.10775249434484442], "k_pid_alt": [1.6689780744730804, 0.0, 0.9421706730480534], "k_pid_att": [36.208025491979036, 3.28749543522993, 0.23134110451539674], "k_pid_yaw": [0.5, 1e-06, 0.1], "k_pid_hsp": [0.26552028178090015, 0.0, 0.0], "k_pid_vsp": [122.22775065795688, 24.905541180645187, 1e-06]}, "datetime": {"datetime": "2025-08-13 14:37:13", "elapsed": 17361.717499256134, "delta": 17.965994119644165}, "costs": {"total_cost": 185.94150580535955, "time_cost": 72.583, "final_distance_cost": 1.8422339394418832, "oscillation_cost": 27.13702401991619, "completition_cost": 0.0, "overshoot_cost": 50.905284101116195, "power_cost": 12.383586840820312, "noise_cost": 21.090376904064993, "n_waypoints_completed": 9, "tot_waypoints": 9}}
{"target": -191.97365913347213, "params": {"k_pid_pos": [1.0483096986811258, 0.0, 0.0834085332361868], "k_pid_alt": [1.6284373660699711, 0.0, 0.938841739703257], "k_pid_att": [36.13527379470547, 3.3615630653676383, 0.2498190593828969], "k_pid_yaw": [0.5, 1e-06, 0.1], "k_pid_hsp": [0.29109214432782493, 0.0, 0.0], "k_pid_vsp": [126.60484458953155, 38.49537131544996, 1e-06]}, "datetime": {"datetime": "2025-08-13 14:37:31", "elapsed": 17379.107492923737, "delta": 17.38999366760254}, "costs": {"total_cost": 191.97365913347213, "time_cost": 71.246, "final_distance_cost": 1.8426834050268825, "oscillation_cost": 28.98940263375623, "completition_cost": 0.0, "overshoot_cost": 50.70801798091123, "power_cost": 17.189549035644532, "noise_cost": 21.998006078133272, "n_waypoints_completed": 9, "tot_waypoints": 9}}
{"target": -188.92451920479633, "params": {"k_pid_pos": [1.1475510154223547, 0.009410298819260813, 0.08797944884603226], "k_pid_alt": [1.590465894215839, 0.0, 0.8899773477094528], "k_pid_att": [37.59493521677185, 3.3005468412881935, 0.23964691693453316], "k_pid_yaw": [0.5, 1e-06, 0.1], "k_pid_hsp": [0.3080392116175421, 0.0, 0.0], "k_pid_vsp": [118.04809665184264, 19.86185199050944, 1e-06]}, "datetime": {"datetime": "2025-08-13 14:37:49", "elapsed": 17397.141357660294, "delta": 18.033864736557007}, "costs": {"total_cost": 188.92451920479633, "time_cost": 71.316, "final_distance_cost": 1.8337448193416572, "oscillation_cost": 30.032880952896136, "completition_cost": 0.0, "overshoot_cost": 50.839346959027864, "power_cost": 13.965466796875, "noise_cost": 20.93707967665565, "n_waypoints_completed": 9, "tot_waypoints": 9}}
{"target": -203.07979735726045, "params": {"k_pid_pos": [1.0792728316522733, 0.0, 0.0], "k_pid_alt": [1.613605656658892, 0.0, 0.9374529446974084], "k_pid_att": [33.760137994108305, 3.2847300390928162, 0.21799926382450366], "k_pid_yaw": [0.5, 1e-06, 0.1], "k_pid_hsp": [0.23979875800674091, 0.0, 0.0], "k_pid_vsp": [139.46506687173462, 25.449787348111506, 1e-06]}, "datetime": {"datetime": "2025-08-13 14:38:08", "elapsed": 17416.870383262634, "delta": 19.7290256023407}, "costs": {"total_cost": 203.07979735726045, "time_cost": 73.738, "final_distance_cost": 1.8276911735440005, "oscillation_cost": 30.312072645732613, "completition_cost": 0.0, "overshoot_cost": 52.316584978434456, "power_cost": 21.917825634765627, "noise_cost": 22.967622924783765, "n_waypoints_completed": 9, "tot_waypoints": 9}}
{"target": -1240.1772385317267, "params": {"k_pid_pos": [0.962183017321966, 0.0, 0.21033300253815498], "k_pid_alt": [2.0, 0.0, 0.9137092205312288], "k_pid_att": [38.49371962453097, 3.686112486547241, 0.22041131580004492], "k_pid_yaw": [0.5, 1e-06, 0.1], "k_pid_hsp": [0.0001, 0.0, 0.0], "k_pid_vsp": [122.3735482663642, 30.666519623496736, 1e-06]}, "datetime": {"datetime": "2025-08-13 14:38:38", "elapsed": 17446.581082582474, "delta": 29.710699319839478}, "costs": {"total_cost": 1240.1772385317267, "time_cost": 150, "final_distance_cost": 47.51810022037309, "oscillation_cost": 0.016460041450734812, "completition_cost": 888.8888888888888, "overshoot_cost": 100.99215299736444, "power_cost": 20.037163793945314, "noise_cost": 32.72447258970417, "n_waypoints_completed": 1, "tot_waypoints": 9}}
{"target": -192.46024286961344, "params": {"k_pid_pos": [1.0227465673755403, 0.0, 0.0682791638252348], "k_pid_alt": [1.6213341281371123, 0.0, 0.914097967552433], "k_pid_att": [32.18263609544557, 2.8107284724072135, 0.24770845649525627], "k_pid_yaw": [0.5, 1e-06, 0.1], "k_pid_hsp": [0.2902228208175321, 0.0, 0.0], "k_pid_vsp": [123.74313437128505, 18.5230693453722, 1e-06]}, "datetime": {"datetime": "2025-08-13 14:38:56", "elapsed": 17464.340578079224, "delta": 17.759495496749878}, "costs": {"total_cost": 192.46024286961344, "time_cost": 71.792, "final_distance_cost": 1.837522983150211, "oscillation_cost": 28.835633367182822, "completition_cost": 0.0, "overshoot_cost": 51.11932538084807, "power_cost": 16.858707873535156, "noise_cost": 22.017053264897186, "n_waypoints_completed": 9, "tot_waypoints": 9}}
{"target": -201.71560901636775, "params": {"k_pid_pos": [1.097468369580356, 0.052117631689971036, 0.008719547883554293], "k_pid_alt": [1.6148648198112088, 0.0, 0.9968501765996671], "k_pid_att": [33.173172876563534, 4.050312938354995, 0.2435460147999179], "k_pid_yaw": [0.5, 1e-06, 0.1], "k_pid_hsp": [0.2211693356582169, 0.0009901061889057887, 0.0], "k_pid_vsp": [202.73750662485605, 9.807071415643588, 2.493497262234295]}, "datetime": {"datetime": "2025-08-13 14:39:16", "elapsed": 17484.58132481575, "delta": 20.24074673652649}, "costs": {"total_cost": 201.71560901636775, "time_cost": 73.745, "final_distance_cost": 1.8251289639127817, "oscillation_cost": 30.468821552044776, "completition_cost": 0.0, "overshoot_cost": 51.805026975325354, "power_cost": 20.928088818359377, "noise_cost": 22.943542706725456, "n_waypoints_completed": 9, "tot_waypoints": 9}}
{"target": -193.27956977816203, "params": {"k_pid_pos": [1.1486588812899015, 0.0, 0.08096639221300879], "k_pid_alt": [1.522558712227235, 0.0, 0.9364271755890242], "k_pid_att": [36.19366576912531, 3.437902771171448, 0.23122676562545316], "k_pid_yaw": [0.5, 1e-06, 0.1], "k_pid_hsp": [0.262702759850055, 0.0, 0.0], "k_pid_vsp": [111.8297795695239, 19.108137774259774, 1e-06]}, "datetime": {"datetime": "2025-08-13 14:39:37", "elapsed": 17505.080731153488, "delta": 20.499406337738037}, "costs": {"total_cost": 193.27956977816203, "time_cost": 72.17, "final_distance_cost": 1.8368400245224217, "oscillation_cost": 29.724736260713772, "completition_cost": 0.0, "overshoot_cost": 51.26933683601083, "power_cost": 16.569337487792968, "noise_cost": 21.709319169122036, "n_waypoints_completed": 9, "tot_waypoints": 9}}
{"target": -191.19124694333746, "params": {"k_pid_pos": [1.0742863941834189, 0.0, 0.036638445446058106], "k_pid_alt": [1.7223415335394092, 0.0, 0.9507383324723825], "k_pid_att": [34.198244503500916, 3.9708068353369863, 0.2420687353690399], "k_pid_yaw": [0.5, 1e-06, 0.1], "k_pid_hsp": [0.2916239177617451, 0.0, 0.0], "k_pid_vsp": [113.90378629510644, 26.686056410932757, 1e-06]}, "datetime": {"datetime": "2025-08-13 14:39:55", "elapsed": 17523.015766620636, "delta": 17.935035467147827}, "costs": {"total_cost": 191.19124694333746, "time_cost": 71.099, "final_distance_cost": 1.8392670107728286, "oscillation_cost": 29.506652836998242, "completition_cost": 0.0, "overshoot_cost": 50.9021420902698, "power_cost": 16.2486146484375, "noise_cost": 21.595570356859103, "n_waypoints_completed": 9, "tot_waypoints": 9}}
{"target": -196.1660801867892, "params": {"k_pid_pos": [1.146075502980085, 0.0, 0.08162238703112484], "k_pid_alt": [1.6383125203403117, 0.0, 0.921856177859459], "k_pid_att": [32.14216886560906, 3.356110338444259, 0.0], "k_pid_yaw": [0.5, 1e-06, 0.1], "k_pid_hsp": [0.28393649733831283, 0.0, 0.0], "k_pid_vsp": [152.83054063383105, 23.108619429761518, 1e-06]}, "datetime": {"datetime": "2025-08-13 14:40:12", "elapsed": 17540.73428249359, "delta": 17.718515872955322}, "costs": {"total_cost": 196.1660801867892, "time_cost": 71.54, "final_distance_cost": 1.8359501715523532, "oscillation_cost": 33.64799514830588, "completition_cost": 0.0, "overshoot_cost": 51.15942511852264, "power_cost": 16.398063415527343, "noise_cost": 21.58464633288099, "n_waypoints_completed": 9, "tot_waypoints": 9}}
{"target": -199.9074073783394, "params": {"k_pid_pos": [1.0544947128860473, 0.0, 0.1264923022262974], "k_pid_alt": [1.5225154513569867, 0.0, 0.9600835826444675], "k_pid_att": [27.35120882655971, 4.4056043172387085, 0.39564703360451414], "k_pid_yaw": [0.5, 1e-06, 0.1], "k_pid_hsp": [0.23059587777989907, 0.0, 0.0], "k_pid_vsp": [109.37234978840708, 4.466986882060407, 1e-06]}, "datetime": {"datetime": "2025-08-13 14:40:31", "elapsed": 17559.1200568676, "delta": 18.38577437400818}, "costs": {"total_cost": 199.9074073783394, "time_cost": 73.68900000000001, "final_distance_cost": 1.8425665745241147, "oscillation_cost": 29.159634506721524, "completition_cost": 0.0, "overshoot_cost": 51.245692251418276, "power_cost": 20.55099215087891, "noise_cost": 23.41952189479655, "n_waypoints_completed": 9, "tot_waypoints": 9}}
{"target": -190.51350788511166, "params": {"k_pid_pos": [0.8012290349961789, 0.0, 0.09612591312197559], "k_pid_alt": [1.61881104955487, 0.0, 0.9392900385598877], "k_pid_att": [28.340111432268163, 4.537130520916195, 0.2633042076916528], "k_pid_yaw": [0.5, 1e-06, 0.1], "k_pid_hsp": [0.21796261144991413, 0.0, 0.0], "k_pid_vsp": [135.44381082010713, 1e-06, 1e-06]}, "datetime": {"datetime": "2025-08-13 14:40:49", "elapsed": 17577.201419353485, "delta": 18.08136248588562}, "costs": {"total_cost": 190.51350788511166, "time_cost": 73.82900000000001, "final_distance_cost": 1.8410967848624002, "oscillation_cost": 26.32470505106724, "completition_cost": 0.0, "overshoot_cost": 51.55324341282761, "power_cost": 14.744302270507813, "noise_cost": 22.221160365846615, "n_waypoints_completed": 9, "tot_waypoints": 9}}
{"target": -198.2146997381947, "params": {"k_pid_pos": [1.1690223335268943, 0.0, 0.06567882317440303], "k_pid_alt": [1.6165394424107002, 0.0, 0.9508780484062874], "k_pid_att": [36.87279901481603, 3.422552298955481, 0.25797635524950724], "k_pid_yaw": [0.5, 1e-06, 0.1], "k_pid_hsp": [0.28143476551484625, 0.0, 0.0], "k_pid_vsp": [147.0737178217012, 20.785602761700794, 1e-06]}, "datetime": {"datetime": "2025-08-13 14:41:07", "elapsed": 17595.45506453514, "delta": 18.253645181655884}, "costs": {"total_cost": 198.2146997381947, "time_cost": 73.101, "final_distance_cost": 1.837583072099632, "oscillation_cost": 30.60658575371924, "completition_cost": 0.0, "overshoot_cost": 51.11185029923136, "power_cost": 19.094307775878907, "noise_cost": 22.463372837265542, "n_waypoints_completed": 9, "tot_waypoints": 9}}
{"target": -186.83547548875424, "params": {"k_pid_pos": [0.8355699939343245, 0.0, 0.0], "k_pid_alt": [1.6143878245330159, 0.0, 0.937586509320756], "k_pid_att": [38.257967092508856, 3.8829295888060398, 0.26282307746954325], "k_pid_yaw": [0.5, 1e-06, 0.1], "k_pid_hsp": [0.2633862605109081, 0.0, 0.0], "k_pid_vsp": [117.61572903654324, 17.004357039609935, 1e-06]}, "datetime": {"datetime": "2025-08-13 14:41:25", "elapsed": 17613.443554639816, "delta": 17.988490104675293}, "costs": {"total_cost": 186.83547548875424, "time_cost": 72.275, "final_distance_cost": 1.8478253204620447, "oscillation_cost": 27.574540418276015, "completition_cost": 0.0, "overshoot_cost": 50.85982861882495, "power_cost": 13.041444848632812, "noise_cost": 21.23683628255842, "n_waypoints_completed": 9, "tot_waypoints": 9}}
{"target": -1133.9322088012962, "params": {"k_pid_pos": [1.5967142520918904, 0.0, 0.08313334921001116], "k_pid_alt": [1.6419973619335047, 0.0, 0.9165923147637072], "k_pid_att": [36.15222892747086, 3.716617413059654, 0.25189338616897194], "k_pid_yaw": [0.5, 1e-06, 0.1], "k_pid_hsp": [0.004881948632732613, 0.0, 0.0], "k_pid_vsp": [124.97732740642942, 29.793439980223347, 1e-06]}, "datetime": {"datetime": "2025-08-13 14:41:57", "elapsed": 17645.80895447731, "delta": 32.3653998374939}, "costs": {"total_cost": 1133.9322088012962, "time_cost": 150, "final_distance_cost": 88.24872909183071, "oscillation_cost": 1.8065287147684828, "completition_cost": 777.7777777777778, "overshoot_cost": 67.69355296398908, "power_cost": 16.74828605957031, "noise_cost": 31.657334193359677, "n_waypoints_completed": 2, "tot_waypoints": 9}}
{"target": -192.6527310238633, "params": {"k_pid_pos": [1.1262181622797438, 0.0, 0.03129673627451099], "k_pid_alt": [1.6194326297836272, 0.0, 0.9620664563529469], "k_pid_att": [32.57654160794063, 3.433229177688169, 0.192369989615214], "k_pid_yaw": [0.5, 1e-06, 0.1], "k_pid_hsp": [0.31412802405971874, 0.0, 0.0], "k_pid_vsp": [115.19297820291493, 7.171029494074462, 1e-06]}, "datetime": {"datetime": "2025-08-13 14:42:14", "elapsed": 17662.773913621902, "delta": 16.964959144592285}, "costs": {"total_cost": 192.6527310238633, "time_cost": 71.84100000000001, "final_distance_cost": 1.8291179763346708, "oscillation_cost": 30.34522217586734, "completition_cost": 0.0, "overshoot_cost": 51.24290781941467, "power_cost": 15.778987768554689, "noise_cost": 21.61549528369193, "n_waypoints_completed": 9, "tot_waypoints": 9}}
{"target": -193.9375421606769, "params": {"k_pid_pos": [1.141311757583556, 0.0, 0.0], "k_pid_alt": [1.6276203427218592, 0.0, 0.9694431226376358], "k_pid_att": [30.260489592168827, 3.8165876924092945, 0.2532348987134715], "k_pid_yaw": [0.5, 1e-06, 0.1], "k_pid_hsp": [0.15978963943764662, 0.0, 0.0], "k_pid_vsp": [49.764840561772886, 9.230950894067465, 1e-06]}, "datetime": {"datetime": "2025-08-13 14:42:31", "elapsed": 17679.719102859497, "delta": 16.945189237594604}, "costs": {"total_cost": 193.9375421606769, "time_cost": 72.905, "final_distance_cost": 1.8087892151074665, "oscillation_cost": 30.38499516625412, "completition_cost": 0.0, "overshoot_cost": 51.67983139040815, "power_cost": 15.344823547363282, "noise_cost": 21.8141028415439, "n_waypoints_completed": 9, "tot_waypoints": 9}}
{"target": -190.41620646778458, "params": {"k_pid_pos": [1.1003072815868693, 0.0, 0.0], "k_pid_alt": [1.9292143816470388, 0.0, 0.9252274165302663], "k_pid_att": [47.22624959329104, 4.177078605801341, 0.2662837706037964], "k_pid_yaw": [0.5, 1e-06, 0.1], "k_pid_hsp": [0.23814072817639484, 0.0, 0.0], "k_pid_vsp": [82.18830391460968, 11.724670909166814, 1e-06]}, "datetime": {"datetime": "2025-08-13 14:42:48", "elapsed": 17696.47672867775, "delta": 16.757625818252563}, "costs": {"total_cost": 190.41620646778458, "time_cost": 70.84, "final_distance_cost": 1.8094901677527155, "oscillation_cost": 29.92598491491053, "completition_cost": 0.0, "overshoot_cost": 51.51701217344708, "power_cost": 15.066253161621095, "noise_cost": 21.257466050053157, "n_waypoints_completed": 9, "tot_waypoints": 9}}
{"target": -191.53060528138593, "params": {"k_pid_pos": [0.9803962743463848, 0.04794436996396888, 0.021014954886417025], "k_pid_alt": [1.3837652108400038, 0.0, 1.0], "k_pid_att": [27.251245593992387, 3.542162297455464, 0.2265814618168147], "k_pid_yaw": [0.5, 1e-06, 0.1], "k_pid_hsp": [0.2407807447613849, 0.0, 0.0], "k_pid_vsp": [184.56825093771096, 13.939690949607906, 7.33394261267139]}, "datetime": {"datetime": "2025-08-13 14:43:06", "elapsed": 17714.237005472183, "delta": 17.760276794433594}, "costs": {"total_cost": 191.53060528138593, "time_cost": 73.115, "final_distance_cost": 1.821287913206387, "oscillation_cost": 28.541913123125752, "completition_cost": 0.0, "overshoot_cost": 51.514009236593985, "power_cost": 15.090415661621094, "noise_cost": 21.447979346838732, "n_waypoints_completed": 9, "tot_waypoints": 9}}
{"target": -12273.49258483667, "params": {"k_pid_pos": [1.1094423419102375, 0.0, 0.0], "k_pid_alt": [1.73619081735939, 0.0, 0.9609874348949087], "k_pid_att": [0.0, 3.3998515696997513, 0.2855015892052766], "k_pid_yaw": [0.5, 1e-06, 0.1], "k_pid_hsp": [0.28447240160637965, 0.0, 0.0], "k_pid_vsp": [109.26724650031912, 11.674205317313849, 1e-06]}, "datetime": {"datetime": "2025-08-13 14:43:35", "elapsed": 17743.109003782272, "delta": 28.87199831008911}, "costs": {"total_cost": 12273.49258483667, "time_cost": 150, "final_distance_cost": 3205.428483522491, "oscillation_cost": 2153.8926449578626, "completition_cost": 1000.0, "overshoot_cost": 5557.206499176935, "power_cost": 58.377672399902345, "noise_cost": 148.58728477947966, "n_waypoints_completed": 0, "tot_waypoints": 9}}
{"target": -188.31776843515289, "params": {"k_pid_pos": [1.3748027627869646, 0.0, 0.07256378007909203], "k_pid_alt": [1.6111079631059364, 0.0, 0.9564405607015054], "k_pid_att": [37.470575147318556, 3.4621857384583525, 0.2578831021912817], "k_pid_yaw": [0.5, 1e-06, 0.1], "k_pid_hsp": [0.13944761439392517, 0.0, 0.0], "k_pid_vsp": [113.42757204940307, 14.794775336944387, 1e-06]}, "datetime": {"datetime": "2025-08-13 14:43:53", "elapsed": 17761.283065080643, "delta": 18.17406129837036}, "costs": {"total_cost": 188.31776843515289, "time_cost": 71.771, "final_distance_cost": 1.813667870653068, "oscillation_cost": 30.376934521850995, "completition_cost": 0.0, "overshoot_cost": 51.74336471224758, "power_cost": 12.173782092285157, "noise_cost": 20.43901923811608, "n_waypoints_completed": 9, "tot_waypoints": 9}}
{"target": -191.93562124935173, "params": {"k_pid_pos": [1.1941273275200106, 0.0, 0.08211584402410117], "k_pid_alt": [1.7179250062464888, 0.028730369772057757, 0.9907823781505135], "k_pid_att": [35.64583649286009, 3.2748437781889317, 0.21790114930567095], "k_pid_yaw": [0.5, 1e-06, 0.1], "k_pid_hsp": [1.482496121897286, 0.037959246028577934, 0.0], "k_pid_vsp": [129.75868921601693, 0.8838403440769262, 5.816101311660275]}, "datetime": {"datetime": "2025-08-13 14:44:10", "elapsed": 17778.6664853096, "delta": 17.38342022895813}, "costs": {"total_cost": 191.93562124935173, "time_cost": 70.994, "final_distance_cost": 1.8383162371927422, "oscillation_cost": 32.912533643375454, "completition_cost": 0.0, "overshoot_cost": 50.94981984251366, "power_cost": 14.070849890136719, "noise_cost": 21.170101636133158, "n_waypoints_completed": 9, "tot_waypoints": 9}}
{"target": -1250.681499651621, "params": {"k_pid_pos": [1.7707136091914997, 0.0, 0.04121415728842211], "k_pid_alt": [1.5831043087921104, 0.0, 0.9236868118690739], "k_pid_att": [30.01984049946246, 3.16598775900315, 0.27378679032552106], "k_pid_yaw": [0.5, 1e-06, 0.1], "k_pid_hsp": [0.0001, 0.0, 0.0], "k_pid_vsp": [112.6195328721694, 1e-06, 1.8917592987899559]}, "datetime": {"datetime": "2025-08-13 14:44:42", "elapsed": 17810.408842802048, "delta": 31.7423574924469}, "costs": {"total_cost": 1250.681499651621, "time_cost": 150, "final_distance_cost": 48.84806242786548, "oscillation_cost": 0.02012571638584156, "completition_cost": 888.8888888888888, "overshoot_cost": 106.6904926316732, "power_cost": 22.710754174804688, "noise_cost": 33.52317581200314, "n_waypoints_completed": 1, "tot_waypoints": 9}}
{"target": -1251.488865876156, "params": {"k_pid_pos": [1.235058782517743, 0.005282981199886931, 0.035213272594551634], "k_pid_alt": [1.5675040710074357, 0.0, 0.9743393545212795], "k_pid_att": [40.0534770397806, 3.6062537729262303, 0.29414464740227786], "k_pid_yaw": [0.5, 1e-06, 0.1], "k_pid_hsp": [0.0001, 0.0, 0.0], "k_pid_vsp": [94.63075242684735, 27.117803264195693, 0.33098532398315306]}, "datetime": {"datetime": "2025-08-13 14:45:12", "elapsed": 17840.11893773079, "delta": 29.710094928741455}, "costs": {"total_cost": 1251.488865876156, "time_cost": 150, "final_distance_cost": 48.393827063640465, "oscillation_cost": 0.049436600773747105, "completition_cost": 888.8888888888888, "overshoot_cost": 105.1296202459349, "power_cost": 25.064498767089844, "noise_cost": 33.96259430982827, "n_waypoints_completed": 1, "tot_waypoints": 9}}
{"target": -186.87821455874138, "params": {"k_pid_pos": [1.149785117713189, 0.0, 0.05038172394687859], "k_pid_alt": [1.5502634120928858, 0.0, 0.9872311712140855], "k_pid_att": [32.28661355965304, 2.8823680366097757, 0.12027303574288153], "k_pid_yaw": [0.5, 1e-06, 0.1], "k_pid_hsp": [0.2342352190789809, 0.0, 0.0], "k_pid_vsp": [120.3517102616299, 14.024714031844876, 1e-06]}, "datetime": {"datetime": "2025-08-13 14:45:29", "elapsed": 17857.774251699448, "delta": 17.655313968658447}, "costs": {"total_cost": 186.87821455874138, "time_cost": 71.855, "final_distance_cost": 1.813602612625397, "oscillation_cost": 31.181331667067493, "completition_cost": 0.0, "overshoot_cost": 51.175446836175034, "power_cost": 10.895060668945312, "noise_cost": 19.957772773928113, "n_waypoints_completed": 9, "tot_waypoints": 9}}
