{"target": -194.4304590744978, "params": {"k_pid_pos": [1.1197178546756286, 0.0, 0.09846796779471143], "k_pid_alt": [1.6214387759665303, 0.0, 0.9563229763772915], "k_pid_att": [31.99692178773437, 3.5507783799455668, 0.23568223672328373], "k_pid_yaw": [0.5, 1e-06, 0.1], "k_pid_hsp": [0.27343905443962896, 0.0, 0.0], "k_pid_vsp": [127.873594452415, 24.44969965570348, 1e-06]}, "datetime": {"datetime": "2025-08-13 16:11:45", "elapsed": 23033.97659611702, "delta": 18.063828706741333}, "costs": {"total_cost": 194.4304590744978, "time_cost": 71.876, "final_distance_cost": 1.8355256740511396, "oscillation_cost": 29.09318227885472, "completition_cost": 0.0, "overshoot_cost": 51.24063731957661, "power_cost": 18.27724362792969, "noise_cost": 22.10787017408565, "n_waypoints_completed": 9, "tot_waypoints": 9}}
{"target": -183.48139030953786, "params": {"k_pid_pos": [1.147811382933519, 0.0, 0.08951045956791097], "k_pid_alt": [1.616589997403056, 0.0, 0.9794408022776219], "k_pid_att": [35.162438598774806, 3.475531404036145, 0.2620410005748844], "k_pid_yaw": [0.5, 1e-06, 0.1], "k_pid_hsp": [0.21416779317232748, 0.0, 0.0], "k_pid_vsp": [31.394684578205094, 14.585137444312629, 1e-06]}, "datetime": {"datetime": "2025-08-13 16:12:04", "elapsed": 23052.235916614532, "delta": 18.259320497512817}, "costs": {"total_cost": 183.48139030953786, "time_cost": 71.001, "final_distance_cost": 1.813970111718724, "oscillation_cost": 29.155281036248667, "completition_cost": 0.0, "overshoot_cost": 51.209891350165556, "power_cost": 10.537023278808594, "noise_cost": 19.764224532596323, "n_waypoints_completed": 9, "tot_waypoints": 9}}
{"target": -201.83209311058735, "params": {"k_pid_pos": [1.16593667118751, 0.0, 0.03373278298070857], "k_pid_alt": [1.7630377029921003, 0.0, 0.9418290773739029], "k_pid_att": [35.03960590324059, 3.737869868553143, 0.24621086571082385], "k_pid_yaw": [0.5, 1e-06, 0.1], "k_pid_hsp": [0.26869785297910703, 0.0, 0.0], "k_pid_vsp": [105.34133169066708, 23.511046102891537, 1e-06]}, "datetime": {"datetime": "2025-08-13 16:12:22", "elapsed": 23070.842939138412, "delta": 18.607022523880005}, "costs": {"total_cost": 201.83209311058735, "time_cost": 72.73, "final_distance_cost": 1.8096324091465457, "oscillation_cost": 30.91873863384276, "completition_cost": 0.0, "overshoot_cost": 51.2860240692958, "power_cost": 21.723348205566406, "noise_cost": 23.364349792735855, "n_waypoints_completed": 9, "tot_waypoints": 9}}
{"target": -196.7238193666941, "params": {"k_pid_pos": [1.1774700205134065, 0.011481237080854988, 0.0], "k_pid_alt": [1.6398061607495769, 0.0, 0.940073002351265], "k_pid_att": [33.491912051168406, 3.2055181108703517, 0.2509127539718447], "k_pid_yaw": [0.5, 1e-06, 0.1], "k_pid_hsp": [0.2660207997416636, 0.0, 0.0], "k_pid_vsp": [128.9039860132129, 42.99422775387781, 1e-06]}, "datetime": {"datetime": "2025-08-13 16:12:40", "elapsed": 23088.5190076828, "delta": 17.676068544387817}, "costs": {"total_cost": 196.7238193666941, "time_cost": 71.05, "final_distance_cost": 1.823274827585318, "oscillation_cost": 30.34873327679675, "completition_cost": 0.0, "overshoot_cost": 51.10241630765229, "power_cost": 19.896626611328127, "noise_cost": 22.502768343331603, "n_waypoints_completed": 9, "tot_waypoints": 9}}
{"target": -213.37667357929814, "params": {"k_pid_pos": [1.1592882404663942, 0.0, 0.07137741735353356], "k_pid_alt": [1.6334401930570386, 0.0, 0.9553472839735664], "k_pid_att": [38.79934269609073, 3.359629802119795, 0.24923292139021624], "k_pid_yaw": [0.5, 1e-06, 0.1], "k_pid_hsp": [0.27104122922813256, 0.0, 0.0], "k_pid_vsp": [123.12449102556988, 22.519014964729713, 1e-06]}, "datetime": {"datetime": "2025-08-13 16:12:59", "elapsed": 23107.765070438385, "delta": 19.246062755584717}, "costs": {"total_cost": 213.37667357929814, "time_cost": 76.874, "final_distance_cost": 1.8182268799385883, "oscillation_cost": 30.741037190341476, "completition_cost": 0.0, "overshoot_cost": 54.90499696919634, "power_cost": 24.634516467285156, "noise_cost": 24.403896072536597, "n_waypoints_completed": 9, "tot_waypoints": 9}}
{"target": -196.06939095926245, "params": {"k_pid_pos": [1.4621453895128076, 0.0, 0.09083937767666928], "k_pid_alt": [1.6312278400501157, 0.0, 0.95968233546366], "k_pid_att": [36.98494456411314, 3.3832292706477003, 0.26449094082964625], "k_pid_yaw": [0.5, 1e-06, 0.1], "k_pid_hsp": [0.12408397644099214, 0.0, 0.0], "k_pid_vsp": [127.61294966913866, 16.78872829391768, 1e-06]}, "datetime": {"datetime": "2025-08-13 16:13:18", "elapsed": 23126.889439344406, "delta": 19.124368906021118}, "costs": {"total_cost": 196.06939095926245, "time_cost": 72.233, "final_distance_cost": 1.7648965508933436, "oscillation_cost": 30.289246460634924, "completition_cost": 0.0, "overshoot_cost": 51.92913347984881, "power_cost": 17.875714794921876, "noise_cost": 21.97739967296352, "n_waypoints_completed": 9, "tot_waypoints": 9}}
{"target": -200.08280029387709, "params": {"k_pid_pos": [1.307027720533624, 0.0, 0.1074472478811965], "k_pid_alt": [1.6347468539951795, 0.0032614258918394062, 0.9502538226580338], "k_pid_att": [37.63503862006381, 3.3246565886234363, 0.23372615171733163], "k_pid_yaw": [0.5, 1e-06, 0.1], "k_pid_hsp": [0.5328869227743287, 0.011249169074687312, 0.0], "k_pid_vsp": [130.7519958635501, 33.38176039058482, 8.485372044006402]}, "datetime": {"datetime": "2025-08-13 16:13:37", "elapsed": 23144.99165081978, "delta": 18.102211475372314}, "costs": {"total_cost": 200.08280029387709, "time_cost": 72.191, "final_distance_cost": 1.8160449897429227, "oscillation_cost": 30.955659478392693, "completition_cost": 0.0, "overshoot_cost": 52.12877110050242, "power_cost": 21.31555604248047, "noise_cost": 21.67576868275859, "n_waypoints_completed": 9, "tot_waypoints": 9}}
{"target": -199.7091380696097, "params": {"k_pid_pos": [0.9663180457272855, 0.0, 0.044152588656418724], "k_pid_alt": [1.5922118086266719, 0.0, 0.9375618542105111], "k_pid_att": [3.659600047425158, 3.394430447086137, 0.2411769723585722], "k_pid_yaw": [0.5, 1e-06, 0.1], "k_pid_hsp": [0.13664579008714756, 0.0, 0.0], "k_pid_vsp": [141.61259651183454, 9.151509561406279, 1.024451364050138]}, "datetime": {"datetime": "2025-08-13 16:13:56", "elapsed": 23164.084834575653, "delta": 19.093183755874634}, "costs": {"total_cost": 199.7091380696097, "time_cost": 72.8, "final_distance_cost": 1.8120973887842167, "oscillation_cost": 32.302135032667955, "completition_cost": 0.0, "overshoot_cost": 51.485447786333374, "power_cost": 18.844783862304688, "noise_cost": 22.46467399951947, "n_waypoints_completed": 9, "tot_waypoints": 9}}
{"target": -191.56862221804724, "params": {"k_pid_pos": [1.0133978747084518, 0.03017600981843896, 0.052698380770197825], "k_pid_alt": [1.5579047119846912, 0.0, 0.9612615185476582], "k_pid_att": [22.37888317275973, 3.310088117085835, 0.2779467832745822], "k_pid_yaw": [0.5, 1e-06, 0.1], "k_pid_hsp": [0.3647016553300243, 0.0, 0.0], "k_pid_vsp": [38.584178623281446, 20.751492183095323, 0.35983003879189857]}, "datetime": {"datetime": "2025-08-13 16:14:16", "elapsed": 23184.479831457138, "delta": 20.394996881484985}, "costs": {"total_cost": 191.56862221804724, "time_cost": 71.365, "final_distance_cost": 1.8345389395691938, "oscillation_cost": 28.927595275163704, "completition_cost": 0.0, "overshoot_cost": 50.884823039794924, "power_cost": 16.61233056640625, "noise_cost": 21.944334397113163, "n_waypoints_completed": 9, "tot_waypoints": 9}}
{"target": -190.77890760021083, "params": {"k_pid_pos": [1.0910860947786112, 0.0, 0.05767143111552915], "k_pid_alt": [1.6373078510364065, 0.0, 0.9773295904447633], "k_pid_att": [36.912680247040036, 3.086359235837309, 0.24964365429014868], "k_pid_yaw": [0.5, 1e-06, 0.1], "k_pid_hsp": [0.24452358513571792, 0.0, 0.0], "k_pid_vsp": [80.9571845263815, 22.871797232693588, 1e-06]}, "datetime": {"datetime": "2025-08-13 16:14:36", "elapsed": 23204.299485206604, "delta": 19.819653749465942}, "costs": {"total_cost": 190.77890760021083, "time_cost": 71.407, "final_distance_cost": 1.821711087431293, "oscillation_cost": 29.227002272579725, "completition_cost": 0.0, "overshoot_cost": 51.401662757049834, "power_cost": 15.546938977050782, "noise_cost": 21.3745925060992, "n_waypoints_completed": 9, "tot_waypoints": 9}}
{"target": -244.93173387212494, "params": {"k_pid_pos": [1.1607081923771465, 0.012785033182068467, 0.19769370204354256], "k_pid_alt": [1.5501358716982614, 0.0, 0.953372213149035], "k_pid_att": [33.220510477677635, 2.7377420877006835, 0.2420001593244637], "k_pid_yaw": [0.5, 1e-06, 0.1], "k_pid_hsp": [0.341387851340456, 0.44016548937024, 0.03482446846890093], "k_pid_vsp": [120.09437013882817, 58.86182525494276, 1e-06]}, "datetime": {"datetime": "2025-08-13 16:14:59", "elapsed": 23227.836329460144, "delta": 23.53684425354004}, "costs": {"total_cost": 244.93173387212494, "time_cost": 76.237, "final_distance_cost": 1.8542354838771098, "oscillation_cost": 75.83834506963903, "completition_cost": 0.0, "overshoot_cost": 50.59824319490211, "power_cost": 17.435199963378906, "noise_cost": 22.968710160327774, "n_waypoints_completed": 9, "tot_waypoints": 9}}
{"target": -213.55447136028326, "params": {"k_pid_pos": [0.5921375056850616, 0.0, 0.10158932554520472], "k_pid_alt": [1.5447694900240072, 0.0, 1.0], "k_pid_att": [34.28019401067719, 3.7250030778646175, 0.24901564902744552], "k_pid_yaw": [0.5, 1e-06, 0.1], "k_pid_hsp": [0.4446791338541195, 0.0, 0.0], "k_pid_vsp": [168.20408971971835, 6.267832656408778, 1e-06]}, "datetime": {"datetime": "2025-08-13 16:15:23", "elapsed": 23251.76505637169, "delta": 23.9287269115448}, "costs": {"total_cost": 213.55447136028326, "time_cost": 82.635, "final_distance_cost": 1.852238085936887, "oscillation_cost": 26.04073650273406, "completition_cost": 0.0, "overshoot_cost": 52.46373322740162, "power_cost": 22.524844299316406, "noise_cost": 28.03791924489428, "n_waypoints_completed": 9, "tot_waypoints": 9}}
{"target": -184.77047514482285, "params": {"k_pid_pos": [1.1235479599117437, 0.0, 0.07432361637798218], "k_pid_alt": [1.626212004390137, 0.0, 0.9589939355293297], "k_pid_att": [33.62409636095913, 3.433051827808597, 0.2506011598374151], "k_pid_yaw": [0.5, 1e-06, 0.1], "k_pid_hsp": [0.33744153041060615, 0.0, 0.0], "k_pid_vsp": [118.81738210490448, 21.805908296405708, 1e-06]}, "datetime": {"datetime": "2025-08-13 16:15:45", "elapsed": 23273.287197589874, "delta": 21.522141218185425}, "costs": {"total_cost": 184.77047514482285, "time_cost": 70.94500000000001, "final_distance_cost": 1.8331084763069156, "oscillation_cost": 30.051844255080933, "completition_cost": 0.0, "overshoot_cost": 50.750801221341966, "power_cost": 11.198197851562501, "noise_cost": 19.99152334053053, "n_waypoints_completed": 9, "tot_waypoints": 9}}
{"target": -190.9919217642743, "params": {"k_pid_pos": [1.1525999515270593, 0.0, 0.09024886142372343], "k_pid_alt": [1.6274351025323555, 0.0, 0.9353541586377243], "k_pid_att": [34.257964916559324, 2.860834295090048, 0.24190460318311843], "k_pid_yaw": [0.5, 1e-06, 0.1], "k_pid_hsp": [0.25104393518746687, 0.0, 0.0], "k_pid_vsp": [117.17403253458862, 28.10360520215977, 1e-06]}, "datetime": {"datetime": "2025-08-13 16:16:06", "elapsed": 23294.906186819077, "delta": 21.61898922920227}, "costs": {"total_cost": 190.9919217642743, "time_cost": 71.008, "final_distance_cost": 1.8336706488326957, "oscillation_cost": 29.572798573599773, "completition_cost": 0.0, "overshoot_cost": 50.712479760499484, "power_cost": 16.39095361328125, "noise_cost": 21.474019168061115, "n_waypoints_completed": 9, "tot_waypoints": 9}}
{"target": -195.98266223009188, "params": {"k_pid_pos": [1.0206374014728743, 0.0010762557474710346, 0.08416592678923135], "k_pid_alt": [1.6146846877048162, 0.0, 0.9418921555736449], "k_pid_att": [36.497782503508525, 3.6395685505264144, 0.0], "k_pid_yaw": [0.5, 1e-06, 0.1], "k_pid_hsp": [0.4939749742500342, 0.0, 0.0], "k_pid_vsp": [126.96067091238514, 22.91025978175117, 1e-06]}, "datetime": {"datetime": "2025-08-13 16:16:25", "elapsed": 23313.745939016342, "delta": 18.839752197265625}, "costs": {"total_cost": 195.98266223009188, "time_cost": 71.778, "final_distance_cost": 1.839032906330567, "oscillation_cost": 33.466440592618646, "completition_cost": 0.0, "overshoot_cost": 51.30372042970063, "power_cost": 15.693334448242188, "noise_cost": 21.902133853199842, "n_waypoints_completed": 9, "tot_waypoints": 9}}
{"target": -197.9390208211718, "params": {"k_pid_pos": [1.8451298149101123, 0.0, 0.07653094276406128], "k_pid_alt": [1.6247215565324336, 0.0, 0.9359244237920563], "k_pid_att": [36.592840054809095, 3.2444345476474195, 0.22056559965261158], "k_pid_yaw": [0.5, 1e-06, 0.1], "k_pid_hsp": [0.2684195269755508, 0.0, 0.0], "k_pid_vsp": [122.40557117598448, 22.44502285519298, 1e-06]}, "datetime": {"datetime": "2025-08-13 16:16:46", "elapsed": 23334.398854970932, "delta": 20.652915954589844}, "costs": {"total_cost": 197.9390208211718, "time_cost": 71.316, "final_distance_cost": 1.793523444160728, "oscillation_cost": 32.872646774515204, "completition_cost": 0.0, "overshoot_cost": 51.57338098529953, "power_cost": 18.61012861328125, "noise_cost": 21.77334100391507, "n_waypoints_completed": 9, "tot_waypoints": 9}}
{"target": -191.83281699849846, "params": {"k_pid_pos": [1.1240534642796085, 0.0, 0.08802735648266989], "k_pid_alt": [1.6274009735854391, 0.0, 0.9404820317342919], "k_pid_att": [36.003450931922174, 3.364078227739329, 0.24989480169058859], "k_pid_yaw": [0.5, 1e-06, 0.1], "k_pid_hsp": [0.28572543247554777, 0.0, 0.0], "k_pid_vsp": [138.567224029432, 19.61844608138311, 1e-06]}, "datetime": {"datetime": "2025-08-13 16:17:06", "elapsed": 23354.778461933136, "delta": 20.37960696220398}, "costs": {"total_cost": 191.83281699849846, "time_cost": 71.694, "final_distance_cost": 1.8366193880278276, "oscillation_cost": 29.4362876900339, "completition_cost": 0.0, "overshoot_cost": 51.260357370799504, "power_cost": 15.949562145996094, "noise_cost": 21.655990403641134, "n_waypoints_completed": 9, "tot_waypoints": 9}}
{"target": -188.32536509087944, "params": {"k_pid_pos": [1.1625182772110993, 0.0015383222379633096, 0.08384641870861972], "k_pid_alt": [1.5992581041724796, 0.0, 0.80495485492241], "k_pid_att": [35.42340482504048, 3.3451229300647007, 0.24796520631563446], "k_pid_yaw": [0.5, 1e-06, 0.1], "k_pid_hsp": [0.26595210931803476, 0.0, 0.0], "k_pid_vsp": [125.58902699228685, 22.326870854694338, 1e-06]}, "datetime": {"datetime": "2025-08-13 16:17:29", "elapsed": 23377.274594545364, "delta": 22.496132612228394}, "costs": {"total_cost": 188.32536509087944, "time_cost": 70.763, "final_distance_cost": 1.839126136227322, "oscillation_cost": 29.846136255804343, "completition_cost": 0.0, "overshoot_cost": 50.763364961480555, "power_cost": 14.127525744628906, "noise_cost": 20.986211992738316, "n_waypoints_completed": 9, "tot_waypoints": 9}}
{"target": -189.78769692350164, "params": {"k_pid_pos": [0.9607948130012709, 0.0, 0.10892816046559523], "k_pid_alt": [1.5966717468620286, 0.0, 0.9675627591781176], "k_pid_att": [34.5612458806198, 3.128080384483544, 0.2682411446355987], "k_pid_yaw": [0.5, 1e-06, 0.1], "k_pid_hsp": [0.23945448951728632, 0.0, 0.0], "k_pid_vsp": [122.81926778833488, 4.40522606659421, 1e-06]}, "datetime": {"datetime": "2025-08-13 16:17:49", "elapsed": 23397.93606519699, "delta": 20.661470651626587}, "costs": {"total_cost": 189.78769692350164, "time_cost": 72.996, "final_distance_cost": 1.8447927558436839, "oscillation_cost": 27.66092831234321, "completition_cost": 0.0, "overshoot_cost": 51.53746685726801, "power_cost": 14.063510461425782, "noise_cost": 21.684998536620956, "n_waypoints_completed": 9, "tot_waypoints": 9}}
{"target": -183.79626032114209, "params": {"k_pid_pos": [1.1366835651861322, 0.0, 0.1748243560596063], "k_pid_alt": [1.932649911772517, 0.0, 0.8305091065132573], "k_pid_att": [36.27164618482344, 3.412547801469997, 0.2628757976147139], "k_pid_yaw": [0.5, 1e-06, 0.1], "k_pid_hsp": [0.2372753495315509, 0.0, 0.0], "k_pid_vsp": [118.7589845812796, 15.312759223002443, 1e-06]}, "datetime": {"datetime": "2025-08-13 16:18:07", "elapsed": 23415.514508485794, "delta": 17.5784432888031}, "costs": {"total_cost": 183.79626032114209, "time_cost": 70.105, "final_distance_cost": 1.827607418436512, "oscillation_cost": 28.802254123537807, "completition_cost": 0.0, "overshoot_cost": 50.92745777907115, "power_cost": 11.795841088867189, "noise_cost": 20.338099911229435, "n_waypoints_completed": 9, "tot_waypoints": 9}}
{"target": -195.37778489583314, "params": {"k_pid_pos": [0.8838588210440849, 0.0, 0.020491276789200777], "k_pid_alt": [1.6204949024795718, 0.0, 0.9240626943870688], "k_pid_att": [37.87314865539477, 2.755950852715404, 0.25093380920067293], "k_pid_yaw": [0.5, 1e-06, 0.1], "k_pid_hsp": [0.28398273494246035, 0.0, 0.0], "k_pid_vsp": [120.0593446933166, 18.09747635851922, 1e-06]}, "datetime": {"datetime": "2025-08-13 16:18:26", "elapsed": 23434.20060300827, "delta": 18.686094522476196}, "costs": {"total_cost": 195.37778489583314, "time_cost": 72.667, "final_distance_cost": 1.8347327343272988, "oscillation_cost": 27.251758337451943, "completition_cost": 0.0, "overshoot_cost": 51.562712554876335, "power_cost": 19.24919342041016, "noise_cost": 22.8123878487674, "n_waypoints_completed": 9, "tot_waypoints": 9}}
{"target": -189.17594340097685, "params": {"k_pid_pos": [1.2472470828618984, 0.05005901501759993, 0.016124657269878384], "k_pid_alt": [1.5476374790656495, 0.0, 0.9944975639011081], "k_pid_att": [33.654432037435065, 3.3388903665173792, 0.24823922926760827], "k_pid_yaw": [0.5, 1e-06, 0.1], "k_pid_hsp": [0.15028186329029425, 0.0003253149143038359, 0.0], "k_pid_vsp": [116.37092595410503, 32.9518256356578, 1.4935032620378972]}, "datetime": {"datetime": "2025-08-13 16:18:46", "elapsed": 23454.224817276, "delta": 20.024214267730713}, "costs": {"total_cost": 189.17594340097685, "time_cost": 71.673, "final_distance_cost": 1.8097107156543666, "oscillation_cost": 30.28851654626038, "completition_cost": 0.0, "overshoot_cost": 50.93738610440023, "power_cost": 13.679350891113282, "noise_cost": 20.787979143548586, "n_waypoints_completed": 9, "tot_waypoints": 9}}
{"target": -187.93824220292086, "params": {"k_pid_pos": [1.1549442417094864, 0.0, 0.08095269646459566], "k_pid_alt": [1.6292048954904783, 0.0, 0.9605016400308343], "k_pid_att": [37.79858771884999, 2.9555536002248286, 0.25089559081790097], "k_pid_yaw": [0.5, 1e-06, 0.1], "k_pid_hsp": [0.2714747754543871, 0.0, 0.0], "k_pid_vsp": [143.44641031984278, 21.424413388977815, 1e-06]}, "datetime": {"datetime": "2025-08-13 16:19:06", "elapsed": 23474.47245168686, "delta": 20.247634410858154}, "costs": {"total_cost": 187.93824220292086, "time_cost": 71.183, "final_distance_cost": 1.8365449364150381, "oscillation_cost": 29.799644279499365, "completition_cost": 0.0, "overshoot_cost": 51.08884449816599, "power_cost": 13.304960778808594, "noise_cost": 20.72524771003184, "n_waypoints_completed": 9, "tot_waypoints": 9}}
{"target": -191.618952122819, "params": {"k_pid_pos": [1.3591357529464836, 0.0, 0.060545954506203654], "k_pid_alt": [1.6253935676065885, 0.0, 0.9316375609956564], "k_pid_att": [35.06539906832791, 3.465911208744429, 0.2681371166626777], "k_pid_yaw": [0.5, 1e-06, 0.1], "k_pid_hsp": [0.20102231295637818, 0.0, 0.0], "k_pid_vsp": [125.7403757534544, 24.01745928287837, 1e-06]}, "datetime": {"datetime": "2025-08-13 16:19:25", "elapsed": 23493.386544704437, "delta": 18.914093017578125}, "costs": {"total_cost": 191.618952122819, "time_cost": 71.267, "final_distance_cost": 1.8026076205192323, "oscillation_cost": 30.95335394304896, "completition_cost": 0.0, "overshoot_cost": 51.203169119222046, "power_cost": 15.287908618164064, "noise_cost": 21.104912821864698, "n_waypoints_completed": 9, "tot_waypoints": 9}}
{"target": -207.27741190563464, "params": {"k_pid_pos": [1.1809901439101902, 0.0, 0.08321904125132457], "k_pid_alt": [1.6250112486064423, 0.0, 0.9352214712551423], "k_pid_att": [35.97561497052312, 3.366465006726183, 0.18878536482929117], "k_pid_yaw": [0.5, 1e-06, 0.1], "k_pid_hsp": [0.26733522937676374, 0.0, 0.0], "k_pid_vsp": [130.84435062884504, 22.45593519405696, 1e-06]}, "datetime": {"datetime": "2025-08-13 16:19:44", "elapsed": 23512.758560419083, "delta": 19.372015714645386}, "costs": {"total_cost": 207.27741190563464, "time_cost": 73.983, "final_distance_cost": 1.809715825052998, "oscillation_cost": 30.643741077576756, "completition_cost": 0.0, "overshoot_cost": 52.00797339563993, "power_cost": 24.746020922851564, "noise_cost": 24.08696068451336, "n_waypoints_completed": 9, "tot_waypoints": 9}}
{"target": -189.5534662557251, "params": {"k_pid_pos": [1.1653462199238491, 0.0, 0.0], "k_pid_alt": [1.661364247117282, 0.0, 0.9419115876667421], "k_pid_att": [37.16599182964346, 1.5835724776173605, 0.2450817784272057], "k_pid_yaw": [0.5, 1e-06, 0.1], "k_pid_hsp": [0.41362520485425924, 0.0, 0.0], "k_pid_vsp": [131.72092660712224, 23.849440493376, 1e-06]}, "datetime": {"datetime": "2025-08-13 16:20:02", "elapsed": 23530.74946451187, "delta": 17.990904092788696}, "costs": {"total_cost": 189.5534662557251, "time_cost": 70.665, "final_distance_cost": 1.8349433957620418, "oscillation_cost": 30.581546486828156, "completition_cost": 0.0, "overshoot_cost": 50.82342363249053, "power_cost": 14.667450366210938, "noise_cost": 20.981102374433426, "n_waypoints_completed": 9, "tot_waypoints": 9}}
