{"target": -650.0040743662074, "params": {"k_pid_pos": [0.7389360134354229, 0.20486502744372315, 0.22712330601125413], "k_pid_alt": [1.4431882374233558, 0.028685277822568335, 1.0], "k_pid_att": [37.433401126110795, 3.798105394219601, 0.16303552065706567], "k_pid_yaw": [0.5, 1e-06, 0.1], "k_pid_hsp": [0.0001, 0.33966645447919613, 0.07606113310784601], "k_pid_vsp": [248.6580909717641, 24.49153885205604, 29.315452151803523]}, "datetime": {"datetime": "2025-08-13 10:24:27", "elapsed": 2195.628131866455, "delta": 32.148425817489624}, "costs": {"total_cost": 650.0040743662074, "time_cost": 150, "final_distance_cost": 68.20393091260146, "oscillation_cost": 134.0283418798566, "completition_cost": 111.11111111111116, "overshoot_cost": 75.63010047887114, "power_cost": 48.018853747558595, "noise_cost": 63.01173623620847, "n_waypoints_completed": 8, "tot_waypoints": 9}}
{"target": -285.7930591311177, "params": {"k_pid_pos": [0.5380795548886403, 0.6499091013473604, 0.17666993114455187], "k_pid_alt": [1.824693292170406, 0.0, 0.9746818231875353], "k_pid_att": [29.317778368354148, 3.903573778531372, 0.18606735108503705], "k_pid_yaw": [0.5, 1e-06, 0.1], "k_pid_hsp": [0.7045994454618993, 0.0, 0.03361327230126343], "k_pid_vsp": [197.88536426914726, 74.49047856346917, 1e-06]}, "datetime": {"datetime": "2025-08-13 10:24:51", "elapsed": 2219.6089658737183, "delta": 23.980834007263184}, "costs": {"total_cost": 285.7930591311177, "time_cost": 94.22, "final_distance_cost": 1.778476649496495, "oscillation_cost": 96.84091888789915, "completition_cost": 0.0, "overshoot_cost": 52.560562552574176, "power_cost": 15.170611889648438, "noise_cost": 25.222489151499396, "n_waypoints_completed": 9, "tot_waypoints": 9}}
{"target": -1293.4427781680356, "params": {"k_pid_pos": [0.0001, 0.0, 0.19459081040230905], "k_pid_alt": [2.0, 0.0, 1.0], "k_pid_att": [2.0447912234809564, 4.496210387101384, 0.20604107275048383], "k_pid_yaw": [0.5, 1e-06, 0.1], "k_pid_hsp": [2.1445948408310382, 0.0, 0.010349277715396815], "k_pid_vsp": [113.38101081487355, 7.068007470697459, 11.382933084321815]}, "datetime": {"datetime": "2025-08-13 10:25:21", "elapsed": 2249.9339652061462, "delta": 30.32499933242798}, "costs": {"total_cost": 1293.4427781680356, "time_cost": 150, "final_distance_cost": 45.85205831014114, "oscillation_cost": 4.892828148709683, "completition_cost": 1000.0, "overshoot_cost": 36.0001387227584, "power_cost": 29.715992810058594, "noise_cost": 26.981760176367597, "n_waypoints_completed": 0, "tot_waypoints": 9}}
{"target": -220.9904242996435, "params": {"k_pid_pos": [0.5980991824401987, 0.2036565407263393, 0.16257004740200853], "k_pid_alt": [1.7633717141649266, 0.0, 1.0], "k_pid_att": [43.70140171782347, 3.161294296098424, 0.0], "k_pid_yaw": [0.5, 1e-06, 0.1], "k_pid_hsp": [0.23911705774441439, 0.02172413133187321, 0.0], "k_pid_vsp": [281.30250565765203, 24.1874090812002, 1e-06]}, "datetime": {"datetime": "2025-08-13 10:25:42", "elapsed": 2270.5955085754395, "delta": 20.661543369293213}, "costs": {"total_cost": 220.9904242996435, "time_cost": 82.124, "final_distance_cost": 1.8168082869941562, "oscillation_cost": 28.107454323784353, "completition_cost": 0.0, "overshoot_cost": 53.57214682123454, "power_cost": 28.759204394531253, "noise_cost": 26.61081047309921, "n_waypoints_completed": 9, "tot_waypoints": 9}}
{"target": -2270.912857965679, "params": {"k_pid_pos": [0.514760882839177, 0.18685768929529373, 0.18794196825327014], "k_pid_alt": [1.4645306761246728, 0.07024855452960085, 0.8929840334831638], "k_pid_att": [45.348773313160535, 5.844143126159436, 0.24128801150042814], "k_pid_yaw": [0.5, 1e-06, 0.1], "k_pid_hsp": [0.0001, 0.0, 0.5435155900324568], "k_pid_vsp": [271.4848053844653, 115.92454696315275, 1e-06]}, "datetime": {"datetime": "2025-08-13 10:26:11", "elapsed": 2299.6214077472687, "delta": 29.025899171829224}, "costs": {"total_cost": 2270.912857965679, "time_cost": 150, "final_distance_cost": 60.971359646328295, "oscillation_cost": 840.631799385555, "completition_cost": 1000.0, "overshoot_cost": 151.30958657275488, "power_cost": 37.45176337890625, "noise_cost": 30.54834898213425, "n_waypoints_completed": 0, "tot_waypoints": 9}}
{"target": -306.3374087212188, "params": {"k_pid_pos": [1.1882539752281214, 0.21257375555319183, 0.34488155207487226], "k_pid_alt": [1.3656980933557978, 0.4197411043562495, 0.641147614237727], "k_pid_att": [39.375995258955165, 2.802528881405058, 0.23585856305342862], "k_pid_yaw": [0.5, 1e-06, 0.1], "k_pid_hsp": [0.14773547874395496, 0.2230354809693541, 0.0], "k_pid_vsp": [194.13836088917802, 1e-06, 84.1617182822635]}, "datetime": {"datetime": "2025-08-13 10:26:38", "elapsed": 2326.300268650055, "delta": 26.678860902786255}, "costs": {"total_cost": 306.3374087212188, "time_cost": 113.428, "final_distance_cost": 1.7754385854945307, "oscillation_cost": 70.91036259423292, "completition_cost": 0.0, "overshoot_cost": 61.17742512688385, "power_cost": 30.906034106445315, "noise_cost": 28.140148308162253, "n_waypoints_completed": 9, "tot_waypoints": 9}}
{"target": -706.6975992689918, "params": {"k_pid_pos": [0.4147260108007029, 0.21801396573348925, 0.0], "k_pid_alt": [2.0, 0.0, 0.958222158496137], "k_pid_att": [37.81315050975891, 4.30759137681164, 0.0], "k_pid_yaw": [0.5, 1e-06, 0.1], "k_pid_hsp": [4.371600701458307, 0.0, 0.07917559221726289], "k_pid_vsp": [193.24480001140245, 1e-06, 1e-06]}, "datetime": {"datetime": "2025-08-13 10:27:02", "elapsed": 2349.9834439754486, "delta": 23.683175325393677}, "costs": {"total_cost": 706.6975992689918, "time_cost": 97.321, "final_distance_cost": 1.8122114005376933, "oscillation_cost": 496.95410678274936, "completition_cost": 0.0, "overshoot_cost": 53.364539083114494, "power_cost": 29.900211230468752, "noise_cost": 27.34553077212166, "n_waypoints_completed": 9, "tot_waypoints": 9}}
{"target": -1268.0702305996765, "params": {"k_pid_pos": [0.0523780910797228, 0.1849101743786585, 0.0], "k_pid_alt": [1.508568198526908, 0.0, 1.0], "k_pid_att": [44.42112579948501, 4.954805392379287, 0.16371164500374735], "k_pid_yaw": [0.5, 1e-06, 0.1], "k_pid_hsp": [0.0001, 0.01646492370998949, 0.0], "k_pid_vsp": [184.44718805772035, 34.16239869862389, 5.732296787444943]}, "datetime": {"datetime": "2025-08-13 10:27:33", "elapsed": 2381.1067068576813, "delta": 31.123262882232666}, "costs": {"total_cost": 1268.0702305996765, "time_cost": 150, "final_distance_cost": 59.56761796085168, "oscillation_cost": 9.177114032759162, "completition_cost": 888.8888888888888, "overshoot_cost": 112.73603739875057, "power_cost": 16.17953846435547, "noise_cost": 31.521033854070755, "n_waypoints_completed": 1, "tot_waypoints": 9}}
{"target": -234.99537019170037, "params": {"k_pid_pos": [0.7389106420483355, 0.0, 0.2003164618031752], "k_pid_alt": [1.2701034172418413, 0.06255683294138849, 1.0], "k_pid_att": [39.869392280808825, 4.030801595584407, 0.38829579276330284], "k_pid_yaw": [0.5, 1e-06, 0.1], "k_pid_hsp": [1.198384893126113, 0.3277843134134719, 0.0], "k_pid_vsp": [181.68571753603965, 104.46519614071914, 51.26773792462794]}, "datetime": {"datetime": "2025-08-13 10:27:58", "elapsed": 2406.5009195804596, "delta": 25.39421272277832}, "costs": {"total_cost": 234.99537019170037, "time_cost": 95.83, "final_distance_cost": 1.8029091309003809, "oscillation_cost": 35.36317059860273, "completition_cost": 0.0, "overshoot_cost": 52.64973544544402, "power_cost": 25.68517556152344, "noise_cost": 23.664379455229813, "n_waypoints_completed": 9, "tot_waypoints": 9}}
{"target": -1034.5142633594337, "params": {"k_pid_pos": [1.2949505477375034, 0.17669782022296307, 0.21895955710620166], "k_pid_alt": [1.4345307764498711, 0.0, 0.8355481260501799], "k_pid_att": [52.21860137296398, 2.172123183483647, 0.08351023115766991], "k_pid_yaw": [0.5, 1e-06, 0.1], "k_pid_hsp": [0.0001, 0.24675181732832724, 0.13454005585029727], "k_pid_vsp": [179.1007673919753, 49.13940217152774, 24.77409950358703]}, "datetime": {"datetime": "2025-08-13 10:28:31", "elapsed": 2439.1317236423492, "delta": 32.63080406188965}, "costs": {"total_cost": 1034.5142633594337, "time_cost": 150, "final_distance_cost": 46.53304239454913, "oscillation_cost": 424.4251630127451, "completition_cost": 222.2222222222222, "overshoot_cost": 126.75847361374063, "power_cost": 34.89797255859375, "noise_cost": 29.67738955758305, "n_waypoints_completed": 7, "tot_waypoints": 9}}
{"target": -1683.479585038609, "params": {"k_pid_pos": [0.44459981039764873, 0.24866085038426622, 0.3282395977466697], "k_pid_alt": [0.9887451441306163, 0.43563878064807293, 0.7159800768998199], "k_pid_att": [80.93773201932267, 7.253602172583671, 0.13728976604550136], "k_pid_yaw": [0.5, 1e-06, 0.1], "k_pid_hsp": [0.8427772647842491, 0.0, 0.15462466897631713], "k_pid_vsp": [164.29308113753316, 18.883231269958927, 279.37679018004354]}, "datetime": {"datetime": "2025-08-13 10:29:03", "elapsed": 2471.4335544109344, "delta": 32.301830768585205}, "costs": {"total_cost": 1683.479585038609, "time_cost": 150, "final_distance_cost": 54.45489553586883, "oscillation_cost": 693.1120991777235, "completition_cost": 666.6666666666667, "overshoot_cost": 51.45211343665457, "power_cost": 37.964821801757815, "noise_cost": 29.828988419937662, "n_waypoints_completed": 3, "tot_waypoints": 9}}
{"target": -1229.9028480100555, "params": {"k_pid_pos": [0.08996090220246478, 0.22633165329416982, 0.0], "k_pid_alt": [1.6416443503727096, 0.0, 0.994646291019968], "k_pid_att": [68.884587003765, 4.095810776704371, 0.002425063128201066], "k_pid_yaw": [0.5, 1e-06, 0.1], "k_pid_hsp": [0.0001, 0.0, 0.0], "k_pid_vsp": [77.54447149558789, 8.549150422583644, 1e-06]}, "datetime": {"datetime": "2025-08-13 10:29:35", "elapsed": 2503.2984824180603, "delta": 31.864928007125854}, "costs": {"total_cost": 1229.9028480100555, "time_cost": 150, "final_distance_cost": 42.83786265030245, "oscillation_cost": 14.902672702237835, "completition_cost": 888.8888888888888, "overshoot_cost": 60.07683522509272, "power_cost": 37.13058651123047, "noise_cost": 36.06600203230339, "n_waypoints_completed": 1, "tot_waypoints": 9}}
{"target": -1214.4982830742995, "params": {"k_pid_pos": [0.1653298852549583, 0.19486777675154232, 0.0], "k_pid_alt": [2.0, 0.0, 1.0], "k_pid_att": [24.01200514007187, 5.479197288913865, 0.0], "k_pid_yaw": [0.5, 1e-06, 0.1], "k_pid_hsp": [0.0001, 0.0, 0.0], "k_pid_vsp": [161.93943959946552, 3.5208876891010163, 1e-06]}, "datetime": {"datetime": "2025-08-13 10:30:07", "elapsed": 2535.5746190547943, "delta": 32.27613663673401}, "costs": {"total_cost": 1214.4982830742995, "time_cost": 150, "final_distance_cost": 45.303400841331225, "oscillation_cost": 15.43841179583923, "completition_cost": 888.8888888888888, "overshoot_cost": 64.955909614838, "power_cost": 17.839143627929687, "noise_cost": 32.07252830547269, "n_waypoints_completed": 1, "tot_waypoints": 9}}
{"target": -2256.7736603892004, "params": {"k_pid_pos": [0.0001, 0.16980211127881384, 0.11267574096378162], "k_pid_alt": [0.5877484906298016, 0.0, 0.9341283314285984], "k_pid_att": [54.29212701413769, 3.954505297756587, 0.14986197068131613], "k_pid_yaw": [0.5, 1e-06, 0.1], "k_pid_hsp": [0.0001, 0.0, 0.559644529025048], "k_pid_vsp": [164.92239027053319, 1e-06, 7.443526230378768]}, "datetime": {"datetime": "2025-08-13 10:30:39", "elapsed": 2567.040417909622, "delta": 31.46579885482788}, "costs": {"total_cost": 2256.7736603892004, "time_cost": 150, "final_distance_cost": 60.90341405141424, "oscillation_cost": 848.496614569066, "completition_cost": 1000.0, "overshoot_cost": 131.4425095329049, "power_cost": 35.7392765991211, "noise_cost": 30.191845636694122, "n_waypoints_completed": 0, "tot_waypoints": 9}}
{"target": -1899.443387722889, "params": {"k_pid_pos": [0.503945513407257, 0.1525404480797395, 0.1752760441666341], "k_pid_alt": [1.5326748729377557, 0.28279352100107163, 0.9078955940197065], "k_pid_att": [33.73849139061594, 2.792298641195325, 0.18071724144086246], "k_pid_yaw": [0.5, 1e-06, 0.1], "k_pid_hsp": [0.021347350877849166, 0.0, 0.3927062143704131], "k_pid_vsp": [180.6183682591232, 21.09823554367742, 121.50180373607755]}, "datetime": {"datetime": "2025-08-13 10:31:09", "elapsed": 2597.1880221366882, "delta": 30.14760422706604}, "costs": {"total_cost": 1899.443387722889, "time_cost": 150, "final_distance_cost": 62.820717738923236, "oscillation_cost": 654.3721469933821, "completition_cost": 888.8888888888888, "overshoot_cost": 82.95620095121183, "power_cost": 31.964200341796875, "noise_cost": 28.44123280868625, "n_waypoints_completed": 1, "tot_waypoints": 9}}
{"target": -203.4049069599196, "params": {"k_pid_pos": [0.49275800590297264, 0.18848155022322047, 0.17888737446852812], "k_pid_alt": [1.515427128667956, 0.0, 0.949345597264735], "k_pid_att": [39.447728079683905, 3.8677381495188174, 0.1845336041603497], "k_pid_yaw": [0.5, 1e-06, 0.1], "k_pid_hsp": [0.09847755819799779, 0.011264223901387349, 0.0], "k_pid_vsp": [194.7624155113164, 20.0, 10.0]}, "datetime": {"datetime": "2025-08-13 10:31:28", "elapsed": 2616.9251787662506, "delta": 19.737156629562378}, "costs": {"total_cost": 203.4049069599196, "time_cost": 82.299, "final_distance_cost": 1.8038733944738292, "oscillation_cost": 21.79645854077842, "completition_cost": 0.0, "overshoot_cost": 52.46286358372834, "power_cost": 22.326368298339844, "noise_cost": 22.716343142599158, "n_waypoints_completed": 9, "tot_waypoints": 9}}
{"target": -1230.7975133495083, "params": {"k_pid_pos": [0.5102691936717835, 0.08888467943481303, 0.26840524683439754], "k_pid_alt": [1.5106072311158623, 0.0, 1.0], "k_pid_att": [36.51464795771408, 2.9290850906002572, 0.0], "k_pid_yaw": [0.5, 1e-06, 0.1], "k_pid_hsp": [0.0001, 0.0, 0.0], "k_pid_vsp": [231.34022425072868, 7.173332396715558, 1e-06]}, "datetime": {"datetime": "2025-08-13 10:31:59", "elapsed": 2647.570512533188, "delta": 30.645333766937256}, "costs": {"total_cost": 1230.7975133495083, "time_cost": 150, "final_distance_cost": 45.997770342832624, "oscillation_cost": 7.000004594769162, "completition_cost": 888.8888888888888, "overshoot_cost": 84.86109587696967, "power_cost": 21.00343739013672, "noise_cost": 33.04631625591117, "n_waypoints_completed": 1, "tot_waypoints": 9}}
{"target": -757.7235516740152, "params": {"k_pid_pos": [0.13369424149296305, 0.0, 0.0], "k_pid_alt": [1.922268911017555, 0.0, 1.0], "k_pid_att": [60.752431830988144, 3.6028375182091272, 0.14270423020375866], "k_pid_yaw": [0.5, 1e-06, 0.1], "k_pid_hsp": [0.22088873534870146, 0.0, 0.0], "k_pid_vsp": [149.58096914562162, 1e-06, 1e-06]}, "datetime": {"datetime": "2025-08-13 10:32:30", "elapsed": 2678.5182037353516, "delta": 30.947691202163696}, "costs": {"total_cost": 757.7235516740152, "time_cost": 150, "final_distance_cost": 45.06196799739191, "oscillation_cost": 16.541700854217947, "completition_cost": 444.4444444444444, "overshoot_cost": 54.61484194603268, "power_cost": 15.990337524414063, "noise_cost": 31.070258907514262, "n_waypoints_completed": 5, "tot_waypoints": 9}}
{"target": -1201.915824550084, "params": {"k_pid_pos": [0.2588862272172816, 0.13293622317166534, 0.1968627775172614], "k_pid_alt": [1.4986587852893307, 0.0, 1.0], "k_pid_att": [26.58861557288582, 4.01027388122705, 0.04060262713933846], "k_pid_yaw": [0.5, 1e-06, 0.1], "k_pid_hsp": [0.0001, 0.0, 0.0], "k_pid_vsp": [197.0644985845259, 17.00874034475657, 3.1696015614744804]}, "datetime": {"datetime": "2025-08-13 10:33:00", "elapsed": 2708.54611492157, "delta": 30.02791118621826}, "costs": {"total_cost": 1201.915824550084, "time_cost": 150, "final_distance_cost": 45.331559663521716, "oscillation_cost": 5.856775351464738, "completition_cost": 888.8888888888888, "overshoot_cost": 63.23849311229468, "power_cost": 16.93453796386719, "noise_cost": 31.66556957004707, "n_waypoints_completed": 1, "tot_waypoints": 9}}
{"target": -424.27844249863415, "params": {"k_pid_pos": [0.542641981517795, 0.18582976161040013, 0.03766427165244674], "k_pid_alt": [1.5107524719331646, 0.0725624298403173, 1.0], "k_pid_att": [49.4198590680421, 3.842901709805266, 0.3396520622717538], "k_pid_yaw": [0.5, 1e-06, 0.1], "k_pid_hsp": [1.192136315734449, 0.06083802004677092, 0.0], "k_pid_vsp": [75.71497748010023, 1e-06, 2.5134110718276803]}, "datetime": {"datetime": "2025-08-13 10:33:32", "elapsed": 2740.266529560089, "delta": 31.720414638519287}, "costs": {"total_cost": 424.27844249863415, "time_cost": 150, "final_distance_cost": 20.745451368982216, "oscillation_cost": 25.77696282681137, "completition_cost": 111.11111111111116, "overshoot_cost": 53.295174108685636, "power_cost": 28.932094458007814, "noise_cost": 34.41764862503592, "n_waypoints_completed": 8, "tot_waypoints": 9}}
{"target": -222.63879831870923, "params": {"k_pid_pos": [0.45390509028334614, 0.16739327504713192, 0.2498140637300049], "k_pid_alt": [1.2549346458759132, 0.0, 1.0], "k_pid_att": [39.178516783347824, 3.9885243527141436, 0.19550465356919472], "k_pid_yaw": [0.5, 1e-06, 0.1], "k_pid_hsp": [0.13860898390291454, 0.025239671656970886, 0.0], "k_pid_vsp": [195.35643871921582, 21.736602088073244, 1e-06]}, "datetime": {"datetime": "2025-08-13 10:34:06", "elapsed": 2774.0436012744904, "delta": 33.777071714401245}, "costs": {"total_cost": 222.63879831870923, "time_cost": 101.59100000000001, "final_distance_cost": 1.8414912875737925, "oscillation_cost": 23.254000156181288, "completition_cost": 0.0, "overshoot_cost": 52.287270922691896, "power_cost": 15.392634179687501, "noise_cost": 28.272401772574753, "n_waypoints_completed": 9, "tot_waypoints": 9}}
{"target": -1241.7743223347723, "params": {"k_pid_pos": [0.522141146801963, 0.35645044916502266, 0.1559949007715254], "k_pid_alt": [1.2863555311947548, 0.0, 0.9623939886070104], "k_pid_att": [37.6128973795673, 2.9231131790745097, 0.19829462332488218], "k_pid_yaw": [0.5, 1e-06, 0.1], "k_pid_hsp": [0.0001, 0.0, 0.0], "k_pid_vsp": [219.53634469292723, 1e-06, 1e-06]}, "datetime": {"datetime": "2025-08-13 10:34:43", "elapsed": 2811.257905483246, "delta": 37.21430420875549}, "costs": {"total_cost": 1241.7743223347723, "time_cost": 150, "final_distance_cost": 48.20974788820015, "oscillation_cost": 0.024977599027241955, "completition_cost": 888.8888888888888, "overshoot_cost": 103.4686832506759, "power_cost": 18.771469189453125, "noise_cost": 32.41055551852692, "n_waypoints_completed": 1, "tot_waypoints": 9}}
{"target": -1320.9828279327317, "params": {"k_pid_pos": [0.6873943870513239, 0.03881960980976398, 0.0951402312889773], "k_pid_alt": [1.5936339614547905, 0.0, 0.8562543456144962], "k_pid_att": [31.881065052932712, 3.5242496893354183, 0.17385002186945148], "k_pid_yaw": [0.5, 1e-06, 0.1], "k_pid_hsp": [0.0001, 0.0, 0.02743680599815962], "k_pid_vsp": [238.18966253850868, 1e-06, 1e-06]}, "datetime": {"datetime": "2025-08-13 10:35:20", "elapsed": 2848.874438047409, "delta": 37.61653256416321}, "costs": {"total_cost": 1320.9828279327317, "time_cost": 150, "final_distance_cost": 45.23126286572411, "oscillation_cost": 38.442265204376746, "completition_cost": 1000.0, "overshoot_cost": 24.655287691732127, "power_cost": 28.075800903320314, "noise_cost": 34.578211267578276, "n_waypoints_completed": 0, "tot_waypoints": 9}}
{"target": -555.6657583734722, "params": {"k_pid_pos": [1.3592372920397051, 0.5104602884486032, 0.14471106595460415], "k_pid_alt": [0.7516831997197105, 0.03473009051382313, 0.5549923240757818], "k_pid_att": [34.69023617044142, 4.1756503981009025, 0.050229121159695245], "k_pid_yaw": [0.5, 1e-06, 0.1], "k_pid_hsp": [2.8042193729442437, 0.0, 0.6796172913921469], "k_pid_vsp": [225.70425874568036, 144.17071343690705, 1.3498991702331262]}, "datetime": {"datetime": "2025-08-13 10:36:05", "elapsed": 2893.7866871356964, "delta": 44.91224908828735}, "costs": {"total_cost": 555.6657583734722, "time_cost": 105.315, "final_distance_cost": 1.817016902116198, "oscillation_cost": 315.2430928797123, "completition_cost": 0.0, "overshoot_cost": 76.3768152086997, "power_cost": 27.065970898437502, "noise_cost": 29.84786248450646, "n_waypoints_completed": 9, "tot_waypoints": 9}}
{"target": -1259.557570519969, "params": {"k_pid_pos": [0.6768280294595747, 0.2520342531478483, 0.06116946462611991], "k_pid_alt": [1.514535223508744, 0.0, 1.0], "k_pid_att": [42.956791407174144, 2.3149362095830703, 0.4166514120134819], "k_pid_yaw": [0.5, 1e-06, 0.1], "k_pid_hsp": [0.0001, 0.0, 0.027477005926352743], "k_pid_vsp": [193.5119776466902, 1e-06, 10.061267781950908]}, "datetime": {"datetime": "2025-08-13 10:36:58", "elapsed": 2946.120376110077, "delta": 52.33368897438049}, "costs": {"total_cost": 1259.557570519969, "time_cost": 150, "final_distance_cost": 56.93360440138781, "oscillation_cost": 41.14593314917952, "completition_cost": 888.8888888888888, "overshoot_cost": 69.4865038273641, "power_cost": 25.093396130371094, "noise_cost": 28.009244122777744, "n_waypoints_completed": 1, "tot_waypoints": 9}}
{"target": -1229.8508702524389, "params": {"k_pid_pos": [0.5289594482363075, 0.0, 0.1556749945745782], "k_pid_alt": [1.4577799690151174, 0.0, 0.873294345595328], "k_pid_att": [46.03740864726755, 3.460058258539266, 0.0], "k_pid_yaw": [0.5, 1e-06, 0.1], "k_pid_hsp": [0.0001, 0.0, 0.0], "k_pid_vsp": [168.32236463779492, 22.90338654243424, 1e-06]}, "datetime": {"datetime": "2025-08-13 10:37:50", "elapsed": 2998.717933654785, "delta": 52.59755754470825}, "costs": {"total_cost": 1229.8508702524389, "time_cost": 150, "final_distance_cost": 45.46281774521179, "oscillation_cost": 31.125515085940656, "completition_cost": 888.8888888888888, "overshoot_cost": 71.77570068698601, "power_cost": 12.669587536621094, "noise_cost": 29.928360308790577, "n_waypoints_completed": 1, "tot_waypoints": 9}}
