{"target": -187.45620647979814, "params": {"k_pid_pos": [1.0949588053667993, 0.0, 0.05448961208267769], "k_pid_alt": [1.6519487936372281, 0.0, 0.9619537681971264], "k_pid_att": [35.594652408812905, 3.062957539795968, 0.2374678023707023], "k_pid_yaw": [0.5, 1e-06, 0.1], "k_pid_hsp": [0.29612427933859486, 0.0, 0.0], "k_pid_vsp": [90.09996761557736, 24.67661535308769, 1e-06]}, "datetime": {"datetime": "2025-08-13 18:47:28", "elapsed": 32376.580452680588, "delta": 17.526023149490356}, "costs": {"total_cost": 187.45620647979814, "time_cost": 70.82600000000001, "final_distance_cost": 1.8265962094593733, "oscillation_cost": 29.57705238042454, "completition_cost": 0.0, "overshoot_cost": 50.728663203614644, "power_cost": 13.685510314941407, "noise_cost": 20.81238437135818, "n_waypoints_completed": 9, "tot_waypoints": 9}}
{"target": -188.0232994237916, "params": {"k_pid_pos": [0.9658293314885545, 0.0, 0.06928386062145313], "k_pid_alt": [1.5671339892749523, 0.0, 0.9298796491433685], "k_pid_att": [35.11699484455866, 3.279641451157944, 0.25596399023946687], "k_pid_yaw": [0.5, 1e-06, 0.1], "k_pid_hsp": [0.17900639582386207, 0.0, 0.0], "k_pid_vsp": [65.00527879672775, 60.49508978386, 1e-06]}, "datetime": {"datetime": "2025-08-13 18:47:45", "elapsed": 32393.681503772736, "delta": 17.101051092147827}, "costs": {"total_cost": 188.0232994237916, "time_cost": 71.239, "final_distance_cost": 1.8289543746945882, "oscillation_cost": 27.565441810874525, "completition_cost": 0.0, "overshoot_cost": 50.50205498343386, "power_cost": 15.525073046875, "noise_cost": 21.36277520791362, "n_waypoints_completed": 9, "tot_waypoints": 9}}
{"target": -185.93479529495477, "params": {"k_pid_pos": [1.0405758234642546, 0.0, 0.15749437010270534], "k_pid_alt": [1.7259916143543157, 0.0, 0.9449512637113695], "k_pid_att": [39.59350004572605, 3.7967409553691116, 0.26004755284104586], "k_pid_yaw": [0.5, 1e-06, 0.1], "k_pid_hsp": [0.19627363255106164, 0.0, 0.0], "k_pid_vsp": [110.17415048203009, 35.96033009013716, 1e-06]}, "datetime": {"datetime": "2025-08-13 18:48:03", "elapsed": 32411.479415655136, "delta": 17.797911882400513}, "costs": {"total_cost": 185.93479529495477, "time_cost": 70.98, "final_distance_cost": 1.8245032062635367, "oscillation_cost": 27.91929897466982, "completition_cost": 0.0, "overshoot_cost": 50.95060915440351, "power_cost": 13.510262719726564, "noise_cost": 20.750121239891318, "n_waypoints_completed": 9, "tot_waypoints": 9}}
{"target": -185.6743849749825, "params": {"k_pid_pos": [0.73438491980795, 0.0, 0.041547595181280664], "k_pid_alt": [1.576980406895548, 0.0, 0.9388091603233616], "k_pid_att": [35.5165956921312, 3.61794919554621, 0.29698811133929903], "k_pid_yaw": [0.5, 1e-06, 0.1], "k_pid_hsp": [0.18634196350716517, 0.0, 0.0], "k_pid_vsp": [100.60260162557519, 44.199583914507684, 1e-06]}, "datetime": {"datetime": "2025-08-13 18:48:21", "elapsed": 32429.753267526627, "delta": 18.27385187149048}, "costs": {"total_cost": 185.6743849749825, "time_cost": 72.891, "final_distance_cost": 1.8490622015702791, "oscillation_cost": 25.44992768816754, "completition_cost": 0.0, "overshoot_cost": 51.09257814399322, "power_cost": 13.100960400390626, "noise_cost": 21.290856540860833, "n_waypoints_completed": 9, "tot_waypoints": 9}}
{"target": -182.29138795454028, "params": {"k_pid_pos": [0.9163758695857565, 0.0, 0.1337142237025779], "k_pid_alt": [1.604274860658984, 0.0, 0.9455191597270413], "k_pid_att": [35.18493206437325, 3.355405524740652, 0.22143790288374232], "k_pid_yaw": [0.5, 1e-06, 0.1], "k_pid_hsp": [0.1509910293399572, 0.0, 0.0], "k_pid_vsp": [65.58406876530775, 30.357234494747093, 1e-06]}, "datetime": {"datetime": "2025-08-13 18:48:38", "elapsed": 32446.934438228607, "delta": 17.18117070198059}, "costs": {"total_cost": 182.29138795454028, "time_cost": 71.652, "final_distance_cost": 1.8317491519134783, "oscillation_cost": 26.33702437875982, "completition_cost": 0.0, "overshoot_cost": 50.93471330199762, "power_cost": 11.258948925781251, "noise_cost": 20.2769521960881, "n_waypoints_completed": 9, "tot_waypoints": 9}}
{"target": -184.81318850251407, "params": {"k_pid_pos": [0.4814139120450554, 0.0, 0.04026889268567708], "k_pid_alt": [1.619125789694964, 0.0, 0.9272139995026248], "k_pid_att": [29.205643410122782, 2.176850946208389, 0.2835817312583991], "k_pid_yaw": [0.5, 1e-06, 0.1], "k_pid_hsp": [0.13785976701357594, 0.0, 0.0], "k_pid_vsp": [173.8686139207431, 38.33395910528502, 1e-06]}, "datetime": {"datetime": "2025-08-13 18:48:57", "elapsed": 32465.687532186508, "delta": 18.753093957901}, "costs": {"total_cost": 184.81318850251407, "time_cost": 77.735, "final_distance_cost": 1.8451912497676748, "oscillation_cost": 21.603719009488465, "completition_cost": 0.0, "overshoot_cost": 51.772188470763226, "power_cost": 9.996778295898437, "noise_cost": 21.860311476596262, "n_waypoints_completed": 9, "tot_waypoints": 9}}
{"target": -190.87034587179215, "params": {"k_pid_pos": [0.8763381619833015, 0.0, 0.08368643700248615], "k_pid_alt": [1.6258238094371205, 0.0, 0.9470074515668618], "k_pid_att": [36.56277186583646, 3.3081200728185793, 0.2726087238981917], "k_pid_yaw": [0.5, 1e-06, 0.1], "k_pid_hsp": [0.2497942157083218, 0.0, 0.0], "k_pid_vsp": [109.2906376388041, 17.59241833527365, 1e-06]}, "datetime": {"datetime": "2025-08-13 18:49:15", "elapsed": 32483.717859506607, "delta": 18.030327320098877}, "costs": {"total_cost": 190.87034587179215, "time_cost": 72.534, "final_distance_cost": 1.849908376688078, "oscillation_cost": 27.199198334007484, "completition_cost": 0.0, "overshoot_cost": 51.142309194723005, "power_cost": 16.017072705078125, "noise_cost": 22.127857261295443, "n_waypoints_completed": 9, "tot_waypoints": 9}}
{"target": -191.07325615045548, "params": {"k_pid_pos": [0.888649724051824, 0.0, 0.07319388011750583], "k_pid_alt": [1.737641247075478, 0.0, 0.9556901794968408], "k_pid_att": [35.54954729872598, 4.186414891849193, 0.2541156701339952], "k_pid_yaw": [0.5, 1e-06, 0.1], "k_pid_hsp": [0.2526513794115262, 0.0, 0.0], "k_pid_vsp": [162.21262238730358, 14.48830983132531, 1e-06]}, "datetime": {"datetime": "2025-08-13 18:49:32", "elapsed": 32500.728357315063, "delta": 17.01049780845642}, "costs": {"total_cost": 191.07325615045548, "time_cost": 72.38, "final_distance_cost": 1.8339699608979132, "oscillation_cost": 27.420947252441973, "completition_cost": 0.0, "overshoot_cost": 51.387200917355294, "power_cost": 16.026015466308593, "noise_cost": 22.025122553451705, "n_waypoints_completed": 9, "tot_waypoints": 9}}
{"target": -182.4097772565392, "params": {"k_pid_pos": [1.0444604607072678, 0.0, 0.05767460106833877], "k_pid_alt": [1.6169976839767133, 0.0, 0.9663248960195325], "k_pid_att": [35.864653373459646, 3.35349464457147, 0.27481171415361116], "k_pid_yaw": [0.5, 1e-06, 0.1], "k_pid_hsp": [0.1480213976663592, 0.0, 0.0], "k_pid_vsp": [115.33288631055089, 33.369116866318315, 1e-06]}, "datetime": {"datetime": "2025-08-13 18:49:54", "elapsed": 32522.41200184822, "delta": 21.68364453315735}, "costs": {"total_cost": 182.4097772565392, "time_cost": 70.98, "final_distance_cost": 1.825070202403827, "oscillation_cost": 27.999308431561634, "completition_cost": 0.0, "overshoot_cost": 51.123118853254056, "power_cost": 10.68357196044922, "noise_cost": 19.79870780887045, "n_waypoints_completed": 9, "tot_waypoints": 9}}
{"target": -189.18452095343073, "params": {"k_pid_pos": [1.299025621811401, 0.0, 0.06301991774475613], "k_pid_alt": [1.6724499067620213, 0.0, 0.9737170775128972], "k_pid_att": [35.460621283972685, 3.5426844204410393, 0.23408352421013967], "k_pid_yaw": [0.5, 1e-06, 0.1], "k_pid_hsp": [0.16370968773969058, 0.0, 0.0], "k_pid_vsp": [107.17282982310473, 40.41908466269764, 1e-06]}, "datetime": {"datetime": "2025-08-13 18:50:11", "elapsed": 32539.379908800125, "delta": 16.967906951904297}, "costs": {"total_cost": 189.18452095343073, "time_cost": 71.015, "final_distance_cost": 1.8138456203706925, "oscillation_cost": 30.46495048278733, "completition_cost": 0.0, "overshoot_cost": 51.27161568716908, "power_cost": 13.962100793457031, "noise_cost": 20.657008369646586, "n_waypoints_completed": 9, "tot_waypoints": 9}}
{"target": -187.79341526125071, "params": {"k_pid_pos": [1.1085852127318145, 0.0, 0.038102046863511596], "k_pid_alt": [1.624791569943719, 0.0, 0.9631029986906551], "k_pid_att": [36.035376690300716, 3.198746084814978, 0.2459818178542017], "k_pid_yaw": [0.5, 1e-06, 0.1], "k_pid_hsp": [0.1564913123561147, 0.0, 0.0], "k_pid_vsp": [92.4683024705961, 34.394398348100246, 1e-06]}, "datetime": {"datetime": "2025-08-13 18:50:29", "elapsed": 32557.642253160477, "delta": 18.262344360351562}, "costs": {"total_cost": 187.79341526125071, "time_cost": 71.08500000000001, "final_distance_cost": 1.8091918556038453, "oscillation_cost": 28.885744088960976, "completition_cost": 0.0, "overshoot_cost": 50.875144642584495, "power_cost": 14.205258325195313, "noise_cost": 20.9330763489061, "n_waypoints_completed": 9, "tot_waypoints": 9}}
{"target": -194.24028931382222, "params": {"k_pid_pos": [1.0083078009189634, 0.0, 0.08913052753526617], "k_pid_alt": [1.6251680353252678, 0.0, 0.9410626229046377], "k_pid_att": [36.051336566648295, 3.5438612077055764, 0.2732232758176498], "k_pid_yaw": [0.5, 1e-06, 0.1], "k_pid_hsp": [0.22400679390272593, 0.0, 0.0], "k_pid_vsp": [86.32752845804657, 43.28710415237928, 1e-06]}, "datetime": {"datetime": "2025-08-13 18:50:46", "elapsed": 32574.517682790756, "delta": 16.87542963027954}, "costs": {"total_cost": 194.24028931382222, "time_cost": 71.792, "final_distance_cost": 1.8273289593634892, "oscillation_cost": 27.684108975355542, "completition_cost": 0.0, "overshoot_cost": 51.56953434914247, "power_cost": 19.118782458496096, "noise_cost": 22.248534571464628, "n_waypoints_completed": 9, "tot_waypoints": 9}}
{"target": -185.61470842125505, "params": {"k_pid_pos": [0.7119282442491036, 0.0, 0.04197351242274763], "k_pid_alt": [1.8382771841240573, 0.0, 0.9728314243925869], "k_pid_att": [38.99328742103627, 3.6514139121135716, 0.2595971470735171], "k_pid_yaw": [0.5, 1e-06, 0.1], "k_pid_hsp": [0.1508755211647381, 0.0, 0.0], "k_pid_vsp": [148.68481965705212, 33.30017365798815, 1e-06]}, "datetime": {"datetime": "2025-08-13 18:51:04", "elapsed": 32592.85449719429, "delta": 18.336814403533936}, "costs": {"total_cost": 185.61470842125505, "time_cost": 72.478, "final_distance_cost": 1.8407563393954895, "oscillation_cost": 24.82724702208065, "completition_cost": 0.0, "overshoot_cost": 51.24910286022019, "power_cost": 13.710162744140625, "noise_cost": 21.50943945541809, "n_waypoints_completed": 9, "tot_waypoints": 9}}
{"target": -184.38299132479705, "params": {"k_pid_pos": [1.2707980259874763, 0.0007454643848039204, 0.036220165677250324], "k_pid_alt": [1.6275909180193424, 0.0, 0.864897683834804], "k_pid_att": [34.66285650187848, 3.964225909150376, 0.265030672007735], "k_pid_yaw": [0.5, 1e-06, 0.1], "k_pid_hsp": [0.36838629539343104, 0.0, 0.0], "k_pid_vsp": [69.54202765952257, 72.0284704055183, 1e-06]}, "datetime": {"datetime": "2025-08-13 18:51:21", "elapsed": 32609.830452919006, "delta": 16.975955724716187}, "costs": {"total_cost": 184.38299132479705, "time_cost": 69.811, "final_distance_cost": 1.8056275767062409, "oscillation_cost": 30.87386607467655, "completition_cost": 0.0, "overshoot_cost": 50.293835136733804, "power_cost": 11.930258618164062, "noise_cost": 19.6684039185164, "n_waypoints_completed": 9, "tot_waypoints": 9}}
{"target": -189.49527819343712, "params": {"k_pid_pos": [1.0163977549883114, 0.0, 0.07233367979335117], "k_pid_alt": [1.5656900606646056, 0.0, 0.9330313021573792], "k_pid_att": [37.09339144949187, 3.477747628254694, 0.28733957324800463], "k_pid_yaw": [0.5, 1e-06, 0.1], "k_pid_hsp": [0.2264157015319818, 0.0, 0.0], "k_pid_vsp": [114.61167932135695, 25.594134553263345, 1e-06]}, "datetime": {"datetime": "2025-08-13 18:51:38", "elapsed": 32626.50904560089, "delta": 16.678592681884766}, "costs": {"total_cost": 189.49527819343712, "time_cost": 71.638, "final_distance_cost": 1.831730785410278, "oscillation_cost": 28.11773496201591, "completition_cost": 0.0, "overshoot_cost": 50.98547814424769, "power_cost": 15.388736523437501, "noise_cost": 21.53359777832571, "n_waypoints_completed": 9, "tot_waypoints": 9}}
{"target": -185.3941283441826, "params": {"k_pid_pos": [1.0795479334745204, 0.0, 0.07741326617372984], "k_pid_alt": [1.597150490680848, 0.0, 0.9110140939284173], "k_pid_att": [37.005013816518904, 3.493402008124859, 0.2674339478685694], "k_pid_yaw": [0.5, 1e-06, 0.1], "k_pid_hsp": [0.14576225724395206, 0.0, 0.0], "k_pid_vsp": [115.59105085909945, 7.269734600829484, 1e-06]}, "datetime": {"datetime": "2025-08-13 18:51:55", "elapsed": 32643.89973974228, "delta": 17.39069414138794}, "costs": {"total_cost": 185.3941283441826, "time_cost": 72.002, "final_distance_cost": 1.826031336260934, "oscillation_cost": 28.163461846350707, "completition_cost": 0.0, "overshoot_cost": 51.78768941346997, "power_cost": 11.308197570800782, "noise_cost": 20.30674817730021, "n_waypoints_completed": 9, "tot_waypoints": 9}}
{"target": -181.1982372123689, "params": {"k_pid_pos": [0.9577443956365064, 0.0, 0.08285625975777366], "k_pid_alt": [1.617480317995605, 0.0, 0.9331615144584436], "k_pid_att": [28.214074660516705, 3.3361948907032515, 0.2968650991954914], "k_pid_yaw": [0.5, 1e-06, 0.1], "k_pid_hsp": [0.20717793199998097, 0.0, 0.0], "k_pid_vsp": [115.13074909522452, 50.96922520955255, 1e-06]}, "datetime": {"datetime": "2025-08-13 18:52:12", "elapsed": 32660.74387741089, "delta": 16.84413766860962}, "costs": {"total_cost": 181.1982372123689, "time_cost": 70.96600000000001, "final_distance_cost": 1.8404970118099495, "oscillation_cost": 27.76064320375166, "completition_cost": 0.0, "overshoot_cost": 50.26439340031076, "power_cost": 10.530593615722657, "noise_cost": 19.836109980773855, "n_waypoints_completed": 9, "tot_waypoints": 9}}
{"target": -193.47043914973375, "params": {"k_pid_pos": [0.9760030030561708, 0.0, 0.022309206100796716], "k_pid_alt": [1.6365248056962078, 0.0, 0.9284580520943692], "k_pid_att": [23.37098018776492, 3.3352593918687687, 0.2525808651314281], "k_pid_yaw": [0.5, 1e-06, 0.1], "k_pid_hsp": [0.12806978673245503, 0.0, 0.0], "k_pid_vsp": [123.74969815482415, 25.776973667920767, 0.5386259575809321]}, "datetime": {"datetime": "2025-08-13 18:52:30", "elapsed": 32678.43892979622, "delta": 17.6950523853302}, "costs": {"total_cost": 193.47043914973375, "time_cost": 72.261, "final_distance_cost": 1.8058405297644453, "oscillation_cost": 27.146738405678654, "completition_cost": 0.0, "overshoot_cost": 51.596762606521004, "power_cost": 18.4634064453125, "noise_cost": 22.196691162457178, "n_waypoints_completed": 9, "tot_waypoints": 9}}
{"target": -185.50768842283435, "params": {"k_pid_pos": [0.9990340191151411, 0.012255681197262655, 0.07454989365739606], "k_pid_alt": [1.5691258045601035, 0.0, 0.8473339759556118], "k_pid_att": [32.60375995314083, 3.6747059621123297, 0.240361943240233], "k_pid_yaw": [0.5, 1e-06, 0.1], "k_pid_hsp": [0.6732044314651681, 0.0, 0.0], "k_pid_vsp": [167.40144897247643, 32.30653777476325, 1e-06]}, "datetime": {"datetime": "2025-08-13 18:52:47", "elapsed": 32695.51268362999, "delta": 17.073753833770752}, "costs": {"total_cost": 185.50768842283435, "time_cost": 71.512, "final_distance_cost": 1.840440878068676, "oscillation_cost": 29.94387855406639, "completition_cost": 0.0, "overshoot_cost": 50.224566965445746, "power_cost": 11.518192944335938, "noise_cost": 20.46860908091763, "n_waypoints_completed": 9, "tot_waypoints": 9}}
{"target": -186.55748047545248, "params": {"k_pid_pos": [0.9613538961899951, 0.0, 0.06817966383622656], "k_pid_alt": [1.658300694627083, 0.0, 0.9182150502614195], "k_pid_att": [35.291711036206074, 3.2280022016642755, 0.2995640504122992], "k_pid_yaw": [0.5, 1e-06, 0.1], "k_pid_hsp": [0.13475534802076253, 0.0, 0.0], "k_pid_vsp": [173.82067639194014, 33.85562757513622, 1e-06]}, "datetime": {"datetime": "2025-08-13 18:53:03", "elapsed": 32711.900614976883, "delta": 16.38793134689331}, "costs": {"total_cost": 186.55748047545248, "time_cost": 71.547, "final_distance_cost": 1.8170585940225485, "oscillation_cost": 26.73508536894107, "completition_cost": 0.0, "overshoot_cost": 51.14818800543489, "power_cost": 14.240719555664063, "noise_cost": 21.069428951389906, "n_waypoints_completed": 9, "tot_waypoints": 9}}
{"target": -192.94581670448304, "params": {"k_pid_pos": [0.9647845059233572, 0.0, 0.06166162558372062], "k_pid_alt": [1.5935327748297987, 0.0, 0.9412449584969447], "k_pid_att": [40.5232348984573, 3.45538211964478, 0.2588571810834213], "k_pid_yaw": [0.5, 1e-06, 0.1], "k_pid_hsp": [0.19196770997737617, 0.0, 0.0], "k_pid_vsp": [145.0913747903349, 56.5820511029395, 1e-06]}, "datetime": {"datetime": "2025-08-13 18:53:21", "elapsed": 32729.66164779663, "delta": 17.761032819747925}, "costs": {"total_cost": 192.94581670448304, "time_cost": 71.68, "final_distance_cost": 1.8229482049599868, "oscillation_cost": 27.505457309909605, "completition_cost": 0.0, "overshoot_cost": 51.20172570916966, "power_cost": 18.701763623046876, "noise_cost": 22.033921857396905, "n_waypoints_completed": 9, "tot_waypoints": 9}}
{"target": -193.71707231176526, "params": {"k_pid_pos": [1.2422108493335968, 0.0, 0.18557766301122752], "k_pid_alt": [1.1581443789465258, 0.0, 0.9440716656841031], "k_pid_att": [14.249953197260266, 2.125806813964577, 0.278513960945588], "k_pid_yaw": [0.5, 1e-06, 0.1], "k_pid_hsp": [0.30562970685163093, 0.0, 0.0], "k_pid_vsp": [73.7370978186941, 56.46162005884744, 1e-06]}, "datetime": {"datetime": "2025-08-13 18:53:38", "elapsed": 32746.80573797226, "delta": 17.144090175628662}, "costs": {"total_cost": 193.71707231176526, "time_cost": 73.248, "final_distance_cost": 1.8451598468414876, "oscillation_cost": 29.960201109217017, "completition_cost": 0.0, "overshoot_cost": 50.37211325839202, "power_cost": 16.598589135742188, "noise_cost": 21.693008961572552, "n_waypoints_completed": 9, "tot_waypoints": 9}}
{"target": -183.90858033124394, "params": {"k_pid_pos": [1.023721035514102, 0.0, 0.04661326131208149], "k_pid_alt": [1.596677307536541, 0.0, 0.9591474331236173], "k_pid_att": [36.39200811028317, 3.4713914885645942, 0.2572417346085743], "k_pid_yaw": [0.5, 1e-06, 0.1], "k_pid_hsp": [0.19961400535094867, 0.0, 0.0], "k_pid_vsp": [30.41892613585918, 24.253901219592045, 1e-06]}, "datetime": {"datetime": "2025-08-13 18:53:56", "elapsed": 32764.293229579926, "delta": 17.487491607666016}, "costs": {"total_cost": 183.90858033124394, "time_cost": 70.686, "final_distance_cost": 1.8290038099459007, "oscillation_cost": 28.217720110131943, "completition_cost": 0.0, "overshoot_cost": 50.470031959336815, "power_cost": 12.421713500976564, "noise_cost": 20.284110950852725, "n_waypoints_completed": 9, "tot_waypoints": 9}}
{"target": -207.01751215841475, "params": {"k_pid_pos": [1.0369555094933993, 0.0, 0.07631047504109316], "k_pid_alt": [1.6215254983013019, 0.0, 0.9414851522125948], "k_pid_att": [35.51189331832404, 3.471086987183507, 0.2639215702481419], "k_pid_yaw": [0.5, 1e-06, 0.1], "k_pid_hsp": [0.31142407698369023, 0.0, 0.0], "k_pid_vsp": [16.460052726488016, 41.573927921625135, 1e-06]}, "datetime": {"datetime": "2025-08-13 18:54:13", "elapsed": 32781.772728443146, "delta": 17.479498863220215}, "costs": {"total_cost": 207.01751215841475, "time_cost": 72.485, "final_distance_cost": 1.8324580384435687, "oscillation_cost": 28.826998293428623, "completition_cost": 0.0, "overshoot_cost": 52.00695366564881, "power_cost": 26.55445124511719, "noise_cost": 25.31165091577656, "n_waypoints_completed": 9, "tot_waypoints": 9}}
{"target": -183.5408049188008, "params": {"k_pid_pos": [0.9917727399274114, 0.0, 0.08486986537644539], "k_pid_alt": [1.5865585739708632, 0.0, 0.9508936305400474], "k_pid_att": [35.42930791716141, 3.6135860340384327, 0.6010169823768927], "k_pid_yaw": [0.5, 1e-06, 0.1], "k_pid_hsp": [0.14829400565289527, 0.0, 0.0], "k_pid_vsp": [70.69882153883069, 25.479236257709317, 1e-06]}, "datetime": {"datetime": "2025-08-13 18:54:30", "elapsed": 32798.41983437538, "delta": 16.647105932235718}, "costs": {"total_cost": 183.5408049188008, "time_cost": 71.337, "final_distance_cost": 1.823500601399586, "oscillation_cost": 27.026697209322005, "completition_cost": 0.0, "overshoot_cost": 51.04456159003152, "power_cost": 12.017707751464844, "noise_cost": 20.29133776658283, "n_waypoints_completed": 9, "tot_waypoints": 9}}
{"target": -196.42924067666203, "params": {"k_pid_pos": [0.9954379659907279, 0.0, 0.08380314325931745], "k_pid_alt": [1.6802645684081787, 0.0, 0.9165202908656311], "k_pid_att": [38.27239435433198, 3.1642768008942226, 0.24042420515279556], "k_pid_yaw": [0.5, 1e-06, 0.1], "k_pid_hsp": [0.17939249373625749, 0.0, 0.0], "k_pid_vsp": [0.0, 29.021004035309417, 1e-06]}, "datetime": {"datetime": "2025-08-13 18:54:48", "elapsed": 32816.73888921738, "delta": 18.31905484199524}, "costs": {"total_cost": 196.42924067666203, "time_cost": 76.132, "final_distance_cost": 1.841837838645972, "oscillation_cost": 28.13630011474058, "completition_cost": 0.0, "overshoot_cost": 54.46621633588684, "power_cost": 13.631580493164064, "noise_cost": 22.22130589422457, "n_waypoints_completed": 9, "tot_waypoints": 9}}
{"target": -188.314762162198, "params": {"k_pid_pos": [1.0742611401166313, 0.0, 0.09393547247404813], "k_pid_alt": [1.6113663326043748, 0.0, 0.9403254181817593], "k_pid_att": [36.06397537656867, 3.3825095174997903, 0.26670828949643527], "k_pid_yaw": [0.5, 1e-06, 0.1], "k_pid_hsp": [0.18657426288605442, 0.0, 0.0], "k_pid_vsp": [24.694364667409914, 41.4639907600101, 1e-06]}, "datetime": {"datetime": "2025-08-13 18:55:05", "elapsed": 32833.18019127846, "delta": 16.441302061080933}, "costs": {"total_cost": 188.314762162198, "time_cost": 70.994, "final_distance_cost": 1.8179643620189825, "oscillation_cost": 27.976155166845704, "completition_cost": 0.0, "overshoot_cost": 50.425130349980726, "power_cost": 15.800337500000001, "noise_cost": 21.301174783352607, "n_waypoints_completed": 9, "tot_waypoints": 9}}
