{"target": -187.54247243785417, "params": {"k_pid_pos": [0.9039028316586187, 0.0, 0.05582675606437085], "k_pid_alt": [2.0, 0.0, 0.9452086746023606], "k_pid_att": [34.653511745145074, 3.554656915288342, 0.2877359093892759], "k_pid_yaw": [0.5, 1e-06, 0.1], "k_pid_hsp": [0.13968205615947973, 0.0, 0.0], "k_pid_vsp": [80.90275056697723, 33.56050605563179, 1e-06]}, "datetime": {"datetime": "2025-08-13 19:44:11", "elapsed": 35779.88292002678, "delta": 17.01151132583618}, "costs": {"total_cost": 187.54247243785417, "time_cost": 70.889, "final_distance_cost": 1.8049563933944768, "oscillation_cost": 26.17494743183309, "completition_cost": 0.0, "overshoot_cost": 51.246730739041304, "power_cost": 15.878646618652345, "noise_cost": 21.54819125493295, "n_waypoints_completed": 9, "tot_waypoints": 9}}
{"target": -185.9705970298004, "params": {"k_pid_pos": [1.2008095524649143, 0.0, 0.07079026981249588], "k_pid_alt": [1.6841022931200489, 0.0, 0.9281354733067253], "k_pid_att": [36.46884531413968, 3.6233995114801982, 0.27727844894674547], "k_pid_yaw": [0.5, 1e-06, 0.1], "k_pid_hsp": [0.1256926683404041, 0.0, 0.0], "k_pid_vsp": [154.85513578194468, 33.899227827931064, 1e-06]}, "datetime": {"datetime": "2025-08-13 19:44:28", "elapsed": 35796.89008498192, "delta": 17.00716495513916}, "costs": {"total_cost": 185.9705970298004, "time_cost": 71.043, "final_distance_cost": 1.812779965271952, "oscillation_cost": 28.957871239834297, "completition_cost": 0.0, "overshoot_cost": 51.24390975875684, "power_cost": 12.491069274902344, "noise_cost": 20.421966791034958, "n_waypoints_completed": 9, "tot_waypoints": 9}}
{"target": -189.47154868982594, "params": {"k_pid_pos": [0.9691689462435851, 0.0, 0.07040861330631858], "k_pid_alt": [1.6639009436646572, 0.0, 0.9670522916900436], "k_pid_att": [36.4690101751973, 3.492095688195694, 0.24002753789416748], "k_pid_yaw": [0.5, 1e-06, 0.1], "k_pid_hsp": [0.34890063287375916, 0.0, 0.0], "k_pid_vsp": [101.12103278348869, 1e-06, 1e-06]}, "datetime": {"datetime": "2025-08-13 19:44:45", "elapsed": 35813.67744255066, "delta": 16.787357568740845}, "costs": {"total_cost": 189.47154868982594, "time_cost": 72.737, "final_distance_cost": 1.8394642400154921, "oscillation_cost": 28.749438762420322, "completition_cost": 0.0, "overshoot_cost": 51.63225988956784, "power_cost": 13.064894543457031, "noise_cost": 21.44849125436524, "n_waypoints_completed": 9, "tot_waypoints": 9}}
{"target": -189.66026922814612, "params": {"k_pid_pos": [0.9680678832421324, 0.0, 0.0929878863815902], "k_pid_alt": [1.7512220707882036, 0.0, 0.9633444704247037], "k_pid_att": [33.09226601906195, 3.7091291343435597, 0.2407280152138429], "k_pid_yaw": [0.5, 1e-06, 0.1], "k_pid_hsp": [0.21653228775550776, 0.0, 0.0], "k_pid_vsp": [0.0, 32.41867425533723, 1e-06]}, "datetime": {"datetime": "2025-08-13 19:45:03", "elapsed": 35830.98947381973, "delta": 17.312031269073486}, "costs": {"total_cost": 189.66026922814612, "time_cost": 72.877, "final_distance_cost": 1.8392572260164912, "oscillation_cost": 28.173416684948503, "completition_cost": 0.0, "overshoot_cost": 52.41498968359111, "power_cost": 13.751803234863281, "noise_cost": 20.60380239872674, "n_waypoints_completed": 9, "tot_waypoints": 9}}
{"target": -190.57945451164449, "params": {"k_pid_pos": [1.0608862501936982, 0.0, 0.05279355982402051], "k_pid_alt": [1.8631707383985034, 0.0, 0.9167976527106766], "k_pid_att": [33.874642515188846, 3.581914806946255, 0.25945653126061125], "k_pid_yaw": [0.5, 1e-06, 0.1], "k_pid_hsp": [0.13957556439713872, 0.0, 0.0], "k_pid_vsp": [98.93973863623494, 34.617042099094306, 1e-06]}, "datetime": {"datetime": "2025-08-13 19:45:19", "elapsed": 35847.90183258057, "delta": 16.91235876083374}, "costs": {"total_cost": 190.57945451164449, "time_cost": 70.994, "final_distance_cost": 1.8199264701119957, "oscillation_cost": 27.76199324569672, "completition_cost": 0.0, "overshoot_cost": 51.06723661562638, "power_cost": 17.29032039794922, "noise_cost": 21.645977782260186, "n_waypoints_completed": 9, "tot_waypoints": 9}}
{"target": -208.13996390993904, "params": {"k_pid_pos": [1.1122525242625771, 0.0027815262084901864, 0.04090663597496842], "k_pid_alt": [1.930446344078997, 0.0, 0.9318035665003944], "k_pid_att": [34.12209012908637, 3.601564492863274, 0.2530424552585511], "k_pid_yaw": [0.5, 1e-06, 0.1], "k_pid_hsp": [0.14556383357096783, 0.0, 0.0], "k_pid_vsp": [73.50079393766907, 11.852181578610496, 1e-06]}, "datetime": {"datetime": "2025-08-13 19:45:36", "elapsed": 35864.931455373764, "delta": 17.029622793197632}, "costs": {"total_cost": 208.13996390993904, "time_cost": 74.018, "final_distance_cost": 1.7937469884397266, "oscillation_cost": 29.394073889553457, "completition_cost": 0.0, "overshoot_cost": 53.05325772059064, "power_cost": 24.78877198486328, "noise_cost": 25.092113326491948, "n_waypoints_completed": 9, "tot_waypoints": 9}}
{"target": -183.03909798754066, "params": {"k_pid_pos": [0.8477618832812509, 0.0, 0.09619789934176222], "k_pid_alt": [1.902709766754367, 0.0, 0.9627748351532271], "k_pid_att": [42.46002993433751, 3.518182906176152, 0.2486616300530316], "k_pid_yaw": [0.5, 1e-06, 0.1], "k_pid_hsp": [0.140708875946556, 0.0, 0.0], "k_pid_vsp": [154.3241670932647, 27.578373226191324, 1e-06]}, "datetime": {"datetime": "2025-08-13 19:45:54", "elapsed": 35882.21265101433, "delta": 17.281195640563965}, "costs": {"total_cost": 183.03909798754066, "time_cost": 71.568, "final_distance_cost": 1.8293208827963077, "oscillation_cost": 25.56962039347981, "completition_cost": 0.0, "overshoot_cost": 51.406461511498264, "power_cost": 12.081225817871095, "noise_cost": 20.58446938189518, "n_waypoints_completed": 9, "tot_waypoints": 9}}
{"target": -182.68611193927725, "params": {"k_pid_pos": [1.2395566788532881, 0.0, 0.11500965259376714], "k_pid_alt": [1.5976168097864614, 0.0, 0.9428588470033207], "k_pid_att": [35.41576534620595, 3.483941121656005, 0.247188448410969], "k_pid_yaw": [0.5, 1e-06, 0.1], "k_pid_hsp": [0.12542142053894687, 0.0, 0.0], "k_pid_vsp": [163.2878581577225, 26.750000899914347, 1e-06]}, "datetime": {"datetime": "2025-08-13 19:46:10", "elapsed": 35898.66163134575, "delta": 16.4489803314209}, "costs": {"total_cost": 182.68611193927725, "time_cost": 71.519, "final_distance_cost": 1.7982545425938092, "oscillation_cost": 28.709305597565212, "completition_cost": 0.0, "overshoot_cost": 51.16787467589938, "power_cost": 9.843926110839844, "noise_cost": 19.647751012379, "n_waypoints_completed": 9, "tot_waypoints": 9}}
{"target": -188.75931812348412, "params": {"k_pid_pos": [1.008075974052853, 0.0, 0.0798775717580588], "k_pid_alt": [1.5915299429587755, 0.0, 0.927666525943757], "k_pid_att": [28.99390992923886, 3.4367822911189707, 0.24620342940038362], "k_pid_yaw": [0.5, 1e-06, 0.1], "k_pid_hsp": [0.1746681584781431, 0.0, 0.0], "k_pid_vsp": [85.47894329559908, 30.094682479147313, 1e-06]}, "datetime": {"datetime": "2025-08-13 19:46:27", "elapsed": 35915.74604010582, "delta": 17.0844087600708}, "costs": {"total_cost": 188.75931812348412, "time_cost": 71.519, "final_distance_cost": 1.8250634309745082, "oscillation_cost": 27.55341553092731, "completition_cost": 0.0, "overshoot_cost": 51.01822063432947, "power_cost": 15.510716577148438, "noise_cost": 21.332901950104397, "n_waypoints_completed": 9, "tot_waypoints": 9}}
{"target": -185.89878101407038, "params": {"k_pid_pos": [0.9922624487770872, 0.0, 0.05503683717703387], "k_pid_alt": [1.5802787843400155, 0.0, 0.9518275489553569], "k_pid_att": [23.9196220291796, 3.7483952626597095, 0.2737143810570618], "k_pid_yaw": [0.5, 1e-06, 0.1], "k_pid_hsp": [0.11652610318697434, 0.0, 0.0], "k_pid_vsp": [101.73625792779848, 46.20496110539926, 0.4339699314692191]}, "datetime": {"datetime": "2025-08-13 19:46:44", "elapsed": 35932.10705566406, "delta": 16.361015558242798}, "costs": {"total_cost": 185.89878101407038, "time_cost": 71.547, "final_distance_cost": 1.827392426000021, "oscillation_cost": 26.970872403761295, "completition_cost": 0.0, "overshoot_cost": 51.20857367911309, "power_cost": 13.638762243652344, "noise_cost": 20.706180261543658, "n_waypoints_completed": 9, "tot_waypoints": 9}}
{"target": -194.67413492014458, "params": {"k_pid_pos": [1.0117206817520135, 0.007589280618151237, 0.05461640113234037], "k_pid_alt": [1.4900180224386714, 0.0, 0.8959371868832774], "k_pid_att": [33.463697152470274, 3.521344541316422, 0.2378835579911982], "k_pid_yaw": [0.5, 1e-06, 0.1], "k_pid_hsp": [0.3504545543140323, 0.0, 0.0], "k_pid_vsp": [57.441883215618134, 32.966724638259684, 1e-06]}, "datetime": {"datetime": "2025-08-13 19:47:01", "elapsed": 35949.3796172142, "delta": 17.27256155014038}, "costs": {"total_cost": 194.67413492014458, "time_cost": 72.121, "final_distance_cost": 1.8412759140775523, "oscillation_cost": 28.66822611219479, "completition_cost": 0.0, "overshoot_cost": 50.927793196816495, "power_cost": 18.713072595214843, "noise_cost": 22.402767101840922, "n_waypoints_completed": 9, "tot_waypoints": 9}}
{"target": -194.48238438023566, "params": {"k_pid_pos": [0.8771733015465295, 0.0, 0.06089947309395501], "k_pid_alt": [2.0, 0.0, 0.9622014611879653], "k_pid_att": [34.24460070337441, 3.2366993728392073, 0.20627106125408395], "k_pid_yaw": [0.5, 1e-06, 0.1], "k_pid_hsp": [0.06088178630323676, 0.0, 0.0], "k_pid_vsp": [123.8941527780508, 23.835516569901554, 1e-06]}, "datetime": {"datetime": "2025-08-13 19:47:19", "elapsed": 35967.95690870285, "delta": 18.57729148864746}, "costs": {"total_cost": 194.48238438023566, "time_cost": 77.224, "final_distance_cost": 1.784422346917197, "oscillation_cost": 22.609724455171456, "completition_cost": 0.0, "overshoot_cost": 53.95487436531857, "power_cost": 15.645682189941407, "noise_cost": 23.263681022887013, "n_waypoints_completed": 9, "tot_waypoints": 9}}
{"target": -182.31065433482837, "params": {"k_pid_pos": [0.8897780000105753, 0.0, 0.08846710760959506], "k_pid_alt": [1.721577288343262, 0.0, 0.9536487722085365], "k_pid_att": [33.57058897826453, 3.43363087941425, 0.26024514240951596], "k_pid_yaw": [0.5, 1e-06, 0.1], "k_pid_hsp": [0.1840028067914509, 0.0, 0.0], "k_pid_vsp": [118.46590215972964, 38.76149426741149, 1e-06]}, "datetime": {"datetime": "2025-08-13 19:47:36", "elapsed": 35984.41351079941, "delta": 16.456602096557617}, "costs": {"total_cost": 182.31065433482837, "time_cost": 71.288, "final_distance_cost": 1.831798861801721, "oscillation_cost": 26.837908518437114, "completition_cost": 0.0, "overshoot_cost": 50.57136914518365, "power_cost": 11.437680859375, "noise_cost": 20.343896950030867, "n_waypoints_completed": 9, "tot_waypoints": 9}}
{"target": -673.6568550074954, "params": {"k_pid_pos": [0.8214214569395714, 0.0, 0.08522243171791608], "k_pid_alt": [2.0, 0.0, 0.9465472786923267], "k_pid_att": [33.83768483851623, 4.4089956620033135, 0.27373069392349014], "k_pid_yaw": [0.5, 1e-06, 0.1], "k_pid_hsp": [0.01588677012481511, 0.0, 0.0], "k_pid_vsp": [189.20705793966954, 41.28276952540425, 1e-06]}, "datetime": {"datetime": "2025-08-13 19:48:04", "elapsed": 36012.62029957771, "delta": 28.206788778305054}, "costs": {"total_cost": 673.6568550074954, "time_cost": 150, "final_distance_cost": 73.83184933088333, "oscillation_cost": 6.854641408838155, "completition_cost": 333.33333333333337, "overshoot_cost": 60.616770849451626, "power_cost": 17.574836499023437, "noise_cost": 31.445423585965404, "n_waypoints_completed": 6, "tot_waypoints": 9}}
{"target": -184.69941999736815, "params": {"k_pid_pos": [1.1878619780148139, 0.0, 0.08058985445068514], "k_pid_alt": [1.6985248221758473, 0.0, 0.9468663435693118], "k_pid_att": [35.57221163165556, 3.4742785793086512, 0.27930083036908976], "k_pid_yaw": [0.5, 1e-06, 0.1], "k_pid_hsp": [0.1033322501473086, 0.0, 0.0], "k_pid_vsp": [80.50790487090184, 38.772896642757885, 1e-06]}, "datetime": {"datetime": "2025-08-13 19:48:22", "elapsed": 36030.44030594826, "delta": 17.820006370544434}, "costs": {"total_cost": 184.69941999736815, "time_cost": 71.386, "final_distance_cost": 1.8064163020705697, "oscillation_cost": 28.11335047491339, "completition_cost": 0.0, "overshoot_cost": 50.92327959421109, "power_cost": 12.146678234863282, "noise_cost": 20.323695391309816, "n_waypoints_completed": 9, "tot_waypoints": 9}}
{"target": -192.34233158917652, "params": {"k_pid_pos": [1.071556012908339, 0.0, 0.08203115239124131], "k_pid_alt": [1.592651100855785, 0.0, 0.8889732932255642], "k_pid_att": [33.862072034656805, 3.8425531035717535, 0.26197163639660426], "k_pid_yaw": [0.5, 1e-06, 0.1], "k_pid_hsp": [0.17722092777634013, 0.0, 0.0], "k_pid_vsp": [99.02196788341928, 32.344576202820996, 1e-06]}, "datetime": {"datetime": "2025-08-13 19:48:40", "elapsed": 36048.26478075981, "delta": 17.824474811553955}, "costs": {"total_cost": 192.34233158917652, "time_cost": 71.393, "final_distance_cost": 1.8233661046810952, "oscillation_cost": 28.174540602967657, "completition_cost": 0.0, "overshoot_cost": 51.35494410167734, "power_cost": 17.860682556152344, "noise_cost": 21.735798223698094, "n_waypoints_completed": 9, "tot_waypoints": 9}}
{"target": -187.80013463424365, "params": {"k_pid_pos": [0.8864906703885509, 0.0, 0.0751732425573356], "k_pid_alt": [1.7619042852879778, 0.0, 0.955773459293227], "k_pid_att": [34.32667187671798, 3.6021410047280624, 0.6882189111911581], "k_pid_yaw": [0.5, 1e-06, 0.1], "k_pid_hsp": [0.14844773211701612, 0.0, 0.0], "k_pid_vsp": [76.7946737153442, 28.18238470652652, 1e-06]}, "datetime": {"datetime": "2025-08-13 19:48:57", "elapsed": 36065.889835596085, "delta": 17.625054836273193}, "costs": {"total_cost": 187.80013463424365, "time_cost": 71.47, "final_distance_cost": 1.824548721096862, "oscillation_cost": 26.07664222316258, "completition_cost": 0.0, "overshoot_cost": 51.41192168262159, "power_cost": 15.491613732910157, "noise_cost": 21.52540827445245, "n_waypoints_completed": 9, "tot_waypoints": 9}}
{"target": -183.65057683011995, "params": {"k_pid_pos": [0.7866481886366792, 0.0, 0.022205225903139503], "k_pid_alt": [1.9515372226584402, 0.0, 0.9731973041732861], "k_pid_att": [36.05247812824827, 3.2311258888423664, 0.2580997537214124], "k_pid_yaw": [0.5, 1e-06, 0.1], "k_pid_hsp": [0.12669665155350307, 0.0, 0.0], "k_pid_vsp": [88.1262738121794, 31.10667332628093, 1e-06]}, "datetime": {"datetime": "2025-08-13 19:49:15", "elapsed": 36083.01275897026, "delta": 17.122923374176025}, "costs": {"total_cost": 183.65057683011995, "time_cost": 71.33, "final_distance_cost": 1.817295766187234, "oscillation_cost": 24.781762170689376, "completition_cost": 0.0, "overshoot_cost": 51.46879637529861, "power_cost": 13.3560658203125, "noise_cost": 20.89665669763224, "n_waypoints_completed": 9, "tot_waypoints": 9}}
{"target": -190.33120253324515, "params": {"k_pid_pos": [0.9487715348428052, 0.0, 0.08032598744261776], "k_pid_alt": [1.5491098642707342, 0.0, 0.9549409740779676], "k_pid_att": [34.48607510769596, 3.518412053074765, 0.25248453934188614], "k_pid_yaw": [0.5, 1e-06, 0.1], "k_pid_hsp": [0.09433338372547663, 0.0, 0.0], "k_pid_vsp": [182.48464906190236, 18.139699316412432, 1e-06]}, "datetime": {"datetime": "2025-08-13 19:49:33", "elapsed": 36101.25619363785, "delta": 18.24343466758728}, "costs": {"total_cost": 190.33120253324515, "time_cost": 73.346, "final_distance_cost": 1.7844071424830155, "oscillation_cost": 25.459734498145018, "completition_cost": 0.0, "overshoot_cost": 52.141043367147475, "power_cost": 15.719675244140626, "noise_cost": 21.88034228132897, "n_waypoints_completed": 9, "tot_waypoints": 9}}
{"target": -204.34922117961298, "params": {"k_pid_pos": [1.3451942157366819, 0.0005216985881815424, 0.07881867798407398], "k_pid_alt": [1.8108903443171227, 0.0, 0.77297508034187], "k_pid_att": [36.01535089458887, 3.5964978870403725, 0.22526397343137264], "k_pid_yaw": [0.5, 1e-06, 0.1], "k_pid_hsp": [0.03897840589931112, 0.0, 0.0], "k_pid_vsp": [89.73528420408059, 20.300865822800606, 1e-06]}, "datetime": {"datetime": "2025-08-13 19:49:53", "elapsed": 36121.69812464714, "delta": 20.441931009292603}, "costs": {"total_cost": 204.34922117961298, "time_cost": 86.128, "final_distance_cost": 1.758959497711466, "oscillation_cost": 21.29572483753236, "completition_cost": 0.0, "overshoot_cost": 58.416083030481, "power_cost": 12.350773559570314, "noise_cost": 24.399680254317833, "n_waypoints_completed": 9, "tot_waypoints": 9}}
{"target": -187.37656367552063, "params": {"k_pid_pos": [0.9184784771680747, 0.0, 0.0853288575491872], "k_pid_alt": [1.8997863763458, 0.0, 0.9572230313432001], "k_pid_att": [33.68738314905334, 3.371121699072317, 0.2666692115097119], "k_pid_yaw": [0.5, 1e-06, 0.1], "k_pid_hsp": [0.17724912570834672, 0.0, 0.0], "k_pid_vsp": [142.21646758594648, 47.25388174151403, 1e-06]}, "datetime": {"datetime": "2025-08-13 19:50:11", "elapsed": 36139.32948422432, "delta": 17.631359577178955}, "costs": {"total_cost": 187.37656367552063, "time_cost": 70.861, "final_distance_cost": 1.8289518324893015, "oscillation_cost": 26.795422260387202, "completition_cost": 0.0, "overshoot_cost": 50.86482501631086, "power_cost": 15.712348950195313, "noise_cost": 21.314015616137922, "n_waypoints_completed": 9, "tot_waypoints": 9}}
{"target": -197.26476742973887, "params": {"k_pid_pos": [1.0577583442465306, 0.0, 0.0783957366552532], "k_pid_alt": [1.8808171791521469, 0.0, 0.8969710545941465], "k_pid_att": [38.632303230247025, 3.4197392462542506, 0.2560285190546938], "k_pid_yaw": [0.5, 1e-06, 0.1], "k_pid_hsp": [0.050689304563947574, 0.0, 0.0], "k_pid_vsp": [106.94946864785868, 10.286628559686015, 1e-06]}, "datetime": {"datetime": "2025-08-13 19:50:31", "elapsed": 36159.036314964294, "delta": 19.706830739974976}, "costs": {"total_cost": 197.26476742973887, "time_cost": 79.548, "final_distance_cost": 1.7574884045942147, "oscillation_cost": 22.38986763897306, "completition_cost": 0.0, "overshoot_cost": 55.811137396811894, "power_cost": 14.451648303222656, "noise_cost": 23.306625686137032, "n_waypoints_completed": 9, "tot_waypoints": 9}}
{"target": -181.0027151599034, "params": {"k_pid_pos": [0.9064781893589474, 0.0, 0.036541622336269244], "k_pid_alt": [1.6035546559512979, 0.0, 0.9408514973328133], "k_pid_att": [41.984819763896105, 3.1461688977327205, 0.25664938521101716], "k_pid_yaw": [0.5, 1e-06, 0.1], "k_pid_hsp": [0.2289628992631143, 0.0, 0.0], "k_pid_vsp": [111.49119770832665, 29.694830160082308, 1e-06]}, "datetime": {"datetime": "2025-08-13 19:50:48", "elapsed": 36176.93842816353, "delta": 17.90211319923401}, "costs": {"total_cost": 181.0027151599034, "time_cost": 71.232, "final_distance_cost": 1.83206126798038, "oscillation_cost": 28.05829077087963, "completition_cost": 0.0, "overshoot_cost": 50.71209396807603, "power_cost": 9.491733093261718, "noise_cost": 19.676536059705626, "n_waypoints_completed": 9, "tot_waypoints": 9}}
{"target": -196.56660118588405, "params": {"k_pid_pos": [1.3127868089784822, 0.0, 0.07912182963570118], "k_pid_alt": [1.533412010783235, 0.0, 0.9172471650205065], "k_pid_att": [35.60030073813035, 3.469977980301437, 0.24394547428357463], "k_pid_yaw": [0.5, 1e-06, 0.1], "k_pid_hsp": [0.27421262759882575, 0.0, 0.0], "k_pid_vsp": [92.17796812252624, 24.72482647271842, 6.150191094141027]}, "datetime": {"datetime": "2025-08-13 19:51:07", "elapsed": 36195.88861036301, "delta": 18.95018219947815}, "costs": {"total_cost": 196.56660118588405, "time_cost": 71.379, "final_distance_cost": 1.814629747017757, "oscillation_cost": 30.666622615816976, "completition_cost": 0.0, "overshoot_cost": 50.825429826194096, "power_cost": 19.745219567871096, "noise_cost": 22.13569942898412, "n_waypoints_completed": 9, "tot_waypoints": 9}}
{"target": -184.78004588763375, "params": {"k_pid_pos": [1.0184385776437552, 0.0, 0.05706142820989475], "k_pid_alt": [1.8640272149272443, 0.0, 0.9529913755300178], "k_pid_att": [35.9883984471436, 3.2227843964603435, 0.20180992683441387], "k_pid_yaw": [0.5, 1e-06, 0.1], "k_pid_hsp": [0.1832607374667126, 0.0, 0.0], "k_pid_vsp": [84.68580848640687, 24.704124076387494, 1e-06]}, "datetime": {"datetime": "2025-08-13 19:51:27", "elapsed": 36215.182455062866, "delta": 19.29384469985962}, "costs": {"total_cost": 184.78004588763375, "time_cost": 70.364, "final_distance_cost": 1.8288213122883987, "oscillation_cost": 28.193373672461167, "completition_cost": 0.0, "overshoot_cost": 50.78023072622501, "power_cost": 12.982227111816407, "noise_cost": 20.63139306484276, "n_waypoints_completed": 9, "tot_waypoints": 9}}
{"target": -189.3694848253513, "params": {"k_pid_pos": [0.932580541929731, 0.0, 0.05745297296399175], "k_pid_alt": [1.9788882403815269, 0.0, 0.9538978539402472], "k_pid_att": [33.019842178109315, 3.415357280003306, 0.27888637405482425], "k_pid_yaw": [0.5, 1e-06, 0.1], "k_pid_hsp": [0.11388557925866391, 0.0, 0.0], "k_pid_vsp": [107.83033855072762, 32.59214217500956, 1e-06]}, "datetime": {"datetime": "2025-08-13 19:51:45", "elapsed": 36233.10155034065, "delta": 17.919095277786255}, "costs": {"total_cost": 189.3694848253513, "time_cost": 71.34400000000001, "final_distance_cost": 1.7918131145470102, "oscillation_cost": 25.797674161267594, "completition_cost": 0.0, "overshoot_cost": 51.655538924461815, "power_cost": 16.936766235351563, "noise_cost": 21.843692389723277, "n_waypoints_completed": 9, "tot_waypoints": 9}}
{"target": -192.5887061030205, "params": {"k_pid_pos": [0.8174987630484097, 0.0, 0.07156071507192277], "k_pid_alt": [1.9330688119613713, 0.0, 0.9531651183983694], "k_pid_att": [34.14567748402087, 3.5617995770007655, 0.29576333212140116], "k_pid_yaw": [0.5, 1e-06, 0.1], "k_pid_hsp": [0.1150374475692509, 0.0, 0.0], "k_pid_vsp": [122.77436301363721, 34.715710883730935, 1e-06]}, "datetime": {"datetime": "2025-08-13 19:52:02", "elapsed": 36250.10670351982, "delta": 17.0051531791687}, "costs": {"total_cost": 192.5887061030205, "time_cost": 72.275, "final_distance_cost": 1.823685869652527, "oscillation_cost": 24.614746763291627, "completition_cost": 0.0, "overshoot_cost": 51.71688394307913, "power_cost": 19.540685681152343, "noise_cost": 22.617703845844872, "n_waypoints_completed": 9, "tot_waypoints": 9}}
