{"target": -182.04092961495337, "params": {"k_pid_pos": [1.2290950869740098, 0.0, 0.07105101442265434], "k_pid_alt": [1.9633808938230088, 0.0, 0.9459826770155945], "k_pid_att": [32.30277283001802, 3.5278946689046253, 0.2658074651140614], "k_pid_yaw": [0.5, 1e-06, 0.1], "k_pid_hsp": [0.1634111952430788, 0.0, 0.0], "k_pid_vsp": [101.27765994718783, 42.26409074806692, 1e-06]}, "datetime": {"datetime": "2025-08-13 23:47:13", "elapsed": 50361.80352473259, "delta": 18.777470350265503}, "costs": {"total_cost": 182.04092961495337, "time_cost": 69.783, "final_distance_cost": 1.7953623987979364, "oscillation_cost": 29.649813091291755, "completition_cost": 0.0, "overshoot_cost": 50.62059840102002, "power_cost": 10.699539807128907, "noise_cost": 19.49261591671476, "n_waypoints_completed": 9, "tot_waypoints": 9}}
{"target": -183.68811082214742, "params": {"k_pid_pos": [0.8653968262416859, 0.0, 0.04174247500202556], "k_pid_alt": [1.8896060767865253, 0.0, 0.9487685953604894], "k_pid_att": [34.179993436280284, 3.686924535100617, 0.2711416501135922], "k_pid_yaw": [0.5, 1e-06, 0.1], "k_pid_hsp": [0.11637069907134881, 0.0, 0.0], "k_pid_vsp": [132.2133654812938, 8.322562448714365, 1e-06]}, "datetime": {"datetime": "2025-08-13 23:47:30", "elapsed": 50378.68319392204, "delta": 16.879669189453125}, "costs": {"total_cost": 183.68811082214742, "time_cost": 71.806, "final_distance_cost": 1.802257034639353, "oscillation_cost": 25.253332363011275, "completition_cost": 0.0, "overshoot_cost": 51.331810367443175, "power_cost": 12.651156628417969, "noise_cost": 20.843554428635656, "n_waypoints_completed": 9, "tot_waypoints": 9}}
{"target": -185.24074948676406, "params": {"k_pid_pos": [0.9184814029978403, 0.0, 0.014001247330964263], "k_pid_alt": [1.7762940046017113, 0.0, 0.9502598473986635], "k_pid_att": [33.77381848647957, 3.5389924036193494, 0.2509551078087087], "k_pid_yaw": [0.5, 1e-06, 0.1], "k_pid_hsp": [0.14446851200704086, 0.0, 0.0], "k_pid_vsp": [134.47073601620707, 47.43259948271034, 1e-06]}, "datetime": {"datetime": "2025-08-13 23:47:50", "elapsed": 50398.61898589134, "delta": 19.935791969299316}, "costs": {"total_cost": 185.24074948676406, "time_cost": 71.001, "final_distance_cost": 1.8169339021586444, "oscillation_cost": 26.958761343561022, "completition_cost": 0.0, "overshoot_cost": 50.90701880731216, "power_cost": 13.797220898437502, "noise_cost": 20.759814535294733, "n_waypoints_completed": 9, "tot_waypoints": 9}}
{"target": -184.8806928856943, "params": {"k_pid_pos": [0.7079912099036446, 0.0, 0.0012329142562645034], "k_pid_alt": [1.8862993441809466, 0.0, 0.9458222617950567], "k_pid_att": [45.27276026716053, 3.682004373753172, 0.2602560257142936], "k_pid_yaw": [0.5, 1e-06, 0.1], "k_pid_hsp": [0.13227242080249227, 0.0, 0.0], "k_pid_vsp": [186.07379773930748, 33.167128347323704, 1e-06]}, "datetime": {"datetime": "2025-08-13 23:48:07", "elapsed": 50415.59383440018, "delta": 16.97484850883484}, "costs": {"total_cost": 184.8806928856943, "time_cost": 72.086, "final_distance_cost": 1.8307214115247608, "oscillation_cost": 24.21954648043332, "completition_cost": 0.0, "overshoot_cost": 51.773996114098246, "power_cost": 13.753906750488282, "noise_cost": 21.216522129149663, "n_waypoints_completed": 9, "tot_waypoints": 9}}
{"target": -179.91754473638127, "params": {"k_pid_pos": [0.862785358675958, 0.0, 0.09750604671487759], "k_pid_alt": [1.9013682978499462, 0.0, 0.958529728092196], "k_pid_att": [33.54221500154685, 3.6282443654304957, 0.270323958523201], "k_pid_yaw": [0.5, 1e-06, 0.1], "k_pid_hsp": [0.10839959811292214, 0.0, 0.0], "k_pid_vsp": [141.0604317229185, 42.34715549108424, 1e-06]}, "datetime": {"datetime": "2025-08-13 23:48:27", "elapsed": 50435.75421714783, "delta": 20.160382747650146}, "costs": {"total_cost": 179.91754473638127, "time_cost": 71.365, "final_distance_cost": 1.8232156311164134, "oscillation_cost": 24.905809130468597, "completition_cost": 0.0, "overshoot_cost": 50.898060901332315, "power_cost": 10.886003442382814, "noise_cost": 20.039455631081164, "n_waypoints_completed": 9, "tot_waypoints": 9}}
{"target": -188.5406085737319, "params": {"k_pid_pos": [0.7732175020751128, 0.0, 0.0], "k_pid_alt": [1.8643671041721361, 0.0, 0.9455808789546749], "k_pid_att": [32.278084037919065, 4.021021227835162, 0.2755098207449376], "k_pid_yaw": [0.5, 1e-06, 0.1], "k_pid_hsp": [0.22010109847206072, 0.0, 0.0], "k_pid_vsp": [137.2112343940031, 36.53497752903663, 1e-06]}, "datetime": {"datetime": "2025-08-13 23:48:45", "elapsed": 50453.06280326843, "delta": 17.30858612060547}, "costs": {"total_cost": 188.5406085737319, "time_cost": 71.729, "final_distance_cost": 1.830855793630952, "oscillation_cost": 26.251076550340613, "completition_cost": 0.0, "overshoot_cost": 50.88239696265482, "power_cost": 15.998067053222657, "noise_cost": 21.849212213882893, "n_waypoints_completed": 9, "tot_waypoints": 9}}
{"target": -181.7960348638882, "params": {"k_pid_pos": [0.7009896382953346, 0.0, 0.0046505098626933765], "k_pid_alt": [1.8834510108044211, 0.0, 0.9486026116372319], "k_pid_att": [33.47769404057708, 3.6895609366715743, 0.27526647836647067], "k_pid_yaw": [0.5, 1e-06, 0.1], "k_pid_hsp": [0.11605144611682172, 0.0, 0.0], "k_pid_vsp": [136.8854226152019, 47.08622268081419, 1e-06]}, "datetime": {"datetime": "2025-08-13 23:49:03", "elapsed": 50471.86054754257, "delta": 18.797744274139404}, "costs": {"total_cost": 181.7960348638882, "time_cost": 71.827, "final_distance_cost": 1.8284851252012762, "oscillation_cost": 23.51087239153711, "completition_cost": 0.0, "overshoot_cost": 50.88096722795187, "power_cost": 12.832092614746095, "noise_cost": 20.916617504451846, "n_waypoints_completed": 9, "tot_waypoints": 9}}
{"target": -198.7788251218728, "params": {"k_pid_pos": [0.8162871753380578, 0.001390060032520395, 0.04715132385969859], "k_pid_alt": [1.4522786757144202, 0.0, 0.9015862742230982], "k_pid_att": [33.12563848052545, 3.6500306036403813, 0.2429650912517741], "k_pid_yaw": [0.5, 1e-06, 0.1], "k_pid_hsp": [0.28215780837919147, 0.0, 0.0], "k_pid_vsp": [147.6215645725162, 34.97620917074273, 1e-06]}, "datetime": {"datetime": "2025-08-13 23:49:21", "elapsed": 50489.805720090866, "delta": 17.945172548294067}, "costs": {"total_cost": 198.7788251218728, "time_cost": 73.962, "final_distance_cost": 1.8496396181829164, "oscillation_cost": 26.894659786261553, "completition_cost": 0.0, "overshoot_cost": 51.657264617086355, "power_cost": 21.112957629394533, "noise_cost": 23.302303470947443, "n_waypoints_completed": 9, "tot_waypoints": 9}}
{"target": -186.13865774450613, "params": {"k_pid_pos": [0.8240484366696186, 0.0, 0.03019212355099775], "k_pid_alt": [1.743659307634757, 0.0, 0.9651279933077646], "k_pid_att": [38.28284864755251, 3.3990000648099734, 0.28800417990688576], "k_pid_yaw": [0.5, 1e-06, 0.1], "k_pid_hsp": [0.11818961471615042, 0.0, 0.0], "k_pid_vsp": [92.20858134054352, 61.2846747952827, 1e-06]}, "datetime": {"datetime": "2025-08-13 23:49:41", "elapsed": 50509.061301231384, "delta": 19.25558114051819}, "costs": {"total_cost": 186.13865774450613, "time_cost": 71.687, "final_distance_cost": 1.7992819828742532, "oscillation_cost": 25.082044437863544, "completition_cost": 0.0, "overshoot_cost": 51.281528562403544, "power_cost": 15.052752795410157, "noise_cost": 21.23604996595462, "n_waypoints_completed": 9, "tot_waypoints": 9}}
{"target": -181.9431327817665, "params": {"k_pid_pos": [0.5997925567541689, 0.0, 0.003133789193022511], "k_pid_alt": [1.8710452439124403, 0.0, 0.9441363316558835], "k_pid_att": [33.38703350702799, 3.745207270492395, 0.27419157462166927], "k_pid_yaw": [0.5, 1e-06, 0.1], "k_pid_hsp": [0.10768180835411113, 0.0, 0.0], "k_pid_vsp": [101.23851684517304, 51.459843747954054, 1e-06]}, "datetime": {"datetime": "2025-08-13 23:49:58", "elapsed": 50526.227279663086, "delta": 17.16597843170166}, "costs": {"total_cost": 181.9431327817665, "time_cost": 72.73, "final_distance_cost": 1.8131898927425674, "oscillation_cost": 22.069039080671853, "completition_cost": 0.0, "overshoot_cost": 51.692107554688, "power_cost": 12.594068762207032, "noise_cost": 21.04472749145705, "n_waypoints_completed": 9, "tot_waypoints": 9}}
{"target": -189.01789244526407, "params": {"k_pid_pos": [0.6660690719604503, 0.0, 0.0088592626903164], "k_pid_alt": [1.909072663434913, 0.0, 0.9469569220562396], "k_pid_att": [33.434290011272665, 3.69352318315712, 0.2732756805920934], "k_pid_yaw": [0.5, 1e-06, 0.1], "k_pid_hsp": [0.11502027752801085, 0.0, 0.0], "k_pid_vsp": [94.5347072608225, 47.45307686983864, 1e-06]}, "datetime": {"datetime": "2025-08-13 23:50:17", "elapsed": 50545.3521592617, "delta": 19.124879598617554}, "costs": {"total_cost": 189.01789244526407, "time_cost": 72.478, "final_distance_cost": 1.8124763496314649, "oscillation_cost": 23.437893693338182, "completition_cost": 0.0, "overshoot_cost": 51.375300385153025, "power_cost": 17.534835888671875, "noise_cost": 22.37938612846956, "n_waypoints_completed": 9, "tot_waypoints": 9}}
{"target": -178.99213394680157, "params": {"k_pid_pos": [0.6212030074711729, 0.0, 0.0], "k_pid_alt": [1.842702791766457, 0.0, 0.9528418639145257], "k_pid_att": [33.4285124064558, 3.5112342884213055, 0.27934816573074805], "k_pid_yaw": [0.5, 1e-06, 0.1], "k_pid_hsp": [0.1419897239203803, 0.0, 0.0], "k_pid_vsp": [145.27456115950292, 28.790415577974375, 1e-06]}, "datetime": {"datetime": "2025-08-13 23:50:34", "elapsed": 50562.74836063385, "delta": 17.396201372146606}, "costs": {"total_cost": 178.99213394680157, "time_cost": 72.926, "final_distance_cost": 1.8271686037655177, "oscillation_cost": 24.04552532609536, "completition_cost": 0.0, "overshoot_cost": 51.472278428764895, "power_cost": 8.923822277832032, "noise_cost": 19.79733931034375, "n_waypoints_completed": 9, "tot_waypoints": 9}}
{"target": -1237.6493706006065, "params": {"k_pid_pos": [0.8734776915169565, 0.0, 0.0], "k_pid_alt": [1.7303256467262116, 0.0, 0.9845784654353974], "k_pid_att": [36.36185312881072, 3.663854150139653, 0.2345079154601696], "k_pid_yaw": [0.5, 1e-06, 0.1], "k_pid_hsp": [0.0001, 0.0, 0.0], "k_pid_vsp": [97.5180986705256, 44.149572823501046, 1e-06]}, "datetime": {"datetime": "2025-08-13 23:51:05", "elapsed": 50593.1384139061, "delta": 30.390053272247314}, "costs": {"total_cost": 1237.6493706006065, "time_cost": 150, "final_distance_cost": 47.08628917085689, "oscillation_cost": 0.01781600727429842, "completition_cost": 888.8888888888888, "overshoot_cost": 97.74377899800798, "power_cost": 20.95570622558594, "noise_cost": 32.95689130999257, "n_waypoints_completed": 1, "tot_waypoints": 9}}
{"target": -190.1759346405409, "params": {"k_pid_pos": [0.7071475539920772, 0.0, 0.06516745913185087], "k_pid_alt": [1.905429347723263, 0.0, 0.9559967323422995], "k_pid_att": [33.43014388961939, 3.735572471438206, 0.39448701136000797], "k_pid_yaw": [0.5, 1e-06, 0.1], "k_pid_hsp": [0.26010534935098056, 0.0, 0.0], "k_pid_vsp": [112.01708141922052, 41.78059614347254, 1e-06]}, "datetime": {"datetime": "2025-08-13 23:51:22", "elapsed": 50610.162162065506, "delta": 17.02374815940857}, "costs": {"total_cost": 190.1759346405409, "time_cost": 73.794, "final_distance_cost": 1.8524067901845258, "oscillation_cost": 26.352564097564244, "completition_cost": 0.0, "overshoot_cost": 50.91256974649205, "power_cost": 14.972175390625, "noise_cost": 22.292218615675083, "n_waypoints_completed": 9, "tot_waypoints": 9}}
{"target": -180.34744777939574, "params": {"k_pid_pos": [0.848621546069404, 0.0, 0.006802011354806658], "k_pid_alt": [1.9023835446332253, 0.0, 0.9814462254044284], "k_pid_att": [33.49431024942449, 3.655916157772803, 0.27441740355166067], "k_pid_yaw": [0.5, 1e-06, 0.1], "k_pid_hsp": [0.11449268587795162, 0.0, 0.0], "k_pid_vsp": [133.9353439139497, 48.85770987771953, 1e-06]}, "datetime": {"datetime": "2025-08-13 23:51:40", "elapsed": 50628.33988690376, "delta": 18.177724838256836}, "costs": {"total_cost": 180.34744777939574, "time_cost": 71.134, "final_distance_cost": 1.815384486050449, "oscillation_cost": 25.371472118108294, "completition_cost": 0.0, "overshoot_cost": 50.854700026554596, "power_cost": 11.10638779296875, "noise_cost": 20.065503355713652, "n_waypoints_completed": 9, "tot_waypoints": 9}}
{"target": -194.57921778182106, "params": {"k_pid_pos": [1.2882521404264142, 0.0, 0.06056130713815532], "k_pid_alt": [1.9550064207118587, 0.0, 0.9455126673335458], "k_pid_att": [35.11697075745378, 3.3158275088236686, 0.2641406310227593], "k_pid_yaw": [0.5, 1e-06, 0.1], "k_pid_hsp": [0.07236986208386972, 0.0, 0.0], "k_pid_vsp": [112.79229267154705, 17.459222285853354, 1e-06]}, "datetime": {"datetime": "2025-08-13 23:51:58", "elapsed": 50646.443645238876, "delta": 18.103758335113525}, "costs": {"total_cost": 194.57921778182106, "time_cost": 73.08, "final_distance_cost": 1.7510902578564487, "oscillation_cost": 27.046665273171907, "completition_cost": 0.0, "overshoot_cost": 53.13157867906514, "power_cost": 17.295704296875, "noise_cost": 22.274179274852553, "n_waypoints_completed": 9, "tot_waypoints": 9}}
{"target": -197.268924786461, "params": {"k_pid_pos": [0.9345160389196259, 1.684145689700105e-05, 0.017161478934532678], "k_pid_alt": [1.7826204885373966, 0.0, 0.947312731105353], "k_pid_att": [34.35039831557627, 3.544189474234101, 0.2718829276168581], "k_pid_yaw": [0.5, 1e-06, 0.1], "k_pid_hsp": [0.12576617451980437, 0.0, 0.0], "k_pid_vsp": [101.53460557761984, 49.74217763831263, 1e-06]}, "datetime": {"datetime": "2025-08-13 23:52:15", "elapsed": 50663.95699048042, "delta": 17.51334524154663}, "costs": {"total_cost": 197.268924786461, "time_cost": 72.023, "final_distance_cost": 1.803861579109698, "oscillation_cost": 26.308300445670074, "completition_cost": 0.0, "overshoot_cost": 51.72908162775792, "power_cost": 22.446424365234375, "noise_cost": 22.95825676868897, "n_waypoints_completed": 9, "tot_waypoints": 9}}
{"target": -200.65720326913691, "params": {"k_pid_pos": [0.7010288591813966, 0.0, 0.08014279247802439], "k_pid_alt": [1.6502616789120452, 0.0, 0.9591914189011574], "k_pid_att": [34.44879889720577, 3.616772093882737, 0.2725025076999487], "k_pid_yaw": [0.5, 1e-06, 0.1], "k_pid_hsp": [0.15269685992818788, 0.0, 0.0], "k_pid_vsp": [132.9841187652478, 60.894845288871565, 1e-06]}, "datetime": {"datetime": "2025-08-13 23:52:35", "elapsed": 50683.4619371891, "delta": 19.5049467086792}, "costs": {"total_cost": 200.65720326913691, "time_cost": 73.955, "final_distance_cost": 1.836691233701084, "oscillation_cost": 24.706973428677493, "completition_cost": 0.0, "overshoot_cost": 51.70441826525101, "power_cost": 23.987576403808596, "noise_cost": 24.466543937698727, "n_waypoints_completed": 9, "tot_waypoints": 9}}
{"target": -177.46943253048133, "params": {"k_pid_pos": [0.8357169160217747, 0.0, 7.853467782887105e-05], "k_pid_alt": [1.858237516645099, 0.0, 0.9790380759617325], "k_pid_att": [32.1302140716557, 3.6891796983583265, 0.2696249948319599], "k_pid_yaw": [0.5, 1e-06, 0.1], "k_pid_hsp": [0.21124463293773976, 0.0, 0.0], "k_pid_vsp": [124.20886380237982, 40.87482306336686, 1e-06]}, "datetime": {"datetime": "2025-08-13 23:52:51", "elapsed": 50699.380041360855, "delta": 15.91810417175293}, "costs": {"total_cost": 177.46943253048133, "time_cost": 70.616, "final_distance_cost": 1.8285854981944196, "oscillation_cost": 27.07367760952257, "completition_cost": 0.0, "overshoot_cost": 50.382538185542074, "power_cost": 8.493774047851563, "noise_cost": 19.074857189370693, "n_waypoints_completed": 9, "tot_waypoints": 9}}
{"target": -184.47050634770463, "params": {"k_pid_pos": [0.8549776655673829, 0.0, 0.01823941089438369], "k_pid_alt": [1.8082069685068745, 0.0, 0.9417089602506739], "k_pid_att": [36.19171400727494, 3.123408676875396, 0.26833767579024637], "k_pid_yaw": [0.5, 1e-06, 0.1], "k_pid_hsp": [0.31037974418069036, 0.0, 0.0], "k_pid_vsp": [136.6865398037681, 6.156239813038404, 1e-06]}, "datetime": {"datetime": "2025-08-13 23:53:10", "elapsed": 50718.20094347, "delta": 18.820902109146118}, "costs": {"total_cost": 184.47050634770463, "time_cost": 72.21900000000001, "final_distance_cost": 1.8394418271718034, "oscillation_cost": 28.06765787281256, "completition_cost": 0.0, "overshoot_cost": 51.22654920455807, "power_cost": 10.68724979248047, "noise_cost": 20.43060765068173, "n_waypoints_completed": 9, "tot_waypoints": 9}}
{"target": -183.08832696824473, "params": {"k_pid_pos": [0.6547559332821498, 0.0, 0.0028803558750242946], "k_pid_alt": [1.7935308866038362, 0.0, 0.952617543338798], "k_pid_att": [32.89997714494148, 3.1998309413616672, 0.23687357570673231], "k_pid_yaw": [0.5, 1e-06, 0.1], "k_pid_hsp": [0.12097711865585833, 0.0, 0.0], "k_pid_vsp": [119.72715437856867, 47.836853295189044, 0.22237653982478825]}, "datetime": {"datetime": "2025-08-13 23:53:27", "elapsed": 50735.93522953987, "delta": 17.734286069869995}, "costs": {"total_cost": 183.08832696824473, "time_cost": 72.415, "final_distance_cost": 1.8283647919680477, "oscillation_cost": 23.61310448058306, "completition_cost": 0.0, "overshoot_cost": 51.23357058749099, "power_cost": 12.909856494140625, "noise_cost": 21.088430614062002, "n_waypoints_completed": 9, "tot_waypoints": 9}}
{"target": -182.48585180855954, "params": {"k_pid_pos": [0.8597828798879323, 0.0, 0.031374014507266304], "k_pid_alt": [1.954767198747048, 0.0, 0.9479924686018834], "k_pid_att": [33.30872088190243, 3.6927366690240655, 0.2942692726237945], "k_pid_yaw": [0.5, 1e-06, 0.1], "k_pid_hsp": [0.11614580007215942, 0.0, 0.0], "k_pid_vsp": [130.48888094191452, 49.324072806108596, 1e-06]}, "datetime": {"datetime": "2025-08-13 23:53:46", "elapsed": 50754.81729412079, "delta": 18.88206458091736}, "costs": {"total_cost": 182.48585180855954, "time_cost": 70.959, "final_distance_cost": 1.793448748109158, "oscillation_cost": 25.302282969768527, "completition_cost": 0.0, "overshoot_cost": 50.96487258285215, "power_cost": 12.852442712402345, "noise_cost": 20.613804795427377, "n_waypoints_completed": 9, "tot_waypoints": 9}}
{"target": -182.5122514882652, "params": {"k_pid_pos": [0.6261187752170885, 0.0, 0.014566037327011158], "k_pid_alt": [1.8873682727963705, 0.0, 0.9586882456300246], "k_pid_att": [33.522634257231324, 3.730009655271911, 0.275546407397538], "k_pid_yaw": [0.5, 1e-06, 0.1], "k_pid_hsp": [0.11740626231638318, 0.0, 0.0], "k_pid_vsp": [114.60688737207032, 48.65422735198238, 1e-06]}, "datetime": {"datetime": "2025-08-13 23:54:05", "elapsed": 50773.69942235947, "delta": 18.88212823867798}, "costs": {"total_cost": 182.5122514882652, "time_cost": 72.604, "final_distance_cost": 1.8164243790776389, "oscillation_cost": 23.073605485784253, "completition_cost": 0.0, "overshoot_cost": 51.192759596688404, "power_cost": 12.79695262451172, "noise_cost": 21.028509402203188, "n_waypoints_completed": 9, "tot_waypoints": 9}}
{"target": -184.1978229053927, "params": {"k_pid_pos": [0.7889291026669694, 0.0, 0.0], "k_pid_alt": [1.875487754279539, 0.0, 0.9480475589583719], "k_pid_att": [33.30685765099145, 3.679632972334922, 0.28263545599708295], "k_pid_yaw": [0.5, 1e-06, 0.1], "k_pid_hsp": [0.11657894420171899, 0.0, 0.0], "k_pid_vsp": [131.09924940802836, 40.91387472406226, 1e-06]}, "datetime": {"datetime": "2025-08-13 23:54:22", "elapsed": 50790.84968805313, "delta": 17.15026569366455}, "costs": {"total_cost": 184.1978229053927, "time_cost": 71.505, "final_distance_cost": 1.8264477078262165, "oscillation_cost": 24.825348360884007, "completition_cost": 0.0, "overshoot_cost": 51.51833357856773, "power_cost": 13.547693884277344, "noise_cost": 20.97499937383742, "n_waypoints_completed": 9, "tot_waypoints": 9}}
{"target": -177.8128917863812, "params": {"k_pid_pos": [0.8752526603824811, 0.0, 0.04461005854745736], "k_pid_alt": [1.8517357262330911, 0.0, 0.9842340421168395], "k_pid_att": [29.163983624245617, 4.954028668671936, 0.2415311070572906], "k_pid_yaw": [0.5, 1e-06, 0.1], "k_pid_hsp": [0.1180915083202798, 0.0, 0.0], "k_pid_vsp": [102.70482485722717, 37.120177778612195, 1e-06]}, "datetime": {"datetime": "2025-08-13 23:54:42", "elapsed": 50810.58221936226, "delta": 19.732531309127808}, "costs": {"total_cost": 177.8128917863812, "time_cost": 70.96600000000001, "final_distance_cost": 1.812798296759654, "oscillation_cost": 25.615567289026465, "completition_cost": 0.0, "overshoot_cost": 50.442308450129765, "power_cost": 9.477808520507812, "noise_cost": 19.498409229957492, "n_waypoints_completed": 9, "tot_waypoints": 9}}
{"target": -184.57146960331858, "params": {"k_pid_pos": [1.1567265110038571, 0.0, 0.04170437154084904], "k_pid_alt": [1.9123515637850919, 0.0, 0.9502183223966049], "k_pid_att": [33.22113449469511, 3.6900025558435505, 0.23351766977745736], "k_pid_yaw": [0.5, 1e-06, 0.1], "k_pid_hsp": [0.09255584468788541, 0.0, 0.0], "k_pid_vsp": [116.53896558914082, 1.2850675491974215, 1e-06]}, "datetime": {"datetime": "2025-08-13 23:54:59", "elapsed": 50827.46852231026, "delta": 16.886302947998047}, "costs": {"total_cost": 184.57146960331858, "time_cost": 72.947, "final_distance_cost": 1.793123565275367, "oscillation_cost": 27.70342053865702, "completition_cost": 0.0, "overshoot_cost": 52.74172000542867, "power_cost": 9.612483959960938, "noise_cost": 19.773721533996564, "n_waypoints_completed": 9, "tot_waypoints": 9}}
{"target": -240.67365467623014, "params": {"k_pid_pos": [0.2652997941538562, 0.0, 0.026432483256887067], "k_pid_alt": [1.6902321669731932, 0.0, 0.9159923333756983], "k_pid_att": [31.833240099654684, 3.6639988454781585, 0.27464970966960783], "k_pid_yaw": [0.5, 1e-06, 0.1], "k_pid_hsp": [0.13415830251100785, 0.0, 0.0], "k_pid_vsp": [130.44197179457183, 40.74343115356235, 1e-06]}, "datetime": {"datetime": "2025-08-13 23:55:25", "elapsed": 50853.722972631454, "delta": 26.25445032119751}, "costs": {"total_cost": 240.67365467623014, "time_cost": 102.354, "final_distance_cost": 1.8585677439029946, "oscillation_cost": 15.483347697474334, "completition_cost": 0.0, "overshoot_cost": 56.63728468989535, "power_cost": 27.712497705078125, "noise_cost": 36.62795683987931, "n_waypoints_completed": 9, "tot_waypoints": 9}}
