{"target": -193.4490313750816, "params": {"k_pid_pos": [0.8507485303142228, 0.0, 0.05831138611268025], "k_pid_alt": [1.9841069474637905, 0.0, 0.9518722111524666], "k_pid_att": [33.519928457980676, 3.5345647766892054, 0.26979327239836093], "k_pid_yaw": [0.5, 1e-06, 0.1], "k_pid_hsp": [0.11016419010344164, 0.0, 0.0], "k_pid_vsp": [0.0, 34.11152974715936, 1e-06]}, "datetime": {"datetime": "2025-08-13 21:56:51", "elapsed": 43739.27610731125, "delta": 17.8521249294281}, "costs": {"total_cost": 193.4490313750816, "time_cost": 75.397, "final_distance_cost": 1.8093453822700936, "oscillation_cost": 27.338041380181412, "completition_cost": 0.0, "overshoot_cost": 53.97093733285068, "power_cost": 14.037823388671876, "noise_cost": 20.89588389110752, "n_waypoints_completed": 9, "tot_waypoints": 9}}
{"target": -179.8465555414318, "params": {"k_pid_pos": [0.8466563565502953, 0.0, 0.010026591719308118], "k_pid_alt": [1.9589480966385926, 0.0, 0.9520164347743892], "k_pid_att": [33.02243306384754, 3.5101240259263986, 0.2593338816215802], "k_pid_yaw": [0.5, 1e-06, 0.1], "k_pid_hsp": [0.11192536040322261, 0.0, 0.0], "k_pid_vsp": [99.102619550859, 38.01964927117084, 1e-06]}, "datetime": {"datetime": "2025-08-13 21:57:09", "elapsed": 43757.920021772385, "delta": 18.643914461135864}, "costs": {"total_cost": 179.8465555414318, "time_cost": 70.84700000000001, "final_distance_cost": 1.808163431968022, "oscillation_cost": 24.967370209124702, "completition_cost": 0.0, "overshoot_cost": 51.41097708604385, "power_cost": 10.868302014160157, "noise_cost": 19.94474280013506, "n_waypoints_completed": 9, "tot_waypoints": 9}}
{"target": -180.56902764237347, "params": {"k_pid_pos": [0.8460625248341802, 0.0, 0.09665710159536733], "k_pid_alt": [1.876220639031064, 0.0, 0.9506419207957939], "k_pid_att": [34.24509817628643, 3.495479761107824, 0.2768708527724746], "k_pid_yaw": [0.5, 1e-06, 0.1], "k_pid_hsp": [0.08939999951924366, 0.0, 0.0], "k_pid_vsp": [90.23756960667002, 22.197469470116744, 1e-06]}, "datetime": {"datetime": "2025-08-13 21:57:27", "elapsed": 43775.119529247284, "delta": 17.199507474899292}, "costs": {"total_cost": 180.56902764237347, "time_cost": 72.261, "final_distance_cost": 1.8086021155377863, "oscillation_cost": 23.42747302523876, "completition_cost": 0.0, "overshoot_cost": 52.07301720037259, "power_cost": 10.710968103027344, "noise_cost": 20.287967198197013, "n_waypoints_completed": 9, "tot_waypoints": 9}}
{"target": -188.48733226757207, "params": {"k_pid_pos": [1.0061769113166157, 0.0, 0.08843757983545444], "k_pid_alt": [1.855230397374378, 0.0, 0.8639823918901104], "k_pid_att": [35.009073109434375, 3.7522182885666235, 0.25113065140256685], "k_pid_yaw": [0.5, 1e-06, 0.1], "k_pid_hsp": [0.11540815453111083, 0.0, 0.0], "k_pid_vsp": [77.89582207740762, 56.9791181951831, 1e-06]}, "datetime": {"datetime": "2025-08-13 21:57:44", "elapsed": 43792.67956018448, "delta": 17.560030937194824}, "costs": {"total_cost": 188.48733226757207, "time_cost": 71.029, "final_distance_cost": 1.81204473272657, "oscillation_cost": 26.660987514062633, "completition_cost": 0.0, "overshoot_cost": 51.5605975123357, "power_cost": 16.081276245117188, "noise_cost": 21.343426263329988, "n_waypoints_completed": 9, "tot_waypoints": 9}}
{"target": -186.8519006680826, "params": {"k_pid_pos": [0.914250026635652, 0.0, 0.05795177576373871], "k_pid_alt": [1.8648337340869892, 0.0, 0.9536097013222185], "k_pid_att": [30.365590054873493, 3.457253788583373, 0.30521807833362874], "k_pid_yaw": [0.5, 1e-06, 0.1], "k_pid_hsp": [0.6385145018109549, 0.0, 0.0], "k_pid_vsp": [91.53993462679256, 31.912231814793696, 1e-06]}, "datetime": {"datetime": "2025-08-13 21:58:01", "elapsed": 43809.092274427414, "delta": 16.41271424293518}, "costs": {"total_cost": 186.8519006680826, "time_cost": 71.393, "final_distance_cost": 1.8492587518278085, "oscillation_cost": 29.004711469104386, "completition_cost": 0.0, "overshoot_cost": 50.16255021314481, "power_cost": 13.295927954101563, "noise_cost": 21.146452279904054, "n_waypoints_completed": 9, "tot_waypoints": 9}}
{"target": -176.20044717958498, "params": {"k_pid_pos": [0.8882241407016451, 0.0, 0.02858687461911985], "k_pid_alt": [1.9018360369260139, 0.0, 0.9483224765196347], "k_pid_att": [33.775988599742305, 3.5247572374627913, 0.27390680281314234], "k_pid_yaw": [0.5, 1e-06, 0.1], "k_pid_hsp": [0.11526649112872656, 0.0, 0.0], "k_pid_vsp": [137.55477737385627, 33.50605094351699, 1e-06]}, "datetime": {"datetime": "2025-08-13 21:58:19", "elapsed": 43827.13876223564, "delta": 18.04648780822754}, "costs": {"total_cost": 176.20044717958498, "time_cost": 71.134, "final_distance_cost": 1.798026144069799, "oscillation_cost": 26.19971003969418, "completition_cost": 0.0, "overshoot_cost": 51.29249876268299, "power_cost": 7.5273048706054695, "noise_cost": 18.248907362532538, "n_waypoints_completed": 9, "tot_waypoints": 9}}
{"target": -183.11487697007, "params": {"k_pid_pos": [1.1344472408834885, 0.0, 0.10070677036359191], "k_pid_alt": [1.3919813546832647, 0.0, 0.9473740659402653], "k_pid_att": [39.680410767546235, 3.405665545359122, 0.28313325117001126], "k_pid_yaw": [0.5, 1e-06, 0.1], "k_pid_hsp": [0.26889652987173174, 0.0, 0.0], "k_pid_vsp": [96.26752659468598, 46.41584801688107, 1e-06]}, "datetime": {"datetime": "2025-08-13 21:58:37", "elapsed": 43845.325664520264, "delta": 18.186902284622192}, "costs": {"total_cost": 183.11487697007, "time_cost": 71.46300000000001, "final_distance_cost": 1.8320473993018473, "oscillation_cost": 29.476170336335453, "completition_cost": 0.0, "overshoot_cost": 50.281526275873894, "power_cost": 10.346428698730469, "noise_cost": 19.715704259828286, "n_waypoints_completed": 9, "tot_waypoints": 9}}
{"target": -179.3637558121835, "params": {"k_pid_pos": [0.7601949771899746, 0.00021197699008111822, 0.07404577579162866], "k_pid_alt": [1.829300661396038, 0.0, 0.9437178222303727], "k_pid_att": [34.53177860695609, 3.5243882250689986, 0.2507651644653195], "k_pid_yaw": [0.5, 1e-06, 0.1], "k_pid_hsp": [0.190588716020798, 0.0, 0.0], "k_pid_vsp": [90.37610819413987, 34.62460954580055, 1e-06]}, "datetime": {"datetime": "2025-08-13 21:58:54", "elapsed": 43862.621185302734, "delta": 17.295520782470703}, "costs": {"total_cost": 179.3637558121835, "time_cost": 72.03, "final_distance_cost": 1.8372591332860857, "oscillation_cost": 25.8184489520278, "completition_cost": 0.0, "overshoot_cost": 50.94442410768052, "power_cost": 9.090017883300781, "noise_cost": 19.64360573588835, "n_waypoints_completed": 9, "tot_waypoints": 9}}
{"target": -191.0497490276296, "params": {"k_pid_pos": [0.9023361753985487, 0.0, 0.06378278316305949], "k_pid_alt": [2.0, 0.0, 0.9353353286988615], "k_pid_att": [34.70368058976726, 3.2409863252854896, 0.27144566786843327], "k_pid_yaw": [0.5, 1e-06, 0.1], "k_pid_hsp": [0.2352516455538356, 0.0, 0.0], "k_pid_vsp": [107.31581092710331, 68.32861204871631, 1e-06]}, "datetime": {"datetime": "2025-08-13 21:59:13", "elapsed": 43881.04187679291, "delta": 18.42069149017334}, "costs": {"total_cost": 191.0497490276296, "time_cost": 71.008, "final_distance_cost": 1.8367706678176339, "oscillation_cost": 26.97261231080488, "completition_cost": 0.0, "overshoot_cost": 50.95017920291519, "power_cost": 18.318514465332033, "noise_cost": 21.963672380759856, "n_waypoints_completed": 9, "tot_waypoints": 9}}
{"target": -190.54947229252087, "params": {"k_pid_pos": [1.1553017984031215, 0.0, 0.21053195111942605], "k_pid_alt": [1.9219384188498352, 0.0, 0.9900591604827169], "k_pid_att": [34.883497404500226, 3.7442935495016765, 0.26316629826864313], "k_pid_yaw": [0.5, 1e-06, 0.1], "k_pid_hsp": [0.2235760991358813, 0.0, 0.0], "k_pid_vsp": [118.51687454476719, 9.046193322339128, 1e-06]}, "datetime": {"datetime": "2025-08-13 21:59:29", "elapsed": 43897.96760845184, "delta": 16.925731658935547}, "costs": {"total_cost": 190.54947229252087, "time_cost": 71.918, "final_distance_cost": 1.8352937851159759, "oscillation_cost": 28.475705486321772, "completition_cost": 0.0, "overshoot_cost": 51.3664202857488, "power_cost": 15.359045678710938, "noise_cost": 21.595007056623366, "n_waypoints_completed": 9, "tot_waypoints": 9}}
{"target": -181.98091133981336, "params": {"k_pid_pos": [0.9171326956344048, 0.0, 0.008923388189384845], "k_pid_alt": [1.8634206268517064, 0.0, 0.9713948045558031], "k_pid_att": [37.23149600812184, 2.5332111133762556, 0.2742505541409239], "k_pid_yaw": [0.5, 1e-06, 0.1], "k_pid_hsp": [0.21669817802091834, 0.0, 0.0], "k_pid_vsp": [127.8798525668724, 39.126636741588875, 1e-06]}, "datetime": {"datetime": "2025-08-13 21:59:47", "elapsed": 43915.53927755356, "delta": 17.571669101715088}, "costs": {"total_cost": 181.98091133981336, "time_cost": 70.392, "final_distance_cost": 1.8402919695463904, "oscillation_cost": 27.76549973853918, "completition_cost": 0.0, "overshoot_cost": 50.77681711753815, "power_cost": 11.140529272460938, "noise_cost": 20.06577324172871, "n_waypoints_completed": 9, "tot_waypoints": 9}}
{"target": -189.3649749145087, "params": {"k_pid_pos": [1.0346047129982703, 0.0, 0.02912361917972054], "k_pid_alt": [1.5815312533832004, 0.0, 0.9450709229062745], "k_pid_att": [34.90978785351393, 3.4631907475872215, 0.28201162523109863], "k_pid_yaw": [0.5, 1e-06, 0.1], "k_pid_hsp": [0.09420581621961971, 0.0, 0.0], "k_pid_vsp": [136.98519663589732, 28.61844711924453, 1.891039630061051]}, "datetime": {"datetime": "2025-08-13 22:00:05", "elapsed": 43932.98338341713, "delta": 17.444105863571167}, "costs": {"total_cost": 189.3649749145087, "time_cost": 72.688, "final_distance_cost": 1.8163783863319698, "oscillation_cost": 26.841360030696944, "completition_cost": 0.0, "overshoot_cost": 51.77963147060995, "power_cost": 14.777696936035158, "noise_cost": 21.461908090834683, "n_waypoints_completed": 9, "tot_waypoints": 9}}
{"target": -186.26891148688168, "params": {"k_pid_pos": [0.7955533615452023, 0.0, 0.060845476845620756], "k_pid_alt": [1.8895303383252746, 0.0, 0.9497137678573085], "k_pid_att": [32.94829960947864, 3.685535632850795, 0.2670605019429768], "k_pid_yaw": [0.5, 1e-06, 0.1], "k_pid_hsp": [0.11559933135178703, 0.0, 0.0], "k_pid_vsp": [119.15278590652119, 35.716887995101814, 1e-06]}, "datetime": {"datetime": "2025-08-13 22:00:24", "elapsed": 43952.13153934479, "delta": 19.14815592765808}, "costs": {"total_cost": 186.26891148688168, "time_cost": 71.792, "final_distance_cost": 1.8187951878288218, "oscillation_cost": 24.381297889770217, "completition_cost": 0.0, "overshoot_cost": 51.41598086762677, "power_cost": 15.281141088867189, "noise_cost": 21.579696452788678, "n_waypoints_completed": 9, "tot_waypoints": 9}}
{"target": -183.6163553791327, "params": {"k_pid_pos": [0.8651424992057212, 0.0, 0.01705335555193558], "k_pid_alt": [1.8478152793534868, 0.0, 0.9684695080284227], "k_pid_att": [33.17571704492288, 3.7687253489226573, 0.2685743586652919], "k_pid_yaw": [0.5, 1e-06, 0.1], "k_pid_hsp": [0.1259036667601893, 0.0, 0.0], "k_pid_vsp": [125.39229689279603, 40.47771760308011, 1e-06]}, "datetime": {"datetime": "2025-08-13 22:00:41", "elapsed": 43969.407652139664, "delta": 17.2761127948761}, "costs": {"total_cost": 183.6163553791327, "time_cost": 71.134, "final_distance_cost": 1.8008638203909118, "oscillation_cost": 25.85750730883635, "completition_cost": 0.0, "overshoot_cost": 51.180005973801336, "power_cost": 12.920168884277345, "noise_cost": 20.723809391826748, "n_waypoints_completed": 9, "tot_waypoints": 9}}
{"target": -191.8660064260033, "params": {"k_pid_pos": [0.8710580926979878, 0.0, 0.06503976313082636], "k_pid_alt": [1.9036444166122939, 0.0, 0.9523597522306965], "k_pid_att": [34.51765139272192, 3.4922146221237322, 0.27650570638693606], "k_pid_yaw": [0.5, 1e-06, 0.1], "k_pid_hsp": [0.11917452937998158, 0.0, 0.0], "k_pid_vsp": [120.57082769719372, 33.57666630346872, 1e-06]}, "datetime": {"datetime": "2025-08-13 22:00:59", "elapsed": 43987.11841201782, "delta": 17.71075987815857}, "costs": {"total_cost": 191.8660064260033, "time_cost": 71.813, "final_distance_cost": 1.825534726464252, "oscillation_cost": 25.231564768111486, "completition_cost": 0.0, "overshoot_cost": 51.94616536143572, "power_cost": 18.81684304199219, "noise_cost": 22.232898527999637, "n_waypoints_completed": 9, "tot_waypoints": 9}}
{"target": -178.36242189983403, "params": {"k_pid_pos": [0.8681985856706858, 0.0, 0.026470147663613636], "k_pid_alt": [1.9999474545436773, 0.0, 0.9450720299465608], "k_pid_att": [32.83185122503265, 5.445652821881891, 0.27389483991558805], "k_pid_yaw": [0.5, 1e-06, 0.1], "k_pid_hsp": [0.11567795070050496, 0.0, 0.0], "k_pid_vsp": [150.2090260502313, 39.96411530741612, 1e-06]}, "datetime": {"datetime": "2025-08-13 22:01:16", "elapsed": 44003.9837243557, "delta": 16.865312337875366}, "costs": {"total_cost": 178.36242189983403, "time_cost": 70.868, "final_distance_cost": 1.822366716967407, "oscillation_cost": 25.494935304509777, "completition_cost": 0.0, "overshoot_cost": 51.19240963744498, "power_cost": 9.580691870117189, "noise_cost": 19.404018370794653, "n_waypoints_completed": 9, "tot_waypoints": 9}}
{"target": -185.67063106397072, "params": {"k_pid_pos": [1.2054958857443543, 0.0, 0.042127257264095566], "k_pid_alt": [1.7292989343246261, 0.0, 0.9482055436948121], "k_pid_att": [34.92901711406881, 3.451063445366439, 0.27520942950998034], "k_pid_yaw": [0.5, 1e-06, 0.1], "k_pid_hsp": [0.22193185706146334, 0.0, 0.0], "k_pid_vsp": [112.05818316671171, 29.495612079291764, 1e-06]}, "datetime": {"datetime": "2025-08-13 22:01:33", "elapsed": 44021.61430978775, "delta": 17.630585432052612}, "costs": {"total_cost": 185.67063106397072, "time_cost": 70.56700000000001, "final_distance_cost": 1.8288058798099918, "oscillation_cost": 30.33924730188203, "completition_cost": 0.0, "overshoot_cost": 50.693459229489875, "power_cost": 12.10653837890625, "noise_cost": 20.135580273882585, "n_waypoints_completed": 9, "tot_waypoints": 9}}
{"target": -183.9854246990782, "params": {"k_pid_pos": [0.9431479989091125, 0.0, 0.04503590000728452], "k_pid_alt": [1.665464000150887, 0.0, 0.9480672976933194], "k_pid_att": [35.38547509089475, 3.54386602966299, 0.2590007413096413], "k_pid_yaw": [0.5, 1e-06, 0.1], "k_pid_hsp": [0.12735453330461893, 0.0, 0.0], "k_pid_vsp": [150.84945065682166, 33.9201020065015, 1e-06]}, "datetime": {"datetime": "2025-08-13 22:01:52", "elapsed": 44040.27910256386, "delta": 18.664792776107788}, "costs": {"total_cost": 183.9854246990782, "time_cost": 71.603, "final_distance_cost": 1.8120924067603699, "oscillation_cost": 26.579164164215513, "completition_cost": 0.0, "overshoot_cost": 51.279579534033864, "power_cost": 12.289159509277344, "noise_cost": 20.422429084791123, "n_waypoints_completed": 9, "tot_waypoints": 9}}
{"target": -189.80728933367826, "params": {"k_pid_pos": [0.845919373386294, 0.0, 0.01704549004570014], "k_pid_alt": [1.9018727351670945, 0.0, 0.9468093490375907], "k_pid_att": [33.62713325086859, 3.525253935337375, 0.2694118457639129], "k_pid_yaw": [0.5, 1e-06, 0.1], "k_pid_hsp": [0.12093800649241865, 0.0, 0.0], "k_pid_vsp": [156.53606613622838, 33.57449683737785, 1e-06]}, "datetime": {"datetime": "2025-08-13 22:02:09", "elapsed": 44057.00554203987, "delta": 16.726439476013184}, "costs": {"total_cost": 189.80728933367826, "time_cost": 71.673, "final_distance_cost": 1.807233362907695, "oscillation_cost": 25.51002214616934, "completition_cost": 0.0, "overshoot_cost": 51.64262861899324, "power_cost": 17.259266662597657, "noise_cost": 21.91513854301032, "n_waypoints_completed": 9, "tot_waypoints": 9}}
{"target": -187.11156744988344, "params": {"k_pid_pos": [0.7725632658364281, 0.0, 0.00957929336702559], "k_pid_alt": [1.8348322295363044, 0.0, 0.9529492191132279], "k_pid_att": [34.2640806862758, 3.5060026784831346, 0.2702329048106725], "k_pid_yaw": [0.5, 1e-06, 0.1], "k_pid_hsp": [0.11507138538570194, 0.0, 0.0], "k_pid_vsp": [89.56219518356743, 28.435128905058807, 1e-06]}, "datetime": {"datetime": "2025-08-13 22:02:27", "elapsed": 44075.36560845375, "delta": 18.360066413879395}, "costs": {"total_cost": 187.11156744988344, "time_cost": 71.953, "final_distance_cost": 1.8040314764768985, "oscillation_cost": 24.656527626478763, "completition_cost": 0.0, "overshoot_cost": 51.56171036515553, "power_cost": 15.493952709960938, "noise_cost": 21.64234527181131, "n_waypoints_completed": 9, "tot_waypoints": 9}}
{"target": -191.8289561417249, "params": {"k_pid_pos": [0.8766356649961725, 0.0, 0.0008182774761791717], "k_pid_alt": [1.5549973406396624, 0.0, 0.9697314778738808], "k_pid_att": [26.840832115740994, 3.2778866611960416, 0.273227416703996], "k_pid_yaw": [0.5, 1e-06, 0.1], "k_pid_hsp": [0.15423015877747825, 0.0, 0.0], "k_pid_vsp": [104.27353181239899, 35.609162683820514, 1e-06]}, "datetime": {"datetime": "2025-08-13 22:02:43", "elapsed": 44091.80615019798, "delta": 16.440541744232178}, "costs": {"total_cost": 191.8289561417249, "time_cost": 72.086, "final_distance_cost": 1.8091364254346505, "oscillation_cost": 26.624091210112514, "completition_cost": 0.0, "overshoot_cost": 51.4584568295192, "power_cost": 17.852262500000002, "noise_cost": 21.99900917665854, "n_waypoints_completed": 9, "tot_waypoints": 9}}
{"target": -205.1760679275704, "params": {"k_pid_pos": [0.5826419558977936, 0.0, 0.05300707704028827], "k_pid_alt": [1.6521815354916287, 0.0, 0.9144494651645907], "k_pid_att": [35.30618370864979, 3.4738822748110527, 0.31625311279890933], "k_pid_yaw": [0.5, 1e-06, 0.1], "k_pid_hsp": [0.3173019277963279, 0.0, 0.0], "k_pid_vsp": [154.13720160281747, 25.489828485630685, 1e-06]}, "datetime": {"datetime": "2025-08-13 22:03:03", "elapsed": 44111.57559251785, "delta": 19.769442319869995}, "costs": {"total_cost": 205.1760679275704, "time_cost": 79.513, "final_distance_cost": 1.8509541958241948, "oscillation_cost": 25.77743811753199, "completition_cost": 0.0, "overshoot_cost": 52.0673211295856, "power_cost": 20.475821350097657, "noise_cost": 25.49153313453096, "n_waypoints_completed": 9, "tot_waypoints": 9}}
{"target": -189.9845506182716, "params": {"k_pid_pos": [0.9211911524254961, 0.0, 0.05054556627760062], "k_pid_alt": [1.9160891046998978, 0.0, 0.9514653128241548], "k_pid_att": [34.26379062063932, 3.5169406287507328, 0.27201351939785], "k_pid_yaw": [0.5, 1e-06, 0.1], "k_pid_hsp": [0.11127176478882869, 0.0, 0.0], "k_pid_vsp": [99.78871583405568, 33.795887190715355, 1e-06]}, "datetime": {"datetime": "2025-08-13 22:03:22", "elapsed": 44130.655938625336, "delta": 19.08034610748291}, "costs": {"total_cost": 189.9845506182716, "time_cost": 71.47, "final_distance_cost": 1.8265548865895738, "oscillation_cost": 26.012849224714863, "completition_cost": 0.0, "overshoot_cost": 51.822519053749666, "power_cost": 17.0536447265625, "noise_cost": 21.798982726654984, "n_waypoints_completed": 9, "tot_waypoints": 9}}
{"target": -189.67016961731449, "params": {"k_pid_pos": [1.0083713131092766, 0.0014781217822761841, 0.005883130578032355], "k_pid_alt": [1.6932365313100017, 0.0, 0.9595366331624249], "k_pid_att": [31.92358643599949, 3.485879272552623, 0.2788890057222191], "k_pid_yaw": [0.5, 1e-06, 0.1], "k_pid_hsp": [0.16432176503516188, 0.0, 0.0], "k_pid_vsp": [208.83205975898974, 35.45499235841378, 1e-06]}, "datetime": {"datetime": "2025-08-13 22:03:39", "elapsed": 44147.9561188221, "delta": 17.300180196762085}, "costs": {"total_cost": 189.67016961731449, "time_cost": 71.568, "final_distance_cost": 1.8126053633486798, "oscillation_cost": 28.105194036108585, "completition_cost": 0.0, "overshoot_cost": 51.5147666874379, "power_cost": 15.445361987304688, "noise_cost": 21.224241543114633, "n_waypoints_completed": 9, "tot_waypoints": 9}}
{"target": -192.23014824146972, "params": {"k_pid_pos": [0.7943633945112918, 0.0, 0.04786297087418962], "k_pid_alt": [1.8280120046274133, 0.0, 0.9498363972186928], "k_pid_att": [39.404989160701604, 3.4441197813550346, 0.2702533940465595], "k_pid_yaw": [0.5, 1e-06, 0.1], "k_pid_hsp": [0.16773261005073833, 0.0, 0.0], "k_pid_vsp": [191.33069021402963, 31.65370320042379, 1e-06]}, "datetime": {"datetime": "2025-08-13 22:03:59", "elapsed": 44167.15100812912, "delta": 19.194889307022095}, "costs": {"total_cost": 192.23014824146972, "time_cost": 72.135, "final_distance_cost": 1.8364691247036646, "oscillation_cost": 25.7491200809666, "completition_cost": 0.0, "overshoot_cost": 51.918073800840084, "power_cost": 18.07522626953125, "noise_cost": 22.51625896542811, "n_waypoints_completed": 9, "tot_waypoints": 9}}
{"target": -199.52731599080153, "params": {"k_pid_pos": [1.129828043670049, 0.0, 0.030841292080029885], "k_pid_alt": [1.882423776456397, 0.0, 0.9673915124129866], "k_pid_att": [33.74921162833938, 3.530041875982442, 0.27292183586825963], "k_pid_yaw": [0.5, 1e-06, 0.1], "k_pid_hsp": [0.13341344171592562, 0.0, 0.0], "k_pid_vsp": [142.04887601927695, 34.65054231379666, 1e-06]}, "datetime": {"datetime": "2025-08-13 22:04:16", "elapsed": 44184.578362464905, "delta": 17.427354335784912}, "costs": {"total_cost": 199.52731599080153, "time_cost": 73.15, "final_distance_cost": 1.7983841298207233, "oscillation_cost": 29.69911043279053, "completition_cost": 0.0, "overshoot_cost": 51.90354507311989, "power_cost": 20.22856640625, "noise_cost": 22.747709948820393, "n_waypoints_completed": 9, "tot_waypoints": 9}}
{"target": -186.71320623659147, "params": {"k_pid_pos": [0.8739588578705609, 0.0, 0.039687811057009], "k_pid_alt": [1.8854161664314586, 0.0, 0.934412538578241], "k_pid_att": [34.32152056609242, 3.5005241016266786, 0.29738703935935046], "k_pid_yaw": [0.5, 1e-06, 0.1], "k_pid_hsp": [0.1673104317527373, 0.0, 0.0], "k_pid_vsp": [112.66373093706751, 33.712186504199245, 1e-06]}, "datetime": {"datetime": "2025-08-13 22:04:34", "elapsed": 44202.45109343529, "delta": 17.87273097038269}, "costs": {"total_cost": 186.71320623659147, "time_cost": 70.96600000000001, "final_distance_cost": 1.8245467016487875, "oscillation_cost": 26.476885063678615, "completition_cost": 0.0, "overshoot_cost": 51.08890130685486, "power_cost": 15.009059033203126, "noise_cost": 21.347814131206057, "n_waypoints_completed": 9, "tot_waypoints": 9}}
