{"target": -190.0110462225104, "params": {"k_pid_pos": [1.0967515125977778, 0.0, 0.0], "k_pid_alt": [1.5289421270092032, 0.0, 0.9445177807085532], "k_pid_att": [29.18071889344033, 1.9433909785083983, 0.23443233635881758], "k_pid_yaw": [0.5, 1e-06, 0.1], "k_pid_hsp": [0.29193395920511794, 0.0, 0.0], "k_pid_vsp": [172.0748506752032, 12.213129983987995, 1e-06]}, "datetime": {"datetime": "2025-08-13 15:01:59", "elapsed": 18847.905432224274, "delta": 19.05320405960083}, "costs": {"total_cost": 190.0110462225104, "time_cost": 72.205, "final_distance_cost": 1.8321916467568897, "oscillation_cost": 30.04583841269394, "completition_cost": 0.0, "overshoot_cost": 51.772240470979824, "power_cost": 13.358024047851563, "noise_cost": 20.797751644228196, "n_waypoints_completed": 9, "tot_waypoints": 9}}
{"target": -187.01805850278464, "params": {"k_pid_pos": [1.0434102811944694, 0.0458787822605089, 0.09072389892884247], "k_pid_alt": [1.8836416576531774, 0.0, 0.9689114637306565], "k_pid_att": [50.9213183474901, 4.414331036197522, 0.24782274609503097], "k_pid_yaw": [0.5, 1e-06, 0.1], "k_pid_hsp": [0.23925866623798175, 0.0, 0.0], "k_pid_vsp": [178.77785015037358, 4.814911725269342, 0.7766766370839093]}, "datetime": {"datetime": "2025-08-13 15:02:18", "elapsed": 18866.122747182846, "delta": 18.217314958572388}, "costs": {"total_cost": 187.01805850278464, "time_cost": 71.512, "final_distance_cost": 1.8357063072567235, "oscillation_cost": 29.381139548765432, "completition_cost": 0.0, "overshoot_cost": 51.63549780353112, "power_cost": 12.13563543701172, "noise_cost": 20.518079406219602, "n_waypoints_completed": 9, "tot_waypoints": 9}}
{"target": -191.70021672994062, "params": {"k_pid_pos": [1.1902073568203977, 0.0, 0.0], "k_pid_alt": [1.6388294266151433, 0.0, 0.9424037416530467], "k_pid_att": [57.71417375401499, 3.350229577799573, 0.2429755803552843], "k_pid_yaw": [0.5, 1e-06, 0.1], "k_pid_hsp": [0.27198173403948483, 0.0, 0.0], "k_pid_vsp": [133.43664499687713, 21.283295963434835, 1e-06]}, "datetime": {"datetime": "2025-08-13 15:02:36", "elapsed": 18884.075902223587, "delta": 17.953155040740967}, "costs": {"total_cost": 191.70021672994062, "time_cost": 71.32300000000001, "final_distance_cost": 1.810088873982346, "oscillation_cost": 31.40327221629861, "completition_cost": 0.0, "overshoot_cost": 51.32495271429605, "power_cost": 14.750838317871095, "noise_cost": 21.088064607492527, "n_waypoints_completed": 9, "tot_waypoints": 9}}
{"target": -195.38931734070138, "params": {"k_pid_pos": [1.249516399302434, 0.0, 0.07424345692021246], "k_pid_alt": [1.632611235509548, 0.0, 0.9357376350676981], "k_pid_att": [37.42193789027808, 3.4833506970452817, 0.23956463948471768], "k_pid_yaw": [0.5, 1e-06, 0.1], "k_pid_hsp": [0.2729151151329579, 0.0, 0.0], "k_pid_vsp": [124.40203775585397, 19.99711136021484, 1e-06]}, "datetime": {"datetime": "2025-08-13 15:02:54", "elapsed": 18902.422184944153, "delta": 18.346282720565796}, "costs": {"total_cost": 195.38931734070138, "time_cost": 71.673, "final_distance_cost": 1.8067045423295853, "oscillation_cost": 30.091955960390575, "completition_cost": 0.0, "overshoot_cost": 51.31364908406346, "power_cost": 18.432806420898437, "noise_cost": 22.07120133301932, "n_waypoints_completed": 9, "tot_waypoints": 9}}
{"target": -197.08685382534537, "params": {"k_pid_pos": [1.1400900201961723, 0.0836033903027687, 0.042184617335651715], "k_pid_alt": [1.6365825773724436, 0.014109439376476417, 0.9825422230258569], "k_pid_att": [30.761943469050628, 2.932401048312084, 0.16022760866060753], "k_pid_yaw": [0.5, 1e-06, 0.1], "k_pid_hsp": [0.7291194339317071, 0.027107828972632097, 0.0], "k_pid_vsp": [137.3001655216617, 29.758671655849422, 6.009757278403006]}, "datetime": {"datetime": "2025-08-13 15:03:21", "elapsed": 18929.93958377838, "delta": 27.517398834228516}, "costs": {"total_cost": 197.08685382534537, "time_cost": 72.275, "final_distance_cost": 1.807783969970748, "oscillation_cost": 32.87292244980895, "completition_cost": 0.0, "overshoot_cost": 50.884260984811725, "power_cost": 17.26850632324219, "noise_cost": 21.97838009751177, "n_waypoints_completed": 9, "tot_waypoints": 9}}
{"target": -1298.3098444008647, "params": {"k_pid_pos": [0.0001, 0.0, 0.00047987170743806623], "k_pid_alt": [1.5870400671816676, 0.0, 0.9987222036746808], "k_pid_att": [28.87411136910957, 3.4221434294386994, 0.2869745852534274], "k_pid_yaw": [0.5, 1e-06, 0.1], "k_pid_hsp": [0.18672685889469634, 0.0, 0.0], "k_pid_vsp": [162.58801530901133, 21.450358952606322, 1e-06]}, "datetime": {"datetime": "2025-08-13 15:03:57", "elapsed": 18965.423717021942, "delta": 35.48413324356079}, "costs": {"total_cost": 1298.3098444008647, "time_cost": 150, "final_distance_cost": 45.99016245191506, "oscillation_cost": 0.18066254911005916, "completition_cost": 1000.0, "overshoot_cost": 35.48225068300533, "power_cost": 31.51148388671875, "noise_cost": 35.14528483011562, "n_waypoints_completed": 0, "tot_waypoints": 9}}
{"target": -195.32943415660424, "params": {"k_pid_pos": [1.086446516180826, 0.04503623186698103, 0.08193535331057103], "k_pid_alt": [1.594654788631898, 0.0, 0.9246082599564112], "k_pid_att": [29.26126146430458, 3.19786431256282, 0.19423535403359204], "k_pid_yaw": [0.5, 1e-06, 0.1], "k_pid_hsp": [0.5804958192076456, 0.0, 0.0], "k_pid_vsp": [91.11756048104063, 1e-06, 0.06953296951680754]}, "datetime": {"datetime": "2025-08-13 15:04:15", "elapsed": 18983.157177209854, "delta": 17.733460187911987}, "costs": {"total_cost": 195.32943415660424, "time_cost": 72.443, "final_distance_cost": 1.840459284724034, "oscillation_cost": 30.028341990425115, "completition_cost": 0.0, "overshoot_cost": 51.4055543241688, "power_cost": 17.07074647216797, "noise_cost": 22.541332085118302, "n_waypoints_completed": 9, "tot_waypoints": 9}}
{"target": -184.3565307965487, "params": {"k_pid_pos": [1.2050231566903566, 0.0, 0.09544980690040497], "k_pid_alt": [1.6192813867160176, 0.0, 0.9664567192389095], "k_pid_att": [38.65039356373429, 3.203458708541324, 0.2275147112999042], "k_pid_yaw": [0.5, 1e-06, 0.1], "k_pid_hsp": [0.25782612538724725, 0.0, 0.0], "k_pid_vsp": [251.19227501813305, 22.566847341163133, 1e-06]}, "datetime": {"datetime": "2025-08-13 15:04:34", "elapsed": 19002.037391901016, "delta": 18.88021469116211}, "costs": {"total_cost": 184.3565307965487, "time_cost": 71.274, "final_distance_cost": 1.8381232770154945, "oscillation_cost": 30.335765347047996, "completition_cost": 0.0, "overshoot_cost": 51.07552828699469, "power_cost": 10.185047595214844, "noise_cost": 19.648066290275665, "n_waypoints_completed": 9, "tot_waypoints": 9}}
{"target": -4752.932674263185, "params": {"k_pid_pos": [1.2896293907972993, 0.0, 0.0], "k_pid_alt": [1.6925780863738566, 0.0, 1.0], "k_pid_att": [0.0, 4.832196263203798, 0.2604583576846003], "k_pid_yaw": [0.5, 1e-06, 0.1], "k_pid_hsp": [0.0001, 0.4927354952677889, 0.004839655395969811], "k_pid_vsp": [138.04343597412048, 108.34729111144316, 1e-06]}, "datetime": {"datetime": "2025-08-13 15:05:06", "elapsed": 19034.201177358627, "delta": 32.163785457611084}, "costs": {"total_cost": 4752.932674263185, "time_cost": 150, "final_distance_cost": 430.87151924155614, "oscillation_cost": 2226.14028340419, "completition_cost": 1000.0, "overshoot_cost": 736.8522491927221, "power_cost": 58.56585563964844, "noise_cost": 150.5027667850686, "n_waypoints_completed": 0, "tot_waypoints": 9}}
{"target": -191.85063596445133, "params": {"k_pid_pos": [1.3341890172803066, 0.0, 0.3375644772083013], "k_pid_alt": [1.561021085405361, 0.0, 0.9875411901806481], "k_pid_att": [42.005783438764595, 5.117884091963669, 0.24718164379456142], "k_pid_yaw": [0.5, 1e-06, 0.1], "k_pid_hsp": [0.32933825604931705, 0.0, 0.0], "k_pid_vsp": [132.66087141721738, 31.049512402730134, 1e-06]}, "datetime": {"datetime": "2025-08-13 15:05:24", "elapsed": 19052.69735097885, "delta": 18.496173620224}, "costs": {"total_cost": 191.85063596445133, "time_cost": 71.84100000000001, "final_distance_cost": 1.8478826724845685, "oscillation_cost": 29.665571578188914, "completition_cost": 0.0, "overshoot_cost": 50.82769075119016, "power_cost": 15.938930212402344, "noise_cost": 21.729560750185342, "n_waypoints_completed": 9, "tot_waypoints": 9}}
{"target": -188.62905488889422, "params": {"k_pid_pos": [1.1674742206730666, 0.0, 0.08549182027648158], "k_pid_alt": [1.5483867856903584, 0.0, 0.9685483346318364], "k_pid_att": [34.310047749087616, 3.381831089196682, 0.2508102821006272], "k_pid_yaw": [0.5, 1e-06, 0.1], "k_pid_hsp": [0.31940734785328845, 0.0, 0.0], "k_pid_vsp": [128.1636527954381, 32.19696663791064, 1e-06]}, "datetime": {"datetime": "2025-08-13 15:05:43", "elapsed": 19071.054748535156, "delta": 18.35739755630493}, "costs": {"total_cost": 188.62905488889422, "time_cost": 71.197, "final_distance_cost": 1.8413417255379325, "oscillation_cost": 29.96047389536987, "completition_cost": 0.0, "overshoot_cost": 50.782917738927075, "power_cost": 13.980382641601564, "noise_cost": 20.866938887457803, "n_waypoints_completed": 9, "tot_waypoints": 9}}
{"target": -188.90978346004815, "params": {"k_pid_pos": [1.150807979076329, 0.0, 0.08306237523420455], "k_pid_alt": [1.6274481915971364, 0.0, 0.9441697029515105], "k_pid_att": [37.443539761096396, 3.2098600061984484, 0.25167282798027596], "k_pid_yaw": [0.5, 1e-06, 0.1], "k_pid_hsp": [0.25295433884382096, 0.0, 0.0], "k_pid_vsp": [138.81549589050115, 25.31500504111399, 1e-06]}, "datetime": {"datetime": "2025-08-13 15:06:01", "elapsed": 19089.730548620224, "delta": 18.67580008506775}, "costs": {"total_cost": 188.90978346004815, "time_cost": 71.358, "final_distance_cost": 1.8407329486011492, "oscillation_cost": 29.468880495290435, "completition_cost": 0.0, "overshoot_cost": 51.23626465200047, "power_cost": 14.120266809082032, "noise_cost": 20.885638555074056, "n_waypoints_completed": 9, "tot_waypoints": 9}}
{"target": -198.76471422046478, "params": {"k_pid_pos": [1.0421453888058096, 0.0, 0.0750104115459175], "k_pid_alt": [1.6194203260257545, 0.0, 0.9428033696200087], "k_pid_att": [35.03534556204404, 3.4313966173455936, 0.9358811202776878], "k_pid_yaw": [0.5, 1e-06, 0.1], "k_pid_hsp": [0.11584769645959772, 0.0, 0.0], "k_pid_vsp": [125.89773735160783, 23.353831320594843, 1e-06]}, "datetime": {"datetime": "2025-08-13 15:06:21", "elapsed": 19109.228061676025, "delta": 19.49751305580139}, "costs": {"total_cost": 198.76471422046478, "time_cost": 72.681, "final_distance_cost": 1.7933732728132068, "oscillation_cost": 27.136764345905988, "completition_cost": 0.0, "overshoot_cost": 52.10114830952556, "power_cost": 22.04807947998047, "noise_cost": 23.004348812239556, "n_waypoints_completed": 9, "tot_waypoints": 9}}
{"target": -207.57779833318648, "params": {"k_pid_pos": [0.47581123407887904, 0.0, 0.10097838943345204], "k_pid_alt": [1.6479921943832778, 0.0, 0.9536803565542349], "k_pid_att": [35.384091459364086, 3.3456559022077736, 0.2176922023949422], "k_pid_yaw": [0.5, 1e-06, 0.1], "k_pid_hsp": [0.2636450218798511, 0.0, 0.0], "k_pid_vsp": [123.90515274295356, 25.27345488276715, 1e-06]}, "datetime": {"datetime": "2025-08-13 15:06:43", "elapsed": 19131.42756843567, "delta": 22.199506759643555}, "costs": {"total_cost": 207.57779833318648, "time_cost": 84.714, "final_distance_cost": 1.8551168949946686, "oscillation_cost": 23.347723149776776, "completition_cost": 0.0, "overshoot_cost": 52.39763497839436, "power_cost": 18.035314990234376, "noise_cost": 27.228008319786273, "n_waypoints_completed": 9, "tot_waypoints": 9}}
{"target": -186.75640536545689, "params": {"k_pid_pos": [1.2132828777386089, 0.0, 0.09503437985672344], "k_pid_alt": [1.6289391468187875, 0.0, 0.9471995443191101], "k_pid_att": [37.3097048774261, 3.3364645160945123, 0.24982389667596083], "k_pid_yaw": [0.5, 1e-06, 0.1], "k_pid_hsp": [0.2919826102407524, 0.0, 0.0], "k_pid_vsp": [102.99574846127288, 28.479045730525005, 1e-06]}, "datetime": {"datetime": "2025-08-13 15:07:01", "elapsed": 19149.164308786392, "delta": 17.736740350723267}, "costs": {"total_cost": 186.75640536545689, "time_cost": 70.581, "final_distance_cost": 1.8406710725862492, "oscillation_cost": 30.23802377922285, "completition_cost": 0.0, "overshoot_cost": 50.345490323547914, "power_cost": 13.13451805419922, "noise_cost": 20.616702135900667, "n_waypoints_completed": 9, "tot_waypoints": 9}}
{"target": -197.33513999599774, "params": {"k_pid_pos": [1.1379627043704852, 0.0255696173752065, 0.0708754093807814], "k_pid_alt": [1.5768766710155633, 0.0, 0.8978142130477929], "k_pid_att": [30.70067125022428, 3.3028440768005694, 0.2689051531547449], "k_pid_yaw": [0.5, 1e-06, 0.1], "k_pid_hsp": [0.27104185087559224, 0.0, 0.0], "k_pid_vsp": [117.34216487319249, 23.784505824370733, 1e-06]}, "datetime": {"datetime": "2025-08-13 15:07:18", "elapsed": 19166.700384378433, "delta": 17.536075592041016}, "costs": {"total_cost": 197.33513999599774, "time_cost": 72.884, "final_distance_cost": 1.824057410705596, "oscillation_cost": 30.491452068700948, "completition_cost": 0.0, "overshoot_cost": 51.45238539649781, "power_cost": 18.469437915039062, "noise_cost": 22.21380720505431, "n_waypoints_completed": 9, "tot_waypoints": 9}}
{"target": -190.4648806418797, "params": {"k_pid_pos": [0.9442263171089993, 0.0, 0.16806768345967502], "k_pid_alt": [1.6163259912418124, 0.0, 0.9469280099280747], "k_pid_att": [39.79943028127232, 3.241262056650404, 0.2824589074296922], "k_pid_yaw": [0.5, 1e-06, 0.1], "k_pid_hsp": [0.2642695638061583, 0.0, 0.0], "k_pid_vsp": [146.6282535189789, 16.184349871099375, 1e-06]}, "datetime": {"datetime": "2025-08-13 15:07:42", "elapsed": 19190.86491560936, "delta": 24.164531230926514}, "costs": {"total_cost": 190.4648806418797, "time_cost": 72.81400000000001, "final_distance_cost": 1.8489873663235794, "oscillation_cost": 27.554406072312556, "completition_cost": 0.0, "overshoot_cost": 50.89800773812789, "power_cost": 15.286016076660157, "noise_cost": 22.06346338845548, "n_waypoints_completed": 9, "tot_waypoints": 9}}
{"target": -188.576068040068, "params": {"k_pid_pos": [1.1229212672158457, 0.0, 0.08962856791060028], "k_pid_alt": [1.717640956871989, 0.0, 0.9744504831815874], "k_pid_att": [37.506595671130455, 3.120611288357685, 0.23744101193657552], "k_pid_yaw": [0.5, 1e-06, 0.1], "k_pid_hsp": [0.23582677278221012, 0.0, 0.0], "k_pid_vsp": [124.50724232270447, 16.340524737181497, 1e-06]}, "datetime": {"datetime": "2025-08-13 15:08:03", "elapsed": 19211.096043109894, "delta": 20.231127500534058}, "costs": {"total_cost": 188.576068040068, "time_cost": 71.295, "final_distance_cost": 1.8282367977177698, "oscillation_cost": 29.217115458171484, "completition_cost": 0.0, "overshoot_cost": 51.244314025258284, "power_cost": 13.943609155273439, "noise_cost": 21.047792603647014, "n_waypoints_completed": 9, "tot_waypoints": 9}}
{"target": -186.64301258861641, "params": {"k_pid_pos": [1.2427930395722107, 0.0, 0.07884512750813827], "k_pid_alt": [1.6414594432479803, 0.0, 0.9346181186501813], "k_pid_att": [36.433012983851405, 3.4318269766664082, 0.24918362247915704], "k_pid_yaw": [0.5, 1e-06, 0.1], "k_pid_hsp": [0.2837523442864257, 0.0, 0.0], "k_pid_vsp": [121.58716466999739, 22.441766648356968, 1e-06]}, "datetime": {"datetime": "2025-08-13 15:08:22", "elapsed": 19230.318169116974, "delta": 19.222126007080078}, "costs": {"total_cost": 186.64301258861641, "time_cost": 70.819, "final_distance_cost": 1.8158514343306746, "oscillation_cost": 30.41914962578373, "completition_cost": 0.0, "overshoot_cost": 50.523477639147906, "power_cost": 12.650328356933594, "noise_cost": 20.415205532420522, "n_waypoints_completed": 9, "tot_waypoints": 9}}
{"target": -248.71308870798782, "params": {"k_pid_pos": [0.5653339529363, 0.06247083101566101, 0.0], "k_pid_alt": [1.5819921083408672, 0.0, 0.9026484271458044], "k_pid_att": [33.74068447313804, 4.390961065661461, 0.2510736414067984], "k_pid_yaw": [0.5, 1e-06, 0.1], "k_pid_hsp": [0.03889870055213013, 0.0, 0.0], "k_pid_vsp": [220.73426858844607, 7.494815627438976, 0.7819734484729415]}, "datetime": {"datetime": "2025-08-13 15:08:53", "elapsed": 19261.605625152588, "delta": 31.287456035614014}, "costs": {"total_cost": 248.71308870798782, "time_cost": 109.291, "final_distance_cost": 1.7582960591079773, "oscillation_cost": 14.488028147035998, "completition_cost": 0.0, "overshoot_cost": 61.23641018818889, "power_cost": 28.01770177001953, "noise_cost": 33.92165254363542, "n_waypoints_completed": 9, "tot_waypoints": 9}}
{"target": -190.2160760129807, "params": {"k_pid_pos": [1.2077242552303469, 0.0, 0.1364980158659042], "k_pid_alt": [1.6715648388004478, 0.0, 0.9366074929625949], "k_pid_att": [39.25527338270707, 3.220648863144477, 0.23443729409890496], "k_pid_yaw": [0.5, 1e-06, 0.1], "k_pid_hsp": [0.2594294677856408, 0.0, 0.0], "k_pid_vsp": [113.27271543298596, 28.43803068848954, 1e-06]}, "datetime": {"datetime": "2025-08-13 15:09:14", "elapsed": 19282.535857200623, "delta": 20.930232048034668}, "costs": {"total_cost": 190.2160760129807, "time_cost": 71.057, "final_distance_cost": 1.827398983854565, "oscillation_cost": 29.704159151620622, "completition_cost": 0.0, "overshoot_cost": 51.048449035544294, "power_cost": 15.302615551757814, "noise_cost": 21.276453290203392, "n_waypoints_completed": 9, "tot_waypoints": 9}}
{"target": -183.88054232350038, "params": {"k_pid_pos": [0.9516841458723685, 0.0, 0.08205073005060508], "k_pid_alt": [1.6116668176751368, 0.0, 0.9779992834125945], "k_pid_att": [37.12131707137079, 4.378303051880254, 0.2761109202873291], "k_pid_yaw": [0.5, 1e-06, 0.1], "k_pid_hsp": [0.22618563478020975, 0.0, 0.0], "k_pid_vsp": [142.12741085067643, 30.9074264625734, 1e-06]}, "datetime": {"datetime": "2025-08-13 15:09:35", "elapsed": 19303.030068397522, "delta": 20.494211196899414}, "costs": {"total_cost": 183.88054232350038, "time_cost": 71.533, "final_distance_cost": 1.8464925019229343, "oscillation_cost": 27.828474839173992, "completition_cost": 0.0, "overshoot_cost": 50.75914607284633, "power_cost": 11.513927551269532, "noise_cost": 20.399501358287573, "n_waypoints_completed": 9, "tot_waypoints": 9}}
{"target": -183.04496613026228, "params": {"k_pid_pos": [1.1794985325410052, 0.0, 0.08277921348602553], "k_pid_alt": [1.6182202279007278, 0.0, 0.9376241930322798], "k_pid_att": [34.28546546223044, 3.372364760670419, 0.2343929789913148], "k_pid_yaw": [0.5, 1e-06, 0.1], "k_pid_hsp": [0.2706412641790939, 0.0, 0.0], "k_pid_vsp": [119.7045880588986, 22.282384638564455, 1e-06]}, "datetime": {"datetime": "2025-08-13 15:09:57", "elapsed": 19325.536854743958, "delta": 22.506786346435547}, "costs": {"total_cost": 183.04496613026228, "time_cost": 70.742, "final_distance_cost": 1.8358555474456053, "oscillation_cost": 30.173986739958497, "completition_cost": 0.0, "overshoot_cost": 50.586847080938064, "power_cost": 10.180329211425782, "noise_cost": 19.525947550494354, "n_waypoints_completed": 9, "tot_waypoints": 9}}
{"target": -201.51098839532762, "params": {"k_pid_pos": [1.2133039612691676, 0.0, 0.14346437106227486], "k_pid_alt": [1.6306347732652475, 0.0, 0.9466516529783594], "k_pid_att": [32.49662282184245, 0.9765334934548324, 0.2383442405008271], "k_pid_yaw": [0.5, 1e-06, 0.1], "k_pid_hsp": [0.17072640477910564, 0.0, 0.0], "k_pid_vsp": [121.64140286826793, 26.192643453659294, 1e-06]}, "datetime": {"datetime": "2025-08-13 15:10:18", "elapsed": 19346.344880342484, "delta": 20.808025598526}, "costs": {"total_cost": 201.51098839532762, "time_cost": 73.892, "final_distance_cost": 1.808601978405379, "oscillation_cost": 29.626683578180373, "completition_cost": 0.0, "overshoot_cost": 52.32413040601987, "power_cost": 20.81424481201172, "noise_cost": 23.04532762071029, "n_waypoints_completed": 9, "tot_waypoints": 9}}
{"target": -195.9720476435981, "params": {"k_pid_pos": [1.2833509114987764, 0.0, 0.09851475868326014], "k_pid_alt": [1.6321100639309325, 0.0, 0.948059822952514], "k_pid_att": [26.486015891976507, 3.2038571312559005, 0.3585319309176188], "k_pid_yaw": [0.5, 1e-06, 0.1], "k_pid_hsp": [0.21311526387850155, 0.0, 0.0], "k_pid_vsp": [118.69875874518317, 36.18083667339969, 1e-06]}, "datetime": {"datetime": "2025-08-13 15:10:38", "elapsed": 19366.3732316494, "delta": 20.028351306915283}, "costs": {"total_cost": 195.9720476435981, "time_cost": 71.365, "final_distance_cost": 1.8091721182385117, "oscillation_cost": 30.216394201144727, "completition_cost": 0.0, "overshoot_cost": 51.30291132545274, "power_cost": 19.24070555419922, "noise_cost": 22.03786444456289, "n_waypoints_completed": 9, "tot_waypoints": 9}}
{"target": -191.59623209785056, "params": {"k_pid_pos": [0.9096749897850854, 0.0, 0.09974541471489118], "k_pid_alt": [1.3357257206398185, 0.0, 0.933387035917759], "k_pid_att": [37.20803031470732, 3.537255042258262, 0.2581695047054303], "k_pid_yaw": [0.5, 1e-06, 0.1], "k_pid_hsp": [0.2701069809895012, 0.0, 0.0], "k_pid_vsp": [158.53372667260106, 9.378318963151905, 1e-06]}, "datetime": {"datetime": "2025-08-13 15:10:59", "elapsed": 19387.40678834915, "delta": 21.033556699752808}, "costs": {"total_cost": 191.59623209785056, "time_cost": 74.333, "final_distance_cost": 1.8479181938206226, "oscillation_cost": 27.838493105200207, "completition_cost": 0.0, "overshoot_cost": 51.73894315821602, "power_cost": 14.106397705078125, "noise_cost": 21.731479935535585, "n_waypoints_completed": 9, "tot_waypoints": 9}}
