{"target": -191.79600725218583, "params": {"k_pid_pos": [1.0433644327837968, 0.0, 0.03671419922839698], "k_pid_alt": [1.777878975849561, 0.0, 0.9731446096270745], "k_pid_att": [34.10711139874005, 3.530240225861398, 0.24222557721353777], "k_pid_yaw": [0.5, 1e-06, 0.1], "k_pid_hsp": [0.06851015870540092, 0.0, 0.0], "k_pid_vsp": [60.4092237279557, 52.60855728852461, 1e-06]}, "datetime": {"datetime": "2025-08-13 21:48:27", "elapsed": 43235.53135967255, "delta": 17.786040544509888}, "costs": {"total_cost": 191.79600725218583, "time_cost": 75.432, "final_distance_cost": 1.802663469646518, "oscillation_cost": 25.673444975398784, "completition_cost": 0.0, "overshoot_cost": 52.19995635887552, "power_cost": 14.628299194335938, "noise_cost": 22.05964325392906, "n_waypoints_completed": 9, "tot_waypoints": 9}}
{"target": -189.64269016826418, "params": {"k_pid_pos": [0.9155196504252111, 0.0, 0.08090829033337792], "k_pid_alt": [1.8777591140031318, 0.0, 0.9503253032656778], "k_pid_att": [33.094958786722124, 3.502883702590842, 0.17045176088042507], "k_pid_yaw": [0.5, 1e-06, 0.1], "k_pid_hsp": [0.4373666974701388, 0.0, 0.0], "k_pid_vsp": [77.65759597432684, 36.22908747331129, 1e-06]}, "datetime": {"datetime": "2025-08-13 21:48:46", "elapsed": 43254.66155219078, "delta": 19.130192518234253}, "costs": {"total_cost": 189.64269016826418, "time_cost": 71.435, "final_distance_cost": 1.8481902381336934, "oscillation_cost": 28.509038155481054, "completition_cost": 0.0, "overshoot_cost": 50.759530716649415, "power_cost": 15.225033764648439, "noise_cost": 21.865897293351587, "n_waypoints_completed": 9, "tot_waypoints": 9}}
{"target": -202.62362553225213, "params": {"k_pid_pos": [0.8482293780771211, 0.0, 0.05882937283524606], "k_pid_alt": [1.9040018589968568, 0.0, 0.9680227324065274], "k_pid_att": [33.42427524402686, 3.502918892819806, 0.27385201051823843], "k_pid_yaw": [0.5, 1e-06, 0.1], "k_pid_hsp": [0.10349438203842753, 0.0, 0.0], "k_pid_vsp": [186.37698473778974, 33.88865804788231, 1e-06]}, "datetime": {"datetime": "2025-08-13 21:49:05", "elapsed": 43273.259004592896, "delta": 18.597452402114868}, "costs": {"total_cost": 202.62362553225213, "time_cost": 74.56400000000001, "final_distance_cost": 1.8111853007253498, "oscillation_cost": 25.946538997801756, "completition_cost": 0.0, "overshoot_cost": 52.74640240720214, "power_cost": 23.645130834960938, "noise_cost": 23.910367991561966, "n_waypoints_completed": 9, "tot_waypoints": 9}}
{"target": -190.33799704638454, "params": {"k_pid_pos": [0.8485132452244106, 0.0, 0.08313640929471816], "k_pid_alt": [1.4930753743069864, 0.0, 0.9437849160466547], "k_pid_att": [28.743577081971686, 3.335681113774752, 0.24402188259846305], "k_pid_yaw": [0.5, 1e-06, 0.1], "k_pid_hsp": [0.11306182246335185, 0.0, 0.0], "k_pid_vsp": [98.06729353157777, 15.39309831349187, 1e-06]}, "datetime": {"datetime": "2025-08-13 21:49:22", "elapsed": 43290.563891887665, "delta": 17.304887294769287}, "costs": {"total_cost": 190.33799704638454, "time_cost": 73.416, "final_distance_cost": 1.829167183369309, "oscillation_cost": 24.768569258729073, "completition_cost": 0.0, "overshoot_cost": 51.87355624629121, "power_cost": 16.37772854003906, "noise_cost": 22.072975817955886, "n_waypoints_completed": 9, "tot_waypoints": 9}}
{"target": -194.9560602237345, "params": {"k_pid_pos": [1.3796634046634506, 0.0, 0.056377218805973114], "k_pid_alt": [1.644477477930706, 0.0, 0.9510359604241234], "k_pid_att": [32.48337147444096, 3.6270091455243825, 0.2582843368945325], "k_pid_yaw": [0.5, 1e-06, 0.1], "k_pid_hsp": [0.15963816882346915, 0.0, 0.0], "k_pid_vsp": [93.96130848852538, 32.318208240053664, 1e-06]}, "datetime": {"datetime": "2025-08-13 21:49:41", "elapsed": 43309.15811610222, "delta": 18.594224214553833}, "costs": {"total_cost": 194.9560602237345, "time_cost": 71.337, "final_distance_cost": 1.8041592465147749, "oscillation_cost": 30.690510891630932, "completition_cost": 0.0, "overshoot_cost": 51.63383151335091, "power_cost": 17.746002844238284, "noise_cost": 21.744555727999597, "n_waypoints_completed": 9, "tot_waypoints": 9}}
{"target": -1232.3559541909747, "params": {"k_pid_pos": [0.8538531786429159, 0.0, 0.06147137129364914], "k_pid_alt": [1.9621729087125481, 0.0, 0.9444587266198108], "k_pid_att": [32.80691006494444, 3.5131646247278594, 0.2724973973532944], "k_pid_yaw": [0.5, 1e-06, 0.1], "k_pid_hsp": [0.0001, 0.0, 0.0], "k_pid_vsp": [101.97195026290541, 54.06889866836256, 1e-06]}, "datetime": {"datetime": "2025-08-13 21:50:10", "elapsed": 43338.599036216736, "delta": 29.440920114517212}, "costs": {"total_cost": 1232.3559541909747, "time_cost": 150, "final_distance_cost": 46.987146355425075, "oscillation_cost": 0.004754816746708599, "completition_cost": 888.8888888888888, "overshoot_cost": 96.92903074612445, "power_cost": 17.562931677246095, "noise_cost": 31.9832017065436, "n_waypoints_completed": 1, "tot_waypoints": 9}}
{"target": -193.05913197824617, "params": {"k_pid_pos": [1.0355760776005627, 0.0, 0.04142440047465563], "k_pid_alt": [1.8733001734174517, 0.0, 0.9659192021400763], "k_pid_att": [37.05523893645885, 3.426181787379477, 0.2570911624548488], "k_pid_yaw": [0.5, 1e-06, 0.1], "k_pid_hsp": [0.0921235325807706, 0.0, 0.0], "k_pid_vsp": [123.7852423948358, 5.968779065988546, 1e-06]}, "datetime": {"datetime": "2025-08-13 21:50:28", "elapsed": 43356.294835329056, "delta": 17.695799112319946}, "costs": {"total_cost": 193.05913197824617, "time_cost": 73.129, "final_distance_cost": 1.7728536899837022, "oscillation_cost": 26.4561260219393, "completition_cost": 0.0, "overshoot_cost": 52.8360293437679, "power_cost": 16.91738603515625, "noise_cost": 21.947736887399014, "n_waypoints_completed": 9, "tot_waypoints": 9}}
{"target": -194.40513674444202, "params": {"k_pid_pos": [0.7793759755575821, 0.0, 0.07821633303117534], "k_pid_alt": [1.6943050430522888, 0.0, 0.9803101168115081], "k_pid_att": [30.72640314424003, 3.571179787279719, 0.25970415143492864], "k_pid_yaw": [0.5, 1e-06, 0.1], "k_pid_hsp": [0.47634499927586066, 0.0, 0.0], "k_pid_vsp": [109.05869073708664, 31.153082281165233, 1e-06]}, "datetime": {"datetime": "2025-08-13 21:50:46", "elapsed": 43374.25849723816, "delta": 17.963661909103394}, "costs": {"total_cost": 194.40513674444202, "time_cost": 74.571, "final_distance_cost": 1.8538750940345856, "oscillation_cost": 27.06873058675871, "completition_cost": 0.0, "overshoot_cost": 51.0626778451175, "power_cost": 16.633387060546877, "noise_cost": 23.215466157984338, "n_waypoints_completed": 9, "tot_waypoints": 9}}
{"target": -236.9240589101854, "params": {"k_pid_pos": [0.8078381188893747, 0.0, 0.06875139894534409], "k_pid_alt": [1.5973423729289729, 0.0, 0.9569306013834644], "k_pid_att": [28.92532805626845, 3.246065037892805, 0.2627281915735608], "k_pid_yaw": [0.5, 1e-06, 0.1], "k_pid_hsp": [0.028434464155733308, 0.0, 0.0], "k_pid_vsp": [77.88776564993444, 89.82984371014126, 4.729243396332195]}, "datetime": {"datetime": "2025-08-13 21:51:12", "elapsed": 43400.454451560974, "delta": 26.19595432281494}, "costs": {"total_cost": 236.9240589101854, "time_cost": 106.008, "final_distance_cost": 1.7912771327972596, "oscillation_cost": 12.993671641188387, "completition_cost": 0.0, "overshoot_cost": 64.63554927080732, "power_cost": 19.791934216308594, "noise_cost": 31.70362664908387, "n_waypoints_completed": 9, "tot_waypoints": 9}}
{"target": -188.78531374122784, "params": {"k_pid_pos": [0.811010904020216, 0.0, 0.09038112156548803], "k_pid_alt": [1.9864285973214877, 0.0, 0.9503386149397545], "k_pid_att": [31.854794855517376, 3.6402547411437385, 0.27659301988594487], "k_pid_yaw": [0.5, 1e-06, 0.1], "k_pid_hsp": [0.1237366415836899, 0.0, 0.0], "k_pid_vsp": [91.49840740546281, 29.967058502520544, 1e-06]}, "datetime": {"datetime": "2025-08-13 21:51:30", "elapsed": 43418.70004200935, "delta": 18.245590448379517}, "costs": {"total_cost": 188.78531374122784, "time_cost": 71.561, "final_distance_cost": 1.8280504601144025, "oscillation_cost": 24.852585072604896, "completition_cost": 0.0, "overshoot_cost": 51.82404126669112, "power_cost": 16.852730603027343, "noise_cost": 21.866906338790063, "n_waypoints_completed": 9, "tot_waypoints": 9}}
{"target": -207.0077455619136, "params": {"k_pid_pos": [0.8295598147884994, 0.0, 0.0251586553606596], "k_pid_alt": [1.9319104055769034, 0.0, 0.9488397006933822], "k_pid_att": [32.89712103200997, 3.578717667654217, 0.2628722052137408], "k_pid_yaw": [0.5, 1e-06, 0.1], "k_pid_hsp": [0.12304199570356243, 0.0, 0.0], "k_pid_vsp": [105.51766301740582, 40.11710582793229, 1e-06]}, "datetime": {"datetime": "2025-08-13 21:51:48", "elapsed": 43436.51220560074, "delta": 17.812163591384888}, "costs": {"total_cost": 207.0077455619136, "time_cost": 76.356, "final_distance_cost": 1.8070098839680313, "oscillation_cost": 26.08148859862614, "completition_cost": 0.0, "overshoot_cost": 54.05063628044952, "power_cost": 24.508819982910158, "noise_cost": 24.203790815959756, "n_waypoints_completed": 9, "tot_waypoints": 9}}
{"target": -183.82956715294205, "params": {"k_pid_pos": [0.8519458985708177, 0.0, 0.04850354558898887], "k_pid_alt": [1.9096267639249498, 0.0, 0.950661738663104], "k_pid_att": [32.877531332293024, 3.4072105920361695, 0.27316438000848264], "k_pid_yaw": [0.5, 1e-06, 0.1], "k_pid_hsp": [0.11849784248512195, 0.0, 0.0], "k_pid_vsp": [116.2076123483629, 34.444613818774464, 1e-06]}, "datetime": {"datetime": "2025-08-13 21:52:07", "elapsed": 43455.65310168266, "delta": 19.14089608192444}, "costs": {"total_cost": 183.82956715294205, "time_cost": 71.22500000000001, "final_distance_cost": 1.8227088312964368, "oscillation_cost": 25.267001677585508, "completition_cost": 0.0, "overshoot_cost": 51.327589588129676, "power_cost": 13.266672009277345, "noise_cost": 20.920595046653077, "n_waypoints_completed": 9, "tot_waypoints": 9}}
{"target": -202.03539215500456, "params": {"k_pid_pos": [0.8395004392802592, 0.0, 0.05601372172599001], "k_pid_alt": [2.0, 0.0, 1.0], "k_pid_att": [32.90490515428443, 4.444510512314477, 0.2510806863333583], "k_pid_yaw": [0.5, 1e-06, 0.1], "k_pid_hsp": [0.11202854773995673, 0.0, 0.0], "k_pid_vsp": [99.57883760919017, 39.01258981416186, 1e-06]}, "datetime": {"datetime": "2025-08-13 21:52:24", "elapsed": 43472.77102088928, "delta": 17.117919206619263}, "costs": {"total_cost": 202.03539215500456, "time_cost": 74.053, "final_distance_cost": 1.7974602838667932, "oscillation_cost": 25.7750531707475, "completition_cost": 0.0, "overshoot_cost": 52.9453669864859, "power_cost": 23.70479285888672, "noise_cost": 23.759718855017624, "n_waypoints_completed": 9, "tot_waypoints": 9}}
{"target": -193.72908398784804, "params": {"k_pid_pos": [0.9970253251926824, 0.0, 0.06748431859360979], "k_pid_alt": [1.8163599042417855, 0.0, 0.9508635635336041], "k_pid_att": [33.238140237275616, 3.406046626951651, 0.26278618419914046], "k_pid_yaw": [0.5, 1e-06, 0.1], "k_pid_hsp": [0.15004051095294513, 0.0, 0.0], "k_pid_vsp": [89.03554087699351, 34.31904627681888, 1e-06]}, "datetime": {"datetime": "2025-08-13 21:52:42", "elapsed": 43490.508076667786, "delta": 17.737055778503418}, "costs": {"total_cost": 193.72908398784804, "time_cost": 71.729, "final_distance_cost": 1.8238656680087961, "oscillation_cost": 27.149215841873556, "completition_cost": 0.0, "overshoot_cost": 51.65521375416931, "power_cost": 19.2693810546875, "noise_cost": 22.10240766910889, "n_waypoints_completed": 9, "tot_waypoints": 9}}
{"target": -184.5246967108179, "params": {"k_pid_pos": [0.875304842894281, 0.0, 0.05780391200862214], "k_pid_alt": [1.6674812766465594, 0.0, 0.9021550128320838], "k_pid_att": [32.15100635997555, 3.5468343490908394, 0.26707004712118465], "k_pid_yaw": [0.5, 1e-06, 0.1], "k_pid_hsp": [0.11417921103221434, 0.0, 0.0], "k_pid_vsp": [130.00367075175552, 33.728105178634095, 1e-06]}, "datetime": {"datetime": "2025-08-13 21:52:59", "elapsed": 43507.32165789604, "delta": 16.813581228256226}, "costs": {"total_cost": 184.5246967108179, "time_cost": 71.93900000000001, "final_distance_cost": 1.815908347140258, "oscillation_cost": 25.267930748367014, "completition_cost": 0.0, "overshoot_cost": 51.47854472463001, "power_cost": 13.08129599609375, "noise_cost": 20.942016894586853, "n_waypoints_completed": 9, "tot_waypoints": 9}}
{"target": -204.74099270878656, "params": {"k_pid_pos": [0.8319957483231738, 0.0, 0.058228698556802856], "k_pid_alt": [1.9154268515297934, 0.0, 0.9462547183309331], "k_pid_att": [32.22782343773034, 3.5195870318660236, 0.2732003646370627], "k_pid_yaw": [0.5, 1e-06, 0.1], "k_pid_hsp": [0.12068639418458256, 0.0, 0.0], "k_pid_vsp": [94.81201141877406, 33.4594188069215, 1e-06]}, "datetime": {"datetime": "2025-08-13 21:53:18", "elapsed": 43526.60878229141, "delta": 19.287124395370483}, "costs": {"total_cost": 204.74099270878656, "time_cost": 74.515, "final_distance_cost": 1.8187919435183715, "oscillation_cost": 25.804809937286137, "completition_cost": 0.0, "overshoot_cost": 52.366994287104916, "power_cost": 25.84489645996094, "noise_cost": 24.39050008091618, "n_waypoints_completed": 9, "tot_waypoints": 9}}
{"target": -187.83839701365383, "params": {"k_pid_pos": [0.7554377975175348, 0.0, 0.03832205394892555], "k_pid_alt": [1.8737506726269464, 0.0, 0.9526803378616712], "k_pid_att": [33.024141027491694, 3.466157611496795, 0.26456723332476223], "k_pid_yaw": [0.5, 1e-06, 0.1], "k_pid_hsp": [0.13240280990433514, 0.0, 0.0], "k_pid_vsp": [90.62237179190329, 40.44918195934288, 1e-06]}, "datetime": {"datetime": "2025-08-13 21:53:37", "elapsed": 43545.323672533035, "delta": 18.714890241622925}, "costs": {"total_cost": 187.83839701365383, "time_cost": 71.645, "final_distance_cost": 1.8303179138255625, "oscillation_cost": 24.865053247415986, "completition_cost": 0.0, "overshoot_cost": 51.13329135464823, "power_cost": 16.426554870605468, "noise_cost": 21.93817962715859, "n_waypoints_completed": 9, "tot_waypoints": 9}}
{"target": -185.5156256967891, "params": {"k_pid_pos": [1.158890583665495, 0.0, 0.06978304585043786], "k_pid_alt": [1.8477478365085434, 0.0, 0.9745397150663544], "k_pid_att": [29.913126464703762, 3.3282668668983324, 0.2376583133229033], "k_pid_yaw": [0.5, 1e-06, 0.1], "k_pid_hsp": [0.22689699667883745, 0.0, 0.0], "k_pid_vsp": [96.51495718297264, 35.76489872644332, 1e-06]}, "datetime": {"datetime": "2025-08-13 21:53:54", "elapsed": 43562.97312951088, "delta": 17.64945697784424}, "costs": {"total_cost": 185.5156256967891, "time_cost": 70.14, "final_distance_cost": 1.811489373561911, "oscillation_cost": 29.7881963703758, "completition_cost": 0.0, "overshoot_cost": 50.570480817709914, "power_cost": 12.90853681640625, "noise_cost": 20.296922318735234, "n_waypoints_completed": 9, "tot_waypoints": 9}}
{"target": -189.16562680065084, "params": {"k_pid_pos": [0.9932395325730394, 0.0, 0.07130008812191928], "k_pid_alt": [1.8926340491738471, 0.0, 0.9523800115422012], "k_pid_att": [33.08695680301703, 3.5111040750740856, 0.2840642255056375], "k_pid_yaw": [0.5, 1e-06, 0.1], "k_pid_hsp": [0.15575180846220288, 0.0, 0.0], "k_pid_vsp": [61.64144390689454, 27.610677089590126, 1e-06]}, "datetime": {"datetime": "2025-08-13 21:54:12", "elapsed": 43580.74811172485, "delta": 17.774982213974}, "costs": {"total_cost": 189.16562680065084, "time_cost": 70.931, "final_distance_cost": 1.825708980251275, "oscillation_cost": 27.14765231343964, "completition_cost": 0.0, "overshoot_cost": 51.181084607188204, "power_cost": 16.44803028564453, "noise_cost": 21.63215061412719, "n_waypoints_completed": 9, "tot_waypoints": 9}}
{"target": -178.47434003499245, "params": {"k_pid_pos": [0.9464245756995513, 0.0, 0.05399206279577379], "k_pid_alt": [1.8870670119587896, 0.0, 0.9486734743425023], "k_pid_att": [34.66883447286453, 3.5197851457431755, 0.267838582070683], "k_pid_yaw": [0.5, 1e-06, 0.1], "k_pid_hsp": [0.11032672507023183, 0.0, 0.0], "k_pid_vsp": [93.87158322943598, 33.47376594685503, 1e-06]}, "datetime": {"datetime": "2025-08-13 21:54:29", "elapsed": 43597.55252408981, "delta": 16.804412364959717}, "costs": {"total_cost": 178.47434003499245, "time_cost": 70.931, "final_distance_cost": 1.7893382703573477, "oscillation_cost": 25.818488548361927, "completition_cost": 0.0, "overshoot_cost": 51.35676660765153, "power_cost": 9.221939465332031, "noise_cost": 19.356807143289615, "n_waypoints_completed": 9, "tot_waypoints": 9}}
{"target": -189.65144695244996, "params": {"k_pid_pos": [0.8428863938652907, 0.0007539410426310317, 0.03259469952738159], "k_pid_alt": [1.9406450330327225, 0.0, 0.8897236473070401], "k_pid_att": [32.093559676469475, 3.443337207425739, 0.256387732828159], "k_pid_yaw": [0.5, 1e-06, 0.1], "k_pid_hsp": [0.07044565176148107, 0.0, 0.0], "k_pid_vsp": [59.48421349075406, 27.34754467255054, 1e-06]}, "datetime": {"datetime": "2025-08-13 21:54:48", "elapsed": 43616.5941221714, "delta": 19.041598081588745}, "costs": {"total_cost": 189.65144695244996, "time_cost": 75.32000000000001, "final_distance_cost": 1.7708399705444373, "oscillation_cost": 23.371278255536442, "completition_cost": 0.0, "overshoot_cost": 52.7260797821067, "power_cost": 14.161420849609376, "noise_cost": 22.30182809465299, "n_waypoints_completed": 9, "tot_waypoints": 9}}
{"target": -188.0319634459481, "params": {"k_pid_pos": [0.7641061960355561, 0.0, 0.061843315476745216], "k_pid_alt": [1.9633960863679163, 0.0, 0.9380469354231801], "k_pid_att": [27.274446557768076, 3.5623533951916437, 0.2637533010505996], "k_pid_yaw": [0.5, 1e-06, 0.1], "k_pid_hsp": [0.13819892610392534, 0.0, 0.0], "k_pid_vsp": [95.69615482839126, 35.8744574729492, 1e-06]}, "datetime": {"datetime": "2025-08-13 21:55:05", "elapsed": 43633.55952167511, "delta": 16.965399503707886}, "costs": {"total_cost": 188.0319634459481, "time_cost": 71.757, "final_distance_cost": 1.8361143902562214, "oscillation_cost": 24.931131413426897, "completition_cost": 0.0, "overshoot_cost": 51.52831436475117, "power_cost": 16.069335156250002, "noise_cost": 21.910068121263798, "n_waypoints_completed": 9, "tot_waypoints": 9}}
{"target": -184.0316225314816, "params": {"k_pid_pos": [1.123892023637783, 0.0, 0.0593560018921965], "k_pid_alt": [1.8928441764869253, 0.0, 0.9620494373050829], "k_pid_att": [33.24511597999215, 3.510712779148434, 0.270697704089198], "k_pid_yaw": [0.5, 1e-06, 0.1], "k_pid_hsp": [0.14047405911654534, 0.0, 0.0], "k_pid_vsp": [140.6039611470161, 35.05868907983509, 1e-06]}, "datetime": {"datetime": "2025-08-13 21:55:24", "elapsed": 43652.026487350464, "delta": 18.466965675354004}, "costs": {"total_cost": 184.0316225314816, "time_cost": 70.511, "final_distance_cost": 1.7906627492625071, "oscillation_cost": 28.745769029844347, "completition_cost": 0.0, "overshoot_cost": 51.09538990479881, "power_cost": 11.8688498046875, "noise_cost": 20.019951042888426, "n_waypoints_completed": 9, "tot_waypoints": 9}}
{"target": -188.66744678060675, "params": {"k_pid_pos": [0.8426248963908635, 0.0, 0.049211211727120646], "k_pid_alt": [1.683274059070327, 0.0, 0.9527114085668177], "k_pid_att": [32.78783870855122, 3.40432505561562, 0.2783834667019008], "k_pid_yaw": [0.5, 1e-06, 0.1], "k_pid_hsp": [0.33347771196948073, 0.0, 0.0], "k_pid_vsp": [90.7838422772244, 33.41522218140666, 1e-06]}, "datetime": {"datetime": "2025-08-13 21:55:41", "elapsed": 43669.01724624634, "delta": 16.990758895874023}, "costs": {"total_cost": 188.66744678060675, "time_cost": 72.156, "final_distance_cost": 1.8516484477361392, "oscillation_cost": 27.768157830216065, "completition_cost": 0.0, "overshoot_cost": 50.85460913505243, "power_cost": 14.354262402343752, "noise_cost": 21.68276896525835, "n_waypoints_completed": 9, "tot_waypoints": 9}}
{"target": -178.05160258502747, "params": {"k_pid_pos": [0.7770129987844285, 0.0, 0.041872337628488826], "k_pid_alt": [1.9166245191254951, 0.0, 0.9505007689223722], "k_pid_att": [33.08305774129392, 3.489695179984206, 0.2763009170104531], "k_pid_yaw": [0.5, 1e-06, 0.1], "k_pid_hsp": [0.11612228923183712, 0.0, 0.0], "k_pid_vsp": [108.60837831214914, 41.117290348457246, 1e-06]}, "datetime": {"datetime": "2025-08-13 21:55:59", "elapsed": 43687.19955277443, "delta": 18.18230652809143}, "costs": {"total_cost": 178.05160258502747, "time_cost": 71.407, "final_distance_cost": 1.8086539629358103, "oscillation_cost": 24.716911241261233, "completition_cost": 0.0, "overshoot_cost": 51.043548215958616, "power_cost": 9.43784998779297, "noise_cost": 19.63763917707886, "n_waypoints_completed": 9, "tot_waypoints": 9}}
{"target": -188.633730757443, "params": {"k_pid_pos": [0.822374218943603, 0.0, 0.0988246638768755], "k_pid_alt": [1.9094330533697752, 0.0, 0.9665531694720901], "k_pid_att": [33.46599591863992, 3.5279436040797627, 0.2721816919812238], "k_pid_yaw": [0.5, 1e-06, 0.1], "k_pid_hsp": [0.158683640887554, 0.0, 0.0], "k_pid_vsp": [57.37564310882196, 34.2585141680362, 1e-06]}, "datetime": {"datetime": "2025-08-13 21:56:16", "elapsed": 43704.03714942932, "delta": 16.837596654891968}, "costs": {"total_cost": 188.633730757443, "time_cost": 71.407, "final_distance_cost": 1.8255071021219036, "oscillation_cost": 25.541599145304705, "completition_cost": 0.0, "overshoot_cost": 50.967099038619324, "power_cost": 16.933535961914064, "noise_cost": 21.958989509483033, "n_waypoints_completed": 9, "tot_waypoints": 9}}
{"target": -196.67302193896995, "params": {"k_pid_pos": [1.2891121374716557, 0.0, 0.05744497063523017], "k_pid_alt": [1.8549253712278821, 0.0, 0.9531781074656345], "k_pid_att": [36.171617001944895, 3.1942066058361553, 0.2567372134920528], "k_pid_yaw": [0.5, 1e-06, 0.1], "k_pid_hsp": [0.14057789808384613, 0.0, 0.0], "k_pid_vsp": [96.57359968587232, 23.140046855515177, 1e-06]}, "datetime": {"datetime": "2025-08-13 21:56:33", "elapsed": 43721.42398238182, "delta": 17.38683295249939}, "costs": {"total_cost": 196.67302193896995, "time_cost": 71.575, "final_distance_cost": 1.7940194708511223, "oscillation_cost": 29.3450181137138, "completition_cost": 0.0, "overshoot_cost": 52.05546189674267, "power_cost": 19.543360266113282, "noise_cost": 22.36016219154909, "n_waypoints_completed": 9, "tot_waypoints": 9}}
