{"target": -195.69747535067322, "params": {"k_pid_pos": [1.091126316023891, 0.0, 0.05602511085181147], "k_pid_alt": [1.674541691604815, 0.0, 0.9116726073626992], "k_pid_att": [35.7676684812133, 3.3629615115006586, 0.2564938597618131], "k_pid_yaw": [0.5, 1e-06, 0.1], "k_pid_hsp": [0.1949599901738039, 0.0, 0.0], "k_pid_vsp": [0.0, 38.15639453297095, 1e-06]}, "datetime": {"datetime": "2025-08-13 19:03:17", "elapsed": 33325.20985484123, "delta": 18.270498991012573}, "costs": {"total_cost": 195.69747535067322, "time_cost": 73.745, "final_distance_cost": 1.7527613848456745, "oscillation_cost": 30.02959626587862, "completition_cost": 0.0, "overshoot_cost": 52.30882201646375, "power_cost": 15.967143261718752, "noise_cost": 21.89415242176643, "n_waypoints_completed": 9, "tot_waypoints": 9}}
{"target": -191.00610272533083, "params": {"k_pid_pos": [1.2161600987583119, 0.0, 0.08281697868923212], "k_pid_alt": [1.5765375073954018, 0.0, 0.9495045941128871], "k_pid_att": [35.486619452621326, 3.781626219746608, 0.5477042653405044], "k_pid_yaw": [0.5, 1e-06, 0.1], "k_pid_hsp": [0.0971395326807315, 0.0, 0.0], "k_pid_vsp": [80.93153229782959, 27.221016737071903, 1e-06]}, "datetime": {"datetime": "2025-08-13 19:03:34", "elapsed": 33342.31163978577, "delta": 17.1017849445343}, "costs": {"total_cost": 191.00610272533083, "time_cost": 72.352, "final_distance_cost": 1.7910809538127728, "oscillation_cost": 27.941942018730074, "completition_cost": 0.0, "overshoot_cost": 51.56410649452339, "power_cost": 15.720679357910157, "noise_cost": 21.636293900354413, "n_waypoints_completed": 9, "tot_waypoints": 9}}
{"target": -191.02670429911456, "params": {"k_pid_pos": [1.082388785401135, 0.0, 0.08392498877744123], "k_pid_alt": [1.5811697885623213, 0.0, 0.9600129137225066], "k_pid_att": [37.97087209311443, 3.327616249597948, 0.2447621779390775], "k_pid_yaw": [0.5, 1e-06, 0.1], "k_pid_hsp": [0.1560853464233182, 0.0, 0.0], "k_pid_vsp": [125.567216210205, 19.21172332848658, 1e-06]}, "datetime": {"datetime": "2025-08-13 19:03:52", "elapsed": 33360.38073158264, "delta": 18.069091796875}, "costs": {"total_cost": 191.02670429911456, "time_cost": 72.086, "final_distance_cost": 1.8299498850534441, "oscillation_cost": 28.18530463322773, "completition_cost": 0.0, "overshoot_cost": 51.68832854301202, "power_cost": 15.69201619873047, "noise_cost": 21.54510503909092, "n_waypoints_completed": 9, "tot_waypoints": 9}}
{"target": -193.1843019035235, "params": {"k_pid_pos": [1.2052483146202895, 0.0, 0.07313693822052122], "k_pid_alt": [1.6130767237393533, 0.0, 0.9435071605379756], "k_pid_att": [36.335721383596784, 3.4771718331059223, 0.25422177574956245], "k_pid_yaw": [0.5, 1e-06, 0.1], "k_pid_hsp": [0.17248743139519174, 0.0, 0.0], "k_pid_vsp": [166.3885308714352, 24.077734409888883, 1e-06]}, "datetime": {"datetime": "2025-08-13 19:04:09", "elapsed": 33377.81490969658, "delta": 17.434178113937378}, "costs": {"total_cost": 193.1843019035235, "time_cost": 71.652, "final_distance_cost": 1.798161889481044, "oscillation_cost": 29.580263564471803, "completition_cost": 0.0, "overshoot_cost": 50.918364419737195, "power_cost": 17.406789135742187, "noise_cost": 21.828722894091264, "n_waypoints_completed": 9, "tot_waypoints": 9}}
{"target": -185.7065967810004, "params": {"k_pid_pos": [1.1342512157910305, 0.00020936880638491975, 0.05136333876209043], "k_pid_alt": [1.6262747520168954, 0.0, 0.9481282930814918], "k_pid_att": [34.667889265442945, 3.7556578417833903, 0.2566126021485551], "k_pid_yaw": [0.5, 1e-06, 0.1], "k_pid_hsp": [0.2056866144674319, 0.0, 0.0], "k_pid_vsp": [79.39083090127653, 32.174508643509824, 1e-06]}, "datetime": {"datetime": "2025-08-13 19:04:26", "elapsed": 33394.73338222504, "delta": 16.91847252845764}, "costs": {"total_cost": 185.7065967810004, "time_cost": 70.63, "final_distance_cost": 1.8202064235097886, "oscillation_cost": 29.434414714492874, "completition_cost": 0.0, "overshoot_cost": 50.86015135192783, "power_cost": 12.637090466308594, "noise_cost": 20.324733824761314, "n_waypoints_completed": 9, "tot_waypoints": 9}}
{"target": -184.51651613403632, "params": {"k_pid_pos": [0.8961869084416433, 0.0, 0.0824887934228064], "k_pid_alt": [1.5980513730354036, 0.0, 0.9004656112610228], "k_pid_att": [35.57340290140466, 3.457831799866552, 0.2645199906812506], "k_pid_yaw": [0.5, 1e-06, 0.1], "k_pid_hsp": [0.24307726642775468, 0.0, 0.0], "k_pid_vsp": [138.27680270955284, 32.76833894915112, 1e-06]}, "datetime": {"datetime": "2025-08-13 19:04:44", "elapsed": 33412.864708423615, "delta": 18.13132619857788}, "costs": {"total_cost": 184.51651613403632, "time_cost": 71.778, "final_distance_cost": 1.8369037279274054, "oscillation_cost": 27.56261430830346, "completition_cost": 0.0, "overshoot_cost": 50.911139238190806, "power_cost": 11.766800500488282, "noise_cost": 20.66105835912638, "n_waypoints_completed": 9, "tot_waypoints": 9}}
{"target": -186.52125019333457, "params": {"k_pid_pos": [1.1331371865655544, 0.0, 0.042580847969650684], "k_pid_alt": [1.6816589801870847, 0.0, 0.9254059707233255], "k_pid_att": [38.6299522135793, 3.7673205428810275, 0.26025764652320166], "k_pid_yaw": [0.5, 1e-06, 0.1], "k_pid_hsp": [0.15936055278422973, 0.0, 0.0], "k_pid_vsp": [26.348512247011627, 12.842345715491696, 1e-06]}, "datetime": {"datetime": "2025-08-13 19:05:01", "elapsed": 33429.50598049164, "delta": 16.64127206802368}, "costs": {"total_cost": 186.52125019333457, "time_cost": 72.044, "final_distance_cost": 1.8284552196447306, "oscillation_cost": 29.008631093859343, "completition_cost": 0.0, "overshoot_cost": 52.01570176975628, "power_cost": 11.378464807128907, "noise_cost": 20.245997302945316, "n_waypoints_completed": 9, "tot_waypoints": 9}}
{"target": -193.7035405595145, "params": {"k_pid_pos": [0.8311836406453547, 0.0, 0.04781877368846689], "k_pid_alt": [1.6274190551757919, 0.0, 0.9107189507546362], "k_pid_att": [38.988086211522095, 2.9591487847842273, 0.267483601338757], "k_pid_yaw": [0.5, 1e-06, 0.1], "k_pid_hsp": [0.07097624332538818, 0.0, 0.0], "k_pid_vsp": [163.87018913181976, 17.702606560684448, 1e-06]}, "datetime": {"datetime": "2025-08-13 19:05:20", "elapsed": 33448.252789497375, "delta": 18.746809005737305}, "costs": {"total_cost": 193.7035405595145, "time_cost": 76.783, "final_distance_cost": 1.7980947416134436, "oscillation_cost": 23.128437874208405, "completition_cost": 0.0, "overshoot_cost": 53.55565253464964, "power_cost": 15.634997399902344, "noise_cost": 22.803358009140652, "n_waypoints_completed": 9, "tot_waypoints": 9}}
{"target": -188.3355881046318, "params": {"k_pid_pos": [0.9864677869566163, 0.0, 0.061217709093677214], "k_pid_alt": [1.5335455264623146, 0.0, 0.9464207259763573], "k_pid_att": [33.004235410719176, 3.559656154285709, 0.24113192262098462], "k_pid_yaw": [0.5, 1e-06, 0.1], "k_pid_hsp": [0.2271912713027757, 0.0, 0.0], "k_pid_vsp": [123.72527577120019, 21.496393985207767, 5.072648334962085]}, "datetime": {"datetime": "2025-08-13 19:05:37", "elapsed": 33465.242820978165, "delta": 16.990031480789185}, "costs": {"total_cost": 188.3355881046318, "time_cost": 71.953, "final_distance_cost": 1.8333142319136624, "oscillation_cost": 28.208947992588225, "completition_cost": 0.0, "overshoot_cost": 50.85982263382271, "power_cost": 14.190359387207032, "noise_cost": 21.290143859100176, "n_waypoints_completed": 9, "tot_waypoints": 9}}
{"target": -191.0402773239106, "params": {"k_pid_pos": [1.169015064744455, 0.0, 0.06724443420650368], "k_pid_alt": [1.6587954003669734, 0.0, 0.953879002706686], "k_pid_att": [36.849018968826876, 3.2301505507879202, 0.2602589566686929], "k_pid_yaw": [0.5, 1e-06, 0.1], "k_pid_hsp": [0.17494548784871594, 0.0, 0.0], "k_pid_vsp": [123.95195979961625, 23.699144341363308, 1e-06]}, "datetime": {"datetime": "2025-08-13 19:05:54", "elapsed": 33482.810899972916, "delta": 17.568078994750977}, "costs": {"total_cost": 191.0402773239106, "time_cost": 71.449, "final_distance_cost": 1.812947749049399, "oscillation_cost": 29.370546929828166, "completition_cost": 0.0, "overshoot_cost": 51.706206976855974, "power_cost": 15.374260668945313, "noise_cost": 21.327314999231763, "n_waypoints_completed": 9, "tot_waypoints": 9}}
{"target": -189.24797254537074, "params": {"k_pid_pos": [0.922252050071747, 0.0, 0.053590871542871836], "k_pid_alt": [1.6247412939755126, 0.0, 0.9892298021776235], "k_pid_att": [35.25083406265601, 3.9395024559398903, 0.23378520254171403], "k_pid_yaw": [0.5, 1e-06, 0.1], "k_pid_hsp": [0.149924661814251, 0.0, 0.0], "k_pid_vsp": [171.39548758530515, 38.131296403822574, 1e-06]}, "datetime": {"datetime": "2025-08-13 19:06:11", "elapsed": 33499.29334139824, "delta": 16.482441425323486}, "costs": {"total_cost": 189.24797254537074, "time_cost": 71.918, "final_distance_cost": 1.8227820216238158, "oscillation_cost": 26.79196199736278, "completition_cost": 0.0, "overshoot_cost": 51.14493862223178, "power_cost": 15.987869213867189, "noise_cost": 21.58242069028517, "n_waypoints_completed": 9, "tot_waypoints": 9}}
{"target": -184.2424505059672, "params": {"k_pid_pos": [1.098534459030743, 0.0, 0.023328041440253675], "k_pid_alt": [1.627138926785313, 0.0, 0.947009226601502], "k_pid_att": [35.0223925723907, 3.3976306039536195, 0.27066407397064207], "k_pid_yaw": [0.5, 1e-06, 0.1], "k_pid_hsp": [0.1358626344361037, 0.0, 0.0], "k_pid_vsp": [144.88105908168473, 33.743124089319586, 1e-06]}, "datetime": {"datetime": "2025-08-13 19:06:28", "elapsed": 33516.609954595566, "delta": 17.31661319732666}, "costs": {"total_cost": 184.2424505059672, "time_cost": 71.393, "final_distance_cost": 1.793934367284288, "oscillation_cost": 28.46004076433694, "completition_cost": 0.0, "overshoot_cost": 51.13845128184861, "power_cost": 11.366747009277343, "noise_cost": 20.09027708322003, "n_waypoints_completed": 9, "tot_waypoints": 9}}
{"target": -192.63247003876464, "params": {"k_pid_pos": [1.4317859583505104, 0.0, 0.14358224839608802], "k_pid_alt": [1.7043950691201846, 0.0, 0.9722611755899698], "k_pid_att": [32.16439688907095, 1.196713961470179, 0.2601535213179074], "k_pid_yaw": [0.5, 1e-06, 0.1], "k_pid_hsp": [0.136080788132582, 0.0, 0.0], "k_pid_vsp": [96.30644892598953, 24.48887858821694, 1e-06]}, "datetime": {"datetime": "2025-08-13 19:06:45", "elapsed": 33533.909207582474, "delta": 17.29925298690796}, "costs": {"total_cost": 192.63247003876464, "time_cost": 71.218, "final_distance_cost": 1.8138415082944568, "oscillation_cost": 29.896646820528208, "completition_cost": 0.0, "overshoot_cost": 51.73795057763232, "power_cost": 16.561057263183596, "noise_cost": 21.404973869126085, "n_waypoints_completed": 9, "tot_waypoints": 9}}
{"target": -207.54596849354903, "params": {"k_pid_pos": [1.2543322142898916, 0.0, 0.11571791398924115], "k_pid_alt": [1.6228460385798578, 0.0, 0.9467042160046456], "k_pid_att": [34.6411356969457, 3.8373895087985197, 0.24319131303638833], "k_pid_yaw": [0.5, 1e-06, 0.1], "k_pid_hsp": [0.2021584101803672, 0.0, 0.0], "k_pid_vsp": [141.65728606375833, 11.586420019048662, 1e-06]}, "datetime": {"datetime": "2025-08-13 19:07:03", "elapsed": 33551.3967564106, "delta": 17.487548828125}, "costs": {"total_cost": 207.54596849354903, "time_cost": 74.781, "final_distance_cost": 1.8149222683550525, "oscillation_cost": 30.735340976109896, "completition_cost": 0.0, "overshoot_cost": 53.25482688306927, "power_cost": 23.226971447753908, "noise_cost": 23.7329069182609, "n_waypoints_completed": 9, "tot_waypoints": 9}}
{"target": -182.4853114741549, "params": {"k_pid_pos": [0.985105871920945, 0.0, 0.054978185242617036], "k_pid_alt": [1.6381514888547235, 0.0, 0.9110759505609843], "k_pid_att": [35.13167350084566, 3.456416549151715, 0.24860822101663307], "k_pid_yaw": [0.5, 1e-06, 0.1], "k_pid_hsp": [0.12052004842201658, 0.0, 0.0], "k_pid_vsp": [166.44138929250605, 31.965880967147886, 1e-06]}, "datetime": {"datetime": "2025-08-13 19:07:20", "elapsed": 33568.66448378563, "delta": 17.267727375030518}, "costs": {"total_cost": 182.4853114741549, "time_cost": 71.631, "final_distance_cost": 1.811880436743355, "oscillation_cost": 26.96175795271484, "completition_cost": 0.0, "overshoot_cost": 51.36630110227079, "power_cost": 10.701731945800782, "noise_cost": 20.012640036625125, "n_waypoints_completed": 9, "tot_waypoints": 9}}
{"target": -205.55355586615644, "params": {"k_pid_pos": [0.9640370932623465, 0.0, 0.058153560119440915], "k_pid_alt": [1.6231791327042713, 0.0, 0.9422176366928163], "k_pid_att": [35.03257598665845, 3.758921133398189, 0.2469089219948265], "k_pid_yaw": [0.5, 1e-06, 0.1], "k_pid_hsp": [0.1489737140440801, 0.0, 0.0], "k_pid_vsp": [136.52873041211555, 38.2789730135526, 1e-06]}, "datetime": {"datetime": "2025-08-13 19:07:37", "elapsed": 33585.55923295021, "delta": 16.8947491645813}, "costs": {"total_cost": 205.55355586615644, "time_cost": 74.242, "final_distance_cost": 1.8335142928814925, "oscillation_cost": 27.6858077023389, "completition_cost": 0.0, "overshoot_cost": 53.04296415957433, "power_cost": 24.961351794433593, "noise_cost": 23.787917916928127, "n_waypoints_completed": 9, "tot_waypoints": 9}}
{"target": -195.24847970038962, "params": {"k_pid_pos": [1.0948680640313326, 0.0, 0.07359230933256707], "k_pid_alt": [1.6215301701417313, 0.0, 0.9021424747478062], "k_pid_att": [36.37092752051797, 3.6396708305857204, 0.27355379348886655], "k_pid_yaw": [0.5, 1e-06, 0.1], "k_pid_hsp": [0.17100953519214324, 0.0, 0.0], "k_pid_vsp": [133.718015513409, 25.157061817950336, 1e-06]}, "datetime": {"datetime": "2025-08-13 19:07:55", "elapsed": 33603.17850232124, "delta": 17.619269371032715}, "costs": {"total_cost": 195.24847970038962, "time_cost": 72.247, "final_distance_cost": 1.818523516381639, "oscillation_cost": 28.14757529648493, "completition_cost": 0.0, "overshoot_cost": 51.90140473222446, "power_cost": 18.916346032714845, "noise_cost": 22.217630122583753, "n_waypoints_completed": 9, "tot_waypoints": 9}}
{"target": -186.86207637693465, "params": {"k_pid_pos": [1.0263573211775918, 0.0, 0.059528454832558544], "k_pid_alt": [1.612178052392243, 0.0, 0.9446292727497527], "k_pid_att": [33.987035705155, 3.5812515043447344, 0.24675064242937964], "k_pid_yaw": [0.5, 1e-06, 0.1], "k_pid_hsp": [0.33136575165834714, 0.0, 0.0], "k_pid_vsp": [151.05041334006825, 30.44448757063912, 1e-06]}, "datetime": {"datetime": "2025-08-13 19:08:11", "elapsed": 33619.798483371735, "delta": 16.619981050491333}, "costs": {"total_cost": 186.86207637693465, "time_cost": 71.127, "final_distance_cost": 1.8396007074533935, "oscillation_cost": 29.15465926593052, "completition_cost": 0.0, "overshoot_cost": 50.412342350702474, "power_cost": 13.423113500976562, "noise_cost": 20.905360551871702, "n_waypoints_completed": 9, "tot_waypoints": 9}}
{"target": -186.19799557771387, "params": {"k_pid_pos": [1.0883046091042698, 0.0, 0.06986192094125088], "k_pid_alt": [1.6588958872005362, 0.0, 0.9410666476470435], "k_pid_att": [34.46689748523372, 3.500708827639977, 0.22868121360788063], "k_pid_yaw": [0.5, 1e-06, 0.1], "k_pid_hsp": [0.16460998887890638, 0.0, 0.0], "k_pid_vsp": [75.99411208532283, 23.841323105765106, 1e-06]}, "datetime": {"datetime": "2025-08-13 19:08:30", "elapsed": 33638.29511094093, "delta": 18.49662756919861}, "costs": {"total_cost": 186.19799557771387, "time_cost": 71.05, "final_distance_cost": 1.8284550787597655, "oscillation_cost": 28.619593663385754, "completition_cost": 0.0, "overshoot_cost": 51.223897762269864, "power_cost": 12.848939465332032, "noise_cost": 20.627109607966485, "n_waypoints_completed": 9, "tot_waypoints": 9}}
{"target": -192.25910492798283, "params": {"k_pid_pos": [1.527068997048704, 0.0, 0.04977048326323726], "k_pid_alt": [1.516290726158016, 0.0, 0.9087478022110392], "k_pid_att": [34.822475050441746, 3.590551437759114, 0.2484003552392941], "k_pid_yaw": [0.5, 1e-06, 0.1], "k_pid_hsp": [0.17825036519793427, 0.0, 0.0], "k_pid_vsp": [104.5043018906872, 36.161878029610385, 1e-06]}, "datetime": {"datetime": "2025-08-13 19:08:47", "elapsed": 33655.36307954788, "delta": 17.067968606948853}, "costs": {"total_cost": 192.25910492798283, "time_cost": 71.148, "final_distance_cost": 1.7915221557399978, "oscillation_cost": 31.56007519939618, "completition_cost": 0.0, "overshoot_cost": 51.21243429098993, "power_cost": 15.462513977050781, "noise_cost": 21.084559304805953, "n_waypoints_completed": 9, "tot_waypoints": 9}}
{"target": -186.51084722062103, "params": {"k_pid_pos": [1.0499016328489288, 0.0016005603024053417, 0.06516587656903931], "k_pid_alt": [1.6147112642759751, 0.0, 0.9462370168580486], "k_pid_att": [34.40106440728945, 3.3087696380891223, 0.246036754670865], "k_pid_yaw": [0.5, 1e-06, 0.1], "k_pid_hsp": [0.2314928461327581, 0.0, 0.0], "k_pid_vsp": [168.95261450873778, 1e-06, 1e-06]}, "datetime": {"datetime": "2025-08-13 19:09:04", "elapsed": 33672.685975551605, "delta": 17.322896003723145}, "costs": {"total_cost": 186.51084722062103, "time_cost": 72.394, "final_distance_cost": 1.8434814653454683, "oscillation_cost": 28.781222485871684, "completition_cost": 0.0, "overshoot_cost": 51.57754240845553, "power_cost": 11.560352587890625, "noise_cost": 20.354248273057717, "n_waypoints_completed": 9, "tot_waypoints": 9}}
{"target": -189.6271319825696, "params": {"k_pid_pos": [1.0392938353597911, 0.0, 0.07577857760271438], "k_pid_alt": [1.6666690501188102, 0.0, 0.962981956204333], "k_pid_att": [36.155609358195974, 3.423700736059787, 0.227024811422727], "k_pid_yaw": [0.5, 1e-06, 0.1], "k_pid_hsp": [0.23269127727199704, 0.0, 0.0], "k_pid_vsp": [169.2974397731557, 39.80271246955219, 1e-06]}, "datetime": {"datetime": "2025-08-13 19:09:22", "elapsed": 33690.96524333954, "delta": 18.27926778793335}, "costs": {"total_cost": 189.6271319825696, "time_cost": 71.316, "final_distance_cost": 1.8332745786843112, "oscillation_cost": 28.568313607412925, "completition_cost": 0.0, "overshoot_cost": 51.25658962516489, "power_cost": 15.329291772460937, "noise_cost": 21.323662398846555, "n_waypoints_completed": 9, "tot_waypoints": 9}}
{"target": -190.31747427381285, "params": {"k_pid_pos": [1.514256502839146, 0.0, 0.07797973294004817], "k_pid_alt": [1.6373961975962439, 0.0, 0.9047834868469098], "k_pid_att": [36.5536055032308, 3.5876538814455765, 0.2413394490315724], "k_pid_yaw": [0.5, 1e-06, 0.1], "k_pid_hsp": [0.1387733651509739, 0.0, 0.0], "k_pid_vsp": [134.8240514158868, 31.98518230959495, 1e-06]}, "datetime": {"datetime": "2025-08-13 19:09:41", "elapsed": 33709.91837120056, "delta": 18.95312786102295}, "costs": {"total_cost": 190.31747427381285, "time_cost": 71.127, "final_distance_cost": 1.7713202108114248, "oscillation_cost": 31.021114723309807, "completition_cost": 0.0, "overshoot_cost": 51.46687374081798, "power_cost": 14.112235388183594, "noise_cost": 20.818930210690045, "n_waypoints_completed": 9, "tot_waypoints": 9}}
{"target": -190.75464860069854, "params": {"k_pid_pos": [0.9787298391597273, 0.0, 0.06634823142791199], "k_pid_alt": [1.6069755451294658, 0.0, 0.9420992465522255], "k_pid_att": [32.772570954276055, 3.5867875240009397, 0.25139152560667], "k_pid_yaw": [0.5, 1e-06, 0.1], "k_pid_hsp": [0.17729796382237106, 0.0, 0.0], "k_pid_vsp": [127.43924946331721, 33.30568860374442, 1e-06]}, "datetime": {"datetime": "2025-08-13 19:09:59", "elapsed": 33727.78393936157, "delta": 17.865568161010742}, "costs": {"total_cost": 190.75464860069854, "time_cost": 71.603, "final_distance_cost": 1.8227789890783954, "oscillation_cost": 27.590550001492247, "completition_cost": 0.0, "overshoot_cost": 51.6085376078129, "power_cost": 16.4511005859375, "noise_cost": 21.6786814163775, "n_waypoints_completed": 9, "tot_waypoints": 9}}
{"target": -193.30352314935524, "params": {"k_pid_pos": [1.2222094740876723, 0.0, 0.031568784519579535], "k_pid_alt": [1.576924193389261, 0.0, 0.9619690065418105], "k_pid_att": [34.19851353027114, 3.7085047142044885, 0.26325964158763343], "k_pid_yaw": [0.5, 1e-06, 0.1], "k_pid_hsp": [0.14471203136728847, 0.0, 0.0], "k_pid_vsp": [126.21344540819865, 15.220227317598706, 0.5205167030284344]}, "datetime": {"datetime": "2025-08-13 19:10:17", "elapsed": 33745.10057783127, "delta": 17.316638469696045}, "costs": {"total_cost": 193.30352314935524, "time_cost": 72.345, "final_distance_cost": 1.7956916039196904, "oscillation_cost": 29.62903602694122, "completition_cost": 0.0, "overshoot_cost": 51.49765357315262, "power_cost": 16.336693395996093, "noise_cost": 21.69944854934563, "n_waypoints_completed": 9, "tot_waypoints": 9}}
{"target": -1243.5066551713553, "params": {"k_pid_pos": [0.9917646865668572, 0.006264211217151572, 0.04038114125247895], "k_pid_alt": [1.605441451929538, 0.0, 0.9615293102764036], "k_pid_att": [36.05070000627114, 3.427370379011273, 0.24516879848521034], "k_pid_yaw": [0.5, 1e-06, 0.1], "k_pid_hsp": [0.0001, 0.0, 0.0], "k_pid_vsp": [0.0, 32.00941562606679, 1e-06]}, "datetime": {"datetime": "2025-08-13 19:10:46", "elapsed": 33774.31106066704, "delta": 29.210482835769653}, "costs": {"total_cost": 1243.5066551713553, "time_cost": 150, "final_distance_cost": 47.10431603896712, "oscillation_cost": 0.5537332709137697, "completition_cost": 888.8888888888888, "overshoot_cost": 102.39139720493063, "power_cost": 22.767330712890626, "noise_cost": 31.800989054764322, "n_waypoints_completed": 1, "tot_waypoints": 9}}
{"target": -184.81196742851165, "params": {"k_pid_pos": [1.141846934549475, 0.0, 0.05743666825799222], "k_pid_alt": [1.688172137587084, 0.0, 0.9738128535512182], "k_pid_att": [36.14885836203273, 3.476817895982, 0.22428103082198408], "k_pid_yaw": [0.5, 1e-06, 0.1], "k_pid_hsp": [0.25296774143267375, 0.0, 0.0], "k_pid_vsp": [75.53696630883621, 25.783787164442604, 1e-06]}, "datetime": {"datetime": "2025-08-13 19:11:03", "elapsed": 33791.68545079231, "delta": 17.374390125274658}, "costs": {"total_cost": 184.81196742851165, "time_cost": 70.287, "final_distance_cost": 1.8287912453370339, "oscillation_cost": 29.892407395641257, "completition_cost": 0.0, "overshoot_cost": 50.34922781386315, "power_cost": 12.244213684082032, "noise_cost": 20.210327289588147, "n_waypoints_completed": 9, "tot_waypoints": 9}}
