{"target": -1030.211522617572, "params": {"k_pid_pos": [1.8624793477566346, 0.11973358850112281, 0.1171035659001105], "k_pid_alt": [0.17541802382153682, 0.6578632850405278, 0.4186083007903795], "k_pid_att": [77.43214161418433, 6.712347009944595, 0.33363775832823817], "k_pid_yaw": [0.5, 1e-06, 0.1], "k_pid_hsp": [8.983675636960621, 0.7625321470706523, 0.2705349409101757], "k_pid_vsp": [145.6768071088216, 125.77599276726518, 63.04466029238821]}, "datetime": {"datetime": "2025-08-13 10:00:11", "elapsed": 739.7967805862427, "delta": 29.021027326583862}, "costs": {"total_cost": 1030.211522617572, "time_cost": 150, "final_distance_cost": 69.6607939103563, "oscillation_cost": 448.0069232119681, "completition_cost": 222.2222222222222, "overshoot_cost": 64.0235966276973, "power_cost": 42.95184067382813, "noise_cost": 33.34614597150016, "n_waypoints_completed": 7, "tot_waypoints": 9}}
{"target": -1406.0064599614957, "params": {"k_pid_pos": [0.29565196674712907, 0.936127463375744, 0.43790403719875326], "k_pid_alt": [0.7666396455548197, 0.7296857086773779, 0.5529930652528999], "k_pid_att": [93.61399868384622, 7.803036908944531, 0.47936956412454035], "k_pid_yaw": [0.5, 1e-06, 0.1], "k_pid_hsp": [3.7636570988609144, 0.986631544924322, 0.7177602360036435], "k_pid_vsp": [380.47786400153643, 47.391431768337966, 340.2134718257794]}, "datetime": {"datetime": "2025-08-13 10:00:39", "elapsed": 767.8208827972412, "delta": 28.024102210998535}, "costs": {"total_cost": 1406.0064599614957, "time_cost": 150, "final_distance_cost": 96.56954996932944, "oscillation_cost": 250.15599196272544, "completition_cost": 777.7777777777778, "overshoot_cost": 70.30139431640588, "power_cost": 32.80518653564453, "noise_cost": 28.39655939961256, "n_waypoints_completed": 2, "tot_waypoints": 9}}
{"target": -1097.623536191527, "params": {"k_pid_pos": [1.274184060594016, 0.12192167833511258, 0.5882579999692207], "k_pid_alt": [1.3721927302108976, 0.012302685888602838, 0.45431796184174655], "k_pid_att": [82.53995111963212, 2.9536607175383645, 0.4585480817985511], "k_pid_yaw": [0.5, 1e-06, 0.1], "k_pid_hsp": [4.423197039266225, 0.3019273914424916, 0.9184418955155542], "k_pid_vsp": [312.51761417260633, 44.235365287855785, 398.8138631379946]}, "datetime": {"datetime": "2025-08-13 10:01:08", "elapsed": 796.2142777442932, "delta": 28.393394947052002}, "costs": {"total_cost": 1097.623536191527, "time_cost": 150, "final_distance_cost": 78.6712094056518, "oscillation_cost": 491.8781976886999, "completition_cost": 222.2222222222222, "overshoot_cost": 86.22435361489286, "power_cost": 37.84842596435547, "noise_cost": 30.77912729570465, "n_waypoints_completed": 7, "tot_waypoints": 9}}
{"target": -1480.1578261063867, "params": {"k_pid_pos": [1.7584121286130596, 0.28390843786403896, 0.8368965796609382], "k_pid_alt": [0.21283906374276573, 0.9991047304742386, 0.6656847361065369], "k_pid_att": [65.0125015558797, 0.904498225768629, 0.8970333988966253], "k_pid_yaw": [0.5, 1e-06, 0.1], "k_pid_hsp": [0.2900921320943738, 0.24082805804114704, 0.143021875166635], "k_pid_vsp": [310.7071762768874, 79.28169168695491, 364.2552909417159]}, "datetime": {"datetime": "2025-08-13 10:01:35", "elapsed": 823.8335194587708, "delta": 27.61924171447754}, "costs": {"total_cost": 1480.1578261063867, "time_cost": 150, "final_distance_cost": 91.89415394406294, "oscillation_cost": 346.26886670998, "completition_cost": 777.7777777777778, "overshoot_cost": 56.898423174833724, "power_cost": 29.189199755859377, "noise_cost": 28.129404743872776, "n_waypoints_completed": 2, "tot_waypoints": 9}}
{"target": -619.347591612364, "params": {"k_pid_pos": [1.3125724517510475, 0.036162710494696215, 0.0054298341287004614], "k_pid_alt": [0.10331583402879785, 0.6059251776477277, 0.8014818108594153], "k_pid_att": [23.855282062738848, 8.494103488346438, 0.057231940153260386], "k_pid_yaw": [0.5, 1e-06, 0.1], "k_pid_hsp": [8.009658440031398, 0.9277954301722804, 0.7721083991043806], "k_pid_vsp": [279.24831359145486, 335.19208762417304, 16.06052077867527]}, "datetime": {"datetime": "2025-08-13 10:01:58", "elapsed": 846.8638978004456, "delta": 23.030378341674805}, "costs": {"total_cost": 619.347591612364, "time_cost": 95.711, "final_distance_cost": 1.7912122238439263, "oscillation_cost": 410.8368886806162, "completition_cost": 0.0, "overshoot_cost": 61.77545881739202, "power_cost": 25.356077880859377, "noise_cost": 23.876954009652447, "n_waypoints_completed": 9, "tot_waypoints": 9}}
{"target": -1601.826320095948, "params": {"k_pid_pos": [0.40364404322703884, 0.12492367930564308, 0.5045309901929865], "k_pid_alt": [1.490376256657689, 0.6300118445763987, 0.851131099761935], "k_pid_att": [15.521299244109088, 7.346237457242422, 0.1930414908689041], "k_pid_yaw": [0.5, 1e-06, 0.1], "k_pid_hsp": [2.707660437302871, 0.7099046972813039, 0.9802047848986818], "k_pid_vsp": [244.61744239082782, 21.800126942017926, 246.52358835470415]}, "datetime": {"datetime": "2025-08-13 10:02:26", "elapsed": 874.5913133621216, "delta": 27.727415561676025}, "costs": {"total_cost": 1601.826320095948, "time_cost": 150, "final_distance_cost": 65.13914368702375, "oscillation_cost": 498.1717591151483, "completition_cost": 777.7777777777778, "overshoot_cost": 51.73679586168116, "power_cost": 28.859872326660156, "noise_cost": 30.140971327656736, "n_waypoints_completed": 2, "tot_waypoints": 9}}
{"target": -202.2991819579554, "params": {"k_pid_pos": [0.49275800590297264, 0.18848155022322047, 0.17888737446852812], "k_pid_alt": [1.515427128667956, 0.0, 0.949345597264735], "k_pid_att": [39.447728079683905, 3.8677381495188174, 0.1845336041603497], "k_pid_yaw": [0.5, 1e-06, 0.1], "k_pid_hsp": [0.09847755819799779, 0.011264223901387349, 0.0], "k_pid_vsp": [194.7624155113164, 20.0, 10.0]}, "datetime": {"datetime": "2025-08-13 10:02:45", "elapsed": 893.4713261127472, "delta": 18.88001275062561}, "costs": {"total_cost": 202.2991819579554, "time_cost": 82.264, "final_distance_cost": 1.8182699469559411, "oscillation_cost": 21.921177294173518, "completition_cost": 0.0, "overshoot_cost": 52.12037914038492, "power_cost": 22.202591821289065, "noise_cost": 21.972763755151966, "n_waypoints_completed": 9, "tot_waypoints": 9}}
{"target": -1208.6589133813911, "params": {"k_pid_pos": [0.48602339977965764, 0.31766939051595633, 0.17187025152334973], "k_pid_alt": [1.5796134499572916, 0.14584570884582077, 0.9694388671118069], "k_pid_att": [40.76454064444748, 1.6395651890912664, 0.3578191152975211], "k_pid_yaw": [0.5, 1e-06, 0.1], "k_pid_hsp": [1.7860895227081865, 0.0, 0.24657989001676342], "k_pid_vsp": [240.1491231855266, 30.795528251044153, 227.47594385389777]}, "datetime": {"datetime": "2025-08-13 10:03:14", "elapsed": 922.0447397232056, "delta": 28.573413610458374}, "costs": {"total_cost": 1208.6589133813911, "time_cost": 150, "final_distance_cost": 62.20202125970249, "oscillation_cost": 537.5015071221404, "completition_cost": 333.33333333333337, "overshoot_cost": 63.03138774483042, "power_cost": 33.837072863769535, "noise_cost": 28.75359105761508, "n_waypoints_completed": 6, "tot_waypoints": 9}}
{"target": -561.4808800002353, "params": {"k_pid_pos": [0.9439268791684274, 0.0, 0.10641804451387421], "k_pid_alt": [1.6379212066357711, 0.25053513517621456, 0.9732797921218943], "k_pid_att": [40.98504973894832, 4.239703296003455, 0.18617214912718508], "k_pid_yaw": [0.5, 1e-06, 0.1], "k_pid_hsp": [6.591974181511127, 0.30359929236513417, 0.17683382472906217], "k_pid_vsp": [259.1433458739488, 98.82960044513703, 1e-06]}, "datetime": {"datetime": "2025-08-13 10:03:34", "elapsed": 942.7365562915802, "delta": 20.691816568374634}, "costs": {"total_cost": 561.4808800002353, "time_cost": 82.306, "final_distance_cost": 1.7796330156376106, "oscillation_cost": 377.98685101798566, "completition_cost": 0.0, "overshoot_cost": 52.08499487909337, "power_cost": 24.90418679199219, "noise_cost": 22.41921429552643, "n_waypoints_completed": 9, "tot_waypoints": 9}}
{"target": -197.55150466721733, "params": {"k_pid_pos": [1.2194775023431004, 0.3003000581960637, 0.20785673899908902], "k_pid_alt": [1.4973248132131687, 0.03634473471224914, 0.2944669682633596], "k_pid_att": [14.885326350343705, 2.805802619511703, 0.20548357739908157], "k_pid_yaw": [0.5, 1e-06, 0.1], "k_pid_hsp": [0.2811829451860657, 0.007182303106194721, 0.0], "k_pid_vsp": [224.6432883402462, 36.16660016500314, 16.82967101106438]}, "datetime": {"datetime": "2025-08-13 10:03:52", "elapsed": 960.0750818252563, "delta": 17.338525533676147}, "costs": {"total_cost": 197.55150466721733, "time_cost": 72.989, "final_distance_cost": 1.793799881860031, "oscillation_cost": 32.15448254961804, "completition_cost": 0.0, "overshoot_cost": 51.73182076641414, "power_cost": 19.576313525390624, "noise_cost": 19.30608794393449, "n_waypoints_completed": 9, "tot_waypoints": 9}}
{"target": -274.62669790628735, "params": {"k_pid_pos": [0.5381287476434026, 0.3958472635647179, 0.3688614387515162], "k_pid_alt": [1.5258100625896656, 0.611084775232076, 1.0], "k_pid_att": [44.84574516816749, 3.4216064432282685, 0.16881090769364215], "k_pid_yaw": [0.5, 1e-06, 0.1], "k_pid_hsp": [4.3203948134226176, 0.12979330353466176, 0.0], "k_pid_vsp": [201.99638387974284, 1e-06, 10.92532920530246]}, "datetime": {"datetime": "2025-08-13 10:04:16", "elapsed": 984.3315582275391, "delta": 24.256476402282715}, "costs": {"total_cost": 274.62669790628735, "time_cost": 99.652, "final_distance_cost": 1.7538682217002655, "oscillation_cost": 66.19035423393348, "completition_cost": 0.0, "overshoot_cost": 57.00041547120525, "power_cost": 25.121299536132813, "noise_cost": 24.90876044331557, "n_waypoints_completed": 9, "tot_waypoints": 9}}
{"target": -251.33761383452645, "params": {"k_pid_pos": [0.4857056732436698, 0.17534511982623452, 0.41086729136833977], "k_pid_alt": [1.1886393886514657, 0.7357508358519228, 0.9966651062060163], "k_pid_att": [39.763868359086345, 1.8241651000814567, 0.17922079798282117], "k_pid_yaw": [0.5, 1e-06, 0.1], "k_pid_hsp": [0.038371589278519413, 0.041409679321120524, 0.0], "k_pid_vsp": [186.02464729620544, 27.424384150101318, 1e-06]}, "datetime": {"datetime": "2025-08-13 10:04:42", "elapsed": 1010.5724601745605, "delta": 26.240901947021484}, "costs": {"total_cost": 251.33761383452645, "time_cost": 108.759, "final_distance_cost": 1.7961783465396983, "oscillation_cost": 28.749451642323532, "completition_cost": 0.0, "overshoot_cost": 58.021957513666315, "power_cost": 21.99070771484375, "noise_cost": 32.02031861715315, "n_waypoints_completed": 9, "tot_waypoints": 9}}
{"target": -1355.7775672971727, "params": {"k_pid_pos": [0.5467634231171608, 0.6928923678361536, 0.23983964745790384], "k_pid_alt": [1.5274293745690666, 0.28812165574911647, 0.8223691580043112], "k_pid_att": [40.569603764178346, 3.8899301124268275, 0.14172219929790808], "k_pid_yaw": [0.5, 1e-06, 0.1], "k_pid_hsp": [0.0001, 0.4401391999205598, 0.0], "k_pid_vsp": [145.99438377341238, 62.105493133556024, 131.98400074472877]}, "datetime": {"datetime": "2025-08-13 10:05:11", "elapsed": 1039.331337928772, "delta": 28.758877754211426}, "costs": {"total_cost": 1355.7775672971727, "time_cost": 150, "final_distance_cost": 63.158360792979344, "oscillation_cost": 104.90315833213904, "completition_cost": 888.8888888888888, "overshoot_cost": 89.28665272748422, "power_cost": 30.91629655761719, "noise_cost": 28.624209998064014, "n_waypoints_completed": 1, "tot_waypoints": 9}}
{"target": -818.6409751845214, "params": {"k_pid_pos": [0.8799498847427305, 0.09118685727941184, 0.20265769430659364], "k_pid_alt": [0.4593615545844565, 0.4079151817502761, 0.505503399172083], "k_pid_att": [26.056784061617286, 3.081052925088474, 0.3108647372019474], "k_pid_yaw": [0.5, 1e-06, 0.1], "k_pid_hsp": [0.17892203245980487, 0.4213108284896922, 0.2802178543249968], "k_pid_vsp": [153.9427315306848, 0.445290884579606, 55.46589596058823]}, "datetime": {"datetime": "2025-08-13 10:05:39", "elapsed": 1067.5992484092712, "delta": 28.267910480499268}, "costs": {"total_cost": 818.6409751845214, "time_cost": 150, "final_distance_cost": 71.0164911601632, "oscillation_cost": 260.4431196449799, "completition_cost": 222.2222222222222, "overshoot_cost": 59.22370810109448, "power_cost": 28.96014315185547, "noise_cost": 26.775290904206045, "n_waypoints_completed": 7, "tot_waypoints": 9}}
{"target": -1915.711835122791, "params": {"k_pid_pos": [0.5993256463021421, 0.10176261959182387, 0.19548443438295438], "k_pid_alt": [1.2812756939942573, 0.011885592198105008, 1.0], "k_pid_att": [39.52459674700171, 4.405410774325952, 0.21324013463587727], "k_pid_yaw": [0.5, 1e-06, 0.1], "k_pid_hsp": [0.0001, 0.12633637969107225, 0.14500693476188653], "k_pid_vsp": [226.66814308096374, 22.448203373685672, 1e-06]}, "datetime": {"datetime": "2025-08-13 10:06:08", "elapsed": 1096.446358203888, "delta": 28.8471097946167}, "costs": {"total_cost": 1915.711835122791, "time_cost": 150, "final_distance_cost": 79.57524700107687, "oscillation_cost": 827.400618521474, "completition_cost": 666.6666666666667, "overshoot_cost": 131.7479568292419, "power_cost": 30.893044653320313, "noise_cost": 29.428301451011045, "n_waypoints_completed": 3, "tot_waypoints": 9}}
{"target": -591.4375739232, "params": {"k_pid_pos": [0.5138967014567409, 0.7194263710201534, 0.34482338796421813], "k_pid_alt": [1.5358854074710373, 0.031030827555191924, 0.48781091327974097], "k_pid_att": [47.45302448052592, 2.2468323624177655, 0.5710118999377047], "k_pid_yaw": [0.5, 1e-06, 0.1], "k_pid_hsp": [1.2007932947311666, 0.0792187692359955, 0.16590345186211844], "k_pid_vsp": [199.53035396882146, 1e-06, 10.354790272600532]}, "datetime": {"datetime": "2025-08-13 10:06:35", "elapsed": 1123.4583337306976, "delta": 27.011975526809692}, "costs": {"total_cost": 591.4375739232, "time_cost": 115.962, "final_distance_cost": 1.7468109669642127, "oscillation_cost": 341.6183461595814, "completition_cost": 0.0, "overshoot_cost": 70.27132157223392, "power_cost": 29.965228442382813, "noise_cost": 31.87386678203769, "n_waypoints_completed": 9, "tot_waypoints": 9}}
{"target": -491.5576189933458, "params": {"k_pid_pos": [1.6364913765435858, 0.6962534490180843, 0.14206220095160416], "k_pid_alt": [1.175670460929056, 0.007575988520017729, 0.7726793005095686], "k_pid_att": [37.792312849096874, 4.180489135669372, 0.03581629104930839], "k_pid_yaw": [0.5, 1e-06, 0.1], "k_pid_hsp": [7.632531374533414, 0.0, 0.06533122006078407], "k_pid_vsp": [117.15057159473244, 20.802605888519548, 1e-06]}, "datetime": {"datetime": "2025-08-13 10:06:56", "elapsed": 1144.2708027362823, "delta": 20.812469005584717}, "costs": {"total_cost": 491.5576189933458, "time_cost": 86.828, "final_distance_cost": 1.7485675153982398, "oscillation_cost": 296.3375226582847, "completition_cost": 0.0, "overshoot_cost": 55.474543646597084, "power_cost": 26.505204907226563, "noise_cost": 24.663780265839186, "n_waypoints_completed": 9, "tot_waypoints": 9}}
{"target": -217.95800240794333, "params": {"k_pid_pos": [0.6124200156662293, 0.811479610721815, 0.6520233922438988], "k_pid_alt": [1.5927699957533847, 0.0, 1.0], "k_pid_att": [45.76937072734751, 4.3059606262763594, 0.2666392077102503], "k_pid_yaw": [0.5, 1e-06, 0.1], "k_pid_hsp": [1.3535882563397068, 0.03765719700818651, 0.0], "k_pid_vsp": [344.49949195053046, 100.48486597267487, 1e-06]}, "datetime": {"datetime": "2025-08-13 10:07:17", "elapsed": 1165.3023636341095, "delta": 21.03156089782715}, "costs": {"total_cost": 217.95800240794333, "time_cost": 89.04, "final_distance_cost": 1.7929869990169114, "oscillation_cost": 37.71162531826064, "completition_cost": 0.0, "overshoot_cost": 51.4832498353798, "power_cost": 13.428038635253907, "noise_cost": 24.50210162003204, "n_waypoints_completed": 9, "tot_waypoints": 9}}
{"target": -1292.8723062145407, "params": {"k_pid_pos": [1.7464869066782747, 0.26351051798896175, 0.40091535073499707], "k_pid_alt": [1.7900693157473004, 0.4782642031344417, 0.9252247617669881], "k_pid_att": [39.094443726643725, 2.681737912540645, 0.1752950939543828], "k_pid_yaw": [0.5, 1e-06, 0.1], "k_pid_hsp": [0.0001, 0.14972014864598948, 0.0], "k_pid_vsp": [263.9688525595596, 135.94568375580226, 21.70596574834586]}, "datetime": {"datetime": "2025-08-13 10:07:45", "elapsed": 1193.2428662776947, "delta": 27.940502643585205}, "costs": {"total_cost": 1292.8723062145407, "time_cost": 150, "final_distance_cost": 93.55719700760754, "oscillation_cost": 112.43161909053414, "completition_cost": 777.7777777777778, "overshoot_cost": 89.54154143845608, "power_cost": 35.95446885986328, "noise_cost": 33.60970204030172, "n_waypoints_completed": 2, "tot_waypoints": 9}}
{"target": -586.2931483874374, "params": {"k_pid_pos": [0.45314684447339204, 0.14729184136532097, 0.0], "k_pid_alt": [1.0311321689969137, 0.06965859372003907, 0.9687017621486652], "k_pid_att": [33.864532927244966, 3.6689245357480624, 0.178637335398419], "k_pid_yaw": [0.5, 1e-06, 0.1], "k_pid_hsp": [0.13303017749121862, 0.0, 0.0], "k_pid_vsp": [179.71995620290798, 44.42897948631716, 143.50243055812092]}, "datetime": {"datetime": "2025-08-13 10:08:14", "elapsed": 1222.4180572032928, "delta": 29.175190925598145}, "costs": {"total_cost": 586.2931483874374, "time_cost": 150, "final_distance_cost": 75.27570780174196, "oscillation_cost": 27.794632301971713, "completition_cost": 222.2222222222222, "overshoot_cost": 62.63014657570631, "power_cost": 24.323050610351565, "noise_cost": 24.047388875443797, "n_waypoints_completed": 7, "tot_waypoints": 9}}
{"target": -1956.6913477572562, "params": {"k_pid_pos": [0.8817052148003185, 0.3490062816781311, 0.19566769957683136], "k_pid_alt": [1.5855719833692945, 0.0, 0.8461036258385276], "k_pid_att": [50.83660788386689, 2.1986559242734254, 0.8173068947385373], "k_pid_yaw": [0.5, 1e-06, 0.1], "k_pid_hsp": [0.0001, 0.0, 0.284761421901684], "k_pid_vsp": [243.8102530956176, 281.30882358421076, 32.69160296067429]}, "datetime": {"datetime": "2025-08-13 10:08:43", "elapsed": 1251.0756342411041, "delta": 28.65757703781128}, "costs": {"total_cost": 1956.6913477572562, "time_cost": 150, "final_distance_cost": 57.27527566863296, "oscillation_cost": 607.4002623933499, "completition_cost": 888.8888888888888, "overshoot_cost": 186.58553284380355, "power_cost": 37.326248193359376, "noise_cost": 29.215139769221608, "n_waypoints_completed": 1, "tot_waypoints": 9}}
{"target": -2115.634301457262, "params": {"k_pid_pos": [0.0001, 0.04248702113499579, 0.4774182760295018], "k_pid_alt": [1.3809728739744063, 0.018071669285127018, 0.2580231378382231], "k_pid_att": [38.785742097277755, 4.3015539448523645, 0.26126084542456124], "k_pid_yaw": [0.5, 1e-06, 0.1], "k_pid_hsp": [7.041066883651343, 0.5030767972560046, 0.354991265078122], "k_pid_vsp": [161.65261713431008, 18.409101834134326, 6.543561711843118]}, "datetime": {"datetime": "2025-08-13 10:09:12", "elapsed": 1280.449345588684, "delta": 29.373711347579956}, "costs": {"total_cost": 2115.634301457262, "time_cost": 150, "final_distance_cost": 49.4003455076006, "oscillation_cost": 833.5041402824427, "completition_cost": 888.8888888888888, "overshoot_cost": 127.86303369247582, "power_cost": 35.172168164062505, "noise_cost": 30.805724921791757, "n_waypoints_completed": 1, "tot_waypoints": 9}}
{"target": -1248.8306346985685, "params": {"k_pid_pos": [1.2298735646480552, 0.14871599321658824, 0.1639975855569078], "k_pid_alt": [1.6569778539039093, 0.2975639377546649, 0.9327203320847524], "k_pid_att": [52.53696612826683, 4.031024865428766, 0.32831118763187694], "k_pid_yaw": [0.5, 1e-06, 0.1], "k_pid_hsp": [0.0001, 0.0, 0.0], "k_pid_vsp": [191.8112949953866, 40.89883202797255, 27.38861366065869]}, "datetime": {"datetime": "2025-08-13 10:09:41", "elapsed": 1309.4540293216705, "delta": 29.00468373298645}, "costs": {"total_cost": 1248.8306346985685, "time_cost": 150, "final_distance_cost": 48.87974196328327, "oscillation_cost": 7.2142164736740595, "completition_cost": 888.8888888888888, "overshoot_cost": 105.65833530582421, "power_cost": 25.344258898925784, "noise_cost": 22.84519316797215, "n_waypoints_completed": 1, "tot_waypoints": 9}}
{"target": -706.7995305837023, "params": {"k_pid_pos": [0.580502368365665, 0.37846461803378995, 0.14949348038907143], "k_pid_alt": [1.2359644413797921, 0.42748196598806854, 1.0], "k_pid_att": [29.662619067468853, 3.953664768383473, 0.1724627375742404], "k_pid_yaw": [0.5, 1e-06, 0.1], "k_pid_hsp": [7.120363533135052, 0.0, 0.13892045143688778], "k_pid_vsp": [71.46547271909111, 32.74160274021492, 10.295347648666542]}, "datetime": {"datetime": "2025-08-13 10:10:07", "elapsed": 1335.1088919639587, "delta": 25.654862642288208}, "costs": {"total_cost": 706.7995305837023, "time_cost": 105.308, "final_distance_cost": 1.738758451943719, "oscillation_cost": 477.60730760528793, "completition_cost": 0.0, "overshoot_cost": 57.45401116056846, "power_cost": 34.31381583251953, "noise_cost": 30.377637533382735, "n_waypoints_completed": 9, "tot_waypoints": 9}}
{"target": -536.0372843863345, "params": {"k_pid_pos": [0.3359576606534838, 0.19377923743795178, 0.11346574793566011], "k_pid_alt": [1.5451665556703138, 0.2098989061913764, 0.9437478518107353], "k_pid_att": [38.67937109090183, 4.210204911164285, 0.0], "k_pid_yaw": [0.5, 1e-06, 0.1], "k_pid_hsp": [4.186531601842632, 0.03491170595529099, 0.0], "k_pid_vsp": [221.68089208039686, 94.93937366329371, 81.13062741228308]}, "datetime": {"datetime": "2025-08-13 10:10:35", "elapsed": 1363.2007842063904, "delta": 28.09189224243164}, "costs": {"total_cost": 536.0372843863345, "time_cost": 150, "final_distance_cost": 27.509023259438596, "oscillation_cost": 136.72143697225957, "completition_cost": 111.11111111111116, "overshoot_cost": 57.11853545272301, "power_cost": 27.61791357421875, "noise_cost": 25.959264016583393, "n_waypoints_completed": 8, "tot_waypoints": 9}}
