{"target": -372.10936773656283, "params": {"k_pid_pos": [1.345942132288759, 0.45869220646895803, 0.3605193508069072], "k_pid_alt": [1.0616444790356938, 0.6299354663145692, 0.5715149607451002], "k_pid_att": [12.584700086885592, 0.13994035834153612, 0.8795622381036087], "k_pid_yaw": [0.5, 1e-06, 0.1], "k_pid_hsp": [6.542495395860394, 0.1405381570588754, 0.9404518805538916], "k_pid_vsp": [181.03532415135965, 324.5999651050789, 15.277033841911598]}, "datetime": {"datetime": "2025-08-12 07:35:23", "elapsed": 54603.14583444595, "delta": 36.633182525634766}, "costs": {"total_cost": 372.10936773656283, "time_cost": 93.345, "final_distance_cost": 1.7813131573941838, "oscillation_cost": 174.59696250629503, "completition_cost": 0.0, "overshoot_cost": 53.908440324553574, "power_cost": 24.34874588623047, "noise_cost": 24.128905862089578, "n_waypoints_completed": 9, "tot_waypoints": 9}}
{"target": -452.07807144324545, "params": {"k_pid_pos": [1.4888359512436509, 0.08626152860930014, 0.8782801787499503], "k_pid_alt": [0.2507263487049207, 0.05615649364259401, 0.0646460142851607], "k_pid_att": [12.460361535660514, 0.7803351388507431, 0.3317499993632951], "k_pid_yaw": [0.5, 1e-06, 0.1], "k_pid_hsp": [4.178185831188717, 0.09796689325840968, 0.24466516745481504], "k_pid_vsp": [239.14765277818404, 264.27744876716054, 29.569172396891332]}, "datetime": {"datetime": "2025-08-12 07:35:58", "elapsed": 54638.05493950844, "delta": 34.90910506248474}, "costs": {"total_cost": 452.07807144324545, "time_cost": 97.279, "final_distance_cost": 1.7800918963601293, "oscillation_cost": 250.50843475341557, "completition_cost": 0.0, "overshoot_cost": 52.273433342892986, "power_cost": 26.12203580322266, "noise_cost": 24.11507564735408, "n_waypoints_completed": 9, "tot_waypoints": 9}}
{"target": -891.9582728696477, "params": {"k_pid_pos": [1.6994908909919408, 0.9790120855409623, 0.3489287832545275], "k_pid_alt": [0.5195729924760477, 0.5401051266650838, 0.2396659268829514], "k_pid_att": [50.82810305311472, 5.051893987690888, 0.36923960228198127], "k_pid_yaw": [0.5, 1e-06, 0.1], "k_pid_hsp": [1.8646879209958969, 0.8003018247446806, 0.5848564080423148], "k_pid_vsp": [234.24679698099976, 322.46650579210234, 17.474752936207643]}, "datetime": {"datetime": "2025-08-12 07:36:40", "elapsed": 54679.5665602684, "delta": 41.51162075996399}, "costs": {"total_cost": 891.9582728696477, "time_cost": 150, "final_distance_cost": 90.2881807511946, "oscillation_cost": 184.30687052024865, "completition_cost": 333.33333333333337, "overshoot_cost": 65.43937207582512, "power_cost": 36.42644393310547, "noise_cost": 32.164072255940496, "n_waypoints_completed": 6, "tot_waypoints": 9}}
{"target": -963.6498750261215, "params": {"k_pid_pos": [0.503363852251002, 0.7815148823475171, 0.5940833998500741], "k_pid_alt": [0.6602016583649823, 0.7055922897003857, 0.5752786828093468], "k_pid_att": [12.499716652840142, 9.178133776641555, 0.4627643849842412], "k_pid_yaw": [0.5, 1e-06, 0.1], "k_pid_hsp": [7.3053749058017345, 0.39019705112101843, 0.5886201594178772], "k_pid_vsp": [263.33763970812385, 263.2257759810428, 49.7720056338106]}, "datetime": {"datetime": "2025-08-12 07:37:23", "elapsed": 54722.526188611984, "delta": 42.95962834358215}, "costs": {"total_cost": 963.6498750261215, "time_cost": 150, "final_distance_cost": 52.558093945893376, "oscillation_cost": 322.2014643550333, "completition_cost": 333.33333333333337, "overshoot_cost": 44.717902515146626, "power_cost": 32.54551802978516, "noise_cost": 28.293562846929692, "n_waypoints_completed": 6, "tot_waypoints": 9}}
{"target": -412.5182379410054, "params": {"k_pid_pos": [0.9199972443338376, 0.5539490428258095, 0.18118901432768275], "k_pid_alt": [0.7961735021530192, 0.5891332859277184, 0.9762844544970573], "k_pid_att": [14.557469026158765, 6.436273764426031, 0.7184629191626075], "k_pid_yaw": [0.5, 1e-06, 0.1], "k_pid_hsp": [6.269449057198371, 0.24536473789483415, 0.5126304955731156], "k_pid_vsp": [234.22055814379857, 260.71543805431196, 24.64573672853583]}, "datetime": {"datetime": "2025-08-12 07:38:03", "elapsed": 54762.38425374031, "delta": 39.858065128326416}, "costs": {"total_cost": 412.5182379410054, "time_cost": 101.15, "final_distance_cost": 1.7859990106429282, "oscillation_cost": 198.74918933115876, "completition_cost": 0.0, "overshoot_cost": 56.90512291551652, "power_cost": 27.287557373046877, "noise_cost": 26.64036931064032, "n_waypoints_completed": 9, "tot_waypoints": 9}}
{"target": -476.002279227432, "params": {"k_pid_pos": [0.7718309721898007, 0.23316554954595758, 0.8699350447072772], "k_pid_alt": [1.6410002175182947, 0.9798038879636078, 0.05682694021766099], "k_pid_att": [9.528019600468852, 6.93642453593426, 0.8232869178641015], "k_pid_yaw": [0.5, 1e-06, 0.1], "k_pid_hsp": [7.089864222960786, 0.2633480121488897, 0.3978755877410163], "k_pid_vsp": [185.42976688979044, 325.28496148206506, 8.332588442177798]}, "datetime": {"datetime": "2025-08-12 07:38:41", "elapsed": 54800.461436510086, "delta": 38.07718276977539}, "costs": {"total_cost": 476.002279227432, "time_cost": 112.476, "final_distance_cost": 1.7496297751805743, "oscillation_cost": 246.86885347597308, "completition_cost": 0.0, "overshoot_cost": 58.572703434101335, "power_cost": 25.255878381347657, "noise_cost": 31.079214160829356, "n_waypoints_completed": 9, "tot_waypoints": 9}}
{"target": -415.7105080315084, "params": {"k_pid_pos": [1.2149094505800921, 0.8964777599809823, 0.5146963482415268], "k_pid_alt": [1.3458373695929748, 0.8404426881059959, 0.9672458881869948], "k_pid_att": [9.070699115067848, 4.115684776714639, 0.37004702108346266], "k_pid_yaw": [0.5, 1e-06, 0.1], "k_pid_hsp": [6.769584132189729, 0.5158857856397937, 0.917216975827134], "k_pid_vsp": [238.49319800510833, 275.5911281981731, 17.709798490325266]}, "datetime": {"datetime": "2025-08-12 07:39:15", "elapsed": 54834.52379488945, "delta": 34.062358379364014}, "costs": {"total_cost": 415.7105080315084, "time_cost": 96.502, "final_distance_cost": 1.7292172146918061, "oscillation_cost": 212.6885768611492, "completition_cost": 0.0, "overshoot_cost": 53.33988116746612, "power_cost": 26.90828220214844, "noise_cost": 24.542550586052926, "n_waypoints_completed": 9, "tot_waypoints": 9}}
{"target": -888.6630075474368, "params": {"k_pid_pos": [0.9854871223778396, 0.8507265628660815, 0.9004670018358503], "k_pid_alt": [1.7067563680714013, 0.3571677631250222, 0.2096853856152484], "k_pid_att": [36.82568051581252, 6.790284846507349, 0.4783793312380932], "k_pid_yaw": [0.5, 1e-06, 0.1], "k_pid_hsp": [3.2060183994214344, 0.3835407845907912, 0.26951648665190087], "k_pid_vsp": [239.19856416453968, 320.30535308271413, 18.761677031910992]}, "datetime": {"datetime": "2025-08-12 07:39:59", "elapsed": 54878.98593854904, "delta": 44.462143659591675}, "costs": {"total_cost": 888.6630075474368, "time_cost": 150, "final_distance_cost": 59.85243433808057, "oscillation_cost": 455.7792597533221, "completition_cost": 111.11111111111116, "overshoot_cost": 48.40151768461553, "power_cost": 34.670134680175785, "noise_cost": 28.84854998013152, "n_waypoints_completed": 8, "tot_waypoints": 9}}
{"target": -407.7257470606712, "params": {"k_pid_pos": [1.5428813435557762, 0.2597851868400909, 0.04288175697726715], "k_pid_alt": [1.4645756368123142, 0.5217934538962621, 0.17788102124132743], "k_pid_att": [8.100582471888062, 5.88138422218032, 0.02948162340388638], "k_pid_yaw": [0.5, 1e-06, 0.1], "k_pid_hsp": [8.387802591852878, 0.5131295695767055, 0.35272907752431104], "k_pid_vsp": [229.72648408691953, 276.31573215415034, 35.21508513453826]}, "datetime": {"datetime": "2025-08-12 07:40:33", "elapsed": 54912.469351768494, "delta": 33.483413219451904}, "costs": {"total_cost": 407.7257470606712, "time_cost": 79.723, "final_distance_cost": 1.7872207719586706, "oscillation_cost": 231.3483419776415, "completition_cost": 0.0, "overshoot_cost": 51.91941537707998, "power_cost": 22.149247583007813, "noise_cost": 20.798521350983233, "n_waypoints_completed": 9, "tot_waypoints": 9}}
{"target": -1036.7104445003374, "params": {"k_pid_pos": [0.47028000582763196, 0.7046813163751995, 0.18039183753767052], "k_pid_alt": [0.05516565008863994, 0.6169472907514602, 0.31817343733704984], "k_pid_att": [5.469884158505122, 0.6583320639264144, 0.6992914010466967], "k_pid_yaw": [0.5, 1e-06, 0.1], "k_pid_hsp": [5.970344585254187, 0.2207336085880809, 0.9460721822478884], "k_pid_vsp": [268.60220992882995, 266.19552384611865, 40.5770995659178]}, "datetime": {"datetime": "2025-08-12 07:41:18", "elapsed": 54957.477180719376, "delta": 45.00782895088196}, "costs": {"total_cost": 1036.7104445003374, "time_cost": 150, "final_distance_cost": 47.44236969438632, "oscillation_cost": 162.90136451701542, "completition_cost": 555.5555555555555, "overshoot_cost": 59.702252392780736, "power_cost": 30.954437695312503, "noise_cost": 30.154464645286744, "n_waypoints_completed": 4, "tot_waypoints": 9}}
{"target": -857.3235405374234, "params": {"k_pid_pos": [0.4723713285920511, 0.318962600913944, 0.8616575734341221], "k_pid_alt": [0.11060988569743513, 0.805647306168302, 0.543952868498775], "k_pid_att": [3.9510818879159415, 1.881072339213111, 0.4676675249703651], "k_pid_yaw": [0.5, 1e-06, 0.1], "k_pid_hsp": [9.349235406194124, 0.40960659808622024, 0.9968424950347001], "k_pid_vsp": [264.4866258270693, 268.3065576339613, 42.335668856742]}, "datetime": {"datetime": "2025-08-12 07:41:59", "elapsed": 54998.44299340248, "delta": 40.96581268310547}, "costs": {"total_cost": 857.3235405374234, "time_cost": 150, "final_distance_cost": 63.137136974161365, "oscillation_cost": 190.90120108337058, "completition_cost": 333.33333333333337, "overshoot_cost": 60.88612864190356, "power_cost": 31.202484533691408, "noise_cost": 27.863255970963024, "n_waypoints_completed": 6, "tot_waypoints": 9}}
{"target": -329.6197225762055, "params": {"k_pid_pos": [1.0626105580245582, 0.7297974600068995, 0.05687095650996088], "k_pid_alt": [1.2859459039398868, 0.5139171249605266, 0.7630855357371152], "k_pid_att": [21.382179534743727, 4.457752951049904, 0.6617040809333936], "k_pid_yaw": [0.5, 1e-06, 0.1], "k_pid_hsp": [4.485313264131936, 0.9940730082157243, 0.06024326317346962], "k_pid_vsp": [233.32825006711658, 26.25978503694454, 42.08652794909163]}, "datetime": {"datetime": "2025-08-12 07:42:43", "elapsed": 55042.44087409973, "delta": 43.997880697250366}, "costs": {"total_cost": 329.6197225762055, "time_cost": 114.506, "final_distance_cost": 1.735175594635978, "oscillation_cost": 92.96655965647561, "completition_cost": 0.0, "overshoot_cost": 59.328982325657684, "power_cost": 31.50665762939453, "noise_cost": 29.57634737004174, "n_waypoints_completed": 9, "tot_waypoints": 9}}
{"target": -424.23222235406604, "params": {"k_pid_pos": [1.2103598112069593, 0.34758911803265946, 0.557396879699198], "k_pid_alt": [1.696495497458386, 0.02630305437775471, 0.7750029318176934], "k_pid_att": [35.97569620533182, 9.239619707553196, 0.13853366430221004], "k_pid_yaw": [0.5, 1e-06, 0.1], "k_pid_hsp": [7.063408241297222, 0.5133496260283175, 0.04636930930732286], "k_pid_vsp": [268.93751257369433, 326.7815830455997, 80.73615373025861]}, "datetime": {"datetime": "2025-08-12 07:43:15", "elapsed": 55075.08688354492, "delta": 32.64600944519043}, "costs": {"total_cost": 424.23222235406604, "time_cost": 74.72500000000001, "final_distance_cost": 1.8222813586915751, "oscillation_cost": 254.58335348618417, "completition_cost": 0.0, "overshoot_cost": 51.28333814419238, "power_cost": 21.895350659179687, "noise_cost": 19.922898705818188, "n_waypoints_completed": 9, "tot_waypoints": 9}}
{"target": -595.0612766176465, "params": {"k_pid_pos": [0.9962204303481011, 0.6535696312410404, 0.6041261662082194], "k_pid_alt": [0.3066138775299072, 0.0015791785038606898, 0.1420676641840648], "k_pid_att": [38.504191898390076, 2.2105279620250338, 0.6476826319337315], "k_pid_yaw": [0.5, 1e-06, 0.1], "k_pid_hsp": [7.862346073740601, 0.6089291153831389, 0.520713864618384], "k_pid_vsp": [266.2167694726159, 324.1707924799086, 80.00782696315895]}, "datetime": {"datetime": "2025-08-12 07:43:53", "elapsed": 55112.68333148956, "delta": 37.59644794464111}, "costs": {"total_cost": 595.0612766176465, "time_cost": 108.395, "final_distance_cost": 1.8604023621012467, "oscillation_cost": 372.9656821125468, "completition_cost": 0.0, "overshoot_cost": 53.40079148181989, "power_cost": 31.263379345703125, "noise_cost": 27.176021315475534, "n_waypoints_completed": 9, "tot_waypoints": 9}}
{"target": -670.1352623638037, "params": {"k_pid_pos": [0.6754862929665614, 0.3113521390371834, 0.23746257324869546], "k_pid_alt": [0.07861649399494719, 0.8407901055904691, 0.07926502696625937], "k_pid_att": [4.513602154101615, 2.80090004814101, 0.5521647508340594], "k_pid_yaw": [0.5, 1e-06, 0.1], "k_pid_hsp": [4.51087817875594, 0.43102206622824013, 0.11339010451900466], "k_pid_vsp": [270.18112800137646, 258.0243130782395, 42.81155105903447]}, "datetime": {"datetime": "2025-08-12 07:44:38", "elapsed": 55157.75752711296, "delta": 45.07419562339783}, "costs": {"total_cost": 670.1352623638037, "time_cost": 150, "final_distance_cost": 65.1082592922235, "oscillation_cost": 114.61305590089184, "completition_cost": 222.2222222222222, "overshoot_cost": 59.37496472278988, "power_cost": 30.47532330322266, "noise_cost": 28.341436922453617, "n_waypoints_completed": 7, "tot_waypoints": 9}}
{"target": -975.9624101320028, "params": {"k_pid_pos": [1.7941864168257837, 0.7762028677936369, 0.20821185941560416], "k_pid_alt": [0.272832355043924, 0.36587066983254257, 0.8268309147239432], "k_pid_att": [29.243514180417307, 0.31977722856494945, 0.2772774099854789], "k_pid_yaw": [0.5, 1e-06, 0.1], "k_pid_hsp": [9.556074804164309, 0.06024755503594381, 0.24696750664343237], "k_pid_vsp": [339.7519459899334, 279.23466648794863, 237.0241584452322]}, "datetime": {"datetime": "2025-08-12 07:45:24", "elapsed": 55203.37285614014, "delta": 45.6153290271759}, "costs": {"total_cost": 975.9624101320028, "time_cost": 150, "final_distance_cost": 74.51527803579488, "oscillation_cost": 289.85925102282243, "completition_cost": 333.33333333333337, "overshoot_cost": 60.58379995039582, "power_cost": 36.18582534179688, "noise_cost": 31.484922447859446, "n_waypoints_completed": 6, "tot_waypoints": 9}}
{"target": -746.9957350154207, "params": {"k_pid_pos": [0.4419133502428681, 0.8952150783073426, 0.16023022754998295], "k_pid_alt": [1.3103221295184038, 0.1302629017786311, 0.29125130113956366], "k_pid_att": [22.445060775574365, 3.648212858296067, 0.9047346854398866], "k_pid_yaw": [0.5, 1e-06, 0.1], "k_pid_hsp": [7.104528557728121, 0.02843511680472366, 0.9128155125968438], "k_pid_vsp": [307.27904920079294, 315.1420525132425, 182.40297612994294]}, "datetime": {"datetime": "2025-08-12 07:46:12", "elapsed": 55251.38509750366, "delta": 48.01224136352539}, "costs": {"total_cost": 746.9957350154207, "time_cost": 150, "final_distance_cost": 71.16813828866547, "oscillation_cost": 177.88029630533705, "completition_cost": 222.2222222222222, "overshoot_cost": 59.731754177052046, "power_cost": 36.373436096191405, "noise_cost": 29.619887925952522, "n_waypoints_completed": 7, "tot_waypoints": 9}}
{"target": -426.3310596252085, "params": {"k_pid_pos": [1.9716149334841462, 0.05583065658002628, 0.16856778898349078], "k_pid_alt": [0.9373969751891469, 0.28201641767061336, 0.3322666052167894], "k_pid_att": [46.607109253482136, 9.52412037958925, 0.6838117283819775], "k_pid_yaw": [0.5, 1e-06, 0.1], "k_pid_hsp": [7.939997160166024, 0.197221716955586, 0.7616180520899272], "k_pid_vsp": [229.87757783612236, 17.639300450134947, 32.01094120572369]}, "datetime": {"datetime": "2025-08-12 07:46:48", "elapsed": 55287.77346134186, "delta": 36.3883638381958}, "costs": {"total_cost": 426.3310596252085, "time_cost": 85.176, "final_distance_cost": 1.7407172489583633, "oscillation_cost": 236.30816140710624, "completition_cost": 0.0, "overshoot_cost": 56.0299990167255, "power_cost": 25.188142492675784, "noise_cost": 21.88803945974258, "n_waypoints_completed": 9, "tot_waypoints": 9}}
{"target": -336.90517219529346, "params": {"k_pid_pos": [1.9226347977600053, 0.1439628225722318, 0.5295245559518805], "k_pid_alt": [0.10174053698425833, 0.8818346285909515, 0.9994907062811591], "k_pid_att": [14.81687535553473, 8.479309950919532, 0.5125621602469471], "k_pid_yaw": [0.5, 1e-06, 0.1], "k_pid_hsp": [3.173957550844018, 0.7593246785598197, 0.06023804792329612], "k_pid_vsp": [241.9830860481808, 268.87949868344145, 13.038042134832068]}, "datetime": {"datetime": "2025-08-12 07:47:29", "elapsed": 55328.67923426628, "delta": 40.90577292442322}, "costs": {"total_cost": 336.90517219529346, "time_cost": 101.164, "final_distance_cost": 1.7857661607495272, "oscillation_cost": 118.96502628667382, "completition_cost": 0.0, "overshoot_cost": 63.09135336731998, "power_cost": 26.260023547363282, "noise_cost": 25.639002833186872, "n_waypoints_completed": 9, "tot_waypoints": 9}}
{"target": -1553.685276696845, "params": {"k_pid_pos": [0.00024882366527560735, 0.5924011309592209, 0.703466243096963], "k_pid_alt": [1.2047003697890744, 0.1734036103230201, 0.01964192668960396], "k_pid_att": [15.264575553538629, 6.763284746786571, 0.22282141647252074], "k_pid_yaw": [0.5, 1e-06, 0.1], "k_pid_hsp": [7.222297831289161, 0.5440562970458828, 0.5241989288783487], "k_pid_vsp": [80.58791484141565, 205.6708622944702, 44.82159779280861]}, "datetime": {"datetime": "2025-08-12 07:48:19", "elapsed": 55378.66978406906, "delta": 49.99054980278015}, "costs": {"total_cost": 1553.685276696845, "time_cost": 150, "final_distance_cost": 89.68472420393132, "oscillation_cost": 429.7134701258109, "completition_cost": 777.7777777777778, "overshoot_cost": 47.572353055882544, "power_cost": 30.76557918701172, "noise_cost": 28.17137234643068, "n_waypoints_completed": 2, "tot_waypoints": 9}}
{"target": -389.1153944732932, "params": {"k_pid_pos": [2.0, 0.22992907586513164, 0.39470037342813413], "k_pid_alt": [2.0, 0.0, 0.7054375585110076], "k_pid_att": [50.996581795881454, 5.89456989649915, 1.0], "k_pid_yaw": [0.5, 1e-06, 0.1], "k_pid_hsp": [8.634146659277377, 1.0, 0.6278890107059213], "k_pid_vsp": [241.57771208999614, 75.36615486792303, 157.30954150472257]}, "datetime": {"datetime": "2025-08-12 07:48:55", "elapsed": 55415.359820604324, "delta": 36.69003653526306}, "costs": {"total_cost": 389.1153944732932, "time_cost": 78.715, "final_distance_cost": 1.859676322555159, "oscillation_cost": 207.45942165227598, "completition_cost": 0.0, "overshoot_cost": 56.387953487696144, "power_cost": 23.83293055419922, "noise_cost": 20.86041245656668, "n_waypoints_completed": 9, "tot_waypoints": 9}}
{"target": -765.6801977188177, "params": {"k_pid_pos": [0.1512134510829802, 0.9564535113575106, 0.12316355431682102], "k_pid_alt": [1.9759844160369828, 0.9142619123538778, 0.8877981114642476], "k_pid_att": [19.320594634399914, 2.9005706580411608, 0.5128054698555256], "k_pid_yaw": [0.5, 1e-06, 0.1], "k_pid_hsp": [7.694539683927527, 0.7256185178816881, 0.9141721798815898], "k_pid_vsp": [84.79483143362275, 218.2225935382194, 43.029225522774574]}, "datetime": {"datetime": "2025-08-12 07:49:42", "elapsed": 55461.987109184265, "delta": 46.627288579940796}, "costs": {"total_cost": 765.6801977188177, "time_cost": 150, "final_distance_cost": 76.63646094430439, "oscillation_cost": 181.315130695906, "completition_cost": 222.2222222222222, "overshoot_cost": 67.49710368165537, "power_cost": 36.17348583984375, "noise_cost": 31.83579433488606, "n_waypoints_completed": 7, "tot_waypoints": 9}}
{"target": -1050.87301228601, "params": {"k_pid_pos": [1.4016127891608525, 0.35375928927050837, 0.22773223230114004], "k_pid_alt": [0.43520419798507715, 0.9565133126977686, 0.7013192387171668], "k_pid_att": [25.566870378482932, 0.09467329883841481, 0.9429799860529438], "k_pid_yaw": [0.5, 1e-06, 0.1], "k_pid_hsp": [1.2477401000352368, 0.023993354777751663, 0.6871849830859058], "k_pid_vsp": [175.7646981770951, 174.24351688645478, 24.387034599368295]}, "datetime": {"datetime": "2025-08-12 07:50:25", "elapsed": 55504.83273124695, "delta": 42.845622062683105}, "costs": {"total_cost": 1050.87301228601, "time_cost": 150, "final_distance_cost": 56.950182388299325, "oscillation_cost": 275.5213409412598, "completition_cost": 444.4444444444444, "overshoot_cost": 59.03318205504195, "power_cost": 33.888975781250004, "noise_cost": 31.034886675714443, "n_waypoints_completed": 5, "tot_waypoints": 9}}
{"target": -687.6812547935755, "params": {"k_pid_pos": [1.5824134387617421, 0.815002951722825, 0.5901874292480338], "k_pid_alt": [1.5497895936573565, 0.29019428587100515, 0.9394706801787079], "k_pid_att": [63.518599450519154, 0.0196815437637024, 0.0414441904525088], "k_pid_yaw": [0.5, 1e-06, 0.1], "k_pid_hsp": [5.702436121707586, 0.4586593417819578, 0.9800235706833473], "k_pid_vsp": [352.7612773795282, 295.4982781569274, 181.73233456850997]}, "datetime": {"datetime": "2025-08-12 07:51:04", "elapsed": 55544.248510837555, "delta": 39.41577959060669}, "costs": {"total_cost": 687.6812547935755, "time_cost": 150, "final_distance_cost": 34.56249085605895, "oscillation_cost": 262.2196183846364, "completition_cost": 111.11111111111116, "overshoot_cost": 62.7362940887665, "power_cost": 37.798031213378906, "noise_cost": 29.253709139623574, "n_waypoints_completed": 8, "tot_waypoints": 9}}
