{"target": -1727.2059372383064, "params": {"k_pid_pos": [1.9211214897592275, 0.1379794160863118, 0.36815431277927635], "k_pid_alt": [1.3388144340239572, 0.6557404857380453, 0.8787714805875877], "k_pid_att": [14.979689956770859, 8.72338651208221, 0.7312059456773348], "k_pid_yaw": [0.5, 1e-06, 0.1], "k_pid_hsp": [4.609253454402178, 0.36577618152195224, 0.2930565678195022], "k_pid_vsp": [136.96694296666334, 168.32762556307222, 318.61181852065823]}, "datetime": {"datetime": "2025-08-11 17:02:10", "elapsed": 2209.4678053855896, "delta": 30.172800302505493}, "costs": {"total_cost": 1727.2059372383064, "time_cost": 150, "final_distance_cost": 64.42735719535787, "oscillation_cost": 483.2090748070763, "completition_cost": 888.8888888888888, "overshoot_cost": 76.98122715665663, "power_cost": 31.509757360839846, "noise_cost": 32.189631829487084, "n_waypoints_completed": 1, "tot_waypoints": 9}}
{"target": -946.0707038051717, "params": {"k_pid_pos": [0.5849449530050801, 0.15214471584788847, 0.7870183463970067], "k_pid_alt": [0.5455093900948855, 0.7816694532705631, 0.9483404886889779], "k_pid_att": [34.19394983109322, 0.10713766948263917, 0.26638993148234347], "k_pid_yaw": [0.5, 1e-06, 0.1], "k_pid_hsp": [7.882564329812007, 0.17038252858370773, 0.835235121612646], "k_pid_vsp": [223.436954190966, 338.1792753750831, 138.6551828240374]}, "datetime": {"datetime": "2025-08-11 17:02:40", "elapsed": 2239.856053352356, "delta": 30.388247966766357}, "costs": {"total_cost": 946.0707038051717, "time_cost": 150, "final_distance_cost": 16.947586712252303, "oscillation_cost": 540.8743975228244, "completition_cost": 111.11111111111116, "overshoot_cost": 64.93136737790786, "power_cost": 34.22470952148438, "noise_cost": 27.981531559591573, "n_waypoints_completed": 8, "tot_waypoints": 9}}
{"target": -668.4439561263672, "params": {"k_pid_pos": [0.592676005439004, 0.220855643117303, 0.46730236682346316], "k_pid_alt": [1.3702850225917935, 0.7052137427054871, 0.1709371554347484], "k_pid_att": [30.81199740011632, 6.314929818962468, 0.2093396327535425], "k_pid_yaw": [0.5, 1e-06, 0.1], "k_pid_hsp": [7.2122893606715275, 0.580963818549753, 0.13575860458246602], "k_pid_vsp": [82.81159855974343, 213.037300290927, 36.58770561171291]}, "datetime": {"datetime": "2025-08-11 17:03:10", "elapsed": 2269.7951016426086, "delta": 29.939048290252686}, "costs": {"total_cost": 668.4439561263672, "time_cost": 109.375, "final_distance_cost": 1.7988662001601345, "oscillation_cost": 441.7727419338053, "completition_cost": 0.0, "overshoot_cost": 58.74685199767783, "power_cost": 29.45603623046875, "noise_cost": 27.29445976425519, "n_waypoints_completed": 9, "tot_waypoints": 9}}
{"target": -1142.7577905529479, "params": {"k_pid_pos": [1.4343760025054753, 0.2810119136071607, 0.5297780281723122], "k_pid_alt": [0.7109151801478968, 0.07697424860562452, 0.09013571088536454], "k_pid_att": [97.86245045158536, 9.273311462508714, 0.2989551762345103], "k_pid_yaw": [0.5, 1e-06, 0.1], "k_pid_hsp": [1.4349931899578696, 0.21639319136951252, 0.28150638993875476], "k_pid_vsp": [206.97066151449425, 145.1880387578119, 392.88321928351223]}, "datetime": {"datetime": "2025-08-11 17:03:45", "elapsed": 2305.1819956302643, "delta": 35.38689398765564}, "costs": {"total_cost": 1142.7577905529479, "time_cost": 150, "final_distance_cost": 79.11444671829084, "oscillation_cost": 455.11814755834337, "completition_cost": 333.33333333333337, "overshoot_cost": 57.93083728951232, "power_cost": 37.162984631347655, "noise_cost": 30.09804102212025, "n_waypoints_completed": 6, "tot_waypoints": 9}}
{"target": -1104.4738918910082, "params": {"k_pid_pos": [1.537024027147137, 0.42437576870250515, 0.9593886868902648], "k_pid_alt": [1.3577746288001875, 0.8032429089675357, 0.5674293924814084], "k_pid_att": [79.92389258608902, 8.370544590263636, 0.17623733653252538], "k_pid_yaw": [0.5, 1e-06, 0.1], "k_pid_hsp": [0.9851959482240761, 0.17286692852809926, 0.5963366404414541], "k_pid_vsp": [198.66996475628804, 153.52642799101417, 66.14508302302954]}, "datetime": {"datetime": "2025-08-11 17:04:17", "elapsed": 2337.032666683197, "delta": 31.85067105293274}, "costs": {"total_cost": 1104.4738918910082, "time_cost": 150, "final_distance_cost": 70.70428044599679, "oscillation_cost": 528.3700360007068, "completition_cost": 222.2222222222222, "overshoot_cost": 67.27972666777325, "power_cost": 36.26716602783203, "noise_cost": 29.630460526477258, "n_waypoints_completed": 7, "tot_waypoints": 9}}
{"target": -588.5942166539664, "params": {"k_pid_pos": [1.2401437459277633, 0.25207529114472604, 0.36629468500172513], "k_pid_alt": [1.4822046677656482, 0.402691159457631, 0.9699424537589136], "k_pid_att": [92.71701829709114, 9.675707029463112, 0.847950543694092], "k_pid_yaw": [0.5, 1e-06, 0.1], "k_pid_hsp": [5.6036263698533295, 0.7039428481505751, 0.9287835918024978], "k_pid_vsp": [383.6949601509231, 377.69102570669673, 384.6659976444051]}, "datetime": {"datetime": "2025-08-11 17:04:43", "elapsed": 2362.846706390381, "delta": 25.814039707183838}, "costs": {"total_cost": 588.5942166539664, "time_cost": 101.36, "final_distance_cost": 1.729904919206115, "oscillation_cost": 370.3543283387836, "completition_cost": 0.0, "overshoot_cost": 59.19921303394734, "power_cost": 31.200737500000002, "noise_cost": 24.75003286202942, "n_waypoints_completed": 9, "tot_waypoints": 9}}
{"target": -1764.4298122885957, "params": {"k_pid_pos": [1.8908071371044766, 0.24650546124116268, 0.43944425237851736], "k_pid_alt": [0.08129262801295378, 0.9169688285369915, 0.668835323236981], "k_pid_att": [21.69348259222723, 2.3792635609355366, 0.359220396145822], "k_pid_yaw": [0.5, 1e-06, 0.1], "k_pid_hsp": [6.176993193603033, 0.3744789826208984, 0.34632397087055433], "k_pid_vsp": [168.34917253358887, 166.7193988972946, 311.9040016802398]}, "datetime": {"datetime": "2025-08-11 17:05:14", "elapsed": 2393.4374549388885, "delta": 30.59074854850769}, "costs": {"total_cost": 1764.4298122885957, "time_cost": 150, "final_distance_cost": 77.76634420592605, "oscillation_cost": 618.2447789347507, "completition_cost": 777.7777777777778, "overshoot_cost": 73.08350463448026, "power_cost": 33.592918298339846, "noise_cost": 33.96448843732111, "n_waypoints_completed": 2, "tot_waypoints": 9}}
{"target": -596.9799542161113, "params": {"k_pid_pos": [1.0257957909649296, 0.2851169175061201, 0.5247610830000164], "k_pid_alt": [0.2254829476630238, 0.09764272066076451, 0.2508795693775091], "k_pid_att": [22.10178179826292, 4.840991769163348, 0.15325909841774954], "k_pid_yaw": [0.5, 1e-06, 0.1], "k_pid_hsp": [2.296100946119912, 0.06120173150278618, 0.5178944054806554], "k_pid_vsp": [180.5859307155676, 174.9677072107991, 25.189372149904337]}, "datetime": {"datetime": "2025-08-11 17:05:38", "elapsed": 2417.9029326438904, "delta": 24.46547770500183}, "costs": {"total_cost": 596.9799542161113, "time_cost": 95.361, "final_distance_cost": 1.7744595577496662, "oscillation_cost": 395.05770286928566, "completition_cost": 0.0, "overshoot_cost": 54.54189320308699, "power_cost": 26.42908779296875, "noise_cost": 23.815810793020354, "n_waypoints_completed": 9, "tot_waypoints": 9}}
{"target": -889.002287550048, "params": {"k_pid_pos": [0.9533578043126425, 0.09217772201046781, 0.1217664582730299], "k_pid_alt": [1.6371201171152603, 0.12321856532235276, 0.5200484368450775], "k_pid_att": [46.069184645021224, 4.668171397431053, 0.8185397292527533], "k_pid_yaw": [0.5, 1e-06, 0.1], "k_pid_hsp": [8.754122001286193, 0.1538824556833721, 0.9151542460321559], "k_pid_vsp": [75.53627737884412, 301.8900842864339, 215.71281661554104]}, "datetime": {"datetime": "2025-08-11 17:06:08", "elapsed": 2447.885167837143, "delta": 29.982235193252563}, "costs": {"total_cost": 889.002287550048, "time_cost": 150, "final_distance_cost": 50.05631279396638, "oscillation_cost": 448.62584236610365, "completition_cost": 111.11111111111116, "overshoot_cost": 64.687334519622, "power_cost": 35.19855300292969, "noise_cost": 29.323133756315066, "n_waypoints_completed": 8, "tot_waypoints": 9}}
{"target": -1673.2066278805082, "params": {"k_pid_pos": [0.1463430837134259, 0.16421810701609274, 0.7479993021816264], "k_pid_alt": [0.783308963794503, 0.4726996831298853, 0.02095621647240553], "k_pid_att": [95.43364340282477, 1.0566321546246236, 0.34713018415987906], "k_pid_yaw": [0.5, 1e-06, 0.1], "k_pid_hsp": [5.4691967955061385, 0.7389683233510101, 0.5702384367745329], "k_pid_vsp": [160.4743004880058, 151.25882202875954, 127.15993670402388]}, "datetime": {"datetime": "2025-08-11 17:06:38", "elapsed": 2478.2694313526154, "delta": 30.384263515472412}, "costs": {"total_cost": 1673.2066278805082, "time_cost": 150, "final_distance_cost": 49.78682430221898, "oscillation_cost": 794.4633022920045, "completition_cost": 555.5555555555555, "overshoot_cost": 58.24796840591385, "power_cost": 35.65060137939453, "noise_cost": 29.502375945420845, "n_waypoints_completed": 4, "tot_waypoints": 9}}
{"target": -833.4484068340249, "params": {"k_pid_pos": [0.5397095114143581, 0.9383202338646344, 0.07541970488620198], "k_pid_alt": [1.0736505968780405, 0.34231082512155475, 0.3616912632609566], "k_pid_att": [53.05950015517187, 3.0511466094136703, 0.1861245897974324], "k_pid_yaw": [0.5, 1e-06, 0.1], "k_pid_hsp": [5.2404771847348295, 0.01954609358454862, 0.1973577271311705], "k_pid_vsp": [329.3852151166179, 377.7981432161857, 44.737506761607925]}, "datetime": {"datetime": "2025-08-11 17:07:09", "elapsed": 2508.7866084575653, "delta": 30.51717710494995}, "costs": {"total_cost": 833.4484068340249, "time_cost": 150, "final_distance_cost": 57.59495087276034, "oscillation_cost": 276.2502838155155, "completition_cost": 222.2222222222222, "overshoot_cost": 61.30382494580508, "power_cost": 35.759677148437504, "noise_cost": 30.317447829284323, "n_waypoints_completed": 7, "tot_waypoints": 9}}
{"target": -2252.9426300927944, "params": {"k_pid_pos": [0.7309335864280567, 0.1638685063300297, 0.34308864227227165], "k_pid_alt": [1.6474615780744273, 0.9859755676850478, 0.6525482624409108], "k_pid_att": [20.820941345410315, 4.583484591328946, 0.8232479985259283], "k_pid_yaw": [0.5, 1e-06, 0.1], "k_pid_hsp": [2.7441820440141944, 0.024974181649065064, 0.0868849538502412], "k_pid_vsp": [45.3583856298839, 36.52651418374805, 180.16740729785198]}, "datetime": {"datetime": "2025-08-11 17:07:40", "elapsed": 2539.639402627945, "delta": 30.85279417037964}, "costs": {"total_cost": 2252.9426300927944, "time_cost": 150, "final_distance_cost": 383.6511516706836, "oscillation_cost": 65.25823498771042, "completition_cost": 888.8888888888888, "overshoot_cost": 705.3997356144819, "power_cost": 30.152866833496095, "noise_cost": 29.59175209753299, "n_waypoints_completed": 1, "tot_waypoints": 9}}
{"target": -365.8346299520026, "params": {"k_pid_pos": [1.737735280875788, 0.9056538065213195, 0.5399632594991415], "k_pid_alt": [1.371415755765378, 0.3436364504909192, 0.9518133619443409], "k_pid_att": [27.94464863163998, 0.8437939212856265, 0.6838984275943566], "k_pid_yaw": [0.5, 1e-06, 0.1], "k_pid_hsp": [1.9271776282097624, 0.607967594235606, 0.10448937910366896], "k_pid_vsp": [219.95745136611546, 337.1235454523101, 136.87031664049286]}, "datetime": {"datetime": "2025-08-11 17:08:05", "elapsed": 2564.527860403061, "delta": 24.888457775115967}, "costs": {"total_cost": 365.8346299520026, "time_cost": 97.783, "final_distance_cost": 1.7657872287057423, "oscillation_cost": 154.74975872942605, "completition_cost": 0.0, "overshoot_cost": 58.72918615930694, "power_cost": 28.251934399414065, "noise_cost": 24.55496343514985, "n_waypoints_completed": 9, "tot_waypoints": 9}}
{"target": -295.41803680409674, "params": {"k_pid_pos": [0.9000969475103303, 0.6180265930102666, 0.3000062543708025], "k_pid_alt": [1.4496803836949665, 0.9018402597081002, 0.22425150757602363], "k_pid_att": [3.0228505308257048, 5.5945582658279, 0.2594055320691041], "k_pid_yaw": [0.5, 1e-06, 0.1], "k_pid_hsp": [0.7205933488465385, 0.7283552146201385, 0.013279098745483275], "k_pid_vsp": [298.50121412242686, 354.5465796121186, 90.67934046140094]}, "datetime": {"datetime": "2025-08-11 17:08:26", "elapsed": 2585.935208082199, "delta": 21.407347679138184}, "costs": {"total_cost": 295.41803680409674, "time_cost": 83.783, "final_distance_cost": 1.790671213419308, "oscillation_cost": 113.03880407120134, "completition_cost": 0.0, "overshoot_cost": 51.868339036696966, "power_cost": 23.788717456054687, "noise_cost": 21.148505026724422, "n_waypoints_completed": 9, "tot_waypoints": 9}}
{"target": -301.2244973156602, "params": {"k_pid_pos": [0.5857136812271427, 0.5169191416877004, 0.017328036681707015], "k_pid_alt": [1.1661944381208094, 0.24540389459278378, 0.4915675481330881], "k_pid_att": [8.996571213735749, 9.888545599991135, 0.24282385670878182], "k_pid_yaw": [0.5, 1e-06, 0.1], "k_pid_hsp": [6.162441236271304, 0.24502037061490178, 0.009038039333590375], "k_pid_vsp": [302.3739750066627, 305.5847945027179, 169.30201280644403]}, "datetime": {"datetime": "2025-08-11 17:08:56", "elapsed": 2616.1019928455353, "delta": 30.16678476333618}, "costs": {"total_cost": 301.2244973156602, "time_cost": 118.601, "final_distance_cost": 1.7757365164149297, "oscillation_cost": 62.75917658711433, "completition_cost": 0.0, "overshoot_cost": 59.89012186795818, "power_cost": 30.714860607910158, "noise_cost": 27.483601736262564, "n_waypoints_completed": 9, "tot_waypoints": 9}}
{"target": -737.0790002939226, "params": {"k_pid_pos": [1.419784024622695, 0.6569975137474986, 0.7782235999023783], "k_pid_alt": [1.268471565711617, 0.12665039247203624, 0.42288919404268993], "k_pid_att": [45.38463311554908, 2.7134613444740348, 0.25737777308958093], "k_pid_yaw": [0.5, 1e-06, 0.1], "k_pid_hsp": [3.981321701731272, 0.6196767245714911, 0.43180900124065863], "k_pid_vsp": [207.10301663390212, 242.79477232556218, 118.4772817379657]}, "datetime": {"datetime": "2025-08-11 17:09:28", "elapsed": 2647.673561811447, "delta": 31.571568965911865}, "costs": {"total_cost": 737.0790002939226, "time_cost": 118.293, "final_distance_cost": 1.783855373305065, "oscillation_cost": 497.4898954371383, "completition_cost": 0.0, "overshoot_cost": 54.9527682804567, "power_cost": 35.67549224853516, "noise_cost": 28.883988954487503, "n_waypoints_completed": 9, "tot_waypoints": 9}}
{"target": -836.7399385775168, "params": {"k_pid_pos": [1.339105350973617, 0.8675469500153407, 0.759448122063274], "k_pid_alt": [0.5725190802582232, 0.7767259569343777, 0.8214021619549469], "k_pid_att": [7.136302861388999, 0.20352651377390832, 0.9521380992930932], "k_pid_yaw": [0.5, 1e-06, 0.1], "k_pid_hsp": [1.5828232280575159, 0.8939625209597226, 0.9820031470030057], "k_pid_vsp": [252.7700070580651, 268.16486743183816, 30.48640678733832]}, "datetime": {"datetime": "2025-08-11 17:10:00", "elapsed": 2679.800858974457, "delta": 32.127297163009644}, "costs": {"total_cost": 836.7399385775168, "time_cost": 150, "final_distance_cost": 71.38702343579966, "oscillation_cost": 157.33385410216323, "completition_cost": 333.33333333333337, "overshoot_cost": 59.83555988919182, "power_cost": 33.51319404296875, "noise_cost": 31.336973774059963, "n_waypoints_completed": 6, "tot_waypoints": 9}}
{"target": -1190.1601445600122, "params": {"k_pid_pos": [0.2573693706262837, 0.13932860043943374, 0.17405130922378798], "k_pid_alt": [0.7190795256077449, 0.7166642936705578, 0.8607370616856982], "k_pid_att": [86.01748096630575, 3.095740216414189, 0.7719881634315964], "k_pid_yaw": [0.5, 1e-06, 0.1], "k_pid_hsp": [5.2389254135724785, 0.5012426910403739, 0.3273460984751623], "k_pid_vsp": [123.72922098074994, 118.23120533325788, 110.2165409262376]}, "datetime": {"datetime": "2025-08-11 17:10:30", "elapsed": 2709.821668624878, "delta": 30.020809650421143}, "costs": {"total_cost": 1190.1601445600122, "time_cost": 150, "final_distance_cost": 69.39875627068145, "oscillation_cost": 629.6767823546046, "completition_cost": 222.2222222222222, "overshoot_cost": 57.37760323394016, "power_cost": 34.31149213867187, "noise_cost": 27.17328833989193, "n_waypoints_completed": 7, "tot_waypoints": 9}}
{"target": -425.80491629316725, "params": {"k_pid_pos": [0.8536102212883925, 0.705275287922696, 0.9276905244469156], "k_pid_alt": [1.8819385626556833, 0.06474057965924016, 0.8016278550537524], "k_pid_att": [33.81560749179463, 0.34033072673472475, 0.32284298881959195], "k_pid_yaw": [0.5, 1e-06, 0.1], "k_pid_hsp": [3.787471750173732, 0.5364929473101655, 0.05389959140844447], "k_pid_vsp": [236.09254363597577, 23.6927387663645, 47.637227616143164]}, "datetime": {"datetime": "2025-08-11 17:10:53", "elapsed": 2733.3437662124634, "delta": 23.52209758758545}, "costs": {"total_cost": 425.80491629316725, "time_cost": 87.878, "final_distance_cost": 1.8019486590460352, "oscillation_cost": 237.06150457666075, "completition_cost": 0.0, "overshoot_cost": 52.35167095456414, "power_cost": 24.406050061035156, "noise_cost": 22.30574204186114, "n_waypoints_completed": 9, "tot_waypoints": 9}}
{"target": -1400.0236043219888, "params": {"k_pid_pos": [1.8189924464913345, 0.9283131145353071, 0.6940522604947467], "k_pid_alt": [1.2965743271976184, 0.6372136311919004, 0.25998089448814543], "k_pid_att": [89.9975663129058, 1.1089935046474015, 0.5526036966112543], "k_pid_yaw": [0.5, 1e-06, 0.1], "k_pid_hsp": [0.7544098730208175, 0.8518690427678528, 0.771417098928527], "k_pid_vsp": [40.97705214100111, 236.16934662807654, 153.1017093091966]}, "datetime": {"datetime": "2025-08-11 17:11:25", "elapsed": 2764.7396540641785, "delta": 31.395887851715088}, "costs": {"total_cost": 1400.0236043219888, "time_cost": 150, "final_distance_cost": 50.31281279577841, "oscillation_cost": 357.9316341501794, "completition_cost": 666.6666666666667, "overshoot_cost": 109.23731563041059, "power_cost": 35.892724926757815, "noise_cost": 29.982450152195707, "n_waypoints_completed": 3, "tot_waypoints": 9}}
{"target": -311.20646951049156, "params": {"k_pid_pos": [0.5432417544218421, 0.5627389712940143, 1.0], "k_pid_alt": [1.9586838207886021, 0.0, 0.811372442456585], "k_pid_att": [37.820979449757594, 2.0821439391712215, 0.164275907361647], "k_pid_yaw": [0.5, 1e-06, 0.1], "k_pid_hsp": [4.254961121575338, 0.24993665246256966, 0.0], "k_pid_vsp": [221.52609714820574, 12.860998155689963, 46.590263116356454]}, "datetime": {"datetime": "2025-08-11 17:11:50", "elapsed": 2789.5908496379852, "delta": 24.851195573806763}, "costs": {"total_cost": 311.20646951049156, "time_cost": 85.715, "final_distance_cost": 1.8070593113549587, "oscillation_cost": 128.13292050911303, "completition_cost": 0.0, "overshoot_cost": 52.00320078386686, "power_cost": 22.082398718261718, "noise_cost": 21.465890187894953, "n_waypoints_completed": 9, "tot_waypoints": 9}}
{"target": -1268.3811679413036, "params": {"k_pid_pos": [1.843779252294319, 0.22597574093710882, 0.5006112125958748], "k_pid_alt": [0.025408275633278965, 0.9837009424117802, 0.22076000297428422], "k_pid_att": [99.89366151197603, 2.5554015079757084, 0.536719976954275], "k_pid_yaw": [0.5, 1e-06, 0.1], "k_pid_hsp": [1.4917125847982464, 0.7927790098281324, 0.31127384855461815], "k_pid_vsp": [47.925484233996805, 206.54475804389713, 170.47706039716454]}, "datetime": {"datetime": "2025-08-11 17:12:20", "elapsed": 2819.6499078273773, "delta": 30.05905818939209}, "costs": {"total_cost": 1268.3811679413036, "time_cost": 150, "final_distance_cost": 35.48342554935746, "oscillation_cost": 369.7672059318939, "completition_cost": 555.5555555555555, "overshoot_cost": 86.70465969927592, "power_cost": 36.82845944824219, "noise_cost": 34.0418617569784, "n_waypoints_completed": 4, "tot_waypoints": 9}}
{"target": -272.0956635989364, "params": {"k_pid_pos": [1.9221927744191751, 1.0, 1.0], "k_pid_alt": [1.9803322735465867, 0.0, 0.5142846836057473], "k_pid_att": [44.54220567399258, 4.832663139347448, 0.559518111985367], "k_pid_yaw": [0.5, 1e-06, 0.1], "k_pid_hsp": [10.0, 0.813036027089222, 0.0], "k_pid_vsp": [232.72505468270845, 16.35912172620116, 35.414478037465514]}, "datetime": {"datetime": "2025-08-11 17:12:42", "elapsed": 2841.936770439148, "delta": 22.28686261177063}, "costs": {"total_cost": 272.0956635989364, "time_cost": 78.44200000000001, "final_distance_cost": 1.8043522114681707, "oscillation_cost": 98.98928672523829, "completition_cost": 0.0, "overshoot_cost": 52.23680435423895, "power_cost": 21.156917224121095, "noise_cost": 19.46630308386991, "n_waypoints_completed": 9, "tot_waypoints": 9}}
{"target": -1770.7892096131436, "params": {"k_pid_pos": [0.1472982521188534, 0.644920090444022, 0.26930609771884495], "k_pid_alt": [1.772564396522365, 0.18501732063593934, 0.9784165186823542], "k_pid_att": [23.9181598809552, 7.040305824858284, 0.4999533970626918], "k_pid_yaw": [0.5, 1e-06, 0.1], "k_pid_hsp": [6.695052058480165, 0.6848798302456074, 0.9517930409166443], "k_pid_vsp": [63.12956336088904, 85.42697232368376, 392.5139168871688]}, "datetime": {"datetime": "2025-08-11 17:13:13", "elapsed": 2872.511523246765, "delta": 30.574752807617188}, "costs": {"total_cost": 1770.7892096131436, "time_cost": 150, "final_distance_cost": 11.138608890630714, "oscillation_cost": 307.5569795419671, "completition_cost": 1000.0, "overshoot_cost": 162.87763892814755, "power_cost": 33.80975914306641, "noise_cost": 105.40622310933199, "n_waypoints_completed": 0, "tot_waypoints": 9}}
