{"target": -487.0724680296522, "params": {"k_pid_pos": [1.2124224511093393, 0.3629809470144264, 0.23577921532634705], "k_pid_alt": [1.764190539310708, 0.951605228329883, 0.7675763282124368], "k_pid_att": [43.81313975974203, 0.5880477971742223, 0.41846634379289227], "k_pid_yaw": [0.5, 1e-06, 0.1], "k_pid_hsp": [5.393603155940247, 0.9786746813679125, 0.4813651807413981], "k_pid_vsp": [123.66219881161746, 94.10558054936921, 52.641876080608306]}, "datetime": {"datetime": "2025-08-12 00:23:37", "elapsed": 28696.715042114258, "delta": 26.168477296829224}, "costs": {"total_cost": 487.0724680296522, "time_cost": 90.73400000000001, "final_distance_cost": 1.7788833260050168, "oscillation_cost": 288.767651459498, "completition_cost": 0.0, "overshoot_cost": 55.49234443494072, "power_cost": 26.31755537109375, "noise_cost": 23.982033438114726, "n_waypoints_completed": 9, "tot_waypoints": 9}}
{"target": -1491.3102357646158, "params": {"k_pid_pos": [0.07656016720992172, 0.30668213831139113, 0.6602529828172728], "k_pid_alt": [0.08332439842177308, 0.6958495751820827, 0.786605998047136], "k_pid_att": [6.5786488226835305, 2.438255722446586, 0.1915958202118727], "k_pid_yaw": [0.5, 1e-06, 0.1], "k_pid_hsp": [4.055868705116661, 0.1355283104458791, 0.4784435359433227], "k_pid_vsp": [289.7393851523819, 283.86481861494565, 184.01769122511743]}, "datetime": {"datetime": "2025-08-12 00:24:13", "elapsed": 28733.158223628998, "delta": 36.44318151473999}, "costs": {"total_cost": 1491.3102357646158, "time_cost": 150, "final_distance_cost": 88.44127720937688, "oscillation_cost": 355.61722142307457, "completition_cost": 777.7777777777778, "overshoot_cost": 61.47550176609811, "power_cost": 30.98735358886719, "noise_cost": 27.011103999421103, "n_waypoints_completed": 2, "tot_waypoints": 9}}
{"target": -1827.9458575591639, "params": {"k_pid_pos": [1.5341386724308292, 0.6795606516913146, 0.997788851890315], "k_pid_alt": [1.7150896558457676, 0.5884061587898679, 0.9838396673351073], "k_pid_att": [0.7120624682359633, 2.1643605251639433, 0.6612069946203115], "k_pid_yaw": [0.5, 1e-06, 0.1], "k_pid_hsp": [3.907949754177653, 0.24931173052947475, 0.42057247553698507], "k_pid_vsp": [241.9537244176801, 275.1762056605889, 18.874817689308962]}, "datetime": {"datetime": "2025-08-12 00:24:48", "elapsed": 28767.976903676987, "delta": 34.81868004798889}, "costs": {"total_cost": 1827.9458575591639, "time_cost": 150, "final_distance_cost": 7.787441992545352, "oscillation_cost": 343.7196147034775, "completition_cost": 1000.0, "overshoot_cost": 150.46007233613327, "power_cost": 58.28259396972656, "noise_cost": 117.69613455728135, "n_waypoints_completed": 0, "tot_waypoints": 9}}
{"target": -615.9612660620481, "params": {"k_pid_pos": [0.9208312121416194, 0.604658824861575, 0.3461543517100977], "k_pid_alt": [2.0, 1.0, 0.7616748037871145], "k_pid_att": [58.74582724698727, 10.0, 1.0], "k_pid_yaw": [0.5, 1e-06, 0.1], "k_pid_hsp": [10.0, 0.0, 1.0], "k_pid_vsp": [144.52745296805574, 266.5130363810761, 183.3357069599845]}, "datetime": {"datetime": "2025-08-12 00:25:20", "elapsed": 28799.642303705215, "delta": 31.66540002822876}, "costs": {"total_cost": 615.9612660620481, "time_cost": 115.269, "final_distance_cost": 1.8001911971778808, "oscillation_cost": 368.32571706650987, "completition_cost": 0.0, "overshoot_cost": 67.1725908332016, "power_cost": 34.05395987548828, "noise_cost": 29.339807089670398, "n_waypoints_completed": 9, "tot_waypoints": 9}}
{"target": -832.1266920431475, "params": {"k_pid_pos": [1.0976688082936543, 0.9706646670683141, 0.34636787557165605], "k_pid_alt": [1.3244388330825152, 0.08799639532748627, 0.13247531607184182], "k_pid_att": [34.25219611029151, 4.681322944571765, 0.21236475881129435], "k_pid_yaw": [0.5, 1e-06, 0.1], "k_pid_hsp": [1.1663726806534278, 0.6897493751890147, 0.34129450970352226], "k_pid_vsp": [232.5740102487313, 329.120131117083, 22.308252029139965]}, "datetime": {"datetime": "2025-08-12 00:25:54", "elapsed": 28834.192670583725, "delta": 34.55036687850952}, "costs": {"total_cost": 832.1266920431475, "time_cost": 150, "final_distance_cost": 75.39566312714061, "oscillation_cost": 137.25891361065885, "completition_cost": 333.33333333333337, "overshoot_cost": 67.47774000743651, "power_cost": 36.82618405761719, "noise_cost": 31.834857906961066, "n_waypoints_completed": 6, "tot_waypoints": 9}}
{"target": -1072.1114898644578, "params": {"k_pid_pos": [1.8964993153796785, 0.6826356418237584, 0.238552461664291], "k_pid_alt": [0.6117045428803618, 0.8908704619236149, 0.3382894792401808], "k_pid_att": [43.88576317520451, 4.727196651052768, 0.443756497299135], "k_pid_yaw": [0.5, 1e-06, 0.1], "k_pid_hsp": [2.2117344502018383, 0.7250820533933671, 0.6795169561349147], "k_pid_vsp": [265.8837837478397, 306.0379970636937, 70.2201955555921]}, "datetime": {"datetime": "2025-08-12 00:26:28", "elapsed": 28867.770938396454, "delta": 33.57826781272888}, "costs": {"total_cost": 1072.1114898644578, "time_cost": 150, "final_distance_cost": 54.70191652801549, "oscillation_cost": 186.99995718903307, "completition_cost": 555.5555555555555, "overshoot_cost": 55.31979689043021, "power_cost": 37.54957211914063, "noise_cost": 31.98469158228299, "n_waypoints_completed": 4, "tot_waypoints": 9}}
{"target": -419.36532942612916, "params": {"k_pid_pos": [2.0, 0.5009932226100345, 0.0], "k_pid_alt": [2.0, 1.0, 1.0], "k_pid_att": [28.70534872664152, 6.467238602227635, 1.0], "k_pid_yaw": [0.5, 1e-06, 0.1], "k_pid_hsp": [10.0, 0.0, 1.0], "k_pid_vsp": [223.97113262269755, 282.7997352650317, 63.85576820065585]}, "datetime": {"datetime": "2025-08-12 00:26:54", "elapsed": 28894.029987573624, "delta": 26.2590491771698}, "costs": {"total_cost": 419.36532942612916, "time_cost": 92.652, "final_distance_cost": 1.769447993791741, "oscillation_cost": 213.2026479602957, "completition_cost": 0.0, "overshoot_cost": 59.239923867684126, "power_cost": 27.289351000976563, "noise_cost": 25.211958603381017, "n_waypoints_completed": 9, "tot_waypoints": 9}}
{"target": -1491.3259963291616, "params": {"k_pid_pos": [0.03389584951935898, 0.14732596764051809, 0.378729967736565], "k_pid_alt": [0.8599893052526302, 0.8271732853071646, 0.21007758097174778], "k_pid_att": [13.762227286404238, 8.154126980333507, 0.6478766549687452], "k_pid_yaw": [0.5, 1e-06, 0.1], "k_pid_hsp": [3.652380844287936, 0.6289734675508935, 0.9507063339338099], "k_pid_vsp": [301.1567289999609, 356.9279409934978, 91.19092174361708]}, "datetime": {"datetime": "2025-08-12 00:27:28", "elapsed": 28927.81715488434, "delta": 33.78716731071472}, "costs": {"total_cost": 1491.3259963291616, "time_cost": 150, "final_distance_cost": 89.26588293286663, "oscillation_cost": 353.0574548216318, "completition_cost": 777.7777777777778, "overshoot_cost": 63.06787734134916, "power_cost": 30.63471287841797, "noise_cost": 27.522290577118113, "n_waypoints_completed": 2, "tot_waypoints": 9}}
{"target": -480.33355246603065, "params": {"k_pid_pos": [1.6350232200150328, 0.8207910430844102, 0.8709755167071058], "k_pid_alt": [1.1458111762911662, 0.4973456512675086, 0.3002346655876301], "k_pid_att": [28.898825804549986, 9.525631395062716, 0.41175928659123673], "k_pid_yaw": [0.5, 1e-06, 0.1], "k_pid_hsp": [6.661530500169327, 0.5142487048072403, 0.09950833667081427], "k_pid_vsp": [229.48757208845788, 16.229726506902146, 56.27373976298205]}, "datetime": {"datetime": "2025-08-12 00:27:54", "elapsed": 28953.511639356613, "delta": 25.69448447227478}, "costs": {"total_cost": 480.33355246603065, "time_cost": 88.97, "final_distance_cost": 1.760122843163208, "oscillation_cost": 288.5260447821627, "completition_cost": 0.0, "overshoot_cost": 54.21448312231951, "power_cost": 24.49745653076172, "noise_cost": 22.36544518762351, "n_waypoints_completed": 9, "tot_waypoints": 9}}
{"target": -748.4175732285523, "params": {"k_pid_pos": [0.18462450455831156, 0.369667623805914, 0.07710767398736962], "k_pid_alt": [1.1111521751027291, 0.8199184429394503, 0.7092880128356057], "k_pid_att": [7.823718952523329, 7.206852081122451, 0.7395210512951068], "k_pid_yaw": [0.5, 1e-06, 0.1], "k_pid_hsp": [2.922032927777079, 0.5174574894856353, 0.8363751774084806], "k_pid_vsp": [295.6693773895388, 357.4569175927894, 95.44798713646428]}, "datetime": {"datetime": "2025-08-12 00:28:29", "elapsed": 28988.444747447968, "delta": 34.93310809135437}, "costs": {"total_cost": 748.4175732285523, "time_cost": 150, "final_distance_cost": 72.80645141436673, "oscillation_cost": 190.77816366942713, "completition_cost": 222.2222222222222, "overshoot_cost": 54.54999203819317, "power_cost": 31.35976036376953, "noise_cost": 26.7009835205736, "n_waypoints_completed": 7, "tot_waypoints": 9}}
{"target": -674.4019200835224, "params": {"k_pid_pos": [0.7160737570360458, 0.0, 0.22140512410238491], "k_pid_alt": [1.4269822331634388, 1.0, 0.1742316683694078], "k_pid_att": [53.098363108448936, 6.118456899745099, 0.7184298979796503], "k_pid_yaw": [0.5, 1e-06, 0.1], "k_pid_hsp": [8.598011916818924, 0.1488393301956559, 0.578754665281256], "k_pid_vsp": [204.88527076611317, 245.79146964467807, 232.62549805011585]}, "datetime": {"datetime": "2025-08-12 00:28:58", "elapsed": 29018.212333202362, "delta": 29.76758575439453}, "costs": {"total_cost": 674.4019200835224, "time_cost": 104.566, "final_distance_cost": 1.7656679621444415, "oscillation_cost": 448.3598192486262, "completition_cost": 0.0, "overshoot_cost": 64.95397322014561, "power_cost": 29.66134185791016, "noise_cost": 25.095117794695994, "n_waypoints_completed": 9, "tot_waypoints": 9}}
{"target": -823.9132143248637, "params": {"k_pid_pos": [1.8899959502278605, 0.813265431601228, 0.7588188240249957], "k_pid_alt": [0.5526059467175319, 0.11164265046750255, 0.9564478592891041], "k_pid_att": [11.525947507527224, 0.3914136154440731, 0.7150644400274461], "k_pid_yaw": [0.5, 1e-06, 0.1], "k_pid_hsp": [1.081729791601772, 0.8473630882211641, 0.5479537060660741], "k_pid_vsp": [323.540002339232, 394.60372722389906, 251.66339749837093]}, "datetime": {"datetime": "2025-08-12 00:29:34", "elapsed": 29053.976927518845, "delta": 35.764594316482544}, "costs": {"total_cost": 823.9132143248637, "time_cost": 150, "final_distance_cost": 77.91547848792973, "oscillation_cost": 143.88656447681646, "completition_cost": 333.33333333333337, "overshoot_cost": 54.20847433765428, "power_cost": 35.68320869140625, "noise_cost": 28.886154997723725, "n_waypoints_completed": 6, "tot_waypoints": 9}}
{"target": -1388.1553136615794, "params": {"k_pid_pos": [0.7105160710060925, 0.4893492064548095, 0.6685891161321263], "k_pid_alt": [0.005518717329366485, 0.2854979839986419, 0.803562378866841], "k_pid_att": [64.78238044493591, 2.16965589119662, 0.16813904002427982], "k_pid_yaw": [0.5, 1e-06, 0.1], "k_pid_hsp": [7.4744363602702375, 0.9578171445331324, 0.9423465974701317], "k_pid_vsp": [343.5772647028592, 296.74370903845136, 187.32316035730537]}, "datetime": {"datetime": "2025-08-12 00:30:07", "elapsed": 29086.821954011917, "delta": 32.84502649307251}, "costs": {"total_cost": 1388.1553136615794, "time_cost": 150, "final_distance_cost": 61.63313553770741, "oscillation_cost": 608.407086695698, "completition_cost": 444.4444444444444, "overshoot_cost": 57.74063052185718, "power_cost": 35.35317391357422, "noise_cost": 30.576842548298156, "n_waypoints_completed": 5, "tot_waypoints": 9}}
{"target": -687.0384638418578, "params": {"k_pid_pos": [1.634003227385749, 0.8278606000192827, 0.7931353341982479], "k_pid_alt": [0.3422268661344443, 0.1792029615500046, 0.5706831359676219], "k_pid_att": [48.40546745091123, 4.480275643489319, 0.23007624936181081], "k_pid_yaw": [0.5, 1e-06, 0.1], "k_pid_hsp": [8.839221272528357, 0.15448388260306534, 0.3574661527487042], "k_pid_vsp": [129.63836710266082, 102.35831995918412, 56.45780601788833]}, "datetime": {"datetime": "2025-08-12 00:30:39", "elapsed": 29118.994325637817, "delta": 32.17237162590027}, "costs": {"total_cost": 687.0384638418578, "time_cost": 116.354, "final_distance_cost": 1.797142625078553, "oscillation_cost": 449.25962165352917, "completition_cost": 0.0, "overshoot_cost": 58.0665001900627, "power_cost": 33.3330884765625, "noise_cost": 28.228110896624944, "n_waypoints_completed": 9, "tot_waypoints": 9}}
{"target": -1040.3521486939133, "params": {"k_pid_pos": [0.4729183205385677, 0.6095513150366703, 0.7426692396539013], "k_pid_alt": [0.898241999463945, 0.8522187225777035, 0.4634966926700379], "k_pid_att": [40.79162984958268, 0.22370785097579918, 0.1906067208837845], "k_pid_yaw": [0.5, 1e-06, 0.1], "k_pid_hsp": [9.855611359094427, 0.1780847134175002, 0.11329551085206435], "k_pid_vsp": [239.71135926763853, 24.52937393957214, 38.31448498328524]}, "datetime": {"datetime": "2025-08-12 00:31:13", "elapsed": 29153.024430274963, "delta": 34.030104637145996}, "costs": {"total_cost": 1040.3521486939133, "time_cost": 150, "final_distance_cost": 62.66570889100743, "oscillation_cost": 487.7710075680223, "completition_cost": 222.2222222222222, "overshoot_cost": 53.88322038675511, "power_cost": 34.17072584228516, "noise_cost": 29.639263783621075, "n_waypoints_completed": 7, "tot_waypoints": 9}}
{"target": -636.4675179778474, "params": {"k_pid_pos": [1.694644695382798, 0.4130111836993424, 0.7216967785770163], "k_pid_alt": [0.543581125047021, 0.3022765506090024, 0.3679978212784649], "k_pid_att": [94.57784967674054, 3.9518213033749294, 0.9056855708292796], "k_pid_yaw": [0.5, 1e-06, 0.1], "k_pid_hsp": [8.680031888534455, 0.6839728152106624, 0.5504678264055417], "k_pid_vsp": [172.81886740512311, 120.4346630967721, 19.71232634799293]}, "datetime": {"datetime": "2025-08-12 00:31:42", "elapsed": 29181.973097085953, "delta": 28.94866681098938}, "costs": {"total_cost": 636.4675179778474, "time_cost": 103.411, "final_distance_cost": 1.7841662425349658, "oscillation_cost": 420.35273516042344, "completition_cost": 0.0, "overshoot_cost": 55.03395267134644, "power_cost": 29.79756981201172, "noise_cost": 26.08809409153086, "n_waypoints_completed": 9, "tot_waypoints": 9}}
{"target": -498.90369547556094, "params": {"k_pid_pos": [1.1725584466110703, 0.5272332895406121, 0.21387702445642431], "k_pid_alt": [0.6844884432913003, 0.6279528221035358, 0.24682129505651362], "k_pid_att": [39.70847814368166, 3.5535258675241206, 0.8412097067586539], "k_pid_yaw": [0.5, 1e-06, 0.1], "k_pid_hsp": [8.593477691293332, 0.6153883896103866, 0.6213055335397268], "k_pid_vsp": [273.3676912512587, 309.4149368632925, 73.88774572938969]}, "datetime": {"datetime": "2025-08-12 00:32:11", "elapsed": 29211.238775491714, "delta": 29.26567840576172}, "costs": {"total_cost": 498.90369547556094, "time_cost": 106.554, "final_distance_cost": 1.786380367019294, "oscillation_cost": 272.63430115492906, "completition_cost": 0.0, "overshoot_cost": 58.95889787044331, "power_cost": 31.090985400390625, "noise_cost": 27.879130682778612, "n_waypoints_completed": 9, "tot_waypoints": 9}}
{"target": -833.4791658888756, "params": {"k_pid_pos": [1.6705354610481895, 0.6624696608342976, 0.5329211812045005], "k_pid_alt": [0.018200675304145264, 0.7640982017262267, 0.9373313127072913], "k_pid_att": [39.811417893834665, 8.041031220453931, 0.4640080306243163], "k_pid_yaw": [0.5, 1e-06, 0.1], "k_pid_hsp": [7.408775752882895, 0.5120158296103144, 0.11450406881513009], "k_pid_vsp": [266.8817653960209, 308.1756286691746, 70.08888754490779]}, "datetime": {"datetime": "2025-08-12 00:32:46", "elapsed": 29245.71088242531, "delta": 34.47210693359375}, "costs": {"total_cost": 833.4791658888756, "time_cost": 150, "final_distance_cost": 49.61342935044249, "oscillation_cost": 391.53291594973564, "completition_cost": 111.11111111111116, "overshoot_cost": 66.22108020845388, "power_cost": 34.53234427490234, "noise_cost": 30.4682849942301, "n_waypoints_completed": 8, "tot_waypoints": 9}}
{"target": -920.9741914862614, "params": {"k_pid_pos": [1.3964931898271238, 0.8438377421644759, 0.8884384115860547], "k_pid_alt": [1.8253471958360417, 0.9335271262869491, 0.2562512189432462], "k_pid_att": [23.255181312582273, 2.9612712154692646, 0.45123862129987014], "k_pid_yaw": [0.5, 1e-06, 0.1], "k_pid_hsp": [3.0511400471029795, 0.19874267887439168, 0.6796074734952255], "k_pid_vsp": [217.88163010142415, 29.148083869081454, 32.15884849998533]}, "datetime": {"datetime": "2025-08-12 00:33:21", "elapsed": 29280.490289211273, "delta": 34.779406785964966}, "costs": {"total_cost": 920.9741914862614, "time_cost": 150, "final_distance_cost": 69.27374141455276, "oscillation_cost": 363.7451679336011, "completition_cost": 222.2222222222222, "overshoot_cost": 50.48209920738525, "power_cost": 34.57957686767578, "noise_cost": 30.67138384082434, "n_waypoints_completed": 7, "tot_waypoints": 9}}
{"target": -329.9230422521163, "params": {"k_pid_pos": [2.0, 0.0, 0.0], "k_pid_alt": [0.0, 0.8733450404368862, 0.7661836299928104], "k_pid_att": [38.9138078067374, 5.403652495276025, 1.0], "k_pid_yaw": [0.5, 1e-06, 0.1], "k_pid_hsp": [6.217770111980854, 1.0, 0.0], "k_pid_vsp": [275.62377967165617, 358.30902808305814, 29.139406622535223]}, "datetime": {"datetime": "2025-08-12 00:33:57", "elapsed": 29316.59824848175, "delta": 36.107959270477295}, "costs": {"total_cost": 329.9230422521163, "time_cost": 116.193, "final_distance_cost": 1.7970264099867848, "oscillation_cost": 80.7842088470614, "completition_cost": 0.0, "overshoot_cost": 71.66462959756637, "power_cost": 31.061069458007815, "noise_cost": 28.423107939493967, "n_waypoints_completed": 9, "tot_waypoints": 9}}
{"target": -474.25776455667767, "params": {"k_pid_pos": [2.0, 1.0, 0.0], "k_pid_alt": [2.0, 0.0, 0.0], "k_pid_att": [31.40082773075137, 4.181295748599469, 0.09913697110069394], "k_pid_yaw": [0.5, 1e-06, 0.1], "k_pid_hsp": [4.215114856559529, 0.0, 1.0], "k_pid_vsp": [192.9244751496456, 320.7483336682204, 237.94812747867132]}, "datetime": {"datetime": "2025-08-12 00:34:30", "elapsed": 29349.842022180557, "delta": 33.24377369880676}, "costs": {"total_cost": 474.25776455667767, "time_cost": 107.12100000000001, "final_distance_cost": 1.7354107231877591, "oscillation_cost": 233.86317436614772, "completition_cost": 0.0, "overshoot_cost": 68.33048727671992, "power_cost": 33.378984033203125, "noise_cost": 29.82870815741908, "n_waypoints_completed": 9, "tot_waypoints": 9}}
{"target": -322.3972652891308, "params": {"k_pid_pos": [1.77956262611916, 0.5162688223910914, 0.6076387303245149], "k_pid_alt": [0.7093505824706967, 0.3335660457277013, 0.3023396107230427], "k_pid_att": [5.292328133874269, 2.400433338372221, 0.7874922901991285], "k_pid_yaw": [0.5, 1e-06, 0.1], "k_pid_hsp": [6.621806587077851, 0.7575892144092057, 0.4929809965708867], "k_pid_vsp": [282.76197205703573, 358.7054022486595, 23.419137400128374]}, "datetime": {"datetime": "2025-08-12 00:34:59", "elapsed": 29379.05469918251, "delta": 29.212677001953125}, "costs": {"total_cost": 322.3972652891308, "time_cost": 93.254, "final_distance_cost": 1.7432254736926756, "oscillation_cost": 122.35279687910517, "completition_cost": 0.0, "overshoot_cost": 54.58516694084534, "power_cost": 26.244971423339845, "noise_cost": 24.217104572147786, "n_waypoints_completed": 9, "tot_waypoints": 9}}
{"target": -373.05871115104117, "params": {"k_pid_pos": [1.4823711337626764, 0.16698125156234067, 0.010162699688340271], "k_pid_alt": [0.5804372302723118, 0.4507806749261245, 0.46974866796174786], "k_pid_att": [5.246209348100905, 4.913591199078006, 0.2444195013739876], "k_pid_yaw": [0.5, 1e-06, 0.1], "k_pid_hsp": [4.016338094372528, 0.9558901804062837, 0.35409359420539643], "k_pid_vsp": [244.3378855515613, 267.42839780885066, 20.115260406553347]}, "datetime": {"datetime": "2025-08-12 00:35:28", "elapsed": 29407.7272670269, "delta": 28.67256784439087}, "costs": {"total_cost": 373.05871115104117, "time_cost": 99.98100000000001, "final_distance_cost": 1.7990680125130418, "oscillation_cost": 158.98831215760575, "completition_cost": 0.0, "overshoot_cost": 56.779681916636136, "power_cost": 28.01843182373047, "noise_cost": 27.492217240555785, "n_waypoints_completed": 9, "tot_waypoints": 9}}
{"target": -1098.3010461938181, "params": {"k_pid_pos": [0.2663756571384629, 0.9078298590501176, 0.8974819368341864], "k_pid_alt": [1.3244852893968073, 0.05815976158441161, 0.32586542396936036], "k_pid_att": [11.575871953913385, 2.5006515512836986, 0.916764969342362], "k_pid_yaw": [0.5, 1e-06, 0.1], "k_pid_hsp": [6.56646242212359, 0.5285601262946171, 0.697091964358856], "k_pid_vsp": [241.96204472371878, 277.80322179472716, 38.86387301150174]}, "datetime": {"datetime": "2025-08-12 00:36:01", "elapsed": 29440.92275762558, "delta": 33.19549059867859}, "costs": {"total_cost": 1098.3010461938181, "time_cost": 150, "final_distance_cost": 47.62885645448758, "oscillation_cost": 236.21488683867204, "completition_cost": 555.5555555555555, "overshoot_cost": 48.116544816295374, "power_cost": 32.91472775878906, "noise_cost": 27.87047477001843, "n_waypoints_completed": 4, "tot_waypoints": 9}}
{"target": -1196.90376922895, "params": {"k_pid_pos": [1.7855362913923014, 0.7786665021296353, 0.8831051078815272], "k_pid_alt": [0.5292025244526957, 0.7430175303255362, 0.5607873775208472], "k_pid_att": [2.2662910799386204, 6.178320172445013, 0.083272618135384], "k_pid_yaw": [0.5, 1e-06, 0.1], "k_pid_hsp": [3.758647874698347, 0.8032971634368534, 0.43036773279827034], "k_pid_vsp": [302.58013020443815, 305.2236837067346, 172.0837944064413]}, "datetime": {"datetime": "2025-08-12 00:36:37", "elapsed": 29476.793389558792, "delta": 35.87063193321228}, "costs": {"total_cost": 1196.90376922895, "time_cost": 150, "final_distance_cost": 47.97540625931126, "oscillation_cost": 319.3010686581319, "completition_cost": 555.5555555555555, "overshoot_cost": 62.30505701854947, "power_cost": 32.39231868896484, "noise_cost": 29.374363048437196, "n_waypoints_completed": 4, "tot_waypoints": 9}}
