{"target": -883.2546801080906, "params": {"k_pid_pos": [1.8522796824917955, 0.8479533313582215, 0.2952416727660232], "k_pid_alt": [0.11335146085686865, 0.740524643560616, 0.9875266398380129], "k_pid_att": [47.2356678735525, 9.662528383097543, 0.34740599917363757], "k_pid_yaw": [0.5, 1e-06, 0.1], "k_pid_hsp": [5.6621088159361195, 0.1515373763761485, 0.7490038526068149], "k_pid_vsp": [235.5998623547853, 13.45127114117228, 27.474567513494623]}, "datetime": {"datetime": "2025-08-11 17:50:06", "elapsed": 5085.471588611603, "delta": 32.93369722366333}, "costs": {"total_cost": 883.2546801080906, "time_cost": 150, "final_distance_cost": 62.186261971853604, "oscillation_cost": 203.66019905765222, "completition_cost": 333.33333333333337, "overshoot_cost": 63.4910129101192, "power_cost": 36.2853795288086, "noise_cost": 34.29849330632361, "n_waypoints_completed": 6, "tot_waypoints": 9}}
{"target": -390.75995882589984, "params": {"k_pid_pos": [1.7195337209027035, 0.020734519697052867, 0.5328085361084912], "k_pid_alt": [1.5253475797815248, 0.32900819193009767, 0.9871828936143412], "k_pid_att": [4.248490899602341, 6.98322570595461, 0.6683856238161364], "k_pid_yaw": [0.5, 1e-06, 0.1], "k_pid_hsp": [4.769540638996054, 0.023569047023653034, 0.5437819299821874], "k_pid_vsp": [50.606874693992324, 359.5261975860755, 148.66177165400967]}, "datetime": {"datetime": "2025-08-11 17:50:33", "elapsed": 5112.732263088226, "delta": 27.260674476623535}, "costs": {"total_cost": 390.75995882589984, "time_cost": 104.552, "final_distance_cost": 1.781860218951893, "oscillation_cost": 166.43527556155553, "completition_cost": 0.0, "overshoot_cost": 65.37222319997628, "power_cost": 28.251769506835938, "noise_cost": 24.366830338580215, "n_waypoints_completed": 9, "tot_waypoints": 9}}
{"target": -439.6904442802132, "params": {"k_pid_pos": [1.9881396094014288, 0.9466649341659266, 0.7511375872457478], "k_pid_alt": [0.8190561052744649, 0.24816301515938932, 0.4524045782817804], "k_pid_att": [11.626382422684333, 7.165666340927074, 0.7751023817235241], "k_pid_yaw": [0.5, 1e-06, 0.1], "k_pid_hsp": [3.9722458595185635, 0.021573469032521886, 0.6227993527907156], "k_pid_vsp": [310.23119712330964, 398.65721617598496, 244.95759478170822]}, "datetime": {"datetime": "2025-08-11 17:51:02", "elapsed": 5141.70337843895, "delta": 28.971115350723267}, "costs": {"total_cost": 439.6904442802132, "time_cost": 101.416, "final_distance_cost": 1.7132512816591636, "oscillation_cost": 226.09384850708759, "completition_cost": 0.0, "overshoot_cost": 57.8778336418382, "power_cost": 28.155545959472658, "noise_cost": 24.433964890155604, "n_waypoints_completed": 9, "tot_waypoints": 9}}
{"target": -1267.438350131148, "params": {"k_pid_pos": [0.0001, 1.0, 1.0], "k_pid_alt": [2.0, 0.0, 1.0], "k_pid_att": [32.073233806743374, 0.0001, 0.0], "k_pid_yaw": [0.5, 1e-06, 0.1], "k_pid_hsp": [0.0001, 0.0, 0.0], "k_pid_vsp": [222.00588772584337, 22.178249040222443, 49.43159003819019]}, "datetime": {"datetime": "2025-08-11 17:51:35", "elapsed": 5174.676020383835, "delta": 32.972641944885254}, "costs": {"total_cost": 1267.438350131148, "time_cost": 150, "final_distance_cost": 47.52727746550892, "oscillation_cost": 14.59339430860764, "completition_cost": 888.8888888888888, "overshoot_cost": 110.31818315526101, "power_cost": 29.358372021484378, "noise_cost": 26.752234291397073, "n_waypoints_completed": 1, "tot_waypoints": 9}}
{"target": -255.34266807852794, "params": {"k_pid_pos": [1.4458973677573144, 0.24482371267852454, 0.12082354318525146], "k_pid_alt": [1.4827713215679397, 0.4516588309141989, 0.40824267980387674], "k_pid_att": [39.536353750863285, 7.911625164470138, 0.8138607936274992], "k_pid_yaw": [0.5, 1e-06, 0.1], "k_pid_hsp": [1.1146350845902018, 0.41443633917555245, 0.018663052347440034], "k_pid_vsp": [117.2722916954959, 140.74642623867734, 17.913172849566116]}, "datetime": {"datetime": "2025-08-11 17:51:58", "elapsed": 5197.621880054474, "delta": 22.945859670639038}, "costs": {"total_cost": 255.34266807852794, "time_cost": 90.174, "final_distance_cost": 1.7851092719297499, "oscillation_cost": 63.46967464252818, "completition_cost": 0.0, "overshoot_cost": 52.98759191246745, "power_cost": 24.153031896972657, "noise_cost": 22.773260354629883, "n_waypoints_completed": 9, "tot_waypoints": 9}}
{"target": -1327.3089311249735, "params": {"k_pid_pos": [0.75826213561001, 0.10557974070219689, 0.6695862460134], "k_pid_alt": [0.18825589664337072, 0.4407806260466439, 0.931206246326034], "k_pid_att": [16.523535991015294, 2.614476586013005, 0.06212953489837758], "k_pid_yaw": [0.5, 1e-06, 0.1], "k_pid_hsp": [1.9022368575570054, 0.2266699392831809, 0.8292923927120935], "k_pid_vsp": [54.343914391647985, 356.1052750739844, 142.0678192165615]}, "datetime": {"datetime": "2025-08-11 17:52:30", "elapsed": 5230.312458753586, "delta": 32.69057869911194}, "costs": {"total_cost": 1327.3089311249735, "time_cost": 150, "final_distance_cost": 49.01355355406602, "oscillation_cost": 560.2570599935101, "completition_cost": 444.4444444444444, "overshoot_cost": 60.99873100839487, "power_cost": 31.130284399414062, "noise_cost": 31.46485772514423, "n_waypoints_completed": 5, "tot_waypoints": 9}}
{"target": -1273.5771153834542, "params": {"k_pid_pos": [0.6908535645434467, 0.02940886789895958, 0.23909449571667818], "k_pid_alt": [0.9059497308673055, 0.027353412157598345, 0.6855580634471847], "k_pid_att": [59.77446635342195, 1.8015736945216818, 0.09251904709217162], "k_pid_yaw": [0.5, 1e-06, 0.1], "k_pid_hsp": [3.9935881289079513, 0.4895991048133529, 0.9388417770590949], "k_pid_vsp": [106.10425809422703, 285.2782502750951, 298.8180444912042]}, "datetime": {"datetime": "2025-08-11 17:53:01", "elapsed": 5260.948450088501, "delta": 30.63599133491516}, "costs": {"total_cost": 1273.5771153834542, "time_cost": 150, "final_distance_cost": 72.7283033829096, "oscillation_cost": 590.539460694193, "completition_cost": 333.33333333333337, "overshoot_cost": 61.631012597156634, "power_cost": 36.01923688964844, "noise_cost": 29.325768486213043, "n_waypoints_completed": 6, "tot_waypoints": 9}}
{"target": -2086.893134340152, "params": {"k_pid_pos": [0.7022799051723289, 0.9768966971444516, 0.7798517653524955], "k_pid_alt": [1.0202770388457225, 0.5327224340546547, 0.7483983170219406], "k_pid_att": [96.9040360843144, 7.440999606128056, 0.5037359309335844], "k_pid_yaw": [0.5, 1e-06, 0.1], "k_pid_hsp": [6.627219739652921, 0.12656039200638725, 0.08293207915055412], "k_pid_vsp": [30.305614699323293, 151.81460307647353, 230.70046288318372]}, "datetime": {"datetime": "2025-08-11 17:53:31", "elapsed": 5291.361487150192, "delta": 30.413037061691284}, "costs": {"total_cost": 2086.893134340152, "time_cost": 150, "final_distance_cost": 107.84044244948534, "oscillation_cost": 691.0007507240764, "completition_cost": 888.8888888888888, "overshoot_cost": 185.2429695689036, "power_cost": 34.421303552246094, "noise_cost": 29.498779156551816, "n_waypoints_completed": 1, "tot_waypoints": 9}}
{"target": -367.12909287543744, "params": {"k_pid_pos": [1.934417422818783, 0.054347838663758766, 0.9545518082551353], "k_pid_alt": [1.9006536171440944, 0.939809980733101, 0.9507125019739361], "k_pid_att": [4.301379064628906, 3.3245899473600904, 0.9652768825421374], "k_pid_yaw": [0.5, 1e-06, 0.1], "k_pid_hsp": [0.503675071887984, 0.9420107136453761, 0.3985133699210251], "k_pid_vsp": [318.50312343721714, 397.1573542377666, 245.96336627261726]}, "datetime": {"datetime": "2025-08-11 17:54:00", "elapsed": 5319.89720082283, "delta": 28.53571367263794}, "costs": {"total_cost": 367.12909287543744, "time_cost": 99.029, "final_distance_cost": 1.8336962992466916, "oscillation_cost": 144.02555963269978, "completition_cost": 0.0, "overshoot_cost": 67.27073967499328, "power_cost": 30.426693103027347, "noise_cost": 24.543404165470324, "n_waypoints_completed": 9, "tot_waypoints": 9}}
{"target": -273.23720647122946, "params": {"k_pid_pos": [2.0, 1.0, 1.0], "k_pid_alt": [2.0, 0.0, 1.0], "k_pid_att": [37.10863101213943, 0.0001, 1.0], "k_pid_yaw": [0.5, 1e-06, 0.1], "k_pid_hsp": [10.0, 1.0, 0.0], "k_pid_vsp": [231.54068525415946, 23.066679885382577, 38.400994743717256]}, "datetime": {"datetime": "2025-08-11 17:54:21", "elapsed": 5341.200309514999, "delta": 21.30310869216919}, "costs": {"total_cost": 273.23720647122946, "time_cost": 79.702, "final_distance_cost": 1.8142506277832067, "oscillation_cost": 96.91607406432878, "completition_cost": 0.0, "overshoot_cost": 52.74804576260717, "power_cost": 22.063443212890625, "noise_cost": 19.99339280361963, "n_waypoints_completed": 9, "tot_waypoints": 9}}
{"target": -894.1521603633956, "params": {"k_pid_pos": [1.5201276869892812, 0.3310957932915437, 0.3334877774857903], "k_pid_alt": [0.5942551516141703, 0.9519368180905049, 0.20960635950614614], "k_pid_att": [41.093734046187194, 7.228846799936688, 0.779862486210683], "k_pid_yaw": [0.5, 1e-06, 0.1], "k_pid_hsp": [0.4156973850058075, 0.232380500541861, 0.033421626494638534], "k_pid_vsp": [169.3382521482437, 345.09039750550096, 324.3273913013057]}, "datetime": {"datetime": "2025-08-11 17:54:52", "elapsed": 5371.407176494598, "delta": 30.206866979599}, "costs": {"total_cost": 894.1521603633956, "time_cost": 150, "final_distance_cost": 83.08844906066142, "oscillation_cost": 71.24670188737745, "completition_cost": 444.4444444444444, "overshoot_cost": 80.04328046429693, "power_cost": 31.554919104003908, "noise_cost": 33.77436540261147, "n_waypoints_completed": 5, "tot_waypoints": 9}}
{"target": -1388.2255988802208, "params": {"k_pid_pos": [0.08244937054784475, 0.5997571098845039, 0.7429818978300936], "k_pid_alt": [1.8902316052676622, 0.26992482958489494, 0.35532940104841626], "k_pid_att": [20.778960236569933, 7.041887201332, 0.41473902182086075], "k_pid_yaw": [0.5, 1e-06, 0.1], "k_pid_hsp": [3.128566229352784, 0.860917900805513, 0.8973281476840106], "k_pid_vsp": [58.36070779192033, 335.1698111191713, 155.26700820142898]}, "datetime": {"datetime": "2025-08-11 17:55:24", "elapsed": 5403.780163764954, "delta": 32.372987270355225}, "costs": {"total_cost": 1388.2255988802208, "time_cost": 150, "final_distance_cost": 49.81484563592407, "oscillation_cost": 509.10204092825177, "completition_cost": 555.5555555555555, "overshoot_cost": 63.944225027756474, "power_cost": 30.94570623779297, "noise_cost": 28.863225494939837, "n_waypoints_completed": 4, "tot_waypoints": 9}}
{"target": -1861.6685163020738, "params": {"k_pid_pos": [0.0001, 0.0, 0.0], "k_pid_alt": [0.0, 1.0, 1.0], "k_pid_att": [50.318252939447284, 10.0, 1.0], "k_pid_yaw": [0.5, 1e-06, 0.1], "k_pid_hsp": [4.323768158688836, 0.0, 1.0], "k_pid_vsp": [204.98358076249127, 239.15694995510057, 130.5879341769718]}, "datetime": {"datetime": "2025-08-11 17:55:56", "elapsed": 5435.883093595505, "delta": 32.10292983055115}, "costs": {"total_cost": 1861.6685163020738, "time_cost": 150, "final_distance_cost": 66.1045607104532, "oscillation_cost": 506.63715194370866, "completition_cost": 1000.0, "overshoot_cost": 77.56440435420676, "power_cost": 33.690790234375, "noise_cost": 27.671609059330216, "n_waypoints_completed": 0, "tot_waypoints": 9}}
{"target": -1356.2764472980919, "params": {"k_pid_pos": [0.03298667746729847, 0.9180246194701982, 0.6636991199079025], "k_pid_alt": [0.3346629004819157, 0.21591296937236237, 0.5966166824455424], "k_pid_att": [8.284609601410997, 2.3587563704684094, 0.05012932450199825], "k_pid_yaw": [0.5, 1e-06, 0.1], "k_pid_hsp": [6.603823184503707, 0.5884371799681117, 0.8643698024146522], "k_pid_vsp": [50.92062367593808, 351.05300384337306, 145.5918765774249]}, "datetime": {"datetime": "2025-08-11 17:56:30", "elapsed": 5470.089250564575, "delta": 34.206156969070435}, "costs": {"total_cost": 1356.2764472980919, "time_cost": 150, "final_distance_cost": 77.0514029027075, "oscillation_cost": 334.6171641553995, "completition_cost": 666.6666666666667, "overshoot_cost": 64.55178249429528, "power_cost": 33.13621818847656, "noise_cost": 30.25321289054617, "n_waypoints_completed": 3, "tot_waypoints": 9}}
{"target": -1664.6207836725484, "params": {"k_pid_pos": [1.0916478005885497, 0.0011814110686885204, 0.9964706489728958], "k_pid_alt": [1.9144732771360449, 0.20393967985670303, 0.2984131089119687], "k_pid_att": [48.27616400844291, 2.038635305678746, 0.48124575189187135], "k_pid_yaw": [0.5, 1e-06, 0.1], "k_pid_hsp": [0.3266334462970149, 0.9273115899189978, 0.530860474652983], "k_pid_vsp": [181.42493995691504, 14.866174802441941, 5.107808361185168]}, "datetime": {"datetime": "2025-08-11 17:57:02", "elapsed": 5501.653989076614, "delta": 31.564738512039185}, "costs": {"total_cost": 1664.6207836725484, "time_cost": 150, "final_distance_cost": 43.718587637698064, "oscillation_cost": 791.4623708897269, "completition_cost": 555.5555555555555, "overshoot_cost": 60.69109196702473, "power_cost": 32.83695838623047, "noise_cost": 30.35621923631268, "n_waypoints_completed": 4, "tot_waypoints": 9}}
{"target": -587.3527232641374, "params": {"k_pid_pos": [1.691928716837493, 0.3438278138134616, 0.4459386937773858], "k_pid_alt": [0.2920882237877491, 0.15946448373656907, 0.9965002753651703], "k_pid_att": [42.961294322173316, 7.39212300208296, 0.5854556927031048], "k_pid_yaw": [0.5, 1e-06, 0.1], "k_pid_hsp": [5.479052171962979, 0.9384314765210859, 0.4206237183352155], "k_pid_vsp": [391.54539503747293, 323.88445031584297, 331.4233688127797]}, "datetime": {"datetime": "2025-08-11 17:57:29", "elapsed": 5528.492080211639, "delta": 26.838091135025024}, "costs": {"total_cost": 587.3527232641374, "time_cost": 107.345, "final_distance_cost": 1.7451158159453968, "oscillation_cost": 356.6985350266545, "completition_cost": 0.0, "overshoot_cost": 63.058054033306874, "power_cost": 31.915372277832034, "noise_cost": 26.59064611039854, "n_waypoints_completed": 9, "tot_waypoints": 9}}
{"target": -729.3171536565975, "params": {"k_pid_pos": [0.7427406850686185, 0.7719037891124172, 0.6224180488655694], "k_pid_alt": [1.9501837234884785, 0.836779385999988, 0.7708848440441054], "k_pid_att": [64.61144365804238, 3.4089637602239087, 0.10402292848699313], "k_pid_yaw": [0.5, 1e-06, 0.1], "k_pid_hsp": [6.472430149247731, 0.06892593225400934, 0.3988720862545836], "k_pid_vsp": [264.9725729457459, 143.5749790023866, 18.39673311181814]}, "datetime": {"datetime": "2025-08-11 17:57:59", "elapsed": 5559.072142124176, "delta": 30.58006191253662}, "costs": {"total_cost": 729.3171536565975, "time_cost": 119.301, "final_distance_cost": 1.7911471334862288, "oscillation_cost": 481.98142084613545, "completition_cost": 0.0, "overshoot_cost": 60.29930773565894, "power_cost": 35.60575166015625, "noise_cost": 30.33852628116074, "n_waypoints_completed": 9, "tot_waypoints": 9}}
{"target": -1235.4567995192072, "params": {"k_pid_pos": [0.08529633678833169, 0.30237375002319755, 0.3093774721400583], "k_pid_alt": [1.608539294292906, 0.6881892745740842, 0.5593344659195003], "k_pid_att": [58.1673350984553, 4.890148380095527, 0.9544144242448381], "k_pid_yaw": [0.5, 1e-06, 0.1], "k_pid_hsp": [4.702779884877765, 0.2303855907149045, 0.19359632272008975], "k_pid_vsp": [69.50773118985354, 313.192776839747, 37.892507984232516]}, "datetime": {"datetime": "2025-08-11 17:58:30", "elapsed": 5589.75288772583, "delta": 30.680745601654053}, "costs": {"total_cost": 1235.4567995192072, "time_cost": 150, "final_distance_cost": 51.40704136445638, "oscillation_cost": 472.53156249330226, "completition_cost": 444.4444444444444, "overshoot_cost": 55.80644411488905, "power_cost": 33.356891015625, "noise_cost": 27.91041608649015, "n_waypoints_completed": 5, "tot_waypoints": 9}}
{"target": -1826.88129112864, "params": {"k_pid_pos": [0.35796083747151647, 0.8701648809542771, 0.6815402370774973], "k_pid_alt": [1.88200581373651, 0.7124777455209842, 0.6304117791867891], "k_pid_att": [13.644788943748443, 4.581370423318048, 0.14675721736155323], "k_pid_yaw": [0.5, 1e-06, 0.1], "k_pid_hsp": [5.977776081366529, 0.24458251060953773, 0.28014720267182236], "k_pid_vsp": [263.83034794373503, 95.96691795089906, 342.60730290974084]}, "datetime": {"datetime": "2025-08-11 17:59:00", "elapsed": 5620.362510442734, "delta": 30.609622716903687}, "costs": {"total_cost": 1826.88129112864, "time_cost": 150, "final_distance_cost": 78.11691095140421, "oscillation_cost": 473.24092445987225, "completition_cost": 1000.0, "overshoot_cost": 61.70307324654432, "power_cost": 29.651718200683597, "noise_cost": 34.16866427013575, "n_waypoints_completed": 0, "tot_waypoints": 9}}
{"target": -1606.383901174493, "params": {"k_pid_pos": [0.09833369330805093, 0.555288390764236, 0.8055583351772376], "k_pid_alt": [0.09656509475505759, 0.6754805910723183, 0.4429197726915416], "k_pid_att": [30.656302921699808, 1.1926674024738977, 0.28674828168415767], "k_pid_yaw": [0.5, 1e-06, 0.1], "k_pid_hsp": [0.7752319288218983, 0.1874586260877401, 0.15378700168924575], "k_pid_vsp": [112.48771910054765, 185.9328242985151, 260.79441035793553]}, "datetime": {"datetime": "2025-08-11 17:59:32", "elapsed": 5651.436838626862, "delta": 31.074328184127808}, "costs": {"total_cost": 1606.383901174493, "time_cost": 150, "final_distance_cost": 94.79325923711647, "oscillation_cost": 464.49636416545945, "completition_cost": 777.7777777777778, "overshoot_cost": 56.30412521874099, "power_cost": 33.59337534179688, "noise_cost": 29.418999433601396, "n_waypoints_completed": 2, "tot_waypoints": 9}}
{"target": -720.2820424719704, "params": {"k_pid_pos": [1.4873329831272968, 0.39141381084078875, 0.6745514194630483], "k_pid_alt": [0.16482156315773433, 0.19803496206308535, 0.022227697540327274], "k_pid_att": [65.3985993574828, 1.932508656742371, 0.5489355797694527], "k_pid_yaw": [0.5, 1e-06, 0.1], "k_pid_hsp": [9.241186726577553, 0.7958652665393722, 0.6250437739998477], "k_pid_vsp": [158.3221703770608, 343.73142984442944, 289.0606330119938]}, "datetime": {"datetime": "2025-08-11 18:00:01", "elapsed": 5681.148363351822, "delta": 29.711524724960327}, "costs": {"total_cost": 720.2820424719704, "time_cost": 116.86500000000001, "final_distance_cost": 1.7576582523376254, "oscillation_cost": 468.7845903821081, "completition_cost": 0.0, "overshoot_cost": 70.44374090922592, "power_cost": 34.74313702392578, "noise_cost": 27.68791590437294, "n_waypoints_completed": 9, "tot_waypoints": 9}}
{"target": -544.7743934660983, "params": {"k_pid_pos": [0.3554670650057807, 1.0, 1.0], "k_pid_alt": [2.0, 0.0, 1.0], "k_pid_att": [31.16049351531129, 1.4903173380049934, 0.0], "k_pid_yaw": [0.5, 1e-06, 0.1], "k_pid_hsp": [4.834248157067339, 0.8991219895238503, 0.0], "k_pid_vsp": [231.9257448933252, 21.611968767716533, 38.93018649616552]}, "datetime": {"datetime": "2025-08-11 18:00:30", "elapsed": 5709.890177726746, "delta": 28.741814374923706}, "costs": {"total_cost": 544.7743934660983, "time_cost": 108.178, "final_distance_cost": 1.8021782948862717, "oscillation_cost": 323.1524115632666, "completition_cost": 0.0, "overshoot_cost": 55.37232863590202, "power_cost": 28.963061657714846, "noise_cost": 27.306413314328562, "n_waypoints_completed": 9, "tot_waypoints": 9}}
{"target": -1475.6863685468838, "params": {"k_pid_pos": [1.499817497296473, 0.9261755183365823, 0.11751265448549009], "k_pid_alt": [0.002350867532366907, 0.26490614112613997, 0.687394216702313], "k_pid_att": [41.07380274852262, 5.902378027101534, 0.7225652632549646], "k_pid_yaw": [0.5, 1e-06, 0.1], "k_pid_hsp": [0.5496290913079804, 0.08973493326945836, 0.5888560061327672], "k_pid_vsp": [191.92098955137925, 23.853499799065837, 16.90344117304794]}, "datetime": {"datetime": "2025-08-11 18:01:02", "elapsed": 5742.107620954514, "delta": 32.217443227767944}, "costs": {"total_cost": 1475.6863685468838, "time_cost": 150, "final_distance_cost": 77.92774095390331, "oscillation_cost": 221.11518461961126, "completition_cost": 888.8888888888888, "overshoot_cost": 72.0571344141211, "power_cost": 35.58205651855469, "noise_cost": 30.115363151804605, "n_waypoints_completed": 1, "tot_waypoints": 9}}
{"target": -1732.2142811419242, "params": {"k_pid_pos": [0.28012841620087525, 0.6358071648394241, 0.9826363824548963], "k_pid_alt": [0.5857996969555319, 0.30187387695595813, 0.8274565216857961], "k_pid_att": [79.8320153049662, 3.5858691977553794, 0.4380014913667316], "k_pid_yaw": [0.5, 1e-06, 0.1], "k_pid_hsp": [6.298380037850892, 0.812024410123698, 0.995079470551296], "k_pid_vsp": [104.48253842850494, 172.24498915407997, 329.50456477381726]}, "datetime": {"datetime": "2025-08-11 18:01:32", "elapsed": 5772.308802127838, "delta": 30.201181173324585}, "costs": {"total_cost": 1732.2142811419242, "time_cost": 150, "final_distance_cost": 69.72313095953001, "oscillation_cost": 517.854265925823, "completition_cost": 888.8888888888888, "overshoot_cost": 40.20288501548096, "power_cost": 36.2906623046875, "noise_cost": 29.2544480475139, "n_waypoints_completed": 1, "tot_waypoints": 9}}
{"target": -1775.710383912096, "params": {"k_pid_pos": [0.12977317069958166, 0.19750131251400427, 0.28090955643175186], "k_pid_alt": [1.0595384975285935, 0.34616162476968904, 0.2853587082707181], "k_pid_att": [81.13744856197647, 4.300839214383454, 0.46463831353010443], "k_pid_yaw": [0.5, 1e-06, 0.1], "k_pid_hsp": [6.910687161964472, 0.7057717644672136, 0.8690690245430653], "k_pid_vsp": [20.41062185771736, 213.1269087440104, 174.3920064102137]}, "datetime": {"datetime": "2025-08-11 18:02:03", "elapsed": 5802.42421746254, "delta": 30.115415334701538}, "costs": {"total_cost": 1775.710383912096, "time_cost": 150, "final_distance_cost": 75.0077879282032, "oscillation_cost": 751.9089370640453, "completition_cost": 666.6666666666667, "overshoot_cost": 68.54700051558535, "power_cost": 35.13095279541016, "noise_cost": 28.449038942185343, "n_waypoints_completed": 3, "tot_waypoints": 9}}
