{"target": -1241.8846786060396, "params": {"k_pid_pos": [0.832836846088187, 0.8406204555718505, 0.6042221443597284], "k_pid_alt": [0.09555684872306203, 0.5424008962608313, 0.7820912085681742], "k_pid_att": [43.50967959844264, 2.656271178294033, 0.5070773917223032], "k_pid_yaw": [0.5, 1e-06, 0.1], "k_pid_hsp": [7.579800262102988, 0.9289653162576383, 0.7462987565032324], "k_pid_vsp": [265.2989503053048, 305.4249618344444, 80.06679433317478]}, "datetime": {"datetime": "2025-08-12 00:50:32", "elapsed": 30311.427933216095, "delta": 35.939189195632935}, "costs": {"total_cost": 1241.8846786060396, "time_cost": 150, "final_distance_cost": 50.82934726699757, "oscillation_cost": 474.1624141430563, "completition_cost": 444.4444444444444, "overshoot_cost": 57.68997289346104, "power_cost": 34.64119954833985, "noise_cost": 30.117300309740344, "n_waypoints_completed": 5, "tot_waypoints": 9}}
{"target": -649.0956534671332, "params": {"k_pid_pos": [1.8110729453660692, 0.47663237939119774, 0.2517651003363077], "k_pid_alt": [1.0590365655400797, 0.42722662466982786, 0.30404539692960963], "k_pid_att": [45.955522873362575, 2.379382184474219, 0.7866538590086757], "k_pid_yaw": [0.5, 1e-06, 0.1], "k_pid_hsp": [1.839043377339254, 0.926402017258976, 0.8175592342227359], "k_pid_vsp": [123.640776473631, 96.43607387144017, 57.884643520250705]}, "datetime": {"datetime": "2025-08-12 00:51:06", "elapsed": 30346.20416378975, "delta": 34.776230573654175}, "costs": {"total_cost": 649.0956534671332, "time_cost": 150, "final_distance_cost": 60.24025720565054, "oscillation_cost": 184.51734602808088, "completition_cost": 111.11111111111116, "overshoot_cost": 76.47978259249861, "power_cost": 36.23440661621094, "noise_cost": 30.512749913581143, "n_waypoints_completed": 8, "tot_waypoints": 9}}
{"target": -525.109795566521, "params": {"k_pid_pos": [1.249212451546603, 0.23603243344838698, 0.1906220051745714], "k_pid_alt": [1.152469360606189, 0.16546686326242577, 0.9002101339791974], "k_pid_att": [54.0697500259089, 5.938060233659848, 0.9469377929930141], "k_pid_yaw": [0.5, 1e-06, 0.1], "k_pid_hsp": [2.178938467822885, 0.4276426809575019, 0.1730824606891317], "k_pid_vsp": [117.98381369369908, 91.91875892172892, 59.15520055521172]}, "datetime": {"datetime": "2025-08-12 00:51:37", "elapsed": 30377.28960609436, "delta": 31.085442304611206}, "costs": {"total_cost": 525.109795566521, "time_cost": 106.505, "final_distance_cost": 1.727312322963428, "oscillation_cost": 306.53660024076305, "completition_cost": 0.0, "overshoot_cost": 53.28431537327867, "power_cost": 31.190322851562502, "noise_cost": 25.866244777953387, "n_waypoints_completed": 9, "tot_waypoints": 9}}
{"target": -590.8004758710845, "params": {"k_pid_pos": [0.9540648548997612, 0.0, 0.15363249066037357], "k_pid_alt": [0.9836561508580821, 1.0, 0.25938443620977625], "k_pid_att": [55.62204144095247, 7.005464747004573, 0.8957863497205741], "k_pid_yaw": [0.5, 1e-06, 0.1], "k_pid_hsp": [5.2599280695283985, 0.2453006820599966, 0.7133053907008581], "k_pid_vsp": [204.01732021901017, 251.42415456448305, 231.76541413310815]}, "datetime": {"datetime": "2025-08-12 00:52:07", "elapsed": 30406.954397916794, "delta": 29.66479182243347}, "costs": {"total_cost": 590.8004758710845, "time_cost": 101.892, "final_distance_cost": 1.766035991305793, "oscillation_cost": 362.21963751947305, "completition_cost": 0.0, "overshoot_cost": 71.47937145296453, "power_cost": 29.108076647949222, "noise_cost": 24.335354259391817, "n_waypoints_completed": 9, "tot_waypoints": 9}}
{"target": -839.0125611573648, "params": {"k_pid_pos": [1.9734852421802709, 0.39462004180114807, 0.5461817914634077], "k_pid_alt": [1.3798321602691215, 0.6364885375719352, 0.9336264982157995], "k_pid_att": [56.985165294164666, 4.370452651363466, 0.3920773546190044], "k_pid_yaw": [0.5, 1e-06, 0.1], "k_pid_hsp": [0.8178970873331087, 0.13762564616178963, 0.7809462464781426], "k_pid_vsp": [391.36937703540127, 112.10068450663647, 94.8023778727482]}, "datetime": {"datetime": "2025-08-12 00:52:41", "elapsed": 30441.262897253036, "delta": 34.308499336242676}, "costs": {"total_cost": 839.0125611573648, "time_cost": 150, "final_distance_cost": 74.47763342204202, "oscillation_cost": 369.98287461804705, "completition_cost": 111.11111111111116, "overshoot_cost": 67.62872998758357, "power_cost": 35.95015756835938, "noise_cost": 29.862054450221578, "n_waypoints_completed": 8, "tot_waypoints": 9}}
{"target": -326.1149420075559, "params": {"k_pid_pos": [1.3632779941551572, 1.0, 0.0], "k_pid_alt": [2.0, 0.0, 0.0], "k_pid_att": [51.77909095147259, 0.0001, 0.569221407608072], "k_pid_yaw": [0.5, 1e-06, 0.1], "k_pid_hsp": [1.3879052335308188, 1.0, 0.0], "k_pid_vsp": [206.95248558888082, 240.18452563337033, 126.89052198391707]}, "datetime": {"datetime": "2025-08-12 00:53:15", "elapsed": 30474.413179159164, "delta": 33.15028190612793}, "costs": {"total_cost": 326.1149420075559, "time_cost": 113.015, "final_distance_cost": 1.7693512138651244, "oscillation_cost": 72.2659189592378, "completition_cost": 0.0, "overshoot_cost": 68.72185708907827, "power_cost": 32.23122670898438, "noise_cost": 38.11158803639037, "n_waypoints_completed": 9, "tot_waypoints": 9}}
{"target": -373.54670833713857, "params": {"k_pid_pos": [1.866022820343151, 0.033264057776210554, 0.002283892129949283], "k_pid_alt": [0.05777107175779417, 0.5525447201086352, 0.10918968426087838], "k_pid_att": [9.464702499420563, 4.065133248671652, 0.39391446567777166], "k_pid_yaw": [0.5, 1e-06, 0.1], "k_pid_hsp": [3.4743483933655166, 0.9828417637202989, 0.08657271777610254], "k_pid_vsp": [274.8188792272066, 363.2429645344198, 27.011385166733312]}, "datetime": {"datetime": "2025-08-12 00:53:47", "elapsed": 30506.47569513321, "delta": 32.0625159740448}, "costs": {"total_cost": 373.54670833713857, "time_cost": 113.62400000000001, "final_distance_cost": 1.7565597853615875, "oscillation_cost": 132.48516804923673, "completition_cost": 0.0, "overshoot_cost": 64.85816477127808, "power_cost": 30.25713515625, "noise_cost": 30.565680575012163, "n_waypoints_completed": 9, "tot_waypoints": 9}}
{"target": -464.9979899040142, "params": {"k_pid_pos": [1.281281943690018, 0.6425174702524398, 0.5799516988789246], "k_pid_alt": [1.1764624213991128, 0.4159826902372041, 0.7143310357429249], "k_pid_att": [54.018058459622054, 3.803448141459602, 0.5994749875312362], "k_pid_yaw": [0.5, 1e-06, 0.1], "k_pid_hsp": [6.625041301418694, 0.7091405626481929, 0.44025266613243197], "k_pid_vsp": [395.07762250758753, 114.57094275072618, 92.94696650372126]}, "datetime": {"datetime": "2025-08-12 00:54:12", "elapsed": 30531.96318268776, "delta": 25.48748755455017}, "costs": {"total_cost": 464.9979899040142, "time_cost": 81.914, "final_distance_cost": 1.7892693823257888, "oscillation_cost": 283.94692273764707, "completition_cost": 0.0, "overshoot_cost": 52.13890867825816, "power_cost": 24.490852563476565, "noise_cost": 20.718036542306628, "n_waypoints_completed": 9, "tot_waypoints": 9}}
{"target": -490.42524284043935, "params": {"k_pid_pos": [1.9348724935231911, 1.0, 1.0], "k_pid_alt": [0.0, 0.17332546962841136, 1.0], "k_pid_att": [25.446624705154218, 0.0001, 1.0], "k_pid_yaw": [0.5, 1e-06, 0.1], "k_pid_hsp": [5.2511233417885075, 0.0, 0.0], "k_pid_vsp": [220.64723223256107, 334.48572953566173, 137.6987754951774]}, "datetime": {"datetime": "2025-08-12 00:54:47", "elapsed": 30567.371741056442, "delta": 35.40855836868286}, "costs": {"total_cost": 490.42524284043935, "time_cost": 150, "final_distance_cost": 51.07125044178593, "oscillation_cost": 53.86996652930776, "completition_cost": 111.11111111111116, "overshoot_cost": 63.26118639260185, "power_cost": 30.87837421875, "noise_cost": 30.23335414688261, "n_waypoints_completed": 8, "tot_waypoints": 9}}
{"target": -550.8268715754684, "params": {"k_pid_pos": [1.3215889004719508, 0.5099615538418898, 0.3725562872690851], "k_pid_alt": [1.654491345351171, 0.7999043312029752, 0.6523426016349826], "k_pid_att": [33.784038019575334, 3.3623028264385053, 0.22573604566945016], "k_pid_yaw": [0.5, 1e-06, 0.1], "k_pid_hsp": [9.592967553788137, 0.25803691397405193, 0.2877014228901096], "k_pid_vsp": [336.8639491004553, 285.67677974058546, 234.1755289261294]}, "datetime": {"datetime": "2025-08-12 00:55:16", "elapsed": 30595.8221848011, "delta": 28.450443744659424}, "costs": {"total_cost": 550.8268715754684, "time_cost": 98.203, "final_distance_cost": 1.7628722252545699, "oscillation_cost": 340.28348068190667, "completition_cost": 0.0, "overshoot_cost": 56.84469638586323, "power_cost": 28.9267796875, "noise_cost": 24.806042594943914, "n_waypoints_completed": 9, "tot_waypoints": 9}}
{"target": -649.8870834758517, "params": {"k_pid_pos": [1.3313685722193322, 0.15619551290050426, 0.22258756156188897], "k_pid_alt": [0.4972616060544073, 0.6387781627705925, 0.29928929061444665], "k_pid_att": [30.65772144082809, 2.6897506959764104, 0.9392556163502622], "k_pid_yaw": [0.5, 1e-06, 0.1], "k_pid_hsp": [4.249168846886534, 0.24568493632491928, 0.7582727504342698], "k_pid_vsp": [331.66222631172275, 292.86621864256927, 230.47295773438364]}, "datetime": {"datetime": "2025-08-12 00:55:49", "elapsed": 30629.300889253616, "delta": 33.47870445251465}, "costs": {"total_cost": 649.8870834758517, "time_cost": 117.327, "final_distance_cost": 1.7496008283696785, "oscillation_cost": 402.8133428831723, "completition_cost": 0.0, "overshoot_cost": 65.04516005187216, "power_cost": 32.93862358398437, "noise_cost": 30.013356128453168, "n_waypoints_completed": 9, "tot_waypoints": 9}}
{"target": -458.4199037626428, "params": {"k_pid_pos": [0.555165851239274, 0.0, 0.20591030183975473], "k_pid_alt": [2.0, 0.20635090846805254, 0.8321632642442579], "k_pid_att": [32.686328041032844, 5.5524572270593175, 0.9726562632885187], "k_pid_yaw": [0.5, 1e-06, 0.1], "k_pid_hsp": [10.0, 0.40939233143630044, 0.7396935873849538], "k_pid_vsp": [283.90673286300057, 348.4665952921506, 26.74327440537288]}, "datetime": {"datetime": "2025-08-12 00:56:19", "elapsed": 30658.57994413376, "delta": 29.279054880142212}, "costs": {"total_cost": 458.4199037626428, "time_cost": 88.83, "final_distance_cost": 1.8302218131578076, "oscillation_cost": 269.9977024388844, "completition_cost": 0.0, "overshoot_cost": 52.679089713700854, "power_cost": 23.648006933593752, "noise_cost": 21.434882863305923, "n_waypoints_completed": 9, "tot_waypoints": 9}}
{"target": -534.0378272900057, "params": {"k_pid_pos": [1.168722113305598, 0.06374556610488646, 0.21391752303865674], "k_pid_alt": [0.6445627326926455, 0.7499602678260122, 0.4918282998009683], "k_pid_att": [55.46710534430957, 0.5833023309679872, 0.8801681892019437], "k_pid_yaw": [0.5, 1e-06, 0.1], "k_pid_hsp": [5.026420581471561, 0.7862608775731371, 0.7804453004923672], "k_pid_vsp": [213.28858531705427, 112.06995138271088, 38.94790149971491]}, "datetime": {"datetime": "2025-08-12 00:56:50", "elapsed": 30689.593079805374, "delta": 31.0131356716156}, "costs": {"total_cost": 534.0378272900057, "time_cost": 101.997, "final_distance_cost": 1.767513895015342, "oscillation_cost": 315.9249906720876, "completition_cost": 0.0, "overshoot_cost": 60.61781270851618, "power_cost": 29.133535791015625, "noise_cost": 24.596974223370953, "n_waypoints_completed": 9, "tot_waypoints": 9}}
{"target": -1388.9158894407444, "params": {"k_pid_pos": [1.8835652118973956, 0.3776179817379157, 0.7422918540964403], "k_pid_alt": [0.5435851572058881, 0.34956072888102085, 0.7688961895154067], "k_pid_att": [7.590092948602656, 8.671899481039333, 0.06632391146933647], "k_pid_yaw": [0.5, 1e-06, 0.1], "k_pid_hsp": [0.7647589879220653, 0.7369802905383874, 0.4334854811920552], "k_pid_vsp": [301.22018589648644, 396.74133417355534, 249.12862076685136]}, "datetime": {"datetime": "2025-08-12 00:57:24", "elapsed": 30723.9981071949, "delta": 34.40502738952637}, "costs": {"total_cost": 1388.9158894407444, "time_cost": 150, "final_distance_cost": 56.3836271384947, "oscillation_cost": 398.9859559039376, "completition_cost": 666.6666666666667, "overshoot_cost": 52.689903037072284, "power_cost": 33.40834008789063, "noise_cost": 30.781396606682478, "n_waypoints_completed": 3, "tot_waypoints": 9}}
{"target": -479.26867615853973, "params": {"k_pid_pos": [0.2373741823906487, 0.5360458544100787, 0.2419622326189661], "k_pid_alt": [1.9026195999779414, 0.05485801054609851, 0.3546338695116198], "k_pid_att": [42.4778890822198, 4.859359710468966, 0.5994617361089849], "k_pid_yaw": [0.5, 1e-06, 0.1], "k_pid_hsp": [0.37724908477452823, 0.8910105414497291, 0.8664155547072943], "k_pid_vsp": [270.1995253844025, 309.7925283227512, 74.0274385262618]}, "datetime": {"datetime": "2025-08-12 00:57:59", "elapsed": 30758.609090328217, "delta": 34.61098313331604}, "costs": {"total_cost": 479.26867615853973, "time_cost": 113.36500000000001, "final_distance_cost": 1.827140776323901, "oscillation_cost": 228.7861862199946, "completition_cost": 0.0, "overshoot_cost": 73.73957216758093, "power_cost": 33.83458439941406, "noise_cost": 27.716192595226246, "n_waypoints_completed": 9, "tot_waypoints": 9}}
{"target": -260.7525963723674, "params": {"k_pid_pos": [1.3374729433170658, 0.49693257368001664, 0.6279120404373273], "k_pid_alt": [1.3481218590097053, 0.8686315425976944, 0.47203823878674767], "k_pid_att": [42.39505695493837, 5.4740845035514685, 0.812415571714012], "k_pid_yaw": [0.5, 1e-06, 0.1], "k_pid_hsp": [6.376931973208383, 0.9027440827430454, 0.0032578959689018028], "k_pid_vsp": [269.91592331657046, 311.11918823800596, 78.01830541720705]}, "datetime": {"datetime": "2025-08-12 00:58:28", "elapsed": 30787.842760324478, "delta": 29.233669996261597}, "costs": {"total_cost": 260.7525963723674, "time_cost": 89.306, "final_distance_cost": 1.7929637304423136, "oscillation_cost": 71.0362578185774, "completition_cost": 0.0, "overshoot_cost": 53.812495582654904, "power_cost": 23.462071032714846, "noise_cost": 21.342808207977935, "n_waypoints_completed": 9, "tot_waypoints": 9}}
{"target": -1027.5711122136859, "params": {"k_pid_pos": [1.942829950677497, 0.44528095269603374, 0.8133172895852058], "k_pid_alt": [0.38702639768219305, 0.5146278700695984, 0.43104105349922206], "k_pid_att": [34.35395038472573, 1.3388362163027998, 0.5891638523365438], "k_pid_yaw": [0.5, 1e-06, 0.1], "k_pid_hsp": [4.188572474059093, 0.33498954119903734, 0.9051250604672954], "k_pid_vsp": [264.6298016944961, 305.5976159957068, 72.4808604788478]}, "datetime": {"datetime": "2025-08-12 00:59:04", "elapsed": 30824.37016558647, "delta": 36.52740526199341}, "costs": {"total_cost": 1027.5711122136859, "time_cost": 150, "final_distance_cost": 65.71622685320249, "oscillation_cost": 356.7512436510597, "completition_cost": 333.33333333333337, "overshoot_cost": 55.439563970905205, "power_cost": 35.62656385498047, "noise_cost": 30.704180550204644, "n_waypoints_completed": 6, "tot_waypoints": 9}}
{"target": -854.2075915188135, "params": {"k_pid_pos": [0.5526677043780155, 0.49046519579372994, 0.7985981615118012], "k_pid_alt": [0.26353397799628775, 0.41220172741930783, 0.6040492307884351], "k_pid_att": [7.90070336742843, 6.856417825651447, 0.24193864696625744], "k_pid_yaw": [0.5, 1e-06, 0.1], "k_pid_hsp": [3.304184926594903, 0.5019581830802935, 0.26906494549148785], "k_pid_vsp": [252.9471616698319, 266.2309353845005, 15.680043620078097]}, "datetime": {"datetime": "2025-08-12 00:59:39", "elapsed": 30858.487535238266, "delta": 34.117369651794434}, "costs": {"total_cost": 854.2075915188135, "time_cost": 150, "final_distance_cost": 72.9363006662076, "oscillation_cost": 297.7724970669482, "completition_cost": 222.2222222222222, "overshoot_cost": 51.28606781701081, "power_cost": 29.935242492675783, "noise_cost": 30.05526125374897, "n_waypoints_completed": 7, "tot_waypoints": 9}}
{"target": -516.25408953662, "params": {"k_pid_pos": [1.2621173602903142, 0.9700966849395694, 0.8230344525725746], "k_pid_alt": [1.6747212666463307, 0.11711639302207377, 0.27601942878580654], "k_pid_att": [16.489746943154827, 5.891011170995117, 0.7628217355287775], "k_pid_yaw": [0.5, 1e-06, 0.1], "k_pid_hsp": [7.887837778319021, 0.7542140682208293, 0.8230116187272789], "k_pid_vsp": [76.95454704103794, 203.84785119522462, 46.98430518023331]}, "datetime": {"datetime": "2025-08-12 01:00:11", "elapsed": 30890.77882027626, "delta": 32.291285037994385}, "costs": {"total_cost": 516.25408953662, "time_cost": 114.471, "final_distance_cost": 1.7684301542877592, "oscillation_cost": 288.593654376763, "completition_cost": 0.0, "overshoot_cost": 53.21898271340016, "power_cost": 30.768715332031253, "noise_cost": 27.43330696013781, "n_waypoints_completed": 9, "tot_waypoints": 9}}
{"target": -974.9383452106667, "params": {"k_pid_pos": [0.7800340222535949, 0.9593515475161403, 0.8134027839460047], "k_pid_alt": [1.2028557255157575, 0.9346477305700552, 0.5605391134438921], "k_pid_att": [4.996100210681986, 4.833861120412415, 0.09826692635069156], "k_pid_yaw": [0.5, 1e-06, 0.1], "k_pid_hsp": [7.809148210670103, 0.2372949187645932, 0.7595740087997995], "k_pid_vsp": [293.98679206133926, 359.6032037561887, 88.24237895301222]}, "datetime": {"datetime": "2025-08-12 01:00:45", "elapsed": 30924.895730495453, "delta": 34.116910219192505}, "costs": {"total_cost": 974.9383452106667, "time_cost": 150, "final_distance_cost": 79.03979782018618, "oscillation_cost": 303.8013670910801, "completition_cost": 333.33333333333337, "overshoot_cost": 49.34597062861342, "power_cost": 30.907815515136722, "noise_cost": 28.510060822316976, "n_waypoints_completed": 6, "tot_waypoints": 9}}
{"target": -716.4069523202521, "params": {"k_pid_pos": [0.9462731075297531, 0.8035671708719743, 0.3813073989897986], "k_pid_alt": [1.9172751689155245, 0.1249399363393704, 0.6319424014600338], "k_pid_att": [39.574014519703546, 7.656949427882544, 0.4577188171223425], "k_pid_yaw": [0.5, 1e-06, 0.1], "k_pid_hsp": [4.973099898569751, 0.39260450159558125, 0.7557802114890044], "k_pid_vsp": [221.03845579508618, 327.975089798494, 20.43073315342437]}, "datetime": {"datetime": "2025-08-12 01:01:21", "elapsed": 30960.38340997696, "delta": 35.48767948150635}, "costs": {"total_cost": 716.4069523202521, "time_cost": 150, "final_distance_cost": 10.655363140082562, "oscillation_cost": 324.4258973519844, "completition_cost": 111.11111111111116, "overshoot_cost": 55.08218453390299, "power_cost": 35.36064818115234, "noise_cost": 29.771748002018644, "n_waypoints_completed": 8, "tot_waypoints": 9}}
{"target": -1001.5362286799092, "params": {"k_pid_pos": [0.19538453550477367, 0.566253946668226, 0.5171213598731365], "k_pid_alt": [1.8516733894650683, 0.7063546996892945, 0.5545797055466917], "k_pid_att": [30.01904061758043, 5.61985608165695, 0.538458640668166], "k_pid_yaw": [0.5, 1e-06, 0.1], "k_pid_hsp": [8.373879864904763, 0.7163747092035443, 0.6331888910309692], "k_pid_vsp": [226.74990444075868, 279.54380277195804, 71.26584167964353]}, "datetime": {"datetime": "2025-08-12 01:01:55", "elapsed": 30994.56726360321, "delta": 34.18385362625122}, "costs": {"total_cost": 1001.5362286799092, "time_cost": 150, "final_distance_cost": 74.0928707016511, "oscillation_cost": 443.8509610408463, "completition_cost": 222.2222222222222, "overshoot_cost": 49.6621731543172, "power_cost": 33.29568940429688, "noise_cost": 28.412312156575496, "n_waypoints_completed": 7, "tot_waypoints": 9}}
{"target": -582.320712251501, "params": {"k_pid_pos": [1.1401741119501565, 0.12212056375184022, 0.30202223313601895], "k_pid_alt": [0.16792496699471804, 0.11551860311634488, 0.7108487555976997], "k_pid_att": [39.240180121822064, 4.0532424154616695, 0.6988958406516509], "k_pid_yaw": [0.5, 1e-06, 0.1], "k_pid_hsp": [8.092466747098923, 0.5126892607586414, 0.7181970409379702], "k_pid_vsp": [341.1189498972877, 281.0777763592421, 237.7803923751464]}, "datetime": {"datetime": "2025-08-12 01:02:25", "elapsed": 31025.01249217987, "delta": 30.445228576660156}, "costs": {"total_cost": 582.320712251501, "time_cost": 103.642, "final_distance_cost": 1.8131245687387334, "oscillation_cost": 361.5519565183839, "completition_cost": 0.0, "overshoot_cost": 60.44927193491105, "power_cost": 29.66842331542969, "noise_cost": 25.195935914037754, "n_waypoints_completed": 9, "tot_waypoints": 9}}
{"target": -1885.896336412518, "params": {"k_pid_pos": [0.0001, 0.0, 0.23632209481765792], "k_pid_alt": [2.0, 0.0, 1.0], "k_pid_att": [34.28235698678015, 9.965493348359107, 1.0], "k_pid_yaw": [0.5, 1e-06, 0.1], "k_pid_hsp": [10.0, 0.05126305318113589, 1.0], "k_pid_vsp": [287.21397759827533, 348.3255537941927, 28.735090315430433]}, "datetime": {"datetime": "2025-08-12 01:03:05", "elapsed": 31064.92707824707, "delta": 39.91458606719971}, "costs": {"total_cost": 1885.896336412518, "time_cost": 150, "final_distance_cost": 45.82356988078653, "oscillation_cost": 594.784455801894, "completition_cost": 1000.0, "overshoot_cost": 34.78592206289739, "power_cost": 33.09736776123047, "noise_cost": 27.405020905709485, "n_waypoints_completed": 0, "tot_waypoints": 9}}
{"target": -863.1461700582555, "params": {"k_pid_pos": [0.20155253221092104, 0.4403793034175838, 0.1852564943992525], "k_pid_alt": [1.4715490879253663, 0.07826774332723074, 0.4429464092851031], "k_pid_att": [48.764928096208116, 8.543129316867939, 0.8689288148741864], "k_pid_yaw": [0.5, 1e-06, 0.1], "k_pid_hsp": [8.98408092835783, 0.8054817115282871, 0.9843521920830622], "k_pid_vsp": [272.3338025080475, 313.0511689617111, 80.959891052735]}, "datetime": {"datetime": "2025-08-12 01:03:40", "elapsed": 31099.783171653748, "delta": 34.856093406677246}, "costs": {"total_cost": 863.1461700582555, "time_cost": 150, "final_distance_cost": 69.19389338489535, "oscillation_cost": 312.86470855116363, "completition_cost": 222.2222222222222, "overshoot_cost": 47.780441969145535, "power_cost": 33.224364318847655, "noise_cost": 27.860539611981316, "n_waypoints_completed": 7, "tot_waypoints": 9}}
