{"target": -488.3932686660338, "params": {"k_pid_pos": [2.0, 1.0, 1.0], "k_pid_alt": [2.0, 1.0, 1.0], "k_pid_att": [39.72961783611504, 0.0001, 0.0], "k_pid_yaw": [0.5, 1e-06, 0.1], "k_pid_hsp": [8.233111773438733, 0.0, 0.0], "k_pid_vsp": [121.09320561182322, 378.1820958210952, 112.37454604069657]}, "datetime": {"datetime": "2025-08-12 09:47:37", "elapsed": 62536.822879076004, "delta": 35.874171018600464}, "costs": {"total_cost": 488.3932686660338, "time_cost": 87.164, "final_distance_cost": 1.7515208869814982, "oscillation_cost": 298.94900210357326, "completition_cost": 0.0, "overshoot_cost": 54.122683608171236, "power_cost": 24.131227648925783, "noise_cost": 22.274834418382007, "n_waypoints_completed": 9, "tot_waypoints": 9}}
{"target": -925.6737850529832, "params": {"k_pid_pos": [0.5164080781088627, 0.24873668149275563, 0.3244026459227771], "k_pid_alt": [0.15024969096899277, 0.7405815618337934, 0.9155373673421873], "k_pid_att": [28.62856973624337, 9.298223200841646, 0.059818814230082284], "k_pid_yaw": [0.5, 1e-06, 0.1], "k_pid_hsp": [4.508843868775413, 0.9966137474810579, 0.527631401469253], "k_pid_vsp": [365.2333171167266, 247.8696749599781, 224.3058203284007]}, "datetime": {"datetime": "2025-08-12 09:48:29", "elapsed": 62589.25231337547, "delta": 52.429434299468994}, "costs": {"total_cost": 925.6737850529832, "time_cost": 150, "final_distance_cost": 38.01144826824254, "oscillation_cost": 497.04263813416384, "completition_cost": 111.11111111111116, "overshoot_cost": 65.56952245068072, "power_cost": 33.971691357421875, "noise_cost": 29.967373731363043, "n_waypoints_completed": 8, "tot_waypoints": 9}}
{"target": -524.5544711256191, "params": {"k_pid_pos": [1.3864299298877505, 0.3369786734959629, 0.76731645797212], "k_pid_alt": [1.284331945091438, 0.07763028208358491, 0.8353415138100111], "k_pid_att": [9.594284839676458, 7.915623355050384, 0.4285706661230104], "k_pid_yaw": [0.5, 1e-06, 0.1], "k_pid_hsp": [9.792460125703881, 0.7171601603870287, 0.7075918193556315], "k_pid_vsp": [298.77113463336144, 296.4971341923153, 179.4580432757947]}, "datetime": {"datetime": "2025-08-12 09:49:04", "elapsed": 62624.18888449669, "delta": 34.93657112121582}, "costs": {"total_cost": 524.5544711256191, "time_cost": 105.616, "final_distance_cost": 1.7914424355375753, "oscillation_cost": 306.60571248723375, "completition_cost": 0.0, "overshoot_cost": 55.722428628826655, "power_cost": 29.51524031982422, "noise_cost": 25.303647254196935, "n_waypoints_completed": 9, "tot_waypoints": 9}}
{"target": -755.3115987349693, "params": {"k_pid_pos": [2.0, 1.0, 1.0], "k_pid_alt": [0.0, 1.0, 0.0], "k_pid_att": [47.520370520146294, 4.409716442176537, 1.0], "k_pid_yaw": [0.5, 1e-06, 0.1], "k_pid_hsp": [7.916647776818298, 1.0, 0.0], "k_pid_vsp": [210.60038443650126, 221.15947344676988, 119.33155230590519]}, "datetime": {"datetime": "2025-08-12 09:49:44", "elapsed": 62663.67767119408, "delta": 39.488786697387695}, "costs": {"total_cost": 755.3115987349693, "time_cost": 150, "final_distance_cost": 79.69174574982745, "oscillation_cost": 175.94385275244008, "completition_cost": 222.2222222222222, "overshoot_cost": 66.0029603877976, "power_cost": 31.93812430419922, "noise_cost": 29.512693318482942, "n_waypoints_completed": 7, "tot_waypoints": 9}}
{"target": -358.68171561870287, "params": {"k_pid_pos": [1.364036995962242, 0.4941947084641447, 0.7991258104925737], "k_pid_alt": [0.4435386448384273, 0.13210081934870854, 0.9688176655912117], "k_pid_att": [6.667644138619666, 9.892171677650504, 0.6683335657710947], "k_pid_yaw": [0.5, 1e-06, 0.1], "k_pid_hsp": [5.374997994179006, 0.7389351318458368, 0.17345672870619178], "k_pid_vsp": [232.51167698512236, 278.9774273106391, 17.126618650488602]}, "datetime": {"datetime": "2025-08-12 09:50:33", "elapsed": 62712.48017382622, "delta": 48.80250263214111}, "costs": {"total_cost": 358.68171561870287, "time_cost": 108.822, "final_distance_cost": 1.7616670623428623, "oscillation_cost": 138.20765593115854, "completition_cost": 0.0, "overshoot_cost": 54.65525799836696, "power_cost": 28.198817919921876, "noise_cost": 27.036316706912654, "n_waypoints_completed": 9, "tot_waypoints": 9}}
{"target": -625.0868951789588, "params": {"k_pid_pos": [1.177218856587765, 0.5345176698635584, 0.0], "k_pid_alt": [0.1925684272547619, 0.21382749559443257, 0.48044460187117244], "k_pid_att": [20.85766110222736, 0.0001, 0.3712925420451745], "k_pid_yaw": [0.5, 1e-06, 0.1], "k_pid_hsp": [7.944805504158478, 0.7814987122450557, 0.0], "k_pid_vsp": [299.95016727728233, 310.2644082824256, 164.1523037463152]}, "datetime": {"datetime": "2025-08-12 09:51:17", "elapsed": 62757.07373714447, "delta": 44.59356331825256}, "costs": {"total_cost": 625.0868951789588, "time_cost": 150, "final_distance_cost": 64.76562931161396, "oscillation_cost": 68.65831276621992, "completition_cost": 222.2222222222222, "overshoot_cost": 56.57948851907286, "power_cost": 32.24918641357422, "noise_cost": 30.612055946255758, "n_waypoints_completed": 7, "tot_waypoints": 9}}
{"target": -469.33210603874414, "params": {"k_pid_pos": [1.6570327982305888, 0.04682235904743326, 0.6831857146651866], "k_pid_alt": [1.4251123276446354, 0.05597950373728544, 0.880104231826343], "k_pid_att": [33.8630862854666, 3.8808758353398822, 0.4158748122428908], "k_pid_yaw": [0.5, 1e-06, 0.1], "k_pid_hsp": [6.561449985602881, 0.44247836138269925, 0.6454589866231769], "k_pid_vsp": [283.4005523598771, 339.80801110189196, 25.454570575244485]}, "datetime": {"datetime": "2025-08-12 09:51:48", "elapsed": 62787.70201587677, "delta": 30.628278732299805}, "costs": {"total_cost": 469.33210603874414, "time_cost": 81.795, "final_distance_cost": 1.7738069225600537, "oscillation_cost": 289.141708009303, "completition_cost": 0.0, "overshoot_cost": 51.426380336274406, "power_cost": 23.939165539550782, "noise_cost": 21.256045231055914, "n_waypoints_completed": 9, "tot_waypoints": 9}}
{"target": -780.5145018987154, "params": {"k_pid_pos": [1.0710327012232894, 0.43848062954338063, 0.05040794942537796], "k_pid_alt": [1.1650207227988576, 0.7689059625010028, 0.9505957554500452], "k_pid_att": [24.044336284853152, 6.235568735013595, 0.3112480179208036], "k_pid_yaw": [0.5, 1e-06, 0.1], "k_pid_hsp": [1.3738690104716476, 0.9309596494768583, 0.33993417802764403], "k_pid_vsp": [325.41938391782736, 280.8265185413053, 233.46055664729582]}, "datetime": {"datetime": "2025-08-12 09:52:40", "elapsed": 62839.689782619476, "delta": 51.9877667427063}, "costs": {"total_cost": 780.5145018987154, "time_cost": 150, "final_distance_cost": 62.33003971667334, "oscillation_cost": 219.47516979356803, "completition_cost": 222.2222222222222, "overshoot_cost": 58.966364638444176, "power_cost": 36.069520837402344, "noise_cost": 31.451184690405242, "n_waypoints_completed": 7, "tot_waypoints": 9}}
{"target": -469.3477859151394, "params": {"k_pid_pos": [2.0, 1.0, 0.0], "k_pid_alt": [2.0, 1.0, 1.0], "k_pid_att": [34.21024205399144, 8.29499103249763, 1.0], "k_pid_yaw": [0.5, 1e-06, 0.1], "k_pid_hsp": [6.848904765428994, 0.0, 0.0], "k_pid_vsp": [24.99789294925379, 395.25108820798977, 59.68884744729824]}, "datetime": {"datetime": "2025-08-12 09:53:32", "elapsed": 62891.742641448975, "delta": 52.05285882949829}, "costs": {"total_cost": 469.3477859151394, "time_cost": 150, "final_distance_cost": 3.035883369660085, "oscillation_cost": 73.43360874974492, "completition_cost": 111.11111111111116, "overshoot_cost": 69.56307400662848, "power_cost": 33.03686820068359, "noise_cost": 29.167240477311196, "n_waypoints_completed": 8, "tot_waypoints": 9}}
{"target": -953.8149738845901, "params": {"k_pid_pos": [0.1735266686926308, 0.7038379764054213, 0.642635483231996], "k_pid_alt": [1.3883039482873438, 0.7110828520129363, 0.08980398821152291], "k_pid_att": [15.773755826487001, 9.464913546423107, 0.7392206842808797], "k_pid_yaw": [0.5, 1e-06, 0.1], "k_pid_hsp": [1.93190168284095, 0.11406460240726579, 0.49356369575735215], "k_pid_vsp": [191.1438505477103, 324.05288005814566, 13.382945570058006]}, "datetime": {"datetime": "2025-08-12 09:54:16", "elapsed": 62936.150601148605, "delta": 44.40795969963074}, "costs": {"total_cost": 953.8149738845901, "time_cost": 150, "final_distance_cost": 64.60932679129687, "oscillation_cost": 288.92538216944365, "completition_cost": 333.33333333333337, "overshoot_cost": 54.583842962277586, "power_cost": 32.48499022216797, "noise_cost": 29.87809840607067, "n_waypoints_completed": 6, "tot_waypoints": 9}}
{"target": -482.3804596698757, "params": {"k_pid_pos": [1.137164631076509, 0.16876835510029065, 0.4139297910196721], "k_pid_alt": [0.6616051359877866, 0.9150837787305802, 0.1980270002878296], "k_pid_att": [14.768445322106427, 4.716794897764784, 0.6323838155020209], "k_pid_yaw": [0.5, 1e-06, 0.1], "k_pid_hsp": [3.3724309654275326, 0.34392623199386063, 0.6825874299568139], "k_pid_vsp": [285.06511544515524, 341.30233244770994, 151.2991703666216]}, "datetime": {"datetime": "2025-08-12 09:54:50", "elapsed": 62969.54921030998, "delta": 33.39860916137695}, "costs": {"total_cost": 482.3804596698757, "time_cost": 98.595, "final_distance_cost": 1.786582246330723, "oscillation_cost": 271.0026136984596, "completition_cost": 0.0, "overshoot_cost": 62.17913062749425, "power_cost": 25.455225708007813, "noise_cost": 23.36190738958333, "n_waypoints_completed": 9, "tot_waypoints": 9}}
{"target": -776.6579245539153, "params": {"k_pid_pos": [0.632566606194876, 0.8796938400410269, 0.005143328262731894], "k_pid_alt": [1.2806300598439107, 0.8201738938856535, 0.17662691774992612], "k_pid_att": [51.78593615398547, 9.25602501434301, 0.8626088333804085], "k_pid_yaw": [0.5, 1e-06, 0.1], "k_pid_hsp": [7.098297050782308, 0.1189477944780426, 0.6130845552941389], "k_pid_vsp": [216.3351355328968, 93.71172724542207, 43.24348958591058]}, "datetime": {"datetime": "2025-08-12 09:55:29", "elapsed": 63008.47106742859, "delta": 38.92185711860657}, "costs": {"total_cost": 776.6579245539153, "time_cost": 150, "final_distance_cost": 67.85422392266577, "oscillation_cost": 195.57441897479208, "completition_cost": 222.2222222222222, "overshoot_cost": 73.78037744834084, "power_cost": 35.972085461425785, "noise_cost": 31.254596524468795, "n_waypoints_completed": 7, "tot_waypoints": 9}}
{"target": -783.1389783981618, "params": {"k_pid_pos": [0.13395128485280725, 0.8151282107727686, 0.7049376773263845], "k_pid_alt": [0.8664601206523892, 0.7818324289687771, 0.16239020505048551], "k_pid_att": [8.039571482886455, 1.8753464105152233, 0.5536555176288772], "k_pid_yaw": [0.5, 1e-06, 0.1], "k_pid_hsp": [9.245061955063212, 0.11883246716314866, 0.11986095904236949], "k_pid_vsp": [240.13712990464197, 269.221526816428, 17.162824946966506]}, "datetime": {"datetime": "2025-08-12 09:56:08", "elapsed": 63048.22829031944, "delta": 39.75722289085388}, "costs": {"total_cost": 783.1389783981618, "time_cost": 150, "final_distance_cost": 65.72695839901408, "oscillation_cost": 124.43608310184425, "completition_cost": 333.33333333333337, "overshoot_cost": 48.50227509973968, "power_cost": 31.224224523925784, "noise_cost": 29.916103940304662, "n_waypoints_completed": 6, "tot_waypoints": 9}}
{"target": -472.43209270888394, "params": {"k_pid_pos": [0.5937321355547582, 0.406579609673278, 0.17712916929976363], "k_pid_alt": [1.6075927220158903, 0.0020782852117560147, 0.3308056024251522], "k_pid_att": [54.89865202911386, 4.091345959256508, 0.6283619859606724], "k_pid_yaw": [0.5, 1e-06, 0.1], "k_pid_hsp": [5.362746210776095, 0.8139844452580495, 0.31303667123172685], "k_pid_vsp": [227.71699135750887, 93.27657488595253, 33.66110974722432]}, "datetime": {"datetime": "2025-08-12 09:56:39", "elapsed": 63079.19067358971, "delta": 30.962383270263672}, "costs": {"total_cost": 472.43209270888394, "time_cost": 86.59, "final_distance_cost": 1.768007206421359, "oscillation_cost": 286.2016687602228, "completition_cost": 0.0, "overshoot_cost": 52.03401991380035, "power_cost": 24.448620654296874, "noise_cost": 21.389776174142593, "n_waypoints_completed": 9, "tot_waypoints": 9}}
{"target": -629.8443586618652, "params": {"k_pid_pos": [1.0829796999924555, 0.16195920339043024, 0.5843450884192951], "k_pid_alt": [1.189650657721327, 0.7893107018836965, 0.531893940953604], "k_pid_att": [35.82445177819677, 5.46545864772468, 0.024914596862438465], "k_pid_yaw": [0.5, 1e-06, 0.1], "k_pid_hsp": [9.454355920700626, 0.41773410899584706, 0.4420279942164492], "k_pid_vsp": [124.50499834516032, 368.1425575774914, 106.69117212749143]}, "datetime": {"datetime": "2025-08-12 09:57:12", "elapsed": 63112.07459330559, "delta": 32.88391971588135}, "costs": {"total_cost": 629.8443586618652, "time_cost": 96.887, "final_distance_cost": 1.7403690446946982, "oscillation_cost": 420.15727029305987, "completition_cost": 0.0, "overshoot_cost": 59.599099118288976, "power_cost": 27.879537451171878, "noise_cost": 23.58108275464967, "n_waypoints_completed": 9, "tot_waypoints": 9}}
{"target": -558.33268107286, "params": {"k_pid_pos": [1.658672100958535, 0.9568188253775771, 0.0037249501440015376], "k_pid_alt": [1.522614671767014, 0.4517811818529728, 0.9319221232647812], "k_pid_att": [29.928976593117607, 2.532760411376535, 0.9569105355411252], "k_pid_yaw": [0.5, 1e-06, 0.1], "k_pid_hsp": [4.6122435408886995, 0.17122356794341143, 0.09288412722130324], "k_pid_vsp": [268.9411396680779, 323.8901474105386, 80.10731187618984]}, "datetime": {"datetime": "2025-08-12 09:58:01", "elapsed": 63160.52542757988, "delta": 48.45083427429199}, "costs": {"total_cost": 558.33268107286, "time_cost": 150, "final_distance_cost": 44.4292045565908, "oscillation_cost": 111.07310763048248, "completition_cost": 111.11111111111116, "overshoot_cost": 76.33743551688245, "power_cost": 35.1932224609375, "noise_cost": 30.18859979685566, "n_waypoints_completed": 8, "tot_waypoints": 9}}
{"target": -458.3497599032351, "params": {"k_pid_pos": [1.147099800041261, 0.9390308254971688, 0.36287625006005086], "k_pid_alt": [1.4733354613501688, 0.6793671867765664, 0.4176098550087912], "k_pid_att": [38.42240098096615, 1.3502843397062858, 0.41935204354312283], "k_pid_yaw": [0.5, 1e-06, 0.1], "k_pid_hsp": [8.651281301733844, 0.19007991006504454, 0.415917085462304], "k_pid_vsp": [218.40159906450785, 14.896337633895614, 42.90017124855431]}, "datetime": {"datetime": "2025-08-12 09:58:55", "elapsed": 63214.42755508423, "delta": 53.902127504348755}, "costs": {"total_cost": 458.3497599032351, "time_cost": 105.315, "final_distance_cost": 1.7739805750299606, "oscillation_cost": 232.63583749762776, "completition_cost": 0.0, "overshoot_cost": 60.10612393194599, "power_cost": 30.64965164794922, "noise_cost": 27.869166250682138, "n_waypoints_completed": 9, "tot_waypoints": 9}}
{"target": -684.8906306429068, "params": {"k_pid_pos": [1.7833762625746428, 0.46126800390978573, 0.07080422934578168], "k_pid_alt": [0.37564011503332484, 0.7481830552054025, 0.3993571276452821], "k_pid_att": [9.77971512490463, 6.706265096941106, 0.7671482174571531], "k_pid_yaw": [0.5, 1e-06, 0.1], "k_pid_hsp": [2.420775746904733, 0.8125402807871701, 0.02637936779239647], "k_pid_vsp": [301.57425784930615, 314.76454913371276, 164.15817602203478]}, "datetime": {"datetime": "2025-08-12 09:59:33", "elapsed": 63252.94697070122, "delta": 38.519415616989136}, "costs": {"total_cost": 684.8906306429068, "time_cost": 150, "final_distance_cost": 78.48046536511525, "oscillation_cost": 111.60855215656231, "completition_cost": 222.2222222222222, "overshoot_cost": 58.86800260411889, "power_cost": 33.025329992675786, "noise_cost": 30.68605830221229, "n_waypoints_completed": 7, "tot_waypoints": 9}}
{"target": -480.4817235086161, "params": {"k_pid_pos": [1.8917361915922888, 0.8830529368435303, 0.5312514258974715], "k_pid_alt": [1.7988535275134312, 0.6114270037920878, 0.33509109130441006], "k_pid_att": [49.12424807926455, 7.565413520751266, 0.4551062549689049], "k_pid_yaw": [0.5, 1e-06, 0.1], "k_pid_hsp": [6.473798206423895, 0.6537720059047094, 0.9645079237914868], "k_pid_vsp": [232.08559571468257, 77.21820780534092, 153.24000320180096]}, "datetime": {"datetime": "2025-08-12 10:00:09", "elapsed": 63288.809574365616, "delta": 35.86260366439819}, "costs": {"total_cost": 480.4817235086161, "time_cost": 109.22800000000001, "final_distance_cost": 1.8204694527033403, "oscillation_cost": 237.88919501582959, "completition_cost": 0.0, "overshoot_cost": 68.78296937838546, "power_cost": 33.8228185913086, "noise_cost": 28.938271070389057, "n_waypoints_completed": 9, "tot_waypoints": 9}}
{"target": -390.60332443527176, "params": {"k_pid_pos": [1.402530542918139, 0.6842591261229373, 0.5441197456169771], "k_pid_alt": [0.8891434412994588, 0.2736441813660717, 0.5777479053260459], "k_pid_att": [13.2956819522004, 0.9319735796133323, 0.49644824475508986], "k_pid_yaw": [0.5, 1e-06, 0.1], "k_pid_hsp": [3.8729707693029605, 0.6981980189971118, 0.618786188040505], "k_pid_vsp": [242.96309643419343, 255.65789513753987, 22.752847714055804]}, "datetime": {"datetime": "2025-08-12 10:00:42", "elapsed": 63321.70302224159, "delta": 32.89344787597656}, "costs": {"total_cost": 390.60332443527176, "time_cost": 90.811, "final_distance_cost": 1.7947236751191813, "oscillation_cost": 193.3913449938995, "completition_cost": 0.0, "overshoot_cost": 55.36897224898019, "power_cost": 25.78731883544922, "noise_cost": 23.449964681823655, "n_waypoints_completed": 9, "tot_waypoints": 9}}
{"target": -373.37260007657846, "params": {"k_pid_pos": [1.7389577013256647, 0.7782276112016041, 0.910020384873087], "k_pid_alt": [1.1786091712535105, 0.6086244134225105, 0.9637506378420094], "k_pid_att": [9.01448223765552, 8.209769857872645, 0.7232656839771778], "k_pid_yaw": [0.5, 1e-06, 0.1], "k_pid_hsp": [2.8037008541383748, 0.9184125572809314, 0.32424731478908897], "k_pid_vsp": [181.9051882386292, 321.1525931481423, 18.300811348809237]}, "datetime": {"datetime": "2025-08-12 10:01:19", "elapsed": 63358.45909905434, "delta": 36.75607681274414}, "costs": {"total_cost": 373.37260007657846, "time_cost": 91.574, "final_distance_cost": 1.7467161923656127, "oscillation_cost": 179.37406967579287, "completition_cost": 0.0, "overshoot_cost": 52.50118012412975, "power_cost": 25.187287719726562, "noise_cost": 22.989346364563676, "n_waypoints_completed": 9, "tot_waypoints": 9}}
{"target": -456.3074979327809, "params": {"k_pid_pos": [1.7339877062982842, 0.682430888483675, 0.2522556883584651], "k_pid_alt": [0.11419546179003359, 0.2627362121667367, 0.8550244142291347], "k_pid_att": [6.926543694406173, 6.527234690007568, 0.5507684800788412], "k_pid_yaw": [0.5, 1e-06, 0.1], "k_pid_hsp": [8.659656731234469, 0.6961099007483001, 0.9506677545919494], "k_pid_vsp": [300.3468335457726, 343.0137848476818, 140.915427350106]}, "datetime": {"datetime": "2025-08-12 10:01:59", "elapsed": 63398.45711493492, "delta": 39.99801588058472}, "costs": {"total_cost": 456.3074979327809, "time_cost": 110.824, "final_distance_cost": 1.7430304742953635, "oscillation_cost": 218.10147505416674, "completition_cost": 0.0, "overshoot_cost": 63.75529574352203, "power_cost": 32.30592689208984, "noise_cost": 29.57776976870688, "n_waypoints_completed": 9, "tot_waypoints": 9}}
{"target": -490.68422828439526, "params": {"k_pid_pos": [1.0078149249744912, 0.17146710454178415, 0.37019752332450906], "k_pid_alt": [1.0045195681244103, 0.8443803747129865, 0.9581467346787074], "k_pid_att": [26.414392743614968, 4.793727986453617, 0.8722312996730325], "k_pid_yaw": [0.5, 1e-06, 0.1], "k_pid_hsp": [5.752395053807264, 0.18899674380178044, 0.18924883144146987], "k_pid_vsp": [277.76350306544737, 257.31846307378913, 8.617165209748375]}, "datetime": {"datetime": "2025-08-12 10:02:34", "elapsed": 63433.66120529175, "delta": 35.20409035682678}, "costs": {"total_cost": 490.68422828439526, "time_cost": 98.343, "final_distance_cost": 1.7701410400042241, "oscillation_cost": 281.2408403498637, "completition_cost": 0.0, "overshoot_cost": 58.81104669094084, "power_cost": 24.880389697265628, "noise_cost": 25.638810506320883, "n_waypoints_completed": 9, "tot_waypoints": 9}}
{"target": -491.52406776851495, "params": {"k_pid_pos": [0.5831559523300971, 0.011651162709632845, 0.7558541348476194], "k_pid_alt": [1.474479094317812, 0.6254104413142106, 0.4138649074969397], "k_pid_att": [20.602877743009007, 6.719095180492643, 0.8559624759746262], "k_pid_yaw": [0.5, 1e-06, 0.1], "k_pid_hsp": [5.239001548804561, 0.8532573388894309, 0.4266137959705113], "k_pid_vsp": [81.27478925723875, 189.9669709411185, 41.433681225749964]}, "datetime": {"datetime": "2025-08-12 10:03:15", "elapsed": 63475.288303136826, "delta": 41.627097845077515}, "costs": {"total_cost": 491.52406776851495, "time_cost": 97.741, "final_distance_cost": 1.8241029872406826, "oscillation_cost": 287.04565446718357, "completition_cost": 0.0, "overshoot_cost": 55.11859344219034, "power_cost": 25.591405810546878, "noise_cost": 24.203311061353542, "n_waypoints_completed": 9, "tot_waypoints": 9}}
{"target": -428.70117002981544, "params": {"k_pid_pos": [1.6086999549881347, 0.6531277335243655, 0.2903835171079969], "k_pid_alt": [0.8873543081790107, 0.8041984130642145, 0.5996191585594699], "k_pid_att": [6.74211098132782, 2.6451715999021275, 0.2965907787886478], "k_pid_yaw": [0.5, 1e-06, 0.1], "k_pid_hsp": [6.7774043727663305, 0.24725455746914338, 0.38845801261633905], "k_pid_vsp": [195.2349824939179, 332.60645698578696, 22.23620492979129]}, "datetime": {"datetime": "2025-08-12 10:04:00", "elapsed": 63520.21583008766, "delta": 44.92752695083618}, "costs": {"total_cost": 428.70117002981544, "time_cost": 114.415, "final_distance_cost": 1.7404348228712128, "oscillation_cost": 192.39516061446088, "completition_cost": 0.0, "overshoot_cost": 59.449337630615936, "power_cost": 30.77539998779297, "noise_cost": 29.92583697407439, "n_waypoints_completed": 9, "tot_waypoints": 9}}
