{"target": -866.1565027527936, "params": {"k_pid_pos": [1.9955055232436427, 0.8650620135528148, 0.7670303769071338], "k_pid_alt": [0.008488821581452477, 0.5373554620966277, 0.3308027562557452], "k_pid_att": [55.932826810354165, 0.8207280125042364, 0.17367294212885376], "k_pid_yaw": [0.5, 1e-06, 0.1], "k_pid_hsp": [0.9396608640451787, 0.7913352112679504, 0.024947234437283305], "k_pid_vsp": [303.56430336875366, 337.84212870947607, 26.172052972300836]}, "datetime": {"datetime": "2025-08-11 19:02:29", "elapsed": 9428.667248725891, "delta": 30.179067850112915}, "costs": {"total_cost": 866.1565027527936, "time_cost": 150, "final_distance_cost": 62.226152054296776, "oscillation_cost": 189.77748264509935, "completition_cost": 333.33333333333337, "overshoot_cost": 63.95024611045467, "power_cost": 34.23599854736328, "noise_cost": 32.6332900622462, "n_waypoints_completed": 6, "tot_waypoints": 9}}
{"target": -1174.632277200005, "params": {"k_pid_pos": [0.008114074848256004, 0.7485939289194321, 0.12943436596701952], "k_pid_alt": [0.3602058837897055, 0.13325135528981813, 0.47456845642992296], "k_pid_att": [6.770211567859907, 8.9661729373369, 0.30301543995880986], "k_pid_yaw": [0.5, 1e-06, 0.1], "k_pid_hsp": [8.648196958755074, 0.1750178966340875, 0.30672927810572725], "k_pid_vsp": [309.84294749925687, 256.59808695235, 78.84682714357243]}, "datetime": {"datetime": "2025-08-11 19:03:00", "elapsed": 9459.929882526398, "delta": 31.262633800506592}, "costs": {"total_cost": 1174.632277200005, "time_cost": 150, "final_distance_cost": 51.527285744434074, "oscillation_cost": 188.12693410540703, "completition_cost": 666.6666666666667, "overshoot_cost": 54.59303218824666, "power_cost": 34.65820483398438, "noise_cost": 29.060153661266074, "n_waypoints_completed": 3, "tot_waypoints": 9}}
{"target": -1606.676814543579, "params": {"k_pid_pos": [0.6356571422818075, 0.18144694378180193, 0.532980780336667], "k_pid_alt": [0.6187433657585621, 0.6052734688823272, 0.9416167751103259], "k_pid_att": [48.0864610183093, 5.644805825130833, 0.4932530464578474], "k_pid_yaw": [0.5, 1e-06, 0.1], "k_pid_hsp": [6.663826608804816, 0.6298729878490683, 0.46845528216997745], "k_pid_vsp": [40.29276014827241, 231.3317132444239, 308.89182611058374]}, "datetime": {"datetime": "2025-08-11 19:03:31", "elapsed": 9491.343110322952, "delta": 31.413227796554565}, "costs": {"total_cost": 1606.676814543579, "time_cost": 150, "final_distance_cost": 78.78891027432353, "oscillation_cost": 576.6141985938665, "completition_cost": 666.6666666666667, "overshoot_cost": 71.44453899224406, "power_cost": 33.89187122802735, "noise_cost": 29.270628788450836, "n_waypoints_completed": 3, "tot_waypoints": 9}}
{"target": -1641.2935086360585, "params": {"k_pid_pos": [1.0812564844519694, 0.1364994965248958, 0.5498226481709593], "k_pid_alt": [1.0624182073974455, 0.2877195343975153, 0.03921216600024091], "k_pid_att": [24.71670738414393, 0.3344089677697081, 0.22968175422391546], "k_pid_yaw": [0.5, 1e-06, 0.1], "k_pid_hsp": [0.29741852778469435, 0.21613857900628086, 0.6814055664282753], "k_pid_vsp": [302.33378281969954, 167.91183340032273, 354.9067045859466]}, "datetime": {"datetime": "2025-08-11 19:04:02", "elapsed": 9521.692053556442, "delta": 30.34894323348999}, "costs": {"total_cost": 1641.2935086360585, "time_cost": 150, "final_distance_cost": 68.05264835189502, "oscillation_cost": 605.3380698777096, "completition_cost": 666.6666666666667, "overshoot_cost": 89.12932336233865, "power_cost": 32.664809667968754, "noise_cost": 29.441990709479796, "n_waypoints_completed": 3, "tot_waypoints": 9}}
{"target": -527.7574456563088, "params": {"k_pid_pos": [1.8888146653773972, 0.7417048155746446, 0.5260975237913909], "k_pid_alt": [0.4696232016527391, 0.15017373472728057, 0.5428742509235159], "k_pid_att": [52.689970731571, 9.356281188933801, 0.39375373199517905], "k_pid_yaw": [0.5, 1e-06, 0.1], "k_pid_hsp": [8.732774047270954, 0.6121296510794747, 0.10487246243081305], "k_pid_vsp": [394.2634509370238, 118.17406121167586, 93.15587885814793]}, "datetime": {"datetime": "2025-08-11 19:04:28", "elapsed": 9547.996229410172, "delta": 26.304175853729248}, "costs": {"total_cost": 527.7574456563088, "time_cost": 100.07900000000001, "final_distance_cost": 1.7000744247729063, "oscillation_cost": 312.6156142212455, "completition_cost": 0.0, "overshoot_cost": 58.282692249151545, "power_cost": 30.540004724121093, "noise_cost": 24.540060037017852, "n_waypoints_completed": 9, "tot_waypoints": 9}}
{"target": -560.9689791806989, "params": {"k_pid_pos": [1.4066176217815245, 0.3052320728033807, 0.5008070232511865], "k_pid_alt": [1.8540754898429117, 0.01130261175143843, 0.21544132664101934], "k_pid_att": [72.60748654226968, 7.7036138049422815, 0.9467212871036975], "k_pid_yaw": [0.5, 1e-06, 0.1], "k_pid_hsp": [9.13566817489408, 0.6878064914419768, 0.6526233938182843], "k_pid_vsp": [260.1684107786153, 199.40880003106318, 372.61098554906215]}, "datetime": {"datetime": "2025-08-11 19:04:53", "elapsed": 9573.22411608696, "delta": 25.22788667678833}, "costs": {"total_cost": 560.9689791806989, "time_cost": 96.614, "final_distance_cost": 1.8017387579748965, "oscillation_cost": 342.3930497179448, "completition_cost": 0.0, "overshoot_cost": 67.33026411735585, "power_cost": 28.563756652832033, "noise_cost": 24.26616993459125, "n_waypoints_completed": 9, "tot_waypoints": 9}}
{"target": -1450.6090821195146, "params": {"k_pid_pos": [0.24927292710693105, 0.04806669998508062, 0.7428548212444918], "k_pid_alt": [0.79499070914928, 0.2680795399636937, 0.9570655059494031], "k_pid_att": [70.19271480621173, 8.74399965801344, 0.03357523203724755], "k_pid_yaw": [0.5, 1e-06, 0.1], "k_pid_hsp": [6.195312976060885, 0.08414985195576608, 0.567454523620859], "k_pid_vsp": [95.14512070831542, 261.9745978152576, 153.88080099337938]}, "datetime": {"datetime": "2025-08-11 19:05:24", "elapsed": 9603.852308511734, "delta": 30.62819242477417}, "costs": {"total_cost": 1450.6090821195146, "time_cost": 150, "final_distance_cost": 78.59883114124848, "oscillation_cost": 765.438895851117, "completition_cost": 333.33333333333337, "overshoot_cost": 59.717364335381454, "power_cost": 35.47661556396485, "noise_cost": 28.04404189446975, "n_waypoints_completed": 6, "tot_waypoints": 9}}
{"target": -863.4765520427173, "params": {"k_pid_pos": [0.31536179087207306, 0.779333357753917, 0.15610051055970275], "k_pid_alt": [1.2361857304141433, 0.025169010849337092, 0.6473044964969383], "k_pid_att": [26.64009925280826, 5.705376727220933, 0.2992600150201794], "k_pid_yaw": [0.5, 1e-06, 0.1], "k_pid_hsp": [0.3942732461292534, 0.4855646774173573, 0.1348137507483036], "k_pid_vsp": [203.09307246017136, 50.22606337425222, 134.7120444990174]}, "datetime": {"datetime": "2025-08-11 19:05:55", "elapsed": 9635.196847438812, "delta": 31.344538927078247}, "costs": {"total_cost": 863.4765520427173, "time_cost": 150, "final_distance_cost": 72.25070549220813, "oscillation_cost": 166.76265251717834, "completition_cost": 333.33333333333337, "overshoot_cost": 75.04875288121487, "power_cost": 35.79607214355469, "noise_cost": 30.285035675227864, "n_waypoints_completed": 6, "tot_waypoints": 9}}
{"target": -1075.9260761025946, "params": {"k_pid_pos": [1.3245168570412458, 0.4180545192841765, 0.9030906470833588], "k_pid_alt": [1.5512666731041058, 0.5967831324415577, 0.06710126895197399], "k_pid_att": [38.967802702741594, 1.198481943485134, 0.5045501677870893], "k_pid_yaw": [0.5, 1e-06, 0.1], "k_pid_hsp": [3.990090106192382, 0.08414410770986791, 0.3915748804690051], "k_pid_vsp": [192.2809335160863, 104.6560549310446, 284.6216894010453]}, "datetime": {"datetime": "2025-08-11 19:06:26", "elapsed": 9666.07792711258, "delta": 30.88107967376709}, "costs": {"total_cost": 1075.9260761025946, "time_cost": 150, "final_distance_cost": 77.35238294664968, "oscillation_cost": 494.43437506848755, "completition_cost": 222.2222222222222, "overshoot_cost": 66.99725503123977, "power_cost": 34.841381420898436, "noise_cost": 30.078459413096983, "n_waypoints_completed": 7, "tot_waypoints": 9}}
{"target": -1565.707218956604, "params": {"k_pid_pos": [1.9937673460249867, 0.8379733009610978, 0.5591489224463364], "k_pid_alt": [1.4208288382041927, 0.7303853085663331, 0.34879200541490296], "k_pid_att": [6.713768541553122, 1.229413917836456, 0.946426617396691], "k_pid_yaw": [0.5, 1e-06, 0.1], "k_pid_hsp": [0.33527272097884175, 0.5361113621615985, 0.12793842075497952], "k_pid_vsp": [277.33722691421144, 95.53960308235848, 386.8262546912442]}, "datetime": {"datetime": "2025-08-11 19:06:58", "elapsed": 9697.712295293808, "delta": 31.634368181228638}, "costs": {"total_cost": 1565.707218956604, "time_cost": 150, "final_distance_cost": 6.2346892995908, "oscillation_cost": 69.11608608096702, "completition_cost": 1000.0, "overshoot_cost": 165.9422273146909, "power_cost": 34.335235888671875, "noise_cost": 140.07898037268345, "n_waypoints_completed": 0, "tot_waypoints": 9}}
{"target": -859.8100719417529, "params": {"k_pid_pos": [1.230955487439375, 0.4585479018321398, 0.2874913875458013], "k_pid_alt": [1.0251664423846412, 0.665048580423373, 0.21541661649721477], "k_pid_att": [46.274378185872344, 3.0493254049774343, 0.27516911736562033], "k_pid_yaw": [0.5, 1e-06, 0.1], "k_pid_hsp": [1.4704142215836191, 0.1661350957788421, 0.897901226751686], "k_pid_vsp": [264.5570806429818, 61.06500534627881, 19.483120122323786]}, "datetime": {"datetime": "2025-08-11 19:07:29", "elapsed": 9728.708560228348, "delta": 30.996264934539795}, "costs": {"total_cost": 859.8100719417529, "time_cost": 150, "final_distance_cost": 77.571750403248, "oscillation_cost": 277.5708191610703, "completition_cost": 222.2222222222222, "overshoot_cost": 64.34640382166229, "power_cost": 36.494885131835936, "noise_cost": 31.603991201714052, "n_waypoints_completed": 7, "tot_waypoints": 9}}
{"target": -849.7381218101838, "params": {"k_pid_pos": [1.417547971867089, 0.03318179521832809, 0.3482872345657442], "k_pid_alt": [1.5604587295350376, 0.8519300558302983, 0.5849323044803028], "k_pid_att": [64.27171964448613, 4.598147024278431, 0.5574213577879961], "k_pid_yaw": [0.5, 1e-06, 0.1], "k_pid_hsp": [3.4267493368232564, 0.5386243553790798, 0.42327823498224026], "k_pid_vsp": [234.7083179752519, 30.003708317685245, 265.8103446845626]}, "datetime": {"datetime": "2025-08-11 19:08:01", "elapsed": 9760.731859922409, "delta": 32.02329969406128}, "costs": {"total_cost": 849.7381218101838, "time_cost": 150, "final_distance_cost": 4.65914937020024, "oscillation_cost": 445.08133233176596, "completition_cost": 111.11111111111116, "overshoot_cost": 72.63496514340292, "power_cost": 36.37720390625, "noise_cost": 29.874359947453357, "n_waypoints_completed": 8, "tot_waypoints": 9}}
{"target": -1755.5763370014593, "params": {"k_pid_pos": [0.27606580858413377, 0.17064483491353388, 0.6927754991606379], "k_pid_alt": [0.39314655023462053, 0.1669775906650527, 0.641810931872655], "k_pid_att": [74.67611192165806, 6.449040569847582, 0.9575620188003829], "k_pid_yaw": [0.5, 1e-06, 0.1], "k_pid_hsp": [1.8206459181251107, 0.16659404765003172, 0.7288471551395623], "k_pid_vsp": [251.88711963931576, 291.01346217595636, 365.64373349216254]}, "datetime": {"datetime": "2025-08-11 19:08:32", "elapsed": 9791.577842712402, "delta": 30.845982789993286}, "costs": {"total_cost": 1755.5763370014593, "time_cost": 150, "final_distance_cost": 86.50672679297877, "oscillation_cost": 638.3427756828065, "completition_cost": 777.7777777777778, "overshoot_cost": 41.10846335987281, "power_cost": 33.87477904052734, "noise_cost": 27.965814347496025, "n_waypoints_completed": 2, "tot_waypoints": 9}}
{"target": -1316.0675066911276, "params": {"k_pid_pos": [1.9829005629286451, 0.6313061610003323, 0.31951052002507485], "k_pid_alt": [0.34637251789489043, 0.6452364914334741, 0.033910519175260445], "k_pid_att": [77.72739286847394, 3.785144204566896, 0.7344165224552262], "k_pid_yaw": [0.5, 1e-06, 0.1], "k_pid_hsp": [0.045366417177438244, 0.34143213333279643, 0.1800061602355253], "k_pid_vsp": [388.8839931459822, 324.4050234847715, 189.59759555955202]}, "datetime": {"datetime": "2025-08-11 19:09:02", "elapsed": 9822.047977924347, "delta": 30.47013521194458}, "costs": {"total_cost": 1316.0675066911276, "time_cost": 150, "final_distance_cost": 75.91881840852935, "oscillation_cost": 179.09760285007104, "completition_cost": 777.7777777777778, "overshoot_cost": 66.30832776618122, "power_cost": 36.931959020996096, "noise_cost": 30.033020867571864, "n_waypoints_completed": 2, "tot_waypoints": 9}}
{"target": -914.8576348486431, "params": {"k_pid_pos": [0.8050219603159721, 0.2895948623689848, 0.5630604585375121], "k_pid_alt": [1.1785808816975512, 0.8727701656818212, 0.8445263700078546], "k_pid_att": [7.281850025756298, 8.99962469403601, 0.2645699056950538], "k_pid_yaw": [0.5, 1e-06, 0.1], "k_pid_hsp": [3.6637109696265195, 0.1051335557271964, 0.7538864687722303], "k_pid_vsp": [304.38931302822823, 303.8728253545072, 163.87835262799234]}, "datetime": {"datetime": "2025-08-11 19:09:33", "elapsed": 9852.945583820343, "delta": 30.897605895996094}, "costs": {"total_cost": 914.8576348486431, "time_cost": 150, "final_distance_cost": 69.23591581497557, "oscillation_cost": 358.20186675624774, "completition_cost": 222.2222222222222, "overshoot_cost": 54.74508214248576, "power_cost": 31.78908494873047, "noise_cost": 28.66346296398138, "n_waypoints_completed": 7, "tot_waypoints": 9}}
{"target": -1763.415790599793, "params": {"k_pid_pos": [0.48197955043189006, 0.11670899147562774, 0.23025929027480718], "k_pid_alt": [1.6572261137815905, 0.6346415742119783, 0.5985021473324204], "k_pid_att": [58.37239426464507, 9.80208343874541, 0.8855974929868888], "k_pid_yaw": [0.5, 1e-06, 0.1], "k_pid_hsp": [0.7590858581218703, 0.45695193629853925, 0.8436248482771883], "k_pid_vsp": [40.49755826566699, 189.89323230218258, 235.63995656135316]}, "datetime": {"datetime": "2025-08-11 19:10:04", "elapsed": 9883.891904830933, "delta": 30.9463210105896}, "costs": {"total_cost": 1763.415790599793, "time_cost": 150, "final_distance_cost": 140.34007073435097, "oscillation_cost": 347.2216811482516, "completition_cost": 888.8888888888888, "overshoot_cost": 174.0938962755299, "power_cost": 34.250489086914065, "noise_cost": 28.620764465857597, "n_waypoints_completed": 1, "tot_waypoints": 9}}
{"target": -1015.18790122342, "params": {"k_pid_pos": [1.3133522538351488, 0.4591533085395102, 0.2257659293558626], "k_pid_alt": [0.03664299190928877, 0.5399406188050998, 0.027576210750023922], "k_pid_att": [32.46553996574224, 6.859202943753552, 0.5624535623811788], "k_pid_yaw": [0.5, 1e-06, 0.1], "k_pid_hsp": [4.307698008671117, 0.7164586127350789, 0.9549454077136603], "k_pid_vsp": [391.9962500982419, 354.39148549481155, 83.82602214827654]}, "datetime": {"datetime": "2025-08-11 19:10:35", "elapsed": 9914.69728922844, "delta": 30.805384397506714}, "costs": {"total_cost": 1015.18790122342, "time_cost": 150, "final_distance_cost": 66.58924032843628, "oscillation_cost": 340.03292269425475, "completition_cost": 333.33333333333337, "overshoot_cost": 60.749881378501236, "power_cost": 34.239800488281254, "noise_cost": 30.242723000613235, "n_waypoints_completed": 6, "tot_waypoints": 9}}
{"target": -599.6029304650302, "params": {"k_pid_pos": [1.7565284236463277, 0.4419126175031364, 0.4396793280760838], "k_pid_alt": [0.4610460034514168, 0.7636660045590286, 0.25419746646460706], "k_pid_att": [4.479837648014007, 3.5937525185286017, 0.03237096477378387], "k_pid_yaw": [0.5, 1e-06, 0.1], "k_pid_hsp": [7.34325661644852, 0.8480760646463343, 0.07315065090477679], "k_pid_vsp": [308.30020988570004, 389.4707973431614, 240.36607490437393]}, "datetime": {"datetime": "2025-08-11 19:11:05", "elapsed": 9944.700137853622, "delta": 30.002848625183105}, "costs": {"total_cost": 599.6029304650302, "time_cost": 113.883, "final_distance_cost": 1.776334500826462, "oscillation_cost": 359.17881602817374, "completition_cost": 0.0, "overshoot_cost": 64.97962081082584, "power_cost": 30.861003552246096, "noise_cost": 28.924155572958156, "n_waypoints_completed": 9, "tot_waypoints": 9}}
{"target": -1249.824180026601, "params": {"k_pid_pos": [1.5327388763216376, 0.5787769349458738, 0.39105407748245335], "k_pid_alt": [0.20049508518906767, 0.5110712945683443, 0.8526378527608608], "k_pid_att": [50.77277732090422, 8.14266440178704, 0.5681394732923545], "k_pid_yaw": [0.5, 1e-06, 0.1], "k_pid_hsp": [1.333547184961134, 0.030393302126016986, 0.3982373877032884], "k_pid_vsp": [250.16212010828588, 370.0748340365146, 266.9260176055902]}, "datetime": {"datetime": "2025-08-11 19:11:36", "elapsed": 9975.77198433876, "delta": 31.07184648513794}, "costs": {"total_cost": 1249.824180026601, "time_cost": 150, "final_distance_cost": 55.16207686951051, "oscillation_cost": 366.0165173305117, "completition_cost": 555.5555555555555, "overshoot_cost": 58.91481232906156, "power_cost": 35.50570350341797, "noise_cost": 28.669514438544038, "n_waypoints_completed": 4, "tot_waypoints": 9}}
{"target": -1012.895377602333, "params": {"k_pid_pos": [1.792114834253238, 0.21513176142191826, 0.592186548377524], "k_pid_alt": [0.3910204855155739, 0.8950932126253929, 0.28968102801394924], "k_pid_att": [43.383196444221106, 9.347111840091136, 0.6955148864642883], "k_pid_yaw": [0.5, 1e-06, 0.1], "k_pid_hsp": [4.741598753875701, 0.6086182020326903, 0.4021653095914415], "k_pid_vsp": [30.43641835825572, 104.43079999601301, 81.10028513307333]}, "datetime": {"datetime": "2025-08-11 19:12:07", "elapsed": 10006.850616455078, "delta": 31.07863211631775}, "costs": {"total_cost": 1012.895377602333, "time_cost": 150, "final_distance_cost": 75.50087566561703, "oscillation_cost": 429.0352028833754, "completition_cost": 222.2222222222222, "overshoot_cost": 68.51300345166814, "power_cost": 35.629206555175784, "noise_cost": 31.994866824274496, "n_waypoints_completed": 7, "tot_waypoints": 9}}
{"target": -693.4674879031547, "params": {"k_pid_pos": [0.6593958495195288, 0.2020877315609455, 0.06999883612503444], "k_pid_alt": [0.1456720906945017, 0.39919662302668235, 0.16209956084873112], "k_pid_att": [60.456416004612635, 6.482582575971505, 0.211651748128439], "k_pid_yaw": [0.5, 1e-06, 0.1], "k_pid_hsp": [5.797942366204346, 0.3330161729765838, 0.07369455139302639], "k_pid_vsp": [148.5535252029511, 267.43284093974876, 184.3615236175867]}, "datetime": {"datetime": "2025-08-11 19:12:37", "elapsed": 10036.596571445465, "delta": 29.745954990386963}, "costs": {"total_cost": 693.4674879031547, "time_cost": 114.709, "final_distance_cost": 1.7985850389713918, "oscillation_cost": 448.48949322096786, "completition_cost": 0.0, "overshoot_cost": 67.71948563414767, "power_cost": 32.65176295166016, "noise_cost": 28.09916105740764, "n_waypoints_completed": 9, "tot_waypoints": 9}}
{"target": -1158.9130224648095, "params": {"k_pid_pos": [1.533083061955469, 0.847902231798218, 0.05159554453018289], "k_pid_alt": [0.33728364171036973, 0.8597903805735625, 0.233805742142278], "k_pid_att": [10.141198095544635, 3.115825030520843, 0.09997560493344293], "k_pid_yaw": [0.5, 1e-06, 0.1], "k_pid_hsp": [7.824413809382031, 0.4738945975008776, 0.9428668851519474], "k_pid_vsp": [392.0711656770866, 166.95427926167588, 316.4395386346533]}, "datetime": {"datetime": "2025-08-11 19:13:08", "elapsed": 10068.040796995163, "delta": 31.444225549697876}, "costs": {"total_cost": 1158.9130224648095, "time_cost": 150, "final_distance_cost": 43.45757065429463, "oscillation_cost": 273.68644653168866, "completition_cost": 555.5555555555555, "overshoot_cost": 70.03281884973867, "power_cost": 34.315151013183595, "noise_cost": 31.865479860348366, "n_waypoints_completed": 4, "tot_waypoints": 9}}
{"target": -547.9418564524772, "params": {"k_pid_pos": [1.9043714886392156, 0.8012459408988523, 0.4244949883111333], "k_pid_alt": [0.7246555340865324, 0.271035195713491, 0.08013094867005499], "k_pid_att": [33.17844926547592, 0.9942786544914685, 0.1106667899836482], "k_pid_yaw": [0.5, 1e-06, 0.1], "k_pid_hsp": [4.081139223329995, 0.3078421252850959, 0.47888544153623813], "k_pid_vsp": [336.081220496798, 288.7225120309067, 244.78002439625772]}, "datetime": {"datetime": "2025-08-11 19:13:38", "elapsed": 10097.910098791122, "delta": 29.869301795959473}, "costs": {"total_cost": 547.9418564524772, "time_cost": 115.521, "final_distance_cost": 1.6901021071529516, "oscillation_cost": 295.74689045234106, "completition_cost": 0.0, "overshoot_cost": 68.99508149238177, "power_cost": 36.12815051269531, "noise_cost": 29.860631887906077, "n_waypoints_completed": 9, "tot_waypoints": 9}}
{"target": -563.3243989011752, "params": {"k_pid_pos": [1.0058570798724258, 0.6131142827617599, 0.9841231429950567], "k_pid_alt": [1.0525498640424857, 0.30505916505838737, 0.25919134034579316], "k_pid_att": [38.17254914603686, 9.17222812906831, 0.9142592851221959], "k_pid_yaw": [0.5, 1e-06, 0.1], "k_pid_hsp": [3.8503382347277193, 0.5097581784252596, 0.8580432322507598], "k_pid_vsp": [276.2467940196552, 354.29488721783576, 28.446430135768022]}, "datetime": {"datetime": "2025-08-11 19:14:06", "elapsed": 10125.950352191925, "delta": 28.040253400802612}, "costs": {"total_cost": 563.3243989011752, "time_cost": 110.614, "final_distance_cost": 1.7582205656216572, "oscillation_cost": 336.82443542705886, "completition_cost": 0.0, "overshoot_cost": 56.008150183419765, "power_cost": 31.053560266113283, "noise_cost": 27.066032458961548, "n_waypoints_completed": 9, "tot_waypoints": 9}}
