{"target": -1355.956521482214, "params": {"k_pid_pos": [0.33403387268436757, 0.5840266000557335, 0.9301873224934717], "k_pid_alt": [0.24105908535642873, 0.6185978447718217, 0.9968476757683723], "k_pid_att": [6.783470346198772, 3.5256509449216074, 0.7235459122186765], "k_pid_yaw": [0.5, 1e-06, 0.1], "k_pid_hsp": [1.0936666361891414, 0.15397973286263966, 0.9068582035155418], "k_pid_vsp": [319.26510602582294, 395.57908206552383, 243.5653235901453]}, "datetime": {"datetime": "2025-08-12 08:58:15", "elapsed": 59574.60643553734, "delta": 40.12417387962341}, "costs": {"total_cost": 1355.956521482214, "time_cost": 150, "final_distance_cost": 55.465014613018, "oscillation_cost": 256.8565525174363, "completition_cost": 777.7777777777778, "overshoot_cost": 57.331924143285576, "power_cost": 31.52550847167969, "noise_cost": 26.99974395901687, "n_waypoints_completed": 2, "tot_waypoints": 9}}
{"target": -719.8536629281158, "params": {"k_pid_pos": [0.3339879338434586, 0.5179490967192082, 0.2947288118611274], "k_pid_alt": [1.8864082261947885, 0.9251857068016895, 0.26698448313092804], "k_pid_att": [37.72905528681411, 9.429902405743912, 0.9487395294660526], "k_pid_yaw": [0.5, 1e-06, 0.1], "k_pid_hsp": [4.218852072845404, 0.06438067688034066, 0.48650591599708226], "k_pid_vsp": [268.5462355456574, 325.4277147563719, 83.06673030591386]}, "datetime": {"datetime": "2025-08-12 08:58:52", "elapsed": 59612.120279073715, "delta": 37.51384353637695}, "costs": {"total_cost": 719.8536629281158, "time_cost": 150, "final_distance_cost": 24.131195690979894, "oscillation_cost": 307.67891881270225, "completition_cost": 111.11111111111116, "overshoot_cost": 63.6517950122645, "power_cost": 34.30311818847657, "noise_cost": 28.977524112581357, "n_waypoints_completed": 8, "tot_waypoints": 9}}
{"target": -1055.5898364448767, "params": {"k_pid_pos": [0.6379176982805593, 0.21962886161737472, 0.8931297137042683], "k_pid_alt": [0.6844884653380965, 0.7263529753683959, 0.4182270998906352], "k_pid_att": [45.04953534935129, 1.6226048398947968, 0.8635897196659812], "k_pid_yaw": [0.5, 1e-06, 0.1], "k_pid_hsp": [7.748771626972605, 0.355809220716768, 0.3659023542901104], "k_pid_vsp": [128.67453795454966, 375.0456557515995, 107.64885076258943]}, "datetime": {"datetime": "2025-08-12 08:59:34", "elapsed": 59653.988795757294, "delta": 41.86851668357849}, "costs": {"total_cost": 1055.5898364448767, "time_cost": 150, "final_distance_cost": 65.68001632474932, "oscillation_cost": 499.47585575116193, "completition_cost": 222.2222222222222, "overshoot_cost": 55.136889320511, "power_cost": 33.74531522216797, "noise_cost": 29.329537604064072, "n_waypoints_completed": 7, "tot_waypoints": 9}}
{"target": -297.1332765503002, "params": {"k_pid_pos": [1.3031286101242354, 0.2687214063547869, 0.9914362148074621], "k_pid_alt": [0.7866635160201494, 0.3678366717715118, 0.5141400313999969], "k_pid_att": [34.43162989160511, 6.149584570873651, 0.6858480174212132], "k_pid_yaw": [0.5, 1e-06, 0.1], "k_pid_hsp": [7.997015284919226, 0.5578275432135527, 0.005688276121059155], "k_pid_vsp": [268.8567337199157, 317.01527581531064, 75.93934665571406]}, "datetime": {"datetime": "2025-08-12 09:00:07", "elapsed": 59686.793867111206, "delta": 32.80507135391235}, "costs": {"total_cost": 297.1332765503002, "time_cost": 95.333, "final_distance_cost": 1.760879637290494, "oscillation_cost": 97.77486003288675, "completition_cost": 0.0, "overshoot_cost": 54.72320567863746, "power_cost": 24.489473400878907, "noise_cost": 23.051857800606594, "n_waypoints_completed": 9, "tot_waypoints": 9}}
{"target": -270.1773435441851, "params": {"k_pid_pos": [1.8782315834627368, 1.0, 1.0], "k_pid_alt": [2.0, 0.38445865105953575, 1.0], "k_pid_att": [24.854914886666048, 0.0001, 1.0], "k_pid_yaw": [0.5, 1e-06, 0.1], "k_pid_hsp": [4.740526502126817, 1.0, 0.0], "k_pid_vsp": [221.82515987587902, 339.1962454908047, 137.10881939740094]}, "datetime": {"datetime": "2025-08-12 09:00:51", "elapsed": 59731.19008111954, "delta": 44.3962140083313}, "costs": {"total_cost": 270.1773435441851, "time_cost": 103.71900000000001, "final_distance_cost": 1.7607262738970333, "oscillation_cost": 57.565346286169934, "completition_cost": 0.0, "overshoot_cost": 54.701535750158264, "power_cost": 27.927313793945313, "noise_cost": 24.503421440014552, "n_waypoints_completed": 9, "tot_waypoints": 9}}
{"target": -756.4798162745459, "params": {"k_pid_pos": [0.6419764645933865, 0.7848523321292269, 0.11796242922812705], "k_pid_alt": [0.3347553592226642, 0.20619979727022208, 0.6817708091884047], "k_pid_att": [29.924908915833413, 9.630816378355474, 0.79007415614701], "k_pid_yaw": [0.5, 1e-06, 0.1], "k_pid_hsp": [1.8183275162982355, 0.49074499633087676, 0.49472567066247397], "k_pid_vsp": [224.15316779736077, 328.7635998609505, 13.426560735687643]}, "datetime": {"datetime": "2025-08-12 09:01:38", "elapsed": 59777.81891775131, "delta": 46.6288366317749}, "costs": {"total_cost": 756.4798162745459, "time_cost": 150, "final_distance_cost": 72.01160328099964, "oscillation_cost": 188.74225758711808, "completition_cost": 222.2222222222222, "overshoot_cost": 57.55075566297025, "power_cost": 34.293648498535156, "noise_cost": 31.659329022700636, "n_waypoints_completed": 7, "tot_waypoints": 9}}
{"target": -342.9184208220869, "params": {"k_pid_pos": [0.9110981893178027, 0.8977433456840666, 0.6238275181732351], "k_pid_alt": [0.9783746383257741, 0.8976047774740784, 0.03227430895725414], "k_pid_att": [13.516141341229604, 7.44449778548731, 0.1256461076685953], "k_pid_yaw": [0.5, 1e-06, 0.1], "k_pid_hsp": [1.7911973984247107, 0.5232915858535917, 0.014059874046056464], "k_pid_vsp": [248.24945416995465, 270.3552349096986, 34.27678059541707]}, "datetime": {"datetime": "2025-08-12 09:02:20", "elapsed": 59819.507531642914, "delta": 41.68861389160156}, "costs": {"total_cost": 342.9184208220869, "time_cost": 115.71000000000001, "final_distance_cost": 1.7660469166090123, "oscillation_cost": 106.20153224422243, "completition_cost": 0.0, "overshoot_cost": 61.58039647499575, "power_cost": 29.710451684570312, "noise_cost": 27.949993501689374, "n_waypoints_completed": 9, "tot_waypoints": 9}}
{"target": -475.9654432045128, "params": {"k_pid_pos": [1.2627406964827044, 0.7067607208436941, 0.9576423889608988], "k_pid_alt": [1.6769959127067986, 0.2877217502793884, 0.3106236106917488], "k_pid_att": [41.50716511642912, 7.027276214010902, 0.7690700120951144], "k_pid_yaw": [0.5, 1e-06, 0.1], "k_pid_hsp": [7.346129067881644, 0.18939916122177136, 0.837064075771139], "k_pid_vsp": [276.9350190741642, 323.7269772253783, 65.52382745669901]}, "datetime": {"datetime": "2025-08-12 09:02:52", "elapsed": 59851.37520122528, "delta": 31.867669582366943}, "costs": {"total_cost": 475.9654432045128, "time_cost": 91.574, "final_distance_cost": 1.7735396783969084, "oscillation_cost": 280.3808615231412, "completition_cost": 0.0, "overshoot_cost": 52.92661059376067, "power_cost": 26.700105078125002, "noise_cost": 22.610326331088988, "n_waypoints_completed": 9, "tot_waypoints": 9}}
{"target": -308.634089027019, "params": {"k_pid_pos": [1.7633765818504938, 0.23121970812454606, 0.2735020428825823], "k_pid_alt": [1.6626520803022249, 0.8531829861118516, 0.3254717768252329], "k_pid_att": [5.8517908909872185, 2.5612076112432103, 0.8890610718580098], "k_pid_yaw": [0.5, 1e-06, 0.1], "k_pid_hsp": [8.173797160883844, 0.00964787080192131, 0.5602298511773863], "k_pid_vsp": [269.2911165162896, 261.08245110098505, 51.618806361976404]}, "datetime": {"datetime": "2025-08-12 09:03:38", "elapsed": 59898.21123313904, "delta": 46.836031913757324}, "costs": {"total_cost": 308.634089027019, "time_cost": 87.157, "final_distance_cost": 1.7399085687267069, "oscillation_cost": 120.02890729148662, "completition_cost": 0.0, "overshoot_cost": 53.935593822075134, "power_cost": 23.835178515625, "noise_cost": 21.937500829105566, "n_waypoints_completed": 9, "tot_waypoints": 9}}
{"target": -1362.2851955388921, "params": {"k_pid_pos": [0.06718103209650125, 0.7991609924368475, 0.5573174857710236], "k_pid_alt": [0.747000443797591, 0.975535125183304, 0.0490954129105069], "k_pid_att": [26.80184839570693, 4.308396951912344, 0.2620458033687655], "k_pid_yaw": [0.5, 1e-06, 0.1], "k_pid_hsp": [7.6389385533445635, 0.038919004386240075, 0.7471547676393024], "k_pid_vsp": [283.66105455217576, 352.8261259150555, 24.10106834490916]}, "datetime": {"datetime": "2025-08-12 09:04:16", "elapsed": 59936.28117656708, "delta": 38.06994342803955}, "costs": {"total_cost": 1362.2851955388921, "time_cost": 150, "final_distance_cost": 50.914966374098896, "oscillation_cost": 377.21642250217235, "completition_cost": 666.6666666666667, "overshoot_cost": 53.223667426058675, "power_cost": 33.67433385009766, "noise_cost": 30.589138719797862, "n_waypoints_completed": 3, "tot_waypoints": 9}}
{"target": -1077.1893258438631, "params": {"k_pid_pos": [0.6451853708240964, 0.19831130829219734, 0.07506075457447003], "k_pid_alt": [0.8668914502411662, 0.7441505560797134, 0.2630974427969719], "k_pid_att": [24.566309058157444, 3.1300885357547714, 0.12174185187617825], "k_pid_yaw": [0.5, 1e-06, 0.1], "k_pid_hsp": [4.2627802011312275, 0.0049758786658078424, 0.7230170788489899], "k_pid_vsp": [301.0639107951154, 320.54933391807083, 175.94722452268195]}, "datetime": {"datetime": "2025-08-12 09:05:02", "elapsed": 59981.615757226944, "delta": 45.33458065986633}, "costs": {"total_cost": 1077.1893258438631, "time_cost": 150, "final_distance_cost": 63.15847929374891, "oscillation_cost": 525.3310070506274, "completition_cost": 222.2222222222222, "overshoot_cost": 53.79874877413873, "power_cost": 33.93420739746094, "noise_cost": 28.744661105664946, "n_waypoints_completed": 7, "tot_waypoints": 9}}
{"target": -539.6548175625335, "params": {"k_pid_pos": [1.3411810699373372, 0.5610405464148239, 0.7086866140006902], "k_pid_alt": [0.7743431999764243, 0.5890801186928558, 0.501519389390647], "k_pid_att": [16.2737651205074, 3.1794566726960016, 0.6619698832102769], "k_pid_yaw": [0.5, 1e-06, 0.1], "k_pid_hsp": [2.5570917800393462, 0.9361550903127692, 0.7812061174742644], "k_pid_vsp": [195.81826876730898, 327.5241833969383, 5.536914897474592]}, "datetime": {"datetime": "2025-08-12 09:05:45", "elapsed": 60024.820419073105, "delta": 43.20466184616089}, "costs": {"total_cost": 539.6548175625335, "time_cost": 119.959, "final_distance_cost": 1.7547848164977156, "oscillation_cost": 296.4198298063307, "completition_cost": 0.0, "overshoot_cost": 60.682848051661786, "power_cost": 28.170033312988284, "noise_cost": 32.668321575055074, "n_waypoints_completed": 9, "tot_waypoints": 9}}
{"target": -1046.5259884538787, "params": {"k_pid_pos": [0.5684190391466903, 0.22845695065634664, 0.10400570783197205], "k_pid_alt": [0.32747840589437516, 0.9317663000569764, 0.028963118208297], "k_pid_att": [20.612355819146476, 2.819706774454731, 0.24828321350428273], "k_pid_yaw": [0.5, 1e-06, 0.1], "k_pid_hsp": [3.1763967992179407, 0.07446660737182664, 0.5389142880949364], "k_pid_vsp": [195.1577359674183, 328.65970646622276, 7.67259040617615]}, "datetime": {"datetime": "2025-08-12 09:06:34", "elapsed": 60073.493325948715, "delta": 48.67290687561035}, "costs": {"total_cost": 1046.5259884538787, "time_cost": 150, "final_distance_cost": 70.36312540282913, "oscillation_cost": 481.7845111853969, "completition_cost": 222.2222222222222, "overshoot_cost": 59.755270076228754, "power_cost": 30.02630057373047, "noise_cost": 32.3745589934711, "n_waypoints_completed": 7, "tot_waypoints": 9}}
{"target": -452.42836707148035, "params": {"k_pid_pos": [1.561861711450055, 0.8408198509225732, 0.32886473327727406], "k_pid_alt": [0.7938037145179879, 0.566718363013302, 0.9222177626298966], "k_pid_att": [14.203400355297902, 0.3264490692048053, 0.5561235080031659], "k_pid_yaw": [0.5, 1e-06, 0.1], "k_pid_hsp": [5.607700759868313, 0.8134887136740796, 0.6251966256335999], "k_pid_vsp": [79.91267377904316, 194.34546477240437, 37.263207167289416]}, "datetime": {"datetime": "2025-08-12 09:07:12", "elapsed": 60111.885925769806, "delta": 38.3925998210907}, "costs": {"total_cost": 452.42836707148035, "time_cost": 118.041, "final_distance_cost": 1.7730561972623282, "oscillation_cost": 201.5149241458541, "completition_cost": 0.0, "overshoot_cost": 65.44715532212726, "power_cost": 33.84079537353516, "noise_cost": 31.811436032701483, "n_waypoints_completed": 9, "tot_waypoints": 9}}
{"target": -1248.5396676572836, "params": {"k_pid_pos": [1.6200625159191309, 0.9420076283638149, 0.9110280901706947], "k_pid_alt": [0.20503242613871953, 0.4042879462571686, 0.18970648167987647], "k_pid_att": [21.081625818812366, 2.034593517978036, 0.3595321934956702], "k_pid_yaw": [0.5, 1e-06, 0.1], "k_pid_hsp": [1.6834579464851522, 0.8846436733783472, 0.9435124512796471], "k_pid_vsp": [238.39128920059002, 34.760198777092505, 42.74199625854578]}, "datetime": {"datetime": "2025-08-12 09:07:49", "elapsed": 60149.21366405487, "delta": 37.3277382850647}, "costs": {"total_cost": 1248.5396676572836, "time_cost": 150, "final_distance_cost": 46.407673397603745, "oscillation_cost": 251.88884736400797, "completition_cost": 666.6666666666667, "overshoot_cost": 67.2938919979819, "power_cost": 33.92663260498047, "noise_cost": 32.355955626042814, "n_waypoints_completed": 3, "tot_waypoints": 9}}
{"target": -422.701700581584, "params": {"k_pid_pos": [2.0, 1.0, 1.0], "k_pid_alt": [2.0, 1.0, 0.0], "k_pid_att": [36.26717646891405, 5.344033013949628, 1.0], "k_pid_yaw": [0.5, 1e-06, 0.1], "k_pid_hsp": [5.544259133114867, 0.0, 1.0], "k_pid_vsp": [227.38574549634365, 325.72796284816445, 22.72288940362602]}, "datetime": {"datetime": "2025-08-12 09:08:30", "elapsed": 60190.331491708755, "delta": 41.11782765388489}, "costs": {"total_cost": 422.701700581584, "time_cost": 97.629, "final_distance_cost": 1.7876669325261592, "oscillation_cost": 208.3778283372395, "completition_cost": 0.0, "overshoot_cost": 60.69674673893053, "power_cost": 28.05008269042969, "noise_cost": 26.160375882458116, "n_waypoints_completed": 9, "tot_waypoints": 9}}
{"target": -323.30622807553283, "params": {"k_pid_pos": [1.6285012738641529, 0.8991592340143214, 0.7753527952924308], "k_pid_alt": [1.2404619289082917, 0.5500344092910685, 0.02092296790799978], "k_pid_att": [5.9944772271167714, 7.156710480362033, 1.0], "k_pid_yaw": [0.5, 1e-06, 0.1], "k_pid_hsp": [7.1181062296438515, 0.0, 0.43533444493909224], "k_pid_vsp": [293.19476877563966, 346.93332370810595, 143.4207280131716]}, "datetime": {"datetime": "2025-08-12 09:09:05", "elapsed": 60224.55667304993, "delta": 34.225181341171265}, "costs": {"total_cost": 323.30622807553283, "time_cost": 88.375, "final_distance_cost": 1.7640115893923665, "oscillation_cost": 131.07942960947327, "completition_cost": 0.0, "overshoot_cost": 55.73945997443567, "power_cost": 24.665529919433595, "noise_cost": 21.682796982797946, "n_waypoints_completed": 9, "tot_waypoints": 9}}
{"target": -690.8543427150612, "params": {"k_pid_pos": [1.0137046103944443, 0.7594845402048819, 0.1510104466351273], "k_pid_alt": [0.713800416901933, 0.7719377356613132, 0.6214549560144952], "k_pid_att": [14.392758982782505, 9.92738998634298, 0.42652327123298317], "k_pid_yaw": [0.5, 1e-06, 0.1], "k_pid_hsp": [5.863422559187787, 0.55482272190726, 0.2832043132760491], "k_pid_vsp": [190.82095712080468, 329.57312288879035, 4.64886867939552]}, "datetime": {"datetime": "2025-08-12 09:09:54", "elapsed": 60274.23478984833, "delta": 49.67811679840088}, "costs": {"total_cost": 690.8543427150612, "time_cost": 150, "final_distance_cost": 28.26496587991572, "oscillation_cost": 273.68992490834273, "completition_cost": 111.11111111111116, "overshoot_cost": 64.29158476291096, "power_cost": 29.83167995605469, "noise_cost": 33.66507609672585, "n_waypoints_completed": 8, "tot_waypoints": 9}}
{"target": -938.2176193541796, "params": {"k_pid_pos": [1.4083857337389827, 0.7711076381684367, 0.5534968334981026], "k_pid_alt": [0.2140347751034697, 0.4842066180770116, 0.12931302503065267], "k_pid_att": [19.648819494220525, 1.3902598073435257, 0.6722586006654855], "k_pid_yaw": [0.5, 1e-06, 0.1], "k_pid_hsp": [1.5755909870562124, 0.848052887983563, 0.6159258768379614], "k_pid_vsp": [289.92194693945925, 348.763569640922, 89.77563476741445]}, "datetime": {"datetime": "2025-08-12 09:10:32", "elapsed": 60312.22000455856, "delta": 37.985214710235596}, "costs": {"total_cost": 938.2176193541796, "time_cost": 150, "final_distance_cost": 47.64099728720041, "oscillation_cost": 163.85329956508247, "completition_cost": 444.4444444444444, "overshoot_cost": 65.07231663301773, "power_cost": 35.43939008789063, "noise_cost": 31.767171336543925, "n_waypoints_completed": 5, "tot_waypoints": 9}}
{"target": -951.0984695673336, "params": {"k_pid_pos": [1.0684218533506638, 0.668127928928613, 0.6070925611111556], "k_pid_alt": [1.3404999839644887, 0.8638823838320266, 0.6835725492374084], "k_pid_att": [25.53237086738066, 2.2109124413354704, 0.24204404272897928], "k_pid_yaw": [0.5, 1e-06, 0.1], "k_pid_hsp": [3.6111922124868245, 0.7654241115249202, 0.5678820773212705], "k_pid_vsp": [217.94406971515605, 325.2817141589025, 132.8343362070067]}, "datetime": {"datetime": "2025-08-12 09:11:14", "elapsed": 60354.01155972481, "delta": 41.79155516624451}, "costs": {"total_cost": 951.0984695673336, "time_cost": 150, "final_distance_cost": 66.36850864943348, "oscillation_cost": 394.2471389719036, "completition_cost": 222.2222222222222, "overshoot_cost": 52.522546409108685, "power_cost": 35.625819006347655, "noise_cost": 30.11223430831799, "n_waypoints_completed": 7, "tot_waypoints": 9}}
{"target": -734.865169286844, "params": {"k_pid_pos": [1.9540953043707265, 0.015208988300307591, 0.5501136084207755], "k_pid_alt": [0.505443143119876, 0.46474266327252267, 0.9664445588506815], "k_pid_att": [27.519760556671457, 1.905679725481875, 0.5748331311903934], "k_pid_yaw": [0.5, 1e-06, 0.1], "k_pid_hsp": [2.789026050563742, 0.9144457489150997, 0.9199354920657372], "k_pid_vsp": [248.06424964509145, 274.3538576619387, 40.48894308870597]}, "datetime": {"datetime": "2025-08-12 09:11:57", "elapsed": 60397.247611522675, "delta": 43.23605179786682}, "costs": {"total_cost": 734.865169286844, "time_cost": 150, "final_distance_cost": 35.128778899922445, "oscillation_cost": 316.4631409712248, "completition_cost": 111.11111111111116, "overshoot_cost": 58.58083525896041, "power_cost": 34.41286815185547, "noise_cost": 29.168434893769696, "n_waypoints_completed": 8, "tot_waypoints": 9}}
{"target": -905.5610697533043, "params": {"k_pid_pos": [0.5310123343627534, 0.6671685143692558, 0.5749819132474141], "k_pid_alt": [0.741527402885265, 0.9681962450169728, 0.7373986764996198], "k_pid_att": [29.369453191921135, 6.403605520672603, 0.2527431153474037], "k_pid_yaw": [0.5, 1e-06, 0.1], "k_pid_hsp": [9.570873652224313, 0.615395198514208, 0.44683572524649573], "k_pid_vsp": [223.6917180922354, 283.66268942731216, 60.872758237906474]}, "datetime": {"datetime": "2025-08-12 09:12:45", "elapsed": 60445.32882523537, "delta": 48.08121371269226}, "costs": {"total_cost": 905.5610697533043, "time_cost": 150, "final_distance_cost": 63.761643408298546, "oscillation_cost": 465.08214817604465, "completition_cost": 111.11111111111116, "overshoot_cost": 52.15873716485257, "power_cost": 33.51315693359375, "noise_cost": 29.934272959403575, "n_waypoints_completed": 8, "tot_waypoints": 9}}
{"target": -504.1897576106796, "params": {"k_pid_pos": [1.8884044148206056, 0.15615693746043402, 0.7858382962919465], "k_pid_alt": [0.44863151640920673, 0.31392681803209443, 0.6485162471045813], "k_pid_att": [17.16789352085283, 2.0073900408867704, 0.11111518475237803], "k_pid_yaw": [0.5, 1e-06, 0.1], "k_pid_hsp": [5.910682875083514, 0.38462153070009064, 0.4063008369278762], "k_pid_vsp": [184.56644957600847, 327.74987717029796, 1.9798864969576386]}, "datetime": {"datetime": "2025-08-12 09:13:27", "elapsed": 60486.447845458984, "delta": 41.119020223617554}, "costs": {"total_cost": 504.1897576106796, "time_cost": 87.57000000000001, "final_distance_cost": 1.7623798882943056, "oscillation_cost": 314.8181105864622, "completition_cost": 0.0, "overshoot_cost": 53.27534638786106, "power_cost": 22.11081140136719, "noise_cost": 24.653109346694826, "n_waypoints_completed": 9, "tot_waypoints": 9}}
{"target": -801.3798011400818, "params": {"k_pid_pos": [1.8236246586449163, 0.6654065474203134, 0.0318212298500512], "k_pid_alt": [0.0972180767792632, 0.1796386282643414, 0.9107803670642133], "k_pid_att": [4.486810444203471, 2.322077398046834, 0.374392531808191], "k_pid_yaw": [0.5, 1e-06, 0.1], "k_pid_hsp": [8.740766223712638, 0.02337399762104786, 0.1625995960039327], "k_pid_vsp": [183.46767616324829, 327.7907547884447, 15.330942036360979]}, "datetime": {"datetime": "2025-08-12 09:14:14", "elapsed": 60533.84015464783, "delta": 47.39230918884277}, "costs": {"total_cost": 801.3798011400818, "time_cost": 150, "final_distance_cost": 70.12202775449035, "oscillation_cost": 126.63231089290251, "completition_cost": 333.33333333333337, "overshoot_cost": 56.2906817982777, "power_cost": 32.34897215576172, "noise_cost": 32.652475205316144, "n_waypoints_completed": 6, "tot_waypoints": 9}}
{"target": -391.299590612615, "params": {"k_pid_pos": [1.7923636214995582, 0.8789861250024378, 0.12448561632424504], "k_pid_alt": [1.917363588942043, 0.017000454341203675, 0.635855811659406], "k_pid_att": [52.47966589334051, 6.072554246162, 0.7515203698300711], "k_pid_yaw": [0.5, 1e-06, 0.1], "k_pid_hsp": [4.293340781058235, 0.7581957402798734, 0.40606314946529276], "k_pid_vsp": [125.66619896299476, 92.01927336630982, 52.947971677173435]}, "datetime": {"datetime": "2025-08-12 09:14:48", "elapsed": 60568.117605924606, "delta": 34.277451276779175}, "costs": {"total_cost": 391.299590612615, "time_cost": 102.592, "final_distance_cost": 1.740361758182603, "oscillation_cost": 156.93181191922514, "completition_cost": 0.0, "overshoot_cost": 70.28243167235549, "power_cost": 31.25574578857422, "noise_cost": 28.497239474277613, "n_waypoints_completed": 9, "tot_waypoints": 9}}
