{"target": -432.34982277051284, "params": {"k_pid_pos": [0.5053762660971115, 0.029661071770513137, 0.1634188052618082], "k_pid_alt": [1.1235544622338023, 0.2542176624208591, 0.3403098384222252], "k_pid_att": [46.559360077029424, 5.554890446908061, 0.7452204424155139], "k_pid_yaw": [0.5, 1e-06, 0.1], "k_pid_hsp": [3.5390952892565557, 0.6451768578169329, 0.44690563818415796], "k_pid_vsp": [126.39674653205142, 101.58494184335815, 57.96251637920118]}, "datetime": {"datetime": "2025-08-12 03:55:36", "elapsed": 41416.002502679825, "delta": 33.11934566497803}, "costs": {"total_cost": 432.34982277051284, "time_cost": 84.56700000000001, "final_distance_cost": 1.826531300368032, "oscillation_cost": 249.27704786716208, "completition_cost": 0.0, "overshoot_cost": 53.31747562257998, "power_cost": 22.99648240966797, "noise_cost": 20.36528557073475, "n_waypoints_completed": 9, "tot_waypoints": 9}}
{"target": -968.8629794591129, "params": {"k_pid_pos": [0.3973805248407124, 0.9110097487353287, 0.8061237811806283], "k_pid_alt": [0.7217794953564682, 0.990408489622719, 0.6391421568295224], "k_pid_att": [9.548503553302467, 7.690415060041401, 0.3989101723168931], "k_pid_yaw": [0.5, 1e-06, 0.1], "k_pid_hsp": [9.624205371395172, 0.5700611526439667, 0.4442278326666065], "k_pid_vsp": [299.08993533820086, 355.1632920790525, 89.17136537507926]}, "datetime": {"datetime": "2025-08-12 03:56:12", "elapsed": 41451.94905209541, "delta": 35.94654941558838}, "costs": {"total_cost": 968.8629794591129, "time_cost": 150, "final_distance_cost": 57.68444658016736, "oscillation_cost": 316.87596146354105, "completition_cost": 333.33333333333337, "overshoot_cost": 49.268982213856454, "power_cost": 32.40993513183594, "noise_cost": 29.290320736378725, "n_waypoints_completed": 6, "tot_waypoints": 9}}
{"target": -555.3838568085281, "params": {"k_pid_pos": [1.0881672748793176, 0.10968772067084964, 0.8273730598992937], "k_pid_alt": [1.4063529552180893, 0.9379366104247764, 0.37153004801616174], "k_pid_att": [23.046822563459735, 3.193258505549671, 0.40879500415711223], "k_pid_yaw": [0.5, 1e-06, 0.1], "k_pid_hsp": [6.743701558724464, 0.6397626050974141, 0.8124465515262734], "k_pid_vsp": [298.8538160347018, 315.56729699150276, 162.59115869639714]}, "datetime": {"datetime": "2025-08-12 03:56:44", "elapsed": 41483.458955049515, "delta": 31.509902954101562}, "costs": {"total_cost": 555.3838568085281, "time_cost": 90.118, "final_distance_cost": 1.7623155479417767, "oscillation_cost": 359.42978139220907, "completition_cost": 0.0, "overshoot_cost": 57.880226340735064, "power_cost": 24.274847692871095, "noise_cost": 21.918685834771082, "n_waypoints_completed": 9, "tot_waypoints": 9}}
{"target": -883.2087405169913, "params": {"k_pid_pos": [0.19771987550417772, 0.9893795763889458, 0.3424492273171199], "k_pid_alt": [1.2212178994945175, 0.05928839329886593, 0.332868631747793], "k_pid_att": [88.23960751549785, 8.005434128571778, 0.8481600319035966], "k_pid_yaw": [0.5, 1e-06, 0.1], "k_pid_hsp": [4.67465631160102, 0.9634639711286248, 0.655095168844445], "k_pid_vsp": [285.9798350359607, 291.22908647265837, 362.48913490342875]}, "datetime": {"datetime": "2025-08-12 03:57:22", "elapsed": 41521.72597241402, "delta": 38.26701736450195}, "costs": {"total_cost": 883.2087405169913, "time_cost": 150, "final_distance_cost": 60.817494574879284, "oscillation_cost": 199.68282977202196, "completition_cost": 333.33333333333337, "overshoot_cost": 71.49082859120843, "power_cost": 38.27963143310547, "noise_cost": 29.604622812442685, "n_waypoints_completed": 6, "tot_waypoints": 9}}
{"target": -2060.070306563085, "params": {"k_pid_pos": [0.4632730280994099, 0.5357720993493118, 0.22981299416260403], "k_pid_alt": [1.0819165178919419, 0.4908045194295103, 0.37091968199415926], "k_pid_att": [1.5634160470459513, 9.465871450439009, 0.782192380852749], "k_pid_yaw": [0.5, 1e-06, 0.1], "k_pid_hsp": [7.9607185468304, 0.03097277831723133, 0.06353020279206967], "k_pid_vsp": [238.69755209477, 259.54675150580084, 12.712268259128127]}, "datetime": {"datetime": "2025-08-12 03:57:58", "elapsed": 41558.21811270714, "delta": 36.49214029312134}, "costs": {"total_cost": 2060.070306563085, "time_cost": 150, "final_distance_cost": 13.095949921055725, "oscillation_cost": 570.2082050456816, "completition_cost": 1000.0, "overshoot_cost": 153.12157485179654, "power_cost": 58.89016107177735, "noise_cost": 114.7544156727736, "n_waypoints_completed": 0, "tot_waypoints": 9}}
{"target": -1263.3976408811502, "params": {"k_pid_pos": [1.0386015395879495, 0.83022117218614, 0.1732084765764318], "k_pid_alt": [0.34675507556482055, 0.7762554658268922, 0.0037735301598281756], "k_pid_att": [61.19704774451389, 6.5656492987125805, 0.25297776655369897], "k_pid_yaw": [0.5, 1e-06, 0.1], "k_pid_hsp": [5.8167150447586, 0.7545420665548107, 0.502279671527158], "k_pid_vsp": [396.8627914017365, 123.94287291488618, 98.52280141120005]}, "datetime": {"datetime": "2025-08-12 03:58:35", "elapsed": 41595.04751443863, "delta": 36.82940173149109}, "costs": {"total_cost": 1263.3976408811502, "time_cost": 150, "final_distance_cost": 44.79326955610804, "oscillation_cost": 387.82367356304707, "completition_cost": 555.5555555555555, "overshoot_cost": 58.670967011367296, "power_cost": 36.126855786132815, "noise_cost": 30.427319408939095, "n_waypoints_completed": 4, "tot_waypoints": 9}}
{"target": -475.36393436143015, "params": {"k_pid_pos": [1.4613034919519874, 0.5932672142030241, 0.3753947503632531], "k_pid_alt": [1.3855531262737346, 0.21269112635805554, 0.04853136978177952], "k_pid_att": [18.879836482019265, 9.581717591747205, 0.8257978222726756], "k_pid_yaw": [0.5, 1e-06, 0.1], "k_pid_hsp": [6.729993193148457, 0.09292727966928083, 0.9328353543515627], "k_pid_vsp": [48.22077966365783, 342.1794361891188, 137.02739096666625]}, "datetime": {"datetime": "2025-08-12 03:59:09", "elapsed": 41629.37098836899, "delta": 34.32347393035889}, "costs": {"total_cost": 475.36393436143015, "time_cost": 95.70400000000001, "final_distance_cost": 1.7370065935397658, "oscillation_cost": 268.1626609025865, "completition_cost": 0.0, "overshoot_cost": 58.96850153133858, "power_cost": 27.267539697265626, "noise_cost": 23.52422563669966, "n_waypoints_completed": 9, "tot_waypoints": 9}}
{"target": -477.30858325251774, "params": {"k_pid_pos": [0.6361123499758494, 0.45518980322271185, 0.07209268619749465], "k_pid_alt": [0.1561248436641769, 0.4776023394210547, 0.5525418875576913], "k_pid_att": [11.78649878340835, 7.139778663105545, 0.3868395657743161], "k_pid_yaw": [0.5, 1e-06, 0.1], "k_pid_hsp": [8.13651141668704, 0.8916103893374796, 0.3264817377662327], "k_pid_vsp": [238.97811400201257, 266.9379571456815, 36.37380431097754]}, "datetime": {"datetime": "2025-08-12 03:59:49", "elapsed": 41669.24676370621, "delta": 39.87577533721924}, "costs": {"total_cost": 477.30858325251774, "time_cost": 112.94500000000001, "final_distance_cost": 1.7890372867999011, "oscillation_cost": 241.77416470469987, "completition_cost": 0.0, "overshoot_cost": 63.25480715839827, "power_cost": 30.29931696777344, "noise_cost": 27.246257134846257, "n_waypoints_completed": 9, "tot_waypoints": 9}}
{"target": -382.44153595525796, "params": {"k_pid_pos": [1.3177426432368937, 0.9264646843686497, 0.508978927481307], "k_pid_alt": [1.431397058358735, 0.6678195975306351, 0.9991049683502227], "k_pid_att": [7.671143649220358, 2.4579410916433275, 0.7394895439249755], "k_pid_yaw": [0.5, 1e-06, 0.1], "k_pid_hsp": [3.8062942247233584, 0.3818949230578239, 0.729806342914854], "k_pid_vsp": [239.04164669048473, 268.8099820073824, 21.005427031987836]}, "datetime": {"datetime": "2025-08-12 04:00:24", "elapsed": 41703.83450770378, "delta": 34.58774399757385}, "costs": {"total_cost": 382.44153595525796, "time_cost": 109.44500000000001, "final_distance_cost": 1.7938377320342695, "oscillation_cost": 150.4536321424087, "completition_cost": 0.0, "overshoot_cost": 62.60902452501561, "power_cost": 30.038516271972657, "noise_cost": 28.101525283826728, "n_waypoints_completed": 9, "tot_waypoints": 9}}
{"target": -819.9136746812903, "params": {"k_pid_pos": [1.6981390867641557, 0.4469742009301062, 0.42907764577088714], "k_pid_alt": [0.5739109845172603, 0.4343417816002427, 0.6187375989358884], "k_pid_att": [51.02051449433155, 1.3484630770888177, 0.19422712250975227], "k_pid_yaw": [0.5, 1e-06, 0.1], "k_pid_hsp": [4.536943803331965, 0.9151130349801364, 0.6133658660551009], "k_pid_vsp": [392.8214230105411, 112.00546927209366, 92.01651831896751]}, "datetime": {"datetime": "2025-08-12 04:01:05", "elapsed": 41744.720021009445, "delta": 40.88551330566406}, "costs": {"total_cost": 819.9136746812903, "time_cost": 150, "final_distance_cost": 51.52771173809238, "oscillation_cost": 379.6973519925874, "completition_cost": 111.11111111111116, "overshoot_cost": 60.70603004194404, "power_cost": 36.37296240234375, "noise_cost": 30.498507395211625, "n_waypoints_completed": 8, "tot_waypoints": 9}}
{"target": -1092.9071567635, "params": {"k_pid_pos": [0.43735314349540755, 0.28413963022262767, 0.8687692726687226], "k_pid_alt": [0.12720800707628355, 0.6900548236300037, 0.086959938776909], "k_pid_att": [7.845302770070395, 1.244625125232569, 0.11136135866862595], "k_pid_yaw": [0.5, 1e-06, 0.1], "k_pid_hsp": [9.8328976834812, 0.803644522002831, 0.723447288449967], "k_pid_vsp": [296.15632667458516, 304.0596198818217, 171.76964883678977]}, "datetime": {"datetime": "2025-08-12 04:01:42", "elapsed": 41781.955877542496, "delta": 37.23585653305054}, "costs": {"total_cost": 1092.9071567635, "time_cost": 150, "final_distance_cost": 77.54110347398702, "oscillation_cost": 410.57524802105553, "completition_cost": 333.33333333333337, "overshoot_cost": 60.4231374666358, "power_cost": 31.909712829589846, "noise_cost": 29.12462163889848, "n_waypoints_completed": 6, "tot_waypoints": 9}}
{"target": -879.7644377424915, "params": {"k_pid_pos": [0.6005106906917579, 0.7180577404060103, 0.4542070553085191], "k_pid_alt": [0.929208084971956, 0.8474478449406874, 0.24262095488348956], "k_pid_att": [13.383067905883706, 7.057204698985325, 0.538074485881761], "k_pid_yaw": [0.5, 1e-06, 0.1], "k_pid_hsp": [8.549393684317895, 0.24257654167806664, 0.27339660029467183], "k_pid_vsp": [298.3850280354947, 301.57020534776154, 164.93642156403757]}, "datetime": {"datetime": "2025-08-12 04:02:19", "elapsed": 41818.52923846245, "delta": 36.57336091995239}, "costs": {"total_cost": 879.7644377424915, "time_cost": 150, "final_distance_cost": 72.34500726695919, "oscillation_cost": 319.83952869840925, "completition_cost": 222.2222222222222, "overshoot_cost": 55.63588437782372, "power_cost": 31.154207641601563, "noise_cost": 28.567587535475543, "n_waypoints_completed": 7, "tot_waypoints": 9}}
{"target": -513.8140219433831, "params": {"k_pid_pos": [1.461822757326263, 0.04717938931105736, 0.8357973481753171], "k_pid_alt": [0.3955777315649045, 0.7391925972565375, 0.6153513054661104], "k_pid_att": [28.725334071179454, 1.458287711940841, 0.9948792484673199], "k_pid_yaw": [0.5, 1e-06, 0.1], "k_pid_hsp": [5.0263403561050595, 0.22669664947062007, 0.09782095986537309], "k_pid_vsp": [332.58888251089957, 278.1060124817362, 234.97934725898037]}, "datetime": {"datetime": "2025-08-12 04:02:53", "elapsed": 41852.486573934555, "delta": 33.957335472106934}, "costs": {"total_cost": 513.8140219433831, "time_cost": 101.136, "final_distance_cost": 1.8271414186789556, "oscillation_cost": 290.1606083849324, "completition_cost": 0.0, "overshoot_cost": 67.96188303862483, "power_cost": 28.205561145019534, "noise_cost": 24.522827956127305, "n_waypoints_completed": 9, "tot_waypoints": 9}}
{"target": -410.98357973504216, "params": {"k_pid_pos": [2.0, 0.49630692177002056, 0.8004812384451855], "k_pid_alt": [2.0, 1.0, 0.19571050650311433], "k_pid_att": [39.49111706942591, 4.85854764045609, 1.0], "k_pid_yaw": [0.5, 1e-06, 0.1], "k_pid_hsp": [4.342333236636357, 0.36037541354588754, 0.42427383651382095], "k_pid_vsp": [226.48863596377234, 325.10128490324803, 17.845338421528812]}, "datetime": {"datetime": "2025-08-12 04:03:22", "elapsed": 41881.539001226425, "delta": 29.052427291870117}, "costs": {"total_cost": 410.98357973504216, "time_cost": 81.648, "final_distance_cost": 1.7855188647843399, "oscillation_cost": 229.57702042948566, "completition_cost": 0.0, "overshoot_cost": 54.03064836477486, "power_cost": 23.387237438964846, "noise_cost": 20.555154637032484, "n_waypoints_completed": 9, "tot_waypoints": 9}}
{"target": -491.0881623179049, "params": {"k_pid_pos": [0.9177387211928599, 0.4897841079752555, 0.03742699023248286], "k_pid_alt": [1.3329729544686648, 0.2732801357144301, 0.5569972066941358], "k_pid_att": [52.98557133476783, 1.4795361693260352, 0.6734598184723705], "k_pid_yaw": [0.5, 1e-06, 0.1], "k_pid_hsp": [2.7085503355020593, 0.9222925268274903, 0.4781004631520317], "k_pid_vsp": [220.69729799776147, 96.81487321770935, 37.34837887909334]}, "datetime": {"datetime": "2025-08-12 04:03:58", "elapsed": 41917.672226667404, "delta": 36.133225440979004}, "costs": {"total_cost": 491.0881623179049, "time_cost": 107.59700000000001, "final_distance_cost": 1.7752613328822375, "oscillation_cost": 264.53394548412416, "completition_cost": 0.0, "overshoot_cost": 58.98880512509014, "power_cost": 31.63852517089844, "noise_cost": 26.554625204909893, "n_waypoints_completed": 9, "tot_waypoints": 9}}
{"target": -792.3876991723811, "params": {"k_pid_pos": [0.5597960088230393, 0.9619815270957685, 0.5055705289384367], "k_pid_alt": [0.6158483447766374, 0.4194020850551873, 0.8032076966532525], "k_pid_att": [42.13297755210901, 0.8672534593489651, 0.07575805087665943], "k_pid_yaw": [0.5, 1e-06, 0.1], "k_pid_hsp": [1.3206151850121, 0.03248509341455885, 0.5230818086414932], "k_pid_vsp": [51.299619521235805, 359.96336563259337, 81.87517669017083]}, "datetime": {"datetime": "2025-08-12 04:04:36", "elapsed": 41955.5872399807, "delta": 37.91501331329346}, "costs": {"total_cost": 792.3876991723811, "time_cost": 150, "final_distance_cost": 63.03274808458545, "oscillation_cost": 322.9910625489074, "completition_cost": 111.11111111111116, "overshoot_cost": 78.91975862346946, "power_cost": 36.191180468750005, "noise_cost": 30.141838335557615, "n_waypoints_completed": 8, "tot_waypoints": 9}}
{"target": -603.7502289611459, "params": {"k_pid_pos": [2.0, 1.0, 0.0], "k_pid_alt": [2.0, 1.0, 1.0], "k_pid_att": [38.63637894735417, 6.143369767573124, 1.0], "k_pid_yaw": [0.5, 1e-06, 0.1], "k_pid_hsp": [10.0, 1.0, 1.0], "k_pid_vsp": [230.13442869943148, 17.41344363865823, 35.04494785310576]}, "datetime": {"datetime": "2025-08-12 04:05:18", "elapsed": 41997.7717525959, "delta": 42.18451261520386}, "costs": {"total_cost": 603.7502289611459, "time_cost": 150, "final_distance_cost": 10.149000485515984, "oscillation_cost": 190.28232929377867, "completition_cost": 111.11111111111116, "overshoot_cost": 75.07875981585897, "power_cost": 36.055473132324224, "noise_cost": 31.073555122556925, "n_waypoints_completed": 8, "tot_waypoints": 9}}
{"target": -687.3142300513773, "params": {"k_pid_pos": [1.7884413088576432, 0.22934770697428775, 0.5499993851050637], "k_pid_alt": [1.3728574667494196, 0.1445376360461892, 0.2930924688432782], "k_pid_att": [49.4739394752595, 5.413822959213271, 0.3428617952376687], "k_pid_yaw": [0.5, 1e-06, 0.1], "k_pid_hsp": [2.024163948626466, 0.6652846194413042, 0.6318577669695737], "k_pid_vsp": [396.11344226848587, 116.76160114981069, 97.9126918324728]}, "datetime": {"datetime": "2025-08-12 04:05:55", "elapsed": 42034.86944293976, "delta": 37.09769034385681}, "costs": {"total_cost": 687.3142300513773, "time_cost": 150, "final_distance_cost": 67.82910758594245, "oscillation_cost": 242.44346514771289, "completition_cost": 111.11111111111116, "overshoot_cost": 49.22886958173199, "power_cost": 37.31053742675781, "noise_cost": 29.391139198120932, "n_waypoints_completed": 8, "tot_waypoints": 9}}
{"target": -1217.7549605922522, "params": {"k_pid_pos": [0.2738848210386962, 0.6791013193073746, 0.49500833654725507], "k_pid_alt": [0.6712571870176138, 0.9988717313827261, 0.328642326469631], "k_pid_att": [30.908198311968192, 2.760825539785051, 0.1294022136132923], "k_pid_yaw": [0.5, 1e-06, 0.1], "k_pid_hsp": [3.1107844310444768, 0.3192983474750095, 0.06188565066428964], "k_pid_vsp": [333.5756208835689, 287.6237136660766, 228.91151742532787]}, "datetime": {"datetime": "2025-08-12 04:06:36", "elapsed": 42075.83269953728, "delta": 40.96325659751892}, "costs": {"total_cost": 1217.7549605922522, "time_cost": 150, "final_distance_cost": 54.29431093973143, "oscillation_cost": 450.10186977064615, "completition_cost": 444.4444444444444, "overshoot_cost": 55.158952427136555, "power_cost": 33.57491872558594, "noise_cost": 30.180464284707725, "n_waypoints_completed": 5, "tot_waypoints": 9}}
{"target": -315.2426177916563, "params": {"k_pid_pos": [1.3601388220343322, 0.8779626544670287, 0.9620920702927979], "k_pid_alt": [0.36695555149578163, 0.5431869278716218, 0.593876664245407], "k_pid_att": [13.954556203630853, 0.15304710023473309, 0.7754625441230485], "k_pid_yaw": [0.5, 1e-06, 0.1], "k_pid_hsp": [3.6567147547546597, 0.2740842225104616, 0.0446854313187961], "k_pid_vsp": [52.91905862493618, 338.233292961744, 157.9857606320178]}, "datetime": {"datetime": "2025-08-12 04:07:18", "elapsed": 42118.294702768326, "delta": 42.462003231048584}, "costs": {"total_cost": 315.2426177916563, "time_cost": 109.144, "final_distance_cost": 1.7633033198807544, "oscillation_cost": 80.40011783998864, "completition_cost": 0.0, "overshoot_cost": 65.73232615579374, "power_cost": 27.99039127197266, "noise_cost": 30.212479204020504, "n_waypoints_completed": 9, "tot_waypoints": 9}}
{"target": -1323.0978794433026, "params": {"k_pid_pos": [0.27347262552436596, 0.7226857886288012, 0.9640567817943092], "k_pid_alt": [1.6348752149079506, 0.7019065053791371, 0.054127823312633216], "k_pid_att": [30.599262907817415, 3.1499704001584004, 0.7680583990757845], "k_pid_yaw": [0.5, 1e-06, 0.1], "k_pid_hsp": [5.132035701104478, 0.7743995960264576, 0.7004230691435697], "k_pid_vsp": [341.80439334162276, 270.7605692980046, 245.94254108168815]}, "datetime": {"datetime": "2025-08-12 04:07:59", "elapsed": 42158.555814266205, "delta": 40.26111149787903}, "costs": {"total_cost": 1323.0978794433026, "time_cost": 150, "final_distance_cost": 47.43681969286597, "oscillation_cost": 458.2768987101919, "completition_cost": 555.5555555555555, "overshoot_cost": 50.65475394155186, "power_cost": 32.94416655273438, "noise_cost": 28.229684990402692, "n_waypoints_completed": 4, "tot_waypoints": 9}}
{"target": -308.8846638204968, "params": {"k_pid_pos": [1.1285958553184297, 0.8803237481345474, 0.1880793429033939], "k_pid_alt": [0.8497506363151253, 0.03597129308660851, 0.2969982250081623], "k_pid_att": [16.16133926475667, 3.5258631402578917, 0.37059723933245947], "k_pid_yaw": [0.5, 1e-06, 0.1], "k_pid_hsp": [8.127065779980635, 0.7732056970966824, 0.06254454114042318], "k_pid_vsp": [227.54081339322045, 34.66094704295092, 34.312809206310774]}, "datetime": {"datetime": "2025-08-12 04:08:37", "elapsed": 42196.387701272964, "delta": 37.831887006759644}, "costs": {"total_cost": 308.8846638204968, "time_cost": 102.662, "final_distance_cost": 1.838910400209898, "oscillation_cost": 91.77432504911633, "completition_cost": 0.0, "overshoot_cost": 57.56611948941096, "power_cost": 28.33889481201172, "noise_cost": 26.70441406974788, "n_waypoints_completed": 9, "tot_waypoints": 9}}
{"target": -418.1109476197932, "params": {"k_pid_pos": [2.0, 0.09129022576764878, 1.0], "k_pid_alt": [2.0, 0.49990904266646624, 0.0], "k_pid_att": [39.41157840856048, 2.1602082035699697, 1.0], "k_pid_yaw": [0.5, 1e-06, 0.1], "k_pid_hsp": [4.281055271851127, 1.0, 0.1977338615458397], "k_pid_vsp": [182.36884036974143, 304.9178576844012, 142.6095106371439]}, "datetime": {"datetime": "2025-08-12 04:09:09", "elapsed": 42229.22170782089, "delta": 32.834006547927856}, "costs": {"total_cost": 418.1109476197932, "time_cost": 80.5, "final_distance_cost": 1.8038484081670456, "oscillation_cost": 240.58322635467775, "completition_cost": 0.0, "overshoot_cost": 51.686630840349025, "power_cost": 23.533221691894532, "noise_cost": 20.004020324704815, "n_waypoints_completed": 9, "tot_waypoints": 9}}
{"target": -496.6959128028482, "params": {"k_pid_pos": [0.7265385671694721, 0.1530173362811309, 0.5225984742666755], "k_pid_alt": [0.6563087882874667, 0.29747277409989115, 0.8113193179480863], "k_pid_att": [10.916359897925886, 4.343317607703505, 0.47011800112251534], "k_pid_yaw": [0.5, 1e-06, 0.1], "k_pid_hsp": [7.142485219458239, 0.8937695768844564, 0.7410273574159891], "k_pid_vsp": [279.30490537303416, 366.4356631809963, 26.02190101255328]}, "datetime": {"datetime": "2025-08-12 04:09:45", "elapsed": 42264.60747432709, "delta": 35.38576650619507}, "costs": {"total_cost": 496.6959128028482, "time_cost": 107.61800000000001, "final_distance_cost": 1.7411901772199299, "oscillation_cost": 278.5717765808406, "completition_cost": 0.0, "overshoot_cost": 56.525869358136426, "power_cost": 26.9239974609375, "noise_cost": 25.31507922571376, "n_waypoints_completed": 9, "tot_waypoints": 9}}
{"target": -587.9158213086813, "params": {"k_pid_pos": [0.53689428656251, 0.16226901009769057, 0.15489971715713835], "k_pid_alt": [1.1594364178818812, 0.6208595730983872, 0.6342147256976329], "k_pid_att": [54.980810982317486, 4.467656962310385, 0.13875341187570311], "k_pid_yaw": [0.5, 1e-06, 0.1], "k_pid_hsp": [2.523570507090998, 0.9383368010854146, 0.4721097343858611], "k_pid_vsp": [221.57747546606882, 91.83529732921765, 42.710694736087966]}, "datetime": {"datetime": "2025-08-12 04:10:22", "elapsed": 42301.60754394531, "delta": 37.0000696182251}, "costs": {"total_cost": 587.9158213086813, "time_cost": 114.807, "final_distance_cost": 1.770604978375791, "oscillation_cost": 348.61149947769957, "completition_cost": 0.0, "overshoot_cost": 60.14823447217992, "power_cost": 33.54952244873047, "noise_cost": 29.02895993169549, "n_waypoints_completed": 9, "tot_waypoints": 9}}
