{"target": -388.11280858906593, "params": {"k_pid_pos": [1.6387150102863428, 0.006365314558547608, 0.9103922404629896], "k_pid_alt": [0.318743375513608, 0.3839905315263441, 0.563837455582382], "k_pid_att": [22.88540093413951, 4.736134697337908, 0.8907869667395225], "k_pid_yaw": [0.5, 1e-06, 0.1], "k_pid_hsp": [0.9804640734893934, 0.34457422420268013, 0.21858954597525415], "k_pid_vsp": [82.34503687832131, 218.0657974446255, 42.506453765510855]}, "datetime": {"datetime": "2025-08-11 23:31:17", "elapsed": 25557.346544981003, "delta": 25.25800395011902}, "costs": {"total_cost": 388.11280858906593, "time_cost": 85.414, "final_distance_cost": 1.7886262520866238, "oscillation_cost": 200.5151184635002, "completition_cost": 0.0, "overshoot_cost": 56.22838528560309, "power_cost": 23.113095031738283, "noise_cost": 21.053583556137735, "n_waypoints_completed": 9, "tot_waypoints": 9}}
{"target": -2001.626858948087, "params": {"k_pid_pos": [0.0001, 0.0, 1.0], "k_pid_alt": [2.0, 1.0, 0.0], "k_pid_att": [67.90453968391728, 5.218299303336788, 1.0], "k_pid_yaw": [0.5, 1e-06, 0.1], "k_pid_hsp": [10.0, 1.0, 1.0], "k_pid_vsp": [235.47839138921867, 332.7781980008715, 258.7185161822049]}, "datetime": {"datetime": "2025-08-11 23:31:52", "elapsed": 25591.943084955215, "delta": 34.59653997421265}, "costs": {"total_cost": 2001.626858948087, "time_cost": 150, "final_distance_cost": 46.446179267347866, "oscillation_cost": 704.5857051066554, "completition_cost": 1000.0, "overshoot_cost": 38.813231441155814, "power_cost": 34.399422082519536, "noise_cost": 27.3823210504083, "n_waypoints_completed": 0, "tot_waypoints": 9}}
{"target": -441.60245348444334, "params": {"k_pid_pos": [1.521193327276775, 0.9039136266527857, 0.5876792881118593], "k_pid_alt": [1.9647788566482187, 0.012704216911314514, 0.9097477980530796], "k_pid_att": [58.44506232171114, 3.0613389813634124, 0.7969877370848292], "k_pid_yaw": [0.5, 1e-06, 0.1], "k_pid_hsp": [5.041966279246299, 0.37382005897149284, 0.30011575980994487], "k_pid_vsp": [218.64760298680025, 100.60402124458145, 36.86876674963911]}, "datetime": {"datetime": "2025-08-11 23:32:17", "elapsed": 25617.1373796463, "delta": 25.194294691085815}, "costs": {"total_cost": 441.60245348444334, "time_cost": 84.77, "final_distance_cost": 1.7702051183592296, "oscillation_cost": 251.29307812336282, "completition_cost": 0.0, "overshoot_cost": 56.21128750119891, "power_cost": 25.49658132324219, "noise_cost": 22.061301418280234, "n_waypoints_completed": 9, "tot_waypoints": 9}}
{"target": -421.50834933258216, "params": {"k_pid_pos": [1.9091591952144307, 0.5496739859267313, 0.729272952606731], "k_pid_alt": [1.3685733905315167, 0.729294932561202, 0.1787168169135957], "k_pid_att": [12.056260140944099, 8.756257012272075, 0.6233680048892218], "k_pid_yaw": [0.5, 1e-06, 0.1], "k_pid_hsp": [7.302663064432421, 0.24015254959625762, 0.6158325171569285], "k_pid_vsp": [292.389637538645, 355.3084906097587, 89.599355669149]}, "datetime": {"datetime": "2025-08-11 23:32:44", "elapsed": 25643.642439603806, "delta": 26.505059957504272}, "costs": {"total_cost": 421.50834933258216, "time_cost": 88.515, "final_distance_cost": 1.7903046296251601, "oscillation_cost": 230.58503394252662, "completition_cost": 0.0, "overshoot_cost": 53.51788393021882, "power_cost": 24.237285095214844, "noise_cost": 22.86284173499665, "n_waypoints_completed": 9, "tot_waypoints": 9}}
{"target": -512.8166971542408, "params": {"k_pid_pos": [1.4579544628841041, 0.374187750615114, 0.7504947023102997], "k_pid_alt": [1.6309644989541878, 0.6372986819611266, 0.7651505284190339], "k_pid_att": [37.71858074062193, 2.12284500868745, 0.028374391153656142], "k_pid_yaw": [0.5, 1e-06, 0.1], "k_pid_hsp": [5.66097699245291, 0.6076346421976218, 0.044956230576919776], "k_pid_vsp": [335.67851217046086, 283.40738399489385, 246.66606010058166]}, "datetime": {"datetime": "2025-08-11 23:33:09", "elapsed": 25668.469096899033, "delta": 24.82665729522705}, "costs": {"total_cost": 512.8166971542408, "time_cost": 86.97500000000001, "final_distance_cost": 1.781948511477603, "oscillation_cost": 320.5869097005241, "completition_cost": 0.0, "overshoot_cost": 55.37282609314385, "power_cost": 26.04109735107422, "noise_cost": 22.05891549802116, "n_waypoints_completed": 9, "tot_waypoints": 9}}
{"target": -389.70473019734777, "params": {"k_pid_pos": [1.4189830051411592, 1.0, 0.7514424589746864], "k_pid_alt": [2.0, 0.0, 0.5107382906782592], "k_pid_att": [37.44963951117556, 0.7067567964474077, 0.659095599840048], "k_pid_yaw": [0.5, 1e-06, 0.1], "k_pid_hsp": [7.409322208891432, 0.6248101374964364, 0.23718022341938405], "k_pid_vsp": [197.84596594177398, 246.7766834971359, 119.88159232435767]}, "datetime": {"datetime": "2025-08-11 23:33:35", "elapsed": 25694.637852430344, "delta": 26.168755531311035}, "costs": {"total_cost": 389.70473019734777, "time_cost": 85.015, "final_distance_cost": 1.8461738082959276, "oscillation_cost": 199.9196623250926, "completition_cost": 0.0, "overshoot_cost": 54.54717412904718, "power_cost": 25.04426569824219, "noise_cost": 23.332454236669875, "n_waypoints_completed": 9, "tot_waypoints": 9}}
{"target": -462.0641596076777, "params": {"k_pid_pos": [2.0, 0.0, 0.0], "k_pid_alt": [2.0, 1.0, 1.0], "k_pid_att": [13.716202350623513, 4.195238397697592, 0.0], "k_pid_yaw": [0.5, 1e-06, 0.1], "k_pid_hsp": [10.0, 1.0, 0.0], "k_pid_vsp": [290.26960496970935, 354.2415529095363, 90.90188508466476]}, "datetime": {"datetime": "2025-08-11 23:34:02", "elapsed": 25721.459262132645, "delta": 26.821409702301025}, "costs": {"total_cost": 462.0641596076777, "time_cost": 86.807, "final_distance_cost": 1.7220000798196553, "oscillation_cost": 272.74195269740886, "completition_cost": 0.0, "overshoot_cost": 54.09137919981299, "power_cost": 23.897941076660157, "noise_cost": 22.803886553976042, "n_waypoints_completed": 9, "tot_waypoints": 9}}
{"target": -1708.4090285694053, "params": {"k_pid_pos": [0.017233975115050273, 0.286870414915663, 0.5240704910000646], "k_pid_alt": [0.5296711933923173, 0.7329560942009277, 0.820142820934106], "k_pid_att": [70.8446334335865, 6.195348275152654, 0.3286107000312284], "k_pid_yaw": [0.5, 1e-06, 0.1], "k_pid_hsp": [8.564920519629203, 0.8577474520146141, 0.9495908068073441], "k_pid_vsp": [88.96191777705451, 351.4414105064953, 42.02733247604774]}, "datetime": {"datetime": "2025-08-11 23:34:36", "elapsed": 25755.881377220154, "delta": 34.422115087509155}, "costs": {"total_cost": 1708.4090285694053, "time_cost": 150, "final_distance_cost": 52.518364303121714, "oscillation_cost": 693.3385058419378, "completition_cost": 666.6666666666667, "overshoot_cost": 81.78250204753382, "power_cost": 34.56819877929688, "noise_cost": 29.53479093084851, "n_waypoints_completed": 3, "tot_waypoints": 9}}
{"target": -1860.1411691442527, "params": {"k_pid_pos": [0.7023138843910918, 0.11286152448965536, 0.814610595416482], "k_pid_alt": [0.09701365422184693, 0.7060019498005169, 0.49299124808283024], "k_pid_att": [54.20444087448837, 9.462281915719025, 0.000898390330184462], "k_pid_yaw": [0.5, 1e-06, 0.1], "k_pid_hsp": [3.7837867054121985, 0.2646514770177202, 0.44905449666458486], "k_pid_vsp": [217.30876189385424, 112.50984763246622, 33.06530628741781]}, "datetime": {"datetime": "2025-08-11 23:35:09", "elapsed": 25789.07763338089, "delta": 33.196256160736084}, "costs": {"total_cost": 1860.1411691442527, "time_cost": 150, "final_distance_cost": 95.91591794235154, "oscillation_cost": 726.4913777870444, "completition_cost": 777.7777777777778, "overshoot_cost": 46.416039614194744, "power_cost": 35.90556589355469, "noise_cost": 27.634490129329702, "n_waypoints_completed": 2, "tot_waypoints": 9}}
{"target": -1311.6072990218704, "params": {"k_pid_pos": [0.09573339998779393, 0.9157995986419616, 0.9698041086881564], "k_pid_alt": [1.3443772171001622, 0.05103974910130338, 0.094866874169095], "k_pid_att": [11.166696573374523, 8.060834141511721, 0.14369885204776167], "k_pid_yaw": [0.5, 1e-06, 0.1], "k_pid_hsp": [9.669420607175537, 0.7287033456749282, 0.5393376137551046], "k_pid_vsp": [314.5251767812028, 399.7294443733507, 245.17484757326125]}, "datetime": {"datetime": "2025-08-11 23:35:44", "elapsed": 25823.598866462708, "delta": 34.52123308181763}, "costs": {"total_cost": 1311.6072990218704, "time_cost": 150, "final_distance_cost": 54.16370414151516, "oscillation_cost": 329.38036000958147, "completition_cost": 666.6666666666667, "overshoot_cost": 50.97306621995321, "power_cost": 32.12409475097657, "noise_cost": 28.29940723317728, "n_waypoints_completed": 3, "tot_waypoints": 9}}
{"target": -680.5611425556947, "params": {"k_pid_pos": [1.8771370494113735, 0.9378479877750715, 0.09002654350612993], "k_pid_alt": [1.1004812385536955, 0.5518840597188659, 0.8729306068511987], "k_pid_att": [51.9906181332868, 5.707205974914863, 0.8468163211205367], "k_pid_yaw": [0.5, 1e-06, 0.1], "k_pid_hsp": [3.962878681752776, 0.25235793700139797, 0.4188777571143898], "k_pid_vsp": [201.9616493140093, 227.19474239065494, 125.39373448474495]}, "datetime": {"datetime": "2025-08-11 23:36:17", "elapsed": 25856.586369752884, "delta": 32.98750329017639}, "costs": {"total_cost": 680.5611425556947, "time_cost": 150, "final_distance_cost": 65.1462230185304, "oscillation_cost": 207.66567673829115, "completition_cost": 111.11111111111116, "overshoot_cost": 79.21078412871083, "power_cost": 37.19802028808594, "noise_cost": 30.229327270965364, "n_waypoints_completed": 8, "tot_waypoints": 9}}
{"target": -2100.966542474838, "params": {"k_pid_pos": [0.06737564572026898, 0.7406602091414879, 0.02152689522283502], "k_pid_alt": [0.4259234621190573, 0.37704437040642536, 0.2672255518334026], "k_pid_att": [53.45677735627456, 5.3123040321199175, 0.2613594611817146], "k_pid_yaw": [0.5, 1e-06, 0.1], "k_pid_hsp": [0.014217307096847499, 0.18258072224227972, 0.47793104346022597], "k_pid_vsp": [214.26199566604973, 104.10066295312652, 34.93489245664063]}, "datetime": {"datetime": "2025-08-11 23:36:50", "elapsed": 25889.986917734146, "delta": 33.40054798126221}, "costs": {"total_cost": 2100.966542474838, "time_cost": 150, "final_distance_cost": 55.63903682092554, "oscillation_cost": 752.0013476893585, "completition_cost": 888.8888888888888, "overshoot_cost": 192.2244052281672, "power_cost": 34.11991418457031, "noise_cost": 28.092949662927808, "n_waypoints_completed": 1, "tot_waypoints": 9}}
{"target": -1334.0454243426657, "params": {"k_pid_pos": [0.2100738151348178, 0.8746966439212759, 0.5824956992424116], "k_pid_alt": [0.843889817211344, 0.912284766798193, 0.252045355321628], "k_pid_att": [27.478074722386147, 3.324137511969167, 0.2016552559712983], "k_pid_yaw": [0.5, 1e-06, 0.1], "k_pid_hsp": [3.9958569911124218, 0.9934483928155803, 0.5058853048574992], "k_pid_vsp": [226.87093404903064, 25.78398156233686, 31.708149667332023]}, "datetime": {"datetime": "2025-08-11 23:37:27", "elapsed": 25927.07439303398, "delta": 37.087475299835205}, "costs": {"total_cost": 1334.0454243426657, "time_cost": 150, "final_distance_cost": 57.040368830823596, "oscillation_cost": 332.54019577849016, "completition_cost": 666.6666666666667, "overshoot_cost": 60.728872161015296, "power_cost": 35.519396569824224, "noise_cost": 31.549924335845606, "n_waypoints_completed": 3, "tot_waypoints": 9}}
{"target": -997.605042254877, "params": {"k_pid_pos": [0.7165839926562869, 0.8031675774507262, 0.5461055214300202], "k_pid_alt": [0.4493834818473493, 0.1144107228923465, 0.22601116398660348], "k_pid_att": [22.88375163524477, 3.673069825404429, 0.5648284856278947], "k_pid_yaw": [0.5, 1e-06, 0.1], "k_pid_hsp": [3.883758319528956, 0.6468101876346886, 0.7075902711702096], "k_pid_vsp": [5.818850836777991, 133.14158019318748, 51.042983957079606]}, "datetime": {"datetime": "2025-08-11 23:38:03", "elapsed": 25962.689843416214, "delta": 35.615450382232666}, "costs": {"total_cost": 997.605042254877, "time_cost": 150, "final_distance_cost": 72.46773605559471, "oscillation_cost": 328.57621752671866, "completition_cost": 333.33333333333337, "overshoot_cost": 49.749034486499085, "power_cost": 33.969658886718754, "noise_cost": 29.50906196601237, "n_waypoints_completed": 6, "tot_waypoints": 9}}
{"target": -1018.9522871782974, "params": {"k_pid_pos": [0.8349184364529368, 0.5624253911937238, 0.03908330470603749], "k_pid_alt": [0.1435374633241131, 0.909759191946021, 0.9756534906262238], "k_pid_att": [60.76815272889012, 1.187196637481853, 0.272224837581061], "k_pid_yaw": [0.5, 1e-06, 0.1], "k_pid_hsp": [4.8299288458550755, 0.6746225182105492, 0.6198825796936804], "k_pid_vsp": [341.72829285640586, 296.6113627322056, 191.9924616437081]}, "datetime": {"datetime": "2025-08-11 23:38:37", "elapsed": 25996.543292999268, "delta": 33.85344958305359}, "costs": {"total_cost": 1018.9522871782974, "time_cost": 150, "final_distance_cost": 81.37958350939965, "oscillation_cost": 435.76963687123396, "completition_cost": 222.2222222222222, "overshoot_cost": 64.7305948379448, "power_cost": 35.130570776367186, "noise_cost": 29.719678961129596, "n_waypoints_completed": 7, "tot_waypoints": 9}}
{"target": -361.0711117353784, "params": {"k_pid_pos": [1.1639385124533466, 0.11937267695008014, 0.6181199303903345], "k_pid_alt": [0.8693994399049874, 0.6197159547059655, 0.17850969062356836], "k_pid_att": [3.258710747156035, 0.5517942805354916, 0.5406044967867446], "k_pid_yaw": [0.5, 1e-06, 0.1], "k_pid_hsp": [2.5316905339511977, 0.9164099206579692, 0.9167834694685348], "k_pid_vsp": [320.6685556695099, 397.7693019971781, 242.63321170484915]}, "datetime": {"datetime": "2025-08-11 23:39:08", "elapsed": 26027.61368203163, "delta": 31.07038903236389}, "costs": {"total_cost": 361.0711117353784, "time_cost": 107.296, "final_distance_cost": 1.7627312585776362, "oscillation_cost": 133.9496911134216, "completition_cost": 0.0, "overshoot_cost": 63.03089062043092, "power_cost": 29.00324771728516, "noise_cost": 26.028551025663074, "n_waypoints_completed": 9, "tot_waypoints": 9}}
{"target": -536.1658984757394, "params": {"k_pid_pos": [0.9073601323617281, 0.41037139618678553, 0.022741444268711164], "k_pid_alt": [1.519738906438056, 0.08117062518105223, 0.9161103118175231], "k_pid_att": [34.64211358081444, 6.667554121493631, 0.47346498594340924], "k_pid_yaw": [0.5, 1e-06, 0.1], "k_pid_hsp": [9.254446927826075, 0.817130266926338, 0.740822492665075], "k_pid_vsp": [225.291732723744, 18.97740421512483, 57.15767642479302]}, "datetime": {"datetime": "2025-08-11 23:39:38", "elapsed": 26057.790474891663, "delta": 30.176792860031128}, "costs": {"total_cost": 536.1658984757394, "time_cost": 101.983, "final_distance_cost": 1.7728771104805827, "oscillation_cost": 324.1226641471727, "completition_cost": 0.0, "overshoot_cost": 53.76276245511924, "power_cost": 29.386117687988282, "noise_cost": 25.138477074978546, "n_waypoints_completed": 9, "tot_waypoints": 9}}
{"target": -800.4412269621542, "params": {"k_pid_pos": [0.37446098574395853, 0.33370863974601006, 0.38254473597225536], "k_pid_alt": [1.7366959025725701, 0.3352359537917463, 0.5884914896834478], "k_pid_att": [51.08622201667662, 7.800122208057078, 0.8092468682140015], "k_pid_yaw": [0.5, 1e-06, 0.1], "k_pid_hsp": [4.8505846148075555, 0.6499025965752852, 0.5388695767740543], "k_pid_vsp": [396.9133819686071, 124.11978703246952, 100.60830615857745]}, "datetime": {"datetime": "2025-08-11 23:40:14", "elapsed": 26093.52325487137, "delta": 35.73277997970581}, "costs": {"total_cost": 800.4412269621542, "time_cost": 150, "final_distance_cost": 64.25951683884455, "oscillation_cost": 364.94422398476024, "completition_cost": 111.11111111111116, "overshoot_cost": 50.17971345206024, "power_cost": 32.495115930175785, "noise_cost": 27.451545645202238, "n_waypoints_completed": 8, "tot_waypoints": 9}}
{"target": -1319.130011928097, "params": {"k_pid_pos": [0.4576231303781246, 0.41788175416877504, 0.9140074420337067], "k_pid_alt": [0.6545427669621133, 0.06562803633585035, 0.053837688379225646], "k_pid_att": [38.33118243620075, 2.791559344001784, 0.27601172062089496], "k_pid_yaw": [0.5, 1e-06, 0.1], "k_pid_hsp": [8.187525501114555, 0.6585840758274675, 0.5311572103385864], "k_pid_vsp": [226.971527432586, 14.835567253174231, 30.437592153697818]}, "datetime": {"datetime": "2025-08-11 23:40:47", "elapsed": 26126.430461883545, "delta": 32.907207012176514}, "costs": {"total_cost": 1319.130011928097, "time_cost": 150, "final_distance_cost": 73.68525366462843, "oscillation_cost": 655.3024458277763, "completition_cost": 333.33333333333337, "overshoot_cost": 44.047761430623304, "power_cost": 34.549014099121095, "noise_cost": 28.212203572614424, "n_waypoints_completed": 6, "tot_waypoints": 9}}
{"target": -1119.838580614692, "params": {"k_pid_pos": [1.7599316215745349, 0.15622689666915301, 0.8026557784488693], "k_pid_alt": [0.7505061188461348, 0.6295114262069622, 0.7527035116800342], "k_pid_att": [1.2745285987947552, 2.345492333836514, 0.018507414441330083], "k_pid_yaw": [0.5, 1e-06, 0.1], "k_pid_hsp": [3.165021931353871, 0.9636971802288853, 0.4622649234488313], "k_pid_vsp": [248.81911477712276, 273.3364166579591, 21.445006799276662]}, "datetime": {"datetime": "2025-08-11 23:41:21", "elapsed": 26160.54922580719, "delta": 34.11876392364502}, "costs": {"total_cost": 1119.838580614692, "time_cost": 150, "final_distance_cost": 44.0066637199477, "oscillation_cost": 354.3210888704001, "completition_cost": 444.4444444444444, "overshoot_cost": 64.19826627515864, "power_cost": 32.01134014892578, "noise_cost": 30.856777155815568, "n_waypoints_completed": 5, "tot_waypoints": 9}}
{"target": -435.9130364299368, "params": {"k_pid_pos": [1.722390807225601, 0.2785328488660932, 0.46392470469299274], "k_pid_alt": [0.2446455460602197, 0.3108865039671158, 0.2465680293785536], "k_pid_att": [63.85037094536925, 4.6034557023500495, 0.9325385773207485], "k_pid_yaw": [0.5, 1e-06, 0.1], "k_pid_hsp": [3.6919421257915737, 0.6939357504864685, 0.09096910168262706], "k_pid_vsp": [348.8990621130174, 294.77337100479133, 184.14194069108635]}, "datetime": {"datetime": "2025-08-11 23:41:49", "elapsed": 26188.750521183014, "delta": 28.201295375823975}, "costs": {"total_cost": 435.9130364299368, "time_cost": 93.842, "final_distance_cost": 1.7668973018351546, "oscillation_cost": 229.7047062879827, "completition_cost": 0.0, "overshoot_cost": 59.28057519154279, "power_cost": 28.00192868652344, "noise_cost": 23.316928962052792, "n_waypoints_completed": 9, "tot_waypoints": 9}}
{"target": -1472.0905377151778, "params": {"k_pid_pos": [0.07643323684496532, 0.24212102443975536, 0.2445211834417118], "k_pid_alt": [1.8161120474635386, 0.9936105745882313, 0.5459551413160725], "k_pid_att": [35.38683274520197, 7.516514585001004, 0.255525231555749], "k_pid_yaw": [0.5, 1e-06, 0.1], "k_pid_hsp": [6.946005768246127, 0.714615015858716, 0.5289670434296841], "k_pid_vsp": [202.1045426515271, 253.3962154622072, 115.97867620494445]}, "datetime": {"datetime": "2025-08-11 23:42:25", "elapsed": 26224.45396876335, "delta": 35.703447580337524}, "costs": {"total_cost": 1472.0905377151778, "time_cost": 150, "final_distance_cost": 52.07964158164635, "oscillation_cost": 596.9256410417349, "completition_cost": 555.5555555555555, "overshoot_cost": 54.48581532267275, "power_cost": 33.53951812744141, "noise_cost": 29.50436608612667, "n_waypoints_completed": 4, "tot_waypoints": 9}}
{"target": -856.932028155255, "params": {"k_pid_pos": [1.8076744832026905, 0.5567453657703376, 0.6777223172333859], "k_pid_alt": [0.04799942754950548, 0.5358786624956676, 0.7102066316725011], "k_pid_att": [34.189181362935706, 6.289021993008726, 0.4451293421901146], "k_pid_yaw": [0.5, 1e-06, 0.1], "k_pid_hsp": [9.090914167903646, 0.7252070194731085, 0.8314567058039893], "k_pid_vsp": [286.083562820537, 356.5858305886403, 24.843172419696778]}, "datetime": {"datetime": "2025-08-11 23:42:59", "elapsed": 26258.658056020737, "delta": 34.204087257385254}, "costs": {"total_cost": 856.932028155255, "time_cost": 150, "final_distance_cost": 38.064458091901905, "oscillation_cost": 426.78911134107926, "completition_cost": 111.11111111111116, "overshoot_cost": 66.2962086413057, "power_cost": 33.96742437744141, "noise_cost": 30.70371459241545, "n_waypoints_completed": 8, "tot_waypoints": 9}}
{"target": -377.2670195185923, "params": {"k_pid_pos": [2.0, 1.0, 0.36062053070000105], "k_pid_alt": [2.0, 1.0, 1.0], "k_pid_att": [42.04363864923978, 8.743557545073292, 0.5123928847417718], "k_pid_yaw": [0.5, 1e-06, 0.1], "k_pid_hsp": [8.76844715561124, 0.8966356657844643, 0.0], "k_pid_vsp": [231.10246997903792, 16.751595820399906, 34.85617263473035]}, "datetime": {"datetime": "2025-08-11 23:43:33", "elapsed": 26293.21585893631, "delta": 34.55780291557312}, "costs": {"total_cost": 377.2670195185923, "time_cost": 109.34, "final_distance_cost": 1.797002003336279, "oscillation_cost": 140.2172479873131, "completition_cost": 0.0, "overshoot_cost": 67.3085443997532, "power_cost": 30.956863500976564, "noise_cost": 27.647361627213126, "n_waypoints_completed": 9, "tot_waypoints": 9}}
{"target": -1131.3499227444424, "params": {"k_pid_pos": [1.8896253915864278, 0.07519796021693748, 0.2068013537968122], "k_pid_alt": [1.9986192512040295, 0.5111084819237715, 0.36032070410524275], "k_pid_att": [2.147584170795269, 3.8292037322100403, 0.8394338812154463], "k_pid_yaw": [0.5, 1e-06, 0.1], "k_pid_hsp": [5.078009779290774, 0.005371523445547699, 0.3047053717302338], "k_pid_vsp": [48.12913667042338, 364.36897355106737, 154.0303089512352]}, "datetime": {"datetime": "2025-08-11 23:44:07", "elapsed": 26327.196170568466, "delta": 33.98031163215637}, "costs": {"total_cost": 1131.3499227444424, "time_cost": 150, "final_distance_cost": 41.52879141197317, "oscillation_cost": 251.8540701465427, "completition_cost": 555.5555555555555, "overshoot_cost": 60.044849362950174, "power_cost": 41.32299162597656, "noise_cost": 31.043664641444412, "n_waypoints_completed": 4, "tot_waypoints": 9}}
