{"target": -514.9226609260934, "params": {"k_pid_pos": [1.2988990276405312, 0.5246421313631131, 0.6634633392004978], "k_pid_alt": [1.3498182054543462, 0.34302623824534967, 0.3815474312882478], "k_pid_att": [49.052796206768626, 3.234977993297123, 0.34355661859943154], "k_pid_yaw": [0.5, 1e-06, 0.1], "k_pid_hsp": [7.269371701015466, 0.7118604411460449, 0.3378127651884837], "k_pid_vsp": [213.57556948769823, 236.20475587223243, 136.8945292704546]}, "datetime": {"datetime": "2025-08-11 21:49:58", "elapsed": 19477.542879343033, "delta": 23.668580770492554}, "costs": {"total_cost": 514.9226609260934, "time_cost": 86.513, "final_distance_cost": 1.7887820826042478, "oscillation_cost": 328.44176030561147, "completition_cost": 0.0, "overshoot_cost": 52.32971463538456, "power_cost": 24.68725048828125, "noise_cost": 21.162153414211833, "n_waypoints_completed": 9, "tot_waypoints": 9}}
{"target": -980.2750622795218, "params": {"k_pid_pos": [0.3432078814807094, 0.02768232910613877, 0.7439514790427897], "k_pid_alt": [0.7569124880688993, 0.49848905541862654, 0.5734659429677536], "k_pid_att": [6.229167641948541, 3.5247719512115117, 0.9163289039234591], "k_pid_yaw": [0.5, 1e-06, 0.1], "k_pid_hsp": [6.959422129896085, 0.1088712476403727, 0.8018079310831331], "k_pid_vsp": [66.99136625548272, 344.8140911174146, 141.74096601545762]}, "datetime": {"datetime": "2025-08-11 21:50:30", "elapsed": 19509.94008421898, "delta": 32.397204875946045}, "costs": {"total_cost": 980.2750622795218, "time_cost": 150, "final_distance_cost": 44.94446065248087, "oscillation_cost": 216.65919522594498, "completition_cost": 444.4444444444444, "overshoot_cost": 64.36859841065139, "power_cost": 31.473828247070315, "noise_cost": 28.384535298929787, "n_waypoints_completed": 5, "tot_waypoints": 9}}
{"target": -1268.168003221671, "params": {"k_pid_pos": [2.0, 1.0, 0.46282983909054265], "k_pid_alt": [2.0, 0.0, 0.7034180340147619], "k_pid_att": [29.212350614412856, 3.033093901145993, 1.0], "k_pid_yaw": [0.5, 1e-06, 0.1], "k_pid_hsp": [0.0001, 1.0, 0.0], "k_pid_vsp": [220.8893356054985, 337.7990276400256, 141.13505281912632]}, "datetime": {"datetime": "2025-08-11 21:51:03", "elapsed": 19543.35431790352, "delta": 33.414233684539795}, "costs": {"total_cost": 1268.168003221671, "time_cost": 150, "final_distance_cost": 80.85540910762786, "oscillation_cost": 102.57469522822994, "completition_cost": 777.7777777777778, "overshoot_cost": 89.24024961735688, "power_cost": 38.65933854980469, "noise_cost": 29.06053294087383, "n_waypoints_completed": 2, "tot_waypoints": 9}}
{"target": -1414.9095429865413, "params": {"k_pid_pos": [1.967175845420401, 0.6623872636040509, 0.059562717724057856], "k_pid_alt": [0.6150341178468421, 0.994175877724922, 0.8563284254566366], "k_pid_att": [6.070279881959506, 7.838513613187867, 0.0031133909085937495], "k_pid_yaw": [0.5, 1e-06, 0.1], "k_pid_hsp": [1.67074421949306, 0.2482207280737495, 0.9484239250120379], "k_pid_vsp": [275.10872571191635, 354.9867484452768, 22.16088223463919]}, "datetime": {"datetime": "2025-08-11 21:51:37", "elapsed": 19576.75804543495, "delta": 33.403727531433105}, "costs": {"total_cost": 1414.9095429865413, "time_cost": 150, "final_distance_cost": 55.475786641351256, "oscillation_cost": 519.3951967653728, "completition_cost": 555.5555555555555, "overshoot_cost": 71.84990098721943, "power_cost": 31.8424951171875, "noise_cost": 30.79060791985456, "n_waypoints_completed": 4, "tot_waypoints": 9}}
{"target": -649.559479648891, "params": {"k_pid_pos": [0.5398906128530427, 0.7865013736056459, 0.9115103283576816], "k_pid_alt": [1.6561978848794991, 0.9707919463667377, 0.8255360074379663], "k_pid_att": [35.00268774645142, 3.8230067621836095, 0.2472752001478118], "k_pid_yaw": [0.5, 1e-06, 0.1], "k_pid_hsp": [8.13865475093719, 0.5789555056193899, 0.2571664452495642], "k_pid_vsp": [125.15650045402671, 374.22955278984966, 113.2961113538987]}, "datetime": {"datetime": "2025-08-11 21:52:09", "elapsed": 19608.659178495407, "delta": 31.901133060455322}, "costs": {"total_cost": 649.559479648891, "time_cost": 112.126, "final_distance_cost": 1.7785493490118984, "oscillation_cost": 415.37964652219785, "completition_cost": 0.0, "overshoot_cost": 59.763639961372874, "power_cost": 32.256899145507816, "noise_cost": 28.254744670800637, "n_waypoints_completed": 9, "tot_waypoints": 9}}
{"target": -312.4376805268054, "params": {"k_pid_pos": [1.689464880616582, 0.043820255344584336, 0.07314093054253645], "k_pid_alt": [1.282813011392615, 0.8198473451467485, 0.29864618039861524], "k_pid_att": [30.92154467104158, 8.056494278700688, 0.7721977849831476], "k_pid_yaw": [0.5, 1e-06, 0.1], "k_pid_hsp": [7.632383410489961, 0.6799406762979741, 0.038704005663111385], "k_pid_vsp": [233.05896603854367, 23.12680677137354, 33.99390882794631]}, "datetime": {"datetime": "2025-08-11 21:52:34", "elapsed": 19634.248544692993, "delta": 25.58936619758606}, "costs": {"total_cost": 312.4376805268054, "time_cost": 87.682, "final_distance_cost": 1.7749081705088958, "oscillation_cost": 120.45343031825853, "completition_cost": 0.0, "overshoot_cost": 56.55027843488004, "power_cost": 24.041685583496093, "noise_cost": 21.935378019661858, "n_waypoints_completed": 9, "tot_waypoints": 9}}
{"target": -1427.8346633935068, "params": {"k_pid_pos": [1.732160505811708, 0.9836869067357049, 0.20646412361215302], "k_pid_alt": [0.04890793456354121, 0.0, 0.6930283610944851], "k_pid_att": [56.21167111494105, 10.0, 1.0], "k_pid_yaw": [0.5, 1e-06, 0.1], "k_pid_hsp": [5.758197891282875, 0.2880963001617854, 0.7149203124929101], "k_pid_vsp": [41.37055506808436, 355.292279627771, 135.56327453538083]}, "datetime": {"datetime": "2025-08-11 21:53:07", "elapsed": 19667.250329732895, "delta": 33.00178503990173}, "costs": {"total_cost": 1427.8346633935068, "time_cost": 150, "final_distance_cost": 44.12956508483967, "oscillation_cost": 104.30710089203626, "completition_cost": 1000.0, "overshoot_cost": 58.975550354207215, "power_cost": 39.34465555419922, "noise_cost": 31.077791508224678, "n_waypoints_completed": 0, "tot_waypoints": 9}}
{"target": -2032.8615687726406, "params": {"k_pid_pos": [0.04050071433605945, 0.25824037431486635, 0.7080129597335308], "k_pid_alt": [0.13428158153696956, 0.7474373399956361, 0.7027258114248804], "k_pid_att": [58.54072947479001, 4.712265981772696, 0.16574889091927358], "k_pid_yaw": [0.5, 1e-06, 0.1], "k_pid_hsp": [0.2575505627693053, 0.9303473901432284, 0.9922962221770207], "k_pid_vsp": [210.33871229154627, 241.95256962985042, 127.01748639943965]}, "datetime": {"datetime": "2025-08-11 21:53:41", "elapsed": 19701.002568244934, "delta": 33.752238512039185}, "costs": {"total_cost": 2032.8615687726406, "time_cost": 150, "final_distance_cost": 39.59493187414309, "oscillation_cost": 728.0334703699777, "completition_cost": 1000.0, "overshoot_cost": 53.59030104027219, "power_cost": 34.25955300292969, "noise_cost": 27.383312485317745, "n_waypoints_completed": 0, "tot_waypoints": 9}}
{"target": -373.32846834169106, "params": {"k_pid_pos": [1.1135781455863332, 0.0633381158122025, 0.5290776424484189], "k_pid_alt": [1.024064612601454, 0.07990562457385231, 0.15278166196576626], "k_pid_att": [42.252779503957484, 3.809171055649858, 0.9417225024120822], "k_pid_yaw": [0.5, 1e-06, 0.1], "k_pid_hsp": [0.323698630579132, 0.538640801269212, 0.2039553833462049], "k_pid_vsp": [274.5520863801694, 308.8335713298576, 77.94894818972968]}, "datetime": {"datetime": "2025-08-11 21:54:08", "elapsed": 19728.290316343307, "delta": 27.287748098373413}, "costs": {"total_cost": 373.32846834169106, "time_cost": 99.302, "final_distance_cost": 1.7833129285623455, "oscillation_cost": 163.7048806436753, "completition_cost": 0.0, "overshoot_cost": 53.615102423991885, "power_cost": 30.03429528808594, "noise_cost": 24.88887705737564, "n_waypoints_completed": 9, "tot_waypoints": 9}}
{"target": -489.4083667232494, "params": {"k_pid_pos": [1.4976655310803315, 0.6952121003301036, 0.19232146314725485], "k_pid_alt": [0.7939226609700203, 0.045977525089756166, 0.09756607982764554], "k_pid_att": [55.245094869715075, 1.7763076349538736, 0.28259488472882477], "k_pid_yaw": [0.5, 1e-06, 0.1], "k_pid_hsp": [6.207030357862134, 0.6509291511117602, 0.17789344925752315], "k_pid_vsp": [207.87285015184028, 230.94310807052642, 122.35881852432881]}, "datetime": {"datetime": "2025-08-11 21:54:35", "elapsed": 19755.35671234131, "delta": 27.0663959980011}, "costs": {"total_cost": 489.4083667232494, "time_cost": 97.44, "final_distance_cost": 1.7505226108128573, "oscillation_cost": 277.2831143862122, "completition_cost": 0.0, "overshoot_cost": 58.60978790217121, "power_cost": 29.532616943359375, "noise_cost": 24.79232488069375, "n_waypoints_completed": 9, "tot_waypoints": 9}}
{"target": -392.3521999053396, "params": {"k_pid_pos": [1.924214245099118, 0.0, 0.027564870017245238], "k_pid_alt": [1.3650345164453206, 0.488231450350273, 0.09975407426283708], "k_pid_att": [41.35182300088209, 1.808715185859408, 0.7383234666388948], "k_pid_yaw": [0.5, 1e-06, 0.1], "k_pid_hsp": [4.624927926935887, 0.13788949550607305, 0.6233532785360719], "k_pid_vsp": [271.7919790174301, 306.89554720422797, 76.98462150029215]}, "datetime": {"datetime": "2025-08-11 21:55:00", "elapsed": 19779.640670776367, "delta": 24.283958435058594}, "costs": {"total_cost": 392.3521999053396, "time_cost": 88.886, "final_distance_cost": 1.7645948409108982, "oscillation_cost": 198.82082680076385, "completition_cost": 0.0, "overshoot_cost": 54.501858014039506, "power_cost": 25.843830224609377, "noise_cost": 22.53509002501599, "n_waypoints_completed": 9, "tot_waypoints": 9}}
{"target": -1150.4801297460056, "params": {"k_pid_pos": [1.8818935166466124, 0.2451992554797845, 0.9202607416362896], "k_pid_alt": [0.6993092618361134, 0.6762496146724462, 0.6194757356136783], "k_pid_att": [20.422599620818204, 0.2327405948643836, 0.05368008125957591], "k_pid_yaw": [0.5, 1e-06, 0.1], "k_pid_hsp": [3.5188273315604226, 0.0022013429734161205, 0.8774734265329055], "k_pid_vsp": [59.551135111605326, 349.20435860593943, 153.76348951013262]}, "datetime": {"datetime": "2025-08-11 21:55:34", "elapsed": 19814.315310001373, "delta": 34.6746392250061}, "costs": {"total_cost": 1150.4801297460056, "time_cost": 150, "final_distance_cost": 64.1537468458112, "oscillation_cost": 482.8758331804195, "completition_cost": 333.33333333333337, "overshoot_cost": 55.88947429487714, "power_cost": 33.62374017333985, "noise_cost": 30.60400191822435, "n_waypoints_completed": 6, "tot_waypoints": 9}}
{"target": -847.7734108350472, "params": {"k_pid_pos": [0.14463309075717923, 0.8056228945057342, 0.056835237749592885], "k_pid_alt": [0.3614520977300723, 0.33964694436201, 0.689608558706011], "k_pid_att": [48.31412676566197, 3.495973680272074, 1.0], "k_pid_yaw": [0.5, 1e-06, 0.1], "k_pid_hsp": [4.574516111737435, 0.0, 1.0], "k_pid_vsp": [213.51209519374834, 108.13871013655283, 35.83485036567835]}, "datetime": {"datetime": "2025-08-11 21:56:09", "elapsed": 19848.560235738754, "delta": 34.24492573738098}, "costs": {"total_cost": 847.7734108350472, "time_cost": 150, "final_distance_cost": 54.800939662737974, "oscillation_cost": 176.5086725977408, "completition_cost": 333.33333333333337, "overshoot_cost": 62.77828172423815, "power_cost": 37.87945662841797, "noise_cost": 32.472726888579, "n_waypoints_completed": 6, "tot_waypoints": 9}}
{"target": -399.04732756449073, "params": {"k_pid_pos": [2.0, 0.0, 0.7109214775249322], "k_pid_alt": [1.8305530904780827, 1.0, 0.5319257121257056], "k_pid_att": [53.72421089588973, 5.184456991841266, 1.0], "k_pid_yaw": [0.5, 1e-06, 0.1], "k_pid_hsp": [3.6036066094209533, 0.14312260297001728, 1.0], "k_pid_vsp": [218.52144496857224, 105.54727195293766, 36.8534201250297]}, "datetime": {"datetime": "2025-08-11 21:56:34", "elapsed": 19873.64457654953, "delta": 25.084340810775757}, "costs": {"total_cost": 399.04732756449073, "time_cost": 89.173, "final_distance_cost": 1.7450213840687814, "oscillation_cost": 202.10767009515598, "completition_cost": 0.0, "overshoot_cost": 56.94974826580736, "power_cost": 26.786472607421878, "noise_cost": 22.285415212036767, "n_waypoints_completed": 9, "tot_waypoints": 9}}
{"target": -427.8119664381716, "params": {"k_pid_pos": [1.1274301998328147, 0.0, 0.06117635196554224], "k_pid_alt": [1.10743119046684, 0.4499111360358887, 1.0], "k_pid_att": [34.30172169620601, 5.28430290494634, 0.18087348970084713], "k_pid_yaw": [0.5, 1e-06, 0.1], "k_pid_hsp": [10.0, 1.0, 0.21157936071386707], "k_pid_vsp": [288.15714040300975, 350.3510076767078, 28.76029416769208]}, "datetime": {"datetime": "2025-08-11 21:56:57", "elapsed": 19896.619588136673, "delta": 22.975011587142944}, "costs": {"total_cost": 427.8119664381716, "time_cost": 77.644, "final_distance_cost": 1.7753865459032432, "oscillation_cost": 255.97118886100785, "completition_cost": 0.0, "overshoot_cost": 50.99469814517445, "power_cost": 21.921908532714845, "noise_cost": 19.504784353371225, "n_waypoints_completed": 9, "tot_waypoints": 9}}
{"target": -831.2608415755377, "params": {"k_pid_pos": [1.5689281554140249, 0.27722163310937753, 0.0999574604221306], "k_pid_alt": [0.0323116778977508, 0.5304636707601238, 0.7236851952714498], "k_pid_att": [10.756592572258306, 4.035554601843684, 0.8972229709190784], "k_pid_yaw": [0.5, 1e-06, 0.1], "k_pid_hsp": [3.084336164686052, 0.16901922175028683, 0.7493901884937828], "k_pid_vsp": [281.05734822220353, 281.28371557254144, 177.10742522782016]}, "datetime": {"datetime": "2025-08-11 21:57:31", "elapsed": 19930.75190424919, "delta": 34.13231611251831}, "costs": {"total_cost": 831.2608415755377, "time_cost": 150, "final_distance_cost": 76.02141378969914, "oscillation_cost": 255.8494742849899, "completition_cost": 222.2222222222222, "overshoot_cost": 64.19796937938612, "power_cost": 32.859990625, "noise_cost": 30.10977127424038, "n_waypoints_completed": 7, "tot_waypoints": 9}}
{"target": -1281.9104374175904, "params": {"k_pid_pos": [1.9975125501393447, 0.5300192388774778, 0.20039897503980486], "k_pid_alt": [0.6989200439724319, 0.8620725880052081, 0.00028036681752430237], "k_pid_att": [34.54618719925965, 5.901022237924216, 0.01438224258387133], "k_pid_yaw": [0.5, 1e-06, 0.1], "k_pid_hsp": [1.9780933231888391, 0.01794132481552424, 0.409149242846621], "k_pid_vsp": [117.5046690758519, 368.58817844428717, 114.23683653511785]}, "datetime": {"datetime": "2025-08-11 21:58:04", "elapsed": 19963.706438302994, "delta": 32.95453405380249}, "costs": {"total_cost": 1281.9104374175904, "time_cost": 150, "final_distance_cost": 50.24281748455025, "oscillation_cost": 298.6916881991755, "completition_cost": 666.6666666666667, "overshoot_cost": 48.11789664571581, "power_cost": 37.24899937744141, "noise_cost": 30.942369044040788, "n_waypoints_completed": 3, "tot_waypoints": 9}}
{"target": -774.178137825565, "params": {"k_pid_pos": [0.3878517652789319, 0.7905510103974943, 0.01998012095547108], "k_pid_alt": [1.1233639741733823, 0.6265846273273316, 0.6878500563346], "k_pid_att": [35.552144845419996, 7.558032823198092, 0.6316285424199302], "k_pid_yaw": [0.5, 1e-06, 0.1], "k_pid_hsp": [4.469557593883043, 0.06010260758081265, 0.27030117168125933], "k_pid_vsp": [36.118727256794216, 390.4000306399959, 53.36741355154277]}, "datetime": {"datetime": "2025-08-11 21:58:37", "elapsed": 19997.25424838066, "delta": 33.547810077667236}, "costs": {"total_cost": 774.178137825565, "time_cost": 150, "final_distance_cost": 59.0686338967309, "oscillation_cost": 216.00626326968998, "completition_cost": 222.2222222222222, "overshoot_cost": 59.49217844345986, "power_cost": 36.60575615234375, "noise_cost": 30.78308384111849, "n_waypoints_completed": 7, "tot_waypoints": 9}}
{"target": -325.7130009476886, "params": {"k_pid_pos": [0.27511404004554396, 0.5973682374013011, 0.8119042411202175], "k_pid_alt": [2.0, 0.0, 0.620436979673766], "k_pid_att": [31.281946242309715, 0.0001, 0.20184878724338187], "k_pid_yaw": [0.5, 1e-06, 0.1], "k_pid_hsp": [4.122002896378105, 1.0, 0.0], "k_pid_vsp": [226.77176271451313, 22.568460289061846, 34.827043695794565]}, "datetime": {"datetime": "2025-08-11 21:59:07", "elapsed": 20026.760970830917, "delta": 29.506722450256348}, "costs": {"total_cost": 325.7130009476886, "time_cost": 105.602, "final_distance_cost": 1.8252111969026927, "oscillation_cost": 109.21359212986276, "completition_cost": 0.0, "overshoot_cost": 56.29884164985411, "power_cost": 27.018905468750003, "noise_cost": 25.754450502318992, "n_waypoints_completed": 9, "tot_waypoints": 9}}
{"target": -583.2522005934186, "params": {"k_pid_pos": [1.9553950019512005, 0.3577387895992863, 0.8040753911297998], "k_pid_alt": [0.26954287641670804, 0.9156647235365367, 0.7963225730109258], "k_pid_att": [38.421999222413795, 1.8575279898350803, 0.7799153070097092], "k_pid_yaw": [0.5, 1e-06, 0.1], "k_pid_hsp": [9.157546290309147, 0.31181137868642284, 0.1437612162546602], "k_pid_vsp": [224.58950943888496, 22.716121195888274, 53.011449438135195]}, "datetime": {"datetime": "2025-08-11 21:59:38", "elapsed": 20057.765937805176, "delta": 31.004966974258423}, "costs": {"total_cost": 583.2522005934186, "time_cost": 115.934, "final_distance_cost": 1.776602475745679, "oscillation_cost": 336.8656916159972, "completition_cost": 0.0, "overshoot_cost": 65.60384153238985, "power_cost": 32.750413745117186, "noise_cost": 30.321651224168708, "n_waypoints_completed": 9, "tot_waypoints": 9}}
{"target": -2061.070797617095, "params": {"k_pid_pos": [1.080253332499705, 0.36578085141595384, 0.2596379557752678], "k_pid_alt": [0.44371720743650034, 0.5492632305007085, 0.6621859822093169], "k_pid_att": [1.1099723094719072, 5.218197010720131, 0.816709106986479], "k_pid_yaw": [0.5, 1e-06, 0.1], "k_pid_hsp": [2.7324541699877103, 0.932116702225599, 0.34839538608781284], "k_pid_vsp": [58.88652797043794, 343.4353394388464, 149.26633445453393]}, "datetime": {"datetime": "2025-08-11 22:00:11", "elapsed": 20090.704735040665, "delta": 32.93879723548889}, "costs": {"total_cost": 2061.070797617095, "time_cost": 150, "final_distance_cost": 13.319774506043744, "oscillation_cost": 523.8829526355976, "completition_cost": 1000.0, "overshoot_cost": 165.5425441241619, "power_cost": 54.06739132080078, "noise_cost": 154.25813503049122, "n_waypoints_completed": 0, "tot_waypoints": 9}}
{"target": -1209.42859124649, "params": {"k_pid_pos": [2.0, 0.0, 0.3598240157970533], "k_pid_alt": [0.32841585808513923, 1.0, 0.5819355162183849], "k_pid_att": [31.164096009339872, 4.023770195892029, 0.27399329096960795], "k_pid_yaw": [0.5, 1e-06, 0.1], "k_pid_hsp": [2.2375508639389334, 0.7687742972884851, 0.7982118476769716], "k_pid_vsp": [56.21945640394581, 294.25280082507254, 51.39601558832618]}, "datetime": {"datetime": "2025-08-11 22:00:45", "elapsed": 20124.728046417236, "delta": 34.023311376571655}, "costs": {"total_cost": 1209.42859124649, "time_cost": 150, "final_distance_cost": 47.5250461275572, "oscillation_cost": 332.4216139692786, "completition_cost": 555.5555555555555, "overshoot_cost": 58.747490691131105, "power_cost": 36.09867303466797, "noise_cost": 29.080211868299365, "n_waypoints_completed": 4, "tot_waypoints": 9}}
{"target": -575.2156254439593, "params": {"k_pid_pos": [1.5957673379287816, 0.5995184381757288, 0.5630596172004669], "k_pid_alt": [1.658866657446633, 0.4285009223928958, 0.15073395950563973], "k_pid_att": [41.84316175353358, 3.0772908257901705, 0.48514756801638964], "k_pid_yaw": [0.5, 1e-06, 0.1], "k_pid_hsp": [7.509946211365583, 0.24943169782733562, 0.7041097816943023], "k_pid_vsp": [183.50812579518424, 302.3877134044209, 148.28454318521366]}, "datetime": {"datetime": "2025-08-11 22:01:15", "elapsed": 20154.9222073555, "delta": 30.19416093826294}, "costs": {"total_cost": 575.2156254439593, "time_cost": 101.143, "final_distance_cost": 1.7606846383956785, "oscillation_cost": 363.00456444444364, "completition_cost": 0.0, "overshoot_cost": 55.7439463448734, "power_cost": 29.273747375488284, "noise_cost": 24.28968264075831, "n_waypoints_completed": 9, "tot_waypoints": 9}}
{"target": -1235.36805824866, "params": {"k_pid_pos": [0.0001, 0.19492986205079615, 1.0], "k_pid_alt": [1.4647739044167163, 0.0, 0.4144766107710531], "k_pid_att": [40.68138675639451, 2.9944883034447396, 0.7278360689989462], "k_pid_yaw": [0.5, 1e-06, 0.1], "k_pid_hsp": [4.225067193185114, 1.0, 0.0], "k_pid_vsp": [276.40796561591316, 305.1681320679212, 77.61376268719833]}, "datetime": {"datetime": "2025-08-11 22:01:49", "elapsed": 20188.849675655365, "delta": 33.92746829986572}, "costs": {"total_cost": 1235.36805824866, "time_cost": 150, "final_distance_cost": 64.73692956802587, "oscillation_cost": 15.104567685599216, "completition_cost": 888.8888888888888, "overshoot_cost": 61.235239581351124, "power_cost": 29.54365838623047, "noise_cost": 25.8587741385644, "n_waypoints_completed": 1, "tot_waypoints": 9}}
{"target": -497.0977264670442, "params": {"k_pid_pos": [1.9894247079166647, 0.128760204025964, 0.7697190327793249], "k_pid_alt": [0.416924278236464, 0.5815149444694219, 0.936935193173516], "k_pid_att": [85.52096717215771, 8.869683770187855, 0.7204185095118899], "k_pid_yaw": [0.5, 1e-06, 0.1], "k_pid_hsp": [9.762699214468777, 0.2839602351568536, 0.012968916112512165], "k_pid_vsp": [366.9728901997845, 267.5567138173642, 250.85511788007864]}, "datetime": {"datetime": "2025-08-11 22:02:15", "elapsed": 20215.311499357224, "delta": 26.46182370185852}, "costs": {"total_cost": 497.0977264670442, "time_cost": 96.782, "final_distance_cost": 1.806610402830351, "oscillation_cost": 285.0943496743225, "completition_cost": 0.0, "overshoot_cost": 62.39458668358248, "power_cost": 27.57594442138672, "noise_cost": 23.444235284922176, "n_waypoints_completed": 9, "tot_waypoints": 9}}
