{"target": -451.0863025317886, "params": {"k_pid_pos": [1.1783256005455043, 0.14014949453508363, 0.29134323329944045], "k_pid_alt": [0.40734961766236544, 0.8091258076369874, 0.411241842261464], "k_pid_att": [11.796387019265575, 6.7395131910795065, 0.3880237698409239], "k_pid_yaw": [0.5, 1e-06, 0.1], "k_pid_hsp": [8.496984141139741, 0.5059611086112056, 0.5698785868769091], "k_pid_vsp": [191.77487482324543, 323.8470738959511, 8.709106163421602]}, "datetime": {"datetime": "2025-08-12 07:51:42", "elapsed": 55581.7565574646, "delta": 37.50804662704468}, "costs": {"total_cost": 451.0863025317886, "time_cost": 91.91, "final_distance_cost": 1.767903159436062, "oscillation_cost": 251.62267697872335, "completition_cost": 0.0, "overshoot_cost": 59.389963280891436, "power_cost": 21.783944567871096, "noise_cost": 24.611814544866675, "n_waypoints_completed": 9, "tot_waypoints": 9}}
{"target": -1125.6183409406908, "params": {"k_pid_pos": [0.26994984278554607, 0.14920764221002702, 0.288940408120423], "k_pid_alt": [0.7728327287682744, 0.7746951108568606, 0.3145677732855], "k_pid_att": [35.14018658665824, 8.389004126657936, 0.8542072049764187], "k_pid_yaw": [0.5, 1e-06, 0.1], "k_pid_hsp": [9.768491322040509, 0.358492890927547, 0.6739511249196648], "k_pid_vsp": [218.34111018264807, 279.2429954034973, 70.43899829692965]}, "datetime": {"datetime": "2025-08-12 07:52:21", "elapsed": 55620.66590476036, "delta": 38.90934729576111}, "costs": {"total_cost": 1125.6183409406908, "time_cost": 150, "final_distance_cost": 73.43468055692661, "oscillation_cost": 456.79172271214844, "completition_cost": 333.33333333333337, "overshoot_cost": 48.70330369646885, "power_cost": 33.72853472900391, "noise_cost": 29.62676591280952, "n_waypoints_completed": 6, "tot_waypoints": 9}}
{"target": -346.86205469880997, "params": {"k_pid_pos": [1.8666771962318751, 0.2758477108998656, 0.30385364344659616], "k_pid_alt": [1.1854210632544389, 0.8543107019146935, 0.262132242956683], "k_pid_att": [6.599760949615274, 8.397263513003745, 0.823377445344063], "k_pid_yaw": [0.5, 1e-06, 0.1], "k_pid_hsp": [6.599138218146411, 0.31458649162714514, 0.2398119771169328], "k_pid_vsp": [248.02066892931657, 265.4052076303427, 34.82792194536748]}, "datetime": {"datetime": "2025-08-12 07:52:58", "elapsed": 55658.16246962547, "delta": 37.496564865112305}, "costs": {"total_cost": 346.86205469880997, "time_cost": 92.645, "final_distance_cost": 1.75591967084239, "oscillation_cost": 145.8322691069408, "completition_cost": 0.0, "overshoot_cost": 55.189060268590445, "power_cost": 26.61800495605469, "noise_cost": 24.821800696381654, "n_waypoints_completed": 9, "tot_waypoints": 9}}
{"target": -516.2430628073182, "params": {"k_pid_pos": [1.9438863938644015, 0.551951770755733, 0.4235416337578147], "k_pid_alt": [0.5374695449422695, 0.48515182636938714, 0.6994536659866915], "k_pid_att": [7.943683930281589, 2.22422297235883, 0.01900827159476249], "k_pid_yaw": [0.5, 1e-06, 0.1], "k_pid_hsp": [4.489123662457791, 0.47293169136343205, 0.16942480358121062], "k_pid_vsp": [273.04737175501555, 361.59621560088107, 32.894664368192586]}, "datetime": {"datetime": "2025-08-12 07:53:37", "elapsed": 55696.69207382202, "delta": 38.52960419654846}, "costs": {"total_cost": 516.2430628073182, "time_cost": 103.208, "final_distance_cost": 1.7813101787536474, "oscillation_cost": 295.93319438567295, "completition_cost": 0.0, "overshoot_cost": 58.197115649236, "power_cost": 28.609073168945315, "noise_cost": 28.514369424710306, "n_waypoints_completed": 9, "tot_waypoints": 9}}
{"target": -788.6467851927059, "params": {"k_pid_pos": [1.9701645342047178, 0.5922068165238114, 0.07676963314778806], "k_pid_alt": [0.5193329865861114, 0.8865448174081203, 0.846250137035901], "k_pid_att": [43.61000496393592, 9.655877237895542, 0.7801541211340272], "k_pid_yaw": [0.5, 1e-06, 0.1], "k_pid_hsp": [8.098601759147822, 0.3794845298197409, 0.398194181606191], "k_pid_vsp": [228.51176924489144, 5.990763800235096, 34.95831262810825]}, "datetime": {"datetime": "2025-08-12 07:54:18", "elapsed": 55737.585700273514, "delta": 40.89362645149231}, "costs": {"total_cost": 788.6467851927059, "time_cost": 150, "final_distance_cost": 77.76151626007788, "oscillation_cost": 209.2656069548285, "completition_cost": 222.2222222222222, "overshoot_cost": 61.16520054819496, "power_cost": 36.466820141601566, "noise_cost": 31.765419065780762, "n_waypoints_completed": 7, "tot_waypoints": 9}}
{"target": -375.4648783616818, "params": {"k_pid_pos": [1.7890688489079354, 0.9685765270094172, 1.0], "k_pid_alt": [2.0, 0.0, 0.2949700966228052], "k_pid_att": [38.95533848505948, 2.5015987895313723, 0.585504160479452], "k_pid_yaw": [0.5, 1e-06, 0.1], "k_pid_hsp": [7.502142707992968, 0.5676276717507032, 0.1603470847705952], "k_pid_vsp": [201.6184568040471, 244.3904549974074, 118.38261267330961]}, "datetime": {"datetime": "2025-08-12 07:54:52", "elapsed": 55771.591051101685, "delta": 34.005350828170776}, "costs": {"total_cost": 375.4648783616818, "time_cost": 79.31, "final_distance_cost": 1.7356286702099493, "oscillation_cost": 198.84550382954293, "completition_cost": 0.0, "overshoot_cost": 51.953674303371685, "power_cost": 23.79454147949219, "noise_cost": 19.82553007906508, "n_waypoints_completed": 9, "tot_waypoints": 9}}
{"target": -485.8830887847433, "params": {"k_pid_pos": [1.6211696268307558, 0.059312750439770245, 0.04159235348670409], "k_pid_alt": [0.25002346419576393, 0.21377693994112756, 0.3247957623173797], "k_pid_att": [17.969078868270937, 3.4277083631975263, 0.22879619050830646], "k_pid_yaw": [0.5, 1e-06, 0.1], "k_pid_hsp": [3.228031145396371, 0.7232506049804376, 0.6929589560860048], "k_pid_vsp": [243.27870912537372, 268.28091457804413, 24.244543112910257]}, "datetime": {"datetime": "2025-08-12 07:55:29", "elapsed": 55809.127766132355, "delta": 37.536715030670166}, "costs": {"total_cost": 485.8830887847433, "time_cost": 104.748, "final_distance_cost": 1.742575235941957, "oscillation_cost": 266.83571687348314, "completition_cost": 0.0, "overshoot_cost": 55.7290292424892, "power_cost": 29.632113891601563, "noise_cost": 27.195653541227376, "n_waypoints_completed": 9, "tot_waypoints": 9}}
{"target": -283.09565672119066, "params": {"k_pid_pos": [2.0, 0.0, 1.0], "k_pid_alt": [2.0, 1.0, 0.0], "k_pid_att": [55.06724796756708, 0.0001, 1.0], "k_pid_yaw": [0.5, 1e-06, 0.1], "k_pid_hsp": [7.349527248556786, 0.0, 0.0], "k_pid_vsp": [192.6275732952541, 307.0258903839109, 143.5950989469445]}, "datetime": {"datetime": "2025-08-12 07:56:01", "elapsed": 55840.88450264931, "delta": 31.756736516952515}, "costs": {"total_cost": 283.09565672119066, "time_cost": 82.971, "final_distance_cost": 1.7474590824631915, "oscillation_cost": 103.82262188029979, "completition_cost": 0.0, "overshoot_cost": 53.891847364352756, "power_cost": 21.098501452636718, "noise_cost": 19.564226941438235, "n_waypoints_completed": 9, "tot_waypoints": 9}}
{"target": -270.3360287704439, "params": {"k_pid_pos": [1.8328361863405025, 0.5767982948823106, 1.0], "k_pid_alt": [0.9990472541419786, 0.5274251829848343, 0.0], "k_pid_att": [48.268746062515284, 6.195930982671015, 1.0], "k_pid_yaw": [0.5, 1e-06, 0.1], "k_pid_hsp": [5.524314672091426, 1.0, 0.0], "k_pid_vsp": [213.5925357644734, 222.8722543506219, 117.43801092360474]}, "datetime": {"datetime": "2025-08-12 07:56:34", "elapsed": 55874.10605239868, "delta": 33.22154974937439}, "costs": {"total_cost": 270.3360287704439, "time_cost": 91.105, "final_distance_cost": 1.7548775532064023, "oscillation_cost": 77.72252250415143, "completition_cost": 0.0, "overshoot_cost": 53.80604136332878, "power_cost": 24.067980102539064, "noise_cost": 21.87960724721824, "n_waypoints_completed": 9, "tot_waypoints": 9}}
{"target": -294.5486273798644, "params": {"k_pid_pos": [2.0, 0.13829964136319195, 1.0], "k_pid_alt": [1.6295972468418813, 1.0, 0.9065710454697927], "k_pid_att": [39.54139302342324, 0.7519436250615752, 0.4257435351255414], "k_pid_yaw": [0.5, 1e-06, 0.1], "k_pid_hsp": [6.27199798160456, 0.8351944679019196, 0.0], "k_pid_vsp": [122.42452216934761, 373.8873903141189, 112.70885099743465]}, "datetime": {"datetime": "2025-08-12 07:57:11", "elapsed": 55910.42252326012, "delta": 36.31647086143494}, "costs": {"total_cost": 294.5486273798644, "time_cost": 84.07000000000001, "final_distance_cost": 1.7750085832839149, "oscillation_cost": 111.23662473445603, "completition_cost": 0.0, "overshoot_cost": 54.602801520010345, "power_cost": 22.754268957519532, "noise_cost": 20.109923584594583, "n_waypoints_completed": 9, "tot_waypoints": 9}}
{"target": -267.23024447585686, "params": {"k_pid_pos": [2.0, 0.0, 0.0], "k_pid_alt": [2.0, 0.7332858556385043, 0.6970316597846427], "k_pid_att": [24.678383581226484, 7.2173907044824785, 0.0], "k_pid_yaw": [0.5, 1e-06, 0.1], "k_pid_hsp": [2.4918345071822086, 0.0, 0.0], "k_pid_vsp": [79.94868573072434, 210.78098346432654, 39.29761729364116]}, "datetime": {"datetime": "2025-08-12 07:57:45", "elapsed": 55944.47884654999, "delta": 34.056323289871216}, "costs": {"total_cost": 267.23024447585686, "time_cost": 89.369, "final_distance_cost": 1.7609582931936263, "oscillation_cost": 77.02914071422829, "completition_cost": 0.0, "overshoot_cost": 52.84325504149279, "power_cost": 24.216317529296877, "noise_cost": 22.011572897645305, "n_waypoints_completed": 9, "tot_waypoints": 9}}
{"target": -742.4356672158989, "params": {"k_pid_pos": [1.445467540679844, 0.7302315998716951, 0.8748636186167694], "k_pid_alt": [1.9447556987535932, 0.3956634655967072, 0.9329728198101027], "k_pid_att": [11.748857099320077, 8.13195871700433, 0.5715076687624648], "k_pid_yaw": [0.5, 1e-06, 0.1], "k_pid_hsp": [2.2071214555846885, 0.02030022162904932, 0.6862456221221812], "k_pid_vsp": [276.08127441805925, 373.0777608883161, 28.148246703902693]}, "datetime": {"datetime": "2025-08-12 07:58:38", "elapsed": 55997.37958574295, "delta": 52.90073919296265}, "costs": {"total_cost": 742.4356672158989, "time_cost": 150, "final_distance_cost": 29.420428353545244, "oscillation_cost": 334.9216722558438, "completition_cost": 111.11111111111116, "overshoot_cost": 56.530775436688366, "power_cost": 32.26585317382813, "noise_cost": 28.185826884882225, "n_waypoints_completed": 8, "tot_waypoints": 9}}
{"target": -781.1352247538871, "params": {"k_pid_pos": [1.4658282575750812, 0.24708024549364271, 0.6138032565098928], "k_pid_alt": [0.07269004352333441, 0.954294579200113, 0.4964640342217258], "k_pid_att": [45.497273683526615, 3.5150714847273115, 0.9441717482537035], "k_pid_yaw": [0.5, 1e-06, 0.1], "k_pid_hsp": [0.8054766333091595, 0.7550028191472196, 0.2701100376120408], "k_pid_vsp": [276.6303890418556, 307.39514028515777, 75.17035509204317]}, "datetime": {"datetime": "2025-08-12 07:59:25", "elapsed": 56044.72711443901, "delta": 47.34752869606018}, "costs": {"total_cost": 781.1352247538871, "time_cost": 150, "final_distance_cost": 62.55659238407446, "oscillation_cost": 215.27312718619308, "completition_cost": 222.2222222222222, "overshoot_cost": 66.21038864123017, "power_cost": 35.889119189453126, "noise_cost": 28.98377513071413, "n_waypoints_completed": 7, "tot_waypoints": 9}}
{"target": -749.5679228442507, "params": {"k_pid_pos": [1.9252357736164085, 0.12092159859547746, 0.3193646961227704], "k_pid_alt": [0.3079417288104116, 0.34983402119722096, 0.3851548531153136], "k_pid_att": [10.34590479186469, 5.107206142321921, 0.34053830834829957], "k_pid_yaw": [0.5, 1e-06, 0.1], "k_pid_hsp": [0.9340068437152205, 0.9696983333392157, 0.3894563793835969], "k_pid_vsp": [241.65166773756545, 263.87175169561317, 26.720745260778543]}, "datetime": {"datetime": "2025-08-12 08:00:06", "elapsed": 56085.67573571205, "delta": 40.94862127304077}, "costs": {"total_cost": 749.5679228442507, "time_cost": 150, "final_distance_cost": 75.00745444949223, "oscillation_cost": 182.31780364595568, "completition_cost": 222.2222222222222, "overshoot_cost": 52.62386923907104, "power_cost": 34.502452734375005, "noise_cost": 32.89412055313458, "n_waypoints_completed": 7, "tot_waypoints": 9}}
{"target": -218.36751762520834, "params": {"k_pid_pos": [2.0, 0.0, 0.0], "k_pid_alt": [2.0, 0.0, 0.0], "k_pid_att": [39.13695034443355, 4.831536167328831, 1.0], "k_pid_yaw": [0.5, 1e-06, 0.1], "k_pid_hsp": [3.5022905722820776, 1.0, 0.0], "k_pid_vsp": [65.52936311515423, 364.9350141856095, 90.64826395850649]}, "datetime": {"datetime": "2025-08-12 08:00:36", "elapsed": 56115.51555323601, "delta": 29.8398175239563}, "costs": {"total_cost": 218.36751762520834, "time_cost": 70.82600000000001, "final_distance_cost": 1.8123792582283516, "oscillation_cost": 56.511999635830385, "completition_cost": 0.0, "overshoot_cost": 51.443250147922654, "power_cost": 19.87074217529297, "noise_cost": 17.903146407933967, "n_waypoints_completed": 9, "tot_waypoints": 9}}
{"target": -1292.622396266168, "params": {"k_pid_pos": [1.4034200553293532, 0.6032814403230626, 0.3955282471954289], "k_pid_alt": [0.317519496596834, 0.7480312723953986, 0.47852257348485683], "k_pid_att": [38.341698692220106, 2.651017549763323, 0.0236188709733387], "k_pid_yaw": [0.5, 1e-06, 0.1], "k_pid_hsp": [4.366329327159644, 0.1756441894336045, 0.7150153911290981], "k_pid_vsp": [188.39461647728766, 303.20093680381524, 148.94639186720215]}, "datetime": {"datetime": "2025-08-12 08:01:17", "elapsed": 56156.90381836891, "delta": 41.38826513290405}, "costs": {"total_cost": 1292.622396266168, "time_cost": 150, "final_distance_cost": 58.73692099880703, "oscillation_cost": 292.48395778348083, "completition_cost": 666.6666666666667, "overshoot_cost": 56.943024307046144, "power_cost": 36.713130786132815, "noise_cost": 31.078695724034358, "n_waypoints_completed": 3, "tot_waypoints": 9}}
{"target": -508.613829334677, "params": {"k_pid_pos": [1.157737512164037, 0.27578712690342466, 0.6816380611559602], "k_pid_alt": [1.5655989593751167, 0.3006019046738829, 0.6035249356641795], "k_pid_att": [17.440797183858724, 8.321838936371849, 0.6006068587153812], "k_pid_yaw": [0.5, 1e-06, 0.1], "k_pid_hsp": [2.408293418271851, 0.45080230039977154, 0.9400953553547023], "k_pid_vsp": [248.6959567123889, 272.42758155532414, 47.48792633161438]}, "datetime": {"datetime": "2025-08-12 08:01:53", "elapsed": 56193.131511211395, "delta": 36.22769284248352}, "costs": {"total_cost": 508.613829334677, "time_cost": 101.626, "final_distance_cost": 1.7879277638948863, "oscillation_cost": 297.7992108583698, "completition_cost": 0.0, "overshoot_cost": 56.21781275620384, "power_cost": 26.739973083496096, "noise_cost": 24.442904872712344, "n_waypoints_completed": 9, "tot_waypoints": 9}}
{"target": -440.2443670652385, "params": {"k_pid_pos": [0.4021250024060605, 0.31494984577404117, 0.23337516097122435], "k_pid_alt": [1.4001358816796583, 0.9709666574829057, 0.9249127774044019], "k_pid_att": [8.592091040334438, 9.820938456332124, 0.49826788123227816], "k_pid_yaw": [0.5, 1e-06, 0.1], "k_pid_hsp": [7.749715362033734, 0.7725301972782679, 0.3218777083751191], "k_pid_vsp": [179.34947770008495, 312.4638962225301, 16.141667663960085]}, "datetime": {"datetime": "2025-08-12 08:02:42", "elapsed": 56242.16619896889, "delta": 49.034687757492065}, "costs": {"total_cost": 440.2443670652385, "time_cost": 118.482, "final_distance_cost": 1.7590980724926186, "oscillation_cost": 201.25087824070496, "completition_cost": 0.0, "overshoot_cost": 58.92786621809279, "power_cost": 30.12822927246094, "noise_cost": 29.696295261487176, "n_waypoints_completed": 9, "tot_waypoints": 9}}
{"target": -356.10611616459255, "params": {"k_pid_pos": [0.5940071344108034, 0.40024705642018077, 0.37943048057312045], "k_pid_alt": [1.1715785732938027, 0.20714344094214354, 0.8426548104318416], "k_pid_att": [5.827352596974167, 0.39104922124930797, 0.8192767047472009], "k_pid_yaw": [0.5, 1e-06, 0.1], "k_pid_hsp": [1.3850551970671916, 0.7657674574995502, 0.7363034188927384], "k_pid_vsp": [191.49700820269956, 326.5941482042017, 15.002330994946968]}, "datetime": {"datetime": "2025-08-12 08:03:30", "elapsed": 56289.889660835266, "delta": 47.723461866378784}, "costs": {"total_cost": 356.10611616459255, "time_cost": 114.94, "final_distance_cost": 1.7900855915136542, "oscillation_cost": 124.47743136199038, "completition_cost": 0.0, "overshoot_cost": 57.06385746700902, "power_cost": 30.20335262451172, "noise_cost": 27.631389119567835, "n_waypoints_completed": 9, "tot_waypoints": 9}}
{"target": -1748.3615127881342, "params": {"k_pid_pos": [1.3056818530324923, 0.32528654830473747, 0.7874795501766021], "k_pid_alt": [1.2037401631464124, 0.5361616685317686, 0.31202819565724116], "k_pid_att": [0.4601604006590154, 1.01527083099845, 0.24224795154046141], "k_pid_yaw": [0.5, 1e-06, 0.1], "k_pid_hsp": [5.995507971866354, 0.5553437998526134, 0.730105655215925], "k_pid_vsp": [294.210073612757, 293.4422323242125, 172.76991020123694]}, "datetime": {"datetime": "2025-08-12 08:04:10", "elapsed": 56330.354211330414, "delta": 40.464550495147705}, "costs": {"total_cost": 1748.3615127881342, "time_cost": 150, "final_distance_cost": 5.278766435606136, "oscillation_cost": 287.1343545900828, "completition_cost": 1000.0, "overshoot_cost": 139.1737409206733, "power_cost": 56.90181701660156, "noise_cost": 109.87283382517026, "n_waypoints_completed": 0, "tot_waypoints": 9}}
{"target": -547.5998850333174, "params": {"k_pid_pos": [2.0, 0.1852933849527628, 0.0], "k_pid_alt": [1.1512646649997813, 0.5380944149088425, 1.0], "k_pid_att": [51.94429226972331, 9.890422649618245, 0.0807616116874904], "k_pid_yaw": [0.5, 1e-06, 0.1], "k_pid_hsp": [7.498364184231419, 0.5118845939295673, 0.9647612699022886], "k_pid_vsp": [204.62188899146264, 251.92685259260514, 228.97175438660432]}, "datetime": {"datetime": "2025-08-12 08:05:02", "elapsed": 56382.227647066116, "delta": 51.873435735702515}, "costs": {"total_cost": 547.5998850333174, "time_cost": 107.527, "final_distance_cost": 1.7752127654368592, "oscillation_cost": 308.5732867593304, "completition_cost": 0.0, "overshoot_cost": 67.97565270878286, "power_cost": 32.934835107421875, "noise_cost": 28.81389769234532, "n_waypoints_completed": 9, "tot_waypoints": 9}}
{"target": -651.2203162557478, "params": {"k_pid_pos": [0.948169848618991, 0.0, 0.0], "k_pid_alt": [2.0, 1.0, 0.0], "k_pid_att": [30.099224582674374, 0.6998551608388848, 0.0], "k_pid_yaw": [0.5, 1e-06, 0.1], "k_pid_hsp": [0.31439184080802224, 1.0, 0.0], "k_pid_vsp": [332.13210209536805, 288.1559036043438, 240.31041715800336]}, "datetime": {"datetime": "2025-08-12 08:05:43", "elapsed": 56422.84010052681, "delta": 40.61245346069336}, "costs": {"total_cost": 651.2203162557478, "time_cost": 150, "final_distance_cost": 65.93547431303168, "oscillation_cost": 90.11553851348833, "completition_cost": 222.2222222222222, "overshoot_cost": 59.80832627021065, "power_cost": 33.00218013916016, "noise_cost": 30.13657479763478, "n_waypoints_completed": 7, "tot_waypoints": 9}}
{"target": -1039.931444331216, "params": {"k_pid_pos": [0.3289858967184639, 0.8667400161304294, 0.46003669023847327], "k_pid_alt": [1.1564035637476189, 0.7750940497612857, 0.7853878286080554], "k_pid_att": [25.77623639316875, 3.9279122770743298, 0.6678875828141333], "k_pid_yaw": [0.5, 1e-06, 0.1], "k_pid_hsp": [4.641449660299728, 0.5497503440202942, 0.20395960872969676], "k_pid_vsp": [301.2025894681367, 307.11241353252666, 167.0581415116531]}, "datetime": {"datetime": "2025-08-12 08:06:32", "elapsed": 56471.84848403931, "delta": 49.00838351249695}, "costs": {"total_cost": 1039.931444331216, "time_cost": 150, "final_distance_cost": 74.80863897328982, "oscillation_cost": 370.8614507457442, "completition_cost": 333.33333333333337, "overshoot_cost": 48.468421948844245, "power_cost": 33.40252231445313, "noise_cost": 29.057077015551197, "n_waypoints_completed": 6, "tot_waypoints": 9}}
{"target": -703.5939607873713, "params": {"k_pid_pos": [1.8556186324668926, 0.8951655262239857, 0.3004032977488822], "k_pid_alt": [0.10587695120985252, 0.8137657776183235, 0.6145970171620841], "k_pid_att": [41.91130728867315, 2.9221748967305436, 0.5176966253398606], "k_pid_yaw": [0.5, 1e-06, 0.1], "k_pid_hsp": [8.169379759830141, 0.009908856179643322, 0.300749472618142], "k_pid_vsp": [340.02850192845, 276.42306402730844, 237.34163160309436]}, "datetime": {"datetime": "2025-08-12 08:07:15", "elapsed": 56515.3393330574, "delta": 43.490849018096924}, "costs": {"total_cost": 703.5939607873713, "time_cost": 150, "final_distance_cost": 37.928325480563096, "oscillation_cost": 259.2146669064526, "completition_cost": 111.11111111111116, "overshoot_cost": 77.36411262359353, "power_cost": 37.41177193603516, "noise_cost": 30.563972729615813, "n_waypoints_completed": 8, "tot_waypoints": 9}}
{"target": -1198.409419985718, "params": {"k_pid_pos": [2.0, 1.0, 0.0], "k_pid_alt": [2.0, 0.0, 0.3551513572681532], "k_pid_att": [73.45629571782978, 4.52735756087699, 1.0], "k_pid_yaw": [0.5, 1e-06, 0.1], "k_pid_hsp": [5.987310665607245, 1.0, 1.0], "k_pid_vsp": [261.42786350034555, 202.45181308485923, 372.34579000846287]}, "datetime": {"datetime": "2025-08-12 08:07:59", "elapsed": 56558.51161313057, "delta": 43.172280073165894}, "costs": {"total_cost": 1198.409419985718, "time_cost": 150, "final_distance_cost": 60.21512108269606, "oscillation_cost": 152.10442847548353, "completition_cost": 666.6666666666667, "overshoot_cost": 98.42252802144334, "power_cost": 38.48046131591797, "noise_cost": 32.52021442351012, "n_waypoints_completed": 3, "tot_waypoints": 9}}
