{"target": -1152.0059984831046, "params": {"k_pid_pos": [0.0698817123585857, 0.8616181589288823, 0.4646328774204631], "k_pid_alt": [1.5785231188500501, 0.8902098706835533, 0.8032358966750056], "k_pid_att": [48.797658424864785, 2.088048683415019, 0.38256686000224527], "k_pid_yaw": [0.5, 1e-06, 0.1], "k_pid_hsp": [5.042800651413954, 0.36351052196859746, 0.29380756243073025], "k_pid_vsp": [208.16853664532832, 243.15679436434786, 131.17872052241188]}, "datetime": {"datetime": "2025-08-12 02:56:47", "elapsed": 37887.05051898956, "delta": 39.57685661315918}, "costs": {"total_cost": 1152.0059984831046, "time_cost": 150, "final_distance_cost": 49.93290989397652, "oscillation_cost": 264.63988042789714, "completition_cost": 555.5555555555555, "overshoot_cost": 63.63316390131562, "power_cost": 37.61165415039063, "noise_cost": 30.632834553969214, "n_waypoints_completed": 4, "tot_waypoints": 9}}
{"target": -563.8300685237517, "params": {"k_pid_pos": [1.031112118650583, 0.322541417522338, 0.2731577045956297], "k_pid_alt": [0.4123263261945662, 0.06562393834231528, 0.4041806576090552], "k_pid_att": [48.11857861861196, 8.40711036107812, 0.9878570581841676], "k_pid_yaw": [0.5, 1e-06, 0.1], "k_pid_hsp": [7.493978958705362, 0.9853913996849701, 0.650461065901066], "k_pid_vsp": [218.11530956205635, 225.5107180841046, 118.94641539752207]}, "datetime": {"datetime": "2025-08-12 02:57:22", "elapsed": 37921.43310165405, "delta": 34.382582664489746}, "costs": {"total_cost": 563.8300685237517, "time_cost": 112.11200000000001, "final_distance_cost": 1.7877162695831614, "oscillation_cost": 337.7111835009517, "completition_cost": 0.0, "overshoot_cost": 54.614668204428426, "power_cost": 31.23552515869141, "noise_cost": 26.368975390097024, "n_waypoints_completed": 9, "tot_waypoints": 9}}
{"target": -1016.2294973285395, "params": {"k_pid_pos": [0.2339609263877617, 0.7367238669304239, 0.6135414297634799], "k_pid_alt": [0.3306798628561207, 0.032604089721407714, 0.24463643282545555], "k_pid_att": [20.029653671067692, 5.849123923957353, 0.341915010969461], "k_pid_yaw": [0.5, 1e-06, 0.1], "k_pid_hsp": [9.949173528276486, 0.5980487933651579, 0.1252863240472608], "k_pid_vsp": [217.7163438884553, 277.5618780207892, 67.83646839354958]}, "datetime": {"datetime": "2025-08-12 02:57:58", "elapsed": 37957.878823041916, "delta": 36.44572138786316}, "costs": {"total_cost": 1016.2294973285395, "time_cost": 150, "final_distance_cost": 70.58155058129616, "oscillation_cost": 357.8632256781082, "completition_cost": 333.33333333333337, "overshoot_cost": 43.83950919451977, "power_cost": 32.07598142089844, "noise_cost": 28.53589712038371, "n_waypoints_completed": 6, "tot_waypoints": 9}}
{"target": -471.8447043670952, "params": {"k_pid_pos": [1.6848245494780947, 0.06513441662017039, 0.6053029943986469], "k_pid_alt": [0.7279717211774401, 0.11881214187490718, 0.5710928497067866], "k_pid_att": [28.181769274052805, 3.8405231118570313, 0.21144881283898498], "k_pid_yaw": [0.5, 1e-06, 0.1], "k_pid_hsp": [7.595877470279932, 0.020791554605456564, 0.122695123285266], "k_pid_vsp": [226.39460727038113, 280.38044982413606, 54.589755919212294]}, "datetime": {"datetime": "2025-08-12 02:58:26", "elapsed": 37986.10839152336, "delta": 28.229568481445312}, "costs": {"total_cost": 471.8447043670952, "time_cost": 83.055, "final_distance_cost": 1.7772260925066876, "oscillation_cost": 291.1654481742383, "completition_cost": 0.0, "overshoot_cost": 51.37388451878398, "power_cost": 23.53019512939453, "noise_cost": 20.94295045217167, "n_waypoints_completed": 9, "tot_waypoints": 9}}
{"target": -1247.018648772491, "params": {"k_pid_pos": [0.3031700097428885, 0.690743580230029, 0.32249412240704056], "k_pid_alt": [0.5890309141813401, 0.39513728410542126, 0.5728476312233538], "k_pid_att": [58.13512746065832, 4.748421977600671, 0.7170908381760578], "k_pid_yaw": [0.5, 1e-06, 0.1], "k_pid_hsp": [8.645150569157975, 0.6883120236320674, 0.8865786488779412], "k_pid_vsp": [216.42701924076215, 105.71668022388967, 45.92603972073723]}, "datetime": {"datetime": "2025-08-12 02:59:03", "elapsed": 38022.77767372131, "delta": 36.66928219795227}, "costs": {"total_cost": 1247.018648772491, "time_cost": 150, "final_distance_cost": 44.440781329278266, "oscillation_cost": 383.87839899161145, "completition_cost": 555.5555555555555, "overshoot_cost": 47.44315473283706, "power_cost": 36.04009757080078, "noise_cost": 29.66066059240772, "n_waypoints_completed": 4, "tot_waypoints": 9}}
{"target": -947.972236049606, "params": {"k_pid_pos": [1.7521535431813409, 0.39022404380102205, 0.4862419341516726], "k_pid_alt": [0.6714272378240647, 0.8967187750424309, 0.7667154382158082], "k_pid_att": [67.06171956101285, 6.526057635986964, 0.6955012841456029], "k_pid_yaw": [0.5, 1e-06, 0.1], "k_pid_hsp": [0.23961965155795426, 0.7654043043000465, 0.23105790582831087], "k_pid_vsp": [264.2005073245651, 141.84220156061028, 19.37067203778843]}, "datetime": {"datetime": "2025-08-12 02:59:38", "elapsed": 38057.686344623566, "delta": 34.9086709022522}, "costs": {"total_cost": 947.972236049606, "time_cost": 150, "final_distance_cost": 53.35851053308739, "oscillation_cost": 165.18993375077193, "completition_cost": 444.4444444444444, "overshoot_cost": 64.96755821589804, "power_cost": 36.87133649902344, "noise_cost": 33.14045260638067, "n_waypoints_completed": 5, "tot_waypoints": 9}}
{"target": -218.6770536674516, "params": {"k_pid_pos": [2.0, 0.1839326184501042, 0.6348909241512593], "k_pid_alt": [2.0, 0.0, 1.0], "k_pid_att": [32.889836073550285, 0.0001, 0.7944293519518247], "k_pid_yaw": [0.5, 1e-06, 0.1], "k_pid_hsp": [5.149981866261489, 1.0, 0.0], "k_pid_vsp": [228.90284486240577, 26.265001995880553, 36.650444815141064]}, "datetime": {"datetime": "2025-08-12 03:00:02", "elapsed": 38081.90293622017, "delta": 24.216591596603394}, "costs": {"total_cost": 218.6770536674516, "time_cost": 71.862, "final_distance_cost": 1.794680407975746, "oscillation_cost": 56.21521225529006, "completition_cost": 0.0, "overshoot_cost": 51.2456981644638, "power_cost": 19.536486059570315, "noise_cost": 18.022976780151676, "n_waypoints_completed": 9, "tot_waypoints": 9}}
{"target": -520.8993363315168, "params": {"k_pid_pos": [1.2795117452241695, 0.9871547602479235, 0.974574624503101], "k_pid_alt": [1.8940436620786065, 0.6316852432989208, 0.5878803975680603], "k_pid_att": [11.798454120651591, 8.048110898325499, 0.6244786641588222], "k_pid_yaw": [0.5, 1e-06, 0.1], "k_pid_hsp": [6.181986287973167, 0.063513741591257, 0.7183535451697778], "k_pid_vsp": [185.53054857235924, 315.72464602551014, 15.43977788894053]}, "datetime": {"datetime": "2025-08-12 03:00:35", "elapsed": 38115.29414510727, "delta": 33.39120888710022}, "costs": {"total_cost": 520.8993363315168, "time_cost": 114.87, "final_distance_cost": 1.7767429518418998, "oscillation_cost": 291.78397648284266, "completition_cost": 0.0, "overshoot_cost": 55.00177973904514, "power_cost": 29.683556250000002, "noise_cost": 27.783280907787084, "n_waypoints_completed": 9, "tot_waypoints": 9}}
{"target": -476.1152843262053, "params": {"k_pid_pos": [0.8507826269475621, 0.3410716169111374, 0.05639403540697563], "k_pid_alt": [1.9691375070705641, 0.6521347102570981, 0.648057955505596], "k_pid_att": [27.217258541552837, 0.9905905820807385, 0.9424792625570373], "k_pid_yaw": [0.5, 1e-06, 0.1], "k_pid_hsp": [4.972127629646093, 0.7690365723463899, 0.8059428846571468], "k_pid_vsp": [239.92074516335907, 325.349500458265, 25.566122689161674]}, "datetime": {"datetime": "2025-08-12 03:01:07", "elapsed": 38146.75854802132, "delta": 31.46440291404724}, "costs": {"total_cost": 476.1152843262053, "time_cost": 98.693, "final_distance_cost": 1.7860124890392899, "oscillation_cost": 268.3522903493986, "completition_cost": 0.0, "overshoot_cost": 55.224363361465635, "power_cost": 27.288320080566407, "noise_cost": 24.771298045735396, "n_waypoints_completed": 9, "tot_waypoints": 9}}
{"target": -404.6210282579615, "params": {"k_pid_pos": [1.968414102438208, 0.43384194069328896, 0.837070199790844], "k_pid_alt": [1.0959715888999733, 0.3130377565189437, 0.6331966211008719], "k_pid_att": [10.872714885176016, 2.401825638741779, 0.43605372097196005], "k_pid_yaw": [0.5, 1e-06, 0.1], "k_pid_hsp": [3.2873144221390875, 0.8210421833400154, 0.5599503975788082], "k_pid_vsp": [248.95937153514862, 272.8031156936477, 34.14844025865004]}, "datetime": {"datetime": "2025-08-12 03:01:38", "elapsed": 38177.50979137421, "delta": 30.751243352890015}, "costs": {"total_cost": 404.6210282579615, "time_cost": 92.113, "final_distance_cost": 1.7846251593777132, "oscillation_cost": 208.19913128939726, "completition_cost": 0.0, "overshoot_cost": 54.53198376547484, "power_cost": 24.94333330078125, "noise_cost": 23.048954742930466, "n_waypoints_completed": 9, "tot_waypoints": 9}}
{"target": -293.1170021557099, "params": {"k_pid_pos": [2.0, 1.0, 0.0], "k_pid_alt": [2.0, 1.0, 0.0], "k_pid_att": [40.390905969242496, 5.220144013172219, 1.0], "k_pid_yaw": [0.5, 1e-06, 0.1], "k_pid_hsp": [6.512173300491878, 0.0, 0.0], "k_pid_vsp": [269.4483603695237, 312.55910819955676, 74.54016045911298]}, "datetime": {"datetime": "2025-08-12 03:02:12", "elapsed": 38211.56059217453, "delta": 34.050800800323486}, "costs": {"total_cost": 293.1170021557099, "time_cost": 107.639, "final_distance_cost": 1.7992381829239177, "oscillation_cost": 63.74921873376001, "completition_cost": 0.0, "overshoot_cost": 63.03796260930001, "power_cost": 29.800941943359376, "noise_cost": 27.090640686366587, "n_waypoints_completed": 9, "tot_waypoints": 9}}
{"target": -725.7070335247639, "params": {"k_pid_pos": [2.0, 0.0, 0.0], "k_pid_alt": [2.0, 1.0, 1.0], "k_pid_att": [50.30209972986911, 0.0001, 0.0], "k_pid_yaw": [0.5, 1e-06, 0.1], "k_pid_hsp": [7.016530553919626, 1.0, 0.0], "k_pid_vsp": [208.17071238883204, 236.20978867802347, 130.67903134014122]}, "datetime": {"datetime": "2025-08-12 03:02:48", "elapsed": 38247.819648981094, "delta": 36.25905680656433}, "costs": {"total_cost": 725.7070335247639, "time_cost": 150, "final_distance_cost": 76.98492881151003, "oscillation_cost": 229.8001614562347, "completition_cost": 111.11111111111116, "overshoot_cost": 97.81018601840981, "power_cost": 27.10639919433594, "noise_cost": 32.89424693316218, "n_waypoints_completed": 8, "tot_waypoints": 9}}
{"target": -1105.8143888854324, "params": {"k_pid_pos": [0.485156159919577, 0.3007647300188534, 0.21411589704663603], "k_pid_alt": [0.7221638398080221, 0.9142922516198614, 0.4911371194479579], "k_pid_att": [41.0551877588063, 9.552131142145997, 0.2788417898670881], "k_pid_yaw": [0.5, 1e-06, 0.1], "k_pid_hsp": [3.4127774622810714, 0.9644104934187905, 0.7539813684742801], "k_pid_vsp": [115.81846354026482, 374.5817454797094, 108.57502149828154]}, "datetime": {"datetime": "2025-08-12 03:03:28", "elapsed": 38287.62788915634, "delta": 39.80824017524719}, "costs": {"total_cost": 1105.8143888854324, "time_cost": 150, "final_distance_cost": 70.2404864874844, "oscillation_cost": 431.84298993459026, "completition_cost": 333.33333333333337, "overshoot_cost": 54.7003058668233, "power_cost": 35.66305308837891, "noise_cost": 30.03422017482222, "n_waypoints_completed": 6, "tot_waypoints": 9}}
{"target": -547.9530395039892, "params": {"k_pid_pos": [1.6962364470257119, 0.2927364253997856, 0.5759049753354837], "k_pid_alt": [1.032778041392673, 0.695290845003608, 0.5075745007352012], "k_pid_att": [33.525072705858015, 4.552813498957451, 0.11574808701784056], "k_pid_yaw": [0.5, 1e-06, 0.1], "k_pid_hsp": [5.44918246030213, 0.06569506276373249, 0.799123595473186], "k_pid_vsp": [277.239795942591, 307.81215197494487, 74.0265117729582]}, "datetime": {"datetime": "2025-08-12 03:03:59", "elapsed": 38318.71484851837, "delta": 31.08695936203003}, "costs": {"total_cost": 547.9530395039892, "time_cost": 98.056, "final_distance_cost": 1.7580064854764899, "oscillation_cost": 337.25683601022575, "completition_cost": 0.0, "overshoot_cost": 57.964834135284235, "power_cost": 28.536284704589846, "noise_cost": 24.38107816841285, "n_waypoints_completed": 9, "tot_waypoints": 9}}
{"target": -742.1747804104396, "params": {"k_pid_pos": [1.0464924601425716, 0.22108786433885064, 0.7558584020698321], "k_pid_alt": [1.2598875121983781, 0.07803840433238107, 0.9907532623647641], "k_pid_att": [55.67252718152144, 5.776100312716378, 0.6865164448303405], "k_pid_yaw": [0.5, 1e-06, 0.1], "k_pid_hsp": [8.284287575678494, 0.8585921522255711, 0.1422711708608415], "k_pid_vsp": [122.83494160218802, 97.49028367576393, 48.3041110821486]}, "datetime": {"datetime": "2025-08-12 03:04:34", "elapsed": 38354.06025505066, "delta": 35.3454065322876}, "costs": {"total_cost": 742.1747804104396, "time_cost": 119.833, "final_distance_cost": 1.7908463434913913, "oscillation_cost": 505.2608874592621, "completition_cost": 0.0, "overshoot_cost": 52.300903952282106, "power_cost": 34.26319412841797, "noise_cost": 28.725948526986027, "n_waypoints_completed": 9, "tot_waypoints": 9}}
{"target": -1564.24678173641, "params": {"k_pid_pos": [0.008168958851839698, 0.4260657163458327, 0.538633599568029], "k_pid_alt": [1.4735484864387278, 0.5538095954376068, 0.6588624994750465], "k_pid_att": [7.993985938100556, 1.7358798452472204, 0.08860555817255866], "k_pid_yaw": [0.5, 1e-06, 0.1], "k_pid_hsp": [4.625035375939082, 0.3629864727755737, 0.9661062790671612], "k_pid_vsp": [285.13902931068026, 287.08099200049446, 175.79986956726037]}, "datetime": {"datetime": "2025-08-12 03:05:11", "elapsed": 38390.99713110924, "delta": 36.93687605857849}, "costs": {"total_cost": 1564.24678173641, "time_cost": 150, "final_distance_cost": 86.67488982853288, "oscillation_cost": 433.47926355745125, "completition_cost": 777.7777777777778, "overshoot_cost": 56.248804270187215, "power_cost": 31.84563065185547, "noise_cost": 28.22041565060518, "n_waypoints_completed": 2, "tot_waypoints": 9}}
{"target": -576.1570948722999, "params": {"k_pid_pos": [0.48677622079551214, 0.21811466687992032, 0.43678603440952624], "k_pid_alt": [0.28779410537628514, 0.25513958615825416, 0.5667648042015827], "k_pid_att": [8.425315064766004, 1.091670032495165, 0.15909037050090113], "k_pid_yaw": [0.5, 1e-06, 0.1], "k_pid_hsp": [8.965971165033807, 0.2560748572940673, 0.03610459678866518], "k_pid_vsp": [276.7679554533415, 367.5598552801672, 38.5969467145972]}, "datetime": {"datetime": "2025-08-12 03:05:49", "elapsed": 38428.40676045418, "delta": 37.409629344940186}, "costs": {"total_cost": 576.1570948722999, "time_cost": 150, "final_distance_cost": 66.11052983260325, "oscillation_cost": 140.18479418429786, "completition_cost": 111.11111111111116, "overshoot_cost": 50.78242688584298, "power_cost": 29.867634973144533, "noise_cost": 28.10059788530015, "n_waypoints_completed": 8, "tot_waypoints": 9}}
{"target": -627.9503225885625, "params": {"k_pid_pos": [1.8686448520103465, 0.9623515844045053, 0.8764080271208079], "k_pid_alt": [1.4287069782759727, 0.5799924184539678, 0.45647923690163117], "k_pid_att": [76.13816043823013, 4.752122299194784, 0.2942971192802135], "k_pid_yaw": [0.5, 1e-06, 0.1], "k_pid_hsp": [3.615271022881433, 0.29182339815837455, 0.3388766607050837], "k_pid_vsp": [263.521528548321, 206.44656600188875, 373.1968398633766]}, "datetime": {"datetime": "2025-08-12 03:06:25", "elapsed": 38465.18824458122, "delta": 36.78148412704468}, "costs": {"total_cost": 627.9503225885625, "time_cost": 117.376, "final_distance_cost": 1.728737578536282, "oscillation_cost": 367.7164195521155, "completition_cost": 0.0, "overshoot_cost": 75.91694596020663, "power_cost": 35.36318210449219, "noise_cost": 29.849037393211855, "n_waypoints_completed": 9, "tot_waypoints": 9}}
{"target": -522.3225270852554, "params": {"k_pid_pos": [1.98230658576613, 0.015764218006120156, 0.8810832027805944], "k_pid_alt": [1.0949396773055546, 0.5522357610329947, 0.018774279785815917], "k_pid_att": [8.59962188492699, 9.232587130350565, 0.9225741850472454], "k_pid_yaw": [0.5, 1e-06, 0.1], "k_pid_hsp": [1.1882205268693766, 0.23894389515668613, 0.7587460609851531], "k_pid_vsp": [241.8755427774778, 266.89985960496415, 28.623654051292025]}, "datetime": {"datetime": "2025-08-12 03:06:59", "elapsed": 38498.54071879387, "delta": 33.352474212646484}, "costs": {"total_cost": 522.3225270852554, "time_cost": 114.261, "final_distance_cost": 1.7649355559574156, "oscillation_cost": 286.8116098655766, "completition_cost": 0.0, "overshoot_cost": 62.47160214398928, "power_cost": 30.0543037109375, "noise_cost": 26.959075808794633, "n_waypoints_completed": 9, "tot_waypoints": 9}}
{"target": -303.80207758309285, "params": {"k_pid_pos": [0.7492317280136958, 0.35596022768381186, 0.19429490450564374], "k_pid_alt": [2.0, 0.61774398597325, 0.5263128683135936], "k_pid_att": [34.35173078678168, 3.4830542386551424, 0.2530306515176421], "k_pid_yaw": [0.5, 1e-06, 0.1], "k_pid_hsp": [7.223623033782005, 0.3308589523860657, 0.0], "k_pid_vsp": [334.7745331808416, 280.8264359254974, 237.56911244507785]}, "datetime": {"datetime": "2025-08-12 03:07:28", "elapsed": 38527.90126514435, "delta": 29.360546350479126}, "costs": {"total_cost": 303.80207758309285, "time_cost": 93.849, "final_distance_cost": 1.7929777738062453, "oscillation_cost": 105.19049673293688, "completition_cost": 0.0, "overshoot_cost": 56.09925218491231, "power_cost": 24.716071093750003, "noise_cost": 22.154279797687384, "n_waypoints_completed": 9, "tot_waypoints": 9}}
{"target": -493.8179076481025, "params": {"k_pid_pos": [0.8510245096773793, 0.11215187232591395, 0.3888379594750869], "k_pid_alt": [0.1402218487134772, 0.8693060163649465, 0.286610834608374], "k_pid_att": [36.52710853638301, 4.317836717096827, 0.5311759164023605], "k_pid_yaw": [0.5, 1e-06, 0.1], "k_pid_hsp": [9.500720015679025, 0.0019140785910705116, 0.06478880683789201], "k_pid_vsp": [204.78329407713568, 244.98550470437408, 116.5363054102112]}, "datetime": {"datetime": "2025-08-12 03:08:02", "elapsed": 38561.46353030205, "delta": 33.562265157699585}, "costs": {"total_cost": 493.8179076481025, "time_cost": 97.503, "final_distance_cost": 1.7638781581661713, "oscillation_cost": 273.8136596698239, "completition_cost": 0.0, "overshoot_cost": 69.09108975655097, "power_cost": 27.659245275878906, "noise_cost": 23.987034787682585, "n_waypoints_completed": 9, "tot_waypoints": 9}}
{"target": -575.7102459545508, "params": {"k_pid_pos": [1.968647795064797, 0.43531916602961074, 0.3139550905052223], "k_pid_alt": [1.0915779224249145, 0.8638543752218905, 0.7451376572939703], "k_pid_att": [30.175856834418056, 4.308699789177028, 0.04954853044325991], "k_pid_yaw": [0.5, 1e-06, 0.1], "k_pid_hsp": [9.76839466529917, 0.7909473158086096, 0.8096843260893112], "k_pid_vsp": [338.20970134461936, 279.31238202388363, 234.6614507086836]}, "datetime": {"datetime": "2025-08-12 03:08:33", "elapsed": 38593.11209630966, "delta": 31.648566007614136}, "costs": {"total_cost": 575.7102459545508, "time_cost": 106.169, "final_distance_cost": 1.7845470588466374, "oscillation_cost": 344.96890308764426, "completition_cost": 0.0, "overshoot_cost": 65.32622955603433, "power_cost": 31.281968017578127, "noise_cost": 26.179598234447486, "n_waypoints_completed": 9, "tot_waypoints": 9}}
{"target": -855.9274693555636, "params": {"k_pid_pos": [1.150603127354033, 0.09582321817289796, 0.5743168673321503], "k_pid_alt": [1.2570743891428202, 0.15745872228098512, 0.8752152404475949], "k_pid_att": [48.730503484532086, 2.1145236504536014, 0.7321330846442984], "k_pid_yaw": [0.5, 1e-06, 0.1], "k_pid_hsp": [0.7490824946760583, 0.6242391002968725, 0.6767214762649028], "k_pid_vsp": [214.2583182306713, 111.1929562525576, 42.2067294197354]}, "datetime": {"datetime": "2025-08-12 03:09:12", "elapsed": 38632.00114107132, "delta": 38.889044761657715}, "costs": {"total_cost": 855.9274693555636, "time_cost": 150, "final_distance_cost": 67.45978425036876, "oscillation_cost": 302.05742174848115, "completition_cost": 222.2222222222222, "overshoot_cost": 51.29630957794561, "power_cost": 34.59654393310547, "noise_cost": 28.295187623440377, "n_waypoints_completed": 7, "tot_waypoints": 9}}
{"target": -555.3062642801209, "params": {"k_pid_pos": [0.38359166732165, 0.019104605482490267, 0.04465564059469851], "k_pid_alt": [1.3932065823079238, 0.4275548447549611, 0.38578042993552764], "k_pid_att": [43.1171308621938, 5.300952814026734, 0.14666463614649627], "k_pid_yaw": [0.5, 1e-06, 0.1], "k_pid_hsp": [3.715832721345832, 0.9129145688478569, 0.37114642094063033], "k_pid_vsp": [185.44263069375444, 306.64895597403495, 144.00917286929914]}, "datetime": {"datetime": "2025-08-12 03:09:41", "elapsed": 38660.73650765419, "delta": 28.735366582870483}, "costs": {"total_cost": 555.3062642801209, "time_cost": 87.35300000000001, "final_distance_cost": 1.8309273562289639, "oscillation_cost": 365.206929074654, "completition_cost": 0.0, "overshoot_cost": 54.101938903152096, "power_cost": 25.187901135253906, "noise_cost": 21.62556781083202, "n_waypoints_completed": 9, "tot_waypoints": 9}}
{"target": -569.5115790099502, "params": {"k_pid_pos": [0.5627333363266348, 0.06843338149474099, 0.06536615621945507], "k_pid_alt": [0.7928300441801686, 0.8482546177893144, 0.781506123090028], "k_pid_att": [21.383076441030802, 1.4592899453540704, 0.1294882652595567], "k_pid_yaw": [0.5, 1e-06, 0.1], "k_pid_hsp": [9.103147805841694, 0.03840306600273613, 0.33506318856472395], "k_pid_vsp": [308.3738633162616, 317.12216033651083, 164.30092934415867]}, "datetime": {"datetime": "2025-08-12 03:10:09", "elapsed": 38689.08002114296, "delta": 28.34351348876953}, "costs": {"total_cost": 569.5115790099502, "time_cost": 92.22500000000001, "final_distance_cost": 1.7993953932156022, "oscillation_cost": 367.7813136018403, "completition_cost": 0.0, "overshoot_cost": 59.77389700372734, "power_cost": 25.074340185546877, "noise_cost": 22.85763282562005, "n_waypoints_completed": 9, "tot_waypoints": 9}}
