{"target": -687.0852602688517, "params": {"k_pid_pos": [1.7768720242314988, 0.7416115119484912, 0.11374171630115004], "k_pid_alt": [1.9954629402943047, 0.5214327194313899, 0.6356344622640836], "k_pid_att": [14.055911077460381, 1.2493620966759507, 0.18598391475989584], "k_pid_yaw": [0.5, 1e-06, 0.1], "k_pid_hsp": [0.14958068600612956, 0.5630288840194582, 0.436193140916298], "k_pid_vsp": [80.32886804726789, 193.75470593299448, 48.97863698202176]}, "datetime": {"datetime": "2025-08-12 12:07:35", "elapsed": 70935.03750920296, "delta": 55.8827588558197}, "costs": {"total_cost": 687.0852602688517, "time_cost": 150, "final_distance_cost": 84.24304664776487, "oscillation_cost": 188.72426841745502, "completition_cost": 111.11111111111116, "overshoot_cost": 88.34830537163012, "power_cost": 34.506925500488286, "noise_cost": 30.15160322040225, "n_waypoints_completed": 8, "tot_waypoints": 9}}
{"target": -560.7867978196834, "params": {"k_pid_pos": [2.0, 0.0, 0.2521609765587066], "k_pid_alt": [2.0, 0.0, 0.0], "k_pid_att": [37.286546193269835, 2.4297282712125177, 0.0], "k_pid_yaw": [0.5, 1e-06, 0.1], "k_pid_hsp": [1.6953796349353252, 0.0, 1.0], "k_pid_vsp": [337.5430893642284, 282.8060493906625, 250.76621640295107]}, "datetime": {"datetime": "2025-08-12 12:08:20", "elapsed": 70980.14218831062, "delta": 45.104679107666016}, "costs": {"total_cost": 560.7867978196834, "time_cost": 94.906, "final_distance_cost": 1.7721571851668723, "oscillation_cost": 339.37626220757767, "completition_cost": 0.0, "overshoot_cost": 72.57455091976938, "power_cost": 27.928258898925783, "noise_cost": 24.22956860824371, "n_waypoints_completed": 9, "tot_waypoints": 9}}
{"target": -1710.5696714785336, "params": {"k_pid_pos": [0.45125968367685054, 0.6813274434395832, 0.9978390387146417], "k_pid_alt": [0.2646474332730884, 0.7307148782529315, 0.03300412546235709], "k_pid_att": [35.992457818268775, 8.85174448193265, 0.33168481577132836], "k_pid_yaw": [0.5, 1e-06, 0.1], "k_pid_hsp": [9.765628231699143, 0.7088609885525411, 0.9355330201769974], "k_pid_vsp": [222.04233797871083, 323.8103738321207, 12.953365233220307]}, "datetime": {"datetime": "2025-08-12 12:09:04", "elapsed": 71023.88732814789, "delta": 43.745139837265015}, "costs": {"total_cost": 1710.5696714785336, "time_cost": 150, "final_distance_cost": 86.46686403638994, "oscillation_cost": 588.4144761848274, "completition_cost": 777.7777777777778, "overshoot_cost": 42.5473325760548, "power_cost": 36.07897322998047, "noise_cost": 29.28424767350321, "n_waypoints_completed": 2, "tot_waypoints": 9}}
{"target": -615.8339216521085, "params": {"k_pid_pos": [1.509115062548917, 0.303463088005245, 0.5366897264213486], "k_pid_alt": [0.4053436563763053, 0.9191713461409934, 0.5609155160735507], "k_pid_att": [24.056721824249205, 8.983825956965726, 0.36886560480876074], "k_pid_yaw": [0.5, 1e-06, 0.1], "k_pid_hsp": [8.547795453472554, 0.8836181699953491, 0.31674734039967856], "k_pid_vsp": [228.987979389398, 279.99772218065965, 52.47338709859033]}, "datetime": {"datetime": "2025-08-12 12:09:44", "elapsed": 71063.37854290009, "delta": 39.491214752197266}, "costs": {"total_cost": 615.8339216521085, "time_cost": 103.663, "final_distance_cost": 1.778606829356306, "oscillation_cost": 394.65911102447996, "completition_cost": 0.0, "overshoot_cost": 60.78850441234945, "power_cost": 29.322519250488284, "noise_cost": 25.622180135434572, "n_waypoints_completed": 9, "tot_waypoints": 9}}
{"target": -312.0798608321296, "params": {"k_pid_pos": [1.118353134042983, 0.3475878100474348, 0.043284295711955356], "k_pid_alt": [1.4777144704708975, 0.5961268387268708, 0.3346168109974381], "k_pid_att": [9.239920210288876, 4.608188470897211, 0.714136357842483], "k_pid_yaw": [0.5, 1e-06, 0.1], "k_pid_hsp": [7.314194321998423, 0.7254492866056137, 0.29215703311953123], "k_pid_vsp": [285.4621416665258, 265.4661245001479, 41.999331033560324]}, "datetime": {"datetime": "2025-08-12 12:10:28", "elapsed": 71108.22559714317, "delta": 44.84705424308777}, "costs": {"total_cost": 312.0798608321296, "time_cost": 87.78, "final_distance_cost": 1.775058297071865, "oscillation_cost": 124.0338839211798, "completition_cost": 0.0, "overshoot_cost": 52.862981194567666, "power_cost": 23.576264306640628, "noise_cost": 22.05167311266968, "n_waypoints_completed": 9, "tot_waypoints": 9}}
{"target": -571.7409466187914, "params": {"k_pid_pos": [1.0383474174370135, 0.9426732501563976, 0.7456676007227618], "k_pid_alt": [1.1204008539167487, 0.8835619300338444, 0.948925862753239], "k_pid_att": [16.96936162824424, 8.259463422435772, 0.45793928405927964], "k_pid_yaw": [0.5, 1e-06, 0.1], "k_pid_hsp": [6.967904902704678, 0.8469166431622498, 0.3853749898422947], "k_pid_vsp": [226.60876956602633, 280.85884901111433, 22.21699872012725]}, "datetime": {"datetime": "2025-08-12 12:11:18", "elapsed": 71157.5077779293, "delta": 49.28218078613281}, "costs": {"total_cost": 571.7409466187914, "time_cost": 115.857, "final_distance_cost": 1.7704299345282437, "oscillation_cost": 332.4067904560186, "completition_cost": 0.0, "overshoot_cost": 60.82175444406239, "power_cost": 30.961507165527344, "noise_cost": 29.923464618654815, "n_waypoints_completed": 9, "tot_waypoints": 9}}
{"target": -430.1645446895052, "params": {"k_pid_pos": [1.0343011456574254, 0.5965949107136203, 0.987750242930826], "k_pid_alt": [1.7086787358780935, 0.9823605377421774, 0.570574332266147], "k_pid_att": [12.25291172060049, 9.815561865060412, 0.307081807073851], "k_pid_yaw": [0.5, 1e-06, 0.1], "k_pid_hsp": [0.24943037629640888, 0.5528464731049668, 0.14512934036472358], "k_pid_vsp": [235.61455349290418, 259.8768201152252, 26.556202185431086]}, "datetime": {"datetime": "2025-08-12 12:12:16", "elapsed": 71215.9068775177, "delta": 58.399099588394165}, "costs": {"total_cost": 430.1645446895052, "time_cost": 108.164, "final_distance_cost": 1.8025149974231993, "oscillation_cost": 204.24629185546257, "completition_cost": 0.0, "overshoot_cost": 57.10263712512719, "power_cost": 31.062107397460938, "noise_cost": 27.78699331403136, "n_waypoints_completed": 9, "tot_waypoints": 9}}
{"target": -306.1102193003137, "params": {"k_pid_pos": [1.83600209790807, 0.7109200740507075, 0.4781981198232277], "k_pid_alt": [1.8301182175424535, 0.01480001300633782, 0.6945585193278461], "k_pid_att": [11.840555403141362, 3.334685171856513, 0.802960906748343], "k_pid_yaw": [0.5, 1e-06, 0.1], "k_pid_hsp": [4.849688379980326, 0.3080193698314536, 0.4896589949451252], "k_pid_vsp": [238.00987720502937, 269.9761183214291, 24.349665169215704]}, "datetime": {"datetime": "2025-08-12 12:12:50", "elapsed": 71249.65819120407, "delta": 33.75131368637085}, "costs": {"total_cost": 306.1102193003137, "time_cost": 79.653, "final_distance_cost": 1.7123462220215881, "oscillation_cost": 127.60074487977282, "completition_cost": 0.0, "overshoot_cost": 54.66726391318538, "power_cost": 22.073803308105468, "noise_cost": 20.403060977228424, "n_waypoints_completed": 9, "tot_waypoints": 9}}
{"target": -1108.596174606265, "params": {"k_pid_pos": [0.39634684958599364, 0.49014046954532164, 0.47493506709129885], "k_pid_alt": [1.759070148490775, 0.4463811572041092, 0.794117832832361], "k_pid_att": [25.846927105196617, 1.6041956674933158, 0.2194839781402389], "k_pid_yaw": [0.5, 1e-06, 0.1], "k_pid_hsp": [8.918396611251126, 0.7154810478484004, 0.6905804749092764], "k_pid_vsp": [241.4410989609092, 328.6150769313975, 18.390310448775207]}, "datetime": {"datetime": "2025-08-12 12:13:34", "elapsed": 71293.61822581291, "delta": 43.96003460884094}, "costs": {"total_cost": 1108.596174606265, "time_cost": 150, "final_distance_cost": 70.91850264648384, "oscillation_cost": 557.2313277169665, "completition_cost": 222.2222222222222, "overshoot_cost": 46.469194007763726, "power_cost": 33.131276171875, "noise_cost": 28.623651840953936, "n_waypoints_completed": 7, "tot_waypoints": 9}}
{"target": -467.99251245379907, "params": {"k_pid_pos": [1.9757868886025092, 0.9367159044893684, 0.5489887752988021], "k_pid_alt": [0.34988352711216386, 0.16449061676716092, 0.5958278594580707], "k_pid_att": [27.376614536785482, 8.085818158099055, 0.5426040889731044], "k_pid_yaw": [0.5, 1e-06, 0.1], "k_pid_hsp": [3.708967567168974, 0.07432277898058404, 0.15122457116870058], "k_pid_vsp": [229.67394371048448, 315.22123197547177, 23.214513371330504]}, "datetime": {"datetime": "2025-08-12 12:14:21", "elapsed": 71341.0236825943, "delta": 47.40545678138733}, "costs": {"total_cost": 467.99251245379907, "time_cost": 102.102, "final_distance_cost": 1.7607442113312632, "oscillation_cost": 248.63276861583103, "completition_cost": 0.0, "overshoot_cost": 61.07595511822099, "power_cost": 28.40899373779297, "noise_cost": 26.01205077062279, "n_waypoints_completed": 9, "tot_waypoints": 9}}
{"target": -863.4647620355698, "params": {"k_pid_pos": [1.9805512479248217, 0.04389551006012726, 0.8759294324999148], "k_pid_alt": [1.3671265295980994, 0.23617156116806226, 0.7665425965411772], "k_pid_att": [41.00736722959778, 5.514789024495801, 0.6168531797012075], "k_pid_yaw": [0.5, 1e-06, 0.1], "k_pid_hsp": [0.9158645058406915, 0.6127831234647668, 0.5094303402240797], "k_pid_vsp": [198.7274474980732, 239.09606832444737, 120.78549763046702]}, "datetime": {"datetime": "2025-08-12 12:15:04", "elapsed": 71383.8768761158, "delta": 42.853193521499634}, "costs": {"total_cost": 863.4647620355698, "time_cost": 150, "final_distance_cost": 72.90348436349277, "oscillation_cost": 294.9201669140464, "completition_cost": 222.2222222222222, "overshoot_cost": 56.42315597749969, "power_cost": 37.79100212402344, "noise_cost": 29.204730434285388, "n_waypoints_completed": 7, "tot_waypoints": 9}}
{"target": -615.2425065100815, "params": {"k_pid_pos": [1.7978098001733374, 0.9197637332676954, 0.06848960159610351], "k_pid_alt": [1.2757680012441523, 0.9611149420161093, 0.4561492974876058], "k_pid_att": [15.188688935758998, 1.275795215717131, 0.23997487921002525], "k_pid_yaw": [0.5, 1e-06, 0.1], "k_pid_hsp": [5.09494386766592, 0.5035923945598659, 0.7133407662539104], "k_pid_vsp": [222.94621466218842, 276.41215567911604, 34.00706732659702]}, "datetime": {"datetime": "2025-08-12 12:15:49", "elapsed": 71428.61232352257, "delta": 44.7354474067688}, "costs": {"total_cost": 615.2425065100815, "time_cost": 150, "final_distance_cost": 66.81685038773821, "oscillation_cost": 158.0423797663055, "completition_cost": 111.11111111111116, "overshoot_cost": 62.6474383325808, "power_cost": 35.646666040039065, "noise_cost": 30.978060872306717, "n_waypoints_completed": 8, "tot_waypoints": 9}}
{"target": -1059.4135764446048, "params": {"k_pid_pos": [0.28874192813158983, 0.8676393518114208, 0.2080535522334277], "k_pid_alt": [1.1335878028889612, 0.2391981916537902, 0.43017458854048907], "k_pid_att": [2.761686118086526, 8.709262598725097, 0.7423166809547295], "k_pid_yaw": [0.5, 1e-06, 0.1], "k_pid_hsp": [8.503024933894583, 0.2674641816370176, 0.6572940867167747], "k_pid_vsp": [296.38960462774213, 302.57181639413085, 166.4699471013087]}, "datetime": {"datetime": "2025-08-12 12:16:36", "elapsed": 71475.93455290794, "delta": 47.32222938537598}, "costs": {"total_cost": 1059.4135764446048, "time_cost": 150, "final_distance_cost": 40.830429390645364, "oscillation_cost": 286.317821844803, "completition_cost": 444.4444444444444, "overshoot_cost": 77.47929819000144, "power_cost": 33.09795452880859, "noise_cost": 27.243628045901964, "n_waypoints_completed": 5, "tot_waypoints": 9}}
{"target": -778.0348166654577, "params": {"k_pid_pos": [0.11124662403001417, 0.27051772679558206, 0.2662454900810379], "k_pid_alt": [0.8909076859408158, 0.04914829612457816, 0.5255073150982755], "k_pid_att": [5.534098243294094, 6.999559221047783, 0.12736753106626408], "k_pid_yaw": [0.5, 1e-06, 0.1], "k_pid_hsp": [3.6874155980544563, 0.08755342649162334, 0.09911881302265035], "k_pid_vsp": [233.13104510495867, 267.38568248086864, 32.36694937248327]}, "datetime": {"datetime": "2025-08-12 12:17:25", "elapsed": 71525.3086707592, "delta": 49.374117851257324}, "costs": {"total_cost": 778.0348166654577, "time_cost": 150, "final_distance_cost": 55.23323591013974, "oscillation_cost": 131.97424985447282, "completition_cost": 333.33333333333337, "overshoot_cost": 51.35788620834549, "power_cost": 29.290359680175783, "noise_cost": 26.84575167899053, "n_waypoints_completed": 6, "tot_waypoints": 9}}
{"target": -787.3081628089683, "params": {"k_pid_pos": [0.7833433883235363, 0.265118975823716, 0.40073939600995956], "k_pid_alt": [1.5244399447270103, 0.07634246291885027, 0.15028221256836338], "k_pid_att": [18.16509030548017, 5.1236450477522455, 0.2987952374667424], "k_pid_yaw": [0.5, 1e-06, 0.1], "k_pid_hsp": [2.7972151977351, 0.8008668635790323, 0.35122890686802133], "k_pid_vsp": [185.3900148792512, 333.5104471029766, 16.10491124906456]}, "datetime": {"datetime": "2025-08-12 12:18:21", "elapsed": 71580.48690128326, "delta": 55.17823052406311}, "costs": {"total_cost": 787.3081628089683, "time_cost": 150, "final_distance_cost": 12.570520487993441, "oscillation_cost": 399.5885715842995, "completition_cost": 111.11111111111116, "overshoot_cost": 52.374544634897475, "power_cost": 32.30331984863282, "noise_cost": 29.360095142033963, "n_waypoints_completed": 8, "tot_waypoints": 9}}
{"target": -284.89921927695093, "params": {"k_pid_pos": [0.7148131928175139, 0.46343851811312664, 0.34318422133793747], "k_pid_alt": [1.7032836475882278, 0.7355285888957125, 0.6750074886788602], "k_pid_att": [14.386127781457258, 4.172649125814292, 0.9173345880078642], "k_pid_yaw": [0.5, 1e-06, 0.1], "k_pid_hsp": [9.773006364657315, 0.01547147821859951, 0.060558676434788405], "k_pid_vsp": [244.69191724056287, 250.87736528433413, 11.647202180396121]}, "datetime": {"datetime": "2025-08-12 12:19:00", "elapsed": 71619.70778489113, "delta": 39.22088360786438}, "costs": {"total_cost": 284.89921927695093, "time_cost": 99.624, "final_distance_cost": 1.7738210646612291, "oscillation_cost": 78.36798139402113, "completition_cost": 0.0, "overshoot_cost": 55.12058055596632, "power_cost": 23.959698986816406, "noise_cost": 26.053137275485906, "n_waypoints_completed": 9, "tot_waypoints": 9}}
{"target": -390.05479610904933, "params": {"k_pid_pos": [1.514333129958298, 0.9971081026757349, 0.5743727525792182], "k_pid_alt": [1.4167678362190637, 0.021017770767498445, 0.35416694804180193], "k_pid_att": [46.02691424756937, 2.7210947760400095, 0.8958650465753822], "k_pid_yaw": [0.5, 1e-06, 0.1], "k_pid_hsp": [3.780170894511373, 0.5431181078361017, 0.7982572334248066], "k_pid_vsp": [273.7141836087613, 315.6110490806411, 75.03171173861564]}, "datetime": {"datetime": "2025-08-12 12:19:39", "elapsed": 71658.54278111458, "delta": 38.83499622344971}, "costs": {"total_cost": 390.05479610904933, "time_cost": 101.045, "final_distance_cost": 1.7732911878040383, "oscillation_cost": 150.99322716895884, "completition_cost": 0.0, "overshoot_cost": 76.19210342539589, "power_cost": 31.217986389160156, "noise_cost": 28.833187937730415, "n_waypoints_completed": 9, "tot_waypoints": 9}}
{"target": -1142.2314067256796, "params": {"k_pid_pos": [2.0, 0.0, 1.0], "k_pid_alt": [0.0, 0.0, 0.7207819800170474], "k_pid_att": [47.451929900669235, 7.268807896889123, 1.0], "k_pid_yaw": [0.5, 1e-06, 0.1], "k_pid_hsp": [9.74819297323078, 1.0, 0.0], "k_pid_vsp": [234.25103827022716, 72.46542348817424, 154.01122345481733]}, "datetime": {"datetime": "2025-08-12 12:20:24", "elapsed": 71704.33962607384, "delta": 45.79684495925903}, "costs": {"total_cost": 1142.2314067256796, "time_cost": 150, "final_distance_cost": 74.45598460288942, "oscillation_cost": 102.49459029446645, "completition_cost": 666.6666666666667, "overshoot_cost": 86.97689920048931, "power_cost": 29.086415100097657, "noise_cost": 32.55085086107005, "n_waypoints_completed": 3, "tot_waypoints": 9}}
{"target": -269.800409981986, "params": {"k_pid_pos": [2.0, 0.0, 0.0], "k_pid_alt": [2.0, 1.0, 1.0], "k_pid_att": [36.927719098732325, 4.903079141484992, 1.0], "k_pid_yaw": [0.5, 1e-06, 0.1], "k_pid_hsp": [7.377587213399252, 0.0, 0.0], "k_pid_vsp": [222.9038661753651, 323.6266253619822, 21.633929792508372]}, "datetime": {"datetime": "2025-08-12 12:21:02", "elapsed": 71742.19611740112, "delta": 37.85649132728577}, "costs": {"total_cost": 269.800409981986, "time_cost": 87.47200000000001, "final_distance_cost": 1.7443692286739245, "oscillation_cost": 80.49061906325629, "completition_cost": 0.0, "overshoot_cost": 53.462158591001526, "power_cost": 23.975288488769532, "noise_cost": 22.655974610284733, "n_waypoints_completed": 9, "tot_waypoints": 9}}
{"target": -1924.6047346810242, "params": {"k_pid_pos": [0.0001, 0.0, 1.0], "k_pid_alt": [2.0, 0.0, 1.0], "k_pid_att": [36.10602380252676, 2.1980943654934806, 0.0], "k_pid_yaw": [0.5, 1e-06, 0.1], "k_pid_hsp": [7.2223572490176355, 0.0, 0.0], "k_pid_vsp": [221.37325981971838, 11.282494786888645, 42.83357378451458]}, "datetime": {"datetime": "2025-08-12 12:21:47", "elapsed": 71787.23068642616, "delta": 45.03456902503967}, "costs": {"total_cost": 1924.6047346810242, "time_cost": 150, "final_distance_cost": 46.1422612413622, "oscillation_cost": 632.3930976353593, "completition_cost": 1000.0, "overshoot_cost": 35.36576052959807, "power_cost": 32.35329819335938, "noise_cost": 28.350317081345047, "n_waypoints_completed": 0, "tot_waypoints": 9}}
{"target": -879.5217831686272, "params": {"k_pid_pos": [2.0, 0.0, 0.0], "k_pid_alt": [2.0, 1.0, 1.0], "k_pid_att": [16.44059458681941, 0.0001, 0.0], "k_pid_yaw": [0.5, 1e-06, 0.1], "k_pid_hsp": [6.214495793774592, 0.0, 0.0], "k_pid_vsp": [52.14693905680991, 340.4753712084732, 156.2794230252046]}, "datetime": {"datetime": "2025-08-12 12:22:40", "elapsed": 71839.92736387253, "delta": 52.696677446365356}, "costs": {"total_cost": 879.5217831686272, "time_cost": 150, "final_distance_cost": 69.61520911983119, "oscillation_cost": 203.23906500674187, "completition_cost": 333.33333333333337, "overshoot_cost": 62.14349286757675, "power_cost": 32.22624096679688, "noise_cost": 28.96444187434712, "n_waypoints_completed": 6, "tot_waypoints": 9}}
{"target": -400.8908520639676, "params": {"k_pid_pos": [1.3995883325534553, 0.07137242367051977, 0.5749123455252376], "k_pid_alt": [0.8849883943830834, 0.03635553720570395, 0.9169435255087038], "k_pid_att": [11.193509407695135, 7.568080614888667, 0.25235289604896505], "k_pid_yaw": [0.5, 1e-06, 0.1], "k_pid_hsp": [8.136922728867171, 0.0005196460006272607, 0.8776911703444603], "k_pid_vsp": [305.433643121312, 353.2773737433542, 143.36643152097517]}, "datetime": {"datetime": "2025-08-12 12:23:25", "elapsed": 71884.90464949608, "delta": 44.977285623550415}, "costs": {"total_cost": 400.8908520639676, "time_cost": 78.743, "final_distance_cost": 1.8248082191297623, "oscillation_cost": 225.69021257766116, "completition_cost": 0.0, "overshoot_cost": 52.58875836153078, "power_cost": 22.325906799316407, "noise_cost": 19.71816610632956, "n_waypoints_completed": 9, "tot_waypoints": 9}}
{"target": -410.7317015207743, "params": {"k_pid_pos": [1.5163019477368407, 0.7540581471811119, 0.526992229020462], "k_pid_alt": [0.7238791254476484, 0.07085992294845467, 0.755975878093688], "k_pid_att": [20.347935454156552, 2.208128025616807, 0.9617489775589909], "k_pid_yaw": [0.5, 1e-06, 0.1], "k_pid_hsp": [4.731803836864174, 0.6881013673476198, 0.13654068950518072], "k_pid_vsp": [185.5602308090778, 340.770609689099, 10.686744099009891]}, "datetime": {"datetime": "2025-08-12 12:24:07", "elapsed": 71926.66462945938, "delta": 41.75997996330261}, "costs": {"total_cost": 410.7317015207743, "time_cost": 112.168, "final_distance_cost": 1.7778654675470424, "oscillation_cost": 186.1689445925008, "completition_cost": 0.0, "overshoot_cost": 52.23103067913074, "power_cost": 29.740631152343752, "noise_cost": 28.645229629251954, "n_waypoints_completed": 9, "tot_waypoints": 9}}
{"target": -367.2104650963079, "params": {"k_pid_pos": [1.672657570984813, 0.015476337477121738, 0.49592795486015506], "k_pid_alt": [1.9212514820378543, 0.9187639551987301, 0.8753829387090323], "k_pid_att": [16.923221363872653, 8.345348090405224, 0.4427828055848714], "k_pid_yaw": [0.5, 1e-06, 0.1], "k_pid_hsp": [5.304947279277013, 0.8790348010093549, 0.4481809967075301], "k_pid_vsp": [250.98220003831236, 271.61214359479123, 37.26280660418143]}, "datetime": {"datetime": "2025-08-12 12:24:44", "elapsed": 71964.27438211441, "delta": 37.6097526550293}, "costs": {"total_cost": 367.2104650963079, "time_cost": 78.421, "final_distance_cost": 1.7743891282165183, "oscillation_cost": 194.68485722613303, "completition_cost": 0.0, "overshoot_cost": 51.23212884178585, "power_cost": 21.44124266357422, "noise_cost": 19.656847236598317, "n_waypoints_completed": 9, "tot_waypoints": 9}}
{"target": -387.4312052007713, "params": {"k_pid_pos": [0.8916963603307781, 0.04894703430658509, 0.4617703040140074], "k_pid_alt": [0.37589528483838897, 0.5422149224029852, 0.9722698325275496], "k_pid_att": [13.649167293230835, 5.952934781310922, 0.6542606262507188], "k_pid_yaw": [0.5, 1e-06, 0.1], "k_pid_hsp": [3.160991218787271, 0.6927028587370713, 0.661912735793948], "k_pid_vsp": [170.55066408543266, 310.234920845826, 20.024570939970324]}, "datetime": {"datetime": "2025-08-12 12:25:30", "elapsed": 72009.77466130257, "delta": 45.50027918815613}, "costs": {"total_cost": 387.4312052007713, "time_cost": 84.749, "final_distance_cost": 1.8036121570667532, "oscillation_cost": 203.286320428031, "completition_cost": 0.0, "overshoot_cost": 55.506892695893, "power_cost": 21.693471130371094, "noise_cost": 20.39190878940948, "n_waypoints_completed": 9, "tot_waypoints": 9}}
