{"target": -761.1175162990642, "params": {"k_pid_pos": [0.5560524970139296, 0.5050665414898856, 0.2596679381950583], "k_pid_alt": [1.9774441583355287, 0.9928526746058631, 0.5591977224542284], "k_pid_att": [26.07435418979248, 9.606627080698036, 0.35936229503986283], "k_pid_yaw": [0.5, 1e-06, 0.1], "k_pid_hsp": [2.9363883159032964, 0.5135222945636503, 0.674029697048349], "k_pid_vsp": [78.25588453724394, 218.37851451155205, 38.15627249826976]}, "datetime": {"datetime": "2025-08-12 14:43:04", "elapsed": 80263.84568119049, "delta": 54.93922257423401}, "costs": {"total_cost": 761.1175162990642, "time_cost": 150, "final_distance_cost": 24.597449207895878, "oscillation_cost": 343.823549526241, "completition_cost": 111.11111111111116, "overshoot_cost": 66.5112298033757, "power_cost": 34.72488814697266, "noise_cost": 30.34928850346778, "n_waypoints_completed": 8, "tot_waypoints": 9}}
{"target": -288.44477675447325, "params": {"k_pid_pos": [1.912644147990939, 0.4713722009002459, 0.37659016856169425], "k_pid_alt": [1.5764645373382313, 0.9414728668988807, 0.4194580593040349], "k_pid_att": [5.909834692818072, 4.57846095711775, 0.5866732413582401], "k_pid_yaw": [0.5, 1e-06, 0.1], "k_pid_hsp": [3.292878491359689, 0.42791899179805537, 0.09881032125993572], "k_pid_vsp": [235.58152664649046, 256.95184573673333, 32.08494664613065]}, "datetime": {"datetime": "2025-08-12 14:43:48", "elapsed": 80307.91593670845, "delta": 44.070255517959595}, "costs": {"total_cost": 288.44477675447325, "time_cost": 82.901, "final_distance_cost": 1.7804350751890063, "oscillation_cost": 106.80630863639774, "completition_cost": 0.0, "overshoot_cost": 52.95381995026911, "power_cost": 22.839936450195314, "noise_cost": 21.163276642422073, "n_waypoints_completed": 9, "tot_waypoints": 9}}
{"target": -364.2613745129323, "params": {"k_pid_pos": [1.4294258597314997, 0.9537392820613522, 0.7048249325556782], "k_pid_alt": [1.2282675767106945, 0.7534583400283834, 0.47301936469704164], "k_pid_att": [3.444295707780365, 2.6509047471401894, 0.5652926936784827], "k_pid_yaw": [0.5, 1e-06, 0.1], "k_pid_hsp": [6.8238347409468165, 0.7132293489251286, 0.18369393716635318], "k_pid_vsp": [77.33917121467924, 191.8643358805929, 48.68827638539734]}, "datetime": {"datetime": "2025-08-12 14:44:39", "elapsed": 80358.91619753838, "delta": 51.00026082992554}, "costs": {"total_cost": 364.2613745129323, "time_cost": 109.382, "final_distance_cost": 1.7359438971618082, "oscillation_cost": 134.06667529376742, "completition_cost": 0.0, "overshoot_cost": 60.92125383088916, "power_cost": 30.498185766601566, "noise_cost": 27.657315724512337, "n_waypoints_completed": 9, "tot_waypoints": 9}}
{"target": -568.8561052128063, "params": {"k_pid_pos": [1.0717274339486915, 0.49201218338450436, 0.9204425435497445], "k_pid_alt": [0.8911345571337956, 0.19634287697274966, 0.7317326176957759], "k_pid_att": [19.7802069580009, 9.795606505598283, 0.1359341912355213], "k_pid_yaw": [0.5, 1e-06, 0.1], "k_pid_hsp": [3.3975496882305274, 0.40429588693155416, 0.8395910596386313], "k_pid_vsp": [251.91766592305171, 268.065783843485, 35.68225867809705]}, "datetime": {"datetime": "2025-08-12 14:45:26", "elapsed": 80406.33486771584, "delta": 47.41867017745972}, "costs": {"total_cost": 568.8561052128063, "time_cost": 92.358, "final_distance_cost": 1.7442426753881097, "oscillation_cost": 372.5000654844248, "completition_cost": 0.0, "overshoot_cost": 53.63077676165539, "power_cost": 25.645935766601564, "noise_cost": 22.977084524736316, "n_waypoints_completed": 9, "tot_waypoints": 9}}
{"target": -417.0282589020806, "params": {"k_pid_pos": [1.858710015654201, 0.04188624233210758, 0.13566512015010146], "k_pid_alt": [0.2287590571996081, 0.3246713024224007, 0.024134712404946246], "k_pid_att": [12.298999995745508, 5.423558970992566, 0.9437777739541378], "k_pid_yaw": [0.5, 1e-06, 0.1], "k_pid_hsp": [7.032623421184814, 0.2923063038919993, 0.7218879477269378], "k_pid_vsp": [180.55852460671846, 338.8722491601396, 3.549751748203886]}, "datetime": {"datetime": "2025-08-12 14:46:05", "elapsed": 80445.2189719677, "delta": 38.88410425186157}, "costs": {"total_cost": 417.0282589020806, "time_cost": 96.747, "final_distance_cost": 1.736812676994746, "oscillation_cost": 210.2600873508576, "completition_cost": 0.0, "overshoot_cost": 57.91114715255896, "power_cost": 22.97689246826172, "noise_cost": 27.39631925340763, "n_waypoints_completed": 9, "tot_waypoints": 9}}
{"target": -662.6444713723918, "params": {"k_pid_pos": [0.3743349774961946, 0.7433128436465856, 0.7927168526765982], "k_pid_alt": [0.3852310097133389, 0.21036453492103868, 0.8031631024480329], "k_pid_att": [7.7193563120706905, 2.5115178067979786, 0.9465141461912523], "k_pid_yaw": [0.5, 1e-06, 0.1], "k_pid_hsp": [2.4700024236284737, 0.3551784139244514, 0.12197837660001043], "k_pid_vsp": [238.60420290013474, 256.3778693974185, 26.50009097887199]}, "datetime": {"datetime": "2025-08-12 14:47:03", "elapsed": 80503.19893336296, "delta": 57.97996139526367}, "costs": {"total_cost": 662.6444713723918, "time_cost": 150, "final_distance_cost": 67.28007139306335, "oscillation_cost": 112.95530230457564, "completition_cost": 222.2222222222222, "overshoot_cost": 50.88836477839478, "power_cost": 31.35030499267578, "noise_cost": 27.94820568145994, "n_waypoints_completed": 7, "tot_waypoints": 9}}
{"target": -648.3019608768209, "params": {"k_pid_pos": [0.48314311735706006, 0.5735163046179313, 0.6071330331955094], "k_pid_alt": [0.3951452730978846, 0.5349056675388476, 0.3711564305312841], "k_pid_att": [36.86039441361113, 3.1024195868509743, 0.6371513717409995], "k_pid_yaw": [0.5, 1e-06, 0.1], "k_pid_hsp": [9.456445646289383, 0.20981162167038714, 0.9667938285727726], "k_pid_vsp": [288.8586078755041, 343.1710246912532, 27.333535471233137]}, "datetime": {"datetime": "2025-08-12 14:47:47", "elapsed": 80546.98164820671, "delta": 43.78271484375}, "costs": {"total_cost": 648.3019608768209, "time_cost": 119.56, "final_distance_cost": 1.7847660581014488, "oscillation_cost": 401.84640778874757, "completition_cost": 0.0, "overshoot_cost": 62.53527698652677, "power_cost": 32.466045056152346, "noise_cost": 30.10946498729274, "n_waypoints_completed": 9, "tot_waypoints": 9}}
{"target": -590.6230029203556, "params": {"k_pid_pos": [1.189157855122453, 0.48753379477385805, 0.08099335048662981], "k_pid_alt": [1.5167754034670475, 0.3070577972339389, 0.748278408050851], "k_pid_att": [5.299436285380088, 7.86735460036359, 0.8840106107316844], "k_pid_yaw": [0.5, 1e-06, 0.1], "k_pid_hsp": [1.071834903128495, 0.8835491376358994, 0.2104113643428277], "k_pid_vsp": [85.30730741624862, 182.55571914587858, 52.514630360582274]}, "datetime": {"datetime": "2025-08-12 14:48:33", "elapsed": 80592.74546933174, "delta": 45.76382112503052}, "costs": {"total_cost": 590.6230029203556, "time_cost": 150, "final_distance_cost": 16.32514261538153, "oscillation_cost": 178.92429710745083, "completition_cost": 111.11111111111116, "overshoot_cost": 67.9007316982999, "power_cost": 35.86542600097656, "noise_cost": 30.496294387135634, "n_waypoints_completed": 8, "tot_waypoints": 9}}
{"target": -1200.182066155468, "params": {"k_pid_pos": [1.0339219685161216, 0.6519267299308266, 0.8167640018602038], "k_pid_alt": [0.7338458970909143, 0.8254248918079434, 0.9684990817437584], "k_pid_att": [2.7106964542523704, 7.324792787662806, 0.703584765016257], "k_pid_yaw": [0.5, 1e-06, 0.1], "k_pid_hsp": [3.156479063267683, 0.4711545651100867, 0.4799625985473861], "k_pid_vsp": [81.44407239906788, 186.89735575092197, 51.06763665831603]}, "datetime": {"datetime": "2025-08-12 14:49:34", "elapsed": 80653.91859674454, "delta": 61.17312741279602}, "costs": {"total_cost": 1200.182066155468, "time_cost": 150, "final_distance_cost": 57.46909873642585, "oscillation_cost": 291.4513527774929, "completition_cost": 555.5555555555555, "overshoot_cost": 85.5811906237083, "power_cost": 31.484304296875003, "noise_cost": 28.64056416541019, "n_waypoints_completed": 4, "tot_waypoints": 9}}
{"target": -313.78613803133084, "params": {"k_pid_pos": [1.4068399838354495, 0.9935522964504143, 0.33080280484396085], "k_pid_alt": [1.9562214422983342, 0.4694395688667258, 0.7423623722560481], "k_pid_att": [15.83626142694582, 3.6557380740004564, 0.5844064631500882], "k_pid_yaw": [0.5, 1e-06, 0.1], "k_pid_hsp": [4.820689665903935, 0.3135692163626317, 0.04908657987188081], "k_pid_vsp": [307.6877776572277, 305.4535353301498, 167.91217278358644]}, "datetime": {"datetime": "2025-08-12 14:50:16", "elapsed": 80695.41520833969, "delta": 41.49661159515381}, "costs": {"total_cost": 313.78613803133084, "time_cost": 107.779, "final_distance_cost": 1.7365994108516845, "oscillation_cost": 88.21757856929143, "completition_cost": 0.0, "overshoot_cost": 59.727991031846216, "power_cost": 29.829885522460938, "noise_cost": 26.495083496880554, "n_waypoints_completed": 9, "tot_waypoints": 9}}
{"target": -358.3658695678182, "params": {"k_pid_pos": [2.0, 0.1368406868386208, 0.0], "k_pid_alt": [2.0, 0.0, 0.0], "k_pid_att": [53.57456188330813, 6.865169481389529, 1.0], "k_pid_yaw": [0.5, 1e-06, 0.1], "k_pid_hsp": [5.729142578309587, 1.0, 1.0], "k_pid_vsp": [235.9912538218164, 74.46879720926165, 153.48501008179616]}, "datetime": {"datetime": "2025-08-12 14:50:58", "elapsed": 80737.5920381546, "delta": 42.17682981491089}, "costs": {"total_cost": 358.3658695678182, "time_cost": 79.618, "final_distance_cost": 1.7231923483075213, "oscillation_cost": 172.96428360747854, "completition_cost": 0.0, "overshoot_cost": 60.20327022193902, "power_cost": 24.078892041015624, "noise_cost": 19.778231349077497, "n_waypoints_completed": 9, "tot_waypoints": 9}}
{"target": -438.2597028505724, "params": {"k_pid_pos": [1.2096781005159858, 0.3563473103703846, 0.3006797993877989], "k_pid_alt": [1.9082934005524717, 0.48363854822075136, 0.9527038682089095], "k_pid_att": [16.631341023131107, 0.3508609926093688, 0.2382749838755367], "k_pid_yaw": [0.5, 1e-06, 0.1], "k_pid_hsp": [4.419398185786973, 0.6740138314366044, 0.9557750907595843], "k_pid_vsp": [237.60609994490073, 249.28709105242436, 16.47740208165391]}, "datetime": {"datetime": "2025-08-12 14:51:43", "elapsed": 80782.93422365189, "delta": 45.342185497283936}, "costs": {"total_cost": 438.2597028505724, "time_cost": 90.65, "final_distance_cost": 1.737761914679273, "oscillation_cost": 242.82447830510046, "completition_cost": 0.0, "overshoot_cost": 54.670452999682915, "power_cost": 25.049058447265626, "noise_cost": 23.32795118384411, "n_waypoints_completed": 9, "tot_waypoints": 9}}
{"target": -405.342981027312, "params": {"k_pid_pos": [1.3969746744797444, 0.3392640956370353, 0.12174405564355795], "k_pid_alt": [1.7772735326098432, 0.3828262964271828, 0.8494352278418553], "k_pid_att": [38.573131155268456, 9.19205894001745, 0.9176199927619165], "k_pid_yaw": [0.5, 1e-06, 0.1], "k_pid_hsp": [1.7436907796006447, 0.9793244584211711, 0.36575121165835756], "k_pid_vsp": [226.79062127083603, 327.5725313218681, 13.287614565600013]}, "datetime": {"datetime": "2025-08-12 14:52:22", "elapsed": 80821.54106616974, "delta": 38.60684251785278}, "costs": {"total_cost": 405.342981027312, "time_cost": 94.92, "final_distance_cost": 1.788792046704122, "oscillation_cost": 199.6138535054945, "completition_cost": 0.0, "overshoot_cost": 56.38813111095793, "power_cost": 27.721089599609375, "noise_cost": 24.911114764546085, "n_waypoints_completed": 9, "tot_waypoints": 9}}
{"target": -933.6480276782253, "params": {"k_pid_pos": [2.0, 1.0, 0.0], "k_pid_alt": [2.0, 1.0, 1.0], "k_pid_att": [54.44435949773365, 5.31968697866738, 0.0], "k_pid_yaw": [0.5, 1e-06, 0.1], "k_pid_hsp": [9.143066112394575, 0.0, 1.0], "k_pid_vsp": [232.870962997857, 76.24792371670677, 153.40497195608802]}, "datetime": {"datetime": "2025-08-12 14:53:09", "elapsed": 80868.89947462082, "delta": 47.35840845108032}, "costs": {"total_cost": 933.6480276782253, "time_cost": 150, "final_distance_cost": 65.57806041751994, "oscillation_cost": 238.27873335549899, "completition_cost": 333.33333333333337, "overshoot_cost": 76.47479109202948, "power_cost": 38.1613810913086, "noise_cost": 31.82172838853486, "n_waypoints_completed": 6, "tot_waypoints": 9}}
{"target": -444.0139769147639, "params": {"k_pid_pos": [1.6146587768057588, 0.3428059128979424, 0.022219414256694603], "k_pid_alt": [1.436459759068427, 0.5991521636133862, 0.8469070835900178], "k_pid_att": [35.51542512306752, 1.6064654547040425, 0.13782823529165622], "k_pid_yaw": [0.5, 1e-06, 0.1], "k_pid_hsp": [7.526133817281508, 0.9939576001793915, 0.2170265653042488], "k_pid_vsp": [236.05074262567123, 20.056619803661263, 51.16313826298884]}, "datetime": {"datetime": "2025-08-12 14:53:48", "elapsed": 80907.4137237072, "delta": 38.514249086380005}, "costs": {"total_cost": 444.0139769147639, "time_cost": 91.056, "final_distance_cost": 1.787765480893609, "oscillation_cost": 241.92953045489668, "completition_cost": 0.0, "overshoot_cost": 57.19514325466895, "power_cost": 27.673714123535156, "noise_cost": 24.37182360076945, "n_waypoints_completed": 9, "tot_waypoints": 9}}
{"target": -427.96466561485784, "params": {"k_pid_pos": [0.5828179930959418, 0.9021944087544527, 0.8558479231435723], "k_pid_alt": [1.606921269423876, 0.16366411220004795, 0.5040699339296939], "k_pid_att": [11.59668116684147, 6.968930061965648, 0.7765079978861594], "k_pid_yaw": [0.5, 1e-06, 0.1], "k_pid_hsp": [2.968065892193651, 0.5058917427105819, 0.2234578597485959], "k_pid_vsp": [238.46554812632604, 275.1952551130251, 23.420688414417363]}, "datetime": {"datetime": "2025-08-12 14:54:41", "elapsed": 80961.23271727562, "delta": 53.81899356842041}, "costs": {"total_cost": 427.96466561485784, "time_cost": 112.74900000000001, "final_distance_cost": 1.7495287772730401, "oscillation_cost": 201.35207879509264, "completition_cost": 0.0, "overshoot_cost": 55.45389538084899, "power_cost": 29.461766479492187, "noise_cost": 27.198396182151015, "n_waypoints_completed": 9, "tot_waypoints": 9}}
{"target": -455.53416026093686, "params": {"k_pid_pos": [2.0, 0.0, 1.0], "k_pid_alt": [2.0, 1.0, 1.0], "k_pid_att": [28.512926611889608, 5.17375316505762, 0.0], "k_pid_yaw": [0.5, 1e-06, 0.1], "k_pid_hsp": [10.0, 0.0, 1.0], "k_pid_vsp": [220.73273377170977, 273.23872360254086, 64.69196161394214]}, "datetime": {"datetime": "2025-08-12 14:55:17", "elapsed": 80997.37123131752, "delta": 36.138514041900635}, "costs": {"total_cost": 455.53416026093686, "time_cost": 79.765, "final_distance_cost": 1.7816510951153488, "oscillation_cost": 277.8288675576493, "completition_cost": 0.0, "overshoot_cost": 53.3121855033194, "power_cost": 22.8606884765625, "noise_cost": 19.985767628290358, "n_waypoints_completed": 9, "tot_waypoints": 9}}
{"target": -400.56657017688934, "params": {"k_pid_pos": [1.3896592997018136, 0.45842379529866717, 0.010551370013318961], "k_pid_alt": [1.1911279458996171, 0.8091210128733215, 0.7183802909344781], "k_pid_att": [15.839963457590688, 0.9011307062715544, 0.5713191207780903], "k_pid_yaw": [0.5, 1e-06, 0.1], "k_pid_hsp": [4.069842522579014, 0.8135875662014886, 0.7572890315772217], "k_pid_vsp": [230.37875451016006, 29.948976786129965, 34.4431605179042]}, "datetime": {"datetime": "2025-08-12 14:56:01", "elapsed": 81041.35297250748, "delta": 43.981741189956665}, "costs": {"total_cost": 400.56657017688934, "time_cost": 100.415, "final_distance_cost": 1.7945000376331917, "oscillation_cost": 180.03407997790663, "completition_cost": 0.0, "overshoot_cost": 62.928496700654826, "power_cost": 28.42535164794922, "noise_cost": 26.969141812745473, "n_waypoints_completed": 9, "tot_waypoints": 9}}
