{"target": -381.61479441586573, "params": {"k_pid_pos": [1.2842989660391773, 0.2684524385558311, 0.9764349216564364], "k_pid_alt": [0.5167580027874235, 0.6610058553619073, 0.2980166272115541], "k_pid_att": [11.206504623613345, 3.678830718031435, 0.6635264972715801], "k_pid_yaw": [0.5, 1e-06, 0.1], "k_pid_hsp": [3.0172796721566675, 0.8881321382001479, 0.4433302759951835], "k_pid_vsp": [247.14885513864212, 265.39129413230813, 18.49382753046648]}, "datetime": {"datetime": "2025-08-12 12:26:17", "elapsed": 72057.09182596207, "delta": 47.31716465950012}, "costs": {"total_cost": 381.61479441586573, "time_cost": 86.793, "final_distance_cost": 1.760823600449305, "oscillation_cost": 192.3281781057752, "completition_cost": 0.0, "overshoot_cost": 56.59871860180985, "power_cost": 23.148192163085938, "noise_cost": 20.98588194474542, "n_waypoints_completed": 9, "tot_waypoints": 9}}
{"target": -1260.5255652547553, "params": {"k_pid_pos": [0.13185513112410502, 0.28200300693055225, 0.713504735337881], "k_pid_alt": [1.6983977842760982, 0.6643497286583687, 0.9079961623265124], "k_pid_att": [6.9454809998517835, 3.373765092581732, 0.14767198220549316], "k_pid_yaw": [0.5, 1e-06, 0.1], "k_pid_hsp": [3.0105909310546837, 0.018782391834664902, 0.8076206069068772], "k_pid_vsp": [312.01446510484914, 294.86783902128616, 172.9088029509701]}, "datetime": {"datetime": "2025-08-12 12:27:00", "elapsed": 72100.2740945816, "delta": 43.18226861953735}, "costs": {"total_cost": 1260.5255652547553, "time_cost": 150, "final_distance_cost": 49.37633715456988, "oscillation_cost": 381.0217013993258, "completition_cost": 555.5555555555555, "overshoot_cost": 63.1798986690919, "power_cost": 32.971807055664065, "noise_cost": 28.420265420547874, "n_waypoints_completed": 4, "tot_waypoints": 9}}
{"target": -919.8868335819916, "params": {"k_pid_pos": [1.5514100864247904, 0.9880743023501848, 0.7900848163616253], "k_pid_alt": [0.46874925269636214, 0.8644550959698096, 0.0024299461870007644], "k_pid_att": [19.86142961739884, 3.6814977488595364, 0.04544825244083095], "k_pid_yaw": [0.5, 1e-06, 0.1], "k_pid_hsp": [1.9204105021568003, 0.8212279247262153, 0.19513433815513503], "k_pid_vsp": [184.1721781272299, 326.9738895572629, 4.898656326874578]}, "datetime": {"datetime": "2025-08-12 12:27:43", "elapsed": 72142.6705505848, "delta": 42.39645600318909}, "costs": {"total_cost": 919.8868335819916, "time_cost": 150, "final_distance_cost": 68.4462918506211, "oscillation_cost": 354.47978693530905, "completition_cost": 222.2222222222222, "overshoot_cost": 58.67161268642005, "power_cost": 32.36891616210938, "noise_cost": 33.698003725309775, "n_waypoints_completed": 7, "tot_waypoints": 9}}
{"target": -423.72119005907564, "params": {"k_pid_pos": [0.5278740073290863, 0.5079644235457446, 0.3689985592206193], "k_pid_alt": [1.7512549029927955, 0.7646528652060439, 0.31202000066885693], "k_pid_att": [14.372450377686475, 3.4894319121906574, 0.6865824826954464], "k_pid_yaw": [0.5, 1e-06, 0.1], "k_pid_hsp": [9.339633401985548, 0.49517560435835895, 0.2539752677190307], "k_pid_vsp": [286.39618379620424, 267.04296475574057, 38.073994240465886]}, "datetime": {"datetime": "2025-08-12 12:28:23", "elapsed": 72182.61741900444, "delta": 39.94686841964722}, "costs": {"total_cost": 423.72119005907564, "time_cost": 105.72800000000001, "final_distance_cost": 1.7759160192474537, "oscillation_cost": 206.82934805071903, "completition_cost": 0.0, "overshoot_cost": 56.468189322403624, "power_cost": 27.2402744140625, "noise_cost": 25.679462252642974, "n_waypoints_completed": 9, "tot_waypoints": 9}}
{"target": -564.2002315534186, "params": {"k_pid_pos": [1.3442902610627385, 0.34084177290202855, 0.9435408064571645], "k_pid_alt": [0.5826990021379916, 0.380938891181151, 0.14823073842653556], "k_pid_att": [11.999775269317537, 1.524839803289206, 0.13148148974671325], "k_pid_yaw": [0.5, 1e-06, 0.1], "k_pid_hsp": [7.5396310099218, 0.6913601600064799, 0.21291107228910156], "k_pid_vsp": [295.767620375918, 355.47850037302334, 93.34578004991063]}, "datetime": {"datetime": "2025-08-12 12:29:03", "elapsed": 72223.25214028358, "delta": 40.63472127914429}, "costs": {"total_cost": 564.2002315534186, "time_cost": 104.895, "final_distance_cost": 1.745386146338687, "oscillation_cost": 347.7404868816798, "completition_cost": 0.0, "overshoot_cost": 56.95677644636153, "power_cost": 27.36807685546875, "noise_cost": 25.49450522356986, "n_waypoints_completed": 9, "tot_waypoints": 9}}
{"target": -1258.0988811496893, "params": {"k_pid_pos": [0.21172876725266948, 0.7995185678055551, 0.733140187883768], "k_pid_alt": [1.0939451767628643, 0.556398762693004, 0.4901845341555593], "k_pid_att": [9.168248209031882, 0.49930634985772554, 0.35183278920117844], "k_pid_yaw": [0.5, 1e-06, 0.1], "k_pid_hsp": [9.511585132631426, 0.4867699665260503, 0.37361272353463815], "k_pid_vsp": [298.62360510425384, 298.7186130691308, 179.66750166153798]}, "datetime": {"datetime": "2025-08-12 12:29:46", "elapsed": 72265.72183275223, "delta": 42.46969246864319}, "costs": {"total_cost": 1258.0988811496893, "time_cost": 150, "final_distance_cost": 53.226332877478875, "oscillation_cost": 285.4384186424236, "completition_cost": 666.6666666666667, "overshoot_cost": 43.62074351679243, "power_cost": 31.430321350097657, "noise_cost": 27.716398096229955, "n_waypoints_completed": 3, "tot_waypoints": 9}}
{"target": -547.3406201980467, "params": {"k_pid_pos": [1.9721473170736408, 0.6494899228908282, 0.016734361200768322], "k_pid_alt": [1.0459774330795788, 0.5940479038269149, 0.023804828776601616], "k_pid_att": [34.42552037594665, 4.876709051857647, 0.8223899855138458], "k_pid_yaw": [0.5, 1e-06, 0.1], "k_pid_hsp": [3.2857418917005554, 0.6620091227065781, 0.022814062360378973], "k_pid_vsp": [229.27182286208497, 317.39412877286384, 18.576514671401085]}, "datetime": {"datetime": "2025-08-12 12:30:29", "elapsed": 72308.47913455963, "delta": 42.757301807403564}, "costs": {"total_cost": 547.3406201980467, "time_cost": 150, "final_distance_cost": 70.45574533683764, "oscillation_cost": 89.3149566616208, "completition_cost": 111.11111111111116, "overshoot_cost": 59.863633865473574, "power_cost": 33.88655177001953, "noise_cost": 32.70862145298412, "n_waypoints_completed": 8, "tot_waypoints": 9}}
{"target": -617.0773006695849, "params": {"k_pid_pos": [0.4878903391906028, 0.9140494877194357, 0.15900631194202053], "k_pid_alt": [0.7863922690900709, 0.6437578069136336, 0.1817258646906622], "k_pid_att": [4.005688443219723, 8.872738095912661, 0.7043505511037237], "k_pid_yaw": [0.5, 1e-06, 0.1], "k_pid_hsp": [4.211492686772708, 0.8360580961045588, 0.5518390939762086], "k_pid_vsp": [277.653675215105, 348.4172744623315, 27.461574347637274]}, "datetime": {"datetime": "2025-08-12 12:31:16", "elapsed": 72355.96514964104, "delta": 47.48601508140564}, "costs": {"total_cost": 617.0773006695849, "time_cost": 150, "final_distance_cost": 51.20440605767347, "oscillation_cost": 170.0403847483147, "completition_cost": 111.11111111111116, "overshoot_cost": 67.90526208075373, "power_cost": 34.967415942382814, "noise_cost": 31.848720729349136, "n_waypoints_completed": 8, "tot_waypoints": 9}}
{"target": -882.091508850353, "params": {"k_pid_pos": [0.9689672891608587, 0.20884342429785674, 0.7856837396261712], "k_pid_alt": [1.6035062975157106, 0.8412568348100375, 0.7900758396698985], "k_pid_att": [10.154051701440615, 7.971589640779953, 0.5356857437554351], "k_pid_yaw": [0.5, 1e-06, 0.1], "k_pid_hsp": [0.3866202826524096, 0.7647053657114967, 0.7098365024151599], "k_pid_vsp": [237.7312360042755, 266.55106919768735, 25.682146915233467]}, "datetime": {"datetime": "2025-08-12 12:32:10", "elapsed": 72409.99379086494, "delta": 54.02864122390747}, "costs": {"total_cost": 882.091508850353, "time_cost": 150, "final_distance_cost": 69.60615402985835, "oscillation_cost": 319.8220076575263, "completition_cost": 222.2222222222222, "overshoot_cost": 60.379011643376344, "power_cost": 32.09895584716797, "noise_cost": 27.96315745020189, "n_waypoints_completed": 7, "tot_waypoints": 9}}
{"target": -409.2503484500094, "params": {"k_pid_pos": [1.7204175221448488, 0.0568971344749204, 0.8275724561053115], "k_pid_alt": [1.2548627331236106, 0.1904173985063008, 0.9467994981100829], "k_pid_att": [9.202521286840781, 7.836187076132857, 0.08870645583588876], "k_pid_yaw": [0.5, 1e-06, 0.1], "k_pid_hsp": [2.822282413462818, 0.49376375660312166, 0.3134222280879557], "k_pid_vsp": [272.1041405751782, 266.1397204007283, 32.500304932525495]}, "datetime": {"datetime": "2025-08-12 12:32:58", "elapsed": 72457.57046580315, "delta": 47.576674938201904}, "costs": {"total_cost": 409.2503484500094, "time_cost": 80.33200000000001, "final_distance_cost": 1.7681087783183829, "oscillation_cost": 233.81771042127534, "completition_cost": 0.0, "overshoot_cost": 51.11715912864909, "power_cost": 21.942999072265625, "noise_cost": 20.27237104950099, "n_waypoints_completed": 9, "tot_waypoints": 9}}
{"target": -813.9912555363774, "params": {"k_pid_pos": [0.03790480455774449, 0.8447313890139825, 0.15404987093389144], "k_pid_alt": [1.5254092321213533, 0.28676288798180816, 0.050072434857742376], "k_pid_att": [13.939926856018714, 4.992442869856053, 0.8272462591283416], "k_pid_yaw": [0.5, 1e-06, 0.1], "k_pid_hsp": [4.580381606427495, 0.2833409564249162, 0.3902307541444714], "k_pid_vsp": [167.07027244488, 305.8262171230585, 21.768573136814485]}, "datetime": {"datetime": "2025-08-12 12:33:50", "elapsed": 72509.54804229736, "delta": 51.97757649421692}, "costs": {"total_cost": 813.9912555363774, "time_cost": 150, "final_distance_cost": 55.61265459861148, "oscillation_cost": 152.54336282918476, "completition_cost": 333.33333333333337, "overshoot_cost": 56.873538703574226, "power_cost": 35.032612841796876, "noise_cost": 30.595753229876617, "n_waypoints_completed": 6, "tot_waypoints": 9}}
{"target": -422.67179208996924, "params": {"k_pid_pos": [1.5362302036866404, 0.8000804667161735, 0.9339332283061262], "k_pid_alt": [0.606820894553497, 0.23099571131894403, 0.15744170854121697], "k_pid_att": [20.60866116940877, 3.9884279846006097, 0.9967134272697873], "k_pid_yaw": [0.5, 1e-06, 0.1], "k_pid_hsp": [7.675245115207202, 0.47986247830339646, 0.4931209810774855], "k_pid_vsp": [255.4864733474763, 276.39959774387603, 32.02887999632049]}, "datetime": {"datetime": "2025-08-12 12:34:26", "elapsed": 72545.87827539444, "delta": 36.330233097076416}, "costs": {"total_cost": 422.67179208996924, "time_cost": 93.072, "final_distance_cost": 1.7794229156842831, "oscillation_cost": 224.65814643999272, "completition_cost": 0.0, "overshoot_cost": 54.00125090601243, "power_cost": 25.50373485107422, "noise_cost": 23.657236977205564, "n_waypoints_completed": 9, "tot_waypoints": 9}}
{"target": -417.27000593814535, "params": {"k_pid_pos": [1.8510388220676854, 0.6200683236563648, 0.09671074461548235], "k_pid_alt": [1.6338141204757766, 0.9760878063336763, 0.11976698327503421], "k_pid_att": [14.930631997211009, 1.5890758690535047, 0.7842678619172232], "k_pid_yaw": [0.5, 1e-06, 0.1], "k_pid_hsp": [3.744208440416271, 0.38588469129741587, 0.8997992233804251], "k_pid_vsp": [236.2192940144627, 250.42574597547156, 10.256827079204418]}, "datetime": {"datetime": "2025-08-12 12:35:14", "elapsed": 72594.26429605484, "delta": 48.38602066040039}, "costs": {"total_cost": 417.27000593814535, "time_cost": 116.732, "final_distance_cost": 1.7731297698257986, "oscillation_cost": 169.12542707213134, "completition_cost": 0.0, "overshoot_cost": 65.37409384496048, "power_cost": 31.7245333984375, "noise_cost": 32.540821852790174, "n_waypoints_completed": 9, "tot_waypoints": 9}}
{"target": -999.6446750993287, "params": {"k_pid_pos": [0.3435857383911329, 0.4519924370813322, 0.021206382109077437], "k_pid_alt": [0.13522512025137146, 0.9611602188906269, 0.9057801315911895], "k_pid_att": [9.569026396231239, 2.620855169301173, 0.06415949753920391], "k_pid_yaw": [0.5, 1e-06, 0.1], "k_pid_hsp": [9.379429251010043, 0.035363965966873745, 0.055813188818736315], "k_pid_vsp": [289.3198350907312, 264.3288105918562, 36.85024908403831]}, "datetime": {"datetime": "2025-08-12 12:35:57", "elapsed": 72636.8115427494, "delta": 42.54724669456482}, "costs": {"total_cost": 999.6446750993287, "time_cost": 150, "final_distance_cost": 74.11980588663467, "oscillation_cost": 323.00376581979333, "completition_cost": 333.33333333333337, "overshoot_cost": 60.19782038953488, "power_cost": 31.1013443359375, "noise_cost": 27.888605334094922, "n_waypoints_completed": 6, "tot_waypoints": 9}}
{"target": -464.7979187452017, "params": {"k_pid_pos": [1.9431379193042762, 0.2509578730128774, 0.18052408077209614], "k_pid_alt": [1.690587747148749, 0.7894657677315682, 0.4540535636676205], "k_pid_att": [31.416556619280033, 1.1478105393928704, 0.3619707922883082], "k_pid_yaw": [0.5, 1e-06, 0.1], "k_pid_hsp": [2.8393153906207957, 0.0604080137373878, 0.19355724681454078], "k_pid_vsp": [230.46512823921478, 328.3909357412469, 17.032141825748898]}, "datetime": {"datetime": "2025-08-12 12:36:47", "elapsed": 72687.33471989632, "delta": 50.52317714691162}, "costs": {"total_cost": 464.7979187452017, "time_cost": 87.927, "final_distance_cost": 1.7907074960345999, "oscillation_cost": 271.88387177941445, "completition_cost": 0.0, "overshoot_cost": 54.92157365369735, "power_cost": 24.856533276367188, "noise_cost": 23.418232539688045, "n_waypoints_completed": 9, "tot_waypoints": 9}}
{"target": -457.0952743354323, "params": {"k_pid_pos": [1.8430898671384637, 0.5383273080348789, 0.14461126418334858], "k_pid_alt": [0.4177597317721986, 0.5221271735183366, 0.6732190507916719], "k_pid_att": [17.649012919439865, 4.427299209561505, 0.12378268648662383], "k_pid_yaw": [0.5, 1e-06, 0.1], "k_pid_hsp": [5.330313509233509, 0.4405369417870264, 0.23462545989892103], "k_pid_vsp": [172.41147218955413, 304.76022535651117, 22.515041078024073]}, "datetime": {"datetime": "2025-08-12 12:37:40", "elapsed": 72739.88775801659, "delta": 52.553038120269775}, "costs": {"total_cost": 457.0952743354323, "time_cost": 101.759, "final_distance_cost": 1.744353638590617, "oscillation_cost": 235.56258891112938, "completition_cost": 0.0, "overshoot_cost": 61.5847419122363, "power_cost": 29.25850955810547, "noise_cost": 27.186080315370535, "n_waypoints_completed": 9, "tot_waypoints": 9}}
{"target": -1246.1831033600567, "params": {"k_pid_pos": [0.14647019816664622, 0.43941597698532175, 0.48076044181227506], "k_pid_alt": [0.9806661833892663, 0.7160154295475795, 0.22647478114152264], "k_pid_att": [19.895463172820072, 7.7771092715613195, 0.7982079296039841], "k_pid_yaw": [0.5, 1e-06, 0.1], "k_pid_hsp": [3.089906103662929, 0.5122407791923166, 0.896301236956964], "k_pid_vsp": [231.00311421759437, 47.83401133840835, 42.27914956647776]}, "datetime": {"datetime": "2025-08-12 12:38:23", "elapsed": 72783.13581061363, "delta": 43.2480525970459}, "costs": {"total_cost": 1246.1831033600567, "time_cost": 150, "final_distance_cost": 42.89881313623199, "oscillation_cost": 385.6233223078548, "completition_cost": 555.5555555555555, "overshoot_cost": 52.091274704172136, "power_cost": 31.025256518554688, "noise_cost": 28.988881137687738, "n_waypoints_completed": 4, "tot_waypoints": 9}}
{"target": -692.208479715568, "params": {"k_pid_pos": [0.3921616782016285, 0.934156562079831, 0.147547556789426], "k_pid_alt": [1.3995222066945654, 0.3986871974598192, 0.09080525499612446], "k_pid_att": [4.481307590852013, 5.289029272308116, 0.9325060194564032], "k_pid_yaw": [0.5, 1e-06, 0.1], "k_pid_hsp": [5.3240617635179, 0.09094464387482004, 0.08057683557716921], "k_pid_vsp": [227.46673454030537, 31.67453294087206, 32.62236206075257]}, "datetime": {"datetime": "2025-08-12 12:39:05", "elapsed": 72824.6232419014, "delta": 41.4874312877655}, "costs": {"total_cost": 692.208479715568, "time_cost": 150, "final_distance_cost": 63.35772904815322, "oscillation_cost": 134.38028838397764, "completition_cost": 222.2222222222222, "overshoot_cost": 56.881610705350106, "power_cost": 34.796384570312505, "noise_cost": 30.570244785552447, "n_waypoints_completed": 7, "tot_waypoints": 9}}
{"target": -283.674911194507, "params": {"k_pid_pos": [0.6600661357602395, 0.6588212092613126, 0.12205324188986844], "k_pid_alt": [1.2119877015518956, 0.7188281432562932, 0.8449595752108912], "k_pid_att": [17.61327348038253, 4.07490352531269, 0.9988279492379759], "k_pid_yaw": [0.5, 1e-06, 0.1], "k_pid_hsp": [7.185101558706111, 0.4105974179440608, 0.028279599836135594], "k_pid_vsp": [304.01847896960504, 306.0798021750335, 164.8928408218201]}, "datetime": {"datetime": "2025-08-12 12:39:50", "elapsed": 72869.73488473892, "delta": 45.111642837524414}, "costs": {"total_cost": 283.674911194507, "time_cost": 103.04, "final_distance_cost": 1.787791254954577, "oscillation_cost": 69.71542006983896, "completition_cost": 0.0, "overshoot_cost": 57.015471110454264, "power_cost": 26.755823181152344, "noise_cost": 25.360405578106835, "n_waypoints_completed": 9, "tot_waypoints": 9}}
{"target": -340.95930551677503, "params": {"k_pid_pos": [1.5265627089027274, 0.6929576883655167, 0.19419378061856274], "k_pid_alt": [0.622012336245586, 0.6926669877222127, 0.31108548944365444], "k_pid_att": [5.415678622693621, 8.62403254464046, 0.6619097537913681], "k_pid_yaw": [0.5, 1e-06, 0.1], "k_pid_hsp": [6.996436387743362, 0.9126680608461315, 0.0018246830918700052], "k_pid_vsp": [287.3031060968867, 348.5260002453501, 22.881657720818822]}, "datetime": {"datetime": "2025-08-12 12:40:30", "elapsed": 72910.20396327972, "delta": 40.469078540802}, "costs": {"total_cost": 340.95930551677503, "time_cost": 118.937, "final_distance_cost": 1.730478556361963, "oscillation_cost": 95.32030459535056, "completition_cost": 0.0, "overshoot_cost": 61.412402589261966, "power_cost": 32.24372819824219, "noise_cost": 31.315391577558366, "n_waypoints_completed": 9, "tot_waypoints": 9}}
{"target": -1219.5472930371675, "params": {"k_pid_pos": [0.17961455712371738, 0.5177255643493548, 0.9745675196592629], "k_pid_alt": [0.832077659900661, 0.09075039241403537, 0.6905680165283624], "k_pid_att": [7.009875665020471, 8.270736843053813, 0.2155089520832032], "k_pid_yaw": [0.5, 1e-06, 0.1], "k_pid_hsp": [6.533881674622691, 0.12236238560197699, 0.7563248439043281], "k_pid_vsp": [83.20710991695566, 179.9084282057552, 44.55591810637189]}, "datetime": {"datetime": "2025-08-12 12:41:31", "elapsed": 72971.24435687065, "delta": 61.040393590927124}, "costs": {"total_cost": 1219.5472930371675, "time_cost": 150, "final_distance_cost": 45.5846704685046, "oscillation_cost": 360.29811537816425, "completition_cost": 555.5555555555555, "overshoot_cost": 51.1419495999232, "power_cost": 30.28257935791016, "noise_cost": 26.68442267710945, "n_waypoints_completed": 4, "tot_waypoints": 9}}
{"target": -500.60872492920515, "params": {"k_pid_pos": [1.9939079657817425, 0.09181000283384938, 0.34487066622082685], "k_pid_alt": [0.169532342451966, 1.0, 1.0], "k_pid_att": [13.792907586282137, 5.366161502900245, 0.26556691160805423], "k_pid_yaw": [0.5, 1e-06, 0.1], "k_pid_hsp": [6.758950813006452, 0.9988768526848558, 0.6435414251696391], "k_pid_vsp": [174.95418872473653, 308.57584548991815, 19.901017198392545]}, "datetime": {"datetime": "2025-08-12 12:42:10", "elapsed": 73010.34930849075, "delta": 39.10495162010193}, "costs": {"total_cost": 500.60872492920515, "time_cost": 101.437, "final_distance_cost": 1.7747322393232252, "oscillation_cost": 279.78989743555053, "completition_cost": 0.0, "overshoot_cost": 63.61174939760232, "power_cost": 28.31292674560547, "noise_cost": 25.68241911112361, "n_waypoints_completed": 9, "tot_waypoints": 9}}
{"target": -278.92490807510035, "params": {"k_pid_pos": [1.6277541146386274, 0.09519218383367767, 0.7182578265871499], "k_pid_alt": [1.9485919853806748, 0.039499116311439875, 0.022892656870794892], "k_pid_att": [8.867784777207488, 3.198716916542519, 0.7328986404779584], "k_pid_yaw": [0.5, 1e-06, 0.1], "k_pid_hsp": [7.353559145092266, 0.8798902524936627, 0.2562261447181339], "k_pid_vsp": [84.52569870028425, 192.06359191164486, 45.35509158051012]}, "datetime": {"datetime": "2025-08-12 12:42:53", "elapsed": 73053.06228280067, "delta": 42.712974309921265}, "costs": {"total_cost": 278.92490807510035, "time_cost": 73.619, "final_distance_cost": 1.8175354274660025, "oscillation_cost": 113.7186328386795, "completition_cost": 0.0, "overshoot_cost": 51.118392754047, "power_cost": 19.957464453125002, "noise_cost": 18.69388260178281, "n_waypoints_completed": 9, "tot_waypoints": 9}}
{"target": -340.9359766670868, "params": {"k_pid_pos": [0.6829994395558624, 0.9465082174908269, 0.8535107935402869], "k_pid_alt": [1.711244546301772, 0.4540595948539622, 0.6307903703963492], "k_pid_att": [13.643400145833839, 3.2782489404603554, 0.3910429939315825], "k_pid_yaw": [0.5, 1e-06, 0.1], "k_pid_hsp": [2.604542247971464, 0.5810321034927705, 0.1129148973340599], "k_pid_vsp": [235.53660259662985, 246.19742903615588, 15.340442351600283]}, "datetime": {"datetime": "2025-08-12 12:43:27", "elapsed": 73086.85957479477, "delta": 33.79729199409485}, "costs": {"total_cost": 340.9359766670868, "time_cost": 86.464, "final_distance_cost": 1.7857958079550478, "oscillation_cost": 157.34244795824603, "completition_cost": 0.0, "overshoot_cost": 51.40584741854742, "power_cost": 22.507327197265624, "noise_cost": 21.43055828507264, "n_waypoints_completed": 9, "tot_waypoints": 9}}
