{"target": -260.1424268278458, "params": {"k_pid_pos": [1.2240676010775011, 0.6283781958233553, 0.8952359015336881], "k_pid_alt": [1.8083540774441875, 0.5144301989228008, 0.7097159453688705], "k_pid_att": [15.742441678334663, 6.735371703283322, 0.9147282778916512], "k_pid_yaw": [0.5, 1e-06, 0.1], "k_pid_hsp": [3.9757137081895677, 0.17480765093490536, 0.028227510858613525], "k_pid_vsp": [235.82173096730284, 263.3256976287049, 28.535339431710867]}, "datetime": {"datetime": "2025-08-12 12:44:03", "elapsed": 73123.17930030823, "delta": 36.31972551345825}, "costs": {"total_cost": 260.1424268278458, "time_cost": 93.037, "final_distance_cost": 1.7607012264242752, "oscillation_cost": 64.92585787432176, "completition_cost": 0.0, "overshoot_cost": 53.671079266409365, "power_cost": 23.730037536621094, "noise_cost": 23.017750924069237, "n_waypoints_completed": 9, "tot_waypoints": 9}}
{"target": -3328.0708721867686, "params": {"k_pid_pos": [1.206334443669514, 0.8313836042710158, 0.5923882552934254], "k_pid_alt": [0.3062511030448867, 0.443907816515556, 0.33893197727228397], "k_pid_att": [0.20101947020505495, 9.264975208986478, 0.9739112421392437], "k_pid_yaw": [0.5, 1e-06, 0.1], "k_pid_hsp": [5.959701503827752, 0.4434353010404737, 0.33651845971473626], "k_pid_vsp": [294.9188766308476, 343.71457997817214, 137.24999349372789]}, "datetime": {"datetime": "2025-08-12 12:44:52", "elapsed": 73171.8342602253, "delta": 48.65495991706848}, "costs": {"total_cost": 3328.0708721867686, "time_cost": 150, "final_distance_cost": 291.21670374202614, "oscillation_cost": 1100.527301177847, "completition_cost": 1000.0, "overshoot_cost": 576.1047648744275, "power_cost": 53.88114879150391, "noise_cost": 156.3409536009641, "n_waypoints_completed": 0, "tot_waypoints": 9}}
{"target": -515.5127529982407, "params": {"k_pid_pos": [1.3352198649261777, 0.777462393926511, 0.9964889788332411], "k_pid_alt": [1.9413961957802748, 0.9761695020952341, 0.7398154616780024], "k_pid_att": [22.264818784123854, 0.5684018796353375, 0.6856487955167374], "k_pid_yaw": [0.5, 1e-06, 0.1], "k_pid_hsp": [8.996603235615611, 0.1716583120891919, 0.5294579459761681], "k_pid_vsp": [225.60610342735905, 284.09144279937414, 57.24262029719807]}, "datetime": {"datetime": "2025-08-12 12:45:41", "elapsed": 73221.15466070175, "delta": 49.32040047645569}, "costs": {"total_cost": 515.5127529982407, "time_cost": 99.72200000000001, "final_distance_cost": 1.741232330180592, "oscillation_cost": 305.31307907495597, "completition_cost": 0.0, "overshoot_cost": 57.042223969912385, "power_cost": 26.622830200195313, "noise_cost": 25.071387422996505, "n_waypoints_completed": 9, "tot_waypoints": 9}}
{"target": -858.899399245307, "params": {"k_pid_pos": [0.2991944872581604, 0.22650611308259627, 0.8781848123791988], "k_pid_alt": [0.8331353223137257, 0.726890043748635, 0.5243602829705453], "k_pid_att": [46.12819459104909, 4.261258787998575, 0.8573770036794185], "k_pid_yaw": [0.5, 1e-06, 0.1], "k_pid_hsp": [8.650858583038401, 0.9560360343644181, 0.08557216984552019], "k_pid_vsp": [270.835564628578, 324.562357283396, 78.09402182705439]}, "datetime": {"datetime": "2025-08-12 12:46:31", "elapsed": 73271.04884815216, "delta": 49.894187450408936}, "costs": {"total_cost": 858.899399245307, "time_cost": 150, "final_distance_cost": 21.763898962315142, "oscillation_cost": 448.85675149646033, "completition_cost": 111.11111111111116, "overshoot_cost": 67.09012738095828, "power_cost": 31.394661157226565, "noise_cost": 28.68284913723555, "n_waypoints_completed": 8, "tot_waypoints": 9}}
{"target": -397.98168088592354, "params": {"k_pid_pos": [0.6698801740533931, 0.9819907974429962, 0.717925547223971], "k_pid_alt": [1.6268973067596262, 0.6882670887962571, 0.1336036499467722], "k_pid_att": [10.561616007926911, 2.8265378489396396, 0.6619275065044008], "k_pid_yaw": [0.5, 1e-06, 0.1], "k_pid_hsp": [6.619368209921642, 0.653753229847413, 0.1942001546740898], "k_pid_vsp": [237.40735380487087, 267.82654974718633, 27.598177433866542]}, "datetime": {"datetime": "2025-08-12 12:47:09", "elapsed": 73309.22518515587, "delta": 38.176337003707886}, "costs": {"total_cost": 397.98168088592354, "time_cost": 105.84, "final_distance_cost": 1.7476277260719664, "oscillation_cost": 182.7306721603425, "completition_cost": 0.0, "overshoot_cost": 54.49010430685537, "power_cost": 27.748488684082034, "noise_cost": 25.42478800857171, "n_waypoints_completed": 9, "tot_waypoints": 9}}
{"target": -370.9537331448732, "params": {"k_pid_pos": [1.9080845148023848, 0.25411690113824237, 0.21135206873207846], "k_pid_alt": [0.7216526478680405, 0.443836903121555, 0.47046671330009315], "k_pid_att": [7.263282850724783, 5.286975008243727, 0.9214399139564255], "k_pid_yaw": [0.5, 1e-06, 0.1], "k_pid_hsp": [9.74943665089696, 0.3999153418030269, 0.8937240940056638], "k_pid_vsp": [285.7025982969069, 268.05246234312057, 43.299689768315346]}, "datetime": {"datetime": "2025-08-12 12:47:47", "elapsed": 73346.64590191841, "delta": 37.420716762542725}, "costs": {"total_cost": 370.9537331448732, "time_cost": 96.789, "final_distance_cost": 1.7454291898982088, "oscillation_cost": 164.56167312651684, "completition_cost": 0.0, "overshoot_cost": 55.26884173981851, "power_cost": 27.207335900878906, "noise_cost": 25.381453187760712, "n_waypoints_completed": 9, "tot_waypoints": 9}}
{"target": -942.4550883608015, "params": {"k_pid_pos": [0.9946397523759015, 0.47215065082987295, 0.442264474765261], "k_pid_alt": [1.0852393616213571, 0.9380902006648192, 0.5437980399323699], "k_pid_att": [55.36451708028226, 2.9338568821230253, 0.17047772921389315], "k_pid_yaw": [0.5, 1e-06, 0.1], "k_pid_hsp": [4.130663674389769, 0.20886555389887862, 0.7479783750998024], "k_pid_vsp": [399.2932970539956, 113.55121051930054, 95.61436545415383]}, "datetime": {"datetime": "2025-08-12 12:48:29", "elapsed": 73388.92208361626, "delta": 42.27618169784546}, "costs": {"total_cost": 942.4550883608015, "time_cost": 150, "final_distance_cost": 71.50901259538398, "oscillation_cost": 376.4462312257059, "completition_cost": 222.2222222222222, "overshoot_cost": 55.688485686460155, "power_cost": 36.551953247070315, "noise_cost": 30.037183383959032, "n_waypoints_completed": 7, "tot_waypoints": 9}}
{"target": -1004.5207811962658, "params": {"k_pid_pos": [0.3068863468889059, 0.5325884096484668, 0.6302180972473904], "k_pid_alt": [0.4855200021114159, 0.2506293193900251, 0.688353631555138], "k_pid_att": [13.618964639437314, 3.0195779967561927, 0.5527630486777051], "k_pid_yaw": [0.5, 1e-06, 0.1], "k_pid_hsp": [0.41760879986537014, 0.8383477306958784, 0.7181717036500388], "k_pid_vsp": [285.1626762672, 363.38849977392005, 93.58250548180528]}, "datetime": {"datetime": "2025-08-12 12:49:16", "elapsed": 73436.34393382072, "delta": 47.42185020446777}, "costs": {"total_cost": 1004.5207811962658, "time_cost": 150, "final_distance_cost": 61.93661503833333, "oscillation_cost": 329.93260369787686, "completition_cost": 333.33333333333337, "overshoot_cost": 68.42564153009559, "power_cost": 32.48896729736328, "noise_cost": 28.403620299263387, "n_waypoints_completed": 6, "tot_waypoints": 9}}
{"target": -590.7219665656912, "params": {"k_pid_pos": [0.5451479414197695, 0.16118001928922943, 0.5981770226498357], "k_pid_alt": [0.6326799741939566, 0.9999712263451681, 0.678193384104146], "k_pid_att": [5.845474821570706, 2.16982465889447, 0.8284355171130798], "k_pid_yaw": [0.5, 1e-06, 0.1], "k_pid_hsp": [9.85175956640935, 0.207501155183886, 0.5090263890345403], "k_pid_vsp": [285.7507735689135, 269.1030390296687, 41.282151474662214]}, "datetime": {"datetime": "2025-08-12 12:49:59", "elapsed": 73478.52784776688, "delta": 42.18391394615173}, "costs": {"total_cost": 590.7219665656912, "time_cost": 150, "final_distance_cost": 48.30755657033181, "oscillation_cost": 158.79042160709164, "completition_cost": 111.11111111111116, "overshoot_cost": 65.61039650080356, "power_cost": 30.50614489746094, "noise_cost": 26.396335878892163, "n_waypoints_completed": 8, "tot_waypoints": 9}}
{"target": -861.5116203244029, "params": {"k_pid_pos": [0.5184794602556535, 0.8069179730995553, 0.8079382798495253], "k_pid_alt": [1.9260529489514435, 0.27946229167004366, 0.019708683099379343], "k_pid_att": [44.124948325501656, 1.179579436961746, 0.16360049557429446], "k_pid_yaw": [0.5, 1e-06, 0.1], "k_pid_hsp": [8.092789765318695, 0.6908815691710302, 0.7528091523527153], "k_pid_vsp": [214.41256155516663, 16.892691313363315, 40.05707688654852]}, "datetime": {"datetime": "2025-08-12 12:50:38", "elapsed": 73517.74349808693, "delta": 39.2156503200531}, "costs": {"total_cost": 861.5116203244029, "time_cost": 150, "final_distance_cost": 11.142839990974888, "oscillation_cost": 468.71798467310055, "completition_cost": 111.11111111111116, "overshoot_cost": 57.279700415562424, "power_cost": 34.56501060791016, "noise_cost": 28.694973525743745, "n_waypoints_completed": 8, "tot_waypoints": 9}}
{"target": -404.1535961290897, "params": {"k_pid_pos": [0.6379987737682371, 0.24268140951616124, 0.045340308780309146], "k_pid_alt": [1.3110094715893614, 0.10544881276120621, 0.013216927480098284], "k_pid_att": [12.875747013884553, 5.9624280339776545, 0.8213372573687008], "k_pid_yaw": [0.5, 1e-06, 0.1], "k_pid_hsp": [0.7008362148166449, 0.10761735453029164, 0.56983779959008], "k_pid_vsp": [228.97638304103828, 284.07312103106966, 16.58119561236328]}, "datetime": {"datetime": "2025-08-12 12:51:17", "elapsed": 73556.9222946167, "delta": 39.1787965297699}, "costs": {"total_cost": 404.1535961290897, "time_cost": 111.33500000000001, "final_distance_cost": 1.7431525383452031, "oscillation_cost": 178.2145753525921, "completition_cost": 0.0, "overshoot_cost": 57.15812328713531, "power_cost": 29.080943200683596, "noise_cost": 26.62180175033348, "n_waypoints_completed": 9, "tot_waypoints": 9}}
{"target": -554.6055045909347, "params": {"k_pid_pos": [0.7287346304623776, 0.682534656744722, 0.012138151258023755], "k_pid_alt": [1.9148283139705888, 0.9233290797198483, 0.37714662633207163], "k_pid_att": [15.297295399807886, 3.9863670632553836, 0.6908748902752757], "k_pid_yaw": [0.5, 1e-06, 0.1], "k_pid_hsp": [1.0802694549239222, 0.8386076884405882, 0.3688010014914389], "k_pid_vsp": [247.08167529058747, 265.023181042461, 12.286455014524]}, "datetime": {"datetime": "2025-08-12 12:52:02", "elapsed": 73602.18601441383, "delta": 45.2637197971344}, "costs": {"total_cost": 554.6055045909347, "time_cost": 150, "final_distance_cost": 24.697989584283608, "oscillation_cost": 129.4942739075099, "completition_cost": 111.11111111111116, "overshoot_cost": 73.71180870390153, "power_cost": 34.21858720703125, "noise_cost": 31.371734077097337, "n_waypoints_completed": 8, "tot_waypoints": 9}}
{"target": -202.74027379894798, "params": {"k_pid_pos": [1.9057229304738812, 0.0, 1.0], "k_pid_alt": [2.0, 0.0, 0.0], "k_pid_att": [63.33592537261615, 7.497875163574459, 1.0], "k_pid_yaw": [0.5, 1e-06, 0.1], "k_pid_hsp": [4.123965237682658, 0.6151130705114644, 0.0], "k_pid_vsp": [256.65550527614465, 139.0653957332237, 21.880679357904896]}, "datetime": {"datetime": "2025-08-12 12:52:36", "elapsed": 73636.1978662014, "delta": 34.01185178756714}, "costs": {"total_cost": 202.74027379894798, "time_cost": 69.72, "final_distance_cost": 1.8543662314884115, "oscillation_cost": 43.58507460158915, "completition_cost": 0.0, "overshoot_cost": 50.28456674132608, "power_cost": 18.829897021484374, "noise_cost": 18.46636920305996, "n_waypoints_completed": 9, "tot_waypoints": 9}}
{"target": -467.807125529122, "params": {"k_pid_pos": [1.0889226685314606, 0.050770460105566406, 0.07124045336981466], "k_pid_alt": [1.8958136828255343, 0.975815789166175, 0.7185994800925115], "k_pid_att": [29.45495546944126, 5.850765908491872, 0.7641612522622996], "k_pid_yaw": [0.5, 1e-06, 0.1], "k_pid_hsp": [8.014751752291863, 0.319306504446068, 0.6252772103671072], "k_pid_vsp": [227.51148902476288, 322.6192961882663, 21.209786120451366]}, "datetime": {"datetime": "2025-08-12 12:53:23", "elapsed": 73683.3645722866, "delta": 47.16670608520508}, "costs": {"total_cost": 467.807125529122, "time_cost": 87.528, "final_distance_cost": 1.7637788299584218, "oscillation_cost": 276.92660805690065, "completition_cost": 0.0, "overshoot_cost": 55.07237703951958, "power_cost": 24.49074274902344, "noise_cost": 22.025618853719962, "n_waypoints_completed": 9, "tot_waypoints": 9}}
{"target": -1124.7883981359544, "params": {"k_pid_pos": [1.234358880035237, 0.6219087692454534, 0.9145336441817905], "k_pid_alt": [0.08442162774205286, 0.7635669551811518, 0.8908905584247098], "k_pid_att": [3.558078976623602, 9.993505859294753, 0.28116110611191314], "k_pid_yaw": [0.5, 1e-06, 0.1], "k_pid_hsp": [8.615105043630598, 0.5456494924620939, 0.4344069769629627], "k_pid_vsp": [246.3198776511538, 267.56922499621487, 42.756315954360446]}, "datetime": {"datetime": "2025-08-12 12:54:12", "elapsed": 73731.55083584785, "delta": 48.18626356124878}, "costs": {"total_cost": 1124.7883981359544, "time_cost": 150, "final_distance_cost": 53.88197254734066, "oscillation_cost": 358.0667606153631, "completition_cost": 444.4444444444444, "overshoot_cost": 57.16086642180225, "power_cost": 31.681374841308596, "noise_cost": 29.552979265695623, "n_waypoints_completed": 5, "tot_waypoints": 9}}
{"target": -1331.6736865070764, "params": {"k_pid_pos": [0.16379387572274556, 0.11853784399611622, 0.1462929750640123], "k_pid_alt": [0.909802983203611, 0.6873152782415308, 0.40511516512747203], "k_pid_att": [41.43899393857119, 9.856190945555092, 0.3469525904389502], "k_pid_yaw": [0.5, 1e-06, 0.1], "k_pid_hsp": [9.413246154434864, 0.4805707969944877, 0.6489666595012257], "k_pid_vsp": [266.3852378915634, 357.5550897497895, 19.239487280350627]}, "datetime": {"datetime": "2025-08-12 12:54:53", "elapsed": 73772.91252112389, "delta": 41.361685276031494}, "costs": {"total_cost": 1331.6736865070764, "time_cost": 150, "final_distance_cost": 80.75034563453633, "oscillation_cost": 651.5522556859436, "completition_cost": 333.33333333333337, "overshoot_cost": 52.48139214938382, "power_cost": 34.23799020996094, "noise_cost": 29.31836949391817, "n_waypoints_completed": 6, "tot_waypoints": 9}}
{"target": -381.5072039513691, "params": {"k_pid_pos": [0.8039423868308986, 0.21468170622819316, 0.5029665911364836], "k_pid_alt": [1.0638315793343907, 0.8157121120222685, 0.05998346156760581], "k_pid_att": [34.9035795114422, 8.483470020339716, 0.6936249329415385], "k_pid_yaw": [0.5, 1e-06, 0.1], "k_pid_hsp": [7.818098920931356, 0.01865204104617524, 0.04037257912237968], "k_pid_vsp": [283.095745613089, 346.33022687261433, 19.879131618562855]}, "datetime": {"datetime": "2025-08-12 12:55:42", "elapsed": 73821.96294617653, "delta": 49.05042505264282}, "costs": {"total_cost": 381.5072039513691, "time_cost": 113.533, "final_distance_cost": 1.7978928726526437, "oscillation_cost": 150.39262489305096, "completition_cost": 0.0, "overshoot_cost": 58.999410119807145, "power_cost": 28.06879910888672, "noise_cost": 28.715476956971663, "n_waypoints_completed": 9, "tot_waypoints": 9}}
{"target": -953.8681778400058, "params": {"k_pid_pos": [0.3064267579858062, 0.7381885468510498, 0.22249737640631617], "k_pid_alt": [0.5302160232287734, 0.5872275023093215, 0.5690949117401801], "k_pid_att": [46.65922373222868, 6.396645349354579, 0.44558440308243397], "k_pid_yaw": [0.5, 1e-06, 0.1], "k_pid_hsp": [3.1804101016270754, 0.04121382269260199, 0.5684306602963639], "k_pid_vsp": [226.77192402202496, 90.90169440658501, 37.194238552843366]}, "datetime": {"datetime": "2025-08-12 12:56:53", "elapsed": 73893.28121256828, "delta": 71.31826639175415}, "costs": {"total_cost": 953.8681778400058, "time_cost": 150, "final_distance_cost": 71.46459465298835, "oscillation_cost": 273.55169363074367, "completition_cost": 333.33333333333337, "overshoot_cost": 58.75861056212479, "power_cost": 35.83273140869141, "noise_cost": 30.927214252124312, "n_waypoints_completed": 6, "tot_waypoints": 9}}
{"target": -401.7692170032333, "params": {"k_pid_pos": [0.4805518161799134, 0.49455714130865447, 0.40726932602916177], "k_pid_alt": [1.732783808225904, 0.7958259434216969, 0.27890418890684987], "k_pid_att": [17.921385499640273, 2.008274991674852, 0.8728109104766553], "k_pid_yaw": [0.5, 1e-06, 0.1], "k_pid_hsp": [8.846323546923024, 0.8928887641020928, 0.2072354939032519], "k_pid_vsp": [222.5873475841001, 37.724710599230335, 39.49069316463801]}, "datetime": {"datetime": "2025-08-12 12:57:40", "elapsed": 73939.97916817665, "delta": 46.69795560836792}, "costs": {"total_cost": 401.7692170032333, "time_cost": 97.769, "final_distance_cost": 1.7728216788662372, "oscillation_cost": 194.52619184005636, "completition_cost": 0.0, "overshoot_cost": 58.58649728979331, "power_cost": 25.531471264648438, "noise_cost": 23.583234929868933, "n_waypoints_completed": 9, "tot_waypoints": 9}}
{"target": -750.3199758387068, "params": {"k_pid_pos": [1.9507628666043912, 0.6782366477371221, 0.4574811064795622], "k_pid_alt": [0.47215617943471555, 0.8299739566459148, 0.6366742368777452], "k_pid_att": [3.4496489971290623, 2.758499786819854, 0.9334332152958595], "k_pid_yaw": [0.5, 1e-06, 0.1], "k_pid_hsp": [8.026452825100565, 0.5124454185954096, 0.73210824834043], "k_pid_vsp": [232.22606527734862, 34.15928415817319, 39.07403831547637]}, "datetime": {"datetime": "2025-08-12 12:58:33", "elapsed": 73993.24808692932, "delta": 53.26891875267029}, "costs": {"total_cost": 750.3199758387068, "time_cost": 150, "final_distance_cost": 77.91149395010721, "oscillation_cost": 170.36080102670013, "completition_cost": 222.2222222222222, "overshoot_cost": 65.63882873789511, "power_cost": 33.78752399902344, "noise_cost": 30.399105902758674, "n_waypoints_completed": 7, "tot_waypoints": 9}}
{"target": -744.4200980604819, "params": {"k_pid_pos": [0.1820529297902959, 0.4544294295670024, 0.3907624330345223], "k_pid_alt": [0.8737444717777889, 0.7757639685189539, 0.5225551128527799], "k_pid_att": [4.998265094915421, 6.86624397086003, 0.5369942934563658], "k_pid_yaw": [0.5, 1e-06, 0.1], "k_pid_hsp": [7.902211883733412, 0.14335524568814362, 0.06585869648284015], "k_pid_vsp": [231.2475338545503, 274.07881056759754, 30.05821721580655]}, "datetime": {"datetime": "2025-08-12 12:59:17", "elapsed": 74036.37922811508, "delta": 43.1311411857605}, "costs": {"total_cost": 744.4200980604819, "time_cost": 150, "final_distance_cost": 66.516150433825, "oscillation_cost": 87.49383130452486, "completition_cost": 333.33333333333337, "overshoot_cost": 48.82769614422875, "power_cost": 29.005003955078127, "noise_cost": 29.24408288949174, "n_waypoints_completed": 6, "tot_waypoints": 9}}
{"target": -716.2716665854718, "params": {"k_pid_pos": [1.6411514392057793, 0.3070762929337867, 0.7863956187494511], "k_pid_alt": [0.908571137443825, 0.47045212358545674, 0.9505528401773266], "k_pid_att": [2.791245465143377, 6.211056785480381, 0.14298978146436236], "k_pid_yaw": [0.5, 1e-06, 0.1], "k_pid_hsp": [7.358085142902391, 0.34669929043521786, 0.7327771981363697], "k_pid_vsp": [305.7761557444831, 298.8650359446034, 178.2087774037376]}, "datetime": {"datetime": "2025-08-12 13:00:00", "elapsed": 74079.39122390747, "delta": 43.011995792388916}, "costs": {"total_cost": 716.2716665854718, "time_cost": 150, "final_distance_cost": 36.64728811157434, "oscillation_cost": 295.79796646194194, "completition_cost": 111.11111111111116, "overshoot_cost": 63.730819960408716, "power_cost": 31.364568737792972, "noise_cost": 27.619912202642674, "n_waypoints_completed": 8, "tot_waypoints": 9}}
{"target": -623.9809084402019, "params": {"k_pid_pos": [1.9557708715791382, 0.9379739145033568, 0.9542799085113088], "k_pid_alt": [0.15777567275371962, 0.2790755527607305, 0.009839553536059253], "k_pid_att": [15.17808878294572, 7.257873060017571, 0.23012229468812473], "k_pid_yaw": [0.5, 1e-06, 0.1], "k_pid_hsp": [9.673644407245824, 0.28216299336372286, 0.17142446403701195], "k_pid_vsp": [190.2323678713851, 335.0612906105649, 6.357911261571641]}, "datetime": {"datetime": "2025-08-12 13:01:14", "elapsed": 74153.63255858421, "delta": 74.24133467674255}, "costs": {"total_cost": 623.9809084402019, "time_cost": 112.84, "final_distance_cost": 1.7962921917613268, "oscillation_cost": 386.8484051733139, "completition_cost": 0.0, "overshoot_cost": 62.26890894877932, "power_cost": 27.470919665527344, "noise_cost": 32.75638246081999, "n_waypoints_completed": 9, "tot_waypoints": 9}}
{"target": -529.8522075927913, "params": {"k_pid_pos": [1.2061568818870403, 0.4637256608895377, 0.512236961392688], "k_pid_alt": [1.1021910556986367, 0.7243564658625383, 0.8119917506496482], "k_pid_att": [15.6179688581085, 0.35080329575895947, 0.626328692496369], "k_pid_yaw": [0.5, 1e-06, 0.1], "k_pid_hsp": [3.5346476748890328, 0.2700068896469524, 0.29429435469980747], "k_pid_vsp": [306.073663743432, 318.39774701504257, 171.23761430605936]}, "datetime": {"datetime": "2025-08-12 13:02:13", "elapsed": 74212.71745920181, "delta": 59.08490061759949}, "costs": {"total_cost": 529.8522075927913, "time_cost": 115.15, "final_distance_cost": 1.7450036815507244, "oscillation_cost": 292.365056006787, "completition_cost": 0.0, "overshoot_cost": 61.454786400383185, "power_cost": 31.644072558593752, "noise_cost": 27.493288945476692, "n_waypoints_completed": 9, "tot_waypoints": 9}}
