{"target": -420.0373761884264, "params": {"k_pid_pos": [1.8158353146616908, 0.36957644344791063, 0.6112543057736544], "k_pid_alt": [0.8014539386019073, 0.10111119712919714, 0.2806500410072116], "k_pid_att": [12.137907439499152, 2.9440104033194894, 0.23507801798758787], "k_pid_yaw": [0.5, 1e-06, 0.1], "k_pid_hsp": [4.808012443951074, 0.1792591850845232, 0.5981169817139925], "k_pid_vsp": [243.35527078382896, 262.3072517757515, 17.90338051532119]}, "datetime": {"datetime": "2025-08-12 08:25:21", "elapsed": 57600.555344343185, "delta": 31.412834644317627}, "costs": {"total_cost": 420.0373761884264, "time_cost": 85.33, "final_distance_cost": 1.775647481914612, "oscillation_cost": 235.43047565563376, "completition_cost": 0.0, "overshoot_cost": 52.63392477300882, "power_cost": 23.057035107421875, "noise_cost": 21.81029317044735, "n_waypoints_completed": 9, "tot_waypoints": 9}}
{"target": -1273.2011078491282, "params": {"k_pid_pos": [0.9165793805234973, 0.2520396072604484, 0.8592456710782015], "k_pid_alt": [0.29256356172934606, 0.969128514223616, 0.933944259846472], "k_pid_att": [94.04234472960921, 9.264067616573211, 0.7836798970789008], "k_pid_yaw": [0.5, 1e-06, 0.1], "k_pid_hsp": [4.323339945145516, 0.24795235169037155, 0.6112271386988527], "k_pid_vsp": [168.5993724038409, 121.74819965257, 15.791979073368658]}, "datetime": {"datetime": "2025-08-12 08:26:00", "elapsed": 57640.09605073929, "delta": 39.540706396102905}, "costs": {"total_cost": 1273.2011078491282, "time_cost": 150, "final_distance_cost": 64.64958900432495, "oscillation_cost": 605.770066855442, "completition_cost": 333.33333333333337, "overshoot_cost": 54.77145313266764, "power_cost": 35.31135782470703, "noise_cost": 29.365307698653282, "n_waypoints_completed": 6, "tot_waypoints": 9}}
{"target": -468.46651116965563, "params": {"k_pid_pos": [0.4331995264153541, 0.019176395016328396, 0.06411992326632354], "k_pid_alt": [1.188009003447064, 0.9763366499035777, 0.11079635839818469], "k_pid_att": [6.231833148157129, 7.518158026355523, 0.16867190018446265], "k_pid_yaw": [0.5, 1e-06, 0.1], "k_pid_hsp": [8.916450436137833, 0.6752811679430574, 0.7862496402727284], "k_pid_vsp": [298.13362292551386, 349.4296350785719, 145.45220911111412]}, "datetime": {"datetime": "2025-08-12 08:26:40", "elapsed": 57680.287816762924, "delta": 40.191766023635864}, "costs": {"total_cost": 468.46651116965563, "time_cost": 100.07900000000001, "final_distance_cost": 1.7826957721357497, "oscillation_cost": 256.7581826155799, "completition_cost": 0.0, "overshoot_cost": 60.17114240810609, "power_cost": 26.27022937011719, "noise_cost": 23.40526100371667, "n_waypoints_completed": 9, "tot_waypoints": 9}}
{"target": -674.4911654640499, "params": {"k_pid_pos": [2.0, 0.4184786034759515, 0.00808444963373331], "k_pid_alt": [2.0, 0.5488756837870972, 1.0], "k_pid_att": [34.030884816652936, 6.590712545126759, 0.0], "k_pid_yaw": [0.5, 1e-06, 0.1], "k_pid_hsp": [6.4022031406175435, 1.0, 0.0], "k_pid_vsp": [337.49108011258426, 281.38500430944384, 237.2994337652659]}, "datetime": {"datetime": "2025-08-12 08:27:31", "elapsed": 57730.70684289932, "delta": 50.419026136398315}, "costs": {"total_cost": 674.4911654640499, "time_cost": 150, "final_distance_cost": 27.11250181480998, "oscillation_cost": 253.89061914632836, "completition_cost": 111.11111111111116, "overshoot_cost": 70.08411885231041, "power_cost": 31.264600317382815, "noise_cost": 31.028214222107128, "n_waypoints_completed": 8, "tot_waypoints": 9}}
{"target": -1084.0997229845425, "params": {"k_pid_pos": [0.10345669916413987, 0.8486939644120615, 0.4157094221043538], "k_pid_alt": [1.9328523647926676, 0.29166680671709466, 0.01746636071352259], "k_pid_att": [20.276123453809603, 1.1989509536995888, 0.5611797141961219], "k_pid_yaw": [0.5, 1e-06, 0.1], "k_pid_hsp": [4.415149191799307, 0.7194739792324947, 0.246215930121519], "k_pid_vsp": [78.90696498374376, 222.17369507012518, 41.51978520928608]}, "datetime": {"datetime": "2025-08-12 08:28:13", "elapsed": 57772.541063547134, "delta": 41.83422064781189}, "costs": {"total_cost": 1084.0997229845425, "time_cost": 150, "final_distance_cost": 47.713613325452265, "oscillation_cost": 218.42682089875123, "completition_cost": 555.5555555555555, "overshoot_cost": 49.706529337549235, "power_cost": 33.83580833740235, "noise_cost": 28.86139552983201, "n_waypoints_completed": 4, "tot_waypoints": 9}}
{"target": -1254.8015055803464, "params": {"k_pid_pos": [0.4293955070515521, 0.8958235908198954, 0.3534409258344815], "k_pid_alt": [0.19565677053330122, 0.9662712567917244, 0.21544195811246647], "k_pid_att": [44.01694065134648, 1.1028456462006002, 0.35059979810850095], "k_pid_yaw": [0.5, 1e-06, 0.1], "k_pid_hsp": [9.480400589395492, 0.12287210637340606, 0.7464126280861422], "k_pid_vsp": [223.19816301583555, 24.279607527437577, 49.681726488944314]}, "datetime": {"datetime": "2025-08-12 08:28:56", "elapsed": 57816.32006263733, "delta": 43.7789990901947}, "costs": {"total_cost": 1254.8015055803464, "time_cost": 150, "final_distance_cost": 45.09945509563232, "oscillation_cost": 374.2741365544616, "completition_cost": 555.5555555555555, "overshoot_cost": 65.32024676516735, "power_cost": 34.38618502197266, "noise_cost": 30.165926587557056, "n_waypoints_completed": 4, "tot_waypoints": 9}}
{"target": -265.21325170435824, "params": {"k_pid_pos": [0.9717187513842404, 0.35595244616885335, 0.2436369461510416], "k_pid_alt": [0.9354669483109614, 0.7314839732602246, 0.10678228409647617], "k_pid_att": [17.921265014049503, 2.998872532706147, 0.9410365527356156], "k_pid_yaw": [0.5, 1e-06, 0.1], "k_pid_hsp": [1.9317409360084612, 0.6975940468658717, 0.03293653530984619], "k_pid_vsp": [186.84217541539945, 325.21811386997786, 6.021019761996934]}, "datetime": {"datetime": "2025-08-12 08:29:30", "elapsed": 57850.002839803696, "delta": 33.68277716636658}, "costs": {"total_cost": 265.21325170435824, "time_cost": 94.843, "final_distance_cost": 1.799819002209219, "oscillation_cost": 67.56035608843558, "completition_cost": 0.0, "overshoot_cost": 54.05463096070802, "power_cost": 20.608354736328128, "noise_cost": 26.347090916677278, "n_waypoints_completed": 9, "tot_waypoints": 9}}
{"target": -1725.0110636470765, "params": {"k_pid_pos": [0.5027312191906992, 0.9952010656804571, 0.327410649645837], "k_pid_alt": [0.7306657619371515, 0.6778084870125411, 0.4396388827939103], "k_pid_att": [1.2476665316513813, 4.44120635136108, 0.818847090795136], "k_pid_yaw": [0.5, 1e-06, 0.1], "k_pid_hsp": [3.3309146438339976, 0.2256984697504435, 0.37901966060055403], "k_pid_vsp": [221.95306270493012, 279.56665740026546, 15.231050968002668]}, "datetime": {"datetime": "2025-08-12 08:30:21", "elapsed": 57900.50688457489, "delta": 50.50404477119446}, "costs": {"total_cost": 1725.0110636470765, "time_cost": 150, "final_distance_cost": 17.07731419250013, "oscillation_cost": 383.8878949751148, "completition_cost": 1000.0, "overshoot_cost": 81.10346000642593, "power_cost": 54.19098972167969, "noise_cost": 38.751404751356226, "n_waypoints_completed": 0, "tot_waypoints": 9}}
{"target": -1153.193390741671, "params": {"k_pid_pos": [0.10832921235921832, 0.7362051662958933, 0.8192520272252277], "k_pid_alt": [0.8955229316748654, 0.7916260758060002, 0.5973080002160959], "k_pid_att": [35.25655311430194, 9.026590358726338, 0.6085129501375475], "k_pid_yaw": [0.5, 1e-06, 0.1], "k_pid_hsp": [8.231469793829223, 0.5500416419055543, 0.05291259697954698], "k_pid_vsp": [202.5200681694113, 240.44072178540063, 119.18114387305701]}, "datetime": {"datetime": "2025-08-12 08:31:00", "elapsed": 57940.11061382294, "delta": 39.603729248046875}, "costs": {"total_cost": 1153.193390741671, "time_cost": 150, "final_distance_cost": 48.69900114991999, "oscillation_cost": 286.7985600634405, "completition_cost": 555.5555555555555, "overshoot_cost": 51.56717618319749, "power_cost": 32.76865089111328, "noise_cost": 27.804446898444272, "n_waypoints_completed": 4, "tot_waypoints": 9}}
{"target": -470.64129061359887, "params": {"k_pid_pos": [0.9828927020215698, 0.6019744077876629, 0.17753943630956048], "k_pid_alt": [0.802986868278383, 0.23999589154822376, 0.4896084722726295], "k_pid_att": [25.494885566535576, 6.39240226766755, 0.4859261918428366], "k_pid_yaw": [0.5, 1e-06, 0.1], "k_pid_hsp": [5.199840853840444, 0.19708967757589768, 0.2116148981009116], "k_pid_vsp": [242.05123959596517, 270.2588630865318, 37.72782477680347]}, "datetime": {"datetime": "2025-08-12 08:31:42", "elapsed": 57982.172879219055, "delta": 42.062265396118164}, "costs": {"total_cost": 470.64129061359887, "time_cost": 94.654, "final_distance_cost": 1.7849675607889408, "oscillation_cost": 271.35735153992437, "completition_cost": 0.0, "overshoot_cost": 53.27408053245605, "power_cost": 25.75716666259766, "noise_cost": 23.813724317831863, "n_waypoints_completed": 9, "tot_waypoints": 9}}
{"target": -560.1364297335905, "params": {"k_pid_pos": [0.5188701793026462, 0.12776408096146497, 0.9176493612705868], "k_pid_alt": [1.911244229557573, 0.7787012817992024, 0.5461862241117117], "k_pid_att": [12.909741139845575, 8.872313477188314, 0.6316772077094228], "k_pid_yaw": [0.5, 1e-06, 0.1], "k_pid_hsp": [2.488634791377762, 0.7922255217188194, 0.8228816295937988], "k_pid_vsp": [183.99875315936504, 325.43357607187534, 4.342420075947903]}, "datetime": {"datetime": "2025-08-12 08:32:27", "elapsed": 58027.02068257332, "delta": 44.847803354263306}, "costs": {"total_cost": 560.1364297335905, "time_cost": 112.94500000000001, "final_distance_cost": 1.8149239598903315, "oscillation_cost": 331.6062009141809, "completition_cost": 0.0, "overshoot_cost": 58.29984791310903, "power_cost": 24.546270263671875, "noise_cost": 30.924186682738387, "n_waypoints_completed": 9, "tot_waypoints": 9}}
{"target": -360.8547270940885, "params": {"k_pid_pos": [1.6496298548537593, 0.10523967685496982, 0.9874373789984122], "k_pid_alt": [0.36352330853261616, 0.626114240596284, 0.7127801821817698], "k_pid_att": [39.871725801578165, 1.1657358809519813, 0.7163206146234559], "k_pid_yaw": [0.5, 1e-06, 0.1], "k_pid_hsp": [6.193127055041794, 0.6579852217719153, 0.02664069723193574], "k_pid_vsp": [267.10808079770806, 321.2521503467117, 70.88061576163153]}, "datetime": {"datetime": "2025-08-12 08:32:59", "elapsed": 58059.28674149513, "delta": 32.266058921813965}, "costs": {"total_cost": 360.8547270940885, "time_cost": 94.605, "final_distance_cost": 1.7998268635847265, "oscillation_cost": 158.5227878606668, "completition_cost": 0.0, "overshoot_cost": 58.65652252596895, "power_cost": 24.584607043457034, "noise_cost": 22.685982800411036, "n_waypoints_completed": 9, "tot_waypoints": 9}}
{"target": -432.64753116356405, "params": {"k_pid_pos": [1.9570377097687304, 0.6874238213782182, 0.14024123859577997], "k_pid_alt": [0.9730157480865238, 0.41268228462982703, 0.39548548695528674], "k_pid_att": [21.276479734003672, 5.524394179190918, 0.2730219377465779], "k_pid_yaw": [0.5, 1e-06, 0.1], "k_pid_hsp": [6.379476199214083, 0.01375795547371017, 0.7512727112906946], "k_pid_vsp": [248.4340486016535, 268.79878152623473, 37.16549548294811]}, "datetime": {"datetime": "2025-08-12 08:33:35", "elapsed": 58094.569338321686, "delta": 35.282596826553345}, "costs": {"total_cost": 432.64753116356405, "time_cost": 101.11500000000001, "final_distance_cost": 1.797059814570004, "oscillation_cost": 214.118272667221, "completition_cost": 0.0, "overshoot_cost": 59.71754399689685, "power_cost": 28.858360021972658, "noise_cost": 27.04129466290356, "n_waypoints_completed": 9, "tot_waypoints": 9}}
{"target": -485.88787900556895, "params": {"k_pid_pos": [1.7357912768425259, 0.2637627876235761, 0.3874923455539856], "k_pid_alt": [0.8463797701973932, 0.9205013010015284, 0.08187924996431961], "k_pid_att": [14.686287560043343, 2.0317061490188735, 0.1997990644640254], "k_pid_yaw": [0.5, 1e-06, 0.1], "k_pid_hsp": [4.427801224371194, 0.5773714919289746, 0.619341460952531], "k_pid_vsp": [233.18358165723114, 274.7659196120553, 19.02335582163175]}, "datetime": {"datetime": "2025-08-12 08:34:10", "elapsed": 58130.343883514404, "delta": 35.774545192718506}, "costs": {"total_cost": 485.88787900556895, "time_cost": 101.122, "final_distance_cost": 1.7525985084792268, "oscillation_cost": 269.97823752450137, "completition_cost": 0.0, "overshoot_cost": 61.205236546995174, "power_cost": 26.75266911621094, "noise_cost": 25.07713730938224, "n_waypoints_completed": 9, "tot_waypoints": 9}}
{"target": -498.7818037249642, "params": {"k_pid_pos": [1.5045146847764368, 0.48682310632607917, 0.8147351854912456], "k_pid_alt": [1.7325250490835706, 0.7143622102006766, 0.45596616100078824], "k_pid_att": [44.36089280267452, 1.1903615650447692, 0.6910108415954763], "k_pid_yaw": [0.5, 1e-06, 0.1], "k_pid_hsp": [4.913022251651762, 0.316946328508824, 0.5619964335812885], "k_pid_vsp": [181.6773944784154, 298.24826001589275, 148.0880463044767]}, "datetime": {"datetime": "2025-08-12 08:34:42", "elapsed": 58161.954585790634, "delta": 31.61070227622986}, "costs": {"total_cost": 498.7818037249642, "time_cost": 90.35600000000001, "final_distance_cost": 1.768362233950909, "oscillation_cost": 303.38310644137437, "completition_cost": 0.0, "overshoot_cost": 54.375421571275275, "power_cost": 26.63164814453125, "noise_cost": 22.26726533383237, "n_waypoints_completed": 9, "tot_waypoints": 9}}
{"target": -1247.3130235463468, "params": {"k_pid_pos": [0.3067380161807553, 0.37492124696948304, 0.9634530117461613], "k_pid_alt": [0.503446472175515, 0.9287863644787397, 0.16227958331496373], "k_pid_att": [17.11383860449145, 7.072733186965835, 0.5338506636682733], "k_pid_yaw": [0.5, 1e-06, 0.1], "k_pid_hsp": [8.918383036701938, 0.8459370475922148, 0.1390857432408691], "k_pid_vsp": [245.65238503044787, 277.3504376145621, 45.80003000346758]}, "datetime": {"datetime": "2025-08-12 08:35:33", "elapsed": 58213.24276161194, "delta": 51.28817582130432}, "costs": {"total_cost": 1247.3130235463468, "time_cost": 150, "final_distance_cost": 46.43156291259955, "oscillation_cost": 382.85780462671823, "completition_cost": 555.5555555555555, "overshoot_cost": 52.0055113902841, "power_cost": 31.243564770507813, "noise_cost": 29.219024290681514, "n_waypoints_completed": 4, "tot_waypoints": 9}}
{"target": -702.7236837115053, "params": {"k_pid_pos": [1.3126156078641322, 0.7326558135412387, 0.6387486134807108], "k_pid_alt": [1.8838517921654068, 0.5395812064977695, 0.15781646206550393], "k_pid_att": [74.31693302605517, 7.402747177775108, 0.09164166470193702], "k_pid_yaw": [0.5, 1e-06, 0.1], "k_pid_hsp": [5.957147895203418, 0.1618913928489455, 0.35712346972586306], "k_pid_vsp": [234.07488061229623, 338.43136309057024, 259.0474464295809]}, "datetime": {"datetime": "2025-08-12 08:36:20", "elapsed": 58259.6576833725, "delta": 46.41492176055908}, "costs": {"total_cost": 702.7236837115053, "time_cost": 111.643, "final_distance_cost": 1.772393872833201, "oscillation_cost": 470.5427328238283, "completition_cost": 0.0, "overshoot_cost": 58.120219929227936, "power_cost": 33.65652498779297, "noise_cost": 26.98881209782285, "n_waypoints_completed": 9, "tot_waypoints": 9}}
{"target": -1291.0422564906755, "params": {"k_pid_pos": [0.26735739401210357, 0.016012679145589237, 0.6129800657173611], "k_pid_alt": [1.160079387160919, 0.8962921177745533, 0.6274784858178784], "k_pid_att": [46.74860627614446, 6.766479900954964, 0.12025801081271181], "k_pid_yaw": [0.5, 1e-06, 0.1], "k_pid_hsp": [9.53470248544251, 0.6639340184357481, 0.5699064626459301], "k_pid_vsp": [230.56806590999548, 331.2338956109729, 18.236278568800746]}, "datetime": {"datetime": "2025-08-12 08:36:59", "elapsed": 58298.607233285904, "delta": 38.94954991340637}, "costs": {"total_cost": 1291.0422564906755, "time_cost": 150, "final_distance_cost": 70.11789635395643, "oscillation_cost": 729.2112578356794, "completition_cost": 222.2222222222222, "overshoot_cost": 55.117025499418276, "power_cost": 34.93295671386719, "noise_cost": 29.44089786553186, "n_waypoints_completed": 7, "tot_waypoints": 9}}
{"target": -567.6829635906491, "params": {"k_pid_pos": [1.3676676526881337, 0.04058366595161689, 0.3612936846328787], "k_pid_alt": [0.6275570459252258, 0.8547487892974764, 0.44139714831376275], "k_pid_att": [42.68952575022414, 6.55222868404242, 0.2846023590918244], "k_pid_yaw": [0.5, 1e-06, 0.1], "k_pid_hsp": [7.8514473610760085, 0.8578055605387487, 0.2817887966133099], "k_pid_vsp": [276.9324503650892, 317.03008627603907, 75.08328955414612]}, "datetime": {"datetime": "2025-08-12 08:37:32", "elapsed": 58331.95745229721, "delta": 33.35021901130676}, "costs": {"total_cost": 567.6829635906491, "time_cost": 95.123, "final_distance_cost": 1.742380093832828, "oscillation_cost": 358.8210956665467, "completition_cost": 0.0, "overshoot_cost": 59.98229100130581, "power_cost": 28.241002832031253, "noise_cost": 23.773193996932648, "n_waypoints_completed": 9, "tot_waypoints": 9}}
{"target": -405.33434463991864, "params": {"k_pid_pos": [1.3941359461548242, 0.7634594978933026, 0.5016149117638777], "k_pid_alt": [1.552569214801304, 0.49639798427724513, 0.146513335199017], "k_pid_att": [47.759551168312655, 2.5490215128050857, 0.43572929741584887], "k_pid_yaw": [0.5, 1e-06, 0.1], "k_pid_hsp": [1.676512149389931, 0.940778570435855, 0.18190036927405961], "k_pid_vsp": [124.89395293484624, 100.97857315786717, 63.72794269926727]}, "datetime": {"datetime": "2025-08-12 08:38:06", "elapsed": 58366.24925994873, "delta": 34.291807651519775}, "costs": {"total_cost": 405.33434463991864, "time_cost": 93.961, "final_distance_cost": 1.7020497066491953, "oscillation_cost": 201.21444785926005, "completition_cost": 0.0, "overshoot_cost": 57.13623738131296, "power_cost": 27.525304296875003, "noise_cost": 23.795305395821405, "n_waypoints_completed": 9, "tot_waypoints": 9}}
{"target": -1623.706477702654, "params": {"k_pid_pos": [0.17640557302851384, 0.32477811804471346, 0.9173493406770316], "k_pid_alt": [1.1263012626999784, 0.870021914210557, 0.7837379489002101], "k_pid_att": [54.246319310383974, 0.5977364237840807, 0.34259296089416214], "k_pid_yaw": [0.5, 1e-06, 0.1], "k_pid_hsp": [4.19381335099344, 0.17363556957128856, 0.9379266281733775], "k_pid_vsp": [189.9340997411363, 299.5504549458523, 139.82002069435828]}, "datetime": {"datetime": "2025-08-12 08:39:01", "elapsed": 58420.68135237694, "delta": 54.4320924282074}, "costs": {"total_cost": 1623.706477702654, "time_cost": 150, "final_distance_cost": 42.9133079927049, "oscillation_cost": 756.804244946983, "completition_cost": 555.5555555555555, "overshoot_cost": 56.23770681213455, "power_cost": 33.45434333496094, "noise_cost": 28.74131906031524, "n_waypoints_completed": 4, "tot_waypoints": 9}}
{"target": -1964.657098048434, "params": {"k_pid_pos": [1.0914804082678238, 0.8894671694760552, 0.28062448813879504], "k_pid_alt": [0.9506672627300601, 0.8717951811490389, 0.9990102242355179], "k_pid_att": [0.5976852687910927, 2.4251431060520963, 0.5900971595348589], "k_pid_yaw": [0.5, 1e-06, 0.1], "k_pid_hsp": [3.3429376024152773, 0.6918846707502692, 0.2294191452797718], "k_pid_vsp": [317.0105778609808, 382.6961519660587, 235.27933870114495]}, "datetime": {"datetime": "2025-08-12 08:39:40", "elapsed": 58459.80269241333, "delta": 39.12134003639221}, "costs": {"total_cost": 1964.657098048434, "time_cost": 150, "final_distance_cost": 20.639007727493432, "oscillation_cost": 427.9191223439551, "completition_cost": 1000.0, "overshoot_cost": 164.13858143027252, "power_cost": 57.37730252685547, "noise_cost": 144.58308401985747, "n_waypoints_completed": 0, "tot_waypoints": 9}}
{"target": -1211.0517688021366, "params": {"k_pid_pos": [0.17954063296898734, 0.014838222442932092, 0.41519618020100746], "k_pid_alt": [1.1398249706268744, 0.15752994974196033, 0.6134353365108037], "k_pid_att": [16.08829906196695, 4.22046151989128, 0.8363505158835761], "k_pid_yaw": [0.5, 1e-06, 0.1], "k_pid_hsp": [0.8344222872966158, 0.20939589080242027, 0.9821273797851059], "k_pid_vsp": [252.2668350848095, 273.17712080486194, 42.077272652954015]}, "datetime": {"datetime": "2025-08-12 08:40:19", "elapsed": 58499.25973391533, "delta": 39.4570415019989}, "costs": {"total_cost": 1211.0517688021366, "time_cost": 150, "final_distance_cost": 46.495604722747416, "oscillation_cost": 338.3388293557573, "completition_cost": 555.5555555555555, "overshoot_cost": 63.909804475925306, "power_cost": 29.936170703125, "noise_cost": 26.815803989025895, "n_waypoints_completed": 4, "tot_waypoints": 9}}
{"target": -482.64580981841954, "params": {"k_pid_pos": [0.6182963273151307, 0.03236041752696106, 0.6116565792248723], "k_pid_alt": [0.5607991846679221, 0.7619982024203495, 0.32264958812935784], "k_pid_att": [5.7163241445321145, 3.30012014744087, 0.3922235081710814], "k_pid_yaw": [0.5, 1e-06, 0.1], "k_pid_hsp": [8.505598195568606, 0.9746393833195772, 0.5646538507541569], "k_pid_vsp": [302.69795646901554, 296.28648977235076, 174.33629061341713]}, "datetime": {"datetime": "2025-08-12 08:40:56", "elapsed": 58535.70980668068, "delta": 36.45007276535034}, "costs": {"total_cost": 482.64580981841954, "time_cost": 113.953, "final_distance_cost": 1.7760216531153774, "oscillation_cost": 245.05725696576405, "completition_cost": 0.0, "overshoot_cost": 67.54927624966592, "power_cost": 28.715106640625002, "noise_cost": 25.59514830924919, "n_waypoints_completed": 9, "tot_waypoints": 9}}
{"target": -313.2106052108828, "params": {"k_pid_pos": [2.0, 0.0, 0.3517065899848191], "k_pid_alt": [0.0, 1.0, 1.0], "k_pid_att": [56.233183271784014, 4.047337638342522, 1.0], "k_pid_yaw": [0.5, 1e-06, 0.1], "k_pid_hsp": [5.21645368290641, 1.0, 0.0], "k_pid_vsp": [219.9253735488117, 97.49098325688634, 39.05931952238125]}, "datetime": {"datetime": "2025-08-12 08:41:51", "elapsed": 58590.41273212433, "delta": 54.70292544364929}, "costs": {"total_cost": 313.2106052108828, "time_cost": 108.108, "final_distance_cost": 1.790016633527704, "oscillation_cost": 79.65638248310971, "completition_cost": 0.0, "overshoot_cost": 68.45547348961715, "power_cost": 28.9161205078125, "noise_cost": 26.284612096815824, "n_waypoints_completed": 9, "tot_waypoints": 9}}
