{"target": -1753.1607366138155, "params": {"k_pid_pos": [0.04444774764619777, 0.45239133642904483, 0.32238629445137923], "k_pid_alt": [1.1599399780017878, 0.007619852201596111, 0.6195935312006053], "k_pid_att": [83.42664063560467, 6.146632986957176, 0.44465214674518416], "k_pid_yaw": [0.5, 1e-06, 0.1], "k_pid_hsp": [6.841476851795385, 0.7898332570563248, 0.5909448533300896], "k_pid_vsp": [126.96966790397721, 95.66314475027866, 293.2696720984107]}, "datetime": {"datetime": "2025-08-11 17:38:24", "elapsed": 4383.754603624344, "delta": 30.661162853240967}, "costs": {"total_cost": 1753.1607366138155, "time_cost": 150, "final_distance_cost": 71.49723955571763, "oscillation_cost": 540.0369563470861, "completition_cost": 888.8888888888888, "overshoot_cost": 38.53006670934398, "power_cost": 35.36473376464844, "noise_cost": 28.842851348130505, "n_waypoints_completed": 1, "tot_waypoints": 9}}
{"target": -1544.6233401611757, "params": {"k_pid_pos": [0.10784076981390098, 0.6113590703820851, 0.4080017654040441], "k_pid_alt": [0.9451902483717871, 0.8152908801269546, 0.915850348505812], "k_pid_att": [89.32442418595349, 1.1606510845522848, 0.5987771281579198], "k_pid_yaw": [0.5, 1e-06, 0.1], "k_pid_hsp": [2.614842432520191, 0.9276087214159892, 0.2207682546990296], "k_pid_vsp": [246.22674226580835, 344.8678253535379, 286.31255700787455]}, "datetime": {"datetime": "2025-08-11 17:38:54", "elapsed": 4413.5505583286285, "delta": 29.795954704284668}, "costs": {"total_cost": 1544.6233401611757, "time_cost": 150, "final_distance_cost": 88.34854032745216, "oscillation_cost": 424.23111171998835, "completition_cost": 777.7777777777778, "overshoot_cost": 40.60131466575332, "power_cost": 35.32313773193359, "noise_cost": 28.341457938270334, "n_waypoints_completed": 2, "tot_waypoints": 9}}
{"target": -545.0733151780074, "params": {"k_pid_pos": [1.1183201399085116, 0.312893725425093, 0.2615522010878236], "k_pid_alt": [1.4916786333260728, 0.8732979804306099, 0.5682153292414148], "k_pid_att": [52.5053457147143, 7.8731740824452725, 0.4472466364484122], "k_pid_yaw": [0.5, 1e-06, 0.1], "k_pid_hsp": [5.996542603858085, 0.16469676909737796, 0.25200112410576914], "k_pid_vsp": [202.44859118825417, 247.65459376878889, 228.245806270667]}, "datetime": {"datetime": "2025-08-11 17:39:17", "elapsed": 4436.707894325256, "delta": 23.157335996627808}, "costs": {"total_cost": 545.0733151780074, "time_cost": 93.989, "final_distance_cost": 1.799924033555672, "oscillation_cost": 337.4973906916428, "completition_cost": 0.0, "overshoot_cost": 61.31883323814424, "power_cost": 27.38382037353516, "noise_cost": 23.08434684112955, "n_waypoints_completed": 9, "tot_waypoints": 9}}
{"target": -1376.9313751988423, "params": {"k_pid_pos": [0.3620007147634651, 0.8296599256546581, 0.9285016013971727], "k_pid_alt": [0.8204613458599939, 0.03974704920848893, 0.9683128906384901], "k_pid_att": [87.47601110919122, 3.1925621887313165, 0.44627971070551786], "k_pid_yaw": [0.5, 1e-06, 0.1], "k_pid_hsp": [6.105566622746803, 0.5386167741263473, 0.6964714930876582], "k_pid_vsp": [166.56659202612101, 34.35343582271962, 30.731857725700724]}, "datetime": {"datetime": "2025-08-11 17:39:47", "elapsed": 4466.886869668961, "delta": 30.178975343704224}, "costs": {"total_cost": 1376.9313751988423, "time_cost": 150, "final_distance_cost": 40.77745189350428, "oscillation_cost": 518.9089071022048, "completition_cost": 555.5555555555555, "overshoot_cost": 49.033959026136316, "power_cost": 34.63075793457031, "noise_cost": 28.024743686871293, "n_waypoints_completed": 4, "tot_waypoints": 9}}
{"target": -1951.1740080987638, "params": {"k_pid_pos": [0.5490600291439798, 0.3219027540975483, 0.6988990223125265], "k_pid_alt": [1.0003855456801771, 0.8377580326116508, 0.40826610561022014], "k_pid_att": [51.78469100983028, 9.067443694515685, 0.4577576825909986], "k_pid_yaw": [0.5, 1e-06, 0.1], "k_pid_hsp": [4.485188890533393, 0.9185728655719323, 0.6141266864811621], "k_pid_vsp": [70.92708421767031, 135.41531822502864, 301.6760679312657]}, "datetime": {"datetime": "2025-08-11 17:40:16", "elapsed": 4496.338505268097, "delta": 29.451635599136353}, "costs": {"total_cost": 1951.1740080987638, "time_cost": 150, "final_distance_cost": 56.38297015159001, "oscillation_cost": 661.5784274051576, "completition_cost": 888.8888888888888, "overshoot_cost": 128.1816002387763, "power_cost": 36.06400915527344, "noise_cost": 30.078112259077578, "n_waypoints_completed": 1, "tot_waypoints": 9}}
{"target": -521.6598067008807, "params": {"k_pid_pos": [0.5020565709380127, 0.8860734643435931, 0.21434964095774034], "k_pid_alt": [1.0274238652232528, 0.25515909223801136, 0.7025537832208437], "k_pid_att": [44.83043637025021, 6.127527889081302, 0.625950170844038], "k_pid_yaw": [0.5, 1e-06, 0.1], "k_pid_hsp": [7.192278868449331, 0.3112013791845494, 0.23981131230000485], "k_pid_vsp": [187.02801306707437, 299.4310432103104, 148.47281923932238]}, "datetime": {"datetime": "2025-08-11 17:40:43", "elapsed": 4523.328958272934, "delta": 26.990453004837036}, "costs": {"total_cost": 521.6598067008807, "time_cost": 111.391, "final_distance_cost": 1.7446662789244702, "oscillation_cost": 291.3183512532113, "completition_cost": 0.0, "overshoot_cost": 58.34734114030359, "power_cost": 32.04266997070312, "noise_cost": 26.815778057738292, "n_waypoints_completed": 9, "tot_waypoints": 9}}
{"target": -1236.4252063634224, "params": {"k_pid_pos": [0.3688165040244374, 0.0004086230162310134, 0.866137577522523], "k_pid_alt": [1.368856103618637, 0.5279603293467823, 0.5231212895764422], "k_pid_att": [89.92836975299228, 1.577414302133447, 0.403067838234748], "k_pid_yaw": [0.5, 1e-06, 0.1], "k_pid_hsp": [4.44158120871246, 0.22524578059009126, 0.18170151219121766], "k_pid_vsp": [351.80773108607656, 39.5059497876629, 108.74646415917286]}, "datetime": {"datetime": "2025-08-11 17:41:14", "elapsed": 4553.974804401398, "delta": 30.645846128463745}, "costs": {"total_cost": 1236.4252063634224, "time_cost": 150, "final_distance_cost": 67.61288490172583, "oscillation_cost": 679.6246297819515, "completition_cost": 222.2222222222222, "overshoot_cost": 54.798213451550275, "power_cost": 34.49138365478516, "noise_cost": 27.675872351187554, "n_waypoints_completed": 7, "tot_waypoints": 9}}
{"target": -1203.2340864518574, "params": {"k_pid_pos": [1.4079214988965043, 0.4584854998102941, 0.498512253480734], "k_pid_alt": [1.4057190638535226, 0.1449452055224576, 0.48355670098541215], "k_pid_att": [32.69861700539789, 1.0911038083263105, 0.09670850966167432], "k_pid_yaw": [0.5, 1e-06, 0.1], "k_pid_hsp": [6.410311621244207, 0.5770188015459085, 0.8428729146391251], "k_pid_vsp": [174.00853652394423, 264.7089495718397, 348.7513338806712]}, "datetime": {"datetime": "2025-08-11 17:41:44", "elapsed": 4583.750722646713, "delta": 29.77591824531555}, "costs": {"total_cost": 1203.2340864518574, "time_cost": 150, "final_distance_cost": 74.22957711042453, "oscillation_cost": 508.3416618881661, "completition_cost": 333.33333333333337, "overshoot_cost": 72.67034153321801, "power_cost": 33.53119799804688, "noise_cost": 31.127974588668106, "n_waypoints_completed": 6, "tot_waypoints": 9}}
{"target": -645.9338718501626, "params": {"k_pid_pos": [1.2498289659002393, 0.3392535014869602, 0.5544052603137395], "k_pid_alt": [1.5312628690229055, 0.2279157174119762, 0.6355164873755678], "k_pid_att": [43.91087351973027, 3.8172929124211983, 0.26595960051644324], "k_pid_yaw": [0.5, 1e-06, 0.1], "k_pid_hsp": [3.454470702276684, 0.6218605345201575, 0.49930071938910026], "k_pid_vsp": [202.89699353101602, 228.19792543016078, 124.00827776306029]}, "datetime": {"datetime": "2025-08-11 17:42:14", "elapsed": 4613.836432218552, "delta": 30.08570957183838}, "costs": {"total_cost": 645.9338718501626, "time_cost": 113.631, "final_distance_cost": 1.746231623008121, "oscillation_cost": 413.1133127152011, "completition_cost": 0.0, "overshoot_cost": 56.51419580734566, "power_cost": 33.13711689453125, "noise_cost": 27.792014810076488, "n_waypoints_completed": 9, "tot_waypoints": 9}}
{"target": -1060.0034725856908, "params": {"k_pid_pos": [1.127939138926489, 0.8983781761705029, 0.6037676240397566], "k_pid_alt": [1.955102306337898, 0.36902707906359644, 0.3758666427886904], "k_pid_att": [91.11349676196626, 4.535234055422521, 0.6640281108325998], "k_pid_yaw": [0.5, 1e-06, 0.1], "k_pid_hsp": [9.944557341504973, 0.40363060941477424, 0.7267960244130832], "k_pid_vsp": [3.1669614015232828, 114.37464033101296, 137.56961615852538]}, "datetime": {"datetime": "2025-08-11 17:42:45", "elapsed": 4644.44776058197, "delta": 30.61132836341858}, "costs": {"total_cost": 1060.0034725856908, "time_cost": 150, "final_distance_cost": 95.92970923191419, "oscillation_cost": 426.8456948838158, "completition_cost": 222.2222222222222, "overshoot_cost": 91.26695780332452, "power_cost": 36.70347420654297, "noise_cost": 37.03541423787106, "n_waypoints_completed": 7, "tot_waypoints": 9}}
{"target": -1497.7620744668184, "params": {"k_pid_pos": [0.35592510395049676, 0.2445195997026276, 0.6173670781321376], "k_pid_alt": [0.5744471114028722, 0.646801689630484, 0.42122489179725153], "k_pid_att": [85.07393332219173, 6.705185144468686, 0.37103876845822503], "k_pid_yaw": [0.5, 1e-06, 0.1], "k_pid_hsp": [6.045354635843208, 0.6113555020282664, 0.7947810446696325], "k_pid_vsp": [323.6354752655594, 151.96078557055793, 75.92443801129598]}, "datetime": {"datetime": "2025-08-11 17:43:15", "elapsed": 4675.24850153923, "delta": 30.800740957260132}, "costs": {"total_cost": 1497.7620744668184, "time_cost": 150, "final_distance_cost": 45.75780082802348, "oscillation_cost": 632.5878206275262, "completition_cost": 555.5555555555555, "overshoot_cost": 50.089092719876646, "power_cost": 35.7015678100586, "noise_cost": 28.070236925778154, "n_waypoints_completed": 4, "tot_waypoints": 9}}
{"target": -401.7715362371014, "params": {"k_pid_pos": [1.262917483872848, 0.33561234698603426, 0.007847260065625083], "k_pid_alt": [0.781676064936228, 0.7952005863278725, 0.3622130403252164], "k_pid_att": [4.243126351926085, 3.899925987237706, 0.864394155790567], "k_pid_yaw": [0.5, 1e-06, 0.1], "k_pid_hsp": [5.198567698613898, 0.6250677873738734, 0.5361511311652313], "k_pid_vsp": [310.59191792241666, 389.7706254742667, 244.376411189876]}, "datetime": {"datetime": "2025-08-11 17:43:44", "elapsed": 4704.096802949905, "delta": 28.84830141067505}, "costs": {"total_cost": 401.7715362371014, "time_cost": 114.513, "final_distance_cost": 1.7704479912689484, "oscillation_cost": 154.13274043792956, "completition_cost": 0.0, "overshoot_cost": 70.32343060823494, "power_cost": 32.892359301757814, "noise_cost": 28.13955789791006, "n_waypoints_completed": 9, "tot_waypoints": 9}}
{"target": -1820.9513951823224, "params": {"k_pid_pos": [1.9484323356815698, 0.36414122748223277, 0.4984382805753096], "k_pid_alt": [0.11980096068967905, 0.2751318915851403, 0.5852014062950679], "k_pid_att": [6.389226762013756, 5.721708856945849, 0.5305863655791528], "k_pid_yaw": [0.5, 1e-06, 0.1], "k_pid_hsp": [5.434648764929079, 0.260460925784775, 0.2631806327756414], "k_pid_vsp": [133.33732481641434, 97.64314345186186, 232.62178279072646]}, "datetime": {"datetime": "2025-08-11 17:44:15", "elapsed": 4734.552404880524, "delta": 30.455601930618286}, "costs": {"total_cost": 1820.9513951823224, "time_cost": 150, "final_distance_cost": 0.9772331921158086, "oscillation_cost": 395.71583602755777, "completition_cost": 1000.0, "overshoot_cost": 150.92487386903983, "power_cost": 31.257601281738282, "noise_cost": 92.07585081187055, "n_waypoints_completed": 0, "tot_waypoints": 9}}
{"target": -632.8516186328715, "params": {"k_pid_pos": [1.1047406769379617, 0.5643234191735822, 0.48349532914658977], "k_pid_alt": [1.7972569744989426, 0.13501148690583975, 0.23117602246459668], "k_pid_att": [30.0081459599739, 9.662534648748728, 0.08725633926590082], "k_pid_yaw": [0.5, 1e-06, 0.1], "k_pid_hsp": [6.869641399700831, 0.7205495706012303, 0.4984154137998442], "k_pid_vsp": [278.4793417330293, 252.6096085682666, 7.747890891504726]}, "datetime": {"datetime": "2025-08-11 17:44:37", "elapsed": 4757.022488832474, "delta": 22.470083951950073}, "costs": {"total_cost": 632.8516186328715, "time_cost": 88.96300000000001, "final_distance_cost": 1.7973392048148977, "oscillation_cost": 441.93648031205987, "completition_cost": 0.0, "overshoot_cost": 51.33692492476478, "power_cost": 24.610525134277346, "noise_cost": 24.207349056954484, "n_waypoints_completed": 9, "tot_waypoints": 9}}
{"target": -1144.2165402114629, "params": {"k_pid_pos": [0.5796649947240051, 0.9692717419279558, 0.9215763863076563], "k_pid_alt": [1.4189836134933909, 0.83306839896004, 0.71074879325016], "k_pid_att": [24.731607965585123, 8.025159076607704, 0.07150183321818449], "k_pid_yaw": [0.5, 1e-06, 0.1], "k_pid_hsp": [8.324675244873877, 0.7066991210353638, 0.7519690677421564], "k_pid_vsp": [332.99529329010267, 306.9154498578315, 35.915165922812164]}, "datetime": {"datetime": "2025-08-11 17:45:08", "elapsed": 4787.590578317642, "delta": 30.568089485168457}, "costs": {"total_cost": 1144.2165402114629, "time_cost": 150, "final_distance_cost": 69.7090959245752, "oscillation_cost": 475.47147665123595, "completition_cost": 333.33333333333337, "overshoot_cost": 50.139332578741644, "power_cost": 34.70599777832032, "noise_cost": 30.857303945256497, "n_waypoints_completed": 6, "tot_waypoints": 9}}
{"target": -639.1298281831367, "params": {"k_pid_pos": [0.5850231957954937, 0.8830625472490613, 0.18322350237342055], "k_pid_alt": [0.17633663913577324, 0.0856858912489501, 0.8473135213048564], "k_pid_att": [68.81407630799225, 1.9913836503649542, 0.976326967354872], "k_pid_yaw": [0.5, 1e-06, 0.1], "k_pid_hsp": [3.4080006080244756, 0.13992789081992874, 0.03669876303563824], "k_pid_vsp": [165.6412707785458, 340.6185737210869, 182.89386333768567]}, "datetime": {"datetime": "2025-08-11 17:45:38", "elapsed": 4817.643790721893, "delta": 30.0532124042511}, "costs": {"total_cost": 639.1298281831367, "time_cost": 150, "final_distance_cost": 65.37161958860125, "oscillation_cost": 85.20074798660268, "completition_cost": 222.2222222222222, "overshoot_cost": 54.61641662853059, "power_cost": 32.716719384765625, "noise_cost": 29.00210237241433, "n_waypoints_completed": 7, "tot_waypoints": 9}}
{"target": -626.3462751562103, "params": {"k_pid_pos": [1.8034325179266992, 0.14721231682966962, 0.7414011149152492], "k_pid_alt": [1.534071348949932, 0.17119860666962627, 0.2245092074940075], "k_pid_att": [35.07920640059081, 6.3714900863030275, 0.8072750979110949], "k_pid_yaw": [0.5, 1e-06, 0.1], "k_pid_hsp": [6.446265501958052, 0.03852153423464855, 0.780119121338006], "k_pid_vsp": [224.93953719318864, 15.070733353111812, 40.30546934686425]}, "datetime": {"datetime": "2025-08-11 17:46:10", "elapsed": 4849.547736167908, "delta": 31.903945446014404}, "costs": {"total_cost": 626.3462751562103, "time_cost": 115.675, "final_distance_cost": 1.7547039231125836, "oscillation_cost": 393.93859051302496, "completition_cost": 0.0, "overshoot_cost": 54.90724666290569, "power_cost": 32.047971838378906, "noise_cost": 28.022762218788127, "n_waypoints_completed": 9, "tot_waypoints": 9}}
{"target": -1325.2281766500228, "params": {"k_pid_pos": [0.7976548034411928, 0.17520400610284925, 0.5042878339893114], "k_pid_alt": [0.10556760242472452, 0.24836452757175098, 0.704717540959592], "k_pid_att": [39.86729506158518, 6.251572810761316, 0.35291990820238983], "k_pid_yaw": [0.5, 1e-06, 0.1], "k_pid_hsp": [3.506510561422514, 0.6189426506120389, 0.9348872907827093], "k_pid_vsp": [130.75190199004047, 254.72360563848784, 273.46559068878673]}, "datetime": {"datetime": "2025-08-11 17:46:40", "elapsed": 4879.780230045319, "delta": 30.23249387741089}, "costs": {"total_cost": 1325.2281766500228, "time_cost": 150, "final_distance_cost": 44.983139459962835, "oscillation_cost": 559.2551134365002, "completition_cost": 444.4444444444444, "overshoot_cost": 63.667459222080964, "power_cost": 33.8406134765625, "noise_cost": 29.037406610471955, "n_waypoints_completed": 5, "tot_waypoints": 9}}
{"target": -1540.4503397898343, "params": {"k_pid_pos": [1.3381122191247354, 0.48862643442677134, 0.04329378546227003], "k_pid_alt": [0.4347544915347197, 0.09398818020603517, 0.8151520620355596], "k_pid_att": [23.6170543506678, 0.1604758433913032, 0.3012956845464858], "k_pid_yaw": [0.5, 1e-06, 0.1], "k_pid_hsp": [3.1963679417217206, 0.5231865209287276, 0.7920934757050078], "k_pid_vsp": [299.21381991678044, 56.32583835195236, 366.8739023710964]}, "datetime": {"datetime": "2025-08-11 17:47:10", "elapsed": 4910.364552974701, "delta": 30.584322929382324}, "costs": {"total_cost": 1540.4503397898343, "time_cost": 150, "final_distance_cost": 84.94548449429436, "oscillation_cost": 359.5927314694912, "completition_cost": 777.7777777777778, "overshoot_cost": 96.71777962295909, "power_cost": 35.45783327636719, "noise_cost": 35.95873314894454, "n_waypoints_completed": 2, "tot_waypoints": 9}}
{"target": -399.9803274032378, "params": {"k_pid_pos": [2.0, 0.0, 0.0], "k_pid_alt": [2.0, 0.0, 0.0], "k_pid_att": [51.32608501363117, 0.0001, 0.0], "k_pid_yaw": [0.5, 1e-06, 0.1], "k_pid_hsp": [10.0, 1.0, 0.0], "k_pid_vsp": [205.55853180198292, 238.2977444832809, 130.61912486445783]}, "datetime": {"datetime": "2025-08-11 17:47:29", "elapsed": 4929.099274396896, "delta": 18.734721422195435}, "costs": {"total_cost": 399.9803274032378, "time_cost": 70.70700000000001, "final_distance_cost": 1.7672988244553813, "oscillation_cost": 235.63139247716677, "completition_cost": 0.0, "overshoot_cost": 52.54527613587197, "power_cost": 21.292875354003908, "noise_cost": 18.036484611739777, "n_waypoints_completed": 9, "tot_waypoints": 9}}
{"target": -1653.9326728506724, "params": {"k_pid_pos": [0.1238187611104043, 0.7726235944289649, 0.3391854346596995], "k_pid_alt": [0.3625600858532301, 0.9353451469180631, 0.7507371270055111], "k_pid_att": [16.860489426961443, 6.0656084451433685, 0.40212109984710487], "k_pid_yaw": [0.5, 1e-06, 0.1], "k_pid_hsp": [1.0528101229304843, 0.18698123335941896, 0.42952733062288273], "k_pid_vsp": [271.32520571125485, 112.44908721345232, 386.67912300669866]}, "datetime": {"datetime": "2025-08-11 17:48:00", "elapsed": 4959.807494401932, "delta": 30.7082200050354}, "costs": {"total_cost": 1653.9326728506724, "time_cost": 150, "final_distance_cost": 16.69724279158816, "oscillation_cost": 277.96560407040073, "completition_cost": 1000.0, "overshoot_cost": 140.94797284242028, "power_cost": 33.67060330810547, "noise_cost": 34.65124983815773, "n_waypoints_completed": 0, "tot_waypoints": 9}}
{"target": -1055.5819140340236, "params": {"k_pid_pos": [1.3150154137276902, 0.9600999658479954, 0.9628703430956034], "k_pid_alt": [0.6893769695987049, 0.6579252452415117, 0.7685735999665085], "k_pid_att": [2.8569532488749494, 7.898329849688124, 0.37026919425324945], "k_pid_yaw": [0.5, 1e-06, 0.1], "k_pid_hsp": [4.480542712354006, 0.1241208853423802, 0.5743142126912266], "k_pid_vsp": [303.9150975932506, 361.9876835986429, 89.72024929348682]}, "datetime": {"datetime": "2025-08-11 17:48:33", "elapsed": 4993.000146865845, "delta": 33.192652463912964}, "costs": {"total_cost": 1055.5819140340236, "time_cost": 150, "final_distance_cost": 47.210228832067074, "oscillation_cost": 292.29460174051576, "completition_cost": 444.4444444444444, "overshoot_cost": 60.4194088499616, "power_cost": 32.12467635498047, "noise_cost": 29.088553812054116, "n_waypoints_completed": 5, "tot_waypoints": 9}}
{"target": -1158.7256755755513, "params": {"k_pid_pos": [0.5160721147722835, 0.753910770491618, 0.6930390956243], "k_pid_alt": [1.4281062543905045, 0.38133410767048825, 0.04109537088236104], "k_pid_att": [11.659513604497251, 8.128363181380726, 0.33638919305806436], "k_pid_yaw": [0.5, 1e-06, 0.1], "k_pid_hsp": [1.1242615713261288, 0.27397355521947586, 0.3410052880295781], "k_pid_vsp": [199.18064772626542, 360.77180445376445, 254.06051363888844]}, "datetime": {"datetime": "2025-08-11 17:49:03", "elapsed": 5023.323504924774, "delta": 30.323358058929443}, "costs": {"total_cost": 1158.7256755755513, "time_cost": 150, "final_distance_cost": 42.56506658936792, "oscillation_cost": 293.16462826311783, "completition_cost": 555.5555555555555, "overshoot_cost": 56.04060860367648, "power_cost": 32.853955432128906, "noise_cost": 28.54586113170475, "n_waypoints_completed": 4, "tot_waypoints": 9}}
{"target": -358.2326993389391, "params": {"k_pid_pos": [0.8049145424220668, 0.52573527521281, 0.26598557284692115], "k_pid_alt": [0.787390153739935, 0.30996776175364016, 0.3760186448207745], "k_pid_att": [11.183601708469446, 5.655967986344471, 0.2725969689219434], "k_pid_yaw": [0.5, 1e-06, 0.1], "k_pid_hsp": [5.127146829882602, 0.4674418812175509, 0.09844678631660628], "k_pid_vsp": [59.86757310967649, 345.92052796571835, 146.87164232164162]}, "datetime": {"datetime": "2025-08-11 17:49:33", "elapsed": 5052.537891387939, "delta": 29.214386463165283}, "costs": {"total_cost": 358.2326993389391, "time_cost": 105.042, "final_distance_cost": 1.7717645996202513, "oscillation_cost": 140.21822860555739, "completition_cost": 0.0, "overshoot_cost": 58.92469478122066, "power_cost": 26.439517541503907, "noise_cost": 25.83649381103691, "n_waypoints_completed": 9, "tot_waypoints": 9}}
