{"target": -1888.1995546960327, "params": {"k_pid_pos": [1.1256526650453866, 0.5807901921161787, 0.6091993952839765], "k_pid_alt": [0.7612601107910719, 0.7989585884417318, 0.31920275800735487], "k_pid_att": [1.6675400862393719, 8.943210010059042, 0.005803241495014211], "k_pid_yaw": [0.5, 1e-06, 0.1], "k_pid_hsp": [4.417999809662939, 0.772698409858341, 0.45241220053760733], "k_pid_vsp": [175.759110971266, 321.4256877192802, 17.095649825725697]}, "datetime": {"datetime": "2025-08-12 08:08:38", "elapsed": 56598.06688141823, "delta": 39.55526828765869}, "costs": {"total_cost": 1888.1995546960327, "time_cost": 150, "final_distance_cost": 100.46811836382912, "oscillation_cost": 708.1438170166019, "completition_cost": 777.7777777777778, "overshoot_cost": 65.18486359335161, "power_cost": 50.40118177490235, "noise_cost": 36.22379616956978, "n_waypoints_completed": 2, "tot_waypoints": 9}}
{"target": -494.0103714363342, "params": {"k_pid_pos": [0.5315374668274628, 0.6600734275336346, 0.17067764671257735], "k_pid_alt": [0.4436332286498048, 0.5947492215444196, 0.3078913239873645], "k_pid_att": [30.16711445258511, 3.2722334807832008, 0.9556988241915338], "k_pid_yaw": [0.5, 1e-06, 0.1], "k_pid_hsp": [8.391139453049108, 0.44606640449224044, 0.18572149628599355], "k_pid_vsp": [240.26497179724012, 327.8877562721142, 24.568863212138368]}, "datetime": {"datetime": "2025-08-12 08:09:17", "elapsed": 56637.29430055618, "delta": 39.22741913795471}, "costs": {"total_cost": 494.0103714363342, "time_cost": 114.331, "final_distance_cost": 1.7925143275197624, "oscillation_cost": 256.2299206415182, "completition_cost": 0.0, "overshoot_cost": 62.42961007450085, "power_cost": 31.319497766113283, "noise_cost": 27.907828626682083, "n_waypoints_completed": 9, "tot_waypoints": 9}}
{"target": -779.1283365807277, "params": {"k_pid_pos": [0.9035607567281257, 0.9842909130661207, 0.1643721018709532], "k_pid_alt": [1.0243241595365942, 0.5638127708789904, 0.7110145258664189], "k_pid_att": [40.7010744916782, 5.022171068655989, 0.5818376070657422], "k_pid_yaw": [0.5, 1e-06, 0.1], "k_pid_hsp": [5.957681552666688, 0.7388956157317724, 0.9749959772536562], "k_pid_vsp": [236.21041553164108, 27.72503350648641, 51.111507095642146]}, "datetime": {"datetime": "2025-08-12 08:10:10", "elapsed": 56689.747381687164, "delta": 52.453081130981445}, "costs": {"total_cost": 779.1283365807277, "time_cost": 150, "final_distance_cost": 74.48377974310782, "oscillation_cost": 189.0432995090063, "completition_cost": 222.2222222222222, "overshoot_cost": 73.82143382321672, "power_cost": 37.506866052246096, "noise_cost": 32.05073523092855, "n_waypoints_completed": 7, "tot_waypoints": 9}}
{"target": -444.63148041933334, "params": {"k_pid_pos": [1.5594757199310756, 0.008946231189708387, 0.9113515671494056], "k_pid_alt": [1.9350677537871444, 0.03819287919289016, 0.03514212330950828], "k_pid_att": [21.195764530998673, 2.718827641043514, 0.1289965958250734], "k_pid_yaw": [0.5, 1e-06, 0.1], "k_pid_hsp": [5.192202865622414, 0.4506685346430789, 0.10182475307876215], "k_pid_vsp": [231.69725008450115, 41.46256457969161, 37.164574438545664]}, "datetime": {"datetime": "2025-08-12 08:10:44", "elapsed": 56723.565589904785, "delta": 33.81820821762085}, "costs": {"total_cost": 444.63148041933334, "time_cost": 75.096, "final_distance_cost": 1.8300609649719, "oscillation_cost": 276.5133642277418, "completition_cost": 0.0, "overshoot_cost": 51.44458076911396, "power_cost": 20.240562121582034, "noise_cost": 19.50691233592363, "n_waypoints_completed": 9, "tot_waypoints": 9}}
{"target": -1413.3664282867637, "params": {"k_pid_pos": [0.08941316037056964, 0.6476769152822712, 0.23198974827754548], "k_pid_alt": [0.05664537563047256, 0.27351172365859, 0.8375523095441771], "k_pid_att": [10.56533725436144, 8.488832687968547, 0.6127912852026751], "k_pid_yaw": [0.5, 1e-06, 0.1], "k_pid_hsp": [2.302389687168486, 0.65981504936646, 0.09419521350882087], "k_pid_vsp": [242.8241482226811, 265.2511820840924, 32.26841597054561]}, "datetime": {"datetime": "2025-08-12 08:11:30", "elapsed": 56769.781403541565, "delta": 46.215813636779785}, "costs": {"total_cost": 1413.3664282867637, "time_cost": 150, "final_distance_cost": 46.67707967438696, "oscillation_cost": 124.379731546269, "completition_cost": 1000.0, "overshoot_cost": 30.94882056300931, "power_cost": 32.36797919921875, "noise_cost": 28.992817303879573, "n_waypoints_completed": 0, "tot_waypoints": 9}}
{"target": -732.3965096781968, "params": {"k_pid_pos": [1.4564485039791708, 0.977826029563958, 0.09614206056665875], "k_pid_alt": [0.270862486482359, 0.8417611513718248, 0.38341272509992563], "k_pid_att": [5.0259155024216735, 5.293234538703549, 0.6963909461409755], "k_pid_yaw": [0.5, 1e-06, 0.1], "k_pid_hsp": [4.024792765960558, 0.799089745030807, 0.8889820666561583], "k_pid_vsp": [280.34764532152616, 291.39257721911673, 184.71772623196193]}, "datetime": {"datetime": "2025-08-12 08:12:09", "elapsed": 56808.857132434845, "delta": 39.07572889328003}, "costs": {"total_cost": 732.3965096781968, "time_cost": 150, "final_distance_cost": 70.02431835279202, "oscillation_cost": 151.97512760615717, "completition_cost": 222.2222222222222, "overshoot_cost": 71.24118045008842, "power_cost": 35.93860183105469, "noise_cost": 30.995059215882254, "n_waypoints_completed": 7, "tot_waypoints": 9}}
{"target": -1459.895644457253, "params": {"k_pid_pos": [0.028910886725861604, 0.39702715968628444, 0.8393597766539561], "k_pid_alt": [0.8146949122358853, 0.4514173064592103, 0.4710650140619621], "k_pid_att": [43.662734182499754, 6.763775107771093, 0.8766959499916783], "k_pid_yaw": [0.5, 1e-06, 0.1], "k_pid_hsp": [5.168685577087448, 0.7422706422012691, 0.8161286825913155], "k_pid_vsp": [231.22858669429615, 15.41620992628484, 35.83681048901819]}, "datetime": {"datetime": "2025-08-12 08:13:05", "elapsed": 56865.36580991745, "delta": 56.50867748260498}, "costs": {"total_cost": 1459.895644457253, "time_cost": 150, "final_distance_cost": 87.60071105023948, "oscillation_cost": 333.5051505021559, "completition_cost": 777.7777777777778, "overshoot_cost": 51.69213375036325, "power_cost": 31.75642429199219, "noise_cost": 27.56344708472432, "n_waypoints_completed": 2, "tot_waypoints": 9}}
{"target": -969.1337083488309, "params": {"k_pid_pos": [0.5676899935222148, 0.7671561942904546, 0.05641597984365576], "k_pid_alt": [0.4702421332376603, 0.8221264867989788, 0.031868349679458396], "k_pid_att": [4.9397200186703465, 1.0548485531093128, 0.6182294658616524], "k_pid_yaw": [0.5, 1e-06, 0.1], "k_pid_hsp": [1.855041370472512, 0.9881374234146161, 0.11289307510297264], "k_pid_vsp": [195.90444480089008, 332.5180819215857, 17.18811105100995]}, "datetime": {"datetime": "2025-08-12 08:13:47", "elapsed": 56906.445677518845, "delta": 41.07986760139465}, "costs": {"total_cost": 969.1337083488309, "time_cost": 150, "final_distance_cost": 36.08424249730519, "oscillation_cost": 105.7757543742992, "completition_cost": 555.5555555555555, "overshoot_cost": 54.80725361881242, "power_cost": 34.27916815185547, "noise_cost": 32.63173415100304, "n_waypoints_completed": 4, "tot_waypoints": 9}}
{"target": -1030.5381452263805, "params": {"k_pid_pos": [0.7773514372853639, 0.7822989948510181, 0.7258779266545182], "k_pid_alt": [0.2967595994996386, 0.08579996833210546, 0.8636117230297863], "k_pid_att": [24.345525829952052, 2.1390266707324064, 0.6326202904489505], "k_pid_yaw": [0.5, 1e-06, 0.1], "k_pid_hsp": [8.047167404063615, 0.842534194376989, 0.878493557769851], "k_pid_vsp": [220.88989870164806, 37.17317332453389, 38.39247307308758]}, "datetime": {"datetime": "2025-08-12 08:14:34", "elapsed": 56953.93327331543, "delta": 47.48759579658508}, "costs": {"total_cost": 1030.5381452263805, "time_cost": 150, "final_distance_cost": 74.05263370477292, "oscillation_cost": 477.08967246299665, "completition_cost": 222.2222222222222, "overshoot_cost": 48.134906562793844, "power_cost": 31.267983264160158, "noise_cost": 27.77072700943463, "n_waypoints_completed": 7, "tot_waypoints": 9}}
{"target": -1239.096221435056, "params": {"k_pid_pos": [1.764228422841165, 0.8478905579458095, 0.20675557299113412], "k_pid_alt": [0.15383535381616342, 0.6979599719687631, 0.36459055915659266], "k_pid_att": [22.24702544764341, 6.139446931456351, 0.003941702270176317], "k_pid_yaw": [0.5, 1e-06, 0.1], "k_pid_hsp": [5.022712895620722, 0.34958487468922617, 0.9237667612627134], "k_pid_vsp": [234.41594597127556, 43.00735530586187, 29.481184545635934]}, "datetime": {"datetime": "2025-08-12 08:15:22", "elapsed": 57002.23531246185, "delta": 48.30203914642334}, "costs": {"total_cost": 1239.096221435056, "time_cost": 150, "final_distance_cost": 49.85752854256957, "oscillation_cost": 237.1460967784916, "completition_cost": 666.6666666666667, "overshoot_cost": 65.97349890569193, "power_cost": 35.19334348144531, "noise_cost": 34.25908706019062, "n_waypoints_completed": 3, "tot_waypoints": 9}}
{"target": -599.3596728347795, "params": {"k_pid_pos": [1.2032660011672673, 0.8918760325773372, 0.7164246206274995], "k_pid_alt": [0.11460071028714469, 0.2023071491706151, 0.32189119647717035], "k_pid_att": [22.63691031287007, 4.527880240384805, 0.47128444971281247], "k_pid_yaw": [0.5, 1e-06, 0.1], "k_pid_hsp": [2.738956847704255, 0.3176363086443622, 0.24188286159331163], "k_pid_vsp": [297.73249752586145, 309.0235374907731, 175.9867691272141]}, "datetime": {"datetime": "2025-08-12 08:15:58", "elapsed": 57038.28079843521, "delta": 36.045485973358154}, "costs": {"total_cost": 599.3596728347795, "time_cost": 111.888, "final_distance_cost": 1.7199349874699625, "oscillation_cost": 360.57352175865617, "completition_cost": 0.0, "overshoot_cost": 63.13914261488731, "power_cost": 31.87446407470703, "noise_cost": 30.164609399058985, "n_waypoints_completed": 9, "tot_waypoints": 9}}
{"target": -322.7818932410987, "params": {"k_pid_pos": [2.0, 0.0, 0.9510144302869155], "k_pid_alt": [1.7131789425137762, 0.07677664125073973, 1.0], "k_pid_att": [3.536453234255748, 4.065060501103554, 0.4399325099117447], "k_pid_yaw": [0.5, 1e-06, 0.1], "k_pid_hsp": [4.857418743344086, 0.4845641546837144, 0.34808753074640436], "k_pid_vsp": [271.6347321099312, 264.3295237767908, 43.82215654360924]}, "datetime": {"datetime": "2025-08-12 08:16:30", "elapsed": 57070.19803619385, "delta": 31.917237758636475}, "costs": {"total_cost": 322.7818932410987, "time_cost": 83.797, "final_distance_cost": 1.8508419823082072, "oscillation_cost": 141.4234110638981, "completition_cost": 0.0, "overshoot_cost": 52.5020181850796, "power_cost": 22.429845483398438, "noise_cost": 20.778776526414386, "n_waypoints_completed": 9, "tot_waypoints": 9}}
{"target": -410.7290573449538, "params": {"k_pid_pos": [1.0315406338816242, 0.16979484382628574, 0.7002651701364931], "k_pid_alt": [1.4759898392596615, 0.9243922997288131, 0.6049259956667895], "k_pid_att": [10.302422854136385, 9.738452062061947, 0.5097425797853625], "k_pid_yaw": [0.5, 1e-06, 0.1], "k_pid_hsp": [3.4610512887700526, 0.8192845578505213, 0.7013734152646373], "k_pid_vsp": [234.37675585238827, 276.2063992479818, 26.53675753986298]}, "datetime": {"datetime": "2025-08-12 08:17:03", "elapsed": 57102.532641887665, "delta": 32.33460569381714}, "costs": {"total_cost": 410.7290573449538, "time_cost": 91.672, "final_distance_cost": 1.7674951869627022, "oscillation_cost": 214.45166465266766, "completition_cost": 0.0, "overshoot_cost": 56.91333596353121, "power_cost": 23.859068798828126, "noise_cost": 22.06549274296415, "n_waypoints_completed": 9, "tot_waypoints": 9}}
{"target": -339.1304899710484, "params": {"k_pid_pos": [1.2263340570652055, 0.28230222796479854, 0.08106398582007202], "k_pid_alt": [1.874939401313236, 0.08488757771087374, 0.4872595994726049], "k_pid_att": [11.306209035292103, 3.592103589434302, 0.5120680323757774], "k_pid_yaw": [0.5, 1e-06, 0.1], "k_pid_hsp": [6.8699093294453135, 0.2734631635761209, 0.847850934156109], "k_pid_vsp": [278.5866221991158, 365.59687271935644, 32.72803398509881]}, "datetime": {"datetime": "2025-08-12 08:17:43", "elapsed": 57142.63848924637, "delta": 40.10584735870361}, "costs": {"total_cost": 339.1304899710484, "time_cost": 84.217, "final_distance_cost": 1.75093197969831, "oscillation_cost": 156.5634052538856, "completition_cost": 0.0, "overshoot_cost": 53.37523917864872, "power_cost": 22.167735974121094, "noise_cost": 21.056177584694655, "n_waypoints_completed": 9, "tot_waypoints": 9}}
{"target": -618.8898564673118, "params": {"k_pid_pos": [1.1907718359998707, 0.9314557340548917, 0.2851336813181954], "k_pid_alt": [1.0552559205958594, 0.06044984745503512, 0.48165861683136424], "k_pid_att": [50.31004063976711, 7.506389040632307, 0.6285743142989377], "k_pid_yaw": [0.5, 1e-06, 0.1], "k_pid_hsp": [4.4639637598107615, 0.7880296023265029, 0.5007831893352086], "k_pid_vsp": [203.82471446060828, 220.65141947932358, 117.89184309741889]}, "datetime": {"datetime": "2025-08-12 08:18:24", "elapsed": 57184.191308021545, "delta": 41.552818775177}, "costs": {"total_cost": 618.8898564673118, "time_cost": 150, "final_distance_cost": 4.452613152084648, "oscillation_cost": 227.63540553850265, "completition_cost": 111.11111111111116, "overshoot_cost": 60.246793956152935, "power_cost": 35.763641650390625, "noise_cost": 29.680291059069905, "n_waypoints_completed": 8, "tot_waypoints": 9}}
{"target": -442.26473172253077, "params": {"k_pid_pos": [1.1774394220428197, 0.5934478182883829, 0.7375614395519082], "k_pid_alt": [1.576482710824278, 0.6498836326815491, 0.6556860946339668], "k_pid_att": [2.665274162189335, 2.4568118982370475, 0.04708293627063698], "k_pid_yaw": [0.5, 1e-06, 0.1], "k_pid_hsp": [6.747655114016642, 0.17374988414948045, 0.7778526410919793], "k_pid_vsp": [227.37856990372603, 278.8764447717423, 21.232797532509462]}, "datetime": {"datetime": "2025-08-12 08:19:07", "elapsed": 57226.61153936386, "delta": 42.420231342315674}, "costs": {"total_cost": 442.26473172253077, "time_cost": 99.337, "final_distance_cost": 1.7996841076434635, "oscillation_cost": 233.0658598414258, "completition_cost": 0.0, "overshoot_cost": 57.719259157366, "power_cost": 25.45770233154297, "noise_cost": 24.885226284552516, "n_waypoints_completed": 9, "tot_waypoints": 9}}
{"target": -719.3400942127809, "params": {"k_pid_pos": [0.4870562215662048, 0.4180363829378516, 0.5467236280731559], "k_pid_alt": [0.5842450236308212, 0.1026153932153403, 0.25327268155243554], "k_pid_att": [17.5608912220799, 9.154886451791029, 0.9255543003499397], "k_pid_yaw": [0.5, 1e-06, 0.1], "k_pid_hsp": [3.5251729587894953, 0.855794665826627, 0.1287611531835916], "k_pid_vsp": [232.98570089453517, 39.09326458011435, 36.071868749537224]}, "datetime": {"datetime": "2025-08-12 08:19:49", "elapsed": 57269.08320784569, "delta": 42.47166848182678}, "costs": {"total_cost": 719.3400942127809, "time_cost": 150, "final_distance_cost": 66.89270538373218, "oscillation_cost": 172.84052442846036, "completition_cost": 222.2222222222222, "overshoot_cost": 47.62489417201344, "power_cost": 31.86140241699219, "noise_cost": 27.898345589360428, "n_waypoints_completed": 7, "tot_waypoints": 9}}
{"target": -404.06243960666376, "params": {"k_pid_pos": [0.7159790964814929, 0.8209225849940116, 0.5165072019015179], "k_pid_alt": [1.3958981662991132, 0.8855247471144054, 0.13096289571398956], "k_pid_att": [5.896875458208295, 0.44321179489398876, 0.42780035811182593], "k_pid_yaw": [0.5, 1e-06, 0.1], "k_pid_hsp": [2.824465109772706, 0.1546940442319905, 0.6105098002958704], "k_pid_vsp": [244.0117449877106, 260.8009256202969, 17.56381047332221]}, "datetime": {"datetime": "2025-08-12 08:20:36", "elapsed": 57316.097836494446, "delta": 47.014628648757935}, "costs": {"total_cost": 404.06243960666376, "time_cost": 115.15, "final_distance_cost": 1.7843929974625201, "oscillation_cost": 169.99532012479636, "completition_cost": 0.0, "overshoot_cost": 57.16459974356601, "power_cost": 31.06819549560547, "noise_cost": 28.89993124523338, "n_waypoints_completed": 9, "tot_waypoints": 9}}
{"target": -1048.6434278858628, "params": {"k_pid_pos": [0.25775862002052824, 0.7041199552159273, 0.9528178322459615], "k_pid_alt": [1.251897136045271, 0.6495223218623984, 0.32626305915282616], "k_pid_att": [3.6263237319070107, 3.0705271049706857, 0.36415270216315654], "k_pid_yaw": [0.5, 1e-06, 0.1], "k_pid_hsp": [7.987744352774488, 0.9245727455541828, 0.9009198316566462], "k_pid_vsp": [194.19784179238025, 328.5916514377164, 27.068020230127093]}, "datetime": {"datetime": "2025-08-12 08:21:22", "elapsed": 57362.12056565285, "delta": 46.02272915840149}, "costs": {"total_cost": 1048.6434278858628, "time_cost": 150, "final_distance_cost": 46.727558287633556, "oscillation_cost": 191.97522703791554, "completition_cost": 555.5555555555555, "overshoot_cost": 46.1532132625583, "power_cost": 30.90404410400391, "noise_cost": 27.32782963819587, "n_waypoints_completed": 4, "tot_waypoints": 9}}
{"target": -472.2965545059783, "params": {"k_pid_pos": [0.5391484606633606, 0.961108007612753, 0.4017299781894117], "k_pid_alt": [1.6045205873477197, 0.03758924998197466, 0.26213119776296967], "k_pid_att": [37.65734722002454, 6.200082891384066, 0.5404718763026579], "k_pid_yaw": [0.5, 1e-06, 0.1], "k_pid_hsp": [7.187581979917689, 0.35941297384031823, 0.16201467756913868], "k_pid_vsp": [333.3700955549286, 293.7193617107195, 226.13872073794877]}, "datetime": {"datetime": "2025-08-12 08:22:06", "elapsed": 57405.75000143051, "delta": 43.629435777664185}, "costs": {"total_cost": 472.2965545059783, "time_cost": 101.549, "final_distance_cost": 1.7891758575032313, "oscillation_cost": 256.5765501354941, "completition_cost": 0.0, "overshoot_cost": 56.881396817221194, "power_cost": 30.174257836914062, "noise_cost": 25.326173858845713, "n_waypoints_completed": 9, "tot_waypoints": 9}}
{"target": -517.6930701105445, "params": {"k_pid_pos": [1.9522463808899686, 0.7140245335487457, 0.3734938018224221], "k_pid_alt": [0.4974228935345104, 0.37264485671166303, 0.2785830431541271], "k_pid_att": [89.31835807773832, 6.820027345488371, 0.4932598918688117], "k_pid_yaw": [0.5, 1e-06, 0.1], "k_pid_hsp": [5.119703109723747, 0.4881297785287303, 0.823471792281883], "k_pid_vsp": [165.4066161834485, 120.2136455175703, 15.785782151728462]}, "datetime": {"datetime": "2025-08-12 08:22:48", "elapsed": 57448.19242835045, "delta": 42.442426919937134}, "costs": {"total_cost": 517.6930701105445, "time_cost": 117.152, "final_distance_cost": 1.7742803482030038, "oscillation_cost": 271.32390809642993, "completition_cost": 0.0, "overshoot_cost": 59.87723973400405, "power_cost": 35.0594232421875, "noise_cost": 32.50621868971998, "n_waypoints_completed": 9, "tot_waypoints": 9}}
{"target": -517.3517585567047, "params": {"k_pid_pos": [0.7904895750759204, 0.678336321249859, 0.03506638351998981], "k_pid_alt": [1.0623733508942055, 0.731490922189198, 0.4764982430122411], "k_pid_att": [11.384393067222298, 2.5966548339740934, 0.05432995816659414], "k_pid_yaw": [0.5, 1e-06, 0.1], "k_pid_hsp": [9.022426027243132, 0.02061330221793367, 0.5228028815072545], "k_pid_vsp": [243.9373177297281, 272.82091766410514, 34.67948753102179]}, "datetime": {"datetime": "2025-08-12 08:23:36", "elapsed": 57495.46843099594, "delta": 47.276002645492554}, "costs": {"total_cost": 517.3517585567047, "time_cost": 109.851, "final_distance_cost": 1.742683621183666, "oscillation_cost": 287.2194250983985, "completition_cost": 0.0, "overshoot_cost": 61.70997005758557, "power_cost": 29.356623486328125, "noise_cost": 27.47205629320881, "n_waypoints_completed": 9, "tot_waypoints": 9}}
{"target": -865.8721043114642, "params": {"k_pid_pos": [0.007489280719316379, 0.450150490546085, 0.01992667400596293], "k_pid_alt": [0.8832142693841183, 0.7704327895102879, 0.4517955722683731], "k_pid_att": [38.239922952499285, 2.3413072877993897, 0.6966518586171434], "k_pid_yaw": [0.5, 1e-06, 0.1], "k_pid_hsp": [0.10800807570326838, 0.7894728543518879, 0.3387656208644645], "k_pid_vsp": [50.40788369549269, 302.31185379607615, 39.4268334776465]}, "datetime": {"datetime": "2025-08-12 08:24:17", "elapsed": 57536.61202406883, "delta": 41.143593072891235}, "costs": {"total_cost": 865.8721043114642, "time_cost": 150, "final_distance_cost": 65.08682954250914, "oscillation_cost": 183.69142813765114, "completition_cost": 333.33333333333337, "overshoot_cost": 65.30051507564194, "power_cost": 36.88263023681641, "noise_cost": 31.57736798551225, "n_waypoints_completed": 6, "tot_waypoints": 9}}
{"target": -260.01060105137924, "params": {"k_pid_pos": [1.150617731338825, 0.7515032256640793, 0.43400103598522655], "k_pid_alt": [1.6645948646345257, 0.41730585846540635, 0.6352082838551997], "k_pid_att": [11.61899645552511, 6.83805742801907, 0.25497366385298914], "k_pid_yaw": [0.5, 1e-06, 0.1], "k_pid_hsp": [5.434905461608467, 0.8283766142341226, 0.03358649934738811], "k_pid_vsp": [189.95028281251746, 330.450583005991, 7.683515561521524]}, "datetime": {"datetime": "2025-08-12 08:24:49", "elapsed": 57569.14250969887, "delta": 32.5304856300354}, "costs": {"total_cost": 260.01060105137924, "time_cost": 93.772, "final_distance_cost": 1.7990068455528405, "oscillation_cost": 66.10621979283638, "completition_cost": 0.0, "overshoot_cost": 51.801274762531804, "power_cost": 19.92957048339844, "noise_cost": 26.602529167059743, "n_waypoints_completed": 9, "tot_waypoints": 9}}
