{"target": -634.1812116821349, "params": {"k_pid_pos": [0.7837524225266201, 0.8617005041456812, 0.487201062764279], "k_pid_alt": [0.11079255975832814, 0.9632643995780803, 0.4642680954088756], "k_pid_att": [2.741677774393325, 7.9747093258996316, 0.3247725117059177], "k_pid_yaw": [0.5, 1e-06, 0.1], "k_pid_hsp": [1.7358438829959373, 0.18914687700236676, 0.003628665651644769], "k_pid_vsp": [304.5867722595504, 354.36422448269104, 89.39758666055081]}, "datetime": {"datetime": "2025-08-12 06:14:44", "elapsed": 49763.4587328434, "delta": 38.17028212547302}, "costs": {"total_cost": 634.1812116821349, "time_cost": 150, "final_distance_cost": 71.81516883040202, "oscillation_cost": 71.2912959270199, "completition_cost": 222.2222222222222, "overshoot_cost": 59.03978889528664, "power_cost": 30.56895017089844, "noise_cost": 29.24378563630569, "n_waypoints_completed": 7, "tot_waypoints": 9}}
{"target": -591.6290705177661, "params": {"k_pid_pos": [1.2060647495165533, 0.9994989090236475, 0.7826552523806279], "k_pid_alt": [0.7990786226179056, 0.7430585500760571, 0.21467330292188957], "k_pid_att": [25.442617924738407, 4.15522294944304, 0.150778888628043], "k_pid_yaw": [0.5, 1e-06, 0.1], "k_pid_hsp": [9.04957440506268, 0.3228010090003871, 0.41085337337598604], "k_pid_vsp": [220.45569229545828, 277.852922636157, 60.47431023787727]}, "datetime": {"datetime": "2025-08-12 06:15:28", "elapsed": 49807.5357029438, "delta": 44.07697010040283}, "costs": {"total_cost": 591.6290705177661, "time_cost": 108.36, "final_distance_cost": 1.774085400498058, "oscillation_cost": 363.07743488800963, "completition_cost": 0.0, "overshoot_cost": 58.70066045904949, "power_cost": 30.923834033203125, "noise_cost": 28.79305573700588, "n_waypoints_completed": 9, "tot_waypoints": 9}}
{"target": -766.8187617329019, "params": {"k_pid_pos": [2.0, 0.3423346359886471, 0.0], "k_pid_alt": [0.0, 0.3270571071939794, 0.0], "k_pid_att": [8.707747291919002, 4.528618014251184, 1.0], "k_pid_yaw": [0.5, 1e-06, 0.1], "k_pid_hsp": [9.56678619028439, 0.34550464743337633, 1.0], "k_pid_vsp": [279.5621986696348, 362.0461155915314, 24.56461190848559]}, "datetime": {"datetime": "2025-08-12 06:16:08", "elapsed": 49847.828684806824, "delta": 40.29298186302185}, "costs": {"total_cost": 766.8187617329019, "time_cost": 150, "final_distance_cost": 80.81467101922301, "oscillation_cost": 188.72847476374776, "completition_cost": 222.2222222222222, "overshoot_cost": 60.37039599030891, "power_cost": 32.96239716796875, "noise_cost": 31.720600569431166, "n_waypoints_completed": 7, "tot_waypoints": 9}}
{"target": -887.4311636572612, "params": {"k_pid_pos": [0.36936738736211144, 0.48270337742183533, 0.025561769132010026], "k_pid_alt": [0.685459411648979, 0.24031456393036277, 0.8496658902600317], "k_pid_att": [16.572328155024053, 3.20108838241141, 0.3084380746226303], "k_pid_yaw": [0.5, 1e-06, 0.1], "k_pid_hsp": [5.510820174816612, 0.5337163193705544, 0.725569736301844], "k_pid_vsp": [229.85171806724773, 271.54422748613615, 27.410540000994963]}, "datetime": {"datetime": "2025-08-12 06:16:54", "elapsed": 49893.62281346321, "delta": 45.79412865638733}, "costs": {"total_cost": 887.4311636572612, "time_cost": 150, "final_distance_cost": 74.07597841197052, "oscillation_cost": 332.2328695538813, "completition_cost": 222.2222222222222, "overshoot_cost": 47.04548308593358, "power_cost": 32.82922569580078, "noise_cost": 29.02538468745286, "n_waypoints_completed": 7, "tot_waypoints": 9}}
{"target": -676.7788909695274, "params": {"k_pid_pos": [1.3740815084517084, 1.0, 0.4978509204268783], "k_pid_alt": [0.5122606456230697, 0.03586151799851137, 0.0], "k_pid_att": [33.286426130785706, 4.7021340143900705, 0.23455277881618608], "k_pid_yaw": [0.5, 1e-06, 0.1], "k_pid_hsp": [6.8870860342466, 0.0, 0.0], "k_pid_vsp": [273.4811625351447, 320.5023446452844, 76.3533810245276]}, "datetime": {"datetime": "2025-08-12 06:17:31", "elapsed": 49931.31215238571, "delta": 37.68933892250061}, "costs": {"total_cost": 676.7788909695274, "time_cost": 150, "final_distance_cost": 74.42827591773974, "oscillation_cost": 123.5231333289659, "completition_cost": 222.2222222222222, "overshoot_cost": 45.8091377522099, "power_cost": 31.83677380371094, "noise_cost": 28.959347944678687, "n_waypoints_completed": 7, "tot_waypoints": 9}}
{"target": -1253.6022194180684, "params": {"k_pid_pos": [1.4954058346106303, 1.0, 1.0], "k_pid_alt": [1.3496284103893037, 0.0, 1.0], "k_pid_att": [33.49408255547037, 0.0001, 1.0], "k_pid_yaw": [0.5, 1e-06, 0.1], "k_pid_hsp": [0.0001, 0.0, 0.0], "k_pid_vsp": [116.12634310268446, 383.4400649842702, 118.13131595418551]}, "datetime": {"datetime": "2025-08-12 06:18:14", "elapsed": 49974.06563138962, "delta": 42.75347900390625}, "costs": {"total_cost": 1253.6022194180684, "time_cost": 150, "final_distance_cost": 48.97144903471445, "oscillation_cost": 0.6869334902876711, "completition_cost": 888.8888888888888, "overshoot_cost": 108.67705031738629, "power_cost": 29.399611071777347, "noise_cost": 26.978286615013804, "n_waypoints_completed": 1, "tot_waypoints": 9}}
{"target": -1274.2133225240223, "params": {"k_pid_pos": [0.47309754703075635, 0.5668719747609965, 0.4967521871926244], "k_pid_alt": [0.06219255743532659, 0.0071579734780964355, 0.41639568571377816], "k_pid_att": [36.38675633848973, 0.9198092247089298, 0.8423598873416535], "k_pid_yaw": [0.5, 1e-06, 0.1], "k_pid_hsp": [8.127936120356749, 0.062226520889160364, 0.365231301361853], "k_pid_vsp": [274.0797712571743, 315.61298185713343, 75.1891666551675]}, "datetime": {"datetime": "2025-08-12 06:18:52", "elapsed": 50011.86658859253, "delta": 37.80095720291138}, "costs": {"total_cost": 1274.2133225240223, "time_cost": 150, "final_distance_cost": 62.71647870603193, "oscillation_cost": 282.34721298127704, "completition_cost": 666.6666666666667, "overshoot_cost": 52.215408908145164, "power_cost": 32.18875001220703, "noise_cost": 28.078805249694398, "n_waypoints_completed": 3, "tot_waypoints": 9}}
{"target": -355.7873412227, "params": {"k_pid_pos": [1.9982243014422194, 0.2019160254423501, 0.887400577326235], "k_pid_alt": [1.5349955956657957, 0.6652991322462617, 0.8081919734538402], "k_pid_att": [8.159484493619495, 9.037950424225535, 0.2890457082000445], "k_pid_yaw": [0.5, 1e-06, 0.1], "k_pid_hsp": [8.054798547792775, 0.2089213757694932, 0.19442630174436748], "k_pid_vsp": [248.10641855529184, 272.6938804329639, 40.00052293602571]}, "datetime": {"datetime": "2025-08-12 06:19:26", "elapsed": 50046.32026433945, "delta": 34.453675746917725}, "costs": {"total_cost": 355.7873412227, "time_cost": 78.197, "final_distance_cost": 1.758861758343369, "oscillation_cost": 183.66471828011007, "completition_cost": 0.0, "overshoot_cost": 51.343003519991534, "power_cost": 21.37158552246094, "noise_cost": 19.452172141794055, "n_waypoints_completed": 9, "tot_waypoints": 9}}
{"target": -648.0915695739573, "params": {"k_pid_pos": [1.6172500350988657, 0.04026074395503321, 0.37020248665237165], "k_pid_alt": [0.0804652507759489, 0.3596099833104822, 0.651348080919716], "k_pid_att": [53.34229584696448, 3.3238186398112903, 0.11596929520903376], "k_pid_yaw": [0.5, 1e-06, 0.1], "k_pid_hsp": [9.52447665529323, 0.32708029179426457, 0.22650008713887226], "k_pid_vsp": [391.5437741013529, 121.27431192391144, 93.63634754205978]}, "datetime": {"datetime": "2025-08-12 06:20:01", "elapsed": 50080.391124010086, "delta": 34.07085967063904}, "costs": {"total_cost": 648.0915695739573, "time_cost": 101.906, "final_distance_cost": 1.7964735424209857, "oscillation_cost": 424.9269226978987, "completition_cost": 0.0, "overshoot_cost": 64.75872596637973, "power_cost": 29.63586583251953, "noise_cost": 25.067581534738277, "n_waypoints_completed": 9, "tot_waypoints": 9}}
{"target": -1282.8062601037382, "params": {"k_pid_pos": [0.03169862669572593, 0.4665646411281844, 0.8966067161744647], "k_pid_alt": [1.4233181837448579, 0.3184039070507807, 0.6074226269062474], "k_pid_att": [3.8463203266443258, 3.901248505248532, 0.8267123735436495], "k_pid_yaw": [0.5, 1e-06, 0.1], "k_pid_hsp": [1.321551597415448, 0.5912924348281178, 0.6556662139337385], "k_pid_vsp": [183.12966892679063, 333.20049573433647, 12.310627471409473]}, "datetime": {"datetime": "2025-08-12 06:20:46", "elapsed": 50125.56188631058, "delta": 45.17076230049133}, "costs": {"total_cost": 1282.8062601037382, "time_cost": 150, "final_distance_cost": 65.46519570904476, "oscillation_cost": 84.17736256954528, "completition_cost": 888.8888888888888, "overshoot_cost": 36.22412314932402, "power_cost": 30.316114916992188, "noise_cost": 27.73457486994327, "n_waypoints_completed": 1, "tot_waypoints": 9}}
{"target": -496.82793255325623, "params": {"k_pid_pos": [0.8877728263309881, 0.23799481769174624, 0.9387798464065276], "k_pid_alt": [0.5660537360209648, 0.2811475513640359, 0.3437160076936271], "k_pid_att": [6.714791554940858, 7.428406063842179, 0.6047355084983941], "k_pid_yaw": [0.5, 1e-06, 0.1], "k_pid_hsp": [9.326615482007282, 0.9582575638282842, 0.7077847572675051], "k_pid_vsp": [263.68342043183196, 272.2811723259784, 47.92148778466264]}, "datetime": {"datetime": "2025-08-12 06:21:24", "elapsed": 50163.85566711426, "delta": 38.29378080368042}, "costs": {"total_cost": 496.82793255325623, "time_cost": 117.012, "final_distance_cost": 1.737359441477924, "oscillation_cost": 261.58683305789754, "completition_cost": 0.0, "overshoot_cost": 59.216333917289795, "power_cost": 29.538438208007815, "noise_cost": 27.736967928583205, "n_waypoints_completed": 9, "tot_waypoints": 9}}
{"target": -970.5961340320719, "params": {"k_pid_pos": [0.3620134587489667, 0.8247992638165195, 0.7837591917283823], "k_pid_alt": [1.9238616434605698, 0.3228149187300994, 0.5688932113698731], "k_pid_att": [5.873252842873455, 5.536745510632389, 0.6401910266437002], "k_pid_yaw": [0.5, 1e-06, 0.1], "k_pid_hsp": [1.7698773506178778, 0.5252144924610833, 0.9860321497878316], "k_pid_vsp": [60.68500597615305, 353.34845958841896, 155.8844091324048]}, "datetime": {"datetime": "2025-08-12 06:22:07", "elapsed": 50206.77721309662, "delta": 42.92154598236084}, "costs": {"total_cost": 970.5961340320719, "time_cost": 150, "final_distance_cost": 43.97966047719105, "oscillation_cost": 213.24514318046454, "completition_cost": 444.4444444444444, "overshoot_cost": 55.89207200233876, "power_cost": 34.61000155029297, "noise_cost": 28.424812377340174, "n_waypoints_completed": 5, "tot_waypoints": 9}}
{"target": -335.58040680998215, "params": {"k_pid_pos": [0.7542997360283775, 0.640749072313921, 0.2848018033480264], "k_pid_alt": [1.4954063965632494, 0.6832276728822018, 0.02254764095688966], "k_pid_att": [36.95592587298273, 2.108748986438821, 0.5226914353893993], "k_pid_yaw": [0.5, 1e-06, 0.1], "k_pid_hsp": [8.01301785372791, 0.4589489991053183, 0.0337092715071885], "k_pid_vsp": [338.13569626741315, 275.2358353344716, 237.26778216984104]}, "datetime": {"datetime": "2025-08-12 06:22:44", "elapsed": 50244.34566760063, "delta": 37.56845450401306}, "costs": {"total_cost": 335.58040680998215, "time_cost": 102.22800000000001, "final_distance_cost": 1.7857458575745273, "oscillation_cost": 119.98092958332715, "completition_cost": 0.0, "overshoot_cost": 60.47063238500404, "power_cost": 26.686193603515626, "noise_cost": 24.42890538056081, "n_waypoints_completed": 9, "tot_waypoints": 9}}
{"target": -550.4387142401924, "params": {"k_pid_pos": [1.5790744072682559, 0.31172512938822416, 0.5045109063476917], "k_pid_alt": [1.879175065629776, 0.2876342778798573, 0.6824607762122623], "k_pid_att": [38.262048323686585, 6.528411411523237, 0.7480462795256815], "k_pid_yaw": [0.5, 1e-06, 0.1], "k_pid_hsp": [8.998099149434776, 0.22128952135204405, 0.7261187686470315], "k_pid_vsp": [220.02392387053033, 325.2061594586638, 16.482809292698544]}, "datetime": {"datetime": "2025-08-12 06:23:16", "elapsed": 50275.94832921028, "delta": 31.602661609649658}, "costs": {"total_cost": 550.4387142401924, "time_cost": 94.003, "final_distance_cost": 1.7848532715438798, "oscillation_cost": 352.01069813004426, "completition_cost": 0.0, "overshoot_cost": 52.97883918422118, "power_cost": 26.330351623535158, "noise_cost": 23.330972030848013, "n_waypoints_completed": 9, "tot_waypoints": 9}}
{"target": -207.01083609618854, "params": {"k_pid_pos": [2.0, 0.0, 0.0], "k_pid_alt": [2.0, 0.0, 0.0], "k_pid_att": [39.88388266190886, 9.089563323532525, 1.0], "k_pid_yaw": [0.5, 1e-06, 0.1], "k_pid_hsp": [3.7204950110508683, 0.0, 0.0], "k_pid_vsp": [119.35309506616143, 138.98989303573768, 16.96778121293686]}, "datetime": {"datetime": "2025-08-12 06:23:44", "elapsed": 50303.44932436943, "delta": 27.50099515914917}, "costs": {"total_cost": 207.01083609618854, "time_cost": 69.02, "final_distance_cost": 1.7536090114292282, "oscillation_cost": 48.42139941640679, "completition_cost": 0.0, "overshoot_cost": 50.82648406276023, "power_cost": 19.021679931640627, "noise_cost": 17.96766367395168, "n_waypoints_completed": 9, "tot_waypoints": 9}}
{"target": -282.2712929670782, "params": {"k_pid_pos": [0.7431723012208216, 0.4984099273497502, 0.08958164609234553], "k_pid_alt": [1.5970372644137545, 0.3966960236507655, 0.7588183448075898], "k_pid_att": [18.431039342531196, 1.90043265918085, 0.34030524360416614], "k_pid_yaw": [0.5, 1e-06, 0.1], "k_pid_hsp": [5.8000509065334125, 0.4385259394854294, 0.059523842878787536], "k_pid_vsp": [299.5052750682788, 316.36075901939597, 171.4032553069934]}, "datetime": {"datetime": "2025-08-12 06:24:17", "elapsed": 50336.77934598923, "delta": 33.33002161979675}, "costs": {"total_cost": 282.2712929670782, "time_cost": 94.423, "final_distance_cost": 1.7929324400606002, "oscillation_cost": 84.92223418249098, "completition_cost": 0.0, "overshoot_cost": 52.64944289136543, "power_cost": 25.603757006835938, "noise_cost": 22.8799264463252, "n_waypoints_completed": 9, "tot_waypoints": 9}}
{"target": -720.0102633018704, "params": {"k_pid_pos": [0.5619725631227671, 0.9722586417140664, 0.4001711701820514], "k_pid_alt": [1.9068440390525625, 0.23881389019398147, 0.45253891910801136], "k_pid_att": [10.30317705593018, 7.849962267059759, 0.8615055915497795], "k_pid_yaw": [0.5, 1e-06, 0.1], "k_pid_hsp": [4.2052610629997575, 0.9194841937868585, 0.9930648007981019], "k_pid_vsp": [181.74471287226464, 330.50593908841864, 17.19932601505679]}, "datetime": {"datetime": "2025-08-12 06:25:02", "elapsed": 50382.276693582535, "delta": 45.497347593307495}, "costs": {"total_cost": 720.0102633018704, "time_cost": 150, "final_distance_cost": 66.07739871243542, "oscillation_cost": 163.3945232660596, "completition_cost": 222.2222222222222, "overshoot_cost": 54.30913105898254, "power_cost": 34.025501318359375, "noise_cost": 29.981486723811205, "n_waypoints_completed": 7, "tot_waypoints": 9}}
{"target": -1312.9389195004278, "params": {"k_pid_pos": [2.0, 1.0, 0.31756772116038645], "k_pid_alt": [0.6071720137252128, 0.6411828981175778, 1.0], "k_pid_att": [91.00493494768564, 8.459146617609859, 0.22716738374752452], "k_pid_yaw": [0.5, 1e-06, 0.1], "k_pid_hsp": [4.086304520512595, 0.7432199117811489, 0.6189721367966803], "k_pid_vsp": [385.32281870069494, 373.53785960038897, 387.76110689517816]}, "datetime": {"datetime": "2025-08-12 06:25:43", "elapsed": 50423.357674598694, "delta": 41.08098101615906}, "costs": {"total_cost": 1312.9389195004278, "time_cost": 150, "final_distance_cost": 90.20309937085179, "oscillation_cost": 158.44384101737114, "completition_cost": 777.7777777777778, "overshoot_cost": 67.52884302635364, "power_cost": 38.74499494628906, "noise_cost": 30.240363361784485, "n_waypoints_completed": 2, "tot_waypoints": 9}}
{"target": -625.8400782597517, "params": {"k_pid_pos": [1.2878944394248728, 0.7833207909828094, 0.8809700807250935], "k_pid_alt": [1.9437895730993862, 0.5870884396269851, 0.9517176883882963], "k_pid_att": [33.55267892956012, 1.2582927387174268, 0.19275950496651195], "k_pid_yaw": [0.5, 1e-06, 0.1], "k_pid_hsp": [9.743007202988698, 0.491234449979435, 0.5620877728705397], "k_pid_vsp": [269.9327091764109, 301.2976620931119, 76.99860498387325]}, "datetime": {"datetime": "2025-08-12 06:26:19", "elapsed": 50459.355432748795, "delta": 35.99775815010071}, "costs": {"total_cost": 625.8400782597517, "time_cost": 106.897, "final_distance_cost": 1.7765121161292874, "oscillation_cost": 404.43150535679285, "completition_cost": 0.0, "overshoot_cost": 55.55786268624972, "power_cost": 30.735249523925784, "noise_cost": 26.44194857665418, "n_waypoints_completed": 9, "tot_waypoints": 9}}
{"target": -1486.516186677538, "params": {"k_pid_pos": [0.007243027694245359, 0.751739107798677, 0.8829991204242568], "k_pid_alt": [1.9283663828755806, 0.12014937804510517, 0.5501639052208993], "k_pid_att": [87.84581524528967, 8.910051931451497, 0.31121814925395586], "k_pid_yaw": [0.5, 1e-06, 0.1], "k_pid_hsp": [9.32650561945718, 0.773594311437646, 0.914413106460166], "k_pid_vsp": [172.08601092405772, 119.53116139693383, 19.251518828029738]}, "datetime": {"datetime": "2025-08-12 06:27:07", "elapsed": 50506.60489177704, "delta": 47.24945902824402}, "costs": {"total_cost": 1486.516186677538, "time_cost": 150, "final_distance_cost": 48.76230638745077, "oscillation_cost": 607.5181173873775, "completition_cost": 555.5555555555555, "overshoot_cost": 60.95238015654302, "power_cost": 35.318586535644535, "noise_cost": 28.409240654966435, "n_waypoints_completed": 4, "tot_waypoints": 9}}
{"target": -2425.396929405798, "params": {"k_pid_pos": [0.3746653984808156, 0.06477110800094577, 0.9129647883514138], "k_pid_alt": [1.5557369474398541, 0.5296330346939951, 0.6726307170032018], "k_pid_att": [0.769386795180893, 6.014686851861886, 0.03833066900116844], "k_pid_yaw": [0.5, 1e-06, 0.1], "k_pid_hsp": [6.328757332446611, 0.8373639213795875, 0.10591667495545065], "k_pid_vsp": [240.38165584389634, 267.6029899116213, 18.337937033166625]}, "datetime": {"datetime": "2025-08-12 06:27:47", "elapsed": 50546.582498312, "delta": 39.977606534957886}, "costs": {"total_cost": 2425.396929405798, "time_cost": 150, "final_distance_cost": 3.501251080468723, "oscillation_cost": 893.7799999783196, "completition_cost": 1000.0, "overshoot_cost": 159.09965013622565, "power_cost": 58.64883236083985, "noise_cost": 160.36719584994415, "n_waypoints_completed": 0, "tot_waypoints": 9}}
{"target": -1244.494761474576, "params": {"k_pid_pos": [0.8585809090794188, 0.8252419219907721, 0.5951994388409885], "k_pid_alt": [0.4791362421553531, 0.9552839274940345, 0.5890176985537082], "k_pid_att": [47.279178244338894, 8.949600008820802, 0.04489641360912089], "k_pid_yaw": [0.5, 1e-06, 0.1], "k_pid_hsp": [7.29777633565539, 0.03931836696130153, 0.8705086479980231], "k_pid_vsp": [215.0980409567162, 223.6312715031321, 126.47737088615273]}, "datetime": {"datetime": "2025-08-12 06:28:32", "elapsed": 50591.96250629425, "delta": 45.38000798225403}, "costs": {"total_cost": 1244.494761474576, "time_cost": 150, "final_distance_cost": 56.354650132852676, "oscillation_cost": 468.0383260770874, "completition_cost": 444.4444444444444, "overshoot_cost": 60.65893257458408, "power_cost": 34.98086802978516, "noise_cost": 30.0175402158224, "n_waypoints_completed": 5, "tot_waypoints": 9}}
{"target": -209.91291697611064, "params": {"k_pid_pos": [2.0, 0.15423772878694178, 0.3152147946744407], "k_pid_alt": [1.4456478465139437, 0.01366578844798534, 0.5162056362818925], "k_pid_att": [10.515494637647453, 5.879361393051846, 0.9829068429957424], "k_pid_yaw": [0.5, 1e-06, 0.1], "k_pid_hsp": [7.2355378338814385, 0.3893505195883492, 0.0], "k_pid_vsp": [240.3529577044611, 270.71557494304614, 31.68226295722358]}, "datetime": {"datetime": "2025-08-12 06:28:57", "elapsed": 50617.138964891434, "delta": 25.176458597183228}, "costs": {"total_cost": 209.91291697611064, "time_cost": 68.502, "final_distance_cost": 1.7670606744417994, "oscillation_cost": 53.46455190794545, "completition_cost": 0.0, "overshoot_cost": 49.9054866309044, "power_cost": 18.684163134765626, "noise_cost": 17.589654628053395, "n_waypoints_completed": 9, "tot_waypoints": 9}}
{"target": -786.1633669706519, "params": {"k_pid_pos": [1.2301650867054135, 0.6894126868957351, 0.9804710830374244], "k_pid_alt": [0.14533357565682636, 0.16012635838093936, 0.3621587038017403], "k_pid_att": [8.603794094832507, 2.256071160988451, 0.9736153717216521], "k_pid_yaw": [0.5, 1e-06, 0.1], "k_pid_hsp": [0.11715315330714222, 0.9907370023281677, 0.022648518027276077], "k_pid_vsp": [247.27701248709283, 271.31694238790226, 21.819183848515483]}, "datetime": {"datetime": "2025-08-12 06:29:34", "elapsed": 50654.28766489029, "delta": 37.14869999885559}, "costs": {"total_cost": 786.1633669706519, "time_cost": 150, "final_distance_cost": 68.86398238941189, "oscillation_cost": 120.2193596017496, "completition_cost": 333.33333333333337, "overshoot_cost": 46.689101696434264, "power_cost": 34.88657939453125, "noise_cost": 32.17101055519137, "n_waypoints_completed": 6, "tot_waypoints": 9}}
{"target": -759.4915466369457, "params": {"k_pid_pos": [0.5129867060009292, 0.8535182840122104, 0.5414436567027945], "k_pid_alt": [1.1307045917154945, 0.5991918673975332, 0.06120010534610287], "k_pid_att": [8.00037077110617, 4.858543740693919, 0.3041617194875176], "k_pid_yaw": [0.5, 1e-06, 0.1], "k_pid_hsp": [2.4797217087255476, 0.5850424381564345, 0.5877462194446899], "k_pid_vsp": [240.88001242351135, 262.8817490158068, 12.97555472253797]}, "datetime": {"datetime": "2025-08-12 06:30:21", "elapsed": 50700.64264750481, "delta": 46.35498261451721}, "costs": {"total_cost": 759.4915466369457, "time_cost": 150, "final_distance_cost": 60.847838067569754, "oscillation_cost": 208.50443074911172, "completition_cost": 222.2222222222222, "overshoot_cost": 54.54614381722585, "power_cost": 32.61327541503906, "noise_cost": 30.757636365777216, "n_waypoints_completed": 7, "tot_waypoints": 9}}
