{"target": -286.4012810485465, "params": {"k_pid_pos": [2.0, 0.0, 0.0], "k_pid_alt": [2.0, 1.0, 1.0], "k_pid_att": [23.228556692734536, 7.883792396579959, 0.0], "k_pid_yaw": [0.5, 1e-06, 0.1], "k_pid_hsp": [4.476658796312834, 0.0, 0.0], "k_pid_vsp": [80.32638599533564, 211.2788872928406, 43.198116426335105]}, "datetime": {"datetime": "2025-08-12 03:25:08", "elapsed": 39587.60459136963, "delta": 27.856910705566406}, "costs": {"total_cost": 286.4012810485465, "time_cost": 85.911, "final_distance_cost": 1.8040780337071471, "oscillation_cost": 99.09556710361544, "completition_cost": 0.0, "overshoot_cost": 54.41227277921634, "power_cost": 23.46580565185547, "noise_cost": 21.71255748015207, "n_waypoints_completed": 9, "tot_waypoints": 9}}
{"target": -251.1848751216848, "params": {"k_pid_pos": [1.7549005826074133, 1.0, 1.0], "k_pid_alt": [2.0, 0.41554594220517715, 1.0], "k_pid_att": [29.060629422434623, 0.0001, 1.0], "k_pid_yaw": [0.5, 1e-06, 0.1], "k_pid_hsp": [3.39885142720062, 0.6257211847922279, 0.0], "k_pid_vsp": [218.52676470761932, 333.04317902795617, 136.14969704517682]}, "datetime": {"datetime": "2025-08-12 03:25:44", "elapsed": 39623.963277339935, "delta": 36.3586859703064}, "costs": {"total_cost": 251.1848751216848, "time_cost": 99.554, "final_distance_cost": 1.8048990597837127, "oscillation_cost": 45.29632145375072, "completition_cost": 0.0, "overshoot_cost": 55.03529760372907, "power_cost": 26.54953121337891, "noise_cost": 22.944825791042387, "n_waypoints_completed": 9, "tot_waypoints": 9}}
{"target": -755.7521931578386, "params": {"k_pid_pos": [1.7139179332890544, 0.8325658243571723, 0.5514370035070996], "k_pid_alt": [0.5346216438337665, 0.6658262776559336, 0.3964817982487079], "k_pid_att": [44.28452290408694, 1.002141196685899, 0.5295022789280943], "k_pid_yaw": [0.5, 1e-06, 0.1], "k_pid_hsp": [3.670554791406781, 0.6736898947874466, 0.7551878609299979], "k_pid_vsp": [177.08386127678034, 304.6850954468709, 138.91201065171788]}, "datetime": {"datetime": "2025-08-12 03:26:23", "elapsed": 39663.321362257004, "delta": 39.35808491706848}, "costs": {"total_cost": 755.7521931578386, "time_cost": 150, "final_distance_cost": 76.84818616040155, "oscillation_cost": 179.24077859896957, "completition_cost": 222.2222222222222, "overshoot_cost": 58.73635390194752, "power_cost": 37.2543379272461, "noise_cost": 31.45031434705174, "n_waypoints_completed": 7, "tot_waypoints": 9}}
{"target": -426.11589761772734, "params": {"k_pid_pos": [1.9760796809165209, 0.7001924825247349, 0.08172234145586399], "k_pid_alt": [1.4307044173719254, 0.398361044623339, 0.9835289589801094], "k_pid_att": [33.41652834616463, 4.87555478502734, 0.7293536629490361], "k_pid_yaw": [0.5, 1e-06, 0.1], "k_pid_hsp": [1.873816750200275, 0.37284111793667174, 0.31224915525959795], "k_pid_vsp": [52.858608803097695, 299.5145690389984, 39.354131290771676]}, "datetime": {"datetime": "2025-08-12 03:27:03", "elapsed": 39703.056072711945, "delta": 39.734710454940796}, "costs": {"total_cost": 426.11589761772734, "time_cost": 115.276, "final_distance_cost": 1.7477942606492556, "oscillation_cost": 166.83133915175463, "completition_cost": 0.0, "overshoot_cost": 78.01913397292012, "power_cost": 34.36969879150391, "noise_cost": 29.87193144089942, "n_waypoints_completed": 9, "tot_waypoints": 9}}
{"target": -850.7594756339977, "params": {"k_pid_pos": [0.24134146474791673, 0.5935772259283334, 0.42519750784606314], "k_pid_alt": [1.9395690869632185, 0.701962662241137, 0.08267433763986964], "k_pid_att": [39.006200993275776, 0.3275658271600526, 0.2285098423122659], "k_pid_yaw": [0.5, 1e-06, 0.1], "k_pid_hsp": [3.0566757617332327, 0.10965569851493173, 0.971443788073473], "k_pid_vsp": [62.9287905790084, 365.59825881799986, 90.10334247655626]}, "datetime": {"datetime": "2025-08-12 03:27:39", "elapsed": 39738.62204813957, "delta": 35.56597542762756}, "costs": {"total_cost": 850.7594756339977, "time_cost": 150, "final_distance_cost": 59.76103003707077, "oscillation_cost": 388.6628084600278, "completition_cost": 111.11111111111116, "overshoot_cost": 76.07601045726884, "power_cost": 35.855316796875, "noise_cost": 29.293198771644086, "n_waypoints_completed": 8, "tot_waypoints": 9}}
{"target": -2163.9363708549276, "params": {"k_pid_pos": [0.15210208777815165, 0.46307073934755894, 0.16526147969482585], "k_pid_alt": [1.7942879150446958, 0.21846687045407576, 0.1886644176365606], "k_pid_att": [0.7869188197517696, 8.26790786247697, 0.561171582539831], "k_pid_yaw": [0.5, 1e-06, 0.1], "k_pid_hsp": [9.756571444189797, 0.6179791434125413, 0.00726222301958368], "k_pid_vsp": [196.30931498825723, 327.1017946001543, 15.358371769530864]}, "datetime": {"datetime": "2025-08-12 03:28:20", "elapsed": 39779.54396677017, "delta": 40.921918630599976}, "costs": {"total_cost": 2163.9363708549276, "time_cost": 150, "final_distance_cost": 9.186307101152405, "oscillation_cost": 606.641212702214, "completition_cost": 1000.0, "overshoot_cost": 173.7038771076189, "power_cost": 58.69121693115235, "noise_cost": 165.7137570127898, "n_waypoints_completed": 0, "tot_waypoints": 9}}
{"target": -281.62302102605025, "params": {"k_pid_pos": [2.0, 1.0, 1.0], "k_pid_alt": [1.4095637739583964, 1.0, 0.0], "k_pid_att": [15.297890758773999, 2.964663782506431, 1.0], "k_pid_yaw": [0.5, 1e-06, 0.1], "k_pid_hsp": [9.000780894366343, 0.0, 0.0], "k_pid_vsp": [290.0345838996426, 349.85328348855603, 92.4332481246019]}, "datetime": {"datetime": "2025-08-12 03:28:50", "elapsed": 39810.348617076874, "delta": 30.80465030670166}, "costs": {"total_cost": 281.62302102605025, "time_cost": 99.33, "final_distance_cost": 1.782689994925226, "oscillation_cost": 71.70348785676093, "completition_cost": 0.0, "overshoot_cost": 57.61931139492146, "power_cost": 26.187435058593753, "noise_cost": 25.000096720848884, "n_waypoints_completed": 9, "tot_waypoints": 9}}
{"target": -356.2381434239402, "params": {"k_pid_pos": [0.8341524198687494, 0.40998234339748074, 0.16951932793337265], "k_pid_alt": [0.5218164065778808, 0.0631693634888334, 0.0260149087734598], "k_pid_att": [5.5212529502060566, 6.490763566112168, 0.8007295517430167], "k_pid_yaw": [0.5, 1e-06, 0.1], "k_pid_hsp": [2.6521984358772768, 0.8992024526092395, 0.4658801221826272], "k_pid_vsp": [241.06820158649617, 262.6880564645069, 17.5637180288882]}, "datetime": {"datetime": "2025-08-12 03:29:26", "elapsed": 39845.40078949928, "delta": 35.05217242240906}, "costs": {"total_cost": 356.2381434239402, "time_cost": 107.387, "final_distance_cost": 1.7445055648676249, "oscillation_cost": 136.73891759086223, "completition_cost": 0.0, "overshoot_cost": 55.4490681449501, "power_cost": 28.640318029785156, "noise_cost": 26.2783340934751, "n_waypoints_completed": 9, "tot_waypoints": 9}}
{"target": -1566.211984183684, "params": {"k_pid_pos": [1.9776635871631019, 0.5841235743698586, 0.8994394117821519], "k_pid_alt": [0.6342392934151697, 0.935105356491708, 0.1777112317202837], "k_pid_att": [41.7114170069375, 6.16979097750208, 0.16816802600877845], "k_pid_yaw": [0.5, 1e-06, 0.1], "k_pid_hsp": [1.0541496785431537, 0.3199257294945902, 0.8911131372823956], "k_pid_vsp": [179.52814174217337, 304.14757776485936, 151.09385422543033]}, "datetime": {"datetime": "2025-08-12 03:30:03", "elapsed": 39882.84733629227, "delta": 37.44654679298401}, "costs": {"total_cost": 1566.211984183684, "time_cost": 150, "final_distance_cost": 70.24633935406595, "oscillation_cost": 320.2464225551487, "completition_cost": 888.8888888888888, "overshoot_cost": 70.57162975223953, "power_cost": 37.171563244628906, "noise_cost": 29.08714038871218, "n_waypoints_completed": 1, "tot_waypoints": 9}}
{"target": -603.0738736979386, "params": {"k_pid_pos": [1.6802210320049698, 0.46332634428435027, 0.7823455752009091], "k_pid_alt": [0.2054344763830005, 0.5295783187491523, 0.9885939782858711], "k_pid_att": [35.34962711785933, 6.636217847647416, 0.9715299903348588], "k_pid_yaw": [0.5, 1e-06, 0.1], "k_pid_hsp": [7.445607448778427, 0.031430775848442116, 0.18660681299978543], "k_pid_vsp": [226.34753974965355, 322.88636088833107, 11.75379660942798]}, "datetime": {"datetime": "2025-08-12 03:30:41", "elapsed": 39921.06499552727, "delta": 38.21765923500061}, "costs": {"total_cost": 603.0738736979386, "time_cost": 111.503, "final_distance_cost": 1.7796098776514313, "oscillation_cost": 367.03010041398676, "completition_cost": 0.0, "overshoot_cost": 63.272147860680846, "power_cost": 31.60006442871094, "noise_cost": 27.888951116908505, "n_waypoints_completed": 9, "tot_waypoints": 9}}
{"target": -996.4246056883923, "params": {"k_pid_pos": [0.4219228160794673, 0.62781442583883, 0.6579820653716382], "k_pid_alt": [0.8280179269349719, 0.8322667042418853, 0.5853154144635444], "k_pid_att": [17.005054520668704, 4.673907861849721, 0.6103183665471386], "k_pid_yaw": [0.5, 1e-06, 0.1], "k_pid_hsp": [1.065298320639633, 0.6595574363377404, 0.15515292407954784], "k_pid_vsp": [307.65790417518036, 312.8162875506696, 167.6557028295938]}, "datetime": {"datetime": "2025-08-12 03:31:19", "elapsed": 39959.20140719414, "delta": 38.13641166687012}, "costs": {"total_cost": 996.4246056883923, "time_cost": 150, "final_distance_cost": 77.26424730257655, "oscillation_cost": 323.52064000212636, "completition_cost": 333.33333333333337, "overshoot_cost": 50.6460026247058, "power_cost": 32.30995672607422, "noise_cost": 29.350425699575858, "n_waypoints_completed": 6, "tot_waypoints": 9}}
{"target": -967.2292125568708, "params": {"k_pid_pos": [1.4449747574783138, 0.6573451114918454, 0.021002470053179567], "k_pid_alt": [0.19325074650977192, 0.4266691152131953, 0.9694253815109718], "k_pid_att": [8.005010636111475, 0.7574598060941626, 0.6829729477203348], "k_pid_yaw": [0.5, 1e-06, 0.1], "k_pid_hsp": [2.0816433029806976, 0.5835088784114052, 0.05850404034162615], "k_pid_vsp": [315.74903313295783, 381.7704286736939, 243.8182957421754]}, "datetime": {"datetime": "2025-08-12 03:31:56", "elapsed": 39995.66745471954, "delta": 36.466047525405884}, "costs": {"total_cost": 967.2292125568708, "time_cost": 150, "final_distance_cost": 39.39105168574589, "oscillation_cost": 96.9995381493738, "completition_cost": 555.5555555555555, "overshoot_cost": 58.82679245825885, "power_cost": 35.81844293212891, "noise_cost": 30.637831775807808, "n_waypoints_completed": 4, "tot_waypoints": 9}}
{"target": -995.574569405765, "params": {"k_pid_pos": [0.3451572660562909, 0.24755097284280325, 0.5237425581817444], "k_pid_alt": [0.6628352033307205, 0.05991509040536691, 0.39331156796024314], "k_pid_att": [54.38036331524268, 2.8616349207404874, 0.8072722536953114], "k_pid_yaw": [0.5, 1e-06, 0.1], "k_pid_hsp": [0.20067792862479789, 0.011056926082078977, 0.1440961352831841], "k_pid_vsp": [111.18461636055797, 93.57009928237873, 52.087862333844555]}, "datetime": {"datetime": "2025-08-12 03:32:35", "elapsed": 40035.05184531212, "delta": 39.38439059257507}, "costs": {"total_cost": 995.574569405765, "time_cost": 150, "final_distance_cost": 72.53767708958318, "oscillation_cost": 434.50893749834955, "completition_cost": 222.2222222222222, "overshoot_cost": 53.453228454672235, "power_cost": 34.501833154296875, "noise_cost": 28.350670986641074, "n_waypoints_completed": 7, "tot_waypoints": 9}}
{"target": -771.8130043731708, "params": {"k_pid_pos": [0.1943064253446971, 0.8975648652558536, 0.295756507320188], "k_pid_alt": [0.6416025409254056, 0.009327089705149949, 0.5357983990877477], "k_pid_att": [30.434627623528577, 5.903869945361611, 0.9317295705353094], "k_pid_yaw": [0.5, 1e-06, 0.1], "k_pid_hsp": [3.0983799729927197, 0.7449957544943756, 0.6008556734876185], "k_pid_vsp": [268.512427481721, 316.9377560216602, 80.49076174564438]}, "datetime": {"datetime": "2025-08-12 03:33:14", "elapsed": 40073.523644924164, "delta": 38.47179961204529}, "costs": {"total_cost": 771.8130043731708, "time_cost": 150, "final_distance_cost": 77.15498990157678, "oscillation_cost": 189.2663502286028, "completition_cost": 222.2222222222222, "overshoot_cost": 68.15752783509426, "power_cost": 35.791773669433596, "noise_cost": 29.220140516241138, "n_waypoints_completed": 7, "tot_waypoints": 9}}
{"target": -1073.7337012572912, "params": {"k_pid_pos": [0.6152232197617783, 0.5397065118354343, 0.39629232905590017], "k_pid_alt": [0.7111533179406686, 0.6896724417595984, 0.3411216856156608], "k_pid_att": [89.48442230271671, 9.032475286750314, 0.1040391187176476], "k_pid_yaw": [0.5, 1e-06, 0.1], "k_pid_hsp": [1.4763545409785535, 0.6750147279752978, 0.3451250468575434], "k_pid_vsp": [165.75609651267604, 126.599340002589, 12.095184276166375]}, "datetime": {"datetime": "2025-08-12 03:33:53", "elapsed": 40112.969163656235, "delta": 39.44551873207092}, "costs": {"total_cost": 1073.7337012572912, "time_cost": 150, "final_distance_cost": 73.92561594083006, "oscillation_cost": 394.1757689233939, "completition_cost": 333.33333333333337, "overshoot_cost": 56.10440583673145, "power_cost": 34.08746640625, "noise_cost": 32.10711081675235, "n_waypoints_completed": 6, "tot_waypoints": 9}}
{"target": -518.9330293401101, "params": {"k_pid_pos": [1.4250729837566798, 0.6252608325127835, 0.2972579817755303], "k_pid_alt": [1.7664573962470245, 0.6661273463607745, 0.5479719080549103], "k_pid_att": [31.303104203923017, 5.48495052688013, 0.5444841377500941], "k_pid_yaw": [0.5, 1e-06, 0.1], "k_pid_hsp": [7.050443398836927, 0.7562798322337742, 0.3919425734907598], "k_pid_vsp": [224.96030422431645, 325.3239604102307, 24.406525922346443]}, "datetime": {"datetime": "2025-08-12 03:34:29", "elapsed": 40148.54958629608, "delta": 35.5804226398468}, "costs": {"total_cost": 518.9330293401101, "time_cost": 98.756, "final_distance_cost": 1.7708458229015809, "oscillation_cost": 307.8391730081169, "completition_cost": 0.0, "overshoot_cost": 56.32171925588012, "power_cost": 28.920212109375, "noise_cost": 25.325079143836497, "n_waypoints_completed": 9, "tot_waypoints": 9}}
{"target": -1343.595957562588, "params": {"k_pid_pos": [0.00255316579329442, 0.24837197589013704, 0.13110773260512287], "k_pid_alt": [1.6018402506217995, 0.9439512873261957, 0.9731309398653801], "k_pid_att": [51.812838127711004, 7.612925770301171, 0.7967954947744234], "k_pid_yaw": [0.5, 1e-06, 0.1], "k_pid_hsp": [1.2592176561231962, 0.8090013575982602, 0.8218857402867911], "k_pid_vsp": [127.57786279103662, 102.42851734781839, 51.931709000994964]}, "datetime": {"datetime": "2025-08-12 03:35:06", "elapsed": 40186.3715031147, "delta": 37.821916818618774}, "costs": {"total_cost": 1343.595957562588, "time_cost": 150, "final_distance_cost": 53.30919581782014, "oscillation_cost": 318.433450546217, "completition_cost": 666.6666666666667, "overshoot_cost": 92.52099053916248, "power_cost": 33.26209128417969, "noise_cost": 29.40356270854193, "n_waypoints_completed": 3, "tot_waypoints": 9}}
{"target": -577.6377681502076, "params": {"k_pid_pos": [2.0, 0.6076968670578837, 0.3995140972967273], "k_pid_alt": [1.2180108000744723, 0.8726887648332331, 0.5143378396199706], "k_pid_att": [88.35081334121725, 10.0, 1.0], "k_pid_yaw": [0.5, 1e-06, 0.1], "k_pid_hsp": [5.5577913978143965, 0.0, 0.4460200539840773], "k_pid_vsp": [287.12188445525203, 294.05724659365893, 367.7388842895452]}, "datetime": {"datetime": "2025-08-12 03:35:45", "elapsed": 40224.60946393013, "delta": 38.23796081542969}, "costs": {"total_cost": 577.6377681502076, "time_cost": 109.94200000000001, "final_distance_cost": 1.7536692723082712, "oscillation_cost": 329.5770775629184, "completition_cost": 0.0, "overshoot_cost": 74.18423929346868, "power_cost": 33.63094215087891, "noise_cost": 28.549839870633427, "n_waypoints_completed": 9, "tot_waypoints": 9}}
{"target": -668.8937801521537, "params": {"k_pid_pos": [1.2933361145214848, 0.978562082521641, 0.6343816616437278], "k_pid_alt": [1.290964296710424, 0.9000223957015383, 0.559135201068648], "k_pid_att": [22.728345844061437, 0.2430599436734279, 0.6488824979946507], "k_pid_yaw": [0.5, 1e-06, 0.1], "k_pid_hsp": [4.1294885165342965, 0.6059358318589151, 0.8008586416862703], "k_pid_vsp": [223.15867449253562, 36.20974448385906, 31.59374349534872]}, "datetime": {"datetime": "2025-08-12 03:36:24", "elapsed": 40263.6463060379, "delta": 39.03684210777283}, "costs": {"total_cost": 668.8937801521537, "time_cost": 150, "final_distance_cost": 61.26439988618018, "oscillation_cost": 223.00024824001156, "completition_cost": 111.11111111111116, "overshoot_cost": 58.93469864411639, "power_cost": 34.84624954833985, "noise_cost": 29.73707272239455, "n_waypoints_completed": 8, "tot_waypoints": 9}}
{"target": -357.08974575857013, "params": {"k_pid_pos": [2.0, 0.0, 0.0], "k_pid_alt": [2.0, 0.0, 1.0], "k_pid_att": [54.38219057500934, 1.6263439611146546, 0.0], "k_pid_yaw": [0.5, 1e-06, 0.1], "k_pid_hsp": [6.610347482046447, 0.7058365788558673, 1.0], "k_pid_vsp": [204.07074644209737, 226.74900296235845, 122.16597069140829]}, "datetime": {"datetime": "2025-08-12 03:36:48", "elapsed": 40288.06411361694, "delta": 24.417807579040527}, "costs": {"total_cost": 357.08974575857013, "time_cost": 72.107, "final_distance_cost": 1.800903669097288, "oscillation_cost": 189.77732769622702, "completition_cost": 0.0, "overshoot_cost": 53.32491849692697, "power_cost": 21.914767919921875, "noise_cost": 18.164827976396996, "n_waypoints_completed": 9, "tot_waypoints": 9}}
{"target": -479.8417681859901, "params": {"k_pid_pos": [2.0, 0.0, 0.0], "k_pid_alt": [2.0, 0.1665786289129051, 0.993910514888603], "k_pid_att": [29.009072395299764, 1.6493427524095674, 1.0], "k_pid_yaw": [0.5, 1e-06, 0.1], "k_pid_hsp": [7.852899069174969, 0.0, 1.0], "k_pid_vsp": [233.99710746054635, 324.731357558354, 22.221520549052833]}, "datetime": {"datetime": "2025-08-12 03:37:23", "elapsed": 40322.87868452072, "delta": 34.814570903778076}, "costs": {"total_cost": 479.8417681859901, "time_cost": 99.34400000000001, "final_distance_cost": 1.7646099018007242, "oscillation_cost": 270.9470729261888, "completition_cost": 0.0, "overshoot_cost": 53.60739002919538, "power_cost": 28.887528930664065, "noise_cost": 25.29116639814112, "n_waypoints_completed": 9, "tot_waypoints": 9}}
{"target": -706.2398034162657, "params": {"k_pid_pos": [1.637997129953041, 1.0, 0.24460626308514274], "k_pid_alt": [2.0, 1.0, 0.0], "k_pid_att": [56.05898735095269, 5.637810346540274, 0.10556377183999638], "k_pid_yaw": [0.5, 1e-06, 0.1], "k_pid_hsp": [6.943563391859732, 0.0, 0.6940673395862739], "k_pid_vsp": [204.0497158514477, 224.5184058378918, 122.32253803828117]}, "datetime": {"datetime": "2025-08-12 03:38:03", "elapsed": 40362.59869527817, "delta": 39.72001075744629}, "costs": {"total_cost": 706.2398034162657, "time_cost": 150, "final_distance_cost": 57.19973123298461, "oscillation_cost": 241.86576008640338, "completition_cost": 111.11111111111116, "overshoot_cost": 77.31268868465499, "power_cost": 37.4959910522461, "noise_cost": 31.25452124886532, "n_waypoints_completed": 8, "tot_waypoints": 9}}
{"target": -279.69843954662974, "params": {"k_pid_pos": [2.0, 0.6259295165862795, 0.6706514936293314], "k_pid_alt": [2.0, 0.0, 0.0], "k_pid_att": [40.91469160898677, 7.108821170561804, 1.0], "k_pid_yaw": [0.5, 1e-06, 0.1], "k_pid_hsp": [8.849031717709689, 1.0, 0.050301412955480816], "k_pid_vsp": [228.14913157645378, 20.281282054244173, 35.19880772152382]}, "datetime": {"datetime": "2025-08-12 03:38:30", "elapsed": 40389.94293761253, "delta": 27.344242334365845}, "costs": {"total_cost": 279.69843954662974, "time_cost": 80.913, "final_distance_cost": 1.746589031377339, "oscillation_cost": 100.85029027409455, "completition_cost": 0.0, "overshoot_cost": 53.00064269231841, "power_cost": 22.569783935546877, "noise_cost": 20.61813361329256, "n_waypoints_completed": 9, "tot_waypoints": 9}}
{"target": -483.1029200900049, "params": {"k_pid_pos": [1.8676522790169763, 0.11071135443698588, 0.018741202025782444], "k_pid_alt": [1.2551495151003984, 0.5387689732784132, 0.9154031718814227], "k_pid_att": [35.27816100940919, 0.4002917043470076, 0.6173305990403883], "k_pid_yaw": [0.5, 1e-06, 0.1], "k_pid_hsp": [5.311898440383783, 0.998125430695883, 0.5502842790021114], "k_pid_vsp": [333.69953418987785, 291.34898328629544, 229.7971622603102]}, "datetime": {"datetime": "2025-08-12 03:39:01", "elapsed": 40420.629457473755, "delta": 30.686519861221313}, "costs": {"total_cost": 483.1029200900049, "time_cost": 99.169, "final_distance_cost": 1.8051428588354808, "oscillation_cost": 267.6922968086371, "completition_cost": 0.0, "overshoot_cost": 59.4123813920767, "power_cost": 29.457178356933596, "noise_cost": 25.566920673522024, "n_waypoints_completed": 9, "tot_waypoints": 9}}
{"target": -1026.4941831751478, "params": {"k_pid_pos": [0.07508337803090018, 0.6924635064339256, 0.10972172567083438], "k_pid_alt": [0.45412375986029163, 0.8290144863052549, 0.09603217234431893], "k_pid_att": [4.110519504242172, 6.435089326972157, 0.9812528401222785], "k_pid_yaw": [0.5, 1e-06, 0.1], "k_pid_hsp": [0.29429082383941546, 0.36795836951173744, 0.04030549488505575], "k_pid_vsp": [244.94146651626795, 264.91611271674014, 21.87687922697987]}, "datetime": {"datetime": "2025-08-12 03:39:40", "elapsed": 40460.307846069336, "delta": 39.678388595581055}, "costs": {"total_cost": 1026.4941831751478, "time_cost": 150, "final_distance_cost": 33.06963920777173, "oscillation_cost": 160.75000645813077, "completition_cost": 555.5555555555555, "overshoot_cost": 58.52176726091822, "power_cost": 35.788469494628906, "noise_cost": 32.80874519814278, "n_waypoints_completed": 4, "tot_waypoints": 9}}
