{"target": -398.54588776957905, "params": {"k_pid_pos": [1.4590056618544855, 0.06285576325512388, 0.5995100929233765], "k_pid_alt": [0.846938282605437, 0.3886781118321957, 0.6741995956351945], "k_pid_att": [50.527856335295866, 4.078952527333911, 0.9973310073637615], "k_pid_yaw": [0.5, 1e-06, 0.1], "k_pid_hsp": [7.750081249847265, 0.7303024625534894, 0.9967610959281507], "k_pid_vsp": [129.95927214269022, 96.17019509288383, 56.39475178360764]}, "datetime": {"datetime": "2025-08-11 23:57:15", "elapsed": 27114.783351182938, "delta": 23.98398232460022}, "costs": {"total_cost": 398.54588776957905, "time_cost": 81.914, "final_distance_cost": 1.7556738607693618, "oscillation_cost": 216.50829295580087, "completition_cost": 0.0, "overshoot_cost": 53.99362598626291, "power_cost": 24.234050939941408, "noise_cost": 20.140244026804446, "n_waypoints_completed": 9, "tot_waypoints": 9}}
{"target": -261.641372875828, "params": {"k_pid_pos": [2.0, 0.5095467953377659, 1.0], "k_pid_alt": [2.0, 0.0, 1.0], "k_pid_att": [30.18813718251437, 0.0001, 0.43287645430296234], "k_pid_yaw": [0.5, 1e-06, 0.1], "k_pid_hsp": [5.110348959967379, 1.0, 0.0], "k_pid_vsp": [227.13561818761974, 24.416464748910993, 39.05884296114124]}, "datetime": {"datetime": "2025-08-11 23:57:41", "elapsed": 27141.236644744873, "delta": 26.453293561935425}, "costs": {"total_cost": 261.641372875828, "time_cost": 72.31, "final_distance_cost": 1.787218079291802, "oscillation_cost": 99.03340185383972, "completition_cost": 0.0, "overshoot_cost": 50.659351926284565, "power_cost": 19.537864526367187, "noise_cost": 18.313536490044743, "n_waypoints_completed": 9, "tot_waypoints": 9}}
{"target": -1041.6273953721934, "params": {"k_pid_pos": [0.27487302139160164, 0.9424693363063994, 0.819058774915338], "k_pid_alt": [1.1988287272938258, 0.8094780725519506, 0.3869044415393921], "k_pid_att": [43.88230561408337, 5.8106447213621015, 0.4620276195933787], "k_pid_yaw": [0.5, 1e-06, 0.1], "k_pid_hsp": [8.191669577951835, 0.38805234002030775, 0.07662260501715923], "k_pid_vsp": [192.89146782150968, 305.3136835281239, 137.11651510295442]}, "datetime": {"datetime": "2025-08-11 23:58:16", "elapsed": 27175.933433532715, "delta": 34.6967887878418}, "costs": {"total_cost": 1041.6273953721934, "time_cost": 150, "final_distance_cost": 55.637781631052334, "oscillation_cost": 392.64917433964627, "completition_cost": 333.33333333333337, "overshoot_cost": 46.34584945295068, "power_cost": 34.06757020263672, "noise_cost": 29.593686412573973, "n_waypoints_completed": 6, "tot_waypoints": 9}}
{"target": -473.0014633850635, "params": {"k_pid_pos": [2.0, 0.0, 0.0], "k_pid_alt": [2.0, 0.3484993482423736, 0.1928037639442826], "k_pid_att": [46.83911820199485, 0.0001, 0.0], "k_pid_yaw": [0.5, 1e-06, 0.1], "k_pid_hsp": [8.412145207111877, 1.0, 0.0], "k_pid_vsp": [212.05282434789362, 235.44533949686794, 131.45554429180314]}, "datetime": {"datetime": "2025-08-11 23:58:44", "elapsed": 27204.035942792892, "delta": 28.102509260177612}, "costs": {"total_cost": 473.0014633850635, "time_cost": 99.232, "final_distance_cost": 1.762461744683083, "oscillation_cost": 263.74251167198906, "completition_cost": 0.0, "overshoot_cost": 55.127556156007614, "power_cost": 28.603532519531253, "noise_cost": 24.53340129285248, "n_waypoints_completed": 9, "tot_waypoints": 9}}
{"target": -251.8708500613303, "params": {"k_pid_pos": [2.0, 0.0, 0.31262128626216584], "k_pid_alt": [2.0, 1.0, 0.7758434173287297], "k_pid_att": [26.73449313795733, 7.779707688620796, 0.0], "k_pid_yaw": [0.5, 1e-06, 0.1], "k_pid_hsp": [3.085008198393894, 0.0, 0.0], "k_pid_vsp": [81.44083704752202, 214.59991740533042, 42.70113766082455]}, "datetime": {"datetime": "2025-08-11 23:59:06", "elapsed": 27226.20931816101, "delta": 22.173375368118286}, "costs": {"total_cost": 251.8708500613303, "time_cost": 77.595, "final_distance_cost": 1.7939468294910603, "oscillation_cost": 80.22046814789375, "completition_cost": 0.0, "overshoot_cost": 52.39314031515165, "power_cost": 20.73000026855469, "noise_cost": 19.13829450023915, "n_waypoints_completed": 9, "tot_waypoints": 9}}
{"target": -364.8574600300972, "params": {"k_pid_pos": [1.070281676606091, 0.5313109220918163, 0.4996762779442874], "k_pid_alt": [1.625030962545211, 0.3330730401514529, 0.5255481951139739], "k_pid_att": [21.0096305854801, 5.665874869567903, 0.7592033226700419], "k_pid_yaw": [0.5, 1e-06, 0.1], "k_pid_hsp": [3.5786535360654157, 0.8890169371363698, 0.40604633368231713], "k_pid_vsp": [78.7289142648214, 215.5742056589978, 42.704065338492605]}, "datetime": {"datetime": "2025-08-11 23:59:29", "elapsed": 27248.42825603485, "delta": 22.218937873840332}, "costs": {"total_cost": 364.8574600300972, "time_cost": 78.988, "final_distance_cost": 1.7298221443305433, "oscillation_cost": 190.8777100567387, "completition_cost": 0.0, "overshoot_cost": 51.764073032279796, "power_cost": 21.76309245605469, "noise_cost": 19.734762340693525, "n_waypoints_completed": 9, "tot_waypoints": 9}}
{"target": -633.9461242385448, "params": {"k_pid_pos": [1.1871772830784533, 0.3817263998411591, 0.5371147543963217], "k_pid_alt": [1.158389353112682, 0.1466163556738716, 0.4183113020920807], "k_pid_att": [55.994388256971014, 7.323118489611817, 0.4976136239335318], "k_pid_yaw": [0.5, 1e-06, 0.1], "k_pid_hsp": [5.7161118190853895, 0.39738842039727157, 0.26670672579946514], "k_pid_vsp": [393.6868543643982, 121.96328156133806, 93.885046565032]}, "datetime": {"datetime": "2025-08-11 23:59:57", "elapsed": 27276.44642853737, "delta": 28.0181725025177}, "costs": {"total_cost": 633.9461242385448, "time_cost": 101.409, "final_distance_cost": 1.7544969484467063, "oscillation_cost": 423.5245176066494, "completition_cost": 0.0, "overshoot_cost": 53.99336684855681, "power_cost": 28.756561889648438, "noise_cost": 24.508180945243623, "n_waypoints_completed": 9, "tot_waypoints": 9}}
{"target": -919.0733657996192, "params": {"k_pid_pos": [1.3031559307665108, 0.5228526629046414, 0.5349574312833951], "k_pid_alt": [0.19252999462092224, 0.7561007393525684, 0.8335386026832765], "k_pid_att": [80.38271988587556, 5.223230434415028, 0.6286247018263549], "k_pid_yaw": [0.5, 1e-06, 0.1], "k_pid_hsp": [2.708703959045526, 0.21564763744166615, 0.18252065062694933], "k_pid_vsp": [370.39771086932916, 269.4984930981971, 246.80827509480403]}, "datetime": {"datetime": "2025-08-12 00:00:34", "elapsed": 27314.317526578903, "delta": 37.871098041534424}, "costs": {"total_cost": 919.0733657996192, "time_cost": 150, "final_distance_cost": 26.212663762103166, "oscillation_cost": 491.98434158246437, "completition_cost": 111.11111111111116, "overshoot_cost": 75.5863388776788, "power_cost": 35.76671506347657, "noise_cost": 28.412195402785105, "n_waypoints_completed": 8, "tot_waypoints": 9}}
{"target": -626.0717707834865, "params": {"k_pid_pos": [1.3179939706914408, 0.3316608209644549, 0.9849248655256065], "k_pid_alt": [1.5425151372263384, 0.9238755223770745, 0.21295131902093223], "k_pid_att": [43.47473305770061, 3.2575381416967715, 0.5405051805049895], "k_pid_yaw": [0.5, 1e-06, 0.1], "k_pid_hsp": [7.516359943005355, 0.9759990455115599, 0.5263836654340027], "k_pid_vsp": [268.24989208800065, 307.48897634334185, 72.89161552554799]}, "datetime": {"datetime": "2025-08-12 00:01:03", "elapsed": 27342.815935611725, "delta": 28.498409032821655}, "costs": {"total_cost": 626.0717707834865, "time_cost": 103.775, "final_distance_cost": 1.7812234147405495, "oscillation_cost": 406.70859236524603, "completition_cost": 0.0, "overshoot_cost": 59.070399256688944, "power_cost": 29.708200695800784, "noise_cost": 25.028355051010134, "n_waypoints_completed": 9, "tot_waypoints": 9}}
{"target": -543.2170719651209, "params": {"k_pid_pos": [0.8924726516878425, 0.5612439411112687, 0.5267708033870552], "k_pid_alt": [1.7936299626318697, 0.07580422366711803, 0.10604736759498756], "k_pid_att": [34.64819741180707, 4.181792368629759, 0.3867761243213407], "k_pid_yaw": [0.5, 1e-06, 0.1], "k_pid_hsp": [4.029265387714788, 0.9907717622341764, 0.8075281005572771], "k_pid_vsp": [333.18426857516954, 278.21161826311265, 247.3548199692561]}, "datetime": {"datetime": "2025-08-12 00:01:35", "elapsed": 27375.358402252197, "delta": 32.54246664047241}, "costs": {"total_cost": 543.2170719651209, "time_cost": 110.061, "final_distance_cost": 1.7635835252845529, "oscillation_cost": 312.5505042314356, "completition_cost": 0.0, "overshoot_cost": 58.25075611528814, "power_cost": 33.11189864501953, "noise_cost": 27.47932944809308, "n_waypoints_completed": 9, "tot_waypoints": 9}}
{"target": -463.74789234186034, "params": {"k_pid_pos": [1.4342502332592169, 0.5161692817766397, 0.8663119531071214], "k_pid_alt": [1.8309440651847595, 0.39375917992247533, 0.15885056994024216], "k_pid_att": [37.11172754931622, 9.170518706703156, 0.7390925951375413], "k_pid_yaw": [0.5, 1e-06, 0.1], "k_pid_hsp": [5.254405013368489, 0.28511348098444156, 0.5060093559572045], "k_pid_vsp": [267.30722163053866, 313.64332617359895, 73.0244551748905]}, "datetime": {"datetime": "2025-08-12 00:02:03", "elapsed": 27402.512010097504, "delta": 27.153607845306396}, "costs": {"total_cost": 463.74789234186034, "time_cost": 90.58, "final_distance_cost": 1.7606527588863787, "oscillation_cost": 268.7272950688583, "completition_cost": 0.0, "overshoot_cost": 53.89611745576669, "power_cost": 26.02107489013672, "noise_cost": 22.762752168212202, "n_waypoints_completed": 9, "tot_waypoints": 9}}
{"target": -572.1335874650126, "params": {"k_pid_pos": [1.1182559113630297, 0.5670178569036777, 0.43977568977399417], "k_pid_alt": [1.7186534525463766, 0.8045516585216549, 0.3527244609089695], "k_pid_att": [53.08913757461702, 3.0758619500761215, 0.34966181942689], "k_pid_yaw": [0.5, 1e-06, 0.1], "k_pid_hsp": [7.671165720457872, 0.4033925646106298, 0.6798398352169125], "k_pid_vsp": [209.07858839442105, 229.19209623564515, 123.47029987225176]}, "datetime": {"datetime": "2025-08-12 00:02:34", "elapsed": 27434.334666490555, "delta": 31.822656393051147}, "costs": {"total_cost": 572.1335874650126, "time_cost": 100.625, "final_distance_cost": 1.7558842857549146, "oscillation_cost": 357.2769664546314, "completition_cost": 0.0, "overshoot_cost": 57.039493294232216, "power_cost": 29.803418066406252, "noise_cost": 25.63282536398782, "n_waypoints_completed": 9, "tot_waypoints": 9}}
{"target": -273.615928027771, "params": {"k_pid_pos": [1.4027472460422297, 0.6693472179201165, 0.9188396033077236], "k_pid_alt": [0.5020227874254042, 0.9412856683569206, 0.372808872599505], "k_pid_att": [10.151818432257297, 5.551640711327981, 0.720798650345954], "k_pid_yaw": [0.5, 1e-06, 0.1], "k_pid_hsp": [2.037106614711856, 0.9648985631103614, 0.00878692261820424], "k_pid_vsp": [238.71713846389775, 269.4417506903625, 34.19292638671087]}, "datetime": {"datetime": "2025-08-12 00:03:04", "elapsed": 27463.400659799576, "delta": 29.065993309020996}, "costs": {"total_cost": 273.615928027771, "time_cost": 100.912, "final_distance_cost": 1.8127320894007921, "oscillation_cost": 61.080586292548816, "completition_cost": 0.0, "overshoot_cost": 59.29264449601396, "power_cost": 26.21794757080078, "noise_cost": 24.30001757900661, "n_waypoints_completed": 9, "tot_waypoints": 9}}
{"target": -1212.1041184428418, "params": {"k_pid_pos": [0.23172261955775714, 0.6666624241495831, 0.7097564483864612], "k_pid_alt": [0.31954265702394036, 0.6195131775081596, 0.47221970400536484], "k_pid_att": [48.403760356250395, 0.002889412418539352, 0.7941281864323123], "k_pid_yaw": [0.5, 1e-06, 0.1], "k_pid_hsp": [6.604442608939851, 0.9550765380286221, 0.1719148114630471], "k_pid_vsp": [213.79132381640696, 230.94545800121324, 132.6569815946623]}, "datetime": {"datetime": "2025-08-12 00:03:38", "elapsed": 27497.589991092682, "delta": 34.18933129310608}, "costs": {"total_cost": 1212.1041184428418, "time_cost": 150, "final_distance_cost": 50.39350524103043, "oscillation_cost": 449.3079251192756, "completition_cost": 444.4444444444444, "overshoot_cost": 54.962899105265286, "power_cost": 33.658666552734374, "noise_cost": 29.336677980091864, "n_waypoints_completed": 5, "tot_waypoints": 9}}
{"target": -1009.1168820695984, "params": {"k_pid_pos": [1.0534170074670983, 0.413272459735768, 0.30412668327167347], "k_pid_alt": [0.8757637603631414, 0.8291357756978268, 0.2757402962955159], "k_pid_att": [35.75564173443186, 4.3187928159401014, 0.1578584872607106], "k_pid_yaw": [0.5, 1e-06, 0.1], "k_pid_hsp": [1.7097596479673498, 0.21837100399395493, 0.9662044826687823], "k_pid_vsp": [263.321571147618, 309.3396599823685, 78.25809444392915]}, "datetime": {"datetime": "2025-08-12 00:04:11", "elapsed": 27531.092251062393, "delta": 33.502259969711304}, "costs": {"total_cost": 1009.1168820695984, "time_cost": 150, "final_distance_cost": 63.518281688019464, "oscillation_cost": 318.7007744997576, "completition_cost": 333.33333333333337, "overshoot_cost": 76.56842993200736, "power_cost": 36.12091492919922, "noise_cost": 30.875147687281412, "n_waypoints_completed": 6, "tot_waypoints": 9}}
{"target": -420.1922629353637, "params": {"k_pid_pos": [0.9326080595403518, 0.4000974756053096, 0.2459667833892355], "k_pid_alt": [1.9628946880910294, 0.5651560849201293, 0.9599230775818827], "k_pid_att": [18.611206209331964, 0.3664497860757111, 0.6389661933679369], "k_pid_yaw": [0.5, 1e-06, 0.1], "k_pid_hsp": [7.360197062504556, 0.5606573712243406, 0.5760628059397279], "k_pid_vsp": [289.9935727696069, 350.5877987963207, 90.41079090950689]}, "datetime": {"datetime": "2025-08-12 00:04:40", "elapsed": 27559.63646388054, "delta": 28.544212818145752}, "costs": {"total_cost": 420.1922629353637, "time_cost": 92.708, "final_distance_cost": 1.7786776400868822, "oscillation_cost": 226.04983910721884, "completition_cost": 0.0, "overshoot_cost": 52.02231964870259, "power_cost": 24.93440379638672, "noise_cost": 22.69902274296868, "n_waypoints_completed": 9, "tot_waypoints": 9}}
{"target": -308.44371831486353, "params": {"k_pid_pos": [1.1460130471183347, 0.4469975602259231, 0.14328503644129087], "k_pid_alt": [1.8853850774011702, 0.10102061463260281, 0.507454643753378], "k_pid_att": [91.13297600425992, 7.429825948497543, 0.9808489118408813], "k_pid_yaw": [0.5, 1e-06, 0.1], "k_pid_hsp": [4.9828978103336405, 0.08602691021745434, 0.05526291260610605], "k_pid_vsp": [171.99508938409863, 120.80011443867843, 19.480938180735347]}, "datetime": {"datetime": "2025-08-12 00:05:12", "elapsed": 27592.243479967117, "delta": 32.60701608657837}, "costs": {"total_cost": 308.44371831486353, "time_cost": 102.263, "final_distance_cost": 1.7508086437879355, "oscillation_cost": 100.33518647558905, "completition_cost": 0.0, "overshoot_cost": 52.34366635946963, "power_cost": 26.443464001464847, "noise_cost": 25.30759283455206, "n_waypoints_completed": 9, "tot_waypoints": 9}}
{"target": -1022.3950471906201, "params": {"k_pid_pos": [0.3938959276522066, 0.6713975324946053, 0.8150942465304244], "k_pid_alt": [1.8040149741805787, 0.8396812034918217, 0.5568742846939508], "k_pid_att": [29.733823334343334, 9.408790687917817, 0.3065821202436251], "k_pid_yaw": [0.5, 1e-06, 0.1], "k_pid_hsp": [6.097975250652046, 0.1904043652623596, 0.7260032761820118], "k_pid_vsp": [80.29058318042401, 217.40241585888987, 48.056019189443944]}, "datetime": {"datetime": "2025-08-12 00:05:47", "elapsed": 27627.10923051834, "delta": 34.865750551223755}, "costs": {"total_cost": 1022.3950471906201, "time_cost": 150, "final_distance_cost": 66.47582476481597, "oscillation_cost": 474.3284074572058, "completition_cost": 222.2222222222222, "overshoot_cost": 47.77716233291917, "power_cost": 32.69482019042969, "noise_cost": 28.896610223027334, "n_waypoints_completed": 7, "tot_waypoints": 9}}
{"target": -238.3126993006933, "params": {"k_pid_pos": [2.0, 1.0, 1.0], "k_pid_alt": [1.0275318293255644, 0.0, 1.0], "k_pid_att": [24.421865103381897, 0.0001, 0.9855727755109027], "k_pid_yaw": [0.5, 1e-06, 0.1], "k_pid_hsp": [3.12110402515538, 0.38717525044499457, 0.0], "k_pid_vsp": [223.50070514754796, 336.25730510381806, 135.8041088929796]}, "datetime": {"datetime": "2025-08-12 00:06:13", "elapsed": 27652.800282478333, "delta": 25.691051959991455}, "costs": {"total_cost": 238.3126993006933, "time_cost": 89.208, "final_distance_cost": 1.8504730379710193, "oscillation_cost": 47.24999603489058, "completition_cost": 0.0, "overshoot_cost": 52.34008378134083, "power_cost": 24.473067980957033, "noise_cost": 23.191078465533845, "n_waypoints_completed": 9, "tot_waypoints": 9}}
{"target": -404.4432880248085, "params": {"k_pid_pos": [2.0, 0.24913986797419366, 0.0], "k_pid_alt": [2.0, 1.0, 1.0], "k_pid_att": [38.48008795857722, 4.511383396241444, 1.0], "k_pid_yaw": [0.5, 1e-06, 0.1], "k_pid_hsp": [5.340890089271238, 0.0, 1.0], "k_pid_vsp": [228.1132855618152, 329.1263646137459, 19.98603782364078]}, "datetime": {"datetime": "2025-08-12 00:06:41", "elapsed": 27680.455454349518, "delta": 27.655171871185303}, "costs": {"total_cost": 404.4432880248085, "time_cost": 86.961, "final_distance_cost": 1.7777371759476848, "oscillation_cost": 213.12317498107723, "completition_cost": 0.0, "overshoot_cost": 53.600458536375335, "power_cost": 25.43778447265625, "noise_cost": 23.543132858752013, "n_waypoints_completed": 9, "tot_waypoints": 9}}
{"target": -489.78919002079533, "params": {"k_pid_pos": [1.5895744311181947, 0.6561578819635213, 0.7031802635386293], "k_pid_alt": [1.5341592402341317, 0.3216135226269854, 0.5939397520720576], "k_pid_att": [43.68755628915455, 4.063595874763335, 0.7928869132346351], "k_pid_yaw": [0.5, 1e-06, 0.1], "k_pid_hsp": [5.4837352378969335, 0.16864146809808633, 0.9940084936348308], "k_pid_vsp": [271.3001061581544, 306.9057831923667, 82.3195393164887]}, "datetime": {"datetime": "2025-08-12 00:07:11", "elapsed": 27710.886893749237, "delta": 30.43143939971924}, "costs": {"total_cost": 489.78919002079533, "time_cost": 108.92, "final_distance_cost": 1.737860208378284, "oscillation_cost": 266.5638975212754, "completition_cost": 0.0, "overshoot_cost": 55.13508417911758, "power_cost": 31.052352868652346, "noise_cost": 26.37999524337171, "n_waypoints_completed": 9, "tot_waypoints": 9}}
{"target": -1195.0933060676314, "params": {"k_pid_pos": [0.31845259711486223, 0.18126512798340488, 0.5772193771891619], "k_pid_alt": [0.583912911291282, 0.5829089545906443, 0.9203406644954992], "k_pid_att": [10.311561208207454, 8.616435436050386, 0.5673170035648899], "k_pid_yaw": [0.5, 1e-06, 0.1], "k_pid_hsp": [3.11556977305435, 0.13887448519928258, 0.7489901856788653], "k_pid_vsp": [281.69985797638606, 363.2529763963177, 30.488496639862838]}, "datetime": {"datetime": "2025-08-12 00:07:48", "elapsed": 27748.10889840126, "delta": 37.222004652023315}, "costs": {"total_cost": 1195.0933060676314, "time_cost": 150, "final_distance_cost": 51.7075480794953, "oscillation_cost": 332.3979364105126, "completition_cost": 555.5555555555555, "overshoot_cost": 44.47411554808566, "power_cost": 31.581321008300783, "noise_cost": 29.37682946568149, "n_waypoints_completed": 4, "tot_waypoints": 9}}
{"target": -668.0627364223111, "params": {"k_pid_pos": [1.16186877705256, 0.9162201172058, 0.6317633315475606], "k_pid_alt": [0.927472037558968, 0.9094512542389436, 0.022979716386013593], "k_pid_att": [2.4714888600910423, 6.285865932242806, 0.34221398936409597], "k_pid_yaw": [0.5, 1e-06, 0.1], "k_pid_hsp": [6.697100247179464, 0.6899837580580018, 0.3254784889184764], "k_pid_vsp": [187.65142308187893, 324.32395355452934, 13.705139915775018]}, "datetime": {"datetime": "2025-08-12 00:08:22", "elapsed": 27781.58443570137, "delta": 33.47553730010986}, "costs": {"total_cost": 668.0627364223111, "time_cost": 150, "final_distance_cost": 35.26635207870859, "oscillation_cost": 243.86428710034463, "completition_cost": 111.11111111111116, "overshoot_cost": 65.56439674235556, "power_cost": 31.999609008789065, "noise_cost": 30.25698038100202, "n_waypoints_completed": 8, "tot_waypoints": 9}}
{"target": -1197.2479312506905, "params": {"k_pid_pos": [1.4258725327531387, 0.15412214442100747, 0.6245554293101645], "k_pid_alt": [0.13120742449754585, 0.9147047314997108, 0.6622408089735141], "k_pid_att": [29.127191849174537, 3.588574583643672, 0.06435910191016281], "k_pid_yaw": [0.5, 1e-06, 0.1], "k_pid_hsp": [3.076861808796761, 0.7642158766414414, 0.6112969009739677], "k_pid_vsp": [58.536244180668184, 362.2680127568555, 96.95845190166865]}, "datetime": {"datetime": "2025-08-12 00:08:55", "elapsed": 27814.86305141449, "delta": 33.27861571311951}, "costs": {"total_cost": 1197.2479312506905, "time_cost": 150, "final_distance_cost": 61.923016377419586, "oscillation_cost": 415.60897087599176, "completition_cost": 444.4444444444444, "overshoot_cost": 59.646082266555204, "power_cost": 36.50642307128906, "noise_cost": 29.118994214990508, "n_waypoints_completed": 5, "tot_waypoints": 9}}
{"target": -589.1719506449144, "params": {"k_pid_pos": [1.790298207184712, 0.2967531624778297, 0.48273782610376226], "k_pid_alt": [0.06405477733871856, 0.18234017590865892, 0.17185349205559897], "k_pid_att": [42.02772719956829, 8.732395305984069, 0.8015268504462612], "k_pid_yaw": [0.5, 1e-06, 0.1], "k_pid_hsp": [8.291087392473116, 0.6345060882623592, 0.08889937848407758], "k_pid_vsp": [124.1857512292345, 101.15232216377196, 53.12681086627074]}, "datetime": {"datetime": "2025-08-12 00:09:28", "elapsed": 27847.77584385872, "delta": 32.912792444229126}, "costs": {"total_cost": 589.1719506449144, "time_cost": 119.14, "final_distance_cost": 1.7573467915184722, "oscillation_cost": 337.47295135442164, "completition_cost": 0.0, "overshoot_cost": 66.49762748943948, "power_cost": 33.19492739257813, "noise_cost": 31.109097616956603, "n_waypoints_completed": 9, "tot_waypoints": 9}}
