{"target": -403.77909234535605, "params": {"k_pid_pos": [1.1377346375145032, 0.1128107361481363, 0.5014501717649297], "k_pid_alt": [0.7125990856090187, 0.6883349377901049, 0.8907303916364798], "k_pid_att": [5.948078564357262, 2.989601885595246, 0.939399824835946], "k_pid_yaw": [0.5, 1e-06, 0.1], "k_pid_hsp": [1.3849930230869474, 0.7284766538549253, 0.5904842704614821], "k_pid_vsp": [287.07932355259635, 290.5583437351081, 180.91865599202137]}, "datetime": {"datetime": "2025-08-11 18:14:38", "elapsed": 6557.893042802811, "delta": 29.310380220413208}, "costs": {"total_cost": 403.77909234535605, "time_cost": 115.122, "final_distance_cost": 1.7769371102562068, "oscillation_cost": 162.67519753248817, "completition_cost": 0.0, "overshoot_cost": 65.01502114713291, "power_cost": 31.507061071777347, "noise_cost": 27.68287548370138, "n_waypoints_completed": 9, "tot_waypoints": 9}}
{"target": -1274.8800367012561, "params": {"k_pid_pos": [1.8052365361397371, 0.4717873304313044, 0.7349115265481234], "k_pid_alt": [0.1613069952838162, 0.731921657146725, 0.9018568262421188], "k_pid_att": [34.81785389089323, 0.5180848578586176, 0.7602752410046608], "k_pid_yaw": [0.5, 1e-06, 0.1], "k_pid_hsp": [4.9287450664379095, 0.41539624106981454, 0.9081291943241907], "k_pid_vsp": [264.569705197135, 37.29698374240463, 191.7702700226523]}, "datetime": {"datetime": "2025-08-11 18:15:09", "elapsed": 6588.394632816315, "delta": 30.50159001350403}, "costs": {"total_cost": 1274.8800367012561, "time_cost": 150, "final_distance_cost": 38.73029740871669, "oscillation_cost": 406.837012712177, "completition_cost": 555.5555555555555, "overshoot_cost": 58.57405876562796, "power_cost": 34.20499506835937, "noise_cost": 30.9781171908195, "n_waypoints_completed": 4, "tot_waypoints": 9}}
{"target": -402.39836622994926, "params": {"k_pid_pos": [1.7138993544258239, 0.11270429338107368, 0.7242245743785628], "k_pid_alt": [0.914345085282525, 0.2194890326747495, 0.9621754292998045], "k_pid_att": [4.995502168532184, 9.396095496448671, 0.07097404281610631], "k_pid_yaw": [0.5, 1e-06, 0.1], "k_pid_hsp": [9.26791803951995, 0.6537829113445357, 0.3881640847926502], "k_pid_vsp": [273.6384452861879, 364.9742596439324, 26.452985002147123]}, "datetime": {"datetime": "2025-08-11 18:15:28", "elapsed": 6608.302521705627, "delta": 19.907888889312744}, "costs": {"total_cost": 402.39836622994926, "time_cost": 78.974, "final_distance_cost": 1.7987287745955458, "oscillation_cost": 229.6648124376676, "completition_cost": 0.0, "overshoot_cost": 50.47486615919096, "power_cost": 21.512757604980468, "noise_cost": 19.973201253514702, "n_waypoints_completed": 9, "tot_waypoints": 9}}
{"target": -2046.7446703853918, "params": {"k_pid_pos": [0.27184211180493245, 0.6264044018795131, 0.7280921226800122], "k_pid_alt": [1.2628123481977795, 0.96546370612058, 0.2395028074004799], "k_pid_att": [1.7501642532962047, 8.080744541559433, 0.9654683754872656], "k_pid_yaw": [0.5, 1e-06, 0.1], "k_pid_hsp": [7.615640378516886, 0.10057326410200895, 0.37067069300490685], "k_pid_vsp": [250.70720426904847, 50.022290163751684, 278.8716724360427]}, "datetime": {"datetime": "2025-08-11 18:15:58", "elapsed": 6638.369749069214, "delta": 30.067227363586426}, "costs": {"total_cost": 2046.7446703853918, "time_cost": 150, "final_distance_cost": 13.015285861041116, "oscillation_cost": 512.9270904087135, "completition_cost": 1000.0, "overshoot_cost": 166.37190546237719, "power_cost": 49.317358142089844, "noise_cost": 155.11303051117005, "n_waypoints_completed": 0, "tot_waypoints": 9}}
{"target": -1304.997119048218, "params": {"k_pid_pos": [0.5806898342729107, 0.5026851069432293, 0.8399624429573601], "k_pid_alt": [0.34638564038966146, 0.3051987247446323, 0.5893295500836582], "k_pid_att": [55.73358268726052, 5.654858177143858, 0.8399771519998369], "k_pid_yaw": [0.5, 1e-06, 0.1], "k_pid_hsp": [0.39331899958862326, 0.11591536297176652, 0.1196540806997094], "k_pid_vsp": [266.2958602792846, 278.2072894092832, 323.67170858543454]}, "datetime": {"datetime": "2025-08-11 18:16:29", "elapsed": 6668.795920133591, "delta": 30.42617106437683}, "costs": {"total_cost": 1304.997119048218, "time_cost": 150, "final_distance_cost": 47.42048727674843, "oscillation_cost": 431.35948463773605, "completition_cost": 555.5555555555555, "overshoot_cost": 54.83169214966104, "power_cost": 33.437660217285156, "noise_cost": 32.392239211231946, "n_waypoints_completed": 4, "tot_waypoints": 9}}
{"target": -1788.4927387264372, "params": {"k_pid_pos": [1.8465063090824583, 0.7676345534291532, 0.5924330136356798], "k_pid_alt": [1.3780546828935323, 0.30282254274698006, 0.2651189690613738], "k_pid_att": [72.65200875945006, 1.0143034861645488, 0.9602433278700239], "k_pid_yaw": [0.5, 1e-06, 0.1], "k_pid_hsp": [3.7713730939933505, 0.10455335138590693, 0.15276127474695622], "k_pid_vsp": [15.341904616896063, 37.964180587944874, 249.16929752051698]}, "datetime": {"datetime": "2025-08-11 18:17:00", "elapsed": 6699.427661418915, "delta": 30.631741285324097}, "costs": {"total_cost": 1788.4927387264372, "time_cost": 150, "final_distance_cost": 236.550998281413, "oscillation_cost": 440.36559865851683, "completition_cost": 666.6666666666667, "overshoot_cost": 226.70402181117734, "power_cost": 36.46397001953125, "noise_cost": 31.74148328913196, "n_waypoints_completed": 3, "tot_waypoints": 9}}
{"target": -1707.1086313779538, "params": {"k_pid_pos": [0.642629307389882, 0.05174858838251084, 0.2084413508125118], "k_pid_alt": [1.6279372974658837, 0.35327595082182195, 0.051743753224062994], "k_pid_att": [16.336962572833556, 5.844806076930181, 0.23223006923898548], "k_pid_yaw": [0.5, 1e-06, 0.1], "k_pid_hsp": [4.251549855603064, 0.5396713504907926, 0.975869645411863], "k_pid_vsp": [127.50852172841402, 64.5903223260088, 166.02477223985656]}, "datetime": {"datetime": "2025-08-11 18:17:30", "elapsed": 6729.6669800281525, "delta": 30.23931860923767}, "costs": {"total_cost": 1707.1086313779538, "time_cost": 150, "final_distance_cost": 82.43935324562534, "oscillation_cost": 467.05990309702696, "completition_cost": 888.8888888888888, "overshoot_cost": 57.41189788579706, "power_cost": 31.31714364013672, "noise_cost": 29.991444620478802, "n_waypoints_completed": 1, "tot_waypoints": 9}}
{"target": -1057.9107124995874, "params": {"k_pid_pos": [0.3703046743924437, 0.2408519188095496, 0.6337786303306041], "k_pid_alt": [1.4185933660564376, 0.35323896045558156, 0.0958816271858417], "k_pid_att": [68.02746076633484, 3.0976803789316487, 0.15051092465253513], "k_pid_yaw": [0.5, 1e-06, 0.1], "k_pid_hsp": [8.428928324683529, 0.8766325867306015, 0.4531075085305819], "k_pid_vsp": [220.11938836030546, 88.6951941463123, 224.38447319646298]}, "datetime": {"datetime": "2025-08-11 18:18:00", "elapsed": 6760.1285264492035, "delta": 30.461546421051025}, "costs": {"total_cost": 1057.9107124995874, "time_cost": 150, "final_distance_cost": 37.80754719262891, "oscillation_cost": 633.3028271011913, "completition_cost": 111.11111111111116, "overshoot_cost": 62.44532701071392, "power_cost": 35.055086254882816, "noise_cost": 28.188813829059253, "n_waypoints_completed": 8, "tot_waypoints": 9}}
{"target": -1293.8146468035436, "params": {"k_pid_pos": [1.3347305306247774, 0.7583518955814496, 0.8639124916710537], "k_pid_alt": [1.9630356041615167, 0.24794010617135243, 0.3210967735226069], "k_pid_att": [17.285803373572207, 6.766916272900778, 0.7674948475065129], "k_pid_yaw": [0.5, 1e-06, 0.1], "k_pid_hsp": [8.067157741269083, 0.24093262884405087, 0.26017928016957603], "k_pid_vsp": [77.93592394424289, 170.82311179522088, 200.96628624242499]}, "datetime": {"datetime": "2025-08-11 18:18:30", "elapsed": 6790.28614282608, "delta": 30.15761637687683}, "costs": {"total_cost": 1293.8146468035436, "time_cost": 150, "final_distance_cost": 39.00410951079431, "oscillation_cost": 409.62005404513155, "completition_cost": 555.5555555555555, "overshoot_cost": 76.56189625465959, "power_cost": 31.826786657714845, "noise_cost": 31.24624477968761, "n_waypoints_completed": 4, "tot_waypoints": 9}}
{"target": -1258.252601002227, "params": {"k_pid_pos": [0.8091023227101621, 0.25750965661076497, 0.10065352091145408], "k_pid_alt": [0.7916714771895088, 0.649689504297973, 0.8885100391787134], "k_pid_att": [65.1816216989377, 4.890333160824039, 0.5376094147116662], "k_pid_yaw": [0.5, 1e-06, 0.1], "k_pid_hsp": [1.6840696893938678, 0.6791572889265837, 0.9277863380037302], "k_pid_vsp": [162.8914506442909, 219.99766639787308, 253.9129736505185]}, "datetime": {"datetime": "2025-08-11 18:19:00", "elapsed": 6819.790805578232, "delta": 29.50466275215149}, "costs": {"total_cost": 1258.252601002227, "time_cost": 150, "final_distance_cost": 47.04231414063938, "oscillation_cost": 270.88446672413386, "completition_cost": 666.6666666666667, "overshoot_cost": 58.52121035664728, "power_cost": 36.27196822509766, "noise_cost": 28.865974889042082, "n_waypoints_completed": 3, "tot_waypoints": 9}}
{"target": -1493.7755016739234, "params": {"k_pid_pos": [1.2079920855067832, 0.14560808968438055, 0.7492642969955985], "k_pid_alt": [1.1401116887421394, 0.8575628898126331, 0.1441657954374358], "k_pid_att": [90.86462281085309, 7.912427133458982, 0.7777484852154346], "k_pid_yaw": [0.5, 1e-06, 0.1], "k_pid_hsp": [6.167843535226511, 0.4764807266469936, 0.8591885662143521], "k_pid_vsp": [177.47999945593432, 123.74615625128435, 373.7454947186281]}, "datetime": {"datetime": "2025-08-11 18:19:30", "elapsed": 6850.183477878571, "delta": 30.392672300338745}, "costs": {"total_cost": 1493.7755016739234, "time_cost": 150, "final_distance_cost": 45.353368441562864, "oscillation_cost": 592.5717015948626, "completition_cost": 555.5555555555555, "overshoot_cost": 85.83972669945967, "power_cost": 35.282855432128905, "noise_cost": 29.17229395035364, "n_waypoints_completed": 4, "tot_waypoints": 9}}
{"target": -848.5389869950454, "params": {"k_pid_pos": [0.42141955163852624, 0.6899869569154375, 0.3904337062149744], "k_pid_alt": [0.016566993307863376, 0.14306690377134357, 0.3299779143489575], "k_pid_att": [9.430208570607967, 8.338987252951094, 0.7783305583825733], "k_pid_yaw": [0.5, 1e-06, 0.1], "k_pid_hsp": [2.6674667080900116, 0.6408200022873123, 0.060890687653811226], "k_pid_vsp": [202.67142359996043, 332.95674285121476, 238.7274193313534]}, "datetime": {"datetime": "2025-08-11 18:20:00", "elapsed": 6879.934205532074, "delta": 29.750727653503418}, "costs": {"total_cost": 848.5389869950454, "time_cost": 150, "final_distance_cost": 45.451490273973974, "oscillation_cost": 90.71432506440388, "completition_cost": 444.4444444444444, "overshoot_cost": 57.98331921836095, "power_cost": 31.25402575683594, "noise_cost": 28.691382237026247, "n_waypoints_completed": 5, "tot_waypoints": 9}}
{"target": -604.1214618476087, "params": {"k_pid_pos": [1.3137400953303688, 0.7207750640702597, 0.26697288249650963], "k_pid_alt": [0.5443163034813407, 0.6756046580364459, 0.1871831182994722], "k_pid_att": [41.77113956971563, 8.202261277020941, 0.10012944242100374], "k_pid_yaw": [0.5, 1e-06, 0.1], "k_pid_hsp": [7.256301451659583, 0.26976679117094426, 0.6766999711544801], "k_pid_vsp": [160.6396613029446, 386.70887469579486, 130.66878735769978]}, "datetime": {"datetime": "2025-08-11 18:20:28", "elapsed": 6907.785693407059, "delta": 27.85148787498474}, "costs": {"total_cost": 604.1214618476087, "time_cost": 112.938, "final_distance_cost": 1.7921474633368204, "oscillation_cost": 359.97500225435317, "completition_cost": 0.0, "overshoot_cost": 65.69465836304867, "power_cost": 33.920409716796875, "noise_cost": 29.80124405007319, "n_waypoints_completed": 9, "tot_waypoints": 9}}
{"target": -569.958922934088, "params": {"k_pid_pos": [1.7934156944536528, 0.7759997542385686, 0.32126978247294447], "k_pid_alt": [0.2740021285991525, 0.18115735398322497, 0.8503768389815785], "k_pid_att": [24.687067563361676, 1.8029767117732425, 0.17137525865307435], "k_pid_yaw": [0.5, 1e-06, 0.1], "k_pid_hsp": [5.972458225618977, 0.4240182930179247, 0.2420152739131235], "k_pid_vsp": [9.607606909759436, 136.63808085024112, 51.85930276069394]}, "datetime": {"datetime": "2025-08-11 18:20:57", "elapsed": 6936.904060602188, "delta": 29.118367195129395}, "costs": {"total_cost": 569.958922934088, "time_cost": 117.20100000000001, "final_distance_cost": 1.7795409335673316, "oscillation_cost": 319.19481095579386, "completition_cost": 0.0, "overshoot_cost": 66.86349110819191, "power_cost": 34.734801977539064, "noise_cost": 30.185277958995908, "n_waypoints_completed": 9, "tot_waypoints": 9}}
{"target": -1504.8193049671975, "params": {"k_pid_pos": [0.3190533310714718, 0.9159204137037953, 0.29409924986047786], "k_pid_alt": [1.5401981281389563, 0.8554882995273915, 0.4664659073130917], "k_pid_att": [31.21099696438906, 7.266679303191451, 0.8411327859022323], "k_pid_yaw": [0.5, 1e-06, 0.1], "k_pid_hsp": [4.320865014499797, 0.5052618609501468, 0.6730817700481496], "k_pid_vsp": [92.02585648045786, 391.3911587468754, 281.06882920052414]}, "datetime": {"datetime": "2025-08-11 18:21:33", "elapsed": 6972.70467209816, "delta": 35.80061149597168}, "costs": {"total_cost": 1504.8193049671975, "time_cost": 150, "final_distance_cost": 25.647255248903488, "oscillation_cost": 125.38219245840996, "completition_cost": 1000.0, "overshoot_cost": 126.88401702329466, "power_cost": 36.84517253417969, "noise_cost": 40.0606677024096, "n_waypoints_completed": 0, "tot_waypoints": 9}}
{"target": -1272.5777967233007, "params": {"k_pid_pos": [1.0604924405936424, 0.5803369472142093, 0.4992494834890926], "k_pid_alt": [0.733314737844077, 0.8674731889574009, 0.25627046957326827], "k_pid_att": [96.06337696732822, 1.7824507730658548, 0.8705026058005819], "k_pid_yaw": [0.5, 1e-06, 0.1], "k_pid_hsp": [3.4094087348271827, 0.021077448361174422, 0.3459583010938573], "k_pid_vsp": [156.36371018153494, 322.2206556708923, 207.40026035714695]}, "datetime": {"datetime": "2025-08-11 18:22:05", "elapsed": 7004.79935669899, "delta": 32.09468460083008}, "costs": {"total_cost": 1272.5777967233007, "time_cost": 150, "final_distance_cost": 49.37769003234578, "oscillation_cost": 501.97681709795637, "completition_cost": 444.4444444444444, "overshoot_cost": 62.40621707885053, "power_cost": 35.864842248535155, "noise_cost": 28.50778582116857, "n_waypoints_completed": 5, "tot_waypoints": 9}}
{"target": -1051.402748603184, "params": {"k_pid_pos": [1.5227778292564829, 0.6771870056373579, 0.18791168714269457], "k_pid_alt": [1.7704703484536506, 0.28327092799570164, 0.6769849760604288], "k_pid_att": [20.19880346287348, 8.101519960605103, 0.16654582466691858], "k_pid_yaw": [0.5, 1e-06, 0.1], "k_pid_hsp": [8.64194476733788, 0.6570602250814951, 0.32908205688337033], "k_pid_vsp": [394.4585004132172, 248.6070360954424, 385.19767140285006]}, "datetime": {"datetime": "2025-08-11 18:22:35", "elapsed": 7035.276596069336, "delta": 30.47723937034607}, "costs": {"total_cost": 1051.402748603184, "time_cost": 150, "final_distance_cost": 79.95598574305077, "oscillation_cost": 473.3472771953021, "completition_cost": 222.2222222222222, "overshoot_cost": 61.26032098424193, "power_cost": 35.005952062988285, "noise_cost": 29.610990395378565, "n_waypoints_completed": 7, "tot_waypoints": 9}}
{"target": -1245.9955488359924, "params": {"k_pid_pos": [1.6322251666135486, 0.43358764812779327, 0.5005272176774485], "k_pid_alt": [1.3359967893942424, 0.8144079860041697, 0.9669440793073172], "k_pid_att": [66.84141996074275, 0.4262021829098448, 0.42402427113832364], "k_pid_yaw": [0.5, 1e-06, 0.1], "k_pid_hsp": [4.773074729478748, 0.296297080580336, 0.8643274360332631], "k_pid_vsp": [106.93444583411735, 271.3880877585611, 312.6789307214769]}, "datetime": {"datetime": "2025-08-11 18:23:06", "elapsed": 7066.172520875931, "delta": 30.89592480659485}, "costs": {"total_cost": 1245.9955488359924, "time_cost": 150, "final_distance_cost": 49.987894983801226, "oscillation_cost": 465.90469946037666, "completition_cost": 444.4444444444444, "overshoot_cost": 66.17736543349636, "power_cost": 36.66380755615234, "noise_cost": 32.817336957721444, "n_waypoints_completed": 5, "tot_waypoints": 9}}
{"target": -547.1777139818544, "params": {"k_pid_pos": [0.8320330547150115, 0.5435839025892264, 0.5538147045772743], "k_pid_alt": [0.9721703213987656, 0.0046608621393902094, 0.5891487323351483], "k_pid_att": [59.758572109884945, 8.66537390821245, 0.8603631947224892], "k_pid_yaw": [0.5, 1e-06, 0.1], "k_pid_hsp": [6.780974328905306, 0.45412554945780825, 0.7982578477794925], "k_pid_vsp": [43.33454926008598, 352.3463605767696, 135.54923612678633]}, "datetime": {"datetime": "2025-08-11 18:23:30", "elapsed": 7090.207715749741, "delta": 24.035194873809814}, "costs": {"total_cost": 547.1777139818544, "time_cost": 95.697, "final_distance_cost": 1.7732138464886547, "oscillation_cost": 343.98682012117075, "completition_cost": 0.0, "overshoot_cost": 54.937675536104805, "power_cost": 27.76246140136719, "noise_cost": 23.020543076722998, "n_waypoints_completed": 9, "tot_waypoints": 9}}
{"target": -812.0722427046156, "params": {"k_pid_pos": [1.6724689627381675, 0.774223632422827, 0.5706319921155794], "k_pid_alt": [0.3962799188504782, 0.43058899142820706, 0.4723126682975457], "k_pid_att": [81.43911701100724, 1.403348459660758, 0.9936926863594606], "k_pid_yaw": [0.5, 1e-06, 0.1], "k_pid_hsp": [1.1672745803155111, 0.6958523299840903, 0.15143009244925698], "k_pid_vsp": [157.32019870156128, 45.015314589985834, 225.1612413143954]}, "datetime": {"datetime": "2025-08-11 18:24:01", "elapsed": 7120.554451465607, "delta": 30.34673571586609}, "costs": {"total_cost": 812.0722427046156, "time_cost": 150, "final_distance_cost": 68.02463369854378, "oscillation_cost": 219.88294195790002, "completition_cost": 222.2222222222222, "overshoot_cost": 78.35248451862336, "power_cost": 36.55725689697266, "noise_cost": 37.032703410353776, "n_waypoints_completed": 7, "tot_waypoints": 9}}
{"target": -1206.6017768517524, "params": {"k_pid_pos": [1.0246511641518112, 0.024203628180976766, 0.4340918918410489], "k_pid_alt": [0.9000141537622623, 0.9525053368978549, 0.04618347066051798], "k_pid_att": [65.12024983380033, 3.4737493958906542, 0.3778987175480377], "k_pid_yaw": [0.5, 1e-06, 0.1], "k_pid_hsp": [7.01158074042889, 0.3229523878687901, 0.9330611199533927], "k_pid_vsp": [152.46563124367435, 100.59632282158935, 245.31577482338344]}, "datetime": {"datetime": "2025-08-11 18:24:31", "elapsed": 7151.178708791733, "delta": 30.6242573261261}, "costs": {"total_cost": 1206.6017768517524, "time_cost": 150, "final_distance_cost": 75.01532272764746, "oscillation_cost": 611.8079289185206, "completition_cost": 222.2222222222222, "overshoot_cost": 83.19295433837335, "power_cost": 35.2691691772461, "noise_cost": 29.094179467742894, "n_waypoints_completed": 7, "tot_waypoints": 9}}
{"target": -332.75463963370424, "params": {"k_pid_pos": [1.3194148869680464, 0.38461447358421963, 0.052734194064043116], "k_pid_alt": [1.8480780127796879, 0.28047132557995513, 0.14037607818863307], "k_pid_att": [41.91172969311208, 0.4858515703379329, 0.8317327713283192], "k_pid_yaw": [0.5, 1e-06, 0.1], "k_pid_hsp": [8.215694229360619, 0.6141994940248513, 0.07380723849937387], "k_pid_vsp": [273.6037089554661, 303.1158729505825, 77.14032991352708]}, "datetime": {"datetime": "2025-08-11 18:24:57", "elapsed": 7176.543585300446, "delta": 25.36487650871277}, "costs": {"total_cost": 332.75463963370424, "time_cost": 102.403, "final_distance_cost": 1.7459676537108335, "oscillation_cost": 123.25206624507678, "completition_cost": 0.0, "overshoot_cost": 53.28015202480034, "power_cost": 27.17779139404297, "noise_cost": 24.89566231607333, "n_waypoints_completed": 9, "tot_waypoints": 9}}
{"target": -931.2813423023466, "params": {"k_pid_pos": [0.8588098029618081, 0.6161198079725401, 0.7576515089128115], "k_pid_alt": [0.22848228557117722, 0.18634946662366603, 0.21217055445006527], "k_pid_att": [72.66558057070488, 4.044238333318695, 0.9083101433527109], "k_pid_yaw": [0.5, 1e-06, 0.1], "k_pid_hsp": [8.912194774456268, 0.7949705084645771, 0.19778140809524258], "k_pid_vsp": [162.52549463488043, 253.79776340498182, 194.87842366337037]}, "datetime": {"datetime": "2025-08-11 18:25:27", "elapsed": 7206.859154462814, "delta": 30.315569162368774}, "costs": {"total_cost": 931.2813423023466, "time_cost": 150, "final_distance_cost": 30.850717216104893, "oscillation_cost": 511.73731942865726, "completition_cost": 111.11111111111116, "overshoot_cost": 62.88096343099694, "power_cost": 34.86038623046875, "noise_cost": 29.84084488500749, "n_waypoints_completed": 8, "tot_waypoints": 9}}
{"target": -1991.8730375080265, "params": {"k_pid_pos": [1.464362450620422, 0.23313238659112645, 0.9162387054237104], "k_pid_alt": [1.2111866041171595, 0.01709113791005723, 0.1616215832435436], "k_pid_att": [28.498833128810197, 8.692668788855581, 0.8278363299595289], "k_pid_yaw": [0.5, 1e-06, 0.1], "k_pid_hsp": [5.7722979288708824, 0.24326257009597374, 0.3721417359234076], "k_pid_vsp": [107.54660026273326, 357.2006720958227, 344.80073827319563]}, "datetime": {"datetime": "2025-08-11 18:25:57", "elapsed": 7237.196901082993, "delta": 30.337746620178223}, "costs": {"total_cost": 1991.8730375080265, "time_cost": 150, "final_distance_cost": 43.22077127100174, "oscillation_cost": 665.0259253744655, "completition_cost": 1000.0, "overshoot_cost": 67.03183415781406, "power_cost": 34.68302087402344, "noise_cost": 31.911485830721794, "n_waypoints_completed": 0, "tot_waypoints": 9}}
