{"target": -923.0179309078922, "params": {"k_pid_pos": [1.9658397999275277, 0.076068355445013, 0.15839363685121044], "k_pid_alt": [0.5872808348319725, 0.09409089972812879, 0.6593987405294384], "k_pid_att": [39.08947758098634, 2.934624048214263, 0.8510309745078538], "k_pid_yaw": [0.5, 1e-06, 0.1], "k_pid_hsp": [1.3693160011983458, 0.2739326412364669, 0.6466861975386898], "k_pid_vsp": [196.08003396363506, 244.33227889543784, 114.12588147641577]}, "datetime": {"datetime": "2025-08-12 05:43:19", "elapsed": 47878.85295820236, "delta": 37.453845500946045}, "costs": {"total_cost": 923.0179309078922, "time_cost": 150, "final_distance_cost": 73.54128344862164, "oscillation_cost": 251.41856818298314, "completition_cost": 333.33333333333337, "overshoot_cost": 49.131253062311664, "power_cost": 36.419244433593754, "noise_cost": 29.17424844704848, "n_waypoints_completed": 6, "tot_waypoints": 9}}
{"target": -1315.9998097886767, "params": {"k_pid_pos": [1.359175803383313, 0.24139537781192144, 0.5363507211657803], "k_pid_alt": [0.02611596548479489, 0.6396403337223642, 0.6958682725504917], "k_pid_att": [47.227586380546406, 1.500376566136433, 0.08524854212869637], "k_pid_yaw": [0.5, 1e-06, 0.1], "k_pid_hsp": [1.6204395824835927, 0.6832087466009445, 0.9359186871830902], "k_pid_vsp": [219.5525404884387, 103.6738505221703, 45.34345141794368]}, "datetime": {"datetime": "2025-08-12 05:43:59", "elapsed": 47918.82636809349, "delta": 39.97340989112854}, "costs": {"total_cost": 1315.9998097886767, "time_cost": 150, "final_distance_cost": 64.89416110456976, "oscillation_cost": 294.76605997204837, "completition_cost": 666.6666666666667, "overshoot_cost": 71.63207873280071, "power_cost": 35.43227761230469, "noise_cost": 32.60856570028633, "n_waypoints_completed": 3, "tot_waypoints": 9}}
{"target": -384.6074168688378, "params": {"k_pid_pos": [2.0, 0.3909205163352947, 0.4430182289211972], "k_pid_alt": [1.7945754304296484, 0.473772118872207, 0.0], "k_pid_att": [3.1423909631791687, 1.4962019965124542, 1.0], "k_pid_yaw": [0.5, 1e-06, 0.1], "k_pid_hsp": [1.6948067270485785, 0.6961381267805593, 0.7853692354007994], "k_pid_vsp": [283.7621974161248, 288.05796766656516, 181.21173452007565]}, "datetime": {"datetime": "2025-08-12 05:44:37", "elapsed": 47957.13317346573, "delta": 38.30680537223816}, "costs": {"total_cost": 384.6074168688378, "time_cost": 118.71300000000001, "final_distance_cost": 1.7664996202815155, "oscillation_cost": 128.23707095492716, "completition_cost": 0.0, "overshoot_cost": 71.31105393630696, "power_cost": 35.03821583251953, "noise_cost": 29.54157652480259, "n_waypoints_completed": 9, "tot_waypoints": 9}}
{"target": -472.48745220468464, "params": {"k_pid_pos": [1.0432815137497533, 0.7883273636872643, 0.4376799407571622], "k_pid_alt": [1.0080428031664677, 0.6366530453550684, 0.8551782600376758], "k_pid_att": [14.44713164581235, 1.473611729965919, 0.22967042872856225], "k_pid_yaw": [0.5, 1e-06, 0.1], "k_pid_hsp": [5.237770451405531, 0.6767309694933095, 0.9981339468947893], "k_pid_vsp": [238.03937756437549, 273.8466527856943, 24.760041238635193]}, "datetime": {"datetime": "2025-08-12 05:45:11", "elapsed": 47990.93152976036, "delta": 33.79835629463196}, "costs": {"total_cost": 472.48745220468464, "time_cost": 107.891, "final_distance_cost": 1.7753615563010625, "oscillation_cost": 247.0094500685657, "completition_cost": 0.0, "overshoot_cost": 58.47679434942944, "power_cost": 29.547050231933596, "noise_cost": 27.78779599845477, "n_waypoints_completed": 9, "tot_waypoints": 9}}
{"target": -647.5639973479557, "params": {"k_pid_pos": [0.12442379935579238, 0.6976341511436938, 0.6774515588017954], "k_pid_alt": [0.9053170860517901, 0.21477630304696738, 0.8126420086123683], "k_pid_att": [6.134526034645527, 3.707073134265904, 0.8788649644677474], "k_pid_yaw": [0.5, 1e-06, 0.1], "k_pid_hsp": [9.887943108223583, 0.836350405053964, 0.10321357733780279], "k_pid_vsp": [245.80461041633347, 269.551905841667, 36.008962879676645]}, "datetime": {"datetime": "2025-08-12 05:45:50", "elapsed": 48029.50831365585, "delta": 38.576783895492554}, "costs": {"total_cost": 647.5639973479557, "time_cost": 150, "final_distance_cost": 64.71544615703442, "oscillation_cost": 98.72693365182677, "completition_cost": 222.2222222222222, "overshoot_cost": 52.622740938214555, "power_cost": 31.595879394531252, "noise_cost": 27.68077498412657, "n_waypoints_completed": 7, "tot_waypoints": 9}}
{"target": -479.8782713395587, "params": {"k_pid_pos": [1.8244483176410615, 0.7088985483744922, 0.646366034501952], "k_pid_alt": [0.9064212503979359, 0.20828184127236715, 0.20558637802772772], "k_pid_att": [30.482178256678903, 1.6042492466333018, 0.9187976077591523], "k_pid_yaw": [0.5, 1e-06, 0.1], "k_pid_hsp": [3.9816427970619808, 0.14894533594027726, 0.3249802378469898], "k_pid_vsp": [228.1975105439881, 324.1635880587799, 21.125639792067982]}, "datetime": {"datetime": "2025-08-12 05:46:27", "elapsed": 48066.797546863556, "delta": 37.28923320770264}, "costs": {"total_cost": 479.8782713395587, "time_cost": 98.35000000000001, "final_distance_cost": 1.7729359147028152, "oscillation_cost": 271.18002112000937, "completition_cost": 0.0, "overshoot_cost": 55.20633597777771, "power_cost": 28.518130029296877, "noise_cost": 24.850848297771904, "n_waypoints_completed": 9, "tot_waypoints": 9}}
{"target": -368.9819457214121, "params": {"k_pid_pos": [1.0666929394776452, 0.5427477526821303, 0.998639282796023], "k_pid_alt": [0.6489657512762448, 0.9759383137357529, 0.9702505458321973], "k_pid_att": [11.92428333138712, 2.691381486937826, 0.9708946269313452], "k_pid_yaw": [0.5, 1e-06, 0.1], "k_pid_hsp": [4.199382626822272, 0.9680224842094347, 0.14774794873362485], "k_pid_vsp": [181.90060293733688, 330.57985602781406, 11.237580136985176]}, "datetime": {"datetime": "2025-08-12 05:47:01", "elapsed": 48101.01955246925, "delta": 34.22200560569763}, "costs": {"total_cost": 368.9819457214121, "time_cost": 102.58500000000001, "final_distance_cost": 1.8033913979255771, "oscillation_cost": 154.540478257986, "completition_cost": 0.0, "overshoot_cost": 58.53616747756747, "power_cost": 26.344334875488283, "noise_cost": 25.172573712444798, "n_waypoints_completed": 9, "tot_waypoints": 9}}
{"target": -420.8566090427411, "params": {"k_pid_pos": [1.820328293746566, 0.45450620827770394, 0.7573579457298177], "k_pid_alt": [0.9743403780369009, 0.18105268707091848, 0.6824560974334504], "k_pid_att": [7.171664465800543, 6.163524216993498, 0.651901766538232], "k_pid_yaw": [0.5, 1e-06, 0.1], "k_pid_hsp": [6.388664469740267, 0.5091388891875278, 0.997148226889312], "k_pid_vsp": [284.63854430658887, 364.5827439891322, 21.401008158981163]}, "datetime": {"datetime": "2025-08-12 05:47:35", "elapsed": 48135.312312841415, "delta": 34.292760372161865}, "costs": {"total_cost": 420.8566090427411, "time_cost": 104.09700000000001, "final_distance_cost": 1.7381604737571017, "oscillation_cost": 207.39048216615183, "completition_cost": 0.0, "overshoot_cost": 54.368232101226816, "power_cost": 27.81357781982422, "noise_cost": 25.449156481781174, "n_waypoints_completed": 9, "tot_waypoints": 9}}
{"target": -280.21621802934914, "params": {"k_pid_pos": [2.0, 0.0, 1.0], "k_pid_alt": [2.0, 0.2536162264265383, 0.0], "k_pid_att": [57.47989649403458, 0.0001, 1.0], "k_pid_yaw": [0.5, 1e-06, 0.1], "k_pid_hsp": [9.033120767345244, 0.0, 0.0], "k_pid_vsp": [191.65500959047375, 304.241540395406, 142.25945764746987]}, "datetime": {"datetime": "2025-08-12 05:48:08", "elapsed": 48167.8179936409, "delta": 32.50568079948425}, "costs": {"total_cost": 280.21621802934914, "time_cost": 86.849, "final_distance_cost": 1.7807140869533276, "oscillation_cost": 95.06356350854178, "completition_cost": 0.0, "overshoot_cost": 53.586751299990745, "power_cost": 22.339041271972658, "noise_cost": 20.59714786189069, "n_waypoints_completed": 9, "tot_waypoints": 9}}
{"target": -462.8571737566861, "params": {"k_pid_pos": [1.2216762553453406, 0.17627572572316685, 0.5826519668196196], "k_pid_alt": [0.9818072649422538, 0.917557119668157, 0.4391813211578992], "k_pid_att": [13.41814810720905, 3.656233312932605, 0.12690033088824826], "k_pid_yaw": [0.5, 1e-06, 0.1], "k_pid_hsp": [2.1198128471966786, 0.22092329662809673, 0.10429540760282441], "k_pid_vsp": [247.3643119918274, 275.0586173690663, 43.17462099395213]}, "datetime": {"datetime": "2025-08-12 05:48:43", "elapsed": 48203.237541913986, "delta": 35.41954827308655}, "costs": {"total_cost": 462.8571737566861, "time_cost": 93.81400000000001, "final_distance_cost": 1.8009330389000313, "oscillation_cost": 261.77315807553765, "completition_cost": 0.0, "overshoot_cost": 56.46540473042296, "power_cost": 25.62799354248047, "noise_cost": 23.37568436934506, "n_waypoints_completed": 9, "tot_waypoints": 9}}
{"target": -698.4440444021686, "params": {"k_pid_pos": [1.945649243974143, 0.6055728192966203, 0.08582865980600862], "k_pid_alt": [0.4816696238584839, 0.8508522024538386, 0.4996333613758841], "k_pid_att": [7.365417695535392, 4.066244457672726, 0.9363020729653575], "k_pid_yaw": [0.5, 1e-06, 0.1], "k_pid_hsp": [6.777575498298857, 0.9473375378651931, 0.2955672330804091], "k_pid_vsp": [277.38048515541027, 367.6215612978184, 41.65974621062753]}, "datetime": {"datetime": "2025-08-12 05:49:25", "elapsed": 48244.830040216446, "delta": 41.59249830245972}, "costs": {"total_cost": 698.4440444021686, "time_cost": 150, "final_distance_cost": 66.06450607155881, "oscillation_cost": 128.8884064076463, "completition_cost": 222.2222222222222, "overshoot_cost": 64.31061881691743, "power_cost": 36.03833292236328, "noise_cost": 30.91995796146054, "n_waypoints_completed": 7, "tot_waypoints": 9}}
{"target": -544.7708968915795, "params": {"k_pid_pos": [0.6474936752203012, 0.3129256635260492, 0.12573076453824306], "k_pid_alt": [1.3552196698905459, 0.6283569226154115, 0.659768425015579], "k_pid_att": [38.803785585977394, 3.269177354128053, 0.3680224053584704], "k_pid_yaw": [0.5, 1e-06, 0.1], "k_pid_hsp": [6.007874529233072, 0.6014235785719112, 0.5538502175697736], "k_pid_vsp": [335.838663605176, 290.2884055696277, 251.18326177746016]}, "datetime": {"datetime": "2025-08-12 05:49:59", "elapsed": 48279.13413596153, "delta": 34.30409574508667}, "costs": {"total_cost": 544.7708968915795, "time_cost": 99.624, "final_distance_cost": 1.7896874405194414, "oscillation_cost": 331.545416593718, "completition_cost": 0.0, "overshoot_cost": 59.05887497693704, "power_cost": 28.55499168701172, "noise_cost": 24.197926193393254, "n_waypoints_completed": 9, "tot_waypoints": 9}}
{"target": -554.484111914271, "params": {"k_pid_pos": [1.5860494663334561, 0.9137874814367787, 0.9621707606417844], "k_pid_alt": [1.8192322887432506, 0.7528681061476121, 0.9693068001548271], "k_pid_att": [33.08104810547191, 3.1001491362963662, 0.16495909692865396], "k_pid_yaw": [0.5, 1e-06, 0.1], "k_pid_hsp": [6.296390901774632, 0.17888930487490762, 0.5625333409981828], "k_pid_vsp": [339.337137661826, 277.4004304078725, 234.88887361531746]}, "datetime": {"datetime": "2025-08-12 05:50:40", "elapsed": 48319.59761881828, "delta": 40.46348285675049}, "costs": {"total_cost": 554.484111914271, "time_cost": 95.06, "final_distance_cost": 1.758752059928778, "oscillation_cost": 350.9608985136787, "completition_cost": 0.0, "overshoot_cost": 56.37006850908983, "power_cost": 26.881556298828126, "noise_cost": 23.45283653274559, "n_waypoints_completed": 9, "tot_waypoints": 9}}
{"target": -1303.4379440994119, "params": {"k_pid_pos": [0.8982053463190016, 0.9117399149650073, 0.07912554832003693], "k_pid_alt": [0.6293120739619158, 0.6621011980880234, 0.6262704591954004], "k_pid_att": [35.80938801387163, 6.469636599604821, 0.8955102803017037], "k_pid_yaw": [0.5, 1e-06, 0.1], "k_pid_hsp": [5.443912196933269, 0.6912141858425471, 0.0428118885453489], "k_pid_vsp": [334.53337848769735, 277.3508515664159, 250.6629822987108]}, "datetime": {"datetime": "2025-08-12 05:51:20", "elapsed": 48359.97347855568, "delta": 40.37585973739624}, "costs": {"total_cost": 1303.4379440994119, "time_cost": 150, "final_distance_cost": 67.89467910451387, "oscillation_cost": 87.2871728781618, "completition_cost": 888.8888888888888, "overshoot_cost": 43.71780025812544, "power_cost": 35.660137109375, "noise_cost": 29.98926586034723, "n_waypoints_completed": 1, "tot_waypoints": 9}}
{"target": -689.7970872142479, "params": {"k_pid_pos": [1.146151130874294, 0.08831065074208322, 0.8702077396316106], "k_pid_alt": [0.6384319720471587, 0.4407523145134785, 0.9377008053737316], "k_pid_att": [43.23256361683235, 4.002816610039467, 0.7000391834019264], "k_pid_yaw": [0.5, 1e-06, 0.1], "k_pid_hsp": [3.3237465309341983, 0.2387335263588356, 0.9104744254722411], "k_pid_vsp": [229.19780951481576, 330.1438513791798, 22.473858555320067]}, "datetime": {"datetime": "2025-08-12 05:52:00", "elapsed": 48399.66405773163, "delta": 39.6905791759491}, "costs": {"total_cost": 689.7970872142479, "time_cost": 113.057, "final_distance_cost": 1.7882079569755602, "oscillation_cost": 454.47326552651185, "completition_cost": 0.0, "overshoot_cost": 59.55999207629259, "power_cost": 32.12162530517578, "noise_cost": 28.79699634929201, "n_waypoints_completed": 9, "tot_waypoints": 9}}
{"target": -552.650766931719, "params": {"k_pid_pos": [0.825677504384576, 0.7055408146879817, 0.9294033135232107], "k_pid_alt": [0.7510652572915981, 0.7258321356277422, 0.9163049750973563], "k_pid_att": [16.151557303095643, 6.440255206945203, 0.6970332870393537], "k_pid_yaw": [0.5, 1e-06, 0.1], "k_pid_hsp": [7.775199070202839, 0.3022394443969625, 0.4511784840758074], "k_pid_vsp": [229.91950891265844, 272.5982450773247, 28.4917764090458]}, "datetime": {"datetime": "2025-08-12 05:52:43", "elapsed": 48443.123735666275, "delta": 43.459677934646606}, "costs": {"total_cost": 552.650766931719, "time_cost": 119.294, "final_distance_cost": 1.7428309787747638, "oscillation_cost": 307.7075489931002, "completition_cost": 0.0, "overshoot_cost": 62.745382941725964, "power_cost": 31.050972766113283, "noise_cost": 30.11003125200477, "n_waypoints_completed": 9, "tot_waypoints": 9}}
{"target": -1177.898660062347, "params": {"k_pid_pos": [0.37354206120588074, 0.585632611040156, 0.8650493047955226], "k_pid_alt": [1.8801161696004056, 0.5762691835110296, 0.1623275511806742], "k_pid_att": [98.05244330006443, 3.7180654341496777, 0.41201517410100463], "k_pid_yaw": [0.5, 1e-06, 0.1], "k_pid_hsp": [5.470656630428225, 0.4733917309931378, 0.41742095108345945], "k_pid_vsp": [384.94227197754753, 379.8368299126667, 383.8136085528567]}, "datetime": {"datetime": "2025-08-12 05:53:23", "elapsed": 48482.953414440155, "delta": 39.829678773880005}, "costs": {"total_cost": 1177.898660062347, "time_cost": 150, "final_distance_cost": 68.77532143992616, "oscillation_cost": 621.0726538890337, "completition_cost": 222.2222222222222, "overshoot_cost": 52.48739823620673, "power_cost": 35.423128527832034, "noise_cost": 27.917935747126187, "n_waypoints_completed": 7, "tot_waypoints": 9}}
{"target": -470.23087827925076, "params": {"k_pid_pos": [1.545630011324156, 0.3087557207134207, 0.6506058927082812], "k_pid_alt": [1.8235410673360986, 0.38475186275407913, 0.47648046404281297], "k_pid_att": [59.6855024805253, 7.85170415704776, 0.5476075311474722], "k_pid_yaw": [0.5, 1e-06, 0.1], "k_pid_hsp": [8.642317399613022, 0.7547990377434608, 0.5230563194301133], "k_pid_vsp": [397.88651892337896, 120.39517571644237, 91.26606082179339]}, "datetime": {"datetime": "2025-08-12 05:53:51", "elapsed": 48510.65609240532, "delta": 27.702677965164185}, "costs": {"total_cost": 470.23087827925076, "time_cost": 81.186, "final_distance_cost": 1.747952390730366, "oscillation_cost": 291.50259976455465, "completition_cost": 0.0, "overshoot_cost": 52.44834150873102, "power_cost": 23.38294343261719, "noise_cost": 19.963041182617534, "n_waypoints_completed": 9, "tot_waypoints": 9}}
{"target": -1551.8028263662459, "params": {"k_pid_pos": [1.3528418738200287, 0.824738648375618, 0.7331921026416695], "k_pid_alt": [0.530034207544084, 0.9026993088401177, 0.9835533589648647], "k_pid_att": [36.52681438130817, 9.378032083120173, 0.6577604162498383], "k_pid_yaw": [0.5, 1e-06, 0.1], "k_pid_hsp": [0.060430234700890324, 0.3458437856740504, 0.8148600557818878], "k_pid_vsp": [53.70809942608599, 298.59666676107304, 35.83414771768223]}, "datetime": {"datetime": "2025-08-12 05:54:32", "elapsed": 48551.43356633186, "delta": 40.77747392654419}, "costs": {"total_cost": 1551.8028263662459, "time_cost": 150, "final_distance_cost": 51.719024078772364, "oscillation_cost": 512.5837989971967, "completition_cost": 666.6666666666667, "overshoot_cost": 107.19716063074104, "power_cost": 33.70148935546875, "noise_cost": 29.934686637400322, "n_waypoints_completed": 3, "tot_waypoints": 9}}
{"target": -1164.9360102288808, "params": {"k_pid_pos": [1.2895638667570049, 0.4600140583155665, 0.42350385898401444], "k_pid_alt": [1.683405335529405, 0.539462796065124, 0.9655345700957947], "k_pid_att": [51.88970808698997, 1.9401579460481844, 0.6317470025165672], "k_pid_yaw": [0.5, 1e-06, 0.1], "k_pid_hsp": [0.17319823248298652, 0.06667752446836284, 0.5097813455265415], "k_pid_vsp": [181.49885503483966, 301.5867631759647, 148.71176264165317]}, "datetime": {"datetime": "2025-08-12 05:55:09", "elapsed": 48588.927872657776, "delta": 37.494306325912476}, "costs": {"total_cost": 1164.9360102288808, "time_cost": 150, "final_distance_cost": 66.35949370243948, "oscillation_cost": 441.81567029116576, "completition_cost": 333.33333333333337, "overshoot_cost": 111.15756951318014, "power_cost": 34.2068279296875, "noise_cost": 28.063115459074577, "n_waypoints_completed": 6, "tot_waypoints": 9}}
{"target": -952.8205880171922, "params": {"k_pid_pos": [1.4053414724969842, 0.855209683528918, 0.5987971732176133], "k_pid_alt": [0.3187211611948224, 0.18685594652386395, 0.6434087372889342], "k_pid_att": [15.382163464856834, 0.6557695500919352, 0.629263326921853], "k_pid_yaw": [0.5, 1e-06, 0.1], "k_pid_hsp": [5.079456241645405, 0.5340285600108862, 0.3376715584442599], "k_pid_vsp": [35.86902308822131, 332.95055406925326, 157.7388481679345]}, "datetime": {"datetime": "2025-08-12 05:55:46", "elapsed": 48626.20139050484, "delta": 37.27351784706116}, "costs": {"total_cost": 952.8205880171922, "time_cost": 150, "final_distance_cost": 57.51507697076856, "oscillation_cost": 293.7268759802752, "completition_cost": 333.33333333333337, "overshoot_cost": 54.94157211287135, "power_cost": 32.78060031738281, "noise_cost": 30.523129302560942, "n_waypoints_completed": 6, "tot_waypoints": 9}}
{"target": -332.47330459705705, "params": {"k_pid_pos": [1.8579698506560174, 1.0, 0.537829384652101], "k_pid_alt": [1.3793989832606581, 0.0, 0.3988185510137959], "k_pid_att": [18.619917248436185, 0.8852956412801551, 0.6965397891556797], "k_pid_yaw": [0.5, 1e-06, 0.1], "k_pid_hsp": [7.810320174250087, 1.0, 0.2969567261743951], "k_pid_vsp": [226.996718449653, 32.54542463436343, 35.60740998212719]}, "datetime": {"datetime": "2025-08-12 05:56:22", "elapsed": 48661.963260412216, "delta": 35.76186990737915}, "costs": {"total_cost": 332.47330459705705, "time_cost": 90.552, "final_distance_cost": 1.7303678637541995, "oscillation_cost": 128.28486764640795, "completition_cost": 0.0, "overshoot_cost": 61.271135584564526, "power_cost": 26.050561071777345, "noise_cost": 24.58437243055302, "n_waypoints_completed": 9, "tot_waypoints": 9}}
{"target": -909.3974256974337, "params": {"k_pid_pos": [0.3713163650633661, 0.44042525834061763, 0.7830470101575691], "k_pid_alt": [1.676518811556276, 0.14365349014300377, 0.8576106720076628], "k_pid_att": [15.195139127244738, 2.8694795651729104, 0.4425284580330129], "k_pid_yaw": [0.5, 1e-06, 0.1], "k_pid_hsp": [7.207163846739, 0.5865899281117789, 0.24702014338763956], "k_pid_vsp": [75.20495104564509, 207.62540106400837, 31.279811183055067]}, "datetime": {"datetime": "2025-08-12 05:57:00", "elapsed": 48699.43693137169, "delta": 37.473670959472656}, "costs": {"total_cost": 909.3974256974337, "time_cost": 150, "final_distance_cost": 70.26709645253125, "oscillation_cost": 362.537448159804, "completition_cost": 222.2222222222222, "overshoot_cost": 44.92575006567843, "power_cost": 31.411210888671878, "noise_cost": 28.033697908525987, "n_waypoints_completed": 7, "tot_waypoints": 9}}
{"target": -463.8203907304119, "params": {"k_pid_pos": [1.5263368802609905, 0.4899281636086511, 0.7192613535740261], "k_pid_alt": [1.3693140603417717, 0.5408473357081852, 0.5536686207794141], "k_pid_att": [41.131005663852584, 8.079519930881617, 0.8421587551192141], "k_pid_yaw": [0.5, 1e-06, 0.1], "k_pid_hsp": [4.496542818242335, 0.8165238939114728, 0.5639403778664194], "k_pid_vsp": [191.42472107747213, 303.92107349729037, 142.2059232513988]}, "datetime": {"datetime": "2025-08-12 05:57:29", "elapsed": 48728.66951727867, "delta": 29.232585906982422}, "costs": {"total_cost": 463.8203907304119, "time_cost": 87.885, "final_distance_cost": 1.7400323713674082, "oscillation_cost": 273.9999555896835, "completition_cost": 0.0, "overshoot_cost": 53.25321863042762, "power_cost": 25.176136645507814, "noise_cost": 21.766047493425518, "n_waypoints_completed": 9, "tot_waypoints": 9}}
{"target": -1022.5726339243786, "params": {"k_pid_pos": [1.7509275354373122, 0.41696666991386555, 0.539869136054366], "k_pid_alt": [0.16493590579616768, 0.3748929544846471, 0.6012370719080755], "k_pid_att": [47.11086952669346, 8.976483768828436, 0.7646331552723535], "k_pid_yaw": [0.5, 1e-06, 0.1], "k_pid_hsp": [3.7681778782346136, 0.0699346673018526, 0.698038965091103], "k_pid_vsp": [178.2061691765179, 335.49555216292646, 63.73684524533115]}, "datetime": {"datetime": "2025-08-12 05:58:07", "elapsed": 48766.57651877403, "delta": 37.90700149536133}, "costs": {"total_cost": 1022.5726339243786, "time_cost": 150, "final_distance_cost": 69.59202439797791, "oscillation_cost": 460.126034983811, "completition_cost": 222.2222222222222, "overshoot_cost": 55.56255955031204, "power_cost": 36.08582554931641, "noise_cost": 28.98396722073918, "n_waypoints_completed": 7, "tot_waypoints": 9}}
