{"target": -553.5949947983519, "params": {"k_pid_pos": [1.0003779264984358, 0.4617701298537247, 0.06819870090640667], "k_pid_alt": [0.268542146185178, 0.36123787713254996, 0.028177772130224543], "k_pid_att": [33.660429984412986, 3.03618308584363, 0.015486880095290756], "k_pid_yaw": [0.5, 1e-06, 0.1], "k_pid_hsp": [5.025999844626767, 0.6327754526520218, 0.44217343186887115], "k_pid_vsp": [273.0528935022039, 322.4337295168782, 81.7388329163068]}, "datetime": {"datetime": "2025-08-12 04:25:45", "elapsed": 43225.31187415123, "delta": 32.9148473739624}, "costs": {"total_cost": 553.5949947983519, "time_cost": 101.626, "final_distance_cost": 1.7756876173169789, "oscillation_cost": 337.61980434259226, "completition_cost": 0.0, "overshoot_cost": 57.128964376677686, "power_cost": 29.986959118652344, "noise_cost": 25.45757934311265, "n_waypoints_completed": 9, "tot_waypoints": 9}}
{"target": -493.770771480591, "params": {"k_pid_pos": [1.2753448479854632, 0.4780000590871538, 0.300879898129524], "k_pid_alt": [1.7545969605316913, 0.7502281255040646, 0.5726888844783881], "k_pid_att": [33.000150693731676, 8.833288322678724, 0.7848448002845284], "k_pid_yaw": [0.5, 1e-06, 0.1], "k_pid_hsp": [6.514374797278149, 0.2736478336970751, 0.34924033854913195], "k_pid_vsp": [229.31981900795387, 325.89217765293137, 11.850493132914629]}, "datetime": {"datetime": "2025-08-12 04:26:17", "elapsed": 43256.658386707306, "delta": 31.34651255607605}, "costs": {"total_cost": 493.770771480591, "time_cost": 88.186, "final_distance_cost": 1.7815409007538103, "oscillation_cost": 302.61601631984695, "completition_cost": 0.0, "overshoot_cost": 52.76716863530468, "power_cost": 25.425206677246095, "noise_cost": 22.99483894743944, "n_waypoints_completed": 9, "tot_waypoints": 9}}
{"target": -1115.422745507344, "params": {"k_pid_pos": [1.3506074047592702, 0.009873518979140239, 0.4035890127783003], "k_pid_alt": [0.3458799975124638, 0.6449812484857342, 0.09660817934404853], "k_pid_att": [10.095718817965249, 2.117229011621914, 0.9233763726099536], "k_pid_yaw": [0.5, 1e-06, 0.1], "k_pid_hsp": [0.05426829864001689, 0.8987262504140232, 0.7042543032554263], "k_pid_vsp": [234.3790813864847, 267.8774669037549, 17.543383023131412]}, "datetime": {"datetime": "2025-08-12 04:26:54", "elapsed": 43294.05958819389, "delta": 37.401201486587524}, "costs": {"total_cost": 1115.422745507344, "time_cost": 150, "final_distance_cost": 63.131943562549615, "oscillation_cost": 214.58930523531149, "completition_cost": 555.5555555555555, "overshoot_cost": 69.9070937093259, "power_cost": 32.34793388671875, "noise_cost": 29.890913557882616, "n_waypoints_completed": 4, "tot_waypoints": 9}}
{"target": -1374.9301132879314, "params": {"k_pid_pos": [0.1768859372118748, 0.22610857176954913, 0.18353614926342676], "k_pid_alt": [0.33819694203437534, 0.5162065019714032, 0.7092179175495062], "k_pid_att": [37.27522970926264, 3.4493611659940027, 0.940301197309412], "k_pid_yaw": [0.5, 1e-06, 0.1], "k_pid_hsp": [9.210227868561015, 0.769162571919174, 0.5934723591504261], "k_pid_vsp": [197.79420128649093, 249.90449606942636, 123.12257388698852]}, "datetime": {"datetime": "2025-08-12 04:27:30", "elapsed": 43330.27381277084, "delta": 36.21422457695007}, "costs": {"total_cost": 1374.9301132879314, "time_cost": 150, "final_distance_cost": 45.68412137189361, "oscillation_cost": 508.4807142493094, "completition_cost": 555.5555555555555, "overshoot_cost": 53.7889923331315, "power_cost": 33.54230104980469, "noise_cost": 27.87842872823639, "n_waypoints_completed": 4, "tot_waypoints": 9}}
{"target": -258.8147175478367, "params": {"k_pid_pos": [0.7921189443410072, 0.6617936898733316, 0.4593956449621259], "k_pid_alt": [1.7104659927221284, 0.6244715619893035, 0.4343862970884317], "k_pid_att": [32.61506494173075, 5.105450707251506, 0.8339915663549762], "k_pid_yaw": [0.5, 1e-06, 0.1], "k_pid_hsp": [5.823525808717339, 0.312049395070518, 0.006822483386055178], "k_pid_vsp": [27.656279736743052, 394.00259444001426, 58.68855489847752]}, "datetime": {"datetime": "2025-08-12 04:28:04", "elapsed": 43364.265692949295, "delta": 33.99188017845154}, "costs": {"total_cost": 258.8147175478367, "time_cost": 90.916, "final_distance_cost": 1.7295683905259398, "oscillation_cost": 68.40202642714534, "completition_cost": 0.0, "overshoot_cost": 52.624613694594174, "power_cost": 23.81252237548828, "noise_cost": 21.329986660083012, "n_waypoints_completed": 9, "tot_waypoints": 9}}
{"target": -578.7122164608259, "params": {"k_pid_pos": [1.5825914404684949, 0.8107053429281892, 0.5628597430845212], "k_pid_alt": [0.5044430702451572, 0.3286752479468551, 0.9496072683078346], "k_pid_att": [42.73519838871277, 7.0101661418202355, 0.18653670664395805], "k_pid_yaw": [0.5, 1e-06, 0.1], "k_pid_hsp": [5.877915784275751, 0.7307447984241883, 0.9644541081276958], "k_pid_vsp": [230.38601597113657, 321.7209620622304, 19.62358199920108]}, "datetime": {"datetime": "2025-08-12 04:28:41", "elapsed": 43401.09352564812, "delta": 36.82783269882202}, "costs": {"total_cost": 578.7122164608259, "time_cost": 116.536, "final_distance_cost": 1.7692702732247791, "oscillation_cost": 337.0763248478256, "completition_cost": 0.0, "overshoot_cost": 59.49569465257574, "power_cost": 34.22530261230469, "noise_cost": 29.60962407489504, "n_waypoints_completed": 9, "tot_waypoints": 9}}
{"target": -509.0404473021742, "params": {"k_pid_pos": [0.9305270783767186, 0.6827606134602153, 0.35606031302685426], "k_pid_alt": [0.38375020171781427, 0.7328352192476413, 0.2151263135854481], "k_pid_att": [18.239268483796213, 4.612455490783167, 0.4415359532830323], "k_pid_yaw": [0.5, 1e-06, 0.1], "k_pid_hsp": [3.277888003170892, 0.9584022816071269, 0.2556424218546426], "k_pid_vsp": [78.67415866124668, 214.8556012223751, 39.647768897937496]}, "datetime": {"datetime": "2025-08-12 04:29:17", "elapsed": 43437.17914533615, "delta": 36.08561968803406}, "costs": {"total_cost": 509.0404473021742, "time_cost": 113.071, "final_distance_cost": 1.7743122516677798, "oscillation_cost": 270.7296290851151, "completition_cost": 0.0, "overshoot_cost": 63.63064720185087, "power_cost": 30.549963708496094, "noise_cost": 29.28489505504431, "n_waypoints_completed": 9, "tot_waypoints": 9}}
{"target": -236.73580733004704, "params": {"k_pid_pos": [2.0, 0.0, 1.0], "k_pid_alt": [2.0, 0.4898243101741068, 0.0], "k_pid_att": [41.926439999067966, 1.4108453058266468, 1.0], "k_pid_yaw": [0.5, 1e-06, 0.1], "k_pid_hsp": [2.1713443930060423, 1.0, 0.0], "k_pid_vsp": [186.64795768619737, 305.1899887500153, 140.55656872295074]}, "datetime": {"datetime": "2025-08-12 04:29:46", "elapsed": 43466.01365566254, "delta": 28.834510326385498}, "costs": {"total_cost": 236.73580733004704, "time_cost": 85.10600000000001, "final_distance_cost": 1.8202319862290741, "oscillation_cost": 52.42239945643948, "completition_cost": 0.0, "overshoot_cost": 53.74332074386566, "power_cost": 23.061285119628906, "noise_cost": 20.582570023883896, "n_waypoints_completed": 9, "tot_waypoints": 9}}
{"target": -932.7649581781242, "params": {"k_pid_pos": [0.5016448526816416, 0.4892698539624606, 0.8832337700383737], "k_pid_alt": [1.953525242265176, 0.24165221317648855, 0.3425547220360129], "k_pid_att": [18.02498961213671, 6.9793946994695, 0.7128465679375553], "k_pid_yaw": [0.5, 1e-06, 0.1], "k_pid_hsp": [8.004107766973199, 0.7758711026594224, 0.8211555720816408], "k_pid_vsp": [77.85425041461353, 211.36041234847136, 37.07407243218823]}, "datetime": {"datetime": "2025-08-12 04:30:24", "elapsed": 43504.04282140732, "delta": 38.029165744781494}, "costs": {"total_cost": 932.7649581781242, "time_cost": 150, "final_distance_cost": 69.56820018281145, "oscillation_cost": 384.5165865452789, "completition_cost": 222.2222222222222, "overshoot_cost": 45.74550381073015, "power_cost": 32.38156190185547, "noise_cost": 28.330883515226024, "n_waypoints_completed": 7, "tot_waypoints": 9}}
{"target": -1066.573385061513, "params": {"k_pid_pos": [0.11686793932796943, 0.5947059187135283, 0.36106550668619497], "k_pid_alt": [0.908113437287482, 0.006168391379378746, 0.6970404453377905], "k_pid_att": [9.63918306786834, 3.986404854688056, 0.29298718816325997], "k_pid_yaw": [0.5, 1e-06, 0.1], "k_pid_hsp": [2.7168643592337394, 0.769514654320493, 0.88258798360956], "k_pid_vsp": [278.41871152521634, 284.13269133047663, 184.10341326508194]}, "datetime": {"datetime": "2025-08-12 04:31:03", "elapsed": 43542.62049818039, "delta": 38.57767677307129}, "costs": {"total_cost": 1066.573385061513, "time_cost": 150, "final_distance_cost": 46.97791643122614, "oscillation_cost": 299.4076041245842, "completition_cost": 444.4444444444444, "overshoot_cost": 63.077452538476955, "power_cost": 34.08557077636719, "noise_cost": 28.580396746414, "n_waypoints_completed": 5, "tot_waypoints": 9}}
{"target": -947.577917015963, "params": {"k_pid_pos": [0.475338753234106, 0.9609112407389522, 0.751683066304429], "k_pid_alt": [1.0361786325628055, 0.28842787823123717, 0.18965656282938415], "k_pid_att": [37.20864117974819, 0.665601665791395, 0.765732467816812], "k_pid_yaw": [0.5, 1e-06, 0.1], "k_pid_hsp": [5.087786974336145, 0.4916358250590741, 0.9447879815729234], "k_pid_vsp": [176.28034741673022, 305.5996456208897, 141.9969463193044]}, "datetime": {"datetime": "2025-08-12 04:31:44", "elapsed": 43584.12735772133, "delta": 41.50685954093933}, "costs": {"total_cost": 947.577917015963, "time_cost": 150, "final_distance_cost": 72.34310854144466, "oscillation_cost": 264.6299802660804, "completition_cost": 333.33333333333337, "overshoot_cost": 63.08201606227155, "power_cost": 35.09590427246094, "noise_cost": 29.093574540371918, "n_waypoints_completed": 6, "tot_waypoints": 9}}
{"target": -1604.2179839514938, "params": {"k_pid_pos": [0.09250727582275686, 0.3205676698017692, 0.3331641238494406], "k_pid_alt": [1.3640076412594242, 0.6276060412336709, 0.6706227841807233], "k_pid_att": [33.36492057720574, 6.747931959342084, 0.14902469702502974], "k_pid_yaw": [0.5, 1e-06, 0.1], "k_pid_hsp": [0.4785387377453021, 0.24997301171695896, 0.7370227377432226], "k_pid_vsp": [273.25112187248715, 310.32974408902083, 79.27844243803095]}, "datetime": {"datetime": "2025-08-12 04:32:22", "elapsed": 43621.73750758171, "delta": 37.61014986038208}, "costs": {"total_cost": 1604.2179839514938, "time_cost": 150, "final_distance_cost": 50.87600912074099, "oscillation_cost": 598.4920393706051, "completition_cost": 666.6666666666667, "overshoot_cost": 77.00018853403326, "power_cost": 32.70081192626953, "noise_cost": 28.482268333178187, "n_waypoints_completed": 3, "tot_waypoints": 9}}
{"target": -505.9684977763392, "params": {"k_pid_pos": [1.2571533237726669, 0.6623444839731057, 0.3917934418165361], "k_pid_alt": [0.824965718243384, 0.5705517002624683, 0.8169752881790923], "k_pid_att": [35.86914856163803, 9.239345399795344, 0.4353121818728004], "k_pid_yaw": [0.5, 1e-06, 0.1], "k_pid_hsp": [7.705595038176747, 0.5394557644068114, 0.3125844431888286], "k_pid_vsp": [234.68182752215094, 23.807794712124753, 32.28731711274041]}, "datetime": {"datetime": "2025-08-12 04:32:55", "elapsed": 43655.21309328079, "delta": 33.47558569908142}, "costs": {"total_cost": 505.9684977763392, "time_cost": 102.095, "final_distance_cost": 1.771209225813824, "oscillation_cost": 288.4996243296902, "completition_cost": 0.0, "overshoot_cost": 57.183110513825866, "power_cost": 29.519800549316408, "noise_cost": 26.899753157692885, "n_waypoints_completed": 9, "tot_waypoints": 9}}
{"target": -645.1068680405031, "params": {"k_pid_pos": [0.8034777654214537, 0.5380260240499937, 0.8519404213068934], "k_pid_alt": [1.8240870826339524, 0.4455631815830522, 0.8249298871636194], "k_pid_att": [56.640642227665225, 9.895038277513335, 0.4947530403895499], "k_pid_yaw": [0.5, 1e-06, 0.1], "k_pid_hsp": [2.216999548914165, 0.26148239942654383, 0.1324228987318259], "k_pid_vsp": [209.73429491024902, 221.38471176693955, 125.60242988731578]}, "datetime": {"datetime": "2025-08-12 04:33:35", "elapsed": 43694.944187402725, "delta": 39.73109412193298}, "costs": {"total_cost": 645.1068680405031, "time_cost": 107.73700000000001, "final_distance_cost": 1.766430573877213, "oscillation_cost": 423.7018908975471, "completition_cost": 0.0, "overshoot_cost": 54.43830942762798, "power_cost": 31.47836483154297, "noise_cost": 25.9848723099078, "n_waypoints_completed": 9, "tot_waypoints": 9}}
{"target": -551.8586972530726, "params": {"k_pid_pos": [1.3362826152574114, 0.15468373582684403, 0.8464386299776869], "k_pid_alt": [1.208597882740503, 0.7750493739453075, 0.922605110930451], "k_pid_att": [35.4126111527839, 3.1678308654347562, 0.5659846551176148], "k_pid_yaw": [0.5, 1e-06, 0.1], "k_pid_hsp": [6.652440790835132, 0.004481671280277322, 0.7920349232255095], "k_pid_vsp": [268.7476708049891, 320.08970191062303, 77.16744188439863]}, "datetime": {"datetime": "2025-08-12 04:34:10", "elapsed": 43729.737090826035, "delta": 34.792903423309326}, "costs": {"total_cost": 551.8586972530726, "time_cost": 96.152, "final_distance_cost": 1.7549007638584904, "oscillation_cost": 347.1559602566657, "completition_cost": 0.0, "overshoot_cost": 56.35972849256849, "power_cost": 27.099837036132815, "noise_cost": 23.336270703847045, "n_waypoints_completed": 9, "tot_waypoints": 9}}
{"target": -516.5437145527973, "params": {"k_pid_pos": [1.6586597314543956, 0.7145270309111788, 0.27299290450913427], "k_pid_alt": [1.6595778991371022, 0.5536359721817393, 0.7772171126215746], "k_pid_att": [44.62791157018932, 5.219776379976876, 0.8107934391419237], "k_pid_yaw": [0.5, 1e-06, 0.1], "k_pid_hsp": [4.0332470359813914, 0.12728849750159288, 0.9864978213710928], "k_pid_vsp": [68.3274621771766, 366.8428287880727, 90.00071472994613]}, "datetime": {"datetime": "2025-08-12 04:34:48", "elapsed": 43767.887427806854, "delta": 38.1503369808197}, "costs": {"total_cost": 516.5437145527973, "time_cost": 117.95700000000001, "final_distance_cost": 1.7540548404654137, "oscillation_cost": 266.88109686752614, "completition_cost": 0.0, "overshoot_cost": 65.31861732638912, "power_cost": 35.64075447998047, "noise_cost": 28.992191038436093, "n_waypoints_completed": 9, "tot_waypoints": 9}}
{"target": -1480.662567348847, "params": {"k_pid_pos": [0.11352077821996195, 0.25826738527090654, 0.3862781497950051], "k_pid_alt": [1.0153050214840418, 0.3974385991233299, 0.989060678678184], "k_pid_att": [1.7271153512212645, 5.2677753746120874, 0.9927963517077939], "k_pid_yaw": [0.5, 1e-06, 0.1], "k_pid_hsp": [2.8093466415413144, 0.7660444857622901, 0.5573069080135814], "k_pid_vsp": [75.4767550942992, 347.90161590014094, 141.99773216669954]}, "datetime": {"datetime": "2025-08-12 04:35:25", "elapsed": 43805.07727074623, "delta": 37.18984293937683}, "costs": {"total_cost": 1480.662567348847, "time_cost": 150, "final_distance_cost": 93.35706281923709, "oscillation_cost": 311.26153858257896, "completition_cost": 777.7777777777778, "overshoot_cost": 74.11135904988008, "power_cost": 42.391032958984376, "noise_cost": 31.7637961603886, "n_waypoints_completed": 2, "tot_waypoints": 9}}
{"target": -483.4705275528388, "params": {"k_pid_pos": [1.406085575638941, 0.10211952076734476, 0.8099665391477446], "k_pid_alt": [1.3842266990818588, 0.2729401282124382, 0.6577331537088916], "k_pid_att": [34.90423257340365, 3.8868401493943057, 0.4324950509366553], "k_pid_yaw": [0.5, 1e-06, 0.1], "k_pid_hsp": [9.846948102805833, 0.1760688372567245, 0.3909680423098445], "k_pid_vsp": [203.6748474779837, 242.4710102585998, 120.3125331659649]}, "datetime": {"datetime": "2025-08-12 04:35:58", "elapsed": 43838.061050891876, "delta": 32.98378014564514}, "costs": {"total_cost": 483.4705275528388, "time_cost": 82.306, "final_distance_cost": 1.7741406115304088, "oscillation_cost": 304.19854401407895, "completition_cost": 0.0, "overshoot_cost": 51.99446332212165, "power_cost": 23.130465649414063, "noise_cost": 20.066913955693742, "n_waypoints_completed": 9, "tot_waypoints": 9}}
{"target": -302.2621285552634, "params": {"k_pid_pos": [1.3074310520852555, 0.6826603371019452, 0.11791771452958932], "k_pid_alt": [0.7151564527597771, 0.19973601947139197, 0.22736183244242048], "k_pid_att": [22.590362948998756, 1.088020550095168, 0.6948527462262797], "k_pid_yaw": [0.5, 1e-06, 0.1], "k_pid_hsp": [6.007057659113901, 0.9957567537366121, 0.02105372450604792], "k_pid_vsp": [301.6914023981559, 309.59928897770857, 168.10666273065323]}, "datetime": {"datetime": "2025-08-12 04:36:37", "elapsed": 43876.459644556046, "delta": 38.39859366416931}, "costs": {"total_cost": 302.2621285552634, "time_cost": 109.97, "final_distance_cost": 1.7327245740336183, "oscillation_cost": 74.59419396003638, "completition_cost": 0.0, "overshoot_cost": 59.25021272484292, "power_cost": 29.84655703125, "noise_cost": 26.86844026510053, "n_waypoints_completed": 9, "tot_waypoints": 9}}
{"target": -1220.0876467956375, "params": {"k_pid_pos": [0.4980304500092761, 0.8038813738002205, 0.5908331268934436], "k_pid_alt": [0.6241418853922354, 0.6495084128283801, 0.8886546712603208], "k_pid_att": [48.71006318095071, 6.713149081788109, 0.18200429282455188], "k_pid_yaw": [0.5, 1e-06, 0.1], "k_pid_hsp": [5.02860490051353, 0.9714747741286811, 0.8018370213739081], "k_pid_vsp": [340.0316044996346, 281.33593531333474, 250.7042357048499]}, "datetime": {"datetime": "2025-08-12 04:37:17", "elapsed": 43917.0472972393, "delta": 40.58765268325806}, "costs": {"total_cost": 1220.0876467956375, "time_cost": 150, "final_distance_cost": 36.24130181266039, "oscillation_cost": 345.59081570450365, "completition_cost": 555.5555555555555, "overshoot_cost": 66.8679204041575, "power_cost": 37.01490405273438, "noise_cost": 28.817149266025716, "n_waypoints_completed": 4, "tot_waypoints": 9}}
{"target": -687.2303348897684, "params": {"k_pid_pos": [0.9203053011234952, 0.6594303453893438, 0.6399541464688434], "k_pid_alt": [1.8403916542173135, 0.384163719615218, 0.9035098264785176], "k_pid_att": [44.27364119619253, 9.897783587629318, 0.15027312580252294], "k_pid_yaw": [0.5, 1e-06, 0.1], "k_pid_hsp": [5.694772669501448, 0.6096411078798966, 0.645510297862881], "k_pid_vsp": [122.28450449654159, 108.01284703073156, 63.18692709391562]}, "datetime": {"datetime": "2025-08-12 04:37:52", "elapsed": 43951.70649313927, "delta": 34.65919589996338}, "costs": {"total_cost": 687.2303348897684, "time_cost": 112.315, "final_distance_cost": 1.7951008541118136, "oscillation_cost": 457.8908144848551, "completition_cost": 0.0, "overshoot_cost": 55.839820316962175, "power_cost": 32.39691177978516, "noise_cost": 26.992687454054153, "n_waypoints_completed": 9, "tot_waypoints": 9}}
{"target": -520.7090524414953, "params": {"k_pid_pos": [1.4336276102485523, 0.5899782723043717, 0.7783712260578868], "k_pid_alt": [0.8608635552278, 0.5056438389396279, 0.8242454512691568], "k_pid_att": [18.732419193475053, 5.680056555806831, 0.3857883680414404], "k_pid_yaw": [0.5, 1e-06, 0.1], "k_pid_hsp": [6.571515363498774, 0.5185539195035637, 0.39829074023768307], "k_pid_vsp": [76.67148719279544, 193.66984344453616, 36.80849105357472]}, "datetime": {"datetime": "2025-08-12 04:38:24", "elapsed": 43983.88942861557, "delta": 32.1829354763031}, "costs": {"total_cost": 520.7090524414953, "time_cost": 98.44800000000001, "final_distance_cost": 1.7490594330800524, "oscillation_cost": 313.64857898665133, "completition_cost": 0.0, "overshoot_cost": 56.25689435089481, "power_cost": 26.190630810546875, "noise_cost": 24.415888860322244, "n_waypoints_completed": 9, "tot_waypoints": 9}}
{"target": -948.5776580826193, "params": {"k_pid_pos": [0.6411176193233952, 0.44348276723805535, 0.3011971701346705], "k_pid_alt": [1.6627401374280535, 0.48409006096260865, 0.9614091700399936], "k_pid_att": [77.7895342557728, 1.7298510570785681, 0.2426694604498022], "k_pid_yaw": [0.5, 1e-06, 0.1], "k_pid_hsp": [3.1630226036525495, 0.0707098148546973, 0.9683649482616814], "k_pid_vsp": [252.15561277274915, 267.7021737172257, 277.5290420495542]}, "datetime": {"datetime": "2025-08-12 04:39:01", "elapsed": 44021.28858542442, "delta": 37.39915680885315}, "costs": {"total_cost": 948.5776580826193, "time_cost": 150, "final_distance_cost": 60.01505578099455, "oscillation_cost": 379.7385968514167, "completition_cost": 222.2222222222222, "overshoot_cost": 69.03178069037092, "power_cost": 38.09660963134766, "noise_cost": 29.473392906267357, "n_waypoints_completed": 7, "tot_waypoints": 9}}
{"target": -894.1517399100279, "params": {"k_pid_pos": [0.5891199534983875, 0.707007370859524, 0.7446228809035947], "k_pid_alt": [1.6001415062764015, 0.4589399779595603, 0.7220501418053287], "k_pid_att": [8.677159296341285, 4.141144165076348, 0.07484842493865984], "k_pid_yaw": [0.5, 1e-06, 0.1], "k_pid_hsp": [1.615738718870104, 0.31753615915952016, 0.6930632058483412], "k_pid_vsp": [226.82762658981818, 278.286384419542, 24.70183293534583]}, "datetime": {"datetime": "2025-08-12 04:39:46", "elapsed": 44066.23967027664, "delta": 44.95108485221863}, "costs": {"total_cost": 894.1517399100279, "time_cost": 150, "final_distance_cost": 61.867193710215574, "oscillation_cost": 344.19486886180755, "completition_cost": 222.2222222222222, "overshoot_cost": 55.15671150216609, "power_cost": 31.754405212402347, "noise_cost": 28.956338401214083, "n_waypoints_completed": 7, "tot_waypoints": 9}}
