{"target": -624.3330074871886, "params": {"k_pid_pos": [1.209872446101543, 0.6110874853086766, 0.5257950884976723], "k_pid_alt": [1.5217062391370564, 0.36636750643750193, 0.12999753895392951], "k_pid_att": [1.555028670794023, 2.493976523047116, 0.4803792880095241], "k_pid_yaw": [0.5, 1e-06, 0.1], "k_pid_hsp": [0.7363588834038133, 0.8348074960643846, 0.8604165586639935], "k_pid_vsp": [82.4929948045114, 191.50980095627344, 41.994789606060564]}, "datetime": {"datetime": "2025-08-12 10:55:12", "elapsed": 66592.32827734947, "delta": 45.11994433403015}, "costs": {"total_cost": 624.3330074871886, "time_cost": 150, "final_distance_cost": 16.24518893364387, "oscillation_cost": 173.12417183511744, "completition_cost": 111.11111111111116, "overshoot_cost": 109.66499798123596, "power_cost": 35.21068891601563, "noise_cost": 28.97684871006443, "n_waypoints_completed": 8, "tot_waypoints": 9}}
{"target": -345.6454115559753, "params": {"k_pid_pos": [1.6543529466647766, 0.4341012369060172, 0.2191564392651344], "k_pid_alt": [1.9980655931807634, 0.919839075124328, 0.4955629724127095], "k_pid_att": [12.757446108425363, 2.473834493404208, 0.86793424084984], "k_pid_yaw": [0.5, 1e-06, 0.1], "k_pid_hsp": [8.593806975064345, 0.7500102410910069, 0.46459071800105656], "k_pid_vsp": [78.77913347202265, 191.8718972923229, 43.93684335413658]}, "datetime": {"datetime": "2025-08-12 10:55:50", "elapsed": 66629.88662552834, "delta": 37.558348178863525}, "costs": {"total_cost": 345.6454115559753, "time_cost": 87.934, "final_distance_cost": 1.7618463648900222, "oscillation_cost": 157.0910599538833, "completition_cost": 0.0, "overshoot_cost": 52.87855699357102, "power_cost": 24.08455495605469, "noise_cost": 21.895393287576244, "n_waypoints_completed": 9, "tot_waypoints": 9}}
{"target": -705.7854908927419, "params": {"k_pid_pos": [0.17264856745332388, 0.13813066614267622, 0.21970657698685359], "k_pid_alt": [1.0937463697689747, 0.20118070122075526, 0.2574580561006935], "k_pid_att": [10.569381157614, 6.345620312512047, 0.6627254272376107], "k_pid_yaw": [0.5, 1e-06, 0.1], "k_pid_hsp": [2.757499250579619, 0.20164205903345733, 0.04960965306066867], "k_pid_vsp": [180.05306384963822, 310.9423605873573, 16.718196499206314]}, "datetime": {"datetime": "2025-08-12 10:56:31", "elapsed": 66670.43785047531, "delta": 40.55122494697571}, "costs": {"total_cost": 705.7854908927419, "time_cost": 150, "final_distance_cost": 72.66297372332441, "oscillation_cost": 42.62949415876638, "completition_cost": 333.33333333333337, "overshoot_cost": 50.87033315000914, "power_cost": 29.11903698730469, "noise_cost": 27.170319540003916, "n_waypoints_completed": 6, "tot_waypoints": 9}}
{"target": -591.9658823511342, "params": {"k_pid_pos": [1.4841409622489612, 0.9082841440666415, 0.5141758101384304], "k_pid_alt": [0.4029426428738312, 0.1344059870483808, 0.7335897831528999], "k_pid_att": [29.09700452416999, 4.868641836175599, 0.206224551685265], "k_pid_yaw": [0.5, 1e-06, 0.1], "k_pid_hsp": [7.511182030594042, 0.9495306961591746, 0.3722953657539494], "k_pid_vsp": [377.6536572983825, 252.89442690687375, 218.84586852888194]}, "datetime": {"datetime": "2025-08-12 10:57:16", "elapsed": 66715.85911393166, "delta": 45.421263456344604}, "costs": {"total_cost": 591.9658823511342, "time_cost": 112.896, "final_distance_cost": 1.7447173148800763, "oscillation_cost": 350.35689781697016, "completition_cost": 0.0, "overshoot_cost": 64.74473649204873, "power_cost": 34.365725939941406, "noise_cost": 27.857804787293873, "n_waypoints_completed": 9, "tot_waypoints": 9}}
{"target": -1170.4258282599585, "params": {"k_pid_pos": [0.06735822646637264, 0.1288140751510961, 0.19060967435138843], "k_pid_alt": [1.9283130007278184, 0.33384538707554834, 0.1918034511161859], "k_pid_att": [35.15652363119144, 8.97455068142024, 0.6764689042302752], "k_pid_yaw": [0.5, 1e-06, 0.1], "k_pid_hsp": [7.6584878696597904, 0.043543773246685125, 0.10380871634193778], "k_pid_vsp": [373.3837826749039, 249.9114374499086, 221.55602472202818]}, "datetime": {"datetime": "2025-08-12 10:58:01", "elapsed": 66760.77134728432, "delta": 44.91223335266113}, "costs": {"total_cost": 1170.4258282599585, "time_cost": 150, "final_distance_cost": 45.49242200044668, "oscillation_cost": 289.4753778662261, "completition_cost": 555.5555555555555, "overshoot_cost": 70.7714235245089, "power_cost": 31.226275988769533, "noise_cost": 27.904773324452048, "n_waypoints_completed": 4, "tot_waypoints": 9}}
{"target": -657.760139416207, "params": {"k_pid_pos": [1.4154495492673775, 0.8493440635391821, 0.05963423167057025], "k_pid_alt": [1.043618302091912, 0.09257513849878385, 0.1159187504906729], "k_pid_att": [35.37303521196041, 9.203026329120672, 0.7606802099219994], "k_pid_yaw": [0.5, 1e-06, 0.1], "k_pid_hsp": [6.622012691633866, 0.7902185553574822, 0.12326717127422926], "k_pid_vsp": [230.52612866468672, 313.54412305879436, 23.856122966476295]}, "datetime": {"datetime": "2025-08-12 10:58:44", "elapsed": 66803.42764186859, "delta": 42.65629458427429}, "costs": {"total_cost": 657.760139416207, "time_cost": 150, "final_distance_cost": 59.46187401647101, "oscillation_cost": 101.19431950113473, "completition_cost": 222.2222222222222, "overshoot_cost": 58.09175751491008, "power_cost": 35.26246600341797, "noise_cost": 31.527500158050977, "n_waypoints_completed": 7, "tot_waypoints": 9}}
{"target": -1822.135496163555, "params": {"k_pid_pos": [2.0, 1.0, 0.0], "k_pid_alt": [0.0, 0.0, 1.0], "k_pid_att": [55.03838983265962, 6.524927918077753, 0.0], "k_pid_yaw": [0.5, 1e-06, 0.1], "k_pid_hsp": [10.0, 1.0, 0.0], "k_pid_vsp": [201.31344740394945, 251.71757326366065, 227.9702814052947]}, "datetime": {"datetime": "2025-08-12 10:59:41", "elapsed": 66860.5566060543, "delta": 57.12896418571472}, "costs": {"total_cost": 1822.135496163555, "time_cost": 150, "final_distance_cost": 6.592247290482405, "oscillation_cost": 329.1961523331532, "completition_cost": 1000.0, "overshoot_cost": 165.82582707846757, "power_cost": 34.695104028320316, "noise_cost": 135.82616543313154, "n_waypoints_completed": 0, "tot_waypoints": 9}}
{"target": -1106.4990065761617, "params": {"k_pid_pos": [0.7222441321479687, 0.17489857283481824, 0.7038462393981314], "k_pid_alt": [0.43297923585144016, 0.48955627499444787, 0.5808274048781928], "k_pid_att": [40.39108026704814, 0.7261597716205684, 0.5044583855246346], "k_pid_yaw": [0.5, 1e-06, 0.1], "k_pid_hsp": [8.088066960135516, 0.15196233280531746, 0.17494852076877165], "k_pid_vsp": [230.11855412718862, 28.962203578638817, 54.19812781622596]}, "datetime": {"datetime": "2025-08-12 11:00:22", "elapsed": 66901.54951667786, "delta": 40.992910623550415}, "costs": {"total_cost": 1106.4990065761617, "time_cost": 150, "final_distance_cost": 64.1002166461341, "oscillation_cost": 553.9734372719755, "completition_cost": 222.2222222222222, "overshoot_cost": 52.37616510947612, "power_cost": 33.836108410644535, "noise_cost": 29.990856915709234, "n_waypoints_completed": 7, "tot_waypoints": 9}}
{"target": -416.4928708013663, "params": {"k_pid_pos": [1.4037458631128596, 0.13059375401818396, 0.6631674679125521], "k_pid_alt": [1.0172010053120797, 0.15422141574739956, 0.8130231879539753], "k_pid_att": [33.90814113017918, 0.6732515145445956, 0.9308905767785893], "k_pid_yaw": [0.5, 1e-06, 0.1], "k_pid_hsp": [5.39959542705785, 0.45536974605004044, 0.12545047641411744], "k_pid_vsp": [52.59161619220079, 310.1499324297508, 46.12009456604487]}, "datetime": {"datetime": "2025-08-12 11:00:58", "elapsed": 66937.9693672657, "delta": 36.41985058784485}, "costs": {"total_cost": 416.4928708013663, "time_cost": 83.419, "final_distance_cost": 1.779314660751598, "oscillation_cost": 236.20970817267545, "completition_cost": 0.0, "overshoot_cost": 51.425188062776996, "power_cost": 23.21546494140625, "noise_cost": 20.44419496375602, "n_waypoints_completed": 9, "tot_waypoints": 9}}
{"target": -834.6470986736169, "params": {"k_pid_pos": [0.8646781443956371, 0.6782902071936793, 0.0005632914714845949], "k_pid_alt": [0.5070074181766053, 0.24273110654293095, 0.4512026613902739], "k_pid_att": [57.06429131115528, 4.913146427698086, 0.21454156103366095], "k_pid_yaw": [0.5, 1e-06, 0.1], "k_pid_hsp": [4.3767654374656, 0.9634132427645211, 0.49307950512033594], "k_pid_vsp": [223.69025135677077, 90.52413572867476, 28.240388549261194]}, "datetime": {"datetime": "2025-08-12 11:01:46", "elapsed": 66985.50601387024, "delta": 47.536646604537964}, "costs": {"total_cost": 834.6470986736169, "time_cost": 150, "final_distance_cost": 64.9053343168962, "oscillation_cost": 271.5939237885978, "completition_cost": 222.2222222222222, "overshoot_cost": 58.92147790969011, "power_cost": 36.195899316406255, "noise_cost": 30.808241119804414, "n_waypoints_completed": 7, "tot_waypoints": 9}}
{"target": -699.4643336035233, "params": {"k_pid_pos": [1.1524850714667811, 0.6225301335303187, 0.1208646086852625], "k_pid_alt": [0.11371684797063253, 0.15441457363868138, 0.6730212989618405], "k_pid_att": [17.3970063244847, 1.698734246152584, 0.46883040933199316], "k_pid_yaw": [0.5, 1e-06, 0.1], "k_pid_hsp": [3.649982657020312, 0.8278347131289684, 0.48100170552317845], "k_pid_vsp": [246.07604546631592, 276.9155146711136, 37.33429168731412]}, "datetime": {"datetime": "2025-08-12 11:02:26", "elapsed": 67025.65480208397, "delta": 40.14878821372986}, "costs": {"total_cost": 699.4643336035233, "time_cost": 150, "final_distance_cost": 59.95927155185744, "oscillation_cost": 255.5160566067549, "completition_cost": 111.11111111111116, "overshoot_cost": 58.20959323673813, "power_cost": 33.86383820800781, "noise_cost": 30.804462889053816, "n_waypoints_completed": 8, "tot_waypoints": 9}}
{"target": -856.3194252603887, "params": {"k_pid_pos": [0.7065687289264607, 0.7960887838281607, 0.6717542891401891], "k_pid_alt": [1.829731505389878, 0.3946358146141876, 0.02051130573387694], "k_pid_att": [23.995582530529802, 1.6679871460829019, 0.15101216903428982], "k_pid_yaw": [0.5, 1e-06, 0.1], "k_pid_hsp": [3.2391550932648165, 0.6086022451786199, 0.5517256856617898], "k_pid_vsp": [71.50979067749729, 206.13075564484444, 45.973975239238094]}, "datetime": {"datetime": "2025-08-12 11:03:13", "elapsed": 67073.12505507469, "delta": 47.470252990722656}, "costs": {"total_cost": 856.3194252603887, "time_cost": 150, "final_distance_cost": 70.01300335287472, "oscillation_cost": 299.26158126705957, "completition_cost": 222.2222222222222, "overshoot_cost": 51.4027878578391, "power_cost": 34.104928979492186, "noise_cost": 29.314901580900777, "n_waypoints_completed": 7, "tot_waypoints": 9}}
{"target": -463.60541634713286, "params": {"k_pid_pos": [1.3659549821739767, 0.178363969839609, 0.11491496803298484], "k_pid_alt": [0.05657520311090147, 0.8399182017154697, 0.43448797807354367], "k_pid_att": [18.47695693679502, 3.9220923108820926, 0.7530696903088019], "k_pid_yaw": [0.5, 1e-06, 0.1], "k_pid_hsp": [6.670685959329938, 0.2662805248995531, 0.5838664598529727], "k_pid_vsp": [183.15051077766543, 335.3201935505682, 7.514909455125114]}, "datetime": {"datetime": "2025-08-12 11:03:49", "elapsed": 67109.26103138924, "delta": 36.13597631454468}, "costs": {"total_cost": 463.60541634713286, "time_cost": 99.75, "final_distance_cost": 1.77991701349468, "oscillation_cost": 245.9974842775922, "completition_cost": 0.0, "overshoot_cost": 64.41521681344801, "power_cost": 24.359731884765626, "noise_cost": 27.303066357832346, "n_waypoints_completed": 9, "tot_waypoints": 9}}
{"target": -340.0196880987448, "params": {"k_pid_pos": [1.2483927707388391, 0.06942150107569267, 0.2767020925530178], "k_pid_alt": [0.9771617172243132, 0.4423343787263514, 0.7511012007623905], "k_pid_att": [9.782236528311172, 4.347342976253066, 0.1190312523800029], "k_pid_yaw": [0.5, 1e-06, 0.1], "k_pid_hsp": [1.8332751834829237, 0.19079499964989088, 0.17554992687937088], "k_pid_vsp": [248.91104308423584, 264.1772616855349, 10.805249122704318]}, "datetime": {"datetime": "2025-08-12 11:04:21", "elapsed": 67141.14503669739, "delta": 31.884005308151245}, "costs": {"total_cost": 340.0196880987448, "time_cost": 78.246, "final_distance_cost": 1.7442360037969338, "oscillation_cost": 167.40114780237653, "completition_cost": 0.0, "overshoot_cost": 51.445940384400956, "power_cost": 20.702816345214845, "noise_cost": 20.47954756295551, "n_waypoints_completed": 9, "tot_waypoints": 9}}
{"target": -791.9978923380922, "params": {"k_pid_pos": [0.9292138812555296, 0.5636119814232408, 0.16691504924290512], "k_pid_alt": [0.5381324397348501, 0.05593681255024863, 0.7609427218664497], "k_pid_att": [24.233576476422435, 2.8014494862776482, 0.7194206363462277], "k_pid_yaw": [0.5, 1e-06, 0.1], "k_pid_hsp": [8.856106953574432, 0.8471577236497937, 0.7390387290670578], "k_pid_vsp": [246.51430947541218, 326.88250516839804, 28.832449647048033]}, "datetime": {"datetime": "2025-08-12 11:05:01", "elapsed": 67181.34484434128, "delta": 40.19980764389038}, "costs": {"total_cost": 791.9978923380922, "time_cost": 150, "final_distance_cost": 46.13246207412791, "oscillation_cost": 375.64203227128166, "completition_cost": 111.11111111111116, "overshoot_cost": 49.2039227692376, "power_cost": 31.551651391601563, "noise_cost": 28.356712720732304, "n_waypoints_completed": 8, "tot_waypoints": 9}}
{"target": -432.60832881862854, "params": {"k_pid_pos": [1.8195680273842891, 0.17288592547558423, 0.6995057473443835], "k_pid_alt": [1.3905877814450378, 0.5636190225975163, 0.4232382306315883], "k_pid_att": [39.119806563243884, 7.927081253395272, 0.18389750426019935], "k_pid_yaw": [0.5, 1e-06, 0.1], "k_pid_hsp": [5.240276349973775, 0.4647823119776252, 0.729501015189739], "k_pid_vsp": [270.09706613028874, 322.9839727410218, 71.43139539234937]}, "datetime": {"datetime": "2025-08-12 11:05:39", "elapsed": 67219.23921656609, "delta": 37.89437222480774}, "costs": {"total_cost": 432.60832881862854, "time_cost": 80.514, "final_distance_cost": 1.7609220672405106, "oscillation_cost": 253.4172310806941, "completition_cost": 0.0, "overshoot_cost": 52.07200434459481, "power_cost": 24.289995361328128, "noise_cost": 20.55417596477098, "n_waypoints_completed": 9, "tot_waypoints": 9}}
{"target": -290.0962978394743, "params": {"k_pid_pos": [1.228363774547402, 0.09329364692414877, 0.320045784413828], "k_pid_alt": [1.8508010918107913, 0.13767252628308824, 0.14493044854807624], "k_pid_att": [6.153206526130884, 4.400556727854353, 0.4445558701880976], "k_pid_yaw": [0.5, 1e-06, 0.1], "k_pid_hsp": [4.700045656525521, 0.6499815459997123, 0.20255057653993203], "k_pid_vsp": [229.52829545342385, 37.23111888536785, 39.97283578331004]}, "datetime": {"datetime": "2025-08-12 11:06:13", "elapsed": 67252.9319820404, "delta": 33.69276547431946}, "costs": {"total_cost": 290.0962978394743, "time_cost": 86.758, "final_distance_cost": 1.7455148405728316, "oscillation_cost": 105.31164235357963, "completition_cost": 0.0, "overshoot_cost": 51.659219854199755, "power_cost": 23.009806018066406, "noise_cost": 21.612114773055666, "n_waypoints_completed": 9, "tot_waypoints": 9}}
{"target": -386.81463857463575, "params": {"k_pid_pos": [0.7787642906053299, 0.8854465100381047, 0.39404029218468484], "k_pid_alt": [1.4826352304150632, 0.6130500127844093, 0.8757810275318927], "k_pid_att": [8.503211198500704, 1.500591816794433, 0.874001538704327], "k_pid_yaw": [0.5, 1e-06, 0.1], "k_pid_hsp": [4.271405810746152, 0.05101790480999835, 0.46378693553375205], "k_pid_vsp": [238.73643662726133, 254.7048306448924, 17.92106686670242]}, "datetime": {"datetime": "2025-08-12 11:06:52", "elapsed": 67292.00406432152, "delta": 39.07208228111267}, "costs": {"total_cost": 386.81463857463575, "time_cost": 114.408, "final_distance_cost": 1.7409603442506463, "oscillation_cost": 152.01216748728189, "completition_cost": 0.0, "overshoot_cost": 59.77969699165903, "power_cost": 30.5814705078125, "noise_cost": 28.292343243631656, "n_waypoints_completed": 9, "tot_waypoints": 9}}
{"target": -350.76127225690766, "params": {"k_pid_pos": [1.5354622177641855, 0.9341524809096076, 0.6539902071576578], "k_pid_alt": [1.8829185131066908, 0.3987973496931393, 0.9527783223267519], "k_pid_att": [10.882324837494927, 1.3109008747815314, 0.7544361906892453], "k_pid_yaw": [0.5, 1e-06, 0.1], "k_pid_hsp": [3.6209539833854745, 0.737082855359624, 0.5349495010508671], "k_pid_vsp": [75.87088340545058, 195.58356616637016, 37.16086027850979]}, "datetime": {"datetime": "2025-08-12 11:07:38", "elapsed": 67337.95544672012, "delta": 45.95138239860535}, "costs": {"total_cost": 350.76127225690766, "time_cost": 93.47800000000001, "final_distance_cost": 1.7282186300311677, "oscillation_cost": 148.148326222849, "completition_cost": 0.0, "overshoot_cost": 57.11882284435348, "power_cost": 26.85686317138672, "noise_cost": 23.431041388287344, "n_waypoints_completed": 9, "tot_waypoints": 9}}
{"target": -988.0255969728483, "params": {"k_pid_pos": [0.032751886225010095, 0.5055038090407377, 0.5427151694852832], "k_pid_alt": [1.7057990453600198, 0.26000587724496327, 0.3837929534945608], "k_pid_att": [5.765924772524677, 7.534343164979608, 0.7694964416651534], "k_pid_yaw": [0.5, 1e-06, 0.1], "k_pid_hsp": [8.75075293045052, 0.301194560848669, 0.21955637739235234], "k_pid_vsp": [83.51351370873643, 191.28260041389726, 43.91365003020822]}, "datetime": {"datetime": "2025-08-12 11:08:33", "elapsed": 67392.41672158241, "delta": 54.46127486228943}, "costs": {"total_cost": 988.0255969728483, "time_cost": 150, "final_distance_cost": 50.9868627299101, "oscillation_cost": 115.3018024149157, "completition_cost": 555.5555555555555, "overshoot_cost": 59.386169921366054, "power_cost": 30.13099169921875, "noise_cost": 26.66421465188221, "n_waypoints_completed": 4, "tot_waypoints": 9}}
{"target": -424.3106430999361, "params": {"k_pid_pos": [1.0320780856273606, 0.0, 0.0], "k_pid_alt": [2.0, 0.0, 1.0], "k_pid_att": [16.823961286140108, 1.2595186637710871, 0.0], "k_pid_yaw": [0.5, 1e-06, 0.1], "k_pid_hsp": [9.804533529895442, 0.9300245712001309, 1.0], "k_pid_vsp": [287.7761401107549, 346.7441652334942, 92.73961594260324]}, "datetime": {"datetime": "2025-08-12 11:09:05", "elapsed": 67425.12313842773, "delta": 32.706416845321655}, "costs": {"total_cost": 424.3106430999361, "time_cost": 74.879, "final_distance_cost": 1.7703221873630837, "oscillation_cost": 256.1765404222285, "completition_cost": 0.0, "overshoot_cost": 51.12593776607238, "power_cost": 21.21084547119141, "noise_cost": 19.1479972530807, "n_waypoints_completed": 9, "tot_waypoints": 9}}
{"target": -715.7732764188822, "params": {"k_pid_pos": [1.6609080444110238, 0.8417128841245409, 0.25388619490779163], "k_pid_alt": [1.979091439748587, 0.3512322687566678, 0.8984222501133118], "k_pid_att": [29.14394379147076, 9.408030152077517, 0.9128946327650376], "k_pid_yaw": [0.5, 1e-06, 0.1], "k_pid_hsp": [0.9567461259043366, 0.8530381499301458, 0.6793690908237354], "k_pid_vsp": [83.45686210479161, 215.21414483278636, 43.510804662454454]}, "datetime": {"datetime": "2025-08-12 11:09:47", "elapsed": 67466.52765917778, "delta": 41.404520750045776}, "costs": {"total_cost": 715.7732764188822, "time_cost": 150, "final_distance_cost": 66.18528874030193, "oscillation_cost": 148.79548981894985, "completition_cost": 222.2222222222222, "overshoot_cost": 60.450705512855656, "power_cost": 37.370808581542974, "noise_cost": 30.74876154300968, "n_waypoints_completed": 7, "tot_waypoints": 9}}
{"target": -319.4792908137305, "params": {"k_pid_pos": [1.376486901578452, 0.2284847878523254, 0.9370084544639502], "k_pid_alt": [1.6620876961595783, 0.6535671560651393, 0.5443401045422305], "k_pid_att": [8.178140899329378, 2.9892954936655904, 0.8165136246291341], "k_pid_yaw": [0.5, 1e-06, 0.1], "k_pid_hsp": [3.9313386435988695, 0.8060612988727786, 0.3879512906910697], "k_pid_vsp": [237.28203441659738, 272.43382441567394, 20.0937332433772]}, "datetime": {"datetime": "2025-08-12 11:10:20", "elapsed": 67499.59802484512, "delta": 33.07036566734314}, "costs": {"total_cost": 319.4792908137305, "time_cost": 83.35600000000001, "final_distance_cost": 1.7520571629052883, "oscillation_cost": 139.2613614808959, "completition_cost": 0.0, "overshoot_cost": 52.45475877928235, "power_cost": 22.21235270996094, "noise_cost": 20.442760680685932, "n_waypoints_completed": 9, "tot_waypoints": 9}}
{"target": -1257.8875607391005, "params": {"k_pid_pos": [0.018417118433443347, 0.735024708463177, 0.71151372508029], "k_pid_alt": [1.220609181893134, 0.1258827258299725, 0.7395360528597954], "k_pid_att": [19.138053481293007, 5.797967691866519, 0.5847748402599773], "k_pid_yaw": [0.5, 1e-06, 0.1], "k_pid_hsp": [1.312406731182978, 0.7552257141938902, 0.6870608255514267], "k_pid_vsp": [84.28292605777426, 200.3334624078318, 38.630828068599]}, "datetime": {"datetime": "2025-08-12 11:11:00", "elapsed": 67540.0402238369, "delta": 40.44219899177551}, "costs": {"total_cost": 1257.8875607391005, "time_cost": 150, "final_distance_cost": 52.91786017341489, "oscillation_cost": 375.23457655482645, "completition_cost": 555.5555555555555, "overshoot_cost": 62.4517512563728, "power_cost": 33.14930462646485, "noise_cost": 28.57851257246607, "n_waypoints_completed": 4, "tot_waypoints": 9}}
{"target": -548.4129227157069, "params": {"k_pid_pos": [1.4612387616667497, 0.5275634060922835, 0.34520006313940854], "k_pid_alt": [0.9911069674997066, 0.2647329241358636, 0.40919487207286076], "k_pid_att": [16.453490996131602, 4.050392890002512, 0.16593069559983353], "k_pid_yaw": [0.5, 1e-06, 0.1], "k_pid_hsp": [5.7208121464490755, 0.6094000094371886, 0.6481278501486727], "k_pid_vsp": [77.69450747033319, 187.94486309626527, 45.74250094881892]}, "datetime": {"datetime": "2025-08-12 11:11:38", "elapsed": 67578.03075408936, "delta": 37.990530252456665}, "costs": {"total_cost": 548.4129227157069, "time_cost": 103.068, "final_distance_cost": 1.777253831571127, "oscillation_cost": 333.3453346207817, "completition_cost": 0.0, "overshoot_cost": 55.59596645849564, "power_cost": 28.4704859375, "noise_cost": 26.15588186735837, "n_waypoints_completed": 9, "tot_waypoints": 9}}
