{"target": -644.399786080158, "params": {"k_pid_pos": [0.37358738069243547, 0.19132780739541866, 0.061681737349060906], "k_pid_alt": [1.0314849151909535, 0.2252551202364167, 0.29055039972899954], "k_pid_att": [58.16936259529935, 6.645743652655142, 0.8666560582233078], "k_pid_yaw": [0.5, 1e-06, 0.1], "k_pid_hsp": [6.788914433162584, 0.8349956645945485, 0.7749584126225001], "k_pid_vsp": [200.39528624896556, 246.024323256368, 232.23580406078716]}, "datetime": {"datetime": "2025-08-11 21:00:40", "elapsed": 16519.494537830353, "delta": 29.00097632408142}, "costs": {"total_cost": 644.399786080158, "time_cost": 109.977, "final_distance_cost": 1.807859757107171, "oscillation_cost": 415.9529450521768, "completition_cost": 0.0, "overshoot_cost": 59.42278068715871, "power_cost": 30.66735810546875, "noise_cost": 26.57184247824657, "n_waypoints_completed": 9, "tot_waypoints": 9}}
{"target": -287.2749208442676, "params": {"k_pid_pos": [1.808845149314585, 0.49175850362470175, 0.4352602144929229], "k_pid_alt": [2.0, 0.0, 0.16166360894008625], "k_pid_att": [51.706129182399444, 0.0001, 0.04095602576589549], "k_pid_yaw": [0.5, 1e-06, 0.1], "k_pid_hsp": [5.381487637223497, 0.9957480446447803, 0.0], "k_pid_vsp": [209.86185036329772, 239.30297597078427, 128.03052835655205]}, "datetime": {"datetime": "2025-08-11 21:01:03", "elapsed": 16542.62193632126, "delta": 23.12739849090576}, "costs": {"total_cost": 287.2749208442676, "time_cost": 79.121, "final_distance_cost": 1.7915168509357133, "oscillation_cost": 110.12046500335154, "completition_cost": 0.0, "overshoot_cost": 53.46740568957647, "power_cost": 22.157075292968752, "noise_cost": 20.61745800743519, "n_waypoints_completed": 9, "tot_waypoints": 9}}
{"target": -648.9222455832298, "params": {"k_pid_pos": [0.9687371872584962, 0.0005872066996069902, 0.9469380487195019], "k_pid_alt": [0.43852051338364606, 0.5846095738347363, 0.7545151610287617], "k_pid_att": [38.50413427236943, 8.055960182787171, 0.01499982275215117], "k_pid_yaw": [0.5, 1e-06, 0.1], "k_pid_hsp": [8.019913507166972, 0.9537665497986908, 0.3330227815226856], "k_pid_vsp": [286.1995758293215, 350.14048938903534, 24.381328884720794]}, "datetime": {"datetime": "2025-08-11 21:01:30", "elapsed": 16569.479855775833, "delta": 26.857919454574585}, "costs": {"total_cost": 648.9222455832298, "time_cost": 98.063, "final_distance_cost": 1.8251120577454345, "oscillation_cost": 438.73421605387716, "completition_cost": 0.0, "overshoot_cost": 58.19853634079958, "power_cost": 27.84436804199219, "noise_cost": 24.257013088815455, "n_waypoints_completed": 9, "tot_waypoints": 9}}
{"target": -640.7662359766939, "params": {"k_pid_pos": [0.8865909184925613, 0.6979230641145575, 0.13518134502487555], "k_pid_alt": [1.7190069674346886, 0.6480468876163905, 0.19988692415008547], "k_pid_att": [27.53444693270869, 7.1244777075494605, 0.6147620966843764], "k_pid_yaw": [0.5, 1e-06, 0.1], "k_pid_hsp": [2.550252714189896, 0.8430972015119742, 0.7534053861688345], "k_pid_vsp": [218.25249414840036, 339.74190946593643, 137.43071751272728]}, "datetime": {"datetime": "2025-08-11 21:02:02", "elapsed": 16601.504670143127, "delta": 32.02481436729431}, "costs": {"total_cost": 640.7662359766939, "time_cost": 150, "final_distance_cost": 33.276568457259266, "oscillation_cost": 208.45696484611213, "completition_cost": 111.11111111111116, "overshoot_cost": 71.52970758999358, "power_cost": 35.72487863769531, "noise_cost": 30.667005334522536, "n_waypoints_completed": 8, "tot_waypoints": 9}}
{"target": -367.73734587759634, "params": {"k_pid_pos": [0.5529923143081756, 0.07441228744888384, 0.7564094038522188], "k_pid_alt": [0.9766355714747179, 0.26879458921171995, 0.30246652235452287], "k_pid_att": [37.287060554122476, 3.089571470977479, 0.48619023578139875], "k_pid_yaw": [0.5, 1e-06, 0.1], "k_pid_hsp": [1.3161196719068156, 0.3932640684700067, 0.05508308161732267], "k_pid_vsp": [272.65992340432166, 306.11032540701297, 77.10604027469894]}, "datetime": {"datetime": "2025-08-11 21:02:25", "elapsed": 16624.85446548462, "delta": 23.3497953414917}, "costs": {"total_cost": 367.73734587759634, "time_cost": 87.619, "final_distance_cost": 1.8117082270904656, "oscillation_cost": 181.8538216733789, "completition_cost": 0.0, "overshoot_cost": 53.11913192076679, "power_cost": 22.207252661132813, "noise_cost": 21.12643139522737, "n_waypoints_completed": 9, "tot_waypoints": 9}}
{"target": -1443.4973229416646, "params": {"k_pid_pos": [0.9687186916018249, 0.663866932545019, 0.0], "k_pid_alt": [2.0, 1.0, 0.8112773869578701], "k_pid_att": [8.059708542974693, 8.283315304468898, 0.9970446916530749], "k_pid_yaw": [0.5, 1e-06, 0.1], "k_pid_hsp": [0.5810716880976506, 0.15503078362048228, 0.0], "k_pid_vsp": [339.2846815859179, 346.1323508928956, 356.0262768189157]}, "datetime": {"datetime": "2025-08-11 21:02:59", "elapsed": 16658.484540700912, "delta": 33.630075216293335}, "costs": {"total_cost": 1443.4973229416646, "time_cost": 150, "final_distance_cost": 0.9979819199932303, "oscillation_cost": 8.14150198750274, "completition_cost": 1000.0, "overshoot_cost": 156.90561462635802, "power_cost": 29.578193493652346, "noise_cost": 97.87403091415818, "n_waypoints_completed": 0, "tot_waypoints": 9}}
{"target": -229.36374852099237, "params": {"k_pid_pos": [0.9231180290752984, 0.7379113273867052, 1.0], "k_pid_alt": [0.7402333497950393, 0.0, 0.4102536427888888], "k_pid_att": [52.67072470216988, 1.6532524305873288, 1.0], "k_pid_yaw": [0.5, 1e-06, 0.1], "k_pid_hsp": [1.950980405625786, 0.1768987320314107, 0.0], "k_pid_vsp": [210.24958158421055, 239.57276891097464, 124.81568981912085]}, "datetime": {"datetime": "2025-08-11 21:03:24", "elapsed": 16683.83772420883, "delta": 25.35318350791931}, "costs": {"total_cost": 229.36374852099237, "time_cost": 91.525, "final_distance_cost": 1.820874006388827, "oscillation_cost": 35.704246717468784, "completition_cost": 0.0, "overshoot_cost": 54.901703489860786, "power_cost": 23.974937634277346, "noise_cost": 21.436986672996635, "n_waypoints_completed": 9, "tot_waypoints": 9}}
{"target": -611.0289093117694, "params": {"k_pid_pos": [1.7717245625627787, 0.006695945073896703, 0.872494625391982], "k_pid_alt": [0.17097671538778503, 0.2068264810416678, 0.42426593228028797], "k_pid_att": [14.172084202450453, 2.06687038653251, 0.3330775731225877], "k_pid_yaw": [0.5, 1e-06, 0.1], "k_pid_hsp": [2.6931270453083638, 0.812100867996397, 0.495838618916158], "k_pid_vsp": [39.75080667898943, 339.9550963705465, 156.54262164880112]}, "datetime": {"datetime": "2025-08-11 21:03:55", "elapsed": 16714.45716357231, "delta": 30.619439363479614}, "costs": {"total_cost": 611.0289093117694, "time_cost": 113.799, "final_distance_cost": 1.7938629287840964, "oscillation_cost": 369.19320961906516, "completition_cost": 0.0, "overshoot_cost": 66.43588048280573, "power_cost": 31.08065487060547, "noise_cost": 28.726301410508952, "n_waypoints_completed": 9, "tot_waypoints": 9}}
{"target": -641.7828876511265, "params": {"k_pid_pos": [2.0, 0.0, 0.7851638350131802], "k_pid_alt": [1.702916309887672, 1.0, 0.13605972221031074], "k_pid_att": [52.80752616632044, 7.327634923623473, 1.0], "k_pid_yaw": [0.5, 1e-06, 0.1], "k_pid_hsp": [8.326708626598842, 0.0, 1.0], "k_pid_vsp": [146.2961934887458, 266.68467714503134, 184.66330602948523]}, "datetime": {"datetime": "2025-08-11 21:04:24", "elapsed": 16744.053646087646, "delta": 29.596482515335083}, "costs": {"total_cost": 641.7828876511265, "time_cost": 109.424, "final_distance_cost": 1.789435135045573, "oscillation_cost": 406.88446793538134, "completition_cost": 0.0, "overshoot_cost": 63.20006916435302, "power_cost": 32.69332888183594, "noise_cost": 27.791586534510657, "n_waypoints_completed": 9, "tot_waypoints": 9}}
{"target": -397.52228644851317, "params": {"k_pid_pos": [0.6180504773792462, 0.02411894050848795, 0.7557206056797984], "k_pid_alt": [1.612512977924508, 0.5202597216908866, 0.2421756087677187], "k_pid_att": [11.104203699963112, 6.545059819940477, 0.6367941943012146], "k_pid_yaw": [0.5, 1e-06, 0.1], "k_pid_hsp": [8.129591395740725, 0.06521000605934646, 0.24265980005041743], "k_pid_vsp": [290.48577314437136, 351.3990428967979, 91.99096465727852]}, "datetime": {"datetime": "2025-08-11 21:04:49", "elapsed": 16768.502844810486, "delta": 24.449198722839355}, "costs": {"total_cost": 397.52228644851317, "time_cost": 88.179, "final_distance_cost": 1.8039770208056125, "oscillation_cost": 210.05227857636527, "completition_cost": 0.0, "overshoot_cost": 54.441487594667855, "power_cost": 22.430942028808595, "noise_cost": 20.614601227865798, "n_waypoints_completed": 9, "tot_waypoints": 9}}
{"target": -1218.470564535721, "params": {"k_pid_pos": [0.34839929470016623, 0.15436547250723065, 0.9424788921157773], "k_pid_alt": [1.5134864105963972, 0.42761479966972404, 0.14880019849668824], "k_pid_att": [43.03082857512318, 8.610035643611075, 0.14696390507312962], "k_pid_yaw": [0.5, 1e-06, 0.1], "k_pid_hsp": [5.494441673084615, 0.9120399615082275, 0.2990572349181262], "k_pid_vsp": [239.0726782693922, 19.473247771523187, 43.36815592826229]}, "datetime": {"datetime": "2025-08-11 21:05:21", "elapsed": 16800.429939985275, "delta": 31.92709517478943}, "costs": {"total_cost": 1218.470564535721, "time_cost": 150, "final_distance_cost": 66.69817469371861, "oscillation_cost": 663.1369217095954, "completition_cost": 222.2222222222222, "overshoot_cost": 53.486452369708104, "power_cost": 34.78914527587891, "noise_cost": 28.137648264597843, "n_waypoints_completed": 7, "tot_waypoints": 9}}
{"target": -507.90491456075335, "params": {"k_pid_pos": [0.7780632006799731, 0.09988238020073359, 0.9422469109503984], "k_pid_alt": [1.9405636108285946, 0.026245974327883004, 0.00616372189131098], "k_pid_att": [37.84410687589113, 8.50048248264538, 0.9417367329742536], "k_pid_yaw": [0.5, 1e-06, 0.1], "k_pid_hsp": [5.503744933794615, 0.9655450781829645, 0.9208131584820699], "k_pid_vsp": [273.9709980584077, 354.15784940117754, 22.02434084781482]}, "datetime": {"datetime": "2025-08-11 21:05:47", "elapsed": 16826.724941968918, "delta": 26.295001983642578}, "costs": {"total_cost": 507.90491456075335, "time_cost": 95.718, "final_distance_cost": 1.8491782740393026, "oscillation_cost": 303.4377457782376, "completition_cost": 0.0, "overshoot_cost": 52.76842134021059, "power_cost": 27.932595996093752, "noise_cost": 26.198973172172106, "n_waypoints_completed": 9, "tot_waypoints": 9}}
{"target": -885.4038210088524, "params": {"k_pid_pos": [0.4656074181594985, 0.3590206427623469, 0.4080083857307968], "k_pid_alt": [1.4269901223759853, 0.2101232211102756, 0.5423779400837548], "k_pid_att": [5.5028254055328745, 9.805559817875817, 0.42431415572791564], "k_pid_yaw": [0.5, 1e-06, 0.1], "k_pid_hsp": [0.779004682853354, 0.23409225410653423, 0.3926327526300889], "k_pid_vsp": [57.83662071878166, 350.2307594095618, 145.01715712418556]}, "datetime": {"datetime": "2025-08-11 21:06:19", "elapsed": 16859.201035022736, "delta": 32.47609305381775}, "costs": {"total_cost": 885.4038210088524, "time_cost": 150, "final_distance_cost": 68.62164990149058, "oscillation_cost": 215.9698928881314, "completition_cost": 333.33333333333337, "overshoot_cost": 56.92487564209554, "power_cost": 32.893538671875, "noise_cost": 27.660530571926586, "n_waypoints_completed": 6, "tot_waypoints": 9}}
{"target": -449.92344254637146, "params": {"k_pid_pos": [0.6945118713788297, 0.023384846561371964, 0.14349374473923848], "k_pid_alt": [1.3369671894426671, 0.5867477399693128, 0.91466814397712], "k_pid_att": [51.37978341134596, 0.821267771122272, 0.7332854064659741], "k_pid_yaw": [0.5, 1e-06, 0.1], "k_pid_hsp": [5.573948448216692, 0.07640709464546613, 0.7103832059300051], "k_pid_vsp": [217.41231825960256, 107.2199756541414, 36.11459449252884]}, "datetime": {"datetime": "2025-08-11 21:06:42", "elapsed": 16881.828577280045, "delta": 22.62754225730896}, "costs": {"total_cost": 449.92344254637146, "time_cost": 81.795, "final_distance_cost": 1.8100081115987516, "oscillation_cost": 272.35763552436595, "completition_cost": 0.0, "overshoot_cost": 52.32126495974505, "power_cost": 22.106335375976563, "noise_cost": 19.533198574685127, "n_waypoints_completed": 9, "tot_waypoints": 9}}
{"target": -367.47328995293935, "params": {"k_pid_pos": [1.6166465369160243, 0.3578831606571427, 0.7080868509367435], "k_pid_alt": [2.0, 0.3573256688398108, 0.5453274689671103], "k_pid_att": [40.13106402237288, 5.503084312948527, 1.0], "k_pid_yaw": [0.5, 1e-06, 0.1], "k_pid_hsp": [0.11369208673296038, 0.3182446039688184, 0.03722177382328426], "k_pid_vsp": [118.9201276238455, 378.2208698557597, 112.54916023233572]}, "datetime": {"datetime": "2025-08-11 21:07:12", "elapsed": 16911.40961408615, "delta": 29.581036806106567}, "costs": {"total_cost": 367.47328995293935, "time_cost": 111.209, "final_distance_cost": 1.7497402624093974, "oscillation_cost": 137.70405480285083, "completition_cost": 0.0, "overshoot_cost": 54.488330427148874, "power_cost": 33.39051091308594, "noise_cost": 28.931653547444288, "n_waypoints_completed": 9, "tot_waypoints": 9}}
{"target": -257.29471364220205, "params": {"k_pid_pos": [2.0, 0.0, 0.3292408930815758], "k_pid_alt": [2.0, 0.9481163259795203, 0.07846465187879727], "k_pid_att": [4.700160967923666, 1.4578673420768742, 1.0], "k_pid_yaw": [0.5, 1e-06, 0.1], "k_pid_hsp": [6.5736679141579515, 1.0, 0.0], "k_pid_vsp": [248.0710903893835, 271.4429294181439, 29.54670741030028]}, "datetime": {"datetime": "2025-08-11 21:07:34", "elapsed": 16934.167315483093, "delta": 22.75770139694214}, "costs": {"total_cost": 257.29471364220205, "time_cost": 84.028, "final_distance_cost": 1.7525499305837082, "oscillation_cost": 72.23750340389617, "completition_cost": 0.0, "overshoot_cost": 54.27452825909657, "power_cost": 22.93793572998047, "noise_cost": 22.06419631864513, "n_waypoints_completed": 9, "tot_waypoints": 9}}
{"target": -427.3723512919754, "params": {"k_pid_pos": [1.8136311675655334, 0.9589459067167277, 0.45565878179143793], "k_pid_alt": [1.1861774755820933, 0.45450800918648615, 0.6635904785906015], "k_pid_att": [39.887804297458274, 2.795766700941233, 0.9464569277512643], "k_pid_yaw": [0.5, 1e-06, 0.1], "k_pid_hsp": [5.772424964707017, 0.8646581765571485, 0.720438333339942], "k_pid_vsp": [230.99842004237462, 20.815570741323995, 41.054400088231]}, "datetime": {"datetime": "2025-08-11 21:08:02", "elapsed": 16961.97100543976, "delta": 27.80368995666504}, "costs": {"total_cost": 427.3723512919754, "time_cost": 102.501, "final_distance_cost": 1.7683465729929524, "oscillation_cost": 203.98573102257618, "completition_cost": 0.0, "overshoot_cost": 63.256564593528964, "power_cost": 29.425398986816408, "noise_cost": 26.4353101160609, "n_waypoints_completed": 9, "tot_waypoints": 9}}
{"target": -1558.554646363582, "params": {"k_pid_pos": [0.033514558189990745, 0.0803475934935689, 0.07664344494149156], "k_pid_alt": [1.5989920632951393, 0.7635837501301557, 0.6007906566309276], "k_pid_att": [44.07722312060861, 4.038590565703001, 0.5416760924089014], "k_pid_yaw": [0.5, 1e-06, 0.1], "k_pid_hsp": [8.610469239822812, 0.7291479407871974, 0.6119842564752083], "k_pid_vsp": [393.1092476857495, 321.837445915796, 335.940178268626]}, "datetime": {"datetime": "2025-08-11 21:08:34", "elapsed": 16993.890878677368, "delta": 31.919873237609863}, "costs": {"total_cost": 1558.554646363582, "time_cost": 150, "final_distance_cost": 76.5122341854938, "oscillation_cost": 533.3580561279396, "completition_cost": 666.6666666666667, "overshoot_cost": 70.60681966160293, "power_cost": 33.18240280761719, "noise_cost": 28.228466914261908, "n_waypoints_completed": 3, "tot_waypoints": 9}}
{"target": -582.5614142367, "params": {"k_pid_pos": [1.1089450263804823, 0.2809375659513538, 0.10838485145868071], "k_pid_alt": [0.7255482098596913, 0.48882378578075925, 0.06883219265500351], "k_pid_att": [40.97754348134522, 6.140060991697591, 0.21160018239693779], "k_pid_yaw": [0.5, 1e-06, 0.1], "k_pid_hsp": [7.482325359297139, 0.09469622499859176, 0.7085511953549865], "k_pid_vsp": [69.69044350069451, 365.1396062230826, 93.35935372129381]}, "datetime": {"datetime": "2025-08-11 21:09:01", "elapsed": 17021.144949436188, "delta": 27.25407075881958}, "costs": {"total_cost": 582.5614142367, "time_cost": 102.578, "final_distance_cost": 1.741818412658252, "oscillation_cost": 362.4005985574524, "completition_cost": 0.0, "overshoot_cost": 59.365286903594935, "power_cost": 30.3399994140625, "noise_cost": 26.135710948931848, "n_waypoints_completed": 9, "tot_waypoints": 9}}
{"target": -899.2837691000935, "params": {"k_pid_pos": [0.9608520805374643, 0.8584707680591275, 0.04714053213904168], "k_pid_alt": [0.6137474566156922, 0.3860998005644326, 0.6458512964623593], "k_pid_att": [21.46538426851725, 5.055361740492344, 0.9208819161300626], "k_pid_yaw": [0.5, 1e-06, 0.1], "k_pid_hsp": [8.886733912978926, 0.8780772370117348, 0.6498613484960191], "k_pid_vsp": [40.26752560231799, 338.67574709661596, 154.09708400790427]}, "datetime": {"datetime": "2025-08-11 21:09:33", "elapsed": 17052.882313728333, "delta": 31.737364292144775}, "costs": {"total_cost": 899.2837691000935, "time_cost": 150, "final_distance_cost": 73.8397638488639, "oscillation_cost": 215.45219882236884, "completition_cost": 333.33333333333337, "overshoot_cost": 59.404114356458095, "power_cost": 35.96899450683594, "noise_cost": 31.285364232233523, "n_waypoints_completed": 6, "tot_waypoints": 9}}
{"target": -1130.2340686140599, "params": {"k_pid_pos": [0.1841443638289375, 0.232832815777907, 0.8254368003248432], "k_pid_alt": [1.7274573856409472, 0.2763752524134071, 0.46973102301930447], "k_pid_att": [9.625071978805272, 9.197277001383064, 0.9280803152208343], "k_pid_yaw": [0.5, 1e-06, 0.1], "k_pid_hsp": [8.00481685842297, 0.0, 0.550306232626392], "k_pid_vsp": [289.2712105140089, 352.3566737283546, 97.12707318267857]}, "datetime": {"datetime": "2025-08-11 21:10:05", "elapsed": 17085.233258485794, "delta": 32.35094475746155}, "costs": {"total_cost": 1130.2340686140599, "time_cost": 150, "final_distance_cost": 49.07839509859591, "oscillation_cost": 267.15465347458735, "completition_cost": 555.5555555555555, "overshoot_cost": 53.12192363095262, "power_cost": 29.34027742919922, "noise_cost": 25.98326342516921, "n_waypoints_completed": 4, "tot_waypoints": 9}}
{"target": -679.2332315624973, "params": {"k_pid_pos": [1.148199672008521, 0.8890172366840448, 0.15462018902032015], "k_pid_alt": [0.9571604008786088, 0.48566595268961976, 0.38656107698498876], "k_pid_att": [6.331057205697766, 2.9136573277570332, 0.8752336785207959], "k_pid_yaw": [0.5, 1e-06, 0.1], "k_pid_hsp": [4.577509595301554, 0.9608719186054402, 0.16408290163941386], "k_pid_vsp": [315.0631936376465, 398.17214911863226, 257.70035480038166]}, "datetime": {"datetime": "2025-08-11 21:10:37", "elapsed": 17116.870948314667, "delta": 31.63768982887268}, "costs": {"total_cost": 679.2332315624973, "time_cost": 150, "final_distance_cost": 61.66836044776729, "oscillation_cost": 110.98820090228325, "completition_cost": 222.2222222222222, "overshoot_cost": 66.37299796523556, "power_cost": 36.067138403320314, "noise_cost": 31.91431162166869, "n_waypoints_completed": 7, "tot_waypoints": 9}}
{"target": -576.7734995556134, "params": {"k_pid_pos": [2.0, 0.0, 0.6199310074978053], "k_pid_alt": [0.8399683253199165, 1.0, 0.33694246522590915], "k_pid_att": [34.86080849858025, 6.258254590779428, 0.058450233781339164], "k_pid_yaw": [0.5, 1e-06, 0.1], "k_pid_hsp": [10.0, 0.0, 1.0], "k_pid_vsp": [224.23558454653147, 282.501430030965, 62.58024988140968]}, "datetime": {"datetime": "2025-08-11 21:11:05", "elapsed": 17145.10876917839, "delta": 28.237820863723755}, "costs": {"total_cost": 576.7734995556134, "time_cost": 95.221, "final_distance_cost": 1.7629482659604645, "oscillation_cost": 368.17966767198214, "completition_cost": 0.0, "overshoot_cost": 60.494148342983635, "power_cost": 27.398135095214844, "noise_cost": 23.717600179472356, "n_waypoints_completed": 9, "tot_waypoints": 9}}
{"target": -653.5800085208381, "params": {"k_pid_pos": [1.1931419250343782, 0.9183829055569112, 0.6755187780806795], "k_pid_alt": [1.62714794650474, 0.46648603218760165, 0.11940652368374571], "k_pid_att": [5.296473582164241, 4.287389471405625, 0.11528993733732351], "k_pid_yaw": [0.5, 1e-06, 0.1], "k_pid_hsp": [7.802635420318073, 0.904406677953505, 0.1440159887625675], "k_pid_vsp": [43.31529120698035, 365.00110817037074, 146.38775266369285]}, "datetime": {"datetime": "2025-08-11 21:11:37", "elapsed": 17177.12166404724, "delta": 32.01289486885071}, "costs": {"total_cost": 653.5800085208381, "time_cost": 150, "final_distance_cost": 37.16573206900735, "oscillation_cost": 231.9949368793934, "completition_cost": 111.11111111111116, "overshoot_cost": 63.718720157547615, "power_cost": 30.62931824951172, "noise_cost": 28.96019005426682, "n_waypoints_completed": 8, "tot_waypoints": 9}}
{"target": -1168.6631763176229, "params": {"k_pid_pos": [1.7246590034351137, 0.8124561766000421, 0.056293015009518554], "k_pid_alt": [0.05759507247734308, 0.06639606534623477, 0.961817785060353], "k_pid_att": [41.1599423633586, 7.1474354580135895, 0.8935202388682678], "k_pid_yaw": [0.5, 1e-06, 0.1], "k_pid_hsp": [0.44751608582198793, 0.48543081929147247, 0.526177660863443], "k_pid_vsp": [185.6357681403425, 15.853263226889727, 5.728085487234387]}, "datetime": {"datetime": "2025-08-11 21:12:10", "elapsed": 17209.82214975357, "delta": 32.700485706329346}, "costs": {"total_cost": 1168.6631763176229, "time_cost": 150, "final_distance_cost": 63.67642515603914, "oscillation_cost": 251.09473542330457, "completition_cost": 555.5555555555555, "overshoot_cost": 81.73230754734824, "power_cost": 33.70684720458985, "noise_cost": 32.897305430785494, "n_waypoints_completed": 4, "tot_waypoints": 9}}
