{"target": -1392.4431681922315, "params": {"k_pid_pos": [0.010445885306108335, 0.5875637076942596, 0.029404722248775106], "k_pid_alt": [1.644808535438969, 0.3649847909292513, 0.6870602089978086], "k_pid_att": [65.0244582820521, 4.759124720188346, 0.12133283659823135], "k_pid_yaw": [0.5, 1e-06, 0.1], "k_pid_hsp": [4.2773371396060735, 0.5335491696932452, 0.04422825448375034], "k_pid_vsp": [75.0051078110967, 351.0825553165074, 54.90438570888778]}, "datetime": {"datetime": "2025-08-11 20:48:39", "elapsed": 15798.788144350052, "delta": 31.96421766281128}, "costs": {"total_cost": 1392.4431681922315, "time_cost": 150, "final_distance_cost": 64.3189553049425, "oscillation_cost": 196.30232943515253, "completition_cost": 888.8888888888888, "overshoot_cost": 29.901492453585725, "power_cost": 34.3006428100586, "noise_cost": 28.73085929960318, "n_waypoints_completed": 1, "tot_waypoints": 9}}
{"target": -531.272219354941, "params": {"k_pid_pos": [1.4005018014096275, 0.8413131589445857, 0.5545363251130736], "k_pid_alt": [1.0207822774020212, 0.5479905514372744, 0.7380287182324966], "k_pid_att": [66.79601827880262, 8.891693420747686, 0.9561791811098845], "k_pid_yaw": [0.5, 1e-06, 0.1], "k_pid_hsp": [3.329840817588779, 0.7635770721147535, 0.2515388322670644], "k_pid_vsp": [81.20926886968695, 352.7838053219294, 43.57754371931835]}, "datetime": {"datetime": "2025-08-11 20:49:06", "elapsed": 15826.056325435638, "delta": 27.268181085586548}, "costs": {"total_cost": 531.272219354941, "time_cost": 102.9, "final_distance_cost": 1.7700127144042794, "oscillation_cost": 311.4300873044205, "completition_cost": 0.0, "overshoot_cost": 57.84458113591867, "power_cost": 30.880420861816408, "noise_cost": 26.44711733838113, "n_waypoints_completed": 9, "tot_waypoints": 9}}
{"target": -472.871977228446, "params": {"k_pid_pos": [1.69970603939168, 0.8733327214168006, 0.4973902055976367], "k_pid_alt": [1.0258189672735551, 0.8343747350750254, 0.9620543079317184], "k_pid_att": [9.250598534454912, 1.4306791867829627, 0.4252228557874127], "k_pid_yaw": [0.5, 1e-06, 0.1], "k_pid_hsp": [8.575688889827658, 0.5509274942980049, 0.42798664845723444], "k_pid_vsp": [311.06945108387606, 394.84935671834006, 239.64418927035427]}, "datetime": {"datetime": "2025-08-11 20:49:38", "elapsed": 15858.127631187439, "delta": 32.07130575180054}, "costs": {"total_cost": 472.871977228446, "time_cost": 117.376, "final_distance_cost": 1.7173402688704578, "oscillation_cost": 221.94888676277358, "completition_cost": 0.0, "overshoot_cost": 68.13993557988124, "power_cost": 35.01146463623047, "noise_cost": 28.678349980690214, "n_waypoints_completed": 9, "tot_waypoints": 9}}
{"target": -905.340410070774, "params": {"k_pid_pos": [0.4563918857245884, 0.13963343382549898, 0.7690514642017073], "k_pid_alt": [0.8597921894915388, 0.3498362009788215, 0.9388123435958801], "k_pid_att": [39.255600848454144, 4.568410528854401, 0.8260244841405677], "k_pid_yaw": [0.5, 1e-06, 0.1], "k_pid_hsp": [7.452776639778349, 0.15538469251890674, 0.7769150813075205], "k_pid_vsp": [121.13883352350538, 93.2009578518205, 53.250627806903516]}, "datetime": {"datetime": "2025-08-11 20:50:10", "elapsed": 15889.453979492188, "delta": 31.326348304748535}, "costs": {"total_cost": 905.340410070774, "time_cost": 150, "final_distance_cost": 52.533279492136465, "oscillation_cost": 474.9761271563961, "completition_cost": 111.11111111111116, "overshoot_cost": 56.246303248262286, "power_cost": 32.54490925292969, "noise_cost": 27.92867980993833, "n_waypoints_completed": 8, "tot_waypoints": 9}}
{"target": -789.1426933253367, "params": {"k_pid_pos": [1.2477267974854505, 0.9337863707744593, 0.6243472297118418], "k_pid_alt": [1.8136693054092483, 0.8968802679849232, 0.6011455347219224], "k_pid_att": [3.4456801378595303, 7.380965126034327, 0.8122896868186062], "k_pid_yaw": [0.5, 1e-06, 0.1], "k_pid_hsp": [0.5975924430941186, 0.602829113600884, 0.6288083257777224], "k_pid_vsp": [195.97582158580119, 327.34896920821996, 22.62577676292211]}, "datetime": {"datetime": "2025-08-11 20:50:42", "elapsed": 15922.055482387543, "delta": 32.601502895355225}, "costs": {"total_cost": 789.1426933253367, "time_cost": 150, "final_distance_cost": 66.06459866213318, "oscillation_cost": 210.92231110271732, "completition_cost": 222.2222222222222, "overshoot_cost": 76.59779728129223, "power_cost": 33.54270559082031, "noise_cost": 29.79305846615153, "n_waypoints_completed": 7, "tot_waypoints": 9}}
{"target": -395.6443416293336, "params": {"k_pid_pos": [1.2957061918635149, 0.16103944742789122, 0.5108796384048889], "k_pid_alt": [1.7379291236731664, 0.5944573736819665, 0.16011116759479593], "k_pid_att": [4.787180190432272, 7.179309161100866, 0.8833185229330559], "k_pid_yaw": [0.5, 1e-06, 0.1], "k_pid_hsp": [3.35576217212269, 0.7837366355418346, 0.7733987400797087], "k_pid_vsp": [48.032492546657224, 361.16172605098257, 150.89367130844676]}, "datetime": {"datetime": "2025-08-11 20:51:11", "elapsed": 15950.971135139465, "delta": 28.915652751922607}, "costs": {"total_cost": 395.6443416293336, "time_cost": 106.47, "final_distance_cost": 1.8113482492287591, "oscillation_cost": 165.9774725476233, "completition_cost": 0.0, "overshoot_cost": 66.7848963162948, "power_cost": 29.222207690429688, "noise_cost": 25.37841682575705, "n_waypoints_completed": 9, "tot_waypoints": 9}}
{"target": -322.3478466822619, "params": {"k_pid_pos": [1.9945208370011323, 0.13237917881883599, 0.0662662535933849], "k_pid_alt": [0.888741743245683, 0.18638941333586256, 0.07140219012307147], "k_pid_att": [8.315842043484544, 8.372097465879708, 0.962715201958961], "k_pid_yaw": [0.5, 1e-06, 0.1], "k_pid_hsp": [9.554517142883135, 0.9675899326294778, 0.8392762568089349], "k_pid_vsp": [280.00215235900316, 357.8318196308287, 23.951028815135942]}, "datetime": {"datetime": "2025-08-11 20:51:34", "elapsed": 15973.92784833908, "delta": 22.95671319961548}, "costs": {"total_cost": 322.3478466822619, "time_cost": 87.066, "final_distance_cost": 1.7382295180006802, "oscillation_cost": 128.16893614278308, "completition_cost": 0.0, "overshoot_cost": 57.92050839245699, "power_cost": 24.720222119140626, "noise_cost": 22.73395050988049, "n_waypoints_completed": 9, "tot_waypoints": 9}}
{"target": -643.3114500700565, "params": {"k_pid_pos": [0.8605959524458986, 0.6495074533918779, 0.6974701416796185], "k_pid_alt": [0.5649275906195121, 0.47830573053622827, 0.3040328873570909], "k_pid_att": [51.63975086681454, 5.286329040389354, 0.2288497580500669], "k_pid_yaw": [0.5, 1e-06, 0.1], "k_pid_hsp": [7.662866941861797, 0.48171012043973005, 0.07741167829032702], "k_pid_vsp": [218.88250981651782, 236.74767798628113, 133.20918772145615]}, "datetime": {"datetime": "2025-08-11 20:52:03", "elapsed": 16002.885864496231, "delta": 28.95801615715027}, "costs": {"total_cost": 643.3114500700565, "time_cost": 105.56, "final_distance_cost": 1.7928768248912195, "oscillation_cost": 418.71967065264545, "completition_cost": 0.0, "overshoot_cost": 61.53871913847208, "power_cost": 30.64310192871094, "noise_cost": 25.057081525336763, "n_waypoints_completed": 9, "tot_waypoints": 9}}
{"target": -453.549919948174, "params": {"k_pid_pos": [1.5546041409432212, 0.8470251420365597, 0.3793987728446082], "k_pid_alt": [0.7725883381695011, 0.44378031879011626, 0.5820722517230901], "k_pid_att": [54.4916186085412, 1.7818827545701565, 0.6311574934303449], "k_pid_yaw": [0.5, 1e-06, 0.1], "k_pid_hsp": [9.77912671992654, 0.4832225520044212, 0.6897882188886115], "k_pid_vsp": [115.2103448591618, 89.34127811745164, 50.515353721341484]}, "datetime": {"datetime": "2025-08-11 20:52:30", "elapsed": 16030.272402524948, "delta": 27.38653802871704}, "costs": {"total_cost": 453.549919948174, "time_cost": 99.47, "final_distance_cost": 1.7582026468145326, "oscillation_cost": 239.4315710529209, "completition_cost": 0.0, "overshoot_cost": 57.553057534895125, "power_cost": 29.35143874511719, "noise_cost": 25.98564996842628, "n_waypoints_completed": 9, "tot_waypoints": 9}}
{"target": -687.3658811914937, "params": {"k_pid_pos": [1.062821375791886, 0.19358972689001125, 0.21625120844360154], "k_pid_alt": [1.712779548554717, 0.46320840347272774, 0.7841000952517512], "k_pid_att": [19.25049184988787, 3.256632444274031, 0.42636457025961866], "k_pid_yaw": [0.5, 1e-06, 0.1], "k_pid_hsp": [5.895955328163316, 0.14270977479602337, 0.04207151898124418], "k_pid_vsp": [45.12537394897645, 341.00292499155074, 157.3758429374821]}, "datetime": {"datetime": "2025-08-11 20:53:03", "elapsed": 16062.515050411224, "delta": 32.242647886276245}, "costs": {"total_cost": 687.3658811914937, "time_cost": 150, "final_distance_cost": 71.11160008224125, "oscillation_cost": 116.95265078865334, "completition_cost": 222.2222222222222, "overshoot_cost": 68.91564281735897, "power_cost": 30.04266785888672, "noise_cost": 28.12109742213128, "n_waypoints_completed": 7, "tot_waypoints": 9}}
{"target": -406.41694546319957, "params": {"k_pid_pos": [1.4461086216277317, 0.2502923611585993, 0.41412552943262204], "k_pid_alt": [1.9747826184667543, 0.23554633382163004, 0.9491794355853967], "k_pid_att": [38.02844423365816, 2.222338383290188, 0.6246951009176541], "k_pid_yaw": [0.5, 1e-06, 0.1], "k_pid_hsp": [2.5014689671738255, 0.8424014273088719, 0.131262771405103], "k_pid_vsp": [121.96800017219518, 376.27775594482927, 114.61521784618643]}, "datetime": {"datetime": "2025-08-11 20:53:26", "elapsed": 16085.92474246025, "delta": 23.40969204902649}, "costs": {"total_cost": 406.41694546319957, "time_cost": 83.041, "final_distance_cost": 1.7585980644906942, "oscillation_cost": 224.7648385752887, "completition_cost": 0.0, "overshoot_cost": 52.393656298006036, "power_cost": 23.890609765625, "noise_cost": 20.56824275978917, "n_waypoints_completed": 9, "tot_waypoints": 9}}
{"target": -1038.6235541701012, "params": {"k_pid_pos": [0.16759842836053998, 0.9345968563438141, 0.10054618767254642], "k_pid_alt": [1.9069590641297753, 0.6008358026470279, 0.6796140454222225], "k_pid_att": [3.5190790644397563, 3.651894645876943, 0.17673080858667045], "k_pid_yaw": [0.5, 1e-06, 0.1], "k_pid_hsp": [5.976373734156213, 0.41074013404114096, 0.533816252924337], "k_pid_vsp": [315.8881386662575, 391.08479627116014, 244.40343907121948]}, "datetime": {"datetime": "2025-08-11 20:53:58", "elapsed": 16118.04326748848, "delta": 32.11852502822876}, "costs": {"total_cost": 1038.6235541701012, "time_cost": 150, "final_distance_cost": 43.16577124449289, "oscillation_cost": 147.92525007607748, "completition_cost": 555.5555555555555, "overshoot_cost": 75.40901946264948, "power_cost": 36.24365673828125, "noise_cost": 30.32430109304456, "n_waypoints_completed": 4, "tot_waypoints": 9}}
{"target": -364.63551890428704, "params": {"k_pid_pos": [1.3723216226502422, 0.8916757822950563, 0.892396903997495], "k_pid_alt": [1.1499888876062085, 0.6880501356687945, 0.15453678941496873], "k_pid_att": [9.246562047157925, 8.67150371445424, 1.0], "k_pid_yaw": [0.5, 1e-06, 0.1], "k_pid_hsp": [6.603556881253823, 0.23349878409657884, 0.2850829467530906], "k_pid_vsp": [293.4193122313634, 355.9302252039632, 96.16376249964817]}, "datetime": {"datetime": "2025-08-11 20:54:22", "elapsed": 16142.152957201004, "delta": 24.109689712524414}, "costs": {"total_cost": 364.63551890428704, "time_cost": 90.825, "final_distance_cost": 1.751801604754255, "oscillation_cost": 172.18027190193183, "completition_cost": 0.0, "overshoot_cost": 54.20798346547591, "power_cost": 24.191411755371096, "noise_cost": 21.47905017675391, "n_waypoints_completed": 9, "tot_waypoints": 9}}
{"target": -1125.6951095191223, "params": {"k_pid_pos": [0.4543044924632653, 0.09626025008798289, 0.7111945453609023], "k_pid_alt": [0.8889001841983422, 0.131554031550429, 0.01639957683891169], "k_pid_att": [66.39228652105892, 4.181336215421238, 0.24152884848241718], "k_pid_yaw": [0.5, 1e-06, 0.1], "k_pid_hsp": [7.665574486231115, 0.19846711200180078, 0.3871064779088853], "k_pid_vsp": [79.08397410914235, 351.527030213194, 45.88359253903056]}, "datetime": {"datetime": "2025-08-11 20:54:54", "elapsed": 16173.691333293915, "delta": 31.538376092910767}, "costs": {"total_cost": 1125.6951095191223, "time_cost": 150, "final_distance_cost": 66.57544883534445, "oscillation_cost": 686.8840400237334, "completition_cost": 111.11111111111116, "overshoot_cost": 47.96298848875208, "power_cost": 35.31390078125, "noise_cost": 27.847620278931323, "n_waypoints_completed": 8, "tot_waypoints": 9}}
{"target": -322.0570934288237, "params": {"k_pid_pos": [2.0, 0.0, 0.0], "k_pid_alt": [2.0, 0.3787791786835478, 0.6501955809543458], "k_pid_att": [37.430768549175475, 10.0, 1.0], "k_pid_yaw": [0.5, 1e-06, 0.1], "k_pid_hsp": [0.48925302919077845, 0.3986677414798103, 0.0], "k_pid_vsp": [119.91851811586251, 138.31830355240584, 17.554576534871273]}, "datetime": {"datetime": "2025-08-11 20:55:27", "elapsed": 16206.67252421379, "delta": 32.9811909198761}, "costs": {"total_cost": 322.0570934288237, "time_cost": 118.09700000000001, "final_distance_cost": 1.7790829223585112, "oscillation_cost": 85.10781806126008, "completition_cost": 0.0, "overshoot_cost": 55.19923882959809, "power_cost": 31.764341528320315, "noise_cost": 30.109612087286724, "n_waypoints_completed": 9, "tot_waypoints": 9}}
{"target": -1381.455120465783, "params": {"k_pid_pos": [0.04215405586266989, 0.6741970371543675, 0.32314363722078576], "k_pid_alt": [0.355816963606848, 0.4168639023089601, 0.4784374463294072], "k_pid_att": [47.3152918837546, 8.906189759907402, 0.522986505720618], "k_pid_yaw": [0.5, 1e-06, 0.1], "k_pid_hsp": [1.0426520597444602, 0.19969679399254758, 0.6062030659972657], "k_pid_vsp": [122.99466246484667, 140.3070711228513, 19.273898263143707]}, "datetime": {"datetime": "2025-08-11 20:55:58", "elapsed": 16238.158804416656, "delta": 31.4862802028656}, "costs": {"total_cost": 1381.455120465783, "time_cost": 150, "final_distance_cost": 46.48953965471699, "oscillation_cost": 382.483427925277, "completition_cost": 666.6666666666667, "overshoot_cost": 69.99292665318504, "power_cost": 34.88069519042969, "noise_cost": 30.941864375507606, "n_waypoints_completed": 3, "tot_waypoints": 9}}
{"target": -475.7951879068242, "params": {"k_pid_pos": [1.6578827593623289, 0.3774384253278736, 0.5483913342931094], "k_pid_alt": [1.9223480365746446, 0.39245983783597244, 0.7077265462279455], "k_pid_att": [36.991985092704034, 3.3672089919101995, 0.5730714646093141], "k_pid_yaw": [0.5, 1e-06, 0.1], "k_pid_hsp": [4.649105205504214, 0.508540442170013, 0.5486207540653081], "k_pid_vsp": [118.5716779888615, 378.66082639132225, 111.66082999513233]}, "datetime": {"datetime": "2025-08-11 20:56:24", "elapsed": 16263.44422864914, "delta": 25.28542423248291}, "costs": {"total_cost": 475.7951879068242, "time_cost": 91.72800000000001, "final_distance_cost": 1.7801126611595648, "oscillation_cost": 277.74343749711414, "completition_cost": 0.0, "overshoot_cost": 54.78794839547871, "power_cost": 27.156389562988284, "noise_cost": 22.599299790083457, "n_waypoints_completed": 9, "tot_waypoints": 9}}
{"target": -964.5740236822032, "params": {"k_pid_pos": [1.1372114915108562, 0.6632870157657288, 0.6840841853320365], "k_pid_alt": [0.07472466486316875, 0.648801802654396, 0.5007415350231844], "k_pid_att": [12.548753780793975, 0.5818178064752405, 0.948548754276396], "k_pid_yaw": [0.5, 1e-06, 0.1], "k_pid_hsp": [6.284218023041501, 0.41924226395817266, 0.5184111720479373], "k_pid_vsp": [61.26216485069644, 340.23303095952326, 149.07919267339642]}, "datetime": {"datetime": "2025-08-11 20:56:56", "elapsed": 16295.615611076355, "delta": 32.171382427215576}, "costs": {"total_cost": 964.5740236822032, "time_cost": 150, "final_distance_cost": 58.48725523439839, "oscillation_cost": 290.3385414719917, "completition_cost": 333.33333333333337, "overshoot_cost": 71.46517233562793, "power_cost": 31.97353468017578, "noise_cost": 28.976186626676007, "n_waypoints_completed": 6, "tot_waypoints": 9}}
{"target": -290.6600937105541, "params": {"k_pid_pos": [1.0767375477234389, 0.939404256512829, 0.42167257838093875], "k_pid_alt": [1.260742385200318, 0.8809725497134928, 0.1949264660481892], "k_pid_att": [5.597264868393194, 6.701477262074078, 0.47218012040041857], "k_pid_yaw": [0.5, 1e-06, 0.1], "k_pid_hsp": [1.2793831459615805, 0.5340725894283288, 0.0], "k_pid_vsp": [299.5796067388288, 356.27212598644877, 89.98876616428576]}, "datetime": {"datetime": "2025-08-11 20:57:25", "elapsed": 16324.758544921875, "delta": 29.14293384552002}, "costs": {"total_cost": 290.6600937105541, "time_cost": 109.011, "final_distance_cost": 1.7895648805340487, "oscillation_cost": 64.37996311083324, "completition_cost": 0.0, "overshoot_cost": 59.356388843819985, "power_cost": 28.694741943359375, "noise_cost": 27.428434932007487, "n_waypoints_completed": 9, "tot_waypoints": 9}}
{"target": -521.0046190030354, "params": {"k_pid_pos": [2.0, 0.9537494310062493, 0.9701930890631515], "k_pid_alt": [2.0, 0.14215874160501735, 0.5807185453460623], "k_pid_att": [34.29256479970105, 2.9693302981122423, 0.4089127867998635], "k_pid_yaw": [0.5, 1e-06, 0.1], "k_pid_hsp": [8.386823070150053, 0.6969837378292572, 0.06232952657380044], "k_pid_vsp": [231.05144360706282, 22.799368009932458, 34.37854610159993]}, "datetime": {"datetime": "2025-08-11 20:57:53", "elapsed": 16352.857275485992, "delta": 28.09873056411743}, "costs": {"total_cost": 521.0046190030354, "time_cost": 104.944, "final_distance_cost": 1.785141851124929, "oscillation_cost": 304.6152862721664, "completition_cost": 0.0, "overshoot_cost": 53.936444921226865, "power_cost": 29.917628845214846, "noise_cost": 25.806117113302292, "n_waypoints_completed": 9, "tot_waypoints": 9}}
{"target": -715.7099299821435, "params": {"k_pid_pos": [1.130790594435234, 1.0, 0.9088336131431738], "k_pid_alt": [2.0, 0.8542035624722608, 0.0], "k_pid_att": [40.5610293180908, 9.51729022687204, 0.0], "k_pid_yaw": [0.5, 1e-06, 0.1], "k_pid_hsp": [10.0, 0.0, 0.058668510545870786], "k_pid_vsp": [390.11237180461075, 323.5539055469852, 329.49856231160754]}, "datetime": {"datetime": "2025-08-11 20:58:24", "elapsed": 16383.46066570282, "delta": 30.603390216827393}, "costs": {"total_cost": 715.7099299821435, "time_cost": 112.672, "final_distance_cost": 1.7520696041157866, "oscillation_cost": 479.09402461318444, "completition_cost": 0.0, "overshoot_cost": 61.90700506432014, "power_cost": 32.90881655273438, "noise_cost": 27.3760141477887, "n_waypoints_completed": 9, "tot_waypoints": 9}}
{"target": -368.4060879541498, "params": {"k_pid_pos": [0.3556996314427179, 0.009000950496912408, 0.13841217869510036], "k_pid_alt": [1.3734073906951505, 0.8282039713335204, 0.37684462207385194], "k_pid_att": [48.654822077314506, 0.25349932624999677, 0.47896329883362987], "k_pid_yaw": [0.5, 1e-06, 0.1], "k_pid_hsp": [2.4779531207464354, 0.26836980282322176, 0.050863493646289726], "k_pid_vsp": [124.90249900372494, 97.85302316403273, 57.2384662448051]}, "datetime": {"datetime": "2025-08-11 20:58:51", "elapsed": 16411.082988500595, "delta": 27.62232279777527}, "costs": {"total_cost": 368.4060879541498, "time_cost": 103.047, "final_distance_cost": 1.8269226444733468, "oscillation_cost": 153.04258257640612, "completition_cost": 0.0, "overshoot_cost": 58.87481229661707, "power_cost": 25.375319384765625, "noise_cost": 26.23945105188764, "n_waypoints_completed": 9, "tot_waypoints": 9}}
{"target": -367.6867288072717, "params": {"k_pid_pos": [0.5351879213685109, 0.41374179567676383, 0.09270139463893312], "k_pid_alt": [1.9094435068688769, 0.8148085956104875, 0.7934879065618807], "k_pid_att": [7.641121647525983, 7.0200100704837824, 0.5480948944213611], "k_pid_yaw": [0.5, 1e-06, 0.1], "k_pid_hsp": [2.279423593660638, 0.7794298412703041, 0.43908343078295153], "k_pid_vsp": [67.22812327462452, 346.9749506387975, 146.02729133883346]}, "datetime": {"datetime": "2025-08-11 20:59:17", "elapsed": 16436.837157726288, "delta": 25.75416922569275}, "costs": {"total_cost": 367.6867288072717, "time_cost": 94.549, "final_distance_cost": 1.7369634145063733, "oscillation_cost": 164.54939406263705, "completition_cost": 0.0, "overshoot_cost": 57.672923739483316, "power_cost": 26.103180297851562, "noise_cost": 23.07526729279341, "n_waypoints_completed": 9, "tot_waypoints": 9}}
{"target": -295.6354450332796, "params": {"k_pid_pos": [0.7100513491144634, 0.10371048651764059, 0.593818540103814], "k_pid_alt": [1.6647534875642689, 0.5832453631785602, 0.056932177626631164], "k_pid_att": [8.486357273869949, 7.352082818466377, 0.9428033960855958], "k_pid_yaw": [0.5, 1e-06, 0.1], "k_pid_hsp": [2.093036166140898, 0.9114870792401856, 0.054946117937827665], "k_pid_vsp": [54.10198854781334, 347.33291138503904, 152.56221440311225]}, "datetime": {"datetime": "2025-08-11 20:59:44", "elapsed": 16463.58853149414, "delta": 26.751373767852783}, "costs": {"total_cost": 295.6354450332796, "time_cost": 91.994, "final_distance_cost": 1.7807891186285727, "oscillation_cost": 96.18457965003083, "completition_cost": 0.0, "overshoot_cost": 59.167225825664794, "power_cost": 23.565949926757813, "noise_cost": 22.9429005121976, "n_waypoints_completed": 9, "tot_waypoints": 9}}
{"target": -528.9608250422721, "params": {"k_pid_pos": [2.0, 0.18997358056887165, 0.0], "k_pid_alt": [0.8493505504304821, 0.2701607080455698, 0.382791406555086], "k_pid_att": [34.226950345933034, 1.0829843558594068, 0.0], "k_pid_yaw": [0.5, 1e-06, 0.1], "k_pid_hsp": [9.106486569346979, 0.0, 1.0], "k_pid_vsp": [230.70433964158082, 326.95418090330884, 19.93546438955938]}, "datetime": {"datetime": "2025-08-11 21:00:11", "elapsed": 16490.49356150627, "delta": 26.905030012130737}, "costs": {"total_cost": 528.9608250422721, "time_cost": 95.886, "final_distance_cost": 1.7943251403759657, "oscillation_cost": 321.7508151218237, "completition_cost": 0.0, "overshoot_cost": 56.71105278910866, "power_cost": 28.03599060058594, "noise_cost": 24.782641390377833, "n_waypoints_completed": 9, "tot_waypoints": 9}}
