{"target": -1126.5959126871808, "params": {"k_pid_pos": [0.6611439951434306, 0.7921950702866818, 0.36885424141709033], "k_pid_alt": [0.045371800573209775, 0.8610301652062352, 0.0757611169168324], "k_pid_att": [11.584168894001367, 3.5162125681121106, 0.7100593016017319], "k_pid_yaw": [0.5, 1e-06, 0.1], "k_pid_hsp": [6.582431422545233, 0.5828831021087475, 0.775585471415534], "k_pid_vsp": [247.5472116731528, 277.10758649832263, 15.793894719102973]}, "datetime": {"datetime": "2025-08-12 06:31:06", "elapsed": 50745.736708164215, "delta": 45.09406065940857}, "costs": {"total_cost": 1126.5959126871808, "time_cost": 150, "final_distance_cost": 55.01211033470682, "oscillation_cost": 245.3773669110572, "completition_cost": 555.5555555555555, "overshoot_cost": 59.89462471759945, "power_cost": 31.151191955566407, "noise_cost": 29.605063212695285, "n_waypoints_completed": 4, "tot_waypoints": 9}}
{"target": -587.0995484087292, "params": {"k_pid_pos": [1.046858018197308, 0.8340004480400366, 0.020333187564736566], "k_pid_alt": [1.06331168282726, 0.19736351633807037, 0.5817699784998233], "k_pid_att": [11.524597676076587, 0.025227365819281904, 0.2781016711349763], "k_pid_yaw": [0.5, 1e-06, 0.1], "k_pid_hsp": [1.8094313078176865, 0.03479743059716467, 0.3103392440932693], "k_pid_vsp": [268.6284686722397, 368.2481626603291, 28.570251081978572]}, "datetime": {"datetime": "2025-08-12 06:31:45", "elapsed": 50784.49032378197, "delta": 38.753615617752075}, "costs": {"total_cost": 587.0995484087292, "time_cost": 150, "final_distance_cost": 75.82688197254477, "oscillation_cost": 120.96693309679242, "completition_cost": 111.11111111111116, "overshoot_cost": 63.395412356257346, "power_cost": 34.51157084960938, "noise_cost": 31.287639022414155, "n_waypoints_completed": 8, "tot_waypoints": 9}}
{"target": -1012.8940585803501, "params": {"k_pid_pos": [1.1673125316967696, 0.7736472050815558, 0.8860701087443861], "k_pid_alt": [0.21354075005826245, 0.1744203470342549, 0.1118074667924508], "k_pid_att": [21.579836478987545, 5.218099878561372, 0.8464329400736487], "k_pid_yaw": [0.5, 1e-06, 0.1], "k_pid_hsp": [4.220005215391093, 0.7881388102648681, 0.5217554495177125], "k_pid_vsp": [296.86925162208, 317.84325311770465, 159.31416608224094]}, "datetime": {"datetime": "2025-08-12 06:32:25", "elapsed": 50824.71780157089, "delta": 40.22747778892517}, "costs": {"total_cost": 1012.8940585803501, "time_cost": 150, "final_distance_cost": 74.30123798573534, "oscillation_cost": 341.7348552290178, "completition_cost": 333.33333333333337, "overshoot_cost": 50.57227351869122, "power_cost": 32.86385660400391, "noise_cost": 30.08850190956858, "n_waypoints_completed": 6, "tot_waypoints": 9}}
{"target": -1083.570975213349, "params": {"k_pid_pos": [0.11569533780632281, 0.0, 0.2786808645510655], "k_pid_alt": [1.8066358688501, 1.0, 0.08175126546667978], "k_pid_att": [33.65540869483092, 2.460797145582146, 0.3272285141514146], "k_pid_yaw": [0.5, 1e-06, 0.1], "k_pid_hsp": [8.970876625943912, 0.3240392553803797, 0.0], "k_pid_vsp": [334.59499376856917, 277.18488321215386, 235.5546601212202]}, "datetime": {"datetime": "2025-08-12 06:33:11", "elapsed": 50870.75683808327, "delta": 46.03903651237488}, "costs": {"total_cost": 1083.570975213349, "time_cost": 150, "final_distance_cost": 59.785424156044094, "oscillation_cost": 83.45187089315114, "completition_cost": 666.6666666666667, "overshoot_cost": 66.37435464916715, "power_cost": 30.024229931640626, "noise_cost": 27.268428916679408, "n_waypoints_completed": 3, "tot_waypoints": 9}}
{"target": -519.6368008106008, "params": {"k_pid_pos": [2.0, 0.0, 1.0], "k_pid_alt": [0.0, 0.9906938371174302, 1.0], "k_pid_att": [84.60370813271314, 7.539030615919172, 1.0], "k_pid_yaw": [0.5, 1e-06, 0.1], "k_pid_hsp": [10.0, 0.24172661764021622, 0.0], "k_pid_vsp": [372.0688335672209, 267.44921724179164, 252.06983020044962]}, "datetime": {"datetime": "2025-08-12 06:33:48", "elapsed": 50907.59378886223, "delta": 36.83695077896118}, "costs": {"total_cost": 519.6368008106008, "time_cost": 106.281, "final_distance_cost": 1.789234258978013, "oscillation_cost": 279.97665690968404, "completition_cost": 0.0, "overshoot_cost": 75.33125988682437, "power_cost": 29.415735937500003, "noise_cost": 26.84291381761435, "n_waypoints_completed": 9, "tot_waypoints": 9}}
{"target": -211.81061549485557, "params": {"k_pid_pos": [2.0, 1.0, 1.0], "k_pid_alt": [2.0, 0.0, 1.0], "k_pid_att": [28.252344561271197, 0.0001, 0.9932007681627955], "k_pid_yaw": [0.5, 1e-06, 0.1], "k_pid_hsp": [3.5175460321459084, 0.0, 0.0], "k_pid_vsp": [220.6611967733003, 329.2766932791284, 135.7378497995102]}, "datetime": {"datetime": "2025-08-12 06:34:15", "elapsed": 50935.273265600204, "delta": 27.679476737976074}, "costs": {"total_cost": 211.81061549485557, "time_cost": 77.161, "final_distance_cost": 1.7795269890817789, "oscillation_cost": 41.45517504998761, "completition_cost": 0.0, "overshoot_cost": 51.90099488719982, "power_cost": 20.805098181152346, "noise_cost": 18.708820387434006, "n_waypoints_completed": 9, "tot_waypoints": 9}}
{"target": -462.8619879259651, "params": {"k_pid_pos": [1.0014496844182263, 0.9607787851844575, 0.7272242963015125], "k_pid_alt": [1.657758182795591, 0.5947727274727597, 0.4797860252040411], "k_pid_att": [35.40756904255906, 2.052693791062929, 0.9638532817568107], "k_pid_yaw": [0.5, 1e-06, 0.1], "k_pid_hsp": [3.0182141048818556, 0.8908775523663233, 0.2861552242843888], "k_pid_vsp": [54.52870687013878, 301.931145160655, 42.26524215951664]}, "datetime": {"datetime": "2025-08-12 06:34:51", "elapsed": 50971.1209962368, "delta": 35.84773063659668}, "costs": {"total_cost": 462.8619879259651, "time_cost": 108.549, "final_distance_cost": 1.7660717643789736, "oscillation_cost": 238.11219128028387, "completition_cost": 0.0, "overshoot_cost": 56.864477190057514, "power_cost": 30.897106738281252, "noise_cost": 26.673140952963454, "n_waypoints_completed": 9, "tot_waypoints": 9}}
{"target": -365.5303133396996, "params": {"k_pid_pos": [1.3071520093771145, 0.4826697954642437, 0.23056399556176188], "k_pid_alt": [0.5347216556768701, 0.0905010728252944, 0.9358476373967323], "k_pid_att": [2.982432796589529, 2.6330640063212645, 0.385366093021587], "k_pid_yaw": [0.5, 1e-06, 0.1], "k_pid_hsp": [3.5800241544013933, 0.38468311743430716, 0.63842180592559], "k_pid_vsp": [266.8014218662333, 267.145324011757, 44.09911053262649]}, "datetime": {"datetime": "2025-08-12 06:35:25", "elapsed": 51004.919028282166, "delta": 33.79803204536438}, "costs": {"total_cost": 365.5303133396996, "time_cost": 103.054, "final_distance_cost": 1.7713696160742023, "oscillation_cost": 146.79273645654962, "completition_cost": 0.0, "overshoot_cost": 59.382228020830254, "power_cost": 29.14363143310547, "noise_cost": 25.386347813140024, "n_waypoints_completed": 9, "tot_waypoints": 9}}
{"target": -384.5602651293292, "params": {"k_pid_pos": [0.6949392879608605, 0.3041118065251105, 0.9039616935747585], "k_pid_alt": [0.6782734407161517, 0.43005293945808587, 0.7004786828156682], "k_pid_att": [9.832772401091482, 8.753417949415194, 0.8270582805686287], "k_pid_yaw": [0.5, 1e-06, 0.1], "k_pid_hsp": [8.242668864671815, 0.16038747554772903, 0.15028585064053523], "k_pid_vsp": [276.1961713601805, 372.89173354738796, 32.10050887960874]}, "datetime": {"datetime": "2025-08-12 06:36:09", "elapsed": 51048.56393313408, "delta": 43.64490485191345}, "costs": {"total_cost": 384.5602651293292, "time_cost": 117.25, "final_distance_cost": 1.76726846642821, "oscillation_cost": 148.13444026756952, "completition_cost": 0.0, "overshoot_cost": 59.02760807026461, "power_cost": 29.785602587890626, "noise_cost": 28.595345737176224, "n_waypoints_completed": 9, "tot_waypoints": 9}}
{"target": -337.45124087862564, "params": {"k_pid_pos": [1.8440871726734906, 0.442662708106228, 0.17789856038329077], "k_pid_alt": [1.046681582497876, 0.11252846829344376, 0.48390885853172416], "k_pid_att": [11.91636619657369, 1.6233774506984588, 0.9284233185653988], "k_pid_yaw": [0.5, 1e-06, 0.1], "k_pid_hsp": [6.647245205118514, 0.637876743860931, 0.9408588720403951], "k_pid_vsp": [287.86551896515806, 346.3553518490045, 93.27412218435279]}, "datetime": {"datetime": "2025-08-12 06:36:44", "elapsed": 51083.98067569733, "delta": 35.41674256324768}, "costs": {"total_cost": 337.45124087862564, "time_cost": 91.903, "final_distance_cost": 1.742334284296111, "oscillation_cost": 139.8772874043086, "completition_cost": 0.0, "overshoot_cost": 55.32160474253867, "power_cost": 26.13143165283203, "noise_cost": 22.475582794650247, "n_waypoints_completed": 9, "tot_waypoints": 9}}
{"target": -521.3971064260988, "params": {"k_pid_pos": [1.7130646445843265, 0.1526405878184336, 0.03220166429989135], "k_pid_alt": [0.5819280674793526, 0.2962654788998689, 0.8928051540789873], "k_pid_att": [23.021422521014035, 2.8461667156915866, 0.6985480940211873], "k_pid_yaw": [0.5, 1e-06, 0.1], "k_pid_hsp": [4.798871223198252, 0.18834238691860528, 0.3429193402185937], "k_pid_vsp": [325.88741253878754, 281.90558271375266, 234.59081360727617]}, "datetime": {"datetime": "2025-08-12 06:37:25", "elapsed": 51124.93141555786, "delta": 40.95073986053467}, "costs": {"total_cost": 521.3971064260988, "time_cost": 104.391, "final_distance_cost": 1.7847679757529045, "oscillation_cost": 298.69356307738707, "completition_cost": 0.0, "overshoot_cost": 60.588150862860246, "power_cost": 29.937028552246094, "noise_cost": 26.00259595785258, "n_waypoints_completed": 9, "tot_waypoints": 9}}
{"target": -886.360908552516, "params": {"k_pid_pos": [0.48391905363555576, 0.6351372836108183, 0.13269837283986474], "k_pid_alt": [0.3104670628306714, 0.40259757704361143, 0.1201508377955216], "k_pid_att": [59.601114763340966, 0.8547164306730706, 0.883980114073579], "k_pid_yaw": [0.5, 1e-06, 0.1], "k_pid_hsp": [7.802258180632368, 0.16136950379228732, 0.08600444122410844], "k_pid_vsp": [188.31307535227322, 297.93208240804285, 145.07539726988534]}, "datetime": {"datetime": "2025-08-12 06:38:04", "elapsed": 51163.565576553345, "delta": 38.6341609954834}, "costs": {"total_cost": 886.360908552516, "time_cost": 150, "final_distance_cost": 73.64872083549862, "oscillation_cost": 319.95934335814246, "completition_cost": 222.2222222222222, "overshoot_cost": 57.21087690686586, "power_cost": 33.51637159423828, "noise_cost": 29.803373635548446, "n_waypoints_completed": 7, "tot_waypoints": 9}}
{"target": -463.4641918670314, "params": {"k_pid_pos": [1.6398924324001476, 0.5859746135149803, 0.5952416432249734], "k_pid_alt": [0.44837649141080993, 0.5484264433818397, 0.3895988999193235], "k_pid_att": [8.989499166939652, 2.2233191727021997, 0.5176632794902724], "k_pid_yaw": [0.5, 1e-06, 0.1], "k_pid_hsp": [6.405577683348061, 0.2586532320292264, 0.8941081996719831], "k_pid_vsp": [240.3060867920129, 273.3626726063563, 25.630849220480318]}, "datetime": {"datetime": "2025-08-12 06:38:45", "elapsed": 51204.7778172493, "delta": 41.21224069595337}, "costs": {"total_cost": 463.4641918670314, "time_cost": 110.012, "final_distance_cost": 1.796128468242759, "oscillation_cost": 231.42137125123662, "completition_cost": 0.0, "overshoot_cost": 62.89753948244808, "power_cost": 28.90712165527344, "noise_cost": 28.430031009830497, "n_waypoints_completed": 9, "tot_waypoints": 9}}
{"target": -1084.3699968028968, "params": {"k_pid_pos": [0.00587896924114791, 0.5536798640268681, 0.08590011467475334], "k_pid_alt": [0.8505694263183907, 0.9119266839165725, 0.1382765228601437], "k_pid_att": [36.140170122791396, 2.0709674346098295, 0.17702727679971986], "k_pid_yaw": [0.5, 1e-06, 0.1], "k_pid_hsp": [3.5270981764678933, 0.054040652985754556, 0.891248979453543], "k_pid_vsp": [272.62714766128937, 328.2501522576288, 78.63960308450402]}, "datetime": {"datetime": "2025-08-12 06:39:25", "elapsed": 51244.67338013649, "delta": 39.89556288719177}, "costs": {"total_cost": 1084.3699968028968, "time_cost": 150, "final_distance_cost": 72.51922064657147, "oscillation_cost": 390.9930860486118, "completition_cost": 333.33333333333337, "overshoot_cost": 72.56430819704174, "power_cost": 35.04957996826172, "noise_cost": 29.910468609076503, "n_waypoints_completed": 6, "tot_waypoints": 9}}
{"target": -576.5111439588705, "params": {"k_pid_pos": [0.32270350881724497, 0.03402362465300457, 0.37336102967111984], "k_pid_alt": [1.4248408684675202, 0.31733318773458385, 0.9411554984209927], "k_pid_att": [21.133309290921886, 1.1995765706250316, 0.7503752940529295], "k_pid_yaw": [0.5, 1e-06, 0.1], "k_pid_hsp": [3.3882770955107167, 0.5071247954191224, 0.9223753787443977], "k_pid_vsp": [87.45409013037775, 219.47259954049542, 47.25839000102835]}, "datetime": {"datetime": "2025-08-12 06:40:03", "elapsed": 51282.96977996826, "delta": 38.29639983177185}, "costs": {"total_cost": 576.5111439588705, "time_cost": 111.111, "final_distance_cost": 1.8439455375840292, "oscillation_cost": 349.74874351921244, "completition_cost": 0.0, "overshoot_cost": 59.7929351058649, "power_cost": 27.46831317138672, "noise_cost": 26.54620662482238, "n_waypoints_completed": 9, "tot_waypoints": 9}}
{"target": -1584.9559899081285, "params": {"k_pid_pos": [0.0001, 0.0, 0.0], "k_pid_alt": [2.0, 1.0, 0.0], "k_pid_att": [45.86937456851855, 7.008393189555955, 1.0], "k_pid_yaw": [0.5, 1e-06, 0.1], "k_pid_hsp": [5.510044284582874, 1.0, 1.0], "k_pid_vsp": [123.71399753666496, 99.70689934886092, 53.54210622806588]}, "datetime": {"datetime": "2025-08-12 06:40:45", "elapsed": 51324.69234108925, "delta": 41.72256112098694}, "costs": {"total_cost": 1584.9559899081285, "time_cost": 150, "final_distance_cost": 46.04640365801448, "oscillation_cost": 292.1727063245753, "completition_cost": 1000.0, "overshoot_cost": 36.11636923869636, "power_cost": 32.903535058593754, "noise_cost": 27.716975628248722, "n_waypoints_completed": 0, "tot_waypoints": 9}}
{"target": -247.1265220857333, "params": {"k_pid_pos": [1.1598635121914291, 0.10625014561930823, 0.4285857282739163], "k_pid_alt": [1.331175122578112, 0.4524236567067007, 0.4531527180752488], "k_pid_att": [16.070184554318743, 4.900724676639441, 0.9133739944116578], "k_pid_yaw": [0.5, 1e-06, 0.1], "k_pid_hsp": [5.117550998251695, 0.531754606838518, 0.06718716016216486], "k_pid_vsp": [243.18857503327976, 268.73824462982276, 33.764662387908636]}, "datetime": {"datetime": "2025-08-12 06:41:23", "elapsed": 51362.88740110397, "delta": 38.19506001472473}, "costs": {"total_cost": 247.1265220857333, "time_cost": 74.893, "final_distance_cost": 1.770721927520158, "oscillation_cost": 82.706418387735, "completition_cost": 0.0, "overshoot_cost": 50.075533803820626, "power_cost": 18.885560107421878, "noise_cost": 18.795287859235643, "n_waypoints_completed": 9, "tot_waypoints": 9}}
{"target": -706.0316702666651, "params": {"k_pid_pos": [0.958484155179196, 0.0, 0.0], "k_pid_alt": [2.0, 0.0, 0.45709350601482635], "k_pid_att": [28.121791757302287, 3.5378842180562424, 0.682443197753492], "k_pid_yaw": [0.5, 1e-06, 0.1], "k_pid_hsp": [1.1250432538543653, 0.0, 0.0], "k_pid_vsp": [332.3256835697806, 283.50893744062955, 238.33012709440303]}, "datetime": {"datetime": "2025-08-12 06:42:02", "elapsed": 51401.883681058884, "delta": 38.99627995491028}, "costs": {"total_cost": 706.0316702666651, "time_cost": 150, "final_distance_cost": 70.45056764731595, "oscillation_cost": 25.52454949039917, "completition_cost": 333.33333333333337, "overshoot_cost": 69.22230967805874, "power_cost": 30.718940185546877, "noise_cost": 26.781969932010938, "n_waypoints_completed": 6, "tot_waypoints": 9}}
{"target": -1273.9784189294412, "params": {"k_pid_pos": [0.019718164847583538, 0.9735392680500613, 0.5390264450231388], "k_pid_alt": [0.6480296300371349, 0.9029468058783272, 0.36085037107442397], "k_pid_att": [35.90412837918993, 1.5869049301171771, 0.5755613291839957], "k_pid_yaw": [0.5, 1e-06, 0.1], "k_pid_hsp": [5.6167326485853, 0.7020193216170166, 0.7030959379991172], "k_pid_vsp": [62.95496127857447, 300.68137247755345, 43.74851024403292]}, "datetime": {"datetime": "2025-08-12 06:42:40", "elapsed": 51440.1542198658, "delta": 38.27053880691528}, "costs": {"total_cost": 1273.9784189294412, "time_cost": 150, "final_distance_cost": 54.258323987326364, "oscillation_cost": 271.410684245119, "completition_cost": 666.6666666666667, "overshoot_cost": 64.0008981957175, "power_cost": 36.41189796142578, "noise_cost": 31.229947873185846, "n_waypoints_completed": 3, "tot_waypoints": 9}}
{"target": -280.82679257482835, "params": {"k_pid_pos": [1.1236585450455332, 0.8038453820420606, 0.3974457059062322], "k_pid_alt": [1.1261988366460305, 0.18330418864001352, 0.35049520038204474], "k_pid_att": [10.113227221096077, 5.216633411641881, 0.3226788036509145], "k_pid_yaw": [0.5, 1e-06, 0.1], "k_pid_hsp": [5.510282312537556, 0.7326164839375422, 0.03629537410909556], "k_pid_vsp": [242.21586244046622, 267.28702717395686, 16.818215880689095]}, "datetime": {"datetime": "2025-08-12 06:43:21", "elapsed": 51480.49879980087, "delta": 40.34457993507385}, "costs": {"total_cost": 280.82679257482835, "time_cost": 99.666, "final_distance_cost": 1.7487689208862782, "oscillation_cost": 77.23880751349184, "completition_cost": 0.0, "overshoot_cost": 51.36727105431044, "power_cost": 26.264453417968753, "noise_cost": 24.541491668171055, "n_waypoints_completed": 9, "tot_waypoints": 9}}
{"target": -1088.6109864899772, "params": {"k_pid_pos": [0.6086137374285365, 0.12085456058807786, 0.033223244526449425], "k_pid_alt": [0.36085931887313283, 0.017468260593741403, 0.6725385134238753], "k_pid_att": [42.592082298932176, 8.251470661779775, 0.5697400200672939], "k_pid_yaw": [0.5, 1e-06, 0.1], "k_pid_hsp": [9.505015566362337, 0.384109545822808, 0.9521697606358467], "k_pid_vsp": [342.26491683470346, 277.5103511109128, 235.13023598792915]}, "datetime": {"datetime": "2025-08-12 06:44:04", "elapsed": 51524.216946840286, "delta": 43.71814703941345}, "costs": {"total_cost": 1088.6109864899772, "time_cost": 150, "final_distance_cost": 71.70877665102898, "oscillation_cost": 428.3503778428313, "completition_cost": 333.33333333333337, "overshoot_cost": 43.150063205984736, "power_cost": 33.876887158203125, "noise_cost": 28.191548298595702, "n_waypoints_completed": 6, "tot_waypoints": 9}}
{"target": -407.7960162156275, "params": {"k_pid_pos": [1.6228255663312072, 0.13149928206500638, 0.5533652668384548], "k_pid_alt": [1.7414843669790587, 0.40291757056899113, 0.051426755123862744], "k_pid_att": [37.81363245274662, 1.7716853271519186, 0.92483733550199], "k_pid_yaw": [0.5, 1e-06, 0.1], "k_pid_hsp": [4.3117813341509015, 0.5099869056238361, 0.657722698357017], "k_pid_vsp": [273.6862322734781, 310.15000632805084, 74.12542081595451]}, "datetime": {"datetime": "2025-08-12 06:44:37", "elapsed": 51556.8504679203, "delta": 32.63352108001709}, "costs": {"total_cost": 407.7960162156275, "time_cost": 88.599, "final_distance_cost": 1.7884687709685767, "oscillation_cost": 217.32095057732207, "completition_cost": 0.0, "overshoot_cost": 52.89320573187423, "power_cost": 25.091273889160156, "noise_cost": 22.103117246302467, "n_waypoints_completed": 9, "tot_waypoints": 9}}
{"target": -404.0139697929467, "params": {"k_pid_pos": [2.0, 0.07691129866402154, 1.0], "k_pid_alt": [2.0, 1.0, 0.37488078743776604], "k_pid_att": [36.495515102907795, 3.661249280334068, 1.0], "k_pid_yaw": [0.5, 1e-06, 0.1], "k_pid_hsp": [6.032372279303294, 0.5503716720376612, 0.1796316739730323], "k_pid_vsp": [223.88468280385385, 327.5211473981671, 18.873551182276323]}, "datetime": {"datetime": "2025-08-12 06:45:09", "elapsed": 51588.49197721481, "delta": 31.641509294509888}, "costs": {"total_cost": 404.0139697929467, "time_cost": 79.163, "final_distance_cost": 1.755733984451229, "oscillation_cost": 228.59242408627318, "completition_cost": 0.0, "overshoot_cost": 52.22808561899491, "power_cost": 22.564721520996095, "noise_cost": 19.710004582231303, "n_waypoints_completed": 9, "tot_waypoints": 9}}
{"target": -1119.206999120841, "params": {"k_pid_pos": [0.541009232625759, 0.1497281672044284, 0.21251843033544604], "k_pid_alt": [0.131670105499752, 0.1703985307225112, 0.10714503635017691], "k_pid_att": [42.77262269344051, 3.5119468299644105, 0.2431439991446399], "k_pid_yaw": [0.5, 1e-06, 0.1], "k_pid_hsp": [7.82620021943247, 0.33428131897132807, 0.3841624987775779], "k_pid_vsp": [336.42069942888673, 282.5556313033108, 252.40150999454727]}, "datetime": {"datetime": "2025-08-12 06:45:49", "elapsed": 51628.574996471405, "delta": 40.0830192565918}, "costs": {"total_cost": 1119.206999120841, "time_cost": 150, "final_distance_cost": 64.23823594659557, "oscillation_cost": 562.1995432092999, "completition_cost": 222.2222222222222, "overshoot_cost": 56.539324770209085, "power_cost": 33.24010848388672, "noise_cost": 30.767564488627645, "n_waypoints_completed": 7, "tot_waypoints": 9}}
{"target": -970.0422036692072, "params": {"k_pid_pos": [0.7972095527171563, 0.8760730635297368, 0.7120363906943297], "k_pid_alt": [0.5614444783184009, 0.44779310351545787, 0.7541032288206352], "k_pid_att": [41.71699902429459, 0.6100368032782796, 0.8869256702455437], "k_pid_yaw": [0.5, 1e-06, 0.1], "k_pid_hsp": [9.321432383220927, 0.44874591607639047, 0.7403818341375599], "k_pid_vsp": [274.65347592832563, 352.31821150258514, 17.53846870904395]}, "datetime": {"datetime": "2025-08-12 06:46:28", "elapsed": 51668.02688884735, "delta": 39.451892375946045}, "costs": {"total_cost": 970.0422036692072, "time_cost": 150, "final_distance_cost": 65.270405410127, "oscillation_cost": 418.0651256380125, "completition_cost": 222.2222222222222, "overshoot_cost": 49.89776446549913, "power_cost": 34.357147094726564, "noise_cost": 30.229538838619867, "n_waypoints_completed": 7, "tot_waypoints": 9}}
