{"target": -954.9004893991505, "params": {"k_pid_pos": [0.3310797422347707, 0.5289783320535435, 0.0412011454108423], "k_pid_alt": [0.8186333502863479, 0.7382583642669831, 0.3621402781850178], "k_pid_att": [30.90802825922252, 6.881463453811224, 0.18920641599043897], "k_pid_yaw": [0.5, 1e-06, 0.1], "k_pid_hsp": [1.876984350399694, 0.3095520973130135, 0.9307761974478679], "k_pid_vsp": [270.88001036619744, 323.13568807183304, 72.57494144157333]}, "datetime": {"datetime": "2025-08-12 07:19:20", "elapsed": 53640.03042650223, "delta": 41.30545496940613}, "costs": {"total_cost": 954.9004893991505, "time_cost": 150, "final_distance_cost": 68.00599759343815, "oscillation_cost": 281.2377127202331, "completition_cost": 333.33333333333337, "overshoot_cost": 57.04959012722929, "power_cost": 36.01678489990235, "noise_cost": 29.257070725014326, "n_waypoints_completed": 6, "tot_waypoints": 9}}
{"target": -997.4716493244865, "params": {"k_pid_pos": [2.0, 0.0, 0.4302369989991633], "k_pid_alt": [2.0, 0.3468029346822064, 0.513999803626307], "k_pid_att": [7.723213256097515, 7.711310366584166, 0.8628464820524969], "k_pid_yaw": [0.5, 1e-06, 0.1], "k_pid_hsp": [2.37759574378022, 0.6046188083707191, 0.8629419635470028], "k_pid_vsp": [51.06731863622274, 361.4356587854479, 149.12087203976603]}, "datetime": {"datetime": "2025-08-12 07:20:00", "elapsed": 53680.10645198822, "delta": 40.07602548599243}, "costs": {"total_cost": 997.4716493244865, "time_cost": 150, "final_distance_cost": 67.71413713181073, "oscillation_cost": 317.38600267635957, "completition_cost": 333.33333333333337, "overshoot_cost": 68.96440613867988, "power_cost": 32.41939959716797, "noise_cost": 27.65437044713497, "n_waypoints_completed": 6, "tot_waypoints": 9}}
{"target": -322.2758660636023, "params": {"k_pid_pos": [1.403937450424145, 0.05110415731787976, 0.7999313143121181], "k_pid_alt": [0.7804426875210699, 0.6409766609831532, 0.4917263053195925], "k_pid_att": [5.292325940728848, 0.7670068847413882, 0.7410564214949582], "k_pid_yaw": [0.5, 1e-06, 0.1], "k_pid_hsp": [6.370947400245202, 0.32076434228234163, 0.862384191832982], "k_pid_vsp": [272.7101171310543, 263.7504256282357, 40.811181692824356]}, "datetime": {"datetime": "2025-08-12 07:20:32", "elapsed": 53712.22052669525, "delta": 32.11407470703125}, "costs": {"total_cost": 322.2758660636023, "time_cost": 89.054, "final_distance_cost": 1.787214062732241, "oscillation_cost": 129.65398360534542, "completition_cost": 0.0, "overshoot_cost": 57.410235517800906, "power_cost": 23.318652978515626, "noise_cost": 21.05177989920807, "n_waypoints_completed": 9, "tot_waypoints": 9}}
{"target": -1454.5745700891134, "params": {"k_pid_pos": [1.6304446589846, 0.405904085987852, 0.8446816616603592], "k_pid_alt": [0.21037101382448697, 0.7934266904525934, 0.05894894683965013], "k_pid_att": [9.169062917770976, 6.992656878457047, 0.1933754359063734], "k_pid_yaw": [0.5, 1e-06, 0.1], "k_pid_hsp": [0.40542946580414896, 0.7498403815362891, 0.5222848324930615], "k_pid_vsp": [185.81472449807833, 324.00176071579136, 0.9864968109124899]}, "datetime": {"datetime": "2025-08-12 07:21:24", "elapsed": 53764.25460648537, "delta": 52.034079790115356}, "costs": {"total_cost": 1454.5745700891134, "time_cost": 150, "final_distance_cost": 99.90091463618124, "oscillation_cost": 308.9309870746529, "completition_cost": 777.7777777777778, "overshoot_cost": 57.66260125364497, "power_cost": 28.047265185546877, "noise_cost": 32.255024161309514, "n_waypoints_completed": 2, "tot_waypoints": 9}}
{"target": -2013.9806384320048, "params": {"k_pid_pos": [1.6213186987352026, 0.7331827494192451, 0.6860844403800987], "k_pid_alt": [0.7130247280326831, 0.9270745420343697, 0.4855353251996236], "k_pid_att": [35.57689737566423, 1.0465937448552753, 0.010622278214140524], "k_pid_yaw": [0.5, 1e-06, 0.1], "k_pid_hsp": [0.070444610022529, 0.5221736124094741, 0.5289113535664638], "k_pid_vsp": [56.22980060414577, 355.6685666257849, 94.99173508696441]}, "datetime": {"datetime": "2025-08-12 07:22:11", "elapsed": 53811.20731782913, "delta": 46.95271134376526}, "costs": {"total_cost": 2013.9806384320048, "time_cost": 150, "final_distance_cost": 62.928302034110345, "oscillation_cost": 707.2998223409461, "completition_cost": 888.8888888888888, "overshoot_cost": 141.4986292241161, "power_cost": 34.37723359375, "noise_cost": 28.98776235019349, "n_waypoints_completed": 1, "tot_waypoints": 9}}
{"target": -880.5712542279118, "params": {"k_pid_pos": [0.8061644973290897, 0.9371848511067421, 0.33380768287058016], "k_pid_alt": [0.1372932176679451, 0.8390296374318141, 0.5204098924866016], "k_pid_att": [21.500722114355376, 8.88919514253259, 0.3166382312930752], "k_pid_yaw": [0.5, 1e-06, 0.1], "k_pid_hsp": [6.726186514386149, 0.15991032442599107, 0.11208611287644898], "k_pid_vsp": [54.16493287205575, 342.9784035185039, 140.2328288830621]}, "datetime": {"datetime": "2025-08-12 07:22:52", "elapsed": 53851.37842988968, "delta": 40.171112060546875}, "costs": {"total_cost": 880.5712542279118, "time_cost": 150, "final_distance_cost": 64.26351631692046, "oscillation_cost": 320.66955320002154, "completition_cost": 222.2222222222222, "overshoot_cost": 59.552176002278976, "power_cost": 32.799442883300785, "noise_cost": 31.064343603167902, "n_waypoints_completed": 7, "tot_waypoints": 9}}
{"target": -348.4732263434063, "params": {"k_pid_pos": [1.9816595458574684, 0.7763630715619765, 0.1293373674287509], "k_pid_alt": [1.688572235658806, 0.00656195165254625, 0.3938847047462637], "k_pid_att": [39.24927965802759, 4.523898901080486, 0.9858169215599741], "k_pid_yaw": [0.5, 1e-06, 0.1], "k_pid_hsp": [8.31705727750241, 0.7549185531590789, 0.6492702031102355], "k_pid_vsp": [231.22082350960827, 27.440438026251265, 47.05103932400099]}, "datetime": {"datetime": "2025-08-12 07:23:30", "elapsed": 53889.80237221718, "delta": 38.42394232749939}, "costs": {"total_cost": 348.4732263434063, "time_cost": 94.458, "final_distance_cost": 1.7710399830555326, "oscillation_cost": 129.917408468183, "completition_cost": 0.0, "overshoot_cost": 66.86289228774177, "power_cost": 28.430452465820313, "noise_cost": 27.033433138605602, "n_waypoints_completed": 9, "tot_waypoints": 9}}
{"target": -766.0155848298773, "params": {"k_pid_pos": [1.7801010179181054, 0.9923865313290048, 0.6987590017715968], "k_pid_alt": [1.1935010841963487, 0.9411808855204972, 0.874343541183375], "k_pid_att": [20.73625723314875, 1.7871171907484251, 0.12596232963492604], "k_pid_yaw": [0.5, 1e-06, 0.1], "k_pid_hsp": [8.023306441422587, 0.24948449866738132, 0.8609380272111439], "k_pid_vsp": [291.69099902455275, 352.3340537211884, 90.13679709459697]}, "datetime": {"datetime": "2025-08-12 07:24:11", "elapsed": 53930.49247431755, "delta": 40.690102100372314}, "costs": {"total_cost": 766.0155848298773, "time_cost": 150, "final_distance_cost": 15.645647092616409, "oscillation_cost": 355.6592875959626, "completition_cost": 111.11111111111116, "overshoot_cost": 67.31636090257666, "power_cost": 35.299894360351566, "noise_cost": 30.98328376725886, "n_waypoints_completed": 8, "tot_waypoints": 9}}
{"target": -382.83217978890156, "params": {"k_pid_pos": [1.7722969512917452, 0.35134301461421824, 0.5642618597655503], "k_pid_alt": [0.834158643958987, 0.5402702940382547, 0.5617352833101548], "k_pid_att": [11.26293063710213, 7.089723709021042, 0.8197700654300806], "k_pid_yaw": [0.5, 1e-06, 0.1], "k_pid_hsp": [2.9928431825254225, 0.9181583291894221, 0.4499111633821161], "k_pid_vsp": [237.285373402328, 265.87024134068247, 17.85844731177413]}, "datetime": {"datetime": "2025-08-12 07:24:45", "elapsed": 53965.04902434349, "delta": 34.55655002593994}, "costs": {"total_cost": 382.83217978890156, "time_cost": 93.968, "final_distance_cost": 1.7840085966576447, "oscillation_cost": 184.4898287980509, "completition_cost": 0.0, "overshoot_cost": 53.43658620505866, "power_cost": 24.843193701171877, "noise_cost": 24.31056248796244, "n_waypoints_completed": 9, "tot_waypoints": 9}}
{"target": -544.9298960945674, "params": {"k_pid_pos": [0.9882207730299013, 0.9135112253387272, 0.7377744891544806], "k_pid_alt": [0.9038723843239913, 0.3934710536555899, 0.7599202322643868], "k_pid_att": [35.80430495973139, 2.936601439141256, 0.9630207149651974], "k_pid_yaw": [0.5, 1e-06, 0.1], "k_pid_hsp": [6.652918104822193, 0.7260970775266736, 0.6931611598519095], "k_pid_vsp": [224.16492230368905, 25.237343503702686, 34.42644105825771]}, "datetime": {"datetime": "2025-08-12 07:25:28", "elapsed": 54007.72662496567, "delta": 42.677600622177124}, "costs": {"total_cost": 544.9298960945674, "time_cost": 109.809, "final_distance_cost": 1.790927674829057, "oscillation_cost": 315.4024666348784, "completition_cost": 0.0, "overshoot_cost": 57.70039213975903, "power_cost": 32.73741270751953, "noise_cost": 27.489696937581307, "n_waypoints_completed": 9, "tot_waypoints": 9}}
{"target": -503.13271399479, "params": {"k_pid_pos": [0.8504454280749201, 0.5582066101083754, 0.17379954320914837], "k_pid_alt": [0.11741503590812163, 0.04663709897725532, 0.462235638854405], "k_pid_att": [10.245429329157385, 6.616288590638203, 0.8667562133230411], "k_pid_yaw": [0.5, 1e-06, 0.1], "k_pid_hsp": [8.250025802477351, 0.0033905299002042755, 0.12197999152382077], "k_pid_vsp": [289.27596674102267, 350.4220987635336, 88.75061159442689]}, "datetime": {"datetime": "2025-08-12 07:26:07", "elapsed": 54046.58704280853, "delta": 38.86041784286499}, "costs": {"total_cost": 503.13271399479, "time_cost": 150, "final_distance_cost": 4.863578596169505, "oscillation_cost": 119.36409715579032, "completition_cost": 111.11111111111116, "overshoot_cost": 58.20353043761369, "power_cost": 31.477937255859377, "noise_cost": 28.112459438245935, "n_waypoints_completed": 8, "tot_waypoints": 9}}
{"target": -341.1868594231233, "params": {"k_pid_pos": [1.5312219379446543, 0.059778977702781844, 0.7108527735404035], "k_pid_alt": [1.45047169483453, 0.8529844516686099, 0.8267773040094054], "k_pid_att": [12.496030032152882, 6.912883714599379, 0.4610292361071906], "k_pid_yaw": [0.5, 1e-06, 0.1], "k_pid_hsp": [1.988280584274347, 0.9318853721096667, 0.35098421615772457], "k_pid_vsp": [237.8622741297934, 263.26391660065434, 23.133125848337777]}, "datetime": {"datetime": "2025-08-12 07:26:41", "elapsed": 54081.30045962334, "delta": 34.71341681480408}, "costs": {"total_cost": 341.1868594231233, "time_cost": 77.98, "final_distance_cost": 1.8000757537192922, "oscillation_cost": 167.8612237042469, "completition_cost": 0.0, "overshoot_cost": 52.12286300972404, "power_cost": 21.627165686035156, "noise_cost": 19.79553126939787, "n_waypoints_completed": 9, "tot_waypoints": 9}}
{"target": -403.5415528166617, "params": {"k_pid_pos": [1.3837575978200685, 0.016457718964967394, 0.36475008301949674], "k_pid_alt": [1.2633822895732552, 0.5216817328197783, 0.008210170686417384], "k_pid_att": [44.996825432591926, 4.9009977679729975, 0.5365555859359307], "k_pid_yaw": [0.5, 1e-06, 0.1], "k_pid_hsp": [5.138685544587601, 0.17013997576491346, 0.7634547775097529], "k_pid_vsp": [234.98752008050334, 325.87503745490926, 21.32539938679789]}, "datetime": {"datetime": "2025-08-12 07:27:16", "elapsed": 54115.676582574844, "delta": 34.37612295150757}, "costs": {"total_cost": 403.5415528166617, "time_cost": 78.246, "final_distance_cost": 1.7687357178139815, "oscillation_cost": 227.97028157764464, "completition_cost": 0.0, "overshoot_cost": 52.71640165746023, "power_cost": 22.84913192138672, "noise_cost": 19.991001942356068, "n_waypoints_completed": 9, "tot_waypoints": 9}}
{"target": -711.7896231553475, "params": {"k_pid_pos": [1.7266991752399434, 0.18269970062596186, 0.9891018159034962], "k_pid_alt": [0.35471647296150577, 0.35987987797699106, 0.8068039834874756], "k_pid_att": [17.422263923607105, 3.9566595800277464, 0.8516624946558613], "k_pid_yaw": [0.5, 1e-06, 0.1], "k_pid_hsp": [0.29197366804104813, 0.0029767661557955627, 0.14000231263341778], "k_pid_vsp": [240.1583013102697, 266.0287271373504, 30.67238633824531]}, "datetime": {"datetime": "2025-08-12 07:28:01", "elapsed": 54160.74649429321, "delta": 45.06991171836853}, "costs": {"total_cost": 711.7896231553475, "time_cost": 150, "final_distance_cost": 41.70082161333252, "oscillation_cost": 288.35134337047776, "completition_cost": 111.11111111111116, "overshoot_cost": 57.62153037960091, "power_cost": 32.458820214843755, "noise_cost": 30.545996465981418, "n_waypoints_completed": 8, "tot_waypoints": 9}}
{"target": -871.5028171070345, "params": {"k_pid_pos": [0.6856810964495197, 0.7894608554559689, 0.3780749652394767], "k_pid_alt": [0.7016516444060643, 0.10194516865654091, 0.24784287568371888], "k_pid_att": [38.984088097998296, 2.2751570661394394, 0.8750575989466592], "k_pid_yaw": [0.5, 1e-06, 0.1], "k_pid_hsp": [5.9192930451767936, 0.4969058953530814, 0.9762212748181952], "k_pid_vsp": [223.42209412380805, 332.71368781318716, 17.57974674768994]}, "datetime": {"datetime": "2025-08-12 07:28:45", "elapsed": 54205.350672245026, "delta": 44.604177951812744}, "costs": {"total_cost": 871.5028171070345, "time_cost": 150, "final_distance_cost": 66.44963085367667, "oscillation_cost": 322.2287644482864, "completition_cost": 222.2222222222222, "overshoot_cost": 47.156756282828155, "power_cost": 34.44453205566406, "noise_cost": 29.000911244357106, "n_waypoints_completed": 7, "tot_waypoints": 9}}
{"target": -1091.5766065661514, "params": {"k_pid_pos": [0.9241258419338128, 0.02261974978052017, 0.9727038746806209], "k_pid_alt": [0.3261775381757983, 0.08367666717322009, 0.511132414140113], "k_pid_att": [28.617488777958787, 0.1005280641005118, 0.2807286476781693], "k_pid_yaw": [0.5, 1e-06, 0.1], "k_pid_hsp": [2.548655907690543, 0.8072728943723289, 0.6610269265539518], "k_pid_vsp": [226.95399147382864, 27.329381338715777, 39.98043584089486]}, "datetime": {"datetime": "2025-08-12 07:29:33", "elapsed": 54252.454771995544, "delta": 47.1040997505188}, "costs": {"total_cost": 1091.5766065661514, "time_cost": 150, "final_distance_cost": 67.96349269651658, "oscillation_cost": 540.9024907276819, "completition_cost": 222.2222222222222, "overshoot_cost": 48.600200205357396, "power_cost": 33.37785104980469, "noise_cost": 28.510349664568924, "n_waypoints_completed": 7, "tot_waypoints": 9}}
{"target": -417.57690977873966, "params": {"k_pid_pos": [1.331966248896145, 0.9353478899664013, 0.7684548521899649], "k_pid_alt": [1.4449377228961018, 0.997885648726567, 0.8572719583695871], "k_pid_att": [8.57900961034983, 9.491749591763925, 0.42779011635375486], "k_pid_yaw": [0.5, 1e-06, 0.1], "k_pid_hsp": [7.733240962949017, 0.028692748462091466, 0.2908419637383287], "k_pid_vsp": [264.0266222729547, 263.95670322237567, 44.39155906500696]}, "datetime": {"datetime": "2025-08-12 07:30:13", "elapsed": 54293.29104733467, "delta": 40.83627533912659}, "costs": {"total_cost": 417.57690977873966, "time_cost": 97.86, "final_distance_cost": 1.7413641815639975, "oscillation_cost": 210.63214881226205, "completition_cost": 0.0, "overshoot_cost": 55.57589296033348, "power_cost": 26.474488342285156, "noise_cost": 25.293015482295, "n_waypoints_completed": 9, "tot_waypoints": 9}}
{"target": -494.0501362063043, "params": {"k_pid_pos": [1.3989980690988963, 0.5083151809623035, 0.6371129207809367], "k_pid_alt": [1.3096305956396581, 0.9693147340005219, 0.3902897933555203], "k_pid_att": [24.861940109290593, 6.8910791092982615, 0.6840901893460798], "k_pid_yaw": [0.5, 1e-06, 0.1], "k_pid_hsp": [7.462707778956112, 0.9355020792699528, 0.07486082840657005], "k_pid_vsp": [302.51211004866786, 312.75018543793067, 176.3043739052442]}, "datetime": {"datetime": "2025-08-12 07:30:50", "elapsed": 54330.18531727791, "delta": 36.894269943237305}, "costs": {"total_cost": 494.0501362063043, "time_cost": 111.45400000000001, "final_distance_cost": 1.7991424889674743, "oscillation_cost": 262.20090983363383, "completition_cost": 0.0, "overshoot_cost": 60.5717633746147, "power_cost": 30.07656287841797, "noise_cost": 27.947757630670232, "n_waypoints_completed": 9, "tot_waypoints": 9}}
{"target": -911.5047542311792, "params": {"k_pid_pos": [0.43238404374411704, 0.4282243161525856, 0.8137099623754865], "k_pid_alt": [1.6170869643040626, 0.3187150575033648, 0.4404994781565409], "k_pid_att": [15.353372742692429, 1.3317508824380908, 0.47868941642726537], "k_pid_yaw": [0.5, 1e-06, 0.1], "k_pid_hsp": [8.240201644320654, 0.12770868520807865, 0.572143347175521], "k_pid_vsp": [242.88026452969603, 265.05745597868287, 23.104732488055575]}, "datetime": {"datetime": "2025-08-12 07:31:32", "elapsed": 54371.40379691124, "delta": 41.2184796333313}, "costs": {"total_cost": 911.5047542311792, "time_cost": 150, "final_distance_cost": 64.93589388582006, "oscillation_cost": 368.1929365675722, "completition_cost": 222.2222222222222, "overshoot_cost": 46.9435196940808, "power_cost": 31.225861071777345, "noise_cost": 27.98432078970656, "n_waypoints_completed": 7, "tot_waypoints": 9}}
{"target": -565.1110060202125, "params": {"k_pid_pos": [1.2070430737021856, 0.17192401959264403, 0.08886412200378502], "k_pid_alt": [0.8908727943241519, 0.24297966505864432, 0.7837540596802931], "k_pid_att": [19.4396972013369, 4.253397279990596, 0.45585637004881874], "k_pid_yaw": [0.5, 1e-06, 0.1], "k_pid_hsp": [2.890956105210605, 0.3128605458661132, 0.9830915944837824], "k_pid_vsp": [183.96125839652777, 322.7110261745612, 8.299166470437031]}, "datetime": {"datetime": "2025-08-12 07:32:08", "elapsed": 54407.65197849274, "delta": 36.24818158149719}, "costs": {"total_cost": 565.1110060202125, "time_cost": 108.745, "final_distance_cost": 1.7944346390542254, "oscillation_cost": 340.3999300650016, "completition_cost": 0.0, "overshoot_cost": 58.07776891535785, "power_cost": 26.611119848632814, "noise_cost": 29.48275255216598, "n_waypoints_completed": 9, "tot_waypoints": 9}}
{"target": -491.02609825436167, "params": {"k_pid_pos": [0.912867326234223, 0.019485782133841778, 0.37767833308147847], "k_pid_alt": [0.7020414008841245, 0.6849726421083694, 0.21521876681804764], "k_pid_att": [21.228575251038627, 6.322041203213022, 0.3340940669265139], "k_pid_yaw": [0.5, 1e-06, 0.1], "k_pid_hsp": [5.592268658695544, 0.051723817981068176, 0.3570007127626662], "k_pid_vsp": [80.66387272151357, 221.6846856041139, 38.24255432757762]}, "datetime": {"datetime": "2025-08-12 07:32:44", "elapsed": 54443.971111774445, "delta": 36.319133281707764}, "costs": {"total_cost": 491.02609825436167, "time_cost": 83.531, "final_distance_cost": 1.8095548773577959, "oscillation_cost": 306.70940135179376, "completition_cost": 0.0, "overshoot_cost": 55.29003184169316, "power_cost": 22.912080615234377, "noise_cost": 20.774029568282508, "n_waypoints_completed": 9, "tot_waypoints": 9}}
{"target": -503.41964914926893, "params": {"k_pid_pos": [1.8102260437613829, 0.42764726804388986, 0.4306733123834058], "k_pid_alt": [0.9749374314377937, 0.9883781925059695, 0.5770939930427171], "k_pid_att": [26.188949966256516, 5.303529069138855, 0.5621025518220394], "k_pid_yaw": [0.5, 1e-06, 0.1], "k_pid_hsp": [7.207395444551786, 0.33873387394341214, 0.09379411038108743], "k_pid_vsp": [227.3603956315357, 282.54360540473414, 60.079495500826106]}, "datetime": {"datetime": "2025-08-12 07:33:29", "elapsed": 54488.809259176254, "delta": 44.83814740180969}, "costs": {"total_cost": 503.41964914926893, "time_cost": 108.906, "final_distance_cost": 1.7873667424698583, "oscillation_cost": 274.5670177373262, "completition_cost": 0.0, "overshoot_cost": 59.85686586464088, "power_cost": 29.807551416015627, "noise_cost": 28.494847388816403, "n_waypoints_completed": 9, "tot_waypoints": 9}}
{"target": -475.3802003833667, "params": {"k_pid_pos": [1.3682453722145949, 0.28208368857903854, 0.6015538090235136], "k_pid_alt": [0.7777255404356835, 0.23690910595759584, 0.4384235919587689], "k_pid_att": [7.716854363415216, 9.10288821515697, 0.006264075843094741], "k_pid_yaw": [0.5, 1e-06, 0.1], "k_pid_hsp": [9.029960120090834, 0.9856361568877292, 0.966942645006039], "k_pid_vsp": [248.11152240245286, 269.553489627887, 33.36206872809669]}, "datetime": {"datetime": "2025-08-12 07:34:00", "elapsed": 54519.661430835724, "delta": 30.852171659469604}, "costs": {"total_cost": 475.3802003833667, "time_cost": 82.271, "final_distance_cost": 1.7936132235030315, "oscillation_cost": 296.0079923168804, "completition_cost": 0.0, "overshoot_cost": 51.482192024962714, "power_cost": 22.5302763671875, "noise_cost": 21.295126450832992, "n_waypoints_completed": 9, "tot_waypoints": 9}}
{"target": -1108.3489088744, "params": {"k_pid_pos": [0.461138293367948, 0.05121588881666983, 0.8530273400642862], "k_pid_alt": [0.07302400214219018, 0.9543263215435477, 0.3295953054931534], "k_pid_att": [35.95321123440346, 1.9243417972142525, 0.26959177917601795], "k_pid_yaw": [0.5, 1e-06, 0.1], "k_pid_hsp": [6.927179617596831, 0.35572299281639874, 0.07853608445047544], "k_pid_vsp": [277.54922916358834, 301.0114878677895, 82.36625650168841]}, "datetime": {"datetime": "2025-08-12 07:34:47", "elapsed": 54566.51265192032, "delta": 46.85122108459473}, "costs": {"total_cost": 1108.3489088744, "time_cost": 150, "final_distance_cost": 68.99318796773748, "oscillation_cost": 540.4644072654099, "completition_cost": 222.2222222222222, "overshoot_cost": 65.47825514234017, "power_cost": 32.04525982666016, "noise_cost": 29.14557645002995, "n_waypoints_completed": 7, "tot_waypoints": 9}}
