{"target": -778.5239928533747, "params": {"k_pid_pos": [1.3109587654070196, 0.5042836010211744, 0.1487402706205596], "k_pid_alt": [0.9947631404564989, 0.654134334307495, 0.5284522745668604], "k_pid_att": [8.838772091509938, 0.05088176917840676, 0.04760806457333955], "k_pid_yaw": [0.5, 1e-06, 0.1], "k_pid_hsp": [5.9540303462232105, 0.6998642050761555, 0.45040158380280415], "k_pid_vsp": [317.04672799226546, 388.534121782429, 246.38399450099874]}, "datetime": {"datetime": "2025-08-11 23:05:41", "elapsed": 24020.928814411163, "delta": 34.12811303138733}, "costs": {"total_cost": 778.5239928533747, "time_cost": 150, "final_distance_cost": 63.592781675142064, "oscillation_cost": 330.3523282970386, "completition_cost": 111.11111111111116, "overshoot_cost": 60.72992249473956, "power_cost": 33.81412312011719, "noise_cost": 28.92372615522612, "n_waypoints_completed": 8, "tot_waypoints": 9}}
{"target": -399.93188919636214, "params": {"k_pid_pos": [2.0, 0.804928897097237, 0.4862057359729881], "k_pid_alt": [2.0, 0.08516547617387549, 0.0], "k_pid_att": [41.940454216536054, 4.998911558190551, 0.523677622235057], "k_pid_yaw": [0.5, 1e-06, 0.1], "k_pid_hsp": [8.092546259383123, 0.779598920653269, 1.0], "k_pid_vsp": [228.12892500086792, 15.607658911818564, 35.38007778875561]}, "datetime": {"datetime": "2025-08-11 23:06:07", "elapsed": 24046.84191417694, "delta": 25.913099765777588}, "costs": {"total_cost": 399.93188919636214, "time_cost": 88.487, "final_distance_cost": 1.7468442847384977, "oscillation_cost": 201.63062152726792, "completition_cost": 0.0, "overshoot_cost": 59.00587985536383, "power_cost": 26.44917996826172, "noise_cost": 22.61236356073018, "n_waypoints_completed": 9, "tot_waypoints": 9}}
{"target": -1629.0491392761737, "params": {"k_pid_pos": [0.0001, 1.0, 0.0], "k_pid_alt": [0.0, 0.0, 0.0], "k_pid_att": [24.457812521507385, 10.0, 1.0], "k_pid_yaw": [0.5, 1e-06, 0.1], "k_pid_hsp": [7.194011306508025, 1.0, 1.0], "k_pid_vsp": [86.30323944884574, 213.76347281001452, 41.69709661986182]}, "datetime": {"datetime": "2025-08-11 23:06:42", "elapsed": 24082.025491714478, "delta": 35.18357753753662}, "costs": {"total_cost": 1629.0491392761737, "time_cost": 150, "final_distance_cost": 14.751925885569143, "oscillation_cost": 132.25698820471925, "completition_cost": 1000.0, "overshoot_cost": 177.13804861803612, "power_cost": 21.690791857910156, "noise_cost": 133.2113847099392, "n_waypoints_completed": 0, "tot_waypoints": 9}}
{"target": -904.6269459876842, "params": {"k_pid_pos": [1.1418342129156662, 0.0964818816118026, 0.3668517782723737], "k_pid_alt": [0.27879795591319834, 0.7909995884435885, 0.8457806954676047], "k_pid_att": [7.115383549229604, 4.710074865844884, 0.791437402708919], "k_pid_yaw": [0.5, 1e-06, 0.1], "k_pid_hsp": [1.4011685211677187, 0.4095055555384859, 0.47770738485193287], "k_pid_vsp": [40.20396841475065, 368.3396523617257, 142.2862220745663]}, "datetime": {"datetime": "2025-08-11 23:07:16", "elapsed": 24115.83160352707, "delta": 33.80611181259155}, "costs": {"total_cost": 904.6269459876842, "time_cost": 150, "final_distance_cost": 56.67798654599102, "oscillation_cost": 235.9060698509994, "completition_cost": 333.33333333333337, "overshoot_cost": 66.59295109673295, "power_cost": 33.07439346923828, "noise_cost": 29.042211691389184, "n_waypoints_completed": 6, "tot_waypoints": 9}}
{"target": -477.1893506372759, "params": {"k_pid_pos": [0.6693529626460365, 0.17941174506821178, 0.09872058110926207], "k_pid_alt": [1.9872009466821619, 0.5746460056154339, 0.5836076753012717], "k_pid_att": [33.18027267273229, 2.972991378849211, 0.335556919129139], "k_pid_yaw": [0.5, 1e-06, 0.1], "k_pid_hsp": [2.4959819805978176, 0.9202174895164088, 0.32874170660894797], "k_pid_vsp": [331.86792404748303, 283.95375333469866, 239.13968092665672]}, "datetime": {"datetime": "2025-08-11 23:07:43", "elapsed": 24142.66850590706, "delta": 26.836902379989624}, "costs": {"total_cost": 477.1893506372759, "time_cost": 88.27, "final_distance_cost": 1.7495157099419958, "oscillation_cost": 285.7626006235881, "completition_cost": 0.0, "overshoot_cost": 54.52549825736377, "power_cost": 25.123967895507814, "noise_cost": 21.757768150874227, "n_waypoints_completed": 9, "tot_waypoints": 9}}
{"target": -246.6218732040226, "params": {"k_pid_pos": [2.0, 0.0, 1.0], "k_pid_alt": [2.0, 1.0, 0.0], "k_pid_att": [38.70740766389873, 3.2154541956168776, 1.0], "k_pid_yaw": [0.5, 1e-06, 0.1], "k_pid_hsp": [7.293876179255616, 0.0, 0.0], "k_pid_vsp": [226.60131670662278, 326.17526985625193, 20.391893836757983]}, "datetime": {"datetime": "2025-08-11 23:08:06", "elapsed": 24165.572280406952, "delta": 22.90377449989319}, "costs": {"total_cost": 246.6218732040226, "time_cost": 78.757, "final_distance_cost": 1.811487641410676, "oscillation_cost": 73.92614982733559, "completition_cost": 0.0, "overshoot_cost": 52.24424797483168, "power_cost": 20.478411083984376, "noise_cost": 19.404576676460263, "n_waypoints_completed": 9, "tot_waypoints": 9}}
{"target": -6266.143861087457, "params": {"k_pid_pos": [1.7342584643047376, 0.6312485096768922, 0.43418629833226896], "k_pid_alt": [1.8006818073450852, 0.30198309447644744, 0.09982997218177447], "k_pid_att": [0.3577685644864492, 6.033100927594069, 0.948026117345536], "k_pid_yaw": [0.5, 1e-06, 0.1], "k_pid_hsp": [3.655766562816649, 0.5887454136256974, 0.953729651400276], "k_pid_vsp": [277.3296753492861, 366.3356812529358, 20.378348766544015]}, "datetime": {"datetime": "2025-08-11 23:08:39", "elapsed": 24198.925081968307, "delta": 33.35280156135559}, "costs": {"total_cost": 6266.143861087457, "time_cost": 150, "final_distance_cost": 1033.226239590911, "oscillation_cost": 800.9912584109508, "completition_cost": 1000.0, "overshoot_cost": 3069.7886917225624, "power_cost": 55.68913676757813, "noise_cost": 156.44853459545482, "n_waypoints_completed": 0, "tot_waypoints": 9}}
{"target": -2230.421355827273, "params": {"k_pid_pos": [0.0001, 0.0, 1.0], "k_pid_alt": [0.0, 0.0, 0.0], "k_pid_att": [39.74551444057434, 1.0429820444184397, 0.0], "k_pid_yaw": [0.5, 1e-06, 0.1], "k_pid_hsp": [9.586754659980121, 0.0, 0.0], "k_pid_vsp": [228.3553000772067, 324.86050108365583, 21.16800294669182]}, "datetime": {"datetime": "2025-08-11 23:09:13", "elapsed": 24233.009037971497, "delta": 34.08395600318909}, "costs": {"total_cost": 2230.421355827273, "time_cost": 150, "final_distance_cost": 10.773864264108159, "oscillation_cost": 740.7708934849796, "completition_cost": 1000.0, "overshoot_cost": 166.2245310259814, "power_cost": 33.763064282226566, "noise_cost": 128.8890027699776, "n_waypoints_completed": 0, "tot_waypoints": 9}}
{"target": -889.514490153629, "params": {"k_pid_pos": [1.1163651963239658, 0.6667502082143896, 0.10997933744898791], "k_pid_alt": [0.7540240411355659, 0.07167376294435412, 0.49215680489103397], "k_pid_att": [8.684921274330781, 6.874913060900919, 0.11399669391846146], "k_pid_yaw": [0.5, 1e-06, 0.1], "k_pid_hsp": [1.069927139755692, 0.321603301779794, 0.4854739821948434], "k_pid_vsp": [284.40229878454295, 364.222690363867, 18.57075610870276]}, "datetime": {"datetime": "2025-08-11 23:09:46", "elapsed": 24265.544089078903, "delta": 32.535051107406616}, "costs": {"total_cost": 889.514490153629, "time_cost": 150, "final_distance_cost": 75.51549128736829, "oscillation_cost": 211.41469307477252, "completition_cost": 333.33333333333337, "overshoot_cost": 54.96656880716604, "power_cost": 33.604217309570316, "noise_cost": 30.68018634141844, "n_waypoints_completed": 6, "tot_waypoints": 9}}
{"target": -706.4203026574693, "params": {"k_pid_pos": [0.8864520024131223, 0.26867901234241653, 0.9103492589546476], "k_pid_alt": [0.8205563881262339, 0.31088027225723547, 0.23208772580167814], "k_pid_att": [51.93617724103375, 0.7674946825239397, 0.7831144027917946], "k_pid_yaw": [0.5, 1e-06, 0.1], "k_pid_hsp": [4.411410917601541, 0.004950270509538557, 0.18818225042339598], "k_pid_vsp": [207.88614498648403, 232.1362901754525, 133.92731564639726]}, "datetime": {"datetime": "2025-08-11 23:10:20", "elapsed": 24299.517526626587, "delta": 33.973437547683716}, "costs": {"total_cost": 706.4203026574693, "time_cost": 115.773, "final_distance_cost": 1.8038047353036772, "oscillation_cost": 471.3345088162656, "completition_cost": 0.0, "overshoot_cost": 57.67012135961079, "power_cost": 32.528319287109376, "noise_cost": 27.310548459179856, "n_waypoints_completed": 9, "tot_waypoints": 9}}
{"target": -534.0411861350033, "params": {"k_pid_pos": [1.278211696483572, 0.04517000678163274, 0.6761201905639327], "k_pid_alt": [0.841969221451861, 0.742786951714097, 0.021060444438663173], "k_pid_att": [35.454169377287634, 4.112656048463351, 0.3476450782095256], "k_pid_yaw": [0.5, 1e-06, 0.1], "k_pid_hsp": [6.843525159498562, 0.7915405526292825, 0.3566789162748131], "k_pid_vsp": [202.10950410496574, 248.47058691860192, 119.38057607812334]}, "datetime": {"datetime": "2025-08-11 23:10:49", "elapsed": 24328.51431798935, "delta": 28.99679136276245}, "costs": {"total_cost": 534.0411861350033, "time_cost": 95.298, "final_distance_cost": 1.809741594535396, "oscillation_cost": 326.2326589503199, "completition_cost": 0.0, "overshoot_cost": 60.04816146021665, "power_cost": 27.74073731689453, "noise_cost": 22.911886813036805, "n_waypoints_completed": 9, "tot_waypoints": 9}}
{"target": -867.2470233251254, "params": {"k_pid_pos": [0.4757170237013355, 0.8848768032692588, 0.8316052454017051], "k_pid_alt": [1.1516659587594977, 0.1154965564636834, 0.04014121306125695], "k_pid_att": [73.94942989945461, 9.454803061755872, 0.16065049449127766], "k_pid_yaw": [0.5, 1e-06, 0.1], "k_pid_hsp": [9.780760160226606, 0.4851285006188423, 0.6946259421734692], "k_pid_vsp": [392.44296520969664, 275.21108633149595, 207.55831116707978]}, "datetime": {"datetime": "2025-08-11 23:11:21", "elapsed": 24361.135842084885, "delta": 32.62152409553528}, "costs": {"total_cost": 867.2470233251254, "time_cost": 150, "final_distance_cost": 34.35613323188984, "oscillation_cost": 450.6652197135714, "completition_cost": 111.11111111111116, "overshoot_cost": 56.90339614133116, "power_cost": 36.0959140625, "noise_cost": 28.115249064721713, "n_waypoints_completed": 8, "tot_waypoints": 9}}
{"target": -518.260520829042, "params": {"k_pid_pos": [1.134371024274228, 0.051692994436350226, 0.7892483019881319], "k_pid_alt": [0.14718892592176758, 0.7675353480604782, 0.9440721621698758], "k_pid_att": [10.333726642886997, 7.541086716579399, 0.8929616240533048], "k_pid_yaw": [0.5, 1e-06, 0.1], "k_pid_hsp": [1.6121530802988733, 0.838439661826782, 0.7695317333770717], "k_pid_vsp": [247.4955211545299, 270.60369009819954, 37.66021947102468]}, "datetime": {"datetime": "2025-08-11 23:11:52", "elapsed": 24392.167931079865, "delta": 31.03208899497986}, "costs": {"total_cost": 518.260520829042, "time_cost": 114.667, "final_distance_cost": 1.8093958159319805, "oscillation_cost": 281.0827377275236, "completition_cost": 0.0, "overshoot_cost": 63.887800961622816, "power_cost": 30.292127746582032, "noise_cost": 26.521458577381583, "n_waypoints_completed": 9, "tot_waypoints": 9}}
{"target": -824.8990932055892, "params": {"k_pid_pos": [0.02948045402732958, 0.908208072718361, 0.570944287893361], "k_pid_alt": [1.0063213083757767, 0.030812129523745235, 0.1774715316644654], "k_pid_att": [45.528824806284206, 3.393327178418291, 0.6098657397755778], "k_pid_yaw": [0.5, 1e-06, 0.1], "k_pid_hsp": [2.4000826902559482, 0.7873932215042682, 0.5071471743563386], "k_pid_vsp": [265.6054473176995, 306.4109367659321, 81.7557791329981]}, "datetime": {"datetime": "2025-08-11 23:12:24", "elapsed": 24424.164872407913, "delta": 31.996941328048706}, "costs": {"total_cost": 824.8990932055892, "time_cost": 150, "final_distance_cost": 72.08862832992561, "oscillation_cost": 240.67109452550122, "completition_cost": 222.2222222222222, "overshoot_cost": 74.70926581260845, "power_cost": 35.91928220214844, "noise_cost": 29.288600113183254, "n_waypoints_completed": 7, "tot_waypoints": 9}}
{"target": -324.23390820607483, "params": {"k_pid_pos": [0.7749627390904875, 0.14632076365738678, 0.21746643353729267], "k_pid_alt": [1.382333662780536, 0.7642938980870567, 0.3975673397107551], "k_pid_att": [3.865533699241397, 3.6756830010469472, 0.8574141930338903], "k_pid_yaw": [0.5, 1e-06, 0.1], "k_pid_hsp": [1.074387189779962, 0.7671382362652145, 0.2228466696607374], "k_pid_vsp": [236.6984095004526, 270.80674713311475, 16.32092456494116]}, "datetime": {"datetime": "2025-08-11 23:12:50", "elapsed": 24450.01242828369, "delta": 25.8475558757782}, "costs": {"total_cost": 324.23390820607483, "time_cost": 89.516, "final_distance_cost": 1.7322750791980226, "oscillation_cost": 128.29766325192566, "completition_cost": 0.0, "overshoot_cost": 57.41307251769724, "power_cost": 24.60365935058594, "noise_cost": 22.67123800666799, "n_waypoints_completed": 9, "tot_waypoints": 9}}
{"target": -1081.4163197021337, "params": {"k_pid_pos": [1.486799073703719, 0.5974129866558988, 0.16698423901786097], "k_pid_alt": [0.301839734260684, 0.30793411199845966, 0.08144633110993549], "k_pid_att": [69.14856930875956, 6.384925067474104, 0.5418993138164889], "k_pid_yaw": [0.5, 1e-06, 0.1], "k_pid_hsp": [0.3277460772413983, 0.4788665434167443, 0.0199344955345081], "k_pid_vsp": [233.4367284173622, 332.1018517373416, 262.5332943994754]}, "datetime": {"datetime": "2025-08-11 23:13:23", "elapsed": 24482.9825193882, "delta": 32.970091104507446}, "costs": {"total_cost": 1081.4163197021337, "time_cost": 150, "final_distance_cost": 51.58543538028225, "oscillation_cost": 84.23564718293827, "completition_cost": 666.6666666666667, "overshoot_cost": 60.384378154348454, "power_cost": 35.3252185913086, "noise_cost": 33.21897372658943, "n_waypoints_completed": 3, "tot_waypoints": 9}}
{"target": -1629.0995674633161, "params": {"k_pid_pos": [0.5481278869276532, 0.0, 0.0], "k_pid_alt": [0.0, 0.0, 0.22470812117600206], "k_pid_att": [7.066117774748462, 6.2224896714257225, 0.3421886223787129], "k_pid_yaw": [0.5, 1e-06, 0.1], "k_pid_hsp": [4.198890073667614, 0.9004299794513868, 0.4230740489262355], "k_pid_vsp": [192.86145085524353, 326.46391885266115, 15.243622367826893]}, "datetime": {"datetime": "2025-08-11 23:13:59", "elapsed": 24518.566351652145, "delta": 35.58383226394653}, "costs": {"total_cost": 1629.0995674633161, "time_cost": 150, "final_distance_cost": 0.9599922806225558, "oscillation_cost": 167.0586409854185, "completition_cost": 1000.0, "overshoot_cost": 162.95592988954647, "power_cost": 27.790991015625, "noise_cost": 120.33401329210368, "n_waypoints_completed": 0, "tot_waypoints": 9}}
{"target": -1500.567538277222, "params": {"k_pid_pos": [0.06559634667849504, 0.5479680230760849, 0.11210307772379002], "k_pid_alt": [0.532294201026875, 0.032592233049002495, 0.24141954641191787], "k_pid_att": [46.04429718177185, 0.31445422137458945, 0.06528466447688219], "k_pid_yaw": [0.5, 1e-06, 0.1], "k_pid_hsp": [8.816694686551449, 0.8693738774861607, 0.47026517456747685], "k_pid_vsp": [270.4669799813261, 299.1052104450428, 79.57492729681358]}, "datetime": {"datetime": "2025-08-11 23:14:31", "elapsed": 24550.912524938583, "delta": 32.34617328643799}, "costs": {"total_cost": 1500.567538277222, "time_cost": 150, "final_distance_cost": 87.87737757462305, "oscillation_cost": 383.87908015350143, "completition_cost": 777.7777777777778, "overshoot_cost": 38.74049140120661, "power_cost": 33.925723437500004, "noise_cost": 28.36708793261302, "n_waypoints_completed": 2, "tot_waypoints": 9}}
{"target": -409.2937534813296, "params": {"k_pid_pos": [2.0, 0.0, 0.0], "k_pid_alt": [2.0, 1.0, 0.0], "k_pid_att": [39.55457824118206, 0.22718444377100308, 1.0], "k_pid_yaw": [0.5, 1e-06, 0.1], "k_pid_hsp": [9.34444951162452, 0.0, 1.0], "k_pid_vsp": [272.25051723200306, 302.9880545855102, 73.40722386064037]}, "datetime": {"datetime": "2025-08-11 23:15:00", "elapsed": 24579.7803068161, "delta": 28.8677818775177}, "costs": {"total_cost": 409.2937534813296, "time_cost": 92.876, "final_distance_cost": 1.7585189029128296, "oscillation_cost": 203.88628110092068, "completition_cost": 0.0, "overshoot_cost": 57.833790088372226, "power_cost": 27.83029442138672, "noise_cost": 25.108868967737145, "n_waypoints_completed": 9, "tot_waypoints": 9}}
{"target": -839.2826651961382, "params": {"k_pid_pos": [1.260896493863876, 0.8375877761707703, 0.720875258679627], "k_pid_alt": [1.3990722008317362, 0.6929755165560642, 0.07601471569883822], "k_pid_att": [9.267995070504364, 9.978741828438322, 0.18032987857853144], "k_pid_yaw": [0.5, 1e-06, 0.1], "k_pid_hsp": [2.722302752009591, 0.18043862399430466, 0.9030002222355693], "k_pid_vsp": [70.44748157429682, 353.06437849807236, 144.6255578503723]}, "datetime": {"datetime": "2025-08-11 23:15:33", "elapsed": 24612.840703964233, "delta": 33.060397148132324}, "costs": {"total_cost": 839.2826651961382, "time_cost": 150, "final_distance_cost": 74.97728946299314, "oscillation_cost": 257.45194377796975, "completition_cost": 222.2222222222222, "overshoot_cost": 69.70094533078782, "power_cost": 34.23758204345703, "noise_cost": 30.6926823587082, "n_waypoints_completed": 7, "tot_waypoints": 9}}
{"target": -801.23501714496, "params": {"k_pid_pos": [1.5868891488672117, 0.6824017137112276, 0.5028110306078819], "k_pid_alt": [0.4732384728458516, 0.0, 0.9933789596375675], "k_pid_att": [44.25535642797025, 3.882425850071829, 0.650136391843306], "k_pid_yaw": [0.5, 1e-06, 0.1], "k_pid_hsp": [4.195358498561938, 0.3751952925963864, 0.2836432698563242], "k_pid_vsp": [184.486681114161, 300.6850385719707, 143.540399646943]}, "datetime": {"datetime": "2025-08-11 23:16:07", "elapsed": 24646.950994968414, "delta": 34.11029100418091}, "costs": {"total_cost": 801.23501714496, "time_cost": 150, "final_distance_cost": 2.7450548585206445, "oscillation_cost": 410.5953118947565, "completition_cost": 111.11111111111116, "overshoot_cost": 59.82855222772547, "power_cost": 36.754740563964845, "noise_cost": 30.200246488881476, "n_waypoints_completed": 8, "tot_waypoints": 9}}
{"target": -1006.4220274558111, "params": {"k_pid_pos": [0.2773443595014919, 0.17311900154030602, 0.2607116501604676], "k_pid_alt": [1.4440078577488191, 0.053281463407996665, 0.5754350933491315], "k_pid_att": [52.12454934406324, 8.805872145790381, 0.37053355857364545], "k_pid_yaw": [0.5, 1e-06, 0.1], "k_pid_hsp": [1.1960246871576377, 0.5026185938039981, 0.8707944467614241], "k_pid_vsp": [270.1671063046077, 308.0477790454336, 82.48803173645011]}, "datetime": {"datetime": "2025-08-11 23:16:42", "elapsed": 24681.41808795929, "delta": 34.467092990875244}, "costs": {"total_cost": 1006.4220274558111, "time_cost": 150, "final_distance_cost": 64.66456898678305, "oscillation_cost": 561.672758745141, "completition_cost": 111.11111111111116, "overshoot_cost": 56.52873319932427, "power_cost": 34.36576473388672, "noise_cost": 28.07909067956483, "n_waypoints_completed": 8, "tot_waypoints": 9}}
{"target": -1208.0400057016193, "params": {"k_pid_pos": [0.4732017013398604, 0.8384354271586766, 0.25819410881617744], "k_pid_alt": [0.019436218823895235, 0.36775031157562543, 0.28056396121064464], "k_pid_att": [18.81690838487079, 2.0530685085662674, 0.5410236930555324], "k_pid_yaw": [0.5, 1e-06, 0.1], "k_pid_hsp": [2.8480608964708436, 0.7535987048127368, 0.7359309852261775], "k_pid_vsp": [291.5955696134096, 357.31235067719484, 88.11174282404117]}, "datetime": {"datetime": "2025-08-11 23:17:15", "elapsed": 24714.501703977585, "delta": 33.08361601829529}, "costs": {"total_cost": 1208.0400057016193, "time_cost": 150, "final_distance_cost": 98.97484475231276, "oscillation_cost": 162.10079966624224, "completition_cost": 666.6666666666667, "overshoot_cost": 66.09518681000787, "power_cost": 34.21026690673828, "noise_cost": 29.99224089965136, "n_waypoints_completed": 3, "tot_waypoints": 9}}
{"target": -993.8584685963126, "params": {"k_pid_pos": [1.2480758298983798, 0.29053674367917703, 0.22302212779602681], "k_pid_alt": [0.6318947430987134, 0.8398891316246611, 0.3431094987298605], "k_pid_att": [33.3718942213352, 3.793716753276831, 0.7188519594180738], "k_pid_yaw": [0.5, 1e-06, 0.1], "k_pid_hsp": [3.1065100475290457, 0.3116686277994757, 0.5223369248332761], "k_pid_vsp": [185.47963032893483, 297.83133575252737, 143.864751137499]}, "datetime": {"datetime": "2025-08-11 23:17:48", "elapsed": 24747.518480062485, "delta": 33.0167760848999}, "costs": {"total_cost": 993.8584685963126, "time_cost": 150, "final_distance_cost": 71.78188584011282, "oscillation_cost": 429.5044464278571, "completition_cost": 222.2222222222222, "overshoot_cost": 55.56982614177808, "power_cost": 34.82801906738281, "noise_cost": 29.95206889695968, "n_waypoints_completed": 7, "tot_waypoints": 9}}
{"target": -330.12027862837067, "params": {"k_pid_pos": [1.0658531216716147, 0.8911821230830237, 0.354573358762417], "k_pid_alt": [1.3564638613388413, 0.08906330940177387, 0.8057008794322364], "k_pid_att": [2.5367738555374664, 4.123973680798883, 0.3719965676245992], "k_pid_yaw": [0.5, 1e-06, 0.1], "k_pid_hsp": [8.579984842491504, 0.7870399661124015, 0.6006751344188003], "k_pid_vsp": [321.828955817146, 397.9870330724497, 242.7465015324795]}, "datetime": {"datetime": "2025-08-11 23:18:14", "elapsed": 24774.20279788971, "delta": 26.68431782722473}, "costs": {"total_cost": 330.12027862837067, "time_cost": 91.819, "final_distance_cost": 1.7480433285440693, "oscillation_cost": 124.03368310964628, "completition_cost": 0.0, "overshoot_cost": 63.45339836347856, "power_cost": 26.39913477783203, "noise_cost": 22.66701904886972, "n_waypoints_completed": 9, "tot_waypoints": 9}}
