{"target": -842.5236893274902, "params": {"k_pid_pos": [0.6033695985047633, 0.28668788746784934, 0.9528699457519619], "k_pid_alt": [1.947978243987947, 0.8989751125137666, 0.5515938132811047], "k_pid_att": [43.72381980075577, 2.1475718517423337, 0.6693810444155872], "k_pid_yaw": [0.5, 1e-06, 0.1], "k_pid_hsp": [5.5319634114554646, 0.2979501586440313, 0.8660057269004983], "k_pid_vsp": [242.80843024224072, 27.188422290856632, 50.72985533815225]}, "datetime": {"datetime": "2025-08-12 02:42:00", "elapsed": 36999.5951256752, "delta": 35.12929344177246}, "costs": {"total_cost": 842.5236893274902, "time_cost": 150, "final_distance_cost": 9.248232272829432, "oscillation_cost": 448.46093394363476, "completition_cost": 111.11111111111116, "overshoot_cost": 60.968973362426134, "power_cost": 33.8281834350586, "noise_cost": 28.906255202430096, "n_waypoints_completed": 8, "tot_waypoints": 9}}
{"target": -682.9920684729955, "params": {"k_pid_pos": [1.0694991872808473, 0.9044600569156129, 0.3484999832411345], "k_pid_alt": [1.8189561618262353, 0.4322362321105765, 0.8881692854191947], "k_pid_att": [21.432259722302362, 3.8265242845843406, 0.5859498852532974], "k_pid_yaw": [0.5, 1e-06, 0.1], "k_pid_hsp": [8.791524006983854, 0.5987236451659321, 0.3915267466857686], "k_pid_vsp": [282.7696846087672, 347.6497216780389, 88.08117743330789]}, "datetime": {"datetime": "2025-08-12 02:42:35", "elapsed": 37035.04940032959, "delta": 35.45427465438843}, "costs": {"total_cost": 682.9920684729955, "time_cost": 150, "final_distance_cost": 3.111396836251777, "oscillation_cost": 296.9519908238729, "completition_cost": 111.11111111111116, "overshoot_cost": 58.46687896069313, "power_cost": 33.78940485839844, "noise_cost": 29.561285882667907, "n_waypoints_completed": 8, "tot_waypoints": 9}}
{"target": -706.7699050240885, "params": {"k_pid_pos": [1.8942403207064262, 0.7205221219073068, 0.331090692533763], "k_pid_alt": [1.006581218255667, 0.18512861945731662, 0.47311974425694503], "k_pid_att": [33.86288693116892, 9.408719830549, 0.4682050198095056], "k_pid_yaw": [0.5, 1e-06, 0.1], "k_pid_hsp": [8.767456002729539, 0.2655689490697848, 0.12287805635897331], "k_pid_vsp": [329.84643282632226, 277.4764736068723, 241.65531974062228]}, "datetime": {"datetime": "2025-08-12 02:43:12", "elapsed": 37071.52407670021, "delta": 36.47467637062073}, "costs": {"total_cost": 706.7699050240885, "time_cost": 150, "final_distance_cost": 44.3196194892112, "oscillation_cost": 268.5658807519514, "completition_cost": 111.11111111111116, "overshoot_cost": 69.8062856247933, "power_cost": 33.358618395996096, "noise_cost": 29.608389651025263, "n_waypoints_completed": 8, "tot_waypoints": 9}}
{"target": -387.2207004406181, "params": {"k_pid_pos": [1.7815321801278434, 0.6380573965792058, 0.5858025973932023], "k_pid_alt": [1.2460799631590849, 0.8563479705248288, 0.10988270993329674], "k_pid_att": [4.238210281957233, 4.596180646315786, 0.910883489875002], "k_pid_yaw": [0.5, 1e-06, 0.1], "k_pid_hsp": [0.6710945747846854, 0.9675695676946862, 0.06770795223175619], "k_pid_vsp": [245.81019404591186, 262.7410705190619, 12.953045846914813]}, "datetime": {"datetime": "2025-08-12 02:43:48", "elapsed": 37107.91835427284, "delta": 36.394277572631836}, "costs": {"total_cost": 387.2207004406181, "time_cost": 114.45700000000001, "final_distance_cost": 1.795577395478843, "oscillation_cost": 142.70291430756777, "completition_cost": 0.0, "overshoot_cost": 62.61114089434741, "power_cost": 33.532904418945314, "noise_cost": 32.12116342427879, "n_waypoints_completed": 9, "tot_waypoints": 9}}
{"target": -475.75754513593944, "params": {"k_pid_pos": [0.9960590970652945, 0.5425079844558734, 0.7957740436614968], "k_pid_alt": [0.9748558423286715, 0.2629187661468547, 0.6109118958994139], "k_pid_att": [15.258965675162116, 7.833076282887612, 0.38032843269724415], "k_pid_yaw": [0.5, 1e-06, 0.1], "k_pid_hsp": [8.507666182295669, 0.3293269645879685, 0.5770354084599494], "k_pid_vsp": [243.195433363706, 272.5706523259527, 28.215097677780207]}, "datetime": {"datetime": "2025-08-12 02:44:18", "elapsed": 37137.61515021324, "delta": 29.69679594039917}, "costs": {"total_cost": 475.75754513593944, "time_cost": 96.054, "final_distance_cost": 1.7800242645806514, "oscillation_cost": 275.3977783937154, "completition_cost": 0.0, "overshoot_cost": 54.32865445368662, "power_cost": 24.67270806884766, "noise_cost": 23.524379955109097, "n_waypoints_completed": 9, "tot_waypoints": 9}}
{"target": -402.0779465197263, "params": {"k_pid_pos": [0.28379275957766786, 0.1932082764789962, 0.4400044207132613], "k_pid_alt": [0.7944818605603112, 0.352491968006699, 0.7320675327435591], "k_pid_att": [38.14796834723635, 2.1132911224043256, 0.9705254024386757], "k_pid_yaw": [0.5, 1e-06, 0.1], "k_pid_hsp": [2.645067051539896, 0.7485183429018742, 0.07592700913970651], "k_pid_vsp": [185.36056639800503, 302.371683886862, 142.30880744571564]}, "datetime": {"datetime": "2025-08-12 02:44:56", "elapsed": 37175.82236409187, "delta": 38.20721387863159}, "costs": {"total_cost": 402.0779465197263, "time_cost": 112.497, "final_distance_cost": 1.8343847037730603, "oscillation_cost": 172.0119086625635, "completition_cost": 0.0, "overshoot_cost": 60.17653446040224, "power_cost": 28.76495301513672, "noise_cost": 26.793165677850777, "n_waypoints_completed": 9, "tot_waypoints": 9}}
{"target": -522.2279553863037, "params": {"k_pid_pos": [1.852502708258199, 0.8686649485928557, 0.8840623599475343], "k_pid_alt": [1.4535308331366692, 0.41068727965089846, 0.9520615648455356], "k_pid_att": [43.486442846541216, 1.1545114345515275, 0.3105529905639024], "k_pid_yaw": [0.5, 1e-06, 0.1], "k_pid_hsp": [5.681499341800643, 0.6246603750533388, 0.8065340735692325], "k_pid_vsp": [124.76257466369614, 377.1327638779865, 112.04772048704497]}, "datetime": {"datetime": "2025-08-12 02:45:33", "elapsed": 37213.14807462692, "delta": 37.32571053504944}, "costs": {"total_cost": 522.2279553863037, "time_cost": 107.548, "final_distance_cost": 1.7749501901604419, "oscillation_cost": 294.6963232119982, "completition_cost": 0.0, "overshoot_cost": 59.40999853920692, "power_cost": 32.159544580078126, "noise_cost": 26.639138864860016, "n_waypoints_completed": 9, "tot_waypoints": 9}}
{"target": -722.2376428922834, "params": {"k_pid_pos": [1.997921306551881, 0.6802398938657567, 0.12722386106741512], "k_pid_alt": [0.40600414750519387, 0.15080286813356258, 0.6996776083779894], "k_pid_att": [47.56691519306068, 5.118913385829974, 0.14574304410345218], "k_pid_yaw": [0.5, 1e-06, 0.1], "k_pid_hsp": [9.551171172405336, 0.9756018572141626, 0.13217546100052924], "k_pid_vsp": [228.6733713079572, 20.938825485296782, 40.297678104227224]}, "datetime": {"datetime": "2025-08-12 02:46:13", "elapsed": 37252.749225616455, "delta": 39.60115098953247}, "costs": {"total_cost": 722.2376428922834, "time_cost": 150, "final_distance_cost": 73.04984796584078, "oscillation_cost": 241.54281426991383, "completition_cost": 111.11111111111116, "overshoot_cost": 84.41903275003887, "power_cost": 30.777377160644534, "noise_cost": 31.337459634734138, "n_waypoints_completed": 8, "tot_waypoints": 9}}
{"target": -1431.8916271417188, "params": {"k_pid_pos": [1.6271443628898175, 0.9233527790564621, 0.7419303824067045], "k_pid_alt": [0.12783563233652284, 0.8362304584815333, 0.9241453738456712], "k_pid_att": [2.255189487380682, 4.1095062324563525, 0.0031735404835119274], "k_pid_yaw": [0.5, 1e-06, 0.1], "k_pid_hsp": [2.8666020397646035, 0.9323114596188017, 0.24985236733375216], "k_pid_vsp": [318.6295536124007, 395.2378641511473, 247.8927889761829]}, "datetime": {"datetime": "2025-08-12 02:46:50", "elapsed": 37289.51576089859, "delta": 36.76653528213501}, "costs": {"total_cost": 1431.8916271417188, "time_cost": 150, "final_distance_cost": 76.28613084682118, "oscillation_cost": 307.1285241392128, "completition_cost": 777.7777777777778, "overshoot_cost": 56.39942224574383, "power_cost": 35.08617897949219, "noise_cost": 29.213593152671205, "n_waypoints_completed": 2, "tot_waypoints": 9}}
{"target": -707.7534297153248, "params": {"k_pid_pos": [1.402688234086788, 0.7455874910120884, 0.6639889821141625], "k_pid_alt": [0.016328145594530774, 0.9762638459889125, 0.4767890664627865], "k_pid_att": [15.22139579894799, 3.46275672117835, 0.5292391861474587], "k_pid_yaw": [0.5, 1e-06, 0.1], "k_pid_hsp": [1.314807599486298, 0.3849626344490523, 0.13072343160795286], "k_pid_vsp": [78.92628221471708, 201.540493403232, 43.64194029563154]}, "datetime": {"datetime": "2025-08-12 02:47:25", "elapsed": 37325.33305859566, "delta": 35.81729769706726}, "costs": {"total_cost": 707.7534297153248, "time_cost": 150, "final_distance_cost": 61.70216258551021, "oscillation_cost": 256.98014340191617, "completition_cost": 111.11111111111116, "overshoot_cost": 67.20128669749582, "power_cost": 30.987492211914063, "noise_cost": 29.771233707377405, "n_waypoints_completed": 8, "tot_waypoints": 9}}
{"target": -565.3437622673711, "params": {"k_pid_pos": [0.7326124784648501, 0.08000868964389773, 0.9728871035736407], "k_pid_alt": [1.6243825059263952, 0.21830477735531906, 0.4001067506855869], "k_pid_att": [21.380995610396447, 5.824170714430292, 0.09238998024751055], "k_pid_yaw": [0.5, 1e-06, 0.1], "k_pid_hsp": [4.734911330160667, 0.9934982160776602, 0.48652447967115275], "k_pid_vsp": [74.32772837963881, 208.25181447863628, 41.17318123725427]}, "datetime": {"datetime": "2025-08-12 02:47:54", "elapsed": 37353.800694942474, "delta": 28.467636346817017}, "costs": {"total_cost": 565.3437622673711, "time_cost": 89.691, "final_distance_cost": 1.8230678620192884, "oscillation_cost": 376.27273658530726, "completition_cost": 0.0, "overshoot_cost": 52.379718039720466, "power_cost": 23.363989111328127, "noise_cost": 21.813250668995874, "n_waypoints_completed": 9, "tot_waypoints": 9}}
{"target": -704.9339380536389, "params": {"k_pid_pos": [0.4050331473554971, 0.01652202266963798, 0.5909852868885695], "k_pid_alt": [1.3273949712709023, 0.7359112217103068, 0.2870335350588221], "k_pid_att": [9.48225643120172, 6.679305964502719, 0.016500465542864773], "k_pid_yaw": [0.5, 1e-06, 0.1], "k_pid_hsp": [8.53494335091163, 0.27569931100577083, 0.7055258841467954], "k_pid_vsp": [302.9527479851012, 306.02258802608236, 169.6881784032367]}, "datetime": {"datetime": "2025-08-12 02:48:30", "elapsed": 37390.00881934166, "delta": 36.20812439918518}, "costs": {"total_cost": 704.9339380536389, "time_cost": 115.78, "final_distance_cost": 1.7854633569688003, "oscillation_cost": 464.82037868120244, "completition_cost": 0.0, "overshoot_cost": 63.18947338106654, "power_cost": 29.918661926269532, "noise_cost": 29.43996070813144, "n_waypoints_completed": 9, "tot_waypoints": 9}}
{"target": -539.4033062924944, "params": {"k_pid_pos": [0.4609811026202376, 0.669653949478396, 0.9992483760780215], "k_pid_alt": [1.828136715269511, 0.014826166381506245, 0.7499304080728355], "k_pid_att": [18.094105627046662, 1.8981497660151965, 0.742239670135696], "k_pid_yaw": [0.5, 1e-06, 0.1], "k_pid_hsp": [3.836421969164461, 0.8131738045988515, 0.7195466740830543], "k_pid_vsp": [222.83114905717633, 33.81128168691948, 38.98716045252809]}, "datetime": {"datetime": "2025-08-12 02:49:03", "elapsed": 37423.08429503441, "delta": 33.07547569274902}, "costs": {"total_cost": 539.4033062924944, "time_cost": 110.495, "final_distance_cost": 1.8003577778040123, "oscillation_cost": 315.8936818990576, "completition_cost": 0.0, "overshoot_cost": 57.00276172366796, "power_cost": 28.02823103027344, "noise_cost": 26.18327386169137, "n_waypoints_completed": 9, "tot_waypoints": 9}}
{"target": -315.6350133151588, "params": {"k_pid_pos": [2.0, 0.0, 0.7006768263226436], "k_pid_alt": [0.38296543832715924, 0.8767374460156881, 1.0], "k_pid_att": [53.52491325551285, 1.8614432313885443, 1.0], "k_pid_yaw": [0.5, 1e-06, 0.1], "k_pid_hsp": [4.440909058921193, 0.6148576534678918, 0.03538203594633767], "k_pid_vsp": [217.62344638325231, 105.59902520265058, 40.28874604989041]}, "datetime": {"datetime": "2025-08-12 02:49:33", "elapsed": 37453.318346977234, "delta": 30.234051942825317}, "costs": {"total_cost": 315.6350133151588, "time_cost": 96.60000000000001, "final_distance_cost": 1.7719212783557414, "oscillation_cost": 106.19880982827232, "completition_cost": 0.0, "overshoot_cost": 61.39510707409581, "power_cost": 26.11185086669922, "noise_cost": 23.557324267735698, "n_waypoints_completed": 9, "tot_waypoints": 9}}
{"target": -358.8351238385187, "params": {"k_pid_pos": [0.8687419068254424, 0.366785513562078, 0.25346129076653723], "k_pid_alt": [1.637525343508681, 0.06638254730878845, 0.5913272143182863], "k_pid_att": [10.346184509086287, 1.367519971678284, 0.6166671214701932], "k_pid_yaw": [0.5, 1e-06, 0.1], "k_pid_hsp": [1.247568865176198, 0.9422367714702321, 0.47420811982786093], "k_pid_vsp": [61.01181506402278, 350.7439360972772, 153.51605167161904]}, "datetime": {"datetime": "2025-08-12 02:50:04", "elapsed": 37484.06650829315, "delta": 30.74816131591797}, "costs": {"total_cost": 358.8351238385187, "time_cost": 93.408, "final_distance_cost": 1.7920129085502934, "oscillation_cost": 153.6986148724282, "completition_cost": 0.0, "overshoot_cost": 60.718910766822866, "power_cost": 26.868085351562502, "noise_cost": 22.349499939154857, "n_waypoints_completed": 9, "tot_waypoints": 9}}
{"target": -927.8944786446431, "params": {"k_pid_pos": [0.5351289806863698, 0.6379350335385523, 0.1484671072183753], "k_pid_alt": [0.46841178533343153, 0.10351753097264449, 0.8063794126202966], "k_pid_att": [48.64395643490438, 3.4713423712483498, 0.159935026897012], "k_pid_yaw": [0.5, 1e-06, 0.1], "k_pid_hsp": [3.086804477031474, 0.2370323080641361, 0.4039078653236924], "k_pid_vsp": [185.64341343695236, 302.257464404144, 141.55362149846965]}, "datetime": {"datetime": "2025-08-12 02:50:41", "elapsed": 37520.72372841835, "delta": 36.657220125198364}, "costs": {"total_cost": 927.8944786446431, "time_cost": 150, "final_distance_cost": 75.1158065544381, "oscillation_cost": 364.35510913660084, "completition_cost": 222.2222222222222, "overshoot_cost": 50.63018491134691, "power_cost": 36.60476337890625, "noise_cost": 28.96639244112885, "n_waypoints_completed": 7, "tot_waypoints": 9}}
{"target": -516.1576334226169, "params": {"k_pid_pos": [1.8522526130350423, 0.39259448153261134, 0.1878991854530716], "k_pid_alt": [0.6799022535323975, 0.1561866980797323, 0.03377867177369587], "k_pid_att": [58.4587473603257, 2.118566258791099, 0.6460972404563865], "k_pid_yaw": [0.5, 1e-06, 0.1], "k_pid_hsp": [5.993141093223857, 0.5425724591937465, 0.38142712540228774], "k_pid_vsp": [194.74374248761754, 306.10708461701824, 140.57390653473243]}, "datetime": {"datetime": "2025-08-12 02:51:14", "elapsed": 37554.009779930115, "delta": 33.286051511764526}, "costs": {"total_cost": 516.1576334226169, "time_cost": 102.06700000000001, "final_distance_cost": 1.7755099313862752, "oscillation_cost": 298.4767411196092, "completition_cost": 0.0, "overshoot_cost": 58.32696338054928, "power_cost": 30.26045838623047, "noise_cost": 25.25096060484166, "n_waypoints_completed": 9, "tot_waypoints": 9}}
{"target": -1342.001815874862, "params": {"k_pid_pos": [0.28923854889339523, 0.5536772366915875, 0.7556949007843483], "k_pid_alt": [0.8220935299424044, 0.5590956712237566, 0.9042702992458534], "k_pid_att": [56.994920180350114, 1.4835006210714703, 0.29856554889613574], "k_pid_yaw": [0.5, 1e-06, 0.1], "k_pid_hsp": [7.555977687033092, 0.020773448896380553, 0.20238527451202204], "k_pid_vsp": [210.01669976912046, 235.40591433901469, 122.31230116474053]}, "datetime": {"datetime": "2025-08-12 02:51:52", "elapsed": 37591.66959309578, "delta": 37.65981316566467}, "costs": {"total_cost": 1342.001815874862, "time_cost": 150, "final_distance_cost": 51.01366026317222, "oscillation_cost": 586.750294223473, "completition_cost": 444.4444444444444, "overshoot_cost": 46.72331355549252, "power_cost": 34.05134149169922, "noise_cost": 29.01876189658028, "n_waypoints_completed": 5, "tot_waypoints": 9}}
{"target": -936.1868648947418, "params": {"k_pid_pos": [1.9654771067233294, 0.15241370182710678, 0.05194550951759758], "k_pid_alt": [0.2142875835542799, 0.9213374679949975, 0.18794316002809996], "k_pid_att": [42.95095661594437, 2.7780550671571276, 0.13257002082237535], "k_pid_yaw": [0.5, 1e-06, 0.1], "k_pid_hsp": [8.658885015923731, 0.27805496982879885, 0.3348179830877732], "k_pid_vsp": [228.00677340861307, 12.241467864848445, 36.21127488570191]}, "datetime": {"datetime": "2025-08-12 02:52:27", "elapsed": 37626.97169852257, "delta": 35.30210542678833}, "costs": {"total_cost": 936.1868648947418, "time_cost": 150, "final_distance_cost": 68.12523667251065, "oscillation_cost": 363.7683067018115, "completition_cost": 222.2222222222222, "overshoot_cost": 64.95432307842962, "power_cost": 35.69844268798828, "noise_cost": 31.41833353177941, "n_waypoints_completed": 7, "tot_waypoints": 9}}
{"target": -475.1240781727988, "params": {"k_pid_pos": [2.0, 0.8210072140347424, 1.0], "k_pid_alt": [2.0, 1.0, 0.9757653754843698], "k_pid_att": [40.760237141728055, 5.148434896285282, 0.0], "k_pid_yaw": [0.5, 1e-06, 0.1], "k_pid_hsp": [3.8447792435577286, 1.0, 0.5410775101880934], "k_pid_vsp": [120.62036318217892, 375.476478020863, 112.32575548322504]}, "datetime": {"datetime": "2025-08-12 02:53:05", "elapsed": 37664.486684799194, "delta": 37.51498627662659}, "costs": {"total_cost": 475.1240781727988, "time_cost": 110.236, "final_distance_cost": 1.7580828636356458, "oscillation_cost": 239.75449079749274, "completition_cost": 0.0, "overshoot_cost": 61.78515294387574, "power_cost": 33.67278928222657, "noise_cost": 27.917562285568117, "n_waypoints_completed": 9, "tot_waypoints": 9}}
{"target": -694.4230752147116, "params": {"k_pid_pos": [0.6683500964278642, 0.7235819537701956, 0.4822038111369342], "k_pid_alt": [1.5358676317833526, 0.510066527711697, 0.06442282204416616], "k_pid_att": [6.913713010576861, 1.04774576820068, 0.32798410688457413], "k_pid_yaw": [0.5, 1e-06, 0.1], "k_pid_hsp": [6.324973938799737, 0.8907171635371364, 0.33761633679272574], "k_pid_vsp": [72.22920344722384, 347.7263717403901, 146.6452503817169]}, "datetime": {"datetime": "2025-08-12 02:53:40", "elapsed": 37700.18234205246, "delta": 35.69565725326538}, "costs": {"total_cost": 694.4230752147116, "time_cost": 150, "final_distance_cost": 65.94716440068251, "oscillation_cost": 257.2571498569383, "completition_cost": 111.11111111111116, "overshoot_cost": 49.74734730864401, "power_cost": 32.662716455078126, "noise_cost": 27.697586082257537, "n_waypoints_completed": 8, "tot_waypoints": 9}}
{"target": -1215.097958324953, "params": {"k_pid_pos": [1.1352060297082334, 0.6613718916457441, 0.4517918289695948], "k_pid_alt": [0.2865759418445524, 0.7498950997733612, 0.9018901063890065], "k_pid_att": [14.433812188495132, 2.644241970498269, 0.23276338194343382], "k_pid_yaw": [0.5, 1e-06, 0.1], "k_pid_hsp": [1.27301360581176, 0.5804839250679441, 0.5528910804388274], "k_pid_vsp": [242.03711455651597, 273.8191482434346, 31.0041096960739]}, "datetime": {"datetime": "2025-08-12 02:54:18", "elapsed": 37737.57793736458, "delta": 37.39559531211853}, "costs": {"total_cost": 1215.097958324953, "time_cost": 150, "final_distance_cost": 46.40012982130099, "oscillation_cost": 233.17441274333808, "completition_cost": 666.6666666666667, "overshoot_cost": 53.31111678770967, "power_cost": 33.685950744628904, "noise_cost": 31.859681561308793, "n_waypoints_completed": 3, "tot_waypoints": 9}}
{"target": -552.3775918737302, "params": {"k_pid_pos": [2.0, 0.0, 0.6782509670381975], "k_pid_alt": [0.0, 0.8834556447715234, 0.8320365121263492], "k_pid_att": [33.963548159270026, 4.9751469075905845, 0.47955108923493855], "k_pid_yaw": [0.5, 1e-06, 0.1], "k_pid_hsp": [7.18809197951204, 0.0, 0.3512456573019489], "k_pid_vsp": [57.9888600353658, 298.00961514276185, 43.31489527486597]}, "datetime": {"datetime": "2025-08-12 02:54:49", "elapsed": 37768.435920238495, "delta": 30.857982873916626}, "costs": {"total_cost": 552.3775918737302, "time_cost": 92.498, "final_distance_cost": 1.7345351797612125, "oscillation_cost": 343.84756971504373, "completition_cost": 0.0, "overshoot_cost": 64.47853255502359, "power_cost": 27.090550634765627, "noise_cost": 22.72840378913611, "n_waypoints_completed": 9, "tot_waypoints": 9}}
{"target": -562.4104811217406, "params": {"k_pid_pos": [1.4821619291508963, 0.8431042776861585, 0.18511361606407395], "k_pid_alt": [1.4414351169613058, 0.4317685475410211, 0.24965762696531024], "k_pid_att": [3.430823428745111, 3.4251707430124796, 0.6303385711821512], "k_pid_yaw": [0.5, 1e-06, 0.1], "k_pid_hsp": [3.5733252387720675, 0.9942957315291496, 0.7636441207952045], "k_pid_vsp": [234.0504639231419, 270.27937768346237, 19.14203841512624]}, "datetime": {"datetime": "2025-08-12 02:55:28", "elapsed": 37807.43834233284, "delta": 39.00242209434509}, "costs": {"total_cost": 562.4104811217406, "time_cost": 150, "final_distance_cost": 12.14466041897219, "oscillation_cost": 140.6536915385079, "completition_cost": 111.11111111111116, "overshoot_cost": 82.54746044300455, "power_cost": 34.85582351074219, "noise_cost": 31.097734099402626, "n_waypoints_completed": 8, "tot_waypoints": 9}}
{"target": -677.714724713979, "params": {"k_pid_pos": [1.2702338403230238, 0.9914112560270879, 0.9803983333147809], "k_pid_alt": [0.039725275471659494, 0.6106150130384941, 0.06445467909545277], "k_pid_att": [17.190989445479577, 7.280563304662553, 0.49535182265273703], "k_pid_yaw": [0.5, 1e-06, 0.1], "k_pid_hsp": [3.7648632463606164, 0.6664673019038317, 0.10578159659082487], "k_pid_vsp": [73.05417782032802, 209.65729618356266, 30.270217685226196]}, "datetime": {"datetime": "2025-08-12 02:56:08", "elapsed": 37847.473662376404, "delta": 40.03532004356384}, "costs": {"total_cost": 677.714724713979, "time_cost": 150, "final_distance_cost": 14.248662874201367, "oscillation_cost": 272.6346558978857, "completition_cost": 111.11111111111116, "overshoot_cost": 68.28242476441805, "power_cost": 32.696069238281254, "noise_cost": 28.74180082808157, "n_waypoints_completed": 8, "tot_waypoints": 9}}
