{"target": -599.3202026692557, "params": {"k_pid_pos": [2.0, 0.0, 0.46725942206391247], "k_pid_alt": [0.005978733395359886, 1.0, 0.8282657145475916], "k_pid_att": [32.98964808595094, 2.0040085310869693, 0.27537927386146954], "k_pid_yaw": [0.5, 1e-06, 0.1], "k_pid_hsp": [4.107161991819748, 0.2563400510414091, 0.29515193280247665], "k_pid_vsp": [57.91588294500601, 297.9268296871763, 47.49627833774326]}, "datetime": {"datetime": "2025-08-11 20:35:54", "elapsed": 15033.5129737854, "delta": 27.07627010345459}, "costs": {"total_cost": 599.3202026692557, "time_cost": 102.10900000000001, "final_distance_cost": 1.7627891387355645, "oscillation_cost": 374.69679048378856, "completition_cost": 0.0, "overshoot_cost": 66.01332948974688, "power_cost": 29.553360192871097, "noise_cost": 25.18493336411363, "n_waypoints_completed": 9, "tot_waypoints": 9}}
{"target": -1046.6180544200515, "params": {"k_pid_pos": [0.4499167737327085, 0.9513799807770452, 0.8028989165438967], "k_pid_alt": [0.8249238033427511, 0.06468419342062692, 0.2531386651614854], "k_pid_att": [83.43201941645009, 6.071023491395613, 0.5415418036422329], "k_pid_yaw": [0.5, 1e-06, 0.1], "k_pid_hsp": [7.609630343178162, 0.108891161780168, 0.6899881818106403], "k_pid_vsp": [342.4521909499204, 47.75074951824103, 44.99693796772631]}, "datetime": {"datetime": "2025-08-11 20:36:26", "elapsed": 15065.542167663574, "delta": 32.02919387817383}, "costs": {"total_cost": 1046.6180544200515, "time_cost": 150, "final_distance_cost": 61.35053375268097, "oscillation_cost": 500.4051646752355, "completition_cost": 222.2222222222222, "overshoot_cost": 48.67628578652608, "power_cost": 35.56741533203125, "noise_cost": 28.396432651355457, "n_waypoints_completed": 7, "tot_waypoints": 9}}
{"target": -369.25950796019936, "params": {"k_pid_pos": [1.1815263591719392, 0.4823313019552462, 0.23028617716217892], "k_pid_alt": [0.25507490966911583, 0.6974657543362406, 0.42365153348873164], "k_pid_att": [4.262089673887804, 0.3773261825762986, 0.4669461227253958], "k_pid_yaw": [0.5, 1e-06, 0.1], "k_pid_hsp": [2.2655383154765376, 0.3629177389725168, 0.19204785045583583], "k_pid_vsp": [314.22050388519176, 384.9561872456443, 240.97304630337732]}, "datetime": {"datetime": "2025-08-11 20:36:55", "elapsed": 15094.549003362656, "delta": 29.00683569908142}, "costs": {"total_cost": 369.25950796019936, "time_cost": 113.057, "final_distance_cost": 1.7526159326451247, "oscillation_cost": 125.39506846929608, "completition_cost": 0.0, "overshoot_cost": 70.2622714009563, "power_cost": 31.357827099609377, "noise_cost": 27.434725057692432, "n_waypoints_completed": 9, "tot_waypoints": 9}}
{"target": -1120.6705265567934, "params": {"k_pid_pos": [0.12880021363098834, 0.9498706926599743, 0.5376747253588936], "k_pid_alt": [1.1971177938799116, 0.631408455633377, 0.7786057157786122], "k_pid_att": [34.22792525444601, 2.8488853312150377, 0.05615737979168922], "k_pid_yaw": [0.5, 1e-06, 0.1], "k_pid_hsp": [8.81981505122531, 0.38016111414421194, 0.11458810748073889], "k_pid_vsp": [270.66647818934166, 353.130065330956, 26.500975130251888]}, "datetime": {"datetime": "2025-08-11 20:37:26", "elapsed": 15126.098159790039, "delta": 31.549156427383423}, "costs": {"total_cost": 1120.6705265567934, "time_cost": 150, "final_distance_cost": 48.80263231208963, "oscillation_cost": 366.3637605661879, "completition_cost": 444.4444444444444, "overshoot_cost": 46.94463466236496, "power_cost": 34.26176016845703, "noise_cost": 29.8532944032498, "n_waypoints_completed": 5, "tot_waypoints": 9}}
{"target": -894.292526531918, "params": {"k_pid_pos": [1.0928971320220133, 0.2554504273616507, 0.9834338127097502], "k_pid_alt": [0.9011321327237676, 0.6631758926718567, 0.9805002191114867], "k_pid_att": [45.51264774405058, 9.295125771613067, 0.5558101336057192], "k_pid_yaw": [0.5, 1e-06, 0.1], "k_pid_hsp": [5.082203840750098, 0.3067339360071244, 0.9283341570483865], "k_pid_vsp": [239.42704205007007, 13.890784503458887, 35.42310025391719]}, "datetime": {"datetime": "2025-08-11 20:37:58", "elapsed": 15158.355202674866, "delta": 32.25704288482666}, "costs": {"total_cost": 894.292526531918, "time_cost": 150, "final_distance_cost": 28.94854551906656, "oscillation_cost": 481.3354098583469, "completition_cost": 111.11111111111116, "overshoot_cost": 58.86514248672065, "power_cost": 34.35321063232422, "noise_cost": 29.67910692434848, "n_waypoints_completed": 8, "tot_waypoints": 9}}
{"target": -628.1429928192185, "params": {"k_pid_pos": [0.576449246811555, 0.7673448758343785, 0.33371699777830555], "k_pid_alt": [1.646301131760486, 0.4822014095632189, 0.5886400139869817], "k_pid_att": [10.973040136702505, 0.2022603163135115, 0.48945823710591396], "k_pid_yaw": [0.5, 1e-06, 0.1], "k_pid_hsp": [8.90628574535275, 0.8409114201459433, 0.9473881250721007], "k_pid_vsp": [248.15850535547045, 268.4517845418312, 31.241710224324105]}, "datetime": {"datetime": "2025-08-11 20:38:30", "elapsed": 15189.900505781174, "delta": 31.545303106307983}, "costs": {"total_cost": 628.1429928192185, "time_cost": 150, "final_distance_cost": 6.098823097920913, "oscillation_cost": 242.19081494385654, "completition_cost": 111.11111111111116, "overshoot_cost": 58.118060551405165, "power_cost": 31.793632543945314, "noise_cost": 28.830550570979437, "n_waypoints_completed": 8, "tot_waypoints": 9}}
{"target": -1280.85371379677, "params": {"k_pid_pos": [0.4766562951444971, 0.9976089665639545, 0.13121575307800137], "k_pid_alt": [0.5095573105551805, 0.9048714401968471, 0.14633851027039735], "k_pid_att": [43.06661707397414, 3.8154821813061592, 0.6720645437991513], "k_pid_yaw": [0.5, 1e-06, 0.1], "k_pid_hsp": [3.100326514744697, 0.39861038083104616, 0.1634574875020941], "k_pid_vsp": [226.9698354024692, 11.433555730296483, 45.53727446768503]}, "datetime": {"datetime": "2025-08-11 20:39:01", "elapsed": 15220.691284656525, "delta": 30.790778875350952}, "costs": {"total_cost": 1280.85371379677, "time_cost": 150, "final_distance_cost": 101.14023462090425, "oscillation_cost": 123.37835028289442, "completition_cost": 777.7777777777778, "overshoot_cost": 61.33672344215918, "power_cost": 36.31682077636719, "noise_cost": 30.90380689666711, "n_waypoints_completed": 2, "tot_waypoints": 9}}
{"target": -530.9389177301705, "params": {"k_pid_pos": [1.3610440775068797, 0.851898749829242, 0.6984507494829489], "k_pid_alt": [1.948498697914202, 0.35429291161523446, 0.27751690075925417], "k_pid_att": [35.48089401014584, 4.469142560802591, 0.30918614323171056], "k_pid_yaw": [0.5, 1e-06, 0.1], "k_pid_hsp": [4.433399696657973, 0.5315431722613311, 0.4711901476572685], "k_pid_vsp": [230.4903683556032, 17.80909366553704, 30.801427835085747]}, "datetime": {"datetime": "2025-08-11 20:39:27", "elapsed": 15247.062025785446, "delta": 26.37074112892151}, "costs": {"total_cost": 530.9389177301705, "time_cost": 101.647, "final_distance_cost": 1.7592316862632604, "oscillation_cost": 317.05678743727833, "completition_cost": 0.0, "overshoot_cost": 55.4093639573022, "power_cost": 29.609539965820314, "noise_cost": 25.456994683506405, "n_waypoints_completed": 9, "tot_waypoints": 9}}
{"target": -313.404767587627, "params": {"k_pid_pos": [1.6855932926648827, 0.2911438631145529, 0.41741599685162817], "k_pid_alt": [1.8871105236878603, 0.6194000617401908, 0.17423266990530598], "k_pid_att": [6.854646294404192, 0.21522646780621194, 0.8724850282754888], "k_pid_yaw": [0.5, 1e-06, 0.1], "k_pid_hsp": [4.494368073028899, 0.6126770598745327, 0.6516026353393117], "k_pid_vsp": [244.89081288920403, 270.3988882530599, 31.29783534117966]}, "datetime": {"datetime": "2025-08-11 20:39:52", "elapsed": 15272.052567958832, "delta": 24.99054217338562}, "costs": {"total_cost": 313.404767587627, "time_cost": 92.89, "final_distance_cost": 1.7657719916133614, "oscillation_cost": 114.46534339174988, "completition_cost": 0.0, "overshoot_cost": 56.307054104786786, "power_cost": 25.030896008300783, "noise_cost": 22.9457020911762, "n_waypoints_completed": 9, "tot_waypoints": 9}}
{"target": -1005.3461356638016, "params": {"k_pid_pos": [0.248721201152793, 0.8289756439018688, 0.5436414888237413], "k_pid_alt": [1.62411766374463, 0.3232424925285009, 0.6091968923696591], "k_pid_att": [22.728085528072462, 0.744355095686613, 0.8403669787362213], "k_pid_yaw": [0.5, 1e-06, 0.1], "k_pid_hsp": [8.431132503212718, 0.45708643914195923, 0.5250703492673274], "k_pid_vsp": [220.60884213124132, 24.305270782719738, 39.31450658776968]}, "datetime": {"datetime": "2025-08-11 20:40:24", "elapsed": 15303.749069929123, "delta": 31.696501970291138}, "costs": {"total_cost": 1005.3461356638016, "time_cost": 150, "final_distance_cost": 71.61330905175457, "oscillation_cost": 343.85117680090764, "completition_cost": 333.33333333333337, "overshoot_cost": 45.95222059677861, "power_cost": 32.30743020019531, "noise_cost": 28.288665680832178, "n_waypoints_completed": 6, "tot_waypoints": 9}}
{"target": -1006.9047260714101, "params": {"k_pid_pos": [0.5284591654592949, 0.18334156038550298, 0.6527199488615371], "k_pid_alt": [1.9824579082030522, 0.8166528864737652, 0.17328838278714376], "k_pid_att": [39.72704440176229, 2.2857953681797967, 0.004318812371189029], "k_pid_yaw": [0.5, 1e-06, 0.1], "k_pid_hsp": [4.9605996054947195, 0.8109180768596604, 0.6343580353739107], "k_pid_vsp": [200.17575315399546, 231.80167521266952, 133.7568128301114]}, "datetime": {"datetime": "2025-08-11 20:40:55", "elapsed": 15334.55856871605, "delta": 30.80949878692627}, "costs": {"total_cost": 1006.9047260714101, "time_cost": 150, "final_distance_cost": 54.2896720338078, "oscillation_cost": 574.429046580673, "completition_cost": 111.11111111111116, "overshoot_cost": 54.08836315838087, "power_cost": 34.194618872070315, "noise_cost": 28.791914315366856, "n_waypoints_completed": 8, "tot_waypoints": 9}}
{"target": -1575.0602141978989, "params": {"k_pid_pos": [1.6388093036865437, 0.18002239232844075, 0.08219567645198378], "k_pid_alt": [0.8391826768565211, 0.43233977299216586, 0.5905994169493712], "k_pid_att": [25.561238143499367, 4.943993224012286, 0.010399839147286705], "k_pid_yaw": [0.5, 1e-06, 0.1], "k_pid_hsp": [0.41465283868921093, 0.005980067839824521, 0.43675654997838853], "k_pid_vsp": [236.64210873534262, 20.031854758643156, 35.501649274091385]}, "datetime": {"datetime": "2025-08-11 20:41:28", "elapsed": 15367.44533252716, "delta": 32.88676381111145}, "costs": {"total_cost": 1575.0602141978989, "time_cost": 150, "final_distance_cost": 56.34568612287038, "oscillation_cost": 681.7357599090254, "completition_cost": 555.5555555555555, "overshoot_cost": 67.61227232715542, "power_cost": 34.23022419433594, "noise_cost": 29.58071608895628, "n_waypoints_completed": 4, "tot_waypoints": 9}}
{"target": -465.46782767580385, "params": {"k_pid_pos": [0.9948954625614145, 0.3619204836256166, 0.36905270932974266], "k_pid_alt": [1.7949588050866687, 0.41325286834706476, 0.1048406516084126], "k_pid_att": [47.510756228592236, 0.6222503148434503, 0.9258869268612322], "k_pid_yaw": [0.5, 1e-06, 0.1], "k_pid_hsp": [9.516063526554749, 0.4339410706247563, 0.8517700903722434], "k_pid_vsp": [118.1783388169423, 94.262899442903, 51.16390309150225]}, "datetime": {"datetime": "2025-08-11 20:41:52", "elapsed": 15391.875113248825, "delta": 24.42978072166443}, "costs": {"total_cost": 465.46782767580385, "time_cost": 90.622, "final_distance_cost": 1.753411893167041, "oscillation_cost": 271.3033622910466, "completition_cost": 0.0, "overshoot_cost": 54.68867973259795, "power_cost": 24.879384350585937, "noise_cost": 22.220989408406304, "n_waypoints_completed": 9, "tot_waypoints": 9}}
{"target": -273.58376954686014, "params": {"k_pid_pos": [2.0, 1.0, 0.0], "k_pid_alt": [2.0, 0.0, 1.0], "k_pid_att": [38.3364543079666, 2.0026954334322418, 0.9043204977130718], "k_pid_yaw": [0.5, 1e-06, 0.1], "k_pid_hsp": [1.3340580151934758, 0.9094235100460056, 0.0], "k_pid_vsp": [60.706342199917465, 360.1498546648554, 91.53174063895553]}, "datetime": {"datetime": "2025-08-11 20:42:18", "elapsed": 15418.013516426086, "delta": 26.138403177261353}, "costs": {"total_cost": 273.58376954686014, "time_cost": 94.19200000000001, "final_distance_cost": 1.7568972478362943, "oscillation_cost": 58.127439018781175, "completition_cost": 0.0, "overshoot_cost": 65.03749933032343, "power_cost": 27.47103580322266, "noise_cost": 26.998898146696543, "n_waypoints_completed": 9, "tot_waypoints": 9}}
{"target": -520.0837951339582, "params": {"k_pid_pos": [1.2018093739957918, 0.2977668819995066, 0.8434671007009773], "k_pid_alt": [0.8831742201651218, 0.5170722615202822, 0.23187480700172536], "k_pid_att": [44.701668622155964, 3.3167813557505577, 0.761314176584304], "k_pid_yaw": [0.5, 1e-06, 0.1], "k_pid_hsp": [2.5244112647104027, 0.8677702022646505, 0.1629356424245768], "k_pid_vsp": [185.25221567343291, 300.7722883659431, 149.4268139323835]}, "datetime": {"datetime": "2025-08-11 20:42:46", "elapsed": 15445.598679065704, "delta": 27.58516263961792}, "costs": {"total_cost": 520.0837951339582, "time_cost": 103.208, "final_distance_cost": 1.8204437064723737, "oscillation_cost": 302.2896634309374, "completition_cost": 0.0, "overshoot_cost": 58.77977315641323, "power_cost": 29.50248114013672, "noise_cost": 24.48343369999847, "n_waypoints_completed": 9, "tot_waypoints": 9}}
{"target": -576.7567503072435, "params": {"k_pid_pos": [1.800837782921004, 0.5177022723112498, 0.9298420663237408], "k_pid_alt": [1.7992562592016899, 0.8421590217336052, 0.07178158303087134], "k_pid_att": [36.49866774406716, 7.277625062718018, 0.9516474448779461], "k_pid_yaw": [0.5, 1e-06, 0.1], "k_pid_hsp": [3.363522753898244, 0.0044176940731769365, 0.5600926246490978], "k_pid_vsp": [114.75884052746355, 381.39656245483144, 109.26483267194754]}, "datetime": {"datetime": "2025-08-11 20:43:14", "elapsed": 15473.639176130295, "delta": 28.040497064590454}, "costs": {"total_cost": 576.7567503072435, "time_cost": 105.812, "final_distance_cost": 1.8026389347205118, "oscillation_cost": 351.55740091966766, "completition_cost": 0.0, "overshoot_cost": 60.116258135290046, "power_cost": 30.635822229003907, "noise_cost": 26.832630088561338, "n_waypoints_completed": 9, "tot_waypoints": 9}}
{"target": -516.656414249696, "params": {"k_pid_pos": [0.9455458764784994, 0.3548247192512787, 0.6911107470708828], "k_pid_alt": [1.0634956067312293, 0.7094734584466041, 0.3690698037169001], "k_pid_att": [11.66034919004636, 9.545417354842007, 0.8505667292359284], "k_pid_yaw": [0.5, 1e-06, 0.1], "k_pid_hsp": [2.918908258578041, 0.2168124047472133, 0.8322854855283999], "k_pid_vsp": [286.6280301866701, 355.59834379999404, 96.61191070062088]}, "datetime": {"datetime": "2025-08-11 20:43:46", "elapsed": 15505.671365261078, "delta": 32.03218913078308}, "costs": {"total_cost": 516.656414249696, "time_cost": 114.59, "final_distance_cost": 1.7782643896832975, "oscillation_cost": 281.67893276551024, "completition_cost": 0.0, "overshoot_cost": 61.48306849132544, "power_cost": 29.456833947753907, "noise_cost": 27.669314655423097, "n_waypoints_completed": 9, "tot_waypoints": 9}}
{"target": -529.3759772142797, "params": {"k_pid_pos": [1.432709112986042, 0.8547491064590689, 0.2920645539196358], "k_pid_alt": [1.5286228785604485, 0.6319000919017798, 0.8090078572186334], "k_pid_att": [93.6271414631207, 6.36783628297347, 0.02533138856059891], "k_pid_yaw": [0.5, 1e-06, 0.1], "k_pid_hsp": [6.023859966147066, 0.2837138181311737, 0.9359454585633845], "k_pid_vsp": [167.32478668186914, 121.47289452445631, 13.145200093414697]}, "datetime": {"datetime": "2025-08-11 20:44:18", "elapsed": 15538.265946626663, "delta": 32.59458136558533}, "costs": {"total_cost": 529.3759772142797, "time_cost": 118.384, "final_distance_cost": 1.7417767430831537, "oscillation_cost": 281.1603505050542, "completition_cost": 0.0, "overshoot_cost": 60.38389242187911, "power_cost": 35.7931633178711, "noise_cost": 31.91279422639209, "n_waypoints_completed": 9, "tot_waypoints": 9}}
{"target": -926.6569772262291, "params": {"k_pid_pos": [0.7187127421978194, 0.2183749348036419, 0.560641768317782], "k_pid_alt": [1.8109255547008882, 0.23236943285142775, 0.9637203389795779], "k_pid_att": [48.35009455018814, 6.795131028522784, 0.23169753751156363], "k_pid_yaw": [0.5, 1e-06, 0.1], "k_pid_hsp": [2.3858136640281313, 0.3532532995951677, 0.5611007972036766], "k_pid_vsp": [32.518166309017495, 392.5079541360161, 52.031943370223885]}, "datetime": {"datetime": "2025-08-11 20:44:59", "elapsed": 15578.753624677658, "delta": 40.48767805099487}, "costs": {"total_cost": 926.6569772262291, "time_cost": 150, "final_distance_cost": 16.67660010452706, "oscillation_cost": 523.4927601124, "completition_cost": 111.11111111111116, "overshoot_cost": 61.148831499384585, "power_cost": 35.21992918701172, "noise_cost": 29.00774521179447, "n_waypoints_completed": 8, "tot_waypoints": 9}}
{"target": -1736.268451564215, "params": {"k_pid_pos": [2.0, 1.0, 1.0], "k_pid_alt": [0.0, 1.0, 0.0], "k_pid_att": [5.395898801791286, 1.1358254335929414, 0.0], "k_pid_yaw": [0.5, 1e-06, 0.1], "k_pid_hsp": [0.6321509547030582, 0.0, 1.0], "k_pid_vsp": [244.57792533117285, 268.7262824040753, 33.10506072215137]}, "datetime": {"datetime": "2025-08-11 20:45:31", "elapsed": 15611.170109510422, "delta": 32.41648483276367}, "costs": {"total_cost": 1736.268451564215, "time_cost": 150, "final_distance_cost": 75.10680977075833, "oscillation_cost": 510.21606615000445, "completition_cost": 888.8888888888888, "overshoot_cost": 53.07053917577689, "power_cost": 31.117944738769534, "noise_cost": 27.868202840017158, "n_waypoints_completed": 1, "tot_waypoints": 9}}
{"target": -1444.141993337762, "params": {"k_pid_pos": [0.2654191597578045, 0.7752919266640966, 0.474571325775359], "k_pid_alt": [0.07272197435949113, 0.7371986330343077, 0.2198799290773502], "k_pid_att": [44.54009866920331, 2.1284584111588694, 0.5156415700203472], "k_pid_yaw": [0.5, 1e-06, 0.1], "k_pid_hsp": [8.977879671645358, 0.3623649143783273, 0.3541267992657906], "k_pid_vsp": [113.4539509196773, 88.79242900082373, 57.843966290351126]}, "datetime": {"datetime": "2025-08-11 20:46:03", "elapsed": 15643.189604997635, "delta": 32.019495487213135}, "costs": {"total_cost": 1444.141993337762, "time_cost": 150, "final_distance_cost": 52.25719561538341, "oscillation_cost": 449.3077303343227, "completition_cost": 666.6666666666667, "overshoot_cost": 60.39391171217327, "power_cost": 35.46052261962891, "noise_cost": 30.055966389586985, "n_waypoints_completed": 3, "tot_waypoints": 9}}
{"target": -1589.5048621203014, "params": {"k_pid_pos": [0.27811686118886697, 0.45693165976298356, 0.4986980668184965], "k_pid_alt": [0.24020275528532986, 0.6169051262562062, 0.5055769426507545], "k_pid_att": [43.66241622727455, 2.8464735998879207, 0.07334972188428002], "k_pid_yaw": [0.5, 1e-06, 0.1], "k_pid_hsp": [4.045586602320891, 0.7824931207279688, 0.44007033499383463], "k_pid_vsp": [199.33709124814416, 17.70335475708968, 9.501027523712352]}, "datetime": {"datetime": "2025-08-11 20:46:35", "elapsed": 15675.316470861435, "delta": 32.12686586380005}, "costs": {"total_cost": 1589.5048621203014, "time_cost": 150, "final_distance_cost": 56.21084686941501, "oscillation_cost": 604.3917886737354, "completition_cost": 666.6666666666667, "overshoot_cost": 48.275161077012015, "power_cost": 33.48718553466797, "noise_cost": 30.473213298804165, "n_waypoints_completed": 3, "tot_waypoints": 9}}
{"target": -256.6269986425979, "params": {"k_pid_pos": [0.7074494647694605, 0.7049527803030182, 0.3183299690395691], "k_pid_alt": [0.42257656580455216, 0.1799179940110739, 0.8216597905943404], "k_pid_att": [66.71073087401334, 5.8153399080582755, 0.8602407690593038], "k_pid_yaw": [0.5, 1e-06, 0.1], "k_pid_hsp": [6.237634864154471, 0.6767921872114896, 0.0007043315335582001], "k_pid_vsp": [82.47916359592455, 353.5592419776162, 45.33084120716711]}, "datetime": {"datetime": "2025-08-11 20:47:02", "elapsed": 15702.255916118622, "delta": 26.93944525718689}, "costs": {"total_cost": 256.6269986425979, "time_cost": 100.107, "final_distance_cost": 1.819886960175745, "oscillation_cost": 53.8036163345632, "completition_cost": 0.0, "overshoot_cost": 52.20637548284081, "power_cost": 25.28884490966797, "noise_cost": 23.40127495535021, "n_waypoints_completed": 9, "tot_waypoints": 9}}
{"target": -907.5940487606578, "params": {"k_pid_pos": [0.5873626762642961, 0.6256586554877924, 0.7000097421515199], "k_pid_alt": [1.1665633040400727, 0.6028881709664448, 0.6394443833200312], "k_pid_att": [80.39950160060768, 5.304292595128221, 0.720542159155712], "k_pid_yaw": [0.5, 1e-06, 0.1], "k_pid_hsp": [5.303866059222277, 0.9685449913072395, 0.815840943719878], "k_pid_vsp": [235.0319089689335, 331.22668410954304, 258.50475740717314]}, "datetime": {"datetime": "2025-08-11 20:47:35", "elapsed": 15735.05552482605, "delta": 32.79960870742798}, "costs": {"total_cost": 907.5940487606578, "time_cost": 150, "final_distance_cost": 9.224757618682968, "oscillation_cost": 509.6690595434061, "completition_cost": 111.11111111111116, "overshoot_cost": 63.76770760027626, "power_cost": 35.37825478515625, "noise_cost": 28.443158102024988, "n_waypoints_completed": 8, "tot_waypoints": 9}}
{"target": -947.7267985158389, "params": {"k_pid_pos": [2.0, 0.0, 0.05729816695864603], "k_pid_alt": [0.0, 0.4911823306918945, 0.15972941152008824], "k_pid_att": [1.9608699416221107, 0.0001, 0.4307380217555576], "k_pid_yaw": [0.5, 1e-06, 0.1], "k_pid_hsp": [10.0, 0.16502986125051097, 0.0], "k_pid_vsp": [259.3101628015806, 269.3914293271106, 39.82572667345535]}, "datetime": {"datetime": "2025-08-11 20:48:07", "elapsed": 15766.82392668724, "delta": 31.768401861190796}, "costs": {"total_cost": 947.7267985158389, "time_cost": 150, "final_distance_cost": 55.40482709461057, "oscillation_cost": 63.91386080336832, "completition_cost": 555.5555555555555, "overshoot_cost": 59.96496191139112, "power_cost": 31.130891430664065, "noise_cost": 31.756701720249296, "n_waypoints_completed": 4, "tot_waypoints": 9}}
