{"target": -591.1446087498668, "params": {"k_pid_pos": [2.0, 0.5489021647008558, 0.601151370274969], "k_pid_alt": [0.1810770848450754, 0.33353897307619, 0.39044798142961873], "k_pid_att": [7.867162451831571, 3.025310765094691, 0.7791784526729412], "k_pid_yaw": [0.5, 1e-06, 0.1], "k_pid_hsp": [6.048601925524365, 0.2997585980257596, 0.23400124270270428], "k_pid_vsp": [309.3420137194616, 395.2133888552936, 245.02173825650738]}, "datetime": {"datetime": "2025-08-11 21:12:43", "elapsed": 17242.949819087982, "delta": 33.12766933441162}, "costs": {"total_cost": 591.1446087498668, "time_cost": 150, "final_distance_cost": 33.91183246517295, "oscillation_cost": 165.442909649327, "completition_cost": 111.11111111111116, "overshoot_cost": 67.87043072482042, "power_cost": 31.845975537109375, "noise_cost": 30.962349262326065, "n_waypoints_completed": 8, "tot_waypoints": 9}}
{"target": -445.2332412817348, "params": {"k_pid_pos": [1.8220222330781428, 0.2003511205948565, 0.8089766889088791], "k_pid_alt": [0.8348706114320686, 0.2501819616135806, 1.0], "k_pid_att": [7.151940755601362, 8.120469844616881, 0.0], "k_pid_yaw": [0.5, 1e-06, 0.1], "k_pid_hsp": [9.511128530128188, 0.7923935972198146, 0.6696368699570533], "k_pid_vsp": [276.1164574329364, 361.1325940244509, 23.765350411612285]}, "datetime": {"datetime": "2025-08-11 21:13:05", "elapsed": 17264.440425634384, "delta": 21.490606546401978}, "costs": {"total_cost": 445.2332412817348, "time_cost": 78.365, "final_distance_cost": 1.7466045596438404, "oscillation_cost": 271.9807445503937, "completition_cost": 0.0, "overshoot_cost": 51.011508432964504, "power_cost": 21.651569348144534, "noise_cost": 20.47781439058833, "n_waypoints_completed": 9, "tot_waypoints": 9}}
{"target": -395.97147328762236, "params": {"k_pid_pos": [1.737070572359769, 0.07337087991165414, 0.9091674454142027], "k_pid_alt": [1.2531335061239632, 0.19694371878450057, 0.8032235929144741], "k_pid_att": [10.93298822666684, 1.239925066955386, 0.8308130526202138], "k_pid_yaw": [0.5, 1e-06, 0.1], "k_pid_hsp": [8.101368943764166, 0.4528301646557704, 0.2020521412791988], "k_pid_vsp": [310.25938224011077, 394.79497684799225, 246.9301930211615]}, "datetime": {"datetime": "2025-08-11 21:13:32", "elapsed": 17291.503489732742, "delta": 27.063064098358154}, "costs": {"total_cost": 395.97147328762236, "time_cost": 96.208, "final_distance_cost": 1.800497120280902, "oscillation_cost": 191.8737047230523, "completition_cost": 0.0, "overshoot_cost": 56.572486179165125, "power_cost": 26.584992602539064, "noise_cost": 22.931792662584996, "n_waypoints_completed": 9, "tot_waypoints": 9}}
{"target": -324.41187647295817, "params": {"k_pid_pos": [0.9899522292508175, 0.0, 0.13583931442613129], "k_pid_alt": [1.0976881089932813, 0.7563668883544901, 0.4525156969037942], "k_pid_att": [6.0564910022379745, 3.0384010570728317, 0.4459841453603029], "k_pid_yaw": [0.5, 1e-06, 0.1], "k_pid_hsp": [6.365382051942039, 0.5749920344426092, 0.7506967331574931], "k_pid_vsp": [193.73099198043286, 322.58895144449076, 16.146350445208785]}, "datetime": {"datetime": "2025-08-11 21:13:55", "elapsed": 17315.281681537628, "delta": 23.778191804885864}, "costs": {"total_cost": 324.41187647295817, "time_cost": 83.636, "final_distance_cost": 1.789496201430947, "oscillation_cost": 141.1157471997319, "completition_cost": 0.0, "overshoot_cost": 53.90669282480976, "power_cost": 23.11021160888672, "noise_cost": 20.853728638098794, "n_waypoints_completed": 9, "tot_waypoints": 9}}
{"target": -966.5817097773518, "params": {"k_pid_pos": [0.3184670076490666, 0.6104168543530171, 0.9730427228598783], "k_pid_alt": [1.8836078395308042, 0.27084444368037175, 0.8582448178891185], "k_pid_att": [38.48408780217301, 5.943189511335247, 0.47054531361044794], "k_pid_yaw": [0.5, 1e-06, 0.1], "k_pid_hsp": [6.0896305050475865, 0.7547970343167404, 0.03616214875541457], "k_pid_vsp": [233.60232345632022, 24.091169579187973, 38.406094363631794]}, "datetime": {"datetime": "2025-08-11 21:14:28", "elapsed": 17348.028854370117, "delta": 32.747172832489014}, "costs": {"total_cost": 966.5817097773518, "time_cost": 150, "final_distance_cost": 73.98934824919989, "oscillation_cost": 303.8345576013505, "completition_cost": 333.33333333333337, "overshoot_cost": 44.93532330627669, "power_cost": 32.23145416259766, "noise_cost": 28.257693124593647, "n_waypoints_completed": 6, "tot_waypoints": 9}}
{"target": -638.3459203557956, "params": {"k_pid_pos": [0.7526298411289152, 0.49354773534297414, 0.9738674300549163], "k_pid_alt": [1.548454022306036, 0.5398872122183355, 0.2612675388108813], "k_pid_att": [45.68911928558177, 3.1182427596644575, 0.8007337551386933], "k_pid_yaw": [0.5, 1e-06, 0.1], "k_pid_hsp": [7.244497573532671, 0.878022202650365, 0.1766467800822602], "k_pid_vsp": [272.8362862593189, 303.7475978116021, 73.40788943958351]}, "datetime": {"datetime": "2025-08-11 21:14:59", "elapsed": 17379.241091012955, "delta": 31.212236642837524}, "costs": {"total_cost": 638.3459203557956, "time_cost": 114.429, "final_distance_cost": 1.758721243509121, "oscillation_cost": 406.9505248458665, "completition_cost": 0.0, "overshoot_cost": 56.04716451964839, "power_cost": 31.661409814453126, "noise_cost": 27.499099932318458, "n_waypoints_completed": 9, "tot_waypoints": 9}}
{"target": -947.2622854678697, "params": {"k_pid_pos": [0.45782531436051616, 0.8464418124681328, 0.24391970303259491], "k_pid_alt": [1.3722107990779757, 0.3900941846616772, 0.1904138648002327], "k_pid_att": [50.337348114559646, 2.505217103731233, 0.041490339640908536], "k_pid_yaw": [0.5, 1e-06, 0.1], "k_pid_hsp": [8.728759605401054, 0.30979669030115475, 0.9941793681247175], "k_pid_vsp": [141.7834702393847, 267.4884683377535, 192.36773837184737]}, "datetime": {"datetime": "2025-08-11 21:15:32", "elapsed": 17411.507768154144, "delta": 32.266677141189575}, "costs": {"total_cost": 947.2622854678697, "time_cost": 150, "final_distance_cost": 64.32253059994372, "oscillation_cost": 257.04051831608973, "completition_cost": 333.33333333333337, "overshoot_cost": 73.21588761961495, "power_cost": 38.18792928466797, "noise_cost": 31.162086314219852, "n_waypoints_completed": 6, "tot_waypoints": 9}}
{"target": -939.3583246638682, "params": {"k_pid_pos": [0.8029490005627118, 1.0, 0.0], "k_pid_alt": [0.3156449583768859, 0.33321826974501195, 1.0], "k_pid_att": [66.47907589408237, 7.698153180711126, 1.0], "k_pid_yaw": [0.5, 1e-06, 0.1], "k_pid_hsp": [3.4661547968919333, 1.0, 0.0], "k_pid_vsp": [83.95918849407657, 355.2147965160259, 48.23114544305211]}, "datetime": {"datetime": "2025-08-11 21:16:05", "elapsed": 17444.83344578743, "delta": 33.32567763328552}, "costs": {"total_cost": 939.3583246638682, "time_cost": 150, "final_distance_cost": 45.949555960332184, "oscillation_cost": 67.23392832107047, "completition_cost": 555.5555555555555, "overshoot_cost": 55.317886412072255, "power_cost": 33.92590740966797, "noise_cost": 31.375491005169685, "n_waypoints_completed": 4, "tot_waypoints": 9}}
{"target": -1492.9867969318082, "params": {"k_pid_pos": [0.1367998362549367, 0.6661590600177019, 0.9864756060425417], "k_pid_alt": [1.6136789345832365, 0.1363065699666708, 0.5284940242009365], "k_pid_att": [28.57278625862545, 1.6457395148519363, 0.20848683357875442], "k_pid_yaw": [0.5, 1e-06, 0.1], "k_pid_hsp": [5.495698154162858, 0.4418616038373093, 0.6325459997896085], "k_pid_vsp": [36.92340094548228, 342.54668770630536, 152.24722909244807]}, "datetime": {"datetime": "2025-08-11 21:16:37", "elapsed": 17476.80664205551, "delta": 31.973196268081665}, "costs": {"total_cost": 1492.9867969318082, "time_cost": 150, "final_distance_cost": 54.83384863856696, "oscillation_cost": 500.6182642605868, "completition_cost": 666.6666666666667, "overshoot_cost": 57.754061271981826, "power_cost": 33.933358264160155, "noise_cost": 29.1805978298458, "n_waypoints_completed": 3, "tot_waypoints": 9}}
{"target": -302.9347968133669, "params": {"k_pid_pos": [1.0474684135133638, 0.1874293480192945, 0.43016544984164873], "k_pid_alt": [1.4388754180732086, 0.2504837929978246, 0.1356363191654044], "k_pid_att": [39.08767042241691, 1.617794168717566, 0.6930470288240849], "k_pid_yaw": [0.5, 1e-06, 0.1], "k_pid_hsp": [4.4727083432636565, 0.43090801488298996, 0.026489434478928656], "k_pid_vsp": [273.1971549874901, 302.9730788794272, 74.48179283595394]}, "datetime": {"datetime": "2025-08-11 21:17:06", "elapsed": 17505.774398088455, "delta": 28.967756032943726}, "costs": {"total_cost": 302.9347968133669, "time_cost": 102.34, "final_distance_cost": 1.76322259217955, "oscillation_cost": 95.29155515419875, "completition_cost": 0.0, "overshoot_cost": 52.48587989893469, "power_cost": 26.232955932617188, "noise_cost": 24.82118323543675, "n_waypoints_completed": 9, "tot_waypoints": 9}}
{"target": -4693.911495711066, "params": {"k_pid_pos": [0.4834673733172688, 0.2626322060426376, 0.16719994768101565], "k_pid_alt": [0.17592930059698864, 0.8721199443904216, 0.6978014356909151], "k_pid_att": [0.23518395273094406, 8.50570756385057, 0.13392597090524483], "k_pid_yaw": [0.5, 1e-06, 0.1], "k_pid_hsp": [3.9360139525612405, 0.6324429556938749, 0.284856116887127], "k_pid_vsp": [308.5132329717659, 386.44256750507685, 251.00481582143385]}, "datetime": {"datetime": "2025-08-11 21:17:38", "elapsed": 17538.35909318924, "delta": 32.5846951007843}, "costs": {"total_cost": 4693.911495711066, "time_cost": 150, "final_distance_cost": 632.3896296886004, "oscillation_cost": 1112.0870435750833, "completition_cost": 1000.0, "overshoot_cost": 1586.3550963453065, "power_cost": 53.80568024902344, "noise_cost": 159.27404585305243, "n_waypoints_completed": 0, "tot_waypoints": 9}}
{"target": -950.9363699091473, "params": {"k_pid_pos": [0.7960770061684342, 0.5041709867764326, 0.971434762762535], "k_pid_alt": [0.6216424968586842, 0.7266932671281817, 0.017508199781680722], "k_pid_att": [39.84378886546913, 3.7820709660061005, 0.8945270805108151], "k_pid_yaw": [0.5, 1e-06, 0.1], "k_pid_hsp": [6.2837397586637405, 0.2084219664728636, 0.3624833449269388], "k_pid_vsp": [236.5733589734756, 27.307386326318017, 43.653417801166235]}, "datetime": {"datetime": "2025-08-11 21:18:11", "elapsed": 17570.384215831757, "delta": 32.02512264251709}, "costs": {"total_cost": 950.9363699091473, "time_cost": 150, "final_distance_cost": 63.55268543286934, "oscillation_cost": 394.33671006597365, "completition_cost": 222.2222222222222, "overshoot_cost": 57.7898215947041, "power_cost": 33.65006064453125, "noise_cost": 29.38486994884678, "n_waypoints_completed": 7, "tot_waypoints": 9}}
{"target": -686.5794510688307, "params": {"k_pid_pos": [0.5514021585427478, 0.11089498931943198, 0.0030970333156186136], "k_pid_alt": [1.3199199322595654, 0.24672456607549398, 0.8005166144290015], "k_pid_att": [57.87725958737706, 1.6620108970013008, 0.08496327444131158], "k_pid_yaw": [0.5, 1e-06, 0.1], "k_pid_hsp": [2.983370137416425, 0.1702249223101815, 0.24695367772924381], "k_pid_vsp": [205.7416972428222, 233.16555817558898, 124.9298672323066]}, "datetime": {"datetime": "2025-08-11 21:18:37", "elapsed": 17597.28962945938, "delta": 26.90541362762451}, "costs": {"total_cost": 686.5794510688307, "time_cost": 100.59, "final_distance_cost": 1.7837866592784337, "oscillation_cost": 477.75474814736464, "completition_cost": 0.0, "overshoot_cost": 54.09445027015897, "power_cost": 28.157068701171877, "noise_cost": 24.19939729085686, "n_waypoints_completed": 9, "tot_waypoints": 9}}
{"target": -614.1487498506638, "params": {"k_pid_pos": [1.0580986956754814, 0.25293672906083986, 0.7591573549270065], "k_pid_alt": [1.4156358274168885, 0.442842624179994, 0.5328784392201471], "k_pid_att": [17.676788477047932, 9.33083183407331, 0.8627843670498077], "k_pid_yaw": [0.5, 1e-06, 0.1], "k_pid_hsp": [4.356761225985299, 0.20549545176706863, 0.5153695582050825], "k_pid_vsp": [52.92269165150487, 339.25182008402675, 143.692599934302]}, "datetime": {"datetime": "2025-08-11 21:19:09", "elapsed": 17628.399159908295, "delta": 31.109530448913574}, "costs": {"total_cost": 614.1487498506638, "time_cost": 117.915, "final_distance_cost": 1.7575606745006571, "oscillation_cost": 371.0409551123541, "completition_cost": 0.0, "overshoot_cost": 63.67236070784613, "power_cost": 30.689258813476563, "noise_cost": 29.073614542486283, "n_waypoints_completed": 9, "tot_waypoints": 9}}
{"target": -846.7748017903365, "params": {"k_pid_pos": [0.9380622180268029, 0.7051477784911011, 0.8470025890250245], "k_pid_alt": [1.5759187238662133, 0.7874612537923928, 0.7511684103031283], "k_pid_att": [16.564997475926024, 6.610577092407367, 0.5088857051976351], "k_pid_yaw": [0.5, 1e-06, 0.1], "k_pid_hsp": [7.229985532068121, 0.1865791913580941, 0.7707836891400823], "k_pid_vsp": [66.56343960794197, 343.6962147376225, 140.86300478185177]}, "datetime": {"datetime": "2025-08-11 21:19:40", "elapsed": 17660.327696084976, "delta": 31.92853617668152}, "costs": {"total_cost": 846.7748017903365, "time_cost": 150, "final_distance_cost": 65.2026956406726, "oscillation_cost": 403.79002256987553, "completition_cost": 111.11111111111116, "overshoot_cost": 54.06262172606674, "power_cost": 33.34485122070313, "noise_cost": 29.26349952190736, "n_waypoints_completed": 8, "tot_waypoints": 9}}
{"target": -546.4080929300716, "params": {"k_pid_pos": [1.1192012178378687, 0.8513734434607821, 0.5317276821348728], "k_pid_alt": [0.8134764170699336, 0.7653898803867196, 0.18015649076557483], "k_pid_att": [6.814495431935019, 4.679974026534631, 0.7951311256251473], "k_pid_yaw": [0.5, 1e-06, 0.1], "k_pid_hsp": [0.9932461665033844, 0.09669321602226866, 0.07120308032670664], "k_pid_vsp": [320.8428641683661, 397.0287750584553, 248.57614580728247]}, "datetime": {"datetime": "2025-08-11 21:20:13", "elapsed": 17692.912765979767, "delta": 32.58506989479065}, "costs": {"total_cost": 546.4080929300716, "time_cost": 150, "final_distance_cost": 38.994866022223185, "oscillation_cost": 116.94147811164336, "completition_cost": 111.11111111111116, "overshoot_cost": 70.94023197141296, "power_cost": 28.959160791015627, "noise_cost": 29.461244922665273, "n_waypoints_completed": 8, "tot_waypoints": 9}}
{"target": -1446.0328408743678, "params": {"k_pid_pos": [1.331185097532116, 0.5794531770750818, 0.9616986314398427], "k_pid_alt": [1.576203207365176, 0.0067714081847531915, 0.5293282793915803], "k_pid_att": [15.946432668566324, 9.36750959617204, 0.5106206622074307], "k_pid_yaw": [0.5, 1e-06, 0.1], "k_pid_hsp": [2.790320819461573, 0.5266673516009569, 0.004542688460319244], "k_pid_vsp": [50.41728972049282, 346.17468998931713, 154.5393765155755]}, "datetime": {"datetime": "2025-08-11 21:20:46", "elapsed": 17725.611160755157, "delta": 32.698394775390625}, "costs": {"total_cost": 1446.0328408743678, "time_cost": 150, "final_distance_cost": 0.9990702142435033, "oscillation_cost": 18.018369884690426, "completition_cost": 1000.0, "overshoot_cost": 153.93784659269343, "power_cost": 29.040941027832034, "noise_cost": 94.03661315490825, "n_waypoints_completed": 0, "tot_waypoints": 9}}
{"target": -1113.1981173427052, "params": {"k_pid_pos": [0.2224312687046896, 0.44804605682191934, 0.3966090476334031], "k_pid_alt": [1.1765894786452569, 0.4021914405418341, 0.729303910388988], "k_pid_att": [9.321858926265158, 7.307739694270662, 0.20088803241442998], "k_pid_yaw": [0.5, 1e-06, 0.1], "k_pid_hsp": [5.359550687562926, 0.4735369339123866, 0.45072512398349474], "k_pid_vsp": [309.73532081340835, 385.327213960144, 237.92996513115247]}, "datetime": {"datetime": "2025-08-11 21:21:19", "elapsed": 17758.545955181122, "delta": 32.934794425964355}, "costs": {"total_cost": 1113.1981173427052, "time_cost": 150, "final_distance_cost": 51.33043227213875, "oscillation_cost": 357.29493772310593, "completition_cost": 444.4444444444444, "overshoot_cost": 51.83257124681893, "power_cost": 30.738784814453126, "noise_cost": 27.556946841744253, "n_waypoints_completed": 5, "tot_waypoints": 9}}
{"target": -747.06720518728, "params": {"k_pid_pos": [0.31797310101018894, 0.853166442916501, 0.13788940786379766], "k_pid_alt": [1.8831620940620897, 0.6556685020957146, 0.22206652349764444], "k_pid_att": [49.586416518647894, 0.26737357360398095, 0.8381683942987073], "k_pid_yaw": [0.5, 1e-06, 0.1], "k_pid_hsp": [5.466441233888742, 0.7258358288738846, 0.3071435226668944], "k_pid_vsp": [201.10503266330238, 231.4230028370069, 128.95888611351364]}, "datetime": {"datetime": "2025-08-11 21:21:51", "elapsed": 17790.899385929108, "delta": 32.35343074798584}, "costs": {"total_cost": 747.06720518728, "time_cost": 150, "final_distance_cost": 75.15982033509071, "oscillation_cost": 179.6851871538993, "completition_cost": 222.2222222222222, "overshoot_cost": 53.291440315455795, "power_cost": 36.54528698730469, "noise_cost": 30.163248173307274, "n_waypoints_completed": 7, "tot_waypoints": 9}}
{"target": -1793.7059616393994, "params": {"k_pid_pos": [1.7111042306253705, 0.942336944885294, 0.9244083110858705], "k_pid_alt": [1.1470759331482787, 0.13822759148888286, 0.5732198717072066], "k_pid_att": [1.7515684456028247, 7.846646646946581, 0.32171561687429684], "k_pid_yaw": [0.5, 1e-06, 0.1], "k_pid_hsp": [3.6324218628625147, 0.947482069423368, 0.7936736787359111], "k_pid_vsp": [191.9413272475555, 319.4298570289367, 18.886478817922868]}, "datetime": {"datetime": "2025-08-11 21:22:23", "elapsed": 17822.928582429886, "delta": 32.0291965007782}, "costs": {"total_cost": 1793.7059616393994, "time_cost": 150, "final_distance_cost": 91.88040130964104, "oscillation_cost": 567.2073541548751, "completition_cost": 777.7777777777778, "overshoot_cost": 122.66330859711815, "power_cost": 47.88401092529297, "noise_cost": 36.293108874694056, "n_waypoints_completed": 2, "tot_waypoints": 9}}
{"target": -598.9554132711424, "params": {"k_pid_pos": [1.1989869344751993, 0.4893242481689086, 0.621617218226276], "k_pid_alt": [1.4096377036889545, 0.11655874069964228, 0.1258355219138449], "k_pid_att": [38.971514259112, 1.1173306377189152, 0.5209393744499853], "k_pid_yaw": [0.5, 1e-06, 0.1], "k_pid_hsp": [5.903574267180202, 0.47611647084525605, 0.3072849321589412], "k_pid_vsp": [201.8628794848582, 245.78663388289388, 124.83483648930091]}, "datetime": {"datetime": "2025-08-11 21:22:53", "elapsed": 17852.965209007263, "delta": 30.03662657737732}, "costs": {"total_cost": 598.9554132711424, "time_cost": 111.041, "final_distance_cost": 1.7476342343339613, "oscillation_cost": 374.4324504088034, "completition_cost": 0.0, "overshoot_cost": 53.51537968477169, "power_cost": 31.525046386718753, "noise_cost": 26.693902556514683, "n_waypoints_completed": 9, "tot_waypoints": 9}}
{"target": -810.3164579032621, "params": {"k_pid_pos": [0.7212117631609085, 0.6192479208176919, 0.25958590194562337], "k_pid_alt": [1.6822392287419468, 0.5407119131063912, 0.13943672082662972], "k_pid_att": [97.39336938605989, 7.535988411430813, 0.1646592498287346], "k_pid_yaw": [0.5, 1e-06, 0.1], "k_pid_hsp": [4.074694866495881, 0.24853116496882155, 0.49550525812276214], "k_pid_vsp": [167.4016258456688, 117.02866400805046, 10.14613878581107]}, "datetime": {"datetime": "2025-08-11 21:23:25", "elapsed": 17884.935614347458, "delta": 31.970405340194702}, "costs": {"total_cost": 810.3164579032621, "time_cost": 150, "final_distance_cost": 52.56402726956673, "oscillation_cost": 371.4976864711286, "completition_cost": 111.11111111111116, "overshoot_cost": 58.35933596521411, "power_cost": 35.70743524169922, "noise_cost": 31.076861844542236, "n_waypoints_completed": 8, "tot_waypoints": 9}}
{"target": -501.0169252168055, "params": {"k_pid_pos": [2.0, 0.0, 0.7082559159173567], "k_pid_alt": [1.569149611448981, 1.0, 0.4590246367575867], "k_pid_att": [31.864690052999762, 6.645893817088182, 0.10306283430711215], "k_pid_yaw": [0.5, 1e-06, 0.1], "k_pid_hsp": [10.0, 0.0, 1.0], "k_pid_vsp": [219.14244897742185, 278.64945060388976, 62.27058085258113]}, "datetime": {"datetime": "2025-08-11 21:23:50", "elapsed": 17909.9201233387, "delta": 24.984508991241455}, "costs": {"total_cost": 501.0169252168055, "time_cost": 86.73, "final_distance_cost": 1.7491620062948714, "oscillation_cost": 310.36394557050653, "completition_cost": 0.0, "overshoot_cost": 55.93819660050971, "power_cost": 24.901542541503908, "noise_cost": 21.334078497990532, "n_waypoints_completed": 9, "tot_waypoints": 9}}
{"target": -1584.9056207011622, "params": {"k_pid_pos": [0.08189266946244518, 1.0, 1.0], "k_pid_alt": [0.0, 0.4653114763839261, 0.0], "k_pid_att": [39.961079115635265, 5.967218670915013, 0.0], "k_pid_yaw": [0.5, 1e-06, 0.1], "k_pid_hsp": [3.511735909332188, 1.0, 0.41021803377570715], "k_pid_vsp": [278.85351966343364, 353.9956620784653, 23.48350146263676]}, "datetime": {"datetime": "2025-08-11 21:24:23", "elapsed": 17942.670072317123, "delta": 32.74994897842407}, "costs": {"total_cost": 1584.9056207011622, "time_cost": 150, "final_distance_cost": 76.91749024339336, "oscillation_cost": 348.6014664511377, "completition_cost": 888.8888888888888, "overshoot_cost": 55.80189799735572, "power_cost": 35.401985900878906, "noise_cost": 29.29389121950778, "n_waypoints_completed": 1, "tot_waypoints": 9}}
{"target": -381.9394024002458, "params": {"k_pid_pos": [1.605142516070343, 0.9053778016697951, 0.8170503964189755], "k_pid_alt": [1.970633622440705, 0.024383062942401553, 0.7963398355535531], "k_pid_att": [34.46442273720486, 0.15086735407772045, 0.578666495069807], "k_pid_yaw": [0.5, 1e-06, 0.1], "k_pid_hsp": [6.384454415733251, 0.9317891964064646, 0.22772080767088768], "k_pid_vsp": [229.72152096189922, 23.47977790647746, 45.31488770319985]}, "datetime": {"datetime": "2025-08-11 21:24:45", "elapsed": 17965.00433945656, "delta": 22.334267139434814}, "costs": {"total_cost": 381.9394024002458, "time_cost": 81.718, "final_distance_cost": 1.7829926923849038, "oscillation_cost": 199.4171409496019, "completition_cost": 0.0, "overshoot_cost": 54.1386346324214, "power_cost": 24.311182885742188, "noise_cost": 20.571451240095396, "n_waypoints_completed": 9, "tot_waypoints": 9}}
