{"target": -950.0776039772736, "params": {"k_pid_pos": [0.8981683581761593, 0.7576372739593276, 0.011007886355545837], "k_pid_alt": [0.16753559341781976, 0.18472448379048056, 0.2154630169164995], "k_pid_att": [7.042422202503252, 4.263703747041141, 0.06782632392520094], "k_pid_yaw": [0.5, 1e-06, 0.1], "k_pid_hsp": [9.071951033923941, 0.7009551511637793, 0.054789838057340945], "k_pid_vsp": [325.93798155932575, 394.6253411479143, 244.77159665151933]}, "datetime": {"datetime": "2025-08-12 03:10:45", "elapsed": 38724.394314050674, "delta": 35.314292907714844}, "costs": {"total_cost": 950.0776039772736, "time_cost": 150, "final_distance_cost": 65.76259497474747, "oscillation_cost": 277.17388099324535, "completition_cost": 333.33333333333337, "overshoot_cost": 58.41139350364459, "power_cost": 33.91866007080078, "noise_cost": 31.477741101502083, "n_waypoints_completed": 6, "tot_waypoints": 9}}
{"target": -491.0797946430282, "params": {"k_pid_pos": [0.6343521642628576, 0.08161163359694334, 0.9538119138214914], "k_pid_alt": [1.4690433003645962, 0.41249151561683506, 0.24326201011205106], "k_pid_att": [22.35948103008589, 3.219868133008604, 0.8868067345076541], "k_pid_yaw": [0.5, 1e-06, 0.1], "k_pid_hsp": [8.398408352575844, 0.5877224544226521, 0.8684640750932682], "k_pid_vsp": [305.77687188461675, 317.3478898826545, 168.90776561384519]}, "datetime": {"datetime": "2025-08-12 03:11:15", "elapsed": 38755.330624103546, "delta": 30.936310052871704}, "costs": {"total_cost": 491.0797946430282, "time_cost": 89.474, "final_distance_cost": 1.8140123803407513, "oscillation_cost": 299.16063984330435, "completition_cost": 0.0, "overshoot_cost": 55.91282823994045, "power_cost": 23.242943017578128, "noise_cost": 21.475371161864537, "n_waypoints_completed": 9, "tot_waypoints": 9}}
{"target": -1782.5397679430423, "params": {"k_pid_pos": [2.0, 1.0, 1.0], "k_pid_alt": [0.0, 0.0, 1.0], "k_pid_att": [25.47022103015378, 3.5929198457255636, 1.0], "k_pid_yaw": [0.5, 1e-06, 0.1], "k_pid_hsp": [3.1333503719887617, 0.0, 1.0], "k_pid_vsp": [222.0850519236149, 334.3863621716063, 136.14957590297644]}, "datetime": {"datetime": "2025-08-12 03:11:52", "elapsed": 38791.45373082161, "delta": 36.123106718063354}, "costs": {"total_cost": 1782.5397679430423, "time_cost": 150, "final_distance_cost": 4.958970255859511, "oscillation_cost": 309.91205539853246, "completition_cost": 1000.0, "overshoot_cost": 163.00655443444262, "power_cost": 31.767248535156252, "noise_cost": 122.89493931905153, "n_waypoints_completed": 0, "tot_waypoints": 9}}
{"target": -584.4525904166635, "params": {"k_pid_pos": [1.5281765263996903, 0.45926103432887233, 0.7201127640466375], "k_pid_alt": [1.1813449601612744, 0.831448835289411, 0.3084977204274515], "k_pid_att": [37.1706392799241, 4.976644723168277, 0.3819558240391291], "k_pid_yaw": [0.5, 1e-06, 0.1], "k_pid_hsp": [2.099180888805927, 0.5462940095546214, 0.0943229535455058], "k_pid_vsp": [336.45954278065744, 281.71060995705096, 244.30591332214306]}, "datetime": {"datetime": "2025-08-12 03:12:24", "elapsed": 38824.330773591995, "delta": 32.87704277038574}, "costs": {"total_cost": 584.4525904166635, "time_cost": 110.53, "final_distance_cost": 1.783780725838699, "oscillation_cost": 348.2073571944165, "completition_cost": 0.0, "overshoot_cost": 64.83754808046895, "power_cost": 32.324679174804686, "noise_cost": 26.769225241134656, "n_waypoints_completed": 9, "tot_waypoints": 9}}
{"target": -663.3993207464886, "params": {"k_pid_pos": [1.1526221479793137, 0.6258104017457319, 0.13954636628914263], "k_pid_alt": [0.02205869007143524, 0.44496791670850133, 0.018737088841547234], "k_pid_att": [6.326309321993384, 9.24271152907474, 0.6767238061435386], "k_pid_yaw": [0.5, 1e-06, 0.1], "k_pid_hsp": [8.567867322227736, 0.3135838999337184, 0.5425515106379293], "k_pid_vsp": [294.0204779756165, 351.82259005336573, 97.23080780693245]}, "datetime": {"datetime": "2025-08-12 03:13:05", "elapsed": 38865.290982961655, "delta": 40.960209369659424}, "costs": {"total_cost": 663.3993207464886, "time_cost": 150, "final_distance_cost": 53.18587461432458, "oscillation_cost": 218.31485552682858, "completition_cost": 111.11111111111116, "overshoot_cost": 66.73578364970446, "power_cost": 33.45034747314453, "noise_cost": 30.601348371375256, "n_waypoints_completed": 8, "tot_waypoints": 9}}
{"target": -398.9651549871908, "params": {"k_pid_pos": [1.4749453937254258, 0.586986585062484, 0.8576096444818216], "k_pid_alt": [1.0181402719855444, 0.7999941259762273, 0.5891961004206655], "k_pid_att": [3.8247854152650973, 8.510953248872644, 0.5788717584083877], "k_pid_yaw": [0.5, 1e-06, 0.1], "k_pid_hsp": [1.7082600903029423, 0.3857196016960083, 0.12882222322508308], "k_pid_vsp": [71.52259989339487, 345.138312024156, 144.63175599617944]}, "datetime": {"datetime": "2025-08-12 03:13:39", "elapsed": 38899.35429978371, "delta": 34.063316822052}, "costs": {"total_cost": 398.9651549871908, "time_cost": 109.767, "final_distance_cost": 1.7941610276453086, "oscillation_cost": 163.9044752660561, "completition_cost": 0.0, "overshoot_cost": 66.70350675873465, "power_cost": 29.488065954589846, "noise_cost": 27.30794598016493, "n_waypoints_completed": 9, "tot_waypoints": 9}}
{"target": -436.35780699563526, "params": {"k_pid_pos": [1.5941831855743793, 0.906768890939677, 0.8549502523590446], "k_pid_alt": [1.2000305874332318, 0.59528887400228, 0.07746963580699007], "k_pid_att": [36.27957121711971, 8.06481453543092, 0.9317197681702857], "k_pid_yaw": [0.5, 1e-06, 0.1], "k_pid_hsp": [9.158702131743054, 0.6017014346757453, 0.9395392378832952], "k_pid_vsp": [26.535893919504883, 397.9197670214421, 55.70691980946735]}, "datetime": {"datetime": "2025-08-12 03:14:09", "elapsed": 38929.30705690384, "delta": 29.952757120132446}, "costs": {"total_cost": 436.35780699563526, "time_cost": 85.98100000000001, "final_distance_cost": 1.7892904239463114, "oscillation_cost": 244.31869404741968, "completition_cost": 0.0, "overshoot_cost": 57.92451893587489, "power_cost": 25.23947138671875, "noise_cost": 21.10483220167555, "n_waypoints_completed": 9, "tot_waypoints": 9}}
{"target": -1017.8435372300643, "params": {"k_pid_pos": [0.07912630450644478, 0.24114355113280894, 0.027576285282005952], "k_pid_alt": [1.4772760996052685, 0.11045319479117721, 0.5393862734266102], "k_pid_att": [32.844787850841364, 1.1537340399948948, 0.8413490987434316], "k_pid_yaw": [0.5, 1e-06, 0.1], "k_pid_hsp": [7.335369167032341, 0.11498611299762118, 0.8789572985615475], "k_pid_vsp": [219.67418764293615, 28.263555968555806, 55.90626664910588]}, "datetime": {"datetime": "2025-08-12 03:14:44", "elapsed": 38964.050186634064, "delta": 34.74312973022461}, "costs": {"total_cost": 1017.8435372300643, "time_cost": 150, "final_distance_cost": 52.278656403788254, "oscillation_cost": 369.385818825895, "completition_cost": 333.33333333333337, "overshoot_cost": 53.95672300658238, "power_cost": 31.424465405273438, "noise_cost": 27.46454025519185, "n_waypoints_completed": 6, "tot_waypoints": 9}}
{"target": -443.98928425711296, "params": {"k_pid_pos": [1.5918376314467813, 0.29827891304835485, 0.7819398068966741], "k_pid_alt": [1.7979050947208184, 0.465386344939961, 0.081040011200049], "k_pid_att": [50.393169128735884, 4.266718384680976, 0.595578634241229], "k_pid_yaw": [0.5, 1e-06, 0.1], "k_pid_hsp": [6.5603707477059645, 0.7507087947927781, 0.1816207106934613], "k_pid_vsp": [208.19794135168456, 108.6342508566198, 37.72361746308156]}, "datetime": {"datetime": "2025-08-12 03:15:14", "elapsed": 38994.06603860855, "delta": 30.015851974487305}, "costs": {"total_cost": 443.98928425711296, "time_cost": 78.967, "final_distance_cost": 1.756940369588319, "oscillation_cost": 268.6456418052513, "completition_cost": 0.0, "overshoot_cost": 51.49592396984969, "power_cost": 23.166777087402345, "noise_cost": 19.957001025021352, "n_waypoints_completed": 9, "tot_waypoints": 9}}
{"target": -1175.4891118364271, "params": {"k_pid_pos": [0.35636116756520736, 0.9689412371992302, 0.8152682702284205], "k_pid_alt": [1.381317738840723, 0.08528620459697689, 0.4345642196747914], "k_pid_att": [19.537617104354332, 1.3062959744483982, 0.8495407636649626], "k_pid_yaw": [0.5, 1e-06, 0.1], "k_pid_hsp": [8.87907273732851, 0.10181810303180894, 0.8414207926782841], "k_pid_vsp": [284.76247466577297, 360.00296305517327, 96.39663590247807]}, "datetime": {"datetime": "2025-08-12 03:15:51", "elapsed": 39030.608036994934, "delta": 36.54199838638306}, "costs": {"total_cost": 1175.4891118364271, "time_cost": 150, "final_distance_cost": 46.39116167604412, "oscillation_cost": 315.97178069879766, "completition_cost": 555.5555555555555, "overshoot_cost": 47.038880526312724, "power_cost": 32.575772729492186, "noise_cost": 27.955960650224892, "n_waypoints_completed": 4, "tot_waypoints": 9}}
{"target": -794.3067808519666, "params": {"k_pid_pos": [1.4350197592340754, 0.7110341269347571, 0.7227727951348474], "k_pid_alt": [0.49795139427157364, 0.08643226560592898, 0.965207290400358], "k_pid_att": [2.6968953325938405, 5.763947727840749, 0.7387089640729053], "k_pid_yaw": [0.5, 1e-06, 0.1], "k_pid_hsp": [4.486958597042695, 0.698205877934204, 0.8913169225909393], "k_pid_vsp": [286.4016180470662, 364.64347694342223, 15.425674617451785]}, "datetime": {"datetime": "2025-08-12 03:16:30", "elapsed": 39069.59743952751, "delta": 38.989402532577515}, "costs": {"total_cost": 794.3067808519666, "time_cost": 150, "final_distance_cost": 56.02331772140386, "oscillation_cost": 227.65667026282637, "completition_cost": 222.2222222222222, "overshoot_cost": 77.57407925229057, "power_cost": 32.40432729492188, "noise_cost": 28.42616409830167, "n_waypoints_completed": 7, "tot_waypoints": 9}}
{"target": -1475.2582919622948, "params": {"k_pid_pos": [2.0, 0.0, 0.0], "k_pid_alt": [0.0, 0.0, 0.0], "k_pid_att": [36.95723513412143, 2.664532470427247, 0.0], "k_pid_yaw": [0.5, 1e-06, 0.1], "k_pid_hsp": [3.751357840028372, 0.0, 0.0], "k_pid_vsp": [62.031535662011386, 360.66522188988193, 91.95405163902207]}, "datetime": {"datetime": "2025-08-12 03:17:06", "elapsed": 39106.25328660011, "delta": 36.65584707260132}, "costs": {"total_cost": 1475.2582919622948, "time_cost": 150, "final_distance_cost": 1.0000000011439465, "oscillation_cost": 18.404174122683212, "completition_cost": 1000.0, "overshoot_cost": 163.05860970413727, "power_cost": 11.2799810546875, "noise_cost": 131.51552707964285, "n_waypoints_completed": 0, "tot_waypoints": 9}}
{"target": -308.95882022128956, "params": {"k_pid_pos": [1.1054019797909473, 0.8486520874008757, 0.6473623251674293], "k_pid_alt": [0.5349379314767104, 0.014467666659644163, 0.16168359483733574], "k_pid_att": [37.28264872146232, 5.201257556216, 0.2544994594648896], "k_pid_yaw": [0.5, 1e-06, 0.1], "k_pid_hsp": [5.004955300242365, 0.012931854234273898, 0.011095810505714954], "k_pid_vsp": [271.0899390724852, 320.1687065270689, 75.66827556107869]}, "datetime": {"datetime": "2025-08-12 03:17:35", "elapsed": 39134.92263698578, "delta": 28.669350385665894}, "costs": {"total_cost": 308.95882022128956, "time_cost": 90.657, "final_distance_cost": 1.7759370148713403, "oscillation_cost": 119.00056326149087, "completition_cost": 0.0, "overshoot_cost": 51.07193329619056, "power_cost": 23.92484686279297, "noise_cost": 22.528539785943867, "n_waypoints_completed": 9, "tot_waypoints": 9}}
{"target": -1181.1170168508095, "params": {"k_pid_pos": [0.349316326493243, 0.3118675930806295, 0.5618869341343118], "k_pid_alt": [0.8001217244375296, 0.6707106602728764, 0.26659290772932287], "k_pid_att": [27.935026991243806, 2.4473055809365483, 0.866930710443721], "k_pid_yaw": [0.5, 1e-06, 0.1], "k_pid_hsp": [1.080692274153987, 0.13910003517406966, 0.6427342617747516], "k_pid_vsp": [237.82026761878762, 318.4661256202431, 15.194812979946237]}, "datetime": {"datetime": "2025-08-12 03:18:14", "elapsed": 39173.46304655075, "delta": 38.540409564971924}, "costs": {"total_cost": 1181.1170168508095, "time_cost": 150, "final_distance_cost": 76.49247557205341, "oscillation_cost": 506.49513544207787, "completition_cost": 333.33333333333337, "overshoot_cost": 52.73857844846299, "power_cost": 32.62374479980469, "noise_cost": 29.43374925507719, "n_waypoints_completed": 6, "tot_waypoints": 9}}
{"target": -435.3095166234595, "params": {"k_pid_pos": [1.0360758491269397, 0.8069602100683235, 0.3218293578216107], "k_pid_alt": [1.0621409536701214, 0.03573988700225739, 0.7296912100390149], "k_pid_att": [45.25444043927723, 7.083573083295895, 0.07553712128373435], "k_pid_yaw": [0.5, 1e-06, 0.1], "k_pid_hsp": [0.8750115913724053, 0.7057261918243571, 0.4440269259203433], "k_pid_vsp": [125.73083413950567, 101.53386412567315, 51.94095599248608]}, "datetime": {"datetime": "2025-08-12 03:18:48", "elapsed": 39207.99323177338, "delta": 34.53018522262573}, "costs": {"total_cost": 435.3095166234595, "time_cost": 113.58200000000001, "final_distance_cost": 1.7626010443705755, "oscillation_cost": 157.69699009205817, "completition_cost": 0.0, "overshoot_cost": 95.14649009380199, "power_cost": 35.27659436035157, "noise_cost": 31.844841032877188, "n_waypoints_completed": 9, "tot_waypoints": 9}}
{"target": -578.3204036677697, "params": {"k_pid_pos": [1.6191507905040925, 0.38100253742289886, 0.2722005354790634], "k_pid_alt": [1.387729200902796, 0.3945531258657409, 0.49830253481458575], "k_pid_att": [91.18833232857878, 5.830612598564039, 0.6852997429129043], "k_pid_yaw": [0.5, 1e-06, 0.1], "k_pid_hsp": [6.643622655604563, 0.6561890449901125, 0.7863720550537002], "k_pid_vsp": [384.6911173999102, 378.0273448109562, 389.0679329595792]}, "datetime": {"datetime": "2025-08-12 03:19:27", "elapsed": 39246.95419764519, "delta": 38.96096587181091}, "costs": {"total_cost": 578.3204036677697, "time_cost": 105.56, "final_distance_cost": 1.7962576580949805, "oscillation_cost": 347.85932232960425, "completition_cost": 0.0, "overshoot_cost": 64.14121409039244, "power_cost": 32.56197863769531, "noise_cost": 26.401630951982717, "n_waypoints_completed": 9, "tot_waypoints": 9}}
{"target": -1086.6690207676004, "params": {"k_pid_pos": [1.4386571134448114, 0.7658427693516586, 0.0325013321824118], "k_pid_alt": [0.28757275421870965, 0.41041631180465443, 0.6601637489928501], "k_pid_att": [30.72060723103811, 1.292556561883287, 0.6971306315788381], "k_pid_yaw": [0.5, 1e-06, 0.1], "k_pid_hsp": [2.326062668865224, 0.7549098767271418, 0.5056749427809296], "k_pid_vsp": [188.83161849997242, 316.5170063320423, 241.4985114686877]}, "datetime": {"datetime": "2025-08-12 03:20:06", "elapsed": 39285.51122689247, "delta": 38.557029247283936}, "costs": {"total_cost": 1086.6690207676004, "time_cost": 150, "final_distance_cost": 57.54330128313769, "oscillation_cost": 165.7440684778977, "completition_cost": 555.5555555555555, "overshoot_cost": 88.13630206322846, "power_cost": 36.647177124023436, "noise_cost": 33.04261626375754, "n_waypoints_completed": 4, "tot_waypoints": 9}}
{"target": -399.5576959652728, "params": {"k_pid_pos": [1.9389450035136526, 1.0, 0.6162815083244388], "k_pid_alt": [2.0, 0.5126961369065789, 0.8892888199861201], "k_pid_att": [38.96266369547745, 2.7360522151793565, 1.0], "k_pid_yaw": [0.5, 1e-06, 0.1], "k_pid_hsp": [8.591623206915036, 0.9002809266107648, 0.18035186993514712], "k_pid_vsp": [230.3301199752701, 23.268739453844415, 46.11157212748894]}, "datetime": {"datetime": "2025-08-12 03:20:36", "elapsed": 39315.71905565262, "delta": 30.207828760147095}, "costs": {"total_cost": 399.5576959652728, "time_cost": 95.032, "final_distance_cost": 1.766581209989352, "oscillation_cost": 192.2049196176645, "completition_cost": 0.0, "overshoot_cost": 57.78887940837407, "power_cost": 28.257581579589846, "noise_cost": 24.507734149654983, "n_waypoints_completed": 9, "tot_waypoints": 9}}
{"target": -332.37492054441145, "params": {"k_pid_pos": [1.059586094617539, 0.1300799814465762, 0.0], "k_pid_alt": [1.419535117726942, 1.0, 0.0], "k_pid_att": [5.338618670132975, 2.1998393550219486, 0.9584863812012532], "k_pid_yaw": [0.5, 1e-06, 0.1], "k_pid_hsp": [3.4290849750902006, 0.794338357059783, 0.5481851939892574], "k_pid_vsp": [240.72872304127134, 268.49089728172964, 17.911906134311565]}, "datetime": {"datetime": "2025-08-12 03:21:07", "elapsed": 39347.15872502327, "delta": 31.439669370651245}, "costs": {"total_cost": 332.37492054441145, "time_cost": 92.078, "final_distance_cost": 1.7425251325375295, "oscillation_cost": 132.23085680413146, "completition_cost": 0.0, "overshoot_cost": 57.764129823563884, "power_cost": 25.712595446777346, "noise_cost": 22.84681333740121, "n_waypoints_completed": 9, "tot_waypoints": 9}}
{"target": -458.1073189371426, "params": {"k_pid_pos": [1.8332564897322317, 0.2533611072860332, 0.13044264067204236], "k_pid_alt": [1.3732897980073455, 0.7296902325732186, 0.6707023995877753], "k_pid_att": [45.852042747576704, 6.413793544849276, 0.11844060569534942], "k_pid_yaw": [0.5, 1e-06, 0.1], "k_pid_hsp": [2.141405644353751, 0.5940313787923149, 0.4239577504797807], "k_pid_vsp": [231.05099023738137, 324.65858725387886, 17.755714614278887]}, "datetime": {"datetime": "2025-08-12 03:21:37", "elapsed": 39377.09811902046, "delta": 29.939393997192383}, "costs": {"total_cost": 458.1073189371426, "time_cost": 96.83800000000001, "final_distance_cost": 1.7740671887299024, "oscillation_cost": 245.41886394986417, "completition_cost": 0.0, "overshoot_cost": 58.570770267223544, "power_cost": 28.576205786132814, "noise_cost": 26.929411745192166, "n_waypoints_completed": 9, "tot_waypoints": 9}}
{"target": -659.2265692055333, "params": {"k_pid_pos": [1.646293489211143, 0.845663562742174, 0.4358050828197779], "k_pid_alt": [0.2352629688821115, 0.1514102058716379, 0.14469720166715705], "k_pid_att": [3.2148839487886716, 3.2771812377468112, 0.1009020257597425], "k_pid_yaw": [0.5, 1e-06, 0.1], "k_pid_hsp": [5.188939724735308, 0.23876959331412084, 0.36791239164233325], "k_pid_vsp": [253.75365558437545, 277.50880174587684, 12.379768414468113]}, "datetime": {"datetime": "2025-08-12 03:22:15", "elapsed": 39414.685430049896, "delta": 37.587311029434204}, "costs": {"total_cost": 659.2265692055333, "time_cost": 150, "final_distance_cost": 48.38960161614805, "oscillation_cost": 228.10641229853547, "completition_cost": 111.11111111111116, "overshoot_cost": 58.147801842918156, "power_cost": 32.63254538574219, "noise_cost": 30.839096951078194, "n_waypoints_completed": 8, "tot_waypoints": 9}}
{"target": -671.4744098524272, "params": {"k_pid_pos": [1.133389912434508, 0.2013413705643684, 0.5827848642894511], "k_pid_alt": [0.9265405995100926, 0.6299254312119629, 0.7800966166471083], "k_pid_att": [50.82910953577733, 4.934027434596404, 0.13481631873507893], "k_pid_yaw": [0.5, 1e-06, 0.1], "k_pid_hsp": [6.108680952847972, 0.9772624411593975, 0.83591295737526], "k_pid_vsp": [238.67906192205214, 69.31054651204322, 158.88003839286284]}, "datetime": {"datetime": "2025-08-12 03:22:55", "elapsed": 39454.72367978096, "delta": 40.03824973106384}, "costs": {"total_cost": 671.4744098524272, "time_cost": 113.659, "final_distance_cost": 1.7651847987782041, "oscillation_cost": 433.43506892726623, "completition_cost": 0.0, "overshoot_cost": 61.42297233367451, "power_cost": 32.84571396484375, "noise_cost": 28.34646982786458, "n_waypoints_completed": 9, "tot_waypoints": 9}}
{"target": -411.5402185894902, "params": {"k_pid_pos": [1.7510395905858367, 0.14443813059740962, 0.9345497409119401], "k_pid_alt": [0.29533857683099973, 0.5681983384439274, 0.5333681197178964], "k_pid_att": [29.41707172898973, 4.174368833029486, 0.4577798598712616], "k_pid_yaw": [0.5, 1e-06, 0.1], "k_pid_hsp": [9.300588057303687, 0.33684379353405736, 0.003005041389112506], "k_pid_vsp": [274.15958803916214, 316.9780618973195, 78.19245435189447]}, "datetime": {"datetime": "2025-08-12 03:23:25", "elapsed": 39485.027539253235, "delta": 30.30385947227478}, "costs": {"total_cost": 411.5402185894902, "time_cost": 95.858, "final_distance_cost": 1.7684416374980532, "oscillation_cost": 206.53096701328136, "completition_cost": 0.0, "overshoot_cost": 59.572280434740925, "power_cost": 24.91754591064453, "noise_cost": 22.89298359332533, "n_waypoints_completed": 9, "tot_waypoints": 9}}
{"target": -842.6265338436316, "params": {"k_pid_pos": [0.8620745207979184, 0.5103869779037088, 0.21036414651798652], "k_pid_alt": [0.31822689779387314, 0.04700811653101489, 0.2818491139305852], "k_pid_att": [33.45762169273391, 0.03962440115151426, 0.6943841259641639], "k_pid_yaw": [0.5, 1e-06, 0.1], "k_pid_hsp": [0.48996151781576897, 0.5117551618217282, 0.5123975461087605], "k_pid_vsp": [221.02504155106422, 9.599273396600477, 44.21324251781992]}, "datetime": {"datetime": "2025-08-12 03:24:04", "elapsed": 39524.16947603226, "delta": 39.14193677902222}, "costs": {"total_cost": 842.6265338436316, "time_cost": 150, "final_distance_cost": 57.75962890122215, "oscillation_cost": 163.61562525693304, "completition_cost": 333.33333333333337, "overshoot_cost": 70.36610053049351, "power_cost": 37.20060885009766, "noise_cost": 30.35123697155187, "n_waypoints_completed": 6, "tot_waypoints": 9}}
{"target": -1431.0043180094128, "params": {"k_pid_pos": [0.15407313859148655, 0.8149929890673355, 0.38939324337575487], "k_pid_alt": [0.3944174941936147, 0.7796730918272864, 0.44754625728904396], "k_pid_att": [42.56003325604764, 5.069116076655378, 0.1669262414362167], "k_pid_yaw": [0.5, 1e-06, 0.1], "k_pid_hsp": [6.9559212802248, 0.1803830199059313, 0.2917972156054973], "k_pid_vsp": [215.83345057416966, 234.8808058368158, 129.333081876093]}, "datetime": {"datetime": "2025-08-12 03:24:40", "elapsed": 39559.74768066406, "delta": 35.57820463180542}, "costs": {"total_cost": 1431.0043180094128, "time_cost": 150, "final_distance_cost": 92.59527365823836, "oscillation_cost": 294.9692102769638, "completition_cost": 777.7777777777778, "overshoot_cost": 51.02127153933854, "power_cost": 35.98900634765625, "noise_cost": 28.651778409438013, "n_waypoints_completed": 2, "tot_waypoints": 9}}
