{"target": -521.5165316117779, "params": {"k_pid_pos": [1.0588200814643767, 0.6723776238400766, 0.8180096109294973], "k_pid_alt": [0.368305905762325, 0.7009438527653352, 0.14109436065409664], "k_pid_att": [6.7388554950440716, 3.421315376768189, 0.22680762149428768], "k_pid_yaw": [0.5, 1e-06, 0.1], "k_pid_hsp": [9.022893983980982, 0.37082766463453354, 0.762979127884893], "k_pid_vsp": [243.3899085949943, 271.4175525476143, 32.939057185697344]}, "datetime": {"datetime": "2025-08-11 22:40:14", "elapsed": 22494.034187078476, "delta": 30.86365842819214}, "costs": {"total_cost": 521.5165316117779, "time_cost": 113.757, "final_distance_cost": 1.797987840020223, "oscillation_cost": 284.8994925500504, "completition_cost": 0.0, "overshoot_cost": 63.62561352863456, "power_cost": 29.25170426025391, "noise_cost": 28.184733432818717, "n_waypoints_completed": 9, "tot_waypoints": 9}}
{"target": -234.93919291590518, "params": {"k_pid_pos": [2.0, 0.14579452288027187, 0.0], "k_pid_alt": [2.0, 0.0, 0.0], "k_pid_att": [39.75873660697099, 0.0001, 0.31948569335115096], "k_pid_yaw": [0.5, 1e-06, 0.1], "k_pid_hsp": [6.113898255055971, 0.0, 0.0], "k_pid_vsp": [269.17320939878806, 304.38764004511245, 73.92891697164295]}, "datetime": {"datetime": "2025-08-11 22:40:36", "elapsed": 22515.596073150635, "delta": 21.561886072158813}, "costs": {"total_cost": 234.93919291590518, "time_cost": 69.083, "final_distance_cost": 1.7499902536697518, "oscillation_cost": 75.95297468458948, "completition_cost": 0.0, "overshoot_cost": 51.39981948812447, "power_cost": 19.356539965820314, "noise_cost": 17.396868523701194, "n_waypoints_completed": 9, "tot_waypoints": 9}}
{"target": -864.1112459733673, "params": {"k_pid_pos": [2.0, 1.0, 0.490465274774678], "k_pid_alt": [0.7368325027844366, 1.0, 1.0], "k_pid_att": [35.8377998444238, 3.8828870623518354, 1.0], "k_pid_yaw": [0.5, 1e-06, 0.1], "k_pid_hsp": [8.07933251124659, 1.0, 1.0], "k_pid_vsp": [235.44444700454858, 325.9199300344056, 21.31935723331067]}, "datetime": {"datetime": "2025-08-11 22:41:10", "elapsed": 22549.429287433624, "delta": 33.8332142829895}, "costs": {"total_cost": 864.1112459733673, "time_cost": 150, "final_distance_cost": 66.22646813474593, "oscillation_cost": 186.72525110235853, "completition_cost": 333.33333333333337, "overshoot_cost": 60.40672258535648, "power_cost": 36.92447760009766, "noise_cost": 30.49499321747536, "n_waypoints_completed": 6, "tot_waypoints": 9}}
{"target": -455.14923290872247, "params": {"k_pid_pos": [1.0941377043722318, 0.2582746289383606, 0.3113360858008202], "k_pid_alt": [1.9376159652260447, 0.3209507785444239, 0.5545997870065971], "k_pid_att": [22.166220819481207, 1.8236327228360087, 0.335574798487138], "k_pid_yaw": [0.5, 1e-06, 0.1], "k_pid_hsp": [7.340384155462507, 0.7644247169881508, 0.6970685949200458], "k_pid_vsp": [226.33736206850452, 29.555245975911806, 32.96641759553619]}, "datetime": {"datetime": "2025-08-11 22:41:33", "elapsed": 22572.68160223961, "delta": 23.252314805984497}, "costs": {"total_cost": 455.14923290872247, "time_cost": 81.921, "final_distance_cost": 1.7536577714558717, "oscillation_cost": 276.00514378583625, "completition_cost": 0.0, "overshoot_cost": 52.758978784053056, "power_cost": 22.260371435546876, "noise_cost": 20.450081131830405, "n_waypoints_completed": 9, "tot_waypoints": 9}}
{"target": -1609.2727671371529, "params": {"k_pid_pos": [1.52406965404161, 0.663197007672405, 0.9558519104856045], "k_pid_alt": [0.0, 0.011447334944877808, 0.20937927499806594], "k_pid_att": [36.58016183539299, 1.6254866337714895, 0.0024370650282656897], "k_pid_yaw": [0.5, 1e-06, 0.1], "k_pid_hsp": [0.1664433429505285, 1.0, 0.00405376348858538], "k_pid_vsp": [340.54415505301074, 289.63216571879605, 246.07191784495075]}, "datetime": {"datetime": "2025-08-11 22:42:06", "elapsed": 22605.983640670776, "delta": 33.3020384311676}, "costs": {"total_cost": 1609.2727671371529, "time_cost": 150, "final_distance_cost": 1.5483602589355112, "oscillation_cost": 150.24126793724668, "completition_cost": 1000.0, "overshoot_cost": 163.24987363616955, "power_cost": 30.528731115722657, "noise_cost": 113.70453418907864, "n_waypoints_completed": 0, "tot_waypoints": 9}}
{"target": -424.2196462017978, "params": {"k_pid_pos": [2.0, 0.0, 1.0], "k_pid_alt": [2.0, 0.0, 0.0], "k_pid_att": [52.349736647094076, 0.0001, 0.0], "k_pid_yaw": [0.5, 1e-06, 0.1], "k_pid_hsp": [7.146478816346722, 1.0, 0.0], "k_pid_vsp": [207.44075547426766, 233.43682648917294, 127.59953681210828]}, "datetime": {"datetime": "2025-08-11 22:42:28", "elapsed": 22627.570345401764, "delta": 21.58670473098755}, "costs": {"total_cost": 424.2196462017978, "time_cost": 70.938, "final_distance_cost": 1.8495858809866668, "oscillation_cost": 260.5533099554322, "completition_cost": 0.0, "overshoot_cost": 51.091074510375684, "power_cost": 20.906207360839844, "noise_cost": 18.881468494163386, "n_waypoints_completed": 9, "tot_waypoints": 9}}
{"target": -586.383083565939, "params": {"k_pid_pos": [0.5978735650728466, 0.7429655875573365, 0.0313386138679943], "k_pid_alt": [0.9209925240040633, 0.2855142600692232, 0.16945520391925495], "k_pid_att": [2.97233481585486, 2.5892218635850925, 0.21614227243306172], "k_pid_yaw": [0.5, 1e-06, 0.1], "k_pid_hsp": [6.392704230953839, 0.9324960932884039, 0.25816828531076863], "k_pid_vsp": [202.52702062893113, 329.7497294305696, 16.980212052583898]}, "datetime": {"datetime": "2025-08-11 22:43:03", "elapsed": 22663.289097309113, "delta": 35.71875190734863}, "costs": {"total_cost": 586.383083565939, "time_cost": 150, "final_distance_cost": 40.36215627901776, "oscillation_cost": 167.44446847210986, "completition_cost": 111.11111111111116, "overshoot_cost": 54.63439130684249, "power_cost": 32.787787536621096, "noise_cost": 30.043168860236683, "n_waypoints_completed": 8, "tot_waypoints": 9}}
{"target": -782.1931981754917, "params": {"k_pid_pos": [1.6541173231537543, 0.9190373420659759, 0.12361635164020301], "k_pid_alt": [1.0004081872009598, 0.8053627758117281, 0.11942945423937557], "k_pid_att": [44.222373202774314, 7.180319857805989, 0.44461412779786535], "k_pid_yaw": [0.5, 1e-06, 0.1], "k_pid_hsp": [9.169395859778463, 0.21809101987196933, 0.44898499163516714], "k_pid_vsp": [230.83452410748353, 17.071345182962666, 47.292296660026636]}, "datetime": {"datetime": "2025-08-11 22:43:40", "elapsed": 22699.723251342773, "delta": 36.43415403366089}, "costs": {"total_cost": 782.1931981754917, "time_cost": 150, "final_distance_cost": 58.855633654552186, "oscillation_cost": 226.33662298368222, "completition_cost": 222.2222222222222, "overshoot_cost": 57.22803587826393, "power_cost": 35.96628162841797, "noise_cost": 31.58440180835323, "n_waypoints_completed": 7, "tot_waypoints": 9}}
{"target": -1463.8074888229664, "params": {"k_pid_pos": [0.3412827267967212, 0.3811516421519354, 0.6661894491756319], "k_pid_alt": [0.5479391638263644, 0.6961854337576145, 0.722286698901439], "k_pid_att": [8.159143117494505, 6.530662063298984, 0.0220194364080043], "k_pid_yaw": [0.5, 1e-06, 0.1], "k_pid_hsp": [6.570862142675846, 0.2725016793379865, 0.5568747370315206], "k_pid_vsp": [287.08201492419636, 343.74925191846313, 136.3417879043669]}, "datetime": {"datetime": "2025-08-11 22:44:13", "elapsed": 22732.967452287674, "delta": 33.24420094490051}, "costs": {"total_cost": 1463.8074888229664, "time_cost": 150, "final_distance_cost": 51.52341611282902, "oscillation_cost": 489.86491737776885, "completition_cost": 666.6666666666667, "overshoot_cost": 45.753048024849406, "power_cost": 30.360922558593753, "noise_cost": 29.638518082258553, "n_waypoints_completed": 3, "tot_waypoints": 9}}
{"target": -1019.2963385383987, "params": {"k_pid_pos": [0.7876137576354514, 0.37867989726611495, 0.6850289675700082], "k_pid_alt": [0.2296480251074613, 0.07779369364890887, 0.5308927230029891], "k_pid_att": [52.57098095413434, 9.76927339477087, 0.701041717101304], "k_pid_yaw": [0.5, 1e-06, 0.1], "k_pid_hsp": [9.739908778284564, 0.6604881760915946, 0.9128281349274747], "k_pid_vsp": [119.10844518439797, 85.30842889457399, 49.287899781139856]}, "datetime": {"datetime": "2025-08-11 22:44:47", "elapsed": 22767.06933403015, "delta": 34.10188174247742}, "costs": {"total_cost": 1019.2963385383987, "time_cost": 150, "final_distance_cost": 66.22269703518013, "oscillation_cost": 470.9915483672548, "completition_cost": 222.2222222222222, "overshoot_cost": 47.737334194944886, "power_cost": 33.99374958496094, "noise_cost": 28.128787133835775, "n_waypoints_completed": 7, "tot_waypoints": 9}}
{"target": -868.6853958565088, "params": {"k_pid_pos": [1.0887899368328002, 0.24727227278873687, 0.11262376028577992], "k_pid_alt": [0.337973566540243, 0.7256277607383583, 0.31743723885910047], "k_pid_att": [34.70581896870629, 8.308244982458891, 0.1966012365668487], "k_pid_yaw": [0.5, 1e-06, 0.1], "k_pid_hsp": [5.457351341434714, 0.5864410801671631, 0.6725561349915323], "k_pid_vsp": [235.3808184701568, 15.216434775611456, 31.97272491392952]}, "datetime": {"datetime": "2025-08-11 22:45:20", "elapsed": 22799.963294506073, "delta": 32.89396047592163}, "costs": {"total_cost": 868.6853958565088, "time_cost": 150, "final_distance_cost": 44.94204855402221, "oscillation_cost": 434.205076812388, "completition_cost": 111.11111111111116, "overshoot_cost": 64.66041120610977, "power_cost": 34.93436120605469, "noise_cost": 28.832386966823005, "n_waypoints_completed": 8, "tot_waypoints": 9}}
{"target": -637.1338496134048, "params": {"k_pid_pos": [1.4200952240931106, 0.0, 0.26556406924878145], "k_pid_alt": [2.0, 1.0, 0.12812805199877295], "k_pid_att": [73.45417271114974, 2.4129817160636606, 0.0], "k_pid_yaw": [0.5, 1e-06, 0.1], "k_pid_hsp": [10.0, 0.0, 0.487232584898954], "k_pid_vsp": [233.29179915717987, 333.9695923952657, 260.2324284858763]}, "datetime": {"datetime": "2025-08-11 22:45:48", "elapsed": 22827.857513666153, "delta": 27.894219160079956}, "costs": {"total_cost": 637.1338496134048, "time_cost": 99.799, "final_distance_cost": 1.814277414021204, "oscillation_cost": 418.8431896604411, "completition_cost": 0.0, "overshoot_cost": 62.09057378666192, "power_cost": 30.076270422363283, "noise_cost": 24.510538329917136, "n_waypoints_completed": 9, "tot_waypoints": 9}}
{"target": -445.07852915400497, "params": {"k_pid_pos": [1.5815937679949446, 0.3627271986098071, 0.6065810486211929], "k_pid_alt": [1.3613963426843492, 0.8296288118614179, 0.09994142395325938], "k_pid_att": [15.986182617319091, 5.975132791835581, 0.5484043346179445], "k_pid_yaw": [0.5, 1e-06, 0.1], "k_pid_hsp": [6.417216372568858, 0.10514752417139983, 0.34089178939340564], "k_pid_vsp": [288.00753892760525, 353.0486311275212, 91.44829478843339]}, "datetime": {"datetime": "2025-08-11 22:46:16", "elapsed": 22855.42308330536, "delta": 27.565569639205933}, "costs": {"total_cost": 445.07852915400497, "time_cost": 95.172, "final_distance_cost": 1.7633695204910398, "oscillation_cost": 242.72709414896002, "completition_cost": 0.0, "overshoot_cost": 54.49755146985228, "power_cost": 26.051784826660157, "noise_cost": 24.866729188041436, "n_waypoints_completed": 9, "tot_waypoints": 9}}
{"target": -729.8579715827344, "params": {"k_pid_pos": [2.0, 1.0, 0.21463776189726608], "k_pid_alt": [1.4073337885450907, 1.0, 0.06512727157997635], "k_pid_att": [16.732199541953534, 5.208701953455713, 0.5963965896386749], "k_pid_yaw": [0.5, 1e-06, 0.1], "k_pid_hsp": [4.543157052646081, 0.60530779267367, 0.4381263538663435], "k_pid_vsp": [289.3328846196957, 354.7528298250204, 96.97813911179774]}, "datetime": {"datetime": "2025-08-11 22:46:49", "elapsed": 22888.561080932617, "delta": 33.1379976272583}, "costs": {"total_cost": 729.8579715827344, "time_cost": 150, "final_distance_cost": 63.386832770058035, "oscillation_cost": 153.3470103231962, "completition_cost": 222.2222222222222, "overshoot_cost": 72.65976076845993, "power_cost": 36.42830406494141, "noise_cost": 31.81384143385678, "n_waypoints_completed": 7, "tot_waypoints": 9}}
{"target": -429.7100522873533, "params": {"k_pid_pos": [1.3019685436517892, 0.8941610005766922, 1.0], "k_pid_alt": [2.0, 0.0, 1.0], "k_pid_att": [36.04077371018066, 2.5076931360703574, 1.0], "k_pid_yaw": [0.5, 1e-06, 0.1], "k_pid_hsp": [0.045885362267685754, 0.0, 0.0], "k_pid_vsp": [118.13962342179333, 380.67582420752035, 115.20739221987483]}, "datetime": {"datetime": "2025-08-11 22:47:21", "elapsed": 22921.134264469147, "delta": 32.57318353652954}, "costs": {"total_cost": 429.7100522873533, "time_cost": 150, "final_distance_cost": 10.3803024598384, "oscillation_cost": 33.85651157162148, "completition_cost": 111.11111111111116, "overshoot_cost": 65.59503381879078, "power_cost": 30.82268952636719, "noise_cost": 27.944403799624276, "n_waypoints_completed": 8, "tot_waypoints": 9}}
{"target": -833.3314910657824, "params": {"k_pid_pos": [1.4493320055539545, 0.23071708748281505, 0.18701389133571011], "k_pid_alt": [0.5111731461510658, 0.3720824828589486, 0.7623838787127595], "k_pid_att": [34.330286692309095, 8.185511347697842, 0.9580039261358999], "k_pid_yaw": [0.5, 1e-06, 0.1], "k_pid_hsp": [5.189732299844063, 0.11944617352503162, 0.7020518890635953], "k_pid_vsp": [221.91277208207953, 22.293898831082718, 28.99752023678439]}, "datetime": {"datetime": "2025-08-11 22:47:53", "elapsed": 22953.336512327194, "delta": 32.202247858047485}, "costs": {"total_cost": 833.3314910657824, "time_cost": 150, "final_distance_cost": 25.106333292504605, "oscillation_cost": 424.60927274116165, "completition_cost": 111.11111111111116, "overshoot_cost": 59.27130845273189, "power_cost": 34.21328817138672, "noise_cost": 29.020177296886327, "n_waypoints_completed": 8, "tot_waypoints": 9}}
{"target": -982.385310004254, "params": {"k_pid_pos": [1.5264838229371447, 0.7811451609041584, 0.2724161048651529], "k_pid_alt": [0.9670663179406236, 0.06735057975166991, 0.6613241046379001], "k_pid_att": [36.32042610379391, 5.822888492590606, 0.06227417579041128], "k_pid_yaw": [0.5, 1e-06, 0.1], "k_pid_hsp": [8.942496543186111, 0.03001708540121062, 0.8203105488171734], "k_pid_vsp": [228.5260096286081, 32.19143112179424, 34.71016482539294]}, "datetime": {"datetime": "2025-08-11 22:48:28", "elapsed": 22987.905289888382, "delta": 34.568777561187744}, "costs": {"total_cost": 982.385310004254, "time_cost": 150, "final_distance_cost": 65.65814914059634, "oscillation_cost": 432.18859613493936, "completition_cost": 222.2222222222222, "overshoot_cost": 46.30849484654505, "power_cost": 35.99658736572266, "noise_cost": 30.01126029422843, "n_waypoints_completed": 7, "tot_waypoints": 9}}
{"target": -296.6154529579608, "params": {"k_pid_pos": [1.8023972349020778, 0.32574939908693407, 0.3210586423120889], "k_pid_alt": [0.8467734688965335, 0.01572559268412709, 0.0], "k_pid_att": [6.157125353223882, 6.974803228353425, 0.8971622464866896], "k_pid_yaw": [0.5, 1e-06, 0.1], "k_pid_hsp": [7.434952894185563, 0.7680752017727169, 0.5756088979535628], "k_pid_vsp": [281.3581487998866, 363.16536488675695, 24.049764430333212]}, "datetime": {"datetime": "2025-08-11 22:48:51", "elapsed": 23011.21435070038, "delta": 23.30906081199646}, "costs": {"total_cost": 296.6154529579608, "time_cost": 78.848, "final_distance_cost": 1.7677218418032565, "oscillation_cost": 120.42848615704264, "completition_cost": 0.0, "overshoot_cost": 53.33683087635693, "power_cost": 21.80704461669922, "noise_cost": 20.42736946605879, "n_waypoints_completed": 9, "tot_waypoints": 9}}
{"target": -590.2732351201687, "params": {"k_pid_pos": [1.7348090911815237, 0.333947541687178, 0.9844936653651639], "k_pid_alt": [0.2763156130653661, 0.8601194763546147, 0.5926506143782501], "k_pid_att": [49.13873361710379, 8.707138326622841, 0.5718890127898104], "k_pid_yaw": [0.5, 1e-06, 0.1], "k_pid_hsp": [8.863026102424755, 0.4143556204235891, 0.023425560419620406], "k_pid_vsp": [126.08580177925539, 104.51448240484144, 57.0817954334632]}, "datetime": {"datetime": "2025-08-11 22:49:21", "elapsed": 23040.63396501541, "delta": 29.41961431503296}, "costs": {"total_cost": 590.2732351201687, "time_cost": 105.973, "final_distance_cost": 1.8001107838757664, "oscillation_cost": 364.17341792402664, "completition_cost": 0.0, "overshoot_cost": 63.84419734171166, "power_cost": 29.169537426757813, "noise_cost": 25.312971643796764, "n_waypoints_completed": 9, "tot_waypoints": 9}}
{"target": -653.160565406321, "params": {"k_pid_pos": [2.0, 0.47142094097723997, 0.5019416963107064], "k_pid_alt": [1.0292100060694502, 0.7887547042718894, 0.6831991025969104], "k_pid_att": [38.377500130428054, 7.962968057456723, 0.6933484859843638], "k_pid_yaw": [0.5, 1e-06, 0.1], "k_pid_hsp": [5.666639532409815, 0.0, 0.6288565198335367], "k_pid_vsp": [31.402533707698215, 394.9483063468531, 61.13858869961873]}, "datetime": {"datetime": "2025-08-11 22:49:52", "elapsed": 23072.36900830269, "delta": 31.73504328727722}, "costs": {"total_cost": 653.160565406321, "time_cost": 115.346, "final_distance_cost": 1.7776327517868302, "oscillation_cost": 407.812502826134, "completition_cost": 0.0, "overshoot_cost": 65.06781214331949, "power_cost": 34.899871643066405, "noise_cost": 28.25674604201429, "n_waypoints_completed": 9, "tot_waypoints": 9}}
{"target": -638.583560104235, "params": {"k_pid_pos": [1.6875424464837692, 0.4761064727526003, 0.30352727100583987], "k_pid_alt": [1.8530029117129774, 0.11934562440642527, 0.11272844571038487], "k_pid_att": [35.797411071409556, 5.876861704319657, 0.11544898176692708], "k_pid_yaw": [0.5, 1e-06, 0.1], "k_pid_hsp": [1.5792630718946348, 0.05988054024342737, 0.1491295199469399], "k_pid_vsp": [117.02103805866399, 137.76254642019256, 14.545246123193882]}, "datetime": {"datetime": "2025-08-11 22:50:20", "elapsed": 23100.18403816223, "delta": 27.815029859542847}, "costs": {"total_cost": 638.583560104235, "time_cost": 100.52, "final_distance_cost": 1.7947334835039745, "oscillation_cost": 427.57466777885054, "completition_cost": 0.0, "overshoot_cost": 53.43140131213403, "power_cost": 29.315809875488284, "noise_cost": 25.946947654257954, "n_waypoints_completed": 9, "tot_waypoints": 9}}
{"target": -603.9216116909746, "params": {"k_pid_pos": [1.565627276245936, 0.291982707410408, 0.6929030457045432], "k_pid_alt": [1.4376146345490084, 0.40168909328639524, 0.9203327166978582], "k_pid_att": [31.765591077051848, 5.961075260934849, 0.08265394628243972], "k_pid_yaw": [0.5, 1e-06, 0.1], "k_pid_hsp": [8.221461995636504, 0.9357049494753351, 0.5103973552719397], "k_pid_vsp": [235.75900208327232, 324.6820658260839, 14.528652862674184]}, "datetime": {"datetime": "2025-08-11 22:50:46", "elapsed": 23125.821487426758, "delta": 25.637449264526367}, "costs": {"total_cost": 603.9216116909746, "time_cost": 90.937, "final_distance_cost": 1.8004054812936388, "oscillation_cost": 408.52118470953167, "completition_cost": 0.0, "overshoot_cost": 53.07242244670598, "power_cost": 26.18362216796875, "noise_cost": 23.406976885474474, "n_waypoints_completed": 9, "tot_waypoints": 9}}
{"target": -359.8000499264478, "params": {"k_pid_pos": [1.6704528380170538, 0.08537807361781502, 0.8434336731365115], "k_pid_alt": [1.0801777959048675, 0.4683904156398152, 0.10223563133143165], "k_pid_att": [46.61746456837326, 7.44082419645035, 0.9758628009703003], "k_pid_yaw": [0.5, 1e-06, 0.1], "k_pid_hsp": [2.4213137956001227, 0.2812330735821025, 0.08944930681215801], "k_pid_vsp": [272.74058099298946, 306.1098774930508, 81.14729988882942]}, "datetime": {"datetime": "2025-08-11 22:51:09", "elapsed": 23148.410316467285, "delta": 22.588829040527344}, "costs": {"total_cost": 359.8000499264478, "time_cost": 79.674, "final_distance_cost": 1.773437618038498, "oscillation_cost": 184.83033325898353, "completition_cost": 0.0, "overshoot_cost": 51.332761954920535, "power_cost": 22.607844775390625, "noise_cost": 19.58167231911459, "n_waypoints_completed": 9, "tot_waypoints": 9}}
{"target": -357.4316369018937, "params": {"k_pid_pos": [0.9515769711981223, 0.7343916022584589, 0.46133886267481483], "k_pid_alt": [1.3824412497197476, 0.4015171750830796, 0.004980343303992885], "k_pid_att": [4.483647472109831, 7.437842121069654, 0.9900449682703509], "k_pid_yaw": [0.5, 1e-06, 0.1], "k_pid_hsp": [7.133574702407135, 0.005516205803456575, 0.23687773717843863], "k_pid_vsp": [288.3456850833906, 347.00098579025325, 145.09759810703818]}, "datetime": {"datetime": "2025-08-11 22:51:36", "elapsed": 23176.316827058792, "delta": 27.906510591506958}, "costs": {"total_cost": 357.4316369018937, "time_cost": 101.374, "final_distance_cost": 1.7336874368930297, "oscillation_cost": 146.6153148662847, "completition_cost": 0.0, "overshoot_cost": 56.97293760415843, "power_cost": 27.230341760253907, "noise_cost": 23.50535523430359, "n_waypoints_completed": 9, "tot_waypoints": 9}}
{"target": -552.7847508277589, "params": {"k_pid_pos": [2.0, 0.0, 0.0], "k_pid_alt": [0.7091769593387012, 0.0, 0.6283064805419635], "k_pid_att": [39.62382878299823, 0.0001, 0.0], "k_pid_yaw": [0.5, 1e-06, 0.1], "k_pid_hsp": [7.4844294085645675, 0.0, 1.0], "k_pid_vsp": [229.6066053748058, 328.9121650044919, 17.064744879633892]}, "datetime": {"datetime": "2025-08-11 22:52:02", "elapsed": 23201.596563339233, "delta": 25.279736280441284}, "costs": {"total_cost": 552.7847508277589, "time_cost": 89.845, "final_distance_cost": 1.795287506640043, "oscillation_cost": 358.58688172645157, "completition_cost": 0.0, "overshoot_cost": 51.15383104975668, "power_cost": 26.73059522705078, "noise_cost": 24.673155317859777, "n_waypoints_completed": 9, "tot_waypoints": 9}}
