{"target": -843.3277278035724, "params": {"k_pid_pos": [1.959892152259246, 0.8346890986144516, 0.9717875420221941], "k_pid_alt": [0.30665121471269563, 0.8974460116937563, 0.2724728284200374], "k_pid_att": [11.964454921522528, 9.079031419786395, 0.9300404024715313], "k_pid_yaw": [0.5, 1e-06, 0.1], "k_pid_hsp": [4.630289449131929, 0.6006038002982723, 0.6582706197595982], "k_pid_vsp": [229.35371140421833, 286.85650556094794, 21.226014111493356]}, "datetime": {"datetime": "2025-08-12 13:02:57", "elapsed": 74256.89837050438, "delta": 44.18091130256653}, "costs": {"total_cost": 843.3277278035724, "time_cost": 150, "final_distance_cost": 68.3122066948389, "oscillation_cost": 279.0759754298631, "completition_cost": 222.2222222222222, "overshoot_cost": 61.519338311604095, "power_cost": 32.304296093750004, "noise_cost": 29.89368905129415, "n_waypoints_completed": 7, "tot_waypoints": 9}}
{"target": -611.9385713907294, "params": {"k_pid_pos": [0.7572061598771176, 0.13626052857323212, 0.8759097539007541], "k_pid_alt": [0.14702515474533917, 0.34504569344747826, 0.3109547321882552], "k_pid_att": [11.350344240024668, 9.208213811182329, 0.22963216350461657], "k_pid_yaw": [0.5, 1e-06, 0.1], "k_pid_hsp": [9.741399445370217, 0.4833263886972835, 0.33894788309023516], "k_pid_vsp": [187.39851522638403, 330.10715381950257, 10.63839021997053]}, "datetime": {"datetime": "2025-08-12 13:03:51", "elapsed": 74310.69748425484, "delta": 53.799113750457764}, "costs": {"total_cost": 611.9385713907294, "time_cost": 115.29, "final_distance_cost": 1.7921673126399826, "oscillation_cost": 373.7684136192188, "completition_cost": 0.0, "overshoot_cost": 64.2229719129321, "power_cost": 27.967051770019534, "noise_cost": 28.897966775919077, "n_waypoints_completed": 9, "tot_waypoints": 9}}
{"target": -788.82827800664, "params": {"k_pid_pos": [0.9235448066066753, 0.446926499207126, 0.6727214211352781], "k_pid_alt": [1.9620123056754928, 0.2253021389299381, 0.20321962734464682], "k_pid_att": [40.68000850010562, 3.1764087700361445, 0.7399073825046397], "k_pid_yaw": [0.5, 1e-06, 0.1], "k_pid_hsp": [6.179537800121166, 0.09474563807269332, 0.11932938561817608], "k_pid_vsp": [278.1483260568368, 318.05198231868314, 72.04746487396504]}, "datetime": {"datetime": "2025-08-12 13:04:34", "elapsed": 74354.20318078995, "delta": 43.505696535110474}, "costs": {"total_cost": 788.82827800664, "time_cost": 150, "final_distance_cost": 62.936573112712104, "oscillation_cost": 358.50733660685285, "completition_cost": 111.11111111111116, "overshoot_cost": 46.73498193179793, "power_cost": 31.837522631835938, "noise_cost": 27.70075261232994, "n_waypoints_completed": 8, "tot_waypoints": 9}}
{"target": -273.4087944974015, "params": {"k_pid_pos": [2.0, 1.0, 0.0], "k_pid_alt": [2.0, 0.0, 0.0], "k_pid_att": [10.085685315450817, 5.786018666958919, 1.0], "k_pid_yaw": [0.5, 1e-06, 0.1], "k_pid_hsp": [9.385252198806539, 0.0, 0.0], "k_pid_vsp": [275.7646932465844, 362.52667650923786, 32.5565274686867]}, "datetime": {"datetime": "2025-08-12 13:05:25", "elapsed": 74404.55170822144, "delta": 50.34852743148804}, "costs": {"total_cost": 273.4087944974015, "time_cost": 97.272, "final_distance_cost": 1.7311496697290476, "oscillation_cost": 58.1491488215614, "completition_cost": 0.0, "overshoot_cost": 63.750338518882835, "power_cost": 27.16834890136719, "noise_cost": 25.337808585861037, "n_waypoints_completed": 9, "tot_waypoints": 9}}
{"target": -448.96136706671064, "params": {"k_pid_pos": [1.179324085501341, 0.23638952514288902, 0.22105340562941134], "k_pid_alt": [1.6147141006563153, 0.31065015214927916, 0.1523142251612578], "k_pid_att": [32.590774285757895, 9.166170900504138, 0.992308751312321], "k_pid_yaw": [0.5, 1e-06, 0.1], "k_pid_hsp": [5.8870757612455975, 0.716281313501755, 0.22213038808421492], "k_pid_vsp": [221.65567991872302, 21.00783854892008, 64.22283324636196]}, "datetime": {"datetime": "2025-08-12 13:06:11", "elapsed": 74451.28130674362, "delta": 46.72959852218628}, "costs": {"total_cost": 448.96136706671064, "time_cost": 89.894, "final_distance_cost": 1.766573273491764, "oscillation_cost": 255.56335679170334, "completition_cost": 0.0, "overshoot_cost": 53.477622918759046, "power_cost": 25.92729548339844, "noise_cost": 22.332518599358096, "n_waypoints_completed": 9, "tot_waypoints": 9}}
{"target": -392.9935936699611, "params": {"k_pid_pos": [0.31605282522766986, 0.23955076928567243, 0.13648153742463465], "k_pid_alt": [1.4866671603160013, 0.8258836309339743, 0.12958537872578835], "k_pid_att": [10.821040008218375, 4.227348639133901, 0.9625913464326897], "k_pid_yaw": [0.5, 1e-06, 0.1], "k_pid_hsp": [7.003517586868142, 0.3661372105091464, 0.37611366532955526], "k_pid_vsp": [84.08851125721269, 185.38597834908575, 46.938733598827845]}, "datetime": {"datetime": "2025-08-12 13:07:18", "elapsed": 74517.52703785896, "delta": 66.24573111534119}, "costs": {"total_cost": 392.9935936699611, "time_cost": 113.386, "final_distance_cost": 1.786582939422876, "oscillation_cost": 159.63822214768473, "completition_cost": 0.0, "overshoot_cost": 61.377348103051226, "power_cost": 29.24807607421875, "noise_cost": 27.55736440558351, "n_waypoints_completed": 9, "tot_waypoints": 9}}
{"target": -452.8072985616608, "params": {"k_pid_pos": [0.4841358004133196, 0.29298100252450476, 0.12550185347863585], "k_pid_alt": [1.1870968873070142, 0.37467519211061406, 0.4288188924278581], "k_pid_att": [8.861322777813129, 4.609949351843021, 0.4614312048233724], "k_pid_yaw": [0.5, 1e-06, 0.1], "k_pid_hsp": [6.215295461001491, 0.639240782651045, 0.9263513131679076], "k_pid_vsp": [268.8766637043648, 268.8187707920039, 44.39542194642248]}, "datetime": {"datetime": "2025-08-12 13:08:13", "elapsed": 74573.22718858719, "delta": 55.70015072822571}, "costs": {"total_cost": 452.8072985616608, "time_cost": 109.739, "final_distance_cost": 1.7497749616632539, "oscillation_cost": 229.81695715329874, "completition_cost": 0.0, "overshoot_cost": 56.74333937643252, "power_cost": 28.591942053222656, "noise_cost": 26.16628501704362, "n_waypoints_completed": 9, "tot_waypoints": 9}}
{"target": -2269.496682761608, "params": {"k_pid_pos": [0.0001, 0.0, 1.0], "k_pid_alt": [0.0, 0.0, 1.0], "k_pid_att": [62.75891564528064, 9.242751172005857, 0.0], "k_pid_yaw": [0.5, 1e-06, 0.1], "k_pid_hsp": [5.707678911887257, 0.0, 0.0], "k_pid_vsp": [258.56787654392207, 137.68010450844255, 20.57392795679496]}, "datetime": {"datetime": "2025-08-12 13:09:11", "elapsed": 74631.10679101944, "delta": 57.87960243225098}, "costs": {"total_cost": 2269.496682761608, "time_cost": 150, "final_distance_cost": 10.798545032942716, "oscillation_cost": 783.7417270467836, "completition_cost": 1000.0, "overshoot_cost": 166.10044862820553, "power_cost": 34.306186828613285, "noise_cost": 124.54977522506299, "n_waypoints_completed": 0, "tot_waypoints": 9}}
{"target": -397.9692451135263, "params": {"k_pid_pos": [0.7699369174459347, 0.3419311650425466, 0.1812679790989593], "k_pid_alt": [0.765260612253513, 0.9101409561884085, 0.7361018467104338], "k_pid_att": [10.26270975536091, 5.779523780644022, 0.8227431393226134], "k_pid_yaw": [0.5, 1e-06, 0.1], "k_pid_hsp": [6.894574446845849, 0.7986954574480128, 0.2799240704612702], "k_pid_vsp": [295.2942907791037, 345.0502064405035, 150.33947469079374]}, "datetime": {"datetime": "2025-08-12 13:09:55", "elapsed": 74674.43297696114, "delta": 43.32618594169617}, "costs": {"total_cost": 397.9692451135263, "time_cost": 111.202, "final_distance_cost": 1.759148856997707, "oscillation_cost": 168.18229481229494, "completition_cost": 0.0, "overshoot_cost": 61.1929068834431, "power_cost": 29.839509716796876, "noise_cost": 25.79338484399362, "n_waypoints_completed": 9, "tot_waypoints": 9}}
{"target": -998.4537587851537, "params": {"k_pid_pos": [0.29630834251783245, 0.9825533175397613, 0.9524049512147352], "k_pid_alt": [1.8814995815419144, 0.9121470124661207, 0.34163053826652323], "k_pid_att": [29.357203550033162, 3.848420095855596, 0.17215626071715762], "k_pid_yaw": [0.5, 1e-06, 0.1], "k_pid_hsp": [5.9258495912834945, 0.2520902087681335, 0.24754060163408376], "k_pid_vsp": [283.28302910407837, 344.16796364422265, 18.284325012949154]}, "datetime": {"datetime": "2025-08-12 13:10:39", "elapsed": 74719.01308321953, "delta": 44.580106258392334}, "costs": {"total_cost": 998.4537587851537, "time_cost": 150, "final_distance_cost": 69.84188451790766, "oscillation_cost": 439.7827732295623, "completition_cost": 222.2222222222222, "overshoot_cost": 52.705675201151436, "power_cost": 33.89536552734375, "noise_cost": 30.00583808696655, "n_waypoints_completed": 7, "tot_waypoints": 9}}
{"target": -1008.5661398968066, "params": {"k_pid_pos": [0.526173028003236, 0.28020102521001056, 0.6001947089509513], "k_pid_alt": [0.0313377247806248, 0.033987406490458616, 0.17630464396933987], "k_pid_att": [10.949370657844891, 3.9721410992481516, 0.7726248139051624], "k_pid_yaw": [0.5, 1e-06, 0.1], "k_pid_hsp": [9.981246069448071, 0.8753043723025417, 0.4382861861970596], "k_pid_vsp": [87.81920566834972, 191.6484382069331, 38.39576869376835]}, "datetime": {"datetime": "2025-08-12 13:11:38", "elapsed": 74778.15930056572, "delta": 59.146217346191406}, "costs": {"total_cost": 1008.5661398968066, "time_cost": 150, "final_distance_cost": 56.515284083137644, "oscillation_cost": 244.00419183335805, "completition_cost": 444.4444444444444, "overshoot_cost": 57.32316566895444, "power_cost": 29.5320103515625, "noise_cost": 26.747043515349596, "n_waypoints_completed": 5, "tot_waypoints": 9}}
{"target": -488.0193233314485, "params": {"k_pid_pos": [1.3254072609588792, 0.6591677617519478, 0.3771289810434909], "k_pid_alt": [0.7167816399076625, 0.21799930016299518, 0.38152564995834093], "k_pid_att": [50.17201906562412, 8.696333986006255, 0.64738135668888], "k_pid_yaw": [0.5, 1e-06, 0.1], "k_pid_hsp": [5.01639560674969, 0.5774978885023117, 0.5932943879453241], "k_pid_vsp": [222.9794375313819, 4.608745329683601, 36.072432826161226]}, "datetime": {"datetime": "2025-08-12 13:12:33", "elapsed": 74832.83338952065, "delta": 54.67408895492554}, "costs": {"total_cost": 488.0193233314485, "time_cost": 106.736, "final_distance_cost": 1.7700874432189164, "oscillation_cost": 262.45667244331736, "completition_cost": 0.0, "overshoot_cost": 59.39599968128186, "power_cost": 31.196884765625, "noise_cost": 26.463678998005356, "n_waypoints_completed": 9, "tot_waypoints": 9}}
{"target": -1465.4254945462467, "params": {"k_pid_pos": [0.36470529422219716, 0.4736954212640748, 0.5722510972269985], "k_pid_alt": [0.10748019154661925, 0.990204088961606, 0.5412750895446976], "k_pid_att": [40.59559109273266, 5.401088515234777, 0.5101740176703772], "k_pid_yaw": [0.5, 1e-06, 0.1], "k_pid_hsp": [3.0597804999454796, 0.4402256995259649, 0.6747983739474112], "k_pid_vsp": [271.8633893346747, 323.696612622906, 70.64971236894127]}, "datetime": {"datetime": "2025-08-12 13:13:20", "elapsed": 74879.49493312836, "delta": 46.66154360771179}, "costs": {"total_cost": 1465.4254945462467, "time_cost": 150, "final_distance_cost": 56.3679127035584, "oscillation_cost": 472.18029465823497, "completition_cost": 666.6666666666667, "overshoot_cost": 56.90630094149252, "power_cost": 33.90890010986328, "noise_cost": 29.395419466430788, "n_waypoints_completed": 3, "tot_waypoints": 9}}
{"target": -590.9143838301268, "params": {"k_pid_pos": [0.6831830302341244, 0.7751484291905929, 0.6080762370111362], "k_pid_alt": [1.259958119268064, 0.5249981876275076, 0.5785296942894265], "k_pid_att": [37.85867763178877, 8.995735040193976, 0.3770286952668418], "k_pid_yaw": [0.5, 1e-06, 0.1], "k_pid_hsp": [8.962638064076893, 0.4464904217563841, 0.26654816812987736], "k_pid_vsp": [259.64678614968693, 322.347915200404, 77.5820557156014]}, "datetime": {"datetime": "2025-08-12 13:14:22", "elapsed": 74941.57706356049, "delta": 62.082130432128906}, "costs": {"total_cost": 590.9143838301268, "time_cost": 101.682, "final_distance_cost": 1.7790111711143461, "oscillation_cost": 380.1222536375072, "completition_cost": 0.0, "overshoot_cost": 54.01868293077244, "power_cost": 28.48827420654297, "noise_cost": 24.82416188418982, "n_waypoints_completed": 9, "tot_waypoints": 9}}
{"target": -437.3713806761221, "params": {"k_pid_pos": [1.7942919880325712, 0.26957063868122677, 0.4854755052481502], "k_pid_alt": [1.1451590323835958, 0.8302862145969108, 0.031891712289015994], "k_pid_att": [9.948676492051378, 6.633547665826237, 0.23707799462260393], "k_pid_yaw": [0.5, 1e-06, 0.1], "k_pid_hsp": [9.871995496440055, 0.06923425596229904, 0.6399372957998162], "k_pid_vsp": [184.42394879810294, 328.0469197043205, 11.54365022314676]}, "datetime": {"datetime": "2025-08-12 13:15:34", "elapsed": 75013.43156838417, "delta": 71.85450482368469}, "costs": {"total_cost": 437.3713806761221, "time_cost": 90.265, "final_distance_cost": 1.7532714653408843, "oscillation_cost": 244.6769612506988, "completition_cost": 0.0, "overshoot_cost": 54.19133988097724, "power_cost": 23.62818095703125, "noise_cost": 22.85662712207394, "n_waypoints_completed": 9, "tot_waypoints": 9}}
{"target": -1184.59662587179, "params": {"k_pid_pos": [1.21302786027578, 0.5297068138718661, 0.3465039426406643], "k_pid_alt": [0.9362305817723464, 0.4642678734573137, 0.9737231047887963], "k_pid_att": [20.7112414220491, 4.845806601956096, 0.36188108876890934], "k_pid_yaw": [0.5, 1e-06, 0.1], "k_pid_hsp": [0.43925748652539165, 0.4574909741576184, 0.7693259090671385], "k_pid_vsp": [90.2177069828221, 210.21566744241406, 43.1884935257215]}, "datetime": {"datetime": "2025-08-12 13:16:20", "elapsed": 75059.75829958916, "delta": 46.32673120498657}, "costs": {"total_cost": 1184.59662587179, "time_cost": 150, "final_distance_cost": 74.85627275303614, "oscillation_cost": 500.3733059564884, "completition_cost": 333.33333333333337, "overshoot_cost": 64.02118791459138, "power_cost": 32.49257180175781, "noise_cost": 29.519954112582887, "n_waypoints_completed": 6, "tot_waypoints": 9}}
{"target": -541.2792998730957, "params": {"k_pid_pos": [2.0, 0.0, 0.0], "k_pid_alt": [2.0, 1.0, 1.0], "k_pid_att": [53.62326570437552, 10.0, 1.0], "k_pid_yaw": [0.5, 1e-06, 0.1], "k_pid_hsp": [4.815852003920265, 0.0, 1.0], "k_pid_vsp": [206.94601481470562, 248.4870604047298, 230.93918486300848]}, "datetime": {"datetime": "2025-08-12 13:17:19", "elapsed": 75119.13716435432, "delta": 59.378864765167236}, "costs": {"total_cost": 541.2792998730957, "time_cost": 109.94200000000001, "final_distance_cost": 1.7930736114550674, "oscillation_cost": 299.94260910841143, "completition_cost": 0.0, "overshoot_cost": 68.24567935153122, "power_cost": 33.98025334472656, "noise_cost": 27.375684456971385, "n_waypoints_completed": 9, "tot_waypoints": 9}}
{"target": -1022.3896016780005, "params": {"k_pid_pos": [0.889157563883512, 0.5971811124578, 0.4112193502420558], "k_pid_alt": [1.558350208488404, 0.15871107524543315, 0.18278935088697457], "k_pid_att": [77.684120361323, 6.206771726468849, 0.6163825020475588], "k_pid_yaw": [0.5, 1e-06, 0.1], "k_pid_hsp": [6.912188247012634, 0.5206979832229077, 0.7775003018932338], "k_pid_vsp": [385.6457721673982, 282.6320241509144, 203.55404428934796]}, "datetime": {"datetime": "2025-08-12 13:18:10", "elapsed": 75169.46154999733, "delta": 50.32438564300537}, "costs": {"total_cost": 1022.3896016780005, "time_cost": 150, "final_distance_cost": 66.22674199489771, "oscillation_cost": 474.8544988973776, "completition_cost": 222.2222222222222, "overshoot_cost": 46.052636159252316, "power_cost": 35.16668204345703, "noise_cost": 27.866820360793653, "n_waypoints_completed": 7, "tot_waypoints": 9}}
{"target": -1053.7824156741892, "params": {"k_pid_pos": [0.31793107837934953, 0.5255903759750249, 0.59786671614171], "k_pid_alt": [1.5898919267395217, 0.6587389313359504, 0.45812573354868136], "k_pid_att": [24.263719243828575, 4.110804431251414, 0.045254089233488615], "k_pid_yaw": [0.5, 1e-06, 0.1], "k_pid_hsp": [1.2353037624493861, 0.3854850833264496, 0.4110156015650699], "k_pid_vsp": [301.29371240346916, 313.1231473160659, 170.30241427575763]}, "datetime": {"datetime": "2025-08-12 13:18:54", "elapsed": 75213.43650364876, "delta": 43.97495365142822}, "costs": {"total_cost": 1053.7824156741892, "time_cost": 150, "final_distance_cost": 72.08910697317536, "oscillation_cost": 485.0416981736278, "completition_cost": 222.2222222222222, "overshoot_cost": 60.496270449544944, "power_cost": 34.4465275390625, "noise_cost": 29.486590316556423, "n_waypoints_completed": 7, "tot_waypoints": 9}}
{"target": -442.65652424064524, "params": {"k_pid_pos": [1.6789838342595824, 0.324121824382126, 0.5668317406770707], "k_pid_alt": [1.4432357227795516, 0.415788852012583, 0.7713885106928551], "k_pid_att": [20.99358490953095, 4.148957793423709, 0.07598139977072116], "k_pid_yaw": [0.5, 1e-06, 0.1], "k_pid_hsp": [7.724626439192302, 0.31297042108196405, 0.5848245973486621], "k_pid_vsp": [75.69147732498323, 216.5962378590972, 38.319037939261236]}, "datetime": {"datetime": "2025-08-12 13:19:34", "elapsed": 75253.53896450996, "delta": 40.102460861206055}, "costs": {"total_cost": 442.65652424064524, "time_cost": 79.471, "final_distance_cost": 1.7713165371181374, "oscillation_cost": 267.306917108615, "completition_cost": 0.0, "overshoot_cost": 51.66420650594442, "power_cost": 22.15578563232422, "noise_cost": 20.287298456643466, "n_waypoints_completed": 9, "tot_waypoints": 9}}
{"target": -1063.9623774660588, "params": {"k_pid_pos": [0.17881583051989908, 0.942723183261093, 0.1085049228296312], "k_pid_alt": [1.8760062263575872, 0.2204585404750895, 0.9504777008760912], "k_pid_att": [8.485714774825615, 5.859245075792118, 0.2038281930174426], "k_pid_yaw": [0.5, 1e-06, 0.1], "k_pid_hsp": [2.11272546905944, 0.6895864538136076, 0.7212916614827296], "k_pid_vsp": [264.3585407030095, 258.84309788900697, 42.36051894609152]}, "datetime": {"datetime": "2025-08-12 13:20:24", "elapsed": 75304.0466105938, "delta": 50.50764608383179}, "costs": {"total_cost": 1063.9623774660588, "time_cost": 150, "final_distance_cost": 36.49587174039351, "oscillation_cost": 170.17279684569965, "completition_cost": 555.5555555555555, "overshoot_cost": 86.14332662443873, "power_cost": 35.39338601074219, "noise_cost": 30.201440689229255, "n_waypoints_completed": 4, "tot_waypoints": 9}}
{"target": -386.7433967617868, "params": {"k_pid_pos": [1.4659463819378922, 0.17843321457344596, 0.07238740055291248], "k_pid_alt": [1.346611479448171, 0.7788243003236456, 0.41396622155231455], "k_pid_att": [10.286248797385877, 9.597039070851256, 0.5363033445504451], "k_pid_yaw": [0.5, 1e-06, 0.1], "k_pid_hsp": [5.942335227116286, 0.6905723076326887, 0.5215779204877797], "k_pid_vsp": [289.6137745846088, 354.0539270018006, 83.19036731152958]}, "datetime": {"datetime": "2025-08-12 13:21:01", "elapsed": 75340.5598192215, "delta": 36.513208627700806}, "costs": {"total_cost": 386.7433967617868, "time_cost": 84.84700000000001, "final_distance_cost": 1.7244868840363898, "oscillation_cost": 202.59397023969197, "completition_cost": 0.0, "overshoot_cost": 53.11637672339913, "power_cost": 23.56076405029297, "noise_cost": 20.90079886436631, "n_waypoints_completed": 9, "tot_waypoints": 9}}
{"target": -429.2188811419992, "params": {"k_pid_pos": [1.7749312199422482, 0.7937230663480501, 0.2969569702317466], "k_pid_alt": [0.8116057224601536, 0.5161123595170855, 0.3267083092552481], "k_pid_att": [40.91415271519463, 6.018694079587622, 0.5447785260658197], "k_pid_yaw": [0.5, 1e-06, 0.1], "k_pid_hsp": [9.811359110957833, 0.5620859489233748, 0.16207951580719848], "k_pid_vsp": [279.1619488086413, 326.99230348107153, 69.88634065206644]}, "datetime": {"datetime": "2025-08-12 13:21:53", "elapsed": 75392.94439935684, "delta": 52.38458013534546}, "costs": {"total_cost": 429.2188811419992, "time_cost": 97.09700000000001, "final_distance_cost": 1.7289247862452684, "oscillation_cost": 221.21963331830298, "completition_cost": 0.0, "overshoot_cost": 54.58717401153143, "power_cost": 28.374096484375002, "noise_cost": 26.21205254154449, "n_waypoints_completed": 9, "tot_waypoints": 9}}
{"target": -369.30009961257934, "params": {"k_pid_pos": [1.7913890442597276, 0.9101186767913364, 0.7781803426138887], "k_pid_alt": [1.3985037197155084, 0.7080089136709069, 0.10049794062486894], "k_pid_att": [9.94627281627698, 5.695841969352255, 0.5558707617710559], "k_pid_yaw": [0.5, 1e-06, 0.1], "k_pid_hsp": [7.826543473207782, 0.5649225431549982, 0.6727205229096421], "k_pid_vsp": [246.73627642331905, 269.2605490255429, 32.08433637242998]}, "datetime": {"datetime": "2025-08-12 13:22:29", "elapsed": 75428.7594397068, "delta": 35.81504034996033}, "costs": {"total_cost": 369.30009961257934, "time_cost": 88.62, "final_distance_cost": 1.777163300787301, "oscillation_cost": 177.7314424705093, "completition_cost": 0.0, "overshoot_cost": 53.30950984213121, "power_cost": 24.59791403808594, "noise_cost": 23.26406996106558, "n_waypoints_completed": 9, "tot_waypoints": 9}}
{"target": -1651.7054565188037, "params": {"k_pid_pos": [0.3384070393559797, 0.04826806739019329, 0.8548306913014733], "k_pid_alt": [1.7567504454368998, 0.6173953954646039, 0.4277136142624186], "k_pid_att": [60.45624555022743, 6.997093082286281, 0.2508129453812431], "k_pid_yaw": [0.5, 1e-06, 0.1], "k_pid_hsp": [0.9483597331325027, 0.6650162294294317, 0.716736354427291], "k_pid_vsp": [257.6187523819745, 144.82442853609973, 24.353877329755395]}, "datetime": {"datetime": "2025-08-12 13:23:12", "elapsed": 75472.27398252487, "delta": 43.51454281806946}, "costs": {"total_cost": 1651.7054565188037, "time_cost": 150, "final_distance_cost": 52.32024950902072, "oscillation_cost": 764.349506301334, "completition_cost": 555.5555555555555, "overshoot_cost": 66.36764798527466, "power_cost": 35.04912043457031, "noise_cost": 28.06337673304814, "n_waypoints_completed": 4, "tot_waypoints": 9}}
