{"target": -1743.420381359203, "params": {"k_pid_pos": [0.48786949847259464, 0.9356960139695758, 0.07533453498632248], "k_pid_alt": [1.864604930811307, 0.16146265240669877, 0.9144465921009578], "k_pid_att": [1.5147464697540691, 9.32926295235184, 0.011218176873769692], "k_pid_yaw": [0.5, 1e-06, 0.1], "k_pid_hsp": [3.7804418091835092, 0.05098269915280296, 0.10612438779992761], "k_pid_vsp": [373.88702548092635, 10.040951397896242, 189.71662126632154]}, "datetime": {"datetime": "2025-08-11 18:50:18", "elapsed": 8697.54297041893, "delta": 30.310243129730225}, "costs": {"total_cost": 1743.420381359203, "time_cost": 150, "final_distance_cost": 45.00078115759939, "oscillation_cost": 700.7997823791944, "completition_cost": 666.6666666666667, "overshoot_cost": 84.97245320106076, "power_cost": 53.441914367675786, "noise_cost": 42.53878358700596, "n_waypoints_completed": 3, "tot_waypoints": 9}}
{"target": -1455.751928074919, "params": {"k_pid_pos": [1.82094972620301, 0.43884971521990346, 0.5654468916599463], "k_pid_alt": [1.5071729245221128, 0.6792615109467403, 0.3305491030568969], "k_pid_att": [15.632936325626412, 4.286171215484193, 0.38575558193343273], "k_pid_yaw": [0.5, 1e-06, 0.1], "k_pid_hsp": [1.269152238785982, 0.9672945419992153, 0.004115624786654615], "k_pid_vsp": [396.1981623119161, 209.28768375699937, 356.55743624396047]}, "datetime": {"datetime": "2025-08-11 18:50:48", "elapsed": 8727.659881353378, "delta": 30.116910934448242}, "costs": {"total_cost": 1455.751928074919, "time_cost": 150, "final_distance_cost": 0.9985235213084709, "oscillation_cost": 13.96366425572178, "completition_cost": 1000.0, "overshoot_cost": 159.6781135920711, "power_cost": 29.460155883789064, "noise_cost": 101.65147082202853, "n_waypoints_completed": 0, "tot_waypoints": 9}}
{"target": -1311.7302184314922, "params": {"k_pid_pos": [1.7900204576951886, 0.4783132757105033, 0.7726832708894108], "k_pid_alt": [1.8215183174276741, 0.8138151354723637, 0.33728433854743956], "k_pid_att": [3.1319904716550107, 7.335533652706718, 0.9561447013531551], "k_pid_yaw": [0.5, 1e-06, 0.1], "k_pid_hsp": [2.3625368903624553, 0.9340898646134529, 0.6537508521723746], "k_pid_vsp": [175.17654789938405, 111.63021112034706, 138.16584811547685]}, "datetime": {"datetime": "2025-08-11 18:51:21", "elapsed": 8760.70393371582, "delta": 33.04405236244202}, "costs": {"total_cost": 1311.7302184314922, "time_cost": 150, "final_distance_cost": 71.20415206815044, "oscillation_cost": 258.6530128299112, "completition_cost": 666.6666666666667, "overshoot_cost": 105.2880629402207, "power_cost": 31.681019152832032, "noise_cost": 28.237304773711056, "n_waypoints_completed": 3, "tot_waypoints": 9}}
{"target": -2042.009267485718, "params": {"k_pid_pos": [0.7814879019071151, 0.8758821087590771, 0.18548646582449846], "k_pid_alt": [0.859002610902118, 0.9208837685460449, 0.4171423838006001], "k_pid_att": [37.77703269583742, 0.6230177788416659, 0.9413772847110612], "k_pid_yaw": [0.5, 1e-06, 0.1], "k_pid_hsp": [0.10846890421893907, 0.6112861203811275, 0.7012666008792462], "k_pid_vsp": [79.85235659012359, 171.68748206234486, 309.01383271937937]}, "datetime": {"datetime": "2025-08-11 18:51:53", "elapsed": 8792.45846414566, "delta": 31.754530429840088}, "costs": {"total_cost": 2042.009267485718, "time_cost": 150, "final_distance_cost": 75.91227587405919, "oscillation_cost": 407.7421024148871, "completition_cost": 1000.0, "overshoot_cost": 337.74572809371625, "power_cost": 35.46206314697266, "noise_cost": 35.14709795608297, "n_waypoints_completed": 0, "tot_waypoints": 9}}
{"target": -1387.564442603573, "params": {"k_pid_pos": [0.9045761989144777, 0.8946282388424521, 0.14104832658023858], "k_pid_alt": [0.435685462782168, 0.36383486052983705, 0.2754164109079681], "k_pid_att": [37.1588634520462, 7.854977856385896, 0.9738347786688114], "k_pid_yaw": [0.5, 1e-06, 0.1], "k_pid_hsp": [1.883334322997508, 0.953764354620585, 0.03773989719413784], "k_pid_vsp": [333.7527560731777, 343.0554060996061, 382.4271861583772]}, "datetime": {"datetime": "2025-08-11 18:52:28", "elapsed": 8827.464764356613, "delta": 35.00630021095276}, "costs": {"total_cost": 1387.564442603573, "time_cost": 150, "final_distance_cost": 45.49063058993519, "oscillation_cost": 79.69610574294244, "completition_cost": 1000.0, "overshoot_cost": 44.925016045743966, "power_cost": 36.662052575683596, "noise_cost": 30.790637649267975, "n_waypoints_completed": 0, "tot_waypoints": 9}}
{"target": -1189.9613821406074, "params": {"k_pid_pos": [0.25760970591986393, 0.31501675698401566, 0.32384357961806975], "k_pid_alt": [0.31819924490570006, 0.7556415998271605, 0.1490646984836429], "k_pid_att": [54.95011296840454, 3.3089818000037265, 0.3325707866387404], "k_pid_yaw": [0.5, 1e-06, 0.1], "k_pid_hsp": [1.142983759822844, 0.7505274459728938, 0.4320746229471081], "k_pid_vsp": [240.24365266700843, 126.16328573091987, 56.732921061742154]}, "datetime": {"datetime": "2025-08-11 18:52:59", "elapsed": 8858.418041944504, "delta": 30.953277587890625}, "costs": {"total_cost": 1189.9613821406074, "time_cost": 150, "final_distance_cost": 56.551626198626025, "oscillation_cost": 294.3607914356309, "completition_cost": 555.5555555555555, "overshoot_cost": 67.83058032072287, "power_cost": 35.29205905761719, "noise_cost": 30.3707695724548, "n_waypoints_completed": 4, "tot_waypoints": 9}}
{"target": -925.818257013191, "params": {"k_pid_pos": [1.5274592594915968, 0.5775316337740818, 0.24351792400235062], "k_pid_alt": [0.2856472401735086, 0.42618642594708256, 0.8075896520996917], "k_pid_att": [10.184348312982872, 3.71519069253698, 0.5848775387097945], "k_pid_yaw": [0.5, 1e-06, 0.1], "k_pid_hsp": [9.782072862525439, 0.61947872979218, 0.2945483237535357], "k_pid_vsp": [392.80372232734317, 160.97285970292543, 319.11577232394774]}, "datetime": {"datetime": "2025-08-11 18:53:29", "elapsed": 8889.306735038757, "delta": 30.88869309425354}, "costs": {"total_cost": 925.818257013191, "time_cost": 150, "final_distance_cost": 55.05329089289391, "oscillation_cost": 265.5259244044354, "completition_cost": 333.33333333333337, "overshoot_cost": 58.29245009853908, "power_cost": 32.94975241699219, "noise_cost": 30.663505866996942, "n_waypoints_completed": 6, "tot_waypoints": 9}}
{"target": -1079.007480708658, "params": {"k_pid_pos": [0.2622336705514536, 0.19749456259431108, 0.5987719813251646], "k_pid_alt": [1.5745229401053402, 0.5347972416573767, 0.46745027594319255], "k_pid_att": [92.59079289868289, 0.9884112601913554, 0.8424802271627602], "k_pid_yaw": [0.5, 1e-06, 0.1], "k_pid_hsp": [8.574866303530094, 0.20478426505664926, 0.25904591530787013], "k_pid_vsp": [329.9713944653187, 91.05870826423453, 150.39685755662398]}, "datetime": {"datetime": "2025-08-11 18:54:00", "elapsed": 8920.346444129944, "delta": 31.039709091186523}, "costs": {"total_cost": 1079.007480708658, "time_cost": 150, "final_distance_cost": 16.33145597607354, "oscillation_cost": 674.7246755053319, "completition_cost": 111.11111111111116, "overshoot_cost": 64.48972475013636, "power_cost": 34.638156494140624, "noise_cost": 27.71235687186441, "n_waypoints_completed": 8, "tot_waypoints": 9}}
{"target": -1257.1801988050747, "params": {"k_pid_pos": [1.8797837657223233, 0.8088374408077236, 0.18826226876289365], "k_pid_alt": [1.1161935194897739, 0.38738787698595945, 0.4656483939589653], "k_pid_att": [36.18962814867014, 8.459012278148712, 0.33654461320048257], "k_pid_yaw": [0.5, 1e-06, 0.1], "k_pid_hsp": [8.79459350990339, 0.4945125509371998, 0.600269352166496], "k_pid_vsp": [186.45035585632823, 244.61379768328342, 360.38703242276006]}, "datetime": {"datetime": "2025-08-11 18:54:31", "elapsed": 8950.818269968033, "delta": 30.47182583808899}, "costs": {"total_cost": 1257.1801988050747, "time_cost": 150, "final_distance_cost": 45.06547953452342, "oscillation_cost": 350.8232912702596, "completition_cost": 555.5555555555555, "overshoot_cost": 77.33525124811389, "power_cost": 36.202730993652345, "noise_cost": 42.197890202970115, "n_waypoints_completed": 4, "tot_waypoints": 9}}
{"target": -933.4850162455534, "params": {"k_pid_pos": [0.39680755638465676, 0.8805454554566079, 0.9662617635713271], "k_pid_alt": [1.419194572603336, 0.2758364473549443, 0.32398629351693653], "k_pid_att": [19.262102586344277, 8.389702705395797, 0.9686667367998899], "k_pid_yaw": [0.5, 1e-06, 0.1], "k_pid_hsp": [0.8875862602311659, 0.8602750491508087, 0.39141336446604924], "k_pid_vsp": [379.32065079639614, 384.9464686299404, 98.98952361717643]}, "datetime": {"datetime": "2025-08-11 18:55:01", "elapsed": 8981.187955379486, "delta": 30.369685411453247}, "costs": {"total_cost": 933.4850162455534, "time_cost": 150, "final_distance_cost": 67.85680224792597, "oscillation_cost": 269.043587200531, "completition_cost": 333.33333333333337, "overshoot_cost": 52.72847164698761, "power_cost": 32.584758605957035, "noise_cost": 27.938063210818374, "n_waypoints_completed": 6, "tot_waypoints": 9}}
{"target": -1218.8536318591612, "params": {"k_pid_pos": [0.6524880563368913, 0.8815382299844604, 0.28894721959351866], "k_pid_alt": [0.0882177432967457, 0.25873525615832027, 0.24150633644091923], "k_pid_att": [32.823444121426746, 0.8967291276375824, 0.6816337148044083], "k_pid_yaw": [0.5, 1e-06, 0.1], "k_pid_hsp": [4.08831686311192, 0.32504409051830374, 0.2513278275064088], "k_pid_vsp": [224.87754480549458, 342.4330013668552, 284.05842717746714]}, "datetime": {"datetime": "2025-08-11 18:55:32", "elapsed": 9011.395727157593, "delta": 30.20777177810669}, "costs": {"total_cost": 1218.8536318591612, "time_cost": 150, "final_distance_cost": 46.37006112514595, "oscillation_cost": 338.27838944033755, "completition_cost": 555.5555555555555, "overshoot_cost": 62.327606628757195, "power_cost": 34.30429093017578, "noise_cost": 32.01772817918914, "n_waypoints_completed": 4, "tot_waypoints": 9}}
{"target": -1545.8517582644085, "params": {"k_pid_pos": [1.4760218058063923, 0.5768056998695239, 0.4352994337353897], "k_pid_alt": [0.8236192517373357, 0.8997108296668498, 0.2536937588406184], "k_pid_att": [99.64142115710867, 5.206175745639007, 0.8640878568598087], "k_pid_yaw": [0.5, 1e-06, 0.1], "k_pid_hsp": [6.635444086453486, 0.9534537250464681, 0.7518264243523677], "k_pid_vsp": [34.64755808078963, 289.7404723745857, 340.6262551134252]}, "datetime": {"datetime": "2025-08-11 18:56:02", "elapsed": 9041.5836186409, "delta": 30.187891483306885}, "costs": {"total_cost": 1545.8517582644085, "time_cost": 150, "final_distance_cost": 67.60777096494019, "oscillation_cost": 485.11585825875545, "completition_cost": 666.6666666666667, "overshoot_cost": 107.82824149453576, "power_cost": 37.03858497314453, "noise_cost": 31.59463590636602, "n_waypoints_completed": 3, "tot_waypoints": 9}}
{"target": -1272.5993756618793, "params": {"k_pid_pos": [0.013303061103489904, 0.6221100241126626, 0.677340114955932], "k_pid_alt": [1.7154571806113816, 0.6254690217175974, 0.1294806235701218], "k_pid_att": [5.01828939917498, 5.646578361272212, 0.1568125348578423], "k_pid_yaw": [0.5, 1e-06, 0.1], "k_pid_hsp": [3.74076190971687, 0.18116903009715257, 0.7490314055567607], "k_pid_vsp": [288.3376330199296, 331.8617169970972, 137.52463911560395]}, "datetime": {"datetime": "2025-08-11 18:56:32", "elapsed": 9072.186193943024, "delta": 30.602575302124023}, "costs": {"total_cost": 1272.5993756618793, "time_cost": 150, "final_distance_cost": 55.84736213671088, "oscillation_cost": 273.38026915801726, "completition_cost": 666.6666666666667, "overshoot_cost": 67.75032223095278, "power_cost": 31.510633227539063, "noise_cost": 27.444122241992606, "n_waypoints_completed": 3, "tot_waypoints": 9}}
{"target": -770.8342427869798, "params": {"k_pid_pos": [0.6679627650368443, 0.2203269760840636, 0.37243632074356914], "k_pid_alt": [1.4145589929160727, 0.49763911000125816, 0.0578308976296944], "k_pid_att": [11.096890503401358, 6.685140860655187, 0.21046989327152943], "k_pid_yaw": [0.5, 1e-06, 0.1], "k_pid_hsp": [5.2727252615984685, 0.27914972189901177, 0.0630466480887748], "k_pid_vsp": [306.78900907079225, 60.35171697167654, 271.40988721601383]}, "datetime": {"datetime": "2025-08-11 18:57:03", "elapsed": 9102.639587402344, "delta": 30.45339345932007}, "costs": {"total_cost": 770.8342427869798, "time_cost": 150, "final_distance_cost": 73.07239636181136, "oscillation_cost": 204.8341578285987, "completition_cost": 222.2222222222222, "overshoot_cost": 60.166558175365196, "power_cost": 31.702955859375002, "noise_cost": 28.835952339607378, "n_waypoints_completed": 7, "tot_waypoints": 9}}
{"target": -1180.0896755736785, "params": {"k_pid_pos": [0.20258861989124663, 0.7805712598195232, 0.10081243725176514], "k_pid_alt": [0.04628402593068426, 0.051889149529720235, 0.9518684541582472], "k_pid_att": [37.06334983730159, 7.409782929904714, 0.28159241637371424], "k_pid_yaw": [0.5, 1e-06, 0.1], "k_pid_hsp": [8.684209098586779, 0.47077812222757465, 0.7982675042935757], "k_pid_vsp": [322.0922937492908, 148.1571526252575, 215.79417940103517]}, "datetime": {"datetime": "2025-08-11 18:57:33", "elapsed": 9133.31594657898, "delta": 30.676359176635742}, "costs": {"total_cost": 1180.0896755736785, "time_cost": 150, "final_distance_cost": 55.17145509234714, "oscillation_cost": 173.12492340515834, "completition_cost": 666.6666666666667, "overshoot_cost": 67.7108271371423, "power_cost": 37.643712902832036, "noise_cost": 29.772090369531952, "n_waypoints_completed": 3, "tot_waypoints": 9}}
{"target": -1078.7579986364012, "params": {"k_pid_pos": [0.4316366649748807, 0.7199977802082469, 0.1960999277133577], "k_pid_alt": [1.1222353592488927, 0.9232591645957807, 0.8481172594918002], "k_pid_att": [23.604501508555188, 6.494657777557574, 0.031383435565838336], "k_pid_yaw": [0.5, 1e-06, 0.1], "k_pid_hsp": [7.249673818093676, 0.024855886915745584, 0.6877411409937222], "k_pid_vsp": [97.42907619479935, 286.65599411225816, 51.32213683288226]}, "datetime": {"datetime": "2025-08-11 18:58:05", "elapsed": 9164.507185935974, "delta": 31.19123935699463}, "costs": {"total_cost": 1078.7579986364012, "time_cost": 150, "final_distance_cost": 66.20897152316057, "oscillation_cost": 416.40992602430964, "completition_cost": 333.33333333333337, "overshoot_cost": 47.83411153994785, "power_cost": 34.125653344726565, "noise_cost": 30.84600287092333, "n_waypoints_completed": 6, "tot_waypoints": 9}}
{"target": -1972.955545162227, "params": {"k_pid_pos": [0.01819560619846979, 0.4469162654013864, 0.9711556488323099], "k_pid_alt": [0.15321849938693766, 0.16070400748364133, 0.7894323569092608], "k_pid_att": [88.51053327978988, 7.0197727586663206, 0.018229677148869028], "k_pid_yaw": [0.5, 1e-06, 0.1], "k_pid_hsp": [9.069466922741, 0.8846547734280666, 0.2963454795117294], "k_pid_vsp": [242.53884632984924, 181.30113312732843, 346.5218972253588]}, "datetime": {"datetime": "2025-08-11 18:58:35", "elapsed": 9195.06663608551, "delta": 30.559450149536133}, "costs": {"total_cost": 1972.955545162227, "time_cost": 150, "final_distance_cost": 66.96484682597234, "oscillation_cost": 754.5772093132007, "completition_cost": 888.8888888888888, "overshoot_cost": 49.352359057065115, "power_cost": 34.99888978271485, "noise_cost": 28.17335129438546, "n_waypoints_completed": 1, "tot_waypoints": 9}}
{"target": -2347.182335737731, "params": {"k_pid_pos": [0.1986204436244108, 0.09373215967662707, 0.2221804680499142], "k_pid_alt": [1.4496829341422202, 0.006839546241108274, 0.31475873900446094], "k_pid_att": [1.3002537072987375, 9.49909494091699, 0.7158280934631732], "k_pid_yaw": [0.5, 1e-06, 0.1], "k_pid_hsp": [6.686367952398956, 0.6727665721136218, 0.7338694732929532], "k_pid_vsp": [292.22146337442035, 125.38794195476724, 114.99249791926238]}, "datetime": {"datetime": "2025-08-11 18:59:06", "elapsed": 9225.91264128685, "delta": 30.84600520133972}, "costs": {"total_cost": 2347.182335737731, "time_cost": 150, "final_distance_cost": 4.486204225697652, "oscillation_cost": 823.9464183777329, "completition_cost": 1000.0, "overshoot_cost": 158.59327736388767, "power_cost": 58.26056888427735, "noise_cost": 151.89586688613545, "n_waypoints_completed": 0, "tot_waypoints": 9}}
{"target": -863.2543441417873, "params": {"k_pid_pos": [1.4639414917212796, 0.7889425191748618, 0.7174469780289091], "k_pid_alt": [1.0566467724258077, 0.9318382321896395, 0.9354931045907615], "k_pid_att": [77.61789187699868, 4.956970514596103, 0.04706390785731129], "k_pid_yaw": [0.5, 1e-06, 0.1], "k_pid_hsp": [0.854444624041504, 0.6142704763578536, 0.27403843821236773], "k_pid_vsp": [110.4627224132957, 347.9140562151087, 116.2059715189664]}, "datetime": {"datetime": "2025-08-11 18:59:37", "elapsed": 9256.57476902008, "delta": 30.66212773323059}, "costs": {"total_cost": 863.2543441417873, "time_cost": 150, "final_distance_cost": 72.54507314702656, "oscillation_cost": 174.09519286702914, "completition_cost": 333.33333333333337, "overshoot_cost": 61.86028369408327, "power_cost": 39.37204384765625, "noise_cost": 32.04841725265879, "n_waypoints_completed": 6, "tot_waypoints": 9}}
{"target": -632.0170081871547, "params": {"k_pid_pos": [1.1713477547785707, 0.3749338597260168, 0.7419603732027168], "k_pid_alt": [1.4498557363202271, 0.29986441419412757, 0.13483532682571042], "k_pid_att": [56.99489081430716, 8.317327649051533, 0.38149491556508464], "k_pid_yaw": [0.5, 1e-06, 0.1], "k_pid_hsp": [3.804601702824646, 0.2118567572694089, 0.7480747380000793], "k_pid_vsp": [259.189070246844, 244.98748476810536, 63.34914462088734]}, "datetime": {"datetime": "2025-08-11 19:00:02", "elapsed": 9282.06362247467, "delta": 25.488853454589844}, "costs": {"total_cost": 632.0170081871547, "time_cost": 99.834, "final_distance_cost": 1.7610003549248103, "oscillation_cost": 422.19470619250956, "completition_cost": 0.0, "overshoot_cost": 55.41610559206537, "power_cost": 28.59909481201172, "noise_cost": 24.21210123564336, "n_waypoints_completed": 9, "tot_waypoints": 9}}
{"target": -1520.082737830217, "params": {"k_pid_pos": [1.057098377763818, 0.2440794548247266, 0.20260274626420682], "k_pid_alt": [0.5627945006433439, 0.010553793347253149, 0.7672262346224628], "k_pid_att": [73.85733321346414, 3.4242731730369127, 0.7867840349884382], "k_pid_yaw": [0.5, 1e-06, 0.1], "k_pid_hsp": [0.7493973169789925, 0.8254089895007715, 0.45469265212478893], "k_pid_vsp": [66.10452613198797, 116.97689657527218, 366.4622860411382]}, "datetime": {"datetime": "2025-08-11 19:00:33", "elapsed": 9312.640070438385, "delta": 30.5764479637146}, "costs": {"total_cost": 1520.082737830217, "time_cost": 150, "final_distance_cost": 2.551732952510555, "oscillation_cost": 142.0464871898036, "completition_cost": 1000.0, "overshoot_cost": 127.68497263069303, "power_cost": 37.495322070312504, "noise_cost": 60.30422298689714, "n_waypoints_completed": 0, "tot_waypoints": 9}}
{"target": -1707.8306763965177, "params": {"k_pid_pos": [1.6108052212692168, 0.21678263048526802, 0.3776032946180212], "k_pid_alt": [1.5109492929207775, 0.731633264779524, 0.17229718360037716], "k_pid_att": [14.730811533296851, 0.9071278073642345, 0.21882281656124847], "k_pid_yaw": [0.5, 1e-06, 0.1], "k_pid_hsp": [2.8136733087996197, 0.24336127096738847, 0.16396387538731583], "k_pid_vsp": [79.02253880769238, 149.80001120738282, 383.50759806957393]}, "datetime": {"datetime": "2025-08-11 19:01:04", "elapsed": 9343.6514377594, "delta": 31.011367321014404}, "costs": {"total_cost": 1707.8306763965177, "time_cost": 150, "final_distance_cost": 75.43569394230407, "oscillation_cost": 510.9586079252568, "completition_cost": 777.7777777777778, "overshoot_cost": 120.84555902458284, "power_cost": 31.680856091308595, "noise_cost": 41.13218163528744, "n_waypoints_completed": 2, "tot_waypoints": 9}}
{"target": -1513.2472201369146, "params": {"k_pid_pos": [1.083806370795578, 0.47297192919391384, 0.6917544346778928], "k_pid_alt": [1.3961732857695255, 0.5133590917600211, 0.2713058920458662], "k_pid_att": [75.48706945956329, 6.4747458019653035, 0.12638488732672248], "k_pid_yaw": [0.5, 1e-06, 0.1], "k_pid_hsp": [4.349972930588535, 0.27005148039078275, 0.7119308548122101], "k_pid_vsp": [190.16510324721358, 10.100369247262538, 271.448830429834]}, "datetime": {"datetime": "2025-08-11 19:01:35", "elapsed": 9374.813734054565, "delta": 31.162296295166016}, "costs": {"total_cost": 1513.2472201369146, "time_cost": 150, "final_distance_cost": 56.06150618963232, "oscillation_cost": 518.4868370727096, "completition_cost": 666.6666666666667, "overshoot_cost": 55.54650790571515, "power_cost": 36.23456082763672, "noise_cost": 30.251141474554387, "n_waypoints_completed": 3, "tot_waypoints": 9}}
{"target": -639.1568724553945, "params": {"k_pid_pos": [1.0392260148568542, 0.048044241928863474, 0.9120799940362071], "k_pid_alt": [1.8196911686421362, 0.810501640170257, 0.7440084120544826], "k_pid_att": [60.9342946032631, 6.4519651169400225, 0.031936854072457166], "k_pid_yaw": [0.5, 1e-06, 0.1], "k_pid_hsp": [7.934456977933888, 0.5205926825821923, 0.11116838391364603], "k_pid_vsp": [121.68021268097262, 142.02850107688883, 118.56691009039493]}, "datetime": {"datetime": "2025-08-11 19:01:59", "elapsed": 9398.488180875778, "delta": 23.67444682121277}, "costs": {"total_cost": 639.1568724553945, "time_cost": 90.16, "final_distance_cost": 1.8211744506056795, "oscillation_cost": 443.1960118358103, "completition_cost": 0.0, "overshoot_cost": 55.65404733541427, "power_cost": 26.14389210205078, "noise_cost": 22.181746731513552, "n_waypoints_completed": 9, "tot_waypoints": 9}}
