{"target": -234.18373436882263, "params": {"k_pid_pos": [0.9730311088640446, 0.49920831390102394, 0.4400905642037455], "k_pid_alt": [1.817889712587127, 0.33595446151591024, 0.09010872681592877], "k_pid_att": [7.343699861517642, 4.939027151437594, 1.0], "k_pid_yaw": [0.5, 1e-06, 0.1], "k_pid_hsp": [7.972176488416918, 0.38279976662393195, 0.0], "k_pid_vsp": [290.84723905260415, 344.67487324694315, 143.93220992209444]}, "datetime": {"datetime": "2025-08-12 04:10:51", "elapsed": 42330.79870891571, "delta": 29.19116497039795}, "costs": {"total_cost": 234.18373436882263, "time_cost": 87.507, "final_distance_cost": 1.749383858097358, "oscillation_cost": 50.682345109131845, "completition_cost": 0.0, "overshoot_cost": 51.21232589649242, "power_cost": 22.205641455078126, "noise_cost": 20.827038050022846, "n_waypoints_completed": 9, "tot_waypoints": 9}}
{"target": -614.0048347366798, "params": {"k_pid_pos": [1.1694835589251458, 0.3118275924082856, 0.3801662162997592], "k_pid_alt": [1.6471904060634766, 0.43022315670570366, 0.165086441220622], "k_pid_att": [54.68625020303857, 3.337669480274665, 0.10285407310099204], "k_pid_yaw": [0.5, 1e-06, 0.1], "k_pid_hsp": [8.840235573218573, 0.5043162689330712, 0.22316278353250985], "k_pid_vsp": [397.33470706093243, 119.82468009514939, 96.39571423293546]}, "datetime": {"datetime": "2025-08-12 04:11:28", "elapsed": 42367.8299434185, "delta": 37.03123450279236}, "costs": {"total_cost": 614.0048347366798, "time_cost": 94.164, "final_distance_cost": 1.7825656525160238, "oscillation_cost": 413.9297051860333, "completition_cost": 0.0, "overshoot_cost": 54.032435744223925, "power_cost": 26.840855078125003, "noise_cost": 23.25527307578145, "n_waypoints_completed": 9, "tot_waypoints": 9}}
{"target": -1061.0657434195466, "params": {"k_pid_pos": [0.4803312849488119, 0.5991402051170643, 0.42747277718208276], "k_pid_alt": [1.9220860332047889, 0.9248807377554282, 0.6170325991850171], "k_pid_att": [20.357357444895563, 2.961734539274436, 0.03508649172381206], "k_pid_yaw": [0.5, 1e-06, 0.1], "k_pid_hsp": [0.9112246281142317, 0.5618967487081274, 0.7755140761881952], "k_pid_vsp": [74.76169822757926, 224.79143000520676, 46.33652086165937]}, "datetime": {"datetime": "2025-08-12 04:12:05", "elapsed": 42404.63859987259, "delta": 36.808656454086304}, "costs": {"total_cost": 1061.0657434195466, "time_cost": 150, "final_distance_cost": 55.97722059740076, "oscillation_cost": 510.7149965390685, "completition_cost": 222.2222222222222, "overshoot_cost": 60.0685767803434, "power_cost": 32.547009155273436, "noise_cost": 29.535718125238372, "n_waypoints_completed": 7, "tot_waypoints": 9}}
{"target": -886.4079662426287, "params": {"k_pid_pos": [1.6928913771277747, 0.0, 1.0], "k_pid_alt": [0.2358922981208305, 0.0, 0.5418283802498179], "k_pid_att": [38.84211121284069, 5.7538328376000845, 0.6127700646903032], "k_pid_yaw": [0.5, 1e-06, 0.1], "k_pid_hsp": [5.301766647267429, 0.5290809335143808, 0.08938768515878796], "k_pid_vsp": [270.90694410079067, 314.76118404134655, 76.92113929198348]}, "datetime": {"datetime": "2025-08-12 04:12:46", "elapsed": 42446.35464501381, "delta": 41.71604514122009}, "costs": {"total_cost": 886.4079662426287, "time_cost": 150, "final_distance_cost": 68.7512203599445, "oscillation_cost": 337.2617142458901, "completition_cost": 222.2222222222222, "overshoot_cost": 47.510995382128534, "power_cost": 32.4953619140625, "noise_cost": 28.166452118380853, "n_waypoints_completed": 7, "tot_waypoints": 9}}
{"target": -256.53516778408476, "params": {"k_pid_pos": [2.0, 0.08572545254683145, 1.0], "k_pid_alt": [2.0, 1.0, 0.0], "k_pid_att": [41.24191622552834, 1.037285870660431, 1.0], "k_pid_yaw": [0.5, 1e-06, 0.1], "k_pid_hsp": [4.108137847578966, 1.0, 0.0], "k_pid_vsp": [186.8513741835592, 305.2912028045845, 144.7127179767265]}, "datetime": {"datetime": "2025-08-12 04:13:19", "elapsed": 42478.61739420891, "delta": 32.26274919509888}, "costs": {"total_cost": 256.53516778408476, "time_cost": 90.349, "final_distance_cost": 1.8201896853935131, "oscillation_cost": 65.0145301611997, "completition_cost": 0.0, "overshoot_cost": 53.949925603504326, "power_cost": 24.0581236328125, "noise_cost": 21.34339870117469, "n_waypoints_completed": 9, "tot_waypoints": 9}}
{"target": -462.82699697939387, "params": {"k_pid_pos": [2.0, 0.15652246143277643, 0.559497809737409], "k_pid_alt": [0.8367757913636743, 0.44822360134453937, 0.20311280480698138], "k_pid_att": [47.506766863388954, 6.008055385305857, 0.4783280114992871], "k_pid_yaw": [0.5, 1e-06, 0.1], "k_pid_hsp": [8.072682670260933, 0.36700360123124315, 0.13752957072254693], "k_pid_vsp": [212.6464495151671, 226.4420183459417, 119.84193490482643]}, "datetime": {"datetime": "2025-08-12 04:13:51", "elapsed": 42510.5014193058, "delta": 31.88402509689331}, "costs": {"total_cost": 462.82699697939387, "time_cost": 84.833, "final_distance_cost": 1.7618607684006136, "oscillation_cost": 277.6017291290899, "completition_cost": 0.0, "overshoot_cost": 53.417751640651616, "power_cost": 24.524636755371095, "noise_cost": 20.68801868588066, "n_waypoints_completed": 9, "tot_waypoints": 9}}
{"target": -574.0334111867103, "params": {"k_pid_pos": [1.236181656739545, 0.7749037665520427, 0.5063133984751379], "k_pid_alt": [0.6972283254612166, 0.880001974579162, 0.3875901901931871], "k_pid_att": [42.416906647547314, 5.446771667884978, 0.23916653054355652], "k_pid_yaw": [0.5, 1e-06, 0.1], "k_pid_hsp": [7.2422855852275, 0.6546764785361427, 0.12852546520194696], "k_pid_vsp": [123.15316669086984, 369.9508715701966, 116.5868360491784]}, "datetime": {"datetime": "2025-08-12 04:14:27", "elapsed": 42546.62105131149, "delta": 36.11963200569153}, "costs": {"total_cost": 574.0334111867103, "time_cost": 100.233, "final_distance_cost": 1.730922593662248, "oscillation_cost": 357.34508437272, "completition_cost": 0.0, "overshoot_cost": 60.253935547347396, "power_cost": 29.641955029296877, "noise_cost": 24.828513643683706, "n_waypoints_completed": 9, "tot_waypoints": 9}}
{"target": -1505.0501849713075, "params": {"k_pid_pos": [0.1349658179628825, 0.375071156820608, 0.9243501188576885], "k_pid_alt": [1.4108308276093038, 0.9119817066910052, 0.40832533418486017], "k_pid_att": [88.17326804606958, 5.66422712591605, 0.5507694295887503], "k_pid_yaw": [0.5, 1e-06, 0.1], "k_pid_hsp": [7.768041652293406, 0.8368962116313261, 0.11988227838113386], "k_pid_vsp": [170.88751135530242, 127.03748258060126, 11.707611560082409]}, "datetime": {"datetime": "2025-08-12 04:15:04", "elapsed": 42583.58955717087, "delta": 36.968505859375}, "costs": {"total_cost": 1505.0501849713075, "time_cost": 150, "final_distance_cost": 44.82003314626588, "oscillation_cost": 742.7610782643281, "completition_cost": 444.4444444444444, "overshoot_cost": 58.22585190936378, "power_cost": 34.47742940673828, "noise_cost": 30.321347800166798, "n_waypoints_completed": 5, "tot_waypoints": 9}}
{"target": -505.5547150693965, "params": {"k_pid_pos": [1.0464866330503342, 0.10384750090550754, 0.7652417916116643], "k_pid_alt": [1.1082259740919085, 0.5464095084066009, 0.049169576376769886], "k_pid_att": [42.32187314697736, 8.251028747817603, 0.6452366484922978], "k_pid_yaw": [0.5, 1e-06, 0.1], "k_pid_hsp": [9.608838717404494, 0.7718642752616373, 0.9083945694138942], "k_pid_vsp": [273.68973260778034, 355.3014340017262, 21.96409217327896]}, "datetime": {"datetime": "2025-08-12 04:15:33", "elapsed": 42613.01126527786, "delta": 29.42170810699463}, "costs": {"total_cost": 505.5547150693965, "time_cost": 90.503, "final_distance_cost": 1.8025585924110805, "oscillation_cost": 311.75228164311, "completition_cost": 0.0, "overshoot_cost": 53.292216048265516, "power_cost": 25.734328552246094, "noise_cost": 22.47033023336374, "n_waypoints_completed": 9, "tot_waypoints": 9}}
{"target": -844.2766833940805, "params": {"k_pid_pos": [1.1945386735456245, 0.9753423645560709, 0.447134575249834], "k_pid_alt": [0.8521703801578497, 0.6965489599638928, 0.14317551490684166], "k_pid_att": [4.047845658430516, 9.510336637455689, 0.1043028342441864], "k_pid_yaw": [0.5, 1e-06, 0.1], "k_pid_hsp": [6.418613465715651, 0.6433344799425358, 0.2872820431129801], "k_pid_vsp": [36.65867572418278, 369.75630329793654, 142.28882622751686]}, "datetime": {"datetime": "2025-08-12 04:16:13", "elapsed": 42652.91355776787, "delta": 39.90229249000549}, "costs": {"total_cost": 844.2766833940805, "time_cost": 150, "final_distance_cost": 63.05477931619421, "oscillation_cost": 284.7495143795519, "completition_cost": 222.2222222222222, "overshoot_cost": 60.577264727974466, "power_cost": 33.93285457763672, "noise_cost": 29.740048170501062, "n_waypoints_completed": 7, "tot_waypoints": 9}}
{"target": -451.8676545632892, "params": {"k_pid_pos": [0.6201500598288072, 0.5401218701429732, 0.2767018916085734], "k_pid_alt": [1.5234464660838771, 0.04108766531848218, 0.6820710593946517], "k_pid_att": [30.166985733189467, 1.7774467987984834, 0.57034918157381], "k_pid_yaw": [0.5, 1e-06, 0.1], "k_pid_hsp": [2.3724493133866615, 0.5966786655228509, 0.6752900008526789], "k_pid_vsp": [235.75266076619226, 326.4152892595743, 15.503723078733962]}, "datetime": {"datetime": "2025-08-12 04:16:51", "elapsed": 42690.79030609131, "delta": 37.87674832344055}, "costs": {"total_cost": 451.8676545632892, "time_cost": 97.405, "final_distance_cost": 1.7771730331089066, "oscillation_cost": 240.80849415634736, "completition_cost": 0.0, "overshoot_cost": 58.407225726511136, "power_cost": 27.761730175781253, "noise_cost": 25.708031471540476, "n_waypoints_completed": 9, "tot_waypoints": 9}}
{"target": -818.5962246839765, "params": {"k_pid_pos": [1.7238261798651202, 0.8734886301741988, 0.6382665649155206], "k_pid_alt": [0.2661104809366712, 0.9451288300929859, 0.09118345619749835], "k_pid_att": [43.74884660395345, 7.489467081993819, 0.5537479603941722], "k_pid_yaw": [0.5, 1e-06, 0.1], "k_pid_hsp": [7.35584760323194, 0.6122772375898118, 0.022587563443781766], "k_pid_vsp": [128.92058304160255, 100.17628825082643, 50.16316991638304]}, "datetime": {"datetime": "2025-08-12 04:17:31", "elapsed": 42730.50142669678, "delta": 39.71112060546875}, "costs": {"total_cost": 818.5962246839765, "time_cost": 150, "final_distance_cost": 75.85558221833917, "oscillation_cost": 243.84242933102647, "completition_cost": 222.2222222222222, "overshoot_cost": 63.52620143215641, "power_cost": 32.862011242675784, "noise_cost": 30.28777823755647, "n_waypoints_completed": 7, "tot_waypoints": 9}}
{"target": -583.9884664706639, "params": {"k_pid_pos": [1.2204227327795116, 0.2617165971631361, 0.333143059975902], "k_pid_alt": [1.3466192011748344, 0.9658780012824363, 0.3958374624005645], "k_pid_att": [48.24333995650314, 7.344086904852577, 0.8054070170981338], "k_pid_yaw": [0.5, 1e-06, 0.1], "k_pid_hsp": [4.424263703958924, 0.005525310148276286, 0.6121152405531418], "k_pid_vsp": [225.40734718713028, 25.298388677447583, 32.87172355802513]}, "datetime": {"datetime": "2025-08-12 04:18:14", "elapsed": 42773.45671200752, "delta": 42.95528531074524}, "costs": {"total_cost": 583.9884664706639, "time_cost": 114.212, "final_distance_cost": 1.7813848926405895, "oscillation_cost": 345.9888375532146, "completition_cost": 0.0, "overshoot_cost": 62.412206140108054, "power_cost": 32.31626068115234, "noise_cost": 27.277777203548247, "n_waypoints_completed": 9, "tot_waypoints": 9}}
{"target": -1002.9215005773858, "params": {"k_pid_pos": [0.38043848090268817, 0.9805266825619924, 0.601522068036805], "k_pid_alt": [1.9198974073130697, 0.3902828231762142, 0.8331316168271653], "k_pid_att": [19.461738691484154, 8.884008863803153, 0.3069268100114537], "k_pid_yaw": [0.5, 1e-06, 0.1], "k_pid_hsp": [7.865868933151242, 0.9761430794976568, 0.7070064238283461], "k_pid_vsp": [295.97564651698747, 313.7586485030167, 168.33422319158453]}, "datetime": {"datetime": "2025-08-12 04:19:00", "elapsed": 42819.65210914612, "delta": 46.19539713859558}, "costs": {"total_cost": 1002.9215005773858, "time_cost": 150, "final_distance_cost": 78.51737744098625, "oscillation_cost": 322.571421537662, "completition_cost": 333.33333333333337, "overshoot_cost": 53.92444642782655, "power_cost": 35.30948455810547, "noise_cost": 29.265437279472152, "n_waypoints_completed": 6, "tot_waypoints": 9}}
{"target": -590.2161621245918, "params": {"k_pid_pos": [1.6543571972724573, 0.31219904046667113, 0.5121023396742914], "k_pid_alt": [0.5193394128044462, 0.816024149523687, 0.7347910578036503], "k_pid_att": [41.48071471667818, 0.4042442759701899, 0.18470179532159625], "k_pid_yaw": [0.5, 1e-06, 0.1], "k_pid_hsp": [5.181567167974424, 0.8968172602211802, 0.05763910541327799], "k_pid_vsp": [127.70143777070567, 380.33901166459265, 110.453812649356]}, "datetime": {"datetime": "2025-08-12 04:19:34", "elapsed": 42853.59323644638, "delta": 33.94112730026245}, "costs": {"total_cost": 590.2161621245918, "time_cost": 107.037, "final_distance_cost": 1.7777727860914998, "oscillation_cost": 361.5617429962502, "completition_cost": 0.0, "overshoot_cost": 63.2528512267673, "power_cost": 30.838594677734378, "noise_cost": 25.748200437748448, "n_waypoints_completed": 9, "tot_waypoints": 9}}
{"target": -417.5949619922038, "params": {"k_pid_pos": [1.8227798265430066, 0.46716018467357445, 0.13911853981836164], "k_pid_alt": [0.43405995806342035, 0.6768633750570607, 0.7891274510490307], "k_pid_att": [11.455555895721037, 3.215303033024526, 0.7280672427898874], "k_pid_yaw": [0.5, 1e-06, 0.1], "k_pid_hsp": [3.4652490311015973, 0.5633879903573514, 0.4285754148108012], "k_pid_vsp": [229.62375217823472, 273.6949037966264, 23.437013302964644]}, "datetime": {"datetime": "2025-08-12 04:20:10", "elapsed": 42890.11858463287, "delta": 36.52534818649292}, "costs": {"total_cost": 417.5949619922038, "time_cost": 117.754, "final_distance_cost": 1.7565387376179278, "oscillation_cost": 170.4825516166119, "completition_cost": 0.0, "overshoot_cost": 63.18966860825088, "power_cost": 32.84185963134766, "noise_cost": 31.57034339837547, "n_waypoints_completed": 9, "tot_waypoints": 9}}
{"target": -910.8937638345401, "params": {"k_pid_pos": [0.48272745703027314, 0.22152247624571675, 0.29136510663149695], "k_pid_alt": [0.5718062938603501, 0.10547245176946174, 0.9087276024897558], "k_pid_att": [17.77519296335477, 9.086800598675639, 0.6458606208604467], "k_pid_yaw": [0.5, 1e-06, 0.1], "k_pid_hsp": [7.873402010401202, 0.05121777059241617, 0.24220821304967077], "k_pid_vsp": [45.11242015995185, 336.1366106259288, 139.3431746543737]}, "datetime": {"datetime": "2025-08-12 04:20:46", "elapsed": 42926.363646268845, "delta": 36.24506163597107}, "costs": {"total_cost": 910.8937638345401, "time_cost": 150, "final_distance_cost": 72.78784230601227, "oscillation_cost": 351.1360052602581, "completition_cost": 222.2222222222222, "overshoot_cost": 56.502450513199385, "power_cost": 30.73461170654297, "noise_cost": 27.510631826305172, "n_waypoints_completed": 7, "tot_waypoints": 9}}
{"target": -333.0196646245029, "params": {"k_pid_pos": [2.0, 0.0, 0.0], "k_pid_alt": [2.0, 1.0, 1.0], "k_pid_att": [4.897367590192019, 1.4106966128148661, 0.9814165032660783], "k_pid_yaw": [0.5, 1e-06, 0.1], "k_pid_hsp": [7.906597012867503, 0.5778181413812054, 1.0], "k_pid_vsp": [191.31488890808785, 324.66461704565836, 14.014925245088271]}, "datetime": {"datetime": "2025-08-12 04:21:19", "elapsed": 42959.053808927536, "delta": 32.690162658691406}, "costs": {"total_cost": 333.0196646245029, "time_cost": 98.371, "final_distance_cost": 1.7442446942655954, "oscillation_cost": 121.06742099239716, "completition_cost": 0.0, "overshoot_cost": 58.42296914758942, "power_cost": 26.98057468261719, "noise_cost": 26.433455107633574, "n_waypoints_completed": 9, "tot_waypoints": 9}}
{"target": -686.9101485989257, "params": {"k_pid_pos": [0.6324059181936676, 0.8567006242642649, 0.03829119592711294], "k_pid_alt": [1.9009325935434391, 0.3850829587213087, 0.7072113325667205], "k_pid_att": [33.86754614960562, 3.4165794429898706, 0.2508067346415852], "k_pid_yaw": [0.5, 1e-06, 0.1], "k_pid_hsp": [5.061626037311395, 0.068328352851725, 0.04596077803535892], "k_pid_vsp": [275.2164092756938, 359.88362194352237, 24.321206339543444]}, "datetime": {"datetime": "2025-08-12 04:21:56", "elapsed": 42995.94481468201, "delta": 36.891005754470825}, "costs": {"total_cost": 686.9101485989257, "time_cost": 150, "final_distance_cost": 67.71763518293382, "oscillation_cost": 129.88807167541358, "completition_cost": 222.2222222222222, "overshoot_cost": 52.533779975689434, "power_cost": 33.57770928955078, "noise_cost": 30.970730253116017, "n_waypoints_completed": 7, "tot_waypoints": 9}}
{"target": -579.5339883189002, "params": {"k_pid_pos": [1.4479135594385828, 0.7056226252636447, 0.8994869450072311], "k_pid_alt": [1.264230841885828, 0.16659863153948018, 0.0973237021256782], "k_pid_att": [56.03601083413415, 2.49929081349157, 0.40594037310067543], "k_pid_yaw": [0.5, 1e-06, 0.1], "k_pid_hsp": [8.42818635448531, 0.7082709314919963, 0.9607451099494786], "k_pid_vsp": [208.6332528774924, 104.52819866965405, 41.814732475392]}, "datetime": {"datetime": "2025-08-12 04:22:31", "elapsed": 43031.35343289375, "delta": 35.408618211746216}, "costs": {"total_cost": 579.5339883189002, "time_cost": 98.735, "final_distance_cost": 1.778577637173296, "oscillation_cost": 373.76386784243886, "completition_cost": 0.0, "overshoot_cost": 52.941494547079145, "power_cost": 28.072615173339845, "noise_cost": 24.24243311886917, "n_waypoints_completed": 9, "tot_waypoints": 9}}
{"target": -421.01305823690114, "params": {"k_pid_pos": [0.8239727678772006, 0.3062721801849949, 0.20142749208081934], "k_pid_alt": [1.3619553488709197, 0.029538844109584406, 0.6485573730947488], "k_pid_att": [44.93464800183792, 6.081497225589292, 0.7225135161111019], "k_pid_yaw": [0.5, 1e-06, 0.1], "k_pid_hsp": [2.3735182292711, 0.5069493508693447, 0.26512036703722497], "k_pid_vsp": [199.8148203292219, 244.63367543198956, 118.06030192657428]}, "datetime": {"datetime": "2025-08-12 04:23:02", "elapsed": 43062.35471868515, "delta": 31.001285791397095}, "costs": {"total_cost": 421.01305823690114, "time_cost": 88.361, "final_distance_cost": 1.7973540636199203, "oscillation_cost": 233.05082735315028, "completition_cost": 0.0, "overshoot_cost": 51.31442471926045, "power_cost": 25.07183240966797, "noise_cost": 21.417619691202518, "n_waypoints_completed": 9, "tot_waypoints": 9}}
{"target": -344.99603036667213, "params": {"k_pid_pos": [0.9502242570378255, 0.05208884413772752, 0.7745469432065097], "k_pid_alt": [0.08970373241714724, 0.8768373478992664, 0.12433807805549413], "k_pid_att": [18.17717705633276, 7.69209685172986, 0.9379169754878847], "k_pid_yaw": [0.5, 1e-06, 0.1], "k_pid_hsp": [9.192601111279432, 0.9212983366375114, 0.04051509497993622], "k_pid_vsp": [232.16250137293403, 38.32588525272563, 32.03706677623937]}, "datetime": {"datetime": "2025-08-12 04:23:35", "elapsed": 43095.10469865799, "delta": 32.749979972839355}, "costs": {"total_cost": 344.99603036667213, "time_cost": 107.45700000000001, "final_distance_cost": 1.828500859563341, "oscillation_cost": 115.29912577990487, "completition_cost": 0.0, "overshoot_cost": 66.71498873370089, "power_cost": 27.673249169921878, "noise_cost": 26.023165823581166, "n_waypoints_completed": 9, "tot_waypoints": 9}}
{"target": -454.40863953085, "params": {"k_pid_pos": [1.4656127395277185, 0.33283630618330323, 0.3122828896398369], "k_pid_alt": [1.4904546986841645, 0.4995768921504022, 0.1557698836926872], "k_pid_att": [17.771914190692844, 3.1600576898938724, 0.566415097498872], "k_pid_yaw": [0.5, 1e-06, 0.1], "k_pid_hsp": [7.569172109397583, 0.3447257345713528, 0.5147427987032334], "k_pid_vsp": [302.4041489043488, 314.74015957452895, 165.65991069049937]}, "datetime": {"datetime": "2025-08-12 04:24:05", "elapsed": 43124.44532561302, "delta": 29.34062695503235}, "costs": {"total_cost": 454.40863953085, "time_cost": 87.556, "final_distance_cost": 1.759497544027576, "oscillation_cost": 263.9977124091839, "completition_cost": 0.0, "overshoot_cost": 54.51180501096785, "power_cost": 24.964268334960938, "noise_cost": 21.619356231709663, "n_waypoints_completed": 9, "tot_waypoints": 9}}
{"target": -1038.6784713913569, "params": {"k_pid_pos": [1.0528216938103019, 0.306352056932806, 0.2849556203267495], "k_pid_alt": [0.19363317431304972, 0.018457304482711434, 0.6267303641244987], "k_pid_att": [54.287341809546675, 0.8043162674047332, 0.15219719484222394], "k_pid_yaw": [0.5, 1e-06, 0.1], "k_pid_hsp": [8.446313966532626, 0.584558181072401, 0.4541055918598269], "k_pid_vsp": [211.56333383765843, 99.7704797646324, 34.257550272668325]}, "datetime": {"datetime": "2025-08-12 04:24:46", "elapsed": 43165.5066242218, "delta": 41.06129860877991}, "costs": {"total_cost": 1038.6784713913569, "time_cost": 150, "final_distance_cost": 66.5243858529798, "oscillation_cost": 597.5035880621753, "completition_cost": 111.11111111111116, "overshoot_cost": 49.65281596930515, "power_cost": 35.13841844482422, "noise_cost": 28.748151950961244, "n_waypoints_completed": 8, "tot_waypoints": 9}}
{"target": -314.9526649431061, "params": {"k_pid_pos": [1.2499262737112877, 0.09398443636638587, 0.8797879678479924], "k_pid_alt": [1.4672877066699948, 0.25845413200031087, 0.9000090286710829], "k_pid_att": [4.308884158592741, 4.424083747199569, 0.47653178206886626], "k_pid_yaw": [0.5, 1e-06, 0.1], "k_pid_hsp": [2.5861338716652744, 0.02149820609062658, 0.5587326511870114], "k_pid_vsp": [274.6364812203104, 359.5362436373327, 31.8509310436451]}, "datetime": {"datetime": "2025-08-12 04:25:13", "elapsed": 43192.39702677727, "delta": 26.8904025554657}, "costs": {"total_cost": 314.9526649431061, "time_cost": 82.83800000000001, "final_distance_cost": 1.7957302007182494, "oscillation_cost": 133.96193415555155, "completition_cost": 0.0, "overshoot_cost": 54.881805513285855, "power_cost": 21.93889039306641, "noise_cost": 19.53630468048401, "n_waypoints_completed": 9, "tot_waypoints": 9}}
