{"target": -433.5052635436387, "params": {"k_pid_pos": [1.534697149293897, 0.2155281070427677, 0.9749287885246235], "k_pid_alt": [0.8277644854426192, 0.36121033755163856, 0.056916351424240674], "k_pid_att": [51.01853137185907, 2.6424648731632114, 0.9351479034209885], "k_pid_yaw": [0.5, 1e-06, 0.1], "k_pid_hsp": [8.610942841715632, 0.34703694754585335, 0.7408352960150091], "k_pid_vsp": [210.8428444056077, 237.38418737763206, 131.81665385898933]}, "datetime": {"datetime": "2025-08-11 19:14:27", "elapsed": 10147.264340162277, "delta": 21.313987970352173}, "costs": {"total_cost": 433.5052635436387, "time_cost": 82.166, "final_distance_cost": 1.784590433701836, "oscillation_cost": 251.51352002854725, "completition_cost": 0.0, "overshoot_cost": 54.79059867848006, "power_cost": 23.23685280761719, "noise_cost": 20.013701595292307, "n_waypoints_completed": 9, "tot_waypoints": 9}}
{"target": -611.2215816633578, "params": {"k_pid_pos": [0.9353449361659787, 0.09815744605803567, 0.45549940896288954], "k_pid_alt": [0.4941362113382519, 0.034638926554495963, 0.8234233944267603], "k_pid_att": [64.51245850063758, 4.884176286230977, 0.5453245819429374], "k_pid_yaw": [0.5, 1e-06, 0.1], "k_pid_hsp": [5.892426800383167, 0.27929805792026663, 0.0313930811318045], "k_pid_vsp": [260.5681549409895, 144.64308598723952, 25.017680306843282]}, "datetime": {"datetime": "2025-08-11 19:14:56", "elapsed": 10176.259160518646, "delta": 28.99482035636902}, "costs": {"total_cost": 611.2215816633578, "time_cost": 111.489, "final_distance_cost": 1.8361248189797814, "oscillation_cost": 388.18375149842194, "completition_cost": 0.0, "overshoot_cost": 52.49209067236765, "power_cost": 30.131528210449222, "noise_cost": 27.089086463139157, "n_waypoints_completed": 9, "tot_waypoints": 9}}
{"target": -856.5445930897916, "params": {"k_pid_pos": [0.9465460691099888, 0.8526939622793756, 0.21181430777914712], "k_pid_alt": [0.8349653456186823, 0.773485252801184, 0.511090609904924], "k_pid_att": [18.93970368408202, 7.937091796270458, 0.657742029996714], "k_pid_yaw": [0.5, 1e-06, 0.1], "k_pid_hsp": [7.061587483332473, 0.428265739775177, 0.8974133592765424], "k_pid_vsp": [210.99037517544826, 67.25751709666683, 104.71882008525782]}, "datetime": {"datetime": "2025-08-11 19:15:27", "elapsed": 10206.526134967804, "delta": 30.266974449157715}, "costs": {"total_cost": 856.5445930897916, "time_cost": 150, "final_distance_cost": 73.68610253226035, "oscillation_cost": 288.85700695699006, "completition_cost": 222.2222222222222, "overshoot_cost": 57.17958754593443, "power_cost": 33.75458330078125, "noise_cost": 30.845090531603407, "n_waypoints_completed": 7, "tot_waypoints": 9}}
{"target": -568.1970889038704, "params": {"k_pid_pos": [1.0689173160456518, 0.017200450316261384, 0.4520396616317932], "k_pid_alt": [1.2923024825201557, 0.8366793502676635, 0.5419798589858924], "k_pid_att": [52.82533731298628, 3.91466266097217, 0.9890167008466474], "k_pid_yaw": [0.5, 1e-06, 0.1], "k_pid_hsp": [8.256302294981847, 0.5893863832038291, 0.9023154883058804], "k_pid_vsp": [147.45459175795364, 264.1350659143746, 189.61203343417202]}, "datetime": {"datetime": "2025-08-11 19:15:50", "elapsed": 10230.16812133789, "delta": 23.64198637008667}, "costs": {"total_cost": 568.1970889038704, "time_cost": 93.57600000000001, "final_distance_cost": 1.7624083928923775, "oscillation_cost": 361.9830208536907, "completition_cost": 0.0, "overshoot_cost": 60.62399840572041, "power_cost": 27.692623864746096, "noise_cost": 22.559037386820822, "n_waypoints_completed": 9, "tot_waypoints": 9}}
{"target": -986.0125434120265, "params": {"k_pid_pos": [0.5737678008416306, 0.7057219712601609, 0.23823979311506704], "k_pid_alt": [1.355076355763507, 0.905053931335302, 0.14044898506692083], "k_pid_att": [95.4668123783526, 0.9638768670385952, 0.7197851600384432], "k_pid_yaw": [0.5, 1e-06, 0.1], "k_pid_hsp": [9.458063389426725, 0.920237570964204, 0.329242202958672], "k_pid_vsp": [360.75765596840904, 3.0900588384473227, 186.08282897003411]}, "datetime": {"datetime": "2025-08-11 19:16:21", "elapsed": 10261.177143096924, "delta": 31.009021759033203}, "costs": {"total_cost": 986.0125434120265, "time_cost": 150, "final_distance_cost": 64.61587838059127, "oscillation_cost": 427.54622755696727, "completition_cost": 222.2222222222222, "overshoot_cost": 57.596179791161035, "power_cost": 36.120591430664064, "noise_cost": 27.911444030420686, "n_waypoints_completed": 7, "tot_waypoints": 9}}
{"target": -848.0653478856151, "params": {"k_pid_pos": [0.343645547782553, 0.2557796774259514, 0.6346612412615291], "k_pid_alt": [0.1690019725487273, 0.2947594749844341, 0.5282555905511644], "k_pid_att": [2.2638040943220306, 0.8015354286872987, 0.11635166422194132], "k_pid_yaw": [0.5, 1e-06, 0.1], "k_pid_hsp": [2.9753751280912506, 0.5465027315594602, 0.0494120706744442], "k_pid_vsp": [284.1859772667832, 331.9777909408813, 133.16030634314637]}, "datetime": {"datetime": "2025-08-11 19:16:52", "elapsed": 10292.242164373398, "delta": 31.065021276474}, "costs": {"total_cost": 848.0653478856151, "time_cost": 150, "final_distance_cost": 50.93999897459592, "oscillation_cost": 88.18198315705622, "completition_cost": 444.4444444444444, "overshoot_cost": 56.542299228886215, "power_cost": 29.28286403808594, "noise_cost": 28.673758042546453, "n_waypoints_completed": 5, "tot_waypoints": 9}}
{"target": -1586.9825967240986, "params": {"k_pid_pos": [0.007876856360682504, 0.5369943553538206, 0.6794241594647643], "k_pid_alt": [1.2885535995226025, 0.49576202373692124, 0.11811001251375086], "k_pid_att": [33.00151685483513, 2.008346292812675, 0.7878594220592774], "k_pid_yaw": [0.5, 1e-06, 0.1], "k_pid_hsp": [8.620546366964597, 0.8118001296071213, 0.18824886162364263], "k_pid_vsp": [84.45500550319123, 211.11091449854828, 35.36659711393456]}, "datetime": {"datetime": "2025-08-11 19:17:23", "elapsed": 10323.145562887192, "delta": 30.903398513793945}, "costs": {"total_cost": 1586.9825967240986, "time_cost": 150, "final_distance_cost": 63.54122246399028, "oscillation_cost": 391.2519187956447, "completition_cost": 888.8888888888888, "overshoot_cost": 32.47963720903434, "power_cost": 32.73956109619141, "noise_cost": 28.081368270349245, "n_waypoints_completed": 1, "tot_waypoints": 9}}
{"target": -1033.5699152157192, "params": {"k_pid_pos": [0.5866567786892052, 0.2355301863337208, 0.668783543252917], "k_pid_alt": [0.028866088991348127, 0.9969637158209814, 0.5015336491145362], "k_pid_att": [14.58308809495289, 1.3984912106780263, 0.2910680309043582], "k_pid_yaw": [0.5, 1e-06, 0.1], "k_pid_hsp": [8.568967848185686, 0.6663356924447593, 0.7759013252411358], "k_pid_vsp": [388.6421689934184, 163.25131377989044, 316.437627095654]}, "datetime": {"datetime": "2025-08-11 19:17:55", "elapsed": 10355.237557888031, "delta": 32.09199500083923}, "costs": {"total_cost": 1033.5699152157192, "time_cost": 150, "final_distance_cost": 78.69169149008978, "oscillation_cost": 458.91816665531985, "completition_cost": 222.2222222222222, "overshoot_cost": 63.208848953837204, "power_cost": 31.346734716796878, "noise_cost": 29.182251177453427, "n_waypoints_completed": 7, "tot_waypoints": 9}}
{"target": -1243.4567977576348, "params": {"k_pid_pos": [0.22099466154657374, 0.768949356094246, 0.8275971440254377], "k_pid_alt": [1.9489651680306632, 0.017973021242118636, 0.29623319360378086], "k_pid_att": [45.40971606325345, 6.20969567461456, 0.19625546356094103], "k_pid_yaw": [0.5, 1e-06, 0.1], "k_pid_hsp": [5.833483567151525, 0.1440535832130292, 0.6838400617313368], "k_pid_vsp": [201.7916230149333, 228.73198407199553, 121.65085722588941]}, "datetime": {"datetime": "2025-08-11 19:18:26", "elapsed": 10386.055431842804, "delta": 30.81787395477295}, "costs": {"total_cost": 1243.4567977576348, "time_cost": 150, "final_distance_cost": 57.1125048449243, "oscillation_cost": 478.1427339718073, "completition_cost": 444.4444444444444, "overshoot_cost": 49.63079151494571, "power_cost": 35.38409996337891, "noise_cost": 28.74222301813419, "n_waypoints_completed": 5, "tot_waypoints": 9}}
{"target": -865.0122838775429, "params": {"k_pid_pos": [0.4085690815858325, 0.6606314757575723, 0.7212839871990284], "k_pid_alt": [0.26530622435323603, 0.15123321680094526, 0.4289706643737896], "k_pid_att": [33.96250755737492, 4.9437802521262375, 0.2321410953347226], "k_pid_yaw": [0.5, 1e-06, 0.1], "k_pid_hsp": [6.173047162500708, 0.9986949327678818, 0.13761798649308443], "k_pid_vsp": [224.8842446505462, 275.78665806406, 62.23531264753144]}, "datetime": {"datetime": "2025-08-11 19:18:57", "elapsed": 10416.7166826725, "delta": 30.661250829696655}, "costs": {"total_cost": 865.0122838775429, "time_cost": 150, "final_distance_cost": 38.085339005653324, "oscillation_cost": 447.8503660447761, "completition_cost": 111.11111111111116, "overshoot_cost": 58.22877742830716, "power_cost": 31.658919067382815, "noise_cost": 28.077771220312318, "n_waypoints_completed": 8, "tot_waypoints": 9}}
{"target": -909.3491186105238, "params": {"k_pid_pos": [0.39265181001204524, 0.04193295217053572, 0.396406914221627], "k_pid_alt": [1.3337636742810148, 0.37175998336053995, 0.21514073889256358], "k_pid_att": [39.69478706757202, 7.5618381163561175, 0.6554998526195426], "k_pid_yaw": [0.5, 1e-06, 0.1], "k_pid_hsp": [2.3917336571028507, 0.14735396188797856, 0.5674075841937275], "k_pid_vsp": [113.23476849839635, 140.11370646509096, 18.407751054590403]}, "datetime": {"datetime": "2025-08-11 19:19:28", "elapsed": 10447.573866128922, "delta": 30.8571834564209}, "costs": {"total_cost": 909.3491186105238, "time_cost": 150, "final_distance_cost": 12.183356641969196, "oscillation_cost": 515.2036303635144, "completition_cost": 111.11111111111116, "overshoot_cost": 58.96967484236632, "power_cost": 33.52351545410156, "noise_cost": 28.35783019746102, "n_waypoints_completed": 8, "tot_waypoints": 9}}
{"target": -723.4281528867253, "params": {"k_pid_pos": [1.9067321790572076, 0.04689095611190153, 0.9801542066619233], "k_pid_alt": [1.21664989190223, 0.7405048321831154, 0.1265659504496488], "k_pid_att": [49.67804574829175, 7.557827817653468, 0.5626260857650387], "k_pid_yaw": [0.5, 1e-06, 0.1], "k_pid_hsp": [2.4234691984762295, 0.07362076063143908, 0.2769775310812461], "k_pid_vsp": [66.97914495090087, 324.28372450515303, 206.41038588114603]}, "datetime": {"datetime": "2025-08-11 19:19:58", "elapsed": 10477.561619758606, "delta": 29.98775362968445}, "costs": {"total_cost": 723.4281528867253, "time_cost": 115.61200000000001, "final_distance_cost": 1.7807628561540343, "oscillation_cost": 476.1650703552873, "completition_cost": 0.0, "overshoot_cost": 65.69875830743067, "power_cost": 33.81237923583984, "noise_cost": 30.35918213201344, "n_waypoints_completed": 9, "tot_waypoints": 9}}
{"target": -1271.0890160167398, "params": {"k_pid_pos": [0.48283922577763644, 0.061678094477405354, 0.31079436121101733], "k_pid_alt": [0.7414378647313511, 0.646227619654774, 0.09982391167995219], "k_pid_att": [58.67304811292582, 3.702983274093408, 0.34328532184302496], "k_pid_yaw": [0.5, 1e-06, 0.1], "k_pid_hsp": [1.8162220250096204, 0.02523043195453778, 0.7974437918185219], "k_pid_vsp": [262.82325590496066, 245.70552459312367, 62.175399909755996]}, "datetime": {"datetime": "2025-08-11 19:20:28", "elapsed": 10508.095393896103, "delta": 30.53377413749695}, "costs": {"total_cost": 1271.0890160167398, "time_cost": 150, "final_distance_cost": 64.73188764057444, "oscillation_cost": 605.5641037486057, "completition_cost": 333.33333333333337, "overshoot_cost": 54.48271758256577, "power_cost": 35.17195778808594, "noise_cost": 27.8050159235746, "n_waypoints_completed": 6, "tot_waypoints": 9}}
{"target": -422.3722995767024, "params": {"k_pid_pos": [0.6489411751982793, 0.45169917146094546, 0.17460245819822445], "k_pid_alt": [1.1701122649809195, 0.4259730383929123, 0.5933689745499505], "k_pid_att": [8.503585574812034, 9.630912712211343, 0.2491381849969234], "k_pid_yaw": [0.5, 1e-06, 0.1], "k_pid_hsp": [5.443842812083636, 0.20492233153388642, 0.22395573468135252], "k_pid_vsp": [302.94878955073415, 305.09441840485215, 167.74209414863094]}, "datetime": {"datetime": "2025-08-11 19:20:55", "elapsed": 10534.84621334076, "delta": 26.750819444656372}, "costs": {"total_cost": 422.3722995767024, "time_cost": 102.837, "final_distance_cost": 1.7412549200311378, "oscillation_cost": 211.39311703121857, "completition_cost": 0.0, "overshoot_cost": 56.024493611562406, "power_cost": 25.948028356933595, "noise_cost": 24.42840565695668, "n_waypoints_completed": 9, "tot_waypoints": 9}}
{"target": -513.7216591949636, "params": {"k_pid_pos": [1.7421850551633011, 0.7959974194437178, 0.9466904065440557], "k_pid_alt": [1.1599415536156517, 0.6496251384461902, 0.7132979117239784], "k_pid_att": [35.43251885805767, 4.05121817738443, 0.7670882770023755], "k_pid_yaw": [0.5, 1e-06, 0.1], "k_pid_hsp": [5.177384813451207, 0.557753585253725, 0.9229042398164815], "k_pid_vsp": [231.25803065078276, 326.8135295580529, 16.577375757044873]}, "datetime": {"datetime": "2025-08-11 19:21:21", "elapsed": 10561.15760922432, "delta": 26.31139588356018}, "costs": {"total_cost": 513.7216591949636, "time_cost": 101.164, "final_distance_cost": 1.7463025836294988, "oscillation_cost": 300.6335513171992, "completition_cost": 0.0, "overshoot_cost": 55.475026665331235, "power_cost": 28.609451879882815, "noise_cost": 26.09332674892082, "n_waypoints_completed": 9, "tot_waypoints": 9}}
{"target": -741.9139171488663, "params": {"k_pid_pos": [0.9873851714837337, 0.9051965911120871, 0.16158679449852176], "k_pid_alt": [0.6327590726584311, 0.2735792388955731, 0.2020187419820355], "k_pid_att": [33.5231230471704, 4.569335123793534, 0.08550751680026014], "k_pid_yaw": [0.5, 1e-06, 0.1], "k_pid_hsp": [8.601262505875555, 0.008570923953929999, 0.9192300732008734], "k_pid_vsp": [276.36098696391406, 253.62818254784085, 9.07156485089755]}, "datetime": {"datetime": "2025-08-11 19:21:51", "elapsed": 10591.227190494537, "delta": 30.069581270217896}, "costs": {"total_cost": 741.9139171488663, "time_cost": 150, "final_distance_cost": 61.236310623105474, "oscillation_cost": 278.947429901613, "completition_cost": 111.11111111111116, "overshoot_cost": 73.78742040697895, "power_cost": 34.14509686279297, "noise_cost": 32.686548243264575, "n_waypoints_completed": 8, "tot_waypoints": 9}}
{"target": -1012.0992838978992, "params": {"k_pid_pos": [0.605819596902969, 0.907426117082076, 0.8603075763870229], "k_pid_alt": [1.0442741082768412, 0.4969016667634273, 0.003101052947178551], "k_pid_att": [72.57922843802179, 2.358196507784818, 0.2259245859310791], "k_pid_yaw": [0.5, 1e-06, 0.1], "k_pid_hsp": [5.248623308442694, 0.6341895025201941, 0.4779996030850916], "k_pid_vsp": [387.99492959208203, 277.9719507919363, 294.23229004887634]}, "datetime": {"datetime": "2025-08-11 19:22:21", "elapsed": 10621.252888679504, "delta": 30.02569818496704}, "costs": {"total_cost": 1012.0992838978992, "time_cost": 150, "final_distance_cost": 62.246760296164574, "oscillation_cost": 457.0872998754606, "completition_cost": 222.2222222222222, "overshoot_cost": 54.90281181530985, "power_cost": 36.39557235107422, "noise_cost": 29.24461733766785, "n_waypoints_completed": 7, "tot_waypoints": 9}}
{"target": -1454.8158613736725, "params": {"k_pid_pos": [0.06920873618171312, 0.9416997268897759, 0.09708984130788467], "k_pid_alt": [0.5710680152930989, 0.9576274180767833, 0.14138649771982792], "k_pid_att": [39.56822406933283, 1.8751355202322442, 0.5667631050762806], "k_pid_yaw": [0.5, 1e-06, 0.1], "k_pid_hsp": [6.652777541399083, 0.39109998686950465, 0.6816585425949083], "k_pid_vsp": [230.56181351566144, 275.91894036706486, 59.114189890165264]}, "datetime": {"datetime": "2025-08-11 19:22:52", "elapsed": 10651.705858707428, "delta": 30.452970027923584}, "costs": {"total_cost": 1454.8158613736725, "time_cost": 150, "final_distance_cost": 59.312457089715565, "oscillation_cost": 221.55966291359601, "completition_cost": 888.8888888888888, "overshoot_cost": 68.71364692280187, "power_cost": 36.73531665039063, "noise_cost": 29.6058889082797, "n_waypoints_completed": 1, "tot_waypoints": 9}}
{"target": -508.47477197371893, "params": {"k_pid_pos": [1.1285541041321956, 0.4781023357947687, 0.3925268424758954], "k_pid_alt": [1.4318980146433138, 0.7729082249798279, 0.44952811764045386], "k_pid_att": [28.644580719587488, 1.8534481447101072, 0.7466025469212874], "k_pid_yaw": [0.5, 1e-06, 0.1], "k_pid_hsp": [8.100554745255147, 0.6082318523792966, 0.3271677497326658], "k_pid_vsp": [220.50532593200666, 22.876296527848048, 46.52116095087171]}, "datetime": {"datetime": "2025-08-11 19:23:15", "elapsed": 10675.345988750458, "delta": 23.640130043029785}, "costs": {"total_cost": 508.47477197371893, "time_cost": 93.247, "final_distance_cost": 1.7385447796157167, "oscillation_cost": 308.94889421684616, "completition_cost": 0.0, "overshoot_cost": 54.80514412072706, "power_cost": 26.042438916015627, "noise_cost": 23.69274994051437, "n_waypoints_completed": 9, "tot_waypoints": 9}}
{"target": -943.1986361423881, "params": {"k_pid_pos": [1.2027602377788367, 0.42194370559056127, 0.07770518485480427], "k_pid_alt": [0.3749065049547722, 0.9158212967079855, 0.32788849268415876], "k_pid_att": [33.114738422862956, 3.285441754293836, 0.9679608893548682], "k_pid_yaw": [0.5, 1e-06, 0.1], "k_pid_hsp": [6.9799725618959085, 0.4191730363032228, 0.7066445241746145], "k_pid_vsp": [229.67813700894575, 15.780225346908704, 43.964656022645435]}, "datetime": {"datetime": "2025-08-11 19:23:46", "elapsed": 10706.186615228653, "delta": 30.84062647819519}, "costs": {"total_cost": 943.1986361423881, "time_cost": 150, "final_distance_cost": 66.03202613721972, "oscillation_cost": 377.6978575164107, "completition_cost": 222.2222222222222, "overshoot_cost": 62.45128576698723, "power_cost": 34.435178222656255, "noise_cost": 30.360066276892006, "n_waypoints_completed": 7, "tot_waypoints": 9}}
{"target": -1812.3381308138707, "params": {"k_pid_pos": [0.13826757965989556, 0.28727647632890896, 0.37653949583527513], "k_pid_alt": [0.5214881893156891, 0.5301538155190737, 0.8743852791123272], "k_pid_att": [47.57142781670682, 7.8081728711597735, 0.3093315298187137], "k_pid_yaw": [0.5, 1e-06, 0.1], "k_pid_hsp": [1.9808575688277144, 0.9688412915535467, 0.435239960057053], "k_pid_vsp": [30.036836411675914, 109.81506535547634, 82.50625572100434]}, "datetime": {"datetime": "2025-08-11 19:24:17", "elapsed": 10737.173822641373, "delta": 30.987207412719727}, "costs": {"total_cost": 1812.3381308138707, "time_cost": 150, "final_distance_cost": 72.23477917215808, "oscillation_cost": 594.6094944904987, "completition_cost": 888.8888888888888, "overshoot_cost": 43.095354816500176, "power_cost": 34.743128637695314, "noise_cost": 28.766484808129402, "n_waypoints_completed": 1, "tot_waypoints": 9}}
{"target": -955.3919943396348, "params": {"k_pid_pos": [1.7298435707917592, 0.42457858124193326, 0.09397585514199436], "k_pid_alt": [1.1452990508370637, 0.6552174284747894, 0.9894864990548035], "k_pid_att": [37.30407646939019, 8.811914464512192, 0.2127811933008814], "k_pid_yaw": [0.5, 1e-06, 0.1], "k_pid_hsp": [8.321112380638487, 0.8481252218780827, 0.2776221294854866], "k_pid_vsp": [124.37041694514717, 17.756805252118067, 154.19295759870317]}, "datetime": {"datetime": "2025-08-11 19:24:48", "elapsed": 10767.48179769516, "delta": 30.30797505378723}, "costs": {"total_cost": 955.3919943396348, "time_cost": 150, "final_distance_cost": 68.2128893516117, "oscillation_cost": 372.350609956276, "completition_cost": 222.2222222222222, "overshoot_cost": 72.20737923097246, "power_cost": 35.88206748046875, "noise_cost": 34.51682609808373, "n_waypoints_completed": 7, "tot_waypoints": 9}}
{"target": -1444.1957615505855, "params": {"k_pid_pos": [0.2591457647780308, 0.5519876405823271, 0.7333457029850613], "k_pid_alt": [0.13642988629121655, 0.15279459028265674, 0.42192179170515365], "k_pid_att": [17.490756881037008, 3.158783876028893, 0.15914571646672038], "k_pid_yaw": [0.5, 1e-06, 0.1], "k_pid_hsp": [9.786791123794178, 0.4720500838235645, 0.07489293280338105], "k_pid_vsp": [199.58744480729672, 42.21468973703974, 108.60739544720023]}, "datetime": {"datetime": "2025-08-11 19:25:19", "elapsed": 10798.580139398575, "delta": 31.098341703414917}, "costs": {"total_cost": 1444.1957615505855, "time_cost": 150, "final_distance_cost": 51.74508500314067, "oscillation_cost": 460.3088361626711, "completition_cost": 666.6666666666667, "overshoot_cost": 56.562436944131505, "power_cost": 30.128756933593753, "noise_cost": 28.783979840381768, "n_waypoints_completed": 3, "tot_waypoints": 9}}
{"target": -547.9586783421909, "params": {"k_pid_pos": [0.7852033099445745, 0.4256770926105635, 0.9215998181710001], "k_pid_alt": [1.1068396568833063, 0.4489191556704727, 0.06669286337713387], "k_pid_att": [53.52101259699937, 3.5312112141357477, 0.9515027274276591], "k_pid_yaw": [0.5, 1e-06, 0.1], "k_pid_hsp": [1.0868636667333325, 0.49545695438157444, 0.7278970219014839], "k_pid_vsp": [213.4876242744106, 108.24402949356582, 36.97053021914459]}, "datetime": {"datetime": "2025-08-11 19:25:49", "elapsed": 10828.400069236755, "delta": 29.819929838180542}, "costs": {"total_cost": 547.9586783421909, "time_cost": 115.241, "final_distance_cost": 1.8415907749581535, "oscillation_cost": 308.55813171731876, "completition_cost": 0.0, "overshoot_cost": 61.31954809556408, "power_cost": 32.91607550048828, "noise_cost": 28.082332253861658, "n_waypoints_completed": 9, "tot_waypoints": 9}}
