{"target": -304.78127327545684, "params": {"k_pid_pos": [2.0, 0.0, 0.0], "k_pid_alt": [2.0, 0.0, 1.0], "k_pid_att": [30.7552906435166, 1.995716273291379, 0.0], "k_pid_yaw": [0.5, 1e-06, 0.1], "k_pid_hsp": [5.807214673825393, 0.0, 0.0], "k_pid_vsp": [232.8367779262362, 323.7837258977958, 18.556332660434258]}, "datetime": {"datetime": "2025-08-12 00:37:00", "elapsed": 29499.542239665985, "delta": 22.748850107192993}, "costs": {"total_cost": 304.78127327545684, "time_cost": 69.741, "final_distance_cost": 1.7756465481356372, "oscillation_cost": 144.92163760492397, "completition_cost": 0.0, "overshoot_cost": 50.635072053109226, "power_cost": 19.248339770507812, "noise_cost": 18.459577298780196, "n_waypoints_completed": 9, "tot_waypoints": 9}}
{"target": -1243.6652891802419, "params": {"k_pid_pos": [1.358921701621695, 0.9104841924555265, 0.22238131514189285], "k_pid_alt": [0.045230825959295506, 0.42610943759591957, 0.4022467134069535], "k_pid_att": [57.83210931094865, 0.09845100292381327, 0.15737750965670938], "k_pid_yaw": [0.5, 1e-06, 0.1], "k_pid_hsp": [7.166440857656555, 0.8314213614533579, 0.20600310185921566], "k_pid_vsp": [211.50345479667263, 223.47712915995174, 122.3829222012019]}, "datetime": {"datetime": "2025-08-12 00:37:34", "elapsed": 29534.339120149612, "delta": 34.79688048362732}, "costs": {"total_cost": 1243.6652891802419, "time_cost": 150, "final_distance_cost": 57.15574000058952, "oscillation_cost": 238.5876170554868, "completition_cost": 666.6666666666667, "overshoot_cost": 60.63261755434165, "power_cost": 36.09680590820312, "noise_cost": 34.525841994954156, "n_waypoints_completed": 3, "tot_waypoints": 9}}
{"target": -542.024319789788, "params": {"k_pid_pos": [0.5391869805687495, 0.2665301702947033, 0.21402232845652303], "k_pid_alt": [0.7033188746637598, 0.4575896525083414, 0.2447485540711387], "k_pid_att": [7.672045275582962, 4.148782603428126, 0.09404840894712785], "k_pid_yaw": [0.5, 1e-06, 0.1], "k_pid_hsp": [4.6457443143975965, 0.5031378820167496, 0.0800638865735922], "k_pid_vsp": [285.72827048143483, 343.6106516432983, 142.99296553635358]}, "datetime": {"datetime": "2025-08-12 00:38:07", "elapsed": 29566.886724472046, "delta": 32.54760432243347}, "costs": {"total_cost": 542.024319789788, "time_cost": 119.336, "final_distance_cost": 1.7518669322071996, "oscillation_cost": 299.60757971805947, "completition_cost": 0.0, "overshoot_cost": 61.37535840066596, "power_cost": 30.700321032714847, "noise_cost": 29.253193706140593, "n_waypoints_completed": 9, "tot_waypoints": 9}}
{"target": -599.9832552460288, "params": {"k_pid_pos": [1.375442168933665, 0.2620456984086186, 0.14445351631483738], "k_pid_alt": [0.47809401038307575, 0.7297131839012443, 0.08336067848615725], "k_pid_att": [41.74213346413153, 8.09166864150787, 0.4561298771341902], "k_pid_yaw": [0.5, 1e-06, 0.1], "k_pid_hsp": [6.347420343931873, 0.14250980075730546, 0.1281637572724198], "k_pid_vsp": [215.80659681647504, 224.92628089969296, 118.59979301247516]}, "datetime": {"datetime": "2025-08-12 00:38:38", "elapsed": 29598.080775022507, "delta": 31.194050550460815}, "costs": {"total_cost": 599.9832552460288, "time_cost": 114.33800000000001, "final_distance_cost": 1.7316556952398268, "oscillation_cost": 354.98374680539865, "completition_cost": 0.0, "overshoot_cost": 66.62109820554085, "power_cost": 33.07707913818359, "noise_cost": 29.231675401665946, "n_waypoints_completed": 9, "tot_waypoints": 9}}
{"target": -1261.9216208335129, "params": {"k_pid_pos": [2.0, 0.0, 0.0], "k_pid_alt": [2.0, 0.0, 1.0], "k_pid_att": [26.517458654590946, 0.0001, 0.0], "k_pid_yaw": [0.5, 1e-06, 0.1], "k_pid_hsp": [0.0001, 1.0, 0.0], "k_pid_vsp": [223.04111613236176, 335.66346397935814, 133.77749688679978]}, "datetime": {"datetime": "2025-08-12 00:39:11", "elapsed": 29631.341386795044, "delta": 33.26061177253723}, "costs": {"total_cost": 1261.9216208335129, "time_cost": 150, "final_distance_cost": 66.64367939396539, "oscillation_cost": 107.04741297428735, "completition_cost": 777.7777777777778, "overshoot_cost": 91.77017894800287, "power_cost": 39.1987060546875, "noise_cost": 29.483865684792015, "n_waypoints_completed": 2, "tot_waypoints": 9}}
{"target": -2251.980733256061, "params": {"k_pid_pos": [1.600331618015948, 0.004525288779739234, 0.719069197488827], "k_pid_alt": [0.2143082332349311, 0.4531814324457203, 0.046784079031782166], "k_pid_att": [44.57676786016928, 1.0193783212332903, 0.04779739749402834], "k_pid_yaw": [0.5, 1e-06, 0.1], "k_pid_hsp": [0.05461999275014515, 0.07415559746195155, 0.826536993112422], "k_pid_vsp": [195.04568125927383, 299.52417394943456, 148.74342464830454]}, "datetime": {"datetime": "2025-08-12 00:39:45", "elapsed": 29664.462112665176, "delta": 33.120725870132446}, "costs": {"total_cost": 2251.980733256061, "time_cost": 150, "final_distance_cost": 47.83250031351956, "oscillation_cost": 771.2098045591079, "completition_cost": 1000.0, "overshoot_cost": 220.14836629650904, "power_cost": 34.89163785400391, "noise_cost": 27.898424232920696, "n_waypoints_completed": 0, "tot_waypoints": 9}}
{"target": -359.74611633015337, "params": {"k_pid_pos": [0.96882146469921, 0.8339293663193287, 0.819988279952748], "k_pid_alt": [0.6510754611338359, 0.24476477767817817, 0.1526752623053077], "k_pid_att": [18.558929632901368, 3.2459234502842778, 0.9828380976729575], "k_pid_yaw": [0.5, 1e-06, 0.1], "k_pid_hsp": [9.642494565527583, 0.7051415214920504, 0.31992333790563643], "k_pid_vsp": [292.214629584288, 346.6963859241199, 93.32492332475458]}, "datetime": {"datetime": "2025-08-12 00:40:13", "elapsed": 29693.104118585587, "delta": 28.642005920410156}, "costs": {"total_cost": 359.74611633015337, "time_cost": 82.159, "final_distance_cost": 1.7960407444110362, "oscillation_cost": 182.28181601129373, "completition_cost": 0.0, "overshoot_cost": 51.5071819146724, "power_cost": 22.170068798828126, "noise_cost": 19.832008860948072, "n_waypoints_completed": 9, "tot_waypoints": 9}}
{"target": -516.3567424396274, "params": {"k_pid_pos": [1.6996114265537423, 0.8664338895548022, 0.8685862153419862], "k_pid_alt": [1.8773778213536207, 0.38288228613786546, 0.27870864357161906], "k_pid_att": [60.960460520332695, 6.5542612303646015, 0.12551475909836152], "k_pid_yaw": [0.5, 1e-06, 0.1], "k_pid_hsp": [3.2420730045825144, 0.8246673129984856, 0.7942155169406041], "k_pid_vsp": [205.47092259513798, 223.52243731148286, 124.40173872213624]}, "datetime": {"datetime": "2025-08-12 00:40:45", "elapsed": 29725.336901903152, "delta": 32.23278331756592}, "costs": {"total_cost": 516.3567424396274, "time_cost": 119.60900000000001, "final_distance_cost": 1.7814534152657944, "oscillation_cost": 255.4215454692644, "completition_cost": 0.0, "overshoot_cost": 73.93496859452505, "power_cost": 35.8163490234375, "noise_cost": 29.793425937134618, "n_waypoints_completed": 9, "tot_waypoints": 9}}
{"target": -973.0122300095313, "params": {"k_pid_pos": [1.5382123672299999, 0.04058605514827773, 0.46578330771982024], "k_pid_alt": [0.4739889440057212, 0.5352435463447666, 0.6522390754958087], "k_pid_att": [3.1873238019018757, 9.645761388456997, 0.45115854935575295], "k_pid_yaw": [0.5, 1e-06, 0.1], "k_pid_hsp": [8.184020575463059, 0.514910941662939, 0.3039593704885051], "k_pid_vsp": [35.782310096079414, 360.8991588232226, 144.76245803699067]}, "datetime": {"datetime": "2025-08-12 00:41:21", "elapsed": 29761.25560450554, "delta": 35.918702602386475}, "costs": {"total_cost": 973.0122300095313, "time_cost": 150, "final_distance_cost": 70.76591378541298, "oscillation_cost": 399.0331609354072, "completition_cost": 222.2222222222222, "overshoot_cost": 62.11986440454546, "power_cost": 36.63273397216797, "noise_cost": 32.2383346897756, "n_waypoints_completed": 7, "tot_waypoints": 9}}
{"target": -254.79529540048227, "params": {"k_pid_pos": [2.0, 0.0, 0.6040361463591729], "k_pid_alt": [0.8665925774742923, 1.0, 0.702222900043508], "k_pid_att": [24.411283141188246, 6.925844625490753, 0.8418362955282115], "k_pid_yaw": [0.5, 1e-06, 0.1], "k_pid_hsp": [5.871107976753692, 0.009138097959072746, 0.0], "k_pid_vsp": [78.46515363624036, 213.07245386956933, 40.00129743147788]}, "datetime": {"datetime": "2025-08-12 00:41:49", "elapsed": 29788.730503559113, "delta": 27.47489905357361}, "costs": {"total_cost": 254.79529540048227, "time_cost": 93.10000000000001, "final_distance_cost": 1.7968221976656364, "oscillation_cost": 54.5967262239201, "completition_cost": 0.0, "overshoot_cost": 58.47906632235202, "power_cost": 24.67191669921875, "noise_cost": 22.15076395732578, "n_waypoints_completed": 9, "tot_waypoints": 9}}
{"target": -354.10973532475066, "params": {"k_pid_pos": [0.6219659420510601, 0.8488286597397665, 0.29449277738816704], "k_pid_alt": [1.621986351394007, 0.6535757034789648, 0.4953116073510656], "k_pid_att": [2.807247101294641, 7.689600619915244, 0.0843393814763913], "k_pid_yaw": [0.5, 1e-06, 0.1], "k_pid_hsp": [5.390312391407768, 0.772170973047488, 0.007793476698040536], "k_pid_vsp": [281.44352583195507, 351.99135763958503, 26.651607203625055]}, "datetime": {"datetime": "2025-08-12 00:42:21", "elapsed": 29821.04332470894, "delta": 32.31282114982605}, "costs": {"total_cost": 354.10973532475066, "time_cost": 109.788, "final_distance_cost": 1.7924686222115316, "oscillation_cost": 130.590849095308, "completition_cost": 0.0, "overshoot_cost": 55.94110945466774, "power_cost": 28.41642508544922, "noise_cost": 27.580883067114176, "n_waypoints_completed": 9, "tot_waypoints": 9}}
{"target": -863.7393265129674, "params": {"k_pid_pos": [1.124275508850187, 0.544996939544336, 0.5837840519169054], "k_pid_alt": [0.5092257654590906, 0.9993594584862513, 0.5637938669936059], "k_pid_att": [55.42245318116641, 7.142790735631032, 0.9847995279638121], "k_pid_yaw": [0.5, 1e-06, 0.1], "k_pid_hsp": [6.806443784421967, 0.4865516030105631, 0.8501937451687965], "k_pid_vsp": [125.37687942786224, 100.84899673779708, 55.50976061817343]}, "datetime": {"datetime": "2025-08-12 00:42:58", "elapsed": 29857.91056394577, "delta": 36.867239236831665}, "costs": {"total_cost": 863.7393265129674, "time_cost": 150, "final_distance_cost": 39.13240264664608, "oscillation_cost": 433.7419454411292, "completition_cost": 111.11111111111116, "overshoot_cost": 67.1372671518284, "power_cost": 34.82779854736328, "noise_cost": 27.788801614889326, "n_waypoints_completed": 8, "tot_waypoints": 9}}
{"target": -661.6039789459171, "params": {"k_pid_pos": [1.7758942309101522, 0.48549592700555977, 0.7024838636188643], "k_pid_alt": [1.7464095109401934, 0.24129864810290413, 0.24482853352697498], "k_pid_att": [22.748370417964615, 3.718185917995101, 0.3257760491874033], "k_pid_yaw": [0.5, 1e-06, 0.1], "k_pid_hsp": [7.715839597919198, 0.20504071092682963, 0.6314130950333232], "k_pid_vsp": [295.412901888715, 349.5627882086798, 93.64952118119975]}, "datetime": {"datetime": "2025-08-12 00:43:30", "elapsed": 29889.942910671234, "delta": 32.03234672546387}, "costs": {"total_cost": 661.6039789459171, "time_cost": 112.903, "final_distance_cost": 1.77001477508042, "oscillation_cost": 433.25577693007557, "completition_cost": 0.0, "overshoot_cost": 54.90835848255908, "power_cost": 31.160238293457034, "noise_cost": 27.60659046474504, "n_waypoints_completed": 9, "tot_waypoints": 9}}
{"target": -255.0560201399094, "params": {"k_pid_pos": [1.658962297922862, 0.34526785702365137, 0.6075944025289997], "k_pid_alt": [1.9745369848270151, 0.5692350817822955, 0.5998244925088025], "k_pid_att": [22.153543646845932, 4.222244823886497, 0.181182116560051], "k_pid_yaw": [0.5, 1e-06, 0.1], "k_pid_hsp": [5.233987993436459, 0.36621881217527985, 0.0], "k_pid_vsp": [80.34716158222045, 209.9718214889304, 40.210830384270785]}, "datetime": {"datetime": "2025-08-12 00:43:56", "elapsed": 29916.366815328598, "delta": 26.42390465736389}, "costs": {"total_cost": 255.0560201399094, "time_cost": 78.995, "final_distance_cost": 1.735209054498175, "oscillation_cost": 83.12422650596628, "completition_cost": 0.0, "overshoot_cost": 50.68842263961606, "power_cost": 21.148857653808594, "noise_cost": 19.36430428602031, "n_waypoints_completed": 9, "tot_waypoints": 9}}
{"target": -613.1076495369199, "params": {"k_pid_pos": [1.0073418372123712, 0.14360839994679664, 0.23051856819249816], "k_pid_alt": [0.1251961913585795, 0.42734816703965794, 0.1690156865333413], "k_pid_att": [38.06181184864938, 3.005522150610778, 0.32288551450835234], "k_pid_yaw": [0.5, 1e-06, 0.1], "k_pid_hsp": [6.485524659073, 0.8252048446458367, 0.31223746597914237], "k_pid_vsp": [214.82229727084334, 241.68980198965517, 134.50809887915105]}, "datetime": {"datetime": "2025-08-12 00:44:32", "elapsed": 29951.706189632416, "delta": 35.33937430381775}, "costs": {"total_cost": 613.1076495369199, "time_cost": 103.83800000000001, "final_distance_cost": 1.7546189236182743, "oscillation_cost": 387.71156830480635, "completition_cost": 0.0, "overshoot_cost": 65.24595085363731, "power_cost": 29.644902758789065, "noise_cost": 24.91260869606887, "n_waypoints_completed": 9, "tot_waypoints": 9}}
{"target": -726.1708704749037, "params": {"k_pid_pos": [0.7181428864760213, 0.4067132142924731, 0.5729266404836888], "k_pid_alt": [0.6482452647962114, 0.9280619424144807, 0.4353365988769553], "k_pid_att": [4.996745599292396, 1.6605684259158224, 0.6371534413849372], "k_pid_yaw": [0.5, 1e-06, 0.1], "k_pid_hsp": [3.228010204159372, 0.1332261604018783, 0.5430767262144439], "k_pid_vsp": [294.981793983934, 348.2594177281524, 141.807343611969]}, "datetime": {"datetime": "2025-08-12 00:45:11", "elapsed": 29990.43558859825, "delta": 38.72939896583557}, "costs": {"total_cost": 726.1708704749037, "time_cost": 150, "final_distance_cost": 66.12826751168126, "oscillation_cost": 170.70650392290145, "completition_cost": 222.2222222222222, "overshoot_cost": 57.563132961063786, "power_cost": 31.480281091308594, "noise_cost": 28.07046276572641, "n_waypoints_completed": 7, "tot_waypoints": 9}}
{"target": -501.06238176947375, "params": {"k_pid_pos": [1.0524226243232477, 0.7914584591264255, 0.67783916896037], "k_pid_alt": [1.5027042750571564, 0.8274783134516842, 0.3798259237754684], "k_pid_att": [60.26373323487761, 6.529578941478349, 0.13751519181632274], "k_pid_yaw": [0.5, 1e-06, 0.1], "k_pid_hsp": [6.674794138124009, 0.8314316215152519, 0.8473181656335065], "k_pid_vsp": [259.6110426356811, 142.36752505611378, 20.954021702036595]}, "datetime": {"datetime": "2025-08-12 00:45:37", "elapsed": 30017.332445144653, "delta": 26.896856546401978}, "costs": {"total_cost": 501.06238176947375, "time_cost": 91.161, "final_distance_cost": 1.7765118122276764, "oscillation_cost": 301.9067877883672, "completition_cost": 0.0, "overshoot_cost": 54.231659899944304, "power_cost": 27.48525701904297, "noise_cost": 24.501165249891603, "n_waypoints_completed": 9, "tot_waypoints": 9}}
{"target": -245.80508719407885, "params": {"k_pid_pos": [2.0, 0.0, 0.0], "k_pid_alt": [2.0, 1.0, 0.5367812634140078], "k_pid_att": [35.32135529131835, 3.7697676053581612, 1.0], "k_pid_yaw": [0.5, 1e-06, 0.1], "k_pid_hsp": [4.843075766235813, 0.0, 0.0], "k_pid_vsp": [226.96161809513052, 324.78528309545203, 19.378524910051038]}, "datetime": {"datetime": "2025-08-12 00:46:03", "elapsed": 30043.231597423553, "delta": 25.899152278900146}, "costs": {"total_cost": 245.80508719407885, "time_cost": 84.532, "final_distance_cost": 1.792659724773357, "oscillation_cost": 61.667333346266574, "completition_cost": 0.0, "overshoot_cost": 53.553585690738714, "power_cost": 22.613958215332033, "noise_cost": 21.64555021696815, "n_waypoints_completed": 9, "tot_waypoints": 9}}
{"target": -1691.0453032494681, "params": {"k_pid_pos": [0.3686183033822645, 0.13758060288569396, 0.42955566735060813], "k_pid_alt": [1.0712318237701677, 0.6959423048902881, 0.008606667200206197], "k_pid_att": [99.91062796596914, 6.235380048330899, 0.3879046367497141], "k_pid_yaw": [0.5, 1e-06, 0.1], "k_pid_hsp": [1.197280440097045, 0.3628792489638686, 0.7345815605006112], "k_pid_vsp": [172.50740253854596, 126.08925001542121, 20.10994258594723]}, "datetime": {"datetime": "2025-08-12 00:46:36", "elapsed": 30076.080099105835, "delta": 32.848501682281494}, "costs": {"total_cost": 1691.0453032494681, "time_cost": 150, "final_distance_cost": 61.37456793679921, "oscillation_cost": 676.9635388199546, "completition_cost": 666.6666666666667, "overshoot_cost": 70.34593792165309, "power_cost": 35.98489140625, "noise_cost": 29.709700498144482, "n_waypoints_completed": 3, "tot_waypoints": 9}}
{"target": -559.5303520499012, "params": {"k_pid_pos": [1.4309098968972631, 0.0742928059095922, 0.27386913731907603], "k_pid_alt": [0.4491272844460734, 0.7443861327948909, 0.13517000697722137], "k_pid_att": [27.290306644216102, 2.7519849105833702, 0.18005795127264124], "k_pid_yaw": [0.5, 1e-06, 0.1], "k_pid_hsp": [3.557903574718522, 0.6593312051870984, 0.2170569756952856], "k_pid_vsp": [236.95433913435758, 324.8236924278425, 22.208608304411634]}, "datetime": {"datetime": "2025-08-12 00:47:03", "elapsed": 30102.747051000595, "delta": 26.666951894760132}, "costs": {"total_cost": 559.5303520499012, "time_cost": 95.70400000000001, "final_distance_cost": 1.7511073433892965, "oscillation_cost": 351.27072535217144, "completition_cost": 0.0, "overshoot_cost": 59.88629515346796, "power_cost": 27.00824742431641, "noise_cost": 23.909976776556217, "n_waypoints_completed": 9, "tot_waypoints": 9}}
{"target": -528.249990309882, "params": {"k_pid_pos": [1.1441648032629674, 0.18539371452951448, 0.52443971375311], "k_pid_alt": [1.017763158812954, 0.6395997490179446, 0.7221488823126659], "k_pid_att": [56.03127945395031, 2.5248304939894304, 0.6676543383415072], "k_pid_yaw": [0.5, 1e-06, 0.1], "k_pid_hsp": [5.76454224125191, 0.7379076466333306, 0.4981272653427903], "k_pid_vsp": [394.8706001931901, 111.19448436965547, 97.44268772606877]}, "datetime": {"datetime": "2025-08-12 00:47:31", "elapsed": 30130.537939310074, "delta": 27.79088830947876}, "costs": {"total_cost": 528.249990309882, "time_cost": 93.135, "final_distance_cost": 1.7657481528352124, "oscillation_cost": 327.1178122810904, "completition_cost": 0.0, "overshoot_cost": 56.70370576517851, "power_cost": 26.995117309570315, "noise_cost": 22.5326068012076, "n_waypoints_completed": 9, "tot_waypoints": 9}}
{"target": -1016.5931280608464, "params": {"k_pid_pos": [0.265737644890697, 0.5661368212774417, 0.9988214190551546], "k_pid_alt": [0.9720969681573697, 0.6190760033162472, 0.32651156736835596], "k_pid_att": [8.160976310491009, 4.832823282113635, 0.2133884690154484], "k_pid_yaw": [0.5, 1e-06, 0.1], "k_pid_hsp": [7.691970816938146, 0.7568693907534398, 0.9951181659723943], "k_pid_vsp": [185.98023788038, 325.53813222085756, 19.808994480749174]}, "datetime": {"datetime": "2025-08-12 00:48:07", "elapsed": 30167.014412164688, "delta": 36.47647285461426}, "costs": {"total_cost": 1016.5931280608464, "time_cost": 150, "final_distance_cost": 73.70816172077954, "oscillation_cost": 348.15587371251286, "completition_cost": 333.33333333333337, "overshoot_cost": 49.93052517658386, "power_cost": 32.079277441406255, "noise_cost": 29.38595667623054, "n_waypoints_completed": 6, "tot_waypoints": 9}}
{"target": -1466.2486634577654, "params": {"k_pid_pos": [0.0001, 0.0, 0.0], "k_pid_alt": [2.0, 1.0, 0.15642338117314758], "k_pid_att": [10.252113776285315, 6.603910847403685, 0.7612489776476804], "k_pid_yaw": [0.5, 1e-06, 0.1], "k_pid_hsp": [2.1962797783111623, 0.3621112077486069, 0.0], "k_pid_vsp": [63.623730981347144, 343.15231879651645, 145.5135568573141]}, "datetime": {"datetime": "2025-08-12 00:48:44", "elapsed": 30203.397963047028, "delta": 36.38355088233948}, "costs": {"total_cost": 1466.2486634577654, "time_cost": 150, "final_distance_cost": 10.758813529925485, "oscillation_cost": 5.223266275375038, "completition_cost": 1000.0, "overshoot_cost": 166.3735244979419, "power_cost": 29.516302600097656, "noise_cost": 104.37675655442547, "n_waypoints_completed": 0, "tot_waypoints": 9}}
{"target": -1035.6614777897291, "params": {"k_pid_pos": [0.4740878671876765, 0.17893514154452705, 0.5521150128096196], "k_pid_alt": [1.3582987014745929, 0.7257502223300171, 0.5784084782336215], "k_pid_att": [41.10232290886956, 7.08549408309171, 0.1127575823357676], "k_pid_yaw": [0.5, 1e-06, 0.1], "k_pid_hsp": [8.659109073028988, 0.4180353632377688, 0.841397023507251], "k_pid_vsp": [275.96744238100126, 364.99404101453223, 30.796249467603577]}, "datetime": {"datetime": "2025-08-12 00:49:21", "elapsed": 30241.039026021957, "delta": 37.64106297492981}, "costs": {"total_cost": 1035.6614777897291, "time_cost": 150, "final_distance_cost": 51.29903861241292, "oscillation_cost": 604.2030647875372, "completition_cost": 111.11111111111116, "overshoot_cost": 55.80036377206986, "power_cost": 34.16761315917969, "noise_cost": 29.080286347418244, "n_waypoints_completed": 8, "tot_waypoints": 9}}
{"target": -1180.2771218854748, "params": {"k_pid_pos": [1.8892599239259302, 0.0016212087828522126, 0.7191518902008788], "k_pid_alt": [0.03202642252381982, 0.34796959884094547, 0.5217216245223149], "k_pid_att": [64.29531059246678, 2.6612261998880413, 0.6920957911519707], "k_pid_yaw": [0.5, 1e-06, 0.1], "k_pid_hsp": [1.1186770691666683, 0.5251998802243881, 0.7319846453023895], "k_pid_vsp": [348.26502531379924, 299.69624771413663, 183.70177398049296]}, "datetime": {"datetime": "2025-08-12 00:49:56", "elapsed": 30275.488744020462, "delta": 34.44971799850464}, "costs": {"total_cost": 1180.2771218854748, "time_cost": 150, "final_distance_cost": 48.44859409491446, "oscillation_cost": 292.57856308931486, "completition_cost": 555.5555555555555, "overshoot_cost": 67.93095832411933, "power_cost": 36.76128106689453, "noise_cost": 29.002169754676373, "n_waypoints_completed": 4, "tot_waypoints": 9}}
