{"target": -1260.474366620644, "params": {"k_pid_pos": [0.3590072400997484, 0.20931818994125706, 0.3221699850476303], "k_pid_alt": [0.346261099604559, 0.35720738162866605, 0.7655721851393994], "k_pid_att": [10.506876083716833, 0.1399077421053241, 0.135699629158605], "k_pid_yaw": [0.5, 1e-06, 0.1], "k_pid_hsp": [0.023266201847166046, 0.9778572096540001, 0.7355195220827084], "k_pid_vsp": [188.22608988611634, 318.47606975154827, 9.924770020624875]}, "datetime": {"datetime": "2025-08-12 05:58:46", "elapsed": 48805.69546127319, "delta": 39.11894249916077}, "costs": {"total_cost": 1260.474366620644, "time_cost": 150, "final_distance_cost": 52.840708025830324, "oscillation_cost": 366.33122137135416, "completition_cost": 555.5555555555555, "overshoot_cost": 72.93435884188146, "power_cost": 30.60927491455078, "noise_cost": 32.20324791147186, "n_waypoints_completed": 4, "tot_waypoints": 9}}
{"target": -347.0979482210004, "params": {"k_pid_pos": [1.0233997475533565, 0.5423281596321311, 0.6697158798010915], "k_pid_alt": [1.4639033796647567, 0.6665485602798578, 0.929172843444439], "k_pid_att": [16.927754456822196, 7.201804597397882, 0.9115081509739899], "k_pid_yaw": [0.5, 1e-06, 0.1], "k_pid_hsp": [6.719283193324893, 0.7574090965515178, 0.13629640777679652], "k_pid_vsp": [246.54277318361525, 273.0676432838763, 38.99788032363157]}, "datetime": {"datetime": "2025-08-12 05:59:21", "elapsed": 48841.136054039, "delta": 35.440592765808105}, "costs": {"total_cost": 347.0979482210004, "time_cost": 94.157, "final_distance_cost": 1.728183384503034, "oscillation_cost": 149.45049827952664, "completition_cost": 0.0, "overshoot_cost": 54.393565700896396, "power_cost": 24.66616922607422, "noise_cost": 22.702531630000202, "n_waypoints_completed": 9, "tot_waypoints": 9}}
{"target": -1406.2778614257327, "params": {"k_pid_pos": [0.688527584730913, 0.7070321207694239, 0.8121472481173277], "k_pid_alt": [1.390756529519864, 0.9077031986680326, 0.4888726471805134], "k_pid_att": [22.717854276347506, 7.378878708889718, 0.8638901162909097], "k_pid_yaw": [0.5, 1e-06, 0.1], "k_pid_hsp": [3.8228360855836647, 0.6706951270912633, 0.6833417554119285], "k_pid_vsp": [42.97383998771838, 336.8910594465607, 156.54224885247672]}, "datetime": {"datetime": "2025-08-12 06:00:09", "elapsed": 48888.44896674156, "delta": 47.312912702560425}, "costs": {"total_cost": 1406.2778614257327, "time_cost": 150, "final_distance_cost": 51.64456114944481, "oscillation_cost": 431.1661397527113, "completition_cost": 666.6666666666667, "overshoot_cost": 47.62948528134751, "power_cost": 30.98740876464844, "noise_cost": 28.183599810913538, "n_waypoints_completed": 3, "tot_waypoints": 9}}
{"target": -632.8786932428438, "params": {"k_pid_pos": [1.533107970306609, 0.5844326381465464, 0.3576572526964664], "k_pid_alt": [0.48847826211272527, 0.8580146365066225, 0.2502614138235465], "k_pid_att": [18.63550329067173, 0.8836486097793906, 0.11845154881409636], "k_pid_yaw": [0.5, 1e-06, 0.1], "k_pid_hsp": [6.749489029373771, 0.8612950301666404, 0.21144961357274294], "k_pid_vsp": [227.57646123806387, 38.722909206702745, 41.02880635850282]}, "datetime": {"datetime": "2025-08-12 06:00:50", "elapsed": 48930.15165090561, "delta": 41.70268416404724}, "costs": {"total_cost": 632.8786932428438, "time_cost": 116.011, "final_distance_cost": 1.743325837152558, "oscillation_cost": 385.53060521666026, "completition_cost": 0.0, "overshoot_cost": 68.37612351105, "power_cost": 32.29228247070313, "noise_cost": 28.92535620727788, "n_waypoints_completed": 9, "tot_waypoints": 9}}
{"target": -561.914758842959, "params": {"k_pid_pos": [0.8616486161527327, 0.06385715035271244, 0.7261261835758736], "k_pid_alt": [1.3714822636277735, 0.09002013960784427, 0.6793645937441048], "k_pid_att": [25.078821763182003, 0.6720527659712914, 0.3648324129561762], "k_pid_yaw": [0.5, 1e-06, 0.1], "k_pid_hsp": [5.01762894463386, 0.022925337562401782, 0.1190180269768848], "k_pid_vsp": [78.35334556076754, 204.91732154223726, 41.30634174805951]}, "datetime": {"datetime": "2025-08-12 06:01:28", "elapsed": 48968.167808532715, "delta": 38.01615762710571}, "costs": {"total_cost": 561.914758842959, "time_cost": 93.19800000000001, "final_distance_cost": 1.8038485605029537, "oscillation_cost": 366.5166703780401, "completition_cost": 0.0, "overshoot_cost": 52.43746620411155, "power_cost": 24.99217243652344, "noise_cost": 22.966601263781005, "n_waypoints_completed": 9, "tot_waypoints": 9}}
{"target": -519.3844800495345, "params": {"k_pid_pos": [1.6628840061040095, 0.1011884478046462, 0.3206263355325586], "k_pid_alt": [0.24831551357979365, 0.42373742347742294, 0.8361483717940906], "k_pid_att": [22.09590256764352, 3.42960535302719, 0.7007811400667617], "k_pid_yaw": [0.5, 1e-06, 0.1], "k_pid_hsp": [6.379317516034245, 0.7252925012346888, 0.5832515001288863], "k_pid_vsp": [294.5281638578616, 310.4928160926268, 159.46885766083622]}, "datetime": {"datetime": "2025-08-12 06:02:04", "elapsed": 49004.339385032654, "delta": 36.171576499938965}, "costs": {"total_cost": 519.3844800495345, "time_cost": 97.58, "final_distance_cost": 1.79590843835284, "oscillation_cost": 306.9901690240569, "completition_cost": 0.0, "overshoot_cost": 61.30528218795198, "power_cost": 27.441192236328128, "noise_cost": 24.271928162844663, "n_waypoints_completed": 9, "tot_waypoints": 9}}
{"target": -401.67090964687463, "params": {"k_pid_pos": [1.6696418004145264, 0.19270350739605557, 0.116421177709362], "k_pid_alt": [0.7414198342981184, 0.5529909648167437, 0.1461733541059319], "k_pid_att": [14.637592244206378, 0.7123627645294739, 0.0008078193984295545], "k_pid_yaw": [0.5, 1e-06, 0.1], "k_pid_hsp": [3.933238882829873, 0.7417211532051877, 0.020931605059668068], "k_pid_vsp": [241.91596034075306, 268.6787334341374, 21.57561548254501]}, "datetime": {"datetime": "2025-08-12 06:02:45", "elapsed": 49044.94313454628, "delta": 40.6037495136261}, "costs": {"total_cost": 401.67090964687463, "time_cost": 90.797, "final_distance_cost": 1.7625349513988664, "oscillation_cost": 205.79561159715809, "completition_cost": 0.0, "overshoot_cost": 55.30598484859452, "power_cost": 24.516863769531252, "noise_cost": 23.492914480191924, "n_waypoints_completed": 9, "tot_waypoints": 9}}
{"target": -667.1120914330312, "params": {"k_pid_pos": [1.1619462351373875, 0.676047105976322, 0.8940955568784862], "k_pid_alt": [0.32471773828700057, 0.8492282583341476, 0.7089438175932674], "k_pid_att": [19.46029599808873, 0.8392166588497368, 0.40060929418211144], "k_pid_yaw": [0.5, 1e-06, 0.1], "k_pid_hsp": [8.988322541166964, 0.07953025421609206, 0.564709942581722], "k_pid_vsp": [233.19850010869078, 37.931106279458845, 31.705638941254417]}, "datetime": {"datetime": "2025-08-12 06:03:33", "elapsed": 49093.28856110573, "delta": 48.34542655944824}, "costs": {"total_cost": 667.1120914330312, "time_cost": 116.732, "final_distance_cost": 1.7891586852010284, "oscillation_cost": 421.5863641862694, "completition_cost": 0.0, "overshoot_cost": 66.94631980950243, "power_cost": 31.674099255371097, "noise_cost": 28.384149496687314, "n_waypoints_completed": 9, "tot_waypoints": 9}}
{"target": -1089.4035189735644, "params": {"k_pid_pos": [0.3316961561269638, 0.8304988122412374, 0.4193248499059087], "k_pid_alt": [0.8655822224578418, 0.05443670194388894, 0.07160034238555779], "k_pid_att": [18.8669353272766, 0.49850166206734636, 0.6334827276477786], "k_pid_yaw": [0.5, 1e-06, 0.1], "k_pid_hsp": [4.380367654997626, 0.6776373954364767, 0.9595794254657566], "k_pid_vsp": [182.3530909034993, 326.92380462057844, 17.48190954866456]}, "datetime": {"datetime": "2025-08-12 06:04:13", "elapsed": 49132.72354364395, "delta": 39.43498253822327}, "costs": {"total_cost": 1089.4035189735644, "time_cost": 150, "final_distance_cost": 49.59962165169927, "oscillation_cost": 219.14182719037174, "completition_cost": 555.5555555555555, "overshoot_cost": 52.121966866340884, "power_cost": 33.224723156738285, "noise_cost": 29.759824552858632, "n_waypoints_completed": 4, "tot_waypoints": 9}}
{"target": -363.8296507114299, "params": {"k_pid_pos": [2.0, 0.008836934304009144, 0.47351582196023645], "k_pid_alt": [2.0, 0.0, 0.0], "k_pid_att": [48.56532719499385, 0.0001, 0.17709455340015176], "k_pid_yaw": [0.5, 1e-06, 0.1], "k_pid_hsp": [9.595080549973067, 1.0, 0.2518938655128138], "k_pid_vsp": [209.78660951665594, 239.18839038582786, 134.34776341517133]}, "datetime": {"datetime": "2025-08-12 06:04:43", "elapsed": 49162.852835416794, "delta": 30.129291772842407}, "costs": {"total_cost": 363.8296507114299, "time_cost": 69.545, "final_distance_cost": 1.7831257617023866, "oscillation_cost": 201.4638142314882, "completition_cost": 0.0, "overshoot_cost": 52.18046093490325, "power_cost": 21.033615747070314, "noise_cost": 17.82363403626578, "n_waypoints_completed": 9, "tot_waypoints": 9}}
{"target": -462.0941672606555, "params": {"k_pid_pos": [1.695293119725277, 0.47663087142782756, 0.5737114858882707], "k_pid_alt": [1.3574751635355442, 0.5770334175420269, 0.4146427966412446], "k_pid_att": [36.35937325460128, 1.2482774564295342, 0.4066763696442448], "k_pid_yaw": [0.5, 1e-06, 0.1], "k_pid_hsp": [5.130088175545718, 0.791974022429914, 0.6008915757094164], "k_pid_vsp": [225.75657406052017, 326.76835270066204, 25.42630865336394]}, "datetime": {"datetime": "2025-08-12 06:05:12", "elapsed": 49192.27934885025, "delta": 29.42651343345642}, "costs": {"total_cost": 462.0941672606555, "time_cost": 89.089, "final_distance_cost": 1.7782521825114657, "oscillation_cost": 269.2498778134948, "completition_cost": 0.0, "overshoot_cost": 53.113259516095496, "power_cost": 25.8433625, "noise_cost": 23.020415248553793, "n_waypoints_completed": 9, "tot_waypoints": 9}}
{"target": -1059.3762711679715, "params": {"k_pid_pos": [0.16140866111665658, 0.7615596388580691, 0.1713824177585438], "k_pid_alt": [1.3299342061331796, 0.1609810296569425, 0.809250877044693], "k_pid_att": [94.40814920410818, 6.258523255896376, 0.6163490467906885], "k_pid_yaw": [0.5, 1e-06, 0.1], "k_pid_hsp": [7.542510369792967, 0.17387772041641736, 0.7638229464332147], "k_pid_vsp": [162.9660039446378, 120.832978379558, 8.56281604573199]}, "datetime": {"datetime": "2025-08-12 06:05:52", "elapsed": 49232.30491900444, "delta": 40.02557015419006}, "costs": {"total_cost": 1059.3762711679715, "time_cost": 150, "final_distance_cost": 66.54021869261956, "oscillation_cost": 387.4992023326581, "completition_cost": 333.33333333333337, "overshoot_cost": 56.00293635430126, "power_cost": 34.26624805908203, "noise_cost": 31.73433239597715, "n_waypoints_completed": 6, "tot_waypoints": 9}}
{"target": -882.2164779474143, "params": {"k_pid_pos": [0.4728196421080054, 0.2837454970321591, 0.9649032542670972], "k_pid_alt": [0.5565810832240772, 0.5975727975118049, 0.8879306889775405], "k_pid_att": [11.426708920202277, 8.470485678352619, 0.49875089830524266], "k_pid_yaw": [0.5, 1e-06, 0.1], "k_pid_hsp": [4.520621531804918, 0.22915702838304675, 0.31250570604311256], "k_pid_vsp": [74.69889145695218, 199.74996902195775, 38.68081018209213]}, "datetime": {"datetime": "2025-08-12 06:06:36", "elapsed": 49276.22727513313, "delta": 43.92235612869263}, "costs": {"total_cost": 882.2164779474143, "time_cost": 150, "final_distance_cost": 68.56718991391834, "oscillation_cost": 330.81646898770344, "completition_cost": 222.2222222222222, "overshoot_cost": 52.55187276677207, "power_cost": 30.61740166015625, "noise_cost": 27.441322396642, "n_waypoints_completed": 7, "tot_waypoints": 9}}
{"target": -371.40509204478894, "params": {"k_pid_pos": [1.5962168205357572, 0.8690385502588217, 0.3140006633141885], "k_pid_alt": [1.4647117550605568, 0.42307590344515145, 0.19605902630716887], "k_pid_att": [41.31964950401248, 7.745740092518906, 0.8759702617040809], "k_pid_yaw": [0.5, 1e-06, 0.1], "k_pid_hsp": [8.971098008002878, 0.6089609147555376, 0.07886176796671363], "k_pid_vsp": [228.84290824963392, 14.205824705259811, 36.65247376714757]}, "datetime": {"datetime": "2025-08-12 06:07:16", "elapsed": 49315.39424991608, "delta": 39.166974782943726}, "costs": {"total_cost": 371.40509204478894, "time_cost": 109.186, "final_distance_cost": 1.7657188954207905, "oscillation_cost": 137.0529197369371, "completition_cost": 0.0, "overshoot_cost": 63.548525786109096, "power_cost": 31.610961828613284, "noise_cost": 28.240965797708693, "n_waypoints_completed": 9, "tot_waypoints": 9}}
{"target": -1418.7299605326657, "params": {"k_pid_pos": [0.09528810608109724, 0.4623511408910257, 0.9776909369556595], "k_pid_alt": [0.20955628507423962, 0.22512909892975586, 0.07980933756848285], "k_pid_att": [13.426754346872105, 5.299210646790523, 0.6252904922975713], "k_pid_yaw": [0.5, 1e-06, 0.1], "k_pid_hsp": [8.193668056876788, 0.0038091510663060824, 0.13924740442809913], "k_pid_vsp": [71.73868891062315, 202.27952790237205, 47.726505637448504]}, "datetime": {"datetime": "2025-08-12 06:07:57", "elapsed": 49356.5511598587, "delta": 41.15690994262695}, "costs": {"total_cost": 1418.7299605326657, "time_cost": 150, "final_distance_cost": 86.75031653909357, "oscillation_cost": 307.71908058784413, "completition_cost": 777.7777777777778, "overshoot_cost": 39.67662209867478, "power_cost": 29.577872924804687, "noise_cost": 27.22829060447096, "n_waypoints_completed": 2, "tot_waypoints": 9}}
{"target": -894.5505207505488, "params": {"k_pid_pos": [1.4516605893690004, 0.9874734633051587, 0.6299885118333376], "k_pid_alt": [0.887521119190049, 0.8309453813631333, 0.540495404596891], "k_pid_att": [14.600796232546598, 8.018947859616963, 0.17003619714212115], "k_pid_yaw": [0.5, 1e-06, 0.1], "k_pid_hsp": [5.320504658590489, 0.710749084238502, 0.9241882445594123], "k_pid_vsp": [237.61428546649478, 267.5473401699588, 34.07873827015185]}, "datetime": {"datetime": "2025-08-12 06:08:45", "elapsed": 49404.7370300293, "delta": 48.18587017059326}, "costs": {"total_cost": 894.5505207505488, "time_cost": 150, "final_distance_cost": 75.7660577885976, "oscillation_cost": 325.24654060322064, "completition_cost": 222.2222222222222, "overshoot_cost": 57.25670874296985, "power_cost": 32.76633244628906, "noise_cost": 31.29265894724933, "n_waypoints_completed": 7, "tot_waypoints": 9}}
{"target": -315.7289393064253, "params": {"k_pid_pos": [1.951991618743308, 0.8484718720414012, 0.34417494670729243], "k_pid_alt": [0.8353762737412015, 0.042864376988398845, 0.06918356496571552], "k_pid_att": [19.014176533139533, 3.114582592446589, 0.5749896046788283], "k_pid_yaw": [0.5, 1e-06, 0.1], "k_pid_hsp": [10.0, 1.0, 0.0], "k_pid_vsp": [230.09687048058294, 32.95620640572655, 33.73319202381139]}, "datetime": {"datetime": "2025-08-12 06:09:25", "elapsed": 49445.27004289627, "delta": 40.53301286697388}, "costs": {"total_cost": 315.7289393064253, "time_cost": 116.96300000000001, "final_distance_cost": 1.7484716915525906, "oscillation_cost": 75.87358379301223, "completition_cost": 0.0, "overshoot_cost": 59.35490987745716, "power_cost": 31.682094152832033, "noise_cost": 30.10687979157128, "n_waypoints_completed": 9, "tot_waypoints": 9}}
{"target": -1054.633421968349, "params": {"k_pid_pos": [0.26177926262601525, 0.921509802713541, 0.3554795689480599], "k_pid_alt": [0.8480005296436923, 0.7217397922971993, 0.05459563387539401], "k_pid_att": [7.008119690727632, 3.651552085367628, 0.31593735880049], "k_pid_yaw": [0.5, 1e-06, 0.1], "k_pid_hsp": [2.513920142058164, 0.5919994058302829, 0.31257589922468065], "k_pid_vsp": [70.42868800684015, 344.165999143162, 148.58789668283447]}, "datetime": {"datetime": "2025-08-12 06:10:03", "elapsed": 49482.85951733589, "delta": 37.58947443962097}, "costs": {"total_cost": 1054.633421968349, "time_cost": 150, "final_distance_cost": 47.87946344324983, "oscillation_cost": 169.62378483288757, "completition_cost": 555.5555555555555, "overshoot_cost": 63.88649109166225, "power_cost": 36.40996352539063, "noise_cost": 31.278163519603115, "n_waypoints_completed": 4, "tot_waypoints": 9}}
{"target": -530.5699018781914, "params": {"k_pid_pos": [0.6289053260357983, 0.6055030246924319, 0.4850784019045181], "k_pid_alt": [0.4860225661944064, 0.1401643123248566, 0.8172027815946216], "k_pid_att": [16.48335687700794, 9.098938724626484, 0.6791519642009792], "k_pid_yaw": [0.5, 1e-06, 0.1], "k_pid_hsp": [8.191661263388811, 0.24608563685523777, 0.3940661429827451], "k_pid_vsp": [189.3320689992461, 320.68808988856665, 6.134818192855224]}, "datetime": {"datetime": "2025-08-12 06:10:39", "elapsed": 49519.32736158371, "delta": 36.46784424781799}, "costs": {"total_cost": 530.5699018781914, "time_cost": 116.291, "final_distance_cost": 1.7715923210527962, "oscillation_cost": 297.9956657226947, "completition_cost": 0.0, "overshoot_cost": 56.512345773856936, "power_cost": 26.451481188964845, "noise_cost": 31.54781687162205, "n_waypoints_completed": 9, "tot_waypoints": 9}}
{"target": -1000.1934140827223, "params": {"k_pid_pos": [1.3997499585539965, 0.6226202219597807, 0.2813756242429454], "k_pid_alt": [0.2934627461351933, 0.21832057626430068, 0.5247373801069067], "k_pid_att": [28.28690549323982, 0.8008531832356813, 0.2179705516153838], "k_pid_yaw": [0.5, 1e-06, 0.1], "k_pid_hsp": [0.423195316147423, 0.7244509071802261, 0.19879746457085168], "k_pid_vsp": [239.179849525012, 328.2881291492929, 24.290990222979183]}, "datetime": {"datetime": "2025-08-12 06:11:20", "elapsed": 49559.806691646576, "delta": 40.47933006286621}, "costs": {"total_cost": 1000.1934140827223, "time_cost": 150, "final_distance_cost": 46.42139447514808, "oscillation_cost": 111.91035732367098, "completition_cost": 555.5555555555555, "overshoot_cost": 67.19083050309055, "power_cost": 35.997749768066406, "noise_cost": 33.117526457190735, "n_waypoints_completed": 4, "tot_waypoints": 9}}
{"target": -1444.6274960962107, "params": {"k_pid_pos": [0.23945484106131767, 0.5738362979099312, 0.11318812797377475], "k_pid_alt": [0.4247040054203357, 0.938169867468324, 0.6662520230449924], "k_pid_att": [53.220992616825356, 8.138066852440403, 0.5872608162256556], "k_pid_yaw": [0.5, 1e-06, 0.1], "k_pid_hsp": [8.988179102127564, 0.24284948043783072, 0.5860797075997405], "k_pid_vsp": [243.97522789520013, 74.50174493598908, 149.20039427698313]}, "datetime": {"datetime": "2025-08-12 06:12:00", "elapsed": 49599.73862671852, "delta": 39.93193507194519}, "costs": {"total_cost": 1444.6274960962107, "time_cost": 150, "final_distance_cost": 51.933837220006794, "oscillation_cost": 453.4925471600932, "completition_cost": 666.6666666666667, "overshoot_cost": 57.959735707546336, "power_cost": 35.0344912475586, "noise_cost": 29.540218094338986, "n_waypoints_completed": 3, "tot_waypoints": 9}}
{"target": -762.3933202117057, "params": {"k_pid_pos": [2.0, 0.7650256642311745, 0.0], "k_pid_alt": [0.43438071696328107, 0.035678745013517636, 0.30779182320863446], "k_pid_att": [46.293482105718454, 8.095057145579938, 0.44397741187714596], "k_pid_yaw": [0.5, 1e-06, 0.1], "k_pid_hsp": [2.0431113540864074, 0.027597717161342808, 0.5904359231757379], "k_pid_vsp": [122.98088165528168, 105.9191961005133, 56.211539659554596]}, "datetime": {"datetime": "2025-08-12 06:12:46", "elapsed": 49645.94405603409, "delta": 46.20542931556702}, "costs": {"total_cost": 762.3933202117057, "time_cost": 150, "final_distance_cost": 56.28831340327197, "oscillation_cost": 193.8170235720385, "completition_cost": 222.2222222222222, "overshoot_cost": 72.9593866454208, "power_cost": 36.937266418457035, "noise_cost": 30.169107950295313, "n_waypoints_completed": 7, "tot_waypoints": 9}}
{"target": -1098.4282316846488, "params": {"k_pid_pos": [0.8794956883930554, 0.9609077122973181, 0.6458804387247713], "k_pid_alt": [0.530562751664263, 0.5545973644224224, 0.9193686954194509], "k_pid_att": [48.683725299849925, 7.050465071033872, 0.5579768572278228], "k_pid_yaw": [0.5, 1e-06, 0.1], "k_pid_hsp": [7.348094576299396, 0.9825454367795742, 0.936129366724141], "k_pid_vsp": [220.1091392924174, 102.32731223893519, 37.622347052974774]}, "datetime": {"datetime": "2025-08-12 06:13:33", "elapsed": 49692.86033511162, "delta": 46.91627907752991}, "costs": {"total_cost": 1098.4282316846488, "time_cost": 150, "final_distance_cost": 75.07472473336313, "oscillation_cost": 423.0521124108677, "completition_cost": 333.33333333333337, "overshoot_cost": 50.28624274062374, "power_cost": 35.86189539794922, "noise_cost": 30.81992306851157, "n_waypoints_completed": 6, "tot_waypoints": 9}}
{"target": -298.4326457976318, "params": {"k_pid_pos": [1.0823222839579698, 0.1058893288764109, 0.8133475965202565], "k_pid_alt": [1.5643734063615395, 0.14222542609521205, 0.14324061059406357], "k_pid_att": [7.719404235280846, 7.915097856998217, 0.9256084808792913], "k_pid_yaw": [0.5, 1e-06, 0.1], "k_pid_hsp": [7.982530870436323, 0.6305755842749617, 0.2258711989956732], "k_pid_vsp": [176.80149630190218, 323.5395959448861, 14.199306645216993]}, "datetime": {"datetime": "2025-08-12 06:14:05", "elapsed": 49725.288450717926, "delta": 32.42811560630798}, "costs": {"total_cost": 298.4326457976318, "time_cost": 87.479, "final_distance_cost": 1.8170853246757894, "oscillation_cost": 113.12575282673981, "completition_cost": 0.0, "overshoot_cost": 51.57199967295228, "power_cost": 22.836011193847657, "noise_cost": 21.6027967794162, "n_waypoints_completed": 9, "tot_waypoints": 9}}
