{"target": -5500.572262223079, "params": {"k_pid_pos": [1.4026808683611502, 0.38510873135502977, 0.6055900732318763], "k_pid_alt": [1.807916518459132, 0.9333010550500814, 0.9786565106661159], "k_pid_att": [0.14874224819868553, 5.761522719348506, 0.7761304763930778], "k_pid_yaw": [0.5, 1e-06, 0.1], "k_pid_hsp": [9.943792918261442, 0.7375091826443879, 0.2092815133700039], "k_pid_vsp": [101.66158546648774, 251.19653255675146, 387.88069239287904]}, "datetime": {"datetime": "2025-08-11 16:49:39", "elapsed": 1459.2141213417053, "delta": 30.291964769363403}, "costs": {"total_cost": 5500.572262223079, "time_cost": 150, "final_distance_cost": 1174.001220639793, "oscillation_cost": 866.9707567398196, "completition_cost": 1000.0, "overshoot_cost": 2093.507954647005, "power_cost": 52.95300803222656, "noise_cost": 163.13932216423495, "n_waypoints_completed": 0, "tot_waypoints": 9}}
{"target": -567.8608130023648, "params": {"k_pid_pos": [1.3184892794508, 0.5341206383763838, 0.3699271566914479], "k_pid_alt": [1.3117417702020902, 0.46032508840694225, 0.6526974924077115], "k_pid_att": [38.731531455315675, 7.320297702176543, 0.3711914829585613], "k_pid_yaw": [0.5, 1e-06, 0.1], "k_pid_hsp": [3.6363357693870273, 0.47077098431818587, 0.23995162576199572], "k_pid_vsp": [61.845131702079975, 362.3232689620967, 89.492426369517]}, "datetime": {"datetime": "2025-08-11 16:50:07", "elapsed": 1486.5831446647644, "delta": 27.369023323059082}, "costs": {"total_cost": 567.8608130023648, "time_cost": 103.033, "final_distance_cost": 1.737652583042743, "oscillation_cost": 351.8495381748304, "completition_cost": 0.0, "overshoot_cost": 56.709655444263035, "power_cost": 29.193912829589845, "noise_cost": 25.337053970638724, "n_waypoints_completed": 9, "tot_waypoints": 9}}
{"target": -585.8879848129891, "params": {"k_pid_pos": [1.6814813453330275, 0.3244407187238805, 0.6372321275357293], "k_pid_alt": [0.5342437996872933, 0.5541542377042661, 0.35621981864641006], "k_pid_att": [33.574577575291954, 2.7218824351167346, 0.20970576484821657], "k_pid_yaw": [0.5, 1e-06, 0.1], "k_pid_hsp": [8.929894170416347, 0.7716252491828437, 0.7393984815918796], "k_pid_vsp": [228.4640448816592, 279.0241869802189, 59.74621639517018]}, "datetime": {"datetime": "2025-08-11 16:50:33", "elapsed": 1513.3640468120575, "delta": 26.78090214729309}, "costs": {"total_cost": 585.8879848129891, "time_cost": 104.328, "final_distance_cost": 1.7595503975148619, "oscillation_cost": 366.6268460821511, "completition_cost": 0.0, "overshoot_cost": 57.36417977970882, "power_cost": 29.862786865234376, "noise_cost": 25.94662168837985, "n_waypoints_completed": 9, "tot_waypoints": 9}}
{"target": -929.1773357759486, "params": {"k_pid_pos": [1.1158323056812554, 0.6956512293411207, 0.5455276638515592], "k_pid_alt": [1.6940797547232833, 0.05834583853836306, 0.7687261296723984], "k_pid_att": [32.76237714842647, 8.914080586548044, 0.21058795993610024], "k_pid_yaw": [0.5, 1e-06, 0.1], "k_pid_hsp": [9.941794414446186, 0.1668923584292521, 0.49267640330415297], "k_pid_vsp": [124.68508397294275, 12.889833661238772, 158.28250190701436]}, "datetime": {"datetime": "2025-08-11 16:51:04", "elapsed": 1544.2594418525696, "delta": 30.895395040512085}, "costs": {"total_cost": 929.1773357759486, "time_cost": 150, "final_distance_cost": 19.918617361027167, "oscillation_cost": 500.65003046323136, "completition_cost": 111.11111111111116, "overshoot_cost": 81.3476070132376, "power_cost": 34.916598950195315, "noise_cost": 31.233370877145987, "n_waypoints_completed": 8, "tot_waypoints": 9}}
{"target": -1523.952148683266, "params": {"k_pid_pos": [0.1313738175643413, 0.376981417193316, 0.2400765080875874], "k_pid_alt": [0.020842853867409916, 0.677181480836373, 0.08171408581076112], "k_pid_att": [35.32922795941092, 3.219954977852648, 0.7312056440189152], "k_pid_yaw": [0.5, 1e-06, 0.1], "k_pid_hsp": [3.6043816035273206, 0.7392747711623482, 0.7504435532353702], "k_pid_vsp": [270.23336505362425, 211.4914888712878, 351.3535274384949]}, "datetime": {"datetime": "2025-08-11 16:51:36", "elapsed": 1575.4435563087463, "delta": 31.184114456176758}, "costs": {"total_cost": 1523.952148683266, "time_cost": 150, "final_distance_cost": 79.9809145833294, "oscillation_cost": 403.08323382143953, "completition_cost": 777.7777777777778, "overshoot_cost": 49.83361723234013, "power_cost": 34.65032180175781, "noise_cost": 28.626283466620993, "n_waypoints_completed": 2, "tot_waypoints": 9}}
{"target": -864.2187217488029, "params": {"k_pid_pos": [1.3907471751775318, 0.13565312642400784, 0.4860109415947873], "k_pid_alt": [0.33265350031884466, 0.5774855710818999, 0.8142988974344739], "k_pid_att": [25.368264851508126, 7.763343280316698, 0.705952096994428], "k_pid_yaw": [0.5, 1e-06, 0.1], "k_pid_hsp": [3.5897149226837857, 0.0027844875065919927, 0.6009998095379504], "k_pid_vsp": [364.89621882353237, 143.8874972430621, 254.8707206743729]}, "datetime": {"datetime": "2025-08-11 16:52:06", "elapsed": 1605.8033578395844, "delta": 30.359801530838013}, "costs": {"total_cost": 864.2187217488029, "time_cost": 150, "final_distance_cost": 12.616219181550564, "oscillation_cost": 454.5583434407593, "completition_cost": 111.11111111111116, "overshoot_cost": 74.68238015670508, "power_cost": 32.52632435302735, "noise_cost": 28.724343505649397, "n_waypoints_completed": 8, "tot_waypoints": 9}}
{"target": -218.77159732568674, "params": {"k_pid_pos": [0.7452178453697154, 0.6016268505292123, 0.8135665671078907], "k_pid_alt": [2.0, 0.0, 0.8901998519688266], "k_pid_att": [34.605919810370835, 0.0001, 0.23003178330154198], "k_pid_yaw": [0.5, 1e-06, 0.1], "k_pid_hsp": [2.297289678721984, 0.44985598889854844, 0.0], "k_pid_vsp": [225.647463306373, 24.825762378418943, 37.542064007590376]}, "datetime": {"datetime": "2025-08-11 16:52:28", "elapsed": 1628.035692691803, "delta": 22.232334852218628}, "costs": {"total_cost": 218.77159732568674, "time_cost": 82.964, "final_distance_cost": 1.800075572658569, "oscillation_cost": 38.940775022154796, "completition_cost": 0.0, "overshoot_cost": 52.393552868649515, "power_cost": 21.77224132080078, "noise_cost": 20.90095254142308, "n_waypoints_completed": 9, "tot_waypoints": 9}}
{"target": -1427.2943635582242, "params": {"k_pid_pos": [0.08453649764226227, 0.14758107146485122, 0.5715199385832849], "k_pid_alt": [1.229637476999561, 0.47188577614586535, 0.7820503919977092], "k_pid_att": [14.171015282211963, 9.617533312401322, 0.39858409759818436], "k_pid_yaw": [0.5, 1e-06, 0.1], "k_pid_hsp": [6.445843536063418, 0.8439374371565331, 0.27378872664126386], "k_pid_vsp": [359.3340219979952, 62.02596438380307, 212.32320275827826]}, "datetime": {"datetime": "2025-08-11 16:52:59", "elapsed": 1658.759403705597, "delta": 30.723711013793945}, "costs": {"total_cost": 1427.2943635582242, "time_cost": 150, "final_distance_cost": 52.4551336222781, "oscillation_cost": 425.40093031008615, "completition_cost": 666.6666666666667, "overshoot_cost": 74.24880773297747, "power_cost": 30.560667309570313, "noise_cost": 27.962157916645328, "n_waypoints_completed": 3, "tot_waypoints": 9}}
{"target": -1560.6593790998695, "params": {"k_pid_pos": [0.31357835861231026, 0.8134438859216714, 0.624147579884267], "k_pid_alt": [0.7539393922391191, 0.9111863785465035, 0.5928082998504907], "k_pid_att": [11.710439992769949, 0.5948811736843134, 0.10915860255219978], "k_pid_yaw": [0.5, 1e-06, 0.1], "k_pid_hsp": [0.9187166908556473, 0.7272879335448645, 0.7162645345993423], "k_pid_vsp": [340.8376973860893, 22.06368751690069, 254.4306020149952]}, "datetime": {"datetime": "2025-08-11 16:53:30", "elapsed": 1689.4625129699707, "delta": 30.70310926437378}, "costs": {"total_cost": 1560.6593790998695, "time_cost": 150, "final_distance_cost": 63.99022675591072, "oscillation_cost": 341.8464528684469, "completition_cost": 888.8888888888888, "overshoot_cost": 51.646271032697896, "power_cost": 33.6751474975586, "noise_cost": 30.612392056366588, "n_waypoints_completed": 1, "tot_waypoints": 9}}
{"target": -1221.9868331698847, "params": {"k_pid_pos": [0.0001, 0.6706313449112653, 0.0], "k_pid_alt": [0.6493598959790512, 0.20769883042211695, 0.08699893127217956], "k_pid_att": [4.214087761731893, 10.0, 0.6554464721791893], "k_pid_yaw": [0.5, 1e-06, 0.1], "k_pid_hsp": [9.06919507157547, 0.0, 0.8294737613477725], "k_pid_vsp": [216.13749711720237, 1.1321173067138874, 15.731193890363361]}, "datetime": {"datetime": "2025-08-11 16:54:01", "elapsed": 1720.939942598343, "delta": 31.477429628372192}, "costs": {"total_cost": 1221.9868331698847, "time_cost": 150, "final_distance_cost": 67.74520736240856, "oscillation_cost": 216.2259613432444, "completition_cost": 666.6666666666667, "overshoot_cost": 58.859776505174324, "power_cost": 32.71527720947266, "noise_cost": 29.77394408291796, "n_waypoints_completed": 3, "tot_waypoints": 9}}
{"target": -1659.3633359509586, "params": {"k_pid_pos": [0.8088046653523615, 0.20928927154207166, 0.8659617605158152], "k_pid_alt": [0.9422704684237804, 0.5534580286112775, 0.8302923509005986], "k_pid_att": [12.158953505770498, 1.709439543564874, 0.2719122996728127], "k_pid_yaw": [0.5, 1e-06, 0.1], "k_pid_hsp": [6.2468478288728635, 0.7970530226580298, 0.49177765052469447], "k_pid_vsp": [76.78698941029185, 76.3463137449301, 246.75296701344877]}, "datetime": {"datetime": "2025-08-11 16:54:32", "elapsed": 1752.1667416095734, "delta": 31.22679901123047}, "costs": {"total_cost": 1659.3633359509586, "time_cost": 150, "final_distance_cost": 73.24381467506264, "oscillation_cost": 481.2930882108452, "completition_cost": 777.7777777777778, "overshoot_cost": 109.93981451918346, "power_cost": 31.254244665527345, "noise_cost": 35.85459610256191, "n_waypoints_completed": 2, "tot_waypoints": 9}}
{"target": -1333.072977899279, "params": {"k_pid_pos": [1.25583011789641, 0.05411604652358683, 0.8074356699886479], "k_pid_alt": [2.0, 0.0, 1.0], "k_pid_att": [71.79446285427288, 0.0001, 0.0], "k_pid_yaw": [0.5, 1e-06, 0.1], "k_pid_hsp": [0.0001, 0.2327346527796406, 0.0], "k_pid_vsp": [201.4847611488345, 30.602415553608495, 36.50525872111473]}, "datetime": {"datetime": "2025-08-11 16:55:04", "elapsed": 1783.824740409851, "delta": 31.65799880027771}, "costs": {"total_cost": 1333.072977899279, "time_cost": 150, "final_distance_cost": 94.0863588998374, "oscillation_cost": 148.2725254485439, "completition_cost": 777.7777777777778, "overshoot_cost": 94.9866828038142, "power_cost": 38.00171157226563, "noise_cost": 29.947921397040364, "n_waypoints_completed": 2, "tot_waypoints": 9}}
{"target": -1571.2420550690808, "params": {"k_pid_pos": [0.9286192840495358, 0.1039551549572606, 0.6979312204797181], "k_pid_alt": [0.8348314662536314, 0.1885273075123488, 0.6498515682496747], "k_pid_att": [7.4449551784442125, 9.046590737251769, 0.9533232724241267], "k_pid_yaw": [0.5, 1e-06, 0.1], "k_pid_hsp": [2.754966552516529, 0.051962042636681915, 0.6015169825138376], "k_pid_vsp": [153.0791318955411, 135.7395372664609, 347.15798968374526]}, "datetime": {"datetime": "2025-08-11 16:55:34", "elapsed": 1813.9145135879517, "delta": 30.089773178100586}, "costs": {"total_cost": 1571.2420550690808, "time_cost": 150, "final_distance_cost": 51.648709605943175, "oscillation_cost": 322.7736712263343, "completition_cost": 888.8888888888888, "overshoot_cost": 90.9306992672287, "power_cost": 30.769122290039064, "noise_cost": 36.230963790646626, "n_waypoints_completed": 1, "tot_waypoints": 9}}
{"target": -714.3289009151317, "params": {"k_pid_pos": [1.7968444804064934, 0.8141943055343926, 0.04631530785485205], "k_pid_alt": [1.261806745574791, 0.7385612910495297, 0.8236103545102299], "k_pid_att": [28.660652139735955, 0.985469880952856, 0.7980421824150574], "k_pid_yaw": [0.5, 1e-06, 0.1], "k_pid_hsp": [0.6964509125516977, 0.9619524284226475, 0.6905984988297909], "k_pid_vsp": [230.1331276463854, 49.21088505961169, 4.188901363376153]}, "datetime": {"datetime": "2025-08-11 16:56:08", "elapsed": 1847.5768671035767, "delta": 33.662353515625}, "costs": {"total_cost": 714.3289009151317, "time_cost": 150, "final_distance_cost": 58.90489622060102, "oscillation_cost": 144.3362692757588, "completition_cost": 222.2222222222222, "overshoot_cost": 69.61487759799476, "power_cost": 34.12526672363281, "noise_cost": 35.125368874922174, "n_waypoints_completed": 7, "tot_waypoints": 9}}
{"target": -1672.655570837092, "params": {"k_pid_pos": [1.457538919043611, 0.993683368708217, 0.5848674258735181], "k_pid_alt": [1.9874366058235025, 0.7159526362480964, 0.94027777692488], "k_pid_att": [14.843978073927989, 8.143287400002087, 0.33685158149942007], "k_pid_yaw": [0.5, 1e-06, 0.1], "k_pid_hsp": [7.700276057535015, 0.07636022643600382, 0.9212651426271917], "k_pid_vsp": [51.29582857649786, 107.56861345425317, 382.6898282422319]}, "datetime": {"datetime": "2025-08-11 16:56:38", "elapsed": 1878.04980301857, "delta": 30.472935914993286}, "costs": {"total_cost": 1672.655570837092, "time_cost": 150, "final_distance_cost": 70.52119462952732, "oscillation_cost": 476.3484746353687, "completition_cost": 777.7777777777778, "overshoot_cost": 118.97159744474364, "power_cost": 32.128643762207034, "noise_cost": 46.90788258746769, "n_waypoints_completed": 2, "tot_waypoints": 9}}
{"target": -1969.4477639911681, "params": {"k_pid_pos": [0.4691830726294659, 0.5336227717319694, 0.6802407239919952], "k_pid_alt": [0.545015069677637, 0.7833956713121384, 0.40917772493264126], "k_pid_att": [28.640529934052715, 5.416003936067492, 0.874490751331467], "k_pid_yaw": [0.5, 1e-06, 0.1], "k_pid_hsp": [8.138626319246654, 0.3450569416983321, 0.4692690247169353], "k_pid_vsp": [1.4888188909879752, 162.5405676238969, 368.2170411714259]}, "datetime": {"datetime": "2025-08-11 16:57:09", "elapsed": 1908.382966041565, "delta": 30.333163022994995}, "costs": {"total_cost": 1969.4477639911681, "time_cost": 150, "final_distance_cost": 0.8058965381365225, "oscillation_cost": 642.3757318537125, "completition_cost": 1000.0, "overshoot_cost": 107.50100635656786, "power_cost": 33.530646594238284, "noise_cost": 35.234482648513, "n_waypoints_completed": 0, "tot_waypoints": 9}}
{"target": -2787.838268262859, "params": {"k_pid_pos": [0.0001, 1.0, 0.0], "k_pid_alt": [2.0, 0.0, 1.0], "k_pid_att": [0.0, 0.0001, 1.0], "k_pid_yaw": [0.5, 1e-06, 0.1], "k_pid_hsp": [10.0, 0.0, 0.0], "k_pid_vsp": [248.81460845607737, 312.4425962776601, 54.38396857790816]}, "datetime": {"datetime": "2025-08-11 16:57:41", "elapsed": 1940.423945426941, "delta": 32.04097938537598}, "costs": {"total_cost": 2787.838268262859, "time_cost": 150, "final_distance_cost": 949.4236093743364, "oscillation_cost": 2.2027330463852333, "completition_cost": 1000.0, "overshoot_cost": 628.984411530444, "power_cost": 29.911188916015625, "noise_cost": 27.31632539567745, "n_waypoints_completed": 0, "tot_waypoints": 9}}
{"target": -1315.6066688643725, "params": {"k_pid_pos": [0.6426291416059619, 0.46093231923114114, 0.4792002062608345], "k_pid_alt": [1.9677240454872074, 0.0, 1.0], "k_pid_att": [33.14264899942478, 0.08892024751387925, 0.18850854613100304], "k_pid_yaw": [0.5, 1e-06, 0.1], "k_pid_hsp": [0.0001, 0.352212901377776, 0.0], "k_pid_vsp": [212.14245214527455, 28.227012237791204, 19.453070418712457]}, "datetime": {"datetime": "2025-08-11 16:58:13", "elapsed": 1973.214860200882, "delta": 32.79091477394104}, "costs": {"total_cost": 1315.6066688643725, "time_cost": 150, "final_distance_cost": 94.27192092787413, "oscillation_cost": 129.92202684172167, "completition_cost": 777.7777777777778, "overshoot_cost": 93.9796076944982, "power_cost": 35.52216434326172, "noise_cost": 34.13317127923924, "n_waypoints_completed": 2, "tot_waypoints": 9}}
{"target": -901.7837148256018, "params": {"k_pid_pos": [0.2248517175481273, 0.595943638600271, 0.8813237404686655], "k_pid_alt": [1.4281138417942902, 0.7322317616689475, 0.5051733774429963], "k_pid_att": [5.049986787988625, 6.900392957508155, 0.9570246628154461], "k_pid_yaw": [0.5, 1e-06, 0.1], "k_pid_hsp": [9.854227929934712, 0.7898759029801153, 0.4136584887712279], "k_pid_vsp": [141.2405326863598, 32.79425293724531, 25.76678487621665]}, "datetime": {"datetime": "2025-08-11 16:58:44", "elapsed": 2003.510754108429, "delta": 30.295893907546997}, "costs": {"total_cost": 901.7837148256018, "time_cost": 150, "final_distance_cost": 52.53944566107773, "oscillation_cost": 146.82592447531326, "completition_cost": 444.4444444444444, "overshoot_cost": 48.75971169775887, "power_cost": 31.082762426757814, "noise_cost": 28.131426120249763, "n_waypoints_completed": 5, "tot_waypoints": 9}}
{"target": -1669.4133703432058, "params": {"k_pid_pos": [0.6448419663633312, 0.39334097127023915, 0.7598728330155091], "k_pid_alt": [1.6268733243842994, 0.6940051160624333, 0.8040321380583579], "k_pid_att": [95.96833963708619, 9.258633166377024, 0.4371137571671261], "k_pid_yaw": [0.5, 1e-06, 0.1], "k_pid_hsp": [1.9421893103022818, 0.1752792199030071, 0.6211948191125755], "k_pid_vsp": [174.24288147613078, 231.28768475125864, 347.81793792976976]}, "datetime": {"datetime": "2025-08-11 16:59:14", "elapsed": 2033.6497519016266, "delta": 30.138997793197632}, "costs": {"total_cost": 1669.4133703432058, "time_cost": 150, "final_distance_cost": 92.05815059194524, "oscillation_cost": 533.333528766134, "completition_cost": 777.7777777777778, "overshoot_cost": 50.31908714999666, "power_cost": 36.641399340820314, "noise_cost": 29.283426716531782, "n_waypoints_completed": 2, "tot_waypoints": 9}}
{"target": -829.6225606758376, "params": {"k_pid_pos": [0.6087540034786146, 0.36045156058179884, 0.4783656515405097], "k_pid_alt": [1.8217459428563003, 0.11620098607854135, 0.3834988322713214], "k_pid_att": [56.87594539349015, 6.068302034152554, 0.39617622897405746], "k_pid_yaw": [0.5, 1e-06, 0.1], "k_pid_hsp": [7.637383695962622, 0.7221778784913564, 0.9356775772265862], "k_pid_vsp": [210.994642468923, 331.8777799716077, 268.6010326182743]}, "datetime": {"datetime": "2025-08-11 16:59:42", "elapsed": 2062.2811613082886, "delta": 28.631409406661987}, "costs": {"total_cost": 829.6225606758376, "time_cost": 113.386, "final_distance_cost": 1.8079654677081582, "oscillation_cost": 596.6740522739635, "completition_cost": 0.0, "overshoot_cost": 56.21775324276322, "power_cost": 33.78938801269531, "noise_cost": 27.747401678707316, "n_waypoints_completed": 9, "tot_waypoints": 9}}
{"target": -600.0402025651078, "params": {"k_pid_pos": [0.9434962653189901, 0.3877352229699902, 0.6320430722955506], "k_pid_alt": [1.1527076119897453, 0.277803791158594, 0.02595533397989047], "k_pid_att": [33.18545372132851, 2.007784944479057, 0.6109766251550021], "k_pid_yaw": [0.5, 1e-06, 0.1], "k_pid_hsp": [6.833657397961544, 0.22882268666888528, 0.575043961431783], "k_pid_vsp": [196.82614692100668, 248.50894435116615, 124.62553345861564]}, "datetime": {"datetime": "2025-08-11 17:00:08", "elapsed": 2087.650749206543, "delta": 25.369587898254395}, "costs": {"total_cost": 600.0402025651078, "time_cost": 100.31, "final_distance_cost": 1.7889499334482255, "oscillation_cost": 390.7237970597978, "completition_cost": 0.0, "overshoot_cost": 54.69514321036811, "power_cost": 27.86608327636719, "noise_cost": 24.656229085126615, "n_waypoints_completed": 9, "tot_waypoints": 9}}
{"target": -1086.260517119937, "params": {"k_pid_pos": [1.0579568095988798, 0.3473508748284452, 0.22958549312114607], "k_pid_alt": [1.1263836165320338, 0.9123162295344082, 0.3036260003596134], "k_pid_att": [82.25645917439982, 4.3366889768236465, 0.9543129703131729], "k_pid_yaw": [0.5, 1e-06, 0.1], "k_pid_hsp": [7.646183385169545, 0.2819876459208429, 0.7352287951418955], "k_pid_vsp": [4.4858033372809025, 273.6608462737277, 145.63835348802175]}, "datetime": {"datetime": "2025-08-11 17:00:38", "elapsed": 2117.8467292785645, "delta": 30.195980072021484}, "costs": {"total_cost": 1086.260517119937, "time_cost": 150, "final_distance_cost": 71.18681667646115, "oscillation_cost": 495.64041379526554, "completition_cost": 222.2222222222222, "overshoot_cost": 77.23572768837641, "power_cost": 35.635045959472656, "noise_cost": 34.340290778139305, "n_waypoints_completed": 7, "tot_waypoints": 9}}
{"target": -1259.9612078701148, "params": {"k_pid_pos": [0.17664554068928115, 0.5587499083502991, 0.6532394715492996], "k_pid_alt": [0.4211200143428553, 0.5315959273096851, 0.5946619270129655], "k_pid_att": [11.878199581282855, 9.15472435020087, 0.31514084420556054], "k_pid_yaw": [0.5, 1e-06, 0.1], "k_pid_hsp": [1.572425425923113, 0.1592325503997104, 0.6952177257683532], "k_pid_vsp": [131.99144435817027, 135.43390122351587, 19.865290126713113]}, "datetime": {"datetime": "2025-08-11 17:01:09", "elapsed": 2148.8932881355286, "delta": 31.04655885696411}, "costs": {"total_cost": 1259.9612078701148, "time_cost": 150, "final_distance_cost": 46.58291597738342, "oscillation_cost": 389.1828430490555, "completition_cost": 555.5555555555555, "overshoot_cost": 57.72266087103179, "power_cost": 31.01507235107422, "noise_cost": 29.902160066014208, "n_waypoints_completed": 4, "tot_waypoints": 9}}
{"target": -845.5458234674735, "params": {"k_pid_pos": [0.7664531222536425, 0.8145778026016434, 0.38725184050497763], "k_pid_alt": [1.722487398263223, 0.31836332773048204, 0.895520222950177], "k_pid_att": [9.662877065897025, 6.890270832281561, 0.32383209240296573], "k_pid_yaw": [0.5, 1e-06, 0.1], "k_pid_hsp": [6.79368566994932, 0.48223127194240145, 0.9597494146188879], "k_pid_vsp": [294.41460605251336, 309.02525855925126, 170.45008846717624]}, "datetime": {"datetime": "2025-08-11 17:01:39", "elapsed": 2179.295005083084, "delta": 30.401716947555542}, "costs": {"total_cost": 845.5458234674735, "time_cost": 150, "final_distance_cost": 62.966329212290326, "oscillation_cost": 298.9188900457087, "completition_cost": 222.2222222222222, "overshoot_cost": 49.6670019760449, "power_cost": 33.389356872558594, "noise_cost": 28.382023138648986, "n_waypoints_completed": 7, "tot_waypoints": 9}}
