{"target": -1304.3997511722625, "params": {"k_pid_pos": [0.49726159844507506, 0.33759370667728705, 0.8157561277747757], "k_pid_alt": [0.2773078445224344, 0.8569501411912162, 0.507285865167984], "k_pid_att": [92.1530099890437, 4.944388151783758, 0.6130915217528469], "k_pid_yaw": [0.5, 1e-06, 0.1], "k_pid_hsp": [8.08037276464285, 0.47687870297678947, 0.5925243866197443], "k_pid_vsp": [230.4823205878443, 233.80108165555927, 113.21696786695135]}, "datetime": {"datetime": "2025-08-11 20:24:06", "elapsed": 14326.096768140793, "delta": 32.199697494506836}, "costs": {"total_cost": 1304.3997511722625, "time_cost": 150, "final_distance_cost": 62.36391517679745, "oscillation_cost": 634.1652038515531, "completition_cost": 333.33333333333337, "overshoot_cost": 60.66318648599231, "power_cost": 34.929243750000005, "noise_cost": 28.94486857458604, "n_waypoints_completed": 6, "tot_waypoints": 9}}
{"target": -1276.7428161916582, "params": {"k_pid_pos": [0.6820152137533525, 0.07950107496322822, 0.8965025960921981], "k_pid_alt": [0.5331961157159422, 0.05405848720296946, 0.17582977932638555], "k_pid_att": [12.511759303000547, 7.830016760182694, 0.38773783653722893], "k_pid_yaw": [0.5, 1e-06, 0.1], "k_pid_hsp": [6.714314346578029, 0.6388068724908452, 0.9061390038283351], "k_pid_vsp": [344.2992071921088, 346.338169522943, 356.79070964048424]}, "datetime": {"datetime": "2025-08-11 20:24:38", "elapsed": 14358.081764221191, "delta": 31.98499608039856}, "costs": {"total_cost": 1276.7428161916582, "time_cost": 150, "final_distance_cost": 46.70357362447355, "oscillation_cost": 412.8527292539422, "completition_cost": 555.5555555555555, "overshoot_cost": 51.984812508990416, "power_cost": 31.463324511718753, "noise_cost": 28.182820736977593, "n_waypoints_completed": 4, "tot_waypoints": 9}}
{"target": -513.2131430509015, "params": {"k_pid_pos": [0.6507962669090743, 0.48015160574056037, 0.04569183576813196], "k_pid_alt": [0.626017629538377, 0.4551166115238967, 0.009960041540534204], "k_pid_att": [36.82218130710145, 6.134087314678715, 0.5824532361203089], "k_pid_yaw": [0.5, 1e-06, 0.1], "k_pid_hsp": [3.209759703094791, 0.693207806073751, 0.4688876235321229], "k_pid_vsp": [338.65069314006377, 287.64127228041406, 247.71360137013173]}, "datetime": {"datetime": "2025-08-11 20:25:07", "elapsed": 14386.471369981766, "delta": 28.38960576057434}, "costs": {"total_cost": 513.2131430509015, "time_cost": 108.346, "final_distance_cost": 1.7983091234750905, "oscillation_cost": 283.36624355836085, "completition_cost": 0.0, "overshoot_cost": 62.36782970277864, "power_cost": 31.127561389160157, "noise_cost": 26.20719927712676, "n_waypoints_completed": 9, "tot_waypoints": 9}}
{"target": -1506.7791711869772, "params": {"k_pid_pos": [1.0730948404146978, 0.7671212913599463, 0.9602258349754667], "k_pid_alt": [0.5056044201680978, 0.8082361853791197, 0.04172095243538232], "k_pid_att": [58.33254258255681, 4.48335551749386, 0.7116821381453637], "k_pid_yaw": [0.5, 1e-06, 0.1], "k_pid_hsp": [0.3743972383256436, 0.1249300308200052, 0.2791317662153253], "k_pid_vsp": [351.7531579762869, 296.20152542406464, 191.7829001217137]}, "datetime": {"datetime": "2025-08-11 20:25:38", "elapsed": 14418.143343448639, "delta": 31.67197346687317}, "costs": {"total_cost": 1506.7791711869772, "time_cost": 150, "final_distance_cost": 56.612830889252386, "oscillation_cost": 289.63257185142766, "completition_cost": 888.8888888888888, "overshoot_cost": 54.96730812586745, "power_cost": 37.916330517578125, "noise_cost": 28.761240913962638, "n_waypoints_completed": 1, "tot_waypoints": 9}}
{"target": -811.4615777937152, "params": {"k_pid_pos": [0.7751184457074601, 0.7263138804284269, 0.7158829559311208], "k_pid_alt": [1.3343649947616014, 0.6486209955199261, 0.4418340260603869], "k_pid_att": [47.28582544526068, 6.088658243515713, 0.270574534366962], "k_pid_yaw": [0.5, 1e-06, 0.1], "k_pid_hsp": [7.633774332431594, 0.4288671812347093, 0.23180377564361251], "k_pid_vsp": [388.66414158487925, 325.42714371764697, 331.86677729431744]}, "datetime": {"datetime": "2025-08-11 20:26:11", "elapsed": 14450.375068187714, "delta": 32.23172473907471}, "costs": {"total_cost": 811.4615777937152, "time_cost": 150, "final_distance_cost": 5.582214965103315, "oscillation_cost": 417.7496084099501, "completition_cost": 111.11111111111116, "overshoot_cost": 63.82017709568956, "power_cost": 33.864499621582034, "noise_cost": 29.333966590278973, "n_waypoints_completed": 8, "tot_waypoints": 9}}
{"target": -330.0537517488183, "params": {"k_pid_pos": [1.3873348379133614, 0.10854665822760856, 0.9003410341802629], "k_pid_alt": [0.12488335246647164, 0.5788923824371063, 0.6447521303973068], "k_pid_att": [45.031111293670264, 2.868826815572598, 0.83067792917084], "k_pid_yaw": [0.5, 1e-06, 0.1], "k_pid_hsp": [5.248289413762654, 0.7992972667951915, 0.027145296370335137], "k_pid_vsp": [121.33653026450895, 98.10950088201317, 53.14087067698097]}, "datetime": {"datetime": "2025-08-11 20:26:38", "elapsed": 14477.54463839531, "delta": 27.169570207595825}, "costs": {"total_cost": 330.0537517488183, "time_cost": 103.36200000000001, "final_distance_cost": 1.7750010215538192, "oscillation_cost": 109.4625055527478, "completition_cost": 0.0, "overshoot_cost": 64.50802183075655, "power_cost": 26.213500329589845, "noise_cost": 24.732723014170247, "n_waypoints_completed": 9, "tot_waypoints": 9}}
{"target": -920.8487315358898, "params": {"k_pid_pos": [1.1012365123257526, 0.8739933434435032, 0.7308063071524145], "k_pid_alt": [1.3850985893632655, 0.782423477422198, 0.7041043249090659], "k_pid_att": [60.87831357544228, 3.0900959171706006, 0.7005945518409485], "k_pid_yaw": [0.5, 1e-06, 0.1], "k_pid_hsp": [3.9923483475147914, 0.4247337471671583, 0.5674354083499475], "k_pid_vsp": [119.82416477341874, 145.9036787232265, 113.85045038209574]}, "datetime": {"datetime": "2025-08-11 20:27:09", "elapsed": 14509.098595142365, "delta": 31.553956747055054}, "costs": {"total_cost": 920.8487315358898, "time_cost": 150, "final_distance_cost": 66.42367094512144, "oscillation_cost": 357.5473176458704, "completition_cost": 222.2222222222222, "overshoot_cost": 57.77709355633578, "power_cost": 36.438362915039065, "noise_cost": 30.440064251300928, "n_waypoints_completed": 7, "tot_waypoints": 9}}
{"target": -433.8979175467903, "params": {"k_pid_pos": [1.0316619766206638, 0.43772857261987974, 0.04886367547906567], "k_pid_alt": [1.5843663643890395, 0.6703705074633859, 0.8761818972491412], "k_pid_att": [9.554378462100544, 1.1315566117042188, 0.9597451383278566], "k_pid_yaw": [0.5, 1e-06, 0.1], "k_pid_hsp": [3.069394744045272, 0.21919773885501403, 0.49983729154203116], "k_pid_vsp": [63.522046293314546, 343.2839819819795, 146.49040473768991]}, "datetime": {"datetime": "2025-08-11 20:27:40", "elapsed": 14540.370874643326, "delta": 31.272279500961304}, "costs": {"total_cost": 433.8979175467903, "time_cost": 114.394, "final_distance_cost": 1.795651258980369, "oscillation_cost": 196.84283223309964, "completition_cost": 0.0, "overshoot_cost": 60.1268318975393, "power_cost": 31.457585083007814, "noise_cost": 29.281017074163156, "n_waypoints_completed": 9, "tot_waypoints": 9}}
{"target": -1074.269612682478, "params": {"k_pid_pos": [0.7118561656582353, 0.9372973015576337, 0.0472717653966358], "k_pid_alt": [1.4767283247453402, 0.7590660063656071, 0.16052586615396247], "k_pid_att": [40.87696544960286, 9.7134979012453, 0.5159060626369639], "k_pid_yaw": [0.5, 1e-06, 0.1], "k_pid_hsp": [5.498097164042437, 0.8348265889506841, 0.7587250724765265], "k_pid_vsp": [24.226037968210345, 389.39795804591404, 56.50520918423257]}, "datetime": {"datetime": "2025-08-11 20:28:13", "elapsed": 14572.49968457222, "delta": 32.12880992889404}, "costs": {"total_cost": 1074.269612682478, "time_cost": 150, "final_distance_cost": 39.00532634933517, "oscillation_cost": 196.92691356682647, "completition_cost": 555.5555555555555, "overshoot_cost": 63.56243525101736, "power_cost": 38.006161511230474, "noise_cost": 31.213220448513148, "n_waypoints_completed": 4, "tot_waypoints": 9}}
{"target": -648.9791571026461, "params": {"k_pid_pos": [1.4345970442571778, 0.24272457645800188, 0.6663980600813948], "k_pid_alt": [0.8090052550840892, 0.5097356254247931, 0.6213095692277528], "k_pid_att": [84.23853064452187, 7.561414654632681, 0.7731527756955161], "k_pid_yaw": [0.5, 1e-06, 0.1], "k_pid_hsp": [7.5192558170866395, 0.4333880441177187, 0.1527418670706965], "k_pid_vsp": [364.0284057373255, 263.2822572930478, 254.95178031097518]}, "datetime": {"datetime": "2025-08-11 20:28:40", "elapsed": 14600.315551996231, "delta": 27.81586742401123}, "costs": {"total_cost": 648.9791571026461, "time_cost": 105.623, "final_distance_cost": 1.7804874329283553, "oscillation_cost": 425.38950524468095, "completition_cost": 0.0, "overshoot_cost": 59.90871703728677, "power_cost": 31.113893212890627, "noise_cost": 25.1635541748594, "n_waypoints_completed": 9, "tot_waypoints": 9}}
{"target": -1097.254645524707, "params": {"k_pid_pos": [1.5811901401388193, 0.3308347423502668, 0.2516796082751417], "k_pid_alt": [0.9476455620253708, 0.7224324287495847, 0.16406095209848204], "k_pid_att": [8.941166214979845, 7.810330819649361, 0.7997239274283915], "k_pid_yaw": [0.5, 1e-06, 0.1], "k_pid_hsp": [8.310282031274786, 0.0018485919219706215, 0.7273852176835782], "k_pid_vsp": [54.70371480049154, 345.9262426368689, 161.94791991523778]}, "datetime": {"datetime": "2025-08-11 20:29:13", "elapsed": 14632.427773714066, "delta": 32.11222171783447}, "costs": {"total_cost": 1097.254645524707, "time_cost": 150, "final_distance_cost": 46.1579443457726, "oscillation_cost": 301.4843296924333, "completition_cost": 444.4444444444444, "overshoot_cost": 71.33595596516258, "power_cost": 33.49191931152344, "noise_cost": 50.34005176537084, "n_waypoints_completed": 5, "tot_waypoints": 9}}
{"target": -361.6133818183425, "params": {"k_pid_pos": [1.1041100341162766, 0.14713321342644337, 0.113296173567769], "k_pid_alt": [1.493177332399389, 0.4307012948928065, 0.07805443983230054], "k_pid_att": [49.609087702572474, 0.040573968969229345, 0.6432162561291549], "k_pid_yaw": [0.5, 1e-06, 0.1], "k_pid_hsp": [2.5337823729165803, 0.7836624857534318, 0.07633922799200643], "k_pid_vsp": [209.62668474501237, 244.87356961649496, 127.68236049146788]}, "datetime": {"datetime": "2025-08-11 20:29:34", "elapsed": 14653.760885000229, "delta": 21.33311128616333}, "costs": {"total_cost": 361.6133818183425, "time_cost": 79.97500000000001, "final_distance_cost": 1.7541227331475797, "oscillation_cost": 186.73964586182072, "completition_cost": 0.0, "overshoot_cost": 51.95209276216418, "power_cost": 21.569887756347658, "noise_cost": 19.62263270486232, "n_waypoints_completed": 9, "tot_waypoints": 9}}
{"target": -391.9961198898869, "params": {"k_pid_pos": [1.4339136171719051, 0.8032611608423171, 0.11645103930608136], "k_pid_alt": [1.1755201614653528, 0.4219619180389852, 0.8143858990628629], "k_pid_att": [34.48443032813181, 2.208850312036214, 0.8080785790711152], "k_pid_yaw": [0.5, 1e-06, 0.1], "k_pid_hsp": [9.011300884321567, 0.7994777287388303, 0.45771140633383045], "k_pid_vsp": [222.81115360459572, 24.15619288553896, 53.03586571441984]}, "datetime": {"datetime": "2025-08-11 20:30:01", "elapsed": 14681.245387554169, "delta": 27.48450255393982}, "costs": {"total_cost": 391.9961198898869, "time_cost": 104.02, "final_distance_cost": 1.7274638303632335, "oscillation_cost": 163.42970838828077, "completition_cost": 0.0, "overshoot_cost": 64.74354357926642, "power_cost": 31.171690380859378, "noise_cost": 26.903713711117113, "n_waypoints_completed": 9, "tot_waypoints": 9}}
{"target": -459.54569954434504, "params": {"k_pid_pos": [1.4764574337667928, 0.5706442509230748, 0.5698479329981772], "k_pid_alt": [0.20573822568947797, 0.4807907352487215, 0.2768557536380014], "k_pid_att": [34.36478891296011, 5.8880536119484335, 0.015573864578801833], "k_pid_yaw": [0.5, 1e-06, 0.1], "k_pid_hsp": [0.7738551870081826, 0.6895591140309004, 0.05847017245446473], "k_pid_vsp": [342.0720121660387, 286.6656373840091, 244.65697767453543]}, "datetime": {"datetime": "2025-08-11 20:30:30", "elapsed": 14710.342782258987, "delta": 29.097394704818726}, "costs": {"total_cost": 459.54569954434504, "time_cost": 108.717, "final_distance_cost": 1.765977153960812, "oscillation_cost": 219.3824373477554, "completition_cost": 0.0, "overshoot_cost": 67.41295658991335, "power_cost": 31.94947001953125, "noise_cost": 30.317858433184256, "n_waypoints_completed": 9, "tot_waypoints": 9}}
{"target": -709.9270237502939, "params": {"k_pid_pos": [1.9984868076962492, 0.5398212236381753, 2.5635182167797578e-05], "k_pid_alt": [1.1437745176402656, 0.5664369596825628, 5.006432737818163e-06], "k_pid_att": [35.925392559175336, 4.645242940253743, 0.2090686486895832], "k_pid_yaw": [0.5, 1e-06, 0.1], "k_pid_hsp": [4.366876631159638, 0.26311800023561027, 0.44164172128531437], "k_pid_vsp": [338.9855552483722, 286.7352632085663, 242.22581723619066]}, "datetime": {"datetime": "2025-08-11 20:31:03", "elapsed": 14742.388175964355, "delta": 32.04539370536804}, "costs": {"total_cost": 709.9270237502939, "time_cost": 150, "final_distance_cost": 20.85207640636522, "oscillation_cost": 291.7431796492069, "completition_cost": 111.11111111111116, "overshoot_cost": 69.50736541920783, "power_cost": 36.05589764404297, "noise_cost": 30.657393520359708, "n_waypoints_completed": 8, "tot_waypoints": 9}}
{"target": -371.5793999286041, "params": {"k_pid_pos": [1.9075055395669622, 0.02378958468040382, 0.3875131407081268], "k_pid_alt": [1.1917106218886375, 0.8832824359927937, 0.10422309092770154], "k_pid_att": [8.164824845889129, 3.986192863481674, 0.9123213251628922], "k_pid_yaw": [0.5, 1e-06, 0.1], "k_pid_hsp": [3.3669333615566357, 0.659557568382485, 0.8696854169921605], "k_pid_vsp": [244.09924459980377, 270.6551204739375, 35.014824384824095]}, "datetime": {"datetime": "2025-08-11 20:31:29", "elapsed": 14768.784645318985, "delta": 26.396469354629517}, "costs": {"total_cost": 371.5793999286041, "time_cost": 98.077, "final_distance_cost": 1.7789365789838, "oscillation_cost": 161.29075393474452, "completition_cost": 0.0, "overshoot_cost": 58.10556909020222, "power_cost": 26.997641052246095, "noise_cost": 25.329499272427462, "n_waypoints_completed": 9, "tot_waypoints": 9}}
{"target": -1129.2337735488716, "params": {"k_pid_pos": [0.4298051675082274, 0.729401850143185, 0.8156528275207653], "k_pid_alt": [0.5216439294747992, 0.6318794193948071, 0.9714096065202076], "k_pid_att": [4.030839798575037, 7.345664721168941, 0.13273196660290865], "k_pid_yaw": [0.5, 1e-06, 0.1], "k_pid_hsp": [2.469792835431919, 0.37951788622130755, 0.7012348234209436], "k_pid_vsp": [287.6119521996947, 291.12013855285954, 177.69405987461676]}, "datetime": {"datetime": "2025-08-11 20:32:00", "elapsed": 14800.31408405304, "delta": 31.529438734054565}, "costs": {"total_cost": 1129.2337735488716, "time_cost": 150, "final_distance_cost": 44.49876390522013, "oscillation_cost": 245.97825803699655, "completition_cost": 555.5555555555555, "overshoot_cost": 71.47548091974396, "power_cost": 31.422874340820314, "noise_cost": 30.30284079053513, "n_waypoints_completed": 4, "tot_waypoints": 9}}
{"target": -333.95970447427055, "params": {"k_pid_pos": [0.6762182656577832, 0.19772370684039398, 0.25088819043655697], "k_pid_alt": [1.416612950853202, 0.5175660627254625, 0.39470255338222937], "k_pid_att": [4.3912672859715896, 4.923407067910804, 0.490576645424599], "k_pid_yaw": [0.5, 1e-06, 0.1], "k_pid_hsp": [4.46143086914466, 0.5346181945546511, 0.6293966360745585], "k_pid_vsp": [193.76456582936376, 325.70008045961225, 20.324740485696328]}, "datetime": {"datetime": "2025-08-11 20:32:26", "elapsed": 14826.103736639023, "delta": 25.789652585983276}, "costs": {"total_cost": 333.95970447427055, "time_cost": 96.544, "final_distance_cost": 1.7564111995003917, "oscillation_cost": 131.23736911329073, "completition_cost": 0.0, "overshoot_cost": 56.14369281651466, "power_cost": 24.992876965332034, "noise_cost": 23.285354379632754, "n_waypoints_completed": 9, "tot_waypoints": 9}}
{"target": -885.9826722573937, "params": {"k_pid_pos": [0.32338799593771456, 0.6433669293498138, 0.6118915288980749], "k_pid_alt": [1.0038962543526533, 0.38330979708285584, 0.5792709096777356], "k_pid_att": [44.984485419045875, 8.900598416947215, 0.8345146332135458], "k_pid_yaw": [0.5, 1e-06, 0.1], "k_pid_hsp": [4.202482296349122, 0.8461135105129672, 0.8982336472847935], "k_pid_vsp": [277.1110377897598, 360.716130005321, 22.087939403822467]}, "datetime": {"datetime": "2025-08-11 20:32:58", "elapsed": 14857.812150239944, "delta": 31.70841360092163}, "costs": {"total_cost": 885.9826722573937, "time_cost": 150, "final_distance_cost": 68.13907516548167, "oscillation_cost": 333.0864699271299, "completition_cost": 222.2222222222222, "overshoot_cost": 49.493633811974604, "power_cost": 34.13874266357422, "noise_cost": 28.902528467011066, "n_waypoints_completed": 7, "tot_waypoints": 9}}
{"target": -353.99906384486326, "params": {"k_pid_pos": [0.7374307352540734, 0.47673397964174535, 0.6937415826334485], "k_pid_alt": [1.6000830041508292, 0.41308105211014545, 0.19075305171559875], "k_pid_att": [3.879746656185168, 1.2260849882107163, 0.8175224984228091], "k_pid_yaw": [0.5, 1e-06, 0.1], "k_pid_hsp": [7.959821244266917, 0.8643872878724259, 0.17022364786575928], "k_pid_vsp": [287.57674887964737, 343.49342112946584, 142.00718794673764]}, "datetime": {"datetime": "2025-08-11 20:33:30", "elapsed": 14889.373913526535, "delta": 31.561763286590576}, "costs": {"total_cost": 353.99906384486326, "time_cost": 119.889, "final_distance_cost": 1.7728622402558272, "oscillation_cost": 115.56464426649462, "completition_cost": 0.0, "overshoot_cost": 57.23149060317135, "power_cost": 31.8940353515625, "noise_cost": 27.64703138337893, "n_waypoints_completed": 9, "tot_waypoints": 9}}
{"target": -689.2710157463465, "params": {"k_pid_pos": [1.0757639081679728, 0.62724937133755, 0.8251825448632125], "k_pid_alt": [0.9366793565310882, 0.6761214432669248, 0.7429350230347563], "k_pid_att": [89.92216061207667, 0.34665796136483307, 0.03675781682116286], "k_pid_yaw": [0.5, 1e-06, 0.1], "k_pid_hsp": [7.712711506938659, 0.9218911744750573, 0.08633832347567294], "k_pid_vsp": [80.69857752354137, 255.26362503859093, 22.917237571257296]}, "datetime": {"datetime": "2025-08-11 20:33:57", "elapsed": 14916.791038751602, "delta": 27.41712522506714}, "costs": {"total_cost": 689.2710157463465, "time_cost": 105.09100000000001, "final_distance_cost": 1.734154899105028, "oscillation_cost": 468.25623767746265, "completition_cost": 0.0, "overshoot_cost": 57.99832401642593, "power_cost": 30.664054321289065, "noise_cost": 25.527244832063822, "n_waypoints_completed": 9, "tot_waypoints": 9}}
{"target": -1045.0290576064465, "params": {"k_pid_pos": [0.5132699886954627, 0.8228184453855119, 0.44061886546651874], "k_pid_alt": [0.48252567274916935, 0.8241785963976686, 0.3055534583289109], "k_pid_att": [3.234021240320517, 5.791412734060747, 0.507261652281121], "k_pid_yaw": [0.5, 1e-06, 0.1], "k_pid_hsp": [5.531953520769935, 0.8932054548338014, 0.515783322930257], "k_pid_vsp": [249.84725242817268, 263.27209631941673, 31.854213405650864]}, "datetime": {"datetime": "2025-08-11 20:34:28", "elapsed": 14947.958193302155, "delta": 31.167154550552368}, "costs": {"total_cost": 1045.0290576064465, "time_cost": 150, "final_distance_cost": 40.86819480723051, "oscillation_cost": 185.02292403892068, "completition_cost": 555.5555555555555, "overshoot_cost": 51.335035163193396, "power_cost": 32.61807200927735, "noise_cost": 29.62927603226881, "n_waypoints_completed": 4, "tot_waypoints": 9}}
{"target": -1947.639450131394, "params": {"k_pid_pos": [0.10711577763722997, 0.058135216763963715, 0.6464704711228872], "k_pid_alt": [1.6196091095246812, 0.8339961725694953, 0.7818611554812646], "k_pid_att": [0.7321163847039847, 3.4057183625241514, 0.8468180344934817], "k_pid_yaw": [0.5, 1e-06, 0.1], "k_pid_hsp": [1.2626148171720728, 0.2358158303927086, 0.7416514764907864], "k_pid_vsp": [322.25284063883686, 390.7020072347463, 253.67832116420539]}, "datetime": {"datetime": "2025-08-11 20:34:59", "elapsed": 14978.598858594894, "delta": 30.640665292739868}, "costs": {"total_cost": 1947.639450131394, "time_cost": 150, "final_distance_cost": 63.63262209196326, "oscillation_cost": 447.1184780643353, "completition_cost": 888.8888888888888, "overshoot_cost": 213.0995778280125, "power_cost": 53.14738455810547, "noise_cost": 131.75249870008855, "n_waypoints_completed": 1, "tot_waypoints": 9}}
{"target": -613.568973953961, "params": {"k_pid_pos": [0.836289568047941, 0.20479519596807327, 0.3200224598217376], "k_pid_alt": [0.7577206117095328, 0.2505139870134502, 0.5807132302790308], "k_pid_att": [53.44128213244935, 4.643128277563032, 0.6051602643269302], "k_pid_yaw": [0.5, 1e-06, 0.1], "k_pid_hsp": [8.735062699375307, 0.2607032789812228, 0.7135411938998637], "k_pid_vsp": [209.32190833696293, 235.60926833451717, 125.51352954851096]}, "datetime": {"datetime": "2025-08-11 20:35:27", "elapsed": 15006.436703681946, "delta": 27.83784508705139}, "costs": {"total_cost": 613.568973953961, "time_cost": 103.348, "final_distance_cost": 1.7424954323635817, "oscillation_cost": 398.9237247447783, "completition_cost": 0.0, "overshoot_cost": 55.91483360813971, "power_cost": 29.104846899414063, "noise_cost": 24.535073269265244, "n_waypoints_completed": 9, "tot_waypoints": 9}}
