{"target": -651.6177629044993, "params": {"k_pid_pos": [0.6874684658041827, 0.42222776400633366, 0.4831600485721739], "k_pid_alt": [1.1596810850289028, 0.49782984920012985, 0.8658410196175474], "k_pid_att": [52.83097348575433, 2.4467176751048747, 0.4890322123127603], "k_pid_yaw": [0.5, 1e-06, 0.1], "k_pid_hsp": [9.0741475368326, 0.2418109892372795, 0.49343829715298426], "k_pid_vsp": [234.1881949665233, 7.591062984311596, 35.429061369948805]}, "datetime": {"datetime": "2025-08-12 06:47:04", "elapsed": 51703.9449532032, "delta": 35.91806435585022}, "costs": {"total_cost": 651.6177629044993, "time_cost": 105.21000000000001, "final_distance_cost": 1.798613671150643, "oscillation_cost": 430.93675252972133, "completition_cost": 0.0, "overshoot_cost": 57.96405400604267, "power_cost": 29.94859782714844, "noise_cost": 25.75974487043613, "n_waypoints_completed": 9, "tot_waypoints": 9}}
{"target": -1307.278487224963, "params": {"k_pid_pos": [0.2509427394414869, 0.10182403000828844, 0.5372595489347372], "k_pid_alt": [0.14486809931948308, 0.011660295376835772, 0.4595007506433545], "k_pid_att": [44.510867246569966, 5.3616326559935015, 0.3553819224065464], "k_pid_yaw": [0.5, 1e-06, 0.1], "k_pid_hsp": [3.5241047183514533, 0.14515794036652274, 0.6123151613286729], "k_pid_vsp": [37.49894450633673, 392.8839218428993, 56.431354745659604]}, "datetime": {"datetime": "2025-08-12 06:47:42", "elapsed": 51741.707852602005, "delta": 37.76289939880371}, "costs": {"total_cost": 1307.278487224963, "time_cost": 150, "final_distance_cost": 57.67453325613778, "oscillation_cost": 648.6748057350558, "completition_cost": 333.33333333333337, "overshoot_cost": 54.51608033586757, "power_cost": 34.450354809570314, "noise_cost": 28.629379754998027, "n_waypoints_completed": 6, "tot_waypoints": 9}}
{"target": -393.8600651615697, "params": {"k_pid_pos": [0.5183825350356824, 0.0605687641974082, 0.3532345717715121], "k_pid_alt": [1.000795151507153, 0.09230274806218375, 0.011662887561989077], "k_pid_att": [31.223211938623542, 9.376273824028736, 0.6291274935876795], "k_pid_yaw": [0.5, 1e-06, 0.1], "k_pid_hsp": [4.183046762087379, 0.25048724965104896, 0.10392853054870599], "k_pid_vsp": [230.99770591046803, 323.92484078593435, 23.230457900520328]}, "datetime": {"datetime": "2025-08-12 06:48:18", "elapsed": 51777.451627254486, "delta": 35.74377465248108}, "costs": {"total_cost": 393.8600651615697, "time_cost": 93.625, "final_distance_cost": 1.818854310227333, "oscillation_cost": 198.17808613737344, "completition_cost": 0.0, "overshoot_cost": 52.67330997365647, "power_cost": 24.51549976806641, "noise_cost": 23.049314972246016, "n_waypoints_completed": 9, "tot_waypoints": 9}}
{"target": -627.2867004620115, "params": {"k_pid_pos": [0.5100384142485166, 0.6085248470915626, 0.5012546547370617], "k_pid_alt": [1.6690939375892206, 0.2176708653797037, 0.28662449068918927], "k_pid_att": [50.14753463954328, 9.593668032779188, 0.5548162901801162], "k_pid_yaw": [0.5, 1e-06, 0.1], "k_pid_hsp": [9.379649446487877, 0.3244342491258698, 0.2225749172601631], "k_pid_vsp": [208.69244773641253, 247.84622995847457, 227.40876433866032]}, "datetime": {"datetime": "2025-08-12 06:48:54", "elapsed": 51813.73169136047, "delta": 36.28006410598755}, "costs": {"total_cost": 627.2867004620115, "time_cost": 110.558, "final_distance_cost": 1.7743699429582547, "oscillation_cost": 400.0192548185251, "completition_cost": 0.0, "overshoot_cost": 57.19012627627749, "power_cost": 31.460096142578127, "noise_cost": 26.284853281672518, "n_waypoints_completed": 9, "tot_waypoints": 9}}
{"target": -799.0347418190473, "params": {"k_pid_pos": [1.3386044016777123, 0.9764844779752814, 0.2348239933797125], "k_pid_alt": [0.8952035751097689, 0.19408329370702548, 0.7591781618080939], "k_pid_att": [62.99695966098049, 8.131807499786957, 0.731034997648339], "k_pid_yaw": [0.5, 1e-06, 0.1], "k_pid_hsp": [6.161685032606527, 0.8766752540626376, 0.9294533776823855], "k_pid_vsp": [265.8139819910671, 144.42528306269156, 18.80101581942984]}, "datetime": {"datetime": "2025-08-12 06:49:39", "elapsed": 51858.7871696949, "delta": 45.05547833442688}, "costs": {"total_cost": 799.0347418190473, "time_cost": 150, "final_distance_cost": 77.1506467080345, "oscillation_cost": 215.11225812058845, "completition_cost": 222.2222222222222, "overshoot_cost": 66.16607829826172, "power_cost": 37.025516455078126, "noise_cost": 31.358020014862422, "n_waypoints_completed": 7, "tot_waypoints": 9}}
{"target": -507.90996940674285, "params": {"k_pid_pos": [0.6903881128018864, 0.8883585513735659, 0.1818164492717257], "k_pid_alt": [1.6968208361822306, 0.6179420909695403, 0.7466958861842522], "k_pid_att": [29.349535262808324, 7.800664454268111, 0.4404307016140627], "k_pid_yaw": [0.5, 1e-06, 0.1], "k_pid_hsp": [7.374324771663998, 0.7175017270472507, 0.7530704685684096], "k_pid_vsp": [225.65444746878086, 13.450049783841797, 41.83820985608976]}, "datetime": {"datetime": "2025-08-12 06:50:17", "elapsed": 51897.21245765686, "delta": 38.42528796195984}, "costs": {"total_cost": 507.90996940674285, "time_cost": 119.32900000000001, "final_distance_cost": 1.759639212073361, "oscillation_cost": 252.68464148163235, "completition_cost": 0.0, "overshoot_cost": 68.23219774664076, "power_cost": 35.21101423339844, "noise_cost": 30.693476732997986, "n_waypoints_completed": 9, "tot_waypoints": 9}}
{"target": -956.1576339108648, "params": {"k_pid_pos": [1.3558748477531264, 0.804368317780151, 0.14243619459948786], "k_pid_alt": [1.972395189886289, 0.6743955450921271, 0.6346641795323581], "k_pid_att": [1.9050786681445775, 1.3636824738908138, 0.8789299324554923], "k_pid_yaw": [0.5, 1e-06, 0.1], "k_pid_hsp": [0.12937270344928783, 0.491536322425584, 0.8049116987032663], "k_pid_vsp": [272.00375394569795, 361.7194618346974, 42.634938603254625]}, "datetime": {"datetime": "2025-08-12 06:50:55", "elapsed": 51934.76420927048, "delta": 37.55175161361694}, "costs": {"total_cost": 956.1576339108648, "time_cost": 150, "final_distance_cost": 44.4988759637297, "oscillation_cost": 117.39319202883712, "completition_cost": 444.4444444444444, "overshoot_cost": 135.5112855370591, "power_cost": 35.50862126464844, "noise_cost": 28.801214672145978, "n_waypoints_completed": 5, "tot_waypoints": 9}}
{"target": -479.9839374266717, "params": {"k_pid_pos": [1.383904005211698, 0.02533999802434775, 0.4351142306738151], "k_pid_alt": [0.18752692831183543, 0.0, 0.0], "k_pid_att": [20.48747139122702, 3.1979067696291272, 0.0], "k_pid_yaw": [0.5, 1e-06, 0.1], "k_pid_hsp": [2.8679535215999015, 0.0, 0.0], "k_pid_vsp": [178.37007095269038, 176.28846815002126, 20.367377948637635]}, "datetime": {"datetime": "2025-08-12 06:51:43", "elapsed": 51982.69391608238, "delta": 47.92970681190491}, "costs": {"total_cost": 479.9839374266717, "time_cost": 150, "final_distance_cost": 32.6368141044225, "oscillation_cost": 74.87213450722534, "completition_cost": 111.11111111111116, "overshoot_cost": 53.06726908224958, "power_cost": 30.67522889404297, "noise_cost": 27.62137972762013, "n_waypoints_completed": 8, "tot_waypoints": 9}}
{"target": -511.97771283670204, "params": {"k_pid_pos": [0.8528409033316121, 0.6804238576516088, 0.19998607214569752], "k_pid_alt": [0.906450290562105, 0.5297789667548459, 0.17536303825147614], "k_pid_att": [36.056065409877306, 7.7089061479693335, 0.7496262736778982], "k_pid_yaw": [0.5, 1e-06, 0.1], "k_pid_hsp": [8.522988731892164, 0.01677289678205407, 0.570295839891221], "k_pid_vsp": [337.1673669544843, 292.26198461241194, 229.06714408597549]}, "datetime": {"datetime": "2025-08-12 06:52:18", "elapsed": 52017.83324384689, "delta": 35.13932776451111}, "costs": {"total_cost": 511.97771283670204, "time_cost": 106.736, "final_distance_cost": 1.7951272563235796, "oscillation_cost": 280.46920197308225, "completition_cost": 0.0, "overshoot_cost": 64.67742162917007, "power_cost": 32.217536364746096, "noise_cost": 26.082425613380057, "n_waypoints_completed": 9, "tot_waypoints": 9}}
{"target": -918.9031080095289, "params": {"k_pid_pos": [1.0034610626851395, 0.9483313048833911, 0.9276850560225242], "k_pid_alt": [0.40566375653368625, 0.35489697830235045, 0.4081665025737353], "k_pid_att": [24.552215107639274, 0.9510986943169369, 0.206583039868932], "k_pid_yaw": [0.5, 1e-06, 0.1], "k_pid_hsp": [4.0782963115240936, 0.8612573696808414, 0.23140272851497068], "k_pid_vsp": [74.65674524431383, 203.56774813292418, 28.610095446321093]}, "datetime": {"datetime": "2025-08-12 06:52:57", "elapsed": 52056.679253578186, "delta": 38.846009731292725}, "costs": {"total_cost": 918.9031080095289, "time_cost": 150, "final_distance_cost": 66.07036508373048, "oscillation_cost": 473.9406927757517, "completition_cost": 111.11111111111116, "overshoot_cost": 52.32094658022017, "power_cost": 34.10287172851562, "noise_cost": 31.3571207301997, "n_waypoints_completed": 8, "tot_waypoints": 9}}
{"target": -219.0297362057417, "params": {"k_pid_pos": [2.0, 0.0, 0.0], "k_pid_alt": [2.0, 0.0, 0.0], "k_pid_att": [40.28274019873289, 2.500942152061851, 1.0], "k_pid_yaw": [0.5, 1e-06, 0.1], "k_pid_hsp": [3.1871604498320707, 1.0, 0.0], "k_pid_vsp": [64.80024848705631, 364.21830578792617, 93.53268274617811]}, "datetime": {"datetime": "2025-08-12 06:53:27", "elapsed": 52086.84334445, "delta": 30.164090871810913}, "costs": {"total_cost": 219.0297362057417, "time_cost": 71.393, "final_distance_cost": 1.7684834193507362, "oscillation_cost": 55.67979364182309, "completition_cost": 0.0, "overshoot_cost": 52.04712523639557, "power_cost": 20.1871748046875, "noise_cost": 17.954159103484812, "n_waypoints_completed": 9, "tot_waypoints": 9}}
{"target": -544.6677647057843, "params": {"k_pid_pos": [0.8251900936019968, 0.5281836014646311, 0.1089584713615468], "k_pid_alt": [0.22943463228785754, 0.5191806642772085, 0.9804211779016242], "k_pid_att": [39.11151425969324, 6.435035161461246, 0.8857226966935126], "k_pid_yaw": [0.5, 1e-06, 0.1], "k_pid_hsp": [9.302934746066647, 0.26660660942606196, 0.5230848816853898], "k_pid_vsp": [272.5955355543131, 315.1340643046667, 70.49671061306806]}, "datetime": {"datetime": "2025-08-12 06:54:08", "elapsed": 52127.8601834774, "delta": 41.016839027404785}, "costs": {"total_cost": 544.6677647057843, "time_cost": 114.702, "final_distance_cost": 1.7457343685841733, "oscillation_cost": 303.4180161806737, "completition_cost": 0.0, "overshoot_cost": 64.23919149444012, "power_cost": 31.44772762451172, "noise_cost": 29.115095037574687, "n_waypoints_completed": 9, "tot_waypoints": 9}}
{"target": -1119.2576017186136, "params": {"k_pid_pos": [1.8355795782378577, 0.7745163528215889, 0.2847871963771905], "k_pid_alt": [0.27264758824937374, 0.40187253312787785, 0.04895200373311859], "k_pid_att": [50.55973390593014, 1.3575392179785166, 0.8740368582250994], "k_pid_yaw": [0.5, 1e-06, 0.1], "k_pid_hsp": [3.9467208782840295, 0.21828699085445236, 0.9327245895921779], "k_pid_vsp": [225.45913677882163, 103.05673651913806, 39.13714121653479]}, "datetime": {"datetime": "2025-08-12 06:54:53", "elapsed": 52172.92244172096, "delta": 45.06225824356079}, "costs": {"total_cost": 1119.2576017186136, "time_cost": 150, "final_distance_cost": 55.140689669990785, "oscillation_cost": 226.2450261277237, "completition_cost": 555.5555555555555, "overshoot_cost": 63.60154616032519, "power_cost": 36.677061132812504, "noise_cost": 32.037723072205736, "n_waypoints_completed": 4, "tot_waypoints": 9}}
{"target": -429.9766530952161, "params": {"k_pid_pos": [1.1718421423516576, 0.5016556450569781, 0.6660045517943087], "k_pid_alt": [0.8996207892183166, 0.5209252807776883, 0.27162488692316666], "k_pid_att": [6.714536557164664, 1.8995352505777934, 0.18326833337327875], "k_pid_yaw": [0.5, 1e-06, 0.1], "k_pid_hsp": [4.808026502159677, 0.3088549359900389, 0.10434673034689201], "k_pid_vsp": [324.0152813639618, 398.6109973232308, 253.41369933707693]}, "datetime": {"datetime": "2025-08-12 06:55:38", "elapsed": 52218.003670692444, "delta": 45.08122897148132}, "costs": {"total_cost": 429.9766530952161, "time_cost": 110.229, "final_distance_cost": 1.776794255996541, "oscillation_cost": 203.4288191286, "completition_cost": 0.0, "overshoot_cost": 59.60582300920005, "power_cost": 27.975657641601565, "noise_cost": 26.96055905981792, "n_waypoints_completed": 9, "tot_waypoints": 9}}
{"target": -277.3915606788564, "params": {"k_pid_pos": [0.8739305945265473, 0.7588000391158938, 0.7650196010680522], "k_pid_alt": [0.61922080733143, 0.02260138741607387, 0.5112139774297177], "k_pid_att": [24.901488792849403, 2.8551656704492294, 0.8118447485842377], "k_pid_yaw": [0.5, 1e-06, 0.1], "k_pid_hsp": [5.84557298355907, 0.6675974695139986, 0.062250006869369656], "k_pid_vsp": [72.41389380745247, 203.58271061639462, 39.395510544356775]}, "datetime": {"datetime": "2025-08-12 06:56:16", "elapsed": 52255.945832014084, "delta": 37.942161321640015}, "costs": {"total_cost": 277.3915606788564, "time_cost": 86.828, "final_distance_cost": 1.800625243931328, "oscillation_cost": 94.81704732708478, "completition_cost": 0.0, "overshoot_cost": 50.6192917481914, "power_cost": 22.363648583984375, "noise_cost": 20.962947775664514, "n_waypoints_completed": 9, "tot_waypoints": 9}}
{"target": -842.4225878770841, "params": {"k_pid_pos": [0.3951392784572061, 0.9694975193598506, 0.051720559681957434], "k_pid_alt": [1.6798601767707328, 0.5457304134973393, 0.28342836037270014], "k_pid_att": [10.284137680191119, 6.833491629467756, 0.3844232077396411], "k_pid_yaw": [0.5, 1e-06, 0.1], "k_pid_hsp": [9.220862683512673, 0.5731277537159595, 0.8575016442124055], "k_pid_vsp": [278.59095823493305, 360.12147576786157, 96.03705169316105]}, "datetime": {"datetime": "2025-08-12 06:56:56", "elapsed": 52295.75223612785, "delta": 39.80640411376953}, "costs": {"total_cost": 842.4225878770841, "time_cost": 150, "final_distance_cost": 76.34530013305306, "oscillation_cost": 155.2381724686945, "completition_cost": 333.33333333333337, "overshoot_cost": 60.51428675632078, "power_cost": 36.35726159667969, "noise_cost": 30.63423358900274, "n_waypoints_completed": 6, "tot_waypoints": 9}}
{"target": -627.2470623951926, "params": {"k_pid_pos": [1.9496182239122561, 0.9842067777344662, 0.05098389967056638], "k_pid_alt": [1.0140466144609175, 0.46086514025235403, 0.5161317519956257], "k_pid_att": [42.61785857575281, 8.007555813944707, 0.7950482464310283], "k_pid_yaw": [0.5, 1e-06, 0.1], "k_pid_hsp": [6.767344103010711, 0.3105267703534579, 0.8937681255641359], "k_pid_vsp": [227.54747613412002, 330.80097318269827, 18.528502322000328]}, "datetime": {"datetime": "2025-08-12 06:57:37", "elapsed": 52337.34932184219, "delta": 41.59708571434021}, "costs": {"total_cost": 627.2470623951926, "time_cost": 150, "final_distance_cost": 35.65569449832833, "oscillation_cost": 182.13026135623173, "completition_cost": 111.11111111111116, "overshoot_cost": 81.31581770630933, "power_cost": 35.691747094726566, "noise_cost": 31.342430628485495, "n_waypoints_completed": 8, "tot_waypoints": 9}}
{"target": -678.0847713230369, "params": {"k_pid_pos": [1.599420805493631, 0.9866665726610485, 0.05525966225393808], "k_pid_alt": [1.7086439373654938, 0.29153035904322067, 0.6053687162960674], "k_pid_att": [13.316626351901517, 4.703131346618197, 0.8387424925805537], "k_pid_yaw": [0.5, 1e-06, 0.1], "k_pid_hsp": [6.811761972767155, 0.8708745116639006, 0.25811313809636516], "k_pid_vsp": [236.1922016645883, 37.20473431499606, 38.19772035482341]}, "datetime": {"datetime": "2025-08-12 06:58:28", "elapsed": 52387.96969652176, "delta": 50.62037467956543}, "costs": {"total_cost": 678.0847713230369, "time_cost": 150, "final_distance_cost": 65.0165181635507, "oscillation_cost": 114.64901237809573, "completition_cost": 222.2222222222222, "overshoot_cost": 59.033418566859226, "power_cost": 35.68927169189453, "noise_cost": 31.474328300414445, "n_waypoints_completed": 7, "tot_waypoints": 9}}
{"target": -305.4799305576016, "params": {"k_pid_pos": [1.9056652533854164, 0.9479938834407977, 0.7172977062249419], "k_pid_alt": [1.3075619382249453, 0.7704854900583792, 0.73293654536053], "k_pid_att": [7.072343537313952, 2.2771735616237496, 0.6636818489201551], "k_pid_yaw": [0.5, 1e-06, 0.1], "k_pid_hsp": [8.291455480433068, 0.026173902942163818, 0.1303646162963179], "k_pid_vsp": [190.2916913644992, 332.49796407783134, 23.119294745202208]}, "datetime": {"datetime": "2025-08-12 06:59:03", "elapsed": 52422.84668469429, "delta": 34.87698817253113}, "costs": {"total_cost": 305.4799305576016, "time_cost": 91.077, "final_distance_cost": 1.734061047541011, "oscillation_cost": 109.68296247728381, "completition_cost": 0.0, "overshoot_cost": 54.78441255585146, "power_cost": 24.82879919433594, "noise_cost": 23.372695282589397, "n_waypoints_completed": 9, "tot_waypoints": 9}}
{"target": -867.5981380101443, "params": {"k_pid_pos": [1.9344233961290385, 0.5486837749601253, 0.1421847054384221], "k_pid_alt": [0.3498957783502037, 0.43944763937542297, 0.7421846867809215], "k_pid_att": [41.41336909667609, 8.712990417511385, 0.9805154070568225], "k_pid_yaw": [0.5, 1e-06, 0.1], "k_pid_hsp": [1.825537930789303, 0.643162827544793, 0.3973321103681049], "k_pid_vsp": [226.90525600893375, 322.9015282244852, 22.665342808815176]}, "datetime": {"datetime": "2025-08-12 06:59:44", "elapsed": 52463.51154708862, "delta": 40.664862394332886}, "costs": {"total_cost": 867.5981380101443, "time_cost": 150, "final_distance_cost": 68.22934576200048, "oscillation_cost": 185.34912754908603, "completition_cost": 333.33333333333337, "overshoot_cost": 62.19828333417455, "power_cost": 36.09398498535156, "noise_cost": 32.3940630461983, "n_waypoints_completed": 6, "tot_waypoints": 9}}
{"target": -476.7585965182728, "params": {"k_pid_pos": [1.7822901222348777, 0.19564663796474357, 0.40571646938456896], "k_pid_alt": [0.47520399123874935, 0.10881912973108332, 0.11493105317267782], "k_pid_att": [40.89541328337819, 3.911507359967055, 0.6167867218730505], "k_pid_yaw": [0.5, 1e-06, 0.1], "k_pid_hsp": [9.695177168573279, 0.11842026788215232, 0.8985304742101214], "k_pid_vsp": [278.4436220494701, 299.5068342259335, 74.74020412242463]}, "datetime": {"datetime": "2025-08-12 07:00:14", "elapsed": 52493.746675014496, "delta": 30.235127925872803}, "costs": {"total_cost": 476.7585965182728, "time_cost": 83.496, "final_distance_cost": 1.7541214626321493, "oscillation_cost": 294.5302009672872, "completition_cost": 0.0, "overshoot_cost": 52.24116204412827, "power_cost": 23.85679149169922, "noise_cost": 20.880320552525955, "n_waypoints_completed": 9, "tot_waypoints": 9}}
{"target": -968.9447876023665, "params": {"k_pid_pos": [1.7484499274553682, 0.1850529817968568, 0.6997635626645482], "k_pid_alt": [1.521666269278525, 0.5511831111658335, 0.711173845672516], "k_pid_att": [6.536189446002016, 9.258817368585712, 0.6086407411356773], "k_pid_yaw": [0.5, 1e-06, 0.1], "k_pid_hsp": [0.47868434359119805, 0.5170040324362604, 0.5608776673613849], "k_pid_vsp": [345.488873046626, 339.16840497791236, 356.0482012090428]}, "datetime": {"datetime": "2025-08-12 07:00:53", "elapsed": 52532.724217653275, "delta": 38.97754263877869}, "costs": {"total_cost": 968.9447876023665, "time_cost": 150, "final_distance_cost": 59.051422303940626, "oscillation_cost": 296.86525570074707, "completition_cost": 333.33333333333337, "overshoot_cost": 65.84542672333907, "power_cost": 33.337315051269535, "noise_cost": 30.512034489736813, "n_waypoints_completed": 6, "tot_waypoints": 9}}
{"target": -257.6682818459947, "params": {"k_pid_pos": [1.5488675604039375, 0.3709979672871381, 0.3532594963749436], "k_pid_alt": [0.5650366042649106, 0.20472876406214346, 0.2392333473107674], "k_pid_att": [14.415164973896566, 7.401912884440604, 0.4918060282718837], "k_pid_yaw": [0.5, 1e-06, 0.1], "k_pid_hsp": [0.474495441476274, 0.25436166645284697, 0.06778410400549784], "k_pid_vsp": [187.09001897315, 322.0581546188288, 3.032759638108607]}, "datetime": {"datetime": "2025-08-12 07:01:26", "elapsed": 52565.90937995911, "delta": 33.18516230583191}, "costs": {"total_cost": 257.6682818459947, "time_cost": 83.069, "final_distance_cost": 1.7424001972279448, "oscillation_cost": 77.33434399510612, "completition_cost": 0.0, "overshoot_cost": 52.4847396625687, "power_cost": 19.13977526855469, "noise_cost": 23.898022722537238, "n_waypoints_completed": 9, "tot_waypoints": 9}}
{"target": -1078.2210553102655, "params": {"k_pid_pos": [0.22085905184825796, 0.18535766437401524, 0.35931178269917363], "k_pid_alt": [0.2553063519743697, 0.30186865413981645, 0.5493273234121836], "k_pid_att": [28.913357016769048, 4.604374336283808, 0.9486781526985597], "k_pid_yaw": [0.5, 1e-06, 0.1], "k_pid_hsp": [7.041308709281325, 0.7968660681640566, 0.21514705808530277], "k_pid_vsp": [69.48175053280212, 202.92077307128275, 39.8202924211529]}, "datetime": {"datetime": "2025-08-12 07:02:07", "elapsed": 52606.591853141785, "delta": 40.68247318267822}, "costs": {"total_cost": 1078.2210553102655, "time_cost": 150, "final_distance_cost": 59.57634972096922, "oscillation_cost": 421.91563201570654, "completition_cost": 333.33333333333337, "overshoot_cost": 50.03110874644555, "power_cost": 32.61990266113281, "noise_cost": 30.74472883267808, "n_waypoints_completed": 6, "tot_waypoints": 9}}
{"target": -369.0430573193306, "params": {"k_pid_pos": [2.0, 0.41171986386977, 0.0], "k_pid_alt": [1.0420900113175406, 0.9455068430279158, 0.11831637561653134], "k_pid_att": [7.342620250811634, 1.864231638512645, 0.620741498032658], "k_pid_yaw": [0.5, 1e-06, 0.1], "k_pid_hsp": [5.641092020880251, 0.5041612928728544, 0.5839449946875535], "k_pid_vsp": [243.79478981655677, 270.0712370423844, 19.173000707756696]}, "datetime": {"datetime": "2025-08-12 07:02:49", "elapsed": 52648.94111633301, "delta": 42.349263191223145}, "costs": {"total_cost": 369.0430573193306, "time_cost": 112.07000000000001, "final_distance_cost": 1.7327912607941924, "oscillation_cost": 123.55856454901843, "completition_cost": 0.0, "overshoot_cost": 68.66147992865774, "power_cost": 32.396839685058595, "noise_cost": 30.62338189580169, "n_waypoints_completed": 9, "tot_waypoints": 9}}
