{"target": -383.2745417079826, "params": {"k_pid_pos": [0.7976572986961198, 0.03063622845613967, 0.893863678752783], "k_pid_alt": [1.8922029931756603, 0.5789182679939463, 0.07347739155443878], "k_pid_att": [16.037504164144767, 2.8628242878792447, 0.6806439664001875], "k_pid_yaw": [0.5, 1e-06, 0.1], "k_pid_hsp": [4.154029896670182, 0.8533939753704444, 0.3544324841527571], "k_pid_vsp": [242.5358456349282, 246.62871066260453, 14.527948526720165]}, "datetime": {"datetime": "2025-08-12 14:02:42", "elapsed": 77841.44651770592, "delta": 67.56475186347961}, "costs": {"total_cost": 383.2745417079826, "time_cost": 82.677, "final_distance_cost": 1.8259798395695228, "oscillation_cost": 205.45360753881405, "completition_cost": 0.0, "overshoot_cost": 51.4985043846973, "power_cost": 21.37063475341797, "noise_cost": 20.448815191483803, "n_waypoints_completed": 9, "tot_waypoints": 9}}
{"target": -1229.3118752829055, "params": {"k_pid_pos": [0.3632504824819512, 0.7739716132491203, 0.45261718660925787], "k_pid_alt": [0.19762063844494127, 0.5101082613241862, 0.14513656322480384], "k_pid_att": [18.087811311400927, 4.8902448339886355, 0.9964295841045099], "k_pid_yaw": [0.5, 1e-06, 0.1], "k_pid_hsp": [6.556464586847366, 0.18371946945115936, 0.6353424374997558], "k_pid_vsp": [238.30993624598537, 270.5664217953997, 14.553761351945937]}, "datetime": {"datetime": "2025-08-12 14:03:45", "elapsed": 77905.08893918991, "delta": 63.64242148399353}, "costs": {"total_cost": 1229.3118752829055, "time_cost": 150, "final_distance_cost": 53.263957695698295, "oscillation_cost": 251.43613567803538, "completition_cost": 666.6666666666667, "overshoot_cost": 46.380467641760916, "power_cost": 31.232635754394533, "noise_cost": 30.33201184634939, "n_waypoints_completed": 3, "tot_waypoints": 9}}
{"target": -1225.0352892762814, "params": {"k_pid_pos": [0.0898015821266044, 0.8928735394280114, 0.0631907839466277], "k_pid_alt": [0.8099655204214102, 0.05155166266922617, 0.906829073403895], "k_pid_att": [2.8435678574278533, 1.1205323049261995, 0.8530934999900256], "k_pid_yaw": [0.5, 1e-06, 0.1], "k_pid_hsp": [7.232555123832306, 0.3221937633148222, 0.028873821112718967], "k_pid_vsp": [187.30918230943087, 336.24940522478676, 25.259701409352186]}, "datetime": {"datetime": "2025-08-12 14:04:29", "elapsed": 77949.14766955376, "delta": 44.058730363845825}, "costs": {"total_cost": 1225.0352892762814, "time_cost": 150, "final_distance_cost": 87.85794813756372, "oscillation_cost": 97.84218329078661, "completition_cost": 777.7777777777778, "overshoot_cost": 44.970215305415735, "power_cost": 35.29699582519532, "noise_cost": 31.290168939542408, "n_waypoints_completed": 2, "tot_waypoints": 9}}
{"target": -367.22982971141613, "params": {"k_pid_pos": [1.0533690993715272, 0.8431161520023414, 0.4713986830064548], "k_pid_alt": [1.8236133062030895, 0.3040062481418573, 0.5801552622818401], "k_pid_att": [6.672403421432859, 3.709659211975172, 0.8358478831882596], "k_pid_yaw": [0.5, 1e-06, 0.1], "k_pid_hsp": [7.9327844472716125, 0.6738128454484513, 0.5225119923609766], "k_pid_vsp": [228.50869286204863, 270.28889090096146, 35.09815806150105]}, "datetime": {"datetime": "2025-08-12 14:05:16", "elapsed": 77995.63965964317, "delta": 46.491990089416504}, "costs": {"total_cost": 367.22982971141613, "time_cost": 112.812, "final_distance_cost": 1.7338601763538684, "oscillation_cost": 141.34950658239268, "completition_cost": 0.0, "overshoot_cost": 54.62976047760076, "power_cost": 29.77042341308594, "noise_cost": 26.934279061982867, "n_waypoints_completed": 9, "tot_waypoints": 9}}
{"target": -302.7283878795194, "params": {"k_pid_pos": [2.0, 0.39106347702072036, 0.04785851845350868], "k_pid_alt": [1.677546795640629, 0.4703210324984523, 1.0], "k_pid_att": [31.25120052081656, 3.7235238834175703, 0.7337567261844904], "k_pid_yaw": [0.5, 1e-06, 0.1], "k_pid_hsp": [4.50917793336879, 0.11118616039993393, 0.030346985517756775], "k_pid_vsp": [52.29484297156399, 303.8228151842518, 41.74549881502807]}, "datetime": {"datetime": "2025-08-12 14:06:13", "elapsed": 78052.50175714493, "delta": 56.86209750175476}, "costs": {"total_cost": 302.7283878795194, "time_cost": 101.206, "final_distance_cost": 1.7283628131430868, "oscillation_cost": 90.38294382005438, "completition_cost": 0.0, "overshoot_cost": 56.60879754708748, "power_cost": 27.777104211425783, "noise_cost": 25.02517948780864, "n_waypoints_completed": 9, "tot_waypoints": 9}}
{"target": -620.5732947051441, "params": {"k_pid_pos": [2.0, 0.0, 1.0], "k_pid_alt": [1.4412855995767664, 0.8762359773045856, 1.0], "k_pid_att": [74.23880690716884, 8.76746574883711, 0.0], "k_pid_yaw": [0.5, 1e-06, 0.1], "k_pid_hsp": [8.6957559485672, 0.0, 0.7048634103825483], "k_pid_vsp": [236.8866520032709, 324.79267889244744, 261.95841902653774]}, "datetime": {"datetime": "2025-08-12 14:06:55", "elapsed": 78094.49949502945, "delta": 41.997737884521484}, "costs": {"total_cost": 620.5732947051441, "time_cost": 94.367, "final_distance_cost": 1.7603731613143174, "oscillation_cost": 411.6630088512661, "completition_cost": 0.0, "overshoot_cost": 61.55791396385779, "power_cost": 28.003982446289065, "noise_cost": 23.22101628241687, "n_waypoints_completed": 9, "tot_waypoints": 9}}
{"target": -574.1221170151198, "params": {"k_pid_pos": [1.3463052912632651, 0.8443898153020182, 0.9892707118793878], "k_pid_alt": [0.7546923904351677, 0.2981819967558067, 0.8543792502557213], "k_pid_att": [36.09115221776447, 2.1976654399394686, 0.4439079502765503], "k_pid_yaw": [0.5, 1e-06, 0.1], "k_pid_hsp": [4.901942617533694, 0.6235847168942011, 0.11378353290299414], "k_pid_vsp": [329.8686446613865, 294.3028682881853, 224.17477107073026]}, "datetime": {"datetime": "2025-08-12 14:07:44", "elapsed": 78144.24521708488, "delta": 49.74572205543518}, "costs": {"total_cost": 574.1221170151198, "time_cost": 105.63, "final_distance_cost": 1.7468214718837438, "oscillation_cost": 352.35720511977684, "completition_cost": 0.0, "overshoot_cost": 57.645086013735636, "power_cost": 30.84320166015625, "noise_cost": 25.899802749567275, "n_waypoints_completed": 9, "tot_waypoints": 9}}
{"target": -384.2480853801323, "params": {"k_pid_pos": [2.0, 0.0, 0.0], "k_pid_alt": [2.0, 0.0, 1.0], "k_pid_att": [55.739830604893356, 3.416949085764852, 0.0], "k_pid_yaw": [0.5, 1e-06, 0.1], "k_pid_hsp": [6.172896545996078, 1.0, 1.0], "k_pid_vsp": [203.8764735288334, 229.15936773619418, 117.71230136566452]}, "datetime": {"datetime": "2025-08-12 14:08:23", "elapsed": 78182.62310171127, "delta": 38.37788462638855}, "costs": {"total_cost": 384.2480853801323, "time_cost": 72.352, "final_distance_cost": 1.7911894421708823, "oscillation_cost": 215.78760851071772, "completition_cost": 0.0, "overshoot_cost": 53.32538605902166, "power_cost": 22.639107824707033, "noise_cost": 18.35279354351501, "n_waypoints_completed": 9, "tot_waypoints": 9}}
{"target": -437.88241580334187, "params": {"k_pid_pos": [0.4531683531315438, 0.38011046020844896, 0.2998388723508646], "k_pid_alt": [1.7374170213890183, 0.47892479250143105, 0.06675699969625759], "k_pid_att": [10.344159276069187, 1.4220437497507552, 0.8333073528040694], "k_pid_yaw": [0.5, 1e-06, 0.1], "k_pid_hsp": [9.106308242762012, 0.32066906589529454, 0.6101811789273678], "k_pid_vsp": [273.90541397736564, 258.2182250295883, 36.50308064778904]}, "datetime": {"datetime": "2025-08-12 14:09:22", "elapsed": 78242.35684537888, "delta": 59.73374366760254}, "costs": {"total_cost": 437.88241580334187, "time_cost": 119.63, "final_distance_cost": 1.7614840223511639, "oscillation_cost": 202.0999890525367, "completition_cost": 0.0, "overshoot_cost": 57.09791764084919, "power_cost": 29.942595092773438, "noise_cost": 27.350429994831433, "n_waypoints_completed": 9, "tot_waypoints": 9}}
{"target": -316.8803004270091, "params": {"k_pid_pos": [1.1858765372164557, 0.41640089650834267, 0.2549666114747672], "k_pid_alt": [0.6429758776845929, 0.17419206489332784, 0.24184326155536173], "k_pid_att": [41.931567758309164, 7.420969023302502, 0.9786940576811364], "k_pid_yaw": [0.5, 1e-06, 0.1], "k_pid_hsp": [2.652763473856174, 0.1532410200284936, 0.12951504596727714], "k_pid_vsp": [237.47580491283134, 324.5412208017828, 24.951065060705176]}, "datetime": {"datetime": "2025-08-12 14:10:07", "elapsed": 78286.58943200111, "delta": 44.23258662223816}, "costs": {"total_cost": 316.8803004270091, "time_cost": 82.824, "final_distance_cost": 1.7962187389016755, "oscillation_cost": 135.66623645934084, "completition_cost": 0.0, "overshoot_cost": 51.83034028555886, "power_cost": 23.54918121337891, "noise_cost": 21.214323729828816, "n_waypoints_completed": 9, "tot_waypoints": 9}}
{"target": -233.34422974894204, "params": {"k_pid_pos": [2.0, 0.30496486968646086, 0.668792147003981], "k_pid_alt": [2.0, 0.28142003963513806, 0.0], "k_pid_att": [65.28535780367395, 5.601452065519326, 1.0], "k_pid_yaw": [0.5, 1e-06, 0.1], "k_pid_hsp": [3.9700484929793682, 1.0, 0.0], "k_pid_vsp": [256.24673354423857, 138.47125359833905, 25.06036216897715]}, "datetime": {"datetime": "2025-08-12 14:10:47", "elapsed": 78327.32691931725, "delta": 40.73748731613159}, "costs": {"total_cost": 233.34422974894204, "time_cost": 81.984, "final_distance_cost": 1.785791015981608, "oscillation_cost": 55.84306457511858, "completition_cost": 0.0, "overshoot_cost": 51.57371169239405, "power_cost": 21.879959704589844, "noise_cost": 20.277702760857938, "n_waypoints_completed": 9, "tot_waypoints": 9}}
{"target": -1031.1475999246757, "params": {"k_pid_pos": [0.14459407617795036, 0.061802421125085605, 0.10690845130609594], "k_pid_alt": [0.11416371597638508, 0.8902306263714017, 0.3037916292566758], "k_pid_att": [6.244372022588774, 1.1928057666448117, 0.5179917523389439], "k_pid_yaw": [0.5, 1e-06, 0.1], "k_pid_hsp": [2.219437997411479, 0.6304409787565145, 0.4136370009450969], "k_pid_vsp": [244.64550111297618, 264.148244944065, 8.363027019539109]}, "datetime": {"datetime": "2025-08-12 14:11:34", "elapsed": 78373.79029726982, "delta": 46.463377952575684}, "costs": {"total_cost": 1031.1475999246757, "time_cost": 150, "final_distance_cost": 43.700004749266284, "oscillation_cost": 154.59139950636668, "completition_cost": 555.5555555555555, "overshoot_cost": 68.22074032985394, "power_cost": 27.313012438964844, "noise_cost": 31.76688734466847, "n_waypoints_completed": 4, "tot_waypoints": 9}}
{"target": -230.84907066484703, "params": {"k_pid_pos": [2.0, 0.0, 0.8857120796010707], "k_pid_alt": [2.0, 1.0, 0.0], "k_pid_att": [11.825715448317052, 6.48787677160394, 0.2953566336944386], "k_pid_yaw": [0.5, 1e-06, 0.1], "k_pid_hsp": [5.383758608266534, 0.7486539854514259, 0.0], "k_pid_vsp": [244.57843133733334, 270.5795431246871, 37.525993340833196]}, "datetime": {"datetime": "2025-08-12 14:12:15", "elapsed": 78415.0293302536, "delta": 41.23903298377991}, "costs": {"total_cost": 230.84907066484703, "time_cost": 76.944, "final_distance_cost": 1.8152463780977492, "oscillation_cost": 61.38980089622143, "completition_cost": 0.0, "overshoot_cost": 51.65194489248745, "power_cost": 20.300925390625, "noise_cost": 18.747153107415425, "n_waypoints_completed": 9, "tot_waypoints": 9}}
{"target": -253.96150749089753, "params": {"k_pid_pos": [1.4712771192397291, 0.10252787569984922, 0.9447707099870006], "k_pid_alt": [1.5168712007071428, 0.02959018523466339, 0.34659948233085536], "k_pid_att": [3.018935626056607, 3.4336884810470223, 0.5757311216264583], "k_pid_yaw": [0.5, 1e-06, 0.1], "k_pid_hsp": [5.983739151402701, 0.5888893789098786, 0.04928222204394328], "k_pid_vsp": [272.09611138976123, 269.1854688598871, 31.245515765236224]}, "datetime": {"datetime": "2025-08-12 14:13:02", "elapsed": 78461.86748075485, "delta": 46.83815050125122}, "costs": {"total_cost": 253.96150749089753, "time_cost": 72.59700000000001, "final_distance_cost": 1.8502646220763663, "oscillation_cost": 89.90541158956964, "completition_cost": 0.0, "overshoot_cost": 50.005530461041026, "power_cost": 19.769827172851564, "noise_cost": 19.83347364535895, "n_waypoints_completed": 9, "tot_waypoints": 9}}
{"target": -402.45985823014, "params": {"k_pid_pos": [2.0, 1.0, 1.0], "k_pid_alt": [2.0, 0.0, 0.791344995373169], "k_pid_att": [56.47991924921671, 4.358735949706266, 1.0], "k_pid_yaw": [0.5, 1e-06, 0.1], "k_pid_hsp": [5.138530347454752, 1.0, 0.7988768993306304], "k_pid_vsp": [222.66134671466975, 93.80950294787907, 37.41515578529974]}, "datetime": {"datetime": "2025-08-12 14:13:42", "elapsed": 78501.66049408913, "delta": 39.79301333427429}, "costs": {"total_cost": 402.45985823014, "time_cost": 84.889, "final_distance_cost": 1.74865732131918, "oscillation_cost": 214.3770558749147, "completition_cost": 0.0, "overshoot_cost": 54.616186086088035, "power_cost": 25.310956311035156, "noise_cost": 21.518002636782978, "n_waypoints_completed": 9, "tot_waypoints": 9}}
{"target": -508.42850882797245, "params": {"k_pid_pos": [1.4897695865946607, 0.44494679576158647, 0.9090163798014516], "k_pid_alt": [1.2989530479577722, 0.1643211893548917, 0.5269966387870123], "k_pid_att": [66.50669029430131, 8.836359783531593, 0.8065820602433609], "k_pid_yaw": [0.5, 1e-06, 0.1], "k_pid_hsp": [7.517169121668964, 0.3084878372885522, 0.6473668142795114], "k_pid_vsp": [259.0160415885931, 140.49059091192828, 30.89966425909222]}, "datetime": {"datetime": "2025-08-12 14:14:22", "elapsed": 78541.70228028297, "delta": 40.041786193847656}, "costs": {"total_cost": 508.42850882797245, "time_cost": 87.024, "final_distance_cost": 1.7679751035287024, "oscillation_cost": 320.1719858978507, "completition_cost": 0.0, "overshoot_cost": 52.89235426309509, "power_cost": 25.212654248046878, "noise_cost": 21.35953931545104, "n_waypoints_completed": 9, "tot_waypoints": 9}}
{"target": -657.0679681777533, "params": {"k_pid_pos": [1.2655827489449802, 0.41897384221709, 0.23566047038145965], "k_pid_alt": [0.8915981688739083, 0.9639300572705036, 0.22640103745099538], "k_pid_att": [43.139979689798245, 0.8139568076821084, 0.034662924366490766], "k_pid_yaw": [0.5, 1e-06, 0.1], "k_pid_hsp": [8.109771654834493, 0.46427831386599006, 0.4045499342841341], "k_pid_vsp": [270.38863029763166, 317.93076373798306, 76.28987293954013]}, "datetime": {"datetime": "2025-08-12 14:15:17", "elapsed": 78597.25236535072, "delta": 55.55008506774902}, "costs": {"total_cost": 657.0679681777533, "time_cost": 104.07600000000001, "final_distance_cost": 1.7579090106992845, "oscillation_cost": 433.83756495152636, "completition_cost": 0.0, "overshoot_cost": 59.82502946872077, "power_cost": 30.409691503906252, "noise_cost": 27.161773242900665, "n_waypoints_completed": 9, "tot_waypoints": 9}}
{"target": -1356.6430690576572, "params": {"k_pid_pos": [0.03903069829413373, 0.4396141754242795, 0.7464119940451661], "k_pid_alt": [0.8303797830844788, 0.2771625035038009, 0.9184481371219007], "k_pid_att": [18.087182230033093, 6.6764855444807285, 0.8603653032358282], "k_pid_yaw": [0.5, 1e-06, 0.1], "k_pid_hsp": [3.7955640729350395, 0.6763160424095582, 0.921593771039925], "k_pid_vsp": [260.13036376207646, 274.63256279409313, 33.60599930194781]}, "datetime": {"datetime": "2025-08-12 14:16:25", "elapsed": 78665.36626958847, "delta": 68.11390423774719}, "costs": {"total_cost": 1356.6430690576572, "time_cost": 150, "final_distance_cost": 48.976337845945025, "oscillation_cost": 368.5427264608932, "completition_cost": 666.6666666666667, "overshoot_cost": 64.56945846882803, "power_cost": 30.640150646972657, "noise_cost": 27.2477289683513, "n_waypoints_completed": 3, "tot_waypoints": 9}}
{"target": -458.5874312623392, "params": {"k_pid_pos": [1.7829389409314174, 0.3963937325305925, 0.5797153173434992], "k_pid_alt": [0.6350572095379403, 0.76181108048975, 0.3865103872188871], "k_pid_att": [7.955991893709147, 7.520456024801528, 0.7806403008805469], "k_pid_yaw": [0.5, 1e-06, 0.1], "k_pid_hsp": [3.6411462405182293, 0.21140355215281204, 0.6961978945071862], "k_pid_vsp": [269.881009799888, 266.3764574800701, 26.978467411846307]}, "datetime": {"datetime": "2025-08-12 14:17:08", "elapsed": 78708.02616500854, "delta": 42.65989542007446}, "costs": {"total_cost": 458.5874312623392, "time_cost": 113.708, "final_distance_cost": 1.7607215606384663, "oscillation_cost": 222.018383145773, "completition_cost": 0.0, "overshoot_cost": 61.740285904549005, "power_cost": 30.39466480712891, "noise_cost": 28.965375844249824, "n_waypoints_completed": 9, "tot_waypoints": 9}}
{"target": -308.348798799659, "params": {"k_pid_pos": [1.8390773148887707, 0.4493527998644036, 0.8129409327410668], "k_pid_alt": [1.7015473020990948, 0.021264447460150993, 0.6285626541978516], "k_pid_att": [8.153616424385369, 2.055124640720937, 0.10312001349191091], "k_pid_yaw": [0.5, 1e-06, 0.1], "k_pid_hsp": [4.614939029179418, 0.2012266404068105, 0.03339380975633022], "k_pid_vsp": [233.04136114227063, 259.1885117443932, 24.867328974084394]}, "datetime": {"datetime": "2025-08-12 14:17:43", "elapsed": 78743.17899179459, "delta": 35.15282678604126}, "costs": {"total_cost": 308.348798799659, "time_cost": 75.936, "final_distance_cost": 1.799881966236558, "oscillation_cost": 139.14435529331405, "completition_cost": 0.0, "overshoot_cost": 50.80871654742616, "power_cost": 20.624520483398438, "noise_cost": 20.035324509283775, "n_waypoints_completed": 9, "tot_waypoints": 9}}
{"target": -356.90473758385673, "params": {"k_pid_pos": [2.0, 0.0, 0.0], "k_pid_alt": [2.0, 0.0, 0.32026325084852636], "k_pid_att": [53.976652827350016, 7.612883560000319, 1.0], "k_pid_yaw": [0.5, 1e-06, 0.1], "k_pid_hsp": [10.0, 1.0, 1.0], "k_pid_vsp": [237.47715864826034, 77.69247445244811, 155.33554142952642]}, "datetime": {"datetime": "2025-08-12 14:18:24", "elapsed": 78784.19890117645, "delta": 41.019909381866455}, "costs": {"total_cost": 356.90473758385673, "time_cost": 76.055, "final_distance_cost": 1.8494900027219245, "oscillation_cost": 181.0890690500478, "completition_cost": 0.0, "overshoot_cost": 56.72539089876182, "power_cost": 22.541777001953125, "noise_cost": 18.644010630372055, "n_waypoints_completed": 9, "tot_waypoints": 9}}
{"target": -1028.115555024759, "params": {"k_pid_pos": [0.02696870342073699, 0.7799716326967365, 0.9549161871164241], "k_pid_alt": [1.4399514152578567, 0.4133790173659434, 0.7385741880819], "k_pid_att": [4.2482947690726025, 0.38465405739681524, 0.4229077610442422], "k_pid_yaw": [0.5, 1e-06, 0.1], "k_pid_hsp": [8.33169217498043, 0.6566244184756703, 0.6917021311970074], "k_pid_vsp": [86.47803725038288, 188.74875618513602, 40.65026379985562]}, "datetime": {"datetime": "2025-08-12 14:19:09", "elapsed": 78828.71069073677, "delta": 44.51178956031799}, "costs": {"total_cost": 1028.115555024759, "time_cost": 150, "final_distance_cost": 48.93985242477036, "oscillation_cost": 155.55432906823785, "completition_cost": 555.5555555555555, "overshoot_cost": 59.70429962762251, "power_cost": 31.46314343261719, "noise_cost": 26.89837491595551, "n_waypoints_completed": 4, "tot_waypoints": 9}}
{"target": -392.9303151611498, "params": {"k_pid_pos": [1.7809646246574993, 0.9747989446322276, 0.4587474433644053], "k_pid_alt": [1.697011267858037, 0.05388010267644927, 0.3867596256309499], "k_pid_att": [11.852391071854662, 5.742887183555959, 0.2251051940380141], "k_pid_yaw": [0.5, 1e-06, 0.1], "k_pid_hsp": [2.3750531682705285, 0.45243134034362864, 0.9149349327374107], "k_pid_vsp": [303.3736518489243, 360.14144574498835, 144.80790835895968]}, "datetime": {"datetime": "2025-08-12 14:19:48", "elapsed": 78867.57929611206, "delta": 38.86860537528992}, "costs": {"total_cost": 392.9303151611498, "time_cost": 101.066, "final_distance_cost": 1.7851001174032215, "oscillation_cost": 166.90223352796798, "completition_cost": 0.0, "overshoot_cost": 68.89392356424167, "power_cost": 28.377334631347658, "noise_cost": 25.905723320189274, "n_waypoints_completed": 9, "tot_waypoints": 9}}
{"target": -521.5083291194773, "params": {"k_pid_pos": [1.7137677248272722, 0.16184757261967342, 0.5070232250192785], "k_pid_alt": [0.8401282796799119, 0.40242132697473576, 0.8720729132029671], "k_pid_att": [58.41700360266703, 8.826013884194781, 0.1485468388289053], "k_pid_yaw": [0.5, 1e-06, 0.1], "k_pid_hsp": [9.958869371679073, 0.7512499814959258, 0.1744442290086009], "k_pid_vsp": [221.21696007684685, 93.1149825413373, 40.044334909347135]}, "datetime": {"datetime": "2025-08-12 14:20:24", "elapsed": 78903.48458957672, "delta": 35.905293464660645}, "costs": {"total_cost": 521.5083291194773, "time_cost": 85.043, "final_distance_cost": 1.7743647137625833, "oscillation_cost": 336.0456045861594, "completition_cost": 0.0, "overshoot_cost": 52.30457909276147, "power_cost": 24.932511059570313, "noise_cost": 21.408269667223486, "n_waypoints_completed": 9, "tot_waypoints": 9}}
{"target": -244.75814601058528, "params": {"k_pid_pos": [2.0, 0.0, 1.0], "k_pid_alt": [2.0, 1.0, 0.0], "k_pid_att": [50.85933158802136, 0.7052572661311084, 1.0], "k_pid_yaw": [0.5, 1e-06, 0.1], "k_pid_hsp": [5.793336898128115, 1.0, 0.0], "k_pid_vsp": [213.70208593385496, 104.75302417359981, 39.645889753024925]}, "datetime": {"datetime": "2025-08-12 14:21:04", "elapsed": 78944.34081339836, "delta": 40.856223821640015}, "costs": {"total_cost": 244.75814601058528, "time_cost": 81.20700000000001, "final_distance_cost": 1.7738967549269502, "oscillation_cost": 66.40082668083686, "completition_cost": 0.0, "overshoot_cost": 54.42422392516066, "power_cost": 21.353382836914065, "noise_cost": 19.598815812746707, "n_waypoints_completed": 9, "tot_waypoints": 9}}
