{"target": -290.83009284867046, "params": {"k_pid_pos": [2.0, 0.0, 0.0], "k_pid_alt": [2.0, 1.0, 1.0], "k_pid_att": [25.130467291610742, 5.588965378818958, 0.0], "k_pid_yaw": [0.5, 1e-06, 0.1], "k_pid_hsp": [4.928295855918263, 0.0, 0.0], "k_pid_vsp": [83.88230365887024, 214.15086371293572, 45.0838561243694]}, "datetime": {"datetime": "2025-08-12 13:42:42", "elapsed": 76641.71562361717, "delta": 49.13147187232971}, "costs": {"total_cost": 290.83009284867046, "time_cost": 85.946, "final_distance_cost": 1.7727507214572427, "oscillation_cost": 103.50419874974403, "completition_cost": 0.0, "overshoot_cost": 54.1180293529299, "power_cost": 23.66213302001953, "noise_cost": 21.826981004519723, "n_waypoints_completed": 9, "tot_waypoints": 9}}
{"target": -212.06722901610866, "params": {"k_pid_pos": [2.0, 0.0, 1.0], "k_pid_alt": [2.0, 0.0, 1.0], "k_pid_att": [7.229865878668762, 4.121335731410676, 0.590217483023139], "k_pid_yaw": [0.5, 1e-06, 0.1], "k_pid_hsp": [7.664902746701534, 0.5322987409560309, 0.0], "k_pid_vsp": [272.96885632670114, 264.98896202815837, 43.054678080531716]}, "datetime": {"datetime": "2025-08-12 13:43:26", "elapsed": 76686.00563979149, "delta": 44.290016174316406}, "costs": {"total_cost": 212.06722901610866, "time_cost": 69.447, "final_distance_cost": 1.847305429119552, "oscillation_cost": 53.90577951402896, "completition_cost": 0.0, "overshoot_cost": 50.21237325279435, "power_cost": 18.912209924316407, "noise_cost": 17.74256089584938, "n_waypoints_completed": 9, "tot_waypoints": 9}}
{"target": -582.4177252742223, "params": {"k_pid_pos": [1.0136458810585696, 0.595457368001775, 0.6393243729334389], "k_pid_alt": [1.966490636544942, 0.05874706403506458, 0.4779321789239258], "k_pid_att": [8.103980498715346, 9.55065063396012, 0.07600552529176963], "k_pid_yaw": [0.5, 1e-06, 0.1], "k_pid_hsp": [7.0582037264253445, 0.2938043081267536, 0.4257256546058913], "k_pid_vsp": [298.64635624278446, 296.66111412789616, 172.41770312325957]}, "datetime": {"datetime": "2025-08-12 13:44:19", "elapsed": 76738.65467405319, "delta": 52.64903426170349}, "costs": {"total_cost": 582.4177252742223, "time_cost": 102.13, "final_distance_cost": 1.7357314219709044, "oscillation_cost": 368.82003013314267, "completition_cost": 0.0, "overshoot_cost": 56.03471802891957, "power_cost": 28.10086375732422, "noise_cost": 25.596381932865015, "n_waypoints_completed": 9, "tot_waypoints": 9}}
{"target": -1238.3210725876413, "params": {"k_pid_pos": [1.3879212410726012, 0.22581918375109455, 0.2617307724220902], "k_pid_alt": [0.6810985775239942, 0.5665382203616451, 0.5272159793210827], "k_pid_att": [27.40574838981248, 9.724937205216005, 0.4714494395725479], "k_pid_yaw": [0.5, 1e-06, 0.1], "k_pid_hsp": [0.895781194074108, 0.4508455428949484, 0.6218799313212123], "k_pid_vsp": [372.644352484848, 255.04404614701767, 224.96034965725428]}, "datetime": {"datetime": "2025-08-12 13:45:06", "elapsed": 76785.40511465073, "delta": 46.75044059753418}, "costs": {"total_cost": 1238.3210725876413, "time_cost": 150, "final_distance_cost": 45.81085394207536, "oscillation_cost": 367.0694554542069, "completition_cost": 555.5555555555555, "overshoot_cost": 53.24013478561761, "power_cost": 35.657996240234375, "noise_cost": 30.987076609951746, "n_waypoints_completed": 4, "tot_waypoints": 9}}
{"target": -429.759806815544, "params": {"k_pid_pos": [2.0, 0.18398414701108814, 0.7546934837711397], "k_pid_alt": [2.0, 0.0, 0.26150779604394936], "k_pid_att": [38.148013280802786, 9.496826435388227, 0.35437223748231117], "k_pid_yaw": [0.5, 1e-06, 0.1], "k_pid_hsp": [8.204533973346612, 0.23059312580751937, 0.3413794577602311], "k_pid_vsp": [274.6266589059557, 321.63075696648065, 71.34236164763273]}, "datetime": {"datetime": "2025-08-12 13:45:42", "elapsed": 76821.9489107132, "delta": 36.54379606246948}, "costs": {"total_cost": 429.759806815544, "time_cost": 74.949, "final_distance_cost": 1.7702420757733184, "oscillation_cost": 261.3048591180702, "completition_cost": 0.0, "overshoot_cost": 50.936004718248334, "power_cost": 21.732837353515627, "noise_cost": 19.066863549936492, "n_waypoints_completed": 9, "tot_waypoints": 9}}
{"target": -1208.206441707611, "params": {"k_pid_pos": [0.3424559547702764, 0.8629123608548338, 0.884363395108198], "k_pid_alt": [0.09383998945583394, 0.09354083981876382, 0.46952673959794156], "k_pid_att": [19.493730217537763, 7.37773205797341, 0.6011202424770195], "k_pid_yaw": [0.5, 1e-06, 0.1], "k_pid_hsp": [5.746949150670396, 0.7084736550487228, 0.11589408225103393], "k_pid_vsp": [304.53051054994773, 345.2688608066805, 147.94063981126737]}, "datetime": {"datetime": "2025-08-12 13:46:37", "elapsed": 76876.59141302109, "delta": 54.642502307891846}, "costs": {"total_cost": 1208.206441707611, "time_cost": 150, "final_distance_cost": 41.032543161323126, "oscillation_cost": 351.6148924415579, "completition_cost": 555.5555555555555, "overshoot_cost": 49.01788285133521, "power_cost": 32.5207501953125, "noise_cost": 28.464817502526873, "n_waypoints_completed": 4, "tot_waypoints": 9}}
{"target": -485.3174060053681, "params": {"k_pid_pos": [1.759120751637272, 0.6567997167372995, 0.5352160552828583], "k_pid_alt": [0.7446760908496628, 0.5269454380522008, 0.36476781340759545], "k_pid_att": [38.81675610588163, 2.2637977163885146, 0.5183091524539529], "k_pid_yaw": [0.5, 1e-06, 0.1], "k_pid_hsp": [8.651543052376844, 0.3121562805276523, 0.2785498108363559], "k_pid_vsp": [237.5108983268372, 19.441864524147757, 46.86283448857203]}, "datetime": {"datetime": "2025-08-12 13:47:21", "elapsed": 76920.54788994789, "delta": 43.95647692680359}, "costs": {"total_cost": 485.3174060053681, "time_cost": 103.621, "final_distance_cost": 1.7566845025903968, "oscillation_cost": 264.4903234862693, "completition_cost": 0.0, "overshoot_cost": 59.34344232601671, "power_cost": 30.16226785888672, "noise_cost": 25.943687831605015, "n_waypoints_completed": 9, "tot_waypoints": 9}}
{"target": -302.31492178482824, "params": {"k_pid_pos": [1.0058293530111648, 0.7847561423954597, 0.29845488218112415], "k_pid_alt": [1.6808571022873366, 0.484094388596789, 0.7233977533508149], "k_pid_att": [12.167182655119806, 2.7965154330652116, 0.8759144904250153], "k_pid_yaw": [0.5, 1e-06, 0.1], "k_pid_hsp": [6.157874259831967, 0.37786508696186216, 0.18365871943047857], "k_pid_vsp": [243.03024475614185, 253.37256242903902, 14.959342517481032]}, "datetime": {"datetime": "2025-08-12 13:48:15", "elapsed": 76975.16724562645, "delta": 54.61935567855835}, "costs": {"total_cost": 302.31492178482824, "time_cost": 96.593, "final_distance_cost": 1.805248537209295, "oscillation_cost": 101.83951082240421, "completition_cost": 0.0, "overshoot_cost": 52.53552471303594, "power_cost": 25.51695428466797, "noise_cost": 24.024683427510837, "n_waypoints_completed": 9, "tot_waypoints": 9}}
{"target": -545.8611470816198, "params": {"k_pid_pos": [1.5031468856002776, 0.4254310264958183, 0.8701617498544565], "k_pid_alt": [0.7637840667793592, 0.552686795244347, 0.7232387134428512], "k_pid_att": [6.924315426866778, 8.654860601075717, 0.07359679738928615], "k_pid_yaw": [0.5, 1e-06, 0.1], "k_pid_hsp": [9.925006952637304, 0.8073345217377039, 0.6564201249884786], "k_pid_vsp": [287.4244934537018, 272.97456223212583, 45.16999655515492]}, "datetime": {"datetime": "2025-08-12 13:49:06", "elapsed": 77025.6879453659, "delta": 50.52069973945618}, "costs": {"total_cost": 545.8611470816198, "time_cost": 104.433, "final_distance_cost": 1.7518854940092596, "oscillation_cost": 328.23445844003146, "completition_cost": 0.0, "overshoot_cost": 57.717754112278435, "power_cost": 28.141657263183596, "noise_cost": 25.582391772117024, "n_waypoints_completed": 9, "tot_waypoints": 9}}
{"target": -709.5914786382266, "params": {"k_pid_pos": [1.4799360926647498, 0.9077107804673706, 0.07551177336945603], "k_pid_alt": [1.042956475223877, 0.23777712143394647, 0.4841200789671085], "k_pid_att": [13.55411553981386, 7.540026450528532, 0.24405387383364907], "k_pid_yaw": [0.5, 1e-06, 0.1], "k_pid_hsp": [3.424957919631901, 0.930380758523933, 0.6569288733608815], "k_pid_vsp": [226.18439836188472, 281.90618698980205, 13.331005242392337]}, "datetime": {"datetime": "2025-08-12 13:49:50", "elapsed": 77069.52747941017, "delta": 43.83953404426575}, "costs": {"total_cost": 709.5914786382266, "time_cost": 150, "final_distance_cost": 60.365739158329795, "oscillation_cost": 142.5672839684839, "completition_cost": 222.2222222222222, "overshoot_cost": 66.98264084882548, "power_cost": 35.007030371093755, "noise_cost": 32.44656206927151, "n_waypoints_completed": 7, "tot_waypoints": 9}}
{"target": -285.72657285172926, "params": {"k_pid_pos": [2.0, 0.777590285375341, 0.0], "k_pid_alt": [2.0, 0.0, 1.0], "k_pid_att": [37.160567181786625, 2.2104683786463792, 1.0], "k_pid_yaw": [0.5, 1e-06, 0.1], "k_pid_hsp": [1.2909806236628707, 1.0, 0.0], "k_pid_vsp": [67.4610606502957, 364.4177367386459, 93.13953985743761]}, "datetime": {"datetime": "2025-08-12 13:50:33", "elapsed": 77113.22519135475, "delta": 43.69771194458008}, "costs": {"total_cost": 285.72657285172926, "time_cost": 97.636, "final_distance_cost": 1.7384880859043226, "oscillation_cost": 61.62022350762302, "completition_cost": 0.0, "overshoot_cost": 67.2389649819398, "power_cost": 28.55380194091797, "noise_cost": 28.939094335344123, "n_waypoints_completed": 9, "tot_waypoints": 9}}
{"target": -407.3356487505786, "params": {"k_pid_pos": [1.0922361330848742, 0.97347778176644, 0.7136112739514369], "k_pid_alt": [1.1692766439078037, 0.47249162335587913, 0.7063857153737453], "k_pid_att": [8.22139413339853, 4.316242423851291, 0.9928251681362505], "k_pid_yaw": [0.5, 1e-06, 0.1], "k_pid_hsp": [9.30567831776315, 0.07204952351988814, 0.44549354187426726], "k_pid_vsp": [72.85218413007377, 189.8586800793291, 40.50310238715334]}, "datetime": {"datetime": "2025-08-12 13:51:17", "elapsed": 77157.08724951744, "delta": 43.86205816268921}, "costs": {"total_cost": 407.3356487505786, "time_cost": 109.816, "final_distance_cost": 1.7505166164227584, "oscillation_cost": 182.91682576935554, "completition_cost": 0.0, "overshoot_cost": 57.81234687896482, "power_cost": 28.544454321289063, "noise_cost": 26.49550516454644, "n_waypoints_completed": 9, "tot_waypoints": 9}}
{"target": -326.82898593599907, "params": {"k_pid_pos": [1.1596722332314642, 0.21503679148202326, 0.7721775176785068], "k_pid_alt": [1.9330517112173933, 0.587126604703431, 0.3878022846065817], "k_pid_att": [6.470779440985453, 1.965478711544464, 0.9714133393088247], "k_pid_yaw": [0.5, 1e-06, 0.1], "k_pid_hsp": [4.617092102886406, 0.604938022091109, 0.9779959037188121], "k_pid_vsp": [79.7481848136604, 188.32637798518442, 52.502653282295974]}, "datetime": {"datetime": "2025-08-12 13:52:03", "elapsed": 77203.11633467674, "delta": 46.02908515930176}, "costs": {"total_cost": 326.82898593599907, "time_cost": 88.165, "final_distance_cost": 1.7674531696647238, "oscillation_cost": 136.87510110620815, "completition_cost": 0.0, "overshoot_cost": 55.51608441110238, "power_cost": 23.523192150878906, "noise_cost": 20.982155098144915, "n_waypoints_completed": 9, "tot_waypoints": 9}}
{"target": -223.4340538702501, "params": {"k_pid_pos": [2.0, 0.0, 0.0], "k_pid_alt": [2.0, 0.0, 0.0], "k_pid_att": [8.484722653608003, 7.502159799874996, 1.0], "k_pid_yaw": [0.5, 1e-06, 0.1], "k_pid_hsp": [6.764848028625093, 1.0, 0.0], "k_pid_vsp": [273.96127123695754, 359.82293612702466, 29.10464826306362]}, "datetime": {"datetime": "2025-08-12 13:52:44", "elapsed": 77243.49175953865, "delta": 40.37542486190796}, "costs": {"total_cost": 223.4340538702501, "time_cost": 68.34100000000001, "final_distance_cost": 1.7521082777521393, "oscillation_cost": 66.0154438105131, "completition_cost": 0.0, "overshoot_cost": 50.36486368557, "power_cost": 19.035389489746095, "noise_cost": 17.925248606668752, "n_waypoints_completed": 9, "tot_waypoints": 9}}
{"target": -721.3981960435872, "params": {"k_pid_pos": [1.3887412687475258, 0.7525963169389237, 0.5620414479121103], "k_pid_alt": [1.9795546709922098, 0.7399050246471842, 0.975464569723861], "k_pid_att": [21.92249574075441, 4.4626278457572495, 0.09372379997261782], "k_pid_yaw": [0.5, 1e-06, 0.1], "k_pid_hsp": [1.9365256735010203, 0.4152960872364049, 0.7652053582913447], "k_pid_vsp": [183.85167588340926, 346.6482890660651, 12.39599564380634]}, "datetime": {"datetime": "2025-08-12 13:53:41", "elapsed": 77300.7720348835, "delta": 57.28027534484863}, "costs": {"total_cost": 721.3981960435872, "time_cost": 150, "final_distance_cost": 72.37546844628436, "oscillation_cost": 256.44593016217516, "completition_cost": 111.11111111111116, "overshoot_cost": 65.4029247789414, "power_cost": 33.95707237548828, "noise_cost": 32.10568916958684, "n_waypoints_completed": 8, "tot_waypoints": 9}}
{"target": -1023.9706611747275, "params": {"k_pid_pos": [0.3189502290406379, 0.6382434050922651, 0.11337210515277674], "k_pid_alt": [1.8493931355260793, 0.47117669848354937, 0.3291012299122549], "k_pid_att": [58.29517532698274, 8.356598730893797, 0.06726579303998281], "k_pid_yaw": [0.5, 1e-06, 0.1], "k_pid_hsp": [8.612387681498285, 0.8636802096346501, 0.055505794544095544], "k_pid_vsp": [227.41824814740096, 3.391574709561485, 38.25008481964311]}, "datetime": {"datetime": "2025-08-12 13:54:41", "elapsed": 77360.81364107132, "delta": 60.041606187820435}, "costs": {"total_cost": 1023.9706611747275, "time_cost": 150, "final_distance_cost": 65.28935502116035, "oscillation_cost": 475.63477884366563, "completition_cost": 222.2222222222222, "overshoot_cost": 47.65759380429312, "power_cost": 34.717082165527344, "noise_cost": 28.449629117858866, "n_waypoints_completed": 7, "tot_waypoints": 9}}
{"target": -385.415200404921, "params": {"k_pid_pos": [1.7693683107685512, 0.7486833597542342, 0.012566098930229086], "k_pid_alt": [0.9339616009486016, 0.3964275900459854, 0.9367851058699254], "k_pid_att": [13.459450042509014, 0.4905404942597442, 0.5825345260869158], "k_pid_yaw": [0.5, 1e-06, 0.1], "k_pid_hsp": [6.77661586471704, 0.4932009329161058, 0.3625269497654733], "k_pid_vsp": [262.43706631894145, 370.5151893676859, 33.14828639930403]}, "datetime": {"datetime": "2025-08-12 13:55:24", "elapsed": 77403.96132588387, "delta": 43.147684812545776}, "costs": {"total_cost": 385.415200404921, "time_cost": 119.46900000000001, "final_distance_cost": 1.7796006831394788, "oscillation_cost": 125.25096393115524, "completition_cost": 0.0, "overshoot_cost": 73.17057034591257, "power_cost": 34.65262606201172, "noise_cost": 31.092439382701947, "n_waypoints_completed": 9, "tot_waypoints": 9}}
{"target": -427.38350109615186, "params": {"k_pid_pos": [1.4955378164612043, 0.11896883134921354, 0.13650908115663973], "k_pid_alt": [1.5446478903441854, 0.029824177610327296, 0.4256535384877641], "k_pid_att": [68.51278055510896, 1.5709472528568595, 0.04079472414350238], "k_pid_yaw": [0.5, 1e-06, 0.1], "k_pid_hsp": [4.2874691902125335, 0.8008171790723476, 0.7492842035427515], "k_pid_vsp": [351.4222218774414, 292.0286826788513, 187.12936933514365]}, "datetime": {"datetime": "2025-08-12 13:56:15", "elapsed": 77455.0494480133, "delta": 51.08812212944031}, "costs": {"total_cost": 427.38350109615186, "time_cost": 86.681, "final_distance_cost": 1.770092796035775, "oscillation_cost": 232.6028162143884, "completition_cost": 0.0, "overshoot_cost": 57.642550864249145, "power_cost": 26.872520678710938, "noise_cost": 21.814520542767628, "n_waypoints_completed": 9, "tot_waypoints": 9}}
{"target": -409.7459649163801, "params": {"k_pid_pos": [1.7301027089483931, 0.8800203183027872, 0.9069150656942835], "k_pid_alt": [0.621786536858066, 0.7111659685430959, 0.8962019663580514], "k_pid_att": [7.434828230149115, 2.904095594589854, 0.8241698698597277], "k_pid_yaw": [0.5, 1e-06, 0.1], "k_pid_hsp": [6.420992899670003, 0.026071518949983163, 0.38186364143707563], "k_pid_vsp": [276.1384837341968, 264.6513248737042, 47.52412316342944]}, "datetime": {"datetime": "2025-08-12 13:57:05", "elapsed": 77504.68774795532, "delta": 49.6382999420166}, "costs": {"total_cost": 409.7459649163801, "time_cost": 113.239, "final_distance_cost": 1.7610599512064053, "oscillation_cost": 176.04949171556967, "completition_cost": 0.0, "overshoot_cost": 60.37627265977813, "power_cost": 29.710955102539064, "noise_cost": 28.609185487286798, "n_waypoints_completed": 9, "tot_waypoints": 9}}
{"target": -522.2367028016395, "params": {"k_pid_pos": [0.8407228216636284, 0.04566896671841458, 0.026038136423874425], "k_pid_alt": [1.4151626719778005, 0.7264907218688523, 0.3458597639288109], "k_pid_att": [88.94486066788646, 6.296589309084948, 0.5763359665678184], "k_pid_yaw": [0.5, 1e-06, 0.1], "k_pid_hsp": [5.229844512304438, 0.12612733547515498, 0.2652025664115979], "k_pid_vsp": [171.79080442946866, 123.60152412687415, 20.96808996539202]}, "datetime": {"datetime": "2025-08-12 13:57:53", "elapsed": 77552.49473166466, "delta": 47.80698370933533}, "costs": {"total_cost": 522.2367028016395, "time_cost": 80.052, "final_distance_cost": 1.7632414046833114, "oscillation_cost": 342.399068988027, "completition_cost": 0.0, "overshoot_cost": 54.08324450449505, "power_cost": 23.836122204589845, "noise_cost": 20.103025699844235, "n_waypoints_completed": 9, "tot_waypoints": 9}}
{"target": -235.72651487844004, "params": {"k_pid_pos": [1.886001356836936, 0.1873842633881342, 0.7713106203098631], "k_pid_alt": [1.6802326930943587, 0.2648137729558032, 0.8937329699725829], "k_pid_att": [20.511188427024784, 7.626518802021286, 0.38362748907672595], "k_pid_yaw": [0.5, 1e-06, 0.1], "k_pid_hsp": [7.899166665336562, 0.8464567334863139, 0.002077471757036542], "k_pid_vsp": [243.15536742599915, 254.41452160872709, 10.760227292502266]}, "datetime": {"datetime": "2025-08-12 13:58:28", "elapsed": 77588.23902821541, "delta": 35.74429655075073}, "costs": {"total_cost": 235.72651487844004, "time_cost": 80.682, "final_distance_cost": 1.7879297378502164, "oscillation_cost": 61.05433390529001, "completition_cost": 0.0, "overshoot_cost": 51.15957147062994, "power_cost": 20.885599780273438, "noise_cost": 20.15707998439646, "n_waypoints_completed": 9, "tot_waypoints": 9}}
{"target": -713.909087009873, "params": {"k_pid_pos": [0.4600364385094861, 0.9324005619920668, 0.2428053517952573], "k_pid_alt": [0.48327145024612594, 0.6684391951965368, 0.403893563039176], "k_pid_att": [12.775135659923897, 1.1223823285109304, 0.6811306352591681], "k_pid_yaw": [0.5, 1e-06, 0.1], "k_pid_hsp": [2.5784720885163104, 0.10633712439793708, 0.2810501827995465], "k_pid_vsp": [235.26429244934727, 266.93715421648375, 24.817225086097746]}, "datetime": {"datetime": "2025-08-12 13:59:15", "elapsed": 77635.06837558746, "delta": 46.829347372055054}, "costs": {"total_cost": 713.909087009873, "time_cost": 150, "final_distance_cost": 75.70707194035316, "oscillation_cost": 144.58769061298835, "completition_cost": 222.2222222222222, "overshoot_cost": 57.155621300525034, "power_cost": 33.08603651123047, "noise_cost": 31.15044442255385, "n_waypoints_completed": 7, "tot_waypoints": 9}}
{"target": -482.53474608531286, "params": {"k_pid_pos": [1.6004374602133742, 0.1796572933359093, 0.5851598636738008], "k_pid_alt": [0.8356527589093643, 0.6461121456123853, 0.5297760211547726], "k_pid_att": [8.515548322282118, 5.432037836557995, 0.14135051021324407], "k_pid_yaw": [0.5, 1e-06, 0.1], "k_pid_hsp": [4.499669019166275, 0.19010178826454704, 0.3963376079085533], "k_pid_vsp": [293.4626467763655, 347.168626485438, 149.41296216327095]}, "datetime": {"datetime": "2025-08-12 13:59:55", "elapsed": 77674.97498488426, "delta": 39.906609296798706}, "costs": {"total_cost": 482.53474608531286, "time_cost": 97.461, "final_distance_cost": 1.7719395652865908, "oscillation_cost": 275.37083051004663, "completition_cost": 0.0, "overshoot_cost": 58.19996144850776, "power_cost": 26.489616235351562, "noise_cost": 23.241398326120343, "n_waypoints_completed": 9, "tot_waypoints": 9}}
{"target": -881.3007522480145, "params": {"k_pid_pos": [1.7358678646360772, 0.5548221990150205, 0.33359021840355907], "k_pid_alt": [0.4183068752366379, 0.2644698406761281, 0.08496004528150869], "k_pid_att": [69.39845341792363, 4.78756552107372, 0.21781556578163663], "k_pid_yaw": [0.5, 1e-06, 0.1], "k_pid_hsp": [2.4925627879509595, 0.06287799301030661, 0.9345156136951226], "k_pid_vsp": [252.34433595992715, 137.56887251468672, 21.033164728822854]}, "datetime": {"datetime": "2025-08-12 14:00:48", "elapsed": 77728.2303981781, "delta": 53.2554132938385}, "costs": {"total_cost": 881.3007522480145, "time_cost": 150, "final_distance_cost": 54.519242906900224, "oscillation_cost": 315.65508699543244, "completition_cost": 222.2222222222222, "overshoot_cost": 70.90965253336238, "power_cost": 36.80252551269531, "noise_cost": 31.192022077401994, "n_waypoints_completed": 7, "tot_waypoints": 9}}
{"target": -569.3411532833786, "params": {"k_pid_pos": [1.821745362846517, 0.5783686231222726, 0.22868230329373962], "k_pid_alt": [0.37208052517244705, 0.5084346752681567, 0.31098899354061227], "k_pid_att": [14.32411754966263, 3.5805647831761482, 0.1154982052651935], "k_pid_yaw": [0.5, 1e-06, 0.1], "k_pid_hsp": [4.468393285951863, 0.009187382785795895, 0.42734549386409315], "k_pid_vsp": [235.1264836309748, 30.36289667550314, 39.58840950809809]}, "datetime": {"datetime": "2025-08-12 14:01:34", "elapsed": 77773.88176584244, "delta": 45.65136766433716}, "costs": {"total_cost": 569.3411532833786, "time_cost": 119.595, "final_distance_cost": 1.748358343180618, "oscillation_cost": 313.8575430027141, "completition_cost": 0.0, "overshoot_cost": 67.87968574737563, "power_cost": 33.90059649658203, "noise_cost": 32.359969693526146, "n_waypoints_completed": 9, "tot_waypoints": 9}}
