{"target": -199.41407493390528, "params": {"k_pid_pos": [0.49275800590297264, 0.18848155022322047, 0.17888737446852812], "k_pid_alt": [1.515427128667956, 0.0, 0.949345597264735], "k_pid_att": [39.447728079683905, 3.8677381495188174, 0.1845336041603497], "k_pid_yaw": [0.5, 1e-06, 0.1], "k_pid_hsp": [0.09847755819799779, 0.011264223901387349, 0.0], "k_pid_vsp": [194.7624155113164, 20.0, 10.0]}, "datetime": {"datetime": "2025-08-11 16:25:42", "elapsed": 21.802955389022827, "delta": 21.802955389022827}, "costs": {"total_cost": 199.41407493390528, "time_cost": 82.138, "final_distance_cost": 1.8306666515134087, "oscillation_cost": 21.810001562287553, "completition_cost": 0.0, "overshoot_cost": 52.731944673443486, "power_cost": 20.621514489746094, "noise_cost": 20.28194755691474, "n_waypoints_completed": 9, "tot_waypoints": 9}}
{"target": -1039.6506003140478, "params": {"k_pid_pos": [0.9592078511211617, 0.30947606938052086, 0.022010012653043254], "k_pid_alt": [0.011903017108408687, 0.6543344691895749, 0.0037200501776830652], "k_pid_att": [36.775820816653024, 4.4545654502190715, 0.2607068752846412], "k_pid_yaw": [0.5, 1e-06, 0.1], "k_pid_hsp": [9.023965393735624, 0.14135625151309694, 0.7623107354766075], "k_pid_vsp": [240.24551479244187, 79.63106242365723, 288.41790454790697]}, "datetime": {"datetime": "2025-08-11 16:26:15", "elapsed": 54.581671714782715, "delta": 32.77871632575989}, "costs": {"total_cost": 1039.6506003140478, "time_cost": 150, "final_distance_cost": 77.8034217624564, "oscillation_cost": 447.64129066864564, "completition_cost": 222.2222222222222, "overshoot_cost": 75.12270922005168, "power_cost": 35.23751854248047, "noise_cost": 31.623437898191362, "n_waypoints_completed": 7, "tot_waypoints": 9}}
{"target": -1976.5123372084195, "params": {"k_pid_pos": [1.5293288824030087, 0.23420231141849068, 0.8402966326963981], "k_pid_alt": [1.7994674832841033, 0.9361116305533098, 0.8559273951996682], "k_pid_att": [21.117719718282203, 7.001649714987557, 0.2461568169481132], "k_pid_yaw": [0.5, 1e-06, 0.1], "k_pid_hsp": [7.40046948075352, 0.4353471680098302, 0.7453145986603888], "k_pid_vsp": [153.36509435340835, 41.785948914049044, 349.0906483372124]}, "datetime": {"datetime": "2025-08-11 16:26:47", "elapsed": 86.84358787536621, "delta": 32.261916160583496}, "costs": {"total_cost": 1976.5123372084195, "time_cost": 150, "final_distance_cost": 53.21893905869979, "oscillation_cost": 706.7726570961916, "completition_cost": 888.8888888888888, "overshoot_cost": 104.58507379335376, "power_cost": 33.74388125, "noise_cost": 39.30289712128568, "n_waypoints_completed": 1, "tot_waypoints": 9}}
{"target": -1832.456161794588, "params": {"k_pid_pos": [0.033318817323901774, 0.21548318932915245, 0.35693714390417475], "k_pid_alt": [0.891285063436023, 0.6373556384742444, 0.626846239534102], "k_pid_att": [35.033857802133205, 2.682035718660401, 0.003619546170765653], "k_pid_yaw": [0.5, 1e-06, 0.1], "k_pid_hsp": [4.100061122800928, 0.9267703184529733, 0.6837328576660117], "k_pid_vsp": [235.9997639899349, 89.91858171772269, 289.86565289979245]}, "datetime": {"datetime": "2025-08-11 16:27:19", "elapsed": 119.36974740028381, "delta": 32.5261595249176}, "costs": {"total_cost": 1832.456161794588, "time_cost": 150, "final_distance_cost": 83.31609387034867, "oscillation_cost": 698.8080440694802, "completition_cost": 777.7777777777778, "overshoot_cost": 58.89265729281977, "power_cost": 34.63309364013672, "noise_cost": 29.028495144024866, "n_waypoints_completed": 2, "tot_waypoints": 9}}
{"target": -1866.5553818670192, "params": {"k_pid_pos": [1.614059542148337, 0.8017951781501076, 0.6266638454060524], "k_pid_alt": [1.9801690442368671, 0.004518785524302293, 0.7796683521422544], "k_pid_att": [3.6159092500664847, 1.8012729384066664, 0.04739265928548819], "k_pid_yaw": [0.5, 1e-06, 0.1], "k_pid_hsp": [0.5113863824148254, 0.10219256465487148, 0.5458568215137766], "k_pid_vsp": [292.085957204352, 359.6719077283765, 354.7341787409241]}, "datetime": {"datetime": "2025-08-11 16:27:52", "elapsed": 152.07224917411804, "delta": 32.70250177383423}, "costs": {"total_cost": 1866.5553818670192, "time_cost": 150, "final_distance_cost": 7.11046753293922, "oscillation_cost": 398.46808166691017, "completition_cost": 1000.0, "overshoot_cost": 163.95112863542013, "power_cost": 29.0952583984375, "noise_cost": 117.93044563331208, "n_waypoints_completed": 0, "tot_waypoints": 9}}
{"target": -574.0450005505697, "params": {"k_pid_pos": [0.6568490673886456, 0.798652899772432, 0.6115875159662856], "k_pid_alt": [0.2299172936840006, 0.3359152559760632, 0.025106098928586285], "k_pid_att": [35.824060360161944, 5.569749856603496, 0.26610602078758905], "k_pid_yaw": [0.5, 1e-06, 0.1], "k_pid_hsp": [5.964781475104584, 0.899659823627651, 0.3095932665546617], "k_pid_vsp": [277.78639893762676, 352.99965150328745, 27.65869510245285]}, "datetime": {"datetime": "2025-08-11 16:28:21", "elapsed": 180.8326666355133, "delta": 28.760417461395264}, "costs": {"total_cost": 574.0450005505697, "time_cost": 104.23, "final_distance_cost": 1.7527871735312355, "oscillation_cost": 352.7547086960986, "completition_cost": 0.0, "overshoot_cost": 60.43373046376501, "power_cost": 29.317548352050782, "noise_cost": 25.556225865124098, "n_waypoints_completed": 9, "tot_waypoints": 9}}
{"target": -980.7737644830793, "params": {"k_pid_pos": [1.797485657764767, 0.611497650437252, 0.02329011986493379], "k_pid_alt": [0.07046998226027057, 0.6439780595270704, 0.43422361692461264], "k_pid_att": [97.5855599959633, 3.1617732083052186, 0.15996647238428696], "k_pid_yaw": [0.5, 1e-06, 0.1], "k_pid_hsp": [8.176371422317581, 0.6262378914716633, 0.5623259678847948], "k_pid_vsp": [122.91039890559317, 263.8065729235924, 11.520930082507318]}, "datetime": {"datetime": "2025-08-11 16:28:54", "elapsed": 214.2306649684906, "delta": 33.397998332977295}, "costs": {"total_cost": 980.7737644830793, "time_cost": 150, "final_distance_cost": 66.69571521258382, "oscillation_cost": 297.93956249333326, "completition_cost": 333.33333333333337, "overshoot_cost": 64.81699879491997, "power_cost": 34.63409937744141, "noise_cost": 33.35405527146734, "n_waypoints_completed": 6, "tot_waypoints": 9}}
{"target": -905.6987083034875, "params": {"k_pid_pos": [0.1376790915634995, 0.8883651111539059, 0.16829140522092745], "k_pid_alt": [1.5852300217198165, 0.5059599244082891, 0.7182712617379386], "k_pid_att": [26.157630104782537, 2.6191015900081958, 0.09142545581878425], "k_pid_yaw": [0.5, 1e-06, 0.1], "k_pid_hsp": [3.7896678557408783, 0.017096470231435346, 0.10693119591062217], "k_pid_vsp": [349.53182345731426, 96.43806732220479, 164.11597204985796]}, "datetime": {"datetime": "2025-08-11 16:29:27", "elapsed": 246.49600338935852, "delta": 32.26533842086792}, "costs": {"total_cost": 905.6987083034875, "time_cost": 150, "final_distance_cost": 68.87986777310657, "oscillation_cost": 221.07327802445647, "completition_cost": 333.33333333333337, "overshoot_cost": 66.74381842879673, "power_cost": 35.55507469482422, "noise_cost": 30.113336048970005, "n_waypoints_completed": 6, "tot_waypoints": 9}}
{"target": -930.5750075941361, "params": {"k_pid_pos": [0.5092719020378624, 0.5860451057270707, 0.431612457723312], "k_pid_alt": [0.9824047391569, 0.15524709156206318, 0.2950534518653256], "k_pid_att": [88.82338057397195, 4.493961337858664, 0.987913343790446], "k_pid_yaw": [0.5, 1e-06, 0.1], "k_pid_hsp": [7.978971376138635, 0.4955635784421667, 0.6857794953036102], "k_pid_vsp": [390.1035723575149, 107.87672821714348, 380.6464449700971]}, "datetime": {"datetime": "2025-08-11 16:29:58", "elapsed": 278.3191659450531, "delta": 31.82316255569458}, "costs": {"total_cost": 930.5750075941361, "time_cost": 150, "final_distance_cost": 4.489949582698059, "oscillation_cost": 538.1809612683509, "completition_cost": 111.11111111111116, "overshoot_cost": 62.46976520258396, "power_cost": 34.447994140625, "noise_cost": 29.875226288766946, "n_waypoints_completed": 8, "tot_waypoints": 9}}
{"target": -491.60083407791114, "params": {"k_pid_pos": [1.2613387295758745, 0.8233513268041952, 0.48361489262304813], "k_pid_alt": [1.7452003364951232, 0.7313876634946792, 0.653323327657199], "k_pid_att": [66.03849137556253, 9.219847704523474, 0.639400191046904], "k_pid_yaw": [0.5, 1e-06, 0.1], "k_pid_hsp": [1.6512271416974127, 0.7200562735575905, 0.3384095974802087], "k_pid_vsp": [77.40934305632017, 351.4276889520915, 47.54572590934595]}, "datetime": {"datetime": "2025-08-11 16:30:28", "elapsed": 308.2968192100525, "delta": 29.97765326499939}, "costs": {"total_cost": 491.60083407791114, "time_cost": 112.714, "final_distance_cost": 1.7691634159637033, "oscillation_cost": 251.7045269052187, "completition_cost": 0.0, "overshoot_cost": 61.574124870751625, "power_cost": 34.47511717529297, "noise_cost": 29.36390171068417, "n_waypoints_completed": 9, "tot_waypoints": 9}}
{"target": -1872.0073583322767, "params": {"k_pid_pos": [0.009160254537273016, 0.22510502084077022, 0.2596746162931758], "k_pid_alt": [0.055180782298061226, 0.7121532245376846, 0.9177907399420355], "k_pid_att": [40.75585153265004, 2.9474791945608705, 0.622283987500532], "k_pid_yaw": [0.5, 1e-06, 0.1], "k_pid_hsp": [9.847643461427124, 0.5627970318368876, 0.47617639982447035], "k_pid_vsp": [19.306287316669078, 212.4417528632926, 209.55410671048355]}, "datetime": {"datetime": "2025-08-11 16:31:00", "elapsed": 340.31556248664856, "delta": 32.01874327659607}, "costs": {"total_cost": 1872.0073583322767, "time_cost": 150, "final_distance_cost": 116.7745141604808, "oscillation_cost": 388.9968466253484, "completition_cost": 1000.0, "overshoot_cost": 155.85883250613344, "power_cost": 31.998789990234375, "noise_cost": 28.378375050079832, "n_waypoints_completed": 0, "tot_waypoints": 9}}
{"target": -1412.6450859571805, "params": {"k_pid_pos": [0.28063329309393054, 0.8133371064423325, 0.9552483703743988], "k_pid_alt": [0.5424747967365002, 0.6923130448537861, 0.8302577095328468], "k_pid_att": [34.95168720680811, 7.223970344291264, 0.13204237176970413], "k_pid_yaw": [0.5, 1e-06, 0.1], "k_pid_hsp": [4.40526911364868, 0.873246751608026, 0.5282258225853143], "k_pid_vsp": [369.35130073509384, 84.41332213250087, 100.73367933812794]}, "datetime": {"datetime": "2025-08-11 16:31:33", "elapsed": 372.5887634754181, "delta": 32.27320098876953}, "costs": {"total_cost": 1412.6450859571805, "time_cost": 150, "final_distance_cost": 47.90070572863333, "oscillation_cost": 430.9852088610426, "completition_cost": 666.6666666666667, "overshoot_cost": 50.54970389547783, "power_cost": 35.92470867919922, "noise_cost": 30.618092126160505, "n_waypoints_completed": 3, "tot_waypoints": 9}}
{"target": -568.793141326539, "params": {"k_pid_pos": [1.8400505979577526, 0.5567856898582751, 0.4901521701548319], "k_pid_alt": [0.9478956415658082, 0.5911580094631637, 0.49308084525713924], "k_pid_att": [90.0233097786383, 8.612636589400955, 0.9964846763814961], "k_pid_yaw": [0.5, 1e-06, 0.1], "k_pid_hsp": [4.464579464363195, 0.10893618085794077, 0.4220459942995859], "k_pid_vsp": [291.03290651902046, 290.5149559718154, 367.77321856370935]}, "datetime": {"datetime": "2025-08-11 16:32:01", "elapsed": 400.71878027915955, "delta": 28.130016803741455}, "costs": {"total_cost": 568.793141326539, "time_cost": 107.394, "final_distance_cost": 1.7898144241729887, "oscillation_cost": 331.72516884478273, "completition_cost": 0.0, "overshoot_cost": 68.88162094248186, "power_cost": 32.03889239501953, "noise_cost": 26.963644720081945, "n_waypoints_completed": 9, "tot_waypoints": 9}}
{"target": -832.7268329999221, "params": {"k_pid_pos": [0.1853567600110307, 0.7916466959563734, 0.01904900129859599], "k_pid_alt": [1.797433506847196, 0.3164822062291561, 0.8829954157102703], "k_pid_att": [7.533123878688941, 7.518301109055417, 0.6833437284789708], "k_pid_yaw": [0.5, 1e-06, 0.1], "k_pid_hsp": [2.2711364753304504, 0.6281738765545961, 0.4235097339517514], "k_pid_vsp": [294.49180106225833, 351.02931719757595, 97.54055734495267]}, "datetime": {"datetime": "2025-08-11 16:32:33", "elapsed": 432.5263159275055, "delta": 31.807535648345947}, "costs": {"total_cost": 832.7268329999221, "time_cost": 150, "final_distance_cost": 71.19997144500353, "oscillation_cost": 150.6069539624438, "completition_cost": 333.33333333333337, "overshoot_cost": 61.61794127912783, "power_cost": 36.48488850097657, "noise_cost": 29.48374447903693, "n_waypoints_completed": 6, "tot_waypoints": 9}}
{"target": -282.4891140577894, "params": {"k_pid_pos": [0.9187694895270274, 0.12506086580863252, 0.25465833760796097], "k_pid_alt": [0.25651609830927735, 0.18014521546991014, 0.5999944396284104], "k_pid_att": [3.7365213403351527, 2.051564100539974, 0.33716349957288916], "k_pid_yaw": [0.5, 1e-06, 0.1], "k_pid_hsp": [8.241696567112411, 0.405875459838398, 0.07947547794480125], "k_pid_vsp": [261.62800795162934, 271.94065802648515, 39.42295921510891]}, "datetime": {"datetime": "2025-08-11 16:32:56", "elapsed": 456.12695240974426, "delta": 23.60063648223877}, "costs": {"total_cost": 282.4891140577894, "time_cost": 88.655, "final_distance_cost": 1.7532235980768802, "oscillation_cost": 93.89482550540684, "completition_cost": 0.0, "overshoot_cost": 54.277893551124, "power_cost": 22.50702674560547, "noise_cost": 21.401144657576225, "n_waypoints_completed": 9, "tot_waypoints": 9}}
{"target": -917.5924288566476, "params": {"k_pid_pos": [0.6197266692744366, 0.02193440914944067, 0.44563442782357787], "k_pid_alt": [0.05842350304153898, 0.34271899273842077, 0.9911851979851526], "k_pid_att": [1.2706548423407016, 0.5129212895357296, 0.49207202535592776], "k_pid_yaw": [0.5, 1e-06, 0.1], "k_pid_hsp": [1.5469984801982237, 0.983358410323474, 0.3082034604425795], "k_pid_vsp": [100.45102739656926, 349.6188876510427, 165.64232407944826]}, "datetime": {"datetime": "2025-08-11 16:33:28", "elapsed": 488.0324537754059, "delta": 31.90550136566162}, "costs": {"total_cost": 917.5924288566476, "time_cost": 150, "final_distance_cost": 46.133287388034354, "oscillation_cost": 138.7139457941984, "completition_cost": 444.4444444444444, "overshoot_cost": 70.79350745332806, "power_cost": 33.63992922363281, "noise_cost": 33.867314553009535, "n_waypoints_completed": 5, "tot_waypoints": 9}}
{"target": -1064.2698291058514, "params": {"k_pid_pos": [0.8701325164051292, 0.811431853254621, 0.21660606242292724], "k_pid_alt": [1.2910475119271547, 0.5582427816465426, 0.6079980304256681], "k_pid_att": [44.52820208261754, 3.6284501688365878, 0.7166470052988253], "k_pid_yaw": [0.5, 1e-06, 0.1], "k_pid_hsp": [3.7740445451021083, 0.7109937819401078, 0.9795185652707281], "k_pid_vsp": [50.80153488691788, 121.31651321518737, 101.71794157212592]}, "datetime": {"datetime": "2025-08-11 16:34:00", "elapsed": 519.9686512947083, "delta": 31.936197519302368}, "costs": {"total_cost": 1064.2698291058514, "time_cost": 150, "final_distance_cost": 43.014460578819204, "oscillation_cost": 173.8988832828933, "completition_cost": 555.5555555555555, "overshoot_cost": 74.10181100076878, "power_cost": 36.546786230468754, "noise_cost": 31.152332457345796, "n_waypoints_completed": 4, "tot_waypoints": 9}}
{"target": -1327.4628800691842, "params": {"k_pid_pos": [0.5457316212404515, 0.3635212819451722, 0.26556358845617434], "k_pid_alt": [0.9707040643787119, 0.5674345242393609, 0.21198052880065466], "k_pid_att": [87.50141452029673, 7.063366440143315, 0.04755011013699684], "k_pid_yaw": [0.5, 1e-06, 0.1], "k_pid_hsp": [3.5098785691430328, 0.9113431361826251, 0.7108058000524268], "k_pid_vsp": [382.10238916005665, 112.90854971936581, 382.7443811108391]}, "datetime": {"datetime": "2025-08-11 16:34:32", "elapsed": 551.6994488239288, "delta": 31.73079752922058}, "costs": {"total_cost": 1327.4628800691842, "time_cost": 150, "final_distance_cost": 44.26279999686389, "oscillation_cost": 454.89970378164935, "completition_cost": 555.5555555555555, "overshoot_cost": 56.245898258340326, "power_cost": 36.314710595703126, "noise_cost": 30.18421188107175, "n_waypoints_completed": 4, "tot_waypoints": 9}}
{"target": -517.6085117145604, "params": {"k_pid_pos": [1.9292125655122736, 0.3413470391411828, 0.18257140535374383], "k_pid_alt": [1.1394677453475266, 0.1774545238632078, 0.9681861786138667], "k_pid_att": [40.39146371917639, 8.2375468082968, 0.043171127248311736], "k_pid_yaw": [0.5, 1e-06, 0.1], "k_pid_hsp": [3.8769501833334012, 0.5554920838748287, 0.08403783706274537], "k_pid_vsp": [28.202258669583724, 391.11646772604036, 57.77511220000091]}, "datetime": {"datetime": "2025-08-11 16:34:57", "elapsed": 577.2732224464417, "delta": 25.573773622512817}, "costs": {"total_cost": 517.6085117145604, "time_cost": 98.98, "final_distance_cost": 1.7413944933567223, "oscillation_cost": 308.3116448688458, "completition_cost": 0.0, "overshoot_cost": 53.36333086375585, "power_cost": 30.259936755371097, "noise_cost": 24.952204733231003, "n_waypoints_completed": 9, "tot_waypoints": 9}}
{"target": -1076.2252906760539, "params": {"k_pid_pos": [0.16580427797333033, 0.43585166318284807, 0.21242329750008693], "k_pid_alt": [1.3849090494346457, 0.5614574258656919, 0.4070490326701105], "k_pid_att": [77.82099194460892, 3.415997737718324, 0.2713371306168816], "k_pid_yaw": [0.5, 1e-06, 0.1], "k_pid_hsp": [8.472635388933513, 0.9392501032814418, 0.44666037709734785], "k_pid_vsp": [323.177489132739, 197.43290941831424, 180.89409468133158]}, "datetime": {"datetime": "2025-08-11 16:35:30", "elapsed": 610.2505490779877, "delta": 32.97732663154602}, "costs": {"total_cost": 1076.2252906760539, "time_cost": 150, "final_distance_cost": 69.91727667776975, "oscillation_cost": 515.9311124079433, "completition_cost": 222.2222222222222, "overshoot_cost": 53.1674100826168, "power_cost": 36.492222583007816, "noise_cost": 28.495046702493987, "n_waypoints_completed": 7, "tot_waypoints": 9}}
{"target": -3468.699390890564, "params": {"k_pid_pos": [0.4201116876427894, 0.6626681507025077, 0.8125583577970626], "k_pid_alt": [1.0168633676771734, 0.15826599826523835, 0.7387051738740409], "k_pid_att": [0.42609165429331464, 3.359425101881351, 0.8392084359974609], "k_pid_yaw": [0.5, 1e-06, 0.1], "k_pid_hsp": [0.2734746381881086, 0.7607726328570672, 0.7902839226242933], "k_pid_vsp": [266.4198180979824, 2.7268351025914863, 212.21222143952645]}, "datetime": {"datetime": "2025-08-11 16:36:01", "elapsed": 641.0934057235718, "delta": 30.842856645584106}, "costs": {"total_cost": 3468.699390890564, "time_cost": 150, "final_distance_cost": 393.26176666827206, "oscillation_cost": 861.3480080751773, "completition_cost": 1000.0, "overshoot_cost": 856.4593118436666, "power_cost": 53.024026379394535, "noise_cost": 154.6062779240539, "n_waypoints_completed": 0, "tot_waypoints": 9}}
{"target": -1955.5560592428076, "params": {"k_pid_pos": [1.263178593445671, 0.14528965709732522, 0.6312661052196142], "k_pid_alt": [0.6575329908153986, 0.7653203843450707, 0.8188397745437611], "k_pid_att": [74.14831203957897, 4.6359745391036835, 0.9067100649700988], "k_pid_yaw": [0.5, 1e-06, 0.1], "k_pid_hsp": [0.06406524459471812, 0.16650056101624533, 0.8171001165034074], "k_pid_vsp": [271.5711454738109, 113.0779425385993, 355.6514431811934]}, "datetime": {"datetime": "2025-08-11 16:36:35", "elapsed": 674.560224533081, "delta": 33.46681880950928}, "costs": {"total_cost": 1955.5560592428076, "time_cost": 150, "final_distance_cost": 67.1870102399968, "oscillation_cost": 720.7175288630956, "completition_cost": 888.8888888888888, "overshoot_cost": 65.06941295052889, "power_cost": 35.800602954101564, "noise_cost": 27.892615346195882, "n_waypoints_completed": 1, "tot_waypoints": 9}}
{"target": -612.6144480257589, "params": {"k_pid_pos": [1.2682791967602063, 0.1318893037883322, 0.36335133838059763], "k_pid_alt": [0.37693572566986777, 0.4291819164825196, 0.5813738881348752], "k_pid_att": [85.36997823246604, 2.9050780220222605, 0.7131394622865264], "k_pid_yaw": [0.5, 1e-06, 0.1], "k_pid_hsp": [9.922909927323113, 0.15617909134562746, 0.4482365777475835], "k_pid_vsp": [83.82294897177789, 257.9224397136969, 22.610866119113233]}, "datetime": {"datetime": "2025-08-11 16:36:59", "elapsed": 698.8162684440613, "delta": 24.256043910980225}, "costs": {"total_cost": 612.6144480257589, "time_cost": 95.893, "final_distance_cost": 1.7721587533501797, "oscillation_cost": 406.1326545256046, "completition_cost": 0.0, "overshoot_cost": 56.74182916909921, "power_cost": 28.325264904785158, "noise_cost": 23.749540672919668, "n_waypoints_completed": 9, "tot_waypoints": 9}}
{"target": -1407.5887060634514, "params": {"k_pid_pos": [0.21928675784596832, 0.08536296122036169, 0.12138092284759971], "k_pid_alt": [0.1888957719920683, 0.5140499174458152, 0.4512838662348174], "k_pid_att": [57.925716605640034, 8.64771327736488, 0.2598560710474893], "k_pid_yaw": [0.5, 1e-06, 0.1], "k_pid_hsp": [5.001949886650811, 0.3460098202894012, 0.5458416500566252], "k_pid_vsp": [301.1065111309174, 109.89334693569147, 12.920721714928982]}, "datetime": {"datetime": "2025-08-11 16:37:30", "elapsed": 729.8776125907898, "delta": 31.061344146728516}, "costs": {"total_cost": 1407.5887060634514, "time_cost": 150, "final_distance_cost": 75.61777002109197, "oscillation_cost": 725.5164283346134, "completition_cost": 333.33333333333337, "overshoot_cost": 58.31387174085693, "power_cost": 34.50804012451172, "noise_cost": 30.299262509043725, "n_waypoints_completed": 6, "tot_waypoints": 9}}
