{"target": -378.39023260989933, "params": {"k_pid_pos": [0.935137889775847, 0.1556304494647956, 0.22152768616662272], "k_pid_alt": [1.3527863140982657, 0.39657919767662736, 0.8087295834341296], "k_pid_att": [17.018063488700502, 3.010424325328831, 0.4252214851154157], "k_pid_yaw": [0.5, 1e-06, 0.1], "k_pid_hsp": [4.783299401401023, 0.32373390458024237, 0.10605706381680328], "k_pid_vsp": [55.08883720892082, 343.0952905975596, 156.9879504814797]}, "datetime": {"datetime": "2025-08-11 17:25:46", "elapsed": 3626.13783454895, "delta": 29.12113666534424}, "costs": {"total_cost": 378.39023260989933, "time_cost": 109.76, "final_distance_cost": 1.757061133037658, "oscillation_cost": 149.26438075494525, "completition_cost": 0.0, "overshoot_cost": 62.23730531736087, "power_cost": 28.548458349609376, "noise_cost": 26.823027054946202, "n_waypoints_completed": 9, "tot_waypoints": 9}}
{"target": -1660.0091661525528, "params": {"k_pid_pos": [0.07841265547257761, 0.9445385369050652, 0.9272630557210697], "k_pid_alt": [1.0875434064620086, 0.9779342137123549, 0.36003545231653933], "k_pid_att": [82.33609662059425, 3.2453277592784597, 0.15840849688560843], "k_pid_yaw": [0.5, 1e-06, 0.1], "k_pid_hsp": [7.509536245262153, 0.17584592406579358, 0.35227753331197853], "k_pid_vsp": [213.84713014170714, 200.73627808803352, 194.2118675193383]}, "datetime": {"datetime": "2025-08-11 17:26:17", "elapsed": 3657.0794858932495, "delta": 30.941651344299316}, "costs": {"total_cost": 1660.0091661525528, "time_cost": 150, "final_distance_cost": 36.894468357013196, "oscillation_cost": 368.097526029504, "completition_cost": 1000.0, "overshoot_cost": 39.901844856842125, "power_cost": 36.729891711425786, "noise_cost": 28.385435197767404, "n_waypoints_completed": 0, "tot_waypoints": 9}}
{"target": -1215.2153642260296, "params": {"k_pid_pos": [1.690311558907225, 0.009054659798312705, 0.06301658762865578], "k_pid_alt": [1.9946210719179012, 0.5778067910026464, 1.0], "k_pid_att": [30.115048628133987, 1.4526083300105241, 0.5565591992711328], "k_pid_yaw": [0.5, 1e-06, 0.1], "k_pid_hsp": [4.520237658489748, 0.14442644785002962, 0.0], "k_pid_vsp": [49.652083875256935, 344.58767083052936, 147.88023056215405]}, "datetime": {"datetime": "2025-08-11 17:26:50", "elapsed": 3689.3913593292236, "delta": 32.31187343597412}, "costs": {"total_cost": 1215.2153642260296, "time_cost": 150, "final_distance_cost": 70.50112823703603, "oscillation_cost": 21.788531273010047, "completition_cost": 777.7777777777778, "overshoot_cost": 110.6758471451747, "power_cost": 30.056995239257812, "noise_cost": 54.41508455377331, "n_waypoints_completed": 2, "tot_waypoints": 9}}
{"target": -1302.3640712920146, "params": {"k_pid_pos": [0.0001, 0.0, 0.0], "k_pid_alt": [2.0, 0.0, 1.0], "k_pid_att": [34.84969569470632, 7.613908492689452, 0.0], "k_pid_yaw": [0.5, 1e-06, 0.1], "k_pid_hsp": [0.0001, 0.0, 0.0], "k_pid_vsp": [188.38371310292035, 9.307649428232104, 13.425896419709412]}, "datetime": {"datetime": "2025-08-11 17:27:22", "elapsed": 3721.6553423404694, "delta": 32.26398301124573}, "costs": {"total_cost": 1302.3640712920146, "time_cost": 150, "final_distance_cost": 45.931815267586, "oscillation_cost": 14.235702635131126, "completition_cost": 1000.0, "overshoot_cost": 36.153668910088804, "power_cost": 29.354452368164065, "noise_cost": 26.6884321110447, "n_waypoints_completed": 0, "tot_waypoints": 9}}
{"target": -588.2197658113757, "params": {"k_pid_pos": [1.9603297150108114, 0.8209135537888655, 0.9918168329767347], "k_pid_alt": [1.6290025171490237, 0.9119035855980384, 0.04717994052359331], "k_pid_att": [78.07842171931846, 7.4693375022755175, 0.5115871041233491], "k_pid_yaw": [0.5, 1e-06, 0.1], "k_pid_hsp": [5.6988989654141005, 0.7970414794870938, 0.7316749798193928], "k_pid_vsp": [390.6866065983447, 275.3460610282985, 204.15924231403235]}, "datetime": {"datetime": "2025-08-11 17:27:50", "elapsed": 3750.343852043152, "delta": 28.688509702682495}, "costs": {"total_cost": 588.2197658113757, "time_cost": 113.134, "final_distance_cost": 1.7632895715224113, "oscillation_cost": 347.87298734426514, "completition_cost": 0.0, "overshoot_cost": 62.959445221673626, "power_cost": 34.33707583007813, "noise_cost": 28.152967843836453, "n_waypoints_completed": 9, "tot_waypoints": 9}}
{"target": -1058.856222173085, "params": {"k_pid_pos": [0.3988172327673342, 0.8471947902568973, 0.8614676442621878], "k_pid_alt": [0.7669491070342269, 0.9893326442139317, 0.27349265068607287], "k_pid_att": [65.95469750616093, 1.66398920052955, 0.8729647584856886], "k_pid_yaw": [0.5, 1e-06, 0.1], "k_pid_hsp": [2.7614881593013183, 0.13726416833050992, 0.04929440838577104], "k_pid_vsp": [235.46320156630972, 30.1396498851528, 268.8286997978308]}, "datetime": {"datetime": "2025-08-11 17:28:22", "elapsed": 3781.3789892196655, "delta": 31.035137176513672}, "costs": {"total_cost": 1058.856222173085, "time_cost": 150, "final_distance_cost": 66.24758902665855, "oscillation_cost": 380.78188996582577, "completition_cost": 333.33333333333337, "overshoot_cost": 65.21237689327565, "power_cost": 34.07742502441406, "noise_cost": 29.20360792957762, "n_waypoints_completed": 6, "tot_waypoints": 9}}
{"target": -1287.3165754315207, "params": {"k_pid_pos": [0.0001, 0.0, 0.0], "k_pid_alt": [2.0, 0.0, 1.0], "k_pid_att": [43.227653425569066, 0.0001, 0.0], "k_pid_yaw": [0.5, 1e-06, 0.1], "k_pid_hsp": [0.0001, 0.0, 0.0], "k_pid_vsp": [193.63816016544902, 15.111550488462825, 1e-06]}, "datetime": {"datetime": "2025-08-11 17:28:54", "elapsed": 3813.785291671753, "delta": 32.4063024520874}, "costs": {"total_cost": 1287.3165754315207, "time_cost": 150, "final_distance_cost": 46.01813313313344, "oscillation_cost": 1.4471165165073574, "completition_cost": 1000.0, "overshoot_cost": 35.72770257710462, "power_cost": 21.00952772216797, "noise_cost": 33.1140954826074, "n_waypoints_completed": 0, "tot_waypoints": 9}}
{"target": -1283.3986053621977, "params": {"k_pid_pos": [0.6903181258249319, 0.9744744345087456, 0.016621697532815505], "k_pid_alt": [0.36658353417305234, 0.20622331457751397, 0.2827398464068549], "k_pid_att": [74.20790597236847, 0.35742312982669344, 0.266455915868963], "k_pid_yaw": [0.5, 1e-06, 0.1], "k_pid_hsp": [0.6812056276602334, 0.7791434651652817, 0.5649606787615946], "k_pid_vsp": [183.38962488249928, 285.1306724649588, 201.21179690448176]}, "datetime": {"datetime": "2025-08-11 17:29:24", "elapsed": 3843.8789393901825, "delta": 30.093647718429565}, "costs": {"total_cost": 1283.3986053621977, "time_cost": 150, "final_distance_cost": 61.92246718659415, "oscillation_cost": 225.12535477185818, "completition_cost": 666.6666666666667, "overshoot_cost": 112.89937867557524, "power_cost": 37.23559595947266, "noise_cost": 29.549142102030785, "n_waypoints_completed": 3, "tot_waypoints": 9}}
{"target": -788.8782893370695, "params": {"k_pid_pos": [0.4398308344119658, 0.5219557324203448, 0.28247283320865685], "k_pid_alt": [1.0659428642511177, 0.25121929765788575, 0.3412330855059302], "k_pid_att": [10.339572892142101, 6.576816214360489, 0.21844320680073998], "k_pid_yaw": [0.5, 1e-06, 0.1], "k_pid_hsp": [6.42305251183309, 0.2852840898934351, 0.10826229459341309], "k_pid_vsp": [44.307253466434, 341.23842420873444, 153.9382979822211]}, "datetime": {"datetime": "2025-08-11 17:29:56", "elapsed": 3875.429900407791, "delta": 31.550961017608643}, "costs": {"total_cost": 788.8782893370695, "time_cost": 150, "final_distance_cost": 70.07309913756679, "oscillation_cost": 226.20498600085833, "completition_cost": 222.2222222222222, "overshoot_cost": 59.14630050493669, "power_cost": 32.519943286132815, "noise_cost": 28.71173818535271, "n_waypoints_completed": 7, "tot_waypoints": 9}}
{"target": -1129.14244277984, "params": {"k_pid_pos": [0.8069710244878084, 0.51766170976546, 0.143271727309363], "k_pid_alt": [0.3748479533337823, 0.703727945503063, 0.8447128445203984], "k_pid_att": [37.5380885612432, 8.938458517265177, 0.4041842623789452], "k_pid_yaw": [0.5, 1e-06, 0.1], "k_pid_hsp": [1.9205515014520793, 0.3276332778155764, 0.6032251697365311], "k_pid_vsp": [200.11263187070506, 387.7018812006674, 157.94907614374372]}, "datetime": {"datetime": "2025-08-11 17:30:26", "elapsed": 3905.6051502227783, "delta": 30.175249814987183}, "costs": {"total_cost": 1129.14244277984, "time_cost": 150, "final_distance_cost": 41.10007175896365, "oscillation_cost": 261.44279417023745, "completition_cost": 555.5555555555555, "overshoot_cost": 54.294828281225655, "power_cost": 35.86731123046875, "noise_cost": 30.881881783388913, "n_waypoints_completed": 4, "tot_waypoints": 9}}
{"target": -1401.8986667892655, "params": {"k_pid_pos": [0.16804772131754264, 0.04179007794928791, 0.558571482761792], "k_pid_alt": [1.7090514287481615, 0.4808988173987223, 0.9869566390308514], "k_pid_att": [40.0951704984678, 0.17204016855672985, 0.3365808229396101], "k_pid_yaw": [0.5, 1e-06, 0.1], "k_pid_hsp": [2.816214480292807, 0.5925888552786168, 0.1872760265623553], "k_pid_vsp": [172.48889947459807, 386.4507861331604, 95.18371279540744]}, "datetime": {"datetime": "2025-08-11 17:30:57", "elapsed": 3937.092520236969, "delta": 31.487370014190674}, "costs": {"total_cost": 1401.8986667892655, "time_cost": 150, "final_distance_cost": 49.061740634302616, "oscillation_cost": 636.0118552333496, "completition_cost": 444.4444444444444, "overshoot_cost": 59.54296034089774, "power_cost": 34.32533461914063, "noise_cost": 28.512331517130338, "n_waypoints_completed": 5, "tot_waypoints": 9}}
{"target": -993.8619167731524, "params": {"k_pid_pos": [0.7445399972973811, 0.8420379944560904, 0.6787000372362827], "k_pid_alt": [1.1316842375081857, 0.697198977359148, 0.4904356309283531], "k_pid_att": [28.258415771677903, 0.9557197294694751, 0.07418519265081958], "k_pid_yaw": [0.5, 1e-06, 0.1], "k_pid_hsp": [7.749741441043276, 0.4011134313191188, 0.4708302983585593], "k_pid_vsp": [131.71058939667483, 179.37717274719566, 81.33822723776123]}, "datetime": {"datetime": "2025-08-11 17:31:28", "elapsed": 3967.5988190174103, "delta": 30.506298780441284}, "costs": {"total_cost": 993.8619167731524, "time_cost": 150, "final_distance_cost": 65.47836798735516, "oscillation_cost": 437.9235191326758, "completition_cost": 222.2222222222222, "overshoot_cost": 52.45170007918764, "power_cost": 35.47090240478516, "noise_cost": 30.31520494692644, "n_waypoints_completed": 7, "tot_waypoints": 9}}
{"target": -1213.39315899425, "params": {"k_pid_pos": [1.1398316444575023, 0.04060899530844153, 0.788783918979598], "k_pid_alt": [1.2455279061090585, 0.7300729449584588, 0.1380340874235232], "k_pid_att": [46.42056677909612, 7.689752663614163, 0.43322244901666374], "k_pid_yaw": [0.5, 1e-06, 0.1], "k_pid_hsp": [1.01468264158569, 0.16269890073875182, 0.48888661189682037], "k_pid_vsp": [390.52703775894736, 104.64041285108665, 73.72771502641355]}, "datetime": {"datetime": "2025-08-11 17:31:58", "elapsed": 3997.690210342407, "delta": 30.09139132499695}, "costs": {"total_cost": 1213.39315899425, "time_cost": 150, "final_distance_cost": 70.21906755194685, "oscillation_cost": 545.4850073738328, "completition_cost": 333.33333333333337, "overshoot_cost": 50.04575831169111, "power_cost": 34.840576025390625, "noise_cost": 29.469416398055195, "n_waypoints_completed": 6, "tot_waypoints": 9}}
{"target": -968.6354174639547, "params": {"k_pid_pos": [1.77319188118268, 0.7603144746780669, 0.5260312267183836], "k_pid_alt": [0.5254580659147483, 0.7335865150259226, 0.484562886162599], "k_pid_att": [74.05744259211595, 2.041353923798047, 0.5622846299021961], "k_pid_yaw": [0.5, 1e-06, 0.1], "k_pid_hsp": [8.726932986303686, 0.2128237962440943, 0.8114552141249538], "k_pid_vsp": [279.7157380924831, 166.49201547367687, 257.61383152742803]}, "datetime": {"datetime": "2025-08-11 17:32:27", "elapsed": 4027.198977947235, "delta": 29.50876760482788}, "costs": {"total_cost": 968.6354174639547, "time_cost": 150, "final_distance_cost": 67.98720091099862, "oscillation_cost": 391.52332315019197, "completition_cost": 222.2222222222222, "overshoot_cost": 69.93903221733123, "power_cost": 36.88668347167969, "noise_cost": 30.076955491530956, "n_waypoints_completed": 7, "tot_waypoints": 9}}
{"target": -866.3574013498081, "params": {"k_pid_pos": [1.9787251371531855, 0.2919694784173733, 0.6646354386326284], "k_pid_alt": [1.869163097911302, 0.4818181612330631, 0.1838832972033282], "k_pid_att": [87.70713955661817, 9.163910110176898, 0.9426686685813704], "k_pid_yaw": [0.5, 1e-06, 0.1], "k_pid_hsp": [1.3229238493268403, 0.8159327240374756, 0.9276742804491197], "k_pid_vsp": [199.51002374080375, 132.90994722517198, 245.51293196881193]}, "datetime": {"datetime": "2025-08-11 17:32:58", "elapsed": 4058.2051074504852, "delta": 31.006129503250122}, "costs": {"total_cost": 866.3574013498081, "time_cost": 150, "final_distance_cost": 63.60183584233464, "oscillation_cost": 300.3711867923478, "completition_cost": 222.2222222222222, "overshoot_cost": 63.444883810655455, "power_cost": 37.37433627929688, "noise_cost": 29.342936402951057, "n_waypoints_completed": 7, "tot_waypoints": 9}}
{"target": -1273.9161859633214, "params": {"k_pid_pos": [2.0, 1.0, 0.13597848874950677], "k_pid_alt": [2.0, 0.0, 0.9576198187633078], "k_pid_att": [17.725054186941644, 2.0487243247208626, 1.0], "k_pid_yaw": [0.5, 1e-06, 0.1], "k_pid_hsp": [0.0001, 1.0, 0.0], "k_pid_vsp": [214.2679432965294, 335.38966768387473, 133.95014694296]}, "datetime": {"datetime": "2025-08-11 17:33:29", "elapsed": 4089.3648648262024, "delta": 31.159757375717163}, "costs": {"total_cost": 1273.9161859633214, "time_cost": 150, "final_distance_cost": 88.07654506950854, "oscillation_cost": 98.3356986607049, "completition_cost": 777.7777777777778, "overshoot_cost": 91.36017646393618, "power_cost": 39.03810380859375, "noise_cost": 29.327884182799977, "n_waypoints_completed": 2, "tot_waypoints": 9}}
{"target": -1025.445772663181, "params": {"k_pid_pos": [1.3169224689357941, 0.20779131876955548, 0.9237124361393152], "k_pid_alt": [1.0969122743636903, 0.6928249908836078, 0.3593088458151803], "k_pid_att": [42.3623611833579, 0.4543142236501621, 0.832169160178313], "k_pid_yaw": [0.5, 1e-06, 0.1], "k_pid_hsp": [2.0008259368834755, 0.9588157967602833, 0.6351567193382525], "k_pid_vsp": [91.8629363528165, 354.9319294358435, 257.9739473877232]}, "datetime": {"datetime": "2025-08-11 17:34:00", "elapsed": 4119.544929981232, "delta": 30.180065155029297}, "costs": {"total_cost": 1025.445772663181, "time_cost": 150, "final_distance_cost": 68.32611364611635, "oscillation_cost": 341.40645439464197, "completition_cost": 333.33333333333337, "overshoot_cost": 67.14100966907698, "power_cost": 35.786872705078125, "noise_cost": 29.45198891493423, "n_waypoints_completed": 6, "tot_waypoints": 9}}
{"target": -1264.401190165991, "params": {"k_pid_pos": [1.836846456390153, 0.29606576680774077, 0.9054234379668524], "k_pid_alt": [1.1568890799281435, 0.8041387439681175, 0.20913470498351894], "k_pid_att": [35.41179031958552, 0.1935777052693195, 0.038258423020390286], "k_pid_yaw": [0.5, 1e-06, 0.1], "k_pid_hsp": [9.738589833484815, 0.9127355837102288, 0.5673267324181819], "k_pid_vsp": [50.53118053073526, 373.20801575163796, 284.87128966162885]}, "datetime": {"datetime": "2025-08-11 17:34:30", "elapsed": 4149.883309602737, "delta": 30.338379621505737}, "costs": {"total_cost": 1264.401190165991, "time_cost": 150, "final_distance_cost": 60.70074403251568, "oscillation_cost": 554.8803919273021, "completition_cost": 333.33333333333337, "overshoot_cost": 94.64458725136824, "power_cost": 35.93453992919922, "noise_cost": 34.90759369227256, "n_waypoints_completed": 6, "tot_waypoints": 9}}
{"target": -1041.9955681450726, "params": {"k_pid_pos": [1.988271446802214, 0.4669866105353456, 0.6310161591691532], "k_pid_alt": [1.5145038583388597, 0.8561987615383784, 0.3238423013890356], "k_pid_att": [23.57480840725176, 0.060518663994151324, 0.4323106208607457], "k_pid_yaw": [0.5, 1e-06, 0.1], "k_pid_hsp": [8.803323706127117, 0.3567860020653614, 0.5302431901650382], "k_pid_vsp": [343.2360035086826, 284.64615382939775, 382.2365059901905]}, "datetime": {"datetime": "2025-08-11 17:35:00", "elapsed": 4179.599809646606, "delta": 29.71650004386902}, "costs": {"total_cost": 1041.9955681450726, "time_cost": 150, "final_distance_cost": 73.138327973999, "oscillation_cost": 469.8099168203177, "completition_cost": 222.2222222222222, "overshoot_cost": 61.74626292237604, "power_cost": 34.48045362548828, "noise_cost": 30.59838458066959, "n_waypoints_completed": 7, "tot_waypoints": 9}}
{"target": -830.0674938144159, "params": {"k_pid_pos": [1.698028819466519, 0.9648946896405752, 0.20284282909030904], "k_pid_alt": [0.5742021480725841, 0.11541066503317532, 0.2912888108456696], "k_pid_att": [63.52732357879034, 7.001467210846662, 0.5952516836512487], "k_pid_yaw": [0.5, 1e-06, 0.1], "k_pid_hsp": [0.23028527856242922, 0.42698346235271434, 0.2750341629495291], "k_pid_vsp": [397.73696341866406, 22.76821887492917, 163.8567964375817]}, "datetime": {"datetime": "2025-08-11 17:35:30", "elapsed": 4209.544295310974, "delta": 29.944485664367676}, "costs": {"total_cost": 830.0674938144159, "time_cost": 150, "final_distance_cost": 67.97491683277286, "oscillation_cost": 130.150205239455, "completition_cost": 333.33333333333337, "overshoot_cost": 79.70591164264276, "power_cost": 38.564312536621095, "noise_cost": 30.33881422959092, "n_waypoints_completed": 6, "tot_waypoints": 9}}
{"target": -755.9090436947297, "params": {"k_pid_pos": [1.6177588424687093, 0.07007401030511806, 0.11467916800826672], "k_pid_alt": [1.298220077828341, 0.6793276068116175, 0.06295479767696999], "k_pid_att": [80.39443457387353, 9.919907485432619, 0.11254374424508518], "k_pid_yaw": [0.5, 1e-06, 0.1], "k_pid_hsp": [8.307357925049642, 0.35637800539937636, 0.7429657267976969], "k_pid_vsp": [93.60638388216654, 181.2052387685604, 209.3188144354808]}, "datetime": {"datetime": "2025-08-11 17:35:58", "elapsed": 4237.981291294098, "delta": 28.43699598312378}, "costs": {"total_cost": 755.9090436947297, "time_cost": 114.758, "final_distance_cost": 1.7907075362935494, "oscillation_cost": 490.2952378506325, "completition_cost": 0.0, "overshoot_cost": 84.57176425322554, "power_cost": 34.18918587646485, "noise_cost": 30.30414817811319, "n_waypoints_completed": 9, "tot_waypoints": 9}}
{"target": -938.4131838650193, "params": {"k_pid_pos": [1.5217392141186585, 0.45763685829358824, 0.38796040188516634], "k_pid_alt": [0.11926286940637487, 0.08181899349565114, 0.9064524312443256], "k_pid_att": [7.473179383275652, 0.2269884228213836, 0.3222151188704928], "k_pid_yaw": [0.5, 1e-06, 0.1], "k_pid_hsp": [3.063894313315311, 0.24466963669802078, 0.7385477228761459], "k_pid_vsp": [263.91680740915524, 280.63282035153355, 35.94304438415439]}, "datetime": {"datetime": "2025-08-11 17:36:29", "elapsed": 4268.719993114471, "delta": 30.738701820373535}, "costs": {"total_cost": 938.4131838650193, "time_cost": 150, "final_distance_cost": 56.57474713209583, "oscillation_cost": 287.9504114930721, "completition_cost": 333.33333333333337, "overshoot_cost": 47.82364114775172, "power_cost": 33.768872717285156, "noise_cost": 28.96217804148115, "n_waypoints_completed": 6, "tot_waypoints": 9}}
{"target": -1237.2980285224248, "params": {"k_pid_pos": [1.7792385608236934, 0.21519469294756932, 0.13769148268682752], "k_pid_alt": [1.9431674964548484, 0.11446227274331844, 0.7320209749865736], "k_pid_att": [66.664799479516, 4.5186728895903325, 0.4283442396852676], "k_pid_yaw": [0.5, 1e-06, 0.1], "k_pid_hsp": [3.772821489917049, 0.2358713845267323, 0.5445946882858516], "k_pid_vsp": [64.22321347275526, 19.863125947156163, 342.95240184510163]}, "datetime": {"datetime": "2025-08-11 17:36:59", "elapsed": 4298.687919139862, "delta": 29.967926025390625}, "costs": {"total_cost": 1237.2980285224248, "time_cost": 150, "final_distance_cost": 54.456665558070945, "oscillation_cost": 433.7582787900688, "completition_cost": 444.4444444444444, "overshoot_cost": 79.95216150837442, "power_cost": 36.45240274658203, "noise_cost": 38.234075474884044, "n_waypoints_completed": 5, "tot_waypoints": 9}}
{"target": -466.2521308550917, "params": {"k_pid_pos": [1.1680514146576162, 0.7013999841528242, 0.6953579479368865], "k_pid_alt": [1.4535419117823587, 0.46511378453053487, 0.6765363509068971], "k_pid_att": [43.46432227929767, 2.6591239372660946, 0.3801249895413796], "k_pid_yaw": [0.5, 1e-06, 0.1], "k_pid_hsp": [2.6793730600022005, 0.5697864153297219, 0.5168290972934637], "k_pid_vsp": [211.44244006496092, 234.93975548913966, 131.53057282298644]}, "datetime": {"datetime": "2025-08-11 17:37:23", "elapsed": 4322.806044340134, "delta": 24.118125200271606}, "costs": {"total_cost": 466.2521308550917, "time_cost": 92.05, "final_distance_cost": 1.7430301906815002, "oscillation_cost": 270.17830970994885, "completition_cost": 0.0, "overshoot_cost": 54.30368744837889, "power_cost": 26.101209155273438, "noise_cost": 21.875894350809, "n_waypoints_completed": 9, "tot_waypoints": 9}}
{"target": -1163.3145386908373, "params": {"k_pid_pos": [0.8570454537931514, 0.9157645764927754, 0.2694966038610416], "k_pid_alt": [0.9300318307789459, 0.04647556843697498, 0.6715747509206395], "k_pid_att": [10.671783733155193, 5.527890446018916, 0.9481728913558541], "k_pid_yaw": [0.5, 1e-06, 0.1], "k_pid_hsp": [0.5362610505986526, 0.39524174251255706, 0.6511474845784503], "k_pid_vsp": [240.86499130903695, 224.34677748278267, 371.99789144954406]}, "datetime": {"datetime": "2025-08-11 17:37:53", "elapsed": 4353.093440771103, "delta": 30.28739643096924}, "costs": {"total_cost": 1163.3145386908373, "time_cost": 150, "final_distance_cost": 46.41863543107233, "oscillation_cost": 136.1044799002128, "completition_cost": 666.6666666666667, "overshoot_cost": 97.50377444589853, "power_cost": 35.49624426269531, "noise_cost": 31.124737984291546, "n_waypoints_completed": 3, "tot_waypoints": 9}}
