{"target": -1792.4353455265712, "params": {"k_pid_pos": [0.07077126635376557, 0.8164907870058119, 0.40564048198171243], "k_pid_alt": [1.3827396610554716, 0.09160993049315636, 0.5877281729034338], "k_pid_att": [28.008507916832805, 2.443473286539504, 0.3607956416775868], "k_pid_yaw": [0.5, 1e-06, 0.1], "k_pid_hsp": [4.007378507408897, 0.24625052666622393, 0.46624270058150097], "k_pid_vsp": [25.43672668175949, 204.1848761613047, 289.231144145566]}, "datetime": {"datetime": "2025-08-11 17:13:43", "elapsed": 2902.8959703445435, "delta": 30.38444709777832}, "costs": {"total_cost": 1792.4353455265712, "time_cost": 150, "final_distance_cost": 6.085462031974404, "oscillation_cost": 340.8653500910025, "completition_cost": 1000.0, "overshoot_cost": 162.93156993946258, "power_cost": 34.37820672607422, "noise_cost": 98.17475673805744, "n_waypoints_completed": 0, "tot_waypoints": 9}}
{"target": -1208.0353079848182, "params": {"k_pid_pos": [2.0, 1.0, 0.0], "k_pid_alt": [0.0, 1.0, 0.0], "k_pid_att": [43.49919772712869, 10.0, 1.0], "k_pid_yaw": [0.5, 1e-06, 0.1], "k_pid_hsp": [10.0, 0.0, 1.0], "k_pid_vsp": [223.63637124666514, 28.774999887754905, 46.07251605882229]}, "datetime": {"datetime": "2025-08-11 17:14:16", "elapsed": 2935.374155521393, "delta": 32.478185176849365}, "costs": {"total_cost": 1208.0353079848182, "time_cost": 150, "final_distance_cost": 65.39964268053562, "oscillation_cost": 185.81319539133125, "completition_cost": 666.6666666666667, "overshoot_cost": 73.40014690176112, "power_cost": 36.36987731933594, "noise_cost": 30.385779025187485, "n_waypoints_completed": 3, "tot_waypoints": 9}}
{"target": -715.749421244528, "params": {"k_pid_pos": [1.3422156110364956, 0.868303237789123, 0.4165048838590679], "k_pid_alt": [1.0226180361938686, 0.40601331926937645, 0.36008753750358413], "k_pid_att": [49.27183505703518, 7.194031829079306, 0.24167285904774083], "k_pid_yaw": [0.5, 1e-06, 0.1], "k_pid_hsp": [4.961408141745343, 0.5600159484809506, 0.9107450552614192], "k_pid_vsp": [251.757627308081, 372.3753639952041, 264.76769317981785]}, "datetime": {"datetime": "2025-08-11 17:14:46", "elapsed": 2965.552764415741, "delta": 30.178608894348145}, "costs": {"total_cost": 715.749421244528, "time_cost": 150, "final_distance_cost": 52.02500902989288, "oscillation_cost": 268.48896635948, "completition_cost": 111.11111111111116, "overshoot_cost": 65.48942260061202, "power_cost": 37.80169724121094, "noise_cost": 30.833214902221055, "n_waypoints_completed": 8, "tot_waypoints": 9}}
{"target": -1462.8080573133461, "params": {"k_pid_pos": [0.2902542057984896, 0.07520552999334107, 0.8465164410665158], "k_pid_alt": [1.7024162030890053, 0.5850037031506765, 0.1675032614171449], "k_pid_att": [85.02342847588822, 9.527545008247419, 0.010689327413141214], "k_pid_yaw": [0.5, 1e-06, 0.1], "k_pid_hsp": [8.466335871207171, 0.5590883770327453, 0.5103924829782993], "k_pid_vsp": [285.31077893415755, 143.36947900972837, 301.34343467599444]}, "datetime": {"datetime": "2025-08-11 17:15:16", "elapsed": 2995.4572682380676, "delta": 29.90450382232666}, "costs": {"total_cost": 1462.8080573133461, "time_cost": 150, "final_distance_cost": 52.73028129271953, "oscillation_cost": 806.6579523798355, "completition_cost": 333.33333333333337, "overshoot_cost": 55.85206626140298, "power_cost": 35.98094118652344, "noise_cost": 28.25348285953121, "n_waypoints_completed": 6, "tot_waypoints": 9}}
{"target": -1207.1313378897526, "params": {"k_pid_pos": [0.19115619338960002, 0.4253875443632945, 0.3119550401342921], "k_pid_alt": [0.8210548157868756, 0.5443826813387251, 0.0650491005923477], "k_pid_att": [11.922988371816313, 1.0502068241741649, 0.936644451081082], "k_pid_yaw": [0.5, 1e-06, 0.1], "k_pid_hsp": [1.5906505393538164, 0.8058643907486825, 0.5452481933409445], "k_pid_vsp": [257.44380853866005, 374.290222441064, 252.57075907338884]}, "datetime": {"datetime": "2025-08-11 17:15:46", "elapsed": 3025.408940076828, "delta": 29.951671838760376}, "costs": {"total_cost": 1207.1313378897526, "time_cost": 150, "final_distance_cost": 53.225110067096224, "oscillation_cost": 225.6435941627435, "completition_cost": 666.6666666666667, "overshoot_cost": 50.77660606299521, "power_cost": 31.83823493652344, "noise_cost": 28.981125993727524, "n_waypoints_completed": 3, "tot_waypoints": 9}}
{"target": -1479.4144199518043, "params": {"k_pid_pos": [0.1674961151038372, 0.03517728992636404, 0.5892206592263598], "k_pid_alt": [0.5535188143076746, 0.37653157866305187, 0.5241507868976489], "k_pid_att": [28.97559609780872, 0.0894139501084421, 0.522819119460245], "k_pid_yaw": [0.5, 1e-06, 0.1], "k_pid_hsp": [5.563908796119238, 0.6226912182586964, 0.9750459766673476], "k_pid_vsp": [228.5079544950706, 0.5660325313890444, 38.99918299203239]}, "datetime": {"datetime": "2025-08-11 17:16:17", "elapsed": 3056.946873664856, "delta": 31.537933588027954}, "costs": {"total_cost": 1479.4144199518043, "time_cost": 150, "final_distance_cost": 43.78768178000933, "oscillation_cost": 604.7385278559258, "completition_cost": 555.5555555555555, "overshoot_cost": 63.384821368018336, "power_cost": 32.681495715332034, "noise_cost": 29.26633767696327, "n_waypoints_completed": 4, "tot_waypoints": 9}}
{"target": -1559.2564737911657, "params": {"k_pid_pos": [1.8486837905566986, 0.22424666648443847, 0.3406411946705733], "k_pid_alt": [1.901487631684562, 0.33307976673614004, 0.4909034490757611], "k_pid_att": [45.56006879689348, 4.532256926751437, 0.24057936660717116], "k_pid_yaw": [0.5, 1e-06, 0.1], "k_pid_hsp": [0.41287611259974344, 0.5195491835058272, 0.9596961643235697], "k_pid_vsp": [31.862967457109328, 2.4911351461706643, 150.56218692249976]}, "datetime": {"datetime": "2025-08-11 17:16:48", "elapsed": 3087.39070725441, "delta": 30.443833589553833}, "costs": {"total_cost": 1559.2564737911657, "time_cost": 150, "final_distance_cost": 94.79437586315669, "oscillation_cost": 362.19841074839206, "completition_cost": 777.7777777777778, "overshoot_cost": 106.86622701047116, "power_cost": 36.94590358886719, "noise_cost": 30.673778802500756, "n_waypoints_completed": 2, "tot_waypoints": 9}}
{"target": -2073.8291749082755, "params": {"k_pid_pos": [0.17716434533741385, 0.24673619302442662, 0.6539337736395477], "k_pid_alt": [1.0808345136285904, 0.8683366232186229, 0.6360511128152819], "k_pid_att": [20.201152951351364, 3.50519282982703, 0.02418214517742856], "k_pid_yaw": [0.5, 1e-06, 0.1], "k_pid_hsp": [6.946962884165806, 0.6124297595835376, 0.8743756526017485], "k_pid_vsp": [140.65280321812844, 127.78770632003526, 321.44904961078424]}, "datetime": {"datetime": "2025-08-11 17:17:17", "elapsed": 3116.9531619548798, "delta": 29.56245470046997}, "costs": {"total_cost": 2073.8291749082755, "time_cost": 150, "final_distance_cost": 119.00474179462385, "oscillation_cost": 756.116399373481, "completition_cost": 888.8888888888888, "overshoot_cost": 96.02199334650177, "power_cost": 32.4485056640625, "noise_cost": 31.34864584071756, "n_waypoints_completed": 1, "tot_waypoints": 9}}
{"target": -211.78003440793873, "params": {"k_pid_pos": [0.41414956254926816, 0.06044859615876401, 0.04363213209611527], "k_pid_alt": [1.3264663484624042, 0.0, 0.928952587658548], "k_pid_att": [42.909145848552974, 6.842700726958637, 0.17989721810522902], "k_pid_yaw": [0.5, 1e-06, 0.1], "k_pid_hsp": [0.5884198795255129, 0.0, 0.0], "k_pid_vsp": [183.141080059808, 13.547955303362674, 3.654385820348688]}, "datetime": {"datetime": "2025-08-11 17:17:41", "elapsed": 3140.6231186389923, "delta": 23.66995668411255}, "costs": {"total_cost": 211.78003440793873, "time_cost": 87.339, "final_distance_cost": 1.8501819164696542, "oscillation_cost": 25.584295030410882, "completition_cost": 0.0, "overshoot_cost": 53.31218926878921, "power_cost": 16.79260546875, "noise_cost": 26.90176272351899, "n_waypoints_completed": 9, "tot_waypoints": 9}}
{"target": -1231.0448809651607, "params": {"k_pid_pos": [0.3967070768286485, 0.2861715107400957, 0.2789707500623906], "k_pid_alt": [0.19885691441278586, 0.434683659398334, 0.2957156180890367], "k_pid_att": [7.112418401840303, 5.679253705580197, 0.9221191158701908], "k_pid_yaw": [0.5, 1e-06, 0.1], "k_pid_hsp": [4.514179709679764, 0.5635436857435677, 0.8369086890803971], "k_pid_vsp": [128.86045314261705, 296.5240281963193, 329.31213454948505]}, "datetime": {"datetime": "2025-08-11 17:18:11", "elapsed": 3171.308343410492, "delta": 30.685224771499634}, "costs": {"total_cost": 1231.0448809651607, "time_cost": 150, "final_distance_cost": 67.00438379529463, "oscillation_cost": 144.99556021541028, "completition_cost": 777.7777777777778, "overshoot_cost": 34.622069239271035, "power_cost": 29.728176525878908, "noise_cost": 26.916913411528004, "n_waypoints_completed": 2, "tot_waypoints": 9}}
{"target": -448.8528955133888, "params": {"k_pid_pos": [0.9372732671188412, 0.03498448880050431, 0.0710732722076155], "k_pid_alt": [1.3178938347620397, 0.27236618148363934, 0.6356465015385939], "k_pid_att": [50.09666434956955, 2.7752265392229303, 0.47194103250490826], "k_pid_yaw": [0.5, 1e-06, 0.1], "k_pid_hsp": [9.159553601738887, 0.5601513132331906, 0.8293240194169217], "k_pid_vsp": [125.194274863845, 100.04027316588673, 56.49253395138079]}, "datetime": {"datetime": "2025-08-11 17:18:32", "elapsed": 3191.5003349781036, "delta": 20.191991567611694}, "costs": {"total_cost": 448.8528955133888, "time_cost": 81.046, "final_distance_cost": 1.8001652997080797, "oscillation_cost": 270.0188908581037, "completition_cost": 0.0, "overshoot_cost": 52.9125067657577, "power_cost": 23.158602087402343, "noise_cost": 19.91673050241691, "n_waypoints_completed": 9, "tot_waypoints": 9}}
{"target": -1491.396957721095, "params": {"k_pid_pos": [0.0001, 0.0, 1.0], "k_pid_alt": [2.0, 0.0, 1.0], "k_pid_att": [49.70962362153943, 0.0001, 0.0], "k_pid_yaw": [0.5, 1e-06, 0.1], "k_pid_hsp": [0.0001, 1.0, 0.0], "k_pid_vsp": [231.10502789735114, 16.803123283099463, 42.101840167223095]}, "datetime": {"datetime": "2025-08-11 17:19:03", "elapsed": 3222.9538090229034, "delta": 31.453474044799805}, "costs": {"total_cost": 1491.396957721095, "time_cost": 150, "final_distance_cost": 45.964466438887264, "oscillation_cost": 191.51372149577347, "completition_cost": 1000.0, "overshoot_cost": 37.39196984548972, "power_cost": 37.38083728027344, "noise_cost": 29.145962660671444, "n_waypoints_completed": 0, "tot_waypoints": 9}}
{"target": -999.5673247242162, "params": {"k_pid_pos": [1.5689047790740387, 0.2565146908779484, 0.8854641247863698], "k_pid_alt": [1.68592189305123, 0.9697566435404724, 0.778108599977808], "k_pid_att": [48.48636757723964, 6.098678637518595, 0.5975525305721014], "k_pid_yaw": [0.5, 1e-06, 0.1], "k_pid_hsp": [4.0096981086973615, 0.7676752818928188, 0.6166858603464068], "k_pid_vsp": [258.03110107209017, 375.3450766107018, 265.54938552702737]}, "datetime": {"datetime": "2025-08-11 17:19:33", "elapsed": 3252.7498428821564, "delta": 29.79603385925293}, "costs": {"total_cost": 999.5673247242162, "time_cost": 150, "final_distance_cost": 68.24572334255751, "oscillation_cost": 439.56779066625427, "completition_cost": 222.2222222222222, "overshoot_cost": 55.93251180640715, "power_cost": 35.39081600341797, "noise_cost": 28.2082606833571, "n_waypoints_completed": 7, "tot_waypoints": 9}}
{"target": -557.9944626327197, "params": {"k_pid_pos": [1.2264121060976996, 0.710650652936929, 0.8402724375508543], "k_pid_alt": [1.4965770676398253, 0.14651788749163128, 0.3120485912199652], "k_pid_att": [44.65829347431391, 2.5308341729760673, 0.41495655894371325], "k_pid_yaw": [0.5, 1e-06, 0.1], "k_pid_hsp": [3.525335773419737, 0.4879084157094444, 0.43859272919846004], "k_pid_vsp": [198.23375356744216, 234.65508129620355, 135.610926495676]}, "datetime": {"datetime": "2025-08-11 17:20:01", "elapsed": 3280.6558701992035, "delta": 27.90602731704712}, "costs": {"total_cost": 557.9944626327197, "time_cost": 102.452, "final_distance_cost": 1.794155528676729, "oscillation_cost": 344.1131581269795, "completition_cost": 0.0, "overshoot_cost": 53.525874382071564, "power_cost": 30.69862235107422, "noise_cost": 25.410652243917685, "n_waypoints_completed": 9, "tot_waypoints": 9}}
{"target": -464.74139346550595, "params": {"k_pid_pos": [2.0, 1.0, 1.0], "k_pid_alt": [2.0, 0.0, 1.0], "k_pid_att": [31.319340596420354, 5.640037655579375, 0.0], "k_pid_yaw": [0.5, 1e-06, 0.1], "k_pid_hsp": [10.0, 0.09215657226514849, 0.0], "k_pid_vsp": [236.24438451091757, 23.13062601644375, 32.16872571369509]}, "datetime": {"datetime": "2025-08-11 17:20:21", "elapsed": 3301.2795717716217, "delta": 20.623701572418213}, "costs": {"total_cost": 464.74139346550595, "time_cost": 75.418, "final_distance_cost": 1.7419230881707297, "oscillation_cost": 294.69415588834903, "completition_cost": 0.0, "overshoot_cost": 51.49952895923202, "power_cost": 21.829181579589847, "noise_cost": 19.55860395016436, "n_waypoints_completed": 9, "tot_waypoints": 9}}
{"target": -665.8400079477873, "params": {"k_pid_pos": [1.5642002801434236, 0.2746966623345032, 0.823654318902844], "k_pid_alt": [0.7180828805045396, 0.530239354771506, 0.03408373240165552], "k_pid_att": [50.39922097078985, 3.556620421429118, 0.5082043020117084], "k_pid_yaw": [0.5, 1e-06, 0.1], "k_pid_hsp": [9.106348063356766, 0.34287566945627235, 0.1323980373740402], "k_pid_vsp": [187.60929637470468, 12.767876882798994, 6.637209889215723]}, "datetime": {"datetime": "2025-08-11 17:20:48", "elapsed": 3327.8225150108337, "delta": 26.542943239212036}, "costs": {"total_cost": 665.8400079477873, "time_cost": 99.44200000000001, "final_distance_cost": 1.796875296544726, "oscillation_cost": 455.137234317271, "completition_cost": 0.0, "overshoot_cost": 56.119468989278815, "power_cost": 27.233666650390628, "noise_cost": 26.110762694302025, "n_waypoints_completed": 9, "tot_waypoints": 9}}
{"target": -963.2173979552404, "params": {"k_pid_pos": [0.39927988558376337, 0.9780004458040611, 0.3950597587043194], "k_pid_alt": [1.01289399564044, 0.843780023753992, 0.2577926130349173], "k_pid_att": [41.419751159176954, 4.877550951354468, 0.6878333800616706], "k_pid_yaw": [0.5, 1e-06, 0.1], "k_pid_hsp": [3.2967905193571236, 0.8342280036903382, 0.5272073855224255], "k_pid_vsp": [191.23127916673982, 31.258091211942368, 3.469746570752356]}, "datetime": {"datetime": "2025-08-11 17:21:21", "elapsed": 3360.430793762207, "delta": 32.60827875137329}, "costs": {"total_cost": 963.2173979552404, "time_cost": 150, "final_distance_cost": 67.32683400961645, "oscillation_cost": 272.2869940358718, "completition_cost": 333.33333333333337, "overshoot_cost": 72.36652521444636, "power_cost": 34.06802465820313, "noise_cost": 33.83568670376912, "n_waypoints_completed": 6, "tot_waypoints": 9}}
{"target": -360.4747262462041, "params": {"k_pid_pos": [1.0012211533987536, 0.09897035117993225, 0.1599412345981226], "k_pid_alt": [1.8631970359597612, 0.43365751306594336, 0.8548974929982991], "k_pid_att": [22.26551189281797, 3.134261925268992, 0.43851479998908616], "k_pid_yaw": [0.5, 1e-06, 0.1], "k_pid_hsp": [5.723669091565192, 0.09417318972398392, 0.06314176785448555], "k_pid_vsp": [40.04695362456108, 340.10737988386944, 158.02715601605595]}, "datetime": {"datetime": "2025-08-11 17:21:49", "elapsed": 3389.0296070575714, "delta": 28.59881329536438}, "costs": {"total_cost": 360.4747262462041, "time_cost": 107.429, "final_distance_cost": 1.8179300560203844, "oscillation_cost": 129.64108378074187, "completition_cost": 0.0, "overshoot_cost": 65.40484782888736, "power_cost": 27.836235607910158, "noise_cost": 28.345628972644334, "n_waypoints_completed": 9, "tot_waypoints": 9}}
{"target": -931.2715541383167, "params": {"k_pid_pos": [1.7298179230821022, 0.7156418246442935, 0.9147796525854742], "k_pid_alt": [0.7264824077801586, 0.5862622531257641, 0.9429307353962799], "k_pid_att": [38.40776661860177, 5.238440493821612, 0.030680090520788794], "k_pid_yaw": [0.5, 1e-06, 0.1], "k_pid_hsp": [4.912121456204937, 0.4696449883950852, 0.0730042220687982], "k_pid_vsp": [127.89635560236752, 14.176373698133705, 160.73752262784242]}, "datetime": {"datetime": "2025-08-11 17:22:19", "elapsed": 3418.882299184799, "delta": 29.852692127227783}, "costs": {"total_cost": 931.2715541383167, "time_cost": 150, "final_distance_cost": 31.166920463543043, "oscillation_cost": 497.2456438719047, "completition_cost": 111.11111111111116, "overshoot_cost": 74.8721173651235, "power_cost": 35.48510270996094, "noise_cost": 31.390658616673257, "n_waypoints_completed": 8, "tot_waypoints": 9}}
{"target": -902.803455884186, "params": {"k_pid_pos": [0.4073662905212854, 0.27633713337401256, 0.12599626050657597], "k_pid_alt": [1.7151570456240708, 0.9797570529698362, 0.1899238759501234], "k_pid_att": [7.986138238377205, 6.081542660519835, 0.48683155169381176], "k_pid_yaw": [0.5, 1e-06, 0.1], "k_pid_hsp": [0.6536159470316852, 0.9781986517590409, 0.8672502906450569], "k_pid_vsp": [317.0410891609491, 305.0795987851817, 173.93251788609766]}, "datetime": {"datetime": "2025-08-11 17:22:51", "elapsed": 3451.3305990695953, "delta": 32.44829988479614}, "costs": {"total_cost": 902.803455884186, "time_cost": 150, "final_distance_cost": 63.55223224627642, "oscillation_cost": 237.06255539279692, "completition_cost": 333.33333333333337, "overshoot_cost": 57.635613499603544, "power_cost": 32.259364941406254, "noise_cost": 28.960356470769447, "n_waypoints_completed": 6, "tot_waypoints": 9}}
{"target": -1100.1445446669622, "params": {"k_pid_pos": [0.430614201903758, 0.11007755659579921, 0.33372284324656076], "k_pid_alt": [1.064327272226963, 0.2234641979996298, 0.5105546613967801], "k_pid_att": [45.51691480322918, 7.39591578780611, 0.7115557428637329], "k_pid_yaw": [0.5, 1e-06, 0.1], "k_pid_hsp": [9.582452147933155, 0.6363656470207035, 0.7366296711729614], "k_pid_vsp": [71.65333583679879, 296.52609730462154, 215.42800343292834]}, "datetime": {"datetime": "2025-08-11 17:23:22", "elapsed": 3481.738612651825, "delta": 30.408013582229614}, "costs": {"total_cost": 1100.1445446669622, "time_cost": 150, "final_distance_cost": 68.95088871078943, "oscillation_cost": 539.6898652740967, "completition_cost": 222.2222222222222, "overshoot_cost": 56.88174321353591, "power_cost": 33.714451281738285, "noise_cost": 28.68537396457971, "n_waypoints_completed": 7, "tot_waypoints": 9}}
{"target": -1598.9959471061595, "params": {"k_pid_pos": [0.1451836964151071, 0.07533115046230665, 0.8685458083880719], "k_pid_alt": [1.2478871277911316, 0.6363062208618155, 0.6883549785256843], "k_pid_att": [34.062992834335724, 8.466838189190232, 0.23490303015479597], "k_pid_yaw": [0.5, 1e-06, 0.1], "k_pid_hsp": [4.704660153334142, 0.45415769225262204, 0.8064873725985816], "k_pid_vsp": [63.67874256392834, 361.083844772526, 84.39889783696819]}, "datetime": {"datetime": "2025-08-11 17:23:53", "elapsed": 3512.717241048813, "delta": 30.978628396987915}, "costs": {"total_cost": 1598.9959471061595, "time_cost": 150, "final_distance_cost": 46.025982481385874, "oscillation_cost": 716.081887025836, "completition_cost": 555.5555555555555, "overshoot_cost": 69.72987802225042, "power_cost": 33.033739880371094, "noise_cost": 28.568904140760612, "n_waypoints_completed": 4, "tot_waypoints": 9}}
{"target": -1370.8825499943055, "params": {"k_pid_pos": [1.2969813500715994, 0.6034488479836125, 0.9362372673264435], "k_pid_alt": [0.7958391443677832, 0.8532246171752926, 0.18297728508355138], "k_pid_att": [57.94819813937646, 7.8076007618861425, 0.2373372731431348], "k_pid_yaw": [0.5, 1e-06, 0.1], "k_pid_hsp": [8.080159646731484, 0.5642911972031456, 0.2085163188799466], "k_pid_vsp": [156.33649917932843, 65.10452371543761, 348.672707536908]}, "datetime": {"datetime": "2025-08-11 17:24:23", "elapsed": 3543.052263736725, "delta": 30.335022687911987}, "costs": {"total_cost": 1370.8825499943055, "time_cost": 150, "final_distance_cost": 58.18971704015622, "oscillation_cost": 578.8560696872979, "completition_cost": 444.4444444444444, "overshoot_cost": 71.46292077831116, "power_cost": 35.301311816406255, "noise_cost": 32.62808622768946, "n_waypoints_completed": 5, "tot_waypoints": 9}}
{"target": -492.4597628758679, "params": {"k_pid_pos": [2.0, 1.0, 1.0], "k_pid_alt": [2.0, 0.0, 1.0], "k_pid_att": [27.75402598849308, 0.0001, 0.0], "k_pid_yaw": [0.5, 1e-06, 0.1], "k_pid_hsp": [10.0, 1.0, 0.0], "k_pid_vsp": [223.74346850026305, 21.027865942436655, 44.53912527696787]}, "datetime": {"datetime": "2025-08-11 17:24:46", "elapsed": 3565.5387020111084, "delta": 22.486438274383545}, "costs": {"total_cost": 492.4597628758679, "time_cost": 80.01, "final_distance_cost": 1.7590072365414346, "oscillation_cost": 313.035054535561, "completition_cost": 0.0, "overshoot_cost": 53.15845926837008, "power_cost": 23.754871704101564, "noise_cost": 20.74237013129378, "n_waypoints_completed": 9, "tot_waypoints": 9}}
{"target": -754.0432227007782, "params": {"k_pid_pos": [2.0, 1.0, 0.0], "k_pid_alt": [1.438486971104766, 0.11115642344131293, 0.5821459563384016], "k_pid_att": [47.97885009513195, 5.047978506106837, 0.6409776270964314], "k_pid_yaw": [0.5, 1e-06, 0.1], "k_pid_hsp": [1.5207739903265176, 0.5036804593587867, 0.0], "k_pid_vsp": [58.14181499663384, 364.78744527416035, 99.59485527254022]}, "datetime": {"datetime": "2025-08-11 17:25:17", "elapsed": 3597.016697883606, "delta": 31.47799587249756}, "costs": {"total_cost": 754.0432227007782, "time_cost": 150, "final_distance_cost": 71.6597699074466, "oscillation_cost": 70.8625017341168, "completition_cost": 333.33333333333337, "overshoot_cost": 64.29237360163252, "power_cost": 34.43057293701172, "noise_cost": 29.464671187237144, "n_waypoints_completed": 6, "tot_waypoints": 9}}
