{"target": -1213.1719889861781, "params": {"k_pid_pos": [0.6635889817512731, 0.4308409080229638, 0.5694346043870183], "k_pid_alt": [1.6404336432673128, 0.23272656386458312, 0.8131839546830876], "k_pid_att": [86.13487890112185, 7.390007347538317, 0.4377134944209201], "k_pid_yaw": [0.5, 1e-06, 0.1], "k_pid_hsp": [7.39013101781953, 0.3644763757982844, 0.45255422548236146], "k_pid_vsp": [87.66291255613314, 258.28702740951496, 18.262164325804733]}, "datetime": {"datetime": "2025-08-11 20:01:08", "elapsed": 12947.788617134094, "delta": 30.877212285995483}, "costs": {"total_cost": 1213.1719889861781, "time_cost": 150, "final_distance_cost": 67.18689181335405, "oscillation_cost": 665.1672695550925, "completition_cost": 222.2222222222222, "overshoot_cost": 45.19097050101329, "power_cost": 35.12677585449219, "noise_cost": 28.27785904000393, "n_waypoints_completed": 7, "tot_waypoints": 9}}
{"target": -458.64786870650033, "params": {"k_pid_pos": [1.6598312213319535, 0.6982459207474291, 0.8266803244936397], "k_pid_alt": [1.2195340151146676, 0.39924271688055457, 0.16937840715821983], "k_pid_att": [37.83413997970302, 7.879851580416739, 0.3426036943575098], "k_pid_yaw": [0.5, 1e-06, 0.1], "k_pid_hsp": [2.4838550161650508, 0.8302007936421198, 0.4475925856048203], "k_pid_vsp": [274.9779223721459, 357.16792427416374, 23.05623649721602]}, "datetime": {"datetime": "2025-08-11 20:01:32", "elapsed": 12971.703928232193, "delta": 23.915311098098755}, "costs": {"total_cost": 458.64786870650033, "time_cost": 93.625, "final_distance_cost": 1.7246358049794386, "oscillation_cost": 256.6933210059508, "completition_cost": 0.0, "overshoot_cost": 55.625600892148434, "power_cost": 27.193195239257815, "noise_cost": 23.78611576416379, "n_waypoints_completed": 9, "tot_waypoints": 9}}
{"target": -957.7960634181006, "params": {"k_pid_pos": [1.9077443833850167, 0.49884935209118664, 0.8927165365181708], "k_pid_alt": [0.39974594337365255, 0.049227340443789847, 0.5404145558017975], "k_pid_att": [28.624223579553398, 6.577729103874154, 0.21520650679247177], "k_pid_yaw": [0.5, 1e-06, 0.1], "k_pid_hsp": [3.9568862292721696, 0.9712034783538879, 0.9039726837815812], "k_pid_vsp": [277.95825453626037, 247.19989524278813, 5.6767295578781125]}, "datetime": {"datetime": "2025-08-11 20:02:03", "elapsed": 13002.656681060791, "delta": 30.952752828598022}, "costs": {"total_cost": 957.7960634181006, "time_cost": 150, "final_distance_cost": 71.09634962550139, "oscillation_cost": 406.50193358316153, "completition_cost": 222.2222222222222, "overshoot_cost": 44.03224931527184, "power_cost": 32.20691755371094, "noise_cost": 31.736391118232767, "n_waypoints_completed": 7, "tot_waypoints": 9}}
{"target": -1518.9085017110026, "params": {"k_pid_pos": [0.9232724727828263, 0.6984829548825223, 0.7371658415665457], "k_pid_alt": [0.08542868479244103, 0.8624935195532613, 0.6399461678480594], "k_pid_att": [39.332797329707326, 1.881513436973988, 0.5051629661318842], "k_pid_yaw": [0.5, 1e-06, 0.1], "k_pid_hsp": [0.8372608293385528, 0.07251353845554653, 0.444252446331579], "k_pid_vsp": [116.41937315046493, 138.04496853981237, 20.32870833518244]}, "datetime": {"datetime": "2025-08-11 20:02:33", "elapsed": 13033.042500972748, "delta": 30.385819911956787}, "costs": {"total_cost": 1518.9085017110026, "time_cost": 150, "final_distance_cost": 66.43792155331998, "oscillation_cost": 291.6547338612178, "completition_cost": 888.8888888888888, "overshoot_cost": 57.13128775095444, "power_cost": 35.58157003173828, "noise_cost": 29.214099624883303, "n_waypoints_completed": 1, "tot_waypoints": 9}}
{"target": -508.1904508230826, "params": {"k_pid_pos": [1.7182418903415937, 0.3686298826766524, 0.4810345331877872], "k_pid_alt": [1.5670929030773701, 0.9691766581713743, 0.9637620469057941], "k_pid_att": [13.183110949828702, 5.358701074874196, 0.7815757638231997], "k_pid_yaw": [0.5, 1e-06, 0.1], "k_pid_hsp": [2.801652609459838, 0.7880670230636556, 0.5623189473488654], "k_pid_vsp": [57.70843901357816, 342.6160075163679, 141.52266503124034]}, "datetime": {"datetime": "2025-08-11 20:03:04", "elapsed": 13064.204137802124, "delta": 31.16163682937622}, "costs": {"total_cost": 508.1904508230826, "time_cost": 116.46600000000001, "final_distance_cost": 1.8086458955436278, "oscillation_cost": 259.1030656361363, "completition_cost": 0.0, "overshoot_cost": 69.54759724423208, "power_cost": 33.05796036376953, "noise_cost": 28.20718168340104, "n_waypoints_completed": 9, "tot_waypoints": 9}}
{"target": -1025.182931794957, "params": {"k_pid_pos": [1.2690045063754813, 0.94923711525792, 0.20022265625339108], "k_pid_alt": [1.307214615483708, 0.18027332892375003, 0.9901311824183933], "k_pid_att": [55.10051307789848, 9.762378997035766, 0.2972199916060586], "k_pid_yaw": [0.5, 1e-06, 0.1], "k_pid_hsp": [2.5661964440678044, 0.5983040438831372, 0.08089969825396304], "k_pid_vsp": [197.535575090401, 249.44741926492262, 224.07255529627088]}, "datetime": {"datetime": "2025-08-11 20:03:36", "elapsed": 13095.820963859558, "delta": 31.616826057434082}, "costs": {"total_cost": 1025.182931794957, "time_cost": 150, "final_distance_cost": 39.59124632252048, "oscillation_cost": 144.98488064691884, "completition_cost": 555.5555555555555, "overshoot_cost": 66.78622460006959, "power_cost": 37.96382357177735, "noise_cost": 30.30120109811542, "n_waypoints_completed": 4, "tot_waypoints": 9}}
{"target": -734.4408091195722, "params": {"k_pid_pos": [0.5395650026042682, 0.27352302039609844, 0.6972562134442748], "k_pid_alt": [1.1206852390498956, 0.8501054406763057, 0.5166578437767193], "k_pid_att": [32.921325090081574, 7.283641241381812, 0.3088565557092463], "k_pid_yaw": [0.5, 1e-06, 0.1], "k_pid_hsp": [5.213446940604724, 0.273514893572937, 0.6481386554241696], "k_pid_vsp": [217.1415459761291, 271.52771552284275, 63.64353110752594]}, "datetime": {"datetime": "2025-08-11 20:04:06", "elapsed": 13125.492838859558, "delta": 29.671875}, "costs": {"total_cost": 734.4408091195722, "time_cost": 116.58500000000001, "final_distance_cost": 1.7828158433535108, "oscillation_cost": 493.08093624809044, "completition_cost": 0.0, "overshoot_cost": 60.99929305843015, "power_cost": 32.305178466796875, "noise_cost": 29.687585502901236, "n_waypoints_completed": 9, "tot_waypoints": 9}}
{"target": -774.2195934197673, "params": {"k_pid_pos": [0.9161637067945013, 0.8391030860174307, 0.06824784708822718], "k_pid_alt": [1.2923350014201045, 0.5348901165993517, 0.666305893223803], "k_pid_att": [54.869686455859714, 2.2446111306486167, 0.9267477271681804], "k_pid_yaw": [0.5, 1e-06, 0.1], "k_pid_hsp": [5.294650736219103, 0.894162733414112, 0.8700891645605826], "k_pid_vsp": [211.5392144478927, 108.41210189232628, 30.83886216334542]}, "datetime": {"datetime": "2025-08-11 20:04:37", "elapsed": 13157.046234369278, "delta": 31.55339550971985}, "costs": {"total_cost": 774.2195934197673, "time_cost": 150, "final_distance_cost": 74.59156277824154, "oscillation_cost": 188.30944691740268, "completition_cost": 222.2222222222222, "overshoot_cost": 71.09712983104987, "power_cost": 36.8597816772461, "noise_cost": 31.139449993604956, "n_waypoints_completed": 7, "tot_waypoints": 9}}
{"target": -336.072420202728, "params": {"k_pid_pos": [2.0, 0.49926753676836716, 0.8453359630748636], "k_pid_alt": [1.0936763696751683, 0.9119259765082903, 0.06604638108178995], "k_pid_att": [3.062150861259759, 0.0001, 0.6665018433848036], "k_pid_yaw": [0.5, 1e-06, 0.1], "k_pid_hsp": [2.599794254656747, 0.4213965216614523, 0.42052819194827434], "k_pid_vsp": [247.5013999324499, 268.86519032728256, 29.753676232164178]}, "datetime": {"datetime": "2025-08-11 20:05:05", "elapsed": 13184.749507188797, "delta": 27.703272819519043}, "costs": {"total_cost": 336.072420202728, "time_cost": 104.566, "final_distance_cost": 1.7297850601268008, "oscillation_cost": 114.40587916629063, "completition_cost": 0.0, "overshoot_cost": 59.735772127215576, "power_cost": 28.70821209716797, "noise_cost": 26.92677175192699, "n_waypoints_completed": 9, "tot_waypoints": 9}}
{"target": -618.0224174114487, "params": {"k_pid_pos": [1.4546039666101511, 0.8519348101747254, 0.6383211509219182], "k_pid_alt": [1.485148485013327, 0.35896169071006845, 0.04907295360747688], "k_pid_att": [42.6029374532235, 8.896123626328988, 0.07497409925131182], "k_pid_yaw": [0.5, 1e-06, 0.1], "k_pid_hsp": [8.895806755946081, 0.10117992428528766, 0.3263725658430351], "k_pid_vsp": [388.15029643946235, 327.7100512440898, 333.804772291633]}, "datetime": {"datetime": "2025-08-11 20:05:32", "elapsed": 13211.913036584854, "delta": 27.16352939605713}, "costs": {"total_cost": 618.0224174114487, "time_cost": 102.004, "final_distance_cost": 1.7823736359852274, "oscillation_cost": 399.0796296852434, "completition_cost": 0.0, "overshoot_cost": 59.32487899497824, "power_cost": 30.636439270019533, "noise_cost": 25.195095825222293, "n_waypoints_completed": 9, "tot_waypoints": 9}}
{"target": -342.7036658278118, "params": {"k_pid_pos": [0.9214845848053951, 0.6454129348388399, 0.5439460718077391], "k_pid_alt": [1.7564331718586692, 0.295608604147761, 0.002982812273602087], "k_pid_att": [4.321710893167275, 2.644386235588287, 0.9014955430305237], "k_pid_yaw": [0.5, 1e-06, 0.1], "k_pid_hsp": [2.815469634306394, 0.4152281417363318, 0.8488610834538619], "k_pid_vsp": [285.410309730033, 285.73171909856376, 178.07451045626493]}, "datetime": {"datetime": "2025-08-11 20:06:05", "elapsed": 13244.845510005951, "delta": 32.9324734210968}, "costs": {"total_cost": 342.7036658278118, "time_cost": 105.952, "final_distance_cost": 1.7724150714230147, "oscillation_cost": 117.89654955444867, "completition_cost": 0.0, "overshoot_cost": 63.98625011744898, "power_cost": 28.739422827148438, "noise_cost": 24.357028257342673, "n_waypoints_completed": 9, "tot_waypoints": 9}}
{"target": -381.45814724490896, "params": {"k_pid_pos": [1.3147300868184608, 0.7343184546587448, 0.8871326010774334], "k_pid_alt": [1.90164998050923, 0.038338752600226775, 0.856613150961899], "k_pid_att": [35.69431125232854, 0.8478111477851972, 0.4968321227801217], "k_pid_yaw": [0.5, 1e-06, 0.1], "k_pid_hsp": [5.787306816843667, 0.6482739233084743, 0.07581685905988302], "k_pid_vsp": [228.53347262580013, 22.928904620335036, 38.76403474759922]}, "datetime": {"datetime": "2025-08-11 20:06:27", "elapsed": 13267.341611146927, "delta": 22.496101140975952}, "costs": {"total_cost": 381.45814724490896, "time_cost": 82.57900000000001, "final_distance_cost": 1.812831020092661, "oscillation_cost": 201.07556107581513, "completition_cost": 0.0, "overshoot_cost": 51.74804340710283, "power_cost": 23.329734814453126, "noise_cost": 20.912976927445175, "n_waypoints_completed": 9, "tot_waypoints": 9}}
{"target": -637.7897474203352, "params": {"k_pid_pos": [1.8931845930272488, 0.6864435784167991, 0.667789201126504], "k_pid_alt": [0.5258796879491359, 0.45920525076828467, 0.7711199631636974], "k_pid_att": [6.029062098081905, 9.681999492450874, 0.3967412901571771], "k_pid_yaw": [0.5, 1e-06, 0.1], "k_pid_hsp": [5.457254000797437, 0.325882992962502, 0.1628259565825102], "k_pid_vsp": [308.8410089911001, 388.01269806225076, 241.14237626075436]}, "datetime": {"datetime": "2025-08-11 20:06:58", "elapsed": 13298.26667356491, "delta": 30.92506241798401}, "costs": {"total_cost": 637.7897474203352, "time_cost": 150, "final_distance_cost": 79.65838644169357, "oscillation_cost": 146.45273306102945, "completition_cost": 111.11111111111116, "overshoot_cost": 93.34346972547624, "power_cost": 27.64890212402344, "noise_cost": 29.575144957001267, "n_waypoints_completed": 8, "tot_waypoints": 9}}
{"target": -930.1076559088195, "params": {"k_pid_pos": [1.9001272209146, 0.8798580606619504, 0.875035840888662], "k_pid_alt": [0.20722852150121107, 0.9911253995149772, 0.6402393469456646], "k_pid_att": [36.819378671800486, 4.916422021443622, 0.800650060241004], "k_pid_yaw": [0.5, 1e-06, 0.1], "k_pid_hsp": [5.572657159406174, 0.5117243771807469, 0.730037324284262], "k_pid_vsp": [219.78842099224033, 11.557552824352815, 48.90208201843194]}, "datetime": {"datetime": "2025-08-11 20:07:30", "elapsed": 13330.10882616043, "delta": 31.84215259552002}, "costs": {"total_cost": 930.1076559088195, "time_cost": 150, "final_distance_cost": 68.6897577747305, "oscillation_cost": 360.5351633295446, "completition_cost": 222.2222222222222, "overshoot_cost": 63.95574721411283, "power_cost": 34.45119639892578, "noise_cost": 30.253568969283553, "n_waypoints_completed": 7, "tot_waypoints": 9}}
{"target": -1187.2115857070803, "params": {"k_pid_pos": [0.7541015750281621, 0.5819258650535035, 0.31064392743132996], "k_pid_alt": [0.3077483165396435, 0.3586580837879356, 0.8748657556485634], "k_pid_att": [25.150278945642633, 7.303418286686923, 0.09216779487799431], "k_pid_yaw": [0.5, 1e-06, 0.1], "k_pid_hsp": [1.9660379512386221, 0.5155317764616268, 0.9871489588948243], "k_pid_vsp": [182.94266884641212, 170.07550604826616, 26.07592837752248]}, "datetime": {"datetime": "2025-08-11 20:08:02", "elapsed": 13361.457992553711, "delta": 31.34916639328003}, "costs": {"total_cost": 1187.2115857070803, "time_cost": 150, "final_distance_cost": 39.14647488443837, "oscillation_cost": 318.02265008903026, "completition_cost": 555.5555555555555, "overshoot_cost": 56.733361763097, "power_cost": 35.070690258789064, "noise_cost": 32.682853156170125, "n_waypoints_completed": 4, "tot_waypoints": 9}}
{"target": -683.1096868020693, "params": {"k_pid_pos": [1.5862638674012501, 0.2894583719732612, 0.5160928532934745], "k_pid_alt": [1.9381964091076072, 0.9008244155199869, 0.0479845773967591], "k_pid_att": [95.7655709459021, 1.98879000324946, 0.3254621165649155], "k_pid_yaw": [0.5, 1e-06, 0.1], "k_pid_hsp": [2.1193574924488905, 0.8421330107415814, 0.6098257531630389], "k_pid_vsp": [229.29790922779506, 233.78841675052266, 108.87903536526757]}, "datetime": {"datetime": "2025-08-11 20:08:34", "elapsed": 13393.703006982803, "delta": 32.24501442909241}, "costs": {"total_cost": 683.1096868020693, "time_cost": 150, "final_distance_cost": 30.407925488105466, "oscillation_cost": 262.2496202049555, "completition_cost": 111.11111111111116, "overshoot_cost": 61.828419593178005, "power_cost": 35.64409561767578, "noise_cost": 31.868514787043445, "n_waypoints_completed": 8, "tot_waypoints": 9}}
{"target": -939.8034156192512, "params": {"k_pid_pos": [1.763894135206805, 0.14873894855921688, 0.3281024786105593], "k_pid_alt": [1.3809179188563578, 0.9220451189009483, 0.08163112517122395], "k_pid_att": [45.24677690763303, 1.065201313041791, 0.2065896473161729], "k_pid_yaw": [0.5, 1e-06, 0.1], "k_pid_hsp": [2.54088840882197, 0.9217336806237232, 0.998065593779056], "k_pid_vsp": [208.64839666154822, 235.35703433376008, 125.55709072798182]}, "datetime": {"datetime": "2025-08-11 20:09:05", "elapsed": 13425.26777791977, "delta": 31.564770936965942}, "costs": {"total_cost": 939.8034156192512, "time_cost": 150, "final_distance_cost": 72.12178268947659, "oscillation_cost": 248.0808088143948, "completition_cost": 333.33333333333337, "overshoot_cost": 67.63724458095896, "power_cost": 37.76401551513672, "noise_cost": 30.866230685950683, "n_waypoints_completed": 6, "tot_waypoints": 9}}
{"target": -1377.5763550236195, "params": {"k_pid_pos": [0.37719585337341316, 0.0, 0.9621169635729877], "k_pid_alt": [0.9396081581264433, 0.21566340926691915, 0.09072487481566392], "k_pid_att": [31.19692790704116, 10.0, 0.0], "k_pid_yaw": [0.5, 1e-06, 0.1], "k_pid_hsp": [7.861754916550716, 0.9967233581126931, 0.33908725720168525], "k_pid_vsp": [82.88583610298309, 217.17927862107308, 35.14863718883713]}, "datetime": {"datetime": "2025-08-11 20:09:38", "elapsed": 13457.479293346405, "delta": 32.21151542663574}, "costs": {"total_cost": 1377.5763550236195, "time_cost": 150, "final_distance_cost": 72.48201673429911, "oscillation_cost": 708.7115715263841, "completition_cost": 333.33333333333337, "overshoot_cost": 50.22907027957313, "power_cost": 34.24298812255859, "noise_cost": 28.577375027471163, "n_waypoints_completed": 6, "tot_waypoints": 9}}
{"target": -291.2747148309807, "params": {"k_pid_pos": [1.328246485561256, 0.0, 0.174676096577291], "k_pid_alt": [0.0, 0.16453272459568152, 0.6325498958981376], "k_pid_att": [3.774839747749083, 0.0001, 0.21573223862400456], "k_pid_yaw": [0.5, 1e-06, 0.1], "k_pid_hsp": [10.0, 0.34850570364163186, 0.0], "k_pid_vsp": [263.5117989220394, 270.07354519629996, 40.973901227551515]}, "datetime": {"datetime": "2025-08-11 20:10:05", "elapsed": 13484.679941892624, "delta": 27.200648546218872}, "costs": {"total_cost": 291.2747148309807, "time_cost": 105.539, "final_distance_cost": 1.7862271125159386, "oscillation_cost": 67.48589005557612, "completition_cost": 0.0, "overshoot_cost": 64.41934800998297, "power_cost": 26.90794429931641, "noise_cost": 25.136305353589265, "n_waypoints_completed": 9, "tot_waypoints": 9}}
{"target": -692.9872008901177, "params": {"k_pid_pos": [0.7031186580769502, 0.47033494915329993, 0.2841080081032044], "k_pid_alt": [1.0068195125068047, 0.602864815027746, 0.4527773788139896], "k_pid_att": [10.817343219212649, 6.003681793669922, 0.6285521207626511], "k_pid_yaw": [0.5, 1e-06, 0.1], "k_pid_hsp": [5.6714795452598, 0.427593610725569, 0.46318112776336806], "k_pid_vsp": [341.6741828152355, 347.0446640782182, 355.33682717563886]}, "datetime": {"datetime": "2025-08-11 20:10:36", "elapsed": 13515.680847883224, "delta": 31.000905990600586}, "costs": {"total_cost": 692.9872008901177, "time_cost": 150, "final_distance_cost": 23.77726398353688, "oscillation_cost": 284.4409299241049, "completition_cost": 111.11111111111116, "overshoot_cost": 64.9988584796648, "power_cost": 30.289633728027344, "noise_cost": 28.369403663672614, "n_waypoints_completed": 8, "tot_waypoints": 9}}
{"target": -368.96793307578645, "params": {"k_pid_pos": [1.3457040523452803, 0.3037084928725524, 0.7853389177425517], "k_pid_alt": [1.1680380979819307, 0.9406110483650729, 0.3408270415691431], "k_pid_att": [35.16159259681031, 5.459152605012652, 0.746462051301435], "k_pid_yaw": [0.5, 1e-06, 0.1], "k_pid_hsp": [1.1430800543211388, 0.6128342066920465, 0.05770374045402582], "k_pid_vsp": [120.38721166039035, 377.20068245526625, 113.73447084932826]}, "datetime": {"datetime": "2025-08-11 20:11:03", "elapsed": 13542.748206615448, "delta": 27.06735873222351}, "costs": {"total_cost": 368.96793307578645, "time_cost": 102.06, "final_distance_cost": 1.776889350249594, "oscillation_cost": 154.20573145131854, "completition_cost": 0.0, "overshoot_cost": 57.72501780351749, "power_cost": 27.416005151367187, "noise_cost": 25.78428931933363, "n_waypoints_completed": 9, "tot_waypoints": 9}}
{"target": -429.48021271760945, "params": {"k_pid_pos": [1.7454774232354857, 0.18627069377392724, 0.25872019886168396], "k_pid_alt": [0.9846065427562092, 0.5402790096369263, 0.09342880629033246], "k_pid_att": [40.60737690964509, 1.5594185635513975, 0.2526309204515036], "k_pid_yaw": [0.5, 1e-06, 0.1], "k_pid_hsp": [3.1041008967378, 0.9708278417327828, 0.29076692373079305], "k_pid_vsp": [60.207308966996024, 362.7639736007972, 87.69898305637885]}, "datetime": {"datetime": "2025-08-11 20:11:25", "elapsed": 13564.64264202118, "delta": 21.8944354057312}, "costs": {"total_cost": 429.48021271760945, "time_cost": 83.16, "final_distance_cost": 1.742532884937727, "oscillation_cost": 244.7872640309683, "completition_cost": 0.0, "overshoot_cost": 53.871785348256616, "power_cost": 25.05000626220703, "noise_cost": 20.86862419123983, "n_waypoints_completed": 9, "tot_waypoints": 9}}
{"target": -654.3425906071864, "params": {"k_pid_pos": [0.4320047859708386, 0.9161521329176777, 0.7337577609070086], "k_pid_alt": [0.8855888526045639, 0.5491222792096203, 0.6235789891826223], "k_pid_att": [40.99195251655864, 4.157937228788002, 0.04836377810197767], "k_pid_yaw": [0.5, 1e-06, 0.1], "k_pid_hsp": [5.63661261959673, 0.22748534129826514, 0.04443665618451409], "k_pid_vsp": [231.81818167547985, 20.873230567176595, 32.93789091911828]}, "datetime": {"datetime": "2025-08-11 20:11:54", "elapsed": 13593.64496421814, "delta": 29.00232219696045}, "costs": {"total_cost": 654.3425906071864, "time_cost": 111.384, "final_distance_cost": 1.754653259214452, "oscillation_cost": 423.8095684533343, "completition_cost": 0.0, "overshoot_cost": 58.15462581538376, "power_cost": 31.918466455078125, "noise_cost": 27.321276624175713, "n_waypoints_completed": 9, "tot_waypoints": 9}}
{"target": -1357.6788453404627, "params": {"k_pid_pos": [0.26114451514739717, 0.12992851525172033, 0.9408318134867005], "k_pid_alt": [1.8767340740472434, 0.4708499562232473, 0.5912804111278147], "k_pid_att": [31.714343506681743, 8.205899927179377, 0.7810981639311885], "k_pid_yaw": [0.5, 1e-06, 0.1], "k_pid_hsp": [5.736552909812402, 0.13436784747151387, 0.9964258369996815], "k_pid_vsp": [235.5146212495925, 26.326571768943683, 25.787431647883036]}, "datetime": {"datetime": "2025-08-11 20:12:24", "elapsed": 13624.28236079216, "delta": 30.637396574020386}, "costs": {"total_cost": 1357.6788453404627, "time_cost": 150, "final_distance_cost": 45.9907606281845, "oscillation_cost": 602.5043680099341, "completition_cost": 444.4444444444444, "overshoot_cost": 53.064206428437714, "power_cost": 33.808366833496095, "noise_cost": 27.866698995965777, "n_waypoints_completed": 5, "tot_waypoints": 9}}
