{"target": -513.5804516873654, "params": {"k_pid_pos": [0.9852194226539874, 0.9538832217761649, 0.6085594839982098], "k_pid_alt": [1.0064566539138118, 0.4099146627879603, 0.8036269507814908], "k_pid_att": [40.77919357719962, 2.0093126442860876, 0.6229092569865199], "k_pid_yaw": [0.5, 1e-06, 0.1], "k_pid_hsp": [6.389735589954996, 0.8233020579910034, 0.8816357787039726], "k_pid_vsp": [232.91185058023464, 24.555091328752376, 51.07864371940526]}, "datetime": {"datetime": "2025-08-12 02:13:53", "elapsed": 35312.433527469635, "delta": 33.08027195930481}, "costs": {"total_cost": 513.5804516873654, "time_cost": 110.922, "final_distance_cost": 1.7301705901761926, "oscillation_cost": 280.93470546317167, "completition_cost": 0.0, "overshoot_cost": 59.757139328512295, "power_cost": 32.687508544921876, "noise_cost": 27.548927760583418, "n_waypoints_completed": 9, "tot_waypoints": 9}}
{"target": -1316.7112400221408, "params": {"k_pid_pos": [0.0001, 0.0, 0.0], "k_pid_alt": [2.0, 0.0, 1.0], "k_pid_att": [83.69661406118799, 9.435395641935122, 0.0], "k_pid_yaw": [0.5, 1e-06, 0.1], "k_pid_hsp": [7.7305341639074685, 0.0, 0.0], "k_pid_vsp": [367.03600957789723, 263.95522702469117, 249.35376056978933]}, "datetime": {"datetime": "2025-08-12 02:14:29", "elapsed": 35349.30908083916, "delta": 36.875553369522095}, "costs": {"total_cost": 1316.7112400221408, "time_cost": 150, "final_distance_cost": 46.40193754734165, "oscillation_cost": 27.10275379099902, "completition_cost": 1000.0, "overshoot_cost": 36.58098338434492, "power_cost": 28.48564559326172, "noise_cost": 28.13991970619334, "n_waypoints_completed": 0, "tot_waypoints": 9}}
{"target": -949.0251827927402, "params": {"k_pid_pos": [1.1726387632504482, 0.4079672904812114, 0.37230798703613766], "k_pid_alt": [0.31995385514154595, 0.6887642631174953, 0.7202866027932491], "k_pid_att": [58.29454262660838, 9.813909589404167, 0.17222660943486268], "k_pid_yaw": [0.5, 1e-06, 0.1], "k_pid_hsp": [7.080790549595945, 0.4489737063588114, 0.5458733082456869], "k_pid_vsp": [390.8151876780687, 110.85121822687258, 91.84696400205355]}, "datetime": {"datetime": "2025-08-12 02:15:05", "elapsed": 35384.82486820221, "delta": 35.51578736305237}, "costs": {"total_cost": 949.0251827927402, "time_cost": 150, "final_distance_cost": 27.076188415710295, "oscillation_cost": 529.4750410837115, "completition_cost": 111.11111111111116, "overshoot_cost": 66.86426075054244, "power_cost": 35.92858876953125, "noise_cost": 28.56999266213333, "n_waypoints_completed": 8, "tot_waypoints": 9}}
{"target": -477.9077518697022, "params": {"k_pid_pos": [0.6838329634250322, 0.8029356530004772, 0.8117136262492823], "k_pid_alt": [1.8055407715063059, 0.9881136744388629, 0.25101814973137015], "k_pid_att": [34.847317420935596, 2.3831625876172646, 0.3122979430481395], "k_pid_yaw": [0.5, 1e-06, 0.1], "k_pid_hsp": [8.919994769750236, 0.04437419255181285, 0.01616732934095344], "k_pid_vsp": [330.49466971236535, 281.9261017529554, 232.36535482031812]}, "datetime": {"datetime": "2025-08-12 02:15:36", "elapsed": 35415.870973825455, "delta": 31.04610562324524}, "costs": {"total_cost": 477.9077518697022, "time_cost": 103.845, "final_distance_cost": 1.8081270896840973, "oscillation_cost": 261.90213475026553, "completition_cost": 0.0, "overshoot_cost": 57.73463993019842, "power_cost": 27.761714978027346, "noise_cost": 24.856135121526908, "n_waypoints_completed": 9, "tot_waypoints": 9}}
{"target": -486.3342843032433, "params": {"k_pid_pos": [1.3694051533730935, 0.7793451922749015, 0.5804344977531237], "k_pid_alt": [0.651017998094682, 0.2787827666593772, 0.4747768460848717], "k_pid_att": [23.239253332063903, 2.8148455410846536, 0.6089426878525802], "k_pid_yaw": [0.5, 1e-06, 0.1], "k_pid_hsp": [9.866260907686137, 0.7411784737909635, 0.26224031305754514], "k_pid_vsp": [74.83016112309397, 203.8052244752787, 40.58471470524435]}, "datetime": {"datetime": "2025-08-12 02:16:07", "elapsed": 35446.73772239685, "delta": 30.866748571395874}, "costs": {"total_cost": 486.3342843032433, "time_cost": 97.496, "final_distance_cost": 1.7285295579658535, "oscillation_cost": 282.0554646073247, "completition_cost": 0.0, "overshoot_cost": 53.923960923507934, "power_cost": 26.697456811523438, "noise_cost": 24.432872402921355, "n_waypoints_completed": 9, "tot_waypoints": 9}}
{"target": -383.8077768670697, "params": {"k_pid_pos": [1.173171655587993, 0.0005454340835476801, 0.06400688228939921], "k_pid_alt": [1.0390180114730496, 0.2480469063296502, 0.7653463759366695], "k_pid_att": [48.233792338837624, 9.256481915192333, 0.6067954369932927], "k_pid_yaw": [0.5, 1e-06, 0.1], "k_pid_hsp": [6.571799564000806, 0.9706259322637047, 0.25391197005095445], "k_pid_vsp": [226.04887387779672, 8.562060626326673, 35.975397778122364]}, "datetime": {"datetime": "2025-08-12 02:16:32", "elapsed": 35472.347558021545, "delta": 25.609835624694824}, "costs": {"total_cost": 383.8077768670697, "time_cost": 79.527, "final_distance_cost": 1.7913338448033433, "oscillation_cost": 207.37527623790027, "completition_cost": 0.0, "overshoot_cost": 51.85374260691482, "power_cost": 23.241943603515626, "noise_cost": 20.01848057393569, "n_waypoints_completed": 9, "tot_waypoints": 9}}
{"target": -621.437948136227, "params": {"k_pid_pos": [0.4110154518993053, 0.6621847548941545, 0.846468635865181], "k_pid_alt": [0.39262959776241635, 0.20846814957108817, 0.12239469974853956], "k_pid_att": [42.684125129590235, 4.574928697230669, 0.8359659624309165], "k_pid_yaw": [0.5, 1e-06, 0.1], "k_pid_hsp": [9.000784047070509, 0.6459714577978702, 0.15634589572946322], "k_pid_vsp": [210.53225313964865, 235.50378825501573, 134.07890197737302]}, "datetime": {"datetime": "2025-08-12 02:17:10", "elapsed": 35509.70509338379, "delta": 37.35753536224365}, "costs": {"total_cost": 621.437948136227, "time_cost": 117.558, "final_distance_cost": 1.7980881982366794, "oscillation_cost": 378.80878273074956, "completition_cost": 0.0, "overshoot_cost": 62.708205802227695, "power_cost": 31.583950537109377, "noise_cost": 28.980920867903684, "n_waypoints_completed": 9, "tot_waypoints": 9}}
{"target": -898.6559582477339, "params": {"k_pid_pos": [1.3686712058207628, 0.7682538822256242, 0.821480158939936], "k_pid_alt": [1.1726565125871111, 0.2344209110139437, 0.31877114172587306], "k_pid_att": [55.87385537765005, 3.154888796567534, 0.4153557413265886], "k_pid_yaw": [0.5, 1e-06, 0.1], "k_pid_hsp": [0.17763501106498597, 0.20012230297935096, 0.2108327659743907], "k_pid_vsp": [208.50827083747293, 228.13285194894985, 121.9502295993731]}, "datetime": {"datetime": "2025-08-12 02:17:45", "elapsed": 35544.42728424072, "delta": 34.722190856933594}, "costs": {"total_cost": 898.6559582477339, "time_cost": 150, "final_distance_cost": 83.77196119710247, "oscillation_cost": 298.84692243553246, "completition_cost": 222.2222222222222, "overshoot_cost": 76.43226782056247, "power_cost": 37.645573376464846, "noise_cost": 29.737011195849405, "n_waypoints_completed": 7, "tot_waypoints": 9}}
{"target": -296.10281370633516, "params": {"k_pid_pos": [1.2805277851100136, 0.29422036650454586, 0.44500459907277634], "k_pid_alt": [0.4137864091902188, 0.18246625787423398, 0.22100598814763994], "k_pid_att": [6.221072507996473, 6.794663301471453, 0.7927019676591376], "k_pid_yaw": [0.5, 1e-06, 0.1], "k_pid_hsp": [7.4576882554802735, 0.2826916683595887, 0.03351985253595691], "k_pid_vsp": [69.78729271685103, 348.68728132940396, 149.2579762049827]}, "datetime": {"datetime": "2025-08-12 02:18:18", "elapsed": 35577.990936756134, "delta": 33.56365251541138}, "costs": {"total_cost": 296.10281370633516, "time_cost": 99.435, "final_distance_cost": 1.75377070668176, "oscillation_cost": 87.34029810836475, "completition_cost": 0.0, "overshoot_cost": 56.792356021540854, "power_cost": 25.31214031982422, "noise_cost": 25.469248549923602, "n_waypoints_completed": 9, "tot_waypoints": 9}}
{"target": -1306.3453920507795, "params": {"k_pid_pos": [1.9057927845694738, 0.683788406530523, 0.80249738631118], "k_pid_alt": [0.02367940479127162, 0.4479011069007103, 0.13146391061877272], "k_pid_att": [48.43335167723756, 8.35845584072734, 0.28086547216534463], "k_pid_yaw": [0.5, 1e-06, 0.1], "k_pid_hsp": [5.46781137383353, 0.37230672359377925, 0.8700732171421081], "k_pid_vsp": [119.78667782231325, 97.55704155010338, 60.528234648523124]}, "datetime": {"datetime": "2025-08-12 02:18:54", "elapsed": 35613.400603055954, "delta": 35.409666299819946}, "costs": {"total_cost": 1306.3453920507795, "time_cost": 150, "final_distance_cost": 55.0986628883492, "oscillation_cost": 419.82476948316753, "completition_cost": 555.5555555555555, "overshoot_cost": 60.55961216000302, "power_cost": 36.59864091796875, "noise_cost": 28.70815104573542, "n_waypoints_completed": 4, "tot_waypoints": 9}}
{"target": -402.51692382766913, "params": {"k_pid_pos": [1.7853962359568343, 0.738955335512937, 0.49800249518441386], "k_pid_alt": [1.0118947332041668, 0.6739213255138552, 0.2477496412103679], "k_pid_att": [32.24367791554032, 0.5324036746630119, 0.6521881574823288], "k_pid_yaw": [0.5, 1e-06, 0.1], "k_pid_hsp": [3.126399300154104, 0.24980126700317629, 0.28155060006215216], "k_pid_vsp": [270.2030578762214, 304.7823165255753, 76.58496957540366]}, "datetime": {"datetime": "2025-08-12 02:19:22", "elapsed": 35641.753754615784, "delta": 28.353151559829712}, "costs": {"total_cost": 402.51692382766913, "time_cost": 96.831, "final_distance_cost": 1.725271497456712, "oscillation_cost": 196.42422272561052, "completition_cost": 0.0, "overshoot_cost": 54.964133360352875, "power_cost": 27.38673917236328, "noise_cost": 25.185557071885732, "n_waypoints_completed": 9, "tot_waypoints": 9}}
{"target": -734.6917140893812, "params": {"k_pid_pos": [0.3885092919246401, 0.16840187684685137, 0.7528161586213908], "k_pid_alt": [0.7578480332582958, 0.5827744494290784, 0.20929239590395365], "k_pid_att": [3.088658614323403, 0.8950363423788985, 0.2506993954186487], "k_pid_yaw": [0.5, 1e-06, 0.1], "k_pid_hsp": [6.979998388754964, 0.8137628967055147, 0.9276552032084269], "k_pid_vsp": [300.4376832258864, 294.90786777730966, 175.75716594520657]}, "datetime": {"datetime": "2025-08-12 02:19:56", "elapsed": 35675.88832497597, "delta": 34.134570360183716}, "costs": {"total_cost": 734.6917140893812, "time_cost": 150, "final_distance_cost": 65.19436803079971, "oscillation_cost": 176.65187439488355, "completition_cost": 222.2222222222222, "overshoot_cost": 60.78291812763153, "power_cost": 31.882287658691407, "noise_cost": 27.95804365515273, "n_waypoints_completed": 7, "tot_waypoints": 9}}
{"target": -371.11241702389407, "params": {"k_pid_pos": [1.916320469240315, 0.6002862708813355, 0.30116959579959757], "k_pid_alt": [1.8263969093821564, 0.3909370354048731, 0.8137770699474159], "k_pid_att": [15.032959772540956, 3.5735580231007398, 0.7580603490007705], "k_pid_yaw": [0.5, 1e-06, 0.1], "k_pid_hsp": [7.859062323823631, 0.6331967779943579, 0.431949249999238], "k_pid_vsp": [76.71183442438063, 193.3459639779574, 39.00054535372826]}, "datetime": {"datetime": "2025-08-12 02:20:26", "elapsed": 35705.73582625389, "delta": 29.847501277923584}, "costs": {"total_cost": 371.11241702389407, "time_cost": 98.805, "final_distance_cost": 1.7874130313156729, "oscillation_cost": 161.7596502295537, "completition_cost": 0.0, "overshoot_cost": 57.01162853211341, "power_cost": 27.417239501953127, "noise_cost": 24.331485728958132, "n_waypoints_completed": 9, "tot_waypoints": 9}}
{"target": -1092.4087450625038, "params": {"k_pid_pos": [0.2894213722231374, 1.0, 0.0], "k_pid_alt": [2.0, 0.0, 1.0], "k_pid_att": [47.25174896155871, 1.5184404719850768, 1.0], "k_pid_yaw": [0.5, 1e-06, 0.1], "k_pid_hsp": [8.214822672038165, 1.0, 0.0], "k_pid_vsp": [189.98832819923217, 303.0648925216983, 144.00975695778078]}, "datetime": {"datetime": "2025-08-12 02:21:05", "elapsed": 35745.25288629532, "delta": 39.51706004142761}, "costs": {"total_cost": 1092.4087450625038, "time_cost": 150, "final_distance_cost": 65.99338714018496, "oscillation_cost": 90.32691919155714, "completition_cost": 666.6666666666667, "overshoot_cost": 52.29333512323023, "power_cost": 37.43296206054688, "noise_cost": 29.695474880317864, "n_waypoints_completed": 3, "tot_waypoints": 9}}
{"target": -225.2377762112585, "params": {"k_pid_pos": [1.4108619813741223, 0.16285790882214907, 0.5545031088084366], "k_pid_alt": [0.728796904042217, 0.16553912696400008, 0.5219674200130557], "k_pid_att": [7.070985729430141, 6.052108037619025, 0.3867876677090087], "k_pid_yaw": [0.5, 1e-06, 0.1], "k_pid_hsp": [7.321259881308557, 0.8903802219498289, 0.0], "k_pid_vsp": [277.82505930921826, 361.8380827483897, 27.89262749313877]}, "datetime": {"datetime": "2025-08-12 02:21:30", "elapsed": 35770.116948366165, "delta": 24.864062070846558}, "costs": {"total_cost": 225.2377762112585, "time_cost": 79.275, "final_distance_cost": 1.768826150012391, "oscillation_cost": 53.60098050105562, "completition_cost": 0.0, "overshoot_cost": 50.6097077172156, "power_cost": 20.752369836425782, "noise_cost": 19.230892006549098, "n_waypoints_completed": 9, "tot_waypoints": 9}}
{"target": -762.7027663586226, "params": {"k_pid_pos": [0.559154230120341, 0.9732147715996003, 0.35912459962289023], "k_pid_alt": [1.9424598984692176, 0.7753864347183724, 0.7522747168853252], "k_pid_att": [33.72078773724254, 4.27085212114955, 0.937883151279443], "k_pid_yaw": [0.5, 1e-06, 0.1], "k_pid_hsp": [7.222226567218781, 0.44839294005603814, 0.8897986009773804], "k_pid_vsp": [227.48936683325022, 282.3070063787734, 63.10445926534593]}, "datetime": {"datetime": "2025-08-12 02:22:07", "elapsed": 35807.101650476456, "delta": 36.98470211029053}, "costs": {"total_cost": 762.7027663586226, "time_cost": 150, "final_distance_cost": 60.71538110545497, "oscillation_cost": 200.38105508810327, "completition_cost": 222.2222222222222, "overshoot_cost": 64.03674531670488, "power_cost": 35.81032360839844, "noise_cost": 29.537039017738817, "n_waypoints_completed": 7, "tot_waypoints": 9}}
{"target": -584.7318496133423, "params": {"k_pid_pos": [0.721976464877751, 0.9425194318355097, 0.5985343119529923], "k_pid_alt": [1.6736997582645878, 0.9631863311391421, 0.3439076991279305], "k_pid_att": [52.45641324508249, 2.5705245509789187, 0.7356439828084876], "k_pid_yaw": [0.5, 1e-06, 0.1], "k_pid_hsp": [6.700224167969597, 0.049374090407850124, 0.6401486495906102], "k_pid_vsp": [216.8880263719401, 113.87905978889887, 39.87551573705873]}, "datetime": {"datetime": "2025-08-12 02:22:42", "elapsed": 35842.33482813835, "delta": 35.23317766189575}, "costs": {"total_cost": 584.7318496133423, "time_cost": 118.888, "final_distance_cost": 1.7593822093218763, "oscillation_cost": 334.48336016429545, "completition_cost": 0.0, "overshoot_cost": 63.70040697065944, "power_cost": 35.56298106689453, "noise_cost": 30.337719202171076, "n_waypoints_completed": 9, "tot_waypoints": 9}}
{"target": -1999.6196642781406, "params": {"k_pid_pos": [1.0346790482594412, 0.5065343106274607, 0.7381116812065907], "k_pid_alt": [1.804809216898153, 0.024400196092503323, 0.28725432293343467], "k_pid_att": [0.2782787169110845, 1.1517221046164072, 0.16203060004095382], "k_pid_yaw": [0.5, 1e-06, 0.1], "k_pid_hsp": [2.636445699673965, 0.6730560452905134, 0.715051946655989], "k_pid_vsp": [290.97598919761504, 347.8658493424824, 135.89671258387193]}, "datetime": {"datetime": "2025-08-12 02:23:19", "elapsed": 35878.755725860596, "delta": 36.42089772224426}, "costs": {"total_cost": 1999.6196642781406, "time_cost": 150, "final_distance_cost": 33.69108813808362, "oscillation_cost": 456.48216507295507, "completition_cost": 1000.0, "overshoot_cost": 166.77267355569296, "power_cost": 58.11563200683594, "noise_cost": 134.55810550457292, "n_waypoints_completed": 0, "tot_waypoints": 9}}
{"target": -783.4359029739658, "params": {"k_pid_pos": [0.5952771470917901, 0.9403476418498984, 0.06838259746907116], "k_pid_alt": [1.9793538332934273, 0.7308989916425261, 0.1247244692794397], "k_pid_att": [21.983447936346877, 3.0903610890028435, 0.11488387821356727], "k_pid_yaw": [0.5, 1e-06, 0.1], "k_pid_hsp": [7.760375920615022, 0.6105210823634319, 0.19162534803015085], "k_pid_vsp": [69.99219216177805, 203.6288290059741, 34.00352478232209]}, "datetime": {"datetime": "2025-08-12 02:23:54", "elapsed": 35914.103307724, "delta": 35.34758186340332}, "costs": {"total_cost": 783.4359029739658, "time_cost": 150, "final_distance_cost": 65.08756830097444, "oscillation_cost": 209.39254749177013, "completition_cost": 222.2222222222222, "overshoot_cost": 68.95367514775813, "power_cost": 35.750214868164065, "noise_cost": 32.02967494307664, "n_waypoints_completed": 7, "tot_waypoints": 9}}
{"target": -596.0973831058654, "params": {"k_pid_pos": [2.0, 0.0, 0.18625530563682155], "k_pid_alt": [2.0, 0.11664914421746397, 1.0], "k_pid_att": [51.4560433489796, 6.280976001208806, 0.1386313502361583], "k_pid_yaw": [0.5, 1e-06, 0.1], "k_pid_hsp": [5.370932768010091, 0.654448578763989, 0.7271240550538401], "k_pid_vsp": [208.16894871164234, 224.32620197390335, 120.9758988285017]}, "datetime": {"datetime": "2025-08-12 02:24:28", "elapsed": 35947.481043577194, "delta": 33.37773585319519}, "costs": {"total_cost": 596.0973831058654, "time_cost": 104.97200000000001, "final_distance_cost": 1.768947383568205, "oscillation_cost": 377.9097308043509, "completition_cost": 0.0, "overshoot_cost": 54.25125392593454, "power_cost": 31.503026757812503, "noise_cost": 25.6924242341994, "n_waypoints_completed": 9, "tot_waypoints": 9}}
{"target": -868.8446580928558, "params": {"k_pid_pos": [0.34125696714834536, 0.006251280383756774, 0.3330565978239981], "k_pid_alt": [0.95896874548867, 0.8348985505718922, 0.610702837927992], "k_pid_att": [91.92203753106814, 8.262755860405814, 0.12692543179046656], "k_pid_yaw": [0.5, 1e-06, 0.1], "k_pid_hsp": [9.591174361747115, 0.5436316600739949, 0.795734276440059], "k_pid_vsp": [170.28899694294077, 123.02410480856642, 11.306374255433166]}, "datetime": {"datetime": "2025-08-12 02:25:01", "elapsed": 35981.06059527397, "delta": 33.579551696777344}, "costs": {"total_cost": 868.8446580928558, "time_cost": 113.89, "final_distance_cost": 1.8419250546950503, "oscillation_cost": 630.5856447429338, "completition_cost": 0.0, "overshoot_cost": 61.1596123666681, "power_cost": 30.847438696289064, "noise_cost": 30.52003723226978, "n_waypoints_completed": 9, "tot_waypoints": 9}}
{"target": -352.69224250289903, "params": {"k_pid_pos": [1.8244882275926633, 0.10050096567910649, 0.133500686829641], "k_pid_alt": [1.088213721620231, 0.963834145028959, 0.6343786781373666], "k_pid_att": [8.74484485159045, 1.5571131277581305, 0.7453706841740018], "k_pid_yaw": [0.5, 1e-06, 0.1], "k_pid_hsp": [2.258121737994357, 0.40243858811825983, 0.38892831983400167], "k_pid_vsp": [249.19563469757455, 272.32045356005966, 16.546013998688355]}, "datetime": {"datetime": "2025-08-12 02:25:38", "elapsed": 36018.26360797882, "delta": 37.20301270484924}, "costs": {"total_cost": 352.69224250289903, "time_cost": 97.09, "final_distance_cost": 1.7531284742873, "oscillation_cost": 143.8522338206703, "completition_cost": 0.0, "overshoot_cost": 57.856686083289034, "power_cost": 26.364595532226563, "noise_cost": 25.775598592425805, "n_waypoints_completed": 9, "tot_waypoints": 9}}
{"target": -1060.3503824211514, "params": {"k_pid_pos": [0.21558883201904577, 0.07680482822030543, 0.7875459441494683], "k_pid_alt": [0.31899144144877734, 0.9470660766927186, 0.5199570163974551], "k_pid_att": [15.430543509425176, 2.5193684765280326, 0.9443666903294377], "k_pid_yaw": [0.5, 1e-06, 0.1], "k_pid_hsp": [8.635373730398676, 0.20596075072573194, 0.29519753832146145], "k_pid_vsp": [241.96089552235804, 266.36303273114686, 36.84872447975899]}, "datetime": {"datetime": "2025-08-12 02:26:16", "elapsed": 36055.835798978806, "delta": 37.57219099998474}, "costs": {"total_cost": 1060.3503824211514, "time_cost": 150, "final_distance_cost": 48.60165853759094, "oscillation_cost": 292.46431728993264, "completition_cost": 444.4444444444444, "overshoot_cost": 66.33036401735598, "power_cost": 30.27781923828125, "noise_cost": 28.231778893546306, "n_waypoints_completed": 5, "tot_waypoints": 9}}
{"target": -367.3818963149664, "params": {"k_pid_pos": [1.9549769979159524, 0.5087467558870137, 0.45984432518587437], "k_pid_alt": [1.618282436991023, 0.5447942310279617, 0.7841459065341616], "k_pid_att": [1.5546730555291988, 0.6885620841136572, 0.3796069525470114], "k_pid_yaw": [0.5, 1e-06, 0.1], "k_pid_hsp": [5.983869207605156, 0.49936090533748045, 0.13835238236485525], "k_pid_vsp": [196.15116991583528, 324.5423336023543, 12.572127977531768]}, "datetime": {"datetime": "2025-08-12 02:26:49", "elapsed": 36088.80816245079, "delta": 32.97236347198486}, "costs": {"total_cost": 367.3818963149664, "time_cost": 111.678, "final_distance_cost": 1.7575833905008613, "oscillation_cost": 133.51316334692098, "completition_cost": 0.0, "overshoot_cost": 60.290791046680006, "power_cost": 30.756428747558594, "noise_cost": 29.385929783305965, "n_waypoints_completed": 9, "tot_waypoints": 9}}
{"target": -656.8599847721999, "params": {"k_pid_pos": [0.7100793994510414, 0.49477084303515084, 0.7197526442986083], "k_pid_alt": [0.2693809921379795, 0.24347603839010612, 0.02974099309600886], "k_pid_att": [24.752220055762375, 2.137558420549844, 0.19870995776753786], "k_pid_yaw": [0.5, 1e-06, 0.1], "k_pid_hsp": [2.018494899706294, 0.7920804565767049, 0.11472290001288399], "k_pid_vsp": [76.73341158150518, 210.41393433305177, 43.6564397244569]}, "datetime": {"datetime": "2025-08-12 02:27:22", "elapsed": 36122.35488343239, "delta": 33.5467209815979}, "costs": {"total_cost": 656.8599847721999, "time_cost": 107.709, "final_distance_cost": 1.819385948339195, "oscillation_cost": 433.21079497245665, "completition_cost": 0.0, "overshoot_cost": 56.30220588141989, "power_cost": 29.339623400878907, "noise_cost": 28.478974569105187, "n_waypoints_completed": 9, "tot_waypoints": 9}}
