{"target": -1361.2411045214044, "params": {"k_pid_pos": [0.06480479917750828, 0.16580538679540402, 0.5410396625846695], "k_pid_alt": [1.1193040391358446, 0.9803059596323023, 0.5137556183765264], "k_pid_att": [11.47893137973921, 5.712850186565326, 0.6200507568206653], "k_pid_yaw": [0.5, 1e-06, 0.1], "k_pid_hsp": [0.41200756039131725, 0.796647499251669, 0.8394640624699837], "k_pid_vsp": [315.03958033166487, 397.022194335773, 253.128909050914]}, "datetime": {"datetime": "2025-08-11 19:49:43", "elapsed": 12262.621159553528, "delta": 30.895668745040894}, "costs": {"total_cost": 1361.2411045214044, "time_cost": 150, "final_distance_cost": 60.75465738009078, "oscillation_cost": 348.8019142882413, "completition_cost": 666.6666666666667, "overshoot_cost": 77.26293091246801, "power_cost": 30.346574328613283, "noise_cost": 27.408360945324482, "n_waypoints_completed": 3, "tot_waypoints": 9}}
{"target": -537.5868686546029, "params": {"k_pid_pos": [2.0, 0.12130415119824034, 0.9678420537429895], "k_pid_alt": [0.4044862546286294, 0.1677150057674375, 0.5041260310093788], "k_pid_att": [30.42879625798892, 4.090172603470712, 0.022032818422587346], "k_pid_yaw": [0.5, 1e-06, 0.1], "k_pid_hsp": [9.061840886679622, 1.0, 0.5261552391974282], "k_pid_vsp": [225.85553599343174, 279.41965437711, 61.104541496818534]}, "datetime": {"datetime": "2025-08-11 19:50:07", "elapsed": 12286.757148742676, "delta": 24.13598918914795}, "costs": {"total_cost": 537.5868686546029, "time_cost": 86.247, "final_distance_cost": 1.759657594684858, "oscillation_cost": 351.4040929397945, "completition_cost": 0.0, "overshoot_cost": 51.546939897604545, "power_cost": 24.878762731933595, "noise_cost": 21.75041549058537, "n_waypoints_completed": 9, "tot_waypoints": 9}}
{"target": -618.2213048530016, "params": {"k_pid_pos": [0.9099961666099416, 0.33686786251666967, 0.5313464664982668], "k_pid_alt": [0.7544758535450632, 0.4084245141014491, 0.7020642258650237], "k_pid_att": [66.19134645434534, 4.1583554646026535, 0.46696670174064686], "k_pid_yaw": [0.5, 1e-06, 0.1], "k_pid_hsp": [7.008884675040501, 0.2794977552841583, 0.2760582013873355], "k_pid_vsp": [261.77208410771584, 141.92956849701858, 21.850563607135268]}, "datetime": {"datetime": "2025-08-11 19:50:32", "elapsed": 12311.98497414589, "delta": 25.2278254032135}, "costs": {"total_cost": 618.2213048530016, "time_cost": 96.383, "final_distance_cost": 1.7795391543652923, "oscillation_cost": 412.6110748208178, "completition_cost": 0.0, "overshoot_cost": 56.3620116605281, "power_cost": 27.28961999511719, "noise_cost": 23.796059222173145, "n_waypoints_completed": 9, "tot_waypoints": 9}}
{"target": -475.8782654944314, "params": {"k_pid_pos": [1.4501732759466177, 0.8083299145749464, 0.7382917176068298], "k_pid_alt": [1.440224223668243, 0.9442980366681305, 0.6741451860059161], "k_pid_att": [39.01845811499361, 7.1024242250296075, 0.8822892699108698], "k_pid_yaw": [0.5, 1e-06, 0.1], "k_pid_hsp": [9.324324288859488, 0.40684760381644536, 0.842368490340102], "k_pid_vsp": [26.037830189633304, 396.38857814551426, 60.80164065176006]}, "datetime": {"datetime": "2025-08-11 19:50:56", "elapsed": 12336.208540201187, "delta": 24.22356605529785}, "costs": {"total_cost": 475.8782654944314, "time_cost": 94.45100000000001, "final_distance_cost": 1.7435234746061044, "oscillation_cost": 272.69187727664513, "completition_cost": 0.0, "overshoot_cost": 54.4711040407904, "power_cost": 27.659044287109378, "noise_cost": 24.861716415280323, "n_waypoints_completed": 9, "tot_waypoints": 9}}
{"target": -562.7302664055966, "params": {"k_pid_pos": [1.805888224517744, 0.03512534626362995, 0.8239443512422124], "k_pid_alt": [0.5079800040508249, 0.5977712138063055, 0.6348124295253283], "k_pid_att": [40.120558296089314, 6.483524706892339, 0.2773337771138985], "k_pid_yaw": [0.5, 1e-06, 0.1], "k_pid_hsp": [9.224643034669228, 0.521317666479766, 0.7932779799287718], "k_pid_vsp": [231.32429123167938, 17.094364095110272, 41.06093160269127]}, "datetime": {"datetime": "2025-08-11 19:51:22", "elapsed": 12362.171371221542, "delta": 25.962831020355225}, "costs": {"total_cost": 562.7302664055966, "time_cost": 92.799, "final_distance_cost": 1.73830645115997, "oscillation_cost": 359.0182030966228, "completition_cost": 0.0, "overshoot_cost": 59.09842814026186, "power_cost": 26.931133911132815, "noise_cost": 23.145194806419155, "n_waypoints_completed": 9, "tot_waypoints": 9}}
{"target": -1157.2303895292355, "params": {"k_pid_pos": [0.41730945630671396, 0.9852525012721817, 0.41933564250336486], "k_pid_alt": [1.3281077101319132, 0.9835832767348616, 0.6252217578924045], "k_pid_att": [14.680263939591299, 2.49772368391576, 0.31035378945602177], "k_pid_yaw": [0.5, 1e-06, 0.1], "k_pid_hsp": [7.928705630699681, 0.23424516647781413, 0.4397035615808077], "k_pid_vsp": [52.42937028503811, 343.393642333135, 135.07860553570762]}, "datetime": {"datetime": "2025-08-11 19:51:53", "elapsed": 12393.143539190292, "delta": 30.97216796875}, "costs": {"total_cost": 1157.2303895292355, "time_cost": 150, "final_distance_cost": 42.14708935535143, "oscillation_cost": 291.669844312814, "completition_cost": 555.5555555555555, "overshoot_cost": 53.41344294415359, "power_cost": 34.027475427246095, "noise_cost": 30.416981934114734, "n_waypoints_completed": 4, "tot_waypoints": 9}}
{"target": -496.08285239716605, "params": {"k_pid_pos": [2.0, 0.8413482522416407, 0.44252657179780736], "k_pid_alt": [0.6929845670605161, 0.2491732120338539, 0.0], "k_pid_att": [33.35652889034021, 0.0001414248131425622, 0.00015090614437589326], "k_pid_yaw": [0.5, 1e-06, 0.1], "k_pid_hsp": [4.183064073826393, 0.00018324305532081963, 0.2535854133849466], "k_pid_vsp": [340.22904781352656, 286.70229049845267, 244.7056342250007]}, "datetime": {"datetime": "2025-08-11 19:52:20", "elapsed": 12419.884072303772, "delta": 26.740533113479614}, "costs": {"total_cost": 496.08285239716605, "time_cost": 101.416, "final_distance_cost": 1.703032471648982, "oscillation_cost": 275.1740534764823, "completition_cost": 0.0, "overshoot_cost": 61.07552745367459, "power_cost": 31.0709685546875, "noise_cost": 25.643270440672666, "n_waypoints_completed": 9, "tot_waypoints": 9}}
{"target": -1014.543148158517, "params": {"k_pid_pos": [0.5164162522621886, 0.5268443401724241, 0.9439022648981589], "k_pid_alt": [1.9168012550000852, 0.28455544902291585, 0.12288643289092471], "k_pid_att": [36.393749573112025, 7.706682816047197, 0.43026304661616155], "k_pid_yaw": [0.5, 1e-06, 0.1], "k_pid_hsp": [5.08388131171773, 0.7317507256665767, 0.8293115638226529], "k_pid_vsp": [276.8537290084916, 348.15672377548054, 32.37047125070099]}, "datetime": {"datetime": "2025-08-11 19:52:51", "elapsed": 12450.450881958008, "delta": 30.56680965423584}, "costs": {"total_cost": 1014.543148158517, "time_cost": 150, "final_distance_cost": 64.2259944516075, "oscillation_cost": 469.86192665846943, "completition_cost": 222.2222222222222, "overshoot_cost": 46.45592762789387, "power_cost": 33.39885098876953, "noise_cost": 28.378226209554683, "n_waypoints_completed": 7, "tot_waypoints": 9}}
{"target": -1122.5173516996067, "params": {"k_pid_pos": [1.4524472447863503, 0.8451368614039738, 0.024122654943804167], "k_pid_alt": [0.2918698005791951, 0.24632858052832518, 0.9894519607662331], "k_pid_att": [28.05976184766905, 2.2356308475891913, 0.022020282078849873], "k_pid_yaw": [0.5, 1e-06, 0.1], "k_pid_hsp": [3.62700947003301, 0.48230318461366195, 0.9902963172130363], "k_pid_vsp": [213.4996075859386, 71.4515984893797, 105.15602898736978]}, "datetime": {"datetime": "2025-08-11 19:53:22", "elapsed": 12481.870514392853, "delta": 31.41963243484497}, "costs": {"total_cost": 1122.5173516996067, "time_cost": 150, "final_distance_cost": 41.96320325260037, "oscillation_cost": 231.34711333066227, "completition_cost": 555.5555555555555, "overshoot_cost": 76.2614327122976, "power_cost": 37.1958603515625, "noise_cost": 30.194186496928566, "n_waypoints_completed": 4, "tot_waypoints": 9}}
{"target": -504.30888396271155, "params": {"k_pid_pos": [1.1117009504053628, 0.0, 0.27905704766767825], "k_pid_alt": [1.4428805369479043, 0.8935157759943422, 0.2178272468341581], "k_pid_att": [28.8686371087911, 10.0, 0.0], "k_pid_yaw": [0.5, 1e-06, 0.1], "k_pid_hsp": [5.962317094748836, 0.376090903193609, 0.08917284764432869], "k_pid_vsp": [81.35264684820909, 214.74733687499264, 37.67169088552916]}, "datetime": {"datetime": "2025-08-11 19:53:44", "elapsed": 12503.451813459396, "delta": 21.58129906654358}, "costs": {"total_cost": 504.30888396271155, "time_cost": 81.851, "final_distance_cost": 1.7952083352331796, "oscillation_cost": 322.67409304399024, "completition_cost": 0.0, "overshoot_cost": 54.35149911969369, "power_cost": 23.319363330078126, "noise_cost": 20.317720133716243, "n_waypoints_completed": 9, "tot_waypoints": 9}}
{"target": -645.477314688215, "params": {"k_pid_pos": [1.5298743690765544, 0.3964097488630356, 0.8413117448876736], "k_pid_alt": [1.1970195314280692, 0.7468057585639497, 0.5178971740959859], "k_pid_att": [74.2293071732464, 6.4025996676049255, 0.6385955000342577], "k_pid_yaw": [0.5, 1e-06, 0.1], "k_pid_hsp": [9.155275351959844, 0.727880989363525, 0.6397444173750726], "k_pid_vsp": [230.48829660375395, 329.0163803209506, 262.17935785096506]}, "datetime": {"datetime": "2025-08-11 19:54:10", "elapsed": 12529.985529184341, "delta": 26.53371572494507}, "costs": {"total_cost": 645.477314688215, "time_cost": 101.577, "final_distance_cost": 1.743164709128071, "oscillation_cost": 425.6397713101901, "completition_cost": 0.0, "overshoot_cost": 61.382228554001195, "power_cost": 30.37980076904297, "noise_cost": 24.755349345852515, "n_waypoints_completed": 9, "tot_waypoints": 9}}
{"target": -652.4826501672502, "params": {"k_pid_pos": [1.9148852295598071, 0.6000073968007885, 0.6565951989157239], "k_pid_alt": [0.28218804713929035, 0.5225688238531752, 0.40078796229062763], "k_pid_att": [36.80251223299009, 9.401317350794296, 0.14813765051342231], "k_pid_yaw": [0.5, 1e-06, 0.1], "k_pid_hsp": [7.134928221162369, 0.10848232790270762, 0.1848105477144959], "k_pid_vsp": [219.94722967885104, 277.36591678390477, 66.33173570165935]}, "datetime": {"datetime": "2025-08-11 19:54:39", "elapsed": 12558.570687532425, "delta": 28.585158348083496}, "costs": {"total_cost": 652.4826501672502, "time_cost": 112.168, "final_distance_cost": 1.7367805019782598, "oscillation_cost": 413.6565464260821, "completition_cost": 0.0, "overshoot_cost": 63.908247853183894, "power_cost": 32.07183447265625, "noise_cost": 28.941240913349755, "n_waypoints_completed": 9, "tot_waypoints": 9}}
{"target": -861.2189908367686, "params": {"k_pid_pos": [0.15612979668665816, 0.9385571014742081, 0.494300464267205], "k_pid_alt": [1.7795009986499577, 0.05941717935624935, 0.5990589904007143], "k_pid_att": [2.605879135461009, 0.11864526387652592, 0.7022962863282616], "k_pid_yaw": [0.5, 1e-06, 0.1], "k_pid_hsp": [2.923656467220056, 0.7677138369559796, 0.13423455267497852], "k_pid_vsp": [253.9382807385194, 269.144619004379, 31.922934051949248]}, "datetime": {"datetime": "2025-08-11 19:55:10", "elapsed": 12590.004056453705, "delta": 31.433368921279907}, "costs": {"total_cost": 861.2189908367686, "time_cost": 150, "final_distance_cost": 50.349212810548515, "oscillation_cost": 106.69629290305424, "completition_cost": 444.4444444444444, "overshoot_cost": 48.96609177048032, "power_cost": 32.305688085937504, "noise_cost": 28.457260822303695, "n_waypoints_completed": 5, "tot_waypoints": 9}}
{"target": -876.4932259813307, "params": {"k_pid_pos": [1.1414795896145942, 0.4066961787306421, 0.8323465058199886], "k_pid_alt": [1.7898044928046972, 0.3226910046444017, 0.05361530681862969], "k_pid_att": [38.88335437228019, 6.916941491804822, 0.6719580663178839], "k_pid_yaw": [0.5, 1e-06, 0.1], "k_pid_hsp": [5.785788098474129, 0.46647655147546174, 0.9457403844175255], "k_pid_vsp": [216.37542107898358, 230.62092403478243, 133.89078162830953]}, "datetime": {"datetime": "2025-08-11 19:55:41", "elapsed": 12620.485100030899, "delta": 30.481043577194214}, "costs": {"total_cost": 876.4932259813307, "time_cost": 150, "final_distance_cost": 66.09992821954563, "oscillation_cost": 440.51778156636396, "completition_cost": 111.11111111111116, "overshoot_cost": 47.15427702909806, "power_cost": 33.656429003906254, "noise_cost": 27.953699051305627, "n_waypoints_completed": 8, "tot_waypoints": 9}}
{"target": -507.457574925547, "params": {"k_pid_pos": [1.7152906322438215, 0.6189342129116331, 0.5375187022080081], "k_pid_alt": [1.2771905806999988, 0.7169700867614006, 0.8409135642831316], "k_pid_att": [40.41927440504679, 7.4328299049785835, 0.6201284658359], "k_pid_yaw": [0.5, 1e-06, 0.1], "k_pid_hsp": [7.046477768194292, 0.46740091594847055, 0.5761251840004489], "k_pid_vsp": [27.396413278504255, 394.6165952986158, 57.582995754924085]}, "datetime": {"datetime": "2025-08-11 19:56:05", "elapsed": 12645.136261224747, "delta": 24.651161193847656}, "costs": {"total_cost": 507.457574925547, "time_cost": 92.197, "final_distance_cost": 1.7483510276117946, "oscillation_cost": 308.0826169883873, "completition_cost": 0.0, "overshoot_cost": 55.12127316992749, "power_cost": 27.458678051757815, "noise_cost": 22.84965568786259, "n_waypoints_completed": 9, "tot_waypoints": 9}}
{"target": -2350.9745979587824, "params": {"k_pid_pos": [0.671077927743427, 0.95203536655261, 0.043055985204352165], "k_pid_alt": [1.120826550466009, 0.014500328277055718, 0.40691067175218276], "k_pid_att": [0.5445976328608437, 5.391602466682442, 0.7574882395043187], "k_pid_yaw": [0.5, 1e-06, 0.1], "k_pid_hsp": [5.883568785264151, 0.3168086497683802, 0.530055470849535], "k_pid_vsp": [260.4170821809052, 277.6648709876062, 36.46681530306237]}, "datetime": {"datetime": "2025-08-11 19:56:41", "elapsed": 12681.29862856865, "delta": 36.16236734390259}, "costs": {"total_cost": 2350.9745979587824, "time_cost": 150, "final_distance_cost": 53.31261681335099, "oscillation_cost": 639.5993744776908, "completition_cost": 1000.0, "overshoot_cost": 303.49705073551394, "power_cost": 58.50865710449219, "noise_cost": 146.0568988277345, "n_waypoints_completed": 0, "tot_waypoints": 9}}
{"target": -1916.8212929009014, "params": {"k_pid_pos": [0.06260257054157924, 0.1673831141087485, 0.8507074541955119], "k_pid_alt": [1.761472952475703, 0.12134417000886988, 0.5003543481655838], "k_pid_att": [62.79046451544878, 5.508504920936088, 0.12055283626834146], "k_pid_yaw": [0.5, 1e-06, 0.1], "k_pid_hsp": [7.655216812317756, 0.596049723917412, 0.8694497355279266], "k_pid_vsp": [45.01334471227945, 349.8284318884657, 135.53698683909926]}, "datetime": {"datetime": "2025-08-11 19:57:14", "elapsed": 12714.122603654861, "delta": 32.82397508621216}, "costs": {"total_cost": 1916.8212929009014, "time_cost": 150, "final_distance_cost": 84.76323077212409, "oscillation_cost": 783.3081658140078, "completition_cost": 777.7777777777778, "overshoot_cost": 56.5817355965971, "power_cost": 36.04612664794922, "noise_cost": 28.34425629244534, "n_waypoints_completed": 2, "tot_waypoints": 9}}
{"target": -1076.9340183802738, "params": {"k_pid_pos": [1.5480969199071204, 0.27091431953313694, 0.6518019408480613], "k_pid_alt": [0.20886077822442606, 0.020359712344444558, 0.5106925013377241], "k_pid_att": [35.341426431758535, 4.216693991771749, 0.3137784217048294], "k_pid_yaw": [0.5, 1e-06, 0.1], "k_pid_hsp": [6.1282564246522195, 0.33154014069527604, 0.16577610496697348], "k_pid_vsp": [212.52838440368254, 225.61579141498612, 129.75687501085173]}, "datetime": {"datetime": "2025-08-11 19:57:45", "elapsed": 12745.22620010376, "delta": 31.103596448898315}, "costs": {"total_cost": 1076.9340183802738, "time_cost": 150, "final_distance_cost": 72.26414727239778, "oscillation_cost": 524.6649355383979, "completition_cost": 222.2222222222222, "overshoot_cost": 46.186120671073134, "power_cost": 33.31986854248047, "noise_cost": 28.27672413370222, "n_waypoints_completed": 7, "tot_waypoints": 9}}
{"target": -593.2241185025267, "params": {"k_pid_pos": [1.6650173028290343, 0.2209312677412612, 0.6439050191732365], "k_pid_alt": [0.7608805319612892, 0.5087797210685915, 0.7751538872469902], "k_pid_att": [85.11090820850808, 7.895919731385507, 0.7505905746406153], "k_pid_yaw": [0.5, 1e-06, 0.1], "k_pid_hsp": [9.088663483825147, 0.35617408852384785, 0.09540070250788373], "k_pid_vsp": [369.27757262811843, 265.67080901216707, 256.82572776072885]}, "datetime": {"datetime": "2025-08-11 19:58:10", "elapsed": 12769.936226129532, "delta": 24.710026025772095}, "costs": {"total_cost": 593.2241185025267, "time_cost": 96.663, "final_distance_cost": 1.7573796963405492, "oscillation_cost": 382.75611222124996, "completition_cost": 0.0, "overshoot_cost": 58.90797926740886, "power_cost": 29.553409216308594, "noise_cost": 23.586238101218616, "n_waypoints_completed": 9, "tot_waypoints": 9}}
{"target": -1408.2681172239566, "params": {"k_pid_pos": [1.852886498120559, 0.5304286766947836, 0.31889477803026456], "k_pid_alt": [0.5476835872134469, 0.6014492408493661, 0.5014686055521287], "k_pid_att": [58.55092307630307, 5.866152563058327, 0.6129817238936845], "k_pid_yaw": [0.5, 1e-06, 0.1], "k_pid_hsp": [3.899147466187834, 0.48073781880914157, 0.7636641102877925], "k_pid_vsp": [268.68854857858315, 60.58942784284398, 384.0759832701437]}, "datetime": {"datetime": "2025-08-11 19:58:42", "elapsed": 12801.488429307938, "delta": 31.55220317840576}, "costs": {"total_cost": 1408.2681172239566, "time_cost": 150, "final_distance_cost": 52.19024948130823, "oscillation_cost": 400.3515061493893, "completition_cost": 666.6666666666667, "overshoot_cost": 71.39430442899257, "power_cost": 35.64324176025391, "noise_cost": 32.02214873734586, "n_waypoints_completed": 3, "tot_waypoints": 9}}
{"target": -797.5187847500748, "params": {"k_pid_pos": [1.292837269282155, 0.847330626570658, 0.5512758743946929], "k_pid_alt": [1.3550898826762263, 0.47380120672229287, 0.3864365251903481], "k_pid_att": [33.02955478367302, 1.2959076850762952, 0.6176583745912355], "k_pid_yaw": [0.5, 1e-06, 0.1], "k_pid_hsp": [1.415348996861694, 0.9262139092613455, 0.8484015570688413], "k_pid_vsp": [279.73674525549876, 352.9159162724765, 27.760803027120847]}, "datetime": {"datetime": "2025-08-11 19:59:13", "elapsed": 12832.472078800201, "delta": 30.983649492263794}, "costs": {"total_cost": 797.5187847500748, "time_cost": 150, "final_distance_cost": 75.54910419155871, "oscillation_cost": 211.46570915593327, "completition_cost": 222.2222222222222, "overshoot_cost": 71.09757018071751, "power_cost": 36.29975164794922, "noise_cost": 30.884427351693905, "n_waypoints_completed": 7, "tot_waypoints": 9}}
{"target": -1099.1138497709574, "params": {"k_pid_pos": [1.992799499748996, 0.13804417819655557, 0.07036696537026188], "k_pid_alt": [0.37203976951232565, 0.44057689706954095, 0.3165291024825906], "k_pid_att": [36.34350129706158, 2.671075903773657, 0.6098855053737742], "k_pid_yaw": [0.5, 1e-06, 0.1], "k_pid_hsp": [0.5354704908157728, 0.7349858657501297, 0.5889413880153305], "k_pid_vsp": [234.76128424225865, 21.731867205345385, 52.55985819046121]}, "datetime": {"datetime": "2025-08-11 19:59:43", "elapsed": 12863.02207493782, "delta": 30.54999613761902}, "costs": {"total_cost": 1099.1138497709574, "time_cost": 150, "final_distance_cost": 55.0662678074915, "oscillation_cost": 205.95466085459756, "completition_cost": 555.5555555555555, "overshoot_cost": 62.20531270193876, "power_cost": 37.96409791259766, "noise_cost": 32.367954938776236, "n_waypoints_completed": 4, "tot_waypoints": 9}}
{"target": -417.04518615201613, "params": {"k_pid_pos": [1.9191138411827091, 0.8874509895190825, 0.9761172995574999], "k_pid_alt": [1.8191714307819038, 0.06974161410162642, 0.7237672140249799], "k_pid_att": [40.5533866701596, 2.9865565386491233, 0.6581901483499342], "k_pid_yaw": [0.5, 1e-06, 0.1], "k_pid_hsp": [9.63935690177955, 0.8206656871487915, 0.09741579737196357], "k_pid_vsp": [231.88291725780866, 19.284801916842422, 37.26909378750959]}, "datetime": {"datetime": "2025-08-11 20:00:07", "elapsed": 12886.692372560501, "delta": 23.670297622680664}, "costs": {"total_cost": 417.04518615201613, "time_cost": 90.31400000000001, "final_distance_cost": 1.7837723952374482, "oscillation_cost": 221.85969281093963, "completition_cost": 0.0, "overshoot_cost": 54.544700984721885, "power_cost": 25.841768029785158, "noise_cost": 22.70125193133202, "n_waypoints_completed": 9, "tot_waypoints": 9}}
{"target": -1161.5109828167874, "params": {"k_pid_pos": [0.25953946920624626, 0.7401532485843775, 0.11639220865398381], "k_pid_alt": [0.7091581144568952, 0.05689545962413345, 0.8149049957707406], "k_pid_att": [30.12473658846678, 4.515117349248576, 0.16052965612281955], "k_pid_yaw": [0.5, 1e-06, 0.1], "k_pid_hsp": [4.5933020774685565, 0.7792770794893944, 0.2644919224455333], "k_pid_vsp": [191.96810270479702, 309.64463295795605, 232.28554582139537]}, "datetime": {"datetime": "2025-08-11 20:00:37", "elapsed": 12916.911404848099, "delta": 30.219032287597656}, "costs": {"total_cost": 1161.5109828167874, "time_cost": 150, "final_distance_cost": 47.03419517303893, "oscillation_cost": 291.78234415382656, "completition_cost": 555.5555555555555, "overshoot_cost": 52.458487194285006, "power_cost": 35.36478966064453, "noise_cost": 29.315611079436525, "n_waypoints_completed": 4, "tot_waypoints": 9}}
