{"target": -1093.1596751768027, "params": {"k_pid_pos": [0.3385671202155488, 0.38780024358642406, 0.46932129403140244], "k_pid_alt": [0.4764768619701043, 0.5530389239312244, 0.6914694137343235], "k_pid_att": [45.32064793736629, 8.63995754766451, 0.5349223537510307], "k_pid_yaw": [0.5, 1e-06, 0.1], "k_pid_hsp": [1.3291035943861622, 0.5748359956005896, 0.4395357688302274], "k_pid_vsp": [273.0603131493322, 302.87764872329853, 80.18493630704377]}, "datetime": {"datetime": "2025-08-12 10:21:28", "elapsed": 64567.79280090332, "delta": 43.09449219703674}, "costs": {"total_cost": 1093.1596751768027, "time_cost": 150, "final_distance_cost": 73.22758254470835, "oscillation_cost": 420.86869625709375, "completition_cost": 333.33333333333337, "overshoot_cost": 53.1943453918725, "power_cost": 34.42317888183594, "noise_cost": 28.11253876795903, "n_waypoints_completed": 6, "tot_waypoints": 9}}
{"target": -380.1623122286161, "params": {"k_pid_pos": [1.4827300691698277, 0.1766222693013063, 0.21948261002842162], "k_pid_alt": [1.7127690544572711, 0.009508015740699705, 0.6531589576327576], "k_pid_att": [16.176249998797733, 5.2103837028404, 0.43653351071151714], "k_pid_yaw": [0.5, 1e-06, 0.1], "k_pid_hsp": [0.8319921611236822, 0.03620969264828122, 0.2651529699582903], "k_pid_vsp": [186.15022986751862, 332.0161902572339, 10.499816247829811]}, "datetime": {"datetime": "2025-08-12 10:21:56", "elapsed": 64596.25956726074, "delta": 28.466766357421875}, "costs": {"total_cost": 380.1623122286161, "time_cost": 78.407, "final_distance_cost": 1.7827499520700278, "oscillation_cost": 204.31807863363446, "completition_cost": 0.0, "overshoot_cost": 53.13007925881106, "power_cost": 20.745920849609377, "noise_cost": 21.778483534491148, "n_waypoints_completed": 9, "tot_waypoints": 9}}
{"target": -392.969846017791, "params": {"k_pid_pos": [2.0, 0.0, 0.30016688078464837], "k_pid_alt": [2.0, 0.0, 0.2303121002389261], "k_pid_att": [50.257844239827165, 4.573135967973319, 1.0], "k_pid_yaw": [0.5, 1e-06, 0.1], "k_pid_hsp": [10.0, 1.0, 0.5856891464160672], "k_pid_vsp": [237.1896016358557, 75.44769665894898, 154.29623277506164]}, "datetime": {"datetime": "2025-08-12 10:22:26", "elapsed": 64626.09241652489, "delta": 29.832849264144897}, "costs": {"total_cost": 392.969846017791, "time_cost": 76.321, "final_distance_cost": 1.7461033064691616, "oscillation_cost": 216.32958881248456, "completition_cost": 0.0, "overshoot_cost": 56.672791514119446, "power_cost": 22.87061374511719, "noise_cost": 19.029748639600577, "n_waypoints_completed": 9, "tot_waypoints": 9}}
{"target": -1073.5998375396814, "params": {"k_pid_pos": [0.5430826566403516, 0.9906961954132409, 0.8981390466713932], "k_pid_alt": [0.4006607661335171, 0.17320349743944297, 0.9356777685836337], "k_pid_att": [22.725655378881303, 0.8641567188080996, 0.7002728325232317], "k_pid_yaw": [0.5, 1e-06, 0.1], "k_pid_hsp": [6.3109110488531535, 0.9184784827441083, 0.47230253798734734], "k_pid_vsp": [246.08698808857005, 267.18894714310755, 42.5760187959647]}, "datetime": {"datetime": "2025-08-12 10:23:11", "elapsed": 64670.85924625397, "delta": 44.7668297290802}, "costs": {"total_cost": 1073.5998375396814, "time_cost": 150, "final_distance_cost": 72.42501642379933, "oscillation_cost": 409.81517299803687, "completition_cost": 333.33333333333337, "overshoot_cost": 46.81029076843512, "power_cost": 32.78806896972657, "noise_cost": 28.427955046350036, "n_waypoints_completed": 6, "tot_waypoints": 9}}
{"target": -819.7297401713814, "params": {"k_pid_pos": [0.49066141881869674, 0.176813911680763, 0.6594754710746238], "k_pid_alt": [0.3530199777280283, 0.1542840885768756, 0.5586101316332235], "k_pid_att": [17.409656117272597, 7.8806224712112005, 0.11400344694618969], "k_pid_yaw": [0.5, 1e-06, 0.1], "k_pid_hsp": [8.338993227217578, 0.7206586685072472, 0.07445567711230006], "k_pid_vsp": [231.73134953117994, 277.74614403755635, 31.858600674273927]}, "datetime": {"datetime": "2025-08-12 10:24:02", "elapsed": 64721.737000226974, "delta": 50.8777539730072}, "costs": {"total_cost": 819.7297401713814, "time_cost": 150, "final_distance_cost": 4.675845463865481, "oscillation_cost": 437.2347063757652, "completition_cost": 111.11111111111116, "overshoot_cost": 57.15349241252216, "power_cost": 30.56905601806641, "noise_cost": 28.985528790051024, "n_waypoints_completed": 8, "tot_waypoints": 9}}
{"target": -1017.7851487236593, "params": {"k_pid_pos": [0.10403051190166188, 0.7692513742602574, 0.9807077355475528], "k_pid_alt": [1.1804650207503908, 0.8886180052263374, 0.9747772637492431], "k_pid_att": [9.26595518079295, 9.040999683184527, 0.6900776319894789], "k_pid_yaw": [0.5, 1e-06, 0.1], "k_pid_hsp": [5.236434246431403, 0.3635622553456386, 0.017326397546503336], "k_pid_vsp": [232.4826226240348, 284.52168716433323, 13.307035396727493]}, "datetime": {"datetime": "2025-08-12 10:24:41", "elapsed": 64760.89222240448, "delta": 39.15522217750549}, "costs": {"total_cost": 1017.7851487236593, "time_cost": 150, "final_distance_cost": 52.0567190016177, "oscillation_cost": 44.81526033643774, "completition_cost": 666.6666666666667, "overshoot_cost": 46.13757811365147, "power_cost": 28.45953483886719, "noise_cost": 29.649389766418444, "n_waypoints_completed": 3, "tot_waypoints": 9}}
{"target": -386.61749425930066, "params": {"k_pid_pos": [1.3340503967202124, 0.6918244007504103, 0.9535271929476024], "k_pid_alt": [0.5187570048172612, 0.34669971266875077, 0.30120913551421047], "k_pid_att": [3.3114902863600637, 2.197023876719967, 0.6392594337939175], "k_pid_yaw": [0.5, 1e-06, 0.1], "k_pid_hsp": [4.085180243284869, 0.05273845694811152, 0.851734949728842], "k_pid_vsp": [261.9420427416932, 276.08792727860185, 47.49572200778663]}, "datetime": {"datetime": "2025-08-12 10:25:19", "elapsed": 64799.31658744812, "delta": 38.42436504364014}, "costs": {"total_cost": 386.61749425930066, "time_cost": 115.605, "final_distance_cost": 1.7549198312717227, "oscillation_cost": 146.61113544999876, "completition_cost": 0.0, "overshoot_cost": 64.59001020716997, "power_cost": 29.78789636230469, "noise_cost": 28.268532408555497, "n_waypoints_completed": 9, "tot_waypoints": 9}}
{"target": -433.7985954127335, "params": {"k_pid_pos": [1.2232269478235067, 0.399613342804758, 0.3209875847180369], "k_pid_alt": [1.4261942411025192, 0.5118319172584962, 0.8527785678814234], "k_pid_att": [13.73116951672243, 1.6434283211668792, 0.3107102475080765], "k_pid_yaw": [0.5, 1e-06, 0.1], "k_pid_hsp": [4.338594602432304, 0.4183655664974387, 0.8724027043830185], "k_pid_vsp": [229.19263054539934, 46.77000528771717, 41.00316517481236]}, "datetime": {"datetime": "2025-08-12 10:26:06", "elapsed": 64845.94569659233, "delta": 46.629109144210815}, "costs": {"total_cost": 433.7985954127335, "time_cost": 93.324, "final_distance_cost": 1.784246254744313, "oscillation_cost": 232.76333930465916, "completition_cost": 0.0, "overshoot_cost": 57.32420913863657, "power_cost": 25.176214892578127, "noise_cost": 23.426585822115367, "n_waypoints_completed": 9, "tot_waypoints": 9}}
{"target": -403.8732978592457, "params": {"k_pid_pos": [1.1998363164790982, 0.9324331945662383, 0.1149460820781194], "k_pid_alt": [1.4119319004116047, 0.6808068093137519, 0.5750136598287786], "k_pid_att": [10.842403552531632, 4.88421299206245, 0.47712966381750543], "k_pid_yaw": [0.5, 1e-06, 0.1], "k_pid_hsp": [2.943652063953037, 0.10959695212365095, 0.5096590804028908], "k_pid_vsp": [234.06983506533544, 278.5833539022811, 20.592167499342974]}, "datetime": {"datetime": "2025-08-12 10:26:44", "elapsed": 64883.50991010666, "delta": 37.564213514328}, "costs": {"total_cost": 403.8732978592457, "time_cost": 115.794, "final_distance_cost": 1.74983603200704, "oscillation_cost": 144.42107433228304, "completition_cost": 0.0, "overshoot_cost": 78.75334769955359, "power_cost": 32.79567618408203, "noise_cost": 30.359363611320028, "n_waypoints_completed": 9, "tot_waypoints": 9}}
{"target": -642.7949984464375, "params": {"k_pid_pos": [0.20990284136480036, 0.16428052359845735, 0.16245342065877177], "k_pid_alt": [0.27694890187159116, 0.3314188252815925, 0.016102719483174766], "k_pid_att": [14.744470299681844, 5.122411422561175, 0.6649748157404466], "k_pid_yaw": [0.5, 1e-06, 0.1], "k_pid_hsp": [7.250056372609309, 0.3289453090275948, 0.10370741725227117], "k_pid_vsp": [244.11441507583461, 268.410166559883, 33.723985472124454]}, "datetime": {"datetime": "2025-08-12 10:27:35", "elapsed": 64934.487397909164, "delta": 50.97748780250549}, "costs": {"total_cost": 642.7949984464375, "time_cost": 150, "final_distance_cost": 71.04112775591084, "oscillation_cost": 87.79821865555863, "completition_cost": 222.2222222222222, "overshoot_cost": 53.48115546715114, "power_cost": 29.903608154296876, "noise_cost": 28.348666191297887, "n_waypoints_completed": 7, "tot_waypoints": 9}}
{"target": -842.970723764412, "params": {"k_pid_pos": [0.14270059409214775, 0.24508192344697788, 0.08704429148268522], "k_pid_alt": [0.7173400928036282, 0.3718860580529093, 0.7716186364724624], "k_pid_att": [4.634195156922106, 8.407445392994372, 0.46775978821002495], "k_pid_yaw": [0.5, 1e-06, 0.1], "k_pid_hsp": [7.519773207776479, 0.012153396292509555, 0.9175179247176288], "k_pid_vsp": [273.21024483891006, 272.7826483456798, 46.03910147190625]}, "datetime": {"datetime": "2025-08-12 10:28:12", "elapsed": 64971.506882190704, "delta": 37.01948428153992}, "costs": {"total_cost": 842.970723764412, "time_cost": 150, "final_distance_cost": 72.51738868307366, "oscillation_cost": 178.01153006196523, "completition_cost": 333.33333333333337, "overshoot_cost": 52.68210046612949, "power_cost": 29.55499432373047, "noise_cost": 26.871376896179854, "n_waypoints_completed": 6, "tot_waypoints": 9}}
{"target": -720.1586278061602, "params": {"k_pid_pos": [1.4979457758503474, 0.18852339947747476, 0.48448940903944526], "k_pid_alt": [0.995829772062681, 0.6139743951897411, 0.987531256905017], "k_pid_att": [95.00294616142983, 9.147316290004639, 0.19108073996119435], "k_pid_yaw": [0.5, 1e-06, 0.1], "k_pid_hsp": [6.516948086354611, 0.254010130063819, 0.03545534239181791], "k_pid_vsp": [286.16679348548047, 291.1675531414744, 369.44851480586516]}, "datetime": {"datetime": "2025-08-12 10:28:49", "elapsed": 65009.12242436409, "delta": 37.61554217338562}, "costs": {"total_cost": 720.1586278061602, "time_cost": 113.281, "final_distance_cost": 1.7702853453337204, "oscillation_cost": 475.91052319453587, "completition_cost": 0.0, "overshoot_cost": 68.13178735394933, "power_cost": 33.38772556152344, "noise_cost": 27.67730635081785, "n_waypoints_completed": 9, "tot_waypoints": 9}}
{"target": -659.1945788511, "params": {"k_pid_pos": [1.6558721313617597, 0.7913273610456981, 0.5514589838572506], "k_pid_alt": [0.3197789658457515, 0.082795328983436, 0.6919980793078229], "k_pid_att": [29.226116168393943, 6.610003161867533, 0.35154234692361186], "k_pid_yaw": [0.5, 1e-06, 0.1], "k_pid_hsp": [6.849079700554374, 0.23844681691185776, 0.5024794610195022], "k_pid_vsp": [226.05458880063063, 318.39335078040443, 17.100720007972747]}, "datetime": {"datetime": "2025-08-12 10:29:28", "elapsed": 65048.040481090546, "delta": 38.91805672645569}, "costs": {"total_cost": 659.1945788511, "time_cost": 114.513, "final_distance_cost": 1.7708073297766616, "oscillation_cost": 426.763445704879, "completition_cost": 0.0, "overshoot_cost": 55.43137520425371, "power_cost": 32.248998535156254, "noise_cost": 28.46695207703425, "n_waypoints_completed": 9, "tot_waypoints": 9}}
{"target": -231.15466576847007, "params": {"k_pid_pos": [1.896686873974021, 0.0047113566277851016, 0.48600670779478716], "k_pid_alt": [1.9690379936542226, 0.6819798983837307, 0.8717272081166672], "k_pid_att": [21.49331681563624, 8.239127918118918, 0.8594501392739605], "k_pid_yaw": [0.5, 1e-06, 0.1], "k_pid_hsp": [7.681851014295382, 0.6975200408297344, 0.0010480511815975646], "k_pid_vsp": [255.05957320817774, 268.9316433356395, 35.145415969715856]}, "datetime": {"datetime": "2025-08-12 10:29:56", "elapsed": 65075.942678928375, "delta": 27.90219783782959}, "costs": {"total_cost": 231.15466576847007, "time_cost": 75.43900000000001, "final_distance_cost": 1.756226157818132, "oscillation_cost": 64.15729023101316, "completition_cost": 0.0, "overshoot_cost": 50.537563770210774, "power_cost": 20.547149230957032, "noise_cost": 18.717436378470953, "n_waypoints_completed": 9, "tot_waypoints": 9}}
{"target": -1072.956929840855, "params": {"k_pid_pos": [0.911294703289599, 0.25403636358796533, 0.016374906210740447], "k_pid_alt": [0.41301497306285295, 0.6960522712659122, 0.253576012445934], "k_pid_att": [56.25354146292219, 5.024595754260554, 0.142552842243581], "k_pid_yaw": [0.5, 1e-06, 0.1], "k_pid_hsp": [8.22135926157504, 0.6099293808981212, 0.9026743084301116], "k_pid_vsp": [131.38545638584046, 98.36265550425729, 54.791951336827374]}, "datetime": {"datetime": "2025-08-12 10:30:40", "elapsed": 65120.24759364128, "delta": 44.304914712905884}, "costs": {"total_cost": 1072.956929840855, "time_cost": 150, "final_distance_cost": 75.24628010086478, "oscillation_cost": 503.3184528265283, "completition_cost": 222.2222222222222, "overshoot_cost": 57.74396901263006, "power_cost": 34.74274504394531, "noise_cost": 29.683260634664457, "n_waypoints_completed": 7, "tot_waypoints": 9}}
{"target": -451.55198878354236, "params": {"k_pid_pos": [1.968563445500314, 0.8860791488527123, 0.607927897536823], "k_pid_alt": [0.4628735054645383, 0.8049829963096611, 0.9207612201167827], "k_pid_att": [8.264000098810275, 4.892449111087442, 0.49099077377731937], "k_pid_yaw": [0.5, 1e-06, 0.1], "k_pid_hsp": [6.710762457946439, 0.032904058692415195, 0.3530781746825167], "k_pid_vsp": [268.82998038273473, 362.3757717146185, 30.94785395584045]}, "datetime": {"datetime": "2025-08-12 10:31:18", "elapsed": 65158.04695534706, "delta": 37.79936170578003}, "costs": {"total_cost": 451.55198878354236, "time_cost": 114.191, "final_distance_cost": 1.7746816309322548, "oscillation_cost": 213.71762597575162, "completition_cost": 0.0, "overshoot_cost": 61.4603657610297, "power_cost": 30.52444580078125, "noise_cost": 29.883869615047484, "n_waypoints_completed": 9, "tot_waypoints": 9}}
{"target": -521.7071256139602, "params": {"k_pid_pos": [1.2363390283167004, 0.6740211255391751, 0.9662820204880824], "k_pid_alt": [1.7403043764183588, 0.8844935661229805, 0.7316349025197164], "k_pid_att": [18.760109443293583, 2.835023247647939, 0.3209307089754668], "k_pid_yaw": [0.5, 1e-06, 0.1], "k_pid_hsp": [8.567490914765854, 0.43439270572628685, 0.5929381315913488], "k_pid_vsp": [224.703771488292, 44.34541206177089, 34.62415008511005]}, "datetime": {"datetime": "2025-08-12 10:31:51", "elapsed": 65191.21525001526, "delta": 33.16829466819763}, "costs": {"total_cost": 521.7071256139602, "time_cost": 93.17, "final_distance_cost": 1.781076242374051, "oscillation_cost": 322.1164007647888, "completition_cost": 0.0, "overshoot_cost": 56.37127455182848, "power_cost": 25.115714465332033, "noise_cost": 23.152659589636805, "n_waypoints_completed": 9, "tot_waypoints": 9}}
{"target": -1162.5097483459576, "params": {"k_pid_pos": [1.2279156996244165, 0.5671132805914264, 0.6609963066561362], "k_pid_alt": [0.5121073324682244, 0.620721264324629, 0.8767068499332382], "k_pid_att": [9.873821091210521, 7.4113352750219885, 0.5016010245580791], "k_pid_yaw": [0.5, 1e-06, 0.1], "k_pid_hsp": [0.08432653341049914, 0.022742970637651738, 0.26361813836705783], "k_pid_vsp": [236.46140636539204, 281.23537617801475, 18.570140373845156]}, "datetime": {"datetime": "2025-08-12 10:32:35", "elapsed": 65234.910651922226, "delta": 43.69540190696716}, "costs": {"total_cost": 1162.5097483459576, "time_cost": 150, "final_distance_cost": 49.685427980021956, "oscillation_cost": 280.8333646407632, "completition_cost": 555.5555555555555, "overshoot_cost": 65.60183404714603, "power_cost": 31.041235571289064, "noise_cost": 29.79233055118195, "n_waypoints_completed": 4, "tot_waypoints": 9}}
{"target": -1181.9223677364537, "params": {"k_pid_pos": [0.4424319864870209, 0.12851889933048177, 0.618717717688496], "k_pid_alt": [1.3482046556618852, 0.1429357263309171, 0.645516223201927], "k_pid_att": [7.363824972917787, 2.643974183406308, 0.008542911041269696], "k_pid_yaw": [0.5, 1e-06, 0.1], "k_pid_hsp": [5.093803884635749, 0.9995810697842265, 0.8391830665131529], "k_pid_vsp": [278.8256139139572, 368.19863516573236, 36.11801982145268]}, "datetime": {"datetime": "2025-08-12 10:33:33", "elapsed": 65293.10895371437, "delta": 58.198301792144775}, "costs": {"total_cost": 1181.9223677364537, "time_cost": 150, "final_distance_cost": 75.02764560993762, "oscillation_cost": 519.6119195803136, "completition_cost": 333.33333333333337, "overshoot_cost": 43.75222424260434, "power_cost": 31.66015994873047, "noise_cost": 28.537085021533958, "n_waypoints_completed": 6, "tot_waypoints": 9}}
{"target": -374.6007655726439, "params": {"k_pid_pos": [1.1815781699134906, 0.7616166594379092, 0.7636835017532061], "k_pid_alt": [1.6783740204038171, 0.9288604415956211, 0.28788569747837045], "k_pid_att": [11.564673721059847, 1.9811552671581303, 0.7944481464350103], "k_pid_yaw": [0.5, 1e-06, 0.1], "k_pid_hsp": [9.93704955772857, 0.0859902022159279, 0.4818700983816502], "k_pid_vsp": [267.28790786340943, 259.81008235914715, 50.40935116626057]}, "datetime": {"datetime": "2025-08-12 10:34:16", "elapsed": 65335.74085021019, "delta": 42.63189649581909}, "costs": {"total_cost": 374.6007655726439, "time_cost": 91.94500000000001, "final_distance_cost": 1.7516328711731812, "oscillation_cost": 177.24899930347786, "completition_cost": 0.0, "overshoot_cost": 54.44388484196965, "power_cost": 25.47612088623047, "noise_cost": 23.735127669792735, "n_waypoints_completed": 9, "tot_waypoints": 9}}
{"target": -926.717221834825, "params": {"k_pid_pos": [0.32282891453267776, 0.5814676555517263, 0.006739147023648084], "k_pid_alt": [0.5053358118456714, 0.034717532492616665, 0.6905585122947213], "k_pid_att": [9.195987918809202, 3.7635870792108554, 0.12178374396376657], "k_pid_yaw": [0.5, 1e-06, 0.1], "k_pid_hsp": [4.370922595988881, 0.7208108593650686, 0.43780908527401374], "k_pid_vsp": [182.56111197994406, 321.4711601642504, 20.094131713358284]}, "datetime": {"datetime": "2025-08-12 10:34:54", "elapsed": 65374.24798798561, "delta": 38.50713777542114}, "costs": {"total_cost": 926.717221834825, "time_cost": 150, "final_distance_cost": 68.57685338283994, "oscillation_cost": 271.43210695874336, "completition_cost": 333.33333333333337, "overshoot_cost": 43.146203085615575, "power_cost": 31.733107177734375, "noise_cost": 28.495617896558482, "n_waypoints_completed": 6, "tot_waypoints": 9}}
{"target": -409.8135194074648, "params": {"k_pid_pos": [1.7357211018655552, 0.5827412719094255, 0.16219171913814978], "k_pid_alt": [0.9454534433216109, 0.6157384955486506, 0.36131148989705564], "k_pid_att": [14.584511442372461, 3.42597692109103, 0.17524424141666017], "k_pid_yaw": [0.5, 1e-06, 0.1], "k_pid_hsp": [1.4429512749155167, 0.5373397576854918, 0.3672147434738554], "k_pid_vsp": [183.30114668661378, 337.00670708613, 5.701174271540915]}, "datetime": {"datetime": "2025-08-12 10:35:39", "elapsed": 65418.86618709564, "delta": 44.61819911003113}, "costs": {"total_cost": 409.8135194074648, "time_cost": 111.398, "final_distance_cost": 1.7023231664975151, "oscillation_cost": 179.91558917480123, "completition_cost": 0.0, "overshoot_cost": 54.33550863389258, "power_cost": 29.59651549072266, "noise_cost": 32.86558294155083, "n_waypoints_completed": 9, "tot_waypoints": 9}}
{"target": -304.3748958171436, "params": {"k_pid_pos": [0.887453444590916, 0.09100765185065929, 0.8026763696867858], "k_pid_alt": [1.4102474377120842, 0.17393984601700108, 0.04074030931394235], "k_pid_att": [3.3149989836295912, 2.7007818083574096, 0.7864065220239584], "k_pid_yaw": [0.5, 1e-06, 0.1], "k_pid_hsp": [5.685116475021003, 0.40066803812592844, 0.25727720734184023], "k_pid_vsp": [309.4133516493449, 297.46951108211886, 178.94974026513376]}, "datetime": {"datetime": "2025-08-12 10:36:11", "elapsed": 65450.95055794716, "delta": 32.084370851516724}, "costs": {"total_cost": 304.3748958171436, "time_cost": 91.147, "final_distance_cost": 1.790619244911517, "oscillation_cost": 109.67748892978386, "completition_cost": 0.0, "overshoot_cost": 56.1447611698147, "power_cost": 24.33119256591797, "noise_cost": 21.283833906715586, "n_waypoints_completed": 9, "tot_waypoints": 9}}
{"target": -596.3224415068003, "params": {"k_pid_pos": [0.8511743025330607, 0.093138076399786, 0.8871404074452207], "k_pid_alt": [2.0, 0.28192121962651123, 0.0], "k_pid_att": [12.424762834237972, 5.9737940137289876, 0.14525242063242208], "k_pid_yaw": [0.5, 1e-06, 0.1], "k_pid_hsp": [9.558998979360995, 0.07494735250562455, 0.14012708563474507], "k_pid_vsp": [44.76654880034711, 364.16585143538714, 146.79650075427023]}, "datetime": {"datetime": "2025-08-12 10:36:51", "elapsed": 65490.73431634903, "delta": 39.78375840187073}, "costs": {"total_cost": 596.3224415068003, "time_cost": 112.518, "final_distance_cost": 1.7960600180627653, "oscillation_cost": 359.3974080955728, "completition_cost": 0.0, "overshoot_cost": 65.96967820028061, "power_cost": 29.04846705322266, "noise_cost": 27.59282813966143, "n_waypoints_completed": 9, "tot_waypoints": 9}}
