{"target": -442.6735116193652, "params": {"k_pid_pos": [1.7758039366454321, 0.19975489580936823, 0.5904731833106708], "k_pid_alt": [1.4257778110305608, 0.8043107823439724, 0.6244512740237429], "k_pid_att": [19.192642690322437, 2.9602708498580697, 0.18800383108076235], "k_pid_yaw": [0.5, 1e-06, 0.1], "k_pid_hsp": [7.900166048815364, 0.4827487343253787, 0.8131724058541138], "k_pid_vsp": [79.6169321159765, 196.83817326305987, 38.759142084474504]}, "datetime": {"datetime": "2025-08-12 01:45:24", "elapsed": 33603.603501558304, "delta": 24.553488969802856}, "costs": {"total_cost": 442.6735116193652, "time_cost": 81.949, "final_distance_cost": 1.7886850490340418, "oscillation_cost": 262.5155203976866, "completition_cost": 0.0, "overshoot_cost": 52.798995105757065, "power_cost": 22.773719360351564, "noise_cost": 20.847591706535933, "n_waypoints_completed": 9, "tot_waypoints": 9}}
{"target": -1377.8706392285965, "params": {"k_pid_pos": [0.1365570237825126, 0.4086821665414, 0.6181137242113517], "k_pid_alt": [0.681587835118711, 0.39136230497927493, 0.8195482663704832], "k_pid_att": [29.94981783468109, 9.218806167274824, 0.277869393731039], "k_pid_yaw": [0.5, 1e-06, 0.1], "k_pid_hsp": [2.6405935152791358, 0.768231096925911, 0.6850666020285093], "k_pid_vsp": [72.72678043234397, 210.7839373078783, 36.535069215575106]}, "datetime": {"datetime": "2025-08-12 01:46:00", "elapsed": 33640.178579092026, "delta": 36.575077533721924}, "costs": {"total_cost": 1377.8706392285965, "time_cost": 150, "final_distance_cost": 42.73130073982879, "oscillation_cost": 510.94604011606793, "completition_cost": 555.5555555555555, "overshoot_cost": 56.27217578065135, "power_cost": 33.20799647216797, "noise_cost": 29.157570564324978, "n_waypoints_completed": 4, "tot_waypoints": 9}}
{"target": -481.52441547040024, "params": {"k_pid_pos": [2.0, 0.5955479777658924, 0.6969053614958066], "k_pid_alt": [2.0, 0.44192159735716435, 0.1656995118114261], "k_pid_att": [52.39812169099055, 1.4934780513261872, 0.8931291842401209], "k_pid_yaw": [0.5, 1e-06, 0.1], "k_pid_hsp": [7.4086544056825945, 0.2960067397674663, 0.12255119704870562], "k_pid_vsp": [191.22729466118523, 302.50403322172076, 142.45700380711787]}, "datetime": {"datetime": "2025-08-12 01:46:30", "elapsed": 33670.35658168793, "delta": 30.17800259590149}, "costs": {"total_cost": 481.52441547040024, "time_cost": 97.125, "final_distance_cost": 1.7489149331369553, "oscillation_cost": 275.14122012270235, "completition_cost": 0.0, "overshoot_cost": 55.07853736604864, "power_cost": 28.611292834472657, "noise_cost": 23.819450214039634, "n_waypoints_completed": 9, "tot_waypoints": 9}}
{"target": -1226.0020966931208, "params": {"k_pid_pos": [0.6348415397517078, 0.4105151375171996, 0.5513205623380498], "k_pid_alt": [1.0246341109509296, 0.11277431302661955, 0.7022480438829051], "k_pid_att": [45.30484986571719, 6.050165728796658, 0.19081725221517665], "k_pid_yaw": [0.5, 1e-06, 0.1], "k_pid_hsp": [5.324232663720943, 0.5280505690754378, 0.9907858614609071], "k_pid_vsp": [215.3057443886663, 241.16944208724382, 137.15068441758734]}, "datetime": {"datetime": "2025-08-12 01:47:06", "elapsed": 33705.69846057892, "delta": 35.34187889099121}, "costs": {"total_cost": 1226.0020966931208, "time_cost": 150, "final_distance_cost": 73.03599860159443, "oscillation_cost": 563.7848623483659, "completition_cost": 333.33333333333337, "overshoot_cost": 43.58648355776159, "power_cost": 34.17490875244141, "noise_cost": 28.086510099624192, "n_waypoints_completed": 6, "tot_waypoints": 9}}
{"target": -397.36734655402944, "params": {"k_pid_pos": [1.7784375768085632, 0.6100645200042382, 0.6966639648653913], "k_pid_alt": [1.2503463812854123, 0.9236742621081185, 0.6780113151495303], "k_pid_att": [8.409930736313731, 6.519273937947898, 0.803759684989954], "k_pid_yaw": [0.5, 1e-06, 0.1], "k_pid_hsp": [3.7313849830785286, 0.289332519771611, 0.4925772508797377], "k_pid_vsp": [247.3021474438553, 270.25959605933474, 42.35747991603538]}, "datetime": {"datetime": "2025-08-12 01:47:37", "elapsed": 33736.83625626564, "delta": 31.1377956867218}, "costs": {"total_cost": 397.36734655402944, "time_cost": 98.602, "final_distance_cost": 1.7353740599668253, "oscillation_cost": 188.52060792967174, "completition_cost": 0.0, "overshoot_cost": 56.3053017140532, "power_cost": 26.81260458984375, "noise_cost": 25.391458260493867, "n_waypoints_completed": 9, "tot_waypoints": 9}}
{"target": -949.0019644763578, "params": {"k_pid_pos": [0.48648177993267705, 0.11560008173361547, 0.19951427158566704], "k_pid_alt": [1.7553075267458322, 0.15426990250615513, 0.6630040640325474], "k_pid_att": [52.38602224123393, 0.7139643840923284, 0.6048774531261665], "k_pid_yaw": [0.5, 1e-06, 0.1], "k_pid_hsp": [9.738341730484837, 0.6557642365033365, 0.3557280396239618], "k_pid_vsp": [123.09653050042786, 88.58935725564717, 55.89798834635112]}, "datetime": {"datetime": "2025-08-12 01:48:11", "elapsed": 33771.08656215668, "delta": 34.25030589103699}, "costs": {"total_cost": 949.0019644763578, "time_cost": 150, "final_distance_cost": 7.26307555322695, "oscillation_cost": 564.8281256820691, "completition_cost": 111.11111111111116, "overshoot_cost": 54.26624276928254, "power_cost": 33.28960035400391, "noise_cost": 28.24380900666419, "n_waypoints_completed": 8, "tot_waypoints": 9}}
{"target": -502.8458485775611, "params": {"k_pid_pos": [0.5783606153236935, 0.7711442976692765, 0.7340047487476179], "k_pid_alt": [1.4905241141798629, 0.5300063428006851, 0.5414335125719052], "k_pid_att": [10.34350741511978, 7.791951280277594, 0.6737339823496991], "k_pid_yaw": [0.5, 1e-06, 0.1], "k_pid_hsp": [5.939778531124309, 0.7897234159268655, 0.36871235633899646], "k_pid_vsp": [40.90743160301371, 366.07833152412076, 144.71066783681428]}, "datetime": {"datetime": "2025-08-12 01:48:45", "elapsed": 33804.740278959274, "delta": 33.653716802597046}, "costs": {"total_cost": 502.8458485775611, "time_cost": 117.873, "final_distance_cost": 1.7439273518010772, "oscillation_cost": 260.3234040366679, "completition_cost": 0.0, "overshoot_cost": 63.34765209174468, "power_cost": 31.08816258544922, "noise_cost": 28.46970251189825, "n_waypoints_completed": 9, "tot_waypoints": 9}}
{"target": -419.1224661256004, "params": {"k_pid_pos": [1.7674319233678477, 0.7694820705279514, 0.20897767146244195], "k_pid_alt": [1.2071474439638852, 0.34230712632382343, 0.4311600642396085], "k_pid_att": [34.97234401972329, 3.2218014136888597, 0.5311554592520802], "k_pid_yaw": [0.5, 1e-06, 0.1], "k_pid_hsp": [7.037787164915111, 0.3975974884463549, 0.4794487407177074], "k_pid_vsp": [280.86937890851635, 353.17936362073436, 31.94644663048956]}, "datetime": {"datetime": "2025-08-12 01:49:15", "elapsed": 33834.80138015747, "delta": 30.06110119819641}, "costs": {"total_cost": 419.1224661256004, "time_cost": 104.174, "final_distance_cost": 1.7371014399628415, "oscillation_cost": 196.00801390901847, "completition_cost": 0.0, "overshoot_cost": 59.80850090111629, "power_cost": 30.508298986816406, "noise_cost": 26.88655088868637, "n_waypoints_completed": 9, "tot_waypoints": 9}}
{"target": -1182.9901457084693, "params": {"k_pid_pos": [0.48441713451364676, 0.8754741377804236, 0.05873185321647367], "k_pid_alt": [0.19160073003844502, 0.1465046758231935, 0.7617008583229602], "k_pid_att": [51.527706513505976, 8.031775690521034, 0.4875174660321985], "k_pid_yaw": [0.5, 1e-06, 0.1], "k_pid_hsp": [2.414435175600157, 0.7149381397223169, 0.7372363541905508], "k_pid_vsp": [113.00551939972152, 93.57829993652143, 56.52789546954538]}, "datetime": {"datetime": "2025-08-12 01:49:49", "elapsed": 33868.45579409599, "delta": 33.65441393852234}, "costs": {"total_cost": 1182.9901457084693, "time_cost": 150, "final_distance_cost": 49.44506894475153, "oscillation_cost": 174.41637537173395, "completition_cost": 666.6666666666667, "overshoot_cost": 74.18835788473518, "power_cost": 38.22716429443359, "noise_cost": 30.046512546148517, "n_waypoints_completed": 3, "tot_waypoints": 9}}
{"target": -1410.1118849640955, "params": {"k_pid_pos": [0.2154808164416446, 0.8752192253391166, 0.7412755658791973], "k_pid_alt": [0.09138764358126905, 0.33812321886330154, 0.12326862503548142], "k_pid_att": [9.443903078285521, 3.755012919955321, 0.3285640859554574], "k_pid_yaw": [0.5, 1e-06, 0.1], "k_pid_hsp": [9.84848469904117, 0.9363028634125927, 0.698252392088982], "k_pid_vsp": [294.5689787340839, 311.1197102683771, 160.91930203032544]}, "datetime": {"datetime": "2025-08-12 01:50:27", "elapsed": 33906.75438451767, "delta": 38.298590421676636}, "costs": {"total_cost": 1410.1118849640955, "time_cost": 150, "final_distance_cost": 98.9961879426029, "oscillation_cost": 277.0097706115303, "completition_cost": 777.7777777777778, "overshoot_cost": 45.2708246537566, "power_cost": 33.05623010253906, "noise_cost": 28.001093875888774, "n_waypoints_completed": 2, "tot_waypoints": 9}}
{"target": -729.970700587007, "params": {"k_pid_pos": [1.0474484069718357, 0.05332956778144837, 0.8671666577083568], "k_pid_alt": [0.3018726727887271, 0.8505388556116027, 0.023054475513976436], "k_pid_att": [54.94949711139873, 2.6022779027310334, 0.24857741988913695], "k_pid_yaw": [0.5, 1e-06, 0.1], "k_pid_hsp": [8.158246867457544, 0.6833069610298778, 0.2167480664552489], "k_pid_vsp": [114.60916986560451, 94.84287136633749, 44.08821067852824]}, "datetime": {"datetime": "2025-08-12 01:50:59", "elapsed": 33938.65403342247, "delta": 31.899648904800415}, "costs": {"total_cost": 729.970700587007, "time_cost": 106.44200000000001, "final_distance_cost": 1.7888993884312696, "oscillation_cost": 498.94471268756877, "completition_cost": 0.0, "overshoot_cost": 66.25636500381147, "power_cost": 30.975976794433596, "noise_cost": 25.562746712761857, "n_waypoints_completed": 9, "tot_waypoints": 9}}
{"target": -810.7429987591527, "params": {"k_pid_pos": [0.9762866787944015, 0.24602106674570168, 0.8547462964501085], "k_pid_alt": [1.2237563344899618, 0.2957978703160551, 0.13123282122916768], "k_pid_att": [32.58821736122316, 0.46161877226966014, 0.08049547693770098], "k_pid_yaw": [0.5, 1e-06, 0.1], "k_pid_hsp": [7.778112860232471, 0.29094794716422623, 0.4502228218798412], "k_pid_vsp": [280.10166160625664, 360.6637141540368, 33.600287781189]}, "datetime": {"datetime": "2025-08-12 01:51:35", "elapsed": 33975.31780457497, "delta": 36.66377115249634}, "costs": {"total_cost": 810.7429987591527, "time_cost": 119.77, "final_distance_cost": 1.7592431090536715, "oscillation_cost": 570.5076350440129, "completition_cost": 0.0, "overshoot_cost": 55.71722829371878, "power_cost": 33.48503830566406, "noise_cost": 29.50385400670321, "n_waypoints_completed": 9, "tot_waypoints": 9}}
{"target": -604.5990176405263, "params": {"k_pid_pos": [1.6191117547761122, 0.24597805897036673, 0.28444722392894206], "k_pid_alt": [0.00012573535556148485, 0.2910922635725339, 0.8207152879970963], "k_pid_att": [17.888754636921444, 5.820383140063755, 0.4699383809705693], "k_pid_yaw": [0.5, 1e-06, 0.1], "k_pid_hsp": [7.344319576529172, 0.9049489096158431, 0.9988467643273469], "k_pid_vsp": [83.1786796999341, 206.40107338928095, 34.775902371160456]}, "datetime": {"datetime": "2025-08-12 01:52:09", "elapsed": 34008.887390613556, "delta": 33.56958603858948}, "costs": {"total_cost": 604.5990176405263, "time_cost": 114.73700000000001, "final_distance_cost": 1.755517569295166, "oscillation_cost": 358.6295640814742, "completition_cost": 0.0, "overshoot_cost": 69.46072357221952, "power_cost": 31.4875447265625, "noise_cost": 28.528667690974938, "n_waypoints_completed": 9, "tot_waypoints": 9}}
{"target": -333.5258653511572, "params": {"k_pid_pos": [1.7344079603819702, 0.586906401449041, 0.9915014135231999], "k_pid_alt": [0.6887379725212621, 0.3975033439215643, 0.5940550030623244], "k_pid_att": [4.702396397303854, 1.783112199004429, 0.9561169602591181], "k_pid_yaw": [0.5, 1e-06, 0.1], "k_pid_hsp": [5.382545788681295, 0.8276595144514626, 0.13163292011293637], "k_pid_vsp": [293.41719239370616, 298.32870372518573, 174.45350967600186]}, "datetime": {"datetime": "2025-08-12 01:52:39", "elapsed": 34039.30027794838, "delta": 30.41288733482361}, "costs": {"total_cost": 333.5258653511572, "time_cost": 103.929, "final_distance_cost": 1.7896288077587514, "oscillation_cost": 117.37889862105659, "completition_cost": 0.0, "overshoot_cost": 56.370427915136545, "power_cost": 28.95586968994141, "noise_cost": 25.102040317263896, "n_waypoints_completed": 9, "tot_waypoints": 9}}
{"target": -1356.5344364332448, "params": {"k_pid_pos": [0.5708261037865789, 0.6630455487675623, 0.20634325274473253], "k_pid_alt": [0.7567803595823026, 0.9732035224452429, 0.20039248122394404], "k_pid_att": [53.98068116103227, 6.05536496724016, 0.19736238807966], "k_pid_yaw": [0.5, 1e-06, 0.1], "k_pid_hsp": [2.0346341141297537, 0.9929376616512152, 0.8359321061190814], "k_pid_vsp": [191.91970252453308, 302.5411224819258, 143.74003367810943]}, "datetime": {"datetime": "2025-08-12 01:53:15", "elapsed": 34074.374823093414, "delta": 35.07454514503479}, "costs": {"total_cost": 1356.5344364332448, "time_cost": 150, "final_distance_cost": 74.05329481245022, "oscillation_cost": 213.58211320479185, "completition_cost": 777.7777777777778, "overshoot_cost": 74.53323701000453, "power_cost": 37.16336936035157, "noise_cost": 29.424644267868874, "n_waypoints_completed": 2, "tot_waypoints": 9}}
{"target": -1325.1233489355698, "params": {"k_pid_pos": [0.10537143011091452, 0.18438356846212112, 0.40453584119961417], "k_pid_alt": [1.9444695472537046, 0.32624250634186824, 0.33580907791858317], "k_pid_att": [28.41921840557722, 0.8967082621424713, 0.8514201810878278], "k_pid_yaw": [0.5, 1e-06, 0.1], "k_pid_hsp": [9.457460689709427, 0.927207240250277, 0.8517587712530964], "k_pid_vsp": [236.6216063080068, 22.67698957674794, 31.999650612425825]}, "datetime": {"datetime": "2025-08-12 01:53:52", "elapsed": 34111.55688667297, "delta": 37.182063579559326}, "costs": {"total_cost": 1325.1233489355698, "time_cost": 150, "final_distance_cost": 49.57369751562557, "oscillation_cost": 560.6513953457229, "completition_cost": 444.4444444444444, "overshoot_cost": 60.82477579946084, "power_cost": 32.03400043945312, "noise_cost": 27.595035390862975, "n_waypoints_completed": 5, "tot_waypoints": 9}}
{"target": -832.4769545374173, "params": {"k_pid_pos": [0.39896849127138856, 0.9585839443502795, 0.2126808380579186], "k_pid_alt": [1.8864537851670555, 0.30316993624784294, 0.31682752985830986], "k_pid_att": [43.73846945403711, 3.0100232951461927, 0.9876952556500475], "k_pid_yaw": [0.5, 1e-06, 0.1], "k_pid_hsp": [0.7042250281530782, 0.7369617077935647, 0.19947165645736464], "k_pid_vsp": [180.87952042781617, 299.34182117498807, 150.92825361937193]}, "datetime": {"datetime": "2025-08-12 01:54:28", "elapsed": 34148.09451127052, "delta": 36.53762459754944}, "costs": {"total_cost": 832.4769545374173, "time_cost": 150, "final_distance_cost": 71.59007910899673, "oscillation_cost": 139.800330938746, "completition_cost": 333.33333333333337, "overshoot_cost": 69.16739196972142, "power_cost": 38.36646372070312, "noise_cost": 30.219355465916735, "n_waypoints_completed": 6, "tot_waypoints": 9}}
{"target": -564.6827941865848, "params": {"k_pid_pos": [1.8561642502362914, 0.0, 0.0], "k_pid_alt": [1.9456822058955079, 1.0, 0.7833474650583813], "k_pid_att": [54.94531076396399, 10.0, 1.0], "k_pid_yaw": [0.5, 1e-06, 0.1], "k_pid_hsp": [9.517352788851605, 0.11280361810872884, 0.7866044131337208], "k_pid_vsp": [202.03799399342012, 249.2492597265517, 231.19163143967066]}, "datetime": {"datetime": "2025-08-12 01:55:00", "elapsed": 34179.74971294403, "delta": 31.65520167350769}, "costs": {"total_cost": 564.6827941865848, "time_cost": 106.967, "final_distance_cost": 1.7799239663775368, "oscillation_cost": 329.28929060555527, "completition_cost": 0.0, "overshoot_cost": 67.45378618509196, "power_cost": 31.73567783203125, "noise_cost": 27.457115597528837, "n_waypoints_completed": 9, "tot_waypoints": 9}}
{"target": -735.6540753618887, "params": {"k_pid_pos": [1.3513431821168524, 0.3778503858322132, 0.8424111008679033], "k_pid_alt": [1.828562849129495, 0.08521368790370187, 0.29970192746947477], "k_pid_att": [39.12201947399032, 5.2470526109280025, 0.18686555764423474], "k_pid_yaw": [0.5, 1e-06, 0.1], "k_pid_hsp": [8.285127145375952, 0.2365030300457709, 0.44743775653048623], "k_pid_vsp": [281.0905780014192, 360.7365236164452, 29.86378089356804]}, "datetime": {"datetime": "2025-08-12 01:55:33", "elapsed": 34212.80998110771, "delta": 33.06026816368103}, "costs": {"total_cost": 735.6540753618887, "time_cost": 105.581, "final_distance_cost": 1.7656055882875696, "oscillation_cost": 518.8442938011638, "completition_cost": 0.0, "overshoot_cost": 53.554746669585846, "power_cost": 29.923891931152344, "noise_cost": 25.984537371699137, "n_waypoints_completed": 9, "tot_waypoints": 9}}
{"target": -1320.2272262686097, "params": {"k_pid_pos": [0.06323715727535525, 0.6465376860575872, 0.17472249295125275], "k_pid_alt": [1.899019133770408, 0.87459225283112, 0.6925977019549326], "k_pid_att": [54.26559681596561, 1.3943485872420907, 0.013478309917218101], "k_pid_yaw": [0.5, 1e-06, 0.1], "k_pid_hsp": [7.126343760043514, 0.3613222107463645, 0.815631603398657], "k_pid_vsp": [218.81520139368624, 103.65308953488466, 33.12231217875675]}, "datetime": {"datetime": "2025-08-12 01:56:07", "elapsed": 34247.15763378143, "delta": 34.34765267372131}, "costs": {"total_cost": 1320.2272262686097, "time_cost": 150, "final_distance_cost": 46.186173584614096, "oscillation_cost": 331.8514518873461, "completition_cost": 666.6666666666667, "overshoot_cost": 60.3681271272141, "power_cost": 34.78768521728516, "noise_cost": 30.36712178548348, "n_waypoints_completed": 3, "tot_waypoints": 9}}
{"target": -653.070513913501, "params": {"k_pid_pos": [0.8536458490045683, 0.36398843329242236, 0.3033080114473431], "k_pid_alt": [0.6583667331476328, 0.6588973436482264, 0.8323829656881443], "k_pid_att": [39.208973889175056, 9.411975993012785, 0.4147513440865047], "k_pid_yaw": [0.5, 1e-06, 0.1], "k_pid_hsp": [9.332061484258595, 0.11275731661802857, 0.644543966391197], "k_pid_vsp": [339.63049691684864, 282.4436044098733, 233.877190793837]}, "datetime": {"datetime": "2025-08-12 01:56:43", "elapsed": 34282.55216550827, "delta": 35.39453172683716}, "costs": {"total_cost": 653.070513913501, "time_cost": 110.677, "final_distance_cost": 1.7973389827711006, "oscillation_cost": 418.79574851629104, "completition_cost": 0.0, "overshoot_cost": 63.79093406168764, "power_cost": 31.24813486328125, "noise_cost": 26.76135748946996, "n_waypoints_completed": 9, "tot_waypoints": 9}}
{"target": -380.1377441278403, "params": {"k_pid_pos": [2.0, 0.0, 1.0], "k_pid_alt": [2.0, 0.21859726271251248, 1.0], "k_pid_att": [7.193855985266594, 0.0001, 1.0], "k_pid_yaw": [0.5, 1e-06, 0.1], "k_pid_hsp": [7.9789921117508955, 1.0, 1.0], "k_pid_vsp": [311.53554961907, 392.2448204492819, 243.94209549130994]}, "datetime": {"datetime": "2025-08-12 01:57:18", "elapsed": 34317.5162255764, "delta": 34.96406006813049}, "costs": {"total_cost": 380.1377441278403, "time_cost": 100.751, "final_distance_cost": 1.7521256743588556, "oscillation_cost": 169.57075514681776, "completition_cost": 0.0, "overshoot_cost": 57.64907917872771, "power_cost": 27.080149719238282, "noise_cost": 23.334634408697646, "n_waypoints_completed": 9, "tot_waypoints": 9}}
{"target": -623.7569134937764, "params": {"k_pid_pos": [1.1619426703003293, 0.7554452588950392, 0.05436951489795672], "k_pid_alt": [0.48076291385435166, 0.4500897230534636, 0.8951312010035055], "k_pid_att": [37.55846703438459, 5.369091919922374, 0.39960320516425385], "k_pid_yaw": [0.5, 1e-06, 0.1], "k_pid_hsp": [3.2327062353911473, 0.6190392045146326, 0.004359490149902334], "k_pid_vsp": [200.2109046914279, 242.15333453889883, 116.66991653820577]}, "datetime": {"datetime": "2025-08-12 01:57:54", "elapsed": 34353.845777750015, "delta": 36.3295521736145}, "costs": {"total_cost": 623.7569134937764, "time_cost": 150, "final_distance_cost": 62.580876704570564, "oscillation_cost": 70.76707460860891, "completition_cost": 222.2222222222222, "overshoot_cost": 55.368278284393575, "power_cost": 33.649284118652346, "noise_cost": 29.16917755532898, "n_waypoints_completed": 7, "tot_waypoints": 9}}
{"target": -652.0951352089827, "params": {"k_pid_pos": [0.7542593660683378, 0.11164670326901249, 0.3721468934478591], "k_pid_alt": [1.3446145164476702, 0.13088303574710491, 0.7961446585894956], "k_pid_att": [39.897303193600195, 8.22811309836949, 0.3147021468640515], "k_pid_yaw": [0.5, 1e-06, 0.1], "k_pid_hsp": [4.544129713980792, 0.9372444726870165, 0.446489147555056], "k_pid_vsp": [342.3353970150214, 277.1342937268547, 239.266884007005]}, "datetime": {"datetime": "2025-08-12 01:58:31", "elapsed": 34391.11660671234, "delta": 37.27082896232605}, "costs": {"total_cost": 652.0951352089827, "time_cost": 108.395, "final_distance_cost": 1.814199548012074, "oscillation_cost": 428.5603864332984, "completition_cost": 0.0, "overshoot_cost": 55.21194907427693, "power_cost": 31.641448730468753, "noise_cost": 26.472151422926572, "n_waypoints_completed": 9, "tot_waypoints": 9}}
{"target": -816.5289996962957, "params": {"k_pid_pos": [0.5653565132252304, 0.5933961078689336, 0.41827166979487485], "k_pid_alt": [0.28682260164499795, 0.22400061261002047, 0.8161347126276587], "k_pid_att": [31.820114154843292, 8.013923460826094, 0.8672919705813829], "k_pid_yaw": [0.5, 1e-06, 0.1], "k_pid_hsp": [6.979795159866922, 0.5638160826627988, 0.2159893490535637], "k_pid_vsp": [197.1301064476986, 241.6529331316048, 125.29134668126065]}, "datetime": {"datetime": "2025-08-12 01:59:05", "elapsed": 34425.32185149193, "delta": 34.20524477958679}, "costs": {"total_cost": 816.5289996962957, "time_cost": 150, "final_distance_cost": 45.850130420547174, "oscillation_cost": 390.233245229609, "completition_cost": 111.11111111111116, "overshoot_cost": 56.28175944195984, "power_cost": 32.99097795410157, "noise_cost": 30.061775538966945, "n_waypoints_completed": 8, "tot_waypoints": 9}}
