{"target": -656.2091580990844, "params": {"k_pid_pos": [1.5811997463485128, 0.4608808677355487, 0.9261829162422375], "k_pid_alt": [0.6971997351252703, 0.701572721609446, 0.9973056563255563], "k_pid_att": [52.858804190601695, 8.883002228863257, 0.5553914580868564], "k_pid_yaw": [0.5, 1e-06, 0.1], "k_pid_hsp": [5.1849024162591615, 0.49108755317554564, 0.9264382009409358], "k_pid_vsp": [219.99644928425909, 97.19455206933755, 34.34996279157648]}, "datetime": {"datetime": "2025-08-11 23:18:46", "elapsed": 24805.71351838112, "delta": 31.5107204914093}, "costs": {"total_cost": 656.2091580990844, "time_cost": 114.296, "final_distance_cost": 1.751525482943094, "oscillation_cost": 413.889490930483, "completition_cost": 0.0, "overshoot_cost": 65.699681190369, "power_cost": 33.05941564941406, "noise_cost": 27.513044845875275, "n_waypoints_completed": 9, "tot_waypoints": 9}}
{"target": -860.8860502997838, "params": {"k_pid_pos": [1.2433367846639392, 0.6780016503356737, 0.5653738962595107], "k_pid_alt": [1.5859555519453805, 0.36842353149416807, 0.19352757252855113], "k_pid_att": [56.131894695341664, 1.6497999528333689, 0.5731589241121684], "k_pid_yaw": [0.5, 1e-06, 0.1], "k_pid_hsp": [2.127366443815762, 0.1511366680671612, 0.8562432432171935], "k_pid_vsp": [116.0947461148258, 99.5321239266388, 53.851607898871386]}, "datetime": {"datetime": "2025-08-11 23:19:19", "elapsed": 24838.989097833633, "delta": 33.27557945251465}, "costs": {"total_cost": 860.8860502997838, "time_cost": 150, "final_distance_cost": 81.89261994736042, "oscillation_cost": 267.13507547985677, "completition_cost": 222.2222222222222, "overshoot_cost": 73.01367492641204, "power_cost": 36.95099287109375, "noise_cost": 29.6714648528388, "n_waypoints_completed": 7, "tot_waypoints": 9}}
{"target": -1120.174629005174, "params": {"k_pid_pos": [0.4525700093913619, 0.8879820483968934, 0.6594397884374729], "k_pid_alt": [0.08661370884719255, 0.9713032269926447, 0.10096905472889295], "k_pid_att": [51.13992857554632, 1.2497437750376164, 0.7070688792312593], "k_pid_yaw": [0.5, 1e-06, 0.1], "k_pid_hsp": [0.5758085805667399, 0.7637361788092932, 0.1701019822188483], "k_pid_vsp": [208.8590942461609, 233.37571225897128, 119.5646296699]}, "datetime": {"datetime": "2025-08-11 23:19:54", "elapsed": 24874.01445889473, "delta": 35.02536106109619}, "costs": {"total_cost": 1120.174629005174, "time_cost": 150, "final_distance_cost": 46.14297777297794, "oscillation_cost": 232.38296038321047, "completition_cost": 555.5555555555555, "overshoot_cost": 69.43719786992841, "power_cost": 36.157234985351565, "noise_cost": 30.498702438149987, "n_waypoints_completed": 4, "tot_waypoints": 9}}
{"target": -476.35719213526437, "params": {"k_pid_pos": [1.1555195744991533, 0.7054598655560447, 0.5736567567279482], "k_pid_alt": [0.8285628481655329, 0.3811571401738074, 0.33212458709216064], "k_pid_att": [7.531098772841938, 7.342532189567379, 0.200602880141595], "k_pid_yaw": [0.5, 1e-06, 0.1], "k_pid_hsp": [7.4416429923681395, 0.14588284767763915, 0.6240237167510674], "k_pid_vsp": [278.6512378152864, 366.59605295464985, 33.9606602287934]}, "datetime": {"datetime": "2025-08-11 23:20:22", "elapsed": 24902.132851600647, "delta": 28.11839270591736}, "costs": {"total_cost": 476.35719213526437, "time_cost": 103.089, "final_distance_cost": 1.7614670471442622, "oscillation_cost": 263.3997585912349, "completition_cost": 0.0, "overshoot_cost": 54.99764898829563, "power_cost": 27.263421423339846, "noise_cost": 25.845896085249763, "n_waypoints_completed": 9, "tot_waypoints": 9}}
{"target": -853.9038458771091, "params": {"k_pid_pos": [0.9566182596147111, 0.3644428143566608, 0.2799016374788653], "k_pid_alt": [0.316834782485085, 0.8069512513274549, 0.8072014829685001], "k_pid_att": [33.28389403553832, 6.504274692496649, 0.005423111338626718], "k_pid_yaw": [0.5, 1e-06, 0.1], "k_pid_hsp": [4.867927705006848, 0.9413099901722171, 0.6518637407560871], "k_pid_vsp": [226.6705493184514, 14.336867367131768, 35.31554063363229]}, "datetime": {"datetime": "2025-08-11 23:20:55", "elapsed": 24935.048664093018, "delta": 32.915812492370605}, "costs": {"total_cost": 853.9038458771091, "time_cost": 150, "final_distance_cost": 58.126945892290294, "oscillation_cost": 408.1988168423711, "completition_cost": 111.11111111111116, "overshoot_cost": 62.61313490283913, "power_cost": 34.98907991943359, "noise_cost": 28.864757209063843, "n_waypoints_completed": 8, "tot_waypoints": 9}}
{"target": -495.717345081497, "params": {"k_pid_pos": [1.0615301186157275, 0.7404292789316826, 0.398441543479946], "k_pid_alt": [1.8162276729646307, 0.5460974356568286, 0.9776570655044315], "k_pid_att": [35.36714027023727, 0.8358944595708424, 0.0998158372512723], "k_pid_yaw": [0.5, 1e-06, 0.1], "k_pid_hsp": [3.1192290751083385, 0.5394701863606847, 0.4620655358696395], "k_pid_vsp": [269.9116445552364, 301.73044100491893, 74.31677472136252]}, "datetime": {"datetime": "2025-08-11 23:21:25", "elapsed": 24965.233826875687, "delta": 30.185162782669067}, "costs": {"total_cost": 495.717345081497, "time_cost": 107.408, "final_distance_cost": 1.7519563971384473, "oscillation_cost": 267.71226662179697, "completition_cost": 0.0, "overshoot_cost": 59.45480282070305, "power_cost": 32.49762130126953, "noise_cost": 26.89269794058904, "n_waypoints_completed": 9, "tot_waypoints": 9}}
{"target": -496.3228448955939, "params": {"k_pid_pos": [1.9898617797315474, 0.7048906163787009, 0.29855736179970915], "k_pid_alt": [0.5661809322053037, 0.007705670115293661, 0.5102657034402157], "k_pid_att": [52.77126468866747, 6.952822532518974, 0.030142653987926815], "k_pid_yaw": [0.5, 1e-06, 0.1], "k_pid_hsp": [8.05493795762745, 0.040011473467857495, 0.6186541791532252], "k_pid_vsp": [395.3859384206736, 125.14140819472252, 96.58101156136827]}, "datetime": {"datetime": "2025-08-11 23:21:53", "elapsed": 24992.58571743965, "delta": 27.351890563964844}, "costs": {"total_cost": 496.3228448955939, "time_cost": 99.68, "final_distance_cost": 1.7610463000403673, "oscillation_cost": 277.06873937031423, "completition_cost": 0.0, "overshoot_cost": 60.17751140145531, "power_cost": 30.641361059570315, "noise_cost": 26.994186764213637, "n_waypoints_completed": 9, "tot_waypoints": 9}}
{"target": -915.1368334003771, "params": {"k_pid_pos": [0.7782672856143962, 0.9449150243667617, 0.2669620141566732], "k_pid_alt": [0.028392360745902234, 0.690190230169559, 0.12185619108021328], "k_pid_att": [12.884654586498046, 3.592670716735462, 0.49419075427479264], "k_pid_yaw": [0.5, 1e-06, 0.1], "k_pid_hsp": [5.61438186464465, 0.3704298356758876, 0.3780887925254687], "k_pid_vsp": [320.34779194090504, 393.4985707874096, 245.669286335512]}, "datetime": {"datetime": "2025-08-11 23:22:25", "elapsed": 25024.91588664055, "delta": 32.33016920089722}, "costs": {"total_cost": 915.1368334003771, "time_cost": 150, "final_distance_cost": 75.70833230674546, "oscillation_cost": 228.15527251444917, "completition_cost": 333.33333333333337, "overshoot_cost": 63.69687447080021, "power_cost": 33.504640771484375, "noise_cost": 30.7383800035646, "n_waypoints_completed": 6, "tot_waypoints": 9}}
{"target": -603.7095512403305, "params": {"k_pid_pos": [0.8637211876581498, 0.5438593251149683, 0.9701062303107838], "k_pid_alt": [0.6585911423691191, 0.185674504859085, 0.9831477970525577], "k_pid_att": [15.689535948406464, 4.765461155825448, 0.20337581660627613], "k_pid_yaw": [0.5, 1e-06, 0.1], "k_pid_hsp": [7.733989954981124, 0.5982834691123459, 0.07039576932680114], "k_pid_vsp": [278.37105411146723, 365.85098235220204, 30.034157302147268]}, "datetime": {"datetime": "2025-08-11 23:22:57", "elapsed": 25056.58203601837, "delta": 31.666149377822876}, "costs": {"total_cost": 603.7095512403305, "time_cost": 113.54, "final_distance_cost": 1.7921318726597963, "oscillation_cost": 375.3705838553495, "completition_cost": 0.0, "overshoot_cost": 55.879954897614205, "power_cost": 29.404285424804687, "noise_cost": 27.722595189902314, "n_waypoints_completed": 9, "tot_waypoints": 9}}
{"target": -345.82733233302275, "params": {"k_pid_pos": [2.0, 0.0, 0.0], "k_pid_alt": [2.0, 0.0, 0.0], "k_pid_att": [62.9722804267199, 0.0001, 0.0], "k_pid_yaw": [0.5, 1e-06, 0.1], "k_pid_hsp": [2.871780397909812, 1.0, 0.14836586987342365], "k_pid_vsp": [347.08830396808503, 297.2538187292644, 187.02467688387958]}, "datetime": {"datetime": "2025-08-11 23:23:18", "elapsed": 25077.552666425705, "delta": 20.970630407333374}, "costs": {"total_cost": 345.82733233302275, "time_cost": 72.632, "final_distance_cost": 1.7787928654854557, "oscillation_cost": 173.57358512596676, "completition_cost": 0.0, "overshoot_cost": 55.63069827509451, "power_cost": 23.01794256591797, "noise_cost": 19.19431350055807, "n_waypoints_completed": 9, "tot_waypoints": 9}}
{"target": -785.0678798161389, "params": {"k_pid_pos": [1.4465355433815283, 0.7092468412052003, 0.40025883535758106], "k_pid_alt": [1.4986347701708227, 0.3883976105625029, 0.6628569626611872], "k_pid_att": [89.01323710417877, 5.667098007942493, 0.4002265588533602], "k_pid_yaw": [0.5, 1e-06, 0.1], "k_pid_hsp": [4.313952272879501, 0.5919086113756321, 0.6293128690805062], "k_pid_vsp": [383.9422750318596, 377.0950280735178, 381.05782092511663]}, "datetime": {"datetime": "2025-08-11 23:23:52", "elapsed": 25111.89689064026, "delta": 34.34422421455383}, "costs": {"total_cost": 785.0678798161389, "time_cost": 150, "final_distance_cost": 19.7578190000933, "oscillation_cost": 375.02551061464857, "completition_cost": 111.11111111111116, "overshoot_cost": 65.00613136390974, "power_cost": 34.33144605712891, "noise_cost": 29.835861669247137, "n_waypoints_completed": 8, "tot_waypoints": 9}}
{"target": -1434.915627329784, "params": {"k_pid_pos": [1.6557709433839702, 0.715420437781932, 0.5452128274695932], "k_pid_alt": [0.5999747871882486, 0.11237444768696125, 0.8123901737322814], "k_pid_att": [14.250829820624034, 4.657574899790974, 0.041493330412553764], "k_pid_yaw": [0.5, 1e-06, 0.1], "k_pid_hsp": [0.09704024213066936, 0.2977030722526397, 0.6112767906351537], "k_pid_vsp": [239.87453250287686, 257.75260847858306, 41.49730765485377]}, "datetime": {"datetime": "2025-08-11 23:24:24", "elapsed": 25144.25316619873, "delta": 32.35627555847168}, "costs": {"total_cost": 1434.915627329784, "time_cost": 150, "final_distance_cost": 37.52322088347599, "oscillation_cost": 567.4719537619774, "completition_cost": 555.5555555555555, "overshoot_cost": 65.35631278671347, "power_cost": 30.72724420166016, "noise_cost": 28.28134014040133, "n_waypoints_completed": 4, "tot_waypoints": 9}}
{"target": -237.99207975728862, "params": {"k_pid_pos": [2.0, 1.0, 1.0], "k_pid_alt": [0.7539616046807179, 0.0, 1.0], "k_pid_att": [26.7812084448698, 0.0001, 0.7522592051610699], "k_pid_yaw": [0.5, 1e-06, 0.1], "k_pid_hsp": [2.285669022202674, 0.21931442161155398, 0.0], "k_pid_vsp": [221.5920357767201, 332.7132093443152, 135.22733468809867]}, "datetime": {"datetime": "2025-08-11 23:24:52", "elapsed": 25171.496621370316, "delta": 27.243455171585083}, "costs": {"total_cost": 237.99207975728862, "time_cost": 91.343, "final_distance_cost": 1.8487216041789845, "oscillation_cost": 43.83978371354452, "completition_cost": 0.0, "overshoot_cost": 52.929948407150434, "power_cost": 25.064077246093753, "noise_cost": 22.966548786320953, "n_waypoints_completed": 9, "tot_waypoints": 9}}
{"target": -852.0050282102135, "params": {"k_pid_pos": [1.4066158005450269, 0.09958439175463635, 0.48504004645833904], "k_pid_alt": [1.596570489574569, 0.6359308394772414, 0.7342191039956313], "k_pid_att": [3.606374211439246, 8.26232802216965, 0.7089633281761857], "k_pid_yaw": [0.5, 1e-06, 0.1], "k_pid_hsp": [4.2497824632194074, 0.0, 0.3443422642296958], "k_pid_vsp": [45.95390720627979, 361.589542050447, 145.76598050040738]}, "datetime": {"datetime": "2025-08-11 23:25:27", "elapsed": 25206.71327662468, "delta": 35.216655254364014}, "costs": {"total_cost": 852.0050282102135, "time_cost": 150, "final_distance_cost": 63.86014112290602, "oscillation_cost": 295.63572087327657, "completition_cost": 222.2222222222222, "overshoot_cost": 59.03200027354352, "power_cost": 33.12265939941406, "noise_cost": 28.132284318851102, "n_waypoints_completed": 7, "tot_waypoints": 9}}
{"target": -279.6235958994749, "params": {"k_pid_pos": [1.0580746035797122, 0.11696188759200364, 0.07244751977753139], "k_pid_alt": [2.0, 1.0, 1.0], "k_pid_att": [4.657515650037577, 0.9298713540769031, 0.7678429760582612], "k_pid_yaw": [0.5, 1e-06, 0.1], "k_pid_hsp": [6.562617769029305, 0.10235867755859758, 0.8219623290695218], "k_pid_vsp": [190.20638810169183, 324.6596811385057, 17.86904169008874]}, "datetime": {"datetime": "2025-08-11 23:25:50", "elapsed": 25229.59935426712, "delta": 22.886077642440796}, "costs": {"total_cost": 279.6235958994749, "time_cost": 80.94800000000001, "final_distance_cost": 1.7916788920370892, "oscillation_cost": 101.30044001496287, "completition_cost": 0.0, "overshoot_cost": 54.0876210021556, "power_cost": 21.46881138916016, "noise_cost": 20.027044601159165, "n_waypoints_completed": 9, "tot_waypoints": 9}}
{"target": -554.7334868625879, "params": {"k_pid_pos": [0.6262613919207171, 0.4814028254257583, 0.2057071902650293], "k_pid_alt": [1.175592049679555, 0.5083958136685793, 0.5034358309433073], "k_pid_att": [86.13002101336974, 4.973077223999569, 0.5629254078666398], "k_pid_yaw": [0.5, 1e-06, 0.1], "k_pid_hsp": [9.076503561721642, 0.6112933170180058, 0.16128293646668607], "k_pid_vsp": [369.1031130421843, 263.73302073779223, 251.12089865529597]}, "datetime": {"datetime": "2025-08-11 23:26:19", "elapsed": 25258.94968008995, "delta": 29.3503258228302}, "costs": {"total_cost": 554.7334868625879, "time_cost": 99.22500000000001, "final_distance_cost": 1.77526079809611, "oscillation_cost": 344.3665349498392, "completition_cost": 0.0, "overshoot_cost": 56.34075652683307, "power_cost": 29.286829931640625, "noise_cost": 23.73910465617893, "n_waypoints_completed": 9, "tot_waypoints": 9}}
{"target": -762.0627079881544, "params": {"k_pid_pos": [0.5396453868067107, 0.015353989775509835, 0.28127329153910197], "k_pid_alt": [0.13125448509270132, 0.4333135316060662, 0.269195556006917], "k_pid_att": [53.07398275265609, 1.0317412916539939, 0.08937096721714188], "k_pid_yaw": [0.5, 1e-06, 0.1], "k_pid_hsp": [9.474308262312238, 0.22385649516666073, 0.584503243574276], "k_pid_vsp": [124.02482337385882, 99.86201651101011, 47.00610705617348]}, "datetime": {"datetime": "2025-08-11 23:26:48", "elapsed": 25288.340099573135, "delta": 29.390419483184814}, "costs": {"total_cost": 762.0627079881544, "time_cost": 108.36, "final_distance_cost": 1.8246835434492907, "oscillation_cost": 530.7911002214184, "completition_cost": 0.0, "overshoot_cost": 64.15945151142603, "power_cost": 30.78883697509766, "noise_cost": 26.138635736762982, "n_waypoints_completed": 9, "tot_waypoints": 9}}
{"target": -542.0852362855163, "params": {"k_pid_pos": [1.7285147540785266, 0.6787168668987199, 0.8154650032416658], "k_pid_alt": [0.7457426137190106, 0.037306090901922606, 0.4426989281426368], "k_pid_att": [41.4826746787115, 7.3390973556167465, 0.868604707714559], "k_pid_yaw": [0.5, 1e-06, 0.1], "k_pid_hsp": [5.980063874913513, 0.9198327390764216, 0.2702388510489394], "k_pid_vsp": [273.9938948644147, 361.34499102489906, 24.77075631403561]}, "datetime": {"datetime": "2025-08-11 23:27:18", "elapsed": 25317.59446787834, "delta": 29.2543683052063}, "costs": {"total_cost": 542.0852362855163, "time_cost": 107.632, "final_distance_cost": 1.769659712017315, "oscillation_cost": 324.3557987931311, "completition_cost": 0.0, "overshoot_cost": 51.177514707656165, "power_cost": 30.73260274658203, "noise_cost": 26.417660326129706, "n_waypoints_completed": 9, "tot_waypoints": 9}}
{"target": -1094.4646987946712, "params": {"k_pid_pos": [1.9433852428968472, 0.44520581381588265, 0.9194144599017388], "k_pid_alt": [0.03670130291023477, 0.05307745085080351, 0.7314450329331216], "k_pid_att": [53.633831610540696, 2.136319279065113, 0.6576332749568057], "k_pid_yaw": [0.5, 1e-06, 0.1], "k_pid_hsp": [3.3954142298370984, 0.5807225489157607, 0.24348569778231133], "k_pid_vsp": [143.0733185884956, 267.8523334164546, 182.90973098191947]}, "datetime": {"datetime": "2025-08-11 23:27:51", "elapsed": 25350.997156858444, "delta": 33.40268898010254}, "costs": {"total_cost": 1094.4646987946712, "time_cost": 150, "final_distance_cost": 57.940847072160196, "oscillation_cost": 428.38385315647514, "completition_cost": 333.33333333333337, "overshoot_cost": 60.60308198382314, "power_cost": 35.52956673583984, "noise_cost": 28.67401651303944, "n_waypoints_completed": 6, "tot_waypoints": 9}}
{"target": -1194.7807592533545, "params": {"k_pid_pos": [2.0, 1.0, 1.0], "k_pid_alt": [0.0, 1.0, 0.0], "k_pid_att": [88.64120537884835, 4.991665825435056, 1.0], "k_pid_yaw": [0.5, 1e-06, 0.1], "k_pid_hsp": [7.7917293437784005, 1.0, 1.0], "k_pid_vsp": [366.182811268783, 267.86419643028336, 253.45885039565258]}, "datetime": {"datetime": "2025-08-11 23:28:25", "elapsed": 25384.567470788956, "delta": 33.570313930511475}, "costs": {"total_cost": 1194.7807592533545, "time_cost": 150, "final_distance_cost": 58.655009181285074, "oscillation_cost": 410.4902712975444, "completition_cost": 444.4444444444444, "overshoot_cost": 65.02990175370289, "power_cost": 35.98189047851562, "noise_cost": 30.179242097862016, "n_waypoints_completed": 5, "tot_waypoints": 9}}
{"target": -2233.269088642204, "params": {"k_pid_pos": [2.0, 0.0, 1.0], "k_pid_alt": [0.0, 0.0, 0.0], "k_pid_att": [31.1138818161027, 10.0, 0.0], "k_pid_yaw": [0.5, 1e-06, 0.1], "k_pid_hsp": [5.397833583358794, 1.0, 1.0], "k_pid_vsp": [218.73625579589958, 278.7951567986661, 62.47219250909301]}, "datetime": {"datetime": "2025-08-11 23:29:00", "elapsed": 25419.558623552322, "delta": 34.9911527633667}, "costs": {"total_cost": 2233.269088642204, "time_cost": 150, "final_distance_cost": 0.7089781583215712, "oscillation_cost": 769.598389033329, "completition_cost": 1000.0, "overshoot_cost": 162.19186947452195, "power_cost": 34.000788586425784, "noise_cost": 116.76906338960654, "n_waypoints_completed": 0, "tot_waypoints": 9}}
{"target": -438.3676732019834, "params": {"k_pid_pos": [2.0, 0.13731098934067598, 0.0], "k_pid_alt": [2.0, 1.0, 1.0], "k_pid_att": [31.826463810574285, 5.7334525441029625, 0.5299628680896361], "k_pid_yaw": [0.5, 1e-06, 0.1], "k_pid_hsp": [10.0, 0.0, 1.0], "k_pid_vsp": [223.24922175997838, 278.53828040725654, 66.45671489437956]}, "datetime": {"datetime": "2025-08-11 23:29:27", "elapsed": 25447.10657477379, "delta": 27.547951221466064}, "costs": {"total_cost": 438.3676732019834, "time_cost": 88.48, "final_distance_cost": 1.7714743473022456, "oscillation_cost": 242.81227855354697, "completition_cost": 0.0, "overshoot_cost": 55.53005029672852, "power_cost": 26.226930383300783, "noise_cost": 23.546939621104826, "n_waypoints_completed": 9, "tot_waypoints": 9}}
{"target": -380.59891186436334, "params": {"k_pid_pos": [1.726279951431572, 0.45406973914891136, 0.27036065106572826], "k_pid_alt": [1.9894422691696432, 0.04493592157176063, 0.21674053369139956], "k_pid_att": [48.394025961771504, 2.1165139064265874, 0.5330152082973529], "k_pid_yaw": [0.5, 1e-06, 0.1], "k_pid_hsp": [3.890468997109748, 0.720409554670717, 0.1290048779194788], "k_pid_vsp": [190.48446893635253, 302.4291472672428, 141.61333268773154]}, "datetime": {"datetime": "2025-08-11 23:29:50", "elapsed": 25469.873886823654, "delta": 22.767312049865723}, "costs": {"total_cost": 380.59891186436334, "time_cost": 80.346, "final_distance_cost": 1.7693505118022521, "oscillation_cost": 197.8822736345344, "completition_cost": 0.0, "overshoot_cost": 56.27410480695031, "power_cost": 23.72714091796875, "noise_cost": 20.6000419931076, "n_waypoints_completed": 9, "tot_waypoints": 9}}
{"target": -372.50728151613527, "params": {"k_pid_pos": [1.887264689047917, 0.7591163055063457, 0.1358588253529074], "k_pid_alt": [1.9589127965685185, 0.975432847864884, 0.8396520666590324], "k_pid_att": [6.155413846239444, 9.561588759422328, 0.34371028096130707], "k_pid_yaw": [0.5, 1e-06, 0.1], "k_pid_hsp": [1.943037424817446, 0.9294858087884534, 0.3181980554753505], "k_pid_vsp": [298.39215019802936, 354.66796516821324, 86.36305750631725]}, "datetime": {"datetime": "2025-08-11 23:30:19", "elapsed": 25499.11624789238, "delta": 29.242361068725586}, "costs": {"total_cost": 372.50728151613527, "time_cost": 99.743, "final_distance_cost": 1.7929907332345676, "oscillation_cost": 152.62572298207076, "completition_cost": 0.0, "overshoot_cost": 61.414025570740826, "power_cost": 29.273388317871095, "noise_cost": 27.658153912218047, "n_waypoints_completed": 9, "tot_waypoints": 9}}
{"target": -1345.049793610751, "params": {"k_pid_pos": [0.0402383088653326, 0.8568048555078601, 0.5559502950628983], "k_pid_alt": [0.3791504995578463, 0.8102791738158902, 0.4791572927739558], "k_pid_att": [4.40796124087065, 8.44825907214908, 0.5454571421077364], "k_pid_yaw": [0.5, 1e-06, 0.1], "k_pid_hsp": [7.741610552057917, 0.49001599214262037, 0.7503997498352198], "k_pid_vsp": [45.10875393470961, 356.24209789926937, 149.85319607700234]}, "datetime": {"datetime": "2025-08-11 23:30:52", "elapsed": 25532.088541030884, "delta": 32.97229313850403}, "costs": {"total_cost": 1345.049793610751, "time_cost": 150, "final_distance_cost": 84.14556040057602, "oscillation_cost": 206.41343568779914, "completition_cost": 777.7777777777778, "overshoot_cost": 64.56408752661387, "power_cost": 33.94548991699219, "noise_cost": 28.203442300992137, "n_waypoints_completed": 2, "tot_waypoints": 9}}
