{"target": -2088.342668514738, "params": {"k_pid_pos": [0.3701007101637357, 0.1252084094247533, 0.9234104917456092], "k_pid_alt": [0.18124111746114924, 0.019000189243649546, 0.5085036732590761], "k_pid_att": [93.54671183037976, 4.40602119723128, 0.17671393609659836], "k_pid_yaw": [0.5, 1e-06, 0.1], "k_pid_hsp": [9.412538607454929, 0.23012874848450715, 0.017286627174220914], "k_pid_vsp": [373.8967535288742, 100.90396361752738, 351.4857945482375]}, "datetime": {"datetime": "2025-08-11 18:02:33", "elapsed": 5832.626958370209, "delta": 30.202740907669067}, "costs": {"total_cost": 2088.342668514738, "time_cost": 150, "final_distance_cost": 48.794877378679175, "oscillation_cost": 806.1334537890565, "completition_cost": 1000.0, "overshoot_cost": 20.695903013221834, "power_cost": 34.51156129150391, "noise_cost": 28.206873042276577, "n_waypoints_completed": 0, "tot_waypoints": 9}}
{"target": -608.424966078257, "params": {"k_pid_pos": [0.9216162828960126, 0.42032180971619937, 0.5396783623349571], "k_pid_alt": [1.9484567687065595, 0.5434190423831567, 0.47531729892564223], "k_pid_att": [74.44116170185586, 1.0979825451731853, 0.26488701862821185], "k_pid_yaw": [0.5, 1e-06, 0.1], "k_pid_hsp": [5.986010202945398, 0.3614753799197006, 0.45304690330797504], "k_pid_vsp": [370.64161035684214, 374.29690651393923, 367.30632311515734]}, "datetime": {"datetime": "2025-08-11 18:02:59", "elapsed": 5858.9295744895935, "delta": 26.302616119384766}, "costs": {"total_cost": 608.424966078257, "time_cost": 101.794, "final_distance_cost": 1.8566397557523622, "oscillation_cost": 390.4348165036424, "completition_cost": 0.0, "overshoot_cost": 58.818309450243746, "power_cost": 30.092866027832034, "noise_cost": 25.428334340786343, "n_waypoints_completed": 9, "tot_waypoints": 9}}
{"target": -1042.6481766084764, "params": {"k_pid_pos": [0.8805922607835336, 0.5917019121216565, 0.33408295431485113], "k_pid_alt": [0.7093035960150469, 0.8274103419918611, 0.23144109695271764], "k_pid_att": [86.77910746280759, 0.9258834542094658, 0.5724096647819279], "k_pid_yaw": [0.5, 1e-06, 0.1], "k_pid_hsp": [8.742446427727796, 0.7724266269497196, 0.6942597190128524], "k_pid_vsp": [153.8015977284299, 111.89731880217795, 3.491776764360017]}, "datetime": {"datetime": "2025-08-11 18:03:29", "elapsed": 5889.177651643753, "delta": 30.248077154159546}, "costs": {"total_cost": 1042.6481766084764, "time_cost": 150, "final_distance_cost": 65.16434764327666, "oscillation_cost": 484.8646593180397, "completition_cost": 222.2222222222222, "overshoot_cost": 54.871065119862514, "power_cost": 33.942895654296876, "noise_cost": 31.582986650778622, "n_waypoints_completed": 7, "tot_waypoints": 9}}
{"target": -1496.7351719291278, "params": {"k_pid_pos": [0.05911441975530875, 0.7416351911114304, 0.9074787401058092], "k_pid_alt": [0.02251776042996556, 0.5272616791275492, 0.8241176547542451], "k_pid_att": [9.277018084206523, 3.140964542005243, 0.03706661076337614], "k_pid_yaw": [0.5, 1e-06, 0.1], "k_pid_hsp": [4.062838103892998, 0.733278290508327, 0.5027713816830657], "k_pid_vsp": [257.1529906289315, 269.0666456561992, 38.70266261125015]}, "datetime": {"datetime": "2025-08-11 18:04:00", "elapsed": 5919.839576005936, "delta": 30.661924362182617}, "costs": {"total_cost": 1496.7351719291278, "time_cost": 150, "final_distance_cost": 83.0819736628759, "oscillation_cost": 371.68128846151217, "completition_cost": 777.7777777777778, "overshoot_cost": 54.29127242250796, "power_cost": 31.312367724609377, "noise_cost": 28.590491879844535, "n_waypoints_completed": 2, "tot_waypoints": 9}}
{"target": -583.6466887042802, "params": {"k_pid_pos": [1.4433728754760782, 0.5135846848349274, 0.6545197018850681], "k_pid_alt": [1.1000406075496993, 0.8225793355251304, 0.7852034981882365], "k_pid_att": [32.21608515555589, 6.498024743064572, 0.6691597690884709], "k_pid_yaw": [0.5, 1e-06, 0.1], "k_pid_hsp": [3.385394406129048, 0.7659644493594118, 0.3562010868028781], "k_pid_vsp": [370.48654412855575, 248.22191142340583, 221.4159864552741]}, "datetime": {"datetime": "2025-08-11 18:04:28", "elapsed": 5947.707879543304, "delta": 27.868303537368774}, "costs": {"total_cost": 583.6466887042802, "time_cost": 107.639, "final_distance_cost": 1.792665528858039, "oscillation_cost": 358.8541122045583, "completition_cost": 0.0, "overshoot_cost": 57.54831750154022, "power_cost": 30.2791158203125, "noise_cost": 27.533477649011207, "n_waypoints_completed": 9, "tot_waypoints": 9}}
{"target": -1038.7890041393734, "params": {"k_pid_pos": [0.6671152452456875, 0.21709452373066151, 0.22347373631672907], "k_pid_alt": [1.5772583040420707, 0.45242998791235955, 0.8853265438995216], "k_pid_att": [18.58554005754093, 8.624840651218346, 0.26017747131896085], "k_pid_yaw": [0.5, 1e-06, 0.1], "k_pid_hsp": [2.645068260752152, 0.9307506192290921, 0.8703490363094576], "k_pid_vsp": [362.8929408268567, 3.5371282156532216, 245.99124629387336]}, "datetime": {"datetime": "2025-08-11 18:04:58", "elapsed": 5978.346565961838, "delta": 30.638686418533325}, "costs": {"total_cost": 1038.7890041393734, "time_cost": 150, "final_distance_cost": 68.72506755938801, "oscillation_cost": 478.2206747458096, "completition_cost": 222.2222222222222, "overshoot_cost": 57.80208021413949, "power_cost": 32.94341092529297, "noise_cost": 28.87554847252129, "n_waypoints_completed": 7, "tot_waypoints": 9}}
{"target": -1440.2202778366182, "params": {"k_pid_pos": [1.6637267659011576, 0.7250687907690229, 0.06528448842644852], "k_pid_alt": [1.6015786493754354, 0.015315742273560806, 0.16251630396565697], "k_pid_att": [18.32024224539707, 7.162123432160043, 0.5544167744519433], "k_pid_yaw": [0.5, 1e-06, 0.1], "k_pid_hsp": [3.3809475395767654, 0.381575956380625, 0.036072780291071194], "k_pid_vsp": [237.34308730010142, 42.28446680645123, 216.6404054357669]}, "datetime": {"datetime": "2025-08-11 18:05:29", "elapsed": 6008.629683017731, "delta": 30.283117055892944}, "costs": {"total_cost": 1440.2202778366182, "time_cost": 150, "final_distance_cost": 0.9907546660234738, "oscillation_cost": 38.72513640649074, "completition_cost": 1000.0, "overshoot_cost": 148.19401210107327, "power_cost": 29.824430432128906, "noise_cost": 72.48594423090157, "n_waypoints_completed": 0, "tot_waypoints": 9}}
{"target": -1578.5821504043442, "params": {"k_pid_pos": [1.3886076646965744, 0.7811495278737028, 0.6251272190854732], "k_pid_alt": [0.5562019497415942, 0.4211437636550345, 0.08802943411468389], "k_pid_att": [2.4388970495311635, 8.226264687857624, 0.354165747068536], "k_pid_yaw": [0.5, 1e-06, 0.1], "k_pid_hsp": [1.8978117196391933, 0.7200320429724056, 0.5760061121224156], "k_pid_vsp": [345.2598151077209, 65.5731608596507, 274.14287135772685]}, "datetime": {"datetime": "2025-08-11 18:06:11", "elapsed": 6050.501685619354, "delta": 41.872002601623535}, "costs": {"total_cost": 1578.5821504043442, "time_cost": 150, "final_distance_cost": 68.29248234962417, "oscillation_cost": 421.03635303091687, "completition_cost": 777.7777777777778, "overshoot_cost": 97.76212392015324, "power_cost": 34.90111901855469, "noise_cost": 28.812294307317302, "n_waypoints_completed": 2, "tot_waypoints": 9}}
{"target": -454.3810798015862, "params": {"k_pid_pos": [1.5734775251868949, 0.19745262636885463, 0.17037313779005647], "k_pid_alt": [0.2233395275570016, 0.5029151992830012, 0.9055851836581011], "k_pid_att": [8.565649124596408, 3.7467372412697006, 0.5311502722364126], "k_pid_yaw": [0.5, 1e-06, 0.1], "k_pid_hsp": [9.800850605992824, 0.808742972219043, 0.9059423974262494], "k_pid_vsp": [188.5794084916629, 322.0994546834272, 12.964144067332251]}, "datetime": {"datetime": "2025-08-11 18:06:39", "elapsed": 6078.854933261871, "delta": 28.35324764251709}, "costs": {"total_cost": 454.3810798015862, "time_cost": 109.97, "final_distance_cost": 1.7797867569290775, "oscillation_cost": 221.8118495884381, "completition_cost": 0.0, "overshoot_cost": 63.37748905443663, "power_cost": 29.4976279296875, "noise_cost": 27.944326472094954, "n_waypoints_completed": 9, "tot_waypoints": 9}}
{"target": -915.0954665399855, "params": {"k_pid_pos": [0.2724351531384512, 0.306063441760104, 0.053686902999653396], "k_pid_alt": [0.3715069830544304, 0.43539438914045325, 0.4899786691488801], "k_pid_att": [57.6842615879834, 3.9531185875866144, 0.19505109029385725], "k_pid_yaw": [0.5, 1e-06, 0.1], "k_pid_hsp": [6.660953920295176, 0.9455629398872847, 0.0028005117365000887], "k_pid_vsp": [148.69417888467794, 265.0405193075053, 188.58573921562285]}, "datetime": {"datetime": "2025-08-11 18:07:10", "elapsed": 6109.642058849335, "delta": 30.78712558746338}, "costs": {"total_cost": 915.0954665399855, "time_cost": 150, "final_distance_cost": 52.93272463323997, "oscillation_cost": 45.05375076781124, "completition_cost": 555.5555555555555, "overshoot_cost": 54.72938830182504, "power_cost": 29.529159680175784, "noise_cost": 27.294887601378022, "n_waypoints_completed": 4, "tot_waypoints": 9}}
{"target": -9168.138043601335, "params": {"k_pid_pos": [0.914968622400506, 0.2825491002910026, 0.0], "k_pid_alt": [2.0, 1.0, 0.0], "k_pid_att": [0.0, 2.6136543446976415, 0.0], "k_pid_yaw": [0.5, 1e-06, 0.1], "k_pid_hsp": [0.0001, 1.0, 0.0], "k_pid_vsp": [295.92990873828114, 349.6950741964942, 90.21301589782425]}, "datetime": {"datetime": "2025-08-11 18:07:43", "elapsed": 6142.952947378159, "delta": 33.31088852882385}, "costs": {"total_cost": 9168.138043601335, "time_cost": 150, "final_distance_cost": 1816.089934194814, "oscillation_cost": 1971.5023790505636, "completition_cost": 1000.0, "overshoot_cost": 4022.3052921176536, "power_cost": 58.26537631835938, "noise_cost": 149.97506191994646, "n_waypoints_completed": 0, "tot_waypoints": 9}}
{"target": -1002.0214176579062, "params": {"k_pid_pos": [1.3094299804144418, 0.7440674789474843, 0.29864615122504357], "k_pid_alt": [1.2206058326635896, 0.5201789010197808, 0.9504084782494854], "k_pid_att": [61.77567233569397, 6.088557240336609, 0.6977922584513138], "k_pid_yaw": [0.5, 1e-06, 0.1], "k_pid_hsp": [0.4441714200992169, 0.2590151678060113, 0.8888501313925314], "k_pid_vsp": [97.58867036981096, 371.5575927506283, 46.238141317369994]}, "datetime": {"datetime": "2025-08-11 18:08:14", "elapsed": 6173.8154146671295, "delta": 30.862467288970947}, "costs": {"total_cost": 1002.0214176579062, "time_cost": 150, "final_distance_cost": 58.513334013247686, "oscillation_cost": 424.47939895555123, "completition_cost": 222.2222222222222, "overshoot_cost": 83.06972929170017, "power_cost": 35.060567517089844, "noise_cost": 28.676165658095226, "n_waypoints_completed": 7, "tot_waypoints": 9}}
{"target": -538.5997939667296, "params": {"k_pid_pos": [1.2633180526661985, 0.11448339423331366, 0.024661498738091314], "k_pid_alt": [1.4640921883312024, 0.7389231278265934, 0.22666691057378385], "k_pid_att": [95.60337957294492, 0.8607110726113529, 0.5393007316422243], "k_pid_yaw": [0.5, 1e-06, 0.1], "k_pid_hsp": [1.3649114176802122, 0.3573106482704822, 0.5686222074122783], "k_pid_vsp": [227.9422897639698, 231.8310218085483, 115.20585331302874]}, "datetime": {"datetime": "2025-08-11 18:08:41", "elapsed": 6201.352037668228, "delta": 27.536623001098633}, "costs": {"total_cost": 538.5997939667296, "time_cost": 108.09400000000001, "final_distance_cost": 1.7368325973481327, "oscillation_cost": 306.7149135060467, "completition_cost": 0.0, "overshoot_cost": 61.490198198073394, "power_cost": 32.6344890625, "noise_cost": 27.92936060276136, "n_waypoints_completed": 9, "tot_waypoints": 9}}
{"target": -1787.0898426202634, "params": {"k_pid_pos": [0.726319899884624, 0.2436951795062361, 0.7158106486438021], "k_pid_alt": [1.583802102555064, 0.4295130391595363, 0.9694726859873583], "k_pid_att": [0.12349090066134938, 0.26512334965748724, 0.6020114368603433], "k_pid_yaw": [0.5, 1e-06, 0.1], "k_pid_hsp": [2.239524247164255, 0.5183058141773774, 0.5699911224579052], "k_pid_vsp": [111.06220101680351, 334.0019830435411, 349.62308753198323]}, "datetime": {"datetime": "2025-08-11 18:09:12", "elapsed": 6231.745718717575, "delta": 30.393681049346924}, "costs": {"total_cost": 1787.0898426202634, "time_cost": 150, "final_distance_cost": 10.132359914640604, "oscillation_cost": 177.86981129466798, "completition_cost": 1000.0, "overshoot_cost": 250.29933884838448, "power_cost": 49.85880906982422, "noise_cost": 148.92952349274637, "n_waypoints_completed": 0, "tot_waypoints": 9}}
{"target": -824.1861930585271, "params": {"k_pid_pos": [0.7031846545999064, 0.8526442992879697, 0.09734623078290383], "k_pid_alt": [1.2824744510524964, 0.35860538175605927, 0.6338824143193078], "k_pid_att": [55.01398429397187, 5.842871132454318, 0.7288105009274548], "k_pid_yaw": [0.5, 1e-06, 0.1], "k_pid_hsp": [7.913740800579529, 0.2792740723443754, 0.7794446454298235], "k_pid_vsp": [353.9367433677252, 94.8756400212179, 319.4003220693677]}, "datetime": {"datetime": "2025-08-11 18:09:42", "elapsed": 6261.714401960373, "delta": 29.96868324279785}, "costs": {"total_cost": 824.1861930585271, "time_cost": 150, "final_distance_cost": 84.0810415754793, "oscillation_cost": 235.8293620430059, "completition_cost": 222.2222222222222, "overshoot_cost": 65.52885437906336, "power_cost": 36.60244830322266, "noise_cost": 29.92226453553369, "n_waypoints_completed": 7, "tot_waypoints": 9}}
{"target": -972.8762127692744, "params": {"k_pid_pos": [1.151379579074437, 0.43518128961412983, 0.81116208501283], "k_pid_alt": [1.7161916269338133, 0.3217694752053716, 0.6082013964904672], "k_pid_att": [75.39194746157611, 7.411228675592643, 0.03492800608820201], "k_pid_yaw": [0.5, 1e-06, 0.1], "k_pid_hsp": [7.182987115991314, 0.7570199127751939, 0.8258359572192103], "k_pid_vsp": [39.10314832575281, 190.7654867687546, 69.74051287666452]}, "datetime": {"datetime": "2025-08-11 18:10:12", "elapsed": 6292.259768247604, "delta": 30.545366287231445}, "costs": {"total_cost": 972.8762127692744, "time_cost": 150, "final_distance_cost": 45.138230918347055, "oscillation_cost": 549.2345492365885, "completition_cost": 111.11111111111116, "overshoot_cost": 53.70915649098141, "power_cost": 35.446958129882816, "noise_cost": 28.236206882363476, "n_waypoints_completed": 8, "tot_waypoints": 9}}
{"target": -728.7074863402016, "params": {"k_pid_pos": [1.5153382030743408, 0.6739423348601327, 0.22718406396466384], "k_pid_alt": [1.049047611028482, 0.1603748454961056, 0.8044475161673693], "k_pid_att": [26.605972735266104, 6.041430610487085, 0.8124835544738619], "k_pid_yaw": [0.5, 1e-06, 0.1], "k_pid_hsp": [5.563734271835692, 0.9685812440551961, 0.23637937754115668], "k_pid_vsp": [214.2155172976639, 67.9187903446802, 105.79656193824155]}, "datetime": {"datetime": "2025-08-11 18:10:42", "elapsed": 6321.902181386948, "delta": 29.64241313934326}, "costs": {"total_cost": 728.7074863402016, "time_cost": 150, "final_distance_cost": 6.713735386149376, "oscillation_cost": 331.0291943869596, "completition_cost": 111.11111111111116, "overshoot_cost": 65.74859167051994, "power_cost": 34.84901979980469, "noise_cost": 29.255833985656942, "n_waypoints_completed": 8, "tot_waypoints": 9}}
{"target": -1328.6733458340218, "params": {"k_pid_pos": [1.8077692523623423, 0.9136513497292595, 0.3533937963065791], "k_pid_alt": [1.9020529001662758, 0.8806905328285043, 0.1515473917103497], "k_pid_att": [70.2624344519247, 1.1658868852762099, 0.28167354072637385], "k_pid_yaw": [0.5, 1e-06, 0.1], "k_pid_hsp": [9.54848478876378, 0.03752823296911101, 0.3701775173480465], "k_pid_vsp": [61.35189950528357, 214.711469082221, 374.9917071040655]}, "datetime": {"datetime": "2025-08-11 18:11:13", "elapsed": 6353.06639289856, "delta": 31.16421151161194}, "costs": {"total_cost": 1328.6733458340218, "time_cost": 150, "final_distance_cost": 47.62245862262888, "oscillation_cost": 264.25831407188736, "completition_cost": 666.6666666666667, "overshoot_cost": 92.0709542419999, "power_cost": 35.475838098144536, "noise_cost": 72.57911413269419, "n_waypoints_completed": 3, "tot_waypoints": 9}}
{"target": -1347.2898150658932, "params": {"k_pid_pos": [1.6804661676135118, 0.64468244211914, 0.025343692024165088], "k_pid_alt": [0.2768255838885245, 0.028595068215436226, 0.3758870006689695], "k_pid_att": [51.971353285318635, 7.5486327567246665, 0.10839437657519169], "k_pid_yaw": [0.5, 1e-06, 0.1], "k_pid_hsp": [5.502771781892073, 0.44224057009734696, 0.8480655490624945], "k_pid_vsp": [212.79087749764258, 146.34603666657438, 282.69037003715135]}, "datetime": {"datetime": "2025-08-11 18:11:44", "elapsed": 6383.559383869171, "delta": 30.492990970611572}, "costs": {"total_cost": 1347.2898150658932, "time_cost": 150, "final_distance_cost": 58.24803940546578, "oscillation_cost": 345.0815298453747, "completition_cost": 666.6666666666667, "overshoot_cost": 59.000293526476064, "power_cost": 37.323627746582034, "noise_cost": 30.969657875327847, "n_waypoints_completed": 3, "tot_waypoints": 9}}
{"target": -1128.257278352071, "params": {"k_pid_pos": [0.22287038356503372, 0.7471736813317154, 0.9085376925627884], "k_pid_alt": [1.762833079180434, 0.7045690147900001, 0.8542843184516928], "k_pid_att": [95.21256672687336, 4.367384936204107, 0.4138740819992758], "k_pid_yaw": [0.5, 1e-06, 0.1], "k_pid_hsp": [7.085687716463461, 0.19935360283286907, 0.12308972959208886], "k_pid_vsp": [326.3282694010427, 137.70914771032434, 83.83825736351679]}, "datetime": {"datetime": "2025-08-11 18:12:15", "elapsed": 6414.725818872452, "delta": 31.16643500328064}, "costs": {"total_cost": 1128.257278352071, "time_cost": 150, "final_distance_cost": 60.47856093975946, "oscillation_cost": 582.3156231283165, "completition_cost": 222.2222222222222, "overshoot_cost": 50.9276900504289, "power_cost": 34.257593493652344, "noise_cost": 28.055588517691383, "n_waypoints_completed": 7, "tot_waypoints": 9}}
{"target": -639.2697185026489, "params": {"k_pid_pos": [0.6304195403758455, 0.5788978393757229, 0.1050555851839472], "k_pid_alt": [1.2029215472577912, 0.7795622046396354, 0.31954398749040624], "k_pid_att": [56.92644291235304, 6.561921788460534, 0.6126946486848597], "k_pid_yaw": [0.5, 1e-06, 0.1], "k_pid_hsp": [8.058003883008347, 0.576553512206858, 0.830582565336426], "k_pid_vsp": [300.3778784488139, 352.92373948761264, 49.956939761958026]}, "datetime": {"datetime": "2025-08-11 18:12:45", "elapsed": 6444.836153268814, "delta": 30.110334396362305}, "costs": {"total_cost": 639.2697185026489, "time_cost": 114.723, "final_distance_cost": 1.7651733962740583, "oscillation_cost": 405.2721913522744, "completition_cost": 0.0, "overshoot_cost": 56.8600759129953, "power_cost": 33.33645073242187, "noise_cost": 27.312827108683276, "n_waypoints_completed": 9, "tot_waypoints": 9}}
{"target": -544.3378879748367, "params": {"k_pid_pos": [1.6787063262749464, 0.06595209131319058, 0.6441927446218995], "k_pid_alt": [0.10850756929760852, 0.6499868089900425, 0.6334995894039852], "k_pid_att": [32.99146595181587, 6.221522010063289, 0.46787097882919604], "k_pid_yaw": [0.5, 1e-06, 0.1], "k_pid_hsp": [5.666584907350098, 0.4507358279620506, 0.7540858978117481], "k_pid_vsp": [57.08047894129544, 294.19529058847587, 46.745567227470396]}, "datetime": {"datetime": "2025-08-11 18:13:10", "elapsed": 6469.764157295227, "delta": 24.928004026412964}, "costs": {"total_cost": 544.3378879748367, "time_cost": 95.522, "final_distance_cost": 1.7576273031132565, "oscillation_cost": 334.43852108853054, "completition_cost": 0.0, "overshoot_cost": 62.66353229151322, "power_cost": 26.974957739257814, "noise_cost": 22.98124955242186, "n_waypoints_completed": 9, "tot_waypoints": 9}}
{"target": -1052.558744789752, "params": {"k_pid_pos": [0.9148345924349989, 0.28333013348339686, 0.7193684817135484], "k_pid_alt": [1.0700332378160162, 0.6433559290733153, 0.646041825773262], "k_pid_att": [47.91906990505043, 3.8212394642167973, 0.25816847757885564], "k_pid_yaw": [0.5, 1e-06, 0.1], "k_pid_hsp": [4.008006073704341, 0.5196138637923868, 0.9282243173719226], "k_pid_vsp": [397.323884096423, 219.58514321849893, 223.71963723656125]}, "datetime": {"datetime": "2025-08-11 18:13:40", "elapsed": 6499.753073692322, "delta": 29.988916397094727}, "costs": {"total_cost": 1052.558744789752, "time_cost": 150, "final_distance_cost": 68.52354801793034, "oscillation_cost": 494.7173104057556, "completition_cost": 222.2222222222222, "overshoot_cost": 53.448778147035384, "power_cost": 35.5146466796875, "noise_cost": 28.132239317120934, "n_waypoints_completed": 7, "tot_waypoints": 9}}
{"target": -792.2479520754531, "params": {"k_pid_pos": [0.5368151782301427, 0.30594154033448206, 0.14371226804872317], "k_pid_alt": [1.9882010985620635, 0.283574233112579, 0.16144044688141646], "k_pid_att": [88.36666296095301, 6.761196563634068, 0.28208850454914636], "k_pid_yaw": [0.5, 1e-06, 0.1], "k_pid_hsp": [7.995503219138173, 0.431672107864712, 0.6333254836697237], "k_pid_vsp": [300.1130180375637, 93.90993479287778, 348.9924435913068]}, "datetime": {"datetime": "2025-08-11 18:14:09", "elapsed": 6528.5826625823975, "delta": 28.829588890075684}, "costs": {"total_cost": 792.2479520754531, "time_cost": 110.677, "final_distance_cost": 1.7824259101459725, "oscillation_cost": 554.4204899896929, "completition_cost": 0.0, "overshoot_cost": 65.09531967859407, "power_cost": 33.05858802490234, "noise_cost": 27.214128472117903, "n_waypoints_completed": 9, "tot_waypoints": 9}}
