{"target": -868.8949131612027, "params": {"k_pid_pos": [0.19260109932740055, 0.16834364385519252, 0.00660022851379749], "k_pid_alt": [0.47456634296593436, 0.8531179100872175, 0.0016342425170614572], "k_pid_att": [19.90591158656172, 9.228797423766466, 0.9601514145206382], "k_pid_yaw": [0.5, 1e-06, 0.1], "k_pid_hsp": [1.4021270456261474, 0.14543606617486815, 0.20669943841242022], "k_pid_vsp": [289.85915565736184, 335.46504578466096, 148.8544365195154]}, "datetime": {"datetime": "2025-08-12 11:30:24", "elapsed": 68704.01670646667, "delta": 46.16371273994446}, "costs": {"total_cost": 868.8949131612027, "time_cost": 150, "final_distance_cost": 72.11067812420484, "oscillation_cost": 191.39697122186138, "completition_cost": 333.33333333333337, "overshoot_cost": 63.795675993423394, "power_cost": 31.13382987060547, "noise_cost": 27.1244246177742, "n_waypoints_completed": 6, "tot_waypoints": 9}}
{"target": -468.8222058226613, "params": {"k_pid_pos": [1.7638264013274378, 0.34957317443806823, 0.04551281003290908], "k_pid_alt": [1.8313182211614187, 0.06954925708427095, 0.9411567803789709], "k_pid_att": [50.623401615101294, 7.693258818204301, 0.40984236178635614], "k_pid_yaw": [0.5, 1e-06, 0.1], "k_pid_hsp": [6.555545634022345, 0.7690411014547949, 0.8149047936635736], "k_pid_vsp": [233.34569174808783, 68.94470516341951, 152.6333335001472]}, "datetime": {"datetime": "2025-08-12 11:31:04", "elapsed": 68744.01494503021, "delta": 39.9982385635376}, "costs": {"total_cost": 468.8222058226613, "time_cost": 88.074, "final_distance_cost": 1.7356512185691542, "oscillation_cost": 267.8157964196501, "completition_cost": 0.0, "overshoot_cost": 63.544770366340146, "power_cost": 25.945752941894533, "noise_cost": 21.706234876207407, "n_waypoints_completed": 9, "tot_waypoints": 9}}
{"target": -1277.7249985668366, "params": {"k_pid_pos": [0.15980137219909699, 0.2576771050470896, 0.4638998393557059], "k_pid_alt": [1.0152139909375226, 0.6666929911833283, 0.8786983195913192], "k_pid_att": [9.930871781236917, 7.99045874482292, 0.5552525059169058], "k_pid_yaw": [0.5, 1e-06, 0.1], "k_pid_hsp": [5.18053597083144, 0.653924984307617, 0.7128883877122241], "k_pid_vsp": [82.29742923715509, 194.97617719344086, 31.264085387425606]}, "datetime": {"datetime": "2025-08-12 11:31:47", "elapsed": 68787.15241384506, "delta": 43.13746881484985}, "costs": {"total_cost": 1277.7249985668366, "time_cost": 150, "final_distance_cost": 54.81606777261753, "oscillation_cost": 304.34517597907166, "completition_cost": 666.6666666666667, "overshoot_cost": 46.16047020312818, "power_cost": 29.183734924316408, "noise_cost": 26.552883021036024, "n_waypoints_completed": 3, "tot_waypoints": 9}}
{"target": -793.7043003395241, "params": {"k_pid_pos": [0.31588459313405026, 0.7407515570850058, 0.40222332266523864], "k_pid_alt": [1.8779779688177456, 0.6320992373639155, 0.4241415331070424], "k_pid_att": [2.7159744720133827, 1.3099132811703749, 0.7286192335329], "k_pid_yaw": [0.5, 1e-06, 0.1], "k_pid_hsp": [2.6431157837578345, 0.7961936789960027, 0.9223310509500658], "k_pid_vsp": [263.30824846954357, 267.98362398917294, 46.3002132608063]}, "datetime": {"datetime": "2025-08-12 11:32:48", "elapsed": 68848.12810897827, "delta": 60.97569513320923}, "costs": {"total_cost": 793.7043003395241, "time_cost": 150, "final_distance_cost": 76.42674571484316, "oscillation_cost": 121.00575689302693, "completition_cost": 333.33333333333337, "overshoot_cost": 52.79748195936057, "power_cost": 32.52836628417969, "noise_cost": 27.61261615478045, "n_waypoints_completed": 6, "tot_waypoints": 9}}
{"target": -468.93126434444844, "params": {"k_pid_pos": [1.5563805855195179, 0.15964156207785868, 0.9908962515588752], "k_pid_alt": [1.3058314657924686, 1.0, 0.8158416878104184], "k_pid_att": [11.427552888356512, 2.7575933996288606, 0.5910274049635601], "k_pid_yaw": [0.5, 1e-06, 0.1], "k_pid_hsp": [4.66016050162037, 0.0, 1.0], "k_pid_vsp": [238.09676482184426, 258.8437436584871, 22.37471883313672]}, "datetime": {"datetime": "2025-08-12 11:33:26", "elapsed": 68886.06671023369, "delta": 37.93860125541687}, "costs": {"total_cost": 468.93126434444844, "time_cost": 99.715, "final_distance_cost": 1.784210520914027, "oscillation_cost": 256.48867409662176, "completition_cost": 0.0, "overshoot_cost": 60.185588898602155, "power_cost": 26.601881787109377, "noise_cost": 24.155909041201127, "n_waypoints_completed": 9, "tot_waypoints": 9}}
{"target": -509.4824079471829, "params": {"k_pid_pos": [1.9432239728711247, 0.40329261667559413, 0.8405819939173184], "k_pid_alt": [1.387761080951689, 0.2282054038043969, 0.7367355762818049], "k_pid_att": [8.543955707767537, 3.556270561619309, 0.06140206342824095], "k_pid_yaw": [0.5, 1e-06, 0.1], "k_pid_hsp": [4.475280041994286, 0.05524533042071955, 0.5562757180904115], "k_pid_vsp": [236.1428649657211, 274.7428665828556, 26.0718296634958]}, "datetime": {"datetime": "2025-08-12 11:34:03", "elapsed": 68922.8717341423, "delta": 36.80502390861511}, "costs": {"total_cost": 509.4824079471829, "time_cost": 94.507, "final_distance_cost": 1.7948094356380828, "oscillation_cost": 309.45886103689884, "completition_cost": 0.0, "overshoot_cost": 54.48554414350887, "power_cost": 25.12404382324219, "noise_cost": 24.112149507894863, "n_waypoints_completed": 9, "tot_waypoints": 9}}
{"target": -496.6467679775753, "params": {"k_pid_pos": [2.0, 0.0, 0.4984635738644395], "k_pid_alt": [1.985359255736995, 0.15209874824765315, 1.0], "k_pid_att": [35.950546466705596, 3.07497976983901, 0.047121174048252376], "k_pid_yaw": [0.5, 1e-06, 0.1], "k_pid_hsp": [10.0, 1.0, 0.0], "k_pid_vsp": [282.84374761290945, 345.13327021824006, 23.947167294946503]}, "datetime": {"datetime": "2025-08-12 11:34:54", "elapsed": 68973.74667859077, "delta": 50.87494444847107}, "costs": {"total_cost": 496.6467679775753, "time_cost": 86.037, "final_distance_cost": 1.786519468573857, "oscillation_cost": 311.4546981813172, "completition_cost": 0.0, "overshoot_cost": 51.154789399610664, "power_cost": 24.19611776123047, "noise_cost": 22.017643166843087, "n_waypoints_completed": 9, "tot_waypoints": 9}}
{"target": -601.7951033505408, "params": {"k_pid_pos": [0.9184494284945081, 0.481600028202109, 0.7302525771081093], "k_pid_alt": [1.9842311597906614, 0.06380737145178994, 0.9278716807200069], "k_pid_att": [40.869043395472325, 1.0611647233738482, 0.0926930877224782], "k_pid_yaw": [0.5, 1e-06, 0.1], "k_pid_hsp": [4.1180814685810985, 0.17293260570176527, 0.48491139487444], "k_pid_vsp": [201.99012426318862, 242.27843616998442, 122.4200074302719]}, "datetime": {"datetime": "2025-08-12 11:35:28", "elapsed": 69008.29622077942, "delta": 34.54954218864441}, "costs": {"total_cost": 601.7951033505408, "time_cost": 92.876, "final_distance_cost": 1.774487790311305, "oscillation_cost": 402.05440660646946, "completition_cost": 0.0, "overshoot_cost": 54.294585847657345, "power_cost": 27.307395654296876, "noise_cost": 23.488227451805795, "n_waypoints_completed": 9, "tot_waypoints": 9}}
{"target": -920.5269240489059, "params": {"k_pid_pos": [0.6591537489687922, 0.7230956754806778, 0.0687960141722721], "k_pid_alt": [0.7879407187498284, 0.9321449573478087, 0.02651113619324108], "k_pid_att": [34.328352793515485, 1.1976344926125932, 0.3075554195050739], "k_pid_yaw": [0.5, 1e-06, 0.1], "k_pid_hsp": [8.153335953979928, 0.11403438049270676, 0.4532742007301198], "k_pid_vsp": [210.63133876401346, 235.61860681251565, 131.7136774193365]}, "datetime": {"datetime": "2025-08-12 11:36:11", "elapsed": 69050.57711148262, "delta": 42.280890703201294}, "costs": {"total_cost": 920.5269240489059, "time_cost": 150, "final_distance_cost": 65.53205651688671, "oscillation_cost": 355.0702332721991, "completition_cost": 222.2222222222222, "overshoot_cost": 62.30561064511795, "power_cost": 35.163458154296876, "noise_cost": 30.23334323818299, "n_waypoints_completed": 7, "tot_waypoints": 9}}
{"target": -338.58874213121464, "params": {"k_pid_pos": [1.7907463523387224, 0.6415973819683958, 0.6825183112262322], "k_pid_alt": [1.1946747819408727, 0.9650963627470187, 0.8244237552516132], "k_pid_att": [6.829380759517822, 3.4011539210632766, 0.35135394555839894], "k_pid_yaw": [0.5, 1e-06, 0.1], "k_pid_hsp": [9.470173622756782, 0.9890830667310955, 0.08059432250137433], "k_pid_vsp": [287.3524621862868, 350.42721095169657, 21.980856076667443]}, "datetime": {"datetime": "2025-08-12 11:36:48", "elapsed": 69088.28644943237, "delta": 37.70933794975281}, "costs": {"total_cost": 338.58874213121464, "time_cost": 99.232, "final_distance_cost": 1.7311592678512568, "oscillation_cost": 129.71214974483402, "completition_cost": 0.0, "overshoot_cost": 55.875773177608174, "power_cost": 25.891872314453128, "noise_cost": 26.145787626468127, "n_waypoints_completed": 9, "tot_waypoints": 9}}
{"target": -452.56011276529716, "params": {"k_pid_pos": [1.2353973998052397, 0.5635295357113775, 0.8272521000241625], "k_pid_alt": [1.1247769539717338, 0.3339977595387965, 0.5704095732017604], "k_pid_att": [13.557248928754738, 9.694087404947645, 0.322102352708716], "k_pid_yaw": [0.5, 1e-06, 0.1], "k_pid_hsp": [7.3866658564361405, 0.19104325115566934, 0.4782327801052755], "k_pid_vsp": [230.1755891580294, 276.1700477537082, 28.52446721111874]}, "datetime": {"datetime": "2025-08-12 11:37:24", "elapsed": 69123.41144323349, "delta": 35.12499380111694}, "costs": {"total_cost": 452.56011276529716, "time_cost": 92.645, "final_distance_cost": 1.7434357639253173, "oscillation_cost": 256.8560618142726, "completition_cost": 0.0, "overshoot_cost": 53.948082785915794, "power_cost": 24.297246044921877, "noise_cost": 23.070286356261615, "n_waypoints_completed": 9, "tot_waypoints": 9}}
{"target": -290.18515997696534, "params": {"k_pid_pos": [0.9270005355222822, 0.2539398670174848, 0.0], "k_pid_alt": [0.0, 1.0, 0.0], "k_pid_att": [7.387673970144657, 1.09563410795233, 0.8460008091374532], "k_pid_yaw": [0.5, 1e-06, 0.1], "k_pid_hsp": [7.536233707200212, 0.1220322895892026, 0.0], "k_pid_vsp": [267.6330024439894, 258.4672347806307, 46.15226028943419]}, "datetime": {"datetime": "2025-08-12 11:38:14", "elapsed": 69173.4289560318, "delta": 50.017512798309326}, "costs": {"total_cost": 290.18515997696534, "time_cost": 113.918, "final_distance_cost": 1.7424300905304035, "oscillation_cost": 51.875305447876954, "completition_cost": 0.0, "overshoot_cost": 66.69130602186075, "power_cost": 29.17739305419922, "noise_cost": 26.780725362498, "n_waypoints_completed": 9, "tot_waypoints": 9}}
{"target": -1056.2940345692996, "params": {"k_pid_pos": [0.3482819647859175, 0.6595423449785168, 0.7426025496408588], "k_pid_alt": [1.6224437590578475, 0.9281214673611338, 0.6852990462485102], "k_pid_att": [19.776081873995576, 7.113512876795611, 0.13863542042483312], "k_pid_yaw": [0.5, 1e-06, 0.1], "k_pid_hsp": [2.428138926342186, 0.010592801851406097, 0.7734053203703335], "k_pid_vsp": [247.9426729634906, 273.89744834895464, 36.86230657411475]}, "datetime": {"datetime": "2025-08-12 11:39:04", "elapsed": 69223.3762485981, "delta": 49.94729256629944}, "costs": {"total_cost": 1056.2940345692996, "time_cost": 150, "final_distance_cost": 75.03438133964804, "oscillation_cost": 490.2506076342076, "completition_cost": 222.2222222222222, "overshoot_cost": 57.02418891126654, "power_cost": 32.171597985839846, "noise_cost": 29.591036476115512, "n_waypoints_completed": 7, "tot_waypoints": 9}}
{"target": -599.9880370349525, "params": {"k_pid_pos": [1.5801382610607775, 0.7135893514017412, 0.8229232851745157], "k_pid_alt": [0.9349979106433792, 0.6844568253624596, 0.7148016977467408], "k_pid_att": [54.65142982070043, 2.6962803909630004, 0.4624874600170157], "k_pid_yaw": [0.5, 1e-06, 0.1], "k_pid_hsp": [6.9488181809575655, 0.835960586542344, 0.6670403655540503], "k_pid_vsp": [233.78048834001456, 93.13589170279053, 34.21074748168561]}, "datetime": {"datetime": "2025-08-12 11:40:03", "elapsed": 69282.66784334183, "delta": 59.29159474372864}, "costs": {"total_cost": 599.9880370349525, "time_cost": 104.013, "final_distance_cost": 1.7378952750465289, "oscillation_cost": 378.3044915115878, "completition_cost": 0.0, "overshoot_cost": 57.48698767735362, "power_cost": 31.06077204589844, "noise_cost": 27.384890525066083, "n_waypoints_completed": 9, "tot_waypoints": 9}}
{"target": -383.4647676086016, "params": {"k_pid_pos": [2.0, 0.0, 0.41255289984514804], "k_pid_alt": [2.0, 0.0, 0.7848158153993469], "k_pid_att": [52.3152338009809, 8.347128706083398, 1.0], "k_pid_yaw": [0.5, 1e-06, 0.1], "k_pid_hsp": [9.574639646828109, 1.0, 0.8261505330768296], "k_pid_vsp": [234.29858249093053, 73.05979318857582, 155.86412937180938]}, "datetime": {"datetime": "2025-08-12 11:40:50", "elapsed": 69329.6765472889, "delta": 47.00870394706726}, "costs": {"total_cost": 383.4647676086016, "time_cost": 76.881, "final_distance_cost": 1.8257044723354616, "oscillation_cost": 206.33275179301893, "completition_cost": 0.0, "overshoot_cost": 55.925868703358844, "power_cost": 22.601282336425783, "noise_cost": 19.89816030346266, "n_waypoints_completed": 9, "tot_waypoints": 9}}
{"target": -1286.6062605497632, "params": {"k_pid_pos": [0.0001, 0.0, 0.0], "k_pid_alt": [2.0, 0.0, 1.0], "k_pid_att": [43.463917947437224, 9.507367135190735, 0.0], "k_pid_yaw": [0.5, 1e-06, 0.1], "k_pid_hsp": [0.4586608331245076, 0.0, 0.0], "k_pid_vsp": [183.23502952441103, 12.525179403971295, 0.44703912977357657]}, "datetime": {"datetime": "2025-08-12 11:41:39", "elapsed": 69379.14441847801, "delta": 49.46787118911743}, "costs": {"total_cost": 1286.6062605497632, "time_cost": 150, "final_distance_cost": 45.99204036766364, "oscillation_cost": 0.9046908745303055, "completition_cost": 1000.0, "overshoot_cost": 35.58745372900456, "power_cost": 21.006132250976563, "noise_cost": 33.11594332758801, "n_waypoints_completed": 0, "tot_waypoints": 9}}
{"target": -219.204605141435, "params": {"k_pid_pos": [2.0, 0.5367632347126455, 1.0], "k_pid_alt": [2.0, 0.0, 0.0], "k_pid_att": [16.980114187916595, 2.863571562964903, 1.0], "k_pid_yaw": [0.5, 1e-06, 0.1], "k_pid_hsp": [9.725463333533428, 1.0, 0.0], "k_pid_vsp": [229.9011253951228, 38.447051345103624, 35.841594293526605]}, "datetime": {"datetime": "2025-08-12 11:42:15", "elapsed": 69415.12631201744, "delta": 35.98189353942871}, "costs": {"total_cost": 219.204605141435, "time_cost": 71.743, "final_distance_cost": 1.8058459314218298, "oscillation_cost": 57.43615194657066, "completition_cost": 0.0, "overshoot_cost": 50.543041531827114, "power_cost": 18.955874951171875, "noise_cost": 18.720690780443523, "n_waypoints_completed": 9, "tot_waypoints": 9}}
{"target": -226.98084314200028, "params": {"k_pid_pos": [2.0, 0.0, 1.0], "k_pid_alt": [2.0, 1.0, 0.5654162934981959], "k_pid_att": [7.922654292020041, 0.0029183384042013446, 1.0], "k_pid_yaw": [0.5, 1e-06, 0.1], "k_pid_hsp": [8.990632756552888, 0.0, 0.0], "k_pid_vsp": [270.69348355706774, 261.85061820998254, 46.81228691020402]}, "datetime": {"datetime": "2025-08-12 11:42:55", "elapsed": 69454.57047581673, "delta": 39.44416379928589}, "costs": {"total_cost": 226.98084314200028, "time_cost": 77.28, "final_distance_cost": 1.7352905628689879, "oscillation_cost": 55.80371255552057, "completition_cost": 0.0, "overshoot_cost": 52.9504172920134, "power_cost": 20.40007257080078, "noise_cost": 18.81135016079653, "n_waypoints_completed": 9, "tot_waypoints": 9}}
{"target": -509.49092792518724, "params": {"k_pid_pos": [0.4904772742262899, 0.17975534840751717, 0.30320449623202594], "k_pid_alt": [1.943831088285305, 0.009764734537198838, 0.9093896011232542], "k_pid_att": [19.11195925006539, 5.582092144983099, 0.7276856286925527], "k_pid_yaw": [0.5, 1e-06, 0.1], "k_pid_hsp": [3.6980598137046448, 0.26742793823997246, 0.7577596223777573], "k_pid_vsp": [225.24091995149033, 41.213319559053005, 38.507825174289515]}, "datetime": {"datetime": "2025-08-12 11:43:33", "elapsed": 69492.73452401161, "delta": 38.164048194885254}, "costs": {"total_cost": 509.49092792518724, "time_cost": 102.571, "final_distance_cost": 1.8129698769288334, "oscillation_cost": 299.154666388987, "completition_cost": 0.0, "overshoot_cost": 54.61368024306092, "power_cost": 26.14562247314453, "noise_cost": 25.192988943066002, "n_waypoints_completed": 9, "tot_waypoints": 9}}
{"target": -1155.3125770065485, "params": {"k_pid_pos": [1.3660763343279874, 0.16676733514943864, 0.465240219610627], "k_pid_alt": [1.8673176078344185, 0.1329513404073095, 0.5829958679417918], "k_pid_att": [30.412271840180903, 3.8967075893045973, 0.4537057046185866], "k_pid_yaw": [0.5, 1e-06, 0.1], "k_pid_hsp": [3.894168626277731, 0.2395181773257039, 0.89019859805347], "k_pid_vsp": [275.2104272161488, 261.9650064513138, 4.741598605026983]}, "datetime": {"datetime": "2025-08-12 11:44:16", "elapsed": 69535.6173799038, "delta": 42.8828558921814}, "costs": {"total_cost": 1155.3125770065485, "time_cost": 150, "final_distance_cost": 72.67096540152716, "oscillation_cost": 603.9956913480794, "completition_cost": 222.2222222222222, "overshoot_cost": 43.43618889582238, "power_cost": 31.806232690429688, "noise_cost": 31.18127644846779, "n_waypoints_completed": 7, "tot_waypoints": 9}}
{"target": -448.74270665059316, "params": {"k_pid_pos": [1.8128231620912794, 0.6263519442647745, 0.9261064408097213], "k_pid_alt": [0.3002051735706497, 0.3425652392945958, 0.8113052268700757], "k_pid_att": [3.713723989210116, 8.15877877233884, 0.28148508718334786], "k_pid_yaw": [0.5, 1e-06, 0.1], "k_pid_hsp": [7.5867341095758185, 0.8113209968063253, 0.39862884403762777], "k_pid_vsp": [265.8761752845287, 264.9673030989542, 38.00304071907066]}, "datetime": {"datetime": "2025-08-12 11:44:57", "elapsed": 69576.60445404053, "delta": 40.98707413673401}, "costs": {"total_cost": 448.74270665059316, "time_cost": 104.09700000000001, "final_distance_cost": 1.7752980607837565, "oscillation_cost": 230.61060797835492, "completition_cost": 0.0, "overshoot_cost": 58.751524592267714, "power_cost": 28.184031506347658, "noise_cost": 25.32424451283906, "n_waypoints_completed": 9, "tot_waypoints": 9}}
{"target": -521.795028174126, "params": {"k_pid_pos": [0.710217748000703, 0.11900265282772504, 0.5799190931786417], "k_pid_alt": [0.7425675179747107, 0.9297992820892345, 0.9219752879558322], "k_pid_att": [36.492549822866906, 4.938012651013728, 0.5519503890746142], "k_pid_yaw": [0.5, 1e-06, 0.1], "k_pid_hsp": [1.7188502284184795, 0.869983414809686, 0.2581100679444227], "k_pid_vsp": [24.41020678164465, 393.7249788865395, 57.971345801171715]}, "datetime": {"datetime": "2025-08-12 11:45:47", "elapsed": 69626.53103756905, "delta": 49.92658352851868}, "costs": {"total_cost": 521.795028174126, "time_cost": 94.82900000000001, "final_distance_cost": 1.8146867441588443, "oscillation_cost": 315.30956844347764, "completition_cost": 0.0, "overshoot_cost": 60.18567958145259, "power_cost": 26.625803735351564, "noise_cost": 23.03028966968528, "n_waypoints_completed": 9, "tot_waypoints": 9}}
{"target": -558.0173166584008, "params": {"k_pid_pos": [1.63576225311265, 0.8347093293394713, 0.8594476693167125], "k_pid_alt": [1.7647167756019164, 0.2303730687528791, 0.18216848889927018], "k_pid_att": [64.09728233245693, 7.449397935313991, 0.9316179223777039], "k_pid_yaw": [0.5, 1e-06, 0.1], "k_pid_hsp": [2.984592693361935, 0.9884628794366034, 0.26973493087771605], "k_pid_vsp": [257.61504083159053, 131.56072980864997, 22.00174707232172]}, "datetime": {"datetime": "2025-08-12 11:46:30", "elapsed": 69670.06577706337, "delta": 43.53473949432373}, "costs": {"total_cost": 558.0173166584008, "time_cost": 105.322, "final_distance_cost": 1.761609186974769, "oscillation_cost": 338.3945333168092, "completition_cost": 0.0, "overshoot_cost": 55.15322507744459, "power_cost": 31.20001256103516, "noise_cost": 26.185936516137023, "n_waypoints_completed": 9, "tot_waypoints": 9}}
{"target": -369.43227834498833, "params": {"k_pid_pos": [1.5762178533133908, 0.13823385545558642, 0.5811770457470166], "k_pid_alt": [1.4397549198445923, 0.8385378743606199, 0.32945727675934744], "k_pid_att": [13.41588631361641, 2.2008658426652232, 0.37355973896714734], "k_pid_yaw": [0.5, 1e-06, 0.1], "k_pid_hsp": [3.0109856341913446, 0.370069942515836, 0.39330689256503104], "k_pid_vsp": [238.3741459049406, 254.1702802355487, 14.812615671440856]}, "datetime": {"datetime": "2025-08-12 11:47:04", "elapsed": 69704.2701766491, "delta": 34.20439958572388}, "costs": {"total_cost": 369.43227834498833, "time_cost": 81.284, "final_distance_cost": 1.7780655704294206, "oscillation_cost": 188.94088584823473, "completition_cost": 0.0, "overshoot_cost": 53.152486200110665, "power_cost": 23.250844470214844, "noise_cost": 21.025996255998656, "n_waypoints_completed": 9, "tot_waypoints": 9}}
{"target": -1543.3811005059197, "params": {"k_pid_pos": [0.012201503244512921, 0.4545762991671911, 0.6475693856471024], "k_pid_alt": [0.07036355463794908, 0.3492027145100144, 0.23111786912211874], "k_pid_att": [15.395138182972234, 6.325868334135571, 0.6365141496349167], "k_pid_yaw": [0.5, 1e-06, 0.1], "k_pid_hsp": [8.767416189159759, 0.40990125804361444, 0.6824755395384007], "k_pid_vsp": [241.51050409783187, 252.75027253054841, 25.918752641843763]}, "datetime": {"datetime": "2025-08-12 11:47:48", "elapsed": 69747.47459197044, "delta": 43.2044153213501}, "costs": {"total_cost": 1543.3811005059197, "time_cost": 150, "final_distance_cost": 69.02995393805104, "oscillation_cost": 335.66194155317504, "completition_cost": 888.8888888888888, "overshoot_cost": 41.53236031219225, "power_cost": 30.174461035156252, "noise_cost": 28.093494778456183, "n_waypoints_completed": 1, "tot_waypoints": 9}}
