{"target": -390.49618483976883, "params": {"k_pid_pos": [1.0333207558229196, 0.7679078599099024, 0.8012598262270484], "k_pid_alt": [1.4305692674808348, 0.44528348989624955, 0.554212694441447], "k_pid_att": [7.124057849144128, 3.4668905119036517, 0.7696494529862381], "k_pid_yaw": [0.5, 1e-06, 0.1], "k_pid_hsp": [6.118018112020523, 0.15449827703578523, 0.5208071153290724], "k_pid_vsp": [291.67249125887514, 344.78146409812865, 139.45975457842013]}, "datetime": {"datetime": "2025-08-11 21:25:13", "elapsed": 17993.210483789444, "delta": 28.206144332885742}, "costs": {"total_cost": 390.49618483976883, "time_cost": 104.209, "final_distance_cost": 1.748798173824165, "oscillation_cost": 176.5404789488351, "completition_cost": 0.0, "overshoot_cost": 57.418648298648606, "power_cost": 26.599468798828127, "noise_cost": 23.979790619632865, "n_waypoints_completed": 9, "tot_waypoints": 9}}
{"target": -377.32557749956067, "params": {"k_pid_pos": [0.7020804579254982, 0.19308545105898312, 0.8083707493231924], "k_pid_alt": [1.2654334284822022, 0.28191982666333404, 0.9380815489057394], "k_pid_att": [6.312197006774434, 5.639854754241634, 0.34192582491014467], "k_pid_yaw": [0.5, 1e-06, 0.1], "k_pid_hsp": [2.9388559093249103, 0.9563557610340033, 0.19066048495864385], "k_pid_vsp": [278.15062468271844, 363.29690591230104, 25.591624663261385]}, "datetime": {"datetime": "2025-08-11 21:25:42", "elapsed": 18021.63184762001, "delta": 28.421363830566406}, "costs": {"total_cost": 377.32557749956067, "time_cost": 104.524, "final_distance_cost": 1.7866660069182334, "oscillation_cost": 168.03137791710327, "completition_cost": 0.0, "overshoot_cost": 54.01942735775871, "power_cost": 24.914411499023437, "noise_cost": 24.049694718756985, "n_waypoints_completed": 9, "tot_waypoints": 9}}
{"target": -1183.3300497531804, "params": {"k_pid_pos": [1.917466294120952, 0.30880417774472824, 0.9901739997595199], "k_pid_alt": [0.4856313266272114, 0.965192421046382, 0.45056678127372596], "k_pid_att": [42.94858294792532, 5.093706008799462, 0.21971446646176607], "k_pid_yaw": [0.5, 1e-06, 0.1], "k_pid_hsp": [7.849002580974021, 0.9385599021915249, 0.912057737749875], "k_pid_vsp": [60.760186805829306, 359.75719782877206, 91.09907299094867]}, "datetime": {"datetime": "2025-08-11 21:26:14", "elapsed": 18053.8018014431, "delta": 32.1699538230896}, "costs": {"total_cost": 1183.3300497531804, "time_cost": 150, "final_distance_cost": 75.42054579855598, "oscillation_cost": 501.12944389681206, "completition_cost": 333.33333333333337, "overshoot_cost": 58.903329364899456, "power_cost": 36.11647149658203, "noise_cost": 28.426925862997518, "n_waypoints_completed": 6, "tot_waypoints": 9}}
{"target": -342.4472133056053, "params": {"k_pid_pos": [0.9834150600253628, 0.0, 0.24719997636076912], "k_pid_alt": [2.0, 1.0, 0.6019975926520089], "k_pid_att": [8.962393483809192, 5.834909481052168, 1.0], "k_pid_yaw": [0.5, 1e-06, 0.1], "k_pid_hsp": [1.1757984554334806, 0.8349440470599157, 0.34708618202525543], "k_pid_vsp": [59.61270632005447, 345.2214162175537, 150.11302531836802]}, "datetime": {"datetime": "2025-08-11 21:26:40", "elapsed": 18079.53608059883, "delta": 25.7342791557312}, "costs": {"total_cost": 342.4472133056053, "time_cost": 94.577, "final_distance_cost": 1.8106283085417287, "oscillation_cost": 134.66448733783187, "completition_cost": 0.0, "overshoot_cost": 62.47183019573585, "power_cost": 26.278433935546875, "noise_cost": 22.64483352794901, "n_waypoints_completed": 9, "tot_waypoints": 9}}
{"target": -1391.1887745100928, "params": {"k_pid_pos": [0.9564767057129212, 0.0, 0.019133676600968548], "k_pid_alt": [2.0, 0.9473728815718797, 0.08266256227895061], "k_pid_att": [10.890351957052133, 6.7547537155337105, 1.0], "k_pid_yaw": [0.5, 1e-06, 0.1], "k_pid_hsp": [3.3850182022307274, 0.6231219037919671, 0.0], "k_pid_vsp": [55.0676826307434, 343.49738535374837, 147.87898661587369]}, "datetime": {"datetime": "2025-08-11 21:27:12", "elapsed": 18112.002251386642, "delta": 32.46617078781128}, "costs": {"total_cost": 1391.1887745100928, "time_cost": 150, "final_distance_cost": 0.9992526459550493, "oscillation_cost": 9.776009033474281, "completition_cost": 1000.0, "overshoot_cost": 123.76415396334684, "power_cost": 29.563319360351564, "noise_cost": 77.08603950696494, "n_waypoints_completed": 0, "tot_waypoints": 9}}
{"target": -717.9790921173203, "params": {"k_pid_pos": [1.3885043389573062, 0.7224480297746889, 1.0], "k_pid_alt": [1.0013620180191514, 0.1817152028723813, 1.0], "k_pid_att": [10.511222296748521, 4.716346005126251, 0.3241914774435504], "k_pid_yaw": [0.5, 1e-06, 0.1], "k_pid_hsp": [1.971767139624327, 0.8570696427841665, 0.6069523529506805], "k_pid_vsp": [63.50520670867142, 347.7693648508783, 148.11495766996154]}, "datetime": {"datetime": "2025-08-11 21:27:46", "elapsed": 18146.321809768677, "delta": 34.3195583820343}, "costs": {"total_cost": 717.9790921173203, "time_cost": 150, "final_distance_cost": 4.16540808670976, "oscillation_cost": 330.4154643972063, "completition_cost": 111.11111111111116, "overshoot_cost": 60.211154519050744, "power_cost": 33.55682351074219, "noise_cost": 28.519130492500164, "n_waypoints_completed": 8, "tot_waypoints": 9}}
{"target": -540.981124414641, "params": {"k_pid_pos": [1.6116029856051373, 0.2826997864693629, 0.7991591025595776], "k_pid_alt": [0.6257112056097662, 0.2999931009448862, 0.5947354571178792], "k_pid_att": [41.262093084206064, 6.613373512919441, 0.251991503554184], "k_pid_yaw": [0.5, 1e-06, 0.1], "k_pid_hsp": [5.547859938111974, 0.06774947393995756, 0.09412736876209848], "k_pid_vsp": [223.8240043197722, 28.064447320676514, 36.56775274968583]}, "datetime": {"datetime": "2025-08-11 21:28:11", "elapsed": 18170.417790412903, "delta": 24.095980644226074}, "costs": {"total_cost": 540.981124414641, "time_cost": 88.949, "final_distance_cost": 1.7702086655070297, "oscillation_cost": 350.2934986210607, "completition_cost": 0.0, "overshoot_cost": 53.26322329819111, "power_cost": 24.544126208496095, "noise_cost": 22.161067621386067, "n_waypoints_completed": 9, "tot_waypoints": 9}}
{"target": -1126.8113709902605, "params": {"k_pid_pos": [1.643775881173201, 0.7251071632703462, 0.4819299976504804], "k_pid_alt": [0.4394866797305155, 0.6354869964634076, 0.2832510057037213], "k_pid_att": [38.82388579163276, 4.060109050829262, 0.5709178813468881], "k_pid_yaw": [0.5, 1e-06, 0.1], "k_pid_hsp": [0.3697742526934804, 0.32222744160851424, 0.39374640934769856], "k_pid_vsp": [269.33612950985963, 298.3965082070826, 78.50142223351808]}, "datetime": {"datetime": "2025-08-11 21:28:43", "elapsed": 18203.09921813011, "delta": 32.68142771720886}, "costs": {"total_cost": 1126.8113709902605, "time_cost": 150, "final_distance_cost": 55.99381723463034, "oscillation_cost": 214.09426592747198, "completition_cost": 555.5555555555555, "overshoot_cost": 82.42022432535602, "power_cost": 37.21527137451172, "noise_cost": 31.532236572734746, "n_waypoints_completed": 4, "tot_waypoints": 9}}
{"target": -726.0498849673843, "params": {"k_pid_pos": [0.673634218995611, 0.9784594899771247, 0.6414480578719093], "k_pid_alt": [0.47833953272296714, 0.42957793792396604, 0.4222696348514908], "k_pid_att": [3.748455713651977, 6.204498159770593, 0.4970296345672801], "k_pid_yaw": [0.5, 1e-06, 0.1], "k_pid_hsp": [6.874056878642715, 0.8087307970436599, 0.5991893417713142], "k_pid_vsp": [299.9258450923285, 357.0803666937001, 91.16156801524276]}, "datetime": {"datetime": "2025-08-11 21:29:16", "elapsed": 18235.88338303566, "delta": 32.784164905548096}, "costs": {"total_cost": 726.0498849673843, "time_cost": 150, "final_distance_cost": 63.73626776317669, "oscillation_cost": 168.88013820589487, "completition_cost": 222.2222222222222, "overshoot_cost": 57.079141074619066, "power_cost": 34.08585478515625, "noise_cost": 30.046260916315155, "n_waypoints_completed": 7, "tot_waypoints": 9}}
{"target": -1096.6441204405533, "params": {"k_pid_pos": [0.46402585294213955, 0.8138566157650939, 0.6922398041865103], "k_pid_alt": [0.9025172683138925, 0.9938773083594686, 0.39241902461611455], "k_pid_att": [40.06182909337209, 3.81119690750219, 0.42463066098362257], "k_pid_yaw": [0.5, 1e-06, 0.1], "k_pid_hsp": [1.8546912666347763, 0.7143938627917427, 0.3662122353267292], "k_pid_vsp": [222.2531356255701, 29.95106441256171, 35.442676740723826]}, "datetime": {"datetime": "2025-08-11 21:29:48", "elapsed": 18268.262842178345, "delta": 32.37945914268494}, "costs": {"total_cost": 1096.6441204405533, "time_cost": 150, "final_distance_cost": 56.9281884175238, "oscillation_cost": 330.7115341595304, "completition_cost": 444.4444444444444, "overshoot_cost": 50.44062462214083, "power_cost": 34.231585607910155, "noise_cost": 29.887743189003697, "n_waypoints_completed": 5, "tot_waypoints": 9}}
{"target": -355.0557327622634, "params": {"k_pid_pos": [2.0, 0.0, 0.4607301477706963], "k_pid_alt": [1.5427924997191897, 0.35869327391516603, 0.39042739484056527], "k_pid_att": [39.17911434743284, 8.856805693326004, 0.7602295847978192], "k_pid_yaw": [0.5, 1e-06, 0.1], "k_pid_hsp": [6.806620011145302, 0.9560185646898106, 0.34194389143179427], "k_pid_vsp": [273.62545174246804, 358.2464206223024, 26.37606253098656]}, "datetime": {"datetime": "2025-08-11 21:30:12", "elapsed": 18291.946070194244, "delta": 23.683228015899658}, "costs": {"total_cost": 355.0557327622634, "time_cost": 78.638, "final_distance_cost": 1.7980915690462327, "oscillation_cost": 181.17156857996287, "completition_cost": 0.0, "overshoot_cost": 51.13270388147634, "power_cost": 22.240022912597656, "noise_cost": 20.07534581918027, "n_waypoints_completed": 9, "tot_waypoints": 9}}
{"target": -1361.5801675106284, "params": {"k_pid_pos": [1.1324121903197406, 0.4533362255718665, 0.8404329431041548], "k_pid_alt": [0.7017376308386933, 0.09848590264728319, 0.3737834425308735], "k_pid_att": [1.575324839468506, 5.95041591624452, 0.3650453842372162], "k_pid_yaw": [0.5, 1e-06, 0.1], "k_pid_hsp": [3.890407814535549, 0.5782082765370532, 0.6287156414101258], "k_pid_vsp": [267.2720570329536, 365.46052751978755, 26.05378866353526]}, "datetime": {"datetime": "2025-08-11 21:30:44", "elapsed": 18323.404389858246, "delta": 31.458319664001465}, "costs": {"total_cost": 1361.5801675106284, "time_cost": 150, "final_distance_cost": 44.37525414525861, "oscillation_cost": 454.82800046005144, "completition_cost": 555.5555555555555, "overshoot_cost": 76.11013322112349, "power_cost": 46.24636810302734, "noise_cost": 34.46485602561167, "n_waypoints_completed": 4, "tot_waypoints": 9}}
{"target": -987.0262804352162, "params": {"k_pid_pos": [0.6122153171926059, 1.0, 1.0], "k_pid_alt": [0.7913422947582319, 0.0, 0.7076489446725084], "k_pid_att": [51.55811564561056, 1.9874072541514967, 1.0], "k_pid_yaw": [0.5, 1e-06, 0.1], "k_pid_hsp": [3.380951331099556, 0.0, 0.0], "k_pid_vsp": [213.12043898982006, 236.20154186522075, 128.28418334681774]}, "datetime": {"datetime": "2025-08-11 21:31:17", "elapsed": 18356.69030213356, "delta": 33.28591227531433}, "costs": {"total_cost": 987.0262804352162, "time_cost": 150, "final_distance_cost": 52.482795540647906, "oscillation_cost": 25.388671110396857, "completition_cost": 666.6666666666667, "overshoot_cost": 35.765286783419555, "power_cost": 30.01172849121094, "noise_cost": 26.71113184287412, "n_waypoints_completed": 3, "tot_waypoints": 9}}
{"target": -502.17514468405915, "params": {"k_pid_pos": [0.9694262334211327, 0.467232704344705, 0.33750901524858656], "k_pid_alt": [1.2092163270533112, 0.4696272910287975, 0.07145189153575338], "k_pid_att": [27.958339629594274, 5.631287383215484, 0.0837408782958019], "k_pid_yaw": [0.5, 1e-06, 0.1], "k_pid_hsp": [3.9675133109026772, 0.8034177717853286, 0.04616544251282384], "k_pid_vsp": [222.8583794914242, 13.56364307806439, 42.715783066143246]}, "datetime": {"datetime": "2025-08-11 21:31:43", "elapsed": 18382.769434452057, "delta": 26.079132318496704}, "costs": {"total_cost": 502.17514468405915, "time_cost": 93.786, "final_distance_cost": 1.7755201720349651, "oscillation_cost": 304.0927824111063, "completition_cost": 0.0, "overshoot_cost": 53.52993733314626, "power_cost": 25.495797619628906, "noise_cost": 23.49510714814268, "n_waypoints_completed": 9, "tot_waypoints": 9}}
{"target": -849.2923515439109, "params": {"k_pid_pos": [0.7963605233680113, 0.5715498225620755, 0.05243023651566103], "k_pid_alt": [0.4882687484938426, 0.049115980551257876, 0.6119675009792529], "k_pid_att": [10.558815868053584, 5.290917126586605, 0.5118354241029808], "k_pid_yaw": [0.5, 1e-06, 0.1], "k_pid_hsp": [2.1489737227722827, 0.8191032705609884, 0.9784152336581952], "k_pid_vsp": [37.221255225083816, 341.3024417842528, 153.51200656684657]}, "datetime": {"datetime": "2025-08-11 21:32:15", "elapsed": 18414.46222782135, "delta": 31.692793369293213}, "costs": {"total_cost": 849.2923515439109, "time_cost": 150, "final_distance_cost": 73.69304824179731, "oscillation_cost": 167.52887334894135, "completition_cost": 333.33333333333337, "overshoot_cost": 59.997734367658914, "power_cost": 35.803055712890625, "noise_cost": 28.93630653928929, "n_waypoints_completed": 6, "tot_waypoints": 9}}
{"target": -975.3536040832216, "params": {"k_pid_pos": [1.552347749778656, 0.7001362115621971, 0.7916341488095991], "k_pid_alt": [0.13419006104499975, 0.6967271160357484, 0.3210561031262614], "k_pid_att": [37.047059054515216, 4.346534995223077, 0.7045173223793241], "k_pid_yaw": [0.5, 1e-06, 0.1], "k_pid_hsp": [5.424222139557663, 0.7486143207123239, 0.6980525055162577], "k_pid_vsp": [224.55587335662628, 23.266182688703932, 39.61503528649883]}, "datetime": {"datetime": "2025-08-11 21:32:47", "elapsed": 18447.119146108627, "delta": 32.65691828727722}, "costs": {"total_cost": 975.3536040832216, "time_cost": 150, "final_distance_cost": 74.65136180644073, "oscillation_cost": 403.351088690937, "completition_cost": 222.2222222222222, "overshoot_cost": 60.84143572878734, "power_cost": 34.515567712402344, "noise_cost": 29.77192792243204, "n_waypoints_completed": 7, "tot_waypoints": 9}}
{"target": -1657.0996367272828, "params": {"k_pid_pos": [0.13078979638961277, 0.5153922955763627, 0.2558907724856152], "k_pid_alt": [0.29653308294931313, 0.8719690593040202, 0.8741582553071587], "k_pid_att": [47.83843983132863, 3.238800666599706, 0.001339306878425206], "k_pid_yaw": [0.5, 1e-06, 0.1], "k_pid_hsp": [0.7742078144291987, 0.562367207432328, 0.4625216142628017], "k_pid_vsp": [210.99177372218762, 247.53351854670925, 127.51355399422071]}, "datetime": {"datetime": "2025-08-11 21:33:19", "elapsed": 18479.30956339836, "delta": 32.19041728973389}, "costs": {"total_cost": 1657.0996367272828, "time_cost": 150, "final_distance_cost": 46.63520642058524, "oscillation_cost": 337.6001253892766, "completition_cost": 1000.0, "overshoot_cost": 55.919726695756935, "power_cost": 37.73819919433594, "noise_cost": 29.20637902732794, "n_waypoints_completed": 0, "tot_waypoints": 9}}
{"target": -689.9621192963342, "params": {"k_pid_pos": [0.34996242947100253, 0.6863506049170471, 0.24532872776039194], "k_pid_alt": [1.3495011196074165, 0.3507615383016186, 0.8221212386830047], "k_pid_att": [8.24376335132051, 1.9518526673377798, 0.9016239705937589], "k_pid_yaw": [0.5, 1e-06, 0.1], "k_pid_hsp": [0.24353285839546654, 0.011156089427685312, 0.31679640641601037], "k_pid_vsp": [67.92405487816691, 337.7470653036582, 141.4449265705439]}, "datetime": {"datetime": "2025-08-11 21:33:53", "elapsed": 18512.606303691864, "delta": 33.29674029350281}, "costs": {"total_cost": 689.9621192963342, "time_cost": 150, "final_distance_cost": 71.43672262931706, "oscillation_cost": 127.75712705061619, "completition_cost": 222.2222222222222, "overshoot_cost": 56.72505290397129, "power_cost": 33.71774361572266, "noise_cost": 28.103250874484797, "n_waypoints_completed": 7, "tot_waypoints": 9}}
{"target": -602.7297904514702, "params": {"k_pid_pos": [1.1695231934856916, 0.678540505287096, 0.4746244493539218], "k_pid_alt": [2.0, 0.0, 0.3533959527318903], "k_pid_att": [69.74549140887832, 5.925854359125695, 1.0], "k_pid_yaw": [0.5, 1e-06, 0.1], "k_pid_hsp": [8.365445793106034, 0.8473956241693587, 0.9382184790851541], "k_pid_vsp": [257.6309811782323, 203.4606838471945, 370.69273552473646]}, "datetime": {"datetime": "2025-08-11 21:34:22", "elapsed": 18542.28212428093, "delta": 29.67582058906555}, "costs": {"total_cost": 602.7297904514702, "time_cost": 107.212, "final_distance_cost": 1.820026618143614, "oscillation_cost": 361.00916746626746, "completition_cost": 0.0, "overshoot_cost": 72.9817381388849, "power_cost": 32.22773273925782, "noise_cost": 27.479125488916473, "n_waypoints_completed": 9, "tot_waypoints": 9}}
{"target": -1449.2943109444923, "params": {"k_pid_pos": [1.8467350715832982, 0.93363221700568, 0.12679692346730276], "k_pid_alt": [0.007007727549391607, 0.5460284326666325, 0.3484637790320253], "k_pid_att": [30.881625521485677, 4.272556322105301, 0.06591907542615305], "k_pid_yaw": [0.5, 1e-06, 0.1], "k_pid_hsp": [7.653195454506544, 0.5121153394830119, 0.652130834833189], "k_pid_vsp": [221.1555921724433, 22.1152914153528, 43.25009773123428]}, "datetime": {"datetime": "2025-08-11 21:34:54", "elapsed": 18574.15828537941, "delta": 31.876161098480225}, "costs": {"total_cost": 1449.2943109444923, "time_cost": 150, "final_distance_cost": 47.62612553597135, "oscillation_cost": 135.30196320090533, "completition_cost": 1000.0, "overshoot_cost": 47.18650433273277, "power_cost": 37.58135756835938, "noise_cost": 31.598360306523393, "n_waypoints_completed": 0, "tot_waypoints": 9}}
{"target": -664.3357134077494, "params": {"k_pid_pos": [1.6793920426100086, 0.13100231458289968, 0.6634416180612925], "k_pid_alt": [0.3379038391161273, 0.006787503663430616, 0.6234249923759019], "k_pid_att": [29.53203343850117, 7.4304927719068825, 0.49523231790178757], "k_pid_yaw": [0.5, 1e-06, 0.1], "k_pid_hsp": [4.185728816231081, 0.7264788882005996, 0.9879342506695435], "k_pid_vsp": [223.10102466635806, 283.57270775469, 59.922152482699026]}, "datetime": {"datetime": "2025-08-11 21:35:26", "elapsed": 18606.030458688736, "delta": 31.872173309326172}, "costs": {"total_cost": 664.3357134077494, "time_cost": 118.958, "final_distance_cost": 1.8356574313280307, "oscillation_cost": 423.06825612206, "completition_cost": 0.0, "overshoot_cost": 56.789107931465914, "power_cost": 34.16149683837891, "noise_cost": 29.523195084516544, "n_waypoints_completed": 9, "tot_waypoints": 9}}
{"target": -220.12912175612425, "params": {"k_pid_pos": [2.0, 0.0, 0.0], "k_pid_alt": [2.0, 0.0, 0.0], "k_pid_att": [52.49651042284537, 0.0001, 1.0], "k_pid_yaw": [0.5, 1e-06, 0.1], "k_pid_hsp": [4.142562128283796, 1.0, 0.0], "k_pid_vsp": [207.91168873381815, 242.50829311431724, 124.56261672005608]}, "datetime": {"datetime": "2025-08-11 21:35:46", "elapsed": 18626.29163622856, "delta": 20.26117753982544}, "costs": {"total_cost": 220.12912175612425, "time_cost": 73.024, "final_distance_cost": 1.7884146546758546, "oscillation_cost": 53.55982529184987, "completition_cost": 0.0, "overshoot_cost": 51.530014442852064, "power_cost": 20.778762353515624, "noise_cost": 19.44810501323085, "n_waypoints_completed": 9, "tot_waypoints": 9}}
{"target": -1128.0409956624724, "params": {"k_pid_pos": [0.07342432250356204, 0.2782175485822098, 0.06190334993240909], "k_pid_alt": [0.23402700783894081, 0.8169274692809947, 0.24987546241112113], "k_pid_att": [11.550230153302643, 1.1645548198419078, 0.304306198482319], "k_pid_yaw": [0.5, 1e-06, 0.1], "k_pid_hsp": [9.309348046115806, 0.07881500507217576, 0.15112031293023354], "k_pid_vsp": [192.3785373617934, 317.85966102989664, 10.359844590118017]}, "datetime": {"datetime": "2025-08-11 21:36:19", "elapsed": 18658.565562963486, "delta": 32.273926734924316}, "costs": {"total_cost": 1128.0409956624724, "time_cost": 150, "final_distance_cost": 50.365128299103226, "oscillation_cost": 146.09652661522819, "completition_cost": 666.6666666666667, "overshoot_cost": 57.299028253721794, "power_cost": 27.96280681152344, "noise_cost": 29.650839016228954, "n_waypoints_completed": 3, "tot_waypoints": 9}}
{"target": -489.1498504415536, "params": {"k_pid_pos": [1.92041624781281, 0.09753721735049725, 0.3302807063197972], "k_pid_alt": [1.3539898483939503, 0.925742675475288, 0.19303151943357444], "k_pid_att": [42.28849163773063, 1.8655135202805513, 0.5756251369171492], "k_pid_yaw": [0.5, 1e-06, 0.1], "k_pid_hsp": [7.861177212755239, 0.3065025193488793, 0.6202088377469654], "k_pid_vsp": [268.989104259199, 298.82497416352714, 74.03683011517322]}, "datetime": {"datetime": "2025-08-11 21:36:45", "elapsed": 18684.963713645935, "delta": 26.39815068244934}, "costs": {"total_cost": 489.1498504415536, "time_cost": 91.084, "final_distance_cost": 1.794342680560438, "oscillation_cost": 290.54907742496806, "completition_cost": 0.0, "overshoot_cost": 56.672235628646575, "power_cost": 26.626758056640625, "noise_cost": 22.423436650737973, "n_waypoints_completed": 9, "tot_waypoints": 9}}
{"target": -1669.824255437475, "params": {"k_pid_pos": [0.2317755232608906, 0.0007237198155536362, 0.9345877515630923], "k_pid_alt": [0.8303730510402829, 0.8562011471463158, 0.9852688322336041], "k_pid_att": [40.85493859389749, 3.9547215016919233, 0.5793727545730228], "k_pid_yaw": [0.5, 1e-06, 0.1], "k_pid_hsp": [1.6233412699773244, 0.7589859856220169, 0.8471269584497834], "k_pid_vsp": [178.65895587974836, 10.36344076279764, 6.546550542614689]}, "datetime": {"datetime": "2025-08-11 21:37:18", "elapsed": 18717.495423555374, "delta": 32.53170990943909}, "costs": {"total_cost": 1669.824255437475, "time_cost": 150, "final_distance_cost": 50.16114465147027, "oscillation_cost": 783.1199559726567, "completition_cost": 555.5555555555555, "overshoot_cost": 66.52910879364998, "power_cost": 32.75979887695313, "noise_cost": 31.698691587189295, "n_waypoints_completed": 4, "tot_waypoints": 9}}
