{"target": -522.3852808880863, "params": {"k_pid_pos": [1.6817326815999982, 0.907703541740227, 0.8248514201353946], "k_pid_alt": [1.6988798380410008, 0.158383261282814, 0.6399069969040481], "k_pid_att": [55.92663564958627, 7.052520359098979, 0.9674912371873663], "k_pid_yaw": [0.5, 1e-06, 0.1], "k_pid_hsp": [9.039349884134582, 0.2582966337436349, 0.11124381396742156], "k_pid_vsp": [142.37259972425682, 268.96456170970544, 180.75286495242017]}, "datetime": {"datetime": "2025-08-11 22:52:32", "elapsed": 23231.97876548767, "delta": 30.3822021484375}, "costs": {"total_cost": 522.3852808880863, "time_cost": 103.152, "final_distance_cost": 1.7811297725763462, "oscillation_cost": 302.80914917888714, "completition_cost": 0.0, "overshoot_cost": 58.642109200000334, "power_cost": 30.600024926757815, "noise_cost": 25.400867809864636, "n_waypoints_completed": 9, "tot_waypoints": 9}}
{"target": -1156.7432569027148, "params": {"k_pid_pos": [0.0637849610679765, 0.7318360604251355, 0.7660963403305641], "k_pid_alt": [1.7444977543780744, 0.518050088269268, 0.18578750999863314], "k_pid_att": [8.006223544338397, 5.622840535508236, 0.28283942582437727], "k_pid_yaw": [0.5, 1e-06, 0.1], "k_pid_hsp": [4.254824741929725, 0.6734207329680562, 0.5794044351614218], "k_pid_vsp": [285.21976801739737, 365.45734023039535, 27.24776722361556]}, "datetime": {"datetime": "2025-08-11 22:53:06", "elapsed": 23266.091767311096, "delta": 34.11300182342529}, "costs": {"total_cost": 1156.7432569027148, "time_cost": 150, "final_distance_cost": 39.43628319596604, "oscillation_cost": 294.1490130736074, "completition_cost": 555.5555555555555, "overshoot_cost": 57.58643206178581, "power_cost": 31.978209765625003, "noise_cost": 28.037763250175086, "n_waypoints_completed": 4, "tot_waypoints": 9}}
{"target": -1051.3731127891028, "params": {"k_pid_pos": [0.4819913646139559, 0.8400286823543214, 0.9345712584964284], "k_pid_alt": [1.7612088825461563, 0.08456375494927615, 0.11775937811206105], "k_pid_att": [72.69532236910831, 5.8804373661958795, 0.7911818102411756], "k_pid_yaw": [0.5, 1e-06, 0.1], "k_pid_hsp": [7.400298303967562, 0.058598238665504065, 0.20136618508691928], "k_pid_vsp": [252.99883235421282, 196.0031022476381, 369.80822119157534]}, "datetime": {"datetime": "2025-08-11 22:53:39", "elapsed": 23299.13420701027, "delta": 33.042439699172974}, "costs": {"total_cost": 1051.3731127891028, "time_cost": 150, "final_distance_cost": 67.73403324713789, "oscillation_cost": 491.08248558027947, "completition_cost": 222.2222222222222, "overshoot_cost": 58.03822923395639, "power_cost": 33.91179038085938, "noise_cost": 28.384352124647585, "n_waypoints_completed": 7, "tot_waypoints": 9}}
{"target": -627.623337330949, "params": {"k_pid_pos": [1.9872137528864573, 0.012365395718799146, 0.7873129568772506], "k_pid_alt": [0.14657848998184383, 0.31559483288631657, 0.8458969444082313], "k_pid_att": [86.01534235824548, 8.88461851511556, 0.9654281801638135], "k_pid_yaw": [0.5, 1e-06, 0.1], "k_pid_hsp": [3.974990440896772, 0.15929309831746624, 0.07331654506911703], "k_pid_vsp": [368.98136405318616, 266.0686707806774, 252.0485480876306]}, "datetime": {"datetime": "2025-08-11 22:54:07", "elapsed": 23327.256525993347, "delta": 28.122318983078003}, "costs": {"total_cost": 627.623337330949, "time_cost": 101.794, "final_distance_cost": 1.785637504538686, "oscillation_cost": 404.60502896133636, "completition_cost": 0.0, "overshoot_cost": 63.84303769888658, "power_cost": 30.782284985351563, "noise_cost": 24.81334818083573, "n_waypoints_completed": 9, "tot_waypoints": 9}}
{"target": -988.3989906485566, "params": {"k_pid_pos": [0.6788429911023718, 0.9739849309841502, 0.7703410563490977], "k_pid_alt": [1.0451069663396395, 0.07562856663233097, 0.5372194515243242], "k_pid_att": [66.67126229526716, 0.3346879801614217, 0.23751636434944312], "k_pid_yaw": [0.5, 1e-06, 0.1], "k_pid_hsp": [7.139879972894855, 0.685212616196593, 0.9839922296863904], "k_pid_vsp": [85.35023353936157, 359.0500628257922, 39.09766579404802]}, "datetime": {"datetime": "2025-08-11 22:54:40", "elapsed": 23359.86817741394, "delta": 32.61165142059326}, "costs": {"total_cost": 988.3989906485566, "time_cost": 150, "final_distance_cost": 70.28944775579085, "oscillation_cost": 314.5841892088196, "completition_cost": 333.33333333333337, "overshoot_cost": 54.62492065557586, "power_cost": 36.10255089111328, "noise_cost": 29.464548803923684, "n_waypoints_completed": 6, "tot_waypoints": 9}}
{"target": -351.5217474451432, "params": {"k_pid_pos": [1.565184652714577, 0.7524013584804824, 0.951886323866381], "k_pid_alt": [2.0, 0.35444711046225963, 0.18163743640877478], "k_pid_att": [3.92591336529196, 3.86487875880247, 1.0], "k_pid_yaw": [0.5, 1e-06, 0.1], "k_pid_hsp": [5.018865142548001, 0.06244553982233446, 0.28268054345497223], "k_pid_vsp": [291.14909243594957, 343.92942256573, 143.89796776681803]}, "datetime": {"datetime": "2025-08-11 22:55:09", "elapsed": 23389.121136426926, "delta": 29.25295901298523}, "costs": {"total_cost": 351.5217474451432, "time_cost": 103.25, "final_distance_cost": 1.7301611505377752, "oscillation_cost": 135.2401437496327, "completition_cost": 0.0, "overshoot_cost": 56.67630205797556, "power_cost": 29.736247558593753, "noise_cost": 24.88889292840344, "n_waypoints_completed": 9, "tot_waypoints": 9}}
{"target": -1316.7849046748981, "params": {"k_pid_pos": [0.0001, 0.0, 1.0], "k_pid_alt": [0.2525086675283116, 1.0, 0.0], "k_pid_att": [37.51514281376175, 4.459144586133885, 1.0], "k_pid_yaw": [0.5, 1e-06, 0.1], "k_pid_hsp": [3.5707038008249117, 1.0, 0.0], "k_pid_vsp": [118.51814200004702, 378.92764044655837, 117.46307047518239]}, "datetime": {"datetime": "2025-08-11 22:55:44", "elapsed": 23423.798768281937, "delta": 34.677631855010986}, "costs": {"total_cost": 1316.7849046748981, "time_cost": 150, "final_distance_cost": 52.316988021674646, "oscillation_cost": 8.891535035565107, "completition_cost": 1000.0, "overshoot_cost": 49.95890364140833, "power_cost": 29.103861645507813, "noise_cost": 26.51361633074225, "n_waypoints_completed": 0, "tot_waypoints": 9}}
{"target": -842.1831233965594, "params": {"k_pid_pos": [0.8365800204035988, 0.8300087982170604, 0.2680840610566042], "k_pid_alt": [0.9859068921526615, 0.6019326674560584, 0.15782748921693557], "k_pid_att": [2.0260278718485125, 6.941484425883885, 0.3912661885309503], "k_pid_yaw": [0.5, 1e-06, 0.1], "k_pid_hsp": [8.948966919301935, 0.26044203702023716, 0.10286656818729978], "k_pid_vsp": [188.2477381441471, 326.38066409865525, 18.233775909988243]}, "datetime": {"datetime": "2025-08-11 22:56:19", "elapsed": 23458.400170087814, "delta": 34.601401805877686}, "costs": {"total_cost": 842.1831233965594, "time_cost": 150, "final_distance_cost": 68.83725067855825, "oscillation_cost": 279.008915175019, "completition_cost": 222.2222222222222, "overshoot_cost": 54.60636922491425, "power_cost": 35.16077713623047, "noise_cost": 32.34758895961519, "n_waypoints_completed": 7, "tot_waypoints": 9}}
{"target": -358.72648589258824, "params": {"k_pid_pos": [2.0, 0.0, 0.0], "k_pid_alt": [2.0, 0.0, 0.0], "k_pid_att": [61.7775526941008, 0.0001, 0.0], "k_pid_yaw": [0.5, 1e-06, 0.1], "k_pid_hsp": [6.14752322265209, 1.0, 0.8045331264536517], "k_pid_vsp": [345.7211180755293, 294.59059795874714, 189.51736820788327]}, "datetime": {"datetime": "2025-08-11 22:56:41", "elapsed": 23481.043531656265, "delta": 22.643361568450928}, "costs": {"total_cost": 358.72648589258824, "time_cost": 72.33800000000001, "final_distance_cost": 1.722084711454995, "oscillation_cost": 190.91970147652322, "completition_cost": 0.0, "overshoot_cost": 53.699942115031135, "power_cost": 21.801391918945313, "noise_cost": 18.245365670633504, "n_waypoints_completed": 9, "tot_waypoints": 9}}
{"target": -561.4686641487125, "params": {"k_pid_pos": [0.9573936109962473, 0.9051759846653921, 0.17987251932810722], "k_pid_alt": [0.8035862887980074, 0.48033426139903246, 0.5657719301296719], "k_pid_att": [7.380933014791902, 3.0227174086818773, 0.3227134587625289], "k_pid_yaw": [0.5, 1e-06, 0.1], "k_pid_hsp": [5.606588011585239, 0.5204585412759007, 0.5316597391748334], "k_pid_vsp": [248.21961202080837, 275.40021918746794, 21.216849634822033]}, "datetime": {"datetime": "2025-08-11 22:57:14", "elapsed": 23513.72375035286, "delta": 32.68021869659424}, "costs": {"total_cost": 561.4686641487125, "time_cost": 150, "final_distance_cost": 20.676093167770194, "oscillation_cost": 149.73591091200137, "completition_cost": 111.11111111111116, "overshoot_cost": 65.56011514084298, "power_cost": 32.98699354248047, "noise_cost": 31.398440274506306, "n_waypoints_completed": 8, "tot_waypoints": 9}}
{"target": -436.5729840045285, "params": {"k_pid_pos": [1.5975044868491102, 0.9126848431184251, 0.5356387299066266], "k_pid_alt": [0.45163128556167065, 0.750136902513718, 0.09127175312478242], "k_pid_att": [5.906170122612164, 7.156952121872513, 0.3912497499567068], "k_pid_yaw": [0.5, 1e-06, 0.1], "k_pid_hsp": [8.466031062997926, 0.02958264141239253, 0.6962495835693824], "k_pid_vsp": [183.27580967336843, 319.81703835189467, 10.512531941989211]}, "datetime": {"datetime": "2025-08-11 22:57:44", "elapsed": 23543.76101064682, "delta": 30.03726029396057}, "costs": {"total_cost": 436.5729840045285, "time_cost": 106.176, "final_distance_cost": 1.7934348755520058, "oscillation_cost": 211.0325566873062, "completition_cost": 0.0, "overshoot_cost": 61.221463025722045, "power_cost": 27.46749197998047, "noise_cost": 28.882037435967817, "n_waypoints_completed": 9, "tot_waypoints": 9}}
{"target": -286.00898172022073, "params": {"k_pid_pos": [0.7268734967886409, 0.3957746963307799, 0.08188694415899322], "k_pid_alt": [1.7038932733172931, 0.15638302811060778, 0.21360649294094558], "k_pid_att": [29.221349022574483, 2.8339366814620264, 0.6587916902606694], "k_pid_yaw": [0.5, 1e-06, 0.1], "k_pid_hsp": [2.6796871480670896, 0.11177322294008263, 0.045062723038579056], "k_pid_vsp": [333.0297753401856, 287.4472286023466, 238.05680593560453]}, "datetime": {"datetime": "2025-08-11 22:58:14", "elapsed": 23574.270927667618, "delta": 30.50991702079773}, "costs": {"total_cost": 286.00898172022073, "time_cost": 105.763, "final_distance_cost": 1.7706831963672933, "oscillation_cost": 72.27619351722552, "completition_cost": 0.0, "overshoot_cost": 55.63567240019938, "power_cost": 25.861942700195314, "noise_cost": 24.70148990623323, "n_waypoints_completed": 9, "tot_waypoints": 9}}
{"target": -508.8364871734545, "params": {"k_pid_pos": [2.0, 0.0, 0.5474987605525451], "k_pid_alt": [1.2363101757048585, 0.8677750251214389, 0.4654922064400762], "k_pid_att": [29.85100605421155, 10.0, 0.1696347275689972], "k_pid_yaw": [0.5, 1e-06, 0.1], "k_pid_hsp": [8.700344428120252, 0.0, 1.0], "k_pid_vsp": [222.98285273400361, 279.64842533378277, 64.5413199095369]}, "datetime": {"datetime": "2025-08-11 22:58:41", "elapsed": 23600.825273513794, "delta": 26.554345846176147}, "costs": {"total_cost": 508.8364871734545, "time_cost": 90.51, "final_distance_cost": 1.7871702525828657, "oscillation_cost": 312.17613357514847, "completition_cost": 0.0, "overshoot_cost": 55.66282953000206, "power_cost": 26.15402322998047, "noise_cost": 22.546330585740634, "n_waypoints_completed": 9, "tot_waypoints": 9}}
{"target": -197.09674779527217, "params": {"k_pid_pos": [1.9388583085756625, 0.0, 0.5696820784652317], "k_pid_alt": [1.5188054744222426, 0.0562571729205432, 0.0], "k_pid_att": [42.32560828395956, 5.488241957338011, 0.5513052270506817], "k_pid_yaw": [0.5, 1e-06, 0.1], "k_pid_hsp": [0.5272679543711729, 0.0, 0.0], "k_pid_vsp": [269.5073410705269, 307.3008266847822, 76.71637786606684]}, "datetime": {"datetime": "2025-08-11 22:59:03", "elapsed": 23622.93508720398, "delta": 22.109813690185547}, "costs": {"total_cost": 197.09674779527217, "time_cost": 73.199, "final_distance_cost": 1.8054517487255968, "oscillation_cost": 32.967806104878626, "completition_cost": 0.0, "overshoot_cost": 51.34573077857596, "power_cost": 19.329372790527344, "noise_cost": 18.449386372564643, "n_waypoints_completed": 9, "tot_waypoints": 9}}
{"target": -346.19847667160155, "params": {"k_pid_pos": [1.2560808008534257, 0.049756864196265016, 0.8657391107799272], "k_pid_alt": [1.2901931283996069, 0.8048143953008043, 0.969701708093246], "k_pid_att": [3.864729927809274, 4.685189833565394, 0.7783529257862281], "k_pid_yaw": [0.5, 1e-06, 0.1], "k_pid_hsp": [5.056227690322048, 0.9448083486770131, 0.3578217170343879], "k_pid_vsp": [319.4295072574455, 399.84382703570594, 243.21280935871883]}, "datetime": {"datetime": "2025-08-11 22:59:30", "elapsed": 23650.270985603333, "delta": 27.335898399353027}, "costs": {"total_cost": 346.19847667160155, "time_cost": 98.077, "final_distance_cost": 1.792009323457088, "oscillation_cost": 139.14322625749102, "completition_cost": 0.0, "overshoot_cost": 57.74799522851329, "power_cost": 26.173259130859375, "noise_cost": 23.26498673128079, "n_waypoints_completed": 9, "tot_waypoints": 9}}
{"target": -796.6717547376256, "params": {"k_pid_pos": [0.9476785116866915, 0.3058185630033106, 0.4153249420766803], "k_pid_alt": [0.4464565867895714, 0.3300254346103997, 0.6436675828699313], "k_pid_att": [62.75745520108595, 5.493332218555914, 0.5774988943144468], "k_pid_yaw": [0.5, 1e-06, 0.1], "k_pid_hsp": [6.522113383617564, 0.3386493948942067, 0.3840529547932349], "k_pid_vsp": [266.75503790279095, 141.3090111528086, 25.851427804067033]}, "datetime": {"datetime": "2025-08-11 23:00:04", "elapsed": 23683.413176059723, "delta": 33.14219045639038}, "costs": {"total_cost": 796.6717547376256, "time_cost": 117.628, "final_distance_cost": 1.7413694071846042, "oscillation_cost": 552.3941862867001, "completition_cost": 0.0, "overshoot_cost": 61.198511215342464, "power_cost": 34.017715356445315, "noise_cost": 29.691972471952997, "n_waypoints_completed": 9, "tot_waypoints": 9}}
{"target": -1251.3589029266666, "params": {"k_pid_pos": [2.0, 1.0, 0.0], "k_pid_alt": [2.0, 0.0, 1.0], "k_pid_att": [40.935772279869205, 1.718073284706113, 1.0], "k_pid_yaw": [0.5, 1e-06, 0.1], "k_pid_hsp": [0.0001, 0.0, 0.0], "k_pid_vsp": [64.58020641014906, 360.6435439712456, 89.20009322898355]}, "datetime": {"datetime": "2025-08-11 23:00:37", "elapsed": 23717.140868663788, "delta": 33.72769260406494}, "costs": {"total_cost": 1251.3589029266666, "time_cost": 150, "final_distance_cost": 49.601480994472645, "oscillation_cost": 0.5905903282917733, "completition_cost": 888.8888888888888, "overshoot_cost": 105.91151800051377, "power_cost": 29.370902331542972, "noise_cost": 26.995522382956572, "n_waypoints_completed": 1, "tot_waypoints": 9}}
{"target": -1173.6651819743745, "params": {"k_pid_pos": [0.5350279452494193, 0.9233987648251988, 0.9801105951036937], "k_pid_alt": [0.8736947308217438, 0.887674779502518, 0.13343636611104281], "k_pid_att": [43.833400320077, 2.8159138898826828, 0.7808636628681277], "k_pid_yaw": [0.5, 1e-06, 0.1], "k_pid_hsp": [2.81855998891428, 0.24653605177417948, 0.23311080149930652], "k_pid_vsp": [127.79966519463687, 93.06007971099051, 56.07219569569893]}, "datetime": {"datetime": "2025-08-11 23:01:11", "elapsed": 23750.582291841507, "delta": 33.441423177719116}, "costs": {"total_cost": 1173.6651819743745, "time_cost": 150, "final_distance_cost": 61.711642317105486, "oscillation_cost": 404.4073917592824, "completition_cost": 444.4444444444444, "overshoot_cost": 48.90709565352676, "power_cost": 34.562245666503905, "noise_cost": 29.632362133511624, "n_waypoints_completed": 5, "tot_waypoints": 9}}
{"target": -1577.0883065088206, "params": {"k_pid_pos": [0.3592449531875929, 0.4901880760749433, 0.6086358683533346], "k_pid_alt": [0.5946084040495774, 0.22299650416428263, 0.4655064422854859], "k_pid_att": [92.21198371653546, 4.235982312519487, 0.8281518828620885], "k_pid_yaw": [0.5, 1e-06, 0.1], "k_pid_hsp": [3.034374735333263, 0.7206679630420461, 0.39082149117139275], "k_pid_vsp": [296.15050436618907, 285.8798781991099, 367.81841173765486]}, "datetime": {"datetime": "2025-08-11 23:01:45", "elapsed": 23784.544421434402, "delta": 33.96212959289551}, "costs": {"total_cost": 1577.0883065088206, "time_cost": 150, "final_distance_cost": 54.03466274098705, "oscillation_cost": 598.8632817629417, "completition_cost": 666.6666666666667, "overshoot_cost": 44.49848826802786, "power_cost": 34.805350708007815, "noise_cost": 28.21985636218948, "n_waypoints_completed": 3, "tot_waypoints": 9}}
{"target": -367.5750997199546, "params": {"k_pid_pos": [0.6764849671444149, 0.5718102393687018, 0.5716502318020603], "k_pid_alt": [1.2903582623232432, 0.8391869776870348, 0.2760154200267192], "k_pid_att": [3.801241205757566, 7.726871650083111, 0.4450033697476501], "k_pid_yaw": [0.5, 1e-06, 0.1], "k_pid_hsp": [5.440433889807724, 0.06789784257096365, 0.10171161619478553], "k_pid_vsp": [41.072265910688444, 363.99781742839997, 143.1084310249138]}, "datetime": {"datetime": "2025-08-11 23:02:18", "elapsed": 23817.451284885406, "delta": 32.90686345100403}, "costs": {"total_cost": 367.5750997199546, "time_cost": 114.31700000000001, "final_distance_cost": 1.7672683144377759, "oscillation_cost": 126.42118752849787, "completition_cost": 0.0, "overshoot_cost": 65.62236145535482, "power_cost": 29.59479595947266, "noise_cost": 29.852486462191493, "n_waypoints_completed": 9, "tot_waypoints": 9}}
{"target": -860.372479967039, "params": {"k_pid_pos": [1.7469248001120676, 0.6233338911312137, 0.01855942280054358], "k_pid_alt": [1.125547652898906, 1.0, 0.0], "k_pid_att": [1.200257240334123, 1.0191203449991397, 0.34667366726070603], "k_pid_yaw": [0.5, 1e-06, 0.1], "k_pid_hsp": [6.0939292578915705, 1.0, 0.41988473518526737], "k_pid_vsp": [246.4724998026365, 273.005503431755, 17.993589331000965]}, "datetime": {"datetime": "2025-08-11 23:02:52", "elapsed": 23852.092637062073, "delta": 34.64135217666626}, "costs": {"total_cost": 860.372479967039, "time_cost": 150, "final_distance_cost": 74.17272282688842, "oscillation_cost": 161.09163700264446, "completition_cost": 333.33333333333337, "overshoot_cost": 75.7157297383558, "power_cost": 34.311905517578126, "noise_cost": 31.747151548238932, "n_waypoints_completed": 6, "tot_waypoints": 9}}
{"target": -564.7232387500891, "params": {"k_pid_pos": [0.8562018515004112, 0.9536217628553673, 0.6439575220226321], "k_pid_alt": [0.8374067465927089, 0.2731559457228998, 0.03436810818543645], "k_pid_att": [46.480443388423076, 2.332911454048593, 0.5230801549985421], "k_pid_yaw": [0.5, 1e-06, 0.1], "k_pid_hsp": [7.198747157782044, 0.007926912249191842, 0.7916509167055413], "k_pid_vsp": [207.29673043241377, 234.2308716877574, 131.62386338679678]}, "datetime": {"datetime": "2025-08-11 23:03:23", "elapsed": 23882.681215763092, "delta": 30.588578701019287}, "costs": {"total_cost": 564.7232387500891, "time_cost": 109.34, "final_distance_cost": 1.7557056538062612, "oscillation_cost": 333.91792627858706, "completition_cost": 0.0, "overshoot_cost": 60.889040456244246, "power_cost": 32.01661414794922, "noise_cost": 26.803952213502267, "n_waypoints_completed": 9, "tot_waypoints": 9}}
{"target": -309.4048368519279, "params": {"k_pid_pos": [1.0731484590259988, 0.3895584748414163, 1.0], "k_pid_alt": [1.834780158651729, 0.4350138632540328, 0.0], "k_pid_att": [15.859798147647933, 5.633274461363422, 0.8314548358533241], "k_pid_yaw": [0.5, 1e-06, 0.1], "k_pid_hsp": [10.0, 0.0, 0.0], "k_pid_vsp": [292.48081151294235, 351.01025951782776, 90.03767015910222]}, "datetime": {"datetime": "2025-08-11 23:03:57", "elapsed": 23916.46879172325, "delta": 33.7875759601593}, "costs": {"total_cost": 309.4048368519279, "time_cost": 118.47500000000001, "final_distance_cost": 1.7466843712747528, "oscillation_cost": 77.52062305825189, "completition_cost": 0.0, "overshoot_cost": 54.8045643478214, "power_cost": 29.096708935546875, "noise_cost": 27.76125613903296, "n_waypoints_completed": 9, "tot_waypoints": 9}}
{"target": -1007.2443330584553, "params": {"k_pid_pos": [0.11840227712020167, 0.43250969715256626, 0.13546946130671444], "k_pid_alt": [1.5559737837030898, 0.2715217615688367, 0.3411255204765238], "k_pid_att": [14.782672553845455, 3.3177329478388735, 0.21566091047686076], "k_pid_yaw": [0.5, 1e-06, 0.1], "k_pid_hsp": [3.4550670158313044, 0.6498487681394441, 0.7180281208301657], "k_pid_vsp": [236.6038908268906, 268.8713530066757, 36.37765778266338]}, "datetime": {"datetime": "2025-08-11 23:04:31", "elapsed": 23951.07128405571, "delta": 34.602492332458496}, "costs": {"total_cost": 1007.2443330584553, "time_cost": 150, "final_distance_cost": 78.13959007537966, "oscillation_cost": 331.03512418740905, "completition_cost": 333.33333333333337, "overshoot_cost": 53.867270706412484, "power_cost": 32.2707662109375, "noise_cost": 28.598248544983196, "n_waypoints_completed": 6, "tot_waypoints": 9}}
{"target": -542.6306849084044, "params": {"k_pid_pos": [2.0, 1.0, 0.0], "k_pid_alt": [2.0, 0.0, 0.0], "k_pid_att": [33.67166679985693, 4.265692720556012, 0.0], "k_pid_yaw": [0.5, 1e-06, 0.1], "k_pid_hsp": [4.638565288702667, 0.0, 1.0], "k_pid_vsp": [192.2709641719012, 318.6956429265193, 243.27616267117932]}, "datetime": {"datetime": "2025-08-11 23:05:07", "elapsed": 23986.800701379776, "delta": 35.72941732406616}, "costs": {"total_cost": 542.6306849084044, "time_cost": 119.399, "final_distance_cost": 1.7594451117355268, "oscillation_cost": 275.6425156691762, "completition_cost": 0.0, "overshoot_cost": 76.52896087183437, "power_cost": 37.04358942871094, "noise_cost": 32.25717382694728, "n_waypoints_completed": 9, "tot_waypoints": 9}}
