{"target": -1873.9160449400315, "params": {"k_pid_pos": [0.19579227986594294, 0.1525141493921114, 0.6957899888421925], "k_pid_alt": [0.18734379893477304, 0.9907919052440235, 0.13624777459959492], "k_pid_att": [46.22610067407905, 7.699284604541485, 0.019559442667170135], "k_pid_yaw": [0.5, 1e-06, 0.1], "k_pid_hsp": [3.8358788096180527, 0.425379878532539, 0.9754825112433222], "k_pid_vsp": [56.35009859509657, 364.88284127069005, 95.6148351915407]}, "datetime": {"datetime": "2025-08-11 19:26:19", "elapsed": 10859.263284683228, "delta": 30.863215446472168}, "costs": {"total_cost": 1873.9160449400315, "time_cost": 150, "final_distance_cost": 75.72501258513404, "oscillation_cost": 755.0246132775285, "completition_cost": 777.7777777777778, "overshoot_cost": 52.1293946488318, "power_cost": 35.384585791015624, "noise_cost": 27.87466085974403, "n_waypoints_completed": 2, "tot_waypoints": 9}}
{"target": -1444.500861860627, "params": {"k_pid_pos": [0.35833842304436353, 0.6829758789354257, 0.6867614308298302], "k_pid_alt": [1.7308544382659758, 0.6619531987667325, 0.11494260652004484], "k_pid_att": [78.71076405975928, 8.062624662090505, 0.16325036044895325], "k_pid_yaw": [0.5, 1e-06, 0.1], "k_pid_hsp": [5.460437102360928, 0.5098191699927442, 0.37181181724764445], "k_pid_vsp": [94.20021612500466, 173.2463464750792, 205.8209527009139]}, "datetime": {"datetime": "2025-08-11 19:26:50", "elapsed": 10890.36753487587, "delta": 31.104250192642212}, "costs": {"total_cost": 1444.500861860627, "time_cost": 150, "final_distance_cost": 44.60895016995925, "oscillation_cost": 574.7848149804367, "completition_cost": 555.5555555555555, "overshoot_cost": 53.77358453977867, "power_cost": 36.18730596923828, "noise_cost": 29.590650645658673, "n_waypoints_completed": 4, "tot_waypoints": 9}}
{"target": -502.7895824441209, "params": {"k_pid_pos": [0.7440544457534626, 0.4531787172403865, 0.13121315454692395], "k_pid_alt": [1.534085192516766, 0.28423043749520527, 0.8503282012561174], "k_pid_att": [39.8221530223387, 0.9380713530418466, 0.18442281877126354], "k_pid_yaw": [0.5, 1e-06, 0.1], "k_pid_hsp": [2.6678099337882175, 0.12586294619646698, 0.15769603266493826], "k_pid_vsp": [216.7643140117737, 233.4207184545356, 129.9725870041971]}, "datetime": {"datetime": "2025-08-11 19:27:13", "elapsed": 10913.15370631218, "delta": 22.786171436309814}, "costs": {"total_cost": 502.7895824441209, "time_cost": 86.85600000000001, "final_distance_cost": 1.7913188817798003, "oscillation_cost": 315.83513856161323, "completition_cost": 0.0, "overshoot_cost": 53.55343184333443, "power_cost": 23.772578051757815, "noise_cost": 20.981115105635634, "n_waypoints_completed": 9, "tot_waypoints": 9}}
{"target": -408.8911813393109, "params": {"k_pid_pos": [1.6936838939228742, 0.5321460523307303, 0.9144578054511424], "k_pid_alt": [0.6603470748217568, 0.93421580084958, 0.06506917296554493], "k_pid_att": [4.396543465287472, 0.9344544804437821, 0.36161817201956836], "k_pid_yaw": [0.5, 1e-06, 0.1], "k_pid_hsp": [3.335308490482336, 0.32890593309050475, 0.46560636948555256], "k_pid_vsp": [249.39655031969323, 270.36628332549543, 33.07732099105583]}, "datetime": {"datetime": "2025-08-11 19:27:40", "elapsed": 10940.130425691605, "delta": 26.97671937942505}, "costs": {"total_cost": 408.8911813393109, "time_cost": 106.4, "final_distance_cost": 1.772463397782966, "oscillation_cost": 183.7661342093012, "completition_cost": 0.0, "overshoot_cost": 63.73741099576033, "power_cost": 28.073259020996094, "noise_cost": 25.141913715470267, "n_waypoints_completed": 9, "tot_waypoints": 9}}
{"target": -551.8555954229784, "params": {"k_pid_pos": [1.1601002263288964, 0.23190749823004075, 0.10990578975040288], "k_pid_alt": [1.8265968133239665, 0.3163443590408177, 0.29472518189441854], "k_pid_att": [38.32411355462339, 0.6164552817108175, 0.8402162438200668], "k_pid_yaw": [0.5, 1e-06, 0.1], "k_pid_hsp": [6.304117851481704, 0.9250362700225203, 0.9659082257523887], "k_pid_vsp": [213.2136470373518, 234.04796182234315, 128.28184322071655]}, "datetime": {"datetime": "2025-08-11 19:28:12", "elapsed": 10971.381621837616, "delta": 31.251196146011353}, "costs": {"total_cost": 551.8555954229784, "time_cost": 117.761, "final_distance_cost": 1.7802080348621945, "oscillation_cost": 313.076929639905, "completition_cost": 0.0, "overshoot_cost": 55.77446711337429, "power_cost": 35.018748645019535, "noise_cost": 28.444241989817282, "n_waypoints_completed": 9, "tot_waypoints": 9}}
{"target": -595.9291750624928, "params": {"k_pid_pos": [1.5313174210935305, 0.6375131704511167, 0.7636413821305883], "k_pid_alt": [1.3980858889377652, 0.10609536907623518, 0.40068871988692284], "k_pid_att": [46.714241486877626, 2.258343511486914, 0.23731475491826912], "k_pid_yaw": [0.5, 1e-06, 0.1], "k_pid_hsp": [4.212702261466022, 0.6853553327791051, 0.39220604669185394], "k_pid_vsp": [207.73736214558699, 240.34240385816935, 121.37648747030285]}, "datetime": {"datetime": "2025-08-11 19:28:40", "elapsed": 10999.513901948929, "delta": 28.132280111312866}, "costs": {"total_cost": 595.9291750624928, "time_cost": 107.926, "final_distance_cost": 1.7790283154618518, "oscillation_cost": 374.50954379757076, "completition_cost": 0.0, "overshoot_cost": 53.78537074582304, "power_cost": 31.795174719238283, "noise_cost": 26.13405748439894, "n_waypoints_completed": 9, "tot_waypoints": 9}}
{"target": -385.282806301134, "params": {"k_pid_pos": [0.647364861431401, 0.7239413282402716, 0.8603249447047406], "k_pid_alt": [1.8924963357914488, 0.4745018802169626, 0.07281345317215393], "k_pid_att": [4.542352582444953, 8.989047251744317, 0.9306179356400548], "k_pid_yaw": [0.5, 1e-06, 0.1], "k_pid_hsp": [6.654905984321207, 0.10450108463763308, 0.3765417106097334], "k_pid_vsp": [291.56136178984207, 353.2865401768928, 97.71847720880564]}, "datetime": {"datetime": "2025-08-11 19:29:10", "elapsed": 11029.540025234222, "delta": 30.02612328529358}, "costs": {"total_cost": 385.282806301134, "time_cost": 116.235, "final_distance_cost": 1.775455251022059, "oscillation_cost": 151.0291561451936, "completition_cost": 0.0, "overshoot_cost": 58.87791080900841, "power_cost": 30.537243212890626, "noise_cost": 26.828040883019217, "n_waypoints_completed": 9, "tot_waypoints": 9}}
{"target": -1672.089146975515, "params": {"k_pid_pos": [0.9290784690156099, 0.4992281923026002, 0.7228615076351648], "k_pid_alt": [0.6884620379934194, 0.38528330761808205, 0.9638130169126384], "k_pid_att": [26.02951608035623, 8.837292316862378, 0.013856564063398191], "k_pid_yaw": [0.5, 1e-06, 0.1], "k_pid_hsp": [0.3222831880412438, 0.832805073725873, 0.6402198174246677], "k_pid_vsp": [362.4447527188538, 139.55661516211634, 254.5636153591753]}, "datetime": {"datetime": "2025-08-11 19:29:41", "elapsed": 11060.587370872498, "delta": 31.047345638275146}, "costs": {"total_cost": 1672.089146975515, "time_cost": 150, "final_distance_cost": 45.29215861423223, "oscillation_cost": 662.4525223765598, "completition_cost": 666.6666666666667, "overshoot_cost": 83.23953511730258, "power_cost": 34.61934383544922, "noise_cost": 29.81892036530424, "n_waypoints_completed": 3, "tot_waypoints": 9}}
{"target": -736.2199697742791, "params": {"k_pid_pos": [1.2484507009272299, 0.45296368854190006, 0.723057253899012], "k_pid_alt": [0.17116830781176584, 0.19358091698289537, 0.7878960812861643], "k_pid_att": [77.64591378742647, 6.172580381577943, 0.550578061020851], "k_pid_yaw": [0.5, 1e-06, 0.1], "k_pid_hsp": [7.016051915657083, 0.6441666309065998, 0.3649384585191501], "k_pid_vsp": [338.771649841095, 45.01479984055821, 50.46574289126628]}, "datetime": {"datetime": "2025-08-11 19:30:09", "elapsed": 11088.862668037415, "delta": 28.275297164916992}, "costs": {"total_cost": 736.2199697742791, "time_cost": 107.583, "final_distance_cost": 1.7986595828746725, "oscillation_cost": 509.6077935133515, "completition_cost": 0.0, "overshoot_cost": 59.183917807381796, "power_cost": 31.698928637695314, "noise_cost": 26.347670232975833, "n_waypoints_completed": 9, "tot_waypoints": 9}}
{"target": -926.2210387521379, "params": {"k_pid_pos": [1.474586943960275, 0.8021853875229816, 0.7662972047986356], "k_pid_alt": [0.4397384847997703, 0.879187008723188, 0.1343365379940885], "k_pid_att": [99.21233670944946, 2.2477867030079164, 0.6371224371147514], "k_pid_yaw": [0.5, 1e-06, 0.1], "k_pid_hsp": [9.25961968938677, 0.08715886022345343, 0.23694586095426973], "k_pid_vsp": [361.04188575677335, 7.042794249703915, 182.41294252270205]}, "datetime": {"datetime": "2025-08-11 19:30:40", "elapsed": 11119.434626817703, "delta": 30.571958780288696}, "costs": {"total_cost": 926.2210387521379, "time_cost": 150, "final_distance_cost": 65.86679971392628, "oscillation_cost": 472.1982950132728, "completition_cost": 111.11111111111116, "overshoot_cost": 61.87304303996185, "power_cost": 35.60722282714844, "noise_cost": 29.56456704671731, "n_waypoints_completed": 8, "tot_waypoints": 9}}
{"target": -535.610143376747, "params": {"k_pid_pos": [1.1515116463936932, 0.042919606694239554, 0.1859482920914629], "k_pid_alt": [1.0596433225590203, 0.7071728803966104, 0.9242232472614049], "k_pid_att": [13.94679304214419, 8.071809795008189, 0.7333194663189534], "k_pid_yaw": [0.5, 1e-06, 0.1], "k_pid_hsp": [3.778010474736847, 0.31826814569422024, 0.8948591085668336], "k_pid_vsp": [60.40591612176489, 345.86961564645554, 144.7654508004557]}, "datetime": {"datetime": "2025-08-11 19:31:08", "elapsed": 11147.739565849304, "delta": 28.304939031600952}, "costs": {"total_cost": 535.610143376747, "time_cost": 106.568, "final_distance_cost": 1.7473593016812088, "oscillation_cost": 308.84680092568095, "completition_cost": 0.0, "overshoot_cost": 64.6830244550299, "power_cost": 27.938997290039065, "noise_cost": 25.825961404315926, "n_waypoints_completed": 9, "tot_waypoints": 9}}
{"target": -653.0847588623695, "params": {"k_pid_pos": [1.6704239396211051, 0.9722449339165672, 0.38242075791164976], "k_pid_alt": [1.3456239426178023, 0.33179243356361454, 0.6742323217098994], "k_pid_att": [92.64158643193848, 6.296318370814597, 0.3389179077457347], "k_pid_yaw": [0.5, 1e-06, 0.1], "k_pid_hsp": [3.332281551835461, 0.6717618557915686, 0.6289180606050595], "k_pid_vsp": [388.67233701378876, 378.2257280676648, 384.9340834547619]}, "datetime": {"datetime": "2025-08-11 19:31:39", "elapsed": 11178.42681837082, "delta": 30.687252521514893}, "costs": {"total_cost": 653.0847588623695, "time_cost": 150, "final_distance_cost": 25.91632435613159, "oscillation_cost": 215.13952236795953, "completition_cost": 111.11111111111116, "overshoot_cost": 82.73616506651513, "power_cost": 38.49900416259766, "noise_cost": 29.682631798054594, "n_waypoints_completed": 8, "tot_waypoints": 9}}
{"target": -428.3638039683267, "params": {"k_pid_pos": [0.794770094888979, 0.002943431751001424, 0.29953197460066416], "k_pid_alt": [1.8817114289710475, 0.2522765221970612, 0.8848007529648294], "k_pid_att": [35.48499911961538, 7.755930251734595, 0.8373857666189192], "k_pid_yaw": [0.5, 1e-06, 0.1], "k_pid_hsp": [9.560099570433533, 0.6918230583240738, 0.7829739448810272], "k_pid_vsp": [283.96288523328053, 351.60464625989823, 30.373774332740698]}, "datetime": {"datetime": "2025-08-11 19:32:01", "elapsed": 11201.044869661331, "delta": 22.618051290512085}, "costs": {"total_cost": 428.3638039683267, "time_cost": 86.10000000000001, "final_distance_cost": 1.7934664071210578, "oscillation_cost": 242.59440692847195, "completition_cost": 0.0, "overshoot_cost": 52.4599797261807, "power_cost": 23.996138720703126, "noise_cost": 21.419812185849896, "n_waypoints_completed": 9, "tot_waypoints": 9}}
{"target": -812.8176460086651, "params": {"k_pid_pos": [0.6437884281430675, 0.9211926636502729, 0.5368342065660147], "k_pid_alt": [1.8025247759789136, 0.42815043500249084, 0.5140291362332029], "k_pid_att": [27.93582702361149, 1.5376060727789798, 0.8118419827171598], "k_pid_yaw": [0.5, 1e-06, 0.1], "k_pid_hsp": [9.586084191459728, 0.5375578267251937, 0.36780667983487303], "k_pid_vsp": [195.20579118622234, 250.10443691180643, 124.82483466768353]}, "datetime": {"datetime": "2025-08-11 19:32:32", "elapsed": 11231.932408571243, "delta": 30.88753890991211}, "costs": {"total_cost": 812.8176460086651, "time_cost": 150, "final_distance_cost": 50.065926255950615, "oscillation_cost": 385.70599737171506, "completition_cost": 111.11111111111116, "overshoot_cost": 54.359545684071, "power_cost": 33.31770798339844, "noise_cost": 28.257357602418683, "n_waypoints_completed": 8, "tot_waypoints": 9}}
{"target": -700.1193801343051, "params": {"k_pid_pos": [0.932123283559666, 0.4227531824562545, 0.9968534105454435], "k_pid_alt": [1.0574165942298317, 0.8455783996147634, 0.6833374349281213], "k_pid_att": [36.53764808831416, 2.487314411848363, 0.8332227447674995], "k_pid_yaw": [0.5, 1e-06, 0.1], "k_pid_hsp": [6.893977147091439, 0.42861612591163656, 0.23040186875138902], "k_pid_vsp": [232.79488663289953, 322.9447011173935, 14.810032967365203]}, "datetime": {"datetime": "2025-08-11 19:33:02", "elapsed": 11261.64133644104, "delta": 29.708927869796753}, "costs": {"total_cost": 700.1193801343051, "time_cost": 116.592, "final_distance_cost": 1.7615458402412898, "oscillation_cost": 460.09854944047964, "completition_cost": 0.0, "overshoot_cost": 59.33978483600639, "power_cost": 32.57952479248047, "noise_cost": 29.74797522509736, "n_waypoints_completed": 9, "tot_waypoints": 9}}
{"target": -908.2472257415332, "params": {"k_pid_pos": [0.06491744087292071, 0.3388144026476756, 0.6595891650691111], "k_pid_alt": [0.3491562020820962, 0.09460120053306165, 0.92141511983159], "k_pid_att": [21.0400510717608, 1.7487898040578953, 0.8950296346210866], "k_pid_yaw": [0.5, 1e-06, 0.1], "k_pid_hsp": [4.842643695041149, 0.6178410191522836, 0.017169972740001538], "k_pid_vsp": [223.4096467440342, 17.72018807113495, 41.61361268418995]}, "datetime": {"datetime": "2025-08-11 19:33:32", "elapsed": 11292.115943670273, "delta": 30.474607229232788}, "costs": {"total_cost": 908.2472257415332, "time_cost": 150, "final_distance_cost": 45.42241464483635, "oscillation_cost": 34.81025292038642, "completition_cost": 555.5555555555555, "overshoot_cost": 65.75470527544718, "power_cost": 29.359436486816406, "noise_cost": 27.344860858491234, "n_waypoints_completed": 4, "tot_waypoints": 9}}
{"target": -932.2608510266678, "params": {"k_pid_pos": [0.3918434004734159, 0.613871662222527, 0.47536272397300916], "k_pid_alt": [1.0855864891408722, 0.15058460465814416, 0.30979364106762886], "k_pid_att": [12.262233401469159, 7.439581786279386, 0.1019270216166438], "k_pid_yaw": [0.5, 1e-06, 0.1], "k_pid_hsp": [2.63339634423521, 0.600848244164652, 0.09676092761387867], "k_pid_vsp": [45.222611068198404, 342.42139746828025, 148.65462704142888]}, "datetime": {"datetime": "2025-08-11 19:34:03", "elapsed": 11323.176283597946, "delta": 31.06033992767334}, "costs": {"total_cost": 932.2608510266678, "time_cost": 150, "final_distance_cost": 77.86505916053902, "oscillation_cost": 370.12934770902007, "completition_cost": 222.2222222222222, "overshoot_cost": 53.16220045728812, "power_cost": 30.81226336669922, "noise_cost": 28.069758110899237, "n_waypoints_completed": 7, "tot_waypoints": 9}}
{"target": -1077.618930615278, "params": {"k_pid_pos": [0.6875373890093011, 0.9067508466899072, 0.8269242851918207], "k_pid_alt": [0.419822137311181, 0.6568714691250259, 0.23248985131888644], "k_pid_att": [16.41439087894697, 5.295268358091444, 0.8794684360357043], "k_pid_yaw": [0.5, 1e-06, 0.1], "k_pid_hsp": [6.058161716495984, 0.5264491718266014, 0.22329157116871035], "k_pid_vsp": [43.97569055371857, 350.84273457090484, 143.41240635006966]}, "datetime": {"datetime": "2025-08-11 19:34:34", "elapsed": 11353.660475730896, "delta": 30.48419213294983}, "costs": {"total_cost": 1077.618930615278, "time_cost": 150, "final_distance_cost": 49.40866269820741, "oscillation_cost": 315.0864715105636, "completition_cost": 444.4444444444444, "overshoot_cost": 55.62845907685636, "power_cost": 32.77547261962891, "noise_cost": 30.275420265577196, "n_waypoints_completed": 5, "tot_waypoints": 9}}
{"target": -342.76487359486947, "params": {"k_pid_pos": [1.780074073639176, 0.49549035956629794, 0.5443434667382784], "k_pid_alt": [1.9337405813188882, 0.8182476625108055, 0.691633740475429], "k_pid_att": [14.991076894801248, 2.504317987285218, 0.515999136250508], "k_pid_yaw": [0.5, 1e-06, 0.1], "k_pid_hsp": [7.072966769060787, 0.14728673918602064, 0.04199723038200531], "k_pid_vsp": [56.40357923987711, 341.11496762607084, 157.3748556877279]}, "datetime": {"datetime": "2025-08-11 19:35:02", "elapsed": 11382.289990186691, "delta": 28.629514455795288}, "costs": {"total_cost": 342.76487359486947, "time_cost": 112.42, "final_distance_cost": 1.7603270876173807, "oscillation_cost": 102.74278217048092, "completition_cost": 0.0, "overshoot_cost": 66.9038620233205, "power_cost": 28.776076708984377, "noise_cost": 30.161825604466323, "n_waypoints_completed": 9, "tot_waypoints": 9}}
{"target": -839.5736361185808, "params": {"k_pid_pos": [1.7705270620851978, 0.1592061087254072, 0.18854168197717214], "k_pid_alt": [0.40848687654068083, 0.44501454892321424, 0.7179632989813627], "k_pid_att": [48.289264538762836, 4.962119135484025, 0.555028857568177], "k_pid_yaw": [0.5, 1e-06, 0.1], "k_pid_hsp": [2.527862154800673, 0.24760260923864252, 0.36505326599023236], "k_pid_vsp": [61.22735553947338, 330.24689675320576, 203.64857838440338]}, "datetime": {"datetime": "2025-08-11 19:35:33", "elapsed": 11412.485277175903, "delta": 30.195286989212036}, "costs": {"total_cost": 839.5736361185808, "time_cost": 150, "final_distance_cost": 38.94666718691761, "oscillation_cost": 402.1914296164065, "completition_cost": 111.11111111111116, "overshoot_cost": 70.93938156692485, "power_cost": 34.604758813476565, "noise_cost": 31.78028782374402, "n_waypoints_completed": 8, "tot_waypoints": 9}}
{"target": -651.2533580028478, "params": {"k_pid_pos": [1.2774886504802696, 0.7120768326973862, 0.18380339822551128], "k_pid_alt": [1.7892692405245787, 0.15865834446237015, 0.4466200879229988], "k_pid_att": [8.532072369917742, 7.556911818854531, 0.8833107304610796], "k_pid_yaw": [0.5, 1e-06, 0.1], "k_pid_hsp": [4.622497084421117, 0.04861113001984996, 0.042333711008828656], "k_pid_vsp": [343.6965090587482, 344.1631354731471, 359.1554193903106]}, "datetime": {"datetime": "2025-08-11 19:36:03", "elapsed": 11442.585881233215, "delta": 30.10060405731201}, "costs": {"total_cost": 651.2533580028478, "time_cost": 150, "final_distance_cost": 80.40451879973394, "oscillation_cost": 81.64352417942166, "completition_cost": 222.2222222222222, "overshoot_cost": 56.67911298777543, "power_cost": 32.101912109375, "noise_cost": 28.20206770431959, "n_waypoints_completed": 7, "tot_waypoints": 9}}
{"target": -1004.039815061544, "params": {"k_pid_pos": [0.7704196152785242, 0.6237735262071653, 0.5322463770005301], "k_pid_alt": [0.4150481068126459, 0.6094723559216692, 0.5476852878605821], "k_pid_att": [33.45927914542342, 2.6979672695642534, 0.035081869453624126], "k_pid_yaw": [0.5, 1e-06, 0.1], "k_pid_hsp": [1.3803373366258505, 0.036243077800724444, 0.9090669151887386], "k_pid_vsp": [238.86134811582625, 21.521134153841672, 47.82501958727105]}, "datetime": {"datetime": "2025-08-11 19:36:33", "elapsed": 11472.897802591324, "delta": 30.31192135810852}, "costs": {"total_cost": 1004.039815061544, "time_cost": 150, "final_distance_cost": 76.22530579371856, "oscillation_cost": 419.4262671834965, "completition_cost": 222.2222222222222, "overshoot_cost": 72.60319811756122, "power_cost": 34.78798182373047, "noise_cost": 28.774839920815133, "n_waypoints_completed": 7, "tot_waypoints": 9}}
{"target": -868.8265247054176, "params": {"k_pid_pos": [1.0487719624811094, 0.6563778902882889, 0.1037766800945682], "k_pid_alt": [0.7558288507905464, 0.19779973352252467, 0.14196277214989983], "k_pid_att": [54.66829287304117, 3.2833435576944576, 0.9064294427222096], "k_pid_yaw": [0.5, 1e-06, 0.1], "k_pid_hsp": [2.3311929661859683, 0.3985627177657186, 0.2711511965845793], "k_pid_vsp": [269.2020670840781, 59.6983517464431, 388.61958978064706]}, "datetime": {"datetime": "2025-08-11 19:37:03", "elapsed": 11503.209484100342, "delta": 30.311681509017944}, "costs": {"total_cost": 868.8265247054176, "time_cost": 150, "final_distance_cost": 80.35741913448693, "oscillation_cost": 271.8573389226315, "completition_cost": 222.2222222222222, "overshoot_cost": 72.80835947765549, "power_cost": 35.367952636718755, "noise_cost": 36.21323231170271, "n_waypoints_completed": 7, "tot_waypoints": 9}}
{"target": -965.3304999057233, "params": {"k_pid_pos": [0.879156715231295, 0.2777878042595144, 0.5928503597936529], "k_pid_alt": [1.493464890990341, 0.27643488621373047, 0.6018789072744185], "k_pid_att": [36.61357127975281, 8.289459195214128, 0.8546477403764482], "k_pid_yaw": [0.5, 1e-06, 0.1], "k_pid_hsp": [7.088038117067576, 0.6213463404433944, 0.8020114356358915], "k_pid_vsp": [280.588066862372, 352.76167302009577, 29.5004504381598]}, "datetime": {"datetime": "2025-08-11 19:37:34", "elapsed": 11533.70082116127, "delta": 30.491337060928345}, "costs": {"total_cost": 965.3304999057233, "time_cost": 150, "final_distance_cost": 65.80864205280481, "oscillation_cost": 420.14862435016084, "completition_cost": 222.2222222222222, "overshoot_cost": 45.25546341616083, "power_cost": 33.52354431152344, "noise_cost": 28.372003552851222, "n_waypoints_completed": 7, "tot_waypoints": 9}}
