{"target": -431.2878414350819, "params": {"k_pid_pos": [1.8427481898074, 0.34632326265336943, 0.929791013828497], "k_pid_alt": [0.9760731707762218, 0.6798782736068371, 0.1155645533378249], "k_pid_att": [6.4143664529524695, 4.295859491078063, 0.8079283431652747], "k_pid_yaw": [0.5, 1e-06, 0.1], "k_pid_hsp": [3.1989873135337357, 0.23381811439840117, 0.5410216009112596], "k_pid_vsp": [288.61253183188114, 336.5838771713277, 135.4502571091141]}, "datetime": {"datetime": "2025-08-11 18:26:25", "elapsed": 7265.301344156265, "delta": 28.104443073272705}, "costs": {"total_cost": 431.2878414350819, "time_cost": 108.626, "final_distance_cost": 1.7766638969336817, "oscillation_cost": 206.061921690145, "completition_cost": 0.0, "overshoot_cost": 60.20568572073062, "power_cost": 29.459520068359378, "noise_cost": 25.158050058913194, "n_waypoints_completed": 9, "tot_waypoints": 9}}
{"target": -1281.3297295424377, "params": {"k_pid_pos": [0.8428989062431638, 0.8550830955844173, 0.6895900333777139], "k_pid_alt": [0.9543761633845016, 0.4227858934096598, 0.790227457652764], "k_pid_att": [64.94201698577075, 4.885818372305853, 0.08042600159376945], "k_pid_yaw": [0.5, 1e-06, 0.1], "k_pid_hsp": [0.6278294323718188, 0.021187409099914456, 0.3990803914757829], "k_pid_vsp": [385.63255067010573, 390.99081535941787, 372.1157357229737]}, "datetime": {"datetime": "2025-08-11 18:26:56", "elapsed": 7295.615738630295, "delta": 30.31439447402954}, "costs": {"total_cost": 1281.3297295424377, "time_cost": 150, "final_distance_cost": 30.396799383402602, "oscillation_cost": 405.8230885876781, "completition_cost": 555.5555555555555, "overshoot_cost": 72.76705304670553, "power_cost": 37.240464184570314, "noise_cost": 29.54676878452571, "n_waypoints_completed": 4, "tot_waypoints": 9}}
{"target": -1513.9126578173707, "params": {"k_pid_pos": [0.1859047139323788, 0.8611403661916234, 0.12709843755251427], "k_pid_alt": [0.7115470491569704, 0.7753577488204332, 0.8026565364531476], "k_pid_att": [94.03002902784249, 8.903964184178307, 0.7998723738414228], "k_pid_yaw": [0.5, 1e-06, 0.1], "k_pid_hsp": [0.12983056269671617, 0.8722156736889912, 0.7411434945579604], "k_pid_vsp": [320.0004286921355, 305.5371392132703, 66.86498765178568]}, "datetime": {"datetime": "2025-08-11 18:27:27", "elapsed": 7326.515798568726, "delta": 30.900059938430786}, "costs": {"total_cost": 1513.9126578173707, "time_cost": 150, "final_distance_cost": 41.69816181241098, "oscillation_cost": 415.0655426786287, "completition_cost": 666.6666666666667, "overshoot_cost": 176.70405119955439, "power_cost": 35.23057568359375, "noise_cost": 28.547659776516277, "n_waypoints_completed": 3, "tot_waypoints": 9}}
{"target": -1540.0463112250247, "params": {"k_pid_pos": [0.2846751472743268, 0.29538019092712764, 0.35084823497434137], "k_pid_alt": [1.8043883576344972, 0.538412427733463, 0.5609158042869817], "k_pid_att": [75.06980262493474, 5.50281038524744, 0.09559910011612183], "k_pid_yaw": [0.5, 1e-06, 0.1], "k_pid_hsp": [2.1695032523330955, 0.06022789217743785, 0.6500498622404136], "k_pid_vsp": [238.77562508218926, 32.880239544073895, 301.8168421431692]}, "datetime": {"datetime": "2025-08-11 18:27:57", "elapsed": 7357.234639406204, "delta": 30.718840837478638}, "costs": {"total_cost": 1540.0463112250247, "time_cost": 150, "final_distance_cost": 48.419611931900015, "oscillation_cost": 663.3799128289371, "completition_cost": 555.5555555555555, "overshoot_cost": 59.01085231261569, "power_cost": 34.7931703125, "noise_cost": 28.88720828351637, "n_waypoints_completed": 4, "tot_waypoints": 9}}
{"target": -1321.637787654306, "params": {"k_pid_pos": [0.43552733648448894, 0.6632750787035384, 0.8882284635667381], "k_pid_alt": [0.24001949678619106, 0.6097297479694485, 0.7004643803458813], "k_pid_att": [82.09643741659214, 4.588650040275784, 0.8933544510138851], "k_pid_yaw": [0.5, 1e-06, 0.1], "k_pid_hsp": [9.934070903290074, 0.012752462877257176, 0.2076956715505659], "k_pid_vsp": [148.93388424651013, 70.54968336069783, 303.6401686725028]}, "datetime": {"datetime": "2025-08-11 18:28:29", "elapsed": 7388.816517829895, "delta": 31.581878423690796}, "costs": {"total_cost": 1321.637787654306, "time_cost": 150, "final_distance_cost": 58.01912681035288, "oscillation_cost": 538.9007239175219, "completition_cost": 444.4444444444444, "overshoot_cost": 66.98132403328768, "power_cost": 34.58325490722656, "noise_cost": 28.70891354147283, "n_waypoints_completed": 5, "tot_waypoints": 9}}
{"target": -676.0324351647566, "params": {"k_pid_pos": [1.6784287123940647, 0.2092503489320272, 0.4901115842448548], "k_pid_alt": [1.4792804268901292, 0.4158471341332345, 0.07725799160152358], "k_pid_att": [45.13514690841579, 9.75145906545343, 0.970167145431292], "k_pid_yaw": [0.5, 1e-06, 0.1], "k_pid_hsp": [0.8226629056530244, 0.9588757969415348, 0.2915754364907097], "k_pid_vsp": [33.435240192463226, 107.85218486855644, 79.58600787391453]}, "datetime": {"datetime": "2025-08-11 18:28:59", "elapsed": 7419.24237704277, "delta": 30.425859212875366}, "costs": {"total_cost": 676.0324351647566, "time_cost": 150, "final_distance_cost": 51.68577521034854, "oscillation_cost": 223.18340132347396, "completition_cost": 111.11111111111116, "overshoot_cost": 69.8878545114891, "power_cost": 37.09841182861328, "noise_cost": 33.06588117972054, "n_waypoints_completed": 8, "tot_waypoints": 9}}
{"target": -739.9004965174487, "params": {"k_pid_pos": [0.3551236360793121, 0.754413380944191, 0.6810606426516032], "k_pid_alt": [1.2948948406031024, 0.4584162774343188, 0.7482435161078962], "k_pid_att": [56.93835468677714, 0.8380989556499958, 0.7092036221136518], "k_pid_yaw": [0.5, 1e-06, 0.1], "k_pid_hsp": [1.3005804233565004, 0.693975853544158, 0.08275817607185898], "k_pid_vsp": [355.0777010614067, 79.95616210931759, 259.6356668062947]}, "datetime": {"datetime": "2025-08-11 18:29:30", "elapsed": 7449.670842885971, "delta": 30.428465843200684}, "costs": {"total_cost": 739.9004965174487, "time_cost": 150, "final_distance_cost": 7.533292455359612, "oscillation_cost": 345.85030596787874, "completition_cost": 111.11111111111116, "overshoot_cost": 62.663207807670624, "power_cost": 34.45541472167969, "noise_cost": 28.287164453748964, "n_waypoints_completed": 8, "tot_waypoints": 9}}
{"target": -2905.466847200992, "params": {"k_pid_pos": [1.1213471860653923, 0.5972508577575146, 0.8032635739338893], "k_pid_alt": [1.4728793932879698, 0.8313247905547768, 0.970449730894334], "k_pid_att": [86.83898687797648, 8.542634383451896, 0.7315476681826637], "k_pid_yaw": [0.5, 1e-06, 0.1], "k_pid_hsp": [5.892841209622943, 0.536404321135055, 0.9539727377626831], "k_pid_vsp": [18.917036679661603, 243.23571431450247, 393.06174102187987]}, "datetime": {"datetime": "2025-08-11 18:30:00", "elapsed": 7480.1740629673, "delta": 30.503220081329346}, "costs": {"total_cost": 2905.466847200992, "time_cost": 150, "final_distance_cost": 524.7150290269032, "oscillation_cost": 478.8928065179076, "completition_cost": 888.8888888888888, "overshoot_cost": 796.9844187986783, "power_cost": 36.21938134765625, "noise_cost": 29.766322620958345, "n_waypoints_completed": 1, "tot_waypoints": 9}}
{"target": -844.8152719768375, "params": {"k_pid_pos": [1.5693341191272023, 0.7390543612684878, 0.9283197494405285], "k_pid_alt": [1.994440584993705, 0.23554488829224185, 0.38659338079294014], "k_pid_att": [47.53194040302935, 4.971041099047237, 0.7238144957182645], "k_pid_yaw": [0.5, 1e-06, 0.1], "k_pid_hsp": [9.366195692150576, 0.2811284059901922, 0.3738988563263267], "k_pid_vsp": [116.57572114337755, 54.108430194314806, 133.31302232888575]}, "datetime": {"datetime": "2025-08-11 18:30:30", "elapsed": 7510.253843545914, "delta": 30.07978057861328}, "costs": {"total_cost": 844.8152719768375, "time_cost": 150, "final_distance_cost": 24.778728118760974, "oscillation_cost": 426.70161141638755, "completition_cost": 111.11111111111116, "overshoot_cost": 68.58940949412566, "power_cost": 33.46619741210937, "noise_cost": 30.168214424342725, "n_waypoints_completed": 8, "tot_waypoints": 9}}
{"target": -625.7096000919295, "params": {"k_pid_pos": [1.9299862946160522, 0.26504009393539485, 0.6453921220218938], "k_pid_alt": [0.504770103106277, 0.26009288682328113, 0.9442217772372781], "k_pid_att": [95.21862447347274, 6.128851926988828, 0.679438545802241], "k_pid_yaw": [0.5, 1e-06, 0.1], "k_pid_hsp": [9.966120118793219, 0.4440064142695791, 0.33833568294228233], "k_pid_vsp": [165.86658503262623, 116.3025285824339, 13.452725436690653]}, "datetime": {"datetime": "2025-08-11 18:30:54", "elapsed": 7534.227201938629, "delta": 23.973358392715454}, "costs": {"total_cost": 625.7096000919295, "time_cost": 93.933, "final_distance_cost": 1.7509782443272572, "oscillation_cost": 424.91240182083243, "completition_cost": 0.0, "overshoot_cost": 53.3465770418616, "power_cost": 27.536878271484376, "noise_cost": 24.229764713423847, "n_waypoints_completed": 9, "tot_waypoints": 9}}
{"target": -1815.8547418839614, "params": {"k_pid_pos": [0.22292647339824262, 0.3018482791167094, 0.43248751692895604], "k_pid_alt": [0.43367175295709837, 0.33492729540042654, 0.006855444603320104], "k_pid_att": [1.8038561445796963, 5.361101363026342, 0.052889593552409075], "k_pid_yaw": [0.5, 1e-06, 0.1], "k_pid_hsp": [7.215039515601262, 0.1451362587716264, 0.8848670825048286], "k_pid_vsp": [15.228196442470043, 152.44014127665363, 259.1438074108233]}, "datetime": {"datetime": "2025-08-11 18:31:26", "elapsed": 7566.164314746857, "delta": 31.93711280822754}, "costs": {"total_cost": 1815.8547418839614, "time_cost": 150, "final_distance_cost": 7.838514626083998, "oscillation_cost": 352.1426416569868, "completition_cost": 1000.0, "overshoot_cost": 163.92941145925445, "power_cost": 28.347605419921877, "noise_cost": 113.59656872171415, "n_waypoints_completed": 0, "tot_waypoints": 9}}
{"target": -642.5666924713372, "params": {"k_pid_pos": [1.8964288014874264, 0.2282685541333057, 0.8442178398110004], "k_pid_alt": [0.4571237843307574, 0.5190797765263084, 0.8112757316409914], "k_pid_att": [81.6260229038344, 9.560479163424844, 0.7931544364994513], "k_pid_yaw": [0.5, 1e-06, 0.1], "k_pid_hsp": [9.051111412266557, 0.29826479882845836, 0.08973808468177258], "k_pid_vsp": [369.5330467306392, 263.2544729679131, 254.12320904371538]}, "datetime": {"datetime": "2025-08-11 18:31:51", "elapsed": 7590.901603937149, "delta": 24.73728919029236}, "costs": {"total_cost": 642.5666924713372, "time_cost": 98.119, "final_distance_cost": 1.7880616038053865, "oscillation_cost": 428.2115455088773, "completition_cost": 0.0, "overshoot_cost": 61.77140090706282, "power_cost": 29.12404851074219, "noise_cost": 23.552635940849576, "n_waypoints_completed": 9, "tot_waypoints": 9}}
{"target": -624.5462522474809, "params": {"k_pid_pos": [1.956625102009062, 0.6467027490582621, 0.09504599605538089], "k_pid_alt": [0.8649464556379611, 0.01788542383930425, 0.4180170102536753], "k_pid_att": [47.7112410356842, 5.0787720504667835, 0.8860313621114911], "k_pid_yaw": [0.5, 1e-06, 0.1], "k_pid_hsp": [2.4882341574530593, 0.18405185795145818, 0.22355056735949308], "k_pid_vsp": [65.7917804484458, 329.18220809146845, 205.08096924772676]}, "datetime": {"datetime": "2025-08-11 18:32:22", "elapsed": 7622.076068162918, "delta": 31.174464225769043}, "costs": {"total_cost": 624.5462522474809, "time_cost": 150, "final_distance_cost": 9.120857596667513, "oscillation_cost": 210.2618480808808, "completition_cost": 111.11111111111116, "overshoot_cost": 76.98088343567088, "power_cost": 35.29816883544922, "noise_cost": 31.773383187701313, "n_waypoints_completed": 8, "tot_waypoints": 9}}
{"target": -1001.9002221030557, "params": {"k_pid_pos": [1.5689019976487453, 0.3946202386655886, 0.1906046075937632], "k_pid_alt": [0.010759889441990689, 0.6854909118718957, 0.0690260666585879], "k_pid_att": [78.13667526769625, 5.19888315642003, 0.28640058988067296], "k_pid_yaw": [0.5, 1e-06, 0.1], "k_pid_hsp": [4.486362217298064, 0.34585103523764327, 0.9401165315620543], "k_pid_vsp": [237.91573420305147, 177.62219908457394, 118.09875118477365]}, "datetime": {"datetime": "2025-08-11 18:32:54", "elapsed": 7653.577806472778, "delta": 31.50173830986023}, "costs": {"total_cost": 1001.9002221030557, "time_cost": 150, "final_distance_cost": 64.2079942049794, "oscillation_cost": 316.81457278015336, "completition_cost": 333.33333333333337, "overshoot_cost": 71.06170538172563, "power_cost": 37.21609410400391, "noise_cost": 29.26652229886023, "n_waypoints_completed": 6, "tot_waypoints": 9}}
{"target": -2161.0478966164155, "params": {"k_pid_pos": [0.1940910420785222, 0.49297411629449084, 0.800128915228279], "k_pid_alt": [0.8194115401667561, 0.6180458210209856, 0.2958273324403109], "k_pid_att": [98.8850349138572, 0.06384047037218497, 0.1009143285676376], "k_pid_yaw": [0.5, 1e-06, 0.1], "k_pid_hsp": [2.219238476680904, 0.7671138498320801, 0.373290282974576], "k_pid_vsp": [108.3043842749858, 34.039415804778734, 326.2582137777655]}, "datetime": {"datetime": "2025-08-11 18:33:24", "elapsed": 7684.2770409584045, "delta": 30.69923448562622}, "costs": {"total_cost": 2161.0478966164155, "time_cost": 150, "final_distance_cost": 145.12998950206577, "oscillation_cost": 580.6355790194322, "completition_cost": 1000.0, "overshoot_cost": 220.6445999831149, "power_cost": 35.6328951171875, "noise_cost": 29.00483299461489, "n_waypoints_completed": 0, "tot_waypoints": 9}}
{"target": -1208.1789993013606, "params": {"k_pid_pos": [0.7171959946341397, 0.025074730402270262, 0.7158481557808891], "k_pid_alt": [0.4113496317131806, 0.3148947470179595, 0.6336754415825779], "k_pid_att": [22.471071651376217, 0.4209095043044412, 0.005885497174560328], "k_pid_yaw": [0.5, 1e-06, 0.1], "k_pid_hsp": [6.748069239498017, 0.041895642138371936, 0.601195156462058], "k_pid_vsp": [218.3979524974256, 118.03737755778963, 275.1994779465043]}, "datetime": {"datetime": "2025-08-11 18:33:55", "elapsed": 7715.015786647797, "delta": 30.73874568939209}, "costs": {"total_cost": 1208.1789993013606, "time_cost": 150, "final_distance_cost": 74.3945400478391, "oscillation_cost": 636.2475205225116, "completition_cost": 222.2222222222222, "overshoot_cost": 63.55592418390372, "power_cost": 32.33351756591797, "noise_cost": 29.425274758966037, "n_waypoints_completed": 7, "tot_waypoints": 9}}
{"target": -1002.4972593562532, "params": {"k_pid_pos": [0.7769997415256216, 0.5743364138567539, 0.8506063149099446], "k_pid_alt": [1.2848375577424824, 0.982853892128824, 0.6523093813626146], "k_pid_att": [53.863448026438164, 8.298231226093407, 0.6804863146485088], "k_pid_yaw": [0.5, 1e-06, 0.1], "k_pid_hsp": [3.8666189530816615, 0.43870134651828907, 0.9453979436598924], "k_pid_vsp": [225.84255602655455, 340.73702078487827, 153.37441630582265]}, "datetime": {"datetime": "2025-08-11 18:34:26", "elapsed": 7745.558492422104, "delta": 30.54270577430725}, "costs": {"total_cost": 1002.4972593562532, "time_cost": 150, "final_distance_cost": 66.18303706570914, "oscillation_cost": 441.3169172427595, "completition_cost": 222.2222222222222, "overshoot_cost": 57.75036375891434, "power_cost": 35.84617446289063, "noise_cost": 29.17854460375735, "n_waypoints_completed": 7, "tot_waypoints": 9}}
{"target": -1282.3983875280248, "params": {"k_pid_pos": [1.5858932308132623, 0.7531160578886302, 0.9343067193307857], "k_pid_alt": [1.438957493254565, 0.0735711825705071, 0.858968515882454], "k_pid_att": [38.868072122543694, 6.153887945481592, 0.6740538328841226], "k_pid_yaw": [0.5, 1e-06, 0.1], "k_pid_hsp": [3.9615301851170073, 0.9557843334132299, 0.4916649002756187], "k_pid_vsp": [172.9692646595498, 96.18598490723198, 248.06940902569144]}, "datetime": {"datetime": "2025-08-11 18:34:56", "elapsed": 7776.304086923599, "delta": 30.74559450149536}, "costs": {"total_cost": 1282.3983875280248, "time_cost": 150, "final_distance_cost": 41.22754245293711, "oscillation_cost": 418.0395142631627, "completition_cost": 555.5555555555555, "overshoot_cost": 51.81289062741433, "power_cost": 34.720020898437504, "noise_cost": 31.0428637305177, "n_waypoints_completed": 4, "tot_waypoints": 9}}
{"target": -668.4893663241165, "params": {"k_pid_pos": [0.8973746762009609, 0.5937695435206213, 0.2659934186766374], "k_pid_alt": [1.0336723620603248, 0.8166245544893554, 0.7214614059334783], "k_pid_att": [79.19364339369741, 2.571551435271943, 0.8969960348251589], "k_pid_yaw": [0.5, 1e-06, 0.1], "k_pid_hsp": [5.902414812551222, 0.9496710213698002, 0.21704668232906632], "k_pid_vsp": [245.83508130801158, 267.5656286277902, 278.15000469468487]}, "datetime": {"datetime": "2025-08-11 18:35:26", "elapsed": 7806.051638841629, "delta": 29.747551918029785}, "costs": {"total_cost": 668.4893663241165, "time_cost": 118.23, "final_distance_cost": 1.7818149346690533, "oscillation_cost": 410.67735989635946, "completition_cost": 0.0, "overshoot_cost": 72.60217297161729, "power_cost": 36.49449229736328, "noise_cost": 28.70352622410744, "n_waypoints_completed": 9, "tot_waypoints": 9}}
{"target": -1559.564250904389, "params": {"k_pid_pos": [0.67618498324277, 0.4590162684499881, 0.9619910949840708], "k_pid_alt": [1.0286284532418848, 0.9388821941946797, 0.12144966867672258], "k_pid_att": [79.1769430068889, 2.1598260724812373, 0.674987971562708], "k_pid_yaw": [0.5, 1e-06, 0.1], "k_pid_hsp": [9.139250394454756, 0.49855393182500907, 0.7714644458519402], "k_pid_vsp": [128.60000403771318, 271.40224789338504, 346.27096047421946]}, "datetime": {"datetime": "2025-08-11 18:35:57", "elapsed": 7836.608003139496, "delta": 30.55636429786682}, "costs": {"total_cost": 1559.564250904389, "time_cost": 150, "final_distance_cost": 58.523652637381076, "oscillation_cost": 552.6036337571147, "completition_cost": 666.6666666666667, "overshoot_cost": 66.83559690487112, "power_cost": 34.81737583007813, "noise_cost": 30.11732510827714, "n_waypoints_completed": 3, "tot_waypoints": 9}}
{"target": -606.4695093961852, "params": {"k_pid_pos": [0.9023237546169778, 0.623902060897915, 0.5825057669074969], "k_pid_alt": [1.4076796500869473, 0.865733576536207, 0.9825997272392335], "k_pid_att": [77.06452410962494, 6.274785301534217, 0.9753551580736967], "k_pid_yaw": [0.5, 1e-06, 0.1], "k_pid_hsp": [7.877430377770366, 0.5003653714783138, 0.19247746863414983], "k_pid_vsp": [336.24461637144026, 47.35093865808905, 50.22868132629353]}, "datetime": {"datetime": "2025-08-11 18:36:23", "elapsed": 7862.543098688126, "delta": 25.93509554862976}, "costs": {"total_cost": 606.4695093961852, "time_cost": 101.157, "final_distance_cost": 1.7330585644618393, "oscillation_cost": 391.9065148689814, "completition_cost": 0.0, "overshoot_cost": 56.203876933377444, "power_cost": 29.414990832519532, "noise_cost": 26.054068196845094, "n_waypoints_completed": 9, "tot_waypoints": 9}}
{"target": -1823.0587688322676, "params": {"k_pid_pos": [0.6462457479587196, 0.227010417300204, 0.19772239896161847], "k_pid_alt": [0.2224993994191229, 0.5960916885400718, 0.9589126078433166], "k_pid_att": [73.75900804402264, 9.688639164038564, 0.9763973391567127], "k_pid_yaw": [0.5, 1e-06, 0.1], "k_pid_hsp": [1.8700462770456783, 0.17963487041035398, 0.41074072292537767], "k_pid_vsp": [51.83497637765511, 248.47643419181364, 211.8820207115115]}, "datetime": {"datetime": "2025-08-11 18:36:53", "elapsed": 7892.658330440521, "delta": 30.11523175239563}, "costs": {"total_cost": 1823.0587688322676, "time_cost": 150, "final_distance_cost": 76.63403107114375, "oscillation_cost": 601.0297386292125, "completition_cost": 888.8888888888888, "overshoot_cost": 43.56888835049737, "power_cost": 34.27605789794922, "noise_cost": 28.66116399457616, "n_waypoints_completed": 1, "tot_waypoints": 9}}
{"target": -2074.4117857758147, "params": {"k_pid_pos": [1.2919731768064664, 0.09675905484879177, 0.23953107964211762], "k_pid_alt": [0.6783284970977521, 0.9432878498816354, 0.7426245341675709], "k_pid_att": [55.2784229499823, 6.363277151047468, 0.06470720806125652], "k_pid_yaw": [0.5, 1e-06, 0.1], "k_pid_hsp": [0.16831338583330016, 0.3409183209009484, 0.7125507953776069], "k_pid_vsp": [369.4580769523982, 384.77838995682987, 337.8813528204013]}, "datetime": {"datetime": "2025-08-11 18:37:23", "elapsed": 7922.906765937805, "delta": 30.248435497283936}, "costs": {"total_cost": 2074.4117857758147, "time_cost": 150, "final_distance_cost": 57.91044848498373, "oscillation_cost": 746.2628954079323, "completition_cost": 1000.0, "overshoot_cost": 56.83017533935536, "power_cost": 35.273009033203124, "noise_cost": 28.13525751034053, "n_waypoints_completed": 0, "tot_waypoints": 9}}
{"target": -1153.7100344665782, "params": {"k_pid_pos": [1.09335686722123, 0.88614464997705, 0.6367838673223134], "k_pid_alt": [0.8855884808093304, 0.3550311530532618, 0.5644993154033359], "k_pid_att": [55.02933913357126, 0.7958733610707092, 0.31074156752582527], "k_pid_yaw": [0.5, 1e-06, 0.1], "k_pid_hsp": [2.128472949857232, 0.8628906858809715, 0.4452518924732968], "k_pid_vsp": [123.1992532139814, 140.33316431860703, 255.53657584960882]}, "datetime": {"datetime": "2025-08-11 18:37:54", "elapsed": 7953.887365818024, "delta": 30.980599880218506}, "costs": {"total_cost": 1153.7100344665782, "time_cost": 150, "final_distance_cost": 42.572328521774644, "oscillation_cost": 260.65220673219875, "completition_cost": 555.5555555555555, "overshoot_cost": 74.80215246667497, "power_cost": 36.2837824584961, "noise_cost": 33.84400873187831, "n_waypoints_completed": 4, "tot_waypoints": 9}}
