{"target": -1625.9287074772635, "params": {"k_pid_pos": [0.15334043413700948, 0.3353129129424105, 0.8678741045617644], "k_pid_alt": [1.0397308321543475, 0.8916840339158327, 0.33973454323274943], "k_pid_att": [37.185854564273036, 4.398107533024491, 0.1236133036783652], "k_pid_yaw": [0.5, 1e-06, 0.1], "k_pid_hsp": [4.974808839948295, 0.5443284866799213, 0.5107259277821031], "k_pid_vsp": [346.2601873073131, 278.0971262657101, 244.038984134965]}, "datetime": {"datetime": "2025-08-12 02:27:57", "elapsed": 36157.30435156822, "delta": 34.94946813583374}, "costs": {"total_cost": 1625.9287074772635, "time_cost": 150, "final_distance_cost": 52.538940635646036, "oscillation_cost": 635.9355307909948, "completition_cost": 666.6666666666667, "overshoot_cost": 57.82323339976071, "power_cost": 33.390148632812505, "noise_cost": 29.574187351382665, "n_waypoints_completed": 3, "tot_waypoints": 9}}
{"target": -703.1366151645761, "params": {"k_pid_pos": [0.4996904710342977, 0.7649656676950541, 0.5583850301659022], "k_pid_alt": [0.7467505351509747, 0.49312870416164634, 0.08392021338188504], "k_pid_att": [18.25736099065136, 3.0890654003508886, 0.6213910392958436], "k_pid_yaw": [0.5, 1e-06, 0.1], "k_pid_hsp": [5.758248761802809, 0.47256666708523876, 0.8576250182185413], "k_pid_vsp": [74.98166136481865, 203.43299998866362, 37.21117510702313]}, "datetime": {"datetime": "2025-08-12 02:28:35", "elapsed": 36194.53671646118, "delta": 37.232364892959595}, "costs": {"total_cost": 703.1366151645761, "time_cost": 150, "final_distance_cost": 31.265092355800416, "oscillation_cost": 289.313030541568, "completition_cost": 111.11111111111116, "overshoot_cost": 57.480254566267405, "power_cost": 33.605888525390625, "noise_cost": 30.361238064438556, "n_waypoints_completed": 8, "tot_waypoints": 9}}
{"target": -728.6239140791488, "params": {"k_pid_pos": [1.7923499851213436, 0.697093099419721, 0.02107274187877317], "k_pid_alt": [0.9169357579273236, 0.5122164381782858, 0.8075622668678483], "k_pid_att": [12.750670132439035, 0.1420560281154208, 0.39937859285262556], "k_pid_yaw": [0.5, 1e-06, 0.1], "k_pid_hsp": [6.187197747171623, 0.6296616205499957, 0.9810894676438656], "k_pid_vsp": [310.5326494779306, 397.7760135490955, 243.015296117965]}, "datetime": {"datetime": "2025-08-12 02:29:10", "elapsed": 36229.43599867821, "delta": 34.89928221702576}, "costs": {"total_cost": 728.6239140791488, "time_cost": 150, "final_distance_cost": 57.90336691336759, "oscillation_cost": 158.47778717263122, "completition_cost": 222.2222222222222, "overshoot_cost": 73.14428836384991, "power_cost": 35.89593162841797, "noise_cost": 30.98031777865989, "n_waypoints_completed": 7, "tot_waypoints": 9}}
{"target": -414.21154962536264, "params": {"k_pid_pos": [1.563515214971432, 0.5690605823188304, 0.7108132516019654], "k_pid_alt": [1.2394962696666452, 0.9871277156520548, 0.4323940920411379], "k_pid_att": [2.696936310090403, 2.29527594492683, 0.2437399135343532], "k_pid_yaw": [0.5, 1e-06, 0.1], "k_pid_hsp": [6.1134855548853375, 0.3166796796335941, 0.94356361191828], "k_pid_vsp": [279.89784410363325, 289.08223071190594, 183.6838895707883]}, "datetime": {"datetime": "2025-08-12 02:29:46", "elapsed": 36265.517518520355, "delta": 36.08151984214783}, "costs": {"total_cost": 414.21154962536264, "time_cost": 110.453, "final_distance_cost": 1.7401679436856625, "oscillation_cost": 181.25015613814608, "completition_cost": 0.0, "overshoot_cost": 66.00213411063967, "power_cost": 29.584684973144533, "noise_cost": 25.18140645974673, "n_waypoints_completed": 9, "tot_waypoints": 9}}
{"target": -973.2554547782908, "params": {"k_pid_pos": [0.2544861510039431, 0.9831045096567033, 0.8919820849141754], "k_pid_alt": [1.4776862128359791, 0.9681845867864678, 0.662010191522473], "k_pid_att": [5.005386518466725, 1.0062947896898486, 0.24660467110226225], "k_pid_yaw": [0.5, 1e-06, 0.1], "k_pid_hsp": [7.40697077244213, 0.12488822837459379, 0.406352084521871], "k_pid_vsp": [192.90476439347168, 323.88803824516464, 20.037768740130307]}, "datetime": {"datetime": "2025-08-12 02:30:24", "elapsed": 36303.887283325195, "delta": 38.36976480484009}, "costs": {"total_cost": 973.2554547782908, "time_cost": 150, "final_distance_cost": 54.86343535393111, "oscillation_cost": 212.89083064886543, "completition_cost": 444.4444444444444, "overshoot_cost": 49.96047232161477, "power_cost": 31.67648317871094, "noise_cost": 29.419788830724055, "n_waypoints_completed": 5, "tot_waypoints": 9}}
{"target": -1059.3243132709526, "params": {"k_pid_pos": [0.2818601223328505, 0.521838149566831, 0.7327737970202381], "k_pid_alt": [0.8664580852736239, 0.16632424710559945, 0.9518922716464605], "k_pid_att": [23.08191283163209, 4.622401090588616, 0.7602991810536371], "k_pid_yaw": [0.5, 1e-06, 0.1], "k_pid_hsp": [3.690520473453308, 0.7343204870935836, 0.24718499902206026], "k_pid_vsp": [83.57336535451782, 213.73154771758382, 32.925235208111445]}, "datetime": {"datetime": "2025-08-12 02:31:03", "elapsed": 36343.03679561615, "delta": 39.14951229095459}, "costs": {"total_cost": 1059.3243132709526, "time_cost": 150, "final_distance_cost": 74.17951359614806, "oscillation_cost": 395.8473576857676, "completition_cost": 333.33333333333337, "overshoot_cost": 45.4619903334256, "power_cost": 32.22704542236328, "noise_cost": 28.275072899914854, "n_waypoints_completed": 6, "tot_waypoints": 9}}
{"target": -244.1992557213299, "params": {"k_pid_pos": [2.0, 1.0, 1.0], "k_pid_alt": [1.6482969391013813, 0.8099329731456616, 0.0], "k_pid_att": [9.278509749129395, 6.848219379847372, 1.0], "k_pid_yaw": [0.5, 1e-06, 0.1], "k_pid_hsp": [9.216639468149493, 0.4360853943560628, 0.0], "k_pid_vsp": [294.9996405263752, 354.09464809523337, 92.99611000261991]}, "datetime": {"datetime": "2025-08-12 02:31:31", "elapsed": 36370.78842949867, "delta": 27.751633882522583}, "costs": {"total_cost": 244.1992557213299, "time_cost": 80.92, "final_distance_cost": 1.7748197481897583, "oscillation_cost": 67.25676590725364, "completition_cost": 0.0, "overshoot_cost": 53.087026776984914, "power_cost": 21.367756567382813, "noise_cost": 19.792886721518766, "n_waypoints_completed": 9, "tot_waypoints": 9}}
{"target": -322.24230039463447, "params": {"k_pid_pos": [2.0, 0.0, 0.0], "k_pid_alt": [2.0, 0.0, 1.0], "k_pid_att": [37.701526997559434, 5.918850790253467, 1.0], "k_pid_yaw": [0.5, 1e-06, 0.1], "k_pid_hsp": [7.837476911269265, 1.0, 1.0], "k_pid_vsp": [276.37530170356405, 357.8948335094705, 25.2911090243085]}, "datetime": {"datetime": "2025-08-12 02:31:58", "elapsed": 36397.43661403656, "delta": 26.648184537887573}, "costs": {"total_cost": 322.24230039463447, "time_cost": 70.308, "final_distance_cost": 1.7944465222717159, "oscillation_cost": 159.8347230714778, "completition_cost": 0.0, "overshoot_cost": 50.64226591978798, "power_cost": 21.220647094726562, "noise_cost": 18.442217786370357, "n_waypoints_completed": 9, "tot_waypoints": 9}}
{"target": -1129.3746173569934, "params": {"k_pid_pos": [0.8996842925875325, 0.3391844360286653, 0.7246175541878287], "k_pid_alt": [0.49051751852466996, 0.6063985892593322, 0.9185431076519018], "k_pid_att": [7.074619540172078, 8.005029595744107, 0.9064907296639179], "k_pid_yaw": [0.5, 1e-06, 0.1], "k_pid_hsp": [2.477765159277864, 0.7419246931932907, 0.6521840549223069], "k_pid_vsp": [64.94907903551672, 351.1824211584961, 149.80685356736814]}, "datetime": {"datetime": "2025-08-12 02:32:32", "elapsed": 36431.9758644104, "delta": 34.53925037384033}, "costs": {"total_cost": 1129.3746173569934, "time_cost": 150, "final_distance_cost": 51.70781804681031, "oscillation_cost": 257.3532330084173, "completition_cost": 555.5555555555555, "overshoot_cost": 53.700193804362044, "power_cost": 31.80661103515625, "noise_cost": 29.251205906692004, "n_waypoints_completed": 4, "tot_waypoints": 9}}
{"target": -395.4442828890493, "params": {"k_pid_pos": [1.8978427087127543, 0.24685214301542935, 0.2862912996348972], "k_pid_alt": [1.9804581286583975, 0.044054870208912966, 0.5423392803929548], "k_pid_att": [20.723899690156145, 4.993910405572245, 0.12218894611937392], "k_pid_yaw": [0.5, 1e-06, 0.1], "k_pid_hsp": [4.353142120894661, 0.8776605795645955, 0.7734775970732376], "k_pid_vsp": [302.5122509947736, 317.1782547241554, 166.18770427059127]}, "datetime": {"datetime": "2025-08-12 02:32:57", "elapsed": 36457.27089333534, "delta": 25.295028924942017}, "costs": {"total_cost": 395.4442828890493, "time_cost": 78.89, "final_distance_cost": 1.7338795306900356, "oscillation_cost": 215.1540013532592, "completition_cost": 0.0, "overshoot_cost": 54.75636317426146, "power_cost": 24.18826346435547, "noise_cost": 20.721775366483097, "n_waypoints_completed": 9, "tot_waypoints": 9}}
{"target": -1012.0755242540616, "params": {"k_pid_pos": [0.4766670303043095, 0.8445882035886639, 0.6496482259011596], "k_pid_alt": [1.5567122479478497, 0.9926128695179844, 0.6597402994106792], "k_pid_att": [35.40880815915543, 3.993860895907365, 0.3419444473989831], "k_pid_yaw": [0.5, 1e-06, 0.1], "k_pid_hsp": [2.1365314157518713, 0.5993695704584081, 0.4782979394596927], "k_pid_vsp": [330.5060092449679, 283.82883770524467, 245.00776521267812]}, "datetime": {"datetime": "2025-08-12 02:33:33", "elapsed": 36493.24920487404, "delta": 35.97831153869629}, "costs": {"total_cost": 1012.0755242540616, "time_cost": 150, "final_distance_cost": 61.24834128945618, "oscillation_cost": 336.1128043834597, "completition_cost": 333.33333333333337, "overshoot_cost": 64.63968480477028, "power_cost": 36.07460953369141, "noise_cost": 30.666750909350718, "n_waypoints_completed": 6, "tot_waypoints": 9}}
{"target": -430.9640884137983, "params": {"k_pid_pos": [1.9419880601418154, 0.144437825886641, 0.9353322134087079], "k_pid_alt": [1.271909231595214, 0.34405966237109153, 0.22776251690065985], "k_pid_att": [24.34294234701064, 6.274048363887616, 0.38129276406024193], "k_pid_yaw": [0.5, 1e-06, 0.1], "k_pid_hsp": [5.232569823441302, 0.6385671912819503, 0.43172397935051743], "k_pid_vsp": [221.57912741943758, 277.8179067998393, 65.81966044318983]}, "datetime": {"datetime": "2025-08-12 02:34:02", "elapsed": 36521.47762107849, "delta": 28.228416204452515}, "costs": {"total_cost": 430.9640884137983, "time_cost": 77.434, "final_distance_cost": 1.7746165001975658, "oscillation_cost": 259.6927876886266, "completition_cost": 0.0, "overshoot_cost": 50.98305376364143, "power_cost": 21.592387133789064, "noise_cost": 19.487243327543695, "n_waypoints_completed": 9, "tot_waypoints": 9}}
{"target": -640.4103205853203, "params": {"k_pid_pos": [1.8171870287679126, 0.4835413658766444, 0.002416962210829654], "k_pid_alt": [0.23946069870373532, 0.5175312092169442, 0.7584512772201529], "k_pid_att": [10.239626011968417, 9.34234944795031, 0.3039672629916931], "k_pid_yaw": [0.5, 1e-06, 0.1], "k_pid_hsp": [8.484040620915561, 0.7109874413714192, 0.4780534812929479], "k_pid_vsp": [282.5153474314006, 357.48009482970434, 18.687349682483664]}, "datetime": {"datetime": "2025-08-12 02:34:38", "elapsed": 36557.77581810951, "delta": 36.29819703102112}, "costs": {"total_cost": 640.4103205853203, "time_cost": 150, "final_distance_cost": 22.683543663026153, "oscillation_cost": 222.8666096705073, "completition_cost": 111.11111111111116, "overshoot_cost": 67.2960366835725, "power_cost": 33.89757497558594, "noise_cost": 32.5554444815173, "n_waypoints_completed": 8, "tot_waypoints": 9}}
{"target": -696.3488303231217, "params": {"k_pid_pos": [1.8307034228683918, 0.05760388118745263, 0.31658650484938355], "k_pid_alt": [0.9147796156644825, 0.7011349220250936, 0.8572833045665502], "k_pid_att": [77.9390033852405, 6.017531057592836, 0.46059685467731193], "k_pid_yaw": [0.5, 1e-06, 0.1], "k_pid_hsp": [5.263144654778487, 0.9773921227121721, 0.974959366057209], "k_pid_vsp": [255.08387928452106, 204.78881187557815, 374.352416491813]}, "datetime": {"datetime": "2025-08-12 02:35:13", "elapsed": 36592.55303859711, "delta": 34.777220487594604}, "costs": {"total_cost": 696.3488303231217, "time_cost": 150, "final_distance_cost": 4.826143121579792, "oscillation_cost": 289.0933398944237, "completition_cost": 111.11111111111116, "overshoot_cost": 74.50821931666493, "power_cost": 36.785308435058596, "noise_cost": 30.024708444283405, "n_waypoints_completed": 8, "tot_waypoints": 9}}
{"target": -886.5432930659248, "params": {"k_pid_pos": [0.6137299652950534, 0.40236026013948756, 0.0872240617528256], "k_pid_alt": [1.1127322339297199, 0.7782972304386919, 0.07203137717359775], "k_pid_att": [11.385232101735188, 8.280841974866686, 0.5822051457696009], "k_pid_yaw": [0.5, 1e-06, 0.1], "k_pid_hsp": [6.55343380471765, 0.3113711206731933, 0.6722047766820818], "k_pid_vsp": [55.22343553244893, 346.7717431422702, 137.52319156313186]}, "datetime": {"datetime": "2025-08-12 02:35:53", "elapsed": 36632.77956700325, "delta": 40.22652840614319}, "costs": {"total_cost": 886.5432930659248, "time_cost": 150, "final_distance_cost": 64.22815641822422, "oscillation_cost": 327.28812890768586, "completition_cost": 222.2222222222222, "overshoot_cost": 63.34083732980917, "power_cost": 31.97220633544922, "noise_cost": 27.491741852534258, "n_waypoints_completed": 7, "tot_waypoints": 9}}
{"target": -1391.8843369388555, "params": {"k_pid_pos": [0.2947063171243646, 0.5590910330649284, 0.8892455563182197], "k_pid_alt": [0.5413250020561879, 0.47589216417707114, 0.6260881719429446], "k_pid_att": [83.84828383929694, 6.266004373440105, 0.4028794373635096], "k_pid_yaw": [0.5, 1e-06, 0.1], "k_pid_hsp": [3.588224556168462, 0.5256799365092873, 0.7371069055614814], "k_pid_vsp": [393.7069452026631, 272.00746057867264, 202.3598624309586]}, "datetime": {"datetime": "2025-08-12 02:36:28", "elapsed": 36668.297223329544, "delta": 35.517656326293945}, "costs": {"total_cost": 1391.8843369388555, "time_cost": 150, "final_distance_cost": 52.23009512974571, "oscillation_cost": 514.1246124525493, "completition_cost": 555.5555555555555, "overshoot_cost": 55.52282895847684, "power_cost": 34.92740894775391, "noise_cost": 29.523835894774212, "n_waypoints_completed": 4, "tot_waypoints": 9}}
{"target": -570.6441034419518, "params": {"k_pid_pos": [1.7986032969930912, 0.10796882100481175, 0.18790449008173649], "k_pid_alt": [0.44348065576750995, 0.03680912042140261, 0.807443340302722], "k_pid_att": [26.795859899218232, 3.9634756719129056, 0.42172150686379206], "k_pid_yaw": [0.5, 1e-06, 0.1], "k_pid_hsp": [7.204048564251135, 0.00044322078473713056, 0.3553583309748838], "k_pid_vsp": [217.08690012626536, 18.585043192134624, 55.0932344248987]}, "datetime": {"datetime": "2025-08-12 02:36:58", "elapsed": 36698.147240161896, "delta": 29.850016832351685}, "costs": {"total_cost": 570.6441034419518, "time_cost": 97.608, "final_distance_cost": 1.8207706851561223, "oscillation_cost": 361.54181426918603, "completition_cost": 0.0, "overshoot_cost": 55.950549200856784, "power_cost": 28.592751574707034, "noise_cost": 25.130217712045802, "n_waypoints_completed": 9, "tot_waypoints": 9}}
{"target": -195.2066095279733, "params": {"k_pid_pos": [2.0, 0.0, 0.7171659556398641], "k_pid_alt": [2.0, 0.0, 0.0], "k_pid_att": [39.161870831907855, 4.668074339772565, 1.0], "k_pid_yaw": [0.5, 1e-06, 0.1], "k_pid_hsp": [3.122343500935223, 0.0, 0.0], "k_pid_vsp": [270.49558406562386, 309.86274682407225, 75.86120123128445]}, "datetime": {"datetime": "2025-08-12 02:37:21", "elapsed": 36720.73361825943, "delta": 22.58637809753418}, "costs": {"total_cost": 195.2066095279733, "time_cost": 69.587, "final_distance_cost": 1.8520732958532686, "oscillation_cost": 36.60299878086531, "completition_cost": 0.0, "overshoot_cost": 50.67824360372276, "power_cost": 18.799111157226562, "noise_cost": 17.687182690305388, "n_waypoints_completed": 9, "tot_waypoints": 9}}
{"target": -482.10250809258, "params": {"k_pid_pos": [1.514590587267193, 0.23215206468575542, 0.7429930544221722], "k_pid_alt": [0.7502788692055855, 0.33239222569557697, 0.9457765113570724], "k_pid_att": [9.152379462947229, 7.0412565259580635, 0.0], "k_pid_yaw": [0.5, 1e-06, 0.1], "k_pid_hsp": [7.844781627137335, 0.6678625914071308, 0.37662303276335085], "k_pid_vsp": [275.75208728132833, 365.4999309751283, 27.98605893375993]}, "datetime": {"datetime": "2025-08-12 02:37:48", "elapsed": 36747.83257937431, "delta": 27.098961114883423}, "costs": {"total_cost": 482.10250809258, "time_cost": 82.026, "final_distance_cost": 1.7852604818107003, "oscillation_cost": 303.10519465866764, "completition_cost": 0.0, "overshoot_cost": 51.535830983960366, "power_cost": 22.573660498046877, "noise_cost": 21.0765614700945, "n_waypoints_completed": 9, "tot_waypoints": 9}}
{"target": -615.9130595122361, "params": {"k_pid_pos": [1.2311228807741665, 0.4173735174850052, 0.6144714001373317], "k_pid_alt": [1.0235596150460478, 0.9969177841499072, 0.9186831420486229], "k_pid_att": [32.71668632947994, 0.8001913159193745, 0.8164088277006791], "k_pid_yaw": [0.5, 1e-06, 0.1], "k_pid_hsp": [4.730951128771687, 0.4044377826319503, 0.20086567060563387], "k_pid_vsp": [343.94198326241394, 273.5087700688126, 236.9928079323828]}, "datetime": {"datetime": "2025-08-12 02:38:21", "elapsed": 36780.391584157944, "delta": 32.55900478363037}, "costs": {"total_cost": 615.9130595122361, "time_cost": 109.102, "final_distance_cost": 1.7501841861501843, "oscillation_cost": 383.6323563566589, "completition_cost": 0.0, "overshoot_cost": 62.85604960224665, "power_cost": 30.31293035888672, "noise_cost": 28.259539008293746, "n_waypoints_completed": 9, "tot_waypoints": 9}}
{"target": -694.5984666398758, "params": {"k_pid_pos": [0.6388861649023782, 0.06085910052457544, 0.9504674013555454], "k_pid_alt": [0.3367468330465897, 0.2953878309568396, 0.1763465473121466], "k_pid_att": [23.79542862238202, 5.277568676892939, 0.3528280357473891], "k_pid_yaw": [0.5, 1e-06, 0.1], "k_pid_hsp": [9.603820349255832, 0.09629215964774518, 0.8393398589646128], "k_pid_vsp": [80.09029134662802, 216.1956133518241, 45.89099658634764]}, "datetime": {"datetime": "2025-08-12 02:38:54", "elapsed": 36813.853043317795, "delta": 33.461459159851074}, "costs": {"total_cost": 694.5984666398758, "time_cost": 109.116, "final_distance_cost": 1.8252254607178553, "oscillation_cost": 470.7429025941712, "completition_cost": 0.0, "overshoot_cost": 57.21127075896961, "power_cost": 28.825927954101562, "noise_cost": 26.877139871915745, "n_waypoints_completed": 9, "tot_waypoints": 9}}
{"target": -1479.4128944339272, "params": {"k_pid_pos": [1.6413246368707786, 0.0, 1.0], "k_pid_alt": [0.0, 0.0, 1.0], "k_pid_att": [47.01952162457424, 1.2979508656452623, 0.9367194637214014], "k_pid_yaw": [0.5, 1e-06, 0.1], "k_pid_hsp": [7.294689446969025, 1.0, 0.0], "k_pid_vsp": [125.55933247868325, 97.59111692654035, 54.15605681524722]}, "datetime": {"datetime": "2025-08-12 02:39:30", "elapsed": 36850.18808436394, "delta": 36.33504104614258}, "costs": {"total_cost": 1479.4128944339272, "time_cost": 150, "final_distance_cost": 0.8633580695097044, "oscillation_cost": 44.514653494379644, "completition_cost": 1000.0, "overshoot_cost": 159.5256623953785, "power_cost": 27.75056208496094, "noise_cost": 96.75865838969867, "n_waypoints_completed": 0, "tot_waypoints": 9}}
{"target": -593.4636649941133, "params": {"k_pid_pos": [0.5901387171846828, 0.6634923005157836, 0.9003160804819597], "k_pid_alt": [1.1025003532733364, 0.5208425797229728, 0.7937641701137574], "k_pid_att": [17.928089934466453, 7.1734839871841976, 0.5854908817870896], "k_pid_yaw": [0.5, 1e-06, 0.1], "k_pid_hsp": [4.18315828348151, 0.4978622008515252, 0.6932756914858784], "k_pid_vsp": [82.05999477091241, 221.1641999130159, 41.67245146293677]}, "datetime": {"datetime": "2025-08-12 02:40:05", "elapsed": 36885.07367515564, "delta": 34.88559079170227}, "costs": {"total_cost": 593.4636649941133, "time_cost": 115.017, "final_distance_cost": 1.798451099681468, "oscillation_cost": 362.648118154959, "completition_cost": 0.0, "overshoot_cost": 56.72758754667817, "power_cost": 29.579487060546878, "noise_cost": 27.693021132247885, "n_waypoints_completed": 9, "tot_waypoints": 9}}
{"target": -621.7890874183236, "params": {"k_pid_pos": [2.0, 1.0, 0.0], "k_pid_alt": [2.0, 0.0, 0.0], "k_pid_att": [31.4688761898259, 3.9249972597451452, 0.0], "k_pid_yaw": [0.5, 1e-06, 0.1], "k_pid_hsp": [1.2121543650340711, 0.0, 1.0], "k_pid_vsp": [193.81986019589556, 316.7350968724434, 239.81041235354357]}, "datetime": {"datetime": "2025-08-12 02:40:42", "elapsed": 36921.66518497467, "delta": 36.59150981903076}, "costs": {"total_cost": 621.7890874183236, "time_cost": 113.393, "final_distance_cost": 1.8203009311818936, "oscillation_cost": 346.8557415007291, "completition_cost": 0.0, "overshoot_cost": 95.71908364970605, "power_cost": 33.29828853759766, "noise_cost": 30.702672799108832, "n_waypoints_completed": 9, "tot_waypoints": 9}}
{"target": -991.4686280787618, "params": {"k_pid_pos": [0.3443850314195038, 0.22711056922238027, 0.280862292250716], "k_pid_alt": [0.013123913356891448, 0.33192119134080944, 0.5167227641852006], "k_pid_att": [38.16566020819413, 2.802632122343137, 0.8428210966563019], "k_pid_yaw": [0.5, 1e-06, 0.1], "k_pid_hsp": [9.086711680619358, 0.9039346174066683, 0.9155991639150388], "k_pid_vsp": [223.90200067317738, 19.536087445499383, 55.303978850672394]}, "datetime": {"datetime": "2025-08-12 02:41:25", "elapsed": 36964.46583223343, "delta": 42.800647258758545}, "costs": {"total_cost": 991.4686280787618, "time_cost": 150, "final_distance_cost": 62.912669671477516, "oscillation_cost": 432.755895479663, "completition_cost": 222.2222222222222, "overshoot_cost": 59.867031443345496, "power_cost": 33.2977974609375, "noise_cost": 30.41301180111597, "n_waypoints_completed": 7, "tot_waypoints": 9}}
