{"target": -244.16831559174756, "params": {"k_pid_pos": [1.8659624278028548, 0.6971298067425065, 0.634125586333407], "k_pid_alt": [1.8924486142665575, 0.9796250286595735, 0.44742603835838796], "k_pid_att": [8.031078055244203, 8.492192868649681, 0.8032526725968453], "k_pid_yaw": [0.5, 1e-06, 0.1], "k_pid_hsp": [5.157115260885288, 0.4668865164165979, 0.0], "k_pid_vsp": [296.1306120704575, 354.75405272365856, 91.88687541972936]}, "datetime": {"datetime": "2025-08-12 00:09:57", "elapsed": 27876.384647846222, "delta": 28.60880398750305}, "costs": {"total_cost": 244.16831559174756, "time_cost": 87.654, "final_distance_cost": 1.7450455335576054, "oscillation_cost": 55.235911721793016, "completition_cost": 0.0, "overshoot_cost": 54.444797303276026, "power_cost": 23.16247745361328, "noise_cost": 21.92608357950759, "n_waypoints_completed": 9, "tot_waypoints": 9}}
{"target": -1899.649029032922, "params": {"k_pid_pos": [1.7564022845365963, 0.17137225816265533, 0.9035076357556882], "k_pid_alt": [1.156172160242097, 0.04538992155940491, 0.5807096528027934], "k_pid_att": [1.3709407988832467, 7.035692487741162, 0.10577257454488209], "k_pid_yaw": [0.5, 1e-06, 0.1], "k_pid_hsp": [3.5816022543682102, 0.8481883733840315, 0.695607346800456], "k_pid_vsp": [235.3971577347052, 268.3986983735815, 11.170012978375626]}, "datetime": {"datetime": "2025-08-12 00:10:30", "elapsed": 27909.947439193726, "delta": 33.56279134750366}, "costs": {"total_cost": 1899.649029032922, "time_cost": 150, "final_distance_cost": 72.22180956598898, "oscillation_cost": 643.9829080000368, "completition_cost": 777.7777777777778, "overshoot_cost": 125.49137219487268, "power_cost": 52.67428659667969, "noise_cost": 77.5008748975663, "n_waypoints_completed": 2, "tot_waypoints": 9}}
{"target": -616.2548317157105, "params": {"k_pid_pos": [1.8616946956501215, 0.003977300269153994, 0.7910948642675185], "k_pid_alt": [0.03221923238961022, 0.985823604565897, 0.4668253452699932], "k_pid_att": [38.47381106588362, 3.211226168451274, 0.0358016181970483], "k_pid_yaw": [0.5, 1e-06, 0.1], "k_pid_hsp": [3.790542281939104, 0.958470598065801, 0.25145048144761406], "k_pid_vsp": [225.3677971289995, 19.08421389017201, 48.931770908645305]}, "datetime": {"datetime": "2025-08-12 00:11:02", "elapsed": 27941.743222475052, "delta": 31.795783281326294}, "costs": {"total_cost": 616.2548317157105, "time_cost": 109.473, "final_distance_cost": 1.7689930698792506, "oscillation_cost": 375.69501157794804, "completition_cost": 0.0, "overshoot_cost": 69.6354156957995, "power_cost": 32.28780970458985, "noise_cost": 27.394601667493788, "n_waypoints_completed": 9, "tot_waypoints": 9}}
{"target": -521.406806811325, "params": {"k_pid_pos": [1.8722672611288258, 0.7432983787276265, 0.6163405494446305], "k_pid_alt": [0.972208856338, 0.19144544654028395, 0.0034814237868381337], "k_pid_att": [21.246922402868563, 0.04201274233401963, 0.8892419984300666], "k_pid_yaw": [0.5, 1e-06, 0.1], "k_pid_hsp": [7.611676934967615, 0.1454401151804654, 0.5906288260841402], "k_pid_vsp": [79.26526647490077, 206.0525154172171, 36.18965035681185]}, "datetime": {"datetime": "2025-08-12 00:11:35", "elapsed": 27974.97927737236, "delta": 33.23605489730835}, "costs": {"total_cost": 521.406806811325, "time_cost": 114.513, "final_distance_cost": 1.7941573402241937, "oscillation_cost": 288.16548822456633, "completition_cost": 0.0, "overshoot_cost": 55.4553394699218, "power_cost": 32.783993774414064, "noise_cost": 28.69482800219873, "n_waypoints_completed": 9, "tot_waypoints": 9}}
{"target": -382.7520468639615, "params": {"k_pid_pos": [1.9471859774380609, 0.25390503668365716, 0.8022109750665741], "k_pid_alt": [0.31326360460360303, 0.38949294142793145, 0.5934240107087561], "k_pid_att": [41.479882585778704, 5.247905707879207, 0.9169371052932402], "k_pid_yaw": [0.5, 1e-06, 0.1], "k_pid_hsp": [8.596123347657675, 0.041212651848559934, 0.041694343420535795], "k_pid_vsp": [266.0076237948889, 311.9648761908613, 76.86780555762606]}, "datetime": {"datetime": "2025-08-12 00:12:07", "elapsed": 28006.498150110245, "delta": 31.51887273788452}, "costs": {"total_cost": 382.7520468639615, "time_cost": 92.19, "final_distance_cost": 1.7430553723478912, "oscillation_cost": 184.7784155634939, "completition_cost": 0.0, "overshoot_cost": 57.73033930167172, "power_cost": 24.09112225341797, "noise_cost": 22.219114373029992, "n_waypoints_completed": 9, "tot_waypoints": 9}}
{"target": -800.8783749410877, "params": {"k_pid_pos": [1.0620741243870762, 0.8529200370359435, 0.4857469973839913], "k_pid_alt": [1.6676658271711808, 0.8472212262876472, 0.39117628962047046], "k_pid_att": [26.440962580993588, 3.202661813446726, 0.5107399825313332], "k_pid_yaw": [0.5, 1e-06, 0.1], "k_pid_hsp": [2.753288775932248, 0.06221616287645371, 0.2665006145686315], "k_pid_vsp": [339.0177180909049, 282.2117765673468, 238.4828475626661]}, "datetime": {"datetime": "2025-08-12 00:12:43", "elapsed": 28042.93471121788, "delta": 36.4365611076355}, "costs": {"total_cost": 800.8783749410877, "time_cost": 150, "final_distance_cost": 64.43955332702356, "oscillation_cost": 337.5685247934933, "completition_cost": 111.11111111111116, "overshoot_cost": 79.39395941719916, "power_cost": 28.883078137207033, "noise_cost": 29.48214815505343, "n_waypoints_completed": 8, "tot_waypoints": 9}}
{"target": -1178.3715076997398, "params": {"k_pid_pos": [2.0, 0.0, 1.0], "k_pid_alt": [0.0, 0.0, 0.0], "k_pid_att": [49.97173366282662, 0.0001, 1.0], "k_pid_yaw": [0.5, 1e-06, 0.1], "k_pid_hsp": [5.057861799266321, 0.0, 0.0], "k_pid_vsp": [210.51319978625517, 241.62321381315587, 124.8134453884268]}, "datetime": {"datetime": "2025-08-12 00:13:19", "elapsed": 28079.37159395218, "delta": 36.436882734298706}, "costs": {"total_cost": 1178.3715076997398, "time_cost": 150, "final_distance_cost": 79.0834264523661, "oscillation_cost": 33.82584418798654, "completition_cost": 777.7777777777778, "overshoot_cost": 76.61544307600529, "power_cost": 29.647616418457034, "noise_cost": 31.42139978714707, "n_waypoints_completed": 2, "tot_waypoints": 9}}
{"target": -484.19492113647044, "params": {"k_pid_pos": [1.5515687539402334, 0.3479840172792592, 0.0], "k_pid_alt": [1.6297182624650537, 0.0, 0.0], "k_pid_att": [31.017849179584534, 0.0001, 0.4316597279027964], "k_pid_yaw": [0.5, 1e-06, 0.1], "k_pid_hsp": [3.592256647431571, 0.0, 0.0], "k_pid_vsp": [335.6346457572401, 285.20310071352355, 240.65105275681054]}, "datetime": {"datetime": "2025-08-12 00:14:00", "elapsed": 28119.565245628357, "delta": 40.19365167617798}, "costs": {"total_cost": 484.19492113647044, "time_cost": 150, "final_distance_cost": 52.59492644853502, "oscillation_cost": 44.889545580267175, "completition_cost": 111.11111111111116, "overshoot_cost": 66.39997683261302, "power_cost": 31.579068176269534, "noise_cost": 27.620292987674553, "n_waypoints_completed": 8, "tot_waypoints": 9}}
{"target": -561.9084557910904, "params": {"k_pid_pos": [1.4464244279699872, 0.24338131538477625, 0.46453067947422466], "k_pid_alt": [1.5661450080108188, 0.49280333545851374, 0.043644238059233675], "k_pid_att": [10.392276301408444, 6.54209319383383, 0.0960048590764565], "k_pid_yaw": [0.5, 1e-06, 0.1], "k_pid_hsp": [7.932938452477906, 0.6903537519884754, 0.790319689777775], "k_pid_vsp": [50.86546052803915, 361.3111650985422, 149.22692107508087]}, "datetime": {"datetime": "2025-08-12 00:14:30", "elapsed": 28149.886590242386, "delta": 30.32134461402893}, "costs": {"total_cost": 561.9084557910904, "time_cost": 100.646, "final_distance_cost": 1.7486500529057245, "oscillation_cost": 348.3909615775896, "completition_cost": 0.0, "overshoot_cost": 58.4868761131111, "power_cost": 27.00279832763672, "noise_cost": 25.633169719847302, "n_waypoints_completed": 9, "tot_waypoints": 9}}
{"target": -1543.0842950003416, "params": {"k_pid_pos": [1.747715955292154, 1.0, 0.0], "k_pid_alt": [0.0, 0.0, 1.0], "k_pid_att": [63.97767002655759, 7.040272060642867, 1.0], "k_pid_yaw": [0.5, 1e-06, 0.1], "k_pid_hsp": [6.970403644148752, 1.0, 0.0], "k_pid_vsp": [81.92096018502895, 355.93591460107353, 42.978766860170744]}, "datetime": {"datetime": "2025-08-12 00:15:03", "elapsed": 28182.625707387924, "delta": 32.73911714553833}, "costs": {"total_cost": 1543.0842950003416, "time_cost": 150, "final_distance_cost": 13.315594397324112, "oscillation_cost": 52.24294911061223, "completition_cost": 1000.0, "overshoot_cost": 166.4510950453605, "power_cost": 17.895420678710938, "noise_cost": 143.17923576833383, "n_waypoints_completed": 0, "tot_waypoints": 9}}
{"target": -802.4949323955636, "params": {"k_pid_pos": [1.7674671484786566, 0.9583471052947867, 0.8250323893067923], "k_pid_alt": [0.7807414324176807, 0.8531103116393206, 0.1668494372050694], "k_pid_att": [54.735649555952236, 5.748892792978006, 0.20156617094183182], "k_pid_yaw": [0.5, 1e-06, 0.1], "k_pid_hsp": [7.763570255390052, 0.886932123869281, 0.624079124117008], "k_pid_vsp": [201.7020390123572, 215.44673072908697, 124.61566649194239]}, "datetime": {"datetime": "2025-08-12 00:15:36", "elapsed": 28216.21576476097, "delta": 33.590057373046875}, "costs": {"total_cost": 802.4949323955636, "time_cost": 150, "final_distance_cost": 45.86692072363994, "oscillation_cost": 368.6937813752642, "completition_cost": 111.11111111111116, "overshoot_cost": 61.5424855695475, "power_cost": 35.30039855957031, "noise_cost": 29.98023505643054, "n_waypoints_completed": 8, "tot_waypoints": 9}}
{"target": -1092.7200376998428, "params": {"k_pid_pos": [0.5332609056155031, 0.7429834674339404, 0.6680204595574589], "k_pid_alt": [0.6266960663044887, 0.7206226696081142, 0.6068805691774335], "k_pid_att": [38.70849575265895, 5.4671489031916956, 0.5577964024344638], "k_pid_yaw": [0.5, 1e-06, 0.1], "k_pid_hsp": [4.178741332167854, 0.9056463159633289, 0.49310982856509633], "k_pid_vsp": [64.10384771111967, 357.0383225735521, 98.65097024013299]}, "datetime": {"datetime": "2025-08-12 00:16:12", "elapsed": 28251.650987625122, "delta": 35.435222864151}, "costs": {"total_cost": 1092.7200376998428, "time_cost": 150, "final_distance_cost": 52.213355985430645, "oscillation_cost": 445.0732480246172, "completition_cost": 333.33333333333337, "overshoot_cost": 47.68954345477059, "power_cost": 35.60433004150391, "noise_cost": 28.806226860187092, "n_waypoints_completed": 6, "tot_waypoints": 9}}
{"target": -486.7673840085132, "params": {"k_pid_pos": [1.0830452079691246, 0.6348987856930959, 0.5091476026860045], "k_pid_alt": [0.9226499052727657, 0.6169062856471531, 0.08748415718398694], "k_pid_att": [46.78912474845727, 5.421583810227143, 0.7731514998907603], "k_pid_yaw": [0.5, 1e-06, 0.1], "k_pid_hsp": [5.595885184110969, 0.9984996342880201, 0.3133451932253587], "k_pid_vsp": [214.94759871450543, 223.21935047806898, 122.15866152846542]}, "datetime": {"datetime": "2025-08-12 00:16:42", "elapsed": 28281.550083875656, "delta": 29.899096250534058}, "costs": {"total_cost": 486.7673840085132, "time_cost": 99.589, "final_distance_cost": 1.7384703904981065, "oscillation_cost": 274.74242718539256, "completition_cost": 0.0, "overshoot_cost": 57.36357701732579, "power_cost": 29.26025329589844, "noise_cost": 24.073656119398315, "n_waypoints_completed": 9, "tot_waypoints": 9}}
{"target": -645.9808327559593, "params": {"k_pid_pos": [1.7388744600751165, 0.971998547022884, 0.5842175608466466], "k_pid_alt": [1.0373570239136403, 0.2738871108272066, 0.015904874760594878], "k_pid_att": [6.385886215107761, 0.11411596059214422, 0.8848708451947226], "k_pid_yaw": [0.5, 1e-06, 0.1], "k_pid_hsp": [9.809412779107703, 0.6131362548143355, 0.05210015601704299], "k_pid_vsp": [314.8579270056364, 390.17045852989634, 237.28663463267608]}, "datetime": {"datetime": "2025-08-12 00:17:16", "elapsed": 28315.967432022095, "delta": 34.4173481464386}, "costs": {"total_cost": 645.9808327559593, "time_cost": 150, "final_distance_cost": 59.78153362753239, "oscillation_cost": 84.83362424267474, "completition_cost": 222.2222222222222, "overshoot_cost": 65.35859824762517, "power_cost": 34.13120716552734, "noise_cost": 29.653647250377475, "n_waypoints_completed": 7, "tot_waypoints": 9}}
{"target": -690.1831199640058, "params": {"k_pid_pos": [0.7806504978077161, 0.3781918410059041, 0.5624445892866828], "k_pid_alt": [1.0193070670330189, 0.7182824353364019, 0.35862993976859103], "k_pid_att": [54.89333797451995, 0.40501929074438764, 0.3198166601864396], "k_pid_yaw": [0.5, 1e-06, 0.1], "k_pid_hsp": [7.392793134923206, 0.61012247045698, 0.8518529886517645], "k_pid_vsp": [202.64233718947432, 233.60269516387538, 122.88860369210374]}, "datetime": {"datetime": "2025-08-12 00:17:50", "elapsed": 28349.468371629715, "delta": 33.50093960762024}, "costs": {"total_cost": 690.1831199640058, "time_cost": 111.33500000000001, "final_distance_cost": 1.7780079536401552, "oscillation_cost": 457.0116976518538, "completition_cost": 0.0, "overshoot_cost": 59.547243900089725, "power_cost": 32.33928493652344, "noise_cost": 28.171885521898584, "n_waypoints_completed": 9, "tot_waypoints": 9}}
{"target": -897.3523576016829, "params": {"k_pid_pos": [0.1986959582430664, 0.9690063374432948, 0.08037375026823279], "k_pid_alt": [1.453474847485599, 0.585744123547209, 0.573923688609619], "k_pid_att": [37.02569823027246, 6.474211139378647, 0.39667804358280156], "k_pid_yaw": [0.5, 1e-06, 0.1], "k_pid_hsp": [4.495311449586409, 0.2076761492028999, 0.5543656023346101], "k_pid_vsp": [64.46996364199573, 363.53049362585244, 95.37011439410068]}, "datetime": {"datetime": "2025-08-12 00:18:24", "elapsed": 28383.783625125885, "delta": 34.315253496170044}, "costs": {"total_cost": 897.3523576016829, "time_cost": 150, "final_distance_cost": 77.75375498507123, "oscillation_cost": 202.97351686142835, "completition_cost": 333.33333333333337, "overshoot_cost": 64.4014127592206, "power_cost": 38.11638309326172, "noise_cost": 30.773956569367684, "n_waypoints_completed": 6, "tot_waypoints": 9}}
{"target": -538.5462739017815, "params": {"k_pid_pos": [0.43610886609558985, 0.0, 0.0], "k_pid_alt": [2.0, 1.0, 0.0], "k_pid_att": [49.74464620466667, 3.373962721925151, 0.5662766384007143], "k_pid_yaw": [0.5, 1e-06, 0.1], "k_pid_hsp": [4.509537445181503, 1.0, 0.2688513679776821], "k_pid_vsp": [188.25590118547166, 302.0430193788, 146.2002055114097]}, "datetime": {"datetime": "2025-08-12 00:18:53", "elapsed": 28413.061945915222, "delta": 29.278320789337158}, "costs": {"total_cost": 538.5462739017815, "time_cost": 94.136, "final_distance_cost": 1.844978875140088, "oscillation_cost": 336.02211883816517, "completition_cost": 0.0, "overshoot_cost": 56.901652294954474, "power_cost": 26.4510080078125, "noise_cost": 23.190515885709424, "n_waypoints_completed": 9, "tot_waypoints": 9}}
{"target": -1085.943756928758, "params": {"k_pid_pos": [2.0, 1.0, 1.0], "k_pid_alt": [0.0, 0.0, 0.0], "k_pid_att": [53.66067313136367, 3.9476465710039648, 1.0], "k_pid_yaw": [0.5, 1e-06, 0.1], "k_pid_hsp": [5.829100377682387, 1.0, 0.0], "k_pid_vsp": [206.6023991732057, 230.54012073422922, 127.82294453709537]}, "datetime": {"datetime": "2025-08-12 00:19:28", "elapsed": 28447.667644500732, "delta": 34.605698585510254}, "costs": {"total_cost": 1085.943756928758, "time_cost": 150, "final_distance_cost": 70.68075115274361, "oscillation_cost": 45.58766200171513, "completition_cost": 666.6666666666667, "overshoot_cost": 85.92831763111975, "power_cost": 29.070128076171876, "noise_cost": 38.01023140034092, "n_waypoints_completed": 3, "tot_waypoints": 9}}
{"target": -850.0131929241115, "params": {"k_pid_pos": [0.34330897556442924, 0.28084200166979034, 0.8137989892191291], "k_pid_alt": [1.8621246603533217, 0.07611864437981042, 0.5915533704600359], "k_pid_att": [44.74524081096114, 1.037668970782535, 0.5649887733016326], "k_pid_yaw": [0.5, 1e-06, 0.1], "k_pid_hsp": [6.37684574746923, 0.2688191485256153, 0.5928214512725758], "k_pid_vsp": [232.2814517344923, 24.46321175303309, 38.82182070517146]}, "datetime": {"datetime": "2025-08-12 00:20:04", "elapsed": 28483.86081290245, "delta": 36.19316840171814}, "costs": {"total_cost": 850.0131929241115, "time_cost": 150, "final_distance_cost": 3.3215741486398827, "oscillation_cost": 465.3492817640333, "completition_cost": 111.11111111111116, "overshoot_cost": 60.4680516486302, "power_cost": 31.110271289062503, "noise_cost": 28.6529029626344, "n_waypoints_completed": 8, "tot_waypoints": 9}}
{"target": -327.23652682775764, "params": {"k_pid_pos": [1.581549731166113, 0.17423434642790026, 0.4775952275916622], "k_pid_alt": [1.779491727374893, 0.45821739378611304, 0.4520323418804506], "k_pid_att": [7.221200872677159, 9.793130322179998, 0.44051815857695154], "k_pid_yaw": [0.5, 1e-06, 0.1], "k_pid_hsp": [6.537320971893531, 0.7376847842013491, 0.33239967749626376], "k_pid_vsp": [279.5771451801267, 364.3619684120029, 26.34118038056286]}, "datetime": {"datetime": "2025-08-12 00:20:28", "elapsed": 28507.71355700493, "delta": 23.852744102478027}, "costs": {"total_cost": 327.23652682775764, "time_cost": 76.31400000000001, "final_distance_cost": 1.7849829914356452, "oscillation_cost": 158.5014580812185, "completition_cost": 0.0, "overshoot_cost": 50.54559573628615, "power_cost": 20.83082655029297, "noise_cost": 19.25966346852442, "n_waypoints_completed": 9, "tot_waypoints": 9}}
{"target": -1252.4997944583663, "params": {"k_pid_pos": [1.6224504117435974, 0.5951964455372053, 0.8885618810089089], "k_pid_alt": [0.1668569416837744, 0.8217521298691659, 0.7284271499389537], "k_pid_att": [31.77637608791337, 0.07918242787173106, 0.15796339946948368], "k_pid_yaw": [0.5, 1e-06, 0.1], "k_pid_hsp": [5.972073510663577, 0.09879318590087138, 0.972510698013639], "k_pid_vsp": [234.84379317257824, 327.0446510737533, 9.374558809377495]}, "datetime": {"datetime": "2025-08-12 00:21:01", "elapsed": 28541.17122411728, "delta": 33.457667112350464}, "costs": {"total_cost": 1252.4997944583663, "time_cost": 150, "final_distance_cost": 62.164151509338325, "oscillation_cost": 475.5855387426572, "completition_cost": 444.4444444444444, "overshoot_cost": 55.655978725012694, "power_cost": 33.30688563232422, "noise_cost": 31.342795404589403, "n_waypoints_completed": 5, "tot_waypoints": 9}}
{"target": -673.6195949167954, "params": {"k_pid_pos": [1.7688717297774499, 0.9347001601254323, 0.7716293884503863], "k_pid_alt": [1.7296362984376503, 0.5576105564944988, 0.0390122306440418], "k_pid_att": [49.12222338248869, 2.5715986440051313, 0.7440791813630838], "k_pid_yaw": [0.5, 1e-06, 0.1], "k_pid_hsp": [1.1654146202638949, 0.3941956096097964, 0.32526116849234166], "k_pid_vsp": [190.19955048867345, 296.577320455969, 141.05402468263375]}, "datetime": {"datetime": "2025-08-12 00:21:36", "elapsed": 28575.945301532745, "delta": 34.77407741546631}, "costs": {"total_cost": 673.6195949167954, "time_cost": 150, "final_distance_cost": 66.3119760243667, "oscillation_cost": 215.92797128550976, "completition_cost": 111.11111111111116, "overshoot_cost": 63.51554394657146, "power_cost": 36.98499468994141, "noise_cost": 29.767997859294837, "n_waypoints_completed": 8, "tot_waypoints": 9}}
{"target": -556.6890544429835, "params": {"k_pid_pos": [1.7627482209405045, 0.6083416432867099, 0.9679462440556661], "k_pid_alt": [1.0799130750888928, 0.4695730489990605, 0.38794153933955533], "k_pid_att": [17.57485902160848, 0.035553573176725486, 0.3777579156661003], "k_pid_yaw": [0.5, 1e-06, 0.1], "k_pid_hsp": [5.189042223751646, 0.8856527341047127, 0.9185656575028943], "k_pid_vsp": [53.78488149600891, 336.93693699270335, 160.52279909267025]}, "datetime": {"datetime": "2025-08-12 00:22:07", "elapsed": 28606.93185186386, "delta": 30.986550331115723}, "costs": {"total_cost": 556.6890544429835, "time_cost": 104.846, "final_distance_cost": 1.7803917567982763, "oscillation_cost": 330.79319522798556, "completition_cost": 0.0, "overshoot_cost": 62.2936456190535, "power_cost": 29.838880200195312, "noise_cost": 27.1369416389509, "n_waypoints_completed": 9, "tot_waypoints": 9}}
{"target": -598.1007431583006, "params": {"k_pid_pos": [0.8088887369330112, 0.6840474718995779, 0.3485090607819177], "k_pid_alt": [0.9909442528088068, 0.5237491629220251, 0.6782846000216094], "k_pid_att": [29.868989161273905, 1.2975283211658837, 0.3962946208346424], "k_pid_yaw": [0.5, 1e-06, 0.1], "k_pid_hsp": [8.966133819383439, 0.019045873816146308, 0.452898728200415], "k_pid_vsp": [285.15384391268867, 347.4655948327032, 21.503812395412645]}, "datetime": {"datetime": "2025-08-12 00:22:36", "elapsed": 28636.163710832596, "delta": 29.23185896873474}, "costs": {"total_cost": 598.1007431583006, "time_cost": 100.387, "final_distance_cost": 1.745511841898314, "oscillation_cost": 390.0718326893196, "completition_cost": 0.0, "overshoot_cost": 52.54977027292102, "power_cost": 28.19966120605469, "noise_cost": 25.14696714810705, "n_waypoints_completed": 9, "tot_waypoints": 9}}
{"target": -1211.9782885710626, "params": {"k_pid_pos": [0.0001, 1.0, 1.0], "k_pid_alt": [2.0, 0.0, 0.0], "k_pid_att": [36.46764353823342, 10.0, 1.0], "k_pid_yaw": [0.5, 1e-06, 0.1], "k_pid_hsp": [3.7129569270226646, 0.0, 1.0], "k_pid_vsp": [271.91691561128357, 358.20371000392663, 25.389361176670082]}, "datetime": {"datetime": "2025-08-12 00:23:11", "elapsed": 28670.54656481743, "delta": 34.382853984832764}, "costs": {"total_cost": 1211.9782885710626, "time_cost": 150, "final_distance_cost": 41.58738845233382, "oscillation_cost": 346.33875985126025, "completition_cost": 555.5555555555555, "overshoot_cost": 55.395303076268355, "power_cost": 34.582688610839845, "noise_cost": 28.518593024804964, "n_waypoints_completed": 4, "tot_waypoints": 9}}
