{"target": -380.3344512299949, "params": {"k_pid_pos": [1.054291978139879, 0.07079074417191644, 0.21895258198148715], "k_pid_alt": [1.1260944818803793, 0.9621695372234083, 0.004325358583931238], "k_pid_att": [8.340940807315212, 5.384280373796304, 0.3592504473644428], "k_pid_yaw": [0.5, 1e-06, 0.1], "k_pid_hsp": [7.298879206098098, 0.9761278620728472, 0.6025542562126119], "k_pid_vsp": [181.50382525367525, 310.86281513162675, 14.476393594895217]}, "datetime": {"datetime": "2025-08-12 09:31:36", "elapsed": 61576.03843998909, "delta": 36.53715658187866}, "costs": {"total_cost": 380.3344512299949, "time_cost": 88.94200000000001, "final_distance_cost": 1.7977345478492233, "oscillation_cost": 187.37363691239122, "completition_cost": 0.0, "overshoot_cost": 57.17129541337421, "power_cost": 23.21346259765625, "noise_cost": 21.836321758724036, "n_waypoints_completed": 9, "tot_waypoints": 9}}
{"target": -841.1371825563332, "params": {"k_pid_pos": [1.4431288225466778, 0.8476424205039813, 0.052193343211268894], "k_pid_alt": [0.3479784349924051, 0.22810148056647483, 0.9738854366950604], "k_pid_att": [25.409730345365023, 8.699702966907463, 0.6269935853003613], "k_pid_yaw": [0.5, 1e-06, 0.1], "k_pid_hsp": [1.327882456863926, 0.11563582736778732, 0.37764336081909133], "k_pid_vsp": [79.86075007480369, 206.57410924116192, 29.807980554065555]}, "datetime": {"datetime": "2025-08-12 09:32:14", "elapsed": 61613.58816957474, "delta": 37.54972958564758}, "costs": {"total_cost": 841.1371825563332, "time_cost": 150, "final_distance_cost": 68.6381576843763, "oscillation_cost": 162.1278085765656, "completition_cost": 333.33333333333337, "overshoot_cost": 60.09420029362711, "power_cost": 35.67190714111328, "noise_cost": 31.271775527317615, "n_waypoints_completed": 6, "tot_waypoints": 9}}
{"target": -354.9710550889935, "params": {"k_pid_pos": [1.3816596061864461, 0.1014340943558979, 0.421663984633851], "k_pid_alt": [1.7819458114092355, 0.10837362526582017, 0.31606680959811995], "k_pid_att": [14.874904935188693, 3.044156009888858, 0.647182068383379], "k_pid_yaw": [0.5, 1e-06, 0.1], "k_pid_hsp": [7.397142136369714, 0.9122220933251326, 0.29280811894145853], "k_pid_vsp": [287.7324556211078, 351.2157232261015, 92.92592563573442]}, "datetime": {"datetime": "2025-08-12 09:32:52", "elapsed": 61651.383004426956, "delta": 37.79483485221863}, "costs": {"total_cost": 354.9710550889935, "time_cost": 82.614, "final_distance_cost": 1.7502686147041193, "oscillation_cost": 176.34882248914522, "completition_cost": 0.0, "overshoot_cost": 51.36819660306139, "power_cost": 22.625929931640627, "noise_cost": 20.263837450442157, "n_waypoints_completed": 9, "tot_waypoints": 9}}
{"target": -562.8853903584719, "params": {"k_pid_pos": [1.3240038291299574, 0.3780321624007017, 0.5444984207778225], "k_pid_alt": [1.6031571451482716, 0.9427834345795552, 0.535653291073579], "k_pid_att": [57.19099837080856, 8.524099605366189, 0.836292800443246], "k_pid_yaw": [0.5, 1e-06, 0.1], "k_pid_hsp": [7.344386251782226, 0.8527343094744478, 0.8341744722146609], "k_pid_vsp": [223.11736881309247, 96.49968549243026, 42.994688813421895]}, "datetime": {"datetime": "2025-08-12 09:33:25", "elapsed": 61685.15049672127, "delta": 33.76749229431152}, "costs": {"total_cost": 562.8853903584719, "time_cost": 105.105, "final_distance_cost": 1.7667968609599727, "oscillation_cost": 339.4338538289897, "completition_cost": 0.0, "overshoot_cost": 59.27579393793596, "power_cost": 30.172966918945313, "noise_cost": 27.13097881164097, "n_waypoints_completed": 9, "tot_waypoints": 9}}
{"target": -469.5232308637294, "params": {"k_pid_pos": [1.4910820557999127, 0.5258379368664697, 0.7680386838098533], "k_pid_alt": [0.37074606132552756, 0.11254255440580185, 0.24139191621461653], "k_pid_att": [19.231111188087535, 0.8063701586925496, 0.28247710947822025], "k_pid_yaw": [0.5, 1e-06, 0.1], "k_pid_hsp": [9.745868860603656, 0.6596084038019568, 0.9401161063553866], "k_pid_vsp": [249.5322793997683, 274.81868416232726, 32.618252462707964]}, "datetime": {"datetime": "2025-08-12 09:34:11", "elapsed": 61730.53681063652, "delta": 45.386313915252686}, "costs": {"total_cost": 469.5232308637294, "time_cost": 90.23700000000001, "final_distance_cost": 1.7566652152124853, "oscillation_cost": 277.660948079042, "completition_cost": 0.0, "overshoot_cost": 52.343210564997975, "power_cost": 24.609765563964846, "noise_cost": 22.91564144051212, "n_waypoints_completed": 9, "tot_waypoints": 9}}
{"target": -436.6464836484857, "params": {"k_pid_pos": [0.7625931833969208, 0.8639219266808498, 0.4610862852532741], "k_pid_alt": [1.1373996454012245, 0.502955676087977, 0.3459413587598147], "k_pid_att": [5.648439094831758, 6.957560760041015, 0.44404196904694304], "k_pid_yaw": [0.5, 1e-06, 0.1], "k_pid_hsp": [8.198216401258, 0.5397051122565665, 0.6574100717917711], "k_pid_vsp": [267.2418246426377, 266.73292088818954, 41.80304548853408]}, "datetime": {"datetime": "2025-08-12 09:34:50", "elapsed": 61769.65181827545, "delta": 39.115007638931274}, "costs": {"total_cost": 436.6464836484857, "time_cost": 113.512, "final_distance_cost": 1.7386024049581226, "oscillation_cost": 204.48866177834128, "completition_cost": 0.0, "overshoot_cost": 59.4743059252763, "power_cost": 29.627973901367188, "noise_cost": 27.80493963854281, "n_waypoints_completed": 9, "tot_waypoints": 9}}
{"target": -435.07592043147184, "params": {"k_pid_pos": [1.7600385747029321, 0.3551260525218056, 0.04293659967874963], "k_pid_alt": [1.2281819680622488, 0.2626999217780327, 0.3698309095778717], "k_pid_att": [34.84233169549887, 0.5778823203315062, 0.5921184246131425], "k_pid_yaw": [0.5, 1e-06, 0.1], "k_pid_hsp": [4.934206947544384, 0.8186042679528421, 0.17859801792934704], "k_pid_vsp": [185.73930847139098, 308.4412880238794, 141.9378867057453]}, "datetime": {"datetime": "2025-08-12 09:35:22", "elapsed": 61801.666350364685, "delta": 32.0145320892334}, "costs": {"total_cost": 435.07592043147184, "time_cost": 96.628, "final_distance_cost": 1.7478102067797197, "oscillation_cost": 225.52465857461524, "completition_cost": 0.0, "overshoot_cost": 58.26068392938254, "power_cost": 28.55751541748047, "noise_cost": 24.357252303213837, "n_waypoints_completed": 9, "tot_waypoints": 9}}
{"target": -552.0246050135701, "params": {"k_pid_pos": [2.0, 0.24397332806465838, 0.0], "k_pid_alt": [0.9429328053420352, 0.23371547955849012, 1.0], "k_pid_att": [56.56390116976327, 8.459961899373925, 0.5031986064338952], "k_pid_yaw": [0.5, 1e-06, 0.1], "k_pid_hsp": [8.36572887553925, 0.810181376789062, 1.0], "k_pid_vsp": [206.18361107917283, 248.60352939375912, 228.36001658702025]}, "datetime": {"datetime": "2025-08-12 09:35:57", "elapsed": 61836.9508330822, "delta": 35.28448271751404}, "costs": {"total_cost": 552.0246050135701, "time_cost": 109.683, "final_distance_cost": 1.7284394145228663, "oscillation_cost": 314.939739799741, "completition_cost": 0.0, "overshoot_cost": 64.8941509192315, "power_cost": 33.669600842285156, "noise_cost": 27.109674037789503, "n_waypoints_completed": 9, "tot_waypoints": 9}}
{"target": -1518.676782248429, "params": {"k_pid_pos": [0.14687224204181015, 0.8119861827130629, 0.5693804965801708], "k_pid_alt": [0.1050277616601043, 0.7879459287520414, 0.15893013133067813], "k_pid_att": [20.627067020312715, 8.742244679573853, 0.6488703677690159], "k_pid_yaw": [0.5, 1e-06, 0.1], "k_pid_hsp": [4.605127192651184, 0.3291812902707457, 0.6245694201406428], "k_pid_vsp": [230.48561857625768, 24.662512008875314, 41.58825889763992]}, "datetime": {"datetime": "2025-08-12 09:36:35", "elapsed": 61874.46932172775, "delta": 37.51848864555359}, "costs": {"total_cost": 1518.676782248429, "time_cost": 150, "final_distance_cost": 70.74533115616217, "oscillation_cost": 297.7906212950422, "completition_cost": 888.8888888888888, "overshoot_cost": 48.554064089464745, "power_cost": 33.6408021484375, "noise_cost": 29.0570746704335, "n_waypoints_completed": 1, "tot_waypoints": 9}}
{"target": -5010.71798303547, "params": {"k_pid_pos": [1.8979770082246261, 0.9654736156185083, 0.25817059867781633], "k_pid_alt": [1.7544939668541573, 0.9491827598021485, 0.42410598469705063], "k_pid_att": [0.7297382214970671, 9.494615620123044, 0.41971079962601465], "k_pid_yaw": [0.5, 1e-06, 0.1], "k_pid_hsp": [9.466786110537956, 0.27408326921684556, 0.8752591980899932], "k_pid_vsp": [185.58819549889313, 313.81750648836515, 10.40951752302279]}, "datetime": {"datetime": "2025-08-12 09:37:12", "elapsed": 61912.05872440338, "delta": 37.58940267562866}, "costs": {"total_cost": 5010.71798303547, "time_cost": 150, "final_distance_cost": 823.6604586217993, "oscillation_cost": 1091.9912923590684, "completition_cost": 1000.0, "overshoot_cost": 1733.156654363772, "power_cost": 55.157094421386724, "noise_cost": 156.75248326944305, "n_waypoints_completed": 0, "tot_waypoints": 9}}
{"target": -885.837557608935, "params": {"k_pid_pos": [0.08434865743751807, 0.7900021187089177, 0.48003711073662203], "k_pid_alt": [1.4149703718181559, 0.33356515161512723, 0.4444348439033843], "k_pid_att": [10.257603944948112, 5.279490397471562, 0.7107527512613897], "k_pid_yaw": [0.5, 1e-06, 0.1], "k_pid_hsp": [2.9017089993580587, 0.10045550586229235, 0.7125201004705771], "k_pid_vsp": [183.85597230627275, 327.84440559538234, 16.091954591773113]}, "datetime": {"datetime": "2025-08-12 09:37:54", "elapsed": 61953.830020427704, "delta": 41.77129602432251}, "costs": {"total_cost": 885.837557608935, "time_cost": 150, "final_distance_cost": 72.20937257105825, "oscillation_cost": 204.59542208276056, "completition_cost": 333.33333333333337, "overshoot_cost": 64.66299046155228, "power_cost": 32.41811015625, "noise_cost": 28.618329003980364, "n_waypoints_completed": 6, "tot_waypoints": 9}}
{"target": -400.9457626062566, "params": {"k_pid_pos": [1.5266596091605953, 0.8102563285094863, 0.5015509461880471], "k_pid_alt": [1.3708321349868053, 0.9410850845676823, 0.5594454988321779], "k_pid_att": [5.733267105532636, 2.233019772219594, 0.2158312969147388], "k_pid_yaw": [0.5, 1e-06, 0.1], "k_pid_hsp": [4.395694252312582, 0.41679600744486844, 0.6945076954983381], "k_pid_vsp": [182.01753936361206, 319.4534362340884, 10.900240435418294]}, "datetime": {"datetime": "2025-08-12 09:38:32", "elapsed": 61992.11347961426, "delta": 38.283459186553955}, "costs": {"total_cost": 400.9457626062566, "time_cost": 101.367, "final_distance_cost": 1.7282916127132675, "oscillation_cost": 189.01651678253268, "completition_cost": 0.0, "overshoot_cost": 54.6122302297248, "power_cost": 26.6888552734375, "noise_cost": 27.53286870784835, "n_waypoints_completed": 9, "tot_waypoints": 9}}
{"target": -335.55762423245534, "params": {"k_pid_pos": [1.323770903762524, 0.6729030947370438, 0.7827550163889431], "k_pid_alt": [1.9082994271028888, 0.37187822885470734, 0.9103981130244018], "k_pid_att": [1.6981596596786108, 1.4313513051265931, 0.37257612863572864], "k_pid_yaw": [0.5, 1e-06, 0.1], "k_pid_hsp": [6.4834853826788725, 0.8202617020413312, 0.12615414342221898], "k_pid_vsp": [283.38429560338966, 262.926277800407, 43.95283568999775]}, "datetime": {"datetime": "2025-08-12 09:39:06", "elapsed": 62025.67985987663, "delta": 33.56638026237488}, "costs": {"total_cost": 335.55762423245534, "time_cost": 101.808, "final_distance_cost": 1.756303912902247, "oscillation_cost": 125.17572200183211, "completition_cost": 0.0, "overshoot_cost": 54.3900976262101, "power_cost": 27.614822033691407, "noise_cost": 24.812678657819507, "n_waypoints_completed": 9, "tot_waypoints": 9}}
{"target": -451.95371704284594, "params": {"k_pid_pos": [1.3272624495348082, 0.5756977489179305, 0.15968673005095502], "k_pid_alt": [1.2083860730738034, 0.7099947420771948, 0.3296768505388781], "k_pid_att": [11.198471726242653, 6.346999600328331, 0.0908090606001497], "k_pid_yaw": [0.5, 1e-06, 0.1], "k_pid_hsp": [4.69138418031024, 0.6116598935094144, 0.7129219627222804], "k_pid_vsp": [231.73450987747856, 274.231488380401, 30.788887018410136]}, "datetime": {"datetime": "2025-08-12 09:39:42", "elapsed": 62062.222710609436, "delta": 36.542850732803345}, "costs": {"total_cost": 451.95371704284594, "time_cost": 95.86500000000001, "final_distance_cost": 1.7481888654966387, "oscillation_cost": 246.79950661934282, "completition_cost": 0.0, "overshoot_cost": 55.66001577695373, "power_cost": 26.105259716796876, "noise_cost": 25.77574606425591, "n_waypoints_completed": 9, "tot_waypoints": 9}}
{"target": -583.2406896661699, "params": {"k_pid_pos": [1.111793260576159, 0.4434751461252342, 0.7557698393970983], "k_pid_alt": [1.0240413557052883, 0.48626546262098247, 0.8994915371554796], "k_pid_att": [26.60264167482658, 5.1280223121318285, 0.3564704504437868], "k_pid_yaw": [0.5, 1e-06, 0.1], "k_pid_hsp": [5.5873077539909595, 0.23668208456359296, 0.6450973161970285], "k_pid_vsp": [245.15914308226323, 323.49700389043005, 22.22628436353354]}, "datetime": {"datetime": "2025-08-12 09:40:35", "elapsed": 62114.67880153656, "delta": 52.45609092712402}, "costs": {"total_cost": 583.2406896661699, "time_cost": 93.583, "final_distance_cost": 1.767514427869613, "oscillation_cost": 384.4294619103633, "completition_cost": 0.0, "overshoot_cost": 53.76384245934481, "power_cost": 26.34192712402344, "noise_cost": 23.354943744568786, "n_waypoints_completed": 9, "tot_waypoints": 9}}
{"target": -376.84651030663895, "params": {"k_pid_pos": [2.0, 0.0, 0.06325624212790294], "k_pid_alt": [1.1466958340666327, 0.4846769503028557, 0.17898950672208383], "k_pid_att": [74.56053891393711, 2.4408103682136213, 0.37788912575228034], "k_pid_yaw": [0.5, 1e-06, 0.1], "k_pid_hsp": [8.845051285996732, 0.0, 0.0], "k_pid_vsp": [236.57161969394315, 339.254207169901, 262.9082496171256]}, "datetime": {"datetime": "2025-08-12 09:41:11", "elapsed": 62151.04695391655, "delta": 36.368152379989624}, "costs": {"total_cost": 376.84651030663895, "time_cost": 104.47500000000001, "final_distance_cost": 1.7778444328519785, "oscillation_cost": 151.61686502038748, "completition_cost": 0.0, "overshoot_cost": 63.850382556581444, "power_cost": 29.39976650390625, "noise_cost": 25.726651792911728, "n_waypoints_completed": 9, "tot_waypoints": 9}}
{"target": -1483.7497321940507, "params": {"k_pid_pos": [0.1616663418688908, 0.42901751614988437, 0.8525941155569301], "k_pid_alt": [0.6016361820359395, 0.7698181153785185, 0.39482898324510396], "k_pid_att": [32.28714232432578, 3.7193357850819515, 0.8219391171223291], "k_pid_yaw": [0.5, 1e-06, 0.1], "k_pid_hsp": [3.9816165782633957, 0.8041490513889857, 0.6451287508882787], "k_pid_vsp": [230.67219089265708, 13.924983095204372, 57.562941919810555]}, "datetime": {"datetime": "2025-08-12 09:41:49", "elapsed": 62189.247706890106, "delta": 38.20075297355652}, "costs": {"total_cost": 1483.7497321940507, "time_cost": 150, "final_distance_cost": 50.76561292013749, "oscillation_cost": 501.15231673277293, "completition_cost": 666.6666666666667, "overshoot_cost": 54.15453926700158, "power_cost": 31.766732543945313, "noise_cost": 29.2438640635267, "n_waypoints_completed": 3, "tot_waypoints": 9}}
{"target": -637.9747099050941, "params": {"k_pid_pos": [1.5346251711832397, 0.01854236121853503, 0.8820372233191462], "k_pid_alt": [1.3523087697832166, 0.39861347337854725, 0.5571874181907184], "k_pid_att": [2.5598025911900413, 3.890575439752068, 0.9535686715235826], "k_pid_yaw": [0.5, 1e-06, 0.1], "k_pid_hsp": [7.2780236406665, 0.4682073895986797, 0.5393935620866385], "k_pid_vsp": [90.68281983970307, 194.5596483024515, 46.12469808020407]}, "datetime": {"datetime": "2025-08-12 09:42:27", "elapsed": 62227.03028535843, "delta": 37.782578468322754}, "costs": {"total_cost": 637.9747099050941, "time_cost": 150, "final_distance_cost": 34.26440498213538, "oscillation_cost": 213.7219785598775, "completition_cost": 111.11111111111116, "overshoot_cost": 69.40348508829025, "power_cost": 31.750653369140625, "noise_cost": 27.72307679453917, "n_waypoints_completed": 8, "tot_waypoints": 9}}
{"target": -1236.5064475750823, "params": {"k_pid_pos": [0.20116074778595952, 0.6968426373428727, 0.14629861301493396], "k_pid_alt": [0.01725898782402213, 0.818991717233403, 0.008391171334560688], "k_pid_att": [21.972008972766254, 5.380696201188391, 0.4987149065089994], "k_pid_yaw": [0.5, 1e-06, 0.1], "k_pid_hsp": [4.792942162329849, 0.7663441786552259, 0.9179492718156126], "k_pid_vsp": [243.03911319347637, 273.19621745372564, 23.8101536394291]}, "datetime": {"datetime": "2025-08-12 09:43:07", "elapsed": 62266.75824570656, "delta": 39.72796034812927}, "costs": {"total_cost": 1236.5064475750823, "time_cost": 150, "final_distance_cost": 82.04765762430412, "oscillation_cost": 202.81578966775396, "completition_cost": 666.6666666666667, "overshoot_cost": 69.74041896059505, "power_cost": 34.98335048828125, "noise_cost": 30.25256416748139, "n_waypoints_completed": 3, "tot_waypoints": 9}}
{"target": -503.2809838943579, "params": {"k_pid_pos": [2.0, 1.0, 0.0], "k_pid_alt": [2.0, 0.0, 0.0], "k_pid_att": [33.01989526496376, 3.324207900772251, 0.0], "k_pid_yaw": [0.5, 1e-06, 0.1], "k_pid_hsp": [7.5654162285080275, 0.0, 1.0], "k_pid_vsp": [194.89558455464973, 317.4202968493096, 239.41274424494793]}, "datetime": {"datetime": "2025-08-12 09:43:46", "elapsed": 62306.299498558044, "delta": 39.541252851486206}, "costs": {"total_cost": 503.2809838943579, "time_cost": 116.137, "final_distance_cost": 1.756101386045571, "oscillation_cost": 245.27732297655209, "completition_cost": 0.0, "overshoot_cost": 73.96221966728527, "power_cost": 34.82610769042969, "noise_cost": 31.322232174045247, "n_waypoints_completed": 9, "tot_waypoints": 9}}
{"target": -384.04817301950874, "params": {"k_pid_pos": [2.0, 0.04930088459959757, 0.0], "k_pid_alt": [0.37399127758040823, 0.4496617746854744, 0.6693219405782254], "k_pid_att": [8.760552979137673, 3.653519622235533, 0.5809367805569287], "k_pid_yaw": [0.5, 1e-06, 0.1], "k_pid_hsp": [2.004340282040053, 1.0, 0.2428694881465641], "k_pid_vsp": [243.01709207605597, 265.7135206065708, 18.085229163541577]}, "datetime": {"datetime": "2025-08-12 09:44:37", "elapsed": 62356.703300476074, "delta": 50.403801918029785}, "costs": {"total_cost": 384.04817301950874, "time_cost": 115.318, "final_distance_cost": 1.7514867911711822, "oscillation_cost": 140.76536742846258, "completition_cost": 0.0, "overshoot_cost": 62.632961033240726, "power_cost": 32.99902976074219, "noise_cost": 30.58132800589203, "n_waypoints_completed": 9, "tot_waypoints": 9}}
{"target": -1411.3908940912522, "params": {"k_pid_pos": [0.12135040181533883, 0.3861397702184113, 0.9416807883681273], "k_pid_alt": [1.7890057031689244, 0.2054391955470548, 0.2552196184784534], "k_pid_att": [36.31582496403129, 6.031458711354777, 0.5340682864317559], "k_pid_yaw": [0.5, 1e-06, 0.1], "k_pid_hsp": [8.887804026004867, 0.057367796190032405, 0.33798102277807496], "k_pid_vsp": [273.35377843615817, 329.6239154877887, 80.75737474334318]}, "datetime": {"datetime": "2025-08-12 09:45:15", "elapsed": 62394.41294169426, "delta": 37.709641218185425}, "costs": {"total_cost": 1411.3908940912522, "time_cost": 150, "final_distance_cost": 49.14702235535007, "oscillation_cost": 542.1689515959346, "completition_cost": 555.5555555555555, "overshoot_cost": 55.21312328785132, "power_cost": 31.632007934570314, "noise_cost": 27.67423336199052, "n_waypoints_completed": 4, "tot_waypoints": 9}}
{"target": -9287.063882687198, "params": {"k_pid_pos": [0.4717178818719368, 0.24473884557052128, 0.7344905343979868], "k_pid_alt": [0.752064062629793, 0.35588343404867584, 0.9121414391133859], "k_pid_att": [0.309256737321395, 4.790563132957936, 0.3114386007897335], "k_pid_yaw": [0.5, 1e-06, 0.1], "k_pid_hsp": [0.6043075957814218, 0.3991795787592286, 0.9148270871233288], "k_pid_vsp": [274.1042920491522, 257.93859274992866, 45.21336418366526]}, "datetime": {"datetime": "2025-08-12 09:45:53", "elapsed": 62433.294365644455, "delta": 38.88142395019531}, "costs": {"total_cost": 9287.063882687198, "time_cost": 150, "final_distance_cost": 2025.7399553163243, "oscillation_cost": 787.0626254556768, "completition_cost": 1000.0, "overshoot_cost": 5106.398387790306, "power_cost": 57.12606613769532, "noise_cost": 160.73684798719634, "n_waypoints_completed": 0, "tot_waypoints": 9}}
{"target": -261.7221364667056, "params": {"k_pid_pos": [2.0, 0.0, 0.0], "k_pid_alt": [2.0, 1.0, 1.0], "k_pid_att": [26.165956122697427, 6.990649564608182, 0.0], "k_pid_yaw": [0.5, 1e-06, 0.1], "k_pid_hsp": [2.648141093449902, 0.0, 0.0], "k_pid_vsp": [84.50604511102948, 210.18989102863006, 43.000097918288745]}, "datetime": {"datetime": "2025-08-12 09:46:26", "elapsed": 62465.493777513504, "delta": 32.19941186904907}, "costs": {"total_cost": 261.7221364667056, "time_cost": 85.82000000000001, "final_distance_cost": 1.7673503083346918, "oscillation_cost": 75.97186982987505, "completition_cost": 0.0, "overshoot_cost": 53.654499441070705, "power_cost": 22.96981501464844, "noise_cost": 21.538601872776688, "n_waypoints_completed": 9, "tot_waypoints": 9}}
{"target": -423.928863585952, "params": {"k_pid_pos": [1.169483707150015, 0.560607412827343, 0.299744412668991], "k_pid_alt": [0.5617446879908454, 0.9021474911697138, 0.9856319057423275], "k_pid_att": [11.306395354049014, 8.26558603955812, 0.8220213304918382], "k_pid_yaw": [0.5, 1e-06, 0.1], "k_pid_hsp": [5.921224292751141, 0.04244613489232041, 0.24542049689275258], "k_pid_vsp": [304.29269360694747, 307.76412754786105, 161.56329557398092]}, "datetime": {"datetime": "2025-08-12 09:47:01", "elapsed": 62500.9487080574, "delta": 35.454930543899536}, "costs": {"total_cost": 423.928863585952, "time_cost": 111.391, "final_distance_cost": 1.7921695832761229, "oscillation_cost": 191.95815604597627, "completition_cost": 0.0, "overshoot_cost": 61.54315323720817, "power_cost": 29.55761101074219, "noise_cost": 27.686773708749268, "n_waypoints_completed": 9, "tot_waypoints": 9}}
