{"target": -760.1398298185017, "params": {"k_pid_pos": [0.6705477199740542, 0.30052249027469147, 0.17766950722157082], "k_pid_alt": [1.206567263006077, 0.89139649770068, 0.3513037260573415], "k_pid_att": [42.47892464973736, 7.928114901107539, 0.9787549202236199], "k_pid_yaw": [0.5, 1e-06, 0.1], "k_pid_hsp": [5.415141986181793, 0.09465668824267448, 0.5733087374612923], "k_pid_vsp": [218.15204783854978, 235.50389654296785, 135.2083048948041]}, "datetime": {"datetime": "2025-08-12 01:17:58", "elapsed": 31957.924769878387, "delta": 38.35662531852722}, "costs": {"total_cost": 760.1398298185017, "time_cost": 150, "final_distance_cost": 25.844216669777207, "oscillation_cost": 345.2534851021437, "completition_cost": 111.11111111111116, "overshoot_cost": 65.04647165330661, "power_cost": 34.10052391357422, "noise_cost": 28.784021368588697, "n_waypoints_completed": 8, "tot_waypoints": 9}}
{"target": -1196.0927671671827, "params": {"k_pid_pos": [1.3661111108303783, 0.5921739464183281, 0.8313538041021798], "k_pid_alt": [0.3752970709691661, 0.6576507790436632, 0.8385112350157001], "k_pid_att": [58.07398930054178, 9.608544847337503, 0.5197797037797198], "k_pid_yaw": [0.5, 1e-06, 0.1], "k_pid_hsp": [6.925907873405709, 0.5045177899304246, 0.7436090084744631], "k_pid_vsp": [149.6088009645713, 272.2136000181526, 180.1546962726409]}, "datetime": {"datetime": "2025-08-12 01:18:32", "elapsed": 31991.610659599304, "delta": 33.68588972091675}, "costs": {"total_cost": 1196.0927671671827, "time_cost": 150, "final_distance_cost": 74.90584525796227, "oscillation_cost": 513.8807813516573, "completition_cost": 333.33333333333337, "overshoot_cost": 59.30804972216813, "power_cost": 36.17734111328125, "noise_cost": 28.487416388780463, "n_waypoints_completed": 6, "tot_waypoints": 9}}
{"target": -876.6004267862935, "params": {"k_pid_pos": [1.6569830461167905, 0.9710127737313836, 0.33213742433942706], "k_pid_alt": [0.3654250918162345, 0.9162470564655417, 0.9698520680676899], "k_pid_att": [4.762442818846823, 6.07112086452032, 0.8196188385807404], "k_pid_yaw": [0.5, 1e-06, 0.1], "k_pid_hsp": [6.866550610064196, 0.9721719751809497, 0.6629502796770572], "k_pid_vsp": [44.34014669485053, 365.6324997231291, 141.74919545602256]}, "datetime": {"datetime": "2025-08-12 01:19:07", "elapsed": 32026.8900077343, "delta": 35.27934813499451}, "costs": {"total_cost": 876.6004267862935, "time_cost": 150, "final_distance_cost": 68.40659776640598, "oscillation_cost": 193.28811509168784, "completition_cost": 333.33333333333337, "overshoot_cost": 66.04038873974523, "power_cost": 35.3514010131836, "noise_cost": 30.180590841937462, "n_waypoints_completed": 6, "tot_waypoints": 9}}
{"target": -481.5055551068133, "params": {"k_pid_pos": [1.8323873422977663, 0.2523871423881442, 0.835775037354137], "k_pid_alt": [1.7317252656596005, 0.0816494527337398, 0.3883753507324704], "k_pid_att": [41.84468599325306, 3.860832470901235, 0.4354937425209815], "k_pid_yaw": [0.5, 1e-06, 0.1], "k_pid_hsp": [4.302212319169961, 0.6250693135910652, 0.31482124818518165], "k_pid_vsp": [339.4126068269433, 282.02559449278436, 252.42618222062833]}, "datetime": {"datetime": "2025-08-12 01:19:34", "elapsed": 32053.775728464127, "delta": 26.88572072982788}, "costs": {"total_cost": 481.5055551068133, "time_cost": 90.73400000000001, "final_distance_cost": 1.7451642098110531, "oscillation_cost": 284.7868153808103, "completition_cost": 0.0, "overshoot_cost": 55.43429654930131, "power_cost": 26.18018856201172, "noise_cost": 22.625090404878847, "n_waypoints_completed": 9, "tot_waypoints": 9}}
{"target": -651.4202708167924, "params": {"k_pid_pos": [1.0939656783262568, 0.7688156019519313, 0.046492985846438906], "k_pid_alt": [1.6723622891056784, 0.5531089088371125, 0.6489731079531948], "k_pid_att": [35.0608568257301, 3.859820113534133, 0.31940820585248764], "k_pid_yaw": [0.5, 1e-06, 0.1], "k_pid_hsp": [4.8206387744042125, 0.16263349117320902, 0.5743916914779801], "k_pid_vsp": [341.2414465401383, 276.53234729723994, 239.7897615506032]}, "datetime": {"datetime": "2025-08-12 01:20:12", "elapsed": 32091.801636219025, "delta": 38.02590775489807}, "costs": {"total_cost": 651.4202708167924, "time_cost": 150, "final_distance_cost": 16.153010137342477, "oscillation_cost": 234.2242546366049, "completition_cost": 111.11111111111116, "overshoot_cost": 72.79520275335165, "power_cost": 36.15214071044922, "noise_cost": 30.984551467933027, "n_waypoints_completed": 8, "tot_waypoints": 9}}
{"target": -376.3012803841158, "params": {"k_pid_pos": [1.5328761933541803, 0.9790859650915045, 0.3272296335815622], "k_pid_alt": [1.6707521634474474, 0.26543718309265185, 0.18862359686205066], "k_pid_att": [10.567333527250632, 7.541612204792065, 0.771000572692336], "k_pid_yaw": [0.5, 1e-06, 0.1], "k_pid_hsp": [7.44251668562147, 0.2855634874541183, 0.22327870440453312], "k_pid_vsp": [301.3010016530846, 310.52642987379687, 162.55812764245366]}, "datetime": {"datetime": "2025-08-12 01:20:45", "elapsed": 32124.37441110611, "delta": 32.57277488708496}, "costs": {"total_cost": 376.3012803841158, "time_cost": 114.57600000000001, "final_distance_cost": 1.7533740699715217, "oscillation_cost": 140.43473921967367, "completition_cost": 0.0, "overshoot_cost": 58.06408212814977, "power_cost": 33.182670263671874, "noise_cost": 28.29041470264894, "n_waypoints_completed": 9, "tot_waypoints": 9}}
{"target": -326.140920928931, "params": {"k_pid_pos": [2.0, 0.7270841368364709, 0.0], "k_pid_alt": [2.0, 0.636726036041691, 0.19462697795083075], "k_pid_att": [36.52142795214786, 8.515423494325766, 0.7175155271221257], "k_pid_yaw": [0.5, 1e-06, 0.1], "k_pid_hsp": [8.701071835357125, 0.7870722801756089, 0.0], "k_pid_vsp": [230.26744930846925, 19.80314086491448, 33.01356103397565]}, "datetime": {"datetime": "2025-08-12 01:21:21", "elapsed": 32160.405453920364, "delta": 36.03104281425476}, "costs": {"total_cost": 326.140920928931, "time_cost": 116.571, "final_distance_cost": 1.7487598333837067, "oscillation_cost": 86.62101022161309, "completition_cost": 0.0, "overshoot_cost": 59.17361820409635, "power_cost": 32.15909615478516, "noise_cost": 29.867436515052724, "n_waypoints_completed": 9, "tot_waypoints": 9}}
{"target": -507.7722960273712, "params": {"k_pid_pos": [1.6646880748024002, 0.05190420232583429, 0.5662109543678882], "k_pid_alt": [0.5170629882628291, 0.10530900043893511, 0.2306404478663445], "k_pid_att": [63.82181176435475, 9.225753774071164, 0.5159170032847643], "k_pid_yaw": [0.5, 1e-06, 0.1], "k_pid_hsp": [3.6241824159961555, 0.748083395015744, 0.2532944654507154], "k_pid_vsp": [261.26174564660676, 143.37379910505098, 20.633038600628623]}, "datetime": {"datetime": "2025-08-12 01:21:45", "elapsed": 32185.206040143967, "delta": 24.800586223602295}, "costs": {"total_cost": 507.7722960273712, "time_cost": 81.515, "final_distance_cost": 1.7982208509616087, "oscillation_cost": 327.69506727319225, "completition_cost": 0.0, "overshoot_cost": 51.71169781542412, "power_cost": 24.334699438476562, "noise_cost": 20.717610649316676, "n_waypoints_completed": 9, "tot_waypoints": 9}}
{"target": -1101.0000281704008, "params": {"k_pid_pos": [2.0, 0.0, 1.0], "k_pid_alt": [2.0, 0.21377613607293808, 1.0], "k_pid_att": [33.57629854997974, 2.1780729623952344, 0.0], "k_pid_yaw": [0.5, 1e-06, 0.1], "k_pid_hsp": [0.7582031255172119, 0.8197447027342994, 0.9501841581943943], "k_pid_vsp": [115.73859308545197, 377.245089010618, 114.15114488264201]}, "datetime": {"datetime": "2025-08-12 01:22:22", "elapsed": 32221.60236144066, "delta": 36.396321296691895}, "costs": {"total_cost": 1101.0000281704008, "time_cost": 150, "final_distance_cost": 61.88175405583185, "oscillation_cost": 418.76401497829755, "completition_cost": 333.33333333333337, "overshoot_cost": 72.172071979015, "power_cost": 35.81468543701172, "noise_cost": 29.034168386911205, "n_waypoints_completed": 6, "tot_waypoints": 9}}
{"target": -464.3357282321364, "params": {"k_pid_pos": [1.4337344673682049, 0.5540097503140434, 0.4105637913272666], "k_pid_alt": [0.5538834346687156, 0.5023660887367718, 0.86898976419232], "k_pid_att": [15.225807997991392, 5.500470832630714, 0.6576806775708219], "k_pid_yaw": [0.5, 1e-06, 0.1], "k_pid_hsp": [4.633154730372511, 0.4335271138476423, 0.3461850368741666], "k_pid_vsp": [282.9747450568325, 361.41337300275563, 97.75644439366566]}, "datetime": {"datetime": "2025-08-12 01:22:52", "elapsed": 32252.098224401474, "delta": 30.49586296081543}, "costs": {"total_cost": 464.3357282321364, "time_cost": 103.495, "final_distance_cost": 1.7307483024547488, "oscillation_cost": 245.73228818240227, "completition_cost": 0.0, "overshoot_cost": 57.9166083228521, "power_cost": 28.834105090332034, "noise_cost": 26.62697833409521, "n_waypoints_completed": 9, "tot_waypoints": 9}}
{"target": -1730.6505633500658, "params": {"k_pid_pos": [0.1350702897694183, 0.3172924576908407, 0.8542684783221374], "k_pid_alt": [0.39191510983405187, 0.1379363436682418, 0.795391087278917], "k_pid_att": [47.332026530142045, 7.124411401016022, 0.04241623413015627], "k_pid_yaw": [0.5, 1e-06, 0.1], "k_pid_hsp": [2.9307487799468492, 0.3938061474843002, 0.6237689159271442], "k_pid_vsp": [270.5480365048537, 309.0722017174935, 79.03114249200051]}, "datetime": {"datetime": "2025-08-12 01:23:27", "elapsed": 32287.366008520126, "delta": 35.267784118652344}, "costs": {"total_cost": 1730.6505633500658, "time_cost": 150, "final_distance_cost": 49.912855047313236, "oscillation_cost": 744.8793711902189, "completition_cost": 666.6666666666667, "overshoot_cost": 55.122956134893855, "power_cost": 35.631209375000005, "noise_cost": 28.437504935973102, "n_waypoints_completed": 3, "tot_waypoints": 9}}
{"target": -532.5114879134055, "params": {"k_pid_pos": [1.60106905285896, 0.8772085622444032, 0.5994170380331203], "k_pid_alt": [1.854587823065335, 0.9448028987057405, 0.1850394022162356], "k_pid_att": [55.93740880765051, 3.9138632043708044, 0.19983458110154173], "k_pid_yaw": [0.5, 1e-06, 0.1], "k_pid_hsp": [8.479767038150836, 0.48343897643342226, 0.08802314513077825], "k_pid_vsp": [392.36339532540546, 108.70928132421928, 92.76698433367683]}, "datetime": {"datetime": "2025-08-12 01:23:58", "elapsed": 32318.13059902191, "delta": 30.76459050178528}, "costs": {"total_cost": 532.5114879134055, "time_cost": 99.519, "final_distance_cost": 1.7537637050640202, "oscillation_cost": 316.9321799875407, "completition_cost": 0.0, "overshoot_cost": 59.14004315850992, "power_cost": 29.554384680175783, "noise_cost": 25.612116382115133, "n_waypoints_completed": 9, "tot_waypoints": 9}}
{"target": -1003.1079439622687, "params": {"k_pid_pos": [0.7807943610995146, 0.9590931776603752, 0.02334879105754417], "k_pid_alt": [0.8253442649656388, 0.6990341536345388, 0.0007815078214529203], "k_pid_att": [11.680756763440492, 4.362546311454001, 0.9320120957402067], "k_pid_yaw": [0.5, 1e-06, 0.1], "k_pid_hsp": [8.094701418612544, 0.6154083833097409, 0.11945281914565864], "k_pid_vsp": [306.41116022009464, 390.56138392220646, 245.10058142702658]}, "datetime": {"datetime": "2025-08-12 01:24:32", "elapsed": 32351.860456705093, "delta": 33.72985768318176}, "costs": {"total_cost": 1003.1079439622687, "time_cost": 150, "final_distance_cost": 57.694177692757705, "oscillation_cost": 106.14513942568975, "completition_cost": 555.5555555555555, "overshoot_cost": 66.41497773154327, "power_cost": 35.929909875488285, "noise_cost": 31.368183681234097, "n_waypoints_completed": 4, "tot_waypoints": 9}}
{"target": -1033.7304294959338, "params": {"k_pid_pos": [2.0, 1.0, 0.0], "k_pid_alt": [2.0, 1.0, 1.0], "k_pid_att": [75.88843707865757, 2.6448243238331903, 0.0], "k_pid_yaw": [0.5, 1e-06, 0.1], "k_pid_hsp": [10.0, 0.0, 0.0], "k_pid_vsp": [232.26856208186152, 327.87646665243216, 257.4324864885226]}, "datetime": {"datetime": "2025-08-12 01:25:11", "elapsed": 32391.276817321777, "delta": 39.41636061668396}, "costs": {"total_cost": 1033.7304294959338, "time_cost": 150, "final_distance_cost": 44.46154277227589, "oscillation_cost": 261.22875985131236, "completition_cost": 444.4444444444444, "overshoot_cost": 67.3154821571477, "power_cost": 35.620190783691406, "noise_cost": 30.66000948706208, "n_waypoints_completed": 5, "tot_waypoints": 9}}
{"target": -745.3597178285041, "params": {"k_pid_pos": [0.7401341879458004, 0.9109704979641369, 0.2849486878685653], "k_pid_alt": [0.6042867552882225, 0.08031415728037117, 0.8846992657154543], "k_pid_att": [33.80818752912369, 5.6575298365751605, 0.8416343146643589], "k_pid_yaw": [0.5, 1e-06, 0.1], "k_pid_hsp": [8.427031261431368, 0.016973773621050903, 0.4167439957784026], "k_pid_vsp": [191.75751736735168, 323.9378750656051, 243.40337550286415]}, "datetime": {"datetime": "2025-08-12 01:25:49", "elapsed": 32428.533162355423, "delta": 37.25634503364563}, "costs": {"total_cost": 745.3597178285041, "time_cost": 150, "final_distance_cost": 3.938805726003053, "oscillation_cost": 353.2870070913735, "completition_cost": 111.11111111111116, "overshoot_cost": 63.02999886126287, "power_cost": 34.85256459960938, "noise_cost": 29.14023043914411, "n_waypoints_completed": 8, "tot_waypoints": 9}}
{"target": -1501.14304643105, "params": {"k_pid_pos": [0.16288227485131318, 0.08428705112000945, 0.5132105368174251], "k_pid_alt": [0.06676958136682032, 0.11179604924140252, 0.3280836929534431], "k_pid_att": [21.182583973777525, 0.06249163585001348, 0.029583209659312826], "k_pid_yaw": [0.5, 1e-06, 0.1], "k_pid_hsp": [8.171633424467359, 0.6785778405180832, 0.3149833538391248], "k_pid_vsp": [229.9363036469804, 331.6698777401918, 134.96130064578674]}, "datetime": {"datetime": "2025-08-12 01:26:27", "elapsed": 32467.2484228611, "delta": 38.71526050567627}, "costs": {"total_cost": 1501.14304643105, "time_cost": 150, "final_distance_cost": 53.110149871637866, "oscillation_cost": 614.8228542554425, "completition_cost": 555.5555555555555, "overshoot_cost": 62.1425666980306, "power_cost": 33.88635030517578, "noise_cost": 31.62556974520764, "n_waypoints_completed": 4, "tot_waypoints": 9}}
{"target": -216.92536349300292, "params": {"k_pid_pos": [2.0, 0.0, 0.0], "k_pid_alt": [2.0, 0.0, 0.0], "k_pid_att": [38.35286532434765, 2.498031887054839, 1.0], "k_pid_yaw": [0.5, 1e-06, 0.1], "k_pid_hsp": [3.5374449471883525, 1.0, 0.0], "k_pid_vsp": [60.868921728742244, 363.6534409173746, 92.29631999034791]}, "datetime": {"datetime": "2025-08-12 01:26:50", "elapsed": 32489.624978780746, "delta": 22.376555919647217}, "costs": {"total_cost": 216.92536349300292, "time_cost": 70.931, "final_distance_cost": 1.7990582943274562, "oscillation_cost": 54.869948969177024, "completition_cost": 0.0, "overshoot_cost": 51.32311792732906, "power_cost": 20.004413635253908, "noise_cost": 17.997824666915463, "n_waypoints_completed": 9, "tot_waypoints": 9}}
{"target": -371.55301956611635, "params": {"k_pid_pos": [1.086458746187873, 0.6570229672182073, 0.7418766763433214], "k_pid_alt": [1.2368824281234325, 0.7726556531847766, 0.0942727727863929], "k_pid_att": [37.29751360756127, 3.9540823724690237, 0.8625313934865629], "k_pid_yaw": [0.5, 1e-06, 0.1], "k_pid_hsp": [9.336811138726864, 0.33719627406326513, 0.03257119915925466], "k_pid_vsp": [232.87819057489455, 23.390452656861562, 50.59853246126193]}, "datetime": {"datetime": "2025-08-12 01:27:20", "elapsed": 32519.88183903694, "delta": 30.25686025619507}, "costs": {"total_cost": 371.55301956611635, "time_cost": 100.492, "final_distance_cost": 1.7374188503303467, "oscillation_cost": 159.51538227989684, "completition_cost": 0.0, "overshoot_cost": 57.482408380296896, "power_cost": 27.784171533203125, "noise_cost": 24.541638522389192, "n_waypoints_completed": 9, "tot_waypoints": 9}}
{"target": -757.1097021449606, "params": {"k_pid_pos": [1.9632569800039665, 0.7955166687562948, 0.08237411551716278], "k_pid_alt": [1.7771185691558318, 0.11178287595569236, 0.0815188857413417], "k_pid_att": [35.49559805755179, 3.674007810368541, 0.20194974957021095], "k_pid_yaw": [0.5, 1e-06, 0.1], "k_pid_hsp": [5.235293854092394, 0.9471785050994997, 0.7517876243079572], "k_pid_vsp": [220.58679611365423, 282.4739857048751, 68.9683754133778]}, "datetime": {"datetime": "2025-08-12 01:27:54", "elapsed": 32554.092575788498, "delta": 34.2107367515564}, "costs": {"total_cost": 757.1097021449606, "time_cost": 150, "final_distance_cost": 63.613124325829915, "oscillation_cost": 189.80744662470374, "completition_cost": 222.2222222222222, "overshoot_cost": 64.40949719738833, "power_cost": 36.41120810546875, "noise_cost": 30.646203669347607, "n_waypoints_completed": 7, "tot_waypoints": 9}}
{"target": -816.435987140009, "params": {"k_pid_pos": [1.9344629168949983, 0.2653362580832713, 0.2013968594926988], "k_pid_alt": [0.26970709590597663, 0.46947080826588017, 0.5349713695182207], "k_pid_att": [40.5768950633818, 1.405945502309315, 0.38411393420377515], "k_pid_yaw": [0.5, 1e-06, 0.1], "k_pid_hsp": [6.08155339252078, 0.012804492469839057, 0.505117394708952], "k_pid_vsp": [341.47071469361146, 281.1531004651784, 245.39739811236097]}, "datetime": {"datetime": "2025-08-12 01:28:33", "elapsed": 32592.97897863388, "delta": 38.88640284538269}, "costs": {"total_cost": 816.435987140009, "time_cost": 150, "final_distance_cost": 46.63292618848672, "oscillation_cost": 372.1287830589858, "completition_cost": 111.11111111111116, "overshoot_cost": 69.66728916342475, "power_cost": 36.14228531494141, "noise_cost": 30.75359230305929, "n_waypoints_completed": 8, "tot_waypoints": 9}}
{"target": -1471.3647826006115, "params": {"k_pid_pos": [0.44365535147455115, 0.9304239669174574, 0.3774828157874287], "k_pid_alt": [0.2138758711921851, 0.8689544786586988, 0.06531553798068557], "k_pid_att": [0.7026037215824621, 1.3514000141089888, 0.3811115158349331], "k_pid_yaw": [0.5, 1e-06, 0.1], "k_pid_hsp": [9.054021787778112, 0.27201767963166457, 0.03721355746230448], "k_pid_vsp": [242.51850017813018, 265.5831709615339, 23.828406504759155]}, "datetime": {"datetime": "2025-08-12 01:29:10", "elapsed": 32630.319447040558, "delta": 37.340468406677246}, "costs": {"total_cost": 1471.3647826006115, "time_cost": 150, "final_distance_cost": 39.32067242135834, "oscillation_cost": 168.21455076957304, "completition_cost": 1000.0, "overshoot_cost": 44.17339303071146, "power_cost": 37.56188195800782, "noise_cost": 32.09428442096069, "n_waypoints_completed": 0, "tot_waypoints": 9}}
{"target": -678.1788686177781, "params": {"k_pid_pos": [1.1664008812500974, 0.6675992645204752, 0.5581677071418205], "k_pid_alt": [1.740503765838916, 0.44673335134828196, 0.7172175434890335], "k_pid_att": [39.28925850452869, 2.709628508977245, 0.5973095110381431], "k_pid_yaw": [0.5, 1e-06, 0.1], "k_pid_hsp": [1.5015118238048235, 0.023542508412504937, 0.5186112366680379], "k_pid_vsp": [225.27132972645768, 17.55094875078032, 55.57882909981605]}, "datetime": {"datetime": "2025-08-12 01:29:45", "elapsed": 32664.56971859932, "delta": 34.2502715587616}, "costs": {"total_cost": 678.1788686177781, "time_cost": 150, "final_distance_cost": 2.6034334092433635, "oscillation_cost": 285.9908868661168, "completition_cost": 111.11111111111116, "overshoot_cost": 63.96685724931765, "power_cost": 35.12687476806641, "noise_cost": 29.379705213922783, "n_waypoints_completed": 8, "tot_waypoints": 9}}
{"target": -1221.0004480816065, "params": {"k_pid_pos": [0.17176270989895967, 0.2795477180821432, 0.7852837829500048], "k_pid_alt": [1.7579858912746693, 0.5231712330138156, 0.3237613383317556], "k_pid_att": [1.4285645829739124, 3.1171197925520655, 0.7878448679992829], "k_pid_yaw": [0.5, 1e-06, 0.1], "k_pid_hsp": [8.90418997584332, 0.3722364046367649, 0.5669208920650943], "k_pid_vsp": [246.06982377414113, 272.43994326659305, 30.34543333814322]}, "datetime": {"datetime": "2025-08-12 01:30:20", "elapsed": 32699.526433944702, "delta": 34.95671534538269}, "costs": {"total_cost": 1221.0004480816065, "time_cost": 150, "final_distance_cost": 48.89338455944611, "oscillation_cost": 224.5507964789092, "completition_cost": 666.6666666666667, "overshoot_cost": 69.68299094103723, "power_cost": 32.23159482421875, "noise_cost": 28.975014611328465, "n_waypoints_completed": 3, "tot_waypoints": 9}}
{"target": -1413.7335430239693, "params": {"k_pid_pos": [0.13041494663690245, 0.41406832447867614, 0.9841236129257155], "k_pid_alt": [0.7904799378204936, 0.6812667679612687, 0.7804206212099404], "k_pid_att": [9.66930851555341, 5.944975661616677, 0.1183949738129445], "k_pid_yaw": [0.5, 1e-06, 0.1], "k_pid_hsp": [7.025649926707472, 0.8108873613705977, 0.16997605788255787], "k_pid_vsp": [283.97566996747804, 351.8666547967331, 144.20633800615926]}, "datetime": {"datetime": "2025-08-12 01:30:54", "elapsed": 32733.391236782074, "delta": 33.864802837371826}, "costs": {"total_cost": 1413.7335430239693, "time_cost": 150, "final_distance_cost": 54.8046157115689, "oscillation_cost": 426.00265231079175, "completition_cost": 666.6666666666667, "overshoot_cost": 54.121126788551614, "power_cost": 32.004615783691406, "noise_cost": 30.1338657626988, "n_waypoints_completed": 3, "tot_waypoints": 9}}
{"target": -805.9919222782113, "params": {"k_pid_pos": [1.595951229565239, 0.5900042295644785, 0.1271745758980779], "k_pid_alt": [0.03004427807572374, 0.17978938082431795, 0.2518529764115237], "k_pid_att": [55.09138100916877, 0.6302570211460624, 0.8516483905921106], "k_pid_yaw": [0.5, 1e-06, 0.1], "k_pid_hsp": [3.52869844388964, 0.7504204227972788, 0.7180312577562415], "k_pid_vsp": [203.0923992175642, 242.11637247410516, 123.07432239341732]}, "datetime": {"datetime": "2025-08-12 01:31:31", "elapsed": 32770.76262521744, "delta": 37.37138843536377}, "costs": {"total_cost": 805.9919222782113, "time_cost": 150, "final_distance_cost": 73.88335354008265, "oscillation_cost": 214.87159956667716, "completition_cost": 222.2222222222222, "overshoot_cost": 73.1335888831872, "power_cost": 38.69254090576172, "noise_cost": 33.188617160280366, "n_waypoints_completed": 7, "tot_waypoints": 9}}
