{"target": -326.94177846324504, "params": {"k_pid_pos": [0.7813870341545643, 1.0, 0.0], "k_pid_alt": [2.0, 0.0, 0.7824347576578664], "k_pid_att": [42.64756670041077, 1.1263084289379481, 0.0], "k_pid_yaw": [0.5, 1e-06, 0.1], "k_pid_hsp": [4.607382896967076, 1.0, 0.0], "k_pid_vsp": [199.2061731390848, 244.33929202156096, 119.8706970028268]}, "datetime": {"datetime": "2025-08-12 11:12:26", "elapsed": 67625.48566317558, "delta": 47.45490908622742}, "costs": {"total_cost": 326.94177846324504, "time_cost": 101.185, "final_distance_cost": 1.7230376951031137, "oscillation_cost": 97.7647690553547, "completition_cost": 0.0, "overshoot_cost": 64.58161239697698, "power_cost": 29.65201298828125, "noise_cost": 32.03534632752901, "n_waypoints_completed": 9, "tot_waypoints": 9}}
{"target": -287.6577786206238, "params": {"k_pid_pos": [0.3798738527346181, 0.07174851775464297, 0.3273659909834592], "k_pid_alt": [1.8951643082294645, 0.728292839302391, 0.9879607492096883], "k_pid_att": [4.219801162996828, 9.384296877211915, 0.40250013407836993], "k_pid_yaw": [0.5, 1e-06, 0.1], "k_pid_hsp": [8.297007321749772, 0.5102025112662646, 0.07217825192545824], "k_pid_vsp": [294.20111915794894, 342.1485144619487, 137.9479755481184]}, "datetime": {"datetime": "2025-08-12 11:13:00", "elapsed": 67659.64086580276, "delta": 34.15520262718201}, "costs": {"total_cost": 287.6577786206238, "time_cost": 88.893, "final_distance_cost": 1.7881689237485827, "oscillation_cost": 96.5212204426062, "completition_cost": 0.0, "overshoot_cost": 55.77921471023467, "power_cost": 22.807260571289063, "noise_cost": 21.868913972745233, "n_waypoints_completed": 9, "tot_waypoints": 9}}
{"target": -439.813704729055, "params": {"k_pid_pos": [1.1637570405731303, 0.24309973249108874, 0.310479805848893], "k_pid_alt": [1.4324835692778104, 0.502246310521191, 0.4362684038606096], "k_pid_att": [22.912935191783244, 6.03600717527898, 0.9277214817185939], "k_pid_yaw": [0.5, 1e-06, 0.1], "k_pid_hsp": [8.424135629080467, 0.8594903980369515, 0.25375465601933844], "k_pid_vsp": [327.9300307432841, 286.7647365328712, 236.58073360307577]}, "datetime": {"datetime": "2025-08-12 11:13:34", "elapsed": 67694.11703491211, "delta": 34.47616910934448}, "costs": {"total_cost": 439.813704729055, "time_cost": 90.244, "final_distance_cost": 1.7877859777104321, "oscillation_cost": 243.91111930690423, "completition_cost": 0.0, "overshoot_cost": 56.6590204857359, "power_cost": 24.822566247558594, "noise_cost": 22.38921271114587, "n_waypoints_completed": 9, "tot_waypoints": 9}}
{"target": -1722.097054733699, "params": {"k_pid_pos": [1.9395375666466625, 0.7835277801243377, 0.8984528694514321], "k_pid_alt": [0.2752850731301879, 0.9619511134197442, 0.9460227931661103], "k_pid_att": [24.409717127448705, 4.733124127261314, 0.5757500126474938], "k_pid_yaw": [0.5, 1e-06, 0.1], "k_pid_hsp": [0.049942848839099614, 0.8174884080828032, 0.9720596514849388], "k_pid_vsp": [244.45897016722955, 265.5045339789433, 33.76709918240854]}, "datetime": {"datetime": "2025-08-12 11:14:14", "elapsed": 67733.52803039551, "delta": 39.41099548339844}, "costs": {"total_cost": 1722.097054733699, "time_cost": 150, "final_distance_cost": 91.58879520772237, "oscillation_cost": 560.5002158500292, "completition_cost": 777.7777777777778, "overshoot_cost": 80.80692177226442, "power_cost": 32.82228726806641, "noise_cost": 28.601056857838742, "n_waypoints_completed": 2, "tot_waypoints": 9}}
{"target": -1034.5696955109931, "params": {"k_pid_pos": [0.20739423712042318, 0.18931107096503208, 0.3388253236530234], "k_pid_alt": [0.9230258941109213, 0.24575472957846967, 0.051065570367919144], "k_pid_att": [23.207568507419797, 4.107853828350603, 0.3916671479129462], "k_pid_yaw": [0.5, 1e-06, 0.1], "k_pid_hsp": [4.711892603077513, 0.7152852082167069, 0.23290621196768013], "k_pid_vsp": [74.9731714409498, 198.67026881034678, 46.18710231850535]}, "datetime": {"datetime": "2025-08-12 11:14:54", "elapsed": 67773.58347034454, "delta": 40.055439949035645}, "costs": {"total_cost": 1034.5696955109931, "time_cost": 150, "final_distance_cost": 66.23157640213535, "oscillation_cost": 483.15129958995124, "completition_cost": 222.2222222222222, "overshoot_cost": 51.5752125207956, "power_cost": 32.63049400634766, "noise_cost": 28.75889076954109, "n_waypoints_completed": 7, "tot_waypoints": 9}}
{"target": -770.1181447178512, "params": {"k_pid_pos": [0.7221659015906545, 0.40033516207516406, 0.5210831387300069], "k_pid_alt": [1.6356631485235755, 0.4574907959015432, 0.4999697336698945], "k_pid_att": [10.333280448453031, 4.5853931048641146, 0.40733552349310687], "k_pid_yaw": [0.5, 1e-06, 0.1], "k_pid_hsp": [4.319763280906068, 0.011611677634173923, 0.8344559353253987], "k_pid_vsp": [175.34731850788398, 330.4547806959477, 8.090595431920773]}, "datetime": {"datetime": "2025-08-12 11:15:35", "elapsed": 67814.72228050232, "delta": 41.13881015777588}, "costs": {"total_cost": 770.1181447178512, "time_cost": 150, "final_distance_cost": 61.33491406459101, "oscillation_cost": 336.1996302659481, "completition_cost": 111.11111111111116, "overshoot_cost": 51.94367016176374, "power_cost": 27.406028186035158, "noise_cost": 32.12279092840191, "n_waypoints_completed": 8, "tot_waypoints": 9}}
{"target": -507.8021003460175, "params": {"k_pid_pos": [1.7162136356228588, 0.8549876371758415, 0.7997646823827944], "k_pid_alt": [0.6085756063964232, 0.962592110004433, 0.9684257168830563], "k_pid_att": [15.064654151094492, 8.482284476628841, 0.7318930818774547], "k_pid_yaw": [0.5, 1e-06, 0.1], "k_pid_hsp": [5.4950133462220085, 0.2419000790061583, 0.7202068318062524], "k_pid_vsp": [288.2449251913887, 350.0277358434166, 86.04306571049243]}, "datetime": {"datetime": "2025-08-12 11:16:14", "elapsed": 67854.21497416496, "delta": 39.49269366264343}, "costs": {"total_cost": 507.8021003460175, "time_cost": 113.092, "final_distance_cost": 1.7895028385371037, "oscillation_cost": 272.1772635225787, "completition_cost": 0.0, "overshoot_cost": 61.697327699306875, "power_cost": 30.188188122558596, "noise_cost": 28.857818163036253, "n_waypoints_completed": 9, "tot_waypoints": 9}}
{"target": -230.82582458711377, "params": {"k_pid_pos": [2.0, 0.0, 0.5395401831992963], "k_pid_alt": [1.4731473193530664, 0.7801931859302277, 0.19458791472429215], "k_pid_att": [6.808815472152003, 2.861147077680097, 0.6958767342234402], "k_pid_yaw": [0.5, 1e-06, 0.1], "k_pid_hsp": [7.363659435474831, 0.42102938748326024, 0.0], "k_pid_vsp": [269.19230595112515, 260.27518914133407, 42.338997353620435]}, "datetime": {"datetime": "2025-08-12 11:16:54", "elapsed": 67893.62694787979, "delta": 39.41197371482849}, "costs": {"total_cost": 230.82582458711377, "time_cost": 77.238, "final_distance_cost": 1.7443983367747573, "oscillation_cost": 59.79362658620685, "completition_cost": 0.0, "overshoot_cost": 52.342416220308145, "power_cost": 20.80376036376953, "noise_cost": 18.9036230800545, "n_waypoints_completed": 9, "tot_waypoints": 9}}
{"target": -5821.781190463115, "params": {"k_pid_pos": [0.4215368311874803, 0.28789936378564185, 0.7574942773381221], "k_pid_alt": [1.6599465460146956, 0.9537626141753158, 0.15432308664426142], "k_pid_att": [0.1792676561795381, 8.788289798497704, 0.29217726994220283], "k_pid_yaw": [0.5, 1e-06, 0.1], "k_pid_hsp": [3.315330231143158, 0.8913845303595451, 0.04290696970837238], "k_pid_vsp": [265.705702796808, 277.24052042809654, 51.22157277700894]}, "datetime": {"datetime": "2025-08-12 11:17:34", "elapsed": 67933.93808555603, "delta": 40.311137676239014}, "costs": {"total_cost": 5821.781190463115, "time_cost": 150, "final_distance_cost": 853.7679157029919, "oscillation_cost": 994.4483390129011, "completition_cost": 1000.0, "overshoot_cost": 2612.9950248530567, "power_cost": 54.023732434082035, "noise_cost": 156.54617846008279, "n_waypoints_completed": 0, "tot_waypoints": 9}}
{"target": -831.016012471854, "params": {"k_pid_pos": [0.480698729361298, 0.8506672201105552, 0.4122824104699394], "k_pid_alt": [0.6414670636766915, 0.027670048316582152, 0.40239151537347084], "k_pid_att": [16.424878196631443, 8.217986079330693, 0.417425000015052], "k_pid_yaw": [0.5, 1e-06, 0.1], "k_pid_hsp": [3.654124953182618, 0.4310723188071339, 0.4950814785418577], "k_pid_vsp": [239.58656046727356, 263.16223784184996, 17.49598090425413]}, "datetime": {"datetime": "2025-08-12 11:18:33", "elapsed": 67992.63075470924, "delta": 58.6926691532135}, "costs": {"total_cost": 831.016012471854, "time_cost": 150, "final_distance_cost": 61.65379836155314, "oscillation_cost": 287.4301598883781, "completition_cost": 222.2222222222222, "overshoot_cost": 47.22831329119829, "power_cost": 33.051006689453125, "noise_cost": 29.430512019049075, "n_waypoints_completed": 7, "tot_waypoints": 9}}
{"target": -530.7132903006119, "params": {"k_pid_pos": [0.4151393438855303, 0.655690933857661, 0.5342014663385394], "k_pid_alt": [1.8013685042079055, 0.4162781912703748, 0.346023774876587], "k_pid_att": [15.334217989337361, 5.4195898184863625, 0.2169200069792424], "k_pid_yaw": [0.5, 1e-06, 0.1], "k_pid_hsp": [8.171770808671194, 0.0817288551064922, 0.18415906416101813], "k_pid_vsp": [233.5227112211534, 279.9719607449161, 20.343049634489066]}, "datetime": {"datetime": "2025-08-12 11:19:13", "elapsed": 68032.55385708809, "delta": 39.923102378845215}, "costs": {"total_cost": 530.7132903006119, "time_cost": 109.676, "final_distance_cost": 1.7358998168664104, "oscillation_cost": 309.4179854392514, "completition_cost": 0.0, "overshoot_cost": 54.80736558485129, "power_cost": 28.297378356933596, "noise_cost": 26.77866110270914, "n_waypoints_completed": 9, "tot_waypoints": 9}}
{"target": -1162.3825428677394, "params": {"k_pid_pos": [0.80343483273656, 0.3524311957826254, 0.36057920989061076], "k_pid_alt": [0.05237332096261027, 0.07008986383796423, 0.7046808169550971], "k_pid_att": [48.4087821470821, 1.6529827150967413, 0.5213648334506908], "k_pid_yaw": [0.5, 1e-06, 0.1], "k_pid_hsp": [3.666320076238924, 0.1634646129456382, 0.9321361537797974], "k_pid_vsp": [128.89423432726383, 100.01107121873385, 62.10422918842461]}, "datetime": {"datetime": "2025-08-12 11:19:58", "elapsed": 68077.5294790268, "delta": 44.975621938705444}, "costs": {"total_cost": 1162.3825428677394, "time_cost": 150, "final_distance_cost": 53.35631624429189, "oscillation_cost": 511.0925896833816, "completition_cost": 333.33333333333337, "overshoot_cost": 51.96283785124955, "power_cost": 34.37870328369141, "noise_cost": 28.25876247179143, "n_waypoints_completed": 6, "tot_waypoints": 9}}
{"target": -540.3661152022408, "params": {"k_pid_pos": [1.6995502871654597, 0.0, 0.343396212085015], "k_pid_alt": [1.9125552097646779, 0.4025046986967976, 0.8354004165900466], "k_pid_att": [91.40445367604589, 7.286468462481614, 1.0], "k_pid_yaw": [0.5, 1e-06, 0.1], "k_pid_hsp": [9.436099244992905, 0.6018154612145377, 1.0], "k_pid_vsp": [379.10634033637166, 379.20116718721175, 387.12864427321404]}, "datetime": {"datetime": "2025-08-12 11:20:36", "elapsed": 68115.79877138138, "delta": 38.26929235458374}, "costs": {"total_cost": 540.3661152022408, "time_cost": 91.658, "final_distance_cost": 1.7905471446401393, "oscillation_cost": 335.8645480214614, "completition_cost": 0.0, "overshoot_cost": 61.302853190827946, "power_cost": 27.37721219482422, "noise_cost": 22.372954650487177, "n_waypoints_completed": 9, "tot_waypoints": 9}}
{"target": -457.39553665132235, "params": {"k_pid_pos": [1.0481187930454967, 0.3047816058513998, 0.10319496651008397], "k_pid_alt": [0.3587876390987106, 0.1570392089649485, 0.7107816605039317], "k_pid_att": [3.339811595380704, 8.855682927208806, 0.23231101655374142], "k_pid_yaw": [0.5, 1e-06, 0.1], "k_pid_hsp": [7.21610198168689, 0.5337443283318005, 0.4293204551174842], "k_pid_vsp": [232.14996163349326, 274.63680976448444, 34.29636658052619]}, "datetime": {"datetime": "2025-08-12 11:21:26", "elapsed": 68165.6662800312, "delta": 49.86750864982605}, "costs": {"total_cost": 457.39553665132235, "time_cost": 118.35600000000001, "final_distance_cost": 1.7881759873340937, "oscillation_cost": 216.12062976050416, "completition_cost": 0.0, "overshoot_cost": 60.38476413501368, "power_cost": 31.50206853027344, "noise_cost": 29.243898238196895, "n_waypoints_completed": 9, "tot_waypoints": 9}}
{"target": -1012.6257424977089, "params": {"k_pid_pos": [0.26952548521107245, 0.3389159957612162, 0.853123307132197], "k_pid_alt": [0.38560680742288267, 0.2895098938981876, 0.48733853410103034], "k_pid_att": [4.402584906346085, 4.178427467157056, 0.6433352663720953], "k_pid_yaw": [0.5, 1e-06, 0.1], "k_pid_hsp": [5.189052727171066, 0.4717571081644807, 0.9539055071999304], "k_pid_vsp": [204.0242277343097, 330.9428475994606, 23.049006884445223]}, "datetime": {"datetime": "2025-08-12 11:22:09", "elapsed": 68209.11940956116, "delta": 43.453129529953}, "costs": {"total_cost": 1012.6257424977089, "time_cost": 150, "final_distance_cost": 45.09710983793629, "oscillation_cost": 152.16249349438846, "completition_cost": 555.5555555555555, "overshoot_cost": 50.53339970151166, "power_cost": 30.942206579589847, "noise_cost": 28.334977328727103, "n_waypoints_completed": 4, "tot_waypoints": 9}}
{"target": -274.4265806949579, "params": {"k_pid_pos": [2.0, 1.0, 0.0], "k_pid_alt": [1.8960571050663981, 0.0, 0.0], "k_pid_att": [11.23544611641337, 5.902691267796677, 1.0], "k_pid_yaw": [0.5, 1e-06, 0.1], "k_pid_hsp": [10.0, 0.0, 0.0], "k_pid_vsp": [275.54917198645114, 368.12250689951134, 33.45227921830193]}, "datetime": {"datetime": "2025-08-12 11:22:48", "elapsed": 68248.09585404396, "delta": 38.976444482803345}, "costs": {"total_cost": 274.4265806949579, "time_cost": 97.643, "final_distance_cost": 1.7204018023293708, "oscillation_cost": 58.81168637527623, "completition_cost": 0.0, "overshoot_cost": 63.803616507928695, "power_cost": 27.060286682128908, "noise_cost": 25.38758932729471, "n_waypoints_completed": 9, "tot_waypoints": 9}}
{"target": -375.6522273509203, "params": {"k_pid_pos": [0.5458084190704017, 0.004245125265986749, 0.742887669230373], "k_pid_alt": [1.08123781021859, 0.1501472930819212, 0.8833118056079003], "k_pid_att": [40.51928621035514, 6.087842070112538, 0.47255046324149796], "k_pid_yaw": [0.5, 1e-06, 0.1], "k_pid_hsp": [6.452220472714952, 0.5319520802172681, 0.020772281934101522], "k_pid_vsp": [275.81921243506736, 320.8433419797379, 74.05413974088749]}, "datetime": {"datetime": "2025-08-12 11:23:29", "elapsed": 68289.12203001976, "delta": 41.02617597579956}, "costs": {"total_cost": 375.6522273509203, "time_cost": 112.273, "final_distance_cost": 1.8312903628847532, "oscillation_cost": 151.96354783995554, "completition_cost": 0.0, "overshoot_cost": 55.59373784268853, "power_cost": 27.339566052246095, "noise_cost": 26.65108525314541, "n_waypoints_completed": 9, "tot_waypoints": 9}}
{"target": -345.7709836913216, "params": {"k_pid_pos": [2.0, 1.0, 0.0], "k_pid_alt": [2.0, 0.0, 1.0], "k_pid_att": [8.834976846842464, 0.0001, 1.0], "k_pid_yaw": [0.5, 1e-06, 0.1], "k_pid_hsp": [1.3472808543111996, 0.0, 0.1557418940958255], "k_pid_vsp": [66.68582718971359, 347.33998118736315, 143.88324985902804]}, "datetime": {"datetime": "2025-08-12 11:24:14", "elapsed": 68334.10857534409, "delta": 44.98654532432556}, "costs": {"total_cost": 345.7709836913216, "time_cost": 110.404, "final_distance_cost": 1.8217844667731096, "oscillation_cost": 86.00528740291202, "completition_cost": 0.0, "overshoot_cost": 87.17320059325485, "power_cost": 31.521035266113284, "noise_cost": 28.845675962268313, "n_waypoints_completed": 9, "tot_waypoints": 9}}
{"target": -277.49222294177304, "params": {"k_pid_pos": [2.0, 0.7094074986578299, 0.29549641857998504], "k_pid_alt": [0.897520866260971, 0.0, 0.9846285323463201], "k_pid_att": [7.910987244571097, 4.413836558967593, 1.0], "k_pid_yaw": [0.5, 1e-06, 0.1], "k_pid_hsp": [5.916541362686343, 1.0, 0.0], "k_pid_vsp": [297.5223733780464, 297.7007243918793, 175.0796429441404]}, "datetime": {"datetime": "2025-08-12 11:24:51", "elapsed": 68371.26044821739, "delta": 37.151872873306274}, "costs": {"total_cost": 277.49222294177304, "time_cost": 96.677, "final_distance_cost": 1.7730622519098989, "oscillation_cost": 67.60979983000755, "completition_cost": 0.0, "overshoot_cost": 58.62409234195242, "power_cost": 28.08955291748047, "noise_cost": 24.718715600422723, "n_waypoints_completed": 9, "tot_waypoints": 9}}
{"target": -775.4499445489628, "params": {"k_pid_pos": [0.48851785171621087, 0.5291670010891665, 0.2273420961781184], "k_pid_alt": [0.35902038620071686, 0.2264520324519922, 0.9782842336963993], "k_pid_att": [12.977962300250868, 2.365028529856388, 0.7672039014324948], "k_pid_yaw": [0.5, 1e-06, 0.1], "k_pid_hsp": [4.182402277075417, 0.9273045237287703, 0.3350298236543179], "k_pid_vsp": [299.8849479128501, 298.48637956510464, 173.67768712444948]}, "datetime": {"datetime": "2025-08-12 11:25:34", "elapsed": 68413.58445835114, "delta": 42.324010133743286}, "costs": {"total_cost": 775.4499445489628, "time_cost": 150, "final_distance_cost": 75.49735692152484, "oscillation_cost": 214.39238763163752, "completition_cost": 222.2222222222222, "overshoot_cost": 52.16971989870911, "power_cost": 32.674723291015624, "noise_cost": 28.4935345838535, "n_waypoints_completed": 7, "tot_waypoints": 9}}
{"target": -495.0450137456896, "params": {"k_pid_pos": [1.4240083520393672, 0.5018937532981271, 0.8843280672800031], "k_pid_alt": [0.3044944473212956, 0.5025630751533863, 0.7855828200510273], "k_pid_att": [10.588182986130445, 2.8317077329733316, 0.2658325783084665], "k_pid_yaw": [0.5, 1e-06, 0.1], "k_pid_hsp": [8.419261653840634, 0.002077129555692614, 0.5886666860373886], "k_pid_vsp": [180.20262516744836, 307.27524430913627, 19.44139162737267]}, "datetime": {"datetime": "2025-08-12 11:26:12", "elapsed": 68452.12761068344, "delta": 38.54315233230591}, "costs": {"total_cost": 495.0450137456896, "time_cost": 99.652, "final_distance_cost": 1.7893335919978328, "oscillation_cost": 284.3841250074481, "completition_cost": 0.0, "overshoot_cost": 59.27365265060797, "power_cost": 25.335919396972656, "noise_cost": 24.609983098662994, "n_waypoints_completed": 9, "tot_waypoints": 9}}
{"target": -678.4738257649337, "params": {"k_pid_pos": [1.1105489451053487, 0.38237174119703776, 0.3883924127120846], "k_pid_alt": [1.9764162093104385, 0.15087120784338504, 0.7759791206386982], "k_pid_att": [84.62919282783167, 2.8454832615485826, 0.6298028465483032], "k_pid_yaw": [0.5, 1e-06, 0.1], "k_pid_hsp": [9.623382172269514, 0.9233673399803431, 0.674241325315741], "k_pid_vsp": [381.92258042235756, 381.0178765765232, 388.5313402043955]}, "datetime": {"datetime": "2025-08-12 11:27:02", "elapsed": 68502.16052436829, "delta": 50.03291368484497}, "costs": {"total_cost": 678.4738257649337, "time_cost": 118.72, "final_distance_cost": 1.811341425715871, "oscillation_cost": 436.3815220994024, "completition_cost": 0.0, "overshoot_cost": 58.14434769084126, "power_cost": 35.200046875, "noise_cost": 28.216567673974176, "n_waypoints_completed": 9, "tot_waypoints": 9}}
{"target": -465.2278367204664, "params": {"k_pid_pos": [1.5077479458937855, 0.13090032416646546, 0.2117853898046912], "k_pid_alt": [0.0491744606524156, 0.9100287778520387, 0.14006640043424612], "k_pid_att": [66.37229920172753, 9.726719054786809, 0.8750193496336246], "k_pid_yaw": [0.5, 1e-06, 0.1], "k_pid_hsp": [4.456706856578642, 0.45806489969401754, 0.0752452117635628], "k_pid_vsp": [258.36889271378175, 136.53216429595017, 24.798543010534296]}, "datetime": {"datetime": "2025-08-12 11:27:45", "elapsed": 68544.83379244804, "delta": 42.67326807975769}, "costs": {"total_cost": 465.2278367204664, "time_cost": 101.822, "final_distance_cost": 1.7796893874902158, "oscillation_cost": 241.0537657926153, "completition_cost": 0.0, "overshoot_cost": 66.70836736972728, "power_cost": 28.514636083984378, "noise_cost": 25.349378086649217, "n_waypoints_completed": 9, "tot_waypoints": 9}}
{"target": -1308.4152449094993, "params": {"k_pid_pos": [0.6816151051680125, 0.19358843660236735, 0.8904554407963359], "k_pid_alt": [0.08800378402078124, 0.1496501247566302, 0.14584233120292855], "k_pid_att": [27.14036149572061, 1.894955150737677, 0.09663394387560009], "k_pid_yaw": [0.5, 1e-06, 0.1], "k_pid_hsp": [5.705161649212554, 0.23999094345470962, 0.7177441480719], "k_pid_vsp": [284.6296070967538, 336.1497133214498, 25.638151367072243]}, "datetime": {"datetime": "2025-08-12 11:29:03", "elapsed": 68622.6274240017, "delta": 77.7936315536499}, "costs": {"total_cost": 1308.4152449094993, "time_cost": 150, "final_distance_cost": 66.99532264759291, "oscillation_cost": 642.7296991222809, "completition_cost": 333.33333333333337, "overshoot_cost": 52.243794683208755, "power_cost": 34.123623046875004, "noise_cost": 28.98947207620819, "n_waypoints_completed": 6, "tot_waypoints": 9}}
{"target": -512.1423679515431, "params": {"k_pid_pos": [1.2853996130746717, 0.4627543185089549, 0.47238895704701567], "k_pid_alt": [1.119210089645877, 0.6219465528079363, 0.1610023462341188], "k_pid_att": [50.58250056475594, 3.4681772129909714, 0.435773303934473], "k_pid_yaw": [0.5, 1e-06, 0.1], "k_pid_hsp": [6.677365186687782, 0.10105479877957513, 0.7848412405548161], "k_pid_vsp": [73.06444707181714, 365.59533174988076, 89.18038145789002]}, "datetime": {"datetime": "2025-08-12 11:29:38", "elapsed": 68657.85299372673, "delta": 35.22556972503662}, "costs": {"total_cost": 512.1423679515431, "time_cost": 91.875, "final_distance_cost": 1.754752736726112, "oscillation_cost": 309.9987252214186, "completition_cost": 0.0, "overshoot_cost": 59.15057994123354, "power_cost": 27.200806152343752, "noise_cost": 22.162503899820976, "n_waypoints_completed": 9, "tot_waypoints": 9}}
