{"target": -439.5311853900996, "params": {"k_pid_pos": [1.909113671463583, 0.3788189299183645, 0.17834975981749357], "k_pid_alt": [1.1279896831978362, 0.26342422075438543, 0.7431317151805673], "k_pid_att": [53.072291750263204, 0.7093096055744398, 0.30860023581166895], "k_pid_yaw": [0.5, 1e-06, 0.1], "k_pid_hsp": [3.672271860495733, 0.8958655920777161, 0.049376190019990274], "k_pid_vsp": [114.60192045789785, 95.68669070445176, 53.384534724888425]}, "datetime": {"datetime": "2025-08-11 22:27:44", "elapsed": 21743.45699930191, "delta": 27.30633306503296}, "costs": {"total_cost": 439.5311853900996, "time_cost": 97.419, "final_distance_cost": 1.7552449953246352, "oscillation_cost": 231.36337146897742, "completition_cost": 0.0, "overshoot_cost": 56.54294113925876, "power_cost": 27.86618377685547, "noise_cost": 24.584444009683324, "n_waypoints_completed": 9, "tot_waypoints": 9}}
{"target": -289.95275189125744, "params": {"k_pid_pos": [1.5905642259502726, 0.046388392495041154, 0.0], "k_pid_alt": [0.9123548194692828, 1.0, 0.3335081486077786], "k_pid_att": [25.53972870497614, 10.0, 1.0], "k_pid_yaw": [0.5, 1e-06, 0.1], "k_pid_hsp": [6.6718320450623985, 0.3900952843293535, 0.0], "k_pid_vsp": [82.48455328368429, 215.71651171364024, 43.491232627913476]}, "datetime": {"datetime": "2025-08-11 22:28:14", "elapsed": 21773.912642478943, "delta": 30.45564317703247}, "costs": {"total_cost": 289.95275189125744, "time_cost": 104.293, "final_distance_cost": 1.8055845533821757, "oscillation_cost": 68.52053063046488, "completition_cost": 0.0, "overshoot_cost": 60.99932303420847, "power_cost": 27.677541821289065, "noise_cost": 26.65677185191282, "n_waypoints_completed": 9, "tot_waypoints": 9}}
{"target": -384.7909582529621, "params": {"k_pid_pos": [1.00374840969704, 0.6424285444935915, 0.8164727978002116], "k_pid_alt": [0.5758798857193206, 0.06268369835291454, 0.9018891265844309], "k_pid_att": [32.87549942462974, 0.044139028594075876, 0.9232792099372436], "k_pid_yaw": [0.5, 1e-06, 0.1], "k_pid_hsp": [2.258757506738192, 0.7950215376823628, 0.0668542859505844], "k_pid_vsp": [115.10213433372094, 379.45557686533516, 117.89849357760387]}, "datetime": {"datetime": "2025-08-11 22:28:41", "elapsed": 21800.937630176544, "delta": 27.02498769760132}, "costs": {"total_cost": 384.7909582529621, "time_cost": 95.907, "final_distance_cost": 1.7942290530951708, "oscillation_cost": 185.62320092703422, "completition_cost": 0.0, "overshoot_cost": 51.78922387218617, "power_cost": 26.271640551757812, "noise_cost": 23.405663848888747, "n_waypoints_completed": 9, "tot_waypoints": 9}}
{"target": -911.0410286647576, "params": {"k_pid_pos": [1.52185692280611, 0.9601448668826078, 0.5659404640138237], "k_pid_alt": [0.37893035868489444, 0.9213281869078015, 0.5083840177548207], "k_pid_att": [28.790506017813534, 3.078476595025026, 0.47592197400786995], "k_pid_yaw": [0.5, 1e-06, 0.1], "k_pid_hsp": [9.859913875349845, 0.9162878571176287, 0.24740780754298253], "k_pid_vsp": [222.38872033480325, 13.291831613165764, 50.286572698235275]}, "datetime": {"datetime": "2025-08-11 22:29:14", "elapsed": 21833.735373973846, "delta": 32.797743797302246}, "costs": {"total_cost": 911.0410286647576, "time_cost": 150, "final_distance_cost": 72.77744570693707, "oscillation_cost": 337.4580852309673, "completition_cost": 222.2222222222222, "overshoot_cost": 61.51315132619675, "power_cost": 35.60664100341797, "noise_cost": 31.463483175016286, "n_waypoints_completed": 7, "tot_waypoints": 9}}
{"target": -891.8710478141661, "params": {"k_pid_pos": [0.22964884125578033, 0.9498054553594953, 0.2169834888413733], "k_pid_alt": [0.9932468891980484, 0.08512341193178319, 0.8261745135690849], "k_pid_att": [7.4960616847028145, 4.364051035910864, 0.265133942763522], "k_pid_yaw": [0.5, 1e-06, 0.1], "k_pid_hsp": [5.035919971097137, 0.9553913560696171, 0.31793677576063006], "k_pid_vsp": [315.8746981863849, 395.7579452007637, 239.2083116226165]}, "datetime": {"datetime": "2025-08-11 22:29:46", "elapsed": 21865.981404066086, "delta": 32.24603009223938}, "costs": {"total_cost": 891.8710478141661, "time_cost": 150, "final_distance_cost": 40.287504181439346, "oscillation_cost": 134.62615596128066, "completition_cost": 444.4444444444444, "overshoot_cost": 56.12025135952353, "power_cost": 36.53061466064453, "noise_cost": 29.862077206833487, "n_waypoints_completed": 5, "tot_waypoints": 9}}
{"target": -1067.5328718995572, "params": {"k_pid_pos": [0.6454716713276619, 0.06493644072545002, 0.716487822265003], "k_pid_alt": [0.8177544296455355, 0.08076393989864816, 0.8591853400353439], "k_pid_att": [42.81826067052607, 0.20249627420579208, 0.5695783741465703], "k_pid_yaw": [0.5, 1e-06, 0.1], "k_pid_hsp": [0.6283707854061285, 0.9152393029469649, 0.7978900778469851], "k_pid_vsp": [112.5049944969708, 377.8426492081468, 114.756940816093]}, "datetime": {"datetime": "2025-08-11 22:30:18", "elapsed": 21897.908310890198, "delta": 31.92690682411194}, "costs": {"total_cost": 1067.5328718995572, "time_cost": 150, "final_distance_cost": 73.52011258168149, "oscillation_cost": 395.79287162387294, "completition_cost": 333.33333333333337, "overshoot_cost": 51.7098580012157, "power_cost": 34.79958377685547, "noise_cost": 28.377112582598418, "n_waypoints_completed": 6, "tot_waypoints": 9}}
{"target": -517.1748946074575, "params": {"k_pid_pos": [1.9666240752655295, 0.9087860005858546, 0.4637435230977771], "k_pid_alt": [0.3289893043181251, 0.4147608174672057, 0.7112811884608227], "k_pid_att": [55.927423821251836, 9.82251727638274, 0.41367686870094245], "k_pid_yaw": [0.5, 1e-06, 0.1], "k_pid_hsp": [9.921258338679635, 0.7534267251175254, 0.2114403540645701], "k_pid_vsp": [394.49130600336264, 121.36657916144252, 97.46741127544355]}, "datetime": {"datetime": "2025-08-11 22:30:50", "elapsed": 21930.127940416336, "delta": 32.219629526138306}, "costs": {"total_cost": 517.1748946074575, "time_cost": 114.69500000000001, "final_distance_cost": 1.7920363660811656, "oscillation_cost": 274.3629976561639, "completition_cost": 0.0, "overshoot_cost": 62.1205374326469, "power_cost": 34.092239868164064, "noise_cost": 30.11208328440153, "n_waypoints_completed": 9, "tot_waypoints": 9}}
{"target": -213.3288038487383, "params": {"k_pid_pos": [2.0, 0.0, 0.0], "k_pid_alt": [1.4775725219034048, 0.051198362139745816, 0.0], "k_pid_att": [40.36653217450279, 1.2016793569552071, 0.7867783712035654], "k_pid_yaw": [0.5, 1e-06, 0.1], "k_pid_hsp": [0.04439062972212634, 0.0, 0.0], "k_pid_vsp": [271.20185266034207, 306.9879566989689, 73.98692075760492]}, "datetime": {"datetime": "2025-08-11 22:31:17", "elapsed": 21956.993223428726, "delta": 26.865283012390137}, "costs": {"total_cost": 213.3288038487383, "time_cost": 86.03, "final_distance_cost": 1.766213222160217, "oscillation_cost": 26.114017731170698, "completition_cost": 0.0, "overshoot_cost": 57.37091342457109, "power_cost": 21.44265411376953, "noise_cost": 20.605005357066766, "n_waypoints_completed": 9, "tot_waypoints": 9}}
{"target": -737.536480738071, "params": {"k_pid_pos": [0.8271216258597115, 0.44600984531845866, 0.630689038674827], "k_pid_alt": [0.4516622676856896, 0.10823287343403365, 0.8897423594496737], "k_pid_att": [41.969232432182345, 5.689974190765647, 0.6507808833784477], "k_pid_yaw": [0.5, 1e-06, 0.1], "k_pid_hsp": [8.762302097690357, 0.41038637973798076, 0.5875605110001895], "k_pid_vsp": [231.92409869061788, 23.239548407704454, 39.20562028555836]}, "datetime": {"datetime": "2025-08-11 22:31:51", "elapsed": 21991.240041017532, "delta": 34.24681758880615}, "costs": {"total_cost": 737.536480738071, "time_cost": 150, "final_distance_cost": 28.84491592232773, "oscillation_cost": 331.1134565855015, "completition_cost": 111.11111111111116, "overshoot_cost": 55.45662907203652, "power_cost": 32.949058532714844, "noise_cost": 28.06130951437913, "n_waypoints_completed": 8, "tot_waypoints": 9}}
{"target": -278.79200722811953, "params": {"k_pid_pos": [1.8298006061182843, 0.0, 0.0], "k_pid_alt": [1.9139415026303421, 1.0, 0.3311290230544546], "k_pid_att": [27.384617785045126, 10.0, 0.0], "k_pid_yaw": [0.5, 1e-06, 0.1], "k_pid_hsp": [4.399426917185965, 0.04766861785338578, 0.0], "k_pid_vsp": [86.18597603819497, 214.08807872901687, 42.36050127507242]}, "datetime": {"datetime": "2025-08-11 22:32:16", "elapsed": 22016.372302532196, "delta": 25.132261514663696}, "costs": {"total_cost": 278.79200722811953, "time_cost": 83.818, "final_distance_cost": 1.7851796682739605, "oscillation_cost": 96.25319857911482, "completition_cost": 0.0, "overshoot_cost": 53.134270311106306, "power_cost": 22.606226831054688, "noise_cost": 21.19513183856977, "n_waypoints_completed": 9, "tot_waypoints": 9}}
{"target": -304.71759486400214, "params": {"k_pid_pos": [0.46613387230829384, 0.0, 0.0], "k_pid_alt": [2.0, 1.0, 0.4189366678107135], "k_pid_att": [5.154652260912428, 2.9783315880606667, 0.4768080106964489], "k_pid_yaw": [0.5, 1e-06, 0.1], "k_pid_hsp": [5.998674727586635, 0.3224705435804628, 0.4057838871289569], "k_pid_vsp": [192.19951764333103, 327.72777968369326, 15.858055656437575]}, "datetime": {"datetime": "2025-08-11 22:32:40", "elapsed": 22039.893967151642, "delta": 23.5216646194458}, "costs": {"total_cost": 304.71759486400214, "time_cost": 84.301, "final_distance_cost": 1.802516382422418, "oscillation_cost": 123.18064053335387, "completition_cost": 0.0, "overshoot_cost": 53.79300863611891, "power_cost": 21.027636474609377, "noise_cost": 20.612792837497558, "n_waypoints_completed": 9, "tot_waypoints": 9}}
{"target": -966.7006752387672, "params": {"k_pid_pos": [0.7894559233988884, 0.22219244187900222, 0.7626893358248361], "k_pid_alt": [2.0, 0.2764403154292107, 0.5582441238442438], "k_pid_att": [32.44558070771531, 0.0001, 1.0], "k_pid_yaw": [0.5, 1e-06, 0.1], "k_pid_hsp": [8.878170485516481, 1.0, 0.09350487481131302], "k_pid_vsp": [226.40912973112037, 21.983932822418637, 49.632341779066444]}, "datetime": {"datetime": "2025-08-11 22:33:14", "elapsed": 22074.346839427948, "delta": 34.45287227630615}, "costs": {"total_cost": 966.7006752387672, "time_cost": 150, "final_distance_cost": 65.74005319094961, "oscillation_cost": 421.0737759447062, "completition_cost": 222.2222222222222, "overshoot_cost": 46.56240535053394, "power_cost": 33.04086032714844, "noise_cost": 28.061358203206762, "n_waypoints_completed": 7, "tot_waypoints": 9}}
{"target": -1599.1483813048972, "params": {"k_pid_pos": [0.021503049983492187, 0.353979725822694, 0.25858746565474244], "k_pid_alt": [1.9180936092146528, 0.4501143402323201, 0.5637095753147481], "k_pid_att": [46.05341531610594, 2.6166378992386314, 0.6197105044198624], "k_pid_yaw": [0.5, 1e-06, 0.1], "k_pid_hsp": [3.853383162254028, 0.4654382784819251, 0.9728019120317628], "k_pid_vsp": [207.42488270069367, 225.87914101766205, 130.6788598995127]}, "datetime": {"datetime": "2025-08-11 22:33:48", "elapsed": 22107.484471559525, "delta": 33.13763213157654}, "costs": {"total_cost": 1599.1483813048972, "time_cost": 150, "final_distance_cost": 65.81586967889697, "oscillation_cost": 401.4645858333637, "completition_cost": 888.8888888888888, "overshoot_cost": 33.133223643408186, "power_cost": 32.12206888427735, "noise_cost": 27.72374437606229, "n_waypoints_completed": 1, "tot_waypoints": 9}}
{"target": -927.9861962124431, "params": {"k_pid_pos": [0.8318453631165058, 0.16684065101134038, 0.6462025893004969], "k_pid_alt": [0.6220766977491348, 0.45602133372124276, 0.49652305912106853], "k_pid_att": [6.576055641955437, 9.130288320163363, 0.24970860934434702], "k_pid_yaw": [0.5, 1e-06, 0.1], "k_pid_hsp": [3.760236917844977, 0.17251786465006758, 0.5705867660668482], "k_pid_vsp": [294.7990029559184, 303.99461334412035, 172.57334032661777]}, "datetime": {"datetime": "2025-08-11 22:34:20", "elapsed": 22139.57224726677, "delta": 32.08777570724487}, "costs": {"total_cost": 927.9861962124431, "time_cost": 150, "final_distance_cost": 69.79350368208057, "oscillation_cost": 370.6131018377708, "completition_cost": 222.2222222222222, "overshoot_cost": 55.98839721227127, "power_cost": 31.009130590820313, "noise_cost": 28.359840667278014, "n_waypoints_completed": 7, "tot_waypoints": 9}}
{"target": -510.42497091882666, "params": {"k_pid_pos": [1.384909877162899, 0.9298102768843947, 0.6641722816681139], "k_pid_alt": [1.0934944435683442, 0.31941364725626165, 0.594571578260844], "k_pid_att": [23.795555393177537, 1.142565289897834, 0.6378697623823294], "k_pid_yaw": [0.5, 1e-06, 0.1], "k_pid_hsp": [0.8788250658068312, 0.1335826140539058, 0.2801228555053953], "k_pid_vsp": [223.5558789735971, 28.85976023163038, 31.971708570580493]}, "datetime": {"datetime": "2025-08-11 22:34:52", "elapsed": 22171.96482849121, "delta": 32.39258122444153}, "costs": {"total_cost": 510.42497091882666, "time_cost": 118.804, "final_distance_cost": 1.794039909376739, "oscillation_cost": 263.0358401637953, "completition_cost": 0.0, "overshoot_cost": 63.032038387678526, "power_cost": 33.81193991699219, "noise_cost": 29.94711254098395, "n_waypoints_completed": 9, "tot_waypoints": 9}}
{"target": -718.5360275779857, "params": {"k_pid_pos": [0.5008396531377552, 0.3662832551728381, 0.9333687539053099], "k_pid_alt": [1.4719385080067005, 0.7821893291982723, 0.1420216183136942], "k_pid_att": [28.48096322878653, 2.977668881527372, 0.30785611080863573], "k_pid_yaw": [0.5, 1e-06, 0.1], "k_pid_hsp": [4.08764568487568, 0.25320187662049154, 0.3491508581001307], "k_pid_vsp": [109.86754520462742, 376.7533370519029, 115.89049198139827]}, "datetime": {"datetime": "2025-08-11 22:35:24", "elapsed": 22203.987203598022, "delta": 32.02237510681152}, "costs": {"total_cost": 718.5360275779857, "time_cost": 117.005, "final_distance_cost": 1.7963404834330192, "oscillation_cost": 479.2028791787665, "completition_cost": 0.0, "overshoot_cost": 59.7899536953073, "power_cost": 31.13747188720703, "noise_cost": 29.60438233327185, "n_waypoints_completed": 9, "tot_waypoints": 9}}
{"target": -627.8861518845226, "params": {"k_pid_pos": [0.7069484424915061, 0.24958036000688166, 0.3944608824702045], "k_pid_alt": [1.899677117764315, 0.4390749712944648, 0.3719910422850605], "k_pid_att": [33.177537667173496, 9.39540220216142, 0.5434502878040115], "k_pid_yaw": [0.5, 1e-06, 0.1], "k_pid_hsp": [5.126509620538059, 0.18473929183949, 0.7217303664790056], "k_pid_vsp": [29.899716657648277, 396.0975274007381, 56.52346867969492]}, "datetime": {"datetime": "2025-08-11 22:35:52", "elapsed": 22231.553019046783, "delta": 27.565815448760986}, "costs": {"total_cost": 627.8861518845226, "time_cost": 100.345, "final_distance_cost": 1.7825329004383144, "oscillation_cost": 420.89046487731326, "completition_cost": 0.0, "overshoot_cost": 52.23980685546128, "power_cost": 27.867937060546875, "noise_cost": 24.760410190762865, "n_waypoints_completed": 9, "tot_waypoints": 9}}
{"target": -649.6177817520864, "params": {"k_pid_pos": [1.607365195377085, 0.6840604126040529, 0.6081279291040894], "k_pid_alt": [0.6844652803906608, 0.05472833557244912, 0.5067434394282242], "k_pid_att": [55.02103282700705, 8.781850553628447, 0.34617148483525884], "k_pid_yaw": [0.5, 1e-06, 0.1], "k_pid_hsp": [7.285743507978584, 0.4950842026437565, 0.13503470510609925], "k_pid_vsp": [390.8843963395235, 117.00183023682831, 97.82082609324968]}, "datetime": {"datetime": "2025-08-11 22:36:25", "elapsed": 22264.481466770172, "delta": 32.92844772338867}, "costs": {"total_cost": 649.6177817520864, "time_cost": 108.49300000000001, "final_distance_cost": 1.7775047827785175, "oscillation_cost": 427.9333672531161, "completition_cost": 0.0, "overshoot_cost": 53.673753278159495, "power_cost": 31.77784852294922, "noise_cost": 25.962307915083247, "n_waypoints_completed": 9, "tot_waypoints": 9}}
{"target": -709.545808221217, "params": {"k_pid_pos": [0.1706239233778804, 0.38138315335825856, 0.9506914980713184], "k_pid_alt": [1.7654386245356137, 0.4918777478798012, 0.005629302874721742], "k_pid_att": [6.619686209758169, 0.6422092217779273, 0.4977286997704826], "k_pid_yaw": [0.5, 1e-06, 0.1], "k_pid_hsp": [0.7629831705834798, 0.1254255119426545, 0.015004681662572072], "k_pid_vsp": [277.83980237572445, 361.3214395985587, 28.76503660678032]}, "datetime": {"datetime": "2025-08-11 22:37:00", "elapsed": 22299.63888859749, "delta": 35.157421827316284}, "costs": {"total_cost": 709.545808221217, "time_cost": 150, "final_distance_cost": 78.21273167618891, "oscillation_cost": 35.304655946522544, "completition_cost": 333.33333333333337, "overshoot_cost": 55.99492530656607, "power_cost": 29.947500695800784, "noise_cost": 26.752661262805447, "n_waypoints_completed": 6, "tot_waypoints": 9}}
{"target": -312.121984970368, "params": {"k_pid_pos": [1.3761549754567095, 0.49726478021091347, 0.43504272801280075], "k_pid_alt": [1.412389839949991, 0.9463776152515644, 0.28749215973284925], "k_pid_att": [2.298000914031151, 1.4729123026169793, 0.729757390777987], "k_pid_yaw": [0.5, 1e-06, 0.1], "k_pid_hsp": [5.721698982303743, 0.17551552655975067, 0.6697317923517455], "k_pid_vsp": [241.58903303952854, 270.7133858472622, 19.63922069914725]}, "datetime": {"datetime": "2025-08-11 22:37:25", "elapsed": 22325.199777841568, "delta": 25.56088924407959}, "costs": {"total_cost": 312.121984970368, "time_cost": 89.362, "final_distance_cost": 1.7614637974243141, "oscillation_cost": 110.62191970855721, "completition_cost": 0.0, "overshoot_cost": 64.09431442923334, "power_cost": 24.0478244140625, "noise_cost": 22.234462621090614, "n_waypoints_completed": 9, "tot_waypoints": 9}}
{"target": -464.50454312181245, "params": {"k_pid_pos": [1.7443441330246066, 1.0, 1.0], "k_pid_alt": [2.0, 0.0, 1.0], "k_pid_att": [37.748559611052585, 0.0001, 0.0], "k_pid_yaw": [0.5, 1e-06, 0.1], "k_pid_hsp": [9.16008364642949, 1.0, 0.6029334192581873], "k_pid_vsp": [233.58694884850237, 21.409168757892942, 43.35187795689593]}, "datetime": {"datetime": "2025-08-11 22:37:49", "elapsed": 22348.675570964813, "delta": 23.47579312324524}, "costs": {"total_cost": 464.50454312181245, "time_cost": 82.229, "final_distance_cost": 1.7933427352415843, "oscillation_cost": 280.51452727334777, "completition_cost": 0.0, "overshoot_cost": 54.29656653246816, "power_cost": 24.684468261718752, "noise_cost": 20.98663831903624, "n_waypoints_completed": 9, "tot_waypoints": 9}}
{"target": -495.7542181982703, "params": {"k_pid_pos": [1.4506468323191242, 0.8094814564385997, 0.861066752143687], "k_pid_alt": [0.8284896875015781, 0.36343073528318837, 0.48950571883414207], "k_pid_att": [29.88219037721429, 2.4390339167753297, 0.7893564219600038], "k_pid_yaw": [0.5, 1e-06, 0.1], "k_pid_hsp": [8.450807815157685, 0.9127842918046041, 0.18457236579923708], "k_pid_vsp": [237.72069802918554, 326.58823948888283, 18.43792810725909]}, "datetime": {"datetime": "2025-08-11 22:38:15", "elapsed": 22375.16376233101, "delta": 26.48819136619568}, "costs": {"total_cost": 495.7542181982703, "time_cost": 96.551, "final_distance_cost": 1.7531090271865644, "oscillation_cost": 291.9456909389672, "completition_cost": 0.0, "overshoot_cost": 53.60165803488352, "power_cost": 27.214495910644533, "noise_cost": 24.688264286588428, "n_waypoints_completed": 9, "tot_waypoints": 9}}
{"target": -400.9431979305908, "params": {"k_pid_pos": [1.9359584565144115, 0.18028377791243355, 0.8288096665918115], "k_pid_alt": [0.35998181236004556, 0.16952805867515397, 0.5693780240613268], "k_pid_att": [40.15031808875974, 2.8538882955392864, 0.8760545431179028], "k_pid_yaw": [0.5, 1e-06, 0.1], "k_pid_hsp": [0.7337343531136156, 0.7936133921430842, 0.13910360730807236], "k_pid_vsp": [182.35614587593608, 300.80989703405237, 142.17315616984885]}, "datetime": {"datetime": "2025-08-11 22:38:43", "elapsed": 22402.63873243332, "delta": 27.47497010231018}, "costs": {"total_cost": 400.9431979305908, "time_cost": 97.965, "final_distance_cost": 1.7448499417218912, "oscillation_cost": 190.33076593448604, "completition_cost": 0.0, "overshoot_cost": 57.33633087051374, "power_cost": 28.866920068359377, "noise_cost": 24.69933111550979, "n_waypoints_completed": 9, "tot_waypoints": 9}}
{"target": -438.96390519069877, "params": {"k_pid_pos": [1.8524329475722574, 0.42503816291391694, 0.6727901915793649], "k_pid_alt": [1.502746778747985, 0.15551844353871602, 0.8168280869273105], "k_pid_att": [12.981900603826336, 5.29432953015327, 0.17778450117432631], "k_pid_yaw": [0.5, 1e-06, 0.1], "k_pid_hsp": [3.5289945883583225, 0.18643314346848028, 0.37939463685573305], "k_pid_vsp": [243.45560331544763, 265.1006995095313, 35.75804798078202]}, "datetime": {"datetime": "2025-08-11 22:39:08", "elapsed": 22428.075131177902, "delta": 25.43639874458313}, "costs": {"total_cost": 438.96390519069877, "time_cost": 86.639, "final_distance_cost": 1.7669544458791786, "oscillation_cost": 253.45878443307632, "completition_cost": 0.0, "overshoot_cost": 52.01492553976016, "power_cost": 23.377180480957033, "noise_cost": 21.707060291026092, "n_waypoints_completed": 9, "tot_waypoints": 9}}
{"target": -786.3794157819058, "params": {"k_pid_pos": [1.625313193313898, 0.543907587247459, 0.2332390713714816], "k_pid_alt": [1.874746078663462, 0.3065411608381151, 0.1374957248037595], "k_pid_att": [51.40056876538045, 3.0590842933170936, 0.1328396024900479], "k_pid_yaw": [0.5, 1e-06, 0.1], "k_pid_hsp": [1.613471277847176, 0.14186086408003507, 0.6659536165482665], "k_pid_vsp": [124.31449252112583, 93.49729532115384, 57.80692169473504]}, "datetime": {"datetime": "2025-08-11 22:39:43", "elapsed": 22463.170528650284, "delta": 35.09539747238159}, "costs": {"total_cost": 786.3794157819058, "time_cost": 150, "final_distance_cost": 48.06029966546013, "oscillation_cost": 238.4619868582259, "completition_cost": 222.2222222222222, "overshoot_cost": 60.1155491066594, "power_cost": 37.57458250732422, "noise_cost": 29.94477542201398, "n_waypoints_completed": 7, "tot_waypoints": 9}}
