{"target": -1062.7368449832977, "params": {"k_pid_pos": [0.11865196927077774, 0.9811337250330456, 0.6436544873812028], "k_pid_alt": [0.8314559924333198, 0.11599841353190421, 0.1430351660707001], "k_pid_att": [38.84999679579637, 5.081825932902805, 0.9890507961257157], "k_pid_yaw": [0.5, 1e-06, 0.1], "k_pid_hsp": [4.332942376768669, 0.8482071726027283, 0.1251990138373531], "k_pid_vsp": [274.0518591753254, 301.2966775626998, 70.75567565392838]}, "datetime": {"datetime": "2025-08-11 22:15:32", "elapsed": 21011.681149959564, "delta": 32.20005130767822}, "costs": {"total_cost": 1062.7368449832977, "time_cost": 150, "final_distance_cost": 46.64532848038784, "oscillation_cost": 204.36731095117784, "completition_cost": 555.5555555555555, "overshoot_cost": 44.58741869107445, "power_cost": 33.39362026367188, "noise_cost": 28.187611041430195, "n_waypoints_completed": 4, "tot_waypoints": 9}}
{"target": -887.0509976138768, "params": {"k_pid_pos": [0.3650323635019013, 0.9876104500425209, 0.7507450827051211], "k_pid_alt": [0.6180508673966232, 0.814101998546369, 0.6702237563757324], "k_pid_att": [47.765035720301086, 6.044769107870094, 0.08879763375589922], "k_pid_yaw": [0.5, 1e-06, 0.1], "k_pid_hsp": [3.0570804564042975, 0.9971641746121882, 0.0798798709680445], "k_pid_vsp": [202.54647129355715, 226.92070888363858, 134.7296258315075]}, "datetime": {"datetime": "2025-08-11 22:16:04", "elapsed": 21043.861468553543, "delta": 32.18031859397888}, "costs": {"total_cost": 887.0509976138768, "time_cost": 150, "final_distance_cost": 61.80143579325586, "oscillation_cost": 328.9861784332814, "completition_cost": 222.2222222222222, "overshoot_cost": 60.14792643958137, "power_cost": 35.67088442382813, "noise_cost": 28.222350301707806, "n_waypoints_completed": 7, "tot_waypoints": 9}}
{"target": -829.1855312555793, "params": {"k_pid_pos": [0.9636145291885964, 0.9460315781113101, 0.6467739228293252], "k_pid_alt": [0.8220658169646207, 0.42722663159209395, 0.020100704616244247], "k_pid_att": [47.181127274956424, 0.8784523569592325, 0.2991908310031476], "k_pid_yaw": [0.5, 1e-06, 0.1], "k_pid_hsp": [4.044192073307665, 0.8272364814026201, 0.7849424749702063], "k_pid_vsp": [193.64830319997205, 239.92965474960033, 136.44336519478915]}, "datetime": {"datetime": "2025-08-11 22:16:37", "elapsed": 21077.27632713318, "delta": 33.41485857963562}, "costs": {"total_cost": 829.1855312555793, "time_cost": 150, "final_distance_cost": 64.2062602296607, "oscillation_cost": 249.93791655522244, "completition_cost": 222.2222222222222, "overshoot_cost": 75.68728785496756, "power_cost": 36.074919763183594, "noise_cost": 31.0569246303228, "n_waypoints_completed": 7, "tot_waypoints": 9}}
{"target": -676.077161067905, "params": {"k_pid_pos": [0.4793876058960042, 0.6504008767129068, 0.5779096620269388], "k_pid_alt": [1.1437040060545363, 0.03433931835898241, 0.8988215261796683], "k_pid_att": [26.28230803287809, 9.31621881663607, 0.4127129118646986], "k_pid_yaw": [0.5, 1e-06, 0.1], "k_pid_hsp": [9.195664460901906, 0.8091161383296472, 0.8000050762982459], "k_pid_vsp": [215.27089522610748, 276.1833762495495, 62.63005118853532]}, "datetime": {"datetime": "2025-08-11 22:17:10", "elapsed": 21109.785759925842, "delta": 32.509432792663574}, "costs": {"total_cost": 676.077161067905, "time_cost": 115.717, "final_distance_cost": 1.8007528804805724, "oscillation_cost": 438.70107913213536, "completition_cost": 0.0, "overshoot_cost": 56.62819443533155, "power_cost": 33.32659970703125, "noise_cost": 29.90353491292617, "n_waypoints_completed": 9, "tot_waypoints": 9}}
{"target": -557.022904659909, "params": {"k_pid_pos": [0.5806946054154776, 0.46972954566633773, 0.9404107891353563], "k_pid_alt": [1.1149717708518203, 0.33739573072324935, 0.7293550483179305], "k_pid_att": [45.62058623730366, 2.9697931538898117, 0.17370099276814877], "k_pid_yaw": [0.5, 1e-06, 0.1], "k_pid_hsp": [0.5929690494296067, 0.9050885800213198, 0.030431009479068072], "k_pid_vsp": [213.99501035433212, 229.45596857272503, 128.5157367743932]}, "datetime": {"datetime": "2025-08-11 22:17:40", "elapsed": 21139.95616364479, "delta": 30.170403718948364}, "costs": {"total_cost": 557.022904659909, "time_cost": 112.168, "final_distance_cost": 1.8105369659076964, "oscillation_cost": 327.49587796358907, "completition_cost": 0.0, "overshoot_cost": 56.820159405520194, "power_cost": 31.19206286621094, "noise_cost": 27.53626745868105, "n_waypoints_completed": 9, "tot_waypoints": 9}}
{"target": -1457.4515793682494, "params": {"k_pid_pos": [0.0028115587126977103, 0.7615277799570522, 0.6884867732352372], "k_pid_alt": [0.1655243144634928, 0.06182218815651308, 0.12371375889249647], "k_pid_att": [15.593011984234039, 3.2891101722816556, 0.030709555915906295], "k_pid_yaw": [0.5, 1e-06, 0.1], "k_pid_hsp": [5.9014810359735925, 0.5812870407503617, 0.5519826986349352], "k_pid_vsp": [306.74320732639177, 398.11033873147034, 247.82133746274192]}, "datetime": {"datetime": "2025-08-11 22:18:14", "elapsed": 21173.90398454666, "delta": 33.94782090187073}, "costs": {"total_cost": 1457.4515793682494, "time_cost": 150, "final_distance_cost": 52.76560465337372, "oscillation_cost": 451.1963477579549, "completition_cost": 666.6666666666667, "overshoot_cost": 74.93533256720737, "power_cost": 32.534785217285155, "noise_cost": 29.352842505761544, "n_waypoints_completed": 3, "tot_waypoints": 9}}
{"target": -1033.3135106163238, "params": {"k_pid_pos": [0.25289073500156817, 0.8621954920199645, 0.09909973812984618], "k_pid_alt": [0.6364789626529492, 0.8280135308214074, 0.06966337275762435], "k_pid_att": [12.258655346872526, 4.681980298210088, 0.7192274385483141], "k_pid_yaw": [0.5, 1e-06, 0.1], "k_pid_hsp": [4.740477276516505, 0.8879458282960662, 0.6810189044676555], "k_pid_vsp": [245.38302643771925, 278.3406479153042, 27.835993873545963]}, "datetime": {"datetime": "2025-08-11 22:18:45", "elapsed": 21205.333871364594, "delta": 31.42988681793213}, "costs": {"total_cost": 1033.3135106163238, "time_cost": 150, "final_distance_cost": 52.242421742005796, "oscillation_cost": 137.56822118622955, "completition_cost": 555.5555555555555, "overshoot_cost": 70.39762372680929, "power_cost": 35.12673168945312, "noise_cost": 32.42295671627045, "n_waypoints_completed": 4, "tot_waypoints": 9}}
{"target": -539.4167817590837, "params": {"k_pid_pos": [0.9383914337649734, 0.6969985908208883, 0.3803433797425277], "k_pid_alt": [1.2320503853811404, 0.3116534627161474, 0.49530596445167474], "k_pid_att": [47.91810223187069, 4.970639424035811, 0.4964222149884547], "k_pid_yaw": [0.5, 1e-06, 0.1], "k_pid_hsp": [6.394416072820307, 0.41296426298397587, 0.5333238218651387], "k_pid_vsp": [182.29325951154135, 301.7483579686331, 148.5487202909289]}, "datetime": {"datetime": "2025-08-11 22:19:15", "elapsed": 21234.6446249485, "delta": 29.31075358390808}, "costs": {"total_cost": 539.4167817590837, "time_cost": 101.745, "final_distance_cost": 1.7311771103646623, "oscillation_cost": 326.70860900414743, "completition_cost": 0.0, "overshoot_cost": 55.02059011811785, "power_cost": 29.617542443847658, "noise_cost": 24.593863082606102, "n_waypoints_completed": 9, "tot_waypoints": 9}}
{"target": -669.5293361541682, "params": {"k_pid_pos": [0.8915577815953256, 0.26221261230732795, 0.37539420714955785], "k_pid_alt": [1.3134594421905175, 0.5688128778298431, 0.4977024034519109], "k_pid_att": [81.38754773411041, 6.052739729519785, 0.6154526015098823], "k_pid_yaw": [0.5, 1e-06, 0.1], "k_pid_hsp": [8.197862277376762, 0.5776622937308812, 0.3662023104307501], "k_pid_vsp": [367.0284035398002, 268.615380946592, 253.2774425388317]}, "datetime": {"datetime": "2025-08-11 22:19:42", "elapsed": 21262.354471445084, "delta": 27.70984649658203}, "costs": {"total_cost": 669.5293361541682, "time_cost": 100.38, "final_distance_cost": 1.7845381490151813, "oscillation_cost": 458.28581424100736, "completition_cost": 0.0, "overshoot_cost": 55.65723667351919, "power_cost": 29.394021508789063, "noise_cost": 24.027725581837494, "n_waypoints_completed": 9, "tot_waypoints": 9}}
{"target": -459.46976272187084, "params": {"k_pid_pos": [2.0, 0.3176453179610128, 0.0], "k_pid_alt": [2.0, 0.07710407803329455, 1.0], "k_pid_att": [38.64605340140752, 1.3956861295799667, 0.0], "k_pid_yaw": [0.5, 1e-06, 0.1], "k_pid_hsp": [5.335151133517385, 0.0, 1.0], "k_pid_vsp": [231.4608812167249, 325.7053823812634, 20.98367935251299]}, "datetime": {"datetime": "2025-08-11 22:20:09", "elapsed": 21289.241433382034, "delta": 26.886961936950684}, "costs": {"total_cost": 459.46976272187084, "time_cost": 96.012, "final_distance_cost": 1.7684136126602308, "oscillation_cost": 247.26142094986088, "completition_cost": 0.0, "overshoot_cost": 60.12138488981684, "power_cost": 28.588751391601566, "noise_cost": 25.7177918779313, "n_waypoints_completed": 9, "tot_waypoints": 9}}
{"target": -620.6818714470909, "params": {"k_pid_pos": [1.855533704549547, 0.4031387205619843, 0.8978416950901839], "k_pid_alt": [1.399184458411389, 0.7224338821649314, 0.8173837861705361], "k_pid_att": [53.87329715104776, 4.9558163385577565, 0.016949267503776455], "k_pid_yaw": [0.5, 1e-06, 0.1], "k_pid_hsp": [3.3643824619364637, 0.05166951819121968, 0.8245369023598558], "k_pid_vsp": [211.60532923949523, 226.07353012569402, 124.74404932796837]}, "datetime": {"datetime": "2025-08-11 22:20:41", "elapsed": 21320.76888847351, "delta": 31.52745509147644}, "costs": {"total_cost": 620.6818714470909, "time_cost": 117.852, "final_distance_cost": 1.7735660987913746, "oscillation_cost": 368.8244778355216, "completition_cost": 0.0, "overshoot_cost": 67.4795259947764, "power_cost": 35.693580078125, "noise_cost": 29.05872143987655, "n_waypoints_completed": 9, "tot_waypoints": 9}}
{"target": -329.77528679758757, "params": {"k_pid_pos": [1.165174915853934, 0.393072964451723, 0.08247881822752579], "k_pid_alt": [1.063273393074426, 0.3632599643625152, 0.02084273713051976], "k_pid_att": [1.3650498724667948, 0.6138705410224039, 0.3336439146264184], "k_pid_yaw": [0.5, 1e-06, 0.1], "k_pid_hsp": [5.434043295113389, 0.9655779904426957, 0.6149834730743337], "k_pid_vsp": [250.0541228873091, 269.09670514501295, 15.078637121781584]}, "datetime": {"datetime": "2025-08-11 22:21:07", "elapsed": 21346.957226753235, "delta": 26.18833827972412}, "costs": {"total_cost": 329.77528679758757, "time_cost": 94.871, "final_distance_cost": 1.795045001986785, "oscillation_cost": 121.42216952695486, "completition_cost": 0.0, "overshoot_cost": 60.024013165892015, "power_cost": 26.73076405029297, "noise_cost": 24.932295052460933, "n_waypoints_completed": 9, "tot_waypoints": 9}}
{"target": -1587.8259502703586, "params": {"k_pid_pos": [0.1428304767497464, 0.29261684392027354, 0.787417563114297], "k_pid_alt": [0.22265174220930972, 0.43051898576236536, 0.33494183217748286], "k_pid_att": [33.67393669762132, 8.884905168281746, 0.47222792094602795], "k_pid_yaw": [0.5, 1e-06, 0.1], "k_pid_hsp": [6.931068141270091, 0.45516962920418835, 0.5041348506818789], "k_pid_vsp": [80.73870680189876, 208.4803752392011, 45.135928747065144]}, "datetime": {"datetime": "2025-08-11 22:21:39", "elapsed": 21379.067983150482, "delta": 32.110756397247314}, "costs": {"total_cost": 1587.8259502703586, "time_cost": 150, "final_distance_cost": 54.22074825555588, "oscillation_cost": 599.0494873243983, "completition_cost": 666.6666666666667, "overshoot_cost": 55.14588646889335, "power_cost": 32.66958762207032, "noise_cost": 30.073573932773908, "n_waypoints_completed": 3, "tot_waypoints": 9}}
{"target": -404.39479318811885, "params": {"k_pid_pos": [1.9527013433323146, 0.8651390611745265, 0.7630630432790776], "k_pid_alt": [0.413675345568816, 0.04854489025272024, 0.05408415702001057], "k_pid_att": [4.680117486891511, 4.639167474085793, 0.28696078390234436], "k_pid_yaw": [0.5, 1e-06, 0.1], "k_pid_hsp": [3.5910535993486863, 0.482027349985095, 0.7068101792863583], "k_pid_vsp": [283.36508645917917, 365.2438666019638, 19.66462065517518]}, "datetime": {"datetime": "2025-08-11 22:22:06", "elapsed": 21406.286264181137, "delta": 27.218281030654907}, "costs": {"total_cost": 404.39479318811885, "time_cost": 101.766, "final_distance_cost": 1.7720407855275486, "oscillation_cost": 186.5746896436757, "completition_cost": 0.0, "overshoot_cost": 59.79415112412367, "power_cost": 28.69760164794922, "noise_cost": 25.790309986842733, "n_waypoints_completed": 9, "tot_waypoints": 9}}
{"target": -488.57877152988715, "params": {"k_pid_pos": [1.3962646042589537, 0.5898792730744409, 0.41460911316582894], "k_pid_alt": [0.37007006261024844, 0.2567603206278052, 0.14946944753380131], "k_pid_att": [39.21135520334903, 0.23580564933753342, 0.3042811204363348], "k_pid_yaw": [0.5, 1e-06, 0.1], "k_pid_hsp": [6.169948504863061, 0.8983917013559513, 0.5158623917397712], "k_pid_vsp": [230.87243199887956, 19.723071651752864, 47.324574386698856]}, "datetime": {"datetime": "2025-08-11 22:22:34", "elapsed": 21433.70533967018, "delta": 27.41907548904419}, "costs": {"total_cost": 488.57877152988715, "time_cost": 99.554, "final_distance_cost": 1.748101727495728, "oscillation_cost": 274.8557241230095, "completition_cost": 0.0, "overshoot_cost": 58.77659653395426, "power_cost": 28.790617578125, "noise_cost": 24.853731567302642, "n_waypoints_completed": 9, "tot_waypoints": 9}}
{"target": -253.93606032303512, "params": {"k_pid_pos": [1.4362981185847572, 0.29530216585826624, 0.0], "k_pid_alt": [0.8510348566036333, 0.33643134334741465, 0.0], "k_pid_att": [38.30385809753273, 0.9977511837143792, 0.1950341533364996], "k_pid_yaw": [0.5, 1e-06, 0.1], "k_pid_hsp": [2.356812242542814, 0.45294851104773287, 0.0], "k_pid_vsp": [64.41352788486735, 363.0645977418501, 91.4014207694798]}, "datetime": {"datetime": "2025-08-11 22:23:00", "elapsed": 21459.737268447876, "delta": 26.031928777694702}, "costs": {"total_cost": 253.93606032303512, "time_cost": 91.441, "final_distance_cost": 1.7763880239227692, "oscillation_cost": 57.513614474141306, "completition_cost": 0.0, "overshoot_cost": 54.98208422741893, "power_cost": 25.331523461914063, "noise_cost": 22.891450135638053, "n_waypoints_completed": 9, "tot_waypoints": 9}}
{"target": -201.59806766223724, "params": {"k_pid_pos": [2.0, 0.0, 0.0], "k_pid_alt": [2.0, 0.0, 0.042030472605934004], "k_pid_att": [40.0618976218266, 8.664828398237008, 0.9837910105309897], "k_pid_yaw": [0.5, 1e-06, 0.1], "k_pid_hsp": [1.440154332032658, 0.20642979626956567, 0.0], "k_pid_vsp": [118.2516996508852, 138.2007610825662, 14.177357266108295]}, "datetime": {"datetime": "2025-08-11 22:23:21", "elapsed": 21480.434163331985, "delta": 20.696894884109497}, "costs": {"total_cost": 201.59806766223724, "time_cost": 68.978, "final_distance_cost": 1.7827797658620013, "oscillation_cost": 43.540927584495684, "completition_cost": 0.0, "overshoot_cost": 50.33729183017934, "power_cost": 18.878499316406252, "noise_cost": 18.080569165293984, "n_waypoints_completed": 9, "tot_waypoints": 9}}
{"target": -441.01455595274246, "params": {"k_pid_pos": [1.6221751568874063, 0.21874162886148174, 0.371643308595203], "k_pid_alt": [1.2845157551050013, 0.5812118561895083, 0.9656697298877566], "k_pid_att": [52.090543349358434, 5.902549079454279, 0.6154589927470789], "k_pid_yaw": [0.5, 1e-06, 0.1], "k_pid_hsp": [1.1701241671803535, 0.3128597457112138, 0.4092357068128589], "k_pid_vsp": [118.68976982852426, 92.55706546958764, 55.401517896950686]}, "datetime": {"datetime": "2025-08-11 22:23:49", "elapsed": 21508.911451101303, "delta": 28.477287769317627}, "costs": {"total_cost": 441.01455595274246, "time_cost": 100.303, "final_distance_cost": 1.7329368551346125, "oscillation_cost": 226.95465113767426, "completition_cost": 0.0, "overshoot_cost": 57.86026726544027, "power_cost": 29.95438243408203, "noise_cost": 24.20931826041129, "n_waypoints_completed": 9, "tot_waypoints": 9}}
{"target": -368.4230452688812, "params": {"k_pid_pos": [0.5523441123370822, 0.42078597978257326, 0.08206572742193996], "k_pid_alt": [1.9924747498085744, 0.8513839666161409, 0.536471248573858], "k_pid_att": [4.019176744400066, 5.199350142974053, 0.53788756417261], "k_pid_yaw": [0.5, 1e-06, 0.1], "k_pid_hsp": [2.191247620720939, 0.4648461457174201, 0.1554390958876648], "k_pid_vsp": [188.51540602885058, 326.7684405573743, 14.54125957063517]}, "datetime": {"datetime": "2025-08-11 22:24:20", "elapsed": 21539.76453280449, "delta": 30.853081703186035}, "costs": {"total_cost": 368.4230452688812, "time_cost": 111.202, "final_distance_cost": 1.763656666142236, "oscillation_cost": 140.28782998474426, "completition_cost": 0.0, "overshoot_cost": 59.06957056570332, "power_cost": 28.03369781494141, "noise_cost": 28.06629023734995, "n_waypoints_completed": 9, "tot_waypoints": 9}}
{"target": -302.4310440203868, "params": {"k_pid_pos": [1.7586698393458293, 0.0, 0.0], "k_pid_alt": [1.8646552488805, 1.0, 0.3219371631117858], "k_pid_att": [25.208141647096763, 7.81194948469364, 0.030238961345814993], "k_pid_yaw": [0.5, 1e-06, 0.1], "k_pid_hsp": [6.271051383136712, 0.054989664648663554, 0.0], "k_pid_vsp": [83.30449402434975, 212.52648593776914, 40.434270151999016]}, "datetime": {"datetime": "2025-08-11 22:24:43", "elapsed": 21562.73794555664, "delta": 22.97341275215149}, "costs": {"total_cost": 302.4310440203868, "time_cost": 79.583, "final_distance_cost": 1.749003666535839, "oscillation_cost": 126.64489304878335, "completition_cost": 0.0, "overshoot_cost": 53.04947323226712, "power_cost": 21.471042590332033, "noise_cost": 19.93363148246846, "n_waypoints_completed": 9, "tot_waypoints": 9}}
{"target": -472.56282248539003, "params": {"k_pid_pos": [2.0, 0.9992165794845832, 0.0], "k_pid_alt": [2.0, 0.0, 1.0], "k_pid_att": [39.29332422860634, 4.593760501538249, 0.0], "k_pid_yaw": [0.5, 1e-06, 0.1], "k_pid_hsp": [9.773735657354038, 0.0, 1.0], "k_pid_vsp": [231.19528424742728, 326.97284117514073, 18.937862163066484]}, "datetime": {"datetime": "2025-08-11 22:25:11", "elapsed": 21591.079826831818, "delta": 28.341881275177002}, "costs": {"total_cost": 472.56282248539003, "time_cost": 97.636, "final_distance_cost": 1.762673541093948, "oscillation_cost": 239.52388595200162, "completition_cost": 0.0, "overshoot_cost": 75.16219572267528, "power_cost": 29.60880565185547, "noise_cost": 28.86926161776376, "n_waypoints_completed": 9, "tot_waypoints": 9}}
{"target": -1218.488949610613, "params": {"k_pid_pos": [0.8513165263741964, 0.2611261439102758, 0.995134496471314], "k_pid_alt": [0.16321182829349778, 0.6541236176457232, 0.7616520742479629], "k_pid_att": [20.13135442676245, 3.80391745245097, 0.6218755650058023], "k_pid_yaw": [0.5, 1e-06, 0.1], "k_pid_hsp": [1.8604680488197298, 0.4139936776296027, 0.7804367528077782], "k_pid_vsp": [180.64528084629677, 180.20546752007158, 31.731302120185344]}, "datetime": {"datetime": "2025-08-11 22:25:44", "elapsed": 21623.378969669342, "delta": 32.299142837524414}, "costs": {"total_cost": 1218.488949610613, "time_cost": 150, "final_distance_cost": 56.52503588877226, "oscillation_cost": 451.10773372056417, "completition_cost": 444.4444444444444, "overshoot_cost": 55.242579266769916, "power_cost": 31.21955778808594, "noise_cost": 29.949598501976208, "n_waypoints_completed": 5, "tot_waypoints": 9}}
{"target": -506.2480009409435, "params": {"k_pid_pos": [1.5264956691657412, 0.0, 0.6438658877037767], "k_pid_alt": [0.3763796084041948, 0.3639014327155413, 0.8672601646230811], "k_pid_att": [48.26882726298241, 5.4386222697584845, 0.5921097839936444], "k_pid_yaw": [0.5, 1e-06, 0.1], "k_pid_hsp": [3.8496767106708067, 0.759580482679918, 0.18014419567832834], "k_pid_vsp": [123.99382173648259, 96.82702114791296, 55.8295830568242]}, "datetime": {"datetime": "2025-08-11 22:26:10", "elapsed": 21650.01881837845, "delta": 26.639848709106445}, "costs": {"total_cost": 506.2480009409435, "time_cost": 90.937, "final_distance_cost": 1.7658642862177996, "oscillation_cost": 307.95679654764035, "completition_cost": 0.0, "overshoot_cost": 56.68220021654507, "power_cost": 26.387290258789065, "noise_cost": 22.51884963175118, "n_waypoints_completed": 9, "tot_waypoints": 9}}
{"target": -1454.805069418623, "params": {"k_pid_pos": [0.6144759286541096, 0.9389209388201679, 0.3554542647042763], "k_pid_alt": [0.3180394047739237, 0.8012629089453198, 0.9002972686757742], "k_pid_att": [9.712273809405158, 8.769308129591609, 0.47553332076181143], "k_pid_yaw": [0.5, 1e-06, 0.1], "k_pid_hsp": [1.3500140047517308, 0.044419796471937056, 0.9899354748989444], "k_pid_vsp": [299.6197147130712, 308.5978898439494, 175.9449274657702]}, "datetime": {"datetime": "2025-08-11 22:26:43", "elapsed": 21682.529871702194, "delta": 32.51105332374573}, "costs": {"total_cost": 1454.805069418623, "time_cost": 150, "final_distance_cost": 69.14018833777502, "oscillation_cost": 225.7346219011392, "completition_cost": 888.8888888888888, "overshoot_cost": 59.67857549408554, "power_cost": 33.258656567382815, "noise_cost": 28.104138229351474, "n_waypoints_completed": 1, "tot_waypoints": 9}}
{"target": -1047.515677604412, "params": {"k_pid_pos": [1.89928807339629, 0.9071885288329553, 0.006964998749600437], "k_pid_alt": [0.4200434673713551, 0.5413804445873882, 0.19305387384319772], "k_pid_att": [29.412921965428573, 5.226492744195485, 0.6194354808348168], "k_pid_yaw": [0.5, 1e-06, 0.1], "k_pid_hsp": [7.6492162736163305, 0.9282045367427193, 0.3359034735082651], "k_pid_vsp": [119.81199473126827, 379.50661782302734, 112.49432760170819]}, "datetime": {"datetime": "2025-08-11 22:27:16", "elapsed": 21716.150666236877, "delta": 33.62079453468323}, "costs": {"total_cost": 1047.515677604412, "time_cost": 150, "final_distance_cost": 46.233175622098365, "oscillation_cost": 158.67918361959804, "completition_cost": 555.5555555555555, "overshoot_cost": 68.85018950649543, "power_cost": 36.240375793457034, "noise_cost": 31.957197507207596, "n_waypoints_completed": 4, "tot_waypoints": 9}}
