{"target": -474.0477243877926, "params": {"k_pid_pos": [1.1897299798580143, 0.5992779462795194, 0.7795123306977897], "k_pid_alt": [1.4444838219809457, 0.16532014461314015, 0.8527392864881359], "k_pid_att": [9.547286137744138, 8.707924599369338, 0.4532876639117359], "k_pid_yaw": [0.5, 1e-06, 0.1], "k_pid_hsp": [5.133283280348259, 0.35198155936734077, 0.6246315993828137], "k_pid_vsp": [173.70183069887074, 307.42310091323935, 18.22669510590249]}, "datetime": {"datetime": "2025-08-12 10:04:36", "elapsed": 63555.564219236374, "delta": 35.34838914871216}, "costs": {"total_cost": 474.0477243877926, "time_cost": 103.607, "final_distance_cost": 1.7830965069285614, "oscillation_cost": 262.36228583410735, "completition_cost": 0.0, "overshoot_cost": 53.90970467523338, "power_cost": 27.174164709472656, "noise_cost": 25.21147266205059, "n_waypoints_completed": 9, "tot_waypoints": 9}}
{"target": -710.9483813742365, "params": {"k_pid_pos": [1.2385147013087383, 0.5761849959281907, 0.8056575004934967], "k_pid_alt": [0.2977620249642938, 0.2753405077260933, 0.0872567106046076], "k_pid_att": [24.928447344888205, 4.8143902721114165, 0.022353725433270633], "k_pid_yaw": [0.5, 1e-06, 0.1], "k_pid_hsp": [3.8969203271169324, 0.5043567971462649, 0.07104450538912188], "k_pid_vsp": [81.63306208733592, 220.29699364834408, 40.29261830836212]}, "datetime": {"datetime": "2025-08-12 10:05:13", "elapsed": 63592.564885139465, "delta": 37.00066590309143}, "costs": {"total_cost": 710.9483813742365, "time_cost": 107.59700000000001, "final_distance_cost": 1.74179854014505, "oscillation_cost": 485.84249872443047, "completition_cost": 0.0, "overshoot_cost": 58.53026513343457, "power_cost": 30.331938488769534, "noise_cost": 26.904880487456953, "n_waypoints_completed": 9, "tot_waypoints": 9}}
{"target": -1787.087300121569, "params": {"k_pid_pos": [0.0001, 0.0, 0.0], "k_pid_alt": [2.0, 1.0, 0.0], "k_pid_att": [32.65521058078069, 5.9750302129951764, 1.0], "k_pid_yaw": [0.5, 1e-06, 0.1], "k_pid_hsp": [10.0, 0.0, 1.0], "k_pid_vsp": [27.94812481201817, 396.1779723688714, 59.12684438009122]}, "datetime": {"datetime": "2025-08-12 10:06:03", "elapsed": 63642.8907623291, "delta": 50.32587718963623}, "costs": {"total_cost": 1787.087300121569, "time_cost": 150, "final_distance_cost": 46.230250710543054, "oscillation_cost": 491.7952689193611, "completition_cost": 1000.0, "overshoot_cost": 39.65792995448472, "power_cost": 32.644070239257815, "noise_cost": 26.759780297922266, "n_waypoints_completed": 0, "tot_waypoints": 9}}
{"target": -520.4712615745657, "params": {"k_pid_pos": [0.49667879521748254, 0.5589304802246023, 0.7519861667434421], "k_pid_alt": [1.8679474345227798, 0.7415523586888092, 0.5753688341836491], "k_pid_att": [54.254428063743354, 7.41829703104522, 0.6319360867369923], "k_pid_yaw": [0.5, 1e-06, 0.1], "k_pid_hsp": [1.85436159660014, 0.961462719118343, 0.1935777199038352], "k_pid_vsp": [225.9015138604003, 89.41015505797694, 36.855610674922524]}, "datetime": {"datetime": "2025-08-12 10:06:39", "elapsed": 63678.587639570236, "delta": 35.696877241134644}, "costs": {"total_cost": 520.4712615745657, "time_cost": 98.343, "final_distance_cost": 1.7361870016533467, "oscillation_cost": 310.655407284301, "completition_cost": 0.0, "overshoot_cost": 57.68357629907743, "power_cost": 27.765467224121096, "noise_cost": 24.28762376541274, "n_waypoints_completed": 9, "tot_waypoints": 9}}
{"target": -289.1531935049069, "params": {"k_pid_pos": [0.8494822633516451, 0.4311170266821216, 0.5136914884949499], "k_pid_alt": [0.7129268027785052, 0.21101777264033417, 0.9861381257770695], "k_pid_att": [2.289598113553537, 0.30046399779114685, 0.5100489723396171], "k_pid_yaw": [0.5, 1e-06, 0.1], "k_pid_hsp": [4.689477032903083, 0.40421134677544435, 0.22001387667296346], "k_pid_vsp": [87.35589214979673, 185.05501817229674, 47.523555914257045]}, "datetime": {"datetime": "2025-08-12 10:07:11", "elapsed": 63710.916568279266, "delta": 32.32892870903015}, "costs": {"total_cost": 289.1531935049069, "time_cost": 90.363, "final_distance_cost": 1.7751635081685235, "oscillation_cost": 97.09012063284564, "completition_cost": 0.0, "overshoot_cost": 55.16033414214844, "power_cost": 23.384420715332034, "noise_cost": 21.380154506412236, "n_waypoints_completed": 9, "tot_waypoints": 9}}
{"target": -555.5704628293933, "params": {"k_pid_pos": [0.19487969951456435, 0.16492313598479746, 0.07031902340663243], "k_pid_alt": [1.9973858120358625, 0.9221443497430605, 0.3116805056743577], "k_pid_att": [4.577616159773845, 5.273328961807971, 0.09107381086406663], "k_pid_yaw": [0.5, 1e-06, 0.1], "k_pid_hsp": [3.8154223071167195, 0.057744545340315256, 0.07694467654775605], "k_pid_vsp": [285.2160276819599, 349.012922960946, 24.30603828559898]}, "datetime": {"datetime": "2025-08-12 10:07:51", "elapsed": 63750.90911078453, "delta": 39.99254250526428}, "costs": {"total_cost": 555.5704628293933, "time_cost": 150, "final_distance_cost": 15.9774168283901, "oscillation_cost": 160.28406643821214, "completition_cost": 111.11111111111116, "overshoot_cost": 59.70053692623362, "power_cost": 29.861712341308596, "noise_cost": 28.635619184137685, "n_waypoints_completed": 8, "tot_waypoints": 9}}
{"target": -406.3941059590933, "params": {"k_pid_pos": [1.815921699137156, 0.5796948116037692, 0.7830557775721135], "k_pid_alt": [0.48698286712247607, 0.40754048596537185, 0.9070322878457064], "k_pid_att": [8.492929873208787, 1.377969037810123, 0.24052963413268436], "k_pid_yaw": [0.5, 1e-06, 0.1], "k_pid_hsp": [9.39286456978658, 0.7901484567589369, 0.4543809936148916], "k_pid_vsp": [189.03118695135578, 329.1805069816282, 13.9440058863719]}, "datetime": {"datetime": "2025-08-12 10:08:32", "elapsed": 63791.843662023544, "delta": 40.93455123901367}, "costs": {"total_cost": 406.3941059590933, "time_cost": 93.59700000000001, "final_distance_cost": 1.7863490310519707, "oscillation_cost": 208.32010362335672, "completition_cost": 0.0, "overshoot_cost": 54.2139836462963, "power_cost": 24.814189025878907, "noise_cost": 23.66248063250933, "n_waypoints_completed": 9, "tot_waypoints": 9}}
{"target": -1226.2908426528372, "params": {"k_pid_pos": [0.14997353231217692, 0.9702469586702251, 0.3850331845209132], "k_pid_alt": [0.3803785924492906, 0.15284911848125005, 0.5030112661990437], "k_pid_att": [76.19001676082017, 6.04583018952895, 0.8823273409036076], "k_pid_yaw": [0.5, 1e-06, 0.1], "k_pid_hsp": [7.427504535131178, 0.5468692898532862, 0.869281640435763], "k_pid_vsp": [242.07297694044613, 344.9020746194534, 266.2941591075566]}, "datetime": {"datetime": "2025-08-12 10:09:15", "elapsed": 63834.99350953102, "delta": 43.14984750747681}, "costs": {"total_cost": 1226.2908426528372, "time_cost": 150, "final_distance_cost": 55.67711254317339, "oscillation_cost": 222.27665006918522, "completition_cost": 666.6666666666667, "overshoot_cost": 66.02514411994751, "power_cost": 36.85569825439453, "noise_cost": 28.789570999469895, "n_waypoints_completed": 3, "tot_waypoints": 9}}
{"target": -1184.551384757875, "params": {"k_pid_pos": [0.2546442759710104, 0.4850928823711096, 0.5881192911677491], "k_pid_alt": [0.042358386954290284, 0.13806189741543917, 0.9951901720299653], "k_pid_att": [17.412225637901756, 2.981679690087848, 0.9101653777653], "k_pid_yaw": [0.5, 1e-06, 0.1], "k_pid_hsp": [8.847450533303459, 0.13441002382975498, 0.519863935174545], "k_pid_vsp": [182.22970981205427, 173.0063086687541, 19.83902478528689]}, "datetime": {"datetime": "2025-08-12 10:09:55", "elapsed": 63874.83968925476, "delta": 39.846179723739624}, "costs": {"total_cost": 1184.551384757875, "time_cost": 150, "final_distance_cost": 47.621167725398564, "oscillation_cost": 322.56713976286034, "completition_cost": 555.5555555555555, "overshoot_cost": 50.87507776526787, "power_cost": 29.546332934570312, "noise_cost": 28.386111014222152, "n_waypoints_completed": 4, "tot_waypoints": 9}}
{"target": -767.752080035616, "params": {"k_pid_pos": [0.8408989298181286, 0.5847093509819907, 0.08486602656873043], "k_pid_alt": [1.1167500180159773, 0.0857649901969012, 0.6521880292609092], "k_pid_att": [13.77891513617342, 2.4302077147762304, 0.5486424228327278], "k_pid_yaw": [0.5, 1e-06, 0.1], "k_pid_hsp": [2.3641914356963403, 0.11823754854342106, 0.7641808524230346], "k_pid_vsp": [273.0782503796083, 367.0193434265545, 32.574768281021555]}, "datetime": {"datetime": "2025-08-12 10:10:40", "elapsed": 63919.42105293274, "delta": 44.581363677978516}, "costs": {"total_cost": 767.752080035616, "time_cost": 150, "final_distance_cost": 67.5818752598856, "oscillation_cost": 217.00573575002508, "completition_cost": 222.2222222222222, "overshoot_cost": 48.44230966544529, "power_cost": 33.47808336181641, "noise_cost": 29.021853776221484, "n_waypoints_completed": 7, "tot_waypoints": 9}}
{"target": -1342.1718071185742, "params": {"k_pid_pos": [0.023127991712291122, 0.6344527332054979, 0.9337919352668786], "k_pid_alt": [0.9897352502407046, 0.7465786190495179, 0.37116676790364556], "k_pid_att": [5.821353230254623, 2.8378071600545374, 0.6090521138282841], "k_pid_yaw": [0.5, 1e-06, 0.1], "k_pid_hsp": [6.785801616259855, 0.08784340894471288, 0.4994375591002562], "k_pid_vsp": [92.85933337291002, 182.93082701700484, 36.321833682015274]}, "datetime": {"datetime": "2025-08-12 10:11:26", "elapsed": 63966.03903222084, "delta": 46.617979288101196}, "costs": {"total_cost": 1342.1718071185742, "time_cost": 150, "final_distance_cost": 68.891236933924, "oscillation_cost": 143.84655343474336, "completition_cost": 888.8888888888888, "overshoot_cost": 33.73729294088879, "power_cost": 30.28744862060547, "noise_cost": 26.52038629952362, "n_waypoints_completed": 1, "tot_waypoints": 9}}
{"target": -252.62766642094837, "params": {"k_pid_pos": [1.6256987904976685, 0.6112480715712594, 0.08163184374665566], "k_pid_alt": [1.0502445046410909, 0.0, 0.6587776997855483], "k_pid_att": [9.919013708061454, 6.068545837177261, 0.5914437745969346], "k_pid_yaw": [0.5, 1e-06, 0.1], "k_pid_hsp": [3.464282348081046, 1.0, 0.05402662303957228], "k_pid_vsp": [239.50905685032413, 260.3613274940216, 19.462683149281105]}, "datetime": {"datetime": "2025-08-12 10:11:58", "elapsed": 63997.93241810799, "delta": 31.893385887145996}, "costs": {"total_cost": 252.62766642094837, "time_cost": 81.697, "final_distance_cost": 1.838416000838982, "oscillation_cost": 73.27888366622172, "completition_cost": 0.0, "overshoot_cost": 50.747921516763654, "power_cost": 23.31559581298828, "noise_cost": 21.74984942413572, "n_waypoints_completed": 9, "tot_waypoints": 9}}
{"target": -399.3495919584894, "params": {"k_pid_pos": [1.8250607281121316, 0.0, 1.0], "k_pid_alt": [2.0, 0.0, 0.4734183543255901], "k_pid_att": [31.969734167279835, 1.8449825839934522, 1.0], "k_pid_yaw": [0.5, 1e-06, 0.1], "k_pid_hsp": [7.128531380903014, 0.10914414869363906, 0.8429954149055215], "k_pid_vsp": [281.35285960945157, 345.01558600489415, 25.833019645909935]}, "datetime": {"datetime": "2025-08-12 10:12:29", "elapsed": 64028.6495013237, "delta": 30.7170832157135}, "costs": {"total_cost": 399.3495919584894, "time_cost": 74.053, "final_distance_cost": 1.793259470103724, "oscillation_cost": 230.69938838448348, "completition_cost": 0.0, "overshoot_cost": 51.79423102044069, "power_cost": 21.50270693359375, "noise_cost": 19.507006149867767, "n_waypoints_completed": 9, "tot_waypoints": 9}}
{"target": -735.9527924350207, "params": {"k_pid_pos": [1.7163455490163209, 0.5428753053597939, 0.9006143295237671], "k_pid_alt": [1.3198987918453289, 0.8840249628878054, 0.7106920688948763], "k_pid_att": [87.17353846115348, 4.311177822865986, 0.9407598509256517], "k_pid_yaw": [0.5, 1e-06, 0.1], "k_pid_hsp": [7.626542604576834, 0.06515196928512224, 0.41559507447965105], "k_pid_vsp": [288.1982320858407, 296.988278722987, 367.6707448870952]}, "datetime": {"datetime": "2025-08-12 10:13:07", "elapsed": 64066.447565078735, "delta": 37.7980637550354}, "costs": {"total_cost": 735.9527924350207, "time_cost": 116.753, "final_distance_cost": 1.7848074508896936, "oscillation_cost": 484.99697702483957, "completition_cost": 0.0, "overshoot_cost": 69.43196352554423, "power_cost": 34.83622277832031, "noise_cost": 28.14982165542683, "n_waypoints_completed": 9, "tot_waypoints": 9}}
{"target": -447.5440583423052, "params": {"k_pid_pos": [1.3687879845977566, 0.6608695380263504, 0.15763245872465925], "k_pid_alt": [0.8309005232441651, 0.8489786806434546, 0.07942483316297821], "k_pid_att": [10.14696601798346, 4.033212345751797, 0.06976591668346199], "k_pid_yaw": [0.5, 1e-06, 0.1], "k_pid_hsp": [1.888157377321866, 0.03912541299263128, 0.04195880733742774], "k_pid_vsp": [87.6832639542402, 189.7824715303823, 35.282273782710035]}, "datetime": {"datetime": "2025-08-12 10:13:40", "elapsed": 64100.263169527054, "delta": 33.81560444831848}, "costs": {"total_cost": 447.5440583423052, "time_cost": 107.072, "final_distance_cost": 1.764507125346368, "oscillation_cost": 222.02609194888788, "completition_cost": 0.0, "overshoot_cost": 59.77413608806838, "power_cost": 28.584727258300784, "noise_cost": 28.32259592170183, "n_waypoints_completed": 9, "tot_waypoints": 9}}
{"target": -1580.722393589145, "params": {"k_pid_pos": [0.09147158300261381, 0.8882577117767972, 0.670853214272833], "k_pid_alt": [0.05516054062100362, 0.9485211335417056, 0.8191114221494589], "k_pid_att": [42.68110879971738, 5.650403128147289, 0.6378539169170893], "k_pid_yaw": [0.5, 1e-06, 0.1], "k_pid_hsp": [4.335912940436237, 0.32816538343273016, 0.6341293788621928], "k_pid_vsp": [334.07474785183797, 291.8765930224757, 231.32948261490688]}, "datetime": {"datetime": "2025-08-12 10:14:20", "elapsed": 64139.514684438705, "delta": 39.25151491165161}, "costs": {"total_cost": 1580.722393589145, "time_cost": 150, "final_distance_cost": 29.430503506687646, "oscillation_cost": 288.83902079871046, "completition_cost": 1000.0, "overshoot_cost": 48.38926720794952, "power_cost": 35.697595593261724, "noise_cost": 28.36600648253562, "n_waypoints_completed": 0, "tot_waypoints": 9}}
{"target": -1217.3842784045555, "params": {"k_pid_pos": [0.28050293050154157, 0.8176594010537805, 0.50769974346612], "k_pid_alt": [0.27586483349739854, 0.7747474645537828, 0.5535015483198158], "k_pid_att": [7.718318817379166, 7.159168897597936, 0.7000799529805457], "k_pid_yaw": [0.5, 1e-06, 0.1], "k_pid_hsp": [0.5324712607387652, 0.7111868784371238, 0.9263993966062098], "k_pid_vsp": [236.23988589089834, 276.4997528693653, 41.36787247640363]}, "datetime": {"datetime": "2025-08-12 10:15:07", "elapsed": 64187.199115514755, "delta": 47.684431076049805}, "costs": {"total_cost": 1217.3842784045555, "time_cost": 150, "final_distance_cost": 56.26148511352356, "oscillation_cost": 198.6702078486084, "completition_cost": 666.6666666666667, "overshoot_cost": 84.89048510083894, "power_cost": 32.6397033203125, "noise_cost": 28.255730354605255, "n_waypoints_completed": 3, "tot_waypoints": 9}}
{"target": -517.9041425045938, "params": {"k_pid_pos": [1.5481051680693028, 0.4513275072448386, 0.7508872374043719], "k_pid_alt": [0.11796270163207945, 0.903392262616365, 0.07571862782875238], "k_pid_att": [16.12727915089227, 6.68380634009103, 0.6784841872504032], "k_pid_yaw": [0.5, 1e-06, 0.1], "k_pid_hsp": [8.187584060458445, 0.2836841038625102, 0.3615249533188858], "k_pid_vsp": [189.69586938258024, 322.70617199261017, 13.828934174519931]}, "datetime": {"datetime": "2025-08-12 10:15:42", "elapsed": 64221.705134153366, "delta": 34.50601863861084}, "costs": {"total_cost": 517.9041425045938, "time_cost": 111.49600000000001, "final_distance_cost": 1.77190884444768, "oscillation_cost": 282.16027066912216, "completition_cost": 0.0, "overshoot_cost": 64.93494398592976, "power_cost": 29.992883630371097, "noise_cost": 27.548135374723078, "n_waypoints_completed": 9, "tot_waypoints": 9}}
{"target": -1141.2777289253368, "params": {"k_pid_pos": [0.2813659513976821, 0.3650454388320573, 0.5270830962592314], "k_pid_alt": [1.4825399732693842, 0.24864792372486588, 0.6568676143155198], "k_pid_att": [35.53517387110641, 3.6467232370384157, 0.33054473534645346], "k_pid_yaw": [0.5, 1e-06, 0.1], "k_pid_hsp": [5.975900663665742, 0.4368044476267262, 0.7952170119543432], "k_pid_vsp": [339.9442515057778, 299.278865345583, 227.27701290573268]}, "datetime": {"datetime": "2025-08-12 10:16:21", "elapsed": 64260.45201635361, "delta": 38.74688220024109}, "costs": {"total_cost": 1141.2777289253368, "time_cost": 150, "final_distance_cost": 75.33648497521642, "oscillation_cost": 471.66671037002743, "completition_cost": 333.33333333333337, "overshoot_cost": 48.49892347397913, "power_cost": 33.869163110351565, "noise_cost": 28.573113662428838, "n_waypoints_completed": 6, "tot_waypoints": 9}}
{"target": -1077.0595240661705, "params": {"k_pid_pos": [0.24203249846380392, 0.8004671746436836, 0.5897252977797697], "k_pid_alt": [1.6016437137832742, 0.9581772545366599, 0.9419727085844631], "k_pid_att": [47.6139856745223, 8.992026655407082, 0.10375282722674084], "k_pid_yaw": [0.5, 1e-06, 0.1], "k_pid_hsp": [6.34718496511, 0.11279728083475049, 0.7510449192655013], "k_pid_vsp": [239.4531670254466, 77.59735410523538, 158.8059049063494]}, "datetime": {"datetime": "2025-08-12 10:17:13", "elapsed": 64312.80568408966, "delta": 52.35366773605347}, "costs": {"total_cost": 1077.0595240661705, "time_cost": 150, "final_distance_cost": 65.03616025470356, "oscillation_cost": 401.4652163310376, "completition_cost": 333.33333333333337, "overshoot_cost": 62.379632806012026, "power_cost": 36.3350224975586, "noise_cost": 28.51015884352544, "n_waypoints_completed": 6, "tot_waypoints": 9}}
{"target": -386.3504927322428, "params": {"k_pid_pos": [1.529830178515542, 0.7683654530764369, 0.9019577026444636], "k_pid_alt": [1.4539560350074712, 0.8827478988944136, 0.5442856146814079], "k_pid_att": [10.06724989400215, 6.70563259846244, 0.4956626955934884], "k_pid_yaw": [0.5, 1e-06, 0.1], "k_pid_hsp": [4.6065158655145595, 0.2857289781231027, 0.5445641625019179], "k_pid_vsp": [239.40060991713975, 265.22584932832314, 26.303182049158277]}, "datetime": {"datetime": "2025-08-12 10:17:53", "elapsed": 64352.47858595848, "delta": 39.67290186882019}, "costs": {"total_cost": 386.3504927322428, "time_cost": 83.083, "final_distance_cost": 1.789567426864509, "oscillation_cost": 205.67488942746957, "completition_cost": 0.0, "overshoot_cost": 52.9617675222826, "power_cost": 22.27774473876953, "noise_cost": 20.56352361685665, "n_waypoints_completed": 9, "tot_waypoints": 9}}
{"target": -634.6848961391242, "params": {"k_pid_pos": [1.974963045813276, 0.08692103880861413, 0.12772139180025266], "k_pid_alt": [0.5247362475136224, 0.7495625102030192, 0.04240319060986508], "k_pid_att": [47.694241245390614, 7.944746118849033, 0.016200618817420076], "k_pid_yaw": [0.5, 1e-06, 0.1], "k_pid_hsp": [9.720735719598105, 0.9224902995634339, 0.9614562381388019], "k_pid_vsp": [211.41666085263356, 226.5993382372414, 114.07598031119474]}, "datetime": {"datetime": "2025-08-12 10:18:38", "elapsed": 64397.453817367554, "delta": 44.975231409072876}, "costs": {"total_cost": 634.6848961391242, "time_cost": 114.52, "final_distance_cost": 1.781669346834969, "oscillation_cost": 387.41542942009886, "completition_cost": 0.0, "overshoot_cost": 68.9289699437881, "power_cost": 34.32224389648437, "noise_cost": 27.716583531917998, "n_waypoints_completed": 9, "tot_waypoints": 9}}
{"target": -1045.1070760996085, "params": {"k_pid_pos": [1.6221305540920101, 0.32761204370264985, 0.41588865348287174], "k_pid_alt": [0.1746897201864024, 0.47384489991629775, 0.6978565191948239], "k_pid_att": [12.206695755681608, 0.20562465584072406, 0.46437240615680153], "k_pid_yaw": [0.5, 1e-06, 0.1], "k_pid_hsp": [1.5425572190208716, 0.21644180132296797, 0.49704546392535454], "k_pid_vsp": [81.4329519240442, 189.393104414446, 35.83601090445825]}, "datetime": {"datetime": "2025-08-12 10:19:23", "elapsed": 64443.07132291794, "delta": 45.61750555038452}, "costs": {"total_cost": 1045.1070760996085, "time_cost": 150, "final_distance_cost": 49.30880514990341, "oscillation_cost": 287.3727724686734, "completition_cost": 444.4444444444444, "overshoot_cost": 51.64328259656092, "power_cost": 31.617271862792972, "noise_cost": 30.720499577233333, "n_waypoints_completed": 5, "tot_waypoints": 9}}
{"target": -416.5439414774065, "params": {"k_pid_pos": [0.78593699501954, 0.3207252182013025, 0.5937187366787997], "k_pid_alt": [0.6560022621652553, 0.8241112898431124, 0.2345716941834468], "k_pid_att": [6.821224017773886, 3.4670341104723534, 0.8968180279759781], "k_pid_yaw": [0.5, 1e-06, 0.1], "k_pid_hsp": [2.8232346149703864, 0.6891302586716591, 0.5360242138393985], "k_pid_vsp": [81.23292716302007, 184.32967549727852, 45.826566185879116]}, "datetime": {"datetime": "2025-08-12 10:20:02", "elapsed": 64481.985604047775, "delta": 38.914281129837036}, "costs": {"total_cost": 416.5439414774065, "time_cost": 112.994, "final_distance_cost": 1.7737017716583707, "oscillation_cost": 180.78042644924403, "completition_cost": 0.0, "overshoot_cost": 63.85938044787704, "power_cost": 29.362248376464844, "noise_cost": 27.77418443216223, "n_waypoints_completed": 9, "tot_waypoints": 9}}
{"target": -949.4738209807855, "params": {"k_pid_pos": [0.6851809952285594, 0.4964203194986617, 0.4259965284424262], "k_pid_alt": [0.3330243391916141, 0.6521147388932943, 0.5799526508345361], "k_pid_att": [14.653329268827854, 2.92672522582637, 0.24489816755045057], "k_pid_yaw": [0.5, 1e-06, 0.1], "k_pid_hsp": [8.15111119902469, 0.2580715679470523, 0.8833801352890226], "k_pid_vsp": [80.62006783005633, 220.4779553397376, 35.83125559222745]}, "datetime": {"datetime": "2025-08-12 10:20:45", "elapsed": 64524.69830870628, "delta": 42.7127046585083}, "costs": {"total_cost": 949.4738209807855, "time_cost": 150, "final_distance_cost": 69.20712091346141, "oscillation_cost": 393.73206286829884, "completition_cost": 222.2222222222222, "overshoot_cost": 54.78540407331326, "power_cost": 30.07548037109375, "noise_cost": 29.45153053239623, "n_waypoints_completed": 7, "tot_waypoints": 9}}
