{"target": -374.7572357252111, "params": {"k_pid_pos": [1.6454585956372654, 0.1807281094554537, 0.0], "k_pid_alt": [2.0, 1.0, 0.469285372786825], "k_pid_att": [47.46952500277683, 2.9599910751327787, 1.0], "k_pid_yaw": [0.5, 1e-06, 0.1], "k_pid_hsp": [4.747099975934765, 0.6118181623166595, 0.20364663662557606], "k_pid_vsp": [124.61341576408535, 101.00413519211497, 54.09464694818863]}, "datetime": {"datetime": "2025-08-12 01:59:35", "elapsed": 34455.05750799179, "delta": 29.73565649986267}, "costs": {"total_cost": 374.7572357252111, "time_cost": 92.169, "final_distance_cost": 1.7499326278849046, "oscillation_cost": 174.78463159853402, "completition_cost": 0.0, "overshoot_cost": 55.374029347622695, "power_cost": 27.10970994873047, "noise_cost": 23.569932202439002, "n_waypoints_completed": 9, "tot_waypoints": 9}}
{"target": -562.3493930639688, "params": {"k_pid_pos": [0.1827441254801997, 0.3253954927605892, 0.19056849684137545], "k_pid_alt": [1.6805834612263868, 0.7268072736850753, 0.4989707560708303], "k_pid_att": [7.133599755447417, 1.7653256243907334, 0.9959448309369582], "k_pid_yaw": [0.5, 1e-06, 0.1], "k_pid_hsp": [3.3350265919776105, 0.425700848343155, 0.4336194107738508], "k_pid_vsp": [286.7202313791461, 339.4713685671351, 147.0224538631396]}, "datetime": {"datetime": "2025-08-12 02:00:09", "elapsed": 34489.21954154968, "delta": 34.162033557891846}, "costs": {"total_cost": 562.3493930639688, "time_cost": 150, "final_distance_cost": 57.85346053441171, "oscillation_cost": 127.59227354958588, "completition_cost": 111.11111111111116, "overshoot_cost": 58.04142226525431, "power_cost": 31.14130301513672, "noise_cost": 26.609822588468944, "n_waypoints_completed": 8, "tot_waypoints": 9}}
{"target": -437.24588827265046, "params": {"k_pid_pos": [0.5379263488094878, 0.5271834516203147, 0.5952312692895324], "k_pid_alt": [1.7414424326112465, 0.4868150731105476, 0.9891999276287465], "k_pid_att": [45.73747121014797, 3.5379567565241055, 0.9190769232433927], "k_pid_yaw": [0.5, 1e-06, 0.1], "k_pid_hsp": [6.219323954365375, 0.8883378803031586, 0.05974957512249446], "k_pid_vsp": [189.22191958619075, 307.23868770253966, 142.27328832205473]}, "datetime": {"datetime": "2025-08-12 02:00:41", "elapsed": 34520.73006153107, "delta": 31.510519981384277}, "costs": {"total_cost": 437.24588827265046, "time_cost": 106.93900000000001, "final_distance_cost": 1.768225956838922, "oscillation_cost": 217.64773544079594, "completition_cost": 0.0, "overshoot_cost": 55.972515716557545, "power_cost": 29.50383983154297, "noise_cost": 25.414571326915123, "n_waypoints_completed": 9, "tot_waypoints": 9}}
{"target": -640.7065473773819, "params": {"k_pid_pos": [1.3097446935334698, 0.6250192424089019, 0.28302693462597917], "k_pid_alt": [1.0087178860268915, 0.3426944400006894, 0.9297234645651299], "k_pid_att": [10.382800856963147, 1.7240941608378608, 0.2999857823710399], "k_pid_yaw": [0.5, 1e-06, 0.1], "k_pid_hsp": [4.794053806885771, 0.5513815142915868, 0.17186996055408632], "k_pid_vsp": [71.2842543954697, 348.8137695490519, 139.66755623590512]}, "datetime": {"datetime": "2025-08-12 02:01:18", "elapsed": 34558.31532931328, "delta": 37.585267782211304}, "costs": {"total_cost": 640.7065473773819, "time_cost": 150, "final_distance_cost": 52.25319014186061, "oscillation_cost": 193.22053398137317, "completition_cost": 111.11111111111116, "overshoot_cost": 77.21773070619378, "power_cost": 27.241461865234378, "noise_cost": 29.6625195716089, "n_waypoints_completed": 8, "tot_waypoints": 9}}
{"target": -3713.3405013242323, "params": {"k_pid_pos": [1.021135392928536, 0.54788310594113, 0.7081029109346435], "k_pid_alt": [0.18584610605871021, 0.637842388319493, 0.030631423003145697], "k_pid_att": [0.36359083791497326, 4.190376049642348, 0.44943768395732475], "k_pid_yaw": [0.5, 1e-06, 0.1], "k_pid_hsp": [4.183669611034479, 0.6772995062058664, 0.8100664855977321], "k_pid_vsp": [284.809682709225, 341.9834599508104, 147.51297220574054]}, "datetime": {"datetime": "2025-08-12 02:01:55", "elapsed": 34595.30363583565, "delta": 36.988306522369385}, "costs": {"total_cost": 3713.3405013242323, "time_cost": 150, "final_distance_cost": 456.651229534583, "oscillation_cost": 872.723795908663, "completition_cost": 1000.0, "overshoot_cost": 1025.1618459086505, "power_cost": 53.96446896972657, "noise_cost": 154.8391610026092, "n_waypoints_completed": 0, "tot_waypoints": 9}}
{"target": -1026.5372776622264, "params": {"k_pid_pos": [0.8506652881803227, 0.19811405702968965, 0.27470372696672174], "k_pid_alt": [0.9834761379169783, 0.5364459420993697, 0.6880243316197113], "k_pid_att": [21.92779627306114, 4.258360560722297, 0.5709856820149203], "k_pid_yaw": [0.5, 1e-06, 0.1], "k_pid_hsp": [1.0667948012511377, 0.400699981483151, 0.814319394963111], "k_pid_vsp": [76.03389172619366, 218.64414180117416, 31.89646733072221]}, "datetime": {"datetime": "2025-08-12 02:02:30", "elapsed": 34629.842797756195, "delta": 34.539161920547485}, "costs": {"total_cost": 1026.5372776622264, "time_cost": 150, "final_distance_cost": 65.96757722940247, "oscillation_cost": 474.99310428858576, "completition_cost": 222.2222222222222, "overshoot_cost": 52.71487406962765, "power_cost": 31.46977900390625, "noise_cost": 29.16972084848208, "n_waypoints_completed": 7, "tot_waypoints": 9}}
{"target": -399.40205281142573, "params": {"k_pid_pos": [1.4667209476209897, 0.7360555740141211, 0.07447031788992231], "k_pid_alt": [1.330606040396298, 0.5563589964765668, 0.04293145179425484], "k_pid_att": [13.429077090454467, 3.559807312059589, 0.5324872715748149], "k_pid_yaw": [0.5, 1e-06, 0.1], "k_pid_hsp": [5.899196364958582, 0.4057393645866296, 0.27927071659348024], "k_pid_vsp": [299.70762988991015, 311.9354042443544, 167.71338780330314]}, "datetime": {"datetime": "2025-08-12 02:03:00", "elapsed": 34659.94468045235, "delta": 30.101882696151733}, "costs": {"total_cost": 399.40205281142573, "time_cost": 101.955, "final_distance_cost": 1.7609213714323473, "oscillation_cost": 175.7917459464625, "completition_cost": 0.0, "overshoot_cost": 63.659238889887924, "power_cost": 29.331929516601566, "noise_cost": 26.90321708704138, "n_waypoints_completed": 9, "tot_waypoints": 9}}
{"target": -541.4190947683841, "params": {"k_pid_pos": [1.5461406792675423, 0.4684597644230323, 0.6331389236862195], "k_pid_alt": [1.8282497986982864, 0.5979321540297815, 0.23378020681871037], "k_pid_att": [51.67056329416029, 6.358884711340487, 0.8545317387804114], "k_pid_yaw": [0.5, 1e-06, 0.1], "k_pid_hsp": [4.104500527062459, 0.556161216525936, 0.2753495491978104], "k_pid_vsp": [221.4715862631344, 97.56844929029319, 39.55506494643388]}, "datetime": {"datetime": "2025-08-12 02:03:30", "elapsed": 34690.00507903099, "delta": 30.0603985786438}, "costs": {"total_cost": 541.4190947683841, "time_cost": 102.718, "final_distance_cost": 1.7611725571068528, "oscillation_cost": 327.9747419588391, "completition_cost": 0.0, "overshoot_cost": 54.850798037557034, "power_cost": 28.8104283203125, "noise_cost": 25.30395389456857, "n_waypoints_completed": 9, "tot_waypoints": 9}}
{"target": -305.09489048166057, "params": {"k_pid_pos": [2.0, 1.0, 0.0], "k_pid_alt": [2.0, 1.0, 1.0], "k_pid_att": [27.42552055052354, 5.892680893807243, 1.0], "k_pid_yaw": [0.5, 1e-06, 0.1], "k_pid_hsp": [10.0, 0.0, 0.0], "k_pid_vsp": [222.14684434161552, 277.7406177515553, 63.5034557413655]}, "datetime": {"datetime": "2025-08-12 02:04:03", "elapsed": 34723.16167092323, "delta": 33.15659189224243}, "costs": {"total_cost": 305.09489048166057, "time_cost": 111.377, "final_distance_cost": 1.8210280445678197, "oscillation_cost": 68.23423522170404, "completition_cost": 0.0, "overshoot_cost": 64.445628028269, "power_cost": 30.852052770996096, "noise_cost": 28.36494641612359, "n_waypoints_completed": 9, "tot_waypoints": 9}}
{"target": -632.3349803317827, "params": {"k_pid_pos": [2.0, 0.0, 1.0], "k_pid_alt": [0.0, 0.7336284668545549, 0.0], "k_pid_att": [35.0339142329893, 1.7013519198234384, 0.05411395988118732], "k_pid_yaw": [0.5, 1e-06, 0.1], "k_pid_hsp": [4.6278952678719, 0.6566050175510162, 0.4593322135028895], "k_pid_vsp": [199.43323628146837, 244.71636801140366, 120.69986884437611]}, "datetime": {"datetime": "2025-08-12 02:04:34", "elapsed": 34753.380721092224, "delta": 30.21905016899109}, "costs": {"total_cost": 632.3349803317827, "time_cost": 99.414, "final_distance_cost": 1.7569252349700235, "oscillation_cost": 407.06241324832325, "completition_cost": 0.0, "overshoot_cost": 70.9707117892919, "power_cost": 28.389472802734378, "noise_cost": 24.741457256463185, "n_waypoints_completed": 9, "tot_waypoints": 9}}
{"target": -423.1918048383333, "params": {"k_pid_pos": [1.2928162072550329, 0.9521454913891029, 0.24370328057107704], "k_pid_alt": [1.4257403354884601, 0.5593821381329122, 0.2800477746829457], "k_pid_att": [9.756670659333277, 6.319581062340609, 0.5845697383977653], "k_pid_yaw": [0.5, 1e-06, 0.1], "k_pid_hsp": [3.396611124714599, 0.06852387028587437, 0.7272381841452717], "k_pid_vsp": [186.91090268601616, 321.0635559786706, 7.092993829442801]}, "datetime": {"datetime": "2025-08-12 02:05:08", "elapsed": 34787.82395029068, "delta": 34.44322919845581}, "costs": {"total_cost": 423.1918048383333, "time_cost": 114.45, "final_distance_cost": 1.7559006203540253, "oscillation_cost": 181.2854717117268, "completition_cost": 0.0, "overshoot_cost": 65.248390010411, "power_cost": 28.192992016601565, "noise_cost": 32.25905047923987, "n_waypoints_completed": 9, "tot_waypoints": 9}}
{"target": -836.3466132491468, "params": {"k_pid_pos": [0.24751898583099785, 0.30056867535897835, 0.431916883103569], "k_pid_alt": [1.430614337770094, 0.9204366551146232, 0.12594403966041023], "k_pid_att": [8.272459414751154, 7.068100684151084, 0.37165127399842557], "k_pid_yaw": [0.5, 1e-06, 0.1], "k_pid_hsp": [4.320432374854691, 0.7691113248744657, 0.7297211298493111], "k_pid_vsp": [177.72181209355375, 317.738608096902, 11.77982010855093]}, "datetime": {"datetime": "2025-08-12 02:05:42", "elapsed": 34821.84640598297, "delta": 34.02245569229126}, "costs": {"total_cost": 836.3466132491468, "time_cost": 150, "final_distance_cost": 69.10686832413256, "oscillation_cost": 286.22790191263533, "completition_cost": 222.2222222222222, "overshoot_cost": 51.06250476849602, "power_cost": 30.20180172119141, "noise_cost": 27.52531430046934, "n_waypoints_completed": 7, "tot_waypoints": 9}}
{"target": -1247.5690520646713, "params": {"k_pid_pos": [0.3961664509595487, 0.8747281835264374, 0.18019363904710262], "k_pid_alt": [0.5987560715757323, 0.9434545984138346, 0.4351302604267271], "k_pid_att": [93.33164118044417, 7.270113082547586, 0.7364611057555784], "k_pid_yaw": [0.5, 1e-06, 0.1], "k_pid_hsp": [8.286738230944714, 0.6248306285239568, 0.8890994729937834], "k_pid_vsp": [170.85185037096403, 121.26688458114916, 23.923779982539145]}, "datetime": {"datetime": "2025-08-12 02:06:17", "elapsed": 34856.85955619812, "delta": 35.013150215148926}, "costs": {"total_cost": 1247.5690520646713, "time_cost": 150, "final_distance_cost": 51.76778990242999, "oscillation_cost": 236.79349557210668, "completition_cost": 666.6666666666667, "overshoot_cost": 72.33179229404686, "power_cost": 37.74544045410156, "noise_cost": 32.263867175319646, "n_waypoints_completed": 3, "tot_waypoints": 9}}
{"target": -436.2999433330064, "params": {"k_pid_pos": [1.1164850020923247, 0.4637975509029705, 0.7208088594733563], "k_pid_alt": [0.09619612556707247, 0.4076403753564207, 0.2595792745515173], "k_pid_att": [5.637371650930579, 6.4508491404626405, 0.4985279718944524], "k_pid_yaw": [0.5, 1e-06, 0.1], "k_pid_hsp": [8.902811822509555, 0.88006596770694, 0.49745069951995846], "k_pid_vsp": [284.8996244100798, 359.98103583098083, 22.068424743373843]}, "datetime": {"datetime": "2025-08-12 02:06:49", "elapsed": 34888.65977311134, "delta": 31.800216913223267}, "costs": {"total_cost": 436.2999433330064, "time_cost": 106.36500000000001, "final_distance_cost": 1.7907525110571216, "oscillation_cost": 213.38708997015192, "completition_cost": 0.0, "overshoot_cost": 61.90223940531385, "power_cost": 27.53333405761719, "noise_cost": 25.32152738886635, "n_waypoints_completed": 9, "tot_waypoints": 9}}
{"target": -411.7545497716623, "params": {"k_pid_pos": [0.8911684912853418, 0.4456837650712233, 0.7573867853493789], "k_pid_alt": [1.0742239446357376, 0.11984302754978549, 0.6962639885126543], "k_pid_att": [3.0367224879803922, 7.498852714570192, 0.38688387773718846], "k_pid_yaw": [0.5, 1e-06, 0.1], "k_pid_hsp": [3.525740540445078, 0.35742393727875055, 0.20206120204260158], "k_pid_vsp": [279.6292828378728, 360.67861449518585, 28.994461383465936]}, "datetime": {"datetime": "2025-08-12 02:07:24", "elapsed": 34924.09019565582, "delta": 35.43042254447937}, "costs": {"total_cost": 411.7545497716623, "time_cost": 119.385, "final_distance_cost": 1.814376630176982, "oscillation_cost": 175.21238396795357, "completition_cost": 0.0, "overshoot_cost": 54.755735676240036, "power_cost": 31.74836871337891, "noise_cost": 28.8386847839128, "n_waypoints_completed": 9, "tot_waypoints": 9}}
{"target": -1532.3965127186468, "params": {"k_pid_pos": [0.0001, 1.0, 1.0], "k_pid_alt": [2.0, 0.0, 0.0], "k_pid_att": [31.716726801457593, 0.0001, 0.0], "k_pid_yaw": [0.5, 1e-06, 0.1], "k_pid_hsp": [6.856182967862269, 0.0, 0.0], "k_pid_vsp": [226.71591972194733, 21.04944279688047, 38.55312453875201]}, "datetime": {"datetime": "2025-08-12 02:08:00", "elapsed": 34959.577625751495, "delta": 35.48743009567261}, "costs": {"total_cost": 1532.3965127186468, "time_cost": 150, "final_distance_cost": 67.40607742288478, "oscillation_cost": 328.8797934234016, "completition_cost": 888.8888888888888, "overshoot_cost": 34.82114569829595, "power_cost": 33.428877648925784, "noise_cost": 28.971729636249833, "n_waypoints_completed": 1, "tot_waypoints": 9}}
{"target": -509.8536049875324, "params": {"k_pid_pos": [0.9585708587695412, 0.0640655783974845, 0.4841578482213055], "k_pid_alt": [1.497051142597045, 0.09117228359269824, 0.9227621605358808], "k_pid_att": [20.150573059582765, 6.892885981288731, 0.10978622001026361], "k_pid_yaw": [0.5, 1e-06, 0.1], "k_pid_hsp": [1.2893376748409924, 0.3779203815961625, 0.09537438464348635], "k_pid_vsp": [80.2901886546278, 209.8272587892569, 36.29305264713314]}, "datetime": {"datetime": "2025-08-12 02:08:27", "elapsed": 34987.06370973587, "delta": 27.486083984375}, "costs": {"total_cost": 509.8536049875324, "time_cost": 89.117, "final_distance_cost": 1.813278158649268, "oscillation_cost": 321.93003117366845, "completition_cost": 0.0, "overshoot_cost": 50.62285217047311, "power_cost": 23.884857556152344, "noise_cost": 22.4855859285892, "n_waypoints_completed": 9, "tot_waypoints": 9}}
{"target": -386.29943515862914, "params": {"k_pid_pos": [0.580309483459599, 0.1668265540276046, 0.047517050518058324], "k_pid_alt": [0.9638484111295011, 0.5263585273671231, 0.36162524274414676], "k_pid_att": [5.899279898810661, 8.706029410292263, 0.8302067076103371], "k_pid_yaw": [0.5, 1e-06, 0.1], "k_pid_hsp": [9.468617323321824, 0.26934676388862755, 0.7510553610175273], "k_pid_vsp": [281.6140597311452, 355.0691524687612, 26.924695226912014]}, "datetime": {"datetime": "2025-08-12 02:08:59", "elapsed": 35019.31084513664, "delta": 32.247135400772095}, "costs": {"total_cost": 386.29943515862914, "time_cost": 111.587, "final_distance_cost": 1.7290857784919844, "oscillation_cost": 158.66572799062496, "completition_cost": 0.0, "overshoot_cost": 58.141752346818755, "power_cost": 28.837676220703127, "noise_cost": 27.338192821990354, "n_waypoints_completed": 9, "tot_waypoints": 9}}
{"target": -1481.774365827167, "params": {"k_pid_pos": [0.0001, 0.0, 0.0], "k_pid_alt": [2.0, 1.0, 0.0], "k_pid_att": [52.735768336414814, 10.0, 1.0], "k_pid_yaw": [0.5, 1e-06, 0.1], "k_pid_hsp": [7.695987358582024, 0.0, 0.0], "k_pid_vsp": [200.24568025057366, 244.22578920959594, 231.58071750599268]}, "datetime": {"datetime": "2025-08-12 02:09:35", "elapsed": 35054.80182671547, "delta": 35.490981578826904}, "costs": {"total_cost": 1481.774365827167, "time_cost": 150, "final_distance_cost": 10.758884496607964, "oscillation_cost": 8.125004306909231, "completition_cost": 1000.0, "overshoot_cost": 166.32600379997487, "power_cost": 29.28375565185547, "noise_cost": 117.28071757181935, "n_waypoints_completed": 0, "tot_waypoints": 9}}
{"target": -777.6777509744309, "params": {"k_pid_pos": [1.4100621950311147, 0.9398914909979198, 0.12419204849882848], "k_pid_alt": [1.7003285578496874, 0.16851998310851668, 0.3644027370625402], "k_pid_att": [13.419586861861088, 0.7260379135927606, 0.624902706782995], "k_pid_yaw": [0.5, 1e-06, 0.1], "k_pid_hsp": [7.161753790810645, 0.6454304281648604, 0.09217600542889715], "k_pid_vsp": [295.39595679641457, 347.810829011979, 94.0910465250783]}, "datetime": {"datetime": "2025-08-12 02:10:09", "elapsed": 35089.22511839867, "delta": 34.42329168319702}, "costs": {"total_cost": 777.6777509744309, "time_cost": 150, "final_distance_cost": 69.75619574226086, "oscillation_cost": 95.03174910866939, "completition_cost": 333.33333333333337, "overshoot_cost": 64.28012257569911, "power_cost": 35.02195771484375, "noise_cost": 30.25439249962438, "n_waypoints_completed": 6, "tot_waypoints": 9}}
{"target": -3273.83309572823, "params": {"k_pid_pos": [1.47112054513776, 0.28400140385760364, 0.2084557488959068], "k_pid_alt": [0.4949802910872041, 0.2692379539523029, 0.09425800948723495], "k_pid_att": [0.40725059540617226, 3.6374864253984827, 0.4613211770697403], "k_pid_yaw": [0.5, 1e-06, 0.1], "k_pid_hsp": [7.550696277043496, 0.5308299467557103, 0.215892707975476], "k_pid_vsp": [285.62774646929563, 355.18793969763976, 32.518634649432464]}, "datetime": {"datetime": "2025-08-12 02:10:47", "elapsed": 35127.219801187515, "delta": 37.99468278884888}, "costs": {"total_cost": 3273.83309572823, "time_cost": 150, "final_distance_cost": 160.72384451640752, "oscillation_cost": 1311.5762855024386, "completition_cost": 1000.0, "overshoot_cost": 432.98265443005454, "power_cost": 56.61206063232422, "noise_cost": 161.9382506470053, "n_waypoints_completed": 0, "tot_waypoints": 9}}
{"target": -1140.2048744623653, "params": {"k_pid_pos": [0.20887337781235485, 0.872905158032821, 0.061770105656286045], "k_pid_alt": [1.6311603206008263, 0.8898365547030265, 0.680167477976266], "k_pid_att": [6.490065500667875, 2.6272372786829536, 0.6106443704692771], "k_pid_yaw": [0.5, 1e-06, 0.1], "k_pid_hsp": [1.5915932567484181, 0.10894015495117959, 0.6747091313181428], "k_pid_vsp": [49.98825423717164, 345.07676114504926, 155.72893967021236]}, "datetime": {"datetime": "2025-08-12 02:11:29", "elapsed": 35168.548812389374, "delta": 41.32901120185852}, "costs": {"total_cost": 1140.2048744623653, "time_cost": 150, "final_distance_cost": 47.111737670135945, "oscillation_cost": 141.4906307547281, "completition_cost": 666.6666666666667, "overshoot_cost": 66.75825832352355, "power_cost": 35.83253541259766, "noise_cost": 32.345045634713266, "n_waypoints_completed": 3, "tot_waypoints": 9}}
{"target": -1387.231159046256, "params": {"k_pid_pos": [0.10953634094459949, 0.6904682395127653, 0.46255975144232986], "k_pid_alt": [1.5591612378750679, 0.9284644591512358, 0.976704797510472], "k_pid_att": [6.753365073760332, 6.904023484528243, 0.5897539748696671], "k_pid_yaw": [0.5, 1e-06, 0.1], "k_pid_hsp": [7.793411215665504, 0.8548343408415426, 0.14000561095086372], "k_pid_vsp": [243.0882362793743, 275.15237843436347, 28.857948849988276]}, "datetime": {"datetime": "2025-08-12 02:12:05", "elapsed": 35205.08500933647, "delta": 36.53619694709778}, "costs": {"total_cost": 1387.231159046256, "time_cost": 150, "final_distance_cost": 45.66589907223771, "oscillation_cost": 111.29751568129296, "completition_cost": 1000.0, "overshoot_cost": 20.768597584767495, "power_cost": 31.307751330566408, "noise_cost": 28.191395377391203, "n_waypoints_completed": 0, "tot_waypoints": 9}}
{"target": -1467.742902793242, "params": {"k_pid_pos": [0.007108958785554287, 0.044804140989911034, 0.04132192288649972], "k_pid_alt": [1.7223029915585506, 0.06940677425318198, 0.40170438202029835], "k_pid_att": [33.5265069080403, 5.823666031584384, 0.9334701587005984], "k_pid_yaw": [0.5, 1e-06, 0.1], "k_pid_hsp": [3.567806200559052, 0.37502836841616316, 0.129592765925583], "k_pid_vsp": [122.6181957029187, 377.2057117164145, 113.51334296531812]}, "datetime": {"datetime": "2025-08-12 02:12:45", "elapsed": 35244.9056622982, "delta": 39.82065296173096}, "costs": {"total_cost": 1467.742902793242, "time_cost": 150, "final_distance_cost": 65.23416145613068, "oscillation_cost": 224.44030246540925, "completition_cost": 888.8888888888888, "overshoot_cost": 79.15102716834495, "power_cost": 31.90628864746094, "noise_cost": 28.122234167007402, "n_waypoints_completed": 1, "tot_waypoints": 9}}
{"target": -1413.6057260093173, "params": {"k_pid_pos": [0.10158605070725926, 0.14575855714046604, 0.13530756943467637], "k_pid_alt": [0.40661580454278545, 0.9307311530373329, 0.9018927510910792], "k_pid_att": [36.44640651958747, 4.960214267549041, 0.035142055949104134], "k_pid_yaw": [0.5, 1e-06, 0.1], "k_pid_hsp": [7.81847136248308, 0.9093051983776349, 0.0580554523954242], "k_pid_vsp": [268.43547584106005, 307.3193082126612, 81.94966721979458]}, "datetime": {"datetime": "2025-08-12 02:13:19", "elapsed": 35279.35325551033, "delta": 34.447593212127686}, "costs": {"total_cost": 1413.6057260093173, "time_cost": 150, "final_distance_cost": 56.99573483059019, "oscillation_cost": 635.7951521523262, "completition_cost": 444.4444444444444, "overshoot_cost": 64.73905047004774, "power_cost": 32.40673115234375, "noise_cost": 29.224612959565093, "n_waypoints_completed": 5, "tot_waypoints": 9}}
