{"target": -334.53997419644884, "params": {"k_pid_pos": [1.0626572612599638, 0.20262773811043922, 0.24243305825021977], "k_pid_alt": [2.0, 1.0, 0.6635124072433635], "k_pid_att": [4.8301929670749955, 2.470634275451332, 0.5144088046664097], "k_pid_yaw": [0.5, 1e-06, 0.1], "k_pid_hsp": [8.994699004947421, 0.41128280922787475, 0.8066292020529157], "k_pid_vsp": [193.9980776987252, 325.66436945101856, 18.778388137922697]}, "datetime": {"datetime": "2025-08-11 23:44:35", "elapsed": 26354.575011491776, "delta": 27.378840923309326}, "costs": {"total_cost": 334.53997419644884, "time_cost": 89.691, "final_distance_cost": 1.796182589051207, "oscillation_cost": 142.17415335643383, "completition_cost": 0.0, "overshoot_cost": 55.606407529777684, "power_cost": 23.423114782714844, "noise_cost": 21.849115938471222, "n_waypoints_completed": 9, "tot_waypoints": 9}}
{"target": -1721.3389910639291, "params": {"k_pid_pos": [0.09735088314885747, 0.14735131471613583, 0.356305124454226], "k_pid_alt": [0.9400839722866965, 0.19858520791341538, 0.8733260908637153], "k_pid_att": [88.07233243359738, 8.591168441068213, 0.818259597082805], "k_pid_yaw": [0.5, 1e-06, 0.1], "k_pid_hsp": [2.710841778141691, 0.2879056534649711, 0.44030631919263674], "k_pid_vsp": [370.920919419931, 262.79512793724246, 260.48588539851494]}, "datetime": {"datetime": "2025-08-11 23:45:09", "elapsed": 26388.987892627716, "delta": 34.41288113594055}, "costs": {"total_cost": 1721.3389910639291, "time_cost": 150, "final_distance_cost": 54.60023280816097, "oscillation_cost": 732.5963794438791, "completition_cost": 666.6666666666667, "overshoot_cost": 55.480924618063746, "power_cost": 34.46780069580078, "noise_cost": 27.52698683135771, "n_waypoints_completed": 3, "tot_waypoints": 9}}
{"target": -417.9731788459458, "params": {"k_pid_pos": [1.5035076915897427, 0.5378332157974567, 0.9573792554084698], "k_pid_alt": [0.8777931592814763, 0.1757772011735096, 0.8534539013161372], "k_pid_att": [21.68342061254306, 8.968204702231725, 0.8384841438536046], "k_pid_yaw": [0.5, 1e-06, 0.1], "k_pid_hsp": [3.2877790890068166, 0.9564706137003862, 0.5503346672812556], "k_pid_vsp": [79.54986420312605, 206.1983718979026, 41.49706056909272]}, "datetime": {"datetime": "2025-08-11 23:45:36", "elapsed": 26415.79853630066, "delta": 26.810643672943115}, "costs": {"total_cost": 417.9731788459458, "time_cost": 85.337, "final_distance_cost": 1.7495973129326496, "oscillation_cost": 233.97124871262062, "completition_cost": 0.0, "overshoot_cost": 52.00120239089023, "power_cost": 23.483872680664064, "noise_cost": 21.4302577488383, "n_waypoints_completed": 9, "tot_waypoints": 9}}
{"target": -792.1513057446329, "params": {"k_pid_pos": [2.0, 0.43268675473340507, 0.0], "k_pid_alt": [2.0, 1.0, 1.0], "k_pid_att": [76.26460992733479, 7.8635426890512745, 0.0], "k_pid_yaw": [0.5, 1e-06, 0.1], "k_pid_hsp": [10.0, 0.0, 0.0], "k_pid_vsp": [234.74200564520777, 333.3286835091253, 260.4365590573899]}, "datetime": {"datetime": "2025-08-11 23:46:11", "elapsed": 26451.09148621559, "delta": 35.29294991493225}, "costs": {"total_cost": 792.1513057446329, "time_cost": 150, "final_distance_cost": 66.8171649785813, "oscillation_cost": 333.1249160761362, "completition_cost": 111.11111111111116, "overshoot_cost": 65.35354150725043, "power_cost": 35.8080424194336, "noise_cost": 29.93652965212014, "n_waypoints_completed": 8, "tot_waypoints": 9}}
{"target": -337.98128410462215, "params": {"k_pid_pos": [2.0, 0.0, 0.5214860868809968], "k_pid_alt": [0.8167297937420167, 0.7109405992554654, 0.36149374277547286], "k_pid_att": [6.344215762415619, 0.2322813616163548, 1.0], "k_pid_yaw": [0.5, 1e-06, 0.1], "k_pid_hsp": [3.3843277564765444, 0.7040680910499565, 0.3934683120648702], "k_pid_vsp": [311.57998526048664, 390.7001463719902, 242.21652564435178]}, "datetime": {"datetime": "2025-08-11 23:46:41", "elapsed": 26481.07571029663, "delta": 29.98422408103943}, "costs": {"total_cost": 337.98128410462215, "time_cost": 100.94, "final_distance_cost": 1.7798784896663178, "oscillation_cost": 115.88374755837381, "completition_cost": 0.0, "overshoot_cost": 65.88965108772422, "power_cost": 28.405739074707032, "noise_cost": 25.082267894150803, "n_waypoints_completed": 9, "tot_waypoints": 9}}
{"target": -211.2275377579104, "params": {"k_pid_pos": [2.0, 0.0, 1.0], "k_pid_alt": [2.0, 1.0, 1.0], "k_pid_att": [39.44354626063268, 3.696251530544139, 1.0], "k_pid_yaw": [0.5, 1e-06, 0.1], "k_pid_hsp": [3.0209110585502583, 0.0, 0.0], "k_pid_vsp": [269.1580246870337, 305.53118279755114, 74.33531498635213]}, "datetime": {"datetime": "2025-08-11 23:47:06", "elapsed": 26506.060677051544, "delta": 24.98496675491333}, "costs": {"total_cost": 211.2275377579104, "time_cost": 78.47, "final_distance_cost": 1.7951675790248576, "oscillation_cost": 39.008279347658224, "completition_cost": 0.0, "overshoot_cost": 52.53051374145217, "power_cost": 20.572072497558594, "noise_cost": 18.85150459221657, "n_waypoints_completed": 9, "tot_waypoints": 9}}
{"target": -513.0085060759014, "params": {"k_pid_pos": [1.9265479620224961, 0.014407934153251922, 0.26940341753079544], "k_pid_alt": [0.22417424027751975, 0.914450997401363, 0.7563849692942557], "k_pid_att": [23.885036387135948, 9.45472602875417, 0.30583758789575877], "k_pid_yaw": [0.5, 1e-06, 0.1], "k_pid_hsp": [3.5529373574993657, 0.47898266161748904, 0.09911371211081688], "k_pid_vsp": [75.4783916109071, 219.77847542916868, 41.68695751615959]}, "datetime": {"datetime": "2025-08-11 23:47:34", "elapsed": 26533.735192537308, "delta": 27.67451548576355}, "costs": {"total_cost": 513.0085060759014, "time_cost": 97.524, "final_distance_cost": 1.7786821282855334, "oscillation_cost": 297.98234370641364, "completition_cost": 0.0, "overshoot_cost": 63.01562808188882, "power_cost": 27.905376477050783, "noise_cost": 24.802475682262685, "n_waypoints_completed": 9, "tot_waypoints": 9}}
{"target": -1512.7550168812752, "params": {"k_pid_pos": [0.03847635097583067, 0.7772866030524741, 0.809902311394952], "k_pid_alt": [0.9007037315377437, 0.7688639353139457, 0.22145655247096552], "k_pid_att": [15.924786190120187, 4.255123460291073, 0.4211376604885858], "k_pid_yaw": [0.5, 1e-06, 0.1], "k_pid_hsp": [8.139940914383125, 0.008825773713100782, 0.3163871699108708], "k_pid_vsp": [298.9756940745934, 354.805606638065, 104.3631632848897]}, "datetime": {"datetime": "2025-08-11 23:48:08", "elapsed": 26567.60369706154, "delta": 33.86850452423096}, "costs": {"total_cost": 1512.7550168812752, "time_cost": 150, "final_distance_cost": 63.71372713369537, "oscillation_cost": 318.6990915196011, "completition_cost": 888.8888888888888, "overshoot_cost": 31.348672769580762, "power_cost": 31.95181052246094, "noise_cost": 28.152826047048137, "n_waypoints_completed": 1, "tot_waypoints": 9}}
{"target": -300.5101256000673, "params": {"k_pid_pos": [1.5620056899979025, 0.0, 0.2721780362303104], "k_pid_alt": [1.5081304661274322, 0.4924039581764126, 0.2695558533733343], "k_pid_att": [6.921642282776487, 0.0001, 1.0], "k_pid_yaw": [0.5, 1e-06, 0.1], "k_pid_hsp": [1.8342241465199232, 0.7955994128985767, 0.6618722866355147], "k_pid_vsp": [285.2050511073037, 286.7573122119767, 181.27330512465957]}, "datetime": {"datetime": "2025-08-11 23:48:34", "elapsed": 26593.468632936478, "delta": 25.864935874938965}, "costs": {"total_cost": 300.5101256000673, "time_cost": 86.373, "final_distance_cost": 1.7801378857665018, "oscillation_cost": 104.7761783067883, "completition_cost": 0.0, "overshoot_cost": 62.75426569763754, "power_cost": 24.425249340820315, "noise_cost": 20.401294369054618, "n_waypoints_completed": 9, "tot_waypoints": 9}}
{"target": -537.8563262353796, "params": {"k_pid_pos": [0.961678048892273, 0.650574998283441, 0.6787194277708426], "k_pid_alt": [1.8925778754733515, 0.681678678728002, 0.32011962467480615], "k_pid_att": [36.73868659021318, 6.024682029588364, 0.49954684331479615], "k_pid_yaw": [0.5, 1e-06, 0.1], "k_pid_hsp": [4.29046901125217, 0.8817641533258272, 0.7653521171527308], "k_pid_vsp": [185.02401332071403, 306.83292211204036, 146.82314341755952]}, "datetime": {"datetime": "2025-08-11 23:49:03", "elapsed": 26622.53850388527, "delta": 29.069870948791504}, "costs": {"total_cost": 537.8563262353796, "time_cost": 104.818, "final_distance_cost": 1.766548066936313, "oscillation_cost": 318.33494549464484, "completition_cost": 0.0, "overshoot_cost": 57.81759735170745, "power_cost": 29.73544462890625, "noise_cost": 25.38379069318479, "n_waypoints_completed": 9, "tot_waypoints": 9}}
{"target": -676.1759911225101, "params": {"k_pid_pos": [1.5221957968513544, 0.9141369134160696, 0.3616115778771749], "k_pid_alt": [1.0932386950160289, 0.09266293197965247, 0.5481926730334633], "k_pid_att": [27.661875394359804, 0.22801935848244212, 0.46933747313300045], "k_pid_yaw": [0.5, 1e-06, 0.1], "k_pid_hsp": [4.926883320528148, 0.9284375388661581, 0.577888898387868], "k_pid_vsp": [329.32923782988325, 283.98667128155074, 238.27574302841327]}, "datetime": {"datetime": "2025-08-11 23:49:38", "elapsed": 26657.421762228012, "delta": 34.88325834274292}, "costs": {"total_cost": 676.1759911225101, "time_cost": 150, "final_distance_cost": 30.077923256799902, "oscillation_cost": 249.77099933730767, "completition_cost": 111.11111111111116, "overshoot_cost": 71.52722456092289, "power_cost": 33.938462060546875, "noise_cost": 29.750270795821613, "n_waypoints_completed": 8, "tot_waypoints": 9}}
{"target": -1243.3903010352037, "params": {"k_pid_pos": [0.31351165108794354, 0.7941982101062921, 0.3595213115956932], "k_pid_alt": [0.31984891997293396, 0.8651581233563937, 0.8494735059629928], "k_pid_att": [24.911285764929048, 1.4254701532705383, 0.057625266041653966], "k_pid_yaw": [0.5, 1e-06, 0.1], "k_pid_hsp": [6.0359946147661585, 0.26943078245756313, 0.40848204400776544], "k_pid_vsp": [332.49917418380926, 293.5474286828864, 241.126149454908]}, "datetime": {"datetime": "2025-08-11 23:50:11", "elapsed": 26691.174514055252, "delta": 33.75275182723999}, "costs": {"total_cost": 1243.3903010352037, "time_cost": 150, "final_distance_cost": 41.46474560549868, "oscillation_cost": 368.30880260357515, "completition_cost": 555.5555555555555, "overshoot_cost": 62.217113611256984, "power_cost": 35.06459594726563, "noise_cost": 30.77948771205156, "n_waypoints_completed": 4, "tot_waypoints": 9}}
{"target": -314.6082541295738, "params": {"k_pid_pos": [1.0339075128588933, 0.4384509572818376, 0.6888736128116261], "k_pid_alt": [0.5786530838286237, 0.07013169103614036, 0.6606676819100566], "k_pid_att": [9.829087179390083, 1.5735634629501662, 0.33326365254649803], "k_pid_yaw": [0.5, 1e-06, 0.1], "k_pid_hsp": [9.954448799607775, 0.14138037796707892, 0.03360620391431668], "k_pid_vsp": [240.90687025773292, 267.96518348495977, 31.94116219062682]}, "datetime": {"datetime": "2025-08-11 23:50:42", "elapsed": 26721.458299398422, "delta": 30.283785343170166}, "costs": {"total_cost": 314.6082541295738, "time_cost": 109.529, "final_distance_cost": 1.7653602315731645, "oscillation_cost": 96.98839468836499, "completition_cost": 0.0, "overshoot_cost": 53.13844660442114, "power_cost": 26.686759094238283, "noise_cost": 26.500293510976306, "n_waypoints_completed": 9, "tot_waypoints": 9}}
{"target": -706.6683308560386, "params": {"k_pid_pos": [1.673099445478377, 0.5349574567227058, 0.04770513601697457], "k_pid_alt": [1.5786479613078774, 0.6734041042330025, 0.949003307050732], "k_pid_att": [19.012792970506798, 4.088501711590568, 0.5367289805797344], "k_pid_yaw": [0.5, 1e-06, 0.1], "k_pid_hsp": [9.519810600951947, 0.03984551480416776, 0.43477594042619216], "k_pid_vsp": [56.26473274339649, 338.93220861302905, 155.84499080924252]}, "datetime": {"datetime": "2025-08-11 23:51:17", "elapsed": 26757.240141391754, "delta": 35.78184199333191}, "costs": {"total_cost": 706.6683308560386, "time_cost": 150, "final_distance_cost": 65.9296874309526, "oscillation_cost": 241.2369632589649, "completition_cost": 111.11111111111116, "overshoot_cost": 78.41949080601665, "power_cost": 29.65130895996094, "noise_cost": 30.31976928903225, "n_waypoints_completed": 8, "tot_waypoints": 9}}
{"target": -472.9181207666421, "params": {"k_pid_pos": [0.7417276853886834, 0.6208450816407414, 0.17959228670836336], "k_pid_alt": [1.2103640773180442, 0.6921417116007419, 0.6113311518047557], "k_pid_att": [36.96203908646973, 3.322387680481762, 0.6505293002064514], "k_pid_yaw": [0.5, 1e-06, 0.1], "k_pid_hsp": [4.7852457015677965, 0.003101683847744563, 0.18864549790682672], "k_pid_vsp": [58.75712430934659, 355.92440926703944, 95.05364652893881]}, "datetime": {"datetime": "2025-08-11 23:51:43", "elapsed": 26782.376390218735, "delta": 25.13624882698059}, "costs": {"total_cost": 472.9181207666421, "time_cost": 91.09100000000001, "final_distance_cost": 1.781501264748112, "oscillation_cost": 274.71624179067015, "completition_cost": 0.0, "overshoot_cost": 55.09595859457284, "power_cost": 26.679001000976562, "noise_cost": 23.55441811567449, "n_waypoints_completed": 9, "tot_waypoints": 9}}
{"target": -1253.4429503219926, "params": {"k_pid_pos": [2.0, 1.0, 0.0], "k_pid_alt": [2.0, 0.0, 1.0], "k_pid_att": [36.60154046738819, 2.865267086587097, 0.9593729062503988], "k_pid_yaw": [0.5, 1e-06, 0.1], "k_pid_hsp": [0.0001, 0.0, 0.0], "k_pid_vsp": [121.2592260377713, 379.0548223774271, 110.74194215572011]}, "datetime": {"datetime": "2025-08-11 23:52:16", "elapsed": 26815.48934483528, "delta": 33.11295461654663}, "costs": {"total_cost": 1253.4429503219926, "time_cost": 150, "final_distance_cost": 49.377858239456536, "oscillation_cost": 0.6537485038349181, "completition_cost": 888.8888888888888, "overshoot_cost": 107.90235720055622, "power_cost": 29.41841375732422, "noise_cost": 27.201683731931706, "n_waypoints_completed": 1, "tot_waypoints": 9}}
{"target": -935.3945652455566, "params": {"k_pid_pos": [0.46195866570209465, 0.09147424782988822, 0.6221944947030321], "k_pid_alt": [0.005663376216695548, 0.20152720854174788, 0.27766753615894446], "k_pid_att": [18.824217836536437, 9.787158525998196, 0.527585919608191], "k_pid_yaw": [0.5, 1e-06, 0.1], "k_pid_hsp": [8.257245565768049, 0.8999933545766059, 0.1263623178888431], "k_pid_vsp": [288.3656354974186, 353.0536885028879, 91.69953546504607]}, "datetime": {"datetime": "2025-08-11 23:52:49", "elapsed": 26848.936316728592, "delta": 33.44697189331055}, "costs": {"total_cost": 935.3945652455566, "time_cost": 150, "final_distance_cost": 69.7121752088939, "oscillation_cost": 371.37427638149876, "completition_cost": 222.2222222222222, "overshoot_cost": 61.428961383846776, "power_cost": 32.241943566894534, "noise_cost": 28.414986482200437, "n_waypoints_completed": 7, "tot_waypoints": 9}}
{"target": -379.71115057780025, "params": {"k_pid_pos": [2.0, 1.0, 1.0], "k_pid_alt": [1.035104543989591, 0.0, 0.0], "k_pid_att": [35.39358225115575, 7.453461943268001, 1.0], "k_pid_yaw": [0.5, 1e-06, 0.1], "k_pid_hsp": [4.927673367981686, 1.0, 1.0], "k_pid_vsp": [275.65200409647537, 359.2009602722093, 27.044936140596338]}, "datetime": {"datetime": "2025-08-11 23:53:14", "elapsed": 26873.385169506073, "delta": 24.44885277748108}, "costs": {"total_cost": 379.71115057780025, "time_cost": 80.535, "final_distance_cost": 1.7321304270244229, "oscillation_cost": 198.83176556657423, "completition_cost": 0.0, "overshoot_cost": 53.24518406301659, "power_cost": 23.904719653320313, "noise_cost": 21.46235086786464, "n_waypoints_completed": 9, "tot_waypoints": 9}}
{"target": -535.9962758260492, "params": {"k_pid_pos": [1.379995390786046, 0.8955313669113706, 0.8535289409331924], "k_pid_alt": [1.8327395932152666, 0.714205418314088, 0.3942894143617861], "k_pid_att": [93.58305043846181, 5.389260481167432, 0.8446195899352331], "k_pid_yaw": [0.5, 1e-06, 0.1], "k_pid_hsp": [4.748576008991405, 0.5634177594797998, 0.6021293514355986], "k_pid_vsp": [166.66811971216887, 126.40845361470507, 19.074559395955326]}, "datetime": {"datetime": "2025-08-11 23:53:41", "elapsed": 26901.331092119217, "delta": 27.94592261314392}, "costs": {"total_cost": 535.9962758260492, "time_cost": 100.905, "final_distance_cost": 1.7763872136662464, "oscillation_cost": 323.61326164648256, "completition_cost": 0.0, "overshoot_cost": 54.34193006360831, "power_cost": 29.587759863281253, "noise_cost": 25.77193703901089, "n_waypoints_completed": 9, "tot_waypoints": 9}}
{"target": -595.6376237808365, "params": {"k_pid_pos": [1.6973347099723015, 0.36167669148666337, 0.0], "k_pid_alt": [2.0, 1.0, 0.0], "k_pid_att": [2.342690869860463, 2.717118548772555, 0.8399758813360917], "k_pid_yaw": [0.5, 1e-06, 0.1], "k_pid_hsp": [9.295998417303894, 1.0, 0.3568963990633089], "k_pid_vsp": [242.84888133446802, 272.1689226613212, 23.132007754043013]}, "datetime": {"datetime": "2025-08-11 23:54:16", "elapsed": 26935.735622406006, "delta": 34.40453028678894}, "costs": {"total_cost": 595.6376237808365, "time_cost": 150, "final_distance_cost": 15.643829838584338, "oscillation_cost": 179.62850685850094, "completition_cost": 111.11111111111116, "overshoot_cost": 73.2896849228585, "power_cost": 34.36866577148437, "noise_cost": 31.5958252782972, "n_waypoints_completed": 8, "tot_waypoints": 9}}
{"target": -1153.8591481005465, "params": {"k_pid_pos": [0.16264475410074392, 0.9420437295359539, 0.8580627770354906], "k_pid_alt": [1.9024470032339849, 0.4330695698663123, 0.2178946182803313], "k_pid_att": [5.412844080033019, 3.5551006498122306, 0.5151231168045136], "k_pid_yaw": [0.5, 1e-06, 0.1], "k_pid_hsp": [9.410452370526281, 0.04430771308790238, 0.676712118419838], "k_pid_vsp": [234.87317324849545, 265.2760089396519, 34.177823312276914]}, "datetime": {"datetime": "2025-08-11 23:54:50", "elapsed": 26970.241433620453, "delta": 34.50581121444702}, "costs": {"total_cost": 1153.8591481005465, "time_cost": 150, "final_distance_cost": 55.75697162491567, "oscillation_cost": 175.81503101551897, "completition_cost": 666.6666666666667, "overshoot_cost": 46.17954986957237, "power_cost": 32.141798645019534, "noise_cost": 27.299130278853166, "n_waypoints_completed": 3, "tot_waypoints": 9}}
{"target": -292.52084177617365, "params": {"k_pid_pos": [2.0, 1.0, 0.0], "k_pid_alt": [2.0, 0.0, 1.0], "k_pid_att": [4.77730767396983, 1.5605418723241118, 1.0], "k_pid_yaw": [0.5, 1e-06, 0.1], "k_pid_hsp": [5.26910504532354, 1.0, 0.0], "k_pid_vsp": [321.52009825383897, 398.6462841245166, 245.85074592826342]}, "datetime": {"datetime": "2025-08-11 23:55:19", "elapsed": 26998.47194814682, "delta": 28.230514526367188}, "costs": {"total_cost": 292.52084177617365, "time_cost": 100.422, "final_distance_cost": 1.757658343783088, "oscillation_cost": 62.391227846204586, "completition_cost": 0.0, "overshoot_cost": 67.82072344031036, "power_cost": 29.154203161621094, "noise_cost": 30.975028984254564, "n_waypoints_completed": 9, "tot_waypoints": 9}}
{"target": -1250.6486865429742, "params": {"k_pid_pos": [1.0900869630165615, 0.9432667782626224, 0.6994854964431624], "k_pid_alt": [0.11358959761963461, 0.5955974144621438, 0.22697141537454424], "k_pid_att": [11.347225707421849, 7.39259714176337, 0.5919110067813115], "k_pid_yaw": [0.5, 1e-06, 0.1], "k_pid_hsp": [4.295146413429315, 0.5102211356593037, 0.9666530880490066], "k_pid_vsp": [293.0997183350038, 356.9382798701075, 100.56445815776398]}, "datetime": {"datetime": "2025-08-11 23:55:52", "elapsed": 27031.4349527359, "delta": 32.96300458908081}, "costs": {"total_cost": 1250.6486865429742, "time_cost": 150, "final_distance_cost": 52.371269451971614, "oscillation_cost": 260.22036250513116, "completition_cost": 666.6666666666667, "overshoot_cost": 60.8258806385523, "power_cost": 32.48374158935547, "noise_cost": 28.08076569129709, "n_waypoints_completed": 3, "tot_waypoints": 9}}
{"target": -349.1452169703314, "params": {"k_pid_pos": [1.134847780504223, 0.41863309389860404, 0.0], "k_pid_alt": [1.0655619923057031, 0.0, 0.04488595012998734], "k_pid_att": [5.64423674673148, 7.530098937150099, 0.07681206959314096], "k_pid_yaw": [0.5, 1e-06, 0.1], "k_pid_hsp": [8.409512453383138, 0.6036891131620001, 0.0], "k_pid_vsp": [300.73396420316396, 303.9893615075142, 170.05785453247915]}, "datetime": {"datetime": "2025-08-11 23:56:20", "elapsed": 27060.17604136467, "delta": 28.74108862876892}, "costs": {"total_cost": 349.1452169703314, "time_cost": 84.672, "final_distance_cost": 1.8005065459068759, "oscillation_cost": 162.8075809784071, "completition_cost": 0.0, "overshoot_cost": 55.5660492365142, "power_cost": 22.85893972167969, "noise_cost": 21.44014048782357, "n_waypoints_completed": 9, "tot_waypoints": 9}}
{"target": -317.34891217209287, "params": {"k_pid_pos": [0.5988663035763061, 0.990469559046264, 0.6378139200778024], "k_pid_alt": [0.8464587089831124, 0.5797098878527912, 0.548361938734253], "k_pid_att": [21.331623794057364, 3.167638120351404, 0.8503202616147951], "k_pid_yaw": [0.5, 1e-06, 0.1], "k_pid_hsp": [9.487078445363938, 0.2564592797488442, 0.04226729042697508], "k_pid_vsp": [79.04514876034479, 210.82090930404985, 36.26245477371632]}, "datetime": {"datetime": "2025-08-11 23:56:51", "elapsed": 27090.799368858337, "delta": 30.623327493667603}, "costs": {"total_cost": 317.34891217209287, "time_cost": 106.36500000000001, "final_distance_cost": 1.7785376638151362, "oscillation_cost": 100.86719188105072, "completition_cost": 0.0, "overshoot_cost": 57.10234623143764, "power_cost": 25.851489306640627, "noise_cost": 25.384347089148743, "n_waypoints_completed": 9, "tot_waypoints": 9}}
