{"target": -470.10386975287696, "params": {"k_pid_pos": [1.8675811717173652, 0.9092484869870026, 0.3864095216258926], "k_pid_alt": [1.953754692609572, 0.09600341705917093, 0.19641198707790164], "k_pid_att": [34.78614824489971, 5.328445437045621, 0.16742237667869586], "k_pid_yaw": [0.5, 1e-06, 0.1], "k_pid_hsp": [4.304542806787177, 0.20110430716110694, 0.6561410914730057], "k_pid_vsp": [191.54084740835842, 316.3920137620775, 237.96383578080773]}, "datetime": {"datetime": "2025-08-11 18:38:22", "elapsed": 7982.108809232712, "delta": 28.22144341468811}, "costs": {"total_cost": 470.10386975287696, "time_cost": 109.396, "final_distance_cost": 1.7580826950262514, "oscillation_cost": 227.72770409154668, "completition_cost": 0.0, "overshoot_cost": 71.38160464327676, "power_cost": 32.55184588623047, "noise_cost": 27.28863243679679, "n_waypoints_completed": 9, "tot_waypoints": 9}}
{"target": -791.2563208314504, "params": {"k_pid_pos": [1.045844329272052, 0.7747421569257332, 0.24563866367676745], "k_pid_alt": [0.34474199624191426, 0.44999394598456155, 0.1950097492617221], "k_pid_att": [56.90404688113472, 8.880396969309007, 0.8369170934696776], "k_pid_yaw": [0.5, 1e-06, 0.1], "k_pid_hsp": [6.150399701597611, 0.5149854576432283, 0.10195091153958102], "k_pid_vsp": [267.5532673947822, 60.83858888999463, 390.7308053613006]}, "datetime": {"datetime": "2025-08-11 18:38:53", "elapsed": 8012.658663272858, "delta": 30.549854040145874}, "costs": {"total_cost": 791.2563208314504, "time_cost": 150, "final_distance_cost": 70.9765760284174, "oscillation_cost": 205.62231393839085, "completition_cost": 222.2222222222222, "overshoot_cost": 73.79133082355803, "power_cost": 34.082096398925785, "noise_cost": 34.561781419935976, "n_waypoints_completed": 7, "tot_waypoints": 9}}
{"target": -1548.8562032109455, "params": {"k_pid_pos": [1.225789804574372, 0.029644348943361765, 0.8965049370203725], "k_pid_alt": [0.44868228104671104, 0.4091983412985385, 0.06679711007564793], "k_pid_att": [34.81218038693037, 7.201754780011463, 0.287468359567726], "k_pid_yaw": [0.5, 1e-06, 0.1], "k_pid_hsp": [6.897280460130888, 0.4699516331852063, 0.050550130724892894], "k_pid_vsp": [134.65432120449057, 139.8944045911557, 360.007415675073]}, "datetime": {"datetime": "2025-08-11 18:39:24", "elapsed": 8043.513891458511, "delta": 30.855228185653687}, "costs": {"total_cost": 1548.8562032109455, "time_cost": 150, "final_distance_cost": 61.78724459629645, "oscillation_cost": 539.707698614536, "completition_cost": 666.6666666666667, "overshoot_cost": 68.11103239216001, "power_cost": 32.554571020507815, "noise_cost": 30.028989920778546, "n_waypoints_completed": 3, "tot_waypoints": 9}}
{"target": -608.456181334249, "params": {"k_pid_pos": [1.7292293202968676, 0.2673667919124486, 0.19756455011932283], "k_pid_alt": [1.2294876582617424, 0.7640415374622639, 0.3753218914831965], "k_pid_att": [23.93094015080073, 3.2737691741399124, 0.22892167403675867], "k_pid_yaw": [0.5, 1e-06, 0.1], "k_pid_hsp": [9.636054560530052, 0.41820493163138317, 0.11868790633216308], "k_pid_vsp": [197.62106347261786, 41.66228050130424, 106.93472573996414]}, "datetime": {"datetime": "2025-08-11 18:39:51", "elapsed": 8071.017348051071, "delta": 27.503456592559814}, "costs": {"total_cost": 608.456181334249, "time_cost": 107.877, "final_distance_cost": 1.7537111939590118, "oscillation_cost": 373.91787399529636, "completition_cost": 0.0, "overshoot_cost": 64.99573485378443, "power_cost": 30.997752368164065, "noise_cost": 28.914108923045156, "n_waypoints_completed": 9, "tot_waypoints": 9}}
{"target": -1946.0288461753864, "params": {"k_pid_pos": [0.14967674939253814, 0.186445494085287, 0.9933919696418768], "k_pid_alt": [1.7412125795172184, 0.572027393050132, 0.2416781051388992], "k_pid_att": [77.43305025735907, 3.5420466082001307, 0.018686673632705597], "k_pid_yaw": [0.5, 1e-06, 0.1], "k_pid_hsp": [1.33786913785388, 0.673691307244682, 0.4110269270497645], "k_pid_vsp": [61.38913629845257, 250.305894539579, 368.7620085818514]}, "datetime": {"datetime": "2025-08-11 18:40:21", "elapsed": 8101.2842445373535, "delta": 30.26689648628235}, "costs": {"total_cost": 1946.0288461753864, "time_cost": 150, "final_distance_cost": 68.71793792716669, "oscillation_cost": 741.4366690249046, "completition_cost": 888.8888888888888, "overshoot_cost": 34.760666644333995, "power_cost": 34.20730388183594, "noise_cost": 28.017379808256475, "n_waypoints_completed": 1, "tot_waypoints": 9}}
{"target": -1787.9452645633405, "params": {"k_pid_pos": [0.18747619028553747, 0.5960142862339658, 0.8556457164615517], "k_pid_alt": [0.9779008735057122, 0.5811136071453299, 0.27247273670988537], "k_pid_att": [74.30745055957215, 5.335849892543032, 0.47571391062656654], "k_pid_yaw": [0.5, 1e-06, 0.1], "k_pid_hsp": [8.108274645140948, 0.7135021757917943, 0.17550855021932388], "k_pid_vsp": [245.96267642226329, 144.9895000190257, 301.71941943120186]}, "datetime": {"datetime": "2025-08-11 18:40:52", "elapsed": 8132.033132314682, "delta": 30.74888777732849}, "costs": {"total_cost": 1787.9452645633405, "time_cost": 150, "final_distance_cost": 88.57501717708114, "oscillation_cost": 673.7713563842095, "completition_cost": 777.7777777777778, "overshoot_cost": 35.574731475234486, "power_cost": 34.090996594238284, "noise_cost": 28.15538515479909, "n_waypoints_completed": 2, "tot_waypoints": 9}}
{"target": -443.52500347157786, "params": {"k_pid_pos": [1.9923636498716137, 0.14914088444468554, 0.6580172903535777], "k_pid_alt": [0.972859085958961, 0.3565143771927217, 0.7275512106204003], "k_pid_att": [49.527123886555614, 9.893563772644308, 0.9871693447955155], "k_pid_yaw": [0.5, 1e-06, 0.1], "k_pid_hsp": [9.662940511313833, 0.9023968059831953, 0.17589940936234516], "k_pid_vsp": [239.01257358439287, 74.95562764191475, 155.05905512678598]}, "datetime": {"datetime": "2025-08-11 18:41:16", "elapsed": 8155.775372505188, "delta": 23.74224019050598}, "costs": {"total_cost": 443.52500347157786, "time_cost": 92.001, "final_distance_cost": 1.7794551925470414, "oscillation_cost": 241.08156352697887, "completition_cost": 0.0, "overshoot_cost": 58.290570277683265, "power_cost": 27.34127536621094, "noise_cost": 23.03113910815772, "n_waypoints_completed": 9, "tot_waypoints": 9}}
{"target": -1651.001547699735, "params": {"k_pid_pos": [1.7772777311966848, 0.04397528695678632, 0.21264169535309108], "k_pid_alt": [1.5025873929212337, 0.38194762733599774, 0.06858606397783362], "k_pid_att": [19.752099074849415, 2.129374117719161, 0.8945594293339266], "k_pid_yaw": [0.5, 1e-06, 0.1], "k_pid_hsp": [7.3174385439510585, 0.114435277179883, 0.7261736890661804], "k_pid_vsp": [12.469867721090733, 112.91318020627146, 184.5841411582846]}, "datetime": {"datetime": "2025-08-11 18:41:47", "elapsed": 8186.589442491531, "delta": 30.814069986343384}, "costs": {"total_cost": 1651.001547699735, "time_cost": 150, "final_distance_cost": 70.81536344222296, "oscillation_cost": 456.9549162674461, "completition_cost": 777.7777777777778, "overshoot_cost": 121.23710798800487, "power_cost": 31.99356480712891, "noise_cost": 42.2228174171543, "n_waypoints_completed": 2, "tot_waypoints": 9}}
{"target": -1359.8851771588497, "params": {"k_pid_pos": [0.9234794649453959, 0.7194625278488989, 0.953139873078815], "k_pid_alt": [0.27320223959382006, 0.9908887965131191, 0.1878544899656137], "k_pid_att": [98.66662270405529, 9.252961995550315, 0.2474749803902726], "k_pid_yaw": [0.5, 1e-06, 0.1], "k_pid_hsp": [8.139423511545386, 0.5153387726298089, 0.3874744466820166], "k_pid_vsp": [188.4449330860856, 222.9566999349286, 232.1965103071561]}, "datetime": {"datetime": "2025-08-11 18:42:17", "elapsed": 8216.809911966324, "delta": 30.22046947479248}, "costs": {"total_cost": 1359.8851771588497, "time_cost": 150, "final_distance_cost": 63.94051860019307, "oscillation_cost": 575.2392854861047, "completition_cost": 444.4444444444444, "overshoot_cost": 60.706270930832574, "power_cost": 35.580771582031254, "noise_cost": 29.97388611524388, "n_waypoints_completed": 5, "tot_waypoints": 9}}
{"target": -856.6950098354054, "params": {"k_pid_pos": [0.8741884840572116, 0.6853740035803426, 0.784663424655777], "k_pid_alt": [1.4475230632759628, 0.14095952323864225, 0.5119625524506307], "k_pid_att": [31.98534165094187, 1.2711493772135298, 0.9376855259127458], "k_pid_yaw": [0.5, 1e-06, 0.1], "k_pid_hsp": [6.964491157256685, 0.26611828653137404, 0.8832158172673218], "k_pid_vsp": [336.30482559402657, 286.3439656644695, 248.39459858261327]}, "datetime": {"datetime": "2025-08-11 18:42:47", "elapsed": 8247.050821304321, "delta": 30.240909337997437}, "costs": {"total_cost": 856.6950098354054, "time_cost": 150, "final_distance_cost": 29.312867868628775, "oscillation_cost": 445.1522770940851, "completition_cost": 111.11111111111116, "overshoot_cost": 59.34297925213653, "power_cost": 33.77546213378906, "noise_cost": 28.00031237565474, "n_waypoints_completed": 8, "tot_waypoints": 9}}
{"target": -1640.9541058788254, "params": {"k_pid_pos": [0.13425189058068843, 0.16528415808395358, 0.44688947177561267], "k_pid_alt": [0.2139131873855702, 0.8158075488164584, 0.5348865755368081], "k_pid_att": [62.1497734892517, 0.8249740083862678, 0.7495773364051201], "k_pid_yaw": [0.5, 1e-06, 0.1], "k_pid_hsp": [3.8238733123795785, 0.18437466410248993, 0.29521389069372983], "k_pid_vsp": [327.8360349198321, 127.25364286192269, 20.986047307709068]}, "datetime": {"datetime": "2025-08-11 18:43:17", "elapsed": 8277.087012290955, "delta": 30.0361909866333}, "costs": {"total_cost": 1640.9541058788254, "time_cost": 150, "final_distance_cost": 55.21773702935606, "oscillation_cost": 642.1169086527142, "completition_cost": 666.6666666666667, "overshoot_cost": 63.549178227155664, "power_cost": 34.57584010009766, "noise_cost": 28.827775202835152, "n_waypoints_completed": 3, "tot_waypoints": 9}}
{"target": -1518.2217803827973, "params": {"k_pid_pos": [0.204917166120793, 0.5765091211483672, 0.5849659951601978], "k_pid_alt": [0.6051877989101098, 0.2604332322725217, 0.539625530707717], "k_pid_att": [91.39483021417053, 0.6236328032467012, 0.6320889379334614], "k_pid_yaw": [0.5, 1e-06, 0.1], "k_pid_hsp": [4.078068039475735, 0.6716633304039316, 0.5663082364669115], "k_pid_vsp": [153.20191488308424, 173.25537116183204, 210.96741073172515]}, "datetime": {"datetime": "2025-08-11 18:43:48", "elapsed": 8307.380656957626, "delta": 30.293644666671753}, "costs": {"total_cost": 1518.2217803827973, "time_cost": 150, "final_distance_cost": 51.07141669434755, "oscillation_cost": 532.7159895417029, "completition_cost": 666.6666666666667, "overshoot_cost": 53.24977937234362, "power_cost": 35.578251708984375, "noise_cost": 28.93967639875193, "n_waypoints_completed": 3, "tot_waypoints": 9}}
{"target": -689.2743573866976, "params": {"k_pid_pos": [1.3549684277766338, 0.4088959801779969, 0.9674985463611063], "k_pid_alt": [0.44363476375112376, 0.5293611471750839, 0.5565883193661342], "k_pid_att": [72.09684004482811, 7.825437953977798, 0.9604638608652885], "k_pid_yaw": [0.5, 1e-06, 0.1], "k_pid_hsp": [7.802734317876029, 0.8808889136620511, 0.3291213999193283], "k_pid_vsp": [233.935265602322, 331.9675837403755, 263.73446229091576]}, "datetime": {"datetime": "2025-08-11 18:44:17", "elapsed": 8336.734733819962, "delta": 29.354076862335205}, "costs": {"total_cost": 689.2743573866976, "time_cost": 116.417, "final_distance_cost": 1.76969630369144, "oscillation_cost": 446.5564004489485, "completition_cost": 0.0, "overshoot_cost": 63.838820853699616, "power_cost": 33.091679699707036, "noise_cost": 27.60076008065098, "n_waypoints_completed": 9, "tot_waypoints": 9}}
{"target": -910.2112076332348, "params": {"k_pid_pos": [0.3453824023395928, 0.3144989342435638, 0.4281030334862074], "k_pid_alt": [1.4539370054816005, 0.5021721284296422, 0.057268594651030624], "k_pid_att": [86.99034773496369, 3.8617985824397687, 0.7603538507310538], "k_pid_yaw": [0.5, 1e-06, 0.1], "k_pid_hsp": [2.6001306290553208, 0.7653924855264269, 0.35683572591201074], "k_pid_vsp": [346.9665789096013, 259.5337687432624, 253.29172352419505]}, "datetime": {"datetime": "2025-08-11 18:44:47", "elapsed": 8366.45428109169, "delta": 29.719547271728516}, "costs": {"total_cost": 910.2112076332348, "time_cost": 150, "final_distance_cost": 32.909151278846466, "oscillation_cost": 491.861959989608, "completition_cost": 111.11111111111116, "overshoot_cost": 59.12618900934066, "power_cost": 36.68588858642578, "noise_cost": 28.51690765790277, "n_waypoints_completed": 8, "tot_waypoints": 9}}
{"target": -1200.002561712208, "params": {"k_pid_pos": [1.5395296085895698, 0.14211457682271844, 0.6109671579552538], "k_pid_alt": [1.5262544263411948, 0.342872738738096, 0.37788341445936846], "k_pid_att": [69.5179730742241, 4.9522233246434935, 0.6558727285915531], "k_pid_yaw": [0.5, 1e-06, 0.1], "k_pid_hsp": [3.9621989666157207, 0.46732175153555333, 0.6877977674790433], "k_pid_vsp": [137.35813358746404, 4.549085883675082, 286.3089216818797]}, "datetime": {"datetime": "2025-08-11 18:45:17", "elapsed": 8396.805855035782, "delta": 30.351573944091797}, "costs": {"total_cost": 1200.002561712208, "time_cost": 150, "final_distance_cost": 57.44174438357173, "oscillation_cost": 513.8497954319951, "completition_cost": 333.33333333333337, "overshoot_cost": 77.98668910974716, "power_cost": 34.80805762939453, "noise_cost": 32.582941824166106, "n_waypoints_completed": 6, "tot_waypoints": 9}}
{"target": -1655.6176286811387, "params": {"k_pid_pos": [0.12293966536085808, 0.5308243556271203, 0.9797098779188945], "k_pid_alt": [0.8731474334192515, 0.3560264402303164, 0.49599966699500286], "k_pid_att": [36.48429845873938, 7.440756592269211, 0.05948581458039626], "k_pid_yaw": [0.5, 1e-06, 0.1], "k_pid_hsp": [7.772319019311798, 0.3208777917958928, 0.29544809136539185], "k_pid_vsp": [261.34111863016636, 54.82887519952814, 341.14431300475394]}, "datetime": {"datetime": "2025-08-11 18:45:47", "elapsed": 8427.144952058792, "delta": 30.339097023010254}, "costs": {"total_cost": 1655.6176286811387, "time_cost": 150, "final_distance_cost": 69.10981187519307, "oscillation_cost": 650.3411761399328, "completition_cost": 666.6666666666667, "overshoot_cost": 56.48370496306947, "power_cost": 33.87301330566407, "noise_cost": 29.143255730612754, "n_waypoints_completed": 3, "tot_waypoints": 9}}
{"target": -1393.8688736751471, "params": {"k_pid_pos": [1.9592828826951563, 0.5177230809756262, 0.07377459667907305], "k_pid_alt": [0.49621170993356056, 0.48332187834119356, 0.8307884533974778], "k_pid_att": [15.514090198308217, 5.064975512685111, 0.6482395038709691], "k_pid_yaw": [0.5, 1e-06, 0.1], "k_pid_hsp": [2.6134034393423207, 0.615740643702126, 0.19433706869208978], "k_pid_vsp": [42.24790063084703, 144.96199444455445, 167.14433267262388]}, "datetime": {"datetime": "2025-08-11 18:46:18", "elapsed": 8457.381910562515, "delta": 30.236958503723145}, "costs": {"total_cost": 1393.8688736751471, "time_cost": 150, "final_distance_cost": 75.04960628194779, "oscillation_cost": 312.2275274542936, "completition_cost": 666.6666666666667, "overshoot_cost": 111.88348054315219, "power_cost": 32.661106848144534, "noise_cost": 45.38048588094248, "n_waypoints_completed": 3, "tot_waypoints": 9}}
{"target": -1160.17908881095, "params": {"k_pid_pos": [1.481195295437418, 0.3120530825529172, 0.3594085598619374], "k_pid_alt": [1.0627583681847004, 0.20307838882454754, 0.45651246168433934], "k_pid_att": [34.55511233091051, 2.1408133623976697, 0.3123801060818142], "k_pid_yaw": [0.5, 1e-06, 0.1], "k_pid_hsp": [5.835247171018222, 0.33483269979500563, 0.9799522610722632], "k_pid_vsp": [8.47049738538903, 247.10036680505408, 148.0258221456884]}, "datetime": {"datetime": "2025-08-11 18:46:48", "elapsed": 8487.94128870964, "delta": 30.559378147125244}, "costs": {"total_cost": 1160.17908881095, "time_cost": 150, "final_distance_cost": 52.810966539866556, "oscillation_cost": 467.8123377969219, "completition_cost": 333.33333333333337, "overshoot_cost": 84.5649808938424, "power_cost": 34.44481328125, "noise_cost": 37.21265696573565, "n_waypoints_completed": 6, "tot_waypoints": 9}}
{"target": -1134.299731950326, "params": {"k_pid_pos": [1.6400771513996404, 0.6395876882149835, 0.20218060137280613], "k_pid_alt": [1.26574449040171, 0.5768336421164381, 0.18829955988043345], "k_pid_att": [83.79656544795562, 4.407920502048394, 0.7937912597755977], "k_pid_yaw": [0.5, 1e-06, 0.1], "k_pid_hsp": [0.6809759182283944, 0.01403186186513461, 0.34637854079442876], "k_pid_vsp": [80.13466771169058, 236.15394209251247, 201.41487569568247]}, "datetime": {"datetime": "2025-08-11 18:47:18", "elapsed": 8518.087515830994, "delta": 30.14622712135315}, "costs": {"total_cost": 1134.299731950326, "time_cost": 150, "final_distance_cost": 43.11010190472513, "oscillation_cost": 245.41236293022297, "completition_cost": 555.5555555555555, "overshoot_cost": 71.81856312024587, "power_cost": 36.68711873779297, "noise_cost": 31.716029701783654, "n_waypoints_completed": 4, "tot_waypoints": 9}}
{"target": -1001.9825725468705, "params": {"k_pid_pos": [0.8181944174751669, 0.7859687563534143, 0.7883556880152436], "k_pid_alt": [1.298193312569227, 0.4880222423725755, 0.805027027004127], "k_pid_att": [37.39641787290613, 3.321733376368601, 0.916103754982266], "k_pid_yaw": [0.5, 1e-06, 0.1], "k_pid_hsp": [8.7188211200285, 0.9311504227038139, 0.3793464541291226], "k_pid_vsp": [181.17995639202542, 321.5528854602065, 359.7449225524524]}, "datetime": {"datetime": "2025-08-11 18:47:49", "elapsed": 8548.795025348663, "delta": 30.707509517669678}, "costs": {"total_cost": 1001.9825725468705, "time_cost": 150, "final_distance_cost": 81.10650846815237, "oscillation_cost": 411.10911035344117, "completition_cost": 222.2222222222222, "overshoot_cost": 73.40848270319684, "power_cost": 34.03451906738282, "noise_cost": 30.101729732475146, "n_waypoints_completed": 7, "tot_waypoints": 9}}
{"target": -947.1066475741812, "params": {"k_pid_pos": [0.9201873812026361, 0.1832423850501792, 0.15602442685659323], "k_pid_alt": [1.841597599959544, 0.7046435417363163, 0.2778863691658481], "k_pid_att": [37.2741182724306, 0.003337398947056896, 0.8931081475873152], "k_pid_yaw": [0.5, 1e-06, 0.1], "k_pid_hsp": [4.196568672147708, 0.9689389878029222, 0.619609719272598], "k_pid_vsp": [317.2703799768996, 5.112196992260514, 298.64632022209344]}, "datetime": {"datetime": "2025-08-11 18:48:20", "elapsed": 8579.697202444077, "delta": 30.902177095413208}, "costs": {"total_cost": 947.1066475741812, "time_cost": 150, "final_distance_cost": 71.98400753472178, "oscillation_cost": 371.182232049655, "completition_cost": 222.2222222222222, "overshoot_cost": 68.09042973812659, "power_cost": 34.70556064453125, "noise_cost": 28.922195384924397, "n_waypoints_completed": 7, "tot_waypoints": 9}}
{"target": -1488.8019828556348, "params": {"k_pid_pos": [0.8793433860419768, 0.9747456393727184, 0.9596987648520041], "k_pid_alt": [0.4368555139599304, 0.2774531536869794, 0.40844510318710214], "k_pid_att": [79.79242881581922, 1.073014198901269, 0.3645802002957118], "k_pid_yaw": [0.5, 1e-06, 0.1], "k_pid_hsp": [4.722472028933349, 0.6773357003219403, 0.8788766351982408], "k_pid_vsp": [75.54545342857008, 130.9368928459441, 153.30516607987283]}, "datetime": {"datetime": "2025-08-11 18:48:50", "elapsed": 8610.105811357498, "delta": 30.40860891342163}, "costs": {"total_cost": 1488.8019828556348, "time_cost": 150, "final_distance_cost": 94.356561921525, "oscillation_cost": 335.3366425596201, "completition_cost": 777.7777777777778, "overshoot_cost": 63.198779481175215, "power_cost": 37.06127984619141, "noise_cost": 31.07094126934523, "n_waypoints_completed": 2, "tot_waypoints": 9}}
{"target": -352.78760623873563, "params": {"k_pid_pos": [0.6123139280875498, 0.06112800899236681, 0.011151888309791413], "k_pid_alt": [0.9812364515008745, 0.6237700859461365, 0.4640729989935849], "k_pid_att": [11.427102095910014, 9.697225748083273, 0.5828186102387763], "k_pid_yaw": [0.5, 1e-06, 0.1], "k_pid_hsp": [3.4025201357988357, 0.5918305551821994, 0.17672643378530484], "k_pid_vsp": [340.9152435687853, 347.5643597302417, 356.382763013971]}, "datetime": {"datetime": "2025-08-11 18:49:17", "elapsed": 8636.563106298447, "delta": 26.457294940948486}, "costs": {"total_cost": 352.78760623873563, "time_cost": 103.404, "final_distance_cost": 1.8483405171693603, "oscillation_cost": 132.08782311286004, "completition_cost": 0.0, "overshoot_cost": 62.03348062366957, "power_cost": 28.093418786621093, "noise_cost": 25.32054319841556, "n_waypoints_completed": 9, "tot_waypoints": 9}}
{"target": -1464.1937493734624, "params": {"k_pid_pos": [0.9559447153699314, 0.5328541899775646, 0.601644825454767], "k_pid_alt": [1.6783137776163004, 0.4479214515900286, 0.5829293177127733], "k_pid_att": [9.103600860443283, 6.764450790254455, 0.7242274273952619], "k_pid_yaw": [0.5, 1e-06, 0.1], "k_pid_hsp": [7.437043757334421, 0.14518847461857276, 0.46964929293091107], "k_pid_vsp": [52.201820359448625, 53.46825336896952, 335.22463546722054]}, "datetime": {"datetime": "2025-08-11 18:49:47", "elapsed": 8667.2327272892, "delta": 30.669620990753174}, "costs": {"total_cost": 1464.1937493734624, "time_cost": 150, "final_distance_cost": 63.029610999195505, "oscillation_cost": 301.30380793555605, "completition_cost": 777.7777777777778, "overshoot_cost": 106.12870801102883, "power_cost": 31.156896691894534, "noise_cost": 34.796947958009746, "n_waypoints_completed": 2, "tot_waypoints": 9}}
