{"target": -854.4081132570794, "params": {"k_pid_pos": [0.593472729196858, 0.061697398329965125, 0.49935905143080705], "k_pid_alt": [1.2299325324940078, 0.5522079874294641, 0.6046722392483044], "k_pid_att": [1.668441220581529, 6.738438584569117, 0.548389193414821], "k_pid_yaw": [0.5, 1e-06, 0.1], "k_pid_hsp": [7.451232840937778, 0.6323429457718609, 0.0012325746522935388], "k_pid_vsp": [281.6055462345969, 286.48761311575845, 183.40628529049488]}, "datetime": {"datetime": "2025-08-12 04:40:26", "elapsed": 44105.64148902893, "delta": 39.40181875228882}, "costs": {"total_cost": 854.4081132570794, "time_cost": 150, "final_distance_cost": 120.09276001671284, "oscillation_cost": 305.4511481395917, "completition_cost": 111.11111111111116, "overshoot_cost": 98.14334453964231, "power_cost": 36.40965915527344, "noise_cost": 33.20009029474811, "n_waypoints_completed": 8, "tot_waypoints": 9}}
{"target": -662.0233933934406, "params": {"k_pid_pos": [0.4855956688460728, 0.4280184738274817, 0.9097157586063208], "k_pid_alt": [0.05292613360139642, 0.3182270006324007, 0.4036882686845318], "k_pid_att": [7.820487216329408, 2.5276451979904655, 0.8808276503874936], "k_pid_yaw": [0.5, 1e-06, 0.1], "k_pid_hsp": [7.966831212380092, 0.572130761052802, 0.06919779176488539], "k_pid_vsp": [243.56972422518552, 263.4546477882573, 19.697455628910635]}, "datetime": {"datetime": "2025-08-12 04:41:07", "elapsed": 44146.56796860695, "delta": 40.92647957801819}, "costs": {"total_cost": 662.0233933934406, "time_cost": 150, "final_distance_cost": 73.04971838526167, "oscillation_cost": 98.35187691721576, "completition_cost": 222.2222222222222, "overshoot_cost": 57.82222381394013, "power_cost": 30.220205639648437, "noise_cost": 30.357146415152588, "n_waypoints_completed": 7, "tot_waypoints": 9}}
{"target": -346.4283849030304, "params": {"k_pid_pos": [0.4532232542798272, 0.08281670196617141, 0.4142110581765379], "k_pid_alt": [1.706881835303132, 0.6665394647872701, 0.8002481069380252], "k_pid_att": [37.200257325559896, 6.8808629540312065, 0.44132945364704246], "k_pid_yaw": [0.5, 1e-06, 0.1], "k_pid_hsp": [5.381378371163895, 0.24661780162339408, 0.03785150891033706], "k_pid_vsp": [222.7603559443403, 330.3394143469187, 15.902014416435744]}, "datetime": {"datetime": "2025-08-12 04:41:36", "elapsed": 44175.77525830269, "delta": 29.207289695739746}, "costs": {"total_cost": 346.4283849030304, "time_cost": 85.47, "final_distance_cost": 1.8223708768599423, "oscillation_cost": 162.5349190978122, "completition_cost": 0.0, "overshoot_cost": 53.45882320645114, "power_cost": 21.700829345703127, "noise_cost": 21.441442376204034, "n_waypoints_completed": 9, "tot_waypoints": 9}}
{"target": -619.5915323378573, "params": {"k_pid_pos": [1.5672099560044008, 0.6026820175822268, 0.542409842821498], "k_pid_alt": [1.9983918178634295, 0.666929836770851, 0.943473323880029], "k_pid_att": [29.894747900402376, 9.715882215057395, 0.5990987237342946], "k_pid_yaw": [0.5, 1e-06, 0.1], "k_pid_hsp": [6.950168913346656, 0.6238052641305584, 0.7065769966967321], "k_pid_vsp": [231.0679291801855, 321.8265088546714, 16.275611947898426]}, "datetime": {"datetime": "2025-08-12 04:42:10", "elapsed": 44209.83171105385, "delta": 34.05645275115967}, "costs": {"total_cost": 619.5915323378573, "time_cost": 107.989, "final_distance_cost": 1.7387987296423928, "oscillation_cost": 394.7060693699039, "completition_cost": 0.0, "overshoot_cost": 57.443737186790905, "power_cost": 30.719296325683594, "noise_cost": 26.99463072583645, "n_waypoints_completed": 9, "tot_waypoints": 9}}
{"target": -1163.1559996461763, "params": {"k_pid_pos": [0.09468968312900561, 0.8375881485290558, 0.5134311873215409], "k_pid_alt": [1.2364004988127495, 0.14562728568322714, 0.6725528713236552], "k_pid_att": [37.69681482371554, 9.964167383910581, 0.8522107153695951], "k_pid_yaw": [0.5, 1e-06, 0.1], "k_pid_hsp": [4.705337059682126, 0.4538774458401108, 0.8364257752151893], "k_pid_vsp": [329.7917179364793, 272.6865462573097, 245.8593525533162]}, "datetime": {"datetime": "2025-08-12 04:42:47", "elapsed": 44246.55073928833, "delta": 36.71902823448181}, "costs": {"total_cost": 1163.1559996461763, "time_cost": 150, "final_distance_cost": 40.639432527080636, "oscillation_cost": 286.6197027504358, "completition_cost": 555.5555555555555, "overshoot_cost": 66.43880377887983, "power_cost": 35.40565661621094, "noise_cost": 28.496848418013457, "n_waypoints_completed": 4, "tot_waypoints": 9}}
{"target": -429.9207485996974, "params": {"k_pid_pos": [1.1408828418536865, 0.9348482459453441, 0.5795697071502786], "k_pid_alt": [1.0057065436647779, 0.29545635065183495, 0.09105821747065612], "k_pid_att": [19.057640215893755, 4.049759304994747, 0.8750040855321052], "k_pid_yaw": [0.5, 1e-06, 0.1], "k_pid_hsp": [8.738000545667752, 0.8870639886611724, 0.9198270257940268], "k_pid_vsp": [227.41156357701774, 27.859832823271983, 35.55073808099778]}, "datetime": {"datetime": "2025-08-12 04:43:21", "elapsed": 44280.75227570534, "delta": 34.201536417007446}, "costs": {"total_cost": 429.9207485996974, "time_cost": 99.407, "final_distance_cost": 1.7320299338127276, "oscillation_cost": 216.57591746705586, "completition_cost": 0.0, "overshoot_cost": 58.830107344644006, "power_cost": 28.089594482421877, "noise_cost": 25.28609937176286, "n_waypoints_completed": 9, "tot_waypoints": 9}}
{"target": -229.91109454229928, "params": {"k_pid_pos": [2.0, 0.0, 0.0], "k_pid_alt": [2.0, 0.0, 0.0], "k_pid_att": [61.626349910983585, 0.0001, 0.25561474199588247], "k_pid_yaw": [0.5, 1e-06, 0.1], "k_pid_hsp": [4.169295368758521, 1.0, 0.0], "k_pid_vsp": [348.9371422431335, 293.3056856589396, 186.78008897479418]}, "datetime": {"datetime": "2025-08-12 04:43:53", "elapsed": 44313.29340529442, "delta": 32.54112958908081}, "costs": {"total_cost": 229.91109454229928, "time_cost": 72.303, "final_distance_cost": 1.7821226418321967, "oscillation_cost": 63.858047621943136, "completition_cost": 0.0, "overshoot_cost": 52.37655178062517, "power_cost": 20.221067895507815, "noise_cost": 19.370304602390977, "n_waypoints_completed": 9, "tot_waypoints": 9}}
{"target": -1025.0141242176464, "params": {"k_pid_pos": [1.6161409113288074, 0.9269546564596354, 0.5597893652355876], "k_pid_alt": [0.10455240216891148, 0.04101283001627609, 0.9712045184638193], "k_pid_att": [52.49774773686973, 1.296286719740628, 0.14949380990396788], "k_pid_yaw": [0.5, 1e-06, 0.1], "k_pid_hsp": [7.31918106166315, 0.5168876242831888, 0.2732283604537291], "k_pid_vsp": [196.69374631636026, 306.8173173080522, 136.35980663028542]}, "datetime": {"datetime": "2025-08-12 04:44:40", "elapsed": 44360.37115263939, "delta": 47.0777473449707}, "costs": {"total_cost": 1025.0141242176464, "time_cost": 150, "final_distance_cost": 75.80482673905193, "oscillation_cost": 450.6489720537912, "completition_cost": 222.2222222222222, "overshoot_cost": 61.21453954734223, "power_cost": 36.35879467773438, "noise_cost": 28.764768977504463, "n_waypoints_completed": 7, "tot_waypoints": 9}}
{"target": -494.62004046007223, "params": {"k_pid_pos": [1.9320578584486254, 0.5326138253634788, 0.3803082741121445], "k_pid_alt": [1.1031572003291277, 0.8556613249193056, 0.006901886729883566], "k_pid_att": [24.245945244447874, 1.8495113566401593, 0.20665228236011068], "k_pid_yaw": [0.5, 1e-06, 0.1], "k_pid_hsp": [8.347198822458715, 0.529167162775393, 0.2138128600999365], "k_pid_vsp": [289.350431881071, 353.57121992902614, 97.09132758750403]}, "datetime": {"datetime": "2025-08-12 04:45:18", "elapsed": 44398.34173941612, "delta": 37.9705867767334}, "costs": {"total_cost": 494.62004046007223, "time_cost": 101.717, "final_distance_cost": 1.792778716370159, "oscillation_cost": 275.9328344263836, "completition_cost": 0.0, "overshoot_cost": 61.045797328103454, "power_cost": 28.88988386230469, "noise_cost": 25.2417461269103, "n_waypoints_completed": 9, "tot_waypoints": 9}}
{"target": -1152.6786992982404, "params": {"k_pid_pos": [0.9617206408852036, 0.5087855895146055, 0.49066525952576434], "k_pid_alt": [0.2252875710717357, 0.21549560009766078, 0.13477828420321314], "k_pid_att": [43.06577948412733, 7.123194043365659, 0.8747177866802918], "k_pid_yaw": [0.5, 1e-06, 0.1], "k_pid_hsp": [1.9122277067471865, 0.186960172045054, 0.9765774359360024], "k_pid_vsp": [265.72353443511906, 317.86190721711955, 72.31506206670574]}, "datetime": {"datetime": "2025-08-12 04:45:56", "elapsed": 44435.44023036957, "delta": 37.098490953445435}, "costs": {"total_cost": 1152.6786992982404, "time_cost": 150, "final_distance_cost": 40.892353754324056, "oscillation_cost": 275.52093782692083, "completition_cost": 555.5555555555555, "overshoot_cost": 63.42825213489201, "power_cost": 35.97364498291016, "noise_cost": 31.307955043637747, "n_waypoints_completed": 4, "tot_waypoints": 9}}
{"target": -952.7090359106151, "params": {"k_pid_pos": [1.548323233540923, 0.08192846253602448, 0.22120240748156883], "k_pid_alt": [1.2433406843263002, 0.8358068445848367, 0.8168209029961006], "k_pid_att": [50.183072719835394, 3.882383830695194, 0.4207952220336264], "k_pid_yaw": [0.5, 1e-06, 0.1], "k_pid_hsp": [0.6088572934134032, 0.8758848209212549, 0.9930474184190974], "k_pid_vsp": [205.27486294969023, 224.14385973098703, 124.15140005099106]}, "datetime": {"datetime": "2025-08-12 04:46:36", "elapsed": 44475.50161862373, "delta": 40.06138825416565}, "costs": {"total_cost": 952.7090359106151, "time_cost": 150, "final_distance_cost": 62.88502891964171, "oscillation_cost": 252.0335191847132, "completition_cost": 333.33333333333337, "overshoot_cost": 86.11032097792743, "power_cost": 37.49806824951172, "noise_cost": 30.848765245487588, "n_waypoints_completed": 6, "tot_waypoints": 9}}
{"target": -389.47205608621255, "params": {"k_pid_pos": [0.8453462029402312, 0.6032856241813771, 0.44598360841876405], "k_pid_alt": [1.2675593088191839, 0.6473726549072871, 0.8662684947616289], "k_pid_att": [4.424048537733761, 8.83384651082552, 0.8949452105523777], "k_pid_yaw": [0.5, 1e-06, 0.1], "k_pid_hsp": [6.812712030905717, 0.16414254227225755, 0.6639195142403596], "k_pid_vsp": [180.33901620564646, 317.1641966943941, 13.325092161816439]}, "datetime": {"datetime": "2025-08-12 04:47:12", "elapsed": 44512.17273020744, "delta": 36.67111158370972}, "costs": {"total_cost": 389.47205608621255, "time_cost": 107.751, "final_distance_cost": 1.7838793934888912, "oscillation_cost": 162.8743374421041, "completition_cost": 0.0, "overshoot_cost": 62.273560850243776, "power_cost": 27.743780786132813, "noise_cost": 27.045497614242997, "n_waypoints_completed": 9, "tot_waypoints": 9}}
{"target": -690.7729447528, "params": {"k_pid_pos": [0.5015857210385802, 0.0707944994001879, 0.97345081275349], "k_pid_alt": [1.6581224190448391, 0.1960791488403587, 0.9884452846107106], "k_pid_att": [6.7543448408462385, 9.760677032292392, 0.9386265949969809], "k_pid_yaw": [0.5, 1e-06, 0.1], "k_pid_hsp": [5.6717301030858716, 0.9227219044321506, 0.9184519676455907], "k_pid_vsp": [293.02536237928933, 341.47156375040356, 144.82718840213354]}, "datetime": {"datetime": "2025-08-12 04:47:50", "elapsed": 44549.469624996185, "delta": 37.296894788742065}, "costs": {"total_cost": 690.7729447528, "time_cost": 150, "final_distance_cost": 37.9406601740197, "oscillation_cost": 272.7073027943593, "completition_cost": 111.11111111111116, "overshoot_cost": 61.224305015441026, "power_cost": 31.530845861816406, "noise_cost": 26.258719796052425, "n_waypoints_completed": 8, "tot_waypoints": 9}}
{"target": -1145.099904371346, "params": {"k_pid_pos": [1.764964482311404, 0.16981508888065078, 0.9446056158356435], "k_pid_alt": [0.3059773835128272, 0.5646557442950988, 0.6803652167582572], "k_pid_att": [20.384125729854496, 0.7553432764419397, 0.49069704609232434], "k_pid_yaw": [0.5, 1e-06, 0.1], "k_pid_hsp": [1.4286581577424764, 0.6391776828828044, 0.7790834759267878], "k_pid_vsp": [223.85494065834726, 25.65010344818054, 39.30764530979778]}, "datetime": {"datetime": "2025-08-12 04:48:28", "elapsed": 44587.89603829384, "delta": 38.4264132976532}, "costs": {"total_cost": 1145.099904371346, "time_cost": 150, "final_distance_cost": 46.20667606434708, "oscillation_cost": 386.5442631304735, "completition_cost": 444.4444444444444, "overshoot_cost": 55.5094673745239, "power_cost": 33.17723746337891, "noise_cost": 29.217815894178067, "n_waypoints_completed": 5, "tot_waypoints": 9}}
{"target": -468.11602658991876, "params": {"k_pid_pos": [1.1306508674736184, 0.12878662336304902, 0.5184513176536142], "k_pid_alt": [0.7425714236449876, 0.3820410966621739, 0.8263534329173267], "k_pid_att": [33.179685522245585, 9.796335918361436, 0.37152021902122023], "k_pid_yaw": [0.5, 1e-06, 0.1], "k_pid_hsp": [7.849571671252593, 0.3724662751413561, 0.8847794057351761], "k_pid_vsp": [273.00565632490736, 321.2137521904511, 76.78959277296775]}, "datetime": {"datetime": "2025-08-12 04:49:00", "elapsed": 44619.950229883194, "delta": 32.05419158935547}, "costs": {"total_cost": 468.11602658991876, "time_cost": 80.563, "final_distance_cost": 1.752717790984838, "oscillation_cost": 291.0726002513629, "completition_cost": 0.0, "overshoot_cost": 52.45765510168593, "power_cost": 22.2795107421875, "noise_cost": 19.990542703697603, "n_waypoints_completed": 9, "tot_waypoints": 9}}
{"target": -270.0774189834964, "params": {"k_pid_pos": [0.6042758166960247, 0.03823087536622849, 0.4735948067295501], "k_pid_alt": [1.375015919125004, 0.511198650863728, 0.892483235379921], "k_pid_att": [9.781164910025876, 8.946054817537004, 0.7843411660923143], "k_pid_yaw": [0.5, 1e-06, 0.1], "k_pid_hsp": [7.630445568742786, 0.6748541196012874, 0.08623038094940694], "k_pid_vsp": [239.35121999504085, 269.976874596317, 24.53188692106102]}, "datetime": {"datetime": "2025-08-12 04:49:29", "elapsed": 44649.069017887115, "delta": 29.11878800392151}, "costs": {"total_cost": 270.0774189834964, "time_cost": 82.985, "final_distance_cost": 1.8209607816922506, "oscillation_cost": 91.72868078007554, "completition_cost": 0.0, "overshoot_cost": 52.77709080923608, "power_cost": 20.34119013671875, "noise_cost": 20.42449647577378, "n_waypoints_completed": 9, "tot_waypoints": 9}}
{"target": -472.9679434921439, "params": {"k_pid_pos": [2.0, 1.0, 1.0], "k_pid_alt": [2.0, 0.0, 1.0], "k_pid_att": [32.62346107785825, 8.823937669060188, 0.0], "k_pid_yaw": [0.5, 1e-06, 0.1], "k_pid_hsp": [10.0, 0.0, 0.0], "k_pid_vsp": [232.55961569343202, 20.881549269381292, 32.421944543752915]}, "datetime": {"datetime": "2025-08-12 04:49:57", "elapsed": 44677.15684437752, "delta": 28.08782649040222}, "costs": {"total_cost": 472.9679434921439, "time_cost": 78.834, "final_distance_cost": 1.7614721113770881, "oscillation_cost": 297.30744175199396, "completition_cost": 0.0, "overshoot_cost": 52.22970956696151, "power_cost": 22.633915344238282, "noise_cost": 20.20140471757306, "n_waypoints_completed": 9, "tot_waypoints": 9}}
{"target": -692.0911262919808, "params": {"k_pid_pos": [0.7962238617932708, 0.20251085114159173, 0.8809109623966218], "k_pid_alt": [1.827138039385413, 0.3202470940360733, 0.3179277096007901], "k_pid_att": [40.897719287627176, 8.572746552762641, 0.49849128136310605], "k_pid_yaw": [0.5, 1e-06, 0.1], "k_pid_hsp": [9.69134093268669, 0.002797420289714747, 0.061311323745431134], "k_pid_vsp": [31.916582484145017, 397.8327132600574, 57.69843234066322]}, "datetime": {"datetime": "2025-08-12 04:50:31", "elapsed": 44710.66460609436, "delta": 33.50776171684265}, "costs": {"total_cost": 692.0911262919808, "time_cost": 109.32600000000001, "final_distance_cost": 1.771906324559129, "oscillation_cost": 467.37772257466503, "completition_cost": 0.0, "overshoot_cost": 56.61424398874002, "power_cost": 30.516201794433595, "noise_cost": 26.485051609583007, "n_waypoints_completed": 9, "tot_waypoints": 9}}
{"target": -438.2341128380909, "params": {"k_pid_pos": [1.77140118678265, 0.9139414548619934, 0.1910201362064552], "k_pid_alt": [1.193823934894347, 0.5160868211243594, 0.2221585465345648], "k_pid_att": [10.589871874519275, 7.052852812553745, 0.19399515140121082], "k_pid_yaw": [0.5, 1e-06, 0.1], "k_pid_hsp": [9.632716268551729, 0.2204516379646364, 0.6521368658876092], "k_pid_vsp": [280.5430917089686, 354.8483210971316, 24.101923524944294]}, "datetime": {"datetime": "2025-08-12 04:51:05", "elapsed": 44744.77505040169, "delta": 34.11044430732727}, "costs": {"total_cost": 438.2341128380909, "time_cost": 108.07300000000001, "final_distance_cost": 1.787938546385061, "oscillation_cost": 208.19866402630345, "completition_cost": 0.0, "overshoot_cost": 61.1897684085488, "power_cost": 29.90672431640625, "noise_cost": 29.078017540447302, "n_waypoints_completed": 9, "tot_waypoints": 9}}
{"target": -647.3297102189183, "params": {"k_pid_pos": [0.4632551128836879, 0.3861508016183132, 0.0], "k_pid_alt": [2.0, 1.0, 0.2886412688071395], "k_pid_att": [47.57827984511724, 3.7015244075892624, 0.0], "k_pid_yaw": [0.5, 1e-06, 0.1], "k_pid_hsp": [2.0821014620002254, 0.0, 0.2440157730643599], "k_pid_vsp": [121.22914119550079, 99.12062899188372, 53.574728645752174]}, "datetime": {"datetime": "2025-08-12 04:51:39", "elapsed": 44778.97307348251, "delta": 34.198023080825806}, "costs": {"total_cost": 647.3297102189183, "time_cost": 102.84400000000001, "final_distance_cost": 1.7876337621911644, "oscillation_cost": 431.3407091398265, "completition_cost": 0.0, "overshoot_cost": 55.70775175048982, "power_cost": 30.601315075683594, "noise_cost": 25.048300490727257, "n_waypoints_completed": 9, "tot_waypoints": 9}}
{"target": -967.3976927899942, "params": {"k_pid_pos": [0.38715731624233435, 0.6605938968840962, 0.36880420581165807], "k_pid_alt": [0.10824525048259348, 0.03335755007394514, 0.8331455922285356], "k_pid_att": [35.63003881918198, 0.01458895575806123, 0.7590035862028669], "k_pid_yaw": [0.5, 1e-06, 0.1], "k_pid_hsp": [7.583230759215773, 0.6223528381061896, 0.30420784558063674], "k_pid_vsp": [342.4357459566525, 280.8929957806524, 237.9013653316913]}, "datetime": {"datetime": "2025-08-12 04:52:19", "elapsed": 44818.66688776016, "delta": 39.693814277648926}, "costs": {"total_cost": 967.3976927899942, "time_cost": 150, "final_distance_cost": 78.6490841276083, "oscillation_cost": 396.37213028017106, "completition_cost": 222.2222222222222, "overshoot_cost": 58.3689899230381, "power_cost": 33.59035718994141, "noise_cost": 28.19490904701317, "n_waypoints_completed": 7, "tot_waypoints": 9}}
{"target": -559.1618905830715, "params": {"k_pid_pos": [0.5599351659798107, 0.26460129020077994, 0.027341228803739237], "k_pid_alt": [1.7753673350714927, 0.38615811492069463, 0.11554966699932123], "k_pid_att": [38.27405063813624, 3.4480780402131828, 0.9240693222401197], "k_pid_yaw": [0.5, 1e-06, 0.1], "k_pid_hsp": [5.470875204995814, 0.1946708676499106, 0.15080058985897804], "k_pid_vsp": [56.02946124665742, 364.06080568383027, 87.93987516859808]}, "datetime": {"datetime": "2025-08-12 04:52:54", "elapsed": 44853.76119875908, "delta": 35.094310998916626}, "costs": {"total_cost": 559.1618905830715, "time_cost": 112.546, "final_distance_cost": 1.7532381997205297, "oscillation_cost": 329.5503481363889, "completition_cost": 0.0, "overshoot_cost": 56.93607684358591, "power_cost": 31.235960119628906, "noise_cost": 27.140267283747225, "n_waypoints_completed": 9, "tot_waypoints": 9}}
{"target": -393.6687802796424, "params": {"k_pid_pos": [1.761828205770861, 0.8193341221141908, 0.7425739732286447], "k_pid_alt": [1.4921064382255385, 0.664199303650717, 0.4262460097573926], "k_pid_att": [14.859803529250737, 5.09318301456218, 0.578478073077168], "k_pid_yaw": [0.5, 1e-06, 0.1], "k_pid_hsp": [6.124578159608674, 0.5737695464339836, 0.5948558220914885], "k_pid_vsp": [186.58250931429276, 320.9597633038491, 10.048838111994835]}, "datetime": {"datetime": "2025-08-12 04:53:23", "elapsed": 44882.64201569557, "delta": 28.88081693649292}, "costs": {"total_cost": 393.6687802796424, "time_cost": 87.35300000000001, "final_distance_cost": 1.7486731510697227, "oscillation_cost": 204.17815560782222, "completition_cost": 0.0, "overshoot_cost": 52.78953356652348, "power_cost": 23.72473270263672, "noise_cost": 23.8746852515903, "n_waypoints_completed": 9, "tot_waypoints": 9}}
{"target": -499.7026576757326, "params": {"k_pid_pos": [2.0, 0.0, 1.0], "k_pid_alt": [2.0, 1.0, 0.0], "k_pid_att": [27.84135929192626, 5.50924486238267, 0.0], "k_pid_yaw": [0.5, 1e-06, 0.1], "k_pid_hsp": [10.0, 0.0, 1.0], "k_pid_vsp": [220.35991776788583, 280.2264943981876, 66.12503721879575]}, "datetime": {"datetime": "2025-08-12 04:53:53", "elapsed": 44913.04095649719, "delta": 30.398940801620483}, "costs": {"total_cost": 499.7026576757326, "time_cost": 83.041, "final_distance_cost": 1.7870154886500604, "oscillation_cost": 314.19908833077653, "completition_cost": 0.0, "overshoot_cost": 55.52404947981046, "power_cost": 24.276157348632815, "noise_cost": 20.87534702786272, "n_waypoints_completed": 9, "tot_waypoints": 9}}
{"target": -395.78309481897145, "params": {"k_pid_pos": [1.400756584717685, 0.12438961885843547, 0.566234280143972], "k_pid_alt": [0.09154953398929044, 0.8023109763816365, 0.30548041843587914], "k_pid_att": [9.050371828638637, 2.5230261393081195, 0.6916321987851948], "k_pid_yaw": [0.5, 1e-06, 0.1], "k_pid_hsp": [1.4836050040231354, 0.17518422132025036, 0.26929615942134977], "k_pid_vsp": [238.12632211681228, 274.40710615535585, 24.44548046923587]}, "datetime": {"datetime": "2025-08-12 04:54:31", "elapsed": 44950.85850286484, "delta": 37.817546367645264}, "costs": {"total_cost": 395.78309481897145, "time_cost": 103.81, "final_distance_cost": 1.8069022270997588, "oscillation_cost": 171.30765013140729, "completition_cost": 0.0, "overshoot_cost": 66.0540712169172, "power_cost": 27.839347863769532, "noise_cost": 24.96512337977768, "n_waypoints_completed": 9, "tot_waypoints": 9}}
