{"target": -1025.5806828622347, "params": {"k_pid_pos": [0.618807193774137, 0.8905013251038203, 0.9129530671235675], "k_pid_alt": [0.9383144110950503, 0.9805097063262912, 0.5314326579919983], "k_pid_att": [58.99678416417839, 0.8852635139173995, 0.7905887291534809], "k_pid_yaw": [0.5, 1e-06, 0.1], "k_pid_hsp": [6.476708018984881, 0.3720563031159744, 0.4615327694492626], "k_pid_vsp": [131.43752586131123, 315.87019297796576, 266.88652155570543]}, "datetime": {"datetime": "2025-08-11 16:38:01", "elapsed": 760.9202620983124, "delta": 31.042649507522583}, "costs": {"total_cost": 1025.5806828622347, "time_cost": 150, "final_distance_cost": 74.64529378029496, "oscillation_cost": 452.46807011161405, "completition_cost": 222.2222222222222, "overshoot_cost": 62.2615446231827, "power_cost": 34.494820910644535, "noise_cost": 29.488731214276235, "n_waypoints_completed": 7, "tot_waypoints": 9}}
{"target": -1002.1263882144314, "params": {"k_pid_pos": [1.181475442488842, 0.3292194598805167, 0.7890035643710187], "k_pid_alt": [0.040490551827750965, 0.40477881279600825, 0.11756169010922968], "k_pid_att": [69.35038564013041, 6.889018618054034, 0.6130526281889594], "k_pid_yaw": [0.5, 1e-06, 0.1], "k_pid_hsp": [9.345991265128678, 0.07228468405143984, 0.7502298483458759], "k_pid_vsp": [176.18176475969673, 170.09256497056754, 272.4970776589113]}, "datetime": {"datetime": "2025-08-11 16:38:32", "elapsed": 791.3905446529388, "delta": 30.470282554626465}, "costs": {"total_cost": 1002.1263882144314, "time_cost": 150, "final_distance_cost": 53.80734148569097, "oscillation_cost": 544.860960553516, "completition_cost": 111.11111111111116, "overshoot_cost": 74.47436112948333, "power_cost": 36.414311523437505, "noise_cost": 31.458302411192296, "n_waypoints_completed": 8, "tot_waypoints": 9}}
{"target": -813.6831021582375, "params": {"k_pid_pos": [0.48322555816834417, 0.2775020692359613, 0.6995616318895638], "k_pid_alt": [1.333892141861858, 0.4679266863642818, 0.016660485079392884], "k_pid_att": [98.4300350946484, 3.528953219650594, 0.5121725927180987], "k_pid_yaw": [0.5, 1e-06, 0.1], "k_pid_hsp": [9.842799042595056, 0.9352833120922897, 0.17207286502570285], "k_pid_vsp": [358.713531399098, 6.497174870579048, 185.8045405240458]}, "datetime": {"datetime": "2025-08-11 16:39:00", "elapsed": 820.2840764522552, "delta": 28.893531799316406}, "costs": {"total_cost": 813.6831021582375, "time_cost": 113.617, "final_distance_cost": 1.835976463706916, "oscillation_cost": 578.8178878406445, "completition_cost": 0.0, "overshoot_cost": 59.52258705599533, "power_cost": 32.48294948730469, "noise_cost": 27.406701310585976, "n_waypoints_completed": 9, "tot_waypoints": 9}}
{"target": -1134.383136606587, "params": {"k_pid_pos": [1.0047006880385387, 0.42211369285500455, 0.5022111369079307], "k_pid_alt": [0.5797132356728725, 0.5906281645840393, 0.2341567038482042], "k_pid_att": [65.7872945500398, 2.06157409663279, 0.278077402252226], "k_pid_yaw": [0.5, 1e-06, 0.1], "k_pid_hsp": [8.628996516163987, 0.5887065826826, 0.8629898595922987], "k_pid_vsp": [317.3686673780748, 303.57771222512855, 230.1755811032546]}, "datetime": {"datetime": "2025-08-11 16:39:31", "elapsed": 851.1668701171875, "delta": 30.88279366493225}, "costs": {"total_cost": 1134.383136606587, "time_cost": 150, "final_distance_cost": 74.4865689469043, "oscillation_cost": 566.4603014343071, "completition_cost": 222.2222222222222, "overshoot_cost": 58.44484431351271, "power_cost": 35.14448392333985, "noise_cost": 27.62471576630079, "n_waypoints_completed": 7, "tot_waypoints": 9}}
{"target": -666.9435710412209, "params": {"k_pid_pos": [1.241578671156076, 0.22076047094343787, 0.8936860682813551], "k_pid_alt": [1.4644545137594944, 0.7944102584061472, 0.8924148797591047], "k_pid_att": [36.9722557438395, 4.034638435629066, 0.7728299666420391], "k_pid_yaw": [0.5, 1e-06, 0.1], "k_pid_hsp": [1.6293076534220166, 0.12309606263548589, 0.8109506366054361], "k_pid_vsp": [121.07194872863457, 372.92226313146443, 109.20947487692982]}, "datetime": {"datetime": "2025-08-11 16:40:02", "elapsed": 881.6337502002716, "delta": 30.466880083084106}, "costs": {"total_cost": 666.9435710412209, "time_cost": 118.867, "final_distance_cost": 1.7918191896494635, "oscillation_cost": 415.23373058166936, "completition_cost": 0.0, "overshoot_cost": 67.28299312601817, "power_cost": 34.249635412597655, "noise_cost": 29.518392731286276, "n_waypoints_completed": 9, "tot_waypoints": 9}}
{"target": -873.7728118757651, "params": {"k_pid_pos": [0.35801317006604483, 0.4051195498491458, 0.28381797764912686], "k_pid_alt": [1.6342739534841422, 0.3122114346790107, 0.04838430900044943], "k_pid_att": [90.26802084951383, 6.709550859260244, 0.8393198560394265], "k_pid_yaw": [0.5, 1e-06, 0.1], "k_pid_hsp": [5.349488453047717, 0.9369412835784493, 0.20692310968512995], "k_pid_vsp": [304.0223248721861, 142.85965113537782, 365.15036476384597]}, "datetime": {"datetime": "2025-08-11 16:40:32", "elapsed": 911.8352401256561, "delta": 30.20148992538452}, "costs": {"total_cost": 873.7728118757651, "time_cost": 150, "final_distance_cost": 5.893122835135067, "oscillation_cost": 477.4309728424042, "completition_cost": 111.11111111111116, "overshoot_cost": 65.02374568785703, "power_cost": 35.40571325683594, "noise_cost": 28.90814614242164, "n_waypoints_completed": 8, "tot_waypoints": 9}}
{"target": -1794.8900874723795, "params": {"k_pid_pos": [1.2322642937500798, 0.07692797961779574, 0.421917111843375], "k_pid_alt": [0.32964461041157533, 0.35222762747403846, 0.4075454617995269], "k_pid_att": [7.868293915138935, 9.081696811617142, 0.550409950962275], "k_pid_yaw": [0.5, 1e-06, 0.1], "k_pid_hsp": [2.2110571245060044, 0.9978878865456405, 0.8267594503103717], "k_pid_vsp": [174.52729274775112, 336.81393990404734, 377.0234628045059]}, "datetime": {"datetime": "2025-08-11 16:41:03", "elapsed": 943.1766121387482, "delta": 31.34137201309204}, "costs": {"total_cost": 1794.8900874723795, "time_cost": 150, "final_distance_cost": 3.7241319302375766, "oscillation_cost": 411.9066085332659, "completition_cost": 1000.0, "overshoot_cost": 149.78491392512154, "power_cost": 30.767780578613284, "noise_cost": 48.70665250514086, "n_waypoints_completed": 0, "tot_waypoints": 9}}
{"target": -661.7526181662616, "params": {"k_pid_pos": [1.604973292022178, 0.1587024206947295, 0.491789530161426], "k_pid_alt": [1.6515920062869984, 0.2136729854156718, 0.5378357502934726], "k_pid_att": [31.271134778259004, 3.5766332153370652, 0.0877158637214388], "k_pid_yaw": [0.5, 1e-06, 0.1], "k_pid_hsp": [5.558713211318473, 0.09970368445334443, 0.6855490589919243], "k_pid_vsp": [232.7775036924394, 322.14082647451266, 11.94868206072109]}, "datetime": {"datetime": "2025-08-11 16:41:29", "elapsed": 968.9104256629944, "delta": 25.733813524246216}, "costs": {"total_cost": 661.7526181662616, "time_cost": 97.384, "final_distance_cost": 1.7502278521796824, "oscillation_cost": 456.4325858784012, "completition_cost": 0.0, "overshoot_cost": 53.35703217831599, "power_cost": 26.95920125732422, "noise_cost": 25.869571000040548, "n_waypoints_completed": 9, "tot_waypoints": 9}}
{"target": -994.666149327879, "params": {"k_pid_pos": [0.816189796448773, 0.5941401472702038, 0.3326163103064276], "k_pid_alt": [0.36887325539935345, 0.7894291402537397, 0.7970174175054798], "k_pid_att": [83.33557058317717, 7.317646492198658, 0.019024794611595897], "k_pid_yaw": [0.5, 1e-06, 0.1], "k_pid_hsp": [6.360570607130569, 0.1353167863056739, 0.17611994503785822], "k_pid_vsp": [300.85680608085454, 190.74280544956682, 62.13949576624482]}, "datetime": {"datetime": "2025-08-11 16:41:59", "elapsed": 999.06218791008, "delta": 30.15176224708557}, "costs": {"total_cost": 994.666149327879, "time_cost": 150, "final_distance_cost": 65.90618800896875, "oscillation_cost": 542.5357088596439, "completition_cost": 111.11111111111116, "overshoot_cost": 59.82157702788881, "power_cost": 35.436398083496094, "noise_cost": 29.855166236770174, "n_waypoints_completed": 8, "tot_waypoints": 9}}
{"target": -1582.3561387438126, "params": {"k_pid_pos": [0.826695583258659, 0.28872883887110956, 0.9568654456369372], "k_pid_alt": [1.7178917784451426, 0.07082052141984563, 0.46520456457113635], "k_pid_att": [14.943937128695117, 9.91481611390317, 0.760718565138359], "k_pid_yaw": [0.5, 1e-06, 0.1], "k_pid_hsp": [9.903075037920601, 0.5340938807613123, 0.7074980784583185], "k_pid_vsp": [85.82360305882722, 321.20622670685543, 375.537039918334]}, "datetime": {"datetime": "2025-08-11 16:42:29", "elapsed": 1029.0631737709045, "delta": 30.000985860824585}, "costs": {"total_cost": 1582.3561387438126, "time_cost": 150, "final_distance_cost": 71.8496358266714, "oscillation_cost": 423.1675420031428, "completition_cost": 777.7777777777778, "overshoot_cost": 98.4252413747829, "power_cost": 31.214676696777346, "noise_cost": 29.921265064660584, "n_waypoints_completed": 2, "tot_waypoints": 9}}
{"target": -978.859295910368, "params": {"k_pid_pos": [0.7659371036670571, 0.2040411349741441, 0.9731242220782204], "k_pid_alt": [1.9177716199544252, 0.36819493850744356, 0.12522884223985487], "k_pid_att": [58.207330030892734, 0.03946170355120582, 0.051802230558471996], "k_pid_yaw": [0.5, 1e-06, 0.1], "k_pid_hsp": [1.6190640577926205, 0.97955328357404, 0.27237885502046155], "k_pid_vsp": [213.65471093798112, 108.75847655724652, 34.85708660373497]}, "datetime": {"datetime": "2025-08-11 16:42:59", "elapsed": 1059.3327276706696, "delta": 30.269553899765015}, "costs": {"total_cost": 978.859295910368, "time_cost": 150, "final_distance_cost": 64.27553551454416, "oscillation_cost": 432.44604190267285, "completition_cost": 222.2222222222222, "overshoot_cost": 45.42277142847966, "power_cost": 35.802815295410156, "noise_cost": 28.68990954703891, "n_waypoints_completed": 7, "tot_waypoints": 9}}
{"target": -389.97831231781663, "params": {"k_pid_pos": [1.6406288858919442, 0.8964871817750768, 0.9313219533722084], "k_pid_alt": [1.515678196090376, 0.02725509575698004, 0.642243497395385], "k_pid_att": [54.0030181562857, 3.112659078928482, 0.10327816368234466], "k_pid_yaw": [0.5, 1e-06, 0.1], "k_pid_hsp": [1.5250365136534445, 0.8196052532458962, 0.3292835439058497], "k_pid_vsp": [208.55181421547817, 232.78901454985686, 125.93199230766926]}, "datetime": {"datetime": "2025-08-11 16:43:21", "elapsed": 1081.0011751651764, "delta": 21.668447494506836}, "costs": {"total_cost": 389.97831231781663, "time_cost": 86.03, "final_distance_cost": 1.8055401591561957, "oscillation_cost": 189.3502545661562, "completition_cost": 0.0, "overshoot_cost": 62.84663488055012, "power_cost": 26.455750915527346, "noise_cost": 23.490131796426745, "n_waypoints_completed": 9, "tot_waypoints": 9}}
{"target": -929.6033531769536, "params": {"k_pid_pos": [0.32082547639114145, 0.30008962530735517, 0.10486749238519832], "k_pid_alt": [0.45036291516964266, 0.5742076259930884, 0.04388314224381473], "k_pid_att": [20.745720130165147, 6.295855521344044, 0.669845009198831], "k_pid_yaw": [0.5, 1e-06, 0.1], "k_pid_hsp": [5.723059108416584, 0.3066200670514987, 0.48116893921183845], "k_pid_vsp": [169.11200712562953, 14.979629483441137, 83.51064040210878]}, "datetime": {"datetime": "2025-08-11 16:43:51", "elapsed": 1110.8740646839142, "delta": 29.872889518737793}, "costs": {"total_cost": 929.6033531769536, "time_cost": 150, "final_distance_cost": 72.96460639620918, "oscillation_cost": 364.2400882341048, "completition_cost": 222.2222222222222, "overshoot_cost": 61.76918245980625, "power_cost": 31.065650915527346, "noise_cost": 27.341602949083843, "n_waypoints_completed": 7, "tot_waypoints": 9}}
{"target": -472.08545180842293, "params": {"k_pid_pos": [1.6901388963945887, 0.20194723938888381, 0.1705681396968386], "k_pid_alt": [1.161483727221264, 0.2053839947993934, 0.012819876753629944], "k_pid_att": [59.69935024729756, 0.07527938934831399, 0.2257379250706475], "k_pid_yaw": [0.5, 1e-06, 0.1], "k_pid_hsp": [2.6769332607960217, 0.8862941507309737, 0.48766474608467236], "k_pid_vsp": [349.3550872008701, 295.569432634847, 190.8778619584526]}, "datetime": {"datetime": "2025-08-11 16:44:17", "elapsed": 1137.1345822811127, "delta": 26.260517597198486}, "costs": {"total_cost": 472.08545180842293, "time_cost": 104.174, "final_distance_cost": 1.788533544075184, "oscillation_cost": 252.90853518700058, "completition_cost": 0.0, "overshoot_cost": 55.79133487283706, "power_cost": 31.580532458496094, "noise_cost": 25.842515746013973, "n_waypoints_completed": 9, "tot_waypoints": 9}}
{"target": -1890.1297497739367, "params": {"k_pid_pos": [1.1531394342682457, 0.17113287740374705, 0.8352434480968594], "k_pid_alt": [1.7717847525389614, 0.06232661173850962, 0.24403282764468814], "k_pid_att": [3.7614904235532487, 4.74275934905991, 0.05181267262255562], "k_pid_yaw": [0.5, 1e-06, 0.1], "k_pid_hsp": [1.3892057530010031, 0.5822132016528759, 0.04864475094652976], "k_pid_vsp": [244.2300865468455, 278.6612892162585, 364.75543520932064]}, "datetime": {"datetime": "2025-08-11 16:44:47", "elapsed": 1166.9907195568085, "delta": 29.8561372756958}, "costs": {"total_cost": 1890.1297497739367, "time_cost": 150, "final_distance_cost": 0.9995609852143268, "oscillation_cost": 430.3879229731844, "completition_cost": 1000.0, "overshoot_cost": 162.7700097696244, "power_cost": 29.233499731445313, "noise_cost": 116.73875631446822, "n_waypoints_completed": 0, "tot_waypoints": 9}}
{"target": -1168.2750982880136, "params": {"k_pid_pos": [1.5362107240242362, 0.41893712707607333, 0.5135658365175393], "k_pid_alt": [1.9214896814116003, 0.2906944580185282, 0.22492462813101022], "k_pid_att": [78.06630706966045, 6.789654133886119, 0.25854946576930704], "k_pid_yaw": [0.5, 1e-06, 0.1], "k_pid_hsp": [3.537303531674727, 0.5647404762026599, 0.8058489696049531], "k_pid_vsp": [96.56092470954532, 82.21054138497226, 256.6192143906954]}, "datetime": {"datetime": "2025-08-11 16:45:17", "elapsed": 1196.618307352066, "delta": 29.62758779525757}, "costs": {"total_cost": 1168.2750982880136, "time_cost": 150, "final_distance_cost": 51.63635260576954, "oscillation_cost": 348.4372901416206, "completition_cost": 444.4444444444444, "overshoot_cost": 98.90159775313654, "power_cost": 36.43566510009766, "noise_cost": 38.41974824294488, "n_waypoints_completed": 5, "tot_waypoints": 9}}
{"target": -627.3191710630852, "params": {"k_pid_pos": [1.444453430417684, 0.4040739167480971, 0.22078453231298245], "k_pid_alt": [0.45691446419487236, 0.1544982747488407, 0.74063756368209], "k_pid_att": [44.37242016904138, 9.915415820916198, 0.08356811272624054], "k_pid_yaw": [0.5, 1e-06, 0.1], "k_pid_hsp": [8.692975238009826, 0.11879120281572264, 0.27195723217987433], "k_pid_vsp": [180.06344756209822, 334.5508298722207, 63.94525287756718]}, "datetime": {"datetime": "2025-08-11 16:45:42", "elapsed": 1221.7295091152191, "delta": 25.111201763153076}, "costs": {"total_cost": 627.3191710630852, "time_cost": 100.163, "final_distance_cost": 1.7450434013278733, "oscillation_cost": 414.620141587817, "completition_cost": 0.0, "overshoot_cost": 55.55124349378434, "power_cost": 30.17699880371094, "noise_cost": 25.062743776445046, "n_waypoints_completed": 9, "tot_waypoints": 9}}
{"target": -1356.5206158014455, "params": {"k_pid_pos": [0.3039323555985094, 0.3318635518248432, 0.43822990222757363], "k_pid_alt": [0.2839271485938799, 0.934113516068448, 0.5090594350611518], "k_pid_att": [19.855369255873857, 8.377591701285297, 0.24256283697136438], "k_pid_yaw": [0.5, 1e-06, 0.1], "k_pid_hsp": [1.2150470889450977, 0.879690427921033, 0.4124204154233333], "k_pid_vsp": [296.25395261602216, 356.8858922616147, 70.20327309244996]}, "datetime": {"datetime": "2025-08-11 16:46:12", "elapsed": 1251.6695098876953, "delta": 29.940000772476196}, "costs": {"total_cost": 1356.5206158014455, "time_cost": 150, "final_distance_cost": 46.33091302560339, "oscillation_cost": 484.4430456921386, "completition_cost": 555.5555555555555, "overshoot_cost": 57.26304741340102, "power_cost": 32.61255415039063, "noise_cost": 30.315499964356434, "n_waypoints_completed": 4, "tot_waypoints": 9}}
{"target": -361.50622687940876, "params": {"k_pid_pos": [0.9128938256703664, 0.5931385722507181, 0.21228126573641992], "k_pid_alt": [1.0700160997834849, 0.33192014707851225, 0.2815275703167932], "k_pid_att": [15.20145435542437, 6.463261949838636, 0.24584398915367545], "k_pid_yaw": [0.5, 1e-06, 0.1], "k_pid_hsp": [5.936800200647801, 0.318717245943145, 0.046392657679773186], "k_pid_vsp": [49.22449384012238, 344.90040249128486, 142.499455892652]}, "datetime": {"datetime": "2025-08-11 16:46:41", "elapsed": 1280.9841930866241, "delta": 29.314683198928833}, "costs": {"total_cost": 361.50622687940876, "time_cost": 117.334, "final_distance_cost": 1.7662703270799476, "oscillation_cost": 119.10418828558795, "completition_cost": 0.0, "overshoot_cost": 63.44936733869878, "power_cost": 30.179580517578128, "noise_cost": 29.672820410463917, "n_waypoints_completed": 9, "tot_waypoints": 9}}
{"target": -772.0296730753973, "params": {"k_pid_pos": [0.4557717556865444, 0.794303663669213, 0.7173350972570918], "k_pid_alt": [1.0943410725357074, 0.1329752123602398, 0.5969879828723383], "k_pid_att": [17.832420511039516, 1.5411604687982734, 0.5888570409377979], "k_pid_yaw": [0.5, 1e-06, 0.1], "k_pid_hsp": [6.377788703800928, 0.5429025522836833, 0.0889499990221636], "k_pid_vsp": [272.4687870607721, 17.081418677958418, 80.04440989379933]}, "datetime": {"datetime": "2025-08-11 16:47:11", "elapsed": 1310.9953696727753, "delta": 30.011176586151123}, "costs": {"total_cost": 772.0296730753973, "time_cost": 150, "final_distance_cost": 65.58129231716917, "oscillation_cost": 228.04476978524963, "completition_cost": 222.2222222222222, "overshoot_cost": 46.80760178053414, "power_cost": 31.646213793945314, "noise_cost": 27.727573176276913, "n_waypoints_completed": 7, "tot_waypoints": 9}}
{"target": -1660.9128278858618, "params": {"k_pid_pos": [0.019136790374504616, 0.9949606355993229, 0.02109307638467328], "k_pid_alt": [1.3406413685425203, 0.9889778714571527, 0.2247009024385852], "k_pid_att": [2.546027706377463, 7.203517048853197, 0.1051948174988786], "k_pid_yaw": [0.5, 1e-06, 0.1], "k_pid_hsp": [6.2063268175166675, 0.865018279594767, 0.944663572696739], "k_pid_vsp": [116.35037807809647, 80.96837490977701, 304.89081644604215]}, "datetime": {"datetime": "2025-08-11 16:47:42", "elapsed": 1341.3977534770966, "delta": 30.40238380432129}, "costs": {"total_cost": 1660.9128278858618, "time_cost": 150, "final_distance_cost": 15.075151002108685, "oscillation_cost": 175.3607647203908, "completition_cost": 1000.0, "overshoot_cost": 168.36835610286545, "power_cost": 31.139940087890626, "noise_cost": 120.96861597260626, "n_waypoints_completed": 0, "tot_waypoints": 9}}
{"target": -1968.1095152955452, "params": {"k_pid_pos": [0.21174569158121775, 0.09656961111855722, 0.632645535726618], "k_pid_alt": [0.13710202786055503, 0.05287274424913857, 0.8785673045465381], "k_pid_att": [81.52654256946438, 8.141272826076388, 0.1618853468046938], "k_pid_yaw": [0.5, 1e-06, 0.1], "k_pid_hsp": [8.267502476479951, 0.12358105593004987, 0.814137247003005], "k_pid_vsp": [240.99964203274965, 234.04961005173746, 379.6514679575723]}, "datetime": {"datetime": "2025-08-11 16:48:12", "elapsed": 1371.9647443294525, "delta": 30.566990852355957}, "costs": {"total_cost": 1968.1095152955452, "time_cost": 150, "final_distance_cost": 91.55710284650148, "oscillation_cost": 842.2086753094644, "completition_cost": 777.7777777777778, "overshoot_cost": 43.81480958027099, "power_cost": 34.59274793701172, "noise_cost": 28.1584018445185, "n_waypoints_completed": 2, "tot_waypoints": 9}}
{"target": -736.354515236996, "params": {"k_pid_pos": [1.9422022393608367, 0.2352438380670191, 0.16513283665848522], "k_pid_alt": [0.6814787300497471, 0.23934145219155278, 0.0010828349803592152], "k_pid_att": [72.00450840982879, 1.7555785277090408, 0.684559055030288], "k_pid_yaw": [0.5, 1e-06, 0.1], "k_pid_hsp": [1.5993199876075876, 0.46090847084268605, 0.5287605541044104], "k_pid_vsp": [390.6437810094194, 281.8303387862463, 292.6277698540921]}, "datetime": {"datetime": "2025-08-11 16:48:43", "elapsed": 1402.5392608642578, "delta": 30.574516534805298}, "costs": {"total_cost": 736.354515236996, "time_cost": 150, "final_distance_cost": 18.922801271749826, "oscillation_cost": 315.7339514635527, "completition_cost": 111.11111111111116, "overshoot_cost": 74.85679829203298, "power_cost": 36.631096984863284, "noise_cost": 29.09875611368598, "n_waypoints_completed": 8, "tot_waypoints": 9}}
{"target": -705.0838336241419, "params": {"k_pid_pos": [1.4801845347109426, 0.20353341765640898, 0.37547333869623434], "k_pid_alt": [0.05270748221092081, 0.15912752737987745, 0.3999707727124737], "k_pid_att": [87.71448416998281, 0.217768521105132, 0.5313700304793268], "k_pid_yaw": [0.5, 1e-06, 0.1], "k_pid_hsp": [9.40528210232813, 0.15816731338649337, 0.573118484901624], "k_pid_vsp": [127.93947796983707, 119.16157324702459, 107.64542161779572]}, "datetime": {"datetime": "2025-08-11 16:49:09", "elapsed": 1428.922156572342, "delta": 26.382895708084106}, "costs": {"total_cost": 705.0838336241419, "time_cost": 105.98, "final_distance_cost": 1.7850508126865046, "oscillation_cost": 471.75001545940194, "completition_cost": 0.0, "overshoot_cost": 67.87491814855487, "power_cost": 32.066982849121096, "noise_cost": 25.62686635437735, "n_waypoints_completed": 9, "tot_waypoints": 9}}
