{"target": -986.0756832701513, "params": {"k_pid_pos": [1.1929313382935027, 0.7409141568571144, 0.13980234186755713], "k_pid_alt": [0.518391878270807, 0.6621271852510143, 0.41342403521571114], "k_pid_att": [46.75686956169894, 1.814519594642494, 0.4630710094788364], "k_pid_yaw": [0.5, 1e-06, 0.1], "k_pid_hsp": [2.4011424468305886, 0.18701756863252328, 0.2365078090566467], "k_pid_vsp": [201.85059292881203, 236.5239188264118, 139.77905039741975]}, "datetime": {"datetime": "2025-08-12 07:03:37", "elapsed": 52696.620337963104, "delta": 47.679221630096436}, "costs": {"total_cost": 986.0756832701513, "time_cost": 150, "final_distance_cost": 66.58028017425374, "oscillation_cost": 310.9751237076559, "completition_cost": 333.33333333333337, "overshoot_cost": 57.73113484135572, "power_cost": 36.30494432373047, "noise_cost": 31.150866889822268, "n_waypoints_completed": 6, "tot_waypoints": 9}}
{"target": -391.802522494282, "params": {"k_pid_pos": [1.7816395073308415, 0.1367298408201444, 0.597179876330377], "k_pid_alt": [1.3162151405762312, 0.872222007370551, 0.6906411976549558], "k_pid_att": [17.69232724161265, 4.275213641873888, 0.497217666604471], "k_pid_yaw": [0.5, 1e-06, 0.1], "k_pid_hsp": [4.247687360415536, 0.7248014914875759, 0.8777540031539482], "k_pid_vsp": [241.19581120950917, 264.5103579117148, 31.999211158134766]}, "datetime": {"datetime": "2025-08-12 07:04:07", "elapsed": 52726.99623632431, "delta": 30.375898361206055}, "costs": {"total_cost": 391.802522494282, "time_cost": 85.421, "final_distance_cost": 1.7639036312416476, "oscillation_cost": 206.18642171102283, "completition_cost": 0.0, "overshoot_cost": 53.940189560247575, "power_cost": 23.0715892578125, "noise_cost": 21.41941833395748, "n_waypoints_completed": 9, "tot_waypoints": 9}}
{"target": -629.2972559617621, "params": {"k_pid_pos": [0.5067215127628972, 0.4396692430922856, 0.7247182860632108], "k_pid_alt": [1.6429910433511017, 0.7905762443343485, 0.03901818161668824], "k_pid_att": [7.079593186950217, 9.15184284717198, 0.0940136671809666], "k_pid_yaw": [0.5, 1e-06, 0.1], "k_pid_hsp": [7.454045242661301, 0.7190946538724592, 0.30033401696389106], "k_pid_vsp": [237.34828959045538, 273.37024167762445, 28.81841808088248]}, "datetime": {"datetime": "2025-08-12 07:04:46", "elapsed": 52766.27826666832, "delta": 39.2820303440094}, "costs": {"total_cost": 629.2972559617621, "time_cost": 119.014, "final_distance_cost": 1.7784055796272795, "oscillation_cost": 390.1562744166775, "completition_cost": 0.0, "overshoot_cost": 58.42117403845129, "power_cost": 30.618443115234378, "noise_cost": 29.30895881177167, "n_waypoints_completed": 9, "tot_waypoints": 9}}
{"target": -920.0631626764109, "params": {"k_pid_pos": [1.4243988362823166, 0.49613829539287757, 0.4778635010272172], "k_pid_alt": [1.2995884767933912, 0.10886495573728117, 0.24355140110109152], "k_pid_att": [12.65613972668409, 4.261091328776448, 0.3320105281108249], "k_pid_yaw": [0.5, 1e-06, 0.1], "k_pid_hsp": [0.852915602714694, 0.036141597616586085, 0.5200375839912359], "k_pid_vsp": [251.0360113408651, 267.0603680518159, 44.167565808542854]}, "datetime": {"datetime": "2025-08-12 07:05:29", "elapsed": 52809.22683238983, "delta": 42.94856572151184}, "costs": {"total_cost": 920.0631626764109, "time_cost": 150, "final_distance_cost": 66.83830269157784, "oscillation_cost": 369.56450873166716, "completition_cost": 222.2222222222222, "overshoot_cost": 51.69450485063122, "power_cost": 31.612478845214845, "noise_cost": 28.131145335097745, "n_waypoints_completed": 7, "tot_waypoints": 9}}
{"target": -694.3364671536572, "params": {"k_pid_pos": [1.0394471234049618, 0.9764418006073312, 0.06024719880150753], "k_pid_alt": [0.5099130634020526, 0.047132379012478576, 0.7490549918465436], "k_pid_att": [6.719079812537299, 8.55002068984561, 0.601590887009299], "k_pid_yaw": [0.5, 1e-06, 0.1], "k_pid_hsp": [3.234244176847328, 0.6750279515254577, 0.24435623848476717], "k_pid_vsp": [304.4913635533808, 296.54478799216196, 174.43898861312786]}, "datetime": {"datetime": "2025-08-12 07:06:08", "elapsed": 52847.8312087059, "delta": 38.60437631607056}, "costs": {"total_cost": 694.3364671536572, "time_cost": 150, "final_distance_cost": 59.524965450998714, "oscillation_cost": 133.20306487530414, "completition_cost": 222.2222222222222, "overshoot_cost": 62.40278762641871, "power_cost": 37.218089880371096, "noise_cost": 29.76533709834245, "n_waypoints_completed": 7, "tot_waypoints": 9}}
{"target": -398.59258780396283, "params": {"k_pid_pos": [1.6799342554854941, 0.614912967995074, 0.8277499933160981], "k_pid_alt": [1.7083100929237272, 0.8597538277065714, 0.5484496473417735], "k_pid_att": [21.395070421858854, 5.444992221876589, 0.369653902480772], "k_pid_yaw": [0.5, 1e-06, 0.1], "k_pid_hsp": [2.1645778051952846, 0.7527550603694244, 0.08240330109419702], "k_pid_vsp": [86.32597218619455, 203.16254020128315, 36.98549208514987]}, "datetime": {"datetime": "2025-08-12 07:06:38", "elapsed": 52878.07029533386, "delta": 30.239086627960205}, "costs": {"total_cost": 398.59258780396283, "time_cost": 83.118, "final_distance_cost": 1.778378593007475, "oscillation_cost": 218.37478121105, "completition_cost": 0.0, "overshoot_cost": 51.13585692258239, "power_cost": 23.10213640136719, "noise_cost": 21.083434675955782, "n_waypoints_completed": 9, "tot_waypoints": 9}}
{"target": -624.2686296468598, "params": {"k_pid_pos": [1.1444944733953737, 0.5338133616353126, 0.8539516663493661], "k_pid_alt": [0.5502930729401792, 0.35491305427397124, 0.3945088228759247], "k_pid_att": [10.05213854711695, 4.025224047945794, 0.998749500692615], "k_pid_yaw": [0.5, 1e-06, 0.1], "k_pid_hsp": [7.819404141336895, 0.14727974246685926, 0.6371237915189412], "k_pid_vsp": [37.86218945150415, 363.59674794727664, 143.98912673868378]}, "datetime": {"datetime": "2025-08-12 07:07:17", "elapsed": 52917.09110093117, "delta": 39.0208055973053}, "costs": {"total_cost": 624.2686296468598, "time_cost": 150, "final_distance_cost": 3.2990873914338064, "oscillation_cost": 235.07987948733145, "completition_cost": 111.11111111111116, "overshoot_cost": 64.06430812261114, "power_cost": 33.10641094970703, "noise_cost": 27.60783258466517, "n_waypoints_completed": 8, "tot_waypoints": 9}}
{"target": -382.2763929192042, "params": {"k_pid_pos": [1.61756460009666, 0.9253580762221053, 0.3932343506793926], "k_pid_alt": [0.6294313428783791, 0.35355544454603105, 0.8871733879491422], "k_pid_att": [3.7610856417257144, 7.382334593518983, 0.4574269620730329], "k_pid_yaw": [0.5, 1e-06, 0.1], "k_pid_hsp": [6.483872500503794, 0.11432088338320945, 0.6483954756049067], "k_pid_vsp": [262.32452208638074, 268.1698537757702, 43.43952597015891]}, "datetime": {"datetime": "2025-08-12 07:07:53", "elapsed": 52952.67946958542, "delta": 35.5883686542511}, "costs": {"total_cost": 382.2763929192042, "time_cost": 101.899, "final_distance_cost": 1.734297863614602, "oscillation_cost": 166.97973982429951, "completition_cost": 0.0, "overshoot_cost": 58.309092425356674, "power_cost": 27.918596545410157, "noise_cost": 25.435666260523323, "n_waypoints_completed": 9, "tot_waypoints": 9}}
{"target": -877.8244239426705, "params": {"k_pid_pos": [0.07740244988042388, 0.6741293115717109, 0.020286922897528092], "k_pid_alt": [0.6341237866627019, 0.23675981677265812, 0.49726127423913313], "k_pid_att": [18.30393579669687, 5.060316261921061, 0.49358701616662237], "k_pid_yaw": [0.5, 1e-06, 0.1], "k_pid_hsp": [1.1529211378607713, 0.7206585108647161, 0.4189814048195569], "k_pid_vsp": [73.25542180618001, 215.9138297124926, 41.65770021908335]}, "datetime": {"datetime": "2025-08-12 07:08:33", "elapsed": 52992.42171263695, "delta": 39.74224305152893}, "costs": {"total_cost": 877.8244239426705, "time_cost": 150, "final_distance_cost": 67.36861719124441, "oscillation_cost": 188.19354715801396, "completition_cost": 333.33333333333337, "overshoot_cost": 73.78521576760289, "power_cost": 34.72273282470703, "noise_cost": 30.420977667768906, "n_waypoints_completed": 6, "tot_waypoints": 9}}
{"target": -373.7669369377001, "params": {"k_pid_pos": [0.8480070461836093, 0.14950985681130158, 0.02704718850845611], "k_pid_alt": [1.6461691267461358, 0.9285239835057855, 0.086090922658844], "k_pid_att": [7.411727976584126, 1.8088857243811454, 0.2712263878240825], "k_pid_yaw": [0.5, 1e-06, 0.1], "k_pid_hsp": [6.268411466576427, 0.1252642345345476, 0.681084548389437], "k_pid_vsp": [244.9380005438393, 265.69072353192087, 35.30197394645434]}, "datetime": {"datetime": "2025-08-12 07:09:05", "elapsed": 53024.72007441521, "delta": 32.29836177825928}, "costs": {"total_cost": 373.7669369377001, "time_cost": 92.911, "final_distance_cost": 1.7973256648091418, "oscillation_cost": 174.92253684487235, "completition_cost": 0.0, "overshoot_cost": 57.39234408239212, "power_cost": 24.371152404785157, "noise_cost": 22.37257794084135, "n_waypoints_completed": 9, "tot_waypoints": 9}}
{"target": -437.72578223298353, "params": {"k_pid_pos": [1.0041212382029363, 0.2564101889195548, 0.4040422985966059], "k_pid_alt": [1.514225124421666, 0.6535642282995201, 0.04931068283220519], "k_pid_att": [20.934338424489773, 5.114578694296422, 0.9223684109356831], "k_pid_yaw": [0.5, 1e-06, 0.1], "k_pid_hsp": [7.3777688387581986, 0.3632183914674253, 0.3755215488806397], "k_pid_vsp": [246.68679875644722, 272.1044122053633, 42.512273766188045]}, "datetime": {"datetime": "2025-08-12 07:09:39", "elapsed": 53058.5317299366, "delta": 33.81165552139282}, "costs": {"total_cost": 437.72578223298353, "time_cost": 97.671, "final_distance_cost": 1.7371887008808975, "oscillation_cost": 233.14372341821004, "completition_cost": 0.0, "overshoot_cost": 54.694366499263474, "power_cost": 26.402284594726563, "noise_cost": 24.07721901990254, "n_waypoints_completed": 9, "tot_waypoints": 9}}
{"target": -451.01811328022256, "params": {"k_pid_pos": [1.5086906640471023, 0.2477014201382367, 0.7754989152211202], "k_pid_alt": [1.2855634380578596, 0.27618087889292975, 0.13873011779377797], "k_pid_att": [37.38670207008439, 7.218042065228293, 0.9762481658314087], "k_pid_yaw": [0.5, 1e-06, 0.1], "k_pid_hsp": [3.539830979684718, 0.018094263305420966, 0.53345125687402], "k_pid_vsp": [275.0101508464873, 322.79337906990315, 69.9184443115492]}, "datetime": {"datetime": "2025-08-12 07:10:12", "elapsed": 53091.6011838913, "delta": 33.069453954696655}, "costs": {"total_cost": 451.01811328022256, "time_cost": 92.239, "final_distance_cost": 1.7725449219159723, "oscillation_cost": 253.5685406140078, "completition_cost": 0.0, "overshoot_cost": 53.82869245352407, "power_cost": 26.650110253906252, "noise_cost": 22.959225036868464, "n_waypoints_completed": 9, "tot_waypoints": 9}}
{"target": -587.7138078499447, "params": {"k_pid_pos": [1.643979688119961, 0.9870002318860045, 0.6847323713121376], "k_pid_alt": [0.847724745245281, 0.06619924866116034, 0.5730785988278673], "k_pid_att": [39.37641052192041, 2.2098117656038743, 0.5415376459532267], "k_pid_yaw": [0.5, 1e-06, 0.1], "k_pid_hsp": [9.068297833413208, 0.1811532583389751, 0.45207746257769466], "k_pid_vsp": [124.81071665879328, 375.7027250985827, 107.97478589161256]}, "datetime": {"datetime": "2025-08-12 07:10:50", "elapsed": 53129.8961827755, "delta": 38.29499888420105}, "costs": {"total_cost": 587.7138078499447, "time_cost": 114.71600000000001, "final_distance_cost": 1.7425166549817495, "oscillation_cost": 353.43253926816465, "completition_cost": 0.0, "overshoot_cost": 55.17048740046692, "power_cost": 34.16789158935547, "noise_cost": 28.484372936975962, "n_waypoints_completed": 9, "tot_waypoints": 9}}
{"target": -752.3787462923808, "params": {"k_pid_pos": [0.46269265920644287, 0.48272084895428813, 0.7063220789683958], "k_pid_alt": [0.5470186779733581, 0.44856887785668587, 0.1640230351390285], "k_pid_att": [7.0757760139601, 6.556144895202579, 0.906792006135946], "k_pid_yaw": [0.5, 1e-06, 0.1], "k_pid_hsp": [7.457319576903026, 0.3660740848459899, 0.8018673109908061], "k_pid_vsp": [270.7305093199833, 364.8666998587855, 26.29669273267692]}, "datetime": {"datetime": "2025-08-12 07:11:30", "elapsed": 53170.10524177551, "delta": 40.20905900001526}, "costs": {"total_cost": 752.3787462923808, "time_cost": 150, "final_distance_cost": 62.06775281284949, "oscillation_cost": 204.28599249901598, "completition_cost": 222.2222222222222, "overshoot_cost": 51.78487416082553, "power_cost": 32.43814002685547, "noise_cost": 29.579764570612163, "n_waypoints_completed": 7, "tot_waypoints": 9}}
{"target": -302.16793301013905, "params": {"k_pid_pos": [1.1881449562045818, 0.9196524724681656, 0.7067110323401777], "k_pid_alt": [1.912868256640767, 0.78513514594774, 0.824619207785703], "k_pid_att": [4.8239653846135155, 3.0446106576258596, 0.8501633950214093], "k_pid_yaw": [0.5, 1e-06, 0.1], "k_pid_hsp": [3.7302174772675243, 0.1637349235470993, 0.08202844569686674], "k_pid_vsp": [269.9153486352182, 361.0103228791868, 32.566213533202784]}, "datetime": {"datetime": "2025-08-12 07:12:08", "elapsed": 53207.98642206192, "delta": 37.88118028640747}, "costs": {"total_cost": 302.16793301013905, "time_cost": 95.20700000000001, "final_distance_cost": 1.7509930317505482, "oscillation_cost": 102.98940143514064, "completition_cost": 0.0, "overshoot_cost": 53.681600204708786, "power_cost": 24.952704858398437, "noise_cost": 23.586233480140685, "n_waypoints_completed": 9, "tot_waypoints": 9}}
{"target": -651.2425190785249, "params": {"k_pid_pos": [1.7074516518856988, 0.16399377151538197, 0.978881626557694], "k_pid_alt": [1.9771808797146493, 0.30398748353790317, 0.40785895653607185], "k_pid_att": [39.62440962730335, 9.049707999471499, 0.34265363847812724], "k_pid_yaw": [0.5, 1e-06, 0.1], "k_pid_hsp": [2.225962953993991, 0.11720557705833978, 0.881566434294987], "k_pid_vsp": [339.169290520218, 285.97943153801657, 241.9997318144919]}, "datetime": {"datetime": "2025-08-12 07:12:47", "elapsed": 53246.68255209923, "delta": 38.69613003730774}, "costs": {"total_cost": 651.2425190785249, "time_cost": 114.19800000000001, "final_distance_cost": 1.7767359217240608, "oscillation_cost": 412.1806715486005, "completition_cost": 0.0, "overshoot_cost": 61.0756557596963, "power_cost": 34.00861929931641, "noise_cost": 28.002836549187553, "n_waypoints_completed": 9, "tot_waypoints": 9}}
{"target": -1035.2756491126647, "params": {"k_pid_pos": [0.8528145996789623, 0.4319206620727184, 0.7871593554965546], "k_pid_alt": [0.43963396649441644, 0.6402559978737649, 0.32804974975011825], "k_pid_att": [35.68394721621365, 3.5220128809201108, 0.9141322525700625], "k_pid_yaw": [0.5, 1e-06, 0.1], "k_pid_hsp": [1.8685093821938732, 0.5360197590286518, 0.7734832484665285], "k_pid_vsp": [28.9104187317633, 392.80498228853907, 65.44889114257916]}, "datetime": {"datetime": "2025-08-12 07:13:26", "elapsed": 53285.88532161713, "delta": 39.20276951789856}, "costs": {"total_cost": 1035.2756491126647, "time_cost": 150, "final_distance_cost": 70.13947674600958, "oscillation_cost": 359.52752674266577, "completition_cost": 333.33333333333337, "overshoot_cost": 55.52248598655688, "power_cost": 35.71008880615234, "noise_cost": 31.042737497946792, "n_waypoints_completed": 6, "tot_waypoints": 9}}
{"target": -1606.4639800037116, "params": {"k_pid_pos": [0.3371426371137633, 0.15918451579089365, 0.38649661385281187], "k_pid_alt": [0.20160403880248112, 0.799006890319985, 0.11205930530379105], "k_pid_att": [11.728092993374982, 6.5988163520063905, 0.34190172454604517], "k_pid_yaw": [0.5, 1e-06, 0.1], "k_pid_hsp": [2.943948608777271, 0.15937839535757148, 0.9296650299497031], "k_pid_vsp": [82.5454979164594, 220.76466355136338, 45.91866855688029]}, "datetime": {"datetime": "2025-08-12 07:14:04", "elapsed": 53323.693742990494, "delta": 37.80842137336731}, "costs": {"total_cost": 1606.4639800037116, "time_cost": 150, "final_distance_cost": 65.81507317848789, "oscillation_cost": 415.67306723263954, "completition_cost": 888.8888888888888, "overshoot_cost": 29.15126980939552, "power_cost": 29.561634130859378, "noise_cost": 27.374046763440703, "n_waypoints_completed": 1, "tot_waypoints": 9}}
{"target": -414.6481092397281, "params": {"k_pid_pos": [2.0, 0.0, 1.0], "k_pid_alt": [2.0, 1.0, 0.45955262323844587], "k_pid_att": [54.13735624138478, 3.7525236499988632, 1.0], "k_pid_yaw": [0.5, 1e-06, 0.1], "k_pid_hsp": [4.9974836705150825, 0.549149827681925, 0.4668429549632103], "k_pid_vsp": [216.85974224061331, 101.51417262917154, 40.00456376727892]}, "datetime": {"datetime": "2025-08-12 07:14:43", "elapsed": 53362.70404982567, "delta": 39.01030683517456}, "costs": {"total_cost": 414.6481092397281, "time_cost": 82.425, "final_distance_cost": 1.801769258977372, "oscillation_cost": 231.63723111555157, "completition_cost": 0.0, "overshoot_cost": 53.48367644444198, "power_cost": 24.87356472167969, "noise_cost": 20.426867699077462, "n_waypoints_completed": 9, "tot_waypoints": 9}}
{"target": -811.9931359652497, "params": {"k_pid_pos": [1.153182767424242, 0.9751753329904962, 0.5350289527626285], "k_pid_alt": [0.06369948082859755, 0.28897392077627326, 0.9800407693412491], "k_pid_att": [9.183401045085393, 3.537203924154276, 0.41498147139453134], "k_pid_yaw": [0.5, 1e-06, 0.1], "k_pid_hsp": [7.183532314281957, 0.6612327671721404, 0.35218958263681843], "k_pid_vsp": [286.1256351727882, 351.70956796634397, 91.42733031034544]}, "datetime": {"datetime": "2025-08-12 07:15:29", "elapsed": 53409.21342802048, "delta": 46.50937819480896}, "costs": {"total_cost": 811.9931359652497, "time_cost": 150, "final_distance_cost": 66.69525826341575, "oscillation_cost": 249.5284363805224, "completition_cost": 222.2222222222222, "overshoot_cost": 59.593703663475736, "power_cost": 33.186180114746094, "noise_cost": 30.767335320867534, "n_waypoints_completed": 7, "tot_waypoints": 9}}
{"target": -427.20760978106824, "params": {"k_pid_pos": [2.0, 0.11401647983920511, 0.0], "k_pid_alt": [0.513265217358567, 0.8551338980269605, 1.0], "k_pid_att": [33.304754846695644, 2.2691518025691013, 0.1816320897081931], "k_pid_yaw": [0.5, 1e-06, 0.1], "k_pid_hsp": [7.626431380180028, 1.0, 0.0], "k_pid_vsp": [285.378324797613, 347.7585768044457, 26.632099268704476]}, "datetime": {"datetime": "2025-08-12 07:16:06", "elapsed": 53445.47895002365, "delta": 36.26552200317383}, "costs": {"total_cost": 427.20760978106824, "time_cost": 103.60000000000001, "final_distance_cost": 1.7742939944360114, "oscillation_cost": 205.31940672800246, "completition_cost": 0.0, "overshoot_cost": 60.15180821184959, "power_cost": 28.543761169433594, "noise_cost": 27.818339677346547, "n_waypoints_completed": 9, "tot_waypoints": 9}}
{"target": -379.2090986951833, "params": {"k_pid_pos": [1.2778025649711693, 0.9208870628352397, 0.4895748306324905], "k_pid_alt": [0.4763939154948502, 0.27930087510936097, 0.5216802988409392], "k_pid_att": [5.92442781795085, 3.9519227211303907, 0.42047634016709856], "k_pid_yaw": [0.5, 1e-06, 0.1], "k_pid_hsp": [7.112417725093718, 0.5866006006978913, 0.41596834040303354], "k_pid_vsp": [270.34860855548925, 262.63485940189264, 46.67446839910068]}, "datetime": {"datetime": "2025-08-12 07:16:46", "elapsed": 53485.83826160431, "delta": 40.35931158065796}, "costs": {"total_cost": 379.2090986951833, "time_cost": 105.756, "final_distance_cost": 1.7558228215329925, "oscillation_cost": 159.51992505972132, "completition_cost": 0.0, "overshoot_cost": 56.19826877374133, "power_cost": 29.235763256835938, "noise_cost": 26.743318783351697, "n_waypoints_completed": 9, "tot_waypoints": 9}}
{"target": -723.2230516340929, "params": {"k_pid_pos": [1.6708192725819604, 0.8246038264405623, 0.34920322183288377], "k_pid_alt": [0.09154424763116453, 0.4829759918507618, 0.7550719460779657], "k_pid_att": [28.53671806683964, 3.555901133601036, 0.9322035861700021], "k_pid_yaw": [0.5, 1e-06, 0.1], "k_pid_hsp": [5.925500881359472, 0.12642199707192803, 0.0881371220650482], "k_pid_vsp": [22.450894393182843, 393.9247397597546, 56.98407546900967]}, "datetime": {"datetime": "2025-08-12 07:17:40", "elapsed": 53539.67217540741, "delta": 53.833913803100586}, "costs": {"total_cost": 723.2230516340929, "time_cost": 150, "final_distance_cost": 74.22390207524677, "oscillation_cost": 150.75345959411672, "completition_cost": 222.2222222222222, "overshoot_cost": 59.40919215796575, "power_cost": 34.24917265625, "noise_cost": 32.365102928291435, "n_waypoints_completed": 7, "tot_waypoints": 9}}
{"target": -682.8693280994462, "params": {"k_pid_pos": [0.8256321070104468, 0.849580047291265, 0.0009481471012129372], "k_pid_alt": [1.1476642914307629, 0.8392390899424588, 0.9342587321279189], "k_pid_att": [3.231788890082077, 0.4651404462084478, 0.14869132682021502], "k_pid_yaw": [0.5, 1e-06, 0.1], "k_pid_hsp": [6.244856913109189, 0.6397536918203144, 0.15480574352827658], "k_pid_vsp": [269.30714248859624, 264.1729268135685, 34.75497481462884]}, "datetime": {"datetime": "2025-08-12 07:18:39", "elapsed": 53598.72497153282, "delta": 59.05279612541199}, "costs": {"total_cost": 682.8693280994462, "time_cost": 150, "final_distance_cost": 62.879811859950806, "oscillation_cost": 116.97443080902575, "completition_cost": 222.2222222222222, "overshoot_cost": 62.41581531408244, "power_cost": 35.5395494140625, "noise_cost": 32.83749848010245, "n_waypoints_completed": 7, "tot_waypoints": 9}}
