{"target": -491.24907783760364, "params": {"k_pid_pos": [1.9087003528250284, 0.7060719376173586, 0.21331523270870079], "k_pid_alt": [1.2968157440386916, 0.24782817939194113, 0.6842552054767335], "k_pid_att": [11.599235937558216, 4.058202784147061, 0.42196840423879955], "k_pid_yaw": [0.5, 1e-06, 0.1], "k_pid_hsp": [8.231932478931334, 0.22955712055713373, 0.8387268541261702], "k_pid_vsp": [230.07003819569806, 269.740602326997, 26.3567123559458]}, "datetime": {"datetime": "2025-08-12 11:48:30", "elapsed": 69789.51512098312, "delta": 42.040529012680054}, "costs": {"total_cost": 491.24907783760364, "time_cost": 119.476, "final_distance_cost": 1.7844062782157648, "oscillation_cost": 246.09421381101595, "completition_cost": 0.0, "overshoot_cost": 60.32699459415999, "power_cost": 33.13240528564453, "noise_cost": 30.435057868567366, "n_waypoints_completed": 9, "tot_waypoints": 9}}
{"target": -827.0529154961871, "params": {"k_pid_pos": [1.5488525554802486, 0.651545456507918, 0.2673022250502468], "k_pid_alt": [1.51928970642325, 0.5107878374415885, 0.9410486210135333], "k_pid_att": [1.8747888775981214, 3.7249147602805652, 0.5378523116955894], "k_pid_yaw": [0.5, 1e-06, 0.1], "k_pid_hsp": [5.448929559832206, 0.03432982679920438, 0.4715224064400163], "k_pid_vsp": [270.13856099674126, 356.0160977184541, 34.415145687588904]}, "datetime": {"datetime": "2025-08-12 11:49:11", "elapsed": 69831.0402379036, "delta": 41.52511692047119}, "costs": {"total_cost": 827.0529154961871, "time_cost": 150, "final_distance_cost": 75.14135259059539, "oscillation_cost": 254.7537710140569, "completition_cost": 222.2222222222222, "overshoot_cost": 62.40464531574849, "power_cost": 33.74139866943359, "noise_cost": 28.789525684130638, "n_waypoints_completed": 7, "tot_waypoints": 9}}
{"target": -560.9147617062494, "params": {"k_pid_pos": [0.44551777458316466, 0.07167125383794115, 0.49084453412262685], "k_pid_alt": [1.2750884688163608, 0.837088070694174, 0.7506921877788669], "k_pid_att": [12.46848189802856, 5.232589289160686, 0.024384203179618757], "k_pid_yaw": [0.5, 1e-06, 0.1], "k_pid_hsp": [9.74719483958749, 0.26199008644207744, 0.10561463100028778], "k_pid_vsp": [236.46989523860472, 261.6434312051694, 21.33289179025218]}, "datetime": {"datetime": "2025-08-12 11:49:48", "elapsed": 69868.1713783741, "delta": 37.13114047050476}, "costs": {"total_cost": 560.9147617062494, "time_cost": 95.662, "final_distance_cost": 1.8211115072694954, "oscillation_cost": 358.49820563160364, "completition_cost": 0.0, "overshoot_cost": 55.40824327145002, "power_cost": 24.20854794921875, "noise_cost": 25.31665334670746, "n_waypoints_completed": 9, "tot_waypoints": 9}}
{"target": -282.81056890173966, "params": {"k_pid_pos": [2.0, 0.0, 0.0], "k_pid_alt": [2.0, 1.0, 1.0], "k_pid_att": [6.726042074356542, 0.8790958151578739, 1.0], "k_pid_yaw": [0.5, 1e-06, 0.1], "k_pid_hsp": [8.806442528152052, 0.0, 1.0], "k_pid_vsp": [191.8080409105512, 329.955076568105, 18.369810291564423]}, "datetime": {"datetime": "2025-08-12 11:50:24", "elapsed": 69904.34336566925, "delta": 36.17198729515076}, "costs": {"total_cost": 282.81056890173966, "time_cost": 80.052, "final_distance_cost": 1.732472912055961, "oscillation_cost": 103.81742832724625, "completition_cost": 0.0, "overshoot_cost": 54.81982862507731, "power_cost": 21.978234228515625, "noise_cost": 20.410604808844493, "n_waypoints_completed": 9, "tot_waypoints": 9}}
{"target": -710.6217546485466, "params": {"k_pid_pos": [1.6128153494160942, 0.9703583087447513, 0.8074092011343023], "k_pid_alt": [0.0967365563379956, 0.8616734671922904, 0.12655584535820796], "k_pid_att": [19.53763507377285, 4.631600232343272, 0.9601280409118448], "k_pid_yaw": [0.5, 1e-06, 0.1], "k_pid_hsp": [6.214630061482341, 0.01908386994550504, 0.1429508264898628], "k_pid_vsp": [190.36765026388275, 322.2563120436752, 4.570177838596925]}, "datetime": {"datetime": "2025-08-12 11:51:28", "elapsed": 69967.51969647408, "delta": 63.17633080482483}, "costs": {"total_cost": 710.6217546485466, "time_cost": 150, "final_distance_cost": 64.2640889787942, "oscillation_cost": 259.4897738882088, "completition_cost": 111.11111111111116, "overshoot_cost": 63.757779099666315, "power_cost": 28.904402563476562, "noise_cost": 33.09459900728952, "n_waypoints_completed": 8, "tot_waypoints": 9}}
{"target": -988.5283159713606, "params": {"k_pid_pos": [0.4476776481952021, 0.36975620101805273, 0.06187993093658928], "k_pid_alt": [1.3923246364298951, 0.6007979704690438, 0.885990578125355], "k_pid_att": [25.429610612063513, 9.45523572961924, 0.9493216130411632], "k_pid_yaw": [0.5, 1e-06, 0.1], "k_pid_hsp": [5.717390749239944, 0.5347586939081103, 0.9279060621554293], "k_pid_vsp": [323.42617127790015, 286.47742001646833, 239.94452086889694]}, "datetime": {"datetime": "2025-08-12 11:52:22", "elapsed": 70022.2945868969, "delta": 54.774890422821045}, "costs": {"total_cost": 988.5283159713606, "time_cost": 150, "final_distance_cost": 76.08629858217014, "oscillation_cost": 423.6816808835925, "completition_cost": 222.2222222222222, "overshoot_cost": 54.254315047200265, "power_cost": 33.3698853881836, "noise_cost": 28.91391384799187, "n_waypoints_completed": 7, "tot_waypoints": 9}}
{"target": -371.9424890501823, "params": {"k_pid_pos": [2.0, 0.0, 0.0], "k_pid_alt": [2.0, 1.0, 1.0], "k_pid_att": [14.973307909053295, 4.342193896918404, 0.0], "k_pid_yaw": [0.5, 1e-06, 0.1], "k_pid_hsp": [5.472548005990683, 0.0, 0.0], "k_pid_vsp": [300.6881113509756, 317.8601380900212, 169.9459403624677]}, "datetime": {"datetime": "2025-08-12 11:53:03", "elapsed": 70062.97241139412, "delta": 40.6778244972229}, "costs": {"total_cost": 371.9424890501823, "time_cost": 97.559, "final_distance_cost": 1.751863196371815, "oscillation_cost": 165.13385197739402, "completition_cost": 0.0, "overshoot_cost": 55.14047435386283, "power_cost": 26.490338415527344, "noise_cost": 25.86696110702632, "n_waypoints_completed": 9, "tot_waypoints": 9}}
{"target": -926.146644870973, "params": {"k_pid_pos": [0.3440404187029773, 0.12497978599378623, 0.23856130081889082], "k_pid_alt": [0.239482229463434, 0.6788353058281594, 0.564102717053209], "k_pid_att": [36.92281053688779, 5.239762504802251, 0.23709476109016114], "k_pid_yaw": [0.5, 1e-06, 0.1], "k_pid_hsp": [5.423964139197356, 0.698927641075095, 0.1790715717357042], "k_pid_vsp": [224.77936817669507, 25.001375654638466, 51.306819988316875]}, "datetime": {"datetime": "2025-08-12 11:53:50", "elapsed": 70109.7901558876, "delta": 46.8177444934845}, "costs": {"total_cost": 926.146644870973, "time_cost": 150, "final_distance_cost": 66.07012152937594, "oscillation_cost": 476.576006758066, "completition_cost": 111.11111111111116, "overshoot_cost": 60.20414264400914, "power_cost": 33.92460859375, "noise_cost": 28.260654234660723, "n_waypoints_completed": 8, "tot_waypoints": 9}}
{"target": -618.1792137183543, "params": {"k_pid_pos": [1.3847575102984375, 0.07969324856720217, 0.2861268911884408], "k_pid_alt": [0.5538894502428617, 0.5208662359650965, 0.06412468197168975], "k_pid_att": [50.61919620593371, 3.884978554120766, 0.6924397318116423], "k_pid_yaw": [0.5, 1e-06, 0.1], "k_pid_hsp": [9.663690977592593, 0.06022736652731109, 0.2433201678653365], "k_pid_vsp": [234.16235988570912, 82.07723771570905, 149.7312374784459]}, "datetime": {"datetime": "2025-08-12 11:54:52", "elapsed": 70172.29104351997, "delta": 62.500887632369995}, "costs": {"total_cost": 618.1792137183543, "time_cost": 105.056, "final_distance_cost": 1.7683614057695884, "oscillation_cost": 389.792850893196, "completition_cost": 0.0, "overshoot_cost": 64.79212762247033, "power_cost": 31.12586120605469, "noise_cost": 25.644012590863724, "n_waypoints_completed": 9, "tot_waypoints": 9}}
{"target": -391.65108826298854, "params": {"k_pid_pos": [1.6186687239545594, 0.9420232138854108, 0.4123439029100209], "k_pid_alt": [0.49267231793845956, 0.14533819523442515, 0.8195242554494839], "k_pid_att": [9.899497311381122, 5.443369518846358, 0.6947807574741763], "k_pid_yaw": [0.5, 1e-06, 0.1], "k_pid_hsp": [3.094302704538932, 0.7535435542847867, 0.6094853402722308], "k_pid_vsp": [295.6777782815582, 349.3477795408555, 139.49199010337168]}, "datetime": {"datetime": "2025-08-12 11:55:31", "elapsed": 70210.68913316727, "delta": 38.39808964729309}, "costs": {"total_cost": 391.65108826298854, "time_cost": 105.791, "final_distance_cost": 1.770176111413998, "oscillation_cost": 161.89460733183518, "completition_cost": 0.0, "overshoot_cost": 63.84041927733426, "power_cost": 31.825173437500002, "noise_cost": 26.529712104905144, "n_waypoints_completed": 9, "tot_waypoints": 9}}
{"target": -1561.7723282747822, "params": {"k_pid_pos": [0.5783235025287735, 0.2967718960953001, 0.30043446287169095], "k_pid_alt": [0.4673155173810779, 0.11359948799590636, 0.9145575323683872], "k_pid_att": [1.0357609541791324, 3.3582514869620845, 0.4043074180390639], "k_pid_yaw": [0.5, 1e-06, 0.1], "k_pid_hsp": [0.18380994636361686, 0.599034683633846, 0.2541356783234402], "k_pid_vsp": [283.2188006807755, 284.2492783444935, 176.99126539576565]}, "datetime": {"datetime": "2025-08-12 11:56:16", "elapsed": 70256.13699507713, "delta": 45.44786190986633}, "costs": {"total_cost": 1561.7723282747822, "time_cost": 150, "final_distance_cost": 86.66404735889127, "oscillation_cost": 387.1523059029045, "completition_cost": 777.7777777777778, "overshoot_cost": 71.5179256170801, "power_cost": 52.25760015869141, "noise_cost": 36.40267145943698, "n_waypoints_completed": 2, "tot_waypoints": 9}}
{"target": -604.9062240514937, "params": {"k_pid_pos": [1.4847452472004679, 0.5222322274911096, 0.173314259636957], "k_pid_alt": [1.253249316737662, 0.8291138301175239, 0.07022823525843203], "k_pid_att": [5.339941486957301, 0.3655190075173086, 0.9540109506881249], "k_pid_yaw": [0.5, 1e-06, 0.1], "k_pid_hsp": [2.555218852805384, 0.983835304204569, 0.980209419678995], "k_pid_vsp": [311.029709830521, 297.03674088712904, 180.87034208151692]}, "datetime": {"datetime": "2025-08-12 11:57:06", "elapsed": 70305.93262910843, "delta": 49.795634031295776}, "costs": {"total_cost": 604.9062240514937, "time_cost": 150, "final_distance_cost": 66.72651746441751, "oscillation_cost": 130.87543069706643, "completition_cost": 111.11111111111116, "overshoot_cost": 81.88638662171502, "power_cost": 34.57601170654297, "noise_cost": 29.730766450640704, "n_waypoints_completed": 8, "tot_waypoints": 9}}
{"target": -754.2462264629149, "params": {"k_pid_pos": [0.9112361483144785, 0.6493922977456337, 0.7502614698937395], "k_pid_alt": [0.6471540264026632, 0.4257296406676384, 0.674183913777114], "k_pid_att": [44.02106201251297, 7.415194964931925, 0.9081597976857688], "k_pid_yaw": [0.5, 1e-06, 0.1], "k_pid_hsp": [3.050557520804115, 0.6550952441855327, 0.603647210170321], "k_pid_vsp": [273.61287645240327, 324.36893939688457, 64.52488566668686]}, "datetime": {"datetime": "2025-08-12 11:57:56", "elapsed": 70355.56416749954, "delta": 49.63153839111328}, "costs": {"total_cost": 754.2462264629149, "time_cost": 150, "final_distance_cost": 8.038083784147732, "oscillation_cost": 360.9248964386811, "completition_cost": 111.11111111111116, "overshoot_cost": 58.27026764807586, "power_cost": 35.70621102294922, "noise_cost": 30.195656457949777, "n_waypoints_completed": 8, "tot_waypoints": 9}}
{"target": -764.2953393764832, "params": {"k_pid_pos": [0.5836456672401648, 0.8376716438226414, 0.1857345646312788], "k_pid_alt": [1.355884991303806, 0.23915890548479657, 0.9264180704403863], "k_pid_att": [15.859458895961797, 2.6171789595898236, 0.393436496946854], "k_pid_yaw": [0.5, 1e-06, 0.1], "k_pid_hsp": [5.129777693401259, 0.41142260942798503, 0.9551695343033474], "k_pid_vsp": [282.1985896598736, 337.2176060410253, 151.25513139433903]}, "datetime": {"datetime": "2025-08-12 11:58:39", "elapsed": 70398.5921125412, "delta": 43.027945041656494}, "costs": {"total_cost": 764.2953393764832, "time_cost": 150, "final_distance_cost": 74.39157107262037, "oscillation_cost": 177.12626802943183, "completition_cost": 222.2222222222222, "overshoot_cost": 75.23436374857964, "power_cost": 35.85613836669922, "noise_cost": 29.464775936929904, "n_waypoints_completed": 7, "tot_waypoints": 9}}
{"target": -1410.5802184452843, "params": {"k_pid_pos": [0.5338740152765465, 0.6705547207297287, 0.8811492886643139], "k_pid_alt": [0.29815349648147405, 0.5245433650180449, 0.13463451876020172], "k_pid_att": [32.70300242262325, 3.7082501938688597, 0.1031370903283898], "k_pid_yaw": [0.5, 1e-06, 0.1], "k_pid_hsp": [6.609431342821147, 0.769575338085681, 0.6672903585347264], "k_pid_vsp": [183.18302841522853, 303.17662073659153, 140.21809731213347]}, "datetime": {"datetime": "2025-08-12 11:59:22", "elapsed": 70441.80096840858, "delta": 43.208855867385864}, "costs": {"total_cost": 1410.5802184452843, "time_cost": 150, "final_distance_cost": 50.282600373854635, "oscillation_cost": 534.2450192745232, "completition_cost": 555.5555555555555, "overshoot_cost": 52.93805381106299, "power_cost": 36.20152857666016, "noise_cost": 31.357460853627884, "n_waypoints_completed": 4, "tot_waypoints": 9}}
{"target": -243.90605969523864, "params": {"k_pid_pos": [2.0, 0.0, 0.17369560399991352], "k_pid_alt": [2.0, 1.0, 1.0], "k_pid_att": [6.717398733490863, 6.4185920529932226, 1.0], "k_pid_yaw": [0.5, 1e-06, 0.1], "k_pid_hsp": [5.967237495855698, 0.09562885637904943, 0.0], "k_pid_vsp": [182.89169811515998, 321.9669869299803, 13.477473224914782]}, "datetime": {"datetime": "2025-08-12 12:00:02", "elapsed": 70481.65507435799, "delta": 39.854105949401855}, "costs": {"total_cost": 243.90605969523864, "time_cost": 80.605, "final_distance_cost": 1.736979517087442, "oscillation_cost": 67.51586896125404, "completition_cost": 0.0, "overshoot_cost": 51.95365484510403, "power_cost": 21.74565340576172, "noise_cost": 20.348902966031368, "n_waypoints_completed": 9, "tot_waypoints": 9}}
{"target": -1337.2957048113722, "params": {"k_pid_pos": [1.429820559670942, 0.30180840117503993, 0.9789805473059932], "k_pid_alt": [0.020917110205503242, 0.06188293761914232, 0.931153019493748], "k_pid_att": [28.742947363195647, 1.1154546276328263, 0.3815982332624466], "k_pid_yaw": [0.5, 1e-06, 0.1], "k_pid_hsp": [9.577113987774656, 0.5048263032011812, 0.35800706871038823], "k_pid_vsp": [10.643820649048186, 139.67692388159347, 57.31240095343803]}, "datetime": {"datetime": "2025-08-12 12:00:44", "elapsed": 70524.19590735435, "delta": 42.54083299636841}, "costs": {"total_cost": 1337.2957048113722, "time_cost": 150, "final_distance_cost": 53.87305874631351, "oscillation_cost": 562.9490127057131, "completition_cost": 444.4444444444444, "overshoot_cost": 65.61546992779174, "power_cost": 32.01593464355469, "noise_cost": 28.397784343554775, "n_waypoints_completed": 5, "tot_waypoints": 9}}
{"target": -521.1470091336345, "params": {"k_pid_pos": [1.31292740794533, 0.2137209492382952, 0.5109275847151254], "k_pid_alt": [1.1893587733549458, 0.9956317116257922, 0.0913920010841226], "k_pid_att": [5.9910797755255984, 5.072160014475533, 0.3320378335506259], "k_pid_yaw": [0.5, 1e-06, 0.1], "k_pid_hsp": [4.368459828237985, 0.3945855600007623, 0.5916630562772592], "k_pid_vsp": [293.50120832250866, 352.30365553443204, 146.8685386896832]}, "datetime": {"datetime": "2025-08-12 12:01:26", "elapsed": 70565.82677054405, "delta": 41.630863189697266}, "costs": {"total_cost": 521.1470091336345, "time_cost": 115.542, "final_distance_cost": 1.7309286888060116, "oscillation_cost": 284.9423019073275, "completition_cost": 0.0, "overshoot_cost": 62.83343315066099, "power_cost": 29.649178259277345, "noise_cost": 26.44916712756265, "n_waypoints_completed": 9, "tot_waypoints": 9}}
{"target": -411.6779437303913, "params": {"k_pid_pos": [1.89905488030923, 0.23753755103142837, 0.5175695526393232], "k_pid_alt": [1.2926489509742092, 0.6479543084457672, 0.03908921183958658], "k_pid_att": [28.395159927511582, 3.6913791630574453, 0.9497776425608564], "k_pid_yaw": [0.5, 1e-06, 0.1], "k_pid_hsp": [8.669547293785088, 0.7680691331193058, 0.6659638965005338], "k_pid_vsp": [243.45546944474233, 277.1799765408841, 35.238307514725335]}, "datetime": {"datetime": "2025-08-12 12:02:03", "elapsed": 70602.4998164177, "delta": 36.67304587364197}, "costs": {"total_cost": 411.6779437303913, "time_cost": 82.418, "final_distance_cost": 1.7757586241209655, "oscillation_cost": 231.58980521050245, "completition_cost": 0.0, "overshoot_cost": 52.278380855107436, "power_cost": 22.930844409179688, "noise_cost": 20.68515463148069, "n_waypoints_completed": 9, "tot_waypoints": 9}}
{"target": -437.6426003875989, "params": {"k_pid_pos": [0.5760727649187848, 0.600048002324149, 0.9216692331531401], "k_pid_alt": [0.8349013378626915, 0.3917873580751511, 0.6603199779996075], "k_pid_att": [8.079291613629492, 2.332565223372517, 0.40093850686325483], "k_pid_yaw": [0.5, 1e-06, 0.1], "k_pid_hsp": [4.3809405875568155, 0.8730642793439184, 0.37573365703075323], "k_pid_vsp": [274.785431141957, 261.4254587083421, 36.3226210099871]}, "datetime": {"datetime": "2025-08-12 12:02:44", "elapsed": 70643.68499946594, "delta": 41.18518304824829}, "costs": {"total_cost": 437.6426003875989, "time_cost": 104.153, "final_distance_cost": 1.8226343277457728, "oscillation_cost": 224.9083007265651, "completition_cost": 0.0, "overshoot_cost": 55.17237165094004, "power_cost": 26.472049621582034, "noise_cost": 25.114244060766012, "n_waypoints_completed": 9, "tot_waypoints": 9}}
{"target": -352.37130242186754, "params": {"k_pid_pos": [1.791131889785932, 0.5287609500448882, 0.2564072210258409], "k_pid_alt": [0.7456301535254302, 0.5997194060445742, 0.7938969825760528], "k_pid_att": [10.648781154012866, 0.15307170657162403, 0.35141266828546014], "k_pid_yaw": [0.5, 1e-06, 0.1], "k_pid_hsp": [5.46496214008844, 0.890721249278772, 0.6478695542139555], "k_pid_vsp": [229.62118864579293, 271.9781322102197, 30.564517074858028]}, "datetime": {"datetime": "2025-08-12 12:03:24", "elapsed": 70683.42494654655, "delta": 39.73994708061218}, "costs": {"total_cost": 352.37130242186754, "time_cost": 97.139, "final_distance_cost": 1.7822345140236329, "oscillation_cost": 139.90332297916393, "completition_cost": 0.0, "overshoot_cost": 59.2868550580422, "power_cost": 28.72284343261719, "noise_cost": 25.537046438020564, "n_waypoints_completed": 9, "tot_waypoints": 9}}
{"target": -540.1000125672567, "params": {"k_pid_pos": [0.4830897512008108, 0.9087141896695615, 0.305935406094186], "k_pid_alt": [0.9298686534529743, 0.9410134982821754, 0.4638639574632937], "k_pid_att": [6.865765923996737, 0.7023328833783942, 0.5479631156962753], "k_pid_yaw": [0.5, 1e-06, 0.1], "k_pid_hsp": [9.44672411535241, 0.3825365459871154, 0.06909018933196376], "k_pid_vsp": [264.47554276030985, 275.0684228677571, 40.074260064609206]}, "datetime": {"datetime": "2025-08-12 12:04:12", "elapsed": 70731.46549844742, "delta": 48.04055190086365}, "costs": {"total_cost": 540.1000125672567, "time_cost": 150, "final_distance_cost": 65.99024869281868, "oscillation_cost": 99.71985293190814, "completition_cost": 111.11111111111116, "overshoot_cost": 51.77517563216969, "power_cost": 31.619700354003907, "noise_cost": 29.88392384524523, "n_waypoints_completed": 8, "tot_waypoints": 9}}
{"target": -1434.824894024865, "params": {"k_pid_pos": [0.042672253745628524, 0.5669456948348226, 0.22682313172081103], "k_pid_alt": [0.2418776134639573, 0.8722367327832699, 0.537447798475609], "k_pid_att": [25.780635838219666, 4.631843305173353, 0.6819187385408071], "k_pid_yaw": [0.5, 1e-06, 0.1], "k_pid_hsp": [4.158997129029134, 0.1493491610305121, 0.2926650930129402], "k_pid_vsp": [77.19470296002306, 206.72037475847367, 36.874686235241946]}, "datetime": {"datetime": "2025-08-12 12:05:07", "elapsed": 70787.13462972641, "delta": 55.6691312789917}, "costs": {"total_cost": 1434.824894024865, "time_cost": 150, "final_distance_cost": 83.35234223351262, "oscillation_cost": 318.25241651436534, "completition_cost": 777.7777777777778, "overshoot_cost": 43.227741636791265, "power_cost": 33.64895697021485, "noise_cost": 28.56565889220318, "n_waypoints_completed": 2, "tot_waypoints": 9}}
{"target": -970.1597640960317, "params": {"k_pid_pos": [0.12974820173133844, 0.415359004120349, 0.3764076150471797], "k_pid_alt": [1.5243485856905237, 0.624035107110812, 0.13350054713701687], "k_pid_att": [5.9376963105422735, 2.6877410858302815, 0.26995685323041674], "k_pid_yaw": [0.5, 1e-06, 0.1], "k_pid_hsp": [9.822933480758927, 0.4542796774146245, 0.38868650320073983], "k_pid_vsp": [183.9328103220741, 323.12539798336934, 11.649584310894307]}, "datetime": {"datetime": "2025-08-12 12:05:56", "elapsed": 70835.94683933258, "delta": 48.812209606170654}, "costs": {"total_cost": 970.1597640960317, "time_cost": 150, "final_distance_cost": 55.8093327754307, "oscillation_cost": 212.66032821195694, "completition_cost": 444.4444444444444, "overshoot_cost": 49.39265070773255, "power_cost": 29.986829016113283, "noise_cost": 27.86617894035391, "n_waypoints_completed": 5, "tot_waypoints": 9}}
{"target": -323.5550113211481, "params": {"k_pid_pos": [1.6960925907290008, 0.31909951808509895, 0.6095685922787764], "k_pid_alt": [1.6381388244027413, 0.33402250536253975, 0.5254346338249858], "k_pid_att": [11.872506077048817, 2.2968987126077454, 0.7949580478216957], "k_pid_yaw": [0.5, 1e-06, 0.1], "k_pid_hsp": [7.96548718573862, 0.6181915843118445, 0.5797647327271542], "k_pid_vsp": [187.18348133051467, 328.72252354534925, 12.193023558194936]}, "datetime": {"datetime": "2025-08-12 12:06:39", "elapsed": 70879.15475034714, "delta": 43.207911014556885}, "costs": {"total_cost": 323.5550113211481, "time_cost": 80.269, "final_distance_cost": 1.7606326943049075, "oscillation_cost": 147.72688978920422, "completition_cost": 0.0, "overshoot_cost": 51.98750717176683, "power_cost": 21.334344934082033, "noise_cost": 20.47663673179008, "n_waypoints_completed": 9, "tot_waypoints": 9}}
