{"target": -1484.4220876174847, "params": {"k_pid_pos": [0.15646953362570762, 0.33050002580787874, 0.749256559622374], "k_pid_alt": [0.7095231229738268, 0.7338144047204911, 0.48148188355682076], "k_pid_att": [42.95150941711413, 9.072758935688539, 0.3521269313291353], "k_pid_yaw": [0.5, 1e-06, 0.1], "k_pid_hsp": [5.0275711704246415, 0.992011673876222, 0.6170929901250003], "k_pid_vsp": [226.47215974246643, 13.627010209400657, 32.99632091768123]}, "datetime": {"datetime": "2025-08-12 05:26:45", "elapsed": 46884.897720098495, "delta": 41.94008803367615}, "costs": {"total_cost": 1484.4220876174847, "time_cost": 150, "final_distance_cost": 46.14362501589393, "oscillation_cost": 613.1546781614586, "completition_cost": 555.5555555555555, "overshoot_cost": 55.59930222327012, "power_cost": 34.34347805175781, "noise_cost": 29.625448609548783, "n_waypoints_completed": 4, "tot_waypoints": 9}}
{"target": -529.8283558898318, "params": {"k_pid_pos": [1.678262152233338, 0.9292155802898915, 0.18279560143569606], "k_pid_alt": [1.1181300636983986, 0.8658858037911128, 0.2951165265200374], "k_pid_att": [12.896140191849703, 9.599163855419148, 0.6182091955818604], "k_pid_yaw": [0.5, 1e-06, 0.1], "k_pid_hsp": [8.230061202070832, 0.8382558736636, 0.14247943611266667], "k_pid_vsp": [180.39197595171487, 326.7023594029751, 18.002700602981758]}, "datetime": {"datetime": "2025-08-12 05:27:24", "elapsed": 46923.69191455841, "delta": 38.79419445991516}, "costs": {"total_cost": 529.8283558898318, "time_cost": 150, "final_distance_cost": 22.95552712555557, "oscillation_cost": 111.50017084820514, "completition_cost": 111.11111111111116, "overshoot_cost": 67.28723180517203, "power_cost": 34.755854028320314, "noise_cost": 32.21846097146759, "n_waypoints_completed": 8, "tot_waypoints": 9}}
{"target": -277.0502657417855, "params": {"k_pid_pos": [2.0, 0.36322471431411185, 0.4802362289794425], "k_pid_alt": [1.6801683634504645, 1.0, 1.0], "k_pid_att": [45.58648841780774, 7.272233495591592, 1.0], "k_pid_yaw": [0.5, 1e-06, 0.1], "k_pid_hsp": [4.084187395306026, 0.524301233393457, 0.00762321994533545], "k_pid_vsp": [123.01956681508393, 102.53178277065223, 54.81880288755721]}, "datetime": {"datetime": "2025-08-12 05:27:59", "elapsed": 46959.22772049904, "delta": 35.53580594062805}, "costs": {"total_cost": 277.0502657417855, "time_cost": 96.278, "final_distance_cost": 1.7912056430319465, "oscillation_cost": 73.9924701394047, "completition_cost": 0.0, "overshoot_cost": 55.74979742867564, "power_cost": 25.966518041992188, "noise_cost": 23.27227448868103, "n_waypoints_completed": 9, "tot_waypoints": 9}}
{"target": -1933.4929970820174, "params": {"k_pid_pos": [0.05544753861567825, 0.2467874701778272, 0.5126617128240067], "k_pid_alt": [0.2971716677633609, 0.9066781265674922, 0.5296925250089948], "k_pid_att": [77.37384555796241, 3.876217679749046, 0.45589896728217083], "k_pid_yaw": [0.5, 1e-06, 0.1], "k_pid_hsp": [2.70992201501123, 0.5742043626680008, 0.040257115789105624], "k_pid_vsp": [260.667007519265, 212.04372144675702, 371.73970593070186]}, "datetime": {"datetime": "2025-08-12 05:28:39", "elapsed": 46998.415091753006, "delta": 39.187371253967285}, "costs": {"total_cost": 1933.4929970820174, "time_cost": 150, "final_distance_cost": 73.1476128355958, "oscillation_cost": 701.9233318385197, "completition_cost": 888.8888888888888, "overshoot_cost": 58.13554351440816, "power_cost": 33.370091455078125, "noise_cost": 28.027528549526544, "n_waypoints_completed": 1, "tot_waypoints": 9}}
{"target": -1000.1803915454636, "params": {"k_pid_pos": [0.28202316576143294, 0.15535981389934683, 0.33613687052265817], "k_pid_alt": [1.2591978516802491, 0.1858783599516135, 0.5958954587222718], "k_pid_att": [52.52064926172672, 2.9181063469873987, 0.8912441819518017], "k_pid_yaw": [0.5, 1e-06, 0.1], "k_pid_hsp": [9.288710753890463, 0.580180736903969, 0.6375294583270992], "k_pid_vsp": [209.26361909519926, 111.49847062681563, 40.279941893851486]}, "datetime": {"datetime": "2025-08-12 05:29:17", "elapsed": 47036.85661101341, "delta": 38.441519260406494}, "costs": {"total_cost": 1000.1803915454636, "time_cost": 150, "final_distance_cost": 68.11115117250586, "oscillation_cost": 449.58290345953446, "completition_cost": 222.2222222222222, "overshoot_cost": 48.10307280193838, "power_cost": 34.00725249023438, "noise_cost": 28.153789399028344, "n_waypoints_completed": 7, "tot_waypoints": 9}}
{"target": -1292.9844181450849, "params": {"k_pid_pos": [0.0001, 0.0, 0.0], "k_pid_alt": [2.0, 0.0, 1.0], "k_pid_att": [36.893776441236504, 4.83958557302708, 0.0], "k_pid_yaw": [0.5, 1e-06, 0.1], "k_pid_hsp": [0.0001, 0.0, 0.0], "k_pid_vsp": [193.67838125075394, 21.291613228578573, 7.648945716756406]}, "datetime": {"datetime": "2025-08-12 05:29:56", "elapsed": 47075.5993244648, "delta": 38.7427134513855}, "costs": {"total_cost": 1292.9844181450849, "time_cost": 150, "final_distance_cost": 46.02074467786019, "oscillation_cost": 7.203552948276616, "completition_cost": 1000.0, "overshoot_cost": 35.65454992081879, "power_cost": 21.004469458007815, "noise_cost": 33.10110114012149, "n_waypoints_completed": 0, "tot_waypoints": 9}}
{"target": -391.88022184462193, "params": {"k_pid_pos": [0.3781880162392428, 0.93791647857528, 0.4571389193220988], "k_pid_alt": [1.5779911647729048, 0.004693491687606577, 0.7224687770036574], "k_pid_att": [4.236839645508006, 5.694291071125363, 0.6730599093656903], "k_pid_yaw": [0.5, 1e-06, 0.1], "k_pid_hsp": [6.843783661634072, 0.32616750488750557, 0.49968277437280084], "k_pid_vsp": [265.76163003451916, 270.31237309946596, 39.90260167694292]}, "datetime": {"datetime": "2025-08-12 05:30:39", "elapsed": 47118.827632665634, "delta": 43.22830820083618}, "costs": {"total_cost": 391.88022184462193, "time_cost": 118.45400000000001, "final_distance_cost": 1.793343738603305, "oscillation_cost": 150.26632126112384, "completition_cost": 0.0, "overshoot_cost": 59.4068440607268, "power_cost": 33.072306005859375, "noise_cost": 28.88740677830861, "n_waypoints_completed": 9, "tot_waypoints": 9}}
{"target": -685.0330698702122, "params": {"k_pid_pos": [0.5644612719449545, 0.8045103012587407, 0.29399969739633436], "k_pid_alt": [1.6334164380568923, 0.3963496815744013, 0.2497647830471783], "k_pid_att": [9.93385725777991, 8.36817137394936, 0.39210339348020085], "k_pid_yaw": [0.5, 1e-06, 0.1], "k_pid_hsp": [7.860542001650417, 0.5165911581619766, 0.9939456205416545], "k_pid_vsp": [281.02937527401025, 373.32591464686107, 34.74271422967102]}, "datetime": {"datetime": "2025-08-12 05:31:18", "elapsed": 47157.893010139465, "delta": 39.06537747383118}, "costs": {"total_cost": 685.0330698702122, "time_cost": 150, "final_distance_cost": 61.530031409160465, "oscillation_cost": 245.14286743690948, "completition_cost": 111.11111111111116, "overshoot_cost": 55.35126177000983, "power_cost": 32.850547912597655, "noise_cost": 29.04725023042347, "n_waypoints_completed": 8, "tot_waypoints": 9}}
{"target": -1249.9420214482545, "params": {"k_pid_pos": [1.4039493982063314, 0.9462084419908134, 0.6660778268196835], "k_pid_alt": [0.307831158823495, 0.3207707122191925, 0.5979349136691657], "k_pid_att": [43.21418850226616, 8.34816154871689, 0.9481717731089437], "k_pid_yaw": [0.5, 1e-06, 0.1], "k_pid_hsp": [0.30980561498356246, 0.0745664968859776, 0.7885946173063868], "k_pid_vsp": [228.63713273037823, 24.937456920786136, 34.4099516088138]}, "datetime": {"datetime": "2025-08-12 05:31:57", "elapsed": 47197.171022892, "delta": 39.27801275253296}, "costs": {"total_cost": 1249.9420214482545, "time_cost": 150, "final_distance_cost": 58.348224133542956, "oscillation_cost": 423.375006734777, "completition_cost": 444.4444444444444, "overshoot_cost": 109.83625267913398, "power_cost": 33.7715689819336, "noise_cost": 30.16652447442269, "n_waypoints_completed": 5, "tot_waypoints": 9}}
{"target": -1126.0720797687925, "params": {"k_pid_pos": [1.086058148278958, 0.38444833940867995, 0.9080585824970507], "k_pid_alt": [0.09583427421023893, 0.2167024114097954, 0.5104028243016328], "k_pid_att": [52.18227907941024, 5.361745841798513, 0.570882121633376], "k_pid_yaw": [0.5, 1e-06, 0.1], "k_pid_hsp": [9.065685729495407, 0.42068570956317897, 0.9629582743953182], "k_pid_vsp": [392.9593709403502, 109.55506412120243, 94.96967596070094]}, "datetime": {"datetime": "2025-08-12 05:32:40", "elapsed": 47239.79873371124, "delta": 42.627710819244385}, "costs": {"total_cost": 1126.0720797687925, "time_cost": 150, "final_distance_cost": 64.65108145233178, "oscillation_cost": 567.7593551070581, "completition_cost": 222.2222222222222, "overshoot_cost": 56.41563194222155, "power_cost": 34.62458767089844, "noise_cost": 30.399201374060546, "n_waypoints_completed": 7, "tot_waypoints": 9}}
{"target": -493.1246376218962, "params": {"k_pid_pos": [1.779399810323391, 0.4378966124965378, 0.474716089653872], "k_pid_alt": [1.3151954583401342, 0.4057714263719048, 0.337312202511875], "k_pid_att": [11.421855769977086, 0.05224286017291576, 0.27084471075760064], "k_pid_yaw": [0.5, 1e-06, 0.1], "k_pid_hsp": [2.069833639167318, 0.5352116612632767, 0.5503502039694735], "k_pid_vsp": [244.91459186734522, 270.0408040524481, 38.10440331646609]}, "datetime": {"datetime": "2025-08-12 05:33:18", "elapsed": 47277.80286550522, "delta": 38.00413179397583}, "costs": {"total_cost": 493.1246376218962, "time_cost": 114.772, "final_distance_cost": 1.760530013907046, "oscillation_cost": 257.41765325228624, "completition_cost": 0.0, "overshoot_cost": 59.552136003771245, "power_cost": 31.147008398437503, "noise_cost": 28.47530995349419, "n_waypoints_completed": 9, "tot_waypoints": 9}}
{"target": -478.3992213680895, "params": {"k_pid_pos": [2.0, 0.0, 0.0], "k_pid_alt": [0.8771063439114452, 0.7551734324024875, 1.0], "k_pid_att": [33.31420427729296, 3.7002813881385164, 0.0], "k_pid_yaw": [0.5, 1e-06, 0.1], "k_pid_hsp": [10.0, 1.0, 0.0], "k_pid_vsp": [283.45083316882307, 350.8558114732874, 29.872527931173344]}, "datetime": {"datetime": "2025-08-12 05:33:50", "elapsed": 47310.035101890564, "delta": 32.23223638534546}, "costs": {"total_cost": 478.3992213680895, "time_cost": 90.888, "final_distance_cost": 1.7855404619340098, "oscillation_cost": 278.1292226079744, "completition_cost": 0.0, "overshoot_cost": 57.52398442181405, "power_cost": 26.372271875000003, "noise_cost": 23.700202001367014, "n_waypoints_completed": 9, "tot_waypoints": 9}}
{"target": -1077.8766512615246, "params": {"k_pid_pos": [0.19150359761335098, 0.21648141137953503, 0.17108530303882585], "k_pid_alt": [0.3742460319305123, 0.5495568482431574, 0.366588856618297], "k_pid_att": [19.05902667282745, 5.034774298288454, 0.5145755720548121], "k_pid_yaw": [0.5, 1e-06, 0.1], "k_pid_hsp": [5.378952406454901, 0.2878427846276215, 0.5712600169722263], "k_pid_vsp": [309.30860833571336, 314.84543819105545, 161.26365873970343]}, "datetime": {"datetime": "2025-08-12 05:34:37", "elapsed": 47356.96655464172, "delta": 46.93145275115967}, "costs": {"total_cost": 1077.8766512615246, "time_cost": 150, "final_distance_cost": 79.05039410840466, "oscillation_cost": 400.496008908449, "completition_cost": 333.33333333333337, "overshoot_cost": 56.18085470266493, "power_cost": 31.229150830078126, "noise_cost": 27.586909378594285, "n_waypoints_completed": 6, "tot_waypoints": 9}}
{"target": -587.5423497095514, "params": {"k_pid_pos": [0.48912253450872645, 0.1818306326926845, 0.11472561295042016], "k_pid_alt": [1.515379523804321, 0.3631667522257518, 0.47683979417488387], "k_pid_att": [12.607002467938589, 2.698209931914568, 0.9549986492073629], "k_pid_yaw": [0.5, 1e-06, 0.1], "k_pid_hsp": [4.7874281306025885, 0.1570278560226508, 0.3699695504021471], "k_pid_vsp": [181.92689338019906, 323.7455736356788, 7.567662373348346]}, "datetime": {"datetime": "2025-08-12 05:35:17", "elapsed": 47397.14676260948, "delta": 40.18020796775818}, "costs": {"total_cost": 587.5423497095514, "time_cost": 150, "final_distance_cost": 11.665566457402436, "oscillation_cost": 200.4728653033136, "completition_cost": 111.11111111111116, "overshoot_cost": 55.84103132876743, "power_cost": 26.32803952636719, "noise_cost": 32.123735982589686, "n_waypoints_completed": 8, "tot_waypoints": 9}}
{"target": -304.6118124230776, "params": {"k_pid_pos": [1.4722357046747885, 0.16349608076256827, 0.12392909664180407], "k_pid_alt": [0.14880077590704976, 0.1753385488828998, 0.012370646643149241], "k_pid_att": [8.41606238157986, 5.881012366837206, 0.28898984826538643], "k_pid_yaw": [0.5, 1e-06, 0.1], "k_pid_hsp": [9.614745897742123, 0.20235169738734915, 0.16278920228674432], "k_pid_vsp": [180.96117579389497, 324.3751147473451, 10.459776310407248]}, "datetime": {"datetime": "2025-08-12 05:35:57", "elapsed": 47437.11323642731, "delta": 39.96647381782532}, "costs": {"total_cost": 304.6118124230776, "time_cost": 92.855, "final_distance_cost": 1.7470815827588104, "oscillation_cost": 105.89513517196882, "completition_cost": 0.0, "overshoot_cost": 56.72616514326381, "power_cost": 22.629960766601563, "noise_cost": 24.758469758484587, "n_waypoints_completed": 9, "tot_waypoints": 9}}
{"target": -635.0855277909523, "params": {"k_pid_pos": [1.1276983923573232, 0.7168816805980618, 0.9653245047838824], "k_pid_alt": [0.77634382014459, 0.9320093235710077, 0.8514736489328214], "k_pid_att": [22.12185360543203, 4.658706738820988, 0.27232038022559923], "k_pid_yaw": [0.5, 1e-06, 0.1], "k_pid_hsp": [8.472032858487943, 0.21494007852493335, 0.8121261635381588], "k_pid_vsp": [74.60824734420414, 208.25976116818137, 36.12927838372906]}, "datetime": {"datetime": "2025-08-12 05:36:39", "elapsed": 47479.35212278366, "delta": 42.23888635635376}, "costs": {"total_cost": 635.0855277909523, "time_cost": 109.473, "final_distance_cost": 1.7467826294677642, "oscillation_cost": 403.8408232286542, "completition_cost": 0.0, "overshoot_cost": 61.975857810756224, "power_cost": 29.780016967773438, "noise_cost": 28.26904715430068, "n_waypoints_completed": 9, "tot_waypoints": 9}}
{"target": -1448.8962215828903, "params": {"k_pid_pos": [0.23738168152560762, 0.0, 0.0], "k_pid_alt": [0.5547691815702472, 0.7697714054265249, 0.30047493781002144], "k_pid_att": [14.360684934946454, 10.0, 0.1709506852309576], "k_pid_yaw": [0.5, 1e-06, 0.1], "k_pid_hsp": [0.5639610454071221, 1.0, 0.0], "k_pid_vsp": [342.3381261948762, 347.25339486193405, 354.3413380661418]}, "datetime": {"datetime": "2025-08-12 05:37:23", "elapsed": 47522.458445072174, "delta": 43.106322288513184}, "costs": {"total_cost": 1448.8962215828903, "time_cost": 150, "final_distance_cost": 0.997848033403069, "oscillation_cost": 4.46979658773076, "completition_cost": 1000.0, "overshoot_cost": 160.85970921202272, "power_cost": 29.423917407226565, "noise_cost": 103.14495034250744, "n_waypoints_completed": 0, "tot_waypoints": 9}}
{"target": -1276.070173695088, "params": {"k_pid_pos": [0.25738073534371886, 0.6908563517523455, 0.9779170517278731], "k_pid_alt": [0.9100366930929995, 0.09201648773143711, 0.7919346411592297], "k_pid_att": [16.548437130512728, 1.8564525671622645, 0.4077995915986239], "k_pid_yaw": [0.5, 1e-06, 0.1], "k_pid_hsp": [8.299791694114928, 0.5319874275525774, 0.9181173797111367], "k_pid_vsp": [303.26200846957903, 318.6767470535396, 162.66486920966045]}, "datetime": {"datetime": "2025-08-12 05:38:11", "elapsed": 47570.519097566605, "delta": 48.06065249443054}, "costs": {"total_cost": 1276.070173695088, "time_cost": 150, "final_distance_cost": 48.208279445618416, "oscillation_cost": 413.88727648143674, "completition_cost": 555.5555555555555, "overshoot_cost": 48.664666640756714, "power_cost": 31.968750634765627, "noise_cost": 27.785644936954974, "n_waypoints_completed": 4, "tot_waypoints": 9}}
{"target": -240.56739530061085, "params": {"k_pid_pos": [2.0, 1.0, 1.0], "k_pid_alt": [2.0, 1.0, 0.0], "k_pid_att": [9.074759221305188, 6.26568558561149, 1.0], "k_pid_yaw": [0.5, 1e-06, 0.1], "k_pid_hsp": [5.85011208443856, 0.0, 0.0], "k_pid_vsp": [292.34222996303185, 354.8748205490857, 92.35316442975281]}, "datetime": {"datetime": "2025-08-12 05:38:49", "elapsed": 47608.60948944092, "delta": 38.090391874313354}, "costs": {"total_cost": 240.56739530061085, "time_cost": 86.261, "final_distance_cost": 1.743195306050125, "oscillation_cost": 54.53020237871852, "completition_cost": 0.0, "overshoot_cost": 53.66207340824554, "power_cost": 22.741576928710938, "noise_cost": 21.629347278885756, "n_waypoints_completed": 9, "tot_waypoints": 9}}
{"target": -830.9464976223169, "params": {"k_pid_pos": [0.9168398547167171, 0.03834708309166812, 0.634082473709569], "k_pid_alt": [0.05515759068135573, 0.05039792090809181, 0.37682862630505976], "k_pid_att": [19.386758068202692, 8.945175316623432, 0.6876051940359311], "k_pid_yaw": [0.5, 1e-06, 0.1], "k_pid_hsp": [8.600950633542467, 0.1756947467189468, 0.34168229342537326], "k_pid_vsp": [77.36949305712626, 203.17408108629127, 46.92636917502659]}, "datetime": {"datetime": "2025-08-12 05:39:32", "elapsed": 47652.0363984108, "delta": 43.42690896987915}, "costs": {"total_cost": 830.9464976223169, "time_cost": 150, "final_distance_cost": 54.18952326552404, "oscillation_cost": 392.6854651497662, "completition_cost": 111.11111111111116, "overshoot_cost": 62.62650772997355, "power_cost": 32.00176185302735, "noise_cost": 28.332128512914505, "n_waypoints_completed": 8, "tot_waypoints": 9}}
{"target": -819.793571173357, "params": {"k_pid_pos": [0.9227880316752094, 0.6034576654191036, 0.20464834405599763], "k_pid_alt": [0.5879061437676865, 0.6859346690953795, 0.4245889566001665], "k_pid_att": [32.78495697404954, 2.6983230996018617, 0.4528388815304326], "k_pid_yaw": [0.5, 1e-06, 0.1], "k_pid_hsp": [0.5703438081183614, 0.8350424181597832, 0.30206222509626224], "k_pid_vsp": [225.921076247836, 321.26118744157793, 24.32712490090564]}, "datetime": {"datetime": "2025-08-12 05:40:08", "elapsed": 47688.16814517975, "delta": 36.131746768951416}, "costs": {"total_cost": 819.793571173357, "time_cost": 150, "final_distance_cost": 64.818618561358, "oscillation_cost": 144.33506576370033, "completition_cost": 333.33333333333337, "overshoot_cost": 57.8177249129499, "power_cost": 36.50621772460938, "noise_cost": 32.982610877406024, "n_waypoints_completed": 6, "tot_waypoints": 9}}
{"target": -1439.9608869794577, "params": {"k_pid_pos": [0.7239385175427957, 0.5529660442307863, 0.3268593984194126], "k_pid_alt": [0.22201405396385399, 0.8877233378162471, 0.3891532179756746], "k_pid_att": [2.1190946014144396, 5.8283228815243175, 0.7171215085808896], "k_pid_yaw": [0.5, 1e-06, 0.1], "k_pid_hsp": [9.357555300245636, 0.5370433130797476, 0.4529537116005251], "k_pid_vsp": [274.6149712836198, 359.25170696512015, 37.42492824117809]}, "datetime": {"datetime": "2025-08-12 05:40:45", "elapsed": 47724.44073295593, "delta": 36.27258777618408}, "costs": {"total_cost": 1439.9608869794577, "time_cost": 150, "final_distance_cost": 96.18647403500923, "oscillation_cost": 299.8931273544155, "completition_cost": 777.7777777777778, "overshoot_cost": 51.2398685828175, "power_cost": 35.538288806152345, "noise_cost": 29.32535042328519, "n_waypoints_completed": 2, "tot_waypoints": 9}}
{"target": -984.3559560123265, "params": {"k_pid_pos": [2.0, 0.3164383163488543, 0.7569894222061], "k_pid_alt": [2.0, 0.19070942620509704, 0.7616669850101215], "k_pid_att": [37.93080989667807, 3.5696466725170417, 0.7820471659127216], "k_pid_yaw": [0.5, 1e-06, 0.1], "k_pid_hsp": [5.937180776363904, 1.0, 0.9640814873230646], "k_pid_vsp": [345.14126614987043, 271.97481826707485, 238.38587706319402]}, "datetime": {"datetime": "2025-08-12 05:41:25", "elapsed": 47765.03866696358, "delta": 40.59793400764465}, "costs": {"total_cost": 984.3559560123265, "time_cost": 150, "final_distance_cost": 73.21451367547219, "oscillation_cost": 316.09750624778036, "completition_cost": 333.33333333333337, "overshoot_cost": 47.511269944016966, "power_cost": 35.47322745361328, "noise_cost": 28.726105358110267, "n_waypoints_completed": 6, "tot_waypoints": 9}}
{"target": -548.4612702604413, "params": {"k_pid_pos": [0.9923117358060447, 0.9121404455185866, 0.9792334953799041], "k_pid_alt": [0.16579266956672045, 0.9696135754307833, 0.32868925552765205], "k_pid_att": [13.183868320822413, 9.758811852568746, 0.5642507111756009], "k_pid_yaw": [0.5, 1e-06, 0.1], "k_pid_hsp": [5.847629066524201, 0.6123161590897559, 0.07255864121547095], "k_pid_vsp": [239.79290214282236, 270.7565707136454, 24.559566994858017]}, "datetime": {"datetime": "2025-08-12 05:42:07", "elapsed": 47807.05815410614, "delta": 42.019487142562866}, "costs": {"total_cost": 548.4612702604413, "time_cost": 150, "final_distance_cost": 10.211369972067459, "oscillation_cost": 150.12341296802202, "completition_cost": 111.11111111111116, "overshoot_cost": 68.1427500133745, "power_cost": 30.56700078125, "noise_cost": 28.305625414616216, "n_waypoints_completed": 8, "tot_waypoints": 9}}
{"target": -505.83379260827127, "params": {"k_pid_pos": [1.184257868834999, 0.5063743343537932, 0.021780783066800757], "k_pid_alt": [1.9406240012171854, 0.13914956772236053, 0.660250858044756], "k_pid_att": [53.43375111267942, 4.6423842290409745, 0.8905037149342192], "k_pid_yaw": [0.5, 1e-06, 0.1], "k_pid_hsp": [8.323599033832773, 0.6989156876342459, 0.8975852811571758], "k_pid_vsp": [245.06176260477793, 75.50603853106406, 153.58380861793697]}, "datetime": {"datetime": "2025-08-12 05:42:42", "elapsed": 47841.399112701416, "delta": 34.34095859527588}, "costs": {"total_cost": 505.83379260827127, "time_cost": 109.515, "final_distance_cost": 1.711151037162351, "oscillation_cost": 271.354552964938, "completition_cost": 0.0, "overshoot_cost": 63.6929921370869, "power_cost": 32.76770216064453, "noise_cost": 26.79239430843942, "n_waypoints_completed": 9, "tot_waypoints": 9}}
