{"target": -807.0782637218097, "params": {"k_pid_pos": [0.3143982479316918, 0.3482040765973392, 0.3489104915152583], "k_pid_alt": [0.5722945247847979, 0.32811069080064625, 0.48359550724149436], "k_pid_att": [8.676924139193854, 6.801082104740851, 0.6044763492343924], "k_pid_yaw": [0.5, 1e-06, 0.1], "k_pid_hsp": [7.124391349065024, 0.6074794529500884, 0.6936186492151479], "k_pid_vsp": [182.4344906910884, 319.948592272093, 5.396726971840792]}, "datetime": {"datetime": "2025-08-12 09:15:30", "elapsed": 60609.810408592224, "delta": 41.6928026676178}, "costs": {"total_cost": 807.0782637218097, "time_cost": 150, "final_distance_cost": 71.35842948363104, "oscillation_cost": 256.8710293086548, "completition_cost": 222.2222222222222, "overshoot_cost": 48.38218907383156, "power_cost": 25.237303320312503, "noise_cost": 33.00709031315751, "n_waypoints_completed": 7, "tot_waypoints": 9}}
{"target": -639.4396511001037, "params": {"k_pid_pos": [1.1233040031683936, 0.10779180043042469, 0.6830880702653142], "k_pid_alt": [0.5822086696065905, 0.044950473841925964, 0.7919173306071748], "k_pid_att": [15.377411568649224, 4.148859821699696, 0.03992038357318062], "k_pid_yaw": [0.5, 1e-06, 0.1], "k_pid_hsp": [7.063284752471051, 0.5477049193013541, 0.5227351093441728], "k_pid_vsp": [236.46236934754498, 270.91927546268624, 29.64656826979434]}, "datetime": {"datetime": "2025-08-12 09:16:05", "elapsed": 60645.31149291992, "delta": 35.501084327697754}, "costs": {"total_cost": 639.4396511001037, "time_cost": 101.486, "final_distance_cost": 1.851181870761425, "oscillation_cost": 431.12425538921224, "completition_cost": 0.0, "overshoot_cost": 51.744037055244135, "power_cost": 27.288386096191406, "noise_cost": 25.945790688694476, "n_waypoints_completed": 9, "tot_waypoints": 9}}
{"target": -306.38446181296416, "params": {"k_pid_pos": [1.0466735399101177, 0.12529393295947755, 0.9212653752122365], "k_pid_alt": [1.1768721857911544, 0.13581200197106214, 0.2728460694828032], "k_pid_att": [8.492260001822649, 8.09640133448512, 0.5302443512532429], "k_pid_yaw": [0.5, 1e-06, 0.1], "k_pid_hsp": [9.560060318276042, 0.12962881897620027, 0.11852086062531608], "k_pid_vsp": [245.33151345076848, 261.73426175450584, 33.02559641559674]}, "datetime": {"datetime": "2025-08-12 09:16:36", "elapsed": 60676.27473759651, "delta": 30.963244676589966}, "costs": {"total_cost": 306.38446181296416, "time_cost": 87.759, "final_distance_cost": 1.8161764834649552, "oscillation_cost": 121.45039657592866, "completition_cost": 0.0, "overshoot_cost": 51.62367654994604, "power_cost": 22.5593759765625, "noise_cost": 21.17583622706202, "n_waypoints_completed": 9, "tot_waypoints": 9}}
{"target": -430.49809478253985, "params": {"k_pid_pos": [1.0239034038232477, 0.2839945161835745, 0.004000939879777454], "k_pid_alt": [1.9917401411389273, 0.4257229409317619, 0.9389907074167916], "k_pid_att": [17.022018935387106, 9.448808509136883, 0.45365246121965075], "k_pid_yaw": [0.5, 1e-06, 0.1], "k_pid_hsp": [6.997251392607802, 0.2693505514616611, 0.5893155820844509], "k_pid_vsp": [79.80384712038217, 220.0131332096256, 37.73145547600843]}, "datetime": {"datetime": "2025-08-12 09:17:07", "elapsed": 60706.94812822342, "delta": 30.67339062690735}, "costs": {"total_cost": 430.49809478253985, "time_cost": 91.763, "final_distance_cost": 1.7744388125187454, "oscillation_cost": 235.05551387710298, "completition_cost": 0.0, "overshoot_cost": 53.75691737058604, "power_cost": 25.09686285400391, "noise_cost": 23.05136186832815, "n_waypoints_completed": 9, "tot_waypoints": 9}}
{"target": -489.71213425002986, "params": {"k_pid_pos": [1.924031021141067, 0.16839449047703192, 0.4811368050335373], "k_pid_alt": [0.5441990962784609, 0.580316746735393, 0.3407162323882287], "k_pid_att": [38.85854407351549, 5.371092726790078, 0.23608729118663052], "k_pid_yaw": [0.5, 1e-06, 0.1], "k_pid_hsp": [3.6934670568008907, 0.6243963436917962, 0.13201595628608565], "k_pid_vsp": [224.3593945922245, 326.5066615692965, 23.40208778608418]}, "datetime": {"datetime": "2025-08-12 09:17:38", "elapsed": 60738.006794691086, "delta": 31.058666467666626}, "costs": {"total_cost": 489.71213425002986, "time_cost": 93.919, "final_distance_cost": 1.7918070228803882, "oscillation_cost": 284.58947653534943, "completition_cost": 0.0, "overshoot_cost": 58.80668512496582, "power_cost": 26.973953125, "noise_cost": 23.631212441834226, "n_waypoints_completed": 9, "tot_waypoints": 9}}
{"target": -652.3036911264385, "params": {"k_pid_pos": [2.0, 0.0, 0.0], "k_pid_alt": [0.0, 1.0, 1.0], "k_pid_att": [56.38045171164564, 4.550203419086892, 1.0], "k_pid_yaw": [0.5, 1e-06, 0.1], "k_pid_hsp": [4.468778674666907, 1.0, 0.0], "k_pid_vsp": [220.1298033594145, 102.64647511788237, 39.14860748018745]}, "datetime": {"datetime": "2025-08-12 09:18:29", "elapsed": 60789.34603381157, "delta": 51.3392391204834}, "costs": {"total_cost": 652.3036911264385, "time_cost": 150, "final_distance_cost": 69.24209383818682, "oscillation_cost": 84.5025225450576, "completition_cost": 222.2222222222222, "overshoot_cost": 63.21979550824493, "power_cost": 32.12511013183594, "noise_cost": 30.991946880890918, "n_waypoints_completed": 7, "tot_waypoints": 9}}
{"target": -300.31792252743867, "params": {"k_pid_pos": [1.6952939004622554, 0.7894693707930251, 0.7423161425461103], "k_pid_alt": [1.526949351082144, 0.25803002569896294, 0.27987128079558277], "k_pid_att": [7.74223786573206, 3.99192228531212, 0.43385761390022437], "k_pid_yaw": [0.5, 1e-06, 0.1], "k_pid_hsp": [3.760058874402501, 0.8429231683600651, 0.03969490838067735], "k_pid_vsp": [82.14587537973426, 192.84137608023622, 40.05721699309814]}, "datetime": {"datetime": "2025-08-12 09:19:02", "elapsed": 60822.18209314346, "delta": 32.83605933189392}, "costs": {"total_cost": 300.31792252743867, "time_cost": 98.42, "final_distance_cost": 1.795265571462902, "oscillation_cost": 97.33110993414033, "completition_cost": 0.0, "overshoot_cost": 52.148930212782375, "power_cost": 26.46962321777344, "noise_cost": 24.15299359127961, "n_waypoints_completed": 9, "tot_waypoints": 9}}
{"target": -1082.1901904371064, "params": {"k_pid_pos": [0.1317665732127962, 0.6761056200334188, 0.8266064790609841], "k_pid_alt": [1.543391460813108, 0.43286316496171695, 0.14026512524760504], "k_pid_att": [29.964052813242503, 5.21110593257681, 0.6113132729041014], "k_pid_yaw": [0.5, 1e-06, 0.1], "k_pid_hsp": [9.333016771061242, 0.5169711862038523, 0.23433032234109974], "k_pid_vsp": [264.8938126035029, 317.07088685128184, 86.08265884336001]}, "datetime": {"datetime": "2025-08-12 09:19:50", "elapsed": 60870.10409116745, "delta": 47.921998023986816}, "costs": {"total_cost": 1082.1901904371064, "time_cost": 150, "final_distance_cost": 75.38262792699345, "oscillation_cost": 414.4959945251813, "completition_cost": 333.33333333333337, "overshoot_cost": 49.36121376693563, "power_cost": 31.89184091796875, "noise_cost": 27.725179966693712, "n_waypoints_completed": 6, "tot_waypoints": 9}}
{"target": -735.4124029787142, "params": {"k_pid_pos": [2.0, 0.3355889531386721, 0.2097210674945052], "k_pid_alt": [1.3657762116254488, 0.32396516755186144, 0.0], "k_pid_att": [19.37478938019543, 2.5317188333317096, 0.7747223706173066], "k_pid_yaw": [0.5, 1e-06, 0.1], "k_pid_hsp": [5.77430124079476, 0.7853295177148552, 0.26048560305648444], "k_pid_vsp": [300.8128565797676, 312.555552155229, 169.5940444251298]}, "datetime": {"datetime": "2025-08-12 09:20:40", "elapsed": 60920.23128199577, "delta": 50.127190828323364}, "costs": {"total_cost": 735.4124029787142, "time_cost": 150, "final_distance_cost": 117.87942386320951, "oscillation_cost": 159.078572580899, "completition_cost": 111.11111111111116, "overshoot_cost": 143.2947634561076, "power_cost": 24.013064184570315, "noise_cost": 30.0354677828166, "n_waypoints_completed": 8, "tot_waypoints": 9}}
{"target": -929.9559467364671, "params": {"k_pid_pos": [0.44920829356826825, 0.3135523946915211, 0.12320798038043934], "k_pid_alt": [0.4699652702327659, 0.15673473801671023, 0.9134603064683261], "k_pid_att": [33.970141131955955, 7.9832578006762365, 0.8027546011456628], "k_pid_yaw": [0.5, 1e-06, 0.1], "k_pid_hsp": [4.315777367964603, 0.07080747655700781, 0.5816356126206704], "k_pid_vsp": [275.25327530085826, 318.7850698034963, 85.28977916897233]}, "datetime": {"datetime": "2025-08-12 09:21:28", "elapsed": 60967.464324235916, "delta": 47.23304224014282}, "costs": {"total_cost": 929.9559467364671, "time_cost": 150, "final_distance_cost": 64.64360974811896, "oscillation_cost": 380.5049394958753, "completition_cost": 222.2222222222222, "overshoot_cost": 50.12862163709991, "power_cost": 34.21292690429688, "noise_cost": 28.243626728853936, "n_waypoints_completed": 7, "tot_waypoints": 9}}
{"target": -397.17665907526805, "params": {"k_pid_pos": [1.9693591414844138, 0.1365646889165093, 0.9941322119369258], "k_pid_alt": [1.4030726321274731, 0.9143259887960925, 0.4386346134168463], "k_pid_att": [23.4641735465001, 0.6324092033710006, 0.9616930459633912], "k_pid_yaw": [0.5, 1e-06, 0.1], "k_pid_hsp": [6.359079189247238, 0.380535141964484, 0.4170774025198961], "k_pid_vsp": [71.14291311982255, 207.7056353556946, 44.87591196509184]}, "datetime": {"datetime": "2025-08-12 09:21:57", "elapsed": 60996.667864084244, "delta": 29.203539848327637}, "costs": {"total_cost": 397.17665907526805, "time_cost": 85.036, "final_distance_cost": 1.733724255247544, "oscillation_cost": 209.43049340539864, "completition_cost": 0.0, "overshoot_cost": 55.15884112832362, "power_cost": 24.420708850097657, "noise_cost": 21.396891436200647, "n_waypoints_completed": 9, "tot_waypoints": 9}}
{"target": -380.05271802057484, "params": {"k_pid_pos": [1.0186284105087098, 0.5158019265592637, 0.43798480292981834], "k_pid_alt": [1.4373545499785643, 0.05822950716806119, 0.08972567755852934], "k_pid_att": [16.88639887011686, 0.03879030863665628, 0.8985793268601138], "k_pid_yaw": [0.5, 1e-06, 0.1], "k_pid_hsp": [7.291773601598346, 0.3839087878683426, 0.5709630430918008], "k_pid_vsp": [241.0557428109334, 266.32179858994317, 30.156131683957273]}, "datetime": {"datetime": "2025-08-12 09:22:29", "elapsed": 61028.732825517654, "delta": 32.064961433410645}, "costs": {"total_cost": 380.05271802057484, "time_cost": 92.20400000000001, "final_distance_cost": 1.7523833147891803, "oscillation_cost": 185.0791027930876, "completition_cost": 0.0, "overshoot_cost": 52.914200540513534, "power_cost": 25.098938012695314, "noise_cost": 23.00409335948919, "n_waypoints_completed": 9, "tot_waypoints": 9}}
{"target": -1636.2790080912969, "params": {"k_pid_pos": [0.7577018072603794, 0.15539511073721424, 0.7423696751229684], "k_pid_alt": [1.987796924169006, 0.20298046174619888, 0.8379194152074818], "k_pid_att": [17.02864811251833, 5.904890029573549, 0.2093412413428546], "k_pid_yaw": [0.5, 1e-06, 0.1], "k_pid_hsp": [0.2197033181921228, 0.013971236018716304, 0.9415368479889339], "k_pid_vsp": [186.85793165751977, 318.1322050134777, 6.1231519629741]}, "datetime": {"datetime": "2025-08-12 09:23:16", "elapsed": 61076.333783864975, "delta": 47.60095834732056}, "costs": {"total_cost": 1636.2790080912969, "time_cost": 150, "final_distance_cost": 80.82625371900652, "oscillation_cost": 591.3151050380794, "completition_cost": 666.6666666666667, "overshoot_cost": 87.26562365506645, "power_cost": 28.317784924316406, "noise_cost": 31.887574088161188, "n_waypoints_completed": 3, "tot_waypoints": 9}}
{"target": -383.5771096218508, "params": {"k_pid_pos": [1.1278947014130274, 0.7340849209706071, 0.5904011546830736], "k_pid_alt": [0.8683741319136216, 0.36639765959344717, 0.1516030028294244], "k_pid_att": [9.95185780852883, 0.2438022169372763, 0.22970940783659544], "k_pid_yaw": [0.5, 1e-06, 0.1], "k_pid_hsp": [3.4738739075153044, 0.5284669187666815, 0.3169703430768095], "k_pid_vsp": [277.88327424520946, 369.2237038181223, 27.754108304543916]}, "datetime": {"datetime": "2025-08-12 09:24:04", "elapsed": 61124.13378620148, "delta": 47.800002336502075}, "costs": {"total_cost": 383.5771096218508, "time_cost": 89.278, "final_distance_cost": 1.7536875252721666, "oscillation_cost": 193.70022307385298, "completition_cost": 0.0, "overshoot_cost": 51.92146549546298, "power_cost": 24.424838000488283, "noise_cost": 22.49889552677434, "n_waypoints_completed": 9, "tot_waypoints": 9}}
{"target": -277.06584781474976, "params": {"k_pid_pos": [1.4030252768831617, 0.022345575722380828, 0.4241665498503765], "k_pid_alt": [0.617187169888576, 0.5782326722777227, 0.4150798939795166], "k_pid_att": [3.381813727249139, 0.78856734614604, 0.5504786819761208], "k_pid_yaw": [0.5, 1e-06, 0.1], "k_pid_hsp": [4.854050523754015, 0.18408733701898927, 0.04999752637388888], "k_pid_vsp": [87.64842684876415, 189.91122613107078, 39.53719355809371]}, "datetime": {"datetime": "2025-08-12 09:24:39", "elapsed": 61158.429794073105, "delta": 34.29600787162781}, "costs": {"total_cost": 277.06584781474976, "time_cost": 90.57300000000001, "final_distance_cost": 1.7316069504756335, "oscillation_cost": 81.62079613244018, "completition_cost": 0.0, "overshoot_cost": 57.020455842173035, "power_cost": 24.042775976562503, "noise_cost": 22.077212913098457, "n_waypoints_completed": 9, "tot_waypoints": 9}}
{"target": -1281.0695497618183, "params": {"k_pid_pos": [0.26819952103337863, 0.05129094984938509, 0.16583653881275884], "k_pid_alt": [0.021405700512800774, 0.012594295678214351, 0.32685229635068325], "k_pid_att": [55.235986697554154, 5.27012947829248, 0.36279866527278026], "k_pid_yaw": [0.5, 1e-06, 0.1], "k_pid_hsp": [0.4297975233913452, 0.6149640196075041, 0.49749067008626213], "k_pid_vsp": [213.60788540706065, 220.5141233638677, 118.02002998350486]}, "datetime": {"datetime": "2025-08-12 09:25:18", "elapsed": 61197.60072803497, "delta": 39.170933961868286}, "costs": {"total_cost": 1281.0695497618183, "time_cost": 150, "final_distance_cost": 87.51988408990768, "oscillation_cost": 252.96330278919262, "completition_cost": 666.6666666666667, "overshoot_cost": 57.91110529841106, "power_cost": 36.80741330566406, "noise_cost": 29.201177611975915, "n_waypoints_completed": 3, "tot_waypoints": 9}}
{"target": -350.7426745931423, "params": {"k_pid_pos": [2.0, 0.0, 0.0], "k_pid_alt": [2.0, 0.0, 1.0], "k_pid_att": [37.65171267227143, 5.704095981721118, 0.0], "k_pid_yaw": [0.5, 1e-06, 0.1], "k_pid_hsp": [7.49891530053663, 0.0, 0.0], "k_pid_vsp": [226.6381885911377, 327.7424083224386, 15.456388836366337]}, "datetime": {"datetime": "2025-08-12 09:25:45", "elapsed": 61225.280703783035, "delta": 27.679975748062134}, "costs": {"total_cost": 350.7426745931423, "time_cost": 69.524, "final_distance_cost": 1.7614411233451428, "oscillation_cost": 190.84848288120696, "completition_cost": 0.0, "overshoot_cost": 50.5485585592535, "power_cost": 19.558611938476563, "noise_cost": 18.50158009086011, "n_waypoints_completed": 9, "tot_waypoints": 9}}
{"target": -846.8196391436992, "params": {"k_pid_pos": [0.22916080644787773, 0.8611295358396515, 0.8596896742010027], "k_pid_alt": [1.848176908678031, 0.045045247724616266, 0.7787438947171998], "k_pid_att": [49.81621908740594, 4.71516432542945, 0.8802801315613901], "k_pid_yaw": [0.5, 1e-06, 0.1], "k_pid_hsp": [5.894970126327326, 0.7711522728271434, 0.9909829409037897], "k_pid_vsp": [125.95317366868994, 92.75165860084229, 47.02947258452045]}, "datetime": {"datetime": "2025-08-12 09:26:23", "elapsed": 61263.07451701164, "delta": 37.79381322860718}, "costs": {"total_cost": 846.8196391436992, "time_cost": 150, "final_distance_cost": 68.57189682473481, "oscillation_cost": 288.4390774230404, "completition_cost": 222.2222222222222, "overshoot_cost": 53.7307401889796, "power_cost": 35.3146392578125, "noise_cost": 28.54106322690983, "n_waypoints_completed": 7, "tot_waypoints": 9}}
{"target": -455.7645585034495, "params": {"k_pid_pos": [1.271185375405211, 0.2592837324069027, 0.14924637504698168], "k_pid_alt": [0.7181613969434966, 0.5174839565308643, 0.2711356781851473], "k_pid_att": [11.52003142273218, 9.55394473988682, 0.9995709533322702], "k_pid_yaw": [0.5, 1e-06, 0.1], "k_pid_hsp": [5.065339738932092, 0.7580377000237707, 0.6939219510157886], "k_pid_vsp": [301.4273369216442, 348.1775928970506, 144.321178021811]}, "datetime": {"datetime": "2025-08-12 09:27:01", "elapsed": 61300.50222659111, "delta": 37.42770957946777}, "costs": {"total_cost": 455.7645585034495, "time_cost": 109.522, "final_distance_cost": 1.7941661279472771, "oscillation_cost": 228.94101821715836, "completition_cost": 0.0, "overshoot_cost": 58.178244506492995, "power_cost": 30.20275467529297, "noise_cost": 27.126374976557898, "n_waypoints_completed": 9, "tot_waypoints": 9}}
{"target": -882.7668621294597, "params": {"k_pid_pos": [0.2615506021727822, 0.17493023043115563, 0.9289543719928166], "k_pid_alt": [1.999207128770505, 0.6732826705350851, 0.017699108221991167], "k_pid_att": [11.860656740631947, 7.092834163916587, 0.8634325106500298], "k_pid_yaw": [0.5, 1e-06, 0.1], "k_pid_hsp": [7.131404667726031, 0.22558222699732855, 0.7786326172241448], "k_pid_vsp": [242.92370995093876, 266.48673688024576, 20.776240286389797]}, "datetime": {"datetime": "2025-08-12 09:27:44", "elapsed": 61343.88728952408, "delta": 43.38506293296814}, "costs": {"total_cost": 882.7668621294597, "time_cost": 150, "final_distance_cost": 66.71850151459681, "oscillation_cost": 330.2406373803154, "completition_cost": 222.2222222222222, "overshoot_cost": 56.25815496588175, "power_cost": 30.435707543945313, "noise_cost": 26.891638502498157, "n_waypoints_completed": 7, "tot_waypoints": 9}}
{"target": -1329.5501871216961, "params": {"k_pid_pos": [0.09153389112267842, 0.6562176209613122, 0.2975130788603352], "k_pid_alt": [0.260028212004616, 0.14512315763971861, 0.5343315474030551], "k_pid_att": [12.885723729743571, 6.514045011777019, 0.8444385812792199], "k_pid_yaw": [0.5, 1e-06, 0.1], "k_pid_hsp": [6.421776557750672, 0.9244967036633795, 0.7317536321131097], "k_pid_vsp": [251.88350536409249, 263.5058577764309, 36.823264387144434]}, "datetime": {"datetime": "2025-08-12 09:28:21", "elapsed": 61380.651347875595, "delta": 36.764058351516724}, "costs": {"total_cost": 1329.5501871216961, "time_cost": 150, "final_distance_cost": 91.6930096093681, "oscillation_cost": 204.86003860455133, "completition_cost": 777.7777777777778, "overshoot_cost": 43.467352589995606, "power_cost": 33.033838330078126, "noise_cost": 28.71817020992487, "n_waypoints_completed": 2, "tot_waypoints": 9}}
{"target": -326.5683264776857, "params": {"k_pid_pos": [0.8253921074358993, 0.6288417585995472, 0.7921402886171487], "k_pid_alt": [0.45171719952244493, 0.25083390829076424, 0.5171467550624883], "k_pid_att": [18.957442037710347, 6.6667004827409135, 0.6392215513610859], "k_pid_yaw": [0.5, 1e-06, 0.1], "k_pid_hsp": [8.500559083424637, 0.17718665708346537, 0.04252549438206732], "k_pid_vsp": [247.3774667956123, 276.62186055855693, 32.50409596894214]}, "datetime": {"datetime": "2025-08-12 09:29:06", "elapsed": 61426.21285319328, "delta": 45.56150531768799}, "costs": {"total_cost": 326.5683264776857, "time_cost": 113.148, "final_distance_cost": 1.7783286864065655, "oscillation_cost": 97.97386590486484, "completition_cost": 0.0, "overshoot_cost": 58.1741206142019, "power_cost": 27.643610156250002, "noise_cost": 27.85040111596236, "n_waypoints_completed": 9, "tot_waypoints": 9}}
{"target": -373.4987277666698, "params": {"k_pid_pos": [2.0, 0.0, 0.0], "k_pid_alt": [2.0, 1.0, 1.0], "k_pid_att": [3.7930890852618497, 2.068631479470631, 1.0], "k_pid_yaw": [0.5, 1e-06, 0.1], "k_pid_hsp": [3.6809372659374553, 0.6196894784215009, 0.9862930657531778], "k_pid_vsp": [190.48150568175942, 327.4760856101462, 18.12962306317977]}, "datetime": {"datetime": "2025-08-12 09:29:43", "elapsed": 61462.7372739315, "delta": 36.524420738220215}, "costs": {"total_cost": 373.4987277666698, "time_cost": 106.953, "final_distance_cost": 1.7749413027783278, "oscillation_cost": 140.8217500197731, "completition_cost": 0.0, "overshoot_cost": 65.61876919510111, "power_cost": 30.041906323242188, "noise_cost": 28.288360925775056, "n_waypoints_completed": 9, "tot_waypoints": 9}}
{"target": -340.47348941410576, "params": {"k_pid_pos": [1.0374700511504058, 0.0, 0.0], "k_pid_alt": [2.0, 0.0, 1.0], "k_pid_att": [14.34529147643594, 3.766639782845107, 0.5232602182324788], "k_pid_yaw": [0.5, 1e-06, 0.1], "k_pid_hsp": [7.378965857352485, 1.0, 1.0], "k_pid_vsp": [290.45905355394734, 348.63713631045795, 89.94515940959377]}, "datetime": {"datetime": "2025-08-12 09:30:25", "elapsed": 61504.72399878502, "delta": 41.986724853515625}, "costs": {"total_cost": 340.47348941410576, "time_cost": 73.857, "final_distance_cost": 1.812925532577134, "oscillation_cost": 174.47453266016802, "completition_cost": 0.0, "overshoot_cost": 50.8106162873712, "power_cost": 20.923909790039062, "noise_cost": 18.594505143950293, "n_waypoints_completed": 9, "tot_waypoints": 9}}
{"target": -581.5897395520673, "params": {"k_pid_pos": [0.3818019664829062, 0.6235259761795159, 0.48317106995463444], "k_pid_alt": [1.665934821532957, 0.02047055583431856, 0.717252863844557], "k_pid_att": [45.751505423551734, 2.301352556883818, 0.3788128434428124], "k_pid_yaw": [0.5, 1e-06, 0.1], "k_pid_hsp": [3.3935688414819922, 0.028425221631712905, 0.23907745963307914], "k_pid_vsp": [212.7599549924313, 220.51492132683163, 118.90746022170494]}, "datetime": {"datetime": "2025-08-12 09:31:00", "elapsed": 61539.50128340721, "delta": 34.77728462219238}, "costs": {"total_cost": 581.5897395520673, "time_cost": 103.523, "final_distance_cost": 1.8069179474684032, "oscillation_cost": 363.35002536216336, "completition_cost": 0.0, "overshoot_cost": 56.890310084839975, "power_cost": 29.865788989257815, "noise_cost": 26.153697168337775, "n_waypoints_completed": 9, "tot_waypoints": 9}}
