{"target": -705.138428360123, "params": {"k_pid_pos": [1.4883386744574558, 0.8613158652951203, 0.06484675467060197], "k_pid_alt": [1.0993956851866253, 0.33674616169891614, 0.674823392023546], "k_pid_att": [18.32627238096215, 9.500714192179146, 0.9514810664647629], "k_pid_yaw": [0.5, 1e-06, 0.1], "k_pid_hsp": [3.5060204140186455, 0.8994200799165109, 0.9388711147040819], "k_pid_vsp": [224.6681711185459, 33.11674375191457, 35.44260376208674]}, "datetime": {"datetime": "2025-08-12 04:55:11", "elapsed": 44990.517315387726, "delta": 39.658812522888184}, "costs": {"total_cost": 705.138428360123, "time_cost": 150, "final_distance_cost": 64.19148605407119, "oscillation_cost": 140.2643060918875, "completition_cost": 222.2222222222222, "overshoot_cost": 60.55660261611206, "power_cost": 36.3126630859375, "noise_cost": 31.591148289892555, "n_waypoints_completed": 7, "tot_waypoints": 9}}
{"target": -838.3013459673527, "params": {"k_pid_pos": [1.1349900632210916, 0.0697190769235202, 0.4529772811827375], "k_pid_alt": [0.7343326013929781, 0.06870915863907734, 0.828791776761913], "k_pid_att": [35.334841641447966, 6.262025210063251, 0.9442412166430803], "k_pid_yaw": [0.5, 1e-06, 0.1], "k_pid_hsp": [2.388536973424489, 0.16963367442680755, 0.5070494386326556], "k_pid_vsp": [221.10049783994805, 319.9981734809646, 19.416065314812275]}, "datetime": {"datetime": "2025-08-12 04:55:52", "elapsed": 45031.430160045624, "delta": 40.91284465789795}, "costs": {"total_cost": 838.3013459673527, "time_cost": 150, "final_distance_cost": 7.336206071876443, "oscillation_cost": 453.6422850763178, "completition_cost": 111.11111111111116, "overshoot_cost": 53.7460858286921, "power_cost": 33.27805249023438, "noise_cost": 29.187605389120826, "n_waypoints_completed": 8, "tot_waypoints": 9}}
{"target": -362.2978066071891, "params": {"k_pid_pos": [1.439381623135057, 0.1652789923023833, 0.04831314127892217], "k_pid_alt": [0.36715467474036667, 0.1032738109639918, 0.44145912913394036], "k_pid_att": [5.51005333921667, 5.2515621505841805, 0.8040106210542064], "k_pid_yaw": [0.5, 1e-06, 0.1], "k_pid_hsp": [6.5033759364906185, 0.7394160059462777, 0.2767555761465178], "k_pid_vsp": [302.10542461608935, 297.63364962471604, 170.91247123652536]}, "datetime": {"datetime": "2025-08-12 04:56:30", "elapsed": 45069.86765217781, "delta": 38.43749213218689}, "costs": {"total_cost": 362.2978066071891, "time_cost": 105.287, "final_distance_cost": 1.7526002436159451, "oscillation_cost": 144.4055916823375, "completition_cost": 0.0, "overshoot_cost": 57.89469222941817, "power_cost": 28.465704199218752, "noise_cost": 24.49221825259872, "n_waypoints_completed": 9, "tot_waypoints": 9}}
{"target": -515.9492329755547, "params": {"k_pid_pos": [1.3464205642896707, 0.07927433791635297, 0.23983472534017392], "k_pid_alt": [1.9904871730203346, 0.48544492789081706, 0.9698990932017443], "k_pid_att": [29.651400785840345, 6.022959229199473, 0.0394097125555295], "k_pid_yaw": [0.5, 1e-06, 0.1], "k_pid_hsp": [6.247693441457775, 0.7039300839766159, 0.36139118727485087], "k_pid_vsp": [280.1917460592182, 255.4810603149656, 3.4743424088252755]}, "datetime": {"datetime": "2025-08-12 04:56:57", "elapsed": 45096.75188398361, "delta": 26.88423180580139}, "costs": {"total_cost": 515.9492329755547, "time_cost": 78.022, "final_distance_cost": 1.7976344862500735, "oscillation_cost": 341.3789605355873, "completition_cost": 0.0, "overshoot_cost": 51.39208488154582, "power_cost": 21.6956283203125, "noise_cost": 21.6629247518589, "n_waypoints_completed": 9, "tot_waypoints": 9}}
{"target": -1108.0505288174936, "params": {"k_pid_pos": [2.0, 1.0, 0.0], "k_pid_alt": [2.0, 0.10396457706095202, 1.0], "k_pid_att": [39.40707167016395, 3.8753562719171093, 1.0], "k_pid_yaw": [0.5, 1e-06, 0.1], "k_pid_hsp": [0.36200507037017, 1.0, 0.0], "k_pid_vsp": [59.39225058783921, 363.5287986531895, 91.46782945233649]}, "datetime": {"datetime": "2025-08-12 04:57:36", "elapsed": 45135.80216169357, "delta": 39.05027770996094}, "costs": {"total_cost": 1108.0505288174936, "time_cost": 150, "final_distance_cost": 59.98752595598698, "oscillation_cost": 97.80589047258874, "completition_cost": 666.6666666666667, "overshoot_cost": 66.36622518688303, "power_cost": 37.4333555053711, "noise_cost": 29.790865029997025, "n_waypoints_completed": 3, "tot_waypoints": 9}}
{"target": -631.1464503702715, "params": {"k_pid_pos": [1.7780776570922827, 0.27445361681791913, 0.9839103437148901], "k_pid_alt": [0.35377614698767124, 0.9777550531408534, 0.39751828652320476], "k_pid_att": [33.703410788699514, 3.217418928784411, 0.33627778141952125], "k_pid_yaw": [0.5, 1e-06, 0.1], "k_pid_hsp": [4.37078106093672, 0.8939700057189186, 0.35093721221940255], "k_pid_vsp": [331.669368266487, 277.96103759168653, 228.84402723612317]}, "datetime": {"datetime": "2025-08-12 04:58:12", "elapsed": 45171.890926122665, "delta": 36.08876442909241}, "costs": {"total_cost": 631.1464503702715, "time_cost": 110.026, "final_distance_cost": 1.7454668911043714, "oscillation_cost": 390.7322744270106, "completition_cost": 0.0, "overshoot_cost": 68.58208467908868, "power_cost": 31.61641619873047, "noise_cost": 28.444208174337394, "n_waypoints_completed": 9, "tot_waypoints": 9}}
{"target": -937.8829956369557, "params": {"k_pid_pos": [2.0, 0.2385741733478336, 0.32538954481695376], "k_pid_alt": [0.2785481854899463, 0.0, 0.8639070290541984], "k_pid_att": [33.93532617668195, 4.441231798161111, 0.6087789278642262], "k_pid_yaw": [0.5, 1e-06, 0.1], "k_pid_hsp": [2.7100838230454487, 0.32400811273466706, 0.46153876155753915], "k_pid_vsp": [54.91576083595551, 296.3009340042204, 42.75310628563098]}, "datetime": {"datetime": "2025-08-12 04:58:51", "elapsed": 45210.94240999222, "delta": 39.05148386955261}, "costs": {"total_cost": 937.8829956369557, "time_cost": 150, "final_distance_cost": 70.97509906919659, "oscillation_cost": 382.83657329295715, "completition_cost": 222.2222222222222, "overshoot_cost": 48.57106420269847, "power_cost": 34.46043564453125, "noise_cost": 28.81760120535006, "n_waypoints_completed": 7, "tot_waypoints": 9}}
{"target": -595.4430632147715, "params": {"k_pid_pos": [1.595666070025003, 0.39019506086308686, 0.5119427943271531], "k_pid_alt": [0.04582723716295445, 0.6410737699355252, 0.8581039840193133], "k_pid_att": [10.361074964341766, 2.445008852187494, 0.1487305328636318], "k_pid_yaw": [0.5, 1e-06, 0.1], "k_pid_hsp": [6.46140340536716, 0.056932468073675135, 0.40232324645449435], "k_pid_vsp": [294.84401762327616, 293.5554928908562, 171.47483081443738]}, "datetime": {"datetime": "2025-08-12 04:59:33", "elapsed": 45253.1897983551, "delta": 42.24738836288452}, "costs": {"total_cost": 595.4430632147715, "time_cost": 113.736, "final_distance_cost": 1.7596938529537482, "oscillation_cost": 352.63758092212953, "completition_cost": 0.0, "overshoot_cost": 69.46715911076001, "power_cost": 30.232109692382814, "noise_cost": 27.610519636545423, "n_waypoints_completed": 9, "tot_waypoints": 9}}
{"target": -841.707109587603, "params": {"k_pid_pos": [0.34890346944993617, 0.10105976187681043, 0.7994975381400815], "k_pid_alt": [1.5571109009794466, 0.042908309956159685, 0.4753062014939369], "k_pid_att": [22.071370102989107, 9.080610500987653, 0.8053265852753337], "k_pid_yaw": [0.5, 1e-06, 0.1], "k_pid_hsp": [2.731819671547304, 0.6330614647780737, 0.5773056821517749], "k_pid_vsp": [305.5492445548287, 320.3952958776353, 163.0397792818645]}, "datetime": {"datetime": "2025-08-12 05:00:10", "elapsed": 45290.12971830368, "delta": 36.93991994857788}, "costs": {"total_cost": 841.707109587603, "time_cost": 150, "final_distance_cost": 10.924701106964868, "oscillation_cost": 446.96728914148645, "completition_cost": 111.11111111111116, "overshoot_cost": 61.79631844625516, "power_cost": 30.939157214355472, "noise_cost": 29.968532567429847, "n_waypoints_completed": 8, "tot_waypoints": 9}}
{"target": -225.8212069478958, "params": {"k_pid_pos": [2.0, 1.0, 1.0], "k_pid_alt": [2.0, 1.0, 0.0], "k_pid_att": [40.35301832643625, 2.3014716380859483, 1.0], "k_pid_yaw": [0.5, 1e-06, 0.1], "k_pid_hsp": [0.59669470811271, 0.0, 0.0], "k_pid_vsp": [269.92882780197624, 308.0478698495851, 77.40622577558207]}, "datetime": {"datetime": "2025-08-12 05:00:41", "elapsed": 45320.99072742462, "delta": 30.861009120941162}, "costs": {"total_cost": 225.8212069478958, "time_cost": 87.36, "final_distance_cost": 1.7606033237443326, "oscillation_cost": 37.22321920803833, "completition_cost": 0.0, "overshoot_cost": 54.26441699193489, "power_cost": 22.92871060791016, "noise_cost": 22.284256816268098, "n_waypoints_completed": 9, "tot_waypoints": 9}}
{"target": -1302.0882901544699, "params": {"k_pid_pos": [0.16216202462752513, 0.5538894837222424, 0.7103712734102882], "k_pid_alt": [1.49275071923032, 0.2930849225097918, 0.10268936208168256], "k_pid_att": [39.55584800351646, 2.4280189640800365, 0.6435517174182156], "k_pid_yaw": [0.5, 1e-06, 0.1], "k_pid_hsp": [5.860437979475503, 0.06192316156538502, 0.9751806212909094], "k_pid_vsp": [335.1885938992757, 283.1415302244234, 241.34660588710184]}, "datetime": {"datetime": "2025-08-12 05:01:20", "elapsed": 45360.173899650574, "delta": 39.18317222595215}, "costs": {"total_cost": 1302.0882901544699, "time_cost": 150, "final_distance_cost": 45.831582389686595, "oscillation_cost": 437.9413471057901, "completition_cost": 555.5555555555555, "overshoot_cost": 49.84079578958858, "power_cost": 34.52120406494141, "noise_cost": 28.397805248907627, "n_waypoints_completed": 4, "tot_waypoints": 9}}
{"target": -908.2786199725547, "params": {"k_pid_pos": [1.0205583070535116, 0.8194629135831731, 0.32432719842361646], "k_pid_alt": [0.5960852985464669, 0.851568617770951, 0.9694072275010702], "k_pid_att": [28.259901525183896, 1.9878950365514205, 0.6245372792594021], "k_pid_yaw": [0.5, 1e-06, 0.1], "k_pid_hsp": [4.477703875079592, 0.9360404565206742, 0.9444295471942263], "k_pid_vsp": [26.674130797193563, 397.20984086214514, 63.50459332838693]}, "datetime": {"datetime": "2025-08-12 05:02:01", "elapsed": 45401.25532460213, "delta": 41.081424951553345}, "costs": {"total_cost": 908.2786199725547, "time_cost": 150, "final_distance_cost": 87.27228004351544, "oscillation_cost": 207.66247262705684, "completition_cost": 333.33333333333337, "overshoot_cost": 61.743670583822244, "power_cost": 36.35737696533203, "noise_cost": 31.909486419494804, "n_waypoints_completed": 6, "tot_waypoints": 9}}
{"target": -612.4418892986373, "params": {"k_pid_pos": [1.3959932154758838, 0.6874270595955014, 0.8685339870422085], "k_pid_alt": [1.1919237402207912, 0.618017620074003, 0.6230338737244069], "k_pid_att": [27.50838934453067, 2.0275850519553456, 0.31319440388629427], "k_pid_yaw": [0.5, 1e-06, 0.1], "k_pid_hsp": [4.039303792087165, 0.406909103525255, 0.7773306932257102], "k_pid_vsp": [235.7018731296531, 28.41934646896239, 44.20811719886874]}, "datetime": {"datetime": "2025-08-12 05:02:38", "elapsed": 45437.839307785034, "delta": 36.583983182907104}, "costs": {"total_cost": 612.4418892986373, "time_cost": 114.95400000000001, "final_distance_cost": 1.758368567022016, "oscillation_cost": 370.86651389858775, "completition_cost": 0.0, "overshoot_cost": 61.86390734967696, "power_cost": 33.874083740234376, "noise_cost": 29.125015743116094, "n_waypoints_completed": 9, "tot_waypoints": 9}}
{"target": -1368.3517406557694, "params": {"k_pid_pos": [0.1339622787821571, 0.35446445173026586, 0.6870265088814138], "k_pid_alt": [1.411774994958812, 0.2795370868217947, 0.3238632643646491], "k_pid_att": [36.8761567578556, 4.079893429667621, 0.6737518696249588], "k_pid_yaw": [0.5, 1e-06, 0.1], "k_pid_hsp": [7.000281686740163, 0.19138958089013614, 0.9751477314252144], "k_pid_vsp": [287.74784579437784, 354.1582812400757, 29.44555884774192]}, "datetime": {"datetime": "2025-08-12 05:03:22", "elapsed": 45481.692053318024, "delta": 43.8527455329895}, "costs": {"total_cost": 1368.3517406557694, "time_cost": 150, "final_distance_cost": 50.7026523353008, "oscillation_cost": 389.73348334250494, "completition_cost": 666.6666666666667, "overshoot_cost": 50.76111434800867, "power_cost": 32.65688569335938, "noise_cost": 27.830938269929067, "n_waypoints_completed": 3, "tot_waypoints": 9}}
{"target": -470.2692121045295, "params": {"k_pid_pos": [1.2022341945437236, 0.6888525553143978, 0.3101077953345869], "k_pid_alt": [1.655974492247249, 0.3528918997224372, 0.4242719927839018], "k_pid_att": [34.996191254823664, 7.286613127945157, 0.7136978902094039], "k_pid_yaw": [0.5, 1e-06, 0.1], "k_pid_hsp": [5.131968055413607, 0.1555959559809964, 0.8355549920699442], "k_pid_vsp": [270.7933719096069, 322.968817663346, 78.70813146735746]}, "datetime": {"datetime": "2025-08-12 05:04:05", "elapsed": 45525.19557952881, "delta": 43.50352621078491}, "costs": {"total_cost": 470.2692121045295, "time_cost": 111.552, "final_distance_cost": 1.7744105505663028, "oscillation_cost": 240.09892147824988, "completition_cost": 0.0, "overshoot_cost": 55.89259875541871, "power_cost": 33.24641617431641, "noise_cost": 27.70486514597829, "n_waypoints_completed": 9, "tot_waypoints": 9}}
{"target": -1057.170649310975, "params": {"k_pid_pos": [0.285000595561617, 0.07260937264703371, 0.9016134416580497], "k_pid_alt": [1.9139676728474802, 0.3576894231624801, 0.3195458889059781], "k_pid_att": [41.30400507383799, 2.9662096972779546, 0.22685687572320157], "k_pid_yaw": [0.5, 1e-06, 0.1], "k_pid_hsp": [9.853074429206735, 0.7782677329374373, 0.7685504245874619], "k_pid_vsp": [229.68010062285535, 25.748193649942575, 33.17731285871048]}, "datetime": {"datetime": "2025-08-12 05:04:42", "elapsed": 45562.19571566582, "delta": 37.00013613700867}, "costs": {"total_cost": 1057.170649310975, "time_cost": 150, "final_distance_cost": 25.25204566812013, "oscillation_cost": 642.8869863437399, "completition_cost": 111.11111111111116, "overshoot_cost": 66.4756085369662, "power_cost": 33.417560803222656, "noise_cost": 28.02733684781484, "n_waypoints_completed": 8, "tot_waypoints": 9}}
{"target": -662.5951988495876, "params": {"k_pid_pos": [0.9114615003668591, 0.9814892722447761, 0.24224135936685098], "k_pid_alt": [1.8192799408637985, 0.5750258235483069, 0.996086530632118], "k_pid_att": [27.412560162889655, 0.004095955228731768, 0.37938969282816937], "k_pid_yaw": [0.5, 1e-06, 0.1], "k_pid_hsp": [8.50768852267283, 0.6572885556870286, 0.8665087875132191], "k_pid_vsp": [221.75201311727136, 278.0257560554919, 66.55846778688431]}, "datetime": {"datetime": "2025-08-12 05:05:22", "elapsed": 45602.35941171646, "delta": 40.16369605064392}, "costs": {"total_cost": 662.5951988495876, "time_cost": 150, "final_distance_cost": 42.468079341634876, "oscillation_cost": 210.75282300710265, "completition_cost": 111.11111111111116, "overshoot_cost": 80.89551741498343, "power_cost": 36.8537127319336, "noise_cost": 30.51395524282188, "n_waypoints_completed": 8, "tot_waypoints": 9}}
{"target": -711.2104306559812, "params": {"k_pid_pos": [0.4309967937573755, 0.08302686336296305, 0.49163454951872465], "k_pid_alt": [0.7231312645597501, 0.6919672233698758, 0.19928300139227384], "k_pid_att": [46.494918825956056, 2.2486042199871137, 0.5858735907044691], "k_pid_yaw": [0.5, 1e-06, 0.1], "k_pid_hsp": [9.918875134675215, 0.46927605047907717, 0.27794890686925433], "k_pid_vsp": [230.58848973433092, 27.497445318399933, 47.62186724878178]}, "datetime": {"datetime": "2025-08-12 05:06:00", "elapsed": 45639.52803707123, "delta": 37.168625354766846}, "costs": {"total_cost": 711.2104306559812, "time_cost": 111.11800000000001, "final_distance_cost": 1.8110565199107738, "oscillation_cost": 475.4908812316451, "completition_cost": 0.0, "overshoot_cost": 64.53562331307141, "power_cost": 31.22651413574219, "noise_cost": 27.028355455611752, "n_waypoints_completed": 9, "tot_waypoints": 9}}
{"target": -479.52395966633236, "params": {"k_pid_pos": [1.9788199324661675, 0.026383735414658105, 0.7426890681535392], "k_pid_alt": [0.8492193891711692, 0.9715843056064468, 0.41564962720758136], "k_pid_att": [30.32177205211587, 1.241053851098695, 0.8600141743985794], "k_pid_yaw": [0.5, 1e-06, 0.1], "k_pid_hsp": [2.831899439486897, 0.42625565410571353, 0.19171016575447686], "k_pid_vsp": [284.38118995268945, 348.6544665128725, 26.173104332569448]}, "datetime": {"datetime": "2025-08-12 05:06:31", "elapsed": 45670.59553003311, "delta": 31.067492961883545}, "costs": {"total_cost": 479.52395966633236, "time_cost": 94.465, "final_distance_cost": 1.741286129857359, "oscillation_cost": 273.4582415919567, "completition_cost": 0.0, "overshoot_cost": 59.63077340262638, "power_cost": 26.78497215576172, "noise_cost": 23.443686386130192, "n_waypoints_completed": 9, "tot_waypoints": 9}}
{"target": -434.6699838057241, "params": {"k_pid_pos": [1.700993591098891, 0.3672075477651379, 0.0], "k_pid_alt": [1.139635454886841, 0.10140308036443704, 0.5443380334372067], "k_pid_att": [22.85149899983731, 1.6233760144105656, 0.11657374542182423], "k_pid_yaw": [0.5, 1e-06, 0.1], "k_pid_hsp": [6.119239610622993, 0.8372147787028542, 0.289744360924273], "k_pid_vsp": [303.0672027618997, 313.9791645074922, 166.48536323845522]}, "datetime": {"datetime": "2025-08-12 05:07:01", "elapsed": 45701.265285015106, "delta": 30.66975498199463}, "costs": {"total_cost": 434.6699838057241, "time_cost": 90.363, "final_distance_cost": 1.7403519047305744, "oscillation_cost": 234.56645990725679, "completition_cost": 0.0, "overshoot_cost": 59.40056142679685, "power_cost": 26.011592626953128, "noise_cost": 22.588017939986766, "n_waypoints_completed": 9, "tot_waypoints": 9}}
{"target": -1129.818437313427, "params": {"k_pid_pos": [0.3733100509904394, 0.5916704624858776, 0.7387530160695204], "k_pid_alt": [1.9806427297632216, 0.2897128996643712, 0.9163217233682374], "k_pid_att": [40.38235487198134, 4.135957706116207, 0.7697174725456566], "k_pid_yaw": [0.5, 1e-06, 0.1], "k_pid_hsp": [3.2344995178421625, 0.4268758118022593, 0.570535793426132], "k_pid_vsp": [216.75812650237657, 329.6505544462456, 13.597886151257532]}, "datetime": {"datetime": "2025-08-12 05:07:46", "elapsed": 45745.459188222885, "delta": 44.19390320777893}, "costs": {"total_cost": 1129.818437313427, "time_cost": 150, "final_distance_cost": 70.61916335468617, "oscillation_cost": 467.7310053536197, "completition_cost": 333.33333333333337, "overshoot_cost": 46.2025165328932, "power_cost": 33.49504412841797, "noise_cost": 28.43737461047653, "n_waypoints_completed": 6, "tot_waypoints": 9}}
{"target": -1164.61418978833, "params": {"k_pid_pos": [0.26706971393361145, 0.02047557634948205, 0.5466029468834754], "k_pid_alt": [0.12563245489059693, 0.1574676803840559, 0.19327083538721035], "k_pid_att": [42.35993606004293, 2.5909024917273427, 0.5796577012248698], "k_pid_yaw": [0.5, 1e-06, 0.1], "k_pid_hsp": [4.547845156904988, 0.6549183678718815, 0.07382223452259573], "k_pid_vsp": [186.6111807257047, 308.19175551536483, 138.12209669112093]}, "datetime": {"datetime": "2025-08-12 05:08:24", "elapsed": 45783.968970775604, "delta": 38.509782552719116}, "costs": {"total_cost": 1164.61418978833, "time_cost": 150, "final_distance_cost": 54.45742405733924, "oscillation_cost": 504.088132491022, "completition_cost": 333.33333333333337, "overshoot_cost": 57.17105591379801, "power_cost": 34.86966571044922, "noise_cost": 30.694578282388072, "n_waypoints_completed": 6, "tot_waypoints": 9}}
{"target": -675.323330040165, "params": {"k_pid_pos": [0.5936460382133496, 0.7160887502876055, 0.3454111142336721], "k_pid_alt": [0.943769926567207, 0.7671910175220985, 0.5517962155667699], "k_pid_att": [27.651848350337794, 2.1103203550210514, 0.5735897330210308], "k_pid_yaw": [0.5, 1e-06, 0.1], "k_pid_hsp": [7.548694806339716, 0.07132630095013215, 0.08983393634332315], "k_pid_vsp": [334.19751801475337, 278.87057106200933, 240.77544904668198]}, "datetime": {"datetime": "2025-08-12 05:09:01", "elapsed": 45821.37250471115, "delta": 37.403533935546875}, "costs": {"total_cost": 675.323330040165, "time_cost": 150, "final_distance_cost": 45.65865734918962, "oscillation_cost": 242.19066461946605, "completition_cost": 111.11111111111116, "overshoot_cost": 64.47657098876527, "power_cost": 33.57483125, "noise_cost": 28.31149472163288, "n_waypoints_completed": 8, "tot_waypoints": 9}}
{"target": -862.7034869693023, "params": {"k_pid_pos": [1.9186597004191572, 0.9356287720363337, 0.2963954322781843], "k_pid_alt": [0.8988455946183975, 0.5413881759845779, 0.09852430541791624], "k_pid_att": [37.0478561142339, 2.5913715697876016, 0.7981602994157749], "k_pid_yaw": [0.5, 1e-06, 0.1], "k_pid_hsp": [5.935031731905868, 0.5429964737646145, 0.6057923179527344], "k_pid_vsp": [331.34082785199587, 281.0577774769199, 234.78156179240435]}, "datetime": {"datetime": "2025-08-12 05:09:40", "elapsed": 45859.98198890686, "delta": 38.60948419570923}, "costs": {"total_cost": 862.7034869693023, "time_cost": 150, "final_distance_cost": 75.23060941232517, "oscillation_cost": 173.6882876883001, "completition_cost": 333.33333333333337, "overshoot_cost": 61.57945791643972, "power_cost": 37.36744234619141, "noise_cost": 31.504356272712428, "n_waypoints_completed": 6, "tot_waypoints": 9}}
{"target": -498.0911250104126, "params": {"k_pid_pos": [1.2749189525462163, 0.4580738279290614, 0.17876205936417744], "k_pid_alt": [1.4150003177196437, 0.04021208438129953, 0.9274321739180924], "k_pid_att": [23.52827401520834, 2.82801318745682, 0.46579081505516573], "k_pid_yaw": [0.5, 1e-06, 0.1], "k_pid_hsp": [1.3074881643814122, 0.8100303385202869, 0.9838614432695532], "k_pid_vsp": [328.891404610325, 286.9022629008655, 237.61374205292796]}, "datetime": {"datetime": "2025-08-12 05:10:20", "elapsed": 45900.22428202629, "delta": 40.24229311943054}, "costs": {"total_cost": 498.0911250104126, "time_cost": 113.834, "final_distance_cost": 1.785905852959285, "oscillation_cost": 241.46207199028908, "completition_cost": 0.0, "overshoot_cost": 75.52678903115292, "power_cost": 34.87181219482422, "noise_cost": 30.610545941187148, "n_waypoints_completed": 9, "tot_waypoints": 9}}
