{"target": -282.4106698408855, "params": {"k_pid_pos": [1.4008646456626734, 0.4498514223425658, 0.04544647680939895], "k_pid_alt": [1.9815648699112143, 0.19423696364608178, 0.7661648404191032], "k_pid_att": [9.997936066702007, 7.00997156432849, 0.9577133859735489], "k_pid_yaw": [0.5, 1e-06, 0.1], "k_pid_hsp": [8.380237234458543, 0.2877685864445595, 0.1280466607927706], "k_pid_vsp": [241.76856658922415, 275.31124508284745, 30.05444335485865]}, "datetime": {"datetime": "2025-08-11 21:37:41", "elapsed": 18741.033522605896, "delta": 23.53809905052185}, "costs": {"total_cost": 282.4106698408855, "time_cost": 84.497, "final_distance_cost": 1.7555822514966775, "oscillation_cost": 100.93165681838346, "completition_cost": 0.0, "overshoot_cost": 51.09220861874226, "power_cost": 22.63907108154297, "noise_cost": 21.49515107072012, "n_waypoints_completed": 9, "tot_waypoints": 9}}
{"target": -949.3665846734923, "params": {"k_pid_pos": [1.590053266025038, 0.7238733746946384, 0.8861311054121126], "k_pid_alt": [0.7630113330038337, 0.064415669957672, 0.9585079148137545], "k_pid_att": [3.5690296127177, 3.9102398928787117, 0.022262268173202093], "k_pid_yaw": [0.5, 1e-06, 0.1], "k_pid_hsp": [3.517719845128192, 0.9238935279999478, 0.9057043185098582], "k_pid_vsp": [246.71040565523947, 275.23296977947257, 34.51795106455668]}, "datetime": {"datetime": "2025-08-11 21:38:13", "elapsed": 18773.321065187454, "delta": 32.28754258155823}, "costs": {"total_cost": 949.3665846734923, "time_cost": 150, "final_distance_cost": 68.50760668264269, "oscillation_cost": 270.94411744452424, "completition_cost": 333.33333333333337, "overshoot_cost": 64.54166212579062, "power_cost": 32.75972459716797, "noise_cost": 29.28014049003343, "n_waypoints_completed": 6, "tot_waypoints": 9}}
{"target": -496.81410043627943, "params": {"k_pid_pos": [1.1639870766801186, 0.19598637077731518, 0.20244389960467857], "k_pid_alt": [1.0289817937017878, 0.03795790682034106, 0.6189613125812856], "k_pid_att": [11.756874897826108, 7.482075435466874, 0.4130836584563661], "k_pid_yaw": [0.5, 1e-06, 0.1], "k_pid_hsp": [3.9203127930694754, 0.11747287143583429, 0.9138525199438311], "k_pid_vsp": [305.81286221766294, 395.5233340251641, 247.7163912924331]}, "datetime": {"datetime": "2025-08-11 21:38:40", "elapsed": 18800.020437717438, "delta": 26.69937252998352}, "costs": {"total_cost": 496.81410043627943, "time_cost": 96.278, "final_distance_cost": 1.7521885342440475, "oscillation_cost": 286.56022063315777, "completition_cost": 0.0, "overshoot_cost": 60.10432165931206, "power_cost": 27.304913317871094, "noise_cost": 24.814456291694455, "n_waypoints_completed": 9, "tot_waypoints": 9}}
{"target": -1541.3225360523952, "params": {"k_pid_pos": [0.086670542804774, 0.35782222202223257, 0.6207119581027534], "k_pid_alt": [0.9118273811891533, 0.7652177964375134, 0.9955416581299986], "k_pid_att": [41.28316428538965, 1.37009598188898, 0.8143667002410611], "k_pid_yaw": [0.5, 1e-06, 0.1], "k_pid_hsp": [9.933392394162226, 0.6526193223891288, 0.5841492836150335], "k_pid_vsp": [23.743808087139318, 398.0423272658055, 59.622974525103345]}, "datetime": {"datetime": "2025-08-11 21:39:12", "elapsed": 18831.84189915657, "delta": 31.82146143913269}, "costs": {"total_cost": 1541.3225360523952, "time_cost": 150, "final_distance_cost": 53.65963819890161, "oscillation_cost": 556.3766503740915, "completition_cost": 666.6666666666667, "overshoot_cost": 53.54557761982963, "power_cost": 33.31054880371094, "noise_cost": 27.763454389194894, "n_waypoints_completed": 3, "tot_waypoints": 9}}
{"target": -577.8985320359427, "params": {"k_pid_pos": [2.0, 0.0, 0.4839897909388154], "k_pid_alt": [2.0, 1.0, 1.0], "k_pid_att": [72.50938242048473, 5.1249439480336685, 0.0], "k_pid_yaw": [0.5, 1e-06, 0.1], "k_pid_hsp": [9.638763959763937, 0.0, 0.45742894879018847], "k_pid_vsp": [236.06019318320716, 328.611744184888, 258.80417693379246]}, "datetime": {"datetime": "2025-08-11 21:39:39", "elapsed": 18859.097378730774, "delta": 27.25547957420349}, "costs": {"total_cost": 577.8985320359427, "time_cost": 97.47500000000001, "final_distance_cost": 1.7851244297689253, "oscillation_cost": 361.88038051490844, "completition_cost": 0.0, "overshoot_cost": 62.208871436106364, "power_cost": 30.262390856933596, "noise_cost": 24.286764798225377, "n_waypoints_completed": 9, "tot_waypoints": 9}}
{"target": -715.8027686480216, "params": {"k_pid_pos": [1.8936033442548876, 0.9928036186355877, 0.024944151779536572], "k_pid_alt": [1.4922454545031238, 0.18329646266384436, 0.23373935936480228], "k_pid_att": [18.003263528582746, 3.090584062651651, 0.7749746673315074], "k_pid_yaw": [0.5, 1e-06, 0.1], "k_pid_hsp": [7.00487658054198, 0.9623668697327571, 0.889004827989083], "k_pid_vsp": [41.10364222656804, 335.8285717449003, 161.74840508892314]}, "datetime": {"datetime": "2025-08-11 21:40:11", "elapsed": 18891.084332227707, "delta": 31.986953496932983}, "costs": {"total_cost": 715.8027686480216, "time_cost": 150, "final_distance_cost": 73.77577980215167, "oscillation_cost": 137.10258961026136, "completition_cost": 222.2222222222222, "overshoot_cost": 65.32642502064867, "power_cost": 36.76353082275391, "noise_cost": 30.61222116998383, "n_waypoints_completed": 7, "tot_waypoints": 9}}
{"target": -304.4041350419584, "params": {"k_pid_pos": [0.4778929052049663, 0.08714140144382998, 0.0074591733674274074], "k_pid_alt": [1.8890732130567527, 0.5952684570331609, 0.6405321416558915], "k_pid_att": [2.0416603480092776, 0.9742844353865903, 0.705642595242706], "k_pid_yaw": [0.5, 1e-06, 0.1], "k_pid_hsp": [7.066256823243459, 0.7380862373748998, 0.9604768316998076], "k_pid_vsp": [246.63683492777574, 270.8374003483853, 22.237307739477036]}, "datetime": {"datetime": "2025-08-11 21:40:37", "elapsed": 18916.749272346497, "delta": 25.664940118789673}, "costs": {"total_cost": 304.4041350419584, "time_cost": 91.042, "final_distance_cost": 1.7946269059991355, "oscillation_cost": 104.24683972678544, "completition_cost": 0.0, "overshoot_cost": 61.84942923659952, "power_cost": 23.740914611816407, "noise_cost": 21.730324560757953, "n_waypoints_completed": 9, "tot_waypoints": 9}}
{"target": -650.5399747460847, "params": {"k_pid_pos": [0.649359318239505, 0.1266205392009777, 0.7593336830184687], "k_pid_alt": [0.1079901964650225, 0.68588090009283, 0.38429933024875584], "k_pid_att": [37.15173316030253, 0.11827050737263813, 0.28324374777556105], "k_pid_yaw": [0.5, 1e-06, 0.1], "k_pid_hsp": [2.7947897244448057, 0.24973121456230785, 0.2077297915585431], "k_pid_vsp": [68.11658202797739, 357.0324902737501, 95.96415744934365]}, "datetime": {"datetime": "2025-08-11 21:41:05", "elapsed": 18944.66397047043, "delta": 27.914698123931885}, "costs": {"total_cost": 650.5399747460847, "time_cost": 101.164, "final_distance_cost": 1.7671234227683763, "oscillation_cost": 428.3381917095422, "completition_cost": 0.0, "overshoot_cost": 65.79892805831584, "power_cost": 28.830720922851565, "noise_cost": 24.641010632606715, "n_waypoints_completed": 9, "tot_waypoints": 9}}
{"target": -629.8461175015298, "params": {"k_pid_pos": [1.0257822577813358, 0.46425257038447865, 0.808641198258852], "k_pid_alt": [1.3697742895450333, 0.5053899540899895, 0.9053566138112467], "k_pid_att": [45.2963025246798, 5.262490213825165, 0.45012669687765483], "k_pid_yaw": [0.5, 1e-06, 0.1], "k_pid_hsp": [7.7931432616439675, 0.23627892650395577, 0.9911959801673152], "k_pid_vsp": [230.98766981384142, 10.710362507290554, 39.50731158405648]}, "datetime": {"datetime": "2025-08-11 21:41:33", "elapsed": 18972.88513278961, "delta": 28.22116231918335}, "costs": {"total_cost": 629.8461175015298, "time_cost": 104.895, "final_distance_cost": 1.7871605201702008, "oscillation_cost": 410.3642950644373, "completition_cost": 0.0, "overshoot_cost": 57.194209151085495, "power_cost": 30.00616579589844, "noise_cost": 25.59928696993842, "n_waypoints_completed": 9, "tot_waypoints": 9}}
{"target": -764.7686652566456, "params": {"k_pid_pos": [0.8581036274683475, 0.11613433420828567, 0.6269625174139909], "k_pid_alt": [1.9437297925947028, 0.564684707077583, 0.4589675707371973], "k_pid_att": [1.8068068293300543, 2.4895267522499176, 0.8236324336053886], "k_pid_yaw": [0.5, 1e-06, 0.1], "k_pid_hsp": [1.9822068187649884, 0.7071953872303979, 0.4036669503885444], "k_pid_vsp": [70.02426292675206, 341.80783903493545, 148.16949594279106]}, "datetime": {"datetime": "2025-08-11 21:42:05", "elapsed": 19004.688109874725, "delta": 31.802977085113525}, "costs": {"total_cost": 764.7686652566456, "time_cost": 150, "final_distance_cost": 69.58400758392776, "oscillation_cost": 200.72885169200816, "completition_cost": 222.2222222222222, "overshoot_cost": 61.33941855566704, "power_cost": 33.690233508300786, "noise_cost": 27.203931694519582, "n_waypoints_completed": 7, "tot_waypoints": 9}}
{"target": -1820.805354262897, "params": {"k_pid_pos": [1.9990412816696783, 0.3412205356087732, 0.8230415486671405], "k_pid_alt": [0.03669097626833828, 0.715558329891198, 0.9343536957350966], "k_pid_att": [34.953275083496735, 3.49430498753891, 0.6952703492630599], "k_pid_yaw": [0.5, 1e-06, 0.1], "k_pid_hsp": [0.0790107689484503, 0.07560722089615679, 0.17771963042193006], "k_pid_vsp": [231.48867142423364, 24.207020193165413, 41.44209914087679]}, "datetime": {"datetime": "2025-08-11 21:42:37", "elapsed": 19036.522090435028, "delta": 31.833980560302734}, "costs": {"total_cost": 1820.805354262897, "time_cost": 150, "final_distance_cost": 59.29537439208033, "oscillation_cost": 504.7125456981173, "completition_cost": 1000.0, "overshoot_cost": 44.4303639484282, "power_cost": 34.58531748046875, "noise_cost": 27.78175274380205, "n_waypoints_completed": 0, "tot_waypoints": 9}}
{"target": -432.28438086244853, "params": {"k_pid_pos": [1.4930603345638203, 0.7226374735527215, 0.3552710568828936], "k_pid_alt": [1.3850372476243606, 0.6755906593466726, 0.6239038781520486], "k_pid_att": [38.54667077315672, 8.737740194845877, 0.2936621827400533], "k_pid_yaw": [0.5, 1e-06, 0.1], "k_pid_hsp": [8.03983786311734, 0.8223995763477485, 0.09469083828992286], "k_pid_vsp": [228.53500012354607, 13.78508495094008, 31.965709115778107]}, "datetime": {"datetime": "2025-08-11 21:43:02", "elapsed": 19062.292895555496, "delta": 25.77080512046814}, "costs": {"total_cost": 432.28438086244853, "time_cost": 90.447, "final_distance_cost": 1.7431732964753321, "oscillation_cost": 235.13626602884273, "completition_cost": 0.0, "overshoot_cost": 55.246947526337465, "power_cost": 26.13145927734375, "noise_cost": 23.579534733449236, "n_waypoints_completed": 9, "tot_waypoints": 9}}
{"target": -1478.221277920984, "params": {"k_pid_pos": [0.05312304441746007, 0.0, 0.0], "k_pid_alt": [2.0, 1.0, 1.0], "k_pid_att": [18.368399473577515, 3.6280114735234523, 0.0], "k_pid_yaw": [0.5, 1e-06, 0.1], "k_pid_hsp": [4.253084635802391, 0.0, 0.0], "k_pid_vsp": [38.53836762660804, 341.7154222058011, 160.4936811278886]}, "datetime": {"datetime": "2025-08-11 21:43:35", "elapsed": 19094.98868584633, "delta": 32.69579029083252}, "costs": {"total_cost": 1478.221277920984, "time_cost": 150, "final_distance_cost": 0.9985608094730574, "oscillation_cost": 19.417995180544807, "completition_cost": 1000.0, "overshoot_cost": 163.25373184991932, "power_cost": 29.040474938964845, "noise_cost": 115.51051514208184, "n_waypoints_completed": 0, "tot_waypoints": 9}}
{"target": -595.8935333548819, "params": {"k_pid_pos": [1.9138985925440903, 0.4591436994749676, 0.6967710163125785], "k_pid_alt": [0.25040215250254927, 0.46772124944004, 0.4936697339215589], "k_pid_att": [35.44895133448656, 7.942551234652856, 0.9971494628783169], "k_pid_yaw": [0.5, 1e-06, 0.1], "k_pid_hsp": [2.4034306518900497, 0.6471382015175233, 0.30284295868447475], "k_pid_vsp": [115.08562499305626, 378.3499008261504, 112.553783140213]}, "datetime": {"datetime": "2025-08-11 21:44:08", "elapsed": 19127.7301568985, "delta": 32.7414710521698}, "costs": {"total_cost": 595.8935333548819, "time_cost": 117.873, "final_distance_cost": 1.7514668733102123, "oscillation_cost": 348.50234923718415, "completition_cost": 0.0, "overshoot_cost": 62.73672641193362, "power_cost": 33.99955236816407, "noise_cost": 31.03043846428986, "n_waypoints_completed": 9, "tot_waypoints": 9}}
{"target": -540.3496677368091, "params": {"k_pid_pos": [1.5563049167071816, 0.2668308009892567, 0.4664408231506185], "k_pid_alt": [1.1298153594819658, 0.8769811699089772, 0.39746183308446337], "k_pid_att": [91.91143083008893, 7.582378655624024, 0.049467163434897654], "k_pid_yaw": [0.5, 1e-06, 0.1], "k_pid_hsp": [6.942295149855993, 0.9551604270900377, 0.0014227416963794592], "k_pid_vsp": [166.81268970464856, 126.24439473912818, 8.64628874096864]}, "datetime": {"datetime": "2025-08-11 21:44:36", "elapsed": 19155.589107751846, "delta": 27.85895085334778}, "costs": {"total_cost": 540.3496677368091, "time_cost": 101.09400000000001, "final_distance_cost": 1.7497287339169711, "oscillation_cost": 325.33187894861845, "completition_cost": 0.0, "overshoot_cost": 58.90756300789713, "power_cost": 27.244090759277345, "noise_cost": 26.022406287099216, "n_waypoints_completed": 9, "tot_waypoints": 9}}
{"target": -553.786015004245, "params": {"k_pid_pos": [1.8798746202897982, 0.5367302208234294, 0.5623693194504487], "k_pid_alt": [1.7723567646262268, 0.49947861791323944, 0.12273216870826631], "k_pid_att": [46.871836053816274, 1.6870546270410003, 0.5898174491518653], "k_pid_yaw": [0.5, 1e-06, 0.1], "k_pid_hsp": [8.386286279199894, 0.11160813223753008, 0.7029152647757912], "k_pid_vsp": [184.51584498641753, 304.1330943145124, 144.73814888485185]}, "datetime": {"datetime": "2025-08-11 21:45:02", "elapsed": 19181.993837594986, "delta": 26.40472984313965}, "costs": {"total_cost": 553.786015004245, "time_cost": 97.72, "final_distance_cost": 1.7368866757860744, "oscillation_cost": 346.1333088761895, "completition_cost": 0.0, "overshoot_cost": 55.723748592566274, "power_cost": 28.832183435058596, "noise_cost": 23.639887424644485, "n_waypoints_completed": 9, "tot_waypoints": 9}}
{"target": -450.1246706093126, "params": {"k_pid_pos": [1.548934768844566, 0.31058462751069915, 0.4928106509995649], "k_pid_alt": [0.36480567152868626, 0.3526205759300933, 0.06581027865448241], "k_pid_att": [4.46810206996221, 5.817377736969663, 0.3336626546835302], "k_pid_yaw": [0.5, 1e-06, 0.1], "k_pid_hsp": [6.005709615639731, 0.9487178022823146, 0.44173043265689904], "k_pid_vsp": [297.1475923944287, 301.5825597456549, 173.31574669147827]}, "datetime": {"datetime": "2025-08-11 21:45:32", "elapsed": 19212.27260351181, "delta": 30.27876591682434}, "costs": {"total_cost": 450.1246706093126, "time_cost": 112.378, "final_distance_cost": 1.728962684798091, "oscillation_cost": 218.19402395866413, "completition_cost": 0.0, "overshoot_cost": 60.463498571294224, "power_cost": 31.163738891601565, "noise_cost": 26.19644650295458, "n_waypoints_completed": 9, "tot_waypoints": 9}}
{"target": -633.2032500039628, "params": {"k_pid_pos": [0.7850078023218727, 0.5289525748718683, 0.03275907900101516], "k_pid_alt": [0.9210240105683456, 0.9204643093603252, 0.32623086029852544], "k_pid_att": [10.77833648460922, 9.37971186479125, 0.6342189183952777], "k_pid_yaw": [0.5, 1e-06, 0.1], "k_pid_hsp": [6.91777192176512, 0.9791531996679014, 0.30483212762933587], "k_pid_vsp": [303.56987211225703, 302.3850496802416, 170.65349505880857]}, "datetime": {"datetime": "2025-08-11 21:46:07", "elapsed": 19246.63548350334, "delta": 34.36287999153137}, "costs": {"total_cost": 633.2032500039628, "time_cost": 150, "final_distance_cost": 45.107444225111294, "oscillation_cost": 198.72691008832933, "completition_cost": 111.11111111111116, "overshoot_cost": 68.99561439263447, "power_cost": 28.975185485839845, "noise_cost": 30.28698470093686, "n_waypoints_completed": 8, "tot_waypoints": 9}}
{"target": -447.818291732954, "params": {"k_pid_pos": [1.0492535690216422, 0.2563898796974737, 0.182131769688187], "k_pid_alt": [1.7359163378214624, 0.5382070848508277, 0.39980518202671605], "k_pid_att": [49.39755086182321, 1.219644927670489, 0.6622931053978052], "k_pid_yaw": [0.5, 1e-06, 0.1], "k_pid_hsp": [6.35463772074646, 0.32758294586609943, 0.6349416379875775], "k_pid_vsp": [121.47932321661705, 96.69824487952357, 54.83209072586089]}, "datetime": {"datetime": "2025-08-11 21:46:32", "elapsed": 19272.205696821213, "delta": 25.570213317871094}, "costs": {"total_cost": 447.818291732954, "time_cost": 84.23100000000001, "final_distance_cost": 1.7951279466986603, "oscillation_cost": 263.3094964543073, "completition_cost": 0.0, "overshoot_cost": 53.333071682085986, "power_cost": 24.535519934082032, "noise_cost": 20.614075715780004, "n_waypoints_completed": 9, "tot_waypoints": 9}}
{"target": -1246.2180583733311, "params": {"k_pid_pos": [0.31110477638055867, 0.129456800493013, 0.5419109623981488], "k_pid_alt": [0.047514947196928725, 0.7526092880687538, 0.2339101086080334], "k_pid_att": [9.46717135410874, 0.7977423933276203, 0.7662602986470911], "k_pid_yaw": [0.5, 1e-06, 0.1], "k_pid_hsp": [1.7366583942628766, 0.5414169306085096, 0.8751412856794086], "k_pid_vsp": [197.4567697511372, 322.55668460625293, 19.204896026536375]}, "datetime": {"datetime": "2025-08-11 21:47:04", "elapsed": 19304.20697402954, "delta": 32.00127720832825}, "costs": {"total_cost": 1246.2180583733311, "time_cost": 150, "final_distance_cost": 50.87652409100391, "oscillation_cost": 261.5149018472658, "completition_cost": 666.6666666666667, "overshoot_cost": 58.050936586364216, "power_cost": 29.66113668212891, "noise_cost": 29.447892499901364, "n_waypoints_completed": 3, "tot_waypoints": 9}}
{"target": -292.03514735026533, "params": {"k_pid_pos": [1.6850167239918454, 0.0, 0.0], "k_pid_alt": [2.0, 0.8416880317109557, 0.003231538065042506], "k_pid_att": [8.95401805986939, 4.32207695076559, 1.0], "k_pid_yaw": [0.5, 1e-06, 0.1], "k_pid_hsp": [7.106471149417349, 0.8329090546802103, 0.1678803954317359], "k_pid_vsp": [244.71031141439877, 272.04197972064094, 31.50432637429671]}, "datetime": {"datetime": "2025-08-11 21:47:27", "elapsed": 19326.83957028389, "delta": 22.632596254348755}, "costs": {"total_cost": 292.03514735026533, "time_cost": 79.009, "final_distance_cost": 1.7879167254093247, "oscillation_cost": 116.88599354890962, "completition_cost": 0.0, "overshoot_cost": 51.67673616033497, "power_cost": 22.279576928710938, "noise_cost": 20.39592398690049, "n_waypoints_completed": 9, "tot_waypoints": 9}}
{"target": -843.693602467918, "params": {"k_pid_pos": [0.6531512678402533, 0.3309422876767164, 0.6549377273998718], "k_pid_alt": [1.1566091521830335, 0.6457792199067011, 0.6347967032528888], "k_pid_att": [9.47904685115455, 5.494389236850145, 0.6351614319488157], "k_pid_yaw": [0.5, 1e-06, 0.1], "k_pid_hsp": [7.026766836688089, 0.47767550499719436, 0.6510864093088273], "k_pid_vsp": [282.73275541675036, 286.95339346801615, 174.66974658418323]}, "datetime": {"datetime": "2025-08-11 21:48:00", "elapsed": 19360.20253920555, "delta": 33.36296892166138}, "costs": {"total_cost": 843.693602467918, "time_cost": 150, "final_distance_cost": 64.35587657215437, "oscillation_cost": 292.75290128196497, "completition_cost": 222.2222222222222, "overshoot_cost": 54.08183983050036, "power_cost": 32.21424235839844, "noise_cost": 28.06652020267763, "n_waypoints_completed": 7, "tot_waypoints": 9}}
{"target": -642.9107456805262, "params": {"k_pid_pos": [1.1678319830755228, 0.7376992915016813, 0.8526627577957565], "k_pid_alt": [2.0, 0.0, 0.7862603290616067], "k_pid_att": [69.55747102481686, 7.399445343328521, 1.0], "k_pid_yaw": [0.5, 1e-06, 0.1], "k_pid_hsp": [9.367786735919314, 0.42504172399369033, 0.7369143979194424], "k_pid_vsp": [263.1814345992748, 204.1191713344079, 373.7519631031972]}, "datetime": {"datetime": "2025-08-11 21:48:31", "elapsed": 19390.561422109604, "delta": 30.358882904052734}, "costs": {"total_cost": 642.9107456805262, "time_cost": 107.17, "final_distance_cost": 1.8530572624242225, "oscillation_cost": 408.7805468776011, "completition_cost": 0.0, "overshoot_cost": 65.21200690620056, "power_cost": 32.16575554199219, "noise_cost": 27.729379092308122, "n_waypoints_completed": 9, "tot_waypoints": 9}}
{"target": -660.5413233693001, "params": {"k_pid_pos": [1.385237626565326, 0.43552188352523213, 0.46310029052970225], "k_pid_alt": [1.906510068991823, 0.11891050736464204, 0.3164976009835092], "k_pid_att": [39.01645485832081, 3.0346270198109324, 0.516586608917232], "k_pid_yaw": [0.5, 1e-06, 0.1], "k_pid_hsp": [5.895191969955521, 0.3577445113360975, 0.6633201493401268], "k_pid_vsp": [234.89173778781614, 331.6428162084623, 19.892807774335207]}, "datetime": {"datetime": "2025-08-11 21:49:02", "elapsed": 19422.10500884056, "delta": 31.54358673095703}, "costs": {"total_cost": 660.5413233693001, "time_cost": 116.55, "final_distance_cost": 1.7985684131825024, "oscillation_cost": 426.3072572399971, "completition_cost": 0.0, "overshoot_cost": 54.53158533482509, "power_cost": 33.09173023681641, "noise_cost": 28.262182144479063, "n_waypoints_completed": 9, "tot_waypoints": 9}}
{"target": -1566.4716924071138, "params": {"k_pid_pos": [0.002933389249585282, 0.5045707949770196, 0.5907598833835783], "k_pid_alt": [0.24421842545567984, 0.3783691479686664, 0.7013781955025813], "k_pid_att": [34.356484403730136, 0.4115155740894091, 0.436959040236344], "k_pid_yaw": [0.5, 1e-06, 0.1], "k_pid_hsp": [9.879928095895751, 0.8197983300677134, 0.2631123419748459], "k_pid_vsp": [218.15461217189528, 281.1445335933177, 59.008184996615384]}, "datetime": {"datetime": "2025-08-11 21:49:34", "elapsed": 19453.87429857254, "delta": 31.76928973197937}, "costs": {"total_cost": 1566.4716924071138, "time_cost": 150, "final_distance_cost": 89.9526403392296, "oscillation_cost": 434.24627471201455, "completition_cost": 777.7777777777778, "overshoot_cost": 52.00740279324698, "power_cost": 33.77729283447266, "noise_cost": 28.71030395037214, "n_waypoints_completed": 2, "tot_waypoints": 9}}
