{"target": -249.3760484244907, "params": {"k_pid_pos": [2.0, 0.0, 1.0], "k_pid_alt": [2.0, 1.0, 1.0], "k_pid_att": [50.687401570621226, 5.374714896498662, 1.0], "k_pid_yaw": [0.5, 1e-06, 0.1], "k_pid_hsp": [6.973118685293011, 1.0, 0.0], "k_pid_vsp": [212.02205995390375, 104.04082809623738, 39.303505316832954]}, "datetime": {"datetime": "2025-08-12 14:21:59", "elapsed": 78998.55469369888, "delta": 54.21388030052185}, "costs": {"total_cost": 249.3760484244907, "time_cost": 79.33800000000001, "final_distance_cost": 1.7748810889506081, "oscillation_cost": 75.39256683339353, "completition_cost": 0.0, "overshoot_cost": 52.59283028803441, "power_cost": 20.905942407226565, "noise_cost": 19.371827806885577, "n_waypoints_completed": 9, "tot_waypoints": 9}}
{"target": -365.40344121125685, "params": {"k_pid_pos": [1.3502813736999288, 0.9901501416428972, 0.9079396361251414], "k_pid_alt": [1.6773074494589257, 0.20252873761396228, 0.22347770119853871], "k_pid_att": [4.752665314458948, 8.243602436295657, 0.9882453010370378], "k_pid_yaw": [0.5, 1e-06, 0.1], "k_pid_hsp": [2.2523577322016033, 0.7240333506644872, 0.2491073703021902], "k_pid_vsp": [228.86902195408888, 256.90802850782643, 23.352318165112987]}, "datetime": {"datetime": "2025-08-12 14:22:55", "elapsed": 79054.8235013485, "delta": 56.26880764961243}, "costs": {"total_cost": 365.40344121125685, "time_cost": 105.525, "final_distance_cost": 1.7687323610976033, "oscillation_cost": 144.89235175166266, "completition_cost": 0.0, "overshoot_cost": 57.43438678676822, "power_cost": 29.53068151855469, "noise_cost": 26.25228879317363, "n_waypoints_completed": 9, "tot_waypoints": 9}}
{"target": -418.34290435325886, "params": {"k_pid_pos": [1.9701403460407978, 0.727964061871744, 0.21579447535899443], "k_pid_alt": [0.4052856386835202, 0.5566032620653488, 0.9099644838213441], "k_pid_att": [21.2550759264192, 3.425715924122262, 0.8451188491002802], "k_pid_yaw": [0.5, 1e-06, 0.1], "k_pid_hsp": [7.144649955807744, 0.45673538753756104, 0.18016115630043783], "k_pid_vsp": [243.60167517393995, 254.534739340141, 15.151556827536632]}, "datetime": {"datetime": "2025-08-12 14:23:41", "elapsed": 79101.14640545845, "delta": 46.322904109954834}, "costs": {"total_cost": 418.34290435325886, "time_cost": 117.53, "final_distance_cost": 1.7797198447049265, "oscillation_cost": 171.13465926027604, "completition_cost": 0.0, "overshoot_cost": 63.232223897339885, "power_cost": 32.2410810546875, "noise_cost": 32.42522029625048, "n_waypoints_completed": 9, "tot_waypoints": 9}}
{"target": -410.4391599539073, "params": {"k_pid_pos": [1.7637252013507012, 0.30639029434109155, 0.2902995023473176], "k_pid_alt": [1.910503136245553, 0.05353565247515746, 0.14509997446668255], "k_pid_att": [25.205274084982364, 3.701681567553059, 0.39963288172060873], "k_pid_yaw": [0.5, 1e-06, 0.1], "k_pid_hsp": [9.940309726543875, 0.3532535102519516, 0.37834889719099585], "k_pid_vsp": [70.49918702875911, 209.98351826397905, 39.939308164592944]}, "datetime": {"datetime": "2025-08-12 14:24:16", "elapsed": 79135.90704965591, "delta": 34.76064419746399}, "costs": {"total_cost": 410.4391599539073, "time_cost": 77.35000000000001, "final_distance_cost": 1.7811923673506125, "oscillation_cost": 237.69280447025258, "completition_cost": 0.0, "overshoot_cost": 52.1617819249752, "power_cost": 21.649066760253906, "noise_cost": 19.80431443107496, "n_waypoints_completed": 9, "tot_waypoints": 9}}
{"target": -522.821655574605, "params": {"k_pid_pos": [0.9015211128238421, 0.5630156152162055, 0.019488582584132552], "k_pid_alt": [1.2696474725869928, 0.815008399551026, 0.8211775269361304], "k_pid_att": [36.31975596683243, 5.357178715765151, 0.6620116264796508], "k_pid_yaw": [0.5, 1e-06, 0.1], "k_pid_hsp": [6.782588389764673, 0.7932315488053202, 0.9128342137670962], "k_pid_vsp": [56.46685723071512, 311.50546585552013, 44.77539702161516]}, "datetime": {"datetime": "2025-08-12 14:24:59", "elapsed": 79178.5565969944, "delta": 42.64954733848572}, "costs": {"total_cost": 522.821655574605, "time_cost": 111.755, "final_distance_cost": 1.7755731337019833, "oscillation_cost": 285.1756015097464, "completition_cost": 0.0, "overshoot_cost": 62.38402616944919, "power_cost": 32.86303204345703, "noise_cost": 28.868422718250294, "n_waypoints_completed": 9, "tot_waypoints": 9}}
{"target": -1141.4489657783577, "params": {"k_pid_pos": [0.26758976573648974, 0.9890269004845377, 0.9348485907823824], "k_pid_alt": [1.6547386804309108, 0.26804119220154865, 0.5888318746488462], "k_pid_att": [11.857869133372056, 3.9022047924892345, 0.5896724701995653], "k_pid_yaw": [0.5, 1e-06, 0.1], "k_pid_hsp": [4.717273105207654, 0.8730159864848325, 0.506860203913384], "k_pid_vsp": [263.1337372346826, 367.39342910162253, 34.47751602347162]}, "datetime": {"datetime": "2025-08-12 14:25:50", "elapsed": 79230.28878331184, "delta": 51.73218631744385}, "costs": {"total_cost": 1141.4489657783577, "time_cost": 150, "final_distance_cost": 50.1398449582637, "oscillation_cost": 280.0939723897496, "completition_cost": 555.5555555555555, "overshoot_cost": 44.11055165554266, "power_cost": 33.23067131347656, "noise_cost": 28.318369905769654, "n_waypoints_completed": 4, "tot_waypoints": 9}}
{"target": -391.932802959914, "params": {"k_pid_pos": [1.7266501979778561, 0.7684962584605733, 0.11563915354021181], "k_pid_alt": [1.694084172323167, 0.08899218362154093, 0.8628671920563912], "k_pid_att": [39.72856272645, 0.32266174012084436, 0.8656765078253484], "k_pid_yaw": [0.5, 1e-06, 0.1], "k_pid_hsp": [6.485999457222854, 0.5303691811879024, 0.5130156593236603], "k_pid_vsp": [210.48388352641342, 236.00917308597133, 134.30316108142551]}, "datetime": {"datetime": "2025-08-12 14:26:48", "elapsed": 79287.52707004547, "delta": 57.23828673362732}, "costs": {"total_cost": 391.932802959914, "time_cost": 107.135, "final_distance_cost": 1.7438078628282594, "oscillation_cost": 161.36885055880427, "completition_cost": 0.0, "overshoot_cost": 62.4926561097354, "power_cost": 32.22891302490235, "noise_cost": 26.963575403643734, "n_waypoints_completed": 9, "tot_waypoints": 9}}
{"target": -1222.468348915041, "params": {"k_pid_pos": [0.6695039986664139, 0.8054369352858373, 0.9076994531944745], "k_pid_alt": [1.8371889205496694, 0.9215854005808434, 0.6620842885961682], "k_pid_att": [11.83182244270804, 8.414150718197734, 0.6816751779084309], "k_pid_yaw": [0.5, 1e-06, 0.1], "k_pid_hsp": [0.0745136891852005, 0.42785948053297995, 0.46439484273853904], "k_pid_vsp": [290.567485151707, 347.5583144410906, 144.30037912761898]}, "datetime": {"datetime": "2025-08-12 14:27:47", "elapsed": 79346.75336170197, "delta": 59.22629165649414}, "costs": {"total_cost": 1222.468348915041, "time_cost": 150, "final_distance_cost": 71.15382950703325, "oscillation_cost": 271.02350690536525, "completition_cost": 555.5555555555555, "overshoot_cost": 112.26764560164729, "power_cost": 32.98257663574219, "noise_cost": 29.485234709697593, "n_waypoints_completed": 4, "tot_waypoints": 9}}
{"target": -913.0519439418166, "params": {"k_pid_pos": [0.6463508613367217, 0.26738398453332823, 0.6249372271037679], "k_pid_alt": [1.7591567260467822, 0.1035119712212208, 0.8978834561837186], "k_pid_att": [11.79966966115602, 2.8120268765645267, 0.40106927188587305], "k_pid_yaw": [0.5, 1e-06, 0.1], "k_pid_hsp": [7.836662627511929, 0.552996259229957, 0.8801854284889032], "k_pid_vsp": [79.81920557919042, 189.603060466088, 53.80550529385648]}, "datetime": {"datetime": "2025-08-12 14:28:38", "elapsed": 79398.2764236927, "delta": 51.523061990737915}, "costs": {"total_cost": 913.0519439418166, "time_cost": 150, "final_distance_cost": 66.31728131170935, "oscillation_cost": 371.10077955945724, "completition_cost": 222.2222222222222, "overshoot_cost": 44.69191425069413, "power_cost": 31.272150244140626, "noise_cost": 27.44759635359312, "n_waypoints_completed": 7, "tot_waypoints": 9}}
{"target": -951.5492831259326, "params": {"k_pid_pos": [0.2144586394072964, 0.8088164807642472, 0.656329863417962], "k_pid_alt": [1.069191622384476, 0.9377526607290488, 0.32391654398835135], "k_pid_att": [1.1428189442173942, 0.00017532314792292726, 0.41328866075462856], "k_pid_yaw": [0.5, 1e-06, 0.1], "k_pid_hsp": [9.767806421798914, 0.302860274200204, 0.12687767227526392], "k_pid_vsp": [270.43016207479866, 263.89231982276425, 53.278256683228115]}, "datetime": {"datetime": "2025-08-12 14:29:24", "elapsed": 79443.84192967415, "delta": 45.56550598144531}, "costs": {"total_cost": 951.5492831259326, "time_cost": 150, "final_distance_cost": 45.40317001868082, "oscillation_cost": 94.70441396177456, "completition_cost": 555.5555555555555, "overshoot_cost": 48.16304327594903, "power_cost": 29.582843518066408, "noise_cost": 28.140256795906225, "n_waypoints_completed": 4, "tot_waypoints": 9}}
{"target": -648.5800344367566, "params": {"k_pid_pos": [0.6999187260241706, 0.7380614958119707, 0.7136368687576974], "k_pid_alt": [1.917486330541178, 0.7466058252307628, 0.7317761651437008], "k_pid_att": [16.804932540643534, 7.172556016297499, 0.3201165973265939], "k_pid_yaw": [0.5, 1e-06, 0.1], "k_pid_hsp": [6.327532791613627, 0.8468106648551773, 0.9239540909396771], "k_pid_vsp": [226.7107728954758, 265.0186908939267, 24.91603478312752]}, "datetime": {"datetime": "2025-08-12 14:30:08", "elapsed": 79487.86898946762, "delta": 44.02705979347229}, "costs": {"total_cost": 648.5800344367566, "time_cost": 118.125, "final_distance_cost": 1.7536713974360945, "oscillation_cost": 411.54609967372585, "completition_cost": 0.0, "overshoot_cost": 55.49916305410404, "power_cost": 32.22099240722656, "noise_cost": 29.435107904264125, "n_waypoints_completed": 9, "tot_waypoints": 9}}
{"target": -438.29369999382465, "params": {"k_pid_pos": [1.8870443897836893, 0.9554006406301295, 0.39852964094948806], "k_pid_alt": [0.6319240772974555, 0.25937483774609715, 0.5275433302926703], "k_pid_att": [15.249432835546472, 4.378144188081682, 0.08175097371258999], "k_pid_yaw": [0.5, 1e-06, 0.1], "k_pid_hsp": [8.174809559693843, 0.3322610167214799, 0.31357153317688236], "k_pid_vsp": [223.6476461189334, 272.4553581872903, 35.02574839936944]}, "datetime": {"datetime": "2025-08-12 14:30:48", "elapsed": 79527.71474075317, "delta": 39.84575128555298}, "costs": {"total_cost": 438.29369999382465, "time_cost": 96.397, "final_distance_cost": 1.795114102123031, "oscillation_cost": 230.46624106257548, "completition_cost": 0.0, "overshoot_cost": 57.99132141763926, "power_cost": 26.471736853027345, "noise_cost": 25.172286558459554, "n_waypoints_completed": 9, "tot_waypoints": 9}}
{"target": -702.8273942205129, "params": {"k_pid_pos": [0.7793459187935754, 0.9876724696712301, 0.00965569992280979], "k_pid_alt": [1.3590004173227344, 0.8204169878058214, 0.08343506312428939], "k_pid_att": [14.757588013851997, 5.0807449796646, 0.6490713391806885], "k_pid_yaw": [0.5, 1e-06, 0.1], "k_pid_hsp": [5.16181758456397, 0.3038764054493095, 0.32195335535990877], "k_pid_vsp": [249.0801683215659, 247.6513259643796, 8.159881754943607]}, "datetime": {"datetime": "2025-08-12 14:31:42", "elapsed": 79582.2086699009, "delta": 54.49392914772034}, "costs": {"total_cost": 702.8273942205129, "time_cost": 150, "final_distance_cost": 65.74233375101593, "oscillation_cost": 137.40676108388263, "completition_cost": 222.2222222222222, "overshoot_cost": 61.225237662356676, "power_cost": 33.228751989746094, "noise_cost": 33.002087511289346, "n_waypoints_completed": 7, "tot_waypoints": 9}}
{"target": -336.88695191148537, "params": {"k_pid_pos": [1.4667187428937638, 0.06251857462041377, 0.5532324368710501], "k_pid_alt": [0.6035832893018949, 0.20413378486418887, 0.21758124052979488], "k_pid_att": [4.5400508056979145, 1.0362238634678156, 0.14716440672037434], "k_pid_yaw": [0.5, 1e-06, 0.1], "k_pid_hsp": [8.252472635734282, 0.5660120828986076, 0.4253880642600206], "k_pid_vsp": [231.361744183553, 44.55988924501508, 42.16837909716504]}, "datetime": {"datetime": "2025-08-12 14:32:30", "elapsed": 79630.33774375916, "delta": 48.12907385826111}, "costs": {"total_cost": 336.88695191148537, "time_cost": 84.602, "final_distance_cost": 1.806298796571835, "oscillation_cost": 154.55345933343122, "completition_cost": 0.0, "overshoot_cost": 53.62353072021391, "power_cost": 21.980259533691406, "noise_cost": 20.32140352757701, "n_waypoints_completed": 9, "tot_waypoints": 9}}
{"target": -573.7352005686573, "params": {"k_pid_pos": [1.8459950284423647, 0.9056707968422919, 0.026925709861812086], "k_pid_alt": [0.9745966730586444, 0.23763943358880923, 0.3132944658193989], "k_pid_att": [14.16050965516903, 4.448511778811842, 0.7711914463298976], "k_pid_yaw": [0.5, 1e-06, 0.1], "k_pid_hsp": [5.318903807196737, 0.4376012761539859, 0.2657839216245609], "k_pid_vsp": [268.9619423436751, 258.1206331535622, 42.20582150663218]}, "datetime": {"datetime": "2025-08-12 14:33:15", "elapsed": 79674.80124402046, "delta": 44.46350026130676}, "costs": {"total_cost": 573.7352005686573, "time_cost": 150, "final_distance_cost": 66.04057298527773, "oscillation_cost": 113.81476082492, "completition_cost": 111.11111111111116, "overshoot_cost": 66.26034867865384, "power_cost": 35.334896435546874, "noise_cost": 31.173510533147688, "n_waypoints_completed": 8, "tot_waypoints": 9}}
{"target": -359.28013500157857, "params": {"k_pid_pos": [2.0, 0.0, 0.0], "k_pid_alt": [2.0, 1.0, 1.0], "k_pid_att": [37.578616890387934, 0.7123827596510081, 1.0], "k_pid_yaw": [0.5, 1e-06, 0.1], "k_pid_hsp": [3.737207150939089, 0.0, 1.0], "k_pid_vsp": [223.4808841842849, 324.332703263159, 21.48389786726655]}, "datetime": {"datetime": "2025-08-12 14:33:54", "elapsed": 79713.57467389107, "delta": 38.77342987060547}, "costs": {"total_cost": 359.28013500157857, "time_cost": 81.676, "final_distance_cost": 1.7536322514082059, "oscillation_cost": 177.4190121770538, "completition_cost": 0.0, "overshoot_cost": 53.48825763067047, "power_cost": 24.07330806884766, "noise_cost": 20.86992487359847, "n_waypoints_completed": 9, "tot_waypoints": 9}}
{"target": -366.46259428022887, "params": {"k_pid_pos": [1.6307793854008996, 0.8632303676734778, 0.20157979257623126], "k_pid_alt": [0.9063608176476476, 0.22771600674603698, 0.5851302148450241], "k_pid_att": [21.2417450316472, 5.293550819881489, 0.9236650429477797], "k_pid_yaw": [0.5, 1e-06, 0.1], "k_pid_hsp": [7.579696288979009, 0.6306976343922721, 0.22932186245547248], "k_pid_vsp": [223.69784094833366, 33.34348599305138, 34.80405725122737]}, "datetime": {"datetime": "2025-08-12 14:34:51", "elapsed": 79770.94120788574, "delta": 57.36653399467468}, "costs": {"total_cost": 366.46259428022887, "time_cost": 105.336, "final_distance_cost": 1.7875276286614703, "oscillation_cost": 140.70721190828232, "completition_cost": 0.0, "overshoot_cost": 61.564609334011266, "power_cost": 29.834062048339845, "noise_cost": 27.233183360934003, "n_waypoints_completed": 9, "tot_waypoints": 9}}
{"target": -527.415428533383, "params": {"k_pid_pos": [1.3390348223913138, 0.8611485692583719, 0.8165291618596733], "k_pid_alt": [0.5145896186075489, 0.39107410611854543, 0.2302704899924498], "k_pid_att": [27.062885077326104, 1.3550038202965164, 0.7560901831828876], "k_pid_yaw": [0.5, 1e-06, 0.1], "k_pid_hsp": [4.262224160727879, 0.7122534946321463, 0.9505284574614975], "k_pid_vsp": [54.98616175617115, 301.3209400794353, 39.95359497511418]}, "datetime": {"datetime": "2025-08-12 14:35:56", "elapsed": 79836.05236244202, "delta": 65.11115455627441}, "costs": {"total_cost": 527.415428533383, "time_cost": 117.572, "final_distance_cost": 1.7735385267043209, "oscillation_cost": 279.2081673432801, "completition_cost": 0.0, "overshoot_cost": 65.48459118391767, "power_cost": 32.93943330078125, "noise_cost": 30.43769817869959, "n_waypoints_completed": 9, "tot_waypoints": 9}}
{"target": -1392.5634999442864, "params": {"k_pid_pos": [0.0001, 1.0, 0.0], "k_pid_alt": [2.0, 0.0, 1.0], "k_pid_att": [39.157529240579485, 0.0001, 0.0], "k_pid_yaw": [0.5, 1e-06, 0.1], "k_pid_hsp": [4.473057825635406, 1.0, 0.0], "k_pid_vsp": [201.67741136060422, 247.27493407026745, 117.59113509925156]}, "datetime": {"datetime": "2025-08-12 14:37:14", "elapsed": 79913.39308929443, "delta": 77.34072685241699}, "costs": {"total_cost": 1392.5634999442864, "time_cost": 150, "final_distance_cost": 46.327553489902996, "oscillation_cost": 87.88563855521177, "completition_cost": 1000.0, "overshoot_cost": 38.89809947023173, "power_cost": 39.457770434570314, "noise_cost": 29.994437994369555, "n_waypoints_completed": 0, "tot_waypoints": 9}}
{"target": -414.1585681317857, "params": {"k_pid_pos": [1.2146933979733097, 0.7603193402501798, 0.3720700549081334], "k_pid_alt": [1.2326893653787698, 0.5691413901485064, 0.4933765322091713], "k_pid_att": [7.686696860077902, 5.979364611142691, 0.4346042053299367], "k_pid_yaw": [0.5, 1e-06, 0.1], "k_pid_hsp": [3.4382692475723737, 0.5587211273241638, 0.646570476986051], "k_pid_vsp": [88.476893617842, 184.98507800658314, 47.92774438778395]}, "datetime": {"datetime": "2025-08-12 14:37:55", "elapsed": 79954.94071149826, "delta": 41.547622203826904}, "costs": {"total_cost": 414.1585681317857, "time_cost": 99.33, "final_distance_cost": 1.7755789710334273, "oscillation_cost": 201.47907566193228, "completition_cost": 0.0, "overshoot_cost": 58.33726977226178, "power_cost": 28.094201611328128, "noise_cost": 25.142442115230153, "n_waypoints_completed": 9, "tot_waypoints": 9}}
{"target": -715.3441404888731, "params": {"k_pid_pos": [1.0983939512924858, 0.8964470014085291, 0.5493895548125666], "k_pid_alt": [0.8305289296963343, 0.573731303372348, 0.05902677897536701], "k_pid_att": [38.7853631374026, 0.727754950617216, 0.30880963486969104], "k_pid_yaw": [0.5, 1e-06, 0.1], "k_pid_hsp": [4.6968149533605725, 0.09696396095524051, 0.7064970866620961], "k_pid_vsp": [57.998001818142384, 310.60146286909185, 44.96271028465959]}, "datetime": {"datetime": "2025-08-12 14:38:54", "elapsed": 80013.76552319527, "delta": 58.824811697006226}, "costs": {"total_cost": 715.3441404888731, "time_cost": 150, "final_distance_cost": 16.65984633130109, "oscillation_cost": 305.82556021936523, "completition_cost": 111.11111111111116, "overshoot_cost": 65.88302251132353, "power_cost": 35.591410192871095, "noise_cost": 30.273190122900996, "n_waypoints_completed": 8, "tot_waypoints": 9}}
{"target": -1138.3508357309092, "params": {"k_pid_pos": [0.5655871548376052, 0.40635385099634613, 0.6652092785055855], "k_pid_alt": [1.746018389266145, 0.15063364727534956, 0.2016250292880447], "k_pid_att": [57.798597280527666, 7.23858571775783, 0.4865087972568378], "k_pid_yaw": [0.5, 1e-06, 0.1], "k_pid_hsp": [0.5664867332355359, 0.9899734164784839, 0.9161910445560121], "k_pid_vsp": [229.3468555517041, 92.0120061643518, 34.0278905986756]}, "datetime": {"datetime": "2025-08-12 14:39:47", "elapsed": 80066.5472099781, "delta": 52.781686782836914}, "costs": {"total_cost": 1138.3508357309092, "time_cost": 150, "final_distance_cost": 75.23848858533098, "oscillation_cost": 452.6759607195979, "completition_cost": 333.33333333333337, "overshoot_cost": 62.38294634601084, "power_cost": 35.887026391601566, "noise_cost": 28.833080355034756, "n_waypoints_completed": 6, "tot_waypoints": 9}}
{"target": -443.35581905494723, "params": {"k_pid_pos": [2.0, 0.0, 0.0], "k_pid_alt": [2.0, 0.7880228252165056, 0.0], "k_pid_att": [73.51965864188739, 1.1878569003356978, 0.11771197388187321], "k_pid_yaw": [0.5, 1e-06, 0.1], "k_pid_hsp": [10.0, 0.0, 0.0], "k_pid_vsp": [235.98070244996305, 341.52495163596444, 258.37736782696777]}, "datetime": {"datetime": "2025-08-12 14:40:29", "elapsed": 80108.82763624191, "delta": 42.280426263809204}, "costs": {"total_cost": 443.35581905494723, "time_cost": 100.97500000000001, "final_distance_cost": 1.7691077377879154, "oscillation_cost": 223.22600939882, "completition_cost": 0.0, "overshoot_cost": 64.22731895200106, "power_cost": 28.656911254882814, "noise_cost": 24.501471711455427, "n_waypoints_completed": 9, "tot_waypoints": 9}}
{"target": -414.33832877596734, "params": {"k_pid_pos": [2.0, 0.35390782187114456, 1.0], "k_pid_alt": [2.0, 0.0, 0.0], "k_pid_att": [35.29376265298585, 1.864061524763099, 1.0], "k_pid_yaw": [0.5, 1e-06, 0.1], "k_pid_hsp": [10.0, 0.0, 0.521217854437442], "k_pid_vsp": [198.81829017562094, 243.9735060900604, 116.8641359859591]}, "datetime": {"datetime": "2025-08-12 14:41:22", "elapsed": 80162.32921028137, "delta": 53.50157403945923}, "costs": {"total_cost": 414.33832877596734, "time_cost": 77.455, "final_distance_cost": 1.7779988111533045, "oscillation_cost": 239.84582007070907, "completition_cost": 0.0, "overshoot_cost": 53.41352062593429, "power_cost": 22.60233610839844, "noise_cost": 19.243653159772215, "n_waypoints_completed": 9, "tot_waypoints": 9}}
{"target": -1989.6192929562555, "params": {"k_pid_pos": [0.03258331162908918, 0.08923089642901849, 0.21224436415091763], "k_pid_alt": [1.1410548325345427, 0.23038874908256812, 0.706207209749099], "k_pid_att": [44.987595909221234, 3.477040576549167, 0.0002455488321041477], "k_pid_yaw": [0.5, 1e-06, 0.1], "k_pid_hsp": [0.6393924950374226, 0.30196065715768505, 0.547913311032616], "k_pid_vsp": [75.02177881297189, 361.72489141404134, 92.28809729299968]}, "datetime": {"datetime": "2025-08-12 14:42:09", "elapsed": 80208.90645861626, "delta": 46.577248334884644}, "costs": {"total_cost": 1989.6192929562555, "time_cost": 150, "final_distance_cost": 79.1980661708269, "oscillation_cost": 860.4767790062781, "completition_cost": 777.7777777777778, "overshoot_cost": 60.77799815851936, "power_cost": 33.32907326660156, "noise_cost": 28.05959857625178, "n_waypoints_completed": 2, "tot_waypoints": 9}}
