{"target": -1247.473817192096, "params": {"k_pid_pos": [2.0, 0.9732269417855838, 0.0], "k_pid_alt": [2.0, 1.0, 0.8281841429615605], "k_pid_att": [36.2197885350383, 10.0, 1.0], "k_pid_yaw": [0.5, 1e-06, 0.1], "k_pid_hsp": [0.0001, 0.7587245041038458, 0.0], "k_pid_vsp": [117.96640053267558, 142.2282066549005, 19.800451059209003]}, "datetime": {"datetime": "2025-08-11 22:02:49", "elapsed": 20248.623787164688, "delta": 33.3122878074646}, "costs": {"total_cost": 1247.473817192096, "time_cost": 150, "final_distance_cost": 68.55482149353642, "oscillation_cost": 99.3181076075543, "completition_cost": 777.7777777777778, "overshoot_cost": 81.88104741098383, "power_cost": 35.660038220214844, "noise_cost": 34.282024682028776, "n_waypoints_completed": 2, "tot_waypoints": 9}}
{"target": -416.55876850328247, "params": {"k_pid_pos": [1.2934308004962738, 0.029479973800170534, 0.10008330537582144], "k_pid_alt": [0.9225235611226981, 0.4088886244956663, 0.3803308966157868], "k_pid_att": [26.372930060366006, 8.702508278184157, 0.36377833036017004], "k_pid_yaw": [0.5, 1e-06, 0.1], "k_pid_hsp": [7.995964411413605, 0.343345651931818, 0.3364457198579668], "k_pid_vsp": [84.6271194366202, 210.97476875787277, 45.52561394291574]}, "datetime": {"datetime": "2025-08-11 22:03:10", "elapsed": 20270.331939935684, "delta": 21.708152770996094}, "costs": {"total_cost": 416.55876850328247, "time_cost": 77.007, "final_distance_cost": 1.73743979697911, "oscillation_cost": 243.98528164196435, "completition_cost": 0.0, "overshoot_cost": 51.341218303965974, "power_cost": 22.619277770996096, "noise_cost": 19.868550989376914, "n_waypoints_completed": 9, "tot_waypoints": 9}}
{"target": -895.8905671528659, "params": {"k_pid_pos": [0.3895188414632214, 0.70412022624511, 0.01111110448850483], "k_pid_alt": [1.0084130683415595, 0.8218735060134548, 0.6952244391737408], "k_pid_att": [55.29327026297045, 9.150526915163992, 0.7451013653099816], "k_pid_yaw": [0.5, 1e-06, 0.1], "k_pid_hsp": [3.1365533780869033, 0.687083299118555, 0.8648459477549904], "k_pid_vsp": [216.2448657144577, 110.55927354993639, 40.60060369047644]}, "datetime": {"datetime": "2025-08-11 22:03:44", "elapsed": 20304.37061905861, "delta": 34.038679122924805}, "costs": {"total_cost": 895.8905671528659, "time_cost": 150, "final_distance_cost": 66.79588980090472, "oscillation_cost": 205.33787259569434, "completition_cost": 333.33333333333337, "overshoot_cost": 72.06349933512516, "power_cost": 36.855956701660155, "noise_cost": 31.50401538614811, "n_waypoints_completed": 6, "tot_waypoints": 9}}
{"target": -1362.7732983211156, "params": {"k_pid_pos": [0.0001, 0.0, 0.4329988508564401], "k_pid_alt": [2.0, 0.0, 0.9387212329949179], "k_pid_att": [5.442021116584167, 0.0001, 1.0], "k_pid_yaw": [0.5, 1e-06, 0.1], "k_pid_hsp": [5.427139003525289, 0.0, 1.0], "k_pid_vsp": [246.417063710948, 270.0302645754378, 26.31733204974432]}, "datetime": {"datetime": "2025-08-11 22:04:17", "elapsed": 20337.140713214874, "delta": 32.77009415626526}, "costs": {"total_cost": 1362.7732983211156, "time_cost": 150, "final_distance_cost": 46.03499809031528, "oscillation_cost": 73.89649398731416, "completition_cost": 1000.0, "overshoot_cost": 35.68433002918276, "power_cost": 30.27987059326172, "noise_cost": 26.877605621041834, "n_waypoints_completed": 0, "tot_waypoints": 9}}
{"target": -325.8844002468649, "params": {"k_pid_pos": [2.0, 0.0, 0.21185505417080086], "k_pid_alt": [0.1772252866990433, 1.0, 0.6601372276575826], "k_pid_att": [53.74239031940496, 2.8251919325526096, 1.0], "k_pid_yaw": [0.5, 1e-06, 0.1], "k_pid_hsp": [5.034698108865597, 1.0, 0.0], "k_pid_vsp": [214.82324179926687, 103.5013252055222, 36.886393899330294]}, "datetime": {"datetime": "2025-08-11 22:04:49", "elapsed": 20368.983296394348, "delta": 31.842583179473877}, "costs": {"total_cost": 325.8844002468649, "time_cost": 116.956, "final_distance_cost": 1.7857060843308195, "oscillation_cost": 76.01823866703177, "completition_cost": 0.0, "overshoot_cost": 71.86052936328846, "power_cost": 30.987273046875, "noise_cost": 28.276653085338854, "n_waypoints_completed": 9, "tot_waypoints": 9}}
{"target": -1414.1496472184538, "params": {"k_pid_pos": [0.6502478032596529, 0.626189009025029, 0.3898590294412386], "k_pid_alt": [0.0029613295829167274, 0.8311070676549345, 0.41658986237051887], "k_pid_att": [29.72050204152238, 9.741127629660621, 0.09800203720434242], "k_pid_yaw": [0.5, 1e-06, 0.1], "k_pid_hsp": [0.33657351514983097, 0.45501691614596884, 0.16540077769159378], "k_pid_vsp": [341.02344256502045, 285.29480060111143, 247.5907517722887]}, "datetime": {"datetime": "2025-08-11 22:05:21", "elapsed": 20400.838610887527, "delta": 31.85531449317932}, "costs": {"total_cost": 1414.1496472184538, "time_cost": 150, "final_distance_cost": 66.95325045885038, "oscillation_cost": 179.9665465793265, "completition_cost": 888.8888888888888, "overshoot_cost": 61.520779152864634, "power_cost": 36.86328328857422, "noise_cost": 29.9568988499492, "n_waypoints_completed": 1, "tot_waypoints": 9}}
{"target": -574.0715301550039, "params": {"k_pid_pos": [0.8848010435794802, 0.033751623409025044, 0.4729268648270063], "k_pid_alt": [1.6087547646666054, 0.6660110459042727, 0.09828760931222402], "k_pid_att": [70.7688079604653, 5.011186997173281, 0.9138170405079813], "k_pid_yaw": [0.5, 1e-06, 0.1], "k_pid_hsp": [8.934349137648585, 0.458683674502262, 0.2725077309829895], "k_pid_vsp": [237.47935723766963, 337.94032235245504, 260.3391462080689]}, "datetime": {"datetime": "2025-08-11 22:05:45", "elapsed": 20425.135120153427, "delta": 24.296509265899658}, "costs": {"total_cost": 574.0715301550039, "time_cost": 89.124, "final_distance_cost": 1.8192708059961502, "oscillation_cost": 377.01023625516865, "completition_cost": 0.0, "overshoot_cost": 59.162461689613075, "power_cost": 25.55648308105469, "noise_cost": 21.39907832317123, "n_waypoints_completed": 9, "tot_waypoints": 9}}
{"target": -1531.8557541276566, "params": {"k_pid_pos": [0.1615023751436207, 0.42601302597996793, 0.35365379753671466], "k_pid_alt": [0.4432002073572463, 0.914441519438194, 0.9957850805095539], "k_pid_att": [48.20875933748277, 3.948302149894199, 0.7813990587799197], "k_pid_yaw": [0.5, 1e-06, 0.1], "k_pid_hsp": [8.89124137504316, 0.4965056252698071, 0.6963017034358002], "k_pid_vsp": [113.36944726660217, 100.57234308420118, 53.174112715805755]}, "datetime": {"datetime": "2025-08-11 22:06:18", "elapsed": 20458.24338388443, "delta": 33.10826373100281}, "costs": {"total_cost": 1531.8557541276566, "time_cost": 150, "final_distance_cost": 82.27006923635176, "oscillation_cost": 526.8432630894699, "completition_cost": 666.6666666666667, "overshoot_cost": 43.735780984321075, "power_cost": 34.51536776123047, "noise_cost": 27.82460638961679, "n_waypoints_completed": 3, "tot_waypoints": 9}}
{"target": -556.6395959873566, "params": {"k_pid_pos": [1.5458189763057713, 0.22018515162947272, 0.7062560722713362], "k_pid_alt": [0.27097331532328206, 0.25575249729544236, 0.035582490959006785], "k_pid_att": [32.33916102848868, 2.0370959709714764, 0.15270497192796673], "k_pid_yaw": [0.5, 1e-06, 0.1], "k_pid_hsp": [8.262254048094766, 0.5920945416567189, 0.09686450884645459], "k_pid_vsp": [225.0907952035788, 27.09616946315425, 37.3317301123415]}, "datetime": {"datetime": "2025-08-11 22:06:43", "elapsed": 20482.979851722717, "delta": 24.736467838287354}, "costs": {"total_cost": 556.6395959873566, "time_cost": 91.224, "final_distance_cost": 1.771760407588599, "oscillation_cost": 358.2125128281708, "completition_cost": 0.0, "overshoot_cost": 56.90345568963414, "power_cost": 25.590518469238283, "noise_cost": 22.937348592724817, "n_waypoints_completed": 9, "tot_waypoints": 9}}
{"target": -407.890973932447, "params": {"k_pid_pos": [1.9188391710116532, 0.7679362143353914, 0.28870174200699406], "k_pid_alt": [1.7248766262979427, 0.6874682613869767, 0.4635993597993143], "k_pid_att": [19.13174207102997, 4.322596958058085, 0.397799847684551], "k_pid_yaw": [0.5, 1e-06, 0.1], "k_pid_hsp": [9.590209178693923, 0.35061995492838893, 0.26902892481478646], "k_pid_vsp": [290.75552891938867, 351.98474544437954, 94.60197296731504]}, "datetime": {"datetime": "2025-08-11 22:07:08", "elapsed": 20507.797285318375, "delta": 24.81743359565735}, "costs": {"total_cost": 407.890973932447, "time_cost": 91.238, "final_distance_cost": 1.746186429343099, "oscillation_cost": 210.95151814018072, "completition_cost": 0.0, "overshoot_cost": 54.66974245215417, "power_cost": 26.063063525390625, "noise_cost": 23.222463385378436, "n_waypoints_completed": 9, "tot_waypoints": 9}}
{"target": -581.6029830625862, "params": {"k_pid_pos": [2.0, 0.49767720293174317, 0.910374356986205], "k_pid_alt": [1.8831501429212079, 0.523563154617456, 0.0], "k_pid_att": [46.52416049092442, 0.5168338483306166, 0.4759817491145447], "k_pid_yaw": [0.5, 1e-06, 0.1], "k_pid_hsp": [7.312517011509804, 0.1911736651341298, 0.741304474630109], "k_pid_vsp": [186.27449644445406, 299.6559075140887, 148.77608668099427]}, "datetime": {"datetime": "2025-08-11 22:07:35", "elapsed": 20534.551050424576, "delta": 26.753765106201172}, "costs": {"total_cost": 581.6029830625862, "time_cost": 97.083, "final_distance_cost": 1.7405135152124753, "oscillation_cost": 377.03495665108903, "completition_cost": 0.0, "overshoot_cost": 54.29489088860541, "power_cost": 28.182135949707032, "noise_cost": 23.267486057972246, "n_waypoints_completed": 9, "tot_waypoints": 9}}
{"target": -1115.1563771007793, "params": {"k_pid_pos": [1.96929918624271, 0.9541947534924125, 0.14005233663099692], "k_pid_alt": [0.31144865922321374, 0.4258271498631969, 0.012264991956676297], "k_pid_att": [6.227180478180172, 0.8080775405460588, 0.6662236543595226], "k_pid_yaw": [0.5, 1e-06, 0.1], "k_pid_hsp": [8.953649523763783, 0.7273781719938202, 0.5187683129250411], "k_pid_vsp": [289.7414049694535, 349.93877466046683, 138.32634200153439]}, "datetime": {"datetime": "2025-08-11 22:08:09", "elapsed": 20569.21259689331, "delta": 34.66154646873474}, "costs": {"total_cost": 1115.1563771007793, "time_cost": 150, "final_distance_cost": 51.48248287241848, "oscillation_cost": 107.59871810720628, "completition_cost": 666.6666666666667, "overshoot_cost": 71.17975923794829, "power_cost": 36.03129846191406, "noise_cost": 32.19745175462559, "n_waypoints_completed": 3, "tot_waypoints": 9}}
{"target": -669.1570994399318, "params": {"k_pid_pos": [0.36725205791126253, 0.6078720060708127, 0.1329234579741011], "k_pid_alt": [1.0328938040195, 0.31676318177237583, 0.22054139316748966], "k_pid_att": [34.84518659984279, 1.9810101713722603, 0.1848266245872633], "k_pid_yaw": [0.5, 1e-06, 0.1], "k_pid_hsp": [1.0429679164598575, 0.3574304928798654, 0.06344920763233908], "k_pid_vsp": [197.81114032485476, 21.264210852406176, 10.504533824361916]}, "datetime": {"datetime": "2025-08-11 22:08:41", "elapsed": 20601.277767896652, "delta": 32.065171003341675}, "costs": {"total_cost": 669.1570994399318, "time_cost": 115.227, "final_distance_cost": 1.750759849177482, "oscillation_cost": 432.69297967597527, "completition_cost": 0.0, "overshoot_cost": 57.792290510648655, "power_cost": 31.120575122070314, "noise_cost": 30.573494282060103, "n_waypoints_completed": 9, "tot_waypoints": 9}}
{"target": -917.558852599958, "params": {"k_pid_pos": [1.107543038136228, 0.7094257413134404, 0.7319926001659058], "k_pid_alt": [0.35169503482223874, 0.936841205752904, 0.9374674224745593], "k_pid_att": [8.20062816341659, 4.771357650235892, 0.6525451084636904], "k_pid_yaw": [0.5, 1e-06, 0.1], "k_pid_hsp": [3.0464195451885043, 0.11979313666819957, 0.2533460976412224], "k_pid_vsp": [311.7948790975694, 394.39240884402426, 247.9340664832794]}, "datetime": {"datetime": "2025-08-11 22:09:14", "elapsed": 20633.71034860611, "delta": 32.4325807094574}, "costs": {"total_cost": 917.558852599958, "time_cost": 150, "final_distance_cost": 67.43010707721353, "oscillation_cost": 248.24721700211637, "completition_cost": 333.33333333333337, "overshoot_cost": 58.03826199634671, "power_cost": 31.893280249023437, "noise_cost": 28.616652941924578, "n_waypoints_completed": 6, "tot_waypoints": 9}}
{"target": -565.5886040621687, "params": {"k_pid_pos": [1.1952197454525086, 0.4484127216224637, 0.11343004898952169], "k_pid_alt": [1.9395578761772732, 0.1337547288785076, 0.03052005829883153], "k_pid_att": [40.52217827328744, 6.180771150907115, 0.20408369068967647], "k_pid_yaw": [0.5, 1e-06, 0.1], "k_pid_hsp": [9.459426980121053, 0.10513399806147372, 0.13066877258023746], "k_pid_vsp": [271.13647152970907, 305.80475973409006, 74.82495090790223]}, "datetime": {"datetime": "2025-08-11 22:09:42", "elapsed": 20662.14669084549, "delta": 28.436342239379883}, "costs": {"total_cost": 565.5886040621687, "time_cost": 102.284, "final_distance_cost": 1.7767859465518359, "oscillation_cost": 352.8161145468317, "completition_cost": 0.0, "overshoot_cost": 52.97127937526042, "power_cost": 30.03100477294922, "noise_cost": 25.709419420575365, "n_waypoints_completed": 9, "tot_waypoints": 9}}
{"target": -1192.2895853541029, "params": {"k_pid_pos": [1.548208674858791, 0.08909156517744743, 0.04839196267883783], "k_pid_alt": [1.6067576204702658, 0.0639339124356153, 0.6466575825421894], "k_pid_att": [2.074085334469822, 6.5746541712062525, 0.6020512933322696], "k_pid_yaw": [0.5, 1e-06, 0.1], "k_pid_hsp": [8.648869528405157, 0.2920543886818192, 0.7533607110521627], "k_pid_vsp": [248.52950494964836, 265.4378996293852, 20.898204432326214]}, "datetime": {"datetime": "2025-08-11 22:10:16", "elapsed": 20696.366650104523, "delta": 34.2199592590332}, "costs": {"total_cost": 1192.2895853541029, "time_cost": 150, "final_distance_cost": 45.25350653947709, "oscillation_cost": 401.1548423518916, "completition_cost": 444.4444444444444, "overshoot_cost": 76.43452481057491, "power_cost": 41.95338686523438, "noise_cost": 33.04888034248078, "n_waypoints_completed": 5, "tot_waypoints": 9}}
{"target": -496.3099920206774, "params": {"k_pid_pos": [1.898747766061993, 0.6883347137257816, 0.5475275100974186], "k_pid_alt": [1.895491496069813, 0.9335127597173905, 0.08945419628708307], "k_pid_att": [49.8273805120518, 1.3552869001370746, 0.8773495203990171], "k_pid_yaw": [0.5, 1e-06, 0.1], "k_pid_hsp": [8.419494988631989, 0.00137017341671275, 0.7885621476052892], "k_pid_vsp": [210.33637413807242, 242.31068209199688, 130.10160764191338]}, "datetime": {"datetime": "2025-08-11 22:10:48", "elapsed": 20727.84286260605, "delta": 31.47621250152588}, "costs": {"total_cost": 496.3099920206774, "time_cost": 99.827, "final_distance_cost": 1.7919588861675795, "oscillation_cost": 280.83259439502643, "completition_cost": 0.0, "overshoot_cost": 58.28728607462998, "power_cost": 30.535815551757814, "noise_cost": 25.035337113095544, "n_waypoints_completed": 9, "tot_waypoints": 9}}
{"target": -425.4134795286997, "params": {"k_pid_pos": [1.8782483091067963, 0.719654123764745, 0.5215014302391641], "k_pid_alt": [1.1550638296438458, 0.8751102910829379, 0.27754446529206356], "k_pid_att": [14.114151793937618, 5.51106488807572, 0.5399630081166843], "k_pid_yaw": [0.5, 1e-06, 0.1], "k_pid_hsp": [6.735247348498672, 0.4627968034803858, 0.21430083000654127], "k_pid_vsp": [293.2194541582353, 354.6162103837997, 93.41403763994211]}, "datetime": {"datetime": "2025-08-11 22:11:19", "elapsed": 20759.199759960175, "delta": 31.356897354125977}, "costs": {"total_cost": 425.4134795286997, "time_cost": 102.438, "final_distance_cost": 1.733903022802516, "oscillation_cost": 209.50179900542744, "completition_cost": 0.0, "overshoot_cost": 56.56712923175762, "power_cost": 28.742299743652346, "noise_cost": 26.430348525059788, "n_waypoints_completed": 9, "tot_waypoints": 9}}
{"target": -1518.4927685559273, "params": {"k_pid_pos": [0.09134207659063333, 0.8626038147660782, 0.6531787178076035], "k_pid_alt": [0.057403351206688935, 0.3457266300663966, 0.024731471346359002], "k_pid_att": [29.35623171336257, 4.039759831564159, 0.20348389739148875], "k_pid_yaw": [0.5, 1e-06, 0.1], "k_pid_hsp": [8.071563829305726, 0.7505936089058289, 0.6982544510775749], "k_pid_vsp": [227.06825981216835, 332.6825126712477, 20.99618465291409]}, "datetime": {"datetime": "2025-08-11 22:11:58", "elapsed": 20797.96298933029, "delta": 38.76322937011719}, "costs": {"total_cost": 1518.4927685559273, "time_cost": 150, "final_distance_cost": 91.61952131726592, "oscillation_cost": 387.7554462401343, "completition_cost": 777.7777777777778, "overshoot_cost": 46.46503555579164, "power_cost": 34.92686470947266, "noise_cost": 29.948122955484898, "n_waypoints_completed": 2, "tot_waypoints": 9}}
{"target": -506.4130751911638, "params": {"k_pid_pos": [1.8015501238501668, 0.1872187085028384, 0.8913223796754496], "k_pid_alt": [1.1996518485880956, 0.6082318397013016, 0.16853976042028185], "k_pid_att": [49.00785356532528, 2.419427300629486, 0.4773361241420436], "k_pid_yaw": [0.5, 1e-06, 0.1], "k_pid_hsp": [7.673955556751578, 0.7558893344316847, 0.29144208451289255], "k_pid_vsp": [209.04563215427868, 229.5479958604567, 130.91329484278788]}, "datetime": {"datetime": "2025-08-11 22:12:23", "elapsed": 20822.48867535591, "delta": 24.525686025619507}, "costs": {"total_cost": 506.4130751911638, "time_cost": 85.84100000000001, "final_distance_cost": 1.7793882033894772, "oscillation_cost": 316.17495351874095, "completition_cost": 0.0, "overshoot_cost": 55.813185368877605, "power_cost": 25.84194910888672, "noise_cost": 20.962598991269036, "n_waypoints_completed": 9, "tot_waypoints": 9}}
{"target": -1228.8823379953988, "params": {"k_pid_pos": [0.11173085666316206, 0.6940811715390839, 0.6377868055443429], "k_pid_alt": [1.7828576674522558, 0.2286802829218697, 0.2996952959905649], "k_pid_att": [11.174154840718064, 0.03870272139129383, 0.5307866180264579], "k_pid_yaw": [0.5, 1e-06, 0.1], "k_pid_hsp": [8.651883780960274, 0.43706032913476656, 0.36280233855672595], "k_pid_vsp": [295.40227341420683, 339.87767210371334, 138.9868218027416]}, "datetime": {"datetime": "2025-08-11 22:12:56", "elapsed": 20855.388876199722, "delta": 32.900200843811035}, "costs": {"total_cost": 1228.8823379953988, "time_cost": 150, "final_distance_cost": 54.78866002957882, "oscillation_cost": 252.2111236277955, "completition_cost": 666.6666666666667, "overshoot_cost": 47.13753657287008, "power_cost": 30.89819664306641, "noise_cost": 27.180154455421278, "n_waypoints_completed": 3, "tot_waypoints": 9}}
{"target": -811.591297405421, "params": {"k_pid_pos": [0.9799389543874458, 0.7238856344680012, 0.44398913759912495], "k_pid_alt": [0.8312022310122194, 0.9410042690630802, 0.7659827190190553], "k_pid_att": [27.965561933720945, 2.0666032447999445, 0.2640042644945975], "k_pid_yaw": [0.5, 1e-06, 0.1], "k_pid_hsp": [4.298572943845854, 0.27513073104292585, 0.570112832652626], "k_pid_vsp": [218.82247503129702, 338.257781172767, 133.00618478814695]}, "datetime": {"datetime": "2025-08-11 22:13:28", "elapsed": 20887.710597753525, "delta": 32.32172155380249}, "costs": {"total_cost": 811.591297405421, "time_cost": 150, "final_distance_cost": 25.693936832572078, "oscillation_cost": 393.60581769997265, "completition_cost": 111.11111111111116, "overshoot_cost": 66.68398302165933, "power_cost": 34.57378896484375, "noise_cost": 29.92265977526204, "n_waypoints_completed": 8, "tot_waypoints": 9}}
{"target": -472.93458615662394, "params": {"k_pid_pos": [1.1647555538581573, 0.9486285652329858, 0.6080415991772758], "k_pid_alt": [1.5018647904992426, 0.583879036506476, 0.4964632531106993], "k_pid_att": [44.27002461593028, 3.1133977135422004, 0.1810346674166693], "k_pid_yaw": [0.5, 1e-06, 0.1], "k_pid_hsp": [7.73192031670747, 0.5796727242698736, 0.9397120174635333], "k_pid_vsp": [232.84246631732074, 21.705385145241635, 43.330284539497164]}, "datetime": {"datetime": "2025-08-11 22:13:54", "elapsed": 20913.90501356125, "delta": 26.194415807724}, "costs": {"total_cost": 472.93458615662394, "time_cost": 96.537, "final_distance_cost": 1.7897882995901193, "oscillation_cost": 266.57742064764466, "completition_cost": 0.0, "overshoot_cost": 54.21033365867121, "power_cost": 29.121361242675782, "noise_cost": 24.698682308042127, "n_waypoints_completed": 9, "tot_waypoints": 9}}
{"target": -907.7921315694882, "params": {"k_pid_pos": [0.8620216562651616, 0.9761032578066884, 0.22160410137877462], "k_pid_alt": [0.2945002906894767, 0.1669553578483809, 0.0551128509282085], "k_pid_att": [19.000456432649614, 0.6638784321139023, 0.6218297706381798], "k_pid_yaw": [0.5, 1e-06, 0.1], "k_pid_hsp": [6.287559491301886, 0.9753474574778974, 0.15242406951657983], "k_pid_vsp": [54.29808189152738, 343.7250121191511, 163.58144715389156]}, "datetime": {"datetime": "2025-08-11 22:14:27", "elapsed": 20946.472635269165, "delta": 32.56762170791626}, "costs": {"total_cost": 907.7921315694882, "time_cost": 150, "final_distance_cost": 52.396098895875376, "oscillation_cost": 134.52235881344959, "completition_cost": 444.4444444444444, "overshoot_cost": 59.08207914735021, "power_cost": 36.21165314941406, "noise_cost": 31.135497118954643, "n_waypoints_completed": 5, "tot_waypoints": 9}}
{"target": -733.6874295267437, "params": {"k_pid_pos": [1.1679099573334153, 1.0, 0.47376784488639107], "k_pid_alt": [2.0, 0.16938389245125507, 0.6067465118870383], "k_pid_att": [33.38677845454868, 0.2895817923978925, 0.9033360049957924], "k_pid_yaw": [0.5, 1e-06, 0.1], "k_pid_hsp": [9.523401690183489, 0.8594901619329953, 0.13315285137237767], "k_pid_vsp": [201.4768485630482, 245.06323648678915, 125.2496575167661]}, "datetime": {"datetime": "2025-08-11 22:15:00", "elapsed": 20979.481098651886, "delta": 33.00846338272095}, "costs": {"total_cost": 733.6874295267437, "time_cost": 150, "final_distance_cost": 65.70189676082799, "oscillation_cost": 292.9528696440078, "completition_cost": 111.11111111111116, "overshoot_cost": 50.33541571778188, "power_cost": 34.9846083984375, "noise_cost": 28.601527894577405, "n_waypoints_completed": 8, "tot_waypoints": 9}}
