{"target": -873.0288212101302, "params": {"k_pid_pos": [0.8517610687776195, 0.8312764521323156, 0.7616898802220846], "k_pid_alt": [1.9693169251572642, 0.28393915099665135, 0.9651213922668391], "k_pid_att": [28.505848718154315, 4.193628319426612, 0.1725772215028193], "k_pid_yaw": [0.5, 1e-06, 0.1], "k_pid_hsp": [6.534169658745505, 0.7391506566067026, 0.5674758614372996], "k_pid_vsp": [234.17360124010784, 323.78033583382796, 25.47062444628876]}, "datetime": {"datetime": "2025-08-12 03:40:18", "elapsed": 40497.7949090004, "delta": 37.48706293106079}, "costs": {"total_cost": 873.0288212101302, "time_cost": 150, "final_distance_cost": 15.354321982968811, "oscillation_cost": 479.3215494121973, "completition_cost": 111.11111111111116, "overshoot_cost": 54.83945115802258, "power_cost": 33.68791047363281, "noise_cost": 28.714477072197486, "n_waypoints_completed": 8, "tot_waypoints": 9}}
{"target": -674.9803043872403, "params": {"k_pid_pos": [1.4654590950583282, 0.19324712235247066, 0.7331818514525014], "k_pid_alt": [0.30057721099585843, 0.7507930133569439, 0.7780154012702208], "k_pid_att": [28.42555291773634, 4.805800027574123, 0.7276094058604745], "k_pid_yaw": [0.5, 1e-06, 0.1], "k_pid_hsp": [7.341829825264685, 0.0803978234739845, 0.190815905635617], "k_pid_vsp": [333.31725575008227, 281.24077162836414, 236.18012104100671]}, "datetime": {"datetime": "2025-08-12 03:40:58", "elapsed": 40538.10212254524, "delta": 40.30721354484558}, "costs": {"total_cost": 674.9803043872403, "time_cost": 112.882, "final_distance_cost": 1.7920672729000213, "oscillation_cost": 433.2364936767772, "completition_cost": 0.0, "overshoot_cost": 68.39238310446657, "power_cost": 31.459836523437502, "noise_cost": 27.217523809658896, "n_waypoints_completed": 9, "tot_waypoints": 9}}
{"target": -619.36262426886, "params": {"k_pid_pos": [2.0, 0.0, 0.3942238172238864], "k_pid_alt": [2.0, 1.0, 1.0], "k_pid_att": [25.704066449866488, 6.596017937056726, 0.0], "k_pid_yaw": [0.5, 1e-06, 0.1], "k_pid_hsp": [7.6129150124723886, 0.0, 1.0], "k_pid_vsp": [225.32762793756424, 279.17047056553594, 63.46625447194328]}, "datetime": {"datetime": "2025-08-12 03:41:34", "elapsed": 40573.807325839996, "delta": 35.70520329475403}, "costs": {"total_cost": 619.36262426886, "time_cost": 100.611, "final_distance_cost": 1.778871026638301, "oscillation_cost": 405.5461745961009, "completition_cost": 0.0, "overshoot_cost": 55.504898304895555, "power_cost": 29.79572301025391, "noise_cost": 26.125957330971328, "n_waypoints_completed": 9, "tot_waypoints": 9}}
{"target": -1587.0357268882356, "params": {"k_pid_pos": [0.18453202024009746, 0.01006540724603755, 0.5781553302322546], "k_pid_alt": [1.041288544012045, 0.2619487597281773, 0.29016833232181505], "k_pid_att": [31.582548101075282, 1.9611236818374587, 0.08987821976016452], "k_pid_yaw": [0.5, 1e-06, 0.1], "k_pid_hsp": [9.591727049756305, 0.4058028481980993, 0.07625385726243428], "k_pid_vsp": [292.7915030463899, 351.7534313682876, 20.98274892031717]}, "datetime": {"datetime": "2025-08-12 03:42:10", "elapsed": 40609.81147170067, "delta": 36.004145860672}, "costs": {"total_cost": 1587.0357268882356, "time_cost": 150, "final_distance_cost": 47.64149981510208, "oscillation_cost": 713.9890117293724, "completition_cost": 555.5555555555555, "overshoot_cost": 57.71536567584525, "power_cost": 33.92084481201172, "noise_cost": 28.21344930034874, "n_waypoints_completed": 4, "tot_waypoints": 9}}
{"target": -989.3286426855385, "params": {"k_pid_pos": [0.9601484379367943, 0.01559064221065476, 0.5950180833837059], "k_pid_alt": [1.5846247273747707, 0.7375544380669091, 0.1934718922862877], "k_pid_att": [9.853873325212714, 1.5366450871462907, 0.6543306920137375], "k_pid_yaw": [0.5, 1e-06, 0.1], "k_pid_hsp": [0.37853206688949215, 0.2618099734648597, 0.9148111485819156], "k_pid_vsp": [297.8386723775508, 343.0534676692583, 146.76994243139666]}, "datetime": {"datetime": "2025-08-12 03:42:54", "elapsed": 40653.84004664421, "delta": 44.02857494354248}, "costs": {"total_cost": 989.3286426855385, "time_cost": 150, "final_distance_cost": 76.60784515021567, "oscillation_cost": 312.68145215697706, "completition_cost": 333.33333333333337, "overshoot_cost": 58.73494396196684, "power_cost": 30.46062694091797, "noise_cost": 27.510441142127583, "n_waypoints_completed": 6, "tot_waypoints": 9}}
{"target": -442.55831850913705, "params": {"k_pid_pos": [1.430235060983586, 0.7386891713409651, 0.5013030996730187], "k_pid_alt": [1.4739240988928044, 0.5458364896218854, 0.7043682575993866], "k_pid_att": [39.42247414508141, 3.8575227322595778, 0.9456386622926437], "k_pid_yaw": [0.5, 1e-06, 0.1], "k_pid_hsp": [1.8382517024929745, 0.8174386628864454, 0.9347644818260458], "k_pid_vsp": [220.91239677281544, 324.652211688934, 19.22096908623007]}, "datetime": {"datetime": "2025-08-12 03:43:35", "elapsed": 40694.64958405495, "delta": 40.809537410736084}, "costs": {"total_cost": 442.55831850913705, "time_cost": 119.96600000000001, "final_distance_cost": 1.738918934462723, "oscillation_cost": 185.57807915761367, "completition_cost": 0.0, "overshoot_cost": 69.21712153793901, "power_cost": 35.05012122802734, "noise_cost": 31.00807765109427, "n_waypoints_completed": 9, "tot_waypoints": 9}}
{"target": -958.2606816592465, "params": {"k_pid_pos": [0.8413698841062441, 0.2587881575141895, 0.765541831182725], "k_pid_alt": [1.8051092873295445, 0.6616205515180328, 0.5136101686316987], "k_pid_att": [14.614335617483231, 1.1419042780115072, 0.48918827616854055], "k_pid_yaw": [0.5, 1e-06, 0.1], "k_pid_hsp": [5.207192919345558, 0.16128408044311948, 0.9165569026982844], "k_pid_vsp": [64.2508007261136, 353.0435366661098, 151.25450010823786]}, "datetime": {"datetime": "2025-08-12 03:44:14", "elapsed": 40734.185879945755, "delta": 39.536295890808105}, "costs": {"total_cost": 958.2606816592465, "time_cost": 150, "final_distance_cost": 79.13317698862886, "oscillation_cost": 391.47733870359565, "completition_cost": 222.2222222222222, "overshoot_cost": 56.25337573769901, "power_cost": 31.0539841796875, "noise_cost": 28.120583827413427, "n_waypoints_completed": 7, "tot_waypoints": 9}}
{"target": -1381.8139416874542, "params": {"k_pid_pos": [0.3163680892223493, 0.4649286020104667, 0.7791961030049405], "k_pid_alt": [0.35282680535437416, 0.6217352882416897, 0.03258720688967964], "k_pid_att": [39.69681660937447, 3.6089243654134657, 0.02865502311946133], "k_pid_yaw": [0.5, 1e-06, 0.1], "k_pid_hsp": [2.736296618049821, 0.16600259499871706, 0.16111131916625676], "k_pid_vsp": [276.5268314299552, 352.38297744812166, 33.46426203747684]}, "datetime": {"datetime": "2025-08-12 03:44:51", "elapsed": 40770.77485561371, "delta": 36.58897566795349}, "costs": {"total_cost": 1381.8139416874542, "time_cost": 150, "final_distance_cost": 50.524561235496, "oscillation_cost": 621.6359834146906, "completition_cost": 444.4444444444444, "overshoot_cost": 50.784396216342685, "power_cost": 34.8185126953125, "noise_cost": 29.60604368116808, "n_waypoints_completed": 5, "tot_waypoints": 9}}
{"target": -516.0343395914543, "params": {"k_pid_pos": [1.5408036005375518, 0.6986690012851211, 0.7028684943040523], "k_pid_alt": [1.7855758544839297, 0.6277813561520635, 0.03240554948865759], "k_pid_att": [30.69734991124715, 1.7871201273644444, 0.41750292264786504], "k_pid_yaw": [0.5, 1e-06, 0.1], "k_pid_hsp": [9.830984488034135, 0.20410109852743064, 0.1539356210751447], "k_pid_vsp": [228.3111321551013, 28.22910551770223, 43.436108501115484]}, "datetime": {"datetime": "2025-08-12 03:45:24", "elapsed": 40803.909640312195, "delta": 33.13478469848633}, "costs": {"total_cost": 516.0343395914543, "time_cost": 89.845, "final_distance_cost": 1.7554514810949382, "oscillation_cost": 321.5116795905075, "completition_cost": 0.0, "overshoot_cost": 54.55448899632218, "power_cost": 25.75888220214844, "noise_cost": 22.60883732138133, "n_waypoints_completed": 9, "tot_waypoints": 9}}
{"target": -842.6159311003544, "params": {"k_pid_pos": [0.023852598755704984, 0.6276683379801816, 0.014887564089117511], "k_pid_alt": [1.202957121591471, 0.5558974196663284, 0.5322662593518995], "k_pid_att": [7.883913526496034, 1.9406071012086252, 0.38078969666638907], "k_pid_yaw": [0.5, 1e-06, 0.1], "k_pid_hsp": [2.2073736292157067, 0.7284629110423835, 0.6543532940860353], "k_pid_vsp": [251.44632929628426, 272.65660985489166, 14.987619882692824]}, "datetime": {"datetime": "2025-08-12 03:46:05", "elapsed": 40845.181582689285, "delta": 41.271942377090454}, "costs": {"total_cost": 842.6159311003544, "time_cost": 150, "final_distance_cost": 68.17381968130873, "oscillation_cost": 162.28985894387372, "completition_cost": 333.33333333333337, "overshoot_cost": 64.2578404655236, "power_cost": 33.82461540527344, "noise_cost": 30.7364632710415, "n_waypoints_completed": 6, "tot_waypoints": 9}}
{"target": -1004.261262343587, "params": {"k_pid_pos": [1.2192524188831675, 0.9052523247078417, 0.7563621435034208], "k_pid_alt": [0.1581883206400707, 0.856648942058355, 0.5630221740609964], "k_pid_att": [28.607536865761663, 1.4332065528808562, 0.0846117116870202], "k_pid_yaw": [0.5, 1e-06, 0.1], "k_pid_hsp": [7.982441195834144, 0.431774467291549, 0.8275086657191398], "k_pid_vsp": [227.0262289976078, 323.80704640603864, 15.76495785137144]}, "datetime": {"datetime": "2025-08-12 03:46:46", "elapsed": 40885.607592105865, "delta": 40.4260094165802}, "costs": {"total_cost": 1004.261262343587, "time_cost": 150, "final_distance_cost": 78.95597958137031, "oscillation_cost": 423.7301075965905, "completition_cost": 222.2222222222222, "overshoot_cost": 63.699875822332274, "power_cost": 34.64477272949219, "noise_cost": 31.00830439157949, "n_waypoints_completed": 7, "tot_waypoints": 9}}
{"target": -471.47005223653645, "params": {"k_pid_pos": [0.42753463292598276, 0.21467021870446323, 0.7686340620907263], "k_pid_alt": [1.9959872454837626, 0.19591403792121787, 0.7675689790935223], "k_pid_att": [7.927139384202453, 9.492446179587464, 0.41173512520637856], "k_pid_yaw": [0.5, 1e-06, 0.1], "k_pid_hsp": [4.962183460008167, 0.6049906489071739, 0.009997370285851126], "k_pid_vsp": [237.82929543042744, 259.48504599288555, 15.40294045124909]}, "datetime": {"datetime": "2025-08-12 03:47:22", "elapsed": 40922.162378549576, "delta": 36.55478644371033}, "costs": {"total_cost": 471.47005223653645, "time_cost": 150, "final_distance_cost": 51.15987298722514, "oscillation_cost": 50.1490709374927, "completition_cost": 111.11111111111116, "overshoot_cost": 51.93828305735964, "power_cost": 29.91120533447266, "noise_cost": 27.20050880887521, "n_waypoints_completed": 8, "tot_waypoints": 9}}
{"target": -332.1865109948968, "params": {"k_pid_pos": [1.4127245757161815, 0.306624828467185, 0.5175395625619533], "k_pid_alt": [0.7107552376064048, 0.33855603185914795, 0.03856451300472896], "k_pid_att": [11.745265591074938, 9.094187182625422, 0.9909468974466206], "k_pid_yaw": [0.5, 1e-06, 0.1], "k_pid_hsp": [9.932508235895128, 0.7783337622720181, 0.20432423372473973], "k_pid_vsp": [293.84428590362285, 345.2315489420109, 143.5194196317715]}, "datetime": {"datetime": "2025-08-12 03:47:51", "elapsed": 40951.274708509445, "delta": 29.112329959869385}, "costs": {"total_cost": 332.1865109948968, "time_cost": 89.53, "final_distance_cost": 1.7650665158262397, "oscillation_cost": 142.48461864013575, "completition_cost": 0.0, "overshoot_cost": 52.65115727466415, "power_cost": 24.412828552246093, "noise_cost": 21.34284001202456, "n_waypoints_completed": 9, "tot_waypoints": 9}}
{"target": -423.9298490173889, "params": {"k_pid_pos": [0.8853613037648381, 0.679847104497479, 0.5851990835141552], "k_pid_alt": [1.6069985787556575, 0.0956490860257353, 0.6489397875071514], "k_pid_att": [9.163944124853607, 6.444148342736965, 0.5782255128600154], "k_pid_yaw": [0.5, 1e-06, 0.1], "k_pid_hsp": [9.361125941318157, 0.632534124305861, 0.3227896954996713], "k_pid_vsp": [234.6952926783592, 271.74644254864256, 34.28203962468678]}, "datetime": {"datetime": "2025-08-12 03:48:31", "elapsed": 40991.05942225456, "delta": 39.78471374511719}, "costs": {"total_cost": 423.9298490173889, "time_cost": 104.93, "final_distance_cost": 1.7533335617895178, "oscillation_cost": 210.49947885613977, "completition_cost": 0.0, "overshoot_cost": 52.47569500660191, "power_cost": 28.495095410156253, "noise_cost": 25.77624618270146, "n_waypoints_completed": 9, "tot_waypoints": 9}}
{"target": -640.7875153067727, "params": {"k_pid_pos": [0.75532749046433, 0.6492763459043902, 0.6772835443927129], "k_pid_alt": [1.990173852081148, 0.7253699000185921, 0.9766883418506516], "k_pid_att": [6.578630749406189, 4.999937021207319, 0.06228170858808424], "k_pid_yaw": [0.5, 1e-06, 0.1], "k_pid_hsp": [4.193601673040625, 0.7755643581709707, 0.5686990659718203], "k_pid_vsp": [249.86044618485667, 269.473411507733, 9.856018508112093]}, "datetime": {"datetime": "2025-08-12 03:49:06", "elapsed": 41026.278346538544, "delta": 35.21892428398132}, "costs": {"total_cost": 640.7875153067727, "time_cost": 118.342, "final_distance_cost": 1.7961983260071144, "oscillation_cost": 403.9891412275961, "completition_cost": 0.0, "overshoot_cost": 56.390209909172704, "power_cost": 30.319436877441408, "noise_cost": 29.95052896655543, "n_waypoints_completed": 9, "tot_waypoints": 9}}
{"target": -1347.826574490057, "params": {"k_pid_pos": [0.1827370810849439, 0.07577467520478876, 0.4492151315307651], "k_pid_alt": [1.5683799047704448, 0.3077732764538551, 0.9960309547073667], "k_pid_att": [42.552385867116385, 7.528678148977318, 0.17670606010180956], "k_pid_yaw": [0.5, 1e-06, 0.1], "k_pid_hsp": [0.4598319070984614, 0.6545809249447258, 0.5424536031676329], "k_pid_vsp": [114.98460501021204, 110.06706690140504, 55.73044409914618]}, "datetime": {"datetime": "2025-08-12 03:49:45", "elapsed": 41065.255450963974, "delta": 38.9771044254303}, "costs": {"total_cost": 1347.826574490057, "time_cost": 150, "final_distance_cost": 72.02343324300438, "oscillation_cost": 668.7538553197128, "completition_cost": 333.33333333333337, "overshoot_cost": 61.48336891205205, "power_cost": 34.225604748535154, "noise_cost": 28.006978933419415, "n_waypoints_completed": 6, "tot_waypoints": 9}}
{"target": -548.6864939450917, "params": {"k_pid_pos": [1.3310244960476096, 0.7366540383065596, 0.47263227101521266], "k_pid_alt": [1.285472809239216, 0.87368197214981, 0.8251977754087901], "k_pid_att": [50.2349837709286, 8.282811490585871, 0.5232153043593613], "k_pid_yaw": [0.5, 1e-06, 0.1], "k_pid_hsp": [7.190540150785465, 0.1721402905781868, 0.42229876501954056], "k_pid_vsp": [123.41698126619312, 99.62810033696148, 50.17689983151165]}, "datetime": {"datetime": "2025-08-12 03:50:20", "elapsed": 41099.48351955414, "delta": 34.228068590164185}, "costs": {"total_cost": 548.6864939450917, "time_cost": 98.56700000000001, "final_distance_cost": 1.7888759549660123, "oscillation_cost": 337.6582052043589, "completition_cost": 0.0, "overshoot_cost": 55.027578419833056, "power_cost": 29.55343728027344, "noise_cost": 26.091397085660176, "n_waypoints_completed": 9, "tot_waypoints": 9}}
{"target": -548.4756375240222, "params": {"k_pid_pos": [1.9689525759556001, 0.5705553076678235, 0.1855088302803004], "k_pid_alt": [0.24189898731235115, 0.0869236155360048, 0.18524576509040813], "k_pid_att": [36.26172694837582, 6.903718988149404, 0.5923005587705283], "k_pid_yaw": [0.5, 1e-06, 0.1], "k_pid_hsp": [7.0076186069544555, 0.009113185205280594, 0.292358797683237], "k_pid_vsp": [31.736875041502888, 397.28412873417795, 49.26755008416349]}, "datetime": {"datetime": "2025-08-12 03:51:01", "elapsed": 41141.37043452263, "delta": 41.8869149684906}, "costs": {"total_cost": 548.4756375240222, "time_cost": 109.095, "final_distance_cost": 1.7803589091793237, "oscillation_cost": 321.18401039924487, "completition_cost": 0.0, "overshoot_cost": 57.191627706232524, "power_cost": 32.14741110839844, "noise_cost": 27.077229400967077, "n_waypoints_completed": 9, "tot_waypoints": 9}}
{"target": -354.9030713512621, "params": {"k_pid_pos": [0.911033665498669, 0.08943427573768559, 0.11605686953569783], "k_pid_alt": [0.6003431467517966, 0.7748798431676595, 0.35369909192656024], "k_pid_att": [6.368976321164266, 0.2586202659757849, 0.3266671222328841], "k_pid_yaw": [0.5, 1e-06, 0.1], "k_pid_hsp": [0.9263290144336043, 0.6931304981770466, 0.05988595716186651], "k_pid_vsp": [229.4610396012852, 276.1622078852715, 19.984217638085678]}, "datetime": {"datetime": "2025-08-12 03:51:31", "elapsed": 41170.37630486488, "delta": 29.00587034225464}, "costs": {"total_cost": 354.9030713512621, "time_cost": 90.85300000000001, "final_distance_cost": 1.811602457554444, "oscillation_cost": 158.4688109066927, "completition_cost": 0.0, "overshoot_cost": 56.66452649326441, "power_cost": 24.048797192382814, "noise_cost": 23.056334301367706, "n_waypoints_completed": 9, "tot_waypoints": 9}}
{"target": -1069.618079726443, "params": {"k_pid_pos": [0.9546750891382918, 0.26155169446736376, 1.0], "k_pid_alt": [1.3194153291881598, 0.21268193693509096, 1.0], "k_pid_att": [5.858252178391272, 7.308580925137893, 0.0], "k_pid_yaw": [0.5, 1e-06, 0.1], "k_pid_hsp": [6.520812405803371, 1.0, 0.0], "k_pid_vsp": [280.5161153182705, 359.16492930711155, 25.486426464300198]}, "datetime": {"datetime": "2025-08-12 03:52:11", "elapsed": 41210.37443637848, "delta": 39.99813151359558}, "costs": {"total_cost": 1069.618079726443, "time_cost": 150, "final_distance_cost": 66.1031595578535, "oscillation_cost": 525.6059029850431, "completition_cost": 222.2222222222222, "overshoot_cost": 44.87625955510185, "power_cost": 31.78504305419922, "noise_cost": 29.025492352023214, "n_waypoints_completed": 7, "tot_waypoints": 9}}
{"target": -553.0689387427406, "params": {"k_pid_pos": [1.8041645053697828, 0.6065895869364673, 0.9277349226948446], "k_pid_alt": [0.8556941202750354, 0.4477444649300615, 0.6947064454222224], "k_pid_att": [39.74878217658247, 9.368263667572808, 0.4712124982497641], "k_pid_yaw": [0.5, 1e-06, 0.1], "k_pid_hsp": [9.167028066057343, 0.6892234068406534, 0.5716355753667057], "k_pid_vsp": [202.10233738454363, 240.4205590867937, 114.79439183355208]}, "datetime": {"datetime": "2025-08-12 03:52:46", "elapsed": 41245.72957897186, "delta": 35.35514259338379}, "costs": {"total_cost": 553.0689387427406, "time_cost": 97.93, "final_distance_cost": 1.761127372963262, "oscillation_cost": 345.02236567508345, "completition_cost": 0.0, "overshoot_cost": 56.3708632152137, "power_cost": 27.944443786621097, "noise_cost": 24.040138692859028, "n_waypoints_completed": 9, "tot_waypoints": 9}}
{"target": -898.293839449899, "params": {"k_pid_pos": [1.4970294229043828, 0.5444251337333111, 0.9173897048262544], "k_pid_alt": [1.298440531047197, 0.0785825819021796, 0.1393461951096373], "k_pid_att": [33.22741974423714, 8.588649787442055, 0.7725791767667625], "k_pid_yaw": [0.5, 1e-06, 0.1], "k_pid_hsp": [2.841526244771233, 0.19576185669996538, 0.8084081298260855], "k_pid_vsp": [196.2573951957893, 319.20081944213325, 236.42080771597418]}, "datetime": {"datetime": "2025-08-12 03:53:26", "elapsed": 41286.28067731857, "delta": 40.551098346710205}, "costs": {"total_cost": 898.293839449899, "time_cost": 150, "final_distance_cost": 74.83133928235712, "oscillation_cost": 332.2946945782765, "completition_cost": 222.2222222222222, "overshoot_cost": 54.604151964365364, "power_cost": 35.31944110107422, "noise_cost": 29.02199030160359, "n_waypoints_completed": 7, "tot_waypoints": 9}}
{"target": -542.2864549494783, "params": {"k_pid_pos": [1.2835530629957101, 0.5947527332064487, 0.9317571363552055], "k_pid_alt": [0.6814819571268622, 0.5568564671571566, 0.9937699688438915], "k_pid_att": [18.105853533048077, 6.9976893063146965, 0.27949954685706835], "k_pid_yaw": [0.5, 1e-06, 0.1], "k_pid_hsp": [6.0150646168015, 0.4554361792181064, 0.38676639126857626], "k_pid_vsp": [75.82639791672041, 187.7717450368421, 34.338742379527424]}, "datetime": {"datetime": "2025-08-12 03:53:58", "elapsed": 41317.43521404266, "delta": 31.154536724090576}, "costs": {"total_cost": 542.2864549494783, "time_cost": 100.97500000000001, "final_distance_cost": 1.7848911520821595, "oscillation_cost": 328.83772147702297, "completition_cost": 0.0, "overshoot_cost": 57.39612588483717, "power_cost": 27.988250231933595, "noise_cost": 25.30446620360235, "n_waypoints_completed": 9, "tot_waypoints": 9}}
{"target": -366.13925583423605, "params": {"k_pid_pos": [1.4732022886370335, 0.16219708353214268, 0.10096647843311068], "k_pid_alt": [1.3467095432238942, 0.19581103217776907, 0.9861077626185795], "k_pid_att": [36.80374600797756, 2.235377265237354, 0.16819964387014663], "k_pid_yaw": [0.5, 1e-06, 0.1], "k_pid_hsp": [0.702131789445067, 0.9934651753170766, 0.20166395420417926], "k_pid_vsp": [54.912923549118986, 359.6924326011442, 86.32271707178303]}, "datetime": {"datetime": "2025-08-12 03:54:34", "elapsed": 41353.671909332275, "delta": 36.236695289611816}, "costs": {"total_cost": 366.13925583423605, "time_cost": 105.917, "final_distance_cost": 1.80719225964074, "oscillation_cost": 146.66448468273063, "completition_cost": 0.0, "overshoot_cost": 52.22385995469494, "power_cost": 32.71913500976563, "noise_cost": 26.807583927404103, "n_waypoints_completed": 9, "tot_waypoints": 9}}
{"target": -355.9540416081737, "params": {"k_pid_pos": [1.6957073540842362, 0.389420254093919, 0.9804851224305272], "k_pid_alt": [1.2071055437236373, 0.1953194836449016, 0.0350591100645441], "k_pid_att": [7.547486893880073, 1.1236404808187799, 0.865930503910204], "k_pid_yaw": [0.5, 1e-06, 0.1], "k_pid_hsp": [6.125599307415075, 0.6462978306680022, 0.6620937734698453], "k_pid_vsp": [271.0669533722829, 361.14756558407277, 28.326169703668686]}, "datetime": {"datetime": "2025-08-12 03:55:03", "elapsed": 41382.88315701485, "delta": 29.21124768257141}, "costs": {"total_cost": 355.9540416081737, "time_cost": 92.666, "final_distance_cost": 1.7742122272138865, "oscillation_cost": 158.477381422043, "completition_cost": 0.0, "overshoot_cost": 55.15178355971117, "power_cost": 25.293466552734376, "noise_cost": 22.591197846471253, "n_waypoints_completed": 9, "tot_waypoints": 9}}
