{"target": -531.8148937222095, "params": {"k_pid_pos": [0.8826161295550347, 0.7814197031509476, 0.8819743782054871], "k_pid_alt": [0.8015190349728092, 0.5718710892220686, 0.5871016897176353], "k_pid_att": [41.169491746007346, 8.337825612223229, 0.48666335399536365], "k_pid_yaw": [0.5, 1e-06, 0.1], "k_pid_hsp": [5.999680315187716, 0.9955486397417576, 0.6345788544302318], "k_pid_vsp": [279.5762889817284, 356.8354419543429, 28.517682032960476]}, "datetime": {"datetime": "2025-08-11 20:12:50", "elapsed": 13650.30982208252, "delta": 26.027461290359497}, "costs": {"total_cost": 531.8148937222095, "time_cost": 99.449, "final_distance_cost": 1.7718278917105612, "oscillation_cost": 319.8479612989798, "completition_cost": 0.0, "overshoot_cost": 56.21804312232921, "power_cost": 28.49570946044922, "noise_cost": 26.032351948740686, "n_waypoints_completed": 9, "tot_waypoints": 9}}
{"target": -596.5244642167858, "params": {"k_pid_pos": [0.8245557792911251, 0.8258917938067583, 0.3808943052233486], "k_pid_alt": [1.0236102146835908, 0.37970648542526253, 0.5992179077937922], "k_pid_att": [45.901294194600304, 4.725505592117372, 0.6033175132661622], "k_pid_yaw": [0.5, 1e-06, 0.1], "k_pid_hsp": [6.88980177048577, 0.42580764175675195, 0.2611325635924129], "k_pid_vsp": [188.1049710076662, 304.03136977450146, 150.31738726657636]}, "datetime": {"datetime": "2025-08-11 20:13:20", "elapsed": 13679.808381080627, "delta": 29.49855899810791}, "costs": {"total_cost": 596.5244642167858, "time_cost": 112.938, "final_distance_cost": 1.7612323004602772, "oscillation_cost": 363.0269038348367, "completition_cost": 0.0, "overshoot_cost": 58.43993510067101, "power_cost": 32.96107423095703, "noise_cost": 27.397318749860784, "n_waypoints_completed": 9, "tot_waypoints": 9}}
{"target": -495.13279544555564, "params": {"k_pid_pos": [1.9004565153761512, 0.5967602166471111, 0.07023899850023885], "k_pid_alt": [0.6263307642048652, 0.8149927189881874, 0.6133022855425837], "k_pid_att": [38.78793960183472, 1.5759792025558734, 0.4941354553873808], "k_pid_yaw": [0.5, 1e-06, 0.1], "k_pid_hsp": [8.673139203111312, 0.33034544010394107, 0.9914189247624137], "k_pid_vsp": [230.73647591220464, 330.06010080088987, 22.99570452896243]}, "datetime": {"datetime": "2025-08-11 20:13:50", "elapsed": 13710.22379398346, "delta": 30.41541290283203}, "costs": {"total_cost": 495.13279544555564, "time_cost": 116.858, "final_distance_cost": 1.732153698869766, "oscillation_cost": 245.05536918857723, "completition_cost": 0.0, "overshoot_cost": 65.65604119003794, "power_cost": 34.494009020996096, "noise_cost": 31.337222347074594, "n_waypoints_completed": 9, "tot_waypoints": 9}}
{"target": -1173.6090525670486, "params": {"k_pid_pos": [1.5608118186665634, 0.6053541391698585, 0.7003133740167754], "k_pid_alt": [0.633313078997364, 0.6209559951783871, 0.8410948125745167], "k_pid_att": [9.97917667321282, 3.3194545269004903, 0.31503164098679914], "k_pid_yaw": [0.5, 1e-06, 0.1], "k_pid_hsp": [0.8139409256372149, 0.133384763236035, 0.48538994929815227], "k_pid_vsp": [286.0554915195558, 335.5523443488821, 128.9641001247666]}, "datetime": {"datetime": "2025-08-11 20:14:22", "elapsed": 13741.403429746628, "delta": 31.179635763168335}, "costs": {"total_cost": 1173.6090525670486, "time_cost": 150, "final_distance_cost": 43.44884458662863, "oscillation_cost": 310.7759352329493, "completition_cost": 555.5555555555555, "overshoot_cost": 53.68813384752336, "power_cost": 32.21081658935547, "noise_cost": 27.92976675503599, "n_waypoints_completed": 4, "tot_waypoints": 9}}
{"target": -1355.5517806032306, "params": {"k_pid_pos": [0.18172675021979343, 0.49295865259909244, 0.9960373905800148], "k_pid_alt": [0.19486184870338907, 0.018936363062043826, 0.5416263819919019], "k_pid_att": [35.34548043797179, 7.108336067610685, 0.5510112521667797], "k_pid_yaw": [0.5, 1e-06, 0.1], "k_pid_hsp": [6.908423434394813, 0.9083688437185654, 0.9710476366917192], "k_pid_vsp": [58.69550703518276, 288.7214760282858, 46.874284662983065]}, "datetime": {"datetime": "2025-08-11 20:14:53", "elapsed": 13772.617093801498, "delta": 31.213664054870605}, "costs": {"total_cost": 1355.5517806032306, "time_cost": 150, "final_distance_cost": 43.71084711679674, "oscillation_cost": 494.21943104662773, "completition_cost": 555.5555555555555, "overshoot_cost": 52.10058210973715, "power_cost": 32.37708607177735, "noise_cost": 27.58827870273615, "n_waypoints_completed": 4, "tot_waypoints": 9}}
{"target": -629.6755233850738, "params": {"k_pid_pos": [1.1913688243042375, 0.01732673181392952, 0.6788279797630173], "k_pid_alt": [0.20076206126421514, 0.5436948229941011, 0.5569178130060811], "k_pid_att": [44.362447443536176, 5.982941794886137, 0.3456837806254467], "k_pid_yaw": [0.5, 1e-06, 0.1], "k_pid_hsp": [7.053344680318431, 0.2416320144558084, 0.2970012963818943], "k_pid_vsp": [275.14612789920125, 351.92165404465493, 23.678532641565535]}, "datetime": {"datetime": "2025-08-11 20:15:18", "elapsed": 13797.465528964996, "delta": 24.848435163497925}, "costs": {"total_cost": 629.6755233850738, "time_cost": 94.15, "final_distance_cost": 1.7631169125162247, "oscillation_cost": 422.3245837170649, "completition_cost": 0.0, "overshoot_cost": 60.77916702360376, "power_cost": 27.4239404296875, "noise_cost": 23.23471530220133, "n_waypoints_completed": 9, "tot_waypoints": 9}}
{"target": -559.1981434150879, "params": {"k_pid_pos": [1.9488650477343468, 0.04620800615948284, 0.22441053345992257], "k_pid_alt": [0.39233762405631634, 0.9340296963284848, 0.7021898937817002], "k_pid_att": [42.531923354054456, 4.779405463213041, 0.825840218093598], "k_pid_yaw": [0.5, 1e-06, 0.1], "k_pid_hsp": [3.457318599351757, 0.021104594065612603, 0.6625653738085844], "k_pid_vsp": [32.47319622488516, 395.2924830449494, 54.57001277071363]}, "datetime": {"datetime": "2025-08-11 20:15:45", "elapsed": 13824.643224477768, "delta": 27.177695512771606}, "costs": {"total_cost": 559.1981434150879, "time_cost": 105.805, "final_distance_cost": 1.7536278926126103, "oscillation_cost": 332.04212659977037, "completition_cost": 0.0, "overshoot_cost": 62.384219671318505, "power_cost": 31.1292134765625, "noise_cost": 26.083955774823888, "n_waypoints_completed": 9, "tot_waypoints": 9}}
{"target": -886.0853027839337, "params": {"k_pid_pos": [0.33461358396841745, 0.5818088315854981, 0.08200253712582173], "k_pid_alt": [1.6323849571080726, 0.6549059172226817, 0.12873832307093447], "k_pid_att": [14.022270722383844, 2.3406844325073886, 0.21922197081278427], "k_pid_yaw": [0.5, 1e-06, 0.1], "k_pid_hsp": [7.981464934287214, 0.8099241202082221, 0.19316504045404936], "k_pid_vsp": [60.07798471214754, 344.56262778442664, 162.56129707275537]}, "datetime": {"datetime": "2025-08-11 20:16:16", "elapsed": 13855.603439807892, "delta": 30.9602153301239}, "costs": {"total_cost": 886.0853027839337, "time_cost": 150, "final_distance_cost": 82.76725448612574, "oscillation_cost": 318.49700903961167, "completition_cost": 222.2222222222222, "overshoot_cost": 52.4574542224653, "power_cost": 31.7373482421875, "noise_cost": 28.404014571321223, "n_waypoints_completed": 7, "tot_waypoints": 9}}
{"target": -1049.380106987406, "params": {"k_pid_pos": [0.458260435388795, 0.39731409833328835, 0.529246608015013], "k_pid_alt": [0.7047261279703996, 0.8280928885444694, 0.35207594244535534], "k_pid_att": [28.00198286036043, 3.4842637556885707, 0.23770038224095846], "k_pid_yaw": [0.5, 1e-06, 0.1], "k_pid_hsp": [4.956584479430095, 0.8326711851056482, 0.18282768956041673], "k_pid_vsp": [231.7106524232805, 16.2127008478025, 48.03398769032881]}, "datetime": {"datetime": "2025-08-11 20:16:47", "elapsed": 13887.14206647873, "delta": 31.538626670837402}, "costs": {"total_cost": 1049.380106987406, "time_cost": 150, "final_distance_cost": 74.7889019616639, "oscillation_cost": 483.47729979298344, "completition_cost": 222.2222222222222, "overshoot_cost": 57.21622316122395, "power_cost": 32.337653063964844, "noise_cost": 29.337806785347635, "n_waypoints_completed": 7, "tot_waypoints": 9}}
{"target": -372.8784432523292, "params": {"k_pid_pos": [2.0, 0.4695186876486962, 0.5907385472433965], "k_pid_alt": [1.2806145674118135, 0.6033592329869393, 0.5606008152596287], "k_pid_att": [6.078293094881325, 4.51638191480089, 0.8413382599712449], "k_pid_yaw": [0.5, 1e-06, 0.1], "k_pid_hsp": [3.1949646647796257, 0.555956776915385, 0.4035970801147292], "k_pid_vsp": [313.88282369500155, 395.00274092495596, 245.08648389004088]}, "datetime": {"datetime": "2025-08-11 20:17:14", "elapsed": 13914.016496896744, "delta": 26.874430418014526}, "costs": {"total_cost": 372.8784432523292, "time_cost": 98.917, "final_distance_cost": 1.8250310606829132, "oscillation_cost": 161.02651826898455, "completition_cost": 0.0, "overshoot_cost": 57.54880171105684, "power_cost": 29.08328680419922, "noise_cost": 24.477805407405715, "n_waypoints_completed": 9, "tot_waypoints": 9}}
{"target": -364.6777251343443, "params": {"k_pid_pos": [1.3204730680174805, 0.36957032774188514, 0.2729932717229573], "k_pid_alt": [0.5748279852662826, 0.3844344324257228, 0.826953717418037], "k_pid_att": [7.032129674561874, 5.176514180413263, 0.5743114252013591], "k_pid_yaw": [0.5, 1e-06, 0.1], "k_pid_hsp": [7.805186505233604, 0.7581632654875271, 0.8016934889044652], "k_pid_vsp": [189.3199288861622, 324.48909190847723, 16.46044963253952]}, "datetime": {"datetime": "2025-08-11 20:17:39", "elapsed": 13939.046503782272, "delta": 25.030006885528564}, "costs": {"total_cost": 364.6777251343443, "time_cost": 93.33800000000001, "final_distance_cost": 1.728471763822146, "oscillation_cost": 166.4397448025325, "completition_cost": 0.0, "overshoot_cost": 54.77627629617817, "power_cost": 25.04401473388672, "noise_cost": 23.351217537924786, "n_waypoints_completed": 9, "tot_waypoints": 9}}
{"target": -496.11903449464944, "params": {"k_pid_pos": [1.3064028814529158, 0.3252684430319839, 0.5656054955003927], "k_pid_alt": [1.7726928205476014, 0.5233143795687494, 0.11076121803105743], "k_pid_att": [42.97201970499188, 8.692732728518754, 0.9830815535495373], "k_pid_yaw": [0.5, 1e-06, 0.1], "k_pid_hsp": [6.841913165421479, 0.9433262657060798, 0.5693369059855821], "k_pid_vsp": [229.70619826796533, 26.091619321051713, 36.66969833047216]}, "datetime": {"datetime": "2025-08-11 20:18:06", "elapsed": 13965.399782180786, "delta": 26.353278398513794}, "costs": {"total_cost": 496.11903449464944, "time_cost": 102.235, "final_distance_cost": 1.7580641405637518, "oscillation_cost": 281.96071101887975, "completition_cost": 0.0, "overshoot_cost": 55.447629738152564, "power_cost": 29.344642053222657, "noise_cost": 25.37298754383073, "n_waypoints_completed": 9, "tot_waypoints": 9}}
{"target": -493.77531842480147, "params": {"k_pid_pos": [2.0, 0.0, 0.0], "k_pid_alt": [2.0, 0.12967834057455802, 0.26717866482182545], "k_pid_att": [39.66344273552093, 10.0, 1.0], "k_pid_yaw": [0.5, 1e-06, 0.1], "k_pid_hsp": [0.9971373399583425, 0.773679814065455, 0.0], "k_pid_vsp": [119.09118973299297, 143.18050374741756, 15.756108248090547]}, "datetime": {"datetime": "2025-08-11 20:18:37", "elapsed": 13996.75557923317, "delta": 31.355797052383423}, "costs": {"total_cost": 493.77531842480147, "time_cost": 150, "final_distance_cost": 25.505016011679196, "oscillation_cost": 90.12477810806145, "completition_cost": 111.11111111111116, "overshoot_cost": 53.61143135240535, "power_cost": 33.09836954345703, "noise_cost": 30.32461229808727, "n_waypoints_completed": 8, "tot_waypoints": 9}}
{"target": -617.2151782097377, "params": {"k_pid_pos": [0.8788994144092787, 0.11215017908961898, 0.8057703752841627], "k_pid_alt": [1.7077049166393796, 0.5877155378442899, 0.6301337573602266], "k_pid_att": [55.47752443275932, 5.365360688551344, 0.10610740779379119], "k_pid_yaw": [0.5, 1e-06, 0.1], "k_pid_hsp": [6.603850737650398, 0.5330350616131148, 0.3193222594696189], "k_pid_vsp": [121.73546057215498, 144.51293742827937, 119.19999227592669]}, "datetime": {"datetime": "2025-08-11 20:19:00", "elapsed": 14019.489507436752, "delta": 22.733928203582764}, "costs": {"total_cost": 617.2151782097377, "time_cost": 86.884, "final_distance_cost": 1.797801013924955, "oscillation_cost": 426.44846043736607, "completition_cost": 0.0, "overshoot_cost": 55.00060370810738, "power_cost": 25.422285681152346, "noise_cost": 21.662027369186823, "n_waypoints_completed": 9, "tot_waypoints": 9}}
{"target": -349.7709377559735, "params": {"k_pid_pos": [0.8015344075708857, 0.1147235021095255, 0.0985249229927006], "k_pid_alt": [1.3798961035319068, 0.5717840658202761, 0.4649902280418401], "k_pid_att": [10.886375933910019, 9.518628085504739, 0.5562184668330102], "k_pid_yaw": [0.5, 1e-06, 0.1], "k_pid_hsp": [0.6564168844710658, 0.596197117579689, 0.09264317070932357], "k_pid_vsp": [343.2759292832699, 344.51773640744926, 355.1212042918637]}, "datetime": {"datetime": "2025-08-11 20:19:24", "elapsed": 14043.758265256882, "delta": 24.268757820129395}, "costs": {"total_cost": 349.7709377559735, "time_cost": 91.84700000000001, "final_distance_cost": 1.7713741812392356, "oscillation_cost": 149.62674805803204, "completition_cost": 0.0, "overshoot_cost": 58.05528251236709, "power_cost": 25.063996728515626, "noise_cost": 23.40653627581947, "n_waypoints_completed": 9, "tot_waypoints": 9}}
{"target": -758.2076044904051, "params": {"k_pid_pos": [0.8041609677637843, 0.9975154765413614, 0.6009679035517128], "k_pid_alt": [1.6219856075300336, 0.3432551841410666, 0.8090562161259741], "k_pid_att": [51.07448982401467, 0.5278478638974229, 0.9426754799375177], "k_pid_yaw": [0.5, 1e-06, 0.1], "k_pid_hsp": [7.605944499707783, 0.202863623933922, 0.5752980260906215], "k_pid_vsp": [202.3897755373079, 239.345044906463, 127.24151391515791]}, "datetime": {"datetime": "2025-08-11 20:19:54", "elapsed": 14074.313353300095, "delta": 30.55508804321289}, "costs": {"total_cost": 758.2076044904051, "time_cost": 150, "final_distance_cost": 60.10696755294776, "oscillation_cost": 323.14389375656367, "completition_cost": 111.11111111111116, "overshoot_cost": 51.2834111204977, "power_cost": 34.5080433959961, "noise_cost": 28.05417755328859, "n_waypoints_completed": 8, "tot_waypoints": 9}}
{"target": -584.6189305952488, "params": {"k_pid_pos": [1.4484672952574513, 0.7739659330514174, 0.6484278027298983], "k_pid_alt": [1.8787591205529888, 0.846800707567232, 0.5129716694575848], "k_pid_att": [41.792453355310265, 4.3527521288628614, 0.003405396654283188], "k_pid_yaw": [0.5, 1e-06, 0.1], "k_pid_hsp": [9.300589220349009, 0.49394213576551593, 0.4935736646159594], "k_pid_vsp": [242.0654355094777, 23.202131524033668, 44.107773526230176]}, "datetime": {"datetime": "2025-08-11 20:20:20", "elapsed": 14100.22309088707, "delta": 25.909737586975098}, "costs": {"total_cost": 584.6189305952488, "time_cost": 97.895, "final_distance_cost": 1.7451220183208511, "oscillation_cost": 375.9459157706537, "completition_cost": 0.0, "overshoot_cost": 55.13305856883153, "power_cost": 28.627839477539062, "noise_cost": 25.27199475990373, "n_waypoints_completed": 9, "tot_waypoints": 9}}
{"target": -490.3534719898417, "params": {"k_pid_pos": [1.6319770100313387, 0.5665601091607261, 0.977660987968196], "k_pid_alt": [1.6561241916250944, 0.1846451001903705, 0.8592957770468219], "k_pid_att": [6.597170594235358, 0.7870756076853072, 0.15373708093185623], "k_pid_yaw": [0.5, 1e-06, 0.1], "k_pid_hsp": [7.228452638898203, 0.5875344018226482, 0.31164151961513453], "k_pid_vsp": [315.8000716955329, 398.12166375334164, 244.66113944336166]}, "datetime": {"datetime": "2025-08-11 20:20:46", "elapsed": 14126.29140663147, "delta": 26.068315744400024}, "costs": {"total_cost": 490.3534719898417, "time_cost": 100.394, "final_distance_cost": 1.7584283162487926, "oscillation_cost": 280.2516309131537, "completition_cost": 0.0, "overshoot_cost": 57.45893636095758, "power_cost": 26.528417431640626, "noise_cost": 23.96205896784103, "n_waypoints_completed": 9, "tot_waypoints": 9}}
{"target": -749.2998479494587, "params": {"k_pid_pos": [0.7237020283527932, 0.4545330914037501, 0.5906301930784172], "k_pid_alt": [1.7747681542481717, 0.35508519742103806, 0.2296726402361856], "k_pid_att": [40.320121080586766, 4.22054931025747, 0.03764425590660303], "k_pid_yaw": [0.5, 1e-06, 0.1], "k_pid_hsp": [9.562133867927047, 0.2435016991976502, 0.0721438362550707], "k_pid_vsp": [236.690441797265, 14.413224070543365, 38.34373633814162]}, "datetime": {"datetime": "2025-08-11 20:21:17", "elapsed": 14157.085283756256, "delta": 30.793877124786377}, "costs": {"total_cost": 749.2998479494587, "time_cost": 111.489, "final_distance_cost": 1.7554380873227793, "oscillation_cost": 521.990431100723, "completition_cost": 0.0, "overshoot_cost": 55.358072860266546, "power_cost": 31.504288110351563, "noise_cost": 27.20261779079479, "n_waypoints_completed": 9, "tot_waypoints": 9}}
{"target": -526.0754522893575, "params": {"k_pid_pos": [1.0914646999978421, 0.132396493694106, 0.2014102104941377], "k_pid_alt": [1.2955456009332338, 0.3531494555103137, 0.5826040496912193], "k_pid_att": [46.08481647586346, 3.5700117633864044, 0.5519918433497782], "k_pid_yaw": [0.5, 1e-06, 0.1], "k_pid_hsp": [8.433879642710385, 0.49299312862839945, 0.8394303788716942], "k_pid_vsp": [122.77489033255175, 100.25395084126498, 58.98606725734144]}, "datetime": {"datetime": "2025-08-11 20:21:42", "elapsed": 14181.79752421379, "delta": 24.71224045753479}, "costs": {"total_cost": 526.0754522893575, "time_cost": 90.31400000000001, "final_distance_cost": 1.7968061257203336, "oscillation_cost": 333.7394786440241, "completition_cost": 0.0, "overshoot_cost": 52.513817309962725, "power_cost": 25.669529724121094, "noise_cost": 22.041820485529193, "n_waypoints_completed": 9, "tot_waypoints": 9}}
{"target": -631.4626024240156, "params": {"k_pid_pos": [1.4576454016365223, 0.21814534763758686, 0.49023911095221506], "k_pid_alt": [1.0770063130018437, 0.5333584291069761, 0.47933418366662683], "k_pid_att": [1.5971114169103684, 2.6680622909264096, 0.5304721922041232], "k_pid_yaw": [0.5, 1e-06, 0.1], "k_pid_hsp": [1.8050230431696173, 0.49516028497315456, 0.25554714630253084], "k_pid_vsp": [310.78818259161034, 393.64470172711054, 250.8735133864699]}, "datetime": {"datetime": "2025-08-11 20:22:14", "elapsed": 14214.139744281769, "delta": 32.342220067977905}, "costs": {"total_cost": 631.4626024240156, "time_cost": 150, "final_distance_cost": 25.684223873354753, "oscillation_cost": 200.31048182108623, "completition_cost": 111.11111111111116, "overshoot_cost": 79.65414781952876, "power_cost": 34.35353265380859, "noise_cost": 30.349105145126202, "n_waypoints_completed": 8, "tot_waypoints": 9}}
{"target": -565.0401214292788, "params": {"k_pid_pos": [1.7315812650214872, 0.7661002426957474, 0.9901128720200262], "k_pid_alt": [0.8552302362327506, 0.020800522908713703, 0.986141974356089], "k_pid_att": [51.71660819346512, 3.0869403833090834, 0.3147227222414044], "k_pid_yaw": [0.5, 1e-06, 0.1], "k_pid_hsp": [7.476469543406759, 0.19304619581925409, 0.49928087690615064], "k_pid_vsp": [205.73157029685808, 221.29764178680136, 124.20657940922696]}, "datetime": {"datetime": "2025-08-11 20:22:39", "elapsed": 14238.994699001312, "delta": 24.854954719543457}, "costs": {"total_cost": 565.0401214292788, "time_cost": 92.092, "final_distance_cost": 1.8392219585028726, "oscillation_cost": 364.6020631692563, "completition_cost": 0.0, "overshoot_cost": 54.492598068933425, "power_cost": 27.76110104980469, "noise_cost": 24.253137182781472, "n_waypoints_completed": 9, "tot_waypoints": 9}}
{"target": -458.669657828287, "params": {"k_pid_pos": [1.2051345817502752, 0.6934740751520705, 0.8993999893140944], "k_pid_alt": [1.3288149556488495, 0.5750382308065008, 0.07155137948763712], "k_pid_att": [26.007539606195664, 3.0214672936581284, 0.1504628602960032], "k_pid_yaw": [0.5, 1e-06, 0.1], "k_pid_hsp": [2.6186571222170207, 0.9599617977082465, 0.03583640101205221], "k_pid_vsp": [229.3343483772392, 22.428550520349823, 35.347560785114645]}, "datetime": {"datetime": "2025-08-11 20:23:02", "elapsed": 14262.2559466362, "delta": 23.261247634887695}, "costs": {"total_cost": 458.669657828287, "time_cost": 87.584, "final_distance_cost": 1.799224868691215, "oscillation_cost": 270.13784153851424, "completition_cost": 0.0, "overshoot_cost": 52.72625897109282, "power_cost": 24.27819655761719, "noise_cost": 22.144135892371494, "n_waypoints_completed": 9, "tot_waypoints": 9}}
{"target": -570.864744868176, "params": {"k_pid_pos": [0.9863402472981594, 0.8179738107768035, 0.2605480540311633], "k_pid_alt": [0.32084975660361326, 0.2788600107126338, 0.3429207146865052], "k_pid_att": [4.189201937066677, 4.197972203426093, 0.4342341261051469], "k_pid_yaw": [0.5, 1e-06, 0.1], "k_pid_hsp": [8.07205096056186, 0.16030771627016982, 0.29262398065208384], "k_pid_vsp": [317.8616279464716, 398.33356412015763, 247.81579768316053]}, "datetime": {"datetime": "2025-08-11 20:23:34", "elapsed": 14293.897070646286, "delta": 31.64112401008606}, "costs": {"total_cost": 570.864744868176, "time_cost": 150, "final_distance_cost": 47.360155433857464, "oscillation_cost": 129.64050533662842, "completition_cost": 111.11111111111116, "overshoot_cost": 74.33760063281086, "power_cost": 29.54062097167969, "noise_cost": 28.874751382088462, "n_waypoints_completed": 8, "tot_waypoints": 9}}
