{"target": -1297.644663628456, "params": {"k_pid_pos": [0.3096402543772338, 0.3568999072379141, 0.874311180430454], "k_pid_alt": [1.3052747458262173, 0.26770755256814927, 0.7441887501383536], "k_pid_att": [42.130070850274095, 2.2334094893628262, 0.023349790262033876], "k_pid_yaw": [0.5, 1e-06, 0.1], "k_pid_hsp": [4.968813696424509, 0.2689754813795273, 0.9306135191110236], "k_pid_vsp": [119.93514413368942, 106.88964148445416, 49.56629938803625]}, "datetime": {"datetime": "2025-08-12 01:32:05", "elapsed": 32805.27536344528, "delta": 34.51273822784424}, "costs": {"total_cost": 1297.644663628456, "time_cost": 150, "final_distance_cost": 74.86457530290554, "oscillation_cost": 627.5123191472571, "completition_cost": 333.33333333333337, "overshoot_cost": 50.292852751456856, "power_cost": 33.6062474975586, "noise_cost": 28.035335595944655, "n_waypoints_completed": 6, "tot_waypoints": 9}}
{"target": -573.554185593559, "params": {"k_pid_pos": [2.0, 0.0, 0.0], "k_pid_alt": [2.0, 0.0, 0.0], "k_pid_att": [74.27626163829267, 8.08557469649343, 1.0], "k_pid_yaw": [0.5, 1e-06, 0.1], "k_pid_hsp": [10.0, 1.0, 1.0], "k_pid_vsp": [260.63868741593905, 204.52834140793797, 369.97980711933496]}, "datetime": {"datetime": "2025-08-12 01:32:36", "elapsed": 32835.7433385849, "delta": 30.46797513961792}, "costs": {"total_cost": 573.554185593559, "time_cost": 102.522, "final_distance_cost": 1.8088659475246627, "oscillation_cost": 337.33925551340155, "completition_cost": 0.0, "overshoot_cost": 73.12118363309607, "power_cost": 30.664214453125002, "noise_cost": 28.09866604641173, "n_waypoints_completed": 9, "tot_waypoints": 9}}
{"target": -443.24031443779774, "params": {"k_pid_pos": [1.2961997616104906, 0.17255090197340117, 0.37937181839637735], "k_pid_alt": [0.26682996273219994, 0.83807545435766, 0.5553246919218024], "k_pid_att": [8.440512919344666, 2.069927991632621, 0.20252349498988786], "k_pid_yaw": [0.5, 1e-06, 0.1], "k_pid_hsp": [9.44520224661466, 0.27677486714308575, 0.20037278891855892], "k_pid_vsp": [273.9323124036304, 365.70061668484993, 30.705273682447885]}, "datetime": {"datetime": "2025-08-12 01:33:05", "elapsed": 32864.71642255783, "delta": 28.973083972930908}, "costs": {"total_cost": 443.24031443779774, "time_cost": 99.176, "final_distance_cost": 1.761883491301429, "oscillation_cost": 230.10488307873834, "completition_cost": 0.0, "overshoot_cost": 61.3928646073163, "power_cost": 26.486107653808595, "noise_cost": 24.31857560663309, "n_waypoints_completed": 9, "tot_waypoints": 9}}
{"target": -430.28801376698067, "params": {"k_pid_pos": [1.7550792137258653, 0.7925024353723777, 0.46119163335146396], "k_pid_alt": [1.9786125675296342, 0.9271387871071478, 0.9389397819704093], "k_pid_att": [50.004235144492114, 6.883608273973139, 0.966912719086065], "k_pid_yaw": [0.5, 1e-06, 0.1], "k_pid_hsp": [2.285690961734725, 0.27602711374541633, 0.5382441203331341], "k_pid_vsp": [122.17755042050706, 103.09586555085656, 52.23041439268706]}, "datetime": {"datetime": "2025-08-12 01:33:36", "elapsed": 32895.38241672516, "delta": 30.66599416732788}, "costs": {"total_cost": 430.28801376698067, "time_cost": 103.971, "final_distance_cost": 1.7528757533143762, "oscillation_cost": 200.47176425297982, "completition_cost": 0.0, "overshoot_cost": 65.09558434427161, "power_cost": 31.191817700195315, "noise_cost": 27.804971716219562, "n_waypoints_completed": 9, "tot_waypoints": 9}}
{"target": -596.2499789515658, "params": {"k_pid_pos": [1.9602969358438367, 0.5848856680234731, 0.830686610711505], "k_pid_alt": [1.9411053638313247, 0.44943738270370404, 0.9801113252662338], "k_pid_att": [89.04855781167578, 6.6199857697703965, 0.39421326587725936], "k_pid_yaw": [0.5, 1e-06, 0.1], "k_pid_hsp": [4.070025658550522, 0.7814510164900188, 0.4222196423672788], "k_pid_vsp": [164.86131868381287, 121.68493807075001, 10.4502170852098]}, "datetime": {"datetime": "2025-08-12 01:34:09", "elapsed": 32928.95900511742, "delta": 33.57658839225769}, "costs": {"total_cost": 596.2499789515658, "time_cost": 95.011, "final_distance_cost": 1.7680114323006821, "oscillation_cost": 393.12660174860736, "completition_cost": 0.0, "overshoot_cost": 55.02328287521118, "power_cost": 26.10578045654297, "noise_cost": 25.21530243890351, "n_waypoints_completed": 9, "tot_waypoints": 9}}
{"target": -857.7517703838238, "params": {"k_pid_pos": [1.5780213724173344, 0.6391407142861857, 0.6943001418204784], "k_pid_alt": [0.48239258318297257, 0.11852929356698289, 0.18152276814670526], "k_pid_att": [32.79291734691305, 2.326291318368634, 0.6937525391446948], "k_pid_yaw": [0.5, 1e-06, 0.1], "k_pid_hsp": [4.9099047358467605, 0.2724702859861313, 0.6936251576642525], "k_pid_vsp": [333.8879811361738, 287.6662550137015, 236.3063226836588]}, "datetime": {"datetime": "2025-08-12 01:34:48", "elapsed": 32968.06755757332, "delta": 39.1085524559021}, "costs": {"total_cost": 857.7517703838238, "time_cost": 150, "final_distance_cost": 29.55158697723054, "oscillation_cost": 442.89439173839475, "completition_cost": 111.11111111111116, "overshoot_cost": 62.215157789857805, "power_cost": 33.9652375, "noise_cost": 28.014285267229372, "n_waypoints_completed": 8, "tot_waypoints": 9}}
{"target": -354.83935702513725, "params": {"k_pid_pos": [1.1481922026845874, 0.8051511706618802, 0.025596638577233266], "k_pid_alt": [0.7807435984696183, 0.007369352976405952, 0.8116299021845466], "k_pid_att": [8.025179913605118, 0.2338672111860473, 0.8529277251484441], "k_pid_yaw": [0.5, 1e-06, 0.1], "k_pid_hsp": [3.2372528324858214, 0.04093657243047599, 0.21915803317558424], "k_pid_vsp": [70.6518586754524, 344.6751539611657, 144.29875238643592]}, "datetime": {"datetime": "2025-08-12 01:35:30", "elapsed": 33010.098736763, "delta": 42.03117918968201}, "costs": {"total_cost": 354.83935702513725, "time_cost": 111.31400000000001, "final_distance_cost": 1.7565907196051858, "oscillation_cost": 99.18614732405142, "completition_cost": 0.0, "overshoot_cost": 79.95677345836977, "power_cost": 32.287244714355474, "noise_cost": 30.338600808755345, "n_waypoints_completed": 9, "tot_waypoints": 9}}
{"target": -1550.9527164474089, "params": {"k_pid_pos": [0.18550542765343458, 0.06796864223948806, 0.9020188232358856], "k_pid_alt": [0.7935652922769996, 0.2979636336948561, 0.3881368119912395], "k_pid_att": [62.66650032407652, 1.2370298595604772, 0.2895293479637536], "k_pid_yaw": [0.5, 1e-06, 0.1], "k_pid_hsp": [6.9418395884463555, 0.4645237315055898, 0.07450771796267497], "k_pid_vsp": [395.36234293703154, 110.25275998428394, 97.65742911095299]}, "datetime": {"datetime": "2025-08-12 01:36:12", "elapsed": 33051.799409627914, "delta": 41.70067286491394}, "costs": {"total_cost": 1550.9527164474089, "time_cost": 150, "final_distance_cost": 48.82314981802355, "oscillation_cost": 782.777870358504, "completition_cost": 444.4444444444444, "overshoot_cost": 62.13856569152885, "power_cost": 34.57546462402344, "noise_cost": 28.193221510884705, "n_waypoints_completed": 5, "tot_waypoints": 9}}
{"target": -589.0577253770828, "params": {"k_pid_pos": [0.8037300062564847, 0.4699478113467995, 0.6276079622948051], "k_pid_alt": [1.069267989924382, 0.84123025600652, 0.9552956837933587], "k_pid_att": [20.942513010662456, 6.015392604604317, 0.6541707501196827], "k_pid_yaw": [0.5, 1e-06, 0.1], "k_pid_hsp": [7.099297424066921, 0.6251787897768473, 0.6065498459676483], "k_pid_vsp": [76.94529496819995, 215.29015637448785, 46.55055656861457]}, "datetime": {"datetime": "2025-08-12 01:36:46", "elapsed": 33085.647087812424, "delta": 33.84767818450928}, "costs": {"total_cost": 589.0577253770828, "time_cost": 113.008, "final_distance_cost": 1.753564301477569, "oscillation_cost": 353.86464687565615, "completition_cost": 0.0, "overshoot_cost": 60.62011424850767, "power_cost": 30.512923986816407, "noise_cost": 29.29847596462488, "n_waypoints_completed": 9, "tot_waypoints": 9}}
{"target": -377.43286493980213, "params": {"k_pid_pos": [1.0353682280105487, 0.009903412934454625, 0.19278101105940249], "k_pid_alt": [1.7441364639457595, 0.8571935896697153, 0.8491154977287693], "k_pid_att": [17.357774639630286, 4.471584164567931, 0.6081463700148066], "k_pid_yaw": [0.5, 1e-06, 0.1], "k_pid_hsp": [7.046771259059736, 0.7483356969570125, 0.9343702201484023], "k_pid_vsp": [80.02623696157052, 218.38780920077073, 42.65277465456762]}, "datetime": {"datetime": "2025-08-12 01:37:11", "elapsed": 33110.447538137436, "delta": 24.800450325012207}, "costs": {"total_cost": 377.43286493980213, "time_cost": 79.849, "final_distance_cost": 1.801927938916092, "oscillation_cost": 203.2236733825612, "completition_cost": 0.0, "overshoot_cost": 52.015561743582296, "power_cost": 21.234604980468752, "noise_cost": 19.308096894273795, "n_waypoints_completed": 9, "tot_waypoints": 9}}
{"target": -418.58451452827626, "params": {"k_pid_pos": [2.0, 0.0, 0.8462612193863769], "k_pid_alt": [1.4451775966213856, 1.0, 1.0], "k_pid_att": [54.1570683158272, 2.7671389240760114, 1.0], "k_pid_yaw": [0.5, 1e-06, 0.1], "k_pid_hsp": [7.557801913778406, 0.8665304754719237, 0.39006293718653584], "k_pid_vsp": [218.80742855548624, 103.26928349675921, 37.29169858682482]}, "datetime": {"datetime": "2025-08-12 01:37:38", "elapsed": 33138.083013772964, "delta": 27.635475635528564}, "costs": {"total_cost": 418.58451452827626, "time_cost": 86.933, "final_distance_cost": 1.7985487822353499, "oscillation_cost": 226.99203436626073, "completition_cost": 0.0, "overshoot_cost": 56.3077281132007, "power_cost": 25.237680578613283, "noise_cost": 21.3155226879662, "n_waypoints_completed": 9, "tot_waypoints": 9}}
{"target": -475.0413549216046, "params": {"k_pid_pos": [2.0, 1.0, 0.0], "k_pid_alt": [2.0, 0.0, 0.0], "k_pid_att": [30.84900379685568, 7.612906787017405, 0.38086079185866684], "k_pid_yaw": [0.5, 1e-06, 0.1], "k_pid_hsp": [5.2537825163246366, 0.0, 1.0], "k_pid_vsp": [194.0817852760758, 317.33362298755395, 239.9451846353267]}, "datetime": {"datetime": "2025-08-12 01:38:16", "elapsed": 33175.66748166084, "delta": 37.58446788787842}, "costs": {"total_cost": 475.0413549216046, "time_cost": 114.772, "final_distance_cost": 1.7647529131670723, "oscillation_cost": 205.68143909362635, "completition_cost": 0.0, "overshoot_cost": 86.32113954711791, "power_cost": 34.723468957519536, "noise_cost": 31.77855441017374, "n_waypoints_completed": 9, "tot_waypoints": 9}}
{"target": -480.9670515810416, "params": {"k_pid_pos": [1.7255817973011072, 0.15354527157139952, 0.0036979224004766165], "k_pid_alt": [0.9139064201921843, 0.6603114536080072, 0.7818468589005293], "k_pid_att": [44.313122736740254, 9.28053454041714, 0.45363618725261834], "k_pid_yaw": [0.5, 1e-06, 0.1], "k_pid_hsp": [2.2136246526621552, 0.13668285609866615, 0.4080477130921296], "k_pid_vsp": [118.04503153043564, 108.28161210320772, 57.9277414814488]}, "datetime": {"datetime": "2025-08-12 01:38:47", "elapsed": 33207.17785549164, "delta": 31.510373830795288}, "costs": {"total_cost": 480.9670515810416, "time_cost": 102.44500000000001, "final_distance_cost": 1.781375503431649, "oscillation_cost": 256.44649033341807, "completition_cost": 0.0, "overshoot_cost": 62.039353131540096, "power_cost": 31.46700994873047, "noise_cost": 26.78782266392122, "n_waypoints_completed": 9, "tot_waypoints": 9}}
{"target": -401.7892809768009, "params": {"k_pid_pos": [1.5880367405266205, 0.13335082389776576, 0.23444963648587458], "k_pid_alt": [1.8275623775716774, 0.9148320530876256, 0.6509945729299246], "k_pid_att": [35.43010988519969, 3.33303362546223, 0.058050007086981714], "k_pid_yaw": [0.5, 1e-06, 0.1], "k_pid_hsp": [7.581231253033453, 0.3998460794491103, 0.0024095092827906006], "k_pid_vsp": [272.2896618506547, 303.8475719198321, 79.27911034417315]}, "datetime": {"datetime": "2025-08-12 01:39:13", "elapsed": 33232.718140125275, "delta": 25.540284633636475}, "costs": {"total_cost": 401.7892809768009, "time_cost": 81.893, "final_distance_cost": 1.7950426926716692, "oscillation_cost": 221.80022560395247, "completition_cost": 0.0, "overshoot_cost": 52.897296299288065, "power_cost": 23.083039770507813, "noise_cost": 20.320676610380872, "n_waypoints_completed": 9, "tot_waypoints": 9}}
{"target": -517.7894799331668, "params": {"k_pid_pos": [1.7266492999288099, 0.9525134755613238, 0.861678452095644], "k_pid_alt": [0.3460893661414828, 0.04201768424293151, 0.2723726801982057], "k_pid_att": [47.401688443662394, 7.142412076120139, 0.7018553501781553], "k_pid_yaw": [0.5, 1e-06, 0.1], "k_pid_hsp": [4.051746365966761, 0.2672982150449442, 0.22412649958850217], "k_pid_vsp": [119.72062078743603, 107.38714231211273, 60.85360958991199]}, "datetime": {"datetime": "2025-08-12 01:39:43", "elapsed": 33263.252346515656, "delta": 30.53420639038086}, "costs": {"total_cost": 517.7894799331668, "time_cost": 102.82300000000001, "final_distance_cost": 1.747987945203873, "oscillation_cost": 303.64042339967756, "completition_cost": 0.0, "overshoot_cost": 54.42246897291448, "power_cost": 30.13317702636719, "noise_cost": 25.022422589003696, "n_waypoints_completed": 9, "tot_waypoints": 9}}
{"target": -400.389775491217, "params": {"k_pid_pos": [1.7456669130213545, 0.24512600184782607, 0.8143189237334884], "k_pid_alt": [1.8462228852846556, 0.8848070497336776, 0.12480434751617575], "k_pid_att": [55.57416602324824, 1.0096051979110654, 0.9599602668124121], "k_pid_yaw": [0.5, 1e-06, 0.1], "k_pid_hsp": [8.353539036475228, 0.1741120448334199, 0.037197738792347224], "k_pid_vsp": [195.99837669368435, 303.5101884191844, 142.76205668728554]}, "datetime": {"datetime": "2025-08-12 01:40:10", "elapsed": 33289.76872801781, "delta": 26.51638150215149}, "costs": {"total_cost": 400.389775491217, "time_cost": 86.653, "final_distance_cost": 1.7883836869850736, "oscillation_cost": 210.14076126398905, "completition_cost": 0.0, "overshoot_cost": 57.07466616393468, "power_cost": 23.75225958251953, "noise_cost": 20.980704793788668, "n_waypoints_completed": 9, "tot_waypoints": 9}}
{"target": -512.9766444195017, "params": {"k_pid_pos": [1.7235400406628452, 0.15263233035817803, 0.17485317254652577], "k_pid_alt": [1.3322351289071115, 0.427380874578717, 0.31787420956111667], "k_pid_att": [89.66679995456337, 8.938742646192049, 0.3917362450977121], "k_pid_yaw": [0.5, 1e-06, 0.1], "k_pid_hsp": [4.89297138900581, 0.45877503090601623, 0.8800727286790652], "k_pid_vsp": [167.17358630770042, 123.77684414588656, 19.076106519392816]}, "datetime": {"datetime": "2025-08-12 01:40:40", "elapsed": 33319.46203184128, "delta": 29.69330382347107}, "costs": {"total_cost": 512.9766444195017, "time_cost": 101.388, "final_distance_cost": 1.7829469815173729, "oscillation_cost": 294.0902578037246, "completition_cost": 0.0, "overshoot_cost": 59.733140323627126, "power_cost": 30.04980964355469, "noise_cost": 25.932489667077892, "n_waypoints_completed": 9, "tot_waypoints": 9}}
{"target": -1288.4799859307, "params": {"k_pid_pos": [0.13743513348326697, 0.29986495507158606, 0.28101095941314114], "k_pid_alt": [1.7880721380726499, 0.2585718179606611, 0.18151854207649942], "k_pid_att": [17.28303178630164, 7.5745796790685365, 0.8099237277079239], "k_pid_yaw": [0.5, 1e-06, 0.1], "k_pid_hsp": [8.254408018963785, 0.783304261435847, 0.8066791843776734], "k_pid_vsp": [73.52711077783125, 213.39694298403737, 43.857776202770886]}, "datetime": {"datetime": "2025-08-12 01:41:15", "elapsed": 33354.44892668724, "delta": 34.986894845962524}, "costs": {"total_cost": 1288.4799859307, "time_cost": 150, "final_distance_cost": 53.559851808208464, "oscillation_cost": 316.8080268974207, "completition_cost": 666.6666666666667, "overshoot_cost": 43.71247217154209, "power_cost": 30.23154743652344, "noise_cost": 27.501420950338474, "n_waypoints_completed": 3, "tot_waypoints": 9}}
{"target": -1074.2991885742474, "params": {"k_pid_pos": [0.9637278617888171, 0.6621631265700836, 0.9991276723371746], "k_pid_alt": [0.11410198599467081, 0.6977234958225359, 0.2172507451781951], "k_pid_att": [22.753058860839847, 4.088595914425062, 0.9269490600163257], "k_pid_yaw": [0.5, 1e-06, 0.1], "k_pid_hsp": [6.458472227686264, 0.8332329014461158, 0.9516167617430298], "k_pid_vsp": [81.02532394469412, 210.95189497174778, 39.23875747067063]}, "datetime": {"datetime": "2025-08-12 01:41:51", "elapsed": 33391.31146669388, "delta": 36.86254000663757}, "costs": {"total_cost": 1074.2991885742474, "time_cost": 150, "final_distance_cost": 67.59054166707323, "oscillation_cost": 403.57935014532336, "completition_cost": 333.33333333333337, "overshoot_cost": 58.04677381424829, "power_cost": 31.949868103027345, "noise_cost": 29.799321511241946, "n_waypoints_completed": 6, "tot_waypoints": 9}}
{"target": -273.37179359644665, "params": {"k_pid_pos": [1.374327898256382, 0.8477125131817111, 0.8246483062923353], "k_pid_alt": [2.0, 0.0, 0.675746174904313], "k_pid_att": [32.216649320533456, 0.0001, 0.42810480558344055], "k_pid_yaw": [0.5, 1e-06, 0.1], "k_pid_hsp": [9.639283176902518, 1.0, 0.0], "k_pid_vsp": [229.51321882336143, 23.655996609598805, 39.78340613639813]}, "datetime": {"datetime": "2025-08-12 01:42:17", "elapsed": 33417.318007707596, "delta": 26.00654101371765}, "costs": {"total_cost": 273.37179359644665, "time_cost": 77.854, "final_distance_cost": 1.7842798163102949, "oscillation_cost": 102.142137299565, "completition_cost": 0.0, "overshoot_cost": 51.40999421781696, "power_cost": 21.04260399169922, "noise_cost": 19.138778271055177, "n_waypoints_completed": 9, "tot_waypoints": 9}}
{"target": -458.23032872483657, "params": {"k_pid_pos": [1.4870530907341364, 0.38125226852062744, 0.9406823417477375], "k_pid_alt": [1.7319846481784156, 0.5679005685508249, 0.47234994501806893], "k_pid_att": [37.05402341607312, 3.437381651586227, 0.49292807689754625], "k_pid_yaw": [0.5, 1e-06, 0.1], "k_pid_hsp": [5.462730060540928, 0.8487261977830163, 0.7936295055947282], "k_pid_vsp": [346.4129235354459, 274.1866495134606, 242.10928071073974]}, "datetime": {"datetime": "2025-08-12 01:42:44", "elapsed": 33443.99347090721, "delta": 26.67546319961548}, "costs": {"total_cost": 458.23032872483657, "time_cost": 85.10600000000001, "final_distance_cost": 1.7390963453269928, "oscillation_cost": 266.30957968222475, "completition_cost": 0.0, "overshoot_cost": 57.28430381615306, "power_cost": 26.027748754882815, "noise_cost": 21.763600126248917, "n_waypoints_completed": 9, "tot_waypoints": 9}}
{"target": -1017.7591040495411, "params": {"k_pid_pos": [0.9330916095589926, 0.3660112614576848, 0.7230140139190978], "k_pid_alt": [0.36220817290140994, 0.3321257189963318, 0.7623914773753884], "k_pid_att": [19.639481500282397, 8.073352406555342, 0.4902243453812285], "k_pid_yaw": [0.5, 1e-06, 0.1], "k_pid_hsp": [6.6257480401428435, 0.2318360763084819, 0.9933729703262258], "k_pid_vsp": [292.0879985483859, 349.80809003973917, 94.22435443149608]}, "datetime": {"datetime": "2025-08-12 01:43:19", "elapsed": 33478.889605760574, "delta": 34.89613485336304}, "costs": {"total_cost": 1017.7591040495411, "time_cost": 150, "final_distance_cost": 69.84945181746309, "oscillation_cost": 461.5886060694787, "completition_cost": 222.2222222222222, "overshoot_cost": 50.600994499261645, "power_cost": 32.850145605468754, "noise_cost": 30.64768383564655, "n_waypoints_completed": 7, "tot_waypoints": 9}}
{"target": -1679.0997811805662, "params": {"k_pid_pos": [0.06812054100874056, 0.09955414194187506, 0.42455971869432085], "k_pid_alt": [1.7556087801685967, 0.9993574382805708, 0.933554318131312], "k_pid_att": [90.68183464906097, 2.8426650548645536, 0.9689786454886514], "k_pid_yaw": [0.5, 1e-06, 0.1], "k_pid_hsp": [8.65060559684102, 0.6077276351746727, 0.9596013925676085], "k_pid_vsp": [162.99642172347575, 128.49459066995104, 17.892613015189948]}, "datetime": {"datetime": "2025-08-12 01:43:56", "elapsed": 33516.067875385284, "delta": 37.17826962471008}, "costs": {"total_cost": 1679.0997811805662, "time_cost": 150, "final_distance_cost": 54.79368744909948, "oscillation_cost": 670.1551542242014, "completition_cost": 666.6666666666667, "overshoot_cost": 73.63881058754238, "power_cost": 34.845216235351565, "noise_cost": 29.00024601770473, "n_waypoints_completed": 3, "tot_waypoints": 9}}
{"target": -426.67024707376936, "params": {"k_pid_pos": [2.0, 0.19659369589741557, 0.6606540646599555], "k_pid_alt": [2.0, 0.0, 1.0], "k_pid_att": [55.59424666351661, 4.780847484373563, 0.0], "k_pid_yaw": [0.5, 1e-06, 0.1], "k_pid_hsp": [3.1551478090077336, 0.08566642990956971, 1.0], "k_pid_vsp": [205.81103545086802, 226.79988930028296, 121.5252742388811]}, "datetime": {"datetime": "2025-08-12 01:44:25", "elapsed": 33544.94528055191, "delta": 28.877405166625977}, "costs": {"total_cost": 426.67024707376936, "time_cost": 78.911, "final_distance_cost": 1.7336480360291775, "oscillation_cost": 242.326020164252, "completition_cost": 0.0, "overshoot_cost": 59.099583188742585, "power_cost": 23.924938989257814, "noise_cost": 20.675056695487715, "n_waypoints_completed": 9, "tot_waypoints": 9}}
{"target": -864.87503965594, "params": {"k_pid_pos": [1.8201550776478927, 0.7597005639828979, 0.6621898978496635], "k_pid_alt": [0.18546376259850628, 0.8832504450039828, 0.2547665333950223], "k_pid_att": [17.612069983221346, 0.1088252251718825, 0.5800803976936093], "k_pid_yaw": [0.5, 1e-06, 0.1], "k_pid_hsp": [2.8721795051554384, 0.0017718613812651718, 0.2202279440892564], "k_pid_vsp": [81.972724360388, 212.6152253187124, 40.97803033502703]}, "datetime": {"datetime": "2025-08-12 01:44:59", "elapsed": 33579.0500125885, "delta": 34.104732036590576}, "costs": {"total_cost": 864.87503965594, "time_cost": 150, "final_distance_cost": 78.89216976576647, "oscillation_cost": 287.7743760895921, "completition_cost": 222.2222222222222, "overshoot_cost": 62.651683908193995, "power_cost": 32.868468566894535, "noise_cost": 30.466119103270625, "n_waypoints_completed": 7, "tot_waypoints": 9}}
