{"target": -286.4317271878314, "params": {"k_pid_pos": [2.0, 1.0, 0.8833113167467311], "k_pid_alt": [1.1836026288043564, 0.0, 0.5951136180529936], "k_pid_att": [35.22041621690038, 6.667840223037529, 0.5248473445258496], "k_pid_yaw": [0.5, 1e-06, 0.1], "k_pid_hsp": [8.828259470012348, 0.32868935256969783, 0.0], "k_pid_vsp": [28.101492466333532, 393.67294983930356, 58.15611648951487]}, "datetime": {"datetime": "2025-08-12 05:10:52", "elapsed": 45932.131620407104, "delta": 31.9073383808136}, "costs": {"total_cost": 286.4317271878314, "time_cost": 83.552, "final_distance_cost": 1.7906173218488641, "oscillation_cost": 104.0206554773069, "completition_cost": 0.0, "overshoot_cost": 52.80689840530506, "power_cost": 23.358027600097657, "noise_cost": 20.903528383272942, "n_waypoints_completed": 9, "tot_waypoints": 9}}
{"target": -1344.7488523092964, "params": {"k_pid_pos": [0.09381840990484482, 0.23522427303676818, 0.2411498651957804], "k_pid_alt": [0.6387810151640243, 0.5665634206306565, 0.2697245156297776], "k_pid_att": [16.44362875049572, 7.899718306411577, 0.4999134371919517], "k_pid_yaw": [0.5, 1e-06, 0.1], "k_pid_hsp": [6.646890331324574, 0.01549310613938737, 0.4451829674732679], "k_pid_vsp": [227.01130884480855, 34.90909455832151, 33.53919395929836]}, "datetime": {"datetime": "2025-08-12 05:11:32", "elapsed": 45971.48218894005, "delta": 39.350568532943726}, "costs": {"total_cost": 1344.7488523092964, "time_cost": 150, "final_distance_cost": 54.53165693470841, "oscillation_cost": 359.30497243682163, "completition_cost": 666.6666666666667, "overshoot_cost": 52.437826591063704, "power_cost": 31.809620446777345, "noise_cost": 29.998109233258525, "n_waypoints_completed": 3, "tot_waypoints": 9}}
{"target": -444.6298873286834, "params": {"k_pid_pos": [1.7969461639819868, 0.3606464213056224, 0.2134415681839228], "k_pid_alt": [0.45021782951020506, 0.4594243073573966, 0.737471779322539], "k_pid_att": [10.933430126333842, 5.541223530078608, 0.1666725495898973], "k_pid_yaw": [0.5, 1e-06, 0.1], "k_pid_hsp": [3.530890169290037, 0.6127696391280987, 0.14865921144300975], "k_pid_vsp": [183.89751237090204, 325.44052880358356, 12.404018749658796]}, "datetime": {"datetime": "2025-08-12 05:12:12", "elapsed": 46011.37870764732, "delta": 39.89651870727539}, "costs": {"total_cost": 444.6298873286834, "time_cost": 105.525, "final_distance_cost": 1.7518567948627874, "oscillation_cost": 221.92173064180795, "completition_cost": 0.0, "overshoot_cost": 58.8110774380295, "power_cost": 27.544821887207032, "noise_cost": 29.07540056677615, "n_waypoints_completed": 9, "tot_waypoints": 9}}
{"target": -2012.30053249366, "params": {"k_pid_pos": [1.6192438354295828, 0.5977735909527984, 0.7851061320953474], "k_pid_alt": [1.402632956179766, 0.13592725346165602, 0.018244999075452073], "k_pid_att": [1.4475853562916918, 6.440027629715109, 0.3668457551403437], "k_pid_yaw": [0.5, 1e-06, 0.1], "k_pid_hsp": [6.110322259774074, 0.575283501461296, 0.9802334049722378], "k_pid_vsp": [250.0354021027886, 265.4581140127913, 13.641329159256737]}, "datetime": {"datetime": "2025-08-12 05:12:53", "elapsed": 46052.44552707672, "delta": 41.06681942939758}, "costs": {"total_cost": 2012.30053249366, "time_cost": 150, "final_distance_cost": 3.3001217538241567, "oscillation_cost": 588.9639260586348, "completition_cost": 1000.0, "overshoot_cost": 128.52382150140846, "power_cost": 57.59966231689453, "noise_cost": 83.9130008628978, "n_waypoints_completed": 0, "tot_waypoints": 9}}
{"target": -488.56902563064864, "params": {"k_pid_pos": [1.7993010225215795, 0.25718586992795656, 0.3030584618568746], "k_pid_alt": [1.9644590206620398, 0.5639747130927032, 0.41967084772772345], "k_pid_att": [49.32761537921706, 5.5904721824060655, 0.1694314446132107], "k_pid_yaw": [0.5, 1e-06, 0.1], "k_pid_hsp": [3.125719399106811, 0.407774417133297, 0.8438162067805871], "k_pid_vsp": [215.56793123684156, 102.52138891666559, 41.12132668805969]}, "datetime": {"datetime": "2025-08-12 05:13:36", "elapsed": 46095.69082283974, "delta": 43.24529576301575}, "costs": {"total_cost": 488.56902563064864, "time_cost": 100.562, "final_distance_cost": 1.8009076700675177, "oscillation_cost": 272.1584463364589, "completition_cost": 0.0, "overshoot_cost": 59.55255694506558, "power_cost": 29.492851501464845, "noise_cost": 25.002263177591836, "n_waypoints_completed": 9, "tot_waypoints": 9}}
{"target": -461.1884043408893, "params": {"k_pid_pos": [1.2107358745137864, 0.7151816816324447, 0.8230237948016762], "k_pid_alt": [1.6776192601692759, 0.5097937990563185, 0.4187884575737679], "k_pid_att": [35.65194588790522, 4.502549980516825, 0.49997974660562394], "k_pid_yaw": [0.5, 1e-06, 0.1], "k_pid_hsp": [3.517532669637081, 0.0886538165344729, 0.13234856495909875], "k_pid_vsp": [333.88416478296864, 281.4217547607124, 252.08770634990248]}, "datetime": {"datetime": "2025-08-12 05:14:08", "elapsed": 46128.28480672836, "delta": 32.5939838886261}, "costs": {"total_cost": 461.1884043408893, "time_cost": 86.646, "final_distance_cost": 1.7813947303323467, "oscillation_cost": 272.51980946372197, "completition_cost": 0.0, "overshoot_cost": 55.32473725866871, "power_cost": 23.68938857421875, "noise_cost": 21.227074313947465, "n_waypoints_completed": 9, "tot_waypoints": 9}}
{"target": -508.3244888972696, "params": {"k_pid_pos": [1.942022652376356, 0.29409373053941634, 0.46414183179045143], "k_pid_alt": [0.23800158415926864, 0.7900899622550587, 0.6158752426285086], "k_pid_att": [47.22627009052419, 2.531478544774869, 0.9033194882794855], "k_pid_yaw": [0.5, 1e-06, 0.1], "k_pid_hsp": [8.712121479884503, 0.28125983138161015, 0.9623475649803352], "k_pid_vsp": [217.20974863574173, 105.38500966259517, 39.6609619964581]}, "datetime": {"datetime": "2025-08-12 05:14:44", "elapsed": 46163.57959794998, "delta": 35.29479122161865}, "costs": {"total_cost": 508.3244888972696, "time_cost": 110.901, "final_distance_cost": 1.7589417056184586, "oscillation_cost": 268.46664355950855, "completition_cost": 0.0, "overshoot_cost": 68.25144340970571, "power_cost": 31.899535791015627, "noise_cost": 27.04692443142126, "n_waypoints_completed": 9, "tot_waypoints": 9}}
{"target": -879.1604943194434, "params": {"k_pid_pos": [1.8360674306072509, 0.9451641991748516, 0.1055158208229654], "k_pid_alt": [0.36751272660088774, 0.2115925215912282, 0.8385772747136958], "k_pid_att": [30.125907552969934, 2.0363553347993646, 0.4548711404259248], "k_pid_yaw": [0.5, 1e-06, 0.1], "k_pid_hsp": [8.263248683185234, 0.12449785920905243, 0.9082272287343244], "k_pid_vsp": [280.64528306190505, 360.71153930027214, 26.07502513453629]}, "datetime": {"datetime": "2025-08-12 05:15:22", "elapsed": 46201.88653969765, "delta": 38.306941747665405}, "costs": {"total_cost": 879.1604943194434, "time_cost": 150, "final_distance_cost": 82.81396055962601, "oscillation_cost": 181.24783095265457, "completition_cost": 333.33333333333337, "overshoot_cost": 63.52691152413414, "power_cost": 36.67511392822266, "noise_cost": 31.56334402147266, "n_waypoints_completed": 6, "tot_waypoints": 9}}
{"target": -539.4618232825216, "params": {"k_pid_pos": [1.9068142003742183, 0.29811249499428105, 0.27130452213353673], "k_pid_alt": [1.9466789297601566, 0.501379983159086, 0.8300698864925502], "k_pid_att": [44.83114509585583, 5.997950376845618, 0.13392844402397863], "k_pid_yaw": [0.5, 1e-06, 0.1], "k_pid_hsp": [9.709415230096438, 0.38217084847816263, 0.03895510670969282], "k_pid_vsp": [213.41840715774816, 223.98993975722863, 117.02193457817621]}, "datetime": {"datetime": "2025-08-12 05:15:54", "elapsed": 46233.62498450279, "delta": 31.738444805145264}, "costs": {"total_cost": 539.4618232825216, "time_cost": 96.033, "final_distance_cost": 1.7782252255867685, "oscillation_cost": 334.3956159223644, "completition_cost": 0.0, "overshoot_cost": 54.8882168571533, "power_cost": 28.474030566406253, "noise_cost": 23.89273471101082, "n_waypoints_completed": 9, "tot_waypoints": 9}}
{"target": -985.7963736951086, "params": {"k_pid_pos": [1.8365419352996417, 0.29056980961254075, 0.20286915751219792], "k_pid_alt": [1.1997650883772344, 0.16601783096099132, 0.9232434098099963], "k_pid_att": [35.612931692186564, 2.7055404314466647, 0.6869635953527167], "k_pid_yaw": [0.5, 1e-06, 0.1], "k_pid_hsp": [0.6977931987076976, 0.021475473747751717, 0.8828160926615383], "k_pid_vsp": [29.151870685022452, 391.63038609957067, 53.82969968721014]}, "datetime": {"datetime": "2025-08-12 05:16:31", "elapsed": 46271.13741564751, "delta": 37.512431144714355}, "costs": {"total_cost": 985.7963736951086, "time_cost": 150, "final_distance_cost": 66.98793799775578, "oscillation_cost": 406.0709294809678, "completition_cost": 222.2222222222222, "overshoot_cost": 76.9906812555414, "power_cost": 34.76604475097656, "noise_cost": 28.758557987644988, "n_waypoints_completed": 7, "tot_waypoints": 9}}
{"target": -512.9664735945571, "params": {"k_pid_pos": [1.3545016537850263, 0.6947639042047382, 0.3844600254303152], "k_pid_alt": [0.5146290328326664, 0.35891206981103196, 0.2770964410317662], "k_pid_att": [50.48278407613201, 2.9865382741017275, 0.6528771587432033], "k_pid_yaw": [0.5, 1e-06, 0.1], "k_pid_hsp": [8.797803454575329, 0.4964517943991542, 0.14365685402185613], "k_pid_vsp": [229.43456861666346, 11.349607377204144, 32.62383298195249]}, "datetime": {"datetime": "2025-08-12 05:17:07", "elapsed": 46307.080248594284, "delta": 35.942832946777344}, "costs": {"total_cost": 512.9664735945571, "time_cost": 101.801, "final_distance_cost": 1.733129530453117, "oscillation_cost": 294.76773559296004, "completition_cost": 0.0, "overshoot_cost": 58.32087079157826, "power_cost": 29.589058032226564, "noise_cost": 26.754679647339096, "n_waypoints_completed": 9, "tot_waypoints": 9}}
{"target": -1209.5298853736085, "params": {"k_pid_pos": [0.5703053656667044, 0.5901549467440655, 0.1953413799408793], "k_pid_alt": [0.1350599915129076, 0.8400366349398198, 0.7534147266761806], "k_pid_att": [54.19755001825168, 4.440811984444386, 0.11156384122197172], "k_pid_yaw": [0.5, 1e-06, 0.1], "k_pid_hsp": [6.416179124668963, 0.09140296967023886, 0.5439226675569065], "k_pid_vsp": [110.60972483393425, 89.9302926906288, 49.03604295480474]}, "datetime": {"datetime": "2025-08-12 05:17:50", "elapsed": 46349.782435417175, "delta": 42.702186822891235}, "costs": {"total_cost": 1209.5298853736085, "time_cost": 150, "final_distance_cost": 63.075097476256026, "oscillation_cost": 535.6825933809802, "completition_cost": 333.33333333333337, "overshoot_cost": 60.53012669719991, "power_cost": 36.26250543212891, "noise_cost": 30.646229053710307, "n_waypoints_completed": 6, "tot_waypoints": 9}}
{"target": -755.4267230425005, "params": {"k_pid_pos": [0.46241810278105566, 0.20494476557112296, 0.850042645623988], "k_pid_alt": [1.5242171224216061, 0.366546524683133, 0.7371619890219386], "k_pid_att": [39.820057252865524, 5.23415483655687, 0.5597815861972494], "k_pid_yaw": [0.5, 1e-06, 0.1], "k_pid_hsp": [1.408834635284832, 0.7043783626509181, 0.29184920840527373], "k_pid_vsp": [121.44300757186728, 372.2021333238723, 116.68591013071709]}, "datetime": {"datetime": "2025-08-12 05:18:29", "elapsed": 46388.827511548996, "delta": 39.04507613182068}, "costs": {"total_cost": 755.4267230425005, "time_cost": 150, "final_distance_cost": 7.258191207184306, "oscillation_cost": 365.0845016863679, "completition_cost": 111.11111111111116, "overshoot_cost": 59.304067504264175, "power_cost": 33.6675876953125, "noise_cost": 29.00126383826045, "n_waypoints_completed": 8, "tot_waypoints": 9}}
{"target": -252.3028649512138, "params": {"k_pid_pos": [2.0, 1.0, 1.0], "k_pid_alt": [2.0, 1.0, 0.0], "k_pid_att": [11.956426129805909, 4.850200347022838, 1.0], "k_pid_yaw": [0.5, 1e-06, 0.1], "k_pid_hsp": [7.177344583388804, 0.0, 0.0], "k_pid_vsp": [293.5186336588067, 351.99724685849037, 90.06099088101759]}, "datetime": {"datetime": "2025-08-12 05:19:01", "elapsed": 46420.87635397911, "delta": 32.048842430114746}, "costs": {"total_cost": 252.3028649512138, "time_cost": 90.146, "final_distance_cost": 1.780853375424546, "oscillation_cost": 59.57180742644682, "completition_cost": 0.0, "overshoot_cost": 54.15605977959746, "power_cost": 23.910975439453125, "noise_cost": 22.73716893029187, "n_waypoints_completed": 9, "tot_waypoints": 9}}
{"target": -393.08578745001546, "params": {"k_pid_pos": [1.1428568954745773, 0.2740966062669296, 0.7229154489739059], "k_pid_alt": [1.2315048264765165, 0.11507208820956147, 0.47114816485687894], "k_pid_att": [5.9748772792259714, 4.92417111182438, 0.8640786742082976], "k_pid_yaw": [0.5, 1e-06, 0.1], "k_pid_hsp": [5.214699354831594, 0.4875888663784107, 0.5538519796893454], "k_pid_vsp": [275.41317229014044, 363.05853154894106, 30.361299195922772]}, "datetime": {"datetime": "2025-08-12 05:19:39", "elapsed": 46459.0055308342, "delta": 38.12917685508728}, "costs": {"total_cost": 393.08578745001546, "time_cost": 112.294, "final_distance_cost": 1.7922768481858171, "oscillation_cost": 170.41462501213974, "completition_cost": 0.0, "overshoot_cost": 54.601211382281555, "power_cost": 28.153966357421876, "noise_cost": 25.829707849986438, "n_waypoints_completed": 9, "tot_waypoints": 9}}
{"target": -1097.959192701407, "params": {"k_pid_pos": [1.4980398822908354, 0.8760375972756362, 0.14468136180152547], "k_pid_alt": [0.054217726653989606, 0.6428787938338706, 0.37956146369203625], "k_pid_att": [50.3160221451461, 6.04001636758393, 0.2248436871196421], "k_pid_yaw": [0.5, 1e-06, 0.1], "k_pid_hsp": [4.068614650955371, 0.27198928405119216, 0.18168380128931694], "k_pid_vsp": [121.36859965058093, 101.79632877605147, 48.036179858325426]}, "datetime": {"datetime": "2025-08-12 05:20:23", "elapsed": 46503.0026781559, "delta": 43.99714732170105}, "costs": {"total_cost": 1097.959192701407, "time_cost": 150, "final_distance_cost": 39.97945098002887, "oscillation_cost": 218.91290907136252, "completition_cost": 555.5555555555555, "overshoot_cost": 61.23421065457332, "power_cost": 36.445401220703125, "noise_cost": 35.83166521918333, "n_waypoints_completed": 4, "tot_waypoints": 9}}
{"target": -516.5478653280745, "params": {"k_pid_pos": [1.4269395434998917, 0.9261823554406297, 0.8803432563747919], "k_pid_alt": [1.9028993462310637, 0.8632925087859679, 0.26182430934451506], "k_pid_att": [24.064457952268203, 5.493166088780721, 0.5374345174142096], "k_pid_yaw": [0.5, 1e-06, 0.1], "k_pid_hsp": [7.817986357896019, 0.6320674101888707, 0.6753306596932589], "k_pid_vsp": [76.51319659217997, 207.63831203067807, 27.696066662541618]}, "datetime": {"datetime": "2025-08-12 05:20:55", "elapsed": 46534.7741355896, "delta": 31.77145743370056}, "costs": {"total_cost": 516.5478653280745, "time_cost": 93.884, "final_distance_cost": 1.731188203644355, "oscillation_cost": 318.3242676113475, "completition_cost": 0.0, "overshoot_cost": 52.86818161940886, "power_cost": 26.521055505371095, "noise_cost": 23.21917238830267, "n_waypoints_completed": 9, "tot_waypoints": 9}}
{"target": -1570.8676546237496, "params": {"k_pid_pos": [0.18214350957365538, 0.7199665129209969, 0.9421697824328973], "k_pid_alt": [0.04762534419909725, 0.9161176642235189, 0.8687510238983882], "k_pid_att": [32.80310998115776, 3.670320932842184, 0.5369972379585908], "k_pid_yaw": [0.5, 1e-06, 0.1], "k_pid_hsp": [1.7562188479532606, 0.5365182112137761, 0.36406249241075184], "k_pid_vsp": [270.65271546793525, 309.6936023291286, 69.64830775343546]}, "datetime": {"datetime": "2025-08-12 05:21:34", "elapsed": 46574.14005088806, "delta": 39.365915298461914}, "costs": {"total_cost": 1570.8676546237496, "time_cost": 150, "final_distance_cost": 60.64308055986151, "oscillation_cost": 365.6448452639077, "completition_cost": 888.8888888888888, "overshoot_cost": 43.42754064726051, "power_cost": 34.26408492431641, "noise_cost": 27.999214339514527, "n_waypoints_completed": 1, "tot_waypoints": 9}}
{"target": -921.1508033125405, "params": {"k_pid_pos": [1.9844097761566137, 0.7496849095295653, 0.2558565433629232], "k_pid_alt": [0.01802503140914813, 0.32935610294173157, 0.3373157802109329], "k_pid_att": [35.002087338271735, 3.2157999346753066, 0.19415667604022213], "k_pid_yaw": [0.5, 1e-06, 0.1], "k_pid_hsp": [6.490280704067557, 0.6240616021798127, 0.1320475151915903], "k_pid_vsp": [34.97442893928495, 396.37317833166634, 55.0214372748086]}, "datetime": {"datetime": "2025-08-12 05:22:12", "elapsed": 46612.220326423645, "delta": 38.080275535583496}, "costs": {"total_cost": 921.1508033125405, "time_cost": 150, "final_distance_cost": 52.19759961801315, "oscillation_cost": 251.2219359708929, "completition_cost": 333.33333333333337, "overshoot_cost": 65.23190910886694, "power_cost": 35.629592321777345, "noise_cost": 33.5364329596567, "n_waypoints_completed": 6, "tot_waypoints": 9}}
{"target": -553.9483752030089, "params": {"k_pid_pos": [0.9061702680701158, 0.8287356458456621, 0.6035321556530239], "k_pid_alt": [0.8962398204118156, 0.09569036090093352, 0.8405188033263908], "k_pid_att": [35.07979017578348, 0.21697264724843723, 0.890499883600686], "k_pid_yaw": [0.5, 1e-06, 0.1], "k_pid_hsp": [8.827310427835114, 0.9628163812590834, 0.6432008305028495], "k_pid_vsp": [198.4557870958197, 249.31081704796418, 112.15517161935799]}, "datetime": {"datetime": "2025-08-12 05:22:52", "elapsed": 46651.80439853668, "delta": 39.58407211303711}, "costs": {"total_cost": 553.9483752030089, "time_cost": 110.628, "final_distance_cost": 1.7743992929899173, "oscillation_cost": 329.51323988923053, "completition_cost": 0.0, "overshoot_cost": 53.34722126014749, "power_cost": 32.33133065185547, "noise_cost": 26.354184108785557, "n_waypoints_completed": 9, "tot_waypoints": 9}}
{"target": -1243.299174737952, "params": {"k_pid_pos": [0.013363336830079486, 0.8656317646532138, 0.5117234601757553], "k_pid_alt": [1.7902239783329565, 0.1364206493549186, 0.587565884770325], "k_pid_att": [52.14720369055191, 5.537093015993951, 0.7388787259696399], "k_pid_yaw": [0.5, 1e-06, 0.1], "k_pid_hsp": [8.045052968456377, 0.3885114268516201, 0.948907897267968], "k_pid_vsp": [121.10957098143618, 104.00566506149066, 55.216523664106106]}, "datetime": {"datetime": "2025-08-12 05:23:34", "elapsed": 46693.77804994583, "delta": 41.97365140914917}, "costs": {"total_cost": 1243.299174737952, "time_cost": 150, "final_distance_cost": 48.79260563054864, "oscillation_cost": 256.22719388067117, "completition_cost": 666.6666666666667, "overshoot_cost": 57.136862217754334, "power_cost": 35.74829462890625, "noise_cost": 28.727551713404786, "n_waypoints_completed": 3, "tot_waypoints": 9}}
{"target": -296.3725173510774, "params": {"k_pid_pos": [1.0596970587129686, 0.8198299610649757, 0.4382252566879301], "k_pid_alt": [1.3979795192069588, 0.12325460128827681, 0.11764461765980783], "k_pid_att": [14.748754724488355, 7.745640564427716, 0.7417929043198239], "k_pid_yaw": [0.5, 1e-06, 0.1], "k_pid_hsp": [3.8212759772924803, 0.09365895445552153, 0.11850279012995446], "k_pid_vsp": [183.25787813136287, 323.90321804450315, 17.72550248050982]}, "datetime": {"datetime": "2025-08-12 05:24:06", "elapsed": 46726.288579940796, "delta": 32.5105299949646}, "costs": {"total_cost": 296.3725173510774, "time_cost": 101.178, "final_distance_cost": 1.7888358829214235, "oscillation_cost": 90.42807370376543, "completition_cost": 0.0, "overshoot_cost": 51.43047414202906, "power_cost": 26.349734619140627, "noise_cost": 25.197399003220898, "n_waypoints_completed": 9, "tot_waypoints": 9}}
{"target": -332.2056981418402, "params": {"k_pid_pos": [1.9877165473900276, 0.6152701537506733, 0.2452853052193742], "k_pid_alt": [0.8618863926208047, 0.8441282351177357, 0.7034149983201768], "k_pid_att": [6.828835233565433, 4.445390096659775, 0.6087925873893785], "k_pid_yaw": [0.5, 1e-06, 0.1], "k_pid_hsp": [2.470656968260778, 0.193186674345441, 0.10316622365550399], "k_pid_vsp": [234.1972182343385, 275.06615025867893, 15.9725097179959]}, "datetime": {"datetime": "2025-08-12 05:24:50", "elapsed": 46769.49369215965, "delta": 43.20511221885681}, "costs": {"total_cost": 332.2056981418402, "time_cost": 102.389, "final_distance_cost": 1.7489000222088273, "oscillation_cost": 111.4632621378925, "completition_cost": 0.0, "overshoot_cost": 60.77928523247295, "power_cost": 28.797293176269534, "noise_cost": 27.027957572996367, "n_waypoints_completed": 9, "tot_waypoints": 9}}
{"target": -415.22396680678594, "params": {"k_pid_pos": [1.7783015216162095, 0.7893023012328987, 0.525217953401695], "k_pid_alt": [1.5761820235830322, 0.1852314012744056, 0.743456055340827], "k_pid_att": [17.04082130219638, 4.936660729582321, 0.7828757118125456], "k_pid_yaw": [0.5, 1e-06, 0.1], "k_pid_hsp": [7.825060032416607, 0.7124206720864044, 0.2962161603814847], "k_pid_vsp": [76.44602818476733, 198.07377500851038, 41.65926242781048]}, "datetime": {"datetime": "2025-08-12 05:25:23", "elapsed": 46802.71328520775, "delta": 33.2195930480957}, "costs": {"total_cost": 415.22396680678594, "time_cost": 99.953, "final_distance_cost": 1.7421501154587966, "oscillation_cost": 206.58641095440524, "completition_cost": 0.0, "overshoot_cost": 53.16317031703501, "power_cost": 28.9048599609375, "noise_cost": 24.87437545894946, "n_waypoints_completed": 9, "tot_waypoints": 9}}
{"target": -387.84014420157195, "params": {"k_pid_pos": [1.3838334315028529, 0.8290647387377003, 0.36684875781139337], "k_pid_alt": [0.37923346411665393, 0.10352356848413957, 0.3285463850844499], "k_pid_att": [4.978841908281073, 4.352433274916007, 0.7829631394702934], "k_pid_yaw": [0.5, 1e-06, 0.1], "k_pid_hsp": [5.48581449967554, 0.5646205990903389, 0.9009893792354948], "k_pid_vsp": [275.5585183444667, 362.4223279011412, 38.36627516996582]}, "datetime": {"datetime": "2025-08-12 05:26:03", "elapsed": 46842.95763206482, "delta": 40.24434685707092}, "costs": {"total_cost": 387.84014420157195, "time_cost": 113.162, "final_distance_cost": 1.7821874187224098, "oscillation_cost": 150.33908549058796, "completition_cost": 0.0, "overshoot_cost": 62.19201881862252, "power_cost": 32.197876123046875, "noise_cost": 28.16697635059223, "n_waypoints_completed": 9, "tot_waypoints": 9}}
