{"target": -279.34933758885427, "params": {"k_pid_pos": [1.0715900524420152, 0.4094092287567549, 0.4669620737056349], "k_pid_alt": [0.49505288314440254, 0.2201847980604016, 0.4344159871903541], "k_pid_att": [9.126783195967691, 6.125258755477811, 0.5856255499017], "k_pid_yaw": [0.5, 1e-06, 0.1], "k_pid_hsp": [1.948225469041012, 0.947299134040724, 0.03971474282940923], "k_pid_vsp": [231.65956448586314, 281.59817588003193, 19.122725604973233]}, "datetime": {"datetime": "2025-08-12 08:42:24", "elapsed": 58623.53540992737, "delta": 33.12267780303955}, "costs": {"total_cost": 279.34933758885427, "time_cost": 93.919, "final_distance_cost": 1.7607442936689375, "oscillation_cost": 82.38739715475391, "completition_cost": 0.0, "overshoot_cost": 54.1642321256175, "power_cost": 24.13696346435547, "noise_cost": 22.981000550458504, "n_waypoints_completed": 9, "tot_waypoints": 9}}
{"target": -347.851745975894, "params": {"k_pid_pos": [1.361806525505941, 0.5450180817133327, 0.5527110279363724], "k_pid_alt": [1.525778912854003, 0.33115161795633885, 0.3797980315009917], "k_pid_att": [11.0103919253972, 6.416293095434512, 1.0], "k_pid_yaw": [0.5, 1e-06, 0.1], "k_pid_hsp": [7.53279359900339, 0.19808892282406018, 0.39163815811421016], "k_pid_vsp": [181.49907558493248, 322.7969655955289, 13.884883531419181]}, "datetime": {"datetime": "2025-08-12 08:43:12", "elapsed": 58672.001155376434, "delta": 48.46574544906616}, "costs": {"total_cost": 347.851745975894, "time_cost": 91.938, "final_distance_cost": 1.7794675012659058, "oscillation_cost": 153.62458846241347, "completition_cost": 0.0, "overshoot_cost": 53.686241293707575, "power_cost": 23.843072204589845, "noise_cost": 22.98037651391723, "n_waypoints_completed": 9, "tot_waypoints": 9}}
{"target": -1415.5052282919332, "params": {"k_pid_pos": [1.0267265842752538, 0.8391517880621299, 0.9416571465413552], "k_pid_alt": [0.20824962491906618, 0.6762996420291426, 0.6523961069146902], "k_pid_att": [53.50494208323339, 2.6840753792120395, 0.08505104061432012], "k_pid_yaw": [0.5, 1e-06, 0.1], "k_pid_hsp": [4.488805183344408, 0.25255917329658906, 0.9963465529989863], "k_pid_vsp": [241.39612502741036, 75.92604689120431, 161.10220059826977]}, "datetime": {"datetime": "2025-08-12 08:43:50", "elapsed": 58710.00826835632, "delta": 38.007112979888916}, "costs": {"total_cost": 1415.5052282919332, "time_cost": 150, "final_distance_cost": 70.90231768955205, "oscillation_cost": 299.2340904460619, "completition_cost": 777.7777777777778, "overshoot_cost": 51.71474356645216, "power_cost": 37.10082954101563, "noise_cost": 28.775469271073668, "n_waypoints_completed": 2, "tot_waypoints": 9}}
{"target": -912.1784285388181, "params": {"k_pid_pos": [0.18282783688460066, 0.8741659502578669, 0.16069998242839967], "k_pid_alt": [1.1292184055825292, 0.0211982745401198, 0.8820696737172452], "k_pid_att": [55.98021771358827, 3.979578035823711, 0.35160163941205724], "k_pid_yaw": [0.5, 1e-06, 0.1], "k_pid_hsp": [2.1735740365986578, 0.12584287173583453, 0.2501622008929708], "k_pid_vsp": [207.94804750353987, 108.14508356051894, 38.982205933706915]}, "datetime": {"datetime": "2025-08-12 08:44:29", "elapsed": 58748.91015434265, "delta": 38.901885986328125}, "costs": {"total_cost": 912.1784285388181, "time_cost": 150, "final_distance_cost": 67.25205507400017, "oscillation_cost": 228.83224173247302, "completition_cost": 333.33333333333337, "overshoot_cost": 65.23718988485754, "power_cost": 37.37268433837891, "noise_cost": 30.150924175775163, "n_waypoints_completed": 6, "tot_waypoints": 9}}
{"target": -462.62049057457057, "params": {"k_pid_pos": [2.0, 1.0, 0.0], "k_pid_alt": [2.0, 0.0, 0.0], "k_pid_att": [44.56850794965607, 6.697577012515739, 0.0], "k_pid_yaw": [0.5, 1e-06, 0.1], "k_pid_hsp": [10.0, 0.0, 0.0], "k_pid_vsp": [229.01927404729858, 18.271409233799762, 35.1974525525314]}, "datetime": {"datetime": "2025-08-12 08:45:01", "elapsed": 58780.98393702507, "delta": 32.07378268241882}, "costs": {"total_cost": 462.62049057457057, "time_cost": 91.931, "final_distance_cost": 1.810373992533983, "oscillation_cost": 247.79158976598458, "completition_cost": 0.0, "overshoot_cost": 67.82886700846963, "power_cost": 27.312501428222657, "noise_cost": 25.946158379359698, "n_waypoints_completed": 9, "tot_waypoints": 9}}
{"target": -467.84952327428897, "params": {"k_pid_pos": [1.4779507916764025, 0.5481963792465002, 0.5418878919265581], "k_pid_alt": [0.22621214230236975, 0.5687652431844991, 0.7427786771377647], "k_pid_att": [9.971497654451545, 1.9046758400273398, 0.7857800242628175], "k_pid_yaw": [0.5, 1e-06, 0.1], "k_pid_hsp": [3.2314083385883987, 0.22688274274655817, 0.7203067848425535], "k_pid_vsp": [234.95026452618788, 39.73570318474282, 40.93939310378528]}, "datetime": {"datetime": "2025-08-12 08:45:42", "elapsed": 58821.39527130127, "delta": 40.41133427619934}, "costs": {"total_cost": 467.84952327428897, "time_cost": 115.801, "final_distance_cost": 1.7823278972884886, "oscillation_cost": 223.02770866991045, "completition_cost": 0.0, "overshoot_cost": 68.44856246516235, "power_cost": 31.274173852539064, "noise_cost": 27.515750389388636, "n_waypoints_completed": 9, "tot_waypoints": 9}}
{"target": -514.1601557367111, "params": {"k_pid_pos": [1.2159433053411883, 0.46140839467245565, 0.4856557017031403], "k_pid_alt": [0.4500657788098872, 0.6340739705603904, 0.21590300797535167], "k_pid_att": [6.9522921023410404, 0.1981012175459948, 0.13699013862252785], "k_pid_yaw": [0.5, 1e-06, 0.1], "k_pid_hsp": [7.52059826466274, 0.14640940789378565, 0.6189498650117263], "k_pid_vsp": [230.41507691299182, 36.86399601866624, 37.335147982793835]}, "datetime": {"datetime": "2025-08-12 08:46:17", "elapsed": 58856.81753754616, "delta": 35.422266244888306}, "costs": {"total_cost": 514.1601557367111, "time_cost": 110.061, "final_distance_cost": 1.7463686600864148, "oscillation_cost": 281.95204114139443, "completition_cost": 0.0, "overshoot_cost": 64.12789296136937, "power_cost": 29.6836404296875, "noise_cost": 26.589212544173428, "n_waypoints_completed": 9, "tot_waypoints": 9}}
{"target": -1071.9502664881527, "params": {"k_pid_pos": [1.7673780797812502, 0.9503741436191318, 0.9845769278651514], "k_pid_alt": [0.6906541432102797, 0.5937855785972144, 0.8489116592488329], "k_pid_att": [9.349843863800523, 0.262284259366289, 0.7198426342756541], "k_pid_yaw": [0.5, 1e-06, 0.1], "k_pid_hsp": [8.926204389817407, 0.16227487767050186, 0.6463802301046597], "k_pid_vsp": [56.54292698463208, 341.80506877589494, 155.9234077754353]}, "datetime": {"datetime": "2025-08-12 08:46:55", "elapsed": 58895.24931001663, "delta": 38.43177247047424}, "costs": {"total_cost": 1071.9502664881527, "time_cost": 150, "final_distance_cost": 46.5360197920556, "oscillation_cost": 292.0168981177806, "completition_cost": 444.4444444444444, "overshoot_cost": 67.37042062662694, "power_cost": 33.42562551269531, "noise_cost": 38.15685799454985, "n_waypoints_completed": 5, "tot_waypoints": 9}}
{"target": -248.49394222115149, "params": {"k_pid_pos": [2.0, 0.37157791530487383, 0.8553904201921995], "k_pid_alt": [1.749761564343622, 1.0, 1.0], "k_pid_att": [47.975754230569706, 2.6219063849056905, 0.8712441242608108], "k_pid_yaw": [0.5, 1e-06, 0.1], "k_pid_hsp": [3.1785516471952593, 0.11592792149667519, 0.0], "k_pid_vsp": [123.3331442377714, 101.93594988875391, 57.91427024781201]}, "datetime": {"datetime": "2025-08-12 08:47:29", "elapsed": 58929.10198664665, "delta": 33.85267663002014}, "costs": {"total_cost": 248.49394222115149, "time_cost": 100.086, "final_distance_cost": 1.7681359031189505, "oscillation_cost": 42.686352867276405, "completition_cost": 0.0, "overshoot_cost": 55.2729358272728, "power_cost": 25.61353649902344, "noise_cost": 23.06698112445991, "n_waypoints_completed": 9, "tot_waypoints": 9}}
{"target": -438.87526352867934, "params": {"k_pid_pos": [1.3191061017605865, 0.8503852180462894, 0.5363045691682227], "k_pid_alt": [1.2718292794385002, 0.7720693937729749, 0.36415972494891147], "k_pid_att": [33.49982043750236, 9.842077127863048, 0.7081377039826152], "k_pid_yaw": [0.5, 1e-06, 0.1], "k_pid_hsp": [5.499073702465614, 0.9919400154122351, 0.5826921683968689], "k_pid_vsp": [267.46515574023437, 323.1720971835096, 85.61897857707339]}, "datetime": {"datetime": "2025-08-12 08:48:03", "elapsed": 58962.939299583435, "delta": 33.83731293678284}, "costs": {"total_cost": 438.87526352867934, "time_cost": 90.104, "final_distance_cost": 1.7944960591857584, "oscillation_cost": 245.7082540032815, "completition_cost": 0.0, "overshoot_cost": 53.44512770993204, "power_cost": 25.79876511230469, "noise_cost": 22.024620643975364, "n_waypoints_completed": 9, "tot_waypoints": 9}}
{"target": -2020.9335317302107, "params": {"k_pid_pos": [0.4200055644085637, 0.5367957326206607, 0.8911737628379072], "k_pid_alt": [1.8879210378164972, 0.575630137000507, 0.5586420158225753], "k_pid_att": [0.8529591832421413, 5.0540851526285016, 0.07804872714939248], "k_pid_yaw": [0.5, 1e-06, 0.1], "k_pid_hsp": [4.138308140250636, 0.12047847743390283, 0.9432716504469038], "k_pid_vsp": [189.82928615069983, 325.96196081727504, 9.285569911550121]}, "datetime": {"datetime": "2025-08-12 08:48:46", "elapsed": 59005.483449459076, "delta": 42.54414987564087}, "costs": {"total_cost": 2020.9335317302107, "time_cost": 150, "final_distance_cost": 55.479060056115664, "oscillation_cost": 612.7852345899838, "completition_cost": 888.8888888888888, "overshoot_cost": 144.0927024722923, "power_cost": 53.39233846435547, "noise_cost": 116.29530725857478, "n_waypoints_completed": 1, "tot_waypoints": 9}}
{"target": -1344.052888381112, "params": {"k_pid_pos": [0.6846171557701217, 0.25492232412549676, 0.5263692557448285], "k_pid_alt": [1.6233557922061623, 0.794178173604024, 0.572102429834676], "k_pid_att": [5.3457886270436905, 9.540517753957813, 0.23678855891841954], "k_pid_yaw": [0.5, 1e-06, 0.1], "k_pid_hsp": [1.2587001208152109, 0.803390759146942, 0.8334456935405105], "k_pid_vsp": [43.096646955414016, 365.0195084832046, 150.9987735561134]}, "datetime": {"datetime": "2025-08-12 08:49:23", "elapsed": 59042.39142155647, "delta": 36.90797209739685}, "costs": {"total_cost": 1344.052888381112, "time_cost": 150, "final_distance_cost": 49.26686402332553, "oscillation_cost": 355.01448170152895, "completition_cost": 666.6666666666667, "overshoot_cost": 63.26849607629084, "power_cost": 31.698484924316407, "noise_cost": 28.137894988983593, "n_waypoints_completed": 3, "tot_waypoints": 9}}
{"target": -363.25916097360385, "params": {"k_pid_pos": [2.0, 0.0, 0.0], "k_pid_alt": [0.3801915169638909, 0.0, 0.0], "k_pid_att": [6.09767078771264, 9.528809689252318, 1.0], "k_pid_yaw": [0.5, 1e-06, 0.1], "k_pid_hsp": [9.79720756008686, 0.7686025411832363, 0.764273372280138], "k_pid_vsp": [277.6616808774989, 362.86540105980765, 28.192106416254404]}, "datetime": {"datetime": "2025-08-12 08:50:03", "elapsed": 59083.30487084389, "delta": 40.91344928741455}, "costs": {"total_cost": 363.25916097360385, "time_cost": 89.663, "final_distance_cost": 1.8246461353681138, "oscillation_cost": 170.7685894243483, "completition_cost": 0.0, "overshoot_cost": 51.63934387684469, "power_cost": 25.89588992919922, "noise_cost": 23.467691607843573, "n_waypoints_completed": 9, "tot_waypoints": 9}}
{"target": -550.9030652767518, "params": {"k_pid_pos": [0.9196690425975771, 0.335853011942593, 0.787291418179448], "k_pid_alt": [1.7946480447827562, 0.10281980436154048, 0.13328045773536945], "k_pid_att": [49.354321056603176, 3.041818620015615, 0.8288567664500109], "k_pid_yaw": [0.5, 1e-06, 0.1], "k_pid_hsp": [9.141499058455768, 0.5844859121704508, 0.5938808265595242], "k_pid_vsp": [241.5553444282222, 80.49755121027452, 155.982714783408]}, "datetime": {"datetime": "2025-08-12 08:50:40", "elapsed": 59120.3699259758, "delta": 37.06505513191223}, "costs": {"total_cost": 550.9030652767518, "time_cost": 105.294, "final_distance_cost": 1.7910731675005027, "oscillation_cost": 332.0678258299129, "completition_cost": 0.0, "overshoot_cost": 57.72313064508243, "power_cost": 29.02913582763672, "noise_cost": 24.99789980661919, "n_waypoints_completed": 9, "tot_waypoints": 9}}
{"target": -1224.495788431508, "params": {"k_pid_pos": [1.9860267914021363, 0.3799168415332702, 0.3533768909270655], "k_pid_alt": [0.8544314812278586, 0.9084614270812801, 0.5227184106295637], "k_pid_att": [1.4067980853180284, 3.279907962147057, 0.09312110798642126], "k_pid_yaw": [0.5, 1e-06, 0.1], "k_pid_hsp": [7.129974050344673, 0.2173853962810378, 0.45570277191462893], "k_pid_vsp": [311.76547660028695, 398.6807455751727, 245.1290858122025]}, "datetime": {"datetime": "2025-08-12 08:51:29", "elapsed": 59168.95457029343, "delta": 48.58464431762695}, "costs": {"total_cost": 1224.495788431508, "time_cost": 150, "final_distance_cost": 53.03683184508204, "oscillation_cost": 343.3037108507717, "completition_cost": 555.5555555555555, "overshoot_cost": 54.982570300110346, "power_cost": 36.97404895019532, "noise_cost": 30.64307092979292, "n_waypoints_completed": 4, "tot_waypoints": 9}}
{"target": -375.4748895076346, "params": {"k_pid_pos": [1.520998340827405, 0.30429139580938036, 0.8686080983045338], "k_pid_alt": [1.69218085677027, 0.7009192475986529, 0.2381672790405327], "k_pid_att": [14.502283694936358, 5.280091517367193, 0.22591535505751714], "k_pid_yaw": [0.5, 1e-06, 0.1], "k_pid_hsp": [2.903552700464815, 0.6352872041753572, 0.16111840775031694], "k_pid_vsp": [240.36257463288803, 268.79867455631444, 42.503261432928205]}, "datetime": {"datetime": "2025-08-12 08:51:58", "elapsed": 59198.07248568535, "delta": 29.117915391921997}, "costs": {"total_cost": 375.4748895076346, "time_cost": 78.96000000000001, "final_distance_cost": 1.7887276663657783, "oscillation_cost": 202.01514071349797, "completition_cost": 0.0, "overshoot_cost": 51.42086806922247, "power_cost": 21.247177661132813, "noise_cost": 20.042975397415525, "n_waypoints_completed": 9, "tot_waypoints": 9}}
{"target": -952.7305509922514, "params": {"k_pid_pos": [0.512612603865245, 0.3257412900199601, 0.8792104093306954], "k_pid_alt": [1.4676199897122995, 0.4944948243690652, 0.7906129720470391], "k_pid_att": [16.897278809336402, 4.734122053627409, 0.5272941793610675], "k_pid_yaw": [0.5, 1e-06, 0.1], "k_pid_hsp": [9.912458055378774, 0.44744927016933156, 0.9358490286622215], "k_pid_vsp": [73.53035004582802, 190.2827492123511, 35.43163496091679]}, "datetime": {"datetime": "2025-08-12 08:52:42", "elapsed": 59242.30802679062, "delta": 44.235541105270386}, "costs": {"total_cost": 952.7305509922514, "time_cost": 150, "final_distance_cost": 64.96912389866021, "oscillation_cost": 406.8010256330978, "completition_cost": 222.2222222222222, "overshoot_cost": 47.69977956516631, "power_cost": 32.360680102539064, "noise_cost": 28.677719570565845, "n_waypoints_completed": 7, "tot_waypoints": 9}}
{"target": -455.3414370986911, "params": {"k_pid_pos": [1.198720381406182, 0.33664592525601444, 0.4652084290083571], "k_pid_alt": [0.23577408921784593, 0.7469259845626385, 0.9574701488382111], "k_pid_att": [14.957924279666269, 4.13818789722846, 0.9687977329729958], "k_pid_yaw": [0.5, 1e-06, 0.1], "k_pid_hsp": [9.792425973211603, 0.6667364117902513, 0.8533687038350597], "k_pid_vsp": [241.80187918126106, 265.12222405710014, 31.28464885473288]}, "datetime": {"datetime": "2025-08-12 08:53:23", "elapsed": 59283.20852446556, "delta": 40.90049767494202}, "costs": {"total_cost": 455.3414370986911, "time_cost": 105.09100000000001, "final_distance_cost": 1.786582525977822, "oscillation_cost": 232.94197631765195, "completition_cost": 0.0, "overshoot_cost": 62.04133178882382, "power_cost": 28.11605604248047, "noise_cost": 25.36449042375699, "n_waypoints_completed": 9, "tot_waypoints": 9}}
{"target": -365.02260604574616, "params": {"k_pid_pos": [1.0718208317079259, 0.23290784674106357, 0.8265199447345933], "k_pid_alt": [0.7614966422440155, 0.5170332241493268, 0.5586946873371513], "k_pid_att": [33.0403445594575, 9.385590778225865, 0.4389616612097553], "k_pid_yaw": [0.5, 1e-06, 0.1], "k_pid_hsp": [8.550099853767136, 0.8205065716734705, 0.0028130120069108644], "k_pid_vsp": [268.53620306645223, 325.40952766326967, 81.23756562527315]}, "datetime": {"datetime": "2025-08-12 08:53:56", "elapsed": 59315.62695169449, "delta": 32.41842722892761}, "costs": {"total_cost": 365.02260604574616, "time_cost": 101.82900000000001, "final_distance_cost": 1.7950047186189992, "oscillation_cost": 153.9063126218146, "completition_cost": 0.0, "overshoot_cost": 57.73612850431277, "power_cost": 25.708911071777344, "noise_cost": 24.04724912922245, "n_waypoints_completed": 9, "tot_waypoints": 9}}
{"target": -290.68349094875595, "params": {"k_pid_pos": [2.0, 0.08992763062187396, 0.4193647175921608], "k_pid_alt": [2.0, 1.0, 0.13793361874830048], "k_pid_att": [36.354688987345355, 7.118063201616342, 0.9822810310428458], "k_pid_yaw": [0.5, 1e-06, 0.1], "k_pid_hsp": [7.630212490282556, 0.0, 0.024336985450785983], "k_pid_vsp": [227.3127155640985, 326.11996474044633, 19.105241409504032]}, "datetime": {"datetime": "2025-08-12 08:54:35", "elapsed": 59354.906488657, "delta": 39.279536962509155}, "costs": {"total_cost": 290.68349094875595, "time_cost": 79.485, "final_distance_cost": 1.7395131601818519, "oscillation_cost": 115.03362632786089, "completition_cost": 0.0, "overshoot_cost": 52.588952532332435, "power_cost": 21.862145043945315, "noise_cost": 19.97425388443551, "n_waypoints_completed": 9, "tot_waypoints": 9}}
{"target": -498.25781073436065, "params": {"k_pid_pos": [1.9766524905682052, 0.001094015053349207, 0.0], "k_pid_alt": [1.9724630565290557, 0.500670670919795, 0.9123544117235749], "k_pid_att": [35.10339490770322, 3.3600104979326795, 1.0], "k_pid_yaw": [0.5, 1e-06, 0.1], "k_pid_hsp": [9.315731374092929, 0.5567704484517741, 0.7168066749750847], "k_pid_vsp": [333.7945570838118, 293.5578388215157, 228.9676955619327]}, "datetime": {"datetime": "2025-08-12 08:55:14", "elapsed": 59394.25982546806, "delta": 39.353336811065674}, "costs": {"total_cost": 498.25781073436065, "time_cost": 100.38, "final_distance_cost": 1.7766183778813718, "oscillation_cost": 277.80398958436484, "completition_cost": 0.0, "overshoot_cost": 62.542741269801695, "power_cost": 30.544476184082033, "noise_cost": 25.20998531823065, "n_waypoints_completed": 9, "tot_waypoints": 9}}
{"target": -1254.9759597824534, "params": {"k_pid_pos": [0.09866781640013159, 0.564806914549311, 0.3731609753907955], "k_pid_alt": [1.5979075772916511, 0.36587012623803317, 0.2086749254795962], "k_pid_att": [13.169172242702187, 7.920883890182688, 0.39103520981098105], "k_pid_yaw": [0.5, 1e-06, 0.1], "k_pid_hsp": [7.743684110529882, 0.38910555335337704, 0.5981339146517365], "k_pid_vsp": [179.00205321893782, 319.2601600578101, 12.991459495101633]}, "datetime": {"datetime": "2025-08-12 08:55:55", "elapsed": 59435.07695412636, "delta": 40.81712865829468}, "costs": {"total_cost": 1254.9759597824534, "time_cost": 150, "final_distance_cost": 49.44540865082221, "oscillation_cost": 280.16354383107705, "completition_cost": 666.6666666666667, "overshoot_cost": 49.70291456033919, "power_cost": 30.79440780029297, "noise_cost": 28.203018273255378, "n_waypoints_completed": 3, "tot_waypoints": 9}}
{"target": -558.5647217459651, "params": {"k_pid_pos": [0.7184457213456894, 0.11401391155366059, 0.4592795819906468], "k_pid_alt": [1.4588406542216885, 0.46952986359924775, 0.18303161611099406], "k_pid_att": [35.35867984721719, 4.45927222617575, 0.47822027277545553], "k_pid_yaw": [0.5, 1e-06, 0.1], "k_pid_hsp": [5.552123247118272, 0.4335920563717429, 0.7738910347725948], "k_pid_vsp": [221.10942452775188, 323.2915087911842, 28.204204883142065]}, "datetime": {"datetime": "2025-08-12 08:56:31", "elapsed": 59471.309520959854, "delta": 36.232566833496094}, "costs": {"total_cost": 558.5647217459651, "time_cost": 97.909, "final_distance_cost": 1.7837440497499037, "oscillation_cost": 352.9417616093706, "completition_cost": 0.0, "overshoot_cost": 54.34207961234261, "power_cost": 27.433011474609376, "noise_cost": 24.155124999892653, "n_waypoints_completed": 9, "tot_waypoints": 9}}
{"target": -373.1396387978818, "params": {"k_pid_pos": [1.312643024004207, 0.023970859891836338, 0.5822272514464846], "k_pid_alt": [1.7329294112139684, 0.21426909149200446, 0.13448034850404145], "k_pid_att": [17.93672831868589, 4.982150450328431, 0.8177568747543211], "k_pid_yaw": [0.5, 1e-06, 0.1], "k_pid_hsp": [7.773080166242372, 0.020255869774312374, 0.5685997495955863], "k_pid_vsp": [187.093836982745, 330.30655911030306, 10.48875216527145]}, "datetime": {"datetime": "2025-08-12 08:57:01", "elapsed": 59500.50941705704, "delta": 29.199896097183228}, "costs": {"total_cost": 373.1396387978818, "time_cost": 81.172, "final_distance_cost": 1.7938773305964946, "oscillation_cost": 197.35728700023918, "completition_cost": 0.0, "overshoot_cost": 51.190540506187254, "power_cost": 20.570324255371094, "noise_cost": 21.055609705487804, "n_waypoints_completed": 9, "tot_waypoints": 9}}
{"target": -713.0382482233496, "params": {"k_pid_pos": [0.4612706623733519, 0.38592377257289057, 0.4301332844875838], "k_pid_alt": [1.660916859687912, 0.7899209671889734, 0.149664436124879], "k_pid_att": [40.999136457072524, 9.918046405569957, 0.325106601949804], "k_pid_yaw": [0.5, 1e-06, 0.1], "k_pid_hsp": [5.160334411773149, 0.8038057775639936, 0.33780021677226935], "k_pid_vsp": [223.8651351708731, 314.99093550255725, 16.537050222037976]}, "datetime": {"datetime": "2025-08-12 08:57:35", "elapsed": 59534.482261657715, "delta": 33.97284460067749}, "costs": {"total_cost": 713.0382482233496, "time_cost": 111.909, "final_distance_cost": 1.7611828005173193, "oscillation_cost": 478.602648626743, "completition_cost": 0.0, "overshoot_cost": 60.21610199497738, "power_cost": 32.03328620605469, "noise_cost": 28.516028595057183, "n_waypoints_completed": 9, "tot_waypoints": 9}}
