{"target": -482.72832454900845, "params": {"k_pid_pos": [1.9800575870107757, 0.5666752089577239, 0.14371157838763982], "k_pid_alt": [1.8591365558108115, 0.6687222248373478, 0.3113796163171527], "k_pid_att": [21.382459620721672, 1.8049214070919906, 0.11392609961133116], "k_pid_yaw": [0.5, 1e-06, 0.1], "k_pid_hsp": [3.963093386026731, 0.8214801995717155, 0.9021593974428789], "k_pid_vsp": [184.93362602697277, 332.90309832914954, 9.010521733173244]}, "datetime": {"datetime": "2025-08-12 13:24:02", "elapsed": 75522.2198214531, "delta": 49.945838928222656}, "costs": {"total_cost": 482.72832454900845, "time_cost": 110.229, "final_distance_cost": 1.7749228918983653, "oscillation_cost": 248.1952006373866, "completition_cost": 0.0, "overshoot_cost": 61.62755193323404, "power_cost": 29.71756942138672, "noise_cost": 31.184079665102747, "n_waypoints_completed": 9, "tot_waypoints": 9}}
{"target": -403.85742970747367, "params": {"k_pid_pos": [1.396329855681366, 0.11550882113211325, 0.8972465444787475], "k_pid_alt": [0.6548019112881667, 0.5242864077563906, 0.19913719393458995], "k_pid_att": [14.296993511165734, 4.164171975520371, 0.7088050588709969], "k_pid_yaw": [0.5, 1e-06, 0.1], "k_pid_hsp": [8.363770098078094, 0.4677868897953089, 0.13460118669238497], "k_pid_vsp": [231.42639268554683, 45.98919315179567, 41.933281960330866]}, "datetime": {"datetime": "2025-08-12 13:24:38", "elapsed": 75558.05233025551, "delta": 35.83250880241394}, "costs": {"total_cost": 403.85742970747367, "time_cost": 89.22200000000001, "final_distance_cost": 1.7902031871975623, "oscillation_cost": 210.80880655958208, "completition_cost": 0.0, "overshoot_cost": 56.62933995013521, "power_cost": 23.692746740722658, "noise_cost": 21.714333269836196, "n_waypoints_completed": 9, "tot_waypoints": 9}}
{"target": -728.654213459165, "params": {"k_pid_pos": [0.6616070259938458, 0.5446180629027374, 0.9068137036084915], "k_pid_alt": [1.7150107875983507, 0.3305985678713954, 0.09442969232014042], "k_pid_att": [8.37638672312936, 6.8100664165933456, 0.3473403067608244], "k_pid_yaw": [0.5, 1e-06, 0.1], "k_pid_hsp": [8.718482597037191, 0.0471781185660376, 0.7499298753170309], "k_pid_vsp": [297.7987147322641, 342.09170306263434, 135.9965406747136]}, "datetime": {"datetime": "2025-08-12 13:25:28", "elapsed": 75607.77831983566, "delta": 49.72598958015442}, "costs": {"total_cost": 728.654213459165, "time_cost": 150, "final_distance_cost": 22.86704005138498, "oscillation_cost": 328.48343538174834, "completition_cost": 111.11111111111116, "overshoot_cost": 56.639272525853116, "power_cost": 31.593735791015625, "noise_cost": 27.9596185980518, "n_waypoints_completed": 8, "tot_waypoints": 9}}
{"target": -626.8359701448729, "params": {"k_pid_pos": [0.9335902239154726, 0.8181729170385756, 0.0], "k_pid_alt": [1.1671801196680516, 0.34532545026975975, 0.6791840332058477], "k_pid_att": [20.366408945271868, 1.5911379341691152, 0.8138604708816602], "k_pid_yaw": [0.5, 1e-06, 0.1], "k_pid_hsp": [8.959279355956797, 0.7299384378066726, 0.0], "k_pid_vsp": [305.40436862338373, 309.10830968863104, 167.26333145059934]}, "datetime": {"datetime": "2025-08-12 13:26:13", "elapsed": 75652.83688902855, "delta": 45.05856919288635}, "costs": {"total_cost": 626.8359701448729, "time_cost": 150, "final_distance_cost": 70.48870551281284, "oscillation_cost": 64.62520907249662, "completition_cost": 222.2222222222222, "overshoot_cost": 56.34657783128394, "power_cost": 33.779208935546876, "noise_cost": 29.37404657051045, "n_waypoints_completed": 7, "tot_waypoints": 9}}
{"target": -1408.6463431533798, "params": {"k_pid_pos": [0.22605087201042454, 0.3526536246397578, 0.8370627925790591], "k_pid_alt": [0.5353573650309444, 0.9220902923393475, 0.40594231393238334], "k_pid_att": [25.986560401097215, 4.341518150342531, 0.5861872295554502], "k_pid_yaw": [0.5, 1e-06, 0.1], "k_pid_hsp": [8.28821875825012, 0.36180241669201907, 0.2586616924862969], "k_pid_vsp": [213.6851331053224, 22.516809648455617, 52.71136662404743]}, "datetime": {"datetime": "2025-08-12 13:26:56", "elapsed": 75695.89107728004, "delta": 43.05418825149536}, "costs": {"total_cost": 1408.6463431533798, "time_cost": 150, "final_distance_cost": 49.453529770064236, "oscillation_cost": 531.218704497085, "completition_cost": 555.5555555555555, "overshoot_cost": 60.046465056595636, "power_cost": 32.7813037109375, "noise_cost": 29.590784563141924, "n_waypoints_completed": 4, "tot_waypoints": 9}}
{"target": -356.86862772817176, "params": {"k_pid_pos": [1.8910465545259045, 0.46774861999265316, 0.012581648551256874], "k_pid_alt": [0.8301317214578545, 0.31183853481982504, 0.07911943248331954], "k_pid_att": [8.571329451844479, 5.447894020134273, 0.8371627150021359], "k_pid_yaw": [0.5, 1e-06, 0.1], "k_pid_hsp": [2.304330013400126, 0.2838497090334018, 0.8590507110276645], "k_pid_vsp": [90.58521358730837, 193.8843535799368, 45.48357577224584]}, "datetime": {"datetime": "2025-08-12 13:27:56", "elapsed": 75756.32379412651, "delta": 60.432716846466064}, "costs": {"total_cost": 356.86862772817176, "time_cost": 93.884, "final_distance_cost": 1.7454269526867465, "oscillation_cost": 147.0423808294595, "completition_cost": 0.0, "overshoot_cost": 63.81962408192778, "power_cost": 26.63713787841797, "noise_cost": 23.740057985679826, "n_waypoints_completed": 9, "tot_waypoints": 9}}
{"target": -890.5917878138882, "params": {"k_pid_pos": [1.3926923568656484, 0.8647853303844714, 0.9647922782163749], "k_pid_alt": [0.37364547625505407, 0.9380621311501766, 0.8046274697126868], "k_pid_att": [7.115022621668254, 0.35677439888143747, 0.6924177352015457], "k_pid_yaw": [0.5, 1e-06, 0.1], "k_pid_hsp": [2.930435500049465, 0.13358823958128818, 0.38864073136548716], "k_pid_vsp": [233.35160993501222, 40.976889906555606, 35.17473299546235]}, "datetime": {"datetime": "2025-08-12 13:28:53", "elapsed": 75812.66662406921, "delta": 56.34282994270325}, "costs": {"total_cost": 890.5917878138882, "time_cost": 150, "final_distance_cost": 66.16879249862042, "oscillation_cost": 220.30258142767582, "completition_cost": 333.33333333333337, "overshoot_cost": 59.15630695238888, "power_cost": 32.62810098876953, "noise_cost": 29.002672613100273, "n_waypoints_completed": 6, "tot_waypoints": 9}}
{"target": -443.92662271931977, "params": {"k_pid_pos": [1.9508560804447046, 0.4054012614899919, 0.9413298173793919], "k_pid_alt": [0.1805576570212306, 0.12225200486562615, 0.4094408672932607], "k_pid_att": [4.233098449102901, 4.048545026465777, 0.4370140533696356], "k_pid_yaw": [0.5, 1e-06, 0.1], "k_pid_hsp": [6.850842470563551, 0.8517420069127769, 0.9727834592876159], "k_pid_vsp": [271.68781394435405, 358.6214437945862, 29.812272837955398]}, "datetime": {"datetime": "2025-08-12 13:29:36", "elapsed": 75855.45240139961, "delta": 42.78577733039856}, "costs": {"total_cost": 443.92662271931977, "time_cost": 111.209, "final_distance_cost": 1.7677496339940866, "oscillation_cost": 212.96766403663875, "completition_cost": 0.0, "overshoot_cost": 60.572755937267246, "power_cost": 29.900444079589846, "noise_cost": 27.509009031829805, "n_waypoints_completed": 9, "tot_waypoints": 9}}
{"target": -511.71437357562695, "params": {"k_pid_pos": [0.7200090889425712, 0.0010112018802845846, 0.9530280824853853], "k_pid_alt": [1.801352667818889, 0.5645621661268724, 0.36566039508371606], "k_pid_att": [12.924069904684421, 0.9390951042337607, 0.01764154794476458], "k_pid_yaw": [0.5, 1e-06, 0.1], "k_pid_hsp": [7.977941338097463, 0.9803048401161473, 0.1438644744339279], "k_pid_vsp": [274.59276504475093, 272.08883545398163, 47.4645534749184]}, "datetime": {"datetime": "2025-08-12 13:30:20", "elapsed": 75899.9107170105, "delta": 44.45831561088562}, "costs": {"total_cost": 511.71437357562695, "time_cost": 88.32600000000001, "final_distance_cost": 1.8359401357176264, "oscillation_cost": 323.94336311112494, "completition_cost": 0.0, "overshoot_cost": 53.09998365099755, "power_cost": 22.60575487060547, "noise_cost": 21.903331807181317, "n_waypoints_completed": 9, "tot_waypoints": 9}}
{"target": -493.077721428603, "params": {"k_pid_pos": [1.321435669761371, 0.10646822080986906, 0.3438177731225337], "k_pid_alt": [0.33831491438488626, 0.8969040695102918, 0.8913068547410706], "k_pid_att": [8.280709150732823, 0.5308968905570677, 0.24138885364194984], "k_pid_yaw": [0.5, 1e-06, 0.1], "k_pid_hsp": [1.8943007832069163, 0.1340038696900826, 0.42762976524993623], "k_pid_vsp": [226.3058770840813, 41.500741492681044, 40.23051633687584]}, "datetime": {"datetime": "2025-08-12 13:31:21", "elapsed": 75960.42503809929, "delta": 60.514321088790894}, "costs": {"total_cost": 493.077721428603, "time_cost": 103.733, "final_distance_cost": 1.733225970899874, "oscillation_cost": 268.94780252187985, "completition_cost": 0.0, "overshoot_cost": 65.22825517326069, "power_cost": 28.071587548828127, "noise_cost": 25.363850213734505, "n_waypoints_completed": 9, "tot_waypoints": 9}}
{"target": -315.79912045098354, "params": {"k_pid_pos": [1.161622737469626, 0.07430803684005138, 0.14647172902246186], "k_pid_alt": [0.8873059039433209, 0.20516018416894233, 0.4981859185525288], "k_pid_att": [8.72862016717666, 7.355872096390472, 0.9674741896194101], "k_pid_yaw": [0.5, 1e-06, 0.1], "k_pid_hsp": [8.421532908712415, 0.2637794727281756, 0.15951690519518624], "k_pid_vsp": [73.8119515718854, 349.10257719632295, 149.34696837001115]}, "datetime": {"datetime": "2025-08-12 13:32:15", "elapsed": 76014.41674399376, "delta": 53.991705894470215}, "costs": {"total_cost": 315.79912045098354, "time_cost": 92.169, "final_distance_cost": 1.7945697464409183, "oscillation_cost": 119.16732912837075, "completition_cost": 0.0, "overshoot_cost": 55.645287824785214, "power_cost": 24.627459802246094, "noise_cost": 22.395473949140516, "n_waypoints_completed": 9, "tot_waypoints": 9}}
{"target": -1072.8959222829321, "params": {"k_pid_pos": [0.5280972093918204, 0.804424927788821, 0.7883634993789744], "k_pid_alt": [0.6911104747395886, 0.37570498250608586, 0.9045838208472772], "k_pid_att": [16.98101124484882, 9.70794977920476, 0.9097461740615035], "k_pid_yaw": [0.5, 1e-06, 0.1], "k_pid_hsp": [9.351991706178014, 0.963211149532306, 0.22523461555477864], "k_pid_vsp": [48.998160443755225, 340.8048187145685, 142.72036270512353]}, "datetime": {"datetime": "2025-08-12 13:32:57", "elapsed": 76056.9980430603, "delta": 42.58129906654358}, "costs": {"total_cost": 1072.8959222829321, "time_cost": 150, "final_distance_cost": 49.389504427539926, "oscillation_cost": 317.55578246111617, "completition_cost": 444.4444444444444, "overshoot_cost": 49.78452688487904, "power_cost": 31.09276403808594, "noise_cost": 30.628900026866877, "n_waypoints_completed": 5, "tot_waypoints": 9}}
{"target": -723.2603315221264, "params": {"k_pid_pos": [1.1206663743965166, 0.645672032682639, 0.2828467026881507], "k_pid_alt": [1.199033292977359, 0.3554178929063274, 0.620081289779972], "k_pid_att": [20.353409380571097, 0.8793370120844113, 0.8667539423201784], "k_pid_yaw": [0.5, 1e-06, 0.1], "k_pid_hsp": [1.0785564437111779, 0.6035781321122665, 0.7064147404220654], "k_pid_vsp": [185.1295159129192, 340.4153479006903, 3.5491331376978135]}, "datetime": {"datetime": "2025-08-12 13:33:42", "elapsed": 76101.5823135376, "delta": 44.58427047729492}, "costs": {"total_cost": 723.2603315221264, "time_cost": 150, "final_distance_cost": 59.36599445769502, "oscillation_cost": 161.15102578146997, "completition_cost": 222.2222222222222, "overshoot_cost": 65.83625813427162, "power_cost": 31.518003649902344, "noise_cost": 33.166827276565314, "n_waypoints_completed": 7, "tot_waypoints": 9}}
{"target": -447.9279170806092, "params": {"k_pid_pos": [0.6090624705160116, 0.375609432827433, 0.11441355031293488], "k_pid_alt": [0.8546884529260801, 0.053181186896431365, 0.0926581959701499], "k_pid_att": [13.137068777328976, 0.52974320252659, 0.52852779535303], "k_pid_yaw": [0.5, 1e-06, 0.1], "k_pid_hsp": [1.280337618541353, 0.3554858635178444, 0.2791296959339584], "k_pid_vsp": [245.44611919361614, 260.4769374755712, 20.182623314615647]}, "datetime": {"datetime": "2025-08-12 13:34:27", "elapsed": 76147.37022399902, "delta": 45.78791046142578}, "costs": {"total_cost": 447.9279170806092, "time_cost": 119.056, "final_distance_cost": 1.7516028297209287, "oscillation_cost": 214.6052815515498, "completition_cost": 0.0, "overshoot_cost": 53.85625992275439, "power_cost": 30.317957568359375, "noise_cost": 28.340815208224726, "n_waypoints_completed": 9, "tot_waypoints": 9}}
{"target": -604.5881533990957, "params": {"k_pid_pos": [1.6837577513299027, 0.23780510868787763, 0.11897890240462006], "k_pid_alt": [1.9776034458486953, 0.9982220223393108, 0.8652471654636875], "k_pid_att": [10.85393661013766, 5.361145030075236, 0.29624766202052955], "k_pid_yaw": [0.5, 1e-06, 0.1], "k_pid_hsp": [0.2695400308514063, 0.8593368975915844, 0.3544771418767674], "k_pid_vsp": [234.0479294436439, 254.13038633406788, 23.473064677846406]}, "datetime": {"datetime": "2025-08-12 13:35:18", "elapsed": 76197.54156756401, "delta": 50.17134356498718}, "costs": {"total_cost": 604.5881533990957, "time_cost": 150, "final_distance_cost": 68.13405564384503, "oscillation_cost": 139.15616801606578, "completition_cost": 111.11111111111116, "overshoot_cost": 70.57941771453177, "power_cost": 32.77319934082031, "noise_cost": 32.83420157272173, "n_waypoints_completed": 8, "tot_waypoints": 9}}
{"target": -300.05488909545585, "params": {"k_pid_pos": [1.3015554006123327, 0.1145298313021813, 0.19790891011420275], "k_pid_alt": [1.520292065890155, 0.9354584173526119, 0.435551013205022], "k_pid_att": [8.938717560667408, 1.3211561998555323, 0.6583125197895799], "k_pid_yaw": [0.5, 1e-06, 0.1], "k_pid_hsp": [6.879020642502408, 0.8508427683304978, 0.19873344838993134], "k_pid_vsp": [79.03567793713484, 191.31435766320328, 38.364472567763315]}, "datetime": {"datetime": "2025-08-12 13:35:52", "elapsed": 76231.71797919273, "delta": 34.176411628723145}, "costs": {"total_cost": 300.05488909545585, "time_cost": 86.506, "final_distance_cost": 1.7489857437198488, "oscillation_cost": 114.77488232492966, "completition_cost": 0.0, "overshoot_cost": 53.57735062719374, "power_cost": 22.54494276123047, "noise_cost": 20.902727638382128, "n_waypoints_completed": 9, "tot_waypoints": 9}}
{"target": -491.7746808542849, "params": {"k_pid_pos": [1.3491504320537828, 0.5536767779203211, 0.6417102151506062], "k_pid_alt": [1.728565831893434, 0.10821896130759712, 0.7539683944538537], "k_pid_att": [17.22038916593871, 5.03832144952186, 0.1912929379363505], "k_pid_yaw": [0.5, 1e-06, 0.1], "k_pid_hsp": [7.338279796926959, 0.06388407575310884, 0.8370123352968983], "k_pid_vsp": [244.21761866105754, 269.74750923846216, 42.28861957452066]}, "datetime": {"datetime": "2025-08-12 13:36:33", "elapsed": 76272.9707043171, "delta": 41.25272512435913}, "costs": {"total_cost": 491.7746808542849, "time_cost": 89.019, "final_distance_cost": 1.7870236400592374, "oscillation_cost": 303.35338737241926, "completition_cost": 0.0, "overshoot_cost": 52.561242109427624, "power_cost": 23.09684675292969, "noise_cost": 21.957180979449113, "n_waypoints_completed": 9, "tot_waypoints": 9}}
{"target": -1429.874950199901, "params": {"k_pid_pos": [0.3144251029633247, 0.7807485039805424, 0.5014077769162643], "k_pid_alt": [0.21469487291786127, 0.16119060220916492, 0.8060362600457486], "k_pid_att": [12.820796703758642, 0.938652672489051, 0.005228568613851015], "k_pid_yaw": [0.5, 1e-06, 0.1], "k_pid_hsp": [0.6675953611796708, 0.4144366008013364, 0.5950328327727518], "k_pid_vsp": [273.8527992918516, 369.44983083480764, 25.99077365528143]}, "datetime": {"datetime": "2025-08-12 13:37:15", "elapsed": 76314.87350940704, "delta": 41.90280508995056}, "costs": {"total_cost": 1429.874950199901, "time_cost": 150, "final_distance_cost": 53.88615411248797, "oscillation_cost": 549.0683423146845, "completition_cost": 555.5555555555555, "overshoot_cost": 61.19352305465365, "power_cost": 31.08694927978516, "noise_cost": 29.084425882734138, "n_waypoints_completed": 4, "tot_waypoints": 9}}
{"target": -316.55321969935517, "params": {"k_pid_pos": [1.697513535459128, 0.004457284300698916, 0.11223339848171354], "k_pid_alt": [0.7887141382820286, 0.1368457314331304, 0.46087988145340053], "k_pid_att": [12.479775699409846, 2.9676017162632973, 0.7773435906455645], "k_pid_yaw": [0.5, 1e-06, 0.1], "k_pid_hsp": [9.626161532394727, 0.443098271466419, 0.8714893939300966], "k_pid_vsp": [181.66848334419404, 320.0533488901373, 15.215332863643075]}, "datetime": {"datetime": "2025-08-12 13:37:54", "elapsed": 76354.2876586914, "delta": 39.41414928436279}, "costs": {"total_cost": 316.55321969935517, "time_cost": 82.124, "final_distance_cost": 1.7585329013170778, "oscillation_cost": 137.70812330695986, "completition_cost": 0.0, "overshoot_cost": 51.54038599295029, "power_cost": 22.409966223144533, "noise_cost": 21.012211274983446, "n_waypoints_completed": 9, "tot_waypoints": 9}}
{"target": -1086.879906908078, "params": {"k_pid_pos": [1.677685610947527, 0.9369543606647858, 0.5253138547637023], "k_pid_alt": [0.5129816662061761, 0.9694772889129708, 0.2762538580446602], "k_pid_att": [48.33883219691484, 1.2059765509219753, 0.6617123682237941], "k_pid_yaw": [0.5, 1e-06, 0.1], "k_pid_hsp": [1.855765486023205, 0.3902239515765946, 0.40826145685853765], "k_pid_vsp": [233.41800093783144, 330.11359896469975, 18.6842421949541]}, "datetime": {"datetime": "2025-08-12 13:38:44", "elapsed": 76404.01295089722, "delta": 49.72529220581055}, "costs": {"total_cost": 1086.879906908078, "time_cost": 150, "final_distance_cost": 52.66121542041038, "oscillation_cost": 196.74736402539048, "completition_cost": 555.5555555555555, "overshoot_cost": 63.55453631200915, "power_cost": 36.45629033203125, "noise_cost": 31.90494526268111, "n_waypoints_completed": 4, "tot_waypoints": 9}}
{"target": -307.1366628278604, "params": {"k_pid_pos": [2.0, 0.0, 0.016883771285640767], "k_pid_alt": [2.0, 0.0, 0.0], "k_pid_att": [42.79957130834105, 0.0001, 0.9718980404689928], "k_pid_yaw": [0.5, 1e-06, 0.1], "k_pid_hsp": [0.0001, 1.0, 0.05911746821150405], "k_pid_vsp": [215.20229491855872, 235.00961488308792, 133.47363254475127]}, "datetime": {"datetime": "2025-08-12 13:39:23", "elapsed": 76442.79031920433, "delta": 38.77736830711365}, "costs": {"total_cost": 307.1366628278604, "time_cost": 93.842, "final_distance_cost": 1.8224616144703225, "oscillation_cost": 72.74337918188847, "completition_cost": 0.0, "overshoot_cost": 81.55816675681497, "power_cost": 27.81697908935547, "noise_cost": 29.353676185331143, "n_waypoints_completed": 9, "tot_waypoints": 9}}
{"target": -286.40411371596423, "params": {"k_pid_pos": [2.0, 0.47040053450219366, 0.8400850172902893], "k_pid_alt": [2.0, 0.0724364079069406, 0.31447066266247886], "k_pid_att": [37.412553377475454, 8.081675672092784, 0.5252439090150564], "k_pid_yaw": [0.5, 1e-06, 0.1], "k_pid_hsp": [8.603666464800373, 0.42469785990116704, 0.0], "k_pid_vsp": [269.62446219028845, 320.3217923895404, 73.9297994818669]}, "datetime": {"datetime": "2025-08-12 13:39:55", "elapsed": 76475.2352836132, "delta": 32.44496440887451}, "costs": {"total_cost": 286.40411371596423, "time_cost": 79.751, "final_distance_cost": 1.750109322405258, "oscillation_cost": 112.27899206694933, "completition_cost": 0.0, "overshoot_cost": 51.390317846946985, "power_cost": 21.393776306152343, "noise_cost": 19.839918173510334, "n_waypoints_completed": 9, "tot_waypoints": 9}}
{"target": -422.05632340485204, "params": {"k_pid_pos": [1.9630118766358366, 0.44199941547476607, 0.6178286706976126], "k_pid_alt": [0.5899145573036451, 0.06740219330172192, 0.5803728442766115], "k_pid_att": [13.81505820045673, 9.223280924308675, 0.5492311191885315], "k_pid_yaw": [0.5, 1e-06, 0.1], "k_pid_hsp": [5.146931900859814, 0.45565854517206594, 0.9773195303223431], "k_pid_vsp": [230.30831542478322, 259.3282024746764, 31.541196878501797]}, "datetime": {"datetime": "2025-08-12 13:40:34", "elapsed": 76513.89866757393, "delta": 38.66338396072388}, "costs": {"total_cost": 422.05632340485204, "time_cost": 91.882, "final_distance_cost": 1.7560319576160612, "oscillation_cost": 226.79556312709127, "completition_cost": 0.0, "overshoot_cost": 53.3070017218093, "power_cost": 25.077925830078126, "noise_cost": 23.2378007682573, "n_waypoints_completed": 9, "tot_waypoints": 9}}
{"target": -400.9985218547892, "params": {"k_pid_pos": [0.7624037314098331, 0.6642445207606816, 0.3943739189121265], "k_pid_alt": [0.9713549259970187, 0.44919099253262396, 0.9947795607130697], "k_pid_att": [20.70741551841818, 8.019663770189945, 0.9181184756671392], "k_pid_yaw": [0.5, 1e-06, 0.1], "k_pid_hsp": [8.319394986346905, 0.9454620176008547, 0.18256485288603097], "k_pid_vsp": [256.61429645818407, 270.0263287160595, 28.109553941039067]}, "datetime": {"datetime": "2025-08-12 13:41:20", "elapsed": 76559.46169638634, "delta": 45.56302881240845}, "costs": {"total_cost": 400.9985218547892, "time_cost": 100.87, "final_distance_cost": 1.774674071005133, "oscillation_cost": 193.64317525986218, "completition_cost": 0.0, "overshoot_cost": 53.230672388334625, "power_cost": 26.64392106933594, "noise_cost": 24.83607906625137, "n_waypoints_completed": 9, "tot_waypoints": 9}}
{"target": -248.71000499396294, "params": {"k_pid_pos": [1.4826135964709102, 0.2476804094007039, 0.3457718008646383], "k_pid_alt": [1.8936115790964207, 0.9753879833194533, 0.9147139818398239], "k_pid_att": [12.704417674132817, 4.39625233006417, 0.8405578047831307], "k_pid_yaw": [0.5, 1e-06, 0.1], "k_pid_hsp": [3.9370021776771233, 0.9211589099893659, 0.0404052343954614], "k_pid_vsp": [191.43000248098923, 327.69151435300455, 0.6827992906647045]}, "datetime": {"datetime": "2025-08-12 13:41:53", "elapsed": 76592.58415174484, "delta": 33.12245535850525}, "costs": {"total_cost": 248.71000499396294, "time_cost": 80.584, "final_distance_cost": 1.7643038766350825, "oscillation_cost": 74.42768365689204, "completition_cost": 0.0, "overshoot_cost": 51.06713842967775, "power_cost": 17.999909118652344, "noise_cost": 22.866969912105702, "n_waypoints_completed": 9, "tot_waypoints": 9}}
