{"target": -598.065604934577, "params": {"k_pid_pos": [1.711556783315223, 0.6735015717006028, 0.7850915129832545], "k_pid_alt": [0.5618281873853654, 0.09957665258885584, 0.9870206418145403], "k_pid_att": [14.413425231086874, 3.3667131312231464, 0.04063656360661505], "k_pid_yaw": [0.5, 1e-06, 0.1], "k_pid_hsp": [6.169437733035219, 0.1352609776860656, 0.7933761318451226], "k_pid_vsp": [179.92433494762793, 341.7987327267543, 11.00686976197347]}, "datetime": {"datetime": "2025-08-12 10:37:36", "elapsed": 65535.76451873779, "delta": 45.03020238876343}, "costs": {"total_cost": 598.065604934577, "time_cost": 111.153, "final_distance_cost": 1.7580305794888085, "oscillation_cost": 373.19710460235035, "completition_cost": 0.0, "overshoot_cost": 54.43037331875714, "power_cost": 28.749816552734377, "noise_cost": 28.777279881246262, "n_waypoints_completed": 9, "tot_waypoints": 9}}
{"target": -532.7227574573108, "params": {"k_pid_pos": [1.8428395741195838, 0.18489674261158118, 0.6229093395564426], "k_pid_alt": [0.9371051003961075, 0.6944137082393061, 0.1195615453131661], "k_pid_att": [31.790611068166886, 8.603262028783728, 0.39221641576933886], "k_pid_yaw": [0.5, 1e-06, 0.1], "k_pid_hsp": [4.717081758672391, 0.6138699081883113, 0.8913318257153899], "k_pid_vsp": [374.2059396502892, 254.58352861741133, 225.09291834187522]}, "datetime": {"datetime": "2025-08-12 10:38:32", "elapsed": 65591.64868688583, "delta": 55.88416814804077}, "costs": {"total_cost": 532.7227574573108, "time_cost": 102.116, "final_distance_cost": 1.76389478950898, "oscillation_cost": 312.6401150794393, "completition_cost": 0.0, "overshoot_cost": 61.814671814825196, "power_cost": 29.37383044433594, "noise_cost": 25.014245329201312, "n_waypoints_completed": 9, "tot_waypoints": 9}}
{"target": -1263.6836567663822, "params": {"k_pid_pos": [0.1123768637903056, 0.2101918463562088, 0.30836972688217534], "k_pid_alt": [1.2779890654506751, 0.4045518017264219, 0.4444506702078632], "k_pid_att": [56.78135503856384, 2.8092580387074593, 0.801648615152152], "k_pid_yaw": [0.5, 1e-06, 0.1], "k_pid_hsp": [8.39419996822258, 0.02943018258410013, 0.44699882781216116], "k_pid_vsp": [188.75256385536227, 312.50384917692634, 149.03458518962287]}, "datetime": {"datetime": "2025-08-12 10:39:12", "elapsed": 65632.14642500877, "delta": 40.49773812294006}, "costs": {"total_cost": 1263.6836567663822, "time_cost": 150, "final_distance_cost": 67.52681447342354, "oscillation_cost": 592.5473391915542, "completition_cost": 333.33333333333337, "overshoot_cost": 58.46968001798325, "power_cost": 33.99506508789062, "noise_cost": 27.811424662197428, "n_waypoints_completed": 6, "tot_waypoints": 9}}
{"target": -884.3839409425524, "params": {"k_pid_pos": [0.8055657836765844, 0.8386204295051554, 0.37961566048082596], "k_pid_alt": [1.0929728690517369, 0.9188430122827436, 0.6120851119704959], "k_pid_att": [23.719275347302982, 8.771247346872249, 0.02488781416450936], "k_pid_yaw": [0.5, 1e-06, 0.1], "k_pid_hsp": [3.3487424458735813, 0.8612276672848157, 0.9147234214681721], "k_pid_vsp": [185.41987484484633, 330.26167096165676, 11.69891253884656]}, "datetime": {"datetime": "2025-08-12 10:39:52", "elapsed": 65671.77666068077, "delta": 39.63023567199707}, "costs": {"total_cost": 884.3839409425524, "time_cost": 150, "final_distance_cost": 79.97620120282365, "oscillation_cost": 288.2128167642684, "completition_cost": 222.2222222222222, "overshoot_cost": 76.5770425225582, "power_cost": 34.147804724121094, "noise_cost": 33.247853506558855, "n_waypoints_completed": 7, "tot_waypoints": 9}}
{"target": -564.0820950412912, "params": {"k_pid_pos": [1.1675189838611455, 0.19948632871768168, 0.22865543230767515], "k_pid_alt": [1.9627256199148904, 0.4244977529393107, 0.7597634197832015], "k_pid_att": [56.333055450935646, 5.917757499452544, 0.42781380726338536], "k_pid_yaw": [0.5, 1e-06, 0.1], "k_pid_hsp": [3.1455980352560884, 0.4954823907400149, 0.7250649535849731], "k_pid_vsp": [216.51206614934773, 94.50554469720961, 39.77819734205424]}, "datetime": {"datetime": "2025-08-12 10:40:29", "elapsed": 65708.45522761345, "delta": 36.67856693267822}, "costs": {"total_cost": 564.0820950412912, "time_cost": 105.994, "final_distance_cost": 1.7884742661874653, "oscillation_cost": 342.4749458899147, "completition_cost": 0.0, "overshoot_cost": 56.63039913294393, "power_cost": 31.052510388183595, "noise_cost": 26.141765364061435, "n_waypoints_completed": 9, "tot_waypoints": 9}}
{"target": -456.1267535491576, "params": {"k_pid_pos": [1.3310546973504123, 0.15250236462251632, 0.8720659167389738], "k_pid_alt": [0.5556362773016958, 0.6798343175915927, 0.448944314211815], "k_pid_att": [6.315719087948146, 1.0748712699355367, 0.10955489066812973], "k_pid_yaw": [0.5, 1e-06, 0.1], "k_pid_hsp": [4.368172016823106, 0.5722910043029057, 0.9953664399426367], "k_pid_vsp": [269.30286809092075, 355.5803070871693, 32.81057798371218]}, "datetime": {"datetime": "2025-08-12 10:41:13", "elapsed": 65752.63419818878, "delta": 44.17897057533264}, "costs": {"total_cost": 456.1267535491576, "time_cost": 94.647, "final_distance_cost": 1.805266792531269, "oscillation_cost": 252.01567633696527, "completition_cost": 0.0, "overshoot_cost": 59.36269248305949, "power_cost": 25.148675659179688, "noise_cost": 23.147442277421852, "n_waypoints_completed": 9, "tot_waypoints": 9}}
{"target": -678.9831280772434, "params": {"k_pid_pos": [1.1346133045151447, 0.9794232999304419, 0.01958717962246237], "k_pid_alt": [1.1555818491773617, 0.37320299483099206, 0.9242199199996756], "k_pid_att": [45.01984691713846, 6.653570398803337, 0.49946201188440154], "k_pid_yaw": [0.5, 1e-06, 0.1], "k_pid_hsp": [9.649819113932049, 0.36561705713415305, 0.6204386257408783], "k_pid_vsp": [271.6167004659105, 327.2857549478628, 70.17584434703018]}, "datetime": {"datetime": "2025-08-12 10:41:53", "elapsed": 65792.49453806877, "delta": 39.860339879989624}, "costs": {"total_cost": 678.9831280772434, "time_cost": 150, "final_distance_cost": 73.53626330875626, "oscillation_cost": 209.0817801604155, "completition_cost": 111.11111111111116, "overshoot_cost": 67.00191890171357, "power_cost": 37.962439477539064, "noise_cost": 30.28961511770775, "n_waypoints_completed": 8, "tot_waypoints": 9}}
{"target": -1292.0451845125053, "params": {"k_pid_pos": [2.0, 0.0, 1.0], "k_pid_alt": [2.0, 1.0, 0.0], "k_pid_att": [38.90340303880655, 1.1367944965900427, 1.0], "k_pid_yaw": [0.5, 1e-06, 0.1], "k_pid_hsp": [0.0001, 1.0, 0.0], "k_pid_vsp": [185.47472223286772, 306.2118308878264, 143.02870774209228]}, "datetime": {"datetime": "2025-08-12 10:42:36", "elapsed": 65835.98272538185, "delta": 43.488187313079834}, "costs": {"total_cost": 1292.0451845125053, "time_cost": 150, "final_distance_cost": 91.82051041388723, "oscillation_cost": 122.82843033702298, "completition_cost": 777.7777777777778, "overshoot_cost": 80.83752935760694, "power_cost": 35.90236060791016, "noise_cost": 32.8785760183002, "n_waypoints_completed": 2, "tot_waypoints": 9}}
{"target": -454.2931993562181, "params": {"k_pid_pos": [1.9463508297306362, 0.6638991394145766, 0.0], "k_pid_alt": [1.2451602594422009, 0.44898773424828614, 0.0], "k_pid_att": [5.47825964461734, 7.708173971586112, 1.0], "k_pid_yaw": [0.5, 1e-06, 0.1], "k_pid_hsp": [9.681434980072346, 0.8318752703891644, 0.930597634463407], "k_pid_vsp": [281.818216408084, 352.6421009600013, 22.745993228426876]}, "datetime": {"datetime": "2025-08-12 10:43:16", "elapsed": 65875.84753131866, "delta": 39.864805936813354}, "costs": {"total_cost": 454.2931993562181, "time_cost": 118.608, "final_distance_cost": 1.73589528914464, "oscillation_cost": 204.34884322719563, "completition_cost": 0.0, "overshoot_cost": 65.3465038047507, "power_cost": 33.53879781494141, "noise_cost": 30.715159220185743, "n_waypoints_completed": 9, "tot_waypoints": 9}}
{"target": -530.8735251082604, "params": {"k_pid_pos": [0.20804622164957373, 0.3683439045252618, 0.06936738035559764], "k_pid_alt": [1.5573237961078503, 0.5785788193580926, 0.14036941944425585], "k_pid_att": [22.111330555200194, 5.652485560115882, 0.48061910282930653], "k_pid_yaw": [0.5, 1e-06, 0.1], "k_pid_hsp": [6.540832443823617, 0.7427970244964109, 0.9481092823244939], "k_pid_vsp": [253.3741964065313, 275.6566912432731, 38.62498379361518]}, "datetime": {"datetime": "2025-08-12 10:43:56", "elapsed": 65915.86770868301, "delta": 40.020177364349365}, "costs": {"total_cost": 530.8735251082604, "time_cost": 110.026, "final_distance_cost": 1.8144992048646649, "oscillation_cost": 307.14895407424535, "completition_cost": 0.0, "overshoot_cost": 56.61540293112834, "power_cost": 28.485916345214847, "noise_cost": 26.782752552807214, "n_waypoints_completed": 9, "tot_waypoints": 9}}
{"target": -370.47336434617324, "params": {"k_pid_pos": [1.8020676592802152, 0.020205564504323426, 0.25621743381573603], "k_pid_alt": [1.9152033943396538, 0.9763079041314405, 0.2770033989103461], "k_pid_att": [10.474789635234238, 1.0560477090703224, 0.10910203811534736], "k_pid_yaw": [0.5, 1e-06, 0.1], "k_pid_hsp": [6.645154961370501, 0.6162982541274142, 0.6352190836433685], "k_pid_vsp": [237.63269588483715, 275.6447434640086, 23.50008449510366]}, "datetime": {"datetime": "2025-08-12 10:44:27", "elapsed": 65946.89782691002, "delta": 31.030118227005005}, "costs": {"total_cost": 370.47336434617324, "time_cost": 81.284, "final_distance_cost": 1.7399872410867525, "oscillation_cost": 191.8132889833274, "completition_cost": 0.0, "overshoot_cost": 52.784046104203306, "power_cost": 22.101774658203126, "noise_cost": 20.750267359352694, "n_waypoints_completed": 9, "tot_waypoints": 9}}
{"target": -497.7901661389593, "params": {"k_pid_pos": [1.1047444308553411, 0.7368779281476661, 0.08546223746891124], "k_pid_alt": [1.142396256518088, 0.8075509436170399, 0.6550406882874896], "k_pid_att": [10.208893105080163, 7.35002373236977, 0.21111638600996296], "k_pid_yaw": [0.5, 1e-06, 0.1], "k_pid_hsp": [6.070622640980515, 0.7718734868250977, 0.9227188424938552], "k_pid_vsp": [177.70348512156176, 332.60944955090747, 6.792198786265642]}, "datetime": {"datetime": "2025-08-12 10:45:14", "elapsed": 65993.5979423523, "delta": 46.700115442276}, "costs": {"total_cost": 497.7901661389593, "time_cost": 118.87400000000001, "final_distance_cost": 1.7602901828360007, "oscillation_cost": 247.40328857242218, "completition_cost": 0.0, "overshoot_cost": 65.68263973647478, "power_cost": 29.63946979980469, "noise_cost": 34.43047784742158, "n_waypoints_completed": 9, "tot_waypoints": 9}}
{"target": -500.2565390490132, "params": {"k_pid_pos": [1.0590633286478854, 0.46601745753873325, 0.04840175390290591], "k_pid_alt": [1.5332582011056461, 0.5503730620206291, 0.35725073484134817], "k_pid_att": [25.73337981713101, 0.46477874734497565, 0.8980951692672923], "k_pid_yaw": [0.5, 1e-06, 0.1], "k_pid_hsp": [3.6787314515714082, 0.3091238376501432, 0.5394943304357556], "k_pid_vsp": [73.75232707208599, 202.16191738116135, 48.73016276154271]}, "datetime": {"datetime": "2025-08-12 10:45:56", "elapsed": 66036.1573870182, "delta": 42.55944466590881}, "costs": {"total_cost": 500.2565390490132, "time_cost": 101.269, "final_distance_cost": 1.7843830035329682, "oscillation_cost": 286.7311202481657, "completition_cost": 0.0, "overshoot_cost": 58.024864203878536, "power_cost": 27.426694018554688, "noise_cost": 25.02047757488126, "n_waypoints_completed": 9, "tot_waypoints": 9}}
{"target": -474.1227642772525, "params": {"k_pid_pos": [2.0, 1.0, 0.0], "k_pid_alt": [2.0, 0.0, 0.0], "k_pid_att": [28.78022241282058, 4.1137236910209545, 0.0], "k_pid_yaw": [0.5, 1e-06, 0.1], "k_pid_hsp": [5.751366146999573, 0.0, 1.0], "k_pid_vsp": [196.2222245436399, 320.9855645278758, 241.97488895132457]}, "datetime": {"datetime": "2025-08-12 10:46:34", "elapsed": 66073.88658332825, "delta": 37.729196310043335}, "costs": {"total_cost": 474.1227642772525, "time_cost": 107.751, "final_distance_cost": 1.7780054854259821, "oscillation_cost": 232.24469094091313, "completition_cost": 0.0, "overshoot_cost": 70.92121903846494, "power_cost": 32.23069805908203, "noise_cost": 29.19715075336638, "n_waypoints_completed": 9, "tot_waypoints": 9}}
{"target": -598.3723616186244, "params": {"k_pid_pos": [0.9580310742131319, 0.4837424226411552, 0.6440984781183591], "k_pid_alt": [1.894622610953039, 0.4992715001952467, 0.9349325301050833], "k_pid_att": [34.362112747608805, 3.0986553328047854, 0.7356314381234654], "k_pid_yaw": [0.5, 1e-06, 0.1], "k_pid_hsp": [6.999402664351729, 0.877738085139842, 0.4271196323654515], "k_pid_vsp": [239.38271891025295, 26.051602542275116, 47.44968360792787]}, "datetime": {"datetime": "2025-08-12 10:47:11", "elapsed": 66111.22814416885, "delta": 37.34156084060669}, "costs": {"total_cost": 598.3723616186244, "time_cost": 106.036, "final_distance_cost": 1.7444746964470703, "oscillation_cost": 379.2260554751785, "completition_cost": 0.0, "overshoot_cost": 56.08956876212973, "power_cost": 29.575242602539063, "noise_cost": 25.701020082329986, "n_waypoints_completed": 9, "tot_waypoints": 9}}
{"target": -249.66010300554734, "params": {"k_pid_pos": [0.5188068032937634, 0.6446824661083581, 0.4670239795856206], "k_pid_alt": [1.3813039646541656, 0.6702598033263538, 0.2088003833200649], "k_pid_att": [10.436153589376328, 4.561761143247943, 0.32175108912294925], "k_pid_yaw": [0.5, 1e-06, 0.1], "k_pid_hsp": [6.603869602016845, 0.39186181083103777, 0.00885115516341417], "k_pid_vsp": [229.83457861918546, 272.8028888603604, 37.142998258006095]}, "datetime": {"datetime": "2025-08-12 10:47:52", "elapsed": 66151.67658758163, "delta": 40.44844341278076}, "costs": {"total_cost": 249.66010300554734, "time_cost": 90.321, "final_distance_cost": 1.7440025839523041, "oscillation_cost": 58.09208738995504, "completition_cost": 0.0, "overshoot_cost": 55.54991936250449, "power_cost": 22.389689807128907, "noise_cost": 21.563403862006588, "n_waypoints_completed": 9, "tot_waypoints": 9}}
{"target": -624.941713848828, "params": {"k_pid_pos": [0.36189327717610464, 0.1019911509190412, 0.6700220075495398], "k_pid_alt": [1.6174105944680088, 0.6649169701722424, 0.03616792469731556], "k_pid_att": [21.65962866132991, 3.3917765791519146, 0.42146826842758445], "k_pid_yaw": [0.5, 1e-06, 0.1], "k_pid_hsp": [5.377381357539646, 0.2378314572117448, 0.18525615710273347], "k_pid_vsp": [81.22581536922992, 199.69881428371147, 35.27743579494223]}, "datetime": {"datetime": "2025-08-12 10:48:52", "elapsed": 66212.03303837776, "delta": 60.35645079612732}, "costs": {"total_cost": 624.941713848828, "time_cost": 111.23700000000001, "final_distance_cost": 1.808919477375295, "oscillation_cost": 397.32281400838986, "completition_cost": 0.0, "overshoot_cost": 59.23448847652064, "power_cost": 27.826603161621094, "noise_cost": 27.51188872492115, "n_waypoints_completed": 9, "tot_waypoints": 9}}
{"target": -484.18030213389767, "params": {"k_pid_pos": [2.0, 1.0, 0.0], "k_pid_alt": [2.0, 0.0, 0.0], "k_pid_att": [34.24525579320983, 3.9308966966726033, 0.0], "k_pid_yaw": [0.5, 1e-06, 0.1], "k_pid_hsp": [4.110264897771988, 0.0, 1.0], "k_pid_vsp": [198.0001014525966, 320.6865885411124, 242.05770136306808]}, "datetime": {"datetime": "2025-08-12 10:49:32", "elapsed": 66251.665528059, "delta": 39.6324896812439}, "costs": {"total_cost": 484.18030213389767, "time_cost": 106.61, "final_distance_cost": 1.7758351899333675, "oscillation_cost": 231.78294210344947, "completition_cost": 0.0, "overshoot_cost": 80.58233267721096, "power_cost": 33.48160905761719, "noise_cost": 29.94758310568667, "n_waypoints_completed": 9, "tot_waypoints": 9}}
{"target": -680.3470226602865, "params": {"k_pid_pos": [1.6841410023683576, 0.9607430491616503, 0.7370454964356331], "k_pid_alt": [1.9580863580542187, 0.8875335723571341, 0.188403727183297], "k_pid_att": [11.011473378111669, 4.603837522859974, 0.4626961001226493], "k_pid_yaw": [0.5, 1e-06, 0.1], "k_pid_hsp": [6.594467239759285, 0.32675726213911027, 0.3671182362414269], "k_pid_vsp": [303.2920408278256, 293.14696271237375, 171.60974156712393]}, "datetime": {"datetime": "2025-08-12 10:50:11", "elapsed": 66290.59014844894, "delta": 38.924620389938354}, "costs": {"total_cost": 680.3470226602865, "time_cost": 150, "final_distance_cost": 63.50326808311034, "oscillation_cost": 217.77967496305823, "completition_cost": 111.11111111111116, "overshoot_cost": 79.23594672409018, "power_cost": 28.571377368164065, "noise_cost": 30.145644410752332, "n_waypoints_completed": 8, "tot_waypoints": 9}}
{"target": -807.4292042846525, "params": {"k_pid_pos": [2.0, 1.0, 0.0], "k_pid_alt": [2.0, 1.0, 1.0], "k_pid_att": [39.96303685271487, 0.4518214099319451, 0.0], "k_pid_yaw": [0.5, 1e-06, 0.1], "k_pid_hsp": [6.505742143759786, 1.0, 0.0], "k_pid_vsp": [125.77337939551782, 374.88364708950877, 116.112183116307]}, "datetime": {"datetime": "2025-08-12 10:51:00", "elapsed": 66340.29103636742, "delta": 49.70088791847229}, "costs": {"total_cost": 807.4292042846525, "time_cost": 150, "final_distance_cost": 77.2187689605216, "oscillation_cost": 222.93980907666895, "completition_cost": 222.2222222222222, "overshoot_cost": 67.85518806975617, "power_cost": 35.79248229980469, "noise_cost": 31.40073365567897, "n_waypoints_completed": 7, "tot_waypoints": 9}}
{"target": -479.14104813705615, "params": {"k_pid_pos": [1.3892475921671592, 0.24442707935505315, 0.507306559728249], "k_pid_alt": [1.0504624558981501, 0.30584710182096075, 0.21404382549837409], "k_pid_att": [10.373379120861115, 9.424282585349928, 0.5032207074233707], "k_pid_yaw": [0.5, 1e-06, 0.1], "k_pid_hsp": [2.8987964216923627, 0.8430239310751538, 0.9872663141276223], "k_pid_vsp": [179.14830826128374, 337.23944661787846, 12.688191392012161]}, "datetime": {"datetime": "2025-08-12 10:51:58", "elapsed": 66398.00988006592, "delta": 57.71884369850159}, "costs": {"total_cost": 479.14104813705615, "time_cost": 103.523, "final_distance_cost": 1.7701855604119583, "oscillation_cost": 266.34783255350214, "completition_cost": 0.0, "overshoot_cost": 55.32866931906418, "power_cost": 26.827437915039063, "noise_cost": 25.343922789038757, "n_waypoints_completed": 9, "tot_waypoints": 9}}
{"target": -275.2354425878965, "params": {"k_pid_pos": [2.0, 0.0, 1.0], "k_pid_alt": [2.0, 1.0, 0.0], "k_pid_att": [41.208106350234466, 0.0001, 1.0], "k_pid_yaw": [0.5, 1e-06, 0.1], "k_pid_hsp": [5.3833920138699956, 1.0, 0.0], "k_pid_vsp": [186.21495216434005, 302.5606445204783, 141.1273224156258]}, "datetime": {"datetime": "2025-08-12 10:52:32", "elapsed": 66431.9280359745, "delta": 33.918155908584595}, "costs": {"total_cost": 275.2354425878965, "time_cost": 85.281, "final_distance_cost": 1.7786386401246308, "oscillation_cost": 90.89949501482651, "completition_cost": 0.0, "overshoot_cost": 53.871471787401404, "power_cost": 22.83790085449219, "noise_cost": 20.566936291051803, "n_waypoints_completed": 9, "tot_waypoints": 9}}
{"target": -833.425679970788, "params": {"k_pid_pos": [1.8236612416380247, 0.3145628493092333, 0.6441994603354786], "k_pid_alt": [1.9881085999942596, 0.11062238666864033, 0.14584560538166702], "k_pid_att": [4.802948154754461, 8.283426513302048, 0.6337440478521088], "k_pid_yaw": [0.5, 1e-06, 0.1], "k_pid_hsp": [0.9193253326569261, 0.5300943871138504, 0.6513796054082946], "k_pid_vsp": [235.0448136305993, 275.9117586037141, 14.489827721610045]}, "datetime": {"datetime": "2025-08-12 10:53:13", "elapsed": 66473.06599354744, "delta": 41.13795757293701}, "costs": {"total_cost": 833.425679970788, "time_cost": 150, "final_distance_cost": 63.83423030845535, "oscillation_cost": 279.03370432349817, "completition_cost": 222.2222222222222, "overshoot_cost": 57.71725509938298, "power_cost": 32.37673572998047, "noise_cost": 28.241532287248788, "n_waypoints_completed": 7, "tot_waypoints": 9}}
{"target": -1000.0273331272549, "params": {"k_pid_pos": [0.7099484736481642, 0.21239237576953596, 0.364386358092594], "k_pid_alt": [0.4753821670724354, 0.7197876696669554, 0.6173436110456552], "k_pid_att": [60.05096925041218, 9.122428429512832, 0.3487528846948146], "k_pid_yaw": [0.5, 1e-06, 0.1], "k_pid_hsp": [6.934208865675108, 0.04104534627684164, 0.07166683755739056], "k_pid_vsp": [223.06529556376273, 100.47198361773454, 36.518190584112]}, "datetime": {"datetime": "2025-08-12 10:53:56", "elapsed": 66515.93605613708, "delta": 42.870062589645386}, "costs": {"total_cost": 1000.0273331272549, "time_cost": 150, "final_distance_cost": 66.41780414584353, "oscillation_cost": 552.8400468873724, "completition_cost": 111.11111111111116, "overshoot_cost": 55.92936906129206, "power_cost": 34.309072961425784, "noise_cost": 29.41992896021001, "n_waypoints_completed": 8, "tot_waypoints": 9}}
{"target": -390.0971832072262, "params": {"k_pid_pos": [1.0378892500839265, 0.05785759563379744, 0.3059806293968528], "k_pid_alt": [0.4732827818494407, 0.28557482126432954, 0.8848031729695931], "k_pid_att": [13.336884827794549, 6.117386769003307, 0.34560983074895546], "k_pid_yaw": [0.5, 1e-06, 0.1], "k_pid_hsp": [7.112430008551157, 0.21411002872632612, 0.7468115988245183], "k_pid_vsp": [245.8998672334248, 256.9559080972459, 15.721127809168605]}, "datetime": {"datetime": "2025-08-12 10:54:27", "elapsed": 66547.20833301544, "delta": 31.272276878356934}, "costs": {"total_cost": 390.0971832072262, "time_cost": 82.88, "final_distance_cost": 1.7779895989093777, "oscillation_cost": 210.53478483040337, "completition_cost": 0.0, "overshoot_cost": 52.52423044997093, "power_cost": 21.61768601074219, "noise_cost": 20.7624923172003, "n_waypoints_completed": 9, "tot_waypoints": 9}}
