{"target": -275.5976483586843, "params": {"k_pid_pos": [2.0, 0.0, 0.0], "k_pid_alt": [2.0, 0.0, 0.0], "k_pid_att": [49.28605413505587, 0.0001, 0.0], "k_pid_yaw": [0.5, 1e-06, 0.1], "k_pid_hsp": [5.3788222842629025, 1.0, 0.0], "k_pid_vsp": [208.14131698713237, 239.33215980378807, 132.53336550899473]}, "datetime": {"datetime": "2025-08-12 01:04:05", "elapsed": 31125.027966976166, "delta": 25.244795322418213}, "costs": {"total_cost": 275.5976483586843, "time_cost": 73.843, "final_distance_cost": 1.8175410536915666, "oscillation_cost": 106.08622670156221, "completition_cost": 0.0, "overshoot_cost": 52.53497358724614, "power_cost": 21.377081274414063, "noise_cost": 19.9388257417703, "n_waypoints_completed": 9, "tot_waypoints": 9}}
{"target": -382.73239664914416, "params": {"k_pid_pos": [1.3836430508636017, 0.2615669104619054, 0.24854878098737654], "k_pid_alt": [1.5071367524845973, 0.27484681541121847, 0.3014228752511884], "k_pid_att": [45.535269750472196, 2.4705890329563953, 0.9500980188712638], "k_pid_yaw": [0.5, 1e-06, 0.1], "k_pid_hsp": [2.0482745015375214, 0.4151685307000441, 0.344617523509706], "k_pid_vsp": [218.59809698383938, 234.5942160315181, 132.47621974867104]}, "datetime": {"datetime": "2025-08-12 01:04:30", "elapsed": 31150.155979156494, "delta": 25.12801218032837}, "costs": {"total_cost": 382.73239664914416, "time_cost": 85.267, "final_distance_cost": 1.7721618757503048, "oscillation_cost": 194.5282979127571, "completition_cost": 0.0, "overshoot_cost": 55.21060461582106, "power_cost": 25.056247204589845, "noise_cost": 20.898085040225865, "n_waypoints_completed": 9, "tot_waypoints": 9}}
{"target": -839.6636057933323, "params": {"k_pid_pos": [1.482301013058631, 0.7569125949032587, 0.2141240976535853], "k_pid_alt": [0.5844630620908751, 0.785870384152097, 0.7558872946814289], "k_pid_att": [43.99444980846048, 9.756117012321454, 0.8217331975409451], "k_pid_yaw": [0.5, 1e-06, 0.1], "k_pid_hsp": [1.4838801743004568, 0.16586998630387684, 0.3809423932587158], "k_pid_vsp": [272.45752377541953, 357.5127126362263, 33.578012810817896]}, "datetime": {"datetime": "2025-08-12 01:05:04", "elapsed": 31184.29567861557, "delta": 34.13969945907593}, "costs": {"total_cost": 839.6636057933323, "time_cost": 150, "final_distance_cost": 70.45975273003549, "oscillation_cost": 276.85758388991627, "completition_cost": 222.2222222222222, "overshoot_cost": 56.77580261266206, "power_cost": 34.36653544921875, "noise_cost": 28.98170888927754, "n_waypoints_completed": 7, "tot_waypoints": 9}}
{"target": -1191.5251349158898, "params": {"k_pid_pos": [0.2954321243545237, 0.5240850291384641, 0.023259830062984488], "k_pid_alt": [0.16913024579620228, 0.19465769092368068, 0.3493831969401442], "k_pid_att": [44.593596574157004, 6.195489710182466, 0.795973221446879], "k_pid_yaw": [0.5, 1e-06, 0.1], "k_pid_hsp": [2.459686803378931, 0.48843975459254485, 0.7658166661275959], "k_pid_vsp": [219.52600430691845, 224.07180437935904, 121.81406431035269]}, "datetime": {"datetime": "2025-08-12 01:05:39", "elapsed": 31219.240066051483, "delta": 34.944387435913086}, "costs": {"total_cost": 1191.5251349158898, "time_cost": 150, "final_distance_cost": 56.68286777828788, "oscillation_cost": 200.64561887779024, "completition_cost": 666.6666666666667, "overshoot_cost": 51.31894161132245, "power_cost": 35.07091062011719, "noise_cost": 31.140129361704993, "n_waypoints_completed": 3, "tot_waypoints": 9}}
{"target": -246.86612464313197, "params": {"k_pid_pos": [1.7068896255485528, 0.2958923375381024, 0.689034227926935], "k_pid_alt": [1.455729575575142, 0.24748259497180033, 0.393165668096713], "k_pid_att": [90.2568989495658, 6.803089898662748, 1.0], "k_pid_yaw": [0.5, 1e-06, 0.1], "k_pid_hsp": [7.762480435311053, 0.6575318871279663, 0.0], "k_pid_vsp": [168.7170825177375, 122.63780550723878, 17.655608245463686]}, "datetime": {"datetime": "2025-08-12 01:06:05", "elapsed": 31244.38895893097, "delta": 25.148892879486084}, "costs": {"total_cost": 246.86612464313197, "time_cost": 81.865, "final_distance_cost": 1.7911995059525174, "oscillation_cost": 70.11916856912048, "completition_cost": 0.0, "overshoot_cost": 51.310005867364474, "power_cost": 21.27174736328125, "noise_cost": 20.509003337413215, "n_waypoints_completed": 9, "tot_waypoints": 9}}
{"target": -1854.6156187430504, "params": {"k_pid_pos": [0.05441061419612082, 0.26035587629583645, 0.03486283875594287], "k_pid_alt": [0.19217166957888732, 0.038430893919100706, 0.08610602076502838], "k_pid_att": [93.94644067822907, 4.321203384842563, 0.8976007387294694], "k_pid_yaw": [0.5, 1e-06, 0.1], "k_pid_hsp": [6.62382188548785, 0.08980235647154688, 0.18054454402801956], "k_pid_vsp": [169.4186219291598, 118.8126324908976, 17.929661553097233]}, "datetime": {"datetime": "2025-08-12 01:06:41", "elapsed": 31280.550008058548, "delta": 36.161049127578735}, "costs": {"total_cost": 1854.6156187430504, "time_cost": 150, "final_distance_cost": 89.28601148351774, "oscillation_cost": 737.0992978590695, "completition_cost": 777.7777777777778, "overshoot_cost": 37.32995492103796, "power_cost": 35.1657666015625, "noise_cost": 27.956810100084542, "n_waypoints_completed": 2, "tot_waypoints": 9}}
{"target": -789.2129435844744, "params": {"k_pid_pos": [1.681393078530681, 0.12802438287859597, 0.22326178756047588], "k_pid_alt": [1.2334140967817206, 0.8863282547531611, 0.8347582885719256], "k_pid_att": [63.02625292831211, 4.4794577055717655, 0.28200012081366155], "k_pid_yaw": [0.5, 1e-06, 0.1], "k_pid_hsp": [6.837718927333813, 0.7174481764523463, 0.936188299658451], "k_pid_vsp": [350.7234822882035, 288.10258247966135, 184.26779482930974]}, "datetime": {"datetime": "2025-08-12 01:07:15", "elapsed": 31314.73831486702, "delta": 34.18830680847168}, "costs": {"total_cost": 789.2129435844744, "time_cost": 150, "final_distance_cost": 19.156412370458376, "oscillation_cost": 375.08150361896804, "completition_cost": 111.11111111111116, "overshoot_cost": 69.35055363036071, "power_cost": 36.287978662109374, "noise_cost": 28.22538419146667, "n_waypoints_completed": 8, "tot_waypoints": 9}}
{"target": -870.1467414360164, "params": {"k_pid_pos": [0.25551827876292954, 0.9461654697469932, 0.3706104585493629], "k_pid_alt": [0.9959346914947129, 0.755646657085412, 0.0418005184623248], "k_pid_att": [37.29321733595648, 2.1726856481885486, 0.6062313185944891], "k_pid_yaw": [0.5, 1e-06, 0.1], "k_pid_hsp": [5.691575137427173, 0.8444969630459567, 0.4554824211264916], "k_pid_vsp": [263.73171306450905, 316.2560687920485, 75.61737501263399]}, "datetime": {"datetime": "2025-08-12 01:07:51", "elapsed": 31351.216041088104, "delta": 36.477726221084595}, "costs": {"total_cost": 870.1467414360164, "time_cost": 150, "final_distance_cost": 67.13173905179804, "oscillation_cost": 191.23212914003682, "completition_cost": 333.33333333333337, "overshoot_cost": 60.86364842081486, "power_cost": 36.43984445800781, "noise_cost": 31.146047032025546, "n_waypoints_completed": 6, "tot_waypoints": 9}}
{"target": -582.7478081074012, "params": {"k_pid_pos": [1.7728976663736198, 0.7985648302435278, 0.651125491946056], "k_pid_alt": [0.9812062730585234, 0.8634289688677129, 0.767038613194702], "k_pid_att": [93.39535559431515, 5.503339214405617, 0.2686883540690167], "k_pid_yaw": [0.5, 1e-06, 0.1], "k_pid_hsp": [6.452593119432222, 0.5630695167943393, 0.43232489724013445], "k_pid_vsp": [380.9342866159828, 374.15475993465344, 387.2486670258439]}, "datetime": {"datetime": "2025-08-12 01:08:25", "elapsed": 31384.98110985756, "delta": 33.765068769454956}, "costs": {"total_cost": 582.7478081074012, "time_cost": 106.645, "final_distance_cost": 1.794641359736073, "oscillation_cost": 344.131283927958, "completition_cost": 0.0, "overshoot_cost": 70.37875401003538, "power_cost": 32.16455639648438, "noise_cost": 27.633572413187213, "n_waypoints_completed": 9, "tot_waypoints": 9}}
{"target": -1583.5062912779858, "params": {"k_pid_pos": [1.152911789981344, 0.20184968345621657, 0.3542009222912127], "k_pid_alt": [0.34240793658879287, 0.9304043120209744, 0.2574809876985191], "k_pid_att": [40.31254889875589, 6.989528091087727, 0.24163830639889938], "k_pid_yaw": [0.5, 1e-06, 0.1], "k_pid_hsp": [3.0040730926441803, 0.15825821878138469, 0.5405258926219391], "k_pid_vsp": [117.38633468137726, 137.85529343569948, 8.817918868067641]}, "datetime": {"datetime": "2025-08-12 01:09:02", "elapsed": 31421.500769376755, "delta": 36.51965951919556}, "costs": {"total_cost": 1583.5062912779858, "time_cost": 150, "final_distance_cost": 53.82570583872227, "oscillation_cost": 595.2349730277753, "completition_cost": 666.6666666666667, "overshoot_cost": 53.86603569212964, "power_cost": 33.75977810058594, "noise_cost": 30.153131952106115, "n_waypoints_completed": 3, "tot_waypoints": 9}}
{"target": -1439.140261636777, "params": {"k_pid_pos": [0.2252211138484787, 0.6622627628276684, 0.5812047761119243], "k_pid_alt": [0.22842318875579526, 0.8350012783599464, 0.7782566747259507], "k_pid_att": [12.794507582378866, 4.509526782027136, 0.0069506208384795265], "k_pid_yaw": [0.5, 1e-06, 0.1], "k_pid_hsp": [5.012676396583203, 0.0755162036217859, 0.22559155865797942], "k_pid_vsp": [284.8519953285537, 356.80893296855425, 23.78231164435514]}, "datetime": {"datetime": "2025-08-12 01:09:36", "elapsed": 31456.356432437897, "delta": 34.85566306114197}, "costs": {"total_cost": 1439.140261636777, "time_cost": 150, "final_distance_cost": 51.22341634619529, "oscillation_cost": 466.16889084731224, "completition_cost": 666.6666666666667, "overshoot_cost": 45.37206004493864, "power_cost": 30.846403820800784, "noise_cost": 28.862823910863113, "n_waypoints_completed": 3, "tot_waypoints": 9}}
{"target": -1380.0956645606896, "params": {"k_pid_pos": [0.401344793361172, 0.35640168408372896, 0.6403285207434766], "k_pid_alt": [0.9472054471119025, 0.7784960593821144, 0.13517506941918467], "k_pid_att": [52.67198340838628, 2.6355275372252294, 0.5077706245025873], "k_pid_yaw": [0.5, 1e-06, 0.1], "k_pid_hsp": [5.457989030094813, 0.27845727418492805, 0.4604729654445], "k_pid_vsp": [204.377113222683, 248.847289276198, 232.77114442769314]}, "datetime": {"datetime": "2025-08-12 01:10:11", "elapsed": 31491.282666683197, "delta": 34.92623424530029}, "costs": {"total_cost": 1380.0956645606896, "time_cost": 150, "final_distance_cost": 48.2415399033535, "oscillation_cost": 612.5147861053301, "completition_cost": 444.4444444444444, "overshoot_cost": 63.2020214033085, "power_cost": 33.96655462646485, "noise_cost": 27.72631807778844, "n_waypoints_completed": 5, "tot_waypoints": 9}}
{"target": -608.4328067660338, "params": {"k_pid_pos": [1.3584688227259365, 0.7945744111611358, 0.4708848594615941], "k_pid_alt": [1.286722328035238, 0.2667244371717109, 0.22907456895032596], "k_pid_att": [40.65682876486145, 1.6730458327500934, 0.7239778033122464], "k_pid_yaw": [0.5, 1e-06, 0.1], "k_pid_hsp": [7.500517476088485, 0.5428207951668271, 0.3362987344729188], "k_pid_vsp": [174.97737365644693, 300.70455430071365, 138.83578960594977]}, "datetime": {"datetime": "2025-08-12 01:10:46", "elapsed": 31526.310089826584, "delta": 35.02742314338684}, "costs": {"total_cost": 608.4328067660338, "time_cost": 117.62100000000001, "final_distance_cost": 1.7863168555806819, "oscillation_cost": 369.1384113919994, "completition_cost": 0.0, "overshoot_cost": 55.98707812047187, "power_cost": 34.99439969482422, "noise_cost": 28.905600703157564, "n_waypoints_completed": 9, "tot_waypoints": 9}}
{"target": -685.5526251780427, "params": {"k_pid_pos": [1.5758963649267976, 0.2515692432849401, 0.8627560137324095], "k_pid_alt": [0.30518224058659826, 0.2975163711193761, 0.006050765893697352], "k_pid_att": [37.99091376717543, 5.224321970070593, 0.4518761937485106], "k_pid_yaw": [0.5, 1e-06, 0.1], "k_pid_hsp": [6.865755672695741, 0.30882530326808155, 0.8322697800029639], "k_pid_vsp": [335.72910591292424, 292.5682719670321, 233.74302608006676]}, "datetime": {"datetime": "2025-08-12 01:11:20", "elapsed": 31559.958175182343, "delta": 33.64808535575867}, "costs": {"total_cost": 685.5526251780427, "time_cost": 114.387, "final_distance_cost": 1.789404691775199, "oscillation_cost": 447.1845756264192, "completition_cost": 0.0, "overshoot_cost": 62.29674806907193, "power_cost": 32.57897303466797, "noise_cost": 27.31592375610853, "n_waypoints_completed": 9, "tot_waypoints": 9}}
{"target": -470.71048166636837, "params": {"k_pid_pos": [1.7382905255028809, 0.8385395455778778, 0.584866572228683], "k_pid_alt": [0.6762390694047775, 0.2724620261123395, 0.9000554956531776], "k_pid_att": [44.49692725922223, 9.948391558120774, 0.9437122159429765], "k_pid_yaw": [0.5, 1e-06, 0.1], "k_pid_hsp": [6.182891233497163, 0.4622444575137893, 0.37487213844475253], "k_pid_vsp": [122.60249409049587, 106.51285528642387, 52.8388256866222]}, "datetime": {"datetime": "2025-08-12 01:11:49", "elapsed": 31588.829585313797, "delta": 28.871410131454468}, "costs": {"total_cost": 470.71048166636837, "time_cost": 100.107, "final_distance_cost": 1.7283024081612828, "oscillation_cost": 255.87409433096178, "completition_cost": 0.0, "overshoot_cost": 58.72525616007467, "power_cost": 29.743965002441406, "noise_cost": 24.53186376472922, "n_waypoints_completed": 9, "tot_waypoints": 9}}
{"target": -537.0347775952245, "params": {"k_pid_pos": [2.0, 1.0, 0.0], "k_pid_alt": [2.0, 1.0, 1.0], "k_pid_att": [32.72230412764823, 8.735226315037496, 1.0], "k_pid_yaw": [0.5, 1e-06, 0.1], "k_pid_hsp": [10.0, 0.0, 0.0], "k_pid_vsp": [222.16419675105251, 282.7242245805908, 66.7507206117386]}, "datetime": {"datetime": "2025-08-12 01:12:29", "elapsed": 31628.84068965912, "delta": 40.011104345321655}, "costs": {"total_cost": 537.0347775952245, "time_cost": 150, "final_distance_cost": 65.39999934698729, "oscillation_cost": 75.77803989807536, "completition_cost": 111.11111111111116, "overshoot_cost": 73.88129202030551, "power_cost": 30.444514624023437, "noise_cost": 30.41982059472168, "n_waypoints_completed": 8, "tot_waypoints": 9}}
{"target": -970.877746237995, "params": {"k_pid_pos": [0.007591089705642443, 0.5933246835292664, 0.27871033281966995], "k_pid_alt": [0.8834173336770728, 0.05461826369360956, 0.4642941929339275], "k_pid_att": [9.644792623528108, 8.507785072292114, 0.4621286484615078], "k_pid_yaw": [0.5, 1e-06, 0.1], "k_pid_hsp": [0.035053836560621665, 0.7363048820501108, 0.23769977235563688], "k_pid_vsp": [57.91151562209578, 345.24304884269594, 155.4546089167994]}, "datetime": {"datetime": "2025-08-12 01:13:04", "elapsed": 31663.698872089386, "delta": 34.858182430267334}, "costs": {"total_cost": 970.877746237995, "time_cost": 150, "final_distance_cost": 47.90395096480178, "oscillation_cost": 186.78433021809357, "completition_cost": 444.4444444444444, "overshoot_cost": 74.62135004850435, "power_cost": 37.20647586669922, "noise_cost": 29.91719469545161, "n_waypoints_completed": 5, "tot_waypoints": 9}}
{"target": -1021.275550572606, "params": {"k_pid_pos": [1.1117482719576515, 0.9964589839778525, 0.2646751423878174], "k_pid_alt": [1.2432880073874253, 0.7333442448989688, 0.5415699746269919], "k_pid_att": [34.393567680862525, 0.5051722720337646, 0.14243090186418128], "k_pid_yaw": [0.5, 1e-06, 0.1], "k_pid_hsp": [0.20983775269783336, 0.7457782886415841, 0.5080677769051858], "k_pid_vsp": [61.050390009058034, 368.2466976427464, 88.67296651824614]}, "datetime": {"datetime": "2025-08-12 01:13:44", "elapsed": 31703.70413184166, "delta": 40.00525975227356}, "costs": {"total_cost": 1021.275550572606, "time_cost": 150, "final_distance_cost": 80.01567044929988, "oscillation_cost": 266.47886866775474, "completition_cost": 333.33333333333337, "overshoot_cost": 123.42452464770363, "power_cost": 36.563286157226564, "noise_cost": 31.459867317287852, "n_waypoints_completed": 6, "tot_waypoints": 9}}
{"target": -520.9349154031987, "params": {"k_pid_pos": [1.4543869612759281, 0.6032670467483789, 0.3587072909555029], "k_pid_alt": [1.466716859364868, 0.651008269220845, 0.21219981786197584], "k_pid_att": [32.175266573291914, 6.398327406803355, 0.4662279854541834], "k_pid_yaw": [0.5, 1e-06, 0.1], "k_pid_hsp": [6.613539002529096, 0.1636373557320281, 0.7410500118488597], "k_pid_vsp": [226.24177633645624, 314.8886026789526, 19.630298134214048]}, "datetime": {"datetime": "2025-08-12 01:14:16", "elapsed": 31735.76111149788, "delta": 32.05697965621948}, "costs": {"total_cost": 520.9349154031987, "time_cost": 95.522, "final_distance_cost": 1.7696439243044948, "oscillation_cost": 316.61098306234913, "completition_cost": 0.0, "overshoot_cost": 54.714904069406685, "power_cost": 27.633825305175783, "noise_cost": 24.68355904196258, "n_waypoints_completed": 9, "tot_waypoints": 9}}
{"target": -677.4789748554155, "params": {"k_pid_pos": [0.8646333788585268, 0.1747901817009102, 0.5710708110918259], "k_pid_alt": [1.5870414686280527, 0.2748117978338245, 0.03793405810124939], "k_pid_att": [6.683787848153278, 1.097104320267818, 0.46279448462652484], "k_pid_yaw": [0.5, 1e-06, 0.1], "k_pid_hsp": [3.268681800682732, 0.03537944585694852, 0.7914679204621192], "k_pid_vsp": [289.91406809500694, 341.9481585035571, 139.632772338598]}, "datetime": {"datetime": "2025-08-12 01:14:50", "elapsed": 31769.577369213104, "delta": 33.81625771522522}, "costs": {"total_cost": 677.4789748554155, "time_cost": 150, "final_distance_cost": 14.439662380023025, "oscillation_cost": 284.174970738321, "completition_cost": 111.11111111111116, "overshoot_cost": 58.866618210681494, "power_cost": 31.50924871826172, "noise_cost": 27.377363697017, "n_waypoints_completed": 8, "tot_waypoints": 9}}
{"target": -603.8863018552338, "params": {"k_pid_pos": [1.2165478540036427, 0.1292438122955929, 0.9164411299279109], "k_pid_alt": [1.4682437475393721, 0.72804541043934, 0.8453827427768549], "k_pid_att": [27.91931528382018, 7.737480498920737, 0.5226275139670175], "k_pid_yaw": [0.5, 1e-06, 0.1], "k_pid_hsp": [7.964269104502121, 0.727983155268354, 0.9902581799545112], "k_pid_vsp": [231.8103120334273, 324.07787984991415, 23.90748612631401]}, "datetime": {"datetime": "2025-08-12 01:15:18", "elapsed": 31797.67913031578, "delta": 28.10176110267639}, "costs": {"total_cost": 603.8863018552338, "time_cost": 96.404, "final_distance_cost": 1.7855646132593255, "oscillation_cost": 399.029476859149, "completition_cost": 0.0, "overshoot_cost": 55.682121054270986, "power_cost": 27.05178455810547, "noise_cost": 23.933354770448965, "n_waypoints_completed": 9, "tot_waypoints": 9}}
{"target": -1410.127770882083, "params": {"k_pid_pos": [0.2721768628038947, 0.029657881356301652, 0.8920831218436487], "k_pid_alt": [0.9401570590538901, 0.6620046360943499, 0.35508345396376784], "k_pid_att": [34.02092419281415, 3.4758327235658726, 0.2956025774126494], "k_pid_yaw": [0.5, 1e-06, 0.1], "k_pid_hsp": [4.380773132635949, 0.7585875160812221, 0.22389663083853772], "k_pid_vsp": [191.22199846413378, 323.53786807419635, 234.07822177703403]}, "datetime": {"datetime": "2025-08-12 01:15:53", "elapsed": 31833.181377649307, "delta": 35.50224733352661}, "costs": {"total_cost": 1410.127770882083, "time_cost": 150, "final_distance_cost": 52.24831524051437, "oscillation_cost": 640.965477877499, "completition_cost": 444.4444444444444, "overshoot_cost": 58.99788383464046, "power_cost": 33.598413403320315, "noise_cost": 29.873236081664317, "n_waypoints_completed": 5, "tot_waypoints": 9}}
{"target": -431.3761904654889, "params": {"k_pid_pos": [0.9234673572043178, 0.18818878348950085, 0.6015304121305232], "k_pid_alt": [1.049032321741305, 0.6711602056611747, 0.4738888869236474], "k_pid_att": [6.351084350495773, 0.6879620812289647, 0.33263728211267063], "k_pid_yaw": [0.5, 1e-06, 0.1], "k_pid_hsp": [7.033577651856775, 0.25118655607909335, 0.7509955181219121], "k_pid_vsp": [194.92160243296897, 328.2275863062535, 21.72194327512769]}, "datetime": {"datetime": "2025-08-12 01:16:24", "elapsed": 31863.877993822098, "delta": 30.696616172790527}, "costs": {"total_cost": 431.3761904654889, "time_cost": 101.549, "final_distance_cost": 1.7870814287134649, "oscillation_cost": 219.8229207801076, "completition_cost": 0.0, "overshoot_cost": 57.70747464876312, "power_cost": 26.18225379638672, "noise_cost": 24.32745981151792, "n_waypoints_completed": 9, "tot_waypoints": 9}}
{"target": -413.0804197986677, "params": {"k_pid_pos": [1.753419432256948, 0.2504649362241569, 0.9994073161297949], "k_pid_alt": [1.19047638734888, 0.8005437290834624, 0.42361389148232764], "k_pid_att": [25.228528063060974, 7.888528974996572, 0.8713830947733909], "k_pid_yaw": [0.5, 1e-06, 0.1], "k_pid_hsp": [1.7493139065634034, 0.006817501720176478, 0.09213232578141861], "k_pid_vsp": [77.04834838445791, 212.62495032651387, 32.808231705281926]}, "datetime": {"datetime": "2025-08-12 01:16:53", "elapsed": 31893.025285243988, "delta": 29.14729142189026}, "costs": {"total_cost": 413.0804197986677, "time_cost": 93.31700000000001, "final_distance_cost": 1.7376845298841221, "oscillation_cost": 212.7676647228147, "completition_cost": 0.0, "overshoot_cost": 57.229362091259716, "power_cost": 25.13046102294922, "noise_cost": 22.89824743176, "n_waypoints_completed": 9, "tot_waypoints": 9}}
{"target": -395.9221547419145, "params": {"k_pid_pos": [2.0, 0.0, 1.0], "k_pid_alt": [2.0, 1.0, 0.3197763214535042], "k_pid_att": [54.23754762099612, 3.6750463658641306, 1.0], "k_pid_yaw": [0.5, 1e-06, 0.1], "k_pid_hsp": [6.45294086425278, 1.0, 0.6165117517184305], "k_pid_vsp": [214.80435422168202, 107.14616268595093, 38.233540198381746]}, "datetime": {"datetime": "2025-08-12 01:17:20", "elapsed": 31919.56814455986, "delta": 26.542859315872192}, "costs": {"total_cost": 395.9221547419145, "time_cost": 82.243, "final_distance_cost": 1.7897986174059388, "oscillation_cost": 214.09361591487317, "completition_cost": 0.0, "overshoot_cost": 52.98327361425154, "power_cost": 24.435117822265624, "noise_cost": 20.377348773118236, "n_waypoints_completed": 9, "tot_waypoints": 9}}
