{"target": -673.6608164529483, "params": {"k_pid_pos": [1.359371650357937, 0.484040945524852, 0.24052844253608896], "k_pid_alt": [0.5967114219690954, 0.6704681167510438, 0.5917211661544945], "k_pid_att": [44.08699660891596, 2.762365690169834, 0.3877138586041242], "k_pid_yaw": [0.5, 1e-06, 0.1], "k_pid_hsp": [1.827532904643539, 0.12294100458070423, 0.05469976841371671], "k_pid_vsp": [116.34071594497155, 55.59389800521983, 135.1737085989555]}, "datetime": {"datetime": "2025-08-11 19:38:05", "elapsed": 11564.676194190979, "delta": 30.975373029708862}, "costs": {"total_cost": 673.6608164529483, "time_cost": 150, "final_distance_cost": 66.87240813387795, "oscillation_cost": 215.75927531504155, "completition_cost": 111.11111111111116, "overshoot_cost": 65.22566058071553, "power_cost": 32.82128735351563, "noise_cost": 31.8710739586864, "n_waypoints_completed": 8, "tot_waypoints": 9}}
{"target": -1100.417311901644, "params": {"k_pid_pos": [1.2662461316914724, 0.5602791338838253, 0.6007653735048842], "k_pid_alt": [1.3731511306092747, 0.350234108714231, 0.7208137604620134], "k_pid_att": [35.01723724858836, 7.389257718637846, 0.2536761347816149], "k_pid_yaw": [0.5, 1e-06, 0.1], "k_pid_hsp": [6.433477149306774, 0.5018163659460074, 0.43301917070529206], "k_pid_vsp": [124.11483549410737, 17.340046490857784, 160.18120731744511]}, "datetime": {"datetime": "2025-08-11 19:38:36", "elapsed": 11595.764103651047, "delta": 31.08790946006775}, "costs": {"total_cost": 1100.417311901644, "time_cost": 150, "final_distance_cost": 75.72733742456464, "oscillation_cost": 519.1621708391112, "completition_cost": 222.2222222222222, "overshoot_cost": 67.09164824782391, "power_cost": 35.121721142578124, "noise_cost": 31.092212025344104, "n_waypoints_completed": 7, "tot_waypoints": 9}}
{"target": -1088.920601548634, "params": {"k_pid_pos": [1.7396534108317114, 0.21896343761209558, 0.5179712284214185], "k_pid_alt": [0.821450206538725, 0.6923373520270569, 0.9141717119169213], "k_pid_att": [13.253672554366968, 4.80939518553833, 0.08977345116274815], "k_pid_yaw": [0.5, 1e-06, 0.1], "k_pid_hsp": [1.0829921423637885, 0.41322503835351443, 0.41486519766322316], "k_pid_vsp": [45.706703939685546, 343.5430508786437, 143.46474024124288]}, "datetime": {"datetime": "2025-08-11 19:39:07", "elapsed": 11626.479799747467, "delta": 30.715696096420288}, "costs": {"total_cost": 1088.920601548634, "time_cost": 150, "final_distance_cost": 78.20206570827848, "oscillation_cost": 401.9257197116319, "completition_cost": 333.33333333333337, "overshoot_cost": 63.79321744138164, "power_cost": 32.633262463378905, "noise_cost": 29.033002890629696, "n_waypoints_completed": 6, "tot_waypoints": 9}}
{"target": -1157.0557634943143, "params": {"k_pid_pos": [1.5858345465367631, 0.02298237034596995, 0.520505807833798], "k_pid_alt": [0.06160148892441453, 0.9566807012228578, 0.11107184489940602], "k_pid_att": [74.77086217971238, 9.04741493611951, 0.17434426761473576], "k_pid_yaw": [0.5, 1e-06, 0.1], "k_pid_hsp": [9.717777315787588, 0.5671331757425022, 0.43670024954092734], "k_pid_vsp": [262.0865042202851, 196.3457179977954, 374.06098027851834]}, "datetime": {"datetime": "2025-08-11 19:39:38", "elapsed": 11657.686650753021, "delta": 31.2068510055542}, "costs": {"total_cost": 1157.0557634943143, "time_cost": 150, "final_distance_cost": 72.97625240875918, "oscillation_cost": 557.8071607017138, "completition_cost": 222.2222222222222, "overshoot_cost": 86.96745659867835, "power_cost": 35.71577570800781, "noise_cost": 31.366895854932814, "n_waypoints_completed": 7, "tot_waypoints": 9}}
{"target": -872.1760240722723, "params": {"k_pid_pos": [1.2875534144220036, 0.26943622765433184, 0.7643095049931601], "k_pid_alt": [1.1895050206445401, 0.060046880975732964, 0.7769247438225678], "k_pid_att": [13.572663640163984, 4.0750782297428305, 0.2023778686547516], "k_pid_yaw": [0.5, 1e-06, 0.1], "k_pid_hsp": [8.351193614281774, 0.663685349022789, 0.03751415726420704], "k_pid_vsp": [64.20899453084097, 343.4095852396759, 155.85684834730463]}, "datetime": {"datetime": "2025-08-11 19:40:09", "elapsed": 11688.644297361374, "delta": 30.95764660835266}, "costs": {"total_cost": 872.1760240722723, "time_cost": 150, "final_distance_cost": 73.88411064413877, "oscillation_cost": 316.5815137969103, "completition_cost": 222.2222222222222, "overshoot_cost": 51.40075461318291, "power_cost": 30.264576794433594, "noise_cost": 27.82284600138441, "n_waypoints_completed": 7, "tot_waypoints": 9}}
{"target": -254.02400359927742, "params": {"k_pid_pos": [2.0, 1.0, 0.0], "k_pid_alt": [2.0, 0.0, 1.0], "k_pid_att": [39.51113604226413, 5.295769447601894, 0.8649221152812756], "k_pid_yaw": [0.5, 1e-06, 0.1], "k_pid_hsp": [1.877060458608856, 0.5330190085104117, 0.0], "k_pid_vsp": [63.630885425327115, 362.06149433917915, 92.04226938037475]}, "datetime": {"datetime": "2025-08-11 19:40:32", "elapsed": 11712.32878279686, "delta": 23.68448543548584}, "costs": {"total_cost": 254.02400359927742, "time_cost": 90.524, "final_distance_cost": 1.7955591589510498, "oscillation_cost": 49.60698644062144, "completition_cost": 0.0, "overshoot_cost": 64.30363238617247, "power_cost": 25.37327536621094, "noise_cost": 22.42055024732153, "n_waypoints_completed": 9, "tot_waypoints": 9}}
{"target": -501.74576322544755, "params": {"k_pid_pos": [1.6455457396078594, 0.5887663557180993, 0.11579628804018682], "k_pid_alt": [1.0141166677813962, 0.16794142508446452, 0.2566031629390304], "k_pid_att": [50.75851567881527, 3.0926528863775884, 0.8134228300042736], "k_pid_yaw": [0.5, 1e-06, 0.1], "k_pid_hsp": [5.537335024811247, 0.1064611198067873, 0.5140793205253237], "k_pid_vsp": [205.7718085737195, 228.69606072781121, 120.20177074140572]}, "datetime": {"datetime": "2025-08-11 19:41:00", "elapsed": 11739.461969614029, "delta": 27.13318681716919}, "costs": {"total_cost": 501.74576322544755, "time_cost": 103.166, "final_distance_cost": 1.767245256548763, "oscillation_cost": 280.50557620172583, "completition_cost": 0.0, "overshoot_cost": 59.557917118087914, "power_cost": 31.12327663574219, "noise_cost": 25.625748013342875, "n_waypoints_completed": 9, "tot_waypoints": 9}}
{"target": -1142.0961324869922, "params": {"k_pid_pos": [0.4618442152062268, 0.7794522477298514, 0.7430615123457583], "k_pid_alt": [0.761091940925567, 0.5119429932746736, 0.9739225017074509], "k_pid_att": [5.847101260897047, 9.80673522937838, 0.3146529311658105], "k_pid_yaw": [0.5, 1e-06, 0.1], "k_pid_hsp": [4.976314684831427, 0.35790471560461135, 0.6200226888756584], "k_pid_vsp": [310.1803625028965, 394.97762254954984, 237.17914104926942]}, "datetime": {"datetime": "2025-08-11 19:41:30", "elapsed": 11770.10015463829, "delta": 30.638185024261475}, "costs": {"total_cost": 1142.0961324869922, "time_cost": 150, "final_distance_cost": 44.465049339015636, "oscillation_cost": 279.7274675662625, "completition_cost": 555.5555555555555, "overshoot_cost": 52.39376567061718, "power_cost": 31.017581640625, "noise_cost": 28.93671271491669, "n_waypoints_completed": 4, "tot_waypoints": 9}}
{"target": -590.0692012086748, "params": {"k_pid_pos": [0.9410832852936483, 0.4086848183955187, 0.20050239521357813], "k_pid_alt": [1.4900522351885355, 0.5254904989144025, 0.7208053081857468], "k_pid_att": [50.270634701701695, 7.8250647050737605, 0.36637356646193614], "k_pid_yaw": [0.5, 1e-06, 0.1], "k_pid_hsp": [6.19563122977575, 0.29537630896958283, 0.23712479428721184], "k_pid_vsp": [201.13890035273013, 249.17962583020517, 231.56571296303602]}, "datetime": {"datetime": "2025-08-11 19:41:56", "elapsed": 11795.803976535797, "delta": 25.703821897506714}, "costs": {"total_cost": 590.0692012086748, "time_cost": 99.624, "final_distance_cost": 1.7533275347290875, "oscillation_cost": 377.03156685567546, "completition_cost": 0.0, "overshoot_cost": 58.58090197369834, "power_cost": 28.516222460937502, "noise_cost": 24.563182383634473, "n_waypoints_completed": 9, "tot_waypoints": 9}}
{"target": -566.6483330073484, "params": {"k_pid_pos": [1.9358954919914986, 0.5587548933650481, 0.508262191611188], "k_pid_alt": [1.077320963366479, 0.9836295806483566, 0.3463110727585128], "k_pid_att": [52.83187115370199, 6.920122894989265, 0.1554322282122892], "k_pid_yaw": [0.5, 1e-06, 0.1], "k_pid_hsp": [3.219749122651257, 0.8143036665069613, 0.18943035983672074], "k_pid_vsp": [213.09377705975896, 106.94937882907853, 34.09012629327786]}, "datetime": {"datetime": "2025-08-11 19:42:23", "elapsed": 11822.76881814003, "delta": 26.964841604232788}, "costs": {"total_cost": 566.6483330073484, "time_cost": 107.541, "final_distance_cost": 1.7964508952568443, "oscillation_cost": 332.91214494528657, "completition_cost": 0.0, "overshoot_cost": 63.661655038118845, "power_cost": 32.23602142333984, "noise_cost": 28.50106070534631, "n_waypoints_completed": 9, "tot_waypoints": 9}}
{"target": -446.9770751808082, "params": {"k_pid_pos": [0.7471266916288237, 0.5800030749487091, 0.5071088255248355], "k_pid_alt": [1.0602976827634485, 0.3296576367124193, 0.33423830364524876], "k_pid_att": [33.980200881225265, 2.475308939155777, 0.6671944186638815], "k_pid_yaw": [0.5, 1e-06, 0.1], "k_pid_hsp": [2.0549049993163804, 0.6749792105966087, 0.5932100082097392], "k_pid_vsp": [229.81742826582837, 20.00385962209319, 48.246503470579526]}, "datetime": {"datetime": "2025-08-11 19:42:48", "elapsed": 11848.34119963646, "delta": 25.572381496429443}, "costs": {"total_cost": 446.9770751808082, "time_cost": 97.839, "final_distance_cost": 1.773199358812185, "oscillation_cost": 238.29765606190367, "completition_cost": 0.0, "overshoot_cost": 55.93796770517143, "power_cost": 28.659665075683595, "noise_cost": 24.469586979237228, "n_waypoints_completed": 9, "tot_waypoints": 9}}
{"target": -1265.361746794508, "params": {"k_pid_pos": [1.829791402909984, 0.7920539412640509, 0.8558270916496962], "k_pid_alt": [0.5040201854279027, 0.22264661503365246, 0.3215565507110649], "k_pid_att": [51.346639796465865, 7.004077016583668, 0.33215819335940944], "k_pid_yaw": [0.5, 1e-06, 0.1], "k_pid_hsp": [4.674375287459841, 0.8478404547105091, 0.9511211623616107], "k_pid_vsp": [263.76989354883955, 59.35889617031919, 390.65819319208674]}, "datetime": {"datetime": "2025-08-11 19:43:20", "elapsed": 11879.576635599136, "delta": 31.235435962677002}, "costs": {"total_cost": 1265.361746794508, "time_cost": 150, "final_distance_cost": 44.48738784013889, "oscillation_cost": 380.8907536701718, "completition_cost": 555.5555555555555, "overshoot_cost": 63.20634533428376, "power_cost": 36.299465686035155, "noise_cost": 34.92223870832298, "n_waypoints_completed": 4, "tot_waypoints": 9}}
{"target": -449.4636114992116, "params": {"k_pid_pos": [1.5503913203995254, 0.6864314590145771, 0.7304461940084803], "k_pid_alt": [0.3907422761154862, 0.8145071813491599, 0.6917947692877515], "k_pid_att": [8.451688217478836, 7.3652660084344115, 0.8469217270296312], "k_pid_yaw": [0.5, 1e-06, 0.1], "k_pid_hsp": [6.45218234885033, 0.949156783000874, 0.30956185470698583], "k_pid_vsp": [299.55475955676224, 357.8994395185907, 98.02297512002848]}, "datetime": {"datetime": "2025-08-11 19:43:50", "elapsed": 11909.771732330322, "delta": 30.195096731185913}, "costs": {"total_cost": 449.4636114992116, "time_cost": 114.639, "final_distance_cost": 1.7586771639220928, "oscillation_cost": 210.91418050899668, "completition_cost": 0.0, "overshoot_cost": 63.44867535910729, "power_cost": 30.432148645019534, "noise_cost": 28.27092982216595, "n_waypoints_completed": 9, "tot_waypoints": 9}}
{"target": -948.0172776319771, "params": {"k_pid_pos": [0.7026270100474796, 0.21664669962638072, 0.8174119046587958], "k_pid_alt": [1.4788125792512237, 0.15669635506532598, 0.741180668383677], "k_pid_att": [36.099442048498965, 8.243039297775354, 0.9420249694806928], "k_pid_yaw": [0.5, 1e-06, 0.1], "k_pid_hsp": [8.252906424466506, 0.6739880498795643, 0.4216735130796888], "k_pid_vsp": [232.63098063683273, 17.802194507170366, 40.530167338657044]}, "datetime": {"datetime": "2025-08-11 19:44:21", "elapsed": 11941.278946876526, "delta": 31.507214546203613}, "costs": {"total_cost": 948.0172776319771, "time_cost": 150, "final_distance_cost": 69.01702712838966, "oscillation_cost": 399.83163025436204, "completition_cost": 222.2222222222222, "overshoot_cost": 46.29164219326845, "power_cost": 32.81965239257813, "noise_cost": 27.83510344115657, "n_waypoints_completed": 7, "tot_waypoints": 9}}
{"target": -596.3782530982144, "params": {"k_pid_pos": [1.7100487068365757, 0.8435551993834771, 0.9510688889518012], "k_pid_alt": [1.4558537506493545, 0.8793667096482378, 0.2333535491772386], "k_pid_att": [71.76966176790073, 8.44205452645345, 0.9634127730040181], "k_pid_yaw": [0.5, 1e-06, 0.1], "k_pid_hsp": [8.861045687272226, 0.6445949164402158, 0.8156132571280525], "k_pid_vsp": [231.28958911282652, 331.75356807602157, 259.3700429436521]}, "datetime": {"datetime": "2025-08-11 19:44:49", "elapsed": 11968.381710529327, "delta": 27.102763652801514}, "costs": {"total_cost": 596.3782530982144, "time_cost": 106.694, "final_distance_cost": 1.7836501320286295, "oscillation_cost": 364.88552427180326, "completition_cost": 0.0, "overshoot_cost": 64.07884177099342, "power_cost": 31.98870194091797, "noise_cost": 26.947534982471126, "n_waypoints_completed": 9, "tot_waypoints": 9}}
{"target": -385.11832951554885, "params": {"k_pid_pos": [1.5458309177132001, 0.7743008254484083, 0.1389783108678132], "k_pid_alt": [1.796047447223034, 0.1808524286212827, 0.0049338734500009584], "k_pid_att": [8.484835000172918, 4.835317143580225, 0.709551606362835], "k_pid_yaw": [0.5, 1e-06, 0.1], "k_pid_hsp": [0.8988683067896571, 0.5126139724035815, 0.36824295060611045], "k_pid_vsp": [319.44990934439403, 397.33496763477586, 254.0759864229704]}, "datetime": {"datetime": "2025-08-11 19:45:19", "elapsed": 11998.50679731369, "delta": 30.125086784362793}, "costs": {"total_cost": 385.11832951554885, "time_cost": 117.257, "final_distance_cost": 1.7633198137134949, "oscillation_cost": 130.39471499314567, "completition_cost": 0.0, "overshoot_cost": 70.82621444661807, "power_cost": 35.37022104492188, "noise_cost": 29.50685921714972, "n_waypoints_completed": 9, "tot_waypoints": 9}}
{"target": -1877.2776512591258, "params": {"k_pid_pos": [1.6423500013540442, 0.74349084285323, 0.7362018160750949], "k_pid_alt": [1.7725712658650488, 0.27365577639935545, 0.11508355074008736], "k_pid_att": [96.08895572020771, 0.1565509637012405, 0.7042348567222854], "k_pid_yaw": [0.5, 1e-06, 0.1], "k_pid_hsp": [0.19646228359672116, 0.6165676268122723, 0.9719484772653577], "k_pid_vsp": [226.06461217505145, 229.51467273256958, 119.21340640425457]}, "datetime": {"datetime": "2025-08-11 19:45:49", "elapsed": 12029.018653869629, "delta": 30.51185655593872}, "costs": {"total_cost": 1877.2776512591258, "time_cost": 150, "final_distance_cost": 71.32455676970292, "oscillation_cost": 754.316163694621, "completition_cost": 666.6666666666667, "overshoot_cost": 171.53640050889652, "power_cost": 35.65664812011719, "noise_cost": 27.7772154991215, "n_waypoints_completed": 3, "tot_waypoints": 9}}
{"target": -760.0812344779437, "params": {"k_pid_pos": [0.28667919716255885, 0.1350418603805893, 0.1988451462026155], "k_pid_alt": [1.9822617509619684, 0.4557343491525905, 0.4507990530089887], "k_pid_att": [58.7468842939321, 4.086601153055397, 0.40396778546145495], "k_pid_yaw": [0.5, 1e-06, 0.1], "k_pid_hsp": [5.576638601944469, 0.1593886700669902, 0.29909147155618143], "k_pid_vsp": [349.13021346728726, 298.62194903166227, 189.12203990604496]}, "datetime": {"datetime": "2025-08-11 19:46:18", "elapsed": 12057.669818162918, "delta": 28.651164293289185}, "costs": {"total_cost": 760.0812344779437, "time_cost": 110.34100000000001, "final_distance_cost": 1.7934561432719351, "oscillation_cost": 533.3458488590521, "completition_cost": 0.0, "overshoot_cost": 57.92692895562258, "power_cost": 30.266703173828127, "noise_cost": 26.40729734616904, "n_waypoints_completed": 9, "tot_waypoints": 9}}
{"target": -1211.334866045751, "params": {"k_pid_pos": [0.26244658927273873, 0.6026340708158495, 0.9344714937451549], "k_pid_alt": [0.18304177618049366, 0.10334719704551587, 0.6836655913120435], "k_pid_att": [3.647053850347126, 5.873945311607688, 0.21610667508822945], "k_pid_yaw": [0.5, 1e-06, 0.1], "k_pid_hsp": [8.09494618260712, 0.3866148165548223, 0.5044155723608608], "k_pid_vsp": [53.947111404259786, 358.1152881997936, 151.94750058180617]}, "datetime": {"datetime": "2025-08-11 19:46:48", "elapsed": 12088.269129276276, "delta": 30.599311113357544}, "costs": {"total_cost": 1211.334866045751, "time_cost": 150, "final_distance_cost": 55.146030604695596, "oscillation_cost": 220.98296736076327, "completition_cost": 666.6666666666667, "overshoot_cost": 59.899684673835374, "power_cost": 31.034766552734375, "noise_cost": 27.60475018705545, "n_waypoints_completed": 3, "tot_waypoints": 9}}
{"target": -787.0801138143844, "params": {"k_pid_pos": [1.567364981722937, 0.5841373866339618, 0.9865613405417786], "k_pid_alt": [0.054978336015853335, 0.2292100144897775, 0.25317180464494715], "k_pid_att": [31.2148729433102, 0.4065419797253024, 0.20245110539353506], "k_pid_yaw": [0.5, 1e-06, 0.1], "k_pid_hsp": [8.666259319596715, 0.3819064156590496, 0.33559446321850805], "k_pid_vsp": [228.9232558367363, 317.2713775610207, 11.50094527013883]}, "datetime": {"datetime": "2025-08-11 19:47:18", "elapsed": 12117.992083072662, "delta": 29.72295379638672}, "costs": {"total_cost": 787.0801138143844, "time_cost": 115.906, "final_distance_cost": 1.7559119628303734, "oscillation_cost": 541.5557562752163, "completition_cost": 0.0, "overshoot_cost": 65.46828520130927, "power_cost": 32.29596975097657, "noise_cost": 30.09819062405192, "n_waypoints_completed": 9, "tot_waypoints": 9}}
{"target": -1015.7525237074215, "params": {"k_pid_pos": [1.9192418283897867, 0.674607393041139, 0.9860225987388191], "k_pid_alt": [0.05722979969759523, 0.7493415142414587, 0.41982274882703174], "k_pid_att": [38.02055956006004, 6.9766528509734895, 0.37953700166502324], "k_pid_yaw": [0.5, 1e-06, 0.1], "k_pid_hsp": [3.7732763121080564, 0.993646137555177, 0.3106044870252821], "k_pid_vsp": [190.46139562919117, 316.1904554474388, 233.58390937089567]}, "datetime": {"datetime": "2025-08-11 19:47:49", "elapsed": 12148.766997337341, "delta": 30.774914264678955}, "costs": {"total_cost": 1015.7525237074215, "time_cost": 150, "final_distance_cost": 76.28160599574161, "oscillation_cost": 430.6790315792899, "completition_cost": 222.2222222222222, "overshoot_cost": 73.01866143413922, "power_cost": 33.808880639648436, "noise_cost": 29.74212183638013, "n_waypoints_completed": 7, "tot_waypoints": 9}}
{"target": -2203.219238803276, "params": {"k_pid_pos": [0.164847558356081, 0.09389136195210257, 0.5122237481671357], "k_pid_alt": [0.9150081279967117, 0.7419912020566892, 0.8348969772577267], "k_pid_att": [1.1899120151968812, 8.426430403808743, 0.16390661222138492], "k_pid_yaw": [0.5, 1e-06, 0.1], "k_pid_hsp": [0.882832611418674, 0.9412759068296107, 0.5894164342545558], "k_pid_vsp": [298.6294549597396, 358.1361119030642, 96.49764065243839]}, "datetime": {"datetime": "2025-08-11 19:48:20", "elapsed": 12179.490450143814, "delta": 30.72345280647278}, "costs": {"total_cost": 2203.219238803276, "time_cost": 150, "final_distance_cost": 4.9692885619990586, "oscillation_cost": 731.1427272360953, "completition_cost": 1000.0, "overshoot_cost": 133.20410560709234, "power_cost": 54.16809029541016, "noise_cost": 129.73502710267897, "n_waypoints_completed": 0, "tot_waypoints": 9}}
{"target": -623.8380588350243, "params": {"k_pid_pos": [1.1466553205587995, 0.052352558085975165, 0.6832312626523115], "k_pid_alt": [1.3576362489260907, 0.734300406695635, 0.8609047554986778], "k_pid_att": [77.61407923169452, 4.697014232321225, 0.012880943742004325], "k_pid_yaw": [0.5, 1e-06, 0.1], "k_pid_hsp": [7.484930085942943, 0.600093387215475, 0.4685258053232575], "k_pid_vsp": [233.66375671086118, 328.74287766655874, 262.5684509079047]}, "datetime": {"datetime": "2025-08-11 19:48:43", "elapsed": 12203.14170384407, "delta": 23.651253700256348}, "costs": {"total_cost": 623.8380588350243, "time_cost": 89.502, "final_distance_cost": 1.7915386717904596, "oscillation_cost": 425.57626318604144, "completition_cost": 0.0, "overshoot_cost": 57.928793716311304, "power_cost": 26.920119970703126, "noise_cost": 22.119343290177923, "n_waypoints_completed": 9, "tot_waypoints": 9}}
{"target": -670.7125592142538, "params": {"k_pid_pos": [1.631129150602002, 0.27397499648280943, 0.8399211294379837], "k_pid_alt": [0.05253788247470248, 0.5313064382580626, 0.844611938548729], "k_pid_att": [36.387244810230726, 0.05806832415233047, 0.248255951442106], "k_pid_yaw": [0.5, 1e-06, 0.1], "k_pid_hsp": [4.707228139570563, 0.7684547209660851, 0.2573203770160365], "k_pid_vsp": [60.88666084164984, 292.8785476830149, 48.25602304087122]}, "datetime": {"datetime": "2025-08-11 19:49:12", "elapsed": 12231.725490808487, "delta": 28.583786964416504}, "costs": {"total_cost": 670.7125592142538, "time_cost": 108.241, "final_distance_cost": 1.7512004035248234, "oscillation_cost": 440.20454158464156, "completition_cost": 0.0, "overshoot_cost": 62.50238483180084, "power_cost": 31.49114354248047, "noise_cost": 26.5222888518061, "n_waypoints_completed": 9, "tot_waypoints": 9}}
