{"target": -1491.0108627346237, "params": {"k_pid_pos": [9.999999747378752e-05, 1.0, 0.020418524742126465], "k_pid_alt": [1.9880284070968628, 0.9904599189758301, 0.016441404819488525], "k_pid_att": [97.59217834472656, 9.999999747378752e-05, 0.0], "k_pid_yaw": [0.5, 1e-06, 0.1], "k_pid_hsp": [1.1403337717056274, 0.0, 0.00026103854179382324], "k_pid_vsp": [25.569581985473633, 400.0, 400.0]}, "datetime": {"datetime": "2025-08-20 22:28:42", "elapsed": 38177.272324085236, "delta": 22.97485089302063}, "costs": {"total_cost": 1491.0108627346237, "time_cost": 150, "final_distance_cost": 14.870194847874194, "oscillation_cost": 68.17750469348525, "completition_cost": 1000.0, "overshoot_cost": 139.54113883125933, "power_cost": 29.685474011230472, "noise_cost": 88.7365503507744, "n_waypoints_completed": 0, "tot_waypoints": 9}}
{"target": -1920.069285615815, "params": {"k_pid_pos": [9.999999747378752e-05, 1.0, 0.08238768577575684], "k_pid_alt": [2.0, 0.988325834274292, 0.0], "k_pid_att": [100.0, 0.90549236536026, 0.0], "k_pid_yaw": [0.5, 1e-06, 0.1], "k_pid_hsp": [9.999999747378752e-05, 0.007085263729095459, 0.0], "k_pid_vsp": [11.832427978515625, 400.0, 399.47320556640625]}, "datetime": {"datetime": "2025-08-20 22:29:05", "elapsed": 38199.602949142456, "delta": 22.33062505722046}, "costs": {"total_cost": 1920.069285615815, "time_cost": 150, "final_distance_cost": 331.0471654065602, "oscillation_cost": 31.48807779901903, "completition_cost": 1000.0, "overshoot_cost": 383.5096454831536, "power_cost": 11.346471716308594, "noise_cost": 12.677925210773466, "n_waypoints_completed": 0, "tot_waypoints": 9}}
{"target": -1438.6002376136662, "params": {"k_pid_pos": [9.999999747378752e-05, 1.0, 0.05497467517852783], "k_pid_alt": [1.9559621810913086, 0.9942175149917603, 0.0], "k_pid_att": [98.07138061523438, 0.014017544686794281, 0.015154719352722168], "k_pid_yaw": [0.5, 1e-06, 0.1], "k_pid_hsp": [9.999999747378752e-05, 0.05185765027999878, 0.0], "k_pid_vsp": [0.0, 400.0, 400.0]}, "datetime": {"datetime": "2025-08-20 22:29:28", "elapsed": 38223.322887182236, "delta": 23.719938039779663}, "costs": {"total_cost": 1438.6002376136662, "time_cost": 150, "final_distance_cost": 20.866994376088048, "oscillation_cost": 36.41745165508812, "completition_cost": 1000.0, "overshoot_cost": 151.39345213096905, "power_cost": 18.591665466308594, "noise_cost": 61.3306739852124, "n_waypoints_completed": 0, "tot_waypoints": 9}}
{"target": -1497.338020907981, "params": {"k_pid_pos": [0.22111393511295319, 0.9989563226699829, 0.0], "k_pid_alt": [2.0, 1.0, 0.0], "k_pid_att": [100.0, 9.999999747378752e-05, 0.0], "k_pid_yaw": [0.5, 1e-06, 0.1], "k_pid_hsp": [0.13524740934371948, 0.10254305601119995, 0.06836798787117004], "k_pid_vsp": [0.0, 400.0, 381.40570068359375]}, "datetime": {"datetime": "2025-08-20 22:29:52", "elapsed": 38246.8165678978, "delta": 23.493680715560913}, "costs": {"total_cost": 1497.338020907981, "time_cost": 150, "final_distance_cost": 22.307211872775397, "oscillation_cost": 122.01749592749894, "completition_cost": 1000.0, "overshoot_cost": 138.47014120021507, "power_cost": 20.598514660644533, "noise_cost": 43.944657246847036, "n_waypoints_completed": 0, "tot_waypoints": 9}}
{"target": -1459.030687593372, "params": {"k_pid_pos": [9.999999747378752e-05, 0.9719256162643433, 0.0], "k_pid_alt": [1.9806010723114014, 1.0, 0.0054357945919036865], "k_pid_att": [100.0, 9.999999747378752e-05, 0.0], "k_pid_yaw": [0.5, 1e-06, 0.1], "k_pid_hsp": [9.999999747378752e-05, 0.0377098023891449, 0.0], "k_pid_vsp": [28.580915451049805, 400.0, 379.9880065917969]}, "datetime": {"datetime": "2025-08-20 22:30:14", "elapsed": 38268.526916742325, "delta": 21.7103488445282}, "costs": {"total_cost": 1459.030687593372, "time_cost": 150, "final_distance_cost": 36.05297398259661, "oscillation_cost": 32.200988602274954, "completition_cost": 1000.0, "overshoot_cost": 156.88888578644557, "power_cost": 22.215131835937502, "noise_cost": 61.672707386117516, "n_waypoints_completed": 0, "tot_waypoints": 9}}
{"target": -1460.7151353712588, "params": {"k_pid_pos": [9.999999747378752e-05, 0.8812026977539062, 0.029263198375701904], "k_pid_alt": [1.907558798789978, 0.9835001230239868, 0.0], "k_pid_att": [96.62358856201172, 0.19391508400440216, 0.055826812982559204], "k_pid_yaw": [0.5, 1e-06, 0.1], "k_pid_hsp": [9.999999747378752e-05, 0.1074395477771759, 0.0], "k_pid_vsp": [0.0, 387.9997863769531, 361.3487854003906]}, "datetime": {"datetime": "2025-08-20 22:30:36", "elapsed": 38291.506412267685, "delta": 22.979495525360107}, "costs": {"total_cost": 1460.7151353712588, "time_cost": 150, "final_distance_cost": 18.373952410656386, "oscillation_cost": 56.181781072409564, "completition_cost": 1000.0, "overshoot_cost": 144.2795647710601, "power_cost": 21.92168405761719, "noise_cost": 69.95815305951572, "n_waypoints_completed": 0, "tot_waypoints": 9}}
{"target": -1494.801503483035, "params": {"k_pid_pos": [9.999999747378752e-05, 0.9100979566574097, 0.012168854475021362], "k_pid_alt": [2.0, 1.0, 0.028194427490234375], "k_pid_att": [94.77345275878906, 0.0904075875878334, 0.013033866882324219], "k_pid_yaw": [0.5, 1e-06, 0.1], "k_pid_hsp": [0.9089264273643494, 0.061760663986206055, 0.03259506821632385], "k_pid_vsp": [0.0, 390.2088623046875, 394.00628662109375]}, "datetime": {"datetime": "2025-08-20 22:31:00", "elapsed": 38315.21532869339, "delta": 23.708916425704956}, "costs": {"total_cost": 1494.801503483035, "time_cost": 150, "final_distance_cost": 26.164719646936675, "oscillation_cost": 90.15591671185724, "completition_cost": 1000.0, "overshoot_cost": 141.74360264877475, "power_cost": 21.314462622070312, "noise_cost": 65.42280185339607, "n_waypoints_completed": 0, "tot_waypoints": 9}}
{"target": -1818.200453592409, "params": {"k_pid_pos": [0.10912980139255524, 1.0, 0.06824547052383423], "k_pid_alt": [1.8891018629074097, 0.9748803377151489, 0.0], "k_pid_att": [82.73919677734375, 0.8676664233207703, 0.04682484269142151], "k_pid_yaw": [0.5, 1e-06, 0.1], "k_pid_hsp": [9.999999747378752e-05, 0.0, 0.0], "k_pid_vsp": [0.0, 380.74835205078125, 365.14483642578125]}, "datetime": {"datetime": "2025-08-20 22:31:23", "elapsed": 38338.4257338047, "delta": 23.210405111312866}, "costs": {"total_cost": 1818.200453592409, "time_cost": 150, "final_distance_cost": 296.75196552758655, "oscillation_cost": 26.293769011060213, "completition_cost": 1000.0, "overshoot_cost": 317.47650363082624, "power_cost": 12.634264489746094, "noise_cost": 15.043950933190041, "n_waypoints_completed": 0, "tot_waypoints": 9}}
{"target": -1931.3676366925072, "params": {"k_pid_pos": [9.999999747378752e-05, 0.9359233379364014, 0.0], "k_pid_alt": [1.9780871868133545, 1.0, 0.0], "k_pid_att": [98.03646850585938, 0.09912735968828201, 0.0], "k_pid_yaw": [0.5, 1e-06, 0.1], "k_pid_hsp": [9.999999747378752e-05, 0.009204298257827759, 0.02094849944114685], "k_pid_vsp": [7.640528678894043, 373.86114501953125, 400.0]}, "datetime": {"datetime": "2025-08-20 22:31:45", "elapsed": 38360.0306122303, "delta": 21.604878425598145}, "costs": {"total_cost": 1931.3676366925072, "time_cost": 150, "final_distance_cost": 333.00965033775157, "oscillation_cost": 40.80743724974715, "completition_cost": 1000.0, "overshoot_cost": 383.91177647610226, "power_cost": 11.249016674804688, "noise_cost": 12.389755954101743, "n_waypoints_completed": 0, "tot_waypoints": 9}}
{"target": -1399.205682373121, "params": {"k_pid_pos": [9.999999747378752e-05, 0.9067754149436951, 0.07573506236076355], "k_pid_alt": [1.9427103996276855, 1.0, 0.0], "k_pid_att": [99.09331512451172, 9.999999747378752e-05, 0.0], "k_pid_yaw": [0.5, 1e-06, 0.1], "k_pid_hsp": [0.21865016222000122, 0.0, 0.0], "k_pid_vsp": [16.983104705810547, 400.0, 373.4222717285156]}, "datetime": {"datetime": "2025-08-20 22:32:09", "elapsed": 38383.69974946976, "delta": 23.669137239456177}, "costs": {"total_cost": 1399.205682373121, "time_cost": 150, "final_distance_cost": 11.93056435207346, "oscillation_cost": 59.6956409071238, "completition_cost": 1000.0, "overshoot_cost": 139.43256722019456, "power_cost": 6.1827267578125005, "noise_cost": 31.964183135916308, "n_waypoints_completed": 0, "tot_waypoints": 9}}
{"target": -1463.9378704329622, "params": {"k_pid_pos": [0.1355404257774353, 0.9468633532524109, 0.0], "k_pid_alt": [2.0, 1.0, 0.00973743200302124], "k_pid_att": [100.0, 0.6000600457191467, 0.0], "k_pid_yaw": [0.5, 1e-06, 0.1], "k_pid_hsp": [0.2357475906610489, 0.028280973434448242, 0.005128353834152222], "k_pid_vsp": [10.952496528625488, 380.1988830566406, 372.4512939453125]}, "datetime": {"datetime": "2025-08-20 22:32:32", "elapsed": 38407.35918521881, "delta": 23.659435749053955}, "costs": {"total_cost": 1463.9378704329622, "time_cost": 150, "final_distance_cost": 9.226046056271002, "oscillation_cost": 81.8523115108111, "completition_cost": 1000.0, "overshoot_cost": 140.75732375689554, "power_cost": 19.00021636962891, "noise_cost": 63.101972739355496, "n_waypoints_completed": 0, "tot_waypoints": 9}}
{"target": -1472.4311872888459, "params": {"k_pid_pos": [9.999999747378752e-05, 1.0, 0.0], "k_pid_alt": [1.9617490768432617, 1.0, 0.0890485942363739], "k_pid_att": [100.0, 9.999999747378752e-05, 0.021843522787094116], "k_pid_yaw": [0.5, 1e-06, 0.1], "k_pid_hsp": [0.07670431584119797, 0.0, 0.0], "k_pid_vsp": [21.601783752441406, 399.85198974609375, 398.1640625]}, "datetime": {"datetime": "2025-08-20 22:32:56", "elapsed": 38430.87950873375, "delta": 23.520323514938354}, "costs": {"total_cost": 1472.4311872888459, "time_cost": 150, "final_distance_cost": 14.103673445448889, "oscillation_cost": 48.09521889947173, "completition_cost": 1000.0, "overshoot_cost": 140.79718113462397, "power_cost": 29.978857629394533, "noise_cost": 89.45625617990665, "n_waypoints_completed": 0, "tot_waypoints": 9}}
{"target": -1486.9323261810152, "params": {"k_pid_pos": [9.999999747378752e-05, 0.9801841974258423, 0.005685389041900635], "k_pid_alt": [2.0, 0.9520169496536255, 0.0], "k_pid_att": [100.0, 9.999999747378752e-05, 0.0], "k_pid_yaw": [0.5, 1e-06, 0.1], "k_pid_hsp": [0.44137707352638245, 0.0031315982341766357, 0.01768156886100769], "k_pid_vsp": [26.005054473876953, 400.0, 400.0]}, "datetime": {"datetime": "2025-08-20 22:33:19", "elapsed": 38454.481167554855, "delta": 23.601658821105957}, "costs": {"total_cost": 1486.9323261810152, "time_cost": 150, "final_distance_cost": 13.604231684262967, "oscillation_cost": 82.95235560763723, "completition_cost": 1000.0, "overshoot_cost": 145.5623643104867, "power_cost": 22.873633459472657, "noise_cost": 71.93974111915583, "n_waypoints_completed": 0, "tot_waypoints": 9}}
{"target": -2457.2296783300317, "params": {"k_pid_pos": [0.025785574689507484, 1.0, 0.0], "k_pid_alt": [1.8806886672973633, 0.9782126545906067, 0.0025528669357299805], "k_pid_att": [98.03308868408203, 0.6639502048492432, 0.0], "k_pid_yaw": [0.5, 1e-06, 0.1], "k_pid_hsp": [9.999999747378752e-05, 0.031180590391159058, 0.045160531997680664], "k_pid_vsp": [38.26726531982422, 377.7618408203125, 367.65338134765625]}, "datetime": {"datetime": "2025-08-20 22:33:43", "elapsed": 38478.41579794884, "delta": 23.934630393981934}, "costs": {"total_cost": 2457.2296783300317, "time_cost": 150, "final_distance_cost": 416.7495694615435, "oscillation_cost": 156.3326401333748, "completition_cost": 1000.0, "overshoot_cost": 696.7294373408425, "power_cost": 20.495056188964845, "noise_cost": 16.92297520530569, "n_waypoints_completed": 0, "tot_waypoints": 9}}
{"target": -1947.8375647534565, "params": {"k_pid_pos": [9.999999747378752e-05, 1.0, 0.0], "k_pid_alt": [2.0, 1.0, 0.0], "k_pid_att": [94.8079605102539, 0.6060103178024292, 0.0], "k_pid_yaw": [0.5, 1e-06, 0.1], "k_pid_hsp": [9.999999747378752e-05, 0.0, 0.0], "k_pid_vsp": [12.166762351989746, 394.96136474609375, 400.0]}, "datetime": {"datetime": "2025-08-20 22:34:07", "elapsed": 38501.70941853523, "delta": 23.293620586395264}, "costs": {"total_cost": 1947.8375647534565, "time_cost": 150, "final_distance_cost": 333.22367018329896, "oscillation_cost": 24.706281402258398, "completition_cost": 1000.0, "overshoot_cost": 373.65575767845513, "power_cost": 37.86663376464844, "noise_cost": 28.385221724795617, "n_waypoints_completed": 0, "tot_waypoints": 9}}
{"target": -1817.2618450286723, "params": {"k_pid_pos": [0.16094891726970673, 0.938951849937439, 0.0], "k_pid_alt": [2.0, 1.0, 0.0019579827785491943], "k_pid_att": [100.0, 9.999999747378752e-05, 0.05409657955169678], "k_pid_yaw": [0.5, 1e-06, 0.1], "k_pid_hsp": [9.999999747378752e-05, 0.0, 0.022719204425811768], "k_pid_vsp": [0.0, 400.0, 400.0]}, "datetime": {"datetime": "2025-08-20 22:34:29", "elapsed": 38524.05845236778, "delta": 22.34903383255005}, "costs": {"total_cost": 1817.2618450286723, "time_cost": 150, "final_distance_cost": 317.33906555192027, "oscillation_cost": 45.70394925887887, "completition_cost": 888.8888888888888, "overshoot_cost": 352.809084757416, "power_cost": 36.43286055908203, "noise_cost": 26.087996012486087, "n_waypoints_completed": 1, "tot_waypoints": 9}}
{"target": -1531.6993970354918, "params": {"k_pid_pos": [9.999999747378752e-05, 0.9634515047073364, 0.0026901066303253174], "k_pid_alt": [1.9386541843414307, 0.9972714185714722, 0.038498103618621826], "k_pid_att": [100.0, 9.999999747378752e-05, 0.0], "k_pid_yaw": [0.5, 1e-06, 0.1], "k_pid_hsp": [0.3425079584121704, 0.061857640743255615, 0.08500924706459045], "k_pid_vsp": [0.0, 376.8789367675781, 400.0]}, "datetime": {"datetime": "2025-08-20 22:34:52", "elapsed": 38547.43165683746, "delta": 23.373204469680786}, "costs": {"total_cost": 1531.6993970354918, "time_cost": 150, "final_distance_cost": 23.551184205495446, "oscillation_cost": 159.56041763224695, "completition_cost": 1000.0, "overshoot_cost": 132.24251940538113, "power_cost": 24.426952868652346, "noise_cost": 41.91832292371587, "n_waypoints_completed": 0, "tot_waypoints": 9}}
{"target": -1463.9447406302088, "params": {"k_pid_pos": [0.06863619387149811, 0.9535502195358276, 0.023518085479736328], "k_pid_alt": [2.0, 1.0, 0.0], "k_pid_att": [100.0, 9.999999747378752e-05, 0.012297749519348145], "k_pid_yaw": [0.5, 1e-06, 0.1], "k_pid_hsp": [0.217040553689003, 0.0379997193813324, 0.03416174650192261], "k_pid_vsp": [0.0, 400.0, 400.0]}, "datetime": {"datetime": "2025-08-20 22:35:18", "elapsed": 38572.90596842766, "delta": 25.474311590194702}, "costs": {"total_cost": 1463.9447406302088, "time_cost": 150, "final_distance_cost": 17.838797147139815, "oscillation_cost": 78.02922723673178, "completition_cost": 1000.0, "overshoot_cost": 138.728045122015, "power_cost": 20.825822375488283, "noise_cost": 58.52284874883381, "n_waypoints_completed": 0, "tot_waypoints": 9}}
{"target": -1416.727891596085, "params": {"k_pid_pos": [9.999999747378752e-05, 1.0, 0.0], "k_pid_alt": [1.9919252395629883, 1.0, 0.013895303010940552], "k_pid_att": [100.0, 9.999999747378752e-05, 0.0], "k_pid_yaw": [0.5, 1e-06, 0.1], "k_pid_hsp": [0.6098542213439941, 0.0, 0.0], "k_pid_vsp": [19.74747085571289, 394.79998779296875, 400.0]}, "datetime": {"datetime": "2025-08-20 22:35:39", "elapsed": 38594.33872938156, "delta": 21.4327609539032}, "costs": {"total_cost": 1416.727891596085, "time_cost": 150, "final_distance_cost": 16.623790235004495, "oscillation_cost": 66.10875794078913, "completition_cost": 1000.0, "overshoot_cost": 139.91371354339066, "power_cost": 7.8779449462890625, "noise_cost": 36.20368493061163, "n_waypoints_completed": 0, "tot_waypoints": 9}}
{"target": -1482.1117225394717, "params": {"k_pid_pos": [9.999999747378752e-05, 1.0, 0.051892220973968506], "k_pid_alt": [2.0, 0.9179829359054565, 0.06602779030799866], "k_pid_att": [100.0, 9.999999747378752e-05, 0.0], "k_pid_yaw": [0.5, 1e-06, 0.1], "k_pid_hsp": [0.44448602199554443, 0.0, 0.009560614824295044], "k_pid_vsp": [0.0, 400.0, 400.0]}, "datetime": {"datetime": "2025-08-20 22:36:05", "elapsed": 38620.38339447975, "delta": 26.044665098190308}, "costs": {"total_cost": 1482.1117225394717, "time_cost": 150, "final_distance_cost": 13.816665884225017, "oscillation_cost": 83.654197011397, "completition_cost": 1000.0, "overshoot_cost": 144.66865256002012, "power_cost": 21.33625992431641, "noise_cost": 68.63594715951305, "n_waypoints_completed": 0, "tot_waypoints": 9}}
{"target": -1929.3554620808445, "params": {"k_pid_pos": [0.03714368864893913, 0.9958906173706055, 0.0], "k_pid_alt": [1.879957914352417, 0.9369058609008789, 0.11388698220252991], "k_pid_att": [94.97388458251953, 9.999999747378752e-05, 0.03370058536529541], "k_pid_yaw": [0.5, 1e-06, 0.1], "k_pid_hsp": [9.999999747378752e-05, 0.0, 0.0], "k_pid_vsp": [10.187566757202148, 385.2724914550781, 385.073486328125]}, "datetime": {"datetime": "2025-08-20 22:36:30", "elapsed": 38644.72820830345, "delta": 24.34481382369995}, "costs": {"total_cost": 1929.3554620808445, "time_cost": 150, "final_distance_cost": 326.97780828720846, "oscillation_cost": 24.580093598912264, "completition_cost": 1000.0, "overshoot_cost": 361.7289550125244, "power_cost": 37.86623941650391, "noise_cost": 28.202365765695244, "n_waypoints_completed": 0, "tot_waypoints": 9}}
{"target": -1477.0180943697073, "params": {"k_pid_pos": [0.21740075945854187, 0.9978154897689819, 0.00631868839263916], "k_pid_alt": [1.9626034498214722, 1.0, 0.056814223527908325], "k_pid_att": [86.63446044921875, 9.999999747378752e-05, 0.0], "k_pid_yaw": [0.5, 1e-06, 0.1], "k_pid_hsp": [9.999999747378752e-05, 0.05871689319610596, 0.0], "k_pid_vsp": [25.712467193603516, 400.0, 400.0]}, "datetime": {"datetime": "2025-08-20 22:36:52", "elapsed": 38666.77320933342, "delta": 22.04500102996826}, "costs": {"total_cost": 1477.0180943697073, "time_cost": 150, "final_distance_cost": 13.669610345440766, "oscillation_cost": 35.79302943414327, "completition_cost": 1000.0, "overshoot_cost": 149.19168422645996, "power_cost": 32.75079370117188, "noise_cost": 95.61297666249128, "n_waypoints_completed": 0, "tot_waypoints": 9}}
{"target": -1448.8942145150297, "params": {"k_pid_pos": [0.05630222707986832, 1.0, 0.005594968795776367], "k_pid_alt": [2.0, 1.0, 0.1139463484287262], "k_pid_att": [98.4175796508789, 0.5685116648674011, 0.009722888469696045], "k_pid_yaw": [0.5, 1e-06, 0.1], "k_pid_hsp": [9.999999747378752e-05, 0.0593508780002594, 0.0], "k_pid_vsp": [2.500903606414795, 395.03179931640625, 400.0]}, "datetime": {"datetime": "2025-08-20 22:37:18", "elapsed": 38693.443814754486, "delta": 26.670605421066284}, "costs": {"total_cost": 1448.8942145150297, "time_cost": 150, "final_distance_cost": 16.342623325254504, "oscillation_cost": 37.569027124027244, "completition_cost": 1000.0, "overshoot_cost": 149.3595213455141, "power_cost": 23.12986787109375, "noise_cost": 72.4931748491402, "n_waypoints_completed": 0, "tot_waypoints": 9}}
{"target": -1513.3457782980756, "params": {"k_pid_pos": [0.09862834960222244, 0.9389529228210449, 0.057255953550338745], "k_pid_alt": [1.9932537078857422, 0.954696536064148, 0.0], "k_pid_att": [96.02239227294922, 9.999999747378752e-05, 0.0], "k_pid_yaw": [0.5, 1e-06, 0.1], "k_pid_hsp": [0.6556557416915894, 0.03552120923995972, 0.0014962553977966309], "k_pid_vsp": [4.264187812805176, 400.0, 400.0]}, "datetime": {"datetime": "2025-08-20 22:37:42", "elapsed": 38717.01640915871, "delta": 23.57259440422058}, "costs": {"total_cost": 1513.3457782980756, "time_cost": 150, "final_distance_cost": 12.556936492019346, "oscillation_cost": 64.86448694869269, "completition_cost": 1000.0, "overshoot_cost": 138.71675287835174, "power_cost": 38.0828898803711, "noise_cost": 109.12471209864066, "n_waypoints_completed": 0, "tot_waypoints": 9}}
{"target": -1484.0271044294118, "params": {"k_pid_pos": [0.22078362107276917, 0.9376025795936584, 0.0], "k_pid_alt": [1.9239397048950195, 1.0, 0.0], "k_pid_att": [100.0, 9.999999747378752e-05, 0.0], "k_pid_yaw": [0.5, 1e-06, 0.1], "k_pid_hsp": [0.15555451810359955, 0.0, 0.0], "k_pid_vsp": [6.302964687347412, 378.451171875, 400.0]}, "datetime": {"datetime": "2025-08-20 22:38:05", "elapsed": 38740.43822956085, "delta": 23.421820402145386}, "costs": {"total_cost": 1484.0271044294118, "time_cost": 150, "final_distance_cost": 5.233415614576281, "oscillation_cost": 55.41209751781438, "completition_cost": 1000.0, "overshoot_cost": 139.253768524615, "power_cost": 34.247920581054686, "noise_cost": 99.87990219135165, "n_waypoints_completed": 0, "tot_waypoints": 9}}
{"target": -1934.0438728827705, "params": {"k_pid_pos": [9.999999747378752e-05, 1.0, 0.0], "k_pid_alt": [2.0, 1.0, 0.06514847278594971], "k_pid_att": [100.0, 0.32353389263153076, 0.0], "k_pid_yaw": [0.5, 1e-06, 0.1], "k_pid_hsp": [9.999999747378752e-05, 0.0, 0.0], "k_pid_vsp": [0.0, 400.0, 391.0422058105469]}, "datetime": {"datetime": "2025-08-20 22:38:30", "elapsed": 38764.68739819527, "delta": 24.249168634414673}, "costs": {"total_cost": 1934.0438728827705, "time_cost": 150, "final_distance_cost": 340.9808829216655, "oscillation_cost": 31.08006873754118, "completition_cost": 1000.0, "overshoot_cost": 386.93403206033616, "power_cost": 11.49095194091797, "noise_cost": 13.557937222309727, "n_waypoints_completed": 0, "tot_waypoints": 9}}
{"target": -4110.380632622241, "params": {"k_pid_pos": [0.09351816028356552, 0.9311748743057251, 0.005476176738739014], "k_pid_alt": [2.0, 1.0, 0.0], "k_pid_att": [86.0975570678711, 0.11000390350818634, 0.023083925247192383], "k_pid_yaw": [0.5, 1e-06, 0.1], "k_pid_hsp": [9.999999747378752e-05, 0.0, 0.04254633188247681], "k_pid_vsp": [1.6119718551635742, 400.0, 400.0]}, "datetime": {"datetime": "2025-08-20 22:38:51", "elapsed": 38786.29863905907, "delta": 21.61124086380005}, "costs": {"total_cost": 4110.380632622241, "time_cost": 150, "final_distance_cost": 1105.7113576423617, "oscillation_cost": 33.386837016623744, "completition_cost": 1000.0, "overshoot_cost": 1790.0308237667193, "power_cost": 16.21265555419922, "noise_cost": 15.038958642337407, "n_waypoints_completed": 0, "tot_waypoints": 9}}
