{"target": -1487.275149905598, "params": {"k_pid_pos": [9.999999747378752e-05, 1.0, 0.0], "k_pid_alt": [1.9407663345336914, 1.0, 0.0], "k_pid_att": [99.33613586425781, 9.999999747378752e-05, 0.024985849857330322], "k_pid_yaw": [0.5, 1e-06, 0.1], "k_pid_hsp": [0.17532368004322052, 0.0, 0.07375150918960571], "k_pid_vsp": [0.0, 371.1288757324219, 400.0]}, "datetime": {"datetime": "2025-08-21 03:26:07", "elapsed": 56021.97566699982, "delta": 19.497016191482544}, "costs": {"total_cost": 1487.275149905598, "time_cost": 150, "final_distance_cost": 52.16304931201103, "oscillation_cost": 180.41833960635338, "completition_cost": 1000.0, "overshoot_cost": 57.85105424107856, "power_cost": 26.490773168945314, "noise_cost": 20.351933577209707, "n_waypoints_completed": 0, "tot_waypoints": 9}}
{"target": -1462.4239413092182, "params": {"k_pid_pos": [0.04074380546808243, 1.0, 0.07183793187141418], "k_pid_alt": [2.0, 0.9920958280563354, 0.07744532823562622], "k_pid_att": [94.33084869384766, 0.07010644674301147, 0.0030077099800109863], "k_pid_yaw": [0.5, 1e-06, 0.1], "k_pid_hsp": [9.999999747378752e-05, 0.08691316843032837, 0.0], "k_pid_vsp": [24.243236541748047, 400.0, 388.53717041015625]}, "datetime": {"datetime": "2025-08-21 03:26:27", "elapsed": 56042.20820760727, "delta": 20.232540607452393}, "costs": {"total_cost": 1462.4239413092182, "time_cost": 150, "final_distance_cost": 21.742790725901717, "oscillation_cost": 49.80129897067955, "completition_cost": 1000.0, "overshoot_cost": 144.9729184843493, "power_cost": 23.133093969726563, "noise_cost": 72.77383915856092, "n_waypoints_completed": 0, "tot_waypoints": 9}}
{"target": -1476.9333075284046, "params": {"k_pid_pos": [9.999999747378752e-05, 1.0, 0.04854130744934082], "k_pid_alt": [2.0, 1.0, 0.0], "k_pid_att": [100.0, 9.999999747378752e-05, 0.005003243684768677], "k_pid_yaw": [0.5, 1e-06, 0.1], "k_pid_hsp": [0.6663546562194824, 0.0, 0.010226249694824219], "k_pid_vsp": [0.6278514862060547, 394.2444763183594, 400.0]}, "datetime": {"datetime": "2025-08-21 03:26:47", "elapsed": 56061.963143348694, "delta": 19.75493574142456}, "costs": {"total_cost": 1476.9333075284046, "time_cost": 150, "final_distance_cost": 13.44295539276756, "oscillation_cost": 83.40980387902798, "completition_cost": 1000.0, "overshoot_cost": 143.4374477707444, "power_cost": 20.392081701660157, "noise_cost": 66.25101878420445, "n_waypoints_completed": 0, "tot_waypoints": 9}}
{"target": -1393.3391276288344, "params": {"k_pid_pos": [0.02085598185658455, 1.0, 0.028341859579086304], "k_pid_alt": [2.0, 0.9819421172142029, 0.0], "k_pid_att": [100.0, 0.16629038751125336, 0.0], "k_pid_yaw": [0.5, 1e-06, 0.1], "k_pid_hsp": [0.4111458957195282, 0.03359302878379822, 0.0], "k_pid_vsp": [0.0, 400.0, 399.38482666015625]}, "datetime": {"datetime": "2025-08-21 03:27:07", "elapsed": 56082.1146440506, "delta": 20.151500701904297}, "costs": {"total_cost": 1393.3391276288344, "time_cost": 150, "final_distance_cost": 14.052123455011749, "oscillation_cost": 65.92913597869126, "completition_cost": 1000.0, "overshoot_cost": 139.74110713177478, "power_cost": 1.8985577636718751, "noise_cost": 21.718203299684543, "n_waypoints_completed": 0, "tot_waypoints": 9}}
{"target": -1929.8304877048972, "params": {"k_pid_pos": [9.999999747378752e-05, 1.0, 0.022850602865219116], "k_pid_alt": [1.9565094709396362, 0.9915024042129517, 0.0], "k_pid_att": [98.932861328125, 9.999999747378752e-05, 0.0], "k_pid_yaw": [0.5, 1e-06, 0.1], "k_pid_hsp": [9.999999747378752e-05, 0.0, 0.0], "k_pid_vsp": [0.0, 382.55108642578125, 400.0]}, "datetime": {"datetime": "2025-08-21 03:27:26", "elapsed": 56101.10168504715, "delta": 18.987040996551514}, "costs": {"total_cost": 1929.8304877048972, "time_cost": 150, "final_distance_cost": 339.56226253061726, "oscillation_cost": 30.81498137709877, "completition_cost": 1000.0, "overshoot_cost": 384.335439119917, "power_cost": 11.580111291503906, "noise_cost": 13.537693385760079, "n_waypoints_completed": 0, "tot_waypoints": 9}}
{"target": -1416.5214873213763, "params": {"k_pid_pos": [9.999999747378752e-05, 0.8885138034820557, 0.0], "k_pid_alt": [1.9017865657806396, 1.0, 0.02169489860534668], "k_pid_att": [92.71475219726562, 0.9110239148139954, 0.0], "k_pid_yaw": [0.5, 1e-06, 0.1], "k_pid_hsp": [0.0535496324300766, 0.0, 0.0], "k_pid_vsp": [0.0, 362.50189208984375, 400.0]}, "datetime": {"datetime": "2025-08-21 03:27:47", "elapsed": 56122.009622097015, "delta": 20.907937049865723}, "costs": {"total_cost": 1416.5214873213763, "time_cost": 150, "final_distance_cost": 14.214837981633078, "oscillation_cost": 43.31791668922765, "completition_cost": 1000.0, "overshoot_cost": 140.444511876243, "power_cost": 15.411672570800782, "noise_cost": 53.13254820347166, "n_waypoints_completed": 0, "tot_waypoints": 9}}
{"target": -1399.0231428542338, "params": {"k_pid_pos": [0.18665851652622223, 0.9341434240341187, 0.01774531602859497], "k_pid_alt": [1.985893726348877, 0.9771193861961365, 0.0], "k_pid_att": [100.0, 9.999999747378752e-05, 0.06039735674858093], "k_pid_yaw": [0.5, 1e-06, 0.1], "k_pid_hsp": [0.28008702397346497, 0.024733394384384155, 0.0], "k_pid_vsp": [0.0, 400.0, 371.53302001953125]}, "datetime": {"datetime": "2025-08-21 03:28:07", "elapsed": 56141.9271941185, "delta": 19.917572021484375}, "costs": {"total_cost": 1399.0231428542338, "time_cost": 150, "final_distance_cost": 9.903061088283666, "oscillation_cost": 66.79426404953949, "completition_cost": 1000.0, "overshoot_cost": 138.83416273449325, "power_cost": 4.851569543457032, "noise_cost": 28.640085438460446, "n_waypoints_completed": 0, "tot_waypoints": 9}}
{"target": -1428.1982106627459, "params": {"k_pid_pos": [9.999999747378752e-05, 1.0, 0.041609764099121094], "k_pid_alt": [2.0, 0.993854284286499, 0.005895286798477173], "k_pid_att": [99.24943542480469, 1.011515498161316, 0.0], "k_pid_yaw": [0.5, 1e-06, 0.1], "k_pid_hsp": [9.999999747378752e-05, 0.06636792421340942, 0.01885172724723816], "k_pid_vsp": [0.0, 400.0, 400.0]}, "datetime": {"datetime": "2025-08-21 03:28:30", "elapsed": 56164.93129968643, "delta": 23.00410556793213}, "costs": {"total_cost": 1428.1982106627459, "time_cost": 150, "final_distance_cost": 16.107041626447348, "oscillation_cost": 43.36217977976804, "completition_cost": 1000.0, "overshoot_cost": 147.08045347096063, "power_cost": 15.716872912597657, "noise_cost": 55.93166287297218, "n_waypoints_completed": 0, "tot_waypoints": 9}}
{"target": -1476.069048430853, "params": {"k_pid_pos": [9.999999747378752e-05, 0.9908410906791687, 0.0966188907623291], "k_pid_alt": [2.0, 1.0, 4.8547983169555664e-05], "k_pid_att": [94.93392944335938, 0.15609094500541687, 0.0], "k_pid_yaw": [0.5, 1e-06, 0.1], "k_pid_hsp": [9.999999747378752e-05, 0.043632298707962036, 0.0], "k_pid_vsp": [13.1699800491333, 400.0, 400.0]}, "datetime": {"datetime": "2025-08-21 03:28:51", "elapsed": 56185.983051776886, "delta": 21.0517520904541}, "costs": {"total_cost": 1476.069048430853, "time_cost": 150, "final_distance_cost": 33.55873473340507, "oscillation_cost": 32.375558441098846, "completition_cost": 1000.0, "overshoot_cost": 154.15084566541933, "power_cost": 26.689292114257814, "noise_cost": 79.29461747667193, "n_waypoints_completed": 0, "tot_waypoints": 9}}
{"target": -1516.4049352174231, "params": {"k_pid_pos": [0.19385822117328644, 0.7954839468002319, 0.02117764949798584], "k_pid_alt": [2.0, 1.0, 0.0], "k_pid_att": [94.79139709472656, 0.5465695858001709, 0.01511189341545105], "k_pid_yaw": [0.5, 1e-06, 0.1], "k_pid_hsp": [0.16037289798259735, 0.04194849729537964, 0.07173681259155273], "k_pid_vsp": [0.0, 400.0, 400.0]}, "datetime": {"datetime": "2025-08-21 03:29:10", "elapsed": 56205.511054039, "delta": 19.52800226211548}, "costs": {"total_cost": 1516.4049352174231, "time_cost": 150, "final_distance_cost": 21.345948223630113, "oscillation_cost": 155.2687486096156, "completition_cost": 1000.0, "overshoot_cost": 125.39084897996958, "power_cost": 30.59355859375, "noise_cost": 33.80583081045779, "n_waypoints_completed": 0, "tot_waypoints": 9}}
{"target": -3506.615051980475, "params": {"k_pid_pos": [9.999999747378752e-05, 1.0, 0.005148053169250488], "k_pid_alt": [1.9076802730560303, 0.9819453358650208, 0.015443176031112671], "k_pid_att": [100.0, 0.1231701448559761, 0.0], "k_pid_yaw": [0.5, 1e-06, 0.1], "k_pid_hsp": [9.999999747378752e-05, 0.0, 0.06071320176124573], "k_pid_vsp": [0.0, 366.0975036621094, 400.0]}, "datetime": {"datetime": "2025-08-21 03:29:32", "elapsed": 56226.786950826645, "delta": 21.275896787643433}, "costs": {"total_cost": 3506.615051980475, "time_cost": 150, "final_distance_cost": 792.5951721376584, "oscillation_cost": 266.13612991621164, "completition_cost": 1000.0, "overshoot_cost": 1257.9145433419098, "power_cost": 22.17627840576172, "noise_cost": 17.79292817893333, "n_waypoints_completed": 0, "tot_waypoints": 9}}
{"target": -1941.2805330697583, "params": {"k_pid_pos": [0.06770724058151245, 0.9816702604293823, 0.037633925676345825], "k_pid_alt": [2.0, 0.99693763256073, 0.0], "k_pid_att": [95.82975769042969, 9.999999747378752e-05, 0.09321105480194092], "k_pid_yaw": [0.5, 1e-06, 0.1], "k_pid_hsp": [9.999999747378752e-05, 0.0, 0.0], "k_pid_vsp": [53.59770202636719, 400.0, 400.0]}, "datetime": {"datetime": "2025-08-21 03:29:51", "elapsed": 56245.97400736809, "delta": 19.18705654144287}, "costs": {"total_cost": 1941.2805330697583, "time_cost": 150, "final_distance_cost": 330.47996995101255, "oscillation_cost": 24.055357077550635, "completition_cost": 1000.0, "overshoot_cost": 370.22164447214334, "power_cost": 37.93231450195313, "noise_cost": 28.59124706709858, "n_waypoints_completed": 0, "tot_waypoints": 9}}
{"target": -3063.099850178892, "params": {"k_pid_pos": [9.999999747378752e-05, 0.9311418533325195, 0.033159881830215454], "k_pid_alt": [1.9722129106521606, 1.0, 0.10403954982757568], "k_pid_att": [100.0, 0.5049072504043579, 0.0], "k_pid_yaw": [0.5, 1e-06, 0.1], "k_pid_hsp": [9.999999747378752e-05, 0.0, 0.07895874977111816], "k_pid_vsp": [0.0, 391.1800537109375, 400.0]}, "datetime": {"datetime": "2025-08-21 03:30:12", "elapsed": 56266.86723279953, "delta": 20.89322543144226}, "costs": {"total_cost": 3063.099850178892, "time_cost": 150, "final_distance_cost": 604.8685847332307, "oscillation_cost": 319.1443775935984, "completition_cost": 1000.0, "overshoot_cost": 949.7287217557782, "power_cost": 21.85609763183594, "noise_cost": 17.502068464449362, "n_waypoints_completed": 0, "tot_waypoints": 9}}
{"target": -1463.9191252048365, "params": {"k_pid_pos": [0.11356905102729797, 0.9966984987258911, 0.0], "k_pid_alt": [2.0, 1.0, 0.02153301239013672], "k_pid_att": [84.05615234375, 9.999999747378752e-05, 0.0], "k_pid_yaw": [0.5, 1e-06, 0.1], "k_pid_hsp": [0.6800078749656677, 0.09263485670089722, 0.0], "k_pid_vsp": [2.6736021041870117, 378.1151428222656, 400.0]}, "datetime": {"datetime": "2025-08-21 03:30:31", "elapsed": 56286.29492020607, "delta": 19.427687406539917}, "costs": {"total_cost": 1463.9191252048365, "time_cost": 150, "final_distance_cost": 10.988638531290752, "oscillation_cost": 68.31510771021004, "completition_cost": 1000.0, "overshoot_cost": 138.9960794648301, "power_cost": 23.154554333496094, "noise_cost": 72.4647451650096, "n_waypoints_completed": 0, "tot_waypoints": 9}}
{"target": -1391.0288533792334, "params": {"k_pid_pos": [0.15756307542324066, 1.0, 0.011063098907470703], "k_pid_alt": [2.0, 0.9778201580047607, 0.0], "k_pid_att": [97.19036102294922, 0.25645968317985535, 0.0], "k_pid_yaw": [0.5, 1e-06, 0.1], "k_pid_hsp": [0.37668848037719727, 0.0, 0.0], "k_pid_vsp": [0.0, 398.615478515625, 369.8833923339844]}, "datetime": {"datetime": "2025-08-21 03:30:52", "elapsed": 56306.881937503815, "delta": 20.58701729774475}, "costs": {"total_cost": 1391.0288533792334, "time_cost": 150, "final_distance_cost": 13.765504815232948, "oscillation_cost": 64.79412844023274, "completition_cost": 1000.0, "overshoot_cost": 139.25131428590555, "power_cost": 1.8751154296875001, "noise_cost": 21.342790408174782, "n_waypoints_completed": 0, "tot_waypoints": 9}}
{"target": -1716.3570238407096, "params": {"k_pid_pos": [0.007424269337207079, 1.0, 0.0], "k_pid_alt": [2.0, 1.0, 0.05969446897506714], "k_pid_att": [100.0, 9.999999747378752e-05, 0.0], "k_pid_yaw": [0.5, 1e-06, 0.1], "k_pid_hsp": [9.999999747378752e-05, 0.05035564303398132, 0.029367923736572266], "k_pid_vsp": [16.612518310546875, 400.0, 395.5096740722656]}, "datetime": {"datetime": "2025-08-21 03:31:12", "elapsed": 56327.4661757946, "delta": 20.584238290786743}, "costs": {"total_cost": 1716.3570238407096, "time_cost": 150, "final_distance_cost": 212.48780218426634, "oscillation_cost": 79.45793634470857, "completition_cost": 1000.0, "overshoot_cost": 227.95757601948347, "power_cost": 25.584869982910156, "noise_cost": 20.86883930934117, "n_waypoints_completed": 0, "tot_waypoints": 9}}
{"target": -1493.0499346836666, "params": {"k_pid_pos": [0.032255932688713074, 0.9141859412193298, 0.010649561882019043], "k_pid_alt": [1.8220291137695312, 1.0, 0.005359262228012085], "k_pid_att": [92.78608703613281, 9.999999747378752e-05, 0.04202309250831604], "k_pid_yaw": [0.5, 1e-06, 0.1], "k_pid_hsp": [0.5897202491760254, 0.11633595824241638, 0.010457247495651245], "k_pid_vsp": [0.0, 400.0, 394.6056823730469]}, "datetime": {"datetime": "2025-08-21 03:31:32", "elapsed": 56346.61102223396, "delta": 19.144846439361572}, "costs": {"total_cost": 1493.0499346836666, "time_cost": 150, "final_distance_cost": 26.175173277305383, "oscillation_cost": 81.9146621647545, "completition_cost": 1000.0, "overshoot_cost": 144.37816824432232, "power_cost": 21.526984326171878, "noise_cost": 69.05494667111255, "n_waypoints_completed": 0, "tot_waypoints": 9}}
{"target": -1416.8431833974444, "params": {"k_pid_pos": [9.999999747378752e-05, 1.0, 0.10690563917160034], "k_pid_alt": [2.0, 0.9977662563323975, 0.0], "k_pid_att": [100.0, 0.5443732142448425, 0.0], "k_pid_yaw": [0.5, 1e-06, 0.1], "k_pid_hsp": [0.5768266916275024, 0.0, 0.0], "k_pid_vsp": [3.2777905464172363, 360.8733215332031, 395.4495544433594]}, "datetime": {"datetime": "2025-08-21 03:31:52", "elapsed": 56367.35175418854, "delta": 20.740731954574585}, "costs": {"total_cost": 1416.8431833974444, "time_cost": 150, "final_distance_cost": 11.087226573823646, "oscillation_cost": 67.68169789903999, "completition_cost": 1000.0, "overshoot_cost": 139.30056834399676, "power_cost": 9.2898248046875, "noise_cost": 39.48386577589672, "n_waypoints_completed": 0, "tot_waypoints": 9}}
{"target": -1391.907245020623, "params": {"k_pid_pos": [0.01996702328324318, 0.9881744384765625, 0.0], "k_pid_alt": [1.824318766593933, 1.0, 0.0], "k_pid_att": [100.0, 0.16280296444892883, 0.0], "k_pid_yaw": [0.5, 1e-06, 0.1], "k_pid_hsp": [0.2428818941116333, 0.03006047010421753, 0.0], "k_pid_vsp": [0.596308708190918, 388.96209716796875, 400.0]}, "datetime": {"datetime": "2025-08-21 03:32:12", "elapsed": 56386.5910859108, "delta": 19.23933172225952}, "costs": {"total_cost": 1391.907245020623, "time_cost": 150, "final_distance_cost": 16.034377483270426, "oscillation_cost": 61.85586618095387, "completition_cost": 1000.0, "overshoot_cost": 140.4703163270447, "power_cost": 1.9069379394531252, "noise_cost": 21.639747089900684, "n_waypoints_completed": 0, "tot_waypoints": 9}}
{"target": -4465.967953516531, "params": {"k_pid_pos": [9.999999747378752e-05, 0.9722208976745605, 0.0304889976978302], "k_pid_alt": [1.9854300022125244, 1.0, 0.007049500942230225], "k_pid_att": [100.0, 0.010949426330626011, 0.0], "k_pid_yaw": [0.5, 1e-06, 0.1], "k_pid_hsp": [9.999999747378752e-05, 0.0, 0.042416930198669434], "k_pid_vsp": [2.4459123611450195, 381.2985534667969, 400.0]}, "datetime": {"datetime": "2025-08-21 03:32:32", "elapsed": 56407.420931339264, "delta": 20.829845428466797}, "costs": {"total_cost": 4465.967953516531, "time_cost": 150, "final_distance_cost": 1213.7567638250466, "oscillation_cost": 138.83818598685698, "completition_cost": 1000.0, "overshoot_cost": 1923.002120687405, "power_cost": 22.38907351074219, "noise_cost": 17.981809506480168, "n_waypoints_completed": 0, "tot_waypoints": 9}}
{"target": -1801.0795565425678, "params": {"k_pid_pos": [0.20326824486255646, 1.0, 0.04042431712150574], "k_pid_alt": [1.9686509370803833, 0.9238629937171936, 0.0], "k_pid_att": [100.0, 0.302439421415329, 0.05244147777557373], "k_pid_yaw": [0.5, 1e-06, 0.1], "k_pid_hsp": [9.999999747378752e-05, 0.06312638521194458, 0.03605067729949951], "k_pid_vsp": [0.0, 395.8968811035156, 383.1029052734375]}, "datetime": {"datetime": "2025-08-21 03:32:52", "elapsed": 56426.60499882698, "delta": 19.184067487716675}, "costs": {"total_cost": 1801.0795565425678, "time_cost": 150, "final_distance_cost": 238.31475848754883, "oscillation_cost": 68.1303473371115, "completition_cost": 1000.0, "overshoot_cost": 304.2922490427851, "power_cost": 22.042387829589845, "noise_cost": 18.29981384553244, "n_waypoints_completed": 0, "tot_waypoints": 9}}
{"target": -1419.5818958866432, "params": {"k_pid_pos": [0.10744104534387589, 0.9705276489257812, 0.0], "k_pid_alt": [1.831092119216919, 1.0, 0.0], "k_pid_att": [94.3047866821289, 0.2688060700893402, 0.0], "k_pid_yaw": [0.5, 1e-06, 0.1], "k_pid_hsp": [0.06931281834840775, 0.0, 0.010694056749343872], "k_pid_vsp": [9.99854850769043, 396.4221496582031, 400.0]}, "datetime": {"datetime": "2025-08-21 03:33:13", "elapsed": 56448.319190740585, "delta": 21.714191913604736}, "costs": {"total_cost": 1419.5818958866432, "time_cost": 150, "final_distance_cost": 17.846517721456138, "oscillation_cost": 49.1047457032377, "completition_cost": 1000.0, "overshoot_cost": 139.75027946603242, "power_cost": 13.876675427246095, "noise_cost": 49.003677568670845, "n_waypoints_completed": 0, "tot_waypoints": 9}}
{"target": -1835.017349618193, "params": {"k_pid_pos": [0.08024796843528748, 0.9753572940826416, 0.0], "k_pid_alt": [1.8235317468643188, 0.9206964373588562, 0.021499335765838623], "k_pid_att": [100.0, 0.4589206278324127, 0.07237404584884644], "k_pid_yaw": [0.5, 1e-06, 0.1], "k_pid_hsp": [9.999999747378752e-05, 0.012349188327789307, 0.0], "k_pid_vsp": [7.652151584625244, 400.0, 385.1191101074219]}, "datetime": {"datetime": "2025-08-21 03:33:33", "elapsed": 56468.36604809761, "delta": 20.046857357025146}, "costs": {"total_cost": 1835.017349618193, "time_cost": 150, "final_distance_cost": 279.2736473678358, "oscillation_cost": 25.693230493786817, "completition_cost": 1000.0, "overshoot_cost": 314.68850095684127, "power_cost": 37.86167064208985, "noise_cost": 27.500300157639508, "n_waypoints_completed": 0, "tot_waypoints": 9}}
{"target": -2582.320678834679, "params": {"k_pid_pos": [9.999999747378752e-05, 1.0, 0.018620193004608154], "k_pid_alt": [2.0, 1.0, 0.0], "k_pid_att": [94.17573547363281, 0.2634354531764984, 0.033287763595581055], "k_pid_yaw": [0.5, 1e-06, 0.1], "k_pid_hsp": [0.006409386172890663, 0.03354421257972717, 0.1143459677696228], "k_pid_vsp": [1.1153697967529297, 400.0, 400.0]}, "datetime": {"datetime": "2025-08-21 03:33:54", "elapsed": 56488.64264678955, "delta": 20.276598691940308}, "costs": {"total_cost": 2582.320678834679, "time_cost": 150, "final_distance_cost": 405.6136633688149, "oscillation_cost": 396.53918529020115, "completition_cost": 1000.0, "overshoot_cost": 592.8689968041976, "power_cost": 20.826664575195313, "noise_cost": 16.472168796269383, "n_waypoints_completed": 0, "tot_waypoints": 9}}
{"target": -1473.5149299949296, "params": {"k_pid_pos": [0.091850146651268, 0.9750874042510986, 0.0], "k_pid_alt": [1.9443273544311523, 1.0, 0.0], "k_pid_att": [100.0, 9.999999747378752e-05, 0.0], "k_pid_yaw": [0.5, 1e-06, 0.1], "k_pid_hsp": [0.18031224608421326, 0.030524998903274536, 0.011462479829788208], "k_pid_vsp": [0.0, 383.8955078125, 400.0]}, "datetime": {"datetime": "2025-08-21 03:34:16", "elapsed": 56510.54624223709, "delta": 21.903595447540283}, "costs": {"total_cost": 1473.5149299949296, "time_cost": 150, "final_distance_cost": 15.161317312616417, "oscillation_cost": 80.77322732966232, "completition_cost": 1000.0, "overshoot_cost": 141.11707729760852, "power_cost": 20.42966484375, "noise_cost": 66.03364321129216, "n_waypoints_completed": 0, "tot_waypoints": 9}}
{"target": -1438.9764174406118, "params": {"k_pid_pos": [9.999999747378752e-05, 1.0, 0.026324599981307983], "k_pid_alt": [1.814842939376831, 0.9848337173461914, 0.0], "k_pid_att": [100.0, 9.999999747378752e-05, 0.06917423009872437], "k_pid_yaw": [0.5, 1e-06, 0.1], "k_pid_hsp": [1.0273269414901733, 0.0, 0.0], "k_pid_vsp": [0.0, 400.0, 392.25885009765625]}, "datetime": {"datetime": "2025-08-21 03:34:36", "elapsed": 56530.525561094284, "delta": 19.979318857192993}, "costs": {"total_cost": 1438.9764174406118, "time_cost": 150, "final_distance_cost": 12.148639929310903, "oscillation_cost": 68.99566835192674, "completition_cost": 1000.0, "overshoot_cost": 139.56883095060772, "power_cost": 15.019229638671876, "noise_cost": 53.24404857009479, "n_waypoints_completed": 0, "tot_waypoints": 9}}
{"target": -1481.2498644639224, "params": {"k_pid_pos": [0.11840829253196716, 0.9930750727653503, 0.06015646457672119], "k_pid_alt": [2.0, 0.8820374011993408, 0.0], "k_pid_att": [90.99928283691406, 9.999999747378752e-05, 0.017626553773880005], "k_pid_yaw": [0.5, 1e-06, 0.1], "k_pid_hsp": [1.026470422744751, 0.0, 0.051979780197143555], "k_pid_vsp": [25.858068466186523, 382.4746398925781, 400.0]}, "datetime": {"datetime": "2025-08-21 03:34:56", "elapsed": 56550.68957543373, "delta": 20.16401433944702}, "costs": {"total_cost": 1481.2498644639224, "time_cost": 150, "final_distance_cost": 2.367904028950097, "oscillation_cost": 123.72438710854317, "completition_cost": 1000.0, "overshoot_cost": 135.0699860649337, "power_cost": 21.486079272460938, "noise_cost": 48.60150798903443, "n_waypoints_completed": 0, "tot_waypoints": 9}}
