{"target": -1950.7860726224899, "params": {"k_pid_pos": [0.2064024657011032, 1.0, 0.0], "k_pid_alt": [2.0, 1.0, 0.005527317523956299], "k_pid_att": [99.06818389892578, 0.18755890429019928, 0.10852184891700745], "k_pid_yaw": [0.5, 1e-06, 0.1], "k_pid_hsp": [9.999999747378752e-05, 0.0, 0.0], "k_pid_vsp": [15.152179718017578, 399.70880126953125, 375.5625915527344]}, "datetime": {"datetime": "2025-08-20 13:12:43", "elapsed": 4818.403488874435, "delta": 26.19433617591858}, "costs": {"total_cost": 1950.7860726224899, "time_cost": 150, "final_distance_cost": 333.78456365334625, "oscillation_cost": 24.58230986976472, "completition_cost": 1000.0, "overshoot_cost": 376.4342220090962, "power_cost": 37.92774580078125, "noise_cost": 28.0572312895015, "n_waypoints_completed": 0, "tot_waypoints": 9}}
{"target": -1493.8202747483247, "params": {"k_pid_pos": [0.003511122427880764, 0.9876485466957092, 0.0], "k_pid_alt": [1.8162732124328613, 0.9480046629905701, 0.043653637170791626], "k_pid_att": [100.0, 0.4536626636981964, 0.04125693440437317], "k_pid_yaw": [0.5, 1e-06, 0.1], "k_pid_hsp": [0.40676409006118774, 0.0, 0.0], "k_pid_vsp": [7.8116536140441895, 389.0824890136719, 395.96551513671875]}, "datetime": {"datetime": "2025-08-20 13:13:07", "elapsed": 4842.159500360489, "delta": 23.756011486053467}, "costs": {"total_cost": 1493.8202747483247, "time_cost": 150, "final_distance_cost": 15.973701649212101, "oscillation_cost": 61.77228229617437, "completition_cost": 1000.0, "overshoot_cost": 139.9625809786, "power_cost": 31.903091796875003, "noise_cost": 94.20861802746323, "n_waypoints_completed": 0, "tot_waypoints": 9}}
{"target": -2585.7374508486528, "params": {"k_pid_pos": [0.060782838612794876, 1.0, 0.027337700128555298], "k_pid_alt": [1.9856553077697754, 0.9725635051727295, 0.0], "k_pid_att": [100.0, 0.4950859844684601, 0.0], "k_pid_yaw": [0.5, 1e-06, 0.1], "k_pid_hsp": [9.999999747378752e-05, 0.0, 0.09267681837081909], "k_pid_vsp": [16.474008560180664, 400.0, 399.71417236328125]}, "datetime": {"datetime": "2025-08-20 13:13:30", "elapsed": 4865.4439108371735, "delta": 23.28441047668457}, "costs": {"total_cost": 2585.7374508486528, "time_cost": 150, "final_distance_cost": 373.88140595515443, "oscillation_cost": 406.5680784335819, "completition_cost": 1000.0, "overshoot_cost": 616.0365439637962, "power_cost": 21.821186450195313, "noise_cost": 17.430236045925067, "n_waypoints_completed": 0, "tot_waypoints": 9}}
{"target": -1403.2477799215628, "params": {"k_pid_pos": [0.028558602556586266, 1.0, 0.0], "k_pid_alt": [1.992213249206543, 1.0, 0.028958946466445923], "k_pid_att": [97.77922058105469, 0.9736111164093018, 0.04789885878562927], "k_pid_yaw": [0.5, 1e-06, 0.1], "k_pid_hsp": [9.999999747378752e-05, 0.029486775398254395, 0.0027323663234710693], "k_pid_vsp": [0.0, 384.1086730957031, 377.4637145996094]}, "datetime": {"datetime": "2025-08-20 13:13:55", "elapsed": 4890.313638925552, "delta": 24.869728088378906}, "costs": {"total_cost": 1403.2477799215628, "time_cost": 150, "final_distance_cost": 73.30740994175552, "oscillation_cost": 31.505171881747987, "completition_cost": 1000.0, "overshoot_cost": 105.66072496109173, "power_cost": 21.783038342285156, "noise_cost": 20.991434794682444, "n_waypoints_completed": 0, "tot_waypoints": 9}}
{"target": -1387.217612124766, "params": {"k_pid_pos": [9.999999747378752e-05, 0.9471263885498047, 0.0], "k_pid_alt": [1.9720714092254639, 0.9557358026504517, 0.01909366250038147], "k_pid_att": [99.41771697998047, 9.999999747378752e-05, 0.0], "k_pid_yaw": [0.5, 1e-06, 0.1], "k_pid_hsp": [0.21840578317642212, 0.0, 0.0], "k_pid_vsp": [0.0, 389.8775634765625, 400.0]}, "datetime": {"datetime": "2025-08-20 13:14:21", "elapsed": 4916.464268684387, "delta": 26.15062975883484}, "costs": {"total_cost": 1387.217612124766, "time_cost": 150, "final_distance_cost": 5.888079192730406, "oscillation_cost": 58.96203959739218, "completition_cost": 1000.0, "overshoot_cost": 140.17274758776068, "power_cost": 4.420985095214844, "noise_cost": 27.77376065166829, "n_waypoints_completed": 0, "tot_waypoints": 9}}
{"target": -1425.087889021716, "params": {"k_pid_pos": [0.0339745469391346, 0.9779331684112549, 0.04507964849472046], "k_pid_alt": [2.0, 0.8872420787811279, 0.0], "k_pid_att": [100.0, 9.999999747378752e-05, 0.0], "k_pid_yaw": [0.5, 1e-06, 0.1], "k_pid_hsp": [9.999999747378752e-05, 0.051269590854644775, 0.0], "k_pid_vsp": [17.82541275024414, 399.6168518066406, 400.0]}, "datetime": {"datetime": "2025-08-20 13:14:45", "elapsed": 4940.131548166275, "delta": 23.667279481887817}, "costs": {"total_cost": 1425.087889021716, "time_cost": 150, "final_distance_cost": 25.0899367685087, "oscillation_cost": 37.90784753754351, "completition_cost": 1000.0, "overshoot_cost": 151.49217322596485, "power_cost": 12.82664609375, "noise_cost": 47.77128539594903, "n_waypoints_completed": 0, "tot_waypoints": 9}}
{"target": -1494.039652731192, "params": {"k_pid_pos": [9.999999747378752e-05, 0.9305721521377563, 0.0], "k_pid_alt": [1.940288782119751, 1.0, 0.0], "k_pid_att": [100.0, 9.999999747378752e-05, 0.061325669288635254], "k_pid_yaw": [0.5, 1e-06, 0.1], "k_pid_hsp": [0.3050307333469391, 0.0, 0.07094210386276245], "k_pid_vsp": [0.0, 400.0, 400.0]}, "datetime": {"datetime": "2025-08-20 13:15:08", "elapsed": 4962.999538421631, "delta": 22.867990255355835}, "costs": {"total_cost": 1494.039652731192, "time_cost": 150, "final_distance_cost": 18.628595699059318, "oscillation_cost": 163.17508702458971, "completition_cost": 1000.0, "overshoot_cost": 114.92974909272243, "power_cost": 23.55285574951172, "noise_cost": 23.75336516530881, "n_waypoints_completed": 0, "tot_waypoints": 9}}
{"target": -3918.2778191566135, "params": {"k_pid_pos": [0.03780347853899002, 1.0, 0.0], "k_pid_alt": [1.95262610912323, 0.9888218641281128, 0.09835070371627808], "k_pid_att": [97.24248504638672, 9.999999747378752e-05, 0.0], "k_pid_yaw": [0.5, 1e-06, 0.1], "k_pid_hsp": [9.999999747378752e-05, 0.028317183256149292, 0.03441786766052246], "k_pid_vsp": [0.0, 399.0255432128906, 374.6009826660156]}, "datetime": {"datetime": "2025-08-20 13:15:32", "elapsed": 4987.0340485572815, "delta": 24.034510135650635}, "costs": {"total_cost": 3918.2778191566135, "time_cost": 150, "final_distance_cost": 1011.5045827754816, "oscillation_cost": 77.68518026383863, "completition_cost": 1000.0, "overshoot_cost": 1641.0347608163593, "power_cost": 21.449358129882814, "noise_cost": 16.603937171050813, "n_waypoints_completed": 0, "tot_waypoints": 9}}
{"target": -1926.5271420908443, "params": {"k_pid_pos": [0.09396374225616455, 1.0, 0.02463570237159729], "k_pid_alt": [1.923635721206665, 1.0, 0.0], "k_pid_att": [95.21031188964844, 0.3057912588119507, 0.029116511344909668], "k_pid_yaw": [0.5, 1e-06, 0.1], "k_pid_hsp": [9.999999747378752e-05, 0.0, 0.0], "k_pid_vsp": [17.209577560424805, 396.81646728515625, 396.1666259765625]}, "datetime": {"datetime": "2025-08-20 13:15:58", "elapsed": 5013.141937255859, "delta": 26.10788869857788}, "costs": {"total_cost": 1926.5271420908443, "time_cost": 150, "final_distance_cost": 337.9275268649213, "oscillation_cost": 29.89698045306323, "completition_cost": 1000.0, "overshoot_cost": 383.7479689005042, "power_cost": 11.623088696289063, "noise_cost": 13.331577176066464, "n_waypoints_completed": 0, "tot_waypoints": 9}}
{"target": -1451.491244503915, "params": {"k_pid_pos": [0.06036717817187309, 1.0, 0.0], "k_pid_alt": [2.0, 1.0, 0.023824572563171387], "k_pid_att": [100.0, 0.24876004457473755, 0.0], "k_pid_yaw": [0.5, 1e-06, 0.1], "k_pid_hsp": [0.1338970810174942, 0.0, 0.04659146070480347], "k_pid_vsp": [3.71859073638916, 400.0, 400.0]}, "datetime": {"datetime": "2025-08-20 13:16:25", "elapsed": 5039.836911678314, "delta": 26.694974422454834}, "costs": {"total_cost": 1451.491244503915, "time_cost": 150, "final_distance_cost": 50.72079597157285, "oscillation_cost": 126.61985663598037, "completition_cost": 1000.0, "overshoot_cost": 67.82376973953295, "power_cost": 32.69700529785156, "noise_cost": 23.629816858977215, "n_waypoints_completed": 0, "tot_waypoints": 9}}
{"target": -1500.4556791038146, "params": {"k_pid_pos": [9.999999747378752e-05, 0.9525883793830872, 0.0], "k_pid_alt": [2.0, 0.9425873756408691, 0.014612257480621338], "k_pid_att": [98.16613006591797, 0.1067805215716362, 0.0], "k_pid_yaw": [0.5, 1e-06, 0.1], "k_pid_hsp": [0.6388581395149231, 0.0, 0.0], "k_pid_vsp": [28.394460678100586, 348.4432373046875, 400.0]}, "datetime": {"datetime": "2025-08-20 13:16:51", "elapsed": 5065.911917209625, "delta": 26.075005531311035}, "costs": {"total_cost": 1500.4556791038146, "time_cost": 150, "final_distance_cost": 12.426800968268573, "oscillation_cost": 63.59291255977147, "completition_cost": 1000.0, "overshoot_cost": 139.65946019154063, "power_cost": 34.49246031494141, "noise_cost": 100.28404506929279, "n_waypoints_completed": 0, "tot_waypoints": 9}}
{"target": -3179.735814990908, "params": {"k_pid_pos": [0.003316046204417944, 0.9241349101066589, 0.0], "k_pid_alt": [1.9516446590423584, 1.0, 0.08781412243843079], "k_pid_att": [95.52049255371094, 9.999999747378752e-05, 0.05877828598022461], "k_pid_yaw": [0.5, 1e-06, 0.1], "k_pid_hsp": [9.999999747378752e-05, 0.0, 0.051202088594436646], "k_pid_vsp": [27.355648040771484, 373.2619934082031, 400.0]}, "datetime": {"datetime": "2025-08-20 13:17:17", "elapsed": 5091.696243286133, "delta": 25.78432607650757}, "costs": {"total_cost": 3179.735814990908, "time_cost": 150, "final_distance_cost": 697.2268767921255, "oscillation_cost": 183.52234388727814, "completition_cost": 1000.0, "overshoot_cost": 1110.3611671508768, "power_cost": 21.32907479248047, "noise_cost": 17.296352368147414, "n_waypoints_completed": 0, "tot_waypoints": 9}}
{"target": -1960.622656505031, "params": {"k_pid_pos": [9.999999747378752e-05, 0.9792959690093994, 0.0], "k_pid_alt": [1.8915561437606812, 1.0, 0.0], "k_pid_att": [98.03877258300781, 0.7627859711647034, 0.0], "k_pid_yaw": [0.5, 1e-06, 0.1], "k_pid_hsp": [9.999999747378752e-05, 0.0, 0.0], "k_pid_vsp": [8.728647232055664, 400.0, 393.5381774902344]}, "datetime": {"datetime": "2025-08-20 13:17:42", "elapsed": 5117.224134206772, "delta": 25.527890920639038}, "costs": {"total_cost": 1960.622656505031, "time_cost": 150, "final_distance_cost": 337.73099947076116, "oscillation_cost": 25.01352352262322, "completition_cost": 1000.0, "overshoot_cost": 380.9787244233557, "power_cost": 37.94597805175781, "noise_cost": 28.95343103653318, "n_waypoints_completed": 0, "tot_waypoints": 9}}
{"target": -2746.0738264827255, "params": {"k_pid_pos": [9.999999747378752e-05, 0.9956019520759583, 0.0], "k_pid_alt": [1.8289281129837036, 1.0, 0.006163835525512695], "k_pid_att": [96.19869995117188, 9.999999747378752e-05, 0.0], "k_pid_yaw": [0.5, 1e-06, 0.1], "k_pid_hsp": [9.999999747378752e-05, 0.043538451194763184, 0.05471634864807129], "k_pid_vsp": [21.954940795898438, 382.70220947265625, 400.0]}, "datetime": {"datetime": "2025-08-20 13:18:07", "elapsed": 5141.8757429122925, "delta": 24.65160870552063}, "costs": {"total_cost": 2746.0738264827255, "time_cost": 150, "final_distance_cost": 511.28001009363436, "oscillation_cost": 188.79735318292393, "completition_cost": 1000.0, "overshoot_cost": 857.6641148194456, "power_cost": 21.093763488769532, "noise_cost": 17.238584897951885, "n_waypoints_completed": 0, "tot_waypoints": 9}}
{"target": -2034.7945110556934, "params": {"k_pid_pos": [9.999999747378752e-05, 1.0, 0.020555496215820312], "k_pid_alt": [1.9930338859558105, 0.97823166847229, 0.0], "k_pid_att": [97.48699951171875, 0.4061388671398163, 0.0], "k_pid_yaw": [0.5, 1e-06, 0.1], "k_pid_hsp": [9.999999747378752e-05, 0.0, 0.015400022268295288], "k_pid_vsp": [0.0, 378.5626525878906, 384.6318359375]}, "datetime": {"datetime": "2025-08-20 13:18:31", "elapsed": 5166.062452077866, "delta": 24.18670916557312}, "costs": {"total_cost": 2034.7945110556934, "time_cost": 150, "final_distance_cost": 378.92092264922684, "oscillation_cost": 33.16494456611066, "completition_cost": 1000.0, "overshoot_cost": 449.99760468214083, "power_cost": 10.849995666503906, "noise_cost": 11.861043491711108, "n_waypoints_completed": 0, "tot_waypoints": 9}}
{"target": -1628.4346915859844, "params": {"k_pid_pos": [9.999999747378752e-05, 0.9283764362335205, 0.0], "k_pid_alt": [1.8712998628616333, 0.9996446371078491, 0.0], "k_pid_att": [100.0, 0.7054397463798523, 0.0], "k_pid_yaw": [0.5, 1e-06, 0.1], "k_pid_hsp": [9.999999747378752e-05, 0.01987054944038391, 0.0], "k_pid_vsp": [0.0, 394.0253601074219, 400.0]}, "datetime": {"datetime": "2025-08-20 13:18:55", "elapsed": 5190.470892906189, "delta": 24.408440828323364}, "costs": {"total_cost": 1628.4346915859844, "time_cost": 150, "final_distance_cost": 199.71775740632108, "oscillation_cost": 31.708455578112286, "completition_cost": 1000.0, "overshoot_cost": 218.1833625684676, "power_cost": 13.779442089843752, "noise_cost": 15.04567394323967, "n_waypoints_completed": 0, "tot_waypoints": 9}}
{"target": -1945.4351701902428, "params": {"k_pid_pos": [0.10566163808107376, 1.0, 0.0], "k_pid_alt": [1.8041059970855713, 1.0, 0.08090272545814514], "k_pid_att": [95.41938018798828, 0.45769575238227844, 0.040877342224121094], "k_pid_yaw": [0.5, 1e-06, 0.1], "k_pid_hsp": [9.999999747378752e-05, 0.0, 0.004958063364028931], "k_pid_vsp": [5.535638332366943, 400.0, 353.145751953125]}, "datetime": {"datetime": "2025-08-20 13:19:20", "elapsed": 5214.846136569977, "delta": 24.375243663787842}, "costs": {"total_cost": 1945.4351701902428, "time_cost": 150, "final_distance_cost": 345.0088234909475, "oscillation_cost": 30.742265448681948, "completition_cost": 1000.0, "overshoot_cost": 396.3300872821809, "power_cost": 11.08540087890625, "noise_cost": 12.268593089526119, "n_waypoints_completed": 0, "tot_waypoints": 9}}
{"target": -2573.995734520337, "params": {"k_pid_pos": [0.011159684509038925, 1.0, 0.0], "k_pid_alt": [2.0, 1.0, 0.0], "k_pid_att": [99.77701568603516, 0.03392023220658302, 0.02144506573677063], "k_pid_yaw": [0.5, 1e-06, 0.1], "k_pid_hsp": [9.999999747378752e-05, 0.00983339548110962, 0.10031536221504211], "k_pid_vsp": [10.753893852233887, 400.0, 400.0]}, "datetime": {"datetime": "2025-08-20 13:19:44", "elapsed": 5238.897482633591, "delta": 24.05134606361389}, "costs": {"total_cost": 2573.995734520337, "time_cost": 150, "final_distance_cost": 361.8941700166145, "oscillation_cost": 391.2287338164875, "completition_cost": 1000.0, "overshoot_cost": 632.3206584300069, "power_cost": 21.330159130859375, "noise_cost": 17.222013126368346, "n_waypoints_completed": 0, "tot_waypoints": 9}}
{"target": -1965.2447361184468, "params": {"k_pid_pos": [9.999999747378752e-05, 0.9503763914108276, 0.0], "k_pid_alt": [2.0, 1.0, 0.0], "k_pid_att": [99.89390563964844, 9.999999747378752e-05, 0.03629294037818909], "k_pid_yaw": [0.5, 1e-06, 0.1], "k_pid_hsp": [9.999999747378752e-05, 0.0, 0.0], "k_pid_vsp": [21.137596130371094, 400.0, 400.0]}, "datetime": {"datetime": "2025-08-20 13:20:08", "elapsed": 5263.311568498611, "delta": 24.414085865020752}, "costs": {"total_cost": 1965.2447361184468, "time_cost": 150, "final_distance_cost": 339.33874537404864, "oscillation_cost": 25.000750293333837, "completition_cost": 1000.0, "overshoot_cost": 384.6819675680493, "power_cost": 37.842264331054686, "noise_cost": 28.381008551960605, "n_waypoints_completed": 0, "tot_waypoints": 9}}
{"target": -1600.6301702235219, "params": {"k_pid_pos": [0.1319105178117752, 1.0, 0.06261074542999268], "k_pid_alt": [2.0, 0.9563599824905396, 0.041066527366638184], "k_pid_att": [100.0, 0.5985192656517029, 0.010199964046478271], "k_pid_yaw": [0.5, 1e-06, 0.1], "k_pid_hsp": [9.999999747378752e-05, 0.020848214626312256, 0.0], "k_pid_vsp": [0.0, 396.5085144042969, 397.0622253417969]}, "datetime": {"datetime": "2025-08-20 13:20:32", "elapsed": 5286.974822282791, "delta": 23.663253784179688}, "costs": {"total_cost": 1600.6301702235219, "time_cost": 150, "final_distance_cost": 174.75012200130587, "oscillation_cost": 27.051209277495094, "completition_cost": 1000.0, "overshoot_cost": 182.9265296737423, "power_cost": 37.87766239013672, "noise_cost": 28.024646880841768, "n_waypoints_completed": 0, "tot_waypoints": 9}}
{"target": -1484.6850900263196, "params": {"k_pid_pos": [0.004804061260074377, 0.9945880770683289, 0.03973275423049927], "k_pid_alt": [2.0, 0.9683293104171753, 0.0], "k_pid_att": [89.22531127929688, 9.999999747378752e-05, 0.04809248447418213], "k_pid_yaw": [0.5, 1e-06, 0.1], "k_pid_hsp": [0.6212281584739685, 0.05687510967254639, 0.012034714221954346], "k_pid_vsp": [0.0, 400.0, 352.2044982910156]}, "datetime": {"datetime": "2025-08-20 13:20:57", "elapsed": 5312.2921595573425, "delta": 25.31733727455139}, "costs": {"total_cost": 1484.6850900263196, "time_cost": 150, "final_distance_cost": 11.895494518052288, "oscillation_cost": 82.40892229990783, "completition_cost": 1000.0, "overshoot_cost": 145.49201496353194, "power_cost": 22.798199633789064, "noise_cost": 72.09045861103849, "n_waypoints_completed": 0, "tot_waypoints": 9}}
{"target": -1516.3854716716412, "params": {"k_pid_pos": [9.999999747378752e-05, 0.976777195930481, 0.0], "k_pid_alt": [2.0, 0.9125303030014038, 0.07727071642875671], "k_pid_att": [100.0, 0.16311408579349518, 0.0], "k_pid_yaw": [0.5, 1e-06, 0.1], "k_pid_hsp": [0.6054893732070923, 0.06799471378326416, 0.06984826922416687], "k_pid_vsp": [0.0, 393.6596374511719, 400.0]}, "datetime": {"datetime": "2025-08-20 13:21:23", "elapsed": 5337.902935743332, "delta": 25.61077618598938}, "costs": {"total_cost": 1516.3854716716412, "time_cost": 150, "final_distance_cost": 11.834976754590798, "oscillation_cost": 141.49994182573033, "completition_cost": 1000.0, "overshoot_cost": 136.61915861434952, "power_cost": 23.811130102539064, "noise_cost": 52.6202643744316, "n_waypoints_completed": 0, "tot_waypoints": 9}}
{"target": -1954.471074844392, "params": {"k_pid_pos": [0.1700747162103653, 0.883215069770813, 0.03673076629638672], "k_pid_alt": [2.0, 1.0, 0.0], "k_pid_att": [94.74922180175781, 0.37261784076690674, 0.0], "k_pid_yaw": [0.5, 1e-06, 0.1], "k_pid_hsp": [9.999999747378752e-05, 0.0, 0.0], "k_pid_vsp": [15.911626815795898, 392.2723388671875, 379.22015380859375]}, "datetime": {"datetime": "2025-08-20 13:21:48", "elapsed": 5362.787527561188, "delta": 24.884591817855835}, "costs": {"total_cost": 1954.471074844392, "time_cost": 150, "final_distance_cost": 335.494207620994, "oscillation_cost": 24.639251908509276, "completition_cost": 1000.0, "overshoot_cost": 378.24452724341944, "power_cost": 37.94609643554688, "noise_cost": 28.146991635922173, "n_waypoints_completed": 0, "tot_waypoints": 9}}
{"target": -1930.448492595654, "params": {"k_pid_pos": [0.03774089738726616, 0.9452404975891113, 0.02259957790374756], "k_pid_alt": [2.0, 1.0, 0.046546101570129395], "k_pid_att": [99.01864624023438, 0.021063636988401413, 0.0], "k_pid_yaw": [0.5, 1e-06, 0.1], "k_pid_hsp": [9.999999747378752e-05, 0.0, 0.0], "k_pid_vsp": [0.0, 400.0, 400.0]}, "datetime": {"datetime": "2025-08-20 13:22:12", "elapsed": 5387.117475748062, "delta": 24.32994818687439}, "costs": {"total_cost": 1930.448492595654, "time_cost": 150, "final_distance_cost": 339.7095833866245, "oscillation_cost": 30.66910787589407, "completition_cost": 1000.0, "overshoot_cost": 384.50302795618876, "power_cost": 11.74404237060547, "noise_cost": 13.822731006341044, "n_waypoints_completed": 0, "tot_waypoints": 9}}
{"target": -1455.2540346632259, "params": {"k_pid_pos": [0.16125985980033875, 0.9552661180496216, 0.0], "k_pid_alt": [1.9369014501571655, 1.0, 0.05435973405838013], "k_pid_att": [100.0, 0.1478259563446045, 0.0], "k_pid_yaw": [0.5, 1e-06, 0.1], "k_pid_hsp": [9.999999747378752e-05, 0.08106571435928345, 0.01850825548171997], "k_pid_vsp": [0.0, 400.0, 400.0]}, "datetime": {"datetime": "2025-08-20 13:22:36", "elapsed": 5410.906573295593, "delta": 23.789097547531128}, "costs": {"total_cost": 1455.2540346632259, "time_cost": 150, "final_distance_cost": 25.364391774558964, "oscillation_cost": 47.54481330929814, "completition_cost": 1000.0, "overshoot_cost": 145.12843920164474, "power_cost": 20.30246550292969, "noise_cost": 66.91392487479416, "n_waypoints_completed": 0, "tot_waypoints": 9}}
{"target": -1484.006644389269, "params": {"k_pid_pos": [9.999999747378752e-05, 0.9967136383056641, 0.03961232304573059], "k_pid_alt": [1.970198392868042, 1.0, 0.0], "k_pid_att": [98.1016616821289, 9.999999747378752e-05, 0.039173513650894165], "k_pid_yaw": [0.5, 1e-06, 0.1], "k_pid_hsp": [0.15975481271743774, 0.016986757516860962, 0.0], "k_pid_vsp": [0.0, 385.2509765625, 400.0]}, "datetime": {"datetime": "2025-08-20 13:23:00", "elapsed": 5434.874452114105, "delta": 23.967878818511963}, "costs": {"total_cost": 1484.006644389269, "time_cost": 150, "final_distance_cost": 11.223213163436396, "oscillation_cost": 52.97922246709524, "completition_cost": 1000.0, "overshoot_cost": 140.73144096376194, "power_cost": 32.77666618652344, "noise_cost": 96.29610160845189, "n_waypoints_completed": 0, "tot_waypoints": 9}}
{"target": -1918.8158855469133, "params": {"k_pid_pos": [9.999999747378752e-05, 1.0, 0.0], "k_pid_alt": [1.8573862314224243, 1.0, 0.062314629554748535], "k_pid_att": [94.45156860351562, 9.999999747378752e-05, 0.011805146932601929], "k_pid_yaw": [0.5, 1e-06, 0.1], "k_pid_hsp": [9.999999747378752e-05, 0.0, 0.0], "k_pid_vsp": [32.0545654296875, 368.36834716796875, 386.9151611328125]}, "datetime": {"datetime": "2025-08-20 13:23:23", "elapsed": 5458.475473642349, "delta": 23.60102152824402}, "costs": {"total_cost": 1918.8158855469133, "time_cost": 150, "final_distance_cost": 335.3318173533148, "oscillation_cost": 29.628031236237746, "completition_cost": 1000.0, "overshoot_cost": 378.66907556618696, "power_cost": 11.628156274414064, "noise_cost": 13.55880511675957, "n_waypoints_completed": 0, "tot_waypoints": 9}}
