{"target": -1665.377341423301, "params": {"k_pid_pos": [0.07715029269456863, 1.0, 0.007034897804260254], "k_pid_alt": [1.8413581848144531, 1.0, 0.025627702474594116], "k_pid_att": [92.6512680053711, 9.999999747378752e-05, 0.0], "k_pid_yaw": [0.5, 1e-06, 0.1], "k_pid_hsp": [9.999999747378752e-05, 0.08372294902801514, 0.048243552446365356], "k_pid_vsp": [0.0, 370.21441650390625, 400.0]}, "datetime": {"datetime": "2025-08-21 00:45:57", "elapsed": 46411.84950494766, "delta": 25.271607637405396}, "costs": {"total_cost": 1665.377341423301, "time_cost": 150, "final_distance_cost": 176.33604046804243, "oscillation_cost": 149.38423572399617, "completition_cost": 888.8888888888888, "overshoot_cost": 263.15003373557573, "power_cost": 20.626987768554688, "noise_cost": 16.991154838243094, "n_waypoints_completed": 1, "tot_waypoints": 9}}
{"target": -1444.5344984217838, "params": {"k_pid_pos": [9.999999747378752e-05, 0.9658008813858032, 0.02033481001853943], "k_pid_alt": [1.8987996578216553, 1.0, 0.0], "k_pid_att": [100.0, 9.999999747378752e-05, 0.02490296959877014], "k_pid_yaw": [0.5, 1e-06, 0.1], "k_pid_hsp": [0.1494266241788864, 0.006664365530014038, 0.0022085607051849365], "k_pid_vsp": [38.605262756347656, 395.8768005371094, 400.0]}, "datetime": {"datetime": "2025-08-21 00:46:21", "elapsed": 46435.515766620636, "delta": 23.666261672973633}, "costs": {"total_cost": 1444.5344984217838, "time_cost": 150, "final_distance_cost": 13.025186310323226, "oscillation_cost": 73.65068676119638, "completition_cost": 1000.0, "overshoot_cost": 144.63997028662823, "power_cost": 13.475166088867189, "noise_cost": 49.74348897476873, "n_waypoints_completed": 0, "tot_waypoints": 9}}
{"target": -1465.0964052323034, "params": {"k_pid_pos": [0.1070866584777832, 1.0, 0.0], "k_pid_alt": [2.0, 0.9727442264556885, 0.0], "k_pid_att": [99.06041717529297, 9.999999747378752e-05, 0.0], "k_pid_yaw": [0.5, 1e-06, 0.1], "k_pid_hsp": [0.1834140419960022, 0.0, 0.012606203556060791], "k_pid_vsp": [6.404876708984375, 400.0, 400.0]}, "datetime": {"datetime": "2025-08-21 00:46:44", "elapsed": 46458.65558576584, "delta": 23.139819145202637}, "costs": {"total_cost": 1465.0964052323034, "time_cost": 150, "final_distance_cost": 17.57858563197468, "oscillation_cost": 74.39587802607684, "completition_cost": 1000.0, "overshoot_cost": 140.0160079481171, "power_cost": 19.55046036376953, "noise_cost": 63.55547326236528, "n_waypoints_completed": 0, "tot_waypoints": 9}}
{"target": -1416.84046371279, "params": {"k_pid_pos": [0.10265235602855682, 0.9420266151428223, 0.0], "k_pid_alt": [1.8667709827423096, 1.0, 0.0], "k_pid_att": [100.0, 0.5363677740097046, 0.0], "k_pid_yaw": [0.5, 1e-06, 0.1], "k_pid_hsp": [0.28546062111854553, 0.0, 0.0], "k_pid_vsp": [0.0, 387.0916748046875, 393.7318420410156]}, "datetime": {"datetime": "2025-08-21 00:47:08", "elapsed": 46482.708047389984, "delta": 24.052461624145508}, "costs": {"total_cost": 1416.84046371279, "time_cost": 150, "final_distance_cost": 11.987021559999887, "oscillation_cost": 61.858312717811046, "completition_cost": 1000.0, "overshoot_cost": 139.476675992111, "power_cost": 10.676622729492188, "noise_cost": 42.84183071337585, "n_waypoints_completed": 0, "tot_waypoints": 9}}
{"target": -1832.3998067945083, "params": {"k_pid_pos": [0.09320197254419327, 1.0, 0.014964014291763306], "k_pid_alt": [2.0, 1.0, 0.0], "k_pid_att": [100.0, 0.42692697048187256, 0.0], "k_pid_yaw": [0.5, 1e-06, 0.1], "k_pid_hsp": [9.999999747378752e-05, 0.0, 0.010222107172012329], "k_pid_vsp": [0.0, 400.0, 400.0]}, "datetime": {"datetime": "2025-08-21 00:47:29", "elapsed": 46504.12524604797, "delta": 21.417198657989502}, "costs": {"total_cost": 1832.3998067945083, "time_cost": 150, "final_distance_cost": 323.19818429010144, "oscillation_cost": 28.61597215941574, "completition_cost": 888.8888888888888, "overshoot_cost": 377.0034182564639, "power_cost": 37.95195267333985, "noise_cost": 26.74139052629884, "n_waypoints_completed": 1, "tot_waypoints": 9}}
{"target": -1474.557799249398, "params": {"k_pid_pos": [9.999999747378752e-05, 1.0, 0.0], "k_pid_alt": [1.7891347408294678, 0.9185167551040649, 0.0], "k_pid_att": [100.0, 9.999999747378752e-05, 0.0], "k_pid_yaw": [0.5, 1e-06, 0.1], "k_pid_hsp": [0.3819884955883026, 0.0, 0.033800482749938965], "k_pid_vsp": [0.0, 400.0, 388.025390625]}, "datetime": {"datetime": "2025-08-21 00:47:55", "elapsed": 46529.709173202515, "delta": 25.583927154541016}, "costs": {"total_cost": 1474.557799249398, "time_cost": 150, "final_distance_cost": 20.67280234820587, "oscillation_cost": 93.17655967987164, "completition_cost": 1000.0, "overshoot_cost": 138.3801683278538, "power_cost": 19.65529833984375, "noise_cost": 52.672970553622875, "n_waypoints_completed": 0, "tot_waypoints": 9}}
{"target": -1413.9609631271117, "params": {"k_pid_pos": [9.999999747378752e-05, 1.0, 0.08231136202812195], "k_pid_alt": [1.7653027772903442, 0.9671549797058105, 0.0], "k_pid_att": [91.35160827636719, 0.5317639708518982, 0.07184958457946777], "k_pid_yaw": [0.5, 1e-06, 0.1], "k_pid_hsp": [0.4660024642944336, 0.0, 0.0038082897663116455], "k_pid_vsp": [2.203667163848877, 400.0, 392.67791748046875]}, "datetime": {"datetime": "2025-08-21 00:48:17", "elapsed": 46551.87136769295, "delta": 22.16219449043274}, "costs": {"total_cost": 1413.9609631271117, "time_cost": 150, "final_distance_cost": 9.525314777497284, "oscillation_cost": 69.0366035917879, "completition_cost": 1000.0, "overshoot_cost": 139.8448100374132, "power_cost": 8.413464404296876, "noise_cost": 37.14077031611627, "n_waypoints_completed": 0, "tot_waypoints": 9}}
{"target": -1955.038992167079, "params": {"k_pid_pos": [9.999999747378752e-05, 1.0, 0.0911429226398468], "k_pid_alt": [1.9807257652282715, 1.0, 0.024375319480895996], "k_pid_att": [100.0, 9.999999747378752e-05, 0.0], "k_pid_yaw": [0.5, 1e-06, 0.1], "k_pid_hsp": [9.999999747378752e-05, 0.0, 0.0], "k_pid_vsp": [0.40215253829956055, 400.0, 400.0]}, "datetime": {"datetime": "2025-08-21 00:48:42", "elapsed": 46576.53867435455, "delta": 24.667306661605835}, "costs": {"total_cost": 1955.038992167079, "time_cost": 150, "final_distance_cost": 336.29057989231353, "oscillation_cost": 25.06946788878045, "completition_cost": 1000.0, "overshoot_cost": 377.3472933681372, "power_cost": 37.914115478515626, "noise_cost": 28.41753553933228, "n_waypoints_completed": 0, "tot_waypoints": 9}}
{"target": -1424.4318698300501, "params": {"k_pid_pos": [0.043206725269556046, 1.0, 0.017085939645767212], "k_pid_alt": [2.0, 1.0, 0.09329205751419067], "k_pid_att": [100.0, 0.12233002483844757, 0.12331634759902954], "k_pid_yaw": [0.5, 1e-06, 0.1], "k_pid_hsp": [9.999999747378752e-05, 0.030939072370529175, 0.0], "k_pid_vsp": [0.0, 395.3443908691406, 400.0]}, "datetime": {"datetime": "2025-08-21 00:49:05", "elapsed": 46600.17016983032, "delta": 23.631495475769043}, "costs": {"total_cost": 1424.4318698300501, "time_cost": 150, "final_distance_cost": 64.75160224141642, "oscillation_cost": 27.712446446369515, "completition_cost": 1000.0, "overshoot_cost": 111.9164038006405, "power_cost": 37.8542947265625, "noise_cost": 32.197122615061254, "n_waypoints_completed": 0, "tot_waypoints": 9}}
{"target": -1431.6880472324906, "params": {"k_pid_pos": [9.999999747378752e-05, 0.9229303002357483, 0.0], "k_pid_alt": [1.9705665111541748, 1.0, 0.0], "k_pid_att": [96.51360321044922, 9.999999747378752e-05, 0.004994213581085205], "k_pid_yaw": [0.5, 1e-06, 0.1], "k_pid_hsp": [0.49255549907684326, 0.0, 0.0], "k_pid_vsp": [0.0, 396.03515625, 400.0]}, "datetime": {"datetime": "2025-08-21 00:49:29", "elapsed": 46623.76423740387, "delta": 23.594067573547363}, "costs": {"total_cost": 1431.6880472324906, "time_cost": 150, "final_distance_cost": 12.657489956368131, "oscillation_cost": 64.15537894912457, "completition_cost": 1000.0, "overshoot_cost": 139.60038637205392, "power_cost": 14.166621643066406, "noise_cost": 51.108170311877466, "n_waypoints_completed": 0, "tot_waypoints": 9}}
{"target": -3051.1729810251336, "params": {"k_pid_pos": [9.999999747378752e-05, 1.0, 0.01000860333442688], "k_pid_alt": [1.9673254489898682, 0.977161169052124, 0.0], "k_pid_att": [95.08074188232422, 9.999999747378752e-05, 0.07849106192588806], "k_pid_yaw": [0.5, 1e-06, 0.1], "k_pid_hsp": [9.999999747378752e-05, 0.0, 0.027994245290756226], "k_pid_vsp": [54.099464416503906, 358.4992980957031, 384.3250732421875]}, "datetime": {"datetime": "2025-08-21 00:49:50", "elapsed": 46645.33617019653, "delta": 21.571932792663574}, "costs": {"total_cost": 3051.1729810251336, "time_cost": 150, "final_distance_cost": 704.957625055042, "oscillation_cost": 97.765682803266, "completition_cost": 1000.0, "overshoot_cost": 1039.5432610971905, "power_cost": 34.781393725585936, "noise_cost": 24.125018344048687, "n_waypoints_completed": 0, "tot_waypoints": 9}}
{"target": -2491.331609741676, "params": {"k_pid_pos": [9.999999747378752e-05, 0.9921574592590332, 0.0398997962474823], "k_pid_alt": [2.0, 0.9583768844604492, 0.0], "k_pid_att": [98.00421905517578, 9.999999747378752e-05, 0.04436856508255005], "k_pid_yaw": [0.5, 1e-06, 0.1], "k_pid_hsp": [0.02322726510465145, 0.08948469161987305, 0.09445658326148987], "k_pid_vsp": [18.401872634887695, 400.0, 397.290283203125]}, "datetime": {"datetime": "2025-08-21 00:50:17", "elapsed": 46671.82650184631, "delta": 26.490331649780273}, "costs": {"total_cost": 2491.331609741676, "time_cost": 150, "final_distance_cost": 371.9891024395447, "oscillation_cost": 321.6967911366413, "completition_cost": 1000.0, "overshoot_cost": 609.577609912633, "power_cost": 20.98106063232422, "noise_cost": 17.087045620532336, "n_waypoints_completed": 0, "tot_waypoints": 9}}
{"target": -1400.278583766511, "params": {"k_pid_pos": [0.1393325924873352, 1.0, 0.0], "k_pid_alt": [2.0, 0.9541077613830566, 0.06179744005203247], "k_pid_att": [100.0, 0.05542119964957237, 0.007823139429092407], "k_pid_yaw": [0.5, 1e-06, 0.1], "k_pid_hsp": [0.12943392992019653, 0.05697733163833618, 0.0], "k_pid_vsp": [17.969024658203125, 381.48626708984375, 400.0]}, "datetime": {"datetime": "2025-08-21 00:50:39", "elapsed": 46694.30244016647, "delta": 22.475938320159912}, "costs": {"total_cost": 1400.278583766511, "time_cost": 150, "final_distance_cost": 18.696836137073497, "oscillation_cost": 58.2722985830066, "completition_cost": 1000.0, "overshoot_cost": 141.66793745164523, "power_cost": 4.254923547363282, "noise_cost": 27.3865880474224, "n_waypoints_completed": 0, "tot_waypoints": 9}}
{"target": -1595.360544411924, "params": {"k_pid_pos": [9.999999747378752e-05, 0.9322901964187622, 0.0], "k_pid_alt": [2.0, 0.915561854839325, 0.0], "k_pid_att": [100.0, 9.999999747378752e-05, 0.06152743101119995], "k_pid_yaw": [0.5, 1e-06, 0.1], "k_pid_hsp": [9.999999747378752e-05, 0.019764333963394165, 0.0], "k_pid_vsp": [3.5527586936950684, 397.1929016113281, 394.3018798828125]}, "datetime": {"datetime": "2025-08-21 00:51:04", "elapsed": 46718.968623399734, "delta": 24.66618323326111}, "costs": {"total_cost": 1595.360544411924, "time_cost": 150, "final_distance_cost": 186.12296543829413, "oscillation_cost": 31.65546488653764, "completition_cost": 1000.0, "overshoot_cost": 198.71440173577489, "power_cost": 13.794931542968751, "noise_cost": 15.07278080834853, "n_waypoints_completed": 0, "tot_waypoints": 9}}
{"target": -1445.5421809602155, "params": {"k_pid_pos": [0.1840122640132904, 0.9995824098587036, 0.017313897609710693], "k_pid_alt": [1.860205054283142, 1.0, 0.0], "k_pid_att": [96.50730895996094, 9.999999747378752e-05, 0.0], "k_pid_yaw": [0.5, 1e-06, 0.1], "k_pid_hsp": [0.2976281940937042, 0.035619646310806274, 0.028071552515029907], "k_pid_vsp": [11.728822708129883, 383.5393371582031, 400.0]}, "datetime": {"datetime": "2025-08-21 00:51:26", "elapsed": 46740.77789878845, "delta": 21.80927538871765}, "costs": {"total_cost": 1445.5421809602155, "time_cost": 150, "final_distance_cost": 5.282543835879091, "oscillation_cost": 77.37615512041026, "completition_cost": 1000.0, "overshoot_cost": 139.76554415739756, "power_cost": 16.85170773925781, "noise_cost": 56.266230107271056, "n_waypoints_completed": 0, "tot_waypoints": 9}}
{"target": -1489.3407825963077, "params": {"k_pid_pos": [0.005077394191175699, 1.0, 0.0], "k_pid_alt": [1.9590282440185547, 1.0, 0.04797863960266113], "k_pid_att": [93.90985107421875, 0.17206571996212006, 0.0], "k_pid_yaw": [0.5, 1e-06, 0.1], "k_pid_hsp": [0.6673345565795898, 0.0, 0.05349510908126831], "k_pid_vsp": [0.0, 400.0, 400.0]}, "datetime": {"datetime": "2025-08-21 00:51:51", "elapsed": 46765.90983915329, "delta": 25.131940364837646}, "costs": {"total_cost": 1489.3407825963077, "time_cost": 150, "final_distance_cost": 9.970734317722847, "oscillation_cost": 112.50470866694195, "completition_cost": 1000.0, "overshoot_cost": 136.83285688560477, "power_cost": 25.109109216308596, "noise_cost": 54.92337350972962, "n_waypoints_completed": 0, "tot_waypoints": 9}}
{"target": -1477.398457984114, "params": {"k_pid_pos": [0.07722216844558716, 1.0, 0.0], "k_pid_alt": [2.0, 1.0, 0.0], "k_pid_att": [99.50801849365234, 1.1135599613189697, 0.0], "k_pid_yaw": [0.5, 1e-06, 0.1], "k_pid_hsp": [0.2545046806335449, 0.0, 0.008433371782302856], "k_pid_vsp": [0.0, 400.0, 383.72137451171875]}, "datetime": {"datetime": "2025-08-21 00:52:13", "elapsed": 46788.17619371414, "delta": 22.26635456085205}, "costs": {"total_cost": 1477.398457984114, "time_cost": 150, "final_distance_cost": 7.103613246531562, "oscillation_cost": 86.08396674686763, "completition_cost": 1000.0, "overshoot_cost": 141.15456282211358, "power_cost": 22.28988218994141, "noise_cost": 70.76643297865994, "n_waypoints_completed": 0, "tot_waypoints": 9}}
{"target": -1852.0362762758045, "params": {"k_pid_pos": [0.1374170482158661, 0.9287424683570862, 0.0], "k_pid_alt": [2.0, 1.0, 0.06150627136230469], "k_pid_att": [89.81596374511719, 9.999999747378752e-05, 0.10263803601264954], "k_pid_yaw": [0.5, 1e-06, 0.1], "k_pid_hsp": [9.999999747378752e-05, 0.0, 0.0], "k_pid_vsp": [0.0, 400.0, 361.72698974609375]}, "datetime": {"datetime": "2025-08-21 00:52:38", "elapsed": 46812.68168592453, "delta": 24.505492210388184}, "costs": {"total_cost": 1852.0362762758045, "time_cost": 150, "final_distance_cost": 310.2583089651952, "oscillation_cost": 28.100034342444758, "completition_cost": 1000.0, "overshoot_cost": 335.46819756672994, "power_cost": 12.601656103515626, "noise_cost": 15.608079297919002, "n_waypoints_completed": 0, "tot_waypoints": 9}}
{"target": -1944.2380062107059, "params": {"k_pid_pos": [9.999999747378752e-05, 0.9657551050186157, 0.0], "k_pid_alt": [2.0, 1.0, 0.0018003582954406738], "k_pid_att": [100.0, 0.7967945337295532, 0.0], "k_pid_yaw": [0.5, 1e-06, 0.1], "k_pid_hsp": [9.999999747378752e-05, 0.0, 0.0], "k_pid_vsp": [0.0, 400.0, 400.0]}, "datetime": {"datetime": "2025-08-21 00:53:02", "elapsed": 46837.217185258865, "delta": 24.535499334335327}, "costs": {"total_cost": 1944.2380062107059, "time_cost": 150, "final_distance_cost": 332.6372460607085, "oscillation_cost": 24.90401257303191, "completition_cost": 1000.0, "overshoot_cost": 369.9752262831678, "power_cost": 37.810965063476566, "noise_cost": 28.91055623032116, "n_waypoints_completed": 0, "tot_waypoints": 9}}
{"target": -1393.783440500825, "params": {"k_pid_pos": [9.999999747378752e-05, 0.9982708692550659, 0.0], "k_pid_alt": [1.9708744287490845, 0.9519767761230469, 0.0], "k_pid_att": [99.69872283935547, 0.0083515839651227, 0.05746567249298096], "k_pid_yaw": [0.5, 1e-06, 0.1], "k_pid_hsp": [0.6223722100257874, 0.11044466495513916, 0.0], "k_pid_vsp": [41.0115966796875, 400.0, 400.0]}, "datetime": {"datetime": "2025-08-21 00:53:26", "elapsed": 46861.35267996788, "delta": 24.135494709014893}, "costs": {"total_cost": 1393.783440500825, "time_cost": 150, "final_distance_cost": 10.69564156102128, "oscillation_cost": 65.67598738816164, "completition_cost": 1000.0, "overshoot_cost": 140.2583980761917, "power_cost": 2.949037048339844, "noise_cost": 24.20437642711074, "n_waypoints_completed": 0, "tot_waypoints": 9}}
{"target": -1331.398540614234, "params": {"k_pid_pos": [9.999999747378752e-05, 0.9821683168411255, 0.08631998300552368], "k_pid_alt": [1.8606709241867065, 0.9813918471336365, 0.0], "k_pid_att": [100.0, 0.09813554584980011, 0.05335065722465515], "k_pid_yaw": [0.5, 1e-06, 0.1], "k_pid_hsp": [9.999999747378752e-05, 0.030302703380584717, 0.0], "k_pid_vsp": [0.0, 400.0, 400.0]}, "datetime": {"datetime": "2025-08-21 00:53:50", "elapsed": 46884.61416935921, "delta": 23.261489391326904}, "costs": {"total_cost": 1331.398540614234, "time_cost": 150, "final_distance_cost": 68.06850643511417, "oscillation_cost": 28.173014472716133, "completition_cost": 888.8888888888888, "overshoot_cost": 127.67129048300771, "power_cost": 37.91607047119141, "noise_cost": 30.68076986331585, "n_waypoints_completed": 1, "tot_waypoints": 9}}
{"target": -1301.7711645183895, "params": {"k_pid_pos": [9.999999747378752e-05, 0.9741779565811157, 0.0], "k_pid_alt": [2.0, 0.9726178646087646, 0.0], "k_pid_att": [100.0, 0.2552225887775421, 0.10941296815872192], "k_pid_yaw": [0.5, 1e-06, 0.1], "k_pid_hsp": [9.999999747378752e-05, 0.0602932870388031, 0.03431481122970581], "k_pid_vsp": [16.153549194335938, 400.0, 391.5617370605469]}, "datetime": {"datetime": "2025-08-21 00:54:14", "elapsed": 46909.28891658783, "delta": 24.674747228622437}, "costs": {"total_cost": 1301.7711645183895, "time_cost": 150, "final_distance_cost": 77.47254491515697, "oscillation_cost": 62.612121702197854, "completition_cost": 888.8888888888888, "overshoot_cost": 77.54843502813729, "power_cost": 25.080885839843752, "noise_cost": 20.168288144164734, "n_waypoints_completed": 1, "tot_waypoints": 9}}
{"target": -1502.9685850246262, "params": {"k_pid_pos": [9.999999747378752e-05, 1.0, 0.0], "k_pid_alt": [2.0, 0.9734107255935669, 0.11461827158927917], "k_pid_att": [100.0, 0.2121288925409317, 0.0], "k_pid_yaw": [0.5, 1e-06, 0.1], "k_pid_hsp": [0.2494460791349411, 0.06813085079193115, 0.01403278112411499], "k_pid_vsp": [1.9603848457336426, 374.4217529296875, 370.13201904296875]}, "datetime": {"datetime": "2025-08-21 00:54:36", "elapsed": 46931.2830824852, "delta": 21.994165897369385}, "costs": {"total_cost": 1502.9685850246262, "time_cost": 150, "final_distance_cost": 33.96174252489672, "oscillation_cost": 80.5171850586947, "completition_cost": 1000.0, "overshoot_cost": 146.91685589279993, "power_cost": 22.046560375976565, "noise_cost": 69.52624117225841, "n_waypoints_completed": 0, "tot_waypoints": 9}}
{"target": -1470.4038072236856, "params": {"k_pid_pos": [0.04855341464281082, 0.9411187767982483, 0.057687580585479736], "k_pid_alt": [1.9695457220077515, 0.9475956559181213, 0.0], "k_pid_att": [97.29657745361328, 9.999999747378752e-05, 0.0], "k_pid_yaw": [0.5, 1e-06, 0.1], "k_pid_hsp": [0.20042413473129272, 0.047760069370269775, 0.05240052938461304], "k_pid_vsp": [11.388360977172852, 400.0, 379.56951904296875]}, "datetime": {"datetime": "2025-08-21 00:55:02", "elapsed": 46957.16920018196, "delta": 25.886117696762085}, "costs": {"total_cost": 1470.4038072236856, "time_cost": 150, "final_distance_cost": 8.07343909584479, "oscillation_cost": 116.17410713915795, "completition_cost": 1000.0, "overshoot_cost": 132.20446165080764, "power_cost": 25.2767849609375, "noise_cost": 38.67501437693773, "n_waypoints_completed": 0, "tot_waypoints": 9}}
{"target": -2654.2938567896076, "params": {"k_pid_pos": [0.0424962155520916, 1.0, 0.0], "k_pid_alt": [2.0, 0.9829716682434082, 0.0], "k_pid_att": [100.0, 0.19838479161262512, 0.022271573543548584], "k_pid_yaw": [0.5, 1e-06, 0.1], "k_pid_hsp": [0.026155313476920128, 0.0, 0.11842352151870728], "k_pid_vsp": [0.0, 400.0, 362.07159423828125]}, "datetime": {"datetime": "2025-08-21 00:55:27", "elapsed": 46982.34910392761, "delta": 25.179903745651245}, "costs": {"total_cost": 2654.2938567896076, "time_cost": 150, "final_distance_cost": 410.1652555221378, "oscillation_cost": 398.76777341361407, "completition_cost": 1000.0, "overshoot_cost": 654.922688064298, "power_cost": 22.536856420898438, "noise_cost": 17.901283368659186, "n_waypoints_completed": 0, "tot_waypoints": 9}}
{"target": -1452.5000224532027, "params": {"k_pid_pos": [9.999999747378752e-05, 1.0, 0.034610360860824585], "k_pid_alt": [1.8808424472808838, 0.9992451667785645, 0.0], "k_pid_att": [100.0, 9.999999747378752e-05, 0.0612463653087616], "k_pid_yaw": [0.5, 1e-06, 0.1], "k_pid_hsp": [0.07980909198522568, 0.01655629277229309, 0.0], "k_pid_vsp": [0.0, 393.5098571777344, 392.8157958984375]}, "datetime": {"datetime": "2025-08-21 00:55:54", "elapsed": 47009.20270204544, "delta": 26.85359811782837}, "costs": {"total_cost": 1452.5000224532027, "time_cost": 150, "final_distance_cost": 18.14873433744029, "oscillation_cost": 49.457610291775474, "completition_cost": 1000.0, "overshoot_cost": 141.66111572489882, "power_cost": 22.312859765625, "noise_cost": 70.91970233346318, "n_waypoints_completed": 0, "tot_waypoints": 9}}
{"target": -1489.6474077844437, "params": {"k_pid_pos": [0.08875884860754013, 0.9645371437072754, 0.0], "k_pid_alt": [1.8514728546142578, 0.9855837821960449, 0.01347959041595459], "k_pid_att": [100.0, 9.999999747378752e-05, 0.02617746591567993], "k_pid_yaw": [0.5, 1e-06, 0.1], "k_pid_hsp": [0.4144861102104187, 0.0, 0.00556597113609314], "k_pid_vsp": [1.0869264602661133, 358.0255432128906, 400.0]}, "datetime": {"datetime": "2025-08-21 00:56:19", "elapsed": 47033.76495599747, "delta": 24.562253952026367}, "costs": {"total_cost": 1489.6474077844437, "time_cost": 150, "final_distance_cost": 22.548742694080193, "oscillation_cost": 79.71758251648365, "completition_cost": 1000.0, "overshoot_cost": 142.16938895762215, "power_cost": 22.872668676757815, "noise_cost": 72.3390249395, "n_waypoints_completed": 0, "tot_waypoints": 9}}
