{"target": -1428.5444348584292, "params": {"k_pid_pos": [0.058939240872859955, 0.9909956455230713, 0.0], "k_pid_alt": [1.957688808441162, 1.0, 0.0], "k_pid_att": [97.12361145019531, 9.999999747378752e-05, 0.0], "k_pid_yaw": [0.5, 1e-06, 0.1], "k_pid_hsp": [0.22731629014015198, 0.00440669059753418, 0.03882905840873718], "k_pid_vsp": [0.0, 398.1666564941406, 396.734375]}, "datetime": {"datetime": "2025-08-20 17:28:49", "elapsed": 20184.27651667595, "delta": 22.354159593582153}, "costs": {"total_cost": 1428.5444348584292, "time_cost": 150, "final_distance_cost": 14.523345836429195, "oscillation_cost": 95.33614055291575, "completition_cost": 1000.0, "overshoot_cost": 127.72132960862422, "power_cost": 15.898172070312501, "noise_cost": 25.065446790147387, "n_waypoints_completed": 0, "tot_waypoints": 9}}
{"target": -1496.1289122439628, "params": {"k_pid_pos": [9.999999747378752e-05, 0.9779447317123413, 0.004508167505264282], "k_pid_alt": [1.9431533813476562, 1.0, 0.0], "k_pid_att": [95.67086791992188, 0.4515884220600128, 0.0], "k_pid_yaw": [0.5, 1e-06, 0.1], "k_pid_hsp": [0.16516387462615967, 0.07318028807640076, 0.09930750727653503], "k_pid_vsp": [0.0, 351.2656555175781, 400.0]}, "datetime": {"datetime": "2025-08-20 17:29:12", "elapsed": 20207.180352211, "delta": 22.90383553504944}, "costs": {"total_cost": 1496.1289122439628, "time_cost": 150, "final_distance_cost": 29.003747320333247, "oscillation_cost": 186.93269669177192, "completition_cost": 1000.0, "overshoot_cost": 91.21554011930854, "power_cost": 20.91046286621094, "noise_cost": 18.06646524633793, "n_waypoints_completed": 0, "tot_waypoints": 9}}
{"target": -1486.7560957190847, "params": {"k_pid_pos": [9.999999747378752e-05, 0.936516523361206, 0.08467027544975281], "k_pid_alt": [1.9989440441131592, 1.0, 0.05140429735183716], "k_pid_att": [99.91453552246094, 0.40181249380111694, 0.0], "k_pid_yaw": [0.5, 1e-06, 0.1], "k_pid_hsp": [0.7683866620063782, 0.031532078981399536, 0.050434648990631104], "k_pid_vsp": [0.0, 395.42327880859375, 389.02105712890625]}, "datetime": {"datetime": "2025-08-20 17:29:35", "elapsed": 20229.71078133583, "delta": 22.530429124832153}, "costs": {"total_cost": 1486.7560957190847, "time_cost": 150, "final_distance_cost": 12.08005811541346, "oscillation_cost": 115.62219939205389, "completition_cost": 1000.0, "overshoot_cost": 134.94662474315408, "power_cost": 24.165368627929688, "noise_cost": 49.94184484053329, "n_waypoints_completed": 0, "tot_waypoints": 9}}
{"target": -2220.6532751442564, "params": {"k_pid_pos": [9.999999747378752e-05, 0.9603314995765686, 0.012461185455322266], "k_pid_alt": [1.9382812976837158, 0.8975675702095032, 0.06429922580718994], "k_pid_att": [100.0, 9.999999747378752e-05, 0.09526011347770691], "k_pid_yaw": [0.5, 1e-06, 0.1], "k_pid_hsp": [9.999999747378752e-05, 0.0, 0.15440243482589722], "k_pid_vsp": [11.959636688232422, 400.0, 400.0]}, "datetime": {"datetime": "2025-08-20 17:29:57", "elapsed": 20251.95866250992, "delta": 22.247881174087524}, "costs": {"total_cost": 2220.6532751442564, "time_cost": 150, "final_distance_cost": 230.3487111590613, "oscillation_cost": 419.15101264226, "completition_cost": 1000.0, "overshoot_cost": 383.53131817465436, "power_cost": 21.106829333496094, "noise_cost": 16.515403834784706, "n_waypoints_completed": 0, "tot_waypoints": 9}}
{"target": -3118.499838597268, "params": {"k_pid_pos": [0.012767141684889793, 1.0, 0.0], "k_pid_alt": [2.0, 0.982558012008667, 0.0], "k_pid_att": [100.0, 0.23101204633712769, 0.0], "k_pid_yaw": [0.5, 1e-06, 0.1], "k_pid_hsp": [9.999999747378752e-05, 0.011105775833129883, 0.0428297221660614], "k_pid_vsp": [34.86146926879883, 396.2377624511719, 385.3338317871094]}, "datetime": {"datetime": "2025-08-20 17:30:18", "elapsed": 20273.31175518036, "delta": 21.353092670440674}, "costs": {"total_cost": 3118.499838597268, "time_cost": 150, "final_distance_cost": 664.1816982169847, "oscillation_cost": 130.57201365536753, "completition_cost": 1000.0, "overshoot_cost": 1134.4064154809248, "power_cost": 21.781672802734377, "noise_cost": 17.55803844125682, "n_waypoints_completed": 0, "tot_waypoints": 9}}
{"target": -1391.76740220612, "params": {"k_pid_pos": [0.12663152813911438, 1.0, 0.0], "k_pid_alt": [1.8250731229782104, 0.95047926902771, 0.07389470934867859], "k_pid_att": [100.0, 9.999999747378752e-05, 0.0], "k_pid_yaw": [0.5, 1e-06, 0.1], "k_pid_hsp": [0.1815117746591568, 0.05104014277458191, 0.0], "k_pid_vsp": [26.291561126708984, 393.6700439453125, 384.46466064453125]}, "datetime": {"datetime": "2025-08-20 17:30:41", "elapsed": 20295.857963085175, "delta": 22.546207904815674}, "costs": {"total_cost": 1391.76740220612, "time_cost": 150, "final_distance_cost": 14.991314313531024, "oscillation_cost": 62.09725190042671, "completition_cost": 1000.0, "overshoot_cost": 140.69445277344514, "power_cost": 1.9929839721679687, "noise_cost": 21.991399246549207, "n_waypoints_completed": 0, "tot_waypoints": 9}}
{"target": -1497.1820137436434, "params": {"k_pid_pos": [9.999999747378752e-05, 1.0, 0.0], "k_pid_alt": [1.9958288669586182, 1.0, 0.0], "k_pid_att": [96.6561050415039, 9.999999747378752e-05, 0.09004911780357361], "k_pid_yaw": [0.5, 1e-06, 0.1], "k_pid_hsp": [0.20579893887043, 0.0, 0.0], "k_pid_vsp": [5.2286505699157715, 375.1078186035156, 369.3207702636719]}, "datetime": {"datetime": "2025-08-20 17:31:03", "elapsed": 20318.220952033997, "delta": 22.36298894882202}, "costs": {"total_cost": 1497.1820137436434, "time_cost": 150, "final_distance_cost": 16.761968944553914, "oscillation_cost": 54.97410471785916, "completition_cost": 1000.0, "overshoot_cost": 140.50148882112404, "power_cost": 34.51365930175781, "noise_cost": 100.4307919583485, "n_waypoints_completed": 0, "tot_waypoints": 9}}
{"target": -1428.1244051933286, "params": {"k_pid_pos": [9.999999747378752e-05, 0.9260695576667786, 0.10629808902740479], "k_pid_alt": [2.0, 0.9922854900360107, 0.0], "k_pid_att": [97.0312728881836, 9.999999747378752e-05, 0.04405570030212402], "k_pid_yaw": [0.5, 1e-06, 0.1], "k_pid_hsp": [0.4255596399307251, 0.003039062023162842, 0.0], "k_pid_vsp": [0.0, 400.0, 400.0]}, "datetime": {"datetime": "2025-08-20 17:31:26", "elapsed": 20341.325415611267, "delta": 23.104463577270508}, "costs": {"total_cost": 1428.1244051933286, "time_cost": 150, "final_distance_cost": 11.996077193062735, "oscillation_cost": 62.83209794456659, "completition_cost": 1000.0, "overshoot_cost": 138.99223510058616, "power_cost": 13.857994104003907, "noise_cost": 50.4460008511091, "n_waypoints_completed": 0, "tot_waypoints": 9}}
{"target": -1436.1475260047957, "params": {"k_pid_pos": [9.999999747378752e-05, 1.0, 0.0], "k_pid_alt": [1.9145567417144775, 0.9420956373214722, 0.0], "k_pid_att": [100.0, 0.26188215613365173, 0.0], "k_pid_yaw": [0.5, 1e-06, 0.1], "k_pid_hsp": [9.999999747378752e-05, 0.05535954236984253, 0.0], "k_pid_vsp": [0.0, 399.3077697753906, 383.4783020019531]}, "datetime": {"datetime": "2025-08-20 17:31:49", "elapsed": 20363.772095680237, "delta": 22.446680068969727}, "costs": {"total_cost": 1436.1475260047957, "time_cost": 150, "final_distance_cost": 25.840608296087655, "oscillation_cost": 38.93064234593318, "completition_cost": 1000.0, "overshoot_cost": 150.0937486408182, "power_cost": 15.959418762207031, "noise_cost": 55.323107959749876, "n_waypoints_completed": 0, "tot_waypoints": 9}}
{"target": -1444.089960039422, "params": {"k_pid_pos": [0.010132390074431896, 1.0, 0.0], "k_pid_alt": [1.8308919668197632, 0.9989596009254456, 0.0], "k_pid_att": [100.0, 9.999999747378752e-05, 0.10100609064102173], "k_pid_yaw": [0.5, 1e-06, 0.1], "k_pid_hsp": [9.999999747378752e-05, 0.05092698335647583, 0.0], "k_pid_vsp": [0.0, 400.0, 385.2963562011719]}, "datetime": {"datetime": "2025-08-20 17:32:11", "elapsed": 20386.14925122261, "delta": 22.377155542373657}, "costs": {"total_cost": 1444.089960039422, "time_cost": 150, "final_distance_cost": 30.62588097736797, "oscillation_cost": 35.95001676283463, "completition_cost": 1000.0, "overshoot_cost": 151.8185181859727, "power_cost": 17.372925439453127, "noise_cost": 58.322618673793514, "n_waypoints_completed": 0, "tot_waypoints": 9}}
{"target": -1738.1471870477733, "params": {"k_pid_pos": [9.999999747378752e-05, 1.0, 0.03685420751571655], "k_pid_alt": [2.0, 0.8418048620223999, 0.0], "k_pid_att": [97.0188217163086, 9.999999747378752e-05, 0.0], "k_pid_yaw": [0.5, 1e-06, 0.1], "k_pid_hsp": [9.999999747378752e-05, 0.014728635549545288, 0.0014252662658691406], "k_pid_vsp": [5.756819248199463, 389.697998046875, 383.8912353515625]}, "datetime": {"datetime": "2025-08-20 17:32:34", "elapsed": 20408.92284488678, "delta": 22.77359366416931}, "costs": {"total_cost": 1738.1471870477733, "time_cost": 150, "final_distance_cost": 255.77833664986778, "oscillation_cost": 31.54327504151109, "completition_cost": 1000.0, "overshoot_cost": 275.9896562790544, "power_cost": 11.959845178222658, "noise_cost": 12.876073899117452, "n_waypoints_completed": 0, "tot_waypoints": 9}}
{"target": -1972.7427096123922, "params": {"k_pid_pos": [9.999999747378752e-05, 0.9355302453041077, 0.0], "k_pid_alt": [1.968618392944336, 1.0, 0.0], "k_pid_att": [100.0, 9.999999747378752e-05, 0.0], "k_pid_yaw": [0.5, 1e-06, 0.1], "k_pid_hsp": [9.999999747378752e-05, 0.0, 0.0], "k_pid_vsp": [0.0, 400.0, 400.0]}, "datetime": {"datetime": "2025-08-20 17:32:56", "elapsed": 20431.427718877792, "delta": 22.504873991012573}, "costs": {"total_cost": 1972.7427096123922, "time_cost": 150, "final_distance_cost": 342.1886310389581, "oscillation_cost": 25.275256290960957, "completition_cost": 1000.0, "overshoot_cost": 389.4710531207179, "power_cost": 37.86321536865235, "noise_cost": 27.944553793102774, "n_waypoints_completed": 0, "tot_waypoints": 9}}
{"target": -1483.775363503647, "params": {"k_pid_pos": [0.12935931980609894, 0.9357045888900757, 0.09123629331588745], "k_pid_alt": [2.0, 0.9836534857749939, 0.007939308881759644], "k_pid_att": [98.63720703125, 9.999999747378752e-05, 0.0], "k_pid_yaw": [0.5, 1e-06, 0.1], "k_pid_hsp": [0.48881176114082336, 0.0, 0.05287829041481018], "k_pid_vsp": [0.0, 395.31036376953125, 383.17047119140625]}, "datetime": {"datetime": "2025-08-20 17:33:19", "elapsed": 20453.63090658188, "delta": 22.203187704086304}, "costs": {"total_cost": 1483.775363503647, "time_cost": 150, "final_distance_cost": 18.25734513582634, "oscillation_cost": 118.2834958605354, "completition_cost": 1000.0, "overshoot_cost": 135.31626464285614, "power_cost": 17.517499060058594, "noise_cost": 44.400758804370525, "n_waypoints_completed": 0, "tot_waypoints": 9}}
{"target": -1409.9734284736642, "params": {"k_pid_pos": [0.07653478533029556, 0.9561299085617065, 0.0], "k_pid_alt": [2.0, 1.0, 0.0], "k_pid_att": [100.0, 0.24441520869731903, 0.03502112627029419], "k_pid_yaw": [0.5, 1e-06, 0.1], "k_pid_hsp": [9.999999747378752e-05, 0.03546068072319031, 0.0], "k_pid_vsp": [0.0, 400.0, 400.0]}, "datetime": {"datetime": "2025-08-20 17:33:40", "elapsed": 20475.431965589523, "delta": 21.801059007644653}, "costs": {"total_cost": 1409.9734284736642, "time_cost": 150, "final_distance_cost": 36.87311557694597, "oscillation_cost": 35.00611366525554, "completition_cost": 1000.0, "overshoot_cost": 156.36257132732962, "power_cost": 5.537247387695313, "noise_cost": 26.19438051643773, "n_waypoints_completed": 0, "tot_waypoints": 9}}
{"target": -1922.3446340838727, "params": {"k_pid_pos": [0.1886143982410431, 1.0, 0.0], "k_pid_alt": [2.0, 0.9605698585510254, 0.0], "k_pid_att": [100.0, 0.07808176428079605, 0.02879852056503296], "k_pid_yaw": [0.5, 1e-06, 0.1], "k_pid_hsp": [9.999999747378752e-05, 0.0, 0.0], "k_pid_vsp": [21.731889724731445, 392.9250183105469, 394.5867614746094]}, "datetime": {"datetime": "2025-08-20 17:34:03", "elapsed": 20497.81591963768, "delta": 22.38395404815674}, "costs": {"total_cost": 1922.3446340838727, "time_cost": 150, "final_distance_cost": 336.8352506637264, "oscillation_cost": 31.098486478113525, "completition_cost": 1000.0, "overshoot_cost": 379.234969124458, "power_cost": 11.58778387451172, "noise_cost": 13.588143943062892, "n_waypoints_completed": 0, "tot_waypoints": 9}}
{"target": -1496.486314259461, "params": {"k_pid_pos": [0.1449424773454666, 1.0, 0.06024807691574097], "k_pid_alt": [2.0, 0.9999473094940186, 0.0], "k_pid_att": [91.62813568115234, 9.999999747378752e-05, 0.0], "k_pid_yaw": [0.5, 1e-06, 0.1], "k_pid_hsp": [0.6960088610649109, 0.01240450143814087, 0.010238319635391235], "k_pid_vsp": [20.669984817504883, 375.7440185546875, 400.0]}, "datetime": {"datetime": "2025-08-20 17:34:25", "elapsed": 20520.40430045128, "delta": 22.588380813598633}, "costs": {"total_cost": 1496.486314259461, "time_cost": 150, "final_distance_cost": 16.589741701074313, "oscillation_cost": 85.81166085781148, "completition_cost": 1000.0, "overshoot_cost": 139.95883276444272, "power_cost": 25.489680078125, "noise_cost": 78.63639885800744, "n_waypoints_completed": 0, "tot_waypoints": 9}}
{"target": -4736.7785288706655, "params": {"k_pid_pos": [0.09669075906276703, 0.9709447622299194, 0.0], "k_pid_alt": [2.0, 1.0, 0.04044806957244873], "k_pid_att": [100.0, 0.1144956648349762, 0.05070921778678894], "k_pid_yaw": [0.5, 1e-06, 0.1], "k_pid_hsp": [9.999999747378752e-05, 0.0, 0.04170495271682739], "k_pid_vsp": [0.0, 399.9432067871094, 400.0]}, "datetime": {"datetime": "2025-08-20 17:34:48", "elapsed": 20543.43948173523, "delta": 23.035181283950806}, "costs": {"total_cost": 4736.7785288706655, "time_cost": 150, "final_distance_cost": 1313.698062167749, "oscillation_cost": 114.18178980785088, "completition_cost": 1000.0, "overshoot_cost": 2120.842577253984, "power_cost": 21.100495764160158, "noise_cost": 16.955603876921835, "n_waypoints_completed": 0, "tot_waypoints": 9}}
{"target": -3034.9267065019703, "params": {"k_pid_pos": [0.08135310560464859, 0.9233219623565674, 0.0], "k_pid_alt": [2.0, 1.0, 0.026661932468414307], "k_pid_att": [100.0, 0.02065683901309967, 0.0], "k_pid_yaw": [0.5, 1e-06, 0.1], "k_pid_hsp": [9.999999747378752e-05, 0.029380619525909424, 0.034925639629364014], "k_pid_vsp": [29.998409271240234, 400.0, 397.0915222167969]}, "datetime": {"datetime": "2025-08-20 17:35:11", "elapsed": 20565.609773397446, "delta": 22.170291662216187}, "costs": {"total_cost": 3034.9267065019703, "time_cost": 150, "final_distance_cost": 679.4762532213042, "oscillation_cost": 87.93808881743786, "completition_cost": 1000.0, "overshoot_cost": 1080.8070450932862, "power_cost": 19.96924354248047, "noise_cost": 16.7360758274617, "n_waypoints_completed": 0, "tot_waypoints": 9}}
{"target": -1454.0971015888313, "params": {"k_pid_pos": [0.07370954751968384, 1.0, 0.00793120265007019], "k_pid_alt": [1.8726110458374023, 1.0, 0.013015151023864746], "k_pid_att": [98.9169692993164, 9.999999747378752e-05, 0.019708067178726196], "k_pid_yaw": [0.5, 1e-06, 0.1], "k_pid_hsp": [0.10178450495004654, 0.0, 0.034337788820266724], "k_pid_vsp": [0.0, 369.5968017578125, 393.2550048828125]}, "datetime": {"datetime": "2025-08-20 17:35:33", "elapsed": 20587.990735292435, "delta": 22.380961894989014}, "costs": {"total_cost": 1454.0971015888313, "time_cost": 150, "final_distance_cost": 18.01521040191769, "oscillation_cost": 66.15791463269912, "completition_cost": 1000.0, "overshoot_cost": 136.10105250797648, "power_cost": 25.344664160156253, "noise_cost": 58.478259886081865, "n_waypoints_completed": 0, "tot_waypoints": 9}}
{"target": -1945.7931373400688, "params": {"k_pid_pos": [0.0791982039809227, 0.9779333472251892, 0.13326045870780945], "k_pid_alt": [2.0, 0.9878448247909546, 0.05682620406150818], "k_pid_att": [100.0, 9.999999747378752e-05, 0.07822877168655396], "k_pid_yaw": [0.5, 1e-06, 0.1], "k_pid_hsp": [9.999999747378752e-05, 0.0, 0.0050518810749053955], "k_pid_vsp": [0.0, 400.0, 400.0]}, "datetime": {"datetime": "2025-08-20 17:35:56", "elapsed": 20610.913517713547, "delta": 22.92278242111206}, "costs": {"total_cost": 1945.7931373400688, "time_cost": 150, "final_distance_cost": 344.5164135464254, "oscillation_cost": 32.059553328439755, "completition_cost": 1000.0, "overshoot_cost": 396.14450434736807, "power_cost": 10.967089978027344, "noise_cost": 12.105576139808061, "n_waypoints_completed": 0, "tot_waypoints": 9}}
{"target": -1445.508845451679, "params": {"k_pid_pos": [9.999999747378752e-05, 1.0, 0.0686776340007782], "k_pid_alt": [1.9032104015350342, 0.9675253629684448, 0.10263532400131226], "k_pid_att": [100.0, 0.6028739809989929, 0.012001246213912964], "k_pid_yaw": [0.5, 1e-06, 0.1], "k_pid_hsp": [0.5182925462722778, 0.0, 0.0], "k_pid_vsp": [10.87759780883789, 391.9916687011719, 384.5347595214844]}, "datetime": {"datetime": "2025-08-20 17:36:18", "elapsed": 20633.088139533997, "delta": 22.17462182044983}, "costs": {"total_cost": 1445.508845451679, "time_cost": 150, "final_distance_cost": 12.316333743328396, "oscillation_cost": 65.16778896382283, "completition_cost": 1000.0, "overshoot_cost": 139.5662099049319, "power_cost": 18.00255633544922, "noise_cost": 60.455956504146684, "n_waypoints_completed": 0, "tot_waypoints": 9}}
{"target": -2781.6625288367227, "params": {"k_pid_pos": [0.01665644720196724, 1.0, 0.0], "k_pid_alt": [1.9853758811950684, 0.9571908712387085, 0.0], "k_pid_att": [94.5928955078125, 0.2335839569568634, 0.0], "k_pid_yaw": [0.5, 1e-06, 0.1], "k_pid_hsp": [9.999999747378752e-05, 0.07284533977508545, 0.11688551306724548], "k_pid_vsp": [0.0, 400.0, 383.96075439453125]}, "datetime": {"datetime": "2025-08-20 17:36:40", "elapsed": 20654.515341043472, "delta": 21.427201509475708}, "costs": {"total_cost": 2781.6625288367227, "time_cost": 150, "final_distance_cost": 451.55216725025116, "oscillation_cost": 393.88821956687786, "completition_cost": 1000.0, "overshoot_cost": 747.0333845159864, "power_cost": 21.762906970214846, "noise_cost": 17.42585053339262, "n_waypoints_completed": 0, "tot_waypoints": 9}}
{"target": -1926.9293944168464, "params": {"k_pid_pos": [9.999999747378752e-05, 1.0, 0.06834164261817932], "k_pid_alt": [2.0, 1.0, 0.0], "k_pid_att": [91.40153503417969, 0.6680673956871033, 0.0], "k_pid_yaw": [0.5, 1e-06, 0.1], "k_pid_hsp": [9.999999747378752e-05, 0.0023242533206939697, 0.0], "k_pid_vsp": [23.39359474182129, 374.5013427734375, 383.1811218261719]}, "datetime": {"datetime": "2025-08-20 17:37:02", "elapsed": 20677.069504976273, "delta": 22.554163932800293}, "costs": {"total_cost": 1926.9293944168464, "time_cost": 150, "final_distance_cost": 336.2496373766683, "oscillation_cost": 28.999652745360635, "completition_cost": 1000.0, "overshoot_cost": 387.6173251476325, "power_cost": 11.415457360839845, "noise_cost": 12.647321786345282, "n_waypoints_completed": 0, "tot_waypoints": 9}}
{"target": -1929.3348732065388, "params": {"k_pid_pos": [9.999999747378752e-05, 1.0, 0.07431986927986145], "k_pid_alt": [1.9477031230926514, 1.0, 0.010909408330917358], "k_pid_att": [94.36211395263672, 0.14040108025074005, 0.0], "k_pid_yaw": [0.5, 1e-06, 0.1], "k_pid_hsp": [9.999999747378752e-05, 0.0, 0.0], "k_pid_vsp": [0.0, 389.1569519042969, 400.0]}, "datetime": {"datetime": "2025-08-20 17:37:24", "elapsed": 20699.15769124031, "delta": 22.088186264038086}, "costs": {"total_cost": 1929.3348732065388, "time_cost": 150, "final_distance_cost": 339.0041523659553, "oscillation_cost": 29.67984777826041, "completition_cost": 1000.0, "overshoot_cost": 385.8534172070591, "power_cost": 11.537239709472656, "noise_cost": 13.26021614579146, "n_waypoints_completed": 0, "tot_waypoints": 9}}
{"target": -1506.4483632996191, "params": {"k_pid_pos": [0.05426802113652229, 1.0, 0.02048802375793457], "k_pid_alt": [2.0, 0.9649597406387329, 0.02309739589691162], "k_pid_att": [100.0, 9.999999747378752e-05, 0.0], "k_pid_yaw": [0.5, 1e-06, 0.1], "k_pid_hsp": [0.5315797924995422, 0.02985537052154541, 0.0], "k_pid_vsp": [0.0, 400.0, 400.0]}, "datetime": {"datetime": "2025-08-20 17:37:46", "elapsed": 20721.32498908043, "delta": 22.167297840118408}, "costs": {"total_cost": 1506.4483632996191, "time_cost": 150, "final_distance_cost": 10.970764986454302, "oscillation_cost": 62.371434833544456, "completition_cost": 1000.0, "overshoot_cost": 139.48262750456607, "power_cost": 37.085301184082034, "noise_cost": 106.53823479097208, "n_waypoints_completed": 0, "tot_waypoints": 9}}
{"target": -1485.0318391999165, "params": {"k_pid_pos": [9.999999747378752e-05, 1.0, 0.09159591794013977], "k_pid_alt": [1.9857070446014404, 1.0, 0.0], "k_pid_att": [96.1371078491211, 9.999999747378752e-05, 0.0], "k_pid_yaw": [0.5, 1e-06, 0.1], "k_pid_hsp": [0.22034232318401337, 0.0, 0.0], "k_pid_vsp": [3.892695903778076, 400.0, 378.85443115234375]}, "datetime": {"datetime": "2025-08-20 17:38:09", "elapsed": 20744.009395360947, "delta": 22.684406280517578}, "costs": {"total_cost": 1485.0318391999165, "time_cost": 150, "final_distance_cost": 12.583843485496343, "oscillation_cost": 57.17128178226858, "completition_cost": 1000.0, "overshoot_cost": 139.7978547219307, "power_cost": 31.813310766601564, "noise_cost": 93.6655484436193, "n_waypoints_completed": 0, "tot_waypoints": 9}}
{"target": -3158.6283154099683, "params": {"k_pid_pos": [0.04959346354007721, 0.9288318157196045, 0.0], "k_pid_alt": [2.0, 0.9758569002151489, 0.007774144411087036], "k_pid_att": [97.16061401367188, 9.999999747378752e-05, 0.0], "k_pid_yaw": [0.5, 1e-06, 0.1], "k_pid_hsp": [9.999999747378752e-05, 0.0, 0.08232894539833069], "k_pid_vsp": [0.0, 400.0, 400.0]}, "datetime": {"datetime": "2025-08-20 17:38:32", "elapsed": 20766.910925388336, "delta": 22.901530027389526}, "costs": {"total_cost": 3158.6283154099683, "time_cost": 150, "final_distance_cost": 633.2502847783263, "oscillation_cost": 357.79843401295227, "completition_cost": 1000.0, "overshoot_cost": 978.2914486081481, "power_cost": 21.77887889404297, "noise_cost": 17.509269116498828, "n_waypoints_completed": 0, "tot_waypoints": 9}}
