{"target": -1472.9276307540406, "params": {"k_pid_pos": [0.07941962778568268, 0.9971168041229248, 0.04353794455528259], "k_pid_alt": [2.0, 1.0, 0.0], "k_pid_att": [100.0, 9.999999747378752e-05, 0.0], "k_pid_yaw": [0.5, 1e-06, 0.1], "k_pid_hsp": [0.15780247747898102, 0.0, 0.0], "k_pid_vsp": [55.93486022949219, 400.0, 400.0]}, "datetime": {"datetime": "2025-08-20 16:07:12", "elapsed": 15287.452681779861, "delta": 22.76347517967224}, "costs": {"total_cost": 1472.9276307540406, "time_cost": 150, "final_distance_cost": 6.802970239049355, "oscillation_cost": 54.94195144117726, "completition_cost": 1000.0, "overshoot_cost": 139.87799831041562, "power_cost": 30.52216237792969, "noise_cost": 90.78254838546881, "n_waypoints_completed": 0, "tot_waypoints": 9}}
{"target": -1457.1657436080154, "params": {"k_pid_pos": [0.1558769941329956, 0.9635515213012695, 0.004204601049423218], "k_pid_alt": [1.9588199853897095, 1.0, 0.0], "k_pid_att": [95.4153060913086, 9.999999747378752e-05, 0.051777780055999756], "k_pid_yaw": [0.5, 1e-06, 0.1], "k_pid_hsp": [0.4697295129299164, 0.0, 0.0], "k_pid_vsp": [19.534896850585938, 400.0, 400.0]}, "datetime": {"datetime": "2025-08-20 16:07:35", "elapsed": 15309.691190481186, "delta": 22.238508701324463}, "costs": {"total_cost": 1457.1657436080154, "time_cost": 150, "final_distance_cost": 9.708659437311205, "oscillation_cost": 62.95933813269379, "completition_cost": 1000.0, "overshoot_cost": 139.11523291520263, "power_cost": 23.028263195800783, "noise_cost": 72.35424992700729, "n_waypoints_completed": 0, "tot_waypoints": 9}}
{"target": -2865.5289986411367, "params": {"k_pid_pos": [9.999999747378752e-05, 0.9803427457809448, 0.020742058753967285], "k_pid_alt": [1.9080326557159424, 0.9750773906707764, 0.021071672439575195], "k_pid_att": [100.0, 0.6600637435913086, 0.015330880880355835], "k_pid_yaw": [0.5, 1e-06, 0.1], "k_pid_hsp": [9.999999747378752e-05, 0.0, 0.06689360737800598], "k_pid_vsp": [14.051294326782227, 400.0, 383.8807678222656]}, "datetime": {"datetime": "2025-08-20 16:07:57", "elapsed": 15332.509953737259, "delta": 22.818763256072998}, "costs": {"total_cost": 2865.5289986411367, "time_cost": 150, "final_distance_cost": 528.5844148880099, "oscillation_cost": 280.0594983571014, "completition_cost": 1000.0, "overshoot_cost": 867.4095434809506, "power_cost": 21.911393017578128, "noise_cost": 17.56414889749641, "n_waypoints_completed": 0, "tot_waypoints": 9}}
{"target": -1458.728495465343, "params": {"k_pid_pos": [0.02693183533847332, 0.9309428334236145, 0.012502670288085938], "k_pid_alt": [1.9765937328338623, 1.0, 0.07181498408317566], "k_pid_att": [98.73149108886719, 0.006885324604809284, 0.0], "k_pid_yaw": [0.5, 1e-06, 0.1], "k_pid_hsp": [0.12365889549255371, 0.0, 0.0041675567626953125], "k_pid_vsp": [17.324626922607422, 400.0, 379.6636962890625]}, "datetime": {"datetime": "2025-08-20 16:08:20", "elapsed": 15354.676949501038, "delta": 22.166995763778687}, "costs": {"total_cost": 1458.728495465343, "time_cost": 150, "final_distance_cost": 21.654418986082447, "oscillation_cost": 76.81584681865662, "completition_cost": 1000.0, "overshoot_cost": 141.37300937299844, "power_cost": 15.262320654296875, "noise_cost": 53.622899633308556, "n_waypoints_completed": 0, "tot_waypoints": 9}}
{"target": -1887.2945638281753, "params": {"k_pid_pos": [0.04907951503992081, 0.8788058161735535, 0.09221974015235901], "k_pid_alt": [2.0, 0.9959062337875366, 0.011244416236877441], "k_pid_att": [92.94954681396484, 0.13449938595294952, 0.0], "k_pid_yaw": [0.5, 1e-06, 0.1], "k_pid_hsp": [9.999999747378752e-05, 0.0, 0.009209990501403809], "k_pid_vsp": [0.5241155624389648, 366.8031005859375, 400.0]}, "datetime": {"datetime": "2025-08-20 16:08:42", "elapsed": 15376.744697332382, "delta": 22.067747831344604}, "costs": {"total_cost": 1887.2945638281753, "time_cost": 150, "final_distance_cost": 344.89551037406727, "oscillation_cost": 27.96413654425298, "completition_cost": 888.8888888888888, "overshoot_cost": 410.8960059573046, "power_cost": 37.90691667480469, "noise_cost": 26.743105388857025, "n_waypoints_completed": 1, "tot_waypoints": 9}}
{"target": -1419.3288654696348, "params": {"k_pid_pos": [9.999999747378752e-05, 0.9920697212219238, 0.05992269515991211], "k_pid_alt": [1.988800048828125, 1.0, 0.0], "k_pid_att": [98.25967407226562, 0.1323104202747345, 0.006251901388168335], "k_pid_yaw": [0.5, 1e-06, 0.1], "k_pid_hsp": [0.507280707359314, 0.004969984292984009, 0.0], "k_pid_vsp": [0.0, 391.7334899902344, 350.65814208984375]}, "datetime": {"datetime": "2025-08-20 16:09:04", "elapsed": 15399.063235998154, "delta": 22.318538665771484}, "costs": {"total_cost": 1419.3288654696348, "time_cost": 150, "final_distance_cost": 12.44467015758175, "oscillation_cost": 65.10940091068642, "completition_cost": 1000.0, "overshoot_cost": 139.61588114807364, "power_cost": 10.270590954589844, "noise_cost": 41.8883222987034, "n_waypoints_completed": 0, "tot_waypoints": 9}}
{"target": -1476.4156719430644, "params": {"k_pid_pos": [0.12057510763406754, 0.9679192900657654, 0.0], "k_pid_alt": [2.0, 0.8702406883239746, 0.06762361526489258], "k_pid_att": [99.88732147216797, 9.999999747378752e-05, 0.0], "k_pid_yaw": [0.5, 1e-06, 0.1], "k_pid_hsp": [0.5583619475364685, 0.0625985860824585, 0.013488858938217163], "k_pid_vsp": [24.76811408996582, 400.0, 393.01318359375]}, "datetime": {"datetime": "2025-08-20 16:09:26", "elapsed": 15421.096873521805, "delta": 22.033637523651123}, "costs": {"total_cost": 1476.4156719430644, "time_cost": 150, "final_distance_cost": 7.092559468911121, "oscillation_cost": 89.91783620041977, "completition_cost": 1000.0, "overshoot_cost": 140.75354877942183, "power_cost": 20.965202893066408, "noise_cost": 67.68652460124527, "n_waypoints_completed": 0, "tot_waypoints": 9}}
{"target": -2776.7198293217125, "params": {"k_pid_pos": [9.999999747378752e-05, 0.9646977186203003, 0.0], "k_pid_alt": [2.0, 1.0, 0.0], "k_pid_att": [100.0, 9.999999747378752e-05, 0.09029823541641235], "k_pid_yaw": [0.5, 1e-06, 0.1], "k_pid_hsp": [9.999999747378752e-05, 0.0, 0.02811986207962036], "k_pid_vsp": [2.9108285903930664, 400.0, 400.0]}, "datetime": {"datetime": "2025-08-20 16:09:48", "elapsed": 15443.039694309235, "delta": 21.94282078742981}, "costs": {"total_cost": 2776.7198293217125, "time_cost": 150, "final_distance_cost": 621.9455256680944, "oscillation_cost": 80.14435496216164, "completition_cost": 1000.0, "overshoot_cost": 863.5423814450997, "power_cost": 36.075711169433596, "noise_cost": 25.011856076922843, "n_waypoints_completed": 0, "tot_waypoints": 9}}
{"target": -1426.5915610379311, "params": {"k_pid_pos": [0.10191812366247177, 1.0, 0.006941318511962891], "k_pid_alt": [2.0, 0.966153621673584, 0.006056666374206543], "k_pid_att": [95.58795928955078, 9.999999747378752e-05, 0.06419980525970459], "k_pid_yaw": [0.5, 1e-06, 0.1], "k_pid_hsp": [0.06450455635786057, 0.027224361896514893, 0.035705238580703735], "k_pid_vsp": [6.303930282592773, 378.5476379394531, 400.0]}, "datetime": {"datetime": "2025-08-20 16:10:15", "elapsed": 15469.774749040604, "delta": 26.73505473136902}, "costs": {"total_cost": 1426.5915610379311, "time_cost": 150, "final_distance_cost": 9.310573983728458, "oscillation_cost": 65.28569522225196, "completition_cost": 1000.0, "overshoot_cost": 137.8019431132736, "power_cost": 18.309910327148437, "noise_cost": 45.8834383915286, "n_waypoints_completed": 0, "tot_waypoints": 9}}
{"target": -1485.9645729090248, "params": {"k_pid_pos": [9.999999747378752e-05, 0.9785304069519043, 0.0], "k_pid_alt": [2.0, 1.0, 0.0], "k_pid_att": [100.0, 9.999999747378752e-05, 0.08371564745903015], "k_pid_yaw": [0.5, 1e-06, 0.1], "k_pid_hsp": [0.3410530090332031, 0.08166950941085815, 0.02191263437271118], "k_pid_vsp": [19.08087730407715, 400.0, 385.3793640136719]}, "datetime": {"datetime": "2025-08-20 16:10:37", "elapsed": 15492.338896036148, "delta": 22.564146995544434}, "costs": {"total_cost": 1485.9645729090248, "time_cost": 150, "final_distance_cost": 8.209423008535135, "oscillation_cost": 83.12245424772051, "completition_cost": 1000.0, "overshoot_cost": 143.45956301749675, "power_cost": 24.723464672851563, "noise_cost": 76.44966796242073, "n_waypoints_completed": 0, "tot_waypoints": 9}}
{"target": -1479.457542121031, "params": {"k_pid_pos": [9.999999747378752e-05, 1.0, 0.034386008977890015], "k_pid_alt": [1.9870691299438477, 0.9450173377990723, 0.013937622308731079], "k_pid_att": [100.0, 0.01563221961259842, 0.0], "k_pid_yaw": [0.5, 1e-06, 0.1], "k_pid_hsp": [0.46822184324264526, 0.0, 0.04575788974761963], "k_pid_vsp": [19.043994903564453, 400.0, 378.7629089355469]}, "datetime": {"datetime": "2025-08-20 16:10:59", "elapsed": 15514.379762411118, "delta": 22.040866374969482}, "costs": {"total_cost": 1479.457542121031, "time_cost": 150, "final_distance_cost": 18.48997256308951, "oscillation_cost": 113.17567145416551, "completition_cost": 1000.0, "overshoot_cost": 133.44480371853496, "power_cost": 21.57599548339844, "noise_cost": 42.77109890184253, "n_waypoints_completed": 0, "tot_waypoints": 9}}
{"target": -1452.5715819024979, "params": {"k_pid_pos": [0.0665096640586853, 0.9741635322570801, 0.047283709049224854], "k_pid_alt": [2.0, 0.9402995109558105, 0.0570906400680542], "k_pid_att": [100.0, 9.999999747378752e-05, 0.0], "k_pid_yaw": [0.5, 1e-06, 0.1], "k_pid_hsp": [0.6936821937561035, 0.0, 0.0], "k_pid_vsp": [0.0, 391.2770080566406, 400.0]}, "datetime": {"datetime": "2025-08-20 16:11:21", "elapsed": 15536.34556055069, "delta": 21.965798139572144}, "costs": {"total_cost": 1452.5715819024979, "time_cost": 150, "final_distance_cost": 9.934375190736722, "oscillation_cost": 66.36916116026379, "completition_cost": 1000.0, "overshoot_cost": 139.10033813732224, "power_cost": 20.564377209472656, "noise_cost": 66.60333020470233, "n_waypoints_completed": 0, "tot_waypoints": 9}}
{"target": -1945.6115773911797, "params": {"k_pid_pos": [0.0271112360060215, 0.9337859153747559, 0.03698456287384033], "k_pid_alt": [1.9121456146240234, 1.0, 0.021305471658706665], "k_pid_att": [92.19339752197266, 9.999999747378752e-05, 0.0], "k_pid_yaw": [0.5, 1e-06, 0.1], "k_pid_hsp": [9.999999747378752e-05, 0.0, 0.0], "k_pid_vsp": [0.0, 400.0, 400.0]}, "datetime": {"datetime": "2025-08-20 16:11:43", "elapsed": 15558.325464487076, "delta": 21.97990393638611}, "costs": {"total_cost": 1945.6115773911797, "time_cost": 150, "final_distance_cost": 331.9209360604828, "oscillation_cost": 24.48579122799677, "completition_cost": 1000.0, "overshoot_cost": 373.4800733444349, "power_cost": 37.86572100830078, "noise_cost": 27.859055749964416, "n_waypoints_completed": 0, "tot_waypoints": 9}}
{"target": -1833.2833091378275, "params": {"k_pid_pos": [9.999999747378752e-05, 0.9516719579696655, 0.1139269471168518], "k_pid_alt": [1.926424503326416, 0.9861932992935181, 0.0], "k_pid_att": [95.988037109375, 0.21395574510097504, 0.0], "k_pid_yaw": [0.5, 1e-06, 0.1], "k_pid_hsp": [9.999999747378752e-05, 0.013492465019226074, 0.0], "k_pid_vsp": [7.3427557945251465, 400.0, 377.7742004394531]}, "datetime": {"datetime": "2025-08-20 16:12:06", "elapsed": 15580.751491069794, "delta": 22.426026582717896}, "costs": {"total_cost": 1833.2833091378275, "time_cost": 150, "final_distance_cost": 277.7755629726333, "oscillation_cost": 25.790319959929754, "completition_cost": 1000.0, "overshoot_cost": 314.46887930165497, "power_cost": 37.90413664550781, "noise_cost": 27.344410258101714, "n_waypoints_completed": 0, "tot_waypoints": 9}}
{"target": -2768.304058759459, "params": {"k_pid_pos": [9.999999747378752e-05, 1.0, 0.0], "k_pid_alt": [1.9096291065216064, 1.0, 0.007164895534515381], "k_pid_att": [100.0, 0.8617790341377258, 0.0], "k_pid_yaw": [0.5, 1e-06, 0.1], "k_pid_hsp": [9.999999747378752e-05, 0.02376425266265869, 0.12349477410316467], "k_pid_vsp": [0.0, 400.0, 363.5613098144531]}, "datetime": {"datetime": "2025-08-20 16:12:28", "elapsed": 15602.944145917892, "delta": 22.192654848098755}, "costs": {"total_cost": 2768.304058759459, "time_cost": 150, "final_distance_cost": 478.78790589973545, "oscillation_cost": 376.8590308338104, "completition_cost": 1000.0, "overshoot_cost": 723.3744620241673, "power_cost": 21.78314071044922, "noise_cost": 17.499519291297077, "n_waypoints_completed": 0, "tot_waypoints": 9}}
{"target": -1494.0957306044202, "params": {"k_pid_pos": [9.999999747378752e-05, 0.9590388536453247, 0.0], "k_pid_alt": [2.0, 1.0, 0.07330489158630371], "k_pid_att": [97.13578033447266, 9.999999747378752e-05, 0.0], "k_pid_yaw": [0.5, 1e-06, 0.1], "k_pid_hsp": [0.3845025897026062, 0.0, 0.0], "k_pid_vsp": [0.0, 400.0, 400.0]}, "datetime": {"datetime": "2025-08-20 16:12:50", "elapsed": 15625.311916351318, "delta": 22.367770433425903}, "costs": {"total_cost": 1494.0957306044202, "time_cost": 150, "final_distance_cost": 16.054783477148188, "oscillation_cost": 60.92244941699792, "completition_cost": 1000.0, "overshoot_cost": 139.85932989088394, "power_cost": 32.32928020019531, "noise_cost": 94.92988761919499, "n_waypoints_completed": 0, "tot_waypoints": 9}}
{"target": -1901.4236657266338, "params": {"k_pid_pos": [9.999999747378752e-05, 0.9874328374862671, 0.0], "k_pid_alt": [2.0, 0.8880294561386108, 0.08070826530456543], "k_pid_att": [96.21139526367188, 9.999999747378752e-05, 0.033480048179626465], "k_pid_yaw": [0.5, 1e-06, 0.1], "k_pid_hsp": [9.999999747378752e-05, 9.903311729431152e-05, 0.0], "k_pid_vsp": [3.1897902488708496, 390.9687194824219, 369.8525085449219]}, "datetime": {"datetime": "2025-08-20 16:13:13", "elapsed": 15648.062858581543, "delta": 22.75094223022461}, "costs": {"total_cost": 1901.4236657266338, "time_cost": 150, "final_distance_cost": 330.1668457132816, "oscillation_cost": 30.284105386023988, "completition_cost": 1000.0, "overshoot_cost": 366.5855146558423, "power_cost": 11.375737426757812, "noise_cost": 13.01146254472802, "n_waypoints_completed": 0, "tot_waypoints": 9}}
{"target": -1875.49108225289, "params": {"k_pid_pos": [9.999999747378752e-05, 1.0, 0.0], "k_pid_alt": [1.9371178150177002, 0.9731215238571167, 0.0], "k_pid_att": [99.54818725585938, 0.19891197979450226, 0.010429054498672485], "k_pid_yaw": [0.5, 1e-06, 0.1], "k_pid_hsp": [9.999999747378752e-05, 0.0, 0.008610010147094727], "k_pid_vsp": [0.0, 386.8087158203125, 398.6691589355469]}, "datetime": {"datetime": "2025-08-20 16:13:35", "elapsed": 15669.914393663406, "delta": 21.851535081863403}, "costs": {"total_cost": 1875.49108225289, "time_cost": 150, "final_distance_cost": 337.4582549900156, "oscillation_cost": 27.942876214928877, "completition_cost": 888.8888888888888, "overshoot_cost": 406.3491239427306, "power_cost": 37.868181701660156, "noise_cost": 26.983756514665757, "n_waypoints_completed": 1, "tot_waypoints": 9}}
{"target": -1917.8255487711524, "params": {"k_pid_pos": [0.08254829794168472, 0.9884467124938965, 0.0], "k_pid_alt": [1.8258056640625, 1.0, 0.04619446396827698], "k_pid_att": [100.0, 0.1559160053730011, 0.04069980978965759], "k_pid_yaw": [0.5, 1e-06, 0.1], "k_pid_hsp": [9.999999747378752e-05, 0.0, 0.0], "k_pid_vsp": [0.0, 389.6142578125, 400.0]}, "datetime": {"datetime": "2025-08-20 16:13:57", "elapsed": 15691.86540222168, "delta": 21.951008558273315}, "costs": {"total_cost": 1917.8255487711524, "time_cost": 150, "final_distance_cost": 334.9393365942962, "oscillation_cost": 30.950781874959326, "completition_cost": 1000.0, "overshoot_cost": 376.08438680363, "power_cost": 11.83710498046875, "noise_cost": 14.01393851779842, "n_waypoints_completed": 0, "tot_waypoints": 9}}
{"target": -1474.3580676900594, "params": {"k_pid_pos": [9.999999747378752e-05, 0.9517760276794434, 0.0], "k_pid_alt": [2.0, 0.9783996343612671, 0.0], "k_pid_att": [100.0, 0.32071730494499207, 0.11153101921081543], "k_pid_yaw": [0.5, 1e-06, 0.1], "k_pid_hsp": [0.23992076516151428, 0.0, 0.0], "k_pid_vsp": [0.0, 400.0, 400.0]}, "datetime": {"datetime": "2025-08-20 16:14:19", "elapsed": 15714.24960231781, "delta": 22.38420009613037}, "costs": {"total_cost": 1474.3580676900594, "time_cost": 150, "final_distance_cost": 2.071788382962034, "oscillation_cost": 56.76754819761628, "completition_cost": 1000.0, "overshoot_cost": 140.12679547657876, "power_cost": 31.726313391113283, "noise_cost": 93.6656222417891, "n_waypoints_completed": 0, "tot_waypoints": 9}}
{"target": -1480.6219242352672, "params": {"k_pid_pos": [9.999999747378752e-05, 0.9931883811950684, 0.0], "k_pid_alt": [1.8428895473480225, 1.0, 0.08080986142158508], "k_pid_att": [100.0, 1.3541672229766846, 0.0], "k_pid_yaw": [0.5, 1e-06, 0.1], "k_pid_hsp": [0.2570616900920868, 0.007817625999450684, 0.027958780527114868], "k_pid_vsp": [0.0, 367.4672546386719, 389.9914245605469]}, "datetime": {"datetime": "2025-08-20 16:14:42", "elapsed": 15736.734227180481, "delta": 22.4846248626709}, "costs": {"total_cost": 1480.6219242352672, "time_cost": 150, "final_distance_cost": 4.560750235308081, "oscillation_cost": 90.01636431701235, "completition_cost": 1000.0, "overshoot_cost": 139.80733421933814, "power_cost": 24.853097009277345, "noise_cost": 71.38437845433143, "n_waypoints_completed": 0, "tot_waypoints": 9}}
{"target": -1478.350897602293, "params": {"k_pid_pos": [0.033171236515045166, 0.9947867393493652, 0.0], "k_pid_alt": [1.9883131980895996, 0.9618536829948425, 0.06808757781982422], "k_pid_att": [94.35420989990234, 0.33957424759864807, 0.0], "k_pid_yaw": [0.5, 1e-06, 0.1], "k_pid_hsp": [0.4047715365886688, 0.0, 0.050567805767059326], "k_pid_vsp": [2.9060840606689453, 397.95770263671875, 361.5567626953125]}, "datetime": {"datetime": "2025-08-20 16:15:05", "elapsed": 15759.518748044968, "delta": 22.784520864486694}, "costs": {"total_cost": 1478.350897602293, "time_cost": 150, "final_distance_cost": 15.654428654434733, "oscillation_cost": 122.13652762225612, "completition_cost": 1000.0, "overshoot_cost": 130.482743890455, "power_cost": 24.257210375976562, "noise_cost": 35.81998705917074, "n_waypoints_completed": 0, "tot_waypoints": 9}}
{"target": -1430.4382583757401, "params": {"k_pid_pos": [0.03343050554394722, 1.0, 0.053209930658340454], "k_pid_alt": [2.0, 0.9032317996025085, 0.005669921636581421], "k_pid_att": [97.05742645263672, 9.999999747378752e-05, 0.0], "k_pid_yaw": [0.5, 1e-06, 0.1], "k_pid_hsp": [0.5330331921577454, 0.0, 0.0], "k_pid_vsp": [0.0, 359.1685485839844, 364.0495300292969]}, "datetime": {"datetime": "2025-08-20 16:15:27", "elapsed": 15781.530802488327, "delta": 22.012054443359375}, "costs": {"total_cost": 1430.4382583757401, "time_cost": 150, "final_distance_cost": 12.475554426390271, "oscillation_cost": 66.46810937069831, "completition_cost": 1000.0, "overshoot_cost": 139.4687698916274, "power_cost": 13.213694384765626, "noise_cost": 48.81213030225873, "n_waypoints_completed": 0, "tot_waypoints": 9}}
{"target": -1953.887346315446, "params": {"k_pid_pos": [0.03396918252110481, 1.0, 0.0], "k_pid_alt": [2.0, 1.0, 0.08165019750595093], "k_pid_att": [99.517333984375, 0.36591267585754395, 0.0], "k_pid_yaw": [0.5, 1e-06, 0.1], "k_pid_hsp": [9.999999747378752e-05, 0.0, 0.0], "k_pid_vsp": [0.0, 384.81927490234375, 400.0]}, "datetime": {"datetime": "2025-08-20 16:15:48", "elapsed": 15803.437608718872, "delta": 21.906806230545044}, "costs": {"total_cost": 1953.887346315446, "time_cost": 150, "final_distance_cost": 335.76522092336745, "oscillation_cost": 25.26203710362983, "completition_cost": 1000.0, "overshoot_cost": 376.45147422809373, "power_cost": 37.85779310302735, "noise_cost": 28.550820957327726, "n_waypoints_completed": 0, "tot_waypoints": 9}}
{"target": -1389.1035118800714, "params": {"k_pid_pos": [0.10165253281593323, 0.9964268803596497, 0.008952617645263672], "k_pid_alt": [1.915461778640747, 1.0, 0.08368486166000366], "k_pid_att": [97.90030670166016, 0.6146124005317688, 0.11021885275840759], "k_pid_yaw": [0.5, 1e-06, 0.1], "k_pid_hsp": [0.00658164219930768, 0.01765379309654236, 0.0], "k_pid_vsp": [40.37517166137695, 400.0, 400.0]}, "datetime": {"datetime": "2025-08-20 16:16:11", "elapsed": 15825.698757886887, "delta": 22.261149168014526}, "costs": {"total_cost": 1389.1035118800714, "time_cost": 150, "final_distance_cost": 79.53530006924389, "oscillation_cost": 31.458805033568847, "completition_cost": 1000.0, "overshoot_cost": 89.91652437332594, "power_cost": 19.290584497070313, "noise_cost": 18.90229790686253, "n_waypoints_completed": 0, "tot_waypoints": 9}}
{"target": -1485.8566138934877, "params": {"k_pid_pos": [9.999999747378752e-05, 1.0, 0.013129502534866333], "k_pid_alt": [2.0, 1.0, 0.0], "k_pid_att": [96.54887390136719, 0.03330571576952934, 0.07949745655059814], "k_pid_yaw": [0.5, 1e-06, 0.1], "k_pid_hsp": [0.31389951705932617, 0.0, 0.0], "k_pid_vsp": [0.0, 400.0, 400.0]}, "datetime": {"datetime": "2025-08-20 16:16:33", "elapsed": 15847.956812858582, "delta": 22.258054971694946}, "costs": {"total_cost": 1485.8566138934877, "time_cost": 150, "final_distance_cost": 8.586080620038496, "oscillation_cost": 58.16787100719156, "completition_cost": 1000.0, "overshoot_cost": 140.12659332445097, "power_cost": 32.76876088867188, "noise_cost": 96.2073080531348, "n_waypoints_completed": 0, "tot_waypoints": 9}}
{"target": -1420.841614856511, "params": {"k_pid_pos": [9.999999747378752e-05, 0.9775422811508179, 0.0], "k_pid_alt": [1.917873740196228, 1.0, 0.0], "k_pid_att": [100.0, 0.3514983355998993, 0.0], "k_pid_yaw": [0.5, 1e-06, 0.1], "k_pid_hsp": [0.780461847782135, 0.031401604413986206, 0.0], "k_pid_vsp": [0.0, 388.9683837890625, 400.0]}, "datetime": {"datetime": "2025-08-20 16:16:56", "elapsed": 15871.25753235817, "delta": 23.300719499588013}, "costs": {"total_cost": 1420.841614856511, "time_cost": 150, "final_distance_cost": 9.708516360835455, "oscillation_cost": 66.87615680046207, "completition_cost": 1000.0, "overshoot_cost": 139.72967037205666, "power_cost": 10.927216064453125, "noise_cost": 43.60005525870327, "n_waypoints_completed": 0, "tot_waypoints": 9}}
