{"target": -1478.6818005802468, "params": {"k_pid_pos": [0.11409253627061844, 1.0, 0.0], "k_pid_alt": [1.968719244003296, 0.9533037543296814, 0.07947039604187012], "k_pid_att": [92.97010040283203, 0.22109273076057434, 0.0776837170124054], "k_pid_yaw": [0.5, 1e-06, 0.1], "k_pid_hsp": [0.18315476179122925, 0.04955306649208069, 0.06663107872009277], "k_pid_vsp": [0.0, 400.0, 400.0]}, "datetime": {"datetime": "2025-08-20 18:09:29", "elapsed": 22623.950224161148, "delta": 22.087573528289795}, "costs": {"total_cost": 1478.6818005802468, "time_cost": 150, "final_distance_cost": 23.339758989685308, "oscillation_cost": 133.9784813723664, "completition_cost": 1000.0, "overshoot_cost": 126.0336610192249, "power_cost": 17.941508630371093, "noise_cost": 27.388390568599082, "n_waypoints_completed": 0, "tot_waypoints": 9}}
{"target": -4613.23946475075, "params": {"k_pid_pos": [0.01407468318939209, 1.0, 0.06320267915725708], "k_pid_alt": [2.0, 1.0, 0.012308359146118164], "k_pid_att": [92.47450256347656, 0.5304872393608093, 0.0], "k_pid_yaw": [0.5, 1e-06, 0.1], "k_pid_hsp": [9.999999747378752e-05, 0.0, 0.031344980001449585], "k_pid_vsp": [0.0, 400.0, 400.0]}, "datetime": {"datetime": "2025-08-20 18:09:51", "elapsed": 22646.038731336594, "delta": 22.088507175445557}, "costs": {"total_cost": 4613.23946475075, "time_cost": 150, "final_distance_cost": 1300.7105474537993, "oscillation_cost": 62.80812978512972, "completition_cost": 1000.0, "overshoot_cost": 2066.9159724097444, "power_cost": 17.816476379394533, "noise_cost": 14.988338722682318, "n_waypoints_completed": 0, "tot_waypoints": 9}}
{"target": -1462.7675493400704, "params": {"k_pid_pos": [0.058504506945610046, 1.0, 0.0], "k_pid_alt": [2.0, 1.0, 0.03684568405151367], "k_pid_att": [93.6270980834961, 0.1849360316991806, 0.05187392234802246], "k_pid_yaw": [0.5, 1e-06, 0.1], "k_pid_hsp": [9.999999747378752e-05, 0.07712844014167786, 0.0], "k_pid_vsp": [0.0, 400.0, 395.81439208984375]}, "datetime": {"datetime": "2025-08-20 18:10:13", "elapsed": 22668.388018608093, "delta": 22.349287271499634}, "costs": {"total_cost": 1462.7675493400704, "time_cost": 150, "final_distance_cost": 12.553889964343224, "oscillation_cost": 43.94413780286538, "completition_cost": 1000.0, "overshoot_cost": 146.1724021795912, "power_cost": 27.311462622070312, "noise_cost": 82.78565677120022, "n_waypoints_completed": 0, "tot_waypoints": 9}}
{"target": -1385.8221375679238, "params": {"k_pid_pos": [9.999999747378752e-05, 1.0, 0.0], "k_pid_alt": [2.0, 0.9721658229827881, 0.0], "k_pid_att": [100.0, 0.5448613166809082, 0.0], "k_pid_yaw": [0.5, 1e-06, 0.1], "k_pid_hsp": [0.2532029151916504, 0.0, 0.0], "k_pid_vsp": [25.941503524780273, 384.69439697265625, 395.0279235839844]}, "datetime": {"datetime": "2025-08-20 18:10:35", "elapsed": 22690.384459733963, "delta": 21.99644112586975}, "costs": {"total_cost": 1385.8221375679238, "time_cost": 150, "final_distance_cost": 11.353397416708619, "oscillation_cost": 60.45716799693792, "completition_cost": 1000.0, "overshoot_cost": 140.40242977671156, "power_cost": 1.9042609008789064, "noise_cost": 21.704881476686655, "n_waypoints_completed": 0, "tot_waypoints": 9}}
{"target": -1416.5727173283901, "params": {"k_pid_pos": [0.1501593440771103, 1.0, 0.09825438261032104], "k_pid_alt": [2.0, 1.0, 0.012589901685714722], "k_pid_att": [93.70390319824219, 0.598145604133606, 0.026669949293136597], "k_pid_yaw": [0.5, 1e-06, 0.1], "k_pid_hsp": [0.7927262783050537, 0.02675420045852661, 0.0], "k_pid_vsp": [0.0, 382.03009033203125, 378.5811462402344]}, "datetime": {"datetime": "2025-08-20 18:10:57", "elapsed": 22712.415745019913, "delta": 22.031285285949707}, "costs": {"total_cost": 1416.5727173283901, "time_cost": 150, "final_distance_cost": 3.931235424823357, "oscillation_cost": 66.59055863927996, "completition_cost": 1000.0, "overshoot_cost": 138.70894428584725, "power_cost": 11.919120349121094, "noise_cost": 45.4228586293183, "n_waypoints_completed": 0, "tot_waypoints": 9}}
{"target": -3001.2149738766852, "params": {"k_pid_pos": [0.029332350939512253, 1.0, 0.0], "k_pid_alt": [2.0, 0.9302057027816772, 0.05518782138824463], "k_pid_att": [95.18049621582031, 9.999999747378752e-05, 0.0027003884315490723], "k_pid_yaw": [0.5, 1e-06, 0.1], "k_pid_hsp": [9.999999747378752e-05, 0.052604466676712036, 0.06530562043190002], "k_pid_vsp": [0.0, 395.7607727050781, 393.4664611816406]}, "datetime": {"datetime": "2025-08-20 18:11:21", "elapsed": 22735.55675959587, "delta": 23.141014575958252}, "costs": {"total_cost": 3001.2149738766852, "time_cost": 150, "final_distance_cost": 624.6337942161329, "oscillation_cost": 196.0522137001537, "completition_cost": 1000.0, "overshoot_cost": 990.918999527344, "power_cost": 21.968459228515627, "noise_cost": 17.64150720453889, "n_waypoints_completed": 0, "tot_waypoints": 9}}
{"target": -3958.608698980451, "params": {"k_pid_pos": [0.021882738918066025, 0.9752156734466553, 0.012405037879943848], "k_pid_alt": [2.0, 1.0, 0.15451037883758545], "k_pid_att": [98.58372497558594, 9.999999747378752e-05, 0.01168137788772583], "k_pid_yaw": [0.5, 1e-06, 0.1], "k_pid_hsp": [9.999999747378752e-05, 0.013767808675765991, 0.045258134603500366], "k_pid_vsp": [0.0, 387.1192321777344, 363.35162353515625]}, "datetime": {"datetime": "2025-08-20 18:11:43", "elapsed": 22757.73842382431, "delta": 22.18166422843933}, "costs": {"total_cost": 3958.608698980451, "time_cost": 150, "final_distance_cost": 1023.2187954470139, "oscillation_cost": 118.82793977310659, "completition_cost": 1000.0, "overshoot_cost": 1627.0504733242306, "power_cost": 21.9166546875, "noise_cost": 17.5948357486003, "n_waypoints_completed": 0, "tot_waypoints": 9}}
{"target": -1503.57219803597, "params": {"k_pid_pos": [9.999999747378752e-05, 0.9709022045135498, 0.10529613494873047], "k_pid_alt": [2.0, 1.0, 0.010913372039794922], "k_pid_att": [99.29788970947266, 0.5678488612174988, 0.0], "k_pid_yaw": [0.5, 1e-06, 0.1], "k_pid_hsp": [0.5421600937843323, 0.0, 0.0008301734924316406], "k_pid_vsp": [4.883432388305664, 396.4768981933594, 392.1770324707031]}, "datetime": {"datetime": "2025-08-20 18:12:05", "elapsed": 22780.11703968048, "delta": 22.378615856170654}, "costs": {"total_cost": 1503.57219803597, "time_cost": 150, "final_distance_cost": 10.999593402213318, "oscillation_cost": 62.58004576252027, "completition_cost": 1000.0, "overshoot_cost": 139.10161463216298, "power_cost": 36.23251599121094, "noise_cost": 104.65842824786235, "n_waypoints_completed": 0, "tot_waypoints": 9}}
{"target": -1442.8514188347617, "params": {"k_pid_pos": [9.999999747378752e-05, 1.0, 0.0], "k_pid_alt": [1.871891975402832, 1.0, 0.0], "k_pid_att": [92.26534271240234, 9.999999747378752e-05, 0.021777689456939697], "k_pid_yaw": [0.5, 1e-06, 0.1], "k_pid_hsp": [9.999999747378752e-05, 0.02693098783493042, 0.018655776977539062], "k_pid_vsp": [0.0, 396.31243896484375, 400.0]}, "datetime": {"datetime": "2025-08-20 18:12:27", "elapsed": 22802.485913038254, "delta": 22.368873357772827}, "costs": {"total_cost": 1442.8514188347617, "time_cost": 150, "final_distance_cost": 115.3486682276148, "oscillation_cost": 30.340667953639283, "completition_cost": 1000.0, "overshoot_cost": 115.38520219506343, "power_cost": 15.633942297363282, "noise_cost": 16.142938161081045, "n_waypoints_completed": 0, "tot_waypoints": 9}}
{"target": -1475.2571795397132, "params": {"k_pid_pos": [0.022637832909822464, 1.0, 0.018478423357009888], "k_pid_alt": [2.0, 1.0, 0.0], "k_pid_att": [100.0, 9.999999747378752e-05, 0.03635558485984802], "k_pid_yaw": [0.5, 1e-06, 0.1], "k_pid_hsp": [9.999999747378752e-05, 0.057703226804733276, 0.026982039213180542], "k_pid_vsp": [0.0, 384.80224609375, 377.2527160644531]}, "datetime": {"datetime": "2025-08-20 18:12:51", "elapsed": 22825.980439901352, "delta": 23.494526863098145}, "costs": {"total_cost": 1475.2571795397132, "time_cost": 150, "final_distance_cost": 18.24847008909259, "oscillation_cost": 84.4369204400367, "completition_cost": 1000.0, "overshoot_cost": 147.86345691045798, "power_cost": 17.453512622070313, "noise_cost": 57.25481947805561, "n_waypoints_completed": 0, "tot_waypoints": 9}}
{"target": -1463.0932365366573, "params": {"k_pid_pos": [0.13554143905639648, 1.0, 0.0], "k_pid_alt": [2.0, 1.0, 0.0], "k_pid_att": [97.21343994140625, 9.999999747378752e-05, 0.012792021036148071], "k_pid_yaw": [0.5, 1e-06, 0.1], "k_pid_hsp": [9.999999747378752e-05, 0.056325286626815796, 0.014496803283691406], "k_pid_vsp": [0.0, 390.6593322753906, 370.56182861328125]}, "datetime": {"datetime": "2025-08-20 18:13:14", "elapsed": 22848.596131324768, "delta": 22.615691423416138}, "costs": {"total_cost": 1463.0932365366573, "time_cost": 150, "final_distance_cost": 26.586369063675882, "oscillation_cost": 37.55931807760901, "completition_cost": 1000.0, "overshoot_cost": 148.7388798981745, "power_cost": 24.359716015625, "noise_cost": 75.84895348157286, "n_waypoints_completed": 0, "tot_waypoints": 9}}
{"target": -1911.8411598556295, "params": {"k_pid_pos": [0.12146740406751633, 1.0, 0.0], "k_pid_alt": [2.0, 0.9641766548156738, 0.022405803203582764], "k_pid_att": [100.0, 0.5682428479194641, 0.0], "k_pid_yaw": [0.5, 1e-06, 0.1], "k_pid_hsp": [9.999999747378752e-05, 0.0, 0.0], "k_pid_vsp": [0.29120445251464844, 400.0, 400.0]}, "datetime": {"datetime": "2025-08-20 18:13:36", "elapsed": 22871.224749565125, "delta": 22.628618240356445}, "costs": {"total_cost": 1911.8411598556295, "time_cost": 150, "final_distance_cost": 333.0481587120228, "oscillation_cost": 30.80546446371095, "completition_cost": 1000.0, "overshoot_cost": 370.8263433064052, "power_cost": 12.080015466308595, "noise_cost": 15.08117790718166, "n_waypoints_completed": 0, "tot_waypoints": 9}}
{"target": -1388.6345222934915, "params": {"k_pid_pos": [9.999999747378752e-05, 0.9422441720962524, 0.0], "k_pid_alt": [2.0, 0.9905556440353394, 0.059758663177490234], "k_pid_att": [95.01720428466797, 9.999999747378752e-05, 0.0], "k_pid_yaw": [0.5, 1e-06, 0.1], "k_pid_hsp": [0.31853222846984863, 0.1205156147480011, 0.0], "k_pid_vsp": [17.361831665039062, 400.0, 400.0]}, "datetime": {"datetime": "2025-08-20 18:13:59", "elapsed": 22893.61699295044, "delta": 22.39224338531494}, "costs": {"total_cost": 1388.6345222934915, "time_cost": 150, "final_distance_cost": 13.160167696156494, "oscillation_cost": 60.67043547448293, "completition_cost": 1000.0, "overshoot_cost": 141.4470858684594, "power_cost": 1.9301797485351564, "noise_cost": 21.42665350585719, "n_waypoints_completed": 0, "tot_waypoints": 9}}
{"target": -3234.1925235571075, "params": {"k_pid_pos": [9.999999747378752e-05, 1.0, 0.01763978600502014], "k_pid_alt": [1.9671530723571777, 0.9945845603942871, 0.005431860685348511], "k_pid_att": [87.4156723022461, 0.6219383478164673, 0.0], "k_pid_yaw": [0.5, 1e-06, 0.1], "k_pid_hsp": [9.999999747378752e-05, 0.0, 0.05687674880027771], "k_pid_vsp": [0.0, 400.0, 400.0]}, "datetime": {"datetime": "2025-08-20 18:14:22", "elapsed": 22917.32007956505, "delta": 23.703086614608765}, "costs": {"total_cost": 3234.1925235571075, "time_cost": 150, "final_distance_cost": 698.8862277026011, "oscillation_cost": 264.83482802529477, "completition_cost": 1000.0, "overshoot_cost": 1081.0420328844175, "power_cost": 21.81232935791016, "noise_cost": 17.617105586884186, "n_waypoints_completed": 0, "tot_waypoints": 9}}
{"target": -1451.5553620590163, "params": {"k_pid_pos": [0.17397014796733856, 1.0, 0.0], "k_pid_alt": [1.9592485427856445, 0.9660052061080933, 0.0], "k_pid_att": [95.26163482666016, 0.489614337682724, 0.0], "k_pid_yaw": [0.5, 1e-06, 0.1], "k_pid_hsp": [0.2046763002872467, 0.004199713468551636, 0.0475882887840271], "k_pid_vsp": [13.606082916259766, 398.0516662597656, 400.0]}, "datetime": {"datetime": "2025-08-20 18:14:46", "elapsed": 22940.91444349289, "delta": 23.594363927841187}, "costs": {"total_cost": 1451.5553620590163, "time_cost": 150, "final_distance_cost": 12.170521959831532, "oscillation_cost": 112.7714127579892, "completition_cost": 1000.0, "overshoot_cost": 124.98845120104129, "power_cost": 22.088579650878906, "noise_cost": 29.53639648927529, "n_waypoints_completed": 0, "tot_waypoints": 9}}
{"target": -1409.532544459287, "params": {"k_pid_pos": [0.07423922419548035, 0.9368411302566528, 0.0], "k_pid_alt": [1.9973695278167725, 1.0, 0.01211276650428772], "k_pid_att": [100.0, 0.8277284502983093, 0.0], "k_pid_yaw": [0.5, 1e-06, 0.1], "k_pid_hsp": [0.2787277400493622, 0.0, 0.0], "k_pid_vsp": [16.86159324645996, 386.3513488769531, 387.2124328613281]}, "datetime": {"datetime": "2025-08-20 18:15:08", "elapsed": 22963.457823991776, "delta": 22.54338049888611}, "costs": {"total_cost": 1409.532544459287, "time_cost": 150, "final_distance_cost": 13.443537933043018, "oscillation_cost": 62.198750627475995, "completition_cost": 1000.0, "overshoot_cost": 139.58602491640102, "power_cost": 7.981896887207031, "noise_cost": 36.322334095159825, "n_waypoints_completed": 0, "tot_waypoints": 9}}
{"target": -1900.7356401083136, "params": {"k_pid_pos": [0.04738694801926613, 1.0, 0.0], "k_pid_alt": [2.0, 1.0, 0.05399024486541748], "k_pid_att": [92.49772644042969, 0.41303354501724243, 0.047539860010147095], "k_pid_yaw": [0.5, 1e-06, 0.1], "k_pid_hsp": [9.999999747378752e-05, 0.0, 0.0], "k_pid_vsp": [0.0, 373.6734924316406, 400.0]}, "datetime": {"datetime": "2025-08-20 18:15:30", "elapsed": 22985.290372133255, "delta": 21.832548141479492}, "costs": {"total_cost": 1900.7356401083136, "time_cost": 150, "final_distance_cost": 328.5808045223717, "oscillation_cost": 29.104032348198935, "completition_cost": 1000.0, "overshoot_cost": 367.3460180546964, "power_cost": 11.836820422363282, "noise_cost": 13.867964760683757, "n_waypoints_completed": 0, "tot_waypoints": 9}}
{"target": -1421.474171548751, "params": {"k_pid_pos": [0.07970243692398071, 0.9496248960494995, 0.039485275745391846], "k_pid_alt": [2.0, 0.988896906375885, 0.0], "k_pid_att": [94.99601745605469, 0.5845427513122559, 0.0], "k_pid_yaw": [0.5, 1e-06, 0.1], "k_pid_hsp": [9.999999747378752e-05, 0.0324288010597229, 0.0], "k_pid_vsp": [14.09764289855957, 400.0, 396.1912536621094]}, "datetime": {"datetime": "2025-08-20 18:15:53", "elapsed": 23008.166358709335, "delta": 22.875986576080322}, "costs": {"total_cost": 1421.474171548751, "time_cost": 150, "final_distance_cost": 52.70520431306726, "oscillation_cost": 28.23783665420433, "completition_cost": 1000.0, "overshoot_cost": 119.09786428543649, "power_cost": 37.12603962402344, "noise_cost": 34.307226672019375, "n_waypoints_completed": 0, "tot_waypoints": 9}}
{"target": -2444.8321958476595, "params": {"k_pid_pos": [9.999999747378752e-05, 0.925041913986206, 0.04892855882644653], "k_pid_alt": [2.0, 0.9409774541854858, 0.0], "k_pid_att": [100.0, 9.999999747378752e-05, 0.0], "k_pid_yaw": [0.5, 1e-06, 0.1], "k_pid_hsp": [9.999999747378752e-05, 0.0, 0.1290663778781891], "k_pid_vsp": [0.8080840110778809, 400.0, 378.1992492675781]}, "datetime": {"datetime": "2025-08-20 18:16:16", "elapsed": 23031.50207233429, "delta": 23.335713624954224}, "costs": {"total_cost": 2444.8321958476595, "time_cost": 150, "final_distance_cost": 337.70558520214075, "oscillation_cost": 377.6324847333455, "completition_cost": 1000.0, "overshoot_cost": 540.4847402713439, "power_cost": 21.630440637207034, "noise_cost": 17.3789450036226, "n_waypoints_completed": 0, "tot_waypoints": 9}}
{"target": -3734.2699803337646, "params": {"k_pid_pos": [0.10017196834087372, 0.9729297757148743, 0.0], "k_pid_alt": [2.0, 1.0, 0.0], "k_pid_att": [93.7240982055664, 0.24624326825141907, 0.03211706876754761], "k_pid_yaw": [0.5, 1e-06, 0.1], "k_pid_hsp": [9.999999747378752e-05, 0.03408893942832947, 0.04034814238548279], "k_pid_vsp": [11.39019775390625, 400.0, 400.0]}, "datetime": {"datetime": "2025-08-20 18:16:39", "elapsed": 23053.84512615204, "delta": 22.343053817749023}, "costs": {"total_cost": 3734.2699803337646, "time_cost": 150, "final_distance_cost": 935.55419976146, "oscillation_cost": 113.50030727807011, "completition_cost": 1000.0, "overshoot_cost": 1495.477044826305, "power_cost": 21.89574763183594, "noise_cost": 17.842680836093248, "n_waypoints_completed": 0, "tot_waypoints": 9}}
{"target": -1941.476761276427, "params": {"k_pid_pos": [0.23620115220546722, 0.9622772932052612, 0.0], "k_pid_alt": [2.0, 1.0, 0.05167418718338013], "k_pid_att": [100.0, 9.999999747378752e-05, 0.08930563926696777], "k_pid_yaw": [0.5, 1e-06, 0.1], "k_pid_hsp": [9.999999747378752e-05, 0.0, 0.0], "k_pid_vsp": [10.706782341003418, 400.0, 391.9754638671875]}, "datetime": {"datetime": "2025-08-20 18:17:02", "elapsed": 23076.585849285126, "delta": 22.740723133087158}, "costs": {"total_cost": 1941.476761276427, "time_cost": 150, "final_distance_cost": 330.97937865606815, "oscillation_cost": 24.51179947272855, "completition_cost": 1000.0, "overshoot_cost": 369.76990731054684, "power_cost": 37.82719405517578, "noise_cost": 28.38848178190755, "n_waypoints_completed": 0, "tot_waypoints": 9}}
{"target": -1518.7033460150055, "params": {"k_pid_pos": [9.999999747378752e-05, 1.0, 0.0], "k_pid_alt": [2.0, 0.9943587183952332, 0.025418251752853394], "k_pid_att": [96.46469116210938, 0.31530675292015076, 0.0024571120738983154], "k_pid_yaw": [0.5, 1e-06, 0.1], "k_pid_hsp": [0.46709680557250977, 0.09072411060333252, 0.0900331437587738], "k_pid_vsp": [0.0, 395.6125183105469, 400.0]}, "datetime": {"datetime": "2025-08-20 18:17:25", "elapsed": 23099.707325696945, "delta": 23.121476411819458}, "costs": {"total_cost": 1518.7033460150055, "time_cost": 150, "final_distance_cost": 21.615447745180827, "oscillation_cost": 155.74676540350362, "completition_cost": 1000.0, "overshoot_cost": 135.23020835829078, "power_cost": 19.318009521484377, "noise_cost": 36.79291498654593, "n_waypoints_completed": 0, "tot_waypoints": 9}}
{"target": -1943.293293606412, "params": {"k_pid_pos": [9.999999747378752e-05, 0.9231666922569275, 0.0], "k_pid_alt": [1.8608520030975342, 0.9442874193191528, 0.0], "k_pid_att": [100.0, 0.2992839813232422, 0.09724488854408264], "k_pid_yaw": [0.5, 1e-06, 0.1], "k_pid_hsp": [9.999999747378752e-05, 0.003337681293487549, 0.0], "k_pid_vsp": [12.073648452758789, 400.0, 353.63922119140625]}, "datetime": {"datetime": "2025-08-20 18:17:46", "elapsed": 23120.953532218933, "delta": 21.246206521987915}, "costs": {"total_cost": 1943.293293606412, "time_cost": 150, "final_distance_cost": 329.17296762770803, "oscillation_cost": 24.93642786532585, "completition_cost": 1000.0, "overshoot_cost": 373.6631426139187, "power_cost": 37.86897012939453, "noise_cost": 27.651785370064864, "n_waypoints_completed": 0, "tot_waypoints": 9}}
{"target": -3932.9639684364133, "params": {"k_pid_pos": [9.999999747378752e-05, 0.9512211680412292, 0.0], "k_pid_alt": [1.7298132181167603, 1.0, 0.0], "k_pid_att": [100.0, 9.999999747378752e-05, 0.02606058120727539], "k_pid_yaw": [0.5, 1e-06, 0.1], "k_pid_hsp": [9.999999747378752e-05, 0.0, 0.03516969084739685], "k_pid_vsp": [23.64141845703125, 397.6213073730469, 388.0998229980469]}, "datetime": {"datetime": "2025-08-20 18:18:09", "elapsed": 23143.89166212082, "delta": 22.938129901885986}, "costs": {"total_cost": 3932.9639684364133, "time_cost": 150, "final_distance_cost": 974.1852116637182, "oscillation_cost": 99.8089335206338, "completition_cost": 1000.0, "overshoot_cost": 1675.347031576724, "power_cost": 18.00905791015625, "noise_cost": 15.613733765180932, "n_waypoints_completed": 0, "tot_waypoints": 9}}
{"target": -1446.0202239097284, "params": {"k_pid_pos": [9.999999747378752e-05, 1.0, 0.027086079120635986], "k_pid_alt": [1.8490854501724243, 1.0, 0.01707923412322998], "k_pid_att": [100.0, 0.4974910020828247, 0.0], "k_pid_yaw": [0.5, 1e-06, 0.1], "k_pid_hsp": [9.999999747378752e-05, 0.03593030571937561, 0.0], "k_pid_vsp": [0.0, 400.0, 394.311767578125]}, "datetime": {"datetime": "2025-08-20 18:18:31", "elapsed": 23166.267241954803, "delta": 22.375579833984375}, "costs": {"total_cost": 1446.0202239097284, "time_cost": 150, "final_distance_cost": 38.02375774108049, "oscillation_cost": 32.93658171012336, "completition_cost": 1000.0, "overshoot_cost": 156.69924167201592, "power_cost": 17.727990844726563, "noise_cost": 50.63265194178217, "n_waypoints_completed": 0, "tot_waypoints": 9}}
{"target": -1462.0849681611696, "params": {"k_pid_pos": [0.19024558365345, 1.0, 0.013852983713150024], "k_pid_alt": [1.9408717155456543, 1.0, 0.0024596750736236572], "k_pid_att": [100.0, 0.9347317218780518, 0.0], "k_pid_yaw": [0.5, 1e-06, 0.1], "k_pid_hsp": [0.24317306280136108, 0.0, 0.03732270002365112], "k_pid_vsp": [0.0, 380.61260986328125, 382.11968994140625]}, "datetime": {"datetime": "2025-08-20 18:18:54", "elapsed": 23189.01227259636, "delta": 22.745030641555786}, "costs": {"total_cost": 1462.0849681611696, "time_cost": 150, "final_distance_cost": 18.51889913233715, "oscillation_cost": 81.94585536733705, "completition_cost": 1000.0, "overshoot_cost": 134.36021662166957, "power_cost": 23.955067712402347, "noise_cost": 53.30492932742343, "n_waypoints_completed": 0, "tot_waypoints": 9}}
{"target": -1460.2383360798058, "params": {"k_pid_pos": [0.03238878771662712, 0.9655834436416626, 0.0], "k_pid_alt": [2.0, 0.9798588752746582, 0.028650999069213867], "k_pid_att": [100.0, 0.43907785415649414, 0.0], "k_pid_yaw": [0.5, 1e-06, 0.1], "k_pid_hsp": [0.28912508487701416, 0.004805564880371094, 0.036375999450683594], "k_pid_vsp": [0.0, 400.0, 400.0]}, "datetime": {"datetime": "2025-08-20 18:19:17", "elapsed": 23211.689801454544, "delta": 22.677528858184814}, "costs": {"total_cost": 1460.2383360798058, "time_cost": 150, "final_distance_cost": 18.901052296962007, "oscillation_cost": 92.37618142747455, "completition_cost": 1000.0, "overshoot_cost": 134.86081590981613, "power_cost": 18.777255969238283, "noise_cost": 45.323030476315, "n_waypoints_completed": 0, "tot_waypoints": 9}}
