{"target": -2760.763383736864, "params": {"k_pid_pos": [9.999999747378752e-05, 1.0, 0.017142027616500854], "k_pid_alt": [1.8626497983932495, 1.0, 0.11114436388015747], "k_pid_att": [100.0, 9.999999747378752e-05, 0.07297614216804504], "k_pid_yaw": [0.5, 1e-06, 0.1], "k_pid_hsp": [9.999999747378752e-05, 0.042013853788375854, 0.033935993909835815], "k_pid_vsp": [0.0, 358.18505859375, 400.0]}, "datetime": {"datetime": "2025-08-20 19:11:00", "elapsed": 26315.146087169647, "delta": 22.743305444717407}, "costs": {"total_cost": 2760.763383736864, "time_cost": 150, "final_distance_cost": 622.7012366725344, "oscillation_cost": 84.33545575993014, "completition_cost": 1000.0, "overshoot_cost": 869.2301230397736, "power_cost": 18.70681571044922, "noise_cost": 15.789752554177143, "n_waypoints_completed": 0, "tot_waypoints": 9}}
{"target": -1445.2696459040053, "params": {"k_pid_pos": [0.048580411821603775, 1.0, 0.029550254344940186], "k_pid_alt": [1.9441945552825928, 1.0, 0.050994694232940674], "k_pid_att": [100.0, 0.1403590589761734, 0.0], "k_pid_yaw": [0.5, 1e-06, 0.1], "k_pid_hsp": [0.4248831272125244, 0.0, 0.0030942559242248535], "k_pid_vsp": [0.0, 400.0, 400.0]}, "datetime": {"datetime": "2025-08-20 19:11:23", "elapsed": 26337.94090127945, "delta": 22.794814109802246}, "costs": {"total_cost": 1445.2696459040053, "time_cost": 150, "final_distance_cost": 15.146122897023089, "oscillation_cost": 71.9910136964884, "completition_cost": 1000.0, "overshoot_cost": 140.32523680098413, "power_cost": 14.847668823242188, "noise_cost": 52.959603686267435, "n_waypoints_completed": 0, "tot_waypoints": 9}}
{"target": -3692.7661597997994, "params": {"k_pid_pos": [0.007978207431733608, 1.0, 0.050431519746780396], "k_pid_alt": [1.9779469966888428, 1.0, 0.0], "k_pid_att": [100.0, 9.999999747378752e-05, 0.02679768204689026], "k_pid_yaw": [0.5, 1e-06, 0.1], "k_pid_hsp": [9.999999747378752e-05, 0.0, 0.054439157247543335], "k_pid_vsp": [0.0, 377.0107421875, 399.8804931640625]}, "datetime": {"datetime": "2025-08-20 19:11:46", "elapsed": 26360.801513195038, "delta": 22.86061191558838}, "costs": {"total_cost": 3692.7661597997994, "time_cost": 150, "final_distance_cost": 913.0321557124671, "oscillation_cost": 147.98906663037297, "completition_cost": 1000.0, "overshoot_cost": 1441.7648142853452, "power_cost": 22.171568188476563, "noise_cost": 17.808554983138116, "n_waypoints_completed": 0, "tot_waypoints": 9}}
{"target": -1416.155649835621, "params": {"k_pid_pos": [0.12656520307064056, 0.9255822896957397, 0.0], "k_pid_alt": [2.0, 0.9487732648849487, 0.045699477195739746], "k_pid_att": [100.0, 9.999999747378752e-05, 0.02014949917793274], "k_pid_yaw": [0.5, 1e-06, 0.1], "k_pid_hsp": [1.1474708318710327, 0.0798826813697815, 0.0], "k_pid_vsp": [15.171599388122559, 368.5951843261719, 388.566162109375]}, "datetime": {"datetime": "2025-08-20 19:12:09", "elapsed": 26384.377170801163, "delta": 23.575657606124878}, "costs": {"total_cost": 1416.155649835621, "time_cost": 150, "final_distance_cost": 11.53598289498591, "oscillation_cost": 71.01370391836208, "completition_cost": 1000.0, "overshoot_cost": 138.66960302628152, "power_cost": 8.133390283203125, "noise_cost": 36.80296971278826, "n_waypoints_completed": 0, "tot_waypoints": 9}}
{"target": -1934.6394310259661, "params": {"k_pid_pos": [0.01972152292728424, 1.0, 0.05260583758354187], "k_pid_alt": [2.0, 1.0, 0.019002974033355713], "k_pid_att": [100.0, 9.999999747378752e-05, 0.00616222620010376], "k_pid_yaw": [0.5, 1e-06, 0.1], "k_pid_hsp": [9.999999747378752e-05, 0.0, 0.0], "k_pid_vsp": [0.0, 400.0, 400.0]}, "datetime": {"datetime": "2025-08-20 19:12:31", "elapsed": 26406.330243825912, "delta": 21.953073024749756}, "costs": {"total_cost": 1934.6394310259661, "time_cost": 150, "final_distance_cost": 341.044286796054, "oscillation_cost": 31.011577257833466, "completition_cost": 1000.0, "overshoot_cost": 387.19399789495816, "power_cost": 11.652786364746094, "noise_cost": 13.736782712374355, "n_waypoints_completed": 0, "tot_waypoints": 9}}
{"target": -1459.9158604369788, "params": {"k_pid_pos": [9.999999747378752e-05, 1.0, 0.03402981162071228], "k_pid_alt": [2.0, 0.9905790090560913, 0.043486565351486206], "k_pid_att": [100.0, 0.22304745018482208, 0.0], "k_pid_yaw": [0.5, 1e-06, 0.1], "k_pid_hsp": [1.2296087741851807, 0.029278188943862915, 0.005806148052215576], "k_pid_vsp": [0.0, 400.0, 400.0]}, "datetime": {"datetime": "2025-08-20 19:12:55", "elapsed": 26429.578899621964, "delta": 23.248655796051025}, "costs": {"total_cost": 1459.9158604369788, "time_cost": 150, "final_distance_cost": 14.424223843196193, "oscillation_cost": 69.69666371666271, "completition_cost": 1000.0, "overshoot_cost": 139.48148113633354, "power_cost": 20.31841608886719, "noise_cost": 65.99507565191931, "n_waypoints_completed": 0, "tot_waypoints": 9}}
{"target": -1418.8230791231265, "params": {"k_pid_pos": [0.03965548053383827, 0.9380799531936646, 0.017608046531677246], "k_pid_alt": [2.0, 1.0, 0.02884003520011902], "k_pid_att": [100.0, 0.3228866159915924, 0.002377450466156006], "k_pid_yaw": [0.5, 1e-06, 0.1], "k_pid_hsp": [9.999999747378752e-05, 0.03206586837768555, 0.0], "k_pid_vsp": [0.0, 383.1001892089844, 376.5879211425781]}, "datetime": {"datetime": "2025-08-20 19:13:18", "elapsed": 26453.228528738022, "delta": 23.64962911605835}, "costs": {"total_cost": 1418.8230791231265, "time_cost": 150, "final_distance_cost": 54.94050054062265, "oscillation_cost": 28.444671578676207, "completition_cost": 1000.0, "overshoot_cost": 114.46017894962581, "power_cost": 37.91468416748047, "noise_cost": 33.06304388672135, "n_waypoints_completed": 0, "tot_waypoints": 9}}
{"target": -1961.4575634687335, "params": {"k_pid_pos": [9.999999747378752e-05, 0.952682614326477, 0.04903024435043335], "k_pid_alt": [1.9476006031036377, 1.0, 0.09638947248458862], "k_pid_att": [95.19801330566406, 0.8534106612205505, 0.0], "k_pid_yaw": [0.5, 1e-06, 0.1], "k_pid_hsp": [9.999999747378752e-05, 0.0, 0.0], "k_pid_vsp": [6.592035293579102, 400.0, 400.0]}, "datetime": {"datetime": "2025-08-20 19:13:41", "elapsed": 26475.63042283058, "delta": 22.401894092559814}, "costs": {"total_cost": 1961.4575634687335, "time_cost": 150, "final_distance_cost": 337.9599577780123, "oscillation_cost": 24.811335320597127, "completition_cost": 1000.0, "overshoot_cost": 383.031693088961, "power_cost": 37.867849523925784, "noise_cost": 27.786727757237237, "n_waypoints_completed": 0, "tot_waypoints": 9}}
{"target": -1472.3060088137872, "params": {"k_pid_pos": [0.12634126842021942, 1.0, 0.0], "k_pid_alt": [1.9179561138153076, 0.9580920934677124, 0.05403837561607361], "k_pid_att": [98.53243255615234, 0.45021605491638184, 0.0], "k_pid_yaw": [0.5, 1e-06, 0.1], "k_pid_hsp": [1.1386862993240356, 0.0015279948711395264, 0.005530953407287598], "k_pid_vsp": [0.0, 380.05169677734375, 381.30303955078125]}, "datetime": {"datetime": "2025-08-20 19:14:03", "elapsed": 26498.492341041565, "delta": 22.861918210983276}, "costs": {"total_cost": 1472.3060088137872, "time_cost": 150, "final_distance_cost": 7.594683047707484, "oscillation_cost": 75.15163097690801, "completition_cost": 1000.0, "overshoot_cost": 139.1873563904539, "power_cost": 24.43434051513672, "noise_cost": 75.93799788358118, "n_waypoints_completed": 0, "tot_waypoints": 9}}
{"target": -1404.667859601059, "params": {"k_pid_pos": [0.09124697744846344, 0.9221746325492859, 0.0], "k_pid_alt": [2.0, 1.0, 0.026942014694213867], "k_pid_att": [96.13404846191406, 0.35225173830986023, 0.0], "k_pid_yaw": [0.5, 1e-06, 0.1], "k_pid_hsp": [0.4776631295681, 0.0, 0.0], "k_pid_vsp": [0.0, 400.0, 389.7255554199219]}, "datetime": {"datetime": "2025-08-20 19:14:26", "elapsed": 26521.064227104187, "delta": 22.57188606262207}, "costs": {"total_cost": 1404.667859601059, "time_cost": 150, "final_distance_cost": 9.26775652924644, "oscillation_cost": 66.04078935417158, "completition_cost": 1000.0, "overshoot_cost": 139.11561536224394, "power_cost": 6.845386340332031, "noise_cost": 33.39831201506505, "n_waypoints_completed": 0, "tot_waypoints": 9}}
{"target": -1488.9001208442558, "params": {"k_pid_pos": [0.04117150977253914, 1.0, 0.012795954942703247], "k_pid_alt": [1.9613044261932373, 0.8389782905578613, 0.0], "k_pid_att": [95.38433837890625, 0.4512495696544647, 0.019083023071289062], "k_pid_yaw": [0.5, 1e-06, 0.1], "k_pid_hsp": [0.4405515491962433, 0.0, 0.04046061635017395], "k_pid_vsp": [0.0, 390.1923522949219, 398.080810546875]}, "datetime": {"datetime": "2025-08-20 19:14:49", "elapsed": 26543.83011507988, "delta": 22.76588797569275}, "costs": {"total_cost": 1488.9001208442558, "time_cost": 150, "final_distance_cost": 12.084730189734369, "oscillation_cost": 104.11764159302032, "completition_cost": 1000.0, "overshoot_cost": 135.5834538997152, "power_cost": 28.856044287109377, "noise_cost": 58.25825087467656, "n_waypoints_completed": 0, "tot_waypoints": 9}}
{"target": -1483.1783432777704, "params": {"k_pid_pos": [9.999999747378752e-05, 1.0, 0.0], "k_pid_alt": [2.0, 0.9853748679161072, 0.0], "k_pid_att": [98.53229522705078, 9.999999747378752e-05, 0.0], "k_pid_yaw": [0.5, 1e-06, 0.1], "k_pid_hsp": [0.8067454099655151, 0.06659793853759766, 0.0], "k_pid_vsp": [0.0, 396.6138000488281, 396.8243103027344]}, "datetime": {"datetime": "2025-08-20 19:15:11", "elapsed": 26566.365390777588, "delta": 22.53527569770813}, "costs": {"total_cost": 1483.1783432777704, "time_cost": 150, "final_distance_cost": 10.361385457549744, "oscillation_cost": 67.3554684414443, "completition_cost": 1000.0, "overshoot_cost": 139.6660814725411, "power_cost": 28.889477990722657, "noise_cost": 86.90592991551262, "n_waypoints_completed": 0, "tot_waypoints": 9}}
{"target": -1336.719311929956, "params": {"k_pid_pos": [9.999999747378752e-05, 1.0, 0.022839874029159546], "k_pid_alt": [2.0, 1.0, 0.015910297632217407], "k_pid_att": [100.0, 0.30332961678504944, 0.0], "k_pid_yaw": [0.5, 1e-06, 0.1], "k_pid_hsp": [9.999999747378752e-05, 0.03212845325469971, 0.0], "k_pid_vsp": [4.986238479614258, 347.99951171875, 400.0]}, "datetime": {"datetime": "2025-08-20 19:15:35", "elapsed": 26589.838182210922, "delta": 23.47279143333435}, "costs": {"total_cost": 1336.719311929956, "time_cost": 150, "final_distance_cost": 63.60707184132547, "oscillation_cost": 28.901311849663742, "completition_cost": 888.8888888888888, "overshoot_cost": 134.4415870568604, "power_cost": 37.91905665283203, "noise_cost": 32.96139564038535, "n_waypoints_completed": 1, "tot_waypoints": 9}}
{"target": -1953.3627059056628, "params": {"k_pid_pos": [0.036936331540346146, 1.0, 0.0], "k_pid_alt": [1.9879250526428223, 0.9634457230567932, 0.0], "k_pid_att": [100.0, 0.6251509785652161, 0.0044837892055511475], "k_pid_yaw": [0.5, 1e-06, 0.1], "k_pid_hsp": [9.999999747378752e-05, 0.0, 0.0], "k_pid_vsp": [9.768688201904297, 400.0, 391.7259521484375]}, "datetime": {"datetime": "2025-08-20 19:15:57", "elapsed": 26612.398744106293, "delta": 22.560561895370483}, "costs": {"total_cost": 1953.3627059056628, "time_cost": 150, "final_distance_cost": 335.761832069795, "oscillation_cost": 25.124512820331134, "completition_cost": 1000.0, "overshoot_cost": 376.3508644773288, "power_cost": 37.840237170410155, "noise_cost": 28.285259367797934, "n_waypoints_completed": 0, "tot_waypoints": 9}}
{"target": -1487.6646788952366, "params": {"k_pid_pos": [0.000884953944478184, 0.9771889448165894, 0.0], "k_pid_alt": [2.0, 0.960767388343811, 0.0], "k_pid_att": [92.91146850585938, 0.19164922833442688, 0.0], "k_pid_yaw": [0.5, 1e-06, 0.1], "k_pid_hsp": [0.555281937122345, 0.0, 0.0], "k_pid_vsp": [0.44835805892944336, 384.3147888183594, 400.0]}, "datetime": {"datetime": "2025-08-20 19:16:19", "elapsed": 26634.080183267593, "delta": 21.68143916130066}, "costs": {"total_cost": 1487.6646788952366, "time_cost": 150, "final_distance_cost": 16.9785168602687, "oscillation_cost": 61.91067987135605, "completition_cost": 1000.0, "overshoot_cost": 139.8047552982876, "power_cost": 29.910713439941407, "noise_cost": 89.06001342538299, "n_waypoints_completed": 0, "tot_waypoints": 9}}
{"target": -1497.9126601778048, "params": {"k_pid_pos": [0.07606619596481323, 0.9862951040267944, 0.07100209593772888], "k_pid_alt": [2.0, 1.0, 0.014184504747390747], "k_pid_att": [94.259521484375, 9.999999747378752e-05, 0.04703313112258911], "k_pid_yaw": [0.5, 1e-06, 0.1], "k_pid_hsp": [0.355172336101532, 0.0, 0.0], "k_pid_vsp": [27.760135650634766, 400.0, 376.7686767578125]}, "datetime": {"datetime": "2025-08-20 19:16:43", "elapsed": 26657.639268636703, "delta": 23.559085369110107}, "costs": {"total_cost": 1497.9126601778048, "time_cost": 150, "final_distance_cost": 10.759849449918441, "oscillation_cost": 60.88430403529797, "completition_cost": 1000.0, "overshoot_cost": 139.29420174546192, "power_cost": 35.148859509277344, "noise_cost": 101.82544543784896, "n_waypoints_completed": 0, "tot_waypoints": 9}}
{"target": -2102.645555544641, "params": {"k_pid_pos": [9.999999747378752e-05, 1.0, 0.062406688928604126], "k_pid_alt": [2.0, 0.9191084504127502, 0.05647176504135132], "k_pid_att": [100.0, 0.10849711298942566, 0.06649026274681091], "k_pid_yaw": [0.5, 1e-06, 0.1], "k_pid_hsp": [9.999999747378752e-05, 0.0007975399494171143, 0.015562891960144043], "k_pid_vsp": [0.0, 382.2705383300781, 388.454833984375]}, "datetime": {"datetime": "2025-08-20 19:17:05", "elapsed": 26680.34895658493, "delta": 22.70968794822693}, "costs": {"total_cost": 2102.645555544641, "time_cost": 150, "final_distance_cost": 389.388993969419, "oscillation_cost": 34.481608758924914, "completition_cost": 1000.0, "overshoot_cost": 464.1658949471353, "power_cost": 38.01228779296875, "noise_cost": 26.596770076193014, "n_waypoints_completed": 0, "tot_waypoints": 9}}
{"target": -1481.4741155323036, "params": {"k_pid_pos": [0.11607614159584045, 1.0, 0.02643224596977234], "k_pid_alt": [1.976933479309082, 0.9752641916275024, 0.0], "k_pid_att": [100.0, 9.999999747378752e-05, 0.0], "k_pid_yaw": [0.5, 1e-06, 0.1], "k_pid_hsp": [0.07454277575016022, 0.0, 0.0], "k_pid_vsp": [0.0, 387.57647705078125, 377.6496887207031]}, "datetime": {"datetime": "2025-08-20 19:17:30", "elapsed": 26704.81507372856, "delta": 24.46611714363098}, "costs": {"total_cost": 1481.4741155323036, "time_cost": 150, "final_distance_cost": 9.108320339809726, "oscillation_cost": 49.36123470890027, "completition_cost": 1000.0, "overshoot_cost": 140.05793871667387, "power_cost": 33.96331850585938, "noise_cost": 98.98330326106034, "n_waypoints_completed": 0, "tot_waypoints": 9}}
{"target": -1447.044151007961, "params": {"k_pid_pos": [0.11616804450750351, 1.0, 0.0], "k_pid_alt": [2.0, 1.0, 0.012889564037322998], "k_pid_att": [100.0, 0.5634765625, 0.0], "k_pid_yaw": [0.5, 1e-06, 0.1], "k_pid_hsp": [9.999999747378752e-05, 0.03655886650085449, 0.0], "k_pid_vsp": [0.0, 400.0, 400.0]}, "datetime": {"datetime": "2025-08-20 19:17:52", "elapsed": 26727.38366484642, "delta": 22.568591117858887}, "costs": {"total_cost": 1447.044151007961, "time_cost": 150, "final_distance_cost": 39.51419450559636, "oscillation_cost": 33.13175405037552, "completition_cost": 1000.0, "overshoot_cost": 156.96879268611295, "power_cost": 17.099405578613283, "noise_cost": 50.33000418726312, "n_waypoints_completed": 0, "tot_waypoints": 9}}
{"target": -1957.304057932173, "params": {"k_pid_pos": [9.999999747378752e-05, 0.9801397323608398, 0.02216285467147827], "k_pid_alt": [1.9702142477035522, 1.0, 0.0], "k_pid_att": [96.42839050292969, 0.19921208918094635, 0.0], "k_pid_yaw": [0.5, 1e-06, 0.1], "k_pid_hsp": [9.999999747378752e-05, 0.0, 0.00044232606887817383], "k_pid_vsp": [0.0, 400.0, 371.0943298339844]}, "datetime": {"datetime": "2025-08-20 19:18:14", "elapsed": 26749.298763513565, "delta": 21.915098667144775}, "costs": {"total_cost": 1957.304057932173, "time_cost": 150, "final_distance_cost": 348.93823316389376, "oscillation_cost": 30.596256654363266, "completition_cost": 1000.0, "overshoot_cost": 404.6567073846197, "power_cost": 11.02811688232422, "noise_cost": 12.084743846972026, "n_waypoints_completed": 0, "tot_waypoints": 9}}
{"target": -1978.3410436926943, "params": {"k_pid_pos": [0.11297279596328735, 0.9739675521850586, 0.025428473949432373], "k_pid_alt": [1.8680059909820557, 0.9784579277038574, 0.04708006978034973], "k_pid_att": [100.0, 0.20174704492092133, 0.0], "k_pid_yaw": [0.5, 1e-06, 0.1], "k_pid_hsp": [9.999999747378752e-05, 0.0, 0.0], "k_pid_vsp": [27.115774154663086, 392.43853759765625, 389.575927734375]}, "datetime": {"datetime": "2025-08-20 19:18:37", "elapsed": 26772.50085759163, "delta": 23.202094078063965}, "costs": {"total_cost": 1978.3410436926943, "time_cost": 150, "final_distance_cost": 344.08254828608256, "oscillation_cost": 25.31652076682631, "completition_cost": 1000.0, "overshoot_cost": 393.4459049619855, "power_cost": 37.8638637084961, "noise_cost": 27.632205969303588, "n_waypoints_completed": 0, "tot_waypoints": 9}}
{"target": -1508.0130855344617, "params": {"k_pid_pos": [0.05995199456810951, 1.0, 0.0], "k_pid_alt": [2.0, 0.9159160852432251, 0.013254553079605103], "k_pid_att": [100.0, 0.22130879759788513, 0.021429479122161865], "k_pid_yaw": [0.5, 1e-06, 0.1], "k_pid_hsp": [0.31734907627105713, 0.0, 0.0], "k_pid_vsp": [0.0, 400.0, 400.0]}, "datetime": {"datetime": "2025-08-20 19:19:00", "elapsed": 26794.878309488297, "delta": 22.37745189666748}, "costs": {"total_cost": 1508.0130855344617, "time_cost": 150, "final_distance_cost": 16.28579574853624, "oscillation_cost": 58.17757904130977, "completition_cost": 1000.0, "overshoot_cost": 139.8902722497327, "power_cost": 37.04139342041016, "noise_cost": 106.61804507447256, "n_waypoints_completed": 0, "tot_waypoints": 9}}
{"target": -1502.6658179378362, "params": {"k_pid_pos": [0.14408117532730103, 1.0, 0.03058221936225891], "k_pid_alt": [2.0, 1.0, 0.0], "k_pid_att": [100.0, 9.999999747378752e-05, 0.0], "k_pid_yaw": [0.5, 1e-06, 0.1], "k_pid_hsp": [0.40757858753204346, 0.0, 0.0], "k_pid_vsp": [0.0, 348.3466491699219, 400.0]}, "datetime": {"datetime": "2025-08-20 19:19:23", "elapsed": 26818.17186498642, "delta": 23.29355549812317}, "costs": {"total_cost": 1502.6658179378362, "time_cost": 150, "final_distance_cost": 16.000415708745507, "oscillation_cost": 60.59335239818993, "completition_cost": 1000.0, "overshoot_cost": 139.2240851881377, "power_cost": 35.097301818847654, "noise_cost": 101.75066282391556, "n_waypoints_completed": 0, "tot_waypoints": 9}}
{"target": -1473.5405436073295, "params": {"k_pid_pos": [9.999999747378752e-05, 0.9262855052947998, 0.07036280632019043], "k_pid_alt": [2.0, 1.0, 0.026939451694488525], "k_pid_att": [95.58686828613281, 9.999999747378752e-05, 0.03662869334220886], "k_pid_yaw": [0.5, 1e-06, 0.1], "k_pid_hsp": [9.999999747378752e-05, 0.05782514810562134, 0.0], "k_pid_vsp": [0.0, 397.297119140625, 400.0]}, "datetime": {"datetime": "2025-08-20 19:19:46", "elapsed": 26840.689821243286, "delta": 22.517956256866455}, "costs": {"total_cost": 1473.5405436073295, "time_cost": 150, "final_distance_cost": 25.640823722218915, "oscillation_cost": 36.001513043648025, "completition_cost": 1000.0, "overshoot_cost": 149.41639638535904, "power_cost": 28.087995837402346, "noise_cost": 84.39381461870107, "n_waypoints_completed": 0, "tot_waypoints": 9}}
{"target": -1404.2778433131564, "params": {"k_pid_pos": [0.04410981014370918, 1.0, 0.034076839685440063], "k_pid_alt": [2.0, 0.9758017659187317, 0.0], "k_pid_att": [100.0, 0.21774597465991974, 0.0], "k_pid_yaw": [0.5, 1e-06, 0.1], "k_pid_hsp": [0.28141945600509644, 0.0, 0.0], "k_pid_vsp": [0.0, 400.0, 400.0]}, "datetime": {"datetime": "2025-08-20 19:20:07", "elapsed": 26862.233286857605, "delta": 21.543465614318848}, "costs": {"total_cost": 1404.2778433131564, "time_cost": 150, "final_distance_cost": 17.25411008792354, "oscillation_cost": 62.485071498654634, "completition_cost": 1000.0, "overshoot_cost": 139.77720718545316, "power_cost": 5.193052795410156, "noise_cost": 29.568401745715036, "n_waypoints_completed": 0, "tot_waypoints": 9}}
{"target": -1452.0949395853559, "params": {"k_pid_pos": [0.11575578153133392, 1.0, 0.0], "k_pid_alt": [1.855210304260254, 0.9442093372344971, 0.0], "k_pid_att": [99.2942123413086, 9.999999747378752e-05, 0.0], "k_pid_yaw": [0.5, 1e-06, 0.1], "k_pid_hsp": [0.270682692527771, 0.0636606216430664, 0.017841428518295288], "k_pid_vsp": [9.682453155517578, 396.5268249511719, 400.0]}, "datetime": {"datetime": "2025-08-20 19:20:30", "elapsed": 26884.866053819656, "delta": 22.63276696205139}, "costs": {"total_cost": 1452.0949395853559, "time_cost": 150, "final_distance_cost": 2.6053774525634767, "oscillation_cost": 83.13826867279023, "completition_cost": 1000.0, "overshoot_cost": 141.11430732931268, "power_cost": 17.10824774169922, "noise_cost": 58.128738388990385, "n_waypoints_completed": 0, "tot_waypoints": 9}}
{"target": -1505.539040865779, "params": {"k_pid_pos": [0.08431286364793777, 1.0, 0.0019594132900238037], "k_pid_alt": [2.0, 0.9835644960403442, 0.0], "k_pid_att": [98.01361083984375, 9.999999747378752e-05, 0.0], "k_pid_yaw": [0.5, 1e-06, 0.1], "k_pid_hsp": [0.9944239854812622, 0.011698484420776367, 0.0], "k_pid_vsp": [9.174764633178711, 369.5513610839844, 389.099365234375]}, "datetime": {"datetime": "2025-08-20 19:20:52", "elapsed": 26907.483900785446, "delta": 22.617846965789795}, "costs": {"total_cost": 1505.539040865779, "time_cost": 150, "final_distance_cost": 13.82972631822666, "oscillation_cost": 62.441457204535205, "completition_cost": 1000.0, "overshoot_cost": 139.2843661182143, "power_cost": 36.050366564941406, "noise_cost": 103.9331246598612, "n_waypoints_completed": 0, "tot_waypoints": 9}}
