{"target": -1436.0627639430843, "params": {"k_pid_pos": [0.07919254153966904, 0.9697566032409668, 0.0], "k_pid_alt": [1.8121529817581177, 0.9172543287277222, 0.0], "k_pid_att": [100.0, 9.999999747378752e-05, 0.0], "k_pid_yaw": [0.5, 1e-06, 0.1], "k_pid_hsp": [0.03523271530866623, 0.03587520122528076, 0.0], "k_pid_vsp": [0.0, 395.1448974609375, 369.21392822265625]}, "datetime": {"datetime": "2025-08-20 21:47:05", "elapsed": 35679.789768218994, "delta": 22.181730270385742}, "costs": {"total_cost": 1436.0627639430843, "time_cost": 150, "final_distance_cost": 21.096626917001515, "oscillation_cost": 44.90367463321774, "completition_cost": 1000.0, "overshoot_cost": 143.97974480525122, "power_cost": 17.356253649902346, "noise_cost": 58.726463937711564, "n_waypoints_completed": 0, "tot_waypoints": 9}}
{"target": -1460.4829469603726, "params": {"k_pid_pos": [0.15877333283424377, 1.0, 0.050045013427734375], "k_pid_alt": [2.0, 0.9774459004402161, 0.0], "k_pid_att": [100.0, 9.999999747378752e-05, 0.030189216136932373], "k_pid_yaw": [0.5, 1e-06, 0.1], "k_pid_hsp": [1.1350823640823364, 0.007396489381790161, 0.0], "k_pid_vsp": [0.0, 400.0, 400.0]}, "datetime": {"datetime": "2025-08-20 21:47:30", "elapsed": 35704.997351408005, "delta": 25.20758318901062}, "costs": {"total_cost": 1460.4829469603726, "time_cost": 150, "final_distance_cost": 9.901398058554133, "oscillation_cost": 67.29476088849496, "completition_cost": 1000.0, "overshoot_cost": 138.81355289179407, "power_cost": 22.63171326904297, "noise_cost": 71.8415218524864, "n_waypoints_completed": 0, "tot_waypoints": 9}}
{"target": -1435.5247557951723, "params": {"k_pid_pos": [0.034810103476047516, 0.9377163648605347, 0.031127214431762695], "k_pid_alt": [2.0, 1.0, 0.05158400535583496], "k_pid_att": [95.45703125, 9.999999747378752e-05, 0.04028743505477905], "k_pid_yaw": [0.5, 1e-06, 0.1], "k_pid_hsp": [0.10065769404172897, 0.05010885000228882, 0.0], "k_pid_vsp": [29.762327194213867, 398.0865783691406, 362.13104248046875]}, "datetime": {"datetime": "2025-08-20 21:47:53", "elapsed": 35727.86275100708, "delta": 22.865399599075317}, "costs": {"total_cost": 1435.5247557951723, "time_cost": 150, "final_distance_cost": 10.825673884100247, "oscillation_cost": 52.608131753555874, "completition_cost": 1000.0, "overshoot_cost": 142.0755688075958, "power_cost": 18.456010791015625, "noise_cost": 61.55937055890474, "n_waypoints_completed": 0, "tot_waypoints": 9}}
{"target": -1467.8965592727368, "params": {"k_pid_pos": [9.999999747378752e-05, 1.0, 0.0], "k_pid_alt": [2.0, 1.0, 0.0], "k_pid_att": [100.0, 9.999999747378752e-05, 0.0], "k_pid_yaw": [0.5, 1e-06, 0.1], "k_pid_hsp": [0.2927120625972748, 0.021528124809265137, 0.03118056058883667], "k_pid_vsp": [0.2852320671081543, 400.0, 399.7024841308594]}, "datetime": {"datetime": "2025-08-20 21:48:16", "elapsed": 35751.22535443306, "delta": 23.362603425979614}, "costs": {"total_cost": 1467.8965592727368, "time_cost": 150, "final_distance_cost": 15.86740460758848, "oscillation_cost": 90.770997929587, "completition_cost": 1000.0, "overshoot_cost": 139.41227661633278, "power_cost": 18.284855688476565, "noise_cost": 53.56102443075223, "n_waypoints_completed": 0, "tot_waypoints": 9}}
{"target": -1944.491765936813, "params": {"k_pid_pos": [0.05779071897268295, 0.9913734197616577, 0.02784094214439392], "k_pid_alt": [1.9149155616760254, 1.0, 0.026155322790145874], "k_pid_att": [100.0, 0.34295856952667236, 0.0], "k_pid_yaw": [0.5, 1e-06, 0.1], "k_pid_hsp": [9.999999747378752e-05, 0.0, 0.018855631351470947], "k_pid_vsp": [0.0, 399.45977783203125, 366.1488952636719]}, "datetime": {"datetime": "2025-08-20 21:48:40", "elapsed": 35774.544523477554, "delta": 23.31916904449463}, "costs": {"total_cost": 1944.491765936813, "time_cost": 150, "final_distance_cost": 349.52431367296674, "oscillation_cost": 18.82731559966759, "completition_cost": 1000.0, "overshoot_cost": 403.18249870510766, "power_cost": 10.948039379882813, "noise_cost": 12.009598579187882, "n_waypoints_completed": 0, "tot_waypoints": 9}}
{"target": -1486.3237545752863, "params": {"k_pid_pos": [0.03719804435968399, 0.9782203435897827, 0.0], "k_pid_alt": [2.0, 0.9611201882362366, 0.019510984420776367], "k_pid_att": [100.0, 9.999999747378752e-05, 0.06937623023986816], "k_pid_yaw": [0.5, 1e-06, 0.1], "k_pid_hsp": [0.7214159965515137, 0.0, 0.0], "k_pid_vsp": [2.671802043914795, 400.0, 399.8770446777344]}, "datetime": {"datetime": "2025-08-20 21:49:03", "elapsed": 35798.1378903389, "delta": 23.593366861343384}, "costs": {"total_cost": 1486.3237545752863, "time_cost": 150, "final_distance_cost": 9.061341426771982, "oscillation_cost": 63.55331127362493, "completition_cost": 1000.0, "overshoot_cost": 139.54113022355818, "power_cost": 31.412060473632813, "noise_cost": 92.75591117769844, "n_waypoints_completed": 0, "tot_waypoints": 9}}
{"target": -1459.6673634593358, "params": {"k_pid_pos": [0.09430788457393646, 1.0, 0.0], "k_pid_alt": [2.0, 0.9864543080329895, 0.0], "k_pid_att": [96.36907196044922, 9.999999747378752e-05, 0.02600330114364624], "k_pid_yaw": [0.5, 1e-06, 0.1], "k_pid_hsp": [0.4119618833065033, 0.0, 0.033680081367492676], "k_pid_vsp": [0.0, 373.15972900390625, 400.0]}, "datetime": {"datetime": "2025-08-20 21:49:25", "elapsed": 35819.77299833298, "delta": 21.63510799407959}, "costs": {"total_cost": 1459.6673634593358, "time_cost": 150, "final_distance_cost": 8.825488871012093, "oscillation_cost": 86.57622315005514, "completition_cost": 1000.0, "overshoot_cost": 138.4656756508377, "power_cost": 18.948808044433594, "noise_cost": 56.85116774299715, "n_waypoints_completed": 0, "tot_waypoints": 9}}
{"target": -1969.2633553342139, "params": {"k_pid_pos": [0.10921622812747955, 1.0, 0.0732259750366211], "k_pid_alt": [1.7984590530395508, 0.9302624464035034, 0.05542951822280884], "k_pid_att": [99.10806274414062, 9.999999747378752e-05, 0.03741037845611572], "k_pid_yaw": [0.5, 1e-06, 0.1], "k_pid_hsp": [9.999999747378752e-05, 0.002712041139602661, 0.0], "k_pid_vsp": [11.141407012939453, 396.5029296875, 362.529052734375]}, "datetime": {"datetime": "2025-08-20 21:49:48", "elapsed": 35842.59754920006, "delta": 22.82455086708069}, "costs": {"total_cost": 1969.2633553342139, "time_cost": 150, "final_distance_cost": 339.1522043542127, "oscillation_cost": 25.361175106211544, "completition_cost": 1000.0, "overshoot_cost": 389.7240017340197, "power_cost": 37.886203503417974, "noise_cost": 27.13977063635184, "n_waypoints_completed": 0, "tot_waypoints": 9}}
{"target": -1464.718942923865, "params": {"k_pid_pos": [0.03406544029712677, 0.9834729433059692, 0.08406615257263184], "k_pid_alt": [1.9726312160491943, 0.9809653162956238, 0.0], "k_pid_att": [95.52499389648438, 0.12263549119234085, 0.0], "k_pid_yaw": [0.5, 1e-06, 0.1], "k_pid_hsp": [1.208038091659546, 0.0, 0.0], "k_pid_vsp": [0.0, 400.0, 400.0]}, "datetime": {"datetime": "2025-08-20 21:50:11", "elapsed": 35865.97472238541, "delta": 23.37717318534851}, "costs": {"total_cost": 1464.718942923865, "time_cost": 150, "final_distance_cost": 14.416366686195822, "oscillation_cost": 66.8205319483425, "completition_cost": 1000.0, "overshoot_cost": 138.94325406698792, "power_cost": 22.6991255859375, "noise_cost": 71.83966463640105, "n_waypoints_completed": 0, "tot_waypoints": 9}}
{"target": -1310.568222549361, "params": {"k_pid_pos": [0.13583402335643768, 0.9438334703445435, 0.022039473056793213], "k_pid_alt": [2.0, 1.0, 0.0], "k_pid_att": [99.84551239013672, 9.999999747378752e-05, 0.0567590594291687], "k_pid_yaw": [0.5, 1e-06, 0.1], "k_pid_hsp": [9.999999747378752e-05, 0.030272871255874634, 0.0], "k_pid_vsp": [37.230716705322266, 400.0, 360.90435791015625]}, "datetime": {"datetime": "2025-08-20 21:50:34", "elapsed": 35889.47408032417, "delta": 23.49935793876648}, "costs": {"total_cost": 1310.568222549361, "time_cost": 150, "final_distance_cost": 64.58462541662708, "oscillation_cost": 30.617651422543386, "completition_cost": 888.8888888888888, "overshoot_cost": 127.72037710057238, "power_cost": 24.842797204589846, "noise_cost": 23.913882516139424, "n_waypoints_completed": 1, "tot_waypoints": 9}}
{"target": -1438.679859440727, "params": {"k_pid_pos": [0.08489743620157242, 0.9843662977218628, 0.03342026472091675], "k_pid_alt": [1.869372010231018, 1.0, 0.014202982187271118], "k_pid_att": [98.8819351196289, 9.999999747378752e-05, 0.0], "k_pid_yaw": [0.5, 1e-06, 0.1], "k_pid_hsp": [1.072466254234314, 0.0, 0.0], "k_pid_vsp": [22.13528060913086, 397.03173828125, 400.0]}, "datetime": {"datetime": "2025-08-20 21:50:57", "elapsed": 35911.77968597412, "delta": 22.30560564994812}, "costs": {"total_cost": 1438.679859440727, "time_cost": 150, "final_distance_cost": 12.779159120496331, "oscillation_cost": 68.46181631280169, "completition_cost": 1000.0, "overshoot_cost": 139.0406244127115, "power_cost": 15.0222380859375, "noise_cost": 53.376021508779765, "n_waypoints_completed": 0, "tot_waypoints": 9}}
{"target": -1924.943996112894, "params": {"k_pid_pos": [0.0632772296667099, 0.9132553339004517, 0.07582053542137146], "k_pid_alt": [1.892684817314148, 1.0, 0.04686492681503296], "k_pid_att": [100.0, 9.999999747378752e-05, 0.052492737770080566], "k_pid_yaw": [0.5, 1e-06, 0.1], "k_pid_hsp": [9.999999747378752e-05, 0.0, 0.007247716188430786], "k_pid_vsp": [0.0, 386.724609375, 396.41064453125]}, "datetime": {"datetime": "2025-08-20 21:51:20", "elapsed": 35934.71718001366, "delta": 22.937494039535522}, "costs": {"total_cost": 1924.943996112894, "time_cost": 150, "final_distance_cost": 335.6666026776239, "oscillation_cost": 32.87868870509062, "completition_cost": 1000.0, "overshoot_cost": 383.13339641432276, "power_cost": 11.056245385742187, "noise_cost": 12.209062930114452, "n_waypoints_completed": 0, "tot_waypoints": 9}}
{"target": -1478.032129510862, "params": {"k_pid_pos": [9.999999747378752e-05, 1.0, 0.038868993520736694], "k_pid_alt": [2.0, 1.0, 0.0], "k_pid_att": [97.15914916992188, 0.46016961336135864, 0.0], "k_pid_yaw": [0.5, 1e-06, 0.1], "k_pid_hsp": [0.3459495007991791, 0.0, 0.005894839763641357], "k_pid_vsp": [6.7949652671813965, 374.3942565917969, 381.2628173828125]}, "datetime": {"datetime": "2025-08-20 21:51:43", "elapsed": 35957.74133658409, "delta": 23.02415657043457}, "costs": {"total_cost": 1478.032129510862, "time_cost": 150, "final_distance_cost": 21.308528914187484, "oscillation_cost": 80.00808373320396, "completition_cost": 1000.0, "overshoot_cost": 144.1963648962745, "power_cost": 19.12359459228516, "noise_cost": 63.39555737491096, "n_waypoints_completed": 0, "tot_waypoints": 9}}
{"target": -1494.6593519763942, "params": {"k_pid_pos": [9.999999747378752e-05, 1.0, 0.02480292320251465], "k_pid_alt": [2.0, 1.0, 0.07172930240631104], "k_pid_att": [93.3295669555664, 9.999999747378752e-05, 0.03818756341934204], "k_pid_yaw": [0.5, 1e-06, 0.1], "k_pid_hsp": [0.2106325328350067, 0.04674777388572693, 0.0], "k_pid_vsp": [0.0, 400.0, 396.01806640625]}, "datetime": {"datetime": "2025-08-20 21:52:07", "elapsed": 35982.231135845184, "delta": 24.48979926109314}, "costs": {"total_cost": 1494.6593519763942, "time_cost": 150, "final_distance_cost": 13.678290594105983, "oscillation_cost": 54.19338141198884, "completition_cost": 1000.0, "overshoot_cost": 141.23687537103254, "power_cost": 34.70848264160156, "noise_cost": 100.84232195766528, "n_waypoints_completed": 0, "tot_waypoints": 9}}
{"target": -1955.493420331502, "params": {"k_pid_pos": [9.999999747378752e-05, 1.0, 0.0018753111362457275], "k_pid_alt": [1.979664921760559, 0.9932425022125244, 0.04219675064086914], "k_pid_att": [100.0, 0.264343798160553, 0.049278080463409424], "k_pid_yaw": [0.5, 1e-06, 0.1], "k_pid_hsp": [9.999999747378752e-05, 0.0, 0.0], "k_pid_vsp": [0.0, 400.0, 380.9176025390625]}, "datetime": {"datetime": "2025-08-20 21:52:29", "elapsed": 36004.111334085464, "delta": 21.88019824028015}, "costs": {"total_cost": 1955.493420331502, "time_cost": 150, "final_distance_cost": 336.0385356307896, "oscillation_cost": 24.964882818886235, "completition_cost": 1000.0, "overshoot_cost": 378.4084711390298, "power_cost": 37.83527331542969, "noise_cost": 28.246257427366487, "n_waypoints_completed": 0, "tot_waypoints": 9}}
{"target": -2337.861790275968, "params": {"k_pid_pos": [9.999999747378752e-05, 1.0, 0.0], "k_pid_alt": [1.9293590784072876, 0.9169539213180542, 0.0], "k_pid_att": [93.32061767578125, 1.0321033000946045, 0.0], "k_pid_yaw": [0.5, 1e-06, 0.1], "k_pid_hsp": [9.999999747378752e-05, 0.0, 0.0878150463104248], "k_pid_vsp": [36.1710319519043, 400.0, 400.0]}, "datetime": {"datetime": "2025-08-20 21:52:54", "elapsed": 36028.63939213753, "delta": 24.52805805206299}, "costs": {"total_cost": 2337.861790275968, "time_cost": 150, "final_distance_cost": 275.0411301892735, "oscillation_cost": 424.45024452606964, "completition_cost": 1000.0, "overshoot_cost": 449.1599151944525, "power_cost": 21.797346228027344, "noise_cost": 17.413154138144826, "n_waypoints_completed": 0, "tot_waypoints": 9}}
{"target": -1929.6020812123945, "params": {"k_pid_pos": [0.09171079844236374, 0.9659499526023865, 0.003255873918533325], "k_pid_alt": [1.9301345348358154, 1.0, 0.0], "k_pid_att": [100.0, 9.999999747378752e-05, 0.012817829847335815], "k_pid_yaw": [0.5, 1e-06, 0.1], "k_pid_hsp": [9.999999747378752e-05, 0.0, 0.0], "k_pid_vsp": [0.0, 384.4642028808594, 389.7500915527344]}, "datetime": {"datetime": "2025-08-20 21:53:17", "elapsed": 36051.87174677849, "delta": 23.232354640960693}, "costs": {"total_cost": 1929.6020812123945, "time_cost": 150, "final_distance_cost": 339.21707479501856, "oscillation_cost": 31.031856968786432, "completition_cost": 1000.0, "overshoot_cost": 383.69639077609276, "power_cost": 11.738659643554689, "noise_cost": 13.91809902894202, "n_waypoints_completed": 0, "tot_waypoints": 9}}
{"target": -1481.2684529177777, "params": {"k_pid_pos": [9.999999747378752e-05, 0.9140806794166565, 0.041808366775512695], "k_pid_alt": [2.0, 1.0, 0.01924958825111389], "k_pid_att": [94.83174133300781, 9.999999747378752e-05, 0.0], "k_pid_yaw": [0.5, 1e-06, 0.1], "k_pid_hsp": [0.17700600624084473, 0.06855463981628418, 0.0], "k_pid_vsp": [0.0, 387.0274963378906, 386.5146484375]}, "datetime": {"datetime": "2025-08-20 21:53:39", "elapsed": 36073.53539776802, "delta": 21.66365098953247}, "costs": {"total_cost": 1481.2684529177777, "time_cost": 150, "final_distance_cost": 15.368619370827739, "oscillation_cost": 54.217831374453404, "completition_cost": 1000.0, "overshoot_cost": 141.27806549827642, "power_cost": 30.25828931884766, "noise_cost": 90.14564735537256, "n_waypoints_completed": 0, "tot_waypoints": 9}}
{"target": -1461.5116899984134, "params": {"k_pid_pos": [0.13594089448451996, 0.9828237891197205, 0.0], "k_pid_alt": [2.0, 0.9796762466430664, 0.01840907335281372], "k_pid_att": [95.4329833984375, 0.656022310256958, 0.04532349109649658], "k_pid_yaw": [0.5, 1e-06, 0.1], "k_pid_hsp": [0.09613464027643204, 0.015828609466552734, 0.0244448184967041], "k_pid_vsp": [9.247791290283203, 400.0, 359.8709411621094]}, "datetime": {"datetime": "2025-08-20 21:54:02", "elapsed": 36096.71645927429, "delta": 23.181061506271362}, "costs": {"total_cost": 1461.5116899984134, "time_cost": 150, "final_distance_cost": 1.0145472375863092, "oscillation_cost": 66.64580512883602, "completition_cost": 1000.0, "overshoot_cost": 140.352727684615, "power_cost": 26.00904580078125, "noise_cost": 77.48956414659493, "n_waypoints_completed": 0, "tot_waypoints": 9}}
{"target": -2790.350310214753, "params": {"k_pid_pos": [0.12291567027568817, 0.9221612215042114, 0.008129864931106567], "k_pid_alt": [1.8742587566375732, 1.0, 0.0784946084022522], "k_pid_att": [100.0, 0.1190631240606308, 0.0], "k_pid_yaw": [0.5, 1e-06, 0.1], "k_pid_hsp": [9.999999747378752e-05, 0.05046790838241577, 0.10219407081604004], "k_pid_vsp": [10.933232307434082, 383.0284423828125, 398.6508483886719]}, "datetime": {"datetime": "2025-08-20 21:54:26", "elapsed": 36120.68356132507, "delta": 23.96710205078125}, "costs": {"total_cost": 2790.350310214753, "time_cost": 150, "final_distance_cost": 449.4377675294617, "oscillation_cost": 410.5655517147025, "completition_cost": 1000.0, "overshoot_cost": 741.2712295637388, "power_cost": 21.651387805175784, "noise_cost": 17.424373601673643, "n_waypoints_completed": 0, "tot_waypoints": 9}}
{"target": -1497.088902049414, "params": {"k_pid_pos": [9.999999747378752e-05, 1.0, 0.0069398581981658936], "k_pid_alt": [2.0, 1.0, 0.0], "k_pid_att": [96.88063049316406, 9.999999747378752e-05, 0.04470264911651611], "k_pid_yaw": [0.5, 1e-06, 0.1], "k_pid_hsp": [0.44267016649246216, 0.046294212341308594, 0.0], "k_pid_vsp": [8.541643142700195, 400.0, 399.8424072265625]}, "datetime": {"datetime": "2025-08-20 21:54:49", "elapsed": 36143.81152820587, "delta": 23.12796688079834}, "costs": {"total_cost": 1497.088902049414, "time_cost": 150, "final_distance_cost": 11.192777883964075, "oscillation_cost": 59.31775701691245, "completition_cost": 1000.0, "overshoot_cost": 140.07376041059155, "power_cost": 34.957529797363286, "noise_cost": 101.54707694058249, "n_waypoints_completed": 0, "tot_waypoints": 9}}
{"target": -1447.2618179230078, "params": {"k_pid_pos": [0.00799894891679287, 1.0, 0.0695904791355133], "k_pid_alt": [2.0, 1.0, 0.0013813972473144531], "k_pid_att": [100.0, 9.999999747378752e-05, 0.0], "k_pid_yaw": [0.5, 1e-06, 0.1], "k_pid_hsp": [9.999999747378752e-05, 0.07819393277168274, 0.0233440101146698], "k_pid_vsp": [12.725424766540527, 360.1189270019531, 400.0]}, "datetime": {"datetime": "2025-08-20 21:55:11", "elapsed": 36166.2747426033, "delta": 22.46321439743042}, "costs": {"total_cost": 1447.2618179230078, "time_cost": 150, "final_distance_cost": 17.253881733218172, "oscillation_cost": 57.655040607143626, "completition_cost": 1000.0, "overshoot_cost": 145.32710644171158, "power_cost": 17.285600793457032, "noise_cost": 59.740188347477485, "n_waypoints_completed": 0, "tot_waypoints": 9}}
{"target": -1456.7024735595517, "params": {"k_pid_pos": [9.999999747378752e-05, 0.9360190629959106, 0.0], "k_pid_alt": [1.9578311443328857, 1.0, 0.045011430978775024], "k_pid_att": [94.45448303222656, 0.29389816522598267, 0.010282844305038452], "k_pid_yaw": [0.5, 1e-06, 0.1], "k_pid_hsp": [9.999999747378752e-05, 0.04963544011116028, 0.0], "k_pid_vsp": [0.0, 400.0, 394.2221984863281]}, "datetime": {"datetime": "2025-08-20 21:55:34", "elapsed": 36189.03993296623, "delta": 22.765190362930298}, "costs": {"total_cost": 1456.7024735595517, "time_cost": 150, "final_distance_cost": 33.20608943736141, "oscillation_cost": 34.2651692741763, "completition_cost": 1000.0, "overshoot_cost": 151.85475172620002, "power_cost": 20.9586609375, "noise_cost": 66.41780218431387, "n_waypoints_completed": 0, "tot_waypoints": 9}}
{"target": -1495.5627476173302, "params": {"k_pid_pos": [9.999999747378752e-05, 1.0, 0.0], "k_pid_alt": [2.0, 0.9048557877540588, 0.0], "k_pid_att": [92.69783782958984, 9.999999747378752e-05, 0.0], "k_pid_yaw": [0.5, 1e-06, 0.1], "k_pid_hsp": [0.6972376108169556, 0.028277844190597534, 0.03765067458152771], "k_pid_vsp": [0.0, 382.4343566894531, 357.0954284667969]}, "datetime": {"datetime": "2025-08-20 21:55:59", "elapsed": 36213.85160732269, "delta": 24.81167435646057}, "costs": {"total_cost": 1495.5627476173302, "time_cost": 150, "final_distance_cost": 13.366602840323587, "oscillation_cost": 96.14752172976797, "completition_cost": 1000.0, "overshoot_cost": 142.38438861164565, "power_cost": 27.455615112304688, "noise_cost": 66.20861932328827, "n_waypoints_completed": 0, "tot_waypoints": 9}}
{"target": -1956.894914213133, "params": {"k_pid_pos": [0.06792985647916794, 0.9695074558258057, 0.0], "k_pid_alt": [1.8777830600738525, 0.9290128946304321, 0.0438077449798584], "k_pid_att": [100.0, 0.2429957389831543, 0.017699390649795532], "k_pid_yaw": [0.5, 1e-06, 0.1], "k_pid_hsp": [9.999999747378752e-05, 0.0, 0.0], "k_pid_vsp": [0.0, 400.0, 386.14483642578125]}, "datetime": {"datetime": "2025-08-20 21:56:22", "elapsed": 36236.9642803669, "delta": 23.112673044204712}, "costs": {"total_cost": 1956.894914213133, "time_cost": 150, "final_distance_cost": 336.9217718993271, "oscillation_cost": 25.17039338378534, "completition_cost": 1000.0, "overshoot_cost": 379.1319380411419, "power_cost": 37.85534252929688, "noise_cost": 27.81546835958175, "n_waypoints_completed": 0, "tot_waypoints": 9}}
{"target": -1495.4422422435694, "params": {"k_pid_pos": [9.999999747378752e-05, 1.0, 0.0], "k_pid_alt": [2.0, 0.9692599773406982, 0.0], "k_pid_att": [93.22268676757812, 0.6950837969779968, 0.0], "k_pid_yaw": [0.5, 1e-06, 0.1], "k_pid_hsp": [1.0111080408096313, 0.04454880952835083, 0.055875539779663086], "k_pid_vsp": [12.277210235595703, 400.0, 368.17889404296875]}, "datetime": {"datetime": "2025-08-20 21:56:45", "elapsed": 36259.71160674095, "delta": 22.747326374053955}, "costs": {"total_cost": 1495.4422422435694, "time_cost": 150, "final_distance_cost": 23.849446209886935, "oscillation_cost": 111.48548175594371, "completition_cost": 1000.0, "overshoot_cost": 141.85597788969616, "power_cost": 20.258442956542968, "noise_cost": 47.99289343149983, "n_waypoints_completed": 0, "tot_waypoints": 9}}
{"target": -1978.5108042430688, "params": {"k_pid_pos": [9.999999747378752e-05, 1.0, 0.10756590962409973], "k_pid_alt": [2.0, 1.0, 0.030740588903427124], "k_pid_att": [100.0, 9.999999747378752e-05, 0.0], "k_pid_yaw": [0.5, 1e-06, 0.1], "k_pid_hsp": [9.999999747378752e-05, 0.0, 0.0], "k_pid_vsp": [0.0, 400.0, 397.747802734375]}, "datetime": {"datetime": "2025-08-20 21:57:08", "elapsed": 36283.06366634369, "delta": 23.352059602737427}, "costs": {"total_cost": 1978.5108042430688, "time_cost": 150, "final_distance_cost": 344.08247574329573, "oscillation_cost": 25.24484991646903, "completition_cost": 1000.0, "overshoot_cost": 393.2720228430893, "power_cost": 37.94354123535157, "noise_cost": 27.967914504863295, "n_waypoints_completed": 0, "tot_waypoints": 9}}
