{"target": -1383.8202066550523, "params": {"k_pid_pos": [0.17629683017730713, 0.958736777305603, 0.0], "k_pid_alt": [2.0, 1.0, 0.0280475914478302], "k_pid_att": [100.0, 0.4421384930610657, 0.0], "k_pid_yaw": [0.5, 1e-06, 0.1], "k_pid_hsp": [0.11364749819040298, 0.0, 0.0], "k_pid_vsp": [0.0, 400.0, 384.3521728515625]}, "datetime": {"datetime": "2025-08-20 16:27:25", "elapsed": 16500.19605612755, "delta": 22.229867219924927}, "costs": {"total_cost": 1383.8202066550523, "time_cost": 150, "final_distance_cost": 9.978952357970075, "oscillation_cost": 56.112502262176164, "completition_cost": 1000.0, "overshoot_cost": 139.66321445453173, "power_cost": 3.2051998046875, "noise_cost": 24.86033777568692, "n_waypoints_completed": 0, "tot_waypoints": 9}}
{"target": -1503.2968735167033, "params": {"k_pid_pos": [9.999999747378752e-05, 0.9555332660675049, 0.01854097843170166], "k_pid_alt": [2.0, 0.9850772619247437, 0.0], "k_pid_att": [97.18833923339844, 0.3305048942565918, 0.0], "k_pid_yaw": [0.5, 1e-06, 0.1], "k_pid_hsp": [0.3906671404838562, 0.02072712779045105, 0.0], "k_pid_vsp": [0.0, 394.81219482421875, 400.0]}, "datetime": {"datetime": "2025-08-20 16:27:47", "elapsed": 16522.025449991226, "delta": 21.82939386367798}, "costs": {"total_cost": 1503.2968735167033, "time_cost": 150, "final_distance_cost": 13.838358746863431, "oscillation_cost": 59.259834003017176, "completition_cost": 1000.0, "overshoot_cost": 139.8072997909472, "power_cost": 36.08515565185547, "noise_cost": 104.30622532402013, "n_waypoints_completed": 0, "tot_waypoints": 9}}
{"target": -1932.7001717077537, "params": {"k_pid_pos": [0.057282790541648865, 0.9291510581970215, 0.05856552720069885], "k_pid_alt": [1.942944049835205, 1.0, 0.0], "k_pid_att": [95.52275085449219, 0.23820506036281586, 0.0], "k_pid_yaw": [0.5, 1e-06, 0.1], "k_pid_hsp": [9.999999747378752e-05, 0.0, 0.0], "k_pid_vsp": [0.0, 396.35052490234375, 400.0]}, "datetime": {"datetime": "2025-08-20 16:28:09", "elapsed": 16544.29488801956, "delta": 22.26943802833557}, "costs": {"total_cost": 1932.7001717077537, "time_cost": 150, "final_distance_cost": 340.2595857742508, "oscillation_cost": 30.015480307290762, "completition_cost": 1000.0, "overshoot_cost": 387.54127089046654, "power_cost": 11.556688537597656, "noise_cost": 13.327146198147723, "n_waypoints_completed": 0, "tot_waypoints": 9}}
{"target": -1480.0619541263331, "params": {"k_pid_pos": [0.08359794318675995, 1.0, 0.053121209144592285], "k_pid_alt": [2.0, 1.0, 0.048164963722229004], "k_pid_att": [100.0, 0.3689304292201996, 0.0], "k_pid_yaw": [0.5, 1e-06, 0.1], "k_pid_hsp": [0.4421897530555725, 0.0030550360679626465, 0.003116399049758911], "k_pid_vsp": [0.0, 396.2388610839844, 400.0]}, "datetime": {"datetime": "2025-08-20 16:28:32", "elapsed": 16566.590009450912, "delta": 22.295121431350708}, "costs": {"total_cost": 1480.0619541263331, "time_cost": 150, "final_distance_cost": 13.489223496539688, "oscillation_cost": 74.7445393131394, "completition_cost": 1000.0, "overshoot_cost": 139.67352748002767, "power_cost": 24.908803430175784, "noise_cost": 77.24586040645076, "n_waypoints_completed": 0, "tot_waypoints": 9}}
{"target": -2757.3561634743173, "params": {"k_pid_pos": [9.999999747378752e-05, 1.0, 0.0], "k_pid_alt": [2.0, 1.0, 0.005929529666900635], "k_pid_att": [97.7058334350586, 9.999999747378752e-05, 0.059737324714660645], "k_pid_yaw": [0.5, 1e-06, 0.1], "k_pid_hsp": [9.999999747378752e-05, 0.09095489978790283, 0.08491116762161255], "k_pid_vsp": [10.677444458007812, 385.7950439453125, 400.0]}, "datetime": {"datetime": "2025-08-20 16:28:53", "elapsed": 16588.48377084732, "delta": 21.89376139640808}, "costs": {"total_cost": 2757.3561634743173, "time_cost": 150, "final_distance_cost": 485.0759953851405, "oscillation_cost": 320.91814622815536, "completition_cost": 1000.0, "overshoot_cost": 762.7138373975578, "power_cost": 21.35550739746094, "noise_cost": 17.29267706600298, "n_waypoints_completed": 0, "tot_waypoints": 9}}
{"target": -1425.5926261568734, "params": {"k_pid_pos": [9.999999747378752e-05, 0.9391326308250427, 0.0669461190700531], "k_pid_alt": [1.9669103622436523, 0.9984722137451172, 0.0], "k_pid_att": [97.23686218261719, 0.2805456817150116, 0.0], "k_pid_yaw": [0.5, 1e-06, 0.1], "k_pid_hsp": [9.999999747378752e-05, 0.05457988381385803, 0.0], "k_pid_vsp": [42.444419860839844, 388.4245300292969, 400.0]}, "datetime": {"datetime": "2025-08-20 16:29:16", "elapsed": 16610.726655483246, "delta": 22.242884635925293}, "costs": {"total_cost": 1425.5926261568734, "time_cost": 150, "final_distance_cost": 23.319541139028573, "oscillation_cost": 37.26360781808478, "completition_cost": 1000.0, "overshoot_cost": 149.95332909748055, "power_cost": 14.161485485839844, "noise_cost": 50.89466261643971, "n_waypoints_completed": 0, "tot_waypoints": 9}}
{"target": -1493.731216745343, "params": {"k_pid_pos": [9.999999747378752e-05, 0.8614067435264587, 0.0], "k_pid_alt": [1.9828161001205444, 0.9171566367149353, 0.0], "k_pid_att": [100.0, 9.999999747378752e-05, 0.15938729047775269], "k_pid_yaw": [0.5, 1e-06, 0.1], "k_pid_hsp": [0.2523595094680786, 0.03910154104232788, 0.0005196630954742432], "k_pid_vsp": [0.0, 399.9728698730469, 400.0]}, "datetime": {"datetime": "2025-08-20 16:29:38", "elapsed": 16632.771142959595, "delta": 22.044487476348877}, "costs": {"total_cost": 1493.731216745343, "time_cost": 150, "final_distance_cost": 9.460355409345931, "oscillation_cost": 57.952274949222, "completition_cost": 1000.0, "overshoot_cost": 139.56058093120078, "power_cost": 35.03379490966797, "noise_cost": 101.72421054590664, "n_waypoints_completed": 0, "tot_waypoints": 9}}
{"target": -1490.9185605731918, "params": {"k_pid_pos": [9.999999747378752e-05, 1.0, 0.0], "k_pid_alt": [1.9631743431091309, 1.0, 0.0], "k_pid_att": [100.0, 0.07951732724905014, 0.0], "k_pid_yaw": [0.5, 1e-06, 0.1], "k_pid_hsp": [0.3327224552631378, 0.0798410177230835, 0.005972474813461304], "k_pid_vsp": [5.187845230102539, 400.0, 363.57830810546875]}, "datetime": {"datetime": "2025-08-20 16:30:00", "elapsed": 16655.001196861267, "delta": 22.230053901672363}, "costs": {"total_cost": 1490.9185605731918, "time_cost": 150, "final_distance_cost": 27.77524928776789, "oscillation_cost": 78.2275568547917, "completition_cost": 1000.0, "overshoot_cost": 146.85777817826866, "power_cost": 20.79792027587891, "noise_cost": 67.26005597648464, "n_waypoints_completed": 0, "tot_waypoints": 9}}
{"target": -1510.1996263564893, "params": {"k_pid_pos": [0.010654798708856106, 0.9281520843505859, 0.0], "k_pid_alt": [1.944843053817749, 1.0, 0.024195104837417603], "k_pid_att": [100.0, 9.999999747378752e-05, 0.0], "k_pid_yaw": [0.5, 1e-06, 0.1], "k_pid_hsp": [0.45475518703460693, 0.0, 0.06778311729431152], "k_pid_vsp": [0.0, 394.52691650390625, 400.0]}, "datetime": {"datetime": "2025-08-20 16:30:22", "elapsed": 16676.928329706192, "delta": 21.927132844924927}, "costs": {"total_cost": 1510.1996263564893, "time_cost": 150, "final_distance_cost": 16.827346052487126, "oscillation_cost": 148.02255546568128, "completition_cost": 1000.0, "overshoot_cost": 131.42194771767672, "power_cost": 24.03815533447266, "noise_cost": 39.889621786171716, "n_waypoints_completed": 0, "tot_waypoints": 9}}
{"target": -1442.0865817436506, "params": {"k_pid_pos": [9.999999747378752e-05, 0.8962111473083496, 0.03872385621070862], "k_pid_alt": [1.9560222625732422, 1.0, 0.0], "k_pid_att": [96.65486907958984, 9.999999747378752e-05, 0.10563096404075623], "k_pid_yaw": [0.5, 1e-06, 0.1], "k_pid_hsp": [0.05065138638019562, 0.07827165722846985, 0.02621513605117798], "k_pid_vsp": [14.42049789428711, 398.6317138671875, 400.0]}, "datetime": {"datetime": "2025-08-20 16:30:45", "elapsed": 16699.727741718292, "delta": 22.79941201210022}, "costs": {"total_cost": 1442.0865817436506, "time_cost": 150, "final_distance_cost": 15.651035367959139, "oscillation_cost": 61.46729549273788, "completition_cost": 1000.0, "overshoot_cost": 142.8059796151842, "power_cost": 15.979810302734375, "noise_cost": 56.182460965035034, "n_waypoints_completed": 0, "tot_waypoints": 9}}
{"target": -2941.208989254995, "params": {"k_pid_pos": [0.11299818754196167, 1.0, 0.04875832796096802], "k_pid_alt": [2.0, 0.9888138771057129, 0.1118738055229187], "k_pid_att": [100.0, 0.10600447654724121, 0.0], "k_pid_yaw": [0.5, 1e-06, 0.1], "k_pid_hsp": [9.999999747378752e-05, 0.03631243109703064, 0.03072112798690796], "k_pid_vsp": [0.0, 400.0, 380.3934020996094]}, "datetime": {"datetime": "2025-08-20 16:31:07", "elapsed": 16722.30531334877, "delta": 22.577571630477905}, "costs": {"total_cost": 2941.208989254995, "time_cost": 150, "final_distance_cost": 687.6266922876996, "oscillation_cost": 79.97157200485795, "completition_cost": 1000.0, "overshoot_cost": 981.1612523090677, "power_cost": 24.044442687988283, "noise_cost": 18.405029965381164, "n_waypoints_completed": 0, "tot_waypoints": 9}}
{"target": -1954.2056313661387, "params": {"k_pid_pos": [9.999999747378752e-05, 1.0, 0.0], "k_pid_alt": [1.9777004718780518, 0.9412028193473816, 0.0008666515350341797], "k_pid_att": [97.60786437988281, 9.999999747378752e-05, 0.0], "k_pid_yaw": [0.5, 1e-06, 0.1], "k_pid_hsp": [9.999999747378752e-05, 0.0, 0.0], "k_pid_vsp": [0.0, 400.0, 400.0]}, "datetime": {"datetime": "2025-08-20 16:31:30", "elapsed": 16745.501190900803, "delta": 23.19587755203247}, "costs": {"total_cost": 1954.2056313661387, "time_cost": 150, "final_distance_cost": 335.9019750254932, "oscillation_cost": 25.051750092285367, "completition_cost": 1000.0, "overshoot_cost": 377.2338077379575, "power_cost": 37.96398739013672, "noise_cost": 28.05411112026612, "n_waypoints_completed": 0, "tot_waypoints": 9}}
{"target": -1472.0342417640081, "params": {"k_pid_pos": [0.04852200299501419, 1.0, 0.06865426898002625], "k_pid_alt": [1.928605556488037, 0.956438422203064, 0.08307012915611267], "k_pid_att": [100.0, 9.999999747378752e-05, 0.0045385658740997314], "k_pid_yaw": [0.5, 1e-06, 0.1], "k_pid_hsp": [0.8357225656509399, 0.09292608499526978, 0.0], "k_pid_vsp": [0.0, 400.0, 371.1351013183594]}, "datetime": {"datetime": "2025-08-20 16:31:53", "elapsed": 16767.99720478058, "delta": 22.496013879776}, "costs": {"total_cost": 1472.0342417640081, "time_cost": 150, "final_distance_cost": 12.091400780091774, "oscillation_cost": 71.42410809737571, "completition_cost": 1000.0, "overshoot_cost": 139.0652594484549, "power_cost": 24.153306408691407, "noise_cost": 75.30016702939437, "n_waypoints_completed": 0, "tot_waypoints": 9}}
{"target": -1444.4345238450958, "params": {"k_pid_pos": [9.999999747378752e-05, 1.0, 0.0], "k_pid_alt": [1.971472144126892, 0.9566265344619751, 0.04483902454376221], "k_pid_att": [100.0, 9.999999747378752e-05, 0.0], "k_pid_yaw": [0.5, 1e-06, 0.1], "k_pid_hsp": [9.999999747378752e-05, 0.046324312686920166, 0.0], "k_pid_vsp": [22.32149887084961, 366.42352294921875, 400.0]}, "datetime": {"datetime": "2025-08-20 16:32:15", "elapsed": 16790.13446855545, "delta": 22.137263774871826}, "costs": {"total_cost": 1444.4345238450958, "time_cost": 150, "final_distance_cost": 7.859624372068657, "oscillation_cost": 33.361679279903484, "completition_cost": 1000.0, "overshoot_cost": 153.40050535213655, "power_cost": 24.72731072998047, "noise_cost": 75.08540411100648, "n_waypoints_completed": 0, "tot_waypoints": 9}}
{"target": -1784.1893832525284, "params": {"k_pid_pos": [0.033585645258426666, 1.0, 0.0], "k_pid_alt": [2.0, 0.9391847848892212, 0.0], "k_pid_att": [94.79312896728516, 9.999999747378752e-05, 0.0], "k_pid_yaw": [0.5, 1e-06, 0.1], "k_pid_hsp": [9.999999747378752e-05, 0.01497107744216919, 0.0], "k_pid_vsp": [4.860424995422363, 400.0, 400.0]}, "datetime": {"datetime": "2025-08-20 16:32:37", "elapsed": 16811.89550638199, "delta": 21.761037826538086}, "costs": {"total_cost": 1784.1893832525284, "time_cost": 150, "final_distance_cost": 257.5344810818577, "oscillation_cost": 25.930921777714374, "completition_cost": 1000.0, "overshoot_cost": 285.1236281675742, "power_cost": 37.902933813476565, "noise_cost": 27.697418411905637, "n_waypoints_completed": 0, "tot_waypoints": 9}}
{"target": -1342.360027968129, "params": {"k_pid_pos": [9.999999747378752e-05, 0.9970265626907349, 0.0], "k_pid_alt": [1.814728856086731, 1.0, 0.0036779046058654785], "k_pid_att": [94.71939086914062, 0.19721417129039764, 0.0], "k_pid_yaw": [0.5, 1e-06, 0.1], "k_pid_hsp": [9.999999747378752e-05, 0.028872042894363403, 0.0], "k_pid_vsp": [1.852118968963623, 400.0, 400.0]}, "datetime": {"datetime": "2025-08-20 16:32:59", "elapsed": 16834.262831687927, "delta": 22.36732530593872}, "costs": {"total_cost": 1342.360027968129, "time_cost": 150, "final_distance_cost": 93.82437862429084, "oscillation_cost": 29.678988874844997, "completition_cost": 888.8888888888888, "overshoot_cost": 136.88236860341905, "power_cost": 21.553426245117187, "noise_cost": 21.531976731568186, "n_waypoints_completed": 1, "tot_waypoints": 9}}
{"target": -1470.8443218153054, "params": {"k_pid_pos": [9.999999747378752e-05, 1.0, 0.0], "k_pid_alt": [2.0, 0.9620983600616455, 0.0], "k_pid_att": [100.0, 9.999999747378752e-05, 0.0], "k_pid_yaw": [0.5, 1e-06, 0.1], "k_pid_hsp": [0.08723784238100052, 0.0, 0.007795840501785278], "k_pid_vsp": [0.0, 365.95635986328125, 400.0]}, "datetime": {"datetime": "2025-08-20 16:33:21", "elapsed": 16856.22350025177, "delta": 21.960668563842773}, "costs": {"total_cost": 1470.8443218153054, "time_cost": 150, "final_distance_cost": 19.97799380672822, "oscillation_cost": 71.5766169985862, "completition_cost": 1000.0, "overshoot_cost": 141.03491239974304, "power_cost": 21.18860418701172, "noise_cost": 67.06619442323625, "n_waypoints_completed": 0, "tot_waypoints": 9}}
{"target": -3757.180387276453, "params": {"k_pid_pos": [9.999999747378752e-05, 1.0, 0.0], "k_pid_alt": [2.0, 0.991000771522522, 0.0], "k_pid_att": [100.0, 0.5546757578849792, 0.010380029678344727], "k_pid_yaw": [0.5, 1e-06, 0.1], "k_pid_hsp": [9.999999747378752e-05, 0.0, 0.055615901947021484], "k_pid_vsp": [0.0, 379.29339599609375, 400.0]}, "datetime": {"datetime": "2025-08-20 16:33:43", "elapsed": 16878.364594459534, "delta": 22.141094207763672}, "costs": {"total_cost": 3757.180387276453, "time_cost": 150, "final_distance_cost": 918.6834469598228, "oscillation_cost": 164.3462196721195, "completition_cost": 1000.0, "overshoot_cost": 1485.5559046581577, "power_cost": 21.273810375976563, "noise_cost": 17.321005610376186, "n_waypoints_completed": 0, "tot_waypoints": 9}}
{"target": -1402.176813642642, "params": {"k_pid_pos": [9.999999747378752e-05, 0.9831581115722656, 0.015831828117370605], "k_pid_alt": [2.0, 1.0, 0.019413113594055176], "k_pid_att": [100.0, 0.0018016955582424998, 0.0], "k_pid_yaw": [0.5, 1e-06, 0.1], "k_pid_hsp": [0.28921836614608765, 0.005275905132293701, 0.0], "k_pid_vsp": [0.0, 366.5906982421875, 400.0]}, "datetime": {"datetime": "2025-08-20 16:34:06", "elapsed": 16900.7068400383, "delta": 22.34224557876587}, "costs": {"total_cost": 1402.176813642642, "time_cost": 150, "final_distance_cost": 11.84056765306079, "oscillation_cost": 61.50097041233286, "completition_cost": 1000.0, "overshoot_cost": 140.07177631849854, "power_cost": 6.349824353027344, "noise_cost": 32.413674905722374, "n_waypoints_completed": 0, "tot_waypoints": 9}}
{"target": -1953.7787586582735, "params": {"k_pid_pos": [0.0480288602411747, 1.0, 0.0], "k_pid_alt": [2.0, 0.982392430305481, 0.0], "k_pid_att": [99.33110046386719, 0.02577831782400608, 0.04437679052352905], "k_pid_yaw": [0.5, 1e-06, 0.1], "k_pid_hsp": [9.999999747378752e-05, 0.0, 0.024849146604537964], "k_pid_vsp": [7.11207389831543, 400.0, 397.29656982421875]}, "datetime": {"datetime": "2025-08-20 16:34:27", "elapsed": 16922.128611326218, "delta": 21.42177128791809}, "costs": {"total_cost": 1953.7787586582735, "time_cost": 150, "final_distance_cost": 380.0516902731035, "oscillation_cost": 73.20870740985427, "completition_cost": 888.8888888888888, "overshoot_cost": 441.3625234020756, "power_cost": 9.352451977539063, "noise_cost": 10.914496706812653, "n_waypoints_completed": 1, "tot_waypoints": 9}}
{"target": -2666.0606941358183, "params": {"k_pid_pos": [9.999999747378752e-05, 1.0, 0.0], "k_pid_alt": [2.0, 0.9781742095947266, 0.0610232949256897], "k_pid_att": [92.7477035522461, 9.999999747378752e-05, 0.0], "k_pid_yaw": [0.5, 1e-06, 0.1], "k_pid_hsp": [9.999999747378752e-05, 0.030722469091415405, 0.02823546528816223], "k_pid_vsp": [0.0, 400.0, 400.0]}, "datetime": {"datetime": "2025-08-20 16:35:00", "elapsed": 16954.574553012848, "delta": 32.44594168663025}, "costs": {"total_cost": 2666.0606941358183, "time_cost": 150, "final_distance_cost": 583.4853196534818, "oscillation_cost": 108.9139481870846, "completition_cost": 1000.0, "overshoot_cost": 803.1355331095526, "power_cost": 9.597721069335938, "noise_cost": 10.92817211636329, "n_waypoints_completed": 0, "tot_waypoints": 9}}
{"target": -1392.2344363495617, "params": {"k_pid_pos": [9.999999747378752e-05, 1.0, 0.00834318995475769], "k_pid_alt": [2.0, 0.945468544960022, 0.0], "k_pid_att": [97.68950653076172, 0.07161979377269745, 0.03120484948158264], "k_pid_yaw": [0.5, 1e-06, 0.1], "k_pid_hsp": [0.16511529684066772, 0.0, 0.0], "k_pid_vsp": [0.0, 378.4644470214844, 392.1836242675781]}, "datetime": {"datetime": "2025-08-20 16:35:22", "elapsed": 16976.874942541122, "delta": 22.300389528274536}, "costs": {"total_cost": 1392.2344363495617, "time_cost": 150, "final_distance_cost": 17.014235533949865, "oscillation_cost": 56.49743431154703, "completition_cost": 1000.0, "overshoot_cost": 140.52417653504, "power_cost": 3.2953649047851563, "noise_cost": 24.903225064239628, "n_waypoints_completed": 0, "tot_waypoints": 9}}
{"target": -2972.0429781341086, "params": {"k_pid_pos": [0.004873437341302633, 1.0, 0.06398457288742065], "k_pid_alt": [2.0, 0.9363104701042175, 0.0], "k_pid_att": [98.99266815185547, 0.7387887835502625, 0.0], "k_pid_yaw": [0.5, 1e-06, 0.1], "k_pid_hsp": [9.999999747378752e-05, 0.0, 0.05734992027282715], "k_pid_vsp": [28.041696548461914, 388.8973693847656, 400.0]}, "datetime": {"datetime": "2025-08-20 16:35:44", "elapsed": 16999.32458949089, "delta": 22.449646949768066}, "costs": {"total_cost": 2972.0429781341086, "time_cost": 150, "final_distance_cost": 529.5952908941481, "oscillation_cost": 281.34093964563505, "completition_cost": 1000.0, "overshoot_cost": 971.7314804783094, "power_cost": 21.788852441406252, "noise_cost": 17.586414674610047, "n_waypoints_completed": 0, "tot_waypoints": 9}}
{"target": -2493.3564652726027, "params": {"k_pid_pos": [9.999999747378752e-05, 1.0, 0.0334550142288208], "k_pid_alt": [2.0, 1.0, 0.0], "k_pid_att": [100.0, 9.999999747378752e-05, 0.009181499481201172], "k_pid_yaw": [0.5, 1e-06, 0.1], "k_pid_hsp": [9.999999747378752e-05, 0.0, 0.06829628348350525], "k_pid_vsp": [47.39396667480469, 387.4154968261719, 374.5104675292969]}, "datetime": {"datetime": "2025-08-20 16:36:07", "elapsed": 17022.12534880638, "delta": 22.800759315490723}, "costs": {"total_cost": 2493.3564652726027, "time_cost": 150, "final_distance_cost": 359.35895836573013, "oscillation_cost": 342.7722407269218, "completition_cost": 1000.0, "overshoot_cost": 602.9630521960946, "power_cost": 21.11893748779297, "noise_cost": 17.14327649606281, "n_waypoints_completed": 0, "tot_waypoints": 9}}
{"target": -1516.216801243149, "params": {"k_pid_pos": [0.18730942904949188, 0.9782596230506897, 0.01715177297592163], "k_pid_alt": [2.0, 0.9285423159599304, 0.03237813711166382], "k_pid_att": [100.0, 9.999999747378752e-05, 0.0], "k_pid_yaw": [0.5, 1e-06, 0.1], "k_pid_hsp": [0.11856900900602341, 0.0, 0.08983594179153442], "k_pid_vsp": [0.0, 400.0, 393.4154052734375]}, "datetime": {"datetime": "2025-08-20 16:36:29", "elapsed": 17044.47630763054, "delta": 22.350958824157715}, "costs": {"total_cost": 1516.216801243149, "time_cost": 150, "final_distance_cost": 51.0692625561118, "oscillation_cost": 223.53083237119415, "completition_cost": 1000.0, "overshoot_cost": 48.87563084722422, "power_cost": 24.393904357910156, "noise_cost": 18.34717111070865, "n_waypoints_completed": 0, "tot_waypoints": 9}}
{"target": -1500.121007211367, "params": {"k_pid_pos": [0.0870349258184433, 0.8880398869514465, 0.0], "k_pid_alt": [1.949812889099121, 1.0, 0.07088738679885864], "k_pid_att": [97.59086608886719, 0.3782292604446411, 0.0], "k_pid_yaw": [0.5, 1e-06, 0.1], "k_pid_hsp": [0.5184794068336487, 0.0, 0.0], "k_pid_vsp": [0.0, 373.1912841796875, 382.505615234375]}, "datetime": {"datetime": "2025-08-20 16:36:52", "elapsed": 17066.76319050789, "delta": 22.286882877349854}, "costs": {"total_cost": 1500.121007211367, "time_cost": 150, "final_distance_cost": 14.031188787748132, "oscillation_cost": 62.945945651746754, "completition_cost": 1000.0, "overshoot_cost": 138.90908729660143, "power_cost": 34.30996480712891, "noise_cost": 99.92482066814172, "n_waypoints_completed": 0, "tot_waypoints": 9}}
{"target": -1933.4939408556493, "params": {"k_pid_pos": [0.04954119026660919, 0.9483669400215149, 0.07154488563537598], "k_pid_alt": [1.8299295902252197, 0.9599140882492065, 0.0], "k_pid_att": [100.0, 0.05879419296979904, 0.0], "k_pid_yaw": [0.5, 1e-06, 0.1], "k_pid_hsp": [9.999999747378752e-05, 0.0, 0.0], "k_pid_vsp": [0.0, 380.2516784667969, 400.0]}, "datetime": {"datetime": "2025-08-20 16:37:14", "elapsed": 17089.399411678314, "delta": 22.636221170425415}, "costs": {"total_cost": 1933.4939408556493, "time_cost": 150, "final_distance_cost": 340.7487296913245, "oscillation_cost": 31.216609758018915, "completition_cost": 1000.0, "overshoot_cost": 386.5966247587334, "power_cost": 11.498553820800781, "noise_cost": 13.43342282677171, "n_waypoints_completed": 0, "tot_waypoints": 9}}
