{"target": -1895.8861537953387, "params": {"k_pid_pos": [9.999999747378752e-05, 0.9255799651145935, 0.0], "k_pid_alt": [1.884005069732666, 0.9834111332893372, 0.0], "k_pid_att": [100.0, 0.24445901811122894, 0.0], "k_pid_yaw": [0.5, 1e-06, 0.1], "k_pid_hsp": [9.999999747378752e-05, 0.0, 0.02368795871734619], "k_pid_vsp": [50.53269958496094, 392.6903991699219, 393.6230773925781]}, "datetime": {"datetime": "2025-08-21 02:10:48", "elapsed": 51502.8008415699, "delta": 20.27005100250244}, "costs": {"total_cost": 1895.8861537953387, "time_cost": 150, "final_distance_cost": 352.3094564471095, "oscillation_cost": 74.54534944471521, "completition_cost": 888.8888888888888, "overshoot_cost": 409.5116760798544, "power_cost": 9.496258850097657, "noise_cost": 11.134524084673052, "n_waypoints_completed": 1, "tot_waypoints": 9}}
{"target": -1308.5303525824104, "params": {"k_pid_pos": [9.999999747378752e-05, 1.0, 0.0], "k_pid_alt": [1.8921830654144287, 1.0, 0.0], "k_pid_att": [92.9936294555664, 9.999999747378752e-05, 0.0038686394691467285], "k_pid_yaw": [0.5, 1e-06, 0.1], "k_pid_hsp": [9.999999747378752e-05, 0.025541365146636963, 0.01112470030784607], "k_pid_vsp": [7.045388221740723, 400.0, 400.0]}, "datetime": {"datetime": "2025-08-21 02:11:12", "elapsed": 51526.846269607544, "delta": 24.045428037643433}, "costs": {"total_cost": 1308.5303525824104, "time_cost": 150, "final_distance_cost": 34.97663695925755, "oscillation_cost": 40.51074681176486, "completition_cost": 888.8888888888888, "overshoot_cost": 130.4343656385655, "power_cost": 36.27570349121094, "noise_cost": 27.444010792722953, "n_waypoints_completed": 1, "tot_waypoints": 9}}
{"target": -1471.792528238403, "params": {"k_pid_pos": [0.11751170456409454, 1.0, 0.018908053636550903], "k_pid_alt": [1.8903133869171143, 1.0, 0.06941908597946167], "k_pid_att": [100.0, 0.07155422866344452, 0.07780969142913818], "k_pid_yaw": [0.5, 1e-06, 0.1], "k_pid_hsp": [0.664618968963623, 0.028771936893463135, 0.03248897194862366], "k_pid_vsp": [0.0, 390.029296875, 386.9092102050781]}, "datetime": {"datetime": "2025-08-21 02:11:32", "elapsed": 51547.47084593773, "delta": 20.624576330184937}, "costs": {"total_cost": 1471.792528238403, "time_cost": 150, "final_distance_cost": 5.234458123117257, "oscillation_cost": 94.40710718084294, "completition_cost": 1000.0, "overshoot_cost": 139.10623774703885, "power_cost": 20.69198603515625, "noise_cost": 62.352739152247636, "n_waypoints_completed": 0, "tot_waypoints": 9}}
{"target": -2202.907366538985, "params": {"k_pid_pos": [0.06748385727405548, 1.0, 0.011060237884521484], "k_pid_alt": [2.0, 0.9800634980201721, 0.03827884793281555], "k_pid_att": [94.927978515625, 9.999999747378752e-05, 0.0022903084754943848], "k_pid_yaw": [0.5, 1e-06, 0.1], "k_pid_hsp": [9.999999747378752e-05, 0.025345414876937866, 0.09429946541786194], "k_pid_vsp": [24.210655212402344, 400.0, 379.30303955078125]}, "datetime": {"datetime": "2025-08-21 02:11:56", "elapsed": 51571.13339972496, "delta": 23.662553787231445}, "costs": {"total_cost": 2202.907366538985, "time_cost": 150, "final_distance_cost": 238.33331699532658, "oscillation_cost": 405.13051503972457, "completition_cost": 1000.0, "overshoot_cost": 372.1299426071535, "power_cost": 20.573550866699218, "noise_cost": 16.740041030080956, "n_waypoints_completed": 0, "tot_waypoints": 9}}
{"target": -1959.278068876799, "params": {"k_pid_pos": [9.999999747378752e-05, 1.0, 0.0], "k_pid_alt": [2.0, 1.0, 0.0], "k_pid_att": [97.30126953125, 0.06871439516544342, 0.06936237215995789], "k_pid_yaw": [0.5, 1e-06, 0.1], "k_pid_hsp": [9.999999747378752e-05, 0.0, 0.0], "k_pid_vsp": [23.358535766601562, 391.90692138671875, 400.0]}, "datetime": {"datetime": "2025-08-21 02:12:17", "elapsed": 51591.929460287094, "delta": 20.79606056213379}, "costs": {"total_cost": 1959.278068876799, "time_cost": 150, "final_distance_cost": 336.9217669345935, "oscillation_cost": 24.629844898339453, "completition_cost": 1000.0, "overshoot_cost": 381.71135673045677, "power_cost": 37.85205314941406, "noise_cost": 28.163047163995085, "n_waypoints_completed": 0, "tot_waypoints": 9}}
{"target": -3238.2727189690595, "params": {"k_pid_pos": [0.0656815618276596, 0.9799697995185852, 0.027706116437911987], "k_pid_alt": [1.900998592376709, 0.9949169158935547, 0.0], "k_pid_att": [100.0, 9.999999747378752e-05, 0.0], "k_pid_yaw": [0.5, 1e-06, 0.1], "k_pid_hsp": [9.999999747378752e-05, 0.0, 0.0803038477897644], "k_pid_vsp": [0.0, 400.0, 400.0]}, "datetime": {"datetime": "2025-08-21 02:12:40", "elapsed": 51614.851774930954, "delta": 22.922314643859863}, "costs": {"total_cost": 3238.2727189690595, "time_cost": 150, "final_distance_cost": 682.9388048834336, "oscillation_cost": 320.8803548005384, "completition_cost": 1000.0, "overshoot_cost": 1044.9213797083992, "power_cost": 21.937550549316406, "noise_cost": 17.594629027372374, "n_waypoints_completed": 0, "tot_waypoints": 9}}
{"target": -1420.9936540456015, "params": {"k_pid_pos": [0.02658972144126892, 1.0, 0.017906665802001953], "k_pid_alt": [1.904173731803894, 0.9748295545578003, 0.04501810669898987], "k_pid_att": [100.0, 9.999999747378752e-05, 0.056912511587142944], "k_pid_yaw": [0.5, 1e-06, 0.1], "k_pid_hsp": [0.33351847529411316, 0.0, 0.0], "k_pid_vsp": [0.0, 386.0501708984375, 400.0]}, "datetime": {"datetime": "2025-08-21 02:13:01", "elapsed": 51635.84567952156, "delta": 20.99390459060669}, "costs": {"total_cost": 1420.9936540456015, "time_cost": 150, "final_distance_cost": 16.73921871865392, "oscillation_cost": 62.99293361541944, "completition_cost": 1000.0, "overshoot_cost": 139.87126297206385, "power_cost": 10.100724914550781, "noise_cost": 41.28951382491342, "n_waypoints_completed": 0, "tot_waypoints": 9}}
{"target": -1503.0765439451172, "params": {"k_pid_pos": [9.999999747378752e-05, 0.9867312908172607, 0.0], "k_pid_alt": [1.9949886798858643, 0.9503434896469116, 0.023611366748809814], "k_pid_att": [100.0, 9.999999747378752e-05, 0.04037335515022278], "k_pid_yaw": [0.5, 1e-06, 0.1], "k_pid_hsp": [0.43798381090164185, 0.0, 0.09292298555374146], "k_pid_vsp": [5.310606956481934, 370.8880920410156, 386.5226135253906]}, "datetime": {"datetime": "2025-08-21 02:13:24", "elapsed": 51659.341393470764, "delta": 23.49571394920349}, "costs": {"total_cost": 1503.0765439451172, "time_cost": 150, "final_distance_cost": 6.373668854526163, "oscillation_cost": 175.47829524780886, "completition_cost": 1000.0, "overshoot_cost": 123.8428812729725, "power_cost": 20.23307917480469, "noise_cost": 27.14861939500486, "n_waypoints_completed": 0, "tot_waypoints": 9}}
{"target": -1418.573681952147, "params": {"k_pid_pos": [0.09755104780197144, 1.0, 0.03868281841278076], "k_pid_alt": [2.0, 0.9503133893013, 0.0837530791759491], "k_pid_att": [100.0, 0.28767669200897217, 0.0], "k_pid_yaw": [0.5, 1e-06, 0.1], "k_pid_hsp": [0.2271866500377655, 0.0, 0.08963620662689209], "k_pid_vsp": [0.0, 400.0, 359.4964294433594]}, "datetime": {"datetime": "2025-08-21 02:13:46", "elapsed": 51680.95258522034, "delta": 21.611191749572754}, "costs": {"total_cost": 1418.573681952147, "time_cost": 150, "final_distance_cost": 61.199278387254694, "oscillation_cost": 181.77642646867815, "completition_cost": 888.8888888888888, "overshoot_cost": 92.28831784687799, "power_cost": 23.400132275390625, "noise_cost": 21.020638085056692, "n_waypoints_completed": 1, "tot_waypoints": 9}}
{"target": -1476.0143308611646, "params": {"k_pid_pos": [9.999999747378752e-05, 1.0, 0.024435967206954956], "k_pid_alt": [1.982862114906311, 0.9497474431991577, 0.0038353800773620605], "k_pid_att": [100.0, 9.999999747378752e-05, 0.1165444552898407], "k_pid_yaw": [0.5, 1e-06, 0.1], "k_pid_hsp": [0.8657901287078857, 0.0, 0.021553337574005127], "k_pid_vsp": [0.0, 400.0, 386.9006042480469]}, "datetime": {"datetime": "2025-08-21 02:14:09", "elapsed": 51704.0820248127, "delta": 23.12943959236145}, "costs": {"total_cost": 1476.0143308611646, "time_cost": 150, "final_distance_cost": 11.255698152078626, "oscillation_cost": 85.61196083823073, "completition_cost": 1000.0, "overshoot_cost": 145.17154897524932, "power_cost": 19.71160144042969, "noise_cost": 64.26352145517633, "n_waypoints_completed": 0, "tot_waypoints": 9}}
{"target": -1498.4468604410758, "params": {"k_pid_pos": [9.999999747378752e-05, 1.0, 0.0], "k_pid_alt": [2.0, 1.0, 0.0], "k_pid_att": [100.0, 9.999999747378752e-05, 0.004372984170913696], "k_pid_yaw": [0.5, 1e-06, 0.1], "k_pid_hsp": [0.6685183048248291, 0.0, 0.06626036763191223], "k_pid_vsp": [0.0, 396.0890197753906, 372.4653625488281]}, "datetime": {"datetime": "2025-08-21 02:14:30", "elapsed": 51725.23762369156, "delta": 21.155598878860474}, "costs": {"total_cost": 1498.4468604410758, "time_cost": 150, "final_distance_cost": 12.541915352258279, "oscillation_cost": 129.68469901941802, "completition_cost": 1000.0, "overshoot_cost": 134.5540426092573, "power_cost": 24.911427807617187, "noise_cost": 46.75477565252503, "n_waypoints_completed": 0, "tot_waypoints": 9}}
{"target": -2164.359109129435, "params": {"k_pid_pos": [9.999999747378752e-05, 1.0, 0.0], "k_pid_alt": [1.9828370809555054, 0.932956874370575, 0.0560871958732605], "k_pid_att": [100.0, 9.999999747378752e-05, 0.02718263864517212], "k_pid_yaw": [0.5, 1e-06, 0.1], "k_pid_hsp": [9.999999747378752e-05, 0.02218419313430786, 0.07650795578956604], "k_pid_vsp": [43.20441436767578, 396.07843017578125, 372.33489990234375]}, "datetime": {"datetime": "2025-08-21 02:14:54", "elapsed": 51748.638266563416, "delta": 23.40064287185669}, "costs": {"total_cost": 2164.359109129435, "time_cost": 150, "final_distance_cost": 218.10129637010846, "oscillation_cost": 379.97399201520557, "completition_cost": 1000.0, "overshoot_cost": 378.45887109303527, "power_cost": 20.86335946044922, "noise_cost": 16.961590190636425, "n_waypoints_completed": 0, "tot_waypoints": 9}}
{"target": -1444.474821120011, "params": {"k_pid_pos": [0.04449537396430969, 1.0, 0.0], "k_pid_alt": [1.867037296295166, 0.9735862016677856, 0.0], "k_pid_att": [98.43871307373047, 9.999999747378752e-05, 0.0], "k_pid_yaw": [0.5, 1e-06, 0.1], "k_pid_hsp": [0.07050102204084396, 0.02294066548347473, 0.0], "k_pid_vsp": [10.78803539276123, 395.2716369628906, 376.3591613769531]}, "datetime": {"datetime": "2025-08-21 02:15:14", "elapsed": 51769.49389243126, "delta": 20.855625867843628}, "costs": {"total_cost": 1444.474821120011, "time_cost": 150, "final_distance_cost": 8.656793080303911, "oscillation_cost": 48.36538830555112, "completition_cost": 1000.0, "overshoot_cost": 142.22043292531424, "power_cost": 22.9382796875, "noise_cost": 72.29392712134184, "n_waypoints_completed": 0, "tot_waypoints": 9}}
{"target": -2175.251380626388, "params": {"k_pid_pos": [0.17350734770298004, 0.9881846308708191, 0.012148439884185791], "k_pid_alt": [1.9529407024383545, 1.0, 0.002540796995162964], "k_pid_att": [100.0, 0.027316400781273842, 0.0], "k_pid_yaw": [0.5, 1e-06, 0.1], "k_pid_hsp": [9.999999747378752e-05, 0.050004154443740845, 0.03269508481025696], "k_pid_vsp": [17.55533218383789, 395.7104797363281, 355.4354553222656]}, "datetime": {"datetime": "2025-08-21 02:15:37", "elapsed": 51792.485136032104, "delta": 22.991243600845337}, "costs": {"total_cost": 2175.251380626388, "time_cost": 150, "final_distance_cost": 396.1194891202172, "oscillation_cost": 83.42472143808884, "completition_cost": 1000.0, "overshoot_cost": 506.05347613335573, "power_cost": 21.847707141113283, "noise_cost": 17.805986793612735, "n_waypoints_completed": 0, "tot_waypoints": 9}}
{"target": -1894.136317428035, "params": {"k_pid_pos": [9.999999747378752e-05, 1.0, 0.0], "k_pid_alt": [2.0, 0.9565678238868713, 0.11669805645942688], "k_pid_att": [92.66641235351562, 0.2643741965293884, 0.0], "k_pid_yaw": [0.5, 1e-06, 0.1], "k_pid_hsp": [9.999999747378752e-05, 0.0, 0.0], "k_pid_vsp": [0.0, 378.16046142578125, 400.0]}, "datetime": {"datetime": "2025-08-21 02:15:58", "elapsed": 51813.24569439888, "delta": 20.760558366775513}, "costs": {"total_cost": 1894.136317428035, "time_cost": 150, "final_distance_cost": 326.79327365780694, "oscillation_cost": 29.07501590649721, "completition_cost": 1000.0, "overshoot_cost": 362.45177791674723, "power_cost": 11.817365734863282, "noise_cost": 13.998884212120492, "n_waypoints_completed": 0, "tot_waypoints": 9}}
{"target": -2060.6942426221062, "params": {"k_pid_pos": [0.12557116150856018, 1.0, 0.0], "k_pid_alt": [1.9819066524505615, 0.9830862283706665, 0.033625513315200806], "k_pid_att": [100.0, 9.999999747378752e-05, 0.0], "k_pid_yaw": [0.5, 1e-06, 0.1], "k_pid_hsp": [9.999999747378752e-05, 0.0, 0.01354178786277771], "k_pid_vsp": [0.0, 400.0, 375.59881591796875]}, "datetime": {"datetime": "2025-08-21 02:16:21", "elapsed": 51836.19787812233, "delta": 22.952183723449707}, "costs": {"total_cost": 2060.6942426221062, "time_cost": 150, "final_distance_cost": 389.031040287516, "oscillation_cost": 31.67296480078966, "completition_cost": 1000.0, "overshoot_cost": 467.34480446837995, "power_cost": 10.6865443359375, "noise_cost": 11.958888729482908, "n_waypoints_completed": 0, "tot_waypoints": 9}}
{"target": -4273.707998292764, "params": {"k_pid_pos": [9.999999747378752e-05, 1.0, 0.031577110290527344], "k_pid_alt": [2.0, 0.9989984035491943, 0.0], "k_pid_att": [100.0, 9.999999747378752e-05, 0.0], "k_pid_yaw": [0.5, 1e-06, 0.1], "k_pid_hsp": [9.999999747378752e-05, 0.009348779916763306, 0.04100319743156433], "k_pid_vsp": [0.0, 400.0, 389.7580261230469]}, "datetime": {"datetime": "2025-08-21 02:16:43", "elapsed": 51857.52485203743, "delta": 21.326973915100098}, "costs": {"total_cost": 4273.707998292764, "time_cost": 150, "final_distance_cost": 1151.0649106650849, "oscillation_cost": 113.98756636712844, "completition_cost": 1000.0, "overshoot_cost": 1818.6918301552448, "power_cost": 22.12486179199219, "noise_cost": 17.83882931331378, "n_waypoints_completed": 0, "tot_waypoints": 9}}
{"target": -1497.5572539218292, "params": {"k_pid_pos": [9.999999747378752e-05, 0.9724456667900085, 0.0], "k_pid_alt": [2.0, 1.0, 0.03467249870300293], "k_pid_att": [100.0, 0.17770099639892578, 0.0], "k_pid_yaw": [0.5, 1e-06, 0.1], "k_pid_hsp": [0.8735538125038147, 0.0, 0.044005781412124634], "k_pid_vsp": [0.4554867744445801, 400.0, 386.563232421875]}, "datetime": {"datetime": "2025-08-21 02:17:04", "elapsed": 51878.73896551132, "delta": 21.214113473892212}, "costs": {"total_cost": 1497.5572539218292, "time_cost": 150, "final_distance_cost": 25.615106107398887, "oscillation_cost": 106.29579862275592, "completition_cost": 1000.0, "overshoot_cost": 140.35900622246197, "power_cost": 21.813560583496095, "noise_cost": 53.47378238571598, "n_waypoints_completed": 0, "tot_waypoints": 9}}
{"target": -1402.1292806641757, "params": {"k_pid_pos": [0.006586389150470495, 1.0, 0.0], "k_pid_alt": [1.8422399759292603, 0.9754046201705933, 0.020610958337783813], "k_pid_att": [100.0, 0.880940854549408, 0.040732383728027344], "k_pid_yaw": [0.5, 1e-06, 0.1], "k_pid_hsp": [0.2454552948474884, 0.009481966495513916, 0.0], "k_pid_vsp": [0.0, 389.141357421875, 400.0]}, "datetime": {"datetime": "2025-08-21 02:17:27", "elapsed": 51902.040867328644, "delta": 23.301901817321777}, "costs": {"total_cost": 1402.1292806641757, "time_cost": 150, "final_distance_cost": 9.802710722430795, "oscillation_cost": 61.2398272944784, "completition_cost": 1000.0, "overshoot_cost": 140.31383330247562, "power_cost": 6.961645568847657, "noise_cost": 33.81126377594328, "n_waypoints_completed": 0, "tot_waypoints": 9}}
{"target": -2737.3860710912204, "params": {"k_pid_pos": [0.1531381756067276, 1.0, 0.0], "k_pid_alt": [1.8175568580627441, 0.9897019863128662, 0.1025475263595581], "k_pid_att": [92.3106460571289, 0.7357942461967468, 0.08837446570396423], "k_pid_yaw": [0.5, 1e-06, 0.1], "k_pid_hsp": [9.999999747378752e-05, 0.017004430294036865, 0.09818890690803528], "k_pid_vsp": [0.5284786224365234, 399.4673767089844, 365.3083190917969]}, "datetime": {"datetime": "2025-08-21 02:17:48", "elapsed": 51922.62850832939, "delta": 20.58764100074768}, "costs": {"total_cost": 2737.3860710912204, "time_cost": 150, "final_distance_cost": 426.57103191383703, "oscillation_cost": 364.80871101005624, "completition_cost": 1000.0, "overshoot_cost": 756.5833787689911, "power_cost": 21.874787988281252, "noise_cost": 17.548161410055087, "n_waypoints_completed": 0, "tot_waypoints": 9}}
{"target": -1432.2750951307376, "params": {"k_pid_pos": [9.999999747378752e-05, 0.9983426332473755, 0.05097395181655884], "k_pid_alt": [2.0, 1.0, 0.0555252730846405], "k_pid_att": [100.0, 0.6958854794502258, 0.04653257131576538], "k_pid_yaw": [0.5, 1e-06, 0.1], "k_pid_hsp": [9.999999747378752e-05, 0.07497990131378174, 0.0], "k_pid_vsp": [0.0, 400.0, 387.4796142578125]}, "datetime": {"datetime": "2025-08-21 02:18:11", "elapsed": 51946.39822626114, "delta": 23.769717931747437}, "costs": {"total_cost": 1432.2750951307376, "time_cost": 150, "final_distance_cost": 13.05993660865352, "oscillation_cost": 44.715577324614124, "completition_cost": 1000.0, "overshoot_cost": 146.58003539786773, "power_cost": 17.83515065917969, "noise_cost": 60.084395140422544, "n_waypoints_completed": 0, "tot_waypoints": 9}}
{"target": -1483.9710736625464, "params": {"k_pid_pos": [9.999999747378752e-05, 0.9991364479064941, 0.0], "k_pid_alt": [2.0, 0.9422032833099365, 0.04820773005485535], "k_pid_att": [96.1669692993164, 9.999999747378752e-05, 0.0687113106250763], "k_pid_yaw": [0.5, 1e-06, 0.1], "k_pid_hsp": [0.7744379639625549, 0.0, 0.019365966320037842], "k_pid_vsp": [26.59158706665039, 361.2471618652344, 395.0518493652344]}, "datetime": {"datetime": "2025-08-21 02:18:32", "elapsed": 51967.25586152077, "delta": 20.857635259628296}, "costs": {"total_cost": 1483.9710736625464, "time_cost": 150, "final_distance_cost": 16.263522774111312, "oscillation_cost": 85.22140305504473, "completition_cost": 1000.0, "overshoot_cost": 145.55800684084105, "power_cost": 20.47032000732422, "noise_cost": 66.45782098522496, "n_waypoints_completed": 0, "tot_waypoints": 9}}
{"target": -1472.957638757349, "params": {"k_pid_pos": [0.019986988976597786, 1.0, 0.0026858747005462646], "k_pid_alt": [2.0, 0.9676841497421265, 0.0], "k_pid_att": [100.0, 9.999999747378752e-05, 0.0], "k_pid_yaw": [0.5, 1e-06, 0.1], "k_pid_hsp": [0.06207211688160896, 0.0, 0.0], "k_pid_vsp": [4.215598106384277, 385.28271484375, 400.0]}, "datetime": {"datetime": "2025-08-21 02:18:55", "elapsed": 51990.34794449806, "delta": 23.092082977294922}, "costs": {"total_cost": 1472.957638757349, "time_cost": 150, "final_distance_cost": 13.293102590929832, "oscillation_cost": 45.98720464943145, "completition_cost": 1000.0, "overshoot_cost": 140.69219634420753, "power_cost": 31.040550903320312, "noise_cost": 91.94458426945991, "n_waypoints_completed": 0, "tot_waypoints": 9}}
{"target": -1495.7588252501089, "params": {"k_pid_pos": [0.03509249538183212, 1.0, 0.0], "k_pid_alt": [2.0, 0.965624213218689, 0.013780534267425537], "k_pid_att": [100.0, 0.5682938098907471, 0.0], "k_pid_yaw": [0.5, 1e-06, 0.1], "k_pid_hsp": [0.30986252427101135, 0.03306099772453308, 0.0], "k_pid_vsp": [12.211060523986816, 400.0, 400.0]}, "datetime": {"datetime": "2025-08-21 02:19:16", "elapsed": 52010.917107105255, "delta": 20.569162607192993}, "costs": {"total_cost": 1495.7588252501089, "time_cost": 150, "final_distance_cost": 10.93553419247649, "oscillation_cost": 58.54276589233278, "completition_cost": 1000.0, "overshoot_cost": 140.07283589302028, "power_cost": 34.864609765625005, "noise_cost": 101.34307950665449, "n_waypoints_completed": 0, "tot_waypoints": 9}}
{"target": -1503.1911097244397, "params": {"k_pid_pos": [0.17586804926395416, 1.0, 0.0], "k_pid_alt": [1.8917680978775024, 1.0, 0.0], "k_pid_att": [100.0, 0.20982161164283752, 0.07005828619003296], "k_pid_yaw": [0.5, 1e-06, 0.1], "k_pid_hsp": [0.4055157005786896, 0.0, 0.0], "k_pid_vsp": [6.531500816345215, 400.0, 400.0]}, "datetime": {"datetime": "2025-08-21 02:19:39", "elapsed": 52034.30003619194, "delta": 23.38292908668518}, "costs": {"total_cost": 1503.1911097244397, "time_cost": 150, "final_distance_cost": 13.128316747556767, "oscillation_cost": 60.62256684432544, "completition_cost": 1000.0, "overshoot_cost": 139.18183645388402, "power_cost": 36.047268115234374, "noise_cost": 104.21112156343905, "n_waypoints_completed": 0, "tot_waypoints": 9}}
{"target": -2109.6677278472, "params": {"k_pid_pos": [0.10154435783624649, 1.0, 0.0], "k_pid_alt": [2.0, 0.9926737546920776, 0.0], "k_pid_att": [99.22818756103516, 0.47506436705589294, 0.0], "k_pid_yaw": [0.5, 1e-06, 0.1], "k_pid_hsp": [9.999999747378752e-05, 0.0, 0.013693392276763916], "k_pid_vsp": [21.659564971923828, 392.677734375, 400.0]}, "datetime": {"datetime": "2025-08-21 02:20:00", "elapsed": 52055.13460087776, "delta": 20.834564685821533}, "costs": {"total_cost": 2109.6677278472, "time_cost": 150, "final_distance_cost": 393.0758577026326, "oscillation_cost": 27.137764660185404, "completition_cost": 1000.0, "overshoot_cost": 474.7428996120382, "power_cost": 37.926226721191405, "noise_cost": 26.784979151152214, "n_waypoints_completed": 0, "tot_waypoints": 9}}
{"target": -1447.2401420617853, "params": {"k_pid_pos": [9.999999747378752e-05, 0.9564508199691772, 0.035194456577301025], "k_pid_alt": [1.9332163333892822, 1.0, 0.019155383110046387], "k_pid_att": [94.34197235107422, 9.999999747378752e-05, 0.04611402750015259], "k_pid_yaw": [0.5, 1e-06, 0.1], "k_pid_hsp": [9.999999747378752e-05, 0.026981472969055176, 0.0018617510795593262], "k_pid_vsp": [0.0, 400.0, 391.5899658203125]}, "datetime": {"datetime": "2025-08-21 02:20:24", "elapsed": 52078.70877456665, "delta": 23.57417368888855}, "costs": {"total_cost": 1447.2401420617853, "time_cost": 150, "final_distance_cost": 89.19218264556586, "oscillation_cost": 27.241450751394648, "completition_cost": 1000.0, "overshoot_cost": 114.57323147827188, "power_cost": 37.84101043701172, "noise_cost": 28.392266749541236, "n_waypoints_completed": 0, "tot_waypoints": 9}}
