{"target": -1933.7892177110325, "params": {"k_pid_pos": [0.10562582314014435, 1.0, 0.0], "k_pid_alt": [1.8199079036712646, 1.0, 0.012070804834365845], "k_pid_att": [100.0, 0.06245000660419464, 0.07648822665214539], "k_pid_yaw": [0.5, 1e-06, 0.1], "k_pid_hsp": [9.999999747378752e-05, 0.00041604042053222656, 0.0], "k_pid_vsp": [0.0, 400.0, 400.0]}, "datetime": {"datetime": "2025-08-20 23:53:18", "elapsed": 43252.52956080437, "delta": 26.7566921710968}, "costs": {"total_cost": 1933.7892177110325, "time_cost": 150, "final_distance_cost": 340.33230007547223, "oscillation_cost": 31.29808938387273, "completition_cost": 1000.0, "overshoot_cost": 387.9374795634144, "power_cost": 11.367044079589844, "noise_cost": 12.854304608683316, "n_waypoints_completed": 0, "tot_waypoints": 9}}
{"target": -1479.931733223277, "params": {"k_pid_pos": [9.999999747378752e-05, 0.9885185956954956, 0.015388429164886475], "k_pid_alt": [1.9347574710845947, 1.0, 0.0], "k_pid_att": [100.0, 0.5605011582374573, 0.03662070631980896], "k_pid_yaw": [0.5, 1e-06, 0.1], "k_pid_hsp": [0.49858713150024414, 0.0, 0.01293995976448059], "k_pid_vsp": [0.0, 400.0, 390.88946533203125]}, "datetime": {"datetime": "2025-08-20 23:53:39", "elapsed": 43274.265466451645, "delta": 21.735905647277832}, "costs": {"total_cost": 1479.931733223277, "time_cost": 150, "final_distance_cost": 15.53538678994794, "oscillation_cost": 83.0796846630921, "completition_cost": 1000.0, "overshoot_cost": 145.46916162216428, "power_cost": 20.153438696289065, "noise_cost": 65.69406145178363, "n_waypoints_completed": 0, "tot_waypoints": 9}}
{"target": -1969.3212986886185, "params": {"k_pid_pos": [9.999999747378752e-05, 1.0, 0.051009416580200195], "k_pid_alt": [1.974360466003418, 0.983390212059021, 0.026255697011947632], "k_pid_att": [97.25700378417969, 9.999999747378752e-05, 0.0], "k_pid_yaw": [0.5, 1e-06, 0.1], "k_pid_hsp": [9.999999747378752e-05, 0.0, 0.0], "k_pid_vsp": [0.022804737091064453, 391.4139099121094, 389.9599609375]}, "datetime": {"datetime": "2025-08-20 23:54:03", "elapsed": 43298.18266558647, "delta": 23.91719913482666}, "costs": {"total_cost": 1969.3212986886185, "time_cost": 150, "final_distance_cost": 340.9112795153376, "oscillation_cost": 25.11060477230316, "completition_cost": 1000.0, "overshoot_cost": 387.76517275270845, "power_cost": 37.86812333984375, "noise_cost": 27.66611830842571, "n_waypoints_completed": 0, "tot_waypoints": 9}}
{"target": -1405.7851721691006, "params": {"k_pid_pos": [0.10889515280723572, 1.0, 0.024499505758285522], "k_pid_alt": [2.0, 0.9100209474563599, 0.0], "k_pid_att": [100.0, 0.8364371657371521, 0.0], "k_pid_yaw": [0.5, 1e-06, 0.1], "k_pid_hsp": [0.3428727388381958, 0.0, 0.0], "k_pid_vsp": [1.1083364486694336, 400.0, 400.0]}, "datetime": {"datetime": "2025-08-20 23:54:27", "elapsed": 43321.83425617218, "delta": 23.651590585708618}, "costs": {"total_cost": 1405.7851721691006, "time_cost": 150, "final_distance_cost": 3.027489266794699, "oscillation_cost": 64.01627177910093, "completition_cost": 1000.0, "overshoot_cost": 139.50160621741338, "power_cost": 9.458573205566406, "noise_cost": 39.78123170022504, "n_waypoints_completed": 0, "tot_waypoints": 9}}
{"target": -1453.7642111503492, "params": {"k_pid_pos": [0.08615228533744812, 0.9391579627990723, 0.008761495351791382], "k_pid_alt": [2.0, 0.9254187941551208, 0.0], "k_pid_att": [99.57148742675781, 0.34984132647514343, 0.06840628385543823], "k_pid_yaw": [0.5, 1e-06, 0.1], "k_pid_hsp": [9.999999747378752e-05, 0.06773048639297485, 0.0], "k_pid_vsp": [23.85549545288086, 400.0, 400.0]}, "datetime": {"datetime": "2025-08-20 23:54:51", "elapsed": 43345.60933423042, "delta": 23.775078058242798}, "costs": {"total_cost": 1453.7642111503492, "time_cost": 150, "final_distance_cost": 2.2408296121611526, "oscillation_cost": 40.011031198415665, "completition_cost": 1000.0, "overshoot_cost": 147.34985927120744, "power_cost": 28.501235083007813, "noise_cost": 85.66125598555728, "n_waypoints_completed": 0, "tot_waypoints": 9}}
{"target": -1635.5515629650947, "params": {"k_pid_pos": [0.014198237098753452, 0.9782751798629761, 0.034062474966049194], "k_pid_alt": [2.0, 1.0, 0.0], "k_pid_att": [98.77978515625, 9.999999747378752e-05, 0.0], "k_pid_yaw": [0.5, 1e-06, 0.1], "k_pid_hsp": [9.999999747378752e-05, 0.048564016819000244, 0.028107374906539917], "k_pid_vsp": [0.0, 386.43585205078125, 385.88818359375]}, "datetime": {"datetime": "2025-08-20 23:55:14", "elapsed": 43369.01111102104, "delta": 23.401776790618896}, "costs": {"total_cost": 1635.5515629650947, "time_cost": 150, "final_distance_cost": 179.19157097699969, "oscillation_cost": 91.25179213015439, "completition_cost": 1000.0, "overshoot_cost": 177.12453615512254, "power_cost": 20.549451098632815, "noise_cost": 17.434212604185326, "n_waypoints_completed": 0, "tot_waypoints": 9}}
{"target": -1824.987701387005, "params": {"k_pid_pos": [9.999999747378752e-05, 1.0, 0.030892014503479004], "k_pid_alt": [2.0, 0.9252238869667053, 0.04638567566871643], "k_pid_att": [99.9923095703125, 1.0576331615447998, 0.0], "k_pid_yaw": [0.5, 1e-06, 0.1], "k_pid_hsp": [9.999999747378752e-05, 0.011927515268325806, 0.0], "k_pid_vsp": [0.0, 400.0, 373.94488525390625]}, "datetime": {"datetime": "2025-08-20 23:55:37", "elapsed": 43391.66051363945, "delta": 22.649402618408203}, "costs": {"total_cost": 1824.987701387005, "time_cost": 150, "final_distance_cost": 289.3740937676389, "oscillation_cost": 31.601970149702822, "completition_cost": 1000.0, "overshoot_cost": 329.2097936493902, "power_cost": 11.778127819824219, "noise_cost": 13.023716000449072, "n_waypoints_completed": 0, "tot_waypoints": 9}}
{"target": -1500.0653338479126, "params": {"k_pid_pos": [9.999999747378752e-05, 0.9409655332565308, 0.0], "k_pid_alt": [2.0, 1.0, 0.0], "k_pid_att": [100.0, 9.999999747378752e-05, 0.0], "k_pid_yaw": [0.5, 1e-06, 0.1], "k_pid_hsp": [0.4389646053314209, 0.06651842594146729, 0.0], "k_pid_vsp": [25.08431625366211, 400.0, 382.7084655761719]}, "datetime": {"datetime": "2025-08-20 23:56:01", "elapsed": 43415.556673526764, "delta": 23.896159887313843}, "costs": {"total_cost": 1500.0653338479126, "time_cost": 150, "final_distance_cost": 10.759417571733303, "oscillation_cost": 58.98149729271135, "completition_cost": 1000.0, "overshoot_cost": 140.1896229404714, "power_cost": 35.992361474609375, "noise_cost": 104.14243456838705, "n_waypoints_completed": 0, "tot_waypoints": 9}}
{"target": -1471.6481329861595, "params": {"k_pid_pos": [9.999999747378752e-05, 0.9872132539749146, 0.0], "k_pid_alt": [2.0, 0.9465431571006775, 0.0], "k_pid_att": [100.0, 9.999999747378752e-05, 0.007122248411178589], "k_pid_yaw": [0.5, 1e-06, 0.1], "k_pid_hsp": [9.999999747378752e-05, 0.054466456174850464, 0.02357238531112671], "k_pid_vsp": [17.837703704833984, 387.29632568359375, 368.0538635253906]}, "datetime": {"datetime": "2025-08-20 23:56:22", "elapsed": 43437.379583120346, "delta": 21.822909593582153}, "costs": {"total_cost": 1471.6481329861595, "time_cost": 150, "final_distance_cost": 26.160251945837285, "oscillation_cost": 64.71486349413632, "completition_cost": 1000.0, "overshoot_cost": 148.66955631278802, "power_cost": 19.017882177734375, "noise_cost": 63.085579055663395, "n_waypoints_completed": 0, "tot_waypoints": 9}}
{"target": -2918.008310164168, "params": {"k_pid_pos": [0.11549191921949387, 0.9378561973571777, 0.040755659341812134], "k_pid_alt": [2.0, 0.9639674425125122, 0.036145955324172974], "k_pid_att": [100.0, 9.999999747378752e-05, 0.0], "k_pid_yaw": [0.5, 1e-06, 0.1], "k_pid_hsp": [9.999999747378752e-05, 0.0, 0.025008410215377808], "k_pid_vsp": [12.302339553833008, 400.0, 400.0]}, "datetime": {"datetime": "2025-08-20 23:56:46", "elapsed": 43461.04133749008, "delta": 23.661754369735718}, "costs": {"total_cost": 2918.008310164168, "time_cost": 150, "final_distance_cost": 679.3118272062077, "oscillation_cost": 102.17687331224245, "completition_cost": 1000.0, "overshoot_cost": 968.9502676442902, "power_cost": 8.267960876464844, "noise_cost": 9.301381124963092, "n_waypoints_completed": 0, "tot_waypoints": 9}}
{"target": -1904.2443396750577, "params": {"k_pid_pos": [9.999999747378752e-05, 1.0, 0.0], "k_pid_alt": [2.0, 0.9259181022644043, 0.0], "k_pid_att": [95.60845947265625, 0.6017927527427673, 0.027576804161071777], "k_pid_yaw": [0.5, 1e-06, 0.1], "k_pid_hsp": [9.999999747378752e-05, 0.0, 0.0], "k_pid_vsp": [0.0, 379.28955078125, 380.2148742675781]}, "datetime": {"datetime": "2025-08-20 23:57:10", "elapsed": 43484.87117290497, "delta": 23.829835414886475}, "costs": {"total_cost": 1904.2443396750577, "time_cost": 150, "final_distance_cost": 330.666036306066, "oscillation_cost": 29.927600405902663, "completition_cost": 1000.0, "overshoot_cost": 368.37965775172046, "power_cost": 11.617005126953126, "noise_cost": 13.65404008441552, "n_waypoints_completed": 0, "tot_waypoints": 9}}
{"target": -1384.756885306719, "params": {"k_pid_pos": [0.1700722724199295, 0.9329848289489746, 0.0], "k_pid_alt": [1.8490408658981323, 0.94388747215271, 0.03719240427017212], "k_pid_att": [99.209228515625, 9.999999747378752e-05, 0.0], "k_pid_yaw": [0.5, 1e-06, 0.1], "k_pid_hsp": [0.08673925697803497, 0.0, 0.0], "k_pid_vsp": [0.0, 359.09893798828125, 400.0]}, "datetime": {"datetime": "2025-08-20 23:57:32", "elapsed": 43506.969636678696, "delta": 22.098463773727417}, "costs": {"total_cost": 1384.756885306719, "time_cost": 150, "final_distance_cost": 13.328375393820203, "oscillation_cost": 53.30798448323895, "completition_cost": 1000.0, "overshoot_cost": 139.70798522794226, "power_cost": 3.2961380249023438, "noise_cost": 25.116402176814937, "n_waypoints_completed": 0, "tot_waypoints": 9}}
{"target": -1493.8961354745404, "params": {"k_pid_pos": [9.999999747378752e-05, 1.0, 0.0], "k_pid_alt": [1.990743637084961, 1.0, 0.05370482802391052], "k_pid_att": [100.0, 9.999999747378752e-05, 0.09570029377937317], "k_pid_yaw": [0.5, 1e-06, 0.1], "k_pid_hsp": [0.6577961444854736, 0.02174067497253418, 0.025776654481887817], "k_pid_vsp": [0.0, 388.2084045410156, 391.2803039550781]}, "datetime": {"datetime": "2025-08-20 23:57:55", "elapsed": 43530.33727002144, "delta": 23.36763334274292}, "costs": {"total_cost": 1493.8961354745404, "time_cost": 150, "final_distance_cost": 31.979327029712056, "oscillation_cost": 87.24691312696717, "completition_cost": 1000.0, "overshoot_cost": 146.40659621719482, "power_cost": 18.377835583496093, "noise_cost": 59.88546351717006, "n_waypoints_completed": 0, "tot_waypoints": 9}}
{"target": -1973.2643989675569, "params": {"k_pid_pos": [0.08449441194534302, 0.9987057447433472, 0.0], "k_pid_alt": [2.0, 1.0, 0.02140355110168457], "k_pid_att": [100.0, 0.841482400894165, 0.0], "k_pid_yaw": [0.5, 1e-06, 0.1], "k_pid_hsp": [9.999999747378752e-05, 0.0, 0.0], "k_pid_vsp": [16.10063362121582, 345.6129150390625, 375.730224609375]}, "datetime": {"datetime": "2025-08-20 23:58:20", "elapsed": 43555.29451918602, "delta": 24.9572491645813}, "costs": {"total_cost": 1973.2643989675569, "time_cost": 150, "final_distance_cost": 342.231680404715, "oscillation_cost": 25.27844599012133, "completition_cost": 1000.0, "overshoot_cost": 389.4856584438716, "power_cost": 37.939906359863286, "noise_cost": 28.328707768985655, "n_waypoints_completed": 0, "tot_waypoints": 9}}
{"target": -1454.0180527124198, "params": {"k_pid_pos": [0.01938578672707081, 0.9758545756340027, 0.0], "k_pid_alt": [2.0, 0.9813505411148071, 0.004194051027297974], "k_pid_att": [100.0, 0.036861393600702286, 0.04092589020729065], "k_pid_yaw": [0.5, 1e-06, 0.1], "k_pid_hsp": [1.4947257041931152, 0.0, 0.014443129301071167], "k_pid_vsp": [17.45591163635254, 391.9214172363281, 400.0]}, "datetime": {"datetime": "2025-08-20 23:58:42", "elapsed": 43576.901242017746, "delta": 21.606722831726074}, "costs": {"total_cost": 1454.0180527124198, "time_cost": 150, "final_distance_cost": 6.509808316982956, "oscillation_cost": 81.93536440899885, "completition_cost": 1000.0, "overshoot_cost": 140.50289502808445, "power_cost": 16.994121411132813, "noise_cost": 58.07586354722095, "n_waypoints_completed": 0, "tot_waypoints": 9}}
{"target": -1940.6995516609363, "params": {"k_pid_pos": [0.06249668449163437, 1.0, 0.032099783420562744], "k_pid_alt": [1.9922146797180176, 1.0, 0.006079763174057007], "k_pid_att": [100.0, 9.999999747378752e-05, 0.0], "k_pid_yaw": [0.5, 1e-06, 0.1], "k_pid_hsp": [9.999999747378752e-05, 0.0, 0.0], "k_pid_vsp": [0.0, 400.0, 400.0]}, "datetime": {"datetime": "2025-08-20 23:59:07", "elapsed": 43601.69843173027, "delta": 24.797189712524414}, "costs": {"total_cost": 1940.6995516609363, "time_cost": 150, "final_distance_cost": 343.1574382150924, "oscillation_cost": 31.148528271525457, "completition_cost": 1000.0, "overshoot_cost": 391.39727091393786, "power_cost": 11.512514562988281, "noise_cost": 13.483799697392223, "n_waypoints_completed": 0, "tot_waypoints": 9}}
{"target": -1916.0624418022783, "params": {"k_pid_pos": [9.999999747378752e-05, 1.0, 0.0], "k_pid_alt": [1.9371089935302734, 0.989687442779541, 0.038133442401885986], "k_pid_att": [100.0, 0.8018507361412048, 0.0003725588321685791], "k_pid_yaw": [0.5, 1e-06, 0.1], "k_pid_hsp": [9.999999747378752e-05, 0.0, 0.0], "k_pid_vsp": [0.0, 376.9524230957031, 399.96905517578125]}, "datetime": {"datetime": "2025-08-20 23:59:28", "elapsed": 43623.40944027901, "delta": 21.711008548736572}, "costs": {"total_cost": 1916.0624418022783, "time_cost": 150, "final_distance_cost": 334.4546977081554, "oscillation_cost": 30.93034216574998, "completition_cost": 1000.0, "overshoot_cost": 373.7900980389438, "power_cost": 12.001540039062501, "noise_cost": 14.885763850366306, "n_waypoints_completed": 0, "tot_waypoints": 9}}
{"target": -1444.0111910108158, "params": {"k_pid_pos": [9.999999747378752e-05, 0.9546822309494019, 0.06968685984611511], "k_pid_alt": [1.8277864456176758, 1.0, 0.0322604775428772], "k_pid_att": [90.267822265625, 0.4030606150627136, 0.0], "k_pid_yaw": [0.5, 1e-06, 0.1], "k_pid_hsp": [0.0592188723385334, 0.0, 0.0], "k_pid_vsp": [0.0, 397.40576171875, 400.0]}, "datetime": {"datetime": "2025-08-20 23:59:53", "elapsed": 43648.21254301071, "delta": 24.803102731704712}, "costs": {"total_cost": 1444.0111910108158, "time_cost": 150, "final_distance_cost": 13.617450668296913, "oscillation_cost": 45.10489180190373, "completition_cost": 1000.0, "overshoot_cost": 140.33073928452302, "power_cost": 22.954137451171878, "noise_cost": 72.00397180492013, "n_waypoints_completed": 0, "tot_waypoints": 9}}
{"target": -1464.8570444496588, "params": {"k_pid_pos": [9.999999747378752e-05, 0.9611108303070068, 0.0], "k_pid_alt": [2.0, 1.0, 0.0], "k_pid_att": [100.0, 0.7503951787948608, 0.046546608209609985], "k_pid_yaw": [0.5, 1e-06, 0.1], "k_pid_hsp": [0.7225058674812317, 0.0, 0.0], "k_pid_vsp": [3.260493278503418, 400.0, 400.0]}, "datetime": {"datetime": "2025-08-21 00:00:19", "elapsed": 43673.98446083069, "delta": 25.771917819976807}, "costs": {"total_cost": 1464.8570444496588, "time_cost": 150, "final_distance_cost": 12.141845800323404, "oscillation_cost": 63.52183929195161, "completition_cost": 1000.0, "overshoot_cost": 139.6553800803395, "power_cost": 24.161550219726564, "noise_cost": 75.37642905731781, "n_waypoints_completed": 0, "tot_waypoints": 9}}
{"target": -1467.3956685382257, "params": {"k_pid_pos": [0.10830181837081909, 0.9531049728393555, 0.04415479302406311], "k_pid_alt": [2.0, 0.9700206518173218, 0.0], "k_pid_att": [97.42589569091797, 9.999999747378752e-05, 0.0], "k_pid_yaw": [0.5, 1e-06, 0.1], "k_pid_hsp": [9.999999747378752e-05, 0.04776334762573242, 0.0], "k_pid_vsp": [7.9067230224609375, 400.0, 400.0]}, "datetime": {"datetime": "2025-08-21 00:00:44", "elapsed": 43698.57381749153, "delta": 24.589356660842896}, "costs": {"total_cost": 1467.3956685382257, "time_cost": 150, "final_distance_cost": 28.584079704622628, "oscillation_cost": 34.496843817054135, "completition_cost": 1000.0, "overshoot_cost": 151.9063422610132, "power_cost": 25.301430419921875, "noise_cost": 77.10697233561389, "n_waypoints_completed": 0, "tot_waypoints": 9}}
{"target": -1923.9950598723092, "params": {"k_pid_pos": [9.999999747378752e-05, 1.0, 0.0765959620475769], "k_pid_alt": [1.95155930519104, 1.0, 0.07173818349838257], "k_pid_att": [99.39576721191406, 9.999999747378752e-05, 0.021280676126480103], "k_pid_yaw": [0.5, 1e-06, 0.1], "k_pid_hsp": [9.999999747378752e-05, 0.0, 0.0], "k_pid_vsp": [15.528785705566406, 400.0, 365.6427307128906]}, "datetime": {"datetime": "2025-08-21 00:01:08", "elapsed": 43722.77270483971, "delta": 24.19888734817505}, "costs": {"total_cost": 1923.9950598723092, "time_cost": 150, "final_distance_cost": 337.4027578048037, "oscillation_cost": 30.830246036380874, "completition_cost": 1000.0, "overshoot_cost": 380.39596376349766, "power_cost": 11.66053544921875, "noise_cost": 13.705556818408342, "n_waypoints_completed": 0, "tot_waypoints": 9}}
{"target": -1863.8289886208715, "params": {"k_pid_pos": [9.999999747378752e-05, 1.0, 0.0], "k_pid_alt": [2.0, 0.9977898001670837, 0.0], "k_pid_att": [100.0, 0.44664278626441956, 0.0], "k_pid_yaw": [0.5, 1e-06, 0.1], "k_pid_hsp": [9.999999747378752e-05, 0.012774288654327393, 0.0], "k_pid_vsp": [0.0, 400.0, 360.4016418457031]}, "datetime": {"datetime": "2025-08-21 00:01:31", "elapsed": 43746.27532029152, "delta": 23.502615451812744}, "costs": {"total_cost": 1863.8289886208715, "time_cost": 150, "final_distance_cost": 288.79219656192566, "oscillation_cost": 26.06598460889898, "completition_cost": 1000.0, "overshoot_cost": 333.3036776368867, "power_cost": 37.97626921386719, "noise_cost": 27.69086059929308, "n_waypoints_completed": 0, "tot_waypoints": 9}}
{"target": -3022.128191682016, "params": {"k_pid_pos": [9.999999747378752e-05, 1.0, 0.059441179037094116], "k_pid_alt": [1.7787314653396606, 0.8843958377838135, 0.11523205041885376], "k_pid_att": [100.0, 9.999999747378752e-05, 0.0], "k_pid_yaw": [0.5, 1e-06, 0.1], "k_pid_hsp": [0.04643171653151512, 0.0, 0.07178133726119995], "k_pid_vsp": [0.0, 384.2031555175781, 400.0]}, "datetime": {"datetime": "2025-08-21 00:01:56", "elapsed": 43771.13035988808, "delta": 24.855039596557617}, "costs": {"total_cost": 3022.128191682016, "time_cost": 150, "final_distance_cost": 598.2549267040578, "oscillation_cost": 271.937657874606, "completition_cost": 1000.0, "overshoot_cost": 961.9955442643923, "power_cost": 22.24670368652344, "noise_cost": 17.693359152437175, "n_waypoints_completed": 0, "tot_waypoints": 9}}
{"target": -1494.8162437403305, "params": {"k_pid_pos": [0.09141374379396439, 1.0, 0.004333615303039551], "k_pid_alt": [1.9984469413757324, 1.0, 0.0], "k_pid_att": [97.44832611083984, 9.999999747378752e-05, 0.0], "k_pid_yaw": [0.5, 1e-06, 0.1], "k_pid_hsp": [0.902452826499939, 0.02306431531906128, 0.02881726622581482], "k_pid_vsp": [0.0, 381.1669921875, 394.1292419433594]}, "datetime": {"datetime": "2025-08-21 00:02:21", "elapsed": 43795.98601317406, "delta": 24.855653285980225}, "costs": {"total_cost": 1494.8162437403305, "time_cost": 150, "final_distance_cost": 15.022598968232982, "oscillation_cost": 94.11835713361988, "completition_cost": 1000.0, "overshoot_cost": 140.29888433432743, "power_cost": 23.70496922607422, "noise_cost": 71.6714340780762, "n_waypoints_completed": 0, "tot_waypoints": 9}}
{"target": -1320.048002916773, "params": {"k_pid_pos": [0.06497951596975327, 1.0, 0.11021089553833008], "k_pid_alt": [1.9200341701507568, 1.0, 0.0], "k_pid_att": [100.0, 0.1777188777923584, 0.0], "k_pid_yaw": [0.5, 1e-06, 0.1], "k_pid_hsp": [9.999999747378752e-05, 0.03089982271194458, 0.0], "k_pid_vsp": [0.0, 383.9306945800781, 399.0419006347656]}, "datetime": {"datetime": "2025-08-21 00:02:48", "elapsed": 43823.166768074036, "delta": 27.180754899978638}, "costs": {"total_cost": 1320.048002916773, "time_cost": 150, "final_distance_cost": 82.45310379913674, "oscillation_cost": 30.126896398042064, "completition_cost": 888.8888888888888, "overshoot_cost": 117.3212221794065, "power_cost": 26.229390466308594, "noise_cost": 25.02850118499031, "n_waypoints_completed": 1, "tot_waypoints": 9}}
{"target": -1465.223779791146, "params": {"k_pid_pos": [9.999999747378752e-05, 0.9008830785751343, 0.0], "k_pid_alt": [1.8365352153778076, 0.965877890586853, 0.0], "k_pid_att": [100.0, 9.999999747378752e-05, 0.0], "k_pid_yaw": [0.5, 1e-06, 0.1], "k_pid_hsp": [9.999999747378752e-05, 0.06612962484359741, 0.025319993495941162], "k_pid_vsp": [0.0, 400.0, 400.0]}, "datetime": {"datetime": "2025-08-21 00:03:12", "elapsed": 43847.241077423096, "delta": 24.07430934906006}, "costs": {"total_cost": 1465.223779791146, "time_cost": 150, "final_distance_cost": 11.500623197562534, "oscillation_cost": 70.31823561336788, "completition_cost": 1000.0, "overshoot_cost": 146.649871456817, "power_cost": 20.32796744384766, "noise_cost": 66.42708207955083, "n_waypoints_completed": 0, "tot_waypoints": 9}}
{"target": -1411.021434837748, "params": {"k_pid_pos": [9.999999747378752e-05, 1.0, 0.04027596116065979], "k_pid_alt": [2.0, 1.0, 0.023106664419174194], "k_pid_att": [99.32952880859375, 9.999999747378752e-05, 0.03416621685028076], "k_pid_yaw": [0.5, 1e-06, 0.1], "k_pid_hsp": [0.13302120566368103, 0.0, 0.0], "k_pid_vsp": [34.34162139892578, 400.0, 400.0]}, "datetime": {"datetime": "2025-08-21 00:03:38", "elapsed": 43872.87314200401, "delta": 25.63206458091736}, "costs": {"total_cost": 1411.021434837748, "time_cost": 150, "final_distance_cost": 14.815555332527552, "oscillation_cost": 55.822530625811176, "completition_cost": 1000.0, "overshoot_cost": 140.41125490020914, "power_cost": 9.666907360839843, "noise_cost": 40.30518661836053, "n_waypoints_completed": 0, "tot_waypoints": 9}}
