{"target": -1405.2078580918, "params": {"k_pid_pos": [9.999999747378752e-05, 1.0, 0.11116999387741089], "k_pid_alt": [2.0, 1.0, 0.07652676105499268], "k_pid_att": [99.46182250976562, 9.999999747378752e-05, 0.020060449838638306], "k_pid_yaw": [0.5, 1e-06, 0.1], "k_pid_hsp": [0.31876468658447266, 0.005735576152801514, 0.0], "k_pid_vsp": [3.7365078926086426, 400.0, 388.09796142578125]}, "datetime": {"datetime": "2025-08-20 21:25:58", "elapsed": 34413.121864557266, "delta": 23.378617763519287}, "costs": {"total_cost": 1405.2078580918, "time_cost": 150, "final_distance_cost": 11.583216597264244, "oscillation_cost": 63.02106008366111, "completition_cost": 1000.0, "overshoot_cost": 139.56500587232404, "power_cost": 7.0371199829101565, "noise_cost": 34.00145555564066, "n_waypoints_completed": 0, "tot_waypoints": 9}}
{"target": -2572.625086496556, "params": {"k_pid_pos": [0.08547151833772659, 0.878615140914917, 0.0], "k_pid_alt": [1.8833547830581665, 1.0, 0.0], "k_pid_att": [100.0, 0.6130960583686829, 0.022585541009902954], "k_pid_yaw": [0.5, 1e-06, 0.1], "k_pid_hsp": [9.999999747378752e-05, 0.10695809125900269, 0.08361387252807617], "k_pid_vsp": [0.0, 397.1028747558594, 400.0]}, "datetime": {"datetime": "2025-08-20 21:26:21", "elapsed": 34436.058091402054, "delta": 22.936226844787598}, "costs": {"total_cost": 2572.625086496556, "time_cost": 150, "final_distance_cost": 435.0888548559048, "oscillation_cost": 267.8034324306046, "completition_cost": 1000.0, "overshoot_cost": 681.3903319831963, "power_cost": 21.216651171875, "noise_cost": 17.125816054974884, "n_waypoints_completed": 0, "tot_waypoints": 9}}
{"target": -2910.337619426221, "params": {"k_pid_pos": [0.052296336740255356, 1.0, 0.0], "k_pid_alt": [2.0, 1.0, 0.06064045429229736], "k_pid_att": [95.0794677734375, 0.009527572430670261, 0.0], "k_pid_yaw": [0.5, 1e-06, 0.1], "k_pid_hsp": [9.999999747378752e-05, 0.045346081256866455, 0.09388762712478638], "k_pid_vsp": [0.0, 396.9640197753906, 400.0]}, "datetime": {"datetime": "2025-08-20 21:26:43", "elapsed": 34458.10250020027, "delta": 22.044408798217773}, "costs": {"total_cost": 2910.337619426221, "time_cost": 150, "final_distance_cost": 508.50642405030624, "oscillation_cost": 417.74636447336223, "completition_cost": 1000.0, "overshoot_cost": 795.3250824898583, "power_cost": 21.484971044921878, "noise_cost": 17.27477736777192, "n_waypoints_completed": 0, "tot_waypoints": 9}}
{"target": -3149.703872330845, "params": {"k_pid_pos": [0.05190565064549446, 1.0, 0.0], "k_pid_alt": [2.0, 1.0, 0.0], "k_pid_att": [98.93476104736328, 9.999999747378752e-05, 0.03452983498573303], "k_pid_yaw": [0.5, 1e-06, 0.1], "k_pid_hsp": [9.999999747378752e-05, 0.0, 0.05187532305717468], "k_pid_vsp": [51.009918212890625, 375.72802734375, 400.0]}, "datetime": {"datetime": "2025-08-20 21:27:06", "elapsed": 34481.08737206459, "delta": 22.984871864318848}, "costs": {"total_cost": 3149.703872330845, "time_cost": 150, "final_distance_cost": 696.3188393135371, "oscillation_cost": 151.5878546995342, "completition_cost": 1000.0, "overshoot_cost": 1113.1590334990844, "power_cost": 21.303739306640626, "noise_cost": 17.334405512048637, "n_waypoints_completed": 0, "tot_waypoints": 9}}
{"target": -1488.6169428057844, "params": {"k_pid_pos": [0.07246136665344238, 0.9922496676445007, 0.0], "k_pid_alt": [1.903206706047058, 0.9748818874359131, 0.003384202718734741], "k_pid_att": [100.0, 0.3044370710849762, 0.0], "k_pid_yaw": [0.5, 1e-06, 0.1], "k_pid_hsp": [0.5206207036972046, 0.0, 0.021971046924591064], "k_pid_vsp": [33.246612548828125, 344.91046142578125, 392.06890869140625]}, "datetime": {"datetime": "2025-08-20 21:27:30", "elapsed": 34504.51468491554, "delta": 23.42731285095215}, "costs": {"total_cost": 1488.6169428057844, "time_cost": 150, "final_distance_cost": 8.605200406884613, "oscillation_cost": 94.3366794233483, "completition_cost": 1000.0, "overshoot_cost": 140.41613344371194, "power_cost": 23.145436083984375, "noise_cost": 72.11349344785526, "n_waypoints_completed": 0, "tot_waypoints": 9}}
{"target": -1395.4925279241206, "params": {"k_pid_pos": [0.11977895349264145, 1.0, 0.0075730085372924805], "k_pid_alt": [1.986786961555481, 0.9531742334365845, 0.0], "k_pid_att": [98.69664764404297, 0.18581846356391907, 0.09677141904830933], "k_pid_yaw": [0.5, 1e-06, 0.1], "k_pid_hsp": [0.4099588692188263, 0.0, 0.0], "k_pid_vsp": [1.9149303436279297, 400.0, 376.0939025878906]}, "datetime": {"datetime": "2025-08-20 21:27:52", "elapsed": 34527.14027476311, "delta": 22.625589847564697}, "costs": {"total_cost": 1395.4925279241206, "time_cost": 150, "final_distance_cost": 11.704003621182355, "oscillation_cost": 64.91568479303639, "completition_cost": 1000.0, "overshoot_cost": 139.4053215339839, "power_cost": 3.7590610595703127, "noise_cost": 25.708456916347764, "n_waypoints_completed": 0, "tot_waypoints": 9}}
{"target": -1549.4304846708196, "params": {"k_pid_pos": [9.999999747378752e-05, 0.9877919554710388, 0.0], "k_pid_alt": [2.0, 1.0, 0.0], "k_pid_att": [100.0, 9.999999747378752e-05, 0.0], "k_pid_yaw": [0.5, 1e-06, 0.1], "k_pid_hsp": [0.5412454605102539, 0.0, 0.14000779390335083], "k_pid_vsp": [0.0, 400.0, 398.62347412109375]}, "datetime": {"datetime": "2025-08-20 21:28:14", "elapsed": 34549.16332364082, "delta": 22.023048877716064}, "costs": {"total_cost": 1549.4304846708196, "time_cost": 150, "final_distance_cost": 25.03075974954617, "oscillation_cost": 201.10547784428852, "completition_cost": 1000.0, "overshoot_cost": 123.94311251886622, "power_cost": 23.347097973632813, "noise_cost": 26.00403658448579, "n_waypoints_completed": 0, "tot_waypoints": 9}}
{"target": -1954.0417964033106, "params": {"k_pid_pos": [9.999999747378752e-05, 0.9828600883483887, 0.0205058753490448], "k_pid_alt": [1.9983806610107422, 0.9948407411575317, 0.0], "k_pid_att": [100.0, 0.8689520955085754, 0.0979393720626831], "k_pid_yaw": [0.5, 1e-06, 0.1], "k_pid_hsp": [9.999999747378752e-05, 0.0, 0.003567516803741455], "k_pid_vsp": [21.004283905029297, 400.0, 400.0]}, "datetime": {"datetime": "2025-08-20 21:28:37", "elapsed": 34572.359677791595, "delta": 23.196354150772095}, "costs": {"total_cost": 1954.0417964033106, "time_cost": 150, "final_distance_cost": 347.4422108136622, "oscillation_cost": 32.0082561726742, "completition_cost": 1000.0, "overshoot_cost": 401.49234382458354, "power_cost": 10.991160693359376, "noise_cost": 12.107824899031382, "n_waypoints_completed": 0, "tot_waypoints": 9}}
{"target": -1446.1065443212212, "params": {"k_pid_pos": [9.999999747378752e-05, 0.9645434617996216, 0.0], "k_pid_alt": [1.9426482915878296, 1.0, 0.09227943420410156], "k_pid_att": [96.42243194580078, 9.999999747378752e-05, 0.026994407176971436], "k_pid_yaw": [0.5, 1e-06, 0.1], "k_pid_hsp": [9.999999747378752e-05, 0.038713037967681885, 0.0], "k_pid_vsp": [0.0, 400.0, 400.0]}, "datetime": {"datetime": "2025-08-20 21:29:01", "elapsed": 34595.655530929565, "delta": 23.29585313796997}, "costs": {"total_cost": 1446.1065443212212, "time_cost": 150, "final_distance_cost": 25.47641570153159, "oscillation_cost": 32.0018957388341, "completition_cost": 1000.0, "overshoot_cost": 156.911591420818, "power_cost": 20.170514868164062, "noise_cost": 61.54612659187361, "n_waypoints_completed": 0, "tot_waypoints": 9}}
{"target": -2969.4406971999497, "params": {"k_pid_pos": [9.999999747378752e-05, 0.9821772575378418, 0.0], "k_pid_alt": [2.0, 0.9715578556060791, 0.0], "k_pid_att": [100.0, 9.999999747378752e-05, 0.0], "k_pid_yaw": [0.5, 1e-06, 0.1], "k_pid_hsp": [9.999999747378752e-05, 0.0, 0.053937941789627075], "k_pid_vsp": [25.034690856933594, 397.7579040527344, 400.0]}, "datetime": {"datetime": "2025-08-20 21:29:25", "elapsed": 34620.08603620529, "delta": 24.43050527572632}, "costs": {"total_cost": 2969.4406971999497, "time_cost": 150, "final_distance_cost": 567.2135821000015, "oscillation_cost": 243.17208307341173, "completition_cost": 1000.0, "overshoot_cost": 969.436237492316, "power_cost": 21.910286169433594, "noise_cost": 17.708508364787306, "n_waypoints_completed": 0, "tot_waypoints": 9}}
{"target": -4160.768412351137, "params": {"k_pid_pos": [0.06318365782499313, 0.9983937740325928, 0.06272292137145996], "k_pid_alt": [1.9989643096923828, 0.9464446306228638, 0.0], "k_pid_att": [100.0, 9.999999747378752e-05, 0.0], "k_pid_yaw": [0.5, 1e-06, 0.1], "k_pid_hsp": [9.999999747378752e-05, 0.0, 0.04086875915527344], "k_pid_vsp": [0.0, 400.0, 380.1770935058594]}, "datetime": {"datetime": "2025-08-20 21:29:48", "elapsed": 34642.589951992035, "delta": 22.503915786743164}, "costs": {"total_cost": 4160.768412351137, "time_cost": 150, "final_distance_cost": 1120.1598642114125, "oscillation_cost": 114.20988846072795, "completition_cost": 1000.0, "overshoot_cost": 1736.7560708279339, "power_cost": 21.977064392089844, "noise_cost": 17.66552445897216, "n_waypoints_completed": 0, "tot_waypoints": 9}}
{"target": -1378.627119922128, "params": {"k_pid_pos": [0.1315295398235321, 0.9900941848754883, 0.022557467222213745], "k_pid_alt": [2.0, 0.9012739062309265, 0.0], "k_pid_att": [99.4092788696289, 9.999999747378752e-05, 0.0], "k_pid_yaw": [0.5, 1e-06, 0.1], "k_pid_hsp": [0.12655386328697205, 0.0, 0.0], "k_pid_vsp": [28.867626190185547, 382.8425598144531, 395.04107666015625]}, "datetime": {"datetime": "2025-08-20 21:30:11", "elapsed": 34665.60882496834, "delta": 23.0188729763031}, "costs": {"total_cost": 1378.627119922128, "time_cost": 150, "final_distance_cost": 7.925641613826456, "oscillation_cost": 56.7362652164287, "completition_cost": 1000.0, "overshoot_cost": 139.848792767801, "power_cost": 2.058107800292969, "noise_cost": 22.058312523778756, "n_waypoints_completed": 0, "tot_waypoints": 9}}
{"target": -1333.4249497798583, "params": {"k_pid_pos": [9.999999747378752e-05, 0.9232768416404724, 0.027138054370880127], "k_pid_alt": [1.7814499139785767, 1.0, 0.0], "k_pid_att": [92.25125885009766, 1.7221637964248657, 0.028915584087371826], "k_pid_yaw": [0.5, 1e-06, 0.1], "k_pid_hsp": [9.999999747378752e-05, 0.02954903244972229, 0.0], "k_pid_vsp": [19.29285430908203, 384.1138000488281, 400.0]}, "datetime": {"datetime": "2025-08-20 21:30:34", "elapsed": 34688.56198525429, "delta": 22.953160285949707}, "costs": {"total_cost": 1333.4249497798583, "time_cost": 150, "final_distance_cost": 71.41979119620778, "oscillation_cost": 27.20497372630133, "completition_cost": 888.8888888888888, "overshoot_cost": 127.50590248258375, "power_cost": 37.97388461914063, "noise_cost": 30.431508866735967, "n_waypoints_completed": 1, "tot_waypoints": 9}}
{"target": -1930.7738722690187, "params": {"k_pid_pos": [0.10228323936462402, 0.9526817202568054, 0.014315754175186157], "k_pid_alt": [2.0, 1.0, 0.0], "k_pid_att": [90.61483001708984, 0.512672483921051, 0.0], "k_pid_yaw": [0.5, 1e-06, 0.1], "k_pid_hsp": [9.999999747378752e-05, 0.0, 0.0], "k_pid_vsp": [0.0, 379.43597412109375, 389.86285400390625]}, "datetime": {"datetime": "2025-08-20 21:30:57", "elapsed": 34712.23981547356, "delta": 23.6778302192688}, "costs": {"total_cost": 1930.7738722690187, "time_cost": 150, "final_distance_cost": 326.4913998080181, "oscillation_cost": 24.150062530687958, "completition_cost": 1000.0, "overshoot_cost": 364.10150809763167, "power_cost": 37.944976989746095, "noise_cost": 28.085924842934862, "n_waypoints_completed": 0, "tot_waypoints": 9}}
{"target": -1389.0319664281787, "params": {"k_pid_pos": [0.16885043680667877, 0.9526404142379761, 0.0], "k_pid_alt": [1.9929265975952148, 0.99873948097229, 0.0], "k_pid_att": [90.29307556152344, 9.999999747378752e-05, 0.007679075002670288], "k_pid_yaw": [0.5, 1e-06, 0.1], "k_pid_hsp": [0.5374048948287964, 0.02588552236557007, 0.0], "k_pid_vsp": [0.0, 400.0, 373.82391357421875]}, "datetime": {"datetime": "2025-08-20 21:31:20", "elapsed": 34734.81158947945, "delta": 22.571774005889893}, "costs": {"total_cost": 1389.0319664281787, "time_cost": 150, "final_distance_cost": 10.383016722177475, "oscillation_cost": 66.8434898609711, "completition_cost": 1000.0, "overshoot_cost": 138.81131366626542, "power_cost": 1.9493200195312501, "noise_cost": 21.044826159233196, "n_waypoints_completed": 0, "tot_waypoints": 9}}
{"target": -1955.8289011504248, "params": {"k_pid_pos": [9.999999747378752e-05, 0.8842381238937378, 0.0], "k_pid_alt": [1.942733645439148, 1.0, 0.0], "k_pid_att": [99.72821807861328, 0.19497305154800415, 0.04212024807929993], "k_pid_yaw": [0.5, 1e-06, 0.1], "k_pid_hsp": [9.999999747378752e-05, 0.0, 0.005077272653579712], "k_pid_vsp": [27.708148956298828, 400.0, 400.0]}, "datetime": {"datetime": "2025-08-20 21:31:43", "elapsed": 34757.89960646629, "delta": 23.088016986846924}, "costs": {"total_cost": 1955.8289011504248, "time_cost": 150, "final_distance_cost": 348.0977335255424, "oscillation_cost": 32.63465189502498, "completition_cost": 1000.0, "overshoot_cost": 401.67742090768735, "power_cost": 11.009828259277345, "noise_cost": 12.40926656289267, "n_waypoints_completed": 0, "tot_waypoints": 9}}
{"target": -1991.4233110377502, "params": {"k_pid_pos": [9.999999747378752e-05, 0.990486204624176, 0.11383512616157532], "k_pid_alt": [2.0, 0.9810152053833008, 0.0018573999404907227], "k_pid_att": [100.0, 0.13634739816188812, 0.024827569723129272], "k_pid_yaw": [0.5, 1e-06, 0.1], "k_pid_hsp": [9.999999747378752e-05, 0.0, 0.0002675056457519531], "k_pid_vsp": [0.0, 400.0, 400.0]}, "datetime": {"datetime": "2025-08-20 21:32:07", "elapsed": 34782.07466888428, "delta": 24.17506241798401}, "costs": {"total_cost": 1991.4233110377502, "time_cost": 150, "final_distance_cost": 348.38542257132485, "oscillation_cost": 25.431943457793412, "completition_cost": 1000.0, "overshoot_cost": 402.8921823152462, "power_cost": 37.88741993408203, "noise_cost": 26.82634275930382, "n_waypoints_completed": 0, "tot_waypoints": 9}}
{"target": -1475.1254528836093, "params": {"k_pid_pos": [0.05621449276804924, 0.9814530611038208, 0.016239792108535767], "k_pid_alt": [1.8991799354553223, 0.8804998993873596, 0.011405110359191895], "k_pid_att": [94.8416748046875, 9.999999747378752e-05, 0.0], "k_pid_yaw": [0.5, 1e-06, 0.1], "k_pid_hsp": [0.3377804756164551, 0.034406453371047974, 0.011810898780822754], "k_pid_vsp": [0.0, 400.0, 400.0]}, "datetime": {"datetime": "2025-08-20 21:32:29", "elapsed": 34804.40513134003, "delta": 22.33046245574951}, "costs": {"total_cost": 1475.1254528836093, "time_cost": 150, "final_distance_cost": 8.926964934965358, "oscillation_cost": 86.02051379467889, "completition_cost": 1000.0, "overshoot_cost": 141.7430040117781, "power_cost": 20.949211743164064, "noise_cost": 67.48575839902281, "n_waypoints_completed": 0, "tot_waypoints": 9}}
{"target": -1468.6322117179373, "params": {"k_pid_pos": [0.06872142106294632, 1.0, 0.04042696952819824], "k_pid_alt": [1.9803526401519775, 0.9136040210723877, 0.0], "k_pid_att": [96.49903106689453, 9.999999747378752e-05, 0.02147349715232849], "k_pid_yaw": [0.5, 1e-06, 0.1], "k_pid_hsp": [0.7832527756690979, 0.0, 0.0], "k_pid_vsp": [0.0, 400.0, 396.7645568847656]}, "datetime": {"datetime": "2025-08-20 21:32:52", "elapsed": 34826.608644247055, "delta": 22.2035129070282}, "costs": {"total_cost": 1468.6322117179373, "time_cost": 150, "final_distance_cost": 8.734154580928637, "oscillation_cost": 66.32175036472943, "completition_cost": 1000.0, "overshoot_cost": 139.2425405095939, "power_cost": 25.588215161132815, "noise_cost": 78.74555110155235, "n_waypoints_completed": 0, "tot_waypoints": 9}}
{"target": -1396.0261824495456, "params": {"k_pid_pos": [9.999999747378752e-05, 1.0, 0.017879843711853027], "k_pid_alt": [2.0, 0.9551510214805603, 0.07347723841667175], "k_pid_att": [100.0, 9.999999747378752e-05, 0.10170495510101318], "k_pid_yaw": [0.5, 1e-06, 0.1], "k_pid_hsp": [0.4151003360748291, 0.04314374923706055, 0.0], "k_pid_vsp": [9.310043334960938, 378.056640625, 400.0]}, "datetime": {"datetime": "2025-08-20 21:33:15", "elapsed": 34849.79719424248, "delta": 23.188549995422363}, "costs": {"total_cost": 1396.0261824495456, "time_cost": 150, "final_distance_cost": 10.995390797848287, "oscillation_cost": 64.28218212726047, "completition_cost": 1000.0, "overshoot_cost": 140.07736905594342, "power_cost": 4.022489416503906, "noise_cost": 26.648751051989503, "n_waypoints_completed": 0, "tot_waypoints": 9}}
{"target": -1392.381483666737, "params": {"k_pid_pos": [9.999999747378752e-05, 1.0, 0.07709962129592896], "k_pid_alt": [2.0, 0.9335490465164185, 0.0], "k_pid_att": [96.14653015136719, 0.295399010181427, 0.04994094371795654], "k_pid_yaw": [0.5, 1e-06, 0.1], "k_pid_hsp": [0.22486984729766846, 0.08282160758972168, 0.0], "k_pid_vsp": [35.513450622558594, 391.5413513183594, 369.70526123046875]}, "datetime": {"datetime": "2025-08-20 21:33:38", "elapsed": 34872.897996902466, "delta": 23.100802659988403}, "costs": {"total_cost": 1392.381483666737, "time_cost": 150, "final_distance_cost": 15.235464233298858, "oscillation_cost": 58.696647875607574, "completition_cost": 1000.0, "overshoot_cost": 141.3984905960506, "power_cost": 2.985175756835938, "noise_cost": 24.065705204943896, "n_waypoints_completed": 0, "tot_waypoints": 9}}
{"target": -1890.551416252512, "params": {"k_pid_pos": [0.017808251082897186, 0.9577671885490417, 0.0], "k_pid_alt": [1.969476342201233, 1.0, 0.0], "k_pid_att": [98.50084686279297, 9.999999747378752e-05, 0.029989898204803467], "k_pid_yaw": [0.5, 1e-06, 0.1], "k_pid_hsp": [9.999999747378752e-05, 0.0, 0.008557111024856567], "k_pid_vsp": [14.2603759765625, 386.3741455078125, 371.96234130859375]}, "datetime": {"datetime": "2025-08-20 21:34:01", "elapsed": 34895.9479598999, "delta": 23.049962997436523}, "costs": {"total_cost": 1890.551416252512, "time_cost": 150, "final_distance_cost": 343.1950944229983, "oscillation_cost": 26.87990236587312, "completition_cost": 888.8888888888888, "overshoot_cost": 416.78540556693895, "power_cost": 37.865093786621095, "noise_cost": 26.93703122119164, "n_waypoints_completed": 1, "tot_waypoints": 9}}
{"target": -1515.5437999772992, "params": {"k_pid_pos": [0.07813681662082672, 1.0, 0.0], "k_pid_alt": [2.0, 0.9326320290565491, 0.0], "k_pid_att": [100.0, 0.11167877912521362, 0.0045999884605407715], "k_pid_yaw": [0.5, 1e-06, 0.1], "k_pid_hsp": [0.3892005681991577, 0.024321824312210083, 0.060784101486206055], "k_pid_vsp": [25.369596481323242, 400.0, 361.740234375]}, "datetime": {"datetime": "2025-08-20 21:34:24", "elapsed": 34918.62656569481, "delta": 22.678605794906616}, "costs": {"total_cost": 1515.5437999772992, "time_cost": 150, "final_distance_cost": 20.494212003775164, "oscillation_cost": 147.55110607587613, "completition_cost": 1000.0, "overshoot_cost": 132.6098069984667, "power_cost": 23.27911060791016, "noise_cost": 41.60956429127121, "n_waypoints_completed": 0, "tot_waypoints": 9}}
{"target": -1453.0156867125438, "params": {"k_pid_pos": [0.08500280976295471, 0.9064961671829224, 0.002843499183654785], "k_pid_alt": [1.8541008234024048, 0.9918792247772217, 0.072358638048172], "k_pid_att": [100.0, 9.999999747378752e-05, 0.0537811815738678], "k_pid_yaw": [0.5, 1e-06, 0.1], "k_pid_hsp": [1.2350550889968872, 0.0, 0.0], "k_pid_vsp": [11.862480163574219, 400.0, 400.0]}, "datetime": {"datetime": "2025-08-20 21:34:47", "elapsed": 34942.281708717346, "delta": 23.65514302253723}, "costs": {"total_cost": 1453.0156867125438, "time_cost": 150, "final_distance_cost": 7.507126924684655, "oscillation_cost": 68.01872355568767, "completition_cost": 1000.0, "overshoot_cost": 138.76152699969765, "power_cost": 20.963213598632812, "noise_cost": 67.76509563384082, "n_waypoints_completed": 0, "tot_waypoints": 9}}
{"target": -1495.3536105875964, "params": {"k_pid_pos": [0.025807509198784828, 1.0, 0.0], "k_pid_alt": [1.8033983707427979, 0.9893651008605957, 0.006471484899520874], "k_pid_att": [96.50408935546875, 0.33206143975257874, 0.0], "k_pid_yaw": [0.5, 1e-06, 0.1], "k_pid_hsp": [0.7099389433860779, 0.0, 0.036747515201568604], "k_pid_vsp": [0.0, 370.7268371582031, 366.3933410644531]}, "datetime": {"datetime": "2025-08-20 21:35:11", "elapsed": 34965.657277584076, "delta": 23.375568866729736}, "costs": {"total_cost": 1495.3536105875964, "time_cost": 150, "final_distance_cost": 24.803909642138624, "oscillation_cost": 102.86051522016248, "completition_cost": 1000.0, "overshoot_cost": 138.9935135137291, "power_cost": 21.852005187988283, "noise_cost": 56.843667023578156, "n_waypoints_completed": 0, "tot_waypoints": 9}}
{"target": -1926.230239827699, "params": {"k_pid_pos": [0.08699869364500046, 1.0, 0.008953213691711426], "k_pid_alt": [1.9837013483047485, 1.0, 0.01440402865409851], "k_pid_att": [100.0, 0.07217947393655777, 0.0], "k_pid_yaw": [0.5, 1e-06, 0.1], "k_pid_hsp": [9.999999747378752e-05, 0.0, 0.0], "k_pid_vsp": [6.146442890167236, 370.56005859375, 389.41278076171875]}, "datetime": {"datetime": "2025-08-20 21:35:34", "elapsed": 34989.41410660744, "delta": 23.756829023361206}, "costs": {"total_cost": 1926.230239827699, "time_cost": 150, "final_distance_cost": 337.9526153113367, "oscillation_cost": 30.977090694439525, "completition_cost": 1000.0, "overshoot_cost": 380.77671715283907, "power_cost": 11.91988359375, "noise_cost": 14.603933075334012, "n_waypoints_completed": 0, "tot_waypoints": 9}}
{"target": -1396.5729061165175, "params": {"k_pid_pos": [9.999999747378752e-05, 0.9648348093032837, 0.0], "k_pid_alt": [1.9094228744506836, 0.8679305911064148, 0.05710512399673462], "k_pid_att": [93.40604400634766, 9.999999747378752e-05, 0.0], "k_pid_yaw": [0.5, 1e-06, 0.1], "k_pid_hsp": [0.11408976465463638, 0.0, 0.06080353260040283], "k_pid_vsp": [0.0, 377.4476013183594, 400.0]}, "datetime": {"datetime": "2025-08-20 21:35:57", "elapsed": 35011.745485544205, "delta": 22.331378936767578}, "costs": {"total_cost": 1396.5729061165175, "time_cost": 150, "final_distance_cost": 50.178691339877005, "oscillation_cost": 151.66188532109732, "completition_cost": 888.8888888888888, "overshoot_cost": 99.29075217501486, "power_cost": 27.04091591796875, "noise_cost": 29.511772473670856, "n_waypoints_completed": 1, "tot_waypoints": 9}}
