{"target": -1505.8580773271422, "params": {"k_pid_pos": [0.06787531822919846, 1.0, 0.0], "k_pid_alt": [2.0, 1.0, 0.0027436017990112305], "k_pid_att": [97.31190490722656, 0.02995060198009014, 0.04653441905975342], "k_pid_yaw": [0.5, 1e-06, 0.1], "k_pid_hsp": [0.4440017342567444, 0.0, 0.0], "k_pid_vsp": [27.182579040527344, 400.0, 379.3321533203125]}, "datetime": {"datetime": "2025-08-20 13:57:40", "elapsed": 7514.821433544159, "delta": 24.687358379364014}, "costs": {"total_cost": 1505.8580773271422, "time_cost": 150, "final_distance_cost": 9.369722842524906, "oscillation_cost": 59.55957845885693, "completition_cost": 1000.0, "overshoot_cost": 139.7006940458476, "power_cost": 38.094200500488284, "noise_cost": 109.13388147942452, "n_waypoints_completed": 0, "tot_waypoints": 9}}
{"target": -1427.158293236187, "params": {"k_pid_pos": [9.999999747378752e-05, 1.0, 0.0], "k_pid_alt": [2.0, 0.989863932132721, 0.0], "k_pid_att": [100.0, 0.06645271927118301, 0.049843013286590576], "k_pid_yaw": [0.5, 1e-06, 0.1], "k_pid_hsp": [9.999999747378752e-05, 0.029786765575408936, 0.0], "k_pid_vsp": [24.189590454101562, 375.7431945800781, 397.3365173339844]}, "datetime": {"datetime": "2025-08-20 13:58:04", "elapsed": 7539.184200286865, "delta": 24.3627667427063}, "costs": {"total_cost": 1427.158293236187, "time_cost": 150, "final_distance_cost": 71.1800849772045, "oscillation_cost": 27.93528364587911, "completition_cost": 1000.0, "overshoot_cost": 108.72932146917304, "power_cost": 37.85026611328125, "noise_cost": 31.46333703064886, "n_waypoints_completed": 0, "tot_waypoints": 9}}
{"target": -1422.8794630417992, "params": {"k_pid_pos": [0.059385597705841064, 1.0, 0.03550192713737488], "k_pid_alt": [2.0, 1.0, 0.0], "k_pid_att": [97.56751251220703, 0.5426846146583557, 0.0], "k_pid_yaw": [0.5, 1e-06, 0.1], "k_pid_hsp": [0.033198725432157516, 0.0, 0.002433091402053833], "k_pid_vsp": [12.072515487670898, 373.09881591796875, 394.26470947265625]}, "datetime": {"datetime": "2025-08-20 13:58:28", "elapsed": 7562.753276824951, "delta": 23.569076538085938}, "costs": {"total_cost": 1422.8794630417992, "time_cost": 150, "final_distance_cost": 18.90207876905172, "oscillation_cost": 38.946666274180096, "completition_cost": 1000.0, "overshoot_cost": 139.24008230277653, "power_cost": 19.20743034667969, "noise_cost": 56.58320534911131, "n_waypoints_completed": 0, "tot_waypoints": 9}}
{"target": -1975.4688369204905, "params": {"k_pid_pos": [9.999999747378752e-05, 0.9269921779632568, 0.021017611026763916], "k_pid_alt": [2.0, 0.9188790321350098, 0.03797274827957153], "k_pid_att": [100.0, 0.3784182071685791, 0.0014419257640838623], "k_pid_yaw": [0.5, 1e-06, 0.1], "k_pid_hsp": [9.999999747378752e-05, 0.001023799180984497, 0.0], "k_pid_vsp": [0.26999711990356445, 365.3681640625, 390.2497253417969]}, "datetime": {"datetime": "2025-08-20 13:58:52", "elapsed": 7587.503455877304, "delta": 24.750179052352905}, "costs": {"total_cost": 1975.4688369204905, "time_cost": 150, "final_distance_cost": 343.0007131444316, "oscillation_cost": 25.447288232440048, "completition_cost": 1000.0, "overshoot_cost": 392.0338161097559, "power_cost": 37.88704549560547, "noise_cost": 27.09997393825747, "n_waypoints_completed": 0, "tot_waypoints": 9}}
{"target": -1968.828093282013, "params": {"k_pid_pos": [9.999999747378752e-05, 1.0, 0.0], "k_pid_alt": [2.0, 0.9950749278068542, 0.06563001871109009], "k_pid_att": [100.0, 0.012161772698163986, 0.0], "k_pid_yaw": [0.5, 1e-06, 0.1], "k_pid_hsp": [9.999999747378752e-05, 0.0, 0.0], "k_pid_vsp": [22.867727279663086, 390.0815124511719, 400.0]}, "datetime": {"datetime": "2025-08-20 13:59:17", "elapsed": 7612.086710929871, "delta": 24.58325505256653}, "costs": {"total_cost": 1968.828093282013, "time_cost": 150, "final_distance_cost": 340.7912927636771, "oscillation_cost": 25.365561206097855, "completition_cost": 1000.0, "overshoot_cost": 386.54556673749255, "power_cost": 37.86719725341797, "noise_cost": 28.258475321327225, "n_waypoints_completed": 0, "tot_waypoints": 9}}
{"target": -1470.2616460517097, "params": {"k_pid_pos": [9.999999747378752e-05, 1.0, 0.025660604238510132], "k_pid_alt": [2.0, 1.0, 0.0], "k_pid_att": [100.0, 9.999999747378752e-05, 0.0], "k_pid_yaw": [0.5, 1e-06, 0.1], "k_pid_hsp": [9.999999747378752e-05, 0.1360386610031128, 0.009976059198379517], "k_pid_vsp": [11.420178413391113, 400.0, 378.13861083984375]}, "datetime": {"datetime": "2025-08-20 13:59:43", "elapsed": 7637.739235639572, "delta": 25.652524709701538}, "costs": {"total_cost": 1470.2616460517097, "time_cost": 150, "final_distance_cost": 24.889188004132233, "oscillation_cost": 71.29094321674545, "completition_cost": 1000.0, "overshoot_cost": 145.01291987036458, "power_cost": 18.09862384033203, "noise_cost": 60.96997112013527, "n_waypoints_completed": 0, "tot_waypoints": 9}}
{"target": -1421.2583042456354, "params": {"k_pid_pos": [9.999999747378752e-05, 0.9500540494918823, 0.042269617319107056], "k_pid_alt": [1.9692459106445312, 1.0, 0.0], "k_pid_att": [100.0, 9.999999747378752e-05, 0.027067631483078003], "k_pid_yaw": [0.5, 1e-06, 0.1], "k_pid_hsp": [9.999999747378752e-05, 0.033299803733825684, 0.0], "k_pid_vsp": [16.287660598754883, 400.0, 400.0]}, "datetime": {"datetime": "2025-08-20 14:00:07", "elapsed": 7661.672001123428, "delta": 23.9327654838562}, "costs": {"total_cost": 1421.2583042456354, "time_cost": 150, "final_distance_cost": 37.442498741538905, "oscillation_cost": 28.564336000389098, "completition_cost": 1000.0, "overshoot_cost": 128.50275250354574, "power_cost": 38.065861169433596, "noise_cost": 38.682855830727846, "n_waypoints_completed": 0, "tot_waypoints": 9}}
{"target": -4932.612605729524, "params": {"k_pid_pos": [9.999999747378752e-05, 1.0, 0.12481486797332764], "k_pid_alt": [2.0, 1.0, 0.0], "k_pid_att": [94.47161102294922, 9.999999747378752e-05, 0.0], "k_pid_yaw": [0.5, 1e-06, 0.1], "k_pid_hsp": [9.999999747378752e-05, 0.0, 0.032184332609176636], "k_pid_vsp": [0.0, 400.0, 388.40130615234375]}, "datetime": {"datetime": "2025-08-20 14:00:33", "elapsed": 7687.609680891037, "delta": 25.937679767608643}, "costs": {"total_cost": 4932.612605729524, "time_cost": 150, "final_distance_cost": 1382.8586975801106, "oscillation_cost": 81.35022819784925, "completition_cost": 1000.0, "overshoot_cost": 2280.155657841457, "power_cost": 21.43100788574219, "noise_cost": 16.817014224363948, "n_waypoints_completed": 0, "tot_waypoints": 9}}
{"target": -1445.274620365351, "params": {"k_pid_pos": [9.999999747378752e-05, 1.0, 0.04337453842163086], "k_pid_alt": [1.8693146705627441, 1.0, 0.025113195180892944], "k_pid_att": [96.97063446044922, 0.16525626182556152, 0.040752798318862915], "k_pid_yaw": [0.5, 1e-06, 0.1], "k_pid_hsp": [0.8433211445808411, 0.019176781177520752, 0.0], "k_pid_vsp": [12.29342269897461, 400.0, 384.7071838378906]}, "datetime": {"datetime": "2025-08-20 14:01:00", "elapsed": 7715.205003976822, "delta": 27.595323085784912}, "costs": {"total_cost": 1445.274620365351, "time_cost": 150, "final_distance_cost": 7.284030983886907, "oscillation_cost": 65.44849231861646, "completition_cost": 1000.0, "overshoot_cost": 139.55186793233653, "power_cost": 19.323761242675783, "noise_cost": 63.666467887835324, "n_waypoints_completed": 0, "tot_waypoints": 9}}
{"target": -1477.2683834189172, "params": {"k_pid_pos": [0.0689626932144165, 0.9360582828521729, 0.007060647010803223], "k_pid_alt": [2.0, 1.0, 0.0004820525646209717], "k_pid_att": [100.0, 0.7982158064842224, 0.009240150451660156], "k_pid_yaw": [0.5, 1e-06, 0.1], "k_pid_hsp": [0.6158676743507385, 0.0, 0.02955871820449829], "k_pid_vsp": [3.1980276107788086, 400.0, 384.5237121582031]}, "datetime": {"datetime": "2025-08-20 14:01:28", "elapsed": 7743.0939428806305, "delta": 27.888938903808594}, "costs": {"total_cost": 1477.2683834189172, "time_cost": 150, "final_distance_cost": 14.313730689967162, "oscillation_cost": 96.73814762577757, "completition_cost": 1000.0, "overshoot_cost": 138.98300493585913, "power_cost": 18.434231396484375, "noise_cost": 58.79926877082898, "n_waypoints_completed": 0, "tot_waypoints": 9}}
{"target": -3875.3596683921037, "params": {"k_pid_pos": [9.999999747378752e-05, 0.9391566514968872, 0.0], "k_pid_alt": [2.0, 0.9928973913192749, 0.008584737777709961], "k_pid_att": [100.0, 9.999999747378752e-05, 0.05180931091308594], "k_pid_yaw": [0.5, 1e-06, 0.1], "k_pid_hsp": [9.999999747378752e-05, 0.01892438530921936, 0.0481705367565155], "k_pid_vsp": [0.0, 400.0, 400.0]}, "datetime": {"datetime": "2025-08-20 14:01:54", "elapsed": 7769.279768943787, "delta": 26.185826063156128}, "costs": {"total_cost": 3875.3596683921037, "time_cost": 150, "final_distance_cost": 995.3759853922173, "oscillation_cost": 123.8199186605435, "completition_cost": 1000.0, "overshoot_cost": 1564.749270723983, "power_cost": 23.006404406738284, "noise_cost": 18.408089208621803, "n_waypoints_completed": 0, "tot_waypoints": 9}}
{"target": -1463.726133785245, "params": {"k_pid_pos": [9.999999747378752e-05, 1.0, 0.0], "k_pid_alt": [1.9186872243881226, 0.9448146820068359, 0.03323251008987427], "k_pid_att": [96.93063354492188, 0.5170551538467407, 0.07833832502365112], "k_pid_yaw": [0.5, 1e-06, 0.1], "k_pid_hsp": [0.5576523542404175, 0.0, 0.0], "k_pid_vsp": [0.0, 399.5878601074219, 400.0]}, "datetime": {"datetime": "2025-08-20 14:02:20", "elapsed": 7794.76442360878, "delta": 25.484654664993286}, "costs": {"total_cost": 1463.726133785245, "time_cost": 150, "final_distance_cost": 17.145931334397513, "oscillation_cost": 63.911431587435096, "completition_cost": 1000.0, "overshoot_cost": 139.93300779546345, "power_cost": 22.173132263183597, "noise_cost": 70.56263080476535, "n_waypoints_completed": 0, "tot_waypoints": 9}}
{"target": -4500.195991449352, "params": {"k_pid_pos": [9.999999747378752e-05, 1.0, 0.0], "k_pid_alt": [2.0, 1.0, 0.0], "k_pid_att": [100.0, 9.999999747378752e-05, 0.0], "k_pid_yaw": [0.5, 1e-06, 0.1], "k_pid_hsp": [9.999999747378752e-05, 0.0, 0.04514661431312561], "k_pid_vsp": [0.0, 400.0, 400.0]}, "datetime": {"datetime": "2025-08-20 14:02:45", "elapsed": 7820.503998041153, "delta": 25.739574432373047}, "costs": {"total_cost": 4500.195991449352, "time_cost": 150, "final_distance_cost": 1224.1307964394184, "oscillation_cost": 135.12528367296468, "completition_cost": 1000.0, "overshoot_cost": 1953.235681379767, "power_cost": 20.669387731933593, "noise_cost": 17.03484222526718, "n_waypoints_completed": 0, "tot_waypoints": 9}}
{"target": -1458.5179937917926, "params": {"k_pid_pos": [0.00961731281131506, 1.0, 0.08621782064437866], "k_pid_alt": [2.0, 0.9520825743675232, 0.02725297212600708], "k_pid_att": [100.0, 9.999999747378752e-05, 0.0], "k_pid_yaw": [0.5, 1e-06, 0.1], "k_pid_hsp": [0.795082688331604, 0.06279975175857544, 0.0023212432861328125], "k_pid_vsp": [0.0, 400.0, 371.0412292480469]}, "datetime": {"datetime": "2025-08-20 14:03:12", "elapsed": 7846.611431360245, "delta": 26.107433319091797}, "costs": {"total_cost": 1458.5179937917926, "time_cost": 150, "final_distance_cost": 11.5983087979279, "oscillation_cost": 66.77893325322688, "completition_cost": 1000.0, "overshoot_cost": 139.26626042597047, "power_cost": 21.522286572265624, "noise_cost": 69.3522047424016, "n_waypoints_completed": 0, "tot_waypoints": 9}}
{"target": -4329.212156078865, "params": {"k_pid_pos": [9.999999747378752e-05, 0.9779084920883179, 0.041713327169418335], "k_pid_alt": [1.994929313659668, 1.0, 0.008698225021362305], "k_pid_att": [100.0, 0.32432425022125244, 0.011691480875015259], "k_pid_yaw": [0.5, 1e-06, 0.1], "k_pid_hsp": [9.999999747378752e-05, 0.0, 0.036932528018951416], "k_pid_vsp": [12.090694427490234, 361.85198974609375, 400.0]}, "datetime": {"datetime": "2025-08-20 14:03:36", "elapsed": 7871.435221195221, "delta": 24.823789834976196}, "costs": {"total_cost": 4329.212156078865, "time_cost": 150, "final_distance_cost": 1136.1336468206352, "oscillation_cost": 104.26149857819854, "completition_cost": 1000.0, "overshoot_cost": 1899.5221598353187, "power_cost": 21.723924084472657, "noise_cost": 17.570926760239292, "n_waypoints_completed": 0, "tot_waypoints": 9}}
{"target": -1839.7331435041622, "params": {"k_pid_pos": [9.999999747378752e-05, 0.9227375984191895, 0.05182638764381409], "k_pid_alt": [2.0, 0.955854594707489, 0.055378496646881104], "k_pid_att": [96.62712097167969, 9.999999747378752e-05, 0.016998350620269775], "k_pid_yaw": [0.5, 1e-06, 0.1], "k_pid_hsp": [9.999999747378752e-05, 0.013394862413406372, 0.004189580678939819], "k_pid_vsp": [0.0, 393.1622009277344, 400.0]}, "datetime": {"datetime": "2025-08-20 14:04:00", "elapsed": 7895.438156366348, "delta": 24.00293517112732}, "costs": {"total_cost": 1839.7331435041622, "time_cost": 150, "final_distance_cost": 282.266715126861, "oscillation_cost": 27.168293745826727, "completition_cost": 1000.0, "overshoot_cost": 315.3670268028868, "power_cost": 37.887002978515625, "noise_cost": 27.044104850071893, "n_waypoints_completed": 0, "tot_waypoints": 9}}
{"target": -1467.725977536099, "params": {"k_pid_pos": [0.16534125804901123, 0.9592955708503723, 0.0], "k_pid_alt": [2.0, 1.0, 0.0], "k_pid_att": [100.0, 0.07225427776575089, 0.0], "k_pid_yaw": [0.5, 1e-06, 0.1], "k_pid_hsp": [1.327373743057251, 0.03728592395782471, 0.0], "k_pid_vsp": [23.851119995117188, 400.0, 344.20263671875]}, "datetime": {"datetime": "2025-08-20 14:04:26", "elapsed": 7921.26514673233, "delta": 25.826990365982056}, "costs": {"total_cost": 1467.725977536099, "time_cost": 150, "final_distance_cost": 13.265062054080195, "oscillation_cost": 68.12287707602401, "completition_cost": 1000.0, "overshoot_cost": 138.883031000398, "power_cost": 23.575043115234376, "noise_cost": 73.87996429036218, "n_waypoints_completed": 0, "tot_waypoints": 9}}
{"target": -1477.0471022219972, "params": {"k_pid_pos": [9.999999747378752e-05, 0.9840552806854248, 0.013688325881958008], "k_pid_alt": [1.953481674194336, 1.0, 0.11784970760345459], "k_pid_att": [97.805419921875, 9.999999747378752e-05, 0.00779387354850769], "k_pid_yaw": [0.5, 1e-06, 0.1], "k_pid_hsp": [9.999999747378752e-05, 0.0547066330909729, 0.0], "k_pid_vsp": [21.616029739379883, 374.61474609375, 400.0]}, "datetime": {"datetime": "2025-08-20 14:04:53", "elapsed": 7947.627934932709, "delta": 26.362788200378418}, "costs": {"total_cost": 1477.0471022219972, "time_cost": 150, "final_distance_cost": 19.673488430040926, "oscillation_cost": 34.74079392286142, "completition_cost": 1000.0, "overshoot_cost": 150.2443832607866, "power_cost": 31.109507470703125, "noise_cost": 91.27892913760508, "n_waypoints_completed": 0, "tot_waypoints": 9}}
{"target": -1499.4906748275152, "params": {"k_pid_pos": [0.19611205160617828, 0.9657155275344849, 0.0], "k_pid_alt": [2.0, 1.0, 0.0], "k_pid_att": [87.20317840576172, 9.999999747378752e-05, 0.0011518597602844238], "k_pid_yaw": [0.5, 1e-06, 0.1], "k_pid_hsp": [0.6364438533782959, 0.022852957248687744, 0.0], "k_pid_vsp": [0.0, 400.0, 392.2809753417969]}, "datetime": {"datetime": "2025-08-20 14:05:21", "elapsed": 7976.149652481079, "delta": 28.52171754837036}, "costs": {"total_cost": 1499.4906748275152, "time_cost": 150, "final_distance_cost": 10.069154228880944, "oscillation_cost": 63.40978590633708, "completition_cost": 1000.0, "overshoot_cost": 138.80834338316743, "power_cost": 35.283677270507816, "noise_cost": 101.91971403862233, "n_waypoints_completed": 0, "tot_waypoints": 9}}
{"target": -1438.1663214960554, "params": {"k_pid_pos": [9.999999747378752e-05, 1.0, 0.07863736152648926], "k_pid_alt": [2.0, 0.9978901147842407, 0.0], "k_pid_att": [98.4610595703125, 0.40563908219337463, 0.0], "k_pid_yaw": [0.5, 1e-06, 0.1], "k_pid_hsp": [0.6747245788574219, 0.0, 0.0], "k_pid_vsp": [42.9269905090332, 400.0, 383.0635986328125]}, "datetime": {"datetime": "2025-08-20 14:05:46", "elapsed": 8001.225689411163, "delta": 25.07603693008423}, "costs": {"total_cost": 1438.1663214960554, "time_cost": 150, "final_distance_cost": 11.77746794141712, "oscillation_cost": 67.04595634568626, "completition_cost": 1000.0, "overshoot_cost": 139.41123652222274, "power_cost": 15.492816345214845, "noise_cost": 54.43884434151449, "n_waypoints_completed": 0, "tot_waypoints": 9}}
{"target": -1486.860317806565, "params": {"k_pid_pos": [9.999999747378752e-05, 0.9810420870780945, 0.1087627112865448], "k_pid_alt": [1.8792781829833984, 0.9966391324996948, 0.03801167011260986], "k_pid_att": [98.46492767333984, 0.41320788860321045, 0.012687593698501587], "k_pid_yaw": [0.5, 1e-06, 0.1], "k_pid_hsp": [0.38204362988471985, 0.0, 0.0], "k_pid_vsp": [38.010013580322266, 391.4373779296875, 396.5415954589844]}, "datetime": {"datetime": "2025-08-20 14:06:11", "elapsed": 8025.514402389526, "delta": 24.288712978363037}, "costs": {"total_cost": 1486.860317806565, "time_cost": 150, "final_distance_cost": 11.116473342863804, "oscillation_cost": 60.036317234035195, "completition_cost": 1000.0, "overshoot_cost": 139.3700344513688, "power_cost": 31.98302427978516, "noise_cost": 94.35446849851203, "n_waypoints_completed": 0, "tot_waypoints": 9}}
{"target": -1467.7756264776178, "params": {"k_pid_pos": [9.999999747378752e-05, 1.0, 0.0], "k_pid_alt": [2.0, 0.9693845510482788, 0.04931870102882385], "k_pid_att": [89.00279998779297, 9.999999747378752e-05, 0.034974247217178345], "k_pid_yaw": [0.5, 1e-06, 0.1], "k_pid_hsp": [9.999999747378752e-05, 0.07058084011077881, 0.0], "k_pid_vsp": [22.250186920166016, 400.0, 395.8568115234375]}, "datetime": {"datetime": "2025-08-20 14:06:35", "elapsed": 8049.676439285278, "delta": 24.162036895751953}, "costs": {"total_cost": 1467.7756264776178, "time_cost": 150, "final_distance_cost": 23.228026935298104, "oscillation_cost": 40.262573847146406, "completition_cost": 1000.0, "overshoot_cost": 147.11980892449057, "power_cost": 26.54128143310547, "noise_cost": 80.62393533757715, "n_waypoints_completed": 0, "tot_waypoints": 9}}
{"target": -3519.01381666248, "params": {"k_pid_pos": [0.048046499490737915, 0.9728774428367615, 0.017936378717422485], "k_pid_alt": [2.0, 0.9446364045143127, 0.03301417827606201], "k_pid_att": [100.0, 9.999999747378752e-05, 0.0], "k_pid_yaw": [0.5, 1e-06, 0.1], "k_pid_hsp": [9.999999747378752e-05, 0.0, 0.06032070517539978], "k_pid_vsp": [0.0, 400.0, 392.0899658203125]}, "datetime": {"datetime": "2025-08-20 14:06:59", "elapsed": 8073.878503322601, "delta": 24.202064037322998}, "costs": {"total_cost": 3519.01381666248, "time_cost": 150, "final_distance_cost": 786.6891565295624, "oscillation_cost": 219.62253858741158, "completition_cost": 1000.0, "overshoot_cost": 1322.8497389331885, "power_cost": 22.129209973144533, "noise_cost": 17.723172639172912, "n_waypoints_completed": 0, "tot_waypoints": 9}}
{"target": -2369.727651005703, "params": {"k_pid_pos": [9.999999747378752e-05, 0.9727075695991516, 0.06199139356613159], "k_pid_alt": [2.0, 0.9946304559707642, 0.023997604846954346], "k_pid_att": [95.84716796875, 9.999999747378752e-05, 0.0], "k_pid_yaw": [0.5, 1e-06, 0.1], "k_pid_hsp": [9.999999747378752e-05, 0.06523135304450989, 0.05250099301338196], "k_pid_vsp": [0.0, 391.4710388183594, 398.8092041015625]}, "datetime": {"datetime": "2025-08-20 14:07:27", "elapsed": 8102.038925170898, "delta": 28.16042184829712}, "costs": {"total_cost": 2369.727651005703, "time_cost": 150, "final_distance_cost": 386.05494912859507, "oscillation_cost": 131.33642563812936, "completition_cost": 1000.0, "overshoot_cost": 662.2586438299475, "power_cost": 22.406092602539065, "noise_cost": 17.671539806492273, "n_waypoints_completed": 0, "tot_waypoints": 9}}
{"target": -1742.368292775802, "params": {"k_pid_pos": [0.03132614865899086, 0.9677715301513672, 0.0048857033252716064], "k_pid_alt": [2.0, 1.0, 0.0], "k_pid_att": [99.24053192138672, 0.022258996963500977, 0.09561526775360107], "k_pid_yaw": [0.5, 1e-06, 0.1], "k_pid_hsp": [9.999999747378752e-05, 0.012384355068206787, 0.0], "k_pid_vsp": [2.9339075088500977, 400.0, 396.5101013183594]}, "datetime": {"datetime": "2025-08-20 14:07:51", "elapsed": 8126.047751426697, "delta": 24.00882625579834}, "costs": {"total_cost": 1742.368292775802, "time_cost": 150, "final_distance_cost": 295.3848335861567, "oscillation_cost": 31.439880592627716, "completition_cost": 888.8888888888888, "overshoot_cost": 351.472773327826, "power_cost": 12.013975634765625, "noise_cost": 13.167940745537427, "n_waypoints_completed": 1, "tot_waypoints": 9}}
{"target": -1839.9269477033881, "params": {"k_pid_pos": [0.0006916061392985284, 1.0, 0.0050792694091796875], "k_pid_alt": [1.9773145914077759, 0.9167165756225586, 0.0638459324836731], "k_pid_att": [97.2092056274414, 9.999999747378752e-05, 0.0], "k_pid_yaw": [0.5, 1e-06, 0.1], "k_pid_hsp": [9.999999747378752e-05, 0.0, 0.009532690048217773], "k_pid_vsp": [0.0, 400.0, 395.4946594238281]}, "datetime": {"datetime": "2025-08-20 14:08:15", "elapsed": 8149.7279262542725, "delta": 23.680174827575684}, "costs": {"total_cost": 1839.9269477033881, "time_cost": 150, "final_distance_cost": 325.3016798459513, "oscillation_cost": 27.126534747618788, "completition_cost": 888.8888888888888, "overshoot_cost": 383.9683783432938, "power_cost": 37.86284864501953, "noise_cost": 26.77861723261594, "n_waypoints_completed": 1, "tot_waypoints": 9}}
{"target": -1489.368275403215, "params": {"k_pid_pos": [0.03562217578291893, 1.0, 0.05922648310661316], "k_pid_alt": [1.9898594617843628, 1.0, 0.0], "k_pid_att": [100.0, 9.999999747378752e-05, 0.019562751054763794], "k_pid_yaw": [0.5, 1e-06, 0.1], "k_pid_hsp": [0.44352787733078003, 0.016957968473434448, 0.013495028018951416], "k_pid_vsp": [15.870237350463867, 381.9809265136719, 394.1800537109375]}, "datetime": {"datetime": "2025-08-20 14:08:45", "elapsed": 8179.6384353637695, "delta": 29.91050910949707}, "costs": {"total_cost": 1489.368275403215, "time_cost": 150, "final_distance_cost": 22.16874894637188, "oscillation_cost": 87.4286899159501, "completition_cost": 1000.0, "overshoot_cost": 141.98646179376834, "power_cost": 20.74330947265625, "noise_cost": 67.04106527446847, "n_waypoints_completed": 0, "tot_waypoints": 9}}
