{"target": -3414.864592006984, "params": {"k_pid_pos": [9.999999747378752e-05, 0.9469163417816162, 0.0], "k_pid_alt": [2.0, 1.0, 0.010160297155380249], "k_pid_att": [100.0, 9.999999747378752e-05, 0.0], "k_pid_yaw": [0.5, 1e-06, 0.1], "k_pid_hsp": [9.999999747378752e-05, 0.0, 0.02891823649406433], "k_pid_vsp": [0.0, 391.8761291503906, 400.0]}, "datetime": {"datetime": "2025-08-20 23:21:27", "elapsed": 41342.084681749344, "delta": 24.10080051422119}, "costs": {"total_cost": 3414.864592006984, "time_cost": 150, "final_distance_cost": 854.9214533967656, "oscillation_cost": 110.05363777632745, "completition_cost": 1000.0, "overshoot_cost": 1281.0325763104938, "power_cost": 8.687924816894531, "noise_cost": 10.168999706502547, "n_waypoints_completed": 0, "tot_waypoints": 9}}
{"target": -1341.4802362540206, "params": {"k_pid_pos": [9.999999747378752e-05, 0.9350137710571289, 0.0], "k_pid_alt": [2.0, 1.0, 0.024078309535980225], "k_pid_att": [100.0, 9.999999747378752e-05, 0.039131343364715576], "k_pid_yaw": [0.5, 1e-06, 0.1], "k_pid_hsp": [0.15865391492843628, 0.027560383081436157, 0.04951310157775879], "k_pid_vsp": [0.0, 386.616943359375, 392.24151611328125]}, "datetime": {"datetime": "2025-08-20 23:21:52", "elapsed": 41367.06130552292, "delta": 24.97662377357483}, "costs": {"total_cost": 1341.4802362540206, "time_cost": 150, "final_distance_cost": 61.1281414324893, "oscillation_cost": 114.69931223756132, "completition_cost": 888.8888888888888, "overshoot_cost": 90.19048425636181, "power_cost": 16.825147863769534, "noise_cost": 19.748261574949762, "n_waypoints_completed": 1, "tot_waypoints": 9}}
{"target": -2629.030264376599, "params": {"k_pid_pos": [0.08027186989784241, 1.0, 0.0], "k_pid_alt": [1.885394811630249, 0.9856774806976318, 0.06980124115943909], "k_pid_att": [100.0, 0.5081819295883179, 0.015853077173233032], "k_pid_yaw": [0.5, 1e-06, 0.1], "k_pid_hsp": [9.999999747378752e-05, 0.028746217489242554, 0.07191795110702515], "k_pid_vsp": [22.204994201660156, 400.0, 400.0]}, "datetime": {"datetime": "2025-08-20 23:22:14", "elapsed": 41389.1067340374, "delta": 22.04542851448059}, "costs": {"total_cost": 2629.030264376599, "time_cost": 150, "final_distance_cost": 415.065490959228, "oscillation_cost": 313.3844021660471, "completition_cost": 1000.0, "overshoot_cost": 710.3459863200991, "power_cost": 22.40447105712891, "noise_cost": 17.82991387409584, "n_waypoints_completed": 0, "tot_waypoints": 9}}
{"target": -3162.7108336722945, "params": {"k_pid_pos": [0.06292492151260376, 0.9853808879852295, 0.0], "k_pid_alt": [1.8884483575820923, 0.9928401708602905, 0.012104570865631104], "k_pid_att": [100.0, 0.33427008986473083, 0.0164945125579834], "k_pid_yaw": [0.5, 1e-06, 0.1], "k_pid_hsp": [9.999999747378752e-05, 0.0, 0.02779322862625122], "k_pid_vsp": [7.073342800140381, 400.0, 400.0]}, "datetime": {"datetime": "2025-08-20 23:22:39", "elapsed": 41414.15265703201, "delta": 25.045922994613647}, "costs": {"total_cost": 3162.7108336722945, "time_cost": 150, "final_distance_cost": 753.7009285752474, "oscillation_cost": 100.41263010836147, "completition_cost": 1000.0, "overshoot_cost": 1097.5660523431986, "power_cost": 36.284217773437504, "noise_cost": 24.747004872049192, "n_waypoints_completed": 0, "tot_waypoints": 9}}
{"target": -1919.8238535060457, "params": {"k_pid_pos": [0.2752300798892975, 1.0, 0.01573503017425537], "k_pid_alt": [1.9884270429611206, 0.9183501601219177, 0.0], "k_pid_att": [100.0, 9.999999747378752e-05, 0.01753172278404236], "k_pid_yaw": [0.5, 1e-06, 0.1], "k_pid_hsp": [9.999999747378752e-05, 0.0, 0.0], "k_pid_vsp": [13.73690414428711, 386.59759521484375, 400.0]}, "datetime": {"datetime": "2025-08-20 23:23:02", "elapsed": 41437.195387125015, "delta": 23.04273009300232}, "costs": {"total_cost": 1919.8238535060457, "time_cost": 150, "final_distance_cost": 336.3098024633026, "oscillation_cost": 31.173097690340658, "completition_cost": 1000.0, "overshoot_cost": 377.6754217478355, "power_cost": 11.41175439453125, "noise_cost": 13.253777210035707, "n_waypoints_completed": 0, "tot_waypoints": 9}}
{"target": -1435.6075717406063, "params": {"k_pid_pos": [9.999999747378752e-05, 1.0, 0.0], "k_pid_alt": [2.0, 0.9776684045791626, 0.0060631632804870605], "k_pid_att": [100.0, 9.999999747378752e-05, 0.0], "k_pid_yaw": [0.5, 1e-06, 0.1], "k_pid_hsp": [9.999999747378752e-05, 0.09141001105308533, 0.01983398199081421], "k_pid_vsp": [14.260530471801758, 400.0, 400.0]}, "datetime": {"datetime": "2025-08-20 23:23:25", "elapsed": 41459.834277153015, "delta": 22.638890027999878}, "costs": {"total_cost": 1435.6075717406063, "time_cost": 150, "final_distance_cost": 5.002300214043456, "oscillation_cost": 48.37370897665966, "completition_cost": 1000.0, "overshoot_cost": 144.974956361866, "power_cost": 20.292515698242187, "noise_cost": 66.96409048979505, "n_waypoints_completed": 0, "tot_waypoints": 9}}
{"target": -2540.048127737556, "params": {"k_pid_pos": [9.999999747378752e-05, 0.9667307734489441, 0.07635059952735901], "k_pid_alt": [1.99251127243042, 1.0, 0.0], "k_pid_att": [100.0, 9.999999747378752e-05, 0.0], "k_pid_yaw": [0.5, 1e-06, 0.1], "k_pid_hsp": [9.999999747378752e-05, 0.009977549314498901, 0.08319568634033203], "k_pid_vsp": [17.413436889648438, 400.0, 382.1310729980469]}, "datetime": {"datetime": "2025-08-20 23:23:50", "elapsed": 41484.51769590378, "delta": 24.68341875076294}, "costs": {"total_cost": 2540.048127737556, "time_cost": 150, "final_distance_cost": 374.2472199901543, "oscillation_cost": 361.97487727667664, "completition_cost": 1000.0, "overshoot_cost": 615.0149493494082, "power_cost": 21.476200012207034, "noise_cost": 17.334881109109993, "n_waypoints_completed": 0, "tot_waypoints": 9}}
{"target": -1481.1936468404535, "params": {"k_pid_pos": [9.999999747378752e-05, 1.0, 0.046839773654937744], "k_pid_alt": [2.0, 1.0, 0.0], "k_pid_att": [100.0, 9.999999747378752e-05, 0.0], "k_pid_yaw": [0.5, 1e-06, 0.1], "k_pid_hsp": [0.7040748000144958, 0.0, 0.0], "k_pid_vsp": [1.6523003578186035, 400.0, 400.0]}, "datetime": {"datetime": "2025-08-20 23:24:13", "elapsed": 41508.3598549366, "delta": 23.842159032821655}, "costs": {"total_cost": 1481.1936468404535, "time_cost": 150, "final_distance_cost": 12.491037728814813, "oscillation_cost": 65.0447018134821, "completition_cost": 1000.0, "overshoot_cost": 139.58931572235647, "power_cost": 28.425176501464843, "noise_cost": 85.64341507433521, "n_waypoints_completed": 0, "tot_waypoints": 9}}
{"target": -1389.2078703459792, "params": {"k_pid_pos": [0.0013083044905215502, 0.9474585056304932, 0.048531174659729004], "k_pid_alt": [2.0, 1.0, 0.027094900608062744], "k_pid_att": [99.39358520507812, 0.26040637493133545, 0.046463608741760254], "k_pid_yaw": [0.5, 1e-06, 0.1], "k_pid_hsp": [0.3084641993045807, 0.053688496351242065, 0.0], "k_pid_vsp": [0.0, 400.0, 400.0]}, "datetime": {"datetime": "2025-08-20 23:24:37", "elapsed": 41532.24147057533, "delta": 23.88161563873291}, "costs": {"total_cost": 1389.2078703459792, "time_cost": 150, "final_distance_cost": 12.907769036234635, "oscillation_cost": 62.526817576871984, "completition_cost": 1000.0, "overshoot_cost": 140.2612353693252, "power_cost": 1.9183175048828125, "noise_cost": 21.593730858664447, "n_waypoints_completed": 0, "tot_waypoints": 9}}
{"target": -1409.3454999086669, "params": {"k_pid_pos": [0.0019663069397211075, 0.9933698177337646, 0.011399537324905396], "k_pid_alt": [1.919899582862854, 0.9696197509765625, 0.06324243545532227], "k_pid_att": [100.0, 0.5176967978477478, 0.0], "k_pid_yaw": [0.5, 1e-06, 0.1], "k_pid_hsp": [0.7076683044433594, 0.0, 0.0], "k_pid_vsp": [0.0, 400.0, 377.0130615234375]}, "datetime": {"datetime": "2025-08-20 23:25:01", "elapsed": 41555.739048719406, "delta": 23.497578144073486}, "costs": {"total_cost": 1409.3454999086669, "time_cost": 150, "final_distance_cost": 14.58196923087658, "oscillation_cost": 68.0424599121261, "completition_cost": 1000.0, "overshoot_cost": 139.73683466998222, "power_cost": 5.814893762207031, "noise_cost": 31.169342333474717, "n_waypoints_completed": 0, "tot_waypoints": 9}}
{"target": -1410.3361063470795, "params": {"k_pid_pos": [9.999999747378752e-05, 1.0, 0.06534984707832336], "k_pid_alt": [1.7888035774230957, 0.9147663116455078, 0.04910889267921448], "k_pid_att": [100.0, 0.41560664772987366, 0.0], "k_pid_yaw": [0.5, 1e-06, 0.1], "k_pid_hsp": [0.027802173048257828, 0.0, 0.008540719747543335], "k_pid_vsp": [0.0, 348.47869873046875, 400.0]}, "datetime": {"datetime": "2025-08-20 23:25:24", "elapsed": 41578.59922218323, "delta": 22.86017346382141}, "costs": {"total_cost": 1410.3361063470795, "time_cost": 150, "final_distance_cost": 18.61226854302899, "oscillation_cost": 38.18566825261274, "completition_cost": 1000.0, "overshoot_cost": 138.01601072679654, "power_cost": 17.39043231201172, "noise_cost": 48.131726512629534, "n_waypoints_completed": 0, "tot_waypoints": 9}}
{"target": -1910.6703739488248, "params": {"k_pid_pos": [0.03221874311566353, 0.9787424802780151, 0.0], "k_pid_alt": [2.0, 1.0, 0.0], "k_pid_att": [93.6971206665039, 0.20668435096740723, 0.0], "k_pid_yaw": [0.5, 1e-06, 0.1], "k_pid_hsp": [9.999999747378752e-05, 0.0, 0.0], "k_pid_vsp": [43.93398666381836, 400.0, 400.0]}, "datetime": {"datetime": "2025-08-20 23:25:48", "elapsed": 41602.61298465729, "delta": 24.01376247406006}, "costs": {"total_cost": 1910.6703739488248, "time_cost": 150, "final_distance_cost": 332.49119833592295, "oscillation_cost": 29.178016191970663, "completition_cost": 1000.0, "overshoot_cost": 373.0792632593803, "power_cost": 11.869585253906251, "noise_cost": 14.05231090764476, "n_waypoints_completed": 0, "tot_waypoints": 9}}
{"target": -1770.654582609484, "params": {"k_pid_pos": [0.13363657891750336, 0.9557876586914062, 0.02989169955253601], "k_pid_alt": [1.995840311050415, 0.941869854927063, 0.0], "k_pid_att": [98.75999450683594, 0.18833793699741364, 0.0], "k_pid_yaw": [0.5, 1e-06, 0.1], "k_pid_hsp": [9.999999747378752e-05, 0.015996575355529785, 0.0], "k_pid_vsp": [0.0, 400.0, 400.0]}, "datetime": {"datetime": "2025-08-20 23:26:11", "elapsed": 41625.79934382439, "delta": 23.186359167099}, "costs": {"total_cost": 1770.654582609484, "time_cost": 150, "final_distance_cost": 252.8890061236062, "oscillation_cost": 26.40850941045205, "completition_cost": 1000.0, "overshoot_cost": 275.98894451810395, "power_cost": 37.888623461914065, "noise_cost": 27.479499095407895, "n_waypoints_completed": 0, "tot_waypoints": 9}}
{"target": -1932.386153565313, "params": {"k_pid_pos": [9.999999747378752e-05, 0.9388697147369385, 0.0], "k_pid_alt": [2.0, 0.939868688583374, 0.029591679573059082], "k_pid_att": [100.0, 0.527760922908783, 0.07672303915023804], "k_pid_yaw": [0.5, 1e-06, 0.1], "k_pid_hsp": [9.999999747378752e-05, 0.0064470767974853516, 0.0], "k_pid_vsp": [23.271488189697266, 400.0, 400.0]}, "datetime": {"datetime": "2025-08-20 23:26:35", "elapsed": 41649.54971718788, "delta": 23.750373363494873}, "costs": {"total_cost": 1932.386153565313, "time_cost": 150, "final_distance_cost": 322.8900030087123, "oscillation_cost": 25.26469089666453, "completition_cost": 1000.0, "overshoot_cost": 368.79256841531804, "power_cost": 37.855529528808596, "noise_cost": 27.58336171580932, "n_waypoints_completed": 0, "tot_waypoints": 9}}
{"target": -1464.0405062861407, "params": {"k_pid_pos": [0.00972906593233347, 1.0, 0.027376890182495117], "k_pid_alt": [2.0, 1.0, 0.03734689950942993], "k_pid_att": [85.8764877319336, 0.21161331236362457, 0.011967569589614868], "k_pid_yaw": [0.5, 1e-06, 0.1], "k_pid_hsp": [9.999999747378752e-05, 0.06135571002960205, 0.0], "k_pid_vsp": [0.0, 379.0574035644531, 400.0]}, "datetime": {"datetime": "2025-08-20 23:26:58", "elapsed": 41673.356487989426, "delta": 23.80677080154419}, "costs": {"total_cost": 1464.0405062861407, "time_cost": 150, "final_distance_cost": 10.654501179781178, "oscillation_cost": 35.595184487577335, "completition_cost": 1000.0, "overshoot_cost": 148.72644867826276, "power_cost": 30.107088647460937, "noise_cost": 88.95728329305852, "n_waypoints_completed": 0, "tot_waypoints": 9}}
{"target": -1515.345374149405, "params": {"k_pid_pos": [0.05099547281861305, 0.9683796763420105, 0.0], "k_pid_alt": [2.0, 0.9910306334495544, 0.0], "k_pid_att": [100.0, 9.999999747378752e-05, 0.0], "k_pid_yaw": [0.5, 1e-06, 0.1], "k_pid_hsp": [0.4280516803264618, 0.019212067127227783, 0.07748666405677795], "k_pid_vsp": [12.955451011657715, 393.4849853515625, 395.4042053222656]}, "datetime": {"datetime": "2025-08-20 23:27:22", "elapsed": 41697.17029428482, "delta": 23.813806295394897}, "costs": {"total_cost": 1515.345374149405, "time_cost": 150, "final_distance_cost": 19.844049738343635, "oscillation_cost": 161.47974806330333, "completition_cost": 1000.0, "overshoot_cost": 131.66811304030213, "power_cost": 18.881164208984377, "noise_cost": 33.472299098471645, "n_waypoints_completed": 0, "tot_waypoints": 9}}
{"target": -2337.3733664129086, "params": {"k_pid_pos": [0.0251527838408947, 1.0, 0.0], "k_pid_alt": [2.0, 1.0, 0.0], "k_pid_att": [92.72196960449219, 0.6093982458114624, 0.0], "k_pid_yaw": [0.5, 1e-06, 0.1], "k_pid_hsp": [9.999999747378752e-05, 0.0, 0.02342897653579712], "k_pid_vsp": [0.0, 400.0, 382.7141418457031]}, "datetime": {"datetime": "2025-08-20 23:27:46", "elapsed": 41720.63749623299, "delta": 23.467201948165894}, "costs": {"total_cost": 2337.3733664129086, "time_cost": 150, "final_distance_cost": 458.86921914493485, "oscillation_cost": 82.1065669379752, "completition_cost": 1000.0, "overshoot_cost": 584.5160849061805, "power_cost": 36.15657326660156, "noise_cost": 25.724922157216398, "n_waypoints_completed": 0, "tot_waypoints": 9}}
{"target": -1437.59613762965, "params": {"k_pid_pos": [0.1068505123257637, 1.0, 0.0], "k_pid_alt": [2.0, 1.0, 0.0], "k_pid_att": [100.0, 9.999999747378752e-05, 0.07397043704986572], "k_pid_yaw": [0.5, 1e-06, 0.1], "k_pid_hsp": [0.17650383710861206, 0.0008226931095123291, 0.03692778944969177], "k_pid_vsp": [0.0, 400.0, 400.0]}, "datetime": {"datetime": "2025-08-20 23:28:08", "elapsed": 41743.05628108978, "delta": 22.418784856796265}, "costs": {"total_cost": 1437.59613762965, "time_cost": 150, "final_distance_cost": 7.38768478497005, "oscillation_cost": 69.77412975695587, "completition_cost": 1000.0, "overshoot_cost": 136.7314274512616, "power_cost": 20.581148364257814, "noise_cost": 53.121747272204594, "n_waypoints_completed": 0, "tot_waypoints": 9}}
{"target": -4785.975621610224, "params": {"k_pid_pos": [0.11281449347734451, 0.9581648111343384, 0.07311943173408508], "k_pid_alt": [2.0, 0.9736828804016113, 0.095181405544281], "k_pid_att": [97.69264221191406, 0.2768147587776184, 0.015653640031814575], "k_pid_yaw": [0.5, 1e-06, 0.1], "k_pid_hsp": [9.999999747378752e-05, 0.0, 0.03296852111816406], "k_pid_vsp": [0.0, 400.0, 400.0]}, "datetime": {"datetime": "2025-08-20 23:28:33", "elapsed": 41768.0852022171, "delta": 25.028921127319336}, "costs": {"total_cost": 4785.975621610224, "time_cost": 150, "final_distance_cost": 1342.299809943262, "oscillation_cost": 73.59080844692335, "completition_cost": 1000.0, "overshoot_cost": 2186.427425539271, "power_cost": 18.42104609375, "noise_cost": 15.236531587017447, "n_waypoints_completed": 0, "tot_waypoints": 9}}
{"target": -1920.5717339450482, "params": {"k_pid_pos": [9.999999747378752e-05, 1.0, 0.0], "k_pid_alt": [2.0, 0.985320508480072, 0.0], "k_pid_att": [95.49539947509766, 9.999999747378752e-05, 0.0], "k_pid_yaw": [0.5, 1e-06, 0.1], "k_pid_hsp": [9.999999747378752e-05, 0.0, 0.0], "k_pid_vsp": [0.0, 400.0, 400.0]}, "datetime": {"datetime": "2025-08-20 23:28:55", "elapsed": 41790.007929086685, "delta": 21.92272686958313}, "costs": {"total_cost": 1920.5717339450482, "time_cost": 150, "final_distance_cost": 336.06845751078004, "oscillation_cost": 29.72617109378897, "completition_cost": 1000.0, "overshoot_cost": 378.8541821188723, "power_cost": 11.859426330566407, "noise_cost": 14.063496891040531, "n_waypoints_completed": 0, "tot_waypoints": 9}}
{"target": -1417.0936960454962, "params": {"k_pid_pos": [9.999999747378752e-05, 0.9420572519302368, 0.0], "k_pid_alt": [2.0, 1.0, 0.04252082109451294], "k_pid_att": [99.52072143554688, 0.8090699911117554, 0.04938986897468567], "k_pid_yaw": [0.5, 1e-06, 0.1], "k_pid_hsp": [0.1819915920495987, 0.0, 0.0], "k_pid_vsp": [4.2678117752075195, 400.0, 388.0477294921875]}, "datetime": {"datetime": "2025-08-20 23:29:20", "elapsed": 41814.58095598221, "delta": 24.57302689552307}, "costs": {"total_cost": 1417.0936960454962, "time_cost": 150, "final_distance_cost": 14.382430637353917, "oscillation_cost": 57.21392126049704, "completition_cost": 1000.0, "overshoot_cost": 140.277144300179, "power_cost": 11.217825158691406, "noise_cost": 44.00237468877472, "n_waypoints_completed": 0, "tot_waypoints": 9}}
{"target": -1464.0683646747455, "params": {"k_pid_pos": [9.999999747378752e-05, 1.0, 0.03394636511802673], "k_pid_alt": [2.0, 0.9798510074615479, 0.007601648569107056], "k_pid_att": [100.0, 0.5728108882904053, 0.020488440990447998], "k_pid_yaw": [0.5, 1e-06, 0.1], "k_pid_hsp": [0.31600502133369446, 0.0405862033367157, 0.003539055585861206], "k_pid_vsp": [0.0, 394.4757080078125, 360.52880859375]}, "datetime": {"datetime": "2025-08-20 23:29:44", "elapsed": 41838.819595336914, "delta": 24.23863935470581}, "costs": {"total_cost": 1464.0683646747455, "time_cost": 150, "final_distance_cost": 10.01783571444185, "oscillation_cost": 71.65691221525522, "completition_cost": 1000.0, "overshoot_cost": 141.8060756180943, "power_cost": 21.481539782714844, "noise_cost": 69.10600134423916, "n_waypoints_completed": 0, "tot_waypoints": 9}}
{"target": -1974.9439162037952, "params": {"k_pid_pos": [9.999999747378752e-05, 0.9347469806671143, 0.08462035655975342], "k_pid_alt": [1.917442798614502, 1.0, 0.006666809320449829], "k_pid_att": [100.0, 9.999999747378752e-05, 0.007763177156448364], "k_pid_yaw": [0.5, 1e-06, 0.1], "k_pid_hsp": [9.999999747378752e-05, 0.0, 0.0], "k_pid_vsp": [4.532158374786377, 376.4537353515625, 400.0]}, "datetime": {"datetime": "2025-08-20 23:30:06", "elapsed": 41860.910111904144, "delta": 22.090516567230225}, "costs": {"total_cost": 1974.9439162037952, "time_cost": 150, "final_distance_cost": 342.82486827302176, "oscillation_cost": 25.19551851985681, "completition_cost": 1000.0, "overshoot_cost": 390.9842027114953, "power_cost": 37.93729509277344, "noise_cost": 28.002031606647975, "n_waypoints_completed": 0, "tot_waypoints": 9}}
{"target": -1387.3970435003553, "params": {"k_pid_pos": [9.999999747378752e-05, 1.0, 0.0], "k_pid_alt": [1.9969453811645508, 0.9238400459289551, 0.07546603679656982], "k_pid_att": [100.0, 9.999999747378752e-05, 0.0063627660274505615], "k_pid_yaw": [0.5, 1e-06, 0.1], "k_pid_hsp": [0.290246844291687, 0.0, 0.0], "k_pid_vsp": [0.0, 395.12835693359375, 400.0]}, "datetime": {"datetime": "2025-08-20 23:30:31", "elapsed": 41885.73040962219, "delta": 24.820297718048096}, "costs": {"total_cost": 1387.3970435003553, "time_cost": 150, "final_distance_cost": 7.829863715740172, "oscillation_cost": 61.51923800682287, "completition_cost": 1000.0, "overshoot_cost": 140.3048541861322, "power_cost": 3.1204907958984376, "noise_cost": 24.622596795761595, "n_waypoints_completed": 0, "tot_waypoints": 9}}
{"target": -1426.1703680075566, "params": {"k_pid_pos": [9.999999747378752e-05, 1.0, 0.012827962636947632], "k_pid_alt": [2.0, 0.9871805906295776, 0.07190778851509094], "k_pid_att": [96.51873016357422, 0.4560772180557251, 0.0], "k_pid_yaw": [0.5, 1e-06, 0.1], "k_pid_hsp": [0.1834283471107483, 0.0, 0.0], "k_pid_vsp": [13.10015869140625, 400.0, 400.0]}, "datetime": {"datetime": "2025-08-20 23:30:53", "elapsed": 41907.757185935974, "delta": 22.02677631378174}, "costs": {"total_cost": 1426.1703680075566, "time_cost": 150, "final_distance_cost": 17.49584872125733, "oscillation_cost": 56.38912441798171, "completition_cost": 1000.0, "overshoot_cost": 140.46381427689366, "power_cost": 13.133332678222656, "noise_cost": 48.688247913201415, "n_waypoints_completed": 0, "tot_waypoints": 9}}
{"target": -1906.8399192581026, "params": {"k_pid_pos": [9.999999747378752e-05, 0.9748255014419556, 0.06944084167480469], "k_pid_alt": [2.0, 0.9863816499710083, 0.0], "k_pid_att": [100.0, 9.999999747378752e-05, 0.022038131952285767], "k_pid_yaw": [0.5, 1e-06, 0.1], "k_pid_hsp": [9.999999747378752e-05, 0.0, 0.022251605987548828], "k_pid_vsp": [32.78539276123047, 386.70068359375, 371.085693359375]}, "datetime": {"datetime": "2025-08-20 23:31:18", "elapsed": 41933.19893503189, "delta": 25.441749095916748}, "costs": {"total_cost": 1906.8399192581026, "time_cost": 150, "final_distance_cost": 359.89188496208214, "oscillation_cost": 72.65771571514786, "completition_cost": 888.8888888888888, "overshoot_cost": 412.13882608960716, "power_cost": 11.280365209960937, "noise_cost": 11.982238392415603, "n_waypoints_completed": 1, "tot_waypoints": 9}}
{"target": -2268.4694956570256, "params": {"k_pid_pos": [9.999999747378752e-05, 0.919651985168457, 0.0], "k_pid_alt": [1.9093343019485474, 0.9339776039123535, 0.0], "k_pid_att": [98.18070220947266, 9.999999747378752e-05, 0.01686042547225952], "k_pid_yaw": [0.5, 1e-06, 0.1], "k_pid_hsp": [9.999999747378752e-05, 0.048143088817596436, 0.03323131799697876], "k_pid_vsp": [1.3118624687194824, 400.0, 400.0]}, "datetime": {"datetime": "2025-08-20 23:31:41", "elapsed": 41956.219365119934, "delta": 23.020430088043213}, "costs": {"total_cost": 2268.4694956570256, "time_cost": 150, "final_distance_cost": 436.9363492092076, "oscillation_cost": 87.42494809130088, "completition_cost": 1000.0, "overshoot_cost": 565.816902689023, "power_cost": 14.533463452148439, "noise_cost": 13.757832215346514, "n_waypoints_completed": 0, "tot_waypoints": 9}}
