{"target": -1950.2355247652458, "params": {"k_pid_pos": [9.999999747378752e-05, 0.8600741624832153, 0.0], "k_pid_alt": [1.9833495616912842, 1.0, 0.0], "k_pid_att": [93.04246520996094, 9.999999747378752e-05, 0.0], "k_pid_yaw": [0.5, 1e-06, 0.1], "k_pid_hsp": [9.999999747378752e-05, 0.0, 0.0], "k_pid_vsp": [30.043994903564453, 400.0, 358.93341064453125]}, "datetime": {"datetime": "2025-08-20 15:46:48", "elapsed": 14062.662488222122, "delta": 22.26783776283264}, "costs": {"total_cost": 1950.2355247652458, "time_cost": 150, "final_distance_cost": 333.6612730421699, "oscillation_cost": 24.537719424860306, "completition_cost": 1000.0, "overshoot_cost": 376.10912709080054, "power_cost": 37.88081890869141, "noise_cost": 28.046586298723646, "n_waypoints_completed": 0, "tot_waypoints": 9}}
{"target": -1494.9563066556955, "params": {"k_pid_pos": [9.999999747378752e-05, 0.9847944974899292, 0.0], "k_pid_alt": [1.8945562839508057, 1.0, 0.0038157403469085693], "k_pid_att": [100.0, 0.0906248390674591, 0.026249736547470093], "k_pid_yaw": [0.5, 1e-06, 0.1], "k_pid_hsp": [0.1751493364572525, 0.05410367250442505, 0.0], "k_pid_vsp": [15.523111343383789, 382.62933349609375, 377.3634033203125]}, "datetime": {"datetime": "2025-08-20 15:47:10", "elapsed": 14085.313430786133, "delta": 22.65094256401062}, "costs": {"total_cost": 1494.9563066556955, "time_cost": 150, "final_distance_cost": 16.005642788746176, "oscillation_cost": 54.1533340244099, "completition_cost": 1000.0, "overshoot_cost": 141.80548039384405, "power_cost": 33.905586157226566, "noise_cost": 99.08626329146884, "n_waypoints_completed": 0, "tot_waypoints": 9}}
{"target": -1382.894411507806, "params": {"k_pid_pos": [9.999999747378752e-05, 0.9615702629089355, 0.019948840141296387], "k_pid_alt": [1.9961316585540771, 0.981288492679596, 0.04312223196029663], "k_pid_att": [100.0, 9.999999747378752e-05, 0.05397734045982361], "k_pid_yaw": [0.5, 1e-06, 0.1], "k_pid_hsp": [0.17327897250652313, 0.023419886827468872, 0.0], "k_pid_vsp": [12.908638000488281, 388.0484619140625, 394.44805908203125]}, "datetime": {"datetime": "2025-08-20 15:47:32", "elapsed": 14107.297928333282, "delta": 21.984497547149658}, "costs": {"total_cost": 1382.894411507806, "time_cost": 150, "final_distance_cost": 10.631135125370673, "oscillation_cost": 57.596572320180584, "completition_cost": 1000.0, "overshoot_cost": 140.78733314987932, "power_cost": 2.0057206787109374, "noise_cost": 21.873650233664446, "n_waypoints_completed": 0, "tot_waypoints": 9}}
{"target": -1397.857871663163, "params": {"k_pid_pos": [0.057767413556575775, 1.0, 0.0], "k_pid_alt": [2.0, 0.9621144533157349, 0.0], "k_pid_att": [100.0, 9.999999747378752e-05, 0.0], "k_pid_yaw": [0.5, 1e-06, 0.1], "k_pid_hsp": [0.47765716910362244, 0.0, 0.0], "k_pid_vsp": [0.0, 400.0, 400.0]}, "datetime": {"datetime": "2025-08-20 15:47:55", "elapsed": 14129.632468938828, "delta": 22.334540605545044}, "costs": {"total_cost": 1397.857871663163, "time_cost": 150, "final_distance_cost": 9.252522065554095, "oscillation_cost": 64.82404133742105, "completition_cost": 1000.0, "overshoot_cost": 139.71876646189665, "power_cost": 4.942363378906251, "noise_cost": 29.120178419384867, "n_waypoints_completed": 0, "tot_waypoints": 9}}
{"target": -1489.3212408913232, "params": {"k_pid_pos": [0.08736243844032288, 1.0, 0.025413721799850464], "k_pid_alt": [2.0, 0.9502644538879395, 0.0], "k_pid_att": [99.58003997802734, 0.2170804888010025, 0.053318679332733154], "k_pid_yaw": [0.5, 1e-06, 0.1], "k_pid_hsp": [9.999999747378752e-05, 0.02344420552253723, 0.0], "k_pid_vsp": [5.068731307983398, 400.0, 395.15289306640625]}, "datetime": {"datetime": "2025-08-20 15:48:17", "elapsed": 14152.11662364006, "delta": 22.48415470123291}, "costs": {"total_cost": 1489.3212408913232, "time_cost": 150, "final_distance_cost": 134.96482330469104, "oscillation_cost": 31.5352663808879, "completition_cost": 1000.0, "overshoot_cost": 141.43775856080657, "power_cost": 15.362685742187502, "noise_cost": 16.02070690275005, "n_waypoints_completed": 0, "tot_waypoints": 9}}
{"target": -1465.7851354224358, "params": {"k_pid_pos": [9.999999747378752e-05, 1.0, 0.0], "k_pid_alt": [2.0, 1.0, 0.0], "k_pid_att": [100.0, 9.999999747378752e-05, 0.0], "k_pid_yaw": [0.5, 1e-06, 0.1], "k_pid_hsp": [0.10510922223329544, 0.11613428592681885, 0.030772298574447632], "k_pid_vsp": [12.547338485717773, 392.8721923828125, 400.0]}, "datetime": {"datetime": "2025-08-20 15:48:44", "elapsed": 14179.157311677933, "delta": 27.040688037872314}, "costs": {"total_cost": 1465.7851354224358, "time_cost": 150, "final_distance_cost": 19.457748429753014, "oscillation_cost": 73.09662618949733, "completition_cost": 1000.0, "overshoot_cost": 142.49114234751553, "power_cost": 18.996891601562503, "noise_cost": 61.742726854107346, "n_waypoints_completed": 0, "tot_waypoints": 9}}
{"target": -1473.9280211460027, "params": {"k_pid_pos": [9.999999747378752e-05, 1.0, 0.0], "k_pid_alt": [2.0, 1.0, 0.0], "k_pid_att": [100.0, 0.7115654945373535, 0.0], "k_pid_yaw": [0.5, 1e-06, 0.1], "k_pid_hsp": [9.999999747378752e-05, 0.043489277362823486, 0.0], "k_pid_vsp": [0.0, 400.0, 400.0]}, "datetime": {"datetime": "2025-08-20 15:49:07", "elapsed": 14202.42413854599, "delta": 23.26682686805725}, "costs": {"total_cost": 1473.9280211460027, "time_cost": 150, "final_distance_cost": 35.88188665622535, "oscillation_cost": 32.95341224131202, "completition_cost": 1000.0, "overshoot_cost": 154.4844589068569, "power_cost": 25.183635974121096, "noise_cost": 75.42462736748749, "n_waypoints_completed": 0, "tot_waypoints": 9}}
{"target": -1880.5517715273902, "params": {"k_pid_pos": [0.05522063374519348, 1.0, 0.0], "k_pid_alt": [1.9259217977523804, 1.0, 0.0], "k_pid_att": [100.0, 0.3088057339191437, 0.0], "k_pid_yaw": [0.5, 1e-06, 0.1], "k_pid_hsp": [9.999999747378752e-05, 0.0, 0.011456489562988281], "k_pid_vsp": [0.0, 400.0, 391.452392578125]}, "datetime": {"datetime": "2025-08-20 15:49:29", "elapsed": 14224.377925395966, "delta": 21.953786849975586}, "costs": {"total_cost": 1880.5517715273902, "time_cost": 150, "final_distance_cost": 357.9177992279448, "oscillation_cost": 35.49988496438913, "completition_cost": 888.8888888888888, "overshoot_cost": 424.9810456559591, "power_cost": 10.947840429687501, "noise_cost": 12.316312360520886, "n_waypoints_completed": 1, "tot_waypoints": 9}}
{"target": -1502.724290838024, "params": {"k_pid_pos": [9.999999747378752e-05, 1.0, 0.03255614638328552], "k_pid_alt": [2.0, 1.0, 0.027924925088882446], "k_pid_att": [100.0, 9.999999747378752e-05, 0.0], "k_pid_yaw": [0.5, 1e-06, 0.1], "k_pid_hsp": [0.19019220769405365, 0.08484739065170288, 0.009001076221466064], "k_pid_vsp": [7.511138916015625, 400.0, 400.0]}, "datetime": {"datetime": "2025-08-20 15:49:52", "elapsed": 14246.906039237976, "delta": 22.528113842010498}, "costs": {"total_cost": 1502.724290838024, "time_cost": 150, "final_distance_cost": 34.23024710063449, "oscillation_cost": 80.25417480262483, "completition_cost": 1000.0, "overshoot_cost": 147.04666488259366, "power_cost": 21.694907336425782, "noise_cost": 69.49829671574521, "n_waypoints_completed": 0, "tot_waypoints": 9}}
{"target": -1452.7409356043063, "params": {"k_pid_pos": [0.11684517562389374, 0.971135139465332, 0.007466346025466919], "k_pid_alt": [1.8945510387420654, 1.0, 0.01146763563156128], "k_pid_att": [100.0, 0.5796546339988708, 0.0], "k_pid_yaw": [0.5, 1e-06, 0.1], "k_pid_hsp": [9.999999747378752e-05, 0.07637327909469604, 0.0], "k_pid_vsp": [0.0, 400.0, 400.0]}, "datetime": {"datetime": "2025-08-20 15:50:14", "elapsed": 14269.02373790741, "delta": 22.117698669433594}, "costs": {"total_cost": 1452.7409356043063, "time_cost": 150, "final_distance_cost": 9.809008314343446, "oscillation_cost": 45.253202721442655, "completition_cost": 1000.0, "overshoot_cost": 146.0633660796696, "power_cost": 24.760008605957033, "noise_cost": 76.8553498828937, "n_waypoints_completed": 0, "tot_waypoints": 9}}
{"target": -1466.1613728978145, "params": {"k_pid_pos": [0.11267746984958649, 0.9808839559555054, 0.011878877878189087], "k_pid_alt": [1.9703691005706787, 1.0, 0.002631634473800659], "k_pid_att": [100.0, 9.999999747378752e-05, 0.0], "k_pid_yaw": [0.5, 1e-06, 0.1], "k_pid_hsp": [9.999999747378752e-05, 0.03863680362701416, 0.0], "k_pid_vsp": [0.9125113487243652, 391.5133361816406, 400.0]}, "datetime": {"datetime": "2025-08-20 15:50:36", "elapsed": 14291.274978876114, "delta": 22.251240968704224}, "costs": {"total_cost": 1466.1613728978145, "time_cost": 150, "final_distance_cost": 19.523774750834345, "oscillation_cost": 31.578129019105756, "completition_cost": 1000.0, "overshoot_cost": 156.5388671563226, "power_cost": 28.25827393798828, "noise_cost": 80.26232803356382, "n_waypoints_completed": 0, "tot_waypoints": 9}}
{"target": -1435.2167936538767, "params": {"k_pid_pos": [0.04042845591902733, 1.0, 0.0], "k_pid_alt": [2.0, 1.0, 0.0], "k_pid_att": [100.0, 9.999999747378752e-05, 0.001918017864227295], "k_pid_yaw": [0.5, 1e-06, 0.1], "k_pid_hsp": [9.999999747378752e-05, 0.04086980223655701, 0.0], "k_pid_vsp": [0.0, 400.0, 400.0]}, "datetime": {"datetime": "2025-08-20 15:50:59", "elapsed": 14313.682271957397, "delta": 22.40729308128357}, "costs": {"total_cost": 1435.2167936538767, "time_cost": 150, "final_distance_cost": 19.707602917913032, "oscillation_cost": 33.508047321306215, "completition_cost": 1000.0, "overshoot_cost": 155.23088112047293, "power_cost": 18.227322229003907, "noise_cost": 58.54294006518053, "n_waypoints_completed": 0, "tot_waypoints": 9}}
{"target": -1403.7728402138237, "params": {"k_pid_pos": [0.04392600059509277, 0.9916597008705139, 0.08775568008422852], "k_pid_alt": [1.972678303718567, 0.999684751033783, 0.0], "k_pid_att": [100.0, 0.48472708463668823, 0.0], "k_pid_yaw": [0.5, 1e-06, 0.1], "k_pid_hsp": [0.3942013680934906, 0.0, 0.0], "k_pid_vsp": [16.047096252441406, 400.0, 400.0]}, "datetime": {"datetime": "2025-08-20 15:51:25", "elapsed": 14339.924936532974, "delta": 26.242664575576782}, "costs": {"total_cost": 1403.7728402138237, "time_cost": 150, "final_distance_cost": 10.98803753358707, "oscillation_cost": 65.9716550667197, "completition_cost": 1000.0, "overshoot_cost": 139.3152294015913, "power_cost": 5.978285437011719, "noise_cost": 31.519632774913852, "n_waypoints_completed": 0, "tot_waypoints": 9}}
{"target": -3633.651849019359, "params": {"k_pid_pos": [0.019632896408438683, 1.0, 0.06504082679748535], "k_pid_alt": [1.8797664642333984, 1.0, 0.0], "k_pid_att": [100.0, 9.999999747378752e-05, 0.0055720508098602295], "k_pid_yaw": [0.5, 1e-06, 0.1], "k_pid_hsp": [9.999999747378752e-05, 0.0, 0.028611481189727783], "k_pid_vsp": [31.323707580566406, 400.0, 400.0]}, "datetime": {"datetime": "2025-08-20 15:51:47", "elapsed": 14362.33508515358, "delta": 22.41014862060547}, "costs": {"total_cost": 3633.651849019359, "time_cost": 150, "final_distance_cost": 918.615397783765, "oscillation_cost": 105.56843139703072, "completition_cost": 1000.0, "overshoot_cost": 1407.2309063668506, "power_cost": 30.824114221191408, "noise_cost": 21.41299925052114, "n_waypoints_completed": 0, "tot_waypoints": 9}}
{"target": -1389.312427944038, "params": {"k_pid_pos": [0.011619987897574902, 1.0, 0.0], "k_pid_alt": [1.911083698272705, 0.9795210361480713, 0.0], "k_pid_att": [97.77369689941406, 9.999999747378752e-05, 0.0], "k_pid_yaw": [0.5, 1e-06, 0.1], "k_pid_hsp": [0.33196786046028137, 0.03842875361442566, 0.0], "k_pid_vsp": [0.0, 400.0, 388.8800048828125]}, "datetime": {"datetime": "2025-08-20 15:52:10", "elapsed": 14385.11834192276, "delta": 22.783256769180298}, "costs": {"total_cost": 1389.312427944038, "time_cost": 150, "final_distance_cost": 12.441345079318369, "oscillation_cost": 63.027447141733454, "completition_cost": 1000.0, "overshoot_cost": 140.28958252048648, "power_cost": 1.908556396484375, "noise_cost": 21.64549680601535, "n_waypoints_completed": 0, "tot_waypoints": 9}}
{"target": -1438.927672513134, "params": {"k_pid_pos": [0.15511558949947357, 0.9515458345413208, 0.0], "k_pid_alt": [1.9167163372039795, 1.0, 0.06207314133644104], "k_pid_att": [100.0, 9.999999747378752e-05, 0.0776219367980957], "k_pid_yaw": [0.5, 1e-06, 0.1], "k_pid_hsp": [0.10748891532421112, 0.0, 0.016651183366775513], "k_pid_vsp": [0.0, 374.7397766113281, 400.0]}, "datetime": {"datetime": "2025-08-20 15:52:33", "elapsed": 14407.613946914673, "delta": 22.495604991912842}, "costs": {"total_cost": 1438.927672513134, "time_cost": 150, "final_distance_cost": 10.636100706171362, "oscillation_cost": 54.34065954364938, "completition_cost": 1000.0, "overshoot_cost": 139.4627917404132, "power_cost": 20.24483395996094, "noise_cost": 64.24328656293916, "n_waypoints_completed": 0, "tot_waypoints": 9}}
{"target": -1459.8018140473007, "params": {"k_pid_pos": [9.999999747378752e-05, 0.9144424796104431, 0.05087140202522278], "k_pid_alt": [2.0, 0.9788030385971069, 0.0], "k_pid_att": [98.84991455078125, 9.999999747378752e-05, 0.0], "k_pid_yaw": [0.5, 1e-06, 0.1], "k_pid_hsp": [0.4665284752845764, 0.0, 0.0], "k_pid_vsp": [8.535707473754883, 400.0, 389.74725341796875]}, "datetime": {"datetime": "2025-08-20 15:52:57", "elapsed": 14431.848507881165, "delta": 24.2345609664917}, "costs": {"total_cost": 1459.8018140473007, "time_cost": 150, "final_distance_cost": 11.48398859735484, "oscillation_cost": 62.67231925405984, "completition_cost": 1000.0, "overshoot_cost": 139.2295231062571, "power_cost": 23.21191022949219, "noise_cost": 73.20407286013686, "n_waypoints_completed": 0, "tot_waypoints": 9}}
{"target": -1438.9456513714415, "params": {"k_pid_pos": [9.999999747378752e-05, 1.0, 0.06173914670944214], "k_pid_alt": [1.847078800201416, 1.0, 0.02529081702232361], "k_pid_att": [100.0, 9.999999747378752e-05, 0.0], "k_pid_yaw": [0.5, 1e-06, 0.1], "k_pid_hsp": [9.999999747378752e-05, 0.0860840380191803, 0.0], "k_pid_vsp": [2.8936386108398438, 400.0, 400.0]}, "datetime": {"datetime": "2025-08-20 15:53:20", "elapsed": 14454.649541378021, "delta": 22.80103349685669}, "costs": {"total_cost": 1438.9456513714415, "time_cost": 150, "final_distance_cost": 16.617463307166997, "oscillation_cost": 50.97584446564392, "completition_cost": 1000.0, "overshoot_cost": 145.23722681221872, "power_cost": 17.27903571777344, "noise_cost": 58.83608106863842, "n_waypoints_completed": 0, "tot_waypoints": 9}}
{"target": -2112.274322546162, "params": {"k_pid_pos": [0.12933440506458282, 0.9549264907836914, 0.0], "k_pid_alt": [2.0, 1.0, 0.07269269227981567], "k_pid_att": [100.0, 9.999999747378752e-05, 0.0], "k_pid_yaw": [0.5, 1e-06, 0.1], "k_pid_hsp": [9.999999747378752e-05, 0.0, 0.014136731624603271], "k_pid_vsp": [0.0, 398.9154968261719, 400.0]}, "datetime": {"datetime": "2025-08-20 15:53:42", "elapsed": 14476.817338943481, "delta": 22.167797565460205}, "costs": {"total_cost": 2112.274322546162, "time_cost": 150, "final_distance_cost": 395.10520879759684, "oscillation_cost": 26.771571025923382, "completition_cost": 1000.0, "overshoot_cost": 475.6853698179948, "power_cost": 37.933213745117186, "noise_cost": 26.778959159529457, "n_waypoints_completed": 0, "tot_waypoints": 9}}
{"target": -1932.3924893889503, "params": {"k_pid_pos": [9.999999747378752e-05, 1.0, 0.05287444591522217], "k_pid_alt": [2.0, 0.9997638463973999, 0.04313814640045166], "k_pid_att": [97.08772277832031, 9.999999747378752e-05, 0.0], "k_pid_yaw": [0.5, 1e-06, 0.1], "k_pid_hsp": [9.999999747378752e-05, 0.0, 0.007642835378646851], "k_pid_vsp": [0.0, 400.0, 400.0]}, "datetime": {"datetime": "2025-08-20 15:54:04", "elapsed": 14499.084915161133, "delta": 22.267576217651367}, "costs": {"total_cost": 1932.3924893889503, "time_cost": 150, "final_distance_cost": 339.41659256188274, "oscillation_cost": 31.831928074426173, "completition_cost": 1000.0, "overshoot_cost": 387.89123051075455, "power_cost": 11.058114990234376, "noise_cost": 12.194623251652375, "n_waypoints_completed": 0, "tot_waypoints": 9}}
{"target": -1450.617280672971, "params": {"k_pid_pos": [9.999999747378752e-05, 0.9991850852966309, 0.07010030746459961], "k_pid_alt": [1.8735934495925903, 1.0, 0.0], "k_pid_att": [100.0, 9.999999747378752e-05, 0.05080693960189819], "k_pid_yaw": [0.5, 1e-06, 0.1], "k_pid_hsp": [0.14982983469963074, 0.0, 0.03380328416824341], "k_pid_vsp": [0.8972048759460449, 369.93255615234375, 400.0]}, "datetime": {"datetime": "2025-08-20 15:54:26", "elapsed": 14521.030552387238, "delta": 21.945637226104736}, "costs": {"total_cost": 1450.617280672971, "time_cost": 150, "final_distance_cost": 13.456568350138038, "oscillation_cost": 74.30374392787044, "completition_cost": 1000.0, "overshoot_cost": 136.6468936936069, "power_cost": 22.19077392578125, "noise_cost": 54.01930077557417, "n_waypoints_completed": 0, "tot_waypoints": 9}}
{"target": -1506.2097406685314, "params": {"k_pid_pos": [9.999999747378752e-05, 1.0, 0.17956572771072388], "k_pid_alt": [1.8638386726379395, 1.0, 0.06489944458007812], "k_pid_att": [95.60602569580078, 0.617962121963501, 0.027835220098495483], "k_pid_yaw": [0.5, 1e-06, 0.1], "k_pid_hsp": [0.3262735903263092, 0.02918297052383423, 0.0], "k_pid_vsp": [0.0, 400.0, 400.0]}, "datetime": {"datetime": "2025-08-20 15:54:49", "elapsed": 14543.548629045486, "delta": 22.5180766582489}, "costs": {"total_cost": 1506.2097406685314, "time_cost": 150, "final_distance_cost": 10.647124792644892, "oscillation_cost": 59.33699921186386, "completition_cost": 1000.0, "overshoot_cost": 139.27923171912266, "power_cost": 38.00474171142578, "noise_cost": 108.94164323347422, "n_waypoints_completed": 0, "tot_waypoints": 9}}
{"target": -1512.2461147057788, "params": {"k_pid_pos": [9.999999747378752e-05, 0.9949377775192261, 0.0], "k_pid_alt": [1.9886627197265625, 1.0, 0.022588133811950684], "k_pid_att": [96.29065704345703, 0.7080745100975037, 0.0], "k_pid_yaw": [0.5, 1e-06, 0.1], "k_pid_hsp": [0.7245195508003235, 0.03468775749206543, 0.02644968032836914], "k_pid_vsp": [54.77271270751953, 400.0, 400.0]}, "datetime": {"datetime": "2025-08-20 15:55:11", "elapsed": 14565.854989767075, "delta": 22.306360721588135}, "costs": {"total_cost": 1512.2461147057788, "time_cost": 150, "final_distance_cost": 31.37572962239515, "oscillation_cost": 85.33901683240305, "completition_cost": 1000.0, "overshoot_cost": 146.37936999551252, "power_cost": 24.69265712890625, "noise_cost": 74.45934112656208, "n_waypoints_completed": 0, "tot_waypoints": 9}}
{"target": -1478.1445386215219, "params": {"k_pid_pos": [9.999999747378752e-05, 1.0, 0.07024979591369629], "k_pid_alt": [2.0, 1.0, 0.0], "k_pid_att": [100.0, 0.07059430330991745, 0.009484529495239258], "k_pid_yaw": [0.5, 1e-06, 0.1], "k_pid_hsp": [0.10054295510053635, 0.04927375912666321, 0.009596675634384155], "k_pid_vsp": [6.127727031707764, 400.0, 400.0]}, "datetime": {"datetime": "2025-08-20 15:55:33", "elapsed": 14587.802638292313, "delta": 21.947648525238037}, "costs": {"total_cost": 1478.1445386215219, "time_cost": 150, "final_distance_cost": 16.045314052471593, "oscillation_cost": 74.26143246482455, "completition_cost": 1000.0, "overshoot_cost": 142.68208390366974, "power_cost": 23.010087622070312, "noise_cost": 72.14562057848559, "n_waypoints_completed": 0, "tot_waypoints": 9}}
{"target": -1445.8274826109994, "params": {"k_pid_pos": [9.999999747378752e-05, 1.0, 0.00941401720046997], "k_pid_alt": [2.0, 1.0, 0.018110722303390503], "k_pid_att": [100.0, 9.999999747378752e-05, 0.03267413377761841], "k_pid_yaw": [0.5, 1e-06, 0.1], "k_pid_hsp": [9.999999747378752e-05, 0.036657512187957764, 0.0], "k_pid_vsp": [6.217837333679199, 400.0, 378.88299560546875]}, "datetime": {"datetime": "2025-08-20 15:55:55", "elapsed": 14610.190317630768, "delta": 22.3876793384552}, "costs": {"total_cost": 1445.8274826109994, "time_cost": 150, "final_distance_cost": 39.85074135899863, "oscillation_cost": 33.061649999340595, "completition_cost": 1000.0, "overshoot_cost": 157.45534110251666, "power_cost": 15.620667907714845, "noise_cost": 49.83908224242863, "n_waypoints_completed": 0, "tot_waypoints": 9}}
{"target": -1541.7753115879143, "params": {"k_pid_pos": [9.999999747378752e-05, 0.9902034997940063, 0.02631118893623352], "k_pid_alt": [1.8578548431396484, 1.0, 0.05780187249183655], "k_pid_att": [100.0, 9.999999747378752e-05, 0.042611896991729736], "k_pid_yaw": [0.5, 1e-06, 0.1], "k_pid_hsp": [0.46444472670555115, 0.0, 0.1329764723777771], "k_pid_vsp": [22.547590255737305, 396.52685546875, 400.0]}, "datetime": {"datetime": "2025-08-20 15:56:17", "elapsed": 14632.224583387375, "delta": 22.034265756607056}, "costs": {"total_cost": 1541.7753115879143, "time_cost": 150, "final_distance_cost": 51.641479495927655, "oscillation_cost": 202.89343619824544, "completition_cost": 1000.0, "overshoot_cost": 91.51456971723128, "power_cost": 24.65128387451172, "noise_cost": 21.074542301997933, "n_waypoints_completed": 0, "tot_waypoints": 9}}
{"target": -1460.0471871844597, "params": {"k_pid_pos": [0.13019219040870667, 0.9554364681243896, 0.0], "k_pid_alt": [1.9122536182403564, 0.957970142364502, 0.0], "k_pid_att": [96.00249481201172, 9.999999747378752e-05, 0.051517099142074585], "k_pid_yaw": [0.5, 1e-06, 0.1], "k_pid_hsp": [0.07269653677940369, 0.026148468255996704, 0.0], "k_pid_vsp": [0.0, 399.20361328125, 400.0]}, "datetime": {"datetime": "2025-08-20 15:56:40", "elapsed": 14654.609256744385, "delta": 22.384673357009888}, "costs": {"total_cost": 1460.0471871844597, "time_cost": 150, "final_distance_cost": 17.7294297499378, "oscillation_cost": 49.7182104980775, "completition_cost": 1000.0, "overshoot_cost": 141.64459489990858, "power_cost": 24.599787463378906, "noise_cost": 76.35516457315701, "n_waypoints_completed": 0, "tot_waypoints": 9}}
