{"target": -1963.4128555928721, "params": {"k_pid_pos": [0.15793056786060333, 1.0, 0.03283151984214783], "k_pid_alt": [2.0, 1.0, 0.049784064292907715], "k_pid_att": [100.0, 9.999999747378752e-05, 0.052686721086502075], "k_pid_yaw": [0.5, 1e-06, 0.1], "k_pid_hsp": [9.999999747378752e-05, 0.0, 0.0], "k_pid_vsp": [0.0, 398.105224609375, 400.0]}, "datetime": {"datetime": "2025-08-20 14:43:11", "elapsed": 10246.032238483429, "delta": 22.67343807220459}, "costs": {"total_cost": 1963.4128555928721, "time_cost": 150, "final_distance_cost": 338.6550488464681, "oscillation_cost": 25.00762522417129, "completition_cost": 1000.0, "overshoot_cost": 383.882814939015, "power_cost": 37.926725598144536, "noise_cost": 27.940640985073195, "n_waypoints_completed": 0, "tot_waypoints": 9}}
{"target": -1446.5076405782486, "params": {"k_pid_pos": [0.061066485941410065, 1.0, 0.03352987766265869], "k_pid_alt": [2.0, 1.0, 0.04574283957481384], "k_pid_att": [90.65486145019531, 9.999999747378752e-05, 0.0], "k_pid_yaw": [0.5, 1e-06, 0.1], "k_pid_hsp": [0.11198216676712036, 0.0, 0.01607424020767212], "k_pid_vsp": [31.45638656616211, 393.0743713378906, 400.0]}, "datetime": {"datetime": "2025-08-20 14:43:33", "elapsed": 10268.293569087982, "delta": 22.261330604553223}, "costs": {"total_cost": 1446.5076405782486, "time_cost": 150, "final_distance_cost": 10.106033852921957, "oscillation_cost": 57.80799759537961, "completition_cost": 1000.0, "overshoot_cost": 139.9566024989433, "power_cost": 21.3895611328125, "noise_cost": 67.24744549819113, "n_waypoints_completed": 0, "tot_waypoints": 9}}
{"target": -1381.4271130117677, "params": {"k_pid_pos": [9.999999747378752e-05, 0.9819296598434448, 0.0], "k_pid_alt": [1.953575611114502, 0.9755014181137085, 0.02368679642677307], "k_pid_att": [96.07886505126953, 9.999999747378752e-05, 0.0424918532371521], "k_pid_yaw": [0.5, 1e-06, 0.1], "k_pid_hsp": [0.12804634869098663, 0.03834173083305359, 0.0], "k_pid_vsp": [22.389936447143555, 400.0, 400.0]}, "datetime": {"datetime": "2025-08-20 14:43:56", "elapsed": 10290.68469119072, "delta": 22.391122102737427}, "costs": {"total_cost": 1381.4271130117677, "time_cost": 150, "final_distance_cost": 11.196567028706243, "oscillation_cost": 54.45335262722242, "completition_cost": 1000.0, "overshoot_cost": 142.04636396734907, "power_cost": 2.012872644042969, "noise_cost": 21.717956744446727, "n_waypoints_completed": 0, "tot_waypoints": 9}}
{"target": -1945.568639114118, "params": {"k_pid_pos": [9.999999747378752e-05, 1.0, 0.0], "k_pid_alt": [2.0, 0.8958595395088196, 0.04242527484893799], "k_pid_att": [100.0, 0.28629180788993835, 0.0], "k_pid_yaw": [0.5, 1e-06, 0.1], "k_pid_hsp": [9.999999747378752e-05, 0.0, 0.0], "k_pid_vsp": [11.018741607666016, 400.0, 400.0]}, "datetime": {"datetime": "2025-08-20 14:44:18", "elapsed": 10312.855476379395, "delta": 22.170785188674927}, "costs": {"total_cost": 1945.568639114118, "time_cost": 150, "final_distance_cost": 333.27850086150886, "oscillation_cost": 25.202680447539887, "completition_cost": 1000.0, "overshoot_cost": 370.9892934139552, "power_cost": 37.87599139404297, "noise_cost": 28.222172997071038, "n_waypoints_completed": 0, "tot_waypoints": 9}}
{"target": -1465.75939101312, "params": {"k_pid_pos": [0.1896982640028, 1.0, 0.0], "k_pid_alt": [1.9367239475250244, 1.0, 0.0], "k_pid_att": [100.0, 9.999999747378752e-05, 0.007056772708892822], "k_pid_yaw": [0.5, 1e-06, 0.1], "k_pid_hsp": [0.5556052923202515, 0.06818753480911255, 0.0], "k_pid_vsp": [33.81942367553711, 400.0, 400.0]}, "datetime": {"datetime": "2025-08-20 14:44:40", "elapsed": 10335.005907535553, "delta": 22.150431156158447}, "costs": {"total_cost": 1465.75939101312, "time_cost": 150, "final_distance_cost": 11.489100136533782, "oscillation_cost": 69.25789101339485, "completition_cost": 1000.0, "overshoot_cost": 138.86119716054142, "power_cost": 23.163594580078126, "noise_cost": 72.98760812257186, "n_waypoints_completed": 0, "tot_waypoints": 9}}
{"target": -1451.202163363314, "params": {"k_pid_pos": [9.999999747378752e-05, 1.0, 0.05254632234573364], "k_pid_alt": [1.903010368347168, 1.0, 0.009187161922454834], "k_pid_att": [100.0, 0.06734797358512878, 0.0], "k_pid_yaw": [0.5, 1e-06, 0.1], "k_pid_hsp": [0.0021944863256067038, 0.060964226722717285, 0.0], "k_pid_vsp": [0.27174949645996094, 397.5024719238281, 400.0]}, "datetime": {"datetime": "2025-08-20 14:45:03", "elapsed": 10357.562537908554, "delta": 22.5566303730011}, "costs": {"total_cost": 1451.202163363314, "time_cost": 150, "final_distance_cost": 28.894122104783005, "oscillation_cost": 39.83665358711017, "completition_cost": 1000.0, "overshoot_cost": 148.01189486733054, "power_cost": 19.80552176513672, "noise_cost": 64.65397103895361, "n_waypoints_completed": 0, "tot_waypoints": 9}}
{"target": -1424.1930578367576, "params": {"k_pid_pos": [0.14292263984680176, 1.0, 0.0], "k_pid_alt": [1.8362314701080322, 0.9963778257369995, 0.10449612140655518], "k_pid_att": [92.36862182617188, 9.999999747378752e-05, 0.04154112935066223], "k_pid_yaw": [0.5, 1e-06, 0.1], "k_pid_hsp": [0.09676793217658997, 0.0, 0.01665961742401123], "k_pid_vsp": [2.500581741333008, 400.0, 394.7221374511719]}, "datetime": {"datetime": "2025-08-20 14:45:25", "elapsed": 10379.83897471428, "delta": 22.276436805725098}, "costs": {"total_cost": 1424.1930578367576, "time_cost": 150, "final_distance_cost": 15.997990086538096, "oscillation_cost": 53.52164310498359, "completition_cost": 1000.0, "overshoot_cost": 139.62612025749243, "power_cost": 14.455293627929688, "noise_cost": 50.59201075981378, "n_waypoints_completed": 0, "tot_waypoints": 9}}
{"target": -1489.4883243675645, "params": {"k_pid_pos": [0.10877589136362076, 0.9991348385810852, 0.0], "k_pid_alt": [1.8422667980194092, 0.9676703810691833, 0.07329699397087097], "k_pid_att": [91.72252655029297, 0.276791512966156, 0.0], "k_pid_yaw": [0.5, 1e-06, 0.1], "k_pid_hsp": [0.059978824108839035, 0.0, 0.0], "k_pid_vsp": [0.0, 400.0, 400.0]}, "datetime": {"datetime": "2025-08-20 14:45:47", "elapsed": 10401.855479240417, "delta": 22.016504526138306}, "costs": {"total_cost": 1489.4883243675645, "time_cost": 150, "final_distance_cost": 14.173746060176622, "oscillation_cost": 46.56049663714297, "completition_cost": 1000.0, "overshoot_cost": 140.19646850938528, "power_cost": 35.74071669921875, "noise_cost": 102.81689646164058, "n_waypoints_completed": 0, "tot_waypoints": 9}}
{"target": -2051.7949881671557, "params": {"k_pid_pos": [0.1378343254327774, 1.0, 0.0], "k_pid_alt": [2.0, 0.982968270778656, 0.04725867509841919], "k_pid_att": [96.47561645507812, 0.08080954849720001, 0.07420265674591064], "k_pid_yaw": [0.5, 1e-06, 0.1], "k_pid_hsp": [9.999999747378752e-05, 0.0, 0.020282000303268433], "k_pid_vsp": [0.0, 391.3276672363281, 386.9850769042969]}, "datetime": {"datetime": "2025-08-20 14:46:09", "elapsed": 10424.484223127365, "delta": 22.628743886947632}, "costs": {"total_cost": 2051.7949881671557, "time_cost": 150, "final_distance_cost": 374.4743164632259, "oscillation_cost": 18.85897361596255, "completition_cost": 1000.0, "overshoot_cost": 444.85619087922754, "power_cost": 37.054531005859374, "noise_cost": 26.550976202880115, "n_waypoints_completed": 0, "tot_waypoints": 9}}
{"target": -1437.1564841180575, "params": {"k_pid_pos": [9.999999747378752e-05, 0.9955794215202332, 0.0], "k_pid_alt": [2.0, 0.968808650970459, 0.0], "k_pid_att": [100.0, 9.999999747378752e-05, 0.0], "k_pid_yaw": [0.5, 1e-06, 0.1], "k_pid_hsp": [9.999999747378752e-05, 0.06757360696792603, 0.0], "k_pid_vsp": [68.54928588867188, 387.6601257324219, 400.0]}, "datetime": {"datetime": "2025-08-20 14:46:32", "elapsed": 10446.705456972122, "delta": 22.22123384475708}, "costs": {"total_cost": 1437.1564841180575, "time_cost": 150, "final_distance_cost": 10.041648865829085, "oscillation_cost": 40.93564301331044, "completition_cost": 1000.0, "overshoot_cost": 147.78559091402408, "power_cost": 20.91738814697266, "noise_cost": 67.4762131779211, "n_waypoints_completed": 0, "tot_waypoints": 9}}
{"target": -1920.3127329314773, "params": {"k_pid_pos": [9.999999747378752e-05, 0.9778776168823242, 0.10194563865661621], "k_pid_alt": [1.9944114685058594, 0.9584544897079468, 0.035247474908828735], "k_pid_att": [100.0, 9.999999747378752e-05, 0.01435735821723938], "k_pid_yaw": [0.5, 1e-06, 0.1], "k_pid_hsp": [9.999999747378752e-05, 0.0, 0.0], "k_pid_vsp": [0.0, 400.0, 400.0]}, "datetime": {"datetime": "2025-08-20 14:46:56", "elapsed": 10471.275355577469, "delta": 24.56989860534668}, "costs": {"total_cost": 1920.3127329314773, "time_cost": 150, "final_distance_cost": 336.1570029120774, "oscillation_cost": 30.8664292173874, "completition_cost": 1000.0, "overshoot_cost": 377.38542609630997, "power_cost": 11.827064453125, "noise_cost": 14.076810252577722, "n_waypoints_completed": 0, "tot_waypoints": 9}}
{"target": -1449.5600336657878, "params": {"k_pid_pos": [0.03522391617298126, 1.0, 0.04117405414581299], "k_pid_alt": [1.983175277709961, 1.0, 0.0], "k_pid_att": [95.65003967285156, 0.061301734298467636, 0.02773994207382202], "k_pid_yaw": [0.5, 1e-06, 0.1], "k_pid_hsp": [0.1499749720096588, 0.049358904361724854, 0.04822659492492676], "k_pid_vsp": [0.0, 400.0, 400.0]}, "datetime": {"datetime": "2025-08-20 14:47:19", "elapsed": 10494.271739959717, "delta": 22.996384382247925}, "costs": {"total_cost": 1449.5600336657878, "time_cost": 150, "final_distance_cost": 23.262451860458285, "oscillation_cost": 106.80157426973085, "completition_cost": 1000.0, "overshoot_cost": 129.7756250142897, "power_cost": 14.515643164062501, "noise_cost": 25.204739357246464, "n_waypoints_completed": 0, "tot_waypoints": 9}}
{"target": -2700.649347300502, "params": {"k_pid_pos": [9.999999747378752e-05, 1.0, 0.0], "k_pid_alt": [1.9175294637680054, 0.9715042114257812, 0.0], "k_pid_att": [92.72640991210938, 9.999999747378752e-05, 0.0], "k_pid_yaw": [0.5, 1e-06, 0.1], "k_pid_hsp": [0.015425392426550388, 0.0, 0.026940256357192993], "k_pid_vsp": [8.819067001342773, 400.0, 386.9573669433594]}, "datetime": {"datetime": "2025-08-20 14:47:43", "elapsed": 10517.538980007172, "delta": 23.267240047454834}, "costs": {"total_cost": 2700.649347300502, "time_cost": 150, "final_distance_cost": 586.1061908104596, "oscillation_cost": 104.05059008409096, "completition_cost": 1000.0, "overshoot_cost": 799.1676057184375, "power_cost": 36.168594958496094, "noise_cost": 25.156365729017836, "n_waypoints_completed": 0, "tot_waypoints": 9}}
{"target": -1400.5872769712264, "params": {"k_pid_pos": [9.999999747378752e-05, 0.9800034761428833, 0.0], "k_pid_alt": [2.0, 0.9544472098350525, 0.0], "k_pid_att": [84.56641387939453, 1.2964528799057007, 0.0], "k_pid_yaw": [0.5, 1e-06, 0.1], "k_pid_hsp": [0.616814136505127, 0.05335867404937744, 0.0], "k_pid_vsp": [0.0, 400.0, 400.0]}, "datetime": {"datetime": "2025-08-20 14:48:06", "elapsed": 10540.862430095673, "delta": 23.323450088500977}, "costs": {"total_cost": 1400.5872769712264, "time_cost": 150, "final_distance_cost": 14.132989761302227, "oscillation_cost": 62.76786032158042, "completition_cost": 1000.0, "overshoot_cost": 139.77531190735942, "power_cost": 5.123538085937501, "noise_cost": 28.787576895046595, "n_waypoints_completed": 0, "tot_waypoints": 9}}
{"target": -1500.469782483904, "params": {"k_pid_pos": [0.02944851480424404, 0.9505702257156372, 0.0], "k_pid_alt": [2.0, 0.927447497844696, 0.0], "k_pid_att": [100.0, 0.43984314799308777, 0.00749853253364563], "k_pid_yaw": [0.5, 1e-06, 0.1], "k_pid_hsp": [0.3974095582962036, 0.0, 0.0625680685043335], "k_pid_vsp": [0.0, 396.30072021484375, 385.9533386230469]}, "datetime": {"datetime": "2025-08-20 14:48:30", "elapsed": 10564.789115190506, "delta": 23.926685094833374}, "costs": {"total_cost": 1500.469782483904, "time_cost": 150, "final_distance_cost": 17.203300893990413, "oscillation_cost": 147.62108786631723, "completition_cost": 1000.0, "overshoot_cost": 129.54943787933956, "power_cost": 23.232491320800783, "noise_cost": 32.863464523456116, "n_waypoints_completed": 0, "tot_waypoints": 9}}
{"target": -1424.4624306422306, "params": {"k_pid_pos": [9.999999747378752e-05, 0.942871630191803, 0.0], "k_pid_alt": [2.0, 1.0, 0.0200728178024292], "k_pid_att": [98.11688995361328, 0.25667843222618103, 0.09570291638374329], "k_pid_yaw": [0.5, 1e-06, 0.1], "k_pid_hsp": [9.999999747378752e-05, 0.07896542549133301, 0.0], "k_pid_vsp": [2.4645090103149414, 366.8818054199219, 400.0]}, "datetime": {"datetime": "2025-08-20 14:48:53", "elapsed": 10587.717663764954, "delta": 22.928548574447632}, "costs": {"total_cost": 1424.4624306422306, "time_cost": 150, "final_distance_cost": 23.98523791103965, "oscillation_cost": 47.708984288989534, "completition_cost": 1000.0, "overshoot_cost": 146.0069884434063, "power_cost": 11.659572448730469, "noise_cost": 45.10164755006488, "n_waypoints_completed": 0, "tot_waypoints": 9}}
{"target": -1931.2686374643736, "params": {"k_pid_pos": [9.999999747378752e-05, 1.0, 0.0], "k_pid_alt": [1.9154151678085327, 1.0, 0.014566481113433838], "k_pid_att": [92.45803833007812, 9.999999747378752e-05, 0.02059510350227356], "k_pid_yaw": [0.5, 1e-06, 0.1], "k_pid_hsp": [9.999999747378752e-05, 0.00447613000869751, 0.00317421555519104], "k_pid_vsp": [31.203960418701172, 400.0, 391.9382629394531]}, "datetime": {"datetime": "2025-08-20 14:49:16", "elapsed": 10610.733879327774, "delta": 23.016215562820435}, "costs": {"total_cost": 1931.2686374643736, "time_cost": 150, "final_distance_cost": 337.15147297493604, "oscillation_cost": 29.960271048199203, "completition_cost": 1000.0, "overshoot_cost": 390.3206838898045, "power_cost": 11.273030932617187, "noise_cost": 12.563178618816844, "n_waypoints_completed": 0, "tot_waypoints": 9}}
{"target": -1921.3414842074826, "params": {"k_pid_pos": [9.999999747378752e-05, 0.9911664724349976, 0.0], "k_pid_alt": [2.0, 1.0, 0.09075605869293213], "k_pid_att": [99.5133056640625, 9.999999747378752e-05, 0.008537232875823975], "k_pid_yaw": [0.5, 1e-06, 0.1], "k_pid_hsp": [9.999999747378752e-05, 0.0, 0.0], "k_pid_vsp": [18.64731216430664, 400.0, 400.0]}, "datetime": {"datetime": "2025-08-20 14:49:39", "elapsed": 10633.811737060547, "delta": 23.077857732772827}, "costs": {"total_cost": 1921.3414842074826, "time_cost": 150, "final_distance_cost": 336.36395681929037, "oscillation_cost": 30.831087327486628, "completition_cost": 1000.0, "overshoot_cost": 377.8893261029448, "power_cost": 11.838396215820312, "noise_cost": 14.41871774194045, "n_waypoints_completed": 0, "tot_waypoints": 9}}
{"target": -1398.644642901244, "params": {"k_pid_pos": [9.999999747378752e-05, 0.9839081764221191, 0.0], "k_pid_alt": [2.0, 1.0, 0.10342398285865784], "k_pid_att": [100.0, 9.999999747378752e-05, 0.03527387976646423], "k_pid_yaw": [0.5, 1e-06, 0.1], "k_pid_hsp": [0.6898225545883179, 0.08390456438064575, 0.0], "k_pid_vsp": [0.0, 400.0, 385.5157470703125]}, "datetime": {"datetime": "2025-08-20 14:50:02", "elapsed": 10656.791251182556, "delta": 22.979514122009277}, "costs": {"total_cost": 1398.644642901244, "time_cost": 150, "final_distance_cost": 13.947855652023227, "oscillation_cost": 67.22774429409307, "completition_cost": 1000.0, "overshoot_cost": 139.8812880316406, "power_cost": 3.0081166992187502, "noise_cost": 24.5796382242681, "n_waypoints_completed": 0, "tot_waypoints": 9}}
{"target": -2569.5413757197634, "params": {"k_pid_pos": [0.1540704071521759, 1.0, 0.04786154627799988], "k_pid_alt": [1.9066460132598877, 1.0, 0.04352724552154541], "k_pid_att": [100.0, 0.48608458042144775, 0.05195581912994385], "k_pid_yaw": [0.5, 1e-06, 0.1], "k_pid_hsp": [9.999999747378752e-05, 0.05879148840904236, 0.05293416976928711], "k_pid_vsp": [0.0, 400.0, 400.0]}, "datetime": {"datetime": "2025-08-20 14:50:25", "elapsed": 10679.601577758789, "delta": 22.81032657623291}, "costs": {"total_cost": 2569.5413757197634, "time_cost": 150, "final_distance_cost": 484.0233334580982, "oscillation_cost": 131.0926661486431, "completition_cost": 1000.0, "overshoot_cost": 764.918192763619, "power_cost": 21.967165991210937, "noise_cost": 17.540017358192213, "n_waypoints_completed": 0, "tot_waypoints": 9}}
{"target": -1500.7020126493494, "params": {"k_pid_pos": [0.06353607773780823, 0.8902000188827515, 0.0], "k_pid_alt": [1.987780213356018, 1.0, 0.08281797170639038], "k_pid_att": [95.03960418701172, 0.7456897497177124, 0.013205170631408691], "k_pid_yaw": [0.5, 1e-06, 0.1], "k_pid_hsp": [0.8264731764793396, 0.051672935485839844, 0.0], "k_pid_vsp": [0.0, 392.1284484863281, 392.70361328125]}, "datetime": {"datetime": "2025-08-20 14:50:48", "elapsed": 10702.566675424576, "delta": 22.965097665786743}, "costs": {"total_cost": 1500.7020126493494, "time_cost": 150, "final_distance_cost": 5.184168248299554, "oscillation_cost": 63.18743736561488, "completition_cost": 1000.0, "overshoot_cost": 138.89398194021118, "power_cost": 37.06980756835938, "noise_cost": 106.36661752686423, "n_waypoints_completed": 0, "tot_waypoints": 9}}
{"target": -1461.4385168486813, "params": {"k_pid_pos": [9.999999747378752e-05, 0.9343513250350952, 0.030093461275100708], "k_pid_alt": [1.8137879371643066, 0.9331074953079224, 0.03768301010131836], "k_pid_att": [100.0, 0.20971491932868958, 0.0], "k_pid_yaw": [0.5, 1e-06, 0.1], "k_pid_hsp": [0.42205700278282166, 0.0, 0.041068583726882935], "k_pid_vsp": [4.841101169586182, 388.8388977050781, 355.2400207519531]}, "datetime": {"datetime": "2025-08-20 14:51:11", "elapsed": 10726.148019313812, "delta": 23.58134388923645}, "costs": {"total_cost": 1461.4385168486813, "time_cost": 150, "final_distance_cost": 16.8827694833593, "oscillation_cost": 101.92952538629063, "completition_cost": 1000.0, "overshoot_cost": 134.6663130842864, "power_cost": 16.730842224121094, "noise_cost": 41.22906667062373, "n_waypoints_completed": 0, "tot_waypoints": 9}}
{"target": -1390.0817092129025, "params": {"k_pid_pos": [9.999999747378752e-05, 1.0, 0.011065155267715454], "k_pid_alt": [2.0, 1.0, 0.012523233890533447], "k_pid_att": [92.2994384765625, 9.999999747378752e-05, 0.037539005279541016], "k_pid_yaw": [0.5, 1e-06, 0.1], "k_pid_hsp": [0.0771280974149704, 0.005803853273391724, 0.0567345917224884], "k_pid_vsp": [0.0, 400.0, 396.59112548828125]}, "datetime": {"datetime": "2025-08-20 14:51:35", "elapsed": 10750.088712453842, "delta": 23.940693140029907}, "costs": {"total_cost": 1390.0817092129025, "time_cost": 150, "final_distance_cost": 74.62006676763656, "oscillation_cost": 154.22063078022074, "completition_cost": 888.8888888888888, "overshoot_cost": 79.80448130835606, "power_cost": 24.36289461669922, "noise_cost": 18.184746851101107, "n_waypoints_completed": 1, "tot_waypoints": 9}}
{"target": -1924.158545499683, "params": {"k_pid_pos": [9.999999747378752e-05, 1.0, 0.0], "k_pid_alt": [1.9586093425750732, 1.0, 0.09409868717193604], "k_pid_att": [100.0, 9.999999747378752e-05, 0.059549301862716675], "k_pid_yaw": [0.5, 1e-06, 0.1], "k_pid_hsp": [9.999999747378752e-05, 0.00499117374420166, 0.009097427129745483], "k_pid_vsp": [0.0, 400.0, 400.0]}, "datetime": {"datetime": "2025-08-20 14:52:01", "elapsed": 10776.105331897736, "delta": 26.016619443893433}, "costs": {"total_cost": 1924.158545499683, "time_cost": 150, "final_distance_cost": 335.40678727789054, "oscillation_cost": 33.19107495684429, "completition_cost": 1000.0, "overshoot_cost": 381.7528825379673, "power_cost": 11.270085803222656, "noise_cost": 12.537714923758427, "n_waypoints_completed": 0, "tot_waypoints": 9}}
{"target": -1972.1151095815835, "params": {"k_pid_pos": [9.999999747378752e-05, 0.9777317047119141, 0.0521693229675293], "k_pid_alt": [2.0, 1.0, 0.0], "k_pid_att": [96.32640838623047, 9.999999747378752e-05, 0.08284619450569153], "k_pid_yaw": [0.5, 1e-06, 0.1], "k_pid_hsp": [9.999999747378752e-05, 0.0, 0.02410709857940674], "k_pid_vsp": [9.171342849731445, 400.0, 390.37969970703125]}, "datetime": {"datetime": "2025-08-20 14:52:26", "elapsed": 10801.250437259674, "delta": 25.145105361938477}, "costs": {"total_cost": 1972.1151095815835, "time_cost": 150, "final_distance_cost": 367.00987309743607, "oscillation_cost": 73.7564916174405, "completition_cost": 888.8888888888888, "overshoot_cost": 430.62907676107443, "power_cost": 36.18628414306641, "noise_cost": 25.64449507367759, "n_waypoints_completed": 1, "tot_waypoints": 9}}
{"target": -2678.169792508036, "params": {"k_pid_pos": [0.014303374104201794, 0.9301992654800415, 0.0], "k_pid_alt": [1.9995646476745605, 1.0, 0.0], "k_pid_att": [97.86311340332031, 9.999999747378752e-05, 0.08452117443084717], "k_pid_yaw": [0.5, 1e-06, 0.1], "k_pid_hsp": [9.999999747378752e-05, 0.0, 0.06655940413475037], "k_pid_vsp": [18.824600219726562, 390.43621826171875, 364.5928039550781]}, "datetime": {"datetime": "2025-08-20 14:52:50", "elapsed": 10824.801788806915, "delta": 23.55135154724121}, "costs": {"total_cost": 2678.169792508036, "time_cost": 150, "final_distance_cost": 476.50649689438444, "oscillation_cost": 307.3386707887069, "completition_cost": 1000.0, "overshoot_cost": 705.6143308541524, "power_cost": 21.355096643066407, "noise_cost": 17.355197327726056, "n_waypoints_completed": 0, "tot_waypoints": 9}}
{"target": -1400.815797270974, "params": {"k_pid_pos": [0.04144275560975075, 0.9844745397567749, 0.0], "k_pid_alt": [1.8467285633087158, 0.9838334321975708, 0.024580150842666626], "k_pid_att": [100.0, 0.8138001561164856, 0.12255692481994629], "k_pid_yaw": [0.5, 1e-06, 0.1], "k_pid_hsp": [0.3977924883365631, 0.10126608610153198, 0.0], "k_pid_vsp": [0.0, 400.0, 400.0]}, "datetime": {"datetime": "2025-08-20 14:53:19", "elapsed": 10853.576138734818, "delta": 28.77434992790222}, "costs": {"total_cost": 1400.815797270974, "time_cost": 150, "final_distance_cost": 15.652766033192242, "oscillation_cost": 63.637907751684054, "completition_cost": 1000.0, "overshoot_cost": 140.56711354832282, "power_cost": 4.118692724609375, "noise_cost": 26.83931721316534, "n_waypoints_completed": 0, "tot_waypoints": 9}}
