{"target": -1394.3098245211675, "params": {"k_pid_pos": [0.09980703145265579, 0.9782326221466064, 0.0], "k_pid_alt": [2.0, 0.9865458607673645, 0.0018507540225982666], "k_pid_att": [93.85617065429688, 9.999999747378752e-05, 0.0], "k_pid_yaw": [0.5, 1e-06, 0.1], "k_pid_hsp": [9.999999747378752e-05, 0.05565795302391052, 0.0], "k_pid_vsp": [0.0, 397.19268798828125, 393.03216552734375]}, "datetime": {"datetime": "2025-08-21 02:58:21", "elapsed": 54356.403583049774, "delta": 21.516260147094727}, "costs": {"total_cost": 1394.3098245211675, "time_cost": 150, "final_distance_cost": 29.190487118208623, "oscillation_cost": 38.49814666155827, "completition_cost": 1000.0, "overshoot_cost": 149.8419917062543, "power_cost": 2.967264135742188, "noise_cost": 23.81193489940413, "n_waypoints_completed": 0, "tot_waypoints": 9}}
{"target": -1448.428316575363, "params": {"k_pid_pos": [0.06717482209205627, 1.0, 0.001631319522857666], "k_pid_alt": [2.0, 0.9721899032592773, 0.0], "k_pid_att": [98.16424560546875, 9.999999747378752e-05, 0.010804951190948486], "k_pid_yaw": [0.5, 1e-06, 0.1], "k_pid_hsp": [9.999999747378752e-05, 0.03691178560256958, 0.0], "k_pid_vsp": [9.558975219726562, 365.43231201171875, 400.0]}, "datetime": {"datetime": "2025-08-21 02:58:41", "elapsed": 54376.00018763542, "delta": 19.596604585647583}, "costs": {"total_cost": 1448.428316575363, "time_cost": 150, "final_distance_cost": 39.14743750502074, "oscillation_cost": 33.02011736509071, "completition_cost": 1000.0, "overshoot_cost": 157.0961331022555, "power_cost": 17.36835, "noise_cost": 51.79627860299607, "n_waypoints_completed": 0, "tot_waypoints": 9}}
{"target": -1425.0155354366004, "params": {"k_pid_pos": [0.08600131422281265, 0.947317361831665, 0.01456865668296814], "k_pid_alt": [1.8377890586853027, 0.9877771735191345, 0.0], "k_pid_att": [97.77021789550781, 0.027212688699364662, 0.01621347665786743], "k_pid_yaw": [0.5, 1e-06, 0.1], "k_pid_hsp": [9.999999747378752e-05, 0.026847630739212036, 0.008421212434768677], "k_pid_vsp": [4.856598377227783, 400.0, 383.0859069824219]}, "datetime": {"datetime": "2025-08-21 02:59:01", "elapsed": 54396.36923575401, "delta": 20.36904811859131}, "costs": {"total_cost": 1425.0155354366004, "time_cost": 150, "final_distance_cost": 96.63479926958321, "oscillation_cost": 33.350853365114624, "completition_cost": 1000.0, "overshoot_cost": 110.91303004836311, "power_cost": 17.17840546875, "noise_cost": 16.938447284789437, "n_waypoints_completed": 0, "tot_waypoints": 9}}
{"target": -1489.055764430102, "params": {"k_pid_pos": [0.009906320832669735, 1.0, 0.0], "k_pid_alt": [1.9519776105880737, 1.0, 0.015147149562835693], "k_pid_att": [94.30072784423828, 0.2847176492214203, 0.06363096833229065], "k_pid_yaw": [0.5, 1e-06, 0.1], "k_pid_hsp": [0.33947649598121643, 0.0, 0.0], "k_pid_vsp": [0.0, 400.0, 386.2381896972656]}, "datetime": {"datetime": "2025-08-21 02:59:22", "elapsed": 54416.729743242264, "delta": 20.360507488250732}, "costs": {"total_cost": 1489.055764430102, "time_cost": 150, "final_distance_cost": 11.973028950286478, "oscillation_cost": 58.86077199031122, "completition_cost": 1000.0, "overshoot_cost": 140.114271654865, "power_cost": 32.526437524414064, "noise_cost": 95.58125431022515, "n_waypoints_completed": 0, "tot_waypoints": 9}}
{"target": -1488.771623943161, "params": {"k_pid_pos": [9.999999747378752e-05, 1.0, 0.0], "k_pid_alt": [2.0, 1.0, 0.018444687128067017], "k_pid_att": [100.0, 9.999999747378752e-05, 0.0], "k_pid_yaw": [0.5, 1e-06, 0.1], "k_pid_hsp": [0.7120047807693481, 0.014137476682662964, 0.04649996757507324], "k_pid_vsp": [0.0, 400.0, 363.79052734375]}, "datetime": {"datetime": "2025-08-21 02:59:41", "elapsed": 54436.25307035446, "delta": 19.523327112197876}, "costs": {"total_cost": 1488.771623943161, "time_cost": 150, "final_distance_cost": 20.858133431756077, "oscillation_cost": 104.77022982602598, "completition_cost": 1000.0, "overshoot_cost": 139.35595129386408, "power_cost": 22.470891735839846, "noise_cost": 51.31641765567515, "n_waypoints_completed": 0, "tot_waypoints": 9}}
{"target": -1398.5762884461901, "params": {"k_pid_pos": [0.14598245918750763, 1.0, 0.02343374490737915], "k_pid_alt": [1.9530411958694458, 1.0, 0.11523538827896118], "k_pid_att": [100.0, 0.06269438564777374, 0.0673828125], "k_pid_yaw": [0.5, 1e-06, 0.1], "k_pid_hsp": [0.2593430280685425, 0.07965004444122314, 0.0], "k_pid_vsp": [0.0, 376.12213134765625, 400.0]}, "datetime": {"datetime": "2025-08-21 03:00:02", "elapsed": 54456.97291016579, "delta": 20.719839811325073}, "costs": {"total_cost": 1398.5762884461901, "time_cost": 150, "final_distance_cost": 10.723858696729922, "oscillation_cost": 63.413709291375774, "completition_cost": 1000.0, "overshoot_cost": 140.23194995868246, "power_cost": 5.040384851074219, "noise_cost": 29.166385648327843, "n_waypoints_completed": 0, "tot_waypoints": 9}}
{"target": -1487.5402167878242, "params": {"k_pid_pos": [0.08720526844263077, 1.0, 0.0], "k_pid_alt": [1.982932209968567, 0.964137077331543, 0.07256883382797241], "k_pid_att": [96.52049255371094, 9.999999747378752e-05, 0.03173762559890747], "k_pid_yaw": [0.5, 1e-06, 0.1], "k_pid_hsp": [0.5190051198005676, 0.0, 0.08241206407546997], "k_pid_vsp": [0.0, 394.6212158203125, 400.0]}, "datetime": {"datetime": "2025-08-21 03:00:22", "elapsed": 54477.040796756744, "delta": 20.06788659095764}, "costs": {"total_cost": 1487.5402167878242, "time_cost": 150, "final_distance_cost": 17.532286892462082, "oscillation_cost": 148.1729171628381, "completition_cost": 1000.0, "overshoot_cost": 130.9975745491622, "power_cost": 13.408210180664064, "noise_cost": 27.42922800269757, "n_waypoints_completed": 0, "tot_waypoints": 9}}
{"target": -3222.6288595443075, "params": {"k_pid_pos": [0.1256650984287262, 0.944644570350647, 0.0], "k_pid_alt": [2.0, 0.9434108734130859, 0.06344270706176758], "k_pid_att": [99.41552734375, 9.999999747378752e-05, 0.0], "k_pid_yaw": [0.5, 1e-06, 0.1], "k_pid_hsp": [9.999999747378752e-05, 0.0, 0.05215993523597717], "k_pid_vsp": [16.974246978759766, 396.5335693359375, 390.94488525390625]}, "datetime": {"datetime": "2025-08-21 03:00:46", "elapsed": 54501.2376408577, "delta": 24.19684410095215}, "costs": {"total_cost": 3222.6288595443075, "time_cost": 150, "final_distance_cost": 704.9221573821609, "oscillation_cost": 190.13365234373254, "completition_cost": 1000.0, "overshoot_cost": 1138.0513958142683, "power_cost": 21.899430822753907, "noise_cost": 17.6222231813916, "n_waypoints_completed": 0, "tot_waypoints": 9}}
{"target": -3303.4482727073723, "params": {"k_pid_pos": [9.999999747378752e-05, 1.0, 0.054691165685653687], "k_pid_alt": [2.0, 1.0, 0.0], "k_pid_att": [84.72021484375, 9.999999747378752e-05, 0.0], "k_pid_yaw": [0.5, 1e-06, 0.1], "k_pid_hsp": [9.999999747378752e-05, 0.02885475754737854, 0.02938908338546753], "k_pid_vsp": [3.368079662322998, 376.56201171875, 400.0]}, "datetime": {"datetime": "2025-08-21 03:01:13", "elapsed": 54528.49110031128, "delta": 27.253459453582764}, "costs": {"total_cost": 3303.4482727073723, "time_cost": 150, "final_distance_cost": 793.0331846930485, "oscillation_cost": 94.46222814565245, "completition_cost": 1000.0, "overshoot_cost": 1211.316579259345, "power_cost": 32.13786862792969, "noise_cost": 22.49841198139678, "n_waypoints_completed": 0, "tot_waypoints": 9}}
{"target": -1442.3943874358768, "params": {"k_pid_pos": [9.999999747378752e-05, 1.0, 0.0], "k_pid_alt": [1.9495787620544434, 1.0, 0.033862024545669556], "k_pid_att": [95.89514923095703, 0.4748539626598358, 0.0], "k_pid_yaw": [0.5, 1e-06, 0.1], "k_pid_hsp": [0.11130715161561966, 0.0773385763168335, 0.0], "k_pid_vsp": [0.0, 382.3551025390625, 400.0]}, "datetime": {"datetime": "2025-08-21 03:01:35", "elapsed": 54550.291382312775, "delta": 21.80028200149536}, "costs": {"total_cost": 1442.3943874358768, "time_cost": 150, "final_distance_cost": 21.42632527352941, "oscillation_cost": 54.11025347621049, "completition_cost": 1000.0, "overshoot_cost": 142.84896128599073, "power_cost": 16.6948556640625, "noise_cost": 57.31399173608358, "n_waypoints_completed": 0, "tot_waypoints": 9}}
{"target": -1458.0046057069794, "params": {"k_pid_pos": [0.02412531152367592, 1.0, 0.0], "k_pid_alt": [1.9781687259674072, 0.893091082572937, 0.009384095668792725], "k_pid_att": [100.0, 9.999999747378752e-05, 0.0], "k_pid_yaw": [0.5, 1e-06, 0.1], "k_pid_hsp": [9.999999747378752e-05, 0.08319038152694702, 0.0], "k_pid_vsp": [18.972301483154297, 400.0, 398.6402587890625]}, "datetime": {"datetime": "2025-08-21 03:01:58", "elapsed": 54573.178099393845, "delta": 22.886717081069946}, "costs": {"total_cost": 1458.0046057069794, "time_cost": 150, "final_distance_cost": 15.38996220038389, "oscillation_cost": 47.59776448628567, "completition_cost": 1000.0, "overshoot_cost": 145.76708893361314, "power_cost": 24.055676672363283, "noise_cost": 75.19411341433361, "n_waypoints_completed": 0, "tot_waypoints": 9}}
{"target": -4012.3627239055972, "params": {"k_pid_pos": [0.15441657602787018, 1.0, 0.0], "k_pid_alt": [1.7561784982681274, 1.0, 0.0], "k_pid_att": [99.09524536132812, 0.3955874443054199, 0.037099599838256836], "k_pid_yaw": [0.5, 1e-06, 0.1], "k_pid_hsp": [9.999999747378752e-05, 0.0, 0.03323543071746826], "k_pid_vsp": [0.0, 379.31170654296875, 398.8811950683594]}, "datetime": {"datetime": "2025-08-21 03:02:20", "elapsed": 54595.03992533684, "delta": 21.861825942993164}, "costs": {"total_cost": 4012.3627239055972, "time_cost": 150, "final_distance_cost": 1051.5613853973507, "oscillation_cost": 103.04663385204121, "completition_cost": 1000.0, "overshoot_cost": 1648.6465399916729, "power_cost": 35.20419733886719, "noise_cost": 23.903967325665253, "n_waypoints_completed": 0, "tot_waypoints": 9}}
{"target": -1371.4198186610877, "params": {"k_pid_pos": [0.06973239034414291, 0.9394977688789368, 0.036786168813705444], "k_pid_alt": [1.9565062522888184, 0.9854893088340759, 0.04876631498336792], "k_pid_att": [100.0, 0.08910225331783295, 0.029328763484954834], "k_pid_yaw": [0.5, 1e-06, 0.1], "k_pid_hsp": [0.020708397030830383, 0.0, 0.0], "k_pid_vsp": [0.0, 400.0, 400.0]}, "datetime": {"datetime": "2025-08-21 03:02:40", "elapsed": 54614.96053791046, "delta": 19.920612573623657}, "costs": {"total_cost": 1371.4198186610877, "time_cost": 150, "final_distance_cost": 57.3614981745222, "oscillation_cost": 30.28108382866592, "completition_cost": 1000.0, "overshoot_cost": 65.98419930243287, "power_cost": 37.93059005126953, "noise_cost": 29.862447304197087, "n_waypoints_completed": 0, "tot_waypoints": 9}}
{"target": -2818.5651999827537, "params": {"k_pid_pos": [9.999999747378752e-05, 0.9520394802093506, 0.02684849500656128], "k_pid_alt": [1.9513161182403564, 0.969957709312439, 0.0], "k_pid_att": [99.99639129638672, 9.999999747378752e-05, 0.0], "k_pid_yaw": [0.5, 1e-06, 0.1], "k_pid_hsp": [9.999999747378752e-05, 3.898143768310547e-05, 0.06050792336463928], "k_pid_vsp": [29.52377700805664, 382.43145751953125, 375.9873352050781]}, "datetime": {"datetime": "2025-08-21 03:03:02", "elapsed": 54637.47360920906, "delta": 22.513071298599243}, "costs": {"total_cost": 2818.5651999827537, "time_cost": 150, "final_distance_cost": 478.4260393778213, "oscillation_cost": 335.81036090209824, "completition_cost": 1000.0, "overshoot_cost": 815.9862144430513, "power_cost": 21.158923388671877, "noise_cost": 17.183661871110928, "n_waypoints_completed": 0, "tot_waypoints": 9}}
{"target": -1402.4526296050583, "params": {"k_pid_pos": [0.03507336229085922, 0.9474318623542786, 0.02104741334915161], "k_pid_alt": [1.9015369415283203, 1.0, 0.0], "k_pid_att": [100.0, 9.999999747378752e-05, 0.02873978018760681], "k_pid_yaw": [0.5, 1e-06, 0.1], "k_pid_hsp": [0.4863024353981018, 0.014702945947647095, 0.0], "k_pid_vsp": [8.433664321899414, 394.4073791503906, 400.0]}, "datetime": {"datetime": "2025-08-21 03:03:23", "elapsed": 54657.82765293121, "delta": 20.35404372215271}, "costs": {"total_cost": 1402.4526296050583, "time_cost": 150, "final_distance_cost": 8.3367276244567, "oscillation_cost": 66.73964776969555, "completition_cost": 1000.0, "overshoot_cost": 139.39928037897167, "power_cost": 6.0998907470703125, "noise_cost": 31.877083084863937, "n_waypoints_completed": 0, "tot_waypoints": 9}}
{"target": -1501.5700853684625, "params": {"k_pid_pos": [0.02416655607521534, 1.0, 0.0], "k_pid_alt": [1.8505016565322876, 1.0, 0.019738703966140747], "k_pid_att": [100.0, 0.13680486381053925, 0.0], "k_pid_yaw": [0.5, 1e-06, 0.1], "k_pid_hsp": [0.13467194139957428, 0.07739019393920898, 0.0], "k_pid_vsp": [0.0, 400.0, 398.3990783691406]}, "datetime": {"datetime": "2025-08-21 03:03:45", "elapsed": 54680.001610040665, "delta": 22.173957109451294}, "costs": {"total_cost": 1501.5700853684625, "time_cost": 150, "final_distance_cost": 13.663888710020768, "oscillation_cost": 52.0552265516441, "completition_cost": 1000.0, "overshoot_cost": 142.58630470237782, "power_cost": 36.91468988037109, "noise_cost": 106.34997552404876, "n_waypoints_completed": 0, "tot_waypoints": 9}}
{"target": -1455.2825027933866, "params": {"k_pid_pos": [9.999999747378752e-05, 1.0, 0.0], "k_pid_alt": [2.0, 0.9914709329605103, 0.0051882266998291016], "k_pid_att": [100.0, 0.5801249146461487, 0.0], "k_pid_yaw": [0.5, 1e-06, 0.1], "k_pid_hsp": [0.1850975602865219, 0.033212870359420776, 0.042720288038253784], "k_pid_vsp": [13.238143920898438, 400.0, 400.0]}, "datetime": {"datetime": "2025-08-21 03:04:05", "elapsed": 54700.01992273331, "delta": 20.018312692642212}, "costs": {"total_cost": 1455.2825027933866, "time_cost": 150, "final_distance_cost": 20.14605426703145, "oscillation_cost": 102.35530612722445, "completition_cost": 1000.0, "overshoot_cost": 125.52347246564769, "power_cost": 23.930240197753907, "noise_cost": 33.32742973572911, "n_waypoints_completed": 0, "tot_waypoints": 9}}
{"target": -1440.9860548384086, "params": {"k_pid_pos": [0.09173458069562912, 0.9383013844490051, 0.0], "k_pid_alt": [1.9483766555786133, 1.0, 0.019404053688049316], "k_pid_att": [95.59004211425781, 1.1437973976135254, 0.003052264451980591], "k_pid_yaw": [0.5, 1e-06, 0.1], "k_pid_hsp": [9.999999747378752e-05, 0.06371021270751953, 0.0], "k_pid_vsp": [12.739622116088867, 397.5061340332031, 400.0]}, "datetime": {"datetime": "2025-08-21 03:04:27", "elapsed": 54722.2307574749, "delta": 22.210834741592407}, "costs": {"total_cost": 1440.9860548384086, "time_cost": 150, "final_distance_cost": 28.93200082564133, "oscillation_cost": 40.11632362142879, "completition_cost": 1000.0, "overshoot_cost": 148.0389637087607, "power_cost": 16.74066242675781, "noise_cost": 57.15810425581973, "n_waypoints_completed": 0, "tot_waypoints": 9}}
{"target": -4738.0797734049775, "params": {"k_pid_pos": [0.08656390011310577, 1.0, 0.017924129962921143], "k_pid_alt": [2.0, 0.969406247138977, 0.006123721599578857], "k_pid_att": [100.0, 0.003665514290332794, 0.0297258198261261], "k_pid_yaw": [0.5, 1e-06, 0.1], "k_pid_hsp": [9.999999747378752e-05, 0.0, 0.04240754246711731], "k_pid_vsp": [0.0, 400.0, 400.0]}, "datetime": {"datetime": "2025-08-21 03:04:47", "elapsed": 54742.0346724987, "delta": 19.80391502380371}, "costs": {"total_cost": 4738.0797734049775, "time_cost": 150, "final_distance_cost": 1287.0338001403638, "oscillation_cost": 134.94694326219727, "completition_cost": 1000.0, "overshoot_cost": 2125.9177725748277, "power_cost": 22.235599072265625, "noise_cost": 17.94565835532264, "n_waypoints_completed": 0, "tot_waypoints": 9}}
{"target": -1460.0333243794068, "params": {"k_pid_pos": [0.01889079436659813, 0.9926173686981201, 0.034441590309143066], "k_pid_alt": [2.0, 1.0, 0.0], "k_pid_att": [94.72272491455078, 9.999999747378752e-05, 0.0027150511741638184], "k_pid_yaw": [0.5, 1e-06, 0.1], "k_pid_hsp": [1.4190399646759033, 0.05054771900177002, 0.011235654354095459], "k_pid_vsp": [18.916725158691406, 385.2496032714844, 397.0299377441406]}, "datetime": {"datetime": "2025-08-21 03:05:08", "elapsed": 54762.97909498215, "delta": 20.944422483444214}, "costs": {"total_cost": 1460.0333243794068, "time_cost": 150, "final_distance_cost": 12.532690635069814, "oscillation_cost": 73.8775815069418, "completition_cost": 1000.0, "overshoot_cost": 139.64094056469807, "power_cost": 19.747650415039065, "noise_cost": 64.23446125765828, "n_waypoints_completed": 0, "tot_waypoints": 9}}
{"target": -1424.9205454358478, "params": {"k_pid_pos": [9.999999747378752e-05, 1.0, 0.018677204847335815], "k_pid_alt": [1.786399245262146, 1.0, 0.0], "k_pid_att": [96.8566665649414, 0.2773762345314026, 0.0], "k_pid_yaw": [0.5, 1e-06, 0.1], "k_pid_hsp": [0.4857659935951233, 0.0, 0.0], "k_pid_vsp": [0.0, 400.0, 396.883544921875]}, "datetime": {"datetime": "2025-08-21 03:05:31", "elapsed": 54786.09510707855, "delta": 23.11601209640503}, "costs": {"total_cost": 1424.9205454358478, "time_cost": 150, "final_distance_cost": 17.581657040062826, "oscillation_cost": 64.7317241272842, "completition_cost": 1000.0, "overshoot_cost": 139.8476174742822, "power_cost": 10.50529031982422, "noise_cost": 42.254256474394104, "n_waypoints_completed": 0, "tot_waypoints": 9}}
{"target": -4251.502790199485, "params": {"k_pid_pos": [0.16751737892627716, 1.0, 0.0], "k_pid_alt": [2.0, 1.0, 0.0], "k_pid_att": [97.70120239257812, 0.06941980868577957, 0.0], "k_pid_yaw": [0.5, 1e-06, 0.1], "k_pid_hsp": [9.999999747378752e-05, 0.020424842834472656, 0.0445331335067749], "k_pid_vsp": [0.0, 398.7242736816406, 400.0]}, "datetime": {"datetime": "2025-08-21 03:05:57", "elapsed": 54812.11518526077, "delta": 26.02007818222046}, "costs": {"total_cost": 4251.502790199485, "time_cost": 150, "final_distance_cost": 1129.4721652619298, "oscillation_cost": 128.26324845425532, "completition_cost": 1000.0, "overshoot_cost": 1804.319589304187, "power_cost": 21.88412967529297, "noise_cost": 17.5636575038205, "n_waypoints_completed": 0, "tot_waypoints": 9}}
{"target": -1940.5871631727068, "params": {"k_pid_pos": [0.009175664745271206, 0.9967714548110962, 0.0], "k_pid_alt": [1.8435370922088623, 1.0, 0.0], "k_pid_att": [91.64604187011719, 0.7197515368461609, 0.017992794513702393], "k_pid_yaw": [0.5, 1e-06, 0.1], "k_pid_hsp": [9.999999747378752e-05, 0.0, 0.0], "k_pid_vsp": [0.0, 400.0, 400.0]}, "datetime": {"datetime": "2025-08-21 03:06:20", "elapsed": 54834.67659854889, "delta": 22.561413288116455}, "costs": {"total_cost": 1940.5871631727068, "time_cost": 150, "final_distance_cost": 329.8735640433382, "oscillation_cost": 24.371756256277266, "completition_cost": 1000.0, "overshoot_cost": 370.34179903154046, "power_cost": 37.96881577148438, "noise_cost": 28.031228070066664, "n_waypoints_completed": 0, "tot_waypoints": 9}}
{"target": -1422.8674291426978, "params": {"k_pid_pos": [9.999999747378752e-05, 1.0, 0.0], "k_pid_alt": [1.9772050380706787, 0.9894757270812988, 0.11241430044174194], "k_pid_att": [100.0, 0.20386716723442078, 0.010299831628799438], "k_pid_yaw": [0.5, 1e-06, 0.1], "k_pid_hsp": [0.8779863119125366, 0.0017889738082885742, 0.0], "k_pid_vsp": [0.0, 400.0, 374.82855224609375]}, "datetime": {"datetime": "2025-08-21 03:06:43", "elapsed": 54857.61095285416, "delta": 22.934354305267334}, "costs": {"total_cost": 1422.8674291426978, "time_cost": 150, "final_distance_cost": 10.921054193462416, "oscillation_cost": 66.2468673222198, "completition_cost": 1000.0, "overshoot_cost": 139.79871954817634, "power_cost": 11.322140368652343, "noise_cost": 44.57864771018678, "n_waypoints_completed": 0, "tot_waypoints": 9}}
{"target": -1493.162796846559, "params": {"k_pid_pos": [9.999999747378752e-05, 1.0, 0.02256643772125244], "k_pid_alt": [1.9101299047470093, 0.9667216539382935, 0.010954856872558594], "k_pid_att": [99.84402465820312, 0.3965417146682739, 0.0], "k_pid_yaw": [0.5, 1e-06, 0.1], "k_pid_hsp": [0.4653709828853607, 0.0, 0.01516801118850708], "k_pid_vsp": [0.0, 399.0028381347656, 400.0]}, "datetime": {"datetime": "2025-08-21 03:07:05", "elapsed": 54879.90130329132, "delta": 22.290350437164307}, "costs": {"total_cost": 1493.162796846559, "time_cost": 150, "final_distance_cost": 19.503934623447517, "oscillation_cost": 83.42237453198447, "completition_cost": 1000.0, "overshoot_cost": 145.76489337529122, "power_cost": 22.786607788085938, "noise_cost": 71.68498652774987, "n_waypoints_completed": 0, "tot_waypoints": 9}}
{"target": -1472.9100245460802, "params": {"k_pid_pos": [0.09558085352182388, 0.9972003698348999, 0.03669095039367676], "k_pid_alt": [2.0, 0.9938338994979858, 0.07194024324417114], "k_pid_att": [98.61421203613281, 9.999999747378752e-05, 0.043587565422058105], "k_pid_yaw": [0.5, 1e-06, 0.1], "k_pid_hsp": [9.999999747378752e-05, 0.03486177325248718, 0.0], "k_pid_vsp": [39.62483215332031, 400.0, 400.0]}, "datetime": {"datetime": "2025-08-21 03:07:25", "elapsed": 54900.155159235, "delta": 20.25385594367981}, "costs": {"total_cost": 1472.9100245460802, "time_cost": 150, "final_distance_cost": 32.631644663295006, "oscillation_cost": 28.77692565700908, "completition_cost": 1000.0, "overshoot_cost": 153.7059213313421, "power_cost": 38.06756833496094, "noise_cost": 69.72796455947305, "n_waypoints_completed": 0, "tot_waypoints": 9}}
{"target": -2076.644996546051, "params": {"k_pid_pos": [0.17432758212089539, 0.9724360704421997, 0.0], "k_pid_alt": [1.9112166166305542, 0.98465895652771, 0.0], "k_pid_att": [100.0, 9.999999747378752e-05, 0.07333129644393921], "k_pid_yaw": [0.5, 1e-06, 0.1], "k_pid_hsp": [9.999999747378752e-05, 0.07276809215545654, 0.04457637667655945], "k_pid_vsp": [0.0, 400.0, 395.5440368652344]}, "datetime": {"datetime": "2025-08-21 03:07:46", "elapsed": 54921.46236586571, "delta": 21.307206630706787}, "costs": {"total_cost": 2076.644996546051, "time_cost": 150, "final_distance_cost": 321.0138666332834, "oscillation_cost": 85.58985258979894, "completition_cost": 1000.0, "overshoot_cost": 482.6441283362279, "power_cost": 20.436360266113283, "noise_cost": 16.96078872062748, "n_waypoints_completed": 0, "tot_waypoints": 9}}
