{"target": -1500.0661555200354, "params": {"k_pid_pos": [9.999999747378752e-05, 1.0, 0.004752606153488159], "k_pid_alt": [1.8256049156188965, 0.9659984707832336, 0.0], "k_pid_att": [100.0, 9.999999747378752e-05, 0.0], "k_pid_yaw": [0.5, 1e-06, 0.1], "k_pid_hsp": [9.999999747378752e-05, 0.02470719814300537, 0.0], "k_pid_vsp": [15.536272048950195, 381.4910888671875, 400.0]}, "datetime": {"datetime": "2025-08-20 18:19:40", "elapsed": 23234.71635556221, "delta": 23.026554107666016}, "costs": {"total_cost": 1500.0661555200354, "time_cost": 150, "final_distance_cost": 123.42749695324476, "oscillation_cost": 27.065306087005364, "completition_cost": 1000.0, "overshoot_cost": 133.19688730032772, "power_cost": 37.789528540039065, "noise_cost": 28.586936639418354, "n_waypoints_completed": 0, "tot_waypoints": 9}}
{"target": -1838.6914973226285, "params": {"k_pid_pos": [9.999999747378752e-05, 1.0, 0.08263951539993286], "k_pid_alt": [1.9886107444763184, 0.990328311920166, 0.0], "k_pid_att": [84.91098022460938, 9.999999747378752e-05, 0.0], "k_pid_yaw": [0.5, 1e-06, 0.1], "k_pid_hsp": [9.999999747378752e-05, 0.0, 0.0], "k_pid_vsp": [18.395816802978516, 399.26763916015625, 400.0]}, "datetime": {"datetime": "2025-08-20 18:20:02", "elapsed": 23257.289516687393, "delta": 22.573161125183105}, "costs": {"total_cost": 1838.6914973226285, "time_cost": 150, "final_distance_cost": 305.12822000751004, "oscillation_cost": 26.712918150711435, "completition_cost": 1000.0, "overshoot_cost": 329.8311410150685, "power_cost": 12.355458789062501, "noise_cost": 14.663759360275995, "n_waypoints_completed": 0, "tot_waypoints": 9}}
{"target": -1394.641334568918, "params": {"k_pid_pos": [0.03701011836528778, 0.9929386973381042, 0.0], "k_pid_alt": [1.9719688892364502, 0.9238843321800232, 0.10094821453094482], "k_pid_att": [100.0, 9.999999747378752e-05, 0.055665522813797], "k_pid_yaw": [0.5, 1e-06, 0.1], "k_pid_hsp": [0.7654651403427124, 0.0, 0.0], "k_pid_vsp": [4.596805572509766, 400.0, 400.0]}, "datetime": {"datetime": "2025-08-20 18:20:24", "elapsed": 23279.459558963776, "delta": 22.170042276382446}, "costs": {"total_cost": 1394.641334568918, "time_cost": 150, "final_distance_cost": 1.1366457851992438, "oscillation_cost": 66.96066693903926, "completition_cost": 1000.0, "overshoot_cost": 139.5720660665408, "power_cost": 5.904283325195313, "noise_cost": 31.067672452943285, "n_waypoints_completed": 0, "tot_waypoints": 9}}
{"target": -1489.3405909207559, "params": {"k_pid_pos": [0.14499367773532867, 1.0, 0.037906914949417114], "k_pid_alt": [1.9579598903656006, 0.9409052133560181, 0.02677631378173828], "k_pid_att": [94.92803955078125, 0.4398696720600128, 0.0], "k_pid_yaw": [0.5, 1e-06, 0.1], "k_pid_hsp": [0.06045893579721451, 0.0, 0.0], "k_pid_vsp": [2.818012237548828, 400.0, 400.0]}, "datetime": {"datetime": "2025-08-20 18:20:47", "elapsed": 23301.911044359207, "delta": 22.45148539543152}, "costs": {"total_cost": 1489.3405909207559, "time_cost": 150, "final_distance_cost": 12.624976290802147, "oscillation_cost": 47.8756863663593, "completition_cost": 1000.0, "overshoot_cost": 139.90512025081406, "power_cost": 35.819417333984376, "noise_cost": 103.11539067879609, "n_waypoints_completed": 0, "tot_waypoints": 9}}
{"target": -1387.5128855487283, "params": {"k_pid_pos": [0.2081049233675003, 1.0, 0.0119914710521698], "k_pid_alt": [2.0, 1.0, 0.0], "k_pid_att": [100.0, 0.8515700697898865, 0.0], "k_pid_yaw": [0.5, 1e-06, 0.1], "k_pid_hsp": [9.999999747378752e-05, 0.05887258052825928, 0.0], "k_pid_vsp": [7.387697696685791, 400.0, 400.0]}, "datetime": {"datetime": "2025-08-20 18:21:10", "elapsed": 23325.349096775055, "delta": 23.43805241584778}, "costs": {"total_cost": 1387.5128855487283, "time_cost": 150, "final_distance_cost": 12.299359112126648, "oscillation_cost": 41.74017786681734, "completition_cost": 1000.0, "overshoot_cost": 149.10606165670657, "power_cost": 5.003627893066406, "noise_cost": 29.363659020011593, "n_waypoints_completed": 0, "tot_waypoints": 9}}
{"target": -1967.0563171387478, "params": {"k_pid_pos": [9.999999747378752e-05, 1.0, 0.0], "k_pid_alt": [2.0, 1.0, 0.03363192081451416], "k_pid_att": [98.77728271484375, 0.02433411218225956, 0.0], "k_pid_yaw": [0.5, 1e-06, 0.1], "k_pid_hsp": [9.999999747378752e-05, 0.0, 0.0], "k_pid_vsp": [31.536436080932617, 400.0, 383.5972900390625]}, "datetime": {"datetime": "2025-08-20 18:21:34", "elapsed": 23348.604278326035, "delta": 23.255181550979614}, "costs": {"total_cost": 1967.0563171387478, "time_cost": 150, "final_distance_cost": 340.24051742393016, "oscillation_cost": 25.151921116416098, "completition_cost": 1000.0, "overshoot_cost": 385.73523388811077, "power_cost": 37.86444876708985, "noise_cost": 28.06419594320103, "n_waypoints_completed": 0, "tot_waypoints": 9}}
{"target": -1472.448673119339, "params": {"k_pid_pos": [9.999999747378752e-05, 0.9855607748031616, 0.034088075160980225], "k_pid_alt": [2.0, 1.0, 0.0], "k_pid_att": [94.13059997558594, 0.8062668442726135, 0.0498465895652771], "k_pid_yaw": [0.5, 1e-06, 0.1], "k_pid_hsp": [9.999999747378752e-05, 0.10436508059501648, 0.0], "k_pid_vsp": [0.0, 364.58154296875, 400.0]}, "datetime": {"datetime": "2025-08-20 18:21:56", "elapsed": 23371.206343650818, "delta": 22.602065324783325}, "costs": {"total_cost": 1472.448673119339, "time_cost": 150, "final_distance_cost": 15.548998910037358, "oscillation_cost": 54.54954633021028, "completition_cost": 1000.0, "overshoot_cost": 144.78696658837737, "power_cost": 26.525460290527345, "noise_cost": 81.03770100018662, "n_waypoints_completed": 0, "tot_waypoints": 9}}
{"target": -1480.445982185758, "params": {"k_pid_pos": [9.999999747378752e-05, 0.9347758293151855, 0.0], "k_pid_alt": [2.0, 0.9725075960159302, 0.0], "k_pid_att": [100.0, 0.2147759050130844, 0.0], "k_pid_yaw": [0.5, 1e-06, 0.1], "k_pid_hsp": [0.2363099455833435, 0.0, 0.024445563554763794], "k_pid_vsp": [4.5432329177856445, 400.0, 362.908935546875]}, "datetime": {"datetime": "2025-08-20 18:22:19", "elapsed": 23393.747973680496, "delta": 22.541630029678345}, "costs": {"total_cost": 1480.445982185758, "time_cost": 150, "final_distance_cost": 18.00000523295003, "oscillation_cost": 92.09327362101419, "completition_cost": 1000.0, "overshoot_cost": 139.79101063465333, "power_cost": 19.190082836914062, "noise_cost": 61.37160986022654, "n_waypoints_completed": 0, "tot_waypoints": 9}}
{"target": -1479.8514100418083, "params": {"k_pid_pos": [0.013048402033746243, 1.0, 0.0], "k_pid_alt": [2.0, 0.9708706736564636, 0.07492262125015259], "k_pid_att": [100.0, 0.4883393943309784, 0.0], "k_pid_yaw": [0.5, 1e-06, 0.1], "k_pid_hsp": [0.7544458508491516, 0.0, 0.0], "k_pid_vsp": [15.237951278686523, 395.9547119140625, 400.0]}, "datetime": {"datetime": "2025-08-20 18:22:41", "elapsed": 23415.77555346489, "delta": 22.02757978439331}, "costs": {"total_cost": 1479.8514100418083, "time_cost": 150, "final_distance_cost": 10.690433422113918, "oscillation_cost": 63.59626472871907, "completition_cost": 1000.0, "overshoot_cost": 139.7750981713247, "power_cost": 28.861961071777344, "noise_cost": 86.92765264787312, "n_waypoints_completed": 0, "tot_waypoints": 9}}
{"target": -1932.858271466054, "params": {"k_pid_pos": [0.023174306377768517, 1.0, 0.03884249925613403], "k_pid_alt": [2.0, 1.0, 0.10270321369171143], "k_pid_att": [93.23355102539062, 0.1349198818206787, 0.0], "k_pid_yaw": [0.5, 1e-06, 0.1], "k_pid_hsp": [9.999999747378752e-05, 0.0, 0.0], "k_pid_vsp": [1.0979533195495605, 400.0, 392.0468444824219]}, "datetime": {"datetime": "2025-08-20 18:23:03", "elapsed": 23438.37014746666, "delta": 22.59459400177002}, "costs": {"total_cost": 1932.858271466054, "time_cost": 150, "final_distance_cost": 327.7960378471009, "oscillation_cost": 24.556641503836975, "completition_cost": 1000.0, "overshoot_cost": 364.05850396069496, "power_cost": 37.86664440917969, "noise_cost": 28.58044374524141, "n_waypoints_completed": 0, "tot_waypoints": 9}}
{"target": -1390.8376922337832, "params": {"k_pid_pos": [9.999999747378752e-05, 1.0, 0.0], "k_pid_alt": [1.88710618019104, 1.0, 0.0], "k_pid_att": [100.0, 9.999999747378752e-05, 0.06651943922042847], "k_pid_yaw": [0.5, 1e-06, 0.1], "k_pid_hsp": [0.5243265628814697, 0.06578519940376282, 0.0], "k_pid_vsp": [27.168655395507812, 396.73870849609375, 386.3269958496094]}, "datetime": {"datetime": "2025-08-20 18:23:26", "elapsed": 23461.08061528206, "delta": 22.71046781539917}, "costs": {"total_cost": 1390.8376922337832, "time_cost": 150, "final_distance_cost": 11.324861177805381, "oscillation_cost": 65.85498310611533, "completition_cost": 1000.0, "overshoot_cost": 140.09087448936083, "power_cost": 1.9117888183593752, "noise_cost": 21.65518464214221, "n_waypoints_completed": 0, "tot_waypoints": 9}}
{"target": -1503.006180654993, "params": {"k_pid_pos": [0.01194004900753498, 0.931658148765564, 0.0029337704181671143], "k_pid_alt": [2.0, 1.0, 0.03169628977775574], "k_pid_att": [100.0, 9.999999747378752e-05, 0.04281744360923767], "k_pid_yaw": [0.5, 1e-06, 0.1], "k_pid_hsp": [0.37439849972724915, 0.07550308108329773, 0.0], "k_pid_vsp": [0.0, 400.0, 400.0]}, "datetime": {"datetime": "2025-08-20 18:23:49", "elapsed": 23483.662635564804, "delta": 22.58202028274536}, "costs": {"total_cost": 1503.006180654993, "time_cost": 150, "final_distance_cost": 14.161888472665494, "oscillation_cost": 58.29404506256718, "completition_cost": 1000.0, "overshoot_cost": 140.4080483984688, "power_cost": 35.98726860351562, "noise_cost": 104.15493011777605, "n_waypoints_completed": 0, "tot_waypoints": 9}}
{"target": -1488.302527518408, "params": {"k_pid_pos": [0.04342450946569443, 1.0, 0.0], "k_pid_alt": [2.0, 0.9761520624160767, 0.037111878395080566], "k_pid_att": [100.0, 0.6194793581962585, 0.00010144710540771484], "k_pid_yaw": [0.5, 1e-06, 0.1], "k_pid_hsp": [0.6111297011375427, 0.0, 0.029862284660339355], "k_pid_vsp": [0.0, 400.0, 388.5216369628906]}, "datetime": {"datetime": "2025-08-20 18:24:11", "elapsed": 23506.299142837524, "delta": 22.636507272720337}, "costs": {"total_cost": 1488.302527518408, "time_cost": 150, "final_distance_cost": 15.486639447249772, "oscillation_cost": 94.34659127071785, "completition_cost": 1000.0, "overshoot_cost": 140.26351050921377, "power_cost": 22.11235369873047, "noise_cost": 66.0934325924962, "n_waypoints_completed": 0, "tot_waypoints": 9}}
{"target": -1478.695326281129, "params": {"k_pid_pos": [9.999999747378752e-05, 0.9618886709213257, 0.0], "k_pid_alt": [1.9657540321350098, 0.9440808296203613, 0.002634972333908081], "k_pid_att": [100.0, 9.999999747378752e-05, 0.058993011713027954], "k_pid_yaw": [0.5, 1e-06, 0.1], "k_pid_hsp": [0.8303391337394714, 0.02080923318862915, 0.023062855005264282], "k_pid_vsp": [0.0, 400.0, 400.0]}, "datetime": {"datetime": "2025-08-20 18:24:35", "elapsed": 23529.64389014244, "delta": 23.344747304916382}, "costs": {"total_cost": 1478.695326281129, "time_cost": 150, "final_distance_cost": 14.258613635783801, "oscillation_cost": 88.19583619309624, "completition_cost": 1000.0, "overshoot_cost": 145.5709971033191, "power_cost": 18.805217736816406, "noise_cost": 61.864661612113444, "n_waypoints_completed": 0, "tot_waypoints": 9}}
{"target": -1411.9116616520312, "params": {"k_pid_pos": [9.999999747378752e-05, 0.9587914943695068, 0.03280144929885864], "k_pid_alt": [2.0, 1.0, 0.0], "k_pid_att": [100.0, 9.999999747378752e-05, 0.07546868920326233], "k_pid_yaw": [0.5, 1e-06, 0.1], "k_pid_hsp": [9.999999747378752e-05, 0.02794232964515686, 0.0], "k_pid_vsp": [0.0, 400.0, 400.0]}, "datetime": {"datetime": "2025-08-20 18:24:58", "elapsed": 23552.521225214005, "delta": 22.87733507156372}, "costs": {"total_cost": 1411.9116616520312, "time_cost": 150, "final_distance_cost": 80.4949311390238, "oscillation_cost": 31.187248613331178, "completition_cost": 1000.0, "overshoot_cost": 111.10115614140264, "power_cost": 19.62911375732422, "noise_cost": 19.499212000949534, "n_waypoints_completed": 0, "tot_waypoints": 9}}
{"target": -1394.1541922570568, "params": {"k_pid_pos": [0.015834840014576912, 1.0, 0.05215930938720703], "k_pid_alt": [1.841286301612854, 1.0, 0.05408865213394165], "k_pid_att": [95.72703552246094, 0.2961616516113281, 0.02460232377052307], "k_pid_yaw": [0.5, 1e-06, 0.1], "k_pid_hsp": [0.20556141436100006, 0.0467531681060791, 0.0], "k_pid_vsp": [36.60490417480469, 400.0, 395.5986633300781]}, "datetime": {"datetime": "2025-08-20 18:25:20", "elapsed": 23574.930920124054, "delta": 22.40969491004944}, "costs": {"total_cost": 1394.1541922570568, "time_cost": 150, "final_distance_cost": 9.828152908854124, "oscillation_cost": 58.58922287794887, "completition_cost": 1000.0, "overshoot_cost": 140.9646260043916, "power_cost": 5.242288793945312, "noise_cost": 29.529901671916775, "n_waypoints_completed": 0, "tot_waypoints": 9}}
{"target": -1419.2493927853616, "params": {"k_pid_pos": [0.0020738879684358835, 1.0, 0.0], "k_pid_alt": [2.0, 0.9936058521270752, 0.00673404335975647], "k_pid_att": [100.0, 0.06870336830615997, 0.04374748468399048], "k_pid_yaw": [0.5, 1e-06, 0.1], "k_pid_hsp": [0.626546323299408, 0.03885236382484436, 0.0], "k_pid_vsp": [0.0, 399.9317626953125, 400.0]}, "datetime": {"datetime": "2025-08-20 18:25:42", "elapsed": 23596.787828207016, "delta": 21.856908082962036}, "costs": {"total_cost": 1419.2493927853616, "time_cost": 150, "final_distance_cost": 12.923042518243856, "oscillation_cost": 68.45839162941199, "completition_cost": 1000.0, "overshoot_cost": 139.85541551545685, "power_cost": 9.049936364746094, "noise_cost": 38.962606757502684, "n_waypoints_completed": 0, "tot_waypoints": 9}}
{"target": -1957.3912894056957, "params": {"k_pid_pos": [0.09298723191022873, 1.0, 0.0], "k_pid_alt": [1.87310791015625, 0.9864295721054077, 0.06038019061088562], "k_pid_att": [100.0, 9.999999747378752e-05, 0.0], "k_pid_yaw": [0.5, 1e-06, 0.1], "k_pid_hsp": [9.999999747378752e-05, 0.0, 0.0], "k_pid_vsp": [0.0, 392.7669982910156, 385.55035400390625]}, "datetime": {"datetime": "2025-08-20 18:26:06", "elapsed": 23620.60823082924, "delta": 23.8204026222229}, "costs": {"total_cost": 1957.3912894056957, "time_cost": 150, "final_distance_cost": 337.0307178777806, "oscillation_cost": 25.050430242247074, "completition_cost": 1000.0, "overshoot_cost": 378.9325269059019, "power_cost": 37.91393913574219, "noise_cost": 28.463675244024113, "n_waypoints_completed": 0, "tot_waypoints": 9}}
{"target": -1453.8306842963443, "params": {"k_pid_pos": [0.12568596005439758, 1.0, 0.0], "k_pid_alt": [1.8780264854431152, 1.0, 0.046631455421447754], "k_pid_att": [99.44941711425781, 0.18218769133090973, 0.04837048053741455], "k_pid_yaw": [0.5, 1e-06, 0.1], "k_pid_hsp": [0.2607642710208893, 0.0, 0.029024839401245117], "k_pid_vsp": [0.0, 387.47674560546875, 400.0]}, "datetime": {"datetime": "2025-08-20 18:26:28", "elapsed": 23642.99746823311, "delta": 22.38923740386963}, "costs": {"total_cost": 1453.8306842963443, "time_cost": 150, "final_distance_cost": 13.086232656522585, "oscillation_cost": 81.71317541921972, "completition_cost": 1000.0, "overshoot_cost": 139.08161281130094, "power_cost": 16.352770666503908, "noise_cost": 53.596892742797245, "n_waypoints_completed": 0, "tot_waypoints": 9}}
{"target": -1430.3979476122267, "params": {"k_pid_pos": [0.06033540889620781, 1.0, 0.042214155197143555], "k_pid_alt": [1.9965713024139404, 1.0, 0.05528190732002258], "k_pid_att": [100.0, 9.999999747378752e-05, 0.0], "k_pid_yaw": [0.5, 1e-06, 0.1], "k_pid_hsp": [0.40633466839790344, 0.0, 0.0], "k_pid_vsp": [0.0, 400.0, 369.270263671875]}, "datetime": {"datetime": "2025-08-20 18:26:51", "elapsed": 23665.519727945328, "delta": 22.52225971221924}, "costs": {"total_cost": 1430.3979476122267, "time_cost": 150, "final_distance_cost": 12.138278216701098, "oscillation_cost": 63.531084246331105, "completition_cost": 1000.0, "overshoot_cost": 139.55255559676718, "power_cost": 14.075103051757813, "noise_cost": 51.10092650066933, "n_waypoints_completed": 0, "tot_waypoints": 9}}
{"target": -2629.262302732525, "params": {"k_pid_pos": [9.999999747378752e-05, 1.0, 0.0], "k_pid_alt": [1.936750888824463, 1.0, 0.012912064790725708], "k_pid_att": [100.0, 9.999999747378752e-05, 0.05284866690635681], "k_pid_yaw": [0.5, 1e-06, 0.1], "k_pid_hsp": [9.999999747378752e-05, 0.040035396814346313, 0.11659151315689087], "k_pid_vsp": [18.41951560974121, 393.7232971191406, 400.0]}, "datetime": {"datetime": "2025-08-20 18:27:14", "elapsed": 23689.299304246902, "delta": 23.779576301574707}, "costs": {"total_cost": 2629.262302732525, "time_cost": 150, "final_distance_cost": 400.16506424210615, "oscillation_cost": 403.37415210847774, "completition_cost": 1000.0, "overshoot_cost": 637.4971658532576, "power_cost": 21.128888806152343, "noise_cost": 17.097031722530804, "n_waypoints_completed": 0, "tot_waypoints": 9}}
{"target": -1519.8457461621422, "params": {"k_pid_pos": [9.999999747378752e-05, 0.9826526045799255, 0.02772843837738037], "k_pid_alt": [2.0, 0.9946064949035645, 0.0], "k_pid_att": [99.65985870361328, 0.16665755212306976, 0.0], "k_pid_yaw": [0.5, 1e-06, 0.1], "k_pid_hsp": [1.0204414129257202, 0.017487019300460815, 0.09621673822402954], "k_pid_vsp": [0.0, 366.2425842285156, 375.7495422363281]}, "datetime": {"datetime": "2025-08-20 18:27:37", "elapsed": 23711.620404481888, "delta": 22.32110023498535}, "costs": {"total_cost": 1519.8457461621422, "time_cost": 150, "final_distance_cost": 19.18568760972653, "oscillation_cost": 147.66986782529526, "completition_cost": 1000.0, "overshoot_cost": 136.01928916423947, "power_cost": 20.677869262695314, "noise_cost": 46.293032300185345, "n_waypoints_completed": 0, "tot_waypoints": 9}}
{"target": -1502.1201274371008, "params": {"k_pid_pos": [0.12124551087617874, 1.0, 0.051819562911987305], "k_pid_alt": [1.8051066398620605, 0.9920008182525635, 0.037915706634521484], "k_pid_att": [100.0, 9.999999747378752e-05, 0.0], "k_pid_yaw": [0.5, 1e-06, 0.1], "k_pid_hsp": [0.6305361986160278, 0.0, 0.06488573551177979], "k_pid_vsp": [6.718099117279053, 398.77105712890625, 383.785400390625]}, "datetime": {"datetime": "2025-08-20 18:27:59", "elapsed": 23733.69876432419, "delta": 22.078359842300415}, "costs": {"total_cost": 1502.1201274371008, "time_cost": 150, "final_distance_cost": 17.152155981988884, "oscillation_cost": 136.58575764310217, "completition_cost": 1000.0, "overshoot_cost": 133.53188926360139, "power_cost": 21.46471199951172, "noise_cost": 43.38561254889657, "n_waypoints_completed": 0, "tot_waypoints": 9}}
{"target": -1488.7404564306398, "params": {"k_pid_pos": [0.008857332170009613, 0.9918308258056641, 0.04904690384864807], "k_pid_alt": [2.0, 0.926862359046936, 0.06431365013122559], "k_pid_att": [100.0, 0.39113175868988037, 0.009200423955917358], "k_pid_yaw": [0.5, 1e-06, 0.1], "k_pid_hsp": [9.999999747378752e-05, 0.08221429586410522, 0.029585272073745728], "k_pid_vsp": [0.0, 400.0, 400.0]}, "datetime": {"datetime": "2025-08-20 18:28:22", "elapsed": 23757.11638879776, "delta": 23.417624473571777}, "costs": {"total_cost": 1488.7404564306398, "time_cost": 150, "final_distance_cost": 25.07252013289802, "oscillation_cost": 80.45161750896266, "completition_cost": 1000.0, "overshoot_cost": 145.01131699562498, "power_cost": 20.887369836425783, "noise_cost": 67.31763195672822, "n_waypoints_completed": 0, "tot_waypoints": 9}}
{"target": -1409.7510033822136, "params": {"k_pid_pos": [9.999999747378752e-05, 0.980643093585968, 0.005809485912322998], "k_pid_alt": [2.0, 0.9591159820556641, 0.015919476747512817], "k_pid_att": [100.0, 9.999999747378752e-05, 0.0], "k_pid_yaw": [0.5, 1e-06, 0.1], "k_pid_hsp": [0.32734379172325134, 0.0026321709156036377, 0.0], "k_pid_vsp": [0.0, 387.64056396484375, 394.1139221191406]}, "datetime": {"datetime": "2025-08-20 18:28:44", "elapsed": 23779.432626008987, "delta": 22.316237211227417}, "costs": {"total_cost": 1409.7510033822136, "time_cost": 150, "final_distance_cost": 12.599236472765346, "oscillation_cost": 62.808988084438056, "completition_cost": 1000.0, "overshoot_cost": 140.03704575234985, "power_cost": 7.982555847167969, "noise_cost": 36.323177225492586, "n_waypoints_completed": 0, "tot_waypoints": 9}}
{"target": -1416.6599740385398, "params": {"k_pid_pos": [0.03683095797896385, 1.0, 0.04325398802757263], "k_pid_alt": [2.0, 1.0, 0.0], "k_pid_att": [100.0, 0.16288819909095764, 0.013841092586517334], "k_pid_yaw": [0.5, 1e-06, 0.1], "k_pid_hsp": [0.36969366669654846, 0.0, 0.0], "k_pid_vsp": [0.0, 400.0, 395.1096496582031]}, "datetime": {"datetime": "2025-08-20 18:29:07", "elapsed": 23802.287165641785, "delta": 22.85453963279724}, "costs": {"total_cost": 1416.6599740385398, "time_cost": 150, "final_distance_cost": 14.975104460660637, "oscillation_cost": 64.13091269186638, "completition_cost": 1000.0, "overshoot_cost": 139.69269406508815, "power_cost": 9.036083691406251, "noise_cost": 38.82517912951828, "n_waypoints_completed": 0, "tot_waypoints": 9}}
{"target": -1950.1669395192444, "params": {"k_pid_pos": [9.999999747378752e-05, 1.0, 0.07191568613052368], "k_pid_alt": [2.0, 0.9563056230545044, 0.04494369029998779], "k_pid_att": [100.0, 1.5697813034057617, 0.0], "k_pid_yaw": [0.5, 1e-06, 0.1], "k_pid_hsp": [9.999999747378752e-05, 0.0, 0.0], "k_pid_vsp": [15.419816970825195, 393.98077392578125, 394.3524475097656]}, "datetime": {"datetime": "2025-08-20 18:29:30", "elapsed": 23824.667548418045, "delta": 22.380382776260376}, "costs": {"total_cost": 1950.1669395192444, "time_cost": 150, "final_distance_cost": 334.5033929521706, "oscillation_cost": 25.32371146421836, "completition_cost": 1000.0, "overshoot_cost": 373.7143582998311, "power_cost": 37.84496916503907, "noise_cost": 28.780507637985156, "n_waypoints_completed": 0, "tot_waypoints": 9}}
