{"target": -1938.652311141192, "params": {"k_pid_pos": [9.999999747378752e-05, 0.9196697473526001, 0.038837283849716187], "k_pid_alt": [2.0, 0.9891015291213989, 0.0], "k_pid_att": [100.0, 9.999999747378752e-05, 0.0], "k_pid_yaw": [0.5, 1e-06, 0.1], "k_pid_hsp": [9.999999747378752e-05, 0.0, 0.007330447435379028], "k_pid_vsp": [16.042064666748047, 378.23358154296875, 400.0]}, "datetime": {"datetime": "2025-08-21 00:35:27", "elapsed": 45781.853075027466, "delta": 21.902885675430298}, "costs": {"total_cost": 1938.652311141192, "time_cost": 150, "final_distance_cost": 341.36557712929954, "oscillation_cost": 31.94024967622665, "completition_cost": 1000.0, "overshoot_cost": 392.09597613241465, "power_cost": 11.061425122070313, "noise_cost": 12.189083081181089, "n_waypoints_completed": 0, "tot_waypoints": 9}}
{"target": -1388.4758541396798, "params": {"k_pid_pos": [0.06559781730175018, 1.0, 0.0], "k_pid_alt": [2.0, 1.0, 0.05327576398849487], "k_pid_att": [95.14387512207031, 9.999999747378752e-05, 0.0], "k_pid_yaw": [0.5, 1e-06, 0.1], "k_pid_hsp": [0.37290990352630615, 0.07222911715507507, 0.0], "k_pid_vsp": [0.0, 400.0, 369.802001953125]}, "datetime": {"datetime": "2025-08-21 00:35:51", "elapsed": 45806.20092153549, "delta": 24.347846508026123}, "costs": {"total_cost": 1388.4758541396798, "time_cost": 150, "final_distance_cost": 11.189871845712451, "oscillation_cost": 63.36376257490061, "completition_cost": 1000.0, "overshoot_cost": 140.08749923178976, "power_cost": 2.0114298461914064, "noise_cost": 21.823290641085514, "n_waypoints_completed": 0, "tot_waypoints": 9}}
{"target": -1509.6386043962762, "params": {"k_pid_pos": [0.17396394908428192, 1.0, 0.0], "k_pid_alt": [1.8722482919692993, 0.9767463207244873, 0.0405428409576416], "k_pid_att": [95.05760955810547, 0.07085715979337692, 0.0], "k_pid_yaw": [0.5, 1e-06, 0.1], "k_pid_hsp": [0.35588130354881287, 0.04932945966720581, 0.07482671737670898], "k_pid_vsp": [19.611190795898438, 400.0, 378.13671875]}, "datetime": {"datetime": "2025-08-21 00:36:13", "elapsed": 45827.89036512375, "delta": 21.689443588256836}, "costs": {"total_cost": 1509.6386043962762, "time_cost": 150, "final_distance_cost": 22.024550084903385, "oscillation_cost": 147.15569289258934, "completition_cost": 1000.0, "overshoot_cost": 132.90083629269003, "power_cost": 21.54068056640625, "noise_cost": 36.01684455968716, "n_waypoints_completed": 0, "tot_waypoints": 9}}
{"target": -1960.1829274052775, "params": {"k_pid_pos": [0.055333759635686874, 0.9234083890914917, 0.0], "k_pid_alt": [2.0, 1.0, 0.0], "k_pid_att": [91.46092224121094, 9.999999747378752e-05, 0.0], "k_pid_yaw": [0.5, 1e-06, 0.1], "k_pid_hsp": [9.999999747378752e-05, 0.0, 0.017200380563735962], "k_pid_vsp": [0.0, 400.0, 400.0]}, "datetime": {"datetime": "2025-08-21 00:36:36", "elapsed": 45851.35310411453, "delta": 23.46273899078369}, "costs": {"total_cost": 1960.1829274052775, "time_cost": 150, "final_distance_cost": 339.69371128308666, "oscillation_cost": 18.131216595924094, "completition_cost": 1000.0, "overshoot_cost": 387.8688494065127, "power_cost": 37.59571512451172, "noise_cost": 26.893434995242163, "n_waypoints_completed": 0, "tot_waypoints": 9}}
{"target": -1459.4499850215968, "params": {"k_pid_pos": [9.999999747378752e-05, 1.0, 0.00877806544303894], "k_pid_alt": [2.0, 0.9151884317398071, 0.05273169279098511], "k_pid_att": [100.0, 0.28383851051330566, 0.0], "k_pid_yaw": [0.5, 1e-06, 0.1], "k_pid_hsp": [0.057192038744688034, 0.040071845054626465, 0.0], "k_pid_vsp": [0.0, 391.7296142578125, 400.0]}, "datetime": {"datetime": "2025-08-21 00:37:00", "elapsed": 45874.58923006058, "delta": 23.236125946044922}, "costs": {"total_cost": 1459.4499850215968, "time_cost": 150, "final_distance_cost": 22.916723247512056, "oscillation_cost": 47.702163408261825, "completition_cost": 1000.0, "overshoot_cost": 143.51282006164567, "power_cost": 22.99827850341797, "noise_cost": 72.31999980075912, "n_waypoints_completed": 0, "tot_waypoints": 9}}
{"target": -1435.4625716470296, "params": {"k_pid_pos": [0.06175875663757324, 1.0, 0.0], "k_pid_alt": [1.9755337238311768, 1.0, 0.009886890649795532], "k_pid_att": [95.42662048339844, 9.999999747378752e-05, 0.0374072790145874], "k_pid_yaw": [0.5, 1e-06, 0.1], "k_pid_hsp": [9.999999747378752e-05, 0.053902506828308105, 0.0], "k_pid_vsp": [2.8939008712768555, 358.96612548828125, 400.0]}, "datetime": {"datetime": "2025-08-21 00:37:22", "elapsed": 45897.23067069054, "delta": 22.641440629959106}, "costs": {"total_cost": 1435.4625716470296, "time_cost": 150, "final_distance_cost": 10.388062669956433, "oscillation_cost": 35.586850749934364, "completition_cost": 1000.0, "overshoot_cost": 150.51943889804352, "power_cost": 21.28819459228516, "noise_cost": 67.68002473681003, "n_waypoints_completed": 0, "tot_waypoints": 9}}
{"target": -1971.6990688256485, "params": {"k_pid_pos": [0.10052844882011414, 1.0, 0.0], "k_pid_alt": [2.0, 1.0, 0.009703963994979858], "k_pid_att": [98.3485107421875, 9.999999747378752e-05, 0.0], "k_pid_yaw": [0.5, 1e-06, 0.1], "k_pid_hsp": [9.999999747378752e-05, 0.0, 0.0], "k_pid_vsp": [0.0, 383.085205078125, 400.0]}, "datetime": {"datetime": "2025-08-21 00:37:45", "elapsed": 45919.70435810089, "delta": 22.473687410354614}, "costs": {"total_cost": 1971.6990688256485, "time_cost": 150, "final_distance_cost": 341.7681780236605, "oscillation_cost": 25.025614737052187, "completition_cost": 1000.0, "overshoot_cost": 388.96440858841265, "power_cost": 37.85599212646485, "noise_cost": 28.084875350058287, "n_waypoints_completed": 0, "tot_waypoints": 9}}
{"target": -1943.8604312208606, "params": {"k_pid_pos": [0.018022578209638596, 1.0, 0.0], "k_pid_alt": [1.9555892944335938, 1.0, 0.0], "k_pid_att": [100.0, 0.19079838693141937, 0.008535772562026978], "k_pid_yaw": [0.5, 1e-06, 0.1], "k_pid_hsp": [9.999999747378752e-05, 0.0, 0.00620955228805542], "k_pid_vsp": [0.0, 400.0, 372.9890441894531]}, "datetime": {"datetime": "2025-08-21 00:38:08", "elapsed": 45943.19943571091, "delta": 23.49507761001587}, "costs": {"total_cost": 1943.8604312208606, "time_cost": 150, "final_distance_cost": 343.2854917021963, "oscillation_cost": 32.75716649522361, "completition_cost": 1000.0, "overshoot_cost": 394.25296958592025, "power_cost": 11.120450207519532, "noise_cost": 12.444353230001168, "n_waypoints_completed": 0, "tot_waypoints": 9}}
{"target": -1312.302539694924, "params": {"k_pid_pos": [0.01277941931039095, 0.9441466331481934, 0.0391065776348114], "k_pid_alt": [1.8137996196746826, 1.0, 0.0], "k_pid_att": [100.0, 0.2648969292640686, 0.0], "k_pid_yaw": [0.5, 1e-06, 0.1], "k_pid_hsp": [9.999999747378752e-05, 0.02546525001525879, 0.0009882450103759766], "k_pid_vsp": [12.263321876525879, 355.8337707519531, 397.6263732910156]}, "datetime": {"datetime": "2025-08-21 00:38:32", "elapsed": 45966.639811992645, "delta": 23.44037628173828}, "costs": {"total_cost": 1312.302539694924, "time_cost": 150, "final_distance_cost": 39.683363901661565, "oscillation_cost": 38.65746090482294, "completition_cost": 888.8888888888888, "overshoot_cost": 128.42208673568675, "power_cost": 33.89756958007813, "noise_cost": 32.75316968378587, "n_waypoints_completed": 1, "tot_waypoints": 9}}
{"target": -1427.8516330737975, "params": {"k_pid_pos": [9.999999747378752e-05, 0.8771803379058838, 0.10580980777740479], "k_pid_alt": [2.0, 1.0, 0.0], "k_pid_att": [90.71885681152344, 9.999999747378752e-05, 0.05314251780509949], "k_pid_yaw": [0.5, 1e-06, 0.1], "k_pid_hsp": [9.999999747378752e-05, 0.06239214539527893, 0.0], "k_pid_vsp": [5.06514310836792, 393.8658447265625, 400.0]}, "datetime": {"datetime": "2025-08-21 00:38:54", "elapsed": 45989.45846056938, "delta": 22.81864857673645}, "costs": {"total_cost": 1427.8516330737975, "time_cost": 150, "final_distance_cost": 16.54621601845886, "oscillation_cost": 40.52226690717168, "completition_cost": 1000.0, "overshoot_cost": 146.67383283079286, "power_cost": 16.77406473388672, "noise_cost": 57.33525258348733, "n_waypoints_completed": 0, "tot_waypoints": 9}}
{"target": -1464.9521929556738, "params": {"k_pid_pos": [9.999999747378752e-05, 1.0, 0.0], "k_pid_alt": [2.0, 1.0, 0.0], "k_pid_att": [100.0, 0.05582471936941147, 0.0], "k_pid_yaw": [0.5, 1e-06, 0.1], "k_pid_hsp": [0.6679142117500305, 0.00755581259727478, 0.00851285457611084], "k_pid_vsp": [6.2644362449646, 400.0, 386.4271240234375]}, "datetime": {"datetime": "2025-08-21 00:39:16", "elapsed": 46011.35414624214, "delta": 21.89568567276001}, "costs": {"total_cost": 1464.9521929556738, "time_cost": 150, "final_distance_cost": 15.096873202249336, "oscillation_cost": 77.89467168439602, "completition_cost": 1000.0, "overshoot_cost": 140.93734931316072, "power_cost": 18.791576147460937, "noise_cost": 62.23172260840675, "n_waypoints_completed": 0, "tot_waypoints": 9}}
{"target": -1539.627369981763, "params": {"k_pid_pos": [0.10418238490819931, 1.0, 0.0], "k_pid_alt": [2.0, 0.9455326795578003, 0.0862683653831482], "k_pid_att": [97.45301055908203, 9.999999747378752e-05, 0.006527900695800781], "k_pid_yaw": [0.5, 1e-06, 0.1], "k_pid_hsp": [0.15069976449012756, 0.024750173091888428, 0.11552673578262329], "k_pid_vsp": [35.23888397216797, 370.05419921875, 382.2374572753906]}, "datetime": {"datetime": "2025-08-21 00:39:40", "elapsed": 46035.47454214096, "delta": 24.12039589881897}, "costs": {"total_cost": 1539.627369981763, "time_cost": 150, "final_distance_cost": 66.22079071054317, "oscillation_cost": 224.85503060469628, "completition_cost": 1000.0, "overshoot_cost": 56.46301140472245, "power_cost": 23.96026151123047, "noise_cost": 18.128275750570634, "n_waypoints_completed": 0, "tot_waypoints": 9}}
{"target": -1400.5625530719478, "params": {"k_pid_pos": [9.999999747378752e-05, 0.9530965089797974, 0.0], "k_pid_alt": [2.0, 0.8933970332145691, 0.03014981746673584], "k_pid_att": [95.089111328125, 0.20688700675964355, 0.01640874147415161], "k_pid_yaw": [0.5, 1e-06, 0.1], "k_pid_hsp": [0.3120020031929016, 0.02321535348892212, 0.0], "k_pid_vsp": [15.604888916015625, 396.0599365234375, 363.4458312988281]}, "datetime": {"datetime": "2025-08-21 00:40:02", "elapsed": 46057.03572702408, "delta": 21.561184883117676}, "costs": {"total_cost": 1400.5625530719478, "time_cost": 150, "final_distance_cost": 12.694529799004766, "oscillation_cost": 63.42817960334802, "completition_cost": 1000.0, "overshoot_cost": 140.0245262677656, "power_cost": 5.148186218261719, "noise_cost": 29.26713118356763, "n_waypoints_completed": 0, "tot_waypoints": 9}}
{"target": -1484.4516120160424, "params": {"k_pid_pos": [0.012929496355354786, 1.0, 0.0], "k_pid_alt": [2.0, 1.0, 0.0], "k_pid_att": [99.77581787109375, 0.48907044529914856, 0.05772894620895386], "k_pid_yaw": [0.5, 1e-06, 0.1], "k_pid_hsp": [0.38445788621902466, 0.0, 0.05584999918937683], "k_pid_vsp": [24.571561813354492, 398.9689636230469, 400.0]}, "datetime": {"datetime": "2025-08-21 00:40:27", "elapsed": 46081.784126758575, "delta": 24.74839973449707}, "costs": {"total_cost": 1484.4516120160424, "time_cost": 150, "final_distance_cost": 21.57706217229855, "oscillation_cost": 132.18880358711792, "completition_cost": 1000.0, "overshoot_cost": 128.38780221000195, "power_cost": 21.267650231933594, "noise_cost": 31.030293814690094, "n_waypoints_completed": 0, "tot_waypoints": 9}}
{"target": -1921.9110778242461, "params": {"k_pid_pos": [0.13931185007095337, 1.0, 0.012979000806808472], "k_pid_alt": [2.0, 1.0, 0.06323248147964478], "k_pid_att": [100.0, 9.999999747378752e-05, 0.04953089356422424], "k_pid_yaw": [0.5, 1e-06, 0.1], "k_pid_hsp": [9.999999747378752e-05, 0.0, 0.0], "k_pid_vsp": [12.30517578125, 400.0, 400.0]}, "datetime": {"datetime": "2025-08-21 00:40:49", "elapsed": 46103.95836687088, "delta": 22.174240112304688}, "costs": {"total_cost": 1921.9110778242461, "time_cost": 150, "final_distance_cost": 336.37516582276425, "oscillation_cost": 31.04285392786672, "completition_cost": 1000.0, "overshoot_cost": 379.0935211847034, "power_cost": 11.670827758789063, "noise_cost": 13.728709130122787, "n_waypoints_completed": 0, "tot_waypoints": 9}}
{"target": -1474.5379734028916, "params": {"k_pid_pos": [9.999999747378752e-05, 0.9458826780319214, 0.0], "k_pid_alt": [1.9407250881195068, 0.9604206681251526, 0.0028905868530273438], "k_pid_att": [93.17037963867188, 0.4670366048812866, 0.0], "k_pid_yaw": [0.5, 1e-06, 0.1], "k_pid_hsp": [1.0642656087875366, 0.02026498317718506, 0.034648776054382324], "k_pid_vsp": [32.10897445678711, 392.6959533691406, 400.0]}, "datetime": {"datetime": "2025-08-21 00:41:13", "elapsed": 46127.77306222916, "delta": 23.814695358276367}, "costs": {"total_cost": 1474.5379734028916, "time_cost": 150, "final_distance_cost": 19.639733199070417, "oscillation_cost": 96.8770059993802, "completition_cost": 1000.0, "overshoot_cost": 143.38079969846672, "power_cost": 15.607380578613283, "noise_cost": 49.03305392736122, "n_waypoints_completed": 0, "tot_waypoints": 9}}
{"target": -1939.3910755338259, "params": {"k_pid_pos": [9.999999747378752e-05, 1.0, 0.09350797533988953], "k_pid_alt": [1.976064682006836, 1.0, 0.06477552652359009], "k_pid_att": [95.41072845458984, 0.8499664068222046, 0.032117992639541626], "k_pid_yaw": [0.5, 1e-06, 0.1], "k_pid_hsp": [9.999999747378752e-05, 0.0, 0.0], "k_pid_vsp": [0.0, 382.2893981933594, 400.0]}, "datetime": {"datetime": "2025-08-21 00:41:35", "elapsed": 46149.55008149147, "delta": 21.777019262313843}, "costs": {"total_cost": 1939.3910755338259, "time_cost": 150, "final_distance_cost": 330.43648598716794, "oscillation_cost": 24.550708323689904, "completition_cost": 1000.0, "overshoot_cost": 368.3720297730814, "power_cost": 37.85352994384766, "noise_cost": 28.178321506038948, "n_waypoints_completed": 0, "tot_waypoints": 9}}
{"target": -1399.78488083426, "params": {"k_pid_pos": [9.999999747378752e-05, 1.0, 0.0], "k_pid_alt": [1.9571199417114258, 0.9187918901443481, 0.031285881996154785], "k_pid_att": [100.0, 9.999999747378752e-05, 0.08721226453781128], "k_pid_yaw": [0.5, 1e-06, 0.1], "k_pid_hsp": [1.139176845550537, 0.04975619912147522, 0.0], "k_pid_vsp": [0.0, 400.0, 400.0]}, "datetime": {"datetime": "2025-08-21 00:41:59", "elapsed": 46174.253561258316, "delta": 24.703479766845703}, "costs": {"total_cost": 1399.78488083426, "time_cost": 150, "final_distance_cost": 10.394600990286627, "oscillation_cost": 68.96360371493658, "completition_cost": 1000.0, "overshoot_cost": 139.7397672290674, "power_cost": 3.955494104003906, "noise_cost": 26.73141479596556, "n_waypoints_completed": 0, "tot_waypoints": 9}}
{"target": -1890.4002848175865, "params": {"k_pid_pos": [0.06296128034591675, 0.9907505512237549, 0.04979810118675232], "k_pid_alt": [1.979402780532837, 0.9288394451141357, 0.0], "k_pid_att": [100.0, 9.999999747378752e-05, 0.0], "k_pid_yaw": [0.5, 1e-06, 0.1], "k_pid_hsp": [9.999999747378752e-05, 0.009100854396820068, 0.011868596076965332], "k_pid_vsp": [17.49199676513672, 400.0, 400.0]}, "datetime": {"datetime": "2025-08-21 00:42:21", "elapsed": 46195.87115931511, "delta": 21.617598056793213}, "costs": {"total_cost": 1890.4002848175865, "time_cost": 150, "final_distance_cost": 320.3955989487329, "oscillation_cost": 32.67304549193098, "completition_cost": 1000.0, "overshoot_cost": 363.55511563736815, "power_cost": 11.314637524414064, "noise_cost": 12.461887215140484, "n_waypoints_completed": 0, "tot_waypoints": 9}}
{"target": -1490.028785376709, "params": {"k_pid_pos": [9.999999747378752e-05, 1.0, 0.003400653600692749], "k_pid_alt": [2.0, 0.9679185152053833, 0.0], "k_pid_att": [98.93618774414062, 0.9954143166542053, 0.0], "k_pid_yaw": [0.5, 1e-06, 0.1], "k_pid_hsp": [0.40801340341567993, 0.0874204933643341, 0.02288717031478882], "k_pid_vsp": [0.0, 400.0, 400.0]}, "datetime": {"datetime": "2025-08-21 00:42:46", "elapsed": 46221.255215883255, "delta": 25.384056568145752}, "costs": {"total_cost": 1490.028785376709, "time_cost": 150, "final_distance_cost": 16.591199893312147, "oscillation_cost": 85.9033054025444, "completition_cost": 1000.0, "overshoot_cost": 146.22093828634763, "power_cost": 21.882312060546877, "noise_cost": 69.4310297339582, "n_waypoints_completed": 0, "tot_waypoints": 9}}
{"target": -1888.7765265907676, "params": {"k_pid_pos": [0.026484226807951927, 0.9935088157653809, 0.0027177035808563232], "k_pid_alt": [2.0, 0.9882791042327881, 0.054208606481552124], "k_pid_att": [86.44943237304688, 9.999999747378752e-05, 0.008839458227157593], "k_pid_yaw": [0.5, 1e-06, 0.1], "k_pid_hsp": [9.999999747378752e-05, 0.0, 0.0], "k_pid_vsp": [19.25111961364746, 400.0, 398.2154235839844]}, "datetime": {"datetime": "2025-08-21 00:43:09", "elapsed": 46243.75619888306, "delta": 22.500982999801636}, "costs": {"total_cost": 1888.7765265907676, "time_cost": 150, "final_distance_cost": 310.58430314763143, "oscillation_cost": 23.658033344586787, "completition_cost": 1000.0, "overshoot_cost": 338.14233759941584, "power_cost": 37.8654863647461, "noise_cost": 28.526366134387295, "n_waypoints_completed": 0, "tot_waypoints": 9}}
{"target": -1525.9138442410356, "params": {"k_pid_pos": [9.999999747378752e-05, 1.0, 0.014215826988220215], "k_pid_alt": [1.993583083152771, 0.9428476095199585, 0.0], "k_pid_att": [100.0, 0.13960088789463043, 0.04105490446090698], "k_pid_yaw": [0.5, 1e-06, 0.1], "k_pid_hsp": [0.6350893378257751, 0.021975815296173096, 0.12134119868278503], "k_pid_vsp": [16.033971786499023, 400.0, 400.0]}, "datetime": {"datetime": "2025-08-21 00:43:33", "elapsed": 46268.39041638374, "delta": 24.634217500686646}, "costs": {"total_cost": 1525.9138442410356, "time_cost": 150, "final_distance_cost": 11.46994603714985, "oscillation_cost": 173.14630558753618, "completition_cost": 1000.0, "overshoot_cost": 131.0354454188313, "power_cost": 23.053618017578128, "noise_cost": 37.208529179940136, "n_waypoints_completed": 0, "tot_waypoints": 9}}
{"target": -1483.702952801329, "params": {"k_pid_pos": [9.999999747378752e-05, 1.0, 0.0], "k_pid_alt": [2.0, 0.9914590120315552, 0.032776862382888794], "k_pid_att": [100.0, 9.999999747378752e-05, 0.07543492317199707], "k_pid_yaw": [0.5, 1e-06, 0.1], "k_pid_hsp": [0.2059616595506668, 0.10113221406936646, 0.05908679962158203], "k_pid_vsp": [11.893426895141602, 400.0, 400.0]}, "datetime": {"datetime": "2025-08-21 00:43:57", "elapsed": 46292.196014642715, "delta": 23.805598258972168}, "costs": {"total_cost": 1483.702952801329, "time_cost": 150, "final_distance_cost": 23.19521874335411, "oscillation_cost": 111.2668596013828, "completition_cost": 1000.0, "overshoot_cost": 135.36561101139992, "power_cost": 24.776243566894532, "noise_cost": 39.099019878297774, "n_waypoints_completed": 0, "tot_waypoints": 9}}
{"target": -1469.1789261825477, "params": {"k_pid_pos": [9.999999747378752e-05, 0.9715371131896973, 0.0], "k_pid_alt": [1.999706506729126, 1.0, 0.0], "k_pid_att": [100.0, 9.999999747378752e-05, 0.0], "k_pid_yaw": [0.5, 1e-06, 0.1], "k_pid_hsp": [0.32182058691978455, 0.0, 0.0], "k_pid_vsp": [0.0, 386.3262023925781, 377.83154296875]}, "datetime": {"datetime": "2025-08-21 00:44:20", "elapsed": 46315.39063048363, "delta": 23.194615840911865}, "costs": {"total_cost": 1469.1789261825477, "time_cost": 150, "final_distance_cost": 11.064912688577481, "oscillation_cost": 59.9479750130703, "completition_cost": 1000.0, "overshoot_cost": 140.01025920939708, "power_cost": 26.675893298339844, "noise_cost": 81.47988597316284, "n_waypoints_completed": 0, "tot_waypoints": 9}}
{"target": -1439.7827531544642, "params": {"k_pid_pos": [9.999999747378752e-05, 0.8876206278800964, 0.0], "k_pid_alt": [1.947298288345337, 0.9423444271087646, 0.04291379451751709], "k_pid_att": [94.87667083740234, 0.8458808660507202, 0.0], "k_pid_yaw": [0.5, 1e-06, 0.1], "k_pid_hsp": [9.999999747378752e-05, 0.07192319631576538, 0.0], "k_pid_vsp": [49.93462371826172, 400.0, 387.2518005371094]}, "datetime": {"datetime": "2025-08-21 00:44:46", "elapsed": 46340.71281337738, "delta": 25.32218289375305}, "costs": {"total_cost": 1439.7827531544642, "time_cost": 150, "final_distance_cost": 27.29345840881554, "oscillation_cost": 43.39621205376888, "completition_cost": 1000.0, "overshoot_cost": 146.7643315989071, "power_cost": 16.254576318359376, "noise_cost": 56.07417477461328, "n_waypoints_completed": 0, "tot_waypoints": 9}}
{"target": -3663.415824320534, "params": {"k_pid_pos": [9.999999747378752e-05, 1.0, 0.0], "k_pid_alt": [1.9381604194641113, 1.0, 0.0], "k_pid_att": [93.78538513183594, 9.999999747378752e-05, 0.0], "k_pid_yaw": [0.5, 1e-06, 0.1], "k_pid_hsp": [9.999999747378752e-05, 0.022235363721847534, 0.05198228359222412], "k_pid_vsp": [0.0, 396.5522766113281, 395.6190490722656]}, "datetime": {"datetime": "2025-08-21 00:45:10", "elapsed": 46364.74752640724, "delta": 24.03471302986145}, "costs": {"total_cost": 3663.415824320534, "time_cost": 150, "final_distance_cost": 910.3995288241613, "oscillation_cost": 125.52271938801415, "completition_cost": 1000.0, "overshoot_cost": 1438.0954699942815, "power_cost": 21.730278381347656, "noise_cost": 17.66782773272923, "n_waypoints_completed": 0, "tot_waypoints": 9}}
{"target": -2963.7344700982126, "params": {"k_pid_pos": [9.999999747378752e-05, 1.0, 0.06907331943511963], "k_pid_alt": [1.8209303617477417, 0.9581477046012878, 0.04198262095451355], "k_pid_att": [99.85758209228516, 9.999999747378752e-05, 0.01696598529815674], "k_pid_yaw": [0.5, 1e-06, 0.1], "k_pid_hsp": [9.999999747378752e-05, 0.01852184534072876, 0.08718651533126831], "k_pid_vsp": [0.0, 400.0, 377.781494140625]}, "datetime": {"datetime": "2025-08-21 00:45:32", "elapsed": 46386.57789731026, "delta": 21.830370903015137}, "costs": {"total_cost": 2963.7344700982126, "time_cost": 150, "final_distance_cost": 572.9033882789405, "oscillation_cost": 351.75093085313324, "completition_cost": 1000.0, "overshoot_cost": 849.1012660672006, "power_cost": 22.25066922607422, "noise_cost": 17.728215672863996, "n_waypoints_completed": 0, "tot_waypoints": 9}}
