{"target": -1943.2909295684947, "params": {"k_pid_pos": [9.999999747378752e-05, 1.0, 0.0645734965801239], "k_pid_alt": [1.9228777885437012, 1.0, 0.0], "k_pid_att": [100.0, 9.999999747378752e-05, 0.0], "k_pid_yaw": [0.5, 1e-06, 0.1], "k_pid_hsp": [9.999999747378752e-05, 0.0, 0.0], "k_pid_vsp": [0.0, 400.0, 381.91326904296875]}, "datetime": {"datetime": "2025-08-20 19:41:49", "elapsed": 28164.04645061493, "delta": 23.83780074119568}, "costs": {"total_cost": 1943.2909295684947, "time_cost": 150, "final_distance_cost": 344.00460261412456, "oscillation_cost": 31.16058317360725, "completition_cost": 1000.0, "overshoot_cost": 393.2455371791189, "power_cost": 11.496360473632812, "noise_cost": 13.383846128011102, "n_waypoints_completed": 0, "tot_waypoints": 9}}
{"target": -3017.3008962653603, "params": {"k_pid_pos": [9.999999747378752e-05, 1.0, 0.0], "k_pid_alt": [1.9665265083312988, 0.99747234582901, 0.0], "k_pid_att": [100.0, 0.006739294622093439, 0.006321579217910767], "k_pid_yaw": [0.5, 1e-06, 0.1], "k_pid_hsp": [9.999999747378752e-05, 0.08465695381164551, 0.09166422486305237], "k_pid_vsp": [1.746809482574463, 385.1076965332031, 400.0]}, "datetime": {"datetime": "2025-08-20 19:42:12", "elapsed": 28186.529606342316, "delta": 22.483155727386475}, "costs": {"total_cost": 3017.3008962653603, "time_cost": 150, "final_distance_cost": 550.0826850757767, "oscillation_cost": 311.7724766470708, "completition_cost": 1000.0, "overshoot_cost": 966.1275306555606, "power_cost": 21.77624415283203, "noise_cost": 17.541959734120056, "n_waypoints_completed": 0, "tot_waypoints": 9}}
{"target": -1502.579632737989, "params": {"k_pid_pos": [9.999999747378752e-05, 0.979076623916626, 0.0], "k_pid_alt": [2.0, 1.0, 0.042797982692718506], "k_pid_att": [99.14466094970703, 0.2878704071044922, 0.00952264666557312], "k_pid_yaw": [0.5, 1e-06, 0.1], "k_pid_hsp": [0.5663623213768005, 0.0, 0.06427001953125], "k_pid_vsp": [0.0, 400.0, 396.0585021972656]}, "datetime": {"datetime": "2025-08-20 19:42:33", "elapsed": 28208.363288402557, "delta": 21.8336820602417}, "costs": {"total_cost": 1502.579632737989, "time_cost": 150, "final_distance_cost": 19.84572119246588, "oscillation_cost": 142.07243376183294, "completition_cost": 1000.0, "overshoot_cost": 132.11154446213675, "power_cost": 20.711426037597658, "noise_cost": 37.83850728395584, "n_waypoints_completed": 0, "tot_waypoints": 9}}
{"target": -1504.0130001992916, "params": {"k_pid_pos": [0.0881042405962944, 0.9404625296592712, 0.011783421039581299], "k_pid_alt": [2.0, 0.9812890887260437, 0.025518685579299927], "k_pid_att": [94.9093246459961, 0.05592455714941025, 0.015170574188232422], "k_pid_yaw": [0.5, 1e-06, 0.1], "k_pid_hsp": [0.5207712054252625, 0.053745925426483154, 0.0], "k_pid_vsp": [0.0, 390.64239501953125, 400.0]}, "datetime": {"datetime": "2025-08-20 19:42:58", "elapsed": 28232.638362169266, "delta": 24.275073766708374}, "costs": {"total_cost": 1504.0130001992916, "time_cost": 150, "final_distance_cost": 12.361016479219552, "oscillation_cost": 65.969575549584, "completition_cost": 1000.0, "overshoot_cost": 139.0878745321466, "power_cost": 35.05825328369141, "noise_cost": 101.53628035465013, "n_waypoints_completed": 0, "tot_waypoints": 9}}
{"target": -3238.131759840479, "params": {"k_pid_pos": [0.07889387756586075, 1.0, 0.0], "k_pid_alt": [2.0, 1.0, 0.0], "k_pid_att": [97.92430114746094, 9.999999747378752e-05, 0.0], "k_pid_yaw": [0.5, 1e-06, 0.1], "k_pid_hsp": [9.999999747378752e-05, 0.0, 0.06115344166755676], "k_pid_vsp": [11.427581787109375, 395.4634094238281, 392.4271240234375]}, "datetime": {"datetime": "2025-08-20 19:43:20", "elapsed": 28255.492149591446, "delta": 22.853787422180176}, "costs": {"total_cost": 3238.131759840479, "time_cost": 150, "final_distance_cost": 649.0687977973712, "oscillation_cost": 253.39376557672026, "completition_cost": 1000.0, "overshoot_cost": 1145.7591474210535, "power_cost": 22.139171313476563, "noise_cost": 17.770877731857226, "n_waypoints_completed": 0, "tot_waypoints": 9}}
{"target": -3422.4159578615, "params": {"k_pid_pos": [0.0895860567688942, 1.0, 0.018020659685134888], "k_pid_alt": [1.9548779726028442, 1.0, 0.0], "k_pid_att": [92.46331787109375, 0.1392247974872589, 0.009191542863845825], "k_pid_yaw": [0.5, 1e-06, 0.1], "k_pid_hsp": [9.999999747378752e-05, 0.0, 0.07538455724716187], "k_pid_vsp": [0.0, 380.21337890625, 400.0]}, "datetime": {"datetime": "2025-08-20 19:43:43", "elapsed": 28278.35006761551, "delta": 22.85791802406311}, "costs": {"total_cost": 3422.4159578615, "time_cost": 150, "final_distance_cost": 737.9218563622472, "oscillation_cost": 348.3490923862525, "completition_cost": 1000.0, "overshoot_cost": 1147.0441844032, "power_cost": 21.701638488769532, "noise_cost": 17.399186221030245, "n_waypoints_completed": 0, "tot_waypoints": 9}}
{"target": -1426.8652106644863, "params": {"k_pid_pos": [0.02849453128874302, 1.0, 0.003660053014755249], "k_pid_alt": [2.0, 1.0, 0.0066390931606292725], "k_pid_att": [95.892333984375, 9.999999747378752e-05, 0.0], "k_pid_yaw": [0.5, 1e-06, 0.1], "k_pid_hsp": [9.999999747378752e-05, 0.0842578113079071, 0.0], "k_pid_vsp": [7.959377765655518, 383.7943420410156, 370.203125]}, "datetime": {"datetime": "2025-08-20 19:44:05", "elapsed": 28300.42865872383, "delta": 22.078591108322144}, "costs": {"total_cost": 1426.8652106644863, "time_cost": 150, "final_distance_cost": 6.462894863558808, "oscillation_cost": 48.70513367054539, "completition_cost": 1000.0, "overshoot_cost": 145.66290225687393, "power_cost": 17.299394384765627, "noise_cost": 58.73488548874254, "n_waypoints_completed": 0, "tot_waypoints": 9}}
{"target": -1997.2228472400539, "params": {"k_pid_pos": [0.05585896596312523, 1.0, 0.0], "k_pid_alt": [2.0, 1.0, 0.016229450702667236], "k_pid_att": [98.53315734863281, 9.999999747378752e-05, 0.07215690612792969], "k_pid_yaw": [0.5, 1e-06, 0.1], "k_pid_hsp": [9.999999747378752e-05, 0.0, 0.004509478807449341], "k_pid_vsp": [17.652332305908203, 400.0, 400.0]}, "datetime": {"datetime": "2025-08-20 19:44:31", "elapsed": 28325.56499862671, "delta": 25.136339902877808}, "costs": {"total_cost": 1997.2228472400539, "time_cost": 150, "final_distance_cost": 350.3798906019883, "oscillation_cost": 26.180048642955107, "completition_cost": 1000.0, "overshoot_cost": 405.8871925101921, "power_cost": 37.87173916015625, "noise_cost": 26.903976324762006, "n_waypoints_completed": 0, "tot_waypoints": 9}}
{"target": -1441.3623523519127, "params": {"k_pid_pos": [9.999999747378752e-05, 1.0, 0.0], "k_pid_alt": [2.0, 1.0, 0.0], "k_pid_att": [100.0, 0.5671973824501038, 0.09245523810386658], "k_pid_yaw": [0.5, 1e-06, 0.1], "k_pid_hsp": [9.999999747378752e-05, 0.06536465883255005, 0.0], "k_pid_vsp": [0.8575201034545898, 391.7449035644531, 400.0]}, "datetime": {"datetime": "2025-08-20 19:44:53", "elapsed": 28348.398676395416, "delta": 22.833677768707275}, "costs": {"total_cost": 1441.3623523519127, "time_cost": 150, "final_distance_cost": 27.191110256199593, "oscillation_cost": 40.61528327324084, "completition_cost": 1000.0, "overshoot_cost": 148.19357866080384, "power_cost": 17.13394393310547, "noise_cost": 58.22843622856315, "n_waypoints_completed": 0, "tot_waypoints": 9}}
{"target": -1951.5210286812955, "params": {"k_pid_pos": [0.035617705434560776, 1.0, 0.0], "k_pid_alt": [2.0, 0.9087116718292236, 0.07742846012115479], "k_pid_att": [93.07664489746094, 0.6986475586891174, 0.0], "k_pid_yaw": [0.5, 1e-06, 0.1], "k_pid_hsp": [9.999999747378752e-05, 0.0, 0.0013099610805511475], "k_pid_vsp": [8.746695518493652, 400.0, 398.4858093261719]}, "datetime": {"datetime": "2025-08-20 19:45:17", "elapsed": 28372.49218249321, "delta": 24.09350609779358}, "costs": {"total_cost": 1951.5210286812955, "time_cost": 150, "final_distance_cost": 335.101029565586, "oscillation_cost": 25.058428925793077, "completition_cost": 1000.0, "overshoot_cost": 376.4498516204798, "power_cost": 37.90901173095703, "noise_cost": 27.00270683847953, "n_waypoints_completed": 0, "tot_waypoints": 9}}
{"target": -1422.824901521264, "params": {"k_pid_pos": [0.01781957410275936, 0.9487309455871582, 0.0], "k_pid_alt": [1.9679807424545288, 1.0, 0.0], "k_pid_att": [100.0, 0.4291272461414337, 0.020283758640289307], "k_pid_yaw": [0.5, 1e-06, 0.1], "k_pid_hsp": [9.999999747378752e-05, 0.06192728877067566, 0.030763626098632812], "k_pid_vsp": [0.0, 400.0, 400.0]}, "datetime": {"datetime": "2025-08-20 19:45:40", "elapsed": 28395.073313236237, "delta": 22.581130743026733}, "costs": {"total_cost": 1422.824901521264, "time_cost": 150, "final_distance_cost": 48.360327800787175, "oscillation_cost": 86.17968199931117, "completition_cost": 1000.0, "overshoot_cost": 115.81704888140548, "power_cost": 8.595427197265625, "noise_cost": 13.872415642494536, "n_waypoints_completed": 0, "tot_waypoints": 9}}
{"target": -1465.5427294292288, "params": {"k_pid_pos": [0.06509216129779816, 1.0, 0.0709368884563446], "k_pid_alt": [1.9259933233261108, 1.0, 0.0], "k_pid_att": [100.0, 9.999999747378752e-05, 0.0], "k_pid_yaw": [0.5, 1e-06, 0.1], "k_pid_hsp": [9.999999747378752e-05, 0.04942137002944946, 0.015356957912445068], "k_pid_vsp": [18.218040466308594, 400.0, 400.0]}, "datetime": {"datetime": "2025-08-20 19:46:03", "elapsed": 28418.052887439728, "delta": 22.97957420349121}, "costs": {"total_cost": 1465.5427294292288, "time_cost": 150, "final_distance_cost": 22.99602509746363, "oscillation_cost": 36.36378550993663, "completition_cost": 1000.0, "overshoot_cost": 150.21114682878138, "power_cost": 26.19522106933594, "noise_cost": 79.77655092371114, "n_waypoints_completed": 0, "tot_waypoints": 9}}
{"target": -1510.6330708282424, "params": {"k_pid_pos": [0.02205093577504158, 1.0, 0.0], "k_pid_alt": [2.0, 0.9781532287597656, 0.0], "k_pid_att": [100.0, 0.3605232834815979, 0.0], "k_pid_yaw": [0.5, 1e-06, 0.1], "k_pid_hsp": [0.3280182182788849, 0.009880155324935913, 0.0], "k_pid_vsp": [0.0, 379.6542663574219, 395.1302795410156]}, "datetime": {"datetime": "2025-08-20 19:46:27", "elapsed": 28442.091863632202, "delta": 24.038976192474365}, "costs": {"total_cost": 1510.6330708282424, "time_cost": 150, "final_distance_cost": 15.02105665337722, "oscillation_cost": 58.359592116805906, "completition_cost": 1000.0, "overshoot_cost": 140.05550533791504, "power_cost": 38.07399475097657, "noise_cost": 109.12292196916748, "n_waypoints_completed": 0, "tot_waypoints": 9}}
{"target": -2540.855285395616, "params": {"k_pid_pos": [0.17592991888523102, 1.0, 0.0], "k_pid_alt": [1.8806629180908203, 1.0, 0.0], "k_pid_att": [100.0, 0.09339345246553421, 0.0], "k_pid_yaw": [0.5, 1e-06, 0.1], "k_pid_hsp": [9.999999747378752e-05, 0.04097530245780945, 0.0311204195022583], "k_pid_vsp": [6.063532829284668, 400.0, 400.0]}, "datetime": {"datetime": "2025-08-20 19:46:50", "elapsed": 28464.6935942173, "delta": 22.601730585098267}, "costs": {"total_cost": 2540.855285395616, "time_cost": 150, "final_distance_cost": 532.2735111759433, "oscillation_cost": 87.31583722112184, "completition_cost": 1000.0, "overshoot_cost": 718.8945993164167, "power_cost": 30.180694873046875, "noise_cost": 22.190642809087343, "n_waypoints_completed": 0, "tot_waypoints": 9}}
{"target": -1470.1756720361768, "params": {"k_pid_pos": [0.256733775138855, 1.0, 0.025835514068603516], "k_pid_alt": [2.0, 0.9944009780883789, 0.0013797581195831299], "k_pid_att": [100.0, 0.14278195798397064, 0.031392306089401245], "k_pid_yaw": [0.5, 1e-06, 0.1], "k_pid_hsp": [0.9426656365394592, 0.046195805072784424, 0.0], "k_pid_vsp": [0.0, 400.0, 356.6843566894531]}, "datetime": {"datetime": "2025-08-20 19:47:12", "elapsed": 28486.564144849777, "delta": 21.870550632476807}, "costs": {"total_cost": 1470.1756720361768, "time_cost": 150, "final_distance_cost": 13.33721055200216, "oscillation_cost": 67.4575668481732, "completition_cost": 1000.0, "overshoot_cost": 138.6754715755717, "power_cost": 24.48176160888672, "noise_cost": 76.22366145154287, "n_waypoints_completed": 0, "tot_waypoints": 9}}
{"target": -2336.02297000296, "params": {"k_pid_pos": [9.999999747378752e-05, 1.0, 0.09866252541542053], "k_pid_alt": [2.0, 1.0, 0.0], "k_pid_att": [100.0, 0.3053048849105835, 0.0], "k_pid_yaw": [0.5, 1e-06, 0.1], "k_pid_hsp": [9.999999747378752e-05, 0.03547680377960205, 0.044797539710998535], "k_pid_vsp": [37.476097106933594, 400.0, 370.52728271484375]}, "datetime": {"datetime": "2025-08-20 19:47:34", "elapsed": 28509.32401418686, "delta": 22.75986933708191}, "costs": {"total_cost": 2336.02297000296, "time_cost": 150, "final_distance_cost": 353.1862640570869, "oscillation_cost": 192.38140794734932, "completition_cost": 1000.0, "overshoot_cost": 601.6044238392016, "power_cost": 21.449734375000002, "noise_cost": 17.40113978432249, "n_waypoints_completed": 0, "tot_waypoints": 9}}
{"target": -1393.2416704307357, "params": {"k_pid_pos": [0.167430117726326, 0.9484158754348755, 0.07319033145904541], "k_pid_alt": [1.9979685544967651, 0.9835571050643921, 0.0], "k_pid_att": [96.28359985351562, 9.999999747378752e-05, 0.0], "k_pid_yaw": [0.5, 1e-06, 0.1], "k_pid_hsp": [0.4297775328159332, 0.0, 0.0], "k_pid_vsp": [0.0, 388.92254638671875, 373.45904541015625]}, "datetime": {"datetime": "2025-08-20 19:47:59", "elapsed": 28533.634865522385, "delta": 24.310851335525513}, "costs": {"total_cost": 1393.2416704307357, "time_cost": 150, "final_distance_cost": 5.049957007264722, "oscillation_cost": 67.24443596035846, "completition_cost": 1000.0, "overshoot_cost": 138.64635023398634, "power_cost": 4.519655090332032, "noise_cost": 27.78127213879397, "n_waypoints_completed": 0, "tot_waypoints": 9}}
{"target": -1456.706431448996, "params": {"k_pid_pos": [9.999999747378752e-05, 0.9440164566040039, 0.0], "k_pid_alt": [2.0, 1.0, 0.0], "k_pid_att": [94.73474884033203, 0.3308205008506775, 0.041052401065826416], "k_pid_yaw": [0.5, 1e-06, 0.1], "k_pid_hsp": [0.1774408221244812, 0.0, 0.036821067333221436], "k_pid_vsp": [0.0, 386.094970703125, 356.3290100097656]}, "datetime": {"datetime": "2025-08-20 19:48:22", "elapsed": 28557.43896007538, "delta": 23.804094552993774}, "costs": {"total_cost": 1456.706431448996, "time_cost": 150, "final_distance_cost": 17.957188322660247, "oscillation_cost": 80.32507238901773, "completition_cost": 1000.0, "overshoot_cost": 133.47119564575232, "power_cost": 26.64795528564453, "noise_cost": 48.305019805921376, "n_waypoints_completed": 0, "tot_waypoints": 9}}
{"target": -1514.4503351812882, "params": {"k_pid_pos": [9.999999747378752e-05, 0.939856767654419, 0.049606502056121826], "k_pid_alt": [1.9948228597640991, 0.9898462295532227, 0.0], "k_pid_att": [95.76461029052734, 0.8665789365768433, 0.053280770778656006], "k_pid_yaw": [0.5, 1e-06, 0.1], "k_pid_hsp": [9.999999747378752e-05, 0.04690307378768921, 0.02189776301383972], "k_pid_vsp": [41.20746994018555, 386.9839782714844, 400.0]}, "datetime": {"datetime": "2025-08-20 19:48:44", "elapsed": 28579.190318107605, "delta": 21.751358032226562}, "costs": {"total_cost": 1514.4503351812882, "time_cost": 150, "final_distance_cost": 30.613928454620076, "oscillation_cost": 55.740576753513395, "completition_cost": 1000.0, "overshoot_cost": 150.01023992944178, "power_cost": 32.576510363769536, "noise_cost": 95.5090796799433, "n_waypoints_completed": 0, "tot_waypoints": 9}}
{"target": -1449.9119210368847, "params": {"k_pid_pos": [0.10214651376008987, 0.950098991394043, 0.0765657126903534], "k_pid_alt": [1.861793041229248, 0.8931223154067993, 0.05040225386619568], "k_pid_att": [100.0, 9.999999747378752e-05, 0.0], "k_pid_yaw": [0.5, 1e-06, 0.1], "k_pid_hsp": [0.10550558567047119, 0.03220978379249573, 0.031938016414642334], "k_pid_vsp": [41.48085021972656, 400.0, 391.20965576171875]}, "datetime": {"datetime": "2025-08-20 19:49:07", "elapsed": 28602.116239070892, "delta": 22.925920963287354}, "costs": {"total_cost": 1449.9119210368847, "time_cost": 150, "final_distance_cost": 17.74690927457453, "oscillation_cost": 69.6372195476603, "completition_cost": 1000.0, "overshoot_cost": 138.29875274770467, "power_cost": 20.014427124023438, "noise_cost": 54.214612342921804, "n_waypoints_completed": 0, "tot_waypoints": 9}}
{"target": -1460.4996863269187, "params": {"k_pid_pos": [0.040922611951828, 0.9836592674255371, 0.06365269422531128], "k_pid_alt": [1.926565170288086, 1.0, 0.0], "k_pid_att": [93.79823303222656, 9.999999747378752e-05, 0.0], "k_pid_yaw": [0.5, 1e-06, 0.1], "k_pid_hsp": [0.48226872086524963, 0.0, 0.0], "k_pid_vsp": [10.606491088867188, 400.0, 400.0]}, "datetime": {"datetime": "2025-08-20 19:49:30", "elapsed": 28624.767116308212, "delta": 22.650877237319946}, "costs": {"total_cost": 1460.4996863269187, "time_cost": 150, "final_distance_cost": 10.909783834447708, "oscillation_cost": 63.487657523650576, "completition_cost": 1000.0, "overshoot_cost": 139.33653713551695, "power_cost": 23.37523995361328, "noise_cost": 73.3904678796903, "n_waypoints_completed": 0, "tot_waypoints": 9}}
{"target": -1452.590791204503, "params": {"k_pid_pos": [0.031129460781812668, 0.9510014057159424, 0.0387578010559082], "k_pid_alt": [1.9833288192749023, 1.0, 0.06434983015060425], "k_pid_att": [100.0, 9.999999747378752e-05, 0.0], "k_pid_yaw": [0.5, 1e-06, 0.1], "k_pid_hsp": [0.0818663239479065, 0.021676748991012573, 0.009419858455657959], "k_pid_vsp": [0.0, 400.0, 400.0]}, "datetime": {"datetime": "2025-08-20 19:49:52", "elapsed": 28647.461281061172, "delta": 22.694164752960205}, "costs": {"total_cost": 1452.590791204503, "time_cost": 150, "final_distance_cost": 6.143570789143047, "oscillation_cost": 65.60647235581317, "completition_cost": 1000.0, "overshoot_cost": 141.67369562735917, "power_cost": 21.325209130859378, "noise_cost": 67.8418433013282, "n_waypoints_completed": 0, "tot_waypoints": 9}}
{"target": -1440.9396336964016, "params": {"k_pid_pos": [9.999999747378752e-05, 1.0, 0.13131290674209595], "k_pid_alt": [1.9854772090911865, 0.9708724617958069, 0.0], "k_pid_att": [100.0, 9.999999747378752e-05, 0.027785658836364746], "k_pid_yaw": [0.5, 1e-06, 0.1], "k_pid_hsp": [0.6561713218688965, 0.009284824132919312, 0.0], "k_pid_vsp": [25.19516944885254, 390.3556213378906, 372.9538879394531]}, "datetime": {"datetime": "2025-08-20 19:50:15", "elapsed": 28670.314044475555, "delta": 22.852763414382935}, "costs": {"total_cost": 1440.9396336964016, "time_cost": 150, "final_distance_cost": 11.428544430507113, "oscillation_cost": 65.74510509669652, "completition_cost": 1000.0, "overshoot_cost": 139.1198054592164, "power_cost": 16.868390356445314, "noise_cost": 57.77778835353606, "n_waypoints_completed": 0, "tot_waypoints": 9}}
{"target": -1485.9093404074122, "params": {"k_pid_pos": [0.034200675785541534, 1.0, 0.0], "k_pid_alt": [2.0, 0.9612404704093933, 0.0], "k_pid_att": [96.90227508544922, 0.4533941447734833, 0.04830121994018555], "k_pid_yaw": [0.5, 1e-06, 0.1], "k_pid_hsp": [9.999999747378752e-05, 0.04908815026283264, 0.0], "k_pid_vsp": [0.0, 394.4912109375, 400.0]}, "datetime": {"datetime": "2025-08-20 19:50:38", "elapsed": 28692.736941337585, "delta": 22.42289686203003}, "costs": {"total_cost": 1485.9093404074122, "time_cost": 150, "final_distance_cost": 31.7939707636395, "oscillation_cost": 32.9120098820502, "completition_cost": 1000.0, "overshoot_cost": 152.0101750578369, "power_cost": 30.333923242187502, "noise_cost": 88.85926146169831, "n_waypoints_completed": 0, "tot_waypoints": 9}}
{"target": -1483.1635284644017, "params": {"k_pid_pos": [0.027866804972290993, 1.0, 0.0], "k_pid_alt": [2.0, 0.9880362749099731, 0.0], "k_pid_att": [100.0, 0.10602056980133057, 0.0], "k_pid_yaw": [0.5, 1e-06, 0.1], "k_pid_hsp": [0.9223212599754333, 0.0, 0.04368796944618225], "k_pid_vsp": [12.240171432495117, 400.0, 400.0]}, "datetime": {"datetime": "2025-08-20 19:51:00", "elapsed": 28714.87752509117, "delta": 22.140583753585815}, "costs": {"total_cost": 1483.1635284644017, "time_cost": 150, "final_distance_cost": 18.054994428683358, "oscillation_cost": 101.8509895308611, "completition_cost": 1000.0, "overshoot_cost": 139.05399875954163, "power_cost": 21.13826541748047, "noise_cost": 53.0652803278352, "n_waypoints_completed": 0, "tot_waypoints": 9}}
{"target": -1402.296159618114, "params": {"k_pid_pos": [9.999999747378752e-05, 1.0, 0.0], "k_pid_alt": [2.0, 1.0, 0.0], "k_pid_att": [100.0, 9.999999747378752e-05, 0.08288291096687317], "k_pid_yaw": [0.5, 1e-06, 0.1], "k_pid_hsp": [0.2133185863494873, 0.0, 0.0], "k_pid_vsp": [40.09954833984375, 400.0, 400.0]}, "datetime": {"datetime": "2025-08-20 19:51:24", "elapsed": 28738.962282657623, "delta": 24.084757566452026}, "costs": {"total_cost": 1402.296159618114, "time_cost": 150, "final_distance_cost": 16.144056379936917, "oscillation_cost": 58.9058771443551, "completition_cost": 1000.0, "overshoot_cost": 140.49123257162827, "power_cost": 5.82738916015625, "noise_cost": 30.927604362037563, "n_waypoints_completed": 0, "tot_waypoints": 9}}
{"target": -1468.2530164223174, "params": {"k_pid_pos": [9.999999747378752e-05, 1.0, 0.0], "k_pid_alt": [1.9572219848632812, 1.0, 0.0], "k_pid_att": [100.0, 0.9298328757286072, 0.03274771571159363], "k_pid_yaw": [0.5, 1e-06, 0.1], "k_pid_hsp": [9.999999747378752e-05, 0.048183560371398926, 0.0], "k_pid_vsp": [0.0, 400.0, 384.0765380859375]}, "datetime": {"datetime": "2025-08-20 19:51:47", "elapsed": 28761.595106840134, "delta": 22.632824182510376}, "costs": {"total_cost": 1468.2530164223174, "time_cost": 150, "final_distance_cost": 24.511685659891274, "oscillation_cost": 33.461113807561574, "completition_cost": 1000.0, "overshoot_cost": 152.3210622113956, "power_cost": 27.03947020263672, "noise_cost": 80.9196845408321, "n_waypoints_completed": 0, "tot_waypoints": 9}}
