{"target": -3246.0162341350724, "params": {"k_pid_pos": [9.999999747378752e-05, 1.0, 0.07313382625579834], "k_pid_alt": [1.7962270975112915, 1.0, 0.0], "k_pid_att": [99.12226867675781, 9.999999747378752e-05, 0.0], "k_pid_yaw": [0.5, 1e-06, 0.1], "k_pid_hsp": [9.999999747378752e-05, 0.053534090518951416, 0.08388000726699829], "k_pid_vsp": [0.9713172912597656, 400.0, 400.0]}, "datetime": {"datetime": "2025-08-21 01:07:22", "elapsed": 47696.80799651146, "delta": 23.13412380218506}, "costs": {"total_cost": 3246.0162341350724, "time_cost": 150, "final_distance_cost": 649.3090088920442, "oscillation_cost": 320.7354273067709, "completition_cost": 1000.0, "overshoot_cost": 1087.305705773771, "power_cost": 21.331206359863284, "noise_cost": 17.334885802623184, "n_waypoints_completed": 0, "tot_waypoints": 9}}
{"target": -1434.841190730208, "params": {"k_pid_pos": [9.999999747378752e-05, 1.0, 0.0], "k_pid_alt": [1.957921028137207, 1.0, 0.06544739007949829], "k_pid_att": [100.0, 0.030171433463692665, 0.021132975816726685], "k_pid_yaw": [0.5, 1e-06, 0.1], "k_pid_hsp": [0.03165140375494957, 0.0, 0.003399193286895752], "k_pid_vsp": [29.835474014282227, 384.1405029296875, 400.0]}, "datetime": {"datetime": "2025-08-21 01:07:46", "elapsed": 47720.995102882385, "delta": 24.187106370925903}, "costs": {"total_cost": 1434.841190730208, "time_cost": 150, "final_distance_cost": 8.057731551143904, "oscillation_cost": 39.573717630494535, "completition_cost": 1000.0, "overshoot_cost": 139.26224282338362, "power_cost": 26.93550279541016, "noise_cost": 71.01199592977592, "n_waypoints_completed": 0, "tot_waypoints": 9}}
{"target": -1747.7264502502455, "params": {"k_pid_pos": [0.07663241028785706, 0.906975507736206, 0.003263711929321289], "k_pid_alt": [1.7760229110717773, 1.0, 0.005518525838851929], "k_pid_att": [89.11542510986328, 0.8968735933303833, 0.05132600665092468], "k_pid_yaw": [0.5, 1e-06, 0.1], "k_pid_hsp": [9.999999747378752e-05, 0.015613585710525513, 0.0], "k_pid_vsp": [0.0, 379.2672424316406, 400.0]}, "datetime": {"datetime": "2025-08-21 01:08:12", "elapsed": 47747.208043813705, "delta": 26.21294093132019}, "costs": {"total_cost": 1747.7264502502455, "time_cost": 150, "final_distance_cost": 242.6435821890828, "oscillation_cost": 25.160945782239825, "completition_cost": 1000.0, "overshoot_cost": 264.370526000659, "power_cost": 37.90607755126953, "noise_cost": 27.645318726994127, "n_waypoints_completed": 0, "tot_waypoints": 9}}
{"target": -4217.366031145726, "params": {"k_pid_pos": [9.999999747378752e-05, 0.9246631860733032, 0.0], "k_pid_alt": [2.0, 0.9565472602844238, 0.06224504113197327], "k_pid_att": [98.7346420288086, 0.44611766934394836, 0.14860790967941284], "k_pid_yaw": [0.5, 1e-06, 0.1], "k_pid_hsp": [9.999999747378752e-05, 0.022829383611679077, 0.04169300198554993], "k_pid_vsp": [0.0, 380.1897277832031, 400.0]}, "datetime": {"datetime": "2025-08-21 01:08:36", "elapsed": 47770.59824681282, "delta": 23.39020299911499}, "costs": {"total_cost": 4217.366031145726, "time_cost": 150, "final_distance_cost": 1122.89952042184, "oscillation_cost": 92.92913358970792, "completition_cost": 1000.0, "overshoot_cost": 1803.4457749556975, "power_cost": 27.928998193359377, "noise_cost": 20.162603985121002, "n_waypoints_completed": 0, "tot_waypoints": 9}}
{"target": -3498.3405918359185, "params": {"k_pid_pos": [0.04555336385965347, 1.0, 0.07177183032035828], "k_pid_alt": [2.0, 0.9284244775772095, 0.0], "k_pid_att": [93.75438690185547, 9.999999747378752e-05, 0.0], "k_pid_yaw": [0.5, 1e-06, 0.1], "k_pid_hsp": [9.999999747378752e-05, 0.0, 0.04284030199050903], "k_pid_vsp": [11.420559883117676, 400.0, 389.9323425292969]}, "datetime": {"datetime": "2025-08-21 01:08:58", "elapsed": 47793.38359594345, "delta": 22.785349130630493}, "costs": {"total_cost": 3498.3405918359185, "time_cost": 150, "final_distance_cost": 818.0321705000807, "oscillation_cost": 122.31956089825347, "completition_cost": 1000.0, "overshoot_cost": 1368.262144786997, "power_cost": 22.056918359375, "noise_cost": 17.66979729121303, "n_waypoints_completed": 0, "tot_waypoints": 9}}
{"target": -1848.1358510914467, "params": {"k_pid_pos": [0.06994486600160599, 0.9025827646255493, 0.0], "k_pid_alt": [1.9701368808746338, 1.0, 0.0], "k_pid_att": [100.0, 9.999999747378752e-05, 0.0], "k_pid_yaw": [0.5, 1e-06, 0.1], "k_pid_hsp": [9.999999747378752e-05, 0.0, 0.009014040231704712], "k_pid_vsp": [0.0, 390.2228698730469, 400.0]}, "datetime": {"datetime": "2025-08-21 01:09:22", "elapsed": 47817.21484208107, "delta": 23.83124613761902}, "costs": {"total_cost": 1848.1358510914467, "time_cost": 150, "final_distance_cost": 328.979419847531, "oscillation_cost": 28.57885255101198, "completition_cost": 888.8888888888888, "overshoot_cost": 386.8030668582752, "power_cost": 37.94513708496094, "noise_cost": 26.940485860779148, "n_waypoints_completed": 1, "tot_waypoints": 9}}
{"target": -1437.015463538865, "params": {"k_pid_pos": [9.999999747378752e-05, 1.0, 0.0], "k_pid_alt": [1.9203026294708252, 0.8916268944740295, 0.05357852578163147], "k_pid_att": [92.89778137207031, 0.00826396606862545, 0.03987157344818115], "k_pid_yaw": [0.5, 1e-06, 0.1], "k_pid_hsp": [0.8025141358375549, 0.0, 0.0], "k_pid_vsp": [0.0, 400.0, 400.0]}, "datetime": {"datetime": "2025-08-21 01:09:49", "elapsed": 47843.61381268501, "delta": 26.39897060394287}, "costs": {"total_cost": 1437.015463538865, "time_cost": 150, "final_distance_cost": 13.500014996848197, "oscillation_cost": 64.78618422373957, "completition_cost": 1000.0, "overshoot_cost": 139.83273326453929, "power_cost": 15.233092980957032, "noise_cost": 53.66343807278107, "n_waypoints_completed": 0, "tot_waypoints": 9}}
{"target": -1903.7800206038687, "params": {"k_pid_pos": [0.0529877170920372, 0.953871488571167, 0.0], "k_pid_alt": [1.8440262079238892, 0.9171847701072693, 0.004923790693283081], "k_pid_att": [96.7035903930664, 0.7187132239341736, 0.012171059846878052], "k_pid_yaw": [0.5, 1e-06, 0.1], "k_pid_hsp": [9.999999747378752e-05, 0.0, 0.0], "k_pid_vsp": [0.0, 390.9997863769531, 396.8094787597656]}, "datetime": {"datetime": "2025-08-21 01:10:11", "elapsed": 47866.33435368538, "delta": 22.72054100036621}, "costs": {"total_cost": 1903.7800206038687, "time_cost": 150, "final_distance_cost": 330.6155789972905, "oscillation_cost": 30.053558786100492, "completition_cost": 1000.0, "overshoot_cost": 367.42418024174964, "power_cost": 11.768980493164063, "noise_cost": 13.917722085564085, "n_waypoints_completed": 0, "tot_waypoints": 9}}
{"target": -1489.16093067289, "params": {"k_pid_pos": [0.09344383329153061, 1.0, 1.0520219802856445e-05], "k_pid_alt": [2.0, 0.9782060384750366, 0.0], "k_pid_att": [100.0, 9.999999747378752e-05, 0.0], "k_pid_yaw": [0.5, 1e-06, 0.1], "k_pid_hsp": [0.3520791828632355, 0.10285788774490356, 0.013857722282409668], "k_pid_vsp": [3.184986114501953, 392.4616394042969, 400.0]}, "datetime": {"datetime": "2025-08-21 01:10:37", "elapsed": 47891.729185819626, "delta": 25.394832134246826}, "costs": {"total_cost": 1489.16093067289, "time_cost": 150, "final_distance_cost": 11.403993782165031, "oscillation_cost": 87.25842007108619, "completition_cost": 1000.0, "overshoot_cost": 141.83409607416903, "power_cost": 23.887585583496094, "noise_cost": 74.77683516197362, "n_waypoints_completed": 0, "tot_waypoints": 9}}
{"target": -1650.9273948937698, "params": {"k_pid_pos": [0.022983821108937263, 0.9953751564025879, 0.01298627257347107], "k_pid_alt": [2.0, 1.0, 0.07858240604400635], "k_pid_att": [95.87275695800781, 9.999999747378752e-05, 0.026615500450134277], "k_pid_yaw": [0.5, 1e-06, 0.1], "k_pid_hsp": [9.999999747378752e-05, 0.01878759264945984, 0.0], "k_pid_vsp": [28.742050170898438, 356.96295166015625, 400.0]}, "datetime": {"datetime": "2025-08-21 01:10:58", "elapsed": 47913.39940857887, "delta": 21.670222759246826}, "costs": {"total_cost": 1650.9273948937698, "time_cost": 150, "final_distance_cost": 212.31407537060858, "oscillation_cost": 30.681604766136463, "completition_cost": 1000.0, "overshoot_cost": 230.20996572640078, "power_cost": 13.385706896972657, "noise_cost": 14.336042133651498, "n_waypoints_completed": 0, "tot_waypoints": 9}}
{"target": -1472.9947544666793, "params": {"k_pid_pos": [0.0986112430691719, 1.0, 0.05060631036758423], "k_pid_alt": [2.0, 1.0, 0.020849615335464478], "k_pid_att": [90.87345886230469, 0.1322251856327057, 0.0], "k_pid_yaw": [0.5, 1e-06, 0.1], "k_pid_hsp": [0.6689620614051819, 0.0, 0.0], "k_pid_vsp": [0.0, 391.58636474609375, 389.251708984375]}, "datetime": {"datetime": "2025-08-21 01:11:23", "elapsed": 47938.363473176956, "delta": 24.964064598083496}, "costs": {"total_cost": 1472.9947544666793, "time_cost": 150, "final_distance_cost": 9.359939815539592, "oscillation_cost": 62.7314943022776, "completition_cost": 1000.0, "overshoot_cost": 139.13763151899815, "power_cost": 27.83180241699219, "noise_cost": 83.93388641287167, "n_waypoints_completed": 0, "tot_waypoints": 9}}
{"target": -1952.7478817998428, "params": {"k_pid_pos": [9.999999747378752e-05, 1.0, 0.0], "k_pid_alt": [1.9797768592834473, 1.0, 0.10838469862937927], "k_pid_att": [96.5693130493164, 9.999999747378752e-05, 0.0224665105342865], "k_pid_yaw": [0.5, 1e-06, 0.1], "k_pid_hsp": [9.999999747378752e-05, 0.0, 0.0], "k_pid_vsp": [7.646584510803223, 400.0, 400.0]}, "datetime": {"datetime": "2025-08-21 01:11:48", "elapsed": 47962.8711540699, "delta": 24.507680892944336}, "costs": {"total_cost": 1952.7478817998428, "time_cost": 150, "final_distance_cost": 335.07870943946483, "oscillation_cost": 24.78345512630266, "completition_cost": 1000.0, "overshoot_cost": 376.8115494834885, "power_cost": 37.948832250976565, "noise_cost": 28.125335499610305, "n_waypoints_completed": 0, "tot_waypoints": 9}}
{"target": -1466.089253535641, "params": {"k_pid_pos": [9.999999747378752e-05, 0.8551541566848755, 0.0], "k_pid_alt": [2.0, 1.0, 0.0], "k_pid_att": [95.10773468017578, 1.0721935033798218, 0.0], "k_pid_yaw": [0.5, 1e-06, 0.1], "k_pid_hsp": [9.999999747378752e-05, 0.05246925354003906, 0.0], "k_pid_vsp": [0.0, 372.6597900390625, 400.0]}, "datetime": {"datetime": "2025-08-21 01:12:13", "elapsed": 47987.77336502075, "delta": 24.90221095085144}, "costs": {"total_cost": 1466.089253535641, "time_cost": 150, "final_distance_cost": 8.844690810367442, "oscillation_cost": 34.00007901968417, "completition_cost": 1000.0, "overshoot_cost": 150.84731518274467, "power_cost": 31.137015393066406, "noise_cost": 91.2601531297784, "n_waypoints_completed": 0, "tot_waypoints": 9}}
{"target": -1384.9887570285491, "params": {"k_pid_pos": [9.999999747378752e-05, 1.0, 0.0], "k_pid_alt": [2.0, 0.9805287718772888, 0.0], "k_pid_att": [100.0, 9.999999747378752e-05, 0.043430209159851074], "k_pid_yaw": [0.5, 1e-06, 0.1], "k_pid_hsp": [0.09084030985832214, 0.0, 0.0], "k_pid_vsp": [6.7392706871032715, 400.0, 399.7365417480469]}, "datetime": {"datetime": "2025-08-21 01:12:35", "elapsed": 48009.87361550331, "delta": 22.100250482559204}, "costs": {"total_cost": 1384.9887570285491, "time_cost": 150, "final_distance_cost": 17.236018178921295, "oscillation_cost": 53.17948693491789, "completition_cost": 1000.0, "overshoot_cost": 140.79096045602475, "power_cost": 1.9835442871093751, "noise_cost": 21.79874717157568, "n_waypoints_completed": 0, "tot_waypoints": 9}}
{"target": -1991.4195254485212, "params": {"k_pid_pos": [9.999999747378752e-05, 0.9552382826805115, 0.0], "k_pid_alt": [1.9139810800552368, 0.9452148079872131, 0.0], "k_pid_att": [96.68749237060547, 0.33327797055244446, 0.07667028903961182], "k_pid_yaw": [0.5, 1e-06, 0.1], "k_pid_hsp": [9.999999747378752e-05, 0.0, 0.013458877801895142], "k_pid_vsp": [14.67551040649414, 396.5821228027344, 400.0]}, "datetime": {"datetime": "2025-08-21 01:13:00", "elapsed": 48034.92617082596, "delta": 25.052555322647095}, "costs": {"total_cost": 1991.4195254485212, "time_cost": 150, "final_distance_cost": 362.3505290330494, "oscillation_cost": 32.40895188407786, "completition_cost": 1000.0, "overshoot_cost": 423.72547184867216, "power_cost": 10.813179370117188, "noise_cost": 12.121393312604434, "n_waypoints_completed": 0, "tot_waypoints": 9}}
{"target": -1453.0400237805038, "params": {"k_pid_pos": [9.999999747378752e-05, 0.9942789077758789, 0.0], "k_pid_alt": [1.8847391605377197, 1.0, 0.05237564444541931], "k_pid_att": [100.0, 0.8510485291481018, 0.030017703771591187], "k_pid_yaw": [0.5, 1e-06, 0.1], "k_pid_hsp": [9.999999747378752e-05, 0.03580409288406372, 0.0], "k_pid_vsp": [11.301875114440918, 400.0, 397.578857421875]}, "datetime": {"datetime": "2025-08-21 01:13:25", "elapsed": 48059.794951200485, "delta": 24.868780374526978}, "costs": {"total_cost": 1453.0400237805038, "time_cost": 150, "final_distance_cost": 36.72836533168851, "oscillation_cost": 32.34559205400398, "completition_cost": 1000.0, "overshoot_cost": 157.01111847168235, "power_cost": 20.13599460449219, "noise_cost": 56.81895331863693, "n_waypoints_completed": 0, "tot_waypoints": 9}}
{"target": -1479.1821701570136, "params": {"k_pid_pos": [0.03642137348651886, 1.0, 0.0], "k_pid_alt": [1.9055386781692505, 1.0, 0.0], "k_pid_att": [100.0, 9.999999747378752e-05, 0.10190761089324951], "k_pid_yaw": [0.5, 1e-06, 0.1], "k_pid_hsp": [0.525992214679718, 0.03557354211807251, 0.05694684386253357], "k_pid_vsp": [6.675076484680176, 400.0, 400.0]}, "datetime": {"datetime": "2025-08-21 01:13:50", "elapsed": 48085.10662865639, "delta": 25.3116774559021}, "costs": {"total_cost": 1479.1821701570136, "time_cost": 150, "final_distance_cost": 20.336650861327506, "oscillation_cost": 117.40725876631605, "completition_cost": 1000.0, "overshoot_cost": 133.37642449343662, "power_cost": 20.385406372070314, "noise_cost": 37.676429663863324, "n_waypoints_completed": 0, "tot_waypoints": 9}}
{"target": -1463.5208811488058, "params": {"k_pid_pos": [9.999999747378752e-05, 0.9129082560539246, 0.0], "k_pid_alt": [2.0, 1.0, 0.0], "k_pid_att": [100.0, 9.999999747378752e-05, 0.0], "k_pid_yaw": [0.5, 1e-06, 0.1], "k_pid_hsp": [9.999999747378752e-05, 0.17954251170158386, 0.0], "k_pid_vsp": [0.0, 400.0, 371.2109069824219]}, "datetime": {"datetime": "2025-08-21 01:14:12", "elapsed": 48106.86713910103, "delta": 21.760510444641113}, "costs": {"total_cost": 1463.5208811488058, "time_cost": 150, "final_distance_cost": 19.36234498685724, "oscillation_cost": 59.64560369846372, "completition_cost": 1000.0, "overshoot_cost": 144.54938709338236, "power_cost": 21.30708438720703, "noise_cost": 68.6564609828953, "n_waypoints_completed": 0, "tot_waypoints": 9}}
{"target": -3501.8986304769182, "params": {"k_pid_pos": [0.024328909814357758, 0.9965291023254395, 0.05597275495529175], "k_pid_alt": [2.0, 0.9070221185684204, 0.0], "k_pid_att": [100.0, 9.999999747378752e-05, 0.0], "k_pid_yaw": [0.5, 1e-06, 0.1], "k_pid_hsp": [9.999999747378752e-05, 0.01790452003479004, 0.05150866508483887], "k_pid_vsp": [0.0, 394.2915954589844, 400.0]}, "datetime": {"datetime": "2025-08-21 01:14:42", "elapsed": 48136.93773794174, "delta": 30.0705988407135}, "costs": {"total_cost": 3501.8986304769182, "time_cost": 150, "final_distance_cost": 844.5367624977633, "oscillation_cost": 141.81791061274254, "completition_cost": 1000.0, "overshoot_cost": 1325.8060741788413, "power_cost": 22.0361087890625, "noise_cost": 17.701774398508586, "n_waypoints_completed": 0, "tot_waypoints": 9}}
{"target": -1478.3894273100923, "params": {"k_pid_pos": [0.06949970126152039, 0.9913187026977539, 0.0], "k_pid_alt": [1.9389203786849976, 1.0, 0.0], "k_pid_att": [98.1395263671875, 9.999999747378752e-05, 0.0], "k_pid_yaw": [0.5, 1e-06, 0.1], "k_pid_hsp": [0.04892763867974281, 0.032526999711990356, 0.002489626407623291], "k_pid_vsp": [24.31114959716797, 400.0, 400.0]}, "datetime": {"datetime": "2025-08-21 01:15:05", "elapsed": 48159.67756438255, "delta": 22.739826440811157}, "costs": {"total_cost": 1478.3894273100923, "time_cost": 150, "final_distance_cost": 21.469180136221834, "oscillation_cost": 57.95527095964827, "completition_cost": 1000.0, "overshoot_cost": 143.93354977269976, "power_cost": 25.908850659179688, "noise_cost": 79.1225757823427, "n_waypoints_completed": 0, "tot_waypoints": 9}}
{"target": -1456.2489554294868, "params": {"k_pid_pos": [0.005141883622854948, 0.9500041604042053, 0.04155313968658447], "k_pid_alt": [1.950136661529541, 1.0, 0.07270300388336182], "k_pid_att": [100.0, 9.999999747378752e-05, 0.0], "k_pid_yaw": [0.5, 1e-06, 0.1], "k_pid_hsp": [0.1423805207014084, 0.05366837978363037, 0.0], "k_pid_vsp": [0.0, 400.0, 374.3670654296875]}, "datetime": {"datetime": "2025-08-21 01:15:31", "elapsed": 48185.65694999695, "delta": 25.97938561439514}, "costs": {"total_cost": 1456.2489554294868, "time_cost": 150, "final_distance_cost": 16.90693100014887, "oscillation_cost": 54.5794468436874, "completition_cost": 1000.0, "overshoot_cost": 141.59051611408083, "power_cost": 22.241331286621094, "noise_cost": 70.93073018494876, "n_waypoints_completed": 0, "tot_waypoints": 9}}
{"target": -1919.8394400015893, "params": {"k_pid_pos": [9.999999747378752e-05, 1.0, 0.0], "k_pid_alt": [2.0, 0.9509679079055786, 0.0], "k_pid_att": [99.87979888916016, 9.999999747378752e-05, 0.06422778964042664], "k_pid_yaw": [0.5, 1e-06, 0.1], "k_pid_hsp": [9.999999747378752e-05, 0.0, 0.0], "k_pid_vsp": [16.940832138061523, 400.0, 369.1363220214844]}, "datetime": {"datetime": "2025-08-21 01:15:54", "elapsed": 48208.818757772446, "delta": 23.161807775497437}, "costs": {"total_cost": 1919.8394400015893, "time_cost": 150, "final_distance_cost": 335.5199932198795, "oscillation_cost": 30.91698073222933, "completition_cost": 1000.0, "overshoot_cost": 377.85664009569695, "power_cost": 11.683070959472657, "noise_cost": 13.862754994310674, "n_waypoints_completed": 0, "tot_waypoints": 9}}
{"target": -3737.211895873922, "params": {"k_pid_pos": [9.999999747378752e-05, 1.0, 0.0], "k_pid_alt": [2.0, 0.9537050127983093, 0.0], "k_pid_att": [91.34330749511719, 0.4888063967227936, 0.05180561542510986], "k_pid_yaw": [0.5, 1e-06, 0.1], "k_pid_hsp": [9.999999747378752e-05, 0.0, 0.032089412212371826], "k_pid_vsp": [0.0, 400.0, 375.4380187988281]}, "datetime": {"datetime": "2025-08-21 01:16:17", "elapsed": 48232.443216085434, "delta": 23.62445831298828}, "costs": {"total_cost": 3737.211895873922, "time_cost": 150, "final_distance_cost": 951.9370369445592, "oscillation_cost": 109.5774838476315, "completition_cost": 1000.0, "overshoot_cost": 1465.2601770171175, "power_cost": 36.0856583984375, "noise_cost": 24.351539666176418, "n_waypoints_completed": 0, "tot_waypoints": 9}}
{"target": -1414.8312380484538, "params": {"k_pid_pos": [9.999999747378752e-05, 0.9146334528923035, 0.04820823669433594], "k_pid_alt": [2.0, 0.9195836782455444, 0.0], "k_pid_att": [94.22614288330078, 0.953830361366272, 0.0], "k_pid_yaw": [0.5, 1e-06, 0.1], "k_pid_hsp": [0.05051489174365997, 0.0, 0.0052002668380737305], "k_pid_vsp": [7.311844825744629, 360.12384033203125, 400.0]}, "datetime": {"datetime": "2025-08-21 01:16:40", "elapsed": 48254.60706949234, "delta": 22.163853406906128}, "costs": {"total_cost": 1414.8312380484538, "time_cost": 150, "final_distance_cost": 10.628789150766004, "oscillation_cost": 46.49231128648962, "completition_cost": 1000.0, "overshoot_cost": 139.85298125801398, "power_cost": 15.678822668457032, "noise_cost": 52.17833368472724, "n_waypoints_completed": 0, "tot_waypoints": 9}}
{"target": -4956.652805130309, "params": {"k_pid_pos": [9.999999747378752e-05, 1.0, 0.0], "k_pid_alt": [2.0, 0.9946814775466919, 0.0], "k_pid_att": [96.77438354492188, 9.999999747378752e-05, 0.02552005648612976], "k_pid_yaw": [0.5, 1e-06, 0.1], "k_pid_hsp": [9.999999747378752e-05, 0.0, 0.046459347009658813], "k_pid_vsp": [0.0, 396.1276550292969, 400.0]}, "datetime": {"datetime": "2025-08-21 01:17:03", "elapsed": 48277.79991722107, "delta": 23.192847728729248}, "costs": {"total_cost": 4956.652805130309, "time_cost": 150, "final_distance_cost": 1374.0912969661642, "oscillation_cost": 116.54313068545962, "completition_cost": 1000.0, "overshoot_cost": 2266.7711176225835, "power_cost": 28.51892447509766, "noise_cost": 20.728335381005053, "n_waypoints_completed": 0, "tot_waypoints": 9}}
{"target": -1467.0190343902248, "params": {"k_pid_pos": [0.0767342746257782, 0.9757922887802124, 0.0], "k_pid_alt": [2.0, 1.0, 0.016977250576019287], "k_pid_att": [90.9743881225586, 0.3663957715034485, 0.022947490215301514], "k_pid_yaw": [0.5, 1e-06, 0.1], "k_pid_hsp": [1.0011860132217407, 0.0, 0.03525185585021973], "k_pid_vsp": [0.0, 400.0, 389.94622802734375]}, "datetime": {"datetime": "2025-08-21 01:17:25", "elapsed": 48299.83539915085, "delta": 22.035481929779053}, "costs": {"total_cost": 1467.0190343902248, "time_cost": 150, "final_distance_cost": 10.653311805795457, "oscillation_cost": 95.1858542790749, "completition_cost": 1000.0, "overshoot_cost": 139.1734312801753, "power_cost": 17.45242985839844, "noise_cost": 54.55400716678049, "n_waypoints_completed": 0, "tot_waypoints": 9}}
{"target": -1481.5075710471335, "params": {"k_pid_pos": [0.2271253615617752, 1.0, 0.06448286771774292], "k_pid_alt": [1.8472540378570557, 0.9505216479301453, 0.08213445544242859], "k_pid_att": [100.0, 9.999999747378752e-05, 0.009734183549880981], "k_pid_yaw": [0.5, 1e-06, 0.1], "k_pid_hsp": [9.999999747378752e-05, 0.04407781362533569, 0.0], "k_pid_vsp": [0.0, 378.00537109375, 400.0]}, "datetime": {"datetime": "2025-08-21 01:17:48", "elapsed": 48323.51161336899, "delta": 23.67621421813965}, "costs": {"total_cost": 1481.5075710471335, "time_cost": 150, "final_distance_cost": 23.45060870916612, "oscillation_cost": 32.53858048476009, "completition_cost": 1000.0, "overshoot_cost": 153.59427125143833, "power_cost": 31.20831580810547, "noise_cost": 90.71579479366356, "n_waypoints_completed": 0, "tot_waypoints": 9}}
