{"target": -1464.2576729054413, "params": {"k_pid_pos": [9.999999747378752e-05, 0.9927559494972229, 0.0], "k_pid_alt": [2.0, 1.0, 0.0], "k_pid_att": [100.0, 9.999999747378752e-05, 0.0], "k_pid_yaw": [0.5, 1e-06, 0.1], "k_pid_hsp": [9.999999747378752e-05, 0.06434080004692078, 0.019095569849014282], "k_pid_vsp": [8.03217887878418, 400.0, 400.0]}, "datetime": {"datetime": "2025-08-21 00:04:03", "elapsed": 43898.07391190529, "delta": 25.200769901275635}, "costs": {"total_cost": 1464.2576729054413, "time_cost": 150, "final_distance_cost": 27.797397169257863, "oscillation_cost": 40.456876504252996, "completition_cost": 1000.0, "overshoot_cost": 147.40769819167187, "power_cost": 23.70946893310547, "noise_cost": 74.8862321071531, "n_waypoints_completed": 0, "tot_waypoints": 9}}
{"target": -1398.9237355691666, "params": {"k_pid_pos": [0.09491677582263947, 0.9178426265716553, 0.0012527406215667725], "k_pid_alt": [1.9565634727478027, 0.9995787143707275, 0.0016129612922668457], "k_pid_att": [95.22396087646484, 0.68011873960495, 0.0], "k_pid_yaw": [0.5, 1e-06, 0.1], "k_pid_hsp": [9.999999747378752e-05, 0.06693515181541443, 0.009985923767089844], "k_pid_vsp": [0.0, 392.4338684082031, 379.7642822265625]}, "datetime": {"datetime": "2025-08-21 00:04:29", "elapsed": 43924.15298295021, "delta": 26.079071044921875}, "costs": {"total_cost": 1398.9237355691666, "time_cost": 150, "final_distance_cost": 5.150386118271785, "oscillation_cost": 41.52723756409359, "completition_cost": 1000.0, "overshoot_cost": 146.79696901838, "power_cost": 11.173964807128907, "noise_cost": 44.27517806129254, "n_waypoints_completed": 0, "tot_waypoints": 9}}
{"target": -1398.6244531640805, "params": {"k_pid_pos": [9.999999747378752e-05, 0.8986958861351013, 0.0034110844135284424], "k_pid_alt": [1.8907749652862549, 1.0, 0.0], "k_pid_att": [93.53260803222656, 0.01710592955350876, 0.0], "k_pid_yaw": [0.5, 1e-06, 0.1], "k_pid_hsp": [9.999999747378752e-05, 0.05553698539733887, 0.0], "k_pid_vsp": [0.0, 397.7162780761719, 400.0]}, "datetime": {"datetime": "2025-08-21 00:04:52", "elapsed": 43947.20228719711, "delta": 23.049304246902466}, "costs": {"total_cost": 1398.6244531640805, "time_cost": 150, "final_distance_cost": 28.204427192137345, "oscillation_cost": 38.098125516985846, "completition_cost": 1000.0, "overshoot_cost": 149.85027398520688, "power_cost": 4.613777600097657, "noise_cost": 27.857848869652685, "n_waypoints_completed": 0, "tot_waypoints": 9}}
{"target": -1460.0084656021497, "params": {"k_pid_pos": [0.18243829905986786, 1.0, 0.042905211448669434], "k_pid_alt": [1.9114315509796143, 1.0, 0.0], "k_pid_att": [100.0, 0.5162150263786316, 0.00015282630920410156], "k_pid_yaw": [0.5, 1e-06, 0.1], "k_pid_hsp": [9.999999747378752e-05, 0.03982862830162048, 0.013815581798553467], "k_pid_vsp": [34.06447219848633, 395.9232177734375, 365.7881774902344]}, "datetime": {"datetime": "2025-08-21 00:05:17", "elapsed": 43972.337655067444, "delta": 25.13536787033081}, "costs": {"total_cost": 1460.0084656021497, "time_cost": 150, "final_distance_cost": 33.23623741783592, "oscillation_cost": 36.19990670522585, "completition_cost": 1000.0, "overshoot_cost": 151.48243722076197, "power_cost": 24.387424841308594, "noise_cost": 64.70245941701741, "n_waypoints_completed": 0, "tot_waypoints": 9}}
{"target": -1529.7413364019842, "params": {"k_pid_pos": [9.999999747378752e-05, 0.9751237034797668, 0.04106864333152771], "k_pid_alt": [2.0, 0.9793975353240967, 0.0066491663455963135], "k_pid_att": [93.78248596191406, 9.999999747378752e-05, 0.06696033477783203], "k_pid_yaw": [0.5, 1e-06, 0.1], "k_pid_hsp": [0.29081931710243225, 0.05856993794441223, 0.08603572845458984], "k_pid_vsp": [10.29675006866455, 400.0, 390.5699768066406]}, "datetime": {"datetime": "2025-08-21 00:05:39", "elapsed": 43994.1667265892, "delta": 21.829071521759033}, "costs": {"total_cost": 1529.7413364019842, "time_cost": 150, "final_distance_cost": 23.66857082725515, "oscillation_cost": 162.43984506435865, "completition_cost": 1000.0, "overshoot_cost": 131.59504989684933, "power_cost": 25.600702978515628, "noise_cost": 36.43716763500559, "n_waypoints_completed": 0, "tot_waypoints": 9}}
{"target": -4123.272128279319, "params": {"k_pid_pos": [9.999999747378752e-05, 0.973197877407074, 0.01887291669845581], "k_pid_alt": [2.0, 1.0, 0.05628052353858948], "k_pid_att": [100.0, 9.999999747378752e-05, 0.0], "k_pid_yaw": [0.5, 1e-06, 0.1], "k_pid_hsp": [9.999999747378752e-05, 0.014404326677322388, 0.03223562240600586], "k_pid_vsp": [0.0, 395.614013671875, 400.0]}, "datetime": {"datetime": "2025-08-21 00:06:03", "elapsed": 44017.922956466675, "delta": 23.756229877471924}, "costs": {"total_cost": 4123.272128279319, "time_cost": 150, "final_distance_cost": 1091.6281763195213, "oscillation_cost": 103.25717474275193, "completition_cost": 1000.0, "overshoot_cost": 1754.5175079968649, "power_cost": 12.204276184082032, "noise_cost": 11.664993036098972, "n_waypoints_completed": 0, "tot_waypoints": 9}}
{"target": -3662.995503764141, "params": {"k_pid_pos": [0.06473502516746521, 1.0, 0.0], "k_pid_alt": [2.0, 1.0, 0.0], "k_pid_att": [100.0, 9.999999747378752e-05, 0.0], "k_pid_yaw": [0.5, 1e-06, 0.1], "k_pid_hsp": [9.999999747378752e-05, 0.0017235279083251953, 0.05087354779243469], "k_pid_vsp": [10.143589973449707, 380.38958740234375, 399.7966003417969]}, "datetime": {"datetime": "2025-08-21 00:06:26", "elapsed": 44041.48139476776, "delta": 23.558438301086426}, "costs": {"total_cost": 3662.995503764141, "time_cost": 150, "final_distance_cost": 869.3969249338961, "oscillation_cost": 142.5967951498572, "completition_cost": 1000.0, "overshoot_cost": 1461.9097220360647, "power_cost": 21.60109150390625, "noise_cost": 17.490970140416994, "n_waypoints_completed": 0, "tot_waypoints": 9}}
{"target": -1868.3591831221165, "params": {"k_pid_pos": [0.14333215355873108, 1.0, 0.0], "k_pid_alt": [2.0, 0.9975581169128418, 0.0], "k_pid_att": [100.0, 9.999999747378752e-05, 0.0], "k_pid_yaw": [0.5, 1e-06, 0.1], "k_pid_hsp": [9.999999747378752e-05, 0.012825042009353638, 0.012773722410202026], "k_pid_vsp": [0.0, 370.1971435546875, 400.0]}, "datetime": {"datetime": "2025-08-21 00:06:48", "elapsed": 44063.08265399933, "delta": 21.601259231567383}, "costs": {"total_cost": 1868.3591831221165, "time_cost": 150, "final_distance_cost": 308.55944391786124, "oscillation_cost": 33.428867962402705, "completition_cost": 1000.0, "overshoot_cost": 351.7733428246982, "power_cost": 11.682775354003907, "noise_cost": 12.914753063150274, "n_waypoints_completed": 0, "tot_waypoints": 9}}
{"target": -1478.0476769076581, "params": {"k_pid_pos": [0.18223387002944946, 1.0, 0.0], "k_pid_alt": [1.9318791627883911, 1.0, 0.03397461771965027], "k_pid_att": [98.68365478515625, 0.41363197565078735, 0.0], "k_pid_yaw": [0.5, 1e-06, 0.1], "k_pid_hsp": [1.0433365106582642, 0.07316112518310547, 0.0], "k_pid_vsp": [0.0, 400.0, 364.57916259765625]}, "datetime": {"datetime": "2025-08-21 00:07:15", "elapsed": 44089.64421725273, "delta": 26.56156325340271}, "costs": {"total_cost": 1478.0476769076581, "time_cost": 150, "final_distance_cost": 12.01436938750512, "oscillation_cost": 68.70708018062655, "completition_cost": 1000.0, "overshoot_cost": 138.80991502494868, "power_cost": 26.779764892578125, "noise_cost": 81.73654742199972, "n_waypoints_completed": 0, "tot_waypoints": 9}}
{"target": -1945.830726422809, "params": {"k_pid_pos": [0.0349518358707428, 0.9488033652305603, 0.0], "k_pid_alt": [2.0, 0.9701340198516846, 0.0], "k_pid_att": [96.89311981201172, 9.999999747378752e-05, 0.0], "k_pid_yaw": [0.5, 1e-06, 0.1], "k_pid_hsp": [9.999999747378752e-05, 0.001003652811050415, 0.0], "k_pid_vsp": [0.0, 387.3360290527344, 400.0]}, "datetime": {"datetime": "2025-08-21 00:07:36", "elapsed": 44111.4549100399, "delta": 21.81069278717041}, "costs": {"total_cost": 1945.830726422809, "time_cost": 150, "final_distance_cost": 344.61044572155265, "oscillation_cost": 30.51274897251667, "completition_cost": 1000.0, "overshoot_cost": 396.60242159789965, "power_cost": 11.280575073242188, "noise_cost": 12.824535057597782, "n_waypoints_completed": 0, "tot_waypoints": 9}}
{"target": -2793.9086033329095, "params": {"k_pid_pos": [9.999999747378752e-05, 0.9996358156204224, 0.0], "k_pid_alt": [2.0, 1.0, 0.06648498773574829], "k_pid_att": [100.0, 9.999999747378752e-05, 0.005502521991729736], "k_pid_yaw": [0.5, 1e-06, 0.1], "k_pid_hsp": [9.999999747378752e-05, 0.0, 0.09734830260276794], "k_pid_vsp": [0.0, 400.0, 373.571533203125]}, "datetime": {"datetime": "2025-08-21 00:08:02", "elapsed": 44136.79702448845, "delta": 25.342114448547363}, "costs": {"total_cost": 2793.9086033329095, "time_cost": 150, "final_distance_cost": 468.8615604250065, "oscillation_cost": 384.3604640792989, "completition_cost": 1000.0, "overshoot_cost": 751.5355937428097, "power_cost": 21.73791597900391, "noise_cost": 17.413069106790168, "n_waypoints_completed": 0, "tot_waypoints": 9}}
{"target": -1495.9627821555925, "params": {"k_pid_pos": [9.999999747378752e-05, 0.9930070638656616, 0.004712343215942383], "k_pid_alt": [1.845531940460205, 0.9626359343528748, 0.0], "k_pid_att": [97.10958862304688, 0.39797934889793396, 0.0], "k_pid_yaw": [0.5, 1e-06, 0.1], "k_pid_hsp": [0.10599106550216675, 0.006792932748794556, 0.0], "k_pid_vsp": [27.887117385864258, 400.0, 400.0]}, "datetime": {"datetime": "2025-08-21 00:08:24", "elapsed": 44158.84667801857, "delta": 22.04965353012085}, "costs": {"total_cost": 1495.9627821555925, "time_cost": 150, "final_distance_cost": 14.64206883619505, "oscillation_cost": 51.05564206791348, "completition_cost": 1000.0, "overshoot_cost": 140.9224905245765, "power_cost": 35.81272247314453, "noise_cost": 103.52985825376291, "n_waypoints_completed": 0, "tot_waypoints": 9}}
{"target": -1454.580337208448, "params": {"k_pid_pos": [9.999999747378752e-05, 0.9399040937423706, 0.0], "k_pid_alt": [2.0, 1.0, 0.0], "k_pid_att": [100.0, 0.031556036323308945, 0.0], "k_pid_yaw": [0.5, 1e-06, 0.1], "k_pid_hsp": [9.999999747378752e-05, 0.052895158529281616, 0.0], "k_pid_vsp": [30.719268798828125, 400.0, 400.0]}, "datetime": {"datetime": "2025-08-21 00:08:48", "elapsed": 44182.8362634182, "delta": 23.989585399627686}, "costs": {"total_cost": 1454.580337208448, "time_cost": 150, "final_distance_cost": 9.121344354582279, "oscillation_cost": 34.595789087708084, "completition_cost": 1000.0, "overshoot_cost": 151.02554560094293, "power_cost": 27.37144168701172, "noise_cost": 82.46621647820325, "n_waypoints_completed": 0, "tot_waypoints": 9}}
{"target": -1504.2332193804389, "params": {"k_pid_pos": [9.999999747378752e-05, 1.0, 0.0], "k_pid_alt": [1.9581658840179443, 1.0, 0.0], "k_pid_att": [97.76871490478516, 9.999999747378752e-05, 0.0], "k_pid_yaw": [0.5, 1e-06, 0.1], "k_pid_hsp": [9.999999747378752e-05, 0.023724377155303955, 0.0], "k_pid_vsp": [14.220905303955078, 400.0, 400.0]}, "datetime": {"datetime": "2025-08-21 00:09:10", "elapsed": 44205.30553603172, "delta": 22.46927261352539}, "costs": {"total_cost": 1504.2332193804389, "time_cost": 150, "final_distance_cost": 140.94416862229534, "oscillation_cost": 30.94505336638644, "completition_cost": 1000.0, "overshoot_cost": 150.1546009169822, "power_cost": 15.61875340576172, "noise_cost": 16.57064306901323, "n_waypoints_completed": 0, "tot_waypoints": 9}}
{"target": -1432.7482422078629, "params": {"k_pid_pos": [9.999999747378752e-05, 1.0, 0.09578487277030945], "k_pid_alt": [1.8890211582183838, 0.9475030899047852, 0.0], "k_pid_att": [94.59606170654297, 9.999999747378752e-05, 0.0], "k_pid_yaw": [0.5, 1e-06, 0.1], "k_pid_hsp": [9.999999747378752e-05, 0.06765758991241455, 0.0], "k_pid_vsp": [13.731611251831055, 389.3301086425781, 400.0]}, "datetime": {"datetime": "2025-08-21 00:09:34", "elapsed": 44228.91649031639, "delta": 23.61095428466797}, "costs": {"total_cost": 1432.7482422078629, "time_cost": 150, "final_distance_cost": 2.590465157349244, "oscillation_cost": 40.229689926946925, "completition_cost": 1000.0, "overshoot_cost": 147.42859983270748, "power_cost": 22.178546459960938, "noise_cost": 70.32094083089817, "n_waypoints_completed": 0, "tot_waypoints": 9}}
{"target": -1495.9861884932866, "params": {"k_pid_pos": [9.999999747378752e-05, 0.991829514503479, 0.0], "k_pid_alt": [1.9623336791992188, 1.0, 0.0], "k_pid_att": [98.29560089111328, 0.11471262574195862, 0.0], "k_pid_yaw": [0.5, 1e-06, 0.1], "k_pid_hsp": [0.6266208291053772, 0.0, 0.0], "k_pid_vsp": [0.0, 400.0, 400.0]}, "datetime": {"datetime": "2025-08-21 00:09:57", "elapsed": 44251.742683172226, "delta": 22.82619285583496}, "costs": {"total_cost": 1495.9861884932866, "time_cost": 150, "final_distance_cost": 16.68672334296005, "oscillation_cost": 63.85924857712045, "completition_cost": 1000.0, "overshoot_cost": 139.83836861686967, "power_cost": 31.81044150390625, "noise_cost": 93.79140645243001, "n_waypoints_completed": 0, "tot_waypoints": 9}}
{"target": -1508.5139937664094, "params": {"k_pid_pos": [9.999999747378752e-05, 0.9411046504974365, 0.0], "k_pid_alt": [1.89455246925354, 0.9993122816085815, 0.002937018871307373], "k_pid_att": [100.0, 0.48171886801719666, 0.028325766324996948], "k_pid_yaw": [0.5, 1e-06, 0.1], "k_pid_hsp": [0.22829857468605042, 0.08357089757919312, 0.0], "k_pid_vsp": [0.0, 400.0, 400.0]}, "datetime": {"datetime": "2025-08-21 00:10:19", "elapsed": 44274.37850880623, "delta": 22.635825634002686}, "costs": {"total_cost": 1508.5139937664094, "time_cost": 150, "final_distance_cost": 18.852842492287866, "oscillation_cost": 54.75599702929655, "completition_cost": 1000.0, "overshoot_cost": 141.59164613941522, "power_cost": 36.94987082519531, "noise_cost": 106.3636372802145, "n_waypoints_completed": 0, "tot_waypoints": 9}}
{"target": -1451.5005175126594, "params": {"k_pid_pos": [0.12356496602296829, 0.9660129547119141, 0.02188292145729065], "k_pid_alt": [2.0, 0.9658218622207642, 0.06543245911598206], "k_pid_att": [100.0, 9.999999747378752e-05, 0.0022612810134887695], "k_pid_yaw": [0.5, 1e-06, 0.1], "k_pid_hsp": [9.999999747378752e-05, 0.0656006932258606, 0.0], "k_pid_vsp": [0.6548166275024414, 379.0763854980469, 400.0]}, "datetime": {"datetime": "2025-08-21 00:10:43", "elapsed": 44298.38148379326, "delta": 24.00297498703003}, "costs": {"total_cost": 1451.5005175126594, "time_cost": 150, "final_distance_cost": 21.28158711754613, "oscillation_cost": 40.716906055832474, "completition_cost": 1000.0, "overshoot_cost": 147.813541333901, "power_cost": 21.892876086425783, "noise_cost": 69.79560691895401, "n_waypoints_completed": 0, "tot_waypoints": 9}}
{"target": -1503.8475888341914, "params": {"k_pid_pos": [9.999999747378752e-05, 0.9880836606025696, 0.006576895713806152], "k_pid_alt": [2.0, 0.9898662567138672, 0.008040308952331543], "k_pid_att": [100.0, 0.3801097571849823, 0.0], "k_pid_yaw": [0.5, 1e-06, 0.1], "k_pid_hsp": [0.33907684683799744, 0.002444237470626831, 0.0], "k_pid_vsp": [17.784393310546875, 400.0, 395.58563232421875]}, "datetime": {"datetime": "2025-08-21 00:11:05", "elapsed": 44320.18865966797, "delta": 21.807175874710083}, "costs": {"total_cost": 1503.8475888341914, "time_cost": 150, "final_distance_cost": 12.929400822460087, "oscillation_cost": 58.76298928215499, "completition_cost": 1000.0, "overshoot_cost": 140.05895853035653, "power_cost": 36.600941796875, "noise_cost": 105.4952984023449, "n_waypoints_completed": 0, "tot_waypoints": 9}}
{"target": -1463.098915742178, "params": {"k_pid_pos": [9.999999747378752e-05, 0.9171949625015259, 0.10831582546234131], "k_pid_alt": [2.0, 0.9854986667633057, 0.12526917457580566], "k_pid_att": [99.54376220703125, 9.999999747378752e-05, 0.06515312194824219], "k_pid_yaw": [0.5, 1e-06, 0.1], "k_pid_hsp": [9.999999747378752e-05, 0.026104867458343506, 0.0], "k_pid_vsp": [15.136491775512695, 400.0, 400.0]}, "datetime": {"datetime": "2025-08-21 00:11:28", "elapsed": 44343.201630830765, "delta": 23.01297116279602}, "costs": {"total_cost": 1463.098915742178, "time_cost": 150, "final_distance_cost": 99.44874926240782, "oscillation_cost": 27.097942115828495, "completition_cost": 1000.0, "overshoot_cost": 119.70597440592728, "power_cost": 37.77143662109375, "noise_cost": 29.074813336920748, "n_waypoints_completed": 0, "tot_waypoints": 9}}
{"target": -1411.0099127977405, "params": {"k_pid_pos": [0.02675696276128292, 0.9905846118927002, 0.0], "k_pid_alt": [2.0, 0.978645384311676, 0.11664405465126038], "k_pid_att": [100.0, 9.999999747378752e-05, 0.0], "k_pid_yaw": [0.5, 1e-06, 0.1], "k_pid_hsp": [0.3973952531814575, 0.0, 0.0], "k_pid_vsp": [0.0, 400.0, 373.465576171875]}, "datetime": {"datetime": "2025-08-21 00:11:52", "elapsed": 44367.262649059296, "delta": 24.061018228530884}, "costs": {"total_cost": 1411.0099127977405, "time_cost": 150, "final_distance_cost": 17.128759841205444, "oscillation_cost": 63.9914171773932, "completition_cost": 1000.0, "overshoot_cost": 139.8935718460166, "power_cost": 6.6853599365234375, "noise_cost": 33.31080399660186, "n_waypoints_completed": 0, "tot_waypoints": 9}}
{"target": -2782.9935205150873, "params": {"k_pid_pos": [9.999999747378752e-05, 0.952305257320404, 0.044524192810058594], "k_pid_alt": [1.8643836975097656, 0.9301207661628723, 0.018203943967819214], "k_pid_att": [100.0, 0.35344499349594116, 0.0], "k_pid_yaw": [0.5, 1e-06, 0.1], "k_pid_hsp": [9.999999747378752e-05, 0.042729198932647705, 0.11412131786346436], "k_pid_vsp": [0.0, 400.0, 375.0412292480469]}, "datetime": {"datetime": "2025-08-21 00:12:17", "elapsed": 44392.3855202198, "delta": 25.122871160507202}, "costs": {"total_cost": 2782.9935205150873, "time_cost": 150, "final_distance_cost": 453.5865054686618, "oscillation_cost": 393.5762429384075, "completition_cost": 1000.0, "overshoot_cost": 749.0983051750953, "power_cost": 20.36932713623047, "noise_cost": 16.363139796692316, "n_waypoints_completed": 0, "tot_waypoints": 9}}
{"target": -1465.5113087966015, "params": {"k_pid_pos": [9.999999747378752e-05, 1.0, 0.03361719846725464], "k_pid_alt": [1.8645938634872437, 0.9361063241958618, 0.07652270793914795], "k_pid_att": [100.0, 9.999999747378752e-05, 0.06472927331924438], "k_pid_yaw": [0.5, 1e-06, 0.1], "k_pid_hsp": [0.3364006280899048, 0.0421292781829834, 0.04622328281402588], "k_pid_vsp": [0.0, 400.0, 400.0]}, "datetime": {"datetime": "2025-08-21 00:12:43", "elapsed": 44418.166556596756, "delta": 25.781036376953125}, "costs": {"total_cost": 1465.5113087966015, "time_cost": 150, "final_distance_cost": 19.26733128852367, "oscillation_cost": 102.97991092650918, "completition_cost": 1000.0, "overshoot_cost": 133.49551957922202, "power_cost": 20.458505017089845, "noise_cost": 39.310041985256596, "n_waypoints_completed": 0, "tot_waypoints": 9}}
{"target": -1422.3830018250883, "params": {"k_pid_pos": [9.999999747378752e-05, 1.0, 0.023038119077682495], "k_pid_alt": [2.0, 0.9657520651817322, 0.06631055474281311], "k_pid_att": [100.0, 0.5801907777786255, 0.0], "k_pid_yaw": [0.5, 1e-06, 0.1], "k_pid_hsp": [0.25629547238349915, 0.0, 0.0], "k_pid_vsp": [0.0, 400.0, 400.0]}, "datetime": {"datetime": "2025-08-21 00:13:07", "elapsed": 44442.35964131355, "delta": 24.193084716796875}, "costs": {"total_cost": 1422.3830018250883, "time_cost": 150, "final_distance_cost": 5.0055889579762205, "oscillation_cost": 59.64678307619233, "completition_cost": 1000.0, "overshoot_cost": 140.1970626769029, "power_cost": 14.771308654785157, "noise_cost": 52.76225845923165, "n_waypoints_completed": 0, "tot_waypoints": 9}}
{"target": -1468.484712812201, "params": {"k_pid_pos": [0.01730962283909321, 1.0, 0.025440484285354614], "k_pid_alt": [1.9902746677398682, 1.0, 0.0], "k_pid_att": [92.96102905273438, 9.999999747378752e-05, 0.0], "k_pid_yaw": [0.5, 1e-06, 0.1], "k_pid_hsp": [9.999999747378752e-05, 0.14321079850196838, 0.05163991451263428], "k_pid_vsp": [20.837974548339844, 372.2216491699219, 391.3155517578125]}, "datetime": {"datetime": "2025-08-21 00:13:29", "elapsed": 44464.411663770676, "delta": 22.052022457122803}, "costs": {"total_cost": 1468.484712812201, "time_cost": 150, "final_distance_cost": 17.014202689900547, "oscillation_cost": 76.85588315750655, "completition_cost": 1000.0, "overshoot_cost": 143.37448185519813, "power_cost": 21.938691137695315, "noise_cost": 59.30145397190049, "n_waypoints_completed": 0, "tot_waypoints": 9}}
{"target": -1777.1867123249242, "params": {"k_pid_pos": [9.999999747378752e-05, 0.915398895740509, 0.0], "k_pid_alt": [1.9549930095672607, 0.9626705050468445, 0.0], "k_pid_att": [100.0, 0.19031141698360443, 0.0], "k_pid_yaw": [0.5, 1e-06, 0.1], "k_pid_hsp": [9.999999747378752e-05, 0.015872299671173096, 0.0], "k_pid_vsp": [0.0, 392.7193908691406, 400.0]}, "datetime": {"datetime": "2025-08-21 00:13:53", "elapsed": 44488.49323487282, "delta": 24.081571102142334}, "costs": {"total_cost": 1777.1867123249242, "time_cost": 150, "final_distance_cost": 254.57349066295413, "oscillation_cost": 26.351342298703873, "completition_cost": 1000.0, "overshoot_cost": 280.5632153966187, "power_cost": 37.89393873291016, "noise_cost": 27.804725233737315, "n_waypoints_completed": 0, "tot_waypoints": 9}}
{"target": -1412.8062370811806, "params": {"k_pid_pos": [9.999999747378752e-05, 0.9481428861618042, 0.0172727108001709], "k_pid_alt": [1.936564564704895, 0.9052563905715942, 0.027709990739822388], "k_pid_att": [100.0, 9.999999747378752e-05, 0.0], "k_pid_yaw": [0.5, 1e-06, 0.1], "k_pid_hsp": [0.4923829436302185, 0.006693482398986816, 0.0], "k_pid_vsp": [0.0, 400.0, 400.0]}, "datetime": {"datetime": "2025-08-21 00:14:15", "elapsed": 44510.149127960205, "delta": 21.655893087387085}, "costs": {"total_cost": 1412.8062370811806, "time_cost": 150, "final_distance_cost": 12.968722825475085, "oscillation_cost": 64.89863089708615, "completition_cost": 1000.0, "overshoot_cost": 139.656228534318, "power_cost": 8.245808874511718, "noise_cost": 37.03684594978957, "n_waypoints_completed": 0, "tot_waypoints": 9}}
