{"target": -1420.0656685559243, "params": {"k_pid_pos": [0.03542739897966385, 0.9943478107452393, 0.0], "k_pid_alt": [1.8401403427124023, 0.9396469593048096, 0.037801116704940796], "k_pid_att": [96.80860900878906, 0.9580690860748291, 0.0], "k_pid_yaw": [0.5, 1e-06, 0.1], "k_pid_hsp": [0.011105887591838837, 0.03390583395957947, 0.0], "k_pid_vsp": [10.502826690673828, 400.0, 383.3147277832031]}, "datetime": {"datetime": "2025-08-20 12:12:57", "elapsed": 1231.9390115737915, "delta": 21.733540296554565}, "costs": {"total_cost": 1420.0656685559243, "time_cost": 150, "final_distance_cost": 3.7989379901195326, "oscillation_cost": 36.137118613821954, "completition_cost": 1000.0, "overshoot_cost": 149.0156606785612, "power_cost": 18.950335681152346, "noise_cost": 62.16361559226903, "n_waypoints_completed": 0, "tot_waypoints": 9}}
{"target": -1300.9042434117032, "params": {"k_pid_pos": [9.999999747378752e-05, 1.0, 0.01155555248260498], "k_pid_alt": [1.8417019844055176, 0.9775887131690979, 0.0], "k_pid_att": [100.0, 0.8516734838485718, 0.0607948899269104], "k_pid_yaw": [0.5, 1e-06, 0.1], "k_pid_hsp": [9.999999747378752e-05, 0.05040809512138367, 0.028406888246536255], "k_pid_vsp": [0.0, 400.0, 400.0]}, "datetime": {"datetime": "2025-08-20 12:13:19", "elapsed": 1253.6373765468597, "delta": 21.698364973068237}, "costs": {"total_cost": 1300.9042434117032, "time_cost": 150, "final_distance_cost": 70.9969499546451, "oscillation_cost": 80.59796550693238, "completition_cost": 888.8888888888888, "overshoot_cost": 81.15825446943143, "power_cost": 13.698155603027345, "noise_cost": 15.564028988778412, "n_waypoints_completed": 1, "tot_waypoints": 9}}
{"target": -1925.5456113334196, "params": {"k_pid_pos": [0.0017970381304621696, 1.0, 0.01811632513999939], "k_pid_alt": [2.0, 0.9908753633499146, 0.0], "k_pid_att": [95.06986999511719, 0.08787590265274048, 0.0], "k_pid_yaw": [0.5, 1e-06, 0.1], "k_pid_hsp": [9.999999747378752e-05, 0.0, 0.0], "k_pid_vsp": [14.7202730178833, 375.11004638671875, 400.0]}, "datetime": {"datetime": "2025-08-20 12:13:40", "elapsed": 1275.4928362369537, "delta": 21.855459690093994}, "costs": {"total_cost": 1925.5456113334196, "time_cost": 150, "final_distance_cost": 337.8140424946874, "oscillation_cost": 29.70225828679073, "completition_cost": 1000.0, "overshoot_cost": 382.7501464299471, "power_cost": 11.700105822753907, "noise_cost": 13.579058299240629, "n_waypoints_completed": 0, "tot_waypoints": 9}}
{"target": -1436.8675133176268, "params": {"k_pid_pos": [0.21118609607219696, 1.0, 0.02839207649230957], "k_pid_alt": [2.0, 0.8490340709686279, 0.05450171232223511], "k_pid_att": [96.7560043334961, 9.999999747378752e-05, 0.0], "k_pid_yaw": [0.5, 1e-06, 0.1], "k_pid_hsp": [0.042661167681217194, 0.03114384412765503, 0.0028434693813323975], "k_pid_vsp": [32.794593811035156, 398.9229736328125, 343.9989929199219]}, "datetime": {"datetime": "2025-08-20 12:14:02", "elapsed": 1297.3653874397278, "delta": 21.872551202774048}, "costs": {"total_cost": 1436.8675133176268, "time_cost": 150, "final_distance_cost": 2.927732390262367, "oscillation_cost": 49.975192630821255, "completition_cost": 1000.0, "overshoot_cost": 142.766470593072, "power_cost": 21.82564968261719, "noise_cost": 69.37246802085401, "n_waypoints_completed": 0, "tot_waypoints": 9}}
{"target": -1651.0970380413191, "params": {"k_pid_pos": [0.007191167213022709, 0.978844165802002, 0.05915755033493042], "k_pid_alt": [1.9881315231323242, 1.0, 0.019686758518218994], "k_pid_att": [97.70771026611328, 9.999999747378752e-05, 0.04259249567985535], "k_pid_yaw": [0.5, 1e-06, 0.1], "k_pid_hsp": [9.999999747378752e-05, 0.018885016441345215, 0.0], "k_pid_vsp": [0.0, 394.2893371582031, 398.3573913574219]}, "datetime": {"datetime": "2025-08-20 12:14:24", "elapsed": 1319.0131952762604, "delta": 21.647807836532593}, "costs": {"total_cost": 1651.0970380413191, "time_cost": 150, "final_distance_cost": 211.97936151497328, "oscillation_cost": 31.126349465883937, "completition_cost": 1000.0, "overshoot_cost": 230.26679272480357, "power_cost": 13.373946557617188, "noise_cost": 14.350587778041204, "n_waypoints_completed": 0, "tot_waypoints": 9}}
{"target": -1929.7890606540675, "params": {"k_pid_pos": [9.999999747378752e-05, 1.0, 0.01343432068824768], "k_pid_alt": [1.9819499254226685, 1.0, 0.05595409870147705], "k_pid_att": [97.69329833984375, 9.999999747378752e-05, 0.0], "k_pid_yaw": [0.5, 1e-06, 0.1], "k_pid_hsp": [9.999999747378752e-05, 0.0, 0.0], "k_pid_vsp": [0.0, 375.1665344238281, 400.0]}, "datetime": {"datetime": "2025-08-20 12:14:46", "elapsed": 1341.0424768924713, "delta": 22.029281616210938}, "costs": {"total_cost": 1929.7890606540675, "time_cost": 150, "final_distance_cost": 339.4061480308541, "oscillation_cost": 30.39683802809079, "completition_cost": 1000.0, "overshoot_cost": 384.411047557196, "power_cost": 11.760256335449219, "noise_cost": 13.81477070247739, "n_waypoints_completed": 0, "tot_waypoints": 9}}
{"target": -1460.7553788948037, "params": {"k_pid_pos": [9.999999747378752e-05, 0.9857615232467651, 0.0], "k_pid_alt": [1.969886302947998, 0.9533932209014893, 0.0057869553565979], "k_pid_att": [89.10089874267578, 0.3005392551422119, 0.09819510579109192], "k_pid_yaw": [0.5, 1e-06, 0.1], "k_pid_hsp": [0.22507727146148682, 0.10812634229660034, 0.05109447240829468], "k_pid_vsp": [0.0, 399.92242431640625, 395.5028076171875]}, "datetime": {"datetime": "2025-08-20 12:15:08", "elapsed": 1362.8470811843872, "delta": 21.804604291915894}, "costs": {"total_cost": 1460.7553788948037, "time_cost": 150, "final_distance_cost": 19.714659734739442, "oscillation_cost": 93.53289224079714, "completition_cost": 1000.0, "overshoot_cost": 137.10945792400233, "power_cost": 18.542934411621093, "noise_cost": 41.85543458364382, "n_waypoints_completed": 0, "tot_waypoints": 9}}
{"target": -1493.5185324120414, "params": {"k_pid_pos": [0.11983425915241241, 1.0, 0.0], "k_pid_alt": [1.9983665943145752, 0.8755203485488892, 0.013358980417251587], "k_pid_att": [100.0, 0.35894107818603516, 0.0], "k_pid_yaw": [0.5, 1e-06, 0.1], "k_pid_hsp": [0.8575996160507202, 0.0, 0.06832367181777954], "k_pid_vsp": [0.0, 400.0, 400.0]}, "datetime": {"datetime": "2025-08-20 12:15:30", "elapsed": 1384.5790090560913, "delta": 21.7319278717041}, "costs": {"total_cost": 1493.5185324120414, "time_cost": 150, "final_distance_cost": 18.62234694881054, "oscillation_cost": 128.86139600813223, "completition_cost": 1000.0, "overshoot_cost": 133.9742474114824, "power_cost": 19.867120654296876, "noise_cost": 42.1934213893193, "n_waypoints_completed": 0, "tot_waypoints": 9}}
{"target": -1393.993538734537, "params": {"k_pid_pos": [0.011887122876942158, 0.9412888288497925, 0.0], "k_pid_alt": [1.985482931137085, 1.0, 0.0], "k_pid_att": [97.947265625, 9.999999747378752e-05, 0.0], "k_pid_yaw": [0.5, 1e-06, 0.1], "k_pid_hsp": [0.2940570116043091, 0.03021562099456787, 0.0], "k_pid_vsp": [31.454586029052734, 381.24371337890625, 393.77734375]}, "datetime": {"datetime": "2025-08-20 12:15:51", "elapsed": 1406.4019865989685, "delta": 21.822977542877197}, "costs": {"total_cost": 1393.993538734537, "time_cost": 150, "final_distance_cost": 11.31927214809963, "oscillation_cost": 61.95111629102248, "completition_cost": 1000.0, "overshoot_cost": 140.11097743748192, "power_cost": 4.005690563964844, "noise_cost": 26.606482293967908, "n_waypoints_completed": 0, "tot_waypoints": 9}}
{"target": -1392.988053970419, "params": {"k_pid_pos": [0.04641180485486984, 0.9668171405792236, 0.0], "k_pid_alt": [2.0, 1.0, 0.0], "k_pid_att": [100.0, 0.2439267486333847, 0.0], "k_pid_yaw": [0.5, 1e-06, 0.1], "k_pid_hsp": [0.4389139413833618, 0.026102513074874878, 0.0], "k_pid_vsp": [28.518463134765625, 392.85650634765625, 400.0]}, "datetime": {"datetime": "2025-08-20 12:16:13", "elapsed": 1428.1853153705597, "delta": 21.783328771591187}, "costs": {"total_cost": 1392.988053970419, "time_cost": 150, "final_distance_cost": 10.0121615075965, "oscillation_cost": 66.13487575771687, "completition_cost": 1000.0, "overshoot_cost": 139.59660539196915, "power_cost": 2.9390630859375, "noise_cost": 24.30534822719903, "n_waypoints_completed": 0, "tot_waypoints": 9}}
{"target": -1970.2701685237487, "params": {"k_pid_pos": [9.999999747378752e-05, 0.9105576276779175, 0.021416008472442627], "k_pid_alt": [2.0, 0.9859092235565186, 0.0], "k_pid_att": [100.0, 9.999999747378752e-05, 0.0], "k_pid_yaw": [0.5, 1e-06, 0.1], "k_pid_hsp": [9.999999747378752e-05, 0.0, 0.0], "k_pid_vsp": [17.210662841796875, 400.0, 400.0]}, "datetime": {"datetime": "2025-08-20 12:16:35", "elapsed": 1449.7792859077454, "delta": 21.59397053718567}, "costs": {"total_cost": 1970.2701685237487, "time_cost": 150, "final_distance_cost": 341.43252593545174, "oscillation_cost": 25.217330286108275, "completition_cost": 1000.0, "overshoot_cost": 387.81917940640653, "power_cost": 37.851253564453124, "noise_cost": 27.949879331329, "n_waypoints_completed": 0, "tot_waypoints": 9}}
{"target": -1877.0115597635422, "params": {"k_pid_pos": [9.999999747378752e-05, 0.9668199419975281, 0.0], "k_pid_alt": [2.0, 1.0, 0.0], "k_pid_att": [100.0, 0.5747473835945129, 0.1406882107257843], "k_pid_yaw": [0.5, 1e-06, 0.1], "k_pid_hsp": [9.999999747378752e-05, 0.0, 0.02146756649017334], "k_pid_vsp": [1.733565330505371, 396.286376953125, 377.8681640625]}, "datetime": {"datetime": "2025-08-20 12:16:58", "elapsed": 1472.5178027153015, "delta": 22.738516807556152}, "costs": {"total_cost": 1877.0115597635422, "time_cost": 150, "final_distance_cost": 345.2143288990652, "oscillation_cost": 32.094970390675556, "completition_cost": 888.8888888888888, "overshoot_cost": 396.77806000837376, "power_cost": 37.511775036621096, "noise_cost": 26.523536539917576, "n_waypoints_completed": 1, "tot_waypoints": 9}}
{"target": -2882.27765645273, "params": {"k_pid_pos": [9.999999747378752e-05, 1.0, 0.0], "k_pid_alt": [1.8928998708724976, 0.9175031185150146, 0.0], "k_pid_att": [95.81088256835938, 0.2790925204753876, 0.007355004549026489], "k_pid_yaw": [0.5, 1e-06, 0.1], "k_pid_hsp": [9.999999747378752e-05, 0.0, 0.08976131677627563], "k_pid_vsp": [0.0, 389.3423767089844, 400.0]}, "datetime": {"datetime": "2025-08-20 12:17:19", "elapsed": 1494.2600870132446, "delta": 21.742284297943115}, "costs": {"total_cost": 2882.27765645273, "time_cost": 150, "final_distance_cost": 519.142131079111, "oscillation_cost": 366.63268299017494, "completition_cost": 1000.0, "overshoot_cost": 806.4250367066697, "power_cost": 22.340566064453125, "noise_cost": 17.73723961232164, "n_waypoints_completed": 0, "tot_waypoints": 9}}
{"target": -1478.398625789141, "params": {"k_pid_pos": [0.13079041242599487, 0.9830769300460815, 0.04110676050186157], "k_pid_alt": [1.8323947191238403, 1.0, 0.0], "k_pid_att": [97.00199127197266, 9.999999747378752e-05, 0.0], "k_pid_yaw": [0.5, 1e-06, 0.1], "k_pid_hsp": [0.42512959241867065, 0.0, 0.015691787004470825], "k_pid_vsp": [12.226951599121094, 400.0, 400.0]}, "datetime": {"datetime": "2025-08-20 12:17:41", "elapsed": 1515.9554550647736, "delta": 21.69536805152893}, "costs": {"total_cost": 1478.398625789141, "time_cost": 150, "final_distance_cost": 15.78287196297597, "oscillation_cost": 92.48991937073968, "completition_cost": 1000.0, "overshoot_cost": 139.45125505553185, "power_cost": 18.670121520996094, "noise_cost": 62.00445787889723, "n_waypoints_completed": 0, "tot_waypoints": 9}}
{"target": -1501.9578311743621, "params": {"k_pid_pos": [0.157713383436203, 1.0, 0.027833759784698486], "k_pid_alt": [1.8540489673614502, 0.9377847909927368, 0.010814398527145386], "k_pid_att": [100.0, 9.999999747378752e-05, 0.0], "k_pid_yaw": [0.5, 1e-06, 0.1], "k_pid_hsp": [0.5442972183227539, 0.013819962739944458, 0.07656630873680115], "k_pid_vsp": [0.0, 353.8246765136719, 392.4504089355469]}, "datetime": {"datetime": "2025-08-20 12:18:03", "elapsed": 1537.6588695049286, "delta": 21.70341444015503}, "costs": {"total_cost": 1501.9578311743621, "time_cost": 150, "final_distance_cost": 15.557293843748694, "oscillation_cost": 146.04906567833487, "completition_cost": 1000.0, "overshoot_cost": 132.74357848830581, "power_cost": 20.917775805664064, "noise_cost": 36.69011735830871, "n_waypoints_completed": 0, "tot_waypoints": 9}}
{"target": -1432.030689460684, "params": {"k_pid_pos": [0.07509904354810715, 1.0, 0.04894953966140747], "k_pid_alt": [1.978143334388733, 1.0, 0.0], "k_pid_att": [100.0, 0.30342379212379456, 0.003056436777114868], "k_pid_yaw": [0.5, 1e-06, 0.1], "k_pid_hsp": [0.2319636195898056, 0.0, 0.0], "k_pid_vsp": [9.986591339111328, 400.0, 388.2733459472656]}, "datetime": {"datetime": "2025-08-20 12:18:24", "elapsed": 1559.0910303592682, "delta": 21.4321608543396}, "costs": {"total_cost": 1432.030689460684, "time_cost": 150, "final_distance_cost": 17.229679245753577, "oscillation_cost": 59.969331269262966, "completition_cost": 1000.0, "overshoot_cost": 139.67687215794956, "power_cost": 14.161890356445314, "noise_cost": 50.99291643127227, "n_waypoints_completed": 0, "tot_waypoints": 9}}
{"target": -1943.6407523354362, "params": {"k_pid_pos": [0.01909993775188923, 1.0, 0.0], "k_pid_alt": [2.0, 1.0, 0.011540919542312622], "k_pid_att": [94.51573181152344, 0.5158404111862183, 0.0], "k_pid_yaw": [0.5, 1e-06, 0.1], "k_pid_hsp": [9.999999747378752e-05, 0.0, 0.0], "k_pid_vsp": [0.0, 400.0, 374.24530029296875]}, "datetime": {"datetime": "2025-08-20 12:18:46", "elapsed": 1580.6619973182678, "delta": 21.570966958999634}, "costs": {"total_cost": 1943.6407523354362, "time_cost": 150, "final_distance_cost": 331.48737284744607, "oscillation_cost": 24.614016816320106, "completition_cost": 1000.0, "overshoot_cost": 370.38852477313196, "power_cost": 37.95151751708985, "noise_cost": 29.199320381448256, "n_waypoints_completed": 0, "tot_waypoints": 9}}
{"target": -1412.2660432859236, "params": {"k_pid_pos": [9.999999747378752e-05, 1.0, 0.025965362787246704], "k_pid_alt": [1.914627194404602, 0.9677026271820068, 0.05019718408584595], "k_pid_att": [100.0, 9.999999747378752e-05, 0.06679412722587585], "k_pid_yaw": [0.5, 1e-06, 0.1], "k_pid_hsp": [0.214752659201622, 0.0, 0.0], "k_pid_vsp": [38.04782485961914, 400.0, 400.0]}, "datetime": {"datetime": "2025-08-20 12:19:08", "elapsed": 1602.5417325496674, "delta": 21.879735231399536}, "costs": {"total_cost": 1412.2660432859236, "time_cost": 150, "final_distance_cost": 11.822868194215836, "oscillation_cost": 58.94385648416028, "completition_cost": 1000.0, "overshoot_cost": 140.3127723620984, "power_cost": 10.002606481933594, "noise_cost": 41.183939763515674, "n_waypoints_completed": 0, "tot_waypoints": 9}}
{"target": -1744.4875522451011, "params": {"k_pid_pos": [0.10446501523256302, 1.0, 0.020283997058868408], "k_pid_alt": [2.0, 1.0, 0.0], "k_pid_att": [100.0, 1.1526235342025757, 0.02528315782546997], "k_pid_yaw": [0.5, 1e-06, 0.1], "k_pid_hsp": [9.999999747378752e-05, 0.0, 0.020155102014541626], "k_pid_vsp": [10.077560424804688, 400.0, 400.0]}, "datetime": {"datetime": "2025-08-20 12:19:29", "elapsed": 1623.9648356437683, "delta": 21.423103094100952}, "costs": {"total_cost": 1744.4875522451011, "time_cost": 150, "final_distance_cost": 296.4565509181189, "oscillation_cost": 17.516950033294076, "completition_cost": 888.8888888888888, "overshoot_cost": 329.37456639238934, "power_cost": 36.16421524658203, "noise_cost": 26.086380765827947, "n_waypoints_completed": 1, "tot_waypoints": 9}}
{"target": -1505.6177577661977, "params": {"k_pid_pos": [9.999999747378752e-05, 1.0, 0.0], "k_pid_alt": [2.0, 1.0, 0.016069233417510986], "k_pid_att": [99.30574798583984, 9.999999747378752e-05, 0.04344320297241211], "k_pid_yaw": [0.5, 1e-06, 0.1], "k_pid_hsp": [0.3425067663192749, 0.058340758085250854, 0.0], "k_pid_vsp": [0.0, 364.738037109375, 400.0]}, "datetime": {"datetime": "2025-08-20 12:19:51", "elapsed": 1645.6342194080353, "delta": 21.669383764266968}, "costs": {"total_cost": 1505.6177577661977, "time_cost": 150, "final_distance_cost": 16.29072098665105, "oscillation_cost": 58.60765703774621, "completition_cost": 1000.0, "overshoot_cost": 140.64039755912117, "power_cost": 35.97268619384766, "noise_cost": 104.10629598883162, "n_waypoints_completed": 0, "tot_waypoints": 9}}
{"target": -1454.8941516364266, "params": {"k_pid_pos": [9.999999747378752e-05, 1.0, 0.003517359495162964], "k_pid_alt": [1.8607714176177979, 0.9403921961784363, 0.0], "k_pid_att": [100.0, 9.999999747378752e-05, 0.0], "k_pid_yaw": [0.5, 1e-06, 0.1], "k_pid_hsp": [9.999999747378752e-05, 0.10932892560958862, 0.0], "k_pid_vsp": [0.0, 400.0, 400.0]}, "datetime": {"datetime": "2025-08-20 12:20:12", "elapsed": 1667.3895483016968, "delta": 21.7553288936615}, "costs": {"total_cost": 1454.8941516364266, "time_cost": 150, "final_distance_cost": 15.381940635969613, "oscillation_cost": 56.85071569891354, "completition_cost": 1000.0, "overshoot_cost": 144.88108491514805, "power_cost": 20.67769597167969, "noise_cost": 67.1027144147159, "n_waypoints_completed": 0, "tot_waypoints": 9}}
{"target": -1429.4929192161019, "params": {"k_pid_pos": [9.999999747378752e-05, 1.0, 0.0], "k_pid_alt": [1.9337977170944214, 1.0, 0.0], "k_pid_att": [94.6153335571289, 0.5736978054046631, 0.009951978921890259], "k_pid_yaw": [0.5, 1e-06, 0.1], "k_pid_hsp": [9.999999747378752e-05, 0.08483433723449707, 0.0118885338306427], "k_pid_vsp": [0.0, 400.0, 376.1238708496094]}, "datetime": {"datetime": "2025-08-20 12:20:34", "elapsed": 1689.1459279060364, "delta": 21.7563796043396}, "costs": {"total_cost": 1429.4929192161019, "time_cost": 150, "final_distance_cost": 14.87328033593387, "oscillation_cost": 45.63620167263614, "completition_cost": 1000.0, "overshoot_cost": 145.33207573403047, "power_cost": 16.4718384765625, "noise_cost": 57.17952299693893, "n_waypoints_completed": 0, "tot_waypoints": 9}}
{"target": -4638.205803209664, "params": {"k_pid_pos": [0.1091236025094986, 1.0, 0.0], "k_pid_alt": [2.0, 1.0, 0.09354966878890991], "k_pid_att": [100.0, 9.999999747378752e-05, 0.0], "k_pid_yaw": [0.5, 1e-06, 0.1], "k_pid_hsp": [9.999999747378752e-05, 0.01425248384475708, 0.04197484254837036], "k_pid_vsp": [0.0, 362.9018859863281, 383.79058837890625]}, "datetime": {"datetime": "2025-08-20 12:20:56", "elapsed": 1710.7837007045746, "delta": 21.637772798538208}, "costs": {"total_cost": 4638.205803209664, "time_cost": 150, "final_distance_cost": 1261.6685729028318, "oscillation_cost": 123.73146334731074, "completition_cost": 1000.0, "overshoot_cost": 2063.6892489503816, "power_cost": 21.685388232421875, "noise_cost": 17.43112977671794, "n_waypoints_completed": 0, "tot_waypoints": 9}}
{"target": -1972.5568632531601, "params": {"k_pid_pos": [9.999999747378752e-05, 1.0, 0.03947669267654419], "k_pid_alt": [2.0, 0.9987092614173889, 0.0], "k_pid_att": [97.86480712890625, 9.999999747378752e-05, 0.0], "k_pid_yaw": [0.5, 1e-06, 0.1], "k_pid_hsp": [9.999999747378752e-05, 0.0, 0.0], "k_pid_vsp": [18.48670196533203, 400.0, 387.07769775390625]}, "datetime": {"datetime": "2025-08-20 12:21:17", "elapsed": 1732.4618339538574, "delta": 21.678133249282837}, "costs": {"total_cost": 1972.5568632531601, "time_cost": 150, "final_distance_cost": 341.96999614658006, "oscillation_cost": 25.033075625620462, "completition_cost": 1000.0, "overshoot_cost": 389.5814317278428, "power_cost": 37.952099621582036, "noise_cost": 28.020260131534858, "n_waypoints_completed": 0, "tot_waypoints": 9}}
{"target": -1922.0868066003516, "params": {"k_pid_pos": [0.1469285786151886, 1.0, 0.007681936025619507], "k_pid_alt": [1.8805890083312988, 0.9422177672386169, 0.0], "k_pid_att": [99.21562194824219, 9.999999747378752e-05, 0.0], "k_pid_yaw": [0.5, 1e-06, 0.1], "k_pid_hsp": [9.999999747378752e-05, 0.0, 0.0], "k_pid_vsp": [16.183698654174805, 400.0, 396.5157470703125]}, "datetime": {"datetime": "2025-08-20 12:21:39", "elapsed": 1753.8641338348389, "delta": 21.402299880981445}, "costs": {"total_cost": 1922.0868066003516, "time_cost": 150, "final_distance_cost": 337.002903382869, "oscillation_cost": 30.9359552385455, "completition_cost": 1000.0, "overshoot_cost": 378.9921988654234, "power_cost": 11.573797363281251, "noise_cost": 13.581951750232289, "n_waypoints_completed": 0, "tot_waypoints": 9}}
{"target": -1497.5152617943227, "params": {"k_pid_pos": [9.999999747378752e-05, 1.0, 0.0], "k_pid_alt": [2.0, 0.8961239457130432, 0.0], "k_pid_att": [100.0, 9.999999747378752e-05, 0.0], "k_pid_yaw": [0.5, 1e-06, 0.1], "k_pid_hsp": [9.999999747378752e-05, 0.0354231595993042, 0.022380530834197998], "k_pid_vsp": [24.015426635742188, 369.852294921875, 400.0]}, "datetime": {"datetime": "2025-08-20 12:22:01", "elapsed": 1775.898378610611, "delta": 22.034244775772095}, "costs": {"total_cost": 1497.5152617943227, "time_cost": 150, "final_distance_cost": 113.71182938928192, "oscillation_cost": 76.72161072411689, "completition_cost": 1000.0, "overshoot_cost": 110.41086306660372, "power_cost": 25.399985290527344, "noise_cost": 21.27097332379273, "n_waypoints_completed": 0, "tot_waypoints": 9}}
{"target": -4039.7095471673524, "params": {"k_pid_pos": [9.999999747378752e-05, 1.0, 0.049740731716156006], "k_pid_alt": [1.906823754310608, 1.0, 0.0], "k_pid_att": [100.0, 0.429572194814682, 0.0], "k_pid_yaw": [0.5, 1e-06, 0.1], "k_pid_hsp": [9.999999747378752e-05, 0.0, 0.033072590827941895], "k_pid_vsp": [18.564964294433594, 400.0, 382.2804870605469]}, "datetime": {"datetime": "2025-08-20 12:22:22", "elapsed": 1797.004379749298, "delta": 21.106001138687134}, "costs": {"total_cost": 4039.7095471673524, "time_cost": 150, "final_distance_cost": 1043.6446788844034, "oscillation_cost": 79.2582637815213, "completition_cost": 1000.0, "overshoot_cost": 1726.1384303753425, "power_cost": 22.544194482421876, "noise_cost": 18.123979643663244, "n_waypoints_completed": 0, "tot_waypoints": 9}}
