{"target": -1392.1971421241617, "params": {"k_pid_pos": [0.12582780420780182, 0.9657232761383057, 0.0007787644863128662], "k_pid_alt": [1.9356586933135986, 1.0, 0.0], "k_pid_att": [97.67152404785156, 9.999999747378752e-05, 0.0], "k_pid_yaw": [0.5, 1e-06, 0.1], "k_pid_hsp": [0.11575063318014145, 0.05022516846656799, 0.0], "k_pid_vsp": [0.0, 400.0, 400.0]}, "datetime": {"datetime": "2025-08-20 16:37:36", "elapsed": 17111.296365737915, "delta": 21.89695405960083}, "costs": {"total_cost": 1392.1971421241617, "time_cost": 150, "final_distance_cost": 16.959675999803483, "oscillation_cost": 56.15180390080713, "completition_cost": 1000.0, "overshoot_cost": 141.6275566007462, "power_cost": 3.0415246704101566, "noise_cost": 24.41658095239483, "n_waypoints_completed": 0, "tot_waypoints": 9}}
{"target": -2367.4447922620975, "params": {"k_pid_pos": [9.999999747378752e-05, 1.0, 0.1195971667766571], "k_pid_alt": [1.9623091220855713, 1.0, 0.0], "k_pid_att": [100.0, 0.49177199602127075, 0.0], "k_pid_yaw": [0.5, 1e-06, 0.1], "k_pid_hsp": [9.999999747378752e-05, 0.0, 0.05739188194274902], "k_pid_vsp": [11.768102645874023, 400.0, 400.0]}, "datetime": {"datetime": "2025-08-20 16:37:59", "elapsed": 17133.680876493454, "delta": 22.38451075553894}, "costs": {"total_cost": 2367.4447922620975, "time_cost": 150, "final_distance_cost": 365.753149761578, "oscillation_cost": 268.71885333488035, "completition_cost": 888.8888888888888, "overshoot_cost": 652.9146502134927, "power_cost": 23.05430711669922, "noise_cost": 18.114942946558113, "n_waypoints_completed": 1, "tot_waypoints": 9}}
{"target": -1403.0900874449226, "params": {"k_pid_pos": [0.05883064866065979, 0.9435687065124512, 0.07062709331512451], "k_pid_alt": [2.0, 1.0, 0.018988430500030518], "k_pid_att": [96.30812072753906, 9.999999747378752e-05, 0.047454267740249634], "k_pid_yaw": [0.5, 1e-06, 0.1], "k_pid_hsp": [9.999999747378752e-05, 0.07517778873443604, 0.0], "k_pid_vsp": [0.0, 381.6124572753906, 379.0984802246094]}, "datetime": {"datetime": "2025-08-20 16:38:21", "elapsed": 17155.965199947357, "delta": 22.2843234539032}, "costs": {"total_cost": 1403.0900874449226, "time_cost": 150, "final_distance_cost": 2.176879184509053, "oscillation_cost": 45.4502974724515, "completition_cost": 1000.0, "overshoot_cost": 146.0979902769432, "power_cost": 12.432712768554689, "noise_cost": 46.932207742464286, "n_waypoints_completed": 0, "tot_waypoints": 9}}
{"target": -1881.449185453721, "params": {"k_pid_pos": [0.10898425430059433, 1.0, 0.05890879034996033], "k_pid_alt": [2.0, 1.0, 0.005539417266845703], "k_pid_att": [100.0, 0.3998846113681793, 0.05170375108718872], "k_pid_yaw": [0.5, 1e-06, 0.1], "k_pid_hsp": [9.999999747378752e-05, 0.016074329614639282, 0.01387399435043335], "k_pid_vsp": [33.43980407714844, 400.0, 378.9907531738281]}, "datetime": {"datetime": "2025-08-20 16:38:43", "elapsed": 17178.431683063507, "delta": 22.466483116149902}, "costs": {"total_cost": 1881.449185453721, "time_cost": 150, "final_distance_cost": 313.2807129531113, "oscillation_cost": 33.78766882239637, "completition_cost": 1000.0, "overshoot_cost": 360.0217100744983, "power_cost": 11.654616943359375, "noise_cost": 12.70447666035573, "n_waypoints_completed": 0, "tot_waypoints": 9}}
{"target": -1487.5256516381255, "params": {"k_pid_pos": [0.053872086107730865, 0.9115844368934631, 0.013172924518585205], "k_pid_alt": [2.0, 0.9273486137390137, 0.0735425353050232], "k_pid_att": [98.4699935913086, 0.19032125174999237, 0.015456020832061768], "k_pid_yaw": [0.5, 1e-06, 0.1], "k_pid_hsp": [0.5383812189102173, 0.0, 0.01189512014389038], "k_pid_vsp": [0.0, 397.8324279785156, 396.8638000488281]}, "datetime": {"datetime": "2025-08-20 16:39:06", "elapsed": 17200.66738820076, "delta": 22.235705137252808}, "costs": {"total_cost": 1487.5256516381255, "time_cost": 150, "final_distance_cost": 17.23284615502906, "oscillation_cost": 88.89235428750719, "completition_cost": 1000.0, "overshoot_cost": 140.67316184836164, "power_cost": 21.576308813476565, "noise_cost": 69.15098053375118, "n_waypoints_completed": 0, "tot_waypoints": 9}}
{"target": -1330.0900066644426, "params": {"k_pid_pos": [9.999999747378752e-05, 0.9995945692062378, 0.03575044870376587], "k_pid_alt": [2.0, 1.0, 0.028873324394226074], "k_pid_att": [100.0, 9.999999747378752e-05, 0.0], "k_pid_yaw": [0.5, 1e-06, 0.1], "k_pid_hsp": [9.999999747378752e-05, 0.038218557834625244, 0.02182978391647339], "k_pid_vsp": [0.0, 400.0, 358.8981628417969]}, "datetime": {"datetime": "2025-08-20 16:39:27", "elapsed": 17222.40380716324, "delta": 21.736418962478638}, "costs": {"total_cost": 1330.0900066644426, "time_cost": 150, "final_distance_cost": 40.72046637669423, "oscillation_cost": 78.649295097019, "completition_cost": 888.8888888888888, "overshoot_cost": 118.03916087149014, "power_cost": 28.539466516113283, "noise_cost": 25.252728914237146, "n_waypoints_completed": 1, "tot_waypoints": 9}}
{"target": -1297.796528943539, "params": {"k_pid_pos": [9.999999747378752e-05, 1.0, 0.0], "k_pid_alt": [1.9361660480499268, 0.9706193208694458, 0.00664934515953064], "k_pid_att": [100.0, 0.4182891249656677, 0.014359056949615479], "k_pid_yaw": [0.5, 1e-06, 0.1], "k_pid_hsp": [9.999999747378752e-05, 0.02708446979522705, 0.019396960735321045], "k_pid_vsp": [12.879764556884766, 366.2635803222656, 400.0]}, "datetime": {"datetime": "2025-08-20 16:39:51", "elapsed": 17245.586178779602, "delta": 23.182371616363525}, "costs": {"total_cost": 1297.796528943539, "time_cost": 150, "final_distance_cost": 39.53198981363292, "oscillation_cost": 41.63613996594182, "completition_cost": 888.8888888888888, "overshoot_cost": 127.0293215387411, "power_cost": 25.393679211425784, "noise_cost": 25.316509524908774, "n_waypoints_completed": 1, "tot_waypoints": 9}}
{"target": -1406.9667682125241, "params": {"k_pid_pos": [0.0780959278345108, 1.0, 0.06680694222450256], "k_pid_alt": [1.9531296491622925, 1.0, 0.013627588748931885], "k_pid_att": [96.82623291015625, 9.999999747378752e-05, 0.0], "k_pid_yaw": [0.5, 1e-06, 0.1], "k_pid_hsp": [0.22028748691082, 0.0, 0.0], "k_pid_vsp": [13.11739730834961, 400.0, 379.58074951171875]}, "datetime": {"datetime": "2025-08-20 16:40:13", "elapsed": 17268.38933324814, "delta": 22.803154468536377}, "costs": {"total_cost": 1406.9667682125241, "time_cost": 150, "final_distance_cost": 16.365263122557252, "oscillation_cost": 60.61467705514478, "completition_cost": 1000.0, "overshoot_cost": 139.6119182742556, "power_cost": 6.874695532226563, "noise_cost": 33.50021422834004, "n_waypoints_completed": 0, "tot_waypoints": 9}}
{"target": -4870.620935399417, "params": {"k_pid_pos": [0.05895724147558212, 1.0, 0.04741901159286499], "k_pid_alt": [2.0, 0.9331942796707153, 0.0], "k_pid_att": [100.0, 0.030738268047571182, 0.0], "k_pid_yaw": [0.5, 1e-06, 0.1], "k_pid_hsp": [9.999999747378752e-05, 0.0, 0.03618210554122925], "k_pid_vsp": [0.6349921226501465, 400.0, 400.0]}, "datetime": {"datetime": "2025-08-20 16:40:35", "elapsed": 17290.300085544586, "delta": 21.910752296447754}, "costs": {"total_cost": 4870.620935399417, "time_cost": 150, "final_distance_cost": 1359.6567563549643, "oscillation_cost": 95.70128994244297, "completition_cost": 1000.0, "overshoot_cost": 2227.0881887920077, "power_cost": 21.215538623046875, "noise_cost": 16.959161686955007, "n_waypoints_completed": 0, "tot_waypoints": 9}}
{"target": -1477.079495011448, "params": {"k_pid_pos": [0.13669230043888092, 0.9279940724372864, 0.0], "k_pid_alt": [1.9785099029541016, 1.0, 0.0], "k_pid_att": [99.21685791015625, 9.999999747378752e-05, 0.0], "k_pid_yaw": [0.5, 1e-06, 0.1], "k_pid_hsp": [0.6256701350212097, 0.0, 0.023981332778930664], "k_pid_vsp": [0.0, 400.0, 400.0]}, "datetime": {"datetime": "2025-08-20 16:40:58", "elapsed": 17312.662481307983, "delta": 22.362395763397217}, "costs": {"total_cost": 1477.079495011448, "time_cost": 150, "final_distance_cost": 3.7505008090770944, "oscillation_cost": 100.15189022361544, "completition_cost": 1000.0, "overshoot_cost": 139.07288688020665, "power_cost": 19.92209010009766, "noise_cost": 64.18212699845125, "n_waypoints_completed": 0, "tot_waypoints": 9}}
{"target": -1398.6471837223532, "params": {"k_pid_pos": [0.06689278781414032, 0.9822173118591309, 0.0010229647159576416], "k_pid_alt": [1.9582329988479614, 0.9607795476913452, 0.01607680320739746], "k_pid_att": [100.0, 0.5000450611114502, 0.06719446182250977], "k_pid_yaw": [0.5, 1e-06, 0.1], "k_pid_hsp": [0.46018481254577637, 0.048013657331466675, 0.0], "k_pid_vsp": [9.289693832397461, 399.9259033203125, 372.0078430175781]}, "datetime": {"datetime": "2025-08-20 16:41:20", "elapsed": 17334.678151369095, "delta": 22.01567006111145}, "costs": {"total_cost": 1398.6471837223532, "time_cost": 150, "final_distance_cost": 10.979153354078848, "oscillation_cost": 67.71194084961999, "completition_cost": 1000.0, "overshoot_cost": 139.45970033173023, "power_cost": 3.9196702148437503, "noise_cost": 26.57671897208022, "n_waypoints_completed": 0, "tot_waypoints": 9}}
{"target": -1877.983466611691, "params": {"k_pid_pos": [9.999999747378752e-05, 1.0, 0.0022386908531188965], "k_pid_alt": [2.0, 0.9769163131713867, 0.0], "k_pid_att": [100.0, 9.999999747378752e-05, 0.0], "k_pid_yaw": [0.5, 1e-06, 0.1], "k_pid_hsp": [9.999999747378752e-05, 0.011834830045700073, 0.0], "k_pid_vsp": [15.140652656555176, 400.0, 372.5485534667969]}, "datetime": {"datetime": "2025-08-20 16:41:42", "elapsed": 17356.708069086075, "delta": 22.02991771697998}, "costs": {"total_cost": 1877.983466611691, "time_cost": 150, "final_distance_cost": 295.847250925006, "oscillation_cost": 26.132817146506255, "completition_cost": 1000.0, "overshoot_cost": 340.80358255192624, "power_cost": 37.88734454345703, "noise_cost": 27.31247144479573, "n_waypoints_completed": 0, "tot_waypoints": 9}}
{"target": -1702.0816618977772, "params": {"k_pid_pos": [0.15411332249641418, 1.0, 0.0], "k_pid_alt": [1.8448171615600586, 1.0, 0.028742492198944092], "k_pid_att": [100.0, 0.27716463804244995, 0.0], "k_pid_yaw": [0.5, 1e-06, 0.1], "k_pid_hsp": [9.999999747378752e-05, 0.02028563618659973, 0.011389106512069702], "k_pid_vsp": [27.335119247436523, 400.0, 397.6225280761719]}, "datetime": {"datetime": "2025-08-20 16:42:04", "elapsed": 17379.492681741714, "delta": 22.78461265563965}, "costs": {"total_cost": 1702.0816618977772, "time_cost": 150, "final_distance_cost": 222.7226219588776, "oscillation_cost": 30.34221021062762, "completition_cost": 1000.0, "overshoot_cost": 233.56365623397392, "power_cost": 37.92035954589844, "noise_cost": 27.532813948399436, "n_waypoints_completed": 0, "tot_waypoints": 9}}
{"target": -1482.033374270451, "params": {"k_pid_pos": [9.999999747378752e-05, 0.9605815410614014, 0.06442397832870483], "k_pid_alt": [1.995713233947754, 0.9996117353439331, 0.0], "k_pid_att": [93.685791015625, 0.2614780366420746, 0.0], "k_pid_yaw": [0.5, 1e-06, 0.1], "k_pid_hsp": [0.7077058553695679, 0.01812836527824402, 0.06322729587554932], "k_pid_vsp": [16.82877540588379, 400.0, 400.0]}, "datetime": {"datetime": "2025-08-20 16:42:27", "elapsed": 17401.74371290207, "delta": 22.251031160354614}, "costs": {"total_cost": 1482.033374270451, "time_cost": 150, "final_distance_cost": 4.814308916309284, "oscillation_cost": 135.22828051992664, "completition_cost": 1000.0, "overshoot_cost": 135.20651922543254, "power_cost": 17.026930615234377, "noise_cost": 39.75733499354862, "n_waypoints_completed": 0, "tot_waypoints": 9}}
{"target": -1485.4144820410809, "params": {"k_pid_pos": [0.05357401818037033, 0.975674033164978, 0.0294991135597229], "k_pid_alt": [1.8085741996765137, 0.9813195466995239, 0.05709609389305115], "k_pid_att": [94.24126434326172, 0.17922179400920868, 0.030247986316680908], "k_pid_yaw": [0.5, 1e-06, 0.1], "k_pid_hsp": [0.2869119942188263, 0.0, 0.010321617126464844], "k_pid_vsp": [16.440141677856445, 400.0, 374.1294250488281]}, "datetime": {"datetime": "2025-08-20 16:42:49", "elapsed": 17423.935478687286, "delta": 22.191765785217285}, "costs": {"total_cost": 1485.4144820410809, "time_cost": 150, "final_distance_cost": 19.36894547286316, "oscillation_cost": 88.6760316846605, "completition_cost": 1000.0, "overshoot_cost": 140.656306849355, "power_cost": 20.49642537841797, "noise_cost": 66.2167726557844, "n_waypoints_completed": 0, "tot_waypoints": 9}}
{"target": -1908.3509211274447, "params": {"k_pid_pos": [9.999999747378752e-05, 1.0, 0.06236708164215088], "k_pid_alt": [1.9946155548095703, 0.9061365723609924, 0.05396479368209839], "k_pid_att": [100.0, 0.4069053530693054, 0.00929337739944458], "k_pid_yaw": [0.5, 1e-06, 0.1], "k_pid_hsp": [9.999999747378752e-05, 0.0, 0.0], "k_pid_vsp": [29.05716896057129, 395.8473815917969, 371.1108093261719]}, "datetime": {"datetime": "2025-08-20 16:43:12", "elapsed": 17446.529245376587, "delta": 22.593766689300537}, "costs": {"total_cost": 1908.3509211274447, "time_cost": 150, "final_distance_cost": 332.51449848032155, "oscillation_cost": 31.043705209584328, "completition_cost": 1000.0, "overshoot_cost": 369.66392615864794, "power_cost": 11.5706548828125, "noise_cost": 13.558136396078345, "n_waypoints_completed": 0, "tot_waypoints": 9}}
{"target": -1433.995349308746, "params": {"k_pid_pos": [0.10525438189506531, 0.995849609375, 0.02732992172241211], "k_pid_alt": [2.0, 0.9564945101737976, 0.0], "k_pid_att": [100.0, 9.999999747378752e-05, 0.09817403554916382], "k_pid_yaw": [0.5, 1e-06, 0.1], "k_pid_hsp": [9.999999747378752e-05, 0.06896558403968811, 0.0], "k_pid_vsp": [13.779377937316895, 372.310302734375, 367.4444274902344]}, "datetime": {"datetime": "2025-08-20 16:43:34", "elapsed": 17468.946998357773, "delta": 22.417752981185913}, "costs": {"total_cost": 1433.995349308746, "time_cost": 150, "final_distance_cost": 15.962027431377022, "oscillation_cost": 42.66043986651913, "completition_cost": 1000.0, "overshoot_cost": 147.07413018550943, "power_cost": 17.984267810058594, "noise_cost": 60.314484015282076, "n_waypoints_completed": 0, "tot_waypoints": 9}}
{"target": -3840.8350354562263, "params": {"k_pid_pos": [9.999999747378752e-05, 0.9483993649482727, 0.0], "k_pid_alt": [1.9301234483718872, 0.9700154662132263, 0.04874217510223389], "k_pid_att": [94.04705047607422, 0.09950524568557739, 0.019316375255584717], "k_pid_yaw": [0.5, 1e-06, 0.1], "k_pid_hsp": [9.999999747378752e-05, 0.0, 0.032320767641067505], "k_pid_vsp": [27.681278228759766, 384.69854736328125, 398.22894287109375]}, "datetime": {"datetime": "2025-08-20 16:43:56", "elapsed": 17490.964881896973, "delta": 22.01788353919983}, "costs": {"total_cost": 3840.8350354562263, "time_cost": 150, "final_distance_cost": 993.7433541887445, "oscillation_cost": 74.44734138366998, "completition_cost": 1000.0, "overshoot_cost": 1579.067683363241, "power_cost": 24.952255969238283, "noise_cost": 18.624400551332794, "n_waypoints_completed": 0, "tot_waypoints": 9}}
{"target": -1937.1346754211484, "params": {"k_pid_pos": [0.056731417775154114, 0.9092068672180176, 0.0], "k_pid_alt": [2.0, 0.9680972099304199, 0.0], "k_pid_att": [92.63350677490234, 9.999999747378752e-05, 0.01187172532081604], "k_pid_yaw": [0.5, 1e-06, 0.1], "k_pid_hsp": [9.999999747378752e-05, 0.0, 0.0], "k_pid_vsp": [0.0, 400.0, 400.0]}, "datetime": {"datetime": "2025-08-20 16:44:21", "elapsed": 17515.98275923729, "delta": 25.017877340316772}, "costs": {"total_cost": 1937.1346754211484, "time_cost": 150, "final_distance_cost": 329.15531403851276, "oscillation_cost": 24.45381895441452, "completition_cost": 1000.0, "overshoot_cost": 367.50427656005496, "power_cost": 37.872171020507814, "noise_cost": 28.14909484765845, "n_waypoints_completed": 0, "tot_waypoints": 9}}
{"target": -1431.2189506800985, "params": {"k_pid_pos": [9.999999747378752e-05, 0.9903530478477478, 0.009268194437026978], "k_pid_alt": [1.8560144901275635, 0.9847153425216675, 0.0], "k_pid_att": [98.44224548339844, 9.999999747378752e-05, 0.0], "k_pid_yaw": [0.5, 1e-06, 0.1], "k_pid_hsp": [0.028400598093867302, 0.0, 0.0], "k_pid_vsp": [0.0, 400.0, 394.5017395019531]}, "datetime": {"datetime": "2025-08-20 16:44:46", "elapsed": 17541.200632810593, "delta": 25.217873573303223}, "costs": {"total_cost": 1431.2189506800985, "time_cost": 150, "final_distance_cost": 15.658713666918324, "oscillation_cost": 36.043384552315736, "completition_cost": 1000.0, "overshoot_cost": 140.00148786521117, "power_cost": 23.72764061279297, "noise_cost": 65.78772398286013, "n_waypoints_completed": 0, "tot_waypoints": 9}}
{"target": -1395.181836046841, "params": {"k_pid_pos": [9.999999747378752e-05, 0.9859012961387634, 0.0], "k_pid_alt": [1.8999204635620117, 1.0, 0.0], "k_pid_att": [91.46773529052734, 9.999999747378752e-05, 0.0], "k_pid_yaw": [0.5, 1e-06, 0.1], "k_pid_hsp": [0.15199048817157745, 0.0, 0.06102275848388672], "k_pid_vsp": [0.0, 400.0, 354.5559387207031]}, "datetime": {"datetime": "2025-08-20 16:45:09", "elapsed": 17564.474056005478, "delta": 23.273423194885254}, "costs": {"total_cost": 1395.181836046841, "time_cost": 150, "final_distance_cost": 58.347117076476984, "oscillation_cost": 145.60166177617535, "completition_cost": 888.8888888888888, "overshoot_cost": 103.05571181559434, "power_cost": 22.35447872314453, "noise_cost": 26.93397776656091, "n_waypoints_completed": 1, "tot_waypoints": 9}}
{"target": -1430.96449768856, "params": {"k_pid_pos": [0.06878907233476639, 0.976860523223877, 0.0], "k_pid_alt": [1.9419245719909668, 1.0, 0.03389284014701843], "k_pid_att": [95.94390106201172, 9.999999747378752e-05, 0.05249705910682678], "k_pid_yaw": [0.5, 1e-06, 0.1], "k_pid_hsp": [0.08403948694467545, 0.013047456741333008, 0.011228829622268677], "k_pid_vsp": [0.0, 400.0, 400.0]}, "datetime": {"datetime": "2025-08-20 16:45:32", "elapsed": 17586.76931619644, "delta": 22.295260190963745}, "costs": {"total_cost": 1430.96449768856, "time_cost": 150, "final_distance_cost": 10.03297108832872, "oscillation_cost": 61.107620507447166, "completition_cost": 1000.0, "overshoot_cost": 141.00740360345227, "power_cost": 15.445221679687501, "noise_cost": 53.371280809644205, "n_waypoints_completed": 0, "tot_waypoints": 9}}
{"target": -1431.4187084254188, "params": {"k_pid_pos": [0.02256106585264206, 0.9743372201919556, 0.0], "k_pid_alt": [2.0, 1.0, 0.07730403542518616], "k_pid_att": [94.93806457519531, 9.999999747378752e-05, 0.01484563946723938], "k_pid_yaw": [0.5, 1e-06, 0.1], "k_pid_hsp": [0.43317314982414246, 0.0, 0.0], "k_pid_vsp": [0.0, 395.0829772949219, 380.8095397949219]}, "datetime": {"datetime": "2025-08-20 16:45:54", "elapsed": 17609.02049970627, "delta": 22.25118350982666}, "costs": {"total_cost": 1431.4187084254188, "time_cost": 150, "final_distance_cost": 16.85393705604714, "oscillation_cost": 63.07922348835731, "completition_cost": 1000.0, "overshoot_cost": 139.7789929555605, "power_cost": 13.166776477050782, "noise_cost": 48.53977844840292, "n_waypoints_completed": 0, "tot_waypoints": 9}}
{"target": -1524.2852990455563, "params": {"k_pid_pos": [9.999999747378752e-05, 0.9811917543411255, 0.031554192304611206], "k_pid_alt": [2.0, 1.0, 0.0], "k_pid_att": [100.0, 0.34254759550094604, 0.05257752537727356], "k_pid_yaw": [0.5, 1e-06, 0.1], "k_pid_hsp": [0.4433329701423645, 0.0, 0.09229010343551636], "k_pid_vsp": [0.6259441375732422, 381.9671936035156, 400.0]}, "datetime": {"datetime": "2025-08-20 16:46:17", "elapsed": 17631.538212299347, "delta": 22.517712593078613}, "costs": {"total_cost": 1524.2852990455563, "time_cost": 150, "final_distance_cost": 11.343636577409052, "oscillation_cost": 174.67733647246087, "completition_cost": 1000.0, "overshoot_cost": 128.87734071945818, "power_cost": 24.59532672119141, "noise_cost": 34.79165855503682, "n_waypoints_completed": 0, "tot_waypoints": 9}}
{"target": -1424.9326266184582, "params": {"k_pid_pos": [9.999999747378752e-05, 1.0, 0.0], "k_pid_alt": [2.0, 1.0, 0.018962085247039795], "k_pid_att": [95.79563903808594, 0.15656957030296326, 0.0], "k_pid_yaw": [0.5, 1e-06, 0.1], "k_pid_hsp": [0.4734845757484436, 0.0, 0.0], "k_pid_vsp": [2.494931221008301, 400.0, 400.0]}, "datetime": {"datetime": "2025-08-20 16:46:39", "elapsed": 17653.739300251007, "delta": 22.201087951660156}, "costs": {"total_cost": 1424.9326266184582, "time_cost": 150, "final_distance_cost": 16.578327191960216, "oscillation_cost": 63.355261134203445, "completition_cost": 1000.0, "overshoot_cost": 140.00098981657655, "power_cost": 11.125415112304688, "noise_cost": 43.87263336341336, "n_waypoints_completed": 0, "tot_waypoints": 9}}
{"target": -1473.521005564757, "params": {"k_pid_pos": [0.08814238756895065, 0.9409894943237305, 0.0748622715473175], "k_pid_alt": [1.8819674253463745, 1.0, 0.0], "k_pid_att": [100.0, 9.999999747378752e-05, 0.0], "k_pid_yaw": [0.5, 1e-06, 0.1], "k_pid_hsp": [0.18521855771541595, 0.0, 0.0], "k_pid_vsp": [26.07121467590332, 388.5423583984375, 375.78466796875]}, "datetime": {"datetime": "2025-08-20 16:47:02", "elapsed": 17676.9740421772, "delta": 23.234741926193237}, "costs": {"total_cost": 1473.521005564757, "time_cost": 150, "final_distance_cost": 9.974550832872936, "oscillation_cost": 57.1004817074592, "completition_cost": 1000.0, "overshoot_cost": 139.34570082969665, "power_cost": 29.306685778808596, "noise_cost": 87.79358641591958, "n_waypoints_completed": 0, "tot_waypoints": 9}}
{"target": -1443.1171698859887, "params": {"k_pid_pos": [9.999999747378752e-05, 1.0, 0.0], "k_pid_alt": [1.9716203212738037, 1.0, 0.0], "k_pid_att": [90.1915283203125, 9.999999747378752e-05, 0.035962313413619995], "k_pid_yaw": [0.5, 1e-06, 0.1], "k_pid_hsp": [9.999999747378752e-05, 0.07297223806381226, 0.0], "k_pid_vsp": [13.633060455322266, 400.0, 400.0]}, "datetime": {"datetime": "2025-08-20 16:47:24", "elapsed": 17699.12481379509, "delta": 22.150771617889404}, "costs": {"total_cost": 1443.1171698859887, "time_cost": 150, "final_distance_cost": 26.842330218614986, "oscillation_cost": 42.43992004903474, "completition_cost": 1000.0, "overshoot_cost": 146.94567839358942, "power_cost": 17.672153393554687, "noise_cost": 59.21708783119489, "n_waypoints_completed": 0, "tot_waypoints": 9}}
