{"target": -1782.200253022597, "params": {"k_pid_pos": [9.999999747378752e-05, 1.0, 0.0], "k_pid_alt": [2.0, 1.0, 0.0], "k_pid_att": [99.98711395263672, 0.5442417860031128, 0.04146850109100342], "k_pid_yaw": [0.5, 1e-06, 0.1], "k_pid_hsp": [0.006777739152312279, 0.0034041404724121094, 0.0], "k_pid_vsp": [0.0, 400.0, 368.7477722167969]}, "datetime": {"datetime": "2025-08-20 18:40:07", "elapsed": 24461.848427534103, "delta": 23.343817710876465}, "costs": {"total_cost": 1782.200253022597, "time_cost": 150, "final_distance_cost": 276.0798792986777, "oscillation_cost": 31.515770682564053, "completition_cost": 1000.0, "overshoot_cost": 299.11741409388304, "power_cost": 12.13652254638672, "noise_cost": 13.3506664010855, "n_waypoints_completed": 0, "tot_waypoints": 9}}
{"target": -3263.352059138019, "params": {"k_pid_pos": [9.999999747378752e-05, 0.9565730690956116, 0.0], "k_pid_alt": [1.9623267650604248, 1.0, 0.0], "k_pid_att": [97.86170959472656, 0.04763750731945038, 0.01793050765991211], "k_pid_yaw": [0.5, 1e-06, 0.1], "k_pid_hsp": [9.999999747378752e-05, 0.0, 0.06341227889060974], "k_pid_vsp": [0.0, 400.0, 387.82177734375]}, "datetime": {"datetime": "2025-08-20 18:40:31", "elapsed": 24485.94942331314, "delta": 24.100995779037476}, "costs": {"total_cost": 3263.352059138019, "time_cost": 150, "final_distance_cost": 733.5106474363415, "oscillation_cost": 210.58638503638286, "completition_cost": 1000.0, "overshoot_cost": 1129.5938593917274, "power_cost": 22.0050986328125, "noise_cost": 17.656068640754945, "n_waypoints_completed": 0, "tot_waypoints": 9}}
{"target": -1774.9764138511223, "params": {"k_pid_pos": [0.14159715175628662, 0.8821713924407959, 0.0], "k_pid_alt": [2.0, 1.0, 0.07351154088973999], "k_pid_att": [100.0, 0.38958024978637695, 0.0], "k_pid_yaw": [0.5, 1e-06, 0.1], "k_pid_hsp": [0.00012324558338150382, 0.0, 0.010459572076797485], "k_pid_vsp": [0.0, 400.0, 382.088134765625]}, "datetime": {"datetime": "2025-08-20 18:40:54", "elapsed": 24508.63746547699, "delta": 22.688042163848877}, "costs": {"total_cost": 1774.9764138511223, "time_cost": 150, "final_distance_cost": 316.6772987347394, "oscillation_cost": 34.50286729741363, "completition_cost": 888.8888888888888, "overshoot_cost": 361.51210439724025, "power_cost": 11.111774365234375, "noise_cost": 12.283480167605726, "n_waypoints_completed": 1, "tot_waypoints": 9}}
{"target": -1497.5139071784201, "params": {"k_pid_pos": [9.999999747378752e-05, 1.0, 0.0], "k_pid_alt": [1.8746390342712402, 1.0, 0.003926753997802734], "k_pid_att": [99.67557525634766, 9.999999747378752e-05, 0.001161724328994751], "k_pid_yaw": [0.5, 1e-06, 0.1], "k_pid_hsp": [1.112118124961853, 0.0, 0.03531378507614136], "k_pid_vsp": [5.811953544616699, 400.0, 358.8648376464844]}, "datetime": {"datetime": "2025-08-20 18:41:16", "elapsed": 24531.226892471313, "delta": 22.58942699432373}, "costs": {"total_cost": 1497.5139071784201, "time_cost": 150, "final_distance_cost": 22.978574635000786, "oscillation_cost": 87.89856917345, "completition_cost": 1000.0, "overshoot_cost": 145.10779805794212, "power_cost": 23.208030224609377, "noise_cost": 68.32093508741798, "n_waypoints_completed": 0, "tot_waypoints": 9}}
{"target": -1488.3533423333101, "params": {"k_pid_pos": [9.999999747378752e-05, 1.0, 0.0], "k_pid_alt": [2.0, 1.0, 0.0], "k_pid_att": [96.19355010986328, 0.5093206167221069, 0.08356708288192749], "k_pid_yaw": [0.5, 1e-06, 0.1], "k_pid_hsp": [0.4870632588863373, 0.0, 0.0], "k_pid_vsp": [0.0, 386.4330749511719, 375.63885498046875]}, "datetime": {"datetime": "2025-08-20 18:41:38", "elapsed": 24553.270288944244, "delta": 22.043396472930908}, "costs": {"total_cost": 1488.3533423333101, "time_cost": 150, "final_distance_cost": 16.731762713757924, "oscillation_cost": 61.52025132177766, "completition_cost": 1000.0, "overshoot_cost": 139.98870192158614, "power_cost": 30.17697243652344, "noise_cost": 89.93565393966509, "n_waypoints_completed": 0, "tot_waypoints": 9}}
{"target": -1500.3811347455069, "params": {"k_pid_pos": [9.999999747378752e-05, 1.0, 0.0], "k_pid_alt": [2.0, 1.0, 0.0008333027362823486], "k_pid_att": [90.97154235839844, 0.30941757559776306, 0.0], "k_pid_yaw": [0.5, 1e-06, 0.1], "k_pid_hsp": [0.3210373818874359, 0.073391854763031, 0.069681316614151], "k_pid_vsp": [0.0, 400.0, 393.8213806152344]}, "datetime": {"datetime": "2025-08-20 18:42:02", "elapsed": 24576.595133066177, "delta": 23.324844121932983}, "costs": {"total_cost": 1500.3811347455069, "time_cost": 150, "final_distance_cost": 22.84249431966385, "oscillation_cost": 148.73194789088743, "completition_cost": 1000.0, "overshoot_cost": 133.37298543118382, "power_cost": 16.071605895996093, "noise_cost": 29.362101207775662, "n_waypoints_completed": 0, "tot_waypoints": 9}}
{"target": -3121.113407392005, "params": {"k_pid_pos": [9.999999747378752e-05, 0.9353025555610657, 0.0], "k_pid_alt": [2.0, 1.0, 0.0], "k_pid_att": [100.0, 9.999999747378752e-05, 0.0], "k_pid_yaw": [0.5, 1e-06, 0.1], "k_pid_hsp": [9.999999747378752e-05, 0.052855491638183594, 0.06849208474159241], "k_pid_vsp": [0.0, 400.0, 400.0]}, "datetime": {"datetime": "2025-08-20 18:42:24", "elapsed": 24599.030460119247, "delta": 22.43532705307007}, "costs": {"total_cost": 3121.113407392005, "time_cost": 150, "final_distance_cost": 667.1525203060243, "oscillation_cost": 188.2465445578868, "completition_cost": 1000.0, "overshoot_cost": 1076.2719910353767, "power_cost": 21.872738171386718, "noise_cost": 17.569613321330735, "n_waypoints_completed": 0, "tot_waypoints": 9}}
{"target": -1514.2852572740212, "params": {"k_pid_pos": [9.999999747378752e-05, 0.9494763612747192, 0.0], "k_pid_alt": [1.9106743335723877, 0.8897174596786499, 0.0], "k_pid_att": [100.0, 9.999999747378752e-05, 0.0106944739818573], "k_pid_yaw": [0.5, 1e-06, 0.1], "k_pid_hsp": [0.548250138759613, 0.039080649614334106, 0.07479321956634521], "k_pid_vsp": [0.0, 400.0, 390.3858947753906]}, "datetime": {"datetime": "2025-08-20 18:42:46", "elapsed": 24621.484924316406, "delta": 22.454464197158813}, "costs": {"total_cost": 1514.2852572740212, "time_cost": 150, "final_distance_cost": 14.527713859839157, "oscillation_cost": 153.32343310237852, "completition_cost": 1000.0, "overshoot_cost": 132.46626632285137, "power_cost": 25.525240747070313, "noise_cost": 38.442603241881955, "n_waypoints_completed": 0, "tot_waypoints": 9}}
{"target": -1425.787229446892, "params": {"k_pid_pos": [0.05520400404930115, 0.9978501796722412, 0.0], "k_pid_alt": [1.9550672769546509, 0.9841384887695312, 0.07298544049263], "k_pid_att": [100.0, 0.1368585079908371, 0.010491937398910522], "k_pid_yaw": [0.5, 1e-06, 0.1], "k_pid_hsp": [0.8361955285072327, 0.0, 0.0], "k_pid_vsp": [0.0, 395.00640869140625, 400.0]}, "datetime": {"datetime": "2025-08-20 18:43:11", "elapsed": 24645.54897212982, "delta": 24.064047813415527}, "costs": {"total_cost": 1425.787229446892, "time_cost": 150, "final_distance_cost": 11.487268264868527, "oscillation_cost": 67.21741251710209, "completition_cost": 1000.0, "overshoot_cost": 139.45256107162123, "power_cost": 11.855168518066407, "noise_cost": 45.774819075233886, "n_waypoints_completed": 0, "tot_waypoints": 9}}
{"target": -1958.6112770032805, "params": {"k_pid_pos": [0.051321908831596375, 0.9856816530227661, 0.0], "k_pid_alt": [2.0, 0.8969542384147644, 0.023119747638702393], "k_pid_att": [97.60955047607422, 0.12698659300804138, 0.0], "k_pid_yaw": [0.5, 1e-06, 0.1], "k_pid_hsp": [9.999999747378752e-05, 0.0026995837688446045, 0.0], "k_pid_vsp": [0.0, 394.7821044921875, 400.0]}, "datetime": {"datetime": "2025-08-20 18:43:32", "elapsed": 24667.100476264954, "delta": 21.551504135131836}, "costs": {"total_cost": 1958.6112770032805, "time_cost": 150, "final_distance_cost": 335.8583631500974, "oscillation_cost": 25.31640512348892, "completition_cost": 1000.0, "overshoot_cost": 382.17259447252604, "power_cost": 37.916443847656254, "noise_cost": 27.347470409512002, "n_waypoints_completed": 0, "tot_waypoints": 9}}
{"target": -1478.6597584563058, "params": {"k_pid_pos": [9.999999747378752e-05, 1.0, 0.0], "k_pid_alt": [2.0, 1.0, 0.09486109018325806], "k_pid_att": [100.0, 0.9236263036727905, 0.07474470138549805], "k_pid_yaw": [0.5, 1e-06, 0.1], "k_pid_hsp": [0.8912925720214844, 0.03443220257759094, 0.054862409830093384], "k_pid_vsp": [0.0, 383.67919921875, 390.1541748046875]}, "datetime": {"datetime": "2025-08-20 18:43:55", "elapsed": 24689.647669315338, "delta": 22.54719305038452}, "costs": {"total_cost": 1478.6597584563058, "time_cost": 150, "final_distance_cost": 18.95596466916079, "oscillation_cost": 107.04499548760369, "completition_cost": 1000.0, "overshoot_cost": 140.08687303053568, "power_cost": 18.565653955078126, "noise_cost": 44.00627131392745, "n_waypoints_completed": 0, "tot_waypoints": 9}}
{"target": -1654.6419901010506, "params": {"k_pid_pos": [9.999999747378752e-05, 0.9145262241363525, 0.0], "k_pid_alt": [1.881540060043335, 0.9216418862342834, 0.024153172969818115], "k_pid_att": [95.55106353759766, 9.999999747378752e-05, 0.0], "k_pid_yaw": [0.5, 1e-06, 0.1], "k_pid_hsp": [9.999999747378752e-05, 0.01807531714439392, 0.0], "k_pid_vsp": [17.34250831604004, 400.0, 399.1566467285156]}, "datetime": {"datetime": "2025-08-20 18:44:18", "elapsed": 24712.78259372711, "delta": 23.13492441177368}, "costs": {"total_cost": 1654.6419901010506, "time_cost": 150, "final_distance_cost": 216.05055950339673, "oscillation_cost": 30.417510383497234, "completition_cost": 1000.0, "overshoot_cost": 230.3353823470545, "power_cost": 13.294141967773438, "noise_cost": 14.54439589932871, "n_waypoints_completed": 0, "tot_waypoints": 9}}
{"target": -1974.2257057336915, "params": {"k_pid_pos": [9.999999747378752e-05, 1.0, 0.0], "k_pid_alt": [1.9962044954299927, 1.0, 0.06913194060325623], "k_pid_att": [100.0, 9.999999747378752e-05, 0.0], "k_pid_yaw": [0.5, 1e-06, 0.1], "k_pid_hsp": [9.999999747378752e-05, 0.0, 0.0], "k_pid_vsp": [0.0, 377.1481628417969, 399.14483642578125]}, "datetime": {"datetime": "2025-08-20 18:44:41", "elapsed": 24735.981157064438, "delta": 23.19856333732605}, "costs": {"total_cost": 1974.2257057336915, "time_cost": 150, "final_distance_cost": 342.6250539026577, "oscillation_cost": 25.322445518868218, "completition_cost": 1000.0, "overshoot_cost": 390.34462655625424, "power_cost": 37.955058203125, "noise_cost": 27.97852155278631, "n_waypoints_completed": 0, "tot_waypoints": 9}}
{"target": -1475.792713968742, "params": {"k_pid_pos": [9.999999747378752e-05, 1.0, 0.0], "k_pid_alt": [1.9752821922302246, 0.9888792037963867, 0.0], "k_pid_att": [98.77622985839844, 9.999999747378752e-05, 0.017954736948013306], "k_pid_yaw": [0.5, 1e-06, 0.1], "k_pid_hsp": [0.4944261610507965, 0.0, 0.010828167200088501], "k_pid_vsp": [0.0, 400.0, 399.697265625]}, "datetime": {"datetime": "2025-08-20 18:45:05", "elapsed": 24759.80477499962, "delta": 23.823617935180664}, "costs": {"total_cost": 1475.792713968742, "time_cost": 150, "final_distance_cost": 13.204355262551633, "oscillation_cost": 82.49519634794525, "completition_cost": 1000.0, "overshoot_cost": 145.3253244415143, "power_cost": 19.803449255371095, "noise_cost": 64.96438866135959, "n_waypoints_completed": 0, "tot_waypoints": 9}}
{"target": -1929.8355087685125, "params": {"k_pid_pos": [0.04778645932674408, 1.0, 0.05317378044128418], "k_pid_alt": [1.9252276420593262, 1.0, 0.012046277523040771], "k_pid_att": [93.70270538330078, 9.999999747378752e-05, 0.0], "k_pid_yaw": [0.5, 1e-06, 0.1], "k_pid_hsp": [9.999999747378752e-05, 0.0, 0.0], "k_pid_vsp": [0.0, 376.6249084472656, 400.0]}, "datetime": {"datetime": "2025-08-20 18:45:28", "elapsed": 24782.6923391819, "delta": 22.887564182281494}, "costs": {"total_cost": 1929.8355087685125, "time_cost": 150, "final_distance_cost": 339.01380700587697, "oscillation_cost": 29.540559966940037, "completition_cost": 1000.0, "overshoot_cost": 386.51386241630735, "power_cost": 11.561226013183594, "noise_cost": 13.206053366204578, "n_waypoints_completed": 0, "tot_waypoints": 9}}
{"target": -1479.6430910322913, "params": {"k_pid_pos": [9.999999747378752e-05, 0.9363462924957275, 0.0], "k_pid_alt": [1.8362029790878296, 1.0, 0.06087392568588257], "k_pid_att": [95.31839752197266, 0.26827380061149597, 0.0], "k_pid_yaw": [0.5, 1e-06, 0.1], "k_pid_hsp": [0.2225932627916336, 0.0, 0.0], "k_pid_vsp": [0.0, 368.1165771484375, 393.07708740234375]}, "datetime": {"datetime": "2025-08-20 18:45:49", "elapsed": 24804.446444749832, "delta": 21.75410556793213}, "costs": {"total_cost": 1479.6430910322913, "time_cost": 150, "final_distance_cost": 1.2180584723291015, "oscillation_cost": 55.66532345126107, "completition_cost": 1000.0, "overshoot_cost": 140.07882782656034, "power_cost": 33.91116530761719, "noise_cost": 98.76971597452356, "n_waypoints_completed": 0, "tot_waypoints": 9}}
{"target": -1390.549031278314, "params": {"k_pid_pos": [9.999999747378752e-05, 0.988174557685852, 0.006079137325286865], "k_pid_alt": [2.0, 0.9030530452728271, 0.0], "k_pid_att": [94.48785400390625, 9.999999747378752e-05, 0.040668994188308716], "k_pid_yaw": [0.5, 1e-06, 0.1], "k_pid_hsp": [0.3747418224811554, 0.02666330337524414, 0.0], "k_pid_vsp": [0.0, 362.0083312988281, 400.0]}, "datetime": {"datetime": "2025-08-20 18:46:13", "elapsed": 24827.725858211517, "delta": 23.27941346168518}, "costs": {"total_cost": 1390.549031278314, "time_cost": 150, "final_distance_cost": 12.224057709790875, "oscillation_cost": 65.03600779369924, "completition_cost": 1000.0, "overshoot_cost": 139.9582296267504, "power_cost": 1.9378756347656252, "noise_cost": 21.392860513307973, "n_waypoints_completed": 0, "tot_waypoints": 9}}
{"target": -2487.964625047646, "params": {"k_pid_pos": [9.999999747378752e-05, 1.0, 0.05902135372161865], "k_pid_alt": [2.0, 0.9838144779205322, 0.0], "k_pid_att": [95.52626037597656, 9.999999747378752e-05, 0.0], "k_pid_yaw": [0.5, 1e-06, 0.1], "k_pid_hsp": [9.999999747378752e-05, 0.051597148180007935, 0.059987425804138184], "k_pid_vsp": [21.840476989746094, 383.29547119140625, 363.36090087890625]}, "datetime": {"datetime": "2025-08-20 18:46:35", "elapsed": 24850.10925579071, "delta": 22.383397579193115}, "costs": {"total_cost": 2487.964625047646, "time_cost": 150, "final_distance_cost": 373.050017183227, "oscillation_cost": 277.9771362029836, "completition_cost": 1000.0, "overshoot_cost": 647.747795012246, "power_cost": 21.70914931640625, "noise_cost": 17.480527332783385, "n_waypoints_completed": 0, "tot_waypoints": 9}}
{"target": -1527.6252695893459, "params": {"k_pid_pos": [9.999999747378752e-05, 0.9733713865280151, 0.0], "k_pid_alt": [2.0, 1.0, 0.037586867809295654], "k_pid_att": [97.7081527709961, 0.2926694452762604, 0.0], "k_pid_yaw": [0.5, 1e-06, 0.1], "k_pid_hsp": [0.1628911793231964, 0.0, 0.09482702612876892], "k_pid_vsp": [9.569120407104492, 400.0, 400.0]}, "datetime": {"datetime": "2025-08-20 18:46:59", "elapsed": 24873.599621534348, "delta": 23.490365743637085}, "costs": {"total_cost": 1527.6252695893459, "time_cost": 150, "final_distance_cost": 52.867524403488225, "oscillation_cost": 221.27807100936187, "completition_cost": 1000.0, "overshoot_cost": 59.92474342154585, "power_cost": 24.378818798828124, "noise_cost": 19.17611195612184, "n_waypoints_completed": 0, "tot_waypoints": 9}}
{"target": -1792.6307591728712, "params": {"k_pid_pos": [9.999999747378752e-05, 1.0, 0.0], "k_pid_alt": [1.8887355327606201, 0.9629610776901245, 0.007447004318237305], "k_pid_att": [95.97032165527344, 9.999999747378752e-05, 0.046052902936935425], "k_pid_yaw": [0.5, 1e-06, 0.1], "k_pid_hsp": [0.009265015833079815, 0.0, 0.004847854375839233], "k_pid_vsp": [29.10362434387207, 350.2179260253906, 366.61676025390625]}, "datetime": {"datetime": "2025-08-20 18:47:21", "elapsed": 24895.96335220337, "delta": 22.363730669021606}, "costs": {"total_cost": 1792.6307591728712, "time_cost": 150, "final_distance_cost": 267.71136086333377, "oscillation_cost": 27.19289263496664, "completition_cost": 1000.0, "overshoot_cost": 282.4044847864089, "power_cost": 37.89740054931641, "noise_cost": 27.4246203388454, "n_waypoints_completed": 0, "tot_waypoints": 9}}
{"target": -1450.773682458236, "params": {"k_pid_pos": [9.999999747378752e-05, 1.0, 0.03891801834106445], "k_pid_alt": [1.9980677366256714, 1.0, 0.11662489175796509], "k_pid_att": [97.81926727294922, 9.999999747378752e-05, 0.09456723928451538], "k_pid_yaw": [0.5, 1e-06, 0.1], "k_pid_hsp": [0.7995768785476685, 0.0, 0.0], "k_pid_vsp": [0.0, 364.1605224609375, 391.61181640625]}, "datetime": {"datetime": "2025-08-20 18:47:43", "elapsed": 24917.722864151, "delta": 21.759511947631836}, "costs": {"total_cost": 1450.773682458236, "time_cost": 150, "final_distance_cost": 12.129224181883824, "oscillation_cost": 67.0504664390289, "completition_cost": 1000.0, "overshoot_cost": 139.58351862798241, "power_cost": 19.051522412109374, "noise_cost": 62.958950797231545, "n_waypoints_completed": 0, "tot_waypoints": 9}}
{"target": -1426.8937130419104, "params": {"k_pid_pos": [0.10226744413375854, 1.0, 0.0], "k_pid_alt": [1.9643747806549072, 1.0, 0.0], "k_pid_att": [100.0, 0.12840010225772858, 0.08903041481971741], "k_pid_yaw": [0.5, 1e-06, 0.1], "k_pid_hsp": [0.027962209656834602, 0.0042493343353271484, 0.0], "k_pid_vsp": [7.206988334655762, 400.0, 365.66668701171875]}, "datetime": {"datetime": "2025-08-20 18:48:05", "elapsed": 24940.457424879074, "delta": 22.73456072807312}, "costs": {"total_cost": 1426.8937130419104, "time_cost": 150, "final_distance_cost": 12.198774584436014, "oscillation_cost": 37.62070332488655, "completition_cost": 1000.0, "overshoot_cost": 140.55617716056858, "power_cost": 21.617127502441406, "noise_cost": 64.90093046957776, "n_waypoints_completed": 0, "tot_waypoints": 9}}
{"target": -1402.1129497322654, "params": {"k_pid_pos": [0.07513611018657684, 0.9134277105331421, 0.0], "k_pid_alt": [2.0, 1.0, 0.0], "k_pid_att": [99.60233306884766, 9.999999747378752e-05, 0.0], "k_pid_yaw": [0.5, 1e-06, 0.1], "k_pid_hsp": [0.34733110666275024, 0.06599703431129456, 0.0], "k_pid_vsp": [0.0, 393.0429382324219, 380.6600646972656]}, "datetime": {"datetime": "2025-08-20 18:48:28", "elapsed": 24963.083223819733, "delta": 22.62579894065857}, "costs": {"total_cost": 1402.1129497322654, "time_cost": 150, "final_distance_cost": 13.933654469452842, "oscillation_cost": 64.37992236923883, "completition_cost": 1000.0, "overshoot_cost": 139.81548827877978, "power_cost": 4.932929138183594, "noise_cost": 29.05095547661019, "n_waypoints_completed": 0, "tot_waypoints": 9}}
{"target": -1510.0289598192867, "params": {"k_pid_pos": [0.0759783461689949, 1.0, 0.05356687307357788], "k_pid_alt": [2.0, 1.0, 0.008156657218933105], "k_pid_att": [100.0, 0.29856428503990173, 0.0], "k_pid_yaw": [0.5, 1e-06, 0.1], "k_pid_hsp": [0.34201234579086304, 0.0, 0.06866461038589478], "k_pid_vsp": [0.0, 400.0, 393.61810302734375]}, "datetime": {"datetime": "2025-08-20 18:48:51", "elapsed": 24985.608514785767, "delta": 22.525290966033936}, "costs": {"total_cost": 1510.0289598192867, "time_cost": 150, "final_distance_cost": 16.794163001026035, "oscillation_cost": 150.39290505757546, "completition_cost": 1000.0, "overshoot_cost": 128.46648631051866, "power_cost": 26.13168525390625, "noise_cost": 38.24372019626025, "n_waypoints_completed": 0, "tot_waypoints": 9}}
{"target": -1961.576416692961, "params": {"k_pid_pos": [0.10294732451438904, 0.9822622537612915, 0.0], "k_pid_alt": [1.9893300533294678, 1.0, 0.0], "k_pid_att": [94.45214080810547, 0.39409199357032776, 0.0], "k_pid_yaw": [0.5, 1e-06, 0.1], "k_pid_hsp": [9.999999747378752e-05, 0.0, 0.0], "k_pid_vsp": [0.0, 386.9505310058594, 364.42950439453125]}, "datetime": {"datetime": "2025-08-20 18:49:13", "elapsed": 25008.35772919655, "delta": 22.74921441078186}, "costs": {"total_cost": 1961.576416692961, "time_cost": 150, "final_distance_cost": 337.8154331076161, "oscillation_cost": 24.816353057740155, "completition_cost": 1000.0, "overshoot_cost": 383.3160164295306, "power_cost": 37.881318981933596, "noise_cost": 27.74729511614022, "n_waypoints_completed": 0, "tot_waypoints": 9}}
{"target": -1474.8798243968154, "params": {"k_pid_pos": [0.07934166491031647, 1.0, 0.0], "k_pid_alt": [1.9178318977355957, 0.9760884046554565, 0.06592446565628052], "k_pid_att": [100.0, 9.999999747378752e-05, 0.0], "k_pid_yaw": [0.5, 1e-06, 0.1], "k_pid_hsp": [0.3929004967212677, 0.04654425382614136, 0.006069213151931763], "k_pid_vsp": [18.26338768005371, 400.0, 400.0]}, "datetime": {"datetime": "2025-08-20 18:49:36", "elapsed": 25030.929023742676, "delta": 22.57129454612732}, "costs": {"total_cost": 1474.8798243968154, "time_cost": 150, "final_distance_cost": 24.8682057467898, "oscillation_cost": 79.16785852728552, "completition_cost": 1000.0, "overshoot_cost": 144.31607096630688, "power_cost": 17.350119982910158, "noise_cost": 59.17756917352312, "n_waypoints_completed": 0, "tot_waypoints": 9}}
{"target": -1503.7660755103868, "params": {"k_pid_pos": [0.10578460246324539, 1.0, 0.0], "k_pid_alt": [2.0, 0.9249840378761292, 0.018817245960235596], "k_pid_att": [98.46040344238281, 9.999999747378752e-05, 0.0], "k_pid_yaw": [0.5, 1e-06, 0.1], "k_pid_hsp": [1.1938203573226929, 0.05685877799987793, 0.0], "k_pid_vsp": [0.0, 400.0, 400.0]}, "datetime": {"datetime": "2025-08-20 18:49:58", "elapsed": 25052.861919164658, "delta": 21.93289542198181}, "costs": {"total_cost": 1503.7660755103868, "time_cost": 150, "final_distance_cost": 10.330868358573731, "oscillation_cost": 64.28347235357761, "completition_cost": 1000.0, "overshoot_cost": 139.01461045114766, "power_cost": 36.00003395996094, "noise_cost": 104.13709038712689, "n_waypoints_completed": 0, "tot_waypoints": 9}}
