{"target": -1420.8443702839668, "params": {"k_pid_pos": [9.999999747378752e-05, 1.0, 0.0025045573711395264], "k_pid_alt": [2.0, 0.9830750226974487, 0.0006639361381530762], "k_pid_att": [100.0, 0.5024101734161377, 0.04132881760597229], "k_pid_yaw": [0.5, 1e-06, 0.1], "k_pid_hsp": [0.48954251408576965, 0.012919485569000244, 0.0017761290073394775], "k_pid_vsp": [34.92171859741211, 388.0877380371094, 400.0]}, "datetime": {"datetime": "2025-08-20 22:39:18", "elapsed": 38812.83727622032, "delta": 26.538637161254883}, "costs": {"total_cost": 1420.8443702839668, "time_cost": 150, "final_distance_cost": 9.156570958104274, "oscillation_cost": 66.43961369731463, "completition_cost": 1000.0, "overshoot_cost": 139.85296932791064, "power_cost": 11.203344445800782, "noise_cost": 44.191871854836286, "n_waypoints_completed": 0, "tot_waypoints": 9}}
{"target": -1425.4992306223442, "params": {"k_pid_pos": [9.999999747378752e-05, 0.9730895757675171, 0.08271512389183044], "k_pid_alt": [2.0, 1.0, 0.0], "k_pid_att": [98.34969329833984, 9.999999747378752e-05, 0.0022647082805633545], "k_pid_yaw": [0.5, 1e-06, 0.1], "k_pid_hsp": [9.999999747378752e-05, 0.030171215534210205, 0.0], "k_pid_vsp": [11.810386657714844, 370.88555908203125, 394.41375732421875]}, "datetime": {"datetime": "2025-08-20 22:39:43", "elapsed": 38838.19294118881, "delta": 25.3556649684906}, "costs": {"total_cost": 1425.4992306223442, "time_cost": 150, "final_distance_cost": 71.58139289056511, "oscillation_cost": 27.78517772611008, "completition_cost": 1000.0, "overshoot_cost": 107.65513922419096, "power_cost": 37.93621134033204, "noise_cost": 30.54130944114602, "n_waypoints_completed": 0, "tot_waypoints": 9}}
{"target": -1516.204198665059, "params": {"k_pid_pos": [0.03590629622340202, 0.9852656126022339, 0.008235245943069458], "k_pid_alt": [1.9895811080932617, 1.0, 0.0], "k_pid_att": [93.82404327392578, 9.999999747378752e-05, 0.0], "k_pid_yaw": [0.5, 1e-06, 0.1], "k_pid_hsp": [0.6711477041244507, 0.0528547465801239, 0.11107608675956726], "k_pid_vsp": [0.0, 400.0, 400.0]}, "datetime": {"datetime": "2025-08-20 22:40:06", "elapsed": 38861.09928607941, "delta": 22.906344890594482}, "costs": {"total_cost": 1516.204198665059, "time_cost": 150, "final_distance_cost": 12.186461902751638, "oscillation_cost": 165.59951704892592, "completition_cost": 1000.0, "overshoot_cost": 134.05830484616533, "power_cost": 18.91562852783203, "noise_cost": 35.44428633938434, "n_waypoints_completed": 0, "tot_waypoints": 9}}
{"target": -3328.4299688749793, "params": {"k_pid_pos": [0.011589293368160725, 0.9828318953514099, 0.0], "k_pid_alt": [2.0, 1.0, 0.0], "k_pid_att": [100.0, 9.999999747378752e-05, 0.0], "k_pid_yaw": [0.5, 1e-06, 0.1], "k_pid_hsp": [9.999999747378752e-05, 0.018573075532913208, 0.06127649545669556], "k_pid_vsp": [0.0, 400.0, 400.0]}, "datetime": {"datetime": "2025-08-20 22:40:29", "elapsed": 38883.64697146416, "delta": 22.547685384750366}, "costs": {"total_cost": 3328.4299688749793, "time_cost": 150, "final_distance_cost": 743.6998676875533, "oscillation_cost": 202.29004190135188, "completition_cost": 1000.0, "overshoot_cost": 1192.3442356160197, "power_cost": 22.256167126464845, "noise_cost": 17.839656543590074, "n_waypoints_completed": 0, "tot_waypoints": 9}}
{"target": -3480.4454528185074, "params": {"k_pid_pos": [9.999999747378752e-05, 1.0, 0.026051759719848633], "k_pid_alt": [1.9566197395324707, 0.9915158152580261, 0.03451991081237793], "k_pid_att": [100.0, 0.08811521530151367, 0.030060380697250366], "k_pid_yaw": [0.5, 1e-06, 0.1], "k_pid_hsp": [9.999999747378752e-05, 0.040844857692718506, 0.053093671798706055], "k_pid_vsp": [0.0, 400.0, 400.0]}, "datetime": {"datetime": "2025-08-20 22:40:52", "elapsed": 38907.2428457737, "delta": 23.595874309539795}, "costs": {"total_cost": 3480.4454528185074, "time_cost": 150, "final_distance_cost": 830.5053448097358, "oscillation_cost": 140.75407421457598, "completition_cost": 1000.0, "overshoot_cost": 1321.0013216068392, "power_cost": 21.05586170654297, "noise_cost": 17.128850480813398, "n_waypoints_completed": 0, "tot_waypoints": 9}}
{"target": -1747.8695814404018, "params": {"k_pid_pos": [9.999999747378752e-05, 0.9603760838508606, 0.047542065382003784], "k_pid_alt": [1.9391480684280396, 1.0, 0.0], "k_pid_att": [100.0, 0.7926753163337708, 0.0], "k_pid_yaw": [0.5, 1e-06, 0.1], "k_pid_hsp": [9.999999747378752e-05, 0.017479240894317627, 0.0], "k_pid_vsp": [0.0, 400.0, 397.4542236328125]}, "datetime": {"datetime": "2025-08-20 22:41:16", "elapsed": 38930.80472755432, "delta": 23.56188178062439}, "costs": {"total_cost": 1747.8695814404018, "time_cost": 150, "final_distance_cost": 240.78405684160137, "oscillation_cost": 26.608644677400562, "completition_cost": 1000.0, "overshoot_cost": 264.99477517482677, "power_cost": 37.88849669189453, "noise_cost": 27.593608054678455, "n_waypoints_completed": 0, "tot_waypoints": 9}}
{"target": -1400.0876588105168, "params": {"k_pid_pos": [0.0851983055472374, 1.0, 0.08960539102554321], "k_pid_alt": [1.9446207284927368, 0.9909482002258301, 0.08842098712921143], "k_pid_att": [100.0, 9.999999747378752e-05, 0.015874743461608887], "k_pid_yaw": [0.5, 1e-06, 0.1], "k_pid_hsp": [0.562221348285675, 0.03990530967712402, 0.0], "k_pid_vsp": [0.10190010070800781, 400.0, 393.96868896484375]}, "datetime": {"datetime": "2025-08-20 22:41:38", "elapsed": 38953.034234046936, "delta": 22.229506492614746}, "costs": {"total_cost": 1400.0876588105168, "time_cost": 150, "final_distance_cost": 10.306442178089863, "oscillation_cost": 67.48823448863263, "completition_cost": 1000.0, "overshoot_cost": 138.9996510355691, "power_cost": 4.738698815917969, "noise_cost": 28.55463229230719, "n_waypoints_completed": 0, "tot_waypoints": 9}}
{"target": -1957.3236546758253, "params": {"k_pid_pos": [9.999999747378752e-05, 0.9793534278869629, 0.048146337270736694], "k_pid_alt": [2.0, 1.0, 0.050423264503479004], "k_pid_att": [100.0, 9.999999747378752e-05, 0.034975260496139526], "k_pid_yaw": [0.5, 1e-06, 0.1], "k_pid_hsp": [9.999999747378752e-05, 0.0, 0.0], "k_pid_vsp": [0.0, 400.0, 381.77008056640625]}, "datetime": {"datetime": "2025-08-20 22:42:02", "elapsed": 38977.32101368904, "delta": 24.286779642105103}, "costs": {"total_cost": 1957.3236546758253, "time_cost": 150, "final_distance_cost": 336.85410626993286, "oscillation_cost": 25.103099995707606, "completition_cost": 1000.0, "overshoot_cost": 379.5605059727514, "power_cost": 37.84656688232422, "noise_cost": 27.959375555109407, "n_waypoints_completed": 0, "tot_waypoints": 9}}
{"target": -1907.3512520755273, "params": {"k_pid_pos": [9.999999747378752e-05, 0.9485571384429932, 0.0], "k_pid_alt": [1.9655001163482666, 1.0, 0.060850828886032104], "k_pid_att": [95.92262268066406, 0.6454801559448242, 0.08210879564285278], "k_pid_yaw": [0.5, 1e-06, 0.1], "k_pid_hsp": [0.001463144551962614, 0.0031557679176330566, 0.0], "k_pid_vsp": [0.0, 400.0, 400.0]}, "datetime": {"datetime": "2025-08-20 22:42:24", "elapsed": 38999.102796792984, "delta": 21.78178310394287}, "costs": {"total_cost": 1907.3512520755273, "time_cost": 150, "final_distance_cost": 328.0334693603808, "oscillation_cost": 30.36023019992865, "completition_cost": 1000.0, "overshoot_cost": 374.58493663352624, "power_cost": 11.48196025390625, "noise_cost": 12.89065562778552, "n_waypoints_completed": 0, "tot_waypoints": 9}}
{"target": -1931.2959393143894, "params": {"k_pid_pos": [0.22123046219348907, 0.9825064539909363, 0.024889439344406128], "k_pid_alt": [2.0, 0.9936668872833252, 0.0], "k_pid_att": [89.0264892578125, 0.3732079267501831, 0.0], "k_pid_yaw": [0.5, 1e-06, 0.1], "k_pid_hsp": [9.999999747378752e-05, 0.0, 0.0], "k_pid_vsp": [0.0, 393.5783996582031, 390.2408142089844]}, "datetime": {"datetime": "2025-08-20 22:42:48", "elapsed": 39023.36503505707, "delta": 24.262238264083862}, "costs": {"total_cost": 1931.2959393143894, "time_cost": 150, "final_distance_cost": 326.05369574597336, "oscillation_cost": 24.222563995275728, "completition_cost": 1000.0, "overshoot_cost": 365.2402726253378, "power_cost": 37.87998531494141, "noise_cost": 27.899421632861035, "n_waypoints_completed": 0, "tot_waypoints": 9}}
{"target": -1920.2182490319774, "params": {"k_pid_pos": [9.999999747378752e-05, 0.9459668397903442, 0.0669688880443573], "k_pid_alt": [2.0, 1.0, 0.0], "k_pid_att": [97.22392272949219, 1.1709458827972412, 0.053668200969696045], "k_pid_yaw": [0.5, 1e-06, 0.1], "k_pid_hsp": [9.999999747378752e-05, 0.0, 0.0], "k_pid_vsp": [0.0, 357.3616943359375, 388.783447265625]}, "datetime": {"datetime": "2025-08-20 22:43:13", "elapsed": 39047.721782922745, "delta": 24.35674786567688}, "costs": {"total_cost": 1920.2182490319774, "time_cost": 150, "final_distance_cost": 335.56985520703415, "oscillation_cost": 30.3976327179502, "completition_cost": 1000.0, "overshoot_cost": 378.4286342753824, "power_cost": 11.790712060546875, "noise_cost": 14.03141477106387, "n_waypoints_completed": 0, "tot_waypoints": 9}}
{"target": -3354.864919939584, "params": {"k_pid_pos": [9.999999747378752e-05, 0.9505976438522339, 0.0], "k_pid_alt": [1.8966783285140991, 0.9605182409286499, 0.0], "k_pid_att": [100.0, 0.2325998991727829, 0.0], "k_pid_yaw": [0.5, 1e-06, 0.1], "k_pid_hsp": [9.999999747378752e-05, 0.0, 0.0684642493724823], "k_pid_vsp": [9.150075912475586, 400.0, 382.9101867675781]}, "datetime": {"datetime": "2025-08-20 22:43:35", "elapsed": 39069.94151759148, "delta": 22.21973466873169}, "costs": {"total_cost": 3354.864919939584, "time_cost": 150, "final_distance_cost": 680.4632788934518, "oscillation_cost": 291.0837879291355, "completition_cost": 1000.0, "overshoot_cost": 1193.8477214529148, "power_cost": 21.87626280517578, "noise_cost": 17.59386885890623, "n_waypoints_completed": 0, "tot_waypoints": 9}}
{"target": -4634.298525548577, "params": {"k_pid_pos": [9.999999747378752e-05, 1.0, 0.0], "k_pid_alt": [1.9815113544464111, 1.0, 0.034302592277526855], "k_pid_att": [100.0, 9.999999747378752e-05, 0.034016698598861694], "k_pid_yaw": [0.5, 1e-06, 0.1], "k_pid_hsp": [9.999999747378752e-05, 0.0, 0.03759607672691345], "k_pid_vsp": [1.650846004486084, 366.2001953125, 354.5564270019531]}, "datetime": {"datetime": "2025-08-20 22:43:59", "elapsed": 39093.860290527344, "delta": 23.91877293586731}, "costs": {"total_cost": 4634.298525548577, "time_cost": 150, "final_distance_cost": 1284.103535827772, "oscillation_cost": 71.25711606661505, "completition_cost": 1000.0, "overshoot_cost": 2085.8260349360744, "power_cost": 24.616787829589846, "noise_cost": 18.495050888525682, "n_waypoints_completed": 0, "tot_waypoints": 9}}
{"target": -1406.15515404244, "params": {"k_pid_pos": [9.999999747378752e-05, 0.9939346313476562, 0.10999327898025513], "k_pid_alt": [2.0, 1.0, 0.10671818256378174], "k_pid_att": [97.25011444091797, 9.999999747378752e-05, 0.0], "k_pid_yaw": [0.5, 1e-06, 0.1], "k_pid_hsp": [9.999999747378752e-05, 0.030280381441116333, 0.0], "k_pid_vsp": [0.0, 379.2519226074219, 400.0]}, "datetime": {"datetime": "2025-08-20 22:44:21", "elapsed": 39115.97066617012, "delta": 22.11037564277649}, "costs": {"total_cost": 1406.15515404244, "time_cost": 150, "final_distance_cost": 70.5174067675038, "oscillation_cost": 30.120694756552147, "completition_cost": 1000.0, "overshoot_cost": 107.87835784125075, "power_cost": 24.32149870605469, "noise_cost": 23.317195971078736, "n_waypoints_completed": 0, "tot_waypoints": 9}}
{"target": -1910.4833031608669, "params": {"k_pid_pos": [9.999999747378752e-05, 1.0, 0.07099378108978271], "k_pid_alt": [2.0, 0.8979787230491638, 0.001909703016281128], "k_pid_att": [98.89082336425781, 9.999999747378752e-05, 0.06278443336486816], "k_pid_yaw": [0.5, 1e-06, 0.1], "k_pid_hsp": [9.999999747378752e-05, 0.0, 0.0], "k_pid_vsp": [0.0, 387.0820617675781, 399.2688293457031]}, "datetime": {"datetime": "2025-08-20 22:44:46", "elapsed": 39140.58658003807, "delta": 24.61591386795044}, "costs": {"total_cost": 1910.4833031608669, "time_cost": 150, "final_distance_cost": 332.7489166807461, "oscillation_cost": 30.92798093415944, "completition_cost": 1000.0, "overshoot_cost": 372.1368080211827, "power_cost": 11.431867248535157, "noise_cost": 13.2377302762433, "n_waypoints_completed": 0, "tot_waypoints": 9}}
{"target": -2943.2507530477133, "params": {"k_pid_pos": [9.999999747378752e-05, 1.0, 0.0], "k_pid_alt": [1.8040345907211304, 1.0, 0.0], "k_pid_att": [95.13983917236328, 0.09227974712848663, 0.0647108256816864], "k_pid_yaw": [0.5, 1e-06, 0.1], "k_pid_hsp": [9.999999747378752e-05, 0.038198232650756836, 0.07629555463790894], "k_pid_vsp": [2.2543907165527344, 386.64312744140625, 369.63531494140625]}, "datetime": {"datetime": "2025-08-20 22:45:09", "elapsed": 39163.91996049881, "delta": 23.333380460739136}, "costs": {"total_cost": 2943.2507530477133, "time_cost": 150, "final_distance_cost": 550.6639460147634, "oscillation_cost": 309.3370818667158, "completition_cost": 1000.0, "overshoot_cost": 893.8359143110492, "power_cost": 21.878075109863282, "noise_cost": 17.53573574532192, "n_waypoints_completed": 0, "tot_waypoints": 9}}
{"target": -1970.8959436833322, "params": {"k_pid_pos": [0.16471241414546967, 1.0, 0.0], "k_pid_alt": [1.8251497745513916, 1.0, 0.0], "k_pid_att": [100.0, 0.4681193232536316, 0.0], "k_pid_yaw": [0.5, 1e-06, 0.1], "k_pid_hsp": [9.999999747378752e-05, 0.0, 0.0], "k_pid_vsp": [1.033031940460205, 384.99871826171875, 400.0]}, "datetime": {"datetime": "2025-08-20 22:45:31", "elapsed": 39185.706953287125, "delta": 21.78699278831482}, "costs": {"total_cost": 1970.8959436833322, "time_cost": 150, "final_distance_cost": 341.52679146067203, "oscillation_cost": 25.35470047471306, "completition_cost": 1000.0, "overshoot_cost": 388.229462966466, "power_cost": 37.85523188476563, "noise_cost": 27.929756896715748, "n_waypoints_completed": 0, "tot_waypoints": 9}}
{"target": -1467.1392067017398, "params": {"k_pid_pos": [0.037704240530729294, 1.0, 0.0], "k_pid_alt": [2.0, 1.0, 0.0], "k_pid_att": [100.0, 9.999999747378752e-05, 0.0], "k_pid_yaw": [0.5, 1e-06, 0.1], "k_pid_hsp": [0.7425733208656311, 0.0, 0.0054763853549957275], "k_pid_vsp": [0.0, 400.0, 400.0]}, "datetime": {"datetime": "2025-08-20 22:45:56", "elapsed": 39211.25638413429, "delta": 25.54943084716797}, "costs": {"total_cost": 1467.1392067017398, "time_cost": 150, "final_distance_cost": 12.734479259522564, "oscillation_cost": 77.73762631314983, "completition_cost": 1000.0, "overshoot_cost": 140.01754945588567, "power_cost": 20.38671171875, "noise_cost": 66.26283995443168, "n_waypoints_completed": 0, "tot_waypoints": 9}}
{"target": -1452.0601315617464, "params": {"k_pid_pos": [9.999999747378752e-05, 1.0, 0.0], "k_pid_alt": [2.0, 0.9836552143096924, 0.0], "k_pid_att": [93.96613311767578, 0.14227621257305145, 0.0], "k_pid_yaw": [0.5, 1e-06, 0.1], "k_pid_hsp": [9.999999747378752e-05, 0.037271469831466675, 0.0], "k_pid_vsp": [18.11336326599121, 400.0, 381.9519958496094]}, "datetime": {"datetime": "2025-08-20 22:46:20", "elapsed": 39235.42506861687, "delta": 24.168684482574463}, "costs": {"total_cost": 1452.0601315617464, "time_cost": 150, "final_distance_cost": 38.9037007516579, "oscillation_cost": 31.695783855305617, "completition_cost": 1000.0, "overshoot_cost": 157.07505273098784, "power_cost": 19.398280346679687, "noise_cost": 54.98731387711549, "n_waypoints_completed": 0, "tot_waypoints": 9}}
{"target": -1975.7329339109604, "params": {"k_pid_pos": [0.1281764656305313, 0.9177088737487793, 0.014005959033966064], "k_pid_alt": [1.9351426362991333, 1.0, 0.0], "k_pid_att": [99.13707733154297, 9.999999747378752e-05, 0.0], "k_pid_yaw": [0.5, 1e-06, 0.1], "k_pid_hsp": [9.999999747378752e-05, 0.0, 0.0], "k_pid_vsp": [14.78778076171875, 400.0, 400.0]}, "datetime": {"datetime": "2025-08-20 22:46:44", "elapsed": 39258.746873378754, "delta": 23.321804761886597}, "costs": {"total_cost": 1975.7329339109604, "time_cost": 150, "final_distance_cost": 343.1837148803156, "oscillation_cost": 25.244337558336433, "completition_cost": 1000.0, "overshoot_cost": 391.7581466204894, "power_cost": 37.86661776123047, "noise_cost": 27.680117090588553, "n_waypoints_completed": 0, "tot_waypoints": 9}}
{"target": -1509.5621872030945, "params": {"k_pid_pos": [0.008703857660293579, 1.0, 0.04048579931259155], "k_pid_alt": [2.0, 1.0, 0.0], "k_pid_att": [100.0, 9.999999747378752e-05, 0.0], "k_pid_yaw": [0.5, 1e-06, 0.1], "k_pid_hsp": [0.38438844680786133, 0.03321200609207153, 0.0], "k_pid_vsp": [0.0, 400.0, 383.1166076660156]}, "datetime": {"datetime": "2025-08-20 22:47:06", "elapsed": 39280.596266031265, "delta": 21.849392652511597}, "costs": {"total_cost": 1509.5621872030945, "time_cost": 150, "final_distance_cost": 12.569100676471514, "oscillation_cost": 59.88457749394863, "completition_cost": 1000.0, "overshoot_cost": 139.85647157123262, "power_cost": 38.08206003417969, "noise_cost": 109.16997742726222, "n_waypoints_completed": 0, "tot_waypoints": 9}}
{"target": -1468.349343141923, "params": {"k_pid_pos": [9.999999747378752e-05, 1.0, 0.059288084506988525], "k_pid_alt": [1.9909756183624268, 0.9263917207717896, 0.0], "k_pid_att": [100.0, 0.020813897252082825, 0.013602346181869507], "k_pid_yaw": [0.5, 1e-06, 0.1], "k_pid_hsp": [0.490705668926239, 0.0, 0.0], "k_pid_vsp": [49.402320861816406, 376.21527099609375, 384.93133544921875]}, "datetime": {"datetime": "2025-08-20 22:47:31", "elapsed": 39305.69809675217, "delta": 25.10183072090149}, "costs": {"total_cost": 1468.349343141923, "time_cost": 150, "final_distance_cost": 12.33708265203415, "oscillation_cost": 63.45233064000364, "completition_cost": 1000.0, "overshoot_cost": 139.65222980027968, "power_cost": 25.143307177734375, "noise_cost": 77.76439287187124, "n_waypoints_completed": 0, "tot_waypoints": 9}}
{"target": -1397.999933538795, "params": {"k_pid_pos": [9.999999747378752e-05, 0.9974677562713623, 0.0], "k_pid_alt": [1.8395988941192627, 1.0, 0.017894327640533447], "k_pid_att": [100.0, 0.3461131155490875, 0.0], "k_pid_yaw": [0.5, 1e-06, 0.1], "k_pid_hsp": [0.19196513295173645, 0.0, 0.0], "k_pid_vsp": [15.992700576782227, 385.7540283203125, 393.87518310546875]}, "datetime": {"datetime": "2025-08-20 22:47:53", "elapsed": 39328.284833192825, "delta": 22.58673644065857}, "costs": {"total_cost": 1397.999933538795, "time_cost": 150, "final_distance_cost": 17.462300123966394, "oscillation_cost": 58.7091867316031, "completition_cost": 1000.0, "overshoot_cost": 140.5137740465409, "power_cost": 4.148346240234376, "noise_cost": 27.166326396450074, "n_waypoints_completed": 0, "tot_waypoints": 9}}
{"target": -1966.3133133115907, "params": {"k_pid_pos": [0.11552523821592331, 1.0, 0.062270283699035645], "k_pid_alt": [1.8927762508392334, 0.9865683913230896, 0.013526052236557007], "k_pid_att": [100.0, 9.999999747378752e-05, 0.0], "k_pid_yaw": [0.5, 1e-06, 0.1], "k_pid_hsp": [9.999999747378752e-05, 0.0, 0.0], "k_pid_vsp": [29.6346435546875, 400.0, 374.096923828125]}, "datetime": {"datetime": "2025-08-20 22:48:18", "elapsed": 39353.330149650574, "delta": 25.045316457748413}, "costs": {"total_cost": 1966.3133133115907, "time_cost": 150, "final_distance_cost": 340.0767770456606, "oscillation_cost": 25.257706148136904, "completition_cost": 1000.0, "overshoot_cost": 385.1742910692236, "power_cost": 37.84846088867188, "noise_cost": 27.956078159897533, "n_waypoints_completed": 0, "tot_waypoints": 9}}
{"target": -1506.2625015098229, "params": {"k_pid_pos": [0.15024982392787933, 0.9533634781837463, 0.0], "k_pid_alt": [2.0, 0.9713183641433716, 0.0], "k_pid_att": [89.92731475830078, 9.999999747378752e-05, 0.0], "k_pid_yaw": [0.5, 1e-06, 0.1], "k_pid_hsp": [0.30160409212112427, 0.07886213064193726, 0.0], "k_pid_vsp": [1.4047980308532715, 400.0, 398.7754821777344]}, "datetime": {"datetime": "2025-08-20 22:48:41", "elapsed": 39375.91238570213, "delta": 22.58223605155945}, "costs": {"total_cost": 1506.2625015098229, "time_cost": 150, "final_distance_cost": 14.209584689491251, "oscillation_cost": 59.045395842230896, "completition_cost": 1000.0, "overshoot_cost": 139.80896221097004, "power_cost": 37.02669464111328, "noise_cost": 106.17186412601755, "n_waypoints_completed": 0, "tot_waypoints": 9}}
{"target": -1498.1526596852027, "params": {"k_pid_pos": [9.999999747378752e-05, 1.0, 0.0288068950176239], "k_pid_alt": [2.0, 0.9946432113647461, 0.0], "k_pid_att": [99.60958099365234, 9.999999747378752e-05, 0.0], "k_pid_yaw": [0.5, 1e-06, 0.1], "k_pid_hsp": [0.21938270330429077, 0.0017296075820922852, 0.057096511125564575], "k_pid_vsp": [0.0, 400.0, 400.0]}, "datetime": {"datetime": "2025-08-20 22:49:03", "elapsed": 39398.30113005638, "delta": 22.388744354248047}, "costs": {"total_cost": 1498.1526596852027, "time_cost": 150, "final_distance_cost": 23.51166514531594, "oscillation_cost": 156.65919940623684, "completition_cost": 1000.0, "overshoot_cost": 118.62386157883411, "power_cost": 24.968775439453125, "noise_cost": 24.389158115362765, "n_waypoints_completed": 0, "tot_waypoints": 9}}
{"target": -1499.6751182936164, "params": {"k_pid_pos": [9.999999747378752e-05, 0.9320835471153259, 0.0068108439445495605], "k_pid_alt": [2.0, 0.973656415939331, 0.03812360763549805], "k_pid_att": [93.90575408935547, 9.999999747378752e-05, 0.0], "k_pid_yaw": [0.5, 1e-06, 0.1], "k_pid_hsp": [1.1588983535766602, 0.0, 0.04867827892303467], "k_pid_vsp": [4.101169109344482, 373.9608459472656, 392.2633972167969]}, "datetime": {"datetime": "2025-08-20 22:49:30", "elapsed": 39424.85765314102, "delta": 26.556523084640503}, "costs": {"total_cost": 1499.6751182936164, "time_cost": 150, "final_distance_cost": 26.04125912161811, "oscillation_cost": 110.75498804836985, "completition_cost": 1000.0, "overshoot_cost": 138.7150528056608, "power_cost": 20.841270141601562, "noise_cost": 53.32254817636585, "n_waypoints_completed": 0, "tot_waypoints": 9}}
