{"target": -1449.956235363737, "params": {"k_pid_pos": [0.05993685498833656, 1.0, 0.0], "k_pid_alt": [1.9383108615875244, 1.0, 0.03809630870819092], "k_pid_att": [93.39948272705078, 0.3628487288951874, 0.0], "k_pid_yaw": [0.5, 1e-06, 0.1], "k_pid_hsp": [0.34179389476776123, 0.0, 0.0031414031982421875], "k_pid_vsp": [19.487285614013672, 390.8698425292969, 363.0343933105469]}, "datetime": {"datetime": "2025-08-20 21:57:32", "elapsed": 36307.3990316391, "delta": 24.335365295410156}, "costs": {"total_cost": 1449.956235363737, "time_cost": 150, "final_distance_cost": 3.476342380247063, "oscillation_cost": 72.61467940365135, "completition_cost": 1000.0, "overshoot_cost": 141.1852120519226, "power_cost": 19.22106925048828, "noise_cost": 63.45893227742772, "n_waypoints_completed": 0, "tot_waypoints": 9}}
{"target": -1977.1331775744006, "params": {"k_pid_pos": [9.999999747378752e-05, 1.0, 0.058523982763290405], "k_pid_alt": [1.9833282232284546, 1.0, 0.043313056230545044], "k_pid_att": [100.0, 9.999999747378752e-05, 0.0], "k_pid_yaw": [0.5, 1e-06, 0.1], "k_pid_hsp": [9.999999747378752e-05, 0.0, 0.0], "k_pid_vsp": [0.0, 393.98297119140625, 388.685546875]}, "datetime": {"datetime": "2025-08-20 21:57:55", "elapsed": 36329.77175498009, "delta": 22.37272334098816}, "costs": {"total_cost": 1977.1331775744006, "time_cost": 150, "final_distance_cost": 343.6876588360169, "oscillation_cost": 25.38610382481102, "completition_cost": 1000.0, "overshoot_cost": 392.57022888148146, "power_cost": 37.872773059082036, "noise_cost": 27.61641297300928, "n_waypoints_completed": 0, "tot_waypoints": 9}}
{"target": -4782.948263138629, "params": {"k_pid_pos": [9.999999747378752e-05, 0.8707659244537354, 0.0019147694110870361], "k_pid_alt": [1.9629695415496826, 1.0, 0.0], "k_pid_att": [100.0, 0.6256415247917175, 0.036538898944854736], "k_pid_yaw": [0.5, 1e-06, 0.1], "k_pid_hsp": [9.999999747378752e-05, 0.0, 0.044285863637924194], "k_pid_vsp": [0.0, 392.5185241699219, 395.2203369140625]}, "datetime": {"datetime": "2025-08-20 21:58:18", "elapsed": 36353.16708111763, "delta": 23.395326137542725}, "costs": {"total_cost": 4782.948263138629, "time_cost": 150, "final_distance_cost": 1332.2534286137663, "oscillation_cost": 147.05620118155417, "completition_cost": 888.8888888888888, "overshoot_cost": 2234.2093058444652, "power_cost": 15.893389880371094, "noise_cost": 14.64704872958364, "n_waypoints_completed": 1, "tot_waypoints": 9}}
{"target": -2263.329641355332, "params": {"k_pid_pos": [0.1929977536201477, 1.0, 0.0], "k_pid_alt": [2.0, 1.0, 0.0], "k_pid_att": [97.17622375488281, 0.6217374801635742, 0.0], "k_pid_yaw": [0.5, 1e-06, 0.1], "k_pid_hsp": [9.999999747378752e-05, 0.06142666935920715, 0.05615341663360596], "k_pid_vsp": [25.337337493896484, 397.19561767578125, 377.5948486328125]}, "datetime": {"datetime": "2025-08-20 21:58:42", "elapsed": 36376.58977341652, "delta": 23.42269229888916}, "costs": {"total_cost": 2263.329641355332, "time_cost": 150, "final_distance_cost": 319.0528858245098, "oscillation_cost": 231.93637978990617, "completition_cost": 1000.0, "overshoot_cost": 523.6524581240362, "power_cost": 21.25266734619141, "noise_cost": 17.43525027068858, "n_waypoints_completed": 0, "tot_waypoints": 9}}
{"target": -1910.2661393284336, "params": {"k_pid_pos": [0.03171892464160919, 0.9507588744163513, 0.0], "k_pid_alt": [1.8649661540985107, 0.9809153079986572, 0.0], "k_pid_att": [100.0, 9.999999747378752e-05, 0.11615216732025146], "k_pid_yaw": [0.5, 1e-06, 0.1], "k_pid_hsp": [9.999999747378752e-05, 0.0, 0.0], "k_pid_vsp": [0.0, 400.0, 400.0]}, "datetime": {"datetime": "2025-08-20 21:59:05", "elapsed": 36399.75125551224, "delta": 23.161482095718384}, "costs": {"total_cost": 1910.2661393284336, "time_cost": 150, "final_distance_cost": 331.4865837525761, "oscillation_cost": 30.939846019651473, "completition_cost": 1000.0, "overshoot_cost": 372.1956337975211, "power_cost": 11.78724052734375, "noise_cost": 13.85683523134118, "n_waypoints_completed": 0, "tot_waypoints": 9}}
{"target": -1954.5680206840598, "params": {"k_pid_pos": [0.12438729405403137, 1.0, 0.0], "k_pid_alt": [1.8079462051391602, 0.9787849187850952, 0.0775003433227539], "k_pid_att": [100.0, 0.1562184989452362, 0.0], "k_pid_yaw": [0.5, 1e-06, 0.1], "k_pid_hsp": [9.999999747378752e-05, 0.005304008722305298, 0.0], "k_pid_vsp": [0.0, 386.17645263671875, 391.9134826660156]}, "datetime": {"datetime": "2025-08-20 21:59:28", "elapsed": 36423.0935280323, "delta": 23.342272520065308}, "costs": {"total_cost": 1954.5680206840598, "time_cost": 150, "final_distance_cost": 331.7688149304419, "oscillation_cost": 25.57724966299124, "completition_cost": 1000.0, "overshoot_cost": 381.88477935407354, "power_cost": 37.875309985351564, "noise_cost": 27.461866751201516, "n_waypoints_completed": 0, "tot_waypoints": 9}}
{"target": -2002.058270636951, "params": {"k_pid_pos": [0.07029777020215988, 1.0, 0.0011406540870666504], "k_pid_alt": [1.876144289970398, 1.0, 0.0], "k_pid_att": [100.0, 9.999999747378752e-05, 0.08097648620605469], "k_pid_yaw": [0.5, 1e-06, 0.1], "k_pid_hsp": [9.999999747378752e-05, 0.0, 0.026100069284439087], "k_pid_vsp": [0.0, 394.03741455078125, 392.0164489746094]}, "datetime": {"datetime": "2025-08-20 21:59:51", "elapsed": 36445.988627672195, "delta": 22.895099639892578}, "costs": {"total_cost": 2002.058270636951, "time_cost": 150, "final_distance_cost": 402.1820406844156, "oscillation_cost": 68.6385343426309, "completition_cost": 888.8888888888888, "overshoot_cost": 471.6079708629039, "power_cost": 9.7624568359375, "noise_cost": 10.97837902217399, "n_waypoints_completed": 1, "tot_waypoints": 9}}
{"target": -1963.0332401870098, "params": {"k_pid_pos": [0.10665114969015121, 0.9528619050979614, 0.018660277128219604], "k_pid_alt": [2.0, 1.0, 0.08985444903373718], "k_pid_att": [100.0, 0.019686784595251083, 0.03470531105995178], "k_pid_yaw": [0.5, 1e-06, 0.1], "k_pid_hsp": [9.999999747378752e-05, 0.0, 0.0], "k_pid_vsp": [0.0, 400.0, 400.0]}, "datetime": {"datetime": "2025-08-20 22:00:15", "elapsed": 36469.64127230644, "delta": 23.652644634246826}, "costs": {"total_cost": 1963.0332401870098, "time_cost": 150, "final_distance_cost": 338.75719209081916, "oscillation_cost": 25.217137462003084, "completition_cost": 1000.0, "overshoot_cost": 383.43971147086, "power_cost": 37.87896871337891, "noise_cost": 27.7402304499485, "n_waypoints_completed": 0, "tot_waypoints": 9}}
{"target": -3173.6930039731237, "params": {"k_pid_pos": [0.026650097221136093, 1.0, 0.043545812368392944], "k_pid_alt": [2.0, 0.9640271067619324, 0.04167330265045166], "k_pid_att": [97.99897766113281, 9.999999747378752e-05, 0.0009616315364837646], "k_pid_yaw": [0.5, 1e-06, 0.1], "k_pid_hsp": [9.999999747378752e-05, 0.0, 0.038785696029663086], "k_pid_vsp": [43.50322341918945, 400.0, 400.0]}, "datetime": {"datetime": "2025-08-20 22:00:36", "elapsed": 36490.9829249382, "delta": 21.341652631759644}, "costs": {"total_cost": 3173.6930039731237, "time_cost": 150, "final_distance_cost": 742.0560492247661, "oscillation_cost": 79.47615537297247, "completition_cost": 888.8888888888888, "overshoot_cost": 1275.4112944445271, "power_cost": 20.69940047607422, "noise_cost": 17.161215565894935, "n_waypoints_completed": 1, "tot_waypoints": 9}}
{"target": -1981.482309088605, "params": {"k_pid_pos": [9.999999747378752e-05, 0.9379280805587769, 0.0], "k_pid_alt": [1.93999445438385, 0.9741597175598145, 0.0], "k_pid_att": [100.0, 9.999999747378752e-05, 0.0], "k_pid_yaw": [0.5, 1e-06, 0.1], "k_pid_hsp": [9.999999747378752e-05, 0.0032789409160614014, 0.0], "k_pid_vsp": [0.0, 392.02642822265625, 392.74615478515625]}, "datetime": {"datetime": "2025-08-20 22:01:00", "elapsed": 36515.14256691933, "delta": 24.159641981124878}, "costs": {"total_cost": 1981.482309088605, "time_cost": 150, "final_distance_cost": 342.87418775071893, "oscillation_cost": 25.39766175691019, "completition_cost": 1000.0, "overshoot_cost": 397.72554876839973, "power_cost": 37.960708166503906, "noise_cost": 27.524202646072105, "n_waypoints_completed": 0, "tot_waypoints": 9}}
{"target": -3178.4799306177324, "params": {"k_pid_pos": [9.999999747378752e-05, 0.9449315071105957, 0.0094241201877594], "k_pid_alt": [2.0, 1.0, 0.10669600963592529], "k_pid_att": [99.37349700927734, 9.999999747378752e-05, 0.0006170868873596191], "k_pid_yaw": [0.5, 1e-06, 0.1], "k_pid_hsp": [9.999999747378752e-05, 0.025433212518692017, 0.029354870319366455], "k_pid_vsp": [0.0, 400.0, 391.1534423828125]}, "datetime": {"datetime": "2025-08-20 22:01:24", "elapsed": 36538.61995601654, "delta": 23.477389097213745}, "costs": {"total_cost": 3178.4799306177324, "time_cost": 150, "final_distance_cost": 764.929170261666, "oscillation_cost": 88.7267933806491, "completition_cost": 1000.0, "overshoot_cost": 1127.2886243937792, "power_cost": 27.175384692382814, "noise_cost": 20.359957889255025, "n_waypoints_completed": 0, "tot_waypoints": 9}}
{"target": -1454.4823837908284, "params": {"k_pid_pos": [9.999999747378752e-05, 1.0, 0.0], "k_pid_alt": [2.0, 0.9384998679161072, 0.0], "k_pid_att": [98.58991241455078, 9.999999747378752e-05, 0.021016985177993774], "k_pid_yaw": [0.5, 1e-06, 0.1], "k_pid_hsp": [0.0972006544470787, 0.038321346044540405, 0.06611132621765137], "k_pid_vsp": [0.10267496109008789, 358.4335021972656, 400.0]}, "datetime": {"datetime": "2025-08-20 22:01:47", "elapsed": 36561.72004842758, "delta": 23.10009241104126}, "costs": {"total_cost": 1454.4823837908284, "time_cost": 150, "final_distance_cost": 40.27968521509399, "oscillation_cost": 155.16323419434445, "completition_cost": 1000.0, "overshoot_cost": 67.36060361953449, "power_cost": 23.486552197265627, "noise_cost": 18.19230856458997, "n_waypoints_completed": 0, "tot_waypoints": 9}}
{"target": -1535.8864878501556, "params": {"k_pid_pos": [0.052883829921483994, 1.0, 0.038108885288238525], "k_pid_alt": [2.0, 0.9804905652999878, 0.0], "k_pid_att": [100.0, 9.999999747378752e-05, 0.011328041553497314], "k_pid_yaw": [0.5, 1e-06, 0.1], "k_pid_hsp": [9.999999747378752e-05, 0.023463785648345947, 0.0], "k_pid_vsp": [15.735876083374023, 394.3497314453125, 400.0]}, "datetime": {"datetime": "2025-08-20 22:02:09", "elapsed": 36584.37220668793, "delta": 22.65215826034546}, "costs": {"total_cost": 1535.8864878501556, "time_cost": 150, "final_distance_cost": 143.0966011566736, "oscillation_cost": 27.26388931254944, "completition_cost": 1000.0, "overshoot_cost": 149.3867502352978, "power_cost": 37.78457315673828, "noise_cost": 28.35467398889634, "n_waypoints_completed": 0, "tot_waypoints": 9}}
{"target": -1453.4862605347193, "params": {"k_pid_pos": [0.09707524627447128, 0.9866393804550171, 0.09216183423995972], "k_pid_alt": [2.0, 1.0, 0.00970795750617981], "k_pid_att": [99.13499450683594, 9.999999747378752e-05, 0.01724827289581299], "k_pid_yaw": [0.5, 1e-06, 0.1], "k_pid_hsp": [0.502438485622406, 0.0, 0.0], "k_pid_vsp": [0.0, 400.0, 400.0]}, "datetime": {"datetime": "2025-08-20 22:02:34", "elapsed": 36609.4521484375, "delta": 25.079941749572754}, "costs": {"total_cost": 1453.4862605347193, "time_cost": 150, "final_distance_cost": 14.16667458004071, "oscillation_cost": 65.649423703279, "completition_cost": 1000.0, "overshoot_cost": 138.91737989302226, "power_cost": 19.878074841308596, "noise_cost": 64.87470751706871, "n_waypoints_completed": 0, "tot_waypoints": 9}}
{"target": -3753.0712282113236, "params": {"k_pid_pos": [9.999999747378752e-05, 0.9661413431167603, 0.0], "k_pid_alt": [2.0, 0.9096075296401978, 0.0], "k_pid_att": [100.0, 9.999999747378752e-05, 0.0], "k_pid_yaw": [0.5, 1e-06, 0.1], "k_pid_hsp": [0.00016228621825575829, 0.0, 0.031110018491744995], "k_pid_vsp": [0.0, 400.0, 380.4157409667969]}, "datetime": {"datetime": "2025-08-20 22:02:58", "elapsed": 36633.39642524719, "delta": 23.944276809692383}, "costs": {"total_cost": 3753.0712282113236, "time_cost": 150, "final_distance_cost": 981.9781853724767, "oscillation_cost": 83.14449522483588, "completition_cost": 1000.0, "overshoot_cost": 1518.459161634407, "power_cost": 9.040364331054688, "noise_cost": 10.449021648549298, "n_waypoints_completed": 0, "tot_waypoints": 9}}
{"target": -1445.4928583877854, "params": {"k_pid_pos": [0.09008713066577911, 0.8773348927497864, 0.0], "k_pid_alt": [1.947424054145813, 1.0, 0.003939628601074219], "k_pid_att": [100.0, 0.30346015095710754, 0.026812881231307983], "k_pid_yaw": [0.5, 1e-06, 0.1], "k_pid_hsp": [0.3075495958328247, 0.0, 0.0], "k_pid_vsp": [0.0, 369.67254638671875, 353.65509033203125]}, "datetime": {"datetime": "2025-08-20 22:03:21", "elapsed": 36656.36060500145, "delta": 22.964179754257202}, "costs": {"total_cost": 1445.4928583877854, "time_cost": 150, "final_distance_cost": 11.061441714668003, "oscillation_cost": 61.876335708469945, "completition_cost": 1000.0, "overshoot_cost": 139.0986821165846, "power_cost": 19.40067528076172, "noise_cost": 64.05572356730124, "n_waypoints_completed": 0, "tot_waypoints": 9}}
{"target": -1984.4027005370679, "params": {"k_pid_pos": [0.01651441678404808, 1.0, 0.0], "k_pid_alt": [1.9841575622558594, 1.0, 0.005396664142608643], "k_pid_att": [88.8095703125, 9.999999747378752e-05, 0.0], "k_pid_yaw": [0.5, 1e-06, 0.1], "k_pid_hsp": [9.999999747378752e-05, 0.0, 0.007358968257904053], "k_pid_vsp": [0.0, 400.0, 400.0]}, "datetime": {"datetime": "2025-08-20 22:03:45", "elapsed": 36679.840570926666, "delta": 23.479965925216675}, "costs": {"total_cost": 1984.4027005370679, "time_cost": 150, "final_distance_cost": 345.6529418921918, "oscillation_cost": 24.976777200960935, "completition_cost": 1000.0, "overshoot_cost": 398.88768644510486, "power_cost": 37.923052490234376, "noise_cost": 26.96224250857595, "n_waypoints_completed": 0, "tot_waypoints": 9}}
{"target": -1493.4351847019082, "params": {"k_pid_pos": [0.04755121096968651, 1.0, 0.0], "k_pid_alt": [2.0, 1.0, 0.020509034395217896], "k_pid_att": [99.18083190917969, 9.999999747378752e-05, 0.038803279399871826], "k_pid_yaw": [0.5, 1e-06, 0.1], "k_pid_hsp": [0.8195626735687256, 0.0, 0.0], "k_pid_vsp": [0.0, 390.2027587890625, 400.0]}, "datetime": {"datetime": "2025-08-20 22:04:09", "elapsed": 36703.5197968483, "delta": 23.67922592163086}, "costs": {"total_cost": 1493.4351847019082, "time_cost": 150, "final_distance_cost": 8.327505590434644, "oscillation_cost": 62.46611926986577, "completition_cost": 1000.0, "overshoot_cost": 139.52141426784968, "power_cost": 33.99298392333984, "noise_cost": 99.12716165041829, "n_waypoints_completed": 0, "tot_waypoints": 9}}
{"target": -1507.6299139625246, "params": {"k_pid_pos": [0.09599794447422028, 0.936996579170227, 0.0], "k_pid_alt": [2.0, 0.9222012162208557, 0.04586315155029297], "k_pid_att": [100.0, 0.5054138898849487, 0.0], "k_pid_yaw": [0.5, 1e-06, 0.1], "k_pid_hsp": [0.41051289439201355, 0.01837936043739319, 0.0], "k_pid_vsp": [0.031125545501708984, 400.0, 391.791015625]}, "datetime": {"datetime": "2025-08-20 22:04:32", "elapsed": 36726.67856526375, "delta": 23.15876841545105}, "costs": {"total_cost": 1507.6299139625246, "time_cost": 150, "final_distance_cost": 13.909278555657384, "oscillation_cost": 60.56952263696974, "completition_cost": 1000.0, "overshoot_cost": 139.26371752100857, "power_cost": 37.12178956298828, "noise_cost": 106.76560568590067, "n_waypoints_completed": 0, "tot_waypoints": 9}}
{"target": -1529.0409613380634, "params": {"k_pid_pos": [0.01118334662169218, 1.0, 0.04434162378311157], "k_pid_alt": [2.0, 0.9683797359466553, 0.0462699830532074], "k_pid_att": [96.14978790283203, 9.999999747378752e-05, 0.0], "k_pid_yaw": [0.5, 1e-06, 0.1], "k_pid_hsp": [0.34846121072769165, 0.0, 0.0735003650188446], "k_pid_vsp": [0.0, 398.51678466796875, 388.9722900390625]}, "datetime": {"datetime": "2025-08-20 22:04:56", "elapsed": 36751.40086340904, "delta": 24.72229814529419}, "costs": {"total_cost": 1529.0409613380634, "time_cost": 150, "final_distance_cost": 14.302855549110863, "oscillation_cost": 175.54149822985406, "completition_cost": 1000.0, "overshoot_cost": 129.12632617723176, "power_cost": 24.86100848388672, "noise_cost": 35.209272897980014, "n_waypoints_completed": 0, "tot_waypoints": 9}}
{"target": -3568.1418348015773, "params": {"k_pid_pos": [9.999999747378752e-05, 1.0, 0.0], "k_pid_alt": [2.0, 1.0, 0.06281116604804993], "k_pid_att": [96.54270935058594, 9.999999747378752e-05, 0.021974533796310425], "k_pid_yaw": [0.5, 1e-06, 0.1], "k_pid_hsp": [9.999999747378752e-05, 0.0, 0.039728522300720215], "k_pid_vsp": [23.57843017578125, 384.8294677734375, 400.0]}, "datetime": {"datetime": "2025-08-20 22:05:21", "elapsed": 36776.269144535065, "delta": 24.86828112602234}, "costs": {"total_cost": 3568.1418348015773, "time_cost": 150, "final_distance_cost": 897.956267646889, "oscillation_cost": 86.86800319441674, "completition_cost": 888.8888888888888, "overshoot_cost": 1505.3770824649998, "power_cost": 21.344548071289065, "noise_cost": 17.70704453509406, "n_waypoints_completed": 1, "tot_waypoints": 9}}
{"target": -1520.449156428088, "params": {"k_pid_pos": [9.999999747378752e-05, 1.0, 0.0], "k_pid_alt": [1.88655424118042, 1.0, 0.04580444097518921], "k_pid_att": [100.0, 0.15728868544101715, 0.022474586963653564], "k_pid_yaw": [0.5, 1e-06, 0.1], "k_pid_hsp": [0.4096921384334564, 0.0, 0.08626812696456909], "k_pid_vsp": [0.0, 400.0, 381.2582702636719]}, "datetime": {"datetime": "2025-08-20 22:05:44", "elapsed": 36799.091901779175, "delta": 22.822757244110107}, "costs": {"total_cost": 1520.449156428088, "time_cost": 150, "final_distance_cost": 4.609133403699115, "oscillation_cost": 178.3670559597025, "completition_cost": 1000.0, "overshoot_cost": 122.83861577878879, "power_cost": 29.872060498046878, "noise_cost": 34.762290787850645, "n_waypoints_completed": 0, "tot_waypoints": 9}}
{"target": -1973.1905123384613, "params": {"k_pid_pos": [9.999999747378752e-05, 1.0, 0.0], "k_pid_alt": [1.9892926216125488, 0.9838069677352905, 0.0], "k_pid_att": [100.0, 0.21087093651294708, 0.0], "k_pid_yaw": [0.5, 1e-06, 0.1], "k_pid_hsp": [9.999999747378752e-05, 0.0, 0.0], "k_pid_vsp": [0.0, 400.0, 362.9670104980469]}, "datetime": {"datetime": "2025-08-20 22:06:09", "elapsed": 36824.335440158844, "delta": 25.24353837966919}, "costs": {"total_cost": 1973.1905123384613, "time_cost": 150, "final_distance_cost": 342.3798171057928, "oscillation_cost": 25.250318498367918, "completition_cost": 1000.0, "overshoot_cost": 389.81253167655166, "power_cost": 37.85679865722656, "noise_cost": 27.891046400522093, "n_waypoints_completed": 0, "tot_waypoints": 9}}
{"target": -2581.165466165715, "params": {"k_pid_pos": [9.999999747378752e-05, 0.8876341581344604, 0.02089601755142212], "k_pid_alt": [1.9559544324874878, 1.0, 0.06676197052001953], "k_pid_att": [100.0, 0.3506909906864166, 0.0], "k_pid_yaw": [0.5, 1e-06, 0.1], "k_pid_hsp": [9.999999747378752e-05, 0.06273132562637329, 0.0654819905757904], "k_pid_vsp": [0.0, 400.0, 400.0]}, "datetime": {"datetime": "2025-08-20 22:06:32", "elapsed": 36847.415657520294, "delta": 23.080217361450195}, "costs": {"total_cost": 2581.165466165715, "time_cost": 150, "final_distance_cost": 482.2572276202637, "oscillation_cost": 171.8052150806859, "completition_cost": 1000.0, "overshoot_cost": 737.7594685135073, "power_cost": 21.890101586914064, "noise_cost": 17.45345336434361, "n_waypoints_completed": 0, "tot_waypoints": 9}}
{"target": -1466.5514562082153, "params": {"k_pid_pos": [0.06823871284723282, 0.9724286794662476, 0.052824944257736206], "k_pid_alt": [1.9450628757476807, 0.9682191610336304, 0.0], "k_pid_att": [100.0, 9.999999747378752e-05, 0.020219534635543823], "k_pid_yaw": [0.5, 1e-06, 0.1], "k_pid_hsp": [0.5968721508979797, 0.0, 0.0046995580196380615], "k_pid_vsp": [0.0, 400.0, 399.44805908203125]}, "datetime": {"datetime": "2025-08-20 22:06:54", "elapsed": 36868.7758333683, "delta": 21.360175848007202}, "costs": {"total_cost": 1466.5514562082153, "time_cost": 150, "final_distance_cost": 11.832485182543373, "oscillation_cost": 74.07393969707901, "completition_cost": 1000.0, "overshoot_cost": 139.66360053448028, "power_cost": 21.61966978759766, "noise_cost": 69.36176100651502, "n_waypoints_completed": 0, "tot_waypoints": 9}}
{"target": -1907.8032001941758, "params": {"k_pid_pos": [9.999999747378752e-05, 0.9307794570922852, 0.1069028377532959], "k_pid_alt": [2.0, 0.9107702374458313, 0.04336276650428772], "k_pid_att": [98.69132995605469, 9.999999747378752e-05, 0.0178508460521698], "k_pid_yaw": [0.5, 1e-06, 0.1], "k_pid_hsp": [9.999999747378752e-05, 0.0, 0.0], "k_pid_vsp": [0.0, 379.9429931640625, 400.0]}, "datetime": {"datetime": "2025-08-20 22:07:18", "elapsed": 36892.523012161255, "delta": 23.74717879295349}, "costs": {"total_cost": 1907.8032001941758, "time_cost": 150, "final_distance_cost": 331.9773497274088, "oscillation_cost": 30.776728973092254, "completition_cost": 1000.0, "overshoot_cost": 369.2703591793124, "power_cost": 11.675437744140625, "noise_cost": 14.103324570221753, "n_waypoints_completed": 0, "tot_waypoints": 9}}
{"target": -1887.2762186640555, "params": {"k_pid_pos": [9.999999747378752e-05, 1.0, 0.03737175464630127], "k_pid_alt": [1.9509823322296143, 0.9466171264648438, 0.017634093761444092], "k_pid_att": [92.818115234375, 9.999999747378752e-05, 0.0], "k_pid_yaw": [0.5, 1e-06, 0.1], "k_pid_hsp": [9.999999747378752e-05, 0.0, 0.01145222783088684], "k_pid_vsp": [17.54184913635254, 386.06982421875, 400.0]}, "datetime": {"datetime": "2025-08-20 22:07:41", "elapsed": 36915.82176113129, "delta": 23.29874897003174}, "costs": {"total_cost": 1887.2762186640555, "time_cost": 150, "final_distance_cost": 357.6866250050022, "oscillation_cost": 29.848615856046898, "completition_cost": 888.8888888888888, "overshoot_cost": 438.0843644972111, "power_cost": 10.827504553222656, "noise_cost": 11.940219863683696, "n_waypoints_completed": 1, "tot_waypoints": 9}}
