{"target": -1477.7681066551202, "params": {"k_pid_pos": [9.999999747378752e-05, 0.9998877048492432, 0.025244027376174927], "k_pid_alt": [1.9415050745010376, 0.9913800954818726, 0.03204140067100525], "k_pid_att": [94.05079650878906, 9.999999747378752e-05, 0.013579994440078735], "k_pid_yaw": [0.5, 1e-06, 0.1], "k_pid_hsp": [0.04628866910934448, 0.0, 0.0], "k_pid_vsp": [0.0, 400.0, 400.0]}, "datetime": {"datetime": "2025-08-21 02:20:46", "elapsed": 52100.907089948654, "delta": 22.198315382003784}, "costs": {"total_cost": 1477.7681066551202, "time_cost": 150, "final_distance_cost": 14.683976975610127, "oscillation_cost": 42.77273327115096, "completition_cost": 1000.0, "overshoot_cost": 140.64997303422587, "power_cost": 33.4641970703125, "noise_cost": 96.19722630382049, "n_waypoints_completed": 0, "tot_waypoints": 9}}
{"target": -3178.4916483946768, "params": {"k_pid_pos": [9.999999747378752e-05, 0.9695956707000732, 0.0], "k_pid_alt": [2.0, 0.935057520866394, 0.061329662799835205], "k_pid_att": [100.0, 9.999999747378752e-05, 0.0], "k_pid_yaw": [0.5, 1e-06, 0.1], "k_pid_hsp": [9.999999747378752e-05, 0.0, 0.07566428184509277], "k_pid_vsp": [0.0, 365.8358154296875, 400.0]}, "datetime": {"datetime": "2025-08-21 02:21:08", "elapsed": 52123.08364033699, "delta": 22.17655038833618}, "costs": {"total_cost": 3178.4916483946768, "time_cost": 150, "final_distance_cost": 651.5039572048622, "oscillation_cost": 315.33342634321394, "completition_cost": 1000.0, "overshoot_cost": 1021.7549141624189, "power_cost": 22.238517163085938, "noise_cost": 17.66083352109594, "n_waypoints_completed": 0, "tot_waypoints": 9}}
{"target": -1518.48695958459, "params": {"k_pid_pos": [9.999999747378752e-05, 1.0, 0.07693326473236084], "k_pid_alt": [1.8547756671905518, 1.0, 0.11734679341316223], "k_pid_att": [99.19322967529297, 0.2550443708896637, 0.06156289577484131], "k_pid_yaw": [0.5, 1e-06, 0.1], "k_pid_hsp": [0.5097318887710571, 0.0, 0.06918147206306458], "k_pid_vsp": [0.0, 400.0, 386.68798828125]}, "datetime": {"datetime": "2025-08-21 02:21:29", "elapsed": 52143.8458108902, "delta": 20.762170553207397}, "costs": {"total_cost": 1518.48695958459, "time_cost": 150, "final_distance_cost": 15.015109761515836, "oscillation_cost": 151.80261020158963, "completition_cost": 1000.0, "overshoot_cost": 132.00655598466466, "power_cost": 26.26744071044922, "noise_cost": 43.39524292637078, "n_waypoints_completed": 0, "tot_waypoints": 9}}
{"target": -1419.821865058865, "params": {"k_pid_pos": [9.999999747378752e-05, 0.9591466188430786, 0.012816429138183594], "k_pid_alt": [1.8636672496795654, 1.0, 0.02803891897201538], "k_pid_att": [92.77835845947266, 0.4817674458026886, 0.0777260959148407], "k_pid_yaw": [0.5, 1e-06, 0.1], "k_pid_hsp": [0.5249112844467163, 0.0, 0.0], "k_pid_vsp": [13.239192962646484, 400.0, 366.46099853515625]}, "datetime": {"datetime": "2025-08-21 02:21:51", "elapsed": 52165.98548913002, "delta": 22.139678239822388}, "costs": {"total_cost": 1419.821865058865, "time_cost": 150, "final_distance_cost": 12.565600048825779, "oscillation_cost": 64.28803506851054, "completition_cost": 1000.0, "overshoot_cost": 139.69699018958968, "power_cost": 10.73564013671875, "noise_cost": 42.53559961522, "n_waypoints_completed": 0, "tot_waypoints": 9}}
{"target": -1913.6236165896873, "params": {"k_pid_pos": [0.06970133632421494, 1.0, 0.0], "k_pid_alt": [2.0, 0.9358659982681274, 0.0], "k_pid_att": [100.0, 9.999999747378752e-05, 0.0], "k_pid_yaw": [0.5, 1e-06, 0.1], "k_pid_hsp": [9.999999747378752e-05, 0.006826668977737427, 0.0], "k_pid_vsp": [0.0, 372.55389404296875, 393.0983581542969]}, "datetime": {"datetime": "2025-08-21 02:22:12", "elapsed": 52186.83619713783, "delta": 20.8507080078125}, "costs": {"total_cost": 1913.6236165896873, "time_cost": 150, "final_distance_cost": 329.1277610541313, "oscillation_cost": 31.593386419119447, "completition_cost": 1000.0, "overshoot_cost": 378.7580715890137, "power_cost": 11.340077587890626, "noise_cost": 12.804319939532137, "n_waypoints_completed": 0, "tot_waypoints": 9}}
{"target": -1460.2488725310657, "params": {"k_pid_pos": [9.999999747378752e-05, 1.0, 0.0], "k_pid_alt": [2.0, 0.9615433216094971, 0.007477253675460815], "k_pid_att": [99.71568298339844, 9.999999747378752e-05, 0.0], "k_pid_yaw": [0.5, 1e-06, 0.1], "k_pid_hsp": [0.14108413457870483, 0.0, 0.0], "k_pid_vsp": [5.426931381225586, 398.8349914550781, 400.0]}, "datetime": {"datetime": "2025-08-21 02:22:34", "elapsed": 52208.78139066696, "delta": 21.94519352912903}, "costs": {"total_cost": 1460.2488725310657, "time_cost": 150, "final_distance_cost": 11.586562138453807, "oscillation_cost": 53.94168185163302, "completition_cost": 1000.0, "overshoot_cost": 140.6433383977423, "power_cost": 25.463821411132812, "noise_cost": 78.61346873210364, "n_waypoints_completed": 0, "tot_waypoints": 9}}
{"target": -1888.0421902111316, "params": {"k_pid_pos": [0.08113501965999603, 1.0, 0.029373377561569214], "k_pid_alt": [1.876908779144287, 0.9659383296966553, 0.0474889874458313], "k_pid_att": [100.0, 0.6451457738876343, 0.0], "k_pid_yaw": [0.5, 1e-06, 0.1], "k_pid_hsp": [0.040649231523275375, 0.01759040355682373, 0.04984408617019653], "k_pid_vsp": [0.0, 400.0, 400.0]}, "datetime": {"datetime": "2025-08-21 02:22:55", "elapsed": 52230.044367313385, "delta": 21.26297664642334}, "costs": {"total_cost": 1888.0421902111316, "time_cost": 150, "final_distance_cost": 238.45552774250058, "oscillation_cost": 120.97419110541215, "completition_cost": 1000.0, "overshoot_cost": 339.96391376900664, "power_cost": 21.50129658203125, "noise_cost": 17.14726101218098, "n_waypoints_completed": 0, "tot_waypoints": 9}}
{"target": -1397.3165429320388, "params": {"k_pid_pos": [0.0741591826081276, 1.0, 0.10065758228302002], "k_pid_alt": [1.986398696899414, 0.9134361743927002, 0.09553864598274231], "k_pid_att": [98.66193389892578, 0.3734514117240906, 0.0], "k_pid_yaw": [0.5, 1e-06, 0.1], "k_pid_hsp": [9.999999747378752e-05, 0.03990596532821655, 0.0], "k_pid_vsp": [17.284381866455078, 400.0, 390.0236511230469]}, "datetime": {"datetime": "2025-08-21 02:23:15", "elapsed": 52250.14681315422, "delta": 20.10244584083557}, "costs": {"total_cost": 1397.3165429320388, "time_cost": 150, "final_distance_cost": 13.35744605757506, "oscillation_cost": 35.08605086001957, "completition_cost": 1000.0, "overshoot_cost": 155.18785845279754, "power_cost": 8.300747399902344, "noise_cost": 35.384440161744315, "n_waypoints_completed": 0, "tot_waypoints": 9}}
{"target": -1956.6937256040846, "params": {"k_pid_pos": [9.999999747378752e-05, 1.0, 0.02616715431213379], "k_pid_alt": [1.954456090927124, 0.9524825811386108, 0.0], "k_pid_att": [100.0, 0.5372320413589478, 0.013978332281112671], "k_pid_yaw": [0.5, 1e-06, 0.1], "k_pid_hsp": [9.999999747378752e-05, 0.0055519044399261475, 0.0], "k_pid_vsp": [22.250186920166016, 380.242431640625, 390.2733459472656]}, "datetime": {"datetime": "2025-08-21 02:23:37", "elapsed": 52272.44582056999, "delta": 22.299007415771484}, "costs": {"total_cost": 1956.6937256040846, "time_cost": 150, "final_distance_cost": 332.0792347538528, "oscillation_cost": 25.641670935765752, "completition_cost": 1000.0, "overshoot_cost": 383.9021411887473, "power_cost": 37.88330720214844, "noise_cost": 27.18737152357029, "n_waypoints_completed": 0, "tot_waypoints": 9}}
{"target": -1497.2122166647177, "params": {"k_pid_pos": [0.06533175706863403, 1.0, 0.03442135453224182], "k_pid_alt": [1.8649628162384033, 0.9444081783294678, 0.0], "k_pid_att": [96.17822265625, 0.40101706981658936, 0.01104632019996643], "k_pid_yaw": [0.5, 1e-06, 0.1], "k_pid_hsp": [0.07563084363937378, 0.01046210527420044, 0.0], "k_pid_vsp": [0.0, 379.5972595214844, 400.0]}, "datetime": {"datetime": "2025-08-21 02:23:58", "elapsed": 52292.63318014145, "delta": 20.18735957145691}, "costs": {"total_cost": 1497.2122166647177, "time_cost": 150, "final_distance_cost": 11.726283097950782, "oscillation_cost": 47.89898746600069, "completition_cost": 1000.0, "overshoot_cost": 140.9350202111393, "power_cost": 37.99481064453125, "noise_cost": 108.65711524509571, "n_waypoints_completed": 0, "tot_waypoints": 9}}
{"target": -1497.6029461035357, "params": {"k_pid_pos": [9.999999747378752e-05, 1.0, 0.0], "k_pid_alt": [1.8899695873260498, 1.0, 0.04368707537651062], "k_pid_att": [100.0, 9.999999747378752e-05, 0.0], "k_pid_yaw": [0.5, 1e-06, 0.1], "k_pid_hsp": [0.10746030509471893, 0.009246110916137695, 0.0], "k_pid_vsp": [0.0, 396.7507019042969, 386.8207092285156]}, "datetime": {"datetime": "2025-08-21 02:24:21", "elapsed": 52315.614532232285, "delta": 22.98135209083557}, "costs": {"total_cost": 1497.6029461035357, "time_cost": 150, "final_distance_cost": 13.494144998113654, "oscillation_cost": 50.44896546372237, "completition_cost": 1000.0, "overshoot_cost": 141.09836434971592, "power_cost": 36.765359692382816, "noise_cost": 105.79611159960092, "n_waypoints_completed": 0, "tot_waypoints": 9}}
{"target": -1333.7435969089338, "params": {"k_pid_pos": [0.10261420905590057, 1.0, 0.0], "k_pid_alt": [2.0, 0.9475734233856201, 0.04474261403083801], "k_pid_att": [100.0, 0.28401464223861694, 0.0], "k_pid_yaw": [0.5, 1e-06, 0.1], "k_pid_hsp": [0.132674902677536, 0.0, 0.0928155779838562], "k_pid_vsp": [0.0, 369.9533996582031, 400.0]}, "datetime": {"datetime": "2025-08-21 02:24:42", "elapsed": 52336.542273283005, "delta": 20.927741050720215}, "costs": {"total_cost": 1333.7435969089338, "time_cost": 150, "final_distance_cost": 36.42180750364862, "oscillation_cost": 224.6401798122594, "completition_cost": 777.7777777777778, "overshoot_cost": 99.86953873953324, "power_cost": 25.356192407226565, "noise_cost": 19.678100668488092, "n_waypoints_completed": 2, "tot_waypoints": 9}}
{"target": -1682.8301925313206, "params": {"k_pid_pos": [9.999999747378752e-05, 0.9183675050735474, 0.02050432562828064], "k_pid_alt": [1.9611485004425049, 1.0, 0.0], "k_pid_att": [100.0, 9.999999747378752e-05, 0.011837303638458252], "k_pid_yaw": [0.5, 1e-06, 0.1], "k_pid_hsp": [9.999999747378752e-05, 0.018488794565200806, 0.0], "k_pid_vsp": [29.314983367919922, 400.0, 400.0]}, "datetime": {"datetime": "2025-08-21 02:25:03", "elapsed": 52358.00731134415, "delta": 21.465038061141968}, "costs": {"total_cost": 1682.8301925313206, "time_cost": 150, "final_distance_cost": 225.79565900898078, "oscillation_cost": 31.758664497900508, "completition_cost": 1000.0, "overshoot_cost": 247.90923135500557, "power_cost": 13.176896704101564, "noise_cost": 14.189740965332085, "n_waypoints_completed": 0, "tot_waypoints": 9}}
{"target": -1942.226532566691, "params": {"k_pid_pos": [9.999999747378752e-05, 1.0, 0.0512886643409729], "k_pid_alt": [2.0, 0.9185899496078491, 0.0], "k_pid_att": [99.8758773803711, 0.44129452109336853, 0.04784384369850159], "k_pid_yaw": [0.5, 1e-06, 0.1], "k_pid_hsp": [9.999999747378752e-05, 0.0, 0.0], "k_pid_vsp": [0.0, 389.2227783203125, 400.0]}, "datetime": {"datetime": "2025-08-21 02:25:24", "elapsed": 52379.374282598495, "delta": 21.366971254348755}, "costs": {"total_cost": 1942.226532566691, "time_cost": 150, "final_distance_cost": 331.77109828769255, "oscillation_cost": 24.971214385911296, "completition_cost": 1000.0, "overshoot_cost": 369.53439331212314, "power_cost": 37.83329202880859, "noise_cost": 28.11653455215564, "n_waypoints_completed": 0, "tot_waypoints": 9}}
{"target": -1937.2865421073157, "params": {"k_pid_pos": [0.09720279276371002, 0.9881880879402161, 0.018488168716430664], "k_pid_alt": [1.9738352298736572, 1.0, 0.026442140340805054], "k_pid_att": [100.0, 0.5074949860572815, 0.025288134813308716], "k_pid_yaw": [0.5, 1e-06, 0.1], "k_pid_hsp": [9.999999747378752e-05, 0.0, 0.0], "k_pid_vsp": [0.0, 388.40576171875, 393.0744323730469]}, "datetime": {"datetime": "2025-08-21 02:25:44", "elapsed": 52399.02320790291, "delta": 19.648925304412842}, "costs": {"total_cost": 1937.2865421073157, "time_cost": 150, "final_distance_cost": 341.9281628863555, "oscillation_cost": 31.2749542945295, "completition_cost": 1000.0, "overshoot_cost": 389.7096309026321, "power_cost": 11.334193676757813, "noise_cost": 13.039600347040631, "n_waypoints_completed": 0, "tot_waypoints": 9}}
{"target": -1945.9584969739421, "params": {"k_pid_pos": [0.07718343287706375, 0.9775420427322388, 0.0], "k_pid_alt": [1.8137083053588867, 0.9330064058303833, 0.0], "k_pid_att": [97.46085357666016, 9.999999747378752e-05, 0.02668723464012146], "k_pid_yaw": [0.5, 1e-06, 0.1], "k_pid_hsp": [9.999999747378752e-05, 0.0, 0.0], "k_pid_vsp": [0.0, 389.04681396484375, 400.0]}, "datetime": {"datetime": "2025-08-21 02:26:07", "elapsed": 52421.90853333473, "delta": 22.88532543182373}, "costs": {"total_cost": 1945.9584969739421, "time_cost": 150, "final_distance_cost": 332.93104378600253, "oscillation_cost": 24.90515186344192, "completition_cost": 1000.0, "overshoot_cost": 372.19022085790334, "power_cost": 37.854984228515626, "noise_cost": 28.07709623807867, "n_waypoints_completed": 0, "tot_waypoints": 9}}
{"target": -1785.0431508302293, "params": {"k_pid_pos": [9.999999747378752e-05, 1.0, 0.011006355285644531], "k_pid_alt": [1.9725245237350464, 1.0, 0.0], "k_pid_att": [100.0, 9.999999747378752e-05, 0.0], "k_pid_yaw": [0.5, 1e-06, 0.1], "k_pid_hsp": [0.010060134343802929, 0.0, 0.0], "k_pid_vsp": [5.115509033203125, 400.0, 400.0]}, "datetime": {"datetime": "2025-08-21 02:26:27", "elapsed": 52441.64687848091, "delta": 19.7383451461792}, "costs": {"total_cost": 1785.0431508302293, "time_cost": 150, "final_distance_cost": 263.37085176953116, "oscillation_cost": 26.670300641796185, "completition_cost": 1000.0, "overshoot_cost": 279.46513735986724, "power_cost": 37.86560876464844, "noise_cost": 27.671252294386164, "n_waypoints_completed": 0, "tot_waypoints": 9}}
{"target": -2053.5151078086806, "params": {"k_pid_pos": [9.999999747378752e-05, 0.9913897514343262, 0.04343286156654358], "k_pid_alt": [2.0, 0.8315110206604004, 0.024652212858200073], "k_pid_att": [100.0, 9.999999747378752e-05, 0.0], "k_pid_yaw": [0.5, 1e-06, 0.1], "k_pid_hsp": [9.999999747378752e-05, 0.0, 0.01605042815208435], "k_pid_vsp": [0.0, 343.74798583984375, 390.9427185058594]}, "datetime": {"datetime": "2025-08-21 02:26:50", "elapsed": 52464.803223609924, "delta": 23.15634512901306}, "costs": {"total_cost": 2053.5151078086806, "time_cost": 150, "final_distance_cost": 374.38874771905336, "oscillation_cost": 27.830189401204876, "completition_cost": 1000.0, "overshoot_cost": 436.7301333479687, "power_cost": 37.910331994628905, "noise_cost": 26.655705345825087, "n_waypoints_completed": 0, "tot_waypoints": 9}}
{"target": -1461.2563649398553, "params": {"k_pid_pos": [0.11617495864629745, 1.0, 0.04671284556388855], "k_pid_alt": [2.0, 0.9683181047439575, 0.0], "k_pid_att": [89.44188690185547, 0.24267864227294922, 0.010407328605651855], "k_pid_yaw": [0.5, 1e-06, 0.1], "k_pid_hsp": [9.999999747378752e-05, 0.04072844982147217, 0.00023609399795532227], "k_pid_vsp": [7.961523532867432, 390.77276611328125, 400.0]}, "datetime": {"datetime": "2025-08-21 02:27:10", "elapsed": 52484.804362773895, "delta": 20.001139163970947}, "costs": {"total_cost": 1461.2563649398553, "time_cost": 150, "final_distance_cost": 24.592672706269283, "oscillation_cost": 30.926484814349745, "completition_cost": 1000.0, "overshoot_cost": 154.8622025937774, "power_cost": 25.421221875, "noise_cost": 75.45378295045876, "n_waypoints_completed": 0, "tot_waypoints": 9}}
{"target": -1428.348514745961, "params": {"k_pid_pos": [0.024449484422802925, 1.0, 0.09774023294448853], "k_pid_alt": [1.901754379272461, 0.9916046857833862, 0.03724956512451172], "k_pid_att": [100.0, 9.999999747378752e-05, 0.0], "k_pid_yaw": [0.5, 1e-06, 0.1], "k_pid_hsp": [9.999999747378752e-05, 0.040213704109191895, 0.0], "k_pid_vsp": [0.0, 397.5200500488281, 346.7488708496094]}, "datetime": {"datetime": "2025-08-21 02:27:31", "elapsed": 52506.461834430695, "delta": 21.657471656799316}, "costs": {"total_cost": 1428.348514745961, "time_cost": 150, "final_distance_cost": 14.994075423846564, "oscillation_cost": 34.01474677719421, "completition_cost": 1000.0, "overshoot_cost": 155.22587464969348, "power_cost": 17.42215710449219, "noise_cost": 56.69166079073441, "n_waypoints_completed": 0, "tot_waypoints": 9}}
{"target": -1930.4456587416767, "params": {"k_pid_pos": [9.999999747378752e-05, 0.9693634510040283, 0.0], "k_pid_alt": [2.0, 1.0, 0.0], "k_pid_att": [100.0, 0.028659874573349953, 0.0], "k_pid_yaw": [0.5, 1e-06, 0.1], "k_pid_hsp": [9.999999747378752e-05, 0.0, 0.0], "k_pid_vsp": [0.0, 400.0, 400.0]}, "datetime": {"datetime": "2025-08-21 02:27:52", "elapsed": 52527.014704465866, "delta": 20.55287003517151}, "costs": {"total_cost": 1930.4456587416767, "time_cost": 150, "final_distance_cost": 339.5925470909671, "oscillation_cost": 30.95352582893955, "completition_cost": 1000.0, "overshoot_cost": 384.0712158733846, "power_cost": 11.740854382324219, "noise_cost": 14.087515566061214, "n_waypoints_completed": 0, "tot_waypoints": 9}}
{"target": -1522.9958071953592, "params": {"k_pid_pos": [0.006094735115766525, 1.0, 0.0], "k_pid_alt": [2.0, 1.0, 0.05341893434524536], "k_pid_att": [100.0, 0.12141092866659164, 0.0], "k_pid_yaw": [0.5, 1e-06, 0.1], "k_pid_hsp": [0.45207449793815613, 0.0, 0.023952066898345947], "k_pid_vsp": [0.0, 400.0, 400.0]}, "datetime": {"datetime": "2025-08-21 02:28:14", "elapsed": 52549.20590138435, "delta": 22.19119691848755}, "costs": {"total_cost": 1522.9958071953592, "time_cost": 150, "final_distance_cost": 34.44707316509969, "oscillation_cost": 92.47318432306488, "completition_cost": 1000.0, "overshoot_cost": 143.8966123988288, "power_cost": 25.38245997314453, "noise_cost": 76.79647733522114, "n_waypoints_completed": 0, "tot_waypoints": 9}}
{"target": -3829.162733260929, "params": {"k_pid_pos": [9.999999747378752e-05, 0.9098011255264282, 0.0], "k_pid_alt": [2.0, 0.9499328136444092, 0.007018148899078369], "k_pid_att": [100.0, 0.7022589445114136, 0.0], "k_pid_yaw": [0.5, 1e-06, 0.1], "k_pid_hsp": [9.999999747378752e-05, 0.01147472858428955, 0.04986146092414856], "k_pid_vsp": [0.0, 386.7494201660156, 377.4031066894531]}, "datetime": {"datetime": "2025-08-21 02:28:35", "elapsed": 52570.03859400749, "delta": 20.832692623138428}, "costs": {"total_cost": 3829.162733260929, "time_cost": 150, "final_distance_cost": 962.1264463766331, "oscillation_cost": 124.32962503551802, "completition_cost": 1000.0, "overshoot_cost": 1552.3340256948422, "power_cost": 22.449990502929687, "noise_cost": 17.922645651005897, "n_waypoints_completed": 0, "tot_waypoints": 9}}
{"target": -1956.040201478761, "params": {"k_pid_pos": [0.03131190314888954, 1.0, 0.0], "k_pid_alt": [1.8913624286651611, 1.0, 0.020789265632629395], "k_pid_att": [98.90113830566406, 0.31838977336883545, 0.014018774032592773], "k_pid_yaw": [0.5, 1e-06, 0.1], "k_pid_hsp": [9.999999747378752e-05, 0.0, 0.0], "k_pid_vsp": [0.0, 391.8420715332031, 400.0]}, "datetime": {"datetime": "2025-08-21 02:28:55", "elapsed": 52590.028956890106, "delta": 19.990362882614136}, "costs": {"total_cost": 1956.040201478761, "time_cost": 150, "final_distance_cost": 336.11632682060116, "oscillation_cost": 25.021652293035864, "completition_cost": 1000.0, "overshoot_cost": 377.8125024896444, "power_cost": 37.93419797363281, "noise_cost": 29.15552190184692, "n_waypoints_completed": 0, "tot_waypoints": 9}}
{"target": -1466.970347659424, "params": {"k_pid_pos": [0.1505579650402069, 0.966367244720459, 0.0], "k_pid_alt": [1.9128578901290894, 0.9774622321128845, 0.0], "k_pid_att": [98.34541320800781, 9.999999747378752e-05, 0.0], "k_pid_yaw": [0.5, 1e-06, 0.1], "k_pid_hsp": [0.3667471408843994, 0.0, 0.05109664797782898], "k_pid_vsp": [18.240726470947266, 356.41436767578125, 400.0]}, "datetime": {"datetime": "2025-08-21 02:29:18", "elapsed": 52612.805257320404, "delta": 22.77630043029785}, "costs": {"total_cost": 1466.970347659424, "time_cost": 150, "final_distance_cost": 18.732958350832515, "oscillation_cost": 113.01940195173005, "completition_cost": 1000.0, "overshoot_cost": 130.2807856277163, "power_cost": 19.99025455322266, "noise_cost": 34.94694717592255, "n_waypoints_completed": 0, "tot_waypoints": 9}}
{"target": -1455.3702353644042, "params": {"k_pid_pos": [9.999999747378752e-05, 0.9340188503265381, 0.04948318004608154], "k_pid_alt": [2.0, 0.954395055770874, 0.0], "k_pid_att": [96.66716766357422, 0.01794843189418316, 0.0], "k_pid_yaw": [0.5, 1e-06, 0.1], "k_pid_hsp": [1.5712436437606812, 0.020803511142730713, 0.0018355846405029297], "k_pid_vsp": [9.584796905517578, 400.0, 380.082763671875]}, "datetime": {"datetime": "2025-08-21 02:29:38", "elapsed": 52632.92760133743, "delta": 20.12234401702881}, "costs": {"total_cost": 1455.3702353644042, "time_cost": 150, "final_distance_cost": 9.51811974920004, "oscillation_cost": 68.61914580054145, "completition_cost": 1000.0, "overshoot_cost": 138.92511192299003, "power_cost": 20.8506361328125, "noise_cost": 67.45722175886029, "n_waypoints_completed": 0, "tot_waypoints": 9}}
{"target": -1407.7278550373703, "params": {"k_pid_pos": [0.08914268016815186, 0.9724385738372803, 0.0], "k_pid_alt": [1.930039405822754, 0.9176052212715149, 0.0], "k_pid_att": [94.43966674804688, 0.11224322766065598, 0.04625284671783447], "k_pid_yaw": [0.5, 1e-06, 0.1], "k_pid_hsp": [9.999999747378752e-05, 0.06748050451278687, 0.008863508701324463], "k_pid_vsp": [1.4184236526489258, 373.19091796875, 400.0]}, "datetime": {"datetime": "2025-08-21 02:30:00", "elapsed": 52655.22100710869, "delta": 22.293405771255493}, "costs": {"total_cost": 1407.7278550373703, "time_cost": 150, "final_distance_cost": 4.678060682552691, "oscillation_cost": 40.990462229059524, "completition_cost": 1000.0, "overshoot_cost": 146.95659235969998, "power_cost": 14.038233947753907, "noise_cost": 51.06450581830426, "n_waypoints_completed": 0, "tot_waypoints": 9}}
