{"target": -3468.2975110058064, "params": {"k_pid_pos": [9.999999747378752e-05, 0.9695127010345459, 0.0], "k_pid_alt": [1.8804984092712402, 0.9454928040504456, 0.02295634150505066], "k_pid_att": [100.0, 9.999999747378752e-05, 0.00423702597618103], "k_pid_yaw": [0.5, 1e-06, 0.1], "k_pid_hsp": [9.999999747378752e-05, 0.0, 0.02922719717025757], "k_pid_vsp": [2.350640296936035, 387.2866516113281, 400.0]}, "datetime": {"datetime": "2025-08-20 13:23:48", "elapsed": 5482.895719528198, "delta": 24.420245885849}, "costs": {"total_cost": 3468.2975110058064, "time_cost": 150, "final_distance_cost": 862.1700013237561, "oscillation_cost": 105.21629306481758, "completition_cost": 1000.0, "overshoot_cost": 1290.1527133825064, "power_cost": 36.10906934814453, "noise_cost": 24.649433886581935, "n_waypoints_completed": 0, "tot_waypoints": 9}}
{"target": -1465.435139620583, "params": {"k_pid_pos": [9.999999747378752e-05, 1.0, 0.010974466800689697], "k_pid_alt": [2.0, 0.9632388353347778, 0.02398461103439331], "k_pid_att": [100.0, 0.3695014417171478, 0.0], "k_pid_yaw": [0.5, 1e-06, 0.1], "k_pid_hsp": [0.0573243573307991, 0.08858644962310791, 0.013502955436706543], "k_pid_vsp": [24.00320816040039, 384.4003601074219, 370.29833984375]}, "datetime": {"datetime": "2025-08-20 13:24:15", "elapsed": 5509.7448699474335, "delta": 26.84915041923523}, "costs": {"total_cost": 1465.435139620583, "time_cost": 150, "final_distance_cost": 15.749558995522092, "oscillation_cost": 69.99400461790471, "completition_cost": 1000.0, "overshoot_cost": 143.57092904732, "power_cost": 20.201893188476564, "noise_cost": 65.91875377135935, "n_waypoints_completed": 0, "tot_waypoints": 9}}
{"target": -1504.4055318760163, "params": {"k_pid_pos": [9.999999747378752e-05, 0.984590470790863, 0.05593162775039673], "k_pid_alt": [2.0, 0.9610530138015747, 0.07765215635299683], "k_pid_att": [100.0, 0.060415126383304596, 0.023083388805389404], "k_pid_yaw": [0.5, 1e-06, 0.1], "k_pid_hsp": [0.9717288613319397, 0.0, 0.08273079991340637], "k_pid_vsp": [23.191082000732422, 400.0, 391.67596435546875]}, "datetime": {"datetime": "2025-08-20 13:24:42", "elapsed": 5537.39669418335, "delta": 27.651824235916138}, "costs": {"total_cost": 1504.4055318760163, "time_cost": 150, "final_distance_cost": 5.922050679786232, "oscillation_cost": 140.51180770249533, "completition_cost": 1000.0, "overshoot_cost": 136.28588315576457, "power_cost": 21.564194384765624, "noise_cost": 50.12159595320463, "n_waypoints_completed": 0, "tot_waypoints": 9}}
{"target": -2917.7095773915926, "params": {"k_pid_pos": [0.08565139770507812, 0.9926167726516724, 0.0], "k_pid_alt": [2.0, 0.9923065304756165, 0.0], "k_pid_att": [90.87486267089844, 0.715446949005127, 0.0], "k_pid_yaw": [0.5, 1e-06, 0.1], "k_pid_hsp": [9.999999747378752e-05, 0.0, 0.06949859857559204], "k_pid_vsp": [0.0, 400.0, 390.6778259277344]}, "datetime": {"datetime": "2025-08-20 13:25:07", "elapsed": 5562.332355976105, "delta": 24.935661792755127}, "costs": {"total_cost": 2917.7095773915926, "time_cost": 150, "final_distance_cost": 567.9788127123301, "oscillation_cost": 293.76389447957035, "completition_cost": 1000.0, "overshoot_cost": 866.2669132749934, "power_cost": 22.058651818847657, "noise_cost": 17.641305105851412, "n_waypoints_completed": 0, "tot_waypoints": 9}}
{"target": -1400.9312932180758, "params": {"k_pid_pos": [0.07982676476240158, 0.9710439443588257, 0.031013667583465576], "k_pid_alt": [2.0, 0.9871070981025696, 0.0], "k_pid_att": [100.0, 0.5846360325813293, 0.0], "k_pid_yaw": [0.5, 1e-06, 0.1], "k_pid_hsp": [0.611032247543335, 0.0, 0.0], "k_pid_vsp": [0.0, 400.0, 400.0]}, "datetime": {"datetime": "2025-08-20 13:25:32", "elapsed": 5587.264879703522, "delta": 24.932523727416992}, "costs": {"total_cost": 1400.9312932180758, "time_cost": 150, "final_distance_cost": 7.83226104219473, "oscillation_cost": 67.18570213770448, "completition_cost": 1000.0, "overshoot_cost": 139.17058153896448, "power_cost": 5.793637866210938, "noise_cost": 30.949110633000945, "n_waypoints_completed": 0, "tot_waypoints": 9}}
{"target": -1423.612809049072, "params": {"k_pid_pos": [0.010253620333969593, 1.0, 0.05965447425842285], "k_pid_alt": [2.0, 1.0, 0.02781820297241211], "k_pid_att": [91.82139587402344, 9.999999747378752e-05, 0.024510860443115234], "k_pid_yaw": [0.5, 1e-06, 0.1], "k_pid_hsp": [0.1837901473045349, 0.0, 0.08769181370735168], "k_pid_vsp": [40.8050537109375, 399.4471740722656, 400.0]}, "datetime": {"datetime": "2025-08-20 13:25:58", "elapsed": 5613.267676353455, "delta": 26.00279664993286}, "costs": {"total_cost": 1423.612809049072, "time_cost": 150, "final_distance_cost": 72.95970085540233, "oscillation_cost": 175.2819310153307, "completition_cost": 888.8888888888888, "overshoot_cost": 91.86793188641987, "power_cost": 23.35671784667969, "noise_cost": 21.25763855635052, "n_waypoints_completed": 1, "tot_waypoints": 9}}
{"target": -1994.882271329504, "params": {"k_pid_pos": [0.029271200299263, 0.9827295541763306, 0.0], "k_pid_alt": [2.0, 1.0, 0.015792906284332275], "k_pid_att": [100.0, 9.999999747378752e-05, 0.0], "k_pid_yaw": [0.5, 1e-06, 0.1], "k_pid_hsp": [9.999999747378752e-05, 0.0, 0.01787009835243225], "k_pid_vsp": [19.818675994873047, 396.142333984375, 384.8387145996094]}, "datetime": {"datetime": "2025-08-20 13:26:23", "elapsed": 5637.534761428833, "delta": 24.267085075378418}, "costs": {"total_cost": 1994.882271329504, "time_cost": 150, "final_distance_cost": 365.3149561976022, "oscillation_cost": 25.99807512454319, "completition_cost": 1000.0, "overshoot_cost": 430.481722915667, "power_cost": 10.962029626464844, "noise_cost": 12.125487465226785, "n_waypoints_completed": 0, "tot_waypoints": 9}}
{"target": -1417.3046992336479, "params": {"k_pid_pos": [9.999999747378752e-05, 0.9687427282333374, 0.07812333106994629], "k_pid_alt": [2.0, 0.958380401134491, 0.0], "k_pid_att": [100.0, 0.6024925112724304, 0.0], "k_pid_yaw": [0.5, 1e-06, 0.1], "k_pid_hsp": [9.999999747378752e-05, 0.04730215668678284, 0.0], "k_pid_vsp": [6.106007099151611, 381.59783935546875, 396.7066345214844]}, "datetime": {"datetime": "2025-08-20 13:26:47", "elapsed": 5661.8864669799805, "delta": 24.35170555114746}, "costs": {"total_cost": 1417.3046992336479, "time_cost": 150, "final_distance_cost": 20.146522975548052, "oscillation_cost": 36.388034167986625, "completition_cost": 1000.0, "overshoot_cost": 152.2991469633917, "power_cost": 12.30786904296875, "noise_cost": 46.163126083752765, "n_waypoints_completed": 0, "tot_waypoints": 9}}
{"target": -1409.2932937411272, "params": {"k_pid_pos": [0.11229787021875381, 0.9266471266746521, 0.0797128975391388], "k_pid_alt": [2.0, 1.0, 0.0], "k_pid_att": [94.72264099121094, 9.999999747378752e-05, 0.028985291719436646], "k_pid_yaw": [0.5, 1e-06, 0.1], "k_pid_hsp": [9.999999747378752e-05, 0.027988433837890625, 0.0], "k_pid_vsp": [0.0, 400.0, 400.0]}, "datetime": {"datetime": "2025-08-20 13:27:12", "elapsed": 5687.180918455124, "delta": 25.294451475143433}, "costs": {"total_cost": 1409.2932937411272, "time_cost": 150, "final_distance_cost": 80.71870359795226, "oscillation_cost": 30.307039014428685, "completition_cost": 1000.0, "overshoot_cost": 108.46089123042447, "power_cost": 19.998614465332032, "noise_cost": 19.808045432989577, "n_waypoints_completed": 0, "tot_waypoints": 9}}
{"target": -1463.7387378462336, "params": {"k_pid_pos": [9.999999747378752e-05, 0.977760910987854, 0.0], "k_pid_alt": [2.0, 0.9741098880767822, 0.037126243114471436], "k_pid_att": [96.53409576416016, 9.999999747378752e-05, 0.0], "k_pid_yaw": [0.5, 1e-06, 0.1], "k_pid_hsp": [0.07210854440927505, 0.049821287393569946, 0.0], "k_pid_vsp": [0.0, 400.0, 383.8951721191406]}, "datetime": {"datetime": "2025-08-20 13:27:37", "elapsed": 5712.02952837944, "delta": 24.848609924316406}, "costs": {"total_cost": 1463.7387378462336, "time_cost": 150, "final_distance_cost": 7.543368192472933, "oscillation_cost": 48.51060137253037, "completition_cost": 1000.0, "overshoot_cost": 143.2533675846997, "power_cost": 28.587558374023438, "noise_cost": 85.84384232250711, "n_waypoints_completed": 0, "tot_waypoints": 9}}
{"target": -1937.2598357873555, "params": {"k_pid_pos": [9.999999747378752e-05, 1.0, 0.09282702207565308], "k_pid_alt": [2.0, 1.0, 0.02631586790084839], "k_pid_att": [100.0, 0.6678102016448975, 0.0], "k_pid_yaw": [0.5, 1e-06, 0.1], "k_pid_hsp": [9.999999747378752e-05, 0.0, 0.0], "k_pid_vsp": [0.0, 378.5752868652344, 400.0]}, "datetime": {"datetime": "2025-08-20 13:28:01", "elapsed": 5736.249023914337, "delta": 24.21949553489685}, "costs": {"total_cost": 1937.2598357873555, "time_cost": 150, "final_distance_cost": 341.96521114858547, "oscillation_cost": 31.071721487747823, "completition_cost": 1000.0, "overshoot_cost": 388.9646045117961, "power_cost": 11.583658569335938, "noise_cost": 13.674640069890039, "n_waypoints_completed": 0, "tot_waypoints": 9}}
{"target": -1459.9016814038962, "params": {"k_pid_pos": [0.14539121091365814, 1.0, 0.027923405170440674], "k_pid_alt": [2.0, 0.9171768426895142, 0.04950156807899475], "k_pid_att": [92.83873748779297, 9.999999747378752e-05, 0.009655684232711792], "k_pid_yaw": [0.5, 1e-06, 0.1], "k_pid_hsp": [0.053644999861717224, 0.03850710391998291, 0.026985347270965576], "k_pid_vsp": [0.0, 393.8937683105469, 382.1922607421875]}, "datetime": {"datetime": "2025-08-20 13:28:28", "elapsed": 5763.379764318466, "delta": 27.13074040412903}, "costs": {"total_cost": 1459.9016814038962, "time_cost": 150, "final_distance_cost": 13.51458321621275, "oscillation_cost": 68.3161624355805, "completition_cost": 1000.0, "overshoot_cost": 141.8635221887032, "power_cost": 20.99915166015625, "noise_cost": 65.20826190324354, "n_waypoints_completed": 0, "tot_waypoints": 9}}
{"target": -1409.724837826991, "params": {"k_pid_pos": [9.999999747378752e-05, 0.9506517648696899, 0.08628040552139282], "k_pid_alt": [1.9627244472503662, 1.0, 0.0], "k_pid_att": [100.0, 0.4316696524620056, 0.005782365798950195], "k_pid_yaw": [0.5, 1e-06, 0.1], "k_pid_hsp": [0.15357953310012817, 0.020225107669830322, 0.08374536037445068], "k_pid_vsp": [14.847862243652344, 400.0, 372.63604736328125]}, "datetime": {"datetime": "2025-08-20 13:28:52", "elapsed": 5787.44319486618, "delta": 24.063430547714233}, "costs": {"total_cost": 1409.724837826991, "time_cost": 150, "final_distance_cost": 56.498538186424724, "oscillation_cost": 194.2578352064876, "completition_cost": 888.8888888888888, "overshoot_cost": 70.37291488344142, "power_cost": 29.175716540527347, "noise_cost": 20.530944121221193, "n_waypoints_completed": 1, "tot_waypoints": 9}}
{"target": -1936.035501644454, "params": {"k_pid_pos": [9.999999747378752e-05, 1.0, 0.0], "k_pid_alt": [1.9449303150177002, 0.941274881362915, 0.0], "k_pid_att": [100.0, 9.999999747378752e-05, 0.08406078815460205], "k_pid_yaw": [0.5, 1e-06, 0.1], "k_pid_hsp": [9.999999747378752e-05, 0.0, 0.0], "k_pid_vsp": [2.1305084228515625, 400.0, 364.5527038574219]}, "datetime": {"datetime": "2025-08-20 13:29:17", "elapsed": 5811.931699752808, "delta": 24.488504886627197}, "costs": {"total_cost": 1936.035501644454, "time_cost": 150, "final_distance_cost": 329.15604529546636, "oscillation_cost": 24.469343313997193, "completition_cost": 1000.0, "overshoot_cost": 365.87954304851013, "power_cost": 37.824475915527344, "noise_cost": 28.706094070952965, "n_waypoints_completed": 0, "tot_waypoints": 9}}
{"target": -1466.2799452513523, "params": {"k_pid_pos": [9.999999747378752e-05, 0.9859137535095215, 0.008653730154037476], "k_pid_alt": [1.9763364791870117, 0.9842351675033569, 0.0], "k_pid_att": [92.36842346191406, 9.999999747378752e-05, 0.0], "k_pid_yaw": [0.5, 1e-06, 0.1], "k_pid_hsp": [9.999999747378752e-05, 0.11778587102890015, 0.026209652423858643], "k_pid_vsp": [7.522249221801758, 400.0, 379.61407470703125]}, "datetime": {"datetime": "2025-08-20 13:29:41", "elapsed": 5836.262034893036, "delta": 24.33033514022827}, "costs": {"total_cost": 1466.2799452513523, "time_cost": 150, "final_distance_cost": 21.46353370552319, "oscillation_cost": 61.04326621709687, "completition_cost": 1000.0, "overshoot_cost": 144.62885546812063, "power_cost": 21.086409521484377, "noise_cost": 68.0578803391271, "n_waypoints_completed": 0, "tot_waypoints": 9}}
{"target": -1508.5968595060424, "params": {"k_pid_pos": [0.04384076967835426, 0.9983158707618713, 0.010161876678466797], "k_pid_alt": [2.0, 1.0, 0.07251286506652832], "k_pid_att": [98.12782287597656, 9.999999747378752e-05, 0.0798504650592804], "k_pid_yaw": [0.5, 1e-06, 0.1], "k_pid_hsp": [0.5024587512016296, 0.07532382011413574, 0.0], "k_pid_vsp": [0.0, 400.0, 396.7513732910156]}, "datetime": {"datetime": "2025-08-20 13:30:06", "elapsed": 5860.875734329224, "delta": 24.613699436187744}, "costs": {"total_cost": 1508.5968595060424, "time_cost": 150, "final_distance_cost": 14.192285938222637, "oscillation_cost": 60.67925033382141, "completition_cost": 1000.0, "overshoot_cost": 139.80874738619383, "power_cost": 37.10501486816406, "noise_cost": 106.81156097964053, "n_waypoints_completed": 0, "tot_waypoints": 9}}
{"target": -1391.9658457241308, "params": {"k_pid_pos": [9.999999747378752e-05, 1.0, 0.0], "k_pid_alt": [1.940361738204956, 1.0, 0.019877731800079346], "k_pid_att": [100.0, 9.999999747378752e-05, 0.038550734519958496], "k_pid_yaw": [0.5, 1e-06, 0.1], "k_pid_hsp": [0.40045082569122314, 0.0, 0.0], "k_pid_vsp": [16.20986557006836, 400.0, 400.0]}, "datetime": {"datetime": "2025-08-20 13:30:31", "elapsed": 5885.828227519989, "delta": 24.95249319076538}, "costs": {"total_cost": 1391.9658457241308, "time_cost": 150, "final_distance_cost": 14.009635700436919, "oscillation_cost": 64.32226185390869, "completition_cost": 1000.0, "overshoot_cost": 140.08585148063977, "power_cost": 1.9139474243164063, "noise_cost": 21.634149264828817, "n_waypoints_completed": 0, "tot_waypoints": 9}}
{"target": -1469.51236496138, "params": {"k_pid_pos": [0.013779654167592525, 1.0, 0.0], "k_pid_alt": [1.8973748683929443, 1.0, 0.040475815534591675], "k_pid_att": [100.0, 9.999999747378752e-05, 0.030950456857681274], "k_pid_yaw": [0.5, 1e-06, 0.1], "k_pid_hsp": [0.14211052656173706, 0.01131102442741394, 0.025372862815856934], "k_pid_vsp": [28.34518051147461, 400.0, 386.60992431640625]}, "datetime": {"datetime": "2025-08-20 13:30:56", "elapsed": 5910.7354691028595, "delta": 24.907241582870483}, "costs": {"total_cost": 1469.51236496138, "time_cost": 150, "final_distance_cost": 13.653994846338028, "oscillation_cost": 78.23147806517348, "completition_cost": 1000.0, "overshoot_cost": 140.4683315796652, "power_cost": 21.381799609375, "noise_cost": 65.77676086082819, "n_waypoints_completed": 0, "tot_waypoints": 9}}
{"target": -1389.2178728491244, "params": {"k_pid_pos": [0.056704774498939514, 1.0, 0.0], "k_pid_alt": [1.9878349304199219, 0.9833037853240967, 0.01799190044403076], "k_pid_att": [93.22452545166016, 0.34508106112480164, 0.06755459308624268], "k_pid_yaw": [0.5, 1e-06, 0.1], "k_pid_hsp": [0.09542922675609589, 0.0, 0.0], "k_pid_vsp": [0.0, 374.8465881347656, 393.5729064941406]}, "datetime": {"datetime": "2025-08-20 13:31:22", "elapsed": 5936.646465539932, "delta": 25.910996437072754}, "costs": {"total_cost": 1389.2178728491244, "time_cost": 150, "final_distance_cost": 9.154449054270204, "oscillation_cost": 51.89175704186296, "completition_cost": 1000.0, "overshoot_cost": 140.45605200559737, "power_cost": 6.203149389648438, "noise_cost": 31.5124653577455, "n_waypoints_completed": 0, "tot_waypoints": 9}}
{"target": -1479.4376820722223, "params": {"k_pid_pos": [0.014948920346796513, 1.0, 0.0], "k_pid_alt": [2.0, 1.0, 0.0], "k_pid_att": [99.85952758789062, 9.999999747378752e-05, 0.014162331819534302], "k_pid_yaw": [0.5, 1e-06, 0.1], "k_pid_hsp": [0.6661680936813354, 0.0, 0.04701089859008789], "k_pid_vsp": [0.0, 400.0, 400.0]}, "datetime": {"datetime": "2025-08-20 13:31:45", "elapsed": 5960.453981161118, "delta": 23.807515621185303}, "costs": {"total_cost": 1479.4376820722223, "time_cost": 150, "final_distance_cost": 14.0188327861095, "oscillation_cost": 101.77966879895669, "completition_cost": 1000.0, "overshoot_cost": 137.46964287932718, "power_cost": 22.852223461914065, "noise_cost": 53.31731414591459, "n_waypoints_completed": 0, "tot_waypoints": 9}}
{"target": -2822.763956208433, "params": {"k_pid_pos": [0.03512772172689438, 0.9409871101379395, 0.0], "k_pid_alt": [1.8374295234680176, 0.9844571352005005, 0.024473369121551514], "k_pid_att": [100.0, 9.999999747378752e-05, 0.0], "k_pid_yaw": [0.5, 1e-06, 0.1], "k_pid_hsp": [9.999999747378752e-05, 0.03382396697998047, 0.08099645376205444], "k_pid_vsp": [0.0, 400.0, 389.370361328125]}, "datetime": {"datetime": "2025-08-20 13:32:10", "elapsed": 5984.82621216774, "delta": 24.372231006622314}, "costs": {"total_cost": 2822.763956208433, "time_cost": 150, "final_distance_cost": 520.3926749419404, "oscillation_cost": 317.92153132599384, "completition_cost": 1000.0, "overshoot_cost": 794.3258345897191, "power_cost": 22.356772094726562, "noise_cost": 17.767143256052762, "n_waypoints_completed": 0, "tot_waypoints": 9}}
{"target": -2277.208235859138, "params": {"k_pid_pos": [0.09813544154167175, 0.982966423034668, 0.0], "k_pid_alt": [2.0, 0.9924232959747314, 0.0], "k_pid_att": [99.27147674560547, 9.999999747378752e-05, 0.0], "k_pid_yaw": [0.5, 1e-06, 0.1], "k_pid_hsp": [9.999999747378752e-05, 0.0, 0.0947309136390686], "k_pid_vsp": [33.015071868896484, 400.0, 396.8489685058594]}, "datetime": {"datetime": "2025-08-20 13:32:34", "elapsed": 6008.604737997055, "delta": 23.778525829315186}, "costs": {"total_cost": 2277.208235859138, "time_cost": 150, "final_distance_cost": 247.36148735112604, "oscillation_cost": 439.67394297985646, "completition_cost": 1000.0, "overshoot_cost": 402.1890687142803, "power_cost": 21.024100512695313, "noise_cost": 16.959636301179508, "n_waypoints_completed": 0, "tot_waypoints": 9}}
{"target": -1405.0450101116346, "params": {"k_pid_pos": [0.051211290061473846, 1.0, 0.028588682413101196], "k_pid_alt": [2.0, 1.0, 0.0], "k_pid_att": [100.0, 0.6485151648521423, 0.0], "k_pid_yaw": [0.5, 1e-06, 0.1], "k_pid_hsp": [0.6932376027107239, 0.0, 0.0], "k_pid_vsp": [20.439170837402344, 400.0, 400.0]}, "datetime": {"datetime": "2025-08-20 13:32:57", "elapsed": 6031.898934841156, "delta": 23.294196844100952}, "costs": {"total_cost": 1405.0450101116346, "time_cost": 150, "final_distance_cost": 11.286405495743628, "oscillation_cost": 66.91674699213196, "completition_cost": 1000.0, "overshoot_cost": 139.45508870297215, "power_cost": 5.935090222167969, "noise_cost": 31.451678698619236, "n_waypoints_completed": 0, "tot_waypoints": 9}}
{"target": -1964.7941745287685, "params": {"k_pid_pos": [9.999999747378752e-05, 1.0, 0.0], "k_pid_alt": [1.834421992301941, 1.0, 0.0], "k_pid_att": [99.21012878417969, 0.33007901906967163, 0.0], "k_pid_yaw": [0.5, 1e-06, 0.1], "k_pid_hsp": [9.999999747378752e-05, 0.0, 0.0], "k_pid_vsp": [0.0, 400.0, 400.0]}, "datetime": {"datetime": "2025-08-20 13:33:20", "elapsed": 6055.380890846252, "delta": 23.481956005096436}, "costs": {"total_cost": 1964.7941745287685, "time_cost": 150, "final_distance_cost": 339.37349575180133, "oscillation_cost": 25.015139041351237, "completition_cost": 1000.0, "overshoot_cost": 383.92326385482585, "power_cost": 37.93474782714844, "noise_cost": 28.547528053641923, "n_waypoints_completed": 0, "tot_waypoints": 9}}
{"target": -1454.0908009743296, "params": {"k_pid_pos": [9.999999747378752e-05, 1.0, 0.0], "k_pid_alt": [1.9813339710235596, 1.0, 0.022115856409072876], "k_pid_att": [100.0, 0.21173222362995148, 0.0], "k_pid_yaw": [0.5, 1e-06, 0.1], "k_pid_hsp": [9.999999747378752e-05, 0.08807364106178284, 0.05457025766372681], "k_pid_vsp": [24.979232788085938, 393.9775695800781, 391.88421630859375]}, "datetime": {"datetime": "2025-08-20 13:33:44", "elapsed": 6078.735201358795, "delta": 23.354310512542725}, "costs": {"total_cost": 1454.0908009743296, "time_cost": 150, "final_distance_cost": 112.80710227391337, "oscillation_cost": 149.92685143443416, "completition_cost": 888.8888888888888, "overshoot_cost": 111.9825952888289, "power_cost": 22.306422778320314, "noise_cost": 18.178940309944313, "n_waypoints_completed": 1, "tot_waypoints": 9}}
{"target": -1424.0366544788167, "params": {"k_pid_pos": [0.11225423961877823, 0.9542993307113647, 0.0], "k_pid_alt": [2.0, 1.0, 0.046958595514297485], "k_pid_att": [100.0, 9.999999747378752e-05, 0.057053178548812866], "k_pid_yaw": [0.5, 1e-06, 0.1], "k_pid_hsp": [9.999999747378752e-05, 0.0332413911819458, 0.0], "k_pid_vsp": [0.0, 396.5213623046875, 357.0954284667969]}, "datetime": {"datetime": "2025-08-20 13:34:09", "elapsed": 6104.346143722534, "delta": 25.610942363739014}, "costs": {"total_cost": 1424.0366544788167, "time_cost": 150, "final_distance_cost": 33.893355559617596, "oscillation_cost": 28.629891239315967, "completition_cost": 1000.0, "overshoot_cost": 131.67649466901852, "power_cost": 38.058808251953124, "noise_cost": 41.778104758911404, "n_waypoints_completed": 0, "tot_waypoints": 9}}
{"target": -1429.2755534155674, "params": {"k_pid_pos": [0.19212661683559418, 1.0, 0.06610459089279175], "k_pid_alt": [2.0, 0.9786124229431152, 0.0], "k_pid_att": [91.27609252929688, 9.999999747378752e-05, 0.005724012851715088], "k_pid_yaw": [0.5, 1e-06, 0.1], "k_pid_hsp": [9.999999747378752e-05, 0.08747416734695435, 0.02148735523223877], "k_pid_vsp": [13.762676239013672, 400.0, 365.7460632324219]}, "datetime": {"datetime": "2025-08-20 13:34:34", "elapsed": 6128.860646724701, "delta": 24.514503002166748}, "costs": {"total_cost": 1429.2755534155674, "time_cost": 150, "final_distance_cost": 9.252506238463742, "oscillation_cost": 49.27226689803248, "completition_cost": 1000.0, "overshoot_cost": 144.51333205470183, "power_cost": 16.99135574951172, "noise_cost": 59.24609247485766, "n_waypoints_completed": 0, "tot_waypoints": 9}}
