{"target": -1504.5434613173684, "params": {"k_pid_pos": [0.01340404525399208, 1.0, 0.06295031309127808], "k_pid_alt": [1.950394630432129, 1.0, 0.09366652369499207], "k_pid_att": [100.0, 0.06696084141731262, 0.00521773099899292], "k_pid_yaw": [0.5, 1e-06, 0.1], "k_pid_hsp": [0.22269518673419952, 0.06687110662460327, 0.0], "k_pid_vsp": [3.254270553588867, 372.7314758300781, 369.12347412109375]}, "datetime": {"datetime": "2025-08-20 22:08:05", "elapsed": 36940.485400915146, "delta": 24.663639783859253}, "costs": {"total_cost": 1504.5434613173684, "time_cost": 150, "final_distance_cost": 11.104470929655681, "oscillation_cost": 54.98071454222195, "completition_cost": 1000.0, "overshoot_cost": 141.19681024327204, "power_cost": 38.08367498779297, "noise_cost": 109.17779061442577, "n_waypoints_completed": 0, "tot_waypoints": 9}}
{"target": -3780.291525619527, "params": {"k_pid_pos": [0.029269948601722717, 1.0, 0.006458580493927002], "k_pid_alt": [2.0, 1.0, 0.07942056655883789], "k_pid_att": [100.0, 0.5613999962806702, 0.0], "k_pid_yaw": [0.5, 1e-06, 0.1], "k_pid_hsp": [9.999999747378752e-05, 0.017837166786193848, 0.04843530058860779], "k_pid_vsp": [0.0, 397.39813232421875, 397.4315185546875]}, "datetime": {"datetime": "2025-08-20 22:08:27", "elapsed": 36962.447412490845, "delta": 21.962011575698853}, "costs": {"total_cost": 3780.291525619527, "time_cost": 150, "final_distance_cost": 948.1127031217397, "oscillation_cost": 121.9316252160763, "completition_cost": 1000.0, "overshoot_cost": 1520.8798298856943, "power_cost": 21.79048065185547, "noise_cost": 17.576886744160635, "n_waypoints_completed": 0, "tot_waypoints": 9}}
{"target": -1482.505888993603, "params": {"k_pid_pos": [9.999999747378752e-05, 1.0, 0.0], "k_pid_alt": [1.8232169151306152, 1.0, 0.0], "k_pid_att": [100.0, 0.1692875772714615, 0.0], "k_pid_yaw": [0.5, 1e-06, 0.1], "k_pid_hsp": [0.5917721390724182, 0.04542022943496704, 0.0], "k_pid_vsp": [16.358638763427734, 400.0, 369.3163757324219]}, "datetime": {"datetime": "2025-08-20 22:08:51", "elapsed": 36986.089799404144, "delta": 23.64238691329956}, "costs": {"total_cost": 1482.505888993603, "time_cost": 150, "final_distance_cost": 10.493166532018625, "oscillation_cost": 68.77332180536885, "completition_cost": 1000.0, "overshoot_cost": 139.7154617823381, "power_cost": 28.168882287597658, "noise_cost": 85.35505658627997, "n_waypoints_completed": 0, "tot_waypoints": 9}}
{"target": -1950.6445885321923, "params": {"k_pid_pos": [9.999999747378752e-05, 0.9504605531692505, 0.0], "k_pid_alt": [2.0, 0.913054347038269, 0.040842264890670776], "k_pid_att": [100.0, 9.999999747378752e-05, 0.010879307985305786], "k_pid_yaw": [0.5, 1e-06, 0.1], "k_pid_hsp": [9.999999747378752e-05, 0.0, 0.0], "k_pid_vsp": [0.0, 399.1444091796875, 380.4276428222656]}, "datetime": {"datetime": "2025-08-20 22:09:15", "elapsed": 37009.82932472229, "delta": 23.739525318145752}, "costs": {"total_cost": 1950.6445885321923, "time_cost": 150, "final_distance_cost": 334.94423103390614, "oscillation_cost": 25.18155698383505, "completition_cost": 1000.0, "overshoot_cost": 374.69002427858476, "power_cost": 37.857515966796875, "noise_cost": 27.97126026906946, "n_waypoints_completed": 0, "tot_waypoints": 9}}
{"target": -1437.3280016346926, "params": {"k_pid_pos": [0.07043854892253876, 1.0, 0.03946998715400696], "k_pid_alt": [1.9244544506072998, 0.9618878960609436, 0.0], "k_pid_att": [97.3255615234375, 0.5337010622024536, 0.03994658589363098], "k_pid_yaw": [0.5, 1e-06, 0.1], "k_pid_hsp": [9.999999747378752e-05, 0.027967721223831177, 0.0], "k_pid_vsp": [2.4906396865844727, 367.1250915527344, 398.3812561035156]}, "datetime": {"datetime": "2025-08-20 22:09:37", "elapsed": 37032.19490337372, "delta": 22.365578651428223}, "costs": {"total_cost": 1437.3280016346926, "time_cost": 150, "final_distance_cost": 81.37585425731555, "oscillation_cost": 27.621833999345572, "completition_cost": 1000.0, "overshoot_cost": 110.65493095374786, "power_cost": 37.97737349853516, "noise_cost": 29.69800892574846, "n_waypoints_completed": 0, "tot_waypoints": 9}}
{"target": -2904.2047502630885, "params": {"k_pid_pos": [9.999999747378752e-05, 0.9887603521347046, 0.00027939677238464355], "k_pid_alt": [1.906052589416504, 0.9436410665512085, 0.03967806696891785], "k_pid_att": [100.0, 9.999999747378752e-05, 0.004658520221710205], "k_pid_yaw": [0.5, 1e-06, 0.1], "k_pid_hsp": [0.02247685007750988, 0.0, 0.08616164326667786], "k_pid_vsp": [0.0, 400.0, 367.3366394042969]}, "datetime": {"datetime": "2025-08-20 22:09:59", "elapsed": 37054.27198958397, "delta": 22.077086210250854}, "costs": {"total_cost": 2904.2047502630885, "time_cost": 150, "final_distance_cost": 550.7954687337472, "oscillation_cost": 314.67772620602113, "completition_cost": 1000.0, "overshoot_cost": 849.4799334425485, "power_cost": 21.75174334716797, "noise_cost": 17.499878533603674, "n_waypoints_completed": 0, "tot_waypoints": 9}}
{"target": -2938.111669262527, "params": {"k_pid_pos": [9.999999747378752e-05, 0.969980001449585, 0.06958913803100586], "k_pid_alt": [2.0, 0.9701803922653198, 0.029413968324661255], "k_pid_att": [98.21755981445312, 9.999999747378752e-05, 0.030741989612579346], "k_pid_yaw": [0.5, 1e-06, 0.1], "k_pid_hsp": [9.999999747378752e-05, 0.007668912410736084, 0.08844006061553955], "k_pid_vsp": [1.7173409461975098, 400.0, 400.0]}, "datetime": {"datetime": "2025-08-20 22:10:23", "elapsed": 37077.53399682045, "delta": 23.262007236480713}, "costs": {"total_cost": 2938.111669262527, "time_cost": 150, "final_distance_cost": 525.814523425507, "oscillation_cost": 356.08267080699704, "completition_cost": 1000.0, "overshoot_cost": 865.6966181059811, "power_cost": 22.663049157714845, "noise_cost": 17.854807766327152, "n_waypoints_completed": 0, "tot_waypoints": 9}}
{"target": -1499.7066717931348, "params": {"k_pid_pos": [0.17164246737957, 0.9481649398803711, 0.017142504453659058], "k_pid_alt": [2.0, 1.0, 0.08802357316017151], "k_pid_att": [95.38053131103516, 0.06147726997733116, 0.012677103281021118], "k_pid_yaw": [0.5, 1e-06, 0.1], "k_pid_hsp": [1.3653992414474487, 0.0, 0.10808166861534119], "k_pid_vsp": [0.0, 385.4647521972656, 381.2665100097656]}, "datetime": {"datetime": "2025-08-20 22:10:46", "elapsed": 37100.99047780037, "delta": 23.456480979919434}, "costs": {"total_cost": 1499.7066717931348, "time_cost": 150, "final_distance_cost": 8.852672505315265, "oscillation_cost": 137.0674037321267, "completition_cost": 1000.0, "overshoot_cost": 136.13720645553443, "power_cost": 19.614761193847656, "noise_cost": 48.034627906310575, "n_waypoints_completed": 0, "tot_waypoints": 9}}
{"target": -1908.5996116779816, "params": {"k_pid_pos": [0.025594670325517654, 0.9271702766418457, 0.02374836802482605], "k_pid_alt": [1.8548178672790527, 0.957580029964447, 0.0], "k_pid_att": [93.6759033203125, 0.3642995059490204, 0.0], "k_pid_yaw": [0.5, 1e-06, 0.1], "k_pid_hsp": [9.999999747378752e-05, 0.0, 0.0], "k_pid_vsp": [0.0, 400.0, 375.74322509765625]}, "datetime": {"datetime": "2025-08-20 22:11:09", "elapsed": 37124.01074099541, "delta": 23.020263195037842}, "costs": {"total_cost": 1908.5996116779816, "time_cost": 150, "final_distance_cost": 331.97355303007043, "oscillation_cost": 29.327874071665633, "completition_cost": 1000.0, "overshoot_cost": 372.10944926202814, "power_cost": 11.708012194824219, "noise_cost": 13.480723119393147, "n_waypoints_completed": 0, "tot_waypoints": 9}}
{"target": -1478.7533514914055, "params": {"k_pid_pos": [0.006270381156355143, 0.9447969198226929, 0.0], "k_pid_alt": [1.9595065116882324, 1.0, 0.03990092873573303], "k_pid_att": [100.0, 9.999999747378752e-05, 0.0], "k_pid_yaw": [0.5, 1e-06, 0.1], "k_pid_hsp": [0.42089712619781494, 0.007759034633636475, 0.05373334884643555], "k_pid_vsp": [6.016194820404053, 400.0, 367.6745300292969]}, "datetime": {"datetime": "2025-08-20 22:11:33", "elapsed": 37147.66501235962, "delta": 23.654271364212036}, "costs": {"total_cost": 1478.7533514914055, "time_cost": 150, "final_distance_cost": 18.45331237735153, "oscillation_cost": 125.81344010502526, "completition_cost": 1000.0, "overshoot_cost": 131.26686001501977, "power_cost": 20.242386694335938, "noise_cost": 32.97735229967301, "n_waypoints_completed": 0, "tot_waypoints": 9}}
{"target": -4377.951583322507, "params": {"k_pid_pos": [9.999999747378752e-05, 1.0, 0.0], "k_pid_alt": [1.9933876991271973, 0.9747893810272217, 0.07468876242637634], "k_pid_att": [99.95687866210938, 9.999999747378752e-05, 0.05149814486503601], "k_pid_yaw": [0.5, 1e-06, 0.1], "k_pid_hsp": [9.999999747378752e-05, 0.035433679819107056, 0.0453876256942749], "k_pid_vsp": [0.0, 372.14501953125, 371.6940002441406]}, "datetime": {"datetime": "2025-08-20 22:11:56", "elapsed": 37171.12037706375, "delta": 23.45536470413208}, "costs": {"total_cost": 4377.951583322507, "time_cost": 150, "final_distance_cost": 1159.1710067879374, "oscillation_cost": 135.77392867368255, "completition_cost": 1000.0, "overshoot_cost": 1892.3541283903696, "power_cost": 22.668689379882814, "noise_cost": 17.983830090634573, "n_waypoints_completed": 0, "tot_waypoints": 9}}
{"target": -1469.2331427391546, "params": {"k_pid_pos": [0.008343386463820934, 1.0, 0.0], "k_pid_alt": [1.9459055662155151, 0.9770799875259399, 0.04903453588485718], "k_pid_att": [95.537109375, 0.1981860101222992, 0.0], "k_pid_yaw": [0.5, 1e-06, 0.1], "k_pid_hsp": [0.48570817708969116, 0.0, 0.0], "k_pid_vsp": [0.0, 363.9056701660156, 400.0]}, "datetime": {"datetime": "2025-08-20 22:12:20", "elapsed": 37194.528950214386, "delta": 23.408573150634766}, "costs": {"total_cost": 1469.2331427391546, "time_cost": 150, "final_distance_cost": 17.120567988537953, "oscillation_cost": 62.551729068410516, "completition_cost": 1000.0, "overshoot_cost": 139.94565087007928, "power_cost": 24.192525585937503, "noise_cost": 75.42266922618903, "n_waypoints_completed": 0, "tot_waypoints": 9}}
{"target": -1482.016904717176, "params": {"k_pid_pos": [9.999999747378752e-05, 1.0, 0.0], "k_pid_alt": [1.9628827571868896, 0.9398372769355774, 0.10745781660079956], "k_pid_att": [97.70511627197266, 9.999999747378752e-05, 0.047069013118743896], "k_pid_yaw": [0.5, 1e-06, 0.1], "k_pid_hsp": [0.6649360656738281, 0.018480896949768066, 0.05947962403297424], "k_pid_vsp": [0.0, 389.58843994140625, 400.0]}, "datetime": {"datetime": "2025-08-20 22:12:44", "elapsed": 37219.1766974926, "delta": 24.6477472782135}, "costs": {"total_cost": 1482.016904717176, "time_cost": 150, "final_distance_cost": 7.833956378962585, "oscillation_cost": 119.9144318306071, "completition_cost": 1000.0, "overshoot_cost": 135.71680177477901, "power_cost": 21.598008032226563, "noise_cost": 46.95370670060065, "n_waypoints_completed": 0, "tot_waypoints": 9}}
{"target": -1471.930446316504, "params": {"k_pid_pos": [0.05537649244070053, 1.0, 0.04292455315589905], "k_pid_alt": [1.848287582397461, 1.0, 0.0], "k_pid_att": [100.0, 9.999999747378752e-05, 0.0], "k_pid_yaw": [0.5, 1e-06, 0.1], "k_pid_hsp": [0.19515186548233032, 0.004298806190490723, 0.016961634159088135], "k_pid_vsp": [0.08858442306518555, 400.0, 393.314208984375]}, "datetime": {"datetime": "2025-08-20 22:13:09", "elapsed": 37243.88489937782, "delta": 24.70820188522339}, "costs": {"total_cost": 1471.930446316504, "time_cost": 150, "final_distance_cost": 18.127651761857383, "oscillation_cost": 77.10589576855823, "completition_cost": 1000.0, "overshoot_cost": 140.07793551544793, "power_cost": 20.606734338378907, "noise_cost": 66.01222893226165, "n_waypoints_completed": 0, "tot_waypoints": 9}}
{"target": -1431.4919645007394, "params": {"k_pid_pos": [0.08483854681253433, 1.0, 0.0], "k_pid_alt": [1.80937922000885, 1.0, 0.11616268754005432], "k_pid_att": [93.73482513427734, 0.09173347800970078, 0.0], "k_pid_yaw": [0.5, 1e-06, 0.1], "k_pid_hsp": [0.04024392366409302, 0.018272042274475098, 0.0], "k_pid_vsp": [13.88082504272461, 400.0, 400.0]}, "datetime": {"datetime": "2025-08-20 22:13:30", "elapsed": 37265.432809114456, "delta": 21.5479097366333}, "costs": {"total_cost": 1431.4919645007394, "time_cost": 150, "final_distance_cost": 19.117970444891917, "oscillation_cost": 43.6918440062636, "completition_cost": 1000.0, "overshoot_cost": 142.43475511555, "power_cost": 17.63983298339844, "noise_cost": 58.6075619506354, "n_waypoints_completed": 0, "tot_waypoints": 9}}
{"target": -2584.269878183258, "params": {"k_pid_pos": [0.05443943664431572, 0.9416000843048096, 0.0], "k_pid_alt": [1.9891003370285034, 0.9619007706642151, 0.008293092250823975], "k_pid_att": [98.80935668945312, 1.073815941810608, 0.0], "k_pid_yaw": [0.5, 1e-06, 0.1], "k_pid_hsp": [9.999999747378752e-05, 0.014538973569869995, 0.07401764392852783], "k_pid_vsp": [21.51883888244629, 400.0, 400.0]}, "datetime": {"datetime": "2025-08-20 22:13:54", "elapsed": 37288.87860131264, "delta": 23.445792198181152}, "costs": {"total_cost": 2584.269878183258, "time_cost": 150, "final_distance_cost": 399.09911564100435, "oscillation_cost": 327.9081914367354, "completition_cost": 1000.0, "overshoot_cost": 667.9499699258432, "power_cost": 21.784744763183596, "noise_cost": 17.52785641649145, "n_waypoints_completed": 0, "tot_waypoints": 9}}
{"target": -1403.021124859292, "params": {"k_pid_pos": [9.999999747378752e-05, 1.0, 0.0], "k_pid_alt": [1.9721431732177734, 1.0, 0.0], "k_pid_att": [90.49272918701172, 9.999999747378752e-05, 0.10168188810348511], "k_pid_yaw": [0.5, 1e-06, 0.1], "k_pid_hsp": [0.07182453572750092, 0.08386784791946411, 0.07452324032783508], "k_pid_vsp": [0.0, 400.0, 385.002197265625]}, "datetime": {"datetime": "2025-08-20 22:14:18", "elapsed": 37312.58316397667, "delta": 23.704562664031982}, "costs": {"total_cost": 1403.021124859292, "time_cost": 150, "final_distance_cost": 76.79311668827032, "oscillation_cost": 147.07633842319208, "completition_cost": 888.8888888888888, "overshoot_cost": 99.56843535486944, "power_cost": 22.773373022460937, "noise_cost": 17.920972481610523, "n_waypoints_completed": 1, "tot_waypoints": 9}}
{"target": -3738.0783478388657, "params": {"k_pid_pos": [9.999999747378752e-05, 0.9526137113571167, 0.09025579690933228], "k_pid_alt": [2.0, 0.9502583146095276, 0.0], "k_pid_att": [93.13568115234375, 0.6088939905166626, 0.02256867289543152], "k_pid_yaw": [0.5, 1e-06, 0.1], "k_pid_hsp": [9.999999747378752e-05, 0.0, 0.03679698705673218], "k_pid_vsp": [14.78162956237793, 391.3719482421875, 394.22052001953125]}, "datetime": {"datetime": "2025-08-20 22:14:42", "elapsed": 37337.37229824066, "delta": 24.78913426399231}, "costs": {"total_cost": 3738.0783478388657, "time_cost": 150, "final_distance_cost": 928.353423430823, "oscillation_cost": 91.33378442472058, "completition_cost": 1000.0, "overshoot_cost": 1529.1973624694601, "power_cost": 21.64329665527344, "noise_cost": 17.550480858588635, "n_waypoints_completed": 0, "tot_waypoints": 9}}
{"target": -1513.3417770335443, "params": {"k_pid_pos": [9.999999747378752e-05, 1.0, 0.0381128191947937], "k_pid_alt": [1.937424659729004, 0.9455356597900391, 0.0], "k_pid_att": [100.0, 9.999999747378752e-05, 0.026997745037078857], "k_pid_yaw": [0.5, 1e-06, 0.1], "k_pid_hsp": [0.4426344037055969, 0.0958530604839325, 0.014769554138183594], "k_pid_vsp": [0.0, 385.8037109375, 400.0]}, "datetime": {"datetime": "2025-08-20 22:15:05", "elapsed": 37360.266917705536, "delta": 22.894619464874268}, "costs": {"total_cost": 1513.3417770335443, "time_cost": 150, "final_distance_cost": 30.83132620433467, "oscillation_cost": 81.55449078143515, "completition_cost": 1000.0, "overshoot_cost": 147.17808459458513, "power_cost": 25.494555603027344, "noise_cost": 78.28331985016213, "n_waypoints_completed": 0, "tot_waypoints": 9}}
{"target": -1436.5108411040048, "params": {"k_pid_pos": [9.999999747378752e-05, 0.9488524198532104, 0.02272796630859375], "k_pid_alt": [1.9543243646621704, 1.0, 0.0], "k_pid_att": [100.0, 9.999999747378752e-05, 0.0], "k_pid_yaw": [0.5, 1e-06, 0.1], "k_pid_hsp": [0.14634747803211212, 0.05931863188743591, 0.0], "k_pid_vsp": [36.80747604370117, 400.0, 357.17181396484375]}, "datetime": {"datetime": "2025-08-20 22:15:29", "elapsed": 37383.80767059326, "delta": 23.54075288772583}, "costs": {"total_cost": 1436.5108411040048, "time_cost": 150, "final_distance_cost": 12.956737428678059, "oscillation_cost": 55.47544497580124, "completition_cost": 1000.0, "overshoot_cost": 141.80966479712035, "power_cost": 17.294952685546875, "noise_cost": 58.974041216858254, "n_waypoints_completed": 0, "tot_waypoints": 9}}
{"target": -1389.1477252820744, "params": {"k_pid_pos": [0.02195253223180771, 0.9711570739746094, 0.0], "k_pid_alt": [1.9626376628875732, 1.0, 0.039316415786743164], "k_pid_att": [91.96585845947266, 0.5843871831893921, 0.0], "k_pid_yaw": [0.5, 1e-06, 0.1], "k_pid_hsp": [0.12546639144420624, 0.030393928289413452, 0.0], "k_pid_vsp": [25.105262756347656, 395.1957702636719, 398.4063720703125]}, "datetime": {"datetime": "2025-08-20 22:15:52", "elapsed": 37407.40691423416, "delta": 23.599243640899658}, "costs": {"total_cost": 1389.1477252820744, "time_cost": 150, "final_distance_cost": 12.989225419653126, "oscillation_cost": 53.05270359264777, "completition_cost": 1000.0, "overshoot_cost": 141.53483218147488, "power_cost": 4.366422473144532, "noise_cost": 27.204541615154117, "n_waypoints_completed": 0, "tot_waypoints": 9}}
{"target": -1475.7315485165866, "params": {"k_pid_pos": [0.059061720967292786, 0.9278265833854675, 0.0], "k_pid_alt": [2.0, 1.0, 0.0], "k_pid_att": [90.50615692138672, 0.21993224322795868, 0.0017316043376922607], "k_pid_yaw": [0.5, 1e-06, 0.1], "k_pid_hsp": [0.9506894946098328, 0.0, 0.0], "k_pid_vsp": [0.0, 366.3320007324219, 400.0]}, "datetime": {"datetime": "2025-08-20 22:16:16", "elapsed": 37430.53268909454, "delta": 23.12577486038208}, "costs": {"total_cost": 1475.7315485165866, "time_cost": 150, "final_distance_cost": 12.66310290870957, "oscillation_cost": 65.74009404238271, "completition_cost": 1000.0, "overshoot_cost": 139.04063306957468, "power_cost": 26.86040028076172, "noise_cost": 81.42731821515794, "n_waypoints_completed": 0, "tot_waypoints": 9}}
{"target": -1441.6368648113928, "params": {"k_pid_pos": [9.999999747378752e-05, 1.0, 0.01632744073867798], "k_pid_alt": [2.0, 0.9287407398223877, 0.07069319486618042], "k_pid_att": [96.94741821289062, 0.21878546476364136, 0.0], "k_pid_yaw": [0.5, 1e-06, 0.1], "k_pid_hsp": [9.999999747378752e-05, 0.05865669250488281, 0.020264655351638794], "k_pid_vsp": [40.15630340576172, 400.0, 400.0]}, "datetime": {"datetime": "2025-08-20 22:16:38", "elapsed": 37453.21758580208, "delta": 22.68489670753479}, "costs": {"total_cost": 1441.6368648113928, "time_cost": 150, "final_distance_cost": 19.279668423979857, "oscillation_cost": 37.27077358522169, "completition_cost": 1000.0, "overshoot_cost": 148.4832112961545, "power_cost": 20.21506228027344, "noise_cost": 66.38814922576334, "n_waypoints_completed": 0, "tot_waypoints": 9}}
{"target": -1475.4720116535373, "params": {"k_pid_pos": [9.999999747378752e-05, 1.0, 0.035269588232040405], "k_pid_alt": [2.0, 0.9225729703903198, 0.0], "k_pid_att": [100.0, 9.999999747378752e-05, 0.028058558702468872], "k_pid_yaw": [0.5, 1e-06, 0.1], "k_pid_hsp": [0.87076735496521, 0.01649940013885498, 0.0036613941192626953], "k_pid_vsp": [0.0, 400.0, 395.292236328125]}, "datetime": {"datetime": "2025-08-20 22:17:04", "elapsed": 37478.821162223816, "delta": 25.60357642173767}, "costs": {"total_cost": 1475.4720116535373, "time_cost": 150, "final_distance_cost": 13.317965113856083, "oscillation_cost": 67.08726042759987, "completition_cost": 1000.0, "overshoot_cost": 139.52524561373664, "power_cost": 25.873006164550784, "noise_cost": 79.66853433379397, "n_waypoints_completed": 0, "tot_waypoints": 9}}
{"target": -1416.6438141935103, "params": {"k_pid_pos": [9.999999747378752e-05, 1.0, 0.06459605693817139], "k_pid_alt": [2.0, 0.9915985465049744, 0.09899979829788208], "k_pid_att": [91.81720733642578, 9.999999747378752e-05, 0.03438490629196167], "k_pid_yaw": [0.5, 1e-06, 0.1], "k_pid_hsp": [0.16813364624977112, 0.0, 0.03580787777900696], "k_pid_vsp": [7.528793811798096, 400.0, 400.0]}, "datetime": {"datetime": "2025-08-20 22:17:27", "elapsed": 37501.94736003876, "delta": 23.126197814941406}, "costs": {"total_cost": 1416.6438141935103, "time_cost": 150, "final_distance_cost": 15.552787238811499, "oscillation_cost": 91.16119557416427, "completition_cost": 1000.0, "overshoot_cost": 126.78509046434633, "power_cost": 11.306489001464845, "noise_cost": 21.838251914723617, "n_waypoints_completed": 0, "tot_waypoints": 9}}
{"target": -1466.2995590574342, "params": {"k_pid_pos": [9.999999747378752e-05, 0.9749658703804016, 0.0536346435546875], "k_pid_alt": [1.9922418594360352, 1.0, 0.16666793823242188], "k_pid_att": [100.0, 1.0343647003173828, 0.0], "k_pid_yaw": [0.5, 1e-06, 0.1], "k_pid_hsp": [9.999999747378752e-05, 0.07992589473724365, 0.023766309022903442], "k_pid_vsp": [0.0, 384.79681396484375, 400.0]}, "datetime": {"datetime": "2025-08-20 22:17:49", "elapsed": 37524.16634631157, "delta": 22.21898627281189}, "costs": {"total_cost": 1466.2995590574342, "time_cost": 150, "final_distance_cost": 23.47299799335413, "oscillation_cost": 55.16122050934593, "completition_cost": 1000.0, "overshoot_cost": 145.23405970921985, "power_cost": 21.784396813964843, "noise_cost": 70.64688403154949, "n_waypoints_completed": 0, "tot_waypoints": 9}}
