{"target": -1970.8553282123241, "params": {"k_pid_pos": [0.0234685018658638, 1.0, 0.014945060014724731], "k_pid_alt": [1.916196346282959, 0.9560741782188416, 0.0], "k_pid_att": [100.0, 0.7578242421150208, 0.0], "k_pid_yaw": [0.5, 1e-06, 0.1], "k_pid_hsp": [9.999999747378752e-05, 0.0, 0.0], "k_pid_vsp": [18.446386337280273, 392.8857116699219, 400.0]}, "datetime": {"datetime": "2025-08-20 20:44:19", "elapsed": 31913.659282445908, "delta": 25.334508657455444}, "costs": {"total_cost": 1970.8553282123241, "time_cost": 150, "final_distance_cost": 341.56534653531145, "oscillation_cost": 25.381126714118256, "completition_cost": 1000.0, "overshoot_cost": 388.17781213327135, "power_cost": 37.96094117431641, "noise_cost": 27.770101655306686, "n_waypoints_completed": 0, "tot_waypoints": 9}}
{"target": -1422.3856631446822, "params": {"k_pid_pos": [0.009632570669054985, 0.9732779264450073, 0.0], "k_pid_alt": [1.982358694076538, 0.9831947088241577, 0.0], "k_pid_att": [99.88500213623047, 9.999999747378752e-05, 0.05222970247268677], "k_pid_yaw": [0.5, 1e-06, 0.1], "k_pid_hsp": [0.422756165266037, 0.0, 0.0], "k_pid_vsp": [3.2406091690063477, 400.0, 400.0]}, "datetime": {"datetime": "2025-08-20 20:44:43", "elapsed": 31938.29769730568, "delta": 24.63841485977173}, "costs": {"total_cost": 1422.3856631446822, "time_cost": 150, "final_distance_cost": 17.181205531448136, "oscillation_cost": 64.39191353843975, "completition_cost": 1000.0, "overshoot_cost": 139.82681704661974, "power_cost": 9.984171875000001, "noise_cost": 41.00155515317463, "n_waypoints_completed": 0, "tot_waypoints": 9}}
{"target": -2463.1291859053836, "params": {"k_pid_pos": [0.2111305445432663, 1.0, 0.07600754499435425], "k_pid_alt": [2.0, 0.949100911617279, 0.0], "k_pid_att": [86.29698944091797, 9.999999747378752e-05, 0.0], "k_pid_yaw": [0.5, 1e-06, 0.1], "k_pid_hsp": [9.999999747378752e-05, 0.0, 0.023132681846618652], "k_pid_vsp": [0.0, 386.5686340332031, 397.42535400390625]}, "datetime": {"datetime": "2025-08-20 20:45:05", "elapsed": 31960.069237470627, "delta": 21.77154016494751}, "costs": {"total_cost": 2463.1291859053836, "time_cost": 150, "final_distance_cost": 506.6320071551727, "oscillation_cost": 93.73454629564223, "completition_cost": 1000.0, "overshoot_cost": 651.1113356504295, "power_cost": 36.10573991699219, "noise_cost": 25.545556887146716, "n_waypoints_completed": 0, "tot_waypoints": 9}}
{"target": -1413.8097349721104, "params": {"k_pid_pos": [0.0051813991740345955, 0.9303346276283264, 0.0], "k_pid_alt": [1.9845080375671387, 0.9896632432937622, 0.030563026666641235], "k_pid_att": [95.60523986816406, 9.999999747378752e-05, 0.10645371675491333], "k_pid_yaw": [0.5, 1e-06, 0.1], "k_pid_hsp": [9.999999747378752e-05, 0.0681949257850647, 0.0035644173622131348], "k_pid_vsp": [0.0, 399.1256103515625, 378.55218505859375]}, "datetime": {"datetime": "2025-08-20 20:45:28", "elapsed": 31982.72884106636, "delta": 22.659603595733643}, "costs": {"total_cost": 1413.8097349721104, "time_cost": 150, "final_distance_cost": 4.078402778403382, "oscillation_cost": 42.88048417434592, "completition_cost": 1000.0, "overshoot_cost": 147.2249696613852, "power_cost": 15.478634277343751, "noise_cost": 54.147244080632476, "n_waypoints_completed": 0, "tot_waypoints": 9}}
{"target": -1323.9534687644225, "params": {"k_pid_pos": [0.1236613467335701, 0.9325873851776123, 0.0], "k_pid_alt": [1.9350650310516357, 1.0, 0.0], "k_pid_att": [99.99658203125, 9.999999747378752e-05, 0.06305870413780212], "k_pid_yaw": [0.5, 1e-06, 0.1], "k_pid_hsp": [9.999999747378752e-05, 0.03232389688491821, 0.0], "k_pid_vsp": [0.0, 362.9528503417969, 364.2093200683594]}, "datetime": {"datetime": "2025-08-20 20:45:51", "elapsed": 32006.284288167953, "delta": 23.555447101593018}, "costs": {"total_cost": 1323.9534687644225, "time_cost": 150, "final_distance_cost": 61.18703733078805, "oscillation_cost": 28.579794381107277, "completition_cost": 888.8888888888888, "overshoot_cost": 122.04405409524907, "power_cost": 37.86165827636719, "noise_cost": 35.392035792021936, "n_waypoints_completed": 1, "tot_waypoints": 9}}
{"target": -1710.225371080514, "params": {"k_pid_pos": [9.999999747378752e-05, 0.9949498176574707, 0.0], "k_pid_alt": [1.974283218383789, 0.9483500123023987, 0.00021699070930480957], "k_pid_att": [100.0, 9.999999747378752e-05, 0.05248236656188965], "k_pid_yaw": [0.5, 1e-06, 0.1], "k_pid_hsp": [9.999999747378752e-05, 0.01687079668045044, 0.0], "k_pid_vsp": [0.0, 400.0, 382.9403991699219]}, "datetime": {"datetime": "2025-08-20 20:46:15", "elapsed": 32029.834733486176, "delta": 23.550445318222046}, "costs": {"total_cost": 1710.225371080514, "time_cost": 150, "final_distance_cost": 239.75761610403688, "oscillation_cost": 31.5775649458658, "completition_cost": 1000.0, "overshoot_cost": 261.6508710844772, "power_cost": 12.925063452148438, "noise_cost": 14.314255493985785, "n_waypoints_completed": 0, "tot_waypoints": 9}}
{"target": -1404.0932772299975, "params": {"k_pid_pos": [9.999999747378752e-05, 0.9298903346061707, 0.06519132852554321], "k_pid_alt": [1.8698375225067139, 0.9676048755645752, 0.0], "k_pid_att": [100.0, 9.999999747378752e-05, 0.0], "k_pid_yaw": [0.5, 1e-06, 0.1], "k_pid_hsp": [9.999999747378752e-05, 0.09408849477767944, 0.04190051555633545], "k_pid_vsp": [0.0, 398.8920593261719, 394.90362548828125]}, "datetime": {"datetime": "2025-08-20 20:46:37", "elapsed": 32052.211237430573, "delta": 22.376503944396973}, "costs": {"total_cost": 1404.0932772299975, "time_cost": 150, "final_distance_cost": 30.15375955283875, "oscillation_cost": 92.29129505375876, "completition_cost": 1000.0, "overshoot_cost": 99.49777783357577, "power_cost": 13.822013549804689, "noise_cost": 18.328431240019327, "n_waypoints_completed": 0, "tot_waypoints": 9}}
{"target": -1480.3837188257012, "params": {"k_pid_pos": [0.05936837196350098, 1.0, 0.0], "k_pid_alt": [2.0, 0.9559340476989746, 0.0], "k_pid_att": [100.0, 0.2366693615913391, 0.031827569007873535], "k_pid_yaw": [0.5, 1e-06, 0.1], "k_pid_hsp": [9.999999747378752e-05, 0.1284252405166626, 0.03425219655036926], "k_pid_vsp": [0.0, 400.0, 400.0]}, "datetime": {"datetime": "2025-08-20 20:46:59", "elapsed": 32074.16991043091, "delta": 21.958673000335693}, "costs": {"total_cost": 1480.3837188257012, "time_cost": 150, "final_distance_cost": 16.38743006237391, "oscillation_cost": 60.54088925988161, "completition_cost": 1000.0, "overshoot_cost": 144.5427665074346, "power_cost": 27.06147596435547, "noise_cost": 81.85115703165565, "n_waypoints_completed": 0, "tot_waypoints": 9}}
{"target": -2173.2768488867546, "params": {"k_pid_pos": [0.03378763794898987, 1.0, 0.06651332974433899], "k_pid_alt": [2.0, 0.9917173981666565, 0.004667729139328003], "k_pid_att": [100.0, 9.999999747378752e-05, 0.0], "k_pid_yaw": [0.5, 1e-06, 0.1], "k_pid_hsp": [9.999999747378752e-05, 0.03866159915924072, 0.026239633560180664], "k_pid_vsp": [2.2806763648986816, 400.0, 400.0]}, "datetime": {"datetime": "2025-08-20 20:47:24", "elapsed": 32098.625999212265, "delta": 24.45608878135681}, "costs": {"total_cost": 2173.2768488867546, "time_cost": 150, "final_distance_cost": 382.5353167321472, "oscillation_cost": 111.14222237907289, "completition_cost": 1000.0, "overshoot_cost": 469.2747178196075, "power_cost": 35.1463046875, "noise_cost": 25.178287268427084, "n_waypoints_completed": 0, "tot_waypoints": 9}}
{"target": -1932.0129241094014, "params": {"k_pid_pos": [0.04139316827058792, 0.9425485134124756, 0.0], "k_pid_alt": [1.891890048980713, 0.9338611364364624, 0.016155511140823364], "k_pid_att": [100.0, 0.18376034498214722, 0.0], "k_pid_yaw": [0.5, 1e-06, 0.1], "k_pid_hsp": [9.999999747378752e-05, 0.002355128526687622, 0.0], "k_pid_vsp": [22.242462158203125, 400.0, 400.0]}, "datetime": {"datetime": "2025-08-20 20:47:47", "elapsed": 32122.24328517914, "delta": 23.61728596687317}, "costs": {"total_cost": 1932.0129241094014, "time_cost": 150, "final_distance_cost": 339.06403510815704, "oscillation_cost": 31.33656378972506, "completition_cost": 1000.0, "overshoot_cost": 387.5274234612258, "power_cost": 11.254548291015626, "noise_cost": 12.830353459277994, "n_waypoints_completed": 0, "tot_waypoints": 9}}
{"target": -1545.32612062295, "params": {"k_pid_pos": [9.999999747378752e-05, 1.0, 0.044488877058029175], "k_pid_alt": [1.9323326349258423, 1.0, 0.012693524360656738], "k_pid_att": [95.95106506347656, 9.999999747378752e-05, 0.03959047794342041], "k_pid_yaw": [0.5, 1e-06, 0.1], "k_pid_hsp": [0.5278914570808411, 0.0, 0.07936215400695801], "k_pid_vsp": [9.819483757019043, 382.2174987792969, 400.0]}, "datetime": {"datetime": "2025-08-20 20:48:09", "elapsed": 32144.465706586838, "delta": 22.222421407699585}, "costs": {"total_cost": 1545.32612062295, "time_cost": 150, "final_distance_cost": 21.129969606792873, "oscillation_cost": 165.94923469972088, "completition_cost": 1000.0, "overshoot_cost": 131.32685096194274, "power_cost": 30.95016923828125, "noise_cost": 45.9698961162123, "n_waypoints_completed": 0, "tot_waypoints": 9}}
{"target": -1390.8391444603203, "params": {"k_pid_pos": [9.999999747378752e-05, 0.9311873316764832, 0.0], "k_pid_alt": [1.9053401947021484, 0.9384390711784363, 0.005552321672439575], "k_pid_att": [100.0, 0.3707224130630493, 0.0], "k_pid_yaw": [0.5, 1e-06, 0.1], "k_pid_hsp": [0.10497958213090897, 0.016698867082595825, 0.05235147476196289], "k_pid_vsp": [0.0, 400.0, 400.0]}, "datetime": {"datetime": "2025-08-20 20:48:32", "elapsed": 32167.319075345993, "delta": 22.853368759155273}, "costs": {"total_cost": 1390.8391444603203, "time_cost": 150, "final_distance_cost": 71.56728583906111, "oscillation_cost": 147.2310643165336, "completition_cost": 888.8888888888888, "overshoot_cost": 88.03480374418768, "power_cost": 25.587516943359375, "noise_cost": 19.529584728289933, "n_waypoints_completed": 1, "tot_waypoints": 9}}
{"target": -2508.3176422156653, "params": {"k_pid_pos": [9.999999747378752e-05, 0.9341548681259155, 0.07752245664596558], "k_pid_alt": [1.8383967876434326, 1.0, 0.0], "k_pid_att": [96.6080322265625, 0.2341621220111847, 0.02336832880973816], "k_pid_yaw": [0.5, 1e-06, 0.1], "k_pid_hsp": [9.999999747378752e-05, 0.04049372673034668, 0.07624301314353943], "k_pid_vsp": [31.61089324951172, 381.1199645996094, 400.0]}, "datetime": {"datetime": "2025-08-20 20:48:55", "elapsed": 32190.198076486588, "delta": 22.879001140594482}, "costs": {"total_cost": 2508.3176422156653, "time_cost": 150, "final_distance_cost": 358.12862503408496, "oscillation_cost": 373.59806050196664, "completition_cost": 1000.0, "overshoot_cost": 587.9364425389258, "power_cost": 21.415154296875002, "noise_cost": 17.23935984381294, "n_waypoints_completed": 0, "tot_waypoints": 9}}
{"target": -1460.3442759186287, "params": {"k_pid_pos": [9.999999747378752e-05, 1.0, 0.01267901062965393], "k_pid_alt": [1.9545860290527344, 0.9892262816429138, 0.06328600645065308], "k_pid_att": [100.0, 9.999999747378752e-05, 0.0], "k_pid_yaw": [0.5, 1e-06, 0.1], "k_pid_hsp": [0.6122595071792603, 0.0, 0.02421233057975769], "k_pid_vsp": [3.489995002746582, 400.0, 398.5903625488281]}, "datetime": {"datetime": "2025-08-20 20:49:19", "elapsed": 32214.152590751648, "delta": 23.954514265060425}, "costs": {"total_cost": 1460.3442759186287, "time_cost": 150, "final_distance_cost": 17.788323182795477, "oscillation_cost": 90.56662815622427, "completition_cost": 1000.0, "overshoot_cost": 145.6301395101557, "power_cost": 11.50693115234375, "noise_cost": 44.852253917109444, "n_waypoints_completed": 0, "tot_waypoints": 9}}
{"target": -1438.979591748229, "params": {"k_pid_pos": [0.027272695675492287, 1.0, 0.04002001881599426], "k_pid_alt": [2.0, 1.0, 0.0], "k_pid_att": [98.57152557373047, 9.999999747378752e-05, 0.04336339235305786], "k_pid_yaw": [0.5, 1e-06, 0.1], "k_pid_hsp": [9.999999747378752e-05, 0.05185946822166443, 0.0], "k_pid_vsp": [11.212778091430664, 399.9882507324219, 400.0]}, "datetime": {"datetime": "2025-08-20 20:49:45", "elapsed": 32240.066349744797, "delta": 25.913758993148804}, "costs": {"total_cost": 1438.979591748229, "time_cost": 150, "final_distance_cost": 20.881098384291622, "oscillation_cost": 36.323945320533134, "completition_cost": 1000.0, "overshoot_cost": 151.38168971940016, "power_cost": 18.719493688964846, "noise_cost": 61.67336463503939, "n_waypoints_completed": 0, "tot_waypoints": 9}}
{"target": -1455.441637462204, "params": {"k_pid_pos": [0.03878827765583992, 0.9576157927513123, 0.0], "k_pid_alt": [2.0, 1.0, 0.0], "k_pid_att": [99.8402328491211, 9.999999747378752e-05, 0.0], "k_pid_yaw": [0.5, 1e-06, 0.1], "k_pid_hsp": [9.999999747378752e-05, 0.08184143900871277, 0.0], "k_pid_vsp": [0.0, 399.2189025878906, 364.080322265625]}, "datetime": {"datetime": "2025-08-20 20:50:10", "elapsed": 32264.91618537903, "delta": 24.849835634231567}, "costs": {"total_cost": 1455.441637462204, "time_cost": 150, "final_distance_cost": 22.010638577014127, "oscillation_cost": 47.5793264136405, "completition_cost": 1000.0, "overshoot_cost": 145.76081979473835, "power_cost": 21.38034482421875, "noise_cost": 68.71050785259216, "n_waypoints_completed": 0, "tot_waypoints": 9}}
{"target": -1962.326010955311, "params": {"k_pid_pos": [0.04767893627285957, 1.0, 0.0], "k_pid_alt": [1.9161806106567383, 0.9746478199958801, 0.0], "k_pid_att": [94.33511352539062, 9.999999747378752e-05, 0.0], "k_pid_yaw": [0.5, 1e-06, 0.1], "k_pid_hsp": [9.999999747378752e-05, 0.002138376235961914, 0.0], "k_pid_vsp": [0.16061067581176758, 386.0601806640625, 400.0]}, "datetime": {"datetime": "2025-08-20 20:50:33", "elapsed": 32288.321409225464, "delta": 23.405223846435547}, "costs": {"total_cost": 1962.326010955311, "time_cost": 150, "final_distance_cost": 336.7344193305672, "oscillation_cost": 24.823751882860307, "completition_cost": 1000.0, "overshoot_cost": 385.47302130545984, "power_cost": 37.90814813232422, "noise_cost": 27.386670304099148, "n_waypoints_completed": 0, "tot_waypoints": 9}}
{"target": -1529.7052712401035, "params": {"k_pid_pos": [0.052256107330322266, 0.9471622705459595, 0.003144204616546631], "k_pid_alt": [2.0, 0.9073371887207031, 0.056829363107681274], "k_pid_att": [99.6670150756836, 0.04434557631611824, 0.0], "k_pid_yaw": [0.5, 1e-06, 0.1], "k_pid_hsp": [0.6420516967773438, 0.07539361715316772, 0.08433228731155396], "k_pid_vsp": [19.86299705505371, 400.0, 377.21160888671875]}, "datetime": {"datetime": "2025-08-20 20:50:56", "elapsed": 32311.07916212082, "delta": 22.757752895355225}, "costs": {"total_cost": 1529.7052712401035, "time_cost": 150, "final_distance_cost": 21.594537100751666, "oscillation_cost": 149.35980333418317, "completition_cost": 1000.0, "overshoot_cost": 135.90574829799465, "power_cost": 23.601289306640627, "noise_cost": 49.24389320053343, "n_waypoints_completed": 0, "tot_waypoints": 9}}
{"target": -1390.2771963911932, "params": {"k_pid_pos": [9.999999747378752e-05, 1.0, 0.013123631477355957], "k_pid_alt": [2.0, 1.0, 0.0], "k_pid_att": [89.78008270263672, 9.999999747378752e-05, 0.0], "k_pid_yaw": [0.5, 1e-06, 0.1], "k_pid_hsp": [0.6116580963134766, 0.016992837190628052, 0.0], "k_pid_vsp": [0.0, 394.9935607910156, 400.0]}, "datetime": {"datetime": "2025-08-20 20:51:19", "elapsed": 32334.296707630157, "delta": 23.21754550933838}, "costs": {"total_cost": 1390.2771963911932, "time_cost": 150, "final_distance_cost": 13.77171392093135, "oscillation_cost": 63.40468304480811, "completition_cost": 1000.0, "overshoot_cost": 139.86287997819312, "power_cost": 1.9641245361328126, "noise_cost": 21.273794911127688, "n_waypoints_completed": 0, "tot_waypoints": 9}}
{"target": -1929.7378761937798, "params": {"k_pid_pos": [9.999999747378752e-05, 0.9702944159507751, 0.0005665421485900879], "k_pid_alt": [1.9241552352905273, 0.9830725193023682, 0.0], "k_pid_att": [93.0676498413086, 9.999999747378752e-05, 0.020794659852981567], "k_pid_yaw": [0.5, 1e-06, 0.1], "k_pid_hsp": [9.999999747378752e-05, 0.0, 0.0], "k_pid_vsp": [12.125980377197266, 400.0, 373.29302978515625]}, "datetime": {"datetime": "2025-08-20 20:51:41", "elapsed": 32356.080149173737, "delta": 21.7834415435791}, "costs": {"total_cost": 1929.7378761937798, "time_cost": 150, "final_distance_cost": 326.3834636914583, "oscillation_cost": 24.364391957069614, "completition_cost": 1000.0, "overshoot_cost": 361.98481408282316, "power_cost": 37.949916223144534, "noise_cost": 29.0552902392843, "n_waypoints_completed": 0, "tot_waypoints": 9}}
{"target": -1498.9339936735266, "params": {"k_pid_pos": [9.999999747378752e-05, 0.9471405744552612, 0.029201030731201172], "k_pid_alt": [1.9719302654266357, 0.9908430576324463, 0.0], "k_pid_att": [100.0, 1.1322112083435059, 0.01815032958984375], "k_pid_yaw": [0.5, 1e-06, 0.1], "k_pid_hsp": [0.5199218392372131, 0.0, 0.0], "k_pid_vsp": [41.93937683105469, 400.0, 400.0]}, "datetime": {"datetime": "2025-08-20 20:52:04", "elapsed": 32379.251467227936, "delta": 23.17131805419922}, "costs": {"total_cost": 1498.9339936735266, "time_cost": 150, "final_distance_cost": 12.744131788430726, "oscillation_cost": 62.795970376193786, "completition_cost": 1000.0, "overshoot_cost": 139.52486362936096, "power_cost": 34.17472728271485, "noise_cost": 99.69430059682621, "n_waypoints_completed": 0, "tot_waypoints": 9}}
{"target": -1429.8596826356495, "params": {"k_pid_pos": [9.999999747378752e-05, 1.0, 0.04920327663421631], "k_pid_alt": [1.9294065237045288, 0.9956986904144287, 0.0], "k_pid_att": [99.5003662109375, 9.999999747378752e-05, 0.0], "k_pid_yaw": [0.5, 1e-06, 0.1], "k_pid_hsp": [9.999999747378752e-05, 0.04947221279144287, 0.02605736255645752], "k_pid_vsp": [18.253910064697266, 387.29046630859375, 400.0]}, "datetime": {"datetime": "2025-08-20 20:52:27", "elapsed": 32402.260975837708, "delta": 23.00950860977173}, "costs": {"total_cost": 1429.8596826356495, "time_cost": 150, "final_distance_cost": 57.50782625793135, "oscillation_cost": 88.89939150693851, "completition_cost": 1000.0, "overshoot_cost": 82.4084367266284, "power_cost": 27.845480834960938, "noise_cost": 23.198547309190143, "n_waypoints_completed": 0, "tot_waypoints": 9}}
{"target": -2391.062419002864, "params": {"k_pid_pos": [0.08557963371276855, 0.9874122142791748, 0.06479746103286743], "k_pid_alt": [2.0, 1.0, 0.10194876790046692], "k_pid_att": [93.56072235107422, 9.999999747378752e-05, 0.0], "k_pid_yaw": [0.5, 1e-06, 0.1], "k_pid_hsp": [9.999999747378752e-05, 0.0, 0.0853109061717987], "k_pid_vsp": [27.697324752807617, 400.0, 400.0]}, "datetime": {"datetime": "2025-08-20 20:52:51", "elapsed": 32426.483268499374, "delta": 24.22229266166687}, "costs": {"total_cost": 2391.062419002864, "time_cost": 150, "final_distance_cost": 302.0225014721035, "oscillation_cost": 389.92902994686733, "completition_cost": 1000.0, "overshoot_cost": 510.8764260428694, "power_cost": 21.148093103027346, "noise_cost": 17.086368437996615, "n_waypoints_completed": 0, "tot_waypoints": 9}}
{"target": -2308.380660588739, "params": {"k_pid_pos": [0.036808665841817856, 0.9699593782424927, 0.0], "k_pid_alt": [2.0, 1.0, 0.05615037679672241], "k_pid_att": [98.7828140258789, 9.999999747378752e-05, 0.008794248104095459], "k_pid_yaw": [0.5, 1e-06, 0.1], "k_pid_hsp": [9.999999747378752e-05, 0.0, 0.11544793844223022], "k_pid_vsp": [16.565048217773438, 394.7829284667969, 400.0]}, "datetime": {"datetime": "2025-08-20 20:53:14", "elapsed": 32448.895817756653, "delta": 22.412549257278442}, "costs": {"total_cost": 2308.380660588739, "time_cost": 150, "final_distance_cost": 266.17045379739017, "oscillation_cost": 398.40020744098683, "completition_cost": 1000.0, "overshoot_cost": 454.6095454725072, "power_cost": 21.806915881347656, "noise_cost": 17.393537996507106, "n_waypoints_completed": 0, "tot_waypoints": 9}}
{"target": -1395.6462237167066, "params": {"k_pid_pos": [0.20177915692329407, 1.0, 0.00968053936958313], "k_pid_alt": [2.0, 0.988723874092102, 0.054262518882751465], "k_pid_att": [100.0, 9.999999747378752e-05, 0.0], "k_pid_yaw": [0.5, 1e-06, 0.1], "k_pid_hsp": [0.4793946146965027, 0.03892436623573303, 0.0], "k_pid_vsp": [11.961376190185547, 400.0, 400.0]}, "datetime": {"datetime": "2025-08-20 20:53:37", "elapsed": 32471.822694301605, "delta": 22.926876544952393}, "costs": {"total_cost": 1395.6462237167066, "time_cost": 150, "final_distance_cost": 11.936345640510064, "oscillation_cost": 71.57738972403259, "completition_cost": 1000.0, "overshoot_cost": 138.7502617143604, "power_cost": 1.8825112426757813, "noise_cost": 21.49971539512758, "n_waypoints_completed": 0, "tot_waypoints": 9}}
{"target": -1398.6683793550899, "params": {"k_pid_pos": [9.999999747378752e-05, 0.9223988652229309, 0.0], "k_pid_alt": [1.9436697959899902, 0.9962031841278076, 0.07134771347045898], "k_pid_att": [97.69691467285156, 0.9677049517631531, 0.020645171403884888], "k_pid_yaw": [0.5, 1e-06, 0.1], "k_pid_hsp": [0.5000441670417786, 0.08210796117782593, 0.0], "k_pid_vsp": [12.507796287536621, 400.0, 387.9466857910156]}, "datetime": {"datetime": "2025-08-20 20:53:59", "elapsed": 32494.438744068146, "delta": 22.616049766540527}, "costs": {"total_cost": 1398.6683793550899, "time_cost": 150, "final_distance_cost": 10.764692154700036, "oscillation_cost": 63.914476871412006, "completition_cost": 1000.0, "overshoot_cost": 140.083735687453, "power_cost": 4.955115270996094, "noise_cost": 28.950359370528496, "n_waypoints_completed": 0, "tot_waypoints": 9}}
