{"target": -1463.3038584081198, "params": {"k_pid_pos": [9.999999747378752e-05, 1.0, 0.0], "k_pid_alt": [1.9237116575241089, 1.0, 0.05640524625778198], "k_pid_att": [90.85923767089844, 9.999999747378752e-05, 0.02256840467453003], "k_pid_yaw": [0.5, 1e-06, 0.1], "k_pid_hsp": [9.999999747378752e-05, 0.17873799800872803, 0.0], "k_pid_vsp": [0.0, 381.53033447265625, 400.0]}, "datetime": {"datetime": "2025-08-21 01:49:51", "elapsed": 50246.1945605278, "delta": 24.7884418964386}, "costs": {"total_cost": 1463.3038584081198, "time_cost": 150, "final_distance_cost": 17.733277456759, "oscillation_cost": 57.97577026649518, "completition_cost": 1000.0, "overshoot_cost": 144.99017230592324, "power_cost": 22.206032055664064, "noise_cost": 70.39860632327834, "n_waypoints_completed": 0, "tot_waypoints": 9}}
{"target": -1505.910960973158, "params": {"k_pid_pos": [9.999999747378752e-05, 0.998444676399231, 0.05380240082740784], "k_pid_alt": [2.0, 0.9872190356254578, 0.009972304105758667], "k_pid_att": [86.62631225585938, 0.14150077104568481, 0.0], "k_pid_yaw": [0.5, 1e-06, 0.1], "k_pid_hsp": [0.35865262150764465, 0.03195580840110779, 0.0], "k_pid_vsp": [0.0, 373.94720458984375, 378.298583984375]}, "datetime": {"datetime": "2025-08-21 01:50:15", "elapsed": 50269.583700180054, "delta": 23.389139652252197}, "costs": {"total_cost": 1505.910960973158, "time_cost": 150, "final_distance_cost": 11.246688275380896, "oscillation_cost": 57.671202814423424, "completition_cost": 1000.0, "overshoot_cost": 139.92270222754334, "power_cost": 38.09104178466797, "noise_cost": 108.9793258711423, "n_waypoints_completed": 0, "tot_waypoints": 9}}
{"target": -1473.4977968844428, "params": {"k_pid_pos": [9.999999747378752e-05, 1.0, 0.0276106595993042], "k_pid_alt": [1.9188451766967773, 1.0, 0.0], "k_pid_att": [100.0, 9.999999747378752e-05, 0.039812177419662476], "k_pid_yaw": [0.5, 1e-06, 0.1], "k_pid_hsp": [9.999999747378752e-05, 0.1178540289402008, 0.0], "k_pid_vsp": [6.0318827629089355, 394.82135009765625, 400.0]}, "datetime": {"datetime": "2025-08-21 01:50:39", "elapsed": 50293.752266168594, "delta": 24.16856598854065}, "costs": {"total_cost": 1473.4977968844428, "time_cost": 150, "final_distance_cost": 17.638068777053128, "oscillation_cost": 56.443362614164606, "completition_cost": 1000.0, "overshoot_cost": 144.72460080178212, "power_cost": 25.629399365234377, "noise_cost": 79.06236532620849, "n_waypoints_completed": 0, "tot_waypoints": 9}}
{"target": -1459.1715487109357, "params": {"k_pid_pos": [0.09327850490808487, 0.9607328176498413, 0.0], "k_pid_alt": [1.9856367111206055, 1.0, 0.03089115023612976], "k_pid_att": [100.0, 9.999999747378752e-05, 0.01006227731704712], "k_pid_yaw": [0.5, 1e-06, 0.1], "k_pid_hsp": [0.18757857382297516, 0.0, 0.015084892511367798], "k_pid_vsp": [33.26616287231445, 378.6922302246094, 397.9847412109375]}, "datetime": {"datetime": "2025-08-21 01:51:01", "elapsed": 50315.97666430473, "delta": 22.224398136138916}, "costs": {"total_cost": 1459.1715487109357, "time_cost": 150, "final_distance_cost": 11.978933385733905, "oscillation_cost": 74.18398273037931, "completition_cost": 1000.0, "overshoot_cost": 139.84663723679728, "power_cost": 19.66933212890625, "noise_cost": 63.49266322911905, "n_waypoints_completed": 0, "tot_waypoints": 9}}
{"target": -1394.0014704559533, "params": {"k_pid_pos": [9.999999747378752e-05, 1.0, 0.020333558320999146], "k_pid_alt": [2.0, 1.0, 0.06839337944984436], "k_pid_att": [91.25070190429688, 9.999999747378752e-05, 0.0], "k_pid_yaw": [0.5, 1e-06, 0.1], "k_pid_hsp": [0.33149075508117676, 0.02304866909980774, 0.0], "k_pid_vsp": [0.0, 392.5523681640625, 400.0]}, "datetime": {"datetime": "2025-08-21 01:51:27", "elapsed": 50341.634622097015, "delta": 25.657957792282104}, "costs": {"total_cost": 1394.0014704559533, "time_cost": 150, "final_distance_cost": 11.930887280852183, "oscillation_cost": 61.71605256178993, "completition_cost": 1000.0, "overshoot_cost": 140.00651393513567, "power_cost": 4.02335107421875, "noise_cost": 26.32466560395683, "n_waypoints_completed": 0, "tot_waypoints": 9}}
{"target": -1945.8457700957701, "params": {"k_pid_pos": [9.999999747378752e-05, 0.9699183702468872, 0.0], "k_pid_alt": [2.0, 0.964923620223999, 0.0], "k_pid_att": [100.0, 0.568286657333374, 0.0], "k_pid_yaw": [0.5, 1e-06, 0.1], "k_pid_hsp": [9.999999747378752e-05, 0.0, 0.0], "k_pid_vsp": [3.5565614700317383, 393.8330993652344, 400.0]}, "datetime": {"datetime": "2025-08-21 01:51:51", "elapsed": 50365.5234875679, "delta": 23.88886547088623}, "costs": {"total_cost": 1945.8457700957701, "time_cost": 150, "final_distance_cost": 332.8722344962172, "oscillation_cost": 25.080919805500596, "completition_cost": 1000.0, "overshoot_cost": 370.4945505384481, "power_cost": 37.92090926513672, "noise_cost": 29.47715599046747, "n_waypoints_completed": 0, "tot_waypoints": 9}}
{"target": -1915.7229471841506, "params": {"k_pid_pos": [9.999999747378752e-05, 1.0, 0.03370201587677002], "k_pid_alt": [2.0, 1.0, 0.0], "k_pid_att": [100.0, 9.999999747378752e-05, 0.010311633348464966], "k_pid_yaw": [0.5, 1e-06, 0.1], "k_pid_hsp": [9.999999747378752e-05, 0.007478863000869751, 0.0], "k_pid_vsp": [0.0, 400.0, 377.4844970703125]}, "datetime": {"datetime": "2025-08-21 01:52:14", "elapsed": 50388.98363542557, "delta": 23.460147857666016}, "costs": {"total_cost": 1915.7229471841506, "time_cost": 150, "final_distance_cost": 329.0912396968321, "oscillation_cost": 31.435801477569704, "completition_cost": 1000.0, "overshoot_cost": 381.0140306383782, "power_cost": 11.437601562500001, "noise_cost": 12.7442738088706, "n_waypoints_completed": 0, "tot_waypoints": 9}}
{"target": -1489.0390108084814, "params": {"k_pid_pos": [9.999999747378752e-05, 1.0, 0.06601837277412415], "k_pid_alt": [1.8913114070892334, 0.9350416660308838, 0.0], "k_pid_att": [96.69022369384766, 0.28547224402427673, 0.08543804287910461], "k_pid_yaw": [0.5, 1e-06, 0.1], "k_pid_hsp": [0.14699804782867432, 0.050485432147979736, 0.0], "k_pid_vsp": [17.542123794555664, 392.6400451660156, 361.2109069824219]}, "datetime": {"datetime": "2025-08-21 01:52:35", "elapsed": 50410.03630423546, "delta": 21.052668809890747}, "costs": {"total_cost": 1489.0390108084814, "time_cost": 150, "final_distance_cost": 15.707928477756374, "oscillation_cost": 52.94117546275982, "completition_cost": 1000.0, "overshoot_cost": 141.63639980466402, "power_cost": 32.68431967773438, "noise_cost": 96.06918738556689, "n_waypoints_completed": 0, "tot_waypoints": 9}}
{"target": -3258.1232060249617, "params": {"k_pid_pos": [0.15467172861099243, 1.0, 0.007595181465148926], "k_pid_alt": [1.868393898010254, 0.9951174855232239, 0.0], "k_pid_att": [99.10429382324219, 9.999999747378752e-05, 0.0009660422801971436], "k_pid_yaw": [0.5, 1e-06, 0.1], "k_pid_hsp": [9.999999747378752e-05, 0.02670997381210327, 0.054752469062805176], "k_pid_vsp": [0.0, 400.0, 389.0323486328125]}, "datetime": {"datetime": "2025-08-21 01:53:03", "elapsed": 50437.66377782822, "delta": 27.62747359275818}, "costs": {"total_cost": 3258.1232060249617, "time_cost": 150, "final_distance_cost": 747.7890253642405, "oscillation_cost": 156.48834787398798, "completition_cost": 1000.0, "overshoot_cost": 1164.778019936362, "power_cost": 21.533759313964843, "noise_cost": 17.534053536406713, "n_waypoints_completed": 0, "tot_waypoints": 9}}
{"target": -4513.578133950137, "params": {"k_pid_pos": [9.999999747378752e-05, 0.9470610618591309, 0.016337484121322632], "k_pid_alt": [1.9799696207046509, 1.0, 0.012600511312484741], "k_pid_att": [100.0, 0.7430340647697449, 0.08074375987052917], "k_pid_yaw": [0.5, 1e-06, 0.1], "k_pid_hsp": [9.999999747378752e-05, 0.0, 0.039551347494125366], "k_pid_vsp": [7.549047470092773, 379.5154724121094, 400.0]}, "datetime": {"datetime": "2025-08-21 01:53:25", "elapsed": 50459.684378385544, "delta": 22.02060055732727}, "costs": {"total_cost": 4513.578133950137, "time_cost": 150, "final_distance_cost": 1221.18968399366, "oscillation_cost": 119.17919220492321, "completition_cost": 1000.0, "overshoot_cost": 1976.2915305053796, "power_cost": 27.24609405517578, "noise_cost": 19.67163319099956, "n_waypoints_completed": 0, "tot_waypoints": 9}}
{"target": -1495.7120039097792, "params": {"k_pid_pos": [9.999999747378752e-05, 1.0, 0.013488918542861938], "k_pid_alt": [2.0, 1.0, 0.0], "k_pid_att": [100.0, 0.21560022234916687, 0.07451638579368591], "k_pid_yaw": [0.5, 1e-06, 0.1], "k_pid_hsp": [0.7621654868125916, 0.0, 0.03937751054763794], "k_pid_vsp": [7.289493083953857, 400.0, 386.817138671875]}, "datetime": {"datetime": "2025-08-21 01:53:51", "elapsed": 50486.16601252556, "delta": 26.48163414001465}, "costs": {"total_cost": 1495.7120039097792, "time_cost": 150, "final_distance_cost": 33.469289188039234, "oscillation_cost": 92.83323465464362, "completition_cost": 1000.0, "overshoot_cost": 141.81586753239907, "power_cost": 20.829710461425783, "noise_cost": 56.7639020732716, "n_waypoints_completed": 0, "tot_waypoints": 9}}
{"target": -1474.3657788391995, "params": {"k_pid_pos": [9.999999747378752e-05, 0.9474080801010132, 0.0], "k_pid_alt": [2.0, 0.9788708686828613, 0.017443299293518066], "k_pid_att": [97.3720932006836, 9.999999747378752e-05, 0.03129151463508606], "k_pid_yaw": [0.5, 1e-06, 0.1], "k_pid_hsp": [9.999999747378752e-05, 0.11372452974319458, 0.04457196593284607], "k_pid_vsp": [0.0, 400.0, 379.1571044921875]}, "datetime": {"datetime": "2025-08-21 01:54:14", "elapsed": 50509.26146507263, "delta": 23.095452547073364}, "costs": {"total_cost": 1474.3657788391995, "time_cost": 150, "final_distance_cost": 24.796350847195892, "oscillation_cost": 84.01104843742829, "completition_cost": 1000.0, "overshoot_cost": 142.6376789663249, "power_cost": 19.27996258544922, "noise_cost": 53.640738002801136, "n_waypoints_completed": 0, "tot_waypoints": 9}}
{"target": -1422.2439967856026, "params": {"k_pid_pos": [9.999999747378752e-05, 1.0, 0.008592009544372559], "k_pid_alt": [2.0, 0.9763866662979126, 0.0], "k_pid_att": [99.92794036865234, 9.999999747378752e-05, 0.0], "k_pid_yaw": [0.5, 1e-06, 0.1], "k_pid_hsp": [0.046978287398815155, 0.0381033718585968, 0.0], "k_pid_vsp": [0.0, 396.2244873046875, 400.0]}, "datetime": {"datetime": "2025-08-21 01:54:36", "elapsed": 50531.13672924042, "delta": 21.875264167785645}, "costs": {"total_cost": 1422.2439967856026, "time_cost": 150, "final_distance_cost": 4.294441580033294, "oscillation_cost": 46.25707443714609, "completition_cost": 1000.0, "overshoot_cost": 143.89997182427916, "power_cost": 17.856462646484374, "noise_cost": 59.936046297659765, "n_waypoints_completed": 0, "tot_waypoints": 9}}
{"target": -1965.0104908245394, "params": {"k_pid_pos": [0.003800488542765379, 1.0, 0.0], "k_pid_alt": [1.9636011123657227, 0.9485747218132019, 0.038386136293411255], "k_pid_att": [99.5232925415039, 9.999999747378752e-05, 0.020747482776641846], "k_pid_yaw": [0.5, 1e-06, 0.1], "k_pid_hsp": [9.999999747378752e-05, 0.004354417324066162, 0.0], "k_pid_vsp": [14.154661178588867, 378.74969482421875, 400.0]}, "datetime": {"datetime": "2025-08-21 01:55:04", "elapsed": 50558.8139436245, "delta": 27.67721438407898}, "costs": {"total_cost": 1965.0104908245394, "time_cost": 150, "final_distance_cost": 335.9209663643949, "oscillation_cost": 25.409780163898475, "completition_cost": 1000.0, "overshoot_cost": 388.3017076627481, "power_cost": 37.875270458984374, "noise_cost": 27.502766174513592, "n_waypoints_completed": 0, "tot_waypoints": 9}}
{"target": -1473.4008927976943, "params": {"k_pid_pos": [0.041255902498960495, 0.9058783650398254, 0.008502721786499023], "k_pid_alt": [1.8152127265930176, 0.9613336324691772, 0.05859479308128357], "k_pid_att": [100.0, 0.4052668511867523, 0.09901002049446106], "k_pid_yaw": [0.5, 1e-06, 0.1], "k_pid_hsp": [0.6173794865608215, 0.0, 0.05251482129096985], "k_pid_vsp": [25.13058090209961, 396.78985595703125, 400.0]}, "datetime": {"datetime": "2025-08-21 01:55:27", "elapsed": 50582.47755241394, "delta": 23.66360878944397}, "costs": {"total_cost": 1473.4008927976943, "time_cost": 150, "final_distance_cost": 11.692398652717138, "oscillation_cost": 109.06425503002713, "completition_cost": 1000.0, "overshoot_cost": 135.57356430321312, "power_cost": 20.003611096191406, "noise_cost": 47.067063715545466, "n_waypoints_completed": 0, "tot_waypoints": 9}}
{"target": -2390.5753845318154, "params": {"k_pid_pos": [9.999999747378752e-05, 0.9593312740325928, 0.0], "k_pid_alt": [2.0, 0.9641306400299072, 0.0], "k_pid_att": [100.0, 1.1272653341293335, 0.0], "k_pid_yaw": [0.5, 1e-06, 0.1], "k_pid_hsp": [9.999999747378752e-05, 0.019802123308181763, 0.024768829345703125], "k_pid_vsp": [37.086700439453125, 400.0, 400.0]}, "datetime": {"datetime": "2025-08-21 01:55:51", "elapsed": 50606.14165687561, "delta": 23.664104461669922}, "costs": {"total_cost": 2390.5753845318154, "time_cost": 150, "final_distance_cost": 481.57081473862416, "oscillation_cost": 109.02467404129858, "completition_cost": 1000.0, "overshoot_cost": 628.3258446494134, "power_cost": 10.252110937500001, "noise_cost": 11.401940164979104, "n_waypoints_completed": 0, "tot_waypoints": 9}}
{"target": -1918.641526668117, "params": {"k_pid_pos": [0.06195461004972458, 1.0, 0.03239518404006958], "k_pid_alt": [1.8278131484985352, 0.9875739812850952, 0.051154762506484985], "k_pid_att": [96.27399444580078, 0.2423722743988037, 0.0], "k_pid_yaw": [0.5, 1e-06, 0.1], "k_pid_hsp": [9.999999747378752e-05, 0.0, 0.0], "k_pid_vsp": [23.977649688720703, 400.0, 390.14678955078125]}, "datetime": {"datetime": "2025-08-21 01:56:16", "elapsed": 50630.67069482803, "delta": 24.529037952423096}, "costs": {"total_cost": 1918.641526668117, "time_cost": 150, "final_distance_cost": 335.5979575187886, "oscillation_cost": 29.94499561676839, "completition_cost": 1000.0, "overshoot_cost": 377.60053248021904, "power_cost": 11.7640736328125, "noise_cost": 13.73396741952825, "n_waypoints_completed": 0, "tot_waypoints": 9}}
{"target": -1952.2295180922858, "params": {"k_pid_pos": [0.025337370112538338, 0.9094679951667786, 0.023391902446746826], "k_pid_alt": [1.8459842205047607, 0.9760332107543945, 0.0], "k_pid_att": [91.24798583984375, 9.999999747378752e-05, 0.0], "k_pid_yaw": [0.5, 1e-06, 0.1], "k_pid_hsp": [9.999999747378752e-05, 0.0042046308517456055, 0.0], "k_pid_vsp": [15.00554084777832, 387.7074279785156, 393.621337890625]}, "datetime": {"datetime": "2025-08-21 01:56:38", "elapsed": 50652.89169836044, "delta": 22.221003532409668}, "costs": {"total_cost": 1952.2295180922858, "time_cost": 150, "final_distance_cost": 330.4718467439026, "oscillation_cost": 24.653450645727812, "completition_cost": 1000.0, "overshoot_cost": 382.0552379415375, "power_cost": 37.90572573242188, "noise_cost": 27.143257028696055, "n_waypoints_completed": 0, "tot_waypoints": 9}}
{"target": -1488.8684680511399, "params": {"k_pid_pos": [0.01387990452349186, 0.9669163227081299, 0.09109607338905334], "k_pid_alt": [2.0, 1.0, 0.0], "k_pid_att": [99.79510498046875, 9.999999747378752e-05, 0.05582219362258911], "k_pid_yaw": [0.5, 1e-06, 0.1], "k_pid_hsp": [0.12015388160943985, 0.0, 0.0819595456123352], "k_pid_vsp": [15.973031997680664, 396.93414306640625, 393.62799072265625]}, "datetime": {"datetime": "2025-08-21 01:57:02", "elapsed": 50677.09121322632, "delta": 24.199514865875244}, "costs": {"total_cost": 1488.8684680511399, "time_cost": 150, "final_distance_cost": 31.24283440033309, "oscillation_cost": 207.45644975928866, "completition_cost": 1000.0, "overshoot_cost": 65.72844489331446, "power_cost": 18.98465837402344, "noise_cost": 15.45608062418025, "n_waypoints_completed": 0, "tot_waypoints": 9}}
{"target": -1804.1064374353443, "params": {"k_pid_pos": [9.999999747378752e-05, 0.971065104007721, 0.0], "k_pid_alt": [1.901489496231079, 0.9640185832977295, 0.012040138244628906], "k_pid_att": [97.92955780029297, 9.999999747378752e-05, 0.0], "k_pid_yaw": [0.5, 1e-06, 0.1], "k_pid_hsp": [9.999999747378752e-05, 0.013096511363983154, 0.0], "k_pid_vsp": [0.0, 378.19085693359375, 388.7375183105469]}, "datetime": {"datetime": "2025-08-21 01:57:26", "elapsed": 50701.23970556259, "delta": 24.148492336273193}, "costs": {"total_cost": 1804.1064374353443, "time_cost": 150, "final_distance_cost": 279.3937578720421, "oscillation_cost": 30.939096505116147, "completition_cost": 1000.0, "overshoot_cost": 318.0999319972937, "power_cost": 12.142350109863282, "noise_cost": 13.531300951029396, "n_waypoints_completed": 0, "tot_waypoints": 9}}
{"target": -1417.293138563979, "params": {"k_pid_pos": [9.999999747378752e-05, 0.9974836707115173, 0.0], "k_pid_alt": [1.8578824996948242, 1.0, 0.011140823364257812], "k_pid_att": [100.0, 0.7800708413124084, 0.0], "k_pid_yaw": [0.5, 1e-06, 0.1], "k_pid_hsp": [9.999999747378752e-05, 0.06107035279273987, 0.0], "k_pid_vsp": [0.0, 400.0, 375.8193359375]}, "datetime": {"datetime": "2025-08-21 01:57:49", "elapsed": 50723.99248623848, "delta": 22.75278067588806}, "costs": {"total_cost": 1417.293138563979, "time_cost": 150, "final_distance_cost": 5.74106890344474, "oscillation_cost": 39.484863301525365, "completition_cost": 1000.0, "overshoot_cost": 148.91888006786797, "power_cost": 16.48577762451172, "noise_cost": 56.662548666629256, "n_waypoints_completed": 0, "tot_waypoints": 9}}
{"target": -3362.8884749220524, "params": {"k_pid_pos": [9.999999747378752e-05, 1.0, 0.014509975910186768], "k_pid_alt": [1.9861905574798584, 0.9593682289123535, 0.0221346914768219], "k_pid_att": [100.0, 0.09224636852741241, 0.0], "k_pid_yaw": [0.5, 1e-06, 0.1], "k_pid_hsp": [9.999999747378752e-05, 0.0, 0.028253376483917236], "k_pid_vsp": [9.560882568359375, 400.0, 400.0]}, "datetime": {"datetime": "2025-08-21 01:58:11", "elapsed": 50745.854521512985, "delta": 21.862035274505615}, "costs": {"total_cost": 3362.8884749220524, "time_cost": 150, "final_distance_cost": 838.6895364438259, "oscillation_cost": 103.33102512195617, "completition_cost": 1000.0, "overshoot_cost": 1251.8157222848672, "power_cost": 8.901409729003907, "noise_cost": 10.150781342399203, "n_waypoints_completed": 0, "tot_waypoints": 9}}
{"target": -1458.7806092875833, "params": {"k_pid_pos": [9.999999747378752e-05, 1.0, 0.02027839422225952], "k_pid_alt": [2.0, 1.0, 0.039720624685287476], "k_pid_att": [100.0, 9.999999747378752e-05, 0.0], "k_pid_yaw": [0.5, 1e-06, 0.1], "k_pid_hsp": [0.3533982038497925, 0.0, 0.0], "k_pid_vsp": [0.0, 400.0, 371.43743896484375]}, "datetime": {"datetime": "2025-08-21 01:58:34", "elapsed": 50768.917505025864, "delta": 23.062983512878418}, "costs": {"total_cost": 1458.7806092875833, "time_cost": 150, "final_distance_cost": 13.792299662852553, "oscillation_cost": 61.6115859934241, "completition_cost": 1000.0, "overshoot_cost": 139.9720834571585, "power_cost": 22.346055859375, "noise_cost": 71.0585843147733, "n_waypoints_completed": 0, "tot_waypoints": 9}}
{"target": -1438.2844512215233, "params": {"k_pid_pos": [0.0348842479288578, 0.981768012046814, 0.02326256036758423], "k_pid_alt": [1.973489761352539, 0.9518535137176514, 0.0], "k_pid_att": [100.0, 9.999999747378752e-05, 0.0], "k_pid_yaw": [0.5, 1e-06, 0.1], "k_pid_hsp": [9.999999747378752e-05, 0.05022081732749939, 0.0], "k_pid_vsp": [0.0, 384.344970703125, 400.0]}, "datetime": {"datetime": "2025-08-21 01:58:57", "elapsed": 50792.04775977135, "delta": 23.1302547454834}, "costs": {"total_cost": 1438.2844512215233, "time_cost": 150, "final_distance_cost": 32.489492342878144, "oscillation_cost": 36.57317808744853, "completition_cost": 1000.0, "overshoot_cost": 151.76523994884607, "power_cost": 14.934415588378908, "noise_cost": 52.52212525397157, "n_waypoints_completed": 0, "tot_waypoints": 9}}
{"target": -1446.5945631274692, "params": {"k_pid_pos": [0.09969890862703323, 1.0, 0.04282289743423462], "k_pid_alt": [1.816901683807373, 0.949971616268158, 0.03292331099510193], "k_pid_att": [90.97957611083984, 0.37673527002334595, 0.0], "k_pid_yaw": [0.5, 1e-06, 0.1], "k_pid_hsp": [0.4201201796531677, 0.0, 0.006716102361679077], "k_pid_vsp": [0.0, 380.5677185058594, 396.1785888671875]}, "datetime": {"datetime": "2025-08-21 01:59:20", "elapsed": 50814.97436094284, "delta": 22.92660117149353}, "costs": {"total_cost": 1446.5945631274692, "time_cost": 150, "final_distance_cost": 12.664199363030956, "oscillation_cost": 81.91808860116883, "completition_cost": 1000.0, "overshoot_cost": 141.16765665366478, "power_cost": 12.875893017578125, "noise_cost": 47.968725492026245, "n_waypoints_completed": 0, "tot_waypoints": 9}}
{"target": -1922.4920977316488, "params": {"k_pid_pos": [9.999999747378752e-05, 1.0, 0.0], "k_pid_alt": [1.905746340751648, 1.0, 0.0], "k_pid_att": [100.0, 0.1652035117149353, 0.0], "k_pid_yaw": [0.5, 1e-06, 0.1], "k_pid_hsp": [9.999999747378752e-05, 0.0, 0.02310052514076233], "k_pid_vsp": [8.330022811889648, 400.0, 400.0]}, "datetime": {"datetime": "2025-08-21 01:59:42", "elapsed": 50836.80913066864, "delta": 21.83476972579956}, "costs": {"total_cost": 1922.4920977316488, "time_cost": 150, "final_distance_cost": 347.9088313400796, "oscillation_cost": 71.06695529550868, "completition_cost": 888.8888888888888, "overshoot_cost": 402.61807224575375, "power_cost": 36.18558315429688, "noise_cost": 25.823766807120727, "n_waypoints_completed": 1, "tot_waypoints": 9}}
{"target": -1395.524113173179, "params": {"k_pid_pos": [9.999999747378752e-05, 0.9598537683486938, 0.027630478143692017], "k_pid_alt": [1.9678120613098145, 0.9607696533203125, 0.04450559616088867], "k_pid_att": [100.0, 0.5137587785720825, 0.005746364593505859], "k_pid_yaw": [0.5, 1e-06, 0.1], "k_pid_hsp": [0.10657041519880295, 0.0, 0.0], "k_pid_vsp": [0.0, 371.13861083984375, 400.0]}, "datetime": {"datetime": "2025-08-21 02:00:05", "elapsed": 50859.84550356865, "delta": 23.036372900009155}, "costs": {"total_cost": 1395.524113173179, "time_cost": 150, "final_distance_cost": 8.89906620126704, "oscillation_cost": 53.155919800484305, "completition_cost": 1000.0, "overshoot_cost": 140.4247372713685, "power_cost": 7.621043933105469, "noise_cost": 35.42334596695376, "n_waypoints_completed": 0, "tot_waypoints": 9}}
