{"target": -2763.7815998720703, "params": {"k_pid_pos": [9.999999747378752e-05, 0.9826837778091431, 0.0], "k_pid_alt": [1.9364650249481201, 0.9323384761810303, 0.015465646982192993], "k_pid_att": [96.65093231201172, 0.21654853224754333, 0.0], "k_pid_yaw": [0.5, 1e-06, 0.1], "k_pid_hsp": [9.999999747378752e-05, 0.007271498441696167, 0.025668352842330933], "k_pid_vsp": [0.0, 370.105224609375, 395.5633544921875]}, "datetime": {"datetime": "2025-08-20 12:32:27", "elapsed": 2402.1969804763794, "delta": 21.35557460784912}, "costs": {"total_cost": 2763.7815998720703, "time_cost": 150, "final_distance_cost": 625.3789617463146, "oscillation_cost": 102.42903619497332, "completition_cost": 1000.0, "overshoot_cost": 866.8562107544426, "power_cost": 8.901159216308594, "noise_cost": 10.216231960030608, "n_waypoints_completed": 0, "tot_waypoints": 9}}
{"target": -2281.6981529670775, "params": {"k_pid_pos": [0.16437971591949463, 0.9871201515197754, 0.009725123643875122], "k_pid_alt": [1.9737838506698608, 1.0, 0.0], "k_pid_att": [98.23575592041016, 9.999999747378752e-05, 0.0], "k_pid_yaw": [0.5, 1e-06, 0.1], "k_pid_hsp": [9.999999747378752e-05, 0.0, 0.02349838614463806], "k_pid_vsp": [0.0, 363.2370910644531, 385.4769287109375]}, "datetime": {"datetime": "2025-08-20 12:32:49", "elapsed": 2423.5974147319794, "delta": 21.400434255599976}, "costs": {"total_cost": 2281.6981529670775, "time_cost": 150, "final_distance_cost": 454.8479872025159, "oscillation_cost": 79.43105532936072, "completition_cost": 1000.0, "overshoot_cost": 575.7609878544404, "power_cost": 10.237023474121095, "noise_cost": 11.421099106639499, "n_waypoints_completed": 0, "tot_waypoints": 9}}
{"target": -1418.6150152350401, "params": {"k_pid_pos": [0.06671439856290817, 0.9290015697479248, 0.06529057025909424], "k_pid_alt": [1.946136474609375, 0.9454265832901001, 0.0], "k_pid_att": [100.0, 0.07945295423269272, 0.0], "k_pid_yaw": [0.5, 1e-06, 0.1], "k_pid_hsp": [0.15668728947639465, 0.0, 0.0], "k_pid_vsp": [41.66636657714844, 384.69586181640625, 383.0975036621094]}, "datetime": {"datetime": "2025-08-20 12:33:10", "elapsed": 2445.319920063019, "delta": 21.72250533103943}, "costs": {"total_cost": 1418.6150152350401, "time_cost": 150, "final_distance_cost": 16.961474812225045, "oscillation_cost": 57.19824967835028, "completition_cost": 1000.0, "overshoot_cost": 139.47996316117565, "power_cost": 11.109200500488281, "noise_cost": 43.8661270828008, "n_waypoints_completed": 0, "tot_waypoints": 9}}
{"target": -1905.7766908167257, "params": {"k_pid_pos": [9.999999747378752e-05, 1.0, 0.0], "k_pid_alt": [2.0, 1.0, 0.058545708656311035], "k_pid_att": [91.8083724975586, 0.2792379558086395, 0.0], "k_pid_yaw": [0.5, 1e-06, 0.1], "k_pid_hsp": [9.999999747378752e-05, 0.0, 0.0], "k_pid_vsp": [9.528851509094238, 365.5317687988281, 400.0]}, "datetime": {"datetime": "2025-08-20 12:33:32", "elapsed": 2466.666097164154, "delta": 21.346177101135254}, "costs": {"total_cost": 1905.7766908167257, "time_cost": 150, "final_distance_cost": 330.5484190204381, "oscillation_cost": 28.84523134383655, "completition_cost": 1000.0, "overshoot_cost": 370.998870980661, "power_cost": 11.726109643554688, "noise_cost": 13.658059828235233, "n_waypoints_completed": 0, "tot_waypoints": 9}}
{"target": -1485.993932412581, "params": {"k_pid_pos": [0.045853935182094574, 0.9657888412475586, 0.0], "k_pid_alt": [2.0, 0.9332872629165649, 0.0], "k_pid_att": [96.3314437866211, 0.21449397504329681, 0.02602812647819519], "k_pid_yaw": [0.5, 1e-06, 0.1], "k_pid_hsp": [0.2452395260334015, 0.0, 0.06763032078742981], "k_pid_vsp": [2.0051002502441406, 399.9065856933594, 382.7201843261719]}, "datetime": {"datetime": "2025-08-20 12:33:53", "elapsed": 2488.1698315143585, "delta": 21.503734350204468}, "costs": {"total_cost": 1485.993932412581, "time_cost": 150, "final_distance_cost": 9.937504127986854, "oscillation_cost": 163.94663726026903, "completition_cost": 1000.0, "overshoot_cost": 108.53689860171637, "power_cost": 26.37690709228516, "noise_cost": 27.19598533032357, "n_waypoints_completed": 0, "tot_waypoints": 9}}
{"target": -1472.1399749912505, "params": {"k_pid_pos": [9.999999747378752e-05, 0.9912503361701965, 0.0], "k_pid_alt": [2.0, 0.9839379787445068, 0.04206758737564087], "k_pid_att": [100.0, 9.999999747378752e-05, 0.0], "k_pid_yaw": [0.5, 1e-06, 0.1], "k_pid_hsp": [1.3565391302108765, 0.0, 0.0], "k_pid_vsp": [25.586307525634766, 389.5945129394531, 397.87127685546875]}, "datetime": {"datetime": "2025-08-20 12:34:15", "elapsed": 2509.960634946823, "delta": 21.7908034324646}, "costs": {"total_cost": 1472.1399749912505, "time_cost": 150, "final_distance_cost": 7.754040921273636, "oscillation_cost": 66.40292697002235, "completition_cost": 1000.0, "overshoot_cost": 139.62640756057303, "power_cost": 26.70507723388672, "noise_cost": 81.65152230549475, "n_waypoints_completed": 0, "tot_waypoints": 9}}
{"target": -1473.6107692392325, "params": {"k_pid_pos": [9.999999747378752e-05, 1.0, 0.0], "k_pid_alt": [1.900583267211914, 1.0, 0.06881251931190491], "k_pid_att": [97.60286712646484, 0.4956510066986084, 0.0], "k_pid_yaw": [0.5, 1e-06, 0.1], "k_pid_hsp": [0.0685439258813858, 0.06099614500999451, 0.017003417015075684], "k_pid_vsp": [14.697051048278809, 393.1840515136719, 379.5345458984375]}, "datetime": {"datetime": "2025-08-20 12:34:36", "elapsed": 2531.442962169647, "delta": 21.482327222824097}, "costs": {"total_cost": 1473.6107692392325, "time_cost": 150, "final_distance_cost": 23.175709473216873, "oscillation_cost": 67.15276792877478, "completition_cost": 1000.0, "overshoot_cost": 143.40365990477957, "power_cost": 21.510832934570313, "noise_cost": 68.36779899789094, "n_waypoints_completed": 0, "tot_waypoints": 9}}
{"target": -1954.7779661861057, "params": {"k_pid_pos": [9.999999747378752e-05, 0.9412558674812317, 0.005813658237457275], "k_pid_alt": [2.0, 1.0, 0.07133030891418457], "k_pid_att": [94.62527465820312, 9.999999747378752e-05, 0.0], "k_pid_yaw": [0.5, 1e-06, 0.1], "k_pid_hsp": [9.999999747378752e-05, 0.0, 0.0], "k_pid_vsp": [6.259143352508545, 400.0, 376.7197570800781]}, "datetime": {"datetime": "2025-08-20 12:34:59", "elapsed": 2553.684021949768, "delta": 22.24105978012085}, "costs": {"total_cost": 1954.7779661861057, "time_cost": 150, "final_distance_cost": 335.5938979224272, "oscillation_cost": 24.710454765295104, "completition_cost": 1000.0, "overshoot_cost": 378.57418421834154, "power_cost": 37.89181398925781, "noise_cost": 28.007615290784116, "n_waypoints_completed": 0, "tot_waypoints": 9}}
{"target": -1895.7730202582109, "params": {"k_pid_pos": [0.06634355336427689, 0.994902491569519, 0.0], "k_pid_alt": [2.0, 1.0, 0.028477519750595093], "k_pid_att": [93.06015014648438, 9.999999747378752e-05, 0.0], "k_pid_yaw": [0.5, 1e-06, 0.1], "k_pid_hsp": [9.999999747378752e-05, 0.0069923996925354, 0.0], "k_pid_vsp": [0.0, 400.0, 400.0]}, "datetime": {"datetime": "2025-08-20 12:35:20", "elapsed": 2574.8936314582825, "delta": 21.209609508514404}, "costs": {"total_cost": 1895.7730202582109, "time_cost": 150, "final_distance_cost": 322.26695544583197, "oscillation_cost": 29.477471361437942, "completition_cost": 1000.0, "overshoot_cost": 369.4586643993543, "power_cost": 11.59322537841797, "noise_cost": 12.976703673168485, "n_waypoints_completed": 0, "tot_waypoints": 9}}
{"target": -1432.6149159645095, "params": {"k_pid_pos": [0.054589688777923584, 0.9844858646392822, 0.020681828260421753], "k_pid_alt": [1.8915947675704956, 1.0, 0.0], "k_pid_att": [100.0, 0.5148388147354126, 0.0], "k_pid_yaw": [0.5, 1e-06, 0.1], "k_pid_hsp": [9.999999747378752e-05, 0.02644902467727661, 0.0], "k_pid_vsp": [12.286270141601562, 389.55706787109375, 391.35797119140625]}, "datetime": {"datetime": "2025-08-20 12:35:41", "elapsed": 2596.3183233737946, "delta": 21.424691915512085}, "costs": {"total_cost": 1432.6149159645095, "time_cost": 150, "final_distance_cost": 96.72797753119173, "oscillation_cost": 31.690470057948964, "completition_cost": 1000.0, "overshoot_cost": 118.87785551950155, "power_cost": 17.52382120361328, "noise_cost": 17.794791652253878, "n_waypoints_completed": 0, "tot_waypoints": 9}}
{"target": -1434.7664073167618, "params": {"k_pid_pos": [0.039946455508470535, 1.0, 0.038192689418792725], "k_pid_alt": [2.0, 1.0, 0.016346275806427002], "k_pid_att": [100.0, 9.999999747378752e-05, 0.04574406147003174], "k_pid_yaw": [0.5, 1e-06, 0.1], "k_pid_hsp": [0.6690061688423157, 0.0402388870716095, 0.0023106634616851807], "k_pid_vsp": [6.560420989990234, 399.21270751953125, 400.0]}, "datetime": {"datetime": "2025-08-20 12:36:03", "elapsed": 2618.266398191452, "delta": 21.94807481765747}, "costs": {"total_cost": 1434.7664073167618, "time_cost": 150, "final_distance_cost": 14.375343280064019, "oscillation_cost": 68.70640166292466, "completition_cost": 1000.0, "overshoot_cost": 139.4247270041865, "power_cost": 13.186840356445312, "noise_cost": 49.073095013141184, "n_waypoints_completed": 0, "tot_waypoints": 9}}
{"target": -1929.8884531642186, "params": {"k_pid_pos": [9.999999747378752e-05, 1.0, 0.0], "k_pid_alt": [2.0, 0.9828078746795654, 0.019823461771011353], "k_pid_att": [100.0, 0.29729917645454407, 0.0], "k_pid_yaw": [0.5, 1e-06, 0.1], "k_pid_hsp": [9.999999747378752e-05, 0.0, 0.0], "k_pid_vsp": [7.246959209442139, 386.4430847167969, 370.5884094238281]}, "datetime": {"datetime": "2025-08-20 12:36:25", "elapsed": 2639.662620306015, "delta": 21.39622211456299}, "costs": {"total_cost": 1929.8884531642186, "time_cost": 150, "final_distance_cost": 339.56630080968296, "oscillation_cost": 31.031373577362455, "completition_cost": 1000.0, "overshoot_cost": 384.0136979273534, "power_cost": 11.57574892578125, "noise_cost": 13.701331924038428, "n_waypoints_completed": 0, "tot_waypoints": 9}}
{"target": -1901.1225067289079, "params": {"k_pid_pos": [0.09223559498786926, 1.0, 0.0], "k_pid_alt": [1.9188477993011475, 0.9182275533676147, 0.0], "k_pid_att": [100.0, 9.999999747378752e-05, 0.036325812339782715], "k_pid_yaw": [0.5, 1e-06, 0.1], "k_pid_hsp": [9.999999747378752e-05, 0.008884906768798828, 0.0], "k_pid_vsp": [0.0, 400.0, 400.0]}, "datetime": {"datetime": "2025-08-20 12:36:47", "elapsed": 2661.5360186100006, "delta": 21.873398303985596}, "costs": {"total_cost": 1901.1225067289079, "time_cost": 150, "final_distance_cost": 310.08899634792584, "oscillation_cost": 25.65946467961783, "completition_cost": 1000.0, "overshoot_cost": 350.1230669136472, "power_cost": 37.872019299316406, "noise_cost": 27.37895948840061, "n_waypoints_completed": 0, "tot_waypoints": 9}}
{"target": -1502.3146900225172, "params": {"k_pid_pos": [9.999999747378752e-05, 1.0, 0.0], "k_pid_alt": [2.0, 0.9646689891815186, 0.0799131989479065], "k_pid_att": [99.20064544677734, 9.999999747378752e-05, 0.0], "k_pid_yaw": [0.5, 1e-06, 0.1], "k_pid_hsp": [0.19164356589317322, 0.0314161479473114, 0.0], "k_pid_vsp": [44.496856689453125, 400.0, 388.7274475097656]}, "datetime": {"datetime": "2025-08-20 12:37:09", "elapsed": 2683.7350404262543, "delta": 22.199021816253662}, "costs": {"total_cost": 1502.3146900225172, "time_cost": 150, "final_distance_cost": 13.366837817224734, "oscillation_cost": 54.50746609203695, "completition_cost": 1000.0, "overshoot_cost": 141.14828540760192, "power_cost": 36.94874855957031, "noise_cost": 106.34335214608328, "n_waypoints_completed": 0, "tot_waypoints": 9}}
{"target": -1943.1551307064594, "params": {"k_pid_pos": [9.999999747378752e-05, 1.0, 0.07859992980957031], "k_pid_alt": [2.0, 0.986606240272522, 0.0], "k_pid_att": [99.82463073730469, 9.999999747378752e-05, 0.0], "k_pid_yaw": [0.5, 1e-06, 0.1], "k_pid_hsp": [9.999999747378752e-05, 0.0, 0.0], "k_pid_vsp": [0.0, 387.64666748046875, 389.3678283691406]}, "datetime": {"datetime": "2025-08-20 12:37:30", "elapsed": 2705.2268533706665, "delta": 21.49181294441223}, "costs": {"total_cost": 1943.1551307064594, "time_cost": 150, "final_distance_cost": 344.0001466758252, "oscillation_cost": 31.13009092888078, "completition_cost": 1000.0, "overshoot_cost": 393.15535722884425, "power_cost": 11.49897547607422, "noise_cost": 13.370560396834858, "n_waypoints_completed": 0, "tot_waypoints": 9}}
{"target": -1446.2441995585075, "params": {"k_pid_pos": [9.999999747378752e-05, 0.9328219890594482, 0.0], "k_pid_alt": [1.9801597595214844, 1.0, 0.04142811894416809], "k_pid_att": [100.0, 9.999999747378752e-05, 0.06794756650924683], "k_pid_yaw": [0.5, 1e-06, 0.1], "k_pid_hsp": [9.999999747378752e-05, 0.06523233652114868, 0.0], "k_pid_vsp": [21.20458984375, 393.8233642578125, 382.92950439453125]}, "datetime": {"datetime": "2025-08-20 12:37:52", "elapsed": 2727.112287044525, "delta": 21.885433673858643}, "costs": {"total_cost": 1446.2441995585075, "time_cost": 150, "final_distance_cost": 26.832373329308208, "oscillation_cost": 40.68103951014032, "completition_cost": 1000.0, "overshoot_cost": 148.07914297315196, "power_cost": 18.66371151123047, "noise_cost": 61.98793223467641, "n_waypoints_completed": 0, "tot_waypoints": 9}}
{"target": -1415.4312384540542, "params": {"k_pid_pos": [0.09236558526754379, 1.0, 0.028070807456970215], "k_pid_alt": [2.0, 1.0, 0.0], "k_pid_att": [100.0, 9.999999747378752e-05, 0.0], "k_pid_yaw": [0.5, 1e-06, 0.1], "k_pid_hsp": [0.5809381604194641, 0.005268663167953491, 0.0], "k_pid_vsp": [0.0, 392.8009338378906, 400.0]}, "datetime": {"datetime": "2025-08-20 12:38:14", "elapsed": 2748.7353336811066, "delta": 21.62304663658142}, "costs": {"total_cost": 1415.4312384540542, "time_cost": 150, "final_distance_cost": 15.448798899840677, "oscillation_cost": 66.89261234286873, "completition_cost": 1000.0, "overshoot_cost": 139.29002051163403, "power_cost": 7.855636120605469, "noise_cost": 35.94417057910536, "n_waypoints_completed": 0, "tot_waypoints": 9}}
{"target": -1439.6142747146496, "params": {"k_pid_pos": [9.999999747378752e-05, 1.0, 0.0], "k_pid_alt": [1.9003640413284302, 0.9141237735748291, 0.0], "k_pid_att": [96.93035888671875, 9.999999747378752e-05, 0.007450103759765625], "k_pid_yaw": [0.5, 1e-06, 0.1], "k_pid_hsp": [0.49306270480155945, 0.0, 0.0], "k_pid_vsp": [0.0, 400.0, 400.0]}, "datetime": {"datetime": "2025-08-20 12:38:35", "elapsed": 2770.089630126953, "delta": 21.354296445846558}, "costs": {"total_cost": 1439.6142747146496, "time_cost": 150, "final_distance_cost": 16.84820414157738, "oscillation_cost": 64.09704467131736, "completition_cost": 1000.0, "overshoot_cost": 139.98174327843458, "power_cost": 15.11724373779297, "noise_cost": 53.570038885527396, "n_waypoints_completed": 0, "tot_waypoints": 9}}
{"target": -1439.0744953184383, "params": {"k_pid_pos": [9.999999747378752e-05, 1.0, 0.022782832384109497], "k_pid_alt": [1.935246467590332, 0.9717371463775635, 0.1058478057384491], "k_pid_att": [100.0, 9.999999747378752e-05, 0.0], "k_pid_yaw": [0.5, 1e-06, 0.1], "k_pid_hsp": [9.999999747378752e-05, 0.050076305866241455, 0.0], "k_pid_vsp": [6.070733070373535, 400.0, 399.1315002441406]}, "datetime": {"datetime": "2025-08-20 12:38:57", "elapsed": 2791.8985929489136, "delta": 21.80896282196045}, "costs": {"total_cost": 1439.0744953184383, "time_cost": 150, "final_distance_cost": 33.208367690619795, "oscillation_cost": 36.14299474808047, "completition_cost": 1000.0, "overshoot_cost": 151.85899543283833, "power_cost": 15.095419946289063, "noise_cost": 52.768717500610684, "n_waypoints_completed": 0, "tot_waypoints": 9}}
{"target": -1492.9224602512497, "params": {"k_pid_pos": [9.999999747378752e-05, 1.0, 0.005991518497467041], "k_pid_alt": [2.0, 1.0, 0.031061559915542603], "k_pid_att": [97.13745880126953, 9.999999747378752e-05, 0.12514972686767578], "k_pid_yaw": [0.5, 1e-06, 0.1], "k_pid_hsp": [0.2990226447582245, 0.07564157247543335, 0.13354480266571045], "k_pid_vsp": [0.0, 398.4372253417969, 400.0]}, "datetime": {"datetime": "2025-08-20 12:39:18", "elapsed": 2813.207573413849, "delta": 21.308980464935303}, "costs": {"total_cost": 1492.9224602512497, "time_cost": 150, "final_distance_cost": 49.431931997970416, "oscillation_cost": 183.68188055216868, "completition_cost": 1000.0, "overshoot_cost": 77.36956077721935, "power_cost": 15.539831640625001, "noise_cost": 16.89925528326654, "n_waypoints_completed": 0, "tot_waypoints": 9}}
{"target": -1474.7786937986193, "params": {"k_pid_pos": [9.999999747378752e-05, 0.9575067162513733, 0.00290486216545105], "k_pid_alt": [1.9774740934371948, 0.9707817435264587, 0.0], "k_pid_att": [96.03266906738281, 0.21360141038894653, 0.0], "k_pid_yaw": [0.5, 1e-06, 0.1], "k_pid_hsp": [0.9205036163330078, 0.06443840265274048, 0.01642465591430664], "k_pid_vsp": [0.0, 383.2831115722656, 381.383056640625]}, "datetime": {"datetime": "2025-08-20 12:39:39", "elapsed": 2834.4902822971344, "delta": 21.282708883285522}, "costs": {"total_cost": 1474.7786937986193, "time_cost": 150, "final_distance_cost": 18.448540297948004, "oscillation_cost": 83.56898189414059, "completition_cost": 1000.0, "overshoot_cost": 144.83911717248094, "power_cost": 17.82449967041016, "noise_cost": 60.097554763639714, "n_waypoints_completed": 0, "tot_waypoints": 9}}
{"target": -4053.7414326517255, "params": {"k_pid_pos": [9.999999747378752e-05, 1.0, 0.0], "k_pid_alt": [1.998590111732483, 1.0, 0.06824058294296265], "k_pid_att": [91.05965423583984, 0.855960488319397, 0.0006175339221954346], "k_pid_yaw": [0.5, 1e-06, 0.1], "k_pid_hsp": [9.999999747378752e-05, 0.01613694429397583, 0.031764864921569824], "k_pid_vsp": [0.0, 378.36102294921875, 394.47607421875]}, "datetime": {"datetime": "2025-08-20 12:40:01", "elapsed": 2856.0608615875244, "delta": 21.570579290390015}, "costs": {"total_cost": 4053.7414326517255, "time_cost": 150, "final_distance_cost": 1085.653927127437, "oscillation_cost": 63.09827309193708, "completition_cost": 1000.0, "overshoot_cost": 1711.2494558697717, "power_cost": 25.07141600341797, "noise_cost": 18.668360559161762, "n_waypoints_completed": 0, "tot_waypoints": 9}}
{"target": -1390.283112184296, "params": {"k_pid_pos": [0.0705861821770668, 1.0, 0.0], "k_pid_alt": [1.9511172771453857, 0.9195331931114197, 0.00984048843383789], "k_pid_att": [100.0, 9.999999747378752e-05, 0.05744078755378723], "k_pid_yaw": [0.5, 1e-06, 0.1], "k_pid_hsp": [0.05028631165623665, 0.0, 0.0], "k_pid_vsp": [0.0, 400.0, 400.0]}, "datetime": {"datetime": "2025-08-20 12:40:22", "elapsed": 2877.3600239753723, "delta": 21.2991623878479}, "costs": {"total_cost": 1390.283112184296, "time_cost": 150, "final_distance_cost": 14.152768702201868, "oscillation_cost": 46.66207273896899, "completition_cost": 1000.0, "overshoot_cost": 140.3905034257594, "power_cost": 6.5959095214843755, "noise_cost": 32.481857795881446, "n_waypoints_completed": 0, "tot_waypoints": 9}}
{"target": -1459.5421181395814, "params": {"k_pid_pos": [9.999999747378752e-05, 1.0, 0.0], "k_pid_alt": [1.9731700420379639, 1.0, 0.043168723583221436], "k_pid_att": [100.0, 0.06417018175125122, 0.0], "k_pid_yaw": [0.5, 1e-06, 0.1], "k_pid_hsp": [0.25152596831321716, 0.0, 0.040588974952697754], "k_pid_vsp": [0.0, 400.0, 400.0]}, "datetime": {"datetime": "2025-08-20 12:40:44", "elapsed": 2898.733050584793, "delta": 21.373026609420776}, "costs": {"total_cost": 1459.5421181395814, "time_cost": 150, "final_distance_cost": 20.890685939649114, "oscillation_cost": 98.8216908508751, "completition_cost": 1000.0, "overshoot_cost": 125.64747679584323, "power_cost": 28.029013244628906, "noise_cost": 36.15325130858523, "n_waypoints_completed": 0, "tot_waypoints": 9}}
{"target": -1466.554434649427, "params": {"k_pid_pos": [0.1016596257686615, 0.8755857944488525, 0.0], "k_pid_alt": [2.0, 1.0, 0.034423828125], "k_pid_att": [100.0, 9.999999747378752e-05, 0.0], "k_pid_yaw": [0.5, 1e-06, 0.1], "k_pid_hsp": [0.38364189863204956, 0.0, 0.0], "k_pid_vsp": [0.0, 400.0, 387.2083740234375]}, "datetime": {"datetime": "2025-08-20 12:41:05", "elapsed": 2920.3721709251404, "delta": 21.63912034034729}, "costs": {"total_cost": 1466.554434649427, "time_cost": 150, "final_distance_cost": 13.323716315938004, "oscillation_cost": 62.640740494402586, "completition_cost": 1000.0, "overshoot_cost": 138.90547293664352, "power_cost": 24.826649572753908, "noise_cost": 76.85785532968899, "n_waypoints_completed": 0, "tot_waypoints": 9}}
{"target": -3632.511920889831, "params": {"k_pid_pos": [9.999999747378752e-05, 1.0, 0.0], "k_pid_alt": [2.0, 1.0, 0.020713359117507935], "k_pid_att": [100.0, 0.16891714930534363, 0.13480430841445923], "k_pid_yaw": [0.5, 1e-06, 0.1], "k_pid_hsp": [9.999999747378752e-05, 0.0, 0.05972042679786682], "k_pid_vsp": [2.9904603958129883, 400.0, 370.89947509765625]}, "datetime": {"datetime": "2025-08-20 12:41:27", "elapsed": 2942.260376214981, "delta": 21.8882052898407}, "costs": {"total_cost": 3632.511920889831, "time_cost": 150, "final_distance_cost": 889.9787595379651, "oscillation_cost": 120.95178814979266, "completition_cost": 1000.0, "overshoot_cost": 1431.988195010617, "power_cost": 21.85249237060547, "noise_cost": 17.740685820850366, "n_waypoints_completed": 0, "tot_waypoints": 9}}
{"target": -1995.9453253309732, "params": {"k_pid_pos": [9.999999747378752e-05, 1.0, 0.0], "k_pid_alt": [1.9576599597930908, 1.0, 0.0], "k_pid_att": [100.0, 0.9600607752799988, 0.049073874950408936], "k_pid_yaw": [0.5, 1e-06, 0.1], "k_pid_hsp": [9.999999747378752e-05, 0.0, 0.025030195713043213], "k_pid_vsp": [0.0, 386.6459655761719, 400.0]}, "datetime": {"datetime": "2025-08-20 12:41:49", "elapsed": 2964.016980409622, "delta": 21.756604194641113}, "costs": {"total_cost": 1995.9453253309732, "time_cost": 150, "final_distance_cost": 380.80197634513365, "oscillation_cost": 69.6108930031184, "completition_cost": 888.8888888888888, "overshoot_cost": 446.81154780417046, "power_cost": 34.89330051269531, "noise_cost": 24.938718776966592, "n_waypoints_completed": 1, "tot_waypoints": 9}}
