{"target": -1467.377934999621, "params": {"k_pid_pos": [9.999999747378752e-05, 0.9925980567932129, 0.01069420576095581], "k_pid_alt": [1.9437429904937744, 0.9892659187316895, 0.0], "k_pid_att": [98.21207427978516, 0.12226922810077667, 0.0], "k_pid_yaw": [0.5, 1e-06, 0.1], "k_pid_hsp": [0.3551565408706665, 0.0, 0.03757545351982117], "k_pid_vsp": [9.454811096191406, 400.0, 400.0]}, "datetime": {"datetime": "2025-08-20 17:38:54", "elapsed": 20789.48253417015, "delta": 22.571608781814575}, "costs": {"total_cost": 1467.377934999621, "time_cost": 150, "final_distance_cost": 6.339321460557334, "oscillation_cost": 112.09927718125996, "completition_cost": 1000.0, "overshoot_cost": 134.2541407420905, "power_cost": 20.979788891601565, "noise_cost": 43.70540672411163, "n_waypoints_completed": 0, "tot_waypoints": 9}}
{"target": -1482.7578713366984, "params": {"k_pid_pos": [9.999999747378752e-05, 0.9843655228614807, 0.0], "k_pid_alt": [1.9333914518356323, 1.0, 0.0], "k_pid_att": [98.63003540039062, 9.999999747378752e-05, 0.10686495900154114], "k_pid_yaw": [0.5, 1e-06, 0.1], "k_pid_hsp": [0.6320745944976807, 0.02875247597694397, 0.006497234106063843], "k_pid_vsp": [0.0, 395.5442199707031, 370.83441162109375]}, "datetime": {"datetime": "2025-08-20 17:39:16", "elapsed": 20811.3616437912, "delta": 21.879109621047974}, "costs": {"total_cost": 1482.7578713366984, "time_cost": 150, "final_distance_cost": 15.715670345431798, "oscillation_cost": 77.06716183808479, "completition_cost": 1000.0, "overshoot_cost": 141.41066127256045, "power_cost": 23.855414587402343, "noise_cost": 74.70896329321914, "n_waypoints_completed": 0, "tot_waypoints": 9}}
{"target": -1925.2199403873842, "params": {"k_pid_pos": [9.999999747378752e-05, 0.9733010530471802, 0.02188628911972046], "k_pid_alt": [2.0, 0.9282576441764832, 0.0], "k_pid_att": [98.32353210449219, 9.999999747378752e-05, 0.024854838848114014], "k_pid_yaw": [0.5, 1e-06, 0.1], "k_pid_hsp": [9.999999747378752e-05, 0.0, 0.0], "k_pid_vsp": [40.64207077026367, 385.9580383300781, 400.0]}, "datetime": {"datetime": "2025-08-20 17:39:38", "elapsed": 20833.084172964096, "delta": 21.72252917289734}, "costs": {"total_cost": 1925.2199403873842, "time_cost": 150, "final_distance_cost": 337.9853877976643, "oscillation_cost": 30.791553242121687, "completition_cost": 1000.0, "overshoot_cost": 381.81001530797323, "power_cost": 11.434516198730469, "noise_cost": 13.198467840894667, "n_waypoints_completed": 0, "tot_waypoints": 9}}
{"target": -1479.8086281738526, "params": {"k_pid_pos": [0.01997488923370838, 0.9699782133102417, 0.0], "k_pid_alt": [2.0, 0.8913418650627136, 0.00388452410697937], "k_pid_att": [100.0, 9.999999747378752e-05, 0.0], "k_pid_yaw": [0.5, 1e-06, 0.1], "k_pid_hsp": [0.338034063577652, 0.006533205509185791, 0.0019504725933074951], "k_pid_vsp": [20.50583267211914, 393.8886413574219, 377.6236877441406]}, "datetime": {"datetime": "2025-08-20 17:40:01", "elapsed": 20855.54845070839, "delta": 22.464277744293213}, "costs": {"total_cost": 1479.8086281738526, "time_cost": 150, "final_distance_cost": 15.367117976267261, "oscillation_cost": 69.39199446039976, "completition_cost": 1000.0, "overshoot_cost": 140.15150542457346, "power_cost": 25.692500585937502, "noise_cost": 79.20550972667449, "n_waypoints_completed": 0, "tot_waypoints": 9}}
{"target": -1403.798434100779, "params": {"k_pid_pos": [9.999999747378752e-05, 1.0, 0.0], "k_pid_alt": [1.9039745330810547, 1.0, 0.0], "k_pid_att": [100.0, 9.999999747378752e-05, 0.0], "k_pid_yaw": [0.5, 1e-06, 0.1], "k_pid_hsp": [0.7683783173561096, 0.03181535005569458, 0.0], "k_pid_vsp": [0.0, 398.36920166015625, 359.93212890625]}, "datetime": {"datetime": "2025-08-20 17:40:23", "elapsed": 20877.98402619362, "delta": 22.435575485229492}, "costs": {"total_cost": 1403.798434100779, "time_cost": 150, "final_distance_cost": 12.611618045690971, "oscillation_cost": 67.2272733372576, "completition_cost": 1000.0, "overshoot_cost": 139.861318281622, "power_cost": 4.940276440429688, "noise_cost": 29.157947995778937, "n_waypoints_completed": 0, "tot_waypoints": 9}}
{"target": -3341.515716316905, "params": {"k_pid_pos": [9.999999747378752e-05, 1.0, 0.0766405463218689], "k_pid_alt": [1.9930617809295654, 0.9315419793128967, 0.025403112173080444], "k_pid_att": [100.0, 0.8195978403091431, 0.010834574699401855], "k_pid_yaw": [0.5, 1e-06, 0.1], "k_pid_hsp": [9.999999747378752e-05, 0.00744318962097168, 0.04663100838661194], "k_pid_vsp": [11.137580871582031, 400.0, 385.20684814453125]}, "datetime": {"datetime": "2025-08-20 17:40:46", "elapsed": 20901.170513629913, "delta": 23.186487436294556}, "costs": {"total_cost": 3341.515716316905, "time_cost": 150, "final_distance_cost": 776.5695401377054, "oscillation_cost": 153.8807734989716, "completition_cost": 1000.0, "overshoot_cost": 1222.577138833524, "power_cost": 21.169282617187502, "noise_cost": 17.31898122951663, "n_waypoints_completed": 0, "tot_waypoints": 9}}
{"target": -1484.6395232452949, "params": {"k_pid_pos": [0.048219822347164154, 0.881388783454895, 0.0], "k_pid_alt": [1.9437963962554932, 0.9304124712944031, 0.0], "k_pid_att": [100.0, 9.999999747378752e-05, 0.0], "k_pid_yaw": [0.5, 1e-06, 0.1], "k_pid_hsp": [0.1959565132856369, 0.035000503063201904, 0.005527704954147339], "k_pid_vsp": [0.0, 387.89520263671875, 400.0]}, "datetime": {"datetime": "2025-08-20 17:41:09", "elapsed": 20924.080142498016, "delta": 22.909628868103027}, "costs": {"total_cost": 1484.6395232452949, "time_cost": 150, "final_distance_cost": 17.82889461310653, "oscillation_cost": 77.62581426535237, "completition_cost": 1000.0, "overshoot_cost": 141.2836566140953, "power_cost": 23.672966467285157, "noise_cost": 74.22819128545576, "n_waypoints_completed": 0, "tot_waypoints": 9}}
{"target": -1450.2852298119844, "params": {"k_pid_pos": [0.04769294336438179, 0.9812350273132324, 0.0], "k_pid_alt": [2.0, 0.9138309359550476, 0.0], "k_pid_att": [92.92356872558594, 9.999999747378752e-05, 0.0], "k_pid_yaw": [0.5, 1e-06, 0.1], "k_pid_hsp": [0.28990083932876587, 0.037702739238739014, 0.03715112805366516], "k_pid_vsp": [20.956087112426758, 398.71820068359375, 382.9261169433594]}, "datetime": {"datetime": "2025-08-20 17:41:31", "elapsed": 20946.061933994293, "delta": 21.981791496276855}, "costs": {"total_cost": 1450.2852298119844, "time_cost": 150, "final_distance_cost": 6.508467345728786, "oscillation_cost": 92.26084750142499, "completition_cost": 1000.0, "overshoot_cost": 136.00302025362177, "power_cost": 20.295506408691406, "noise_cost": 45.21738830251755, "n_waypoints_completed": 0, "tot_waypoints": 9}}
{"target": -1428.621181545217, "params": {"k_pid_pos": [0.047768160700798035, 0.9555610418319702, 0.029060393571853638], "k_pid_alt": [1.8965028524398804, 0.994998574256897, 0.0], "k_pid_att": [100.0, 9.999999747378752e-05, 0.0], "k_pid_yaw": [0.5, 1e-06, 0.1], "k_pid_hsp": [0.802300751209259, 0.0, 0.0], "k_pid_vsp": [0.0, 396.73577880859375, 374.3638916015625]}, "datetime": {"datetime": "2025-08-20 17:41:53", "elapsed": 20968.42219519615, "delta": 22.36026120185852}, "costs": {"total_cost": 1428.621181545217, "time_cost": 150, "final_distance_cost": 9.462889688159148, "oscillation_cost": 68.5846757823784, "completition_cost": 1000.0, "overshoot_cost": 139.13424370972535, "power_cost": 13.030711401367189, "noise_cost": 48.40866096358691, "n_waypoints_completed": 0, "tot_waypoints": 9}}
{"target": -2678.998523001034, "params": {"k_pid_pos": [0.044762566685676575, 1.0, 0.0], "k_pid_alt": [2.0, 1.0, 0.013994455337524414], "k_pid_att": [94.24529266357422, 9.999999747378752e-05, 0.025891929864883423], "k_pid_yaw": [0.5, 1e-06, 0.1], "k_pid_hsp": [9.999999747378752e-05, 0.043278515338897705, 0.03517627716064453], "k_pid_vsp": [0.0, 392.0447692871094, 368.8190002441406]}, "datetime": {"datetime": "2025-08-20 17:42:16", "elapsed": 20990.617255687714, "delta": 22.19506049156189}, "costs": {"total_cost": 2678.998523001034, "time_cost": 150, "final_distance_cost": 585.7681658789044, "oscillation_cost": 82.23953912230655, "completition_cost": 1000.0, "overshoot_cost": 824.0050327160009, "power_cost": 20.400133300781253, "noise_cost": 16.585651983040307, "n_waypoints_completed": 0, "tot_waypoints": 9}}
{"target": -1434.5645122911333, "params": {"k_pid_pos": [0.011864712461829185, 1.0, 0.0], "k_pid_alt": [2.0, 1.0, 0.0], "k_pid_att": [99.98697662353516, 9.999999747378752e-05, 0.026646167039871216], "k_pid_yaw": [0.5, 1e-06, 0.1], "k_pid_hsp": [0.12748874723911285, 0.08207130432128906, 0.0], "k_pid_vsp": [26.004350662231445, 400.0, 400.0]}, "datetime": {"datetime": "2025-08-20 17:42:38", "elapsed": 21012.76277256012, "delta": 22.145516872406006}, "costs": {"total_cost": 1434.5645122911333, "time_cost": 150, "final_distance_cost": 17.310243365012393, "oscillation_cost": 54.58799965158314, "completition_cost": 1000.0, "overshoot_cost": 142.72427176854322, "power_cost": 15.466065991210938, "noise_cost": 54.47593151478349, "n_waypoints_completed": 0, "tot_waypoints": 9}}
{"target": -1477.0107558519303, "params": {"k_pid_pos": [9.999999747378752e-05, 1.0, 0.005816102027893066], "k_pid_alt": [2.0, 0.9435319900512695, 0.05336323380470276], "k_pid_att": [96.1202621459961, 0.18733061850070953, 0.0], "k_pid_yaw": [0.5, 1e-06, 0.1], "k_pid_hsp": [0.5845972895622253, 0.05455079674720764, 0.011403650045394897], "k_pid_vsp": [0.0, 400.0, 400.0]}, "datetime": {"datetime": "2025-08-20 17:43:00", "elapsed": 21035.250608682632, "delta": 22.487836122512817}, "costs": {"total_cost": 1477.0107558519303, "time_cost": 150, "final_distance_cost": 18.660903385592444, "oscillation_cost": 80.51642296396335, "completition_cost": 1000.0, "overshoot_cost": 145.9920821328064, "power_cost": 18.99094072265625, "noise_cost": 62.850406646911885, "n_waypoints_completed": 0, "tot_waypoints": 9}}
{"target": -1500.905220898357, "params": {"k_pid_pos": [9.999999747378752e-05, 0.9865119457244873, 0.0], "k_pid_alt": [1.8504638671875, 0.8808908462524414, 0.004534363746643066], "k_pid_att": [99.56241607666016, 9.999999747378752e-05, 0.0], "k_pid_yaw": [0.5, 1e-06, 0.1], "k_pid_hsp": [0.7373836040496826, 0.016067862510681152, 0.027083516120910645], "k_pid_vsp": [5.8592915534973145, 389.495361328125, 383.70977783203125]}, "datetime": {"datetime": "2025-08-20 17:43:23", "elapsed": 21058.234422683716, "delta": 22.983814001083374}, "costs": {"total_cost": 1500.905220898357, "time_cost": 150, "final_distance_cost": 28.943030878656113, "oscillation_cost": 86.75861728176346, "completition_cost": 1000.0, "overshoot_cost": 146.02736108052054, "power_cost": 21.877626025390626, "noise_cost": 67.29858563202636, "n_waypoints_completed": 0, "tot_waypoints": 9}}
{"target": -1511.1302228011054, "params": {"k_pid_pos": [9.999999747378752e-05, 1.0, 0.0], "k_pid_alt": [2.0, 0.996920108795166, 0.0], "k_pid_att": [99.25442504882812, 0.6891385912895203, 0.010180443525314331], "k_pid_yaw": [0.5, 1e-06, 0.1], "k_pid_hsp": [0.27179014682769775, 0.0, 0.07400733232498169], "k_pid_vsp": [0.0, 391.9704284667969, 374.614013671875]}, "datetime": {"datetime": "2025-08-20 17:43:46", "elapsed": 21080.641118764877, "delta": 22.4066960811615}, "costs": {"total_cost": 1511.1302228011054, "time_cost": 150, "final_distance_cost": 37.89805457978948, "oscillation_cost": 182.1829785359443, "completition_cost": 1000.0, "overshoot_cost": 101.4066750212779, "power_cost": 19.302128027343752, "noise_cost": 20.340386636750022, "n_waypoints_completed": 0, "tot_waypoints": 9}}
{"target": -1492.5965952164695, "params": {"k_pid_pos": [0.021973513066768646, 0.9811562299728394, 0.0], "k_pid_alt": [2.0, 1.0, 0.0], "k_pid_att": [93.99037170410156, 9.999999747378752e-05, 0.0], "k_pid_yaw": [0.5, 1e-06, 0.1], "k_pid_hsp": [0.2239990383386612, 0.0, 0.0], "k_pid_vsp": [0.0, 400.0, 400.0]}, "datetime": {"datetime": "2025-08-20 17:44:08", "elapsed": 21103.289496421814, "delta": 22.648377656936646}, "costs": {"total_cost": 1492.5965952164695, "time_cost": 150, "final_distance_cost": 7.04032010481383, "oscillation_cost": 55.72297199333681, "completition_cost": 1000.0, "overshoot_cost": 140.20703974118308, "power_cost": 35.90689273681641, "noise_cost": 103.71937064031941, "n_waypoints_completed": 0, "tot_waypoints": 9}}
{"target": -1416.7610974003285, "params": {"k_pid_pos": [9.999999747378752e-05, 0.964874267578125, 0.0], "k_pid_alt": [1.9149812459945679, 1.0, 0.008040517568588257], "k_pid_att": [96.64511108398438, 9.999999747378752e-05, 0.0], "k_pid_yaw": [0.5, 1e-06, 0.1], "k_pid_hsp": [0.7239741683006287, 0.0, 0.0], "k_pid_vsp": [0.0, 400.0, 400.0]}, "datetime": {"datetime": "2025-08-20 17:44:33", "elapsed": 21127.92819070816, "delta": 24.638694286346436}, "costs": {"total_cost": 1416.7610974003285, "time_cost": 150, "final_distance_cost": 13.25847435881458, "oscillation_cost": 65.07591270474391, "completition_cost": 1000.0, "overshoot_cost": 139.67840809293114, "power_cost": 9.306633642578126, "noise_cost": 39.441668601260794, "n_waypoints_completed": 0, "tot_waypoints": 9}}
{"target": -3935.1684252628465, "params": {"k_pid_pos": [9.999999747378752e-05, 1.0, 0.0], "k_pid_alt": [2.0, 0.9957643747329712, 0.011541098356246948], "k_pid_att": [99.31098175048828, 0.36287882924079895, 0.0], "k_pid_yaw": [0.5, 1e-06, 0.1], "k_pid_hsp": [9.999999747378752e-05, 0.007182657718658447, 0.0483686625957489], "k_pid_vsp": [0.0, 388.8077392578125, 400.0]}, "datetime": {"datetime": "2025-08-20 17:44:58", "elapsed": 21153.507543563843, "delta": 25.579352855682373}, "costs": {"total_cost": 3935.1684252628465, "time_cost": 150, "final_distance_cost": 1009.0488913006972, "oscillation_cost": 122.08831787136896, "completition_cost": 1000.0, "overshoot_cost": 1614.4839991855354, "power_cost": 21.87821813964844, "noise_cost": 17.668998765596687, "n_waypoints_completed": 0, "tot_waypoints": 9}}
{"target": -1431.2531119552816, "params": {"k_pid_pos": [0.05064733698964119, 1.0, 0.0], "k_pid_alt": [1.9865998029708862, 1.0, 0.005911469459533691], "k_pid_att": [100.0, 0.5345289707183838, 0.05119642615318298], "k_pid_yaw": [0.5, 1e-06, 0.1], "k_pid_hsp": [0.17884092032909393, 0.0, 0.12467670440673828], "k_pid_vsp": [0.0, 390.4011535644531, 400.0]}, "datetime": {"datetime": "2025-08-20 17:45:21", "elapsed": 21176.20702648163, "delta": 22.699482917785645}, "costs": {"total_cost": 1431.2531119552816, "time_cost": 150, "final_distance_cost": 56.735851519708596, "oscillation_cost": 231.83075887475206, "completition_cost": 888.8888888888888, "overshoot_cost": 63.66149161137873, "power_cost": 22.6459064453125, "noise_cost": 17.490214615240806, "n_waypoints_completed": 1, "tot_waypoints": 9}}
{"target": -1507.765823096025, "params": {"k_pid_pos": [0.03245089203119278, 1.0, 0.027427494525909424], "k_pid_alt": [2.0, 0.8926635980606079, 0.055601537227630615], "k_pid_att": [95.49301147460938, 9.999999747378752e-05, 0.0], "k_pid_yaw": [0.5, 1e-06, 0.1], "k_pid_hsp": [0.48046064376831055, 0.10626381635665894, 0.0], "k_pid_vsp": [0.0, 387.23541259765625, 400.0]}, "datetime": {"datetime": "2025-08-20 17:45:43", "elapsed": 21198.474804878235, "delta": 22.267778396606445}, "costs": {"total_cost": 1507.765823096025, "time_cost": 150, "final_distance_cost": 10.868397328055652, "oscillation_cost": 59.47319182731094, "completition_cost": 1000.0, "overshoot_cost": 140.25293305711722, "power_cost": 38.0800642944336, "noise_cost": 109.09123658910757, "n_waypoints_completed": 0, "tot_waypoints": 9}}
{"target": -1986.3264442605112, "params": {"k_pid_pos": [0.19301801919937134, 0.9617708921432495, 0.015155047178268433], "k_pid_alt": [2.0, 1.0, 0.0], "k_pid_att": [90.609375, 0.013183684088289738, 0.0], "k_pid_yaw": [0.5, 1e-06, 0.1], "k_pid_hsp": [9.999999747378752e-05, 0.0, 0.016641050577163696], "k_pid_vsp": [8.40700912475586, 400.0, 400.0]}, "datetime": {"datetime": "2025-08-20 17:46:06", "elapsed": 21220.808037996292, "delta": 22.33323311805725}, "costs": {"total_cost": 1986.3264442605112, "time_cost": 150, "final_distance_cost": 350.0240799518937, "oscillation_cost": 17.522681431288735, "completition_cost": 1000.0, "overshoot_cost": 404.32204879104705, "power_cost": 37.75979393310547, "noise_cost": 26.69784015317623, "n_waypoints_completed": 0, "tot_waypoints": 9}}
{"target": -1487.9804305697958, "params": {"k_pid_pos": [0.020864205434918404, 1.0, 0.07496637105941772], "k_pid_alt": [2.0, 0.9671688079833984, 0.036404967308044434], "k_pid_att": [96.08074951171875, 9.999999747378752e-05, 0.0], "k_pid_yaw": [0.5, 1e-06, 0.1], "k_pid_hsp": [0.736873984336853, 0.0, 0.011392325162887573], "k_pid_vsp": [0.0, 385.4339904785156, 397.4538879394531]}, "datetime": {"datetime": "2025-08-20 17:46:29", "elapsed": 21243.670773506165, "delta": 22.862735509872437}, "costs": {"total_cost": 1487.9804305697958, "time_cost": 150, "final_distance_cost": 11.092574702803333, "oscillation_cost": 83.2345671204675, "completition_cost": 1000.0, "overshoot_cost": 143.274384450225, "power_cost": 24.36915711669922, "noise_cost": 76.00974717960086, "n_waypoints_completed": 0, "tot_waypoints": 9}}
{"target": -1468.5744921296555, "params": {"k_pid_pos": [0.12540492415428162, 0.9964737892150879, 0.06764146685600281], "k_pid_alt": [1.9963371753692627, 1.0, 0.1007767915725708], "k_pid_att": [100.0, 9.999999747378752e-05, 0.010290682315826416], "k_pid_yaw": [0.5, 1e-06, 0.1], "k_pid_hsp": [0.6383991837501526, 0.004678249359130859, 0.025835394859313965], "k_pid_vsp": [0.0, 400.0, 400.0]}, "datetime": {"datetime": "2025-08-20 17:46:51", "elapsed": 21266.287192344666, "delta": 22.616418838500977}, "costs": {"total_cost": 1468.5744921296555, "time_cost": 150, "final_distance_cost": 11.216069418857627, "oscillation_cost": 95.99741232632492, "completition_cost": 1000.0, "overshoot_cost": 139.08786590921542, "power_cost": 16.47434375, "noise_cost": 55.798800725257735, "n_waypoints_completed": 0, "tot_waypoints": 9}}
{"target": -1487.582347204547, "params": {"k_pid_pos": [9.999999747378752e-05, 1.0, 0.0], "k_pid_alt": [2.0, 0.9932914972305298, 0.08541923761367798], "k_pid_att": [97.41950225830078, 0.5950536131858826, 0.03033384680747986], "k_pid_yaw": [0.5, 1e-06, 0.1], "k_pid_hsp": [9.999999747378752e-05, 0.027981430292129517, 0.015991926193237305], "k_pid_vsp": [12.205648422241211, 363.5328369140625, 397.27783203125]}, "datetime": {"datetime": "2025-08-20 17:47:14", "elapsed": 21289.238801956177, "delta": 22.95160961151123}, "costs": {"total_cost": 1487.582347204547, "time_cost": 150, "final_distance_cost": 139.38741871380319, "oscillation_cost": 31.576392080539144, "completition_cost": 1000.0, "overshoot_cost": 135.93814830449946, "power_cost": 15.042093322753907, "noise_cost": 15.638294782951169, "n_waypoints_completed": 0, "tot_waypoints": 9}}
{"target": -1464.9962245924742, "params": {"k_pid_pos": [0.047705043107271194, 1.0, 0.0], "k_pid_alt": [1.8561675548553467, 1.0, 0.0], "k_pid_att": [100.0, 9.999999747378752e-05, 0.0], "k_pid_yaw": [0.5, 1e-06, 0.1], "k_pid_hsp": [0.2825787663459778, 0.0, 0.01913103461265564], "k_pid_vsp": [1.2992501258850098, 387.7146301269531, 390.7311096191406]}, "datetime": {"datetime": "2025-08-20 17:47:36", "elapsed": 21311.14866399765, "delta": 21.90986204147339}, "costs": {"total_cost": 1464.9962245924742, "time_cost": 150, "final_distance_cost": 3.5242214989966643, "oscillation_cost": 87.52541679252073, "completition_cost": 1000.0, "overshoot_cost": 140.37227842596425, "power_cost": 19.637660583496096, "noise_cost": 63.93664729149636, "n_waypoints_completed": 0, "tot_waypoints": 9}}
{"target": -1509.314490998551, "params": {"k_pid_pos": [9.999999747378752e-05, 0.98175048828125, 0.0], "k_pid_alt": [2.0, 0.9790636301040649, 0.0], "k_pid_att": [100.0, 0.49155235290527344, 0.0], "k_pid_yaw": [0.5, 1e-06, 0.1], "k_pid_hsp": [0.527513861656189, 0.0581488311290741, 0.0], "k_pid_vsp": [13.794910430908203, 400.0, 375.03448486328125]}, "datetime": {"datetime": "2025-08-20 17:48:00", "elapsed": 21334.692642211914, "delta": 23.543978214263916}, "costs": {"total_cost": 1509.314490998551, "time_cost": 150, "final_distance_cost": 12.111780716947454, "oscillation_cost": 60.001746016733236, "completition_cost": 1000.0, "overshoot_cost": 139.97867651093085, "power_cost": 38.07410302734375, "noise_cost": 109.14818472659564, "n_waypoints_completed": 0, "tot_waypoints": 9}}
{"target": -1488.603077356643, "params": {"k_pid_pos": [9.999999747378752e-05, 0.9941678047180176, 0.0], "k_pid_alt": [1.8604435920715332, 1.0, 0.036893248558044434], "k_pid_att": [100.0, 0.3907794952392578, 0.009615957736968994], "k_pid_yaw": [0.5, 1e-06, 0.1], "k_pid_hsp": [0.28394997119903564, 0.0, 0.0], "k_pid_vsp": [27.596426010131836, 400.0, 400.0]}, "datetime": {"datetime": "2025-08-20 17:48:22", "elapsed": 21357.311695814133, "delta": 22.619053602218628}, "costs": {"total_cost": 1488.603077356643, "time_cost": 150, "final_distance_cost": 7.245574256078082, "oscillation_cost": 57.80420667572653, "completition_cost": 1000.0, "overshoot_cost": 140.2792047366754, "power_cost": 33.99467943115234, "noise_cost": 99.27941225701078, "n_waypoints_completed": 0, "tot_waypoints": 9}}
{"target": -1936.3814091469417, "params": {"k_pid_pos": [0.015042196959257126, 0.9255017042160034, 0.06493645906448364], "k_pid_alt": [1.9625149965286255, 0.9248369932174683, 0.10739821195602417], "k_pid_att": [98.12860870361328, 9.999999747378752e-05, 0.0], "k_pid_yaw": [0.5, 1e-06, 0.1], "k_pid_hsp": [9.999999747378752e-05, 0.0, 0.0], "k_pid_vsp": [0.0, 388.5536193847656, 387.14422607421875]}, "datetime": {"datetime": "2025-08-20 17:48:45", "elapsed": 21379.51801943779, "delta": 22.206323623657227}, "costs": {"total_cost": 1936.3814091469417, "time_cost": 150, "final_distance_cost": 330.1618190701721, "oscillation_cost": 25.06935032806354, "completition_cost": 1000.0, "overshoot_cost": 365.28893224895756, "power_cost": 37.85865329589844, "noise_cost": 28.002654203850255, "n_waypoints_completed": 0, "tot_waypoints": 9}}
