{"target": -1401.1647994877358, "params": {"k_pid_pos": [9.999999747378752e-05, 1.0, 0.10458910465240479], "k_pid_alt": [2.0, 0.9594098925590515, 0.0], "k_pid_att": [98.2324447631836, 9.999999747378752e-05, 0.03005504608154297], "k_pid_yaw": [0.5, 1e-06, 0.1], "k_pid_hsp": [0.4143528938293457, 0.016431599855422974, 0.0], "k_pid_vsp": [0.0, 400.0, 383.42095947265625]}, "datetime": {"datetime": "2025-08-21 01:39:11", "elapsed": 49605.9172501564, "delta": 25.00669264793396}, "costs": {"total_cost": 1401.1647994877358, "time_cost": 150, "final_distance_cost": 6.318066892284037, "oscillation_cost": 65.1722046787954, "completition_cost": 1000.0, "overshoot_cost": 139.43604998076208, "power_cost": 6.7995849609375005, "noise_cost": 33.43889297495684, "n_waypoints_completed": 0, "tot_waypoints": 9}}
{"target": -1499.6449281822402, "params": {"k_pid_pos": [9.999999747378752e-05, 1.0, 0.07183200120925903], "k_pid_alt": [1.9109845161437988, 1.0, 0.0], "k_pid_att": [94.58248901367188, 0.267728716135025, 0.0], "k_pid_yaw": [0.5, 1e-06, 0.1], "k_pid_hsp": [0.6939995884895325, 0.0, 0.025049030780792236], "k_pid_vsp": [0.0, 376.4771423339844, 374.9894714355469]}, "datetime": {"datetime": "2025-08-21 01:39:32", "elapsed": 49627.31707048416, "delta": 21.39982032775879}, "costs": {"total_cost": 1499.6449281822402, "time_cost": 150, "final_distance_cost": 10.96734203046126, "oscillation_cost": 88.39246731477073, "completition_cost": 1000.0, "overshoot_cost": 142.677158190325, "power_cost": 27.347634606933596, "noise_cost": 80.26032603974981, "n_waypoints_completed": 0, "tot_waypoints": 9}}
{"target": -1484.4500155654544, "params": {"k_pid_pos": [0.011088818311691284, 0.9349077939987183, 0.0], "k_pid_alt": [2.0, 1.0, 0.0], "k_pid_att": [100.0, 0.329734206199646, 0.0], "k_pid_yaw": [0.5, 1e-06, 0.1], "k_pid_hsp": [0.3333021104335785, 0.0, 0.0], "k_pid_vsp": [20.746219635009766, 360.35540771484375, 387.5982666015625]}, "datetime": {"datetime": "2025-08-21 01:39:57", "elapsed": 49651.62878417969, "delta": 24.311713695526123}, "costs": {"total_cost": 1484.4500155654544, "time_cost": 150, "final_distance_cost": 15.657675674707072, "oscillation_cost": 59.54049423933185, "completition_cost": 1000.0, "overshoot_cost": 139.77823779622824, "power_cost": 29.986736547851564, "noise_cost": 89.48687130733569, "n_waypoints_completed": 0, "tot_waypoints": 9}}
{"target": -1518.7745063368543, "params": {"k_pid_pos": [9.999999747378752e-05, 0.9621261358261108, 0.004771769046783447], "k_pid_alt": [1.7896168231964111, 1.0, 0.0], "k_pid_att": [100.0, 9.999999747378752e-05, 0.0], "k_pid_yaw": [0.5, 1e-06, 0.1], "k_pid_hsp": [0.1802314817905426, 0.01839277148246765, 0.0763084888458252], "k_pid_vsp": [6.94350004196167, 400.0, 400.0]}, "datetime": {"datetime": "2025-08-21 01:40:21", "elapsed": 49676.09051680565, "delta": 24.461732625961304}, "costs": {"total_cost": 1518.7745063368543, "time_cost": 150, "final_distance_cost": 54.828353284150396, "oscillation_cost": 192.06869494777018, "completition_cost": 1000.0, "overshoot_cost": 75.9057893423935, "power_cost": 25.136658349609377, "noise_cost": 20.835010412930757, "n_waypoints_completed": 0, "tot_waypoints": 9}}
{"target": -2425.4751972037925, "params": {"k_pid_pos": [0.13963846862316132, 1.0, 0.0], "k_pid_alt": [1.9402811527252197, 1.0, 0.010797381401062012], "k_pid_att": [89.42394256591797, 9.999999747378752e-05, 0.025849491357803345], "k_pid_yaw": [0.5, 1e-06, 0.1], "k_pid_hsp": [9.999999747378752e-05, 0.06250211596488953, 0.06470844149589539], "k_pid_vsp": [16.605817794799805, 394.55517578125, 381.4761657714844]}, "datetime": {"datetime": "2025-08-21 01:40:42", "elapsed": 49697.4627430439, "delta": 21.372226238250732}, "costs": {"total_cost": 2425.4751972037925, "time_cost": 150, "final_distance_cost": 352.3549535399992, "oscillation_cost": 319.1532339786264, "completition_cost": 1000.0, "overshoot_cost": 565.6841029247256, "power_cost": 21.062264111328126, "noise_cost": 17.220642649112975, "n_waypoints_completed": 0, "tot_waypoints": 9}}
{"target": -1459.478980217587, "params": {"k_pid_pos": [0.17012089490890503, 1.0, 0.0], "k_pid_alt": [1.93904447555542, 1.0, 0.0], "k_pid_att": [100.0, 9.999999747378752e-05, 0.06414029002189636], "k_pid_yaw": [0.5, 1e-06, 0.1], "k_pid_hsp": [0.41841697692871094, 0.0030373036861419678, 0.011843204498291016], "k_pid_vsp": [0.0, 400.0, 400.0]}, "datetime": {"datetime": "2025-08-21 01:41:07", "elapsed": 49722.04009580612, "delta": 24.57735276222229}, "costs": {"total_cost": 1459.478980217587, "time_cost": 150, "final_distance_cost": 11.846429064737002, "oscillation_cost": 91.97988415186603, "completition_cost": 1000.0, "overshoot_cost": 139.8537680160183, "power_cost": 14.300808154296876, "noise_cost": 51.49809083066866, "n_waypoints_completed": 0, "tot_waypoints": 9}}
{"target": -3334.675774499797, "params": {"k_pid_pos": [0.08600185066461563, 0.9994630813598633, 0.0], "k_pid_alt": [1.9321402311325073, 1.0, 0.037498682737350464], "k_pid_att": [99.06603240966797, 0.3222428858280182, 0.0], "k_pid_yaw": [0.5, 1e-06, 0.1], "k_pid_hsp": [9.999999747378752e-05, 0.0, 0.06981074810028076], "k_pid_vsp": [0.0, 400.0, 400.0]}, "datetime": {"datetime": "2025-08-21 01:41:32", "elapsed": 49746.862484931946, "delta": 24.822389125823975}, "costs": {"total_cost": 3334.675774499797, "time_cost": 150, "final_distance_cost": 700.5481128252953, "oscillation_cost": 288.52445855345604, "completition_cost": 1000.0, "overshoot_cost": 1155.57508500791, "power_cost": 22.261642700195313, "noise_cost": 17.76647541294005, "n_waypoints_completed": 0, "tot_waypoints": 9}}
{"target": -2933.2128130131678, "params": {"k_pid_pos": [0.014572118408977985, 1.0, 0.0], "k_pid_alt": [2.0, 1.0, 0.009628653526306152], "k_pid_att": [99.89747619628906, 0.47922056913375854, 0.05150577425956726], "k_pid_yaw": [0.5, 1e-06, 0.1], "k_pid_hsp": [9.999999747378752e-05, 0.00796934962272644, 0.05712568759918213], "k_pid_vsp": [28.033184051513672, 400.0, 400.0]}, "datetime": {"datetime": "2025-08-21 01:41:53", "elapsed": 49768.409351825714, "delta": 21.54686689376831}, "costs": {"total_cost": 2933.2128130131678, "time_cost": 150, "final_distance_cost": 582.7804025040136, "oscillation_cost": 230.9050278042251, "completition_cost": 1000.0, "overshoot_cost": 930.4229909539471, "power_cost": 21.524823193359374, "noise_cost": 17.579568557622494, "n_waypoints_completed": 0, "tot_waypoints": 9}}
{"target": -1483.9926620804952, "params": {"k_pid_pos": [0.03932904079556465, 1.0, 0.021134614944458008], "k_pid_alt": [1.8697524070739746, 1.0, 0.02436390519142151], "k_pid_att": [100.0, 0.22266031801700592, 0.03217718005180359], "k_pid_yaw": [0.5, 1e-06, 0.1], "k_pid_hsp": [0.4698779284954071, 0.1220569908618927, 0.015845775604248047], "k_pid_vsp": [2.7363181114196777, 400.0, 400.0]}, "datetime": {"datetime": "2025-08-21 01:42:18", "elapsed": 49793.389734983444, "delta": 24.980383157730103}, "costs": {"total_cost": 1483.9926620804952, "time_cost": 150, "final_distance_cost": 28.574934278733604, "oscillation_cost": 86.68562753089657, "completition_cost": 1000.0, "overshoot_cost": 144.29001274034053, "power_cost": 16.814706359863283, "noise_cost": 57.62738117066131, "n_waypoints_completed": 0, "tot_waypoints": 9}}
{"target": -1491.587574918027, "params": {"k_pid_pos": [0.07365208864212036, 0.9748194217681885, 0.0], "k_pid_alt": [2.0, 1.0, 0.07305607199668884], "k_pid_att": [95.27284240722656, 0.19778397679328918, 0.0018974542617797852], "k_pid_yaw": [0.5, 1e-06, 0.1], "k_pid_hsp": [0.5266392230987549, 0.043380945920944214, 0.02140176296234131], "k_pid_vsp": [17.41869354248047, 374.1183776855469, 400.0]}, "datetime": {"datetime": "2025-08-21 01:42:44", "elapsed": 49818.544350624084, "delta": 25.15461564064026}, "costs": {"total_cost": 1491.587574918027, "time_cost": 150, "final_distance_cost": 14.814995312900086, "oscillation_cost": 95.27987228714186, "completition_cost": 1000.0, "overshoot_cost": 140.8152278976861, "power_cost": 21.827213305664063, "noise_cost": 68.8502661146348, "n_waypoints_completed": 0, "tot_waypoints": 9}}
{"target": -1963.038861329969, "params": {"k_pid_pos": [9.999999747378752e-05, 1.0, 0.0], "k_pid_alt": [2.0, 0.9781863689422607, 0.0], "k_pid_att": [100.0, 0.1204557716846466, 0.0], "k_pid_yaw": [0.5, 1e-06, 0.1], "k_pid_hsp": [9.999999747378752e-05, 0.0, 0.0], "k_pid_vsp": [0.0, 378.8133239746094, 388.07110595703125]}, "datetime": {"datetime": "2025-08-21 01:43:06", "elapsed": 49840.913769483566, "delta": 22.36941885948181}, "costs": {"total_cost": 1963.038861329969, "time_cost": 150, "final_distance_cost": 338.9398818806273, "oscillation_cost": 25.115348771068387, "completition_cost": 1000.0, "overshoot_cost": 382.7105673469995, "power_cost": 37.929529479980474, "noise_cost": 28.343533851293337, "n_waypoints_completed": 0, "tot_waypoints": 9}}
{"target": -1501.4081297005198, "params": {"k_pid_pos": [9.999999747378752e-05, 1.0, 0.01713833212852478], "k_pid_alt": [2.0, 1.0, 0.0], "k_pid_att": [100.0, 0.11767375469207764, 0.04801270365715027], "k_pid_yaw": [0.5, 1e-06, 0.1], "k_pid_hsp": [0.4745991826057434, 0.06932112574577332, 0.02671748399734497], "k_pid_vsp": [0.0, 376.989990234375, 390.4080810546875]}, "datetime": {"datetime": "2025-08-21 01:43:31", "elapsed": 49866.26522564888, "delta": 25.35145616531372}, "costs": {"total_cost": 1501.4081297005198, "time_cost": 150, "final_distance_cost": 31.675023980304836, "oscillation_cost": 88.86302642013078, "completition_cost": 1000.0, "overshoot_cost": 143.9487453768165, "power_cost": 20.99219158935547, "noise_cost": 65.92914233391201, "n_waypoints_completed": 0, "tot_waypoints": 9}}
{"target": -1906.8741578795004, "params": {"k_pid_pos": [0.1576092541217804, 0.9607309699058533, 0.02273222804069519], "k_pid_alt": [1.963312029838562, 1.0, 0.0], "k_pid_att": [100.0, 0.35708293318748474, 0.02828356623649597], "k_pid_yaw": [0.5, 1e-06, 0.1], "k_pid_hsp": [9.999999747378752e-05, 0.0, 0.0], "k_pid_vsp": [0.0, 400.0, 400.0]}, "datetime": {"datetime": "2025-08-21 01:43:53", "elapsed": 49888.33832526207, "delta": 22.073099613189697}, "costs": {"total_cost": 1906.8741578795004, "time_cost": 150, "final_distance_cost": 330.8008500232608, "oscillation_cost": 30.771104131668373, "completition_cost": 1000.0, "overshoot_cost": 367.2730755189659, "power_cost": 12.338613525390626, "noise_cost": 15.690514680214646, "n_waypoints_completed": 0, "tot_waypoints": 9}}
{"target": -1437.2775165434807, "params": {"k_pid_pos": [0.2640024423599243, 0.9470099210739136, 0.01904088258743286], "k_pid_alt": [2.0, 0.9572333097457886, 0.054459840059280396], "k_pid_att": [92.99192810058594, 0.547460675239563, 0.08897054195404053], "k_pid_yaw": [0.5, 1e-06, 0.1], "k_pid_hsp": [0.06987369060516357, 0.058021098375320435, 0.0], "k_pid_vsp": [0.0, 359.86279296875, 394.718994140625]}, "datetime": {"datetime": "2025-08-21 01:44:18", "elapsed": 49913.317912340164, "delta": 24.979587078094482}, "costs": {"total_cost": 1437.2775165434807, "time_cost": 150, "final_distance_cost": 5.671563199303633, "oscillation_cost": 51.73225314589754, "completition_cost": 1000.0, "overshoot_cost": 141.9547882756685, "power_cost": 20.799667822265626, "noise_cost": 67.1192441003455, "n_waypoints_completed": 0, "tot_waypoints": 9}}
{"target": -1507.0124942701634, "params": {"k_pid_pos": [9.999999747378752e-05, 1.0, 0.023474127054214478], "k_pid_alt": [2.0, 1.0, 0.0], "k_pid_att": [100.0, 0.46044886112213135, 0.0], "k_pid_yaw": [0.5, 1e-06, 0.1], "k_pid_hsp": [1.436033010482788, 0.0741773247718811, 0.04809075593948364], "k_pid_vsp": [21.098268508911133, 383.29400634765625, 400.0]}, "datetime": {"datetime": "2025-08-21 01:44:41", "elapsed": 49936.17871618271, "delta": 22.860803842544556}, "costs": {"total_cost": 1507.0124942701634, "time_cost": 150, "final_distance_cost": 17.264478079138126, "oscillation_cost": 107.40464985270455, "completition_cost": 1000.0, "overshoot_cost": 143.43127605715122, "power_cost": 25.126354638671877, "noise_cost": 63.785735642497386, "n_waypoints_completed": 0, "tot_waypoints": 9}}
{"target": -4582.560090272407, "params": {"k_pid_pos": [0.0026526201982051134, 0.9887436628341675, 0.06744050979614258], "k_pid_alt": [1.9617784023284912, 1.0, 0.033867716789245605], "k_pid_att": [100.0, 9.999999747378752e-05, 0.057124823331832886], "k_pid_yaw": [0.5, 1e-06, 0.1], "k_pid_hsp": [9.999999747378752e-05, 0.0, 0.03485745191574097], "k_pid_vsp": [0.0, 400.0, 400.0]}, "datetime": {"datetime": "2025-08-21 01:45:07", "elapsed": 49961.69874215126, "delta": 25.520025968551636}, "costs": {"total_cost": 4582.560090272407, "time_cost": 150, "final_distance_cost": 1262.2586887634247, "oscillation_cost": 82.66035651592269, "completition_cost": 1000.0, "overshoot_cost": 2043.1749077698842, "power_cost": 25.656438342285156, "noise_cost": 18.80969888089047, "n_waypoints_completed": 0, "tot_waypoints": 9}}
{"target": -1920.00840785952, "params": {"k_pid_pos": [9.999999747378752e-05, 0.9635298252105713, 0.0], "k_pid_alt": [1.8569350242614746, 0.9316426515579224, 0.0], "k_pid_att": [98.19210815429688, 9.999999747378752e-05, 0.0], "k_pid_yaw": [0.5, 1e-06, 0.1], "k_pid_hsp": [9.999999747378752e-05, 0.009476810693740845, 0.011910349130630493], "k_pid_vsp": [0.0, 400.0, 400.0]}, "datetime": {"datetime": "2025-08-21 01:45:29", "elapsed": 49983.72322869301, "delta": 22.024486541748047}, "costs": {"total_cost": 1920.00840785952, "time_cost": 150, "final_distance_cost": 331.54965844014555, "oscillation_cost": 32.71465281195465, "completition_cost": 1000.0, "overshoot_cost": 381.860565101766, "power_cost": 11.342988330078125, "noise_cost": 12.540543175575724, "n_waypoints_completed": 0, "tot_waypoints": 9}}
{"target": -1486.0470986374917, "params": {"k_pid_pos": [9.999999747378752e-05, 0.977933406829834, 0.06780922412872314], "k_pid_alt": [2.0, 0.994335412979126, 0.0], "k_pid_att": [100.0, 9.999999747378752e-05, 0.030880361795425415], "k_pid_yaw": [0.5, 1e-06, 0.1], "k_pid_hsp": [0.6549601554870605, 0.04406294226646423, 0.0], "k_pid_vsp": [5.447256565093994, 400.0, 400.0]}, "datetime": {"datetime": "2025-08-21 01:45:53", "elapsed": 50008.35599112511, "delta": 24.63276243209839}, "costs": {"total_cost": 1486.0470986374917, "time_cost": 150, "final_distance_cost": 14.161535661883168, "oscillation_cost": 68.79663632119369, "completition_cost": 1000.0, "overshoot_cost": 139.33146989525022, "power_cost": 28.27980841064453, "noise_cost": 85.47764834852, "n_waypoints_completed": 0, "tot_waypoints": 9}}
{"target": -1389.887119171521, "params": {"k_pid_pos": [9.999999747378752e-05, 0.9808935523033142, 0.0], "k_pid_alt": [2.0, 1.0, 0.0], "k_pid_att": [93.99848175048828, 0.4379066228866577, 0.0], "k_pid_yaw": [0.5, 1e-06, 0.1], "k_pid_hsp": [9.999999747378752e-05, 0.05772125720977783, 0.0322532057762146], "k_pid_vsp": [10.946941375732422, 400.0, 381.9912109375]}, "datetime": {"datetime": "2025-08-21 01:46:16", "elapsed": 50030.641332387924, "delta": 22.285341262817383}, "costs": {"total_cost": 1389.887119171521, "time_cost": 150, "final_distance_cost": 62.549864346327865, "oscillation_cost": 83.52030782328583, "completition_cost": 1000.0, "overshoot_cost": 72.6778437686696, "power_cost": 9.500481958007812, "noise_cost": 11.638621275229658, "n_waypoints_completed": 0, "tot_waypoints": 9}}
{"target": -4368.698799659976, "params": {"k_pid_pos": [0.06724610179662704, 0.9197493195533752, 0.05279305577278137], "k_pid_alt": [1.9483343362808228, 0.9645674228668213, 0.034628719091415405], "k_pid_att": [97.50662994384766, 0.534344494342804, 0.03693869709968567], "k_pid_yaw": [0.5, 1e-06, 0.1], "k_pid_hsp": [0.004426657687872648, 0.001862555742263794, 0.04071307182312012], "k_pid_vsp": [2.1142005920410156, 400.0, 388.73175048828125]}, "datetime": {"datetime": "2025-08-21 01:46:40", "elapsed": 50055.25226569176, "delta": 24.610933303833008}, "costs": {"total_cost": 4368.698799659976, "time_cost": 150, "final_distance_cost": 1164.954926003096, "oscillation_cost": 119.75061876133337, "completition_cost": 1000.0, "overshoot_cost": 1895.0483019966453, "power_cost": 21.438979272460937, "noise_cost": 17.505973626441467, "n_waypoints_completed": 0, "tot_waypoints": 9}}
{"target": -1461.0306552059235, "params": {"k_pid_pos": [0.17495590448379517, 0.9855319857597351, 0.0], "k_pid_alt": [1.969266653060913, 1.0, 0.017060458660125732], "k_pid_att": [100.0, 0.04832593351602554, 0.06512433290481567], "k_pid_yaw": [0.5, 1e-06, 0.1], "k_pid_hsp": [0.23252956569194794, 0.0, 0.024506568908691406], "k_pid_vsp": [0.0, 385.52960205078125, 400.0]}, "datetime": {"datetime": "2025-08-21 01:47:05", "elapsed": 50080.04896235466, "delta": 24.796696662902832}, "costs": {"total_cost": 1461.0306552059235, "time_cost": 150, "final_distance_cost": 16.71272893621321, "oscillation_cost": 72.4626470809241, "completition_cost": 1000.0, "overshoot_cost": 139.3987668685656, "power_cost": 19.386208618164062, "noise_cost": 63.07030370205639, "n_waypoints_completed": 0, "tot_waypoints": 9}}
{"target": -1404.6237180690175, "params": {"k_pid_pos": [0.029146572574973106, 1.0, 0.045946091413497925], "k_pid_alt": [2.0, 0.9309954047203064, 0.04742169380187988], "k_pid_att": [100.0, 9.999999747378752e-05, 0.08631125092506409], "k_pid_yaw": [0.5, 1e-06, 0.1], "k_pid_hsp": [0.12200577557086945, 0.0, 0.0], "k_pid_vsp": [0.0, 393.7309265136719, 400.0]}, "datetime": {"datetime": "2025-08-21 01:47:27", "elapsed": 50102.37547707558, "delta": 22.326514720916748}, "costs": {"total_cost": 1404.6237180690175, "time_cost": 150, "final_distance_cost": 16.701510111817953, "oscillation_cost": 54.96516059327916, "completition_cost": 1000.0, "overshoot_cost": 140.25342133768157, "power_cost": 7.565931726074219, "noise_cost": 35.1376943001644, "n_waypoints_completed": 0, "tot_waypoints": 9}}
{"target": -1452.72967521101, "params": {"k_pid_pos": [0.10223150253295898, 1.0, 0.0], "k_pid_alt": [2.0, 0.9315359592437744, 0.025279998779296875], "k_pid_att": [99.31328582763672, 0.1428341120481491, 0.0], "k_pid_yaw": [0.5, 1e-06, 0.1], "k_pid_hsp": [0.36435821652412415, 0.0, 0.04329124093055725], "k_pid_vsp": [0.0, 400.0, 400.0]}, "datetime": {"datetime": "2025-08-21 01:47:52", "elapsed": 50127.48433589935, "delta": 25.108858823776245}, "costs": {"total_cost": 1452.72967521101, "time_cost": 150, "final_distance_cost": 17.49052756557808, "oscillation_cost": 93.43509521612923, "completition_cost": 1000.0, "overshoot_cost": 131.73814988638512, "power_cost": 21.73883572998047, "noise_cost": 38.32706681293717, "n_waypoints_completed": 0, "tot_waypoints": 9}}
{"target": -3288.5566935635857, "params": {"k_pid_pos": [0.058959268033504486, 1.0, 0.0], "k_pid_alt": [2.0, 1.0, 0.0], "k_pid_att": [100.0, 0.5388350486755371, 0.0], "k_pid_yaw": [0.5, 1e-06, 0.1], "k_pid_hsp": [9.999999747378752e-05, 0.0, 0.05543261766433716], "k_pid_vsp": [9.021341323852539, 381.195556640625, 400.0]}, "datetime": {"datetime": "2025-08-21 01:48:15", "elapsed": 50149.56678009033, "delta": 22.082444190979004}, "costs": {"total_cost": 3288.5566935635857, "time_cost": 150, "final_distance_cost": 732.2972954135582, "oscillation_cost": 190.58313691966862, "completition_cost": 1000.0, "overshoot_cost": 1176.2642168190564, "power_cost": 21.787660961914064, "noise_cost": 17.62438344938846, "n_waypoints_completed": 0, "tot_waypoints": 9}}
{"target": -1460.9213352750753, "params": {"k_pid_pos": [0.06839868426322937, 1.0, 0.06653612852096558], "k_pid_alt": [1.8830204010009766, 0.9504258632659912, 0.021900832653045654], "k_pid_att": [100.0, 9.999999747378752e-05, 0.09966093301773071], "k_pid_yaw": [0.5, 1e-06, 0.1], "k_pid_hsp": [9.999999747378752e-05, 0.07866472005844116, 0.028901219367980957], "k_pid_vsp": [2.663910388946533, 391.54119873046875, 400.0]}, "datetime": {"datetime": "2025-08-21 01:48:39", "elapsed": 50174.49845933914, "delta": 24.931679248809814}, "costs": {"total_cost": 1460.9213352750753, "time_cost": 150, "final_distance_cost": 23.80117431396141, "oscillation_cost": 52.83894052848561, "completition_cost": 1000.0, "overshoot_cost": 144.91984747688647, "power_cost": 20.802481945800782, "noise_cost": 68.55889100994115, "n_waypoints_completed": 0, "tot_waypoints": 9}}
{"target": -1409.8574440800733, "params": {"k_pid_pos": [0.07065710425376892, 0.9478844404220581, 0.0], "k_pid_alt": [2.0, 0.9882609844207764, 0.0], "k_pid_att": [100.0, 0.06215973570942879, 0.0], "k_pid_yaw": [0.5, 1e-06, 0.1], "k_pid_hsp": [0.04015779495239258, 0.0, 0.013042926788330078], "k_pid_vsp": [0.0, 400.0, 365.5193786621094]}, "datetime": {"datetime": "2025-08-21 01:49:04", "elapsed": 50199.023104429245, "delta": 24.52464509010315}, "costs": {"total_cost": 1409.8574440800733, "time_cost": 150, "final_distance_cost": 11.742177767032608, "oscillation_cost": 41.485546606648725, "completition_cost": 1000.0, "overshoot_cost": 138.92842945460563, "power_cost": 16.25842019042969, "noise_cost": 51.442870061356885, "n_waypoints_completed": 0, "tot_waypoints": 9}}
{"target": -1937.4365878633605, "params": {"k_pid_pos": [0.0004729276115540415, 0.9574584364891052, 0.005098968744277954], "k_pid_alt": [1.857893466949463, 1.0, 0.0], "k_pid_att": [96.21347045898438, 9.999999747378752e-05, 0.0], "k_pid_yaw": [0.5, 1e-06, 0.1], "k_pid_hsp": [9.999999747378752e-05, 0.0, 0.0], "k_pid_vsp": [21.55371856689453, 400.0, 391.3404541015625]}, "datetime": {"datetime": "2025-08-21 01:49:26", "elapsed": 50221.40611863136, "delta": 22.38301420211792}, "costs": {"total_cost": 1937.4365878633605, "time_cost": 150, "final_distance_cost": 341.911981307424, "oscillation_cost": 30.179453569966114, "completition_cost": 1000.0, "overshoot_cost": 390.60102025343895, "power_cost": 11.534992993164064, "noise_cost": 13.209139739367366, "n_waypoints_completed": 0, "tot_waypoints": 9}}
