{"target": -1911.4589414193317, "params": {"k_pid_pos": [0.11208127439022064, 0.9217712879180908, 0.0], "k_pid_alt": [1.9056509733200073, 0.9936165809631348, 0.0], "k_pid_att": [99.82339477539062, 0.28441575169563293, 0.11571308970451355], "k_pid_yaw": [0.5, 1e-06, 0.1], "k_pid_hsp": [9.999999747378752e-05, 0.0, 0.0], "k_pid_vsp": [1.1697769165039062, 400.0, 392.8296203613281]}, "datetime": {"datetime": "2025-08-20 22:49:52", "elapsed": 39446.602484464645, "delta": 21.744831323623657}, "costs": {"total_cost": 1911.4589414193317, "time_cost": 150, "final_distance_cost": 331.95258276758346, "oscillation_cost": 30.984654691552024, "completition_cost": 1000.0, "overshoot_cost": 373.09103846648895, "power_cost": 11.70655233154297, "noise_cost": 13.724113162164308, "n_waypoints_completed": 0, "tot_waypoints": 9}}
{"target": -1846.4526625208664, "params": {"k_pid_pos": [9.999999747378752e-05, 1.0, 0.03956595063209534], "k_pid_alt": [1.9290635585784912, 0.9089943170547485, 0.02126610279083252], "k_pid_att": [100.0, 9.999999747378752e-05, 0.0], "k_pid_yaw": [0.5, 1e-06, 0.1], "k_pid_hsp": [9.999999747378752e-05, 0.010473966598510742, 0.0], "k_pid_vsp": [22.71885871887207, 400.0, 400.0]}, "datetime": {"datetime": "2025-08-20 22:50:15", "elapsed": 39469.94127225876, "delta": 23.33878779411316}, "costs": {"total_cost": 1846.4526625208664, "time_cost": 150, "final_distance_cost": 300.40741992826725, "oscillation_cost": 31.372935772235532, "completition_cost": 1000.0, "overshoot_cost": 339.9731435129228, "power_cost": 11.687861328125, "noise_cost": 13.011301979315698, "n_waypoints_completed": 0, "tot_waypoints": 9}}
{"target": -1931.0980569115704, "params": {"k_pid_pos": [0.053422629833221436, 0.9664361476898193, 0.0], "k_pid_alt": [1.9661908149719238, 1.0, 0.0], "k_pid_att": [100.0, 0.05633105710148811, 0.08892741799354553], "k_pid_yaw": [0.5, 1e-06, 0.1], "k_pid_hsp": [9.999999747378752e-05, 0.0, 0.0], "k_pid_vsp": [16.32322120666504, 400.0, 400.0]}, "datetime": {"datetime": "2025-08-20 22:50:38", "elapsed": 39493.28932118416, "delta": 23.34804892539978}, "costs": {"total_cost": 1931.0980569115704, "time_cost": 150, "final_distance_cost": 327.38532949180103, "oscillation_cost": 24.21608152289113, "completition_cost": 1000.0, "overshoot_cost": 362.64018514169794, "power_cost": 37.80103093261719, "noise_cost": 29.055429822563323, "n_waypoints_completed": 0, "tot_waypoints": 9}}
{"target": -1493.9934403632415, "params": {"k_pid_pos": [9.999999747378752e-05, 0.9904135465621948, 0.006418168544769287], "k_pid_alt": [1.9618480205535889, 0.9856934547424316, 0.0], "k_pid_att": [100.0, 1.0892114639282227, 0.0], "k_pid_yaw": [0.5, 1e-06, 0.1], "k_pid_hsp": [0.47231394052505493, 0.0, 0.0], "k_pid_vsp": [1.517033576965332, 400.0, 400.0]}, "datetime": {"datetime": "2025-08-20 22:51:02", "elapsed": 39516.57713484764, "delta": 23.287813663482666}, "costs": {"total_cost": 1493.9934403632415, "time_cost": 150, "final_distance_cost": 17.420204948388196, "oscillation_cost": 62.13543649911677, "completition_cost": 1000.0, "overshoot_cost": 139.8912668277695, "power_cost": 31.481226599121094, "noise_cost": 93.06530548884596, "n_waypoints_completed": 0, "tot_waypoints": 9}}
{"target": -1964.8063500943513, "params": {"k_pid_pos": [9.999999747378752e-05, 0.9949421882629395, 0.026630371809005737], "k_pid_alt": [1.789445400238037, 0.9708861112594604, 0.02596798539161682], "k_pid_att": [98.90122985839844, 9.999999747378752e-05, 0.0], "k_pid_yaw": [0.5, 1e-06, 0.1], "k_pid_hsp": [9.999999747378752e-05, 0.0, 0.0], "k_pid_vsp": [12.708198547363281, 400.0, 378.7179260253906]}, "datetime": {"datetime": "2025-08-20 22:51:25", "elapsed": 39540.30805301666, "delta": 23.730918169021606}, "costs": {"total_cost": 1964.8063500943513, "time_cost": 150, "final_distance_cost": 339.479547479545, "oscillation_cost": 25.14355485625648, "completition_cost": 1000.0, "overshoot_cost": 384.3307810227551, "power_cost": 37.95401513671875, "noise_cost": 27.898451599075926, "n_waypoints_completed": 0, "tot_waypoints": 9}}
{"target": -1388.248449126158, "params": {"k_pid_pos": [9.999999747378752e-05, 0.9151328802108765, 0.013616055250167847], "k_pid_alt": [1.9079803228378296, 1.0, 0.025776922702789307], "k_pid_att": [92.51185607910156, 0.4621008038520813, 0.0], "k_pid_yaw": [0.5, 1e-06, 0.1], "k_pid_hsp": [0.3027031719684601, 0.011475533246994019, 0.0], "k_pid_vsp": [10.895002365112305, 395.0288391113281, 392.1947937011719]}, "datetime": {"datetime": "2025-08-20 22:51:48", "elapsed": 39562.68150758743, "delta": 22.373454570770264}, "costs": {"total_cost": 1388.248449126158, "time_cost": 150, "final_distance_cost": 14.573521116348434, "oscillation_cost": 60.28974148590316, "completition_cost": 1000.0, "overshoot_cost": 139.74839948894132, "power_cost": 2.02857978515625, "noise_cost": 21.608207249808814, "n_waypoints_completed": 0, "tot_waypoints": 9}}
{"target": -1478.2570155458652, "params": {"k_pid_pos": [9.999999747378752e-05, 1.0, 0.0], "k_pid_alt": [1.8949224948883057, 0.9954909086227417, 0.016819089651107788], "k_pid_att": [100.0, 9.999999747378752e-05, 0.004031240940093994], "k_pid_yaw": [0.5, 1e-06, 0.1], "k_pid_hsp": [0.11563023179769516, 0.05867260694503784, 0.0], "k_pid_vsp": [0.0, 400.0, 391.5954895019531]}, "datetime": {"datetime": "2025-08-20 22:52:10", "elapsed": 39585.404024124146, "delta": 22.722516536712646}, "costs": {"total_cost": 1478.2570155458652, "time_cost": 150, "final_distance_cost": 21.29705815394175, "oscillation_cost": 52.17995846864498, "completition_cost": 1000.0, "overshoot_cost": 142.70067199963395, "power_cost": 27.80478095703125, "noise_cost": 84.27454596661353, "n_waypoints_completed": 0, "tot_waypoints": 9}}
{"target": -2834.3402106020176, "params": {"k_pid_pos": [0.07651946693658829, 0.9786708950996399, 0.03577736020088196], "k_pid_alt": [1.9259033203125, 0.9548578262329102, 0.0], "k_pid_att": [99.5306396484375, 0.5055363774299622, 0.033711910247802734], "k_pid_yaw": [0.5, 1e-06, 0.1], "k_pid_hsp": [9.999999747378752e-05, 0.0, 0.06639039516448975], "k_pid_vsp": [0.0, 400.0, 365.1857604980469]}, "datetime": {"datetime": "2025-08-20 22:52:35", "elapsed": 39609.840089559555, "delta": 24.436065435409546}, "costs": {"total_cost": 2834.3402106020176, "time_cost": 150, "final_distance_cost": 556.4744307470838, "oscillation_cost": 259.67947081392435, "completition_cost": 1000.0, "overshoot_cost": 829.0581565593167, "power_cost": 21.693130505371094, "noise_cost": 17.43502197632127, "n_waypoints_completed": 0, "tot_waypoints": 9}}
{"target": -1384.4077108553827, "params": {"k_pid_pos": [9.999999747378752e-05, 1.0, 0.08357664942741394], "k_pid_alt": [1.9411464929580688, 0.9885283708572388, 0.05051073431968689], "k_pid_att": [97.59346771240234, 0.5630059838294983, 0.03158754110336304], "k_pid_yaw": [0.5, 1e-06, 0.1], "k_pid_hsp": [9.999999747378752e-05, 0.024355411529541016, 0.0], "k_pid_vsp": [0.0, 392.0447692871094, 400.0]}, "datetime": {"datetime": "2025-08-20 22:52:58", "elapsed": 39632.90626859665, "delta": 23.066179037094116}, "costs": {"total_cost": 1384.4077108553827, "time_cost": 150, "final_distance_cost": 128.29772317605097, "oscillation_cost": 31.003867205563566, "completition_cost": 888.8888888888888, "overshoot_cost": 153.72597755471114, "power_cost": 15.979004602050782, "noise_cost": 16.512249428117485, "n_waypoints_completed": 1, "tot_waypoints": 9}}
{"target": -1958.0332734073459, "params": {"k_pid_pos": [9.999999747378752e-05, 1.0, 0.0], "k_pid_alt": [1.8613317012786865, 0.9747409820556641, 0.0], "k_pid_att": [100.0, 0.8543392419815063, 0.045041799545288086], "k_pid_yaw": [0.5, 1e-06, 0.1], "k_pid_hsp": [9.999999747378752e-05, 0.0, 0.0], "k_pid_vsp": [0.0, 389.57989501953125, 341.1535339355469]}, "datetime": {"datetime": "2025-08-20 22:53:20", "elapsed": 39655.3688390255, "delta": 22.462570428848267}, "costs": {"total_cost": 1958.0332734073459, "time_cost": 150, "final_distance_cost": 336.93390347484086, "oscillation_cost": 25.033366693793372, "completition_cost": 1000.0, "overshoot_cost": 380.23435977606846, "power_cost": 37.84828355712891, "noise_cost": 27.983359905514057, "n_waypoints_completed": 0, "tot_waypoints": 9}}
{"target": -1412.6510990781549, "params": {"k_pid_pos": [9.999999747378752e-05, 0.9978395700454712, 0.0], "k_pid_alt": [1.9567742347717285, 0.9904470443725586, 0.0012073516845703125], "k_pid_att": [99.38764190673828, 0.9274850487709045, 0.0], "k_pid_yaw": [0.5, 1e-06, 0.1], "k_pid_hsp": [0.03738948702812195, 0.049833089113235474, 0.03386563062667847], "k_pid_vsp": [0.0, 400.0, 400.0]}, "datetime": {"datetime": "2025-08-20 22:53:45", "elapsed": 39680.01030135155, "delta": 24.641462326049805}, "costs": {"total_cost": 1412.6510990781549, "time_cost": 150, "final_distance_cost": 5.229184862010397, "oscillation_cost": 70.45217431265051, "completition_cost": 1000.0, "overshoot_cost": 140.76198784594456, "power_cost": 11.422023937988282, "noise_cost": 34.785728119561185, "n_waypoints_completed": 0, "tot_waypoints": 9}}
{"target": -1483.2745863978284, "params": {"k_pid_pos": [0.1296074390411377, 0.8917056322097778, 0.0], "k_pid_alt": [2.0, 1.0, 0.0], "k_pid_att": [99.44856262207031, 0.6266342401504517, 0.0], "k_pid_yaw": [0.5, 1e-06, 0.1], "k_pid_hsp": [0.6268720626831055, 0.0, 0.018979579210281372], "k_pid_vsp": [0.0, 379.8973083496094, 400.0]}, "datetime": {"datetime": "2025-08-20 22:54:09", "elapsed": 39703.775454998016, "delta": 23.765153646469116}, "costs": {"total_cost": 1483.2745863978284, "time_cost": 150, "final_distance_cost": 11.267276063929591, "oscillation_cost": 96.2302326707124, "completition_cost": 1000.0, "overshoot_cost": 138.954315363826, "power_cost": 20.434257751464845, "noise_cost": 66.38850454789555, "n_waypoints_completed": 0, "tot_waypoints": 9}}
{"target": -1816.2243328750499, "params": {"k_pid_pos": [9.999999747378752e-05, 1.0, 0.018969357013702393], "k_pid_alt": [1.9331914186477661, 1.0, 0.0], "k_pid_att": [100.0, 0.0992710068821907, 0.0], "k_pid_yaw": [0.5, 1e-06, 0.1], "k_pid_hsp": [9.999999747378752e-05, 0.0, 0.021446019411087036], "k_pid_vsp": [0.0, 395.4697570800781, 396.0153503417969]}, "datetime": {"datetime": "2025-08-20 22:54:33", "elapsed": 39727.77072238922, "delta": 23.995267391204834}, "costs": {"total_cost": 1816.2243328750499, "time_cost": 150, "final_distance_cost": 311.21688341602874, "oscillation_cost": 46.591120939036514, "completition_cost": 888.8888888888888, "overshoot_cost": 360.29122124468887, "power_cost": 34.380526464843754, "noise_cost": 24.85569192156312, "n_waypoints_completed": 1, "tot_waypoints": 9}}
{"target": -1437.2273556255377, "params": {"k_pid_pos": [0.19011570513248444, 1.0, 0.06179654598236084], "k_pid_alt": [1.93971848487854, 0.9435752630233765, 0.0], "k_pid_att": [100.0, 0.0854094848036766, 0.0], "k_pid_yaw": [0.5, 1e-06, 0.1], "k_pid_hsp": [0.3502916395664215, 0.0, 0.04650971293449402], "k_pid_vsp": [0.0, 396.2491149902344, 393.39556884765625]}, "datetime": {"datetime": "2025-08-20 22:54:55", "elapsed": 39749.81704163551, "delta": 22.046319246292114}, "costs": {"total_cost": 1437.2273556255377, "time_cost": 150, "final_distance_cost": 11.40503240312221, "oscillation_cost": 102.36626974535953, "completition_cost": 1000.0, "overshoot_cost": 131.21724711232196, "power_cost": 14.782922937011719, "noise_cost": 27.455883427722224, "n_waypoints_completed": 0, "tot_waypoints": 9}}
{"target": -1440.722960417972, "params": {"k_pid_pos": [0.045330870896577835, 1.0, 0.000983506441116333], "k_pid_alt": [1.82466459274292, 0.9689638614654541, 0.017859280109405518], "k_pid_att": [96.06460571289062, 1.2731542587280273, 0.05750924348831177], "k_pid_yaw": [0.5, 1e-06, 0.1], "k_pid_hsp": [0.5726308822631836, 0.0, 0.0035691261291503906], "k_pid_vsp": [4.034769535064697, 395.549560546875, 380.78485107421875]}, "datetime": {"datetime": "2025-08-20 22:55:18", "elapsed": 39773.24941754341, "delta": 23.43237590789795}, "costs": {"total_cost": 1440.722960417972, "time_cost": 150, "final_distance_cost": 11.184781862003017, "oscillation_cost": 69.0924286515906, "completition_cost": 1000.0, "overshoot_cost": 140.21675062474543, "power_cost": 15.61400408935547, "noise_cost": 54.61499519027755, "n_waypoints_completed": 0, "tot_waypoints": 9}}
{"target": -1421.8942125798417, "params": {"k_pid_pos": [9.999999747378752e-05, 1.0, 0.0], "k_pid_alt": [2.0, 1.0, 0.0], "k_pid_att": [100.0, 9.999999747378752e-05, 0.0], "k_pid_yaw": [0.5, 1e-06, 0.1], "k_pid_hsp": [0.5050234794616699, 0.0, 0.004205375909805298], "k_pid_vsp": [0.0, 400.0, 384.80841064453125]}, "datetime": {"datetime": "2025-08-20 22:55:42", "elapsed": 39796.537153720856, "delta": 23.287736177444458}, "costs": {"total_cost": 1421.8942125798417, "time_cost": 150, "final_distance_cost": 12.511907703671753, "oscillation_cost": 70.20866396881738, "completition_cost": 1000.0, "overshoot_cost": 140.1422404560635, "power_cost": 9.284537365722656, "noise_cost": 39.74686308556652, "n_waypoints_completed": 0, "tot_waypoints": 9}}
{"target": -1987.091269746838, "params": {"k_pid_pos": [9.999999747378752e-05, 1.0, 0.04966384172439575], "k_pid_alt": [2.0, 1.0, 0.052166759967803955], "k_pid_att": [100.0, 0.2797037661075592, 0.03656351566314697], "k_pid_yaw": [0.5, 1e-06, 0.1], "k_pid_hsp": [9.999999747378752e-05, 0.0, 0.018319904804229736], "k_pid_vsp": [7.509970664978027, 381.6511535644531, 400.0]}, "datetime": {"datetime": "2025-08-20 22:56:04", "elapsed": 39819.433603048325, "delta": 22.896449327468872}, "costs": {"total_cost": 1987.091269746838, "time_cost": 150, "final_distance_cost": 363.5479714085015, "oscillation_cost": 22.61759769405134, "completition_cost": 1000.0, "overshoot_cost": 428.1776179545518, "power_cost": 10.849445056152344, "noise_cost": 11.898637633580751, "n_waypoints_completed": 0, "tot_waypoints": 9}}
{"target": -1451.8738872150489, "params": {"k_pid_pos": [9.999999747378752e-05, 1.0, 0.03133442997932434], "k_pid_alt": [1.8949999809265137, 1.0, 0.0], "k_pid_att": [95.98649597167969, 9.999999747378752e-05, 0.04595690965652466], "k_pid_yaw": [0.5, 1e-06, 0.1], "k_pid_hsp": [1.0183379650115967, 0.0, 0.0], "k_pid_vsp": [0.0, 400.0, 400.0]}, "datetime": {"datetime": "2025-08-20 22:56:28", "elapsed": 39843.161990880966, "delta": 23.7283878326416}, "costs": {"total_cost": 1451.8738872150489, "time_cost": 150, "final_distance_cost": 12.826007143417511, "oscillation_cost": 67.6344567568444, "completition_cost": 1000.0, "overshoot_cost": 139.546747511662, "power_cost": 19.00329141845703, "noise_cost": 62.8633843846679, "n_waypoints_completed": 0, "tot_waypoints": 9}}
{"target": -3610.403985605299, "params": {"k_pid_pos": [0.14189265668392181, 1.0, 0.07904905080795288], "k_pid_alt": [2.0, 0.9064244031906128, 0.0], "k_pid_att": [100.0, 0.4915305972099304, 0.024572134017944336], "k_pid_yaw": [0.5, 1e-06, 0.1], "k_pid_hsp": [0.022916726768016815, 0.0, 0.04213234782218933], "k_pid_vsp": [0.0, 400.0, 383.8211669921875]}, "datetime": {"datetime": "2025-08-20 22:56:51", "elapsed": 39866.334033966064, "delta": 23.172043085098267}, "costs": {"total_cost": 3610.403985605299, "time_cost": 150, "final_distance_cost": 914.7959954343432, "oscillation_cost": 118.72864705122578, "completition_cost": 1000.0, "overshoot_cost": 1387.7065249925995, "power_cost": 21.59323933105469, "noise_cost": 17.579578796075907, "n_waypoints_completed": 0, "tot_waypoints": 9}}
{"target": -1410.7542573774479, "params": {"k_pid_pos": [9.999999747378752e-05, 1.0, 0.00936916470527649], "k_pid_alt": [1.9699225425720215, 1.0, 0.06559520959854126], "k_pid_att": [99.87189483642578, 0.06178542226552963, 0.0], "k_pid_yaw": [0.5, 1e-06, 0.1], "k_pid_hsp": [0.3529773950576782, 0.0, 0.0], "k_pid_vsp": [0.0, 400.0, 396.4380798339844]}, "datetime": {"datetime": "2025-08-20 22:57:14", "elapsed": 39888.514206409454, "delta": 22.180172443389893}, "costs": {"total_cost": 1410.7542573774479, "time_cost": 150, "final_distance_cost": 11.507342371091875, "oscillation_cost": 64.59327267142646, "completition_cost": 1000.0, "overshoot_cost": 140.06534071499638, "power_cost": 8.071647924804688, "noise_cost": 36.51665369512846, "n_waypoints_completed": 0, "tot_waypoints": 9}}
{"target": -1953.2010837051134, "params": {"k_pid_pos": [9.999999747378752e-05, 1.0, 0.0], "k_pid_alt": [2.0, 0.9903128147125244, 0.020277798175811768], "k_pid_att": [100.0, 0.0022499181795865297, 0.016142606735229492], "k_pid_yaw": [0.5, 1e-06, 0.1], "k_pid_hsp": [9.999999747378752e-05, 0.0026787221431732178, 0.0030084848403930664], "k_pid_vsp": [0.0, 400.0, 400.0]}, "datetime": {"datetime": "2025-08-20 22:57:37", "elapsed": 39912.425364255905, "delta": 23.911157846450806}, "costs": {"total_cost": 1953.2010837051134, "time_cost": 150, "final_distance_cost": 346.0594904946496, "oscillation_cost": 32.00278876687959, "completition_cost": 1000.0, "overshoot_cost": 401.5815133411403, "power_cost": 11.062016247558594, "noise_cost": 12.495274854885498, "n_waypoints_completed": 0, "tot_waypoints": 9}}
{"target": -1512.3200206094225, "params": {"k_pid_pos": [9.999999747378752e-05, 0.9704399108886719, 0.0], "k_pid_alt": [1.9178380966186523, 1.0, 0.0], "k_pid_att": [100.0, 9.999999747378752e-05, 0.0], "k_pid_yaw": [0.5, 1e-06, 0.1], "k_pid_hsp": [0.2855202257633209, 0.060790807008743286, 0.00021901726722717285], "k_pid_vsp": [0.0, 388.6993103027344, 392.9167175292969]}, "datetime": {"datetime": "2025-08-20 22:58:02", "elapsed": 39937.19107437134, "delta": 24.76571011543274}, "costs": {"total_cost": 1512.3200206094225, "time_cost": 150, "final_distance_cost": 15.172865008732884, "oscillation_cost": 59.36415142652546, "completition_cost": 1000.0, "overshoot_cost": 140.5481007011252, "power_cost": 38.077690698242186, "noise_cost": 109.1572127747967, "n_waypoints_completed": 0, "tot_waypoints": 9}}
{"target": -2564.163153124646, "params": {"k_pid_pos": [0.09105630964040756, 0.9385331869125366, 0.0], "k_pid_alt": [1.9759963750839233, 0.9672328233718872, 0.013382166624069214], "k_pid_att": [90.28521728515625, 0.035514045506715775, 0.06873738765716553], "k_pid_yaw": [0.5, 1e-06, 0.1], "k_pid_hsp": [0.020834162831306458, 0.0, 0.028859496116638184], "k_pid_vsp": [0.0, 369.6133117675781, 400.0]}, "datetime": {"datetime": "2025-08-20 22:58:25", "elapsed": 39960.357399225235, "delta": 23.166324853897095}, "costs": {"total_cost": 2564.163153124646, "time_cost": 150, "final_distance_cost": 530.780485436968, "oscillation_cost": 115.61756643798978, "completition_cost": 1000.0, "overshoot_cost": 705.8378352167513, "power_cost": 36.43731219482422, "noise_cost": 25.48995383811304, "n_waypoints_completed": 0, "tot_waypoints": 9}}
{"target": -1916.8298821766182, "params": {"k_pid_pos": [0.14773879945278168, 0.9407694935798645, 0.0], "k_pid_alt": [2.0, 0.8873952031135559, 0.0], "k_pid_att": [97.09172058105469, 9.999999747378752e-05, 0.08927425742149353], "k_pid_yaw": [0.5, 1e-06, 0.1], "k_pid_hsp": [9.999999747378752e-05, 0.0, 0.0], "k_pid_vsp": [6.896603107452393, 400.0, 390.45428466796875]}, "datetime": {"datetime": "2025-08-20 22:58:49", "elapsed": 39984.150359392166, "delta": 23.792960166931152}, "costs": {"total_cost": 1916.8298821766182, "time_cost": 150, "final_distance_cost": 322.74707972344675, "oscillation_cost": 24.342150873187187, "completition_cost": 1000.0, "overshoot_cost": 353.5976631043537, "power_cost": 37.8484794921875, "noise_cost": 28.29450898344302, "n_waypoints_completed": 0, "tot_waypoints": 9}}
{"target": -1390.0459452517682, "params": {"k_pid_pos": [0.07084687799215317, 0.9693348407745361, 0.03673192858695984], "k_pid_alt": [2.0, 1.0, 0.05809664726257324], "k_pid_att": [95.1135025024414, 9.999999747378752e-05, 0.0], "k_pid_yaw": [0.5, 1e-06, 0.1], "k_pid_hsp": [0.5073230266571045, 0.06616136431694031, 0.0], "k_pid_vsp": [0.0, 400.0, 387.09295654296875]}, "datetime": {"datetime": "2025-08-20 22:59:11", "elapsed": 40006.45260357857, "delta": 22.302244186401367}, "costs": {"total_cost": 1390.0459452517682, "time_cost": 150, "final_distance_cost": 10.694823274564783, "oscillation_cost": 66.8266487425851, "completition_cost": 1000.0, "overshoot_cost": 139.3506403411352, "power_cost": 1.8997637451171876, "noise_cost": 21.27406914836592, "n_waypoints_completed": 0, "tot_waypoints": 9}}
{"target": -1393.0033891174467, "params": {"k_pid_pos": [9.999999747378752e-05, 1.0, 0.0], "k_pid_alt": [2.0, 0.9602621793746948, 0.0], "k_pid_att": [100.0, 9.999999747378752e-05, 0.062285929918289185], "k_pid_yaw": [0.5, 1e-06, 0.1], "k_pid_hsp": [0.15374106168746948, 0.07112842798233032, 0.0], "k_pid_vsp": [0.0, 366.3429870605469, 387.5071105957031]}, "datetime": {"datetime": "2025-08-20 22:59:35", "elapsed": 40030.31434392929, "delta": 23.861740350723267}, "costs": {"total_cost": 1393.0033891174467, "time_cost": 150, "final_distance_cost": 11.32865751317618, "oscillation_cost": 57.09232135542513, "completition_cost": 1000.0, "overshoot_cost": 142.46035944516825, "power_cost": 4.436288879394532, "noise_cost": 27.685761924282673, "n_waypoints_completed": 0, "tot_waypoints": 9}}
{"target": -1516.5428579814186, "params": {"k_pid_pos": [0.04026013985276222, 0.9882780313491821, 0.021524488925933838], "k_pid_alt": [2.0, 1.0, 0.010022521018981934], "k_pid_att": [100.0, 9.999999747378752e-05, 0.0887332558631897], "k_pid_yaw": [0.5, 1e-06, 0.1], "k_pid_hsp": [9.999999747378752e-05, 0.023707985877990723, 0.0], "k_pid_vsp": [17.31326675415039, 400.0, 394.71234130859375]}, "datetime": {"datetime": "2025-08-20 22:59:58", "elapsed": 40053.51261425018, "delta": 23.198270320892334}, "costs": {"total_cost": 1516.5428579814186, "time_cost": 150, "final_distance_cost": 132.73686733724108, "oscillation_cost": 26.55838287033418, "completition_cost": 1000.0, "overshoot_cost": 140.89952336265694, "power_cost": 37.77060212402344, "noise_cost": 28.577482287162887, "n_waypoints_completed": 0, "tot_waypoints": 9}}
