{"target": -1438.2574652305598, "params": {"k_pid_pos": [9.999999747378752e-05, 1.0, 0.0], "k_pid_alt": [2.0, 0.9288963675498962, 0.09157636761665344], "k_pid_att": [96.94572448730469, 9.999999747378752e-05, 0.07455480098724365], "k_pid_yaw": [0.5, 1e-06, 0.1], "k_pid_hsp": [0.8242318034172058, 0.061029136180877686, 0.0], "k_pid_vsp": [15.484905242919922, 383.57281494140625, 400.0]}, "datetime": {"datetime": "2025-08-20 20:34:00", "elapsed": 31294.931636333466, "delta": 22.194999933242798}, "costs": {"total_cost": 1438.2574652305598, "time_cost": 150, "final_distance_cost": 10.739749759229776, "oscillation_cost": 67.47497966921902, "completition_cost": 1000.0, "overshoot_cost": 139.73032415265556, "power_cost": 15.602972399902345, "noise_cost": 54.70943924955313, "n_waypoints_completed": 0, "tot_waypoints": 9}}
{"target": -1768.3281371561072, "params": {"k_pid_pos": [9.999999747378752e-05, 0.9374574422836304, 0.0], "k_pid_alt": [2.0, 0.9208869338035583, 0.06933248043060303], "k_pid_att": [99.343994140625, 0.29515284299850464, 0.004842638969421387], "k_pid_yaw": [0.5, 1e-06, 0.1], "k_pid_hsp": [9.999999747378752e-05, 0.012477278709411621, 0.0], "k_pid_vsp": [0.0, 384.0962829589844, 400.0]}, "datetime": {"datetime": "2025-08-20 20:34:24", "elapsed": 31318.984533786774, "delta": 24.052897453308105}, "costs": {"total_cost": 1768.3281371561072, "time_cost": 150, "final_distance_cost": 293.8962828381563, "oscillation_cost": 25.991492519714768, "completition_cost": 888.8888888888888, "overshoot_cost": 344.15195492351035, "power_cost": 37.820687719726564, "noise_cost": 27.578830266110426, "n_waypoints_completed": 1, "tot_waypoints": 9}}
{"target": -2583.382657469429, "params": {"k_pid_pos": [9.999999747378752e-05, 0.9184609651565552, 0.0], "k_pid_alt": [2.0, 0.9809043407440186, 0.0030762851238250732], "k_pid_att": [88.3954849243164, 0.8360366821289062, 0.0], "k_pid_yaw": [0.5, 1e-06, 0.1], "k_pid_hsp": [0.005115680396556854, 0.0, 0.11951348185539246], "k_pid_vsp": [0.0, 400.0, 384.1554260253906]}, "datetime": {"datetime": "2025-08-20 20:34:49", "elapsed": 31343.55428647995, "delta": 24.56975269317627}, "costs": {"total_cost": 2583.382657469429, "time_cost": 150, "final_distance_cost": 356.55071558242327, "oscillation_cost": 422.4570622266871, "completition_cost": 1000.0, "overshoot_cost": 614.5200207930949, "power_cost": 22.234509216308595, "noise_cost": 17.62034965091515, "n_waypoints_completed": 0, "tot_waypoints": 9}}
{"target": -1805.9187604169072, "params": {"k_pid_pos": [0.05971382558345795, 1.0, 0.0], "k_pid_alt": [2.0, 0.9861003756523132, 0.0], "k_pid_att": [100.0, 9.999999747378752e-05, 0.0], "k_pid_yaw": [0.5, 1e-06, 0.1], "k_pid_hsp": [9.999999747378752e-05, 0.0, 0.008263647556304932], "k_pid_vsp": [0.0, 369.99981689453125, 396.79986572265625]}, "datetime": {"datetime": "2025-08-20 20:35:11", "elapsed": 31365.893231868744, "delta": 22.338945388793945}, "costs": {"total_cost": 1805.9187604169072, "time_cost": 150, "final_distance_cost": 327.3727156504596, "oscillation_cost": 33.817434219512684, "completition_cost": 888.8888888888888, "overshoot_cost": 382.14599673692635, "power_cost": 11.233686840820313, "noise_cost": 12.460038080299396, "n_waypoints_completed": 1, "tot_waypoints": 9}}
{"target": -1907.565198179329, "params": {"k_pid_pos": [9.999999747378752e-05, 1.0, 0.008635461330413818], "k_pid_alt": [1.8205327987670898, 1.0, 0.011759907007217407], "k_pid_att": [93.20262908935547, 0.21211697161197662, 0.00810268521308899], "k_pid_yaw": [0.5, 1e-06, 0.1], "k_pid_hsp": [9.999999747378752e-05, 0.0, 0.0], "k_pid_vsp": [0.0, 389.63934326171875, 391.61920166015625]}, "datetime": {"datetime": "2025-08-20 20:35:33", "elapsed": 31388.40662741661, "delta": 22.51339554786682}, "costs": {"total_cost": 1907.565198179329, "time_cost": 150, "final_distance_cost": 331.35671201871753, "oscillation_cost": 29.17115749688712, "completition_cost": 1000.0, "overshoot_cost": 371.5831462501257, "power_cost": 11.792454772949219, "noise_cost": 13.661727640649397, "n_waypoints_completed": 0, "tot_waypoints": 9}}
{"target": -1886.705048967586, "params": {"k_pid_pos": [9.999999747378752e-05, 1.0, 0.035935789346694946], "k_pid_alt": [2.0, 0.9629101157188416, 0.06822571158409119], "k_pid_att": [90.70366668701172, 0.07733343541622162, 0.0], "k_pid_yaw": [0.5, 1e-06, 0.1], "k_pid_hsp": [9.999999747378752e-05, 0.0, 0.0], "k_pid_vsp": [0.0, 400.0, 400.0]}, "datetime": {"datetime": "2025-08-20 20:35:56", "elapsed": 31411.220774173737, "delta": 22.814146757125854}, "costs": {"total_cost": 1886.705048967586, "time_cost": 150, "final_distance_cost": 323.9743085679843, "oscillation_cost": 28.43376156483091, "completition_cost": 1000.0, "overshoot_cost": 358.86268263842186, "power_cost": 11.799669946289063, "noise_cost": 13.634626250059815, "n_waypoints_completed": 0, "tot_waypoints": 9}}
{"target": -1937.290821178218, "params": {"k_pid_pos": [0.029850885272026062, 1.0, 0.0], "k_pid_alt": [2.0, 0.9602311253547668, 0.0], "k_pid_att": [100.0, 9.999999747378752e-05, 0.010736435651779175], "k_pid_yaw": [0.5, 1e-06, 0.1], "k_pid_hsp": [9.999999747378752e-05, 0.0008211135864257812, 0.0], "k_pid_vsp": [0.0, 400.0, 400.0]}, "datetime": {"datetime": "2025-08-20 20:36:19", "elapsed": 31434.269317626953, "delta": 23.048543453216553}, "costs": {"total_cost": 1937.290821178218, "time_cost": 150, "final_distance_cost": 342.1024723478494, "oscillation_cost": 31.354953267511675, "completition_cost": 1000.0, "overshoot_cost": 389.74738142337515, "power_cost": 11.260203820800783, "noise_cost": 12.825810318681004, "n_waypoints_completed": 0, "tot_waypoints": 9}}
{"target": -1415.759650520045, "params": {"k_pid_pos": [0.056267596781253815, 1.0, 0.02052539587020874], "k_pid_alt": [2.0, 1.0, 0.03192511200904846], "k_pid_att": [100.0, 9.999999747378752e-05, 0.0], "k_pid_yaw": [0.5, 1e-06, 0.1], "k_pid_hsp": [9.999999747378752e-05, 0.05483657121658325, 0.0], "k_pid_vsp": [0.17417669296264648, 400.0, 393.84893798828125]}, "datetime": {"datetime": "2025-08-20 20:36:42", "elapsed": 31457.056594371796, "delta": 22.78727674484253}, "costs": {"total_cost": 1415.759650520045, "time_cost": 150, "final_distance_cost": 23.145590556620093, "oscillation_cost": 38.72356676164593, "completition_cost": 1000.0, "overshoot_cost": 150.08751789104647, "power_cost": 10.834628344726562, "noise_cost": 42.96834696600609, "n_waypoints_completed": 0, "tot_waypoints": 9}}
{"target": -1330.772792790692, "params": {"k_pid_pos": [9.999999747378752e-05, 1.0, 0.0], "k_pid_alt": [1.9846012592315674, 0.9823054075241089, 0.0], "k_pid_att": [100.0, 0.27120184898376465, 0.0], "k_pid_yaw": [0.5, 1e-06, 0.1], "k_pid_hsp": [9.999999747378752e-05, 0.03402915596961975, 0.013675779104232788], "k_pid_vsp": [0.16137361526489258, 400.0, 390.4040832519531]}, "datetime": {"datetime": "2025-08-20 20:37:04", "elapsed": 31479.177511692047, "delta": 22.120917320251465}, "costs": {"total_cost": 1330.772792790692, "time_cost": 150, "final_distance_cost": 64.99845586916699, "oscillation_cost": 43.02096434328973, "completition_cost": 888.8888888888888, "overshoot_cost": 124.66040647054992, "power_cost": 32.39518889160156, "noise_cost": 26.808888327194733, "n_waypoints_completed": 1, "tot_waypoints": 9}}
{"target": -1498.6915799171068, "params": {"k_pid_pos": [9.999999747378752e-05, 1.0, 0.013456195592880249], "k_pid_alt": [2.0, 0.9971504211425781, 0.01300552487373352], "k_pid_att": [100.0, 0.8613981604576111, 0.0], "k_pid_yaw": [0.5, 1e-06, 0.1], "k_pid_hsp": [0.39488857984542847, 0.0, 0.0], "k_pid_vsp": [4.384744167327881, 393.3612976074219, 400.0]}, "datetime": {"datetime": "2025-08-20 20:37:26", "elapsed": 31501.264422893524, "delta": 22.08691120147705}, "costs": {"total_cost": 1498.6915799171068, "time_cost": 150, "final_distance_cost": 15.171016583911026, "oscillation_cost": 61.352605102124606, "completition_cost": 1000.0, "overshoot_cost": 139.95826564369423, "power_cost": 33.73032630615234, "noise_cost": 98.47936628122469, "n_waypoints_completed": 0, "tot_waypoints": 9}}
{"target": -1877.050489105041, "params": {"k_pid_pos": [0.20367980003356934, 1.0, 0.05212172865867615], "k_pid_alt": [1.9326220750808716, 0.8617153763771057, 0.07121527194976807], "k_pid_att": [100.0, 9.999999747378752e-05, 0.06320184469223022], "k_pid_yaw": [0.5, 1e-06, 0.1], "k_pid_hsp": [9.999999747378752e-05, 0.0, 0.0], "k_pid_vsp": [15.545331954956055, 400.0, 391.1934814453125]}, "datetime": {"datetime": "2025-08-20 20:37:50", "elapsed": 31525.219914913177, "delta": 23.95549201965332}, "costs": {"total_cost": 1877.050489105041, "time_cost": 150, "final_distance_cost": 321.2812841445527, "oscillation_cost": 30.947032068523654, "completition_cost": 1000.0, "overshoot_cost": 348.9346939138652, "power_cost": 11.838307824707032, "noise_cost": 14.049171153392372, "n_waypoints_completed": 0, "tot_waypoints": 9}}
{"target": -1953.0222094204169, "params": {"k_pid_pos": [9.999999747378752e-05, 1.0, 0.0], "k_pid_alt": [1.8910982608795166, 1.0, 0.0], "k_pid_att": [100.0, 9.999999747378752e-05, 0.028984755277633667], "k_pid_yaw": [0.5, 1e-06, 0.1], "k_pid_hsp": [9.999999747378752e-05, 0.0, 0.0], "k_pid_vsp": [30.317092895507812, 400.0, 400.0]}, "datetime": {"datetime": "2025-08-20 20:38:13", "elapsed": 31548.424208164215, "delta": 23.204293251037598}, "costs": {"total_cost": 1953.0222094204169, "time_cost": 150, "final_distance_cost": 335.31341884664783, "oscillation_cost": 24.97220334788086, "completition_cost": 1000.0, "overshoot_cost": 376.3679109650999, "power_cost": 37.83012886962891, "noise_cost": 28.538547391159234, "n_waypoints_completed": 0, "tot_waypoints": 9}}
{"target": -1903.0482094713673, "params": {"k_pid_pos": [0.09525155276060104, 0.9998985528945923, 0.017752528190612793], "k_pid_alt": [1.918436884880066, 1.0, 0.0], "k_pid_att": [100.0, 0.6901146173477173, 0.11178344488143921], "k_pid_yaw": [0.5, 1e-06, 0.1], "k_pid_hsp": [9.999999747378752e-05, 0.0, 0.0], "k_pid_vsp": [0.0, 377.09161376953125, 376.3426818847656]}, "datetime": {"datetime": "2025-08-20 20:38:36", "elapsed": 31570.597873449326, "delta": 22.173665285110474}, "costs": {"total_cost": 1903.0482094713673, "time_cost": 150, "final_distance_cost": 329.0936601028153, "oscillation_cost": 30.710820843773597, "completition_cost": 1000.0, "overshoot_cost": 367.1170861744121, "power_cost": 11.947918518066407, "noise_cost": 14.178723832299719, "n_waypoints_completed": 0, "tot_waypoints": 9}}
{"target": -1880.9350936275605, "params": {"k_pid_pos": [9.999999747378752e-05, 1.0, 0.05364990234375], "k_pid_alt": [2.0, 1.0, 0.0], "k_pid_att": [100.0, 9.999999747378752e-05, 0.0], "k_pid_yaw": [0.5, 1e-06, 0.1], "k_pid_hsp": [9.999999747378752e-05, 0.010375142097473145, 0.0037861168384552], "k_pid_vsp": [0.0, 392.2483825683594, 400.0]}, "datetime": {"datetime": "2025-08-20 20:38:58", "elapsed": 31592.82160139084, "delta": 22.22372794151306}, "costs": {"total_cost": 1880.9350936275605, "time_cost": 150, "final_distance_cost": 312.8131157776816, "oscillation_cost": 32.402933490039985, "completition_cost": 1000.0, "overshoot_cost": 361.812593861036, "power_cost": 11.398260815429689, "noise_cost": 12.50818968337312, "n_waypoints_completed": 0, "tot_waypoints": 9}}
{"target": -1925.6746527143523, "params": {"k_pid_pos": [0.08692001551389694, 0.9974958896636963, 0.02548488974571228], "k_pid_alt": [2.0, 0.9444856643676758, 0.0], "k_pid_att": [100.0, 9.999999747378752e-05, 0.0], "k_pid_yaw": [0.5, 1e-06, 0.1], "k_pid_hsp": [9.999999747378752e-05, 0.0, 0.0], "k_pid_vsp": [0.0, 387.9612121582031, 379.85162353515625]}, "datetime": {"datetime": "2025-08-20 20:39:21", "elapsed": 31615.59400343895, "delta": 22.772402048110962}, "costs": {"total_cost": 1925.6746527143523, "time_cost": 150, "final_distance_cost": 337.988049720705, "oscillation_cost": 31.077223760598958, "completition_cost": 1000.0, "overshoot_cost": 380.71949688529133, "power_cost": 11.747139562988282, "noise_cost": 14.142742784768778, "n_waypoints_completed": 0, "tot_waypoints": 9}}
{"target": -1932.1000975562733, "params": {"k_pid_pos": [0.12877129018306732, 0.971562385559082, 0.0], "k_pid_alt": [1.96970534324646, 0.9367300868034363, 0.0301608145236969], "k_pid_att": [100.0, 9.999999747378752e-05, 0.04921773076057434], "k_pid_yaw": [0.5, 1e-06, 0.1], "k_pid_hsp": [9.999999747378752e-05, 7.897615432739258e-05, 0.0], "k_pid_vsp": [44.069053649902344, 397.3202209472656, 382.2259826660156]}, "datetime": {"datetime": "2025-08-20 20:39:43", "elapsed": 31638.44293308258, "delta": 22.84892964363098}, "costs": {"total_cost": 1932.1000975562733, "time_cost": 150, "final_distance_cost": 340.1881196181271, "oscillation_cost": 31.399185477995474, "completition_cost": 1000.0, "overshoot_cost": 386.5964701416269, "power_cost": 11.20832381591797, "noise_cost": 12.707998502605687, "n_waypoints_completed": 0, "tot_waypoints": 9}}
{"target": -1419.2570521447706, "params": {"k_pid_pos": [9.999999747378752e-05, 0.975639820098877, 0.05723470449447632], "k_pid_alt": [2.0, 1.0, 0.0], "k_pid_att": [100.0, 9.999999747378752e-05, 0.0], "k_pid_yaw": [0.5, 1e-06, 0.1], "k_pid_hsp": [9.999999747378752e-05, 0.04097053408622742, 0.007155418395996094], "k_pid_vsp": [12.420522689819336, 400.0, 388.2389831542969]}, "datetime": {"datetime": "2025-08-20 20:40:06", "elapsed": 31661.479498386383, "delta": 23.03656530380249}, "costs": {"total_cost": 1419.2570521447706, "time_cost": 150, "final_distance_cost": 28.323420745683826, "oscillation_cost": 37.08783629050289, "completition_cost": 1000.0, "overshoot_cost": 154.0970762134099, "power_cost": 9.841948474121095, "noise_cost": 39.90677042105257, "n_waypoints_completed": 0, "tot_waypoints": 9}}
{"target": -2459.5535363819904, "params": {"k_pid_pos": [9.999999747378752e-05, 0.9521971940994263, 0.0], "k_pid_alt": [2.0, 0.9635730385780334, 0.0], "k_pid_att": [100.0, 0.4498289227485657, 0.013278484344482422], "k_pid_yaw": [0.5, 1e-06, 0.1], "k_pid_hsp": [9.999999747378752e-05, 0.04403415322303772, 0.031862109899520874], "k_pid_vsp": [0.0, 400.0, 394.6068420410156]}, "datetime": {"datetime": "2025-08-20 20:40:28", "elapsed": 31683.211269140244, "delta": 21.731770753860474}, "costs": {"total_cost": 2459.5535363819904, "time_cost": 150, "final_distance_cost": 503.01802620325526, "oscillation_cost": 91.64320946767121, "completition_cost": 1000.0, "overshoot_cost": 670.0736266897526, "power_cost": 25.397267736816406, "noise_cost": 19.42140628449482, "n_waypoints_completed": 0, "tot_waypoints": 9}}
{"target": -1937.302564229628, "params": {"k_pid_pos": [9.999999747378752e-05, 0.9127086400985718, 0.0], "k_pid_alt": [1.9707165956497192, 1.0, 0.0], "k_pid_att": [92.04129028320312, 0.10646670311689377, 0.03445965051651001], "k_pid_yaw": [0.5, 1e-06, 0.1], "k_pid_hsp": [9.999999747378752e-05, 0.0, 0.0], "k_pid_vsp": [4.371809959411621, 400.0, 397.57342529296875]}, "datetime": {"datetime": "2025-08-20 20:40:51", "elapsed": 31706.142827510834, "delta": 22.93155837059021}, "costs": {"total_cost": 1937.302564229628, "time_cost": 150, "final_distance_cost": 328.754746167738, "oscillation_cost": 24.322074310651296, "completition_cost": 1000.0, "overshoot_cost": 367.9113966372651, "power_cost": 37.87858433837891, "noise_cost": 28.435762775594487, "n_waypoints_completed": 0, "tot_waypoints": 9}}
{"target": -1481.7227144876053, "params": {"k_pid_pos": [0.006923138629645109, 0.9698603749275208, 0.017999649047851562], "k_pid_alt": [2.0, 1.0, 0.0], "k_pid_att": [100.0, 9.999999747378752e-05, 0.0], "k_pid_yaw": [0.5, 1e-06, 0.1], "k_pid_hsp": [9.999999747378752e-05, 0.13888141512870789, 0.015268504619598389], "k_pid_vsp": [0.0, 380.4998779296875, 400.0]}, "datetime": {"datetime": "2025-08-20 20:41:15", "elapsed": 31729.60406780243, "delta": 23.46124029159546}, "costs": {"total_cost": 1481.7227144876053, "time_cost": 150, "final_distance_cost": 20.28058979396595, "oscillation_cost": 68.61407422556753, "completition_cost": 1000.0, "overshoot_cost": 144.86598315894682, "power_cost": 23.623976098632813, "noise_cost": 74.33809121049217, "n_waypoints_completed": 0, "tot_waypoints": 9}}
{"target": -2001.2248208688113, "params": {"k_pid_pos": [9.999999747378752e-05, 0.9929198026657104, 0.0361805260181427], "k_pid_alt": [1.8764556646347046, 1.0, 0.0], "k_pid_att": [93.85334014892578, 9.999999747378752e-05, 0.0], "k_pid_yaw": [0.5, 1e-06, 0.1], "k_pid_hsp": [9.999999747378752e-05, 0.0, 0.0038235485553741455], "k_pid_vsp": [0.0, 400.0, 400.0]}, "datetime": {"datetime": "2025-08-20 20:41:37", "elapsed": 31752.355560302734, "delta": 22.751492500305176}, "costs": {"total_cost": 2001.2248208688113, "time_cost": 150, "final_distance_cost": 351.72968826921095, "oscillation_cost": 25.727395549393695, "completition_cost": 1000.0, "overshoot_cost": 409.0836100546395, "power_cost": 37.909616308593755, "noise_cost": 26.774510686973695, "n_waypoints_completed": 0, "tot_waypoints": 9}}
{"target": -1897.5387746272734, "params": {"k_pid_pos": [0.12213536351919174, 0.959714949131012, 0.0], "k_pid_alt": [1.982994794845581, 0.9577023983001709, 0.07203647494316101], "k_pid_att": [95.22721099853516, 9.999999747378752e-05, 0.03231251239776611], "k_pid_yaw": [0.5, 1e-06, 0.1], "k_pid_hsp": [9.999999747378752e-05, 0.0, 0.0], "k_pid_vsp": [5.837774276733398, 394.4676818847656, 400.0]}, "datetime": {"datetime": "2025-08-20 20:41:59", "elapsed": 31774.48926615715, "delta": 22.133705854415894}, "costs": {"total_cost": 1897.5387746272734, "time_cost": 150, "final_distance_cost": 328.0788365778264, "oscillation_cost": 29.597387652235195, "completition_cost": 1000.0, "overshoot_cost": 363.69995084994997, "power_cost": 11.94639951171875, "noise_cost": 14.216200035543235, "n_waypoints_completed": 0, "tot_waypoints": 9}}
{"target": -1394.1017434100675, "params": {"k_pid_pos": [9.999999747378752e-05, 1.0, 0.009174138307571411], "k_pid_alt": [2.0, 1.0, 0.02419307827949524], "k_pid_att": [95.07821655273438, 9.999999747378752e-05, 0.0], "k_pid_yaw": [0.5, 1e-06, 0.1], "k_pid_hsp": [0.19652752578258514, 0.044334858655929565, 0.0], "k_pid_vsp": [29.838693618774414, 400.0, 392.1513366699219]}, "datetime": {"datetime": "2025-08-20 20:42:22", "elapsed": 31796.603039979935, "delta": 22.113773822784424}, "costs": {"total_cost": 1394.1017434100675, "time_cost": 150, "final_distance_cost": 17.120421054278456, "oscillation_cost": 58.1701821891522, "completition_cost": 1000.0, "overshoot_cost": 141.40167924449707, "power_cost": 3.070142272949219, "noise_cost": 24.339318649190556, "n_waypoints_completed": 0, "tot_waypoints": 9}}
{"target": -1676.728696243268, "params": {"k_pid_pos": [9.999999747378752e-05, 1.0, 0.0], "k_pid_alt": [2.0, 0.9826188087463379, 0.0], "k_pid_att": [95.58665466308594, 9.999999747378752e-05, 0.0], "k_pid_yaw": [0.5, 1e-06, 0.1], "k_pid_hsp": [9.999999747378752e-05, 0.019009888172149658, 0.0], "k_pid_vsp": [0.0, 392.7677001953125, 372.14892578125]}, "datetime": {"datetime": "2025-08-20 20:42:46", "elapsed": 31820.627506256104, "delta": 24.024466276168823}, "costs": {"total_cost": 1676.728696243268, "time_cost": 150, "final_distance_cost": 208.432299733107, "oscillation_cost": 26.248622788813435, "completition_cost": 1000.0, "overshoot_cost": 225.93092763721853, "power_cost": 37.89751519775391, "noise_cost": 28.219330886375182, "n_waypoints_completed": 0, "tot_waypoints": 9}}
{"target": -1287.8710134832093, "params": {"k_pid_pos": [0.028215713798999786, 0.9607361555099487, 0.013115942478179932], "k_pid_alt": [1.919567584991455, 1.0, 0.0], "k_pid_att": [100.0, 0.3953663110733032, 0.01618349552154541], "k_pid_yaw": [0.5, 1e-06, 0.1], "k_pid_hsp": [0.02053077705204487, 0.0, 0.017001032829284668], "k_pid_vsp": [0.0, 366.9349670410156, 398.0680847167969]}, "datetime": {"datetime": "2025-08-20 20:43:09", "elapsed": 31843.84171152115, "delta": 23.214205265045166}, "costs": {"total_cost": 1287.8710134832093, "time_cost": 150, "final_distance_cost": 49.76001473045372, "oscillation_cost": 45.06479511695046, "completition_cost": 888.8888888888888, "overshoot_cost": 102.93210727959102, "power_cost": 25.650426477050782, "noise_cost": 25.57478099027443, "n_waypoints_completed": 1, "tot_waypoints": 9}}
{"target": -1487.3329363321516, "params": {"k_pid_pos": [0.060407884418964386, 1.0, 0.0], "k_pid_alt": [2.0, 1.0, 0.03974413871765137], "k_pid_att": [100.0, 0.8824449777603149, 0.0], "k_pid_yaw": [0.5, 1e-06, 0.1], "k_pid_hsp": [0.6774645447731018, 0.0, 0.0], "k_pid_vsp": [0.0, 400.0, 392.4922180175781]}, "datetime": {"datetime": "2025-08-20 20:43:32", "elapsed": 31866.533168554306, "delta": 22.69145703315735}, "costs": {"total_cost": 1487.3329363321516, "time_cost": 150, "final_distance_cost": 8.351365124063676, "oscillation_cost": 62.69168467962453, "completition_cost": 1000.0, "overshoot_cost": 139.52019199743162, "power_cost": 32.141106054687505, "noise_cost": 94.62858847634416, "n_waypoints_completed": 0, "tot_waypoints": 9}}
{"target": -3182.1307378249444, "params": {"k_pid_pos": [0.14123637974262238, 1.0, 0.0], "k_pid_alt": [2.0, 1.0, 0.04641145467758179], "k_pid_att": [100.0, 9.999999747378752e-05, 0.0], "k_pid_yaw": [0.5, 1e-06, 0.1], "k_pid_hsp": [9.999999747378752e-05, 0.008287936449050903, 0.07218602299690247], "k_pid_vsp": [0.0, 400.0, 400.0]}, "datetime": {"datetime": "2025-08-20 20:43:53", "elapsed": 31888.324773788452, "delta": 21.791605234146118}, "costs": {"total_cost": 3182.1307378249444, "time_cost": 150, "final_distance_cost": 650.4744980003572, "oscillation_cost": 288.60983194207995, "completition_cost": 1000.0, "overshoot_cost": 1052.9762115905446, "power_cost": 22.29518199462891, "noise_cost": 17.77501429733353, "n_waypoints_completed": 0, "tot_waypoints": 9}}
