{"target": -1476.5911485842873, "params": {"k_pid_pos": [9.999999747378752e-05, 1.0, 0.03146415948867798], "k_pid_alt": [1.8306385278701782, 1.0, 0.0], "k_pid_att": [100.0, 0.580768883228302, 6.371736526489258e-05], "k_pid_yaw": [0.5, 1e-06, 0.1], "k_pid_hsp": [1.0243330001831055, 0.005366891622543335, 0.0], "k_pid_vsp": [0.0, 400.0, 400.0]}, "datetime": {"datetime": "2025-08-20 15:36:44", "elapsed": 13458.732699394226, "delta": 22.334521293640137}, "costs": {"total_cost": 1476.5911485842873, "time_cost": 150, "final_distance_cost": 12.219436960130247, "oscillation_cost": 67.55622712645697, "completition_cost": 1000.0, "overshoot_cost": 139.55113009336898, "power_cost": 26.396155603027346, "noise_cost": 80.86819880130366, "n_waypoints_completed": 0, "tot_waypoints": 9}}
{"target": -1478.648303649521, "params": {"k_pid_pos": [0.12535695731639862, 0.9395854473114014, 0.08461278676986694], "k_pid_alt": [1.922555923461914, 0.9581549763679504, 0.0], "k_pid_att": [99.47019958496094, 0.49420443177223206, 0.03737920522689819], "k_pid_yaw": [0.5, 1e-06, 0.1], "k_pid_hsp": [0.11177623271942139, 0.040536195039749146, 0.0], "k_pid_vsp": [0.0, 400.0, 400.0]}, "datetime": {"datetime": "2025-08-20 15:37:06", "elapsed": 13481.316947221756, "delta": 22.584247827529907}, "costs": {"total_cost": 1478.648303649521, "time_cost": 150, "final_distance_cost": 7.776620757643789, "oscillation_cost": 52.7810557983811, "completition_cost": 1000.0, "overshoot_cost": 140.75294869845158, "power_cost": 32.240048986816404, "noise_cost": 95.09762940822806, "n_waypoints_completed": 0, "tot_waypoints": 9}}
{"target": -2808.3907707627873, "params": {"k_pid_pos": [0.031886760145425797, 1.0, 0.053353697061538696], "k_pid_alt": [1.9570999145507812, 0.9740284085273743, 0.004866868257522583], "k_pid_att": [99.89439392089844, 9.999999747378752e-05, 0.04143106937408447], "k_pid_yaw": [0.5, 1e-06, 0.1], "k_pid_hsp": [9.999999747378752e-05, 0.0, 0.07466000318527222], "k_pid_vsp": [11.002958297729492, 399.3655090332031, 400.0]}, "datetime": {"datetime": "2025-08-20 15:37:29", "elapsed": 13503.534915924072, "delta": 22.217968702316284}, "costs": {"total_cost": 2808.3907707627873, "time_cost": 150, "final_distance_cost": 517.2517646116097, "oscillation_cost": 322.7669918082869, "completition_cost": 1000.0, "overshoot_cost": 779.817218890883, "power_cost": 21.29118913574219, "noise_cost": 17.263606316265204, "n_waypoints_completed": 0, "tot_waypoints": 9}}
{"target": -1840.4853104678925, "params": {"k_pid_pos": [9.999999747378752e-05, 1.0, 0.0], "k_pid_alt": [2.0, 1.0, 0.01837921142578125], "k_pid_att": [95.55548095703125, 9.999999747378752e-05, 0.07989788055419922], "k_pid_yaw": [0.5, 1e-06, 0.1], "k_pid_hsp": [9.999999747378752e-05, 0.0006099343299865723, 0.0], "k_pid_vsp": [2.9511451721191406, 400.0, 379.209716796875]}, "datetime": {"datetime": "2025-08-20 15:37:51", "elapsed": 13526.019300937653, "delta": 22.484385013580322}, "costs": {"total_cost": 1840.4853104678925, "time_cost": 150, "final_distance_cost": 338.0209362237552, "oscillation_cost": 30.11999445814867, "completition_cost": 888.8888888888888, "overshoot_cost": 408.84307324103446, "power_cost": 11.480386291503907, "noise_cost": 13.132031364561302, "n_waypoints_completed": 1, "tot_waypoints": 9}}
{"target": -3694.2633568960437, "params": {"k_pid_pos": [9.999999747378752e-05, 1.0, 0.0], "k_pid_alt": [2.0, 1.0, 0.0], "k_pid_att": [100.0, 0.07612854242324829, 0.002272665500640869], "k_pid_yaw": [0.5, 1e-06, 0.1], "k_pid_hsp": [9.999999747378752e-05, 0.0, 0.05414390563964844], "k_pid_vsp": [0.0, 400.0, 389.7450866699219]}, "datetime": {"datetime": "2025-08-20 15:38:13", "elapsed": 13548.220350027084, "delta": 22.201049089431763}, "costs": {"total_cost": 3694.2633568960437, "time_cost": 150, "final_distance_cost": 894.3919339390181, "oscillation_cost": 146.61924285592335, "completition_cost": 1000.0, "overshoot_cost": 1463.11379143515, "power_cost": 22.292140161132814, "noise_cost": 17.846248504819254, "n_waypoints_completed": 0, "tot_waypoints": 9}}
{"target": -1464.3644558980652, "params": {"k_pid_pos": [0.12352456152439117, 1.0, 0.0], "k_pid_alt": [1.953380823135376, 1.0, 0.018138229846954346], "k_pid_att": [100.0, 9.999999747378752e-05, 0.08139082789421082], "k_pid_yaw": [0.5, 1e-06, 0.1], "k_pid_hsp": [0.14140719175338745, 0.05480480194091797, 0.013002634048461914], "k_pid_vsp": [0.0, 400.0, 392.0888671875]}, "datetime": {"datetime": "2025-08-20 15:38:35", "elapsed": 13570.219047307968, "delta": 21.99869728088379}, "costs": {"total_cost": 1464.3644558980652, "time_cost": 150, "final_distance_cost": 20.840956472792072, "oscillation_cost": 72.84379650449553, "completition_cost": 1000.0, "overshoot_cost": 141.79430682773616, "power_cost": 18.17532998046875, "noise_cost": 60.71006611257265, "n_waypoints_completed": 0, "tot_waypoints": 9}}
{"target": -1728.6291666132452, "params": {"k_pid_pos": [0.004738439805805683, 0.9979002475738525, 0.0], "k_pid_alt": [1.883573055267334, 0.9888730049133301, 0.0], "k_pid_att": [100.0, 9.999999747378752e-05, 0.0], "k_pid_yaw": [0.5, 1e-06, 0.1], "k_pid_hsp": [9.999999747378752e-05, 0.017110705375671387, 0.0035103261470794678], "k_pid_vsp": [0.0, 390.4665832519531, 400.0]}, "datetime": {"datetime": "2025-08-20 15:38:57", "elapsed": 13592.455689907074, "delta": 22.236642599105835}, "costs": {"total_cost": 1728.6291666132452, "time_cost": 150, "final_distance_cost": 247.12566882250422, "oscillation_cost": 32.70773047818934, "completition_cost": 1000.0, "overshoot_cost": 272.51748302436494, "power_cost": 12.610247741699219, "noise_cost": 13.66803654648754, "n_waypoints_completed": 0, "tot_waypoints": 9}}
{"target": -1501.7393663229248, "params": {"k_pid_pos": [0.12526337802410126, 1.0, 0.0], "k_pid_alt": [2.0, 1.0, 0.07322412729263306], "k_pid_att": [93.70433044433594, 0.6116354465484619, 0.014392346143722534], "k_pid_yaw": [0.5, 1e-06, 0.1], "k_pid_hsp": [0.285420686006546, 0.0, 0.0], "k_pid_vsp": [10.598075866699219, 395.8729248046875, 400.0]}, "datetime": {"datetime": "2025-08-20 15:39:20", "elapsed": 13615.390345096588, "delta": 22.93465518951416}, "costs": {"total_cost": 1501.7393663229248, "time_cost": 150, "final_distance_cost": 10.596526760114395, "oscillation_cost": 58.23175940996196, "completition_cost": 1000.0, "overshoot_cost": 139.63409898901196, "power_cost": 36.96622501220703, "noise_cost": 106.31075615162915, "n_waypoints_completed": 0, "tot_waypoints": 9}}
{"target": -1508.0724175980502, "params": {"k_pid_pos": [9.999999747378752e-05, 0.8801077008247375, 0.022829532623291016], "k_pid_alt": [2.0, 1.0, 0.028528541326522827], "k_pid_att": [100.0, 0.0754430964589119, 0.0], "k_pid_yaw": [0.5, 1e-06, 0.1], "k_pid_hsp": [0.5197391510009766, 0.05566859245300293, 0.0], "k_pid_vsp": [0.0, 379.01934814453125, 400.0]}, "datetime": {"datetime": "2025-08-20 15:39:42", "elapsed": 13637.457844257355, "delta": 22.0674991607666}, "costs": {"total_cost": 1508.0724175980502, "time_cost": 150, "final_distance_cost": 10.748803373219697, "oscillation_cost": 60.749302656533914, "completition_cost": 1000.0, "overshoot_cost": 139.3629215125881, "power_cost": 38.058634436035156, "noise_cost": 109.15275561967321, "n_waypoints_completed": 0, "tot_waypoints": 9}}
{"target": -1511.2297595247376, "params": {"k_pid_pos": [9.999999747378752e-05, 0.9907435774803162, 0.026243865489959717], "k_pid_alt": [2.0, 1.0, 0.019898265600204468], "k_pid_att": [100.0, 9.999999747378752e-05, 0.011248111724853516], "k_pid_yaw": [0.5, 1e-06, 0.1], "k_pid_hsp": [0.3705612123012543, 0.1534167230129242, 0.02154439687728882], "k_pid_vsp": [0.0, 400.0, 400.0]}, "datetime": {"datetime": "2025-08-20 15:40:05", "elapsed": 13659.591666221619, "delta": 22.133821964263916}, "costs": {"total_cost": 1511.2297595247376, "time_cost": 150, "final_distance_cost": 25.335746236943613, "oscillation_cost": 86.31992424804426, "completition_cost": 1000.0, "overshoot_cost": 144.33287471615026, "power_cost": 25.850491979980468, "noise_cost": 79.39072234361896, "n_waypoints_completed": 0, "tot_waypoints": 9}}
{"target": -3752.105610453197, "params": {"k_pid_pos": [9.999999747378752e-05, 0.9655006527900696, 0.0], "k_pid_alt": [2.0, 1.0, 0.0], "k_pid_att": [99.12372589111328, 0.8707298040390015, 0.0], "k_pid_yaw": [0.5, 1e-06, 0.1], "k_pid_hsp": [9.999999747378752e-05, 0.0, 0.05306839942932129], "k_pid_vsp": [0.0, 372.4203186035156, 397.5197448730469]}, "datetime": {"datetime": "2025-08-20 15:40:26", "elapsed": 13681.360337972641, "delta": 21.76867175102234}, "costs": {"total_cost": 3752.105610453197, "time_cost": 150, "final_distance_cost": 912.4135060006752, "oscillation_cost": 160.4388201299132, "completition_cost": 1000.0, "overshoot_cost": 1489.1190585328495, "power_cost": 22.273220532226564, "noise_cost": 17.861005257532867, "n_waypoints_completed": 0, "tot_waypoints": 9}}
{"target": -1510.3081878723442, "params": {"k_pid_pos": [0.04473467543721199, 1.0, 0.0], "k_pid_alt": [1.8861160278320312, 1.0, 0.0], "k_pid_att": [100.0, 0.36836299300193787, 0.007429212331771851], "k_pid_yaw": [0.5, 1e-06, 0.1], "k_pid_hsp": [0.4709809124469757, 0.04237896203994751, 0.10879406332969666], "k_pid_vsp": [1.7853856086730957, 392.20489501953125, 392.591796875]}, "datetime": {"datetime": "2025-08-20 15:40:49", "elapsed": 13703.661326408386, "delta": 22.30098843574524}, "costs": {"total_cost": 1510.3081878723442, "time_cost": 150, "final_distance_cost": 4.784916314800278, "oscillation_cost": 169.454939009622, "completition_cost": 1000.0, "overshoot_cost": 133.5223174223396, "power_cost": 18.732439208984378, "noise_cost": 33.8135759165979, "n_waypoints_completed": 0, "tot_waypoints": 9}}
{"target": -1472.516336369771, "params": {"k_pid_pos": [0.12901732325553894, 0.9526466131210327, 0.0], "k_pid_alt": [2.0, 1.0, 0.0], "k_pid_att": [100.0, 9.999999747378752e-05, 0.06393322348594666], "k_pid_yaw": [0.5, 1e-06, 0.1], "k_pid_hsp": [0.30069154500961304, 0.0, 0.0], "k_pid_vsp": [0.0, 381.74749755859375, 400.0]}, "datetime": {"datetime": "2025-08-20 15:41:11", "elapsed": 13726.362437009811, "delta": 22.70111060142517}, "costs": {"total_cost": 1472.516336369771, "time_cost": 150, "final_distance_cost": 8.925812624468412, "oscillation_cost": 59.212023168573545, "completition_cost": 1000.0, "overshoot_cost": 139.3845821271654, "power_cost": 28.686671716308595, "noise_cost": 86.30724673325469, "n_waypoints_completed": 0, "tot_waypoints": 9}}
{"target": -1473.9177571532634, "params": {"k_pid_pos": [9.999999747378752e-05, 1.0, 0.06376081705093384], "k_pid_alt": [2.0, 1.0, 0.038590073585510254], "k_pid_att": [98.18091583251953, 0.18223269283771515, 0.0], "k_pid_yaw": [0.5, 1e-06, 0.1], "k_pid_hsp": [0.10087376087903976, 0.02987217903137207, 0.0], "k_pid_vsp": [0.0, 376.66363525390625, 400.0]}, "datetime": {"datetime": "2025-08-20 15:41:34", "elapsed": 13748.797102689743, "delta": 22.43466567993164}, "costs": {"total_cost": 1473.9177571532634, "time_cost": 150, "final_distance_cost": 15.139443663703405, "oscillation_cost": 50.36270010409574, "completition_cost": 1000.0, "overshoot_cost": 141.85076055755147, "power_cost": 29.11693319091797, "noise_cost": 87.44791963699477, "n_waypoints_completed": 0, "tot_waypoints": 9}}
{"target": -2133.381711293755, "params": {"k_pid_pos": [0.17728710174560547, 1.0, 0.11243680119514465], "k_pid_alt": [1.9981276988983154, 0.9641746282577515, 0.08231404423713684], "k_pid_att": [100.0, 9.999999747378752e-05, 0.0], "k_pid_yaw": [0.5, 1e-06, 0.1], "k_pid_hsp": [9.999999747378752e-05, 0.0, 0.019864052534103394], "k_pid_vsp": [0.0, 400.0, 400.0]}, "datetime": {"datetime": "2025-08-20 15:41:56", "elapsed": 13771.214688777924, "delta": 22.417586088180542}, "costs": {"total_cost": 2133.381711293755, "time_cost": 150, "final_distance_cost": 390.2558525439368, "oscillation_cost": 63.42061404747609, "completition_cost": 1000.0, "overshoot_cost": 467.35288602716514, "power_cost": 36.33730173339844, "noise_cost": 26.015056941778855, "n_waypoints_completed": 0, "tot_waypoints": 9}}
{"target": -2490.840310474282, "params": {"k_pid_pos": [0.16724464297294617, 1.0, 0.04600489139556885], "k_pid_alt": [1.7663918733596802, 0.9888149499893188, 0.0], "k_pid_att": [100.0, 9.999999747378752e-05, 0.025629639625549316], "k_pid_yaw": [0.5, 1e-06, 0.1], "k_pid_hsp": [9.999999747378752e-05, 0.01574045419692993, 0.06084659695625305], "k_pid_vsp": [25.067256927490234, 391.9035339355469, 400.0]}, "datetime": {"datetime": "2025-08-20 15:42:19", "elapsed": 13793.515792369843, "delta": 22.301103591918945}, "costs": {"total_cost": 2490.840310474282, "time_cost": 150, "final_distance_cost": 362.9240584249593, "oscillation_cost": 341.255680396772, "completition_cost": 1000.0, "overshoot_cost": 598.6283716412332, "power_cost": 20.99378759765625, "noise_cost": 17.038412413661458, "n_waypoints_completed": 0, "tot_waypoints": 9}}
{"target": -1489.697001010847, "params": {"k_pid_pos": [0.045526303350925446, 1.0, 0.0], "k_pid_alt": [2.0, 0.9813486337661743, 0.0], "k_pid_att": [100.0, 0.6141498684883118, 0.03072383999824524], "k_pid_yaw": [0.5, 1e-06, 0.1], "k_pid_hsp": [0.7087388038635254, 0.012436389923095703, 0.0], "k_pid_vsp": [0.0, 398.80694580078125, 386.554443359375]}, "datetime": {"datetime": "2025-08-20 15:42:41", "elapsed": 13815.60018157959, "delta": 22.084389209747314}, "costs": {"total_cost": 1489.697001010847, "time_cost": 150, "final_distance_cost": 9.8180386038256, "oscillation_cost": 63.25338056953823, "completition_cost": 1000.0, "overshoot_cost": 139.6114632341241, "power_cost": 32.17420639648438, "noise_cost": 94.83991220687474, "n_waypoints_completed": 0, "tot_waypoints": 9}}
{"target": -1477.6364292176181, "params": {"k_pid_pos": [9.999999747378752e-05, 1.0, 0.040524423122406006], "k_pid_alt": [1.8537929058074951, 1.0, 0.0], "k_pid_att": [97.61210632324219, 0.12506823241710663, 0.05971384048461914], "k_pid_yaw": [0.5, 1e-06, 0.1], "k_pid_hsp": [0.19346119463443756, 0.04475659132003784, 0.025664061307907104], "k_pid_vsp": [0.0, 400.0, 392.22015380859375]}, "datetime": {"datetime": "2025-08-20 15:43:03", "elapsed": 13838.351160287857, "delta": 22.750978708267212}, "costs": {"total_cost": 1477.6364292176181, "time_cost": 150, "final_distance_cost": 16.36009686180448, "oscillation_cost": 86.43648541190197, "completition_cost": 1000.0, "overshoot_cost": 141.2363032221942, "power_cost": 19.94109578857422, "noise_cost": 63.662447933143135, "n_waypoints_completed": 0, "tot_waypoints": 9}}
{"target": -1461.2052600023824, "params": {"k_pid_pos": [9.999999747378752e-05, 1.0, 0.043894290924072266], "k_pid_alt": [1.9269415140151978, 0.9348002076148987, 0.040419191122055054], "k_pid_att": [92.93766021728516, 9.999999747378752e-05, 0.022330641746520996], "k_pid_yaw": [0.5, 1e-06, 0.1], "k_pid_hsp": [0.04910823702812195, 0.029345393180847168, 0.007254868745803833], "k_pid_vsp": [11.376035690307617, 400.0, 369.1298828125]}, "datetime": {"datetime": "2025-08-20 15:43:26", "elapsed": 13860.808070659637, "delta": 22.456910371780396}, "costs": {"total_cost": 1461.2052600023824, "time_cost": 150, "final_distance_cost": 22.75406089580328, "oscillation_cost": 62.27892640008832, "completition_cost": 1000.0, "overshoot_cost": 143.46637116365864, "power_cost": 19.565036840820312, "noise_cost": 63.14086470201192, "n_waypoints_completed": 0, "tot_waypoints": 9}}
{"target": -1467.686036245415, "params": {"k_pid_pos": [0.048367634415626526, 1.0, 0.0], "k_pid_alt": [1.8835866451263428, 0.989585280418396, 0.028551816940307617], "k_pid_att": [96.03992462158203, 9.999999747378752e-05, 0.004388213157653809], "k_pid_yaw": [0.5, 1e-06, 0.1], "k_pid_hsp": [0.05640675500035286, 0.0, 0.00504690408706665], "k_pid_vsp": [0.0, 400.0, 400.0]}, "datetime": {"datetime": "2025-08-20 15:43:48", "elapsed": 13883.286844730377, "delta": 22.478774070739746}, "costs": {"total_cost": 1467.686036245415, "time_cost": 150, "final_distance_cost": 16.981029228302123, "oscillation_cost": 50.799283735510635, "completition_cost": 1000.0, "overshoot_cost": 140.12822344095562, "power_cost": 28.31757927246094, "noise_cost": 81.45992056818537, "n_waypoints_completed": 0, "tot_waypoints": 9}}
{"target": -1398.2324298767521, "params": {"k_pid_pos": [9.999999747378752e-05, 0.9923781156539917, 0.0], "k_pid_alt": [2.0, 0.9637751579284668, 0.0], "k_pid_att": [100.0, 9.999999747378752e-05, 0.0], "k_pid_yaw": [0.5, 1e-06, 0.1], "k_pid_hsp": [0.861473560333252, 0.023996055126190186, 0.0], "k_pid_vsp": [15.146780014038086, 400.0, 400.0]}, "datetime": {"datetime": "2025-08-20 15:44:11", "elapsed": 13906.038003206253, "delta": 22.751158475875854}, "costs": {"total_cost": 1398.2324298767521, "time_cost": 150, "final_distance_cost": 10.334982874376335, "oscillation_cost": 67.27841129490005, "completition_cost": 1000.0, "overshoot_cost": 139.78508342747304, "power_cost": 3.9720245727539063, "noise_cost": 26.861927707248675, "n_waypoints_completed": 0, "tot_waypoints": 9}}
{"target": -1933.1701970032075, "params": {"k_pid_pos": [0.20766636729240417, 0.9108641743659973, 0.011827945709228516], "k_pid_alt": [1.9307271242141724, 0.9767059087753296, 0.0028565526008605957], "k_pid_att": [98.5389404296875, 9.999999747378752e-05, 0.0], "k_pid_yaw": [0.5, 1e-06, 0.1], "k_pid_hsp": [9.999999747378752e-05, 0.0, 0.0], "k_pid_vsp": [52.8986930847168, 400.0, 394.2966003417969]}, "datetime": {"datetime": "2025-08-20 15:44:33", "elapsed": 13928.405841112137, "delta": 22.36783790588379}, "costs": {"total_cost": 1933.1701970032075, "time_cost": 150, "final_distance_cost": 340.6274439135581, "oscillation_cost": 30.632751973772837, "completition_cost": 1000.0, "overshoot_cost": 386.5985321678274, "power_cost": 11.668610778808594, "noise_cost": 13.642858169240279, "n_waypoints_completed": 0, "tot_waypoints": 9}}
{"target": -1502.9254039482998, "params": {"k_pid_pos": [0.02495294064283371, 0.994658350944519, 0.0], "k_pid_alt": [1.8988542556762695, 0.9969478845596313, 0.0], "k_pid_att": [100.0, 0.27286747097969055, 0.055391907691955566], "k_pid_yaw": [0.5, 1e-06, 0.1], "k_pid_hsp": [0.5692095756530762, 0.06711813807487488, 0.0], "k_pid_vsp": [4.2783379554748535, 400.0, 400.0]}, "datetime": {"datetime": "2025-08-20 15:44:56", "elapsed": 13951.054318666458, "delta": 22.64847755432129}, "costs": {"total_cost": 1502.9254039482998, "time_cost": 150, "final_distance_cost": 14.153925554488517, "oscillation_cost": 62.1000610641407, "completition_cost": 1000.0, "overshoot_cost": 139.76984254208864, "power_cost": 35.050473803710936, "noise_cost": 101.85110098387118, "n_waypoints_completed": 0, "tot_waypoints": 9}}
{"target": -1399.7455979928393, "params": {"k_pid_pos": [0.048438142985105515, 0.9857199192047119, 0.023055583238601685], "k_pid_alt": [1.992689609527588, 0.9827142357826233, 0.0], "k_pid_att": [98.92153930664062, 9.999999747378752e-05, 0.0], "k_pid_yaw": [0.5, 1e-06, 0.1], "k_pid_hsp": [0.2214914858341217, 0.0, 0.0], "k_pid_vsp": [0.0, 348.8912658691406, 400.0]}, "datetime": {"datetime": "2025-08-20 15:45:18", "elapsed": 13972.90800690651, "delta": 21.85368824005127}, "costs": {"total_cost": 1399.7455979928393, "time_cost": 150, "final_distance_cost": 12.975149993359443, "oscillation_cost": 60.31370234825524, "completition_cost": 1000.0, "overshoot_cost": 139.87975649693118, "power_cost": 5.732443139648438, "noise_cost": 30.844546014644884, "n_waypoints_completed": 0, "tot_waypoints": 9}}
{"target": -1489.171196184257, "params": {"k_pid_pos": [9.999999747378752e-05, 0.9875722527503967, 0.0], "k_pid_alt": [2.0, 1.0, 0.0], "k_pid_att": [99.42084503173828, 9.999999747378752e-05, 0.022754788398742676], "k_pid_yaw": [0.5, 1e-06, 0.1], "k_pid_hsp": [0.4143519997596741, 0.004532933235168457, 0.01807430386543274], "k_pid_vsp": [48.764610290527344, 400.0, 400.0]}, "datetime": {"datetime": "2025-08-20 15:45:40", "elapsed": 13995.242060184479, "delta": 22.33405327796936}, "costs": {"total_cost": 1489.171196184257, "time_cost": 150, "final_distance_cost": 18.662478193710704, "oscillation_cost": 80.63140662304791, "completition_cost": 1000.0, "overshoot_cost": 145.85918063592447, "power_cost": 22.597740258789063, "noise_cost": 71.42039047278466, "n_waypoints_completed": 0, "tot_waypoints": 9}}
{"target": -1500.8853942534386, "params": {"k_pid_pos": [0.018103696405887604, 1.0, 0.08506906032562256], "k_pid_alt": [2.0, 1.0, 0.0], "k_pid_att": [97.15226745605469, 9.999999747378752e-05, 0.045491963624954224], "k_pid_yaw": [0.5, 1e-06, 0.1], "k_pid_hsp": [0.23087376356124878, 0.12895625829696655, 0.004958063364028931], "k_pid_vsp": [6.828773021697998, 400.0, 400.0]}, "datetime": {"datetime": "2025-08-20 15:46:03", "elapsed": 14018.010158777237, "delta": 22.76809859275818}, "costs": {"total_cost": 1500.8853942534386, "time_cost": 150, "final_distance_cost": 28.991308654714015, "oscillation_cost": 75.03493700375475, "completition_cost": 1000.0, "overshoot_cost": 147.1266971372546, "power_cost": 24.137174951171875, "noise_cost": 75.59527650654329, "n_waypoints_completed": 0, "tot_waypoints": 9}}
{"target": -3686.5561229285377, "params": {"k_pid_pos": [0.11492183059453964, 0.965180516242981, 0.0], "k_pid_alt": [1.985823631286621, 0.9120926856994629, 0.0], "k_pid_att": [100.0, 0.10156188905239105, 0.0010325908660888672], "k_pid_yaw": [0.5, 1e-06, 0.1], "k_pid_hsp": [9.999999747378752e-05, 0.0, 0.04117676615715027], "k_pid_vsp": [19.588924407958984, 379.5355224609375, 400.0]}, "datetime": {"datetime": "2025-08-20 15:46:25", "elapsed": 14040.39465045929, "delta": 22.384491682052612}, "costs": {"total_cost": 3686.5561229285377, "time_cost": 150, "final_distance_cost": 898.8567855960418, "oscillation_cost": 97.74507735897406, "completition_cost": 1000.0, "overshoot_cost": 1501.1415963707184, "power_cost": 21.447599548339845, "noise_cost": 17.36506405446378, "n_waypoints_completed": 0, "tot_waypoints": 9}}
