{"target": -1398.3945516542071, "params": {"k_pid_pos": [0.09645646065473557, 1.0, 0.02548164129257202], "k_pid_alt": [1.908887267112732, 1.0, 0.05021977424621582], "k_pid_att": [100.0, 9.999999747378752e-05, 0.010412424802780151], "k_pid_yaw": [0.5, 1e-06, 0.1], "k_pid_hsp": [0.9673544764518738, 0.03672206401824951, 0.0], "k_pid_vsp": [19.06442642211914, 399.61029052734375, 368.55908203125]}, "datetime": {"datetime": "2025-08-21 02:39:52", "elapsed": 53247.07218670845, "delta": 20.382343292236328}, "costs": {"total_cost": 1398.3945516542071, "time_cost": 150, "final_distance_cost": 10.700906896437683, "oscillation_cost": 68.95978961798858, "completition_cost": 1000.0, "overshoot_cost": 139.0639442110721, "power_cost": 3.708884851074219, "noise_cost": 25.961026077634564, "n_waypoints_completed": 0, "tot_waypoints": 9}}
{"target": -1463.9436131689693, "params": {"k_pid_pos": [0.10224306583404541, 0.9406211376190186, 0.0], "k_pid_alt": [1.963895320892334, 0.9925523996353149, 0.006567806005477905], "k_pid_att": [98.2275390625, 0.2202836126089096, 0.0], "k_pid_yaw": [0.5, 1e-06, 0.1], "k_pid_hsp": [0.05475303903222084, 0.0, 0.0], "k_pid_vsp": [7.004880905151367, 363.4770202636719, 400.0]}, "datetime": {"datetime": "2025-08-21 02:40:13", "elapsed": 53268.13832807541, "delta": 21.066141366958618}, "costs": {"total_cost": 1463.9436131689693, "time_cost": 150, "final_distance_cost": 12.729710674521685, "oscillation_cost": 46.158765327022664, "completition_cost": 1000.0, "overshoot_cost": 140.08102066365885, "power_cost": 28.757690856933596, "noise_cost": 86.21642564683249, "n_waypoints_completed": 0, "tot_waypoints": 9}}
{"target": -1341.759131368526, "params": {"k_pid_pos": [9.999999747378752e-05, 0.9976853132247925, 0.0], "k_pid_alt": [1.8636759519577026, 0.9675214290618896, 0.0], "k_pid_att": [100.0, 0.6195029020309448, 0.0855894684791565], "k_pid_yaw": [0.5, 1e-06, 0.1], "k_pid_hsp": [0.14473310112953186, 0.0, 0.0511535108089447], "k_pid_vsp": [0.06833076477050781, 400.0, 400.0]}, "datetime": {"datetime": "2025-08-21 02:40:33", "elapsed": 53288.14493942261, "delta": 20.006611347198486}, "costs": {"total_cost": 1341.759131368526, "time_cost": 150, "final_distance_cost": 55.772224420052034, "oscillation_cost": 117.00156496934116, "completition_cost": 888.8888888888888, "overshoot_cost": 78.72045288118639, "power_cost": 28.180322314453125, "noise_cost": 23.195677894604476, "n_waypoints_completed": 1, "tot_waypoints": 9}}
{"target": -1457.4672976960126, "params": {"k_pid_pos": [0.049962397664785385, 0.9840870499610901, 0.0], "k_pid_alt": [1.9284231662750244, 1.0, 0.06275120377540588], "k_pid_att": [100.0, 9.999999747378752e-05, 0.08648809790611267], "k_pid_yaw": [0.5, 1e-06, 0.1], "k_pid_hsp": [0.09648272395133972, 0.01511991024017334, 0.03279498219490051], "k_pid_vsp": [18.924354553222656, 376.2134094238281, 400.0]}, "datetime": {"datetime": "2025-08-21 02:40:54", "elapsed": 53308.70726108551, "delta": 20.562321662902832}, "costs": {"total_cost": 1457.4672976960126, "time_cost": 150, "final_distance_cost": 12.942845159078585, "oscillation_cost": 73.4504977002762, "completition_cost": 1000.0, "overshoot_cost": 138.18812963763006, "power_cost": 23.639983764648438, "noise_cost": 59.24584143437929, "n_waypoints_completed": 0, "tot_waypoints": 9}}
{"target": -4138.867562339772, "params": {"k_pid_pos": [9.999999747378752e-05, 1.0, 0.0], "k_pid_alt": [1.8301998376846313, 0.9832628965377808, 0.040210872888565063], "k_pid_att": [95.61700439453125, 0.6653378009796143, 0.03060641884803772], "k_pid_yaw": [0.5, 1e-06, 0.1], "k_pid_hsp": [9.999999747378752e-05, 0.003513514995574951, 0.03316190838813782], "k_pid_vsp": [0.0, 400.0, 400.0]}, "datetime": {"datetime": "2025-08-21 02:41:15", "elapsed": 53329.67107176781, "delta": 20.963810682296753}, "costs": {"total_cost": 4138.867562339772, "time_cost": 150, "final_distance_cost": 1110.8160132048652, "oscillation_cost": 73.91308746202202, "completition_cost": 1000.0, "overshoot_cost": 1763.7381417387987, "power_cost": 22.862158459472656, "noise_cost": 17.538161474613304, "n_waypoints_completed": 0, "tot_waypoints": 9}}
{"target": -1447.062736034372, "params": {"k_pid_pos": [9.999999747378752e-05, 1.0, 0.0], "k_pid_alt": [2.0, 0.9625335931777954, 0.0], "k_pid_att": [99.92705535888672, 0.02743292599916458, 0.0], "k_pid_yaw": [0.5, 1e-06, 0.1], "k_pid_hsp": [0.11154794692993164, 0.0, 0.05616059899330139], "k_pid_vsp": [15.491032600402832, 399.7000732421875, 381.4765319824219]}, "datetime": {"datetime": "2025-08-21 02:41:34", "elapsed": 53349.13957071304, "delta": 19.468498945236206}, "costs": {"total_cost": 1447.062736034372, "time_cost": 150, "final_distance_cost": 60.601280130781475, "oscillation_cost": 131.13859198990974, "completition_cost": 1000.0, "overshoot_cost": 58.94300303670801, "power_cost": 26.28724034423828, "noise_cost": 20.092620532734493, "n_waypoints_completed": 0, "tot_waypoints": 9}}
{"target": -1412.2487933460868, "params": {"k_pid_pos": [9.999999747378752e-05, 0.9093003869056702, 0.024786323308944702], "k_pid_alt": [1.8492460250854492, 1.0, 0.04755741357803345], "k_pid_att": [99.06575012207031, 1.2413382530212402, 0.014083802700042725], "k_pid_yaw": [0.5, 1e-06, 0.1], "k_pid_hsp": [9.999999747378752e-05, 0.04403728246688843, 0.006395816802978516], "k_pid_vsp": [0.0, 398.777587890625, 400.0]}, "datetime": {"datetime": "2025-08-21 02:41:56", "elapsed": 53370.72136378288, "delta": 21.581793069839478}, "costs": {"total_cost": 1412.2487933460868, "time_cost": 150, "final_distance_cost": 28.550771348111496, "oscillation_cost": 37.1449374043695, "completition_cost": 1000.0, "overshoot_cost": 153.46393298311088, "power_cost": 7.765432385253907, "noise_cost": 35.32371922524099, "n_waypoints_completed": 0, "tot_waypoints": 9}}
{"target": -1495.0496422997724, "params": {"k_pid_pos": [0.02934480831027031, 1.0, 0.0029717683792114258], "k_pid_alt": [1.8624420166015625, 0.9471032619476318, 0.0], "k_pid_att": [100.0, 9.999999747378752e-05, 0.07597661018371582], "k_pid_yaw": [0.5, 1e-06, 0.1], "k_pid_hsp": [1.1920799016952515, 0.04150110483169556, 0.055631935596466064], "k_pid_vsp": [2.933955192565918, 400.0, 400.0]}, "datetime": {"datetime": "2025-08-21 02:42:16", "elapsed": 53390.658802986145, "delta": 19.93743920326233}, "costs": {"total_cost": 1495.0496422997724, "time_cost": 150, "final_distance_cost": 25.56193052406386, "oscillation_cost": 107.07516157404244, "completition_cost": 1000.0, "overshoot_cost": 138.6822422028742, "power_cost": 21.101529235839845, "noise_cost": 52.628778762952074, "n_waypoints_completed": 0, "tot_waypoints": 9}}
{"target": -1392.262752988254, "params": {"k_pid_pos": [0.015936877578496933, 0.9608763456344604, 0.0], "k_pid_alt": [2.0, 0.9297919273376465, 0.0], "k_pid_att": [95.36247253417969, 0.34542736411094666, 0.04886835813522339], "k_pid_yaw": [0.5, 1e-06, 0.1], "k_pid_hsp": [0.6776767373085022, 0.05947110056877136, 0.0], "k_pid_vsp": [0.0, 395.23736572265625, 394.32830810546875]}, "datetime": {"datetime": "2025-08-21 02:42:37", "elapsed": 53411.7976000309, "delta": 21.13879704475403}, "costs": {"total_cost": 1392.262752988254, "time_cost": 150, "final_distance_cost": 12.031908380590437, "oscillation_cost": 66.90879856732775, "completition_cost": 1000.0, "overshoot_cost": 139.56753051986252, "power_cost": 2.023001013183594, "noise_cost": 21.73151450728973, "n_waypoints_completed": 0, "tot_waypoints": 9}}
{"target": -1466.7225481914816, "params": {"k_pid_pos": [9.999999747378752e-05, 0.9405502676963806, 0.0], "k_pid_alt": [2.0, 1.0, 0.02595818042755127], "k_pid_att": [96.5016860961914, 9.999999747378752e-05, 0.08802098035812378], "k_pid_yaw": [0.5, 1e-06, 0.1], "k_pid_hsp": [0.8276333808898926, 0.024312466382980347, 0.0], "k_pid_vsp": [0.0, 400.0, 400.0]}, "datetime": {"datetime": "2025-08-21 02:42:57", "elapsed": 53432.07827806473, "delta": 20.280678033828735}, "costs": {"total_cost": 1466.7225481914816, "time_cost": 150, "final_distance_cost": 9.190923210108183, "oscillation_cost": 64.46938379653147, "completition_cost": 1000.0, "overshoot_cost": 139.52358872181372, "power_cost": 25.35246207275391, "noise_cost": 78.1861903902744, "n_waypoints_completed": 0, "tot_waypoints": 9}}
{"target": -1402.2410441902487, "params": {"k_pid_pos": [9.999999747378752e-05, 1.0, 0.004486173391342163], "k_pid_alt": [1.9330017566680908, 1.0, 0.05311533808708191], "k_pid_att": [100.0, 9.999999747378752e-05, 0.05923581123352051], "k_pid_yaw": [0.5, 1e-06, 0.1], "k_pid_hsp": [0.5356113910675049, 0.018681466579437256, 0.0], "k_pid_vsp": [18.20777702331543, 400.0, 367.60772705078125]}, "datetime": {"datetime": "2025-08-21 02:43:18", "elapsed": 53453.00885248184, "delta": 20.930574417114258}, "costs": {"total_cost": 1402.2410441902487, "time_cost": 150, "final_distance_cost": 15.54420260055752, "oscillation_cost": 66.21611759183796, "completition_cost": 1000.0, "overshoot_cost": 139.9656662942363, "power_cost": 3.9310958740234376, "noise_cost": 26.583961829593324, "n_waypoints_completed": 0, "tot_waypoints": 9}}
{"target": -1444.2847047597943, "params": {"k_pid_pos": [9.999999747378752e-05, 1.0, 0.0], "k_pid_alt": [2.0, 1.0, 0.0], "k_pid_att": [100.0, 9.999999747378752e-05, 0.08164346218109131], "k_pid_yaw": [0.5, 1e-06, 0.1], "k_pid_hsp": [0.7784400582313538, 0.0, 0.006760656833648682], "k_pid_vsp": [0.0, 353.9947204589844, 397.6548767089844]}, "datetime": {"datetime": "2025-08-21 02:43:39", "elapsed": 53473.63060975075, "delta": 20.62175726890564}, "costs": {"total_cost": 1444.2847047597943, "time_cost": 150, "final_distance_cost": 7.60198164019297, "oscillation_cost": 70.92379561148742, "completition_cost": 1000.0, "overshoot_cost": 140.03811757075596, "power_cost": 17.16609958496094, "noise_cost": 58.55471035239697, "n_waypoints_completed": 0, "tot_waypoints": 9}}
{"target": -1944.1348088591183, "params": {"k_pid_pos": [9.999999747378752e-05, 1.0, 0.0], "k_pid_alt": [1.9697530269622803, 1.0, 0.06051710247993469], "k_pid_att": [100.0, 0.13033126294612885, 0.0], "k_pid_yaw": [0.5, 1e-06, 0.1], "k_pid_hsp": [9.999999747378752e-05, 0.00039967894554138184, 0.0], "k_pid_vsp": [0.0, 396.0060119628906, 361.415771484375]}, "datetime": {"datetime": "2025-08-21 02:43:59", "elapsed": 53494.01870679855, "delta": 20.388097047805786}, "costs": {"total_cost": 1944.1348088591183, "time_cost": 150, "final_distance_cost": 344.6416488971447, "oscillation_cost": 31.391725441073802, "completition_cost": 1000.0, "overshoot_cost": 393.95129008600674, "power_cost": 11.249395788574219, "noise_cost": 12.900748646318798, "n_waypoints_completed": 0, "tot_waypoints": 9}}
{"target": -1423.6587020013453, "params": {"k_pid_pos": [9.999999747378752e-05, 0.9644091725349426, 0.0], "k_pid_alt": [1.9434072971343994, 1.0, 0.0], "k_pid_att": [94.2982406616211, 0.06494682282209396, 0.046479642391204834], "k_pid_yaw": [0.5, 1e-06, 0.1], "k_pid_hsp": [0.1625824272632599, 0.0, 0.0], "k_pid_vsp": [10.668384552001953, 398.83624267578125, 398.7279357910156]}, "datetime": {"datetime": "2025-08-21 02:44:20", "elapsed": 53514.99773669243, "delta": 20.979029893875122}, "costs": {"total_cost": 1423.6587020013453, "time_cost": 150, "final_distance_cost": 17.688533989695138, "oscillation_cost": 55.423228197863, "completition_cost": 1000.0, "overshoot_cost": 140.42311958839525, "power_cost": 12.70428690185547, "noise_cost": 47.41953332353616, "n_waypoints_completed": 0, "tot_waypoints": 9}}
{"target": -1867.5564714987422, "params": {"k_pid_pos": [0.0012048955541104078, 0.9458271265029907, 0.0], "k_pid_alt": [2.0, 1.0, 0.02776142954826355], "k_pid_att": [94.86082458496094, 9.999999747378752e-05, 0.0], "k_pid_yaw": [0.5, 1e-06, 0.1], "k_pid_hsp": [9.999999747378752e-05, 0.009912729263305664, 0.0], "k_pid_vsp": [0.0, 400.0, 400.0]}, "datetime": {"datetime": "2025-08-21 02:44:41", "elapsed": 53535.90731930733, "delta": 20.90958261489868}, "costs": {"total_cost": 1867.5564714987422, "time_cost": 150, "final_distance_cost": 308.37255577765075, "oscillation_cost": 30.04767770632616, "completition_cost": 1000.0, "overshoot_cost": 354.0654332486129, "power_cost": 11.821378686523438, "noise_cost": 13.249426079628796, "n_waypoints_completed": 0, "tot_waypoints": 9}}
{"target": -1478.2124581809865, "params": {"k_pid_pos": [9.999999747378752e-05, 1.0, 0.03141775727272034], "k_pid_alt": [1.914238452911377, 0.9848029613494873, 0.0], "k_pid_att": [94.42939758300781, 0.36869916319847107, 0.0], "k_pid_yaw": [0.5, 1e-06, 0.1], "k_pid_hsp": [0.006360212806612253, 0.013591587543487549, 0.0], "k_pid_vsp": [0.0, 389.64794921875, 400.0]}, "datetime": {"datetime": "2025-08-21 02:45:02", "elapsed": 53557.46350598335, "delta": 21.55618667602539}, "costs": {"total_cost": 1478.2124581809865, "time_cost": 150, "final_distance_cost": 139.56562667957024, "oscillation_cost": 30.77081483764232, "completition_cost": 1000.0, "overshoot_cost": 127.31819821722661, "power_cost": 15.029648608398439, "noise_cost": 15.528169838148855, "n_waypoints_completed": 0, "tot_waypoints": 9}}
{"target": -3414.864640729165, "params": {"k_pid_pos": [9.999999747378752e-05, 1.0, 0.030049055814743042], "k_pid_alt": [1.8437656164169312, 0.9582962989807129, 0.0], "k_pid_att": [98.32147216796875, 0.15480737388134003, 0.005783766508102417], "k_pid_yaw": [0.5, 1e-06, 0.1], "k_pid_hsp": [9.999999747378752e-05, 0.0, 0.05921056866645813], "k_pid_vsp": [0.0, 400.0, 400.0]}, "datetime": {"datetime": "2025-08-21 02:45:22", "elapsed": 53577.13460826874, "delta": 19.671102285385132}, "costs": {"total_cost": 3414.864640729165, "time_cost": 150, "final_distance_cost": 773.2777670489767, "oscillation_cost": 231.3901987521825, "completition_cost": 1000.0, "overshoot_cost": 1220.005376632586, "power_cost": 22.353994775390625, "noise_cost": 17.837303520029348, "n_waypoints_completed": 0, "tot_waypoints": 9}}
{"target": -2379.0612400679483, "params": {"k_pid_pos": [9.999999747378752e-05, 1.0, 0.0], "k_pid_alt": [1.8174793720245361, 0.9749302864074707, 0.03476586937904358], "k_pid_att": [97.29915618896484, 0.5305298566818237, 0.025831937789916992], "k_pid_yaw": [0.5, 1e-06, 0.1], "k_pid_hsp": [9.999999747378752e-05, 0.0018842816352844238, 0.12114417552947998], "k_pid_vsp": [24.6190185546875, 400.0, 374.3801574707031]}, "datetime": {"datetime": "2025-08-21 02:45:44", "elapsed": 53598.56758618355, "delta": 21.43297791481018}, "costs": {"total_cost": 2379.0612400679483, "time_cost": 150, "final_distance_cost": 229.93120098490874, "oscillation_cost": 433.5124046069097, "completition_cost": 1000.0, "overshoot_cost": 527.0425420210804, "power_cost": 21.38211502685547, "noise_cost": 17.19297742819379, "n_waypoints_completed": 0, "tot_waypoints": 9}}
{"target": -2872.7418762746174, "params": {"k_pid_pos": [0.035622771829366684, 1.0, 0.0018721222877502441], "k_pid_alt": [1.8660972118377686, 1.0, 0.016217321157455444], "k_pid_att": [100.0, 1.0885906219482422, 0.025022506713867188], "k_pid_yaw": [0.5, 1e-06, 0.1], "k_pid_hsp": [9.999999747378752e-05, 0.010245859622955322, 0.07803288102149963], "k_pid_vsp": [12.655174255371094, 400.0, 371.0777893066406]}, "datetime": {"datetime": "2025-08-21 02:46:03", "elapsed": 53618.36153650284, "delta": 19.79395031929016}, "costs": {"total_cost": 2872.7418762746174, "time_cost": 150, "final_distance_cost": 478.1239110292348, "oscillation_cost": 327.8970274565271, "completition_cost": 1000.0, "overshoot_cost": 878.2583054677139, "power_cost": 21.27323006591797, "noise_cost": 17.18940225522308, "n_waypoints_completed": 0, "tot_waypoints": 9}}
{"target": -1475.9179773488936, "params": {"k_pid_pos": [0.16023460030555725, 1.0, 0.13695412874221802], "k_pid_alt": [1.9830114841461182, 1.0, 0.04942905902862549], "k_pid_att": [100.0, 9.999999747378752e-05, 0.0322212278842926], "k_pid_yaw": [0.5, 1e-06, 0.1], "k_pid_hsp": [0.4769699275493622, 0.0, 0.02081051468849182], "k_pid_vsp": [0.0, 400.0, 372.6024169921875]}, "datetime": {"datetime": "2025-08-21 02:46:25", "elapsed": 53639.73878073692, "delta": 21.377244234085083}, "costs": {"total_cost": 1475.9179773488936, "time_cost": 150, "final_distance_cost": 3.4756069133288823, "oscillation_cost": 88.10687078957972, "completition_cost": 1000.0, "overshoot_cost": 138.71399714517196, "power_cost": 22.98464888916016, "noise_cost": 72.6368536116529, "n_waypoints_completed": 0, "tot_waypoints": 9}}
{"target": -2479.6746315793207, "params": {"k_pid_pos": [9.999999747378752e-05, 0.9565269947052002, 0.028099238872528076], "k_pid_alt": [2.0, 0.9806007146835327, 0.0], "k_pid_att": [98.99078369140625, 9.999999747378752e-05, 0.0], "k_pid_yaw": [0.5, 1e-06, 0.1], "k_pid_hsp": [9.999999747378752e-05, 0.05082690715789795, 0.060735344886779785], "k_pid_vsp": [30.958663940429688, 400.0, 395.95025634765625]}, "datetime": {"datetime": "2025-08-21 02:46:45", "elapsed": 53659.90915131569, "delta": 20.17037057876587}, "costs": {"total_cost": 2479.6746315793207, "time_cost": 150, "final_distance_cost": 371.4801123071548, "oscillation_cost": 317.5285129162451, "completition_cost": 1000.0, "overshoot_cost": 602.043256380365, "power_cost": 21.33736982421875, "noise_cost": 17.285380151337037, "n_waypoints_completed": 0, "tot_waypoints": 9}}
{"target": -1866.62950245438, "params": {"k_pid_pos": [9.999999747378752e-05, 1.0, 0.05969628691673279], "k_pid_alt": [2.0, 0.9796987175941467, 0.0], "k_pid_att": [100.0, 0.3762820065021515, 0.0], "k_pid_yaw": [0.5, 1e-06, 0.1], "k_pid_hsp": [9.999999747378752e-05, 0.0, 0.01003989577293396], "k_pid_vsp": [17.53058433532715, 400.0, 385.2570495605469]}, "datetime": {"datetime": "2025-08-21 02:47:06", "elapsed": 53680.895246982574, "delta": 20.986095666885376}, "costs": {"total_cost": 1866.62950245438, "time_cost": 150, "final_distance_cost": 335.77101451318987, "oscillation_cost": 26.60914912611567, "completition_cost": 888.8888888888888, "overshoot_cost": 400.666133211997, "power_cost": 37.88352576904297, "noise_cost": 26.810790945145637, "n_waypoints_completed": 1, "tot_waypoints": 9}}
{"target": -1517.3204746460544, "params": {"k_pid_pos": [0.1590200960636139, 0.9613544940948486, 0.0060984790325164795], "k_pid_alt": [2.0, 1.0, 0.03293070197105408], "k_pid_att": [96.14613342285156, 9.999999747378752e-05, 0.09811893105506897], "k_pid_yaw": [0.5, 1e-06, 0.1], "k_pid_hsp": [0.8110274076461792, 0.0, 0.020343929529190063], "k_pid_vsp": [6.223881244659424, 380.3633728027344, 393.858642578125]}, "datetime": {"datetime": "2025-08-21 02:47:28", "elapsed": 53703.00274968147, "delta": 22.107502698898315}, "costs": {"total_cost": 1517.3204746460544, "time_cost": 150, "final_distance_cost": 15.897696964350489, "oscillation_cost": 96.82383358934811, "completition_cost": 1000.0, "overshoot_cost": 139.3427353005645, "power_cost": 28.94553016357422, "noise_cost": 86.31067862821723, "n_waypoints_completed": 0, "tot_waypoints": 9}}
{"target": -1502.0378525833473, "params": {"k_pid_pos": [9.999999747378752e-05, 0.9681997299194336, 0.05258440971374512], "k_pid_alt": [1.9163562059402466, 1.0, 0.0], "k_pid_att": [94.34766387939453, 9.999999747378752e-05, 0.0], "k_pid_yaw": [0.5, 1e-06, 0.1], "k_pid_hsp": [1.1782383918762207, 0.0, 0.08091366291046143], "k_pid_vsp": [8.330642700195312, 383.9134826660156, 400.0]}, "datetime": {"datetime": "2025-08-21 02:47:48", "elapsed": 53723.49050951004, "delta": 20.487759828567505}, "costs": {"total_cost": 1502.0378525833473, "time_cost": 150, "final_distance_cost": 7.291951728981571, "oscillation_cost": 134.14268176873406, "completition_cost": 1000.0, "overshoot_cost": 135.20080829747963, "power_cost": 24.855608984375, "noise_cost": 50.546801803777015, "n_waypoints_completed": 0, "tot_waypoints": 9}}
{"target": -1417.1992730871723, "params": {"k_pid_pos": [0.0551932156085968, 1.0, 0.03231900930404663], "k_pid_alt": [1.8294503688812256, 0.9217790365219116, 0.03116890788078308], "k_pid_att": [100.0, 0.9755557179450989, 0.008130460977554321], "k_pid_yaw": [0.5, 1e-06, 0.1], "k_pid_hsp": [0.7105254530906677, 0.006337583065032959, 0.0], "k_pid_vsp": [0.0, 400.0, 400.0]}, "datetime": {"datetime": "2025-08-21 02:48:09", "elapsed": 53744.32632493973, "delta": 20.8358154296875}, "costs": {"total_cost": 1417.1992730871723, "time_cost": 150, "final_distance_cost": 10.658356601427567, "oscillation_cost": 66.34859472854963, "completition_cost": 1000.0, "overshoot_cost": 139.42398419258893, "power_cost": 9.861074133300782, "noise_cost": 40.907263431305445, "n_waypoints_completed": 0, "tot_waypoints": 9}}
{"target": -2086.7192552311462, "params": {"k_pid_pos": [0.10435767471790314, 1.0, 0.020414263010025024], "k_pid_alt": [2.0, 0.8954206109046936, 0.0], "k_pid_att": [100.0, 0.23639130592346191, 0.0], "k_pid_yaw": [0.5, 1e-06, 0.1], "k_pid_hsp": [9.999999747378752e-05, 0.0, 0.014434278011322021], "k_pid_vsp": [25.041019439697266, 400.0, 393.89404296875]}, "datetime": {"datetime": "2025-08-21 02:48:30", "elapsed": 53765.33800601959, "delta": 21.011681079864502}, "costs": {"total_cost": 2086.7192552311462, "time_cost": 150, "final_distance_cost": 382.8560076215322, "oscillation_cost": 35.56517724409844, "completition_cost": 1000.0, "overshoot_cost": 453.6588677034997, "power_cost": 38.02728802490235, "noise_cost": 26.611914637114005, "n_waypoints_completed": 0, "tot_waypoints": 9}}
{"target": -1928.1453568443203, "params": {"k_pid_pos": [9.999999747378752e-05, 1.0, 0.016448795795440674], "k_pid_alt": [1.9736013412475586, 1.0, 0.0491088330745697], "k_pid_att": [100.0, 9.999999747378752e-05, 0.0], "k_pid_yaw": [0.5, 1e-06, 0.1], "k_pid_hsp": [9.999999747378752e-05, 0.0, 0.0], "k_pid_vsp": [28.854572296142578, 400.0, 365.5559387207031]}, "datetime": {"datetime": "2025-08-21 02:48:51", "elapsed": 53785.890448093414, "delta": 20.55244207382202}, "costs": {"total_cost": 1928.1453568443203, "time_cost": 150, "final_distance_cost": 338.9477002689851, "oscillation_cost": 31.009808595810387, "completition_cost": 1000.0, "overshoot_cost": 382.7696861821233, "power_cost": 11.650907177734375, "noise_cost": 13.767254619667147, "n_waypoints_completed": 0, "tot_waypoints": 9}}
