{"target": -1466.0785491779118, "params": {"k_pid_pos": [0.048360660672187805, 0.9776111841201782, 0.044178664684295654], "k_pid_alt": [1.813162922859192, 1.0, 0.0], "k_pid_att": [100.0, 9.999999747378752e-05, 0.020249634981155396], "k_pid_yaw": [0.5, 1e-06, 0.1], "k_pid_hsp": [9.999999747378752e-05, 0.043235987424850464, 0.0], "k_pid_vsp": [0.0, 397.6756591796875, 400.0]}, "datetime": {"datetime": "2025-08-20 14:31:57", "elapsed": 9571.938188791275, "delta": 29.917850971221924}, "costs": {"total_cost": 1466.0785491779118, "time_cost": 150, "final_distance_cost": 35.358680628964976, "oscillation_cost": 33.5547094316116, "completition_cost": 1000.0, "overshoot_cost": 154.28604454026885, "power_cost": 22.842658239746093, "noise_cost": 70.0364563373203, "n_waypoints_completed": 0, "tot_waypoints": 9}}
{"target": -1485.8715855273422, "params": {"k_pid_pos": [9.999999747378752e-05, 1.0, 0.004566162824630737], "k_pid_alt": [2.0, 1.0, 0.0], "k_pid_att": [94.61930847167969, 0.1025325357913971, 0.0], "k_pid_yaw": [0.5, 1e-06, 0.1], "k_pid_hsp": [0.36232271790504456, 0.0, 0.02135607600212097], "k_pid_vsp": [0.0, 400.0, 400.0]}, "datetime": {"datetime": "2025-08-20 14:32:23", "elapsed": 9598.13331580162, "delta": 26.19512701034546}, "costs": {"total_cost": 1485.8715855273422, "time_cost": 150, "final_distance_cost": 35.28823784412268, "oscillation_cost": 89.02412619302713, "completition_cost": 1000.0, "overshoot_cost": 143.93239290342038, "power_cost": 14.97618525390625, "noise_cost": 52.65064333286578, "n_waypoints_completed": 0, "tot_waypoints": 9}}
{"target": -1461.6160143663487, "params": {"k_pid_pos": [0.04785678908228874, 0.9531822204589844, 0.06164813041687012], "k_pid_alt": [1.9316282272338867, 1.0, 0.01473701000213623], "k_pid_att": [93.21155548095703, 9.999999747378752e-05, 0.0], "k_pid_yaw": [0.5, 1e-06, 0.1], "k_pid_hsp": [0.2361743450164795, 0.04376539587974548, 0.04317420721054077], "k_pid_vsp": [0.0, 400.0, 372.0880432128906]}, "datetime": {"datetime": "2025-08-20 14:32:48", "elapsed": 9622.924002408981, "delta": 24.79068660736084}, "costs": {"total_cost": 1461.6160143663487, "time_cost": 150, "final_distance_cost": 17.87573941406269, "oscillation_cost": 101.86197682360249, "completition_cost": 1000.0, "overshoot_cost": 133.79752674767337, "power_cost": 20.697836267089844, "noise_cost": 37.38293511392049, "n_waypoints_completed": 0, "tot_waypoints": 9}}
{"target": -2760.9395037877302, "params": {"k_pid_pos": [9.999999747378752e-05, 1.0, 0.0], "k_pid_alt": [2.0, 0.9263620376586914, 0.10093975067138672], "k_pid_att": [99.21990966796875, 9.999999747378752e-05, 0.006751447916030884], "k_pid_yaw": [0.5, 1e-06, 0.1], "k_pid_hsp": [9.999999747378752e-05, 0.06718581914901733, 0.07563933730125427], "k_pid_vsp": [0.0, 398.592041015625, 400.0]}, "datetime": {"datetime": "2025-08-20 14:33:13", "elapsed": 9647.892394781113, "delta": 24.968392372131348}, "costs": {"total_cost": 2760.9395037877302, "time_cost": 150, "final_distance_cost": 540.6917979407377, "oscillation_cost": 219.65651439180155, "completition_cost": 1000.0, "overshoot_cost": 811.3452270218714, "power_cost": 21.781435607910158, "noise_cost": 17.464528825409115, "n_waypoints_completed": 0, "tot_waypoints": 9}}
{"target": -2260.451825209261, "params": {"k_pid_pos": [0.3105486035346985, 1.0, 0.0194091796875], "k_pid_alt": [1.957824468612671, 1.0, 0.0], "k_pid_att": [97.17340850830078, 0.6397554874420166, 0.0], "k_pid_yaw": [0.5, 1e-06, 0.1], "k_pid_hsp": [9.999999747378752e-05, 0.0, 0.02324041724205017], "k_pid_vsp": [0.0, 400.0, 400.0]}, "datetime": {"datetime": "2025-08-20 14:33:37", "elapsed": 9671.976878643036, "delta": 24.084483861923218}, "costs": {"total_cost": 2260.451825209261, "time_cost": 150, "final_distance_cost": 446.9253729388832, "oscillation_cost": 81.32690891120986, "completition_cost": 1000.0, "overshoot_cost": 560.3590551827835, "power_cost": 10.34293094482422, "noise_cost": 11.497557231560233, "n_waypoints_completed": 0, "tot_waypoints": 9}}
{"target": -1456.5901649574232, "params": {"k_pid_pos": [9.999999747378752e-05, 0.9215708374977112, 0.028333842754364014], "k_pid_alt": [2.0, 1.0, 0.033219754695892334], "k_pid_att": [100.0, 0.2548852264881134, 0.0689069926738739], "k_pid_yaw": [0.5, 1e-06, 0.1], "k_pid_hsp": [0.05238586291670799, 0.048220038414001465, 0.0], "k_pid_vsp": [33.30280685424805, 400.0, 398.3696594238281]}, "datetime": {"datetime": "2025-08-20 14:34:00", "elapsed": 9694.551165103912, "delta": 22.574286460876465}, "costs": {"total_cost": 1456.5901649574232, "time_cost": 150, "final_distance_cost": 17.999595828617007, "oscillation_cost": 47.37727629840642, "completition_cost": 1000.0, "overshoot_cost": 143.36622241502135, "power_cost": 23.73485367431641, "noise_cost": 74.11221674106186, "n_waypoints_completed": 0, "tot_waypoints": 9}}
{"target": -1460.530248326382, "params": {"k_pid_pos": [9.999999747378752e-05, 1.0, 0.04065510630607605], "k_pid_alt": [2.0, 1.0, 0.0], "k_pid_att": [100.0, 0.35927367210388184, 0.07512658834457397], "k_pid_yaw": [0.5, 1e-06, 0.1], "k_pid_hsp": [9.999999747378752e-05, 0.11618250608444214, 0.0], "k_pid_vsp": [0.0, 378.5252990722656, 388.8684387207031]}, "datetime": {"datetime": "2025-08-20 14:34:24", "elapsed": 9718.645591020584, "delta": 24.094425916671753}, "costs": {"total_cost": 1460.530248326382, "time_cost": 150, "final_distance_cost": 17.367337046306076, "oscillation_cost": 57.13080884956285, "completition_cost": 1000.0, "overshoot_cost": 144.65182060492685, "power_cost": 21.748010107421877, "noise_cost": 69.63227171816447, "n_waypoints_completed": 0, "tot_waypoints": 9}}
{"target": -1978.9416388933323, "params": {"k_pid_pos": [0.09410636872053146, 0.9828555583953857, 0.09582629799842834], "k_pid_alt": [2.0, 1.0, 0.04803502559661865], "k_pid_att": [91.74502563476562, 0.13966704905033112, 0.053709596395492554], "k_pid_yaw": [0.5, 1e-06, 0.1], "k_pid_hsp": [9.999999747378752e-05, 0.0, 0.01912742853164673], "k_pid_vsp": [11.746978759765625, 400.0, 400.0]}, "datetime": {"datetime": "2025-08-20 14:34:47", "elapsed": 9742.013693094254, "delta": 23.368102073669434}, "costs": {"total_cost": 1978.9416388933323, "time_cost": 150, "final_distance_cost": 339.73343717651005, "oscillation_cost": 34.82186702024707, "completition_cost": 1000.0, "overshoot_cost": 391.4841104729088, "power_cost": 36.58569378662109, "noise_cost": 26.31653043704543, "n_waypoints_completed": 0, "tot_waypoints": 9}}
{"target": -1918.2359196812254, "params": {"k_pid_pos": [0.012202773243188858, 0.963438868522644, 0.022079050540924072], "k_pid_alt": [1.9456384181976318, 0.9722596406936646, 0.10427314043045044], "k_pid_att": [100.0, 0.8552929162979126, 0.0], "k_pid_yaw": [0.5, 1e-06, 0.1], "k_pid_hsp": [9.999999747378752e-05, 0.0, 0.0], "k_pid_vsp": [0.0, 380.39361572265625, 400.0]}, "datetime": {"datetime": "2025-08-20 14:35:09", "elapsed": 9764.364724636078, "delta": 22.35103154182434}, "costs": {"total_cost": 1918.2359196812254, "time_cost": 150, "final_distance_cost": 335.6571069494877, "oscillation_cost": 31.06185353101978, "completition_cost": 1000.0, "overshoot_cost": 376.05704445393224, "power_cost": 11.651029467773437, "noise_cost": 13.80888527901214, "n_waypoints_completed": 0, "tot_waypoints": 9}}
{"target": -2663.4379001186207, "params": {"k_pid_pos": [9.999999747378752e-05, 1.0, 0.0], "k_pid_alt": [1.805633306503296, 0.9890418648719788, 0.02818542718887329], "k_pid_att": [96.9160385131836, 0.3260330855846405, 0.0], "k_pid_yaw": [0.5, 1e-06, 0.1], "k_pid_hsp": [9.999999747378752e-05, 0.0, 0.05410030484199524], "k_pid_vsp": [0.9950399398803711, 389.75640869140625, 400.0]}, "datetime": {"datetime": "2025-08-20 14:35:32", "elapsed": 9786.515729188919, "delta": 22.151004552841187}, "costs": {"total_cost": 2663.4379001186207, "time_cost": 150, "final_distance_cost": 612.2831127211225, "oscillation_cost": 174.7527365144133, "completition_cost": 888.8888888888888, "overshoot_cost": 798.1077823049812, "power_cost": 21.889350366210937, "noise_cost": 17.516029323003895, "n_waypoints_completed": 1, "tot_waypoints": 9}}
{"target": -1408.1155001312693, "params": {"k_pid_pos": [0.2388840615749359, 0.9481143951416016, 0.013039052486419678], "k_pid_alt": [2.0, 0.9868807792663574, 0.04079937934875488], "k_pid_att": [100.0, 9.999999747378752e-05, 0.007170677185058594], "k_pid_yaw": [0.5, 1e-06, 0.1], "k_pid_hsp": [0.1936662346124649, 0.00032842159271240234, 0.0], "k_pid_vsp": [0.0, 400.0, 396.5382995605469]}, "datetime": {"datetime": "2025-08-20 14:35:59", "elapsed": 9813.517153978348, "delta": 27.00142478942871}, "costs": {"total_cost": 1408.1155001312693, "time_cost": 150, "final_distance_cost": 15.783856439027428, "oscillation_cost": 61.4238199321095, "completition_cost": 1000.0, "overshoot_cost": 139.05739321613382, "power_cost": 7.262433630371094, "noise_cost": 34.58799691362743, "n_waypoints_completed": 0, "tot_waypoints": 9}}
{"target": -1929.7218169568869, "params": {"k_pid_pos": [0.09793052822351456, 1.0, 0.0], "k_pid_alt": [2.0, 1.0, 0.0], "k_pid_att": [98.60250091552734, 9.999999747378752e-05, 0.05327951908111572], "k_pid_yaw": [0.5, 1e-06, 0.1], "k_pid_hsp": [9.999999747378752e-05, 0.0, 0.0], "k_pid_vsp": [7.182013988494873, 400.0, 351.4908752441406]}, "datetime": {"datetime": "2025-08-20 14:36:22", "elapsed": 9836.564368724823, "delta": 23.04721474647522}, "costs": {"total_cost": 1929.7218169568869, "time_cost": 150, "final_distance_cost": 338.98061426004426, "oscillation_cost": 30.72291672483551, "completition_cost": 1000.0, "overshoot_cost": 384.8593750835636, "power_cost": 11.602759118652344, "noise_cost": 13.556151769791322, "n_waypoints_completed": 0, "tot_waypoints": 9}}
{"target": -1503.6093421755677, "params": {"k_pid_pos": [0.0009231586009263992, 0.9486614465713501, 0.0], "k_pid_alt": [1.836957335472107, 1.0, 0.0], "k_pid_att": [85.59835052490234, 9.999999747378752e-05, 0.013414829969406128], "k_pid_yaw": [0.5, 1e-06, 0.1], "k_pid_hsp": [0.30093711614608765, 0.07619890570640564, 0.0], "k_pid_vsp": [0.0, 400.0, 400.0]}, "datetime": {"datetime": "2025-08-20 14:36:48", "elapsed": 9863.308265924454, "delta": 26.743897199630737}, "costs": {"total_cost": 1503.6093421755677, "time_cost": 150, "final_distance_cost": 10.425654668704984, "oscillation_cost": 55.11454850091693, "completition_cost": 1000.0, "overshoot_cost": 141.00224038182992, "power_cost": 38.09606787109375, "noise_cost": 108.97083075302208, "n_waypoints_completed": 0, "tot_waypoints": 9}}
{"target": -3548.039002212504, "params": {"k_pid_pos": [9.999999747378752e-05, 1.0, 0.01766464114189148], "k_pid_alt": [1.9267528057098389, 1.0, 0.0], "k_pid_att": [100.0, 0.5050950050354004, 0.051869601011276245], "k_pid_yaw": [0.5, 1e-06, 0.1], "k_pid_hsp": [9.999999747378752e-05, 0.026547670364379883, 0.05602040886878967], "k_pid_vsp": [0.0, 389.4741516113281, 400.0]}, "datetime": {"datetime": "2025-08-20 14:37:14", "elapsed": 9888.936846494675, "delta": 25.628580570220947}, "costs": {"total_cost": 3548.039002212504, "time_cost": 150, "final_distance_cost": 858.9181759915016, "oscillation_cost": 132.7419157387881, "completition_cost": 1000.0, "overshoot_cost": 1366.7748538038481, "power_cost": 21.966702197265626, "noise_cost": 17.637354481100637, "n_waypoints_completed": 0, "tot_waypoints": 9}}
{"target": -1940.064570427361, "params": {"k_pid_pos": [9.999999747378752e-05, 1.0, 0.0], "k_pid_alt": [1.9371650218963623, 1.0, 0.026325374841690063], "k_pid_att": [100.0, 9.999999747378752e-05, 0.04289013147354126], "k_pid_yaw": [0.5, 1e-06, 0.1], "k_pid_hsp": [9.999999747378752e-05, 0.007736325263977051, 0.0], "k_pid_vsp": [18.774974822998047, 400.0, 389.9722900390625]}, "datetime": {"datetime": "2025-08-20 14:37:37", "elapsed": 9911.905622959137, "delta": 22.96877646446228}, "costs": {"total_cost": 1940.064570427361, "time_cost": 150, "final_distance_cost": 324.7610509333354, "oscillation_cost": 25.59945044542622, "completition_cost": 1000.0, "overshoot_cost": 374.26892153271837, "power_cost": 37.86892774658203, "noise_cost": 27.56621976929895, "n_waypoints_completed": 0, "tot_waypoints": 9}}
{"target": -1473.3920480130978, "params": {"k_pid_pos": [9.999999747378752e-05, 0.945386528968811, 0.050959885120391846], "k_pid_alt": [1.865989089012146, 1.0, 0.001025468111038208], "k_pid_att": [100.0, 9.999999747378752e-05, 0.08224067091941833], "k_pid_yaw": [0.5, 1e-06, 0.1], "k_pid_hsp": [0.3041447103023529, 0.0, 0.0], "k_pid_vsp": [4.975593090057373, 400.0, 400.0]}, "datetime": {"datetime": "2025-08-20 14:38:01", "elapsed": 9935.795596837997, "delta": 23.889973878860474}, "costs": {"total_cost": 1473.3920480130978, "time_cost": 150, "final_distance_cost": 14.497165244256303, "oscillation_cost": 59.02636110827941, "completition_cost": 1000.0, "overshoot_cost": 139.64657919987545, "power_cost": 27.289873864746095, "noise_cost": 82.93206859594045, "n_waypoints_completed": 0, "tot_waypoints": 9}}
{"target": -1954.1201165998916, "params": {"k_pid_pos": [0.2273377776145935, 0.9682347774505615, 0.05290043354034424], "k_pid_alt": [1.9920024871826172, 1.0, 0.0], "k_pid_att": [100.0, 0.23630517721176147, 0.0], "k_pid_yaw": [0.5, 1e-06, 0.1], "k_pid_hsp": [9.999999747378752e-05, 0.007537484169006348, 0.0], "k_pid_vsp": [0.0, 400.0, 391.21466064453125]}, "datetime": {"datetime": "2025-08-20 14:38:25", "elapsed": 9960.407977819443, "delta": 24.612380981445312}, "costs": {"total_cost": 1954.1201165998916, "time_cost": 150, "final_distance_cost": 330.335110842563, "oscillation_cost": 25.755344103577322, "completition_cost": 1000.0, "overshoot_cost": 382.7996713433917, "power_cost": 37.97832376708985, "noise_cost": 27.251666543269707, "n_waypoints_completed": 0, "tot_waypoints": 9}}
{"target": -1471.0632913952813, "params": {"k_pid_pos": [0.06871873885393143, 1.0, 0.08032885193824768], "k_pid_alt": [2.0, 0.9994030594825745, 0.0], "k_pid_att": [99.02006530761719, 9.999999747378752e-05, 0.07508692145347595], "k_pid_yaw": [0.5, 1e-06, 0.1], "k_pid_hsp": [0.08679617196321487, 0.0, 0.0], "k_pid_vsp": [0.0, 400.0, 400.0]}, "datetime": {"datetime": "2025-08-20 14:38:49", "elapsed": 9983.70911026001, "delta": 23.301132440567017}, "costs": {"total_cost": 1471.0632913952813, "time_cost": 150, "final_distance_cost": 13.562428962618357, "oscillation_cost": 50.988232812483986, "completition_cost": 1000.0, "overshoot_cost": 139.98019084168956, "power_cost": 29.11344510498047, "noise_cost": 87.41899367350892, "n_waypoints_completed": 0, "tot_waypoints": 9}}
{"target": -1455.300378975665, "params": {"k_pid_pos": [9.999999747378752e-05, 1.0, 0.05670744180679321], "k_pid_alt": [1.932092547416687, 1.0, 0.038243770599365234], "k_pid_att": [97.88252258300781, 0.4005780816078186, 0.0], "k_pid_yaw": [0.5, 1e-06, 0.1], "k_pid_hsp": [0.05456707626581192, 0.05495050549507141, 0.0], "k_pid_vsp": [0.0, 400.0, 400.0]}, "datetime": {"datetime": "2025-08-20 14:39:14", "elapsed": 10009.210516929626, "delta": 25.5014066696167}, "costs": {"total_cost": 1455.300378975665, "time_cost": 150, "final_distance_cost": 12.952795548032372, "oscillation_cost": 47.620334111355255, "completition_cost": 1000.0, "overshoot_cost": 143.47277642952545, "power_cost": 24.768953295898438, "noise_cost": 76.48551959085326, "n_waypoints_completed": 0, "tot_waypoints": 9}}
{"target": -1486.0588085720092, "params": {"k_pid_pos": [0.0824081152677536, 1.0, 0.046661972999572754], "k_pid_alt": [1.921183705329895, 0.9856573343276978, 0.0], "k_pid_att": [96.2409896850586, 9.999999747378752e-05, 0.0], "k_pid_yaw": [0.5, 1e-06, 0.1], "k_pid_hsp": [0.2762771248817444, 0.0, 0.0], "k_pid_vsp": [6.168854236602783, 400.0, 400.0]}, "datetime": {"datetime": "2025-08-20 14:39:40", "elapsed": 10034.595157384872, "delta": 25.38464045524597}, "costs": {"total_cost": 1486.0588085720092, "time_cost": 150, "final_distance_cost": 14.2880508923487, "oscillation_cost": 59.15888630430023, "completition_cost": 1000.0, "overshoot_cost": 139.61442967069962, "power_cost": 31.046968872070313, "noise_cost": 91.95047283259063, "n_waypoints_completed": 0, "tot_waypoints": 9}}
{"target": -1497.0768939781963, "params": {"k_pid_pos": [9.999999747378752e-05, 1.0, 0.0], "k_pid_alt": [2.0, 1.0, 0.0], "k_pid_att": [99.02970123291016, 9.999999747378752e-05, 0.0], "k_pid_yaw": [0.5, 1e-06, 0.1], "k_pid_hsp": [0.24521270394325256, 0.0011893510818481445, 0.010151326656341553], "k_pid_vsp": [0.0, 382.73419189453125, 388.701416015625]}, "datetime": {"datetime": "2025-08-20 14:40:04", "elapsed": 10059.033173799515, "delta": 24.438016414642334}, "costs": {"total_cost": 1497.0768939781963, "time_cost": 150, "final_distance_cost": 32.18580168108481, "oscillation_cost": 80.26114765515236, "completition_cost": 1000.0, "overshoot_cost": 146.11636999611062, "power_cost": 21.052592639160157, "noise_cost": 67.46098200668834, "n_waypoints_completed": 0, "tot_waypoints": 9}}
{"target": -1485.7075322806993, "params": {"k_pid_pos": [9.999999747378752e-05, 0.9897851943969727, 0.03987583518028259], "k_pid_alt": [2.0, 0.9951719045639038, 0.0], "k_pid_att": [100.0, 0.0029401329811662436, 0.0], "k_pid_yaw": [0.5, 1e-06, 0.1], "k_pid_hsp": [0.5374478101730347, 0.05558645725250244, 0.023034721612930298], "k_pid_vsp": [0.0, 396.6183166503906, 400.0]}, "datetime": {"datetime": "2025-08-20 14:40:29", "elapsed": 10083.539192914963, "delta": 24.506019115447998}, "costs": {"total_cost": 1485.7075322806993, "time_cost": 150, "final_distance_cost": 26.708910921387442, "oscillation_cost": 91.45496540815331, "completition_cost": 1000.0, "overshoot_cost": 143.93590270808497, "power_cost": 16.745669848632815, "noise_cost": 56.86208339444083, "n_waypoints_completed": 0, "tot_waypoints": 9}}
{"target": -1924.3754894292586, "params": {"k_pid_pos": [0.07407782226800919, 1.0, 0.0], "k_pid_alt": [2.0, 1.0, 0.053056925535202026], "k_pid_att": [90.69070434570312, 0.13657329976558685, 0.0], "k_pid_yaw": [0.5, 1e-06, 0.1], "k_pid_hsp": [9.999999747378752e-05, 0.0, 0.0], "k_pid_vsp": [2.5118350982666016, 384.046875, 400.0]}, "datetime": {"datetime": "2025-08-20 14:40:55", "elapsed": 10109.531206130981, "delta": 25.992013216018677}, "costs": {"total_cost": 1924.3754894292586, "time_cost": 150, "final_distance_cost": 324.1360685507744, "oscillation_cost": 24.157628525474703, "completition_cost": 1000.0, "overshoot_cost": 359.40893920978664, "power_cost": 37.868068139648436, "noise_cost": 28.804785003574423, "n_waypoints_completed": 0, "tot_waypoints": 9}}
{"target": -1412.6255301151798, "params": {"k_pid_pos": [9.999999747378752e-05, 1.0, 0.054180532693862915], "k_pid_alt": [2.0, 0.9380502104759216, 0.020943641662597656], "k_pid_att": [89.40148162841797, 9.999999747378752e-05, 0.008563101291656494], "k_pid_yaw": [0.5, 1e-06, 0.1], "k_pid_hsp": [9.999999747378752e-05, 0.039664238691329956, 0.0], "k_pid_vsp": [0.0, 366.7512512207031, 388.0804443359375]}, "datetime": {"datetime": "2025-08-20 14:41:25", "elapsed": 10140.30172085762, "delta": 30.770514726638794}, "costs": {"total_cost": 1412.6255301151798, "time_cost": 150, "final_distance_cost": 6.555533082327123, "oscillation_cost": 31.11616523080515, "completition_cost": 1000.0, "overshoot_cost": 156.19324182200523, "power_cost": 15.861356091308595, "noise_cost": 52.8992338887335, "n_waypoints_completed": 0, "tot_waypoints": 9}}
{"target": -1449.8799924391687, "params": {"k_pid_pos": [0.16966512799263, 0.948369026184082, 0.0], "k_pid_alt": [2.0, 1.0, 0.0], "k_pid_att": [100.0, 0.7268930077552795, 0.07910361886024475], "k_pid_yaw": [0.5, 1e-06, 0.1], "k_pid_hsp": [0.29458242654800415, 0.0, 0.02166461944580078], "k_pid_vsp": [0.0, 400.0, 400.0]}, "datetime": {"datetime": "2025-08-20 14:41:54", "elapsed": 10168.636734247208, "delta": 28.335013389587402}, "costs": {"total_cost": 1449.8799924391687, "time_cost": 150, "final_distance_cost": 5.078001571225241, "oscillation_cost": 73.78254936198911, "completition_cost": 1000.0, "overshoot_cost": 139.26190115840393, "power_cost": 19.011074047851565, "noise_cost": 62.74646629969882, "n_waypoints_completed": 0, "tot_waypoints": 9}}
{"target": -1469.544174441277, "params": {"k_pid_pos": [9.999999747378752e-05, 0.9701876640319824, 0.059232622385025024], "k_pid_alt": [1.9589028358459473, 0.9838643670082092, 0.0], "k_pid_att": [100.0, 0.3236164450645447, 0.0], "k_pid_yaw": [0.5, 1e-06, 0.1], "k_pid_hsp": [0.28877580165863037, 0.08615872263908386, 0.022815704345703125], "k_pid_vsp": [19.718265533447266, 390.0923156738281, 388.5245361328125]}, "datetime": {"datetime": "2025-08-20 14:42:23", "elapsed": 10197.539210557938, "delta": 28.90247631072998}, "costs": {"total_cost": 1469.544174441277, "time_cost": 150, "final_distance_cost": 5.665839526043167, "oscillation_cost": 88.67562925977819, "completition_cost": 1000.0, "overshoot_cost": 141.19736392158015, "power_cost": 19.680877612304688, "noise_cost": 64.32446412157108, "n_waypoints_completed": 0, "tot_waypoints": 9}}
{"target": -1462.0749783772244, "params": {"k_pid_pos": [0.03568350523710251, 1.0, 0.0], "k_pid_alt": [1.9563686847686768, 0.969530463218689, 0.0], "k_pid_att": [100.0, 0.829838752746582, 0.0], "k_pid_yaw": [0.5, 1e-06, 0.1], "k_pid_hsp": [0.043789174407720566, 0.021287530660629272, 0.0], "k_pid_vsp": [22.77114486694336, 388.5665588378906, 388.5903015136719]}, "datetime": {"datetime": "2025-08-20 14:42:48", "elapsed": 10223.358800411224, "delta": 25.819589853286743}, "costs": {"total_cost": 1462.0749783772244, "time_cost": 150, "final_distance_cost": 19.018306639469735, "oscillation_cost": 44.18408953005318, "completition_cost": 1000.0, "overshoot_cost": 142.98685152489418, "power_cost": 26.309719775390626, "noise_cost": 79.57601090741657, "n_waypoints_completed": 0, "tot_waypoints": 9}}
