{"target": -1509.766023597683, "params": {"k_pid_pos": [0.06851615756750107, 0.9636038541793823, 0.0], "k_pid_alt": [2.0, 0.9536871910095215, 0.06853139400482178], "k_pid_att": [100.0, 0.8465076088905334, 0.0], "k_pid_yaw": [0.5, 1e-06, 0.1], "k_pid_hsp": [0.8994285464286804, 0.0, 0.07098469138145447], "k_pid_vsp": [0.0, 400.0, 377.5829772949219]}, "datetime": {"datetime": "2025-08-20 14:20:50", "elapsed": 8905.075731039047, "delta": 23.690173864364624}, "costs": {"total_cost": 1509.766023597683, "time_cost": 150, "final_distance_cost": 13.481719212043219, "oscillation_cost": 138.5683152127353, "completition_cost": 1000.0, "overshoot_cost": 135.24155686837614, "power_cost": 22.290824414062502, "noise_cost": 50.183607890466, "n_waypoints_completed": 0, "tot_waypoints": 9}}
{"target": -1929.1219755155691, "params": {"k_pid_pos": [0.009709039703011513, 1.0, 0.0], "k_pid_alt": [1.9971481561660767, 0.9748044013977051, 0.05046921968460083], "k_pid_att": [92.39094543457031, 9.999999747378752e-05, 0.0], "k_pid_yaw": [0.5, 1e-06, 0.1], "k_pid_hsp": [9.999999747378752e-05, 0.0, 0.017834097146987915], "k_pid_vsp": [18.797183990478516, 394.5727844238281, 393.9676818847656]}, "datetime": {"datetime": "2025-08-20 14:21:16", "elapsed": 8930.895879745483, "delta": 25.820148706436157}, "costs": {"total_cost": 1929.1219755155691, "time_cost": 150, "final_distance_cost": 330.68649649086143, "oscillation_cost": 13.527588128596605, "completition_cost": 1000.0, "overshoot_cost": 371.4787007660962, "power_cost": 36.742267492675786, "noise_cost": 26.686922637339226, "n_waypoints_completed": 0, "tot_waypoints": 9}}
{"target": -4752.198276548335, "params": {"k_pid_pos": [0.022798102349042892, 0.971558153629303, 0.0], "k_pid_alt": [1.9252568483352661, 1.0, 0.12609606981277466], "k_pid_att": [95.31961822509766, 9.999999747378752e-05, 0.009269356727600098], "k_pid_yaw": [0.5, 1e-06, 0.1], "k_pid_hsp": [9.999999747378752e-05, 0.0, 0.03485485911369324], "k_pid_vsp": [0.0, 398.5212707519531, 400.0]}, "datetime": {"datetime": "2025-08-20 14:21:40", "elapsed": 8954.690239667892, "delta": 23.794359922409058}, "costs": {"total_cost": 4752.198276548335, "time_cost": 150, "final_distance_cost": 1329.4284729919573, "oscillation_cost": 65.77425350427261, "completition_cost": 1000.0, "overshoot_cost": 2168.680461482741, "power_cost": 21.47149362792969, "noise_cost": 16.84359494143544, "n_waypoints_completed": 0, "tot_waypoints": 9}}
{"target": -1329.3613028505974, "params": {"k_pid_pos": [0.05876651406288147, 0.9332520961761475, 0.1000635027885437], "k_pid_alt": [1.884840965270996, 0.9892398715019226, 0.009268134832382202], "k_pid_att": [100.0, 9.999999747378752e-05, 0.0], "k_pid_yaw": [0.5, 1e-06, 0.1], "k_pid_hsp": [0.09855158627033234, 0.012155085802078247, 0.04497763514518738], "k_pid_vsp": [1.3795852661132812, 400.0, 400.0]}, "datetime": {"datetime": "2025-08-20 14:22:03", "elapsed": 8978.191288471222, "delta": 23.501048803329468}, "costs": {"total_cost": 1329.3613028505974, "time_cost": 150, "final_distance_cost": 55.951375191890804, "oscillation_cost": 125.38939582838893, "completition_cost": 888.8888888888888, "overshoot_cost": 66.733933255124, "power_cost": 23.376370629882814, "noise_cost": 19.02133905642216, "n_waypoints_completed": 1, "tot_waypoints": 9}}
{"target": -3163.720852890553, "params": {"k_pid_pos": [0.007014209870249033, 0.9613140225410461, 0.0], "k_pid_alt": [2.0, 1.0, 0.03782683610916138], "k_pid_att": [98.23381042480469, 9.999999747378752e-05, 0.07129263877868652], "k_pid_yaw": [0.5, 1e-06, 0.1], "k_pid_hsp": [9.999999747378752e-05, 0.02771550416946411, 0.08639496564865112], "k_pid_vsp": [0.2088308334350586, 360.9613342285156, 400.0]}, "datetime": {"datetime": "2025-08-20 14:22:26", "elapsed": 9001.141792058945, "delta": 22.95050358772278}, "costs": {"total_cost": 3163.720852890553, "time_cost": 150, "final_distance_cost": 629.004911353658, "oscillation_cost": 363.38527657020404, "completition_cost": 1000.0, "overshoot_cost": 982.0807573153636, "power_cost": 21.764537719726565, "noise_cost": 17.485369931601213, "n_waypoints_completed": 0, "tot_waypoints": 9}}
{"target": -1488.6674872929377, "params": {"k_pid_pos": [9.999999747378752e-05, 0.9731767177581787, 0.002746075391769409], "k_pid_alt": [2.0, 1.0, 0.0], "k_pid_att": [93.120849609375, 0.06322366744279861, 0.00044795870780944824], "k_pid_yaw": [0.5, 1e-06, 0.1], "k_pid_hsp": [0.2286803275346756, 0.0, 0.023541957139968872], "k_pid_vsp": [0.0, 400.0, 400.0]}, "datetime": {"datetime": "2025-08-20 14:22:50", "elapsed": 9024.743468284607, "delta": 23.60167622566223}, "costs": {"total_cost": 1488.6674872929377, "time_cost": 150, "final_distance_cost": 8.67636154276753, "oscillation_cost": 93.04705583809954, "completition_cost": 1000.0, "overshoot_cost": 140.09368135596958, "power_cost": 24.0611345703125, "noise_cost": 72.7892539857885, "n_waypoints_completed": 0, "tot_waypoints": 9}}
{"target": -1483.9238033266142, "params": {"k_pid_pos": [9.999999747378752e-05, 1.0, 0.0016044378280639648], "k_pid_alt": [2.0, 0.9802547097206116, 0.07830220460891724], "k_pid_att": [96.9906997680664, 9.999999747378752e-05, 0.0], "k_pid_yaw": [0.5, 1e-06, 0.1], "k_pid_hsp": [9.999999747378752e-05, 0.07395446300506592, 0.0], "k_pid_vsp": [0.0, 400.0, 388.99444580078125]}, "datetime": {"datetime": "2025-08-20 14:23:15", "elapsed": 9050.378291606903, "delta": 25.634823322296143}, "costs": {"total_cost": 1483.9238033266142, "time_cost": 150, "final_distance_cost": 22.726040697337716, "oscillation_cost": 41.77980966448825, "completition_cost": 1000.0, "overshoot_cost": 146.880633471452, "power_cost": 30.948995666503908, "noise_cost": 91.58832382683246, "n_waypoints_completed": 0, "tot_waypoints": 9}}
{"target": -1861.202002003529, "params": {"k_pid_pos": [9.999999747378752e-05, 1.0, 0.0], "k_pid_alt": [2.0, 1.0, 0.0622178316116333], "k_pid_att": [100.0, 9.999999747378752e-05, 0.0], "k_pid_yaw": [0.5, 1e-06, 0.1], "k_pid_hsp": [9.999999747378752e-05, 0.0, 0.022142797708511353], "k_pid_vsp": [5.870723724365234, 400.0, 400.0]}, "datetime": {"datetime": "2025-08-20 14:23:39", "elapsed": 9073.812870502472, "delta": 23.434578895568848}, "costs": {"total_cost": 1861.202002003529, "time_cost": 150, "final_distance_cost": 327.9844639687492, "oscillation_cost": 58.13595529273783, "completition_cost": 888.8888888888888, "overshoot_cost": 373.96803723158104, "power_cost": 36.33608472900391, "noise_cost": 25.888571892568034, "n_waypoints_completed": 1, "tot_waypoints": 9}}
{"target": -1940.1255090068341, "params": {"k_pid_pos": [0.13190259039402008, 0.9353219270706177, 0.0], "k_pid_alt": [2.0, 0.9976494312286377, 0.0], "k_pid_att": [100.0, 9.999999747378752e-05, 0.0], "k_pid_yaw": [0.5, 1e-06, 0.1], "k_pid_hsp": [9.999999747378752e-05, 0.0, 0.0], "k_pid_vsp": [5.38790225982666, 400.0, 400.0]}, "datetime": {"datetime": "2025-08-20 14:24:06", "elapsed": 9101.26649570465, "delta": 27.453625202178955}, "costs": {"total_cost": 1940.1255090068341, "time_cost": 150, "final_distance_cost": 342.93811425552, "oscillation_cost": 31.100478994866037, "completition_cost": 1000.0, "overshoot_cost": 390.9419231485171, "power_cost": 11.583731518554687, "noise_cost": 13.561261089376416, "n_waypoints_completed": 0, "tot_waypoints": 9}}
{"target": -1491.5834704520855, "params": {"k_pid_pos": [9.999999747378752e-05, 0.9556236863136292, 0.020794570446014404], "k_pid_alt": [1.914665699005127, 1.0, 0.03373998403549194], "k_pid_att": [96.31439208984375, 0.48155584931373596, 0.08114820718765259], "k_pid_yaw": [0.5, 1e-06, 0.1], "k_pid_hsp": [0.8036227822303772, 0.014411211013793945, 0.0], "k_pid_vsp": [0.0, 400.0, 400.0]}, "datetime": {"datetime": "2025-08-20 14:24:30", "elapsed": 9124.848596334457, "delta": 23.58210062980652}, "costs": {"total_cost": 1491.5834704520855, "time_cost": 150, "final_distance_cost": 11.965473091273235, "oscillation_cost": 64.7971920533637, "completition_cost": 1000.0, "overshoot_cost": 139.48777985311855, "power_cost": 31.718159765625, "noise_cost": 93.61486568870508, "n_waypoints_completed": 0, "tot_waypoints": 9}}
{"target": -1822.929793123986, "params": {"k_pid_pos": [9.999999747378752e-05, 0.9965088367462158, 0.0], "k_pid_alt": [1.911169409751892, 0.9898561239242554, 0.0], "k_pid_att": [86.84318542480469, 0.7072150111198425, 0.0336889922618866], "k_pid_yaw": [0.5, 1e-06, 0.1], "k_pid_hsp": [9.999999747378752e-05, 0.014372020959854126, 0.01033008098602295], "k_pid_vsp": [0.0, 400.0, 397.8021240234375]}, "datetime": {"datetime": "2025-08-20 14:24:54", "elapsed": 9148.883388519287, "delta": 24.034792184829712}, "costs": {"total_cost": 1822.929793123986, "time_cost": 150, "final_distance_cost": 290.8473015608644, "oscillation_cost": 29.0511798648488, "completition_cost": 1000.0, "overshoot_cost": 327.9626537778814, "power_cost": 12.030038159179687, "noise_cost": 13.038619761211702, "n_waypoints_completed": 0, "tot_waypoints": 9}}
{"target": -1428.9675588071723, "params": {"k_pid_pos": [9.999999747378752e-05, 0.9766139984130859, 0.0], "k_pid_alt": [1.9071422815322876, 0.9808876514434814, 0.0], "k_pid_att": [100.0, 9.999999747378752e-05, 0.009784698486328125], "k_pid_yaw": [0.5, 1e-06, 0.1], "k_pid_hsp": [0.034069839864969254, 0.0, 0.0], "k_pid_vsp": [7.433974742889404, 394.72039794921875, 400.0]}, "datetime": {"datetime": "2025-08-20 14:25:17", "elapsed": 9172.31804060936, "delta": 23.434652090072632}, "costs": {"total_cost": 1428.9675588071723, "time_cost": 150, "final_distance_cost": 14.908593024353692, "oscillation_cost": 39.51757714480782, "completition_cost": 1000.0, "overshoot_cost": 140.59883662951796, "power_cost": 20.478118469238282, "noise_cost": 63.46443353925426, "n_waypoints_completed": 0, "tot_waypoints": 9}}
{"target": -1423.280560247541, "params": {"k_pid_pos": [9.999999747378752e-05, 0.9971408843994141, 0.04104611277580261], "k_pid_alt": [1.8763340711593628, 1.0, 0.009881258010864258], "k_pid_att": [91.52714538574219, 0.12090340256690979, 0.0], "k_pid_yaw": [0.5, 1e-06, 0.1], "k_pid_hsp": [0.04828719049692154, 0.013247758150100708, 0.0], "k_pid_vsp": [0.0, 400.0, 400.0]}, "datetime": {"datetime": "2025-08-20 14:25:41", "elapsed": 9195.735622167587, "delta": 23.41758155822754}, "costs": {"total_cost": 1423.280560247541, "time_cost": 150, "final_distance_cost": 7.827135738051167, "oscillation_cost": 43.74453116743986, "completition_cost": 1000.0, "overshoot_cost": 141.88869241494766, "power_cost": 18.717549780273437, "noise_cost": 61.10265114682888, "n_waypoints_completed": 0, "tot_waypoints": 9}}
{"target": -1445.8681407211761, "params": {"k_pid_pos": [9.999999747378752e-05, 0.949676513671875, 0.03880023956298828], "k_pid_alt": [1.9978420734405518, 0.9547346830368042, 0.07875016331672668], "k_pid_att": [98.05363464355469, 9.999999747378752e-05, 0.0], "k_pid_yaw": [0.5, 1e-06, 0.1], "k_pid_hsp": [9.999999747378752e-05, 0.03422841429710388, 0.0], "k_pid_vsp": [3.771340847015381, 357.6236572265625, 400.0]}, "datetime": {"datetime": "2025-08-20 14:26:05", "elapsed": 9219.80382347107, "delta": 24.068201303482056}, "costs": {"total_cost": 1445.8681407211761, "time_cost": 150, "final_distance_cost": 23.83345576043884, "oscillation_cost": 28.81147355756652, "completition_cost": 1000.0, "overshoot_cost": 148.36021649079075, "power_cost": 38.08182534179688, "noise_cost": 56.781169570583224, "n_waypoints_completed": 0, "tot_waypoints": 9}}
{"target": -1436.6134634406667, "params": {"k_pid_pos": [9.999999747378752e-05, 0.9613995552062988, 0.024782508611679077], "k_pid_alt": [2.0, 0.9551661610603333, 0.07132840156555176], "k_pid_att": [89.29127502441406, 9.999999747378752e-05, 0.0], "k_pid_yaw": [0.5, 1e-06, 0.1], "k_pid_hsp": [0.14617998898029327, 0.07610246539115906, 0.0], "k_pid_vsp": [0.0, 400.0, 381.36578369140625]}, "datetime": {"datetime": "2025-08-20 14:26:30", "elapsed": 9245.348989248276, "delta": 25.54516577720642}, "costs": {"total_cost": 1436.6134634406667, "time_cost": 150, "final_distance_cost": 8.094209420145743, "oscillation_cost": 53.374296916529886, "completition_cost": 1000.0, "overshoot_cost": 142.09940537461583, "power_cost": 19.414451770019532, "noise_cost": 63.63109995935577, "n_waypoints_completed": 0, "tot_waypoints": 9}}
{"target": -1482.3075279167529, "params": {"k_pid_pos": [0.027925632894039154, 0.9790312051773071, 0.0], "k_pid_alt": [1.991653323173523, 0.9220084547996521, 0.0], "k_pid_att": [99.65161895751953, 9.999999747378752e-05, 0.014172255992889404], "k_pid_yaw": [0.5, 1e-06, 0.1], "k_pid_hsp": [0.07486464083194733, 0.0, 0.06080248951911926], "k_pid_vsp": [0.0, 373.9613037109375, 400.0]}, "datetime": {"datetime": "2025-08-20 14:26:56", "elapsed": 9271.174966812134, "delta": 25.825977563858032}, "costs": {"total_cost": 1482.3075279167529, "time_cost": 150, "final_distance_cost": 56.92042953210216, "oscillation_cost": 150.41646203620158, "completition_cost": 1000.0, "overshoot_cost": 85.68690676305192, "power_cost": 21.908091137695312, "noise_cost": 17.37563844770221, "n_waypoints_completed": 0, "tot_waypoints": 9}}
{"target": -1922.1521484558991, "params": {"k_pid_pos": [9.999999747378752e-05, 0.9923592805862427, 0.0], "k_pid_alt": [1.8627063035964966, 0.9909297823905945, 0.0], "k_pid_att": [100.0, 0.025076182559132576, 0.025387167930603027], "k_pid_yaw": [0.5, 1e-06, 0.1], "k_pid_hsp": [9.999999747378752e-05, 0.0, 0.0], "k_pid_vsp": [5.023670196533203, 400.0, 400.0]}, "datetime": {"datetime": "2025-08-20 14:27:20", "elapsed": 9294.84086060524, "delta": 23.66589379310608}, "costs": {"total_cost": 1922.1521484558991, "time_cost": 150, "final_distance_cost": 336.5636989669987, "oscillation_cost": 30.9554332005468, "completition_cost": 1000.0, "overshoot_cost": 378.83405140199176, "power_cost": 11.752556201171876, "noise_cost": 14.046408685189833, "n_waypoints_completed": 0, "tot_waypoints": 9}}
{"target": -1389.2088615187363, "params": {"k_pid_pos": [0.010546919889748096, 0.9892597794532776, 0.0], "k_pid_alt": [2.0, 0.9436424970626831, 0.0], "k_pid_att": [95.34131622314453, 0.36236146092414856, 0.036162495613098145], "k_pid_yaw": [0.5, 1e-06, 0.1], "k_pid_hsp": [0.2239665538072586, 0.0, 0.0], "k_pid_vsp": [33.2286491394043, 398.4026794433594, 398.8191223144531]}, "datetime": {"datetime": "2025-08-20 14:27:43", "elapsed": 9318.308948516846, "delta": 23.468087911605835}, "costs": {"total_cost": 1389.2088615187363, "time_cost": 150, "final_distance_cost": 11.168713311986608, "oscillation_cost": 58.52613662994331, "completition_cost": 1000.0, "overshoot_cost": 140.34059568415083, "power_cost": 3.6137943603515628, "noise_cost": 25.559621532303687, "n_waypoints_completed": 0, "tot_waypoints": 9}}
{"target": -1488.5842588757205, "params": {"k_pid_pos": [9.999999747378752e-05, 0.9928603768348694, 0.030521243810653687], "k_pid_alt": [1.9757598638534546, 1.0, 0.0], "k_pid_att": [100.0, 0.24544814229011536, 0.0], "k_pid_yaw": [0.5, 1e-06, 0.1], "k_pid_hsp": [0.2730248272418976, 0.01270747184753418, 0.007897764444351196], "k_pid_vsp": [0.0, 400.0, 400.0]}, "datetime": {"datetime": "2025-08-20 14:28:07", "elapsed": 9342.426758766174, "delta": 24.117810249328613}, "costs": {"total_cost": 1488.5842588757205, "time_cost": 150, "final_distance_cost": 28.960517271412705, "oscillation_cost": 79.76258071948048, "completition_cost": 1000.0, "overshoot_cost": 146.08040177188562, "power_cost": 19.607366662597656, "noise_cost": 64.17339245034412, "n_waypoints_completed": 0, "tot_waypoints": 9}}
{"target": -1922.7415869160059, "params": {"k_pid_pos": [0.08660847693681717, 0.962438702583313, 0.0], "k_pid_alt": [1.811720848083496, 0.8904425501823425, 0.06061407923698425], "k_pid_att": [98.5728759765625, 0.6441843509674072, 0.0], "k_pid_yaw": [0.5, 1e-06, 0.1], "k_pid_hsp": [9.999999747378752e-05, 0.0, 0.0], "k_pid_vsp": [3.09755802154541, 366.9685363769531, 400.0]}, "datetime": {"datetime": "2025-08-20 14:28:31", "elapsed": 9365.560135364532, "delta": 23.133376598358154}, "costs": {"total_cost": 1922.7415869160059, "time_cost": 150, "final_distance_cost": 325.1587153970671, "oscillation_cost": 25.09369442111595, "completition_cost": 1000.0, "overshoot_cost": 355.53690965024117, "power_cost": 37.851279101562504, "noise_cost": 29.100988346019154, "n_waypoints_completed": 0, "tot_waypoints": 9}}
{"target": -2484.7202838331705, "params": {"k_pid_pos": [0.04451379179954529, 0.9923073053359985, 0.0], "k_pid_alt": [1.851865530014038, 1.0, 0.0], "k_pid_att": [90.90670013427734, 0.5117259621620178, 0.011250048875808716], "k_pid_yaw": [0.5, 1e-06, 0.1], "k_pid_hsp": [9.999999747378752e-05, 0.0, 0.07120352983474731], "k_pid_vsp": [13.727140426635742, 400.0, 398.7711486816406]}, "datetime": {"datetime": "2025-08-20 14:28:57", "elapsed": 9391.979124307632, "delta": 26.418988943099976}, "costs": {"total_cost": 2484.7202838331705, "time_cost": 150, "final_distance_cost": 383.9287121706896, "oscillation_cost": 338.33151925910005, "completition_cost": 1000.0, "overshoot_cost": 573.410826992642, "power_cost": 21.663315441894532, "noise_cost": 17.38590996884414, "n_waypoints_completed": 0, "tot_waypoints": 9}}
{"target": -1393.849392961358, "params": {"k_pid_pos": [9.999999747378752e-05, 1.0, 0.0], "k_pid_alt": [2.0, 1.0, 0.0], "k_pid_att": [100.0, 0.7502831220626831, 0.0], "k_pid_yaw": [0.5, 1e-06, 0.1], "k_pid_hsp": [0.24086250364780426, 0.05815213918685913, 0.0], "k_pid_vsp": [32.89402770996094, 400.0, 391.23626708984375]}, "datetime": {"datetime": "2025-08-20 14:29:21", "elapsed": 9415.83064198494, "delta": 23.85151767730713}, "costs": {"total_cost": 1393.849392961358, "time_cost": 150, "final_distance_cost": 14.37177012532688, "oscillation_cost": 60.64021032379822, "completition_cost": 1000.0, "overshoot_cost": 141.37233159009676, "power_cost": 3.0273535766601563, "noise_cost": 24.437727345476006, "n_waypoints_completed": 0, "tot_waypoints": 9}}
{"target": -1493.4159108054994, "params": {"k_pid_pos": [9.999999747378752e-05, 1.0, 0.0], "k_pid_alt": [2.0, 0.9273620247840881, 0.0], "k_pid_att": [100.0, 0.026287037879228592, 0.009897738695144653], "k_pid_yaw": [0.5, 1e-06, 0.1], "k_pid_hsp": [9.999999747378752e-05, 0.0575098991394043, 0.0], "k_pid_vsp": [10.656428337097168, 400.0, 400.0]}, "datetime": {"datetime": "2025-08-20 14:29:46", "elapsed": 9440.800347566605, "delta": 24.96970558166504}, "costs": {"total_cost": 1493.4159108054994, "time_cost": 150, "final_distance_cost": 30.56329212082047, "oscillation_cost": 35.76728414128705, "completition_cost": 1000.0, "overshoot_cost": 149.81290434801298, "power_cost": 32.497792724609376, "noise_cost": 94.77463747076939, "n_waypoints_completed": 0, "tot_waypoints": 9}}
{"target": -1466.6481110276734, "params": {"k_pid_pos": [9.999999747378752e-05, 0.9178179502487183, 0.007163524627685547], "k_pid_alt": [1.9846150875091553, 1.0, 0.09022703766822815], "k_pid_att": [93.91167449951172, 0.4640409052371979, 0.0], "k_pid_yaw": [0.5, 1e-06, 0.1], "k_pid_hsp": [0.8040793538093567, 0.0, 0.0], "k_pid_vsp": [1.4653682708740234, 400.0, 400.0]}, "datetime": {"datetime": "2025-08-20 14:30:11", "elapsed": 9465.949655532837, "delta": 25.1493079662323}, "costs": {"total_cost": 1466.6481110276734, "time_cost": 150, "final_distance_cost": 10.187411746003074, "oscillation_cost": 66.145777200773, "completition_cost": 1000.0, "overshoot_cost": 139.33380103609085, "power_cost": 24.59501511230469, "noise_cost": 76.38610593250188, "n_waypoints_completed": 0, "tot_waypoints": 9}}
{"target": -1656.8917997466801, "params": {"k_pid_pos": [9.999999747378752e-05, 0.9717307090759277, 0.003443390130996704], "k_pid_alt": [1.835201621055603, 0.9418975114822388, 0.0], "k_pid_att": [100.0, 9.999999747378752e-05, 0.0], "k_pid_yaw": [0.5, 1e-06, 0.1], "k_pid_hsp": [9.999999747378752e-05, 0.01886656880378723, 0.0], "k_pid_vsp": [49.58963394165039, 383.7399597167969, 379.1125183105469]}, "datetime": {"datetime": "2025-08-20 14:30:34", "elapsed": 9488.85099864006, "delta": 22.90134310722351}, "costs": {"total_cost": 1656.8917997466801, "time_cost": 150, "final_distance_cost": 214.7383834303246, "oscillation_cost": 31.83760998861001, "completition_cost": 1000.0, "overshoot_cost": 232.7895494943986, "power_cost": 13.26177703857422, "noise_cost": 14.26447979477278, "n_waypoints_completed": 0, "tot_waypoints": 9}}
{"target": -2028.2347720253051, "params": {"k_pid_pos": [0.018635043874382973, 1.0, 0.12315699458122253], "k_pid_alt": [1.9571399688720703, 0.964151918888092, 0.0001583397388458252], "k_pid_att": [100.0, 9.999999747378752e-05, 0.0], "k_pid_yaw": [0.5, 1e-06, 0.1], "k_pid_hsp": [0.06798156350851059, 0.0, 0.06438806653022766], "k_pid_vsp": [0.0, 389.763427734375, 391.8007507324219]}, "datetime": {"datetime": "2025-08-20 14:30:59", "elapsed": 9513.711581230164, "delta": 24.86058259010315}, "costs": {"total_cost": 2028.2347720253051, "time_cost": 150, "final_distance_cost": 261.7646770728966, "oscillation_cost": 189.5911417159843, "completition_cost": 1000.0, "overshoot_cost": 388.9767016958099, "power_cost": 21.028160278320314, "noise_cost": 16.87409126229418, "n_waypoints_completed": 0, "tot_waypoints": 9}}
{"target": -2001.9827261501289, "params": {"k_pid_pos": [0.01090274192392826, 0.904008150100708, 0.0], "k_pid_alt": [1.9186906814575195, 1.0, 0.028491586446762085], "k_pid_att": [100.0, 0.2966277301311493, 0.0], "k_pid_yaw": [0.5, 1e-06, 0.1], "k_pid_hsp": [9.999999747378752e-05, 0.011303752660751343, 0.015587270259857178], "k_pid_vsp": [9.96803092956543, 400.0, 389.0959777832031]}, "datetime": {"datetime": "2025-08-20 14:31:27", "elapsed": 9542.020337820053, "delta": 28.308756589889526}, "costs": {"total_cost": 2001.9827261501289, "time_cost": 150, "final_distance_cost": 345.63769042784355, "oscillation_cost": 35.13068443071504, "completition_cost": 1000.0, "overshoot_cost": 406.31952444821195, "power_cost": 37.93900406494141, "noise_cost": 26.955822778416948, "n_waypoints_completed": 0, "tot_waypoints": 9}}
