{"target": -218.22991110338833, "params": {"k_pid_pos": [0.699999988079071, 0.009999999776482582, 0.09000000357627869], "k_pid_alt": [0.699999988079071, 0.0, 0.10000000149011612], "k_pid_att": [20.0, 1.0, 0.009999999776482582], "k_pid_yaw": [0.5, 1e-06, 0.1], "k_pid_hsp": [1.0, 0.009999999776482582, 0.009999999776482582], "k_pid_vsp": [150.0, 10.0, 1.0]}, "datetime": {"datetime": "2025-08-20 11:52:46", "elapsed": 20.861656427383423, "delta": 20.861656427383423}, "costs": {"total_cost": 218.22991110338833, "time_cost": 80.504, "final_distance_cost": 1.8454398042506677, "oscillation_cost": 57.71307676324439, "completition_cost": 0.0, "overshoot_cost": 51.57672658856848, "power_cost": 13.564873120117188, "noise_cost": 13.025794827207589, "n_waypoints_completed": 9, "tot_waypoints": 9}}
{"target": -1035.0719604979206, "params": {"k_pid_pos": [9.999999747378752e-05, 0.5402432084083557, 0.9515527486801147], "k_pid_alt": [1.9976001977920532, 0.30929669737815857, 0.42526692152023315], "k_pid_att": [2.1586508750915527, 0.7798440456390381, 1.0], "k_pid_yaw": [0.5, 1e-06, 0.1], "k_pid_hsp": [8.684911727905273, 0.0, 0.1430525779724121], "k_pid_vsp": [28.643047332763672, 397.1890563964844, 9.999999974752427e-07]}, "datetime": {"datetime": "2025-08-20 11:53:14", "elapsed": 49.381646394729614, "delta": 28.51998996734619}, "costs": {"total_cost": 1035.0719604979206, "time_cost": 150, "final_distance_cost": 53.35953450784496, "oscillation_cost": 60.30041988354248, "completition_cost": 666.6666666666667, "overshoot_cost": 73.38322886203359, "power_cost": 17.03320499267578, "noise_cost": 14.328905585157191, "n_waypoints_completed": 3, "tot_waypoints": 9}}
{"target": -1263.0828601697774, "params": {"k_pid_pos": [9.999999747378752e-05, 0.9001647233963013, 0.08538201451301575], "k_pid_alt": [1.9782261848449707, 0.990017294883728, 0.09405869245529175], "k_pid_att": [5.13138484954834, 0.16666172444820404, 0.9453611373901367], "k_pid_yaw": [0.5, 1e-06, 0.1], "k_pid_hsp": [9.71406078338623, 0.05267679691314697, 0.0], "k_pid_vsp": [2.8733015060424805, 400.0, 16.813507080078125]}, "datetime": {"datetime": "2025-08-20 11:53:41", "elapsed": 75.76463031768799, "delta": 26.382983922958374}, "costs": {"total_cost": 1263.0828601697774, "time_cost": 150, "final_distance_cost": 64.62699513004615, "oscillation_cost": 71.56716267512586, "completition_cost": 888.8888888888888, "overshoot_cost": 50.489103238133005, "power_cost": 22.49499969482422, "noise_cost": 15.015710542759294, "n_waypoints_completed": 1, "tot_waypoints": 9}}
{"target": -1348.2112214180645, "params": {"k_pid_pos": [9.999999747378752e-05, 1.0, 0.017349272966384888], "k_pid_alt": [2.0, 0.9525848627090454, 0.0], "k_pid_att": [2.172031879425049, 9.999999747378752e-05, 1.0], "k_pid_yaw": [0.5, 1e-06, 0.1], "k_pid_hsp": [8.858792304992676, 0.008667349815368652, 0.0335620641708374], "k_pid_vsp": [0.0, 386.8426818847656, 9.999999974752427e-07]}, "datetime": {"datetime": "2025-08-20 11:54:07", "elapsed": 101.75902009010315, "delta": 25.99438977241516}, "costs": {"total_cost": 1348.2112214180645, "time_cost": 150, "final_distance_cost": 49.4965796405054, "oscillation_cost": 63.23045516831109, "completition_cost": 1000.0, "overshoot_cost": 48.707486093110155, "power_cost": 22.157041027832033, "noise_cost": 14.619659488305864, "n_waypoints_completed": 0, "tot_waypoints": 9}}
{"target": -1485.3683486550276, "params": {"k_pid_pos": [0.07693858444690704, 1.0, 0.02178439497947693], "k_pid_alt": [2.0, 0.9653604030609131, 0.02572903037071228], "k_pid_att": [92.83731842041016, 0.17330102622509003, 0.9810449481010437], "k_pid_yaw": [0.5, 1e-06, 0.1], "k_pid_hsp": [0.16279730200767517, 0.0, 0.0], "k_pid_vsp": [0.0, 400.0, 390.4736633300781]}, "datetime": {"datetime": "2025-08-20 11:54:30", "elapsed": 124.88274621963501, "delta": 23.12372612953186}, "costs": {"total_cost": 1485.3683486550276, "time_cost": 150, "final_distance_cost": 9.153984217228237, "oscillation_cost": 44.15219977883758, "completition_cost": 1000.0, "overshoot_cost": 140.05458329294382, "power_cost": 36.476952258300784, "noise_cost": 105.53062910771726, "n_waypoints_completed": 0, "tot_waypoints": 9}}
{"target": -1456.7607209742632, "params": {"k_pid_pos": [9.999999747378752e-05, 0.9668161869049072, 0.0], "k_pid_alt": [2.0, 1.0, 0.0010887384414672852], "k_pid_att": [93.68350219726562, 0.07555217295885086, 0.9557545781135559], "k_pid_yaw": [0.5, 1e-06, 0.1], "k_pid_hsp": [0.7936912775039673, 0.030338138341903687, 0.030998200178146362], "k_pid_vsp": [17.059946060180664, 400.0, 388.47650146484375]}, "datetime": {"datetime": "2025-08-20 11:54:54", "elapsed": 148.53176712989807, "delta": 23.64902091026306}, "costs": {"total_cost": 1456.7607209742632, "time_cost": 150, "final_distance_cost": 10.804195411037442, "oscillation_cost": 74.63580196816154, "completition_cost": 1000.0, "overshoot_cost": 144.62231077972058, "power_cost": 18.99412144775391, "noise_cost": 57.70429136758959, "n_waypoints_completed": 0, "tot_waypoints": 9}}
{"target": -1652.5248488989512, "params": {"k_pid_pos": [0.011746820993721485, 0.9484382271766663, 0.05467742681503296], "k_pid_alt": [2.0, 0.9897925853729248, 0.041612207889556885], "k_pid_att": [97.00163269042969, 9.999999747378752e-05, 1.0], "k_pid_yaw": [0.5, 1e-06, 0.1], "k_pid_hsp": [9.999999747378752e-05, 0.0, 0.029069840908050537], "k_pid_vsp": [29.00252342224121, 400.0, 400.0]}, "datetime": {"datetime": "2025-08-20 11:55:17", "elapsed": 171.52181816101074, "delta": 22.99005103111267}, "costs": {"total_cost": 1652.5248488989512, "time_cost": 150, "final_distance_cost": 230.483055592756, "oscillation_cost": 24.676954958116966, "completition_cost": 1000.0, "overshoot_cost": 224.83963019409404, "power_cost": 11.431083361816407, "noise_cost": 11.09412479216779, "n_waypoints_completed": 0, "tot_waypoints": 9}}
{"target": -1483.8396269474513, "params": {"k_pid_pos": [9.999999747378752e-05, 0.9495562314987183, 0.05164727568626404], "k_pid_alt": [1.979379653930664, 0.9615054726600647, 0.0], "k_pid_att": [98.06259155273438, 0.16875651478767395, 1.0], "k_pid_yaw": [0.5, 1e-06, 0.1], "k_pid_hsp": [0.3446769416332245, 0.0, 0.0], "k_pid_vsp": [0.0, 393.193115234375, 400.0]}, "datetime": {"datetime": "2025-08-20 11:55:40", "elapsed": 194.51647567749023, "delta": 22.994657516479492}, "costs": {"total_cost": 1483.8396269474513, "time_cost": 150, "final_distance_cost": 13.997453480997534, "oscillation_cost": 47.43344923978083, "completition_cost": 1000.0, "overshoot_cost": 139.63296985464598, "power_cost": 33.844493859863285, "noise_cost": 98.93126051216392, "n_waypoints_completed": 0, "tot_waypoints": 9}}
{"target": -1491.5758672298803, "params": {"k_pid_pos": [9.999999747378752e-05, 1.0, 0.009718447923660278], "k_pid_alt": [1.9947010278701782, 1.0, 0.013365834951400757], "k_pid_att": [97.80628204345703, 0.11794853210449219, 0.7861459851264954], "k_pid_yaw": [0.5, 1e-06, 0.1], "k_pid_hsp": [0.9161033630371094, 0.0, 0.0], "k_pid_vsp": [0.0, 396.8206787109375, 394.3783874511719]}, "datetime": {"datetime": "2025-08-20 11:56:02", "elapsed": 217.4528307914734, "delta": 22.936355113983154}, "costs": {"total_cost": 1491.5758672298803, "time_cost": 150, "final_distance_cost": 15.526045636777148, "oscillation_cost": 54.619065328535065, "completition_cost": 1000.0, "overshoot_cost": 139.78300243476698, "power_cost": 33.455924841308594, "noise_cost": 98.19182898849247, "n_waypoints_completed": 0, "tot_waypoints": 9}}
{"target": -1448.0098830251748, "params": {"k_pid_pos": [9.999999747378752e-05, 0.9744386672973633, 0.0], "k_pid_alt": [1.9221899509429932, 0.998562753200531, 0.03138774633407593], "k_pid_att": [100.0, 9.999999747378752e-05, 0.6932803392410278], "k_pid_yaw": [0.5, 1e-06, 0.1], "k_pid_hsp": [0.43996086716651917, 0.011356562376022339, 0.07360121607780457], "k_pid_vsp": [20.466114044189453, 375.618896484375, 400.0]}, "datetime": {"datetime": "2025-08-20 11:56:25", "elapsed": 240.17091464996338, "delta": 22.71808385848999}, "costs": {"total_cost": 1448.0098830251748, "time_cost": 150, "final_distance_cost": 10.030950413851292, "oscillation_cost": 84.6511916929256, "completition_cost": 1000.0, "overshoot_cost": 134.7722532580264, "power_cost": 21.63259040527344, "noise_cost": 46.92289725509806, "n_waypoints_completed": 0, "tot_waypoints": 9}}
{"target": -1445.044813227719, "params": {"k_pid_pos": [0.06601884961128235, 0.9906402826309204, 0.06534883379936218], "k_pid_alt": [2.0, 0.9846375584602356, 0.022338420152664185], "k_pid_att": [100.0, 0.42974862456321716, 0.0], "k_pid_yaw": [0.5, 1e-06, 0.1], "k_pid_hsp": [1.2933087348937988, 0.0032446980476379395, 0.010438501834869385], "k_pid_vsp": [3.1699538230895996, 400.0, 400.0]}, "datetime": {"datetime": "2025-08-20 11:56:48", "elapsed": 262.8721103668213, "delta": 22.70119571685791}, "costs": {"total_cost": 1445.044813227719, "time_cost": 150, "final_distance_cost": 3.6846815144665097, "oscillation_cost": 82.12434242619544, "completition_cost": 1000.0, "overshoot_cost": 139.45738035805536, "power_cost": 15.365918395996095, "noise_cost": 54.41249053300562, "n_waypoints_completed": 0, "tot_waypoints": 9}}
{"target": -1943.4007348667958, "params": {"k_pid_pos": [9.999999747378752e-05, 0.980837345123291, 0.0], "k_pid_alt": [1.9272099733352661, 0.9425267577171326, 0.0], "k_pid_att": [100.0, 0.03344518691301346, 0.0], "k_pid_yaw": [0.5, 1e-06, 0.1], "k_pid_hsp": [9.999999747378752e-05, 0.0015655755996704102, 0.0], "k_pid_vsp": [33.7443962097168, 380.0588073730469, 400.0]}, "datetime": {"datetime": "2025-08-20 11:57:12", "elapsed": 287.4067060947418, "delta": 24.534595727920532}, "costs": {"total_cost": 1943.4007348667958, "time_cost": 150, "final_distance_cost": 343.15611441092386, "oscillation_cost": 31.368601811768425, "completition_cost": 1000.0, "overshoot_cost": 394.6493232519901, "power_cost": 11.275118041992188, "noise_cost": 12.95157735012095, "n_waypoints_completed": 0, "tot_waypoints": 9}}
{"target": -1499.07824143087, "params": {"k_pid_pos": [0.11998922377824783, 0.9720022678375244, 0.0], "k_pid_alt": [1.9748942852020264, 0.9558342695236206, 0.0], "k_pid_att": [93.75305938720703, 9.999999747378752e-05, 0.0], "k_pid_yaw": [0.5, 1e-06, 0.1], "k_pid_hsp": [0.09663829207420349, 0.0347941517829895, 0.0], "k_pid_vsp": [28.57828140258789, 400.0, 376.1123046875]}, "datetime": {"datetime": "2025-08-20 11:57:36", "elapsed": 311.0416147708893, "delta": 23.63490867614746}, "costs": {"total_cost": 1499.07824143087, "time_cost": 150, "final_distance_cost": 10.122435159937522, "oscillation_cost": 50.538539184547005, "completition_cost": 1000.0, "overshoot_cost": 141.58532411967317, "power_cost": 38.00035056152344, "noise_cost": 108.83159240518889, "n_waypoints_completed": 0, "tot_waypoints": 9}}
{"target": -1408.5969023583636, "params": {"k_pid_pos": [0.1846388578414917, 1.0, 0.0038520097732543945], "k_pid_alt": [1.8313393592834473, 0.9789527654647827, 0.09865465760231018], "k_pid_att": [97.70711517333984, 9.999999747378752e-05, 0.0], "k_pid_yaw": [0.5, 1e-06, 0.1], "k_pid_hsp": [0.8092467188835144, 0.0, 0.0], "k_pid_vsp": [22.856008529663086, 400.0, 400.0]}, "datetime": {"datetime": "2025-08-20 11:57:59", "elapsed": 334.27631878852844, "delta": 23.23470401763916}, "costs": {"total_cost": 1408.5969023583636, "time_cost": 150, "final_distance_cost": 10.59675040789609, "oscillation_cost": 68.63180492540327, "completition_cost": 1000.0, "overshoot_cost": 138.81305514504874, "power_cost": 6.8612700317382815, "noise_cost": 33.69402184827705, "n_waypoints_completed": 0, "tot_waypoints": 9}}
{"target": -1990.689944483543, "params": {"k_pid_pos": [0.07466341555118561, 0.9186203479766846, 0.0], "k_pid_alt": [1.949279546737671, 1.0, 0.01139405369758606], "k_pid_att": [100.0, 9.999999747378752e-05, 0.0], "k_pid_yaw": [0.5, 1e-06, 0.1], "k_pid_hsp": [9.999999747378752e-05, 0.00044405460357666016, 0.0], "k_pid_vsp": [8.056282997131348, 400.0, 388.98779296875]}, "datetime": {"datetime": "2025-08-20 11:58:23", "elapsed": 357.5801000595093, "delta": 23.303781270980835}, "costs": {"total_cost": 1990.689944483543, "time_cost": 150, "final_distance_cost": 348.340973393884, "oscillation_cost": 25.432901510130424, "completition_cost": 1000.0, "overshoot_cost": 401.6752831758806, "power_cost": 37.88345927734375, "noise_cost": 27.357327126304284, "n_waypoints_completed": 0, "tot_waypoints": 9}}
{"target": -1927.4608575099985, "params": {"k_pid_pos": [0.16279150545597076, 1.0, 0.0], "k_pid_alt": [1.9525907039642334, 1.0, 0.0], "k_pid_att": [100.0, 9.999999747378752e-05, 0.04835382103919983], "k_pid_yaw": [0.5, 1e-06, 0.1], "k_pid_hsp": [9.999999747378752e-05, 0.00595441460609436, 0.0], "k_pid_vsp": [22.486555099487305, 373.6302490234375, 375.6805725097656]}, "datetime": {"datetime": "2025-08-20 11:58:45", "elapsed": 380.01233959198, "delta": 22.432239532470703}, "costs": {"total_cost": 1927.4608575099985, "time_cost": 150, "final_distance_cost": 333.82430784676535, "oscillation_cost": 31.366505299324118, "completition_cost": 1000.0, "overshoot_cost": 387.9541903793433, "power_cost": 11.444616577148437, "noise_cost": 12.871237407416979, "n_waypoints_completed": 0, "tot_waypoints": 9}}
{"target": -1397.709201604363, "params": {"k_pid_pos": [9.999999747378752e-05, 1.0, 0.07324829697608948], "k_pid_alt": [2.0, 0.9709720611572266, 0.0], "k_pid_att": [96.29618835449219, 9.999999747378752e-05, 0.0], "k_pid_yaw": [0.5, 1e-06, 0.1], "k_pid_hsp": [0.4092111587524414, 0.039650678634643555, 0.0], "k_pid_vsp": [1.8357634544372559, 400.0, 395.4469299316406]}, "datetime": {"datetime": "2025-08-20 11:59:07", "elapsed": 402.04679465293884, "delta": 22.034455060958862}, "costs": {"total_cost": 1397.709201604363, "time_cost": 150, "final_distance_cost": 13.510348599541246, "oscillation_cost": 64.0628536587647, "completition_cost": 1000.0, "overshoot_cost": 139.78173780336107, "power_cost": 3.92912919921875, "noise_cost": 26.425132343477134, "n_waypoints_completed": 0, "tot_waypoints": 9}}
{"target": -1487.0334767448546, "params": {"k_pid_pos": [9.999999747378752e-05, 0.9648947715759277, 0.041709333658218384], "k_pid_alt": [1.9661940336227417, 0.9297823905944824, 0.0], "k_pid_att": [96.2823257446289, 0.2366887331008911, 0.022664785385131836], "k_pid_yaw": [0.5, 1e-06, 0.1], "k_pid_hsp": [9.999999747378752e-05, 0.05146506428718567, 0.0037072300910949707], "k_pid_vsp": [0.7510542869567871, 393.642822265625, 387.81024169921875]}, "datetime": {"datetime": "2025-08-20 11:59:29", "elapsed": 424.33118438720703, "delta": 22.28438973426819}, "costs": {"total_cost": 1487.0334767448546, "time_cost": 150, "final_distance_cost": 23.931892125743282, "oscillation_cost": 34.80503832128912, "completition_cost": 1000.0, "overshoot_cost": 151.21099116235834, "power_cost": 32.52003122558594, "noise_cost": 94.56552390987808, "n_waypoints_completed": 0, "tot_waypoints": 9}}
{"target": -1435.6975067591952, "params": {"k_pid_pos": [0.030285919085144997, 1.0, 0.0], "k_pid_alt": [1.9317835569381714, 0.9971207976341248, 0.039145052433013916], "k_pid_att": [100.0, 0.6806879639625549, 0.0], "k_pid_yaw": [0.5, 1e-06, 0.1], "k_pid_hsp": [0.18294823169708252, 0.026095688343048096, 0.038480669260025024], "k_pid_vsp": [11.07470989227295, 394.2669982910156, 400.0]}, "datetime": {"datetime": "2025-08-20 11:59:51", "elapsed": 446.4660258293152, "delta": 22.134841442108154}, "costs": {"total_cost": 1435.6975067591952, "time_cost": 150, "final_distance_cost": 22.033434716432296, "oscillation_cost": 91.42725989964087, "completition_cost": 1000.0, "overshoot_cost": 133.03131580111608, "power_cost": 12.135035864257812, "noise_cost": 27.070460477748224, "n_waypoints_completed": 0, "tot_waypoints": 9}}
{"target": -1467.9822076547748, "params": {"k_pid_pos": [0.04429761692881584, 0.9531394243240356, 0.0], "k_pid_alt": [2.0, 0.9882359504699707, 0.0025546252727508545], "k_pid_att": [98.6978759765625, 9.999999747378752e-05, 0.0], "k_pid_yaw": [0.5, 1e-06, 0.1], "k_pid_hsp": [9.999999747378752e-05, 0.0873015820980072, 0.0], "k_pid_vsp": [0.0, 345.96453857421875, 400.0]}, "datetime": {"datetime": "2025-08-20 12:00:15", "elapsed": 470.08407831192017, "delta": 23.61805248260498}, "costs": {"total_cost": 1467.9822076547748, "time_cost": 150, "final_distance_cost": 22.261018001033793, "oscillation_cost": 50.43313937898606, "completition_cost": 1000.0, "overshoot_cost": 145.07403017454251, "power_cost": 24.34061845703125, "noise_cost": 75.87340164318127, "n_waypoints_completed": 0, "tot_waypoints": 9}}
{"target": -1475.4450663081068, "params": {"k_pid_pos": [9.999999747378752e-05, 0.9500093460083008, 0.0], "k_pid_alt": [1.9956274032592773, 0.9581702351570129, 0.0], "k_pid_att": [99.48577880859375, 0.1719655990600586, 0.0], "k_pid_yaw": [0.5, 1e-06, 0.1], "k_pid_hsp": [0.4919818043708801, 0.04354986548423767, 0.017915964126586914], "k_pid_vsp": [13.590442657470703, 400.0, 370.07232666015625]}, "datetime": {"datetime": "2025-08-20 12:00:40", "elapsed": 494.7024667263031, "delta": 24.618388414382935}, "costs": {"total_cost": 1475.4450663081068, "time_cost": 150, "final_distance_cost": 14.242339516016226, "oscillation_cost": 84.53212811678688, "completition_cost": 1000.0, "overshoot_cost": 145.88731738802474, "power_cost": 18.77657479248047, "noise_cost": 62.00670649479846, "n_waypoints_completed": 0, "tot_waypoints": 9}}
{"target": -1465.1265998449767, "params": {"k_pid_pos": [0.020805975422263145, 0.9408750534057617, 0.030420392751693726], "k_pid_alt": [2.0, 1.0, 0.0398426353931427], "k_pid_att": [91.71915435791016, 9.999999747378752e-05, 0.02811989188194275], "k_pid_yaw": [0.5, 1e-06, 0.1], "k_pid_hsp": [0.35836294293403625, 0.0, 0.04966694116592407], "k_pid_vsp": [0.0, 400.0, 378.0025329589844]}, "datetime": {"datetime": "2025-08-20 12:01:05", "elapsed": 519.6037082672119, "delta": 24.901241540908813}, "costs": {"total_cost": 1465.1265998449767, "time_cost": 150, "final_distance_cost": 9.82533005145324, "oscillation_cost": 119.46896616650612, "completition_cost": 1000.0, "overshoot_cost": 129.78444677029228, "power_cost": 22.55917789306641, "noise_cost": 33.48867896365876, "n_waypoints_completed": 0, "tot_waypoints": 9}}
{"target": -1494.2717003105492, "params": {"k_pid_pos": [9.999999747378752e-05, 0.9791407585144043, 0.0], "k_pid_alt": [2.0, 0.9469712972640991, 0.08807092905044556], "k_pid_att": [97.56622314453125, 0.33866289258003235, 0.0], "k_pid_yaw": [0.5, 1e-06, 0.1], "k_pid_hsp": [0.482955664396286, 0.0, 0.0], "k_pid_vsp": [8.891260147094727, 400.0, 399.1663818359375]}, "datetime": {"datetime": "2025-08-20 12:01:29", "elapsed": 544.1169648170471, "delta": 24.513256549835205}, "costs": {"total_cost": 1494.2717003105492, "time_cost": 150, "final_distance_cost": 17.56922948813973, "oscillation_cost": 62.441231148935586, "completition_cost": 1000.0, "overshoot_cost": 139.85535337260993, "power_cost": 31.465327587890627, "noise_cost": 92.94055871297341, "n_waypoints_completed": 0, "tot_waypoints": 9}}
{"target": -1501.104249721756, "params": {"k_pid_pos": [0.08780533820390701, 1.0, 0.006074637174606323], "k_pid_alt": [1.9268780946731567, 0.8918213844299316, 0.005904167890548706], "k_pid_att": [100.0, 0.2315136045217514, 0.0], "k_pid_yaw": [0.5, 1e-06, 0.1], "k_pid_hsp": [9.999999747378752e-05, 0.057883501052856445, 0.02854105830192566], "k_pid_vsp": [25.887643814086914, 351.95147705078125, 393.43353271484375]}, "datetime": {"datetime": "2025-08-20 12:01:54", "elapsed": 568.8399548530579, "delta": 24.722990036010742}, "costs": {"total_cost": 1501.104249721756, "time_cost": 150, "final_distance_cost": 23.266286102748108, "oscillation_cost": 88.82981203644673, "completition_cost": 1000.0, "overshoot_cost": 146.6811614707331, "power_cost": 24.678175537109375, "noise_cost": 67.64881457471863, "n_waypoints_completed": 0, "tot_waypoints": 9}}
{"target": -1445.42333472989, "params": {"k_pid_pos": [9.999999747378752e-05, 1.0, 0.018040746450424194], "k_pid_alt": [1.949892520904541, 1.0, 0.02427619695663452], "k_pid_att": [100.0, 0.022283434867858887, 0.0], "k_pid_yaw": [0.5, 1e-06, 0.1], "k_pid_hsp": [9.999999747378752e-05, 0.06697282195091248, 0.021370351314544678], "k_pid_vsp": [0.0, 351.2585144042969, 400.0]}, "datetime": {"datetime": "2025-08-20 12:02:18", "elapsed": 593.1079306602478, "delta": 24.26797580718994}, "costs": {"total_cost": 1445.42333472989, "time_cost": 150, "final_distance_cost": 13.670221885998936, "oscillation_cost": 44.38615858964292, "completition_cost": 1000.0, "overshoot_cost": 147.04021063250704, "power_cost": 21.203279931640626, "noise_cost": 69.12346369010028, "n_waypoints_completed": 0, "tot_waypoints": 9}}
{"target": -3415.7580382386714, "params": {"k_pid_pos": [9.999999747378752e-05, 1.0, 0.005664080381393433], "k_pid_alt": [1.9601032733917236, 0.9949252605438232, 0.0], "k_pid_att": [97.4359130859375, 0.1077684536576271, 0.0], "k_pid_yaw": [0.5, 1e-06, 0.1], "k_pid_hsp": [9.999999747378752e-05, 0.0, 0.05648323893547058], "k_pid_vsp": [0.0, 400.0, 367.006591796875]}, "datetime": {"datetime": "2025-08-20 12:02:41", "elapsed": 616.159285068512, "delta": 23.05135440826416}, "costs": {"total_cost": 3415.7580382386714, "time_cost": 150, "final_distance_cost": 791.9276654875619, "oscillation_cost": 181.87934006775302, "completition_cost": 1000.0, "overshoot_cost": 1252.298661362083, "power_cost": 21.967094274902344, "noise_cost": 17.68527704637135, "n_waypoints_completed": 0, "tot_waypoints": 9}}
