{"target": -1930.1812970272088, "params": {"k_pid_pos": [0.005622034426778555, 0.949126124382019, 0.0], "k_pid_alt": [1.9544172286987305, 1.0, 0.04858323931694031], "k_pid_att": [90.01811981201172, 0.6153368949890137, 0.017519474029541016], "k_pid_yaw": [0.5, 1e-06, 0.1], "k_pid_hsp": [9.999999747378752e-05, 0.0, 0.0], "k_pid_vsp": [0.0, 355.3845520019531, 400.0]}, "datetime": {"datetime": "2025-08-20 12:22:43", "elapsed": 1818.4573547840118, "delta": 21.452975034713745}, "costs": {"total_cost": 1930.1812970272088, "time_cost": 150, "final_distance_cost": 325.8688355220696, "oscillation_cost": 24.13424444206793, "completition_cost": 1000.0, "overshoot_cost": 363.93586790444783, "power_cost": 37.87766063232422, "noise_cost": 28.364688526299027, "n_waypoints_completed": 0, "tot_waypoints": 9}}
{"target": -2819.2775743884004, "params": {"k_pid_pos": [0.13525213301181793, 1.0, 0.09720778465270996], "k_pid_alt": [2.0, 0.9174439311027527, 0.0], "k_pid_att": [94.27496337890625, 9.999999747378752e-05, 0.0], "k_pid_yaw": [0.5, 1e-06, 0.1], "k_pid_hsp": [0.034589286893606186, 0.0, 0.03815263509750366], "k_pid_vsp": [17.026805877685547, 390.4934387207031, 400.0]}, "datetime": {"datetime": "2025-08-20 12:23:05", "elapsed": 1840.264877319336, "delta": 21.807522535324097}, "costs": {"total_cost": 2819.2775743884004, "time_cost": 150, "final_distance_cost": 573.9538915179172, "oscillation_cost": 112.86463487498568, "completition_cost": 1000.0, "overshoot_cost": 942.4378540268433, "power_cost": 22.17313150634766, "noise_cost": 17.848062462306526, "n_waypoints_completed": 0, "tot_waypoints": 9}}
{"target": -1504.059087125372, "params": {"k_pid_pos": [0.0069491248577833176, 1.0, 0.0], "k_pid_alt": [2.0, 0.9973584413528442, 0.0], "k_pid_att": [100.0, 0.6746596097946167, 0.030650854110717773], "k_pid_yaw": [0.5, 1e-06, 0.1], "k_pid_hsp": [0.21293532848358154, 0.08066990971565247, 0.0], "k_pid_vsp": [0.0, 400.0, 394.86328125]}, "datetime": {"datetime": "2025-08-20 12:23:27", "elapsed": 1861.6252992153168, "delta": 21.360421895980835}, "costs": {"total_cost": 1504.059087125372, "time_cost": 150, "final_distance_cost": 17.486770963586256, "oscillation_cost": 55.1291600673156, "completition_cost": 1000.0, "overshoot_cost": 141.94291895505384, "power_cost": 35.80227303466797, "noise_cost": 103.6979641047483, "n_waypoints_completed": 0, "tot_waypoints": 9}}
{"target": -1477.8675102236418, "params": {"k_pid_pos": [9.999999747378752e-05, 1.0, 0.018225878477096558], "k_pid_alt": [2.0, 0.9633797407150269, 0.0], "k_pid_att": [100.0, 0.45270660519599915, 0.03270643949508667], "k_pid_yaw": [0.5, 1e-06, 0.1], "k_pid_hsp": [0.37138670682907104, 0.012223511934280396, 0.033307403326034546], "k_pid_vsp": [7.914304733276367, 395.5292053222656, 400.0]}, "datetime": {"datetime": "2025-08-20 12:23:48", "elapsed": 1883.426287651062, "delta": 21.80098843574524}, "costs": {"total_cost": 1477.8675102236418, "time_cost": 150, "final_distance_cost": 13.006963265071233, "oscillation_cost": 93.83226667780953, "completition_cost": 1000.0, "overshoot_cost": 138.2408489183958, "power_cost": 22.885152453613284, "noise_cost": 59.90227890875195, "n_waypoints_completed": 0, "tot_waypoints": 9}}
{"target": -1493.0244759350278, "params": {"k_pid_pos": [0.019390137866139412, 0.974869430065155, 0.0], "k_pid_alt": [1.9997519254684448, 1.0, 0.01642012596130371], "k_pid_att": [100.0, 0.45674389600753784, 0.0], "k_pid_yaw": [0.5, 1e-06, 0.1], "k_pid_hsp": [0.495527058839798, 0.0, 0.056149303913116455], "k_pid_vsp": [0.0, 385.721923828125, 377.6839599609375]}, "datetime": {"datetime": "2025-08-20 12:24:11", "elapsed": 1905.5565593242645, "delta": 22.130271673202515}, "costs": {"total_cost": 1493.0244759350278, "time_cost": 150, "final_distance_cost": 19.96266123573584, "oscillation_cost": 133.05816863037523, "completition_cost": 1000.0, "overshoot_cost": 131.7208477821363, "power_cost": 20.96810615234375, "noise_cost": 37.314692134436626, "n_waypoints_completed": 0, "tot_waypoints": 9}}
{"target": -1955.352565651759, "params": {"k_pid_pos": [9.999999747378752e-05, 0.977495551109314, 0.0], "k_pid_alt": [2.0, 1.0, 0.008392482995986938], "k_pid_att": [99.93052673339844, 9.999999747378752e-05, 0.08038389682769775], "k_pid_yaw": [0.5, 1e-06, 0.1], "k_pid_hsp": [9.999999747378752e-05, 0.0, 0.0], "k_pid_vsp": [0.0, 381.9898681640625, 400.0]}, "datetime": {"datetime": "2025-08-20 12:24:32", "elapsed": 1926.9728484153748, "delta": 21.41628909111023}, "costs": {"total_cost": 1955.352565651759, "time_cost": 150, "final_distance_cost": 335.6024964483225, "oscillation_cost": 24.57703227795265, "completition_cost": 1000.0, "overshoot_cost": 378.7559461611762, "power_cost": 37.9128631225586, "noise_cost": 28.504227641749324, "n_waypoints_completed": 0, "tot_waypoints": 9}}
{"target": -1981.448233318674, "params": {"k_pid_pos": [0.005483758635818958, 1.0, 0.011863857507705688], "k_pid_alt": [2.0, 0.9985368847846985, 0.0110856294631958], "k_pid_att": [100.0, 0.24145109951496124, 0.06558337807655334], "k_pid_yaw": [0.5, 1e-06, 0.1], "k_pid_hsp": [9.999999747378752e-05, 0.0011866390705108643, 0.0], "k_pid_vsp": [38.0610466003418, 400.0, 400.0]}, "datetime": {"datetime": "2025-08-20 12:24:54", "elapsed": 1948.9969193935394, "delta": 22.024070978164673}, "costs": {"total_cost": 1981.448233318674, "time_cost": 150, "final_distance_cost": 343.95192805065983, "oscillation_cost": 25.097354003211525, "completition_cost": 1000.0, "overshoot_cost": 397.18485067052893, "power_cost": 37.949461682128906, "noise_cost": 27.264638912144736, "n_waypoints_completed": 0, "tot_waypoints": 9}}
{"target": -1423.6633277609094, "params": {"k_pid_pos": [0.03980603441596031, 0.9755769968032837, 0.01940739154815674], "k_pid_alt": [2.0, 1.0, 0.06779766082763672], "k_pid_att": [98.43514251708984, 9.999999747378752e-05, 0.0], "k_pid_yaw": [0.5, 1e-06, 0.1], "k_pid_hsp": [0.7504404783248901, 0.0, 0.0], "k_pid_vsp": [26.5958309173584, 400.0, 400.0]}, "datetime": {"datetime": "2025-08-20 12:25:15", "elapsed": 1970.3636949062347, "delta": 21.366775512695312}, "costs": {"total_cost": 1423.6633277609094, "time_cost": 150, "final_distance_cost": 10.717930068142065, "oscillation_cost": 67.25852746294791, "completition_cost": 1000.0, "overshoot_cost": 139.38470218890026, "power_cost": 11.516323278808594, "noise_cost": 44.78584476211035, "n_waypoints_completed": 0, "tot_waypoints": 9}}
{"target": -1505.7383364358645, "params": {"k_pid_pos": [9.999999747378752e-05, 1.0, 0.05624386668205261], "k_pid_alt": [2.0, 0.9915304183959961, 0.06037032604217529], "k_pid_att": [100.0, 9.999999747378752e-05, 0.0], "k_pid_yaw": [0.5, 1e-06, 0.1], "k_pid_hsp": [0.5452708005905151, 0.012183308601379395, 0.0], "k_pid_vsp": [0.0, 374.8780822753906, 386.7984619140625]}, "datetime": {"datetime": "2025-08-20 12:25:37", "elapsed": 1991.9109790325165, "delta": 21.54728412628174}, "costs": {"total_cost": 1505.7383364358645, "time_cost": 150, "final_distance_cost": 10.388144087006172, "oscillation_cost": 62.61936846161514, "completition_cost": 1000.0, "overshoot_cost": 139.64651751576415, "power_cost": 36.92714348144531, "noise_cost": 106.15716289003369, "n_waypoints_completed": 0, "tot_waypoints": 9}}
{"target": -1456.0670591592957, "params": {"k_pid_pos": [9.999999747378752e-05, 1.0, 0.0], "k_pid_alt": [2.0, 1.0, 0.0], "k_pid_att": [100.0, 0.5646132230758667, 0.026744306087493896], "k_pid_yaw": [0.5, 1e-06, 0.1], "k_pid_hsp": [9.999999747378752e-05, 0.04844352602958679, 0.0], "k_pid_vsp": [27.237415313720703, 400.0, 400.0]}, "datetime": {"datetime": "2025-08-20 12:25:59", "elapsed": 2013.6369585990906, "delta": 21.725979566574097}, "costs": {"total_cost": 1456.0670591592957, "time_cost": 150, "final_distance_cost": 26.92984211750733, "oscillation_cost": 34.40932525173594, "completition_cost": 1000.0, "overshoot_cost": 152.2309418858765, "power_cost": 22.489315759277346, "noise_cost": 70.00763414489847, "n_waypoints_completed": 0, "tot_waypoints": 9}}
{"target": -1633.965522840348, "params": {"k_pid_pos": [0.07424750924110413, 1.0, 0.0], "k_pid_alt": [1.932450294494629, 1.0, 0.048203498125076294], "k_pid_att": [100.0, 9.999999747378752e-05, 0.02958369255065918], "k_pid_yaw": [0.5, 1e-06, 0.1], "k_pid_hsp": [9.999999747378752e-05, 0.01934814453125, 0.008510172367095947], "k_pid_vsp": [7.9398393630981445, 399.4228820800781, 349.0683898925781]}, "datetime": {"datetime": "2025-08-20 12:26:20", "elapsed": 2035.1573996543884, "delta": 21.52044105529785}, "costs": {"total_cost": 1633.965522840348, "time_cost": 150, "final_distance_cost": 205.88953450335688, "oscillation_cost": 33.377030420281365, "completition_cost": 1000.0, "overshoot_cost": 217.20675222356738, "power_cost": 13.221473754882814, "noise_cost": 14.27073193825967, "n_waypoints_completed": 0, "tot_waypoints": 9}}
{"target": -1918.7005052954987, "params": {"k_pid_pos": [9.999999747378752e-05, 0.9864499568939209, 0.0], "k_pid_alt": [1.9035768508911133, 0.9413154125213623, 0.09647315740585327], "k_pid_att": [100.0, 0.5541667342185974, 0.010005474090576172], "k_pid_yaw": [0.5, 1e-06, 0.1], "k_pid_hsp": [9.999999747378752e-05, 0.008153408765792847, 0.0], "k_pid_vsp": [30.746532440185547, 400.0, 400.0]}, "datetime": {"datetime": "2025-08-20 12:26:42", "elapsed": 2056.899069070816, "delta": 21.741669416427612}, "costs": {"total_cost": 1918.7005052954987, "time_cost": 150, "final_distance_cost": 317.3913009985725, "oscillation_cost": 25.682286636485234, "completition_cost": 1000.0, "overshoot_cost": 360.1225751551248, "power_cost": 37.86972015380859, "noise_cost": 27.63462235150746, "n_waypoints_completed": 0, "tot_waypoints": 9}}
{"target": -1475.2981206998245, "params": {"k_pid_pos": [9.999999747378752e-05, 1.0, 0.007861495018005371], "k_pid_alt": [1.9067550897598267, 0.996479868888855, 0.0], "k_pid_att": [92.92420959472656, 9.999999747378752e-05, 0.0], "k_pid_yaw": [0.5, 1e-06, 0.1], "k_pid_hsp": [9.999999747378752e-05, 0.07761591672897339, 0.0011046826839447021], "k_pid_vsp": [0.0, 384.9013366699219, 400.0]}, "datetime": {"datetime": "2025-08-20 12:27:04", "elapsed": 2079.0305297374725, "delta": 22.131460666656494}, "costs": {"total_cost": 1475.2981206998245, "time_cost": 150, "final_distance_cost": 10.62631439925421, "oscillation_cost": 50.84281344288332, "completition_cost": 1000.0, "overshoot_cost": 146.62206574966288, "power_cost": 29.38333125, "noise_cost": 87.82359585802388, "n_waypoints_completed": 0, "tot_waypoints": 9}}
{"target": -1484.2946271017763, "params": {"k_pid_pos": [9.999999747378752e-05, 1.0, 0.003589540719985962], "k_pid_alt": [2.0, 1.0, 0.0], "k_pid_att": [99.56061553955078, 0.07367106527090073, 0.0], "k_pid_yaw": [0.5, 1e-06, 0.1], "k_pid_hsp": [1.2130111455917358, 0.02879089117050171, 0.027501732110977173], "k_pid_vsp": [0.0, 387.2501220703125, 392.4764709472656]}, "datetime": {"datetime": "2025-08-20 12:27:25", "elapsed": 2100.2994034290314, "delta": 21.268873691558838}, "costs": {"total_cost": 1484.2946271017763, "time_cost": 150, "final_distance_cost": 14.429504614048751, "oscillation_cost": 87.98317223782686, "completition_cost": 1000.0, "overshoot_cost": 145.472595263886, "power_cost": 20.501810791015625, "noise_cost": 65.90754419499909, "n_waypoints_completed": 0, "tot_waypoints": 9}}
{"target": -1459.0628015595867, "params": {"k_pid_pos": [0.07319726794958115, 1.0, 0.06481605768203735], "k_pid_alt": [2.0, 1.0, 0.06901681423187256], "k_pid_att": [96.21845245361328, 9.999999747378752e-05, 0.06933069229125977], "k_pid_yaw": [0.5, 1e-06, 0.1], "k_pid_hsp": [1.9312297105789185, 0.0, 0.0], "k_pid_vsp": [33.96276092529297, 400.0, 400.0]}, "datetime": {"datetime": "2025-08-20 12:27:47", "elapsed": 2121.893869161606, "delta": 21.594465732574463}, "costs": {"total_cost": 1459.0628015595867, "time_cost": 150, "final_distance_cost": 13.047376356700978, "oscillation_cost": 68.40318936873051, "completition_cost": 1000.0, "overshoot_cost": 138.88961464725628, "power_cost": 21.131670373535158, "noise_cost": 67.59095081336356, "n_waypoints_completed": 0, "tot_waypoints": 9}}
{"target": -1389.4617187567096, "params": {"k_pid_pos": [0.023610830307006836, 0.9439805150032043, 0.0027680397033691406], "k_pid_alt": [1.9340684413909912, 1.0, 0.0], "k_pid_att": [100.0, 1.2498568296432495, 0.0], "k_pid_yaw": [0.5, 1e-06, 0.1], "k_pid_hsp": [9.999999747378752e-05, 0.07405349612236023, 0.035351067781448364], "k_pid_vsp": [0.0, 400.0, 400.0]}, "datetime": {"datetime": "2025-08-20 12:28:08", "elapsed": 2143.4927945137024, "delta": 21.598925352096558}, "costs": {"total_cost": 1389.4617187567096, "time_cost": 150, "final_distance_cost": 49.41568848637948, "oscillation_cost": 74.14054442821305, "completition_cost": 1000.0, "overshoot_cost": 79.9131284607811, "power_cost": 16.799704699707032, "noise_cost": 19.192652681629, "n_waypoints_completed": 0, "tot_waypoints": 9}}
{"target": -2295.916095381813, "params": {"k_pid_pos": [9.999999747378752e-05, 0.9776653051376343, 0.0], "k_pid_alt": [1.8685321807861328, 1.0, 0.0], "k_pid_att": [96.88379669189453, 9.999999747378752e-05, 0.0], "k_pid_yaw": [0.5, 1e-06, 0.1], "k_pid_hsp": [9.999999747378752e-05, 0.0, 0.09838405251502991], "k_pid_vsp": [27.45194435119629, 400.0, 398.7774353027344]}, "datetime": {"datetime": "2025-08-20 12:28:30", "elapsed": 2165.0471851825714, "delta": 21.55439066886902}, "costs": {"total_cost": 2295.916095381813, "time_cost": 150, "final_distance_cost": 255.887999818361, "oscillation_cost": 444.20345045773297, "completition_cost": 1000.0, "overshoot_cost": 406.46687969949664, "power_cost": 21.888791931152344, "noise_cost": 17.4689734750705, "n_waypoints_completed": 0, "tot_waypoints": 9}}
{"target": -1473.505749697442, "params": {"k_pid_pos": [9.999999747378752e-05, 0.9440716505050659, 0.0], "k_pid_alt": [2.0, 1.0, 0.0], "k_pid_att": [98.1106948852539, 9.999999747378752e-05, 0.0], "k_pid_yaw": [0.5, 1e-06, 0.1], "k_pid_hsp": [0.13433845341205597, 0.04068836569786072, 0.03667408227920532], "k_pid_vsp": [14.287603378295898, 398.3013000488281, 400.0]}, "datetime": {"datetime": "2025-08-20 12:28:52", "elapsed": 2187.4602868556976, "delta": 22.41310167312622}, "costs": {"total_cost": 1473.505749697442, "time_cost": 150, "final_distance_cost": 20.75370456841436, "oscillation_cost": 83.0486655981706, "completition_cost": 1000.0, "overshoot_cost": 136.63197754930462, "power_cost": 27.352918078613282, "noise_cost": 55.71848390293915, "n_waypoints_completed": 0, "tot_waypoints": 9}}
{"target": -1466.318067726618, "params": {"k_pid_pos": [0.11908745020627975, 0.97822505235672, 0.00898057222366333], "k_pid_alt": [1.881413221359253, 1.0, 0.0], "k_pid_att": [91.20512390136719, 0.04509032890200615, 0.0], "k_pid_yaw": [0.5, 1e-06, 0.1], "k_pid_hsp": [0.8444569110870361, 0.0, 0.0], "k_pid_vsp": [24.500036239624023, 395.68133544921875, 400.0]}, "datetime": {"datetime": "2025-08-20 12:29:14", "elapsed": 2209.0264523029327, "delta": 21.566165447235107}, "costs": {"total_cost": 1466.318067726618, "time_cost": 150, "final_distance_cost": 11.102939972358778, "oscillation_cost": 65.19453138403973, "completition_cost": 1000.0, "overshoot_cost": 139.0806138513225, "power_cost": 24.666618420410156, "noise_cost": 76.27336409848661, "n_waypoints_completed": 0, "tot_waypoints": 9}}
{"target": -1963.2047613787213, "params": {"k_pid_pos": [9.999999747378752e-05, 0.9114245772361755, 0.008923172950744629], "k_pid_alt": [1.949380874633789, 0.9796152114868164, 0.0], "k_pid_att": [99.39170837402344, 0.29137900471687317, 0.004741162061691284], "k_pid_yaw": [0.5, 1e-06, 0.1], "k_pid_hsp": [9.999999747378752e-05, 0.0, 0.004638314247131348], "k_pid_vsp": [0.0, 400.0, 400.0]}, "datetime": {"datetime": "2025-08-20 12:29:35", "elapsed": 2230.2921888828278, "delta": 21.26573657989502}, "costs": {"total_cost": 1963.2047613787213, "time_cost": 150, "final_distance_cost": 351.033453817271, "oscillation_cost": 31.757701440213598, "completition_cost": 1000.0, "overshoot_cost": 407.34208663612213, "power_cost": 10.957980383300782, "noise_cost": 12.11353910181376, "n_waypoints_completed": 0, "tot_waypoints": 9}}
{"target": -1961.5124065109555, "params": {"k_pid_pos": [9.999999747378752e-05, 0.9084234833717346, 0.010436207056045532], "k_pid_alt": [1.8437693119049072, 1.0, 0.0], "k_pid_att": [100.0, 9.999999747378752e-05, 0.03877326846122742], "k_pid_yaw": [0.5, 1e-06, 0.1], "k_pid_hsp": [9.999999747378752e-05, 0.0, 0.0], "k_pid_vsp": [30.229259490966797, 343.3317565917969, 400.0]}, "datetime": {"datetime": "2025-08-20 12:29:57", "elapsed": 2251.9478044509888, "delta": 21.65561556816101}, "costs": {"total_cost": 1961.5124065109555, "time_cost": 150, "final_distance_cost": 338.0969647848749, "oscillation_cost": 25.143135614671536, "completition_cost": 1000.0, "overshoot_cost": 382.41618789753863, "power_cost": 37.84326539306641, "noise_cost": 28.01285282080395, "n_waypoints_completed": 0, "tot_waypoints": 9}}
{"target": -1355.2299105590016, "params": {"k_pid_pos": [0.024098670110106468, 0.9266108870506287, 0.0], "k_pid_alt": [2.0, 1.0, 0.01222372055053711], "k_pid_att": [100.0, 9.999999747378752e-05, 0.04082190990447998], "k_pid_yaw": [0.5, 1e-06, 0.1], "k_pid_hsp": [0.10455520451068878, 0.0075722336769104, 0.04369273781776428], "k_pid_vsp": [20.240867614746094, 400.0, 381.8682556152344]}, "datetime": {"datetime": "2025-08-20 12:30:18", "elapsed": 2273.3011853694916, "delta": 21.353380918502808}, "costs": {"total_cost": 1355.2299105590016, "time_cost": 150, "final_distance_cost": 49.76750766716698, "oscillation_cost": 103.20329081288632, "completition_cost": 888.8888888888888, "overshoot_cost": 111.64199448815566, "power_cost": 19.603529113769532, "noise_cost": 32.12469958813428, "n_waypoints_completed": 1, "tot_waypoints": 9}}
{"target": -1485.0779391986139, "params": {"k_pid_pos": [9.999999747378752e-05, 0.9664745330810547, 0.0573766827583313], "k_pid_alt": [2.0, 0.9743788838386536, 0.002527773380279541], "k_pid_att": [100.0, 0.9809245467185974, 0.0], "k_pid_yaw": [0.5, 1e-06, 0.1], "k_pid_hsp": [0.779318630695343, 0.011032342910766602, 0.05583801865577698], "k_pid_vsp": [0.0, 400.0, 400.0]}, "datetime": {"datetime": "2025-08-20 12:30:40", "elapsed": 2294.570732116699, "delta": 21.26954674720764}, "costs": {"total_cost": 1485.0779391986139, "time_cost": 150, "final_distance_cost": 9.006221560374783, "oscillation_cost": 122.44482377955232, "completition_cost": 1000.0, "overshoot_cost": 135.6469327579953, "power_cost": 20.538583544921877, "noise_cost": 47.44137755576954, "n_waypoints_completed": 0, "tot_waypoints": 9}}
{"target": -1485.5760932321682, "params": {"k_pid_pos": [9.999999747378752e-05, 1.0, 0.0], "k_pid_alt": [2.0, 0.9857650399208069, 0.0], "k_pid_att": [100.0, 9.999999747378752e-05, 0.0], "k_pid_yaw": [0.5, 1e-06, 0.1], "k_pid_hsp": [0.10830757766962051, 0.06802386045455933, 0.012516677379608154], "k_pid_vsp": [0.0, 371.9132080078125, 392.6990661621094]}, "datetime": {"datetime": "2025-08-20 12:31:01", "elapsed": 2316.431953191757, "delta": 21.861221075057983}, "costs": {"total_cost": 1485.5760932321682, "time_cost": 150, "final_distance_cost": 23.13232121019696, "oscillation_cost": 79.46830336091607, "completition_cost": 1000.0, "overshoot_cost": 143.1914234890991, "power_cost": 21.397892456054688, "noise_cost": 68.38615271590118, "n_waypoints_completed": 0, "tot_waypoints": 9}}
{"target": -1431.1827671851217, "params": {"k_pid_pos": [9.999999747378752e-05, 0.9456114172935486, 0.0], "k_pid_alt": [2.0, 1.0, 0.010083645582199097], "k_pid_att": [97.6221923828125, 0.0056327455677092075, 0.04228413105010986], "k_pid_yaw": [0.5, 1e-06, 0.1], "k_pid_hsp": [9.999999747378752e-05, 0.04514303803443909, 0.0], "k_pid_vsp": [9.077095985412598, 346.9959411621094, 380.3823547363281]}, "datetime": {"datetime": "2025-08-20 12:31:23", "elapsed": 2337.914759874344, "delta": 21.48280668258667}, "costs": {"total_cost": 1431.1827671851217, "time_cost": 150, "final_distance_cost": 23.66327189678306, "oscillation_cost": 34.587589948765576, "completition_cost": 1000.0, "overshoot_cost": 153.92399581148925, "power_cost": 15.639110412597658, "noise_cost": 53.36879911548646, "n_waypoints_completed": 0, "tot_waypoints": 9}}
{"target": -1800.2082595877368, "params": {"k_pid_pos": [0.17399011552333832, 1.0, 0.05274060368537903], "k_pid_alt": [1.9840952157974243, 0.9645520448684692, 0.035816311836242676], "k_pid_att": [98.6674575805664, 9.999999747378752e-05, 0.0], "k_pid_yaw": [0.5, 1e-06, 0.1], "k_pid_hsp": [9.999999747378752e-05, 0.0, 0.010049194097518921], "k_pid_vsp": [26.13677978515625, 400.0, 400.0]}, "datetime": {"datetime": "2025-08-20 12:31:44", "elapsed": 2359.1633265018463, "delta": 21.24856662750244}, "costs": {"total_cost": 1800.2082595877368, "time_cost": 150, "final_distance_cost": 312.1796847645361, "oscillation_cost": 28.491012800341927, "completition_cost": 888.8888888888888, "overshoot_cost": 356.049993761356, "power_cost": 37.84944527587891, "noise_cost": 26.74923409673506, "n_waypoints_completed": 1, "tot_waypoints": 9}}
{"target": -1410.036902481825, "params": {"k_pid_pos": [9.999999747378752e-05, 0.9379850625991821, 0.06950163841247559], "k_pid_alt": [1.9918614625930786, 1.0, 0.05870768427848816], "k_pid_att": [100.0, 0.3548051714897156, 0.0], "k_pid_yaw": [0.5, 1e-06, 0.1], "k_pid_hsp": [0.7514522671699524, 0.0, 0.0], "k_pid_vsp": [9.088098526000977, 400.0, 400.0]}, "datetime": {"datetime": "2025-08-20 12:32:06", "elapsed": 2380.8414058685303, "delta": 21.67807936668396}, "costs": {"total_cost": 1410.036902481825, "time_cost": 150, "final_distance_cost": 11.521048005686154, "oscillation_cost": 69.36017261329847, "completition_cost": 1000.0, "overshoot_cost": 139.05705058369077, "power_cost": 6.704701538085938, "noise_cost": 33.393929741063864, "n_waypoints_completed": 0, "tot_waypoints": 9}}
