{"target": -1479.9908919841582, "params": {"k_pid_pos": [9.999999747378752e-05, 1.0, 0.07439959049224854], "k_pid_alt": [1.9030641317367554, 1.0, 0.0], "k_pid_att": [93.25407409667969, 9.999999747378752e-05, 0.0], "k_pid_yaw": [0.5, 1e-06, 0.1], "k_pid_hsp": [0.28617140650749207, 0.05659669637680054, 0.03919801115989685], "k_pid_vsp": [0.0, 400.0, 400.0]}, "datetime": {"datetime": "2025-08-20 14:53:45", "elapsed": 10880.404067516327, "delta": 26.8279287815094}, "costs": {"total_cost": 1479.9908919841582, "time_cost": 150, "final_distance_cost": 18.402652987056637, "oscillation_cost": 93.78355855628514, "completition_cost": 1000.0, "overshoot_cost": 136.44548343916972, "power_cost": 26.171042211914063, "noise_cost": 55.18815478973253, "n_waypoints_completed": 0, "tot_waypoints": 9}}
{"target": -2345.557097793564, "params": {"k_pid_pos": [0.07201942056417465, 1.0, 0.022109776735305786], "k_pid_alt": [1.8325591087341309, 1.0, 0.056244224309921265], "k_pid_att": [97.26866149902344, 9.999999747378752e-05, 0.0], "k_pid_yaw": [0.5, 1e-06, 0.1], "k_pid_hsp": [0.016658302396535873, 0.0, 0.09128758311271667], "k_pid_vsp": [8.991360664367676, 400.0, 359.4580993652344]}, "datetime": {"datetime": "2025-08-20 14:54:12", "elapsed": 10907.462176322937, "delta": 27.058108806610107}, "costs": {"total_cost": 2345.557097793564, "time_cost": 150, "final_distance_cost": 294.5253403567776, "oscillation_cost": 368.4654258500464, "completition_cost": 1000.0, "overshoot_cost": 494.1713075673245, "power_cost": 21.20952733154297, "noise_cost": 17.18549668787223, "n_waypoints_completed": 0, "tot_waypoints": 9}}
{"target": -1928.682446250832, "params": {"k_pid_pos": [9.999999747378752e-05, 0.9858458042144775, 0.0071964263916015625], "k_pid_alt": [1.8062865734100342, 1.0, 0.0], "k_pid_att": [100.0, 0.13810691237449646, 0.0024911463260650635], "k_pid_yaw": [0.5, 1e-06, 0.1], "k_pid_hsp": [9.999999747378752e-05, 0.0, 0.0], "k_pid_vsp": [0.0, 367.89422607421875, 400.0]}, "datetime": {"datetime": "2025-08-20 14:54:39", "elapsed": 10934.032732486725, "delta": 26.570556163787842}, "costs": {"total_cost": 1928.682446250832, "time_cost": 150, "final_distance_cost": 338.96942911555635, "oscillation_cost": 30.88220019769862, "completition_cost": 1000.0, "overshoot_cost": 383.053042925366, "power_cost": 11.816498059082031, "noise_cost": 13.961275953128943, "n_waypoints_completed": 0, "tot_waypoints": 9}}
{"target": -1493.7440048260771, "params": {"k_pid_pos": [9.999999747378752e-05, 0.9427634477615356, 0.0], "k_pid_alt": [1.922595739364624, 1.0, 0.0], "k_pid_att": [98.1095962524414, 9.999999747378752e-05, 0.009548425674438477], "k_pid_yaw": [0.5, 1e-06, 0.1], "k_pid_hsp": [0.3862409293651581, 0.05068349838256836, 0.06741559505462646], "k_pid_vsp": [0.0, 400.0, 385.3643798828125]}, "datetime": {"datetime": "2025-08-20 14:55:05", "elapsed": 10960.387281179428, "delta": 26.354548692703247}, "costs": {"total_cost": 1493.7440048260771, "time_cost": 150, "final_distance_cost": 9.446380529251867, "oscillation_cost": 147.20433558528998, "completition_cost": 1000.0, "overshoot_cost": 132.70348550598166, "power_cost": 20.02324482421875, "noise_cost": 34.366558381334784, "n_waypoints_completed": 0, "tot_waypoints": 9}}
{"target": -1916.4035558129967, "params": {"k_pid_pos": [0.012712069787085056, 0.9466170072555542, 0.021330267190933228], "k_pid_alt": [1.8132649660110474, 0.9801056981086731, 0.0521206259727478], "k_pid_att": [100.0, 0.17147564888000488, 0.07358032464981079], "k_pid_yaw": [0.5, 1e-06, 0.1], "k_pid_hsp": [9.999999747378752e-05, 0.06695994734764099, 0.04045918583869934], "k_pid_vsp": [10.908687591552734, 399.8741149902344, 400.0]}, "datetime": {"datetime": "2025-08-20 14:55:29", "elapsed": 10983.926069021225, "delta": 23.538787841796875}, "costs": {"total_cost": 1916.4035558129967, "time_cost": 150, "final_distance_cost": 271.0554730372208, "oscillation_cost": 73.8800575263002, "completition_cost": 1000.0, "overshoot_cost": 392.21114074344166, "power_cost": 14.795855615234375, "noise_cost": 14.461028890799716, "n_waypoints_completed": 0, "tot_waypoints": 9}}
{"target": -1459.505424066072, "params": {"k_pid_pos": [0.04431281238794327, 1.0, 0.0], "k_pid_alt": [1.829350471496582, 1.0, 0.0], "k_pid_att": [100.0, 9.999999747378752e-05, 0.03334721922874451], "k_pid_yaw": [0.5, 1e-06, 0.1], "k_pid_hsp": [9.999999747378752e-05, 0.04268288612365723, 0.0], "k_pid_vsp": [0.0, 383.3291015625, 400.0]}, "datetime": {"datetime": "2025-08-20 14:55:51", "elapsed": 11006.317764997482, "delta": 22.391695976257324}, "costs": {"total_cost": 1459.505424066072, "time_cost": 150, "final_distance_cost": 35.625575918396926, "oscillation_cost": 33.43352602565875, "completition_cost": 1000.0, "overshoot_cost": 154.51740245870184, "power_cost": 20.938001147460938, "noise_cost": 64.99091851585342, "n_waypoints_completed": 0, "tot_waypoints": 9}}
{"target": -1414.275536011696, "params": {"k_pid_pos": [9.999999747378752e-05, 1.0, 0.06615149974822998], "k_pid_alt": [1.9881086349487305, 0.966032862663269, 0.03735056519508362], "k_pid_att": [100.0, 0.827869713306427, 0.0964004397392273], "k_pid_yaw": [0.5, 1e-06, 0.1], "k_pid_hsp": [0.1668834537267685, 0.0, 0.0], "k_pid_vsp": [23.775875091552734, 400.0, 370.89605712890625]}, "datetime": {"datetime": "2025-08-20 14:56:14", "elapsed": 11028.74500989914, "delta": 22.427244901657104}, "costs": {"total_cost": 1414.275536011696, "time_cost": 150, "final_distance_cost": 13.922080197664634, "oscillation_cost": 56.428986662729734, "completition_cost": 1000.0, "overshoot_cost": 140.19579149478997, "power_cost": 10.775079455566408, "noise_cost": 42.95359820094527, "n_waypoints_completed": 0, "tot_waypoints": 9}}
{"target": -3322.0193666431896, "params": {"k_pid_pos": [0.1343117505311966, 0.9128330945968628, 0.03530240058898926], "k_pid_alt": [2.0, 0.9501144886016846, 0.028321057558059692], "k_pid_att": [100.0, 1.0407766103744507, 0.0], "k_pid_yaw": [0.5, 1e-06, 0.1], "k_pid_hsp": [9.999999747378752e-05, 0.019174933433532715, 0.045717477798461914], "k_pid_vsp": [10.311830520629883, 400.0, 396.0538330078125]}, "datetime": {"datetime": "2025-08-20 14:56:36", "elapsed": 11050.946187973022, "delta": 22.201178073883057}, "costs": {"total_cost": 3322.0193666431896, "time_cost": 150, "final_distance_cost": 764.6938653249315, "oscillation_cost": 124.84770985943703, "completition_cost": 1000.0, "overshoot_cost": 1243.6976579972088, "power_cost": 21.3538240234375, "noise_cost": 17.426309438174822, "n_waypoints_completed": 0, "tot_waypoints": 9}}
{"target": -1660.5620694750642, "params": {"k_pid_pos": [9.999999747378752e-05, 1.0, 0.03629487752914429], "k_pid_alt": [1.9883606433868408, 1.0, 0.017720818519592285], "k_pid_att": [100.0, 0.2113787680864334, 0.016716808080673218], "k_pid_yaw": [0.5, 1e-06, 0.1], "k_pid_hsp": [9.999999747378752e-05, 0.01905176043510437, 0.0], "k_pid_vsp": [0.0, 358.78021240234375, 400.0]}, "datetime": {"datetime": "2025-08-20 14:56:59", "elapsed": 11074.349274158478, "delta": 23.403086185455322}, "costs": {"total_cost": 1660.5620694750642, "time_cost": 150, "final_distance_cost": 215.3411953274258, "oscillation_cost": 31.752706679046078, "completition_cost": 1000.0, "overshoot_cost": 235.74201522071678, "power_cost": 13.353462182617188, "noise_cost": 14.372690065258473, "n_waypoints_completed": 0, "tot_waypoints": 9}}
{"target": -1434.7608359155192, "params": {"k_pid_pos": [9.999999747378752e-05, 0.9581454396247864, 0.0], "k_pid_alt": [2.0, 0.9976176023483276, 0.07506299018859863], "k_pid_att": [95.43719482421875, 0.4285547435283661, 0.0], "k_pid_yaw": [0.5, 1e-06, 0.1], "k_pid_hsp": [0.03439110517501831, 0.007249951362609863, 0.0], "k_pid_vsp": [0.0, 400.0, 394.1277160644531]}, "datetime": {"datetime": "2025-08-20 14:57:23", "elapsed": 11098.435069799423, "delta": 24.085795640945435}, "costs": {"total_cost": 1434.7608359155192, "time_cost": 150, "final_distance_cost": 15.70878157937115, "oscillation_cost": 40.72170892426533, "completition_cost": 1000.0, "overshoot_cost": 141.41523474018777, "power_cost": 21.29577421875, "noise_cost": 65.61933645294505, "n_waypoints_completed": 0, "tot_waypoints": 9}}
{"target": -1512.3936832622544, "params": {"k_pid_pos": [0.026633350178599358, 0.9447060823440552, 0.0], "k_pid_alt": [1.986387014389038, 0.8489266037940979, 0.0], "k_pid_att": [100.0, 9.999999747378752e-05, 0.0], "k_pid_yaw": [0.5, 1e-06, 0.1], "k_pid_hsp": [0.4776062071323395, 0.03911590576171875, 0.0], "k_pid_vsp": [8.35559368133545, 372.2589416503906, 400.0]}, "datetime": {"datetime": "2025-08-20 14:57:48", "elapsed": 11122.616512060165, "delta": 24.181442260742188}, "costs": {"total_cost": 1512.3936832622544, "time_cost": 150, "final_distance_cost": 12.796514483206849, "oscillation_cost": 62.7770856065907, "completition_cost": 1000.0, "overshoot_cost": 139.5728687389112, "power_cost": 38.07900242919922, "noise_cost": 109.16821200434642, "n_waypoints_completed": 0, "tot_waypoints": 9}}
{"target": -2097.167985128758, "params": {"k_pid_pos": [9.999999747378752e-05, 0.9934592247009277, 0.02386978268623352], "k_pid_alt": [1.9223172664642334, 0.9397447109222412, 0.0509360134601593], "k_pid_att": [99.84132385253906, 0.24288636445999146, 0.0], "k_pid_yaw": [0.5, 1e-06, 0.1], "k_pid_hsp": [9.999999747378752e-05, 0.0, 0.015312045812606812], "k_pid_vsp": [0.0, 362.56610107421875, 379.9836730957031]}, "datetime": {"datetime": "2025-08-20 14:58:11", "elapsed": 11145.884402513504, "delta": 23.267890453338623}, "costs": {"total_cost": 2097.167985128758, "time_cost": 150, "final_distance_cost": 387.191367790147, "oscillation_cost": 32.70453501247962, "completition_cost": 1000.0, "overshoot_cost": 462.54758614956705, "power_cost": 38.035036828613286, "noise_cost": 26.68945934795156, "n_waypoints_completed": 0, "tot_waypoints": 9}}
{"target": -1448.0698049796965, "params": {"k_pid_pos": [9.999999747378752e-05, 0.9847003221511841, 0.0028125345706939697], "k_pid_alt": [2.0, 1.0, 0.0], "k_pid_att": [100.0, 9.999999747378752e-05, 0.0], "k_pid_yaw": [0.5, 1e-06, 0.1], "k_pid_hsp": [0.1907930225133896, 0.0, 0.032935261726379395], "k_pid_vsp": [18.317306518554688, 400.0, 400.0]}, "datetime": {"datetime": "2025-08-20 14:58:36", "elapsed": 11170.80383849144, "delta": 24.91943597793579}, "costs": {"total_cost": 1448.0698049796965, "time_cost": 150, "final_distance_cost": 18.469547673237024, "oscillation_cost": 78.16523468537925, "completition_cost": 1000.0, "overshoot_cost": 136.93557864760723, "power_cost": 17.321618615722656, "noise_cost": 47.17782535775036, "n_waypoints_completed": 0, "tot_waypoints": 9}}
{"target": -1445.5476616794558, "params": {"k_pid_pos": [9.999999747378752e-05, 0.9998925924301147, 0.01721516251564026], "k_pid_alt": [1.8950109481811523, 1.0, 0.0], "k_pid_att": [93.3637466430664, 0.05943821370601654, 0.0], "k_pid_yaw": [0.5, 1e-06, 0.1], "k_pid_hsp": [9.999999747378752e-05, 0.05027094483375549, 0.011080026626586914], "k_pid_vsp": [3.0928730964660645, 387.1697998046875, 400.0]}, "datetime": {"datetime": "2025-08-20 14:59:01", "elapsed": 11195.55546617508, "delta": 24.751627683639526}, "costs": {"total_cost": 1445.5476616794558, "time_cost": 150, "final_distance_cost": 28.57927160072107, "oscillation_cost": 36.67178881157523, "completition_cost": 1000.0, "overshoot_cost": 150.95996719075416, "power_cost": 18.414775061035158, "noise_cost": 60.92185901537005, "n_waypoints_completed": 0, "tot_waypoints": 9}}
{"target": -1335.0589978528633, "params": {"k_pid_pos": [9.999999747378752e-05, 0.933132529258728, 0.0], "k_pid_alt": [2.0, 1.0, 0.013427883386611938], "k_pid_att": [100.0, 0.18154366314411163, 0.0], "k_pid_yaw": [0.5, 1e-06, 0.1], "k_pid_hsp": [9.999999747378752e-05, 0.03141045570373535, 0.009904712438583374], "k_pid_vsp": [0.0, 355.928466796875, 372.5099182128906]}, "datetime": {"datetime": "2025-08-20 14:59:27", "elapsed": 11221.949545145035, "delta": 26.394078969955444}, "costs": {"total_cost": 1335.0589978528633, "time_cost": 150, "final_distance_cost": 73.92094902119098, "oscillation_cost": 38.32808055622877, "completition_cost": 888.8888888888888, "overshoot_cost": 127.71868988076814, "power_cost": 30.450597583007813, "noise_cost": 25.751791922778885, "n_waypoints_completed": 1, "tot_waypoints": 9}}
{"target": -1416.0301405807097, "params": {"k_pid_pos": [9.999999747378752e-05, 1.0, 0.0], "k_pid_alt": [1.887311339378357, 0.9836156964302063, 0.04066634178161621], "k_pid_att": [93.38813018798828, 0.15647628903388977, 0.0], "k_pid_yaw": [0.5, 1e-06, 0.1], "k_pid_hsp": [0.058362361043691635, 0.0, 0.016783475875854492], "k_pid_vsp": [0.0, 388.7265625, 398.99908447265625]}, "datetime": {"datetime": "2025-08-20 14:59:54", "elapsed": 11248.584442615509, "delta": 26.634897470474243}, "costs": {"total_cost": 1416.0301405807097, "time_cost": 150, "final_distance_cost": 15.992296639801653, "oscillation_cost": 45.82624862950685, "completition_cost": 1000.0, "overshoot_cost": 139.86922596208365, "power_cost": 14.638426049804687, "noise_cost": 49.703943299512865, "n_waypoints_completed": 0, "tot_waypoints": 9}}
{"target": -1943.6225486721842, "params": {"k_pid_pos": [0.004857404623180628, 1.0, 0.09870675206184387], "k_pid_alt": [2.0, 0.9264897108078003, 0.0], "k_pid_att": [100.0, 0.24084670841693878, 0.13609027862548828], "k_pid_yaw": [0.5, 1e-06, 0.1], "k_pid_hsp": [9.999999747378752e-05, 0.002783834934234619, 0.0], "k_pid_vsp": [39.508079528808594, 396.29052734375, 397.2742614746094]}, "datetime": {"datetime": "2025-08-20 15:00:20", "elapsed": 11275.02234339714, "delta": 26.43790078163147}, "costs": {"total_cost": 1943.6225486721842, "time_cost": 150, "final_distance_cost": 329.4584434703978, "oscillation_cost": 24.826883704717957, "completition_cost": 1000.0, "overshoot_cost": 374.21808423122116, "power_cost": 37.85478983154297, "noise_cost": 27.26434743430417, "n_waypoints_completed": 0, "tot_waypoints": 9}}
{"target": -2008.6320560758356, "params": {"k_pid_pos": [9.999999747378752e-05, 0.9819073677062988, 0.026361733675003052], "k_pid_alt": [1.9005537033081055, 1.0, 0.0], "k_pid_att": [94.65462493896484, 9.999999747378752e-05, 0.0], "k_pid_yaw": [0.5, 1e-06, 0.1], "k_pid_hsp": [9.999999747378752e-05, 0.007894754409790039, 0.011009454727172852], "k_pid_vsp": [9.589874267578125, 400.0, 400.0]}, "datetime": {"datetime": "2025-08-20 15:00:46", "elapsed": 11301.281037807465, "delta": 26.258694410324097}, "costs": {"total_cost": 2008.6320560758356, "time_cost": 150, "final_distance_cost": 352.50438579358075, "oscillation_cost": 27.048122610986724, "completition_cost": 1000.0, "overshoot_cost": 414.37466287137846, "power_cost": 37.91339989013672, "noise_cost": 26.791484909752892, "n_waypoints_completed": 0, "tot_waypoints": 9}}
{"target": -1450.9175282743577, "params": {"k_pid_pos": [9.999999747378752e-05, 1.0, 0.0], "k_pid_alt": [1.9658465385437012, 0.9414482712745667, 0.025886356830596924], "k_pid_att": [96.7831039428711, 0.6176921129226685, 0.0019138753414154053], "k_pid_yaw": [0.5, 1e-06, 0.1], "k_pid_hsp": [0.13220611214637756, 0.0, 0.0], "k_pid_vsp": [7.713723182678223, 400.0, 400.0]}, "datetime": {"datetime": "2025-08-20 15:01:10", "elapsed": 11324.926234960556, "delta": 23.64519715309143}, "costs": {"total_cost": 1450.9175282743577, "time_cost": 150, "final_distance_cost": 9.57919019283703, "oscillation_cost": 52.916161616877766, "completition_cost": 1000.0, "overshoot_cost": 140.68213317272034, "power_cost": 23.63943505859375, "noise_cost": 74.10060823332874, "n_waypoints_completed": 0, "tot_waypoints": 9}}
{"target": -2716.8314533868142, "params": {"k_pid_pos": [0.011302966624498367, 0.9863461256027222, 0.0], "k_pid_alt": [2.0, 0.9849767684936523, 0.021016925573349], "k_pid_att": [100.0, 9.999999747378752e-05, 0.04817876219749451], "k_pid_yaw": [0.5, 1e-06, 0.1], "k_pid_hsp": [9.999999747378752e-05, 0.0, 0.026901960372924805], "k_pid_vsp": [32.3436279296875, 395.13177490234375, 387.64141845703125]}, "datetime": {"datetime": "2025-08-20 15:01:33", "elapsed": 11348.3441324234, "delta": 23.41789746284485}, "costs": {"total_cost": 2716.8314533868142, "time_cost": 150, "final_distance_cost": 597.1579596641116, "oscillation_cost": 87.46834417038934, "completition_cost": 1000.0, "overshoot_cost": 821.0489699533865, "power_cost": 36.01288328857422, "noise_cost": 25.143296310352333, "n_waypoints_completed": 0, "tot_waypoints": 9}}
{"target": -3305.9491917658834, "params": {"k_pid_pos": [9.999999747378752e-05, 0.9055289030075073, 0.01692226529121399], "k_pid_alt": [2.0, 1.0, 0.019674599170684814], "k_pid_att": [95.41307830810547, 9.999999747378752e-05, 0.0], "k_pid_yaw": [0.5, 1e-06, 0.1], "k_pid_hsp": [9.999999747378752e-05, 0.0, 0.06528729200363159], "k_pid_vsp": [0.0, 399.04327392578125, 400.0]}, "datetime": {"datetime": "2025-08-20 15:01:57", "elapsed": 11371.723284959793, "delta": 23.379152536392212}, "costs": {"total_cost": 3305.9491917658834, "time_cost": 150, "final_distance_cost": 709.9555391740922, "oscillation_cost": 284.18184692662567, "completition_cost": 1000.0, "overshoot_cost": 1121.6291794718547, "power_cost": 22.400696215820314, "noise_cost": 17.781929977490623, "n_waypoints_completed": 0, "tot_waypoints": 9}}
{"target": -1458.196005695797, "params": {"k_pid_pos": [9.999999747378752e-05, 1.0, 0.0], "k_pid_alt": [2.0, 0.955597996711731, 0.08975350856781006], "k_pid_att": [97.82337951660156, 0.0801437646150589, 0.025868773460388184], "k_pid_yaw": [0.5, 1e-06, 0.1], "k_pid_hsp": [0.33517277240753174, 0.0, 0.038259267807006836], "k_pid_vsp": [3.1970739364624023, 382.4354553222656, 400.0]}, "datetime": {"datetime": "2025-08-20 15:02:21", "elapsed": 11396.346780776978, "delta": 24.62349581718445}, "costs": {"total_cost": 1458.196005695797, "time_cost": 150, "final_distance_cost": 6.511260253131072, "oscillation_cost": 101.97395661918465, "completition_cost": 1000.0, "overshoot_cost": 134.30008434838462, "power_cost": 22.172165722656253, "noise_cost": 43.238538752440384, "n_waypoints_completed": 0, "tot_waypoints": 9}}
{"target": -1499.7866686661018, "params": {"k_pid_pos": [0.09915486723184586, 1.0, 0.0], "k_pid_alt": [2.0, 0.9951024651527405, 0.0], "k_pid_att": [99.4237060546875, 9.999999747378752e-05, 0.0], "k_pid_yaw": [0.5, 1e-06, 0.1], "k_pid_hsp": [1.191386103630066, 0.0, 0.03541150689125061], "k_pid_vsp": [0.0, 400.0, 387.884765625]}, "datetime": {"datetime": "2025-08-20 15:02:45", "elapsed": 11419.981271743774, "delta": 23.634490966796875}, "costs": {"total_cost": 1499.7866686661018, "time_cost": 150, "final_distance_cost": 6.864247361393673, "oscillation_cost": 98.1089115223244, "completition_cost": 1000.0, "overshoot_cost": 139.49271164968079, "power_cost": 27.74597069091797, "noise_cost": 77.57482744178496, "n_waypoints_completed": 0, "tot_waypoints": 9}}
{"target": -3426.761912203543, "params": {"k_pid_pos": [0.11577288806438446, 1.0, 0.0], "k_pid_alt": [1.937182903289795, 1.0, 0.002702385187149048], "k_pid_att": [100.0, 0.646052896976471, 0.04671800136566162], "k_pid_yaw": [0.5, 1e-06, 0.1], "k_pid_hsp": [9.999999747378752e-05, 0.004767566919326782, 0.05848094820976257], "k_pid_vsp": [8.20716667175293, 364.6515197753906, 400.0]}, "datetime": {"datetime": "2025-08-20 15:03:09", "elapsed": 11444.171060323715, "delta": 24.189788579940796}, "costs": {"total_cost": 3426.761912203543, "time_cost": 150, "final_distance_cost": 783.35436658142, "oscillation_cost": 178.10527598893492, "completition_cost": 1000.0, "overshoot_cost": 1275.3752390248396, "power_cost": 22.11228740234375, "noise_cost": 17.81474320600479, "n_waypoints_completed": 0, "tot_waypoints": 9}}
{"target": -1384.057367351952, "params": {"k_pid_pos": [9.999999747378752e-05, 0.9366549849510193, 0.0], "k_pid_alt": [2.0, 1.0, 0.03563207387924194], "k_pid_att": [94.30769348144531, 9.999999747378752e-05, 0.02834683656692505], "k_pid_yaw": [0.5, 1e-06, 0.1], "k_pid_hsp": [0.01398774329572916, 0.01038283109664917, 0.0], "k_pid_vsp": [1.7189264297485352, 372.4073181152344, 388.27947998046875]}, "datetime": {"datetime": "2025-08-20 15:03:34", "elapsed": 11468.517124652863, "delta": 24.34606432914734}, "costs": {"total_cost": 1384.057367351952, "time_cost": 150, "final_distance_cost": 58.255336123521424, "oscillation_cost": 28.919731013330463, "completition_cost": 1000.0, "overshoot_cost": 79.16075308335466, "power_cost": 37.866379418945314, "noise_cost": 29.855167712800355, "n_waypoints_completed": 0, "tot_waypoints": 9}}
{"target": -1445.2749238366512, "params": {"k_pid_pos": [9.999999747378752e-05, 1.0, 0.024248361587524414], "k_pid_alt": [1.8402049541473389, 1.0, 0.024674683809280396], "k_pid_att": [95.06605529785156, 0.012376347556710243, 0.0], "k_pid_yaw": [0.5, 1e-06, 0.1], "k_pid_hsp": [0.6915579438209534, 0.0, 0.0], "k_pid_vsp": [0.0, 381.37921142578125, 379.1302490234375]}, "datetime": {"datetime": "2025-08-20 15:03:58", "elapsed": 11493.107505559921, "delta": 24.590380907058716}, "costs": {"total_cost": 1445.2749238366512, "time_cost": 150, "final_distance_cost": 14.005509700445895, "oscillation_cost": 65.78657035752065, "completition_cost": 1000.0, "overshoot_cost": 139.72207262235733, "power_cost": 17.223001135253906, "noise_cost": 58.53777002107328, "n_waypoints_completed": 0, "tot_waypoints": 9}}
{"target": -2847.030482135574, "params": {"k_pid_pos": [9.999999747378752e-05, 1.0, 0.0], "k_pid_alt": [2.0, 1.0, 0.017481476068496704], "k_pid_att": [100.0, 0.41288453340530396, 0.059479475021362305], "k_pid_yaw": [0.5, 1e-06, 0.1], "k_pid_hsp": [9.999999747378752e-05, 0.0, 0.08451986312866211], "k_pid_vsp": [18.744205474853516, 400.0, 400.0]}, "datetime": {"datetime": "2025-08-20 15:04:22", "elapsed": 11516.836131572723, "delta": 23.728626012802124}, "costs": {"total_cost": 2847.030482135574, "time_cost": 150, "final_distance_cost": 483.2888020962273, "oscillation_cost": 326.6288578151063, "completition_cost": 1000.0, "overshoot_cost": 847.8423362963961, "power_cost": 21.78691856689453, "noise_cost": 17.48356736094951, "n_waypoints_completed": 0, "tot_waypoints": 9}}
