{"target": -2225.5276798956356, "params": {"k_pid_pos": [0.3124344050884247, 0.9839233160018921, 0.0], "k_pid_alt": [2.0, 1.0, 0.0], "k_pid_att": [93.36779022216797, 9.999999747378752e-05, 0.045662134885787964], "k_pid_yaw": [0.5, 1e-06, 0.1], "k_pid_hsp": [9.999999747378752e-05, 0.05042707920074463, 0.07371655106544495], "k_pid_vsp": [37.197994232177734, 378.3544921875, 400.0]}, "datetime": {"datetime": "2025-08-20 17:49:09", "elapsed": 21404.00597000122, "delta": 24.487950563430786}, "costs": {"total_cost": 2225.5276798956356, "time_cost": 150, "final_distance_cost": 269.2340617234552, "oscillation_cost": 309.3578500217683, "completition_cost": 1000.0, "overshoot_cost": 458.1138887154323, "power_cost": 21.42937462158203, "noise_cost": 17.39250481339733, "n_waypoints_completed": 0, "tot_waypoints": 9}}
{"target": -1481.9214421774193, "params": {"k_pid_pos": [0.03953544422984123, 1.0, 0.05111289024353027], "k_pid_alt": [2.0, 0.9726735353469849, 0.0], "k_pid_att": [100.0, 9.999999747378752e-05, 0.03389960527420044], "k_pid_yaw": [0.5, 1e-06, 0.1], "k_pid_hsp": [0.7392593622207642, 0.037141770124435425, 0.0], "k_pid_vsp": [0.0, 375.3333740234375, 394.8579406738281]}, "datetime": {"datetime": "2025-08-20 17:49:36", "elapsed": 21430.85161614418, "delta": 26.845646142959595}, "costs": {"total_cost": 1481.9214421774193, "time_cost": 150, "final_distance_cost": 14.119945446243854, "oscillation_cost": 64.6636378790369, "completition_cost": 1000.0, "overshoot_cost": 139.33784199560276, "power_cost": 28.309511669921875, "noise_cost": 85.4905051866139, "n_waypoints_completed": 0, "tot_waypoints": 9}}
{"target": -1415.389284830677, "params": {"k_pid_pos": [0.16437625885009766, 0.9988889098167419, 0.03668782114982605], "k_pid_alt": [2.0, 0.9839349985122681, 0.01543775200843811], "k_pid_att": [100.0, 9.999999747378752e-05, 0.08436018228530884], "k_pid_yaw": [0.5, 1e-06, 0.1], "k_pid_hsp": [0.030301371589303017, 0.0, 0.0], "k_pid_vsp": [0.0, 383.5929260253906, 400.0]}, "datetime": {"datetime": "2025-08-20 17:50:00", "elapsed": 21455.32937479019, "delta": 24.477758646011353}, "costs": {"total_cost": 1415.389284830677, "time_cost": 150, "final_distance_cost": 13.3578905595165, "oscillation_cost": 37.806750287316746, "completition_cost": 1000.0, "overshoot_cost": 139.6436058466751, "power_cost": 17.71213748779297, "noise_cost": 56.868900649375846, "n_waypoints_completed": 0, "tot_waypoints": 9}}
{"target": -1411.8057680041018, "params": {"k_pid_pos": [9.999999747378752e-05, 1.0, 0.0], "k_pid_alt": [1.86875581741333, 1.0, 0.05028808116912842], "k_pid_att": [99.71240997314453, 0.6485026478767395, 0.07634717226028442], "k_pid_yaw": [0.5, 1e-06, 0.1], "k_pid_hsp": [0.014486330561339855, 0.02728193998336792, 0.0], "k_pid_vsp": [22.258747100830078, 400.0, 376.9886169433594]}, "datetime": {"datetime": "2025-08-20 17:50:22", "elapsed": 21477.28272008896, "delta": 21.95334529876709}, "costs": {"total_cost": 1411.8057680041018, "time_cost": 150, "final_distance_cost": 2.17595722929461, "oscillation_cost": 37.55921848570755, "completition_cost": 1000.0, "overshoot_cost": 147.93509491006074, "power_cost": 17.11622004394531, "noise_cost": 57.019277335093356, "n_waypoints_completed": 0, "tot_waypoints": 9}}
{"target": -1484.864872697926, "params": {"k_pid_pos": [9.999999747378752e-05, 0.9611830115318298, 0.0034251511096954346], "k_pid_alt": [1.8633127212524414, 1.0, 0.0], "k_pid_att": [94.19532012939453, 0.47650501132011414, 0.03131559491157532], "k_pid_yaw": [0.5, 1e-06, 0.1], "k_pid_hsp": [0.3236417770385742, 0.010258883237838745, 0.05490446090698242], "k_pid_vsp": [0.0, 400.0, 387.8996887207031]}, "datetime": {"datetime": "2025-08-20 17:50:45", "elapsed": 21499.835180282593, "delta": 22.552460193634033}, "costs": {"total_cost": 1484.864872697926, "time_cost": 150, "final_distance_cost": 21.017292324149743, "oscillation_cost": 127.87306545240187, "completition_cost": 1000.0, "overshoot_cost": 126.84106039522034, "power_cost": 26.498419958496093, "noise_cost": 32.635034567658, "n_waypoints_completed": 0, "tot_waypoints": 9}}
{"target": -1418.7324610041169, "params": {"k_pid_pos": [9.999999747378752e-05, 0.9820073246955872, 0.07882696390151978], "k_pid_alt": [2.0, 1.0, 0.08879172801971436], "k_pid_att": [100.0, 0.7803050875663757, 0.03771910071372986], "k_pid_yaw": [0.5, 1e-06, 0.1], "k_pid_hsp": [0.3796445429325104, 0.0, 0.0], "k_pid_vsp": [15.159082412719727, 390.1141052246094, 398.1392517089844]}, "datetime": {"datetime": "2025-08-20 17:51:07", "elapsed": 21522.492841959, "delta": 22.65766167640686}, "costs": {"total_cost": 1418.7324610041169, "time_cost": 150, "final_distance_cost": 12.090043712433722, "oscillation_cost": 63.556832329344026, "completition_cost": 1000.0, "overshoot_cost": 139.5688008142616, "power_cost": 10.68529990234375, "noise_cost": 42.831484245733954, "n_waypoints_completed": 0, "tot_waypoints": 9}}
{"target": -1395.2777666286024, "params": {"k_pid_pos": [0.1299322098493576, 1.0, 0.0], "k_pid_alt": [2.0, 1.0, 0.019279003143310547], "k_pid_att": [100.0, 9.999999747378752e-05, 0.017983675003051758], "k_pid_yaw": [0.5, 1e-06, 0.1], "k_pid_hsp": [0.2385382503271103, 0.0, 0.0], "k_pid_vsp": [10.2891206741333, 400.0, 400.0]}, "datetime": {"datetime": "2025-08-20 17:51:30", "elapsed": 21544.90816426277, "delta": 22.415322303771973}, "costs": {"total_cost": 1395.2777666286024, "time_cost": 150, "final_distance_cost": 13.048012166185751, "oscillation_cost": 61.5466557369101, "completition_cost": 1000.0, "overshoot_cost": 139.71071363252176, "power_cost": 4.073113354492188, "noise_cost": 26.899271738492963, "n_waypoints_completed": 0, "tot_waypoints": 9}}
{"target": -1478.051861643939, "params": {"k_pid_pos": [9.999999747378752e-05, 0.9739947319030762, 0.0], "k_pid_alt": [1.9906628131866455, 1.0, 0.00841638445854187], "k_pid_att": [100.0, 0.5270942449569702, 0.0], "k_pid_yaw": [0.5, 1e-06, 0.1], "k_pid_hsp": [0.26959967613220215, 0.0, 0.030224859714508057], "k_pid_vsp": [18.408084869384766, 400.0, 399.2881774902344]}, "datetime": {"datetime": "2025-08-20 17:51:53", "elapsed": 21568.195724248886, "delta": 23.287559986114502}, "costs": {"total_cost": 1478.051861643939, "time_cost": 150, "final_distance_cost": 17.76382236229205, "oscillation_cost": 92.71619887504208, "completition_cost": 1000.0, "overshoot_cost": 138.955064753211, "power_cost": 19.831593603515625, "noise_cost": 58.785182049878244, "n_waypoints_completed": 0, "tot_waypoints": 9}}
{"target": -1451.0042136091993, "params": {"k_pid_pos": [9.999999747378752e-05, 1.0, 0.0], "k_pid_alt": [1.8779380321502686, 0.9128092527389526, 0.0], "k_pid_att": [97.2353286743164, 0.566131055355072, 0.0], "k_pid_yaw": [0.5, 1e-06, 0.1], "k_pid_hsp": [0.10640799254179001, 0.06018781661987305, 0.0], "k_pid_vsp": [16.782867431640625, 399.6868591308594, 393.6004638671875]}, "datetime": {"datetime": "2025-08-20 17:52:16", "elapsed": 21590.665731430054, "delta": 22.470007181167603}, "costs": {"total_cost": 1451.0042136091993, "time_cost": 150, "final_distance_cost": 21.59468868211277, "oscillation_cost": 52.62563060974152, "completition_cost": 1000.0, "overshoot_cost": 142.79514162900222, "power_cost": 19.569997998046876, "noise_cost": 64.41875469029586, "n_waypoints_completed": 0, "tot_waypoints": 9}}
{"target": -1946.6493496611124, "params": {"k_pid_pos": [9.999999747378752e-05, 0.8939210176467896, 0.08000892400741577], "k_pid_alt": [1.9251550436019897, 1.0, 0.0], "k_pid_att": [100.0, 9.999999747378752e-05, 0.0], "k_pid_yaw": [0.5, 1e-06, 0.1], "k_pid_hsp": [9.999999747378752e-05, 0.0, 0.0], "k_pid_vsp": [0.0, 400.0, 378.88800048828125]}, "datetime": {"datetime": "2025-08-20 17:52:38", "elapsed": 21613.34957766533, "delta": 22.68384623527527}, "costs": {"total_cost": 1946.6493496611124, "time_cost": 150, "final_distance_cost": 345.1586186929814, "oscillation_cost": 31.225576518513755, "completition_cost": 1000.0, "overshoot_cost": 395.66465032247254, "power_cost": 11.409831799316407, "noise_cost": 13.190672327828151, "n_waypoints_completed": 0, "tot_waypoints": 9}}
{"target": -1775.1977533930988, "params": {"k_pid_pos": [0.08797353506088257, 0.9647766947746277, 0.0], "k_pid_alt": [1.8718515634536743, 0.98395174741745, 0.0], "k_pid_att": [100.0, 0.13647763431072235, 0.0], "k_pid_yaw": [0.5, 1e-06, 0.1], "k_pid_hsp": [0.00929094385355711, 0.0, 0.0], "k_pid_vsp": [0.0, 392.64776611328125, 375.9381408691406]}, "datetime": {"datetime": "2025-08-20 17:53:01", "elapsed": 21636.02315545082, "delta": 22.673577785491943}, "costs": {"total_cost": 1775.1977533930988, "time_cost": 150, "final_distance_cost": 274.22371916831275, "oscillation_cost": 31.529811776424843, "completition_cost": 1000.0, "overshoot_cost": 293.7880901942658, "power_cost": 12.207894482421876, "noise_cost": 13.448237771673517, "n_waypoints_completed": 0, "tot_waypoints": 9}}
{"target": -1488.1381471049856, "params": {"k_pid_pos": [0.17984282970428467, 1.0, 0.04497772455215454], "k_pid_alt": [1.944072961807251, 0.9655816555023193, 0.04427957534790039], "k_pid_att": [100.0, 9.999999747378752e-05, 0.0], "k_pid_yaw": [0.5, 1e-06, 0.1], "k_pid_hsp": [0.49480435252189636, 0.0, 0.056340962648391724], "k_pid_vsp": [0.0, 388.753662109375, 400.0]}, "datetime": {"datetime": "2025-08-20 17:53:23", "elapsed": 21657.851512670517, "delta": 21.828357219696045}, "costs": {"total_cost": 1488.1381471049856, "time_cost": 150, "final_distance_cost": 13.503330940631114, "oscillation_cost": 133.95268006978344, "completition_cost": 1000.0, "overshoot_cost": 133.02017801095275, "power_cost": 19.414093603515624, "noise_cost": 38.247864480102564, "n_waypoints_completed": 0, "tot_waypoints": 9}}
{"target": -1946.1996730012013, "params": {"k_pid_pos": [0.03488710895180702, 0.8997719287872314, 0.0], "k_pid_alt": [2.0, 1.0, 0.024580001831054688], "k_pid_att": [98.3774185180664, 9.999999747378752e-05, 0.0], "k_pid_yaw": [0.5, 1e-06, 0.1], "k_pid_hsp": [9.999999747378752e-05, 0.0034637749195098877, 0.0], "k_pid_vsp": [0.0, 392.7171936035156, 400.0]}, "datetime": {"datetime": "2025-08-20 17:53:45", "elapsed": 21679.87286424637, "delta": 22.02135157585144}, "costs": {"total_cost": 1946.1996730012013, "time_cost": 150, "final_distance_cost": 342.6599254858569, "oscillation_cost": 30.938412652407603, "completition_cost": 1000.0, "overshoot_cost": 398.3484678884269, "power_cost": 11.35677996826172, "noise_cost": 12.896087006248283, "n_waypoints_completed": 0, "tot_waypoints": 9}}
{"target": -1458.7039727774163, "params": {"k_pid_pos": [0.11871315538883209, 1.0, 0.02549639344215393], "k_pid_alt": [1.8359930515289307, 1.0, 0.0], "k_pid_att": [96.05078887939453, 0.16236010193824768, 0.09449726343154907], "k_pid_yaw": [0.5, 1e-06, 0.1], "k_pid_hsp": [9.999999747378752e-05, 0.051119863986968994, 0.0], "k_pid_vsp": [32.58799362182617, 385.2340087890625, 400.0]}, "datetime": {"datetime": "2025-08-20 17:54:07", "elapsed": 21702.280242443085, "delta": 22.40737819671631}, "costs": {"total_cost": 1458.7039727774163, "time_cost": 150, "final_distance_cost": 25.847415222156574, "oscillation_cost": 34.37778877961191, "completition_cost": 1000.0, "overshoot_cost": 151.48281163246125, "power_cost": 23.657488720703125, "noise_cost": 73.33846842248342, "n_waypoints_completed": 0, "tot_waypoints": 9}}
{"target": -1502.1683108796383, "params": {"k_pid_pos": [9.999999747378752e-05, 0.9519413709640503, 0.03713175654411316], "k_pid_alt": [1.9336092472076416, 0.9785623550415039, 0.04577350616455078], "k_pid_att": [100.0, 9.999999747378752e-05, 0.0638929009437561], "k_pid_yaw": [0.5, 1e-06, 0.1], "k_pid_hsp": [0.3434726595878601, 0.038160502910614014, 0.0], "k_pid_vsp": [0.0, 400.0, 390.7171325683594]}, "datetime": {"datetime": "2025-08-20 17:54:30", "elapsed": 21724.99756669998, "delta": 22.717324256896973}, "costs": {"total_cost": 1502.1683108796383, "time_cost": 150, "final_distance_cost": 10.841605048227233, "oscillation_cost": 57.99943329799893, "completition_cost": 1000.0, "overshoot_cost": 139.9600504452055, "power_cost": 36.951037792968755, "noise_cost": 106.4161842952378, "n_waypoints_completed": 0, "tot_waypoints": 9}}
{"target": -1466.4267910047117, "params": {"k_pid_pos": [0.08672911673784256, 0.9608767032623291, 0.03465339541435242], "k_pid_alt": [2.0, 1.0, 0.006915479898452759], "k_pid_att": [100.0, 9.999999747378752e-05, 0.0], "k_pid_yaw": [0.5, 1e-06, 0.1], "k_pid_hsp": [0.3270868957042694, 0.0, 0.0], "k_pid_vsp": [4.640340805053711, 373.9035949707031, 390.157470703125]}, "datetime": {"datetime": "2025-08-20 17:54:53", "elapsed": 21747.51438188553, "delta": 22.516815185546875}, "costs": {"total_cost": 1466.4267910047117, "time_cost": 150, "final_distance_cost": 11.172500735919476, "oscillation_cost": 61.218393585333786, "completition_cost": 1000.0, "overshoot_cost": 139.36056190819076, "power_cost": 25.647120043945314, "noise_cost": 79.02821473132263, "n_waypoints_completed": 0, "tot_waypoints": 9}}
{"target": -1453.998611430105, "params": {"k_pid_pos": [0.1431569904088974, 0.9944655895233154, 0.011317312717437744], "k_pid_alt": [2.0, 1.0, 0.09022790193557739], "k_pid_att": [98.43975067138672, 9.999999747378752e-05, 0.0], "k_pid_yaw": [0.5, 1e-06, 0.1], "k_pid_hsp": [0.247214213013649, 0.04427212476730347, 0.035445719957351685], "k_pid_vsp": [0.0, 400.0, 400.0]}, "datetime": {"datetime": "2025-08-20 17:55:15", "elapsed": 21770.252165555954, "delta": 22.737783670425415}, "costs": {"total_cost": 1453.998611430105, "time_cost": 150, "final_distance_cost": 18.56132251567969, "oscillation_cost": 81.10131528605346, "completition_cost": 1000.0, "overshoot_cost": 137.2330622163952, "power_cost": 18.80203193359375, "noise_cost": 48.300879478382875, "n_waypoints_completed": 0, "tot_waypoints": 9}}
{"target": -3163.530034794451, "params": {"k_pid_pos": [9.999999747378752e-05, 1.0, 0.018706053495407104], "k_pid_alt": [2.0, 0.9918190836906433, 0.012517541646957397], "k_pid_att": [100.0, 0.07216636091470718, 0.0], "k_pid_yaw": [0.5, 1e-06, 0.1], "k_pid_hsp": [9.999999747378752e-05, 0.0, 0.05390125513076782], "k_pid_vsp": [15.086674690246582, 400.0, 386.320556640625]}, "datetime": {"datetime": "2025-08-20 17:55:38", "elapsed": 21793.160440683365, "delta": 22.90827512741089}, "costs": {"total_cost": 3163.530034794451, "time_cost": 150, "final_distance_cost": 700.2909039754396, "oscillation_cost": 181.86565625523252, "completition_cost": 1000.0, "overshoot_cost": 1092.2893922098522, "power_cost": 21.5709359375, "noise_cost": 17.513146416426586, "n_waypoints_completed": 0, "tot_waypoints": 9}}
{"target": -1491.1067871660177, "params": {"k_pid_pos": [9.999999747378752e-05, 1.0, 0.0], "k_pid_alt": [1.8927712440490723, 1.0, 0.0], "k_pid_att": [100.0, 9.999999747378752e-05, 0.010560303926467896], "k_pid_yaw": [0.5, 1e-06, 0.1], "k_pid_hsp": [0.7322618365287781, 0.0, 0.0], "k_pid_vsp": [0.0, 363.4305725097656, 339.6277160644531]}, "datetime": {"datetime": "2025-08-20 17:56:01", "elapsed": 21815.845697164536, "delta": 22.685256481170654}, "costs": {"total_cost": 1491.1067871660177, "time_cost": 150, "final_distance_cost": 14.389258871849732, "oscillation_cost": 64.05923782149871, "completition_cost": 1000.0, "overshoot_cost": 139.8604620623267, "power_cost": 30.91980994873047, "noise_cost": 91.87801846161213, "n_waypoints_completed": 0, "tot_waypoints": 9}}
{"target": -3454.3176051178893, "params": {"k_pid_pos": [0.031843967735767365, 1.0, 0.007587730884552002], "k_pid_alt": [1.9483693838119507, 1.0, 0.017838776111602783], "k_pid_att": [100.0, 1.2605170011520386, 0.0], "k_pid_yaw": [0.5, 1e-06, 0.1], "k_pid_hsp": [9.999999747378752e-05, 0.0, 0.028825193643569946], "k_pid_vsp": [0.7143378257751465, 396.2257080078125, 381.55621337890625]}, "datetime": {"datetime": "2025-08-20 17:56:23", "elapsed": 21838.395307064056, "delta": 22.549609899520874}, "costs": {"total_cost": 3454.3176051178893, "time_cost": 150, "final_distance_cost": 869.9510664465943, "oscillation_cost": 111.67222928227315, "completition_cost": 1000.0, "overshoot_cost": 1303.9471503490745, "power_cost": 8.693662963867189, "noise_cost": 10.053496076079977, "n_waypoints_completed": 0, "tot_waypoints": 9}}
{"target": -1464.8467935190674, "params": {"k_pid_pos": [0.043107014149427414, 1.0, 0.0], "k_pid_alt": [1.9925024509429932, 1.0, 0.03387293219566345], "k_pid_att": [100.0, 9.999999747378752e-05, 0.0], "k_pid_yaw": [0.5, 1e-06, 0.1], "k_pid_hsp": [9.999999747378752e-05, 0.061501771211624146, 0.0], "k_pid_vsp": [0.0, 396.6824951171875, 400.0]}, "datetime": {"datetime": "2025-08-20 17:56:45", "elapsed": 21860.248466014862, "delta": 21.853158950805664}, "costs": {"total_cost": 1464.8467935190674, "time_cost": 150, "final_distance_cost": 14.42701854127938, "oscillation_cost": 38.457050816611016, "completition_cost": 1000.0, "overshoot_cost": 148.65086308673773, "power_cost": 28.288903540039065, "noise_cost": 85.02295753440036, "n_waypoints_completed": 0, "tot_waypoints": 9}}
{"target": -3070.9461733556377, "params": {"k_pid_pos": [0.14896468818187714, 0.9339009523391724, 0.0], "k_pid_alt": [1.9236143827438354, 0.9708885550498962, 0.049035072326660156], "k_pid_att": [100.0, 0.20287536084651947, 0.0], "k_pid_yaw": [0.5, 1e-06, 0.1], "k_pid_hsp": [9.999999747378752e-05, 0.017153829336166382, 0.055907219648361206], "k_pid_vsp": [15.902482986450195, 389.96826171875, 389.14996337890625]}, "datetime": {"datetime": "2025-08-20 17:57:07", "elapsed": 21882.256634950638, "delta": 22.008168935775757}, "costs": {"total_cost": 3070.9461733556377, "time_cost": 150, "final_distance_cost": 627.3691831715904, "oscillation_cost": 218.68411915744, "completition_cost": 1000.0, "overshoot_cost": 1035.8490023485251, "power_cost": 21.542548022460938, "noise_cost": 17.501320655621466, "n_waypoints_completed": 0, "tot_waypoints": 9}}
{"target": -1509.5440714629467, "params": {"k_pid_pos": [9.999999747378752e-05, 0.9966521263122559, 0.038191795349121094], "k_pid_alt": [2.0, 1.0, 0.07574188709259033], "k_pid_att": [90.36651611328125, 0.05522450804710388, 0.0028598904609680176], "k_pid_yaw": [0.5, 1e-06, 0.1], "k_pid_hsp": [0.28723445534706116, 0.0, 0.07266497611999512], "k_pid_vsp": [0.0, 386.793701171875, 400.0]}, "datetime": {"datetime": "2025-08-20 17:57:29", "elapsed": 21904.342717647552, "delta": 22.086082696914673}, "costs": {"total_cost": 1509.5440714629467, "time_cost": 150, "final_distance_cost": 15.880430473916029, "oscillation_cost": 179.40835746824968, "completition_cost": 1000.0, "overshoot_cost": 122.88540810442855, "power_cost": 18.647459912109376, "noise_cost": 22.722415504243056, "n_waypoints_completed": 0, "tot_waypoints": 9}}
{"target": -1392.8417055054733, "params": {"k_pid_pos": [9.999999747378752e-05, 0.9174754023551941, 0.0], "k_pid_alt": [1.924719214439392, 1.0, 0.0], "k_pid_att": [96.35725402832031, 9.999999747378752e-05, 0.03422132134437561], "k_pid_yaw": [0.5, 1e-06, 0.1], "k_pid_hsp": [0.15828408300876617, 0.023365110158920288, 0.0], "k_pid_vsp": [0.0, 382.4066162109375, 369.65826416015625]}, "datetime": {"datetime": "2025-08-20 17:57:52", "elapsed": 21927.105115890503, "delta": 22.76239824295044}, "costs": {"total_cost": 1392.8417055054733, "time_cost": 150, "final_distance_cost": 12.140531320812027, "oscillation_cost": 55.37080510230212, "completition_cost": 1000.0, "overshoot_cost": 140.84385889530716, "power_cost": 5.1277453125, "noise_cost": 29.358764874551685, "n_waypoints_completed": 0, "tot_waypoints": 9}}
{"target": -1515.3250055491578, "params": {"k_pid_pos": [0.021048912778496742, 0.9422900676727295, 0.0], "k_pid_alt": [2.0, 0.9001432657241821, 0.0], "k_pid_att": [92.20816040039062, 9.999999747378752e-05, 0.014181524515151978], "k_pid_yaw": [0.5, 1e-06, 0.1], "k_pid_hsp": [0.29528188705444336, 0.0, 0.07563874125480652], "k_pid_vsp": [7.195603847503662, 376.8651428222656, 400.0]}, "datetime": {"datetime": "2025-08-20 17:58:15", "elapsed": 21950.500529289246, "delta": 23.395413398742676}, "costs": {"total_cost": 1515.3250055491578, "time_cost": 150, "final_distance_cost": 17.375821276471218, "oscillation_cost": 171.385759593057, "completition_cost": 1000.0, "overshoot_cost": 123.16384814517114, "power_cost": 24.68979401855469, "noise_cost": 28.709782515903633, "n_waypoints_completed": 0, "tot_waypoints": 9}}
{"target": -2323.891961791018, "params": {"k_pid_pos": [9.999999747378752e-05, 0.9482260942459106, 0.00292050838470459], "k_pid_alt": [1.9962902069091797, 1.0, 0.0], "k_pid_att": [100.0, 0.0632135346531868, 0.0], "k_pid_yaw": [0.5, 1e-06, 0.1], "k_pid_hsp": [9.999999747378752e-05, 0.0, 0.12186083197593689], "k_pid_vsp": [10.025453567504883, 400.0, 394.83941650390625]}, "datetime": {"datetime": "2025-08-20 17:58:38", "elapsed": 21972.93368601799, "delta": 22.433156728744507}, "costs": {"total_cost": 2323.891961791018, "time_cost": 150, "final_distance_cost": 247.11437027807636, "oscillation_cost": 486.23751195910705, "completition_cost": 1000.0, "overshoot_cost": 403.213067168421, "power_cost": 20.748544921875002, "noise_cost": 16.578467463538885, "n_waypoints_completed": 0, "tot_waypoints": 9}}
{"target": -1889.3612086103385, "params": {"k_pid_pos": [9.999999747378752e-05, 0.9783692359924316, 0.07378429174423218], "k_pid_alt": [1.9737707376480103, 1.0, 0.0], "k_pid_att": [94.19124603271484, 9.999999747378752e-05, 0.013155817985534668], "k_pid_yaw": [0.5, 1e-06, 0.1], "k_pid_hsp": [9.999999747378752e-05, 0.0, 0.00873604416847229], "k_pid_vsp": [0.0, 400.0, 386.33270263671875]}, "datetime": {"datetime": "2025-08-20 17:59:00", "elapsed": 21995.50438761711, "delta": 22.570701599121094}, "costs": {"total_cost": 1889.3612086103385, "time_cost": 150, "final_distance_cost": 342.52687865238306, "oscillation_cost": 26.721903944884343, "completition_cost": 888.8888888888888, "overshoot_cost": 416.5743676412928, "power_cost": 37.891423217773436, "noise_cost": 26.757746265115784, "n_waypoints_completed": 1, "tot_waypoints": 9}}
