{"target": -2128.8152318430944, "params": {"k_pid_pos": [0.15211136639118195, 0.939914345741272, 0.0], "k_pid_alt": [2.0, 0.9114350080490112, 0.0], "k_pid_att": [97.8451919555664, 0.6943032741546631, 0.0], "k_pid_yaw": [0.5, 1e-06, 0.1], "k_pid_hsp": [9.999999747378752e-05, 0.0, 0.12061312794685364], "k_pid_vsp": [11.384237289428711, 400.0, 395.2117004394531]}, "datetime": {"datetime": "2025-08-20 20:02:30", "elapsed": 29404.616105556488, "delta": 22.652214288711548}, "costs": {"total_cost": 2128.8152318430944, "time_cost": 150, "final_distance_cost": 199.67494505160332, "oscillation_cost": 434.0971901819082, "completition_cost": 1000.0, "overshoot_cost": 306.6203175302343, "power_cost": 21.261375036621097, "noise_cost": 17.161404042726947, "n_waypoints_completed": 0, "tot_waypoints": 9}}
{"target": -1381.105107101702, "params": {"k_pid_pos": [9.999999747378752e-05, 0.9826891422271729, 0.0], "k_pid_alt": [1.9810950756072998, 0.9590985774993896, 0.10153642296791077], "k_pid_att": [94.32260131835938, 0.07256362587213516, 0.002958238124847412], "k_pid_yaw": [0.5, 1e-06, 0.1], "k_pid_hsp": [0.17268382012844086, 0.08938133716583252, 0.0], "k_pid_vsp": [0.0, 400.0, 373.0157775878906]}, "datetime": {"datetime": "2025-08-20 20:02:52", "elapsed": 29427.430429458618, "delta": 22.814323902130127}, "costs": {"total_cost": 1381.105107101702, "time_cost": 150, "final_distance_cost": 7.954590920824354, "oscillation_cost": 57.149957251467534, "completition_cost": 1000.0, "overshoot_cost": 142.31275771340302, "power_cost": 2.0219599365234378, "noise_cost": 21.665841279483644, "n_waypoints_completed": 0, "tot_waypoints": 9}}
{"target": -1500.7269584372043, "params": {"k_pid_pos": [0.138114333152771, 1.0, 0.07965028285980225], "k_pid_alt": [2.0, 1.0, 0.035109758377075195], "k_pid_att": [100.0, 0.008206150494515896, 0.0], "k_pid_yaw": [0.5, 1e-06, 0.1], "k_pid_hsp": [0.13707934319972992, 0.0, 0.0], "k_pid_vsp": [0.0, 389.63385009765625, 400.0]}, "datetime": {"datetime": "2025-08-20 20:03:14", "elapsed": 29449.194118499756, "delta": 21.763689041137695}, "costs": {"total_cost": 1500.7269584372043, "time_cost": 150, "final_distance_cost": 16.672989919860765, "oscillation_cost": 54.72519951022514, "completition_cost": 1000.0, "overshoot_cost": 139.50546552856878, "power_cost": 35.979605676269536, "noise_cost": 103.84369780228018, "n_waypoints_completed": 0, "tot_waypoints": 9}}
{"target": -1504.8291656569124, "params": {"k_pid_pos": [9.999999747378752e-05, 1.0, 0.0], "k_pid_alt": [2.0, 1.0, 0.0], "k_pid_att": [97.85348510742188, 9.999999747378752e-05, 0.06627213954925537], "k_pid_yaw": [0.5, 1e-06, 0.1], "k_pid_hsp": [0.8365158438682556, 0.0, 0.07411351799964905], "k_pid_vsp": [4.132723808288574, 400.0, 377.8707580566406]}, "datetime": {"datetime": "2025-08-20 20:03:37", "elapsed": 29471.995173215866, "delta": 22.80105471611023}, "costs": {"total_cost": 1504.8291656569124, "time_cost": 150, "final_distance_cost": 7.269962319498842, "oscillation_cost": 134.83119247076013, "completition_cost": 1000.0, "overshoot_cost": 135.66568744709275, "power_cost": 25.153281506347657, "noise_cost": 51.90904191321312, "n_waypoints_completed": 0, "tot_waypoints": 9}}
{"target": -1505.5512843650574, "params": {"k_pid_pos": [0.21669232845306396, 1.0, 0.0], "k_pid_alt": [1.913927435874939, 0.982972264289856, 0.02354183793067932], "k_pid_att": [92.50568389892578, 9.999999747378752e-05, 0.015322357416152954], "k_pid_yaw": [0.5, 1e-06, 0.1], "k_pid_hsp": [0.28051498532295227, 0.0, 0.0], "k_pid_vsp": [18.538034439086914, 391.3606872558594, 365.3695068359375]}, "datetime": {"datetime": "2025-08-20 20:04:00", "elapsed": 29495.13028740883, "delta": 23.135114192962646}, "costs": {"total_cost": 1505.5512843650574, "time_cost": 150, "final_distance_cost": 13.34779889024829, "oscillation_cost": 60.02817385761402, "completition_cost": 1000.0, "overshoot_cost": 139.18013621385256, "power_cost": 36.94373972167969, "noise_cost": 106.05143568166275, "n_waypoints_completed": 0, "tot_waypoints": 9}}
{"target": -3339.3391997281847, "params": {"k_pid_pos": [0.004985309671610594, 0.9269585609436035, 0.0], "k_pid_alt": [1.8072025775909424, 1.0, 0.06920704245567322], "k_pid_att": [97.55672454833984, 0.6532608270645142, 0.0828942358493805], "k_pid_yaw": [0.5, 1e-06, 0.1], "k_pid_hsp": [9.999999747378752e-05, 0.02911505103111267, 0.06109902262687683], "k_pid_vsp": [0.0, 400.0, 387.6760559082031]}, "datetime": {"datetime": "2025-08-20 20:04:25", "elapsed": 29519.867279052734, "delta": 24.73699164390564}, "costs": {"total_cost": 3339.3391997281847, "time_cost": 150, "final_distance_cost": 783.3454031647797, "oscillation_cost": 137.57363603065977, "completition_cost": 1000.0, "overshoot_cost": 1228.544086637443, "power_cost": 22.097721423339845, "noise_cost": 17.778352471962314, "n_waypoints_completed": 0, "tot_waypoints": 9}}
{"target": -1929.562671696094, "params": {"k_pid_pos": [0.0041716876439750195, 0.9748444557189941, 0.005619019269943237], "k_pid_alt": [1.8943698406219482, 0.976892352104187, 0.0], "k_pid_att": [99.21974182128906, 0.8089486956596375, 0.04429396986961365], "k_pid_yaw": [0.5, 1e-06, 0.1], "k_pid_hsp": [9.999999747378752e-05, 0.0, 0.0], "k_pid_vsp": [0.0, 385.6409912109375, 397.3635559082031]}, "datetime": {"datetime": "2025-08-20 20:04:51", "elapsed": 29545.53355240822, "delta": 25.66627335548401}, "costs": {"total_cost": 1929.562671696094, "time_cost": 150, "final_distance_cost": 339.0645255132207, "oscillation_cost": 30.96209056875707, "completition_cost": 1000.0, "overshoot_cost": 384.64567181424667, "power_cost": 11.514205029296875, "noise_cost": 13.37617877057265, "n_waypoints_completed": 0, "tot_waypoints": 9}}
{"target": -1427.1387394263577, "params": {"k_pid_pos": [9.999999747378752e-05, 0.9246948957443237, 0.0], "k_pid_alt": [1.9216597080230713, 0.9678629636764526, 0.0], "k_pid_att": [92.37849426269531, 9.999999747378752e-05, 0.0], "k_pid_yaw": [0.5, 1e-06, 0.1], "k_pid_hsp": [9.999999747378752e-05, 0.09989014267921448, 0.0], "k_pid_vsp": [13.641965866088867, 400.0, 375.71844482421875]}, "datetime": {"datetime": "2025-08-20 20:05:13", "elapsed": 29568.143408060074, "delta": 22.60985565185547}, "costs": {"total_cost": 1427.1387394263577, "time_cost": 150, "final_distance_cost": 13.632246897295573, "oscillation_cost": 55.53373345061863, "completition_cost": 1000.0, "overshoot_cost": 144.75894098824872, "power_cost": 13.596794616699219, "noise_cost": 49.617023473495564, "n_waypoints_completed": 0, "tot_waypoints": 9}}
{"target": -1483.91798330738, "params": {"k_pid_pos": [9.999999747378752e-05, 1.0, 0.040415674448013306], "k_pid_alt": [1.9386276006698608, 0.9540524482727051, 0.0], "k_pid_att": [100.0, 9.999999747378752e-05, 0.07230272889137268], "k_pid_yaw": [0.5, 1e-06, 0.1], "k_pid_hsp": [0.12563954293727875, 0.0, 0.0], "k_pid_vsp": [52.237247467041016, 400.0, 400.0]}, "datetime": {"datetime": "2025-08-20 20:05:35", "elapsed": 29590.38414788246, "delta": 22.240739822387695}, "costs": {"total_cost": 1483.91798330738, "time_cost": 150, "final_distance_cost": 12.478198218697585, "oscillation_cost": 52.39499568306364, "completition_cost": 1000.0, "overshoot_cost": 140.4384462628767, "power_cost": 32.67320991210938, "noise_cost": 95.93313323063272, "n_waypoints_completed": 0, "tot_waypoints": 9}}
{"target": -2655.9753949051374, "params": {"k_pid_pos": [0.11987335979938507, 0.8977373838424683, 0.0], "k_pid_alt": [1.9875164031982422, 1.0, 0.0], "k_pid_att": [100.0, 0.9807883501052856, 0.013513237237930298], "k_pid_yaw": [0.5, 1e-06, 0.1], "k_pid_hsp": [0.044178687036037445, 0.008130580186843872, 0.10390496253967285], "k_pid_vsp": [0.0, 400.0, 370.93841552734375]}, "datetime": {"datetime": "2025-08-20 20:06:00", "elapsed": 29614.92093372345, "delta": 24.53678584098816}, "costs": {"total_cost": 2655.9753949051374, "time_cost": 150, "final_distance_cost": 432.4737986926372, "oscillation_cost": 383.6045623333811, "completition_cost": 1000.0, "overshoot_cost": 651.1396517597552, "power_cost": 21.312782299804688, "noise_cost": 17.444599819558718, "n_waypoints_completed": 0, "tot_waypoints": 9}}
{"target": -1486.4971743483907, "params": {"k_pid_pos": [0.005889943800866604, 0.9589540958404541, 0.021852225065231323], "k_pid_alt": [2.0, 1.0, 0.0017135441303253174], "k_pid_att": [98.13751220703125, 1.3345708847045898, 0.0], "k_pid_yaw": [0.5, 1e-06, 0.1], "k_pid_hsp": [0.8299451470375061, 0.0, 0.0389956533908844], "k_pid_vsp": [0.0, 376.0959167480469, 400.0]}, "datetime": {"datetime": "2025-08-20 20:06:23", "elapsed": 29637.840714216232, "delta": 22.919780492782593}, "costs": {"total_cost": 1486.4971743483907, "time_cost": 150, "final_distance_cost": 10.807800430621349, "oscillation_cost": 99.75481039816937, "completition_cost": 1000.0, "overshoot_cost": 138.42025995913977, "power_cost": 25.138210314941407, "noise_cost": 62.37609324551893, "n_waypoints_completed": 0, "tot_waypoints": 9}}
{"target": -1978.8306285630192, "params": {"k_pid_pos": [9.999999747378752e-05, 1.0, 0.0], "k_pid_alt": [2.0, 1.0, 0.0], "k_pid_att": [99.51653289794922, 9.999999747378752e-05, 0.0], "k_pid_yaw": [0.5, 1e-06, 0.1], "k_pid_hsp": [9.999999747378752e-05, 0.0, 0.0], "k_pid_vsp": [0.0, 400.0, 371.309326171875]}, "datetime": {"datetime": "2025-08-20 20:06:46", "elapsed": 29660.6056702137, "delta": 22.76495599746704}, "costs": {"total_cost": 1978.8306285630192, "time_cost": 150, "final_distance_cost": 344.1165172349336, "oscillation_cost": 25.25257086433394, "completition_cost": 1000.0, "overshoot_cost": 393.48027870663094, "power_cost": 37.94995441894532, "noise_cost": 28.031307338175324, "n_waypoints_completed": 0, "tot_waypoints": 9}}
{"target": -1387.2098701464095, "params": {"k_pid_pos": [0.19471827149391174, 1.0, 0.018771618604660034], "k_pid_alt": [1.975527048110962, 0.9432507753372192, 0.0], "k_pid_att": [100.0, 0.0044868579134345055, 0.11381882429122925], "k_pid_yaw": [0.5, 1e-06, 0.1], "k_pid_hsp": [0.1182289645075798, 0.0, 0.0], "k_pid_vsp": [24.14383888244629, 392.7189636230469, 391.8970031738281]}, "datetime": {"datetime": "2025-08-20 20:07:08", "elapsed": 29682.993281841278, "delta": 22.387611627578735}, "costs": {"total_cost": 1387.2098701464095, "time_cost": 150, "final_distance_cost": 12.421226648864353, "oscillation_cost": 57.20293436879632, "completition_cost": 1000.0, "overshoot_cost": 139.64896271361016, "power_cost": 3.2360582763671877, "noise_cost": 24.70068813877133, "n_waypoints_completed": 0, "tot_waypoints": 9}}
{"target": -1389.4316824234306, "params": {"k_pid_pos": [0.13498303294181824, 0.9518340826034546, 0.0], "k_pid_alt": [1.9596753120422363, 0.9954267740249634, 0.033761799335479736], "k_pid_att": [93.71588134765625, 0.3128734230995178, 0.0], "k_pid_yaw": [0.5, 1e-06, 0.1], "k_pid_hsp": [0.44808638095855713, 0.052984535694122314, 0.0], "k_pid_vsp": [0.0, 400.0, 397.9808044433594]}, "datetime": {"datetime": "2025-08-20 20:07:30", "elapsed": 29705.243761062622, "delta": 22.250479221343994}, "costs": {"total_cost": 1389.4316824234306, "time_cost": 150, "final_distance_cost": 9.972112690043291, "oscillation_cost": 67.38153668557638, "completition_cost": 1000.0, "overshoot_cost": 138.91105427259544, "power_cost": 1.9156668457031252, "noise_cost": 21.251311929512372, "n_waypoints_completed": 0, "tot_waypoints": 9}}
{"target": -1434.5118932933888, "params": {"k_pid_pos": [9.999999747378752e-05, 0.9475072622299194, 0.0], "k_pid_alt": [1.8883570432662964, 1.0, 0.015104204416275024], "k_pid_att": [98.01535034179688, 0.051349349319934845, 0.014435738325119019], "k_pid_yaw": [0.5, 1e-06, 0.1], "k_pid_hsp": [0.19942606985569, 0.0, 0.04366332292556763], "k_pid_vsp": [0.0, 379.7991638183594, 400.0]}, "datetime": {"datetime": "2025-08-20 20:07:53", "elapsed": 29728.38324713707, "delta": 23.139486074447632}, "costs": {"total_cost": 1434.5118932933888, "time_cost": 150, "final_distance_cost": 25.316544630118877, "oscillation_cost": 106.52361520568155, "completition_cost": 1000.0, "overshoot_cost": 117.20151524668803, "power_cost": 15.592232739257813, "noise_cost": 19.877985471642493, "n_waypoints_completed": 0, "tot_waypoints": 9}}
{"target": -1449.552601824571, "params": {"k_pid_pos": [0.13735732436180115, 1.0, 0.026537925004959106], "k_pid_alt": [1.8844246864318848, 0.9695069193840027, 0.003943413496017456], "k_pid_att": [100.0, 0.11075521260499954, 0.0], "k_pid_yaw": [0.5, 1e-06, 0.1], "k_pid_hsp": [0.994519054889679, 0.05306398868560791, 0.0], "k_pid_vsp": [2.8153419494628906, 398.0209045410156, 400.0]}, "datetime": {"datetime": "2025-08-20 20:08:16", "elapsed": 29751.494465827942, "delta": 23.111218690872192}, "costs": {"total_cost": 1449.552601824571, "time_cost": 150, "final_distance_cost": 10.672064680699135, "oscillation_cost": 68.47734641969642, "completition_cost": 1000.0, "overshoot_cost": 138.83391766283518, "power_cost": 18.918422204589845, "noise_cost": 62.6508508567504, "n_waypoints_completed": 0, "tot_waypoints": 9}}
{"target": -1526.499861401083, "params": {"k_pid_pos": [9.999999747378752e-05, 0.9533678293228149, 0.0], "k_pid_alt": [2.0, 0.898435115814209, 0.0], "k_pid_att": [100.0, 9.999999747378752e-05, 0.0], "k_pid_yaw": [0.5, 1e-06, 0.1], "k_pid_hsp": [0.9361473321914673, 0.0, 0.09330546855926514], "k_pid_vsp": [7.786250114440918, 400.0, 400.0]}, "datetime": {"datetime": "2025-08-20 20:08:41", "elapsed": 29775.82518839836, "delta": 24.33072257041931}, "costs": {"total_cost": 1526.499861401083, "time_cost": 150, "final_distance_cost": 19.602304048025253, "oscillation_cost": 148.3017666582529, "completition_cost": 1000.0, "overshoot_cost": 135.63133510253945, "power_cost": 22.691583935546877, "noise_cost": 50.27287165671845, "n_waypoints_completed": 0, "tot_waypoints": 9}}
{"target": -1507.0911874312876, "params": {"k_pid_pos": [9.999999747378752e-05, 1.0, 0.0], "k_pid_alt": [2.0, 1.0, 0.0], "k_pid_att": [89.16303253173828, 9.999999747378752e-05, 0.0], "k_pid_yaw": [0.5, 1e-06, 0.1], "k_pid_hsp": [0.174090176820755, 0.058410823345184326, 0.07921236753463745], "k_pid_vsp": [0.0, 393.8318786621094, 400.0]}, "datetime": {"datetime": "2025-08-20 20:09:04", "elapsed": 29799.089973688126, "delta": 23.264785289764404}, "costs": {"total_cost": 1507.0911874312876, "time_cost": 150, "final_distance_cost": 48.13016732309017, "oscillation_cost": 175.7369036273953, "completition_cost": 1000.0, "overshoot_cost": 88.37391455940677, "power_cost": 21.714490551757812, "noise_cost": 23.135711369637658, "n_waypoints_completed": 0, "tot_waypoints": 9}}
{"target": -2895.207529501187, "params": {"k_pid_pos": [9.999999747378752e-05, 1.0, 0.0], "k_pid_alt": [1.9795997142791748, 1.0, 0.009812593460083008], "k_pid_att": [99.26988220214844, 9.999999747378752e-05, 0.0], "k_pid_yaw": [0.5, 1e-06, 0.1], "k_pid_hsp": [9.999999747378752e-05, 0.019205063581466675, 0.07651081681251526], "k_pid_vsp": [6.519472599029541, 400.0, 384.3004455566406]}, "datetime": {"datetime": "2025-08-20 20:09:28", "elapsed": 29822.96992969513, "delta": 23.879956007003784}, "costs": {"total_cost": 2895.207529501187, "time_cost": 150, "final_distance_cost": 528.2875897112308, "oscillation_cost": 313.08654439509235, "completition_cost": 1000.0, "overshoot_cost": 864.387278688404, "power_cost": 21.872356359863282, "noise_cost": 17.573760346596195, "n_waypoints_completed": 0, "tot_waypoints": 9}}
{"target": -1505.178136067191, "params": {"k_pid_pos": [0.015839487314224243, 1.0, 0.02455967664718628], "k_pid_alt": [1.997102975845337, 0.9448552131652832, 0.01959514617919922], "k_pid_att": [93.84796905517578, 0.11729437112808228, 0.0], "k_pid_yaw": [0.5, 1e-06, 0.1], "k_pid_hsp": [0.4026228189468384, 0.03859773278236389, 0.0], "k_pid_vsp": [25.709449768066406, 400.0, 400.0]}, "datetime": {"datetime": "2025-08-20 20:09:50", "elapsed": 29845.492712020874, "delta": 22.52278232574463}, "costs": {"total_cost": 1505.178136067191, "time_cost": 150, "final_distance_cost": 12.563545741329513, "oscillation_cost": 59.40341109399926, "completition_cost": 1000.0, "overshoot_cost": 139.88243618729666, "power_cost": 36.97841572265625, "noise_cost": 106.35032732190919, "n_waypoints_completed": 0, "tot_waypoints": 9}}
{"target": -1900.8158532840555, "params": {"k_pid_pos": [9.999999747378752e-05, 1.0, 0.02659013867378235], "k_pid_alt": [2.0, 0.9831489324569702, 0.06413578987121582], "k_pid_att": [100.0, 0.8074162602424622, 0.10522192716598511], "k_pid_yaw": [0.5, 1e-06, 0.1], "k_pid_hsp": [9.999999747378752e-05, 0.0, 0.0], "k_pid_vsp": [0.0, 398.36187744140625, 357.0107727050781]}, "datetime": {"datetime": "2025-08-20 20:10:13", "elapsed": 29867.992858171463, "delta": 22.50014615058899}, "costs": {"total_cost": 1900.8158532840555, "time_cost": 150, "final_distance_cost": 328.47485490676314, "oscillation_cost": 30.661082366725065, "completition_cost": 1000.0, "overshoot_cost": 365.435590035392, "power_cost": 11.942699035644532, "noise_cost": 14.30162693953052, "n_waypoints_completed": 0, "tot_waypoints": 9}}
{"target": -1366.7339244694174, "params": {"k_pid_pos": [9.999999747378752e-05, 0.9938005208969116, 0.0], "k_pid_alt": [1.9482094049453735, 0.9949679374694824, 0.0], "k_pid_att": [100.0, 9.999999747378752e-05, 0.0], "k_pid_yaw": [0.5, 1e-06, 0.1], "k_pid_hsp": [0.1734813153743744, 0.0, 0.05170696973800659], "k_pid_vsp": [0.0, 400.0, 358.0539855957031]}, "datetime": {"datetime": "2025-08-20 20:10:36", "elapsed": 29891.14879131317, "delta": 23.155933141708374}, "costs": {"total_cost": 1366.7339244694174, "time_cost": 150, "final_distance_cost": 60.15359117916716, "oscillation_cost": 132.30206402542774, "completition_cost": 888.8888888888888, "overshoot_cost": 95.03804082010946, "power_cost": 15.797990356445313, "noise_cost": 24.553349199378673, "n_waypoints_completed": 1, "tot_waypoints": 9}}
{"target": -1462.5595279084375, "params": {"k_pid_pos": [0.0665968656539917, 1.0, 0.0], "k_pid_alt": [2.0, 1.0, 0.0], "k_pid_att": [100.0, 9.999999747378752e-05, 0.02603626251220703], "k_pid_yaw": [0.5, 1e-06, 0.1], "k_pid_hsp": [0.4259628653526306, 0.059015631675720215, 0.017632216215133667], "k_pid_vsp": [2.2333502769470215, 381.9027404785156, 400.0]}, "datetime": {"datetime": "2025-08-20 20:10:59", "elapsed": 29914.362386465073, "delta": 23.213595151901245}, "costs": {"total_cost": 1462.5595279084375, "time_cost": 150, "final_distance_cost": 5.576101945055767, "oscillation_cost": 88.07459825768193, "completition_cost": 1000.0, "overshoot_cost": 141.7248381231738, "power_cost": 17.600395446777345, "noise_cost": 59.58359413574858, "n_waypoints_completed": 0, "tot_waypoints": 9}}
{"target": -1431.284724283406, "params": {"k_pid_pos": [0.02313830703496933, 1.0, 0.03577965497970581], "k_pid_alt": [2.0, 0.9304924011230469, 0.03330713510513306], "k_pid_att": [98.60161590576172, 0.1676982343196869, 0.0], "k_pid_yaw": [0.5, 1e-06, 0.1], "k_pid_hsp": [9.999999747378752e-05, 0.06467592716217041, 0.00019362568855285645], "k_pid_vsp": [5.992603302001953, 400.0, 400.0]}, "datetime": {"datetime": "2025-08-20 20:11:23", "elapsed": 29938.377314805984, "delta": 24.014928340911865}, "costs": {"total_cost": 1431.284724283406, "time_cost": 150, "final_distance_cost": 28.166938353997377, "oscillation_cost": 44.3596146967494, "completition_cost": 1000.0, "overshoot_cost": 148.20179184690468, "power_cost": 12.760768481445313, "noise_cost": 47.795610904309285, "n_waypoints_completed": 0, "tot_waypoints": 9}}
{"target": -1498.6549313204907, "params": {"k_pid_pos": [0.1207875907421112, 0.9989550113677979, 0.0], "k_pid_alt": [2.0, 1.0, 0.0962667465209961], "k_pid_att": [100.0, 0.3918842375278473, 0.056503862142562866], "k_pid_yaw": [0.5, 1e-06, 0.1], "k_pid_hsp": [0.12440692633390427, 0.0, 0.0], "k_pid_vsp": [0.0, 400.0, 400.0]}, "datetime": {"datetime": "2025-08-20 20:11:46", "elapsed": 29961.11608695984, "delta": 22.73877215385437}, "costs": {"total_cost": 1498.6549313204907, "time_cost": 150, "final_distance_cost": 12.635735486958431, "oscillation_cost": 52.95364947488557, "completition_cost": 1000.0, "overshoot_cost": 140.07035209326943, "power_cost": 36.855359948730474, "noise_cost": 106.13983431664684, "n_waypoints_completed": 0, "tot_waypoints": 9}}
{"target": -1451.3626850373012, "params": {"k_pid_pos": [0.11434768885374069, 1.0, 0.011194050312042236], "k_pid_alt": [2.0, 1.0, 0.0], "k_pid_att": [100.0, 9.999999747378752e-05, 0.04705452919006348], "k_pid_yaw": [0.5, 1e-06, 0.1], "k_pid_hsp": [0.9878353476524353, 0.0, 0.0], "k_pid_vsp": [0.0, 377.56158447265625, 400.0]}, "datetime": {"datetime": "2025-08-20 20:12:08", "elapsed": 29983.104253530502, "delta": 21.988166570663452}, "costs": {"total_cost": 1451.3626850373012, "time_cost": 150, "final_distance_cost": 9.710999041746494, "oscillation_cost": 66.16850733616549, "completition_cost": 1000.0, "overshoot_cost": 139.17673185928967, "power_cost": 20.248688293457032, "noise_cost": 66.05775850664232, "n_waypoints_completed": 0, "tot_waypoints": 9}}
{"target": -1507.9658461579963, "params": {"k_pid_pos": [9.999999747378752e-05, 1.0, 0.0], "k_pid_alt": [2.0, 0.9806191325187683, 0.02020353078842163], "k_pid_att": [94.9608383178711, 0.31890982389450073, 0.0], "k_pid_yaw": [0.5, 1e-06, 0.1], "k_pid_hsp": [0.405943363904953, 0.0, 0.09189355373382568], "k_pid_vsp": [22.788381576538086, 400.0, 379.79119873046875]}, "datetime": {"datetime": "2025-08-20 20:12:31", "elapsed": 30005.930513381958, "delta": 22.82625985145569}, "costs": {"total_cost": 1507.9658461579963, "time_cost": 150, "final_distance_cost": 11.040695099063516, "oscillation_cost": 177.07132049521385, "completition_cost": 1000.0, "overshoot_cost": 122.8920456379054, "power_cost": 21.343029809570314, "noise_cost": 25.618755116243427, "n_waypoints_completed": 0, "tot_waypoints": 9}}
