{"target": -1458.010543871816, "params": {"k_pid_pos": [0.043264541774988174, 1.0, 0.0013484358787536621], "k_pid_alt": [2.0, 0.9940589666366577, 0.012407273054122925], "k_pid_att": [100.0, 0.3432849049568176, 0.13591724634170532], "k_pid_yaw": [0.5, 1e-06, 0.1], "k_pid_hsp": [9.999999747378752e-05, 0.09988129138946533, 0.008518308401107788], "k_pid_vsp": [0.0, 399.42816162109375, 350.0349426269531]}, "datetime": {"datetime": "2025-08-20 23:10:52", "elapsed": 40707.16421318054, "delta": 23.44978666305542}, "costs": {"total_cost": 1458.010543871816, "time_cost": 150, "final_distance_cost": 24.977420342693346, "oscillation_cost": 57.65546421497131, "completition_cost": 1000.0, "overshoot_cost": 144.75446301467798, "power_cost": 18.526761254882814, "noise_cost": 62.09643504459074, "n_waypoints_completed": 0, "tot_waypoints": 9}}
{"target": -1501.2762433082803, "params": {"k_pid_pos": [9.999999747378752e-05, 1.0, 0.0], "k_pid_alt": [2.0, 0.9685600996017456, 0.0], "k_pid_att": [100.0, 0.004993790294975042, 0.0], "k_pid_yaw": [0.5, 1e-06, 0.1], "k_pid_hsp": [0.5645771622657776, 0.0, 0.02327263355255127], "k_pid_vsp": [0.0, 375.8362121582031, 397.16937255859375]}, "datetime": {"datetime": "2025-08-20 23:11:16", "elapsed": 40730.967942237854, "delta": 23.80372905731201}, "costs": {"total_cost": 1501.2762433082803, "time_cost": 150, "final_distance_cost": 28.03266947695842, "oscillation_cost": 87.11734422899978, "completition_cost": 1000.0, "overshoot_cost": 146.07499830492824, "power_cost": 21.819245495605468, "noise_cost": 68.23198580178867, "n_waypoints_completed": 0, "tot_waypoints": 9}}
{"target": -1446.2948625941322, "params": {"k_pid_pos": [9.999999747378752e-05, 0.9456306099891663, 0.0], "k_pid_alt": [2.0, 0.9239367842674255, 0.0], "k_pid_att": [100.0, 0.37110358476638794, 0.0], "k_pid_yaw": [0.5, 1e-06, 0.1], "k_pid_hsp": [0.003975455183535814, 0.04862654209136963, 0.01650795340538025], "k_pid_vsp": [47.69596862792969, 400.0, 396.791015625]}, "datetime": {"datetime": "2025-08-20 23:11:39", "elapsed": 40754.04043650627, "delta": 23.07249426841736}, "costs": {"total_cost": 1446.2948625941322, "time_cost": 150, "final_distance_cost": 29.809249161483205, "oscillation_cost": 38.02325761081981, "completition_cost": 1000.0, "overshoot_cost": 148.49526064290333, "power_cost": 18.427648510742188, "noise_cost": 61.53944666818366, "n_waypoints_completed": 0, "tot_waypoints": 9}}
{"target": -1460.3296358774328, "params": {"k_pid_pos": [9.999999747378752e-05, 0.9240233302116394, 0.0382101833820343], "k_pid_alt": [2.0, 0.891703188419342, 0.011959582567214966], "k_pid_att": [95.42456817626953, 0.568335235118866, 0.0], "k_pid_yaw": [0.5, 1e-06, 0.1], "k_pid_hsp": [9.999999747378752e-05, 0.042889297008514404, 0.0], "k_pid_vsp": [2.8346657752990723, 400.0, 400.0]}, "datetime": {"datetime": "2025-08-20 23:12:02", "elapsed": 40777.38479137421, "delta": 23.34435486793518}, "costs": {"total_cost": 1460.3296358774328, "time_cost": 150, "final_distance_cost": 35.965863151138045, "oscillation_cost": 32.63402444622291, "completition_cost": 1000.0, "overshoot_cost": 154.30099475908264, "power_cost": 21.219404846191406, "noise_cost": 66.20934867479782, "n_waypoints_completed": 0, "tot_waypoints": 9}}
{"target": -1451.4691131476486, "params": {"k_pid_pos": [9.999999747378752e-05, 1.0, 0.0], "k_pid_alt": [1.979628324508667, 0.9181982278823853, 0.04290670156478882], "k_pid_att": [100.0, 9.999999747378752e-05, 0.1035996675491333], "k_pid_yaw": [0.5, 1e-06, 0.1], "k_pid_hsp": [9.999999747378752e-05, 0.03758999705314636, 0.009639590978622437], "k_pid_vsp": [0.0, 400.0, 400.0]}, "datetime": {"datetime": "2025-08-20 23:12:26", "elapsed": 40800.97688269615, "delta": 23.59209132194519}, "costs": {"total_cost": 1451.4691131476486, "time_cost": 150, "final_distance_cost": 30.94157723433856, "oscillation_cost": 34.682921784245444, "completition_cost": 1000.0, "overshoot_cost": 155.6450366153775, "power_cost": 20.770106384277344, "noise_cost": 59.42947112940991, "n_waypoints_completed": 0, "tot_waypoints": 9}}
{"target": -1491.8102916021458, "params": {"k_pid_pos": [9.999999747378752e-05, 1.0, 0.02110275626182556], "k_pid_alt": [1.9228825569152832, 0.9500449895858765, 0.012102246284484863], "k_pid_att": [100.0, 9.999999747378752e-05, 0.0], "k_pid_yaw": [0.5, 1e-06, 0.1], "k_pid_hsp": [0.09106829762458801, 0.0, 0.0], "k_pid_vsp": [6.481730937957764, 400.0, 397.7014465332031]}, "datetime": {"datetime": "2025-08-20 23:12:48", "elapsed": 40822.94943714142, "delta": 21.972554445266724}, "costs": {"total_cost": 1491.8102916021458, "time_cost": 150, "final_distance_cost": 16.132018796071968, "oscillation_cost": 50.37474296561306, "completition_cost": 1000.0, "overshoot_cost": 140.684548047979, "power_cost": 34.44357355957031, "noise_cost": 100.17540823291154, "n_waypoints_completed": 0, "tot_waypoints": 9}}
{"target": -1477.468535842414, "params": {"k_pid_pos": [0.15612374246120453, 0.9216443300247192, 0.05847209692001343], "k_pid_alt": [1.93410062789917, 0.9617488384246826, 0.0], "k_pid_att": [99.03721618652344, 9.999999747378752e-05, 0.020249903202056885], "k_pid_yaw": [0.5, 1e-06, 0.1], "k_pid_hsp": [0.4218504726886749, 0.0, 0.005247622728347778], "k_pid_vsp": [3.8301467895507812, 400.0, 400.0]}, "datetime": {"datetime": "2025-08-20 23:13:12", "elapsed": 40846.777889966965, "delta": 23.828452825546265}, "costs": {"total_cost": 1477.468535842414, "time_cost": 150, "final_distance_cost": 8.485128501071197, "oscillation_cost": 84.00072232136434, "completition_cost": 1000.0, "overshoot_cost": 139.08584208654474, "power_cost": 23.021592150878906, "noise_cost": 72.87525078255472, "n_waypoints_completed": 0, "tot_waypoints": 9}}
{"target": -1449.2931996653554, "params": {"k_pid_pos": [0.07505660504102707, 1.0, 0.0], "k_pid_alt": [1.9720081090927124, 1.0, 0.0], "k_pid_att": [100.0, 9.999999747378752e-05, 0.0], "k_pid_yaw": [0.5, 1e-06, 0.1], "k_pid_hsp": [0.07211897522211075, 0.00851219892501831, 0.03008747100830078], "k_pid_vsp": [10.935115814208984, 400.0, 400.0]}, "datetime": {"datetime": "2025-08-20 23:13:36", "elapsed": 40870.76289534569, "delta": 23.985005378723145}, "costs": {"total_cost": 1449.2931996653554, "time_cost": 150, "final_distance_cost": 18.829785317067508, "oscillation_cost": 81.35953794966514, "completition_cost": 1000.0, "overshoot_cost": 136.99254871700785, "power_cost": 17.390666735839844, "noise_cost": 44.72066094577512, "n_waypoints_completed": 0, "tot_waypoints": 9}}
{"target": -1491.0566604883654, "params": {"k_pid_pos": [0.015621763654053211, 1.0, 0.0], "k_pid_alt": [2.0, 0.9623249173164368, 0.0793302059173584], "k_pid_att": [97.03077697753906, 0.23786769807338715, 0.0], "k_pid_yaw": [0.5, 1e-06, 0.1], "k_pid_hsp": [0.8308963775634766, 0.0, 0.03633773326873779], "k_pid_vsp": [0.0, 383.69342041015625, 400.0]}, "datetime": {"datetime": "2025-08-20 23:13:59", "elapsed": 40893.779099941254, "delta": 23.016204595565796}, "costs": {"total_cost": 1491.0566604883654, "time_cost": 150, "final_distance_cost": 19.151952701041605, "oscillation_cost": 93.60221060030557, "completition_cost": 1000.0, "overshoot_cost": 142.2408516092617, "power_cost": 23.644010852050783, "noise_cost": 62.41763472570588, "n_waypoints_completed": 0, "tot_waypoints": 9}}
{"target": -1470.005475239664, "params": {"k_pid_pos": [0.042066965252161026, 1.0, 0.0], "k_pid_alt": [1.9728271961212158, 0.9865192174911499, 0.0614035427570343], "k_pid_att": [100.0, 9.999999747378752e-05, 0.0], "k_pid_yaw": [0.5, 1e-06, 0.1], "k_pid_hsp": [9.999999747378752e-05, 0.08679264783859253, 0.0], "k_pid_vsp": [30.093215942382812, 400.0, 400.0]}, "datetime": {"datetime": "2025-08-20 23:14:24", "elapsed": 40918.77631902695, "delta": 24.99721908569336}, "costs": {"total_cost": 1470.005475239664, "time_cost": 150, "final_distance_cost": 19.716082395344348, "oscillation_cost": 50.04948648657521, "completition_cost": 1000.0, "overshoot_cost": 145.27783323391597, "power_cost": 25.72985067138672, "noise_cost": 79.23222245244197, "n_waypoints_completed": 0, "tot_waypoints": 9}}
{"target": -1493.8662652316061, "params": {"k_pid_pos": [0.12243396788835526, 1.0, 0.039669185876846313], "k_pid_alt": [1.9399560689926147, 1.0, 0.014772862195968628], "k_pid_att": [92.31900024414062, 9.999999747378752e-05, 0.014814436435699463], "k_pid_yaw": [0.5, 1e-06, 0.1], "k_pid_hsp": [0.828036904335022, 0.00984916090965271, 0.05981111526489258], "k_pid_vsp": [0.0, 396.5715026855469, 393.4624328613281]}, "datetime": {"datetime": "2025-08-20 23:14:45", "elapsed": 40940.49024748802, "delta": 21.71392846107483}, "costs": {"total_cost": 1493.8662652316061, "time_cost": 150, "final_distance_cost": 14.342407257133596, "oscillation_cost": 125.19395457691137, "completition_cost": 1000.0, "overshoot_cost": 135.31309159585786, "power_cost": 21.811480322265627, "noise_cost": 47.20533147943742, "n_waypoints_completed": 0, "tot_waypoints": 9}}
{"target": -1474.4335089086585, "params": {"k_pid_pos": [0.0017793364822864532, 0.9572423100471497, 0.026065081357955933], "k_pid_alt": [2.0, 1.0, 0.0], "k_pid_att": [97.92560577392578, 9.999999747378752e-05, 0.05344289541244507], "k_pid_yaw": [0.5, 1e-06, 0.1], "k_pid_hsp": [0.5989123582839966, 0.0, 0.011363804340362549], "k_pid_vsp": [0.0, 371.0877990722656, 367.45037841796875]}, "datetime": {"datetime": "2025-08-20 23:15:10", "elapsed": 40964.92602300644, "delta": 24.43577551841736}, "costs": {"total_cost": 1474.4335089086585, "time_cost": 150, "final_distance_cost": 24.89913511107726, "oscillation_cost": 85.615230798431, "completition_cost": 1000.0, "overshoot_cost": 144.18077642710125, "power_cost": 15.437191564941408, "noise_cost": 54.30117500710746, "n_waypoints_completed": 0, "tot_waypoints": 9}}
{"target": -1958.4091314760713, "params": {"k_pid_pos": [0.023465938866138458, 0.9086536169052124, 0.0007413327693939209], "k_pid_alt": [1.8756016492843628, 1.0, 0.08480125665664673], "k_pid_att": [100.0, 0.6105139851570129, 0.0], "k_pid_yaw": [0.5, 1e-06, 0.1], "k_pid_hsp": [9.999999747378752e-05, 0.0, 0.0], "k_pid_vsp": [0.0, 380.55419921875, 400.0]}, "datetime": {"datetime": "2025-08-20 23:15:34", "elapsed": 40988.52422618866, "delta": 23.59820318222046}, "costs": {"total_cost": 1958.4091314760713, "time_cost": 150, "final_distance_cost": 337.4062598265744, "oscillation_cost": 25.21556619921572, "completition_cost": 1000.0, "overshoot_cost": 379.7608913843248, "power_cost": 37.870028356933595, "noise_cost": 28.156385709022828, "n_waypoints_completed": 0, "tot_waypoints": 9}}
{"target": -1942.3980424944557, "params": {"k_pid_pos": [9.999999747378752e-05, 1.0, 0.0], "k_pid_alt": [2.0, 0.9697859287261963, 0.0], "k_pid_att": [91.87227630615234, 0.41907262802124023, 0.03528863191604614], "k_pid_yaw": [0.5, 1e-06, 0.1], "k_pid_hsp": [9.999999747378752e-05, 0.0, 0.0], "k_pid_vsp": [34.76988220214844, 392.2154846191406, 374.0359191894531]}, "datetime": {"datetime": "2025-08-20 23:15:55", "elapsed": 41010.285821676254, "delta": 21.761595487594604}, "costs": {"total_cost": 1942.3980424944557, "time_cost": 150, "final_distance_cost": 330.57838318855084, "oscillation_cost": 24.30886525091649, "completition_cost": 1000.0, "overshoot_cost": 371.6505521897356, "power_cost": 37.881772924804686, "noise_cost": 27.978468940448103, "n_waypoints_completed": 0, "tot_waypoints": 9}}
{"target": -1478.427835649591, "params": {"k_pid_pos": [9.999999747378752e-05, 1.0, 0.0], "k_pid_alt": [2.0, 0.9290395379066467, 0.0], "k_pid_att": [100.0, 9.999999747378752e-05, 0.118283212184906], "k_pid_yaw": [0.5, 1e-06, 0.1], "k_pid_hsp": [9.999999747378752e-05, 0.08999288082122803, 0.007583737373352051], "k_pid_vsp": [0.0, 369.8985290527344, 382.8355407714844]}, "datetime": {"datetime": "2025-08-20 23:16:19", "elapsed": 41034.12802195549, "delta": 23.84220027923584}, "costs": {"total_cost": 1478.427835649591, "time_cost": 150, "final_distance_cost": 22.028822061343906, "oscillation_cost": 51.931383550139806, "completition_cost": 1000.0, "overshoot_cost": 144.84990980403745, "power_cost": 27.088088635253907, "noise_cost": 82.52963159881624, "n_waypoints_completed": 0, "tot_waypoints": 9}}
{"target": -1483.1898976735033, "params": {"k_pid_pos": [9.999999747378752e-05, 1.0, 0.01743638515472412], "k_pid_alt": [2.0, 1.0, 0.0], "k_pid_att": [97.36627197265625, 0.04358026012778282, 0.0], "k_pid_yaw": [0.5, 1e-06, 0.1], "k_pid_hsp": [0.6117507815361023, 0.0, 0.02628469467163086], "k_pid_vsp": [0.0, 400.0, 376.0607604980469]}, "datetime": {"datetime": "2025-08-20 23:16:43", "elapsed": 41057.54018855095, "delta": 23.412166595458984}, "costs": {"total_cost": 1483.1898976735033, "time_cost": 150, "final_distance_cost": 10.778338340722003, "oscillation_cost": 87.934190981767, "completition_cost": 1000.0, "overshoot_cost": 144.95803292937157, "power_cost": 21.925967626953128, "noise_cost": 67.59336779468978, "n_waypoints_completed": 0, "tot_waypoints": 9}}
{"target": -1652.9827499693986, "params": {"k_pid_pos": [9.999999747378752e-05, 1.0, 0.0], "k_pid_alt": [2.0, 0.9368074536323547, 0.0], "k_pid_att": [100.0, 0.32828763127326965, 0.0], "k_pid_yaw": [0.5, 1e-06, 0.1], "k_pid_hsp": [9.999999747378752e-05, 0.019795924425125122, 0.008971750736236572], "k_pid_vsp": [11.332964897155762, 400.0, 400.0]}, "datetime": {"datetime": "2025-08-20 23:17:06", "elapsed": 41081.21502542496, "delta": 23.67483687400818}, "costs": {"total_cost": 1652.9827499693986, "time_cost": 150, "final_distance_cost": 200.573785824298, "oscillation_cost": 29.33819512463723, "completition_cost": 1000.0, "overshoot_cost": 207.56525974729493, "power_cost": 37.819253186035155, "noise_cost": 27.686256087133195, "n_waypoints_completed": 0, "tot_waypoints": 9}}
{"target": -1481.8988817387742, "params": {"k_pid_pos": [9.999999747378752e-05, 0.919152021408081, 0.0], "k_pid_alt": [2.0, 0.9975074529647827, 0.06078854203224182], "k_pid_att": [100.0, 9.999999747378752e-05, 0.04150223731994629], "k_pid_yaw": [0.5, 1e-06, 0.1], "k_pid_hsp": [0.3795417547225952, 0.0, 0.0], "k_pid_vsp": [0.0, 374.2693786621094, 386.9500427246094]}, "datetime": {"datetime": "2025-08-20 23:17:33", "elapsed": 41108.257889032364, "delta": 27.042863607406616}, "costs": {"total_cost": 1481.8988817387742, "time_cost": 150, "final_distance_cost": 13.83943437459816, "oscillation_cost": 59.13823062381362, "completition_cost": 1000.0, "overshoot_cost": 139.70683331009613, "power_cost": 29.903141137695314, "noise_cost": 89.31124229257101, "n_waypoints_completed": 0, "tot_waypoints": 9}}
{"target": -1938.706521361473, "params": {"k_pid_pos": [9.999999747378752e-05, 1.0, 0.0], "k_pid_alt": [2.0, 0.9676154255867004, 0.008616983890533447], "k_pid_att": [100.0, 0.8021132946014404, 0.0], "k_pid_yaw": [0.5, 1e-06, 0.1], "k_pid_hsp": [9.999999747378752e-05, 0.003939419984817505, 0.0], "k_pid_vsp": [18.88190460205078, 399.49932861328125, 400.0]}, "datetime": {"datetime": "2025-08-20 23:17:59", "elapsed": 41134.26155209541, "delta": 26.003663063049316}, "costs": {"total_cost": 1938.706521361473, "time_cost": 150, "final_distance_cost": 339.63243727124967, "oscillation_cost": 31.269869879549177, "completition_cost": 1000.0, "overshoot_cost": 393.4832400719109, "power_cost": 11.335274865722656, "noise_cost": 12.985699273040725, "n_waypoints_completed": 0, "tot_waypoints": 9}}
{"target": -1404.4469008047354, "params": {"k_pid_pos": [9.999999747378752e-05, 1.0, 0.01418757438659668], "k_pid_alt": [2.0, 1.0, 0.0], "k_pid_att": [100.0, 0.32557982206344604, 0.04854053258895874], "k_pid_yaw": [0.5, 1e-06, 0.1], "k_pid_hsp": [0.27910980582237244, 0.008223623037338257, 0.08360058069229126], "k_pid_vsp": [2.023756504058838, 398.1111755371094, 399.2887268066406]}, "datetime": {"datetime": "2025-08-20 23:18:21", "elapsed": 41156.1400141716, "delta": 21.878462076187134}, "costs": {"total_cost": 1404.4469008047354, "time_cost": 150, "final_distance_cost": 60.9164948910325, "oscillation_cost": 172.6767422499609, "completition_cost": 888.8888888888888, "overshoot_cost": 95.0976105131252, "power_cost": 14.306440576171875, "noise_cost": 22.560723685556148, "n_waypoints_completed": 1, "tot_waypoints": 9}}
{"target": -1481.9970513337723, "params": {"k_pid_pos": [9.999999747378752e-05, 1.0, 0.002615898847579956], "k_pid_alt": [1.985691785812378, 1.0, 0.013033539056777954], "k_pid_att": [100.0, 0.0259222611784935, 0.0], "k_pid_yaw": [0.5, 1e-06, 0.1], "k_pid_hsp": [9.999999747378752e-05, 0.04355710744857788, 0.0], "k_pid_vsp": [16.434038162231445, 380.4133605957031, 366.07080078125]}, "datetime": {"datetime": "2025-08-20 23:18:45", "elapsed": 41179.730078697205, "delta": 23.590064525604248}, "costs": {"total_cost": 1481.9970513337723, "time_cost": 150, "final_distance_cost": 35.746664228863764, "oscillation_cost": 32.721815100965046, "completition_cost": 1000.0, "overshoot_cost": 154.45281127809406, "power_cost": 27.780178381347657, "noise_cost": 81.29558234450187, "n_waypoints_completed": 0, "tot_waypoints": 9}}
{"target": -1741.1885940721104, "params": {"k_pid_pos": [0.0036328290589153767, 0.9917536973953247, 0.0], "k_pid_alt": [1.8644640445709229, 0.9726712703704834, 0.04740476608276367], "k_pid_att": [100.0, 0.05533447861671448, 0.02080497145652771], "k_pid_yaw": [0.5, 1e-06, 0.1], "k_pid_hsp": [9.999999747378752e-05, 0.0, 0.01958361268043518], "k_pid_vsp": [5.7663798332214355, 400.0, 400.0]}, "datetime": {"datetime": "2025-08-20 23:19:08", "elapsed": 41203.448477745056, "delta": 23.718399047851562}, "costs": {"total_cost": 1741.1885940721104, "time_cost": 150, "final_distance_cost": 289.73835194701223, "oscillation_cost": 22.17099179108552, "completition_cost": 888.8888888888888, "overshoot_cost": 326.8642126103527, "power_cost": 36.93393983154297, "noise_cost": 26.592209003227996, "n_waypoints_completed": 1, "tot_waypoints": 9}}
{"target": -1496.7765829383327, "params": {"k_pid_pos": [0.028874430805444717, 0.9488958716392517, 0.07107508182525635], "k_pid_alt": [1.88517427444458, 0.9520472288131714, 0.0], "k_pid_att": [100.0, 9.999999747378752e-05, 0.0], "k_pid_yaw": [0.5, 1e-06, 0.1], "k_pid_hsp": [0.17401447892189026, 0.007422327995300293, 0.0], "k_pid_vsp": [0.0, 350.4977722167969, 400.0]}, "datetime": {"datetime": "2025-08-20 23:19:31", "elapsed": 41226.29895853996, "delta": 22.850480794906616}, "costs": {"total_cost": 1496.7765829383327, "time_cost": 150, "final_distance_cost": 14.872030135744769, "oscillation_cost": 56.31252435514909, "completition_cost": 1000.0, "overshoot_cost": 139.71690063316638, "power_cost": 34.7759283569336, "noise_cost": 101.09919945733891, "n_waypoints_completed": 0, "tot_waypoints": 9}}
{"target": -1608.7105075322547, "params": {"k_pid_pos": [0.04004563391208649, 0.9957050681114197, 0.04201003909111023], "k_pid_alt": [2.0, 1.0, 0.03625667095184326], "k_pid_att": [96.38999938964844, 9.999999747378752e-05, 0.0], "k_pid_yaw": [0.5, 1e-06, 0.1], "k_pid_hsp": [9.999999747378752e-05, 0.020468860864639282, 0.0016456842422485352], "k_pid_vsp": [0.0, 385.30157470703125, 381.6189880371094]}, "datetime": {"datetime": "2025-08-20 23:19:53", "elapsed": 41248.116632938385, "delta": 21.81767439842224}, "costs": {"total_cost": 1608.7105075322547, "time_cost": 150, "final_distance_cost": 192.11687719771984, "oscillation_cost": 31.0075481646133, "completition_cost": 1000.0, "overshoot_cost": 207.93951548234296, "power_cost": 13.536624475097657, "noise_cost": 14.109942212480924, "n_waypoints_completed": 0, "tot_waypoints": 9}}
{"target": -1407.9637130879476, "params": {"k_pid_pos": [9.999999747378752e-05, 0.9742175936698914, 0.006187111139297485], "k_pid_alt": [2.0, 0.9699016213417053, 0.0], "k_pid_att": [98.97834014892578, 9.999999747378752e-05, 0.0648198127746582], "k_pid_yaw": [0.5, 1e-06, 0.1], "k_pid_hsp": [0.6537048816680908, 0.033878713846206665, 0.0], "k_pid_vsp": [0.0, 381.8501892089844, 400.0]}, "datetime": {"datetime": "2025-08-20 23:20:17", "elapsed": 41271.900882959366, "delta": 23.784250020980835}, "costs": {"total_cost": 1407.9637130879476, "time_cost": 150, "final_distance_cost": 10.55540619015439, "oscillation_cost": 67.71692685034185, "completition_cost": 1000.0, "overshoot_cost": 139.72845183236143, "power_cost": 6.697198364257813, "noise_cost": 33.26572985083206, "n_waypoints_completed": 0, "tot_waypoints": 9}}
{"target": -1863.3980072233942, "params": {"k_pid_pos": [9.999999747378752e-05, 0.9392571449279785, 0.0], "k_pid_alt": [1.8710659742355347, 1.0, 0.0], "k_pid_att": [100.0, 0.3661773204803467, 0.0], "k_pid_yaw": [0.5, 1e-06, 0.1], "k_pid_hsp": [9.999999747378752e-05, 0.011894822120666504, 0.008580803871154785], "k_pid_vsp": [10.481369018554688, 360.60009765625, 384.8945007324219]}, "datetime": {"datetime": "2025-08-20 23:20:40", "elapsed": 41295.38366675377, "delta": 23.482783794403076}, "costs": {"total_cost": 1863.3980072233942, "time_cost": 150, "final_distance_cost": 307.9715717251129, "oscillation_cost": 32.73179263357707, "completition_cost": 1000.0, "overshoot_cost": 347.91982548543035, "power_cost": 11.745413208007813, "noise_cost": 13.029404171266108, "n_waypoints_completed": 0, "tot_waypoints": 9}}
{"target": -1497.0376047984253, "params": {"k_pid_pos": [0.23399218916893005, 0.9849135875701904, 0.0], "k_pid_alt": [1.961694359779358, 0.9722391963005066, 0.0], "k_pid_att": [100.0, 9.999999747378752e-05, 0.03399544954299927], "k_pid_yaw": [0.5, 1e-06, 0.1], "k_pid_hsp": [0.13431669771671295, 0.057874590158462524, 0.0], "k_pid_vsp": [0.0, 400.0, 395.6319885253906]}, "datetime": {"datetime": "2025-08-20 23:21:03", "elapsed": 41317.98388123512, "delta": 22.60021448135376}, "costs": {"total_cost": 1497.0376047984253, "time_cost": 150, "final_distance_cost": 10.770510922477182, "oscillation_cost": 55.54044898407678, "completition_cost": 1000.0, "overshoot_cost": 140.8951758681663, "power_cost": 35.89667987060547, "noise_cost": 103.93478915309957, "n_waypoints_completed": 0, "tot_waypoints": 9}}
