{"target": -1444.5013546246391, "params": {"k_pid_pos": [9.999999747378752e-05, 0.9526023268699646, 0.0], "k_pid_alt": [2.0, 1.0, 0.0], "k_pid_att": [92.33747100830078, 9.999999747378752e-05, 0.08773690462112427], "k_pid_yaw": [0.5, 1e-06, 0.1], "k_pid_hsp": [0.12418102473020554, 0.02534136176109314, 0.04449206590652466], "k_pid_vsp": [0.0, 372.04266357421875, 400.0]}, "datetime": {"datetime": "2025-08-21 03:44:24", "elapsed": 57118.66373729706, "delta": 21.339712381362915}, "costs": {"total_cost": 1444.5013546246391, "time_cost": 150, "final_distance_cost": 20.43190373939084, "oscillation_cost": 88.82047327280303, "completition_cost": 1000.0, "overshoot_cost": 116.76439191537378, "power_cost": 36.97934786376953, "noise_cost": 31.505237833301887, "n_waypoints_completed": 0, "tot_waypoints": 9}}
{"target": -1920.3954365533948, "params": {"k_pid_pos": [0.03102193959057331, 1.0, 0.0], "k_pid_alt": [2.0, 1.0, 0.0], "k_pid_att": [95.88114929199219, 9.999999747378752e-05, 0.0], "k_pid_yaw": [0.5, 1e-06, 0.1], "k_pid_hsp": [9.999999747378752e-05, 0.0, 0.0], "k_pid_vsp": [0.0, 399.8496398925781, 389.1892395019531]}, "datetime": {"datetime": "2025-08-21 03:44:44", "elapsed": 57139.105214357376, "delta": 20.441477060317993}, "costs": {"total_cost": 1920.3954365533948, "time_cost": 150, "final_distance_cost": 336.07030364107015, "oscillation_cost": 29.775318975834193, "completition_cost": 1000.0, "overshoot_cost": 378.6282095170653, "power_cost": 11.85206658935547, "noise_cost": 14.069537830069779, "n_waypoints_completed": 0, "tot_waypoints": 9}}
