{"target": -2140.1912003698058, "params": {"k_pid_pos": [9.999999747378752e-05, 1.0, 0.08128488063812256], "k_pid_alt": [1.9974236488342285, 0.8689076900482178, 0.0], "k_pid_att": [96.19991302490234, 0.4100664556026459, 0.05335265398025513], "k_pid_yaw": [0.5, 1e-06, 0.1], "k_pid_hsp": [9.999999747378752e-05, 0.0, 0.1330776810646057], "k_pid_vsp": [21.03807830810547, 399.832763671875, 394.62933349609375]}, "datetime": {"datetime": "2025-08-21 00:14:39", "elapsed": 44534.344826459885, "delta": 24.195698499679565}, "costs": {"total_cost": 2140.1912003698058, "time_cost": 150, "final_distance_cost": 185.39286899954763, "oscillation_cost": 431.7056472427022, "completition_cost": 1000.0, "overshoot_cost": 335.052514848399, "power_cost": 21.058708544921878, "noise_cost": 16.98146073423519, "n_waypoints_completed": 0, "tot_waypoints": 9}}
{"target": -1672.799545201152, "params": {"k_pid_pos": [0.2108432650566101, 1.0, 0.005356848239898682], "k_pid_alt": [2.0, 1.0, 0.0], "k_pid_att": [100.0, 0.28827810287475586, 0.0], "k_pid_yaw": [0.5, 1e-06, 0.1], "k_pid_hsp": [9.999999747378752e-05, 0.01944798231124878, 0.0], "k_pid_vsp": [36.38508224487305, 400.0, 400.0]}, "datetime": {"datetime": "2025-08-21 00:15:03", "elapsed": 44557.53973245621, "delta": 23.194905996322632}, "costs": {"total_cost": 1672.799545201152, "time_cost": 150, "final_distance_cost": 206.01464025768215, "oscillation_cost": 26.81501147557792, "completition_cost": 1000.0, "overshoot_cost": 224.15601570524188, "power_cost": 37.878321923828125, "noise_cost": 27.935555838821994, "n_waypoints_completed": 0, "tot_waypoints": 9}}
{"target": -1455.3824176886455, "params": {"k_pid_pos": [9.999999747378752e-05, 1.0, 0.0], "k_pid_alt": [2.0, 1.0, 0.044428735971450806], "k_pid_att": [96.49844360351562, 9.999999747378752e-05, 0.0], "k_pid_yaw": [0.5, 1e-06, 0.1], "k_pid_hsp": [0.3127235174179077, 0.0, 0.02647501230239868], "k_pid_vsp": [0.0, 384.0610046386719, 376.18231201171875]}, "datetime": {"datetime": "2025-08-21 00:15:25", "elapsed": 44580.28884577751, "delta": 22.74911332130432}, "costs": {"total_cost": 1455.3824176886455, "time_cost": 150, "final_distance_cost": 13.137953315944364, "oscillation_cost": 92.72930585170884, "completition_cost": 1000.0, "overshoot_cost": 140.52999877445174, "power_cost": 12.886753308105469, "noise_cost": 46.098406438435255, "n_waypoints_completed": 0, "tot_waypoints": 9}}
{"target": -1480.3904752000135, "params": {"k_pid_pos": [0.0955599918961525, 1.0, 0.06945067644119263], "k_pid_alt": [2.0, 0.9499269723892212, 0.0], "k_pid_att": [100.0, 0.1908082216978073, 0.0], "k_pid_yaw": [0.5, 1e-06, 0.1], "k_pid_hsp": [1.8561551570892334, 0.0, 0.0035764873027801514], "k_pid_vsp": [16.235374450683594, 400.0, 400.0]}, "datetime": {"datetime": "2025-08-21 00:15:49", "elapsed": 44604.37188887596, "delta": 24.083043098449707}, "costs": {"total_cost": 1480.3904752000135, "time_cost": 150, "final_distance_cost": 12.322463291589502, "oscillation_cost": 69.87221744811004, "completition_cost": 1000.0, "overshoot_cost": 138.7245770083586, "power_cost": 27.033760815429687, "noise_cost": 82.43745663652552, "n_waypoints_completed": 0, "tot_waypoints": 9}}
{"target": -1853.1634625970908, "params": {"k_pid_pos": [0.1486547589302063, 0.9509726762771606, 0.0], "k_pid_alt": [2.0, 0.9743613004684448, 0.16365236043930054], "k_pid_att": [97.09320831298828, 9.999999747378752e-05, 0.0], "k_pid_yaw": [0.5, 1e-06, 0.1], "k_pid_hsp": [9.999999747378752e-05, 0.0, 0.012047141790390015], "k_pid_vsp": [8.643269538879395, 373.5624694824219, 395.8627624511719]}, "datetime": {"datetime": "2025-08-21 00:16:11", "elapsed": 44626.16327571869, "delta": 21.79138684272766}, "costs": {"total_cost": 1853.1634625970908, "time_cost": 150, "final_distance_cost": 337.8240091604069, "oscillation_cost": 29.597726374151257, "completition_cost": 888.8888888888888, "overshoot_cost": 382.1443001838806, "power_cost": 37.88860135498047, "noise_cost": 26.819936634782756, "n_waypoints_completed": 1, "tot_waypoints": 9}}
{"target": -3041.5815481580344, "params": {"k_pid_pos": [9.999999747378752e-05, 1.0, 0.09079355001449585], "k_pid_alt": [1.8890365362167358, 1.0, 0.0], "k_pid_att": [100.0, 9.999999747378752e-05, 0.0], "k_pid_yaw": [0.5, 1e-06, 0.1], "k_pid_hsp": [0.02709944173693657, 0.01527947187423706, 0.06050267815589905], "k_pid_vsp": [0.0, 377.94683837890625, 388.0166015625]}, "datetime": {"datetime": "2025-08-21 00:16:35", "elapsed": 44649.91878128052, "delta": 23.755505561828613}, "costs": {"total_cost": 3041.5815481580344, "time_cost": 150, "final_distance_cost": 639.4591695219989, "oscillation_cost": 198.83738419824246, "completition_cost": 1000.0, "overshoot_cost": 1013.7440972845565, "power_cost": 21.97565213623047, "noise_cost": 17.565245017006074, "n_waypoints_completed": 0, "tot_waypoints": 9}}
{"target": -1451.6993652526708, "params": {"k_pid_pos": [0.055964045226573944, 0.906240701675415, 0.038963377475738525], "k_pid_alt": [2.0, 0.9662721753120422, 0.0], "k_pid_att": [100.0, 9.999999747378752e-05, 0.0], "k_pid_yaw": [0.5, 1e-06, 0.1], "k_pid_hsp": [0.06368083506822586, 0.03517991304397583, 0.01191607117652893], "k_pid_vsp": [0.0, 400.0, 386.60797119140625]}, "datetime": {"datetime": "2025-08-21 00:16:58", "elapsed": 44673.46255898476, "delta": 23.54377770423889}, "costs": {"total_cost": 1451.6993652526708, "time_cost": 150, "final_distance_cost": 7.929706998616227, "oscillation_cost": 56.34461243430895, "completition_cost": 1000.0, "overshoot_cost": 142.1640962704339, "power_cost": 23.057065966796877, "noise_cost": 72.20388358251473, "n_waypoints_completed": 0, "tot_waypoints": 9}}
{"target": -1488.0911499613867, "params": {"k_pid_pos": [9.999999747378752e-05, 0.9629265666007996, 0.03241172432899475], "k_pid_alt": [1.9867732524871826, 0.9588066339492798, 0.0], "k_pid_att": [99.1285171508789, 9.999999747378752e-05, 0.0030076205730438232], "k_pid_yaw": [0.5, 1e-06, 0.1], "k_pid_hsp": [1.1089125871658325, 0.040748536586761475, 0.0], "k_pid_vsp": [0.0, 391.68353271484375, 400.0]}, "datetime": {"datetime": "2025-08-21 00:17:21", "elapsed": 44696.36161780357, "delta": 22.89905881881714}, "costs": {"total_cost": 1488.0911499613867, "time_cost": 150, "final_distance_cost": 12.320090347305419, "oscillation_cost": 65.6251366516974, "completition_cost": 1000.0, "overshoot_cost": 139.35713165557436, "power_cost": 30.341396215820314, "noise_cost": 90.44739509098892, "n_waypoints_completed": 0, "tot_waypoints": 9}}
{"target": -1481.5246247807288, "params": {"k_pid_pos": [0.15598618984222412, 0.9533765912055969, 0.0], "k_pid_alt": [1.8808636665344238, 1.0, 0.0363103449344635], "k_pid_att": [90.3316879272461, 9.999999747378752e-05, 0.0028072595596313477], "k_pid_yaw": [0.5, 1e-06, 0.1], "k_pid_hsp": [9.999999747378752e-05, 0.048955321311950684, 0.0009515583515167236], "k_pid_vsp": [16.99341583251953, 400.0, 377.9286804199219]}, "datetime": {"datetime": "2025-08-21 00:17:44", "elapsed": 44719.48593020439, "delta": 23.12431240081787}, "costs": {"total_cost": 1481.5246247807288, "time_cost": 150, "final_distance_cost": 33.03618423600905, "oscillation_cost": 33.017575097819126, "completition_cost": 1000.0, "overshoot_cost": 151.6548700436235, "power_cost": 28.70614169921875, "noise_cost": 85.10985370405848, "n_waypoints_completed": 0, "tot_waypoints": 9}}
{"target": -1926.967339383594, "params": {"k_pid_pos": [0.02651796117424965, 0.9630205631256104, 0.0], "k_pid_alt": [2.0, 0.9511982202529907, 0.012678027153015137], "k_pid_att": [97.57852935791016, 0.9396606683731079, 0.0], "k_pid_yaw": [0.5, 1e-06, 0.1], "k_pid_hsp": [9.999999747378752e-05, 0.0, 0.0], "k_pid_vsp": [0.0, 400.0, 400.0]}, "datetime": {"datetime": "2025-08-21 00:18:08", "elapsed": 44743.07985520363, "delta": 23.59392499923706}, "costs": {"total_cost": 1926.967339383594, "time_cost": 150, "final_distance_cost": 338.7226666771401, "oscillation_cost": 30.571793717290245, "completition_cost": 1000.0, "overshoot_cost": 382.9887487897754, "power_cost": 11.429095727539064, "noise_cost": 13.255034471848973, "n_waypoints_completed": 0, "tot_waypoints": 9}}
{"target": -1451.2925607867758, "params": {"k_pid_pos": [9.999999747378752e-05, 0.9448365569114685, 0.028339236974716187], "k_pid_alt": [1.926180362701416, 1.0, 0.014659911394119263], "k_pid_att": [88.63402557373047, 0.711963951587677, 0.0], "k_pid_yaw": [0.5, 1e-06, 0.1], "k_pid_hsp": [0.13397009670734406, 0.07788082957267761, 0.0], "k_pid_vsp": [0.0, 400.0, 400.0]}, "datetime": {"datetime": "2025-08-21 00:18:32", "elapsed": 44766.70499944687, "delta": 23.625144243240356}, "costs": {"total_cost": 1451.2925607867758, "time_cost": 150, "final_distance_cost": 7.219320333548792, "oscillation_cost": 52.83034296219498, "completition_cost": 1000.0, "overshoot_cost": 142.10089035771512, "power_cost": 24.119866772460938, "noise_cost": 75.02214036085584, "n_waypoints_completed": 0, "tot_waypoints": 9}}
{"target": -1508.707945789217, "params": {"k_pid_pos": [9.999999747378752e-05, 0.9707940816879272, 0.024844646453857422], "k_pid_alt": [1.985731601715088, 1.0, 0.058450400829315186], "k_pid_att": [100.0, 0.2151758372783661, 0.029384702444076538], "k_pid_yaw": [0.5, 1e-06, 0.1], "k_pid_hsp": [0.11129910498857498, 0.0, 0.08355170488357544], "k_pid_vsp": [23.57064437866211, 400.0, 393.23175048828125]}, "datetime": {"datetime": "2025-08-21 00:18:53", "elapsed": 44788.4700627327, "delta": 21.765063285827637}, "costs": {"total_cost": 1508.707945789217, "time_cost": 150, "final_distance_cost": 59.27840504955085, "oscillation_cost": 202.3695421729319, "completition_cost": 1000.0, "overshoot_cost": 57.84203683558257, "power_cost": 21.978200939941406, "noise_cost": 17.239760791210376, "n_waypoints_completed": 0, "tot_waypoints": 9}}
{"target": -1689.984810865001, "params": {"k_pid_pos": [9.999999747378752e-05, 1.0, 0.004626929759979248], "k_pid_alt": [2.0, 1.0, 0.0], "k_pid_att": [95.20878601074219, 9.999999747378752e-05, 0.003850579261779785], "k_pid_yaw": [0.5, 1e-06, 0.1], "k_pid_hsp": [9.999999747378752e-05, 0.0, 0.01973852515220642], "k_pid_vsp": [0.0, 395.3441467285156, 400.0]}, "datetime": {"datetime": "2025-08-21 00:19:17", "elapsed": 44812.171068906784, "delta": 23.701006174087524}, "costs": {"total_cost": 1689.984810865001, "time_cost": 150, "final_distance_cost": 282.3938251740447, "oscillation_cost": 30.234735597753332, "completition_cost": 888.8888888888888, "overshoot_cost": 316.18465753678674, "power_cost": 10.518825805664063, "noise_cost": 11.763877861863135, "n_waypoints_completed": 1, "tot_waypoints": 9}}
{"target": -1479.4091108379523, "params": {"k_pid_pos": [0.14725889265537262, 1.0, 0.14795932173728943], "k_pid_alt": [1.9871057271957397, 0.9740256071090698, 0.032395631074905396], "k_pid_att": [100.0, 0.08680511265993118, 0.0], "k_pid_yaw": [0.5, 1e-06, 0.1], "k_pid_hsp": [0.2542293071746826, 0.0, 0.023833632469177246], "k_pid_vsp": [0.0, 387.7889099121094, 400.0]}, "datetime": {"datetime": "2025-08-21 00:19:41", "elapsed": 44835.90972113609, "delta": 23.738652229309082}, "costs": {"total_cost": 1479.4091108379523, "time_cost": 150, "final_distance_cost": 15.128564885512668, "oscillation_cost": 81.08888021748409, "completition_cost": 1000.0, "overshoot_cost": 138.67547463080902, "power_cost": 23.295896228027345, "noise_cost": 71.22029487611897, "n_waypoints_completed": 0, "tot_waypoints": 9}}
{"target": -1472.0960874658704, "params": {"k_pid_pos": [0.01713952049612999, 1.0, 0.0], "k_pid_alt": [1.9968217611312866, 1.0, 0.0], "k_pid_att": [100.0, 0.6267609000205994, 0.0], "k_pid_yaw": [0.5, 1e-06, 0.1], "k_pid_hsp": [9.999999747378752e-05, 0.09358188509941101, 0.014848858118057251], "k_pid_vsp": [14.536190032958984, 396.403076171875, 400.0]}, "datetime": {"datetime": "2025-08-21 00:20:04", "elapsed": 44858.931936979294, "delta": 23.022215843200684}, "costs": {"total_cost": 1472.0960874658704, "time_cost": 150, "final_distance_cost": 24.122623929619728, "oscillation_cost": 53.29134260478365, "completition_cost": 1000.0, "overshoot_cost": 144.7008178781613, "power_cost": 24.241639794921877, "noise_cost": 75.73966325838377, "n_waypoints_completed": 0, "tot_waypoints": 9}}
{"target": -2024.7929421310325, "params": {"k_pid_pos": [0.12634865939617157, 1.0, 0.0], "k_pid_alt": [1.9213268756866455, 1.0, 0.0], "k_pid_att": [92.0602798461914, 0.025039823725819588, 0.007980585098266602], "k_pid_yaw": [0.5, 1e-06, 0.1], "k_pid_hsp": [9.999999747378752e-05, 0.0, 0.01633930206298828], "k_pid_vsp": [21.673954010009766, 400.0, 399.0145568847656]}, "datetime": {"datetime": "2025-08-21 00:20:26", "elapsed": 44881.2098300457, "delta": 22.27789306640625}, "costs": {"total_cost": 2024.7929421310325, "time_cost": 150, "final_distance_cost": 378.2356679029354, "oscillation_cost": 23.88132968712838, "completition_cost": 1000.0, "overshoot_cost": 449.6978603571985, "power_cost": 10.909770227050782, "noise_cost": 12.068313956719368, "n_waypoints_completed": 0, "tot_waypoints": 9}}
{"target": -1943.151571221018, "params": {"k_pid_pos": [0.08879532665014267, 1.0, 0.0], "k_pid_alt": [2.0, 1.0, 0.00808483362197876], "k_pid_att": [100.0, 0.171494722366333, 0.07737216353416443], "k_pid_yaw": [0.5, 1e-06, 0.1], "k_pid_hsp": [9.999999747378752e-05, 0.0, 0.0], "k_pid_vsp": [0.0, 400.0, 387.24810791015625]}, "datetime": {"datetime": "2025-08-21 00:20:50", "elapsed": 44904.62263274193, "delta": 23.412802696228027}, "costs": {"total_cost": 1943.151571221018, "time_cost": 150, "final_distance_cost": 331.56612936413876, "oscillation_cost": 24.450239647685304, "completition_cost": 1000.0, "overshoot_cost": 370.4158806877166, "power_cost": 37.83754268798828, "noise_cost": 28.881778833489115, "n_waypoints_completed": 0, "tot_waypoints": 9}}
{"target": -1439.6807328268878, "params": {"k_pid_pos": [9.999999747378752e-05, 1.0, 0.0], "k_pid_alt": [1.9560308456420898, 0.9532078504562378, 0.0], "k_pid_att": [96.97872161865234, 9.999999747378752e-05, 0.00458139181137085], "k_pid_yaw": [0.5, 1e-06, 0.1], "k_pid_hsp": [0.27681297063827515, 0.0, 0.037875473499298096], "k_pid_vsp": [1.5972614288330078, 387.35009765625, 399.332763671875]}, "datetime": {"datetime": "2025-08-21 00:21:13", "elapsed": 44928.27793097496, "delta": 23.655298233032227}, "costs": {"total_cost": 1439.6807328268878, "time_cost": 150, "final_distance_cost": 2.769317297931819, "oscillation_cost": 100.5800383267526, "completition_cost": 1000.0, "overshoot_cost": 132.6685253558179, "power_cost": 18.252063427734377, "noise_cost": 35.410788418650924, "n_waypoints_completed": 0, "tot_waypoints": 9}}
{"target": -1469.8713484478044, "params": {"k_pid_pos": [0.1443607062101364, 0.9479772448539734, 0.013850778341293335], "k_pid_alt": [1.8849042654037476, 1.0, 0.0], "k_pid_att": [100.0, 0.23789839446544647, 0.03591063618659973], "k_pid_yaw": [0.5, 1e-06, 0.1], "k_pid_hsp": [0.04723160341382027, 0.0, 0.0], "k_pid_vsp": [0.0, 394.3900146484375, 394.3719482421875]}, "datetime": {"datetime": "2025-08-21 00:21:36", "elapsed": 44950.784311294556, "delta": 22.506380319595337}, "costs": {"total_cost": 1469.8713484478044, "time_cost": 150, "final_distance_cost": 12.976374255995472, "oscillation_cost": 44.52504872242082, "completition_cost": 1000.0, "overshoot_cost": 139.8513481900084, "power_cost": 31.190195959472657, "noise_cost": 91.32838131990707, "n_waypoints_completed": 0, "tot_waypoints": 9}}
{"target": -1948.326358997054, "params": {"k_pid_pos": [9.999999747378752e-05, 1.0, 0.0], "k_pid_alt": [1.9546476602554321, 0.9893802404403687, 0.014695227146148682], "k_pid_att": [100.0, 9.999999747378752e-05, 0.0], "k_pid_yaw": [0.5, 1e-06, 0.1], "k_pid_hsp": [9.999999747378752e-05, 0.006968766450881958, 0.0], "k_pid_vsp": [0.0, 400.0, 400.0]}, "datetime": {"datetime": "2025-08-21 00:22:01", "elapsed": 44976.456070423126, "delta": 25.671759128570557}, "costs": {"total_cost": 1948.326358997054, "time_cost": 150, "final_distance_cost": 328.5833431591512, "oscillation_cost": 25.621557403225886, "completition_cost": 1000.0, "overshoot_cost": 378.62339358596483, "power_cost": 37.96892689208985, "noise_cost": 27.529137956622304, "n_waypoints_completed": 0, "tot_waypoints": 9}}
{"target": -1440.7389892102306, "params": {"k_pid_pos": [9.999999747378752e-05, 0.9995530843734741, 0.0], "k_pid_alt": [2.0, 1.0, 0.006515800952911377], "k_pid_att": [98.28787231445312, 0.20148777961730957, 0.015474855899810791], "k_pid_yaw": [0.5, 1e-06, 0.1], "k_pid_hsp": [9.999999747378752e-05, 0.11274060606956482, 0.003536015748977661], "k_pid_vsp": [21.272838592529297, 385.3792724609375, 400.0]}, "datetime": {"datetime": "2025-08-21 00:22:24", "elapsed": 44999.351969242096, "delta": 22.895898818969727}, "costs": {"total_cost": 1440.7389892102306, "time_cost": 150, "final_distance_cost": 9.224735773287705, "oscillation_cost": 71.3490308375973, "completition_cost": 1000.0, "overshoot_cost": 145.79887890932054, "power_cost": 13.8439234375, "noise_cost": 50.52242025252492, "n_waypoints_completed": 0, "tot_waypoints": 9}}
{"target": -1522.5032646696825, "params": {"k_pid_pos": [9.999999747378752e-05, 0.9664661884307861, 0.035863667726516724], "k_pid_alt": [2.0, 0.9864194393157959, 0.0], "k_pid_att": [98.59526062011719, 9.999999747378752e-05, 0.0], "k_pid_yaw": [0.5, 1e-06, 0.1], "k_pid_hsp": [0.35578444600105286, 0.0, 0.149315744638443], "k_pid_vsp": [0.0, 400.0, 396.85357666015625]}, "datetime": {"datetime": "2025-08-21 00:22:47", "elapsed": 45022.48824381828, "delta": 23.136274576187134}, "costs": {"total_cost": 1522.5032646696825, "time_cost": 150, "final_distance_cost": 35.587686871122415, "oscillation_cost": 227.57966189869677, "completition_cost": 1000.0, "overshoot_cost": 64.0149550526478, "power_cost": 25.87508327636719, "noise_cost": 19.44587757084829, "n_waypoints_completed": 0, "tot_waypoints": 9}}
{"target": -1437.7004772872929, "params": {"k_pid_pos": [9.999999747378752e-05, 1.0, 0.03413313627243042], "k_pid_alt": [1.9774649143218994, 1.0, 0.0], "k_pid_att": [99.04237365722656, 0.6571810245513916, 0.031070053577423096], "k_pid_yaw": [0.5, 1e-06, 0.1], "k_pid_hsp": [9.999999747378752e-05, 0.05232289433479309, 0.0], "k_pid_vsp": [2.4278640747070312, 398.09857177734375, 398.0293273925781]}, "datetime": {"datetime": "2025-08-21 00:23:11", "elapsed": 45045.84637236595, "delta": 23.358128547668457}, "costs": {"total_cost": 1437.7004772872929, "time_cost": 150, "final_distance_cost": 16.947315615478388, "oscillation_cost": 36.45591037064633, "completition_cost": 1000.0, "overshoot_cost": 151.30861353206768, "power_cost": 19.48645888671875, "noise_cost": 63.50217888238183, "n_waypoints_completed": 0, "tot_waypoints": 9}}
{"target": -1322.416844238144, "params": {"k_pid_pos": [0.07609903812408447, 1.0, 0.0], "k_pid_alt": [1.995546579360962, 1.0, 0.04118475317955017], "k_pid_att": [95.99256134033203, 0.29413509368896484, 0.0], "k_pid_yaw": [0.5, 1e-06, 0.1], "k_pid_hsp": [9.999999747378752e-05, 0.024648278951644897, 0.004450201988220215], "k_pid_vsp": [0.0, 399.2472229003906, 399.67498779296875]}, "datetime": {"datetime": "2025-08-21 00:23:34", "elapsed": 45068.73128604889, "delta": 22.884913682937622}, "costs": {"total_cost": 1322.416844238144, "time_cost": 150, "final_distance_cost": 47.83884980618032, "oscillation_cost": 39.387600371596825, "completition_cost": 888.8888888888888, "overshoot_cost": 123.9066255995441, "power_cost": 38.05653846435547, "noise_cost": 34.338341107578536, "n_waypoints_completed": 1, "tot_waypoints": 9}}
{"target": -1495.1978338802726, "params": {"k_pid_pos": [0.028563490137457848, 0.9830555319786072, 0.004769086837768555], "k_pid_alt": [1.8554037809371948, 1.0, 0.010347545146942139], "k_pid_att": [94.5119400024414, 9.999999747378752e-05, 0.0], "k_pid_yaw": [0.5, 1e-06, 0.1], "k_pid_hsp": [0.3814222514629364, 0.059129565954208374, 0.010676860809326172], "k_pid_vsp": [28.069854736328125, 370.4877014160156, 400.0]}, "datetime": {"datetime": "2025-08-21 00:23:57", "elapsed": 45091.78425979614, "delta": 23.052973747253418}, "costs": {"total_cost": 1495.1978338802726, "time_cost": 150, "final_distance_cost": 25.632470912370156, "oscillation_cost": 81.63953350073726, "completition_cost": 1000.0, "overshoot_cost": 146.34294130902435, "power_cost": 21.852831970214844, "noise_cost": 69.73005618792594, "n_waypoints_completed": 0, "tot_waypoints": 9}}
{"target": -1922.2237433518421, "params": {"k_pid_pos": [9.999999747378752e-05, 1.0, 0.0], "k_pid_alt": [1.7908345460891724, 0.9555715322494507, 0.0], "k_pid_att": [100.0, 9.999999747378752e-05, 0.005191296339035034], "k_pid_yaw": [0.5, 1e-06, 0.1], "k_pid_hsp": [9.999999747378752e-05, 0.0, 0.0], "k_pid_vsp": [5.992782115936279, 393.06646728515625, 388.2899169921875]}, "datetime": {"datetime": "2025-08-21 00:24:20", "elapsed": 45114.92137885094, "delta": 23.13711905479431}, "costs": {"total_cost": 1922.2237433518421, "time_cost": 150, "final_distance_cost": 336.87105101031085, "oscillation_cost": 30.984306066499084, "completition_cost": 1000.0, "overshoot_cost": 378.866207542747, "power_cost": 11.658610083007813, "noise_cost": 13.8435686492776, "n_waypoints_completed": 0, "tot_waypoints": 9}}
{"target": -1485.8581350014501, "params": {"k_pid_pos": [9.999999747378752e-05, 0.9888439178466797, 0.04822450876235962], "k_pid_alt": [2.0, 0.9356770515441895, 0.0], "k_pid_att": [99.79141998291016, 9.999999747378752e-05, 0.05409979820251465], "k_pid_yaw": [0.5, 1e-06, 0.1], "k_pid_hsp": [0.5477315783500671, 0.004459500312805176, 0.00858357548713684], "k_pid_vsp": [0.0, 400.0, 400.0]}, "datetime": {"datetime": "2025-08-21 00:24:44", "elapsed": 45139.01403069496, "delta": 24.092651844024658}, "costs": {"total_cost": 1485.8581350014501, "time_cost": 150, "final_distance_cost": 21.911425774608663, "oscillation_cost": 81.17613940850242, "completition_cost": 1000.0, "overshoot_cost": 143.87602978591494, "power_cost": 21.04559110107422, "noise_cost": 67.84894893135, "n_waypoints_completed": 0, "tot_waypoints": 9}}
