{"target": -1922.8452911658844, "params": {"k_pid_pos": [9.999999747378752e-05, 0.9407632350921631, 0.0], "k_pid_alt": [1.8765108585357666, 0.8950649499893188, 0.0], "k_pid_att": [100.0, 0.3847240209579468, 0.007597982883453369], "k_pid_yaw": [0.5, 1e-06, 0.1], "k_pid_hsp": [9.999999747378752e-05, 0.0, 0.005580812692642212], "k_pid_vsp": [0.0, 393.7691345214844, 371.70513916015625]}, "datetime": {"datetime": "2025-08-20 18:50:20", "elapsed": 25074.907671689987, "delta": 22.04575252532959}, "costs": {"total_cost": 1922.8452911658844, "time_cost": 150, "final_distance_cost": 337.4943630174127, "oscillation_cost": 32.04859491293086, "completition_cost": 1000.0, "overshoot_cost": 379.8281538157244, "power_cost": 11.028952307128908, "noise_cost": 12.445227112687542, "n_waypoints_completed": 0, "tot_waypoints": 9}}
{"target": -1983.7284697906828, "params": {"k_pid_pos": [9.999999747378752e-05, 1.0, 0.07987445592880249], "k_pid_alt": [2.0, 0.9858148097991943, 0.038525283336639404], "k_pid_att": [100.0, 0.716873288154602, 0.0], "k_pid_yaw": [0.5, 1e-06, 0.1], "k_pid_hsp": [9.999999747378752e-05, 0.0, 0.018433809280395508], "k_pid_vsp": [34.5057487487793, 383.4144592285156, 399.05023193359375]}, "datetime": {"datetime": "2025-08-20 18:50:44", "elapsed": 25099.507066726685, "delta": 24.599395036697388}, "costs": {"total_cost": 1983.7284697906828, "time_cost": 150, "final_distance_cost": 349.70345195238633, "oscillation_cost": 18.553565972800225, "completition_cost": 1000.0, "overshoot_cost": 402.51449928022873, "power_cost": 36.587292236328125, "noise_cost": 26.369660348939306, "n_waypoints_completed": 0, "tot_waypoints": 9}}
{"target": -1779.7812009731256, "params": {"k_pid_pos": [0.03141036629676819, 1.0, 0.032223522663116455], "k_pid_alt": [2.0, 1.0, 0.0], "k_pid_att": [100.0, 0.21519789099693298, 0.02934211492538452], "k_pid_yaw": [0.5, 1e-06, 0.1], "k_pid_hsp": [9.999999747378752e-05, 0.01477399468421936, 0.0], "k_pid_vsp": [35.431827545166016, 398.0143737792969, 400.0]}, "datetime": {"datetime": "2025-08-20 18:51:07", "elapsed": 25122.002346515656, "delta": 22.495279788970947}, "costs": {"total_cost": 1779.7812009731256, "time_cost": 150, "final_distance_cost": 269.1462248157706, "oscillation_cost": 31.866963307739294, "completition_cost": 1000.0, "overshoot_cost": 303.0141964345269, "power_cost": 12.309471533203126, "noise_cost": 13.444344881885584, "n_waypoints_completed": 0, "tot_waypoints": 9}}
{"target": -1907.767138373506, "params": {"k_pid_pos": [9.999999747378752e-05, 0.9792653322219849, 0.0], "k_pid_alt": [1.8898587226867676, 1.0, 0.0], "k_pid_att": [100.0, 9.999999747378752e-05, 0.12204933166503906], "k_pid_yaw": [0.5, 1e-06, 0.1], "k_pid_hsp": [0.11232876032590866, 0.0, 0.12770390510559082], "k_pid_vsp": [53.79948425292969, 353.6072692871094, 386.260986328125]}, "datetime": {"datetime": "2025-08-20 18:51:30", "elapsed": 25144.56772708893, "delta": 22.565380573272705}, "costs": {"total_cost": 1907.767138373506, "time_cost": 150, "final_distance_cost": 158.240979984693, "oscillation_cost": 309.9844000508298, "completition_cost": 1000.0, "overshoot_cost": 249.39633329658383, "power_cost": 22.40240944824219, "noise_cost": 17.743015593156922, "n_waypoints_completed": 0, "tot_waypoints": 9}}
{"target": -3190.685238367161, "params": {"k_pid_pos": [9.999999747378752e-05, 0.8754503726959229, 0.0], "k_pid_alt": [2.0, 0.9726648330688477, 0.0], "k_pid_att": [100.0, 9.999999747378752e-05, 0.0], "k_pid_yaw": [0.5, 1e-06, 0.1], "k_pid_hsp": [9.999999747378752e-05, 0.021802037954330444, 0.07195112109184265], "k_pid_vsp": [3.4444332122802734, 400.0, 400.0]}, "datetime": {"datetime": "2025-08-20 18:51:52", "elapsed": 25166.869802474976, "delta": 22.302075386047363}, "costs": {"total_cost": 3190.685238367161, "time_cost": 150, "final_distance_cost": 657.263345036513, "oscillation_cost": 247.08317778208797, "completition_cost": 1000.0, "overshoot_cost": 1096.773793499747, "power_cost": 21.938581689453127, "noise_cost": 17.626340359359936, "n_waypoints_completed": 0, "tot_waypoints": 9}}
{"target": -1813.922270253166, "params": {"k_pid_pos": [9.999999747378752e-05, 1.0, 0.0], "k_pid_alt": [2.0, 1.0, 0.0], "k_pid_att": [93.74436950683594, 9.999999747378752e-05, 0.021868586540222168], "k_pid_yaw": [0.5, 1e-06, 0.1], "k_pid_hsp": [0.0117865651845932, 0.0, 0.01654037833213806], "k_pid_vsp": [26.850021362304688, 364.7753601074219, 400.0]}, "datetime": {"datetime": "2025-08-20 18:52:14", "elapsed": 25188.943180799484, "delta": 22.073378324508667}, "costs": {"total_cost": 1813.922270253166, "time_cost": 150, "final_distance_cost": 276.42573155760243, "oscillation_cost": 25.819643316263242, "completition_cost": 1000.0, "overshoot_cost": 296.5094505401251, "power_cost": 37.90830357666016, "noise_cost": 27.259141262515143, "n_waypoints_completed": 0, "tot_waypoints": 9}}
{"target": -1468.9806752937918, "params": {"k_pid_pos": [0.017338410019874573, 1.0, 0.0], "k_pid_alt": [1.8673439025878906, 0.9778872728347778, 0.03858393430709839], "k_pid_att": [97.83702087402344, 1.0923012495040894, 0.02971106767654419], "k_pid_yaw": [0.5, 1e-06, 0.1], "k_pid_hsp": [9.999999747378752e-05, 0.13016921281814575, 0.007354229688644409], "k_pid_vsp": [0.0, 400.0, 400.0]}, "datetime": {"datetime": "2025-08-20 18:52:36", "elapsed": 25210.962166786194, "delta": 22.018985986709595}, "costs": {"total_cost": 1468.9806752937918, "time_cost": 150, "final_distance_cost": 26.887657360239547, "oscillation_cost": 72.77867427239528, "completition_cost": 1000.0, "overshoot_cost": 145.0646393893845, "power_cost": 16.661078710937502, "noise_cost": 57.58862556083504, "n_waypoints_completed": 0, "tot_waypoints": 9}}
{"target": -1919.6238448780848, "params": {"k_pid_pos": [9.999999747378752e-05, 0.9670381546020508, 0.0], "k_pid_alt": [2.0, 1.0, 0.0], "k_pid_att": [97.02299499511719, 0.6468551754951477, 0.0], "k_pid_yaw": [0.5, 1e-06, 0.1], "k_pid_hsp": [9.999999747378752e-05, 0.005710095167160034, 0.0], "k_pid_vsp": [18.530677795410156, 383.7956237792969, 400.0]}, "datetime": {"datetime": "2025-08-20 18:52:59", "elapsed": 25233.63561272621, "delta": 22.6734459400177}, "costs": {"total_cost": 1919.6238448780848, "time_cost": 150, "final_distance_cost": 331.2701649782441, "oscillation_cost": 30.554915921726593, "completition_cost": 1000.0, "overshoot_cost": 383.29589964998354, "power_cost": 11.449921411132813, "noise_cost": 13.052942916997496, "n_waypoints_completed": 0, "tot_waypoints": 9}}
{"target": -3426.2681602257167, "params": {"k_pid_pos": [9.999999747378752e-05, 0.99489825963974, 0.01150694489479065], "k_pid_alt": [2.0, 0.9862700700759888, 0.020371437072753906], "k_pid_att": [100.0, 0.4908815026283264, 0.0], "k_pid_yaw": [0.5, 1e-06, 0.1], "k_pid_hsp": [9.999999747378752e-05, 0.0, 0.02849164605140686], "k_pid_vsp": [6.488025188446045, 400.0, 377.77447509765625]}, "datetime": {"datetime": "2025-08-20 18:53:22", "elapsed": 25257.058124303818, "delta": 23.4225115776062}, "costs": {"total_cost": 3426.2681602257167, "time_cost": 150, "final_distance_cost": 858.1155715093078, "oscillation_cost": 109.4658657426857, "completition_cost": 1000.0, "overshoot_cost": 1290.5539508329928, "power_cost": 8.45558748779297, "noise_cost": 9.677184652937168, "n_waypoints_completed": 0, "tot_waypoints": 9}}
{"target": -1401.8356702670817, "params": {"k_pid_pos": [9.999999747378752e-05, 0.9540879130363464, 0.0], "k_pid_alt": [1.9619735479354858, 1.0, 0.07609337568283081], "k_pid_att": [98.10338592529297, 0.7339251041412354, 0.024943619966506958], "k_pid_yaw": [0.5, 1e-06, 0.1], "k_pid_hsp": [0.288372278213501, 0.009294956922531128, 0.0008050799369812012], "k_pid_vsp": [10.409736633300781, 333.4128723144531, 400.0]}, "datetime": {"datetime": "2025-08-20 18:53:46", "elapsed": 25280.741394281387, "delta": 23.68326997756958}, "costs": {"total_cost": 1401.8356702670817, "time_cost": 150, "final_distance_cost": 13.534979750706729, "oscillation_cost": 64.4417032253421, "completition_cost": 1000.0, "overshoot_cost": 139.90098383060604, "power_cost": 4.961575671386719, "noise_cost": 28.996427789040148, "n_waypoints_completed": 0, "tot_waypoints": 9}}
{"target": -1908.1369418192235, "params": {"k_pid_pos": [0.08423960953950882, 1.0, 0.0], "k_pid_alt": [1.9732153415679932, 1.0, 0.0], "k_pid_att": [87.1009521484375, 9.999999747378752e-05, 0.0090542733669281], "k_pid_yaw": [0.5, 1e-06, 0.1], "k_pid_hsp": [9.999999747378752e-05, 0.0006365478038787842, 0.0036988556385040283], "k_pid_vsp": [0.0, 400.0, 387.1125183105469]}, "datetime": {"datetime": "2025-08-20 18:54:08", "elapsed": 25302.652453899384, "delta": 21.911059617996216}, "costs": {"total_cost": 1908.1369418192235, "time_cost": 150, "final_distance_cost": 330.9895354754625, "oscillation_cost": 28.173093920497667, "completition_cost": 1000.0, "overshoot_cost": 375.2821875048664, "power_cost": 11.334702490234376, "noise_cost": 12.357422428162398, "n_waypoints_completed": 0, "tot_waypoints": 9}}
{"target": -1541.51251882434, "params": {"k_pid_pos": [9.999999747378752e-05, 1.0, 0.0], "k_pid_alt": [2.0, 0.9696127772331238, 0.0], "k_pid_att": [96.00435638427734, 9.999999747378752e-05, 0.0], "k_pid_yaw": [0.5, 1e-06, 0.1], "k_pid_hsp": [0.6338967084884644, 0.0, 0.09879225492477417], "k_pid_vsp": [0.0, 364.63934326171875, 399.1322021484375]}, "datetime": {"datetime": "2025-08-20 18:54:31", "elapsed": 25326.416865825653, "delta": 23.76441192626953}, "costs": {"total_cost": 1541.51251882434, "time_cost": 150, "final_distance_cost": 12.26198441619459, "oscillation_cost": 172.04846157922762, "completition_cost": 1000.0, "overshoot_cost": 132.41040738154155, "power_cost": 27.554772607421878, "noise_cost": 47.236892839954365, "n_waypoints_completed": 0, "tot_waypoints": 9}}
{"target": -2443.8759244740895, "params": {"k_pid_pos": [9.999999747378752e-05, 0.9784332513809204, 0.04410216212272644], "k_pid_alt": [1.8698475360870361, 0.9536719918251038, 0.0], "k_pid_att": [91.324462890625, 0.4837004244327545, 0.0], "k_pid_yaw": [0.5, 1e-06, 0.1], "k_pid_hsp": [9.999999747378752e-05, 0.03608673810958862, 0.07153970003128052], "k_pid_vsp": [22.154163360595703, 400.0, 400.0]}, "datetime": {"datetime": "2025-08-20 18:54:54", "elapsed": 25349.220101356506, "delta": 22.80323553085327}, "costs": {"total_cost": 2443.8759244740895, "time_cost": 150, "final_distance_cost": 310.4561113780927, "oscillation_cost": 401.718610932086, "completition_cost": 1000.0, "overshoot_cost": 542.8188302075938, "power_cost": 21.58980692138672, "noise_cost": 17.292565034930433, "n_waypoints_completed": 0, "tot_waypoints": 9}}
{"target": -3251.245578844194, "params": {"k_pid_pos": [9.999999747378752e-05, 1.0, 0.0], "k_pid_alt": [1.896308422088623, 0.9883601665496826, 0.00995585322380066], "k_pid_att": [100.0, 9.999999747378752e-05, 0.009271770715713501], "k_pid_yaw": [0.5, 1e-06, 0.1], "k_pid_hsp": [9.999999747378752e-05, 0.0, 0.028413236141204834], "k_pid_vsp": [14.020514488220215, 394.9163818359375, 400.0]}, "datetime": {"datetime": "2025-08-20 18:55:17", "elapsed": 25371.904621362686, "delta": 22.68452000617981}, "costs": {"total_cost": 3251.245578844194, "time_cost": 150, "final_distance_cost": 782.5246711863099, "oscillation_cost": 110.33938008233991, "completition_cost": 1000.0, "overshoot_cost": 1147.8113601955854, "power_cost": 35.870879357910155, "noise_cost": 24.69928802204809, "n_waypoints_completed": 0, "tot_waypoints": 9}}
{"target": -1963.5688619554498, "params": {"k_pid_pos": [0.0914207175374031, 0.8860217928886414, 0.0], "k_pid_alt": [1.9113614559173584, 0.9215646982192993, 0.0531691312789917], "k_pid_att": [100.0, 9.999999747378752e-05, 0.07533738017082214], "k_pid_yaw": [0.5, 1e-06, 0.1], "k_pid_hsp": [9.999999747378752e-05, 0.04005324840545654, 0.02820703387260437], "k_pid_vsp": [8.011817932128906, 400.0, 352.5195617675781]}, "datetime": {"datetime": "2025-08-20 18:55:39", "elapsed": 25394.37178492546, "delta": 22.467163562774658}, "costs": {"total_cost": 1963.5688619554498, "time_cost": 150, "final_distance_cost": 309.3923700490942, "oscillation_cost": 93.23378329348257, "completition_cost": 1000.0, "overshoot_cost": 358.08736389690097, "power_cost": 30.2867685546875, "noise_cost": 22.568576161284543, "n_waypoints_completed": 0, "tot_waypoints": 9}}
{"target": -2907.4723876219346, "params": {"k_pid_pos": [0.15840643644332886, 0.9655989408493042, 0.0515211820602417], "k_pid_alt": [1.9365612268447876, 1.0, 0.07149919867515564], "k_pid_att": [100.0, 9.999999747378752e-05, 0.021981805562973022], "k_pid_yaw": [0.5, 1e-06, 0.1], "k_pid_hsp": [9.999999747378752e-05, 0.022458165884017944, 0.0654754638671875], "k_pid_vsp": [13.237428665161133, 400.0, 393.3314514160156]}, "datetime": {"datetime": "2025-08-20 18:56:02", "elapsed": 25416.980625867844, "delta": 22.608840942382812}, "costs": {"total_cost": 2907.4723876219346, "time_cost": 150, "final_distance_cost": 534.6739272901751, "oscillation_cost": 311.4276825477142, "completition_cost": 1000.0, "overshoot_cost": 872.4343616300154, "power_cost": 21.556286462402344, "noise_cost": 17.38012969162714, "n_waypoints_completed": 0, "tot_waypoints": 9}}
{"target": -1938.5909019226285, "params": {"k_pid_pos": [9.999999747378752e-05, 1.0, 0.07322794198989868], "k_pid_alt": [2.0, 0.9805324077606201, 0.0], "k_pid_att": [100.0, 0.49228161573410034, 0.12782222032546997], "k_pid_yaw": [0.5, 1e-06, 0.1], "k_pid_hsp": [9.999999747378752e-05, 0.0, 0.0], "k_pid_vsp": [0.0, 400.0, 384.8756408691406]}, "datetime": {"datetime": "2025-08-20 18:56:24", "elapsed": 25438.887356996536, "delta": 21.906731128692627}, "costs": {"total_cost": 1938.5909019226285, "time_cost": 150, "final_distance_cost": 329.49153145359395, "oscillation_cost": 24.442107423300676, "completition_cost": 1000.0, "overshoot_cost": 368.56747575502976, "power_cost": 37.818952978515625, "noise_cost": 28.270834312188303, "n_waypoints_completed": 0, "tot_waypoints": 9}}
{"target": -1480.671147300527, "params": {"k_pid_pos": [0.036292754113674164, 1.0, 0.06434005498886108], "k_pid_alt": [2.0, 0.9530969858169556, 0.0], "k_pid_att": [96.2280502319336, 1.0214695930480957, 0.0], "k_pid_yaw": [0.5, 1e-06, 0.1], "k_pid_hsp": [0.23354879021644592, 0.03802493214607239, 0.015892624855041504], "k_pid_vsp": [0.0, 383.4225158691406, 400.0]}, "datetime": {"datetime": "2025-08-20 18:56:46", "elapsed": 25461.205817699432, "delta": 22.318460702896118}, "costs": {"total_cost": 1480.671147300527, "time_cost": 150, "final_distance_cost": 5.705199252772577, "oscillation_cost": 80.8468343537337, "completition_cost": 1000.0, "overshoot_cost": 140.97475336042461, "power_cost": 25.285790600585937, "noise_cost": 77.85856973301048, "n_waypoints_completed": 0, "tot_waypoints": 9}}
{"target": -1929.7407149748608, "params": {"k_pid_pos": [9.999999747378752e-05, 0.9957655668258667, 0.04389992356300354], "k_pid_alt": [1.8503742218017578, 1.0, 0.0], "k_pid_att": [88.7747573852539, 9.999999747378752e-05, 0.0], "k_pid_yaw": [0.5, 1e-06, 0.1], "k_pid_hsp": [9.999999747378752e-05, 0.0, 0.0], "k_pid_vsp": [16.774595260620117, 400.0, 400.0]}, "datetime": {"datetime": "2025-08-20 18:57:09", "elapsed": 25483.958575725555, "delta": 22.752758026123047}, "costs": {"total_cost": 1929.7407149748608, "time_cost": 150, "final_distance_cost": 325.38017828861103, "oscillation_cost": 24.10777701931873, "completition_cost": 1000.0, "overshoot_cost": 364.4120014269971, "power_cost": 37.88669459228516, "noise_cost": 27.95406364764864, "n_waypoints_completed": 0, "tot_waypoints": 9}}
{"target": -1495.7939765403241, "params": {"k_pid_pos": [9.999999747378752e-05, 1.0, 0.01689562201499939], "k_pid_alt": [2.0, 0.9866318702697754, 0.007864505052566528], "k_pid_att": [96.93791961669922, 0.3147214353084564, 0.028439104557037354], "k_pid_yaw": [0.5, 1e-06, 0.1], "k_pid_hsp": [0.4998188316822052, 0.003935754299163818, 0.016581982374191284], "k_pid_vsp": [0.0, 381.0968017578125, 400.0]}, "datetime": {"datetime": "2025-08-20 18:57:32", "elapsed": 25507.475183963776, "delta": 23.516608238220215}, "costs": {"total_cost": 1495.7939765403241, "time_cost": 150, "final_distance_cost": 24.047630026567706, "oscillation_cost": 81.10206584659822, "completition_cost": 1000.0, "overshoot_cost": 145.97160980702122, "power_cost": 22.737368786621094, "noise_cost": 71.93530207351594, "n_waypoints_completed": 0, "tot_waypoints": 9}}
{"target": -1455.5014312327044, "params": {"k_pid_pos": [0.10682804882526398, 1.0, 0.0], "k_pid_alt": [2.0, 0.9421184062957764, 0.0], "k_pid_att": [91.07579803466797, 9.999999747378752e-05, 0.0], "k_pid_yaw": [0.5, 1e-06, 0.1], "k_pid_hsp": [1.2884212732315063, 0.10866102576255798, 0.0], "k_pid_vsp": [22.026264190673828, 373.89813232421875, 400.0]}, "datetime": {"datetime": "2025-08-20 18:57:56", "elapsed": 25530.55605483055, "delta": 23.080870866775513}, "costs": {"total_cost": 1455.5014312327044, "time_cost": 150, "final_distance_cost": 10.820640313789374, "oscillation_cost": 67.41408162970677, "completition_cost": 1000.0, "overshoot_cost": 138.86398482353644, "power_cost": 21.016395043945312, "noise_cost": 67.38632942172659, "n_waypoints_completed": 0, "tot_waypoints": 9}}
{"target": -1399.260727035381, "params": {"k_pid_pos": [9.999999747378752e-05, 1.0, 0.0], "k_pid_alt": [2.0, 1.0, 0.0], "k_pid_att": [100.0, 0.23512859642505646, 0.0], "k_pid_yaw": [0.5, 1e-06, 0.1], "k_pid_hsp": [0.5761638879776001, 0.0051157474517822266, 0.0], "k_pid_vsp": [1.4015913009643555, 400.0, 400.0]}, "datetime": {"datetime": "2025-08-20 18:58:19", "elapsed": 25553.95389342308, "delta": 23.397838592529297}, "costs": {"total_cost": 1399.260727035381, "time_cost": 150, "final_distance_cost": 16.20308469360225, "oscillation_cost": 65.49497370099395, "completition_cost": 1000.0, "overshoot_cost": 139.94881735061517, "power_cost": 3.0490913330078127, "noise_cost": 24.564759957161755, "n_waypoints_completed": 0, "tot_waypoints": 9}}
{"target": -1479.384427387293, "params": {"k_pid_pos": [9.999999747378752e-05, 0.9673535823822021, 1.239776611328125e-05], "k_pid_alt": [1.779566764831543, 1.0, 0.0], "k_pid_att": [100.0, 0.5748639106750488, 0.0], "k_pid_yaw": [0.5, 1e-06, 0.1], "k_pid_hsp": [0.795535683631897, 0.027027636766433716, 0.030171513557434082], "k_pid_vsp": [0.0, 400.0, 400.0]}, "datetime": {"datetime": "2025-08-20 18:58:41", "elapsed": 25576.12248158455, "delta": 22.168588161468506}, "costs": {"total_cost": 1479.384427387293, "time_cost": 150, "final_distance_cost": 11.694850810633518, "oscillation_cost": 88.88789866987906, "completition_cost": 1000.0, "overshoot_cost": 145.05092583349963, "power_cost": 20.405255468750003, "noise_cost": 63.34549660453073, "n_waypoints_completed": 0, "tot_waypoints": 9}}
{"target": -1455.759528499031, "params": {"k_pid_pos": [0.03283568099141121, 0.9988715648651123, 0.0], "k_pid_alt": [1.6842275857925415, 0.9996721148490906, 0.012095749378204346], "k_pid_att": [89.20343017578125, 9.999999747378752e-05, 0.06698203086853027], "k_pid_yaw": [0.5, 1e-06, 0.1], "k_pid_hsp": [9.999999747378752e-05, 0.04462429881095886, 0.019055336713790894], "k_pid_vsp": [0.0, 366.6352844238281, 379.7757873535156]}, "datetime": {"datetime": "2025-08-20 18:59:03", "elapsed": 25598.031113386154, "delta": 21.908631801605225}, "costs": {"total_cost": 1455.759528499031, "time_cost": 150, "final_distance_cost": 11.746913323164708, "oscillation_cost": 27.646214578661098, "completition_cost": 1000.0, "overshoot_cost": 151.87733217945183, "power_cost": 28.618770703125, "noise_cost": 85.87029771462845, "n_waypoints_completed": 0, "tot_waypoints": 9}}
{"target": -1472.7940749422914, "params": {"k_pid_pos": [9.999999747378752e-05, 1.0, 0.0], "k_pid_alt": [2.0, 0.9541847109794617, 0.0], "k_pid_att": [100.0, 0.261636883020401, 0.05782020092010498], "k_pid_yaw": [0.5, 1e-06, 0.1], "k_pid_hsp": [0.8125792145729065, 0.0, 0.011794030666351318], "k_pid_vsp": [0.0, 391.83367919921875, 399.009033203125]}, "datetime": {"datetime": "2025-08-20 18:59:26", "elapsed": 25620.779323101044, "delta": 22.748209714889526}, "costs": {"total_cost": 1472.7940749422914, "time_cost": 150, "final_distance_cost": 15.274758340415872, "oscillation_cost": 78.655777820544, "completition_cost": 1000.0, "overshoot_cost": 141.15606178994025, "power_cost": 20.684077648925783, "noise_cost": 67.0233993424656, "n_waypoints_completed": 0, "tot_waypoints": 9}}
{"target": -1485.0652662522632, "params": {"k_pid_pos": [0.05530908331274986, 1.0, 0.0], "k_pid_alt": [1.9493355751037598, 1.0, 0.0], "k_pid_att": [95.61357116699219, 0.09972906112670898, 0.00533604621887207], "k_pid_yaw": [0.5, 1e-06, 0.1], "k_pid_hsp": [0.1362714022397995, 0.04362103343009949, 0.004264503717422485], "k_pid_vsp": [0.0, 400.0, 400.0]}, "datetime": {"datetime": "2025-08-20 18:59:49", "elapsed": 25644.48589158058, "delta": 23.706568479537964}, "costs": {"total_cost": 1485.0652662522632, "time_cost": 150, "final_distance_cost": 15.631690551636225, "oscillation_cost": 73.21706011589059, "completition_cost": 1000.0, "overshoot_cost": 144.62587049835813, "power_cost": 24.77618854980469, "noise_cost": 76.81445653657349, "n_waypoints_completed": 0, "tot_waypoints": 9}}
{"target": -1483.0617269373988, "params": {"k_pid_pos": [0.042618278414011, 0.9970554113388062, 0.03866475820541382], "k_pid_alt": [2.0, 1.0, 0.01770922541618347], "k_pid_att": [93.02616119384766, 0.6590903997421265, 0.021282196044921875], "k_pid_yaw": [0.5, 1e-06, 0.1], "k_pid_hsp": [0.3809191882610321, 0.05379563570022583, 0.04165637493133545], "k_pid_vsp": [14.541255950927734, 400.0, 389.0078125]}, "datetime": {"datetime": "2025-08-20 19:00:12", "elapsed": 25666.64757156372, "delta": 22.161679983139038}, "costs": {"total_cost": 1483.0617269373988, "time_cost": 150, "final_distance_cost": 17.329581601817626, "oscillation_cost": 97.77035165528378, "completition_cost": 1000.0, "overshoot_cost": 136.43247038597366, "power_cost": 25.001671997070314, "noise_cost": 56.52765129725349, "n_waypoints_completed": 0, "tot_waypoints": 9}}
