{"target": -1978.4497124198813, "params": {"k_pid_pos": [9.999999747378752e-05, 0.9927918910980225, 0.008001267910003662], "k_pid_alt": [2.0, 1.0, 0.003915548324584961], "k_pid_att": [96.917724609375, 9.999999747378752e-05, 0.0], "k_pid_yaw": [0.5, 1e-06, 0.1], "k_pid_hsp": [9.999999747378752e-05, 0.003804236650466919, 0.0], "k_pid_vsp": [49.867820739746094, 400.0, 400.0]}, "datetime": {"datetime": "2025-08-20 12:42:11", "elapsed": 2985.9339394569397, "delta": 21.916959047317505}, "costs": {"total_cost": 1978.4497124198813, "time_cost": 150, "final_distance_cost": 340.9993341375915, "oscillation_cost": 25.297973582046527, "completition_cost": 1000.0, "overshoot_cost": 396.94571110946987, "power_cost": 37.98728708496094, "noise_cost": 27.21940650581274, "n_waypoints_completed": 0, "tot_waypoints": 9}}
{"target": -2042.8744779760348, "params": {"k_pid_pos": [0.12279956042766571, 1.0, 0.003621995449066162], "k_pid_alt": [2.0, 0.9463260173797607, 0.010367929935455322], "k_pid_att": [100.0, 0.1827947497367859, 0.05673035979270935], "k_pid_yaw": [0.5, 1e-06, 0.1], "k_pid_hsp": [9.999999747378752e-05, 0.0, 0.02086755633354187], "k_pid_vsp": [0.0, 374.51666259765625, 400.0]}, "datetime": {"datetime": "2025-08-20 12:42:32", "elapsed": 3007.1190569400787, "delta": 21.185117483139038}, "costs": {"total_cost": 2042.8744779760348, "time_cost": 150, "final_distance_cost": 373.9035750268693, "oscillation_cost": 15.948256687039848, "completition_cost": 1000.0, "overshoot_cost": 440.11663423563215, "power_cost": 36.64663601074219, "noise_cost": 26.259376015751226, "n_waypoints_completed": 0, "tot_waypoints": 9}}
{"target": -1514.9402470220855, "params": {"k_pid_pos": [9.999999747378752e-05, 0.9751917123794556, 0.0], "k_pid_alt": [1.956663727760315, 0.9949643015861511, 0.0883340835571289], "k_pid_att": [100.0, 9.999999747378752e-05, 0.0], "k_pid_yaw": [0.5, 1e-06, 0.1], "k_pid_hsp": [0.30929091572761536, 0.0, 0.07349514961242676], "k_pid_vsp": [20.616031646728516, 398.7679443359375, 372.03570556640625]}, "datetime": {"datetime": "2025-08-20 12:42:54", "elapsed": 3028.7552840709686, "delta": 21.636227130889893}, "costs": {"total_cost": 1514.9402470220855, "time_cost": 150, "final_distance_cost": 6.75828330467327, "oscillation_cost": 174.9715802111235, "completition_cost": 1000.0, "overshoot_cost": 127.46930109505706, "power_cost": 23.40702681884766, "noise_cost": 32.334055592384, "n_waypoints_completed": 0, "tot_waypoints": 9}}
{"target": -1455.6182027174411, "params": {"k_pid_pos": [9.999999747378752e-05, 1.0, 0.007189631462097168], "k_pid_alt": [1.9066749811172485, 0.9440704584121704, 0.0], "k_pid_att": [100.0, 9.999999747378752e-05, 0.0], "k_pid_yaw": [0.5, 1e-06, 0.1], "k_pid_hsp": [0.12783803045749664, 0.059546709060668945, 0.05422219634056091], "k_pid_vsp": [0.0, 400.0, 400.0]}, "datetime": {"datetime": "2025-08-20 12:43:15", "elapsed": 3050.479969263077, "delta": 21.724685192108154}, "costs": {"total_cost": 1455.6182027174411, "time_cost": 150, "final_distance_cost": 11.729099222035694, "oscillation_cost": 134.40015465204476, "completition_cost": 1000.0, "overshoot_cost": 120.37772910446685, "power_cost": 18.56274324951172, "noise_cost": 20.548476489382125, "n_waypoints_completed": 0, "tot_waypoints": 9}}
{"target": -1986.2755622231186, "params": {"k_pid_pos": [0.1864883452653885, 0.9504154920578003, 0.0], "k_pid_alt": [2.0, 1.0, 0.0], "k_pid_att": [100.0, 0.0598059743642807, 0.005402803421020508], "k_pid_yaw": [0.5, 1e-06, 0.1], "k_pid_hsp": [9.999999747378752e-05, 0.0021080374717712402, 0.0], "k_pid_vsp": [0.0, 385.353271484375, 372.9735412597656]}, "datetime": {"datetime": "2025-08-20 12:43:37", "elapsed": 3071.909363746643, "delta": 21.429394483566284}, "costs": {"total_cost": 1986.2755622231186, "time_cost": 150, "final_distance_cost": 345.3841868641969, "oscillation_cost": 25.501435863068526, "completition_cost": 1000.0, "overshoot_cost": 400.08531416134747, "power_cost": 37.971978344726566, "noise_cost": 27.332646989779256, "n_waypoints_completed": 0, "tot_waypoints": 9}}
{"target": -1961.2482992468733, "params": {"k_pid_pos": [9.999999747378752e-05, 1.0, 0.0], "k_pid_alt": [1.9957102537155151, 0.9969987869262695, 0.0], "k_pid_att": [100.0, 9.999999747378752e-05, 0.028632640838623047], "k_pid_yaw": [0.5, 1e-06, 0.1], "k_pid_hsp": [9.999999747378752e-05, 0.0, 0.0], "k_pid_vsp": [0.0, 400.0, 400.0]}, "datetime": {"datetime": "2025-08-20 12:43:59", "elapsed": 3093.5666873455048, "delta": 21.657323598861694}, "costs": {"total_cost": 1961.2482992468733, "time_cost": 150, "final_distance_cost": 338.0747405019013, "oscillation_cost": 25.06466963989107, "completition_cost": 1000.0, "overshoot_cost": 381.8466113609465, "power_cost": 37.93427447509766, "noise_cost": 28.32800326903679, "n_waypoints_completed": 0, "tot_waypoints": 9}}
{"target": -1445.088295974609, "params": {"k_pid_pos": [9.999999747378752e-05, 0.996971845626831, 0.0], "k_pid_alt": [2.0, 0.9465619325637817, 0.0], "k_pid_att": [100.0, 9.999999747378752e-05, 0.06953039765357971], "k_pid_yaw": [0.5, 1e-06, 0.1], "k_pid_hsp": [0.02977178804576397, 0.026540488004684448, 0.0], "k_pid_vsp": [0.0, 400.0, 391.3004455566406]}, "datetime": {"datetime": "2025-08-20 12:44:20", "elapsed": 3114.7934505939484, "delta": 21.226763248443604}, "costs": {"total_cost": 1445.088295974609, "time_cost": 150, "final_distance_cost": 25.36346971376984, "oscillation_cost": 44.04372010577573, "completition_cost": 1000.0, "overshoot_cost": 144.45452185176993, "power_cost": 19.04928182373047, "noise_cost": 62.17730247956308, "n_waypoints_completed": 0, "tot_waypoints": 9}}
{"target": -2443.8321105284735, "params": {"k_pid_pos": [9.999999747378752e-05, 0.9444807767868042, 0.0], "k_pid_alt": [2.0, 0.8900612592697144, 0.0], "k_pid_att": [92.5909652709961, 0.13592690229415894, 0.0], "k_pid_yaw": [0.5, 1e-06, 0.1], "k_pid_hsp": [9.999999747378752e-05, 0.0, 0.06984177231788635], "k_pid_vsp": [17.016935348510742, 400.0, 400.0]}, "datetime": {"datetime": "2025-08-20 12:44:41", "elapsed": 3136.3364379405975, "delta": 21.54298734664917}, "costs": {"total_cost": 2443.8321105284735, "time_cost": 150, "final_distance_cost": 342.51299928104265, "oscillation_cost": 367.54315254817465, "completition_cost": 1000.0, "overshoot_cost": 544.908945181222, "power_cost": 21.527931506347656, "noise_cost": 17.339082011686717, "n_waypoints_completed": 0, "tot_waypoints": 9}}
{"target": -1488.7265146182722, "params": {"k_pid_pos": [0.05261896178126335, 1.0, 0.0], "k_pid_alt": [1.9206746816635132, 0.9834103584289551, 0.0], "k_pid_att": [96.309814453125, 0.7752798795700073, 0.0], "k_pid_yaw": [0.5, 1e-06, 0.1], "k_pid_hsp": [0.0620211586356163, 0.0, 0.0], "k_pid_vsp": [43.10851287841797, 400.0, 397.877685546875]}, "datetime": {"datetime": "2025-08-20 12:45:03", "elapsed": 3158.0693492889404, "delta": 21.732911348342896}, "costs": {"total_cost": 1488.7265146182722, "time_cost": 150, "final_distance_cost": 13.157731232205146, "oscillation_cost": 46.80650134427501, "completition_cost": 1000.0, "overshoot_cost": 140.4989679128773, "power_cost": 35.63896641845703, "noise_cost": 102.62434771045754, "n_waypoints_completed": 0, "tot_waypoints": 9}}
{"target": -1446.3093785928247, "params": {"k_pid_pos": [0.08158805221319199, 0.9270120859146118, 0.03286111354827881], "k_pid_alt": [2.0, 0.9570099115371704, 0.008953571319580078], "k_pid_att": [96.26573944091797, 9.999999747378752e-05, 0.026454627513885498], "k_pid_yaw": [0.5, 1e-06, 0.1], "k_pid_hsp": [0.8716480135917664, 0.0, 0.008839935064315796], "k_pid_vsp": [19.088958740234375, 383.4329528808594, 381.57965087890625]}, "datetime": {"datetime": "2025-08-20 12:45:24", "elapsed": 3179.3992598056793, "delta": 21.32991051673889}, "costs": {"total_cost": 1446.3093785928247, "time_cost": 150, "final_distance_cost": 4.223956881066265, "oscillation_cost": 85.22584952071763, "completition_cost": 1000.0, "overshoot_cost": 139.41369997360468, "power_cost": 14.733414233398438, "noise_cost": 52.71245798403763, "n_waypoints_completed": 0, "tot_waypoints": 9}}
{"target": -2905.869065391748, "params": {"k_pid_pos": [0.09082517772912979, 1.0, 0.0], "k_pid_alt": [2.0, 1.0, 0.04609191417694092], "k_pid_att": [97.38407135009766, 9.999999747378752e-05, 0.06572532653808594], "k_pid_yaw": [0.5, 1e-06, 0.1], "k_pid_hsp": [9.999999747378752e-05, 0.03809049725532532, 0.03502035140991211], "k_pid_vsp": [25.031780242919922, 400.0, 393.5263671875]}, "datetime": {"datetime": "2025-08-20 12:45:46", "elapsed": 3200.7422642707825, "delta": 21.34300446510315}, "costs": {"total_cost": 2905.869065391748, "time_cost": 150, "final_distance_cost": 666.8183498837224, "oscillation_cost": 86.4105298689694, "completition_cost": 1000.0, "overshoot_cost": 972.0640337576147, "power_cost": 16.29458699951172, "noise_cost": 14.2815648819297, "n_waypoints_completed": 0, "tot_waypoints": 9}}
{"target": -1488.1408127751997, "params": {"k_pid_pos": [9.999999747378752e-05, 0.9990918636322021, 0.06980082392692566], "k_pid_alt": [1.9459362030029297, 1.0, 0.0012362301349639893], "k_pid_att": [95.50672149658203, 9.999999747378752e-05, 0.008797377347946167], "k_pid_yaw": [0.5, 1e-06, 0.1], "k_pid_hsp": [0.6767394542694092, 0.026833802461624146, 0.0], "k_pid_vsp": [12.089180946350098, 400.0, 400.0]}, "datetime": {"datetime": "2025-08-20 12:46:08", "elapsed": 3222.5145316123962, "delta": 21.77226734161377}, "costs": {"total_cost": 1488.1408127751997, "time_cost": 150, "final_distance_cost": 8.035116982571772, "oscillation_cost": 64.32940474717846, "completition_cost": 1000.0, "overshoot_cost": 139.43803821748136, "power_cost": 32.00154282226563, "noise_cost": 94.33671000570232, "n_waypoints_completed": 0, "tot_waypoints": 9}}
{"target": -1408.3590519902793, "params": {"k_pid_pos": [9.999999747378752e-05, 1.0, 0.026316434144973755], "k_pid_alt": [1.9797451496124268, 0.9492130279541016, 0.0], "k_pid_att": [100.0, 9.999999747378752e-05, 0.06122151017189026], "k_pid_yaw": [0.5, 1e-06, 0.1], "k_pid_hsp": [1.0795888900756836, 0.03485587239265442, 0.0], "k_pid_vsp": [0.0, 388.6711730957031, 400.0]}, "datetime": {"datetime": "2025-08-20 12:46:29", "elapsed": 3244.309644460678, "delta": 21.79511284828186}, "costs": {"total_cost": 1408.3590519902793, "time_cost": 150, "final_distance_cost": 10.038600430391883, "oscillation_cost": 68.1795972894722, "completition_cost": 1000.0, "overshoot_cost": 139.5257437312491, "power_cost": 6.891085986328125, "noise_cost": 33.72402455283813, "n_waypoints_completed": 0, "tot_waypoints": 9}}
{"target": -1445.8740639241073, "params": {"k_pid_pos": [9.999999747378752e-05, 0.9569485783576965, 0.07176747918128967], "k_pid_alt": [1.894700050354004, 1.0, 0.007319033145904541], "k_pid_att": [96.59368896484375, 0.42316415905952454, 0.0], "k_pid_yaw": [0.5, 1e-06, 0.1], "k_pid_hsp": [1.0839805603027344, 0.02773424983024597, 0.0], "k_pid_vsp": [0.0, 385.99859619140625, 395.2361145019531]}, "datetime": {"datetime": "2025-08-20 12:46:51", "elapsed": 3265.9362890720367, "delta": 21.626644611358643}, "costs": {"total_cost": 1445.8740639241073, "time_cost": 150, "final_distance_cost": 11.924284803975393, "oscillation_cost": 68.55481144854701, "completition_cost": 1000.0, "overshoot_cost": 139.08251021001763, "power_cost": 17.351625061035158, "noise_cost": 58.960832400532226, "n_waypoints_completed": 0, "tot_waypoints": 9}}
{"target": -1499.8710381857118, "params": {"k_pid_pos": [9.999999747378752e-05, 0.927359938621521, 0.02933424711227417], "k_pid_alt": [2.0, 1.0, 0.017633646726608276], "k_pid_att": [100.0, 9.999999747378752e-05, 0.0], "k_pid_yaw": [0.5, 1e-06, 0.1], "k_pid_hsp": [0.38288670778274536, 0.0, 0.05541837215423584], "k_pid_vsp": [8.47281265258789, 382.5024719238281, 374.2323303222656]}, "datetime": {"datetime": "2025-08-20 12:47:13", "elapsed": 3288.3095116615295, "delta": 22.373222589492798}, "costs": {"total_cost": 1499.8710381857118, "time_cost": 150, "final_distance_cost": 9.98231758634376, "oscillation_cost": 143.47626498173813, "completition_cost": 1000.0, "overshoot_cost": 131.7898112109684, "power_cost": 24.115445336914064, "noise_cost": 40.5071990697474, "n_waypoints_completed": 0, "tot_waypoints": 9}}
{"target": -2567.0946925223006, "params": {"k_pid_pos": [9.999999747378752e-05, 0.9699305295944214, 0.056341707706451416], "k_pid_alt": [2.0, 1.0, 0.0], "k_pid_att": [100.0, 0.9436612725257874, 0.0], "k_pid_yaw": [0.5, 1e-06, 0.1], "k_pid_hsp": [9.999999747378752e-05, 0.0, 0.11349835991859436], "k_pid_vsp": [11.861228942871094, 398.2471923828125, 400.0]}, "datetime": {"datetime": "2025-08-20 12:47:35", "elapsed": 3309.6571826934814, "delta": 21.347671031951904}, "costs": {"total_cost": 2567.0946925223006, "time_cost": 150, "final_distance_cost": 351.4459855617529, "oscillation_cost": 407.912890591693, "completition_cost": 1000.0, "overshoot_cost": 618.0983006393434, "power_cost": 22.088776977539062, "noise_cost": 17.548738751972397, "n_waypoints_completed": 0, "tot_waypoints": 9}}
{"target": -1497.8925704665787, "params": {"k_pid_pos": [9.999999747378752e-05, 1.0, 0.0], "k_pid_alt": [2.0, 1.0, 0.0], "k_pid_att": [96.03185272216797, 9.999999747378752e-05, 0.02411365509033203], "k_pid_yaw": [0.5, 1e-06, 0.1], "k_pid_hsp": [0.308132529258728, 0.0, 0.0], "k_pid_vsp": [0.0, 400.0, 400.0]}, "datetime": {"datetime": "2025-08-20 12:47:56", "elapsed": 3331.3823325634003, "delta": 21.725149869918823}, "costs": {"total_cost": 1497.8925704665787, "time_cost": 150, "final_distance_cost": 7.698448218065074, "oscillation_cost": 57.253957884069195, "completition_cost": 1000.0, "overshoot_cost": 140.25473549055826, "power_cost": 36.792827380371094, "noise_cost": 105.89260149351497, "n_waypoints_completed": 0, "tot_waypoints": 9}}
{"target": -1987.2386348006196, "params": {"k_pid_pos": [9.999999747378752e-05, 0.9620170593261719, 0.0], "k_pid_alt": [2.0, 1.0, 0.0], "k_pid_att": [99.72835540771484, 9.999999747378752e-05, 0.05855801701545715], "k_pid_yaw": [0.5, 1e-06, 0.1], "k_pid_hsp": [9.999999747378752e-05, 0.003018617630004883, 0.01264694333076477], "k_pid_vsp": [8.043718338012695, 400.0, 400.0]}, "datetime": {"datetime": "2025-08-20 12:48:21", "elapsed": 3355.820997953415, "delta": 24.43866539001465}, "costs": {"total_cost": 1987.2386348006196, "time_cost": 150, "final_distance_cost": 359.380623095717, "oscillation_cost": 32.96525301780093, "completition_cost": 1000.0, "overshoot_cost": 421.5589246494707, "power_cost": 11.016384094238282, "noise_cost": 12.317449943392603, "n_waypoints_completed": 0, "tot_waypoints": 9}}
{"target": -1918.623414080787, "params": {"k_pid_pos": [9.999999747378752e-05, 1.0, 0.046076446771621704], "k_pid_alt": [2.0, 0.9337228536605835, 0.0], "k_pid_att": [100.0, 9.999999747378752e-05, 0.0183103084564209], "k_pid_yaw": [0.5, 1e-06, 0.1], "k_pid_hsp": [9.999999747378752e-05, 0.0, 0.0], "k_pid_vsp": [17.864656448364258, 400.0, 400.0]}, "datetime": {"datetime": "2025-08-20 12:48:45", "elapsed": 3380.2208511829376, "delta": 24.399853229522705}, "costs": {"total_cost": 1918.623414080787, "time_cost": 150, "final_distance_cost": 335.6807943265857, "oscillation_cost": 31.017593408894058, "completition_cost": 1000.0, "overshoot_cost": 376.4964829664118, "power_cost": 11.65906522216797, "noise_cost": 13.769478156727587, "n_waypoints_completed": 0, "tot_waypoints": 9}}
{"target": -4506.34453313677, "params": {"k_pid_pos": [0.09124524891376495, 1.0, 0.0], "k_pid_alt": [1.985159158706665, 0.9947478771209717, 0.0184975266456604], "k_pid_att": [100.0, 0.5249625444412231, 0.008159399032592773], "k_pid_yaw": [0.5, 1e-06, 0.1], "k_pid_hsp": [9.999999747378752e-05, 0.0, 0.03421926498413086], "k_pid_vsp": [0.0, 400.0, 400.0]}, "datetime": {"datetime": "2025-08-20 12:49:08", "elapsed": 3402.675974369049, "delta": 22.45512318611145}, "costs": {"total_cost": 4506.34453313677, "time_cost": 150, "final_distance_cost": 1233.992076133114, "oscillation_cost": 69.2977817650851, "completition_cost": 1000.0, "overshoot_cost": 2004.6579112995146, "power_cost": 28.195959350585937, "noise_cost": 20.200804588470803, "n_waypoints_completed": 0, "tot_waypoints": 9}}
{"target": -1421.1164479674555, "params": {"k_pid_pos": [9.999999747378752e-05, 0.9919930100440979, 0.0], "k_pid_alt": [1.8659610748291016, 0.9849833846092224, 0.0], "k_pid_att": [100.0, 9.999999747378752e-05, 0.08573377132415771], "k_pid_yaw": [0.5, 1e-06, 0.1], "k_pid_hsp": [0.0974825844168663, 0.0, 0.0], "k_pid_vsp": [5.7418107986450195, 400.0, 400.0]}, "datetime": {"datetime": "2025-08-20 12:49:29", "elapsed": 3424.086263656616, "delta": 21.41028928756714}, "costs": {"total_cost": 1421.1164479674555, "time_cost": 150, "final_distance_cost": 16.095419994445418, "oscillation_cost": 52.07412298022198, "completition_cost": 1000.0, "overshoot_cost": 140.77092540507851, "power_cost": 13.299736926269532, "noise_cost": 48.87624266144006, "n_waypoints_completed": 0, "tot_waypoints": 9}}
{"target": -1506.3129404989384, "params": {"k_pid_pos": [9.999999747378752e-05, 1.0, 0.0], "k_pid_alt": [1.8801016807556152, 0.8981347680091858, 0.0], "k_pid_att": [100.0, 9.999999747378752e-05, 0.0], "k_pid_yaw": [0.5, 1e-06, 0.1], "k_pid_hsp": [0.5245310068130493, 0.05038967728614807, 0.02389293909072876], "k_pid_vsp": [0.0, 400.0, 400.0]}, "datetime": {"datetime": "2025-08-20 12:49:51", "elapsed": 3445.5234932899475, "delta": 21.4372296333313}, "costs": {"total_cost": 1506.3129404989384, "time_cost": 150, "final_distance_cost": 34.000857679892846, "oscillation_cost": 86.67930139016643, "completition_cost": 1000.0, "overshoot_cost": 146.76155923766282, "power_cost": 21.456032385253906, "noise_cost": 67.41518980596251, "n_waypoints_completed": 0, "tot_waypoints": 9}}
{"target": -1496.3345201042625, "params": {"k_pid_pos": [9.999999747378752e-05, 0.9600925445556641, 0.0], "k_pid_alt": [1.965105652809143, 1.0, 0.10946094989776611], "k_pid_att": [94.02770233154297, 9.999999747378752e-05, 0.0], "k_pid_yaw": [0.5, 1e-06, 0.1], "k_pid_hsp": [0.5974160432815552, 0.013555556535720825, 0.0], "k_pid_vsp": [10.06472110748291, 378.8617248535156, 383.1669006347656]}, "datetime": {"datetime": "2025-08-20 12:50:12", "elapsed": 3467.0935893058777, "delta": 21.570096015930176}, "costs": {"total_cost": 1496.3345201042625, "time_cost": 150, "final_distance_cost": 10.983173894770372, "oscillation_cost": 61.952604346680566, "completition_cost": 1000.0, "overshoot_cost": 139.73724818561078, "power_cost": 34.13543992919922, "noise_cost": 99.52605374800174, "n_waypoints_completed": 0, "tot_waypoints": 9}}
{"target": -3116.855228827636, "params": {"k_pid_pos": [0.06287265568971634, 1.0, 0.0], "k_pid_alt": [2.0, 1.0, 0.018645107746124268], "k_pid_att": [98.1534194946289, 0.7214085459709167, 0.0], "k_pid_yaw": [0.5, 1e-06, 0.1], "k_pid_hsp": [9.999999747378752e-05, 0.021958738565444946, 0.08329319953918457], "k_pid_vsp": [0.0, 394.37677001953125, 380.0006408691406]}, "datetime": {"datetime": "2025-08-20 12:50:34", "elapsed": 3488.7046897411346, "delta": 21.611100435256958}, "costs": {"total_cost": 3116.855228827636, "time_cost": 150, "final_distance_cost": 594.2676300080317, "oscillation_cost": 321.33445102600325, "completition_cost": 1000.0, "overshoot_cost": 1011.5340699940443, "power_cost": 22.0609619140625, "noise_cost": 17.65811588549445, "n_waypoints_completed": 0, "tot_waypoints": 9}}
{"target": -2519.506069822338, "params": {"k_pid_pos": [9.999999747378752e-05, 0.9763160943984985, 0.0], "k_pid_alt": [1.9832744598388672, 0.9733251333236694, 0.0], "k_pid_att": [100.0, 9.999999747378752e-05, 0.0], "k_pid_yaw": [0.5, 1e-06, 0.1], "k_pid_hsp": [9.999999747378752e-05, 0.033681005239486694, 0.08465251326560974], "k_pid_vsp": [26.316606521606445, 400.0, 400.0]}, "datetime": {"datetime": "2025-08-20 12:50:56", "elapsed": 3510.5541977882385, "delta": 21.849508047103882}, "costs": {"total_cost": 2519.506069822338, "time_cost": 150, "final_distance_cost": 388.4903970045069, "oscillation_cost": 349.1751409899104, "completition_cost": 1000.0, "overshoot_cost": 592.4019770994363, "power_cost": 21.87088251953125, "noise_cost": 17.567672208953017, "n_waypoints_completed": 0, "tot_waypoints": 9}}
{"target": -1409.4013000334992, "params": {"k_pid_pos": [0.016259441152215004, 0.9484794735908508, 0.09691280126571655], "k_pid_alt": [1.8802673816680908, 1.0, 0.0], "k_pid_att": [100.0, 0.3874416649341583, 0.0], "k_pid_yaw": [0.5, 1e-06, 0.1], "k_pid_hsp": [0.6489896178245544, 0.0, 0.0], "k_pid_vsp": [18.333316802978516, 397.0877685546875, 400.0]}, "datetime": {"datetime": "2025-08-20 12:51:17", "elapsed": 3532.513813018799, "delta": 21.959615230560303}, "costs": {"total_cost": 1409.4013000334992, "time_cost": 150, "final_distance_cost": 12.98320455196814, "oscillation_cost": 68.4334900107216, "completition_cost": 1000.0, "overshoot_cost": 138.9301412869103, "power_cost": 6.369163952636719, "noise_cost": 32.68530023126235, "n_waypoints_completed": 0, "tot_waypoints": 9}}
{"target": -1494.5188685621395, "params": {"k_pid_pos": [0.035014595836400986, 0.9929078817367554, 0.0], "k_pid_alt": [1.8576160669326782, 0.9429205656051636, 0.0], "k_pid_att": [98.41203308105469, 9.999999747378752e-05, 0.0], "k_pid_yaw": [0.5, 1e-06, 0.1], "k_pid_hsp": [0.5931939482688904, 0.0, 0.05548340082168579], "k_pid_vsp": [0.0, 400.0, 400.0]}, "datetime": {"datetime": "2025-08-20 12:51:39", "elapsed": 3553.976019382477, "delta": 21.46220636367798}, "costs": {"total_cost": 1494.5188685621395, "time_cost": 150, "final_distance_cost": 15.219646741907763, "oscillation_cost": 128.9697353145582, "completition_cost": 1000.0, "overshoot_cost": 133.39773297566254, "power_cost": 23.15176297607422, "noise_cost": 43.77999055393663, "n_waypoints_completed": 0, "tot_waypoints": 9}}
