{"target": -1468.6295943114599, "params": {"k_pid_pos": [0.04801425710320473, 0.9257403612136841, 0.04536983370780945], "k_pid_alt": [2.0, 0.9729366302490234, 0.0], "k_pid_att": [98.09735107421875, 9.999999747378752e-05, 0.022836685180664062], "k_pid_yaw": [0.5, 1e-06, 0.1], "k_pid_hsp": [9.999999747378752e-05, 0.12149059772491455, 0.0], "k_pid_vsp": [0.4246711730957031, 371.18414306640625, 361.7521667480469]}, "datetime": {"datetime": "2025-08-20 16:58:01", "elapsed": 18335.86941099167, "delta": 22.41779398918152}, "costs": {"total_cost": 1468.6295943114599, "time_cost": 150, "final_distance_cost": 21.063575054223495, "oscillation_cost": 56.94656723523215, "completition_cost": 1000.0, "overshoot_cost": 144.2472466900439, "power_cost": 23.20735718994141, "noise_cost": 73.16484814201881, "n_waypoints_completed": 0, "tot_waypoints": 9}}
{"target": -1496.1457036380893, "params": {"k_pid_pos": [0.1055947095155716, 0.9952942132949829, 0.0], "k_pid_alt": [1.944298505783081, 1.0, 0.07463616132736206], "k_pid_att": [96.90076446533203, 9.999999747378752e-05, 0.08459752798080444], "k_pid_yaw": [0.5, 1e-06, 0.1], "k_pid_hsp": [0.14062757790088654, 0.0, 0.0], "k_pid_vsp": [0.0, 400.0, 399.5430908203125]}, "datetime": {"datetime": "2025-08-20 16:58:25", "elapsed": 18359.65290427208, "delta": 23.783493280410767}, "costs": {"total_cost": 1496.1457036380893, "time_cost": 150, "final_distance_cost": 10.249191134094577, "oscillation_cost": 52.85355821236087, "completition_cost": 1000.0, "overshoot_cost": 140.07288969697856, "power_cost": 36.86598305664063, "noise_cost": 106.1040815380148, "n_waypoints_completed": 0, "tot_waypoints": 9}}
{"target": -3788.2291052214573, "params": {"k_pid_pos": [0.07372206449508667, 1.0, 0.0054846107959747314], "k_pid_alt": [1.87420654296875, 1.0, 0.015916258096694946], "k_pid_att": [96.38900756835938, 0.0072807976976037025, 0.017853081226348877], "k_pid_yaw": [0.5, 1e-06, 0.1], "k_pid_hsp": [9.999999747378752e-05, 0.03347793221473694, 0.03714936971664429], "k_pid_vsp": [8.035337448120117, 375.9717102050781, 400.0]}, "datetime": {"datetime": "2025-08-20 16:58:51", "elapsed": 18385.78630042076, "delta": 26.13339614868164}, "costs": {"total_cost": 3788.2291052214573, "time_cost": 150, "final_distance_cost": 991.873445147045, "oscillation_cost": 61.60551119611078, "completition_cost": 1000.0, "overshoot_cost": 1559.5834794411408, "power_cost": 12.803718481445314, "noise_cost": 12.362950955715256, "n_waypoints_completed": 0, "tot_waypoints": 9}}
{"target": -1515.79244966775, "params": {"k_pid_pos": [9.999999747378752e-05, 0.998611330986023, 0.019879847764968872], "k_pid_alt": [1.8806593418121338, 0.8719035983085632, 0.00356292724609375], "k_pid_att": [99.65242004394531, 9.999999747378752e-05, 0.01179853081703186], "k_pid_yaw": [0.5, 1e-06, 0.1], "k_pid_hsp": [0.19859907031059265, 0.11353015899658203, 0.06450772285461426], "k_pid_vsp": [0.0, 393.4953308105469, 354.5027160644531]}, "datetime": {"datetime": "2025-08-20 16:59:15", "elapsed": 18409.845026254654, "delta": 24.058725833892822}, "costs": {"total_cost": 1515.79244966775, "time_cost": 150, "final_distance_cost": 18.926468337575788, "oscillation_cost": 132.54277115830013, "completition_cost": 1000.0, "overshoot_cost": 137.2760254338557, "power_cost": 25.80419344482422, "noise_cost": 51.242991293194024, "n_waypoints_completed": 0, "tot_waypoints": 9}}
{"target": -2034.1759472877493, "params": {"k_pid_pos": [9.999999747378752e-05, 1.0, 0.08322221040725708], "k_pid_alt": [2.0, 1.0, 0.03422775864601135], "k_pid_att": [98.5670394897461, 9.999999747378752e-05, 0.0], "k_pid_yaw": [0.5, 1e-06, 0.1], "k_pid_hsp": [9.999999747378752e-05, 0.0, 0.011807292699813843], "k_pid_vsp": [0.0, 400.0, 396.3750305175781]}, "datetime": {"datetime": "2025-08-20 16:59:39", "elapsed": 18433.974453926086, "delta": 24.129427671432495}, "costs": {"total_cost": 2034.1759472877493, "time_cost": 150, "final_distance_cost": 378.74326360982525, "oscillation_cost": 31.30202946774617, "completition_cost": 1000.0, "overshoot_cost": 451.5546754240622, "power_cost": 10.714807543945312, "noise_cost": 11.861171242170185, "n_waypoints_completed": 0, "tot_waypoints": 9}}
{"target": -1426.01982320105, "params": {"k_pid_pos": [9.999999747378752e-05, 0.9978078603744507, 0.0], "k_pid_alt": [2.0, 0.9664679765701294, 0.0], "k_pid_att": [100.0, 9.999999747378752e-05, 0.0], "k_pid_yaw": [0.5, 1e-06, 0.1], "k_pid_hsp": [9.999999747378752e-05, 0.032157331705093384, 0.0], "k_pid_vsp": [7.937443256378174, 400.0, 396.331298828125]}, "datetime": {"datetime": "2025-08-20 17:00:02", "elapsed": 18457.12565255165, "delta": 23.151198625564575}, "costs": {"total_cost": 1426.01982320105, "time_cost": 150, "final_distance_cost": 58.302083403750075, "oscillation_cost": 28.08478897974716, "completition_cost": 1000.0, "overshoot_cost": 116.75002200797994, "power_cost": 38.01279090576172, "noise_cost": 34.87013790381146, "n_waypoints_completed": 0, "tot_waypoints": 9}}
{"target": -1389.9552944763814, "params": {"k_pid_pos": [9.999999747378752e-05, 0.9162793159484863, 0.0], "k_pid_alt": [2.0, 0.9903541803359985, 0.0], "k_pid_att": [93.85472869873047, 0.4537958800792694, 0.03859040141105652], "k_pid_yaw": [0.5, 1e-06, 0.1], "k_pid_hsp": [0.22778776288032532, 0.014339864253997803, 0.0], "k_pid_vsp": [23.829710006713867, 391.4344177246094, 400.0]}, "datetime": {"datetime": "2025-08-20 17:00:25", "elapsed": 18479.593592643738, "delta": 22.467940092086792}, "costs": {"total_cost": 1389.9552944763814, "time_cost": 150, "final_distance_cost": 12.26505123467193, "oscillation_cost": 59.83171918391797, "completition_cost": 1000.0, "overshoot_cost": 140.04510363054473, "power_cost": 3.2455529418945313, "noise_cost": 24.56786748535202, "n_waypoints_completed": 0, "tot_waypoints": 9}}
{"target": -1460.5330303355977, "params": {"k_pid_pos": [0.056703582406044006, 0.9286507368087769, 0.05422067642211914], "k_pid_alt": [2.0, 0.9929007291793823, 0.0671728253364563], "k_pid_att": [100.0, 0.5172083377838135, 0.023296475410461426], "k_pid_yaw": [0.5, 1e-06, 0.1], "k_pid_hsp": [0.4568023085594177, 0.020733684301376343, 0.031050413846969604], "k_pid_vsp": [4.169094562530518, 400.0, 400.0]}, "datetime": {"datetime": "2025-08-20 17:00:47", "elapsed": 18501.674006938934, "delta": 22.080414295196533}, "costs": {"total_cost": 1460.5330303355977, "time_cost": 150, "final_distance_cost": 5.847674287791638, "oscillation_cost": 88.54968718463377, "completition_cost": 1000.0, "overshoot_cost": 138.78260589033704, "power_cost": 18.482954833984376, "noise_cost": 58.8701081388508, "n_waypoints_completed": 0, "tot_waypoints": 9}}
{"target": -2003.6144115481848, "params": {"k_pid_pos": [0.02091701328754425, 1.0, 0.0], "k_pid_alt": [2.0, 1.0, 0.0], "k_pid_att": [98.54767608642578, 9.999999747378752e-05, 0.0], "k_pid_yaw": [0.5, 1e-06, 0.1], "k_pid_hsp": [9.999999747378752e-05, 0.0, 0.002799779176712036], "k_pid_vsp": [0.0, 400.0, 395.442138671875]}, "datetime": {"datetime": "2025-08-20 17:01:09", "elapsed": 18524.312188386917, "delta": 22.638181447982788}, "costs": {"total_cost": 2003.6144115481848, "time_cost": 150, "final_distance_cost": 352.68173924038683, "oscillation_cost": 25.886674263565425, "completition_cost": 1000.0, "overshoot_cost": 410.17834731149424, "power_cost": 37.8972546875, "noise_cost": 26.970396045238104, "n_waypoints_completed": 0, "tot_waypoints": 9}}
{"target": -1913.4704245106182, "params": {"k_pid_pos": [0.04865407943725586, 1.0, 0.00048214197158813477], "k_pid_alt": [1.9968355894088745, 0.9633481502532959, 0.0059770941734313965], "k_pid_att": [99.36801147460938, 0.20457139611244202, 0.06842517852783203], "k_pid_yaw": [0.5, 1e-06, 0.1], "k_pid_hsp": [9.999999747378752e-05, 0.0, 0.0], "k_pid_vsp": [5.222737789154053, 379.8359375, 393.439208984375]}, "datetime": {"datetime": "2025-08-20 17:01:32", "elapsed": 18547.405030488968, "delta": 23.09284210205078}, "costs": {"total_cost": 1913.4704245106182, "time_cost": 150, "final_distance_cost": 333.31485095311837, "oscillation_cost": 30.78151962905249, "completition_cost": 1000.0, "overshoot_cost": 373.64691049538555, "power_cost": 11.761611840820313, "noise_cost": 13.96553159224132, "n_waypoints_completed": 0, "tot_waypoints": 9}}
{"target": -1982.8170092137725, "params": {"k_pid_pos": [0.07801302522420883, 1.0, 0.13535907864570618], "k_pid_alt": [2.0, 1.0, 0.0], "k_pid_att": [100.0, 9.999999747378752e-05, 0.017176181077957153], "k_pid_yaw": [0.5, 1e-06, 0.1], "k_pid_hsp": [9.999999747378752e-05, 0.0, 0.0], "k_pid_vsp": [0.0, 400.0, 400.0]}, "datetime": {"datetime": "2025-08-20 17:01:55", "elapsed": 18570.410138130188, "delta": 23.005107641220093}, "costs": {"total_cost": 1982.8170092137725, "time_cost": 150, "final_distance_cost": 345.416694456684, "oscillation_cost": 25.254037789415573, "completition_cost": 1000.0, "overshoot_cost": 396.5948098235713, "power_cost": 37.85907941894531, "noise_cost": 27.692387725156273, "n_waypoints_completed": 0, "tot_waypoints": 9}}
{"target": -1447.6625963663014, "params": {"k_pid_pos": [9.999999747378752e-05, 0.9651404619216919, 0.0], "k_pid_alt": [2.0, 1.0, 0.03256145119667053], "k_pid_att": [100.0, 0.2661885619163513, 0.0], "k_pid_yaw": [0.5, 1e-06, 0.1], "k_pid_hsp": [9.999999747378752e-05, 0.06926745176315308, 0.0], "k_pid_vsp": [17.74144172668457, 370.75543212890625, 374.1561279296875]}, "datetime": {"datetime": "2025-08-20 17:02:18", "elapsed": 18592.89819741249, "delta": 22.488059282302856}, "costs": {"total_cost": 1447.6625963663014, "time_cost": 150, "final_distance_cost": 14.478824821190821, "oscillation_cost": 42.206499236291485, "completition_cost": 1000.0, "overshoot_cost": 147.27137381908616, "power_cost": 22.482542395019532, "noise_cost": 71.22335609471331, "n_waypoints_completed": 0, "tot_waypoints": 9}}
{"target": -1930.3010652320634, "params": {"k_pid_pos": [0.002265447750687599, 1.0, 0.0], "k_pid_alt": [2.0, 1.0, 0.03330892324447632], "k_pid_att": [100.0, 0.18811024725437164, 0.0189628005027771], "k_pid_yaw": [0.5, 1e-06, 0.1], "k_pid_hsp": [9.999999747378752e-05, 0.0, 0.0], "k_pid_vsp": [18.568647384643555, 390.4009704589844, 368.39007568359375]}, "datetime": {"datetime": "2025-08-20 17:02:40", "elapsed": 18614.81658601761, "delta": 21.918388605117798}, "costs": {"total_cost": 1930.3010652320634, "time_cost": 150, "final_distance_cost": 339.38739528492323, "oscillation_cost": 30.97230541392314, "completition_cost": 1000.0, "overshoot_cost": 384.1975872703692, "power_cost": 11.745812084960939, "noise_cost": 13.99796517788663, "n_waypoints_completed": 0, "tot_waypoints": 9}}
{"target": -2059.5269700621543, "params": {"k_pid_pos": [9.999999747378752e-05, 1.0, 0.12983334064483643], "k_pid_alt": [2.0, 0.9813692569732666, 0.05405700206756592], "k_pid_att": [95.34172058105469, 0.04081284627318382, 0.04705137014389038], "k_pid_yaw": [0.5, 1e-06, 0.1], "k_pid_hsp": [9.999999747378752e-05, 0.0, 0.012568801641464233], "k_pid_vsp": [31.81536102294922, 391.8641662597656, 387.4544982910156]}, "datetime": {"datetime": "2025-08-20 17:03:02", "elapsed": 18637.333347797394, "delta": 22.516761779785156}, "costs": {"total_cost": 2059.5269700621543, "time_cost": 150, "final_distance_cost": 375.6277178736767, "oscillation_cost": 25.972365287216935, "completition_cost": 1000.0, "overshoot_cost": 443.27735991129344, "power_cost": 37.96352819824219, "noise_cost": 26.68599879172538, "n_waypoints_completed": 0, "tot_waypoints": 9}}
{"target": -1389.95251409528, "params": {"k_pid_pos": [0.1288430541753769, 0.9344112873077393, 0.0], "k_pid_alt": [1.8084688186645508, 0.9659198522567749, 0.03952035307884216], "k_pid_att": [89.19052124023438, 0.5147377848625183, 0.017051905393600464], "k_pid_yaw": [0.5, 1e-06, 0.1], "k_pid_hsp": [0.30750012397766113, 0.005866140127182007, 0.0], "k_pid_vsp": [20.175874710083008, 399.0553894042969, 400.0]}, "datetime": {"datetime": "2025-08-20 17:03:26", "elapsed": 18660.941739797592, "delta": 23.608392000198364}, "costs": {"total_cost": 1389.95251409528, "time_cost": 150, "final_distance_cost": 14.908007234340541, "oscillation_cost": 61.498684693838285, "completition_cost": 1000.0, "overshoot_cost": 139.22211896772174, "power_cost": 2.321169177246094, "noise_cost": 22.002534022133496, "n_waypoints_completed": 0, "tot_waypoints": 9}}
{"target": -1410.0021319945909, "params": {"k_pid_pos": [9.999999747378752e-05, 0.941295862197876, 0.0], "k_pid_alt": [2.0, 1.0, 0.01588502526283264], "k_pid_att": [99.26028442382812, 9.999999747378752e-05, 0.0], "k_pid_yaw": [0.5, 1e-06, 0.1], "k_pid_hsp": [0.5804991722106934, 0.0, 0.0], "k_pid_vsp": [0.0, 371.1400451660156, 400.0]}, "datetime": {"datetime": "2025-08-20 17:03:48", "elapsed": 18683.22909474373, "delta": 22.287354946136475}, "costs": {"total_cost": 1410.0021319945909, "time_cost": 150, "final_distance_cost": 12.611612233695737, "oscillation_cost": 66.86120445561814, "completition_cost": 1000.0, "overshoot_cost": 139.62674666576396, "power_cost": 6.952983166503906, "noise_cost": 33.9495854730094, "n_waypoints_completed": 0, "tot_waypoints": 9}}
{"target": -2477.4338839791167, "params": {"k_pid_pos": [0.11223755031824112, 0.9557430744171143, 0.052097439765930176], "k_pid_alt": [1.9851704835891724, 0.9676286578178406, 0.0], "k_pid_att": [97.6374282836914, 1.1256550550460815, 0.06684815883636475], "k_pid_yaw": [0.5, 1e-06, 0.1], "k_pid_hsp": [9.999999747378752e-05, 0.06899327039718628, 0.10978704690933228], "k_pid_vsp": [12.960302352905273, 373.2273254394531, 381.0716247558594]}, "datetime": {"datetime": "2025-08-20 17:04:11", "elapsed": 18705.5543551445, "delta": 22.325260400772095}, "costs": {"total_cost": 2477.4338839791167, "time_cost": 150, "final_distance_cost": 359.73706643463, "oscillation_cost": 350.4654064214223, "completition_cost": 1000.0, "overshoot_cost": 578.2267421361282, "power_cost": 21.60775848388672, "noise_cost": 17.396910503049593, "n_waypoints_completed": 0, "tot_waypoints": 9}}
{"target": -1433.0127860525706, "params": {"k_pid_pos": [0.061189621686935425, 1.0, 0.02856457233428955], "k_pid_alt": [2.0, 0.9588521718978882, 0.05524629354476929], "k_pid_att": [98.37635803222656, 0.1561889946460724, 0.014363735914230347], "k_pid_yaw": [0.5, 1e-06, 0.1], "k_pid_hsp": [9.999999747378752e-05, 0.04805433750152588, 0.0], "k_pid_vsp": [0.0, 383.56689453125, 380.1226806640625]}, "datetime": {"datetime": "2025-08-20 17:04:34", "elapsed": 18729.088777303696, "delta": 23.534422159194946}, "costs": {"total_cost": 1433.0127860525706, "time_cost": 150, "final_distance_cost": 26.831268772392292, "oscillation_cost": 35.38615846536134, "completition_cost": 1000.0, "overshoot_cost": 152.13449095077547, "power_cost": 15.362087414550782, "noise_cost": 53.29878044949082, "n_waypoints_completed": 0, "tot_waypoints": 9}}
{"target": -1974.4134631499148, "params": {"k_pid_pos": [0.0627858117222786, 0.9523885250091553, 0.01000186800956726], "k_pid_alt": [1.938110589981079, 1.0, 0.0], "k_pid_att": [100.0, 9.999999747378752e-05, 0.0], "k_pid_yaw": [0.5, 1e-06, 0.1], "k_pid_hsp": [9.999999747378752e-05, 0.0, 0.0], "k_pid_vsp": [2.712869644165039, 398.1274108886719, 352.9879455566406]}, "datetime": {"datetime": "2025-08-20 17:04:57", "elapsed": 18751.75654554367, "delta": 22.667768239974976}, "costs": {"total_cost": 1974.4134631499148, "time_cost": 150, "final_distance_cost": 342.7783863268778, "oscillation_cost": 25.30521194278597, "completition_cost": 1000.0, "overshoot_cost": 390.70607091476575, "power_cost": 37.853300354003906, "noise_cost": 27.77049361148146, "n_waypoints_completed": 0, "tot_waypoints": 9}}
{"target": -1464.4155187741246, "params": {"k_pid_pos": [9.999999747378752e-05, 1.0, 0.06506726145744324], "k_pid_alt": [2.0, 0.9545952081680298, 0.0], "k_pid_att": [100.0, 0.3476869463920593, 0.0], "k_pid_yaw": [0.5, 1e-06, 0.1], "k_pid_hsp": [9.999999747378752e-05, 0.06538712978363037, 0.0], "k_pid_vsp": [0.0, 379.01434326171875, 360.135986328125]}, "datetime": {"datetime": "2025-08-20 17:05:19", "elapsed": 18774.307631492615, "delta": 22.551085948944092}, "costs": {"total_cost": 1464.4155187741246, "time_cost": 150, "final_distance_cost": 25.570041490165057, "oscillation_cost": 39.98793389545833, "completition_cost": 1000.0, "overshoot_cost": 148.01382520414825, "power_cost": 24.581061621093752, "noise_cost": 76.2626565632593, "n_waypoints_completed": 0, "tot_waypoints": 9}}
{"target": -1937.5114239088612, "params": {"k_pid_pos": [9.999999747378752e-05, 1.0, 0.0], "k_pid_alt": [1.8750059604644775, 0.8972775936126709, 0.01927351951599121], "k_pid_att": [99.80596160888672, 9.999999747378752e-05, 0.04453390836715698], "k_pid_yaw": [0.5, 1e-06, 0.1], "k_pid_hsp": [9.999999747378752e-05, 0.0, 0.0], "k_pid_vsp": [0.0, 400.0, 395.322265625]}, "datetime": {"datetime": "2025-08-20 17:05:42", "elapsed": 18796.7585105896, "delta": 22.450879096984863}, "costs": {"total_cost": 1937.5114239088612, "time_cost": 150, "final_distance_cost": 330.1350996957447, "oscillation_cost": 24.927807232792624, "completition_cost": 1000.0, "overshoot_cost": 366.2702729546944, "power_cost": 37.83994348144532, "noise_cost": 28.338300544184108, "n_waypoints_completed": 0, "tot_waypoints": 9}}
{"target": -1401.4271986340962, "params": {"k_pid_pos": [0.021269915625452995, 1.0, 0.02194005250930786], "k_pid_alt": [2.0, 1.0, 0.015019267797470093], "k_pid_att": [98.93241119384766, 9.999999747378752e-05, 0.07444295287132263], "k_pid_yaw": [0.5, 1e-06, 0.1], "k_pid_hsp": [0.3579680621623993, 0.08165925741195679, 0.0], "k_pid_vsp": [24.664031982421875, 386.2336730957031, 400.0]}, "datetime": {"datetime": "2025-08-20 17:06:04", "elapsed": 18819.19654226303, "delta": 22.438031673431396}, "costs": {"total_cost": 1401.4271986340962, "time_cost": 150, "final_distance_cost": 16.45675442417761, "oscillation_cost": 63.39532874075238, "completition_cost": 1000.0, "overshoot_cost": 140.62602031795282, "power_cost": 4.098771813964844, "noise_cost": 26.85032333724853, "n_waypoints_completed": 0, "tot_waypoints": 9}}
{"target": -1400.0614295553237, "params": {"k_pid_pos": [9.999999747378752e-05, 1.0, 0.004180997610092163], "k_pid_alt": [2.0, 0.9545668363571167, 0.0], "k_pid_att": [100.0, 0.19967670738697052, 0.091827392578125], "k_pid_yaw": [0.5, 1e-06, 0.1], "k_pid_hsp": [0.18195076286792755, 0.011224478483200073, 0.0], "k_pid_vsp": [30.662250518798828, 392.4627685546875, 400.0]}, "datetime": {"datetime": "2025-08-20 17:06:26", "elapsed": 18841.32207250595, "delta": 22.125530242919922}, "costs": {"total_cost": 1400.0614295553237, "time_cost": 150, "final_distance_cost": 13.87201727238013, "oscillation_cost": 60.34467244617663, "completition_cost": 1000.0, "overshoot_cost": 140.5028433274371, "power_cost": 5.400395922851563, "noise_cost": 29.941500586477936, "n_waypoints_completed": 0, "tot_waypoints": 9}}
{"target": -1458.3355135602274, "params": {"k_pid_pos": [0.0018193887080997229, 1.0, 0.0], "k_pid_alt": [1.9827673435211182, 0.9705190658569336, 0.09914842247962952], "k_pid_att": [91.26715850830078, 0.598892092704773, 0.011341780424118042], "k_pid_yaw": [0.5, 1e-06, 0.1], "k_pid_hsp": [9.999999747378752e-05, 0.04610323905944824, 0.0], "k_pid_vsp": [0.0, 373.3133850097656, 397.0649719238281]}, "datetime": {"datetime": "2025-08-20 17:06:48", "elapsed": 18863.461914777756, "delta": 22.13984227180481}, "costs": {"total_cost": 1458.3355135602274, "time_cost": 150, "final_distance_cost": 12.364312508154217, "oscillation_cost": 31.435332157999376, "completition_cost": 1000.0, "overshoot_cost": 153.58091814722647, "power_cost": 28.079126586914064, "noise_cost": 82.87582415993332, "n_waypoints_completed": 0, "tot_waypoints": 9}}
{"target": -1996.8457777467358, "params": {"k_pid_pos": [0.13720481097698212, 1.0, 0.010149866342544556], "k_pid_alt": [1.9722940921783447, 1.0, 0.0], "k_pid_att": [100.0, 9.999999747378752e-05, 0.0], "k_pid_yaw": [0.5, 1e-06, 0.1], "k_pid_hsp": [9.999999747378752e-05, 0.0, 0.005519211292266846], "k_pid_vsp": [0.0, 400.0, 393.3640441894531]}, "datetime": {"datetime": "2025-08-20 17:07:11", "elapsed": 18885.892742156982, "delta": 22.430827379226685}, "costs": {"total_cost": 1996.8457777467358, "time_cost": 150, "final_distance_cost": 349.90263671131515, "oscillation_cost": 26.32499931448659, "completition_cost": 1000.0, "overshoot_cost": 405.94893764027097, "power_cost": 37.87823006591797, "noise_cost": 26.7909740147451, "n_waypoints_completed": 0, "tot_waypoints": 9}}
{"target": -1512.5105665660258, "params": {"k_pid_pos": [0.0074884602800011635, 1.0, 0.012122273445129395], "k_pid_alt": [2.0, 1.0, 0.02433571219444275], "k_pid_att": [100.0, 9.999999747378752e-05, 0.041535377502441406], "k_pid_yaw": [0.5, 1e-06, 0.1], "k_pid_hsp": [0.39634770154953003, 0.01145946979522705, 0.0], "k_pid_vsp": [0.0, 398.0280456542969, 400.0]}, "datetime": {"datetime": "2025-08-20 17:07:34", "elapsed": 18908.697420358658, "delta": 22.804678201675415}, "costs": {"total_cost": 1512.5105665660258, "time_cost": 150, "final_distance_cost": 16.000416040683373, "oscillation_cost": 59.275811095452866, "completition_cost": 1000.0, "overshoot_cost": 139.99522839874032, "power_cost": 38.08369008789062, "noise_cost": 109.15542094325872, "n_waypoints_completed": 0, "tot_waypoints": 9}}
{"target": -1930.7247623265987, "params": {"k_pid_pos": [9.999999747378752e-05, 1.0, 0.009484440088272095], "k_pid_alt": [2.0, 0.9827919006347656, 0.0], "k_pid_att": [99.89723205566406, 9.999999747378752e-05, 0.014614403247833252], "k_pid_yaw": [0.5, 1e-06, 0.1], "k_pid_hsp": [9.999999747378752e-05, 0.0, 0.0], "k_pid_vsp": [13.955223083496094, 372.0252380371094, 400.0]}, "datetime": {"datetime": "2025-08-20 17:07:56", "elapsed": 18931.132066965103, "delta": 22.434646606445312}, "costs": {"total_cost": 1930.7247623265987, "time_cost": 150, "final_distance_cost": 339.6365565441239, "oscillation_cost": 30.918958416033718, "completition_cost": 1000.0, "overshoot_cost": 384.5314910668404, "power_cost": 11.738617944335939, "noise_cost": 13.899138355265004, "n_waypoints_completed": 0, "tot_waypoints": 9}}
