{"target": -1497.2802525075647, "params": {"k_pid_pos": [0.04729343205690384, 0.8664100170135498, 0.0], "k_pid_alt": [2.0, 0.972051739692688, 0.0], "k_pid_att": [97.14860534667969, 9.999999747378752e-05, 0.050343483686447144], "k_pid_yaw": [0.5, 1e-06, 0.1], "k_pid_hsp": [0.8886449933052063, 0.05285143852233887, 0.0], "k_pid_vsp": [0.0, 382.3066711425781, 365.3139953613281]}, "datetime": {"datetime": "2025-08-20 17:08:20", "elapsed": 18954.81638598442, "delta": 23.684319019317627}, "costs": {"total_cost": 1497.2802525075647, "time_cost": 150, "final_distance_cost": 10.264468361793961, "oscillation_cost": 63.56079055965285, "completition_cost": 1000.0, "overshoot_cost": 138.80463030307234, "power_cost": 34.42494967041016, "noise_cost": 100.22541361263536, "n_waypoints_completed": 0, "tot_waypoints": 9}}
{"target": -1425.5260846123867, "params": {"k_pid_pos": [9.999999747378752e-05, 0.9378674030303955, 0.04992881417274475], "k_pid_alt": [2.0, 1.0, 0.057022929191589355], "k_pid_att": [100.0, 0.9854538440704346, 0.0], "k_pid_yaw": [0.5, 1e-06, 0.1], "k_pid_hsp": [9.999999747378752e-05, 0.06287449598312378, 0.008594691753387451], "k_pid_vsp": [0.0, 389.01385498046875, 400.0]}, "datetime": {"datetime": "2025-08-20 17:08:42", "elapsed": 18977.433765888214, "delta": 22.617379903793335}, "costs": {"total_cost": 1425.5260846123867, "time_cost": 150, "final_distance_cost": 28.36372631737597, "oscillation_cost": 42.595023280519385, "completition_cost": 1000.0, "overshoot_cost": 147.6573831875916, "power_cost": 11.617056188964844, "noise_cost": 45.292895637934954, "n_waypoints_completed": 0, "tot_waypoints": 9}}
{"target": -1401.8572853968876, "params": {"k_pid_pos": [0.03766991198062897, 1.0, 0.0], "k_pid_alt": [2.0, 1.0, 0.0], "k_pid_att": [100.0, 0.460394024848938, 0.08005616068840027], "k_pid_yaw": [0.5, 1e-06, 0.1], "k_pid_hsp": [0.3083941638469696, 0.0, 0.0], "k_pid_vsp": [19.471359252929688, 400.0, 394.30340576171875]}, "datetime": {"datetime": "2025-08-20 17:09:05", "elapsed": 18999.98517012596, "delta": 22.551404237747192}, "costs": {"total_cost": 1401.8572853968876, "time_cost": 150, "final_distance_cost": 15.444988645803491, "oscillation_cost": 61.8635267321969, "completition_cost": 1000.0, "overshoot_cost": 140.00855453668913, "power_cost": 5.1488468383789066, "noise_cost": 29.391368643819078, "n_waypoints_completed": 0, "tot_waypoints": 9}}
{"target": -1460.5530202118566, "params": {"k_pid_pos": [9.999999747378752e-05, 1.0, 0.0], "k_pid_alt": [2.0, 1.0, 0.03317156434059143], "k_pid_att": [100.0, 0.43954452872276306, 0.014346063137054443], "k_pid_yaw": [0.5, 1e-06, 0.1], "k_pid_hsp": [0.09009436517953873, 0.044815897941589355, 0.0], "k_pid_vsp": [0.0, 381.5266418457031, 363.98529052734375]}, "datetime": {"datetime": "2025-08-20 17:09:27", "elapsed": 19022.35716342926, "delta": 22.37199330329895}, "costs": {"total_cost": 1460.5530202118566, "time_cost": 150, "final_distance_cost": 13.299296001724386, "oscillation_cost": 50.90227398914143, "completition_cost": 1000.0, "overshoot_cost": 142.84995157418376, "power_cost": 25.295036950683595, "noise_cost": 78.20646169612327, "n_waypoints_completed": 0, "tot_waypoints": 9}}
{"target": -4644.850723851018, "params": {"k_pid_pos": [9.999999747378752e-05, 1.0, 0.0285569429397583], "k_pid_alt": [1.8716344833374023, 0.9593318700790405, 0.0], "k_pid_att": [92.15938568115234, 9.999999747378752e-05, 0.026782631874084473], "k_pid_yaw": [0.5, 1e-06, 0.1], "k_pid_hsp": [9.999999747378752e-05, 0.012702077627182007, 0.03781533241271973], "k_pid_vsp": [0.0, 400.0, 384.2295837402344]}, "datetime": {"datetime": "2025-08-20 17:09:51", "elapsed": 19046.003870248795, "delta": 23.6467068195343}, "costs": {"total_cost": 4644.850723851018, "time_cost": 150, "final_distance_cost": 1286.698262056197, "oscillation_cost": 90.4538199786365, "completition_cost": 1000.0, "overshoot_cost": 2079.037489476952, "power_cost": 21.411860986328126, "noise_cost": 17.24929135290426, "n_waypoints_completed": 0, "tot_waypoints": 9}}
{"target": -1396.3687721885522, "params": {"k_pid_pos": [0.12767110764980316, 1.0, 0.0], "k_pid_alt": [2.0, 0.96201491355896, 0.030039578676223755], "k_pid_att": [92.66609191894531, 0.5090071558952332, 0.0], "k_pid_yaw": [0.5, 1e-06, 0.1], "k_pid_hsp": [0.6033356189727783, 0.03119206428527832, 0.0], "k_pid_vsp": [0.0, 383.6512451171875, 393.87359619140625]}, "datetime": {"datetime": "2025-08-20 17:10:13", "elapsed": 19068.32177066803, "delta": 22.31790041923523}, "costs": {"total_cost": 1396.3687721885522, "time_cost": 150, "final_distance_cost": 11.300660862614183, "oscillation_cost": 66.3314290249426, "completition_cost": 1000.0, "overshoot_cost": 139.09697762198513, "power_cost": 3.8390546508789063, "noise_cost": 25.800650028131226, "n_waypoints_completed": 0, "tot_waypoints": 9}}
{"target": -4807.76728119163, "params": {"k_pid_pos": [9.999999747378752e-05, 0.9586464166641235, 0.04104623198509216], "k_pid_alt": [1.9959410429000854, 0.9552134275436401, 0.035132914781570435], "k_pid_att": [100.0, 9.999999747378752e-05, 0.057617783546447754], "k_pid_yaw": [0.5, 1e-06, 0.1], "k_pid_hsp": [9.999999747378752e-05, 0.0, 0.03657275438308716], "k_pid_vsp": [0.0, 384.3580017089844, 400.0]}, "datetime": {"datetime": "2025-08-20 17:10:36", "elapsed": 19091.27548098564, "delta": 22.953710317611694}, "costs": {"total_cost": 4807.76728119163, "time_cost": 150, "final_distance_cost": 1331.307624950147, "oscillation_cost": 78.66136739336346, "completition_cost": 1000.0, "overshoot_cost": 2215.0672791629077, "power_cost": 18.067436096191408, "noise_cost": 14.663573589020688, "n_waypoints_completed": 0, "tot_waypoints": 9}}
{"target": -1427.369635980287, "params": {"k_pid_pos": [9.999999747378752e-05, 0.9936578273773193, 0.0], "k_pid_alt": [1.789975881576538, 0.9692756533622742, 0.025692462921142578], "k_pid_att": [95.3575668334961, 9.999999747378752e-05, 0.11779016256332397], "k_pid_yaw": [0.5, 1e-06, 0.1], "k_pid_hsp": [0.7098724842071533, 0.006260305643081665, 0.0], "k_pid_vsp": [10.724151611328125, 400.0, 400.0]}, "datetime": {"datetime": "2025-08-20 17:10:59", "elapsed": 19113.92428946495, "delta": 22.648808479309082}, "costs": {"total_cost": 1427.369635980287, "time_cost": 150, "final_distance_cost": 13.93151408556951, "oscillation_cost": 65.34842919806711, "completition_cost": 1000.0, "overshoot_cost": 139.83805953223577, "power_cost": 12.135370458984376, "noise_cost": 46.11626270543032, "n_waypoints_completed": 0, "tot_waypoints": 9}}
{"target": -1396.694811448806, "params": {"k_pid_pos": [0.1976715326309204, 1.0, 0.0], "k_pid_alt": [1.8478366136550903, 0.9933634400367737, 0.056023746728897095], "k_pid_att": [99.88988494873047, 0.7060062289237976, 0.0], "k_pid_yaw": [0.5, 1e-06, 0.1], "k_pid_hsp": [0.5465850830078125, 0.0, 0.0], "k_pid_vsp": [4.934108257293701, 393.6197814941406, 400.0]}, "datetime": {"datetime": "2025-08-20 17:11:21", "elapsed": 19136.175310850143, "delta": 22.25102138519287}, "costs": {"total_cost": 1396.694811448806, "time_cost": 150, "final_distance_cost": 10.208958295362377, "oscillation_cost": 67.5665524040424, "completition_cost": 1000.0, "overshoot_cost": 138.99016100908491, "power_cost": 3.7817178222656254, "noise_cost": 26.14742191805063, "n_waypoints_completed": 0, "tot_waypoints": 9}}
{"target": -1434.1134018913435, "params": {"k_pid_pos": [0.05731521546840668, 1.0, 0.04081755876541138], "k_pid_alt": [2.0, 1.0, 0.025080710649490356], "k_pid_att": [100.0, 9.999999747378752e-05, 0.0], "k_pid_yaw": [0.5, 1e-06, 0.1], "k_pid_hsp": [9.999999747378752e-05, 0.03854498267173767, 0.0], "k_pid_vsp": [0.0, 400.0, 400.0]}, "datetime": {"datetime": "2025-08-20 17:11:44", "elapsed": 19159.37792277336, "delta": 23.202611923217773}, "costs": {"total_cost": 1434.1134018913435, "time_cost": 150, "final_distance_cost": 23.32149284809988, "oscillation_cost": 33.59017792894862, "completition_cost": 1000.0, "overshoot_cost": 156.6798708634791, "power_cost": 16.933206176757814, "noise_cost": 53.58865407405797, "n_waypoints_completed": 0, "tot_waypoints": 9}}
{"target": -1414.7943503947683, "params": {"k_pid_pos": [0.09170150011777878, 1.0, 0.0], "k_pid_alt": [1.9827566146850586, 0.9937437176704407, 0.0816643238067627], "k_pid_att": [100.0, 0.5230575799942017, 0.0], "k_pid_yaw": [0.5, 1e-06, 0.1], "k_pid_hsp": [1.0371639728546143, 0.06616127490997314, 0.0], "k_pid_vsp": [15.390372276306152, 400.0, 391.47589111328125]}, "datetime": {"datetime": "2025-08-20 17:12:09", "elapsed": 19183.719824314117, "delta": 24.341901540756226}, "costs": {"total_cost": 1414.7943503947683, "time_cost": 150, "final_distance_cost": 11.107556701661206, "oscillation_cost": 68.16036216599207, "completition_cost": 1000.0, "overshoot_cost": 139.1002532414347, "power_cost": 8.606160205078126, "noise_cost": 37.82001808060222, "n_waypoints_completed": 0, "tot_waypoints": 9}}
{"target": -1462.6143010768005, "params": {"k_pid_pos": [0.07007789611816406, 0.9246252775192261, 0.0], "k_pid_alt": [1.7849892377853394, 1.0, 0.04470902681350708], "k_pid_att": [100.0, 9.999999747378752e-05, 0.06732183694839478], "k_pid_yaw": [0.5, 1e-06, 0.1], "k_pid_hsp": [0.5180308818817139, 0.09304600954055786, 0.0026694834232330322], "k_pid_vsp": [18.5401554107666, 392.5810241699219, 400.0]}, "datetime": {"datetime": "2025-08-20 17:12:32", "elapsed": 19206.898289442062, "delta": 23.178465127944946}, "costs": {"total_cost": 1462.6143010768005, "time_cost": 150, "final_distance_cost": 14.624869123922753, "oscillation_cost": 70.00686428818734, "completition_cost": 1000.0, "overshoot_cost": 139.5481479811407, "power_cost": 20.87720281982422, "noise_cost": 67.55721686372546, "n_waypoints_completed": 0, "tot_waypoints": 9}}
{"target": -1476.9814370212594, "params": {"k_pid_pos": [0.08174164593219757, 1.0, 0.026801705360412598], "k_pid_alt": [2.0, 0.9883149862289429, 0.006801605224609375], "k_pid_att": [96.9904556274414, 0.27022045850753784, 0.0], "k_pid_yaw": [0.5, 1e-06, 0.1], "k_pid_hsp": [0.5620934963226318, 0.0, 0.016782015562057495], "k_pid_vsp": [15.934419631958008, 371.24481201171875, 400.0]}, "datetime": {"datetime": "2025-08-20 17:12:54", "elapsed": 19229.046221256256, "delta": 22.147931814193726}, "costs": {"total_cost": 1476.9814370212594, "time_cost": 150, "final_distance_cost": 14.193578490259322, "oscillation_cost": 91.79645611316994, "completition_cost": 1000.0, "overshoot_cost": 140.59615318370422, "power_cost": 18.495168359375, "noise_cost": 61.90008087475089, "n_waypoints_completed": 0, "tot_waypoints": 9}}
{"target": -1926.547762179583, "params": {"k_pid_pos": [0.02318175695836544, 1.0, 0.0], "k_pid_alt": [2.0, 1.0, 0.0], "k_pid_att": [100.0, 9.999999747378752e-05, 0.0], "k_pid_yaw": [0.5, 1e-06, 0.1], "k_pid_hsp": [9.999999747378752e-05, 0.0, 0.0], "k_pid_vsp": [22.894954681396484, 400.0, 400.0]}, "datetime": {"datetime": "2025-08-20 17:13:17", "elapsed": 19251.697612285614, "delta": 22.65139102935791}, "costs": {"total_cost": 1926.547762179583, "time_cost": 150, "final_distance_cost": 338.2441513635032, "oscillation_cost": 30.91374757818524, "completition_cost": 1000.0, "overshoot_cost": 381.2813591724614, "power_cost": 11.837979699707033, "noise_cost": 14.270524365726335, "n_waypoints_completed": 0, "tot_waypoints": 9}}
{"target": -1489.1019284832985, "params": {"k_pid_pos": [0.04396688565611839, 1.0, 0.06399834156036377], "k_pid_alt": [1.8003649711608887, 1.0, 0.0], "k_pid_att": [93.52957153320312, 9.999999747378752e-05, 0.0], "k_pid_yaw": [0.5, 1e-06, 0.1], "k_pid_hsp": [0.13309481739997864, 0.07371565699577332, 0.06920760869979858], "k_pid_vsp": [0.0, 400.0, 400.0]}, "datetime": {"datetime": "2025-08-20 17:13:40", "elapsed": 19274.631757497787, "delta": 22.934145212173462}, "costs": {"total_cost": 1489.1019284832985, "time_cost": 150, "final_distance_cost": 7.443322011502877, "oscillation_cost": 156.85747937204752, "completition_cost": 1000.0, "overshoot_cost": 129.23523292109448, "power_cost": 18.99296639404297, "noise_cost": 26.572927784610805, "n_waypoints_completed": 0, "tot_waypoints": 9}}
{"target": -1893.3701154958082, "params": {"k_pid_pos": [9.999999747378752e-05, 0.9957934617996216, 0.0], "k_pid_alt": [2.0, 0.9775300025939941, 0.0032838284969329834], "k_pid_att": [100.0, 9.999999747378752e-05, 0.0], "k_pid_yaw": [0.5, 1e-06, 0.1], "k_pid_hsp": [9.999999747378752e-05, 0.0, 0.0092582106590271], "k_pid_vsp": [0.0, 400.0, 400.0]}, "datetime": {"datetime": "2025-08-20 17:14:04", "elapsed": 19298.580145597458, "delta": 23.94838809967041}, "costs": {"total_cost": 1893.3701154958082, "time_cost": 150, "final_distance_cost": 344.9870389027416, "oscillation_cost": 28.030356471802644, "completition_cost": 888.8888888888888, "overshoot_cost": 416.4948339207122, "power_cost": 37.95908970947266, "noise_cost": 27.009907602190435, "n_waypoints_completed": 1, "tot_waypoints": 9}}
{"target": -4097.915831783864, "params": {"k_pid_pos": [0.10136781632900238, 1.0, 0.0], "k_pid_alt": [2.0, 0.9535629749298096, 0.0], "k_pid_att": [97.99585723876953, 0.6535290479660034, 0.0], "k_pid_yaw": [0.5, 1e-06, 0.1], "k_pid_hsp": [9.999999747378752e-05, 0.03176829218864441, 0.04659992456436157], "k_pid_vsp": [0.0, 400.0, 399.5592041015625]}, "datetime": {"datetime": "2025-08-20 17:14:32", "elapsed": 19326.956839323044, "delta": 28.376693725585938}, "costs": {"total_cost": 4097.915831783864, "time_cost": 150, "final_distance_cost": 1071.6656850104239, "oscillation_cost": 137.54536253795234, "completition_cost": 1000.0, "overshoot_cost": 1697.8008176758008, "power_cost": 22.755641076660158, "noise_cost": 18.148325483027243, "n_waypoints_completed": 0, "tot_waypoints": 9}}
{"target": -1500.6023545660075, "params": {"k_pid_pos": [9.999999747378752e-05, 1.0, 0.05929902195930481], "k_pid_alt": [2.0, 1.0, 0.06680545210838318], "k_pid_att": [99.34075927734375, 9.999999747378752e-05, 0.0], "k_pid_yaw": [0.5, 1e-06, 0.1], "k_pid_hsp": [0.13099555671215057, 0.0827627182006836, 0.05577725172042847], "k_pid_vsp": [0.0, 400.0, 349.12420654296875]}, "datetime": {"datetime": "2025-08-20 17:14:54", "elapsed": 19349.118730068207, "delta": 22.161890745162964}, "costs": {"total_cost": 1500.6023545660075, "time_cost": 150, "final_distance_cost": 20.07726572451868, "oscillation_cost": 128.14907166963215, "completition_cost": 1000.0, "overshoot_cost": 134.886941295077, "power_cost": 25.349606115722658, "noise_cost": 42.139469761056816, "n_waypoints_completed": 0, "tot_waypoints": 9}}
{"target": -1630.5571643883598, "params": {"k_pid_pos": [0.07449688762426376, 0.9924453496932983, 0.014239490032196045], "k_pid_alt": [1.9308972358703613, 0.9737111330032349, 0.04026561975479126], "k_pid_att": [91.9652328491211, 9.999999747378752e-05, 0.0], "k_pid_yaw": [0.5, 1e-06, 0.1], "k_pid_hsp": [9.999999747378752e-05, 0.01975959539413452, 0.0], "k_pid_vsp": [0.0, 384.0939025878906, 392.4065856933594]}, "datetime": {"datetime": "2025-08-20 17:15:19", "elapsed": 19374.057995080948, "delta": 24.93926501274109}, "costs": {"total_cost": 1630.5571643883598, "time_cost": 150, "final_distance_cost": 187.11603479148428, "oscillation_cost": 25.726156141724505, "completition_cost": 1000.0, "overshoot_cost": 201.89967647221468, "power_cost": 37.91006474609375, "noise_cost": 27.905232236842696, "n_waypoints_completed": 0, "tot_waypoints": 9}}
{"target": -1478.0527368045691, "params": {"k_pid_pos": [0.06865544617176056, 0.9439263343811035, 0.056975215673446655], "k_pid_alt": [1.8231382369995117, 1.0, 0.04913625121116638], "k_pid_att": [100.0, 0.5982573628425598, 0.0], "k_pid_yaw": [0.5, 1e-06, 0.1], "k_pid_hsp": [0.5555883049964905, 0.0, 0.017218202352523804], "k_pid_vsp": [23.43207550048828, 400.0, 400.0]}, "datetime": {"datetime": "2025-08-20 17:15:41", "elapsed": 19396.39921450615, "delta": 22.341219425201416}, "costs": {"total_cost": 1478.0527368045691, "time_cost": 150, "final_distance_cost": 12.417219350658678, "oscillation_cost": 94.96557588109923, "completition_cost": 1000.0, "overshoot_cost": 139.47061756359534, "power_cost": 18.725289782714846, "noise_cost": 62.47403422650111, "n_waypoints_completed": 0, "tot_waypoints": 9}}
{"target": -2799.906506444395, "params": {"k_pid_pos": [0.13276633620262146, 1.0, 0.07054677605628967], "k_pid_alt": [1.8579598665237427, 0.9113010764122009, 0.016559690237045288], "k_pid_att": [96.74996185302734, 0.08452854305505753, 0.05294409394264221], "k_pid_yaw": [0.5, 1e-06, 0.1], "k_pid_hsp": [9.999999747378752e-05, 0.0049443840980529785, 0.02521836757659912], "k_pid_vsp": [12.789213180541992, 391.18310546875, 386.3835754394531]}, "datetime": {"datetime": "2025-08-20 17:16:05", "elapsed": 19419.620269298553, "delta": 23.221054792404175}, "costs": {"total_cost": 2799.906506444395, "time_cost": 150, "final_distance_cost": 624.8671246907729, "oscillation_cost": 108.34135025698605, "completition_cost": 1000.0, "overshoot_cost": 855.8170626639461, "power_cost": 35.78852225341797, "noise_cost": 25.092446579272057, "n_waypoints_completed": 0, "tot_waypoints": 9}}
{"target": -1448.9307966200943, "params": {"k_pid_pos": [9.999999747378752e-05, 0.9688107967376709, 0.07481968402862549], "k_pid_alt": [1.8834943771362305, 0.9927968978881836, 0.0048639774322509766], "k_pid_att": [91.78652954101562, 0.6108206510543823, 0.0], "k_pid_yaw": [0.5, 1e-06, 0.1], "k_pid_hsp": [9.999999747378752e-05, 0.04618793725967407, 0.0], "k_pid_vsp": [53.80134582519531, 381.2220153808594, 393.6369934082031]}, "datetime": {"datetime": "2025-08-20 17:16:27", "elapsed": 19442.142208099365, "delta": 22.521938800811768}, "costs": {"total_cost": 1448.9307966200943, "time_cost": 150, "final_distance_cost": 1.7564058859127656, "oscillation_cost": 31.759178571577728, "completition_cost": 1000.0, "overshoot_cost": 153.02524907461714, "power_cost": 28.44030729980469, "noise_cost": 83.94965578818177, "n_waypoints_completed": 0, "tot_waypoints": 9}}
{"target": -1603.4209273575966, "params": {"k_pid_pos": [0.0371272973716259, 0.9605551958084106, 0.0], "k_pid_alt": [1.9692018032073975, 1.0, 0.05539706349372864], "k_pid_att": [100.0, 0.47285664081573486, 0.0], "k_pid_yaw": [0.5, 1e-06, 0.1], "k_pid_hsp": [9.999999747378752e-05, 0.02051985263824463, 0.0], "k_pid_vsp": [0.0, 381.81201171875, 383.4813232421875]}, "datetime": {"datetime": "2025-08-20 17:16:50", "elapsed": 19465.32799100876, "delta": 23.18578290939331}, "costs": {"total_cost": 1603.4209273575966, "time_cost": 150, "final_distance_cost": 188.00851793170543, "oscillation_cost": 31.48836833916633, "completition_cost": 1000.0, "overshoot_cost": 204.7549453566808, "power_cost": 13.953023669433595, "noise_cost": 15.21607206061049, "n_waypoints_completed": 0, "tot_waypoints": 9}}
{"target": -1436.4143462905527, "params": {"k_pid_pos": [0.15860454738140106, 1.0, 0.036749690771102905], "k_pid_alt": [1.9945921897888184, 1.0, 0.009008228778839111], "k_pid_att": [100.0, 9.999999747378752e-05, 0.023679792881011963], "k_pid_yaw": [0.5, 1e-06, 0.1], "k_pid_hsp": [0.8462757468223572, 0.0, 0.0], "k_pid_vsp": [0.0, 400.0, 373.5649108886719]}, "datetime": {"datetime": "2025-08-20 17:17:13", "elapsed": 19487.787153482437, "delta": 22.45916247367859}, "costs": {"total_cost": 1436.4143462905527, "time_cost": 150, "final_distance_cost": 15.395712293638393, "oscillation_cost": 68.7241958081989, "completition_cost": 1000.0, "overshoot_cost": 138.94001695254363, "power_cost": 13.533184631347657, "noise_cost": 49.82123660482427, "n_waypoints_completed": 0, "tot_waypoints": 9}}
{"target": -1785.0909106038769, "params": {"k_pid_pos": [0.0005530918133445084, 1.0, 0.0], "k_pid_alt": [2.0, 0.9122112989425659, 0.0], "k_pid_att": [99.34825897216797, 0.3024039566516876, 0.03399503231048584], "k_pid_yaw": [0.5, 1e-06, 0.1], "k_pid_hsp": [9.999999747378752e-05, 0.013809025287628174, 0.0026229918003082275], "k_pid_vsp": [19.387733459472656, 389.567626953125, 392.27557373046875]}, "datetime": {"datetime": "2025-08-20 17:17:35", "elapsed": 19510.22964835167, "delta": 22.442494869232178}, "costs": {"total_cost": 1785.0909106038769, "time_cost": 150, "final_distance_cost": 273.63208640081297, "oscillation_cost": 32.11492871032347, "completition_cost": 1000.0, "overshoot_cost": 304.1254753257024, "power_cost": 12.017222399902344, "noise_cost": 13.201197767135776, "n_waypoints_completed": 0, "tot_waypoints": 9}}
{"target": -1482.8902670505818, "params": {"k_pid_pos": [9.999999747378752e-05, 0.9800140857696533, 0.11274504661560059], "k_pid_alt": [1.9864931106567383, 1.0, 0.0], "k_pid_att": [100.0, 0.44791296124458313, 0.006508201360702515], "k_pid_yaw": [0.5, 1e-06, 0.1], "k_pid_hsp": [0.5049072504043579, 0.0, 0.011192113161087036], "k_pid_vsp": [0.0, 397.522216796875, 367.7567443847656]}, "datetime": {"datetime": "2025-08-20 17:17:57", "elapsed": 19532.37536716461, "delta": 22.145718812942505}, "costs": {"total_cost": 1482.8902670505818, "time_cost": 150, "final_distance_cost": 18.017556654425263, "oscillation_cost": 86.5189232802495, "completition_cost": 1000.0, "overshoot_cost": 142.57256191784677, "power_cost": 20.111793811035156, "noise_cost": 65.66943138702511, "n_waypoints_completed": 0, "tot_waypoints": 9}}
{"target": -1484.4266985637698, "params": {"k_pid_pos": [0.1436491757631302, 0.9970159530639648, 0.013680249452590942], "k_pid_alt": [1.9212946891784668, 1.0, 0.08472469449043274], "k_pid_att": [97.57263946533203, 9.999999747378752e-05, 0.04248625040054321], "k_pid_yaw": [0.5, 1e-06, 0.1], "k_pid_hsp": [0.2636282444000244, 0.07828539609909058, 0.024658560752868652], "k_pid_vsp": [0.0, 373.948974609375, 400.0]}, "datetime": {"datetime": "2025-08-20 17:18:19", "elapsed": 19554.146478176117, "delta": 21.771111011505127}, "costs": {"total_cost": 1484.4266985637698, "time_cost": 150, "final_distance_cost": 17.954515295169074, "oscillation_cost": 80.130259839025, "completition_cost": 1000.0, "overshoot_cost": 140.8584138303549, "power_cost": 23.13822166748047, "noise_cost": 72.34528793174029, "n_waypoints_completed": 0, "tot_waypoints": 9}}
