{"target": -2070.5089185210663, "params": {"k_pid_pos": [9.999999747378752e-05, 0.9469140768051147, 0.0], "k_pid_alt": [2.0, 1.0, 0.022769778966903687], "k_pid_att": [100.0, 0.140471413731575, 0.024850994348526], "k_pid_yaw": [0.5, 1e-06, 0.1], "k_pid_hsp": [9.999999747378752e-05, 0.0, 0.1461201310157776], "k_pid_vsp": [23.523258209228516, 400.0, 400.0]}, "datetime": {"datetime": "2025-08-20 12:03:03", "elapsed": 638.3271095752716, "delta": 22.167824506759644}, "costs": {"total_cost": 2070.5089185210663, "time_cost": 150, "final_distance_cost": 196.170000051217, "oscillation_cost": 376.7299108878495, "completition_cost": 1000.0, "overshoot_cost": 309.28605965275267, "power_cost": 21.174052783203127, "noise_cost": 17.148895146044094, "n_waypoints_completed": 0, "tot_waypoints": 9}}
{"target": -1947.425080842332, "params": {"k_pid_pos": [9.999999747378752e-05, 1.0, 0.0], "k_pid_alt": [2.0, 0.9453016519546509, 0.01275375485420227], "k_pid_att": [98.45126342773438, 9.999999747378752e-05, 0.03618648648262024], "k_pid_yaw": [0.5, 1e-06, 0.1], "k_pid_hsp": [9.999999747378752e-05, 0.0, 0.0], "k_pid_vsp": [0.0, 400.0, 400.0]}, "datetime": {"datetime": "2025-08-20 12:03:25", "elapsed": 660.0780446529388, "delta": 21.750935077667236}, "costs": {"total_cost": 1947.425080842332, "time_cost": 150, "final_distance_cost": 333.5003528128899, "oscillation_cost": 24.902160411446925, "completition_cost": 1000.0, "overshoot_cost": 373.0552151856809, "power_cost": 37.86018234863281, "noise_cost": 28.10717008368118, "n_waypoints_completed": 0, "tot_waypoints": 9}}
{"target": -1478.8765116977609, "params": {"k_pid_pos": [9.999999747378752e-05, 1.0, 0.0], "k_pid_alt": [1.9621847867965698, 0.993320107460022, 0.0], "k_pid_att": [100.0, 9.999999747378752e-05, 0.0], "k_pid_yaw": [0.5, 1e-06, 0.1], "k_pid_hsp": [0.7475186586380005, 0.0, 0.0178622305393219], "k_pid_vsp": [0.03762245178222656, 400.0, 394.7687072753906]}, "datetime": {"datetime": "2025-08-20 12:03:47", "elapsed": 682.0295684337616, "delta": 21.951523780822754}, "costs": {"total_cost": 1478.8765116977609, "time_cost": 150, "final_distance_cost": 14.045200483783486, "oscillation_cost": 84.43686574379906, "completition_cost": 1000.0, "overshoot_cost": 145.4164958928182, "power_cost": 19.822048107910156, "noise_cost": 65.15590146945001, "n_waypoints_completed": 0, "tot_waypoints": 9}}
{"target": -1929.831530906288, "params": {"k_pid_pos": [9.999999747378752e-05, 1.0, 0.0], "k_pid_alt": [1.9320149421691895, 1.0, 0.0], "k_pid_att": [100.0, 0.28358519077301025, 0.0625791847705841], "k_pid_yaw": [0.5, 1e-06, 0.1], "k_pid_hsp": [9.999999747378752e-05, 0.0, 0.0], "k_pid_vsp": [0.0, 385.9388427734375, 391.46209716796875]}, "datetime": {"datetime": "2025-08-20 12:04:09", "elapsed": 703.9642131328583, "delta": 21.93464469909668}, "costs": {"total_cost": 1929.831530906288, "time_cost": 150, "final_distance_cost": 338.74976031416975, "oscillation_cost": 31.045644727815404, "completition_cost": 1000.0, "overshoot_cost": 384.5545593330384, "power_cost": 11.685713403320314, "noise_cost": 13.795853127943843, "n_waypoints_completed": 0, "tot_waypoints": 9}}
{"target": -1435.1739892189316, "params": {"k_pid_pos": [0.07203193753957748, 1.0, 0.028414428234100342], "k_pid_alt": [2.0, 1.0, 0.06614679098129272], "k_pid_att": [100.0, 9.999999747378752e-05, 0.022725045680999756], "k_pid_yaw": [0.5, 1e-06, 0.1], "k_pid_hsp": [9.999999747378752e-05, 0.0593910813331604, 0.01746124029159546], "k_pid_vsp": [0.0, 386.9775085449219, 377.0334167480469]}, "datetime": {"datetime": "2025-08-20 12:04:31", "elapsed": 725.6583139896393, "delta": 21.694100856781006}, "costs": {"total_cost": 1435.1739892189316, "time_cost": 150, "final_distance_cost": 4.361057723571704, "oscillation_cost": 39.11346706556396, "completition_cost": 1000.0, "overshoot_cost": 147.8968473449457, "power_cost": 22.330678942871096, "noise_cost": 71.47193814197934, "n_waypoints_completed": 0, "tot_waypoints": 9}}
{"target": -3956.0788448437415, "params": {"k_pid_pos": [0.011213266290724277, 1.0, 0.0], "k_pid_alt": [1.986253261566162, 0.948564887046814, 0.021270334720611572], "k_pid_att": [98.4084701538086, 1.1342145204544067, 0.02937641739845276], "k_pid_yaw": [0.5, 1e-06, 0.1], "k_pid_hsp": [9.999999747378752e-05, 0.0, 0.04457801580429077], "k_pid_vsp": [7.555842399597168, 400.0, 369.2939147949219]}, "datetime": {"datetime": "2025-08-20 12:04:53", "elapsed": 747.6833987236023, "delta": 22.025084733963013}, "costs": {"total_cost": 3956.0788448437415, "time_cost": 150, "final_distance_cost": 1001.0133048746582, "oscillation_cost": 105.79957619675069, "completition_cost": 1000.0, "overshoot_cost": 1661.3481669862126, "power_cost": 20.803514172363283, "noise_cost": 17.11428261375695, "n_waypoints_completed": 0, "tot_waypoints": 9}}
{"target": -1464.84627935119, "params": {"k_pid_pos": [0.10858510434627533, 1.0, 0.07647272944450378], "k_pid_alt": [2.0, 0.9916480779647827, 0.0], "k_pid_att": [97.2952880859375, 9.999999747378752e-05, 0.0], "k_pid_yaw": [0.5, 1e-06, 0.1], "k_pid_hsp": [9.999999747378752e-05, 0.07568705081939697, 0.0], "k_pid_vsp": [8.938514709472656, 400.0, 392.75164794921875]}, "datetime": {"datetime": "2025-08-20 12:05:14", "elapsed": 769.2217233181, "delta": 21.53832459449768}, "costs": {"total_cost": 1464.84627935119, "time_cost": 150, "final_distance_cost": 5.555425241552093, "oscillation_cost": 43.84079462132746, "completition_cost": 1000.0, "overshoot_cost": 146.04841153381327, "power_cost": 29.998543530273437, "noise_cost": 89.40310442422366, "n_waypoints_completed": 0, "tot_waypoints": 9}}
{"target": -1441.5012655501425, "params": {"k_pid_pos": [0.022807756438851357, 1.0, 0.0430905818939209], "k_pid_alt": [2.0, 1.0, 0.0], "k_pid_att": [96.58340454101562, 9.999999747378752e-05, 0.0036350488662719727], "k_pid_yaw": [0.5, 1e-06, 0.1], "k_pid_hsp": [0.17916636168956757, 0.0, 0.04040011763572693], "k_pid_vsp": [0.0, 366.629638671875, 397.38067626953125]}, "datetime": {"datetime": "2025-08-20 12:05:36", "elapsed": 791.2689745426178, "delta": 22.047251224517822}, "costs": {"total_cost": 1441.5012655501425, "time_cost": 150, "final_distance_cost": 20.506932382155597, "oscillation_cost": 104.10517945180645, "completition_cost": 1000.0, "overshoot_cost": 108.91359619536983, "power_cost": 29.885197436523438, "noise_cost": 28.090360084287248, "n_waypoints_completed": 0, "tot_waypoints": 9}}
{"target": -1495.0297754637995, "params": {"k_pid_pos": [9.999999747378752e-05, 0.9708521366119385, 0.0], "k_pid_alt": [1.9988205432891846, 1.0, 0.0], "k_pid_att": [100.0, 9.999999747378752e-05, 0.0], "k_pid_yaw": [0.5, 1e-06, 0.1], "k_pid_hsp": [0.3800179660320282, 0.0, 0.0], "k_pid_vsp": [0.0, 380.3887939453125, 400.0]}, "datetime": {"datetime": "2025-08-20 12:05:58", "elapsed": 813.2804746627808, "delta": 22.011500120162964}, "costs": {"total_cost": 1495.0297754637995, "time_cost": 150, "final_distance_cost": 15.57145923465232, "oscillation_cost": 61.08844214601138, "completition_cost": 1000.0, "overshoot_cost": 139.90098873353165, "power_cost": 32.67204127197266, "noise_cost": 95.79684407763143, "n_waypoints_completed": 0, "tot_waypoints": 9}}
{"target": -4854.040289309875, "params": {"k_pid_pos": [0.005621438380330801, 1.0, 0.0], "k_pid_alt": [2.0, 1.0, 0.06199002265930176], "k_pid_att": [100.0, 0.42714065313339233, 0.0], "k_pid_yaw": [0.5, 1e-06, 0.1], "k_pid_hsp": [9.999999747378752e-05, 0.0, 0.0367220938205719], "k_pid_vsp": [0.0, 400.0, 380.9723205566406]}, "datetime": {"datetime": "2025-08-20 12:06:20", "elapsed": 835.4384593963623, "delta": 22.157984733581543}, "costs": {"total_cost": 4854.040289309875, "time_cost": 150, "final_distance_cost": 1360.1958897919126, "oscillation_cost": 82.01433656882993, "completition_cost": 1000.0, "overshoot_cost": 2223.2828634609045, "power_cost": 21.608087060546875, "noise_cost": 16.939112427682105, "n_waypoints_completed": 0, "tot_waypoints": 9}}
{"target": -1771.9356391223998, "params": {"k_pid_pos": [9.999999747378752e-05, 0.9543406963348389, 0.0], "k_pid_alt": [2.0, 1.0, 0.0], "k_pid_att": [100.0, 9.999999747378752e-05, 0.044857144355773926], "k_pid_yaw": [0.5, 1e-06, 0.1], "k_pid_hsp": [9.999999747378752e-05, 0.014842569828033447, 0.0], "k_pid_vsp": [0.0, 387.9526672363281, 342.2840576171875]}, "datetime": {"datetime": "2025-08-20 12:06:43", "elapsed": 857.7063760757446, "delta": 22.267916679382324}, "costs": {"total_cost": 1771.9356391223998, "time_cost": 150, "final_distance_cost": 265.4454980027498, "oscillation_cost": 31.47438468237837, "completition_cost": 1000.0, "overshoot_cost": 298.4010745350517, "power_cost": 12.568535083007813, "noise_cost": 14.046146819212037, "n_waypoints_completed": 0, "tot_waypoints": 9}}
{"target": -1973.5066909971522, "params": {"k_pid_pos": [9.999999747378752e-05, 0.9184072613716125, 0.03229117393493652], "k_pid_alt": [1.919827938079834, 1.0, 0.0021895170211791992], "k_pid_att": [97.88985443115234, 9.999999747378752e-05, 0.0], "k_pid_yaw": [0.5, 1e-06, 0.1], "k_pid_hsp": [9.999999747378752e-05, 0.0, 0.0], "k_pid_vsp": [28.527891159057617, 400.0, 400.0]}, "datetime": {"datetime": "2025-08-20 12:07:05", "elapsed": 880.2908811569214, "delta": 22.584505081176758}, "costs": {"total_cost": 1973.5066909971522, "time_cost": 150, "final_distance_cost": 342.29246651557185, "oscillation_cost": 25.091514517195343, "completition_cost": 1000.0, "overshoot_cost": 390.33250279669875, "power_cost": 37.86674885253906, "noise_cost": 27.923458315147265, "n_waypoints_completed": 0, "tot_waypoints": 9}}
{"target": -1508.334865534658, "params": {"k_pid_pos": [9.999999747378752e-05, 1.0, 0.0012492835521697998], "k_pid_alt": [2.0, 1.0, 0.013207286596298218], "k_pid_att": [100.0, 9.999999747378752e-05, 0.016671091318130493], "k_pid_yaw": [0.5, 1e-06, 0.1], "k_pid_hsp": [0.3231881856918335, 0.08000928163528442, 0.07084041833877563], "k_pid_vsp": [0.0, 400.0, 387.3909912109375]}, "datetime": {"datetime": "2025-08-20 12:07:27", "elapsed": 902.1586000919342, "delta": 21.867718935012817}, "costs": {"total_cost": 1508.334865534658, "time_cost": 150, "final_distance_cost": 23.70811832162045, "oscillation_cost": 149.59712878825323, "completition_cost": 1000.0, "overshoot_cost": 133.95945839785276, "power_cost": 18.808083044433594, "noise_cost": 32.262076982498286, "n_waypoints_completed": 0, "tot_waypoints": 9}}
{"target": -1474.390243439575, "params": {"k_pid_pos": [9.999999747378752e-05, 0.9978595972061157, 0.10040891170501709], "k_pid_alt": [2.0, 1.0, 0.03556323051452637], "k_pid_att": [100.0, 0.40343430638313293, 0.0], "k_pid_yaw": [0.5, 1e-06, 0.1], "k_pid_hsp": [0.013318389654159546, 0.023053139448165894, 0.0], "k_pid_vsp": [7.46617317199707, 398.0918884277344, 336.6081848144531]}, "datetime": {"datetime": "2025-08-20 12:07:49", "elapsed": 924.2931776046753, "delta": 22.13457751274109}, "costs": {"total_cost": 1474.390243439575, "time_cost": 150, "final_distance_cost": 28.28322455397564, "oscillation_cost": 34.69722869615227, "completition_cost": 1000.0, "overshoot_cost": 147.11693421049782, "power_cost": 29.901025781250002, "noise_cost": 84.39183019769922, "n_waypoints_completed": 0, "tot_waypoints": 9}}
{"target": -1840.5812106284275, "params": {"k_pid_pos": [9.999999747378752e-05, 0.9846224784851074, 0.017687320709228516], "k_pid_alt": [2.0, 0.9152217507362366, 0.04436570405960083], "k_pid_att": [95.85643005371094, 9.999999747378752e-05, 0.014891594648361206], "k_pid_yaw": [0.5, 1e-06, 0.1], "k_pid_hsp": [9.999999747378752e-05, 0.01785898208618164, 0.02091100811958313], "k_pid_vsp": [0.0, 400.0, 382.7867126464844]}, "datetime": {"datetime": "2025-08-20 12:08:11", "elapsed": 946.3148646354675, "delta": 22.021687030792236}, "costs": {"total_cost": 1840.5812106284275, "time_cost": 150, "final_distance_cost": 288.7910974683105, "oscillation_cost": 56.25342049828697, "completition_cost": 1000.0, "overshoot_cost": 321.29981951070533, "power_cost": 11.602553540039063, "noise_cost": 12.634319611085719, "n_waypoints_completed": 0, "tot_waypoints": 9}}
{"target": -1447.0666205505408, "params": {"k_pid_pos": [0.0523749515414238, 0.9556088447570801, 0.0], "k_pid_alt": [2.0, 0.9908257722854614, 0.0], "k_pid_att": [90.73562622070312, 0.5654876232147217, 0.09051129221916199], "k_pid_yaw": [0.5, 1e-06, 0.1], "k_pid_hsp": [9.999999747378752e-05, 0.02656245231628418, 0.0], "k_pid_vsp": [0.0, 400.0, 383.16259765625]}, "datetime": {"datetime": "2025-08-20 12:08:33", "elapsed": 968.4375381469727, "delta": 22.122673511505127}, "costs": {"total_cost": 1447.0666205505408, "time_cost": 150, "final_distance_cost": 86.7580197234672, "oscillation_cost": 26.460265734952376, "completition_cost": 1000.0, "overshoot_cost": 116.48060974099188, "power_cost": 37.81255506591797, "noise_cost": 29.555170285211602, "n_waypoints_completed": 0, "tot_waypoints": 9}}
{"target": -1969.0700111704562, "params": {"k_pid_pos": [0.08687877655029297, 1.0, 0.029002994298934937], "k_pid_alt": [1.960039734840393, 1.0, 0.0], "k_pid_att": [100.0, 0.3933764398097992, 0.02409103512763977], "k_pid_yaw": [0.5, 1e-06, 0.1], "k_pid_hsp": [9.999999747378752e-05, 0.0, 0.0], "k_pid_vsp": [0.0, 381.9879455566406, 400.0]}, "datetime": {"datetime": "2025-08-20 12:08:55", "elapsed": 990.4470388889313, "delta": 22.009500741958618}, "costs": {"total_cost": 1969.0700111704562, "time_cost": 150, "final_distance_cost": 340.7880062622249, "oscillation_cost": 25.129661971439333, "completition_cost": 1000.0, "overshoot_cost": 387.2638644610731, "power_cost": 37.84630756835938, "noise_cost": 28.042170907359267, "n_waypoints_completed": 0, "tot_waypoints": 9}}
{"target": -1973.191538021607, "params": {"k_pid_pos": [0.006494781468063593, 0.9752511978149414, 0.0], "k_pid_alt": [2.0, 1.0, 0.0], "k_pid_att": [97.2366714477539, 9.999999747378752e-05, 0.0], "k_pid_yaw": [0.5, 1e-06, 0.1], "k_pid_hsp": [9.999999747378752e-05, 0.0, 0.0], "k_pid_vsp": [0.0, 400.0, 394.02178955078125]}, "datetime": {"datetime": "2025-08-20 12:09:17", "elapsed": 1012.5062589645386, "delta": 22.0592200756073}, "costs": {"total_cost": 1973.191538021607, "time_cost": 150, "final_distance_cost": 342.1405139783081, "oscillation_cost": 24.992977388298492, "completition_cost": 1000.0, "overshoot_cost": 390.3258312907383, "power_cost": 37.86755240478516, "noise_cost": 27.864662959477013, "n_waypoints_completed": 0, "tot_waypoints": 9}}
{"target": -1981.4531349393046, "params": {"k_pid_pos": [0.04322490468621254, 1.0, 0.0], "k_pid_alt": [1.8646742105484009, 1.0, 0.0], "k_pid_att": [100.0, 9.999999747378752e-05, 0.0], "k_pid_yaw": [0.5, 1e-06, 0.1], "k_pid_hsp": [9.999999747378752e-05, 0.0, 0.0], "k_pid_vsp": [28.25558090209961, 400.0, 397.48626708984375]}, "datetime": {"datetime": "2025-08-20 12:09:41", "elapsed": 1036.296467781067, "delta": 23.79020881652832}, "costs": {"total_cost": 1981.4531349393046, "time_cost": 150, "final_distance_cost": 345.0008868776497, "oscillation_cost": 25.36188328315958, "completition_cost": 1000.0, "overshoot_cost": 395.3693384049618, "power_cost": 37.86117322998047, "noise_cost": 27.859853143552993, "n_waypoints_completed": 0, "tot_waypoints": 9}}
{"target": -1487.2646117699678, "params": {"k_pid_pos": [9.999999747378752e-05, 1.0, 0.02184450626373291], "k_pid_alt": [2.0, 1.0, 0.0], "k_pid_att": [95.66818237304688, 9.999999747378752e-05, 0.0], "k_pid_yaw": [0.5, 1e-06, 0.1], "k_pid_hsp": [0.5151335000991821, 0.022756844758987427, 0.047718048095703125], "k_pid_vsp": [20.0281982421875, 389.4737243652344, 353.5738830566406]}, "datetime": {"datetime": "2025-08-20 12:10:03", "elapsed": 1057.952205657959, "delta": 21.65573787689209}, "costs": {"total_cost": 1487.2646117699678, "time_cost": 150, "final_distance_cost": 20.03333199958006, "oscillation_cost": 113.33618901458257, "completition_cost": 1000.0, "overshoot_cost": 135.45609054367947, "power_cost": 21.4387037109375, "noise_cost": 47.00029650118803, "n_waypoints_completed": 0, "tot_waypoints": 9}}
{"target": -1397.1942203473934, "params": {"k_pid_pos": [0.039935607463121414, 1.0, 0.0], "k_pid_alt": [2.0, 0.9960397481918335, 0.03349456191062927], "k_pid_att": [100.0, 0.495821475982666, 0.018306881189346313], "k_pid_yaw": [0.5, 1e-06, 0.1], "k_pid_hsp": [0.10455013811588287, 0.0, 0.05231335759162903], "k_pid_vsp": [0.0, 400.0, 374.791015625]}, "datetime": {"datetime": "2025-08-20 12:10:25", "elapsed": 1079.7882418632507, "delta": 21.836036205291748}, "costs": {"total_cost": 1397.1942203473934, "time_cost": 150, "final_distance_cost": 26.86845638621887, "oscillation_cost": 117.63586481358406, "completition_cost": 1000.0, "overshoot_cost": 62.020783157804, "power_cost": 22.538910009765626, "noise_cost": 18.130205980020726, "n_waypoints_completed": 0, "tot_waypoints": 9}}
{"target": -1511.7902485547763, "params": {"k_pid_pos": [9.999999747378752e-05, 0.9052603244781494, 0.0], "k_pid_alt": [1.810018539428711, 1.0, 0.0], "k_pid_att": [100.0, 9.999999747378752e-05, 0.0], "k_pid_yaw": [0.5, 1e-06, 0.1], "k_pid_hsp": [0.6013498902320862, 0.05459362268447876, 0.0], "k_pid_vsp": [27.358972549438477, 389.8117980957031, 400.0]}, "datetime": {"datetime": "2025-08-20 12:10:47", "elapsed": 1102.258285999298, "delta": 22.470044136047363}, "costs": {"total_cost": 1511.7902485547763, "time_cost": 150, "final_distance_cost": 12.079415436163702, "oscillation_cost": 63.00785949419608, "completition_cost": 1000.0, "overshoot_cost": 139.54047180917263, "power_cost": 38.05168708496094, "noise_cost": 109.11081473028285, "n_waypoints_completed": 0, "tot_waypoints": 9}}
{"target": -1486.2421873846943, "params": {"k_pid_pos": [0.004194336012005806, 0.945077121257782, 0.0], "k_pid_alt": [1.7903492450714111, 1.0, 0.03727439045906067], "k_pid_att": [100.0, 0.9863681793212891, 0.0450817346572876], "k_pid_yaw": [0.5, 1e-06, 0.1], "k_pid_hsp": [0.0860108956694603, 0.0, 0.005953460931777954], "k_pid_vsp": [0.0, 379.1857604980469, 363.07269287109375]}, "datetime": {"datetime": "2025-08-20 12:11:09", "elapsed": 1123.8977875709534, "delta": 21.639501571655273}, "costs": {"total_cost": 1486.2421873846943, "time_cost": 150, "final_distance_cost": 20.72645417057188, "oscillation_cost": 72.15594253499046, "completition_cost": 1000.0, "overshoot_cost": 140.913137903428, "power_cost": 25.44167020263672, "noise_cost": 77.0049825730674, "n_waypoints_completed": 0, "tot_waypoints": 9}}
{"target": -1470.6260142474014, "params": {"k_pid_pos": [0.04119934141635895, 1.0, 0.013314902782440186], "k_pid_alt": [2.0, 1.0, 0.0671391487121582], "k_pid_att": [97.47817993164062, 0.09855993092060089, 0.08358263969421387], "k_pid_yaw": [0.5, 1e-06, 0.1], "k_pid_hsp": [0.2606721818447113, 0.0, 0.0], "k_pid_vsp": [8.133781433105469, 400.0, 398.5141906738281]}, "datetime": {"datetime": "2025-08-20 12:11:31", "elapsed": 1145.5720191001892, "delta": 21.67423152923584}, "costs": {"total_cost": 1470.6260142474014, "time_cost": 150, "final_distance_cost": 13.56740476979144, "oscillation_cost": 58.477588104789135, "completition_cost": 1000.0, "overshoot_cost": 139.97488835918256, "power_cost": 26.80584696044922, "noise_cost": 81.80028605318907, "n_waypoints_completed": 0, "tot_waypoints": 9}}
{"target": -2067.5504200940422, "params": {"k_pid_pos": [0.19741590321063995, 0.9749560952186584, 0.0], "k_pid_alt": [1.8156099319458008, 0.8832358121871948, 0.0], "k_pid_att": [95.63019561767578, 0.4912912845611572, 0.07186904549598694], "k_pid_yaw": [0.5, 1e-06, 0.1], "k_pid_hsp": [9.999999747378752e-05, 0.0, 0.01681417226791382], "k_pid_vsp": [0.0, 378.9146728515625, 390.53948974609375]}, "datetime": {"datetime": "2025-08-20 12:11:52", "elapsed": 1167.1125724315643, "delta": 21.540553331375122}, "costs": {"total_cost": 2067.5504200940422, "time_cost": 150, "final_distance_cost": 377.3090432782686, "oscillation_cost": 32.33547938992082, "completition_cost": 1000.0, "overshoot_cost": 443.0263584128911, "power_cost": 38.02971474609375, "noise_cost": 26.849824266867923, "n_waypoints_completed": 0, "tot_waypoints": 9}}
{"target": -1496.0128006247198, "params": {"k_pid_pos": [0.01110729482024908, 0.936286211013794, 0.05954107642173767], "k_pid_alt": [2.0, 0.9567837715148926, 0.04657340049743652], "k_pid_att": [100.0, 9.999999747378752e-05, 0.003173321485519409], "k_pid_yaw": [0.5, 1e-06, 0.1], "k_pid_hsp": [0.4878649413585663, 0.0, 0.055814266204833984], "k_pid_vsp": [0.0, 400.0, 386.79229736328125]}, "datetime": {"datetime": "2025-08-20 12:12:14", "elapsed": 1188.730385541916, "delta": 21.617813110351562}, "costs": {"total_cost": 1496.0128006247198, "time_cost": 150, "final_distance_cost": 12.914420058419546, "oscillation_cost": 143.72403785932175, "completition_cost": 1000.0, "overshoot_cost": 131.72485353374373, "power_cost": 20.354944030761718, "noise_cost": 37.2945451424731, "n_waypoints_completed": 0, "tot_waypoints": 9}}
{"target": -1468.2142894804651, "params": {"k_pid_pos": [9.999999747378752e-05, 0.9465098977088928, 0.041349440813064575], "k_pid_alt": [2.0, 0.9735232591629028, 0.00011786818504333496], "k_pid_att": [99.3951187133789, 9.999999747378752e-05, 0.0], "k_pid_yaw": [0.5, 1e-06, 0.1], "k_pid_hsp": [0.362009197473526, 0.0, 0.0], "k_pid_vsp": [33.047210693359375, 400.0, 400.0]}, "datetime": {"datetime": "2025-08-20 12:12:35", "elapsed": 1210.205471277237, "delta": 21.475085735321045}, "costs": {"total_cost": 1468.2142894804651, "time_cost": 150, "final_distance_cost": 12.945198686850585, "oscillation_cost": 60.766181595865056, "completition_cost": 1000.0, "overshoot_cost": 139.6243553040976, "power_cost": 25.728166564941407, "noise_cost": 79.15038732871048, "n_waypoints_completed": 0, "tot_waypoints": 9}}
