{"target": -4191.441861716884, "params": {"k_pid_pos": [9.999999747378752e-05, 1.0, 0.0582258403301239], "k_pid_alt": [2.0, 1.0, 0.0], "k_pid_att": [100.0, 0.9702944755554199, 0.034252285957336426], "k_pid_yaw": [0.5, 1e-06, 0.1], "k_pid_hsp": [9.999999747378752e-05, 0.01704275608062744, 0.04324963688850403], "k_pid_vsp": [0.0, 400.0, 400.0]}, "datetime": {"datetime": "2025-08-20 19:21:15", "elapsed": 26930.446497440338, "delta": 22.962596654891968}, "costs": {"total_cost": 4191.441861716884, "time_cost": 150, "final_distance_cost": 1101.848254744652, "oscillation_cost": 122.38572609833139, "completition_cost": 1000.0, "overshoot_cost": 1777.4578460410844, "power_cost": 22.065812915039064, "noise_cost": 17.684221917778167, "n_waypoints_completed": 0, "tot_waypoints": 9}}
{"target": -3419.417838225578, "params": {"k_pid_pos": [9.999999747378752e-05, 1.0, 0.0], "k_pid_alt": [1.9764927625656128, 0.9746469259262085, 0.0], "k_pid_att": [90.26844787597656, 0.2329905927181244, 0.0], "k_pid_yaw": [0.5, 1e-06, 0.1], "k_pid_hsp": [9.999999747378752e-05, 0.0, 0.07168105244636536], "k_pid_vsp": [0.0, 388.7090759277344, 397.923095703125]}, "datetime": {"datetime": "2025-08-20 19:21:38", "elapsed": 26953.02661705017, "delta": 22.580119609832764}, "costs": {"total_cost": 3419.417838225578, "time_cost": 150, "final_distance_cost": 734.471900196361, "oscillation_cost": 284.44283803234964, "completition_cost": 1000.0, "overshoot_cost": 1210.6468358426437, "power_cost": 22.157774804687502, "noise_cost": 17.698489349536224, "n_waypoints_completed": 0, "tot_waypoints": 9}}
{"target": -1423.4422333604289, "params": {"k_pid_pos": [9.999999747378752e-05, 0.9433541893959045, 0.022806376218795776], "k_pid_alt": [1.9920471906661987, 1.0, 0.0], "k_pid_att": [100.0, 9.999999747378752e-05, 0.0], "k_pid_yaw": [0.5, 1e-06, 0.1], "k_pid_hsp": [9.999999747378752e-05, 0.03296399116516113, 0.0], "k_pid_vsp": [0.0, 400.0, 396.6209716796875]}, "datetime": {"datetime": "2025-08-20 19:22:01", "elapsed": 26975.94815182686, "delta": 22.921534776687622}, "costs": {"total_cost": 1423.4422333604289, "time_cost": 150, "final_distance_cost": 49.362226376649716, "oscillation_cost": 28.459522961365856, "completition_cost": 1000.0, "overshoot_cost": 121.77391446366892, "power_cost": 38.07193410644531, "noise_cost": 35.77463545229915, "n_waypoints_completed": 0, "tot_waypoints": 9}}
{"target": -1449.05298696147, "params": {"k_pid_pos": [9.999999747378752e-05, 0.9743034243583679, 0.0], "k_pid_alt": [1.8521029949188232, 0.9590262770652771, 0.10180985927581787], "k_pid_att": [100.0, 0.4703887403011322, 0.016084372997283936], "k_pid_yaw": [0.5, 1e-06, 0.1], "k_pid_hsp": [0.8346294164657593, 0.0, 0.0], "k_pid_vsp": [2.3720145225524902, 377.4869079589844, 393.1672668457031]}, "datetime": {"datetime": "2025-08-20 19:22:22", "elapsed": 26997.258152484894, "delta": 21.31000065803528}, "costs": {"total_cost": 1449.05298696147, "time_cost": 150, "final_distance_cost": 13.298983759061072, "oscillation_cost": 66.64257592968912, "completition_cost": 1000.0, "overshoot_cost": 139.67477155879482, "power_cost": 18.244534899902344, "noise_cost": 61.19212081402256, "n_waypoints_completed": 0, "tot_waypoints": 9}}
{"target": -1455.813324184327, "params": {"k_pid_pos": [0.04505765438079834, 0.9727673530578613, 0.0], "k_pid_alt": [2.0, 0.9914301633834839, 0.043106675148010254], "k_pid_att": [94.15625762939453, 0.13788458704948425, 0.0403364896774292], "k_pid_yaw": [0.5, 1e-06, 0.1], "k_pid_hsp": [0.44751808047294617, 0.03120461106300354, 0.004220157861709595], "k_pid_vsp": [1.6331076622009277, 400.0, 400.0]}, "datetime": {"datetime": "2025-08-20 19:22:45", "elapsed": 27019.75531744957, "delta": 22.497164964675903}, "costs": {"total_cost": 1455.813324184327, "time_cost": 150, "final_distance_cost": 6.4532227215074185, "oscillation_cost": 72.39947146802123, "completition_cost": 1000.0, "overshoot_cost": 141.31847001082465, "power_cost": 20.099093981933596, "noise_cost": 65.54306600204019, "n_waypoints_completed": 0, "tot_waypoints": 9}}
{"target": -1847.0298922938448, "params": {"k_pid_pos": [0.15488582849502563, 0.994062602519989, 0.0], "k_pid_alt": [1.9958679676055908, 1.0, 0.0], "k_pid_att": [97.62530517578125, 0.10843333601951599, 0.03967374563217163], "k_pid_yaw": [0.5, 1e-06, 0.1], "k_pid_hsp": [9.999999747378752e-05, 0.01283445954322815, 0.0], "k_pid_vsp": [24.707365036010742, 368.2080383300781, 397.6650390625]}, "datetime": {"datetime": "2025-08-20 19:23:08", "elapsed": 27042.702788114548, "delta": 22.947470664978027}, "costs": {"total_cost": 1847.0298922938448, "time_cost": 150, "final_distance_cost": 283.6183355597947, "oscillation_cost": 25.775768118425805, "completition_cost": 1000.0, "overshoot_cost": 322.30762802699917, "power_cost": 37.87856561279297, "noise_cost": 27.449594975832174, "n_waypoints_completed": 0, "tot_waypoints": 9}}
{"target": -1515.6583569984207, "params": {"k_pid_pos": [0.08813988417387009, 1.0, 0.10043293237686157], "k_pid_alt": [2.0, 0.9847937822341919, 0.00011715292930603027], "k_pid_att": [100.0, 0.27470269799232483, 0.024782896041870117], "k_pid_yaw": [0.5, 1e-06, 0.1], "k_pid_hsp": [0.2877434492111206, 0.009724527597427368, 0.0890837013721466], "k_pid_vsp": [8.396255493164062, 400.0, 400.0]}, "datetime": {"datetime": "2025-08-20 19:23:30", "elapsed": 27065.279456615448, "delta": 22.57666850090027}, "costs": {"total_cost": 1515.6583569984207, "time_cost": 150, "final_distance_cost": 18.72184449081497, "oscillation_cost": 179.5662386852584, "completition_cost": 1000.0, "overshoot_cost": 113.06754096993467, "power_cost": 27.007907934570312, "noise_cost": 27.294824917842295, "n_waypoints_completed": 0, "tot_waypoints": 9}}
{"target": -1439.673976908521, "params": {"k_pid_pos": [9.999999747378752e-05, 0.9382386803627014, 0.015005677938461304], "k_pid_alt": [2.0, 0.9627196788787842, 0.028713852167129517], "k_pid_att": [100.0, 0.0809403732419014, 0.13453784584999084], "k_pid_yaw": [0.5, 1e-06, 0.1], "k_pid_hsp": [0.22662608325481415, 0.0, 0.039684444665908813], "k_pid_vsp": [50.4796028137207, 400.0, 395.5845947265625]}, "datetime": {"datetime": "2025-08-20 19:23:55", "elapsed": 27089.833295822144, "delta": 24.553839206695557}, "costs": {"total_cost": 1439.673976908521, "time_cost": 150, "final_distance_cost": 6.33317864697866, "oscillation_cost": 83.59391224481746, "completition_cost": 1000.0, "overshoot_cost": 133.9111638980062, "power_cost": 19.759252221679688, "noise_cost": 46.0764698970391, "n_waypoints_completed": 0, "tot_waypoints": 9}}
{"target": -1410.4102282596407, "params": {"k_pid_pos": [0.022575311362743378, 0.9497771263122559, 0.058095067739486694], "k_pid_alt": [2.0, 0.9781925678253174, 0.0], "k_pid_att": [96.89305114746094, 0.7344818115234375, 0.0], "k_pid_yaw": [0.5, 1e-06, 0.1], "k_pid_hsp": [9.999999747378752e-05, 0.02448195219039917, 0.0], "k_pid_vsp": [30.09510040283203, 379.11175537109375, 400.0]}, "datetime": {"datetime": "2025-08-20 19:24:17", "elapsed": 27112.09393429756, "delta": 22.26063847541809}, "costs": {"total_cost": 1410.4102282596407, "time_cost": 150, "final_distance_cost": 125.5185914550061, "oscillation_cost": 27.756385478853666, "completition_cost": 888.8888888888888, "overshoot_cost": 151.8837365532074, "power_cost": 37.893625390625004, "noise_cost": 28.469000493059866, "n_waypoints_completed": 1, "tot_waypoints": 9}}
{"target": -1481.7309719052155, "params": {"k_pid_pos": [0.011180306784808636, 1.0, 0.03293737769126892], "k_pid_alt": [2.0, 0.9817695617675781, 0.0], "k_pid_att": [100.0, 9.999999747378752e-05, 0.0], "k_pid_yaw": [0.5, 1e-06, 0.1], "k_pid_hsp": [0.11894838511943817, 0.0, 0.0], "k_pid_vsp": [0.0, 379.77642822265625, 389.6939392089844]}, "datetime": {"datetime": "2025-08-20 19:24:42", "elapsed": 27137.22319626808, "delta": 25.12926197052002}, "costs": {"total_cost": 1481.7309719052155, "time_cost": 150, "final_distance_cost": 11.385207047832084, "oscillation_cost": 52.594859653465676, "completition_cost": 1000.0, "overshoot_cost": 140.44276534417156, "power_cost": 32.296759045410155, "noise_cost": 95.01138081433572, "n_waypoints_completed": 0, "tot_waypoints": 9}}
{"target": -1423.03399174106, "params": {"k_pid_pos": [0.06535649299621582, 1.0, 0.07295095920562744], "k_pid_alt": [2.0, 1.0, 0.08501550555229187], "k_pid_att": [96.99797058105469, 0.027224907651543617, 0.0], "k_pid_yaw": [0.5, 1e-06, 0.1], "k_pid_hsp": [9.999999747378752e-05, 0.030492693185806274, 0.0], "k_pid_vsp": [0.0, 400.0, 388.1766662597656]}, "datetime": {"datetime": "2025-08-20 19:25:06", "elapsed": 27161.093058347702, "delta": 23.86986207962036}, "costs": {"total_cost": 1423.03399174106, "time_cost": 150, "final_distance_cost": 67.53986423711342, "oscillation_cost": 28.116496516336785, "completition_cost": 1000.0, "overshoot_cost": 108.44477731276997, "power_cost": 37.93409055175781, "noise_cost": 30.998763123081922, "n_waypoints_completed": 0, "tot_waypoints": 9}}
{"target": -1394.1774434287381, "params": {"k_pid_pos": [0.000491940532810986, 0.9980357885360718, 0.03824076056480408], "k_pid_alt": [1.8641821146011353, 1.0, 0.0], "k_pid_att": [100.0, 0.5118842124938965, 0.0012618005275726318], "k_pid_yaw": [0.5, 1e-06, 0.1], "k_pid_hsp": [0.32204470038414, 0.07722547650337219, 0.0], "k_pid_vsp": [0.0, 398.2210998535156, 385.7822265625]}, "datetime": {"datetime": "2025-08-20 19:25:29", "elapsed": 27184.027148246765, "delta": 22.93408989906311}, "costs": {"total_cost": 1394.1774434287381, "time_cost": 150, "final_distance_cost": 13.74119705340336, "oscillation_cost": 62.404398855399684, "completition_cost": 1000.0, "overshoot_cost": 140.8445152962687, "power_cost": 2.935544860839844, "noise_cost": 24.251787362826647, "n_waypoints_completed": 0, "tot_waypoints": 9}}
{"target": -1412.0417950222154, "params": {"k_pid_pos": [0.003374157939106226, 0.984565258026123, 0.043264538049697876], "k_pid_alt": [2.0, 0.9603744745254517, 0.0], "k_pid_att": [100.0, 9.999999747378752e-05, 0.0], "k_pid_yaw": [0.5, 1e-06, 0.1], "k_pid_hsp": [0.14281176030635834, 0.0, 0.0], "k_pid_vsp": [0.0, 400.0, 388.77581787109375]}, "datetime": {"datetime": "2025-08-20 19:25:52", "elapsed": 27206.66585111618, "delta": 22.638702869415283}, "costs": {"total_cost": 1412.0417950222154, "time_cost": 150, "final_distance_cost": 17.770539663463634, "oscillation_cost": 56.07806892409023, "completition_cost": 1000.0, "overshoot_cost": 140.2900146499587, "power_cost": 9.027862329101563, "noise_cost": 38.875309455601446, "n_waypoints_completed": 0, "tot_waypoints": 9}}
{"target": -1450.008730678762, "params": {"k_pid_pos": [9.999999747378752e-05, 1.0, 0.0], "k_pid_alt": [2.0, 0.9847049713134766, 0.036712706089019775], "k_pid_att": [100.0, 0.6951079368591309, 0.040812671184539795], "k_pid_yaw": [0.5, 1e-06, 0.1], "k_pid_hsp": [9.999999747378752e-05, 0.06219226121902466, 0.0], "k_pid_vsp": [63.6434440612793, 363.8743896484375, 400.0]}, "datetime": {"datetime": "2025-08-20 19:26:15", "elapsed": 27229.658214330673, "delta": 22.992363214492798}, "costs": {"total_cost": 1450.008730678762, "time_cost": 150, "final_distance_cost": 19.20674729687712, "oscillation_cost": 38.97622543255931, "completition_cost": 1000.0, "overshoot_cost": 148.57526601764792, "power_cost": 22.41093780517578, "noise_cost": 70.83955412650194, "n_waypoints_completed": 0, "tot_waypoints": 9}}
{"target": -1469.3284034992362, "params": {"k_pid_pos": [9.999999747378752e-05, 1.0, 0.09437835216522217], "k_pid_alt": [1.925415277481079, 1.0, 0.0], "k_pid_att": [97.30442810058594, 9.999999747378752e-05, 0.0], "k_pid_yaw": [0.5, 1e-06, 0.1], "k_pid_hsp": [0.19188496470451355, 0.0, 0.006710022687911987], "k_pid_vsp": [28.378463745117188, 400.0, 400.0]}, "datetime": {"datetime": "2025-08-20 19:26:37", "elapsed": 27252.4991440773, "delta": 22.840929746627808}, "costs": {"total_cost": 1469.3284034992362, "time_cost": 150, "final_distance_cost": 13.170494734092323, "oscillation_cost": 79.80936357306204, "completition_cost": 1000.0, "overshoot_cost": 142.2777183837319, "power_cost": 19.77055567626953, "noise_cost": 64.30027113208023, "n_waypoints_completed": 0, "tot_waypoints": 9}}
{"target": -1479.770475711239, "params": {"k_pid_pos": [0.08883894979953766, 1.0, 0.012326717376708984], "k_pid_alt": [2.0, 0.9491847157478333, 0.10105931758880615], "k_pid_att": [100.0, 9.999999747378752e-05, 0.017055153846740723], "k_pid_yaw": [0.5, 1e-06, 0.1], "k_pid_hsp": [1.0235527753829956, 0.0, 0.013707607984542847], "k_pid_vsp": [2.440190315246582, 374.4564208984375, 400.0]}, "datetime": {"datetime": "2025-08-20 19:27:01", "elapsed": 27276.179846286774, "delta": 23.680702209472656}, "costs": {"total_cost": 1479.770475711239, "time_cost": 150, "final_distance_cost": 17.305541441683904, "oscillation_cost": 85.01057387202965, "completition_cost": 1000.0, "overshoot_cost": 141.11255356898005, "power_cost": 20.27688330078125, "noise_cost": 66.06492352776417, "n_waypoints_completed": 0, "tot_waypoints": 9}}
{"target": -3041.37068046381, "params": {"k_pid_pos": [9.999999747378752e-05, 0.976107120513916, 0.026577025651931763], "k_pid_alt": [2.0, 0.9192661643028259, 0.014698654413223267], "k_pid_att": [98.592041015625, 9.999999747378752e-05, 0.0], "k_pid_yaw": [0.5, 1e-06, 0.1], "k_pid_hsp": [9.999999747378752e-05, 0.0, 0.05582273006439209], "k_pid_vsp": [24.62257194519043, 357.5853271484375, 395.1850891113281]}, "datetime": {"datetime": "2025-08-20 19:27:24", "elapsed": 27298.89118051529, "delta": 22.711334228515625}, "costs": {"total_cost": 3041.37068046381, "time_cost": 150, "final_distance_cost": 574.4202053406635, "oscillation_cost": 279.66108374200996, "completition_cost": 1000.0, "overshoot_cost": 997.6703999443462, "power_cost": 21.984099548339845, "noise_cost": 17.634891888450188, "n_waypoints_completed": 0, "tot_waypoints": 9}}
{"target": -1499.6825588421361, "params": {"k_pid_pos": [9.999999747378752e-05, 1.0, 0.05961236357688904], "k_pid_alt": [2.0, 0.8913325071334839, 0.0], "k_pid_att": [100.0, 0.4750536382198334, 0.0], "k_pid_yaw": [0.5, 1e-06, 0.1], "k_pid_hsp": [1.1356420516967773, 0.03039795160293579, 0.0856209397315979], "k_pid_vsp": [9.060406684875488, 400.0, 382.586669921875]}, "datetime": {"datetime": "2025-08-20 19:27:46", "elapsed": 27321.293292284012, "delta": 22.402111768722534}, "costs": {"total_cost": 1499.6825588421361, "time_cost": 150, "final_distance_cost": 17.074005477846395, "oscillation_cost": 134.46013078595828, "completition_cost": 1000.0, "overshoot_cost": 135.65856434495393, "power_cost": 19.13799178466797, "noise_cost": 43.35186644870956, "n_waypoints_completed": 0, "tot_waypoints": 9}}
{"target": -1462.1103254110374, "params": {"k_pid_pos": [9.999999747378752e-05, 0.9224787950515747, 0.017586618661880493], "k_pid_alt": [1.920414924621582, 1.0, 0.0], "k_pid_att": [93.2076187133789, 9.999999747378752e-05, 0.0], "k_pid_yaw": [0.5, 1e-06, 0.1], "k_pid_hsp": [0.47295379638671875, 0.0, 0.0], "k_pid_vsp": [0.0, 397.4917297363281, 389.4024963378906]}, "datetime": {"datetime": "2025-08-20 19:28:10", "elapsed": 27345.23179912567, "delta": 23.938506841659546}, "costs": {"total_cost": 1462.1103254110374, "time_cost": 150, "final_distance_cost": 12.58919325531651, "oscillation_cost": 61.44887366604031, "completition_cost": 1000.0, "overshoot_cost": 139.5024000659207, "power_cost": 23.933460205078127, "noise_cost": 74.6363982186817, "n_waypoints_completed": 0, "tot_waypoints": 9}}
{"target": -3603.167242799764, "params": {"k_pid_pos": [0.09885137528181076, 1.0, 0.0], "k_pid_alt": [1.9997327327728271, 0.9704127311706543, 0.0035425424575805664], "k_pid_att": [100.0, 9.999999747378752e-05, 0.05089917778968811], "k_pid_yaw": [0.5, 1e-06, 0.1], "k_pid_hsp": [9.999999747378752e-05, 0.0, 0.03817635774612427], "k_pid_vsp": [27.002513885498047, 400.0, 394.5158386230469]}, "datetime": {"datetime": "2025-08-20 19:28:33", "elapsed": 27367.790764808655, "delta": 22.5589656829834}, "costs": {"total_cost": 3603.167242799764, "time_cost": 150, "final_distance_cost": 861.2583416747221, "oscillation_cost": 93.39988276223576, "completition_cost": 1000.0, "overshoot_cost": 1459.629229754298, "power_cost": 21.233844458007813, "noise_cost": 17.64594415050028, "n_waypoints_completed": 0, "tot_waypoints": 9}}
{"target": -3772.564446403296, "params": {"k_pid_pos": [9.999999747378752e-05, 1.0, 0.0], "k_pid_alt": [2.0, 0.9568066000938416, 0.048025429248809814], "k_pid_att": [97.68895721435547, 9.999999747378752e-05, 0.0510786771774292], "k_pid_yaw": [0.5, 1e-06, 0.1], "k_pid_hsp": [9.999999747378752e-05, 0.0, 0.0569804310798645], "k_pid_vsp": [1.492297649383545, 350.09027099609375, 400.0]}, "datetime": {"datetime": "2025-08-20 19:28:55", "elapsed": 27390.13066959381, "delta": 22.33990478515625}, "costs": {"total_cost": 3772.564446403296, "time_cost": 150, "final_distance_cost": 922.6024760378825, "oscillation_cost": 169.40383395801442, "completition_cost": 1000.0, "overshoot_cost": 1490.826378145137, "power_cost": 22.00219156494141, "noise_cost": 17.729566697320735, "n_waypoints_completed": 0, "tot_waypoints": 9}}
{"target": -1967.2334744410255, "params": {"k_pid_pos": [9.999999747378752e-05, 0.9197858572006226, 0.0], "k_pid_alt": [2.0, 0.9873036742210388, 0.0], "k_pid_att": [97.09068298339844, 9.999999747378752e-05, 0.0], "k_pid_yaw": [0.5, 1e-06, 0.1], "k_pid_hsp": [9.999999747378752e-05, 0.0, 0.0], "k_pid_vsp": [19.05419921875, 400.0, 400.0]}, "datetime": {"datetime": "2025-08-20 19:29:18", "elapsed": 27412.732120513916, "delta": 22.60145092010498}, "costs": {"total_cost": 1967.2334744410255, "time_cost": 150, "final_distance_cost": 340.08383930420325, "oscillation_cost": 24.974577936696473, "completition_cost": 1000.0, "overshoot_cost": 386.09272912498403, "power_cost": 37.86166290283203, "noise_cost": 28.220665172309488, "n_waypoints_completed": 0, "tot_waypoints": 9}}
{"target": -3353.8729949768003, "params": {"k_pid_pos": [0.18417169153690338, 1.0, 0.0], "k_pid_alt": [2.0, 1.0, 0.10651087760925293], "k_pid_att": [100.0, 0.6673098206520081, 0.049780189990997314], "k_pid_yaw": [0.5, 1e-06, 0.1], "k_pid_hsp": [9.999999747378752e-05, 0.0, 0.06210440397262573], "k_pid_vsp": [0.0, 400.0, 400.0]}, "datetime": {"datetime": "2025-08-20 19:29:39", "elapsed": 27433.916474103928, "delta": 21.184353590011597}, "costs": {"total_cost": 3353.8729949768003, "time_cost": 150, "final_distance_cost": 755.6532823288967, "oscillation_cost": 211.06297926215518, "completition_cost": 1000.0, "overshoot_cost": 1196.8929205448596, "power_cost": 22.37755399169922, "noise_cost": 17.886258849189566, "n_waypoints_completed": 0, "tot_waypoints": 9}}
{"target": -1982.8048925940625, "params": {"k_pid_pos": [9.999999747378752e-05, 1.0, 0.05288618803024292], "k_pid_alt": [1.9075136184692383, 1.0, 0.0], "k_pid_att": [98.93914031982422, 0.5577253699302673, 0.0], "k_pid_yaw": [0.5, 1e-06, 0.1], "k_pid_hsp": [9.999999747378752e-05, 0.0, 0.0], "k_pid_vsp": [0.0, 383.659423828125, 396.5661926269531]}, "datetime": {"datetime": "2025-08-20 19:30:01", "elapsed": 27456.419128656387, "delta": 22.502654552459717}, "costs": {"total_cost": 1982.8048925940625, "time_cost": 150, "final_distance_cost": 345.44572599294173, "oscillation_cost": 25.287590165140962, "completition_cost": 1000.0, "overshoot_cost": 396.52124597185934, "power_cost": 37.874782775878906, "noise_cost": 27.675547688241497, "n_waypoints_completed": 0, "tot_waypoints": 9}}
{"target": -1506.0835171593342, "params": {"k_pid_pos": [9.999999747378752e-05, 1.0, 0.0228613018989563], "k_pid_alt": [2.0, 0.9502428770065308, 0.10490807890892029], "k_pid_att": [100.0, 9.999999747378752e-05, 0.0], "k_pid_yaw": [0.5, 1e-06, 0.1], "k_pid_hsp": [0.2740783393383026, 0.018697738647460938, 0.07309064269065857], "k_pid_vsp": [0.0, 400.0, 387.7882995605469]}, "datetime": {"datetime": "2025-08-20 19:30:24", "elapsed": 27478.835171937943, "delta": 22.416043281555176}, "costs": {"total_cost": 1506.0835171593342, "time_cost": 150, "final_distance_cost": 26.548911270196495, "oscillation_cost": 173.8837138985906, "completition_cost": 1000.0, "overshoot_cost": 106.49193932535161, "power_cost": 23.674444311523438, "noise_cost": 25.48450835367183, "n_waypoints_completed": 0, "tot_waypoints": 9}}
{"target": -1403.1266105492155, "params": {"k_pid_pos": [0.11135514825582504, 1.0, 0.015413731336593628], "k_pid_alt": [1.9513332843780518, 1.0, 0.01613330841064453], "k_pid_att": [100.0, 0.1288861632347107, 0.018707454204559326], "k_pid_yaw": [0.5, 1e-06, 0.1], "k_pid_hsp": [0.1142033115029335, 0.0, 0.0], "k_pid_vsp": [11.030710220336914, 396.5337829589844, 391.5001220703125]}, "datetime": {"datetime": "2025-08-20 19:30:46", "elapsed": 27501.474100589752, "delta": 22.638928651809692}, "costs": {"total_cost": 1403.1266105492155, "time_cost": 150, "final_distance_cost": 15.306930508535837, "oscillation_cost": 55.29013832130732, "completition_cost": 1000.0, "overshoot_cost": 140.06810836479957, "power_cost": 7.445085522460938, "noise_cost": 35.016347832111784, "n_waypoints_completed": 0, "tot_waypoints": 9}}
{"target": -3952.352966138094, "params": {"k_pid_pos": [9.999999747378752e-05, 1.0, 0.0], "k_pid_alt": [1.9508798122406006, 1.0, 0.0], "k_pid_att": [100.0, 0.33468374609947205, 0.04641649127006531], "k_pid_yaw": [0.5, 1e-06, 0.1], "k_pid_hsp": [9.999999747378752e-05, 0.0, 0.03395029902458191], "k_pid_vsp": [0.0, 400.0, 400.0]}, "datetime": {"datetime": "2025-08-20 19:31:11", "elapsed": 27525.520597457886, "delta": 24.046496868133545}, "costs": {"total_cost": 3952.352966138094, "time_cost": 150, "final_distance_cost": 1049.5776356465024, "oscillation_cost": 93.53545420985468, "completition_cost": 1000.0, "overshoot_cost": 1639.1476503477024, "power_cost": 9.974535949707033, "noise_cost": 10.117689984327656, "n_waypoints_completed": 0, "tot_waypoints": 9}}
