{"target": -1478.3894326187992, "params": {"k_pid_pos": [0.17614924907684326, 1.0, 0.04892247915267944], "k_pid_alt": [2.0, 0.9945098161697388, 0.013452649116516113], "k_pid_att": [90.9807357788086, 9.999999747378752e-05, 0.05618157982826233], "k_pid_yaw": [0.5, 1e-06, 0.1], "k_pid_hsp": [0.3862719237804413, 0.0, 0.0], "k_pid_vsp": [0.0, 399.6472473144531, 400.0]}, "datetime": {"datetime": "2025-08-20 18:29:52", "elapsed": 23846.97509455681, "delta": 22.307546138763428}, "costs": {"total_cost": 1478.3894326187992, "time_cost": 150, "final_distance_cost": 14.420264736239277, "oscillation_cost": 60.85047040572028, "completition_cost": 1000.0, "overshoot_cost": 139.0883657235266, "power_cost": 28.509186572265627, "noise_cost": 85.52114518104753, "n_waypoints_completed": 0, "tot_waypoints": 9}}
{"target": -1430.2254587674922, "params": {"k_pid_pos": [0.04814615473151207, 0.8681322336196899, 0.0], "k_pid_alt": [1.9826594591140747, 1.0, 0.027363747358322144], "k_pid_att": [100.0, 9.999999747378752e-05, 0.07128706574440002], "k_pid_yaw": [0.5, 1e-06, 0.1], "k_pid_hsp": [0.32850757241249084, 0.0, 0.0], "k_pid_vsp": [0.0, 400.0, 400.0]}, "datetime": {"datetime": "2025-08-20 18:30:14", "elapsed": 23869.328092098236, "delta": 22.352997541427612}, "costs": {"total_cost": 1430.2254587674922, "time_cost": 150, "final_distance_cost": 11.607005428184411, "oscillation_cost": 61.60654035569182, "completition_cost": 1000.0, "overshoot_cost": 139.20158332300807, "power_cost": 14.876617431640625, "noise_cost": 52.9337122289674, "n_waypoints_completed": 0, "tot_waypoints": 9}}
{"target": -1476.2255591300423, "params": {"k_pid_pos": [0.046968426555395126, 0.9465084075927734, 0.05332794785499573], "k_pid_alt": [2.0, 0.9951099157333374, 0.0], "k_pid_att": [93.45985412597656, 0.05804288387298584, 0.0], "k_pid_yaw": [0.5, 1e-06, 0.1], "k_pid_hsp": [0.8257579207420349, 0.0, 0.005205750465393066], "k_pid_vsp": [0.0, 358.5589904785156, 400.0]}, "datetime": {"datetime": "2025-08-20 18:30:36", "elapsed": 23890.664263486862, "delta": 21.3361713886261}, "costs": {"total_cost": 1476.2255591300423, "time_cost": 150, "final_distance_cost": 6.809907019378802, "oscillation_cost": 72.47183944756507, "completition_cost": 1000.0, "overshoot_cost": 139.22105546280898, "power_cost": 26.51858795166016, "noise_cost": 81.20416924862901, "n_waypoints_completed": 0, "tot_waypoints": 9}}
{"target": -1452.7355109925304, "params": {"k_pid_pos": [0.09125281870365143, 0.8777874112129211, 0.03269815444946289], "k_pid_alt": [1.9427629709243774, 1.0, 0.00997135043144226], "k_pid_att": [92.78028106689453, 0.3432738780975342, 0.0], "k_pid_yaw": [0.5, 1e-06, 0.1], "k_pid_hsp": [9.999999747378752e-05, 0.08113625645637512, 0.005010038614273071], "k_pid_vsp": [18.250608444213867, 400.0, 400.0]}, "datetime": {"datetime": "2025-08-20 18:30:58", "elapsed": 23913.48289680481, "delta": 22.818633317947388}, "costs": {"total_cost": 1452.7355109925304, "time_cost": 150, "final_distance_cost": 16.561690319765937, "oscillation_cost": 46.20753398946962, "completition_cost": 1000.0, "overshoot_cost": 145.0661576101723, "power_cost": 22.842731677246096, "noise_cost": 72.0573973958764, "n_waypoints_completed": 0, "tot_waypoints": 9}}
{"target": -1494.5893050098439, "params": {"k_pid_pos": [0.13494989275932312, 0.9659991264343262, 0.0], "k_pid_alt": [2.0, 0.9820179343223572, 0.0], "k_pid_att": [100.0, 9.999999747378752e-05, 0.0], "k_pid_yaw": [0.5, 1e-06, 0.1], "k_pid_hsp": [0.22118154168128967, 0.0, 0.0], "k_pid_vsp": [26.957368850708008, 382.48486328125, 400.0]}, "datetime": {"datetime": "2025-08-20 18:31:21", "elapsed": 23936.39644742012, "delta": 22.91355061531067}, "costs": {"total_cost": 1494.5893050098439, "time_cost": 150, "final_distance_cost": 10.597350493668639, "oscillation_cost": 57.57816767087204, "completition_cost": 1000.0, "overshoot_cost": 139.58560757865635, "power_cost": 35.03206169433594, "noise_cost": 101.79611757231082, "n_waypoints_completed": 0, "tot_waypoints": 9}}
{"target": -3726.507221668576, "params": {"k_pid_pos": [0.11992128193378448, 0.905827522277832, 0.0], "k_pid_alt": [2.0, 1.0, 0.0], "k_pid_att": [92.76242065429688, 0.275764524936676, 0.0], "k_pid_yaw": [0.5, 1e-06, 0.1], "k_pid_hsp": [9.999999747378752e-05, 0.0, 0.037313640117645264], "k_pid_vsp": [17.892528533935547, 400.0, 375.36376953125]}, "datetime": {"datetime": "2025-08-20 18:31:44", "elapsed": 23958.601011037827, "delta": 22.2045636177063}, "costs": {"total_cost": 3726.507221668576, "time_cost": 150, "final_distance_cost": 919.1343954252677, "oscillation_cost": 77.56879054998033, "completition_cost": 1000.0, "overshoot_cost": 1540.616151880048, "power_cost": 21.516005603027345, "noise_cost": 17.671878210252853, "n_waypoints_completed": 0, "tot_waypoints": 9}}
{"target": -1503.0193533749914, "params": {"k_pid_pos": [9.999999747378752e-05, 0.9593937397003174, 0.08060476183891296], "k_pid_alt": [1.9381355047225952, 1.0, 0.0035382211208343506], "k_pid_att": [97.12594604492188, 0.3396100103855133, 0.0], "k_pid_yaw": [0.5, 1e-06, 0.1], "k_pid_hsp": [0.34458425641059875, 0.07636946439743042, 0.0], "k_pid_vsp": [5.36656379699707, 400.0, 393.30120849609375]}, "datetime": {"datetime": "2025-08-20 18:32:07", "elapsed": 23981.965401887894, "delta": 23.36439085006714}, "costs": {"total_cost": 1503.0193533749914, "time_cost": 150, "final_distance_cost": 11.80569932538805, "oscillation_cost": 57.31940604101798, "completition_cost": 1000.0, "overshoot_cost": 140.25497806106367, "power_cost": 37.04930594482422, "noise_cost": 106.58996400269747, "n_waypoints_completed": 0, "tot_waypoints": 9}}
{"target": -1487.655707665154, "params": {"k_pid_pos": [9.999999747378752e-05, 0.9292513728141785, 0.015324264764785767], "k_pid_alt": [1.8544483184814453, 1.0, 0.08688193559646606], "k_pid_att": [98.38697814941406, 9.999999747378752e-05, 0.002208322286605835], "k_pid_yaw": [0.5, 1e-06, 0.1], "k_pid_hsp": [0.48979461193084717, 0.0, 0.0627971887588501], "k_pid_vsp": [0.0, 400.0, 400.0]}, "datetime": {"datetime": "2025-08-20 18:32:30", "elapsed": 24004.9833548069, "delta": 23.017952919006348}, "costs": {"total_cost": 1487.655707665154, "time_cost": 150, "final_distance_cost": 13.251228171890826, "oscillation_cost": 144.62310821848544, "completition_cost": 1000.0, "overshoot_cost": 131.01924608705943, "power_cost": 19.468735461425783, "noise_cost": 29.293389726292506, "n_waypoints_completed": 0, "tot_waypoints": 9}}
{"target": -2985.703467459048, "params": {"k_pid_pos": [0.036964405328035355, 1.0, 0.0053764283657073975], "k_pid_alt": [1.9923343658447266, 0.9856817722320557, 0.0], "k_pid_att": [97.49234008789062, 0.5078302621841431, 0.03530189394950867], "k_pid_yaw": [0.5, 1e-06, 0.1], "k_pid_hsp": [9.999999747378752e-05, 0.0, 0.08148863911628723], "k_pid_vsp": [4.433870315551758, 388.39324951171875, 400.0]}, "datetime": {"datetime": "2025-08-20 18:32:53", "elapsed": 24027.653826236725, "delta": 22.67047142982483}, "costs": {"total_cost": 2985.703467459048, "time_cost": 150, "final_distance_cost": 578.2389028201314, "oscillation_cost": 319.126610554017, "completition_cost": 1000.0, "overshoot_cost": 899.1548987876101, "power_cost": 21.703452172851563, "noise_cost": 17.479603124437595, "n_waypoints_completed": 0, "tot_waypoints": 9}}
{"target": -1927.9343433430156, "params": {"k_pid_pos": [0.0365949347615242, 1.0, 0.024478048086166382], "k_pid_alt": [2.0, 0.968730628490448, 0.05244177579879761], "k_pid_att": [100.0, 9.999999747378752e-05, 0.0], "k_pid_yaw": [0.5, 1e-06, 0.1], "k_pid_hsp": [9.999999747378752e-05, 0.0, 0.0], "k_pid_vsp": [0.0, 374.56292724609375, 400.0]}, "datetime": {"datetime": "2025-08-20 18:33:17", "elapsed": 24051.809066534042, "delta": 24.155240297317505}, "costs": {"total_cost": 1927.9343433430156, "time_cost": 150, "final_distance_cost": 338.93172097802636, "oscillation_cost": 31.09272579961589, "completition_cost": 1000.0, "overshoot_cost": 382.64974695481993, "power_cost": 11.592928588867188, "noise_cost": 13.667221021686386, "n_waypoints_completed": 0, "tot_waypoints": 9}}
{"target": -1935.4918294737213, "params": {"k_pid_pos": [0.025373131036758423, 0.9357511401176453, 0.0], "k_pid_alt": [2.0, 1.0, 0.008617222309112549], "k_pid_att": [100.0, 9.999999747378752e-05, 0.0], "k_pid_yaw": [0.5, 1e-06, 0.1], "k_pid_hsp": [9.999999747378752e-05, 0.0, 0.0], "k_pid_vsp": [11.702299118041992, 392.4136962890625, 372.43231201171875]}, "datetime": {"datetime": "2025-08-20 18:33:40", "elapsed": 24075.209062814713, "delta": 23.399996280670166}, "costs": {"total_cost": 1935.4918294737213, "time_cost": 150, "final_distance_cost": 341.3520055053574, "oscillation_cost": 31.024528909837915, "completition_cost": 1000.0, "overshoot_cost": 387.6847170643166, "power_cost": 11.656504052734375, "noise_cost": 13.774073941475024, "n_waypoints_completed": 0, "tot_waypoints": 9}}
{"target": -1461.0303240081698, "params": {"k_pid_pos": [9.999999747378752e-05, 0.9599176645278931, 0.027619153261184692], "k_pid_alt": [1.9851162433624268, 0.9857723712921143, 0.0], "k_pid_att": [100.0, 9.999999747378752e-05, 0.0], "k_pid_yaw": [0.5, 1e-06, 0.1], "k_pid_hsp": [9.999999747378752e-05, 0.08216461539268494, 0.017369717359542847], "k_pid_vsp": [0.0, 389.6572265625, 400.0]}, "datetime": {"datetime": "2025-08-20 18:34:03", "elapsed": 24097.805093050003, "delta": 22.596030235290527}, "costs": {"total_cost": 1461.0303240081698, "time_cost": 150, "final_distance_cost": 25.17045736433103, "oscillation_cost": 46.70493803922858, "completition_cost": 1000.0, "overshoot_cost": 145.31074199212372, "power_cost": 22.32698983154297, "noise_cost": 71.51719678094344, "n_waypoints_completed": 0, "tot_waypoints": 9}}
{"target": -1889.553192829558, "params": {"k_pid_pos": [9.999999747378752e-05, 1.0, 0.03604060411453247], "k_pid_alt": [1.8431344032287598, 1.0, 0.0008942186832427979], "k_pid_att": [100.0, 0.17620404064655304, 0.0], "k_pid_yaw": [0.5, 1e-06, 0.1], "k_pid_hsp": [9.999999747378752e-05, 0.009605079889297485, 0.0], "k_pid_vsp": [0.0, 400.0, 366.09521484375]}, "datetime": {"datetime": "2025-08-20 18:34:26", "elapsed": 24121.060721874237, "delta": 23.25562882423401}, "costs": {"total_cost": 1889.553192829558, "time_cost": 150, "final_distance_cost": 316.86732856907156, "oscillation_cost": 31.595512069517206, "completition_cost": 1000.0, "overshoot_cost": 366.5842065026978, "power_cost": 11.608252294921876, "noise_cost": 12.897893393349692, "n_waypoints_completed": 0, "tot_waypoints": 9}}
{"target": -1454.8523596820048, "params": {"k_pid_pos": [0.09473665803670883, 0.9962063431739807, 0.0], "k_pid_alt": [2.0, 1.0, 0.0], "k_pid_att": [100.0, 9.999999747378752e-05, 0.004050850868225098], "k_pid_yaw": [0.5, 1e-06, 0.1], "k_pid_hsp": [0.2799985110759735, 0.0, 0.03758910298347473], "k_pid_vsp": [0.0, 369.95458984375, 365.6846923828125]}, "datetime": {"datetime": "2025-08-20 18:34:48", "elapsed": 24143.410487651825, "delta": 22.34976577758789}, "costs": {"total_cost": 1454.8523596820048, "time_cost": 150, "final_distance_cost": 12.299151960063087, "oscillation_cost": 84.22297771133813, "completition_cost": 1000.0, "overshoot_cost": 134.59434345840486, "power_cost": 23.255763549804687, "noise_cost": 50.480123002394116, "n_waypoints_completed": 0, "tot_waypoints": 9}}
{"target": -1432.1861381151161, "params": {"k_pid_pos": [9.999999747378752e-05, 0.87128084897995, 0.0], "k_pid_alt": [2.0, 1.0, 0.019867539405822754], "k_pid_att": [100.0, 9.999999747378752e-05, 0.030245274305343628], "k_pid_yaw": [0.5, 1e-06, 0.1], "k_pid_hsp": [0.4299846589565277, 0.10444191098213196, 0.0016213059425354004], "k_pid_vsp": [0.0, 370.8821716308594, 398.1928405761719]}, "datetime": {"datetime": "2025-08-20 18:35:11", "elapsed": 24166.304108142853, "delta": 22.893620491027832}, "costs": {"total_cost": 1432.1861381151161, "time_cost": 150, "final_distance_cost": 13.574592943561063, "oscillation_cost": 68.1064789877976, "completition_cost": 1000.0, "overshoot_cost": 139.42846258712305, "power_cost": 12.897674487304688, "noise_cost": 48.17892910932972, "n_waypoints_completed": 0, "tot_waypoints": 9}}
{"target": -1429.7403951104727, "params": {"k_pid_pos": [0.004401928745210171, 0.9007467031478882, 0.03349262475967407], "k_pid_alt": [1.9620928764343262, 0.9303059577941895, 0.021644532680511475], "k_pid_att": [98.2867431640625, 9.999999747378752e-05, 0.0], "k_pid_yaw": [0.5, 1e-06, 0.1], "k_pid_hsp": [0.2160910665988922, 0.0, 0.0], "k_pid_vsp": [16.962587356567383, 366.68115234375, 343.56842041015625]}, "datetime": {"datetime": "2025-08-20 18:35:34", "elapsed": 24188.641124010086, "delta": 22.337015867233276}, "costs": {"total_cost": 1429.7403951104727, "time_cost": 150, "final_distance_cost": 16.746300408130104, "oscillation_cost": 58.52132287856921, "completition_cost": 1000.0, "overshoot_cost": 139.62525652636833, "power_cost": 14.080451513671875, "noise_cost": 50.767063783733285, "n_waypoints_completed": 0, "tot_waypoints": 9}}
{"target": -1526.6496505382406, "params": {"k_pid_pos": [0.08280172199010849, 0.9261370897293091, 0.0], "k_pid_alt": [2.0, 0.9669792652130127, 0.0], "k_pid_att": [100.0, 9.999999747378752e-05, 0.0], "k_pid_yaw": [0.5, 1e-06, 0.1], "k_pid_hsp": [0.4404585659503937, 0.04872143268585205, 0.10000011324882507], "k_pid_vsp": [0.0, 390.0215759277344, 400.0]}, "datetime": {"datetime": "2025-08-20 18:35:57", "elapsed": 24211.912550210953, "delta": 23.2714262008667}, "costs": {"total_cost": 1526.6496505382406, "time_cost": 150, "final_distance_cost": 19.26877583586768, "oscillation_cost": 161.53566342713938, "completition_cost": 1000.0, "overshoot_cost": 133.24768755158078, "power_cost": 23.06367879638672, "noise_cost": 39.53384492726601, "n_waypoints_completed": 0, "tot_waypoints": 9}}
{"target": -1943.7225036858104, "params": {"k_pid_pos": [9.999999747378752e-05, 0.9897421002388, 0.026744961738586426], "k_pid_alt": [1.9685442447662354, 0.9351215362548828, 0.0], "k_pid_att": [95.96436309814453, 0.4021883010864258, 0.04419246315956116], "k_pid_yaw": [0.5, 1e-06, 0.1], "k_pid_hsp": [9.999999747378752e-05, 0.0, 0.0], "k_pid_vsp": [0.0, 366.2373962402344, 400.0]}, "datetime": {"datetime": "2025-08-20 18:36:19", "elapsed": 24234.440031528473, "delta": 22.52748131752014}, "costs": {"total_cost": 1943.7225036858104, "time_cost": 150, "final_distance_cost": 331.95703344245265, "oscillation_cost": 24.72527184813544, "completition_cost": 1000.0, "overshoot_cost": 371.29900219363145, "power_cost": 37.86508729248047, "noise_cost": 27.876108909110286, "n_waypoints_completed": 0, "tot_waypoints": 9}}
{"target": -1461.1580986730528, "params": {"k_pid_pos": [9.999999747378752e-05, 1.0, 0.0], "k_pid_alt": [1.9988526105880737, 0.9568442702293396, 0.06781378388404846], "k_pid_att": [100.0, 9.999999747378752e-05, 0.03225421905517578], "k_pid_yaw": [0.5, 1e-06, 0.1], "k_pid_hsp": [0.28236299753189087, 0.0, 0.04378408193588257], "k_pid_vsp": [0.0, 378.50836181640625, 398.8680725097656]}, "datetime": {"datetime": "2025-08-20 18:36:42", "elapsed": 24256.748116493225, "delta": 22.308084964752197}, "costs": {"total_cost": 1461.1580986730528, "time_cost": 150, "final_distance_cost": 19.08302561941873, "oscillation_cost": 102.01811821815238, "completition_cost": 1000.0, "overshoot_cost": 126.83208484378959, "power_cost": 25.606903039550783, "noise_cost": 37.61796695214143, "n_waypoints_completed": 0, "tot_waypoints": 9}}
{"target": -1941.697221180012, "params": {"k_pid_pos": [0.07952088862657547, 1.0, 0.11053580045700073], "k_pid_alt": [1.9033732414245605, 0.990195095539093, 0.0], "k_pid_att": [97.08218383789062, 9.999999747378752e-05, 0.0], "k_pid_yaw": [0.5, 1e-06, 0.1], "k_pid_hsp": [9.999999747378752e-05, 0.003315865993499756, 0.0], "k_pid_vsp": [12.436699867248535, 400.0, 398.0411071777344]}, "datetime": {"datetime": "2025-08-20 18:37:05", "elapsed": 24279.523109197617, "delta": 22.77499270439148}, "costs": {"total_cost": 1941.697221180012, "time_cost": 150, "final_distance_cost": 341.4188876394641, "oscillation_cost": 30.66202579516168, "completition_cost": 1000.0, "overshoot_cost": 395.93426201061783, "power_cost": 11.19509354248047, "noise_cost": 12.486952192287744, "n_waypoints_completed": 0, "tot_waypoints": 9}}
{"target": -1435.559014756611, "params": {"k_pid_pos": [9.999999747378752e-05, 1.0, 0.0], "k_pid_alt": [1.9639897346496582, 1.0, 0.08170691132545471], "k_pid_att": [100.0, 9.999999747378752e-05, 0.0], "k_pid_yaw": [0.5, 1e-06, 0.1], "k_pid_hsp": [0.05097205564379692, 0.02169138193130493, 0.0], "k_pid_vsp": [0.0, 382.04559326171875, 383.14764404296875]}, "datetime": {"datetime": "2025-08-20 18:37:27", "elapsed": 24301.6962723732, "delta": 22.173163175582886}, "costs": {"total_cost": 1435.559014756611, "time_cost": 150, "final_distance_cost": 7.942491465606564, "oscillation_cost": 46.344610872167536, "completition_cost": 1000.0, "overshoot_cost": 143.01202487099596, "power_cost": 20.979094067382814, "noise_cost": 67.2807934804583, "n_waypoints_completed": 0, "tot_waypoints": 9}}
{"target": -1971.864993783061, "params": {"k_pid_pos": [9.999999747378752e-05, 1.0, 0.044806867837905884], "k_pid_alt": [2.0, 0.9989256262779236, 0.021657466888427734], "k_pid_att": [100.0, 0.5865218639373779, 0.0], "k_pid_yaw": [0.5, 1e-06, 0.1], "k_pid_hsp": [9.999999747378752e-05, 0.0, 0.0], "k_pid_vsp": [0.0, 375.3539733886719, 387.70404052734375]}, "datetime": {"datetime": "2025-08-20 18:37:49", "elapsed": 24324.014855384827, "delta": 22.318583011627197}, "costs": {"total_cost": 1971.864993783061, "time_cost": 150, "final_distance_cost": 341.92639227860934, "oscillation_cost": 25.20438415115516, "completition_cost": 1000.0, "overshoot_cost": 388.8072481095529, "power_cost": 37.842795568847656, "noise_cost": 28.084173674896295, "n_waypoints_completed": 0, "tot_waypoints": 9}}
{"target": -2918.98936231345, "params": {"k_pid_pos": [9.999999747378752e-05, 0.929185688495636, 0.11057841777801514], "k_pid_alt": [2.0, 0.9997262358665466, 0.020757585763931274], "k_pid_att": [99.93031311035156, 0.4425971508026123, 0.0], "k_pid_yaw": [0.5, 1e-06, 0.1], "k_pid_hsp": [9.999999747378752e-05, 0.0, 0.09161388874053955], "k_pid_vsp": [0.0, 400.0, 399.05767822265625]}, "datetime": {"datetime": "2025-08-20 18:38:13", "elapsed": 24348.388610601425, "delta": 24.37375521659851}, "costs": {"total_cost": 2918.98936231345, "time_cost": 150, "final_distance_cost": 531.6083715719589, "oscillation_cost": 352.1897339789455, "completition_cost": 1000.0, "overshoot_cost": 845.6207922894182, "power_cost": 22.01791491699219, "noise_cost": 17.552549556134895, "n_waypoints_completed": 0, "tot_waypoints": 9}}
{"target": -1472.0428279253704, "params": {"k_pid_pos": [0.04534022882580757, 1.0, 0.059970200061798096], "k_pid_alt": [1.9840317964553833, 0.9899621605873108, 0.0], "k_pid_att": [91.22635650634766, 0.793042778968811, 0.0], "k_pid_yaw": [0.5, 1e-06, 0.1], "k_pid_hsp": [0.23809657990932465, 0.07022899389266968, 0.04115939140319824], "k_pid_vsp": [11.722064018249512, 400.0, 389.37115478515625]}, "datetime": {"datetime": "2025-08-20 18:38:36", "elapsed": 24370.6905105114, "delta": 22.301899909973145}, "costs": {"total_cost": 1472.0428279253704, "time_cost": 150, "final_distance_cost": 21.59569622667503, "oscillation_cost": 90.2787881437903, "completition_cost": 1000.0, "overshoot_cost": 136.15158782672196, "power_cost": 24.246890173339846, "noise_cost": 49.76986555484337, "n_waypoints_completed": 0, "tot_waypoints": 9}}
{"target": -2090.9813025288486, "params": {"k_pid_pos": [0.03472433611750603, 0.9714146852493286, 0.0], "k_pid_alt": [1.9489197731018066, 1.0, 0.052324891090393066], "k_pid_att": [100.0, 9.999999747378752e-05, 0.0], "k_pid_yaw": [0.5, 1e-06, 0.1], "k_pid_hsp": [9.999999747378752e-05, 0.0, 0.01345759630203247], "k_pid_vsp": [24.821603775024414, 395.9947204589844, 400.0]}, "datetime": {"datetime": "2025-08-20 18:38:59", "elapsed": 24394.045258760452, "delta": 23.354748249053955}, "costs": {"total_cost": 2090.9813025288486, "time_cost": 150, "final_distance_cost": 386.3323409045703, "oscillation_cost": 27.042690789070342, "completition_cost": 1000.0, "overshoot_cost": 462.9092362800558, "power_cost": 37.92723737792969, "noise_cost": 26.769797177222753, "n_waypoints_completed": 0, "tot_waypoints": 9}}
{"target": -1413.9018661101918, "params": {"k_pid_pos": [0.0916595384478569, 0.9733185768127441, 0.0], "k_pid_alt": [1.878892183303833, 0.9815938472747803, 0.0], "k_pid_att": [99.54109954833984, 0.20777063071727753, 0.0], "k_pid_yaw": [0.5, 1e-06, 0.1], "k_pid_hsp": [9.999999747378752e-05, 0.02471238374710083, 0.0], "k_pid_vsp": [17.730712890625, 379.9184875488281, 400.0]}, "datetime": {"datetime": "2025-08-20 18:39:21", "elapsed": 24416.03769493103, "delta": 21.992436170578003}, "costs": {"total_cost": 1413.9018661101918, "time_cost": 150, "final_distance_cost": 157.53068488338695, "oscillation_cost": 31.30055428830431, "completition_cost": 888.8888888888888, "overshoot_cost": 153.26111548067615, "power_cost": 16.131909191894533, "noise_cost": 16.78871337704124, "n_waypoints_completed": 1, "tot_waypoints": 9}}
{"target": -1499.0897875863425, "params": {"k_pid_pos": [0.04513591155409813, 1.0, 0.0], "k_pid_alt": [1.9827362298965454, 1.0, 0.0], "k_pid_att": [97.63163757324219, 9.999999747378752e-05, 0.0], "k_pid_yaw": [0.5, 1e-06, 0.1], "k_pid_hsp": [0.09142085164785385, 0.0, 0.0], "k_pid_vsp": [4.798543453216553, 387.76873779296875, 394.21734619140625]}, "datetime": {"datetime": "2025-08-20 18:39:43", "elapsed": 24438.504609823227, "delta": 22.466914892196655}, "costs": {"total_cost": 1499.0897875863425, "time_cost": 150, "final_distance_cost": 11.913728255850943, "oscillation_cost": 50.07434098596635, "completition_cost": 1000.0, "overshoot_cost": 140.5390486272022, "power_cost": 37.98481384277344, "noise_cost": 108.57785587454946, "n_waypoints_completed": 0, "tot_waypoints": 9}}
