{"target": -1412.7273507454172, "params": {"k_pid_pos": [9.999999747378752e-05, 1.0, 0.09326419234275818], "k_pid_alt": [1.9870216846466064, 1.0, 0.00835755467414856], "k_pid_att": [95.88359832763672, 0.3766399025917053, 0.0], "k_pid_yaw": [0.5, 1e-06, 0.1], "k_pid_hsp": [9.999999747378752e-05, 0.06150239706039429, 0.0], "k_pid_vsp": [0.0, 387.62603759765625, 400.0]}, "datetime": {"datetime": "2025-08-20 16:17:19", "elapsed": 15893.808636665344, "delta": 22.551104307174683}, "costs": {"total_cost": 1412.7273507454172, "time_cost": 150, "final_distance_cost": 17.763070419678847, "oscillation_cost": 40.05868881160312, "completition_cost": 1000.0, "overshoot_cost": 148.42708293959348, "power_cost": 11.636581811523438, "noise_cost": 44.84192676301844, "n_waypoints_completed": 0, "tot_waypoints": 9}}
{"target": -1541.544047768527, "params": {"k_pid_pos": [0.1380075216293335, 1.0, 0.0], "k_pid_alt": [2.0, 1.0, 0.0], "k_pid_att": [97.87383270263672, 9.999999747378752e-05, 0.0], "k_pid_yaw": [0.5, 1e-06, 0.1], "k_pid_hsp": [9.999999747378752e-05, 0.022427111864089966, 0.0], "k_pid_vsp": [6.992816925048828, 384.47637939453125, 400.0]}, "datetime": {"datetime": "2025-08-20 16:17:41", "elapsed": 15916.126462697983, "delta": 22.31782603263855}, "costs": {"total_cost": 1541.544047768527, "time_cost": 150, "final_distance_cost": 161.61309304487543, "oscillation_cost": 31.482561731228223, "completition_cost": 1000.0, "overshoot_cost": 168.10805864987944, "power_cost": 14.755175842285157, "noise_cost": 15.585158500258672, "n_waypoints_completed": 0, "tot_waypoints": 9}}
{"target": -3102.11790363403, "params": {"k_pid_pos": [0.015485990792512894, 0.9972429275512695, 0.0], "k_pid_alt": [2.0, 1.0, 0.0], "k_pid_att": [94.1798324584961, 1.0963239669799805, 0.0], "k_pid_yaw": [0.5, 1e-06, 0.1], "k_pid_hsp": [9.999999747378752e-05, 0.0, 0.05729234218597412], "k_pid_vsp": [10.426092147827148, 400.0, 400.0]}, "datetime": {"datetime": "2025-08-20 16:18:04", "elapsed": 15938.529825925827, "delta": 22.40336322784424}, "costs": {"total_cost": 3102.11790363403, "time_cost": 150, "final_distance_cost": 625.8735862607588, "oscillation_cost": 241.10857771058687, "completition_cost": 1000.0, "overshoot_cost": 1046.3953783546672, "power_cost": 21.355500244140625, "noise_cost": 17.38486106387598, "n_waypoints_completed": 0, "tot_waypoints": 9}}
{"target": -1446.682532771333, "params": {"k_pid_pos": [9.999999747378752e-05, 0.9773353338241577, 0.12136855721473694], "k_pid_alt": [2.0, 0.9578224420547485, 0.014337033033370972], "k_pid_att": [100.0, 0.3088131844997406, 0.0], "k_pid_yaw": [0.5, 1e-06, 0.1], "k_pid_hsp": [9.999999747378752e-05, 0.10324859619140625, 0.016685426235198975], "k_pid_vsp": [0.0, 400.0, 400.0]}, "datetime": {"datetime": "2025-08-20 16:18:26", "elapsed": 15961.042553901672, "delta": 22.512727975845337}, "costs": {"total_cost": 1446.682532771333, "time_cost": 150, "final_distance_cost": 17.557484884096205, "oscillation_cost": 57.072928759661416, "completition_cost": 1000.0, "overshoot_cost": 144.31856081543353, "power_cost": 17.633743188476565, "noise_cost": 60.099815123665344, "n_waypoints_completed": 0, "tot_waypoints": 9}}
{"target": -1391.947575366221, "params": {"k_pid_pos": [9.999999747378752e-05, 0.9334903955459595, 0.02712509036064148], "k_pid_alt": [2.0, 1.0, 0.0], "k_pid_att": [100.0, 9.999999747378752e-05, 0.0354669988155365], "k_pid_yaw": [0.5, 1e-06, 0.1], "k_pid_hsp": [0.16373516619205475, 0.053517937660217285, 0.0], "k_pid_vsp": [0.0, 368.6954650878906, 400.0]}, "datetime": {"datetime": "2025-08-20 16:18:48", "elapsed": 15983.162718296051, "delta": 22.120164394378662}, "costs": {"total_cost": 1391.947575366221, "time_cost": 150, "final_distance_cost": 19.28260338050446, "oscillation_cost": 57.36012171619785, "completition_cost": 1000.0, "overshoot_cost": 141.4170665980495, "power_cost": 1.9906891357421876, "noise_cost": 21.89709453572663, "n_waypoints_completed": 0, "tot_waypoints": 9}}
{"target": -1478.0091282363392, "params": {"k_pid_pos": [9.999999747378752e-05, 0.9930667877197266, 0.0], "k_pid_alt": [2.0, 0.9964884519577026, 0.0], "k_pid_att": [96.9405746459961, 9.999999747378752e-05, 0.002066969871520996], "k_pid_yaw": [0.5, 1e-06, 0.1], "k_pid_hsp": [0.9139617681503296, 0.0, 0.0], "k_pid_vsp": [0.0, 387.7444152832031, 400.0]}, "datetime": {"datetime": "2025-08-20 16:19:11", "elapsed": 16005.880678892136, "delta": 22.717960596084595}, "costs": {"total_cost": 1478.0091282363392, "time_cost": 150, "final_distance_cost": 10.145448122454628, "oscillation_cost": 65.07022372407475, "completition_cost": 1000.0, "overshoot_cost": 139.74075408824734, "power_cost": 28.097633325195314, "noise_cost": 84.95506897636722, "n_waypoints_completed": 0, "tot_waypoints": 9}}
{"target": -2796.8570105357903, "params": {"k_pid_pos": [9.999999747378752e-05, 0.9603311419487, 0.0], "k_pid_alt": [1.9579486846923828, 0.9821857213973999, 0.008549660444259644], "k_pid_att": [100.0, 0.09429972618818283, 0.019795119762420654], "k_pid_yaw": [0.5, 1e-06, 0.1], "k_pid_hsp": [9.999999747378752e-05, 0.0, 0.10131058096885681], "k_pid_vsp": [0.0, 396.1807861328125, 357.7451477050781]}, "datetime": {"datetime": "2025-08-20 16:19:33", "elapsed": 16027.931440114975, "delta": 22.050761222839355}, "costs": {"total_cost": 2796.8570105357903, "time_cost": 150, "final_distance_cost": 490.4689477336027, "oscillation_cost": 378.64425063959237, "completition_cost": 1000.0, "overshoot_cost": 738.313639405683, "power_cost": 21.897973571777346, "noise_cost": 17.532199185134978, "n_waypoints_completed": 0, "tot_waypoints": 9}}
{"target": -1459.5195498054622, "params": {"k_pid_pos": [9.999999747378752e-05, 1.0, 0.046398162841796875], "k_pid_alt": [1.9735417366027832, 1.0, 0.028476327657699585], "k_pid_att": [100.0, 9.999999747378752e-05, 0.024325251579284668], "k_pid_yaw": [0.5, 1e-06, 0.1], "k_pid_hsp": [0.004560170695185661, 0.059266865253448486, 0.04085385799407959], "k_pid_vsp": [0.0, 400.0, 400.0]}, "datetime": {"datetime": "2025-08-20 16:19:56", "elapsed": 16050.516946792603, "delta": 22.585506677627563}, "costs": {"total_cost": 1459.5195498054622, "time_cost": 150, "final_distance_cost": 103.43777728440301, "oscillation_cost": 125.13328058749414, "completition_cost": 888.8888888888888, "overshoot_cost": 156.25765641176093, "power_cost": 19.550680090332033, "noise_cost": 16.25126654258347, "n_waypoints_completed": 1, "tot_waypoints": 9}}
{"target": -1394.847556999551, "params": {"k_pid_pos": [9.999999747378752e-05, 1.0, 0.051995158195495605], "k_pid_alt": [2.0, 1.0, 0.0], "k_pid_att": [97.44084930419922, 9.999999747378752e-05, 0.0379214882850647], "k_pid_yaw": [0.5, 1e-06, 0.1], "k_pid_hsp": [0.2967946231365204, 0.0327819287776947, 0.0], "k_pid_vsp": [0.0, 400.0, 378.7176208496094]}, "datetime": {"datetime": "2025-08-20 16:20:18", "elapsed": 16072.784058094025, "delta": 22.26711130142212}, "costs": {"total_cost": 1394.847556999551, "time_cost": 150, "final_distance_cost": 12.209770547701508, "oscillation_cost": 61.880042709183314, "completition_cost": 1000.0, "overshoot_cost": 140.19963123452547, "power_cost": 4.016417370605469, "noise_cost": 26.541695137535246, "n_waypoints_completed": 0, "tot_waypoints": 9}}
{"target": -1941.884878205677, "params": {"k_pid_pos": [0.16787225008010864, 0.943252444267273, 0.0], "k_pid_alt": [1.9718538522720337, 0.9467509984970093, 0.044378191232681274], "k_pid_att": [98.34471893310547, 9.999999747378752e-05, 0.02064576745033264], "k_pid_yaw": [0.5, 1e-06, 0.1], "k_pid_hsp": [9.999999747378752e-05, 0.0, 0.0], "k_pid_vsp": [0.0, 377.2836608886719, 400.0]}, "datetime": {"datetime": "2025-08-20 16:20:40", "elapsed": 16095.151487588882, "delta": 22.367429494857788}, "costs": {"total_cost": 1941.884878205677, "time_cost": 150, "final_distance_cost": 331.4407014825924, "oscillation_cost": 24.91112334768016, "completition_cost": 1000.0, "overshoot_cost": 368.5910352332864, "power_cost": 37.933826464843754, "noise_cost": 29.00819167727433, "n_waypoints_completed": 0, "tot_waypoints": 9}}
{"target": -1403.2463369928528, "params": {"k_pid_pos": [9.999999747378752e-05, 1.0, 0.006852000951766968], "k_pid_alt": [2.0, 0.9730846881866455, 0.0558282732963562], "k_pid_att": [100.0, 0.3076115846633911, 0.0], "k_pid_yaw": [0.5, 1e-06, 0.1], "k_pid_hsp": [0.1451270878314972, 0.0, 0.0], "k_pid_vsp": [10.533773422241211, 400.0, 400.0]}, "datetime": {"datetime": "2025-08-20 16:21:03", "elapsed": 16117.826095104218, "delta": 22.674607515335083}, "costs": {"total_cost": 1403.2463369928528, "time_cost": 150, "final_distance_cost": 13.381144318251382, "oscillation_cost": 56.50873809234536, "completition_cost": 1000.0, "overshoot_cost": 140.58500898149092, "power_cost": 7.543439794921875, "noise_cost": 35.22800580584324, "n_waypoints_completed": 0, "tot_waypoints": 9}}
{"target": -1785.0994622097223, "params": {"k_pid_pos": [0.12597431242465973, 0.9520119428634644, 0.022114813327789307], "k_pid_alt": [1.763946533203125, 0.8991374373435974, 0.0], "k_pid_att": [99.12974548339844, 9.999999747378752e-05, 0.06038126349449158], "k_pid_yaw": [0.5, 1e-06, 0.1], "k_pid_hsp": [9.999999747378752e-05, 0.0, 0.009116977453231812], "k_pid_vsp": [0.0, 400.0, 364.2011413574219]}, "datetime": {"datetime": "2025-08-20 16:21:25", "elapsed": 16140.070541143417, "delta": 22.24444603919983}, "costs": {"total_cost": 1785.0994622097223, "time_cost": 150, "final_distance_cost": 308.45746516528123, "oscillation_cost": 29.31801344313035, "completition_cost": 888.8888888888888, "overshoot_cost": 343.74052825659413, "power_cost": 37.89275815429688, "noise_cost": 26.80180830153081, "n_waypoints_completed": 1, "tot_waypoints": 9}}
{"target": -1491.329488847123, "params": {"k_pid_pos": [9.999999747378752e-05, 1.0, 0.0117684006690979], "k_pid_alt": [2.0, 1.0, 0.03546211123466492], "k_pid_att": [94.52896118164062, 9.999999747378752e-05, 0.032906413078308105], "k_pid_yaw": [0.5, 1e-06, 0.1], "k_pid_hsp": [0.2793571650981903, 0.0, 0.006040096282958984], "k_pid_vsp": [42.15399169921875, 400.0, 390.8704833984375]}, "datetime": {"datetime": "2025-08-20 16:21:47", "elapsed": 16162.388140201569, "delta": 22.317599058151245}, "costs": {"total_cost": 1491.329488847123, "time_cost": 150, "final_distance_cost": 18.663110464570146, "oscillation_cost": 76.88256927110521, "completition_cost": 1000.0, "overshoot_cost": 145.36830448411087, "power_cost": 24.45417696533203, "noise_cost": 75.96132766200486, "n_waypoints_completed": 0, "tot_waypoints": 9}}
{"target": -1465.2197201433607, "params": {"k_pid_pos": [9.999999747378752e-05, 0.9927705526351929, 0.014245361089706421], "k_pid_alt": [1.8790266513824463, 0.9585936069488525, 0.030646950006484985], "k_pid_att": [100.0, 0.12781955301761627, 0.017244309186935425], "k_pid_yaw": [0.5, 1e-06, 0.1], "k_pid_hsp": [0.466919481754303, 0.023256421089172363, 0.03727617859840393], "k_pid_vsp": [5.192196369171143, 384.9842529296875, 400.0]}, "datetime": {"datetime": "2025-08-20 16:22:10", "elapsed": 16185.239469766617, "delta": 22.851329565048218}, "costs": {"total_cost": 1465.2197201433607, "time_cost": 150, "final_distance_cost": 18.438482190404784, "oscillation_cost": 98.83424493495193, "completition_cost": 1000.0, "overshoot_cost": 137.42322575007535, "power_cost": 16.496101611328125, "noise_cost": 44.027665656600774, "n_waypoints_completed": 0, "tot_waypoints": 9}}
{"target": -3260.5705718695413, "params": {"k_pid_pos": [0.021277066320180893, 0.9991569519042969, 0.0], "k_pid_alt": [2.0, 1.0, 0.032968372106552124], "k_pid_att": [100.0, 0.5864720940589905, 0.01915934681892395], "k_pid_yaw": [0.5, 1e-06, 0.1], "k_pid_hsp": [9.999999747378752e-05, 0.04306468367576599, 0.06185153126716614], "k_pid_vsp": [0.0, 394.5361633300781, 400.0]}, "datetime": {"datetime": "2025-08-20 16:22:32", "elapsed": 16207.473751068115, "delta": 22.234281301498413}, "costs": {"total_cost": 3260.5705718695413, "time_cost": 150, "final_distance_cost": 738.6966308674846, "oscillation_cost": 177.88434655951755, "completition_cost": 1000.0, "overshoot_cost": 1154.6948978233518, "power_cost": 21.74772058105469, "noise_cost": 17.546976038132765, "n_waypoints_completed": 0, "tot_waypoints": 9}}
{"target": -1495.3246038115471, "params": {"k_pid_pos": [9.999999747378752e-05, 1.0, 0.0], "k_pid_alt": [2.0, 0.9333909749984741, 0.09221833944320679], "k_pid_att": [100.0, 0.1683485209941864, 0.0], "k_pid_yaw": [0.5, 1e-06, 0.1], "k_pid_hsp": [0.8116025924682617, 0.0, 0.0], "k_pid_vsp": [15.453958511352539, 397.73358154296875, 400.0]}, "datetime": {"datetime": "2025-08-20 16:22:55", "elapsed": 16229.991567373276, "delta": 22.517816305160522}, "costs": {"total_cost": 1495.3246038115471, "time_cost": 150, "final_distance_cost": 12.628738567914631, "oscillation_cost": 63.40133191565628, "completition_cost": 1000.0, "overshoot_cost": 139.82432843323764, "power_cost": 32.866161755371095, "noise_cost": 96.6040431393674, "n_waypoints_completed": 0, "tot_waypoints": 9}}
{"target": -1497.0859173936528, "params": {"k_pid_pos": [0.11339906603097916, 0.975207507610321, 0.027174443006515503], "k_pid_alt": [2.0, 1.0, 0.045840710401535034], "k_pid_att": [100.0, 0.12056484818458557, 0.0], "k_pid_yaw": [0.5, 1e-06, 0.1], "k_pid_hsp": [0.09973084926605225, 0.0, 0.0], "k_pid_vsp": [0.0, 398.0997619628906, 358.3290100097656]}, "datetime": {"datetime": "2025-08-20 16:23:18", "elapsed": 16252.625677108765, "delta": 22.63410973548889}, "costs": {"total_cost": 1497.0859173936528, "time_cost": 150, "final_distance_cost": 16.05410839778078, "oscillation_cost": 51.70906962669046, "completition_cost": 1000.0, "overshoot_cost": 139.93873718195326, "power_cost": 35.806867578125, "noise_cost": 103.57713460910323, "n_waypoints_completed": 0, "tot_waypoints": 9}}
{"target": -1519.3757605886292, "params": {"k_pid_pos": [0.002946992637589574, 0.9245914220809937, 0.01045641303062439], "k_pid_alt": [1.901289463043213, 0.9264531135559082, 0.019994229078292847], "k_pid_att": [100.0, 9.999999747378752e-05, 0.0], "k_pid_yaw": [0.5, 1e-06, 0.1], "k_pid_hsp": [0.49412962794303894, 0.0, 0.08065074682235718], "k_pid_vsp": [25.505088806152344, 381.953125, 400.0]}, "datetime": {"datetime": "2025-08-20 16:23:40", "elapsed": 16274.776895999908, "delta": 22.1512188911438}, "costs": {"total_cost": 1519.3757605886292, "time_cost": 150, "final_distance_cost": 21.66783649581258, "oscillation_cost": 164.75483572456997, "completition_cost": 1000.0, "overshoot_cost": 132.3654156224534, "power_cost": 17.865667871093752, "noise_cost": 32.722004874699394, "n_waypoints_completed": 0, "tot_waypoints": 9}}
{"target": -1447.7701222264348, "params": {"k_pid_pos": [9.999999747378752e-05, 1.0, 0.0], "k_pid_alt": [2.0, 0.9750838875770569, 0.0], "k_pid_att": [97.41046142578125, 0.3852291703224182, 0.09967455267906189], "k_pid_yaw": [0.5, 1e-06, 0.1], "k_pid_hsp": [0.179738849401474, 0.0, 0.01614627242088318], "k_pid_vsp": [11.446189880371094, 388.22857666015625, 400.0]}, "datetime": {"datetime": "2025-08-20 16:24:02", "elapsed": 16297.16158080101, "delta": 22.384684801101685}, "costs": {"total_cost": 1447.7701222264348, "time_cost": 150, "final_distance_cost": 6.16138095517156, "oscillation_cost": 82.79097254120356, "completition_cost": 1000.0, "overshoot_cost": 140.99870143882998, "power_cost": 15.116505725097657, "noise_cost": 52.70256156613209, "n_waypoints_completed": 0, "tot_waypoints": 9}}
{"target": -1454.3550472834727, "params": {"k_pid_pos": [0.05770513042807579, 1.0, 0.0], "k_pid_alt": [2.0, 0.9399369359016418, 0.0], "k_pid_att": [99.70247650146484, 9.999999747378752e-05, 0.0], "k_pid_yaw": [0.5, 1e-06, 0.1], "k_pid_hsp": [0.07421673834323883, 0.0, 0.023167788982391357], "k_pid_vsp": [23.159587860107422, 400.0, 394.7259216308594]}, "datetime": {"datetime": "2025-08-20 16:24:24", "elapsed": 16319.017567396164, "delta": 21.85598659515381}, "costs": {"total_cost": 1454.3550472834727, "time_cost": 150, "final_distance_cost": 16.471381832248227, "oscillation_cost": 66.76137233773629, "completition_cost": 1000.0, "overshoot_cost": 139.36148372230699, "power_cost": 20.145144506835937, "noise_cost": 61.61566488434532, "n_waypoints_completed": 0, "tot_waypoints": 9}}
{"target": -1716.7207260432576, "params": {"k_pid_pos": [0.045921701937913895, 1.0, 0.0], "k_pid_alt": [1.8399271965026855, 0.9662583470344543, 0.0], "k_pid_att": [99.40582275390625, 9.999999747378752e-05, 0.06569546461105347], "k_pid_yaw": [0.5, 1e-06, 0.1], "k_pid_hsp": [9.999999747378752e-05, 0.016518741846084595, 0.0], "k_pid_vsp": [0.0, 400.0, 400.0]}, "datetime": {"datetime": "2025-08-20 16:24:47", "elapsed": 16342.213849306107, "delta": 23.196281909942627}, "costs": {"total_cost": 1716.7207260432576, "time_cost": 150, "final_distance_cost": 242.99778883798476, "oscillation_cost": 31.6490889186698, "completition_cost": 1000.0, "overshoot_cost": 265.16110494333543, "power_cost": 12.839913000488282, "noise_cost": 14.072830342779369, "n_waypoints_completed": 0, "tot_waypoints": 9}}
{"target": -1479.822131967153, "params": {"k_pid_pos": [9.999999747378752e-05, 0.9936071038246155, 0.0], "k_pid_alt": [2.0, 0.9369343519210815, 0.0], "k_pid_att": [100.0, 0.31576481461524963, 0.047820866107940674], "k_pid_yaw": [0.5, 1e-06, 0.1], "k_pid_hsp": [0.21652916073799133, 0.0, 0.0], "k_pid_vsp": [13.430892944335938, 388.64599609375, 388.51776123046875]}, "datetime": {"datetime": "2025-08-20 16:25:12", "elapsed": 16366.784218072891, "delta": 24.570368766784668}, "costs": {"total_cost": 1479.822131967153, "time_cost": 150, "final_distance_cost": 15.249027941486666, "oscillation_cost": 56.05646251779941, "completition_cost": 1000.0, "overshoot_cost": 140.45282404377897, "power_cost": 29.549642102050782, "noise_cost": 88.51417536203702, "n_waypoints_completed": 0, "tot_waypoints": 9}}
{"target": -1476.8654691699578, "params": {"k_pid_pos": [9.999999747378752e-05, 0.9990872740745544, 0.0], "k_pid_alt": [2.0, 1.0, 0.0], "k_pid_att": [100.0, 9.999999747378752e-05, 0.01716923713684082], "k_pid_yaw": [0.5, 1e-06, 0.1], "k_pid_hsp": [1.1950533390045166, 0.039934515953063965, 0.024164021015167236], "k_pid_vsp": [0.0, 392.8949279785156, 371.42437744140625]}, "datetime": {"datetime": "2025-08-20 16:25:34", "elapsed": 16388.799151420593, "delta": 22.014933347702026}, "costs": {"total_cost": 1476.8654691699578, "time_cost": 150, "final_distance_cost": 11.52726574065907, "oscillation_cost": 86.92303097408096, "completition_cost": 1000.0, "overshoot_cost": 145.18887697834586, "power_cost": 19.393477209472657, "noise_cost": 63.83281826739931, "n_waypoints_completed": 0, "tot_waypoints": 9}}
{"target": -1647.1096759481943, "params": {"k_pid_pos": [0.026296541094779968, 1.0, 0.0381661057472229], "k_pid_alt": [1.8797729015350342, 1.0, 0.0], "k_pid_att": [99.29150390625, 0.34197568893432617, 0.0], "k_pid_yaw": [0.5, 1e-06, 0.1], "k_pid_hsp": [9.999999747378752e-05, 0.06386646628379822, 0.03501865267753601], "k_pid_vsp": [27.70459747314453, 400.0, 367.41900634765625]}, "datetime": {"datetime": "2025-08-20 16:25:56", "elapsed": 16410.85187292099, "delta": 22.05272150039673}, "costs": {"total_cost": 1647.1096759481943, "time_cost": 150, "final_distance_cost": 154.5909691126502, "oscillation_cost": 87.33353349692825, "completition_cost": 1000.0, "overshoot_cost": 219.0165278724811, "power_cost": 19.265506958007812, "noise_cost": 16.90313850812702, "n_waypoints_completed": 0, "tot_waypoints": 9}}
{"target": -1481.0155794944048, "params": {"k_pid_pos": [0.03865774720907211, 1.0, 0.03172919154167175], "k_pid_alt": [2.0, 1.0, 0.004439204931259155], "k_pid_att": [98.0232925415039, 9.999999747378752e-05, 0.05968213081359863], "k_pid_yaw": [0.5, 1e-06, 0.1], "k_pid_hsp": [0.41593238711357117, 0.0, 0.008444041013717651], "k_pid_vsp": [0.0, 397.29425048828125, 400.0]}, "datetime": {"datetime": "2025-08-20 16:26:18", "elapsed": 16432.693378210068, "delta": 21.84150528907776}, "costs": {"total_cost": 1481.0155794944048, "time_cost": 150, "final_distance_cost": 26.638601638401585, "oscillation_cost": 84.6449400155325, "completition_cost": 1000.0, "overshoot_cost": 144.00498957300215, "power_cost": 17.157639794921877, "noise_cost": 58.56940847254665, "n_waypoints_completed": 0, "tot_waypoints": 9}}
{"target": -1455.1953238737565, "params": {"k_pid_pos": [0.09688559174537659, 0.9677996635437012, 0.0], "k_pid_alt": [2.0, 1.0, 0.045437127351760864], "k_pid_att": [100.0, 9.999999747378752e-05, 0.0], "k_pid_yaw": [0.5, 1e-06, 0.1], "k_pid_hsp": [9.999999747378752e-05, 0.03799116611480713, 0.0], "k_pid_vsp": [0.0, 361.31585693359375, 375.9847717285156]}, "datetime": {"datetime": "2025-08-20 16:26:40", "elapsed": 16455.100863695145, "delta": 22.407485485076904}, "costs": {"total_cost": 1455.1953238737565, "time_cost": 150, "final_distance_cost": 29.701230473401427, "oscillation_cost": 32.692135661923416, "completition_cost": 1000.0, "overshoot_cost": 156.83372054943325, "power_cost": 22.057665478515627, "noise_cost": 63.910571710482586, "n_waypoints_completed": 0, "tot_waypoints": 9}}
{"target": -1510.3984865778202, "params": {"k_pid_pos": [0.047835152596235275, 0.958850622177124, 0.03736945986747742], "k_pid_alt": [2.0, 0.9578421115875244, 0.0], "k_pid_att": [99.43070983886719, 9.999999747378752e-05, 0.02443137764930725], "k_pid_yaw": [0.5, 1e-06, 0.1], "k_pid_hsp": [0.16075913608074188, 0.060044169425964355, 0.0], "k_pid_vsp": [0.0, 383.53155517578125, 400.0]}, "datetime": {"datetime": "2025-08-20 16:27:03", "elapsed": 16477.966188907623, "delta": 22.865325212478638}, "costs": {"total_cost": 1510.3984865778202, "time_cost": 150, "final_distance_cost": 18.331989638501035, "oscillation_cost": 53.39419140181882, "completition_cost": 1000.0, "overshoot_cost": 141.4101016828171, "power_cost": 38.07495743408203, "noise_cost": 109.1872464206011, "n_waypoints_completed": 0, "tot_waypoints": 9}}
