{"target": -1373.5982781453754, "params": {"k_pid_pos": [9.999999747378752e-05, 0.905036985874176, 0.0], "k_pid_alt": [1.9664840698242188, 1.0, 0.026539146900177002], "k_pid_att": [96.73104095458984, 0.16530334949493408, 0.03454458713531494], "k_pid_yaw": [0.5, 1e-06, 0.1], "k_pid_hsp": [9.999999747378752e-05, 0.025043964385986328, 0.0], "k_pid_vsp": [0.0, 400.0, 390.28741455078125]}, "datetime": {"datetime": "2025-08-21 02:30:20", "elapsed": 52675.25278091431, "delta": 20.031773805618286}, "costs": {"total_cost": 1373.5982781453754, "time_cost": 150, "final_distance_cost": 120.28879510490471, "oscillation_cost": 30.885042907242273, "completition_cost": 888.8888888888888, "overshoot_cost": 149.02199929430418, "power_cost": 16.758952673339845, "noise_cost": 17.754599276695718, "n_waypoints_completed": 1, "tot_waypoints": 9}}
{"target": -1481.738225759125, "params": {"k_pid_pos": [0.05161824822425842, 0.9510273933410645, 0.0], "k_pid_alt": [2.0, 0.9406752586364746, 0.06460854411125183], "k_pid_att": [97.64893341064453, 0.5173797011375427, 0.0], "k_pid_yaw": [0.5, 1e-06, 0.1], "k_pid_hsp": [0.2937306761741638, 0.09070843458175659, 0.06389740109443665], "k_pid_vsp": [0.0, 383.8465576171875, 400.0]}, "datetime": {"datetime": "2025-08-21 02:30:43", "elapsed": 52698.208557367325, "delta": 22.95577645301819}, "costs": {"total_cost": 1481.738225759125, "time_cost": 150, "final_distance_cost": 1.2260329651820427, "oscillation_cost": 126.72067434561271, "completition_cost": 1000.0, "overshoot_cost": 136.8696318765962, "power_cost": 20.789810461425784, "noise_cost": 46.13207611030817, "n_waypoints_completed": 0, "tot_waypoints": 9}}
{"target": -1465.4302692312438, "params": {"k_pid_pos": [9.999999747378752e-05, 0.9899733066558838, 0.08687558770179749], "k_pid_alt": [1.9730738401412964, 0.982697606086731, 0.0], "k_pid_att": [91.1618881225586, 0.10932561010122299, 0.056408077478408813], "k_pid_yaw": [0.5, 1e-06, 0.1], "k_pid_hsp": [0.180463045835495, 0.0, 0.0], "k_pid_vsp": [0.0, 386.0136413574219, 381.7874755859375]}, "datetime": {"datetime": "2025-08-21 02:31:03", "elapsed": 52718.45896911621, "delta": 20.25041174888611}, "costs": {"total_cost": 1465.4302692312438, "time_cost": 150, "final_distance_cost": 1.456834118384089, "oscillation_cost": 54.246086365422585, "completition_cost": 1000.0, "overshoot_cost": 139.92904209581118, "power_cost": 30.12190419921875, "noise_cost": 89.67640245240709, "n_waypoints_completed": 0, "tot_waypoints": 9}}
{"target": -1946.5542386577274, "params": {"k_pid_pos": [9.999999747378752e-05, 0.9451802372932434, 0.04196566343307495], "k_pid_alt": [1.8853257894515991, 1.0, 0.0], "k_pid_att": [95.17285919189453, 9.999999747378752e-05, 0.0], "k_pid_yaw": [0.5, 1e-06, 0.1], "k_pid_hsp": [9.999999747378752e-05, 0.0012040436267852783, 0.0], "k_pid_vsp": [10.094618797302246, 400.0, 369.2004089355469]}, "datetime": {"datetime": "2025-08-21 02:31:26", "elapsed": 52740.79594326019, "delta": 22.336974143981934}, "costs": {"total_cost": 1946.5542386577274, "time_cost": 150, "final_distance_cost": 344.3397137657436, "oscillation_cost": 30.124867207309432, "completition_cost": 1000.0, "overshoot_cost": 398.20447851453355, "power_cost": 11.302934106445313, "noise_cost": 12.582245063695431, "n_waypoints_completed": 0, "tot_waypoints": 9}}
{"target": -1412.624377233202, "params": {"k_pid_pos": [0.0027580554597079754, 0.9999674558639526, 0.0], "k_pid_alt": [1.9433176517486572, 1.0, 0.0], "k_pid_att": [96.89640045166016, 0.7804999947547913, 0.025286704301834106], "k_pid_yaw": [0.5, 1e-06, 0.1], "k_pid_hsp": [9.999999747378752e-05, 0.052305638790130615, 0.020950883626937866], "k_pid_vsp": [51.22618865966797, 372.28204345703125, 360.485595703125]}, "datetime": {"datetime": "2025-08-21 02:31:47", "elapsed": 52761.92045712471, "delta": 21.124513864517212}, "costs": {"total_cost": 1412.624377233202, "time_cost": 150, "final_distance_cost": 7.3490307142954565, "oscillation_cost": 32.49239023516307, "completition_cost": 1000.0, "overshoot_cost": 149.7335734951448, "power_cost": 16.20677674560547, "noise_cost": 56.84260604299316, "n_waypoints_completed": 0, "tot_waypoints": 9}}
{"target": -1919.4645332712723, "params": {"k_pid_pos": [9.999999747378752e-05, 0.8887891173362732, 0.043501824140548706], "k_pid_alt": [1.924469232559204, 1.0, 0.03716197609901428], "k_pid_att": [100.0, 9.999999747378752e-05, 0.045874953269958496], "k_pid_yaw": [0.5, 1e-06, 0.1], "k_pid_hsp": [9.999999747378752e-05, 0.0, 0.0], "k_pid_vsp": [30.137765884399414, 400.0, 398.46588134765625]}, "datetime": {"datetime": "2025-08-21 02:32:07", "elapsed": 52781.938462257385, "delta": 20.01800513267517}, "costs": {"total_cost": 1919.4645332712723, "time_cost": 150, "final_distance_cost": 335.53688122917765, "oscillation_cost": 30.982642206109958, "completition_cost": 1000.0, "overshoot_cost": 377.3373950357571, "power_cost": 11.7488701171875, "noise_cost": 13.858744683039898, "n_waypoints_completed": 0, "tot_waypoints": 9}}
{"target": -3255.664707187136, "params": {"k_pid_pos": [0.0995316132903099, 0.979377031326294, 0.024187952280044556], "k_pid_alt": [1.9640910625457764, 0.9109688997268677, 0.0], "k_pid_att": [94.9082260131836, 0.6381354331970215, 0.01485469937324524], "k_pid_yaw": [0.5, 1e-06, 0.1], "k_pid_hsp": [9.999999747378752e-05, 0.0, 0.07352325320243835], "k_pid_vsp": [0.26847124099731445, 393.0237121582031, 400.0]}, "datetime": {"datetime": "2025-08-21 02:32:30", "elapsed": 52804.79924297333, "delta": 22.860780715942383}, "costs": {"total_cost": 3255.664707187136, "time_cost": 150, "final_distance_cost": 629.227448332869, "oscillation_cost": 297.30140527365944, "completition_cost": 1000.0, "overshoot_cost": 1139.4352205858859, "power_cost": 22.078349243164062, "noise_cost": 17.622283751558125, "n_waypoints_completed": 0, "tot_waypoints": 9}}
{"target": -1396.3829168218094, "params": {"k_pid_pos": [9.999999747378752e-05, 0.9757936000823975, 0.05622488260269165], "k_pid_alt": [1.8913567066192627, 1.0, 0.0], "k_pid_att": [90.31245422363281, 0.643303394317627, 0.0], "k_pid_yaw": [0.5, 1e-06, 0.1], "k_pid_hsp": [0.13286563754081726, 0.03900879621505737, 0.08011332154273987], "k_pid_vsp": [0.0, 400.0, 388.01251220703125]}, "datetime": {"datetime": "2025-08-21 02:32:50", "elapsed": 52825.06236052513, "delta": 20.26311755180359}, "costs": {"total_cost": 1396.3829168218094, "time_cost": 150, "final_distance_cost": 45.82313855349175, "oscillation_cost": 181.8790313458205, "completition_cost": 888.8888888888888, "overshoot_cost": 84.04858365968538, "power_cost": 24.415697802734375, "noise_cost": 21.32757657118845, "n_waypoints_completed": 1, "tot_waypoints": 9}}
{"target": -1418.0976654311748, "params": {"k_pid_pos": [0.13718335330486298, 1.0, 0.0], "k_pid_alt": [1.8572196960449219, 0.970811128616333, 0.0], "k_pid_att": [94.11646270751953, 0.6211509704589844, 0.03562310338020325], "k_pid_yaw": [0.5, 1e-06, 0.1], "k_pid_hsp": [9.999999747378752e-05, 0.10208648443222046, 0.04886600375175476], "k_pid_vsp": [0.0, 380.3543701171875, 381.71356201171875]}, "datetime": {"datetime": "2025-08-21 02:33:12", "elapsed": 52846.806445121765, "delta": 21.74408459663391}, "costs": {"total_cost": 1418.0976654311748, "time_cost": 150, "final_distance_cost": 5.911408439244441, "oscillation_cost": 93.28773440950611, "completition_cost": 1000.0, "overshoot_cost": 98.93121621021943, "power_cost": 34.543549890136724, "noise_cost": 35.42375648206802, "n_waypoints_completed": 0, "tot_waypoints": 9}}
{"target": -3087.1563035362988, "params": {"k_pid_pos": [0.051652222871780396, 0.9458650350570679, 0.0], "k_pid_alt": [2.0, 1.0, 0.0], "k_pid_att": [96.8453140258789, 0.30193161964416504, 0.0], "k_pid_yaw": [0.5, 1e-06, 0.1], "k_pid_hsp": [9.999999747378752e-05, 0.007118701934814453, 0.06762820482254028], "k_pid_vsp": [0.0, 400.0, 378.59783935546875]}, "datetime": {"datetime": "2025-08-21 02:33:33", "elapsed": 52867.534364938736, "delta": 20.727919816970825}, "costs": {"total_cost": 3087.1563035362988, "time_cost": 150, "final_distance_cost": 627.5927318126656, "oscillation_cost": 275.9116654417247, "completition_cost": 1000.0, "overshoot_cost": 994.3299567766168, "power_cost": 21.788079833984376, "noise_cost": 17.5338696713076, "n_waypoints_completed": 0, "tot_waypoints": 9}}
{"target": -1940.8425906553407, "params": {"k_pid_pos": [0.06578759104013443, 1.0, 0.14118903875350952], "k_pid_alt": [2.0, 0.8834496736526489, 0.0], "k_pid_att": [100.0, 0.6830646395683289, 0.0020501315593719482], "k_pid_yaw": [0.5, 1e-06, 0.1], "k_pid_hsp": [9.999999747378752e-05, 0.0, 0.0], "k_pid_vsp": [10.647285461425781, 400.0, 363.988037109375]}, "datetime": {"datetime": "2025-08-21 02:33:55", "elapsed": 52889.61183595657, "delta": 22.077471017837524}, "costs": {"total_cost": 1940.8425906553407, "time_cost": 150, "final_distance_cost": 331.61788805221624, "oscillation_cost": 25.2266721613781, "completition_cost": 1000.0, "overshoot_cost": 367.7131246099424, "power_cost": 37.845333630371094, "noise_cost": 28.439572201432792, "n_waypoints_completed": 0, "tot_waypoints": 9}}
{"target": -1924.7367132282989, "params": {"k_pid_pos": [0.10618828237056732, 1.0, 0.0], "k_pid_alt": [1.872788667678833, 0.9872746467590332, 0.0], "k_pid_att": [98.3267822265625, 0.33983322978019714, 0.010297656059265137], "k_pid_yaw": [0.5, 1e-06, 0.1], "k_pid_hsp": [9.999999747378752e-05, 0.0, 0.0], "k_pid_vsp": [0.0, 383.574951171875, 400.0]}, "datetime": {"datetime": "2025-08-21 02:34:15", "elapsed": 52910.448707818985, "delta": 20.8368718624115}, "costs": {"total_cost": 1924.7367132282989, "time_cost": 150, "final_distance_cost": 337.65177745518866, "oscillation_cost": 30.57839174255514, "completition_cost": 1000.0, "overshoot_cost": 380.9797616191055, "power_cost": 11.698794287109376, "noise_cost": 13.82798812434009, "n_waypoints_completed": 0, "tot_waypoints": 9}}
{"target": -1497.0310082601156, "params": {"k_pid_pos": [9.999999747378752e-05, 0.98235023021698, 0.0], "k_pid_alt": [2.0, 0.9997900724411011, 0.0567936897277832], "k_pid_att": [100.0, 0.05841004475951195, 0.005591005086898804], "k_pid_yaw": [0.5, 1e-06, 0.1], "k_pid_hsp": [0.09533296525478363, 0.0, 0.0], "k_pid_vsp": [2.8812408447265625, 383.0789489746094, 385.3820495605469]}, "datetime": {"datetime": "2025-08-21 02:34:37", "elapsed": 52931.7496073246, "delta": 21.300899505615234}, "costs": {"total_cost": 1497.0310082601156, "time_cost": 150, "final_distance_cost": 15.969447499513267, "oscillation_cost": 50.23450273440623, "completition_cost": 1000.0, "overshoot_cost": 140.73797172743042, "power_cost": 36.06938829345703, "noise_cost": 104.0196980053088, "n_waypoints_completed": 0, "tot_waypoints": 9}}
{"target": -1946.6921465245584, "params": {"k_pid_pos": [0.11669813841581345, 1.0, 0.030123084783554077], "k_pid_alt": [1.8474279642105103, 1.0, 0.0], "k_pid_att": [98.48786926269531, 9.999999747378752e-05, 0.0], "k_pid_yaw": [0.5, 1e-06, 0.1], "k_pid_hsp": [9.999999747378752e-05, 0.006034433841705322, 0.002238541841506958], "k_pid_vsp": [1.3509273529052734, 400.0, 400.0]}, "datetime": {"datetime": "2025-08-21 02:34:59", "elapsed": 52953.99521279335, "delta": 22.24560546875}, "costs": {"total_cost": 1946.6921465245584, "time_cost": 150, "final_distance_cost": 341.78591381638694, "oscillation_cost": 31.601104645574686, "completition_cost": 1000.0, "overshoot_cost": 399.88469064531404, "power_cost": 11.147824353027344, "noise_cost": 12.272613064255342, "n_waypoints_completed": 0, "tot_waypoints": 9}}
{"target": -1420.3283837343806, "params": {"k_pid_pos": [9.999999747378752e-05, 0.9736342430114746, 0.005669951438903809], "k_pid_alt": [2.0, 0.9309925436973572, 0.0], "k_pid_att": [100.0, 0.7491479516029358, 0.0], "k_pid_yaw": [0.5, 1e-06, 0.1], "k_pid_hsp": [9.999999747378752e-05, 0.06750425696372986, 0.0], "k_pid_vsp": [14.598369598388672, 400.0, 400.0]}, "datetime": {"datetime": "2025-08-21 02:35:19", "elapsed": 52974.26418399811, "delta": 20.26897120475769}, "costs": {"total_cost": 1420.3283837343806, "time_cost": 150, "final_distance_cost": 9.81791605898589, "oscillation_cost": 41.24366013168375, "completition_cost": 1000.0, "overshoot_cost": 147.73889685893667, "power_cost": 15.97273093261719, "noise_cost": 55.55517975215702, "n_waypoints_completed": 0, "tot_waypoints": 9}}
{"target": -2956.1334588094437, "params": {"k_pid_pos": [0.01607413962483406, 0.9293191432952881, 0.018521994352340698], "k_pid_alt": [2.0, 0.9880900382995605, 0.0832759439945221], "k_pid_att": [95.17070007324219, 9.999999747378752e-05, 0.0], "k_pid_yaw": [0.5, 1e-06, 0.1], "k_pid_hsp": [9.999999747378752e-05, 0.02617955207824707, 0.0278797447681427], "k_pid_vsp": [0.0, 376.285400390625, 398.1339416503906]}, "datetime": {"datetime": "2025-08-21 02:35:43", "elapsed": 52997.976165771484, "delta": 23.711981773376465}, "costs": {"total_cost": 2956.1334588094437, "time_cost": 150, "final_distance_cost": 671.5048934960606, "oscillation_cost": 125.46132740242385, "completition_cost": 1000.0, "overshoot_cost": 947.7423501003362, "power_cost": 36.25233009033203, "noise_cost": 25.172557720290445, "n_waypoints_completed": 0, "tot_waypoints": 9}}
{"target": -1498.7064376388544, "params": {"k_pid_pos": [9.999999747378752e-05, 0.9670649766921997, 0.0], "k_pid_alt": [2.0, 1.0, 0.0], "k_pid_att": [98.7665786743164, 0.07730512320995331, 0.0], "k_pid_yaw": [0.5, 1e-06, 0.1], "k_pid_hsp": [0.8574336171150208, 0.0071611106395721436, 0.06254076957702637], "k_pid_vsp": [0.0, 400.0, 400.0]}, "datetime": {"datetime": "2025-08-21 02:36:03", "elapsed": 53017.91261482239, "delta": 19.93644905090332}, "costs": {"total_cost": 1498.7064376388544, "time_cost": 150, "final_distance_cost": 13.61131796268227, "oscillation_cost": 121.52750407807585, "completition_cost": 1000.0, "overshoot_cost": 136.2802351508151, "power_cost": 24.03917916259766, "noise_cost": 53.248201284683546, "n_waypoints_completed": 0, "tot_waypoints": 9}}
{"target": -1700.385192426553, "params": {"k_pid_pos": [9.999999747378752e-05, 0.8623220920562744, 0.0], "k_pid_alt": [1.8138114213943481, 1.0, 0.09001252055168152], "k_pid_att": [97.9397201538086, 9.999999747378752e-05, 0.0], "k_pid_yaw": [0.5, 1e-06, 0.1], "k_pid_hsp": [9.999999747378752e-05, 0.017439424991607666, 0.0], "k_pid_vsp": [0.0, 397.72320556640625, 400.0]}, "datetime": {"datetime": "2025-08-21 02:36:24", "elapsed": 53039.39993476868, "delta": 21.487319946289062}, "costs": {"total_cost": 1700.385192426553, "time_cost": 150, "final_distance_cost": 235.47333858482386, "oscillation_cost": 31.143627571301575, "completition_cost": 1000.0, "overshoot_cost": 256.4591573599737, "power_cost": 13.012415417480469, "noise_cost": 14.296653492973228, "n_waypoints_completed": 0, "tot_waypoints": 9}}
{"target": -1404.4587615419857, "params": {"k_pid_pos": [9.999999747378752e-05, 0.9478477835655212, 0.0], "k_pid_alt": [2.0, 0.9184103608131409, 0.0], "k_pid_att": [100.0, 0.08461257815361023, 0.0], "k_pid_yaw": [0.5, 1e-06, 0.1], "k_pid_hsp": [0.057375915348529816, 0.0, 0.0], "k_pid_vsp": [0.0, 400.0, 400.0]}, "datetime": {"datetime": "2025-08-21 02:36:44", "elapsed": 53059.0450797081, "delta": 19.645144939422607}, "costs": {"total_cost": 1404.4587615419857, "time_cost": 150, "final_distance_cost": 14.312085370612001, "oscillation_cost": 46.12530143329916, "completition_cost": 1000.0, "overshoot_cost": 140.66539495878112, "power_cost": 10.829554296875001, "noise_cost": 42.52642548241853, "n_waypoints_completed": 0, "tot_waypoints": 9}}
{"target": -1430.4250468747887, "params": {"k_pid_pos": [9.999999747378752e-05, 1.0, 0.0], "k_pid_alt": [2.0, 1.0, 0.0], "k_pid_att": [100.0, 0.44765159487724304, 0.0], "k_pid_yaw": [0.5, 1e-06, 0.1], "k_pid_hsp": [0.5204678177833557, 0.0, 0.0], "k_pid_vsp": [12.972259521484375, 370.6012268066406, 399.19537353515625]}, "datetime": {"datetime": "2025-08-21 02:37:06", "elapsed": 53080.88513326645, "delta": 21.84005355834961}, "costs": {"total_cost": 1430.4250468747887, "time_cost": 150, "final_distance_cost": 17.09474715304419, "oscillation_cost": 65.84635756078228, "completition_cost": 1000.0, "overshoot_cost": 139.95864247696576, "power_cost": 11.810236303710939, "noise_cost": 45.71506338028551, "n_waypoints_completed": 0, "tot_waypoints": 9}}
{"target": -1457.9774295626862, "params": {"k_pid_pos": [0.17076376080513, 0.9562637805938721, 0.024002164602279663], "k_pid_alt": [1.979274868965149, 1.0, 0.0], "k_pid_att": [100.0, 0.8636014461517334, 0.07464081048965454], "k_pid_yaw": [0.5, 1e-06, 0.1], "k_pid_hsp": [0.23323377966880798, 0.0, 0.013616383075714111], "k_pid_vsp": [0.18731355667114258, 400.0, 388.34637451171875]}, "datetime": {"datetime": "2025-08-21 02:37:26", "elapsed": 53101.09994292259, "delta": 20.21480965614319}, "costs": {"total_cost": 1457.9774295626862, "time_cost": 150, "final_distance_cost": 13.996786470241183, "oscillation_cost": 77.3007887795135, "completition_cost": 1000.0, "overshoot_cost": 139.33873785637613, "power_cost": 17.74554237060547, "noise_cost": 59.59557408594997, "n_waypoints_completed": 0, "tot_waypoints": 9}}
{"target": -3065.191845279689, "params": {"k_pid_pos": [0.03546840324997902, 0.966135561466217, 0.03805822134017944], "k_pid_alt": [1.9841179847717285, 0.9938915371894836, 0.038280993700027466], "k_pid_att": [91.54561614990234, 0.857498288154602, 0.0], "k_pid_yaw": [0.5, 1e-06, 0.1], "k_pid_hsp": [9.999999747378752e-05, 0.0, 0.05134493112564087], "k_pid_vsp": [13.88707160949707, 399.113525390625, 392.9216003417969]}, "datetime": {"datetime": "2025-08-21 02:37:47", "elapsed": 53121.720269203186, "delta": 20.620326280593872}, "costs": {"total_cost": 3065.191845279689, "time_cost": 150, "final_distance_cost": 630.205765133362, "oscillation_cost": 216.07542058446018, "completition_cost": 1000.0, "overshoot_cost": 1029.6627844843024, "power_cost": 21.700116894531252, "noise_cost": 17.547758183033142, "n_waypoints_completed": 0, "tot_waypoints": 9}}
{"target": -1477.4855564409227, "params": {"k_pid_pos": [0.03606555238366127, 1.0, 0.07989293336868286], "k_pid_alt": [2.0, 1.0, 0.09719517827033997], "k_pid_att": [100.0, 9.999999747378752e-05, 0.0], "k_pid_yaw": [0.5, 1e-06, 0.1], "k_pid_hsp": [0.09369504451751709, 0.0, 0.0], "k_pid_vsp": [5.126917362213135, 394.73150634765625, 391.2797546386719]}, "datetime": {"datetime": "2025-08-21 02:38:08", "elapsed": 53143.28627252579, "delta": 21.56600332260132}, "costs": {"total_cost": 1477.4855564409227, "time_cost": 150, "final_distance_cost": 12.12957233881943, "oscillation_cost": 51.269441313725906, "completition_cost": 1000.0, "overshoot_cost": 140.11841617299186, "power_cost": 31.284008715820313, "noise_cost": 92.6841178995651, "n_waypoints_completed": 0, "tot_waypoints": 9}}
{"target": -1460.7122171345295, "params": {"k_pid_pos": [9.999999747378752e-05, 1.0, 0.0], "k_pid_alt": [1.9493316411972046, 1.0, 0.05093833804130554], "k_pid_att": [94.4721908569336, 0.37225157022476196, 0.04951620101928711], "k_pid_yaw": [0.5, 1e-06, 0.1], "k_pid_hsp": [0.3737809956073761, 0.04572749137878418, 0.0516778826713562], "k_pid_vsp": [5.621850490570068, 359.48834228515625, 395.37677001953125]}, "datetime": {"datetime": "2025-08-21 02:38:28", "elapsed": 53162.96189117432, "delta": 19.675618648529053}, "costs": {"total_cost": 1460.7122171345295, "time_cost": 150, "final_distance_cost": 2.117506839078771, "oscillation_cost": 116.01842804746335, "completition_cost": 1000.0, "overshoot_cost": 133.20574865947472, "power_cost": 20.58051287841797, "noise_cost": 38.79002071009472, "n_waypoints_completed": 0, "tot_waypoints": 9}}
{"target": -1495.2834896117124, "params": {"k_pid_pos": [0.03845653310418129, 0.9739134907722473, 0.0], "k_pid_alt": [2.0, 1.0, 0.03680768609046936], "k_pid_att": [100.0, 0.16605286300182343, 0.01349419355392456], "k_pid_yaw": [0.5, 1e-06, 0.1], "k_pid_hsp": [0.9236969351768494, 0.0, 0.07202282547950745], "k_pid_vsp": [18.44182014465332, 392.293701171875, 356.24078369140625]}, "datetime": {"datetime": "2025-08-21 02:38:50", "elapsed": 53185.27139401436, "delta": 22.309502840042114}, "costs": {"total_cost": 1495.2834896117124, "time_cost": 150, "final_distance_cost": 10.328894108555863, "oscillation_cost": 131.2014283000026, "completition_cost": 1000.0, "overshoot_cost": 135.1291061847426, "power_cost": 21.77560164794922, "noise_cost": 46.84845937046212, "n_waypoints_completed": 0, "tot_waypoints": 9}}
{"target": -1468.0702647926225, "params": {"k_pid_pos": [0.03242502361536026, 0.9945361614227295, 0.025013864040374756], "k_pid_alt": [2.0, 0.9544355869293213, 0.041345953941345215], "k_pid_att": [97.14008331298828, 0.06559322774410248, 0.0], "k_pid_yaw": [0.5, 1e-06, 0.1], "k_pid_hsp": [0.23818211257457733, 0.00048536062240600586, 0.029885858297348022], "k_pid_vsp": [12.925219535827637, 381.6911315917969, 400.0]}, "datetime": {"datetime": "2025-08-21 02:39:10", "elapsed": 53205.396137952805, "delta": 20.124743938446045}, "costs": {"total_cost": 1468.0702647926225, "time_cost": 150, "final_distance_cost": 11.260755487844827, "oscillation_cost": 87.74928062248884, "completition_cost": 1000.0, "overshoot_cost": 138.97796969998467, "power_cost": 20.20002606201172, "noise_cost": 59.88223292029239, "n_waypoints_completed": 0, "tot_waypoints": 9}}
{"target": -3731.6703888049014, "params": {"k_pid_pos": [0.034289781004190445, 0.9925568103790283, 0.033904969692230225], "k_pid_alt": [2.0, 0.8996815085411072, 0.03136664628982544], "k_pid_att": [91.13318634033203, 0.39403626322746277, 0.08214211463928223], "k_pid_yaw": [0.5, 1e-06, 0.1], "k_pid_hsp": [9.999999747378752e-05, 0.0, 0.05499845743179321], "k_pid_vsp": [0.0, 382.6798400878906, 400.0]}, "datetime": {"datetime": "2025-08-21 02:39:32", "elapsed": 53226.689843416214, "delta": 21.293705463409424}, "costs": {"total_cost": 3731.6703888049014, "time_cost": 150, "final_distance_cost": 927.7841079137692, "oscillation_cost": 153.71980410570612, "completition_cost": 1000.0, "overshoot_cost": 1459.1623410386162, "power_cost": 22.899813085937502, "noise_cost": 18.104322660872107, "n_waypoints_completed": 0, "tot_waypoints": 9}}
