{"target": -1485.0876452821433, "params": {"k_pid_pos": [9.999999747378752e-05, 0.9985781908035278, 0.01975017786026001], "k_pid_alt": [1.9971938133239746, 0.972585916519165, 0.014504790306091309], "k_pid_att": [97.06787872314453, 9.999999747378752e-05, 0.0], "k_pid_yaw": [0.5, 1e-06, 0.1], "k_pid_hsp": [0.7561460733413696, 0.0, 0.0], "k_pid_vsp": [52.89978790283203, 400.0, 358.5371398925781]}, "datetime": {"datetime": "2025-08-21 03:08:08", "elapsed": 54942.79082751274, "delta": 21.32846164703369}, "costs": {"total_cost": 1485.0876452821433, "time_cost": 150, "final_distance_cost": 12.846458391669366, "oscillation_cost": 63.70557954861115, "completition_cost": 1000.0, "overshoot_cost": 139.6951158376162, "power_cost": 29.86111600341797, "noise_cost": 88.97937550082861, "n_waypoints_completed": 0, "tot_waypoints": 9}}
{"target": -3176.1518569253567, "params": {"k_pid_pos": [0.021354250609874725, 1.0, 0.015086352825164795], "k_pid_alt": [1.846569299697876, 0.9890860319137573, 0.011595666408538818], "k_pid_att": [100.0, 0.1191289871931076, 0.035666465759277344], "k_pid_yaw": [0.5, 1e-06, 0.1], "k_pid_hsp": [9.999999747378752e-05, 0.0, 0.07795926928520203], "k_pid_vsp": [0.0, 370.4182434082031, 400.0]}, "datetime": {"datetime": "2025-08-21 03:08:28", "elapsed": 54962.709921360016, "delta": 19.91909384727478}, "costs": {"total_cost": 3176.1518569253567, "time_cost": 150, "final_distance_cost": 639.9246959626051, "oscillation_cost": 338.3087102227506, "completition_cost": 1000.0, "overshoot_cost": 1008.554087579286, "power_cost": 21.85236629638672, "noise_cost": 17.511996864328008, "n_waypoints_completed": 0, "tot_waypoints": 9}}
{"target": -1953.2105103188205, "params": {"k_pid_pos": [0.1299867480993271, 1.0, 0.0], "k_pid_alt": [2.0, 0.9793617725372314, 0.0], "k_pid_att": [100.0, 9.999999747378752e-05, 0.006655007600784302], "k_pid_yaw": [0.5, 1e-06, 0.1], "k_pid_hsp": [9.999999747378752e-05, 0.0, 0.0054638683795928955], "k_pid_vsp": [18.30370330810547, 400.0, 381.9445495605469]}, "datetime": {"datetime": "2025-08-21 03:08:49", "elapsed": 54984.19812250137, "delta": 21.488201141357422}, "costs": {"total_cost": 1953.2105103188205, "time_cost": 150, "final_distance_cost": 347.03659238072964, "oscillation_cost": 32.54941091345992, "completition_cost": 1000.0, "overshoot_cost": 400.2612085810248, "power_cost": 11.023014270019532, "noise_cost": 12.340284173586678, "n_waypoints_completed": 0, "tot_waypoints": 9}}
{"target": -1968.1477670270015, "params": {"k_pid_pos": [9.999999747378752e-05, 1.0, 0.0], "k_pid_alt": [2.0, 0.9465141296386719, 0.0], "k_pid_att": [100.0, 9.999999747378752e-05, 0.0], "k_pid_yaw": [0.5, 1e-06, 0.1], "k_pid_hsp": [9.999999747378752e-05, 0.0, 0.0], "k_pid_vsp": [15.843570709228516, 400.0, 397.71734619140625]}, "datetime": {"datetime": "2025-08-21 03:09:09", "elapsed": 55004.13934850693, "delta": 19.9412260055542}, "costs": {"total_cost": 1968.1477670270015, "time_cost": 150, "final_distance_cost": 340.6931447121599, "oscillation_cost": 25.380810583981376, "completition_cost": 1000.0, "overshoot_cost": 386.2584765725537, "power_cost": 37.878359875488286, "noise_cost": 27.936975282818175, "n_waypoints_completed": 0, "tot_waypoints": 9}}
{"target": -4219.454394577996, "params": {"k_pid_pos": [0.07903048396110535, 1.0, 0.030900239944458008], "k_pid_alt": [2.0, 0.9348219633102417, 0.0], "k_pid_att": [97.37020111083984, 0.3376949429512024, 0.0], "k_pid_yaw": [0.5, 1e-06, 0.1], "k_pid_hsp": [9.999999747378752e-05, 0.002967655658721924, 0.04465150833129883], "k_pid_vsp": [0.0, 400.0, 385.24798583984375]}, "datetime": {"datetime": "2025-08-21 03:09:32", "elapsed": 55026.629123687744, "delta": 22.48977518081665}, "costs": {"total_cost": 4219.454394577996, "time_cost": 150, "final_distance_cost": 1138.1985336488608, "oscillation_cost": 112.7035460788209, "completition_cost": 1000.0, "overshoot_cost": 1778.082627760075, "power_cost": 22.537801416015625, "noise_cost": 17.93188567422422, "n_waypoints_completed": 0, "tot_waypoints": 9}}
{"target": -1945.0692752779566, "params": {"k_pid_pos": [9.999999747378752e-05, 0.9620456695556641, 0.05824005603790283], "k_pid_alt": [2.0, 0.904287576675415, 0.0], "k_pid_att": [95.66954040527344, 9.999999747378752e-05, 0.0], "k_pid_yaw": [0.5, 1e-06, 0.1], "k_pid_hsp": [9.999999747378752e-05, 0.0, 0.0], "k_pid_vsp": [0.0, 400.0, 400.0]}, "datetime": {"datetime": "2025-08-21 03:09:51", "elapsed": 55046.18379402161, "delta": 19.554670333862305}, "costs": {"total_cost": 1945.0692752779566, "time_cost": 150, "final_distance_cost": 332.71396841261657, "oscillation_cost": 24.828937240548683, "completition_cost": 1000.0, "overshoot_cost": 371.7378140397629, "power_cost": 37.86894771728516, "noise_cost": 27.919607867743185, "n_waypoints_completed": 0, "tot_waypoints": 9}}
{"target": -1419.7745747419083, "params": {"k_pid_pos": [9.999999747378752e-05, 0.9597724676132202, 0.0], "k_pid_alt": [2.0, 0.9838681221008301, 0.0], "k_pid_att": [96.52238464355469, 9.999999747378752e-05, 0.007950663566589355], "k_pid_yaw": [0.5, 1e-06, 0.1], "k_pid_hsp": [9.999999747378752e-05, 0.04512065649032593, 0.0], "k_pid_vsp": [20.242584228515625, 400.0, 400.0]}, "datetime": {"datetime": "2025-08-21 03:10:13", "elapsed": 55067.72465777397, "delta": 21.540863752365112}, "costs": {"total_cost": 1419.7745747419083, "time_cost": 150, "final_distance_cost": 24.593626588569826, "oscillation_cost": 34.1147899904676, "completition_cost": 1000.0, "overshoot_cost": 153.98440325944895, "power_cost": 12.031926672363282, "noise_cost": 45.049828231058754, "n_waypoints_completed": 0, "tot_waypoints": 9}}
{"target": -1421.0179790631187, "params": {"k_pid_pos": [0.2674044966697693, 1.0, 0.027899980545043945], "k_pid_alt": [2.0, 0.9452636241912842, 0.005354702472686768], "k_pid_att": [100.0, 9.999999747378752e-05, 0.01023218035697937], "k_pid_yaw": [0.5, 1e-06, 0.1], "k_pid_hsp": [9.999999747378752e-05, 0.030730068683624268, 0.0], "k_pid_vsp": [11.343753814697266, 375.93682861328125, 400.0]}, "datetime": {"datetime": "2025-08-21 03:10:32", "elapsed": 55087.197087049484, "delta": 19.472429275512695}, "costs": {"total_cost": 1421.0179790631187, "time_cost": 150, "final_distance_cost": 63.92660135715108, "oscillation_cost": 28.28341366151754, "completition_cost": 1000.0, "overshoot_cost": 108.96312893945671, "power_cost": 37.90859050292969, "noise_cost": 31.93624460206358, "n_waypoints_completed": 0, "tot_waypoints": 9}}
{"target": -1472.163131040067, "params": {"k_pid_pos": [0.10482596606016159, 1.0, 0.028699487447738647], "k_pid_alt": [1.974149227142334, 0.9793397188186646, 0.0], "k_pid_att": [99.89752960205078, 0.2762741446495056, 0.040664464235305786], "k_pid_yaw": [0.5, 1e-06, 0.1], "k_pid_hsp": [9.999999747378752e-05, 0.07189223170280457, 0.0], "k_pid_vsp": [5.98987340927124, 374.6819152832031, 400.0]}, "datetime": {"datetime": "2025-08-21 03:10:54", "elapsed": 55109.01384425163, "delta": 21.816757202148438}, "costs": {"total_cost": 1472.163131040067, "time_cost": 150, "final_distance_cost": 27.154064197194053, "oscillation_cost": 42.7581733380841, "completition_cost": 1000.0, "overshoot_cost": 146.75842868741688, "power_cost": 25.913529931640625, "noise_cost": 79.57893488573141, "n_waypoints_completed": 0, "tot_waypoints": 9}}
{"target": -3450.2441904206107, "params": {"k_pid_pos": [0.28035447001457214, 0.9604459404945374, 0.010519921779632568], "k_pid_alt": [1.978808045387268, 0.9778009653091431, 0.010484576225280762], "k_pid_att": [95.46443176269531, 0.30032259225845337, 0.0], "k_pid_yaw": [0.5, 1e-06, 0.1], "k_pid_hsp": [9.999999747378752e-05, 0.0, 0.054584622383117676], "k_pid_vsp": [0.0, 368.0587463378906, 375.09307861328125]}, "datetime": {"datetime": "2025-08-21 03:11:15", "elapsed": 55129.53196310997, "delta": 20.518118858337402}, "costs": {"total_cost": 3450.2441904206107, "time_cost": 150, "final_distance_cost": 815.3919470518913, "oscillation_cost": 185.43376417726475, "completition_cost": 1000.0, "overshoot_cost": 1259.8247871292124, "power_cost": 21.920330432128907, "noise_cost": 17.673361630113327, "n_waypoints_completed": 0, "tot_waypoints": 9}}
{"target": -1485.8075519768724, "params": {"k_pid_pos": [0.029085839167237282, 1.0, 0.0], "k_pid_alt": [2.0, 1.0, 0.0], "k_pid_att": [100.0, 9.999999747378752e-05, 0.0], "k_pid_yaw": [0.5, 1e-06, 0.1], "k_pid_hsp": [0.32039573788642883, 0.008871108293533325, 0.0060465335845947266], "k_pid_vsp": [35.014007568359375, 400.0, 400.0]}, "datetime": {"datetime": "2025-08-21 03:11:34", "elapsed": 55148.87078976631, "delta": 19.338826656341553}, "costs": {"total_cost": 1485.8075519768724, "time_cost": 150, "final_distance_cost": 11.001162687029362, "oscillation_cost": 77.26959341725914, "completition_cost": 1000.0, "overshoot_cost": 145.03178915688613, "power_cost": 24.987634106445313, "noise_cost": 77.51737260925263, "n_waypoints_completed": 0, "tot_waypoints": 9}}
{"target": -1965.6616448299662, "params": {"k_pid_pos": [0.054070260375738144, 0.9682745933532715, 0.05193746089935303], "k_pid_alt": [1.9932544231414795, 1.0, 0.002976149320602417], "k_pid_att": [93.47843933105469, 9.999999747378752e-05, 0.03453347086906433], "k_pid_yaw": [0.5, 1e-06, 0.1], "k_pid_hsp": [9.999999747378752e-05, 0.0014447569847106934, 0.0], "k_pid_vsp": [8.802568435668945, 400.0, 390.8497009277344]}, "datetime": {"datetime": "2025-08-21 03:11:55", "elapsed": 55170.4486720562, "delta": 21.577882289886475}, "costs": {"total_cost": 1965.6616448299662, "time_cost": 150, "final_distance_cost": 337.87219543112576, "oscillation_cost": 24.71803507565835, "completition_cost": 1000.0, "overshoot_cost": 387.9426180829447, "power_cost": 37.90756473388672, "noise_cost": 27.22123150635046, "n_waypoints_completed": 0, "tot_waypoints": 9}}
{"target": -1475.6269673913805, "params": {"k_pid_pos": [0.04961920902132988, 1.0, 0.0], "k_pid_alt": [1.8820550441741943, 1.0, 0.04886937141418457], "k_pid_att": [97.20028686523438, 9.999999747378752e-05, 0.0], "k_pid_yaw": [0.5, 1e-06, 0.1], "k_pid_hsp": [0.7078885436058044, 0.04675069451332092, 0.011450916528701782], "k_pid_vsp": [0.0, 400.0, 400.0]}, "datetime": {"datetime": "2025-08-21 03:12:15", "elapsed": 55190.33101582527, "delta": 19.882343769073486}, "costs": {"total_cost": 1475.6269673913805, "time_cost": 150, "final_distance_cost": 24.591092739002477, "oscillation_cost": 83.90113428818442, "completition_cost": 1000.0, "overshoot_cost": 144.34232866470714, "power_cost": 16.33472526855469, "noise_cost": 56.4576864309319, "n_waypoints_completed": 0, "tot_waypoints": 9}}
{"target": -1935.3120669205207, "params": {"k_pid_pos": [9.999999747378752e-05, 0.9850884675979614, 0.0015307366847991943], "k_pid_alt": [1.8624507188796997, 1.0, 0.0], "k_pid_att": [99.77569580078125, 9.999999747378752e-05, 0.04357331991195679], "k_pid_yaw": [0.5, 1e-06, 0.1], "k_pid_hsp": [9.999999747378752e-05, 0.008624225854873657, 0.0], "k_pid_vsp": [0.0, 400.0, 400.0]}, "datetime": {"datetime": "2025-08-21 03:12:37", "elapsed": 55211.806859493256, "delta": 21.47584366798401}, "costs": {"total_cost": 1935.3120669205207, "time_cost": 150, "final_distance_cost": 322.0204815780124, "oscillation_cost": 25.539452405275167, "completition_cost": 1000.0, "overshoot_cost": 372.55560730171186, "power_cost": 37.904970605468755, "noise_cost": 27.291555030052557, "n_waypoints_completed": 0, "tot_waypoints": 9}}
{"target": -1365.0775911460955, "params": {"k_pid_pos": [9.999999747378752e-05, 0.9826972484588623, 0.0], "k_pid_alt": [2.0, 0.9904990196228027, 0.003987908363342285], "k_pid_att": [100.0, 0.1833478808403015, 0.022144019603729248], "k_pid_yaw": [0.5, 1e-06, 0.1], "k_pid_hsp": [0.019642379134893417, 0.0, 0.0], "k_pid_vsp": [15.804696083068848, 372.15155029296875, 353.94403076171875]}, "datetime": {"datetime": "2025-08-21 03:12:57", "elapsed": 55231.5292224884, "delta": 19.722362995147705}, "costs": {"total_cost": 1365.0775911460955, "time_cost": 150, "final_distance_cost": 74.10047319880825, "oscillation_cost": 32.06944269378097, "completition_cost": 1000.0, "overshoot_cost": 70.22543457135909, "power_cost": 19.509143676757812, "noise_cost": 19.173097005389508, "n_waypoints_completed": 0, "tot_waypoints": 9}}
{"target": -2578.2507566072773, "params": {"k_pid_pos": [0.11724033951759338, 1.0, 0.0], "k_pid_alt": [2.0, 1.0, 0.0745614767074585], "k_pid_att": [98.84898376464844, 0.004305959679186344, 0.019145697355270386], "k_pid_yaw": [0.5, 1e-06, 0.1], "k_pid_hsp": [9.999999747378752e-05, 0.0, 0.02555862069129944], "k_pid_vsp": [34.533512115478516, 386.5765380859375, 400.0]}, "datetime": {"datetime": "2025-08-21 03:13:17", "elapsed": 55251.94389104843, "delta": 20.414668560028076}, "costs": {"total_cost": 2578.2507566072773, "time_cost": 150, "final_distance_cost": 546.3935292810941, "oscillation_cost": 88.56985935832208, "completition_cost": 1000.0, "overshoot_cost": 731.8711801161201, "power_cost": 36.13387581787109, "noise_cost": 25.28231203386924, "n_waypoints_completed": 0, "tot_waypoints": 9}}
{"target": -1409.918863508095, "params": {"k_pid_pos": [9.999999747378752e-05, 0.9333410263061523, 0.0], "k_pid_alt": [2.0, 1.0, 0.1615612506866455], "k_pid_att": [99.8753662109375, 9.999999747378752e-05, 0.03513285517692566], "k_pid_yaw": [0.5, 1e-06, 0.1], "k_pid_hsp": [9.999999747378752e-05, 0.05586904287338257, 0.0], "k_pid_vsp": [0.0, 397.0206298828125, 375.93426513671875]}, "datetime": {"datetime": "2025-08-21 03:13:37", "elapsed": 55272.14986181259, "delta": 20.205970764160156}, "costs": {"total_cost": 1409.918863508095, "time_cost": 150, "final_distance_cost": 29.04817297705378, "oscillation_cost": 39.49764624363554, "completition_cost": 1000.0, "overshoot_cost": 149.88703690007102, "power_cost": 7.204176062011719, "noise_cost": 34.28183132532281, "n_waypoints_completed": 0, "tot_waypoints": 9}}
{"target": -1503.3836470199176, "params": {"k_pid_pos": [0.028912873938679695, 1.0, 0.03736492991447449], "k_pid_alt": [1.9877817630767822, 1.0, 0.0], "k_pid_att": [100.0, 9.999999747378752e-05, 0.0019975006580352783], "k_pid_yaw": [0.5, 1e-06, 0.1], "k_pid_hsp": [0.2842864394187927, 0.017632633447647095, 0.06261119246482849], "k_pid_vsp": [6.927824020385742, 376.88665771484375, 346.9627380371094]}, "datetime": {"datetime": "2025-08-21 03:13:57", "elapsed": 55291.60127282143, "delta": 19.45141100883484}, "costs": {"total_cost": 1503.3836470199176, "time_cost": 150, "final_distance_cost": 12.72097789977016, "oscillation_cost": 160.25629671266896, "completition_cost": 1000.0, "overshoot_cost": 127.63537564410575, "power_cost": 21.483436474609377, "noise_cost": 31.287560288763512, "n_waypoints_completed": 0, "tot_waypoints": 9}}
{"target": -1441.7679396691733, "params": {"k_pid_pos": [9.999999747378752e-05, 1.0, 0.0], "k_pid_alt": [1.9815895557403564, 0.9709248542785645, 0.0], "k_pid_att": [100.0, 9.999999747378752e-05, 0.0], "k_pid_yaw": [0.5, 1e-06, 0.1], "k_pid_hsp": [9.999999747378752e-05, 0.055880337953567505, 0.0], "k_pid_vsp": [0.0, 358.5123596191406, 400.0]}, "datetime": {"datetime": "2025-08-21 03:14:18", "elapsed": 55312.608541727066, "delta": 21.00726890563965}, "costs": {"total_cost": 1441.7679396691733, "time_cost": 150, "final_distance_cost": 28.140796239417586, "oscillation_cost": 37.465694455192946, "completition_cost": 1000.0, "overshoot_cost": 150.00397783107206, "power_cost": 17.437322375488282, "noise_cost": 58.72014876800235, "n_waypoints_completed": 0, "tot_waypoints": 9}}
{"target": -1472.2381538150453, "params": {"k_pid_pos": [9.999999747378752e-05, 0.9874151945114136, 0.0], "k_pid_alt": [1.8877079486846924, 0.9980819225311279, 0.015047252178192139], "k_pid_att": [91.53546142578125, 9.999999747378752e-05, 0.0], "k_pid_yaw": [0.5, 1e-06, 0.1], "k_pid_hsp": [9.999999747378752e-05, 0.07574957609176636, 0.008353561162948608], "k_pid_vsp": [18.154346466064453, 400.0, 380.3327331542969]}, "datetime": {"datetime": "2025-08-21 03:14:38", "elapsed": 55332.678330898285, "delta": 20.069789171218872}, "costs": {"total_cost": 1472.2381538150453, "time_cost": 150, "final_distance_cost": 4.359176175705391, "oscillation_cost": 43.01314930553508, "completition_cost": 1000.0, "overshoot_cost": 146.11876228890728, "power_cost": 32.80769318847656, "noise_cost": 95.93937285642089, "n_waypoints_completed": 0, "tot_waypoints": 9}}
{"target": -1390.1509289965443, "params": {"k_pid_pos": [9.999999747378752e-05, 1.0, 0.0], "k_pid_alt": [1.81793212890625, 1.0, 0.02891606092453003], "k_pid_att": [96.21963500976562, 0.4088013768196106, 0.008513987064361572], "k_pid_yaw": [0.5, 1e-06, 0.1], "k_pid_hsp": [0.2436138242483139, 0.0, 0.0], "k_pid_vsp": [0.0, 400.0, 400.0]}, "datetime": {"datetime": "2025-08-21 03:14:58", "elapsed": 55353.429607629776, "delta": 20.75127673149109}, "costs": {"total_cost": 1390.1509289965443, "time_cost": 150, "final_distance_cost": 12.537485884455167, "oscillation_cost": 59.553699985704, "completition_cost": 1000.0, "overshoot_cost": 140.42404835552796, "power_cost": 3.137546130371094, "noise_cost": 24.498148640485983, "n_waypoints_completed": 0, "tot_waypoints": 9}}
{"target": -1437.2228133043816, "params": {"k_pid_pos": [0.00912595633417368, 0.9913958311080933, 0.04042196273803711], "k_pid_alt": [2.0, 1.0, 0.0], "k_pid_att": [98.5177001953125, 9.999999747378752e-05, 0.0], "k_pid_yaw": [0.5, 1e-06, 0.1], "k_pid_hsp": [0.621483564376831, 0.0, 0.0], "k_pid_vsp": [0.0, 400.0, 400.0]}, "datetime": {"datetime": "2025-08-21 03:15:19", "elapsed": 55373.60709667206, "delta": 20.177489042282104}, "costs": {"total_cost": 1437.2228133043816, "time_cost": 150, "final_distance_cost": 12.596545082543871, "oscillation_cost": 65.96316017941878, "completition_cost": 1000.0, "overshoot_cost": 139.57575306380787, "power_cost": 15.239124487304688, "noise_cost": 53.84823049130622, "n_waypoints_completed": 0, "tot_waypoints": 9}}
{"target": -1757.587690320844, "params": {"k_pid_pos": [9.999999747378752e-05, 0.9129776358604431, 0.03370031714439392], "k_pid_alt": [2.0, 0.9436460733413696, 0.03206068277359009], "k_pid_att": [97.49779510498047, 9.999999747378752e-05, 0.0], "k_pid_yaw": [0.5, 1e-06, 0.1], "k_pid_hsp": [9.999999747378752e-05, 0.016444504261016846, 0.0006401538848876953], "k_pid_vsp": [0.0, 400.0, 400.0]}, "datetime": {"datetime": "2025-08-21 03:15:38", "elapsed": 55393.10689616203, "delta": 19.499799489974976}, "costs": {"total_cost": 1757.587690320844, "time_cost": 150, "final_distance_cost": 247.29052687353328, "oscillation_cost": 26.34955335049687, "completition_cost": 1000.0, "overshoot_cost": 268.9147566058185, "power_cost": 37.90485749511719, "noise_cost": 27.127995995878344, "n_waypoints_completed": 0, "tot_waypoints": 9}}
{"target": -1604.3174999296161, "params": {"k_pid_pos": [9.999999747378752e-05, 1.0, 0.052741020917892456], "k_pid_alt": [2.0, 0.9874173402786255, 0.02101263403892517], "k_pid_att": [84.16710662841797, 9.999999747378752e-05, 0.0], "k_pid_yaw": [0.5, 1e-06, 0.1], "k_pid_hsp": [9.999999747378752e-05, 0.01904374361038208, 0.0], "k_pid_vsp": [0.0, 385.89013671875, 374.91278076171875]}, "datetime": {"datetime": "2025-08-21 03:15:59", "elapsed": 55414.4139251709, "delta": 21.307029008865356}, "costs": {"total_cost": 1604.3174999296161, "time_cost": 150, "final_distance_cost": 176.0886817077983, "oscillation_cost": 24.75081504311293, "completition_cost": 1000.0, "overshoot_cost": 187.72622056104905, "power_cost": 37.88883927001953, "noise_cost": 27.862943347636133, "n_waypoints_completed": 0, "tot_waypoints": 9}}
{"target": -2161.5921350159474, "params": {"k_pid_pos": [0.05160478129982948, 0.9666813015937805, 0.06684783101081848], "k_pid_alt": [1.9956107139587402, 1.0, 0.03197520971298218], "k_pid_att": [99.9923324584961, 0.47654762864112854, 0.0], "k_pid_yaw": [0.5, 1e-06, 0.1], "k_pid_hsp": [0.015172373503446579, 0.0, 0.04828348755836487], "k_pid_vsp": [0.0, 400.0, 400.0]}, "datetime": {"datetime": "2025-08-21 03:16:19", "elapsed": 55433.92235040665, "delta": 19.50842523574829}, "costs": {"total_cost": 2161.5921350159474, "time_cost": 150, "final_distance_cost": 433.06760366568636, "oscillation_cost": 148.05309377349107, "completition_cost": 888.8888888888888, "overshoot_cost": 501.6834933412545, "power_cost": 22.29748349609375, "noise_cost": 17.601571850532743, "n_waypoints_completed": 1, "tot_waypoints": 9}}
{"target": -1436.3943164387006, "params": {"k_pid_pos": [0.1459082067012787, 1.0, 0.06801867485046387], "k_pid_alt": [2.0, 0.9521870017051697, 0.0], "k_pid_att": [93.04572296142578, 9.999999747378752e-05, 0.05966144800186157], "k_pid_yaw": [0.5, 1e-06, 0.1], "k_pid_hsp": [0.22981221973896027, 0.0, 0.0231015682220459], "k_pid_vsp": [8.29571533203125, 400.0, 367.83953857421875]}, "datetime": {"datetime": "2025-08-21 03:16:40", "elapsed": 55454.721137046814, "delta": 20.798786640167236}, "costs": {"total_cost": 1436.3943164387006, "time_cost": 150, "final_distance_cost": 11.863144737053464, "oscillation_cost": 74.36281649666569, "completition_cost": 1000.0, "overshoot_cost": 139.301549058251, "power_cost": 12.838844287109376, "noise_cost": 48.02796185962117, "n_waypoints_completed": 0, "tot_waypoints": 9}}
{"target": -3668.682478621584, "params": {"k_pid_pos": [0.06863124668598175, 1.0, 0.0], "k_pid_alt": [1.842094898223877, 1.0, 0.017523497343063354], "k_pid_att": [100.0, 9.999999747378752e-05, 0.0], "k_pid_yaw": [0.5, 1e-06, 0.1], "k_pid_hsp": [9.999999747378752e-05, 0.0, 0.0854177176952362], "k_pid_vsp": [0.0, 400.0, 400.0]}, "datetime": {"datetime": "2025-08-21 03:17:00", "elapsed": 55474.98214864731, "delta": 20.261011600494385}, "costs": {"total_cost": 3668.682478621584, "time_cost": 150, "final_distance_cost": 806.924674145372, "oscillation_cost": 320.69497632362834, "completition_cost": 1000.0, "overshoot_cost": 1351.5791959451576, "power_cost": 21.901735961914063, "noise_cost": 17.58189624551126, "n_waypoints_completed": 0, "tot_waypoints": 9}}
