{"target": -1821.803401673709, "params": {"k_pid_pos": [0.09023482352495193, 1.0, 0.0], "k_pid_alt": [2.0, 0.9735246300697327, 0.0], "k_pid_att": [96.81660461425781, 9.999999747378752e-05, 0.06466200947761536], "k_pid_yaw": [0.5, 1e-06, 0.1], "k_pid_hsp": [9.999999747378752e-05, 0.014295846223831177, 0.00891655683517456], "k_pid_vsp": [31.306838989257812, 400.0, 381.36834716796875]}, "datetime": {"datetime": "2025-08-21 03:17:19", "elapsed": 55494.31226372719, "delta": 19.33011507987976}, "costs": {"total_cost": 1821.803401673709, "time_cost": 150, "final_distance_cost": 289.4679426546296, "oscillation_cost": 32.71191066731446, "completition_cost": 1000.0, "overshoot_cost": 324.8081214834063, "power_cost": 11.862128979492189, "noise_cost": 12.953297888866693, "n_waypoints_completed": 0, "tot_waypoints": 9}}
{"target": -2807.172387485498, "params": {"k_pid_pos": [0.13350455462932587, 0.9764281511306763, 0.0], "k_pid_alt": [2.0, 1.0, 0.0], "k_pid_att": [96.58255767822266, 0.9534071683883667, 0.00017493963241577148], "k_pid_yaw": [0.5, 1e-06, 0.1], "k_pid_hsp": [9.999999747378752e-05, 0.03622239828109741, 0.07199439406394958], "k_pid_vsp": [10.593664169311523, 390.92498779296875, 400.0]}, "datetime": {"datetime": "2025-08-21 03:17:40", "elapsed": 55515.49544644356, "delta": 21.18318271636963}, "costs": {"total_cost": 2807.172387485498, "time_cost": 150, "final_distance_cost": 503.315746842031, "oscillation_cost": 304.33296895256365, "completition_cost": 1000.0, "overshoot_cost": 809.0698943027438, "power_cost": 22.56459168701172, "noise_cost": 17.889185701147827, "n_waypoints_completed": 0, "tot_waypoints": 9}}
{"target": -2247.2439099083495, "params": {"k_pid_pos": [9.999999747378752e-05, 0.9985867738723755, 0.0], "k_pid_alt": [1.9864797592163086, 1.0, 0.0], "k_pid_att": [99.09813690185547, 9.999999747378752e-05, 0.0], "k_pid_yaw": [0.5, 1e-06, 0.1], "k_pid_hsp": [9.999999747378752e-05, 0.04557257890701294, 0.03590506315231323], "k_pid_vsp": [42.92355728149414, 400.0, 389.7936096191406]}, "datetime": {"datetime": "2025-08-21 03:18:00", "elapsed": 55534.985656261444, "delta": 19.490209817886353}, "costs": {"total_cost": 2247.2439099083495, "time_cost": 150, "final_distance_cost": 382.43597141293424, "oscillation_cost": 96.37375651802505, "completition_cost": 1000.0, "overshoot_cost": 585.6784893092753, "power_cost": 17.397490344238282, "noise_cost": 15.358202323876897, "n_waypoints_completed": 0, "tot_waypoints": 9}}
{"target": -1391.692289600129, "params": {"k_pid_pos": [0.01756233349442482, 0.9987561702728271, 0.09426912665367126], "k_pid_alt": [2.0, 1.0, 0.0], "k_pid_att": [99.9460678100586, 0.00924147292971611, 0.04321625828742981], "k_pid_yaw": [0.5, 1e-06, 0.1], "k_pid_hsp": [0.178278848528862, 0.06044018268585205, 0.0], "k_pid_vsp": [18.48665428161621, 400.0, 390.53497314453125]}, "datetime": {"datetime": "2025-08-21 03:18:21", "elapsed": 55556.33313512802, "delta": 21.34747886657715}, "costs": {"total_cost": 1391.692289600129, "time_cost": 150, "final_distance_cost": 14.298366285007358, "oscillation_cost": 58.703683964709214, "completition_cost": 1000.0, "overshoot_cost": 141.2330339158099, "power_cost": 3.03826181640625, "noise_cost": 24.418943618196245, "n_waypoints_completed": 0, "tot_waypoints": 9}}
{"target": -1505.6398247765899, "params": {"k_pid_pos": [0.04542795941233635, 1.0, 0.0], "k_pid_alt": [2.0, 0.99004727602005, 0.0], "k_pid_att": [93.2677230834961, 9.999999747378752e-05, 0.0], "k_pid_yaw": [0.5, 1e-06, 0.1], "k_pid_hsp": [0.2658020257949829, 0.05369788408279419, 0.006940364837646484], "k_pid_vsp": [6.900489330291748, 369.2948913574219, 399.9844055175781]}, "datetime": {"datetime": "2025-08-21 03:18:41", "elapsed": 55576.26832818985, "delta": 19.935193061828613}, "costs": {"total_cost": 1505.6398247765899, "time_cost": 150, "final_distance_cost": 30.272097547874473, "oscillation_cost": 77.75795632430133, "completition_cost": 1000.0, "overshoot_cost": 146.49013103393486, "power_cost": 24.643656396484378, "noise_cost": 76.47598347399484, "n_waypoints_completed": 0, "tot_waypoints": 9}}
{"target": -4326.232852001494, "params": {"k_pid_pos": [0.07404802739620209, 1.0, 0.0], "k_pid_alt": [1.9285273551940918, 1.0, 0.026728838682174683], "k_pid_att": [100.0, 0.1936015635728836, 0.05264517664909363], "k_pid_yaw": [0.5, 1e-06, 0.1], "k_pid_hsp": [9.999999747378752e-05, 0.0, 0.04042410850524902], "k_pid_vsp": [5.492949485778809, 400.0, 400.0]}, "datetime": {"datetime": "2025-08-21 03:19:01", "elapsed": 55596.48461675644, "delta": 20.216288566589355}, "costs": {"total_cost": 4326.232852001494, "time_cost": 150, "final_distance_cost": 1202.4454482349165, "oscillation_cost": 122.30773263683722, "completition_cost": 888.8888888888888, "overshoot_cost": 1916.6647879911313, "power_cost": 26.220446008300783, "noise_cost": 19.705548241419123, "n_waypoints_completed": 1, "tot_waypoints": 9}}
{"target": -1496.4118553432136, "params": {"k_pid_pos": [9.999999747378752e-05, 0.9317838549613953, 0.017549335956573486], "k_pid_alt": [2.0, 0.9721393585205078, 0.0691385269165039], "k_pid_att": [100.0, 0.3241087794303894, 0.0], "k_pid_yaw": [0.5, 1e-06, 0.1], "k_pid_hsp": [0.3939879834651947, 0.05255928635597229, 0.005927860736846924], "k_pid_vsp": [31.56791877746582, 394.8922119140625, 399.99810791015625]}, "datetime": {"datetime": "2025-08-21 03:19:24", "elapsed": 55618.76559853554, "delta": 22.28098177909851}, "costs": {"total_cost": 1496.4118553432136, "time_cost": 150, "final_distance_cost": 21.819667307142655, "oscillation_cost": 78.53338892474929, "completition_cost": 1000.0, "overshoot_cost": 144.61912664909252, "power_cost": 24.717165161132815, "noise_cost": 76.72250730109606, "n_waypoints_completed": 0, "tot_waypoints": 9}}
{"target": -2511.1746116526797, "params": {"k_pid_pos": [0.04458275064826012, 1.0, 0.0], "k_pid_alt": [1.9158663749694824, 0.9563654661178589, 0.0], "k_pid_att": [100.0, 0.3950900435447693, 0.0], "k_pid_yaw": [0.5, 1e-06, 0.1], "k_pid_hsp": [9.999999747378752e-05, 0.05701476335525513, 0.0664055347442627], "k_pid_vsp": [23.861801147460938, 400.0, 383.49835205078125]}, "datetime": {"datetime": "2025-08-21 03:19:43", "elapsed": 55638.40809130669, "delta": 19.64249277114868}, "costs": {"total_cost": 2511.1746116526797, "time_cost": 150, "final_distance_cost": 385.22045866420257, "oscillation_cost": 308.6957310649091, "completition_cost": 1000.0, "overshoot_cost": 628.0095422127123, "power_cost": 21.72473629150391, "noise_cost": 17.52414341935175, "n_waypoints_completed": 0, "tot_waypoints": 9}}
{"target": -1449.1555650973291, "params": {"k_pid_pos": [0.03763259947299957, 1.0, 0.014153897762298584], "k_pid_alt": [2.0, 1.0, 0.09400081634521484], "k_pid_att": [100.0, 9.999999747378752e-05, 0.03083515167236328], "k_pid_yaw": [0.5, 1e-06, 0.1], "k_pid_hsp": [9.999999747378752e-05, 0.08655598759651184, 0.0], "k_pid_vsp": [29.875743865966797, 384.06988525390625, 394.2799377441406]}, "datetime": {"datetime": "2025-08-21 03:20:03", "elapsed": 55658.40620112419, "delta": 19.998109817504883}, "costs": {"total_cost": 1449.1555650973291, "time_cost": 150, "final_distance_cost": 18.39467905625652, "oscillation_cost": 50.77027233518906, "completition_cost": 1000.0, "overshoot_cost": 145.23023903826586, "power_cost": 19.810921447753906, "noise_cost": 64.94945321986381, "n_waypoints_completed": 0, "tot_waypoints": 9}}
{"target": -1484.3616172018774, "params": {"k_pid_pos": [9.999999747378752e-05, 1.0, 0.013407409191131592], "k_pid_alt": [1.9761120080947876, 0.9644478559494019, 0.0], "k_pid_att": [97.35847473144531, 0.89192795753479, 0.0], "k_pid_yaw": [0.5, 1e-06, 0.1], "k_pid_hsp": [0.7381715774536133, 0.0616706907749176, 0.04583898186683655], "k_pid_vsp": [0.0, 388.44134521484375, 394.06756591796875]}, "datetime": {"datetime": "2025-08-21 03:20:24", "elapsed": 55678.809149980545, "delta": 20.40294885635376}, "costs": {"total_cost": 1484.3616172018774, "time_cost": 150, "final_distance_cost": 9.155424382771598, "oscillation_cost": 108.1393109238289, "completition_cost": 1000.0, "overshoot_cost": 139.11627061027127, "power_cost": 22.51097772216797, "noise_cost": 55.439633562837344, "n_waypoints_completed": 0, "tot_waypoints": 9}}
{"target": -2208.6485979960767, "params": {"k_pid_pos": [9.999999747378752e-05, 1.0, 0.0], "k_pid_alt": [1.9746179580688477, 1.0, 0.09705767035484314], "k_pid_att": [92.17158508300781, 0.1718308925628662, 0.0], "k_pid_yaw": [0.5, 1e-06, 0.1], "k_pid_hsp": [9.999999747378752e-05, 0.006092429161071777, 0.08930498361587524], "k_pid_vsp": [19.393085479736328, 400.0, 384.57354736328125]}, "datetime": {"datetime": "2025-08-21 03:20:43", "elapsed": 55698.02042603493, "delta": 19.211276054382324}, "costs": {"total_cost": 2208.6485979960767, "time_cost": 150, "final_distance_cost": 244.45508025757226, "oscillation_cost": 366.7968907642663, "completition_cost": 1000.0, "overshoot_cost": 409.1679997906882, "power_cost": 21.11780848388672, "noise_cost": 17.11081869966334, "n_waypoints_completed": 0, "tot_waypoints": 9}}
{"target": -1498.3987191832396, "params": {"k_pid_pos": [0.1215849444270134, 1.0, 0.0], "k_pid_alt": [2.0, 1.0, 0.12576860189437866], "k_pid_att": [100.0, 9.999999747378752e-05, 0.07008597254753113], "k_pid_yaw": [0.5, 1e-06, 0.1], "k_pid_hsp": [0.7460947632789612, 0.0, 0.06461963057518005], "k_pid_vsp": [33.07243728637695, 400.0, 400.0]}, "datetime": {"datetime": "2025-08-21 03:21:04", "elapsed": 55719.22487735748, "delta": 21.204451322555542}, "costs": {"total_cost": 1498.3987191832396, "time_cost": 150, "final_distance_cost": 19.105226023554643, "oscillation_cost": 128.3768340644458, "completition_cost": 1000.0, "overshoot_cost": 132.60033607689573, "power_cost": 25.511215942382815, "noise_cost": 42.805107075960684, "n_waypoints_completed": 0, "tot_waypoints": 9}}
{"target": -1921.2696512833602, "params": {"k_pid_pos": [9.999999747378752e-05, 1.0, 0.0], "k_pid_alt": [1.8491220474243164, 0.9833292961120605, 0.028880655765533447], "k_pid_att": [100.0, 9.999999747378752e-05, 0.0], "k_pid_yaw": [0.5, 1e-06, 0.1], "k_pid_hsp": [9.999999747378752e-05, 0.012942492961883545, 0.017049640417099], "k_pid_vsp": [0.0, 356.62005615234375, 400.0]}, "datetime": {"datetime": "2025-08-21 03:21:23", "elapsed": 55738.43423700333, "delta": 19.209359645843506}, "costs": {"total_cost": 1921.2696512833602, "time_cost": 150, "final_distance_cost": 330.6992508467995, "oscillation_cost": 31.600135021997527, "completition_cost": 1000.0, "overshoot_cost": 384.67438552232295, "power_cost": 11.616475488281251, "noise_cost": 12.679404403959019, "n_waypoints_completed": 0, "tot_waypoints": 9}}
{"target": -1478.4013133077647, "params": {"k_pid_pos": [9.999999747378752e-05, 1.0, 0.09216892719268799], "k_pid_alt": [2.0, 0.8906034231185913, 0.0], "k_pid_att": [94.48255920410156, 0.2933545708656311, 0.060138046741485596], "k_pid_yaw": [0.5, 1e-06, 0.1], "k_pid_hsp": [0.39003682136535645, 0.0, 0.0061692893505096436], "k_pid_vsp": [11.846399307250977, 398.12103271484375, 400.0]}, "datetime": {"datetime": "2025-08-21 03:21:44", "elapsed": 55759.48966264725, "delta": 21.0554256439209}, "costs": {"total_cost": 1478.4013133077647, "time_cost": 150, "final_distance_cost": 20.251281802212198, "oscillation_cost": 79.73870912236195, "completition_cost": 1000.0, "overshoot_cost": 143.59711004927874, "power_cost": 19.78913162841797, "noise_cost": 65.02508070549369, "n_waypoints_completed": 0, "tot_waypoints": 9}}
{"target": -1489.8350004339277, "params": {"k_pid_pos": [0.02565576322376728, 1.0, 0.019913136959075928], "k_pid_alt": [1.9090672731399536, 0.9895420074462891, 0.0], "k_pid_att": [97.69454956054688, 0.24407188594341278, 0.0], "k_pid_yaw": [0.5, 1e-06, 0.1], "k_pid_hsp": [0.323949933052063, 0.012443512678146362, 0.07230478525161743], "k_pid_vsp": [0.0, 400.0, 400.0]}, "datetime": {"datetime": "2025-08-21 03:22:04", "elapsed": 55778.61032819748, "delta": 19.120665550231934}, "costs": {"total_cost": 1489.8350004339277, "time_cost": 150, "final_distance_cost": 8.600444990816163, "oscillation_cost": 160.90189503076184, "completition_cost": 1000.0, "overshoot_cost": 126.94764325356812, "power_cost": 17.46090379638672, "noise_cost": 25.924113362394827, "n_waypoints_completed": 0, "tot_waypoints": 9}}
{"target": -1940.869175233799, "params": {"k_pid_pos": [9.999999747378752e-05, 0.9958482384681702, 0.04433697462081909], "k_pid_alt": [1.9129066467285156, 0.9678221940994263, 0.0], "k_pid_att": [94.43209075927734, 9.999999747378752e-05, 0.027272671461105347], "k_pid_yaw": [0.5, 1e-06, 0.1], "k_pid_hsp": [9.999999747378752e-05, 0.0, 0.0], "k_pid_vsp": [0.0, 400.0, 400.0]}, "datetime": {"datetime": "2025-08-21 03:22:25", "elapsed": 55799.58651089668, "delta": 20.97618269920349}, "costs": {"total_cost": 1940.869175233799, "time_cost": 150, "final_distance_cost": 330.79129545188755, "oscillation_cost": 24.521297326170384, "completition_cost": 1000.0, "overshoot_cost": 369.6922589307523, "power_cost": 37.863889575195316, "noise_cost": 28.000433949793393, "n_waypoints_completed": 0, "tot_waypoints": 9}}
{"target": -1432.8928459597112, "params": {"k_pid_pos": [0.15264950692653656, 1.0, 0.04940289258956909], "k_pid_alt": [1.9522497653961182, 0.9341365098953247, 0.06203943490982056], "k_pid_att": [100.0, 9.999999747378752e-05, 0.040948688983917236], "k_pid_yaw": [0.5, 1e-06, 0.1], "k_pid_hsp": [0.9057802557945251, 0.005200624465942383, 0.0], "k_pid_vsp": [0.0, 390.0930480957031, 367.3292236328125]}, "datetime": {"datetime": "2025-08-21 03:22:44", "elapsed": 55819.086997270584, "delta": 19.500486373901367}, "costs": {"total_cost": 1432.8928459597112, "time_cost": 150, "final_distance_cost": 12.84390233546909, "oscillation_cost": 68.4556740401548, "completition_cost": 1000.0, "overshoot_cost": 138.86924952668906, "power_cost": 13.391256787109375, "noise_cost": 49.33276327028873, "n_waypoints_completed": 0, "tot_waypoints": 9}}
{"target": -3803.7519684082413, "params": {"k_pid_pos": [0.15271113812923431, 1.0, 0.0], "k_pid_alt": [1.9791910648345947, 1.0, 0.0009260475635528564], "k_pid_att": [100.0, 0.47826749086380005, 0.0], "k_pid_yaw": [0.5, 1e-06, 0.1], "k_pid_hsp": [9.999999747378752e-05, 0.0016449391841888428, 0.054327934980392456], "k_pid_vsp": [0.0, 354.35528564453125, 386.7657775878906]}, "datetime": {"datetime": "2025-08-21 03:23:05", "elapsed": 55839.572170734406, "delta": 20.48517346382141}, "costs": {"total_cost": 3803.7519684082413, "time_cost": 150, "final_distance_cost": 930.133121102947, "oscillation_cost": 172.3362624782654, "completition_cost": 1000.0, "overshoot_cost": 1511.165950247026, "power_cost": 22.292039978027343, "noise_cost": 17.82459460197566, "n_waypoints_completed": 0, "tot_waypoints": 9}}
{"target": -1504.769465449041, "params": {"k_pid_pos": [0.16087065637111664, 1.0, 0.0528751015663147], "k_pid_alt": [1.905200719833374, 1.0, 0.0], "k_pid_att": [91.20044708251953, 9.999999747378752e-05, 0.0], "k_pid_yaw": [0.5, 1e-06, 0.1], "k_pid_hsp": [0.43003204464912415, 0.13106340169906616, 0.0], "k_pid_vsp": [11.048543930053711, 396.51177978515625, 390.11590576171875]}, "datetime": {"datetime": "2025-08-21 03:23:25", "elapsed": 55859.70333814621, "delta": 20.1311674118042}, "costs": {"total_cost": 1504.769465449041, "time_cost": 150, "final_distance_cost": 11.505873634412527, "oscillation_cost": 60.23236421152714, "completition_cost": 1000.0, "overshoot_cost": 139.5743155540037, "power_cost": 37.09807147216797, "noise_cost": 106.35884057692975, "n_waypoints_completed": 0, "tot_waypoints": 9}}
{"target": -3653.6484180193834, "params": {"k_pid_pos": [0.08534808456897736, 0.9818475246429443, 0.04014834761619568], "k_pid_alt": [1.8635441064834595, 1.0, 0.04894092679023743], "k_pid_att": [93.27301788330078, 0.3089967668056488, 0.050569504499435425], "k_pid_yaw": [0.5, 1e-06, 0.1], "k_pid_hsp": [9.999999747378752e-05, 0.0, 0.03621363639831543], "k_pid_vsp": [31.248701095581055, 376.34228515625, 400.0]}, "datetime": {"datetime": "2025-08-21 03:23:44", "elapsed": 55879.37237429619, "delta": 19.669036149978638}, "costs": {"total_cost": 3653.6484180193834, "time_cost": 150, "final_distance_cost": 881.9866930959801, "oscillation_cost": 81.65367188758935, "completition_cost": 1000.0, "overshoot_cost": 1501.975399325664, "power_cost": 20.855351330566407, "noise_cost": 17.1773023795838, "n_waypoints_completed": 0, "tot_waypoints": 9}}
{"target": -1732.060548518796, "params": {"k_pid_pos": [0.14306609332561493, 1.0, 0.037192314863204956], "k_pid_alt": [1.9350337982177734, 0.9102462530136108, 0.009505122900009155], "k_pid_att": [97.48046112060547, 9.999999747378752e-05, 0.06386047601699829], "k_pid_yaw": [0.5, 1e-06, 0.1], "k_pid_hsp": [9.999999747378752e-05, 0.011787325143814087, 0.0], "k_pid_vsp": [0.0, 400.0, 395.4605712890625]}, "datetime": {"datetime": "2025-08-21 03:24:07", "elapsed": 55901.82015657425, "delta": 22.447782278060913}, "costs": {"total_cost": 1732.060548518796, "time_cost": 150, "final_distance_cost": 292.9430257378111, "oscillation_cost": 30.92783745344707, "completition_cost": 888.8888888888888, "overshoot_cost": 344.30587733529603, "power_cost": 11.907614526367189, "noise_cost": 13.087304576985787, "n_waypoints_completed": 1, "tot_waypoints": 9}}
{"target": -3240.5618930285605, "params": {"k_pid_pos": [9.999999747378752e-05, 0.9551436901092529, 0.0], "k_pid_alt": [1.9383238554000854, 1.0, 0.02362513542175293], "k_pid_att": [100.0, 0.1416393518447876, 0.0], "k_pid_yaw": [0.5, 1e-06, 0.1], "k_pid_hsp": [9.999999747378752e-05, 0.0, 0.02806645631790161], "k_pid_vsp": [1.6161918640136719, 400.0, 400.0]}, "datetime": {"datetime": "2025-08-21 03:24:27", "elapsed": 55922.18951010704, "delta": 20.369353532791138}, "costs": {"total_cost": 3240.5618930285605, "time_cost": 150, "final_distance_cost": 779.0026341140691, "oscillation_cost": 110.59652543133062, "completition_cost": 1000.0, "overshoot_cost": 1140.1782356809797, "power_cost": 35.980756774902346, "noise_cost": 24.803741027278566, "n_waypoints_completed": 0, "tot_waypoints": 9}}
{"target": -3353.1854229633764, "params": {"k_pid_pos": [9.999999747378752e-05, 0.9999417662620544, 0.0], "k_pid_alt": [2.0, 0.9717876315116882, 0.0], "k_pid_att": [100.0, 9.999999747378752e-05, 0.07452410459518433], "k_pid_yaw": [0.5, 1e-06, 0.1], "k_pid_hsp": [9.999999747378752e-05, 0.03465437889099121, 0.059414833784103394], "k_pid_vsp": [0.0, 396.4419860839844, 400.0]}, "datetime": {"datetime": "2025-08-21 03:24:47", "elapsed": 55942.04161167145, "delta": 19.85210156440735}, "costs": {"total_cost": 3353.1854229633764, "time_cost": 150, "final_distance_cost": 794.1302021954103, "oscillation_cost": 130.59425743432448, "completition_cost": 1000.0, "overshoot_cost": 1239.2362365768663, "power_cost": 21.531822668457032, "noise_cost": 17.69290408831775, "n_waypoints_completed": 0, "tot_waypoints": 9}}
{"target": -2167.201537700374, "params": {"k_pid_pos": [9.999999747378752e-05, 0.9627403020858765, 0.025570422410964966], "k_pid_alt": [1.933290719985962, 1.0, 0.009895026683807373], "k_pid_att": [95.28573608398438, 0.3852264881134033, 0.0], "k_pid_yaw": [0.5, 1e-06, 0.1], "k_pid_hsp": [9.999999747378752e-05, 0.0, 0.09679245948791504], "k_pid_vsp": [26.06564712524414, 397.02630615234375, 391.1646423339844]}, "datetime": {"datetime": "2025-08-21 03:25:07", "elapsed": 55962.326330423355, "delta": 20.28471875190735}, "costs": {"total_cost": 2167.201537700374, "time_cost": 150, "final_distance_cost": 216.28780077334113, "oscillation_cost": 405.60546149818055, "completition_cost": 1000.0, "overshoot_cost": 355.7810213524624, "power_cost": 21.998358056640626, "noise_cost": 17.52889601974951, "n_waypoints_completed": 0, "tot_waypoints": 9}}
{"target": -1470.0436034157876, "params": {"k_pid_pos": [0.007919201627373695, 1.0, 0.041307270526885986], "k_pid_alt": [1.9866716861724854, 1.0, 0.0], "k_pid_att": [100.0, 9.999999747378752e-05, 0.015929222106933594], "k_pid_yaw": [0.5, 1e-06, 0.1], "k_pid_hsp": [0.17303965985774994, 0.0, 0.07215765118598938], "k_pid_vsp": [4.992103576660156, 400.0, 400.0]}, "datetime": {"datetime": "2025-08-21 03:25:27", "elapsed": 55982.323179244995, "delta": 19.996848821640015}, "costs": {"total_cost": 1470.0436034157876, "time_cost": 150, "final_distance_cost": 33.96595856122167, "oscillation_cost": 172.91508049334612, "completition_cost": 1000.0, "overshoot_cost": 67.69026422459801, "power_cost": 25.214940771484375, "noise_cost": 20.257359365137507, "n_waypoints_completed": 0, "tot_waypoints": 9}}
{"target": -1455.1560185481396, "params": {"k_pid_pos": [9.999999747378752e-05, 0.9963736534118652, 0.07713046669960022], "k_pid_alt": [2.0, 0.9223126173019409, 0.0], "k_pid_att": [100.0, 1.0886428356170654, 0.050268739461898804], "k_pid_yaw": [0.5, 1e-06, 0.1], "k_pid_hsp": [0.08648206293582916, 0.040211886167526245, 0.0], "k_pid_vsp": [13.997781753540039, 391.181884765625, 400.0]}, "datetime": {"datetime": "2025-08-21 03:25:47", "elapsed": 56002.478650808334, "delta": 20.155471563339233}, "costs": {"total_cost": 1455.1560185481396, "time_cost": 150, "final_distance_cost": 21.0890879089318, "oscillation_cost": 51.37656785207146, "completition_cost": 1000.0, "overshoot_cost": 142.28288499422376, "power_cost": 21.47474099121094, "noise_cost": 68.93273680170158, "n_waypoints_completed": 0, "tot_waypoints": 9}}
