{"target": -1466.675498973589, "params": {"k_pid_pos": [0.15798534452915192, 1.0, 0.0], "k_pid_alt": [1.9599075317382812, 0.9296236038208008, 0.0], "k_pid_att": [99.03321075439453, 9.999999747378752e-05, 0.0], "k_pid_yaw": [0.5, 1e-06, 0.1], "k_pid_hsp": [0.3410613536834717, 0.007432758808135986, 0.05139535665512085], "k_pid_vsp": [14.864516258239746, 355.66900634765625, 361.5187683105469]}, "datetime": {"datetime": "2025-08-20 15:57:02", "elapsed": 14677.343715429306, "delta": 22.734458684921265}, "costs": {"total_cost": 1466.675498973589, "time_cost": 150, "final_distance_cost": 10.705970088962141, "oscillation_cost": 117.30658673355778, "completition_cost": 1000.0, "overshoot_cost": 129.57415607662801, "power_cost": 24.12459334716797, "noise_cost": 34.964192727273115, "n_waypoints_completed": 0, "tot_waypoints": 9}}
{"target": -1502.9635301108806, "params": {"k_pid_pos": [0.042279623448848724, 0.9881070852279663, 0.0], "k_pid_alt": [1.9794914722442627, 1.0, 0.0], "k_pid_att": [93.24823760986328, 0.10614334791898727, 0.013919174671173096], "k_pid_yaw": [0.5, 1e-06, 0.1], "k_pid_hsp": [0.40793293714523315, 0.07805773615837097, 0.07115516066551208], "k_pid_vsp": [0.0, 351.58099365234375, 381.66455078125]}, "datetime": {"datetime": "2025-08-20 15:57:24", "elapsed": 14699.244848489761, "delta": 21.901133060455322}, "costs": {"total_cost": 1502.9635301108806, "time_cost": 150, "final_distance_cost": 5.014738262988417, "oscillation_cost": 143.3656254429467, "completition_cost": 1000.0, "overshoot_cost": 135.69184208360912, "power_cost": 24.302286535644534, "noise_cost": 44.589037785691986, "n_waypoints_completed": 0, "tot_waypoints": 9}}
{"target": -2071.5480438156287, "params": {"k_pid_pos": [0.10951626300811768, 0.9544966220855713, 0.0], "k_pid_alt": [1.957606554031372, 0.9814636707305908, 0.0], "k_pid_att": [100.0, 9.999999747378752e-05, 0.004089295864105225], "k_pid_yaw": [0.5, 1e-06, 0.1], "k_pid_hsp": [9.999999747378752e-05, 0.0, 0.015349745750427246], "k_pid_vsp": [0.0, 367.2716064453125, 400.0]}, "datetime": {"datetime": "2025-08-20 15:57:47", "elapsed": 14721.513713359833, "delta": 22.26886487007141}, "costs": {"total_cost": 2071.5480438156287, "time_cost": 150, "final_distance_cost": 391.86639815458204, "oscillation_cost": 35.29585083607784, "completition_cost": 1000.0, "overshoot_cost": 471.64567099006246, "power_cost": 10.784148022460938, "noise_cost": 11.955975812445306, "n_waypoints_completed": 0, "tot_waypoints": 9}}
{"target": -2124.059924127936, "params": {"k_pid_pos": [0.04258889704942703, 0.9821202754974365, 0.009474635124206543], "k_pid_alt": [1.840262532234192, 0.9892497062683105, 0.0], "k_pid_att": [98.45630645751953, 9.999999747378752e-05, 0.02073490619659424], "k_pid_yaw": [0.5, 1e-06, 0.1], "k_pid_hsp": [9.999999747378752e-05, 0.06488355994224548, 0.054905056953430176], "k_pid_vsp": [0.0, 400.0, 400.0]}, "datetime": {"datetime": "2025-08-20 15:58:10", "elapsed": 14745.05131649971, "delta": 23.53760313987732}, "costs": {"total_cost": 2124.059924127936, "time_cost": 150, "final_distance_cost": 322.5480917063175, "oscillation_cost": 129.59876590269891, "completition_cost": 1000.0, "overshoot_cost": 483.14964434555543, "power_cost": 21.526814660644533, "noise_cost": 17.23660751271957, "n_waypoints_completed": 0, "tot_waypoints": 9}}
{"target": -1952.3799030199684, "params": {"k_pid_pos": [0.04497677832841873, 0.9398085474967957, 0.0014042854309082031], "k_pid_alt": [2.0, 0.9431157112121582, 0.059265345335006714], "k_pid_att": [100.0, 9.999999747378752e-05, 0.0], "k_pid_yaw": [0.5, 1e-06, 0.1], "k_pid_hsp": [9.999999747378752e-05, 0.0, 0.0], "k_pid_vsp": [18.16720962524414, 398.7461853027344, 400.0]}, "datetime": {"datetime": "2025-08-20 15:58:37", "elapsed": 14772.13181090355, "delta": 27.08049440383911}, "costs": {"total_cost": 1952.3799030199684, "time_cost": 150, "final_distance_cost": 335.37876578620404, "oscillation_cost": 25.290953326609387, "completition_cost": 1000.0, "overshoot_cost": 375.4146220016913, "power_cost": 37.940587365722656, "noise_cost": 28.35497453974119, "n_waypoints_completed": 0, "tot_waypoints": 9}}
{"target": -1516.4225089625204, "params": {"k_pid_pos": [9.999999747378752e-05, 1.0, 0.0], "k_pid_alt": [1.9549256563186646, 0.9344404935836792, 0.0], "k_pid_att": [88.68427276611328, 9.999999747378752e-05, 0.0], "k_pid_yaw": [0.5, 1e-06, 0.1], "k_pid_hsp": [0.3196760416030884, 0.0, 0.08392810821533203], "k_pid_vsp": [0.0, 365.3175964355469, 400.0]}, "datetime": {"datetime": "2025-08-20 15:59:01", "elapsed": 14796.299723863602, "delta": 24.16791296005249}, "costs": {"total_cost": 1516.4225089625204, "time_cost": 150, "final_distance_cost": 25.646289241225023, "oscillation_cost": 193.13931193562908, "completition_cost": 1000.0, "overshoot_cost": 112.03074700667793, "power_cost": 17.270685473632813, "noise_cost": 18.33547530535562, "n_waypoints_completed": 0, "tot_waypoints": 9}}
{"target": -1409.267117224411, "params": {"k_pid_pos": [9.999999747378752e-05, 0.9642958641052246, 0.0], "k_pid_alt": [2.0, 0.9774297475814819, 0.005783200263977051], "k_pid_att": [100.0, 9.999999747378752e-05, 0.0], "k_pid_yaw": [0.5, 1e-06, 0.1], "k_pid_hsp": [9.999999747378752e-05, 0.04072970151901245, 0.0], "k_pid_vsp": [0.0, 400.0, 400.0]}, "datetime": {"datetime": "2025-08-20 15:59:24", "elapsed": 14818.8007645607, "delta": 22.50104069709778}, "costs": {"total_cost": 1409.267117224411, "time_cost": 150, "final_distance_cost": 16.147799890152584, "oscillation_cost": 34.9274450053311, "completition_cost": 1000.0, "overshoot_cost": 155.34580500835983, "power_cost": 11.180336181640625, "noise_cost": 41.665731138927214, "n_waypoints_completed": 0, "tot_waypoints": 9}}
{"target": -1954.4956199502376, "params": {"k_pid_pos": [0.1273694634437561, 1.0, 0.0], "k_pid_alt": [1.9958302974700928, 1.0, 0.0], "k_pid_att": [94.61493682861328, 9.999999747378752e-05, 0.046724915504455566], "k_pid_yaw": [0.5, 1e-06, 0.1], "k_pid_hsp": [9.999999747378752e-05, 0.0, 0.0], "k_pid_vsp": [28.18795394897461, 386.2733154296875, 400.0]}, "datetime": {"datetime": "2025-08-20 15:59:46", "elapsed": 14841.285204410553, "delta": 22.484439849853516}, "costs": {"total_cost": 1954.4956199502376, "time_cost": 150, "final_distance_cost": 335.1748270403833, "oscillation_cost": 24.61206272850741, "completition_cost": 1000.0, "overshoot_cost": 378.9594367435465, "power_cost": 37.87951207275391, "noise_cost": 27.869781365046446, "n_waypoints_completed": 0, "tot_waypoints": 9}}
{"target": -2734.6935182032703, "params": {"k_pid_pos": [0.09068624675273895, 0.9487553834915161, 0.05180466175079346], "k_pid_alt": [1.828731656074524, 1.0, 0.0], "k_pid_att": [100.0, 9.999999747378752e-05, 0.02594497799873352], "k_pid_yaw": [0.5, 1e-06, 0.1], "k_pid_hsp": [0.043741192668676376, 0.01581627130508423, 0.1099122166633606], "k_pid_vsp": [0.0, 382.78070068359375, 364.2523498535156]}, "datetime": {"datetime": "2025-08-20 16:00:09", "elapsed": 14863.58642745018, "delta": 22.301223039627075}, "costs": {"total_cost": 2734.6935182032703, "time_cost": 150, "final_distance_cost": 451.7514382107153, "oscillation_cost": 373.6591358494981, "completition_cost": 1000.0, "overshoot_cost": 720.0916203818201, "power_cost": 21.73416219482422, "noise_cost": 17.457161566412072, "n_waypoints_completed": 0, "tot_waypoints": 9}}
{"target": -1425.2614260584307, "params": {"k_pid_pos": [0.04389220476150513, 1.0, 0.015620529651641846], "k_pid_alt": [1.9355511665344238, 0.9787814617156982, 0.0], "k_pid_att": [98.1556396484375, 9.999999747378752e-05, 0.0], "k_pid_yaw": [0.5, 1e-06, 0.1], "k_pid_hsp": [0.764366090297699, 0.03308841586112976, 0.0], "k_pid_vsp": [0.0, 400.0, 394.86065673828125]}, "datetime": {"datetime": "2025-08-20 16:00:31", "elapsed": 14886.254031896591, "delta": 22.667604446411133}, "costs": {"total_cost": 1425.2614260584307, "time_cost": 150, "final_distance_cost": 12.25122659019012, "oscillation_cost": 67.50694810710536, "completition_cost": 1000.0, "overshoot_cost": 139.44991121363364, "power_cost": 11.484554821777344, "noise_cost": 44.5687853257244, "n_waypoints_completed": 0, "tot_waypoints": 9}}
{"target": -1424.2462213142549, "params": {"k_pid_pos": [9.999999747378752e-05, 1.0, 0.0], "k_pid_alt": [1.8732224702835083, 0.9256062507629395, 0.0], "k_pid_att": [100.0, 0.046930305659770966, 0.08145177364349365], "k_pid_yaw": [0.5, 1e-06, 0.1], "k_pid_hsp": [0.6819351315498352, 0.0, 0.0], "k_pid_vsp": [0.0, 396.51788330078125, 400.0]}, "datetime": {"datetime": "2025-08-20 16:00:53", "elapsed": 14908.355072021484, "delta": 22.10104012489319}, "costs": {"total_cost": 1424.2462213142549, "time_cost": 150, "final_distance_cost": 15.482503540738765, "oscillation_cost": 67.3083554077738, "completition_cost": 1000.0, "overshoot_cost": 139.8836854663789, "power_cost": 10.099095080566407, "noise_cost": 41.47258181879686, "n_waypoints_completed": 0, "tot_waypoints": 9}}
{"target": -1464.9700229089376, "params": {"k_pid_pos": [9.999999747378752e-05, 1.0, 0.0], "k_pid_alt": [1.8935257196426392, 0.9274817705154419, 0.0], "k_pid_att": [100.0, 0.0577666200697422, 0.0], "k_pid_yaw": [0.5, 1e-06, 0.1], "k_pid_hsp": [9.999999747378752e-05, 0.0482003390789032, 0.013864189386367798], "k_pid_vsp": [0.0, 367.9726257324219, 400.0]}, "datetime": {"datetime": "2025-08-20 16:01:16", "elapsed": 14931.339554309845, "delta": 22.984482288360596}, "costs": {"total_cost": 1464.9700229089376, "time_cost": 150, "final_distance_cost": 32.11767444537333, "oscillation_cost": 37.0991024017822, "completition_cost": 1000.0, "overshoot_cost": 150.9923306963876, "power_cost": 22.951901977539062, "noise_cost": 71.80901338785549, "n_waypoints_completed": 0, "tot_waypoints": 9}}
{"target": -1972.960653378515, "params": {"k_pid_pos": [0.05851416289806366, 1.0, 0.0], "k_pid_alt": [1.8503608703613281, 1.0, 0.046397268772125244], "k_pid_att": [98.02012634277344, 9.999999747378752e-05, 0.020556926727294922], "k_pid_yaw": [0.5, 1e-06, 0.1], "k_pid_hsp": [9.999999747378752e-05, 0.0, 0.0], "k_pid_vsp": [2.2574543952941895, 399.8350524902344, 400.0]}, "datetime": {"datetime": "2025-08-20 16:01:39", "elapsed": 14953.723931789398, "delta": 22.384377479553223}, "costs": {"total_cost": 1972.960653378515, "time_cost": 150, "final_distance_cost": 341.98079929642864, "oscillation_cost": 25.05453334459399, "completition_cost": 1000.0, "overshoot_cost": 390.373738741332, "power_cost": 37.87420858154297, "noise_cost": 27.677373414617335, "n_waypoints_completed": 0, "tot_waypoints": 9}}
{"target": -2534.7300114688587, "params": {"k_pid_pos": [9.999999747378752e-05, 0.9252748489379883, 0.02181088924407959], "k_pid_alt": [1.9973152875900269, 0.9908432960510254, 0.0], "k_pid_att": [95.53858947753906, 9.999999747378752e-05, 0.002707242965698242], "k_pid_yaw": [0.5, 1e-06, 0.1], "k_pid_hsp": [0.016120078042149544, 0.0, 0.1275404691696167], "k_pid_vsp": [0.0, 400.0, 370.94732666015625]}, "datetime": {"datetime": "2025-08-20 16:02:01", "elapsed": 14976.141695976257, "delta": 22.41776418685913}, "costs": {"total_cost": 2534.7300114688587, "time_cost": 150, "final_distance_cost": 377.8538182518838, "oscillation_cost": 405.1448339443902, "completition_cost": 1000.0, "overshoot_cost": 563.144006612296, "power_cost": 21.393770312500003, "noise_cost": 17.193582347788844, "n_waypoints_completed": 0, "tot_waypoints": 9}}
{"target": -1458.4977453694587, "params": {"k_pid_pos": [0.06172579899430275, 1.0, 0.07356920838356018], "k_pid_alt": [1.9318177700042725, 0.9013482928276062, 0.0], "k_pid_att": [99.82512664794922, 0.3119879961013794, 0.0], "k_pid_yaw": [0.5, 1e-06, 0.1], "k_pid_hsp": [0.22788849472999573, 0.0, 0.0], "k_pid_vsp": [0.0, 389.1642150878906, 400.0]}, "datetime": {"datetime": "2025-08-20 16:02:23", "elapsed": 14998.47628903389, "delta": 22.334593057632446}, "costs": {"total_cost": 1458.4977453694587, "time_cost": 150, "final_distance_cost": 16.32455593786134, "oscillation_cost": 58.819194721214565, "completition_cost": 1000.0, "overshoot_cost": 139.63172505678926, "power_cost": 22.45231363525391, "noise_cost": 71.26995601833964, "n_waypoints_completed": 0, "tot_waypoints": 9}}
{"target": -1925.8128809069672, "params": {"k_pid_pos": [0.10079969465732574, 1.0, 0.038601428270339966], "k_pid_alt": [1.8615739345550537, 0.9887325763702393, 0.023233741521835327], "k_pid_att": [100.0, 9.999999747378752e-05, 0.0], "k_pid_yaw": [0.5, 1e-06, 0.1], "k_pid_hsp": [9.999999747378752e-05, 0.006349414587020874, 0.0], "k_pid_vsp": [15.710031509399414, 400.0, 383.0855712890625]}, "datetime": {"datetime": "2025-08-20 16:02:45", "elapsed": 15020.37738776207, "delta": 21.90109872817993}, "costs": {"total_cost": 1925.8128809069672, "time_cost": 150, "final_distance_cost": 333.51529257318174, "oscillation_cost": 31.468534159171178, "completition_cost": 1000.0, "overshoot_cost": 386.7245526067058, "power_cost": 11.340957470703126, "noise_cost": 12.76354409720521, "n_waypoints_completed": 0, "tot_waypoints": 9}}
{"target": -3337.7084743977507, "params": {"k_pid_pos": [0.04591270163655281, 1.0, 0.0], "k_pid_alt": [2.0, 1.0, 0.03540569543838501], "k_pid_att": [100.0, 0.29120495915412903, 0.0], "k_pid_yaw": [0.5, 1e-06, 0.1], "k_pid_hsp": [9.999999747378752e-05, 0.022209614515304565, 0.06917086243629456], "k_pid_vsp": [0.0, 379.4344787597656, 400.0]}, "datetime": {"datetime": "2025-08-20 16:03:08", "elapsed": 15042.778437137604, "delta": 22.401049375534058}, "costs": {"total_cost": 3337.7084743977507, "time_cost": 150, "final_distance_cost": 709.6581785357298, "oscillation_cost": 294.0711276466017, "completition_cost": 1000.0, "overshoot_cost": 1144.2105513977012, "power_cost": 22.108686083984377, "noise_cost": 17.659930733733173, "n_waypoints_completed": 0, "tot_waypoints": 9}}
{"target": -1488.837955805285, "params": {"k_pid_pos": [0.05526640638709068, 0.9145122766494751, 0.0], "k_pid_alt": [1.9809287786483765, 0.9397002458572388, 0.0], "k_pid_att": [100.0, 0.11930154263973236, 0.04044690728187561], "k_pid_yaw": [0.5, 1e-06, 0.1], "k_pid_hsp": [0.27591443061828613, 0.0028710365295410156, 0.0], "k_pid_vsp": [22.24972152709961, 397.52001953125, 400.0]}, "datetime": {"datetime": "2025-08-20 16:03:30", "elapsed": 15064.896039009094, "delta": 22.11760187149048}, "costs": {"total_cost": 1488.837955805285, "time_cost": 150, "final_distance_cost": 12.230109965312263, "oscillation_cost": 58.28135401394589, "completition_cost": 1000.0, "overshoot_cost": 139.56266782203758, "power_cost": 32.70790808105469, "noise_cost": 96.05591592293449, "n_waypoints_completed": 0, "tot_waypoints": 9}}
{"target": -2106.2626816326197, "params": {"k_pid_pos": [9.999999747378752e-05, 1.0, 0.025128334760665894], "k_pid_alt": [1.9965779781341553, 0.9761312007904053, 0.0], "k_pid_att": [100.0, 0.21806247532367706, 0.05905476212501526], "k_pid_yaw": [0.5, 1e-06, 0.1], "k_pid_hsp": [9.999999747378752e-05, 0.0, 0.017628788948059082], "k_pid_vsp": [0.0, 363.3925476074219, 400.0]}, "datetime": {"datetime": "2025-08-20 16:03:52", "elapsed": 15087.130554676056, "delta": 22.23451566696167}, "costs": {"total_cost": 2106.2626816326197, "time_cost": 150, "final_distance_cost": 406.5043615345504, "oscillation_cost": 30.678220673635874, "completition_cost": 1000.0, "overshoot_cost": 496.81100667429985, "power_cost": 10.582689965820313, "noise_cost": 11.686402784312996, "n_waypoints_completed": 0, "tot_waypoints": 9}}
{"target": -1452.2464243508578, "params": {"k_pid_pos": [9.999999747378752e-05, 1.0, 0.12506985664367676], "k_pid_alt": [1.9619991779327393, 1.0, 0.005763351917266846], "k_pid_att": [100.0, 0.1120566725730896, 0.014295399188995361], "k_pid_yaw": [0.5, 1e-06, 0.1], "k_pid_hsp": [0.6398833394050598, 0.011088192462921143, 0.0], "k_pid_vsp": [6.863880157470703, 385.6170654296875, 384.85235595703125]}, "datetime": {"datetime": "2025-08-20 16:04:14", "elapsed": 15108.86482667923, "delta": 21.734272003173828}, "costs": {"total_cost": 1452.2464243508578, "time_cost": 150, "final_distance_cost": 11.761223201074662, "oscillation_cost": 66.76757656928643, "completition_cost": 1000.0, "overshoot_cost": 139.1717049729022, "power_cost": 19.71524832763672, "noise_cost": 64.83067127995754, "n_waypoints_completed": 0, "tot_waypoints": 9}}
{"target": -3162.0838580280197, "params": {"k_pid_pos": [9.999999747378752e-05, 1.0, 0.0], "k_pid_alt": [2.0, 1.0, 0.0], "k_pid_att": [97.66912841796875, 0.05797016620635986, 0.0], "k_pid_yaw": [0.5, 1e-06, 0.1], "k_pid_hsp": [9.999999747378752e-05, 0.0, 0.06953954696655273], "k_pid_vsp": [0.0, 397.1293029785156, 400.0]}, "datetime": {"datetime": "2025-08-20 16:04:36", "elapsed": 15131.10433459282, "delta": 22.239507913589478}, "costs": {"total_cost": 3162.0838580280197, "time_cost": 150, "final_distance_cost": 676.4956113844967, "oscillation_cost": 272.52181261499106, "completition_cost": 1000.0, "overshoot_cost": 1023.7356510503992, "power_cost": 21.801910913085937, "noise_cost": 17.52887206504678, "n_waypoints_completed": 0, "tot_waypoints": 9}}
{"target": -1391.673832016094, "params": {"k_pid_pos": [0.02400372363626957, 1.0, 0.06176295876502991], "k_pid_alt": [2.0, 1.0, 0.009286582469940186], "k_pid_att": [100.0, 0.04698067158460617, 0.010446488857269287], "k_pid_yaw": [0.5, 1e-06, 0.1], "k_pid_hsp": [0.12708047032356262, 0.06411084532737732, 0.09546411037445068], "k_pid_vsp": [0.0, 400.0, 400.0]}, "datetime": {"datetime": "2025-08-20 16:04:58", "elapsed": 15152.767185211182, "delta": 21.662850618362427}, "costs": {"total_cost": 1391.673832016094, "time_cost": 150, "final_distance_cost": 35.91863634727628, "oscillation_cost": 194.14829403502014, "completition_cost": 888.8888888888888, "overshoot_cost": 84.88473546537254, "power_cost": 21.79756325683594, "noise_cost": 16.035714022700216, "n_waypoints_completed": 1, "tot_waypoints": 9}}
{"target": -1482.905800386384, "params": {"k_pid_pos": [9.999999747378752e-05, 0.981867253780365, 0.0], "k_pid_alt": [1.8460450172424316, 0.9141405820846558, 0.0], "k_pid_att": [100.0, 9.999999747378752e-05, 0.0], "k_pid_yaw": [0.5, 1e-06, 0.1], "k_pid_hsp": [0.686375081539154, 0.0, 0.0], "k_pid_vsp": [0.0, 394.9576721191406, 399.69378662109375]}, "datetime": {"datetime": "2025-08-20 16:05:20", "elapsed": 15174.667833805084, "delta": 21.900648593902588}, "costs": {"total_cost": 1482.905800386384, "time_cost": 150, "final_distance_cost": 15.455738185286162, "oscillation_cost": 64.58168594454574, "completition_cost": 1000.0, "overshoot_cost": 139.76483079480252, "power_cost": 28.175090283203126, "noise_cost": 84.9284551785465, "n_waypoints_completed": 0, "tot_waypoints": 9}}
{"target": -1552.2452342455158, "params": {"k_pid_pos": [9.999999747378752e-05, 0.9838786125183105, 0.009086281061172485], "k_pid_alt": [2.0, 0.9638020992279053, 0.05240434408187866], "k_pid_att": [92.78339385986328, 0.0336916521191597, 0.002907097339630127], "k_pid_yaw": [0.5, 1e-06, 0.1], "k_pid_hsp": [0.25849395990371704, 0.0, 0.19344890117645264], "k_pid_vsp": [12.454414367675781, 400.0, 390.10418701171875]}, "datetime": {"datetime": "2025-08-20 16:05:42", "elapsed": 15196.918782234192, "delta": 22.250948429107666}, "costs": {"total_cost": 1552.2452342455158, "time_cost": 150, "final_distance_cost": 53.49213005631649, "oscillation_cost": 245.35453033647897, "completition_cost": 1000.0, "overshoot_cost": 60.38459090510711, "power_cost": 24.612414758300783, "noise_cost": 18.40156818931254, "n_waypoints_completed": 0, "tot_waypoints": 9}}
{"target": -1961.443336410023, "params": {"k_pid_pos": [9.999999747378752e-05, 1.0, 0.0], "k_pid_alt": [1.9994874000549316, 0.945861279964447, 0.04625201225280762], "k_pid_att": [100.0, 0.10107223689556122, 0.0], "k_pid_yaw": [0.5, 1e-06, 0.1], "k_pid_hsp": [9.999999747378752e-05, 0.0, 0.0], "k_pid_vsp": [0.0, 400.0, 363.7192077636719]}, "datetime": {"datetime": "2025-08-20 16:06:04", "elapsed": 15219.403646945953, "delta": 22.484864711761475}, "costs": {"total_cost": 1961.443336410023, "time_cost": 150, "final_distance_cost": 338.48219053939374, "oscillation_cost": 25.210143114838875, "completition_cost": 1000.0, "overshoot_cost": 381.7174468682727, "power_cost": 37.94274678955078, "noise_cost": 28.090809097966968, "n_waypoints_completed": 0, "tot_waypoints": 9}}
{"target": -2467.7053770795796, "params": {"k_pid_pos": [9.999999747378752e-05, 1.0, 0.038013964891433716], "k_pid_alt": [2.0, 1.0, 0.0], "k_pid_att": [100.0, 9.999999747378752e-05, 0.0], "k_pid_yaw": [0.5, 1e-06, 0.1], "k_pid_hsp": [9.999999747378752e-05, 0.01697137951850891, 0.08279794454574585], "k_pid_vsp": [23.53899383544922, 400.0, 400.0]}, "datetime": {"datetime": "2025-08-20 16:06:27", "elapsed": 15242.31797671318, "delta": 22.914329767227173}, "costs": {"total_cost": 2467.7053770795796, "time_cost": 150, "final_distance_cost": 341.76240488389533, "oscillation_cost": 381.02113165586945, "completition_cost": 1000.0, "overshoot_cost": 555.7131191782597, "power_cost": 21.758246740722658, "noise_cost": 17.450474620832367, "n_waypoints_completed": 0, "tot_waypoints": 9}}
{"target": -1392.8324481916925, "params": {"k_pid_pos": [0.008421464823186398, 0.9981776475906372, 0.08125567436218262], "k_pid_alt": [2.0, 0.8878222107887268, 0.052655816078186035], "k_pid_att": [90.67464447021484, 0.43686115741729736, 0.05241119861602783], "k_pid_yaw": [0.5, 1e-06, 0.1], "k_pid_hsp": [0.1275230199098587, 0.037083208560943604, 0.0], "k_pid_vsp": [2.3702502250671387, 399.44256591796875, 400.0]}, "datetime": {"datetime": "2025-08-20 16:06:50", "elapsed": 15264.68920660019, "delta": 22.371229887008667}, "costs": {"total_cost": 1392.8324481916925, "time_cost": 150, "final_distance_cost": 16.233959999835943, "oscillation_cost": 53.95395940590403, "completition_cost": 1000.0, "overshoot_cost": 141.38994090115736, "power_cost": 4.298997180175782, "noise_cost": 26.955590704619304, "n_waypoints_completed": 0, "tot_waypoints": 9}}
