{"target": -2003.7733820757724, "params": {"k_pid_pos": [9.999999747378752e-05, 1.0, 0.0], "k_pid_alt": [2.0, 1.0, 0.013805568218231201], "k_pid_att": [97.4214096069336, 0.14783519506454468, 0.0], "k_pid_yaw": [0.5, 1e-06, 0.1], "k_pid_hsp": [9.999999747378752e-05, 0.0, 0.01711869239807129], "k_pid_vsp": [0.0, 400.0, 400.0]}, "datetime": {"datetime": "2025-08-20 15:26:05", "elapsed": 12820.494774580002, "delta": 23.24503779411316}, "costs": {"total_cost": 2003.7733820757724, "time_cost": 150, "final_distance_cost": 369.5885744807207, "oscillation_cost": 25.8232781287034, "completition_cost": 1000.0, "overshoot_cost": 435.111651095071, "power_cost": 11.026987866210938, "noise_cost": 12.222890505066532, "n_waypoints_completed": 0, "tot_waypoints": 9}}
{"target": -1478.133445683387, "params": {"k_pid_pos": [9.999999747378752e-05, 0.9506399631500244, 0.014647364616394043], "k_pid_alt": [2.0, 1.0, 0.0], "k_pid_att": [97.42416381835938, 0.5059539079666138, 0.05134943127632141], "k_pid_yaw": [0.5, 1e-06, 0.1], "k_pid_hsp": [0.03085986152291298, 0.06790527701377869, 0.031471580266952515], "k_pid_vsp": [6.170308589935303, 400.0, 400.0]}, "datetime": {"datetime": "2025-08-20 15:26:30", "elapsed": 12844.552301883698, "delta": 24.05752730369568}, "costs": {"total_cost": 1478.133445683387, "time_cost": 150, "final_distance_cost": 23.901845703388304, "oscillation_cost": 63.94703034195273, "completition_cost": 1000.0, "overshoot_cost": 143.32532697401533, "power_cost": 24.298260083007815, "noise_cost": 72.66098258102284, "n_waypoints_completed": 0, "tot_waypoints": 9}}
{"target": -3316.651915169536, "params": {"k_pid_pos": [0.018778149038553238, 1.0, 0.004234790802001953], "k_pid_alt": [1.9836046695709229, 0.9975001811981201, 0.03327369689941406], "k_pid_att": [100.0, 9.999999747378752e-05, 0.025189965963363647], "k_pid_yaw": [0.5, 1e-06, 0.1], "k_pid_hsp": [9.999999747378752e-05, 0.020575761795043945, 0.03034791350364685], "k_pid_vsp": [0.0, 388.7528381347656, 384.2509460449219]}, "datetime": {"datetime": "2025-08-20 15:26:55", "elapsed": 12870.277566194534, "delta": 25.725264310836792}, "costs": {"total_cost": 3316.651915169536, "time_cost": 150, "final_distance_cost": 824.1432764857685, "oscillation_cost": 84.78788687488964, "completition_cost": 1000.0, "overshoot_cost": 1236.6598877764213, "power_cost": 9.799524462890625, "noise_cost": 11.26133956956628, "n_waypoints_completed": 0, "tot_waypoints": 9}}
{"target": -1487.8691442389304, "params": {"k_pid_pos": [0.09665475785732269, 0.9750899076461792, 0.009081512689590454], "k_pid_alt": [2.0, 0.943225622177124, 0.06453204154968262], "k_pid_att": [100.0, 9.999999747378752e-05, 0.011572837829589844], "k_pid_yaw": [0.5, 1e-06, 0.1], "k_pid_hsp": [0.1384153664112091, 0.0, 0.0], "k_pid_vsp": [62.206886291503906, 400.0, 389.64947509765625]}, "datetime": {"datetime": "2025-08-20 15:27:19", "elapsed": 12894.237918615341, "delta": 23.960352420806885}, "costs": {"total_cost": 1487.8691442389304, "time_cost": 150, "final_distance_cost": 8.291886824422464, "oscillation_cost": 53.99830231418742, "completition_cost": 1000.0, "overshoot_cost": 139.98712439139874, "power_cost": 34.681363500976566, "noise_cost": 100.91046720794493, "n_waypoints_completed": 0, "tot_waypoints": 9}}
{"target": -1495.3429960701887, "params": {"k_pid_pos": [0.1208162009716034, 1.0, 0.0], "k_pid_alt": [1.9568711519241333, 0.9732242226600647, 0.0], "k_pid_att": [100.0, 9.999999747378752e-05, 0.06829917430877686], "k_pid_yaw": [0.5, 1e-06, 0.1], "k_pid_hsp": [0.1324758231639862, 0.09818592667579651, 0.0], "k_pid_vsp": [0.0, 354.6461486816406, 400.0]}, "datetime": {"datetime": "2025-08-20 15:27:44", "elapsed": 12919.148747205734, "delta": 24.910828590393066}, "costs": {"total_cost": 1495.3429960701887, "time_cost": 150, "final_distance_cost": 10.095411160134246, "oscillation_cost": 53.392678839834176, "completition_cost": 1000.0, "overshoot_cost": 142.2784797054182, "power_cost": 35.821778259277345, "noise_cost": 103.75464810552457, "n_waypoints_completed": 0, "tot_waypoints": 9}}
{"target": -1926.2681411366655, "params": {"k_pid_pos": [9.999999747378752e-05, 0.9342659115791321, 0.0], "k_pid_alt": [1.990261197090149, 0.9917699098587036, 0.0], "k_pid_att": [100.0, 9.999999747378752e-05, 0.14418059587478638], "k_pid_yaw": [0.5, 1e-06, 0.1], "k_pid_hsp": [9.999999747378752e-05, 0.0, 0.0], "k_pid_vsp": [0.0, 397.44757080078125, 400.0]}, "datetime": {"datetime": "2025-08-20 15:28:08", "elapsed": 12943.324475288391, "delta": 24.17572808265686}, "costs": {"total_cost": 1926.2681411366655, "time_cost": 150, "final_distance_cost": 324.8896177932115, "oscillation_cost": 24.36256630415186, "completition_cost": 1000.0, "overshoot_cost": 360.30190408306294, "power_cost": 37.8002498413086, "noise_cost": 28.913803114930545, "n_waypoints_completed": 0, "tot_waypoints": 9}}
{"target": -1464.880625867474, "params": {"k_pid_pos": [9.999999747378752e-05, 1.0, 0.022717803716659546], "k_pid_alt": [2.0, 0.9320605993270874, 0.0], "k_pid_att": [95.63858795166016, 9.999999747378752e-05, 0.043735772371292114], "k_pid_yaw": [0.5, 1e-06, 0.1], "k_pid_hsp": [0.7528204917907715, 0.0, 0.0], "k_pid_vsp": [0.0, 400.0, 394.2192077636719]}, "datetime": {"datetime": "2025-08-20 15:28:33", "elapsed": 12968.409004688263, "delta": 25.084529399871826}, "costs": {"total_cost": 1464.880625867474, "time_cost": 150, "final_distance_cost": 13.693532881826853, "oscillation_cost": 65.19236544948949, "completition_cost": 1000.0, "overshoot_cost": 139.70633039129572, "power_cost": 23.238892700195315, "noise_cost": 73.04950444466665, "n_waypoints_completed": 0, "tot_waypoints": 9}}
{"target": -2802.660730527987, "params": {"k_pid_pos": [0.04773937165737152, 1.0, 0.0], "k_pid_alt": [2.0, 1.0, 0.0], "k_pid_att": [90.95362854003906, 0.45266279578208923, 0.0], "k_pid_yaw": [0.5, 1e-06, 0.1], "k_pid_hsp": [0.014162681065499783, 0.0, 0.04911845922470093], "k_pid_vsp": [20.693218231201172, 400.0, 391.6825866699219]}, "datetime": {"datetime": "2025-08-20 15:28:57", "elapsed": 12992.076872348785, "delta": 23.66786766052246}, "costs": {"total_cost": 2802.660730527987, "time_cost": 150, "final_distance_cost": 529.6288553729927, "oscillation_cost": 212.84847804506433, "completition_cost": 1000.0, "overshoot_cost": 871.7594507525012, "power_cost": 21.132567333984376, "noise_cost": 17.29137902344469, "n_waypoints_completed": 0, "tot_waypoints": 9}}
{"target": -4732.8411862593, "params": {"k_pid_pos": [0.21334324777126312, 1.0, 0.0], "k_pid_alt": [1.9479491710662842, 0.9640111923217773, 0.0], "k_pid_att": [94.30756378173828, 0.20700383186340332, 0.0], "k_pid_yaw": [0.5, 1e-06, 0.1], "k_pid_hsp": [9.999999747378752e-05, 0.0, 0.03386983275413513], "k_pid_vsp": [0.0, 376.4917297363281, 379.39697265625]}, "datetime": {"datetime": "2025-08-20 15:29:22", "elapsed": 13016.97998213768, "delta": 24.903109788894653}, "costs": {"total_cost": 4732.8411862593, "time_cost": 150, "final_distance_cost": 1318.5506355541354, "oscillation_cost": 65.80837099612056, "completition_cost": 1000.0, "overshoot_cost": 2153.170984599113, "power_cost": 26.150109594726565, "noise_cost": 19.1610855152041, "n_waypoints_completed": 0, "tot_waypoints": 9}}
{"target": -1394.4754723333526, "params": {"k_pid_pos": [0.06366988271474838, 0.9831609725952148, 0.0536939799785614], "k_pid_alt": [2.0, 1.0, 0.0], "k_pid_att": [94.22425079345703, 0.6041340231895447, 0.0336172878742218], "k_pid_yaw": [0.5, 1e-06, 0.1], "k_pid_hsp": [0.3357962369918823, 0.0507567822933197, 0.0], "k_pid_vsp": [9.348880767822266, 400.0, 400.0]}, "datetime": {"datetime": "2025-08-20 15:29:49", "elapsed": 13044.04574227333, "delta": 27.065760135650635}, "costs": {"total_cost": 1394.4754723333526, "time_cost": 150, "final_distance_cost": 14.22289608885794, "oscillation_cost": 63.567368818800574, "completition_cost": 1000.0, "overshoot_cost": 139.73184572128653, "power_cost": 2.9751642456054688, "noise_cost": 23.978197458802022, "n_waypoints_completed": 0, "tot_waypoints": 9}}
{"target": -1483.8335223820818, "params": {"k_pid_pos": [9.999999747378752e-05, 1.0, 0.0], "k_pid_alt": [1.959909439086914, 0.916977047920227, 0.0], "k_pid_att": [100.0, 0.04974093660712242, 0.0], "k_pid_yaw": [0.5, 1e-06, 0.1], "k_pid_hsp": [0.1424088329076767, 0.006691932678222656, 0.015446335077285767], "k_pid_vsp": [5.738210678100586, 400.0, 398.6222839355469]}, "datetime": {"datetime": "2025-08-20 15:30:13", "elapsed": 13067.996837615967, "delta": 23.95109534263611}, "costs": {"total_cost": 1483.8335223820818, "time_cost": 150, "final_distance_cost": 12.864236040813465, "oscillation_cost": 76.39812010480503, "completition_cost": 1000.0, "overshoot_cost": 140.95213345573364, "power_cost": 25.894007043457034, "noise_cost": 77.72502573727243, "n_waypoints_completed": 0, "tot_waypoints": 9}}
{"target": -2505.283442698993, "params": {"k_pid_pos": [0.017873574048280716, 1.0, 0.056556761264801025], "k_pid_alt": [1.8683099746704102, 1.0, 0.0], "k_pid_att": [100.0, 9.999999747378752e-05, 0.0], "k_pid_yaw": [0.5, 1e-06, 0.1], "k_pid_hsp": [9.999999747378752e-05, 0.06211766600608826, 0.045016974210739136], "k_pid_vsp": [0.0, 387.17034912109375, 400.0]}, "datetime": {"datetime": "2025-08-20 15:30:36", "elapsed": 13091.404861211777, "delta": 23.408023595809937}, "costs": {"total_cost": 2505.283442698993, "time_cost": 150, "final_distance_cost": 447.3835564666346, "oscillation_cost": 115.46317243634282, "completition_cost": 1000.0, "overshoot_cost": 752.7544259211052, "power_cost": 21.9868806640625, "noise_cost": 17.69540721084765, "n_waypoints_completed": 0, "tot_waypoints": 9}}
{"target": -1468.9039705190003, "params": {"k_pid_pos": [0.008527674712240696, 1.0, 0.06590741872787476], "k_pid_alt": [2.0, 0.9244470000267029, 0.0], "k_pid_att": [96.5353012084961, 0.483045369386673, 0.0], "k_pid_yaw": [0.5, 1e-06, 0.1], "k_pid_hsp": [0.4663335680961609, 0.050285905599594116, 0.042261749505996704], "k_pid_vsp": [0.0, 380.22650146484375, 370.142822265625]}, "datetime": {"datetime": "2025-08-20 15:31:00", "elapsed": 13114.832295656204, "delta": 23.42743444442749}, "costs": {"total_cost": 1468.9039705190003, "time_cost": 150, "final_distance_cost": 11.218150154972784, "oscillation_cost": 107.14182926331405, "completition_cost": 1000.0, "overshoot_cost": 135.8850520935726, "power_cost": 19.746808325195314, "noise_cost": 44.91213068194547, "n_waypoints_completed": 0, "tot_waypoints": 9}}
{"target": -1432.4078065895212, "params": {"k_pid_pos": [9.999999747378752e-05, 0.9523171782493591, 0.0069179534912109375], "k_pid_alt": [2.0, 0.9633210897445679, 0.0], "k_pid_att": [100.0, 9.999999747378752e-05, 0.018491238355636597], "k_pid_yaw": [0.5, 1e-06, 0.1], "k_pid_hsp": [9.999999747378752e-05, 0.04102903604507446, 0.0], "k_pid_vsp": [22.738706588745117, 389.8648986816406, 380.4246826171875]}, "datetime": {"datetime": "2025-08-20 15:31:24", "elapsed": 13139.03348684311, "delta": 24.201191186904907}, "costs": {"total_cost": 1432.4078065895212, "time_cost": 150, "final_distance_cost": 22.096750869306653, "oscillation_cost": 34.174095241152045, "completition_cost": 1000.0, "overshoot_cost": 155.0955496490023, "power_cost": 16.58071657714844, "noise_cost": 54.46069425291172, "n_waypoints_completed": 0, "tot_waypoints": 9}}
{"target": -1933.9244085634696, "params": {"k_pid_pos": [0.14392369985580444, 1.0, 0.0], "k_pid_alt": [1.999741554260254, 0.9902290105819702, 0.0], "k_pid_att": [100.0, 0.05289994925260544, 0.04111495614051819], "k_pid_yaw": [0.5, 1e-06, 0.1], "k_pid_hsp": [9.999999747378752e-05, 0.0, 0.0], "k_pid_vsp": [12.016487121582031, 400.0, 400.0]}, "datetime": {"datetime": "2025-08-20 15:31:49", "elapsed": 13164.368180513382, "delta": 25.334693670272827}, "costs": {"total_cost": 1933.9244085634696, "time_cost": 150, "final_distance_cost": 340.4699876465745, "oscillation_cost": 31.133988940365448, "completition_cost": 1000.0, "overshoot_cost": 387.1572991762947, "power_cost": 11.590966601562501, "noise_cost": 13.57216619867237, "n_waypoints_completed": 0, "tot_waypoints": 9}}
{"target": -1394.4801360559366, "params": {"k_pid_pos": [9.999999747378752e-05, 1.0, 0.0], "k_pid_alt": [2.0, 1.0, 0.0], "k_pid_att": [95.25856018066406, 9.999999747378752e-05, 0.0], "k_pid_yaw": [0.5, 1e-06, 0.1], "k_pid_hsp": [0.4915633797645569, 0.04487329721450806, 0.0], "k_pid_vsp": [0.0, 400.0, 400.0]}, "datetime": {"datetime": "2025-08-20 15:32:13", "elapsed": 13187.969499111176, "delta": 23.60131859779358}, "costs": {"total_cost": 1394.4801360559366, "time_cost": 150, "final_distance_cost": 12.321087002618446, "oscillation_cost": 64.83197587723515, "completition_cost": 1000.0, "overshoot_cost": 139.945523820698, "power_cost": 3.048655041503906, "noise_cost": 24.33289431388088, "n_waypoints_completed": 0, "tot_waypoints": 9}}
{"target": -1465.4697901976076, "params": {"k_pid_pos": [9.999999747378752e-05, 0.9860036373138428, 0.035035908222198486], "k_pid_alt": [2.0, 1.0, 0.038664549589157104], "k_pid_att": [100.0, 9.999999747378752e-05, 0.03595459461212158], "k_pid_yaw": [0.5, 1e-06, 0.1], "k_pid_hsp": [0.8290048837661743, 0.0, 0.0], "k_pid_vsp": [0.0, 398.3962097167969, 400.0]}, "datetime": {"datetime": "2025-08-20 15:32:36", "elapsed": 13211.008138895035, "delta": 23.038639783859253}, "costs": {"total_cost": 1465.4697901976076, "time_cost": 150, "final_distance_cost": 12.72550966975522, "oscillation_cost": 67.49930211906891, "completition_cost": 1000.0, "overshoot_cost": 139.517458711711, "power_cost": 23.011268420410158, "noise_cost": 72.71625127666222, "n_waypoints_completed": 0, "tot_waypoints": 9}}
{"target": -3049.5734391038336, "params": {"k_pid_pos": [0.07906308770179749, 1.0, 0.0], "k_pid_alt": [1.958902359008789, 1.0, 0.0], "k_pid_att": [100.0, 9.999999747378752e-05, 0.093403160572052], "k_pid_yaw": [0.5, 1e-06, 0.1], "k_pid_hsp": [9.999999747378752e-05, 0.0, 0.12026408314704895], "k_pid_vsp": [0.0, 383.3136291503906, 400.0]}, "datetime": {"datetime": "2025-08-20 15:33:00", "elapsed": 13234.694378376007, "delta": 23.68623948097229}, "costs": {"total_cost": 3049.5734391038336, "time_cost": 150, "final_distance_cost": 551.7770923176906, "oscillation_cost": 394.69195148186293, "completition_cost": 1000.0, "overshoot_cost": 912.9284098549808, "power_cost": 22.401443762207034, "noise_cost": 17.77454168709145, "n_waypoints_completed": 0, "tot_waypoints": 9}}
{"target": -1935.200378983411, "params": {"k_pid_pos": [0.1956453174352646, 1.0, 0.0], "k_pid_alt": [2.0, 1.0, 0.0], "k_pid_att": [100.0, 0.26729926466941833, 0.015273243188858032], "k_pid_yaw": [0.5, 1e-06, 0.1], "k_pid_hsp": [9.999999747378752e-05, 0.0, 0.0], "k_pid_vsp": [0.0, 374.31494140625, 400.0]}, "datetime": {"datetime": "2025-08-20 15:33:23", "elapsed": 13257.672674417496, "delta": 22.978296041488647}, "costs": {"total_cost": 1935.200378983411, "time_cost": 150, "final_distance_cost": 341.0450595780671, "oscillation_cost": 31.158627229995, "completition_cost": 1000.0, "overshoot_cost": 387.52742390653714, "power_cost": 11.610273583984375, "noise_cost": 13.858994684827419, "n_waypoints_completed": 0, "tot_waypoints": 9}}
{"target": -3265.573114444695, "params": {"k_pid_pos": [9.999999747378752e-05, 1.0, 0.01077166199684143], "k_pid_alt": [2.0, 0.9474237561225891, 0.0], "k_pid_att": [100.0, 0.31316816806793213, 0.00878840684890747], "k_pid_yaw": [0.5, 1e-06, 0.1], "k_pid_hsp": [9.999999747378752e-05, 0.03642299771308899, 0.07936862111091614], "k_pid_vsp": [0.0, 397.8976135253906, 400.0]}, "datetime": {"datetime": "2025-08-20 15:33:46", "elapsed": 13280.640449523926, "delta": 22.967775106430054}, "costs": {"total_cost": 3265.573114444695, "time_cost": 150, "final_distance_cost": 628.4508858379124, "oscillation_cost": 354.78859201637545, "completition_cost": 1000.0, "overshoot_cost": 1093.7821128172438, "power_cost": 21.354778942871096, "noise_cost": 17.196744830291763, "n_waypoints_completed": 0, "tot_waypoints": 9}}
{"target": -1498.118532865454, "params": {"k_pid_pos": [9.999999747378752e-05, 1.0, 0.009088337421417236], "k_pid_alt": [2.0, 0.9899652004241943, 0.0], "k_pid_att": [100.0, 9.999999747378752e-05, 0.04277631640434265], "k_pid_yaw": [0.5, 1e-06, 0.1], "k_pid_hsp": [0.5030080080032349, 0.0, 0.0], "k_pid_vsp": [0.0, 395.6979675292969, 398.5775451660156]}, "datetime": {"datetime": "2025-08-20 15:34:08", "elapsed": 13302.90244269371, "delta": 22.261993169784546}, "costs": {"total_cost": 1498.118532865454, "time_cost": 150, "final_distance_cost": 17.32613069264995, "oscillation_cost": 61.41904604024403, "completition_cost": 1000.0, "overshoot_cost": 139.9143359565347, "power_cost": 32.88260837402344, "noise_cost": 96.57641180200194, "n_waypoints_completed": 0, "tot_waypoints": 9}}
{"target": -1957.05532319051, "params": {"k_pid_pos": [0.14726640284061432, 0.9945070743560791, 0.0], "k_pid_alt": [2.0, 1.0, 0.04533827304840088], "k_pid_att": [94.37300872802734, 0.18558689951896667, 0.01031571626663208], "k_pid_yaw": [0.5, 1e-06, 0.1], "k_pid_hsp": [9.999999747378752e-05, 0.0, 0.0], "k_pid_vsp": [0.0, 400.0, 394.04461669921875]}, "datetime": {"datetime": "2025-08-20 15:34:30", "elapsed": 13325.026009559631, "delta": 22.12356686592102}, "costs": {"total_cost": 1957.05532319051, "time_cost": 150, "final_distance_cost": 336.2547748441065, "oscillation_cost": 24.696162023703277, "completition_cost": 1000.0, "overshoot_cost": 380.3839969723641, "power_cost": 37.87421597900391, "noise_cost": 27.846173371331936, "n_waypoints_completed": 0, "tot_waypoints": 9}}
{"target": -1482.6683487217786, "params": {"k_pid_pos": [0.19033481180667877, 0.9528582096099854, 0.04092437028884888], "k_pid_alt": [1.9586358070373535, 0.990485429763794, 0.0], "k_pid_att": [100.0, 0.07055496424436569, 0.0], "k_pid_yaw": [0.5, 1e-06, 0.1], "k_pid_hsp": [0.5379779934883118, 0.0, 0.006630957126617432], "k_pid_vsp": [0.0, 400.0, 400.0]}, "datetime": {"datetime": "2025-08-20 15:34:52", "elapsed": 13347.476915359497, "delta": 22.450905799865723}, "costs": {"total_cost": 1482.6683487217786, "time_cost": 150, "final_distance_cost": 13.001798888134964, "oscillation_cost": 86.4369079651147, "completition_cost": 1000.0, "overshoot_cost": 139.211767759799, "power_cost": 22.487828515625, "noise_cost": 71.53004559310497, "n_waypoints_completed": 0, "tot_waypoints": 9}}
{"target": -1547.6478480783, "params": {"k_pid_pos": [9.999999747378752e-05, 1.0, 0.0], "k_pid_alt": [1.8548343181610107, 0.9381160736083984, 0.07028752565383911], "k_pid_att": [100.0, 9.999999747378752e-05, 0.05384954810142517], "k_pid_yaw": [0.5, 1e-06, 0.1], "k_pid_hsp": [9.999999747378752e-05, 0.021937131881713867, 0.0], "k_pid_vsp": [0.0, 395.6365051269531, 383.76654052734375]}, "datetime": {"datetime": "2025-08-20 15:35:15", "elapsed": 13369.56164598465, "delta": 22.084730625152588}, "costs": {"total_cost": 1547.6478480783, "time_cost": 150, "final_distance_cost": 147.81912731202877, "oscillation_cost": 26.617938172447854, "completition_cost": 1000.0, "overshoot_cost": 156.789408055862, "power_cost": 37.86297219238281, "noise_cost": 28.55840234557877, "n_waypoints_completed": 0, "tot_waypoints": 9}}
{"target": -1556.0227788469012, "params": {"k_pid_pos": [0.10222643613815308, 1.0, 0.0], "k_pid_alt": [1.9155895709991455, 1.0, 0.057928621768951416], "k_pid_att": [98.29788208007812, 9.999999747378752e-05, 0.0], "k_pid_yaw": [0.5, 1e-06, 0.1], "k_pid_hsp": [9.999999747378752e-05, 0.02259528636932373, 0.0], "k_pid_vsp": [0.0, 400.0, 395.4001770019531]}, "datetime": {"datetime": "2025-08-20 15:35:37", "elapsed": 13392.045921087265, "delta": 22.484275102615356}, "costs": {"total_cost": 1556.0227788469012, "time_cost": 150, "final_distance_cost": 153.50485446432793, "oscillation_cost": 27.061165038860665, "completition_cost": 1000.0, "overshoot_cost": 158.9342864994696, "power_cost": 37.88696656494141, "noise_cost": 28.63550627930169, "n_waypoints_completed": 0, "tot_waypoints": 9}}
{"target": -1502.0125094959676, "params": {"k_pid_pos": [0.09092697501182556, 0.9848666191101074, 0.0], "k_pid_alt": [1.9976446628570557, 1.0, 0.0], "k_pid_att": [96.9914321899414, 9.999999747378752e-05, 0.018890440464019775], "k_pid_yaw": [0.5, 1e-06, 0.1], "k_pid_hsp": [1.3027938604354858, 0.0, 0.02618911862373352], "k_pid_vsp": [14.866304397583008, 400.0, 400.0]}, "datetime": {"datetime": "2025-08-20 15:35:59", "elapsed": 13414.421992778778, "delta": 22.37607169151306}, "costs": {"total_cost": 1502.0125094959676, "time_cost": 150, "final_distance_cost": 9.36503963813787, "oscillation_cost": 92.16733910286864, "completition_cost": 1000.0, "overshoot_cost": 141.25322031230021, "power_cost": 27.296571630859376, "noise_cost": 81.93033881180148, "n_waypoints_completed": 0, "tot_waypoints": 9}}
{"target": -2656.047860928154, "params": {"k_pid_pos": [9.999999747378752e-05, 0.9742064476013184, 0.004460811614990234], "k_pid_alt": [1.8547701835632324, 0.9792762994766235, 0.0], "k_pid_att": [96.6368179321289, 9.999999747378752e-05, 0.0], "k_pid_yaw": [0.5, 1e-06, 0.1], "k_pid_hsp": [9.999999747378752e-05, 0.0, 0.05576664209365845], "k_pid_vsp": [0.4437685012817383, 400.0, 400.0]}, "datetime": {"datetime": "2025-08-20 15:36:21", "elapsed": 13436.398178100586, "delta": 21.97618532180786}, "costs": {"total_cost": 2656.047860928154, "time_cost": 150, "final_distance_cost": 582.834244945484, "oscillation_cost": 199.4590647600867, "completition_cost": 888.8888888888888, "overshoot_cost": 796.618314834216, "power_cost": 21.052552465820312, "noise_cost": 17.194795033658686, "n_waypoints_completed": 1, "tot_waypoints": 9}}
