{"target": -2830.1692857737175, "params": {"k_pid_pos": [0.22721143066883087, 1.0, 0.0], "k_pid_alt": [1.814681053161621, 1.0, 0.033895343542099], "k_pid_att": [100.0, 9.999999747378752e-05, 0.0], "k_pid_yaw": [0.5, 1e-06, 0.1], "k_pid_hsp": [9.999999747378752e-05, 0.055226296186447144, 0.04663875699043274], "k_pid_vsp": [0.0, 389.2167663574219, 400.0]}, "datetime": {"datetime": "2025-08-21 03:35:16", "elapsed": 56571.461233615875, "delta": 20.771658182144165}, "costs": {"total_cost": 2830.1692857737175, "time_cost": 150, "final_distance_cost": 579.7643720815646, "oscillation_cost": 125.1355776681373, "completition_cost": 1000.0, "overshoot_cost": 935.1962156562212, "power_cost": 22.26263171386719, "noise_cost": 17.81048865392711, "n_waypoints_completed": 0, "tot_waypoints": 9}}
{"target": -1756.44205313377, "params": {"k_pid_pos": [9.999999747378752e-05, 1.0, 0.027105778455734253], "k_pid_alt": [2.0, 1.0, 0.00785800814628601], "k_pid_att": [94.80066680908203, 9.999999747378752e-05, 0.007683396339416504], "k_pid_yaw": [0.5, 1e-06, 0.1], "k_pid_hsp": [9.999999747378752e-05, 0.01661434769630432, 0.0], "k_pid_vsp": [0.0, 400.0, 400.0]}, "datetime": {"datetime": "2025-08-21 03:35:36", "elapsed": 56590.62950372696, "delta": 19.168270111083984}, "costs": {"total_cost": 1756.44205313377, "time_cost": 150, "final_distance_cost": 245.23859709021798, "oscillation_cost": 25.833151246877502, "completition_cost": 1000.0, "overshoot_cost": 269.90142700459825, "power_cost": 37.909252270507814, "noise_cost": 27.559625521568655, "n_waypoints_completed": 0, "tot_waypoints": 9}}
{"target": -1882.2247546217634, "params": {"k_pid_pos": [0.11396844685077667, 1.0, 0.0], "k_pid_alt": [2.0, 1.0, 0.0], "k_pid_att": [100.0, 9.999999747378752e-05, 0.0], "k_pid_yaw": [0.5, 1e-06, 0.1], "k_pid_hsp": [0.004014793783426285, 0.005109131336212158, 0.0], "k_pid_vsp": [23.931324005126953, 363.2725830078125, 382.45648193359375]}, "datetime": {"datetime": "2025-08-21 03:35:56", "elapsed": 56611.475690603256, "delta": 20.846186876296997}, "costs": {"total_cost": 1882.2247546217634, "time_cost": 150, "final_distance_cost": 302.0673753535318, "oscillation_cost": 25.99643294607175, "completition_cost": 1000.0, "overshoot_cost": 338.87334822068107, "power_cost": 37.877322265625004, "noise_cost": 27.41027583585373, "n_waypoints_completed": 0, "tot_waypoints": 9}}
{"target": -4963.5067469998485, "params": {"k_pid_pos": [9.999999747378752e-05, 1.0, 0.0], "k_pid_alt": [2.0, 1.0, 0.000712960958480835], "k_pid_att": [100.0, 0.5083902478218079, 0.0], "k_pid_yaw": [0.5, 1e-06, 0.1], "k_pid_hsp": [9.999999747378752e-05, 0.0, 0.03786402940750122], "k_pid_vsp": [0.0, 400.0, 394.2670593261719]}, "datetime": {"datetime": "2025-08-21 03:36:16", "elapsed": 56631.00824546814, "delta": 19.532554864883423}, "costs": {"total_cost": 4963.5067469998485, "time_cost": 150, "final_distance_cost": 1389.7005207048485, "oscillation_cost": 92.77580949868798, "completition_cost": 1000.0, "overshoot_cost": 2291.5631197380576, "power_cost": 22.167825061035156, "noise_cost": 17.299471997219598, "n_waypoints_completed": 0, "tot_waypoints": 9}}
{"target": -1485.91067981772, "params": {"k_pid_pos": [9.999999747378752e-05, 0.9613112807273865, 0.0], "k_pid_alt": [1.9715933799743652, 1.0, 0.0], "k_pid_att": [95.55308532714844, 9.999999747378752e-05, 0.0], "k_pid_yaw": [0.5, 1e-06, 0.1], "k_pid_hsp": [0.24607041478157043, 0.0, 0.022177308797836304], "k_pid_vsp": [12.945806503295898, 400.0, 400.0]}, "datetime": {"datetime": "2025-08-21 03:36:37", "elapsed": 56651.535638809204, "delta": 20.527393341064453}, "costs": {"total_cost": 1485.91067981772, "time_cost": 150, "final_distance_cost": 8.553234449110098, "oscillation_cost": 95.11387663366669, "completition_cost": 1000.0, "overshoot_cost": 140.41549414550752, "power_cost": 22.256693383789063, "noise_cost": 69.57138120564667, "n_waypoints_completed": 0, "tot_waypoints": 9}}
{"target": -1526.1832460422413, "params": {"k_pid_pos": [9.999999747378752e-05, 0.9632772207260132, 0.03756037354469299], "k_pid_alt": [1.9953556060791016, 0.9909145832061768, 0.08378943800926208], "k_pid_att": [100.0, 0.18521557748317719, 0.0], "k_pid_yaw": [0.5, 1e-06, 0.1], "k_pid_hsp": [0.029096176847815514, 0.040988385677337646, 0.04764598608016968], "k_pid_vsp": [0.0, 400.0, 400.0]}, "datetime": {"datetime": "2025-08-21 03:36:56", "elapsed": 56670.82763528824, "delta": 19.291996479034424}, "costs": {"total_cost": 1526.1832460422413, "time_cost": 150, "final_distance_cost": 103.38374727674663, "oscillation_cost": 116.72037820024916, "completition_cost": 1000.0, "overshoot_cost": 116.70353355434374, "power_cost": 22.154054821777343, "noise_cost": 17.221532189124392, "n_waypoints_completed": 0, "tot_waypoints": 9}}
{"target": -3583.4235442715676, "params": {"k_pid_pos": [0.17355211079120636, 1.0, 0.0012497305870056152], "k_pid_alt": [2.0, 1.0, 0.015703171491622925], "k_pid_att": [98.64146423339844, 0.362542062997818, 0.0], "k_pid_yaw": [0.5, 1e-06, 0.1], "k_pid_hsp": [9.999999747378752e-05, 0.0, 0.0520862340927124], "k_pid_vsp": [0.0, 400.0, 399.0699768066406]}, "datetime": {"datetime": "2025-08-21 03:37:17", "elapsed": 56691.786160469055, "delta": 20.95852518081665}, "costs": {"total_cost": 3583.4235442715676, "time_cost": 150, "final_distance_cost": 850.015837005634, "oscillation_cost": 182.04084753110254, "completition_cost": 1000.0, "overshoot_cost": 1360.6988386685387, "power_cost": 22.67302020263672, "noise_cost": 17.995000863655587, "n_waypoints_completed": 0, "tot_waypoints": 9}}
{"target": -1613.4371285235034, "params": {"k_pid_pos": [0.05468248948454857, 0.9609777927398682, 0.057060688734054565], "k_pid_alt": [1.988134503364563, 1.0, 0.0], "k_pid_att": [90.75108337402344, 9.999999747378752e-05, 0.0], "k_pid_yaw": [0.5, 1e-06, 0.1], "k_pid_hsp": [9.999999747378752e-05, 0.01943311095237732, 0.0], "k_pid_vsp": [33.76958465576172, 400.0, 388.53948974609375]}, "datetime": {"datetime": "2025-08-21 03:37:36", "elapsed": 56711.2830953598, "delta": 19.49693489074707}, "costs": {"total_cost": 1613.4371285235034, "time_cost": 150, "final_distance_cost": 194.49057287560333, "oscillation_cost": 29.266847943744793, "completition_cost": 1000.0, "overshoot_cost": 211.1493957325795, "power_cost": 13.853932141113281, "noise_cost": 14.67637983046234, "n_waypoints_completed": 0, "tot_waypoints": 9}}
{"target": -1525.7097760218326, "params": {"k_pid_pos": [9.999999747378752e-05, 0.9636434316635132, 0.04710713028907776], "k_pid_alt": [1.9805212020874023, 1.0, 0.05799567699432373], "k_pid_att": [100.0, 9.999999747378752e-05, 0.0], "k_pid_yaw": [0.5, 1e-06, 0.1], "k_pid_hsp": [0.5045478343963623, 0.0, 0.10073742270469666], "k_pid_vsp": [7.901191711425781, 400.0, 400.0]}, "datetime": {"datetime": "2025-08-21 03:37:57", "elapsed": 56732.035029411316, "delta": 20.751934051513672}, "costs": {"total_cost": 1525.7097760218326, "time_cost": 150, "final_distance_cost": 8.587296446515243, "oscillation_cost": 184.78869441604826, "completition_cost": 1000.0, "overshoot_cost": 129.45821750945433, "power_cost": 22.275985363769532, "noise_cost": 30.599582286045486, "n_waypoints_completed": 0, "tot_waypoints": 9}}
{"target": -1445.8616425905864, "params": {"k_pid_pos": [9.999999747378752e-05, 0.9772257804870605, 0.0], "k_pid_alt": [2.0, 0.9853302240371704, 0.0], "k_pid_att": [87.44989776611328, 9.999999747378752e-05, 0.0], "k_pid_yaw": [0.5, 1e-06, 0.1], "k_pid_hsp": [0.7874873876571655, 0.04468798637390137, 0.006388932466506958], "k_pid_vsp": [6.7458391189575195, 395.25982666015625, 400.0]}, "datetime": {"datetime": "2025-08-21 03:38:17", "elapsed": 56752.261610507965, "delta": 20.22658109664917}, "costs": {"total_cost": 1445.8616425905864, "time_cost": 150, "final_distance_cost": 8.432490792609851, "oscillation_cost": 69.56981813400625, "completition_cost": 1000.0, "overshoot_cost": 139.94284018958362, "power_cost": 17.90181423339844, "noise_cost": 60.01467924098829, "n_waypoints_completed": 0, "tot_waypoints": 9}}
{"target": -1511.6287260348884, "params": {"k_pid_pos": [9.999999747378752e-05, 0.9554791450500488, 0.0], "k_pid_alt": [1.8839831352233887, 1.0, 0.0], "k_pid_att": [100.0, 0.10978635400533676, 0.0], "k_pid_yaw": [0.5, 1e-06, 0.1], "k_pid_hsp": [0.8315511345863342, 0.08625444769859314, 0.0], "k_pid_vsp": [28.100215911865234, 379.75970458984375, 363.7633056640625]}, "datetime": {"datetime": "2025-08-21 03:38:37", "elapsed": 56771.52457857132, "delta": 19.262968063354492}, "costs": {"total_cost": 1511.6287260348884, "time_cost": 150, "final_distance_cost": 13.33199064850779, "oscillation_cost": 61.432100071970474, "completition_cost": 1000.0, "overshoot_cost": 139.67055732652386, "power_cost": 38.06349332275391, "noise_cost": 109.1305846651323, "n_waypoints_completed": 0, "tot_waypoints": 9}}
{"target": -1478.1852527011538, "params": {"k_pid_pos": [0.0794270783662796, 0.9807297587394714, 0.0], "k_pid_alt": [1.8779175281524658, 1.0, 0.08013659715652466], "k_pid_att": [97.71342468261719, 9.999999747378752e-05, 0.0], "k_pid_yaw": [0.5, 1e-06, 0.1], "k_pid_hsp": [0.4072096347808838, 0.0, 0.02626451849937439], "k_pid_vsp": [0.0, 400.0, 400.0]}, "datetime": {"datetime": "2025-08-21 03:38:58", "elapsed": 56792.759301662445, "delta": 21.23472309112549}, "costs": {"total_cost": 1478.1852527011538, "time_cost": 150, "final_distance_cost": 9.059561371017836, "oscillation_cost": 96.03939012013073, "completition_cost": 1000.0, "overshoot_cost": 139.5117273008337, "power_cost": 20.330129296875, "noise_cost": 63.24444461229675, "n_waypoints_completed": 0, "tot_waypoints": 9}}
{"target": -1388.9577813038104, "params": {"k_pid_pos": [9.999999747378752e-05, 1.0, 0.0], "k_pid_alt": [1.7746878862380981, 1.0, 0.07581067085266113], "k_pid_att": [98.00894165039062, 9.999999747378752e-05, 0.04129144549369812], "k_pid_yaw": [0.5, 1e-06, 0.1], "k_pid_hsp": [9.999999747378752e-05, 0.06848922371864319, 0.0], "k_pid_vsp": [0.0, 400.0, 349.5868835449219]}, "datetime": {"datetime": "2025-08-21 03:39:17", "elapsed": 56812.13579034805, "delta": 19.37648868560791}, "costs": {"total_cost": 1388.9577813038104, "time_cost": 150, "final_distance_cost": 3.931198480422486, "oscillation_cost": 43.31033957286894, "completition_cost": 1000.0, "overshoot_cost": 147.55695061371074, "power_cost": 7.998060766601563, "noise_cost": 36.16123187020661, "n_waypoints_completed": 0, "tot_waypoints": 9}}
{"target": -1520.179500484565, "params": {"k_pid_pos": [9.999999747378752e-05, 1.0, 0.0], "k_pid_alt": [1.960344672203064, 0.9525452852249146, 0.0], "k_pid_att": [100.0, 1.0561567544937134, 0.008926570415496826], "k_pid_yaw": [0.5, 1e-06, 0.1], "k_pid_hsp": [0.8384801149368286, 0.08920487761497498, 0.027097612619400024], "k_pid_vsp": [0.0, 390.240234375, 400.0]}, "datetime": {"datetime": "2025-08-21 03:39:39", "elapsed": 56834.03080916405, "delta": 21.895018815994263}, "costs": {"total_cost": 1520.179500484565, "time_cost": 150, "final_distance_cost": 26.732777015518604, "oscillation_cost": 84.7641595219079, "completition_cost": 1000.0, "overshoot_cost": 146.88039532668174, "power_cost": 28.555717590332033, "noise_cost": 83.24645103012475, "n_waypoints_completed": 0, "tot_waypoints": 9}}
{"target": -1397.8152168396953, "params": {"k_pid_pos": [9.999999747378752e-05, 1.0, 0.0], "k_pid_alt": [1.9392569065093994, 0.9885400533676147, 0.0], "k_pid_att": [100.0, 9.999999747378752e-05, 0.0], "k_pid_yaw": [0.5, 1e-06, 0.1], "k_pid_hsp": [0.38956356048583984, 0.05121693015098572, 0.0], "k_pid_vsp": [16.958545684814453, 400.0, 400.0]}, "datetime": {"datetime": "2025-08-21 03:39:59", "elapsed": 56854.222479104996, "delta": 20.191669940948486}, "costs": {"total_cost": 1397.8152168396953, "time_cost": 150, "final_distance_cost": 12.740473627321846, "oscillation_cost": 64.00251381282064, "completition_cost": 1000.0, "overshoot_cost": 140.34948736876268, "power_cost": 3.9850845336914062, "noise_cost": 26.737657497098546, "n_waypoints_completed": 0, "tot_waypoints": 9}}
{"target": -1403.9454700848034, "params": {"k_pid_pos": [9.999999747378752e-05, 1.0, 0.032613277435302734], "k_pid_alt": [1.900994062423706, 0.9796289205551147, 0.0], "k_pid_att": [100.0, 1.02202308177948, 0.0], "k_pid_yaw": [0.5, 1e-06, 0.1], "k_pid_hsp": [0.21033480763435364, 0.0, 0.0], "k_pid_vsp": [6.024491786956787, 377.5037536621094, 385.78228759765625]}, "datetime": {"datetime": "2025-08-21 03:40:19", "elapsed": 56873.56328058243, "delta": 19.34080147743225}, "costs": {"total_cost": 1403.9454700848034, "time_cost": 150, "final_distance_cost": 10.838281879263935, "oscillation_cost": 58.80518504469262, "completition_cost": 1000.0, "overshoot_cost": 140.2735985355204, "power_cost": 7.903043554687501, "noise_cost": 36.125361070638974, "n_waypoints_completed": 0, "tot_waypoints": 9}}
{"target": -1788.395842847757, "params": {"k_pid_pos": [0.019193988293409348, 1.0, 0.061321794986724854], "k_pid_alt": [1.906650424003601, 1.0, 0.03203311562538147], "k_pid_att": [100.0, 0.16207757592201233, 0.04043743014335632], "k_pid_yaw": [0.5, 1e-06, 0.1], "k_pid_hsp": [9.999999747378752e-05, 0.0, 0.020725667476654053], "k_pid_vsp": [41.79515838623047, 388.0664978027344, 400.0]}, "datetime": {"datetime": "2025-08-21 03:40:41", "elapsed": 56895.859733104706, "delta": 22.296452522277832}, "costs": {"total_cost": 1788.395842847757, "time_cost": 150, "final_distance_cost": 321.80888423876695, "oscillation_cost": 33.17569818484411, "completition_cost": 888.8888888888888, "overshoot_cost": 369.9836889864176, "power_cost": 12.064377978515626, "noise_cost": 12.474304570323632, "n_waypoints_completed": 1, "tot_waypoints": 9}}
{"target": -1917.2082482611456, "params": {"k_pid_pos": [9.999999747378752e-05, 0.9420998096466064, 0.0], "k_pid_alt": [1.9182884693145752, 0.9244571924209595, 0.0], "k_pid_att": [100.0, 9.999999747378752e-05, 0.0], "k_pid_yaw": [0.5, 1e-06, 0.1], "k_pid_hsp": [9.999999747378752e-05, 0.0, 0.0], "k_pid_vsp": [2.09885835647583, 400.0, 400.0]}, "datetime": {"datetime": "2025-08-21 03:41:01", "elapsed": 56915.61277270317, "delta": 19.753039598464966}, "costs": {"total_cost": 1917.2082482611456, "time_cost": 150, "final_distance_cost": 335.26654923266346, "oscillation_cost": 30.924636542965686, "completition_cost": 1000.0, "overshoot_cost": 375.23295841826337, "power_cost": 11.736744799804688, "noise_cost": 14.047359267448346, "n_waypoints_completed": 0, "tot_waypoints": 9}}
{"target": -1470.7923064308359, "params": {"k_pid_pos": [9.999999747378752e-05, 0.9295286536216736, 0.0], "k_pid_alt": [2.0, 1.0, 0.0], "k_pid_att": [92.94776916503906, 9.999999747378752e-05, 0.02026692032814026], "k_pid_yaw": [0.5, 1e-06, 0.1], "k_pid_hsp": [0.573552668094635, 0.0, 0.022460460662841797], "k_pid_vsp": [1.9199848175048828, 384.49578857421875, 400.0]}, "datetime": {"datetime": "2025-08-21 03:41:21", "elapsed": 56936.196310043335, "delta": 20.583537340164185}, "costs": {"total_cost": 1470.7923064308359, "time_cost": 150, "final_distance_cost": 10.20764289047245, "oscillation_cost": 89.65218330126629, "completition_cost": 1000.0, "overshoot_cost": 142.9752542892337, "power_cost": 18.027606970214844, "noise_cost": 59.92961897964849, "n_waypoints_completed": 0, "tot_waypoints": 9}}
{"target": -1428.121756309725, "params": {"k_pid_pos": [0.15696699917316437, 0.9812788963317871, 0.0], "k_pid_alt": [2.0, 0.998082160949707, 0.11177971959114075], "k_pid_att": [100.0, 9.999999747378752e-05, 0.1039360761642456], "k_pid_yaw": [0.5, 1e-06, 0.1], "k_pid_hsp": [9.999999747378752e-05, 0.03330099582672119, 0.0], "k_pid_vsp": [0.0, 394.742919921875, 400.0]}, "datetime": {"datetime": "2025-08-21 03:41:41", "elapsed": 56955.646921634674, "delta": 19.45061159133911}, "costs": {"total_cost": 1428.121756309725, "time_cost": 150, "final_distance_cost": 27.237804147779315, "oscillation_cost": 28.093125217856066, "completition_cost": 1000.0, "overshoot_cost": 138.0491188391111, "power_cost": 38.044372485351566, "noise_cost": 46.697335619627296, "n_waypoints_completed": 0, "tot_waypoints": 9}}
{"target": -1753.7312722287934, "params": {"k_pid_pos": [0.09770011156797409, 1.0, 0.0], "k_pid_alt": [1.9638912677764893, 0.9753028154373169, 0.0], "k_pid_att": [93.57469940185547, 9.999999747378752e-05, 0.06819123029708862], "k_pid_yaw": [0.5, 1e-06, 0.1], "k_pid_hsp": [9.999999747378752e-05, 0.014615923166275024, 0.0], "k_pid_vsp": [0.0, 400.0, 391.37664794921875]}, "datetime": {"datetime": "2025-08-21 03:42:01", "elapsed": 56976.284009218216, "delta": 20.63708758354187}, "costs": {"total_cost": 1753.7312722287934, "time_cost": 150, "final_distance_cost": 259.5914163799826, "oscillation_cost": 29.928278078391763, "completition_cost": 1000.0, "overshoot_cost": 287.98827129988376, "power_cost": 12.542543383789063, "noise_cost": 13.680763086746065, "n_waypoints_completed": 0, "tot_waypoints": 9}}
{"target": -1427.863410465716, "params": {"k_pid_pos": [9.999999747378752e-05, 1.0, 0.03611293435096741], "k_pid_alt": [1.8683483600616455, 1.0, 0.013776332139968872], "k_pid_att": [100.0, 0.08848177641630173, 0.06684750318527222], "k_pid_yaw": [0.5, 1e-06, 0.1], "k_pid_hsp": [0.8864524364471436, 0.05546212196350098, 0.0], "k_pid_vsp": [6.305253505706787, 375.19293212890625, 400.0]}, "datetime": {"datetime": "2025-08-21 03:42:21", "elapsed": 56996.03132557869, "delta": 19.747316360473633}, "costs": {"total_cost": 1427.863410465716, "time_cost": 150, "final_distance_cost": 10.914072556318338, "oscillation_cost": 70.01639896690838, "completition_cost": 1000.0, "overshoot_cost": 139.52893083055173, "power_cost": 11.813628430175783, "noise_cost": 45.59037968176182, "n_waypoints_completed": 0, "tot_waypoints": 9}}
{"target": -2059.4757291464143, "params": {"k_pid_pos": [9.999999747378752e-05, 1.0, 0.0], "k_pid_alt": [1.7935569286346436, 0.9902421236038208, 0.09129497408866882], "k_pid_att": [100.0, 9.999999747378752e-05, 0.0], "k_pid_yaw": [0.5, 1e-06, 0.1], "k_pid_hsp": [9.999999747378752e-05, 0.0, 0.01547512412071228], "k_pid_vsp": [0.16791820526123047, 400.0, 400.0]}, "datetime": {"datetime": "2025-08-21 03:42:41", "elapsed": 57016.04996967316, "delta": 20.018644094467163}, "costs": {"total_cost": 2059.4757291464143, "time_cost": 150, "final_distance_cost": 387.86092312803487, "oscillation_cost": 35.37863391194242, "completition_cost": 1000.0, "overshoot_cost": 463.32177836469936, "power_cost": 10.868158532714844, "noise_cost": 12.046235209023022, "n_waypoints_completed": 0, "tot_waypoints": 9}}
{"target": -1448.2593702743918, "params": {"k_pid_pos": [9.999999747378752e-05, 0.9689167737960815, 0.056008219718933105], "k_pid_alt": [2.0, 1.0, 0.019997060298919678], "k_pid_att": [100.0, 9.999999747378752e-05, 0.008567273616790771], "k_pid_yaw": [0.5, 1e-06, 0.1], "k_pid_hsp": [9.999999747378752e-05, 0.1046590805053711, 0.0], "k_pid_vsp": [0.0, 400.0, 400.0]}, "datetime": {"datetime": "2025-08-21 03:43:02", "elapsed": 57036.56155157089, "delta": 20.511581897735596}, "costs": {"total_cost": 1448.2593702743918, "time_cost": 150, "final_distance_cost": 16.192002314840053, "oscillation_cost": 56.878903760342816, "completition_cost": 1000.0, "overshoot_cost": 144.5511717722657, "power_cost": 18.585379235839845, "noise_cost": 62.0519131911036, "n_waypoints_completed": 0, "tot_waypoints": 9}}
{"target": -1935.6919297983009, "params": {"k_pid_pos": [9.999999747378752e-05, 1.0, 0.02178826928138733], "k_pid_alt": [2.0, 0.9719230532646179, 0.0], "k_pid_att": [100.0, 0.5689961910247803, 0.01512327790260315], "k_pid_yaw": [0.5, 1e-06, 0.1], "k_pid_hsp": [9.999999747378752e-05, 0.0, 0.011321276426315308], "k_pid_vsp": [16.502225875854492, 391.0430908203125, 400.0]}, "datetime": {"datetime": "2025-08-21 03:43:21", "elapsed": 57055.96114087105, "delta": 19.39958930015564}, "costs": {"total_cost": 1935.6919297983009, "time_cost": 150, "final_distance_cost": 360.13556852620985, "oscillation_cost": 29.549277163326792, "completition_cost": 888.8888888888888, "overshoot_cost": 442.432658316586, "power_cost": 37.98521610107422, "noise_cost": 26.7003208022151, "n_waypoints_completed": 1, "tot_waypoints": 9}}
{"target": -1432.4924666665547, "params": {"k_pid_pos": [0.17721255123615265, 0.902850866317749, 0.009663522243499756], "k_pid_alt": [1.9841364622116089, 1.0, 0.0], "k_pid_att": [96.95500183105469, 9.999999747378752e-05, 0.08249032497406006], "k_pid_yaw": [0.5, 1e-06, 0.1], "k_pid_hsp": [0.4092749357223511, 0.0052842795848846436, 0.0], "k_pid_vsp": [0.0, 379.34423828125, 363.2777099609375]}, "datetime": {"datetime": "2025-08-21 03:43:43", "elapsed": 57077.615497112274, "delta": 21.654356241226196}, "costs": {"total_cost": 1432.4924666665547, "time_cost": 150, "final_distance_cost": 9.53077535210493, "oscillation_cost": 64.23633153514564, "completition_cost": 1000.0, "overshoot_cost": 138.73956120567146, "power_cost": 15.564545178222657, "noise_cost": 54.421253395410005, "n_waypoints_completed": 0, "tot_waypoints": 9}}
{"target": -1494.706058885622, "params": {"k_pid_pos": [9.999999747378752e-05, 0.9134963750839233, 0.0], "k_pid_alt": [2.0, 1.0, 0.11760616302490234], "k_pid_att": [100.0, 0.04467816650867462, 0.0], "k_pid_yaw": [0.5, 1e-06, 0.1], "k_pid_hsp": [0.1287437230348587, 0.0, 0.0], "k_pid_vsp": [6.3390374183654785, 400.0, 367.7276916503906]}, "datetime": {"datetime": "2025-08-21 03:44:02", "elapsed": 57097.324024915695, "delta": 19.70852780342102}, "costs": {"total_cost": 1494.706058885622, "time_cost": 150, "final_distance_cost": 16.628796414833186, "oscillation_cost": 52.01385885935803, "completition_cost": 1000.0, "overshoot_cost": 140.26853872042184, "power_cost": 34.771783911132815, "noise_cost": 101.02308097987614, "n_waypoints_completed": 0, "tot_waypoints": 9}}
