{"target": -1453.9567270912023, "params": {"k_pid_pos": [9.999999747378752e-05, 1.0, 0.0], "k_pid_alt": [1.9963438510894775, 1.0, 0.0], "k_pid_att": [96.50684356689453, 0.5075432658195496, 0.08258199691772461], "k_pid_yaw": [0.5, 1e-06, 0.1], "k_pid_hsp": [9.999999747378752e-05, 0.07373574376106262, 0.0], "k_pid_vsp": [33.96388244628906, 400.0, 400.0]}, "datetime": {"datetime": "2025-08-20 21:05:05", "elapsed": 33160.48532342911, "delta": 23.46784520149231}, "costs": {"total_cost": 1453.9567270912023, "time_cost": 150, "final_distance_cost": 23.99777195061119, "oscillation_cost": 42.813938995320726, "completition_cost": 1000.0, "overshoot_cost": 146.92153614333003, "power_cost": 21.48652647705078, "noise_cost": 68.73695352488942, "n_waypoints_completed": 0, "tot_waypoints": 9}}
{"target": -1398.8913308675037, "params": {"k_pid_pos": [0.05002611130475998, 1.0, 0.0], "k_pid_alt": [1.9285500049591064, 1.0, 0.0], "k_pid_att": [100.0, 9.999999747378752e-05, 0.020076245069503784], "k_pid_yaw": [0.5, 1e-06, 0.1], "k_pid_hsp": [0.1313791126012802, 0.0, 0.0], "k_pid_vsp": [0.0, 372.0574035644531, 400.0]}, "datetime": {"datetime": "2025-08-20 21:05:29", "elapsed": 33183.54189991951, "delta": 23.05657649040222}, "costs": {"total_cost": 1398.8913308675037, "time_cost": 150, "final_distance_cost": 16.741940311579825, "oscillation_cost": 56.12450475672184, "completition_cost": 1000.0, "overshoot_cost": 140.37305131134755, "power_cost": 5.46018095703125, "noise_cost": 30.191653530823185, "n_waypoints_completed": 0, "tot_waypoints": 9}}
{"target": -3487.6158464905434, "params": {"k_pid_pos": [0.21460972726345062, 1.0, 0.020644575357437134], "k_pid_alt": [2.0, 0.9983558654785156, 0.0], "k_pid_att": [90.38957214355469, 9.999999747378752e-05, 0.015836864709854126], "k_pid_yaw": [0.5, 1e-06, 0.1], "k_pid_hsp": [9.999999747378752e-05, 0.0, 0.029020369052886963], "k_pid_vsp": [29.131805419921875, 400.0, 400.0]}, "datetime": {"datetime": "2025-08-20 21:05:52", "elapsed": 33206.605595350266, "delta": 23.063695430755615}, "costs": {"total_cost": 3487.6158464905434, "time_cost": 150, "final_distance_cost": 877.0846313650413, "oscillation_cost": 81.90962418165486, "completition_cost": 1000.0, "overshoot_cost": 1318.1928218640448, "power_cost": 35.90201072998047, "noise_cost": 24.526758349822245, "n_waypoints_completed": 0, "tot_waypoints": 9}}
{"target": -1795.5240889115657, "params": {"k_pid_pos": [0.09553036838769913, 0.8815220594406128, 0.0], "k_pid_alt": [1.936138391494751, 1.0, 0.0], "k_pid_att": [100.0, 0.023685619235038757, 0.0], "k_pid_yaw": [0.5, 1e-06, 0.1], "k_pid_hsp": [9.999999747378752e-05, 0.014413148164749146, 0.0], "k_pid_vsp": [23.209392547607422, 389.6645202636719, 400.0]}, "datetime": {"datetime": "2025-08-20 21:06:16", "elapsed": 33230.70514416695, "delta": 24.099548816680908}, "costs": {"total_cost": 1795.5240889115657, "time_cost": 150, "final_distance_cost": 276.47176963054636, "oscillation_cost": 31.615733631179243, "completition_cost": 1000.0, "overshoot_cost": 311.5941719172393, "power_cost": 12.295412927246094, "noise_cost": 13.547000805354918, "n_waypoints_completed": 0, "tot_waypoints": 9}}
{"target": -1508.632935632888, "params": {"k_pid_pos": [0.23744192719459534, 1.0, 0.0], "k_pid_alt": [1.8430063724517822, 0.898729681968689, 0.0021728873252868652], "k_pid_att": [100.0, 0.333819180727005, 0.0], "k_pid_yaw": [0.5, 1e-06, 0.1], "k_pid_hsp": [0.34773939847946167, 0.05967402458190918, 0.0], "k_pid_vsp": [1.009368896484375, 400.0, 400.0]}, "datetime": {"datetime": "2025-08-20 21:06:40", "elapsed": 33254.83969783783, "delta": 24.13455367088318}, "costs": {"total_cost": 1508.632935632888, "time_cost": 150, "final_distance_cost": 12.738578486145915, "oscillation_cost": 63.09584580509809, "completition_cost": 1000.0, "overshoot_cost": 139.12949272351722, "power_cost": 37.10191417236328, "noise_cost": 106.56710444576346, "n_waypoints_completed": 0, "tot_waypoints": 9}}
{"target": -1502.6186959637737, "params": {"k_pid_pos": [9.999999747378752e-05, 1.0, 0.0], "k_pid_alt": [1.9295700788497925, 0.9825214147567749, 0.02199411392211914], "k_pid_att": [100.0, 9.999999747378752e-05, 0.06058841943740845], "k_pid_yaw": [0.5, 1e-06, 0.1], "k_pid_hsp": [0.2928512394428253, 0.0, 0.0], "k_pid_vsp": [0.0, 400.0, 400.0]}, "datetime": {"datetime": "2025-08-20 21:07:03", "elapsed": 33278.14198255539, "delta": 23.302284717559814}, "costs": {"total_cost": 1502.6186959637737, "time_cost": 150, "final_distance_cost": 7.753700883807901, "oscillation_cost": 57.37571792955542, "completition_cost": 1000.0, "overshoot_cost": 140.29840717736806, "power_cost": 38.076985974121094, "noise_cost": 109.1138839989212, "n_waypoints_completed": 0, "tot_waypoints": 9}}
{"target": -1967.7980049116998, "params": {"k_pid_pos": [0.048388972878456116, 0.9770126342773438, 0.020205259323120117], "k_pid_alt": [2.0, 1.0, 0.059115827083587646], "k_pid_att": [100.0, 9.999999747378752e-05, 0.0], "k_pid_yaw": [0.5, 1e-06, 0.1], "k_pid_hsp": [9.999999747378752e-05, 0.0, 0.0], "k_pid_vsp": [1.9022583961486816, 400.0, 398.87799072265625]}, "datetime": {"datetime": "2025-08-20 21:07:27", "elapsed": 33301.85741138458, "delta": 23.715428829193115}, "costs": {"total_cost": 1967.7980049116998, "time_cost": 150, "final_distance_cost": 340.5964060337052, "oscillation_cost": 25.245404446699084, "completition_cost": 1000.0, "overshoot_cost": 386.1198058395589, "power_cost": 37.84367385253906, "noise_cost": 27.992714739197474, "n_waypoints_completed": 0, "tot_waypoints": 9}}
{"target": -1472.0925370912928, "params": {"k_pid_pos": [9.999999747378752e-05, 0.9441989064216614, 0.04605117440223694], "k_pid_alt": [2.0, 0.9757790565490723, 0.032142192125320435], "k_pid_att": [100.0, 0.10541707277297974, 0.040709495544433594], "k_pid_yaw": [0.5, 1e-06, 0.1], "k_pid_hsp": [0.6474130749702454, 0.0, 0.013759642839431763], "k_pid_vsp": [0.0, 396.8882141113281, 374.32769775390625]}, "datetime": {"datetime": "2025-08-20 21:07:50", "elapsed": 33325.19750404358, "delta": 23.340092658996582}, "costs": {"total_cost": 1472.0925370912928, "time_cost": 150, "final_distance_cost": 23.120983010534328, "oscillation_cost": 86.56289028962351, "completition_cost": 1000.0, "overshoot_cost": 143.83354663679583, "power_cost": 15.053654858398438, "noise_cost": 53.521462295940765, "n_waypoints_completed": 0, "tot_waypoints": 9}}
{"target": -1620.3937551711313, "params": {"k_pid_pos": [9.999999747378752e-05, 1.0, 0.0], "k_pid_alt": [1.950740933418274, 0.9838851690292358, 0.0], "k_pid_att": [99.80824279785156, 9.999999747378752e-05, 0.0], "k_pid_yaw": [0.5, 1e-06, 0.1], "k_pid_hsp": [9.999999747378752e-05, 0.020000100135803223, 0.0], "k_pid_vsp": [0.0, 400.0, 399.57745361328125]}, "datetime": {"datetime": "2025-08-20 21:08:13", "elapsed": 33347.73475766182, "delta": 22.537253618240356}, "costs": {"total_cost": 1620.3937551711313, "time_cost": 150, "final_distance_cost": 196.15353076759732, "oscillation_cost": 31.647241358747692, "completition_cost": 1000.0, "overshoot_cost": 213.79466085863234, "power_cost": 13.776611267089844, "noise_cost": 15.021710919063995, "n_waypoints_completed": 0, "tot_waypoints": 9}}
{"target": -3239.6312652188512, "params": {"k_pid_pos": [0.13931959867477417, 0.9632692337036133, 0.07664591073989868], "k_pid_alt": [1.9760719537734985, 0.9775595664978027, 0.049774348735809326], "k_pid_att": [95.59373474121094, 9.999999747378752e-05, 0.0], "k_pid_yaw": [0.5, 1e-06, 0.1], "k_pid_hsp": [9.999999747378752e-05, 0.0, 0.026490628719329834], "k_pid_vsp": [0.0, 400.0, 399.4595947265625]}, "datetime": {"datetime": "2025-08-20 21:08:34", "elapsed": 33369.34306144714, "delta": 21.608303785324097}, "costs": {"total_cost": 3239.6312652188512, "time_cost": 150, "final_distance_cost": 797.7184293042673, "oscillation_cost": 99.12076030848675, "completition_cost": 1000.0, "overshoot_cost": 1173.8760620531532, "power_cost": 8.809368518066407, "noise_cost": 10.106645034877516, "n_waypoints_completed": 0, "tot_waypoints": 9}}
{"target": -1569.323571770726, "params": {"k_pid_pos": [0.12846291065216064, 0.9955974817276001, 0.014226675033569336], "k_pid_alt": [2.0, 0.9098799228668213, 0.054437071084976196], "k_pid_att": [100.0, 9.999999747378752e-05, 0.0], "k_pid_yaw": [0.5, 1e-06, 0.1], "k_pid_hsp": [9.999999747378752e-05, 0.021450072526931763, 0.0], "k_pid_vsp": [0.0, 400.0, 400.0]}, "datetime": {"datetime": "2025-08-20 21:08:59", "elapsed": 33393.529935121536, "delta": 24.1868736743927}, "costs": {"total_cost": 1569.323571770726, "time_cost": 150, "final_distance_cost": 160.70228129870398, "oscillation_cost": 27.023809638343728, "completition_cost": 1000.0, "overshoot_cost": 165.8038800522501, "power_cost": 37.794288037109375, "noise_cost": 27.99931274431865, "n_waypoints_completed": 0, "tot_waypoints": 9}}
{"target": -1398.9290367379829, "params": {"k_pid_pos": [9.999999747378752e-05, 0.9816222190856934, 0.0], "k_pid_alt": [2.0, 1.0, 0.0], "k_pid_att": [100.0, 0.31488803029060364, 0.05781877040863037], "k_pid_yaw": [0.5, 1e-06, 0.1], "k_pid_hsp": [0.4907914996147156, 0.024616926908493042, 0.0], "k_pid_vsp": [36.07256317138672, 370.1749267578125, 400.0]}, "datetime": {"datetime": "2025-08-20 21:09:22", "elapsed": 33416.90840339661, "delta": 23.37846827507019}, "costs": {"total_cost": 1398.9290367379829, "time_cost": 150, "final_distance_cost": 14.963947581799019, "oscillation_cost": 66.57314825592394, "completition_cost": 1000.0, "overshoot_cost": 139.91352987353253, "power_cost": 3.0476036376953126, "noise_cost": 24.43080738903204, "n_waypoints_completed": 0, "tot_waypoints": 9}}
{"target": -1488.1244852694647, "params": {"k_pid_pos": [9.999999747378752e-05, 1.0, 0.06015223264694214], "k_pid_alt": [1.8449174165725708, 1.0, 0.0], "k_pid_att": [97.77533721923828, 0.11463961005210876, 0.050403982400894165], "k_pid_yaw": [0.5, 1e-06, 0.1], "k_pid_hsp": [0.5176151394844055, 0.019766271114349365, 0.01179388165473938], "k_pid_vsp": [0.0, 398.9483947753906, 400.0]}, "datetime": {"datetime": "2025-08-20 21:09:44", "elapsed": 33439.49645495415, "delta": 22.588051557540894}, "costs": {"total_cost": 1488.1244852694647, "time_cost": 150, "final_distance_cost": 11.23972769096934, "oscillation_cost": 83.03872164427565, "completition_cost": 1000.0, "overshoot_cost": 145.23698806891858, "power_cost": 23.892782446289065, "noise_cost": 74.71626541901172, "n_waypoints_completed": 0, "tot_waypoints": 9}}
{"target": -1476.733558841093, "params": {"k_pid_pos": [0.0812714472413063, 0.9829629063606262, 0.023470312356948853], "k_pid_alt": [2.0, 0.9835078716278076, 0.0], "k_pid_att": [99.5372543334961, 0.6681264042854309, 0.04356062412261963], "k_pid_yaw": [0.5, 1e-06, 0.1], "k_pid_hsp": [0.6396622061729431, 0.0, 0.02978840470314026], "k_pid_vsp": [25.470924377441406, 374.7447814941406, 400.0]}, "datetime": {"datetime": "2025-08-20 21:10:06", "elapsed": 33461.51388525963, "delta": 22.017430305480957}, "costs": {"total_cost": 1476.733558841093, "time_cost": 150, "final_distance_cost": 4.340198617704366, "oscillation_cost": 96.74474038641297, "completition_cost": 1000.0, "overshoot_cost": 139.20370793618122, "power_cost": 21.392378283691407, "noise_cost": 65.0525336171031, "n_waypoints_completed": 0, "tot_waypoints": 9}}
{"target": -1446.6659402459484, "params": {"k_pid_pos": [0.09188704192638397, 0.9207932353019714, 0.0], "k_pid_alt": [2.0, 0.9815714359283447, 0.0], "k_pid_att": [95.52409362792969, 9.999999747378752e-05, 0.0], "k_pid_yaw": [0.5, 1e-06, 0.1], "k_pid_hsp": [0.5607640147209167, 0.0, 0.0460645854473114], "k_pid_vsp": [34.95124435424805, 400.0, 400.0]}, "datetime": {"datetime": "2025-08-20 21:10:31", "elapsed": 33485.58643937111, "delta": 24.072554111480713}, "costs": {"total_cost": 1446.6659402459484, "time_cost": 150, "final_distance_cost": 6.514632933020341, "oscillation_cost": 103.04895743427109, "completition_cost": 1000.0, "overshoot_cost": 135.1315012172217, "power_cost": 14.121082336425783, "noise_cost": 37.8497663250094, "n_waypoints_completed": 0, "tot_waypoints": 9}}
{"target": -1910.9058834070743, "params": {"k_pid_pos": [0.15172657370567322, 1.0, 0.0], "k_pid_alt": [2.0, 0.8935509920120239, 0.03348979353904724], "k_pid_att": [100.0, 0.7786456942558289, 0.0], "k_pid_yaw": [0.5, 1e-06, 0.1], "k_pid_hsp": [9.999999747378752e-05, 0.0, 0.0], "k_pid_vsp": [7.133233547210693, 400.0, 382.9034729003906]}, "datetime": {"datetime": "2025-08-20 21:10:54", "elapsed": 33509.05891060829, "delta": 23.472471237182617}, "costs": {"total_cost": 1910.9058834070743, "time_cost": 150, "final_distance_cost": 333.4421889154235, "oscillation_cost": 31.11554977648357, "completition_cost": 1000.0, "overshoot_cost": 371.2533636605605, "power_cost": 11.48677244873047, "noise_cost": 13.608008605876064, "n_waypoints_completed": 0, "tot_waypoints": 9}}
{"target": -1478.1269880322432, "params": {"k_pid_pos": [0.10178520530462265, 0.9880318641662598, 0.0], "k_pid_alt": [1.9592268466949463, 1.0, 0.0], "k_pid_att": [100.0, 9.999999747378752e-05, 0.0], "k_pid_yaw": [0.5, 1e-06, 0.1], "k_pid_hsp": [0.4369663596153259, 0.0, 0.013209134340286255], "k_pid_vsp": [0.0, 400.0, 400.0]}, "datetime": {"datetime": "2025-08-20 21:11:16", "elapsed": 33530.666224718094, "delta": 21.607314109802246}, "costs": {"total_cost": 1478.1269880322432, "time_cost": 150, "final_distance_cost": 5.449574145327308, "oscillation_cost": 90.83157017415857, "completition_cost": 1000.0, "overshoot_cost": 140.3559809823417, "power_cost": 21.833541271972656, "noise_cost": 69.6563214584428, "n_waypoints_completed": 0, "tot_waypoints": 9}}
{"target": -1474.6328979407126, "params": {"k_pid_pos": [9.999999747378752e-05, 0.9878175258636475, 0.009689658880233765], "k_pid_alt": [2.0, 1.0, 0.0], "k_pid_att": [100.0, 9.999999747378752e-05, 0.05923810601234436], "k_pid_yaw": [0.5, 1e-06, 0.1], "k_pid_hsp": [0.36446699500083923, 0.0, 0.03070884943008423], "k_pid_vsp": [0.0, 400.0, 392.3902282714844]}, "datetime": {"datetime": "2025-08-20 21:11:40", "elapsed": 33554.524018764496, "delta": 23.857794046401978}, "costs": {"total_cost": 1474.6328979407126, "time_cost": 150, "final_distance_cost": 14.367184373423797, "oscillation_cost": 94.65416303101951, "completition_cost": 1000.0, "overshoot_cost": 139.59971166801844, "power_cost": 18.71048758544922, "noise_cost": 57.301351282801534, "n_waypoints_completed": 0, "tot_waypoints": 9}}
{"target": -1950.9584618238366, "params": {"k_pid_pos": [9.999999747378752e-05, 0.9554426670074463, 0.0], "k_pid_alt": [2.0, 1.0, 0.0], "k_pid_att": [100.0, 0.13930167257785797, 0.06480252742767334], "k_pid_yaw": [0.5, 1e-06, 0.1], "k_pid_hsp": [9.999999747378752e-05, 0.0, 0.005322515964508057], "k_pid_vsp": [0.0, 382.5820617675781, 387.7321472167969]}, "datetime": {"datetime": "2025-08-20 21:12:02", "elapsed": 33577.17802476883, "delta": 22.654006004333496}, "costs": {"total_cost": 1950.9584618238366, "time_cost": 150, "final_distance_cost": 346.12042264780723, "oscillation_cost": 32.805737928762746, "completition_cost": 1000.0, "overshoot_cost": 398.4347441991925, "power_cost": 11.10332587890625, "noise_cost": 12.494231169167954, "n_waypoints_completed": 0, "tot_waypoints": 9}}
{"target": -1504.7303528129091, "params": {"k_pid_pos": [9.999999747378752e-05, 1.0, 0.0], "k_pid_alt": [2.0, 0.8853126168251038, 0.0], "k_pid_att": [100.0, 9.999999747378752e-05, 0.05317792296409607], "k_pid_yaw": [0.5, 1e-06, 0.1], "k_pid_hsp": [0.7728718519210815, 0.0, 0.013630449771881104], "k_pid_vsp": [10.908449172973633, 396.1003723144531, 400.0]}, "datetime": {"datetime": "2025-08-20 21:12:25", "elapsed": 33600.1148648262, "delta": 22.936840057373047}, "costs": {"total_cost": 1504.7303528129091, "time_cost": 150, "final_distance_cost": 23.272582506630396, "oscillation_cost": 82.49003824660049, "completition_cost": 1000.0, "overshoot_cost": 144.3092339174113, "power_cost": 25.634277099609378, "noise_cost": 79.02422104265762, "n_waypoints_completed": 0, "tot_waypoints": 9}}
{"target": -1448.6744702043236, "params": {"k_pid_pos": [0.0613071545958519, 1.0, 0.031573712825775146], "k_pid_alt": [1.9428569078445435, 1.0, 0.0], "k_pid_att": [100.0, 0.3121456503868103, 0.04826456308364868], "k_pid_yaw": [0.5, 1e-06, 0.1], "k_pid_hsp": [9.999999747378752e-05, 0.08992809057235718, 0.0], "k_pid_vsp": [0.0, 400.0, 400.0]}, "datetime": {"datetime": "2025-08-20 21:12:48", "elapsed": 33623.15697813034, "delta": 23.042113304138184}, "costs": {"total_cost": 1448.6744702043236, "time_cost": 150, "final_distance_cost": 23.32349061227131, "oscillation_cost": 52.71066707365967, "completition_cost": 1000.0, "overshoot_cost": 145.0086689915251, "power_cost": 17.732020935058596, "noise_cost": 59.899622591808864, "n_waypoints_completed": 0, "tot_waypoints": 9}}
{"target": -2709.9135705245803, "params": {"k_pid_pos": [9.999999747378752e-05, 0.9346204400062561, 0.0], "k_pid_alt": [2.0, 1.0, 0.0], "k_pid_att": [87.39550018310547, 9.999999747378752e-05, 0.0], "k_pid_yaw": [0.5, 1e-06, 0.1], "k_pid_hsp": [9.999999747378752e-05, 0.050633907318115234, 0.046664804220199585], "k_pid_vsp": [0.0, 388.2222595214844, 400.0]}, "datetime": {"datetime": "2025-08-20 21:13:13", "elapsed": 33647.52281308174, "delta": 24.365834951400757}, "costs": {"total_cost": 2709.9135705245803, "time_cost": 150, "final_distance_cost": 534.6528069763208, "oscillation_cost": 120.69239990237007, "completition_cost": 1000.0, "overshoot_cost": 864.9483331565606, "power_cost": 22.116948547363283, "noise_cost": 17.503081941965505, "n_waypoints_completed": 0, "tot_waypoints": 9}}
{"target": -1463.0199163700509, "params": {"k_pid_pos": [9.999999747378752e-05, 0.9680827856063843, 0.0291273295879364], "k_pid_alt": [2.0, 0.9297837018966675, 0.0], "k_pid_att": [100.0, 9.999999747378752e-05, 0.0], "k_pid_yaw": [0.5, 1e-06, 0.1], "k_pid_hsp": [0.57945317029953, 0.006118297576904297, 0.0], "k_pid_vsp": [0.0, 400.0, 352.47467041015625]}, "datetime": {"datetime": "2025-08-20 21:13:36", "elapsed": 33670.636950969696, "delta": 23.114137887954712}, "costs": {"total_cost": 1463.0199163700509, "time_cost": 150, "final_distance_cost": 12.11462532438878, "oscillation_cost": 63.849365061107484, "completition_cost": 1000.0, "overshoot_cost": 139.61380253304088, "power_cost": 23.540062622070312, "noise_cost": 73.90206082944331, "n_waypoints_completed": 0, "tot_waypoints": 9}}
{"target": -1484.2090113247925, "params": {"k_pid_pos": [9.999999747378752e-05, 1.0, 0.0], "k_pid_alt": [2.0, 1.0, 0.03920501470565796], "k_pid_att": [100.0, 9.999999747378752e-05, 0.06443238258361816], "k_pid_yaw": [0.5, 1e-06, 0.1], "k_pid_hsp": [0.33746814727783203, 0.0, 0.0], "k_pid_vsp": [16.219497680664062, 400.0, 396.14056396484375]}, "datetime": {"datetime": "2025-08-20 21:13:57", "elapsed": 33691.99761271477, "delta": 21.36066174507141}, "costs": {"total_cost": 1484.2090113247925, "time_cost": 150, "final_distance_cost": 9.00415139497969, "oscillation_cost": 59.079227226790145, "completition_cost": 1000.0, "overshoot_cost": 140.18517563693803, "power_cost": 31.825536730957033, "noise_cost": 94.11492033512745, "n_waypoints_completed": 0, "tot_waypoints": 9}}
{"target": -1442.9473073847637, "params": {"k_pid_pos": [9.999999747378752e-05, 1.0, 0.05159193277359009], "k_pid_alt": [2.0, 0.9848325252532959, 0.0], "k_pid_att": [100.0, 0.23366382718086243, 0.012815475463867188], "k_pid_yaw": [0.5, 1e-06, 0.1], "k_pid_hsp": [0.041297126561403275, 0.021533191204071045, 0.0], "k_pid_vsp": [11.197746276855469, 397.2521667480469, 394.2475280761719]}, "datetime": {"datetime": "2025-08-20 21:14:20", "elapsed": 33715.0739402771, "delta": 23.076327562332153}, "costs": {"total_cost": 1442.9473073847637, "time_cost": 150, "final_distance_cost": 22.86300596753624, "oscillation_cost": 45.29637204444282, "completition_cost": 1000.0, "overshoot_cost": 142.94271912711744, "power_cost": 19.259318969726564, "noise_cost": 62.58589127594073, "n_waypoints_completed": 0, "tot_waypoints": 9}}
{"target": -1410.706480926712, "params": {"k_pid_pos": [9.999999747378752e-05, 0.9851424694061279, 0.013724088668823242], "k_pid_alt": [1.9067468643188477, 0.909756600856781, 0.09391441941261292], "k_pid_att": [100.0, 0.3978672921657562, 0.0], "k_pid_yaw": [0.5, 1e-06, 0.1], "k_pid_hsp": [0.04870382323861122, 0.013608723878860474, 0.0], "k_pid_vsp": [0.0, 400.0, 400.0]}, "datetime": {"datetime": "2025-08-20 21:14:47", "elapsed": 33742.25583457947, "delta": 27.181894302368164}, "costs": {"total_cost": 1410.706480926712, "time_cost": 150, "final_distance_cost": 7.692853983420093, "oscillation_cost": 45.178236809909826, "completition_cost": 1000.0, "overshoot_cost": 142.06123364268294, "power_cost": 14.482921130371095, "noise_cost": 51.29123536032775, "n_waypoints_completed": 0, "tot_waypoints": 9}}
{"target": -1540.8014089967141, "params": {"k_pid_pos": [9.999999747378752e-05, 0.9907534122467041, 0.05470609664916992], "k_pid_alt": [1.955215573310852, 0.9893665313720703, 0.0], "k_pid_att": [99.79413604736328, 9.999999747378752e-05, 0.05237486958503723], "k_pid_yaw": [0.5, 1e-06, 0.1], "k_pid_hsp": [0.9324870109558105, 0.03698742389678955, 0.11255344748497009], "k_pid_vsp": [8.220529556274414, 400.0, 372.92724609375]}, "datetime": {"datetime": "2025-08-20 21:15:11", "elapsed": 33766.478244543076, "delta": 24.222409963607788}, "costs": {"total_cost": 1540.8014089967141, "time_cost": 150, "final_distance_cost": 19.799322184116612, "oscillation_cost": 167.43181499404054, "completition_cost": 1000.0, "overshoot_cost": 135.49037532192094, "power_cost": 22.346630981445312, "noise_cost": 45.733265515190745, "n_waypoints_completed": 0, "tot_waypoints": 9}}
