{"target": -1496.6754720667816, "params": {"k_pid_pos": [0.20961987972259521, 1.0, 0.0], "k_pid_alt": [2.0, 0.9970321655273438, 0.0], "k_pid_att": [100.0, 9.999999747378752e-05, 0.026250600814819336], "k_pid_yaw": [0.5, 1e-06, 0.1], "k_pid_hsp": [9.999999747378752e-05, 0.06209838390350342, 0.0], "k_pid_vsp": [0.0, 400.0, 400.0]}, "datetime": {"datetime": "2025-08-20 19:00:34", "elapsed": 25689.197924137115, "delta": 22.550352573394775}, "costs": {"total_cost": 1496.6754720667816, "time_cost": 150, "final_distance_cost": 25.170916731222228, "oscillation_cost": 37.59916616116194, "completition_cost": 1000.0, "overshoot_cost": 148.18370474573027, "power_cost": 34.85264768066406, "noise_cost": 100.86903674800335, "n_waypoints_completed": 0, "tot_waypoints": 9}}
{"target": -1385.8469356682463, "params": {"k_pid_pos": [9.999999747378752e-05, 1.0, 0.03291076421737671], "k_pid_alt": [2.0, 1.0, 0.0], "k_pid_att": [98.74659729003906, 9.999999747378752e-05, 0.06407463550567627], "k_pid_yaw": [0.5, 1e-06, 0.1], "k_pid_hsp": [0.14354757964611053, 0.0, 0.04785647988319397], "k_pid_vsp": [0.0, 400.0, 397.5697021484375]}, "datetime": {"datetime": "2025-08-20 19:00:56", "elapsed": 25711.146334409714, "delta": 21.948410272598267}, "costs": {"total_cost": 1385.8469356682463, "time_cost": 150, "final_distance_cost": 63.64571702211501, "oscillation_cost": 120.01258426306597, "completition_cost": 888.8888888888888, "overshoot_cost": 117.94137205695348, "power_cost": 21.420085961914065, "noise_cost": 23.93828747530887, "n_waypoints_completed": 1, "tot_waypoints": 9}}
{"target": -1440.1003191897578, "params": {"k_pid_pos": [9.999999747378752e-05, 0.9841727018356323, 0.0510404109954834], "k_pid_alt": [2.0, 1.0, 0.02353331446647644], "k_pid_att": [87.20281982421875, 9.999999747378752e-05, 0.013150036334991455], "k_pid_yaw": [0.5, 1e-06, 0.1], "k_pid_hsp": [0.12442033737897873, 0.04224008321762085, 0.0], "k_pid_vsp": [0.6697416305541992, 394.0220031738281, 400.0]}, "datetime": {"datetime": "2025-08-20 19:01:19", "elapsed": 25733.686433315277, "delta": 22.540098905563354}, "costs": {"total_cost": 1440.1003191897578, "time_cost": 150, "final_distance_cost": 7.917109427759, "oscillation_cost": 50.81521795840017, "completition_cost": 1000.0, "overshoot_cost": 141.8013136135738, "power_cost": 21.333464270019533, "noise_cost": 68.23321392000543, "n_waypoints_completed": 0, "tot_waypoints": 9}}
{"target": -1441.7497674167155, "params": {"k_pid_pos": [9.999999747378752e-05, 1.0, 0.06620648503303528], "k_pid_alt": [1.9399489164352417, 1.0, 0.0], "k_pid_att": [100.0, 9.999999747378752e-05, 0.06474858522415161], "k_pid_yaw": [0.5, 1e-06, 0.1], "k_pid_hsp": [0.150974839925766, 0.03337562084197998, 0.03468629717826843], "k_pid_vsp": [0.0, 400.0, 400.0]}, "datetime": {"datetime": "2025-08-20 19:01:42", "elapsed": 25756.66504049301, "delta": 22.978607177734375}, "costs": {"total_cost": 1441.7497674167155, "time_cost": 150, "final_distance_cost": 3.558450544234087, "oscillation_cost": 72.76739128259838, "completition_cost": 1000.0, "overshoot_cost": 138.5709876445782, "power_cost": 20.906342504882815, "noise_cost": 55.946595440422094, "n_waypoints_completed": 0, "tot_waypoints": 9}}
{"target": -1925.133645594394, "params": {"k_pid_pos": [0.09841890633106232, 0.958288311958313, 0.0], "k_pid_alt": [1.928534746170044, 0.9799178838729858, 0.0], "k_pid_att": [100.0, 0.4171527922153473, 0.016983509063720703], "k_pid_yaw": [0.5, 1e-06, 0.1], "k_pid_hsp": [9.999999747378752e-05, 0.0, 0.0], "k_pid_vsp": [0.0, 387.8177490234375, 396.6416931152344]}, "datetime": {"datetime": "2025-08-20 19:02:05", "elapsed": 25780.028747320175, "delta": 23.363706827163696}, "costs": {"total_cost": 1925.133645594394, "time_cost": 150, "final_distance_cost": 337.7125497331242, "oscillation_cost": 31.042117657131406, "completition_cost": 1000.0, "overshoot_cost": 380.79909163001474, "power_cost": 11.666154309082032, "noise_cost": 13.913732265041592, "n_waypoints_completed": 0, "tot_waypoints": 9}}
{"target": -1407.3387985010731, "params": {"k_pid_pos": [9.999999747378752e-05, 0.9817227125167847, 0.006869375705718994], "k_pid_alt": [2.0, 0.9500757455825806, 0.04179081320762634], "k_pid_att": [100.0, 0.5416880249977112, 0.0], "k_pid_yaw": [0.5, 1e-06, 0.1], "k_pid_hsp": [9.999999747378752e-05, 0.04233831167221069, 0.0], "k_pid_vsp": [12.773776054382324, 400.0, 382.70672607421875]}, "datetime": {"datetime": "2025-08-20 19:02:27", "elapsed": 25802.504192590714, "delta": 22.47544527053833}, "costs": {"total_cost": 1407.3387985010731, "time_cost": 150, "final_distance_cost": 34.043094544188996, "oscillation_cost": 36.016110735325924, "completition_cost": 1000.0, "overshoot_cost": 154.6014406106612, "power_cost": 4.832836474609375, "noise_cost": 27.84531613628735, "n_waypoints_completed": 0, "tot_waypoints": 9}}
{"target": -1895.1882493054422, "params": {"k_pid_pos": [9.999999747378752e-05, 1.0, 0.0], "k_pid_alt": [1.801058292388916, 0.9702613353729248, 0.0], "k_pid_att": [92.68675231933594, 9.999999747378752e-05, 0.0], "k_pid_yaw": [0.5, 1e-06, 0.1], "k_pid_hsp": [9.999999747378752e-05, 0.0, 0.0], "k_pid_vsp": [8.240545272827148, 383.22412109375, 382.0864562988281]}, "datetime": {"datetime": "2025-08-20 19:02:49", "elapsed": 25824.137377500534, "delta": 21.633184909820557}, "costs": {"total_cost": 1895.1882493054422, "time_cost": 150, "final_distance_cost": 326.6380729278083, "oscillation_cost": 29.00435666889844, "completition_cost": 1000.0, "overshoot_cost": 362.5038866750051, "power_cost": 12.144357983398438, "noise_cost": 14.897575050331842, "n_waypoints_completed": 0, "tot_waypoints": 9}}
{"target": -2192.1064113047028, "params": {"k_pid_pos": [0.027044184505939484, 1.0, 0.0], "k_pid_alt": [2.0, 0.981920599937439, 0.0], "k_pid_att": [97.45922088623047, 9.999999747378752e-05, 0.0007341504096984863], "k_pid_yaw": [0.5, 1e-06, 0.1], "k_pid_hsp": [9.999999747378752e-05, 0.07380154728889465, 0.05094534158706665], "k_pid_vsp": [0.0, 400.0, 398.73553466796875]}, "datetime": {"datetime": "2025-08-20 19:03:12", "elapsed": 25846.660659313202, "delta": 22.523281812667847}, "costs": {"total_cost": 2192.1064113047028, "time_cost": 150, "final_distance_cost": 326.107157336626, "oscillation_cost": 128.7317927098066, "completition_cost": 1000.0, "overshoot_cost": 547.8907514637918, "power_cost": 21.77055740966797, "noise_cost": 17.60615238481031, "n_waypoints_completed": 0, "tot_waypoints": 9}}
{"target": -1408.2430883203415, "params": {"k_pid_pos": [0.09872603416442871, 1.0, 0.0], "k_pid_alt": [2.0, 1.0, 0.030063152313232422], "k_pid_att": [100.0, 0.3848620057106018, 0.0], "k_pid_yaw": [0.5, 1e-06, 0.1], "k_pid_hsp": [9.999999747378752e-05, 0.059161365032196045, 0.0], "k_pid_vsp": [0.0, 400.0, 400.0]}, "datetime": {"datetime": "2025-08-20 19:03:36", "elapsed": 25871.159851789474, "delta": 24.499192476272583}, "costs": {"total_cost": 1408.2430883203415, "time_cost": 150, "final_distance_cost": 16.2733347677312, "oscillation_cost": 39.96183265983742, "completition_cost": 1000.0, "overshoot_cost": 149.34208766314916, "power_cost": 10.413951538085938, "noise_cost": 42.251881691537506, "n_waypoints_completed": 0, "tot_waypoints": 9}}
{"target": -2330.3663351483674, "params": {"k_pid_pos": [0.043614283204078674, 1.0, 0.0060662031173706055], "k_pid_alt": [1.9522054195404053, 1.0, 0.0], "k_pid_att": [100.0, 9.999999747378752e-05, 0.0], "k_pid_yaw": [0.5, 1e-06, 0.1], "k_pid_hsp": [0.040023986250162125, 0.009433865547180176, 0.07475098967552185], "k_pid_vsp": [34.3028564453125, 394.4242858886719, 363.0506896972656]}, "datetime": {"datetime": "2025-08-20 19:04:00", "elapsed": 25894.55857515335, "delta": 23.398723363876343}, "costs": {"total_cost": 2330.3663351483674, "time_cost": 150, "final_distance_cost": 290.21817859987897, "oscillation_cost": 355.9333502035451, "completition_cost": 1000.0, "overshoot_cost": 495.266767048819, "power_cost": 21.56061444091797, "noise_cost": 17.38742485520608, "n_waypoints_completed": 0, "tot_waypoints": 9}}
{"target": -2271.183463703785, "params": {"k_pid_pos": [0.12932367622852325, 0.9528635740280151, 0.0], "k_pid_alt": [2.0, 1.0, 0.0], "k_pid_att": [100.0, 0.0014935425715520978, 0.0], "k_pid_yaw": [0.5, 1e-06, 0.1], "k_pid_hsp": [9.999999747378752e-05, 0.0, 0.023191362619400024], "k_pid_vsp": [0.0, 400.0, 400.0]}, "datetime": {"datetime": "2025-08-20 19:04:26", "elapsed": 25921.13945198059, "delta": 26.58087682723999}, "costs": {"total_cost": 2271.183463703785, "time_cost": 150, "final_distance_cost": 439.60555431781825, "oscillation_cost": 69.13056747670839, "completition_cost": 1000.0, "overshoot_cost": 550.3302010421229, "power_cost": 36.24419910888672, "noise_cost": 25.872941758248658, "n_waypoints_completed": 0, "tot_waypoints": 9}}
{"target": -1482.9138710468085, "params": {"k_pid_pos": [0.09603877365589142, 0.9573343992233276, 0.02783203125], "k_pid_alt": [1.8609607219696045, 1.0, 0.04443085193634033], "k_pid_att": [100.0, 9.999999747378752e-05, 0.002953439950942993], "k_pid_yaw": [0.5, 1e-06, 0.1], "k_pid_hsp": [0.14387717843055725, 0.0, 0.0], "k_pid_vsp": [9.903276443481445, 400.0, 392.07550048828125]}, "datetime": {"datetime": "2025-08-20 19:04:51", "elapsed": 25945.748662233353, "delta": 24.60921025276184}, "costs": {"total_cost": 1482.9138710468085, "time_cost": 150, "final_distance_cost": 9.74081464739805, "oscillation_cost": 54.2601527821968, "completition_cost": 1000.0, "overshoot_cost": 139.72312323552373, "power_cost": 32.858602185058594, "noise_cost": 96.33117819663143, "n_waypoints_completed": 0, "tot_waypoints": 9}}
{"target": -1405.254922864052, "params": {"k_pid_pos": [0.02097756788134575, 0.9947829246520996, 0.029591768980026245], "k_pid_alt": [1.9531809091567993, 0.9650611281394958, 0.0], "k_pid_att": [100.0, 0.10644911974668503, 0.0], "k_pid_yaw": [0.5, 1e-06, 0.1], "k_pid_hsp": [0.1676889955997467, 0.0, 0.0], "k_pid_vsp": [0.43091773986816406, 400.0, 391.08197021484375]}, "datetime": {"datetime": "2025-08-20 19:05:14", "elapsed": 25968.785635232925, "delta": 23.036972999572754}, "costs": {"total_cost": 1405.254922864052, "time_cost": 150, "final_distance_cost": 14.786871810635816, "oscillation_cost": 57.594583450067475, "completition_cost": 1000.0, "overshoot_cost": 140.27274227651293, "power_cost": 7.453825769042969, "noise_cost": 35.14689955779289, "n_waypoints_completed": 0, "tot_waypoints": 9}}
{"target": -1396.4349534911476, "params": {"k_pid_pos": [9.999999747378752e-05, 0.9935026168823242, 0.0], "k_pid_alt": [2.0, 0.9748609066009521, 0.0], "k_pid_att": [100.0, 9.999999747378752e-05, 0.0], "k_pid_yaw": [0.5, 1e-06, 0.1], "k_pid_hsp": [0.5233681201934814, 0.053256601095199585, 0.0], "k_pid_vsp": [0.7125258445739746, 399.60260009765625, 364.9234313964844]}, "datetime": {"datetime": "2025-08-20 19:05:39", "elapsed": 25993.89177107811, "delta": 25.106135845184326}, "costs": {"total_cost": 1396.4349534911476, "time_cost": 150, "final_distance_cost": 12.445881455351882, "oscillation_cost": 66.73264749181266, "completition_cost": 1000.0, "overshoot_cost": 139.95308505753633, "power_cost": 2.945685400390625, "noise_cost": 24.357654086056105, "n_waypoints_completed": 0, "tot_waypoints": 9}}
{"target": -1943.0310435534595, "params": {"k_pid_pos": [0.0846046730875969, 1.0, 0.0], "k_pid_alt": [1.9460490942001343, 1.0, 0.0], "k_pid_att": [100.0, 9.999999747378752e-05, 0.0], "k_pid_yaw": [0.5, 1e-06, 0.1], "k_pid_hsp": [9.999999747378752e-05, 0.0, 0.0], "k_pid_vsp": [0.0, 400.0, 377.99176025390625]}, "datetime": {"datetime": "2025-08-20 19:06:02", "elapsed": 26016.61413860321, "delta": 22.722367525100708}, "costs": {"total_cost": 1943.0310435534595, "time_cost": 150, "final_distance_cost": 343.91952049764683, "oscillation_cost": 31.151268475599455, "completition_cost": 1000.0, "overshoot_cost": 393.06314073032536, "power_cost": 11.498725610351563, "noise_cost": 13.398388239536473, "n_waypoints_completed": 0, "tot_waypoints": 9}}
{"target": -1472.7163344102012, "params": {"k_pid_pos": [9.999999747378752e-05, 0.9356663227081299, 0.014743238687515259], "k_pid_alt": [1.9567701816558838, 1.0, 0.03305348753929138], "k_pid_att": [94.06829833984375, 9.999999747378752e-05, 0.0], "k_pid_yaw": [0.5, 1e-06, 0.1], "k_pid_hsp": [9.999999747378752e-05, 0.03754040598869324, 0.0], "k_pid_vsp": [3.681182861328125, 394.9111328125, 400.0]}, "datetime": {"datetime": "2025-08-20 19:06:24", "elapsed": 26039.163025140762, "delta": 22.54888653755188}, "costs": {"total_cost": 1472.7163344102012, "time_cost": 150, "final_distance_cost": 36.01936671293352, "oscillation_cost": 30.567105590574318, "completition_cost": 1000.0, "overshoot_cost": 156.92185644114036, "power_cost": 26.714721704101564, "noise_cost": 72.49328396145137, "n_waypoints_completed": 0, "tot_waypoints": 9}}
{"target": -1971.3504105617783, "params": {"k_pid_pos": [0.022596707567572594, 1.0, 0.0], "k_pid_alt": [2.0, 1.0, 0.09627801179885864], "k_pid_att": [100.0, 0.07279756665229797, 0.03290858864784241], "k_pid_yaw": [0.5, 1e-06, 0.1], "k_pid_hsp": [9.999999747378752e-05, 0.0, 0.006635725498199463], "k_pid_vsp": [1.8714308738708496, 376.1405334472656, 400.0]}, "datetime": {"datetime": "2025-08-20 19:06:46", "elapsed": 26060.999785900116, "delta": 21.836760759353638}, "costs": {"total_cost": 1971.3504105617783, "time_cost": 150, "final_distance_cost": 341.14833515260386, "oscillation_cost": 26.08788140566685, "completition_cost": 1000.0, "overshoot_cost": 389.29633678701504, "power_cost": 37.8691759765625, "noise_cost": 26.94868123993009, "n_waypoints_completed": 0, "tot_waypoints": 9}}
{"target": -2725.2340266653982, "params": {"k_pid_pos": [0.19100132584571838, 1.0, 0.0], "k_pid_alt": [1.9772374629974365, 1.0, 0.0], "k_pid_att": [100.0, 0.8620269894599915, 0.015046864748001099], "k_pid_yaw": [0.5, 1e-06, 0.1], "k_pid_hsp": [9.999999747378752e-05, 0.0, 0.10183098912239075], "k_pid_vsp": [0.0, 390.7602233886719, 400.0]}, "datetime": {"datetime": "2025-08-20 19:07:10", "elapsed": 26085.040963172913, "delta": 24.04117727279663}, "costs": {"total_cost": 2725.2340266653982, "time_cost": 150, "final_distance_cost": 466.41421592457516, "oscillation_cost": 348.1700761110651, "completition_cost": 1000.0, "overshoot_cost": 721.461946275065, "power_cost": 21.76830906982422, "noise_cost": 17.419479284868878, "n_waypoints_completed": 0, "tot_waypoints": 9}}
{"target": -1297.1147869770714, "params": {"k_pid_pos": [0.06468662619590759, 1.0, 0.0], "k_pid_alt": [1.9470096826553345, 1.0, 0.0], "k_pid_att": [98.96944427490234, 9.999999747378752e-05, 0.0], "k_pid_yaw": [0.5, 1e-06, 0.1], "k_pid_hsp": [0.007193477358669043, 0.01852560043334961, 0.0034144818782806396], "k_pid_vsp": [0.0, 400.0, 363.586181640625]}, "datetime": {"datetime": "2025-08-20 19:07:33", "elapsed": 26107.596537590027, "delta": 22.555574417114258}, "costs": {"total_cost": 1297.1147869770714, "time_cost": 150, "final_distance_cost": 56.490342946973826, "oscillation_cost": 38.12189600437235, "completition_cost": 888.8888888888888, "overshoot_cost": 112.79530434471206, "power_cost": 26.970177661132812, "noise_cost": 23.84817713099141, "n_waypoints_completed": 1, "tot_waypoints": 9}}
{"target": -1519.8676021848494, "params": {"k_pid_pos": [0.04221722111105919, 0.9823155403137207, 0.0], "k_pid_alt": [2.0, 1.0, 0.022538989782333374], "k_pid_att": [92.22947692871094, 0.16305209696292877, 0.0], "k_pid_yaw": [0.5, 1e-06, 0.1], "k_pid_hsp": [0.30005258321762085, 0.0, 0.08580672740936279], "k_pid_vsp": [0.0, 400.0, 400.0]}, "datetime": {"datetime": "2025-08-20 19:07:55", "elapsed": 26130.30781841278, "delta": 22.711280822753906}, "costs": {"total_cost": 1519.8676021848494, "time_cost": 150, "final_distance_cost": 3.8795076983770898, "oscillation_cost": 180.9834865662225, "completition_cost": 1000.0, "overshoot_cost": 114.98807230158036, "power_cost": 33.7110086303711, "noise_cost": 36.30552698829832, "n_waypoints_completed": 0, "tot_waypoints": 9}}
{"target": -1487.3432165115485, "params": {"k_pid_pos": [9.999999747378752e-05, 0.9132102131843567, 0.016508907079696655], "k_pid_alt": [2.0, 1.0, 0.0], "k_pid_att": [94.23612213134766, 9.999999747378752e-05, 0.0], "k_pid_yaw": [0.5, 1e-06, 0.1], "k_pid_hsp": [0.6824527978897095, 0.0, 0.047467052936553955], "k_pid_vsp": [2.541625499725342, 400.0, 398.9090576171875]}, "datetime": {"datetime": "2025-08-20 19:08:19", "elapsed": 26153.607849121094, "delta": 23.30003070831299}, "costs": {"total_cost": 1487.3432165115485, "time_cost": 150, "final_distance_cost": 18.413494113603956, "oscillation_cost": 115.67861851408207, "completition_cost": 1000.0, "overshoot_cost": 135.0086349573539, "power_cost": 21.350628491210937, "noise_cost": 46.89184043529764, "n_waypoints_completed": 0, "tot_waypoints": 9}}
{"target": -2183.363254485927, "params": {"k_pid_pos": [0.10833912342786789, 1.0, 0.0077447593212127686], "k_pid_alt": [2.0, 0.9842678308486938, 0.0510830283164978], "k_pid_att": [95.39936065673828, 9.999999747378752e-05, 0.01615619659423828], "k_pid_yaw": [0.5, 1e-06, 0.1], "k_pid_hsp": [9.999999747378752e-05, 0.08558863401412964, 0.06165555119514465], "k_pid_vsp": [13.764405250549316, 377.7115783691406, 400.0]}, "datetime": {"datetime": "2025-08-20 19:08:41", "elapsed": 26175.568413734436, "delta": 21.960564613342285}, "costs": {"total_cost": 2183.363254485927, "time_cost": 150, "final_distance_cost": 295.8414370846587, "oscillation_cost": 229.27791397760924, "completition_cost": 1000.0, "overshoot_cost": 469.10669664476205, "power_cost": 21.73837322998047, "noise_cost": 17.398833548916723, "n_waypoints_completed": 0, "tot_waypoints": 9}}
{"target": -1504.824478801881, "params": {"k_pid_pos": [9.999999747378752e-05, 0.9500119686126709, 0.035267144441604614], "k_pid_alt": [1.880800724029541, 1.0, 0.022556304931640625], "k_pid_att": [97.7174301147461, 9.999999747378752e-05, 0.0033958256244659424], "k_pid_yaw": [0.5, 1e-06, 0.1], "k_pid_hsp": [0.8182603716850281, 0.0, 0.07122015953063965], "k_pid_vsp": [14.827489852905273, 400.0, 400.0]}, "datetime": {"datetime": "2025-08-20 19:09:03", "elapsed": 26198.413287639618, "delta": 22.844873905181885}, "costs": {"total_cost": 1504.824478801881, "time_cost": 150, "final_distance_cost": 5.507201123912114, "oscillation_cost": 137.7141074243528, "completition_cost": 1000.0, "overshoot_cost": 135.74085908106045, "power_cost": 23.22450294189453, "noise_cost": 52.63780823066101, "n_waypoints_completed": 0, "tot_waypoints": 9}}
{"target": -1957.2823023984233, "params": {"k_pid_pos": [9.999999747378752e-05, 1.0, 0.010798275470733643], "k_pid_alt": [2.0, 0.9290908575057983, 0.0], "k_pid_att": [100.0, 0.015439399518072605, 0.01669827103614807], "k_pid_yaw": [0.5, 1e-06, 0.1], "k_pid_hsp": [9.999999747378752e-05, 0.0, 0.0], "k_pid_vsp": [13.744425773620605, 394.93109130859375, 400.0]}, "datetime": {"datetime": "2025-08-20 19:09:27", "elapsed": 26221.727298498154, "delta": 23.314010858535767}, "costs": {"total_cost": 1957.2823023984233, "time_cost": 150, "final_distance_cost": 336.99881270447247, "oscillation_cost": 25.093642093020623, "completition_cost": 1000.0, "overshoot_cost": 379.1118407298479, "power_cost": 37.930895129394536, "noise_cost": 28.147111741687667, "n_waypoints_completed": 0, "tot_waypoints": 9}}
{"target": -1430.8332240938314, "params": {"k_pid_pos": [9.999999747378752e-05, 0.914362907409668, 0.06501501798629761], "k_pid_alt": [2.0, 0.9718397855758667, 0.03604215383529663], "k_pid_att": [97.5997085571289, 0.17772692441940308, 0.015325576066970825], "k_pid_yaw": [0.5, 1e-06, 0.1], "k_pid_hsp": [1.2530015707015991, 0.0, 0.0], "k_pid_vsp": [0.0, 400.0, 400.0]}, "datetime": {"datetime": "2025-08-20 19:09:50", "elapsed": 26245.34362411499, "delta": 23.616325616836548}, "costs": {"total_cost": 1430.8332240938314, "time_cost": 150, "final_distance_cost": 10.613381847146735, "oscillation_cost": 69.1832743488809, "completition_cost": 1000.0, "overshoot_cost": 138.80221334701716, "power_cost": 13.197414416503907, "noise_cost": 49.03694013428261, "n_waypoints_completed": 0, "tot_waypoints": 9}}
{"target": -3228.5836496119964, "params": {"k_pid_pos": [0.009164995513856411, 1.0, 0.03262779116630554], "k_pid_alt": [2.0, 1.0, 0.011847227811813354], "k_pid_att": [100.0, 9.999999747378752e-05, 0.023165762424468994], "k_pid_yaw": [0.5, 1e-06, 0.1], "k_pid_hsp": [9.999999747378752e-05, 0.0, 0.05208885669708252], "k_pid_vsp": [30.547821044921875, 400.0, 394.3497314453125]}, "datetime": {"datetime": "2025-08-20 19:10:14", "elapsed": 26269.357585430145, "delta": 24.01396131515503}, "costs": {"total_cost": 3228.5836496119964, "time_cost": 150, "final_distance_cost": 699.0016614223031, "oscillation_cost": 180.32843128318558, "completition_cost": 1000.0, "overshoot_cost": 1161.0706918214748, "power_cost": 20.96727449951172, "noise_cost": 17.21559058552129, "n_waypoints_completed": 0, "tot_waypoints": 9}}
{"target": -3085.6420625159, "params": {"k_pid_pos": [0.13309617340564728, 0.9407121539115906, 0.06857839226722717], "k_pid_alt": [1.9034217596054077, 1.0, 0.0], "k_pid_att": [97.81501770019531, 0.6452333927154541, 0.0], "k_pid_yaw": [0.5, 1e-06, 0.1], "k_pid_hsp": [9.999999747378752e-05, 0.0494539737701416, 0.04836243391036987], "k_pid_vsp": [0.0, 400.0, 400.0]}, "datetime": {"datetime": "2025-08-20 19:10:37", "elapsed": 26292.40278172493, "delta": 23.045196294784546}, "costs": {"total_cost": 3085.6420625159, "time_cost": 150, "final_distance_cost": 676.8611429617774, "oscillation_cost": 133.15177165645142, "completition_cost": 1000.0, "overshoot_cost": 1086.7822742908825, "power_cost": 21.515941735839846, "noise_cost": 17.330931870948294, "n_waypoints_completed": 0, "tot_waypoints": 9}}
