{"target": -3211.90169702018, "params": {"k_pid_pos": [0.10583925247192383, 0.9892405271530151, 0.0], "k_pid_alt": [2.0, 0.9499287009239197, 0.0], "k_pid_att": [100.0, 0.24066610634326935, 0.0], "k_pid_yaw": [0.5, 1e-06, 0.1], "k_pid_hsp": [9.999999747378752e-05, 0.014992833137512207, 0.07153764367103577], "k_pid_vsp": [0.0, 383.8572082519531, 400.0]}, "datetime": {"datetime": "2025-08-20 13:34:58", "elapsed": 6152.645646572113, "delta": 23.78499984741211}, "costs": {"total_cost": 3211.90169702018, "time_cost": 150, "final_distance_cost": 668.775439729661, "oscillation_cost": 314.96902268803444, "completition_cost": 1000.0, "overshoot_cost": 1038.6020877741184, "power_cost": 21.968922204589845, "noise_cost": 17.58622462377598, "n_waypoints_completed": 0, "tot_waypoints": 9}}
{"target": -2831.6626272705657, "params": {"k_pid_pos": [9.999999747378752e-05, 1.0, 0.0], "k_pid_alt": [2.0, 0.9789769649505615, 0.0], "k_pid_att": [100.0, 9.999999747378752e-05, 0.0], "k_pid_yaw": [0.5, 1e-06, 0.1], "k_pid_hsp": [9.999999747378752e-05, 0.01615607738494873, 0.026442885398864746], "k_pid_vsp": [15.439558029174805, 400.0, 400.0]}, "datetime": {"datetime": "2025-08-20 13:35:24", "elapsed": 6178.746769428253, "delta": 26.101122856140137}, "costs": {"total_cost": 2831.6626272705657, "time_cost": 150, "final_distance_cost": 629.8772129092666, "oscillation_cost": 109.4051541975313, "completition_cost": 1000.0, "overshoot_cost": 881.2123762492208, "power_cost": 36.13681051025391, "noise_cost": 25.031073404293238, "n_waypoints_completed": 0, "tot_waypoints": 9}}
{"target": -1513.2688253503504, "params": {"k_pid_pos": [9.999999747378752e-05, 0.977246880531311, 0.08085733652114868], "k_pid_alt": [1.9791512489318848, 1.0, 0.0], "k_pid_att": [91.1198959350586, 9.999999747378752e-05, 0.023784756660461426], "k_pid_yaw": [0.5, 1e-06, 0.1], "k_pid_hsp": [1.1946921348571777, 0.05050241947174072, 0.09582304954528809], "k_pid_vsp": [0.0, 400.0, 400.0]}, "datetime": {"datetime": "2025-08-20 13:35:47", "elapsed": 6201.914782047272, "delta": 23.168012619018555}, "costs": {"total_cost": 1513.2688253503504, "time_cost": 150, "final_distance_cost": 7.340428697693887, "oscillation_cost": 142.17589019651976, "completition_cost": 1000.0, "overshoot_cost": 135.89523811997873, "power_cost": 23.856526721191408, "noise_cost": 54.000741614966444, "n_waypoints_completed": 0, "tot_waypoints": 9}}
{"target": -1481.582259617718, "params": {"k_pid_pos": [9.999999747378752e-05, 0.9455539584159851, 0.0], "k_pid_alt": [1.9673755168914795, 0.9917575120925903, 0.0], "k_pid_att": [95.66370391845703, 0.275240033864975, 0.0], "k_pid_yaw": [0.5, 1e-06, 0.1], "k_pid_hsp": [0.3189995288848877, 0.0, 0.0], "k_pid_vsp": [11.677848815917969, 377.1613464355469, 400.0]}, "datetime": {"datetime": "2025-08-20 13:36:11", "elapsed": 6225.9661231040955, "delta": 24.05134105682373}, "costs": {"total_cost": 1481.582259617718, "time_cost": 150, "final_distance_cost": 14.524850685872021, "oscillation_cost": 58.83471208682373, "completition_cost": 1000.0, "overshoot_cost": 139.87916917161232, "power_cost": 29.74403748779297, "noise_cost": 88.59949018561689, "n_waypoints_completed": 0, "tot_waypoints": 9}}
{"target": -1507.7810554700548, "params": {"k_pid_pos": [9.999999747378752e-05, 1.0, 0.006033807992935181], "k_pid_alt": [2.0, 1.0, 0.027400881052017212], "k_pid_att": [99.25625610351562, 9.999999747378752e-05, 0.0], "k_pid_yaw": [0.5, 1e-06, 0.1], "k_pid_hsp": [0.3251041769981384, 0.04785436391830444, 0.0], "k_pid_vsp": [10.030757904052734, 385.28863525390625, 388.9706115722656]}, "datetime": {"datetime": "2025-08-20 13:36:34", "elapsed": 6249.328678369522, "delta": 23.362555265426636}, "costs": {"total_cost": 1507.7810554700548, "time_cost": 150, "final_distance_cost": 16.072380106677052, "oscillation_cost": 57.830179386505925, "completition_cost": 1000.0, "overshoot_cost": 140.53920892413427, "power_cost": 36.949016357421876, "noise_cost": 106.39027069531559, "n_waypoints_completed": 0, "tot_waypoints": 9}}
{"target": -1877.1184217164523, "params": {"k_pid_pos": [0.04660199582576752, 0.948418378829956, 0.0], "k_pid_alt": [2.0, 1.0, 0.0], "k_pid_att": [87.42838287353516, 0.6491687297821045, 0.0], "k_pid_yaw": [0.5, 1e-06, 0.1], "k_pid_hsp": [9.999999747378752e-05, 0.0, 0.0], "k_pid_vsp": [2.066504955291748, 400.0, 380.96502685546875]}, "datetime": {"datetime": "2025-08-20 13:37:00", "elapsed": 6275.333271026611, "delta": 26.004592657089233}, "costs": {"total_cost": 1877.1184217164523, "time_cost": 150, "final_distance_cost": 319.3843850789795, "oscillation_cost": 27.514368165017466, "completition_cost": 1000.0, "overshoot_cost": 354.0338532183868, "power_cost": 12.086406518554687, "noise_cost": 14.09940873551397, "n_waypoints_completed": 0, "tot_waypoints": 9}}
{"target": -1462.0992923537935, "params": {"k_pid_pos": [9.999999747378752e-05, 1.0, 0.006831467151641846], "k_pid_alt": [2.0, 1.0, 0.03654742240905762], "k_pid_att": [93.02473449707031, 0.9868301153182983, 0.0], "k_pid_yaw": [0.5, 1e-06, 0.1], "k_pid_hsp": [0.911688506603241, 0.0064900219440460205, 0.0004552900791168213], "k_pid_vsp": [0.0, 400.0, 389.6474304199219]}, "datetime": {"datetime": "2025-08-20 13:37:23", "elapsed": 6298.5029945373535, "delta": 23.169723510742188}, "costs": {"total_cost": 1462.0992923537935, "time_cost": 150, "final_distance_cost": 12.37777886192599, "oscillation_cost": 68.46021247376561, "completition_cost": 1000.0, "overshoot_cost": 139.66571150975903, "power_cost": 21.920244384765628, "noise_cost": 69.67534512357709, "n_waypoints_completed": 0, "tot_waypoints": 9}}
{"target": -1943.5067371936996, "params": {"k_pid_pos": [9.999999747378752e-05, 0.9926195740699768, 0.0], "k_pid_alt": [2.0, 0.9369790554046631, 0.0], "k_pid_att": [94.3945541381836, 9.999999747378752e-05, 0.02719169855117798], "k_pid_yaw": [0.5, 1e-06, 0.1], "k_pid_hsp": [9.999999747378752e-05, 0.0, 0.0], "k_pid_vsp": [22.75714874267578, 379.69134521484375, 400.0]}, "datetime": {"datetime": "2025-08-20 13:37:47", "elapsed": 6321.987857580185, "delta": 23.48486304283142}, "costs": {"total_cost": 1943.5067371936996, "time_cost": 150, "final_distance_cost": 331.6097372663246, "oscillation_cost": 24.60623057580249, "completition_cost": 1000.0, "overshoot_cost": 371.2154908639992, "power_cost": 37.88179353027344, "noise_cost": 28.193484957299894, "n_waypoints_completed": 0, "tot_waypoints": 9}}
{"target": -1941.2776566860407, "params": {"k_pid_pos": [9.999999747378752e-05, 0.9754401445388794, 0.0], "k_pid_alt": [2.0, 0.8990473747253418, 0.0459960401058197], "k_pid_att": [99.87632751464844, 9.999999747378752e-05, 0.0], "k_pid_yaw": [0.5, 1e-06, 0.1], "k_pid_hsp": [9.999999747378752e-05, 0.0, 0.0], "k_pid_vsp": [0.0, 400.0, 384.0749816894531]}, "datetime": {"datetime": "2025-08-20 13:38:11", "elapsed": 6346.2919409275055, "delta": 24.304083347320557}, "costs": {"total_cost": 1941.2776566860407, "time_cost": 150, "final_distance_cost": 331.8059927858488, "oscillation_cost": 25.171602163074088, "completition_cost": 1000.0, "overshoot_cost": 368.0743274267238, "power_cost": 37.87174086914062, "noise_cost": 28.353993441253273, "n_waypoints_completed": 0, "tot_waypoints": 9}}
{"target": -1448.4129977491496, "params": {"k_pid_pos": [9.999999747378752e-05, 1.0, 0.022021859884262085], "k_pid_alt": [1.965332269668579, 1.0, 0.0], "k_pid_att": [95.14949035644531, 9.999999747378752e-05, 0.0], "k_pid_yaw": [0.5, 1e-06, 0.1], "k_pid_hsp": [9.999999747378752e-05, 0.05658122897148132, 0.0], "k_pid_vsp": [12.262928009033203, 400.0, 382.6390686035156]}, "datetime": {"datetime": "2025-08-20 13:38:38", "elapsed": 6373.09065079689, "delta": 26.798709869384766}, "costs": {"total_cost": 1448.4129977491496, "time_cost": 150, "final_distance_cost": 30.786309196190093, "oscillation_cost": 36.63379155172319, "completition_cost": 1000.0, "overshoot_cost": 149.8614856416336, "power_cost": 18.956635290527345, "noise_cost": 62.174776069075264, "n_waypoints_completed": 0, "tot_waypoints": 9}}
{"target": -3260.342096880941, "params": {"k_pid_pos": [0.1872767060995102, 0.986379086971283, 0.0068368613719940186], "k_pid_alt": [1.915604591369629, 1.0, 0.011404663324356079], "k_pid_att": [98.69304656982422, 0.04715084284543991, 0.09537795186042786], "k_pid_yaw": [0.5, 1e-06, 0.1], "k_pid_hsp": [9.999999747378752e-05, 0.043923795223236084, 0.06451410055160522], "k_pid_vsp": [0.0, 376.6114807128906, 385.84710693359375]}, "datetime": {"datetime": "2025-08-20 13:39:05", "elapsed": 6400.281532764435, "delta": 27.190881967544556}, "costs": {"total_cost": 3260.342096880941, "time_cost": 150, "final_distance_cost": 746.4042347316897, "oscillation_cost": 173.24907902821406, "completition_cost": 1000.0, "overshoot_cost": 1150.9062091139178, "power_cost": 22.09527049560547, "noise_cost": 17.687303511514557, "n_waypoints_completed": 0, "tot_waypoints": 9}}
{"target": -1408.0634982950562, "params": {"k_pid_pos": [0.015064487233757973, 0.9732507467269897, 0.0], "k_pid_alt": [1.9550368785858154, 1.0, 0.0], "k_pid_att": [99.95748138427734, 0.9330052733421326, 0.003717273473739624], "k_pid_yaw": [0.5, 1e-06, 0.1], "k_pid_hsp": [0.2560919225215912, 0.0, 0.0], "k_pid_vsp": [9.928047180175781, 361.67034912109375, 396.8709411621094]}, "datetime": {"datetime": "2025-08-20 13:39:30", "elapsed": 6425.174341678619, "delta": 24.89280891418457}, "costs": {"total_cost": 1408.0634982950562, "time_cost": 150, "final_distance_cost": 6.260081400245586, "oscillation_cost": 61.10509450743009, "completition_cost": 1000.0, "overshoot_cost": 140.09311303605367, "power_cost": 9.808780615234376, "noise_cost": 40.796428736092494, "n_waypoints_completed": 0, "tot_waypoints": 9}}
{"target": -1954.2284360559806, "params": {"k_pid_pos": [9.999999747378752e-05, 0.950718879699707, 0.0], "k_pid_alt": [1.9904751777648926, 1.0, 0.08350259065628052], "k_pid_att": [100.0, 0.39921823143959045, 0.050159752368927], "k_pid_yaw": [0.5, 1e-06, 0.1], "k_pid_hsp": [9.999999747378752e-05, 0.0, 0.0], "k_pid_vsp": [0.0, 400.0, 400.0]}, "datetime": {"datetime": "2025-08-20 13:39:54", "elapsed": 6448.861022233963, "delta": 23.686680555343628}, "costs": {"total_cost": 1954.2284360559806, "time_cost": 150, "final_distance_cost": 335.54158456463193, "oscillation_cost": 24.92195518048265, "completition_cost": 1000.0, "overshoot_cost": 377.4719547122854, "power_cost": 37.85682442626953, "noise_cost": 28.43611717231129, "n_waypoints_completed": 0, "tot_waypoints": 9}}
{"target": -1474.7419867334343, "params": {"k_pid_pos": [0.11016472429037094, 1.0, 0.0], "k_pid_alt": [1.8685122728347778, 1.0, 0.0], "k_pid_att": [100.0, 9.999999747378752e-05, 0.0], "k_pid_yaw": [0.5, 1e-06, 0.1], "k_pid_hsp": [0.14017070829868317, 0.0, 0.006320297718048096], "k_pid_vsp": [0.0, 400.0, 400.0]}, "datetime": {"datetime": "2025-08-20 13:40:19", "elapsed": 6473.663077831268, "delta": 24.802055597305298}, "costs": {"total_cost": 1474.7419867334343, "time_cost": 150, "final_distance_cost": 14.670917011228887, "oscillation_cost": 76.69778146703813, "completition_cost": 1000.0, "overshoot_cost": 140.40932762779263, "power_cost": 22.40273843994141, "noise_cost": 70.56122218743297, "n_waypoints_completed": 0, "tot_waypoints": 9}}
{"target": -1396.9553665885965, "params": {"k_pid_pos": [9.999999747378752e-05, 0.9726139307022095, 0.09315496683120728], "k_pid_alt": [2.0, 1.0, 0.08899581432342529], "k_pid_att": [95.91362762451172, 9.999999747378752e-05, 0.0], "k_pid_yaw": [0.5, 1e-06, 0.1], "k_pid_hsp": [0.5414621233940125, 0.06876349449157715, 0.0], "k_pid_vsp": [4.858887195587158, 400.0, 400.0]}, "datetime": {"datetime": "2025-08-20 13:40:44", "elapsed": 6499.44674539566, "delta": 25.78366756439209}, "costs": {"total_cost": 1396.9553665885965, "time_cost": 150, "final_distance_cost": 12.784914423393607, "oscillation_cost": 64.62916592260595, "completition_cost": 1000.0, "overshoot_cost": 139.5508082534303, "power_cost": 3.8361555541992187, "noise_cost": 26.15432243496751, "n_waypoints_completed": 0, "tot_waypoints": 9}}
{"target": -1463.361395714761, "params": {"k_pid_pos": [0.03567909449338913, 0.922193169593811, 0.0], "k_pid_alt": [1.9203310012817383, 0.9541815519332886, 0.0], "k_pid_att": [97.77261352539062, 9.999999747378752e-05, 0.0], "k_pid_yaw": [0.5, 1e-06, 0.1], "k_pid_hsp": [0.12876369059085846, 0.029821068048477173, 0.028737932443618774], "k_pid_vsp": [42.80924987792969, 400.0, 400.0]}, "datetime": {"datetime": "2025-08-20 13:41:11", "elapsed": 6525.96489071846, "delta": 26.518145322799683}, "costs": {"total_cost": 1463.361395714761, "time_cost": 150, "final_distance_cost": 6.464147715140726, "oscillation_cost": 77.67677666243192, "completition_cost": 1000.0, "overshoot_cost": 140.28450203236207, "power_cost": 22.545105126953125, "noise_cost": 66.39086417787323, "n_waypoints_completed": 0, "tot_waypoints": 9}}
{"target": -1432.5422457210084, "params": {"k_pid_pos": [9.999999747378752e-05, 0.9268072247505188, 0.034302204847335815], "k_pid_alt": [2.0, 1.0, 0.0], "k_pid_att": [100.0, 9.999999747378752e-05, 0.0], "k_pid_yaw": [0.5, 1e-06, 0.1], "k_pid_hsp": [0.07836637645959854, 0.013744771480560303, 0.011505275964736938], "k_pid_vsp": [0.0, 400.0, 380.07098388671875]}, "datetime": {"datetime": "2025-08-20 13:41:37", "elapsed": 6552.308997392654, "delta": 26.344106674194336}, "costs": {"total_cost": 1432.5422457210084, "time_cost": 150, "final_distance_cost": 2.405721573524245, "oscillation_cost": 61.51104515870643, "completition_cost": 1000.0, "overshoot_cost": 141.05458471685924, "power_cost": 18.08909050292969, "noise_cost": 59.481803768988954, "n_waypoints_completed": 0, "tot_waypoints": 9}}
{"target": -1515.936047796047, "params": {"k_pid_pos": [0.10579890757799149, 0.984278678894043, 0.0], "k_pid_alt": [2.0, 1.0, 0.0], "k_pid_att": [100.0, 9.999999747378752e-05, 0.01953202486038208], "k_pid_yaw": [0.5, 1e-06, 0.1], "k_pid_hsp": [0.3713652491569519, 0.0, 0.1043127179145813], "k_pid_vsp": [0.0, 396.0949401855469, 384.0205078125]}, "datetime": {"datetime": "2025-08-20 13:42:01", "elapsed": 6576.274168968201, "delta": 23.965171575546265}, "costs": {"total_cost": 1515.936047796047, "time_cost": 150, "final_distance_cost": 20.034436477737007, "oscillation_cost": 181.6177087651904, "completition_cost": 1000.0, "overshoot_cost": 117.98650046481758, "power_cost": 20.37505487060547, "noise_cost": 25.922347217696565, "n_waypoints_completed": 0, "tot_waypoints": 9}}
{"target": -1404.9671997526902, "params": {"k_pid_pos": [0.1355946660041809, 1.0, 0.0], "k_pid_alt": [2.0, 1.0, 0.05359244346618652], "k_pid_att": [100.0, 9.999999747378752e-05, 0.0], "k_pid_yaw": [0.5, 1e-06, 0.1], "k_pid_hsp": [0.04234764724969864, 0.04190739989280701, 0.04480618238449097], "k_pid_vsp": [0.0, 359.91839599609375, 391.4048767089844]}, "datetime": {"datetime": "2025-08-20 13:42:29", "elapsed": 6604.002250909805, "delta": 27.728081941604614}, "costs": {"total_cost": 1404.9671997526902, "time_cost": 150, "final_distance_cost": 37.57993667545788, "oscillation_cost": 103.0143133682449, "completition_cost": 1000.0, "overshoot_cost": 67.64697635375664, "power_cost": 24.84784958496094, "noise_cost": 21.87812377027022, "n_waypoints_completed": 0, "tot_waypoints": 9}}
{"target": -1479.633822422555, "params": {"k_pid_pos": [9.999999747378752e-05, 0.9663577079772949, 0.03205448389053345], "k_pid_alt": [2.0, 1.0, 0.024111568927764893], "k_pid_att": [95.25928497314453, 1.1422947645187378, 0.028604567050933838], "k_pid_yaw": [0.5, 1e-06, 0.1], "k_pid_hsp": [0.27686721086502075, 0.04154863953590393, 0.03289651870727539], "k_pid_vsp": [21.059417724609375, 400.0, 362.4952697753906]}, "datetime": {"datetime": "2025-08-20 13:42:56", "elapsed": 6631.006527423859, "delta": 27.004276514053345}, "costs": {"total_cost": 1479.633822422555, "time_cost": 150, "final_distance_cost": 16.371181160791934, "oscillation_cost": 81.61814628084439, "completition_cost": 1000.0, "overshoot_cost": 139.46021614192458, "power_cost": 24.170756396484375, "noise_cost": 68.01352244250975, "n_waypoints_completed": 0, "tot_waypoints": 9}}
{"target": -2766.7625865373766, "params": {"k_pid_pos": [0.04128975793719292, 1.0, 0.0420321524143219], "k_pid_alt": [2.0, 1.0, 0.0], "k_pid_att": [100.0, 0.6875975131988525, 0.0], "k_pid_yaw": [0.5, 1e-06, 0.1], "k_pid_hsp": [9.999999747378752e-05, 0.000621795654296875, 0.024770617485046387], "k_pid_vsp": [0.0, 400.0, 400.0]}, "datetime": {"datetime": "2025-08-20 13:43:23", "elapsed": 6658.416004419327, "delta": 27.40947699546814}, "costs": {"total_cost": 2766.7625865373766, "time_cost": 150, "final_distance_cost": 631.2572713996028, "oscillation_cost": 92.2430594510297, "completition_cost": 1000.0, "overshoot_cost": 873.1575777219505, "power_cost": 9.422496130371094, "noise_cost": 10.682181834422524, "n_waypoints_completed": 0, "tot_waypoints": 9}}
{"target": -1405.0317098593457, "params": {"k_pid_pos": [9.999999747378752e-05, 1.0, 0.0], "k_pid_alt": [2.0, 1.0, 0.05908820033073425], "k_pid_att": [96.39095306396484, 0.013814295642077923, 0.04453137516975403], "k_pid_yaw": [0.5, 1e-06, 0.1], "k_pid_hsp": [0.030894728377461433, 0.0, 0.0], "k_pid_vsp": [15.342164039611816, 400.0, 400.0]}, "datetime": {"datetime": "2025-08-20 13:43:48", "elapsed": 6682.923396348953, "delta": 24.507391929626465}, "costs": {"total_cost": 1405.0317098593457, "time_cost": 150, "final_distance_cost": 14.203660382599677, "oscillation_cost": 37.796587075002215, "completition_cost": 1000.0, "overshoot_cost": 140.5715963707997, "power_cost": 14.1665978515625, "noise_cost": 48.293268179381506, "n_waypoints_completed": 0, "tot_waypoints": 9}}
{"target": -2782.5952086491116, "params": {"k_pid_pos": [0.0505271814763546, 1.0, 0.0], "k_pid_alt": [2.0, 0.9516680240631104, 0.0], "k_pid_att": [100.0, 0.7156916260719299, 0.0], "k_pid_yaw": [0.5, 1e-06, 0.1], "k_pid_hsp": [0.040434956550598145, 0.0, 0.05267578363418579], "k_pid_vsp": [0.0, 395.245361328125, 400.0]}, "datetime": {"datetime": "2025-08-20 13:44:13", "elapsed": 6708.443747282028, "delta": 25.52035093307495}, "costs": {"total_cost": 2782.5952086491116, "time_cost": 150, "final_distance_cost": 574.5647192279622, "oscillation_cost": 124.48267755554576, "completition_cost": 1000.0, "overshoot_cost": 893.3934241153833, "power_cost": 22.31878874511719, "noise_cost": 17.835599005103283, "n_waypoints_completed": 0, "tot_waypoints": 9}}
{"target": -4732.726602472228, "params": {"k_pid_pos": [9.999999747378752e-05, 0.9838247299194336, 0.009301096200942993], "k_pid_alt": [2.0, 1.0, 0.0], "k_pid_att": [96.79135131835938, 9.999999747378752e-05, 0.09641945362091064], "k_pid_yaw": [0.5, 1e-06, 0.1], "k_pid_hsp": [9.999999747378752e-05, 0.0, 0.04185760021209717], "k_pid_vsp": [3.656482696533203, 375.2178039550781, 400.0]}, "datetime": {"datetime": "2025-08-20 13:44:39", "elapsed": 6733.562675476074, "delta": 25.11892819404602}, "costs": {"total_cost": 4732.726602472228, "time_cost": 150, "final_distance_cost": 1288.9287369428314, "oscillation_cost": 112.21866141005103, "completition_cost": 1000.0, "overshoot_cost": 2147.9344093519917, "power_cost": 18.32517808837891, "noise_cost": 15.319616678975251, "n_waypoints_completed": 0, "tot_waypoints": 9}}
{"target": -1724.4637027408914, "params": {"k_pid_pos": [0.06482741236686707, 1.0, 0.0], "k_pid_alt": [2.0, 0.9421318769454956, 0.041205406188964844], "k_pid_att": [90.99266815185547, 0.1693778783082962, 0.0], "k_pid_yaw": [0.5, 1e-06, 0.1], "k_pid_hsp": [9.999999747378752e-05, 0.0012529492378234863, 0.02086496353149414], "k_pid_vsp": [0.927889347076416, 388.1895446777344, 376.653564453125]}, "datetime": {"datetime": "2025-08-20 13:45:03", "elapsed": 6757.730890035629, "delta": 24.168214559555054}, "costs": {"total_cost": 1724.4637027408914, "time_cost": 150, "final_distance_cost": 276.04013838137104, "oscillation_cost": 65.98786085382267, "completition_cost": 888.8888888888888, "overshoot_cost": 290.5267704458807, "power_cost": 30.134411169433594, "noise_cost": 22.88563300149466, "n_waypoints_completed": 1, "tot_waypoints": 9}}
{"target": -1939.069621295588, "params": {"k_pid_pos": [9.999999747378752e-05, 0.9978413581848145, 0.0], "k_pid_alt": [2.0, 1.0, 0.0], "k_pid_att": [95.67487335205078, 0.2905952036380768, 0.0], "k_pid_yaw": [0.5, 1e-06, 0.1], "k_pid_hsp": [9.999999747378752e-05, 0.0018687546253204346, 0.0], "k_pid_vsp": [0.0, 385.4089660644531, 388.1056213378906]}, "datetime": {"datetime": "2025-08-20 13:45:25", "elapsed": 6780.445056438446, "delta": 22.714166402816772}, "costs": {"total_cost": 1939.069621295588, "time_cost": 150, "final_distance_cost": 341.2402606861459, "oscillation_cost": 30.131279055967955, "completition_cost": 1000.0, "overshoot_cost": 393.33277749280285, "power_cost": 11.37324881591797, "noise_cost": 12.992055244753255, "n_waypoints_completed": 0, "tot_waypoints": 9}}
{"target": -1481.0168470658562, "params": {"k_pid_pos": [0.10363214462995529, 0.9482011198997498, 0.030336648225784302], "k_pid_alt": [2.0, 0.9033709764480591, 0.01810544729232788], "k_pid_att": [98.3465347290039, 9.999999747378752e-05, 0.0], "k_pid_yaw": [0.5, 1e-06, 0.1], "k_pid_hsp": [0.5922394394874573, 0.0, 0.013283371925354004], "k_pid_vsp": [13.826680183410645, 400.0, 386.7406921386719]}, "datetime": {"datetime": "2025-08-20 13:45:51", "elapsed": 6805.862974405289, "delta": 25.41791796684265}, "costs": {"total_cost": 1481.0168470658562, "time_cost": 150, "final_distance_cost": 7.559117329056416, "oscillation_cost": 90.33521413647497, "completition_cost": 1000.0, "overshoot_cost": 139.72906253139732, "power_cost": 22.293202709960937, "noise_cost": 71.10025035896636, "n_waypoints_completed": 0, "tot_waypoints": 9}}
