{"target": -1400.3861206109457, "params": {"k_pid_pos": [0.14022143185138702, 1.0, 0.0], "k_pid_alt": [2.0, 1.0, 0.0], "k_pid_att": [98.83302307128906, 9.999999747378752e-05, 0.0], "k_pid_yaw": [0.5, 1e-06, 0.1], "k_pid_hsp": [0.060341812670230865, 0.0, 0.0], "k_pid_vsp": [6.542766094207764, 400.0, 400.0]}, "datetime": {"datetime": "2025-08-20 17:18:42", "elapsed": 19576.680963993073, "delta": 22.534485816955566}, "costs": {"total_cost": 1400.3861206109457, "time_cost": 150, "final_distance_cost": 14.051317599558102, "oscillation_cost": 49.80285239845883, "completition_cost": 1000.0, "overshoot_cost": 140.0540390199086, "power_cost": 8.747380541992188, "noise_cost": 37.730531051028144, "n_waypoints_completed": 0, "tot_waypoints": 9}}
{"target": -1467.353908184088, "params": {"k_pid_pos": [0.02935642935335636, 0.9951069355010986, 0.03082275390625], "k_pid_alt": [2.0, 1.0, 0.1260799765586853], "k_pid_att": [97.01313018798828, 9.999999747378752e-05, 0.03683626651763916], "k_pid_yaw": [0.5, 1e-06, 0.1], "k_pid_hsp": [0.29965025186538696, 0.007618159055709839, 0.029911726713180542], "k_pid_vsp": [15.826153755187988, 400.0, 393.2603454589844]}, "datetime": {"datetime": "2025-08-20 17:19:04", "elapsed": 19598.949488401413, "delta": 22.268524408340454}, "costs": {"total_cost": 1467.353908184088, "time_cost": 150, "final_distance_cost": 14.275519319235624, "oscillation_cost": 89.2640248559204, "completition_cost": 1000.0, "overshoot_cost": 139.28991978045107, "power_cost": 18.182835192871096, "noise_cost": 56.3416090356094, "n_waypoints_completed": 0, "tot_waypoints": 9}}
{"target": -4581.38081903255, "params": {"k_pid_pos": [0.16032446920871735, 1.0, 0.07589331269264221], "k_pid_alt": [2.0, 1.0, 0.07326114177703857], "k_pid_att": [100.0, 9.999999747378752e-05, 0.0], "k_pid_yaw": [0.5, 1e-06, 0.1], "k_pid_hsp": [9.999999747378752e-05, 0.024343669414520264, 0.03438359498977661], "k_pid_vsp": [0.0, 378.6728820800781, 400.0]}, "datetime": {"datetime": "2025-08-20 17:19:26", "elapsed": 19621.173306941986, "delta": 22.22381854057312}, "costs": {"total_cost": 4581.38081903255, "time_cost": 150, "final_distance_cost": 1243.5676570740936, "oscillation_cost": 89.26007306930185, "completition_cost": 1000.0, "overshoot_cost": 2053.316378208886, "power_cost": 26.04467274169922, "noise_cost": 19.192037938569317, "n_waypoints_completed": 0, "tot_waypoints": 9}}
{"target": -1505.8263346063138, "params": {"k_pid_pos": [0.12275450676679611, 1.0, 0.0], "k_pid_alt": [1.959242582321167, 0.981124758720398, 0.015905261039733887], "k_pid_att": [99.99330139160156, 9.999999747378752e-05, 0.0], "k_pid_yaw": [0.5, 1e-06, 0.1], "k_pid_hsp": [1.0188928842544556, 0.0, 0.0], "k_pid_vsp": [0.0, 388.7765808105469, 400.0]}, "datetime": {"datetime": "2025-08-20 17:19:48", "elapsed": 19643.31568288803, "delta": 22.142375946044922}, "costs": {"total_cost": 1505.8263346063138, "time_cost": 150, "final_distance_cost": 10.644747341510444, "oscillation_cost": 62.53992989294487, "completition_cost": 1000.0, "overshoot_cost": 139.07455585825016, "power_cost": 37.07539812011719, "noise_cost": 106.49170339349128, "n_waypoints_completed": 0, "tot_waypoints": 9}}
{"target": -1916.0700348255111, "params": {"k_pid_pos": [9.999999747378752e-05, 0.9822707176208496, 0.0], "k_pid_alt": [1.8273487091064453, 1.0, 0.010755300521850586], "k_pid_att": [93.35310363769531, 0.10380598157644272, 0.021566450595855713], "k_pid_yaw": [0.5, 1e-06, 0.1], "k_pid_hsp": [9.999999747378752e-05, 0.0, 0.0], "k_pid_vsp": [0.0, 400.0, 400.0]}, "datetime": {"datetime": "2025-08-20 17:20:12", "elapsed": 19666.70645046234, "delta": 23.390767574310303}, "costs": {"total_cost": 1916.0700348255111, "time_cost": 150, "final_distance_cost": 334.0114263031563, "oscillation_cost": 29.292454221899717, "completition_cost": 1000.0, "overshoot_cost": 377.1513884675803, "power_cost": 11.804154370117189, "noise_cost": 13.810611462757562, "n_waypoints_completed": 0, "tot_waypoints": 9}}
{"target": -5077.812059187465, "params": {"k_pid_pos": [9.999999747378752e-05, 0.9345581531524658, 0.0], "k_pid_alt": [1.9162774085998535, 1.0, 0.05847632884979248], "k_pid_att": [88.55905151367188, 0.06547729671001434, 0.0], "k_pid_yaw": [0.5, 1e-06, 0.1], "k_pid_hsp": [9.999999747378752e-05, 0.0, 0.0360875129699707], "k_pid_vsp": [0.0, 387.14752197265625, 366.2742004394531]}, "datetime": {"datetime": "2025-08-20 17:20:35", "elapsed": 19689.55947613716, "delta": 22.853025674819946}, "costs": {"total_cost": 5077.812059187465, "time_cost": 150, "final_distance_cost": 1436.5169401721296, "oscillation_cost": 80.37447974821737, "completition_cost": 1000.0, "overshoot_cost": 2376.230413594723, "power_cost": 19.120323693847656, "noise_cost": 15.569901978547625, "n_waypoints_completed": 0, "tot_waypoints": 9}}
{"target": -1495.09382122824, "params": {"k_pid_pos": [9.999999747378752e-05, 0.9904550313949585, 0.0], "k_pid_alt": [1.9650230407714844, 1.0, 0.0], "k_pid_att": [100.0, 9.999999747378752e-05, 0.08882993459701538], "k_pid_yaw": [0.5, 1e-06, 0.1], "k_pid_hsp": [0.12570510804653168, 0.04251459240913391, 0.0], "k_pid_vsp": [33.03681564331055, 385.1875915527344, 378.8338623046875]}, "datetime": {"datetime": "2025-08-20 17:20:58", "elapsed": 19712.58890223503, "delta": 23.029426097869873}, "costs": {"total_cost": 1495.09382122824, "time_cost": 150, "final_distance_cost": 15.106764309779939, "oscillation_cost": 51.54442949316002, "completition_cost": 1000.0, "overshoot_cost": 142.2566034873095, "power_cost": 34.85151893310547, "noise_cost": 101.33450500488459, "n_waypoints_completed": 0, "tot_waypoints": 9}}
{"target": -1895.0794257062857, "params": {"k_pid_pos": [0.22291497886180878, 1.0, 0.001717299222946167], "k_pid_alt": [2.0, 0.9342626929283142, 0.0965651273727417], "k_pid_att": [95.1112060546875, 9.999999747378752e-05, 0.016970962285995483], "k_pid_yaw": [0.5, 1e-06, 0.1], "k_pid_hsp": [9.999999747378752e-05, 0.0, 0.0], "k_pid_vsp": [0.0, 376.6324157714844, 400.0]}, "datetime": {"datetime": "2025-08-20 17:21:20", "elapsed": 19734.52902173996, "delta": 21.94011950492859}, "costs": {"total_cost": 1895.0794257062857, "time_cost": 150, "final_distance_cost": 327.68194565771006, "oscillation_cost": 29.789191191781327, "completition_cost": 1000.0, "overshoot_cost": 362.38318623677895, "power_cost": 11.621016418457032, "noise_cost": 13.604086201558419, "n_waypoints_completed": 0, "tot_waypoints": 9}}
{"target": -1350.2989831582893, "params": {"k_pid_pos": [9.999999747378752e-05, 0.9214833974838257, 0.0], "k_pid_alt": [2.0, 1.0, 0.03781968355178833], "k_pid_att": [100.0, 0.1794855296611786, 0.0], "k_pid_yaw": [0.5, 1e-06, 0.1], "k_pid_hsp": [0.0799315795302391, 0.0, 0.04680642485618591], "k_pid_vsp": [16.498910903930664, 339.19195556640625, 378.119384765625]}, "datetime": {"datetime": "2025-08-20 17:21:42", "elapsed": 19757.16163253784, "delta": 22.63261079788208}, "costs": {"total_cost": 1350.2989831582893, "time_cost": 150, "final_distance_cost": 63.320304058469496, "oscillation_cost": 132.61896423664217, "completition_cost": 888.8888888888888, "overshoot_cost": 74.17789904744613, "power_cost": 22.278964770507812, "noise_cost": 19.013962156334795, "n_waypoints_completed": 1, "tot_waypoints": 9}}
{"target": -1391.0814163435243, "params": {"k_pid_pos": [9.999999747378752e-05, 0.9460233449935913, 0.006970614194869995], "k_pid_alt": [1.9968338012695312, 1.0, 0.11705851554870605], "k_pid_att": [100.0, 0.016974501311779022, 0.030070126056671143], "k_pid_yaw": [0.5, 1e-06, 0.1], "k_pid_hsp": [0.2395804226398468, 0.0454765260219574, 0.0], "k_pid_vsp": [0.0, 400.0, 400.0]}, "datetime": {"datetime": "2025-08-20 17:22:05", "elapsed": 19779.99897789955, "delta": 22.837345361709595}, "costs": {"total_cost": 1391.0814163435243, "time_cost": 150, "final_distance_cost": 12.028054518330823, "oscillation_cost": 60.82532006679886, "completition_cost": 1000.0, "overshoot_cost": 140.78659590857598, "power_cost": 3.033679528808594, "noise_cost": 24.40776632101019, "n_waypoints_completed": 0, "tot_waypoints": 9}}
{"target": -1800.7426708560506, "params": {"k_pid_pos": [9.999999747378752e-05, 0.9926154613494873, 0.0], "k_pid_alt": [1.8473138809204102, 1.0, 0.14328694343566895], "k_pid_att": [100.0, 9.999999747378752e-05, 0.0], "k_pid_yaw": [0.5, 1e-06, 0.1], "k_pid_hsp": [9.999999747378752e-05, 0.01868954300880432, 0.01714479923248291], "k_pid_vsp": [0.0, 388.9583740234375, 386.2818603515625]}, "datetime": {"datetime": "2025-08-20 17:22:27", "elapsed": 19802.277794361115, "delta": 22.27881646156311}, "costs": {"total_cost": 1800.7426708560506, "time_cost": 150, "final_distance_cost": 267.6188669281743, "oscillation_cost": 27.15886236425935, "completition_cost": 1000.0, "overshoot_cost": 291.24226727848827, "power_cost": 37.485036779785155, "noise_cost": 27.237637505343585, "n_waypoints_completed": 0, "tot_waypoints": 9}}
{"target": -1869.0633019672987, "params": {"k_pid_pos": [9.999999747378752e-05, 1.0, 0.0], "k_pid_alt": [1.9323928356170654, 0.9737071990966797, 0.0], "k_pid_att": [98.78353118896484, 9.999999747378752e-05, 0.07632142305374146], "k_pid_yaw": [0.5, 1e-06, 0.1], "k_pid_hsp": [9.999999747378752e-05, 0.0, 0.010488152503967285], "k_pid_vsp": [0.6186127662658691, 400.0, 396.0624084472656]}, "datetime": {"datetime": "2025-08-20 17:22:50", "elapsed": 19824.88397049904, "delta": 22.606176137924194}, "costs": {"total_cost": 1869.0633019672987, "time_cost": 150, "final_distance_cost": 347.72157636506194, "oscillation_cost": 35.578474782841376, "completition_cost": 888.8888888888888, "overshoot_cost": 423.2981905573413, "power_cost": 11.096757861328125, "noise_cost": 12.479413511837144, "n_waypoints_completed": 1, "tot_waypoints": 9}}
{"target": -1508.2907039586844, "params": {"k_pid_pos": [0.27676787972450256, 1.0, 0.0], "k_pid_alt": [2.0, 1.0, 0.0], "k_pid_att": [97.96682739257812, 9.999999747378752e-05, 0.005206674337387085], "k_pid_yaw": [0.5, 1e-06, 0.1], "k_pid_hsp": [0.6119558215141296, 0.0022389590740203857, 0.0], "k_pid_vsp": [29.908538818359375, 400.0, 400.0]}, "datetime": {"datetime": "2025-08-20 17:23:13", "elapsed": 19847.92415189743, "delta": 23.040181398391724}, "costs": {"total_cost": 1508.2907039586844, "time_cost": 150, "final_distance_cost": 10.228141092758346, "oscillation_cost": 65.8227315095653, "completition_cost": 1000.0, "overshoot_cost": 138.5344873719358, "power_cost": 37.116663391113285, "noise_cost": 106.58868059331184, "n_waypoints_completed": 0, "tot_waypoints": 9}}
{"target": -2805.5556670582487, "params": {"k_pid_pos": [9.999999747378752e-05, 1.0, 0.05829504132270813], "k_pid_alt": [2.0, 0.9938452243804932, 0.03186511993408203], "k_pid_att": [99.2061767578125, 9.999999747378752e-05, 0.0], "k_pid_yaw": [0.5, 1e-06, 0.1], "k_pid_hsp": [9.999999747378752e-05, 0.0, 0.053815096616744995], "k_pid_vsp": [17.643749237060547, 399.0647888183594, 375.94915771484375]}, "datetime": {"datetime": "2025-08-20 17:23:35", "elapsed": 19869.59112095833, "delta": 21.666969060897827}, "costs": {"total_cost": 2805.5556670582487, "time_cost": 150, "final_distance_cost": 514.5313337576595, "oscillation_cost": 277.766189131337, "completition_cost": 1000.0, "overshoot_cost": 823.3973161452997, "power_cost": 22.126231994628906, "noise_cost": 17.734596029323694, "n_waypoints_completed": 0, "tot_waypoints": 9}}
{"target": -1498.8163722275817, "params": {"k_pid_pos": [9.999999747378752e-05, 0.9659013748168945, 0.0], "k_pid_alt": [1.973131537437439, 1.0, 0.0685129165649414], "k_pid_att": [96.67941284179688, 0.8197930455207825, 0.0], "k_pid_yaw": [0.5, 1e-06, 0.1], "k_pid_hsp": [0.9531598091125488, 0.0741511881351471, 0.03153961896896362], "k_pid_vsp": [22.803258895874023, 400.0, 400.0]}, "datetime": {"datetime": "2025-08-20 17:23:58", "elapsed": 19892.534722089767, "delta": 22.94360113143921}, "costs": {"total_cost": 1498.8163722275817, "time_cost": 150, "final_distance_cost": 26.617139605336735, "oscillation_cost": 84.57056154894329, "completition_cost": 1000.0, "overshoot_cost": 145.91755663704674, "power_cost": 22.834617810058596, "noise_cost": 68.87649662619626, "n_waypoints_completed": 0, "tot_waypoints": 9}}
{"target": -1391.93897299649, "params": {"k_pid_pos": [9.999999747378752e-05, 0.9931211471557617, 0.0], "k_pid_alt": [2.0, 0.9401366710662842, 0.0], "k_pid_att": [100.0, 0.05652506649494171, 0.06309294700622559], "k_pid_yaw": [0.5, 1e-06, 0.1], "k_pid_hsp": [0.5788559317588806, 0.11154499650001526, 0.0], "k_pid_vsp": [0.0, 399.2093505859375, 400.0]}, "datetime": {"datetime": "2025-08-20 17:24:19", "elapsed": 19913.93160557747, "delta": 21.396883487701416}, "costs": {"total_cost": 1391.93897299649, "time_cost": 150, "final_distance_cost": 12.04280284573221, "oscillation_cost": 65.86893842498291, "completition_cost": 1000.0, "overshoot_cost": 140.39024509733449, "power_cost": 1.9244208251953125, "noise_cost": 21.712565803245187, "n_waypoints_completed": 0, "tot_waypoints": 9}}
{"target": -1466.9564408268727, "params": {"k_pid_pos": [9.999999747378752e-05, 0.9605947732925415, 0.0], "k_pid_alt": [1.942339539527893, 1.0, 0.0], "k_pid_att": [100.0, 0.01644640974700451, 0.0], "k_pid_yaw": [0.5, 1e-06, 0.1], "k_pid_hsp": [9.999999747378752e-05, 0.048831433057785034, 0.0], "k_pid_vsp": [18.477130889892578, 400.0, 384.9288024902344]}, "datetime": {"datetime": "2025-08-20 17:24:42", "elapsed": 19937.26579451561, "delta": 23.33418893814087}, "costs": {"total_cost": 1466.9564408268727, "time_cost": 150, "final_distance_cost": 30.49311268425224, "oscillation_cost": 34.41516757403141, "completition_cost": 1000.0, "overshoot_cost": 152.04284744754491, "power_cost": 24.673474060058595, "noise_cost": 75.33183906098549, "n_waypoints_completed": 0, "tot_waypoints": 9}}
{"target": -3100.6899100166474, "params": {"k_pid_pos": [9.999999747378752e-05, 0.905095100402832, 0.0], "k_pid_alt": [1.889934778213501, 1.0, 0.003083258867263794], "k_pid_att": [98.94801330566406, 0.10273578763008118, 0.0], "k_pid_yaw": [0.5, 1e-06, 0.1], "k_pid_hsp": [9.999999747378752e-05, 0.04323625564575195, 0.08819136023521423], "k_pid_vsp": [0.0, 400.0, 400.0]}, "datetime": {"datetime": "2025-08-20 17:25:04", "elapsed": 19959.2911734581, "delta": 22.025378942489624}, "costs": {"total_cost": 3100.6899100166474, "time_cost": 150, "final_distance_cost": 607.4382661480971, "oscillation_cost": 320.63678181181496, "completition_cost": 1000.0, "overshoot_cost": 983.320990064287, "power_cost": 21.760277661132815, "noise_cost": 17.5335943313155, "n_waypoints_completed": 0, "tot_waypoints": 9}}
{"target": -1957.7233986198648, "params": {"k_pid_pos": [0.04065720736980438, 0.9751863479614258, 0.040332138538360596], "k_pid_alt": [2.0, 1.0, 0.0], "k_pid_att": [100.0, 0.32700374722480774, 0.07959142327308655], "k_pid_yaw": [0.5, 1e-06, 0.1], "k_pid_hsp": [9.999999747378752e-05, 0.0, 0.0], "k_pid_vsp": [0.0, 400.0, 381.496826171875]}, "datetime": {"datetime": "2025-08-20 17:25:27", "elapsed": 19982.259753227234, "delta": 22.96857976913452}, "costs": {"total_cost": 1957.7233986198648, "time_cost": 150, "final_distance_cost": 336.54334166831393, "oscillation_cost": 24.760705645246613, "completition_cost": 1000.0, "overshoot_cost": 380.6655739949939, "power_cost": 37.841824511718755, "noise_cost": 27.911952799591802, "n_waypoints_completed": 0, "tot_waypoints": 9}}
{"target": -1991.2224062612204, "params": {"k_pid_pos": [9.999999747378752e-05, 0.9717496633529663, 0.0], "k_pid_alt": [2.0, 0.9696052074432373, 0.0], "k_pid_att": [100.0, 0.39109718799591064, 0.0], "k_pid_yaw": [0.5, 1e-06, 0.1], "k_pid_hsp": [9.999999747378752e-05, 0.0, 0.004456937313079834], "k_pid_vsp": [0.0, 400.0, 368.1883850097656]}, "datetime": {"datetime": "2025-08-20 17:25:50", "elapsed": 20004.9450404644, "delta": 22.68528723716736}, "costs": {"total_cost": 1991.2224062612204, "time_cost": 150, "final_distance_cost": 348.46839787144455, "oscillation_cost": 26.184162785185173, "completition_cost": 1000.0, "overshoot_cost": 401.65711549427476, "power_cost": 37.8751428100586, "noise_cost": 27.037587300257158, "n_waypoints_completed": 0, "tot_waypoints": 9}}
{"target": -2707.12064804448, "params": {"k_pid_pos": [9.999999747378752e-05, 0.9866858720779419, 0.051672279834747314], "k_pid_alt": [2.0, 0.9641828536987305, 0.06486710906028748], "k_pid_att": [100.0, 0.3387189209461212, 0.0], "k_pid_yaw": [0.5, 1e-06, 0.1], "k_pid_hsp": [0.009228657931089401, 0.0, 0.024813413619995117], "k_pid_vsp": [0.1756906509399414, 398.35467529296875, 400.0]}, "datetime": {"datetime": "2025-08-20 17:26:12", "elapsed": 20027.1183013916, "delta": 22.173260927200317}, "costs": {"total_cost": 2707.12064804448, "time_cost": 150, "final_distance_cost": 590.456674193441, "oscillation_cost": 98.51169181926778, "completition_cost": 1000.0, "overshoot_cost": 807.1980421707049, "power_cost": 36.01692864990235, "noise_cost": 24.937311211163788, "n_waypoints_completed": 0, "tot_waypoints": 9}}
{"target": -1490.7055672631861, "params": {"k_pid_pos": [0.17373865842819214, 0.9296016097068787, 0.03549399971961975], "k_pid_alt": [1.9505813121795654, 0.989075779914856, 0.0], "k_pid_att": [100.0, 9.999999747378752e-05, 0.0], "k_pid_yaw": [0.5, 1e-06, 0.1], "k_pid_hsp": [0.22735324501991272, 0.11057877540588379, 0.013792663812637329], "k_pid_vsp": [10.868382453918457, 375.4230041503906, 400.0]}, "datetime": {"datetime": "2025-08-20 17:26:36", "elapsed": 20050.71210384369, "delta": 23.593802452087402}, "costs": {"total_cost": 1490.7055672631861, "time_cost": 150, "final_distance_cost": 17.68793396330685, "oscillation_cost": 78.50258857624391, "completition_cost": 1000.0, "overshoot_cost": 140.8648145893364, "power_cost": 25.29262420654297, "noise_cost": 78.35760592775586, "n_waypoints_completed": 0, "tot_waypoints": 9}}
{"target": -1399.6684557992292, "params": {"k_pid_pos": [9.999999747378752e-05, 1.0, 0.0974990725517273], "k_pid_alt": [2.0, 0.9835838079452515, 0.0], "k_pid_att": [100.0, 9.999999747378752e-05, 0.0], "k_pid_yaw": [0.5, 1e-06, 0.1], "k_pid_hsp": [0.1312137097120285, 0.044242680072784424, 0.0], "k_pid_vsp": [41.5293083190918, 389.3930358886719, 396.4546813964844]}, "datetime": {"datetime": "2025-08-20 17:26:58", "elapsed": 20072.841050863266, "delta": 22.128947019577026}, "costs": {"total_cost": 1399.6684557992292, "time_cost": 150, "final_distance_cost": 16.57133028389775, "oscillation_cost": 56.1501324666767, "completition_cost": 1000.0, "overshoot_cost": 141.46476676570205, "power_cost": 5.3665880004882816, "noise_cost": 30.11563828246454, "n_waypoints_completed": 0, "tot_waypoints": 9}}
{"target": -1489.742096615939, "params": {"k_pid_pos": [9.999999747378752e-05, 1.0, 0.0], "k_pid_alt": [1.9826667308807373, 1.0, 0.004763275384902954], "k_pid_att": [94.02693176269531, 0.20837382972240448, 0.04404005408287048], "k_pid_yaw": [0.5, 1e-06, 0.1], "k_pid_hsp": [0.605618417263031, 0.0, 0.0], "k_pid_vsp": [5.85329532623291, 400.0, 400.0]}, "datetime": {"datetime": "2025-08-20 17:27:20", "elapsed": 20094.601889371872, "delta": 21.760838508605957}, "costs": {"total_cost": 1489.742096615939, "time_cost": 150, "final_distance_cost": 16.77300080476739, "oscillation_cost": 62.911260548997774, "completition_cost": 1000.0, "overshoot_cost": 139.91132087944337, "power_cost": 30.18801091308594, "noise_cost": 89.9585034696447, "n_waypoints_completed": 0, "tot_waypoints": 9}}
{"target": -1563.0773310614757, "params": {"k_pid_pos": [0.029386410489678383, 1.0, 0.0], "k_pid_alt": [2.0, 1.0, 0.0], "k_pid_att": [100.0, 0.4683237671852112, 0.0], "k_pid_yaw": [0.5, 1e-06, 0.1], "k_pid_hsp": [9.999999747378752e-05, 0.02285018563270569, 0.0], "k_pid_vsp": [0.0, 373.5256652832031, 400.0]}, "datetime": {"datetime": "2025-08-20 17:27:42", "elapsed": 20116.779695510864, "delta": 22.17780613899231}, "costs": {"total_cost": 1563.0773310614757, "time_cost": 150, "final_distance_cost": 155.80450142575245, "oscillation_cost": 27.27181170676354, "completition_cost": 1000.0, "overshoot_cost": 163.67304852095077, "power_cost": 37.875804235839844, "noise_cost": 28.45216517216912, "n_waypoints_completed": 0, "tot_waypoints": 9}}
{"target": -1406.63048239463, "params": {"k_pid_pos": [9.999999747378752e-05, 1.0, 0.06270742416381836], "k_pid_alt": [2.0, 1.0, 0.0], "k_pid_att": [100.0, 0.0929526761174202, 0.0], "k_pid_yaw": [0.5, 1e-06, 0.1], "k_pid_hsp": [9.999999747378752e-05, 0.029611200094223022, 0.0], "k_pid_vsp": [7.015979290008545, 400.0, 385.23016357421875]}, "datetime": {"datetime": "2025-08-20 17:28:05", "elapsed": 20139.56724190712, "delta": 22.787546396255493}, "costs": {"total_cost": 1406.63048239463, "time_cost": 150, "final_distance_cost": 74.42699488444502, "oscillation_cost": 30.80976686818023, "completition_cost": 1000.0, "overshoot_cost": 107.41151848647523, "power_cost": 22.214659704589845, "noise_cost": 21.767542450939867, "n_waypoints_completed": 0, "tot_waypoints": 9}}
{"target": -1474.378754240418, "params": {"k_pid_pos": [9.999999747378752e-05, 1.0, 0.007416278123855591], "k_pid_alt": [2.0, 0.9256851673126221, 0.0], "k_pid_att": [100.0, 0.816531240940094, 0.0], "k_pid_yaw": [0.5, 1e-06, 0.1], "k_pid_hsp": [0.2909608781337738, 0.05692160129547119, 0.030405282974243164], "k_pid_vsp": [0.0, 400.0, 400.0]}, "datetime": {"datetime": "2025-08-20 17:28:27", "elapsed": 20161.922357082367, "delta": 22.355115175247192}, "costs": {"total_cost": 1474.378754240418, "time_cost": 150, "final_distance_cost": 19.505774529148955, "oscillation_cost": 89.6092571441161, "completition_cost": 1000.0, "overshoot_cost": 140.52879797481364, "power_cost": 18.18935732421875, "noise_cost": 56.54556726812056, "n_waypoints_completed": 0, "tot_waypoints": 9}}
