{"target": -4375.450078886281, "params": {"k_pid_pos": [0.20014214515686035, 0.9767918586730957, 0.0], "k_pid_alt": [1.9948382377624512, 0.9772013425827026, 0.0], "k_pid_att": [100.0, 0.3499670922756195, 0.06656485795974731], "k_pid_yaw": [0.5, 1e-06, 0.1], "k_pid_hsp": [9.999999747378752e-05, 0.0, 0.03664350509643555], "k_pid_vsp": [0.0, 400.0, 400.0]}, "datetime": {"datetime": "2025-08-20 19:31:32", "elapsed": 27547.038016557693, "delta": 21.51741909980774}, "costs": {"total_cost": 4375.450078886281, "time_cost": 150, "final_distance_cost": 1192.0222435254861, "oscillation_cost": 80.90776364960911, "completition_cost": 1000.0, "overshoot_cost": 1915.3975224613403, "power_cost": 20.81668365478516, "noise_cost": 16.305865595059515, "n_waypoints_completed": 0, "tot_waypoints": 9}}
{"target": -1948.3134908318946, "params": {"k_pid_pos": [0.1399236023426056, 1.0, 0.0], "k_pid_alt": [2.0, 0.9384702444076538, 0.036267608404159546], "k_pid_att": [99.43566131591797, 0.5521842837333679, 0.0], "k_pid_yaw": [0.5, 1e-06, 0.1], "k_pid_hsp": [9.999999747378752e-05, 0.0, 0.0], "k_pid_vsp": [37.735069274902344, 400.0, 400.0]}, "datetime": {"datetime": "2025-08-20 19:31:56", "elapsed": 27571.14367699623, "delta": 24.105660438537598}, "costs": {"total_cost": 1948.3134908318946, "time_cost": 150, "final_distance_cost": 334.1648529152515, "oscillation_cost": 25.164886040757025, "completition_cost": 1000.0, "overshoot_cost": 373.0083103069852, "power_cost": 37.84713671875, "noise_cost": 28.128304850150993, "n_waypoints_completed": 0, "tot_waypoints": 9}}
{"target": -1472.1404203672382, "params": {"k_pid_pos": [0.17778240144252777, 1.0, 0.0], "k_pid_alt": [2.0, 0.8964122533798218, 0.03382280468940735], "k_pid_att": [100.0, 0.23921504616737366, 0.0], "k_pid_yaw": [0.5, 1e-06, 0.1], "k_pid_hsp": [0.06368351727724075, 0.07874482870101929, 0.02607172727584839], "k_pid_vsp": [20.27735710144043, 400.0, 399.281005859375]}, "datetime": {"datetime": "2025-08-20 19:32:19", "elapsed": 27593.82352232933, "delta": 22.679845333099365}, "costs": {"total_cost": 1472.1404203672382, "time_cost": 150, "final_distance_cost": 19.523240582797257, "oscillation_cost": 58.63411425605074, "completition_cost": 1000.0, "overshoot_cost": 142.60287671197236, "power_cost": 24.768119470214845, "noise_cost": 76.61206934620299, "n_waypoints_completed": 0, "tot_waypoints": 9}}
{"target": -1449.6466843539436, "params": {"k_pid_pos": [0.20493948459625244, 0.9903222918510437, 0.01741623878479004], "k_pid_alt": [2.0, 1.0, 0.0059340596199035645], "k_pid_att": [95.64080810546875, 0.18115057051181793, 0.01514628529548645], "k_pid_yaw": [0.5, 1e-06, 0.1], "k_pid_hsp": [0.6002683639526367, 0.14628419280052185, 0.0], "k_pid_vsp": [0.0, 358.7501220703125, 400.0]}, "datetime": {"datetime": "2025-08-20 19:32:43", "elapsed": 27617.694893836975, "delta": 23.871371507644653}, "costs": {"total_cost": 1449.6466843539436, "time_cost": 150, "final_distance_cost": 13.282104403811338, "oscillation_cost": 67.4075449576047, "completition_cost": 1000.0, "overshoot_cost": 139.34347380099223, "power_cost": 18.34046612548828, "noise_cost": 61.273095066046956, "n_waypoints_completed": 0, "tot_waypoints": 9}}
{"target": -1510.779319303489, "params": {"k_pid_pos": [0.10029236227273941, 0.954108715057373, 0.0], "k_pid_alt": [2.0, 0.904226541519165, 0.09249424934387207], "k_pid_att": [100.0, 9.999999747378752e-05, 0.016700714826583862], "k_pid_yaw": [0.5, 1e-06, 0.1], "k_pid_hsp": [1.4256666898727417, 0.0, 0.08694720268249512], "k_pid_vsp": [8.889627456665039, 386.7763671875, 400.0]}, "datetime": {"datetime": "2025-08-20 19:33:05", "elapsed": 27640.085172891617, "delta": 22.390279054641724}, "costs": {"total_cost": 1510.779319303489, "time_cost": 150, "final_distance_cost": 18.163479401936733, "oscillation_cost": 142.82887530198533, "completition_cost": 1000.0, "overshoot_cost": 135.57817348941987, "power_cost": 18.84593486328125, "noise_cost": 45.36285624686592, "n_waypoints_completed": 0, "tot_waypoints": 9}}
{"target": -1912.589126430328, "params": {"k_pid_pos": [0.07964438199996948, 0.9472789168357849, 0.08134284615516663], "k_pid_alt": [2.0, 0.9928216934204102, 0.01741775870323181], "k_pid_att": [100.0, 1.2171392440795898, 0.021162331104278564], "k_pid_yaw": [0.5, 1e-06, 0.1], "k_pid_hsp": [9.999999747378752e-05, 0.0, 0.0], "k_pid_vsp": [0.0, 400.0, 372.85345458984375]}, "datetime": {"datetime": "2025-08-20 19:33:29", "elapsed": 27664.303980112076, "delta": 24.218807220458984}, "costs": {"total_cost": 1912.589126430328, "time_cost": 150, "final_distance_cost": 321.0110516075961, "oscillation_cost": 24.77840890142105, "completition_cost": 1000.0, "overshoot_cost": 348.02571997974366, "power_cost": 37.795609606933596, "noise_cost": 30.978336334633735, "n_waypoints_completed": 0, "tot_waypoints": 9}}
{"target": -1952.0668237448351, "params": {"k_pid_pos": [0.08492777496576309, 1.0, 0.0], "k_pid_alt": [2.0, 1.0, 0.0], "k_pid_att": [100.0, 9.999999747378752e-05, 0.0], "k_pid_yaw": [0.5, 1e-06, 0.1], "k_pid_hsp": [9.999999747378752e-05, 0.0, 0.0], "k_pid_vsp": [0.0, 388.4251403808594, 388.3443298339844]}, "datetime": {"datetime": "2025-08-20 19:33:52", "elapsed": 27687.25846171379, "delta": 22.954481601715088}, "costs": {"total_cost": 1952.0668237448351, "time_cost": 150, "final_distance_cost": 347.0564230794137, "oscillation_cost": 31.32394065571454, "completition_cost": 1000.0, "overshoot_cost": 399.5500691777433, "power_cost": 11.248133703613282, "noise_cost": 12.888257128350086, "n_waypoints_completed": 0, "tot_waypoints": 9}}
{"target": -1412.4851754212007, "params": {"k_pid_pos": [0.01735188066959381, 1.0, 0.08226770162582397], "k_pid_alt": [1.9240334033966064, 0.9393460154533386, 0.0028863847255706787], "k_pid_att": [97.75209045410156, 9.999999747378752e-05, 0.0], "k_pid_yaw": [0.5, 1e-06, 0.1], "k_pid_hsp": [1.1895313262939453, 0.0021720528602600098, 0.0], "k_pid_vsp": [0.0, 400.0, 400.0]}, "datetime": {"datetime": "2025-08-20 19:34:15", "elapsed": 27709.753282785416, "delta": 22.494821071624756}, "costs": {"total_cost": 1412.4851754212007, "time_cost": 150, "final_distance_cost": 10.294504047877853, "oscillation_cost": 70.0858226739156, "completition_cost": 1000.0, "overshoot_cost": 139.11617109875553, "power_cost": 7.595119714355469, "noise_cost": 35.39355788629641, "n_waypoints_completed": 0, "tot_waypoints": 9}}
{"target": -2023.8951837287927, "params": {"k_pid_pos": [0.03467123210430145, 0.9481338262557983, 0.04185044765472412], "k_pid_alt": [2.0, 0.9854494333267212, 0.024747371673583984], "k_pid_att": [100.0, 0.48015904426574707, 0.0], "k_pid_yaw": [0.5, 1e-06, 0.1], "k_pid_hsp": [9.999999747378752e-05, 0.0017423927783966064, 0.020657002925872803], "k_pid_vsp": [2.5782346725463867, 400.0, 400.0]}, "datetime": {"datetime": "2025-08-20 19:34:38", "elapsed": 27732.83208298683, "delta": 23.078800201416016}, "costs": {"total_cost": 2023.8951837287927, "time_cost": 150, "final_distance_cost": 370.3732746038088, "oscillation_cost": 42.86804799520986, "completition_cost": 1000.0, "overshoot_cost": 437.9554891537718, "power_cost": 10.810837939453126, "noise_cost": 11.887534036549082, "n_waypoints_completed": 0, "tot_waypoints": 9}}
{"target": -1441.7187570778349, "params": {"k_pid_pos": [0.05522051453590393, 0.9758924841880798, 0.0], "k_pid_alt": [2.0, 0.9774026870727539, 0.0], "k_pid_att": [100.0, 9.999999747378752e-05, 0.023217856884002686], "k_pid_yaw": [0.5, 1e-06, 0.1], "k_pid_hsp": [9.999999747378752e-05, 0.05017408728599548, 0.0], "k_pid_vsp": [0.0, 400.0, 380.65911865234375]}, "datetime": {"datetime": "2025-08-20 19:35:00", "elapsed": 27754.774638175964, "delta": 21.94255518913269}, "costs": {"total_cost": 1441.7187570778349, "time_cost": 150, "final_distance_cost": 32.66525456320093, "oscillation_cost": 36.025729191474184, "completition_cost": 1000.0, "overshoot_cost": 151.7766646685432, "power_cost": 16.061300341796876, "noise_cost": 55.189808312819885, "n_waypoints_completed": 0, "tot_waypoints": 9}}
{"target": -1516.946315379885, "params": {"k_pid_pos": [9.999999747378752e-05, 1.0, 0.0], "k_pid_alt": [1.8864102363586426, 0.8961763381958008, 0.009917229413986206], "k_pid_att": [97.8123779296875, 9.999999747378752e-05, 0.06786954402923584], "k_pid_yaw": [0.5, 1e-06, 0.1], "k_pid_hsp": [0.3354418873786926, 0.0031040310859680176, 0.020291656255722046], "k_pid_vsp": [19.298994064331055, 385.3142395019531, 400.0]}, "datetime": {"datetime": "2025-08-20 19:35:22", "elapsed": 27777.42603826523, "delta": 22.651400089263916}, "costs": {"total_cost": 1516.946315379885, "time_cost": 150, "final_distance_cost": 35.10031920882835, "oscillation_cost": 81.79441868463307, "completition_cost": 1000.0, "overshoot_cost": 144.0311559964426, "power_cost": 26.332147753906252, "noise_cost": 79.688273736075, "n_waypoints_completed": 0, "tot_waypoints": 9}}
{"target": -1411.075204876304, "params": {"k_pid_pos": [9.999999747378752e-05, 0.9208705425262451, 0.0], "k_pid_alt": [1.9668618440628052, 0.9886307716369629, 0.0], "k_pid_att": [94.9909896850586, 9.999999747378752e-05, 0.0], "k_pid_yaw": [0.5, 1e-06, 0.1], "k_pid_hsp": [9.999999747378752e-05, 0.055181264877319336, 0.0], "k_pid_vsp": [7.119786739349365, 400.0, 371.3855285644531]}, "datetime": {"datetime": "2025-08-20 19:35:46", "elapsed": 27801.347489356995, "delta": 23.921451091766357}, "costs": {"total_cost": 1411.075204876304, "time_cost": 150, "final_distance_cost": 25.227019553689935, "oscillation_cost": 37.83661998028164, "completition_cost": 1000.0, "overshoot_cost": 149.99530558858385, "power_cost": 9.212336462402344, "noise_cost": 38.803923291346216, "n_waypoints_completed": 0, "tot_waypoints": 9}}
{"target": -1916.827040707536, "params": {"k_pid_pos": [0.053674209862947464, 1.0, 0.0], "k_pid_alt": [2.0, 1.0, 0.0246751606464386], "k_pid_att": [100.0, 9.999999747378752e-05, 0.05846649408340454], "k_pid_yaw": [0.5, 1e-06, 0.1], "k_pid_hsp": [9.999999747378752e-05, 0.0, 0.007673203945159912], "k_pid_vsp": [8.489704132080078, 400.0, 400.0]}, "datetime": {"datetime": "2025-08-20 19:36:10", "elapsed": 27825.15686893463, "delta": 23.80937957763672}, "costs": {"total_cost": 1916.827040707536, "time_cost": 150, "final_distance_cost": 332.74076124443553, "oscillation_cost": 33.14984246024192, "completition_cost": 1000.0, "overshoot_cost": 377.16404603444636, "power_cost": 11.233802062988282, "noise_cost": 12.538588905423872, "n_waypoints_completed": 0, "tot_waypoints": 9}}
{"target": -2900.482990658957, "params": {"k_pid_pos": [9.999999747378752e-05, 0.9800721406936646, 0.0], "k_pid_alt": [2.0, 0.95876145362854, 0.028819948434829712], "k_pid_att": [100.0, 0.500442624092102, 0.09422767162322998], "k_pid_yaw": [0.5, 1e-06, 0.1], "k_pid_hsp": [9.999999747378752e-05, 0.05001521110534668, 0.062149614095687866], "k_pid_vsp": [0.0651240348815918, 374.9542236328125, 383.7069396972656]}, "datetime": {"datetime": "2025-08-20 19:36:32", "elapsed": 27846.703050136566, "delta": 21.546181201934814}, "costs": {"total_cost": 2900.482990658957, "time_cost": 150, "final_distance_cost": 616.0170515615537, "oscillation_cost": 131.42482148585674, "completition_cost": 1000.0, "overshoot_cost": 962.9199543319546, "power_cost": 22.29029110107422, "noise_cost": 17.830872178517907, "n_waypoints_completed": 0, "tot_waypoints": 9}}
{"target": -2087.8685652659474, "params": {"k_pid_pos": [0.04697200283408165, 1.0, 0.01495659351348877], "k_pid_alt": [2.0, 1.0, 0.0], "k_pid_att": [97.2339859008789, 0.41469085216522217, 0.04592412710189819], "k_pid_yaw": [0.5, 1e-06, 0.1], "k_pid_hsp": [9.999999747378752e-05, 0.028012126684188843, 0.025348812341690063], "k_pid_vsp": [41.864967346191406, 400.0, 400.0]}, "datetime": {"datetime": "2025-08-20 19:36:54", "elapsed": 27869.389076948166, "delta": 22.68602681159973}, "costs": {"total_cost": 2087.8685652659474, "time_cost": 150, "final_distance_cost": 358.1476065833993, "oscillation_cost": 107.49305159590612, "completition_cost": 1000.0, "overshoot_cost": 441.0527888316807, "power_cost": 16.11580030517578, "noise_cost": 15.059317949785399, "n_waypoints_completed": 0, "tot_waypoints": 9}}
{"target": -1392.413172452898, "params": {"k_pid_pos": [0.1625942885875702, 1.0, 0.017531871795654297], "k_pid_alt": [2.0, 1.0, 0.05310434103012085], "k_pid_att": [96.57231140136719, 9.999999747378752e-05, 8.475780487060547e-05], "k_pid_yaw": [0.5, 1e-06, 0.1], "k_pid_hsp": [0.0395471528172493, 0.03748658299446106, 0.005678951740264893], "k_pid_vsp": [9.028005599975586, 395.7868957519531, 374.0361328125]}, "datetime": {"datetime": "2025-08-20 19:37:17", "elapsed": 27892.26249408722, "delta": 22.873417139053345}, "costs": {"total_cost": 1392.413172452898, "time_cost": 150, "final_distance_cost": 8.542896802365634, "oscillation_cost": 49.19498229856164, "completition_cost": 1000.0, "overshoot_cost": 143.44149142688087, "power_cost": 7.1269678710937505, "noise_cost": 34.10683405399594, "n_waypoints_completed": 0, "tot_waypoints": 9}}
{"target": -1442.6662684263622, "params": {"k_pid_pos": [9.999999747378752e-05, 0.9768701791763306, 0.0], "k_pid_alt": [1.975449800491333, 1.0, 0.0], "k_pid_att": [98.71330261230469, 1.1243575811386108, 0.0], "k_pid_yaw": [0.5, 1e-06, 0.1], "k_pid_hsp": [9.999999747378752e-05, 0.056945472955703735, 0.0], "k_pid_vsp": [0.0, 395.2308044433594, 400.0]}, "datetime": {"datetime": "2025-08-20 19:37:40", "elapsed": 27914.704826831818, "delta": 22.44233274459839}, "costs": {"total_cost": 1442.6662684263622, "time_cost": 150, "final_distance_cost": 31.065699012630386, "oscillation_cost": 37.57298079661496, "completition_cost": 1000.0, "overshoot_cost": 149.83289601138196, "power_cost": 16.85345036621094, "noise_cost": 57.34124223952409, "n_waypoints_completed": 0, "tot_waypoints": 9}}
{"target": -3494.897746252506, "params": {"k_pid_pos": [9.999999747378752e-05, 0.9793567657470703, 0.0], "k_pid_alt": [1.9502445459365845, 1.0, 0.028535574674606323], "k_pid_att": [95.20062255859375, 9.999999747378752e-05, 0.036442071199417114], "k_pid_yaw": [0.5, 1e-06, 0.1], "k_pid_hsp": [9.999999747378752e-05, 0.03065553307533264, 0.03372707962989807], "k_pid_vsp": [14.7486572265625, 364.04583740234375, 391.943359375]}, "datetime": {"datetime": "2025-08-20 19:38:03", "elapsed": 27937.724600315094, "delta": 23.019773483276367}, "costs": {"total_cost": 3494.897746252506, "time_cost": 150, "final_distance_cost": 863.2906004382124, "oscillation_cost": 84.82876150718829, "completition_cost": 1000.0, "overshoot_cost": 1364.1874911491955, "power_cost": 17.64700573730469, "noise_cost": 14.94388742060497, "n_waypoints_completed": 0, "tot_waypoints": 9}}
{"target": -1498.1285950158879, "params": {"k_pid_pos": [0.04402022808790207, 0.9954502582550049, 0.0], "k_pid_alt": [2.0, 0.8948918581008911, 0.0679628849029541], "k_pid_att": [92.05162811279297, 9.999999747378752e-05, 0.030408769845962524], "k_pid_yaw": [0.5, 1e-06, 0.1], "k_pid_hsp": [0.25273382663726807, 0.0, 0.0], "k_pid_vsp": [0.0, 400.0, 400.0]}, "datetime": {"datetime": "2025-08-20 19:38:25", "elapsed": 27959.8308262825, "delta": 22.106225967407227}, "costs": {"total_cost": 1498.1285950158879, "time_cost": 150, "final_distance_cost": 12.083181356170474, "oscillation_cost": 55.69501638103829, "completition_cost": 1000.0, "overshoot_cost": 140.05137646583222, "power_cost": 36.08874180908203, "noise_cost": 104.21027900376501, "n_waypoints_completed": 0, "tot_waypoints": 9}}
{"target": -1421.8409018718555, "params": {"k_pid_pos": [9.999999747378752e-05, 1.0, 0.0], "k_pid_alt": [1.8936408758163452, 1.0, 0.0], "k_pid_att": [100.0, 9.999999747378752e-05, 0.0], "k_pid_yaw": [0.5, 1e-06, 0.1], "k_pid_hsp": [9.999999747378752e-05, 0.027122676372528076, 0.0], "k_pid_vsp": [0.0, 364.2640686035156, 400.0]}, "datetime": {"datetime": "2025-08-20 19:38:47", "elapsed": 27982.344628334045, "delta": 22.51380205154419}, "costs": {"total_cost": 1421.8409018718555, "time_cost": 150, "final_distance_cost": 86.93547993496568, "oscillation_cost": 31.411611265363383, "completition_cost": 1000.0, "overshoot_cost": 115.97374500975826, "power_cost": 18.477234045410157, "noise_cost": 19.04283161635826, "n_waypoints_completed": 0, "tot_waypoints": 9}}
{"target": -2758.708747712581, "params": {"k_pid_pos": [0.04772733524441719, 1.0, 0.0], "k_pid_alt": [1.9079397916793823, 0.9754529595375061, 0.0], "k_pid_att": [100.0, 0.30313441157341003, 0.0], "k_pid_yaw": [0.5, 1e-06, 0.1], "k_pid_hsp": [9.999999747378752e-05, 0.0, 0.10437285900115967], "k_pid_vsp": [0.0, 400.0, 371.46783447265625]}, "datetime": {"datetime": "2025-08-20 19:39:10", "elapsed": 28005.114850759506, "delta": 22.770222425460815}, "costs": {"total_cost": 2758.708747712581, "time_cost": 150, "final_distance_cost": 464.62851987796165, "oscillation_cost": 355.77808865082653, "completition_cost": 1000.0, "overshoot_cost": 748.9077402922511, "power_cost": 21.818368420410156, "noise_cost": 17.576030471131673, "n_waypoints_completed": 0, "tot_waypoints": 9}}
{"target": -1507.4061365238078, "params": {"k_pid_pos": [9.999999747378752e-05, 0.9598032236099243, 0.04979225993156433], "k_pid_alt": [1.949563980102539, 1.0, 0.0], "k_pid_att": [100.0, 9.999999747378752e-05, 0.0], "k_pid_yaw": [0.5, 1e-06, 0.1], "k_pid_hsp": [0.568434476852417, 0.05970048904418945, 0.0], "k_pid_vsp": [0.0, 381.9942321777344, 380.7599182128906]}, "datetime": {"datetime": "2025-08-20 19:39:33", "elapsed": 28027.62086558342, "delta": 22.506014823913574}, "costs": {"total_cost": 1507.4061365238078, "time_cost": 150, "final_distance_cost": 13.571772113681167, "oscillation_cost": 60.8251982388484, "completition_cost": 1000.0, "overshoot_cost": 139.61766961036017, "power_cost": 36.94854052734375, "noise_cost": 106.44295603357438, "n_waypoints_completed": 0, "tot_waypoints": 9}}
{"target": -1737.7390425371982, "params": {"k_pid_pos": [9.999999747378752e-05, 1.0, 0.07972690463066101], "k_pid_alt": [2.0, 1.0, 0.06422847509384155], "k_pid_att": [97.45905303955078, 0.11919812858104706, 0.0], "k_pid_yaw": [0.5, 1e-06, 0.1], "k_pid_hsp": [9.999999747378752e-05, 0.017834872007369995, 0.0018226802349090576], "k_pid_vsp": [0.0, 400.0, 400.0]}, "datetime": {"datetime": "2025-08-20 19:39:55", "elapsed": 28050.19619679451, "delta": 22.575331211090088}, "costs": {"total_cost": 1737.7390425371982, "time_cost": 150, "final_distance_cost": 236.56322394030218, "oscillation_cost": 26.83724216164113, "completition_cost": 1000.0, "overshoot_cost": 259.21140779185856, "power_cost": 37.902865393066406, "noise_cost": 27.224303250329932, "n_waypoints_completed": 0, "tot_waypoints": 9}}
{"target": -1930.0951093203332, "params": {"k_pid_pos": [0.1469384729862213, 0.9559003710746765, 0.0042160749435424805], "k_pid_alt": [1.9903287887573242, 1.0, 0.0], "k_pid_att": [97.13583374023438, 9.999999747378752e-05, 0.0], "k_pid_yaw": [0.5, 1e-06, 0.1], "k_pid_hsp": [9.999999747378752e-05, 0.00610002875328064, 0.0], "k_pid_vsp": [0.0, 365.2662353515625, 395.2957763671875]}, "datetime": {"datetime": "2025-08-20 19:40:17", "elapsed": 28072.453790426254, "delta": 22.257593631744385}, "costs": {"total_cost": 1930.0951093203332, "time_cost": 150, "final_distance_cost": 335.12832059667596, "oscillation_cost": 30.67468230543532, "completition_cost": 1000.0, "overshoot_cost": 390.2548685140526, "power_cost": 11.373332958984376, "noise_cost": 12.663904945185061, "n_waypoints_completed": 0, "tot_waypoints": 9}}
{"target": -1513.1300053787772, "params": {"k_pid_pos": [0.05950700491666794, 1.0, 0.03302827477455139], "k_pid_alt": [1.8659217357635498, 1.0, 0.02044510841369629], "k_pid_att": [90.09288787841797, 0.19436001777648926, 0.02073684334754944], "k_pid_yaw": [0.5, 1e-06, 0.1], "k_pid_hsp": [0.6333245038986206, 0.054653555154800415, 0.0], "k_pid_vsp": [0.5447864532470703, 400.0, 393.92291259765625]}, "datetime": {"datetime": "2025-08-20 19:40:39", "elapsed": 28093.824120998383, "delta": 21.370330572128296}, "costs": {"total_cost": 1513.1300053787772, "time_cost": 150, "final_distance_cost": 13.499289891838925, "oscillation_cost": 63.65854790904579, "completition_cost": 1000.0, "overshoot_cost": 139.26925886293344, "power_cost": 37.96763492431641, "noise_cost": 108.73527379064292, "n_waypoints_completed": 0, "tot_waypoints": 9}}
{"target": -2426.476347516839, "params": {"k_pid_pos": [0.08138284087181091, 1.0, 0.04816526174545288], "k_pid_alt": [1.9120479822158813, 0.9140147566795349, 0.0], "k_pid_att": [91.90023803710938, 0.7233450412750244, 0.05532759428024292], "k_pid_yaw": [0.5, 1e-06, 0.1], "k_pid_hsp": [9.999999747378752e-05, 0.0, 0.07885289192199707], "k_pid_vsp": [18.46027374267578, 398.64453125, 400.0]}, "datetime": {"datetime": "2025-08-20 19:41:02", "elapsed": 28116.64703965187, "delta": 22.82291865348816}, "costs": {"total_cost": 2426.476347516839, "time_cost": 150, "final_distance_cost": 323.7010243990204, "oscillation_cost": 389.13271408511594, "completition_cost": 1000.0, "overshoot_cost": 525.1857190999377, "power_cost": 21.280226525878906, "noise_cost": 17.17666340688593, "n_waypoints_completed": 0, "tot_waypoints": 9}}
{"target": -1392.7614495281384, "params": {"k_pid_pos": [0.09425555169582367, 0.9855278730392456, 0.023421019315719604], "k_pid_alt": [2.0, 0.9064682722091675, 0.0], "k_pid_att": [99.462646484375, 0.9061387777328491, 0.0069245994091033936], "k_pid_yaw": [0.5, 1e-06, 0.1], "k_pid_hsp": [0.42025160789489746, 0.03615462779998779, 0.0], "k_pid_vsp": [0.0, 374.2099914550781, 400.0]}, "datetime": {"datetime": "2025-08-20 19:41:25", "elapsed": 28140.208649873734, "delta": 23.561610221862793}, "costs": {"total_cost": 1392.7614495281384, "time_cost": 150, "final_distance_cost": 13.32050259152829, "oscillation_cost": 66.44136981499997, "completition_cost": 1000.0, "overshoot_cost": 139.24780671193423, "power_cost": 1.9760080200195314, "noise_cost": 21.775762389656602, "n_waypoints_completed": 0, "tot_waypoints": 9}}
