{"target": -1404.75712925227, "params": {"k_pid_pos": [9.999999747378752e-05, 0.9223308563232422, 0.0], "k_pid_alt": [1.88783597946167, 1.0, 0.004308193922042847], "k_pid_att": [100.0, 9.999999747378752e-05, 0.0], "k_pid_yaw": [0.5, 1e-06, 0.1], "k_pid_hsp": [0.6376469731330872, 0.0, 0.0], "k_pid_vsp": [0.0, 394.1925964355469, 385.11993408203125]}, "datetime": {"datetime": "2025-08-20 21:15:33", "elapsed": 33787.904775857925, "delta": 21.426531314849854}, "costs": {"total_cost": 1404.75712925227, "time_cost": 150, "final_distance_cost": 13.220877988950324, "oscillation_cost": 68.0433820879698, "completition_cost": 1000.0, "overshoot_cost": 139.48889972986723, "power_cost": 4.938251708984375, "noise_cost": 29.065717736498307, "n_waypoints_completed": 0, "tot_waypoints": 9}}
{"target": -1789.9654797582161, "params": {"k_pid_pos": [0.10995582491159439, 1.0, 0.0], "k_pid_alt": [1.9775285720825195, 1.0, 0.0], "k_pid_att": [100.0, 9.999999747378752e-05, 0.0753014087677002], "k_pid_yaw": [0.5, 1e-06, 0.1], "k_pid_hsp": [9.999999747378752e-05, 0.01297682523727417, 0.009373068809509277], "k_pid_vsp": [22.419321060180664, 378.79632568359375, 400.0]}, "datetime": {"datetime": "2025-08-20 21:15:57", "elapsed": 33812.18223571777, "delta": 24.277459859848022}, "costs": {"total_cost": 1789.9654797582161, "time_cost": 150, "final_distance_cost": 275.9830214597261, "oscillation_cost": 32.97764039225379, "completition_cost": 1000.0, "overshoot_cost": 306.1956398597543, "power_cost": 11.889643103027344, "noise_cost": 12.919534943454575, "n_waypoints_completed": 0, "tot_waypoints": 9}}
{"target": -1471.8082065414908, "params": {"k_pid_pos": [0.11105469614267349, 0.9523215889930725, 0.0], "k_pid_alt": [2.0, 1.0, 0.09797576069831848], "k_pid_att": [100.0, 9.999999747378752e-05, 0.0], "k_pid_yaw": [0.5, 1e-06, 0.1], "k_pid_hsp": [0.2499244064092636, 0.023514747619628906, 0.019645988941192627], "k_pid_vsp": [0.0, 400.0, 400.0]}, "datetime": {"datetime": "2025-08-20 21:16:21", "elapsed": 33836.08061623573, "delta": 23.898380517959595}, "costs": {"total_cost": 1471.8082065414908, "time_cost": 150, "final_distance_cost": 10.698218724145203, "oscillation_cost": 76.87110149756262, "completition_cost": 1000.0, "overshoot_cost": 140.17562852524128, "power_cost": 22.602430273437502, "noise_cost": 71.46082752110414, "n_waypoints_completed": 0, "tot_waypoints": 9}}
{"target": -1514.3478898414194, "params": {"k_pid_pos": [0.007764237467199564, 0.96165931224823, 0.06098714470863342], "k_pid_alt": [1.9469256401062012, 1.0, 0.010714918375015259], "k_pid_att": [100.0, 9.999999747378752e-05, 0.0], "k_pid_yaw": [0.5, 1e-06, 0.1], "k_pid_hsp": [0.6359419822692871, 0.0740734338760376, 0.06086468696594238], "k_pid_vsp": [17.920684814453125, 386.18212890625, 400.0]}, "datetime": {"datetime": "2025-08-20 21:16:43", "elapsed": 33858.15299463272, "delta": 22.072378396987915}, "costs": {"total_cost": 1514.3478898414194, "time_cost": 150, "final_distance_cost": 15.431740603349493, "oscillation_cost": 131.17085393319553, "completition_cost": 1000.0, "overshoot_cost": 136.34453270787407, "power_cost": 25.821431445312502, "noise_cost": 55.57933115168764, "n_waypoints_completed": 0, "tot_waypoints": 9}}
{"target": -1390.8957083787254, "params": {"k_pid_pos": [0.014856478199362755, 1.0, 0.1135985255241394], "k_pid_alt": [1.990021824836731, 1.0, 0.010569095611572266], "k_pid_att": [96.41321563720703, 0.1712530255317688, 0.0], "k_pid_yaw": [0.5, 1e-06, 0.1], "k_pid_hsp": [0.5809330940246582, 0.0528893768787384, 0.0], "k_pid_vsp": [16.033565521240234, 400.0, 400.0]}, "datetime": {"datetime": "2025-08-20 21:17:06", "elapsed": 33880.77825689316, "delta": 22.62526226043701}, "costs": {"total_cost": 1390.8957083787254, "time_cost": 150, "final_distance_cost": 10.649692004370971, "oscillation_cost": 67.12529781752974, "completition_cost": 1000.0, "overshoot_cost": 139.2687883883117, "power_cost": 2.0005504760742188, "noise_cost": 21.85137969243846, "n_waypoints_completed": 0, "tot_waypoints": 9}}
{"target": -4341.228674883597, "params": {"k_pid_pos": [0.10519645363092422, 0.9823633432388306, 0.0022472739219665527], "k_pid_alt": [1.9811716079711914, 1.0, 0.0], "k_pid_att": [93.1379165649414, 9.999999747378752e-05, 0.0119570791721344], "k_pid_yaw": [0.5, 1e-06, 0.1], "k_pid_hsp": [9.999999747378752e-05, 0.02263548970222473, 0.03546595573425293], "k_pid_vsp": [0.0, 400.0, 400.0]}, "datetime": {"datetime": "2025-08-20 21:17:30", "elapsed": 33904.91041350365, "delta": 24.13215661048889}, "costs": {"total_cost": 4341.228674883597, "time_cost": 150, "final_distance_cost": 1193.7545366630627, "oscillation_cost": 70.48223495702067, "completition_cost": 1000.0, "overshoot_cost": 1886.811571963468, "power_cost": 22.577317980957034, "noise_cost": 17.603013319089037, "n_waypoints_completed": 0, "tot_waypoints": 9}}
{"target": -1562.7033266637197, "params": {"k_pid_pos": [9.999999747378752e-05, 1.0, 0.0], "k_pid_alt": [2.0, 0.9412497282028198, 0.0], "k_pid_att": [95.36148071289062, 0.1188342422246933, 0.0], "k_pid_yaw": [0.5, 1e-06, 0.1], "k_pid_hsp": [9.999999747378752e-05, 0.07031545042991638, 0.03890511393547058], "k_pid_vsp": [0.0, 400.0, 351.4135437011719]}, "datetime": {"datetime": "2025-08-20 21:17:53", "elapsed": 33928.022091150284, "delta": 23.111677646636963}, "costs": {"total_cost": 1562.7033266637197, "time_cost": 150, "final_distance_cost": 114.9117829584764, "oscillation_cost": 87.65929550202469, "completition_cost": 1000.0, "overshoot_cost": 169.00567976108766, "power_cost": 22.745799853515628, "noise_cost": 18.380768588615194, "n_waypoints_completed": 0, "tot_waypoints": 9}}
{"target": -1398.5100388069927, "params": {"k_pid_pos": [9.999999747378752e-05, 1.0, 0.0], "k_pid_alt": [2.0, 0.9817988872528076, 0.08451458811759949], "k_pid_att": [99.80481719970703, 9.999999747378752e-05, 0.0], "k_pid_yaw": [0.5, 1e-06, 0.1], "k_pid_hsp": [0.2644856572151184, 0.03018134832382202, 0.0], "k_pid_vsp": [0.0, 390.7637939453125, 350.3368225097656]}, "datetime": {"datetime": "2025-08-20 21:18:15", "elapsed": 33949.673931121826, "delta": 21.65183997154236}, "costs": {"total_cost": 1398.5100388069927, "time_cost": 150, "final_distance_cost": 15.95725896945084, "oscillation_cost": 61.057121490428216, "completition_cost": 1000.0, "overshoot_cost": 140.54351433497456, "power_cost": 4.078355786132812, "noise_cost": 26.873788226006386, "n_waypoints_completed": 0, "tot_waypoints": 9}}
{"target": -1484.328996895886, "params": {"k_pid_pos": [9.999999747378752e-05, 1.0, 0.0], "k_pid_alt": [2.0, 0.9677272439002991, 0.01473650336265564], "k_pid_att": [95.1771240234375, 0.3490128517150879, 0.0], "k_pid_yaw": [0.5, 1e-06, 0.1], "k_pid_hsp": [0.43096184730529785, 0.0, 0.03975728154182434], "k_pid_vsp": [22.10797119140625, 400.0, 400.0]}, "datetime": {"datetime": "2025-08-20 21:18:40", "elapsed": 33974.7919049263, "delta": 25.117973804473877}, "costs": {"total_cost": 1484.328996895886, "time_cost": 150, "final_distance_cost": 19.161052078762893, "oscillation_cost": 99.87319607132326, "completition_cost": 1000.0, "overshoot_cost": 135.63379105602885, "power_cost": 25.497075939941407, "noise_cost": 54.16388174982953, "n_waypoints_completed": 0, "tot_waypoints": 9}}
{"target": -1972.0790315451256, "params": {"k_pid_pos": [0.07386433333158493, 0.922124981880188, 0.0], "k_pid_alt": [1.9943463802337646, 1.0, 0.0], "k_pid_att": [100.0, 0.10698376595973969, 0.0005884766578674316], "k_pid_yaw": [0.5, 1e-06, 0.1], "k_pid_hsp": [9.999999747378752e-05, 0.0, 0.0], "k_pid_vsp": [0.0, 400.0, 400.0]}, "datetime": {"datetime": "2025-08-20 21:19:03", "elapsed": 33997.79068660736, "delta": 22.99878168106079}, "costs": {"total_cost": 1972.0790315451256, "time_cost": 150, "final_distance_cost": 341.9553132526304, "oscillation_cost": 25.214688259295418, "completition_cost": 1000.0, "overshoot_cost": 388.9074642344499, "power_cost": 37.850767602539065, "noise_cost": 28.150798196210975, "n_waypoints_completed": 0, "tot_waypoints": 9}}
{"target": -1410.9710986672505, "params": {"k_pid_pos": [0.21153129637241364, 1.0, 0.05195564031600952], "k_pid_alt": [1.9106788635253906, 1.0, 0.04369056224822998], "k_pid_att": [98.3507080078125, 0.19580452144145966, 0.0], "k_pid_yaw": [0.5, 1e-06, 0.1], "k_pid_hsp": [0.32834485173225403, 0.0, 0.0], "k_pid_vsp": [0.0, 382.2786865234375, 400.0]}, "datetime": {"datetime": "2025-08-20 21:19:26", "elapsed": 34020.76637721062, "delta": 22.975690603256226}, "costs": {"total_cost": 1410.9710986672505, "time_cost": 150, "final_distance_cost": 12.020330040992068, "oscillation_cost": 63.677936744137725, "completition_cost": 1000.0, "overshoot_cost": 139.01502914991582, "power_cost": 8.574084631347656, "noise_cost": 37.683718100857206, "n_waypoints_completed": 0, "tot_waypoints": 9}}
{"target": -1866.7147386659342, "params": {"k_pid_pos": [0.22375839948654175, 1.0, 0.0033129453659057617], "k_pid_alt": [2.0, 1.0, 0.006954461336135864], "k_pid_att": [96.43045806884766, 0.08177006244659424, 0.0], "k_pid_yaw": [0.5, 1e-06, 0.1], "k_pid_hsp": [9.999999747378752e-05, 0.010310888290405273, 0.0], "k_pid_vsp": [0.0, 400.0, 400.0]}, "datetime": {"datetime": "2025-08-20 21:19:48", "elapsed": 34042.52381372452, "delta": 21.757436513900757}, "costs": {"total_cost": 1866.7147386659342, "time_cost": 150, "final_distance_cost": 307.6269718961501, "oscillation_cost": 30.43701888369547, "completition_cost": 1000.0, "overshoot_cost": 353.9976576271936, "power_cost": 11.722280395507813, "noise_cost": 12.93080986338711, "n_waypoints_completed": 0, "tot_waypoints": 9}}
{"target": -1474.0840120993198, "params": {"k_pid_pos": [0.01013155560940504, 1.0, 0.05656546354293823], "k_pid_alt": [1.9646495580673218, 0.9232054948806763, 0.0], "k_pid_att": [100.0, 0.8827871084213257, 0.0], "k_pid_yaw": [0.5, 1e-06, 0.1], "k_pid_hsp": [9.999999747378752e-05, 0.16262897849082947, 0.0], "k_pid_vsp": [0.0, 400.0, 400.0]}, "datetime": {"datetime": "2025-08-20 21:20:13", "elapsed": 34068.00375676155, "delta": 25.47994303703308}, "costs": {"total_cost": 1474.0840120993198, "time_cost": 150, "final_distance_cost": 20.085112398103444, "oscillation_cost": 58.764158911513015, "completition_cost": 1000.0, "overshoot_cost": 144.5503377245917, "power_cost": 24.440453649902345, "noise_cost": 76.24394941520946, "n_waypoints_completed": 0, "tot_waypoints": 9}}
{"target": -1462.0097728414144, "params": {"k_pid_pos": [9.999999747378752e-05, 1.0, 0.07755538821220398], "k_pid_alt": [2.0, 0.9352504014968872, 0.018606722354888916], "k_pid_att": [100.0, 0.027824226766824722, 0.08658444881439209], "k_pid_yaw": [0.5, 1e-06, 0.1], "k_pid_hsp": [0.3129369020462036, 0.0, 0.034101128578186035], "k_pid_vsp": [0.0, 395.3824157714844, 400.0]}, "datetime": {"datetime": "2025-08-20 21:20:36", "elapsed": 34090.71872997284, "delta": 22.714973211288452}, "costs": {"total_cost": 1462.0097728414144, "time_cost": 150, "final_distance_cost": 4.24943043922917, "oscillation_cost": 87.84373961316936, "completition_cost": 1000.0, "overshoot_cost": 137.32035853199883, "power_cost": 22.572963891601564, "noise_cost": 60.02328036541532, "n_waypoints_completed": 0, "tot_waypoints": 9}}
{"target": -1413.5771929476937, "params": {"k_pid_pos": [0.07442518323659897, 0.9635912179946899, 0.03711658716201782], "k_pid_alt": [1.940669298171997, 0.9212173223495483, 0.01544460654258728], "k_pid_att": [100.0, 9.999999747378752e-05, 0.04275619983673096], "k_pid_yaw": [0.5, 1e-06, 0.1], "k_pid_hsp": [0.06016717478632927, 0.12502872943878174, 0.0], "k_pid_vsp": [8.4975004196167, 382.54248046875, 394.5324401855469]}, "datetime": {"datetime": "2025-08-20 21:20:58", "elapsed": 34112.580286979675, "delta": 21.861557006835938}, "costs": {"total_cost": 1413.5771929476937, "time_cost": 150, "final_distance_cost": 10.105880234562976, "oscillation_cost": 58.22469362761455, "completition_cost": 1000.0, "overshoot_cost": 142.86812924618363, "power_cost": 10.341573266601563, "noise_cost": 42.036916572731, "n_waypoints_completed": 0, "tot_waypoints": 9}}
{"target": -1467.5258926003032, "params": {"k_pid_pos": [0.04274838790297508, 0.9984622597694397, 0.014925211668014526], "k_pid_alt": [2.0, 0.9967182874679565, 0.017459779977798462], "k_pid_att": [100.0, 0.5933513045310974, 0.0], "k_pid_yaw": [0.5, 1e-06, 0.1], "k_pid_hsp": [0.28090986609458923, 0.013659358024597168, 0.04200991988182068], "k_pid_vsp": [0.0, 371.4541320800781, 394.07354736328125]}, "datetime": {"datetime": "2025-08-20 21:21:22", "elapsed": 34137.176356077194, "delta": 24.59606909751892}, "costs": {"total_cost": 1467.5258926003032, "time_cost": 150, "final_distance_cost": 16.18480885810198, "oscillation_cost": 99.65162806435907, "completition_cost": 1000.0, "overshoot_cost": 130.45923835096914, "power_cost": 27.875909521484378, "noise_cost": 43.35430780538875, "n_waypoints_completed": 0, "tot_waypoints": 9}}
{"target": -1491.153471254519, "params": {"k_pid_pos": [0.08840296417474747, 0.930065393447876, 0.015475541353225708], "k_pid_alt": [1.97279953956604, 1.0, 0.04468739032745361], "k_pid_att": [100.0, 0.6152981519699097, 0.09105512499809265], "k_pid_yaw": [0.5, 1e-06, 0.1], "k_pid_hsp": [0.5259889364242554, 0.005126297473907471, 0.0], "k_pid_vsp": [0.0, 400.0, 386.16595458984375]}, "datetime": {"datetime": "2025-08-20 21:21:45", "elapsed": 34160.30629491806, "delta": 23.12993884086609}, "costs": {"total_cost": 1491.153471254519, "time_cost": 150, "final_distance_cost": 11.521540292877107, "oscillation_cost": 63.36947117389785, "completition_cost": 1000.0, "overshoot_cost": 139.0427721910897, "power_cost": 32.256734228515626, "noise_cost": 94.96295336813898, "n_waypoints_completed": 0, "tot_waypoints": 9}}
{"target": -1489.7334459499016, "params": {"k_pid_pos": [0.07509683817625046, 0.9603580832481384, 0.0], "k_pid_alt": [1.9750874042510986, 0.9503302574157715, 0.0], "k_pid_att": [97.17681884765625, 9.999999747378752e-05, 0.0], "k_pid_yaw": [0.5, 1e-06, 0.1], "k_pid_hsp": [0.8269267678260803, 0.0, 0.011034011840820312], "k_pid_vsp": [0.0, 400.0, 378.4674987792969]}, "datetime": {"datetime": "2025-08-20 21:22:08", "elapsed": 34182.58804154396, "delta": 22.28174662590027}, "costs": {"total_cost": 1489.7334459499016, "time_cost": 150, "final_distance_cost": 13.996052458732677, "oscillation_cost": 81.74075397686516, "completition_cost": 1000.0, "overshoot_cost": 141.26665732247798, "power_cost": 25.043351586914063, "noise_cost": 77.68663060491161, "n_waypoints_completed": 0, "tot_waypoints": 9}}
{"target": -3027.4894575767053, "params": {"k_pid_pos": [9.999999747378752e-05, 1.0, 0.048118531703948975], "k_pid_alt": [1.9651575088500977, 1.0, 0.06948861479759216], "k_pid_att": [100.0, 9.999999747378752e-05, 0.05804750323295593], "k_pid_yaw": [0.5, 1e-06, 0.1], "k_pid_hsp": [9.999999747378752e-05, 0.012641221284866333, 0.04930603504180908], "k_pid_vsp": [23.330032348632812, 400.0, 389.9671630859375]}, "datetime": {"datetime": "2025-08-20 21:22:31", "elapsed": 34206.01472520828, "delta": 23.4266836643219}, "costs": {"total_cost": 3027.4894575767053, "time_cost": 150, "final_distance_cost": 654.0265267376204, "oscillation_cost": 165.21890296471784, "completition_cost": 1000.0, "overshoot_cost": 1019.421933206941, "power_cost": 21.368552001953127, "noise_cost": 17.453542665472764, "n_waypoints_completed": 0, "tot_waypoints": 9}}
{"target": -1500.7857470510635, "params": {"k_pid_pos": [0.11865510046482086, 0.9830936193466187, 0.0533595085144043], "k_pid_alt": [1.9617875814437866, 1.0, 0.0], "k_pid_att": [100.0, 9.999999747378752e-05, 0.0], "k_pid_yaw": [0.5, 1e-06, 0.1], "k_pid_hsp": [0.5708737373352051, 0.024078965187072754, 0.08080923557281494], "k_pid_vsp": [0.0, 399.3917541503906, 389.3215637207031]}, "datetime": {"datetime": "2025-08-20 21:22:54", "elapsed": 34229.13440036774, "delta": 23.119675159454346}, "costs": {"total_cost": 1500.7857470510635, "time_cost": 150, "final_distance_cost": 6.932510619861395, "oscillation_cost": 147.71109110627256, "completition_cost": 1000.0, "overshoot_cost": 134.64592585511025, "power_cost": 20.27838356933594, "noise_cost": 41.21783590048316, "n_waypoints_completed": 0, "tot_waypoints": 9}}
{"target": -1500.4200485692, "params": {"k_pid_pos": [9.999999747378752e-05, 0.9879092574119568, 0.0], "k_pid_alt": [2.0, 1.0, 0.0], "k_pid_att": [100.0, 9.999999747378752e-05, 0.06737884879112244], "k_pid_yaw": [0.5, 1e-06, 0.1], "k_pid_hsp": [0.3009055256843567, 0.09924313426017761, 0.0], "k_pid_vsp": [0.0, 396.5528869628906, 400.0]}, "datetime": {"datetime": "2025-08-20 21:23:18", "elapsed": 34252.58893203735, "delta": 23.4545316696167}, "costs": {"total_cost": 1500.4200485692, "time_cost": 150, "final_distance_cost": 16.516541665499258, "oscillation_cost": 56.38637201321438, "completition_cost": 1000.0, "overshoot_cost": 141.5791733536267, "power_cost": 34.77870196533203, "noise_cost": 101.15925957152751, "n_waypoints_completed": 0, "tot_waypoints": 9}}
{"target": -2060.0483792317523, "params": {"k_pid_pos": [9.999999747378752e-05, 1.0, 0.019706636667251587], "k_pid_alt": [2.0, 0.9493372440338135, 0.06064733862876892], "k_pid_att": [99.73371124267578, 9.999999747378752e-05, 0.0151156485080719], "k_pid_yaw": [0.5, 1e-06, 0.1], "k_pid_hsp": [9.999999747378752e-05, 0.0, 0.016980528831481934], "k_pid_vsp": [7.626020908355713, 400.0, 400.0]}, "datetime": {"datetime": "2025-08-20 21:23:39", "elapsed": 34274.03531861305, "delta": 21.446386575698853}, "costs": {"total_cost": 2060.0483792317523, "time_cost": 150, "final_distance_cost": 391.0105192164648, "oscillation_cost": 29.60953449186928, "completition_cost": 1000.0, "overshoot_cost": 466.86176252519004, "power_cost": 10.749497216796875, "noise_cost": 11.817065781431252, "n_waypoints_completed": 0, "tot_waypoints": 9}}
{"target": -1926.1721627073296, "params": {"k_pid_pos": [0.011034700088202953, 0.9750720262527466, 0.0], "k_pid_alt": [1.9946262836456299, 0.9768190383911133, 0.012386858463287354], "k_pid_att": [100.0, 9.999999747378752e-05, 0.018015056848526], "k_pid_yaw": [0.5, 1e-06, 0.1], "k_pid_hsp": [9.999999747378752e-05, 0.0, 0.0], "k_pid_vsp": [0.0, 389.6182556152344, 396.43646240234375]}, "datetime": {"datetime": "2025-08-20 21:24:02", "elapsed": 34297.31243300438, "delta": 23.277114391326904}, "costs": {"total_cost": 1926.1721627073296, "time_cost": 150, "final_distance_cost": 338.1190372385929, "oscillation_cost": 31.11198651361583, "completition_cost": 1000.0, "overshoot_cost": 381.5856997963942, "power_cost": 11.601525012207032, "noise_cost": 13.7539141465196, "n_waypoints_completed": 0, "tot_waypoints": 9}}
{"target": -1487.218056262565, "params": {"k_pid_pos": [9.999999747378752e-05, 1.0, 0.0009407997131347656], "k_pid_alt": [1.983591079711914, 0.9981828927993774, 0.0], "k_pid_att": [97.6032943725586, 9.999999747378752e-05, 0.04723268747329712], "k_pid_yaw": [0.5, 1e-06, 0.1], "k_pid_hsp": [0.3346235454082489, 0.0, 0.02064874768257141], "k_pid_vsp": [0.0, 400.0, 400.0]}, "datetime": {"datetime": "2025-08-20 21:24:26", "elapsed": 34320.943048000336, "delta": 23.63061499595642}, "costs": {"total_cost": 1487.218056262565, "time_cost": 150, "final_distance_cost": 28.050367257378813, "oscillation_cost": 82.69605399559538, "completition_cost": 1000.0, "overshoot_cost": 143.72444697591772, "power_cost": 19.38759929199219, "noise_cost": 63.35958874168076, "n_waypoints_completed": 0, "tot_waypoints": 9}}
{"target": -1587.5376004849602, "params": {"k_pid_pos": [0.060009270906448364, 0.9078544974327087, 0.0034431517124176025], "k_pid_alt": [1.9013206958770752, 0.9051468968391418, 0.0], "k_pid_att": [92.89104461669922, 0.2599644064903259, 0.0], "k_pid_yaw": [0.5, 1e-06, 0.1], "k_pid_hsp": [9.999999747378752e-05, 0.02037668228149414, 0.0], "k_pid_vsp": [0.0, 400.0, 383.7391357421875]}, "datetime": {"datetime": "2025-08-20 21:24:49", "elapsed": 34344.32044196129, "delta": 23.37739396095276}, "costs": {"total_cost": 1587.5376004849602, "time_cost": 150, "final_distance_cost": 168.14897309448548, "oscillation_cost": 25.91039098582145, "completition_cost": 1000.0, "overshoot_cost": 177.6207444796915, "power_cost": 37.91343967285157, "noise_cost": 27.944052252110094, "n_waypoints_completed": 0, "tot_waypoints": 9}}
{"target": -1958.1297009479472, "params": {"k_pid_pos": [9.999999747378752e-05, 0.8712324500083923, 0.0], "k_pid_alt": [1.9501651525497437, 0.9229050278663635, 0.03441643714904785], "k_pid_att": [97.61556243896484, 9.999999747378752e-05, 0.04497647285461426], "k_pid_yaw": [0.5, 1e-06, 0.1], "k_pid_hsp": [9.999999747378752e-05, 0.0024999678134918213, 0.0], "k_pid_vsp": [29.973459243774414, 389.833984375, 400.0]}, "datetime": {"datetime": "2025-08-20 21:25:11", "elapsed": 34365.80526018143, "delta": 21.48481822013855}, "costs": {"total_cost": 1958.1297009479472, "time_cost": 150, "final_distance_cost": 335.3951083153768, "oscillation_cost": 24.958408806657378, "completition_cost": 1000.0, "overshoot_cost": 382.38894056965046, "power_cost": 37.880501232910156, "noise_cost": 27.50674202335243, "n_waypoints_completed": 0, "tot_waypoints": 9}}
{"target": -1451.950462379725, "params": {"k_pid_pos": [9.999999747378752e-05, 0.928820013999939, 0.0], "k_pid_alt": [1.9407163858413696, 0.9559652805328369, 0.0], "k_pid_att": [100.0, 9.999999747378752e-05, 0.0], "k_pid_yaw": [0.5, 1e-06, 0.1], "k_pid_hsp": [0.11825966089963913, 0.0, 0.0013225376605987549], "k_pid_vsp": [2.974832057952881, 398.9935607910156, 387.8752136230469]}, "datetime": {"datetime": "2025-08-20 21:25:35", "elapsed": 34389.74324679375, "delta": 23.937986612319946}, "costs": {"total_cost": 1451.950462379725, "time_cost": 150, "final_distance_cost": 13.537451180253143, "oscillation_cost": 68.57406489128583, "completition_cost": 1000.0, "overshoot_cost": 141.815749701255, "power_cost": 17.915445703125002, "noise_cost": 60.1077509038059, "n_waypoints_completed": 0, "tot_waypoints": 9}}
