{"target": -1504.7402165708622, "params": {"k_pid_pos": [9.999999747378752e-05, 1.0, 0.0], "k_pid_alt": [1.9081082344055176, 1.0, 0.0], "k_pid_att": [96.19320678710938, 0.11172288656234741, 0.05711296200752258], "k_pid_yaw": [0.5, 1e-06, 0.1], "k_pid_hsp": [0.7032737135887146, 0.06907999515533447, 0.08915215730667114], "k_pid_vsp": [10.65223217010498, 393.3490295410156, 400.0]}, "datetime": {"datetime": "2025-08-20 15:15:32", "elapsed": 12186.77470946312, "delta": 23.952232599258423}, "costs": {"total_cost": 1504.7402165708622, "time_cost": 150, "final_distance_cost": 3.5344956039568736, "oscillation_cost": 140.20544192585095, "completition_cost": 1000.0, "overshoot_cost": 135.33695363967135, "power_cost": 25.857385473632814, "noise_cost": 49.80593992775043, "n_waypoints_completed": 0, "tot_waypoints": 9}}
{"target": -1377.783066274523, "params": {"k_pid_pos": [9.999999747378752e-05, 1.0, 0.07269185781478882], "k_pid_alt": [2.0, 0.9345951676368713, 0.006439030170440674], "k_pid_att": [100.0, 0.6842471957206726, 0.06793433427810669], "k_pid_yaw": [0.5, 1e-06, 0.1], "k_pid_hsp": [0.24693258106708527, 0.0, 0.07968056201934814], "k_pid_vsp": [33.25669860839844, 378.7847595214844, 400.0]}, "datetime": {"datetime": "2025-08-20 15:15:56", "elapsed": 12210.574522733688, "delta": 23.799813270568848}, "costs": {"total_cost": 1377.783066274523, "time_cost": 150, "final_distance_cost": 37.108718223918736, "oscillation_cost": 174.4822992319679, "completition_cost": 888.8888888888888, "overshoot_cost": 86.93892276434522, "power_cost": 22.272470349121093, "noise_cost": 18.091766816281194, "n_waypoints_completed": 1, "tot_waypoints": 9}}
{"target": -1908.31230713562, "params": {"k_pid_pos": [0.004165071528404951, 1.0, 0.0], "k_pid_alt": [1.9236820936203003, 0.9760478734970093, 0.0], "k_pid_att": [93.2126693725586, 0.3416377305984497, 0.0], "k_pid_yaw": [0.5, 1e-06, 0.1], "k_pid_hsp": [9.999999747378752e-05, 0.0, 0.0], "k_pid_vsp": [32.481788635253906, 400.0, 366.31146240234375]}, "datetime": {"datetime": "2025-08-20 15:16:19", "elapsed": 12233.799406766891, "delta": 23.224884033203125}, "costs": {"total_cost": 1908.31230713562, "time_cost": 150, "final_distance_cost": 331.63560225496593, "oscillation_cost": 29.178151358788643, "completition_cost": 1000.0, "overshoot_cost": 371.8403097902982, "power_cost": 11.792928393554687, "noise_cost": 13.865315338012442, "n_waypoints_completed": 0, "tot_waypoints": 9}}
{"target": -1478.3422183675027, "params": {"k_pid_pos": [0.08733716607093811, 0.8931444883346558, 0.0], "k_pid_alt": [1.9752552509307861, 0.96934974193573, 0.053043365478515625], "k_pid_att": [99.802490234375, 9.999999747378752e-05, 0.04554826021194458], "k_pid_yaw": [0.5, 1e-06, 0.1], "k_pid_hsp": [0.3593997359275818, 0.0, 0.0], "k_pid_vsp": [0.0, 392.6399841308594, 376.46893310546875]}, "datetime": {"datetime": "2025-08-20 15:16:41", "elapsed": 12256.376150846481, "delta": 22.576744079589844}, "costs": {"total_cost": 1478.3422183675027, "time_cost": 150, "final_distance_cost": 10.082264830747553, "oscillation_cost": 60.840897272764906, "completition_cost": 1000.0, "overshoot_cost": 139.11325803686924, "power_cost": 29.648032263183595, "noise_cost": 88.65776596393763, "n_waypoints_completed": 0, "tot_waypoints": 9}}
{"target": -1454.6163981240247, "params": {"k_pid_pos": [0.11393250524997711, 0.9919770956039429, 0.0044626593589782715], "k_pid_alt": [1.891666293144226, 0.9861021041870117, 0.0], "k_pid_att": [97.879638671875, 9.999999747378752e-05, 0.0], "k_pid_yaw": [0.5, 1e-06, 0.1], "k_pid_hsp": [0.04807470366358757, 0.10720622539520264, 0.0], "k_pid_vsp": [0.0, 400.0, 374.03533935546875]}, "datetime": {"datetime": "2025-08-20 15:17:05", "elapsed": 12279.790760040283, "delta": 23.41460919380188}, "costs": {"total_cost": 1454.6163981240247, "time_cost": 150, "final_distance_cost": 20.354297112903264, "oscillation_cost": 55.98696087366098, "completition_cost": 1000.0, "overshoot_cost": 143.14159875737684, "power_cost": 19.92931798095703, "noise_cost": 65.20422339912666, "n_waypoints_completed": 0, "tot_waypoints": 9}}
{"target": -3639.249424268207, "params": {"k_pid_pos": [0.1034354567527771, 0.9686646461486816, 0.0], "k_pid_alt": [1.9753689765930176, 0.9646822214126587, 0.0], "k_pid_att": [100.0, 0.08582939952611923, 0.0], "k_pid_yaw": [0.5, 1e-06, 0.1], "k_pid_hsp": [9.999999747378752e-05, 0.0, 0.03055921196937561], "k_pid_vsp": [4.137933254241943, 400.0, 393.79730224609375]}, "datetime": {"datetime": "2025-08-20 15:17:28", "elapsed": 12302.82547044754, "delta": 23.03471040725708}, "costs": {"total_cost": 3639.249424268207, "time_cost": 150, "final_distance_cost": 944.265870060905, "oscillation_cost": 88.41829680372118, "completition_cost": 1000.0, "overshoot_cost": 1436.9791631381481, "power_cost": 9.087280920410157, "noise_cost": 10.498813345022262, "n_waypoints_completed": 0, "tot_waypoints": 9}}
{"target": -1491.485853313448, "params": {"k_pid_pos": [9.999999747378752e-05, 0.952919602394104, 0.07674422860145569], "k_pid_alt": [1.9230589866638184, 0.9533673524856567, 0.0], "k_pid_att": [92.46713256835938, 9.999999747378752e-05, 0.0], "k_pid_yaw": [0.5, 1e-06, 0.1], "k_pid_hsp": [0.6749054789543152, 0.0, 0.010716646909713745], "k_pid_vsp": [15.842819213867188, 375.9361267089844, 390.7279357910156]}, "datetime": {"datetime": "2025-08-20 15:17:50", "elapsed": 12325.309446811676, "delta": 22.483976364135742}, "costs": {"total_cost": 1491.485853313448, "time_cost": 150, "final_distance_cost": 13.409847577737464, "oscillation_cost": 83.77704229739066, "completition_cost": 1000.0, "overshoot_cost": 142.78079248018273, "power_cost": 24.78801181640625, "noise_cost": 76.73015914173094, "n_waypoints_completed": 0, "tot_waypoints": 9}}
{"target": -1504.235776618167, "params": {"k_pid_pos": [9.999999747378752e-05, 0.9531470537185669, 0.0], "k_pid_alt": [2.0, 1.0, 0.0], "k_pid_att": [92.08969116210938, 9.999999747378752e-05, 0.013189136981964111], "k_pid_yaw": [0.5, 1e-06, 0.1], "k_pid_hsp": [0.36179670691490173, 0.0249863862991333, 0.0], "k_pid_vsp": [6.656920909881592, 393.76666259765625, 367.0304870605469]}, "datetime": {"datetime": "2025-08-20 15:18:14", "elapsed": 12348.62765455246, "delta": 23.31820774078369}, "costs": {"total_cost": 1504.235776618167, "time_cost": 150, "final_distance_cost": 14.957755557845985, "oscillation_cost": 59.36549505122968, "completition_cost": 1000.0, "overshoot_cost": 139.90501232975288, "power_cost": 36.003625915527344, "noise_cost": 104.0038877638108, "n_waypoints_completed": 0, "tot_waypoints": 9}}
{"target": -1590.09394256344, "params": {"k_pid_pos": [9.999999747378752e-05, 1.0, 0.0], "k_pid_alt": [1.8077595233917236, 0.9369058012962341, 0.0003739893436431885], "k_pid_att": [100.0, 0.08871155232191086, 0.0268419086933136], "k_pid_yaw": [0.5, 1e-06, 0.1], "k_pid_hsp": [9.999999747378752e-05, 0.02113059163093567, 0.0], "k_pid_vsp": [19.001506805419922, 399.0043029785156, 400.0]}, "datetime": {"datetime": "2025-08-20 15:18:37", "elapsed": 12371.812124729156, "delta": 23.184470176696777}, "costs": {"total_cost": 1590.09394256344, "time_cost": 150, "final_distance_cost": 167.04437126691886, "oscillation_cost": 26.627242046286447, "completition_cost": 1000.0, "overshoot_cost": 179.9996945914728, "power_cost": 37.86285209960938, "noise_cost": 28.559782559152417, "n_waypoints_completed": 0, "tot_waypoints": 9}}
{"target": -2947.1366279726853, "params": {"k_pid_pos": [9.999999747378752e-05, 0.9370002746582031, 0.0], "k_pid_alt": [2.0, 0.9559251070022583, 0.00604894757270813], "k_pid_att": [100.0, 9.999999747378752e-05, 0.06837582588195801], "k_pid_yaw": [0.5, 1e-06, 0.1], "k_pid_hsp": [9.999999747378752e-05, 0.048231542110443115, 0.05065345764160156], "k_pid_vsp": [0.3669857978820801, 400.0, 363.7454528808594]}, "datetime": {"datetime": "2025-08-20 15:19:01", "elapsed": 12395.957858085632, "delta": 24.14573335647583}, "costs": {"total_cost": 2947.1366279726853, "time_cost": 150, "final_distance_cost": 643.8959115856145, "oscillation_cost": 142.2370494761585, "completition_cost": 1000.0, "overshoot_cost": 970.8755576963521, "power_cost": 22.13585457763672, "noise_cost": 17.992254636923334, "n_waypoints_completed": 0, "tot_waypoints": 9}}
{"target": -1482.7686598572225, "params": {"k_pid_pos": [0.10958599299192429, 0.930331289768219, 0.0], "k_pid_alt": [1.818035364151001, 0.9552873969078064, 0.0], "k_pid_att": [97.8395004272461, 9.999999747378752e-05, 0.02373543381690979], "k_pid_yaw": [0.5, 1e-06, 0.1], "k_pid_hsp": [0.2270302027463913, 0.0015673935413360596, 0.0], "k_pid_vsp": [0.0, 400.0, 385.7070007324219]}, "datetime": {"datetime": "2025-08-20 15:19:24", "elapsed": 12419.24362206459, "delta": 23.28576397895813}, "costs": {"total_cost": 1482.7686598572225, "time_cost": 150, "final_distance_cost": 9.366847938160458, "oscillation_cost": 57.1108251214143, "completition_cost": 1000.0, "overshoot_cost": 139.4899073402748, "power_cost": 32.16163145751953, "noise_cost": 94.63944799985342, "n_waypoints_completed": 0, "tot_waypoints": 9}}
{"target": -1936.450191465781, "params": {"k_pid_pos": [9.999999747378752e-05, 0.9866765737533569, 0.0], "k_pid_alt": [2.0, 1.0, 0.0], "k_pid_att": [100.0, 9.999999747378752e-05, 0.0], "k_pid_yaw": [0.5, 1e-06, 0.1], "k_pid_hsp": [9.999999747378752e-05, 0.0, 0.0], "k_pid_vsp": [2.546811103820801, 382.4853820800781, 400.0]}, "datetime": {"datetime": "2025-08-20 15:19:47", "elapsed": 12441.84892630577, "delta": 22.60530424118042}, "costs": {"total_cost": 1936.450191465781, "time_cost": 150, "final_distance_cost": 341.6574920706416, "oscillation_cost": 30.99294103432101, "completition_cost": 1000.0, "overshoot_cost": 388.3038675686623, "power_cost": 11.665600781250001, "noise_cost": 13.830290010905776, "n_waypoints_completed": 0, "tot_waypoints": 9}}
{"target": -1508.7449997694555, "params": {"k_pid_pos": [0.059620488435029984, 0.967607855796814, 0.01594555377960205], "k_pid_alt": [1.9986951351165771, 0.9978252649307251, 0.0], "k_pid_att": [100.0, 0.13593167066574097, 0.0], "k_pid_yaw": [0.5, 1e-06, 0.1], "k_pid_hsp": [0.7646021246910095, 0.05071830749511719, 0.0], "k_pid_vsp": [0.0, 380.830322265625, 400.0]}, "datetime": {"datetime": "2025-08-20 15:20:10", "elapsed": 12465.2334151268, "delta": 23.384488821029663}, "costs": {"total_cost": 1508.7449997694555, "time_cost": 150, "final_distance_cost": 13.387038077259493, "oscillation_cost": 62.57228431269906, "completition_cost": 1000.0, "overshoot_cost": 139.24362124829716, "power_cost": 37.062635644531255, "noise_cost": 106.47942048666873, "n_waypoints_completed": 0, "tot_waypoints": 9}}
{"target": -1934.1174282715538, "params": {"k_pid_pos": [0.031695619225502014, 1.0, 0.06897160410881042], "k_pid_alt": [2.0, 1.0, 0.03068995475769043], "k_pid_att": [100.0, 9.999999747378752e-05, 0.02505585551261902], "k_pid_yaw": [0.5, 1e-06, 0.1], "k_pid_hsp": [9.999999747378752e-05, 0.0, 0.0], "k_pid_vsp": [0.0, 389.45184326171875, 394.94635009765625]}, "datetime": {"datetime": "2025-08-20 15:20:33", "elapsed": 12488.473761320114, "delta": 23.2403461933136}, "costs": {"total_cost": 1934.1174282715538, "time_cost": 150, "final_distance_cost": 340.67280279101715, "oscillation_cost": 31.024667227241917, "completition_cost": 1000.0, "overshoot_cost": 387.0233503705738, "power_cost": 11.668572937011719, "noise_cost": 13.728034945709249, "n_waypoints_completed": 0, "tot_waypoints": 9}}
{"target": -1386.930664541812, "params": {"k_pid_pos": [0.11539560556411743, 0.9807301759719849, 0.02068522572517395], "k_pid_alt": [2.0, 0.9642090797424316, 0.02950415015220642], "k_pid_att": [100.0, 0.14264874160289764, 0.0], "k_pid_yaw": [0.5, 1e-06, 0.1], "k_pid_hsp": [0.13616949319839478, 0.037278711795806885, 0.0], "k_pid_vsp": [31.226539611816406, 400.0, 400.0]}, "datetime": {"datetime": "2025-08-20 15:20:57", "elapsed": 12512.185611486435, "delta": 23.7118501663208}, "costs": {"total_cost": 1386.930664541812, "time_cost": 150, "final_distance_cost": 10.44584119638949, "oscillation_cost": 58.06450560065069, "completition_cost": 1000.0, "overshoot_cost": 140.9308397940771, "power_cost": 3.0265202514648437, "noise_cost": 24.46295769922953, "n_waypoints_completed": 0, "tot_waypoints": 9}}
{"target": -1394.5853057573822, "params": {"k_pid_pos": [0.0219665989279747, 0.9222051501274109, 0.08009892702102661], "k_pid_alt": [1.943359375, 0.8729199767112732, 0.07837778329849243], "k_pid_att": [89.33062744140625, 0.8552753329277039, 0.0], "k_pid_yaw": [0.5, 1e-06, 0.1], "k_pid_hsp": [0.5591558814048767, 0.026794880628585815, 0.0], "k_pid_vsp": [0.0, 400.0, 400.0]}, "datetime": {"datetime": "2025-08-20 15:21:20", "elapsed": 12535.320235729218, "delta": 23.134624242782593}, "costs": {"total_cost": 1394.5853057573822, "time_cost": 150, "final_distance_cost": 6.704378281402349, "oscillation_cost": 64.39283855928181, "completition_cost": 1000.0, "overshoot_cost": 138.94899025750132, "power_cost": 5.275952001953125, "noise_cost": 29.263146657243617, "n_waypoints_completed": 0, "tot_waypoints": 9}}
{"target": -2689.0694473847475, "params": {"k_pid_pos": [9.999999747378752e-05, 0.9032227993011475, 0.0], "k_pid_alt": [1.871100664138794, 0.9555509686470032, 0.03086104989051819], "k_pid_att": [94.11444854736328, 0.7965859174728394, 0.02382427453994751], "k_pid_yaw": [0.5, 1e-06, 0.1], "k_pid_hsp": [9.999999747378752e-05, 0.04985356330871582, 0.06376776099205017], "k_pid_vsp": [16.61583137512207, 378.3127136230469, 388.6994323730469]}, "datetime": {"datetime": "2025-08-20 15:21:44", "elapsed": 12559.006277561188, "delta": 23.686041831970215}, "costs": {"total_cost": 2689.0694473847475, "time_cost": 150, "final_distance_cost": 483.8069464985617, "oscillation_cost": 245.15369108367287, "completition_cost": 1000.0, "overshoot_cost": 770.450532081142, "power_cost": 22.02565771484375, "noise_cost": 17.63262000652744, "n_waypoints_completed": 0, "tot_waypoints": 9}}
{"target": -1441.5629404980643, "params": {"k_pid_pos": [0.05336010828614235, 1.0, 0.07695934176445007], "k_pid_alt": [1.9916167259216309, 0.8887588977813721, 0.0], "k_pid_att": [89.27373504638672, 0.5547034740447998, 0.0], "k_pid_yaw": [0.5, 1e-06, 0.1], "k_pid_hsp": [0.6083766222000122, 0.0, 0.0], "k_pid_vsp": [6.344270706176758, 400.0, 377.029052734375]}, "datetime": {"datetime": "2025-08-20 15:22:07", "elapsed": 12582.289448022842, "delta": 23.283170461654663}, "costs": {"total_cost": 1441.5629404980643, "time_cost": 150, "final_distance_cost": 8.369334084677737, "oscillation_cost": 64.81484117228325, "completition_cost": 1000.0, "overshoot_cost": 139.17742911951396, "power_cost": 18.30201346435547, "noise_cost": 60.89932265723392, "n_waypoints_completed": 0, "tot_waypoints": 9}}
{"target": -1452.4763675328823, "params": {"k_pid_pos": [9.999999747378752e-05, 0.9711506962776184, 0.0], "k_pid_alt": [2.0, 1.0, 0.011795192956924438], "k_pid_att": [100.0, 0.5147386789321899, 0.023653805255889893], "k_pid_yaw": [0.5, 1e-06, 0.1], "k_pid_hsp": [9.999999747378752e-05, 0.06109881401062012, 0.0], "k_pid_vsp": [20.983196258544922, 400.0, 400.0]}, "datetime": {"datetime": "2025-08-20 15:22:32", "elapsed": 12607.407498121262, "delta": 25.11805009841919}, "costs": {"total_cost": 1452.4763675328823, "time_cost": 150, "final_distance_cost": 7.4789859185467025, "oscillation_cost": 37.846163155643126, "completition_cost": 1000.0, "overshoot_cost": 148.85204193350367, "power_cost": 26.839821374511722, "noise_cost": 81.45935515067708, "n_waypoints_completed": 0, "tot_waypoints": 9}}
{"target": -1472.2534562415003, "params": {"k_pid_pos": [9.999999747378752e-05, 1.0, 0.011271774768829346], "k_pid_alt": [1.8827025890350342, 1.0, 0.015477120876312256], "k_pid_att": [98.4313735961914, 9.999999747378752e-05, 0.028418749570846558], "k_pid_yaw": [0.5, 1e-06, 0.1], "k_pid_hsp": [0.42069000005722046, 0.0, 0.009440332651138306], "k_pid_vsp": [0.0, 400.0, 398.9495849609375]}, "datetime": {"datetime": "2025-08-20 15:22:56", "elapsed": 12631.341705799103, "delta": 23.934207677841187}, "costs": {"total_cost": 1472.2534562415003, "time_cost": 150, "final_distance_cost": 14.533849966197064, "oscillation_cost": 81.263332517076, "completition_cost": 1000.0, "overshoot_cost": 145.32167228661956, "power_cost": 18.71536610107422, "noise_cost": 62.419235370533336, "n_waypoints_completed": 0, "tot_waypoints": 9}}
{"target": -1463.6755948384607, "params": {"k_pid_pos": [0.03411580249667168, 0.9920063614845276, 0.0], "k_pid_alt": [2.0, 1.0, 0.0], "k_pid_att": [100.0, 0.3465583622455597, 0.0], "k_pid_yaw": [0.5, 1e-06, 0.1], "k_pid_hsp": [0.1465480476617813, 0.020521342754364014, 0.05063250660896301], "k_pid_vsp": [0.0, 400.0, 400.0]}, "datetime": {"datetime": "2025-08-20 15:23:20", "elapsed": 12654.726226329803, "delta": 23.384520530700684}, "costs": {"total_cost": 1463.6755948384607, "time_cost": 150, "final_distance_cost": 43.623385030460604, "oscillation_cost": 138.53759525490008, "completition_cost": 1000.0, "overshoot_cost": 86.55782861488372, "power_cost": 24.8319587890625, "noise_cost": 20.124827149153898, "n_waypoints_completed": 0, "tot_waypoints": 9}}
{"target": -3051.9504983660922, "params": {"k_pid_pos": [9.999999747378752e-05, 1.0, 0.02174520492553711], "k_pid_alt": [2.0, 1.0, 0.0500810444355011], "k_pid_att": [97.32186126708984, 9.999999747378752e-05, 0.055696338415145874], "k_pid_yaw": [0.5, 1e-06, 0.1], "k_pid_hsp": [9.999999747378752e-05, 0.0, 0.07221922278404236], "k_pid_vsp": [2.3198366165161133, 381.8622131347656, 388.96856689453125]}, "datetime": {"datetime": "2025-08-20 15:23:43", "elapsed": 12678.077178001404, "delta": 23.350951671600342}, "costs": {"total_cost": 3051.9504983660922, "time_cost": 150, "final_distance_cost": 601.9613431736559, "oscillation_cost": 305.53438772259506, "completition_cost": 1000.0, "overshoot_cost": 954.1339190119886, "power_cost": 22.472060461425784, "noise_cost": 17.848787996426587, "n_waypoints_completed": 0, "tot_waypoints": 9}}
{"target": -1427.1525770480746, "params": {"k_pid_pos": [9.999999747378752e-05, 1.0, 0.010369300842285156], "k_pid_alt": [2.0, 1.0, 0.0], "k_pid_att": [97.59619140625, 9.999999747378752e-05, 0.0], "k_pid_yaw": [0.5, 1e-06, 0.1], "k_pid_hsp": [9.999999747378752e-05, 0.03569868206977844, 0.0], "k_pid_vsp": [36.733245849609375, 390.08477783203125, 400.0]}, "datetime": {"datetime": "2025-08-20 15:24:06", "elapsed": 12701.432863473892, "delta": 23.355685472488403}, "costs": {"total_cost": 1427.1525770480746, "time_cost": 150, "final_distance_cost": 36.14814646689543, "oscillation_cost": 32.84712014458464, "completition_cost": 1000.0, "overshoot_cost": 156.9353031449868, "power_cost": 11.3770611328125, "noise_cost": 39.844946158795246, "n_waypoints_completed": 0, "tot_waypoints": 9}}
{"target": -3201.0673035082245, "params": {"k_pid_pos": [9.999999747378752e-05, 0.9075169563293457, 0.08317312598228455], "k_pid_alt": [2.0, 1.0, 0.008804351091384888], "k_pid_att": [100.0, 0.6766616702079773, 0.0], "k_pid_yaw": [0.5, 1e-06, 0.1], "k_pid_hsp": [9.999999747378752e-05, 0.0, 0.05386924743652344], "k_pid_vsp": [9.455227851867676, 400.0, 400.0]}, "datetime": {"datetime": "2025-08-20 15:24:30", "elapsed": 12724.646349668503, "delta": 23.213486194610596}, "costs": {"total_cost": 3201.0673035082245, "time_cost": 150, "final_distance_cost": 670.5206030929659, "oscillation_cost": 235.15255460135276, "completition_cost": 1000.0, "overshoot_cost": 1106.1301567290295, "power_cost": 21.719802172851562, "noise_cost": 17.544186912025612, "n_waypoints_completed": 0, "tot_waypoints": 9}}
{"target": -1488.3184889667623, "params": {"k_pid_pos": [0.10087801516056061, 1.0, 0.006343036890029907], "k_pid_alt": [1.985196590423584, 0.9174139499664307, 0.0], "k_pid_att": [96.38627624511719, 9.999999747378752e-05, 0.02891489863395691], "k_pid_yaw": [0.5, 1e-06, 0.1], "k_pid_hsp": [0.06003574654459953, 0.0, 0.06003132462501526], "k_pid_vsp": [22.039091110229492, 369.5239562988281, 371.14337158203125]}, "datetime": {"datetime": "2025-08-20 15:24:55", "elapsed": 12749.797570466995, "delta": 25.15122079849243}, "costs": {"total_cost": 1488.3184889667623, "time_cost": 150, "final_distance_cost": 55.679400112072436, "oscillation_cost": 162.29380375791595, "completition_cost": 1000.0, "overshoot_cost": 79.79800144492208, "power_cost": 22.670101672363284, "noise_cost": 17.877181979488448, "n_waypoints_completed": 0, "tot_waypoints": 9}}
{"target": -3716.778450657545, "params": {"k_pid_pos": [0.027916155755519867, 0.9839255809783936, 0.0], "k_pid_alt": [2.0, 1.0, 0.07336458563804626], "k_pid_att": [94.4313735961914, 1.1081058979034424, 0.0], "k_pid_yaw": [0.5, 1e-06, 0.1], "k_pid_hsp": [9.999999747378752e-05, 0.0005890727043151855, 0.03190043568611145], "k_pid_vsp": [33.16767120361328, 389.7870178222656, 385.7122802734375]}, "datetime": {"datetime": "2025-08-20 15:25:19", "elapsed": 12774.26524758339, "delta": 24.467677116394043}, "costs": {"total_cost": 3716.778450657545, "time_cost": 150, "final_distance_cost": 919.671495067913, "oscillation_cost": 78.83654354503085, "completition_cost": 1000.0, "overshoot_cost": 1528.3970479723462, "power_cost": 22.63941014404297, "noise_cost": 17.233953928211825, "n_waypoints_completed": 0, "tot_waypoints": 9}}
{"target": -1390.1840922603708, "params": {"k_pid_pos": [9.999999747378752e-05, 1.0, 0.0], "k_pid_alt": [1.9792497158050537, 1.0, 0.03471463918685913], "k_pid_att": [94.21719360351562, 0.2683664858341217, 0.0], "k_pid_yaw": [0.5, 1e-06, 0.1], "k_pid_hsp": [0.07448525726795197, 0.0, 0.0], "k_pid_vsp": [11.019539833068848, 392.89276123046875, 400.0]}, "datetime": {"datetime": "2025-08-20 15:25:42", "elapsed": 12797.249736785889, "delta": 22.98448920249939}, "costs": {"total_cost": 1390.1840922603708, "time_cost": 150, "final_distance_cost": 13.520976306347896, "oscillation_cost": 49.590280486436875, "completition_cost": 1000.0, "overshoot_cost": 140.80040524191537, "power_cost": 5.736338012695313, "noise_cost": 30.536092212975213, "n_waypoints_completed": 0, "tot_waypoints": 9}}
