{"target": -1497.0105163453918, "params": {"k_pid_pos": [0.011451613157987595, 1.0, 0.03445500135421753], "k_pid_alt": [2.0, 0.9912991523742676, 0.0], "k_pid_att": [100.0, 9.999999747378752e-05, 0.056942254304885864], "k_pid_yaw": [0.5, 1e-06, 0.1], "k_pid_hsp": [0.36039334535598755, 0.08813655376434326, 0.013024389743804932], "k_pid_vsp": [0.0, 391.79559326171875, 386.27838134765625]}, "datetime": {"datetime": "2025-08-21 01:18:11", "elapsed": 48345.759358882904, "delta": 22.247745513916016}, "costs": {"total_cost": 1497.0105163453918, "time_cost": 150, "final_distance_cost": 26.25399714713279, "oscillation_cost": 81.24508924131499, "completition_cost": 1000.0, "overshoot_cost": 146.60207213336605, "power_cost": 22.307244482421876, "noise_cost": 70.60211334115618, "n_waypoints_completed": 0, "tot_waypoints": 9}}
{"target": -4421.306897091827, "params": {"k_pid_pos": [0.018091537058353424, 1.0, 0.014882713556289673], "k_pid_alt": [1.93166184425354, 1.0, 0.0], "k_pid_att": [100.0, 0.6872518658638, 0.0], "k_pid_yaw": [0.5, 1e-06, 0.1], "k_pid_hsp": [9.999999747378752e-05, 0.0, 0.044073790311813354], "k_pid_vsp": [0.0, 393.9273681640625, 383.4885559082031]}, "datetime": {"datetime": "2025-08-21 01:18:34", "elapsed": 48369.328313827515, "delta": 23.568954944610596}, "costs": {"total_cost": 4421.306897091827, "time_cost": 150, "final_distance_cost": 1194.5251469699092, "oscillation_cost": 120.34628238893238, "completition_cost": 1000.0, "overshoot_cost": 1916.5287416718093, "power_cost": 22.115369494628908, "noise_cost": 17.791356566546924, "n_waypoints_completed": 0, "tot_waypoints": 9}}
{"target": -1395.1169660577602, "params": {"k_pid_pos": [9.999999747378752e-05, 0.9650782346725464, 0.0], "k_pid_alt": [2.0, 1.0, 0.0813814103603363], "k_pid_att": [100.0, 0.1456444412469864, 0.013663619756698608], "k_pid_yaw": [0.5, 1e-06, 0.1], "k_pid_hsp": [0.23901596665382385, 0.028024494647979736, 0.0], "k_pid_vsp": [0.0, 381.9901123046875, 392.3140869140625]}, "datetime": {"datetime": "2025-08-21 01:18:58", "elapsed": 48393.16074872017, "delta": 23.83243489265442}, "costs": {"total_cost": 1395.1169660577602, "time_cost": 150, "final_distance_cost": 15.550765673212307, "oscillation_cost": 60.977798633180726, "completition_cost": 1000.0, "overshoot_cost": 140.52351292556997, "power_cost": 3.213175085449219, "noise_cost": 24.851713740348004, "n_waypoints_completed": 0, "tot_waypoints": 9}}
{"target": -1943.1134216127923, "params": {"k_pid_pos": [0.01984698511660099, 1.0, 0.07273149490356445], "k_pid_alt": [2.0, 1.0, 0.006949305534362793], "k_pid_att": [97.78172302246094, 9.999999747378752e-05, 0.0], "k_pid_yaw": [0.5, 1e-06, 0.1], "k_pid_hsp": [9.999999747378752e-05, 0.0, 0.0], "k_pid_vsp": [0.0, 392.313720703125, 400.0]}, "datetime": {"datetime": "2025-08-21 01:19:20", "elapsed": 48415.313410282135, "delta": 22.152661561965942}, "costs": {"total_cost": 1943.1134216127923, "time_cost": 150, "final_distance_cost": 344.00149500997645, "oscillation_cost": 30.67610761168953, "completition_cost": 1000.0, "overshoot_cost": 393.9075094028115, "power_cost": 11.431895654296875, "noise_cost": 13.096413934018067, "n_waypoints_completed": 0, "tot_waypoints": 9}}
{"target": -1510.1827349281712, "params": {"k_pid_pos": [0.08427882939577103, 1.0, 0.0], "k_pid_alt": [2.0, 1.0, 0.058197230100631714], "k_pid_att": [100.0, 9.999999747378752e-05, 0.05571189522743225], "k_pid_yaw": [0.5, 1e-06, 0.1], "k_pid_hsp": [0.2553000748157501, 0.0, 0.0], "k_pid_vsp": [9.826231002807617, 400.0, 394.0726623535156]}, "datetime": {"datetime": "2025-08-21 01:19:43", "elapsed": 48438.30974268913, "delta": 22.99633240699768}, "costs": {"total_cost": 1510.1827349281712, "time_cost": 150, "final_distance_cost": 15.880991064631331, "oscillation_cost": 57.16158242255669, "completition_cost": 1000.0, "overshoot_cost": 139.88464680260105, "power_cost": 38.08469876708985, "noise_cost": 109.17081587129233, "n_waypoints_completed": 0, "tot_waypoints": 9}}
{"target": -1414.5675217636285, "params": {"k_pid_pos": [9.999999747378752e-05, 1.0, 0.0], "k_pid_alt": [1.885324478149414, 0.9781172275543213, 0.04357576370239258], "k_pid_att": [91.82383728027344, 9.999999747378752e-05, 0.0], "k_pid_yaw": [0.5, 1e-06, 0.1], "k_pid_hsp": [0.08460959792137146, 0.046789854764938354, 0.0], "k_pid_vsp": [0.0, 379.8325500488281, 400.0]}, "datetime": {"datetime": "2025-08-21 01:20:06", "elapsed": 48461.14809536934, "delta": 22.8383526802063}, "costs": {"total_cost": 1414.5675217636285, "time_cost": 150, "final_distance_cost": 8.531558532452342, "oscillation_cost": 49.94294121105734, "completition_cost": 1000.0, "overshoot_cost": 143.00531890729093, "power_cost": 13.551037011718751, "noise_cost": 49.53666610110926, "n_waypoints_completed": 0, "tot_waypoints": 9}}
{"target": -1926.7349222841942, "params": {"k_pid_pos": [9.999999747378752e-05, 0.9555702209472656, 0.0], "k_pid_alt": [1.9523347616195679, 0.9710702896118164, 0.0], "k_pid_att": [100.0, 0.3943476974964142, 0.03423076868057251], "k_pid_yaw": [0.5, 1e-06, 0.1], "k_pid_hsp": [9.999999747378752e-05, 0.0, 0.0], "k_pid_vsp": [0.0, 400.0, 400.0]}, "datetime": {"datetime": "2025-08-21 01:20:28", "elapsed": 48483.33259320259, "delta": 22.184497833251953}, "costs": {"total_cost": 1926.7349222841942, "time_cost": 150, "final_distance_cost": 338.18322459721554, "oscillation_cost": 31.02997348732321, "completition_cost": 1000.0, "overshoot_cost": 382.281398234993, "power_cost": 11.584062719726562, "noise_cost": 13.65626324493584, "n_waypoints_completed": 0, "tot_waypoints": 9}}
{"target": -1941.6227604976173, "params": {"k_pid_pos": [9.999999747378752e-05, 0.9819077253341675, 0.0], "k_pid_alt": [1.8815064430236816, 0.995813250541687, 0.0], "k_pid_att": [98.57276916503906, 9.999999747378752e-05, 0.0], "k_pid_yaw": [0.5, 1e-06, 0.1], "k_pid_hsp": [9.999999747378752e-05, 0.0, 0.006936222314834595], "k_pid_vsp": [23.955989837646484, 400.0, 393.0867614746094]}, "datetime": {"datetime": "2025-08-21 01:20:52", "elapsed": 48507.444355010986, "delta": 24.111761808395386}, "costs": {"total_cost": 1941.6227604976173, "time_cost": 150, "final_distance_cost": 343.01604509253696, "oscillation_cost": 31.64288393231115, "completition_cost": 1000.0, "overshoot_cost": 393.31513014450934, "power_cost": 11.157564575195313, "noise_cost": 12.491136753064557, "n_waypoints_completed": 0, "tot_waypoints": 9}}
{"target": -1434.0716608769148, "params": {"k_pid_pos": [0.08717451989650726, 0.9719328880310059, 0.0], "k_pid_alt": [2.0, 0.9931823015213013, 0.0015110969543457031], "k_pid_att": [93.54142761230469, 0.24381916224956512, 0.0], "k_pid_yaw": [0.5, 1e-06, 0.1], "k_pid_hsp": [0.06528030335903168, 0.01737836003303528, 0.0], "k_pid_vsp": [0.0, 399.1920166015625, 397.8549499511719]}, "datetime": {"datetime": "2025-08-21 01:21:14", "elapsed": 48529.29058599472, "delta": 21.84623098373413}, "costs": {"total_cost": 1434.0716608769148, "time_cost": 150, "final_distance_cost": 15.799126060524113, "oscillation_cost": 47.37168136252711, "completition_cost": 1000.0, "overshoot_cost": 141.50659952426756, "power_cost": 18.33593142089844, "noise_cost": 61.058322508697536, "n_waypoints_completed": 0, "tot_waypoints": 9}}
{"target": -1428.195787993449, "params": {"k_pid_pos": [0.2566603422164917, 1.0, 0.0], "k_pid_alt": [1.9353703260421753, 1.0, 0.026022136211395264], "k_pid_att": [100.0, 0.4984089136123657, 0.0], "k_pid_yaw": [0.5, 1e-06, 0.1], "k_pid_hsp": [0.6863560080528259, 0.011712610721588135, 0.0], "k_pid_vsp": [22.25917625427246, 400.0, 400.0]}, "datetime": {"datetime": "2025-08-21 01:21:38", "elapsed": 48552.66299057007, "delta": 23.3724045753479}, "costs": {"total_cost": 1428.195787993449, "time_cost": 150, "final_distance_cost": 8.272580956597292, "oscillation_cost": 70.69381994571079, "completition_cost": 1000.0, "overshoot_cost": 138.58154171436777, "power_cost": 12.766934094238282, "noise_cost": 47.88091128253481, "n_waypoints_completed": 0, "tot_waypoints": 9}}
{"target": -1766.7149139447615, "params": {"k_pid_pos": [9.999999747378752e-05, 0.9615040421485901, 0.11772942543029785], "k_pid_alt": [2.0, 0.9745595455169678, 0.050791412591934204], "k_pid_att": [94.30365753173828, 0.14309696853160858, 0.033165305852890015], "k_pid_yaw": [0.5, 1e-06, 0.1], "k_pid_hsp": [9.999999747378752e-05, 0.014387756586074829, 0.0], "k_pid_vsp": [0.0, 400.0, 400.0]}, "datetime": {"datetime": "2025-08-21 01:22:02", "elapsed": 48577.150008678436, "delta": 24.48701810836792}, "costs": {"total_cost": 1766.7149139447615, "time_cost": 150, "final_distance_cost": 265.2236378268596, "oscillation_cost": 30.17665075984319, "completition_cost": 1000.0, "overshoot_cost": 295.57571465244087, "power_cost": 12.355282373046876, "noise_cost": 13.383628332570824, "n_waypoints_completed": 0, "tot_waypoints": 9}}
{"target": -1509.2416758004804, "params": {"k_pid_pos": [9.999999747378752e-05, 0.988326907157898, 0.0], "k_pid_alt": [1.9792890548706055, 1.0, 0.04694214463233948], "k_pid_att": [100.0, 0.30717527866363525, 0.0], "k_pid_yaw": [0.5, 1e-06, 0.1], "k_pid_hsp": [0.3520928919315338, 0.031703025102615356, 0.02015131711959839], "k_pid_vsp": [0.0, 400.0, 400.0]}, "datetime": {"datetime": "2025-08-21 01:22:25", "elapsed": 48600.41013908386, "delta": 23.260130405426025}, "costs": {"total_cost": 1509.2416758004804, "time_cost": 150, "final_distance_cost": 34.73330251224537, "oscillation_cost": 85.59747800739532, "completition_cost": 1000.0, "overshoot_cost": 144.12791576540258, "power_cost": 22.941318310546876, "noise_cost": 71.84166120489029, "n_waypoints_completed": 0, "tot_waypoints": 9}}
{"target": -1483.3100173720284, "params": {"k_pid_pos": [0.04378647357225418, 0.9813985824584961, 0.0], "k_pid_alt": [1.8391259908676147, 0.9869294166564941, 0.0], "k_pid_att": [100.0, 0.5041720271110535, 0.10135596990585327], "k_pid_yaw": [0.5, 1e-06, 0.1], "k_pid_hsp": [0.18021270632743835, 0.05578997731208801, 0.12277629971504211], "k_pid_vsp": [18.457067489624023, 400.0, 372.2721862792969]}, "datetime": {"datetime": "2025-08-21 01:22:47", "elapsed": 48622.098390340805, "delta": 21.68825125694275}, "costs": {"total_cost": 1483.3100173720284, "time_cost": 150, "final_distance_cost": 29.793338330462475, "oscillation_cost": 192.17336728529708, "completition_cost": 1000.0, "overshoot_cost": 69.29240728467195, "power_cost": 23.904837524414063, "noise_cost": 18.146066947182796, "n_waypoints_completed": 0, "tot_waypoints": 9}}
{"target": -1422.6456684608431, "params": {"k_pid_pos": [0.008899589069187641, 0.9933857917785645, 0.022722363471984863], "k_pid_alt": [1.888882040977478, 1.0, 0.003916263580322266], "k_pid_att": [100.0, 9.999999747378752e-05, 0.005883663892745972], "k_pid_yaw": [0.5, 1e-06, 0.1], "k_pid_hsp": [9.999999747378752e-05, 0.033405572175979614, 0.0], "k_pid_vsp": [2.0077109336853027, 385.74737548828125, 400.0]}, "datetime": {"datetime": "2025-08-21 01:23:11", "elapsed": 48646.305716991425, "delta": 24.207326650619507}, "costs": {"total_cost": 1422.6456684608431, "time_cost": 150, "final_distance_cost": 37.81212723827895, "oscillation_cost": 28.631469537779694, "completition_cost": 1000.0, "overshoot_cost": 128.96829261445902, "power_cost": 38.06997860107422, "noise_cost": 39.16380046925133, "n_waypoints_completed": 0, "tot_waypoints": 9}}
{"target": -1463.1129759272208, "params": {"k_pid_pos": [0.020851094275712967, 1.0, 0.0], "k_pid_alt": [2.0, 1.0, 0.0], "k_pid_att": [100.0, 0.33881399035453796, 0.049140363931655884], "k_pid_yaw": [0.5, 1e-06, 0.1], "k_pid_hsp": [9.999999747378752e-05, 0.02647864818572998, 0.0], "k_pid_vsp": [10.615921020507812, 385.3800354003906, 400.0]}, "datetime": {"datetime": "2025-08-21 01:23:35", "elapsed": 48669.69728040695, "delta": 23.391563415527344}, "costs": {"total_cost": 1463.1129759272208, "time_cost": 150, "final_distance_cost": 97.82488974432567, "oscillation_cost": 27.15076608524451, "completition_cost": 1000.0, "overshoot_cost": 120.85303591272925, "power_cost": 37.86368859863281, "noise_cost": 29.420595586288535, "n_waypoints_completed": 0, "tot_waypoints": 9}}
{"target": -1702.3720469867676, "params": {"k_pid_pos": [0.06013121455907822, 1.0, 0.0], "k_pid_alt": [1.7436825037002563, 0.8669365644454956, 0.0], "k_pid_att": [96.18193054199219, 0.18790461122989655, 0.051844000816345215], "k_pid_yaw": [0.5, 1e-06, 0.1], "k_pid_hsp": [9.999999747378752e-05, 0.012301862239837646, 0.0], "k_pid_vsp": [19.389034271240234, 367.37127685546875, 400.0]}, "datetime": {"datetime": "2025-08-21 01:23:58", "elapsed": 48693.0502243042, "delta": 23.352943897247314}, "costs": {"total_cost": 1702.3720469867676, "time_cost": 150, "final_distance_cost": 281.17436979675, "oscillation_cost": 30.51346983130364, "completition_cost": 888.8888888888888, "overshoot_cost": 326.36882150784606, "power_cost": 12.075528649902344, "noise_cost": 13.350968312076718, "n_waypoints_completed": 1, "tot_waypoints": 9}}
{"target": -1459.6963040344085, "params": {"k_pid_pos": [0.07112885266542435, 1.0, 0.0], "k_pid_alt": [2.0, 0.9769835472106934, 0.0], "k_pid_att": [100.0, 9.999999747378752e-05, 0.0], "k_pid_yaw": [0.5, 1e-06, 0.1], "k_pid_hsp": [0.5513548851013184, 0.022257685661315918, 0.04039812088012695], "k_pid_vsp": [0.0, 390.2997131347656, 400.0]}, "datetime": {"datetime": "2025-08-21 01:24:23", "elapsed": 48717.94402861595, "delta": 24.89380431175232}, "costs": {"total_cost": 1459.6963040344085, "time_cost": 150, "final_distance_cost": 9.165763976993219, "oscillation_cost": 103.33711700068048, "completition_cost": 1000.0, "overshoot_cost": 135.31555449080378, "power_cost": 18.890622778320314, "noise_cost": 42.98724578761086, "n_waypoints_completed": 0, "tot_waypoints": 9}}
{"target": -1487.4751974592496, "params": {"k_pid_pos": [9.999999747378752e-05, 1.0, 0.0], "k_pid_alt": [2.0, 1.0, 0.058802634477615356], "k_pid_att": [99.32723236083984, 0.37044617533683777, 0.07389125227928162], "k_pid_yaw": [0.5, 1e-06, 0.1], "k_pid_hsp": [0.5246597528457642, 0.05684146285057068, 0.03290095925331116], "k_pid_vsp": [3.1802892684936523, 399.2818908691406, 367.2606506347656]}, "datetime": {"datetime": "2025-08-21 01:24:45", "elapsed": 48740.04914402962, "delta": 22.10511541366577}, "costs": {"total_cost": 1487.4751974592496, "time_cost": 150, "final_distance_cost": 27.54199631484703, "oscillation_cost": 88.5731711109832, "completition_cost": 1000.0, "overshoot_cost": 143.22812576390655, "power_cost": 19.06294211425781, "noise_cost": 59.06896215525491, "n_waypoints_completed": 0, "tot_waypoints": 9}}
{"target": -1480.8130019903729, "params": {"k_pid_pos": [0.11933784186840057, 0.9592456817626953, 0.01318708062171936], "k_pid_alt": [1.8876138925552368, 0.9838899970054626, 0.0], "k_pid_att": [95.49542999267578, 9.999999747378752e-05, 0.0], "k_pid_yaw": [0.5, 1e-06, 0.1], "k_pid_hsp": [0.9516991972923279, 0.018771827220916748, 0.05216705799102783], "k_pid_vsp": [0.0, 385.822998046875, 387.79681396484375]}, "datetime": {"datetime": "2025-08-21 01:25:12", "elapsed": 48767.29488682747, "delta": 27.245742797851562}, "costs": {"total_cost": 1480.8130019903729, "time_cost": 150, "final_distance_cost": 9.092711266059226, "oscillation_cost": 115.01166053626342, "completition_cost": 1000.0, "overshoot_cost": 135.10431989370048, "power_cost": 22.188283923339846, "noise_cost": 49.41602637100981, "n_waypoints_completed": 0, "tot_waypoints": 9}}
{"target": -1433.5069468415675, "params": {"k_pid_pos": [0.023862050846219063, 0.9354325532913208, 0.06683331727981567], "k_pid_alt": [1.8552759885787964, 0.9613970518112183, 0.0], "k_pid_att": [100.0, 9.999999747378752e-05, 0.0], "k_pid_yaw": [0.5, 1e-06, 0.1], "k_pid_hsp": [9.999999747378752e-05, 0.06710916757583618, 0.0], "k_pid_vsp": [1.675271987915039, 399.5792236328125, 400.0]}, "datetime": {"datetime": "2025-08-21 01:25:34", "elapsed": 48789.30717730522, "delta": 22.012290477752686}, "costs": {"total_cost": 1433.5069468415675, "time_cost": 150, "final_distance_cost": 5.400091139297713, "oscillation_cost": 41.31238820686216, "completition_cost": 1000.0, "overshoot_cost": 147.40300609509998, "power_cost": 21.190982373046875, "noise_cost": 68.20047902726091, "n_waypoints_completed": 0, "tot_waypoints": 9}}
{"target": -1473.5487533101045, "params": {"k_pid_pos": [9.999999747378752e-05, 0.9818087220191956, 0.0], "k_pid_alt": [2.0, 0.9545271396636963, 0.02354830503463745], "k_pid_att": [100.0, 9.999999747378752e-05, 0.0], "k_pid_yaw": [0.5, 1e-06, 0.1], "k_pid_hsp": [0.04795996472239494, 0.05709958076477051, 0.028479963541030884], "k_pid_vsp": [0.0, 400.0, 400.0]}, "datetime": {"datetime": "2025-08-21 01:25:58", "elapsed": 48812.95419740677, "delta": 23.64702010154724}, "costs": {"total_cost": 1473.5487533101045, "time_cost": 150, "final_distance_cost": 23.270558251832295, "oscillation_cost": 65.45560642110613, "completition_cost": 1000.0, "overshoot_cost": 142.99732999484462, "power_cost": 22.875102563476563, "noise_cost": 68.95015607884498, "n_waypoints_completed": 0, "tot_waypoints": 9}}
{"target": -2665.780800736515, "params": {"k_pid_pos": [9.999999747378752e-05, 0.9786167144775391, 0.0], "k_pid_alt": [2.0, 0.8969677686691284, 0.0016509294509887695], "k_pid_att": [88.17062377929688, 9.999999747378752e-05, 0.013328731060028076], "k_pid_yaw": [0.5, 1e-06, 0.1], "k_pid_hsp": [9.999999747378752e-05, 0.0, 0.09295827150344849], "k_pid_vsp": [0.0, 400.0, 386.10955810546875]}, "datetime": {"datetime": "2025-08-21 01:26:21", "elapsed": 48835.81139588356, "delta": 22.857198476791382}, "costs": {"total_cost": 2665.780800736515, "time_cost": 150, "final_distance_cost": 414.4392676708137, "oscillation_cost": 359.7280546549129, "completition_cost": 1000.0, "overshoot_cost": 702.5355830015914, "power_cost": 21.684978247070312, "noise_cost": 17.392917162126828, "n_waypoints_completed": 0, "tot_waypoints": 9}}
{"target": -1414.6104131499956, "params": {"k_pid_pos": [9.999999747378752e-05, 1.0, 0.004616200923919678], "k_pid_alt": [1.9511990547180176, 1.0, 0.0], "k_pid_att": [98.52100372314453, 0.6168469190597534, 0.05564475059509277], "k_pid_yaw": [0.5, 1e-06, 0.1], "k_pid_hsp": [0.5630927085876465, 0.0, 0.0], "k_pid_vsp": [0.0, 400.0, 400.0]}, "datetime": {"datetime": "2025-08-21 01:26:43", "elapsed": 48858.39685297012, "delta": 22.58545708656311}, "costs": {"total_cost": 1414.6104131499956, "time_cost": 150, "final_distance_cost": 17.205697924506126, "oscillation_cost": 66.34033284421218, "completition_cost": 1000.0, "overshoot_cost": 139.8950003862585, "power_cost": 7.067467932128906, "noise_cost": 34.10191406288976, "n_waypoints_completed": 0, "tot_waypoints": 9}}
{"target": -1459.78480953282, "params": {"k_pid_pos": [0.07359195500612259, 0.9464023113250732, 0.09405773878097534], "k_pid_alt": [2.0, 0.9852529764175415, 0.037920624017715454], "k_pid_att": [100.0, 0.49053072929382324, 0.0], "k_pid_yaw": [0.5, 1e-06, 0.1], "k_pid_hsp": [0.22151294350624084, 0.0, 0.0], "k_pid_vsp": [0.0, 400.0, 372.9661560058594]}, "datetime": {"datetime": "2025-08-21 01:27:06", "elapsed": 48880.58122634888, "delta": 22.184373378753662}, "costs": {"total_cost": 1459.78480953282, "time_cost": 150, "final_distance_cost": 10.057223780296441, "oscillation_cost": 58.763215646435924, "completition_cost": 1000.0, "overshoot_cost": 139.20936417634383, "power_cost": 24.775561328125, "noise_cost": 76.97944460161888, "n_waypoints_completed": 0, "tot_waypoints": 9}}
{"target": -2342.1856316619173, "params": {"k_pid_pos": [9.999999747378752e-05, 1.0, 0.05688673257827759], "k_pid_alt": [2.0, 1.0, 0.0], "k_pid_att": [99.25426483154297, 9.999999747378752e-05, 0.027512013912200928], "k_pid_yaw": [0.5, 1e-06, 0.1], "k_pid_hsp": [9.999999747378752e-05, 0.06510215997695923, 0.0536978542804718], "k_pid_vsp": [0.0, 400.0, 400.0]}, "datetime": {"datetime": "2025-08-21 01:27:28", "elapsed": 48903.362607717514, "delta": 22.781381368637085}, "costs": {"total_cost": 2342.1856316619173, "time_cost": 150, "final_distance_cost": 392.4888041556697, "oscillation_cost": 125.66442637786803, "completition_cost": 1000.0, "overshoot_cost": 632.7052562365272, "power_cost": 23.218140686035156, "noise_cost": 18.109004205817783, "n_waypoints_completed": 0, "tot_waypoints": 9}}
{"target": -3235.2155374149224, "params": {"k_pid_pos": [0.13448703289031982, 0.9761275053024292, 0.0], "k_pid_alt": [1.8593568801879883, 0.9762014150619507, 0.06746610999107361], "k_pid_att": [100.0, 0.36991986632347107, 0.0], "k_pid_yaw": [0.5, 1e-06, 0.1], "k_pid_hsp": [9.999999747378752e-05, 0.036543458700180054, 0.049764037132263184], "k_pid_vsp": [4.78290319442749, 391.672119140625, 400.0]}, "datetime": {"datetime": "2025-08-21 01:27:52", "elapsed": 48926.60077261925, "delta": 23.2381649017334}, "costs": {"total_cost": 3235.2155374149224, "time_cost": 150, "final_distance_cost": 770.3772595471287, "oscillation_cost": 138.1240866620042, "completition_cost": 1000.0, "overshoot_cost": 1137.5267557743637, "power_cost": 21.534167590332032, "noise_cost": 17.65326784109424, "n_waypoints_completed": 0, "tot_waypoints": 9}}
{"target": -1452.3432009852731, "params": {"k_pid_pos": [0.018300440162420273, 1.0, 0.0474795401096344], "k_pid_alt": [2.0, 0.9629942774772644, 0.046865642070770264], "k_pid_att": [100.0, 9.999999747378752e-05, 0.0], "k_pid_yaw": [0.5, 1e-06, 0.1], "k_pid_hsp": [9.999999747378752e-05, 0.12397947907447815, 0.0], "k_pid_vsp": [37.13157272338867, 383.7244567871094, 397.2898864746094]}, "datetime": {"datetime": "2025-08-21 01:28:15", "elapsed": 48949.87123441696, "delta": 23.270461797714233}, "costs": {"total_cost": 1452.3432009852731, "time_cost": 150, "final_distance_cost": 18.99345711659979, "oscillation_cost": 58.01920927382291, "completition_cost": 1000.0, "overshoot_cost": 144.5532797162013, "power_cost": 18.612326293945312, "noise_cost": 62.1649285847038, "n_waypoints_completed": 0, "tot_waypoints": 9}}
