{"target": -1466.159005693364, "params": {"k_pid_pos": [9.999999747378752e-05, 0.9191212058067322, 0.0], "k_pid_alt": [2.0, 1.0, 0.0], "k_pid_att": [100.0, 9.999999747378752e-05, 0.0], "k_pid_yaw": [0.5, 1e-06, 0.1], "k_pid_hsp": [0.1814083606004715, 0.0, 0.02960646152496338], "k_pid_vsp": [0.0, 354.99114990234375, 400.0]}, "datetime": {"datetime": "2025-08-20 23:32:05", "elapsed": 41979.92565655708, "delta": 23.706291437149048}, "costs": {"total_cost": 1466.159005693364, "time_cost": 150, "final_distance_cost": 11.847371431445923, "oscillation_cost": 84.08542073534441, "completition_cost": 1000.0, "overshoot_cost": 138.51393805992143, "power_cost": 21.275372900390625, "noise_cost": 60.43690256626136, "n_waypoints_completed": 0, "tot_waypoints": 9}}
{"target": -1426.4089506094356, "params": {"k_pid_pos": [0.05767806991934776, 1.0, 0.0], "k_pid_alt": [1.9794394969940186, 0.9872252941131592, 0.014293789863586426], "k_pid_att": [96.47613525390625, 0.02747911959886551, 0.0], "k_pid_yaw": [0.5, 1e-06, 0.1], "k_pid_hsp": [9.999999747378752e-05, 0.030246078968048096, 0.0], "k_pid_vsp": [0.0, 382.6312255859375, 385.79351806640625]}, "datetime": {"datetime": "2025-08-20 23:32:29", "elapsed": 42003.853209495544, "delta": 23.927552938461304}, "costs": {"total_cost": 1426.4089506094356, "time_cost": 150, "final_distance_cost": 69.9287831604965, "oscillation_cost": 27.992729193682507, "completition_cost": 1000.0, "overshoot_cost": 108.99624158638106, "power_cost": 37.93152075195313, "noise_cost": 31.559675916922412, "n_waypoints_completed": 0, "tot_waypoints": 9}}
{"target": -1916.9746283242914, "params": {"k_pid_pos": [0.04053686931729317, 1.0, 0.0], "k_pid_alt": [1.9635424613952637, 1.0, 0.0], "k_pid_att": [91.87543487548828, 0.8377267122268677, 0.0], "k_pid_yaw": [0.5, 1e-06, 0.1], "k_pid_hsp": [9.999999747378752e-05, 0.004074662923812866, 0.0], "k_pid_vsp": [6.117367744445801, 400.0, 390.3962707519531]}, "datetime": {"datetime": "2025-08-20 23:32:51", "elapsed": 42025.5472714901, "delta": 21.694061994552612}, "costs": {"total_cost": 1916.9746283242914, "time_cost": 150, "final_distance_cost": 331.13561055997997, "oscillation_cost": 29.063688185211078, "completition_cost": 1000.0, "overshoot_cost": 382.1084872510778, "power_cost": 11.574046813964845, "noise_cost": 13.092795514057746, "n_waypoints_completed": 0, "tot_waypoints": 9}}
{"target": -2414.6755173274037, "params": {"k_pid_pos": [9.999999747378752e-05, 0.9503175020217896, 0.02265593409538269], "k_pid_alt": [2.0, 0.9571539759635925, 0.08750495314598083], "k_pid_att": [89.6272201538086, 9.999999747378752e-05, 0.0], "k_pid_yaw": [0.5, 1e-06, 0.1], "k_pid_hsp": [9.999999747378752e-05, 0.008771330118179321, 0.02614736557006836], "k_pid_vsp": [0.0, 393.587890625, 400.0]}, "datetime": {"datetime": "2025-08-20 23:33:16", "elapsed": 42051.09215307236, "delta": 25.544881582260132}, "costs": {"total_cost": 2414.6755173274037, "time_cost": 150, "final_distance_cost": 505.03549045084424, "oscillation_cost": 73.91429545694707, "completition_cost": 1000.0, "overshoot_cost": 664.7086751462577, "power_cost": 9.924006091308595, "noise_cost": 11.093050182045872, "n_waypoints_completed": 0, "tot_waypoints": 9}}
{"target": -1965.3270174542922, "params": {"k_pid_pos": [9.999999747378752e-05, 1.0, 0.003520786762237549], "k_pid_alt": [2.0, 0.9674649238586426, 0.0], "k_pid_att": [97.4624252319336, 0.08900093287229538, 0.0], "k_pid_yaw": [0.5, 1e-06, 0.1], "k_pid_hsp": [9.999999747378752e-05, 0.0, 0.0], "k_pid_vsp": [10.070430755615234, 400.0, 368.640380859375]}, "datetime": {"datetime": "2025-08-20 23:33:37", "elapsed": 42072.477593660355, "delta": 21.385440587997437}, "costs": {"total_cost": 1965.3270174542922, "time_cost": 150, "final_distance_cost": 339.5889791284727, "oscillation_cost": 25.092086113767113, "completition_cost": 1000.0, "overshoot_cost": 384.8363001434444, "power_cost": 37.862935217285155, "noise_cost": 27.946716851322996, "n_waypoints_completed": 0, "tot_waypoints": 9}}
{"target": -1473.0495734205058, "params": {"k_pid_pos": [0.09546051919460297, 1.0, 0.0], "k_pid_alt": [1.9440076351165771, 1.0, 0.0], "k_pid_att": [95.80071258544922, 9.999999747378752e-05, 0.13596391677856445], "k_pid_yaw": [0.5, 1e-06, 0.1], "k_pid_hsp": [1.4287747144699097, 0.028390735387802124, 0.0], "k_pid_vsp": [19.17221450805664, 379.61309814453125, 400.0]}, "datetime": {"datetime": "2025-08-20 23:34:02", "elapsed": 42097.36433792114, "delta": 24.886744260787964}, "costs": {"total_cost": 1473.0495734205058, "time_cost": 150, "final_distance_cost": 10.926493366675563, "oscillation_cost": 63.52508319638543, "completition_cost": 1000.0, "overshoot_cost": 139.09544046477478, "power_cost": 27.16910089111328, "noise_cost": 82.33345550155663, "n_waypoints_completed": 0, "tot_waypoints": 9}}
{"target": -1470.4904932196278, "params": {"k_pid_pos": [0.04033631086349487, 0.9773527383804321, 0.0013324916362762451], "k_pid_alt": [1.946245551109314, 1.0, 0.02480056881904602], "k_pid_att": [100.0, 0.26355284452438354, 0.0591503381729126], "k_pid_yaw": [0.5, 1e-06, 0.1], "k_pid_hsp": [0.04316720366477966, 0.0, 0.0], "k_pid_vsp": [0.0, 400.0, 386.8116149902344]}, "datetime": {"datetime": "2025-08-20 23:34:27", "elapsed": 42121.66377711296, "delta": 24.299439191818237}, "costs": {"total_cost": 1470.4904932196278, "time_cost": 150, "final_distance_cost": 14.378728697247501, "oscillation_cost": 43.32182947114195, "completition_cost": 1000.0, "overshoot_cost": 140.4694136937386, "power_cost": 31.182175512695313, "noise_cost": 91.1383458448044, "n_waypoints_completed": 0, "tot_waypoints": 9}}
{"target": -1461.2673153352525, "params": {"k_pid_pos": [9.999999747378752e-05, 0.9541924595832825, 0.06641137599945068], "k_pid_alt": [1.9889765977859497, 1.0, 0.02039247751235962], "k_pid_att": [90.36866760253906, 9.999999747378752e-05, 0.0], "k_pid_yaw": [0.5, 1e-06, 0.1], "k_pid_hsp": [0.13080959022045135, 0.0, 0.002325981855392456], "k_pid_vsp": [8.520734786987305, 400.0, 400.0]}, "datetime": {"datetime": "2025-08-20 23:34:49", "elapsed": 42144.297156095505, "delta": 22.633378982543945}, "costs": {"total_cost": 1461.2673153352525, "time_cost": 150, "final_distance_cost": 11.230161694838573, "oscillation_cost": 70.92681664396869, "completition_cost": 1000.0, "overshoot_cost": 143.76446633955288, "power_cost": 20.084750244140626, "noise_cost": 65.26112041275174, "n_waypoints_completed": 0, "tot_waypoints": 9}}
{"target": -1520.2052731056149, "params": {"k_pid_pos": [0.05911119282245636, 0.9602809548377991, 0.0], "k_pid_alt": [1.9048421382904053, 0.9842380285263062, 0.0], "k_pid_att": [100.0, 0.02376548945903778, 0.0006349682807922363], "k_pid_yaw": [0.5, 1e-06, 0.1], "k_pid_hsp": [0.3172107934951782, 0.024093985557556152, 0.11804354190826416], "k_pid_vsp": [0.0, 400.0, 400.0]}, "datetime": {"datetime": "2025-08-20 23:35:13", "elapsed": 42168.513811826706, "delta": 24.216655731201172}, "costs": {"total_cost": 1520.2052731056149, "time_cost": 150, "final_distance_cost": 23.50954808725011, "oscillation_cost": 188.35397362648612, "completition_cost": 1000.0, "overshoot_cost": 114.05834308294493, "power_cost": 22.193548095703125, "noise_cost": 22.089860213230725, "n_waypoints_completed": 0, "tot_waypoints": 9}}
{"target": -1496.33631776638, "params": {"k_pid_pos": [9.999999747378752e-05, 0.9944745898246765, 0.049693018198013306], "k_pid_alt": [1.9833368062973022, 1.0, 0.0], "k_pid_att": [85.5265884399414, 1.378955602645874, 0.0], "k_pid_yaw": [0.5, 1e-06, 0.1], "k_pid_hsp": [0.3545217514038086, 0.08825844526290894, 0.052658021450042725], "k_pid_vsp": [0.0, 391.4056091308594, 400.0]}, "datetime": {"datetime": "2025-08-20 23:35:36", "elapsed": 42190.654480457306, "delta": 22.140668630599976}, "costs": {"total_cost": 1496.33631776638, "time_cost": 150, "final_distance_cost": 11.62086588485021, "oscillation_cost": 120.7023125981052, "completition_cost": 1000.0, "overshoot_cost": 136.6763698047725, "power_cost": 24.403476293945314, "noise_cost": 52.933293184706855, "n_waypoints_completed": 0, "tot_waypoints": 9}}
{"target": -1949.9231869959515, "params": {"k_pid_pos": [0.16983969509601593, 0.9417859315872192, 0.0568506121635437], "k_pid_alt": [1.972172498703003, 1.0, 0.0], "k_pid_att": [100.0, 9.999999747378752e-05, 0.0], "k_pid_yaw": [0.5, 1e-06, 0.1], "k_pid_hsp": [9.999999747378752e-05, 0.0, 0.0], "k_pid_vsp": [0.0, 386.8383483886719, 400.0]}, "datetime": {"datetime": "2025-08-20 23:36:03", "elapsed": 42217.74911785126, "delta": 27.094637393951416}, "costs": {"total_cost": 1949.9231869959515, "time_cost": 150, "final_distance_cost": 346.28984079878165, "oscillation_cost": 31.289124119338368, "completition_cost": 1000.0, "overshoot_cost": 397.9725534180696, "power_cost": 11.331460559082032, "noise_cost": 13.040208100679854, "n_waypoints_completed": 0, "tot_waypoints": 9}}
{"target": -1502.5926710575984, "params": {"k_pid_pos": [9.999999747378752e-05, 1.0, 0.0020545125007629395], "k_pid_alt": [2.0, 0.9778784513473511, 0.009689688682556152], "k_pid_att": [93.49832153320312, 0.08241616934537888, 0.0], "k_pid_yaw": [0.5, 1e-06, 0.1], "k_pid_hsp": [0.42568451166152954, 0.0, 0.06455153226852417], "k_pid_vsp": [17.926334381103516, 400.0, 399.4803466796875]}, "datetime": {"datetime": "2025-08-20 23:36:25", "elapsed": 42239.635058641434, "delta": 21.88594079017639}, "costs": {"total_cost": 1502.5926710575984, "time_cost": 150, "final_distance_cost": 18.567471739280414, "oscillation_cost": 151.235105128922, "completition_cost": 1000.0, "overshoot_cost": 128.81255223965124, "power_cost": 21.202361157226562, "noise_cost": 32.77518079251842, "n_waypoints_completed": 0, "tot_waypoints": 9}}
{"target": -1482.200245299853, "params": {"k_pid_pos": [9.999999747378752e-05, 1.0, 0.0], "k_pid_alt": [1.9942870140075684, 1.0, 0.0], "k_pid_att": [100.0, 9.999999747378752e-05, 0.07851952314376831], "k_pid_yaw": [0.5, 1e-06, 0.1], "k_pid_hsp": [9.999999747378752e-05, 0.024904847145080566, 0.007651329040527344], "k_pid_vsp": [0.0, 400.0, 378.80352783203125]}, "datetime": {"datetime": "2025-08-20 23:36:50", "elapsed": 42264.891568660736, "delta": 25.256510019302368}, "costs": {"total_cost": 1482.200245299853, "time_cost": 150, "final_distance_cost": 131.33053362152714, "oscillation_cost": 33.745424836601195, "completition_cost": 1000.0, "overshoot_cost": 135.47871826282153, "power_cost": 15.501411926269531, "noise_cost": 16.144156652633423, "n_waypoints_completed": 0, "tot_waypoints": 9}}
{"target": -3397.0317067244705, "params": {"k_pid_pos": [0.13613221049308777, 1.0, 0.0], "k_pid_alt": [2.0, 1.0, 0.024731546640396118], "k_pid_att": [90.01185607910156, 9.999999747378752e-05, 0.0], "k_pid_yaw": [0.5, 1e-06, 0.1], "k_pid_hsp": [9.999999747378752e-05, 0.0, 0.04657110571861267], "k_pid_vsp": [11.338340759277344, 400.0, 400.0]}, "datetime": {"datetime": "2025-08-20 23:37:13", "elapsed": 42287.537004709244, "delta": 22.64543604850769}, "costs": {"total_cost": 3397.0317067244705, "time_cost": 150, "final_distance_cost": 773.7967629820101, "oscillation_cost": 146.26733481091708, "completition_cost": 1000.0, "overshoot_cost": 1287.4632129273796, "power_cost": 21.917760852050783, "noise_cost": 17.586635152112905, "n_waypoints_completed": 0, "tot_waypoints": 9}}
{"target": -1494.0663125701014, "params": {"k_pid_pos": [9.999999747378752e-05, 0.9246048927307129, 0.06561201810836792], "k_pid_alt": [1.980534553527832, 1.0, 0.008884161710739136], "k_pid_att": [100.0, 9.999999747378752e-05, 0.0], "k_pid_yaw": [0.5, 1e-06, 0.1], "k_pid_hsp": [9.999999747378752e-05, 0.03482130169868469, 0.0], "k_pid_vsp": [0.0, 400.0, 400.0]}, "datetime": {"datetime": "2025-08-20 23:37:36", "elapsed": 42310.64655780792, "delta": 23.10955309867859}, "costs": {"total_cost": 1494.0663125701014, "time_cost": 150, "final_distance_cost": 32.38226729886179, "oscillation_cost": 29.187987517370964, "completition_cost": 1000.0, "overshoot_cost": 156.1723614501496, "power_cost": 38.06429910888672, "noise_cost": 88.25939719483245, "n_waypoints_completed": 0, "tot_waypoints": 9}}
{"target": -1973.9821493855984, "params": {"k_pid_pos": [9.999999747378752e-05, 1.0, 0.037663429975509644], "k_pid_alt": [2.0, 1.0, 0.0], "k_pid_att": [88.73197174072266, 1.1905919313430786, 0.038173168897628784], "k_pid_yaw": [0.5, 1e-06, 0.1], "k_pid_hsp": [9.999999747378752e-05, 0.0, 0.004421532154083252], "k_pid_vsp": [14.206600189208984, 400.0, 378.6385803222656]}, "datetime": {"datetime": "2025-08-20 23:38:00", "elapsed": 42335.4476416111, "delta": 24.80108380317688}, "costs": {"total_cost": 1973.9821493855984, "time_cost": 150, "final_distance_cost": 341.8347439305159, "oscillation_cost": 25.13813141142695, "completition_cost": 1000.0, "overshoot_cost": 392.31262840806505, "power_cost": 37.90681900634766, "noise_cost": 26.789826629242704, "n_waypoints_completed": 0, "tot_waypoints": 9}}
{"target": -1391.700885380116, "params": {"k_pid_pos": [9.999999747378752e-05, 1.0, 0.0], "k_pid_alt": [1.8681756258010864, 0.9615594148635864, 0.0], "k_pid_att": [95.73431396484375, 9.999999747378752e-05, 0.09259197115898132], "k_pid_yaw": [0.5, 1e-06, 0.1], "k_pid_hsp": [0.5397455096244812, 0.05324074625968933, 0.0], "k_pid_vsp": [1.3692140579223633, 400.0, 398.0038757324219]}, "datetime": {"datetime": "2025-08-20 23:38:22", "elapsed": 42357.414142370224, "delta": 21.966500759124756}, "costs": {"total_cost": 1391.700885380116, "time_cost": 150, "final_distance_cost": 12.700770434461738, "oscillation_cost": 65.76828146749841, "completition_cost": 1000.0, "overshoot_cost": 139.9279629380803, "power_cost": 1.9376653564453126, "noise_cost": 21.36620518363037, "n_waypoints_completed": 0, "tot_waypoints": 9}}
{"target": -1979.4864736921047, "params": {"k_pid_pos": [0.07406870275735855, 0.9876118898391724, 0.009811371564865112], "k_pid_alt": [1.9012680053710938, 0.9982688426971436, 0.0], "k_pid_att": [100.0, 0.7344487309455872, 0.026632308959960938], "k_pid_yaw": [0.5, 1e-06, 0.1], "k_pid_hsp": [9.999999747378752e-05, 0.00385284423828125, 0.0], "k_pid_vsp": [0.0, 400.0, 400.0]}, "datetime": {"datetime": "2025-08-20 23:38:47", "elapsed": 42382.13166093826, "delta": 24.71751856803894}, "costs": {"total_cost": 1979.4864736921047, "time_cost": 150, "final_distance_cost": 341.3049594015312, "oscillation_cost": 25.483372713506714, "completition_cost": 1000.0, "overshoot_cost": 397.5149633770348, "power_cost": 37.96453627929688, "noise_cost": 27.21864192073504, "n_waypoints_completed": 0, "tot_waypoints": 9}}
{"target": -2017.66358837772, "params": {"k_pid_pos": [0.06841888278722763, 1.0, 0.0], "k_pid_alt": [2.0, 1.0, 0.04229468107223511], "k_pid_att": [89.9747543334961, 9.999999747378752e-05, 0.051068782806396484], "k_pid_yaw": [0.5, 1e-06, 0.1], "k_pid_hsp": [9.999999747378752e-05, 0.0, 0.01702362298965454], "k_pid_vsp": [48.31665802001953, 396.7013244628906, 400.0]}, "datetime": {"datetime": "2025-08-20 23:39:10", "elapsed": 42405.49125409126, "delta": 23.359593152999878}, "costs": {"total_cost": 2017.66358837772, "time_cost": 150, "final_distance_cost": 376.16467541337636, "oscillation_cost": 23.509993962945536, "completition_cost": 1000.0, "overshoot_cost": 444.9568753874167, "power_cost": 10.931741406250001, "noise_cost": 12.100302207731495, "n_waypoints_completed": 0, "tot_waypoints": 9}}
{"target": -3676.8968778101653, "params": {"k_pid_pos": [9.999999747378752e-05, 1.0, 0.006361514329910278], "k_pid_alt": [1.959526777267456, 0.9896607398986816, 0.07108783721923828], "k_pid_att": [97.60626220703125, 0.12308014184236526, 0.038256824016571045], "k_pid_yaw": [0.5, 1e-06, 0.1], "k_pid_hsp": [9.999999747378752e-05, 0.0, 0.05831924080848694], "k_pid_vsp": [0.0, 400.0, 400.0]}, "datetime": {"datetime": "2025-08-20 23:39:33", "elapsed": 42428.31018972397, "delta": 22.81893563270569}, "costs": {"total_cost": 3676.8968778101653, "time_cost": 150, "final_distance_cost": 891.9318409380452, "oscillation_cost": 161.73228751869206, "completition_cost": 1000.0, "overshoot_cost": 1434.0538975398206, "power_cost": 21.628293310546876, "noise_cost": 17.550558503060692, "n_waypoints_completed": 0, "tot_waypoints": 9}}
{"target": -1495.2283138003386, "params": {"k_pid_pos": [0.10513333231210709, 0.9733150601387024, 0.01392868161201477], "k_pid_alt": [1.928053379058838, 1.0, 0.0941196084022522], "k_pid_att": [100.0, 9.999999747378752e-05, 0.0], "k_pid_yaw": [0.5, 1e-06, 0.1], "k_pid_hsp": [1.1862986087799072, 0.0, 0.039609432220458984], "k_pid_vsp": [0.0, 362.5491638183594, 400.0]}, "datetime": {"datetime": "2025-08-20 23:39:57", "elapsed": 42451.609791994095, "delta": 23.299602270126343}, "costs": {"total_cost": 1495.2283138003386, "time_cost": 150, "final_distance_cost": 4.223753429809297, "oscillation_cost": 108.35629125195238, "completition_cost": 1000.0, "overshoot_cost": 137.6740287254783, "power_cost": 25.918746020507815, "noise_cost": 69.05549437259086, "n_waypoints_completed": 0, "tot_waypoints": 9}}
{"target": -1492.8160883048774, "params": {"k_pid_pos": [0.017827263101935387, 0.9880368113517761, 0.0], "k_pid_alt": [2.0, 1.0, 0.0], "k_pid_att": [100.0, 9.999999747378752e-05, 0.025480270385742188], "k_pid_yaw": [0.5, 1e-06, 0.1], "k_pid_hsp": [0.6454673409461975, 0.0006563961505889893, 0.0346829891204834], "k_pid_vsp": [9.595990180969238, 400.0, 399.4843444824219]}, "datetime": {"datetime": "2025-08-20 23:40:19", "elapsed": 42473.75011372566, "delta": 22.140321731567383}, "costs": {"total_cost": 1492.8160883048774, "time_cost": 150, "final_distance_cost": 21.396730802375412, "oscillation_cost": 97.45681800999044, "completition_cost": 1000.0, "overshoot_cost": 140.34055081345088, "power_cost": 21.6963748046875, "noise_cost": 61.92561387437341, "n_waypoints_completed": 0, "tot_waypoints": 9}}
{"target": -1385.1236112074687, "params": {"k_pid_pos": [9.999999747378752e-05, 0.9858843684196472, 0.0], "k_pid_alt": [1.9913321733474731, 1.0, 0.0], "k_pid_att": [100.0, 9.999999747378752e-05, 0.0], "k_pid_yaw": [0.5, 1e-06, 0.1], "k_pid_hsp": [0.16597211360931396, 0.09176379442214966, 0.0], "k_pid_vsp": [0.0, 400.0, 400.0]}, "datetime": {"datetime": "2025-08-20 23:40:43", "elapsed": 42498.43493247032, "delta": 24.684818744659424}, "costs": {"total_cost": 1385.1236112074687, "time_cost": 150, "final_distance_cost": 7.562576734140654, "oscillation_cost": 57.69423151493782, "completition_cost": 1000.0, "overshoot_cost": 142.41031728666184, "power_cost": 3.0290985595703126, "noise_cost": 24.42738711215806, "n_waypoints_completed": 0, "tot_waypoints": 9}}
{"target": -1499.4330713570548, "params": {"k_pid_pos": [9.999999747378752e-05, 1.0, 0.0], "k_pid_alt": [1.90940260887146, 1.0, 0.0], "k_pid_att": [100.0, 0.18279951810836792, 0.0], "k_pid_yaw": [0.5, 1e-06, 0.1], "k_pid_hsp": [0.4089551568031311, 0.0, 0.0], "k_pid_vsp": [0.0, 386.2401428222656, 400.0]}, "datetime": {"datetime": "2025-08-20 23:41:06", "elapsed": 42520.70582103729, "delta": 22.270888566970825}, "costs": {"total_cost": 1499.4330713570548, "time_cost": 150, "final_distance_cost": 14.569321109577302, "oscillation_cost": 59.77517532525047, "completition_cost": 1000.0, "overshoot_cost": 140.07474647892428, "power_cost": 34.51135721435547, "noise_cost": 100.50247122894739, "n_waypoints_completed": 0, "tot_waypoints": 9}}
{"target": -1433.4351174908907, "params": {"k_pid_pos": [9.999999747378752e-05, 0.9977319240570068, 0.007087528705596924], "k_pid_alt": [2.0, 0.9440751075744629, 0.08073413372039795], "k_pid_att": [100.0, 0.21670319139957428, 0.033103495836257935], "k_pid_yaw": [0.5, 1e-06, 0.1], "k_pid_hsp": [9.999999747378752e-05, 0.041532278060913086, 0.018761903047561646], "k_pid_vsp": [0.0, 376.9978332519531, 383.7965087890625]}, "datetime": {"datetime": "2025-08-20 23:41:30", "elapsed": 42545.43733382225, "delta": 24.731512784957886}, "costs": {"total_cost": 1433.4351174908907, "time_cost": 150, "final_distance_cost": 34.2568511997439, "oscillation_cost": 30.70261868072927, "completition_cost": 1000.0, "overshoot_cost": 152.6460576732645, "power_cost": 14.775861096191408, "noise_cost": 51.05372884096155, "n_waypoints_completed": 0, "tot_waypoints": 9}}
{"target": -1482.9672374303136, "params": {"k_pid_pos": [0.03405924141407013, 0.98012375831604, 0.08080145716667175], "k_pid_alt": [1.9148603677749634, 0.9425597786903381, 0.0], "k_pid_att": [100.0, 9.999999747378752e-05, 0.08484724164009094], "k_pid_yaw": [0.5, 1e-06, 0.1], "k_pid_hsp": [0.927648663520813, 0.0, 0.00827363133430481], "k_pid_vsp": [4.395484924316406, 377.9703369140625, 400.0]}, "datetime": {"datetime": "2025-08-20 23:41:52", "elapsed": 42567.06479597092, "delta": 21.627462148666382}, "costs": {"total_cost": 1482.9672374303136, "time_cost": 150, "final_distance_cost": 14.192967669103915, "oscillation_cost": 75.04503395508449, "completition_cost": 1000.0, "overshoot_cost": 139.3303981020884, "power_cost": 25.583664306640625, "noise_cost": 78.81517339739624, "n_waypoints_completed": 0, "tot_waypoints": 9}}
{"target": -2106.5365947909313, "params": {"k_pid_pos": [0.08446609973907471, 0.9370883703231812, 0.07555672526359558], "k_pid_alt": [2.0, 1.0, 0.0], "k_pid_att": [99.3078384399414, 0.6317208409309387, 0.012882828712463379], "k_pid_yaw": [0.5, 1e-06, 0.1], "k_pid_hsp": [9.999999747378752e-05, 0.0, 0.014461696147918701], "k_pid_vsp": [0.0, 385.7225036621094, 380.9586181640625]}, "datetime": {"datetime": "2025-08-20 23:42:16", "elapsed": 42591.15456056595, "delta": 24.08976459503174}, "costs": {"total_cost": 2106.5365947909313, "time_cost": 150, "final_distance_cost": 389.1151796595991, "oscillation_cost": 33.87160299825583, "completition_cost": 1000.0, "overshoot_cost": 468.7315379151883, "power_cost": 38.11295993652344, "noise_cost": 26.705314281364508, "n_waypoints_completed": 0, "tot_waypoints": 9}}
