{"target": -1501.4072976209611, "params": {"k_pid_pos": [0.02646038495004177, 1.0, 0.0], "k_pid_alt": [2.0, 0.9858059287071228, 0.0], "k_pid_att": [93.67349243164062, 0.8499124646186829, 0.0], "k_pid_yaw": [0.5, 1e-06, 0.1], "k_pid_hsp": [0.531539261341095, 0.002496272325515747, 0.048870623111724854], "k_pid_vsp": [4.359018802642822, 386.84539794921875, 400.0]}, "datetime": {"datetime": "2025-08-21 01:28:37", "elapsed": 48971.676676511765, "delta": 21.805442094802856}, "costs": {"total_cost": 1501.4072976209611, "time_cost": 150, "final_distance_cost": 20.423798638662603, "oscillation_cost": 119.17606203455009, "completition_cost": 1000.0, "overshoot_cost": 134.53866824843175, "power_cost": 26.352643957519533, "noise_cost": 50.91612474179697, "n_waypoints_completed": 0, "tot_waypoints": 9}}
{"target": -1918.2159625512772, "params": {"k_pid_pos": [0.25987401604652405, 1.0, 0.08299967646598816], "k_pid_alt": [2.0, 1.0, 0.046384215354919434], "k_pid_att": [99.0324478149414, 9.999999747378752e-05, 0.05724087357521057], "k_pid_yaw": [0.5, 1e-06, 0.1], "k_pid_hsp": [9.999999747378752e-05, 0.0, 0.0], "k_pid_vsp": [17.791080474853516, 399.8106994628906, 400.0]}, "datetime": {"datetime": "2025-08-21 01:29:00", "elapsed": 48994.55652952194, "delta": 22.879853010177612}, "costs": {"total_cost": 1918.2159625512772, "time_cost": 150, "final_distance_cost": 335.0448336336895, "oscillation_cost": 30.833077949330296, "completition_cost": 1000.0, "overshoot_cost": 376.8352300831769, "power_cost": 11.707255627441407, "noise_cost": 13.79556525763917, "n_waypoints_completed": 0, "tot_waypoints": 9}}
{"target": -1414.0227812950914, "params": {"k_pid_pos": [9.999999747378752e-05, 1.0, 0.0], "k_pid_alt": [1.8943383693695068, 1.0, 0.030128151178359985], "k_pid_att": [100.0, 9.999999747378752e-05, 0.09674885869026184], "k_pid_yaw": [0.5, 1e-06, 0.1], "k_pid_hsp": [0.6207879781723022, 0.0, 0.0], "k_pid_vsp": [0.0, 400.0, 388.9757080078125]}, "datetime": {"datetime": "2025-08-21 01:29:23", "elapsed": 49018.196392297745, "delta": 23.639862775802612}, "costs": {"total_cost": 1414.0227812950914, "time_cost": 150, "final_distance_cost": 16.495984103511464, "oscillation_cost": 66.70051787083311, "completition_cost": 1000.0, "overshoot_cost": 139.91003184682984, "power_cost": 6.981357788085938, "noise_cost": 33.93488968583117, "n_waypoints_completed": 0, "tot_waypoints": 9}}
{"target": -1399.5765414200878, "params": {"k_pid_pos": [9.999999747378752e-05, 1.0, 0.0], "k_pid_alt": [1.8915431499481201, 0.9487915635108948, 0.1273806095123291], "k_pid_att": [100.0, 0.10669826716184616, 0.035726457834243774], "k_pid_yaw": [0.5, 1e-06, 0.1], "k_pid_hsp": [0.6524654030799866, 0.0, 0.0], "k_pid_vsp": [2.9247283935546875, 400.0, 400.0]}, "datetime": {"datetime": "2025-08-21 01:29:45", "elapsed": 49040.02841758728, "delta": 21.832025289535522}, "costs": {"total_cost": 1399.5765414200878, "time_cost": 150, "final_distance_cost": 16.05149795315061, "oscillation_cost": 66.77464230265201, "completition_cost": 1000.0, "overshoot_cost": 139.89488459963678, "power_cost": 2.8677294677734375, "noise_cost": 23.987787096874985, "n_waypoints_completed": 0, "tot_waypoints": 9}}
{"target": -1946.1845951888108, "params": {"k_pid_pos": [9.999999747378752e-05, 0.8799679279327393, 0.0], "k_pid_alt": [2.0, 0.9733257293701172, 0.08597767353057861], "k_pid_att": [100.0, 0.7316198945045471, 0.0], "k_pid_yaw": [0.5, 1e-06, 0.1], "k_pid_hsp": [9.999999747378752e-05, 0.0, 0.0], "k_pid_vsp": [0.0, 400.0, 400.0]}, "datetime": {"datetime": "2025-08-21 01:30:08", "elapsed": 49062.99637913704, "delta": 22.96796154975891}, "costs": {"total_cost": 1946.1845951888108, "time_cost": 150, "final_distance_cost": 333.2837780158115, "oscillation_cost": 25.06709552830172, "completition_cost": 1000.0, "overshoot_cost": 371.2573026531379, "power_cost": 37.83846499023438, "noise_cost": 28.73795400132537, "n_waypoints_completed": 0, "tot_waypoints": 9}}
{"target": -1482.442707130825, "params": {"k_pid_pos": [9.999999747378752e-05, 1.0, 0.03395208716392517], "k_pid_alt": [2.0, 0.9639016389846802, 0.03721001744270325], "k_pid_att": [100.0, 0.6988460421562195, 0.0], "k_pid_yaw": [0.5, 1e-06, 0.1], "k_pid_hsp": [0.4552314281463623, 0.0, 0.0], "k_pid_vsp": [13.92068862915039, 400.0, 400.0]}, "datetime": {"datetime": "2025-08-21 01:30:31", "elapsed": 49085.861673116684, "delta": 22.865293979644775}, "costs": {"total_cost": 1482.442707130825, "time_cost": 150, "final_distance_cost": 16.519335484415436, "oscillation_cost": 62.63535019837034, "completition_cost": 1000.0, "overshoot_cost": 139.80016390848016, "power_cost": 28.252866479492187, "noise_cost": 85.23499106006696, "n_waypoints_completed": 0, "tot_waypoints": 9}}
{"target": -1439.1437847860643, "params": {"k_pid_pos": [0.07868479937314987, 1.0, 0.04134675860404968], "k_pid_alt": [2.0, 1.0, 0.03111952543258667], "k_pid_att": [100.0, 9.999999747378752e-05, 0.0], "k_pid_yaw": [0.5, 1e-06, 0.1], "k_pid_hsp": [9.999999747378752e-05, 0.03719338774681091, 0.0], "k_pid_vsp": [0.0, 400.0, 386.5491943359375]}, "datetime": {"datetime": "2025-08-21 01:30:54", "elapsed": 49108.641258478165, "delta": 22.779585361480713}, "costs": {"total_cost": 1439.1437847860643, "time_cost": 150, "final_distance_cost": 36.70659831663978, "oscillation_cost": 33.745329117302454, "completition_cost": 1000.0, "overshoot_cost": 157.01112589266108, "power_cost": 14.220488525390625, "noise_cost": 47.460242934070344, "n_waypoints_completed": 0, "tot_waypoints": 9}}
{"target": -1451.0859326473053, "params": {"k_pid_pos": [0.0824771299958229, 0.9276496171951294, 0.0], "k_pid_alt": [1.7323336601257324, 0.9461889266967773, 0.07480716705322266], "k_pid_att": [100.0, 9.999999747378752e-05, 0.013064682483673096], "k_pid_yaw": [0.5, 1e-06, 0.1], "k_pid_hsp": [0.3931523263454437, 0.0033449530601501465, 0.015821874141693115], "k_pid_vsp": [0.0, 400.0, 383.7262268066406]}, "datetime": {"datetime": "2025-08-21 01:31:15", "elapsed": 49130.379358530045, "delta": 21.738100051879883}, "costs": {"total_cost": 1451.0859326473053, "time_cost": 150, "final_distance_cost": 4.22254248470082, "oscillation_cost": 90.86490008813912, "completition_cost": 1000.0, "overshoot_cost": 139.74125715532765, "power_cost": 14.413797583007813, "noise_cost": 51.84343533612962, "n_waypoints_completed": 0, "tot_waypoints": 9}}
{"target": -1920.4542160075848, "params": {"k_pid_pos": [0.0580148808658123, 1.0, 0.045002877712249756], "k_pid_alt": [2.0, 0.9316328763961792, 0.0], "k_pid_att": [98.14009857177734, 0.5886494517326355, 0.0], "k_pid_yaw": [0.5, 1e-06, 0.1], "k_pid_hsp": [9.999999747378752e-05, 0.0, 0.0], "k_pid_vsp": [0.0, 398.83447265625, 395.5425109863281]}, "datetime": {"datetime": "2025-08-21 01:31:38", "elapsed": 49153.4129588604, "delta": 23.033600330352783}, "costs": {"total_cost": 1920.4542160075848, "time_cost": 150, "final_distance_cost": 336.66619266025634, "oscillation_cost": 30.695084289585576, "completition_cost": 1000.0, "overshoot_cost": 378.4631105546352, "power_cost": 11.421089465332031, "noise_cost": 13.208739037775857, "n_waypoints_completed": 0, "tot_waypoints": 9}}
{"target": -1489.0379083932403, "params": {"k_pid_pos": [9.999999747378752e-05, 1.0, 0.0], "k_pid_alt": [1.8523880243301392, 1.0, 0.07570520043373108], "k_pid_att": [99.45008850097656, 9.999999747378752e-05, 0.011775046586990356], "k_pid_yaw": [0.5, 1e-06, 0.1], "k_pid_hsp": [9.999999747378752e-05, 0.057504624128341675, 0.0], "k_pid_vsp": [0.0, 393.1099548339844, 400.0]}, "datetime": {"datetime": "2025-08-21 01:32:02", "elapsed": 49176.549078941345, "delta": 23.136120080947876}, "costs": {"total_cost": 1489.0379083932403, "time_cost": 150, "final_distance_cost": 30.570197951199333, "oscillation_cost": 35.325748145235345, "completition_cost": 1000.0, "overshoot_cost": 149.8170565835559, "power_cost": 31.309148400878907, "noise_cost": 92.01575731237067, "n_waypoints_completed": 0, "tot_waypoints": 9}}
{"target": -1444.7641222254988, "params": {"k_pid_pos": [0.09933564066886902, 0.9176638722419739, 0.0], "k_pid_alt": [1.9496040344238281, 0.9818580150604248, 0.0], "k_pid_att": [100.0, 0.4062238037586212, 0.00959765911102295], "k_pid_yaw": [0.5, 1e-06, 0.1], "k_pid_hsp": [0.16440750658512115, 0.014715135097503662, 0.030382096767425537], "k_pid_vsp": [0.0, 400.0, 372.1310729980469]}, "datetime": {"datetime": "2025-08-21 01:32:25", "elapsed": 49199.90021920204, "delta": 23.35114026069641}, "costs": {"total_cost": 1444.7641222254988, "time_cost": 150, "final_distance_cost": 2.407038996174684, "oscillation_cost": 75.34776225545464, "completition_cost": 1000.0, "overshoot_cost": 139.09217742505828, "power_cost": 19.174281311035156, "noise_cost": 58.74286223777612, "n_waypoints_completed": 0, "tot_waypoints": 9}}
{"target": -2038.2132770322376, "params": {"k_pid_pos": [0.14911381900310516, 0.9595915675163269, 0.0], "k_pid_alt": [2.0, 0.9682556390762329, 0.0], "k_pid_att": [98.60490417480469, 9.999999747378752e-05, 0.061522990465164185], "k_pid_yaw": [0.5, 1e-06, 0.1], "k_pid_hsp": [9.999999747378752e-05, 0.0, 0.020891517400741577], "k_pid_vsp": [0.0, 400.0, 397.45220947265625]}, "datetime": {"datetime": "2025-08-21 01:32:47", "elapsed": 49222.459330797195, "delta": 22.55911159515381}, "costs": {"total_cost": 2038.2132770322376, "time_cost": 150, "final_distance_cost": 371.52127092955556, "oscillation_cost": 15.892671028231126, "completition_cost": 1000.0, "overshoot_cost": 437.69809009220086, "power_cost": 36.595286145019536, "noise_cost": 26.505958837230356, "n_waypoints_completed": 0, "tot_waypoints": 9}}
{"target": -1481.733934664653, "params": {"k_pid_pos": [0.16598686575889587, 0.9929917454719543, 0.07334631681442261], "k_pid_alt": [1.8971532583236694, 1.0, 0.014528423547744751], "k_pid_att": [97.99243927001953, 0.3291277289390564, 0.0], "k_pid_yaw": [0.5, 1e-06, 0.1], "k_pid_hsp": [0.27885738015174866, 0.0, 0.0], "k_pid_vsp": [0.0, 376.6331787109375, 400.0]}, "datetime": {"datetime": "2025-08-21 01:33:13", "elapsed": 49248.021310806274, "delta": 25.56198000907898}, "costs": {"total_cost": 1481.733934664653, "time_cost": 150, "final_distance_cost": 11.52458960374034, "oscillation_cost": 60.001104044985546, "completition_cost": 1000.0, "overshoot_cost": 139.09117965872525, "power_cost": 30.474902392578127, "noise_cost": 90.64215896462392, "n_waypoints_completed": 0, "tot_waypoints": 9}}
{"target": -4355.239920164873, "params": {"k_pid_pos": [9.999999747378752e-05, 1.0, 0.02076736092567444], "k_pid_alt": [1.8852663040161133, 1.0, 0.0], "k_pid_att": [100.0, 0.5555552244186401, 0.07237890362739563], "k_pid_yaw": [0.5, 1e-06, 0.1], "k_pid_hsp": [9.999999747378752e-05, 0.0, 0.04037058353424072], "k_pid_vsp": [4.233598709106445, 392.3548278808594, 400.0]}, "datetime": {"datetime": "2025-08-21 01:33:35", "elapsed": 49270.486124038696, "delta": 22.464813232421875}, "costs": {"total_cost": 4355.239920164873, "time_cost": 150, "final_distance_cost": 1190.5952620027294, "oscillation_cost": 107.3827898809663, "completition_cost": 888.8888888888888, "overshoot_cost": 1979.0189870145957, "power_cost": 21.780250317382812, "noise_cost": 17.57374206030993, "n_waypoints_completed": 1, "tot_waypoints": 9}}
{"target": -1457.4037967475485, "params": {"k_pid_pos": [0.03335689753293991, 0.9824124574661255, 0.0], "k_pid_alt": [2.0, 0.9785603284835815, 0.0602685809135437], "k_pid_att": [90.92052459716797, 0.43133318424224854, 0.0], "k_pid_yaw": [0.5, 1e-06, 0.1], "k_pid_hsp": [0.21739579737186432, 0.0430181622505188, 0.04130762815475464], "k_pid_vsp": [9.137392044067383, 400.0, 393.6680603027344]}, "datetime": {"datetime": "2025-08-21 01:34:03", "elapsed": 49298.42871260643, "delta": 27.942588567733765}, "costs": {"total_cost": 1457.4037967475485, "time_cost": 150, "final_distance_cost": 16.81171999375054, "oscillation_cost": 91.52907911338919, "completition_cost": 1000.0, "overshoot_cost": 133.40823394160577, "power_cost": 22.84121248779297, "noise_cost": 42.81355121101024, "n_waypoints_completed": 0, "tot_waypoints": 9}}
{"target": -2240.801810051893, "params": {"k_pid_pos": [0.09598471224308014, 1.0, 0.0], "k_pid_alt": [2.0, 1.0, 0.0], "k_pid_att": [95.11134338378906, 9.999999747378752e-05, 0.0], "k_pid_yaw": [0.5, 1e-06, 0.1], "k_pid_hsp": [9.999999747378752e-05, 0.0, 0.09928452968597412], "k_pid_vsp": [8.727765083312988, 399.21173095703125, 356.54095458984375]}, "datetime": {"datetime": "2025-08-21 01:34:26", "elapsed": 49321.25093626976, "delta": 22.822223663330078}, "costs": {"total_cost": 2240.801810051893, "time_cost": 150, "final_distance_cost": 235.4925953205704, "oscillation_cost": 415.43381807808026, "completition_cost": 1000.0, "overshoot_cost": 401.3172592521321, "power_cost": 21.409417346191407, "noise_cost": 17.14872005491865, "n_waypoints_completed": 0, "tot_waypoints": 9}}
{"target": -1451.9285075219645, "params": {"k_pid_pos": [0.12596596777439117, 0.9404109120368958, 0.0], "k_pid_alt": [1.9274324178695679, 1.0, 0.0], "k_pid_att": [100.0, 9.999999747378752e-05, 0.05346202850341797], "k_pid_yaw": [0.5, 1e-06, 0.1], "k_pid_hsp": [0.1633748561143875, 0.0, 0.0006965696811676025], "k_pid_vsp": [36.4299430847168, 397.9049072265625, 373.2378845214844]}, "datetime": {"datetime": "2025-08-21 01:34:52", "elapsed": 49346.65767812729, "delta": 25.406741857528687}, "costs": {"total_cost": 1451.9285075219645, "time_cost": 150, "final_distance_cost": 8.138736591368362, "oscillation_cost": 63.10438134633032, "completition_cost": 1000.0, "overshoot_cost": 139.67793068753588, "power_cost": 21.647524475097658, "noise_cost": 69.35993442163216, "n_waypoints_completed": 0, "tot_waypoints": 9}}
{"target": -1859.3279812743224, "params": {"k_pid_pos": [0.036953557282686234, 0.94363933801651, 0.04424166679382324], "k_pid_alt": [2.0, 0.9435497522354126, 0.0], "k_pid_att": [100.0, 9.999999747378752e-05, 0.0], "k_pid_yaw": [0.5, 1e-06, 0.1], "k_pid_hsp": [9.999999747378752e-05, 0.10998281836509705, 0.06263116002082825], "k_pid_vsp": [0.0, 400.0, 400.0]}, "datetime": {"datetime": "2025-08-21 01:35:13", "elapsed": 49368.30840086937, "delta": 21.65072274208069}, "costs": {"total_cost": 1859.3279812743224, "time_cost": 150, "final_distance_cost": 214.68771286865427, "oscillation_cost": 169.04722043952745, "completition_cost": 1000.0, "overshoot_cost": 284.6071519116168, "power_cost": 23.16060856933594, "noise_cost": 17.825287485187893, "n_waypoints_completed": 0, "tot_waypoints": 9}}
{"target": -1948.6279231499987, "params": {"k_pid_pos": [9.999999747378752e-05, 0.9366371631622314, 0.0], "k_pid_alt": [2.0, 0.936515212059021, 0.0010553300380706787], "k_pid_att": [99.99276733398438, 0.3605647087097168, 0.0], "k_pid_yaw": [0.5, 1e-06, 0.1], "k_pid_hsp": [9.999999747378752e-05, 0.0, 0.0016393661499023438], "k_pid_vsp": [22.526348114013672, 370.30596923828125, 400.0]}, "datetime": {"datetime": "2025-08-21 01:35:39", "elapsed": 49394.16226220131, "delta": 25.853861331939697}, "costs": {"total_cost": 1948.6279231499987, "time_cost": 150, "final_distance_cost": 346.6397790085858, "oscillation_cost": 31.827162552640104, "completition_cost": 1000.0, "overshoot_cost": 396.87425648215265, "power_cost": 10.960646484375001, "noise_cost": 12.32607862224516, "n_waypoints_completed": 0, "tot_waypoints": 9}}
{"target": -1344.8061297726856, "params": {"k_pid_pos": [9.999999747378752e-05, 1.0, 0.051536887884140015], "k_pid_alt": [2.0, 0.9477937817573547, 0.0], "k_pid_att": [97.2331314086914, 0.3531109094619751, 0.08371913433074951], "k_pid_yaw": [0.5, 1e-06, 0.1], "k_pid_hsp": [0.1347091943025589, 0.0, 0.06220024824142456], "k_pid_vsp": [0.0, 400.0, 400.0]}, "datetime": {"datetime": "2025-08-21 01:36:01", "elapsed": 49415.799751996994, "delta": 21.637489795684814}, "costs": {"total_cost": 1344.8061297726856, "time_cost": 150, "final_distance_cost": 55.02004505674934, "oscillation_cost": 140.1383810781083, "completition_cost": 888.8888888888888, "overshoot_cost": 77.63768287858194, "power_cost": 14.75357879638672, "noise_cost": 18.367553073970434, "n_waypoints_completed": 1, "tot_waypoints": 9}}
{"target": -1395.2953058778617, "params": {"k_pid_pos": [0.0077758003026247025, 1.0, 0.07939788699150085], "k_pid_alt": [1.9209232330322266, 1.0, 0.04443320631980896], "k_pid_att": [100.0, 9.999999747378752e-05, 0.015384197235107422], "k_pid_yaw": [0.5, 1e-06, 0.1], "k_pid_hsp": [0.509436845779419, 0.038314878940582275, 0.0], "k_pid_vsp": [10.45832633972168, 373.8554382324219, 400.0]}, "datetime": {"datetime": "2025-08-21 01:36:24", "elapsed": 49439.00562644005, "delta": 23.2058744430542}, "costs": {"total_cost": 1395.2953058778617, "time_cost": 150, "final_distance_cost": 11.800841258785693, "oscillation_cost": 66.5651807158796, "completition_cost": 1000.0, "overshoot_cost": 139.48644164375878, "power_cost": 3.019008288574219, "noise_cost": 24.42383397086327, "n_waypoints_completed": 0, "tot_waypoints": 9}}
{"target": -1370.2563088858317, "params": {"k_pid_pos": [9.999999747378752e-05, 1.0, 0.02194461226463318], "k_pid_alt": [1.9898157119750977, 0.9784997701644897, 0.0], "k_pid_att": [100.0, 0.7077729105949402, 0.0], "k_pid_yaw": [0.5, 1e-06, 0.1], "k_pid_hsp": [9.999999747378752e-05, 0.03471079468727112, 0.02040448784828186], "k_pid_vsp": [0.0, 400.0, 400.0]}, "datetime": {"datetime": "2025-08-21 01:36:48", "elapsed": 49462.970660209656, "delta": 23.965033769607544}, "costs": {"total_cost": 1370.2563088858317, "time_cost": 150, "final_distance_cost": 73.89908981836415, "oscillation_cost": 68.53841467867517, "completition_cost": 888.8888888888888, "overshoot_cost": 136.27138461047872, "power_cost": 26.778156591796876, "noise_cost": 25.880374297628038, "n_waypoints_completed": 1, "tot_waypoints": 9}}
{"target": -1432.7181151400632, "params": {"k_pid_pos": [0.1483146846294403, 0.9614055156707764, 0.01390179991722107], "k_pid_alt": [1.8783531188964844, 1.0, 0.0], "k_pid_att": [95.02496337890625, 9.999999747378752e-05, 0.05541345477104187], "k_pid_yaw": [0.5, 1e-06, 0.1], "k_pid_hsp": [0.743523120880127, 0.0, 0.0], "k_pid_vsp": [0.0, 400.0, 400.0]}, "datetime": {"datetime": "2025-08-21 01:37:10", "elapsed": 49484.90214467049, "delta": 21.93148446083069}, "costs": {"total_cost": 1432.7181151400632, "time_cost": 150, "final_distance_cost": 14.444230350758692, "oscillation_cost": 67.22765279188017, "completition_cost": 1000.0, "overshoot_cost": 138.90212854919258, "power_cost": 13.309013647460938, "noise_cost": 48.83508980077098, "n_waypoints_completed": 0, "tot_waypoints": 9}}
{"target": -1974.2797175037877, "params": {"k_pid_pos": [9.999999747378752e-05, 0.9743894338607788, 0.0607278048992157], "k_pid_alt": [1.8382048606872559, 1.0, 0.0], "k_pid_att": [100.0, 9.999999747378752e-05, 0.0], "k_pid_yaw": [0.5, 1e-06, 0.1], "k_pid_hsp": [9.999999747378752e-05, 0.0, 0.0], "k_pid_vsp": [0.0, 393.4718933105469, 355.0316467285156]}, "datetime": {"datetime": "2025-08-21 01:37:35", "elapsed": 49510.0652077198, "delta": 25.163063049316406}, "costs": {"total_cost": 1974.2797175037877, "time_cost": 150, "final_distance_cost": 342.56887132078197, "oscillation_cost": 25.22405537967124, "completition_cost": 1000.0, "overshoot_cost": 390.3621878827704, "power_cost": 37.855783349609375, "noise_cost": 28.2688195709548, "n_waypoints_completed": 0, "tot_waypoints": 9}}
{"target": -1761.1317363746095, "params": {"k_pid_pos": [9.999999747378752e-05, 0.9604270458221436, 0.0], "k_pid_alt": [1.946614384651184, 0.9202938079833984, 0.07515925168991089], "k_pid_att": [99.77914428710938, 9.999999747378752e-05, 0.0], "k_pid_yaw": [0.5, 1e-06, 0.1], "k_pid_hsp": [9.999999747378752e-05, 0.012456029653549194, 0.0], "k_pid_vsp": [0.0, 390.69976806640625, 400.0]}, "datetime": {"datetime": "2025-08-21 01:37:58", "elapsed": 49532.68668627739, "delta": 22.62147855758667}, "costs": {"total_cost": 1761.1317363746095, "time_cost": 150, "final_distance_cost": 291.3954974827086, "oscillation_cost": 26.16357780959649, "completition_cost": 888.8888888888888, "overshoot_cost": 339.3309647542093, "power_cost": 37.79934754638672, "noise_cost": 27.55345989281956, "n_waypoints_completed": 1, "tot_waypoints": 9}}
{"target": -1503.5662298757086, "params": {"k_pid_pos": [0.04789719730615616, 1.0, 0.03169602155685425], "k_pid_alt": [2.0, 1.0, 0.09226810932159424], "k_pid_att": [100.0, 9.999999747378752e-05, 0.0], "k_pid_yaw": [0.5, 1e-06, 0.1], "k_pid_hsp": [0.2782101035118103, 0.007791399955749512, 0.05888369679450989], "k_pid_vsp": [16.624282836914062, 400.0, 389.2203063964844]}, "datetime": {"datetime": "2025-08-21 01:38:24", "elapsed": 49558.73071599007, "delta": 26.044029712677002}, "costs": {"total_cost": 1503.5662298757086, "time_cost": 150, "final_distance_cost": 20.654837014867862, "oscillation_cost": 147.20191497857053, "completition_cost": 1000.0, "overshoot_cost": 123.99332639049979, "power_cost": 29.85830632324219, "noise_cost": 31.857845168528314, "n_waypoints_completed": 0, "tot_waypoints": 9}}
{"target": -2063.7989258992493, "params": {"k_pid_pos": [9.999999747378752e-05, 1.0, 0.01099538803100586], "k_pid_alt": [1.9030911922454834, 0.9687362909317017, 0.005308270454406738], "k_pid_att": [100.0, 9.999999747378752e-05, 0.04624629020690918], "k_pid_yaw": [0.5, 1e-06, 0.1], "k_pid_hsp": [9.999999747378752e-05, 0.0, 0.018418699502944946], "k_pid_vsp": [30.836559295654297, 388.3734130859375, 400.0]}, "datetime": {"datetime": "2025-08-21 01:38:46", "elapsed": 49580.91055750847, "delta": 22.1798415184021}, "costs": {"total_cost": 2063.7989258992493, "time_cost": 150, "final_distance_cost": 391.14600176690914, "oscillation_cost": 30.126272009655338, "completition_cost": 1000.0, "overshoot_cost": 470.0323698953938, "power_cost": 10.725958020019531, "noise_cost": 11.768324207271707, "n_waypoints_completed": 0, "tot_waypoints": 9}}
