{"target": -1517.1909931104158, "params": {"k_pid_pos": [0.19957414269447327, 1.0, 0.0], "k_pid_alt": [1.989359974861145, 0.9381750822067261, 0.011506080627441406], "k_pid_att": [95.42838287353516, 9.999999747378752e-05, 0.07956111431121826], "k_pid_yaw": [0.5, 1e-06, 0.1], "k_pid_hsp": [0.6636477708816528, 0.0, 0.13890942931175232], "k_pid_vsp": [0.0, 390.9721984863281, 365.599853515625]}, "datetime": {"datetime": "2025-08-20 13:01:48", "elapsed": 4163.044498920441, "delta": 21.86594247817993}, "costs": {"total_cost": 1517.1909931104158, "time_cost": 150, "final_distance_cost": 11.898993389570107, "oscillation_cost": 161.28505317451385, "completition_cost": 1000.0, "overshoot_cost": 132.46317883095554, "power_cost": 22.242496386718752, "noise_cost": 39.30127132865745, "n_waypoints_completed": 0, "tot_waypoints": 9}}
{"target": -1949.5030259589212, "params": {"k_pid_pos": [9.999999747378752e-05, 1.0, 0.0], "k_pid_alt": [1.9729951620101929, 0.9519137144088745, 0.015804767608642578], "k_pid_att": [100.0, 0.3000645041465759, 0.005857557058334351], "k_pid_yaw": [0.5, 1e-06, 0.1], "k_pid_hsp": [9.999999747378752e-05, 0.003916054964065552, 0.010714530944824219], "k_pid_vsp": [8.428108215332031, 377.0331115722656, 378.24365234375]}, "datetime": {"datetime": "2025-08-20 13:02:10", "elapsed": 4185.111215591431, "delta": 22.06671667098999}, "costs": {"total_cost": 1949.5030259589212, "time_cost": 150, "final_distance_cost": 333.1616097751685, "oscillation_cost": 27.03814838703662, "completition_cost": 1000.0, "overshoot_cost": 374.16725041984904, "power_cost": 37.96831063232422, "noise_cost": 27.16770674454269, "n_waypoints_completed": 0, "tot_waypoints": 9}}
{"target": -1505.0008135354947, "params": {"k_pid_pos": [0.10497723519802094, 1.0, 0.0], "k_pid_alt": [2.0, 1.0, 0.019239068031311035], "k_pid_att": [100.0, 1.316760540008545, 0.0], "k_pid_yaw": [0.5, 1e-06, 0.1], "k_pid_hsp": [0.2747938930988312, 0.0, 0.0], "k_pid_vsp": [0.0, 400.0, 357.0089111328125]}, "datetime": {"datetime": "2025-08-20 13:02:32", "elapsed": 4206.780782699585, "delta": 21.669567108154297}, "costs": {"total_cost": 1505.0008135354947, "time_cost": 150, "final_distance_cost": 13.351112642868227, "oscillation_cost": 58.19383127369843, "completition_cost": 1000.0, "overshoot_cost": 139.75707457504177, "power_cost": 37.04689237060547, "noise_cost": 106.65190267328079, "n_waypoints_completed": 0, "tot_waypoints": 9}}
{"target": -1414.0851143177786, "params": {"k_pid_pos": [9.999999747378752e-05, 1.0, 0.006318718194961548], "k_pid_alt": [2.0, 0.9027867317199707, 0.0], "k_pid_att": [97.95796966552734, 9.999999747378752e-05, 0.0], "k_pid_yaw": [0.5, 1e-06, 0.1], "k_pid_hsp": [0.03817685693502426, 0.0, 0.0], "k_pid_vsp": [0.0, 394.6134033203125, 400.0]}, "datetime": {"datetime": "2025-08-20 13:02:53", "elapsed": 4228.341553926468, "delta": 21.560771226882935}, "costs": {"total_cost": 1414.0851143177786, "time_cost": 150, "final_distance_cost": 14.896124660658185, "oscillation_cost": 42.08172943410967, "completition_cost": 1000.0, "overshoot_cost": 140.67845673411523, "power_cost": 14.90476455078125, "noise_cost": 51.524038938114565, "n_waypoints_completed": 0, "tot_waypoints": 9}}
{"target": -1511.8289114744703, "params": {"k_pid_pos": [0.007734019309282303, 1.0, 0.04868575930595398], "k_pid_alt": [1.9795968532562256, 0.948934018611908, 0.02863490581512451], "k_pid_att": [100.0, 0.5701119899749756, 0.06354823708534241], "k_pid_yaw": [0.5, 1e-06, 0.1], "k_pid_hsp": [0.4547191262245178, 0.04160693287849426, 0.0], "k_pid_vsp": [28.73275375366211, 400.0, 385.4124450683594]}, "datetime": {"datetime": "2025-08-20 13:03:15", "elapsed": 4250.040554523468, "delta": 21.699000597000122}, "costs": {"total_cost": 1511.8289114744703, "time_cost": 150, "final_distance_cost": 14.084480235384953, "oscillation_cost": 60.69189539081379, "completition_cost": 1000.0, "overshoot_cost": 139.75500788880288, "power_cost": 38.08233114013672, "noise_cost": 109.21519681933167, "n_waypoints_completed": 0, "tot_waypoints": 9}}
{"target": -1380.2580402186595, "params": {"k_pid_pos": [9.999999747378752e-05, 0.9995790719985962, 0.0], "k_pid_alt": [2.0, 0.9829404354095459, 0.062123239040374756], "k_pid_att": [89.24349212646484, 0.27847710251808167, 0.006534874439239502], "k_pid_yaw": [0.5, 1e-06, 0.1], "k_pid_hsp": [0.307343065738678, 0.0, 0.0], "k_pid_vsp": [4.494941234588623, 392.4112854003906, 389.15216064453125]}, "datetime": {"datetime": "2025-08-20 13:03:36", "elapsed": 4271.509457111359, "delta": 21.468902587890625}, "costs": {"total_cost": 1380.2580402186595, "time_cost": 150, "final_distance_cost": 7.544337897784161, "oscillation_cost": 59.2151997454045, "completition_cost": 1000.0, "overshoot_cost": 140.25602910045222, "power_cost": 1.9729218750000002, "noise_cost": 21.26955160001862, "n_waypoints_completed": 0, "tot_waypoints": 9}}
{"target": -1954.7522183279916, "params": {"k_pid_pos": [0.045421943068504333, 0.9975025653839111, 0.0], "k_pid_alt": [2.0, 0.9773684740066528, 0.11052286624908447], "k_pid_att": [100.0, 9.999999747378752e-05, 0.0], "k_pid_yaw": [0.5, 1e-06, 0.1], "k_pid_hsp": [9.999999747378752e-05, 0.0, 0.0], "k_pid_vsp": [6.128382682800293, 400.0, 393.4547119140625]}, "datetime": {"datetime": "2025-08-20 13:03:58", "elapsed": 4292.933260440826, "delta": 21.423803329467773}, "costs": {"total_cost": 1954.7522183279916, "time_cost": 150, "final_distance_cost": 336.2811971373347, "oscillation_cost": 25.286248176142102, "completition_cost": 1000.0, "overshoot_cost": 377.2689914927773, "power_cost": 37.847085937500005, "noise_cost": 28.068695584237584, "n_waypoints_completed": 0, "tot_waypoints": 9}}
{"target": -1447.4529525968796, "params": {"k_pid_pos": [9.999999747378752e-05, 0.9644043445587158, 0.02770140767097473], "k_pid_alt": [1.9169807434082031, 0.9967647790908813, 0.04634895920753479], "k_pid_att": [96.83659362792969, 1.193081259727478, 0.04561138153076172], "k_pid_yaw": [0.5, 1e-06, 0.1], "k_pid_hsp": [0.06505172699689865, 0.07989048957824707, 0.017101317644119263], "k_pid_vsp": [22.176910400390625, 394.52667236328125, 400.0]}, "datetime": {"datetime": "2025-08-20 13:04:20", "elapsed": 4314.91922044754, "delta": 21.985960006713867}, "costs": {"total_cost": 1447.4529525968796, "time_cost": 150, "final_distance_cost": 4.369428495103158, "oscillation_cost": 64.12099734791082, "completition_cost": 1000.0, "overshoot_cost": 143.17036275844404, "power_cost": 20.186469982910157, "noise_cost": 65.60569401251124, "n_waypoints_completed": 0, "tot_waypoints": 9}}
{"target": -1908.113842139101, "params": {"k_pid_pos": [9.999999747378752e-05, 0.9492202997207642, 0.0], "k_pid_alt": [1.9332389831542969, 0.9526888132095337, 0.062336862087249756], "k_pid_att": [95.99177551269531, 0.22331328690052032, 0.0], "k_pid_yaw": [0.5, 1e-06, 0.1], "k_pid_hsp": [9.999999747378752e-05, 0.0, 0.0], "k_pid_vsp": [8.792829513549805, 372.5791320800781, 400.0]}, "datetime": {"datetime": "2025-08-20 13:04:42", "elapsed": 4336.723387956619, "delta": 21.80416750907898}, "costs": {"total_cost": 1908.113842139101, "time_cost": 150, "final_distance_cost": 332.14102608779905, "oscillation_cost": 30.079495374092332, "completition_cost": 1000.0, "overshoot_cost": 370.57469423282294, "power_cost": 11.629058471679688, "noise_cost": 13.689567972706874, "n_waypoints_completed": 0, "tot_waypoints": 9}}
{"target": -1509.5631320199104, "params": {"k_pid_pos": [9.999999747378752e-05, 1.0, 0.07849371433258057], "k_pid_alt": [2.0, 1.0, 0.024266809225082397], "k_pid_att": [100.0, 0.2267390340566635, 0.018903374671936035], "k_pid_yaw": [0.5, 1e-06, 0.1], "k_pid_hsp": [0.6566928625106812, 0.0, 0.0], "k_pid_vsp": [42.151344299316406, 382.2310791015625, 379.4061279296875]}, "datetime": {"datetime": "2025-08-20 13:05:03", "elapsed": 4358.081100702286, "delta": 21.357712745666504}, "costs": {"total_cost": 1509.5631320199104, "time_cost": 150, "final_distance_cost": 12.019224574731764, "oscillation_cost": 64.68169858523028, "completition_cost": 1000.0, "overshoot_cost": 139.42244917276483, "power_cost": 37.013987597656254, "noise_cost": 106.42577208952734, "n_waypoints_completed": 0, "tot_waypoints": 9}}
{"target": -2647.063913484075, "params": {"k_pid_pos": [0.09444884210824966, 1.0, 0.02550068497657776], "k_pid_alt": [1.995461344718933, 1.0, 0.0], "k_pid_att": [100.0, 9.999999747378752e-05, 0.0], "k_pid_yaw": [0.5, 1e-06, 0.1], "k_pid_hsp": [9.999999747378752e-05, 0.0, 0.024728477001190186], "k_pid_vsp": [6.169700622558594, 400.0, 400.0]}, "datetime": {"datetime": "2025-08-20 13:05:24", "elapsed": 4379.40532541275, "delta": 21.324224710464478}, "costs": {"total_cost": 2647.063913484075, "time_cost": 150, "final_distance_cost": 569.9966809731002, "oscillation_cost": 92.84106456427511, "completition_cost": 1000.0, "overshoot_cost": 772.8988195176332, "power_cost": 36.11685751953125, "noise_cost": 25.210490909535668, "n_waypoints_completed": 0, "tot_waypoints": 9}}
{"target": -1403.738405987171, "params": {"k_pid_pos": [0.00450563570484519, 1.0, 0.0], "k_pid_alt": [2.0, 1.0, 0.0], "k_pid_att": [100.0, 0.39480990171432495, 0.0], "k_pid_yaw": [0.5, 1e-06, 0.1], "k_pid_hsp": [0.5165914297103882, 0.0, 0.0], "k_pid_vsp": [4.059946537017822, 385.64532470703125, 400.0]}, "datetime": {"datetime": "2025-08-20 13:05:55", "elapsed": 4410.33606004715, "delta": 30.930734634399414}, "costs": {"total_cost": 1403.738405987171, "time_cost": 150, "final_distance_cost": 17.174588770799776, "oscillation_cost": 66.14263020461311, "completition_cost": 1000.0, "overshoot_cost": 139.93815694657536, "power_cost": 3.909908532714844, "noise_cost": 26.57312153246778, "n_waypoints_completed": 0, "tot_waypoints": 9}}
{"target": -1895.5762887838152, "params": {"k_pid_pos": [0.08276554197072983, 0.971100926399231, 0.036617010831832886], "k_pid_alt": [1.9755783081054688, 0.9507838487625122, 0.09962305426597595], "k_pid_att": [93.96087646484375, 0.025382546707987785, 0.0], "k_pid_yaw": [0.5, 1e-06, 0.1], "k_pid_hsp": [9.999999747378752e-05, 0.0, 0.0], "k_pid_vsp": [0.49288272857666016, 398.4640808105469, 400.0]}, "datetime": {"datetime": "2025-08-20 13:06:20", "elapsed": 4435.221618890762, "delta": 24.88555884361267}, "costs": {"total_cost": 1895.5762887838152, "time_cost": 150, "final_distance_cost": 327.8545933719264, "oscillation_cost": 29.403993343079804, "completition_cost": 1000.0, "overshoot_cost": 363.2943885016469, "power_cost": 11.6224474609375, "noise_cost": 13.400866106224546, "n_waypoints_completed": 0, "tot_waypoints": 9}}
{"target": -1937.1067723869967, "params": {"k_pid_pos": [0.06294012069702148, 1.0, 0.03970244526863098], "k_pid_alt": [2.0, 0.9866151809692383, 0.09906002879142761], "k_pid_att": [100.0, 0.6450760364532471, 0.0], "k_pid_yaw": [0.5, 1e-06, 0.1], "k_pid_hsp": [9.999999747378752e-05, 0.0, 0.0], "k_pid_vsp": [8.320295333862305, 385.6101379394531, 400.0]}, "datetime": {"datetime": "2025-08-20 13:06:45", "elapsed": 4459.656095504761, "delta": 24.434476613998413}, "costs": {"total_cost": 1937.1067723869967, "time_cost": 150, "final_distance_cost": 342.0991232484423, "oscillation_cost": 31.154511788675293, "completition_cost": 1000.0, "overshoot_cost": 389.1954794678133, "power_cost": 11.406018542480469, "noise_cost": 13.251639339585093, "n_waypoints_completed": 0, "tot_waypoints": 9}}
{"target": -1492.810918838478, "params": {"k_pid_pos": [0.09321580082178116, 0.922394871711731, 0.023772090673446655], "k_pid_alt": [2.0, 1.0, 0.04748538136482239], "k_pid_att": [97.0716323852539, 9.999999747378752e-05, 0.0], "k_pid_yaw": [0.5, 1e-06, 0.1], "k_pid_hsp": [0.08517464995384216, 0.0, 0.0], "k_pid_vsp": [5.429935455322266, 392.4298095703125, 400.0]}, "datetime": {"datetime": "2025-08-20 13:07:09", "elapsed": 4484.407161951065, "delta": 24.75106644630432}, "costs": {"total_cost": 1492.810918838478, "time_cost": 150, "final_distance_cost": 15.465576207196907, "oscillation_cost": 50.326143879529205, "completition_cost": 1000.0, "overshoot_cost": 139.85622176428384, "power_cost": 35.199687915039064, "noise_cost": 101.9632890724289, "n_waypoints_completed": 0, "tot_waypoints": 9}}
{"target": -1487.3094462533809, "params": {"k_pid_pos": [9.999999747378752e-05, 0.9265645742416382, 0.0], "k_pid_alt": [2.0, 0.9863073229789734, 0.008310496807098389], "k_pid_att": [97.78641510009766, 0.932502806186676, 0.014669716358184814], "k_pid_yaw": [0.5, 1e-06, 0.1], "k_pid_hsp": [0.3774266839027405, 0.0, 0.0], "k_pid_vsp": [0.0, 400.0, 390.92498779296875]}, "datetime": {"datetime": "2025-08-20 13:07:34", "elapsed": 4509.143498420715, "delta": 24.73633646965027}, "costs": {"total_cost": 1487.3094462533809, "time_cost": 150, "final_distance_cost": 14.456701048875297, "oscillation_cost": 59.56968154514669, "completition_cost": 1000.0, "overshoot_cost": 139.74971956777344, "power_cost": 31.21804333496094, "noise_cost": 92.31530075662471, "n_waypoints_completed": 0, "tot_waypoints": 9}}
{"target": -1995.685917912596, "params": {"k_pid_pos": [9.999999747378752e-05, 0.9416999220848083, 0.06975224614143372], "k_pid_alt": [1.9541548490524292, 1.0, 0.0], "k_pid_att": [99.59754943847656, 9.999999747378752e-05, 0.0], "k_pid_yaw": [0.5, 1e-06, 0.1], "k_pid_hsp": [9.999999747378752e-05, 0.0, 0.004626333713531494], "k_pid_vsp": [0.0, 398.4487609863281, 390.0684509277344]}, "datetime": {"datetime": "2025-08-20 13:07:59", "elapsed": 4534.222773075104, "delta": 25.079274654388428}, "costs": {"total_cost": 1995.685917912596, "time_cost": 150, "final_distance_cost": 349.8538689322718, "oscillation_cost": 26.57658599106375, "completition_cost": 1000.0, "overshoot_cost": 404.5918653021505, "power_cost": 37.87951784667969, "noise_cost": 26.784079840430493, "n_waypoints_completed": 0, "tot_waypoints": 9}}
{"target": -1460.4391885680727, "params": {"k_pid_pos": [0.0436110645532608, 1.0, 0.0], "k_pid_alt": [1.9444687366485596, 1.0, 0.0], "k_pid_att": [100.0, 9.999999747378752e-05, 0.0], "k_pid_yaw": [0.5, 1e-06, 0.1], "k_pid_hsp": [0.3547017574310303, 0.0, 0.005677163600921631], "k_pid_vsp": [8.726167678833008, 400.0, 387.45001220703125]}, "datetime": {"datetime": "2025-08-20 13:08:24", "elapsed": 4558.529010057449, "delta": 24.30623698234558}, "costs": {"total_cost": 1460.4391885680727, "time_cost": 150, "final_distance_cost": 24.434361592645807, "oscillation_cost": 80.43468361437098, "completition_cost": 1000.0, "overshoot_cost": 143.92527059070596, "power_cost": 12.980207641601563, "noise_cost": 48.664665128748354, "n_waypoints_completed": 0, "tot_waypoints": 9}}
{"target": -1921.2034410968015, "params": {"k_pid_pos": [9.999999747378752e-05, 1.0, 0.0], "k_pid_alt": [1.8620699644088745, 0.8824115991592407, 0.047415196895599365], "k_pid_att": [93.93527221679688, 0.07388921827077866, 0.0], "k_pid_yaw": [0.5, 1e-06, 0.1], "k_pid_hsp": [9.999999747378752e-05, 0.0, 0.0], "k_pid_vsp": [0.0, 400.0, 392.3445129394531]}, "datetime": {"datetime": "2025-08-20 13:08:48", "elapsed": 4583.329466342926, "delta": 24.800456285476685}, "costs": {"total_cost": 1921.2034410968015, "time_cost": 150, "final_distance_cost": 324.1927095614853, "oscillation_cost": 24.675174475535375, "completition_cost": 1000.0, "overshoot_cost": 356.052910434505, "power_cost": 37.88008430175781, "noise_cost": 28.40256232351805, "n_waypoints_completed": 0, "tot_waypoints": 9}}
{"target": -1431.1513428179373, "params": {"k_pid_pos": [0.1437852531671524, 1.0, 0.0], "k_pid_alt": [1.9792827367782593, 1.0, 0.013263165950775146], "k_pid_att": [94.44867706298828, 9.999999747378752e-05, 0.0], "k_pid_yaw": [0.5, 1e-06, 0.1], "k_pid_hsp": [0.21378706395626068, 0.018055230379104614, 0.04247891902923584], "k_pid_vsp": [3.498208522796631, 395.5106201171875, 399.4515380859375]}, "datetime": {"datetime": "2025-08-20 13:09:14", "elapsed": 4609.399302721024, "delta": 26.069836378097534}, "costs": {"total_cost": 1431.1513428179373, "time_cost": 150, "final_distance_cost": 18.40873155042216, "oscillation_cost": 85.90558660219968, "completition_cost": 1000.0, "overshoot_cost": 129.41441157867138, "power_cost": 17.150351293945313, "noise_cost": 30.272261792698774, "n_waypoints_completed": 0, "tot_waypoints": 9}}
{"target": -1476.7778171816667, "params": {"k_pid_pos": [9.999999747378752e-05, 0.9667094349861145, 0.0], "k_pid_alt": [1.905671238899231, 1.0, 0.016957402229309082], "k_pid_att": [91.78204345703125, 9.999999747378752e-05, 0.0039817094802856445], "k_pid_yaw": [0.5, 1e-06, 0.1], "k_pid_hsp": [1.1418864727020264, 0.0, 0.030108273029327393], "k_pid_vsp": [15.148496627807617, 400.0, 393.8545837402344]}, "datetime": {"datetime": "2025-08-20 13:09:40", "elapsed": 4635.065156459808, "delta": 25.66585373878479}, "costs": {"total_cost": 1476.7778171816667, "time_cost": 150, "final_distance_cost": 11.680227588308579, "oscillation_cost": 85.42469352566513, "completition_cost": 1000.0, "overshoot_cost": 145.01092216817804, "power_cost": 20.268986267089844, "noise_cost": 64.39298763242516, "n_waypoints_completed": 0, "tot_waypoints": 9}}
{"target": -1397.6298376201166, "params": {"k_pid_pos": [9.999999747378752e-05, 0.9444787502288818, 0.043119579553604126], "k_pid_alt": [2.0, 1.0, 0.027824044227600098], "k_pid_att": [93.46843719482422, 9.999999747378752e-05, 0.026514112949371338], "k_pid_yaw": [0.5, 1e-06, 0.1], "k_pid_hsp": [0.4794270992279053, 0.14869540929794312, 0.0], "k_pid_vsp": [9.239042282104492, 399.2505187988281, 397.0589294433594]}, "datetime": {"datetime": "2025-08-20 13:10:05", "elapsed": 4660.199986457825, "delta": 25.134829998016357}, "costs": {"total_cost": 1397.6298376201166, "time_cost": 150, "final_distance_cost": 17.509695014821506, "oscillation_cost": 62.82181346584523, "completition_cost": 1000.0, "overshoot_cost": 140.62657489093982, "power_cost": 2.900054345703125, "noise_cost": 23.77169990280687, "n_waypoints_completed": 0, "tot_waypoints": 9}}
{"target": -1796.5546110306195, "params": {"k_pid_pos": [0.1463531255722046, 0.9781579971313477, 0.0], "k_pid_alt": [1.7889084815979004, 0.9768321514129639, 0.0], "k_pid_att": [96.40261840820312, 0.1799623668193817, 0.0], "k_pid_yaw": [0.5, 1e-06, 0.1], "k_pid_hsp": [9.999999747378752e-05, 0.01547279953956604, 0.008282214403152466], "k_pid_vsp": [17.234277725219727, 400.0, 400.0]}, "datetime": {"datetime": "2025-08-20 13:10:31", "elapsed": 4686.147652626038, "delta": 25.94766616821289}, "costs": {"total_cost": 1796.5546110306195, "time_cost": 150, "final_distance_cost": 278.1013550843721, "oscillation_cost": 32.34835651912892, "completition_cost": 1000.0, "overshoot_cost": 310.4180495850221, "power_cost": 12.268074865722657, "noise_cost": 13.418774976373891, "n_waypoints_completed": 0, "tot_waypoints": 9}}
{"target": -1472.5046606674634, "params": {"k_pid_pos": [0.2026434987783432, 0.9812592267990112, 0.05621129274368286], "k_pid_alt": [1.794285774230957, 1.0, 0.07419055700302124], "k_pid_att": [100.0, 0.5029653906822205, 0.053101688623428345], "k_pid_yaw": [0.5, 1e-06, 0.1], "k_pid_hsp": [9.999999747378752e-05, 0.04254385828971863, 0.0], "k_pid_vsp": [8.686637878417969, 311.4748840332031, 372.798828125]}, "datetime": {"datetime": "2025-08-20 13:10:58", "elapsed": 4713.041157007217, "delta": 26.89350438117981}, "costs": {"total_cost": 1472.5046606674634, "time_cost": 150, "final_distance_cost": 35.310134794621405, "oscillation_cost": 33.13946693035714, "completition_cost": 1000.0, "overshoot_cost": 154.0469328874612, "power_cost": 24.841501025390627, "noise_cost": 75.16662502963295, "n_waypoints_completed": 0, "tot_waypoints": 9}}
{"target": -1497.865746511195, "params": {"k_pid_pos": [9.999999747378752e-05, 0.9373733401298523, 0.08506748080253601], "k_pid_alt": [2.0, 0.963454008102417, 0.01756453514099121], "k_pid_att": [99.2015380859375, 0.06794341653585434, 0.002232283353805542], "k_pid_yaw": [0.5, 1e-06, 0.1], "k_pid_hsp": [0.5647768378257751, 0.004392683506011963, 0.0], "k_pid_vsp": [5.386924743652344, 400.0, 400.0]}, "datetime": {"datetime": "2025-08-20 13:11:23", "elapsed": 4738.071188688278, "delta": 25.03003168106079}, "costs": {"total_cost": 1497.865746511195, "time_cost": 150, "final_distance_cost": 11.508669545098757, "oscillation_cost": 62.738363349597634, "completition_cost": 1000.0, "overshoot_cost": 139.07550812790765, "power_cost": 34.37534075927734, "noise_cost": 100.16786472931369, "n_waypoints_completed": 0, "tot_waypoints": 9}}
{"target": -1434.0907412913807, "params": {"k_pid_pos": [9.999999747378752e-05, 1.0, 0.006468862295150757], "k_pid_alt": [2.0, 0.9752076864242554, 0.09959656000137329], "k_pid_att": [100.0, 9.999999747378752e-05, 0.0], "k_pid_yaw": [0.5, 1e-06, 0.1], "k_pid_hsp": [0.7921925187110901, 0.0, 0.0], "k_pid_vsp": [4.139912128448486, 400.0, 400.0]}, "datetime": {"datetime": "2025-08-20 13:11:49", "elapsed": 4764.055969953537, "delta": 25.98478126525879}, "costs": {"total_cost": 1434.0907412913807, "time_cost": 150, "final_distance_cost": 12.781648670995343, "oscillation_cost": 66.70247889445893, "completition_cost": 1000.0, "overshoot_cost": 139.78215382009856, "power_cost": 13.97405360107422, "noise_cost": 50.85040630475354, "n_waypoints_completed": 0, "tot_waypoints": 9}}
{"target": -1437.8550448494257, "params": {"k_pid_pos": [9.999999747378752e-05, 1.0, 0.0], "k_pid_alt": [2.0, 1.0, 0.019525855779647827], "k_pid_att": [99.35595703125, 0.16887542605400085, 0.0], "k_pid_yaw": [0.5, 1e-06, 0.1], "k_pid_hsp": [0.7218290567398071, 0.0812751054763794, 0.0], "k_pid_vsp": [0.0, 400.0, 376.0586853027344]}, "datetime": {"datetime": "2025-08-20 13:12:17", "elapsed": 4792.209152698517, "delta": 28.15318274497986}, "costs": {"total_cost": 1437.8550448494257, "time_cost": 150, "final_distance_cost": 14.002554385230459, "oscillation_cost": 65.11756137489917, "completition_cost": 1000.0, "overshoot_cost": 139.79064678539734, "power_cost": 15.152337634277345, "noise_cost": 53.791944669621486, "n_waypoints_completed": 0, "tot_waypoints": 9}}
