{"target": -1482.388616608027, "params": {"k_pid_pos": [9.999999747378752e-05, 1.0, 0.0445345938205719], "k_pid_alt": [2.0, 1.0, 0.0], "k_pid_att": [93.08343505859375, 0.20489592850208282, 0.07706475257873535], "k_pid_yaw": [0.5, 1e-06, 0.1], "k_pid_hsp": [9.999999747378752e-05, 0.07315337657928467, 0.0], "k_pid_vsp": [2.5356411933898926, 394.79522705078125, 372.2193298339844]}, "datetime": {"datetime": "2025-08-20 21:36:20", "elapsed": 35035.07411813736, "delta": 23.328632593154907}, "costs": {"total_cost": 1482.388616608027, "time_cost": 150, "final_distance_cost": 25.40519517625424, "oscillation_cost": 41.53699646225376, "completition_cost": 1000.0, "overshoot_cost": 146.82245426848647, "power_cost": 29.825827844238283, "noise_cost": 88.79814285679382, "n_waypoints_completed": 0, "tot_waypoints": 9}}
{"target": -1938.399285624348, "params": {"k_pid_pos": [0.19040822982788086, 1.0, 0.00835159420967102], "k_pid_alt": [1.9875445365905762, 0.9807993173599243, 0.0958896279335022], "k_pid_att": [93.7055435180664, 0.00824340246617794, 0.0], "k_pid_yaw": [0.5, 1e-06, 0.1], "k_pid_hsp": [9.999999747378752e-05, 0.0, 0.0], "k_pid_vsp": [16.605817794799805, 400.0, 388.10882568359375]}, "datetime": {"datetime": "2025-08-20 21:36:44", "elapsed": 35058.56978678703, "delta": 23.495668649673462}, "costs": {"total_cost": 1938.399285624348, "time_cost": 150, "final_distance_cost": 329.9617046723328, "oscillation_cost": 24.511431633577654, "completition_cost": 1000.0, "overshoot_cost": 367.8851978923683, "power_cost": 37.94354404296875, "noise_cost": 28.097407383100627, "n_waypoints_completed": 0, "tot_waypoints": 9}}
{"target": -1937.1869472829717, "params": {"k_pid_pos": [9.999999747378752e-05, 0.9304203987121582, 0.0], "k_pid_alt": [2.0, 0.9373993277549744, 0.010705143213272095], "k_pid_att": [96.91755676269531, 9.999999747378752e-05, 0.010467976331710815], "k_pid_yaw": [0.5, 1e-06, 0.1], "k_pid_hsp": [9.999999747378752e-05, 0.006709247827529907, 0.0], "k_pid_vsp": [10.262691497802734, 363.9848327636719, 388.559814453125]}, "datetime": {"datetime": "2025-08-20 21:37:06", "elapsed": 35081.14925742149, "delta": 22.57947063446045}, "costs": {"total_cost": 1937.1869472829717, "time_cost": 150, "final_distance_cost": 324.75963794390714, "oscillation_cost": 25.255550562500176, "completition_cost": 1000.0, "overshoot_cost": 371.64320227238727, "power_cost": 37.97813013916016, "noise_cost": 27.550426365016893, "n_waypoints_completed": 0, "tot_waypoints": 9}}
{"target": -1490.9784834819493, "params": {"k_pid_pos": [0.045431774109601974, 1.0, 0.0], "k_pid_alt": [1.8991546630859375, 0.9769966006278992, 0.0], "k_pid_att": [88.420166015625, 9.999999747378752e-05, 0.0005148947238922119], "k_pid_yaw": [0.5, 1e-06, 0.1], "k_pid_hsp": [0.1554803103208542, 0.0, 0.012148171663284302], "k_pid_vsp": [25.910686492919922, 400.0, 400.0]}, "datetime": {"datetime": "2025-08-20 21:37:28", "elapsed": 35103.4185693264, "delta": 22.269311904907227}, "costs": {"total_cost": 1490.9784834819493, "time_cost": 150, "final_distance_cost": 17.79190987046529, "oscillation_cost": 78.92508575553494, "completition_cost": 1000.0, "overshoot_cost": 140.54483347014576, "power_cost": 25.845814013671877, "noise_cost": 77.87084037213157, "n_waypoints_completed": 0, "tot_waypoints": 9}}
{"target": -1864.7849476878994, "params": {"k_pid_pos": [0.10417594760656357, 1.0, 0.018108457326889038], "k_pid_alt": [1.9115777015686035, 1.0, 0.0], "k_pid_att": [99.06488037109375, 9.999999747378752e-05, 0.0], "k_pid_yaw": [0.5, 1e-06, 0.1], "k_pid_hsp": [9.999999747378752e-05, 0.015573352575302124, 0.015190362930297852], "k_pid_vsp": [0.0, 377.30120849609375, 400.0]}, "datetime": {"datetime": "2025-08-20 21:37:52", "elapsed": 35126.74856257439, "delta": 23.32999324798584}, "costs": {"total_cost": 1864.7849476878994, "time_cost": 150, "final_distance_cost": 305.3154285445813, "oscillation_cost": 36.41086282276346, "completition_cost": 1000.0, "overshoot_cost": 348.72243226727335, "power_cost": 11.77505438232422, "noise_cost": 12.561169670956948, "n_waypoints_completed": 0, "tot_waypoints": 9}}
{"target": -1487.0972824418109, "params": {"k_pid_pos": [9.999999747378752e-05, 0.9805334806442261, 0.0], "k_pid_alt": [1.9850739240646362, 0.9549278020858765, 0.0], "k_pid_att": [100.0, 0.8462206125259399, 0.0], "k_pid_yaw": [0.5, 1e-06, 0.1], "k_pid_hsp": [0.4717811048030853, 0.0, 0.0], "k_pid_vsp": [0.0, 400.0, 400.0]}, "datetime": {"datetime": "2025-08-20 21:38:18", "elapsed": 35153.14517855644, "delta": 26.396615982055664}, "costs": {"total_cost": 1487.0972824418109, "time_cost": 150, "final_distance_cost": 17.494370285895865, "oscillation_cost": 62.12795731974826, "completition_cost": 1000.0, "overshoot_cost": 139.869155971972, "power_cost": 29.46261446533203, "noise_cost": 88.14318439886252, "n_waypoints_completed": 0, "tot_waypoints": 9}}
{"target": -1501.223703631232, "params": {"k_pid_pos": [9.999999747378752e-05, 1.0, 0.036499083042144775], "k_pid_alt": [1.8300294876098633, 0.9332995414733887, 0.000880122184753418], "k_pid_att": [100.0, 0.4160098731517792, 0.01900908350944519], "k_pid_yaw": [0.5, 1e-06, 0.1], "k_pid_hsp": [0.454728364944458, 0.0, 0.0], "k_pid_vsp": [12.90740966796875, 400.0, 397.53912353515625]}, "datetime": {"datetime": "2025-08-20 21:38:41", "elapsed": 35176.32556796074, "delta": 23.180389404296875}, "costs": {"total_cost": 1501.223703631232, "time_cost": 150, "final_distance_cost": 16.19503421184289, "oscillation_cost": 61.603048765812844, "completition_cost": 1000.0, "overshoot_cost": 139.79456601906085, "power_cost": 34.149061767578125, "noise_cost": 99.48199286693742, "n_waypoints_completed": 0, "tot_waypoints": 9}}
{"target": -4879.694367506793, "params": {"k_pid_pos": [9.999999747378752e-05, 0.9835561513900757, 0.0], "k_pid_alt": [1.9802833795547485, 1.0, 0.03849989175796509], "k_pid_att": [96.62619018554688, 9.999999747378752e-05, 0.09212920069694519], "k_pid_yaw": [0.5, 1e-06, 0.1], "k_pid_hsp": [9.999999747378752e-05, 0.0, 0.046165257692337036], "k_pid_vsp": [0.0, 400.0, 400.0]}, "datetime": {"datetime": "2025-08-20 21:39:06", "elapsed": 35200.66115069389, "delta": 24.335582733154297}, "costs": {"total_cost": 4879.694367506793, "time_cost": 150, "final_distance_cost": 1349.3945744383943, "oscillation_cost": 145.01201357531036, "completition_cost": 1000.0, "overshoot_cost": 2203.8678819819324, "power_cost": 16.32872216796875, "noise_cost": 15.091175343187459, "n_waypoints_completed": 0, "tot_waypoints": 9}}
{"target": -1476.6333922295223, "params": {"k_pid_pos": [0.12292782962322235, 0.9732710719108582, 0.05964258313179016], "k_pid_alt": [2.0, 1.0, 0.0], "k_pid_att": [100.0, 9.999999747378752e-05, 0.0], "k_pid_yaw": [0.5, 1e-06, 0.1], "k_pid_hsp": [0.26797935366630554, 0.0, 0.005807816982269287], "k_pid_vsp": [28.16127586364746, 400.0, 400.0]}, "datetime": {"datetime": "2025-08-20 21:39:29", "elapsed": 35223.67375540733, "delta": 23.01260471343994}, "costs": {"total_cost": 1476.6333922295223, "time_cost": 150, "final_distance_cost": 10.038517056426015, "oscillation_cost": 86.26079951675176, "completition_cost": 1000.0, "overshoot_cost": 139.73768467023808, "power_cost": 21.506393005371095, "noise_cost": 69.08999798073522, "n_waypoints_completed": 0, "tot_waypoints": 9}}
{"target": -1493.6269306350023, "params": {"k_pid_pos": [9.999999747378752e-05, 1.0, 0.016420722007751465], "k_pid_alt": [2.0, 0.9904253482818604, 0.04761916399002075], "k_pid_att": [95.46367645263672, 0.43304532766342163, 0.0405726432800293], "k_pid_yaw": [0.5, 1e-06, 0.1], "k_pid_hsp": [0.34996768832206726, 0.03164297342300415, 0.03144073486328125], "k_pid_vsp": [4.304349422454834, 385.8817443847656, 395.23992919921875]}, "datetime": {"datetime": "2025-08-20 21:39:51", "elapsed": 35245.922293424606, "delta": 22.24853801727295}, "costs": {"total_cost": 1493.6269306350023, "time_cost": 150, "final_distance_cost": 18.638597496119726, "oscillation_cost": 91.22435702517235, "completition_cost": 1000.0, "overshoot_cost": 139.79257960843276, "power_cost": 24.728041650390626, "noise_cost": 69.24335485488672, "n_waypoints_completed": 0, "tot_waypoints": 9}}
{"target": -1455.37091079917, "params": {"k_pid_pos": [9.999999747378752e-05, 1.0, 0.0], "k_pid_alt": [1.9400302171707153, 0.969038724899292, 0.0016094744205474854], "k_pid_att": [93.63578796386719, 1.0910555124282837, 0.0], "k_pid_yaw": [0.5, 1e-06, 0.1], "k_pid_hsp": [0.18955177068710327, 0.018091559410095215, 0.03085082769393921], "k_pid_vsp": [19.001007080078125, 381.0704345703125, 400.0]}, "datetime": {"datetime": "2025-08-20 21:40:17", "elapsed": 35271.7277340889, "delta": 25.805440664291382}, "costs": {"total_cost": 1455.37091079917, "time_cost": 150, "final_distance_cost": 12.89656796162969, "oscillation_cost": 82.15474653591926, "completition_cost": 1000.0, "overshoot_cost": 139.33348705374559, "power_cost": 18.013884826660156, "noise_cost": 52.97222442121537, "n_waypoints_completed": 0, "tot_waypoints": 9}}
{"target": -1424.7540325075777, "params": {"k_pid_pos": [9.999999747378752e-05, 0.9681848287582397, 0.03573760390281677], "k_pid_alt": [2.0, 1.0, 0.028035342693328857], "k_pid_att": [95.82090759277344, 0.7774980068206787, 0.002502918243408203], "k_pid_yaw": [0.5, 1e-06, 0.1], "k_pid_hsp": [0.060154061764478683, 0.0, 0.007044881582260132], "k_pid_vsp": [0.0, 400.0, 400.0]}, "datetime": {"datetime": "2025-08-20 21:40:44", "elapsed": 35299.210517168045, "delta": 27.48278307914734}, "costs": {"total_cost": 1424.7540325075777, "time_cost": 150, "final_distance_cost": 19.228455068360486, "oscillation_cost": 53.73672982266385, "completition_cost": 1000.0, "overshoot_cost": 140.12034378337398, "power_cost": 13.74686033935547, "noise_cost": 47.921643493823964, "n_waypoints_completed": 0, "tot_waypoints": 9}}
{"target": -1461.1504040337918, "params": {"k_pid_pos": [9.999999747378752e-05, 0.9259499907493591, 0.046979546546936035], "k_pid_alt": [1.9410961866378784, 0.9705685973167419, 0.036907583475112915], "k_pid_att": [99.44784545898438, 0.6304712295532227, 0.0009011030197143555], "k_pid_yaw": [0.5, 1e-06, 0.1], "k_pid_hsp": [9.999999747378752e-05, 0.042420148849487305, 0.0], "k_pid_vsp": [0.0, 385.64044189453125, 399.7902526855469]}, "datetime": {"datetime": "2025-08-20 21:41:08", "elapsed": 35322.98577165604, "delta": 23.775254487991333}, "costs": {"total_cost": 1461.1504040337918, "time_cost": 150, "final_distance_cost": 35.63667160480837, "oscillation_cost": 33.38831093574604, "completition_cost": 1000.0, "overshoot_cost": 154.32515535429704, "power_cost": 21.363512548828126, "noise_cost": 66.4367535901122, "n_waypoints_completed": 0, "tot_waypoints": 9}}
{"target": -2437.8262509005162, "params": {"k_pid_pos": [9.999999747378752e-05, 0.977372407913208, 0.0], "k_pid_alt": [1.972915530204773, 0.9659767150878906, 0.04225516319274902], "k_pid_att": [99.0833740234375, 9.999999747378752e-05, 0.026064962148666382], "k_pid_yaw": [0.5, 1e-06, 0.1], "k_pid_hsp": [0.05780685320496559, 0.0, 0.07415300607681274], "k_pid_vsp": [0.0, 400.0, 386.23480224609375]}, "datetime": {"datetime": "2025-08-20 21:41:32", "elapsed": 35346.650267362595, "delta": 23.664495706558228}, "costs": {"total_cost": 2437.8262509005162, "time_cost": 150, "final_distance_cost": 395.295928314869, "oscillation_cost": 250.30907769248157, "completition_cost": 1000.0, "overshoot_cost": 601.7571256255293, "power_cost": 22.60585447998047, "noise_cost": 17.85826478765582, "n_waypoints_completed": 0, "tot_waypoints": 9}}
{"target": -3174.7098928485552, "params": {"k_pid_pos": [0.153428316116333, 0.9568368196487427, 0.003943800926208496], "k_pid_alt": [2.0, 1.0, 0.03119504451751709], "k_pid_att": [100.0, 9.999999747378752e-05, 0.02173936367034912], "k_pid_yaw": [0.5, 1e-06, 0.1], "k_pid_hsp": [9.999999747378752e-05, 0.008960843086242676, 0.0766315758228302], "k_pid_vsp": [0.0, 400.0, 384.3136901855469]}, "datetime": {"datetime": "2025-08-20 21:41:56", "elapsed": 35370.5857527256, "delta": 23.935485363006592}, "costs": {"total_cost": 3174.7098928485552, "time_cost": 150, "final_distance_cost": 629.6191209434171, "oscillation_cost": 301.3678766727685, "completition_cost": 1000.0, "overshoot_cost": 1053.4308834453677, "power_cost": 22.455642053222657, "noise_cost": 17.836369733779645, "n_waypoints_completed": 0, "tot_waypoints": 9}}
{"target": -1419.139011174642, "params": {"k_pid_pos": [9.999999747378752e-05, 0.8810980319976807, 0.0], "k_pid_alt": [2.0, 0.9905853271484375, 0.009728163480758667], "k_pid_att": [100.0, 0.17512251436710358, 0.11219316720962524], "k_pid_yaw": [0.5, 1e-06, 0.1], "k_pid_hsp": [0.03268583118915558, 0.0, 0.0], "k_pid_vsp": [32.67121124267578, 381.5406494140625, 400.0]}, "datetime": {"datetime": "2025-08-20 21:42:18", "elapsed": 35393.28097105026, "delta": 22.695218324661255}, "costs": {"total_cost": 1419.139011174642, "time_cost": 150, "final_distance_cost": 13.308512029647947, "oscillation_cost": 37.95345411845378, "completition_cost": 1000.0, "overshoot_cost": 140.08818077395202, "power_cost": 19.39795555419922, "noise_cost": 58.39090869838927, "n_waypoints_completed": 0, "tot_waypoints": 9}}
{"target": -1419.2681493034415, "params": {"k_pid_pos": [0.0026640635915100574, 1.0, 0.0], "k_pid_alt": [1.7834558486938477, 1.0, 0.0], "k_pid_att": [97.57923126220703, 0.364581435918808, 0.023386836051940918], "k_pid_yaw": [0.5, 1e-06, 0.1], "k_pid_hsp": [9.999999747378752e-05, 0.02797350287437439, 0.0], "k_pid_vsp": [13.153970718383789, 383.6165771484375, 389.2077331542969]}, "datetime": {"datetime": "2025-08-20 21:42:40", "elapsed": 35415.399557352066, "delta": 22.11858630180359}, "costs": {"total_cost": 1419.2681493034415, "time_cost": 150, "final_distance_cost": 64.49280866043142, "oscillation_cost": 27.71137470801919, "completition_cost": 1000.0, "overshoot_cost": 108.50939103094906, "power_cost": 37.82388395996094, "noise_cost": 30.730690944080916, "n_waypoints_completed": 0, "tot_waypoints": 9}}
{"target": -3830.4341610889137, "params": {"k_pid_pos": [9.999999747378752e-05, 1.0, 0.0], "k_pid_alt": [1.9443576335906982, 0.9997273683547974, 0.0], "k_pid_att": [97.89096069335938, 9.999999747378752e-05, 0.03762263059616089], "k_pid_yaw": [0.5, 1e-06, 0.1], "k_pid_hsp": [9.999999747378752e-05, 0.006861686706542969, 0.05170139670372009], "k_pid_vsp": [0.0, 400.0, 400.0]}, "datetime": {"datetime": "2025-08-20 21:43:04", "elapsed": 35439.06117486954, "delta": 23.661617517471313}, "costs": {"total_cost": 3830.4341610889137, "time_cost": 150, "final_distance_cost": 963.4995465335567, "oscillation_cost": 118.42659902415967, "completition_cost": 1000.0, "overshoot_cost": 1558.6776774687169, "power_cost": 22.09473885498047, "noise_cost": 17.735599207500453, "n_waypoints_completed": 0, "tot_waypoints": 9}}
{"target": -3032.337903303089, "params": {"k_pid_pos": [9.999999747378752e-05, 0.9500075578689575, 0.0], "k_pid_alt": [2.0, 0.9370226860046387, 0.029203981161117554], "k_pid_att": [100.0, 0.3067210912704468, 0.0], "k_pid_yaw": [0.5, 1e-06, 0.1], "k_pid_hsp": [9.999999747378752e-05, 0.0, 0.027491718530654907], "k_pid_vsp": [11.35103702545166, 400.0, 392.0003356933594]}, "datetime": {"datetime": "2025-08-20 21:43:27", "elapsed": 35462.375111579895, "delta": 23.313936710357666}, "costs": {"total_cost": 3032.337903303089, "time_cost": 150, "final_distance_cost": 739.5286458867221, "oscillation_cost": 48.94494183293201, "completition_cost": 1000.0, "overshoot_cost": 1070.8829252340327, "power_cost": 10.730814611816406, "noise_cost": 12.25057573758665, "n_waypoints_completed": 0, "tot_waypoints": 9}}
{"target": -1488.3099895096768, "params": {"k_pid_pos": [0.008502940647304058, 0.9568647742271423, 0.09673166275024414], "k_pid_alt": [1.9060776233673096, 0.9940938949584961, 0.0], "k_pid_att": [100.0, 0.6930474638938904, 0.03043767809867859], "k_pid_yaw": [0.5, 1e-06, 0.1], "k_pid_hsp": [0.3522919714450836, 0.0, 0.01030084490776062], "k_pid_vsp": [0.0, 400.0, 396.659912109375]}, "datetime": {"datetime": "2025-08-20 21:43:50", "elapsed": 35485.29206967354, "delta": 22.91695809364319}, "costs": {"total_cost": 1488.3099895096768, "time_cost": 150, "final_distance_cost": 21.49072582194499, "oscillation_cost": 86.94705867641062, "completition_cost": 1000.0, "overshoot_cost": 140.78205078235112, "power_cost": 21.099499023437502, "noise_cost": 67.99065520553242, "n_waypoints_completed": 0, "tot_waypoints": 9}}
{"target": -1924.733734352449, "params": {"k_pid_pos": [0.10347843170166016, 0.9209168553352356, 0.0], "k_pid_alt": [1.8747079372406006, 0.9744664430618286, 0.0], "k_pid_att": [96.11429595947266, 9.999999747378752e-05, 0.0], "k_pid_yaw": [0.5, 1e-06, 0.1], "k_pid_hsp": [9.999999747378752e-05, 0.0, 0.0], "k_pid_vsp": [0.0, 391.48760986328125, 398.42156982421875]}, "datetime": {"datetime": "2025-08-20 21:44:14", "elapsed": 35508.73331475258, "delta": 23.441245079040527}, "costs": {"total_cost": 1924.733734352449, "time_cost": 150, "final_distance_cost": 337.68170010232535, "oscillation_cost": 30.04476718659487, "completition_cost": 1000.0, "overshoot_cost": 381.90291865366174, "power_cost": 11.610075952148438, "noise_cost": 13.494272457718369, "n_waypoints_completed": 0, "tot_waypoints": 9}}
{"target": -1480.3160653826026, "params": {"k_pid_pos": [0.0899868831038475, 0.882638692855835, 0.00943213701248169], "k_pid_alt": [1.8007901906967163, 0.9971143007278442, 0.0], "k_pid_att": [100.0, 9.999999747378752e-05, 0.0], "k_pid_yaw": [0.5, 1e-06, 0.1], "k_pid_hsp": [0.4945346415042877, 0.0, 0.0065712034702301025], "k_pid_vsp": [0.0, 381.04132080078125, 399.89105224609375]}, "datetime": {"datetime": "2025-08-20 21:44:42", "elapsed": 35537.25703072548, "delta": 28.52371597290039}, "costs": {"total_cost": 1480.3160653826026, "time_cost": 150, "final_distance_cost": 17.444555850081393, "oscillation_cost": 85.53707121107419, "completition_cost": 1000.0, "overshoot_cost": 139.91114872811718, "power_cost": 20.534063208007815, "noise_cost": 66.88922638532182, "n_waypoints_completed": 0, "tot_waypoints": 9}}
{"target": -2295.815076800535, "params": {"k_pid_pos": [9.999999747378752e-05, 1.0, 0.0], "k_pid_alt": [2.0, 1.0, 0.0], "k_pid_att": [98.3163070678711, 0.4974972605705261, 0.02349969744682312], "k_pid_yaw": [0.5, 1e-06, 0.1], "k_pid_hsp": [9.999999747378752e-05, 0.0, 0.1523037552833557], "k_pid_vsp": [24.213159561157227, 400.0, 400.0]}, "datetime": {"datetime": "2025-08-20 21:45:08", "elapsed": 35562.96556973457, "delta": 25.70853900909424}, "costs": {"total_cost": 2295.815076800535, "time_cost": 150, "final_distance_cost": 233.38837066469102, "oscillation_cost": 456.22562732997227, "completition_cost": 1000.0, "overshoot_cost": 417.6523321632431, "power_cost": 21.337110021972656, "noise_cost": 17.211636620655415, "n_waypoints_completed": 0, "tot_waypoints": 9}}
{"target": -1385.5297221131605, "params": {"k_pid_pos": [0.00410862872377038, 1.0, 0.07570374011993408], "k_pid_alt": [1.909008264541626, 1.0, 0.018809914588928223], "k_pid_att": [99.27536010742188, 9.999999747378752e-05, 0.00390779972076416], "k_pid_yaw": [0.5, 1e-06, 0.1], "k_pid_hsp": [0.10029827803373337, 0.0, 0.052272021770477295], "k_pid_vsp": [0.0, 400.0, 395.20465087890625]}, "datetime": {"datetime": "2025-08-20 21:45:32", "elapsed": 35586.868507146835, "delta": 23.902937412261963}, "costs": {"total_cost": 1385.5297221131605, "time_cost": 150, "final_distance_cost": 63.03762226507444, "oscillation_cost": 147.3782900041032, "completition_cost": 888.8888888888888, "overshoot_cost": 87.09930106412976, "power_cost": 24.51770965576172, "noise_cost": 24.607910235202503, "n_waypoints_completed": 1, "tot_waypoints": 9}}
{"target": -1422.0332877174635, "params": {"k_pid_pos": [9.999999747378752e-05, 1.0, 0.06012403964996338], "k_pid_alt": [2.0, 1.0, 0.0], "k_pid_att": [93.83522033691406, 0.02690274827182293, 0.008004575967788696], "k_pid_yaw": [0.5, 1e-06, 0.1], "k_pid_hsp": [9.999999747378752e-05, 0.03314933180809021, 0.0], "k_pid_vsp": [0.0, 395.55096435546875, 400.0]}, "datetime": {"datetime": "2025-08-20 21:45:55", "elapsed": 35610.37275195122, "delta": 23.504244804382324}, "costs": {"total_cost": 1422.0332877174635, "time_cost": 150, "final_distance_cost": 36.59023314795033, "oscillation_cost": 27.674339706224757, "completition_cost": 1000.0, "overshoot_cost": 130.49452280606675, "power_cost": 38.09447604980469, "noise_cost": 39.17971600741708, "n_waypoints_completed": 0, "tot_waypoints": 9}}
{"target": -2682.535683248004, "params": {"k_pid_pos": [9.999999747378752e-05, 0.9781208038330078, 0.0], "k_pid_alt": [2.0, 0.9991838932037354, 0.0], "k_pid_att": [100.0, 0.054947350174188614, 0.0], "k_pid_yaw": [0.5, 1e-06, 0.1], "k_pid_hsp": [9.999999747378752e-05, 0.03251159191131592, 0.08919402956962585], "k_pid_vsp": [11.007701873779297, 369.3789367675781, 381.3870849609375]}, "datetime": {"datetime": "2025-08-20 21:46:19", "elapsed": 35633.964836120605, "delta": 23.592084169387817}, "costs": {"total_cost": 2682.535683248004, "time_cost": 150, "final_distance_cost": 447.7854687155935, "oscillation_cost": 350.3084376540514, "completition_cost": 1000.0, "overshoot_cost": 695.6088854987955, "power_cost": 21.492318615722656, "noise_cost": 17.340572763841237, "n_waypoints_completed": 0, "tot_waypoints": 9}}
{"target": -1451.3563774402157, "params": {"k_pid_pos": [0.27365779876708984, 1.0, 0.0], "k_pid_alt": [1.9867604970932007, 1.0, 0.0], "k_pid_att": [97.72628784179688, 0.6279032230377197, 0.0902509093284607], "k_pid_yaw": [0.5, 1e-06, 0.1], "k_pid_hsp": [0.3080344796180725, 0.0, 0.0], "k_pid_vsp": [0.0, 396.9330749511719, 400.0]}, "datetime": {"datetime": "2025-08-20 21:46:43", "elapsed": 35657.60803794861, "delta": 23.64320182800293}, "costs": {"total_cost": 1451.3563774402157, "time_cost": 150, "final_distance_cost": 5.250836867544755, "oscillation_cost": 61.31701145137087, "completition_cost": 1000.0, "overshoot_cost": 139.13770715749538, "power_cost": 23.108477807617188, "noise_cost": 72.54234415618743, "n_waypoints_completed": 0, "tot_waypoints": 9}}
