{"target": -1913.5081722858122, "params": {"k_pid_pos": [9.999999747378752e-05, 0.9796569347381592, 0.0], "k_pid_alt": [1.8956419229507446, 0.937759280204773, 0.04820406436920166], "k_pid_att": [98.83320617675781, 9.999999747378752e-05, 0.0], "k_pid_yaw": [0.5, 1e-06, 0.1], "k_pid_hsp": [9.999999747378752e-05, 0.0, 0.0], "k_pid_vsp": [0.0, 400.0, 400.0]}, "datetime": {"datetime": "2025-08-21 02:49:12", "elapsed": 53806.641629219055, "delta": 20.75118112564087}, "costs": {"total_cost": 1913.5081722858122, "time_cost": 150, "final_distance_cost": 334.1054960943253, "oscillation_cost": 30.710756559122103, "completition_cost": 1000.0, "overshoot_cost": 373.2035913371289, "power_cost": 11.665487658691406, "noise_cost": 13.822840636544305, "n_waypoints_completed": 0, "tot_waypoints": 9}}
{"target": -3281.257285369442, "params": {"k_pid_pos": [9.999999747378752e-05, 1.0, 0.0], "k_pid_alt": [2.0, 1.0, 0.0], "k_pid_att": [98.28302764892578, 0.7697212100028992, 0.0], "k_pid_yaw": [0.5, 1e-06, 0.1], "k_pid_hsp": [9.999999747378752e-05, 0.0, 0.05969691276550293], "k_pid_vsp": [6.767785549163818, 388.6873779296875, 400.0]}, "datetime": {"datetime": "2025-08-21 02:49:34", "elapsed": 53829.13240599632, "delta": 22.490776777267456}, "costs": {"total_cost": 3281.257285369442, "time_cost": 150, "final_distance_cost": 706.6418363733198, "oscillation_cost": 228.24576933723847, "completition_cost": 1000.0, "overshoot_cost": 1157.2657802380775, "power_cost": 21.596339514160157, "noise_cost": 17.507559906646087, "n_waypoints_completed": 0, "tot_waypoints": 9}}
{"target": -3459.6159088903464, "params": {"k_pid_pos": [0.04621446505188942, 1.0, 0.03345075249671936], "k_pid_alt": [1.8802680969238281, 0.9680226445198059, 0.0], "k_pid_att": [95.1014175415039, 0.35236260294914246, 0.0], "k_pid_yaw": [0.5, 1e-06, 0.1], "k_pid_hsp": [9.999999747378752e-05, 0.0, 0.052316099405288696], "k_pid_vsp": [0.0, 400.0, 389.99505615234375]}, "datetime": {"datetime": "2025-08-21 02:49:54", "elapsed": 53849.46206498146, "delta": 20.32965898513794}, "costs": {"total_cost": 3459.6159088903464, "time_cost": 150, "final_distance_cost": 819.3046757158086, "oscillation_cost": 159.3984242373066, "completition_cost": 1000.0, "overshoot_cost": 1291.703634931876, "power_cost": 21.702715344238282, "noise_cost": 17.506458661117076, "n_waypoints_completed": 0, "tot_waypoints": 9}}
{"target": -3365.9300397328448, "params": {"k_pid_pos": [0.10895045846700668, 0.9767972230911255, 0.04452800750732422], "k_pid_alt": [2.0, 0.9842191934585571, 0.0], "k_pid_att": [100.0, 1.0507724285125732, 0.0], "k_pid_yaw": [0.5, 1e-06, 0.1], "k_pid_hsp": [9.999999747378752e-05, 0.0, 0.026900649070739746], "k_pid_vsp": [0.0, 400.0, 399.63372802734375]}, "datetime": {"datetime": "2025-08-21 02:50:15", "elapsed": 53870.39665198326, "delta": 20.934587001800537}, "costs": {"total_cost": 3365.9300397328448, "time_cost": 150, "final_distance_cost": 822.7297143824934, "oscillation_cost": 105.95133916042984, "completition_cost": 1000.0, "overshoot_cost": 1226.634256827814, "power_cost": 36.15534581298828, "noise_cost": 24.459383549118993, "n_waypoints_completed": 0, "tot_waypoints": 9}}
{"target": -1490.4199537853988, "params": {"k_pid_pos": [0.12438830733299255, 1.0, 0.00878259539604187], "k_pid_alt": [1.9481687545776367, 1.0, 0.0], "k_pid_att": [92.46813201904297, 0.2112857848405838, 0.0], "k_pid_yaw": [0.5, 1e-06, 0.1], "k_pid_hsp": [0.6389502286911011, 0.025806337594985962, 0.04596391320228577], "k_pid_vsp": [0.0, 352.6698913574219, 400.0]}, "datetime": {"datetime": "2025-08-21 02:50:35", "elapsed": 53889.98378968239, "delta": 19.587137699127197}, "costs": {"total_cost": 1490.4199537853988, "time_cost": 150, "final_distance_cost": 18.669109775813425, "oscillation_cost": 110.56620783942967, "completition_cost": 1000.0, "overshoot_cost": 135.55015987658652, "power_cost": 23.869328588867187, "noise_cost": 51.765147704702144, "n_waypoints_completed": 0, "tot_waypoints": 9}}
{"target": -1472.4987059426098, "params": {"k_pid_pos": [9.999999747378752e-05, 1.0, 0.0], "k_pid_alt": [1.8925654888153076, 1.0, 0.027273207902908325], "k_pid_att": [98.68911743164062, 9.999999747378752e-05, 0.051795631647109985], "k_pid_yaw": [0.5, 1e-06, 0.1], "k_pid_hsp": [0.8751270771026611, 0.007278263568878174, 0.03901353478431702], "k_pid_vsp": [0.0, 400.0, 396.7901611328125]}, "datetime": {"datetime": "2025-08-21 02:50:56", "elapsed": 53910.71206712723, "delta": 20.728277444839478}, "costs": {"total_cost": 1472.4987059426098, "time_cost": 150, "final_distance_cost": 18.95931079292435, "oscillation_cost": 92.40164696809461, "completition_cost": 1000.0, "overshoot_cost": 143.42917630856613, "power_cost": 17.912106384277344, "noise_cost": 49.796465488747096, "n_waypoints_completed": 0, "tot_waypoints": 9}}
{"target": -3029.603449546099, "params": {"k_pid_pos": [9.999999747378752e-05, 0.915634036064148, 0.0], "k_pid_alt": [1.926931381225586, 1.0, 0.06466445326805115], "k_pid_att": [100.0, 9.999999747378752e-05, 0.09813937544822693], "k_pid_yaw": [0.5, 1e-06, 0.1], "k_pid_hsp": [9.999999747378752e-05, 0.023804903030395508, 0.0719628632068634], "k_pid_vsp": [5.355226993560791, 389.8935852050781, 400.0]}, "datetime": {"datetime": "2025-08-21 02:51:15", "elapsed": 53930.20246362686, "delta": 19.49039649963379}, "costs": {"total_cost": 3029.603449546099, "time_cost": 150, "final_distance_cost": 620.4371999051971, "oscillation_cost": 252.52737705866483, "completition_cost": 1000.0, "overshoot_cost": 966.7096423674183, "power_cost": 22.190876196289064, "noise_cost": 17.738354018529606, "n_waypoints_completed": 0, "tot_waypoints": 9}}
{"target": -1485.7194142453839, "params": {"k_pid_pos": [9.999999747378752e-05, 0.9916521310806274, 0.0], "k_pid_alt": [1.824830412864685, 0.9499329328536987, 0.0965808629989624], "k_pid_att": [92.96510314941406, 0.1337200552225113, 0.0], "k_pid_yaw": [0.5, 1e-06, 0.1], "k_pid_hsp": [0.479769229888916, 0.0, 0.0], "k_pid_vsp": [0.0, 377.19049072265625, 400.0]}, "datetime": {"datetime": "2025-08-21 02:51:36", "elapsed": 53950.965383052826, "delta": 20.762919425964355}, "costs": {"total_cost": 1485.7194142453839, "time_cost": 150, "final_distance_cost": 17.068054066281878, "oscillation_cost": 61.33758818535607, "completition_cost": 1000.0, "overshoot_cost": 139.9468751036903, "power_cost": 29.400314697265628, "noise_cost": 87.96658219279003, "n_waypoints_completed": 0, "tot_waypoints": 9}}
{"target": -1865.483288085828, "params": {"k_pid_pos": [0.12299976497888565, 1.0, 0.0], "k_pid_alt": [2.0, 1.0, 0.0], "k_pid_att": [99.13789367675781, 0.506958544254303, 0.0], "k_pid_yaw": [0.5, 1e-06, 0.1], "k_pid_hsp": [9.999999747378752e-05, 0.000692516565322876, 0.0], "k_pid_vsp": [16.18273162841797, 398.2394714355469, 387.07794189453125]}, "datetime": {"datetime": "2025-08-21 02:51:55", "elapsed": 53970.37675213814, "delta": 19.41136908531189}, "costs": {"total_cost": 1865.483288085828, "time_cost": 150, "final_distance_cost": 348.9007044010015, "oscillation_cost": 31.206852884613006, "completition_cost": 888.8888888888888, "overshoot_cost": 422.66512526858236, "power_cost": 11.175553454589844, "noise_cost": 12.646163188152205, "n_waypoints_completed": 1, "tot_waypoints": 9}}
{"target": -1462.3341484690457, "params": {"k_pid_pos": [0.008724718354642391, 1.0, 0.0], "k_pid_alt": [1.9279077053070068, 0.9345769882202148, 0.0], "k_pid_att": [93.6447982788086, 0.918519139289856, 0.09634193778038025], "k_pid_yaw": [0.5, 1e-06, 0.1], "k_pid_hsp": [1.0045826435089111, 0.04725533723831177, 0.007769882678985596], "k_pid_vsp": [0.0, 400.0, 400.0]}, "datetime": {"datetime": "2025-08-21 02:52:16", "elapsed": 53991.25460314751, "delta": 20.877851009368896}, "costs": {"total_cost": 1462.3341484690457, "time_cost": 150, "final_distance_cost": 21.21415309997078, "oscillation_cost": 72.8732503322605, "completition_cost": 1000.0, "overshoot_cost": 140.9202327944633, "power_cost": 17.691468786621094, "noise_cost": 59.63504345573003, "n_waypoints_completed": 0, "tot_waypoints": 9}}
{"target": -3029.4943667458215, "params": {"k_pid_pos": [0.07842296361923218, 0.9799967408180237, 0.028252214193344116], "k_pid_alt": [1.8954875469207764, 1.0, 0.0], "k_pid_att": [100.0, 9.999999747378752e-05, 0.0], "k_pid_yaw": [0.5, 1e-06, 0.1], "k_pid_hsp": [9.999999747378752e-05, 0.0, 0.07461249828338623], "k_pid_vsp": [0.0, 400.0, 398.13543701171875]}, "datetime": {"datetime": "2025-08-21 02:52:36", "elapsed": 54010.685507535934, "delta": 19.430904388427734}, "costs": {"total_cost": 3029.4943667458215, "time_cost": 150, "final_distance_cost": 585.2641000560757, "oscillation_cost": 342.2829741205926, "completition_cost": 1000.0, "overshoot_cost": 911.8244183081996, "power_cost": 22.37864453125, "noise_cost": 17.744229729703438, "n_waypoints_completed": 0, "tot_waypoints": 9}}
{"target": -1465.0725947769706, "params": {"k_pid_pos": [9.999999747378752e-05, 1.0, 0.05988752841949463], "k_pid_alt": [1.9637037515640259, 0.9564831852912903, 0.0], "k_pid_att": [100.0, 9.999999747378752e-05, 0.01951095461845398], "k_pid_yaw": [0.5, 1e-06, 0.1], "k_pid_hsp": [0.015495426952838898, 0.0, 0.0], "k_pid_vsp": [5.3496599197387695, 370.26416015625, 400.0]}, "datetime": {"datetime": "2025-08-21 02:52:57", "elapsed": 54031.620906829834, "delta": 20.935399293899536}, "costs": {"total_cost": 1465.0725947769706, "time_cost": 150, "final_distance_cost": 139.2735909170386, "oscillation_cost": 31.376990745848225, "completition_cost": 1000.0, "overshoot_cost": 114.15350915863652, "power_cost": 14.728232775878906, "noise_cost": 15.540271179568236, "n_waypoints_completed": 0, "tot_waypoints": 9}}
{"target": -1898.7574886181483, "params": {"k_pid_pos": [0.03442388400435448, 0.9640189409255981, 0.027024447917938232], "k_pid_alt": [2.0, 0.9674484729766846, 0.0], "k_pid_att": [91.2032699584961, 9.999999747378752e-05, 0.012372225522994995], "k_pid_yaw": [0.5, 1e-06, 0.1], "k_pid_hsp": [9.999999747378752e-05, 0.0, 0.0], "k_pid_vsp": [0.0, 364.5506286621094, 391.41778564453125]}, "datetime": {"datetime": "2025-08-21 02:53:17", "elapsed": 54051.648396492004, "delta": 20.02748966217041}, "costs": {"total_cost": 1898.7574886181483, "time_cost": 150, "final_distance_cost": 327.9726587987482, "oscillation_cost": 28.71518157548788, "completition_cost": 1000.0, "overshoot_cost": 366.58204353631214, "power_cost": 11.810549951171875, "noise_cost": 13.677054756428067, "n_waypoints_completed": 0, "tot_waypoints": 9}}
{"target": -1481.3036062679002, "params": {"k_pid_pos": [0.011241935193538666, 1.0, 0.0], "k_pid_alt": [1.9763209819793701, 1.0, 0.06609088182449341], "k_pid_att": [92.91187286376953, 9.999999747378752e-05, 0.0], "k_pid_yaw": [0.5, 1e-06, 0.1], "k_pid_hsp": [0.07790861278772354, 0.0, 0.0], "k_pid_vsp": [0.0, 400.0, 378.5534973144531]}, "datetime": {"datetime": "2025-08-21 02:53:36", "elapsed": 54070.91293549538, "delta": 19.264539003372192}, "costs": {"total_cost": 1481.3036062679002, "time_cost": 150, "final_distance_cost": 15.49262286893426, "oscillation_cost": 47.875009988497304, "completition_cost": 1000.0, "overshoot_cost": 140.7200049896749, "power_cost": 32.34175864257813, "noise_cost": 94.87420977821591, "n_waypoints_completed": 0, "tot_waypoints": 9}}
{"target": -1450.3811744401664, "params": {"k_pid_pos": [9.999999747378752e-05, 0.8977638483047485, 0.027417033910751343], "k_pid_alt": [1.8974896669387817, 1.0, 0.07612398266792297], "k_pid_att": [95.07312774658203, 9.999999747378752e-05, 0.0], "k_pid_yaw": [0.5, 1e-06, 0.1], "k_pid_hsp": [9.999999747378752e-05, 0.062083899974823, 0.0], "k_pid_vsp": [0.35544633865356445, 376.84210205078125, 400.0]}, "datetime": {"datetime": "2025-08-21 02:53:57", "elapsed": 54092.18255019188, "delta": 21.269614696502686}, "costs": {"total_cost": 1450.3811744401664, "time_cost": 150, "final_distance_cost": 24.58391881662241, "oscillation_cost": 39.69624503166693, "completition_cost": 1000.0, "overshoot_cost": 148.21903467600765, "power_cost": 20.804447106933594, "noise_cost": 67.077528808936, "n_waypoints_completed": 0, "tot_waypoints": 9}}
{"target": -1397.0054421479317, "params": {"k_pid_pos": [0.02072676457464695, 0.9892634153366089, 0.0], "k_pid_alt": [1.9911606311798096, 1.0, 0.039377361536026], "k_pid_att": [93.66009521484375, 9.999999747378752e-05, 0.0], "k_pid_yaw": [0.5, 1e-06, 0.1], "k_pid_hsp": [0.08038069307804108, 0.0, 0.0], "k_pid_vsp": [26.079320907592773, 400.0, 377.5000915527344]}, "datetime": {"datetime": "2025-08-21 02:54:16", "elapsed": 54111.48646235466, "delta": 19.30391216278076}, "costs": {"total_cost": 1397.0054421479317, "time_cost": 150, "final_distance_cost": 16.55084654126998, "oscillation_cost": 50.38758853218614, "completition_cost": 1000.0, "overshoot_cost": 140.63364558620447, "power_cost": 6.703684521484376, "noise_cost": 32.729676966786904, "n_waypoints_completed": 0, "tot_waypoints": 9}}
{"target": -1496.940039849436, "params": {"k_pid_pos": [9.999999747378752e-05, 0.9352031946182251, 0.0], "k_pid_alt": [1.9045557975769043, 0.9547932147979736, 0.1122673749923706], "k_pid_att": [100.0, 9.999999747378752e-05, 0.0], "k_pid_yaw": [0.5, 1e-06, 0.1], "k_pid_hsp": [0.17998501658439636, 0.0418318510055542, 0.0024539530277252197], "k_pid_vsp": [0.0, 378.61773681640625, 385.10638427734375]}, "datetime": {"datetime": "2025-08-21 02:54:38", "elapsed": 54133.081340551376, "delta": 21.59487819671631}, "costs": {"total_cost": 1496.940039849436, "time_cost": 150, "final_distance_cost": 16.691559189765243, "oscillation_cost": 73.20504808821073, "completition_cost": 1000.0, "overshoot_cost": 145.83213785700693, "power_cost": 27.50380173339844, "noise_cost": 83.70749298105473, "n_waypoints_completed": 0, "tot_waypoints": 9}}
{"target": -1401.0573637821255, "params": {"k_pid_pos": [9.999999747378752e-05, 0.9290450811386108, 0.0], "k_pid_alt": [1.8670129776000977, 0.9719874858856201, 0.10593175888061523], "k_pid_att": [97.354736328125, 0.519805908203125, 0.07270047068595886], "k_pid_yaw": [0.5, 1e-06, 0.1], "k_pid_hsp": [0.5579384565353394, 0.04417213797569275, 0.0], "k_pid_vsp": [0.0, 400.0, 383.29412841796875]}, "datetime": {"datetime": "2025-08-21 02:54:58", "elapsed": 54152.635790109634, "delta": 19.554449558258057}, "costs": {"total_cost": 1401.0573637821255, "time_cost": 150, "final_distance_cost": 12.046613754130593, "oscillation_cost": 69.03704847172635, "completition_cost": 1000.0, "overshoot_cost": 139.6153587705885, "power_cost": 3.941641052246094, "noise_cost": 26.41670173343405, "n_waypoints_completed": 0, "tot_waypoints": 9}}
{"target": -1374.4137147763345, "params": {"k_pid_pos": [0.12742871046066284, 1.0, 0.012132138013839722], "k_pid_alt": [1.8992195129394531, 0.9814502000808716, 0.10964846611022949], "k_pid_att": [89.56461334228516, 0.6430530548095703, 0.0], "k_pid_yaw": [0.5, 1e-06, 0.1], "k_pid_hsp": [9.999999747378752e-05, 0.06020808219909668, 0.0], "k_pid_vsp": [0.0, 371.0150146484375, 361.6629943847656]}, "datetime": {"datetime": "2025-08-21 02:55:19", "elapsed": 54173.52714371681, "delta": 20.891353607177734}, "costs": {"total_cost": 1374.4137147763345, "time_cost": 150, "final_distance_cost": 1.3206860780255332, "oscillation_cost": 38.600793783377924, "completition_cost": 1000.0, "overshoot_cost": 148.86559146879736, "power_cost": 5.6161400390625005, "noise_cost": 30.010503407071194, "n_waypoints_completed": 0, "tot_waypoints": 9}}
{"target": -1560.363609653717, "params": {"k_pid_pos": [9.999999747378752e-05, 0.9311621189117432, 0.0], "k_pid_alt": [2.0, 0.9364989995956421, 0.06132376194000244], "k_pid_att": [96.74259185791016, 0.455927312374115, 0.0], "k_pid_yaw": [0.5, 1e-06, 0.1], "k_pid_hsp": [9.999999747378752e-05, 0.020942091941833496, 0.0], "k_pid_vsp": [0.0, 400.0, 400.0]}, "datetime": {"datetime": "2025-08-21 02:55:38", "elapsed": 54193.195813417435, "delta": 19.66866970062256}, "costs": {"total_cost": 1560.363609653717, "time_cost": 150, "final_distance_cost": 169.12471152346714, "oscillation_cost": 30.845237152273988, "completition_cost": 1000.0, "overshoot_cost": 180.99906250512356, "power_cost": 14.149671740722656, "noise_cost": 15.244926732129972, "n_waypoints_completed": 0, "tot_waypoints": 9}}
{"target": -1478.6390787070263, "params": {"k_pid_pos": [0.06517095118761063, 0.9694561958312988, 0.0], "k_pid_alt": [1.853505253791809, 0.9603734016418457, 0.02117207646369934], "k_pid_att": [95.75780487060547, 9.999999747378752e-05, 0.0], "k_pid_yaw": [0.5, 1e-06, 0.1], "k_pid_hsp": [0.7836405038833618, 0.0, 0.014860451221466064], "k_pid_vsp": [3.649425506591797, 389.2370910644531, 400.0]}, "datetime": {"datetime": "2025-08-21 02:55:59", "elapsed": 54213.93152809143, "delta": 20.73571467399597}, "costs": {"total_cost": 1478.6390787070263, "time_cost": 150, "final_distance_cost": 18.050356880270108, "oscillation_cost": 86.65472869462803, "completition_cost": 1000.0, "overshoot_cost": 142.5198946133758, "power_cost": 18.865096606445313, "noise_cost": 62.549001912307254, "n_waypoints_completed": 0, "tot_waypoints": 9}}
{"target": -3520.829781047223, "params": {"k_pid_pos": [9.999999747378752e-05, 0.943584680557251, 0.07208055257797241], "k_pid_alt": [1.8857975006103516, 0.9414752721786499, 0.0027714669704437256], "k_pid_att": [100.0, 9.999999747378752e-05, 0.0], "k_pid_yaw": [0.5, 1e-06, 0.1], "k_pid_hsp": [9.999999747378752e-05, 0.0, 0.04560253024101257], "k_pid_vsp": [12.726998329162598, 400.0, 400.0]}, "datetime": {"datetime": "2025-08-21 02:56:18", "elapsed": 54233.37981629372, "delta": 19.448288202285767}, "costs": {"total_cost": 3520.829781047223, "time_cost": 150, "final_distance_cost": 835.9865534395702, "oscillation_cost": 136.3605115325823, "completition_cost": 1000.0, "overshoot_cost": 1359.600803651474, "power_cost": 21.452423828125, "noise_cost": 17.429488595471632, "n_waypoints_completed": 0, "tot_waypoints": 9}}
{"target": -1488.1005828484222, "params": {"k_pid_pos": [9.999999747378752e-05, 0.9984317421913147, 0.0], "k_pid_alt": [2.0, 0.891660213470459, 0.005475431680679321], "k_pid_att": [96.59332275390625, 9.999999747378752e-05, 0.01125037670135498], "k_pid_yaw": [0.5, 1e-06, 0.1], "k_pid_hsp": [0.06137057766318321, 0.005118280649185181, 0.0], "k_pid_vsp": [6.684720516204834, 371.4372253417969, 397.6702575683594]}, "datetime": {"datetime": "2025-08-21 02:56:39", "elapsed": 54254.26637673378, "delta": 20.886560440063477}, "costs": {"total_cost": 1488.1005828484222, "time_cost": 150, "final_distance_cost": 12.442917882393656, "oscillation_cost": 46.42490491877366, "completition_cost": 1000.0, "overshoot_cost": 141.17175595872948, "power_cost": 35.54346971435547, "noise_cost": 102.51753437416978, "n_waypoints_completed": 0, "tot_waypoints": 9}}
{"target": -1431.828178298006, "params": {"k_pid_pos": [0.11045552045106888, 1.0, 0.04436087608337402], "k_pid_alt": [1.9552552700042725, 0.9763191938400269, 0.0], "k_pid_att": [100.0, 9.999999747378752e-05, 0.09938284754753113], "k_pid_yaw": [0.5, 1e-06, 0.1], "k_pid_hsp": [1.1256169080734253, 0.04457193613052368, 0.0], "k_pid_vsp": [0.0, 381.5937194824219, 400.0]}, "datetime": {"datetime": "2025-08-21 02:56:59", "elapsed": 54273.92797112465, "delta": 19.66159439086914}, "costs": {"total_cost": 1431.828178298006, "time_cost": 150, "final_distance_cost": 9.803513283891938, "oscillation_cost": 66.916378494374, "completition_cost": 1000.0, "overshoot_cost": 138.89013030907438, "power_cost": 14.394714965820313, "noise_cost": 51.82344124484504, "n_waypoints_completed": 0, "tot_waypoints": 9}}
{"target": -4282.527241581875, "params": {"k_pid_pos": [0.019147440791130066, 0.9226964116096497, 0.0], "k_pid_alt": [1.956872582435608, 0.9231740832328796, 0.0726194679737091], "k_pid_att": [100.0, 9.999999747378752e-05, 0.01889452338218689], "k_pid_yaw": [0.5, 1e-06, 0.1], "k_pid_hsp": [9.999999747378752e-05, 0.022753387689590454, 0.03713041543960571], "k_pid_vsp": [0.0, 387.8880615234375, 396.0248107910156]}, "datetime": {"datetime": "2025-08-21 02:57:20", "elapsed": 54294.56285619736, "delta": 20.63488507270813}, "costs": {"total_cost": 4282.527241581875, "time_cost": 150, "final_distance_cost": 1160.9097651587533, "oscillation_cost": 77.47744925234956, "completition_cost": 1000.0, "overshoot_cost": 1855.1929702920752, "power_cost": 21.864943041992188, "noise_cost": 17.082113836705094, "n_waypoints_completed": 0, "tot_waypoints": 9}}
{"target": -1932.0165872418218, "params": {"k_pid_pos": [0.036720335483551025, 1.0, 0.0], "k_pid_alt": [1.8378657102584839, 1.0, 0.0], "k_pid_att": [97.31977081298828, 9.999999747378752e-05, 0.06996855139732361], "k_pid_yaw": [0.5, 1e-06, 0.1], "k_pid_hsp": [9.999999747378752e-05, 0.0, 0.007652550935745239], "k_pid_vsp": [3.721320629119873, 400.0, 392.66839599609375]}, "datetime": {"datetime": "2025-08-21 02:57:40", "elapsed": 54314.59082055092, "delta": 20.0279643535614}, "costs": {"total_cost": 1932.0165872418218, "time_cost": 150, "final_distance_cost": 339.51845509292184, "oscillation_cost": 31.34402921424471, "completition_cost": 1000.0, "overshoot_cost": 387.623335853965, "power_cost": 11.14334451904297, "noise_cost": 12.387422561647194, "n_waypoints_completed": 0, "tot_waypoints": 9}}
{"target": -1945.8758319911371, "params": {"k_pid_pos": [0.0429072268307209, 1.0, 0.0], "k_pid_alt": [1.979504108428955, 0.9500421285629272, 0.0], "k_pid_att": [100.0, 9.999999747378752e-05, 0.09039616584777832], "k_pid_yaw": [0.5, 1e-06, 0.1], "k_pid_hsp": [9.999999747378752e-05, 0.0, 0.0], "k_pid_vsp": [0.0, 400.0, 400.0]}, "datetime": {"datetime": "2025-08-21 02:58:00", "elapsed": 54334.88732290268, "delta": 20.296502351760864}, "costs": {"total_cost": 1945.8758319911371, "time_cost": 150, "final_distance_cost": 332.4322285724101, "oscillation_cost": 24.67560700358643, "completition_cost": 1000.0, "overshoot_cost": 372.6972148809545, "power_cost": 37.92703269042969, "noise_cost": 28.14374884375636, "n_waypoints_completed": 0, "tot_waypoints": 9}}
