{"target": -1485.6173984761726, "params": {"k_pid_pos": [0.10582751035690308, 1.0, 0.0], "k_pid_alt": [1.9976216554641724, 1.0, 0.034542351961135864], "k_pid_att": [92.3470687866211, 9.999999747378752e-05, 0.010277926921844482], "k_pid_yaw": [0.5, 1e-06, 0.1], "k_pid_hsp": [0.22422343492507935, 0.07070660591125488, 0.06961295008659363], "k_pid_vsp": [39.526973724365234, 400.0, 387.9778747558594]}, "datetime": {"datetime": "2025-08-20 19:52:09", "elapsed": 28784.323889255524, "delta": 22.728782415390015}, "costs": {"total_cost": 1485.6173984761726, "time_cost": 150, "final_distance_cost": 10.999169588665177, "oscillation_cost": 130.48435247745044, "completition_cost": 1000.0, "overshoot_cost": 132.9064394705942, "power_cost": 23.724997229003908, "noise_cost": 37.502439710458766, "n_waypoints_completed": 0, "tot_waypoints": 9}}
{"target": -1457.260495485756, "params": {"k_pid_pos": [9.999999747378752e-05, 1.0, 0.0], "k_pid_alt": [1.9739793539047241, 0.8874143362045288, 0.0], "k_pid_att": [100.0, 0.3671312928199768, 0.0010769963264465332], "k_pid_yaw": [0.5, 1e-06, 0.1], "k_pid_hsp": [0.13817068934440613, 0.0, 0.02236202359199524], "k_pid_vsp": [12.459683418273926, 400.0, 400.0]}, "datetime": {"datetime": "2025-08-20 19:52:32", "elapsed": 28806.601744413376, "delta": 22.277855157852173}, "costs": {"total_cost": 1457.260495485756, "time_cost": 150, "final_distance_cost": 7.401355934335155, "oscillation_cost": 77.83711177173325, "completition_cost": 1000.0, "overshoot_cost": 140.24922975233747, "power_cost": 19.560049975585937, "noise_cost": 62.2127480517642, "n_waypoints_completed": 0, "tot_waypoints": 9}}
{"target": -1965.8695738524107, "params": {"k_pid_pos": [9.999999747378752e-05, 0.9620254039764404, 0.0], "k_pid_alt": [2.0, 1.0, 0.0], "k_pid_att": [100.0, 9.999999747378752e-05, 0.012281745672225952], "k_pid_yaw": [0.5, 1e-06, 0.1], "k_pid_hsp": [9.999999747378752e-05, 0.0, 0.0], "k_pid_vsp": [0.0, 389.8604431152344, 400.0]}, "datetime": {"datetime": "2025-08-20 19:52:55", "elapsed": 28829.865800857544, "delta": 23.26405644416809}, "costs": {"total_cost": 1965.8695738524107, "time_cost": 150, "final_distance_cost": 339.723649977477, "oscillation_cost": 25.192739441395688, "completition_cost": 1000.0, "overshoot_cost": 384.74317137106107, "power_cost": 37.85891437988281, "noise_cost": 28.35109868259392, "n_waypoints_completed": 0, "tot_waypoints": 9}}
{"target": -3667.8359575476547, "params": {"k_pid_pos": [0.01579180732369423, 0.9865016937255859, 0.0], "k_pid_alt": [1.83371901512146, 1.0, 0.014322102069854736], "k_pid_att": [93.00755310058594, 0.04346879944205284, 0.0], "k_pid_yaw": [0.5, 1e-06, 0.1], "k_pid_hsp": [9.999999747378752e-05, 0.03253173828125, 0.04954645037651062], "k_pid_vsp": [1.6961216926574707, 400.0, 400.0]}, "datetime": {"datetime": "2025-08-20 19:53:18", "elapsed": 28852.959609746933, "delta": 23.093808889389038}, "costs": {"total_cost": 3667.8359575476547, "time_cost": 150, "final_distance_cost": 912.2947205214257, "oscillation_cost": 145.89379160905546, "completition_cost": 1000.0, "overshoot_cost": 1419.96627224242, "power_cost": 22.034765673828126, "noise_cost": 17.64640750092525, "n_waypoints_completed": 0, "tot_waypoints": 9}}
{"target": -2648.06199169742, "params": {"k_pid_pos": [0.09581467509269714, 1.0, 0.0], "k_pid_alt": [1.828007698059082, 1.0, 0.0], "k_pid_att": [100.0, 9.999999747378752e-05, 0.0], "k_pid_yaw": [0.5, 1e-06, 0.1], "k_pid_hsp": [9.999999747378752e-05, 0.0, 0.06125527620315552], "k_pid_vsp": [0.0, 370.7005920410156, 400.0]}, "datetime": {"datetime": "2025-08-20 19:53:41", "elapsed": 28875.848789691925, "delta": 22.889179944992065}, "costs": {"total_cost": 2648.06199169742, "time_cost": 150, "final_distance_cost": 574.139591019891, "oscillation_cost": 231.81488279198442, "completition_cost": 888.8888888888888, "overshoot_cost": 764.8717520302494, "power_cost": 21.16595751953125, "noise_cost": 17.180919446875237, "n_waypoints_completed": 1, "tot_waypoints": 9}}
{"target": -1971.670652048561, "params": {"k_pid_pos": [0.035676173865795135, 1.0, 0.0], "k_pid_alt": [2.0, 0.9770865440368652, 0.019902825355529785], "k_pid_att": [100.0, 9.999999747378752e-05, 0.0], "k_pid_yaw": [0.5, 1e-06, 0.1], "k_pid_hsp": [9.999999747378752e-05, 0.0, 0.0], "k_pid_vsp": [0.0, 392.92864990234375, 374.6600646972656]}, "datetime": {"datetime": "2025-08-20 19:54:04", "elapsed": 28898.761476278305, "delta": 22.912686586380005}, "costs": {"total_cost": 1971.670652048561, "time_cost": 150, "final_distance_cost": 341.84111927655914, "oscillation_cost": 25.37063733084685, "completition_cost": 1000.0, "overshoot_cost": 388.6638147378438, "power_cost": 37.85906380615234, "noise_cost": 27.936016897158925, "n_waypoints_completed": 0, "tot_waypoints": 9}}
{"target": -1468.7957894069477, "params": {"k_pid_pos": [9.999999747378752e-05, 1.0, 0.07214424014091492], "k_pid_alt": [2.0, 1.0, 0.0], "k_pid_att": [100.0, 1.2341371774673462, 0.0], "k_pid_yaw": [0.5, 1e-06, 0.1], "k_pid_hsp": [0.16230228543281555, 0.0, 0.0], "k_pid_vsp": [0.0, 400.0, 400.0]}, "datetime": {"datetime": "2025-08-20 19:54:26", "elapsed": 28920.697067975998, "delta": 21.93559169769287}, "costs": {"total_cost": 1468.7957894069477, "time_cost": 150, "final_distance_cost": 13.522247585513112, "oscillation_cost": 54.51817679050234, "completition_cost": 1000.0, "overshoot_cost": 140.1712618238745, "power_cost": 27.38007735595703, "noise_cost": 83.20402585110111, "n_waypoints_completed": 0, "tot_waypoints": 9}}
{"target": -1441.3873737914562, "params": {"k_pid_pos": [9.999999747378752e-05, 1.0, 0.060387104749679565], "k_pid_alt": [1.947432279586792, 0.9919113516807556, 0.0], "k_pid_att": [100.0, 0.5115537047386169, 0.028499752283096313], "k_pid_yaw": [0.5, 1e-06, 0.1], "k_pid_hsp": [9.999999747378752e-05, 0.0261039137840271, 0.0], "k_pid_vsp": [0.0, 400.0, 400.0]}, "datetime": {"datetime": "2025-08-20 19:54:49", "elapsed": 28943.608017921448, "delta": 22.91094994544983}, "costs": {"total_cost": 1441.3873737914562, "time_cost": 150, "final_distance_cost": 102.73142003635235, "oscillation_cost": 31.49029429848178, "completition_cost": 1000.0, "overshoot_cost": 122.03409030478565, "power_cost": 17.34747615966797, "noise_cost": 17.78409299216823, "n_waypoints_completed": 0, "tot_waypoints": 9}}
{"target": -1540.718847307986, "params": {"k_pid_pos": [0.13657809793949127, 0.989290714263916, 0.0], "k_pid_alt": [2.0, 0.9713045358657837, 0.0], "k_pid_att": [100.0, 0.8939807415008545, 0.06932944059371948], "k_pid_yaw": [0.5, 1e-06, 0.1], "k_pid_hsp": [9.999999747378752e-05, 0.011837214231491089, 0.0004557371139526367], "k_pid_vsp": [0.0, 351.5927429199219, 400.0]}, "datetime": {"datetime": "2025-08-20 19:55:12", "elapsed": 28966.55259346962, "delta": 22.944575548171997}, "costs": {"total_cost": 1540.718847307986, "time_cost": 150, "final_distance_cost": 211.88142093898804, "oscillation_cost": 35.49070927574586, "completition_cost": 888.8888888888888, "overshoot_cost": 228.7720878486283, "power_cost": 12.391182202148437, "noise_cost": 13.294558153586188, "n_waypoints_completed": 1, "tot_waypoints": 9}}
{"target": -1967.0035824912904, "params": {"k_pid_pos": [0.07011681795120239, 0.9996514916419983, 0.015331685543060303], "k_pid_alt": [1.9785633087158203, 1.0, 0.03389996290206909], "k_pid_att": [100.0, 9.999999747378752e-05, 0.0], "k_pid_yaw": [0.5, 1e-06, 0.1], "k_pid_hsp": [9.999999747378752e-05, 0.0, 0.0], "k_pid_vsp": [5.046331882476807, 377.00390625, 392.6588439941406]}, "datetime": {"datetime": "2025-08-20 19:55:34", "elapsed": 28989.12357521057, "delta": 22.570981740951538}, "costs": {"total_cost": 1967.0035824912904, "time_cost": 150, "final_distance_cost": 340.17549609567084, "oscillation_cost": 25.286490438446894, "completition_cost": 1000.0, "overshoot_cost": 385.3356515868919, "power_cost": 37.93837143554688, "noise_cost": 28.267572934733884, "n_waypoints_completed": 0, "tot_waypoints": 9}}
{"target": -1497.1140018439332, "params": {"k_pid_pos": [0.2207750380039215, 1.0, 0.0], "k_pid_alt": [2.0, 1.0, 0.02088192105293274], "k_pid_att": [93.3630142211914, 9.999999747378752e-05, 0.0], "k_pid_yaw": [0.5, 1e-06, 0.1], "k_pid_hsp": [0.18690593540668488, 0.01636376976966858, 0.0], "k_pid_vsp": [0.0, 399.1195068359375, 390.93853759765625]}, "datetime": {"datetime": "2025-08-20 19:55:57", "elapsed": 29012.045103788376, "delta": 22.921528577804565}, "costs": {"total_cost": 1497.1140018439332, "time_cost": 150, "final_distance_cost": 12.196032545036966, "oscillation_cost": 59.06637751612357, "completition_cost": 1000.0, "overshoot_cost": 139.14847462671094, "power_cost": 35.04604342041016, "noise_cost": 101.65707373565155, "n_waypoints_completed": 0, "tot_waypoints": 9}}
{"target": -1819.2079968253215, "params": {"k_pid_pos": [0.0006663945969194174, 1.0, 0.012702584266662598], "k_pid_alt": [2.0, 1.0, 0.0], "k_pid_att": [100.0, 0.4145457148551941, 0.0], "k_pid_yaw": [0.5, 1e-06, 0.1], "k_pid_hsp": [9.999999747378752e-05, 0.013569355010986328, 0.0039799511432647705], "k_pid_vsp": [6.449830532073975, 400.0, 400.0]}, "datetime": {"datetime": "2025-08-20 19:56:20", "elapsed": 29035.18834757805, "delta": 23.14324378967285}, "costs": {"total_cost": 1819.2079968253215, "time_cost": 150, "final_distance_cost": 286.51377171211567, "oscillation_cost": 32.88877882310259, "completition_cost": 1000.0, "overshoot_cost": 325.1249598786772, "power_cost": 11.82269520263672, "noise_cost": 12.857791208789415, "n_waypoints_completed": 0, "tot_waypoints": 9}}
{"target": -1690.4376421035236, "params": {"k_pid_pos": [9.999999747378752e-05, 0.9202884435653687, 0.0], "k_pid_alt": [2.0, 1.0, 0.0], "k_pid_att": [98.16500091552734, 0.09630510956048965, 0.03651779890060425], "k_pid_yaw": [0.5, 1e-06, 0.1], "k_pid_hsp": [9.999999747378752e-05, 0.02044317126274109, 0.00839725136756897], "k_pid_vsp": [8.497249603271484, 388.5276794433594, 400.0]}, "datetime": {"datetime": "2025-08-20 19:56:45", "elapsed": 29060.206614494324, "delta": 25.018266916275024}, "costs": {"total_cost": 1690.4376421035236, "time_cost": 150, "final_distance_cost": 214.40555098474258, "oscillation_cost": 28.81447550475817, "completition_cost": 1000.0, "overshoot_cost": 231.6462367878099, "power_cost": 37.90504621582031, "noise_cost": 27.666332610392892, "n_waypoints_completed": 0, "tot_waypoints": 9}}
{"target": -3064.0514167247397, "params": {"k_pid_pos": [9.999999747378752e-05, 0.9071633815765381, 0.04367786645889282], "k_pid_alt": [2.0, 1.0, 0.0], "k_pid_att": [89.89400482177734, 0.9925193190574646, 0.0], "k_pid_yaw": [0.5, 1e-06, 0.1], "k_pid_hsp": [9.999999747378752e-05, 0.0002377927303314209, 0.026392459869384766], "k_pid_vsp": [22.574722290039062, 400.0, 400.0]}, "datetime": {"datetime": "2025-08-20 19:57:10", "elapsed": 29084.5592751503, "delta": 24.352660655975342}, "costs": {"total_cost": 3064.0514167247397, "time_cost": 150, "final_distance_cost": 734.1569028051042, "oscillation_cost": 94.489811872393, "completition_cost": 1000.0, "overshoot_cost": 1066.2262501620057, "power_cost": 8.943104248046875, "noise_cost": 10.235347637190154, "n_waypoints_completed": 0, "tot_waypoints": 9}}
{"target": -4439.234124862634, "params": {"k_pid_pos": [9.999999747378752e-05, 0.9654185175895691, 0.0], "k_pid_alt": [2.0, 0.9873835444450378, 0.08564931154251099], "k_pid_att": [95.45437622070312, 0.47765716910362244, 0.0], "k_pid_yaw": [0.5, 1e-06, 0.1], "k_pid_hsp": [9.999999747378752e-05, 0.0, 0.034239381551742554], "k_pid_vsp": [9.898101806640625, 400.0, 400.0]}, "datetime": {"datetime": "2025-08-20 19:57:32", "elapsed": 29106.948053598404, "delta": 22.38877844810486}, "costs": {"total_cost": 4439.234124862634, "time_cost": 150, "final_distance_cost": 1198.7538626915427, "oscillation_cost": 75.94478150435825, "completition_cost": 1000.0, "overshoot_cost": 1973.874832935789, "power_cost": 23.068763427734375, "noise_cost": 17.59188430321032, "n_waypoints_completed": 0, "tot_waypoints": 9}}
{"target": -3895.3490423071316, "params": {"k_pid_pos": [9.999999747378752e-05, 1.0, 0.0], "k_pid_alt": [2.0, 1.0, 0.0], "k_pid_att": [96.5738525390625, 9.999999747378752e-05, 0.0], "k_pid_yaw": [0.5, 1e-06, 0.1], "k_pid_hsp": [9.999999747378752e-05, 0.015538990497589111, 0.05025753378868103], "k_pid_vsp": [0.44869184494018555, 374.65972900390625, 400.0]}, "datetime": {"datetime": "2025-08-20 19:57:55", "elapsed": 29130.340277910233, "delta": 23.392224311828613}, "costs": {"total_cost": 3895.3490423071316, "time_cost": 150, "final_distance_cost": 1004.1864568256974, "oscillation_cost": 119.27379504686547, "completition_cost": 1000.0, "overshoot_cost": 1582.4740238624277, "power_cost": 21.770535778808593, "noise_cost": 17.644230793332774, "n_waypoints_completed": 0, "tot_waypoints": 9}}
{"target": -1458.1274474367594, "params": {"k_pid_pos": [0.22453632950782776, 0.9726945161819458, 0.0], "k_pid_alt": [1.8372138738632202, 1.0, 0.0], "k_pid_att": [100.0, 0.3978160321712494, 0.005192488431930542], "k_pid_yaw": [0.5, 1e-06, 0.1], "k_pid_hsp": [0.31557556986808777, 0.0, 0.025232911109924316], "k_pid_vsp": [0.0, 400.0, 369.7802429199219]}, "datetime": {"datetime": "2025-08-20 19:58:18", "elapsed": 29153.38404583931, "delta": 23.04376792907715}, "costs": {"total_cost": 1458.1274474367594, "time_cost": 150, "final_distance_cost": 3.8818935839273307, "oscillation_cost": 75.62207087968396, "completition_cost": 1000.0, "overshoot_cost": 139.0644647413387, "power_cost": 21.541438427734377, "noise_cost": 68.01757980407503, "n_waypoints_completed": 0, "tot_waypoints": 9}}
{"target": -1475.9165931134326, "params": {"k_pid_pos": [0.019892998039722443, 0.9741781949996948, 0.0], "k_pid_alt": [1.8725018501281738, 0.907158374786377, 0.0], "k_pid_att": [96.38048553466797, 9.999999747378752e-05, 0.0], "k_pid_yaw": [0.5, 1e-06, 0.1], "k_pid_hsp": [0.4609212279319763, 0.0, 0.022420912981033325], "k_pid_vsp": [33.56294631958008, 400.0, 389.1886291503906]}, "datetime": {"datetime": "2025-08-20 19:58:41", "elapsed": 29176.144208669662, "delta": 22.760162830352783}, "costs": {"total_cost": 1475.9165931134326, "time_cost": 150, "final_distance_cost": 23.926047578478272, "oscillation_cost": 93.68695745985931, "completition_cost": 1000.0, "overshoot_cost": 141.83663924735293, "power_cost": 14.498947570800782, "noise_cost": 51.96800125694129, "n_waypoints_completed": 0, "tot_waypoints": 9}}
{"target": -4350.695104199337, "params": {"k_pid_pos": [9.999999747378752e-05, 1.0, 0.0], "k_pid_alt": [2.0, 0.9813216924667358, 0.0], "k_pid_att": [96.22240447998047, 9.999999747378752e-05, 0.0], "k_pid_yaw": [0.5, 1e-06, 0.1], "k_pid_hsp": [9.999999747378752e-05, 0.0, 0.040544599294662476], "k_pid_vsp": [0.0, 400.0, 372.05224609375]}, "datetime": {"datetime": "2025-08-20 19:59:05", "elapsed": 29200.21094584465, "delta": 24.066737174987793}, "costs": {"total_cost": 4350.695104199337, "time_cost": 150, "final_distance_cost": 1163.5948952900033, "oscillation_cost": 105.26678383707045, "completition_cost": 1000.0, "overshoot_cost": 1892.3390777914492, "power_cost": 21.850394958496096, "noise_cost": 17.64395232231798, "n_waypoints_completed": 0, "tot_waypoints": 9}}
{"target": -1882.056091684627, "params": {"k_pid_pos": [9.999999747378752e-05, 0.9521039724349976, 0.0], "k_pid_alt": [1.963221549987793, 0.998843789100647, 0.0], "k_pid_att": [97.53530883789062, 0.04792539402842522, 0.03535193204879761], "k_pid_yaw": [0.5, 1e-06, 0.1], "k_pid_hsp": [9.999999747378752e-05, 0.013547927141189575, 0.01025894284248352], "k_pid_vsp": [0.0, 391.445556640625, 400.0]}, "datetime": {"datetime": "2025-08-20 19:59:27", "elapsed": 29222.107187747955, "delta": 21.896241903305054}, "costs": {"total_cost": 1882.056091684627, "time_cost": 150, "final_distance_cost": 297.0123151923117, "oscillation_cost": 28.405327190100063, "completition_cost": 1000.0, "overshoot_cost": 341.40718756477224, "power_cost": 37.96897133789063, "noise_cost": 27.262290399552626, "n_waypoints_completed": 0, "tot_waypoints": 9}}
{"target": -1430.6089456126574, "params": {"k_pid_pos": [9.999999747378752e-05, 1.0, 0.029580265283584595], "k_pid_alt": [1.993708610534668, 1.0, 0.0], "k_pid_att": [100.0, 0.7494730949401855, 0.0], "k_pid_yaw": [0.5, 1e-06, 0.1], "k_pid_hsp": [9.999999747378752e-05, 0.08518019318580627, 0.01655888557434082], "k_pid_vsp": [28.64173698425293, 383.4325256347656, 400.0]}, "datetime": {"datetime": "2025-08-20 19:59:50", "elapsed": 29244.84401869774, "delta": 22.736830949783325}, "costs": {"total_cost": 1430.6089456126574, "time_cost": 150, "final_distance_cost": 16.300277362194528, "oscillation_cost": 46.48799427522212, "completition_cost": 1000.0, "overshoot_cost": 145.24340494291323, "power_cost": 16.032497802734376, "noise_cost": 56.54477122959336, "n_waypoints_completed": 0, "tot_waypoints": 9}}
{"target": -1940.0364667187198, "params": {"k_pid_pos": [9.999999747378752e-05, 0.9834688305854797, 0.0], "k_pid_alt": [2.0, 1.0, 0.0], "k_pid_att": [100.0, 9.999999747378752e-05, 0.0], "k_pid_yaw": [0.5, 1e-06, 0.1], "k_pid_hsp": [9.999999747378752e-05, 0.0, 0.0], "k_pid_vsp": [0.0, 400.0, 393.2640075683594]}, "datetime": {"datetime": "2025-08-20 20:00:13", "elapsed": 29267.846428394318, "delta": 23.00240969657898}, "costs": {"total_cost": 1940.0364667187198, "time_cost": 150, "final_distance_cost": 330.74887357866595, "oscillation_cost": 25.10533429513745, "completition_cost": 1000.0, "overshoot_cost": 366.3356231123495, "power_cost": 37.81823366699219, "noise_cost": 30.028402065575, "n_waypoints_completed": 0, "tot_waypoints": 9}}
{"target": -1411.8296703276671, "params": {"k_pid_pos": [0.0620713084936142, 1.0, 0.016598522663116455], "k_pid_alt": [2.0, 0.8593075275421143, 0.08754190802574158], "k_pid_att": [100.0, 9.999999747378752e-05, 0.09744027256965637], "k_pid_yaw": [0.5, 1e-06, 0.1], "k_pid_hsp": [0.3701007664203644, 0.0, 0.0], "k_pid_vsp": [0.0, 391.5968017578125, 394.5359802246094]}, "datetime": {"datetime": "2025-08-20 20:00:37", "elapsed": 29291.694149017334, "delta": 23.847720623016357}, "costs": {"total_cost": 1411.8296703276671, "time_cost": 150, "final_distance_cost": 14.286079278685264, "oscillation_cost": 63.350092932550076, "completition_cost": 1000.0, "overshoot_cost": 139.7107671008594, "power_cost": 8.08990771484375, "noise_cost": 36.39282330072861, "n_waypoints_completed": 0, "tot_waypoints": 9}}
{"target": -1515.3004813169282, "params": {"k_pid_pos": [9.999999747378752e-05, 0.9140623807907104, 0.008107692003250122], "k_pid_alt": [2.0, 0.9884134531021118, 0.0], "k_pid_att": [100.0, 9.999999747378752e-05, 0.0], "k_pid_yaw": [0.5, 1e-06, 0.1], "k_pid_hsp": [0.016292333602905273, 0.0, 0.008212178945541382], "k_pid_vsp": [0.12897253036499023, 400.0, 347.4455261230469]}, "datetime": {"datetime": "2025-08-20 20:01:00", "elapsed": 29314.553151369095, "delta": 22.859002351760864}, "costs": {"total_cost": 1515.3004813169282, "time_cost": 150, "final_distance_cost": 148.22548613704066, "oscillation_cost": 30.02289031702097, "completition_cost": 1000.0, "overshoot_cost": 121.82890938446099, "power_cost": 37.906215625, "noise_cost": 27.31697985340577, "n_waypoints_completed": 0, "tot_waypoints": 9}}
{"target": -1979.7131912677437, "params": {"k_pid_pos": [0.060207027941942215, 1.0, 0.0], "k_pid_alt": [2.0, 1.0, 0.0], "k_pid_att": [100.0, 9.999999747378752e-05, 0.0], "k_pid_yaw": [0.5, 1e-06, 0.1], "k_pid_hsp": [9.999999747378752e-05, 0.0, 0.0], "k_pid_vsp": [1.634061336517334, 400.0, 385.166259765625]}, "datetime": {"datetime": "2025-08-20 20:01:21", "elapsed": 29336.128944158554, "delta": 21.57579278945923}, "costs": {"total_cost": 1979.7131912677437, "time_cost": 150, "final_distance_cost": 344.50730355914993, "oscillation_cost": 25.280680631031565, "completition_cost": 1000.0, "overshoot_cost": 394.1886415685939, "power_cost": 37.858196044921876, "noise_cost": 27.878369464046404, "n_waypoints_completed": 0, "tot_waypoints": 9}}
{"target": -1450.919110967674, "params": {"k_pid_pos": [0.04460122808814049, 0.9785870313644409, 0.005517482757568359], "k_pid_alt": [2.0, 1.0, 0.0], "k_pid_att": [100.0, 9.999999747378752e-05, 0.0], "k_pid_yaw": [0.5, 1e-06, 0.1], "k_pid_hsp": [0.10022466629743576, 0.03631073236465454, 0.023611515760421753], "k_pid_vsp": [0.0, 400.0, 376.3363342285156]}, "datetime": {"datetime": "2025-08-20 20:01:44", "elapsed": 29359.077970027924, "delta": 22.949025869369507}, "costs": {"total_cost": 1450.919110967674, "time_cost": 150, "final_distance_cost": 14.732144259180007, "oscillation_cost": 70.77361597062891, "completition_cost": 1000.0, "overshoot_cost": 141.72895950078413, "power_cost": 16.767645166015626, "noise_cost": 56.91674607106525, "n_waypoints_completed": 0, "tot_waypoints": 9}}
{"target": -1811.1704958707003, "params": {"k_pid_pos": [9.999999747378752e-05, 0.9153216481208801, 0.0], "k_pid_alt": [1.9650928974151611, 0.9782301187515259, 0.03244081139564514], "k_pid_att": [100.0, 1.1347650289535522, 0.0332527756690979], "k_pid_yaw": [0.5, 1e-06, 0.1], "k_pid_hsp": [9.999999747378752e-05, 0.01264980435371399, 0.0], "k_pid_vsp": [12.875473022460938, 392.42108154296875, 340.979248046875]}, "datetime": {"datetime": "2025-08-20 20:02:07", "elapsed": 29381.963891267776, "delta": 22.885921239852905}, "costs": {"total_cost": 1811.1704958707003, "time_cost": 150, "final_distance_cost": 282.49567250245167, "oscillation_cost": 31.528661921501605, "completition_cost": 1000.0, "overshoot_cost": 321.5590107470567, "power_cost": 12.073824475097657, "noise_cost": 13.513326224592754, "n_waypoints_completed": 0, "tot_waypoints": 9}}
