{"target": -1970.3409541385513, "params": {"k_pid_pos": [9.999999747378752e-05, 1.0, 0.0], "k_pid_alt": [1.947442889213562, 1.0, 0.0], "k_pid_att": [100.0, 9.999999747378752e-05, 0.046295732259750366], "k_pid_yaw": [0.5, 1e-06, 0.1], "k_pid_hsp": [9.999999747378752e-05, 0.0, 0.0], "k_pid_vsp": [9.03613567352295, 351.91766357421875, 395.6199951171875]}, "datetime": {"datetime": "2025-08-21 02:00:32", "elapsed": 50886.53985643387, "delta": 26.694352865219116}, "costs": {"total_cost": 1970.3409541385513, "time_cost": 150, "final_distance_cost": 340.9382528373264, "oscillation_cost": 25.09228257032331, "completition_cost": 1000.0, "overshoot_cost": 388.40339330488047, "power_cost": 37.85167150878907, "noise_cost": 28.055353917232132, "n_waypoints_completed": 0, "tot_waypoints": 9}}
{"target": -3365.6277245498504, "params": {"k_pid_pos": [9.999999747378752e-05, 1.0, 0.0], "k_pid_alt": [2.0, 0.9637492299079895, 0.07825466990470886], "k_pid_att": [97.33839416503906, 9.999999747378752e-05, 0.0], "k_pid_yaw": [0.5, 1e-06, 0.1], "k_pid_hsp": [0.02910243533551693, 0.0, 0.059594541788101196], "k_pid_vsp": [0.0, 372.85662841796875, 400.0]}, "datetime": {"datetime": "2025-08-21 02:00:54", "elapsed": 50909.384194374084, "delta": 22.844337940216064}, "costs": {"total_cost": 3365.6277245498504, "time_cost": 150, "final_distance_cost": 768.564701365869, "oscillation_cost": 177.0389321519534, "completition_cost": 1000.0, "overshoot_cost": 1229.7609108963586, "power_cost": 22.346449353027346, "noise_cost": 17.91673078264177, "n_waypoints_completed": 0, "tot_waypoints": 9}}
{"target": -3816.222536919553, "params": {"k_pid_pos": [0.0203082412481308, 0.9703438878059387, 0.0], "k_pid_alt": [2.0, 0.9311866164207458, 0.0], "k_pid_att": [100.0, 9.999999747378752e-05, 0.06868371367454529], "k_pid_yaw": [0.5, 1e-06, 0.1], "k_pid_hsp": [9.999999747378752e-05, 0.020614445209503174, 0.03695431351661682], "k_pid_vsp": [23.61859130859375, 400.0, 399.1112365722656]}, "datetime": {"datetime": "2025-08-21 02:01:19", "elapsed": 50934.34883713722, "delta": 24.964642763137817}, "costs": {"total_cost": 3816.222536919553, "time_cost": 150, "final_distance_cost": 937.1455142898062, "oscillation_cost": 95.96167893258037, "completition_cost": 1000.0, "overshoot_cost": 1599.1407804007445, "power_cost": 18.558617333984376, "noise_cost": 15.415945962437513, "n_waypoints_completed": 0, "tot_waypoints": 9}}
{"target": -1819.3810802215628, "params": {"k_pid_pos": [0.004579124506562948, 0.9818321466445923, 0.0], "k_pid_alt": [2.0, 1.0, 0.04508209228515625], "k_pid_att": [100.0, 9.999999747378752e-05, 0.0], "k_pid_yaw": [0.5, 1e-06, 0.1], "k_pid_hsp": [9.999999747378752e-05, 0.013024628162384033, 0.009600430727005005], "k_pid_vsp": [2.4042725563049316, 370.69439697265625, 400.0]}, "datetime": {"datetime": "2025-08-21 02:01:43", "elapsed": 50957.708659648895, "delta": 23.359822511672974}, "costs": {"total_cost": 1819.3810802215628, "time_cost": 150, "final_distance_cost": 289.6422690681137, "oscillation_cost": 33.07514869744981, "completition_cost": 1000.0, "overshoot_cost": 321.7926858699949, "power_cost": 11.928079895019533, "noise_cost": 12.942896690984783, "n_waypoints_completed": 0, "tot_waypoints": 9}}
{"target": -1420.2663820086486, "params": {"k_pid_pos": [9.999999747378752e-05, 0.9476598501205444, 0.02056509256362915], "k_pid_alt": [2.0, 0.9177995920181274, 0.0], "k_pid_att": [100.0, 9.999999747378752e-05, 0.016805380582809448], "k_pid_yaw": [0.5, 1e-06, 0.1], "k_pid_hsp": [9.999999747378752e-05, 0.04618993401527405, 0.0], "k_pid_vsp": [34.049034118652344, 376.4255065917969, 400.0]}, "datetime": {"datetime": "2025-08-21 02:02:04", "elapsed": 50979.09076118469, "delta": 21.38210153579712}, "costs": {"total_cost": 1420.2663820086486, "time_cost": 150, "final_distance_cost": 5.024594792964912, "oscillation_cost": 34.91607341890007, "completition_cost": 1000.0, "overshoot_cost": 153.212766376186, "power_cost": 17.97352862548828, "noise_cost": 59.139418795109385, "n_waypoints_completed": 0, "tot_waypoints": 9}}
{"target": -1477.0674237302942, "params": {"k_pid_pos": [9.999999747378752e-05, 0.9779675602912903, 0.0], "k_pid_alt": [1.817251205444336, 1.0, 0.03991863131523132], "k_pid_att": [91.19027709960938, 9.999999747378752e-05, 0.0], "k_pid_yaw": [0.5, 1e-06, 0.1], "k_pid_hsp": [0.3057069182395935, 0.048751264810562134, 0.014946520328521729], "k_pid_vsp": [0.0, 400.0, 382.33831787109375]}, "datetime": {"datetime": "2025-08-21 02:02:29", "elapsed": 51004.35944914818, "delta": 25.268687963485718}, "costs": {"total_cost": 1477.0674237302942, "time_cost": 150, "final_distance_cost": 21.80711016431889, "oscillation_cost": 79.48386987105685, "completition_cost": 1000.0, "overshoot_cost": 146.33854390435147, "power_cost": 18.442376525878906, "noise_cost": 60.995523264687975, "n_waypoints_completed": 0, "tot_waypoints": 9}}
{"target": -3344.5683238997312, "params": {"k_pid_pos": [0.057139746844768524, 0.9450331926345825, 0.00373685359954834], "k_pid_alt": [2.0, 0.9902844429016113, 0.0], "k_pid_att": [97.62320709228516, 0.2533304691314697, 0.03527885675430298], "k_pid_yaw": [0.5, 1e-06, 0.1], "k_pid_hsp": [9.999999747378752e-05, 0.0, 0.042995184659957886], "k_pid_vsp": [37.62570571899414, 369.48504638671875, 400.0]}, "datetime": {"datetime": "2025-08-21 02:02:51", "elapsed": 51025.8405752182, "delta": 21.481126070022583}, "costs": {"total_cost": 3344.5683238997312, "time_cost": 150, "final_distance_cost": 764.5337351632966, "oscillation_cost": 100.60952919069285, "completition_cost": 1000.0, "overshoot_cost": 1290.8264301616448, "power_cost": 21.279369274902344, "noise_cost": 17.31926010919453, "n_waypoints_completed": 0, "tot_waypoints": 9}}
{"target": -1457.9776020599688, "params": {"k_pid_pos": [9.999999747378752e-05, 1.0, 0.012667030096054077], "k_pid_alt": [1.9925448894500732, 1.0, 0.0], "k_pid_att": [94.99417877197266, 9.999999747378752e-05, 0.0], "k_pid_yaw": [0.5, 1e-06, 0.1], "k_pid_hsp": [0.07807938009500504, 0.07935255765914917, 0.0], "k_pid_vsp": [6.424260139465332, 390.7505187988281, 400.0]}, "datetime": {"datetime": "2025-08-21 02:03:17", "elapsed": 51051.58219361305, "delta": 25.741618394851685}, "costs": {"total_cost": 1457.9776020599688, "time_cost": 150, "final_distance_cost": 21.779098774823595, "oscillation_cost": 52.25335204993299, "completition_cost": 1000.0, "overshoot_cost": 143.01645603610928, "power_cost": 21.676474645996095, "noise_cost": 69.252220553107, "n_waypoints_completed": 0, "tot_waypoints": 9}}
{"target": -4248.51246303173, "params": {"k_pid_pos": [9.999999747378752e-05, 0.9472259283065796, 0.0], "k_pid_alt": [2.0, 0.946993350982666, 0.032595932483673096], "k_pid_att": [100.0, 9.999999747378752e-05, 0.023683518171310425], "k_pid_yaw": [0.5, 1e-06, 0.1], "k_pid_hsp": [9.999999747378752e-05, 0.0, 0.04965534806251526], "k_pid_vsp": [0.0, 399.3755798339844, 400.0]}, "datetime": {"datetime": "2025-08-21 02:03:39", "elapsed": 51073.68338179588, "delta": 22.10118818283081}, "costs": {"total_cost": 4248.51246303173, "time_cost": 150, "final_distance_cost": 1110.9492661734741, "oscillation_cost": 124.40699639564755, "completition_cost": 1000.0, "overshoot_cost": 1823.4744180530374, "power_cost": 22.021730004882812, "noise_cost": 17.660052404688233, "n_waypoints_completed": 0, "tot_waypoints": 9}}
{"target": -1901.2055375702553, "params": {"k_pid_pos": [9.999999747378752e-05, 1.0, 0.03658252954483032], "k_pid_alt": [1.870308518409729, 1.0, 0.0978817343711853], "k_pid_att": [93.83235168457031, 9.999999747378752e-05, 0.05228450894355774], "k_pid_yaw": [0.5, 1e-06, 0.1], "k_pid_hsp": [9.999999747378752e-05, 0.0, 0.0], "k_pid_vsp": [0.0, 399.6673583984375, 371.525146484375]}, "datetime": {"datetime": "2025-08-21 02:04:03", "elapsed": 51098.333492040634, "delta": 24.650110244750977}, "costs": {"total_cost": 1901.2055375702553, "time_cost": 150, "final_distance_cost": 328.87608121068325, "oscillation_cost": 29.507407502663373, "completition_cost": 1000.0, "overshoot_cost": 367.09415407225924, "power_cost": 11.820031945800782, "noise_cost": 13.907862838848654, "n_waypoints_completed": 0, "tot_waypoints": 9}}
{"target": -1497.6776105995898, "params": {"k_pid_pos": [9.999999747378752e-05, 1.0, 0.0], "k_pid_alt": [2.0, 0.9830591678619385, 0.0], "k_pid_att": [100.0, 0.7300898432731628, 0.020730257034301758], "k_pid_yaw": [0.5, 1e-06, 0.1], "k_pid_hsp": [0.552830696105957, 0.0, 0.06205350160598755], "k_pid_vsp": [0.0, 394.6419677734375, 400.0]}, "datetime": {"datetime": "2025-08-21 02:04:26", "elapsed": 51121.21976518631, "delta": 22.88627314567566}, "costs": {"total_cost": 1497.6776105995898, "time_cost": 150, "final_distance_cost": 19.048892053274297, "oscillation_cost": 137.31601807526525, "completition_cost": 1000.0, "overshoot_cost": 131.50778943647293, "power_cost": 22.069510009765626, "noise_cost": 37.7354010248115, "n_waypoints_completed": 0, "tot_waypoints": 9}}
{"target": -1458.7849204806748, "params": {"k_pid_pos": [0.11757654696702957, 0.9893333315849304, 0.0], "k_pid_alt": [2.0, 0.9903669953346252, 0.0], "k_pid_att": [99.70194244384766, 9.999999747378752e-05, 0.0], "k_pid_yaw": [0.5, 1e-06, 0.1], "k_pid_hsp": [0.3660297989845276, 0.0, 0.015085935592651367], "k_pid_vsp": [0.0, 396.02264404296875, 400.0]}, "datetime": {"datetime": "2025-08-21 02:04:47", "elapsed": 51142.47178411484, "delta": 21.252018928527832}, "costs": {"total_cost": 1458.7849204806748, "time_cost": 150, "final_distance_cost": 15.492009575956969, "oscillation_cost": 93.0984605909032, "completition_cost": 1000.0, "overshoot_cost": 139.93622978515526, "power_cost": 12.69533836669922, "noise_cost": 47.56288216196017, "n_waypoints_completed": 0, "tot_waypoints": 9}}
{"target": -1458.7224657130064, "params": {"k_pid_pos": [0.00178243569098413, 1.0, 0.02180442214012146], "k_pid_alt": [2.0, 0.9110679626464844, 0.0], "k_pid_att": [100.0, 9.999999747378752e-05, 0.0], "k_pid_yaw": [0.5, 1e-06, 0.1], "k_pid_hsp": [9.999999747378752e-05, 0.10678568482398987, 0.01623019576072693], "k_pid_vsp": [27.86029624938965, 390.6014404296875, 395.60235595703125]}, "datetime": {"datetime": "2025-08-21 02:05:11", "elapsed": 51166.224203825, "delta": 23.7524197101593}, "costs": {"total_cost": 1458.7224657130064, "time_cost": 150, "final_distance_cost": 22.882084393667864, "oscillation_cost": 60.60095166839706, "completition_cost": 1000.0, "overshoot_cost": 144.66968213691212, "power_cost": 18.49388132324219, "noise_cost": 62.075866190787046, "n_waypoints_completed": 0, "tot_waypoints": 9}}
{"target": -1520.1930937018167, "params": {"k_pid_pos": [9.999999747378752e-05, 1.0, 0.03393957018852234], "k_pid_alt": [1.961987018585205, 1.0, 0.0023295581340789795], "k_pid_att": [100.0, 9.999999747378752e-05, 0.0], "k_pid_yaw": [0.5, 1e-06, 0.1], "k_pid_hsp": [0.020891381427645683, 0.062419235706329346, 0.054595768451690674], "k_pid_vsp": [0.0, 397.0157470703125, 400.0]}, "datetime": {"datetime": "2025-08-21 02:05:32", "elapsed": 51187.119733572006, "delta": 20.895529747009277}, "costs": {"total_cost": 1520.1930937018167, "time_cost": 150, "final_distance_cost": 96.93832666258258, "oscillation_cost": 141.37620453124487, "completition_cost": 1000.0, "overshoot_cost": 92.71540409114132, "power_cost": 21.841703479003908, "noise_cost": 17.321454937844, "n_waypoints_completed": 0, "tot_waypoints": 9}}
{"target": -1483.583048512172, "params": {"k_pid_pos": [0.12435314059257507, 1.0, 0.0], "k_pid_alt": [1.9842852354049683, 0.96503746509552, 0.021285206079483032], "k_pid_att": [92.33019256591797, 0.10152582824230194, 0.0], "k_pid_yaw": [0.5, 1e-06, 0.1], "k_pid_hsp": [0.11059815436601639, 0.06466290354728699, 0.05746901035308838], "k_pid_vsp": [7.306301593780518, 400.0, 382.4571228027344]}, "datetime": {"datetime": "2025-08-21 02:05:55", "elapsed": 51210.11649751663, "delta": 22.996763944625854}, "costs": {"total_cost": 1483.583048512172, "time_cost": 150, "final_distance_cost": 14.945626010310905, "oscillation_cost": 129.55512713904974, "completition_cost": 1000.0, "overshoot_cost": 129.8456807205333, "power_cost": 24.906378735351563, "noise_cost": 34.33023590692651, "n_waypoints_completed": 0, "tot_waypoints": 9}}
{"target": -1444.0654104311695, "params": {"k_pid_pos": [9.999999747378752e-05, 0.9642845392227173, 0.03951960802078247], "k_pid_alt": [2.0, 1.0, 0.0], "k_pid_att": [100.0, 9.999999747378752e-05, 0.0023705661296844482], "k_pid_yaw": [0.5, 1e-06, 0.1], "k_pid_hsp": [1.094617486000061, 0.0, 0.0], "k_pid_vsp": [13.414669036865234, 400.0, 378.7254333496094]}, "datetime": {"datetime": "2025-08-21 02:06:17", "elapsed": 51232.12323927879, "delta": 22.006741762161255}, "costs": {"total_cost": 1444.0654104311695, "time_cost": 150, "final_distance_cost": 8.81651307737223, "oscillation_cost": 68.40783905854987, "completition_cost": 1000.0, "overshoot_cost": 139.29202019739878, "power_cost": 17.651412280273437, "noise_cost": 59.8976258175751, "n_waypoints_completed": 0, "tot_waypoints": 9}}
{"target": -1942.0298474435267, "params": {"k_pid_pos": [9.999999747378752e-05, 0.9217414855957031, 0.010287255048751831], "k_pid_alt": [1.9465702772140503, 1.0, 0.014821231365203857], "k_pid_att": [100.0, 0.009421775117516518, 0.03154110908508301], "k_pid_yaw": [0.5, 1e-06, 0.1], "k_pid_hsp": [9.999999747378752e-05, 0.008334577083587646, 0.0022107362747192383], "k_pid_vsp": [9.738885879516602, 400.0, 400.0]}, "datetime": {"datetime": "2025-08-21 02:06:41", "elapsed": 51256.014177799225, "delta": 23.89093852043152}, "costs": {"total_cost": 1942.0298474435267, "time_cost": 150, "final_distance_cost": 325.1292444201244, "oscillation_cost": 26.209390680725722, "completition_cost": 1000.0, "overshoot_cost": 375.75969885160083, "power_cost": 37.963805590820314, "noise_cost": 26.96770790025532, "n_waypoints_completed": 0, "tot_waypoints": 9}}
{"target": -1488.7971197438992, "params": {"k_pid_pos": [0.06769269704818726, 1.0, 0.048352330923080444], "k_pid_alt": [1.8565068244934082, 1.0, 0.0], "k_pid_att": [98.9898681640625, 9.999999747378752e-05, 0.026607871055603027], "k_pid_yaw": [0.5, 1e-06, 0.1], "k_pid_hsp": [9.999999747378752e-05, 0.024037867784500122, 0.0], "k_pid_vsp": [0.0, 400.0, 400.0]}, "datetime": {"datetime": "2025-08-21 02:07:02", "elapsed": 51276.90768289566, "delta": 20.893505096435547}, "costs": {"total_cost": 1488.7971197438992, "time_cost": 150, "final_distance_cost": 133.91532477936835, "oscillation_cost": 31.560316477790174, "completition_cost": 1000.0, "overshoot_cost": 141.2768794378087, "power_cost": 15.711626611328125, "noise_cost": 16.332972437604013, "n_waypoints_completed": 0, "tot_waypoints": 9}}
{"target": -1479.655522649122, "params": {"k_pid_pos": [9.999999747378752e-05, 1.0, 0.0], "k_pid_alt": [2.0, 0.9593847990036011, 0.0], "k_pid_att": [91.8237075805664, 9.999999747378752e-05, 0.0], "k_pid_yaw": [0.5, 1e-06, 0.1], "k_pid_hsp": [0.07956381887197495, 0.0, 0.0], "k_pid_vsp": [0.0, 394.8738098144531, 400.0]}, "datetime": {"datetime": "2025-08-21 02:07:25", "elapsed": 51299.6339430809, "delta": 22.7262601852417}, "costs": {"total_cost": 1479.655522649122, "time_cost": 150, "final_distance_cost": 15.08523747104339, "oscillation_cost": 47.65450184683749, "completition_cost": 1000.0, "overshoot_cost": 140.7894078261311, "power_cost": 31.999995141601563, "noise_cost": 94.12638036350852, "n_waypoints_completed": 0, "tot_waypoints": 9}}
{"target": -1643.2795238468623, "params": {"k_pid_pos": [0.14479823410511017, 1.0, 0.0], "k_pid_alt": [2.0, 0.9668529033660889, 0.024944067001342773], "k_pid_att": [100.0, 9.999999747378752e-05, 0.014609456062316895], "k_pid_yaw": [0.5, 1e-06, 0.1], "k_pid_hsp": [9.999999747378752e-05, 0.02005833387374878, 0.0], "k_pid_vsp": [0.0, 362.9750671386719, 400.0]}, "datetime": {"datetime": "2025-08-21 02:07:47", "elapsed": 51321.84154486656, "delta": 22.20760178565979}, "costs": {"total_cost": 1643.2795238468623, "time_cost": 150, "final_distance_cost": 192.56862234984516, "oscillation_cost": 26.667672661574215, "completition_cost": 1000.0, "overshoot_cost": 208.1551062044989, "power_cost": 37.87244958496094, "noise_cost": 28.01567304598297, "n_waypoints_completed": 0, "tot_waypoints": 9}}
{"target": -1964.6242414725668, "params": {"k_pid_pos": [9.999999747378752e-05, 1.0, 0.008370637893676758], "k_pid_alt": [1.9221768379211426, 0.9862663745880127, 0.0], "k_pid_att": [100.0, 9.999999747378752e-05, 0.02608621120452881], "k_pid_yaw": [0.5, 1e-06, 0.1], "k_pid_hsp": [9.999999747378752e-05, 0.0, 0.0], "k_pid_vsp": [23.53062629699707, 400.0, 400.0]}, "datetime": {"datetime": "2025-08-21 02:08:07", "elapsed": 51342.50010085106, "delta": 20.65855598449707}, "costs": {"total_cost": 1964.6242414725668, "time_cost": 150, "final_distance_cost": 339.2809553383085, "oscillation_cost": 25.087181787411193, "completition_cost": 1000.0, "overshoot_cost": 384.2846532298514, "power_cost": 37.926641333007815, "noise_cost": 28.044809783987734, "n_waypoints_completed": 0, "tot_waypoints": 9}}
{"target": -1480.8696884482388, "params": {"k_pid_pos": [0.01671450026333332, 0.9850800633430481, 0.0], "k_pid_alt": [1.9779763221740723, 0.9975841045379639, 0.0], "k_pid_att": [99.49156951904297, 9.999999747378752e-05, 0.013464123010635376], "k_pid_yaw": [0.5, 1e-06, 0.1], "k_pid_hsp": [9.999999747378752e-05, 0.050501465797424316, 0.012467414140701294], "k_pid_vsp": [0.0, 400.0, 400.0]}, "datetime": {"datetime": "2025-08-21 02:08:32", "elapsed": 51366.99933719635, "delta": 24.499236345291138}, "costs": {"total_cost": 1480.8696884482388, "time_cost": 150, "final_distance_cost": 23.579438861653937, "oscillation_cost": 35.7701487779039, "completition_cost": 1000.0, "overshoot_cost": 150.70763416653224, "power_cost": 30.62142147216797, "noise_cost": 90.19104516998107, "n_waypoints_completed": 0, "tot_waypoints": 9}}
{"target": -1411.0079713193938, "params": {"k_pid_pos": [9.999999747378752e-05, 1.0, 0.0], "k_pid_alt": [2.0, 0.9383633136749268, 0.0], "k_pid_att": [96.51887512207031, 0.3119826316833496, 0.0], "k_pid_yaw": [0.5, 1e-06, 0.1], "k_pid_hsp": [0.4559904932975769, 0.0, 0.0], "k_pid_vsp": [17.597030639648438, 400.0, 400.0]}, "datetime": {"datetime": "2025-08-21 02:08:53", "elapsed": 51388.2867808342, "delta": 21.2874436378479}, "costs": {"total_cost": 1411.0079713193938, "time_cost": 150, "final_distance_cost": 16.264237862622746, "oscillation_cost": 63.571312080294845, "completition_cost": 1000.0, "overshoot_cost": 140.0186134588591, "power_cost": 7.073375842285157, "noise_cost": 34.08043207533189, "n_waypoints_completed": 0, "tot_waypoints": 9}}
{"target": -3180.11024860878, "params": {"k_pid_pos": [9.999999747378752e-05, 0.9928362369537354, 0.014751642942428589], "k_pid_alt": [1.9260060787200928, 1.0, 0.09458109736442566], "k_pid_att": [100.0, 0.2598171830177307, 0.03230854868888855], "k_pid_yaw": [0.5, 1e-06, 0.1], "k_pid_hsp": [9.999999747378752e-05, 0.0492367148399353, 0.04002860188484192], "k_pid_vsp": [0.0, 375.11444091796875, 376.4514465332031]}, "datetime": {"datetime": "2025-08-21 02:09:17", "elapsed": 51412.317779541016, "delta": 24.030998706817627}, "costs": {"total_cost": 3180.11024860878, "time_cost": 150, "final_distance_cost": 738.499734328214, "oscillation_cost": 86.88681415813559, "completition_cost": 1000.0, "overshoot_cost": 1166.9220899769887, "power_cost": 20.934372888183596, "noise_cost": 16.867237257258363, "n_waypoints_completed": 0, "tot_waypoints": 9}}
{"target": -1930.3834894066501, "params": {"k_pid_pos": [0.10384492576122284, 0.9646462798118591, 0.0], "k_pid_alt": [2.0, 1.0, 0.004896372556686401], "k_pid_att": [96.98573303222656, 9.999999747378752e-05, 0.0], "k_pid_yaw": [0.5, 1e-06, 0.1], "k_pid_hsp": [9.999999747378752e-05, 0.0, 0.0], "k_pid_vsp": [0.0, 400.0, 358.2297668457031]}, "datetime": {"datetime": "2025-08-21 02:09:38", "elapsed": 51433.300337553024, "delta": 20.982558012008667}, "costs": {"total_cost": 1930.3834894066501, "time_cost": 150, "final_distance_cost": 339.4918293014958, "oscillation_cost": 30.281473402622094, "completition_cost": 1000.0, "overshoot_cost": 384.9855326608867, "power_cost": 11.687562268066406, "noise_cost": 13.937091773579109, "n_waypoints_completed": 0, "tot_waypoints": 9}}
{"target": -2835.3969031947277, "params": {"k_pid_pos": [0.029208796098828316, 0.9598934650421143, 0.00797891616821289], "k_pid_alt": [1.9585926532745361, 0.9990566372871399, 0.09853851795196533], "k_pid_att": [100.0, 0.883529782295227, 0.03187718987464905], "k_pid_yaw": [0.5, 1e-06, 0.1], "k_pid_hsp": [9.999999747378752e-05, 0.00989222526550293, 0.10467353463172913], "k_pid_vsp": [0.0, 358.5277099609375, 400.0]}, "datetime": {"datetime": "2025-08-21 02:10:04", "elapsed": 51458.95513319969, "delta": 25.65479564666748}, "costs": {"total_cost": 2835.3969031947277, "time_cost": 150, "final_distance_cost": 497.92617240767595, "oscillation_cost": 362.5000391508573, "completition_cost": 1000.0, "overshoot_cost": 785.5718499657931, "power_cost": 21.876600524902344, "noise_cost": 17.522241145499127, "n_waypoints_completed": 0, "tot_waypoints": 9}}
{"target": -3381.6654104673007, "params": {"k_pid_pos": [0.053057391196489334, 1.0, 0.0], "k_pid_alt": [1.9922475814819336, 0.9419656991958618, 0.0], "k_pid_att": [99.79939270019531, 0.3480910658836365, 0.0], "k_pid_yaw": [0.5, 1e-06, 0.1], "k_pid_hsp": [9.999999747378752e-05, 0.0, 0.06749093532562256], "k_pid_vsp": [0.1831531524658203, 392.01806640625, 399.16851806640625]}, "datetime": {"datetime": "2025-08-21 02:10:28", "elapsed": 51482.5307905674, "delta": 23.5756573677063}, "costs": {"total_cost": 3381.6654104673007, "time_cost": 150, "final_distance_cost": 755.1034964750967, "oscillation_cost": 264.17412089080335, "completition_cost": 1000.0, "overshoot_cost": 1171.9203148168149, "power_cost": 22.56711198730469, "noise_cost": 17.900366297281213, "n_waypoints_completed": 0, "tot_waypoints": 9}}
