{"target": -3429.3749473528505, "params": {"k_pid_pos": [0.0002692091220524162, 1.0, 0.12756609916687012], "k_pid_alt": [2.0, 0.9261466860771179, 0.0], "k_pid_att": [100.0, 9.999999747378752e-05, 0.06885060667991638], "k_pid_yaw": [0.5, 1e-06, 0.1], "k_pid_hsp": [9.999999747378752e-05, 0.030970603227615356, 0.04750949144363403], "k_pid_vsp": [3.7181973457336426, 381.91717529296875, 397.627685546875]}, "datetime": {"datetime": "2025-08-20 23:00:21", "elapsed": 40075.59380078316, "delta": 22.081186532974243}, "costs": {"total_cost": 3429.3749473528505, "time_cost": 150, "final_distance_cost": 819.3909244960846, "oscillation_cost": 123.12906197640453, "completition_cost": 1000.0, "overshoot_cost": 1296.9329755264464, "power_cost": 22.11232087402344, "noise_cost": 17.80966447989186, "n_waypoints_completed": 0, "tot_waypoints": 9}}
{"target": -3075.778058340145, "params": {"k_pid_pos": [9.999999747378752e-05, 0.9069504141807556, 0.0010651946067810059], "k_pid_alt": [2.0, 1.0, 0.0], "k_pid_att": [100.0, 9.999999747378752e-05, 0.09180429577827454], "k_pid_yaw": [0.5, 1e-06, 0.1], "k_pid_hsp": [9.999999747378752e-05, 0.06091049313545227, 0.08726948499679565], "k_pid_vsp": [0.0, 400.0, 384.3546447753906]}, "datetime": {"datetime": "2025-08-20 23:00:45", "elapsed": 40100.287110090256, "delta": 24.69330930709839}, "costs": {"total_cost": 3075.778058340145, "time_cost": 150, "final_distance_cost": 612.9810698362694, "oscillation_cost": 289.99914567759606, "completition_cost": 1000.0, "overshoot_cost": 982.2735075522994, "power_cost": 22.646445739746095, "noise_cost": 17.877889534234537, "n_waypoints_completed": 0, "tot_waypoints": 9}}
{"target": -1975.9488329187166, "params": {"k_pid_pos": [0.00502011738717556, 0.9084210395812988, 0.05415993928909302], "k_pid_alt": [2.0, 0.988105058670044, 0.10116362571716309], "k_pid_att": [100.0, 9.999999747378752e-05, 0.0], "k_pid_yaw": [0.5, 1e-06, 0.1], "k_pid_hsp": [9.999999747378752e-05, 0.0, 0.016908496618270874], "k_pid_vsp": [7.500779628753662, 400.0, 400.0]}, "datetime": {"datetime": "2025-08-20 23:01:08", "elapsed": 40123.18191289902, "delta": 22.894802808761597}, "costs": {"total_cost": 1975.9488329187166, "time_cost": 150, "final_distance_cost": 359.53176861053015, "oscillation_cost": 24.107893368307714, "completition_cost": 1000.0, "overshoot_cost": 419.3563901936997, "power_cost": 11.014325390625, "noise_cost": 11.93845535555386, "n_waypoints_completed": 0, "tot_waypoints": 9}}
{"target": -1467.365482062167, "params": {"k_pid_pos": [0.0687614157795906, 0.9093289375305176, 0.03500589728355408], "k_pid_alt": [2.0, 0.9838703870773315, 0.05824822187423706], "k_pid_att": [95.16423034667969, 9.999999747378752e-05, 0.01050618290901184], "k_pid_yaw": [0.5, 1e-06, 0.1], "k_pid_hsp": [9.999999747378752e-05, 0.08221814036369324, 0.0349096953868866], "k_pid_vsp": [10.412490844726562, 400.0, 400.0]}, "datetime": {"datetime": "2025-08-20 23:01:32", "elapsed": 40146.84861397743, "delta": 23.666701078414917}, "costs": {"total_cost": 1467.365482062167, "time_cost": 150, "final_distance_cost": 14.246355272172119, "oscillation_cost": 82.40691009222816, "completition_cost": 1000.0, "overshoot_cost": 143.69590312993395, "power_cost": 18.58392850341797, "noise_cost": 58.43238506441488, "n_waypoints_completed": 0, "tot_waypoints": 9}}
{"target": -1969.1356344123592, "params": {"k_pid_pos": [0.28371647000312805, 1.0, 0.04955381155014038], "k_pid_alt": [2.0, 0.9706677198410034, 0.006276965141296387], "k_pid_att": [99.41651916503906, 0.2641375660896301, 0.010103106498718262], "k_pid_yaw": [0.5, 1e-06, 0.1], "k_pid_hsp": [9.999999747378752e-05, 0.0, 0.0], "k_pid_vsp": [20.629859924316406, 395.45477294921875, 400.0]}, "datetime": {"datetime": "2025-08-20 23:01:56", "elapsed": 40170.88563489914, "delta": 24.037020921707153}, "costs": {"total_cost": 1969.1356344123592, "time_cost": 150, "final_distance_cost": 340.9441890279594, "oscillation_cost": 25.128382622601276, "completition_cost": 1000.0, "overshoot_cost": 387.17314199570444, "power_cost": 37.948299462890624, "noise_cost": 27.94162130320317, "n_waypoints_completed": 0, "tot_waypoints": 9}}
{"target": -1423.5947649277273, "params": {"k_pid_pos": [0.08408696949481964, 0.9514743089675903, 0.0], "k_pid_alt": [2.0, 0.9676529169082642, 0.018572688102722168], "k_pid_att": [96.39093780517578, 0.2494901865720749, 0.054629385471343994], "k_pid_yaw": [0.5, 1e-06, 0.1], "k_pid_hsp": [9.999999747378752e-05, 0.05653071403503418, 0.0], "k_pid_vsp": [0.0, 400.0, 400.0]}, "datetime": {"datetime": "2025-08-20 23:02:18", "elapsed": 40193.29518175125, "delta": 22.409546852111816}, "costs": {"total_cost": 1423.5947649277273, "time_cost": 150, "final_distance_cost": 30.870630810091182, "oscillation_cost": 38.30933557146596, "completition_cost": 1000.0, "overshoot_cost": 149.71601897335677, "power_cost": 11.131439501953125, "noise_cost": 43.56734007086027, "n_waypoints_completed": 0, "tot_waypoints": 9}}
{"target": -1409.705986968123, "params": {"k_pid_pos": [0.029871687293052673, 0.9708642959594727, 0.12000831961631775], "k_pid_alt": [1.9799309968948364, 1.0, 0.0], "k_pid_att": [100.0, 9.999999747378752e-05, 0.0], "k_pid_yaw": [0.5, 1e-06, 0.1], "k_pid_hsp": [9.999999747378752e-05, 0.04470336437225342, 0.0], "k_pid_vsp": [5.179929733276367, 400.0, 400.0]}, "datetime": {"datetime": "2025-08-20 23:02:42", "elapsed": 40216.99368715286, "delta": 23.698505401611328}, "costs": {"total_cost": 1409.705986968123, "time_cost": 150, "final_distance_cost": 19.48272486175022, "oscillation_cost": 36.11154348262363, "completition_cost": 1000.0, "overshoot_cost": 153.46903743780837, "power_cost": 9.962630810546875, "noise_cost": 40.68005037539386, "n_waypoints_completed": 0, "tot_waypoints": 9}}
{"target": -1468.331148317209, "params": {"k_pid_pos": [0.0038106804713606834, 0.9965967535972595, 0.012465566396713257], "k_pid_alt": [2.0, 1.0, 0.0], "k_pid_att": [100.0, 0.651994526386261, 0.0], "k_pid_yaw": [0.5, 1e-06, 0.1], "k_pid_hsp": [0.07582932710647583, 0.00694546103477478, 0.0], "k_pid_vsp": [10.317683219909668, 382.11962890625, 385.4344787597656]}, "datetime": {"datetime": "2025-08-20 23:03:05", "elapsed": 40240.33670759201, "delta": 23.34302043914795}, "costs": {"total_cost": 1468.331148317209, "time_cost": 150, "final_distance_cost": 16.465687765364446, "oscillation_cost": 48.929474515021106, "completition_cost": 1000.0, "overshoot_cost": 141.14681595516296, "power_cost": 27.718289489746095, "noise_cost": 84.07088059191429, "n_waypoints_completed": 0, "tot_waypoints": 9}}
{"target": -3568.3216440257424, "params": {"k_pid_pos": [0.12203773856163025, 0.957878589630127, 0.058506399393081665], "k_pid_alt": [2.0, 1.0, 0.06246647238731384], "k_pid_att": [96.38542938232422, 9.999999747378752e-05, 0.010625571012496948], "k_pid_yaw": [0.5, 1e-06, 0.1], "k_pid_hsp": [9.999999747378752e-05, 0.04319483041763306, 0.045713961124420166], "k_pid_vsp": [1.8103241920471191, 400.0, 400.0]}, "datetime": {"datetime": "2025-08-20 23:03:28", "elapsed": 40262.66611480713, "delta": 22.329407215118408}, "costs": {"total_cost": 3568.3216440257424, "time_cost": 150, "final_distance_cost": 862.0780579933265, "oscillation_cost": 134.34010592547608, "completition_cost": 1000.0, "overshoot_cost": 1381.2876609142702, "power_cost": 22.573123706054687, "noise_cost": 18.04269548661486, "n_waypoints_completed": 0, "tot_waypoints": 9}}
{"target": -1492.6104032086146, "params": {"k_pid_pos": [0.04781607910990715, 0.9221871495246887, 0.0], "k_pid_alt": [1.9750990867614746, 0.97472083568573, 0.0], "k_pid_att": [100.0, 0.4648419916629791, 0.03242403268814087], "k_pid_yaw": [0.5, 1e-06, 0.1], "k_pid_hsp": [0.6872304081916809, 0.0, 0.0504797101020813], "k_pid_vsp": [17.004322052001953, 400.0, 362.6739807128906]}, "datetime": {"datetime": "2025-08-20 23:03:51", "elapsed": 40286.4390707016, "delta": 23.772955894470215}, "costs": {"total_cost": 1492.6104032086146, "time_cost": 150, "final_distance_cost": 18.139979866282015, "oscillation_cost": 111.82697227886581, "completition_cost": 1000.0, "overshoot_cost": 135.6056878761734, "power_cost": 24.355638305664062, "noise_cost": 52.68212488162919, "n_waypoints_completed": 0, "tot_waypoints": 9}}
{"target": -2437.7802129672496, "params": {"k_pid_pos": [0.008513370528817177, 1.0, 0.050448089838027954], "k_pid_alt": [1.9585063457489014, 1.0, 0.07273930311203003], "k_pid_att": [97.3720703125, 0.01756756193935871, 0.020339161157608032], "k_pid_yaw": [0.5, 1e-06, 0.1], "k_pid_hsp": [9.999999747378752e-05, 0.04813265800476074, 0.034514933824539185], "k_pid_vsp": [0.0, 397.6220703125, 362.0276794433594]}, "datetime": {"datetime": "2025-08-20 23:04:15", "elapsed": 40310.253833293915, "delta": 23.814762592315674}, "costs": {"total_cost": 2437.7802129672496, "time_cost": 150, "final_distance_cost": 502.68077259672526, "oscillation_cost": 86.15797840156111, "completition_cost": 1000.0, "overshoot_cost": 669.6044983098825, "power_cost": 15.327467700195314, "noise_cost": 14.009495958885605, "n_waypoints_completed": 0, "tot_waypoints": 9}}
{"target": -1395.3469460002157, "params": {"k_pid_pos": [9.999999747378752e-05, 0.9877533912658691, 0.0], "k_pid_alt": [1.8612139225006104, 0.9887317419052124, 0.0], "k_pid_att": [95.65154266357422, 0.09034917503595352, 0.0], "k_pid_yaw": [0.5, 1e-06, 0.1], "k_pid_hsp": [0.947081983089447, 0.027272015810012817, 0.0], "k_pid_vsp": [0.0, 390.31103515625, 396.68585205078125]}, "datetime": {"datetime": "2025-08-20 23:04:39", "elapsed": 40333.839941978455, "delta": 23.586108684539795}, "costs": {"total_cost": 1395.3469460002157, "time_cost": 150, "final_distance_cost": 8.66731066911895, "oscillation_cost": 66.97898772642824, "completition_cost": 1000.0, "overshoot_cost": 139.71557614382112, "power_cost": 3.8136245971679688, "noise_cost": 26.17144686367936, "n_waypoints_completed": 0, "tot_waypoints": 9}}
{"target": -1468.6168082785418, "params": {"k_pid_pos": [9.999999747378752e-05, 1.0, 0.0], "k_pid_alt": [1.8351844549179077, 0.903649091720581, 0.0], "k_pid_att": [99.20840454101562, 9.999999747378752e-05, 0.0], "k_pid_yaw": [0.5, 1e-06, 0.1], "k_pid_hsp": [0.14968529343605042, 0.0, 0.0], "k_pid_vsp": [0.0, 392.7088317871094, 400.0]}, "datetime": {"datetime": "2025-08-20 23:05:03", "elapsed": 40357.5956223011, "delta": 23.755680322647095}, "costs": {"total_cost": 1468.6168082785418, "time_cost": 150, "final_distance_cost": 13.673111850971395, "oscillation_cost": 53.512386193523476, "completition_cost": 1000.0, "overshoot_cost": 140.61005216602464, "power_cost": 27.460919079589846, "noise_cost": 83.3603389884326, "n_waypoints_completed": 0, "tot_waypoints": 9}}
{"target": -1444.8361957660513, "params": {"k_pid_pos": [0.10661520808935165, 1.0, 0.0], "k_pid_alt": [1.973235845565796, 0.9565581679344177, 0.0], "k_pid_att": [93.48516845703125, 9.999999747378752e-05, 0.0], "k_pid_yaw": [0.5, 1e-06, 0.1], "k_pid_hsp": [0.1008073017001152, 0.09994810819625854, 0.0], "k_pid_vsp": [1.712203025817871, 373.83685302734375, 400.0]}, "datetime": {"datetime": "2025-08-20 23:05:26", "elapsed": 40380.61206078529, "delta": 23.016438484191895}, "costs": {"total_cost": 1444.8361957660513, "time_cost": 150, "final_distance_cost": 8.50031359716109, "oscillation_cost": 54.80207308951826, "completition_cost": 1000.0, "overshoot_cost": 142.6006854385016, "power_cost": 21.08067374267578, "noise_cost": 67.8524498981946, "n_waypoints_completed": 0, "tot_waypoints": 9}}
{"target": -2647.344184492148, "params": {"k_pid_pos": [0.08725104480981827, 0.913954496383667, 0.03757697343826294], "k_pid_alt": [2.0, 0.9504112005233765, 0.03027951717376709], "k_pid_att": [98.33711242675781, 0.042308609932661057, 0.0], "k_pid_yaw": [0.5, 1e-06, 0.1], "k_pid_hsp": [9.999999747378752e-05, 0.02514699101448059, 0.10247331857681274], "k_pid_vsp": [1.869356632232666, 400.0, 400.0]}, "datetime": {"datetime": "2025-08-20 23:05:48", "elapsed": 40402.937358379364, "delta": 22.325297594070435}, "costs": {"total_cost": 2647.344184492148, "time_cost": 150, "final_distance_cost": 429.48588761248686, "oscillation_cost": 389.27352886133923, "completition_cost": 1000.0, "overshoot_cost": 638.759283757415, "power_cost": 22.19944852294922, "noise_cost": 17.626035737957547, "n_waypoints_completed": 0, "tot_waypoints": 9}}
{"target": -1469.2428225699987, "params": {"k_pid_pos": [9.999999747378752e-05, 0.9865013360977173, 0.0], "k_pid_alt": [1.9038841724395752, 0.96905517578125, 0.0], "k_pid_att": [99.03053283691406, 9.999999747378752e-05, 0.0], "k_pid_yaw": [0.5, 1e-06, 0.1], "k_pid_hsp": [0.08770632743835449, 0.09818732738494873, 0.029116332530975342], "k_pid_vsp": [13.272178649902344, 400.0, 385.1993713378906]}, "datetime": {"datetime": "2025-08-20 23:06:13", "elapsed": 40427.86699295044, "delta": 24.92963457107544}, "costs": {"total_cost": 1469.2428225699987, "time_cost": 150, "final_distance_cost": 14.698708004945575, "oscillation_cost": 73.4391112720283, "completition_cost": 1000.0, "overshoot_cost": 142.6667928443294, "power_cost": 21.435038537597656, "noise_cost": 67.0031719110978, "n_waypoints_completed": 0, "tot_waypoints": 9}}
{"target": -1966.275442909015, "params": {"k_pid_pos": [9.999999747378752e-05, 1.0, 0.10027170181274414], "k_pid_alt": [2.0, 1.0, 0.036285459995269775], "k_pid_att": [100.0, 0.6453770399093628, 0.0], "k_pid_yaw": [0.5, 1e-06, 0.1], "k_pid_hsp": [9.999999747378752e-05, 0.0, 0.0], "k_pid_vsp": [0.0, 396.118408203125, 395.4176025390625]}, "datetime": {"datetime": "2025-08-20 23:06:36", "elapsed": 40450.76578783989, "delta": 22.898794889450073}, "costs": {"total_cost": 1966.275442909015, "time_cost": 150, "final_distance_cost": 339.96722507952, "oscillation_cost": 25.281901276361243, "completition_cost": 1000.0, "overshoot_cost": 384.8679031174097, "power_cost": 37.85651928710938, "noise_cost": 28.301894148614625, "n_waypoints_completed": 0, "tot_waypoints": 9}}
{"target": -4463.366266232989, "params": {"k_pid_pos": [0.1271084100008011, 1.0, 0.06993886828422546], "k_pid_alt": [2.0, 1.0, 0.10077345371246338], "k_pid_att": [100.0, 9.999999747378752e-05, 0.043126046657562256], "k_pid_yaw": [0.5, 1e-06, 0.1], "k_pid_hsp": [9.999999747378752e-05, 0.020636558532714844, 0.03766980767250061], "k_pid_vsp": [0.0, 400.0, 394.0643615722656]}, "datetime": {"datetime": "2025-08-20 23:07:01", "elapsed": 40475.83983707428, "delta": 25.07404923439026}, "costs": {"total_cost": 4463.366266232989, "time_cost": 150, "final_distance_cost": 1208.7182160541465, "oscillation_cost": 94.9469578580031, "completition_cost": 1000.0, "overshoot_cost": 1971.8119563504874, "power_cost": 21.194180004882814, "noise_cost": 16.694955965468797, "n_waypoints_completed": 0, "tot_waypoints": 9}}
{"target": -1512.297319770221, "params": {"k_pid_pos": [0.0944242849946022, 0.9947032928466797, 0.0], "k_pid_alt": [2.0, 0.9285546541213989, 0.0], "k_pid_att": [99.70846557617188, 9.999999747378752e-05, 0.05248594284057617], "k_pid_yaw": [0.5, 1e-06, 0.1], "k_pid_hsp": [0.4422159790992737, 0.0, 0.08386808633804321], "k_pid_vsp": [10.66732406616211, 363.822509765625, 400.0]}, "datetime": {"datetime": "2025-08-20 23:07:22", "elapsed": 40497.47424650192, "delta": 21.634409427642822}, "costs": {"total_cost": 1512.297319770221, "time_cost": 150, "final_distance_cost": 20.574499314463814, "oscillation_cost": 158.31060379355864, "completition_cost": 1000.0, "overshoot_cost": 129.6065906765321, "power_cost": 20.554416638183596, "noise_cost": 33.25120934748289, "n_waypoints_completed": 0, "tot_waypoints": 9}}
{"target": -1820.8858364390085, "params": {"k_pid_pos": [9.999999747378752e-05, 0.9685133695602417, 0.0], "k_pid_alt": [1.998627781867981, 0.9580657482147217, 0.0], "k_pid_att": [92.86124420166016, 9.999999747378752e-05, 0.05332750082015991], "k_pid_yaw": [0.5, 1e-06, 0.1], "k_pid_hsp": [9.999999747378752e-05, 0.011122077703475952, 0.0], "k_pid_vsp": [18.820714950561523, 387.6860046386719, 374.11309814453125]}, "datetime": {"datetime": "2025-08-20 23:07:46", "elapsed": 40520.9486682415, "delta": 23.474421739578247}, "costs": {"total_cost": 1820.8858364390085, "time_cost": 150, "final_distance_cost": 288.38104034484724, "oscillation_cost": 29.735226081327028, "completition_cost": 1000.0, "overshoot_cost": 327.0558554799967, "power_cost": 12.123598278808595, "noise_cost": 13.590116254028679, "n_waypoints_completed": 0, "tot_waypoints": 9}}
{"target": -1490.362090911852, "params": {"k_pid_pos": [9.999999747378752e-05, 0.9338290691375732, 0.038898587226867676], "k_pid_alt": [1.9449961185455322, 0.9726863503456116, 0.0], "k_pid_att": [99.25092315673828, 9.999999747378752e-05, 0.0], "k_pid_yaw": [0.5, 1e-06, 0.1], "k_pid_hsp": [0.3420168161392212, 0.01575365662574768, 0.014629453420639038], "k_pid_vsp": [24.680400848388672, 400.0, 380.450439453125]}, "datetime": {"datetime": "2025-08-20 23:08:10", "elapsed": 40544.88385224342, "delta": 23.935184001922607}, "costs": {"total_cost": 1490.362090911852, "time_cost": 150, "final_distance_cost": 14.134280572108306, "oscillation_cost": 85.93271187490991, "completition_cost": 1000.0, "overshoot_cost": 141.18819006061787, "power_cost": 24.087913732910156, "noise_cost": 75.01899467130556, "n_waypoints_completed": 0, "tot_waypoints": 9}}
{"target": -1770.348373065133, "params": {"k_pid_pos": [0.0592770054936409, 0.997201681137085, 0.06672894954681396], "k_pid_alt": [2.0, 0.9959537982940674, 0.0360160768032074], "k_pid_att": [99.08045196533203, 0.7613062858581543, 0.0], "k_pid_yaw": [0.5, 1e-06, 0.1], "k_pid_hsp": [9.999999747378752e-05, 0.015046030282974243, 0.0], "k_pid_vsp": [0.0, 370.49090576171875, 395.3733215332031]}, "datetime": {"datetime": "2025-08-20 23:08:33", "elapsed": 40567.71342897415, "delta": 22.82957673072815}, "costs": {"total_cost": 1770.348373065133, "time_cost": 150, "final_distance_cost": 266.3033010547246, "oscillation_cost": 31.548992469453555, "completition_cost": 1000.0, "overshoot_cost": 296.63733146410965, "power_cost": 12.333741149902345, "noise_cost": 13.525006926942996, "n_waypoints_completed": 0, "tot_waypoints": 9}}
{"target": -1366.62623614685, "params": {"k_pid_pos": [9.999999747378752e-05, 0.9683834314346313, 0.03364706039428711], "k_pid_alt": [2.0, 0.994817316532135, 0.0443015992641449], "k_pid_att": [100.0, 9.999999747378752e-05, 0.0], "k_pid_yaw": [0.5, 1e-06, 0.1], "k_pid_hsp": [0.02147579938173294, 0.0, 0.0], "k_pid_vsp": [0.0, 400.0, 391.9947814941406]}, "datetime": {"datetime": "2025-08-20 23:08:56", "elapsed": 40590.918907642365, "delta": 23.20547866821289}, "costs": {"total_cost": 1366.62623614685, "time_cost": 150, "final_distance_cost": 48.64209279949457, "oscillation_cost": 30.401871017444954, "completition_cost": 1000.0, "overshoot_cost": 69.36104450873376, "power_cost": 37.910940698242186, "noise_cost": 30.31028712293447, "n_waypoints_completed": 0, "tot_waypoints": 9}}
{"target": -2571.0174780431516, "params": {"k_pid_pos": [0.15079207718372345, 1.0, 0.0], "k_pid_alt": [2.0, 1.0, 0.00028508901596069336], "k_pid_att": [96.59288787841797, 0.21953827142715454, 0.0], "k_pid_yaw": [0.5, 1e-06, 0.1], "k_pid_hsp": [9.999999747378752e-05, 0.0, 0.025710761547088623], "k_pid_vsp": [0.0, 400.0, 393.6430969238281]}, "datetime": {"datetime": "2025-08-20 23:09:21", "elapsed": 40615.528621912, "delta": 24.60971426963806}, "costs": {"total_cost": 2571.0174780431516, "time_cost": 150, "final_distance_cost": 611.1282584463534, "oscillation_cost": 55.35706880762836, "completition_cost": 888.8888888888888, "overshoot_cost": 842.409753458669, "power_cost": 10.662888781738282, "noise_cost": 12.570619659873977, "n_waypoints_completed": 1, "tot_waypoints": 9}}
{"target": -1492.877584540357, "params": {"k_pid_pos": [9.999999747378752e-05, 0.9952144622802734, 0.0], "k_pid_alt": [2.0, 1.0, 0.0], "k_pid_att": [97.49732971191406, 9.999999747378752e-05, 0.0], "k_pid_yaw": [0.5, 1e-06, 0.1], "k_pid_hsp": [0.8903591632843018, 0.0, 0.032686829566955566], "k_pid_vsp": [0.0, 371.9906311035156, 400.0]}, "datetime": {"datetime": "2025-08-20 23:09:43", "elapsed": 40637.672657728195, "delta": 22.144035816192627}, "costs": {"total_cost": 1492.877584540357, "time_cost": 150, "final_distance_cost": 25.370760645576375, "oscillation_cost": 90.08090577180596, "completition_cost": 1000.0, "overshoot_cost": 145.15491538407593, "power_cost": 20.642855187988282, "noise_cost": 61.62814755091065, "n_waypoints_completed": 0, "tot_waypoints": 9}}
{"target": -1938.9734758965155, "params": {"k_pid_pos": [9.999999747378752e-05, 1.0, 0.0], "k_pid_alt": [1.9398870468139648, 1.0, 0.007633686065673828], "k_pid_att": [100.0, 0.13635455071926117, 0.06286445260047913], "k_pid_yaw": [0.5, 1e-06, 0.1], "k_pid_hsp": [9.999999747378752e-05, 0.00028717517852783203, 0.0], "k_pid_vsp": [22.308195114135742, 383.6085510253906, 400.0]}, "datetime": {"datetime": "2025-08-20 23:10:07", "elapsed": 40662.2084004879, "delta": 24.53574275970459}, "costs": {"total_cost": 1938.9734758965155, "time_cost": 150, "final_distance_cost": 342.1172059758109, "oscillation_cost": 31.239645787067175, "completition_cost": 1000.0, "overshoot_cost": 391.01416187167916, "power_cost": 11.441945080566407, "noise_cost": 13.160517181391658, "n_waypoints_completed": 0, "tot_waypoints": 9}}
{"target": -3435.562634903179, "params": {"k_pid_pos": [0.0029117681551724672, 0.9547317028045654, 0.05858343839645386], "k_pid_alt": [2.0, 0.9725724458694458, 0.0], "k_pid_att": [100.0, 9.999999747378752e-05, 0.05085751414299011], "k_pid_yaw": [0.5, 1e-06, 0.1], "k_pid_hsp": [9.999999747378752e-05, 0.0, 0.05593159794807434], "k_pid_vsp": [4.619336128234863, 396.76513671875, 400.0]}, "datetime": {"datetime": "2025-08-20 23:10:29", "elapsed": 40683.71442651749, "delta": 21.506026029586792}, "costs": {"total_cost": 3435.562634903179, "time_cost": 150, "final_distance_cost": 802.6035365647334, "oscillation_cost": 172.38458200449082, "completition_cost": 1000.0, "overshoot_cost": 1270.5016470404546, "power_cost": 22.24938416748047, "noise_cost": 17.82348512601968, "n_waypoints_completed": 0, "tot_waypoints": 9}}
