{"target": -1551.9805893472083, "params": {"k_pid_pos": [9.999999747378752e-05, 1.0, 0.0], "k_pid_alt": [2.0, 1.0, 0.0], "k_pid_att": [100.0, 9.999999747378752e-05, 0.06734997034072876], "k_pid_yaw": [0.5, 1e-06, 0.1], "k_pid_hsp": [9.999999747378752e-05, 0.021934330463409424, 0.0], "k_pid_vsp": [0.0, 388.87042236328125, 391.7878112792969]}, "datetime": {"datetime": "2025-08-20 17:59:23", "elapsed": 22018.25413799286, "delta": 22.74975037574768}, "costs": {"total_cost": 1551.9805893472083, "time_cost": 150, "final_distance_cost": 163.31026790284062, "oscillation_cost": 31.45897517410917, "completition_cost": 1000.0, "overshoot_cost": 176.27303858124128, "power_cost": 14.83090203857422, "noise_cost": 16.107405650442857, "n_waypoints_completed": 0, "tot_waypoints": 9}}
{"target": -1505.8134776943214, "params": {"k_pid_pos": [0.13459628820419312, 0.9946044683456421, 0.0], "k_pid_alt": [2.0, 0.9456731081008911, 0.0], "k_pid_att": [100.0, 0.9626284837722778, 0.012933671474456787], "k_pid_yaw": [0.5, 1e-06, 0.1], "k_pid_hsp": [0.15615889430046082, 0.03450411558151245, 0.0], "k_pid_vsp": [10.669302940368652, 400.0, 400.0]}, "datetime": {"datetime": "2025-08-20 17:59:46", "elapsed": 22040.61221766472, "delta": 22.35807967185974}, "costs": {"total_cost": 1505.8134776943214, "time_cost": 150, "final_distance_cost": 15.876676713560515, "oscillation_cost": 55.79835369922547, "completition_cost": 1000.0, "overshoot_cost": 140.4836173335262, "power_cost": 37.03733751220703, "noise_cost": 106.61749243580243, "n_waypoints_completed": 0, "tot_waypoints": 9}}
{"target": -1494.150724437254, "params": {"k_pid_pos": [0.07188567519187927, 0.9686087369918823, 0.0], "k_pid_alt": [2.0, 1.0, 0.0], "k_pid_att": [96.84117126464844, 9.999999747378752e-05, 0.005476474761962891], "k_pid_yaw": [0.5, 1e-06, 0.1], "k_pid_hsp": [0.513152003288269, 0.10153833031654358, 0.060967862606048584], "k_pid_vsp": [0.0, 381.640625, 400.0]}, "datetime": {"datetime": "2025-08-20 18:00:08", "elapsed": 22063.186863183975, "delta": 22.574645519256592}, "costs": {"total_cost": 1494.150724437254, "time_cost": 150, "final_distance_cost": 21.343976449779127, "oscillation_cost": 128.16971498309582, "completition_cost": 1000.0, "overshoot_cost": 136.58652684047738, "power_cost": 16.796835339355468, "noise_cost": 41.25367082454617, "n_waypoints_completed": 0, "tot_waypoints": 9}}
{"target": -1455.4097574371463, "params": {"k_pid_pos": [9.999999747378752e-05, 1.0, 0.00934058427810669], "k_pid_alt": [2.0, 1.0, 0.0], "k_pid_att": [100.0, 0.6311492323875427, 0.021133869886398315], "k_pid_yaw": [0.5, 1e-06, 0.1], "k_pid_hsp": [1.2222034931182861, 0.0, 0.0], "k_pid_vsp": [0.0, 386.1251220703125, 400.0]}, "datetime": {"datetime": "2025-08-20 18:00:30", "elapsed": 22085.45055747032, "delta": 22.263694286346436}, "costs": {"total_cost": 1455.4097574371463, "time_cost": 150, "final_distance_cost": 11.117395774135213, "oscillation_cost": 68.50567717818531, "completition_cost": 1000.0, "overshoot_cost": 139.65247374832566, "power_cost": 20.18654373779297, "noise_cost": 65.94766699870699, "n_waypoints_completed": 0, "tot_waypoints": 9}}
{"target": -1423.9360334263222, "params": {"k_pid_pos": [0.020103152841329575, 0.9854931831359863, 0.0], "k_pid_alt": [2.0, 1.0, 0.0], "k_pid_att": [100.0, 9.999999747378752e-05, 0.020952999591827393], "k_pid_yaw": [0.5, 1e-06, 0.1], "k_pid_hsp": [9.999999747378752e-05, 0.07757943868637085, 0.0], "k_pid_vsp": [22.753286361694336, 400.0, 400.0]}, "datetime": {"datetime": "2025-08-20 18:00:53", "elapsed": 22107.82523560524, "delta": 22.374678134918213}, "costs": {"total_cost": 1423.9360334263222, "time_cost": 150, "final_distance_cost": 15.623245486580368, "oscillation_cost": 47.007650524714784, "completition_cost": 1000.0, "overshoot_cost": 146.15958809947227, "power_cost": 14.078846496582033, "noise_cost": 51.06670281897287, "n_waypoints_completed": 0, "tot_waypoints": 9}}
{"target": -3554.9886964897537, "params": {"k_pid_pos": [9.999999747378752e-05, 1.0, 0.0], "k_pid_alt": [2.0, 1.0, 0.0], "k_pid_att": [94.7546615600586, 0.2713779807090759, 0.0], "k_pid_yaw": [0.5, 1e-06, 0.1], "k_pid_hsp": [9.999999747378752e-05, 0.0, 0.030054956674575806], "k_pid_vsp": [19.305992126464844, 400.0, 400.0]}, "datetime": {"datetime": "2025-08-20 18:01:15", "elapsed": 22130.08004260063, "delta": 22.254806995391846}, "costs": {"total_cost": 3554.9886964897537, "time_cost": 150, "final_distance_cost": 893.3795347605012, "oscillation_cost": 99.1709697406997, "completition_cost": 1000.0, "overshoot_cost": 1351.868265020898, "power_cost": 36.10806875, "noise_cost": 24.461858217655074, "n_waypoints_completed": 0, "tot_waypoints": 9}}
{"target": -1428.750993128546, "params": {"k_pid_pos": [9.999999747378752e-05, 0.994591474533081, 0.0], "k_pid_alt": [2.0, 1.0, 0.025465190410614014], "k_pid_att": [100.0, 9.999999747378752e-05, 0.0], "k_pid_yaw": [0.5, 1e-06, 0.1], "k_pid_hsp": [0.04504413530230522, 0.023342013359069824, 0.02014613151550293], "k_pid_vsp": [2.608633041381836, 386.787841796875, 400.0]}, "datetime": {"datetime": "2025-08-20 18:01:38", "elapsed": 22152.968548297882, "delta": 22.888505697250366}, "costs": {"total_cost": 1428.750993128546, "time_cost": 150, "final_distance_cost": 19.33306579681953, "oscillation_cost": 50.02049271481986, "completition_cost": 1000.0, "overshoot_cost": 142.45713135772783, "power_cost": 14.961180468750001, "noise_cost": 51.97912279042878, "n_waypoints_completed": 0, "tot_waypoints": 9}}
{"target": -1502.275347711975, "params": {"k_pid_pos": [0.10945993661880493, 1.0, 0.05865171551704407], "k_pid_alt": [2.0, 1.0, 0.0], "k_pid_att": [95.22927856445312, 9.999999747378752e-05, 0.0], "k_pid_yaw": [0.5, 1e-06, 0.1], "k_pid_hsp": [0.2559908926486969, 0.01295393705368042, 0.0], "k_pid_vsp": [0.0, 397.9299621582031, 400.0]}, "datetime": {"datetime": "2025-08-20 18:02:01", "elapsed": 22175.718185663223, "delta": 22.749637365341187}, "costs": {"total_cost": 1502.275347711975, "time_cost": 150, "final_distance_cost": 10.15368711379957, "oscillation_cost": 59.091262651571974, "completition_cost": 1000.0, "overshoot_cost": 139.39352042738042, "power_cost": 37.05653990478516, "noise_cost": 106.58033761443767, "n_waypoints_completed": 0, "tot_waypoints": 9}}
{"target": -1509.0494932448732, "params": {"k_pid_pos": [0.037841860204935074, 0.9069650769233704, 0.0], "k_pid_alt": [2.0, 1.0, 0.0], "k_pid_att": [100.0, 0.47883880138397217, 0.0], "k_pid_yaw": [0.5, 1e-06, 0.1], "k_pid_hsp": [0.5335443019866943, 0.050739407539367676, 0.0], "k_pid_vsp": [0.0, 393.7947998046875, 389.4446716308594]}, "datetime": {"datetime": "2025-08-20 18:02:23", "elapsed": 22197.55395436287, "delta": 21.835768699645996}, "costs": {"total_cost": 1509.0494932448732, "time_cost": 150, "final_distance_cost": 10.69475317292285, "oscillation_cost": 61.75472029935672, "completition_cost": 1000.0, "overshoot_cost": 139.36169439599476, "power_cost": 38.06930162353516, "noise_cost": 109.16902375306361, "n_waypoints_completed": 0, "tot_waypoints": 9}}
{"target": -1625.6306398734116, "params": {"k_pid_pos": [9.999999747378752e-05, 0.8662341833114624, 0.0010318756103515625], "k_pid_alt": [2.0, 0.9843987226486206, 0.0], "k_pid_att": [98.9925765991211, 0.13477802276611328, 0.0], "k_pid_yaw": [0.5, 1e-06, 0.1], "k_pid_hsp": [9.999999747378752e-05, 0.01982414722442627, 0.0], "k_pid_vsp": [0.0, 400.0, 400.0]}, "datetime": {"datetime": "2025-08-20 18:02:47", "elapsed": 22221.604921102524, "delta": 24.05096673965454}, "costs": {"total_cost": 1625.6306398734116, "time_cost": 150, "final_distance_cost": 199.34449119134928, "oscillation_cost": 31.523845926830752, "completition_cost": 1000.0, "overshoot_cost": 216.67583001026156, "power_cost": 13.529905346679689, "noise_cost": 14.556567398290383, "n_waypoints_completed": 0, "tot_waypoints": 9}}
{"target": -3242.249732813928, "params": {"k_pid_pos": [0.1264016479253769, 0.9884064197540283, 0.0], "k_pid_alt": [1.9942717552185059, 1.0, 0.016388416290283203], "k_pid_att": [98.61091613769531, 9.999999747378752e-05, 0.0718684196472168], "k_pid_yaw": [0.5, 1e-06, 0.1], "k_pid_hsp": [9.999999747378752e-05, 0.006362259387969971, 0.08868145942687988], "k_pid_vsp": [0.0, 400.0, 400.0]}, "datetime": {"datetime": "2025-08-20 18:03:09", "elapsed": 22243.949023485184, "delta": 22.344102382659912}, "costs": {"total_cost": 3242.249732813928, "time_cost": 150, "final_distance_cost": 606.3802467688269, "oscillation_cost": 332.60430621897905, "completition_cost": 1000.0, "overshoot_cost": 1113.6497148349792, "power_cost": 22.0093416015625, "noise_cost": 17.606123389580837, "n_waypoints_completed": 0, "tot_waypoints": 9}}
{"target": -1475.5557686584525, "params": {"k_pid_pos": [9.999999747378752e-05, 1.0, 0.03625217080116272], "k_pid_alt": [2.0, 0.9954010844230652, 0.028789401054382324], "k_pid_att": [94.7623291015625, 0.2763057351112366, 0.0], "k_pid_yaw": [0.5, 1e-06, 0.1], "k_pid_hsp": [1.1187282800674438, 0.08674594759941101, 0.017750948667526245], "k_pid_vsp": [0.0, 400.0, 400.0]}, "datetime": {"datetime": "2025-08-20 18:03:31", "elapsed": 22266.307750940323, "delta": 22.35872745513916}, "costs": {"total_cost": 1475.5557686584525, "time_cost": 150, "final_distance_cost": 24.29117147004378, "oscillation_cost": 85.04043055471271, "completition_cost": 1000.0, "overshoot_cost": 144.51829939967152, "power_cost": 16.0742826171875, "noise_cost": 55.63158461683705, "n_waypoints_completed": 0, "tot_waypoints": 9}}
{"target": -1823.2971964064368, "params": {"k_pid_pos": [9.999999747378752e-05, 0.993666410446167, 0.0], "k_pid_alt": [1.9974074363708496, 0.9518553018569946, 0.0], "k_pid_att": [97.92386627197266, 9.999999747378752e-05, 0.012344181537628174], "k_pid_yaw": [0.5, 1e-06, 0.1], "k_pid_hsp": [9.999999747378752e-05, 0.0, 0.008042007684707642], "k_pid_vsp": [3.123748302459717, 389.1001281738281, 400.0]}, "datetime": {"datetime": "2025-08-20 18:03:54", "elapsed": 22288.799075365067, "delta": 22.491324424743652}, "costs": {"total_cost": 1823.2971964064368, "time_cost": 150, "final_distance_cost": 331.9955778439685, "oscillation_cost": 31.886045066371917, "completition_cost": 888.8888888888888, "overshoot_cost": 396.93492490582184, "power_cost": 11.14737900390625, "noise_cost": 12.444380697479628, "n_waypoints_completed": 1, "tot_waypoints": 9}}
{"target": -1486.018267572203, "params": {"k_pid_pos": [0.04383755102753639, 0.9642068147659302, 0.046716392040252686], "k_pid_alt": [2.0, 1.0, 0.03605279326438904], "k_pid_att": [100.0, 0.8407191634178162, 0.0], "k_pid_yaw": [0.5, 1e-06, 0.1], "k_pid_hsp": [0.23943081498146057, 0.0, 0.07891327142715454], "k_pid_vsp": [0.0, 393.1081237792969, 400.0]}, "datetime": {"datetime": "2025-08-20 18:04:16", "elapsed": 22311.211013555527, "delta": 22.411938190460205}, "costs": {"total_cost": 1486.018267572203, "time_cost": 150, "final_distance_cost": 39.122683414121674, "oscillation_cost": 185.42362881101457, "completition_cost": 1000.0, "overshoot_cost": 77.88374639743998, "power_cost": 17.330830126953124, "noise_cost": 16.257378822673743, "n_waypoints_completed": 0, "tot_waypoints": 9}}
{"target": -1921.8986420518656, "params": {"k_pid_pos": [9.999999747378752e-05, 0.9988786578178406, 0.0], "k_pid_alt": [2.0, 1.0, 0.04564425349235535], "k_pid_att": [100.0, 9.999999747378752e-05, 0.02895563840866089], "k_pid_yaw": [0.5, 1e-06, 0.1], "k_pid_hsp": [9.999999747378752e-05, 0.0, 0.0], "k_pid_vsp": [24.207664489746094, 385.70037841796875, 400.0]}, "datetime": {"datetime": "2025-08-20 18:04:39", "elapsed": 22334.137907743454, "delta": 22.926894187927246}, "costs": {"total_cost": 1921.8986420518656, "time_cost": 150, "final_distance_cost": 336.5113995794905, "oscillation_cost": 30.922752812346577, "completition_cost": 1000.0, "overshoot_cost": 378.69039704697457, "power_cost": 11.755090930175783, "noise_cost": 14.019001682878349, "n_waypoints_completed": 0, "tot_waypoints": 9}}
{"target": -1946.6188934207714, "params": {"k_pid_pos": [9.999999747378752e-05, 1.0, 0.09562349319458008], "k_pid_alt": [2.0, 0.9391638040542603, 0.0], "k_pid_att": [97.85444641113281, 0.01054680161178112, 0.0], "k_pid_yaw": [0.5, 1e-06, 0.1], "k_pid_hsp": [9.999999747378752e-05, 0.0, 0.0], "k_pid_vsp": [0.0, 400.0, 400.0]}, "datetime": {"datetime": "2025-08-20 18:05:01", "elapsed": 22356.403607845306, "delta": 22.265700101852417}, "costs": {"total_cost": 1946.6188934207714, "time_cost": 150, "final_distance_cost": 333.4744769292297, "oscillation_cost": 25.01687880380062, "completition_cost": 1000.0, "overshoot_cost": 372.15652546420563, "power_cost": 37.86077691650391, "noise_cost": 28.110235307031356, "n_waypoints_completed": 0, "tot_waypoints": 9}}
{"target": -1481.5009935304497, "params": {"k_pid_pos": [9.999999747378752e-05, 0.9616427421569824, 0.0], "k_pid_alt": [2.0, 1.0, 0.0], "k_pid_att": [94.56227111816406, 0.29472488164901733, 0.0], "k_pid_yaw": [0.5, 1e-06, 0.1], "k_pid_hsp": [9.999999747378752e-05, 0.11239182949066162, 0.0], "k_pid_vsp": [18.779396057128906, 400.0, 387.21240234375]}, "datetime": {"datetime": "2025-08-20 18:05:23", "elapsed": 22378.035714149475, "delta": 21.6321063041687}, "costs": {"total_cost": 1481.5009935304497, "time_cost": 150, "final_distance_cost": 16.055585787448393, "oscillation_cost": 55.075724124879514, "completition_cost": 1000.0, "overshoot_cost": 144.73549487453266, "power_cost": 28.881038488769534, "noise_cost": 86.75315025481963, "n_waypoints_completed": 0, "tot_waypoints": 9}}
{"target": -1892.2612661170697, "params": {"k_pid_pos": [9.999999747378752e-05, 1.0, 0.0], "k_pid_alt": [1.9929627180099487, 0.9925429821014404, 0.0721188485622406], "k_pid_att": [90.61550903320312, 9.999999747378752e-05, 0.002373039722442627], "k_pid_yaw": [0.5, 1e-06, 0.1], "k_pid_hsp": [9.999999747378752e-05, 0.0, 0.0], "k_pid_vsp": [0.0, 383.7941589355469, 385.8481750488281]}, "datetime": {"datetime": "2025-08-20 18:05:45", "elapsed": 22400.376917362213, "delta": 22.341203212738037}, "costs": {"total_cost": 1892.2612661170697, "time_cost": 150, "final_distance_cost": 325.5238215562999, "oscillation_cost": 28.44406657068288, "completition_cost": 1000.0, "overshoot_cost": 362.2846341442784, "power_cost": 11.9056443359375, "noise_cost": 14.103099509870836, "n_waypoints_completed": 0, "tot_waypoints": 9}}
{"target": -1384.9696945037788, "params": {"k_pid_pos": [9.999999747378752e-05, 1.0, 0.0], "k_pid_alt": [2.0, 1.0, 0.06735271215438843], "k_pid_att": [100.0, 9.999999747378752e-05, 0.029455602169036865], "k_pid_yaw": [0.5, 1e-06, 0.1], "k_pid_hsp": [0.25957220792770386, 0.0, 0.0], "k_pid_vsp": [0.0, 394.2431335449219, 384.1990966796875]}, "datetime": {"datetime": "2025-08-20 18:06:08", "elapsed": 22422.698648929596, "delta": 22.321731567382812}, "costs": {"total_cost": 1384.9696945037788, "time_cost": 150, "final_distance_cost": 10.585061325379744, "oscillation_cost": 60.49980126091016, "completition_cost": 1000.0, "overshoot_cost": 140.38636017221663, "power_cost": 1.9047458984375, "noise_cost": 21.593725846834648, "n_waypoints_completed": 0, "tot_waypoints": 9}}
{"target": -1912.827410023961, "params": {"k_pid_pos": [0.021005582064390182, 1.0, 0.0579756498336792], "k_pid_alt": [1.8933029174804688, 0.9790140986442566, 0.0], "k_pid_att": [100.0, 9.999999747378752e-05, 0.0], "k_pid_yaw": [0.5, 1e-06, 0.1], "k_pid_hsp": [9.999999747378752e-05, 0.0, 0.022053062915802002], "k_pid_vsp": [0.0, 389.58514404296875, 400.0]}, "datetime": {"datetime": "2025-08-20 18:06:31", "elapsed": 22445.539932489395, "delta": 22.841283559799194}, "costs": {"total_cost": 1912.827410023961, "time_cost": 150, "final_distance_cost": 343.23622129350963, "oscillation_cost": 70.87626076065203, "completition_cost": 888.8888888888888, "overshoot_cost": 397.8937809601227, "power_cost": 36.27291452636719, "noise_cost": 25.659343594420573, "n_waypoints_completed": 1, "tot_waypoints": 9}}
{"target": -1965.830683247451, "params": {"k_pid_pos": [0.204158216714859, 0.9931403398513794, 0.05120742321014404], "k_pid_alt": [2.0, 1.0, 0.0], "k_pid_att": [99.71781921386719, 9.999999747378752e-05, 0.07114216685295105], "k_pid_yaw": [0.5, 1e-06, 0.1], "k_pid_hsp": [0.00019030013936571777, 0.0, 0.0], "k_pid_vsp": [41.62416458129883, 388.98016357421875, 379.7825927734375]}, "datetime": {"datetime": "2025-08-20 18:06:53", "elapsed": 22468.009440422058, "delta": 22.469507932662964}, "costs": {"total_cost": 1965.830683247451, "time_cost": 150, "final_distance_cost": 339.4423649571224, "oscillation_cost": 24.974799796932214, "completition_cost": 1000.0, "overshoot_cost": 385.8923796128262, "power_cost": 37.851923181152344, "noise_cost": 27.669215699417602, "n_waypoints_completed": 0, "tot_waypoints": 9}}
{"target": -1433.6663149627025, "params": {"k_pid_pos": [0.06144334375858307, 1.0, 0.0], "k_pid_alt": [1.9538817405700684, 1.0, 0.028014570474624634], "k_pid_att": [100.0, 0.5845949053764343, 0.0], "k_pid_yaw": [0.5, 1e-06, 0.1], "k_pid_hsp": [0.19277963042259216, 0.0, 0.0005857944488525391], "k_pid_vsp": [4.730093479156494, 400.0, 400.0]}, "datetime": {"datetime": "2025-08-20 18:07:15", "elapsed": 22490.099311828613, "delta": 22.089871406555176}, "costs": {"total_cost": 1433.6663149627025, "time_cost": 150, "final_distance_cost": 15.961805596878024, "oscillation_cost": 61.97059492118898, "completition_cost": 1000.0, "overshoot_cost": 139.99472633868507, "power_cost": 14.250438220214845, "noise_cost": 51.48874988573569, "n_waypoints_completed": 0, "tot_waypoints": 9}}
{"target": -1439.3633187649878, "params": {"k_pid_pos": [0.0641070008277893, 0.9697189331054688, 0.0], "k_pid_alt": [2.0, 0.9585328698158264, 0.010906368494033813], "k_pid_att": [100.0, 0.7386254668235779, 0.032779961824417114], "k_pid_yaw": [0.5, 1e-06, 0.1], "k_pid_hsp": [9.999999747378752e-05, 0.05523848533630371, 0.0027035772800445557], "k_pid_vsp": [0.0, 394.84796142578125, 400.0]}, "datetime": {"datetime": "2025-08-20 18:07:37", "elapsed": 22512.331215381622, "delta": 22.231903553009033}, "costs": {"total_cost": 1439.3633187649878, "time_cost": 150, "final_distance_cost": 27.486815589903273, "oscillation_cost": 39.698611336798876, "completition_cost": 1000.0, "overshoot_cost": 149.76608708955033, "power_cost": 16.26386833496094, "noise_cost": 56.147936413774126, "n_waypoints_completed": 0, "tot_waypoints": 9}}
{"target": -1809.6482365159811, "params": {"k_pid_pos": [0.22345711290836334, 0.9695031642913818, 0.0], "k_pid_alt": [2.0, 0.9801782369613647, 0.0], "k_pid_att": [100.0, 0.4522935450077057, 0.06149578094482422], "k_pid_yaw": [0.5, 1e-06, 0.1], "k_pid_hsp": [9.999999747378752e-05, 0.029907315969467163, 0.024723082780838013], "k_pid_vsp": [12.991392135620117, 398.8711853027344, 385.5216979980469]}, "datetime": {"datetime": "2025-08-20 18:07:59", "elapsed": 22534.277153253555, "delta": 21.945937871932983}, "costs": {"total_cost": 1809.6482365159811, "time_cost": 150, "final_distance_cost": 262.1015870032226, "oscillation_cost": 78.43328307621455, "completition_cost": 1000.0, "overshoot_cost": 293.7610902228344, "power_cost": 12.237853686523438, "noise_cost": 13.114422527186237, "n_waypoints_completed": 0, "tot_waypoints": 9}}
{"target": -3698.9468352100876, "params": {"k_pid_pos": [0.007640683092176914, 1.0, 0.0], "k_pid_alt": [1.9530707597732544, 1.0, 0.0], "k_pid_att": [100.0, 9.999999747378752e-05, 0.034933656454086304], "k_pid_yaw": [0.5, 1e-06, 0.1], "k_pid_hsp": [9.999999747378752e-05, 0.0, 0.03247097134590149], "k_pid_vsp": [0.0, 400.0, 400.0]}, "datetime": {"datetime": "2025-08-20 18:08:21", "elapsed": 22556.26840686798, "delta": 21.99125361442566}, "costs": {"total_cost": 3698.9468352100876, "time_cost": 150, "final_distance_cost": 931.9587677471025, "oscillation_cost": 125.77215344491717, "completition_cost": 1000.0, "overshoot_cost": 1430.545351817622, "power_cost": 36.10526638183594, "noise_cost": 24.565295818609506, "n_waypoints_completed": 0, "tot_waypoints": 9}}
{"target": -1494.1605966062975, "params": {"k_pid_pos": [0.008049371652305126, 0.9589107632637024, 0.0], "k_pid_alt": [1.857384204864502, 0.9784614443778992, 0.0], "k_pid_att": [100.0, 0.27830517292022705, 0.027558088302612305], "k_pid_yaw": [0.5, 1e-06, 0.1], "k_pid_hsp": [0.5196396112442017, 0.0, 0.0], "k_pid_vsp": [18.724464416503906, 387.7884826660156, 396.7074279785156]}, "datetime": {"datetime": "2025-08-20 18:08:44", "elapsed": 22578.522970438004, "delta": 22.254563570022583}, "costs": {"total_cost": 1494.1605966062975, "time_cost": 150, "final_distance_cost": 13.557284189287103, "oscillation_cost": 61.64744951481075, "completition_cost": 1000.0, "overshoot_cost": 139.72794058084642, "power_cost": 32.84601342773438, "noise_cost": 96.38190889361893, "n_waypoints_completed": 0, "tot_waypoints": 9}}
{"target": -1433.6829028606196, "params": {"k_pid_pos": [9.999999747378752e-05, 1.0, 0.00971919298171997], "k_pid_alt": [1.8501770496368408, 0.9712262153625488, 0.0], "k_pid_att": [96.44248962402344, 0.5698425769805908, 0.0], "k_pid_yaw": [0.5, 1e-06, 0.1], "k_pid_hsp": [9.999999747378752e-05, 0.05188480019569397, 0.0], "k_pid_vsp": [10.637653350830078, 400.0, 400.0]}, "datetime": {"datetime": "2025-08-20 18:09:07", "elapsed": 22601.86265063286, "delta": 23.339680194854736}, "costs": {"total_cost": 1433.6829028606196, "time_cost": 150, "final_distance_cost": 23.25196108385972, "oscillation_cost": 35.681907556543074, "completition_cost": 1000.0, "overshoot_cost": 151.5187900750006, "power_cost": 16.640696508789063, "noise_cost": 56.58954763642706, "n_waypoints_completed": 0, "tot_waypoints": 9}}
