{"target": -1929.9630159900616, "params": {"k_pid_pos": [0.021816939115524292, 1.0, 0.044120222330093384], "k_pid_alt": [1.8974800109863281, 0.9931468963623047, 0.06016463041305542], "k_pid_att": [100.0, 0.3124803304672241, 0.0], "k_pid_yaw": [0.5, 1e-06, 0.1], "k_pid_hsp": [9.999999747378752e-05, 0.0, 0.0], "k_pid_vsp": [19.061447143554688, 400.0, 385.32806396484375]}, "datetime": {"datetime": "2025-08-20 14:09:12", "elapsed": 8207.185328483582, "delta": 27.54689311981201}, "costs": {"total_cost": 1929.9630159900616, "time_cost": 150, "final_distance_cost": 339.57568187863785, "oscillation_cost": 31.06161352469195, "completition_cost": 1000.0, "overshoot_cost": 384.1578153878471, "power_cost": 11.570568884277344, "noise_cost": 13.597336314607672, "n_waypoints_completed": 0, "tot_waypoints": 9}}
{"target": -3661.6119222329175, "params": {"k_pid_pos": [9.999999747378752e-05, 0.9692021012306213, 0.02775585651397705], "k_pid_alt": [2.0, 1.0, 0.0], "k_pid_att": [100.0, 9.999999747378752e-05, 0.0056025683879852295], "k_pid_yaw": [0.5, 1e-06, 0.1], "k_pid_hsp": [9.999999747378752e-05, 0.008489727973937988, 0.050143539905548096], "k_pid_vsp": [8.652294158935547, 367.9123229980469, 400.0]}, "datetime": {"datetime": "2025-08-20 14:09:36", "elapsed": 8231.036408662796, "delta": 23.851080179214478}, "costs": {"total_cost": 3661.6119222329175, "time_cost": 150, "final_distance_cost": 891.1950466435019, "oscillation_cost": 126.01384777834296, "completition_cost": 1000.0, "overshoot_cost": 1455.0979663075207, "power_cost": 21.716390942382812, "noise_cost": 17.58867056116946, "n_waypoints_completed": 0, "tot_waypoints": 9}}
{"target": -1498.9955048687862, "params": {"k_pid_pos": [9.999999747378752e-05, 0.9638309478759766, 0.002367168664932251], "k_pid_alt": [1.9294617176055908, 0.9797608852386475, 0.005908995866775513], "k_pid_att": [100.0, 9.999999747378752e-05, 0.0], "k_pid_yaw": [0.5, 1e-06, 0.1], "k_pid_hsp": [0.5568980574607849, 0.07398402690887451, 0.0], "k_pid_vsp": [0.0, 400.0, 400.0]}, "datetime": {"datetime": "2025-08-20 14:10:01", "elapsed": 8256.137700557709, "delta": 25.10129189491272}, "costs": {"total_cost": 1498.9955048687862, "time_cost": 150, "final_distance_cost": 11.718249194879117, "oscillation_cost": 60.73975809142001, "completition_cost": 1000.0, "overshoot_cost": 140.016289014596, "power_cost": 34.950593103027344, "noise_cost": 101.57061546486378, "n_waypoints_completed": 0, "tot_waypoints": 9}}
{"target": -1502.9302934684677, "params": {"k_pid_pos": [9.999999747378752e-05, 0.9809008836746216, 0.018705040216445923], "k_pid_alt": [2.0, 1.0, 0.022012442350387573], "k_pid_att": [100.0, 0.4338320791721344, 0.0], "k_pid_yaw": [0.5, 1e-06, 0.1], "k_pid_hsp": [0.4693972170352936, 0.0, 0.055791229009628296], "k_pid_vsp": [0.40761232376098633, 383.5314636230469, 400.0]}, "datetime": {"datetime": "2025-08-20 14:10:26", "elapsed": 8281.056013345718, "delta": 24.918312788009644}, "costs": {"total_cost": 1502.9302934684677, "time_cost": 150, "final_distance_cost": 19.99746435383117, "oscillation_cost": 144.87483607666607, "completition_cost": 1000.0, "overshoot_cost": 131.5617719601097, "power_cost": 21.67279256591797, "noise_cost": 34.82342851194274, "n_waypoints_completed": 0, "tot_waypoints": 9}}
{"target": -1508.0302875738723, "params": {"k_pid_pos": [0.20402006804943085, 0.9692499041557312, 0.013167142868041992], "k_pid_alt": [1.9321269989013672, 0.9597213864326477, 0.014014989137649536], "k_pid_att": [100.0, 9.999999747378752e-05, 0.03357815742492676], "k_pid_yaw": [0.5, 1e-06, 0.1], "k_pid_hsp": [0.37243664264678955, 0.0, 0.07069697976112366], "k_pid_vsp": [0.0, 400.0, 387.111572265625]}, "datetime": {"datetime": "2025-08-20 14:10:56", "elapsed": 8311.440953969955, "delta": 30.38494062423706}, "costs": {"total_cost": 1508.0302875738723, "time_cost": 150, "final_distance_cost": 13.171362638729603, "oscillation_cost": 149.9694955010094, "completition_cost": 1000.0, "overshoot_cost": 132.11374373009156, "power_cost": 22.33794206542969, "noise_cost": 40.437743638612055, "n_waypoints_completed": 0, "tot_waypoints": 9}}
{"target": -3021.093010192314, "params": {"k_pid_pos": [0.043944116681814194, 1.0, 0.0], "k_pid_alt": [1.801489233970642, 0.9719136357307434, 0.00647890567779541], "k_pid_att": [100.0, 0.8060904145240784, 0.0], "k_pid_yaw": [0.5, 1e-06, 0.1], "k_pid_hsp": [9.999999747378752e-05, 0.0, 0.0870770514011383], "k_pid_vsp": [0.0, 386.89398193359375, 389.4051818847656]}, "datetime": {"datetime": "2025-08-20 14:11:22", "elapsed": 8336.829482078552, "delta": 25.3885281085968}, "costs": {"total_cost": 3021.093010192314, "time_cost": 150, "final_distance_cost": 574.7477985741652, "oscillation_cost": 357.6167304209451, "completition_cost": 1000.0, "overshoot_cost": 898.7761953062458, "power_cost": 22.19516326904297, "noise_cost": 17.7571226219153, "n_waypoints_completed": 0, "tot_waypoints": 9}}
{"target": -1421.1063945902702, "params": {"k_pid_pos": [9.999999747378752e-05, 1.0, 0.0], "k_pid_alt": [1.9092742204666138, 0.9949755668640137, 0.0], "k_pid_att": [97.35227966308594, 9.999999747378752e-05, 0.0015949010848999023], "k_pid_yaw": [0.5, 1e-06, 0.1], "k_pid_hsp": [1.1455020904541016, 0.0, 0.0], "k_pid_vsp": [0.0, 390.6306457519531, 363.6355285644531]}, "datetime": {"datetime": "2025-08-20 14:11:46", "elapsed": 8361.14300441742, "delta": 24.313522338867188}, "costs": {"total_cost": 1421.1063945902702, "time_cost": 150, "final_distance_cost": 8.019098439343436, "oscillation_cost": 68.15692298775184, "completition_cost": 1000.0, "overshoot_cost": 139.70919987970115, "power_cost": 11.148791235351563, "noise_cost": 44.072382048122144, "n_waypoints_completed": 0, "tot_waypoints": 9}}
{"target": -1493.9873037226077, "params": {"k_pid_pos": [9.999999747378752e-05, 0.9618651866912842, 0.0], "k_pid_alt": [1.9617431163787842, 1.0, 0.029330968856811523], "k_pid_att": [100.0, 0.8462176322937012, 0.010142236948013306], "k_pid_yaw": [0.5, 1e-06, 0.1], "k_pid_hsp": [1.035505771636963, 0.0, 0.0739508867263794], "k_pid_vsp": [0.0, 390.8634033203125, 400.0]}, "datetime": {"datetime": "2025-08-20 14:12:11", "elapsed": 8385.95534157753, "delta": 24.812337160110474}, "costs": {"total_cost": 1493.9873037226077, "time_cost": 150, "final_distance_cost": 8.673640252101611, "oscillation_cost": 130.77463632836816, "completition_cost": 1000.0, "overshoot_cost": 136.52073327490913, "power_cost": 21.344446154785157, "noise_cost": 46.67384771244355, "n_waypoints_completed": 0, "tot_waypoints": 9}}
{"target": -1499.0136926502198, "params": {"k_pid_pos": [0.030931701883673668, 0.9194669723510742, 0.0], "k_pid_alt": [1.8990923166275024, 1.0, 0.0], "k_pid_att": [100.0, 0.5614593029022217, 0.0], "k_pid_yaw": [0.5, 1e-06, 0.1], "k_pid_hsp": [0.4052221477031708, 0.09819155931472778, 0.0], "k_pid_vsp": [56.7580451965332, 379.5086364746094, 392.47344970703125]}, "datetime": {"datetime": "2025-08-20 14:12:37", "elapsed": 8411.580223798752, "delta": 25.624882221221924}, "costs": {"total_cost": 1499.0136926502198, "time_cost": 150, "final_distance_cost": 12.747949131779292, "oscillation_cost": 59.069574965560115, "completition_cost": 1000.0, "overshoot_cost": 140.3718677029314, "power_cost": 35.033088110351564, "noise_cost": 101.79121273959721, "n_waypoints_completed": 0, "tot_waypoints": 9}}
{"target": -1500.8303075073582, "params": {"k_pid_pos": [9.999999747378752e-05, 1.0, 0.0], "k_pid_alt": [2.0, 0.9626296758651733, 0.0], "k_pid_att": [100.0, 0.5090059638023376, 0.013832837343215942], "k_pid_yaw": [0.5, 1e-06, 0.1], "k_pid_hsp": [0.5263209342956543, 0.0, 0.0], "k_pid_vsp": [29.096019744873047, 400.0, 400.0]}, "datetime": {"datetime": "2025-08-20 14:13:04", "elapsed": 8438.931720972061, "delta": 27.351497173309326}, "costs": {"total_cost": 1500.8303075073582, "time_cost": 150, "final_distance_cost": 17.120607750065616, "oscillation_cost": 62.67102841778882, "completition_cost": 1000.0, "overshoot_cost": 139.95359599154153, "power_cost": 33.35604733886719, "noise_cost": 97.72902800909503, "n_waypoints_completed": 0, "tot_waypoints": 9}}
{"target": -1388.21486670035, "params": {"k_pid_pos": [9.999999747378752e-05, 1.0, 0.0], "k_pid_alt": [2.0, 1.0, 0.003814011812210083], "k_pid_att": [100.0, 0.1796571910381317, 0.0], "k_pid_yaw": [0.5, 1e-06, 0.1], "k_pid_hsp": [0.3626702129840851, 0.0, 0.0], "k_pid_vsp": [0.0, 400.0, 400.0]}, "datetime": {"datetime": "2025-08-20 14:13:30", "elapsed": 8465.276194572449, "delta": 26.344473600387573}, "costs": {"total_cost": 1388.21486670035, "time_cost": 150, "final_distance_cost": 11.25073179999996, "oscillation_cost": 62.89623735396509, "completition_cost": 1000.0, "overshoot_cost": 140.1407711806452, "power_cost": 1.9866557373046876, "noise_cost": 21.940470628434884, "n_waypoints_completed": 0, "tot_waypoints": 9}}
{"target": -1912.339039344172, "params": {"k_pid_pos": [9.999999747378752e-05, 1.0, 0.035594016313552856], "k_pid_alt": [1.9231504201889038, 0.8999882340431213, 0.009477555751800537], "k_pid_att": [100.0, 0.33277133107185364, 0.0], "k_pid_yaw": [0.5, 1e-06, 0.1], "k_pid_hsp": [9.999999747378752e-05, 0.0, 0.0], "k_pid_vsp": [33.66063690185547, 364.8709411621094, 370.6961975097656]}, "datetime": {"datetime": "2025-08-20 14:13:56", "elapsed": 8491.108321905136, "delta": 25.832127332687378}, "costs": {"total_cost": 1912.339039344172, "time_cost": 150, "final_distance_cost": 333.9322358617266, "oscillation_cost": 31.13292779210595, "completition_cost": 1000.0, "overshoot_cost": 372.35308568501716, "power_cost": 11.492621057128908, "noise_cost": 13.428168948193314, "n_waypoints_completed": 0, "tot_waypoints": 9}}
{"target": -1473.9953636204093, "params": {"k_pid_pos": [9.999999747378752e-05, 1.0, 0.051014244556427], "k_pid_alt": [2.0, 1.0, 0.009188920259475708], "k_pid_att": [99.91636657714844, 9.999999747378752e-05, 0.0], "k_pid_yaw": [0.5, 1e-06, 0.1], "k_pid_hsp": [0.7335266470909119, 0.0, 0.05907067656517029], "k_pid_vsp": [0.0, 376.6206359863281, 400.0]}, "datetime": {"datetime": "2025-08-20 14:14:22", "elapsed": 8517.381246805191, "delta": 26.27292490005493}, "costs": {"total_cost": 1473.9953636204093, "time_cost": 150, "final_distance_cost": 6.713162848891635, "oscillation_cost": 134.63899486314918, "completition_cost": 1000.0, "overshoot_cost": 135.0300842771552, "power_cost": 13.21220361328125, "noise_cost": 34.40091801793188, "n_waypoints_completed": 0, "tot_waypoints": 9}}
{"target": -1965.746000088338, "params": {"k_pid_pos": [0.0013292246730998158, 0.942613959312439, 0.033327072858810425], "k_pid_alt": [1.8699219226837158, 1.0, 0.0], "k_pid_att": [98.32869720458984, 1.098894715309143, 0.0], "k_pid_yaw": [0.5, 1e-06, 0.1], "k_pid_hsp": [9.999999747378752e-05, 0.0, 0.0], "k_pid_vsp": [4.206240177154541, 392.7605895996094, 386.4752502441406]}, "datetime": {"datetime": "2025-08-20 14:14:48", "elapsed": 8543.273484706879, "delta": 25.892237901687622}, "costs": {"total_cost": 1965.746000088338, "time_cost": 150, "final_distance_cost": 339.7335339652683, "oscillation_cost": 25.091489517500353, "completition_cost": 1000.0, "overshoot_cost": 384.9740155834105, "power_cost": 37.9429541015625, "noise_cost": 28.004006920596083, "n_waypoints_completed": 0, "tot_waypoints": 9}}
{"target": -1498.8613935938988, "params": {"k_pid_pos": [9.999999747378752e-05, 1.0, 0.0], "k_pid_alt": [1.863914966583252, 0.9078144431114197, 0.007602512836456299], "k_pid_att": [96.50485229492188, 0.002185843652114272, 0.0], "k_pid_yaw": [0.5, 1e-06, 0.1], "k_pid_hsp": [0.48849615454673767, 0.0, 0.0], "k_pid_vsp": [0.0, 382.70770263671875, 384.5190124511719]}, "datetime": {"datetime": "2025-08-20 14:15:16", "elapsed": 8570.596798419952, "delta": 27.32331371307373}, "costs": {"total_cost": 1498.8613935938988, "time_cost": 150, "final_distance_cost": 16.82083878883672, "oscillation_cost": 60.8907221316796, "completition_cost": 1000.0, "overshoot_cost": 139.98673512141647, "power_cost": 33.38608837890625, "noise_cost": 97.7770091730599, "n_waypoints_completed": 0, "tot_waypoints": 9}}
{"target": -1918.7172515618515, "params": {"k_pid_pos": [9.999999747378752e-05, 1.0, 0.0], "k_pid_alt": [2.0, 1.0, 0.07020270824432373], "k_pid_att": [99.65898132324219, 0.22389830648899078, 0.049107879400253296], "k_pid_yaw": [0.5, 1e-06, 0.1], "k_pid_hsp": [9.999999747378752e-05, 0.0, 0.0], "k_pid_vsp": [5.96928596496582, 382.446044921875, 388.7177429199219]}, "datetime": {"datetime": "2025-08-20 14:15:42", "elapsed": 8596.655444145203, "delta": 26.058645725250244}, "costs": {"total_cost": 1918.7172515618515, "time_cost": 150, "final_distance_cost": 335.2339522371256, "oscillation_cost": 30.865574894377186, "completition_cost": 1000.0, "overshoot_cost": 376.8328221128052, "power_cost": 11.764488696289064, "noise_cost": 14.020413621254512, "n_waypoints_completed": 0, "tot_waypoints": 9}}
{"target": -4715.928163004432, "params": {"k_pid_pos": [9.999999747378752e-05, 0.9589850902557373, 0.049044907093048096], "k_pid_alt": [1.8660755157470703, 0.946295976638794, 0.0], "k_pid_att": [97.75238037109375, 0.3482239842414856, 0.0], "k_pid_yaw": [0.5, 1e-06, 0.1], "k_pid_hsp": [9.999999747378752e-05, 0.0, 0.03557711839675903], "k_pid_vsp": [1.1978626251220703, 395.3446960449219, 390.2867736816406]}, "datetime": {"datetime": "2025-08-20 14:16:06", "elapsed": 8620.523358821869, "delta": 23.86791467666626}, "costs": {"total_cost": 4715.928163004432, "time_cost": 150, "final_distance_cost": 1306.831941781585, "oscillation_cost": 89.40607131166622, "completition_cost": 1000.0, "overshoot_cost": 2130.6167700219826, "power_cost": 21.876902026367187, "noise_cost": 17.19647786283063, "n_waypoints_completed": 0, "tot_waypoints": 9}}
{"target": -4834.70069401912, "params": {"k_pid_pos": [9.999999747378752e-05, 1.0, 0.0], "k_pid_alt": [1.7968506813049316, 0.966712236404419, 0.019417554140090942], "k_pid_att": [99.28219604492188, 9.999999747378752e-05, 0.0], "k_pid_yaw": [0.5, 1e-06, 0.1], "k_pid_hsp": [9.999999747378752e-05, 0.013345569372177124, 0.03828522562980652], "k_pid_vsp": [0.0, 391.2950134277344, 400.0]}, "datetime": {"datetime": "2025-08-20 14:16:32", "elapsed": 8647.131451845169, "delta": 26.60809302330017}, "costs": {"total_cost": 4834.70069401912, "time_cost": 150, "final_distance_cost": 1341.730507647979, "oscillation_cost": 98.26092662487679, "completition_cost": 1000.0, "overshoot_cost": 2204.7688431195306, "power_cost": 22.36316583251953, "noise_cost": 17.5772507942151, "n_waypoints_completed": 0, "tot_waypoints": 9}}
{"target": -1481.7407339952747, "params": {"k_pid_pos": [9.999999747378752e-05, 0.980209231376648, 0.07242828607559204], "k_pid_alt": [2.0, 1.0, 0.0], "k_pid_att": [96.55976104736328, 0.026185115799307823, 0.0], "k_pid_yaw": [0.5, 1e-06, 0.1], "k_pid_hsp": [0.37665659189224243, 0.0, 0.0], "k_pid_vsp": [0.0, 400.0, 396.3321228027344]}, "datetime": {"datetime": "2025-08-20 14:17:01", "elapsed": 8676.126255273819, "delta": 28.994803428649902}, "costs": {"total_cost": 1481.7407339952747, "time_cost": 150, "final_distance_cost": 12.42681709817599, "oscillation_cost": 60.38666264660193, "completition_cost": 1000.0, "overshoot_cost": 139.60028262573724, "power_cost": 30.011126489257816, "noise_cost": 89.31584513550192, "n_waypoints_completed": 0, "tot_waypoints": 9}}
{"target": -1425.517538761225, "params": {"k_pid_pos": [0.10510019212961197, 1.0, 0.0], "k_pid_alt": [1.9768826961517334, 1.0, 0.0], "k_pid_att": [97.44609832763672, 0.14953778684139252, 0.02765822410583496], "k_pid_yaw": [0.5, 1e-06, 0.1], "k_pid_hsp": [9.999999747378752e-05, 0.03303331136703491, 0.0], "k_pid_vsp": [3.0782222747802734, 361.96728515625, 400.0]}, "datetime": {"datetime": "2025-08-20 14:17:26", "elapsed": 8701.42740368843, "delta": 25.301148414611816}, "costs": {"total_cost": 1425.517538761225, "time_cost": 150, "final_distance_cost": 41.018379101299644, "oscillation_cost": 28.39467318092262, "completition_cost": 1000.0, "overshoot_cost": 127.82792591023752, "power_cost": 38.07395808105469, "noise_cost": 40.20260248771038, "n_waypoints_completed": 0, "tot_waypoints": 9}}
{"target": -1311.4458401146665, "params": {"k_pid_pos": [9.999999747378752e-05, 1.0, 0.009523719549179077], "k_pid_alt": [2.0, 1.0, 0.0], "k_pid_att": [100.0, 9.999999747378752e-05, 0.0], "k_pid_yaw": [0.5, 1e-06, 0.1], "k_pid_hsp": [0.0025196264032274485, 0.027861177921295166, 0.0], "k_pid_vsp": [33.88752746582031, 385.71038818359375, 400.0]}, "datetime": {"datetime": "2025-08-20 14:17:51", "elapsed": 8725.978542089462, "delta": 24.551138401031494}, "costs": {"total_cost": 1311.4458401146665, "time_cost": 150, "final_distance_cost": 62.66451079194362, "oscillation_cost": 28.490484967186223, "completition_cost": 888.8888888888888, "overshoot_cost": 111.76610170091857, "power_cost": 37.8796087890625, "noise_cost": 31.756244976666586, "n_waypoints_completed": 1, "tot_waypoints": 9}}
{"target": -1375.0769230201465, "params": {"k_pid_pos": [0.009503175504505634, 0.9954501390457153, 0.022804230451583862], "k_pid_alt": [2.0, 0.9414042234420776, 0.02784135937690735], "k_pid_att": [100.0, 0.4207037091255188, 0.01810985803604126], "k_pid_yaw": [0.5, 1e-06, 0.1], "k_pid_hsp": [9.999999747378752e-05, 0.04269370436668396, 0.02728712558746338], "k_pid_vsp": [2.708745002746582, 383.0504455566406, 400.0]}, "datetime": {"datetime": "2025-08-20 14:18:15", "elapsed": 8750.34624171257, "delta": 24.36769962310791}, "costs": {"total_cost": 1375.0769230201465, "time_cost": 150, "final_distance_cost": 73.31147500688876, "oscillation_cost": 130.03682631849904, "completition_cost": 888.8888888888888, "overshoot_cost": 95.49565101221673, "power_cost": 19.957531799316406, "noise_cost": 17.386549994336807, "n_waypoints_completed": 1, "tot_waypoints": 9}}
{"target": -1420.5109728660675, "params": {"k_pid_pos": [9.999999747378752e-05, 0.9921096563339233, 0.003417670726776123], "k_pid_alt": [2.0, 0.9983810186386108, 0.014406561851501465], "k_pid_att": [100.0, 9.999999747378752e-05, 0.057990700006484985], "k_pid_yaw": [0.5, 1e-06, 0.1], "k_pid_hsp": [9.999999747378752e-05, 0.09364208579063416, 0.0], "k_pid_vsp": [0.0, 400.0, 396.3891906738281]}, "datetime": {"datetime": "2025-08-20 14:18:41", "elapsed": 8775.919167280197, "delta": 25.572925567626953}, "costs": {"total_cost": 1420.5109728660675, "time_cost": 150, "final_distance_cost": 7.259926654378096, "oscillation_cost": 54.53444200384293, "completition_cost": 1000.0, "overshoot_cost": 145.03139071791188, "power_cost": 13.649100122070314, "noise_cost": 50.036113367864395, "n_waypoints_completed": 0, "tot_waypoints": 9}}
{"target": -1399.3803177077223, "params": {"k_pid_pos": [9.999999747378752e-05, 1.0, 0.0], "k_pid_alt": [2.0, 1.0, 0.0], "k_pid_att": [100.0, 0.5720622539520264, 0.023083001375198364], "k_pid_yaw": [0.5, 1e-06, 0.1], "k_pid_hsp": [0.3857894241809845, 0.0, 0.0], "k_pid_vsp": [17.22042465209961, 400.0, 385.9267272949219]}, "datetime": {"datetime": "2025-08-20 14:19:07", "elapsed": 8801.651540517807, "delta": 25.732373237609863}, "costs": {"total_cost": 1399.3803177077223, "time_cost": 150, "final_distance_cost": 13.18585889717618, "oscillation_cost": 64.45775556812313, "completition_cost": 1000.0, "overshoot_cost": 140.1052492917544, "power_cost": 4.268077478027344, "noise_cost": 27.36337647264108, "n_waypoints_completed": 0, "tot_waypoints": 9}}
{"target": -1928.5691677962202, "params": {"k_pid_pos": [0.20369231700897217, 0.9638651013374329, 0.0], "k_pid_alt": [1.8890380859375, 0.9372102618217468, 0.05906254053115845], "k_pid_att": [100.0, 0.33902707695961, 0.0], "k_pid_yaw": [0.5, 1e-06, 0.1], "k_pid_hsp": [9.999999747378752e-05, 0.0, 0.0], "k_pid_vsp": [0.0, 380.256591796875, 378.6494140625]}, "datetime": {"datetime": "2025-08-20 14:19:36", "elapsed": 8831.317309856415, "delta": 29.665769338607788}, "costs": {"total_cost": 1928.5691677962202, "time_cost": 150, "final_distance_cost": 339.34710279520596, "oscillation_cost": 31.294895668240784, "completition_cost": 1000.0, "overshoot_cost": 383.54075812323754, "power_cost": 11.327904748535158, "noise_cost": 13.05850646100097, "n_waypoints_completed": 0, "tot_waypoints": 9}}
{"target": -1967.071742074965, "params": {"k_pid_pos": [0.17218704521656036, 1.0, 0.045276105403900146], "k_pid_alt": [1.973900556564331, 1.0, 0.0], "k_pid_att": [97.05435943603516, 0.04497082158923149, 0.0], "k_pid_yaw": [0.5, 1e-06, 0.1], "k_pid_hsp": [9.999999747378752e-05, 0.0, 0.0], "k_pid_vsp": [5.767476558685303, 383.4534912109375, 394.418212890625]}, "datetime": {"datetime": "2025-08-20 14:20:02", "elapsed": 8856.702051639557, "delta": 25.38474178314209}, "costs": {"total_cost": 1967.071742074965, "time_cost": 150, "final_distance_cost": 340.13844719480477, "oscillation_cost": 24.851382164128488, "completition_cost": 1000.0, "overshoot_cost": 386.25605072263807, "power_cost": 37.85750057373047, "noise_cost": 27.96836141966326, "n_waypoints_completed": 0, "tot_waypoints": 9}}
{"target": -1464.0034074839389, "params": {"k_pid_pos": [9.999999747378752e-05, 1.0, 0.04810169339179993], "k_pid_alt": [2.0, 1.0, 0.07723850011825562], "k_pid_att": [100.0, 0.25687840580940247, 0.0], "k_pid_yaw": [0.5, 1e-06, 0.1], "k_pid_hsp": [0.3752121031284332, 0.0, 0.008036017417907715], "k_pid_vsp": [2.1850228309631348, 383.3180236816406, 400.0]}, "datetime": {"datetime": "2025-08-20 14:20:26", "elapsed": 8881.385557174683, "delta": 24.683505535125732}, "costs": {"total_cost": 1464.0034074839389, "time_cost": 150, "final_distance_cost": 11.172618693862688, "oscillation_cost": 81.2863226179413, "completition_cost": 1000.0, "overshoot_cost": 144.79803952585164, "power_cost": 17.445767639160156, "noise_cost": 59.300659007123215, "n_waypoints_completed": 0, "tot_waypoints": 9}}
