{"target": -1479.740123535843, "params": {"k_pid_pos": [9.999999747378752e-05, 0.9752720594406128, 0.022517263889312744], "k_pid_alt": [1.9604785442352295, 1.0, 0.03023543953895569], "k_pid_att": [86.68443298339844, 9.999999747378752e-05, 0.0], "k_pid_yaw": [0.5, 1e-06, 0.1], "k_pid_hsp": [9.999999747378752e-05, 0.05991083383560181, 0.0], "k_pid_vsp": [0.0, 369.6148986816406, 400.0]}, "datetime": {"datetime": "2025-08-20 15:04:45", "elapsed": 11540.375777959824, "delta": 23.53964638710022}, "costs": {"total_cost": 1479.740123535843, "time_cost": 150, "final_distance_cost": 11.789934465746335, "oscillation_cost": 34.25777029114401, "completition_cost": 1000.0, "overshoot_cost": 149.22764997772396, "power_cost": 34.6209156616211, "noise_cost": 99.84385313960733, "n_waypoints_completed": 0, "tot_waypoints": 9}}
{"target": -1928.14869717749, "params": {"k_pid_pos": [9.999999747378752e-05, 1.0, 0.03147289156913757], "k_pid_alt": [2.0, 0.9773355722427368, 0.033349573612213135], "k_pid_att": [100.0, 0.4736332893371582, 0.006171226501464844], "k_pid_yaw": [0.5, 1e-06, 0.1], "k_pid_hsp": [9.999999747378752e-05, 0.0, 0.0], "k_pid_vsp": [26.01076316833496, 400.0, 400.0]}, "datetime": {"datetime": "2025-08-20 15:05:11", "elapsed": 11565.705703496933, "delta": 25.329925537109375}, "costs": {"total_cost": 1928.14869717749, "time_cost": 150, "final_distance_cost": 338.92409436569244, "oscillation_cost": 31.061711992027867, "completition_cost": 1000.0, "overshoot_cost": 382.81251371885884, "power_cost": 11.656672631835939, "noise_cost": 13.69370446907483, "n_waypoints_completed": 0, "tot_waypoints": 9}}
{"target": -1687.8069135435953, "params": {"k_pid_pos": [9.999999747378752e-05, 1.0, 0.0], "k_pid_alt": [2.0, 1.0, 0.030147939920425415], "k_pid_att": [100.0, 0.46770983934402466, 0.06086122989654541], "k_pid_yaw": [0.5, 1e-06, 0.1], "k_pid_hsp": [9.999999747378752e-05, 0.017665386199951172, 0.0], "k_pid_vsp": [3.6060690879821777, 389.6800537109375, 390.0586853027344]}, "datetime": {"datetime": "2025-08-20 15:05:34", "elapsed": 11588.913005113602, "delta": 23.2073016166687}, "costs": {"total_cost": 1687.8069135435953, "time_cost": 150, "final_distance_cost": 229.08091108510894, "oscillation_cost": 31.734995805867882, "completition_cost": 1000.0, "overshoot_cost": 248.9628876535943, "power_cost": 13.267962292480469, "noise_cost": 14.760156706543677, "n_waypoints_completed": 0, "tot_waypoints": 9}}
{"target": -1496.8183058516288, "params": {"k_pid_pos": [0.06362172961235046, 0.9587684869766235, 0.03187292814254761], "k_pid_alt": [2.0, 0.9961517453193665, 0.035611897706985474], "k_pid_att": [98.33601379394531, 9.999999747378752e-05, 0.0], "k_pid_yaw": [0.5, 1e-06, 0.1], "k_pid_hsp": [0.3064993619918823, 0.0, 0.0068108439445495605], "k_pid_vsp": [45.39651870727539, 391.7546691894531, 400.0]}, "datetime": {"datetime": "2025-08-20 15:05:57", "elapsed": 11612.412652730942, "delta": 23.499647617340088}, "costs": {"total_cost": 1496.8183058516288, "time_cost": 150, "final_distance_cost": 14.107691575849705, "oscillation_cost": 84.14621990596571, "completition_cost": 1000.0, "overshoot_cost": 141.0278785145303, "power_cost": 26.506120959472657, "noise_cost": 81.03039489581028, "n_waypoints_completed": 0, "tot_waypoints": 9}}
{"target": -1957.8096763569952, "params": {"k_pid_pos": [9.999999747378752e-05, 0.9566482305526733, 0.07063102722167969], "k_pid_alt": [2.0, 0.9800347089767456, 0.036003828048706055], "k_pid_att": [100.0, 9.999999747378752e-05, 0.04852694272994995], "k_pid_yaw": [0.5, 1e-06, 0.1], "k_pid_hsp": [9.999999747378752e-05, 0.0, 0.0], "k_pid_vsp": [0.0, 400.0, 400.0]}, "datetime": {"datetime": "2025-08-20 15:06:23", "elapsed": 11637.919106960297, "delta": 25.50645422935486}, "costs": {"total_cost": 1957.8096763569952, "time_cost": 150, "final_distance_cost": 336.87070283761204, "oscillation_cost": 25.044676761548804, "completition_cost": 1000.0, "overshoot_cost": 380.03024520226035, "power_cost": 37.933019067382816, "noise_cost": 27.93103248819115, "n_waypoints_completed": 0, "tot_waypoints": 9}}
{"target": -1453.2977437108516, "params": {"k_pid_pos": [0.05627141147851944, 1.0, 0.031874001026153564], "k_pid_alt": [2.0, 1.0, 0.0], "k_pid_att": [96.95464324951172, 9.999999747378752e-05, 0.007212817668914795], "k_pid_yaw": [0.5, 1e-06, 0.1], "k_pid_hsp": [9.999999747378752e-05, 0.13860327005386353, 0.0], "k_pid_vsp": [47.236263275146484, 394.11859130859375, 400.0]}, "datetime": {"datetime": "2025-08-20 15:06:46", "elapsed": 11660.970560789108, "delta": 23.051453828811646}, "costs": {"total_cost": 1453.2977437108516, "time_cost": 150, "final_distance_cost": 19.478181954032657, "oscillation_cost": 58.57276880665829, "completition_cost": 1000.0, "overshoot_cost": 144.46424983262463, "power_cost": 18.650942053222657, "noise_cost": 62.13160106431326, "n_waypoints_completed": 0, "tot_waypoints": 9}}
{"target": -1428.2487407613696, "params": {"k_pid_pos": [0.09505248814821243, 0.9722892642021179, 0.01274845004081726], "k_pid_alt": [2.0, 1.0, 0.07806769013404846], "k_pid_att": [100.0, 0.6887970566749573, 0.0], "k_pid_yaw": [0.5, 1e-06, 0.1], "k_pid_hsp": [0.17973735928535461, 0.007276028394699097, 0.07226884365081787], "k_pid_vsp": [0.0, 396.61297607421875, 400.0]}, "datetime": {"datetime": "2025-08-20 15:07:10", "elapsed": 11685.225143194199, "delta": 24.254582405090332}, "costs": {"total_cost": 1428.2487407613696, "time_cost": 150, "final_distance_cost": 66.29650013265925, "oscillation_cost": 178.28684636148316, "completition_cost": 888.8888888888888, "overshoot_cost": 96.1472682450558, "power_cost": 25.958451232910157, "noise_cost": 22.67078590037239, "n_waypoints_completed": 1, "tot_waypoints": 9}}
{"target": -1860.2898122969716, "params": {"k_pid_pos": [0.03873367980122566, 0.9702611565589905, 0.0029356181621551514], "k_pid_alt": [2.0, 0.9901845455169678, 0.0], "k_pid_att": [91.94083404541016, 9.999999747378752e-05, 0.0], "k_pid_yaw": [0.5, 1e-06, 0.1], "k_pid_hsp": [9.999999747378752e-05, 0.009305179119110107, 0.0], "k_pid_vsp": [0.0, 396.31005859375, 399.4170227050781]}, "datetime": {"datetime": "2025-08-20 15:07:33", "elapsed": 11708.22823190689, "delta": 23.00308871269226}, "costs": {"total_cost": 1860.2898122969716, "time_cost": 150, "final_distance_cost": 306.6428353451329, "oscillation_cost": 29.411320897212946, "completition_cost": 1000.0, "overshoot_cost": 349.55408588539325, "power_cost": 11.756935388183594, "noise_cost": 12.924634781048717, "n_waypoints_completed": 0, "tot_waypoints": 9}}
{"target": -1464.511903038954, "params": {"k_pid_pos": [9.999999747378752e-05, 0.9490350484848022, 0.0], "k_pid_alt": [1.8223271369934082, 0.9613270163536072, 0.0], "k_pid_att": [100.0, 9.999999747378752e-05, 0.003221273422241211], "k_pid_yaw": [0.5, 1e-06, 0.1], "k_pid_hsp": [0.5066912174224854, 0.0017921030521392822, 0.022653728723526], "k_pid_vsp": [0.0, 392.23126220703125, 400.0]}, "datetime": {"datetime": "2025-08-20 15:07:57", "elapsed": 11731.963562965393, "delta": 23.735331058502197}, "costs": {"total_cost": 1464.511903038954, "time_cost": 150, "final_distance_cost": 13.888840612543456, "oscillation_cost": 90.37260867667204, "completition_cost": 1000.0, "overshoot_cost": 143.3592304346154, "power_cost": 14.712036352539064, "noise_cost": 52.179186962583735, "n_waypoints_completed": 0, "tot_waypoints": 9}}
{"target": -2081.021476756928, "params": {"k_pid_pos": [9.999999747378752e-05, 0.985758900642395, 0.06764101982116699], "k_pid_alt": [1.928231120109558, 1.0, 0.003345102071762085], "k_pid_att": [99.95281982421875, 9.999999747378752e-05, 0.0], "k_pid_yaw": [0.5, 1e-06, 0.1], "k_pid_hsp": [9.999999747378752e-05, 0.005701303482055664, 0.015473484992980957], "k_pid_vsp": [0.0, 388.78460693359375, 365.4919128417969]}, "datetime": {"datetime": "2025-08-20 15:08:22", "elapsed": 11757.363872051239, "delta": 25.400309085845947}, "costs": {"total_cost": 2081.021476756928, "time_cost": 150, "final_distance_cost": 380.6642156390825, "oscillation_cost": 29.151196135135176, "completition_cost": 1000.0, "overshoot_cost": 456.70268380589096, "power_cost": 37.86875173339844, "noise_cost": 26.6346294434212, "n_waypoints_completed": 0, "tot_waypoints": 9}}
{"target": -1948.775925898355, "params": {"k_pid_pos": [0.11619707196950912, 0.9837208986282349, 0.0238705575466156], "k_pid_alt": [2.0, 0.9671911001205444, 0.020153522491455078], "k_pid_att": [100.0, 9.999999747378752e-05, 0.0], "k_pid_yaw": [0.5, 1e-06, 0.1], "k_pid_hsp": [9.999999747378752e-05, 0.002704709768295288, 0.0], "k_pid_vsp": [18.87710189819336, 400.0, 378.2281494140625]}, "datetime": {"datetime": "2025-08-20 15:08:47", "elapsed": 11781.8829870224, "delta": 24.51911497116089}, "costs": {"total_cost": 1948.775925898355, "time_cost": 150, "final_distance_cost": 344.488007840883, "oscillation_cost": 31.365630287870015, "completition_cost": 1000.0, "overshoot_cost": 399.2131362687581, "power_cost": 11.171773706054688, "noise_cost": 12.537377794789045, "n_waypoints_completed": 0, "tot_waypoints": 9}}
{"target": -1424.2086348865828, "params": {"k_pid_pos": [0.017648696899414062, 0.9549387097358704, 0.0], "k_pid_alt": [2.0, 0.9413251876831055, 0.0], "k_pid_att": [94.04054260253906, 9.999999747378752e-05, 0.008310407400131226], "k_pid_yaw": [0.5, 1e-06, 0.1], "k_pid_hsp": [0.3518565595149994, 0.004816979169845581, 0.0], "k_pid_vsp": [33.74946212768555, 396.3384094238281, 397.2491760253906]}, "datetime": {"datetime": "2025-08-20 15:09:11", "elapsed": 11806.388589143753, "delta": 24.50560212135315}, "costs": {"total_cost": 1424.2086348865828, "time_cost": 150, "final_distance_cost": 17.20464712110766, "oscillation_cost": 61.80422474070513, "completition_cost": 1000.0, "overshoot_cost": 139.81585691764369, "power_cost": 11.307365893554689, "noise_cost": 44.07654021357147, "n_waypoints_completed": 0, "tot_waypoints": 9}}
{"target": -1506.3519114014923, "params": {"k_pid_pos": [9.999999747378752e-05, 1.0, 0.058709800243377686], "k_pid_alt": [1.8859331607818604, 0.9392700791358948, 0.0], "k_pid_att": [96.761474609375, 9.999999747378752e-05, 0.0], "k_pid_yaw": [0.5, 1e-06, 0.1], "k_pid_hsp": [0.38652852177619934, 0.015479803085327148, 0.0], "k_pid_vsp": [0.0, 400.0, 400.0]}, "datetime": {"datetime": "2025-08-20 15:09:37", "elapsed": 11832.208015203476, "delta": 25.8194260597229}, "costs": {"total_cost": 1506.3519114014923, "time_cost": 150, "final_distance_cost": 13.620911868648399, "oscillation_cost": 59.63714953256022, "completition_cost": 1000.0, "overshoot_cost": 139.77621355331914, "power_cost": 36.965220043945315, "noise_cost": 106.35241640301932, "n_waypoints_completed": 0, "tot_waypoints": 9}}
{"target": -1475.6716068379355, "params": {"k_pid_pos": [9.999999747378752e-05, 0.9208951592445374, 0.04976743459701538], "k_pid_alt": [2.0, 0.9347869157791138, 0.0], "k_pid_att": [100.0, 9.999999747378752e-05, 0.0], "k_pid_yaw": [0.5, 1e-06, 0.1], "k_pid_hsp": [0.3104400932788849, 0.0, 0.0], "k_pid_vsp": [0.0, 400.0, 397.3319396972656]}, "datetime": {"datetime": "2025-08-20 15:10:02", "elapsed": 11857.340429544449, "delta": 25.1324143409729}, "costs": {"total_cost": 1475.6716068379355, "time_cost": 150, "final_distance_cost": 11.615846343156575, "oscillation_cost": 58.8437902547171, "completition_cost": 1000.0, "overshoot_cost": 139.4999569508567, "power_cost": 28.866306079101562, "noise_cost": 86.84570721010346, "n_waypoints_completed": 0, "tot_waypoints": 9}}
{"target": -1507.6698142877954, "params": {"k_pid_pos": [0.02438267134130001, 0.9476009607315063, 0.0], "k_pid_alt": [2.0, 1.0, 0.0], "k_pid_att": [95.27742004394531, 0.4149984121322632, 0.0], "k_pid_yaw": [0.5, 1e-06, 0.1], "k_pid_hsp": [0.4787985682487488, 0.04305446147918701, 0.0], "k_pid_vsp": [0.0, 400.0, 395.6722717285156]}, "datetime": {"datetime": "2025-08-20 15:10:26", "elapsed": 11880.804409742355, "delta": 23.463980197906494}, "costs": {"total_cost": 1507.6698142877954, "time_cost": 150, "final_distance_cost": 13.829690530432256, "oscillation_cost": 60.62486412722728, "completition_cost": 1000.0, "overshoot_cost": 139.65470507115907, "power_cost": 37.041938403320316, "noise_cost": 106.51861615565639, "n_waypoints_completed": 0, "tot_waypoints": 9}}
{"target": -1413.801511701826, "params": {"k_pid_pos": [0.07129722833633423, 1.0, 0.0], "k_pid_alt": [1.9517287015914917, 1.0, 0.032517313957214355], "k_pid_att": [94.558349609375, 9.999999747378752e-05, 0.0], "k_pid_yaw": [0.5, 1e-06, 0.1], "k_pid_hsp": [0.7267726063728333, 0.0, 3.4809112548828125e-05], "k_pid_vsp": [0.0, 400.0, 400.0]}, "datetime": {"datetime": "2025-08-20 15:10:49", "elapsed": 11904.255511045456, "delta": 23.451101303100586}, "costs": {"total_cost": 1413.801511701826, "time_cost": 150, "final_distance_cost": 12.241692795636865, "oscillation_cost": 65.25610954429263, "completition_cost": 1000.0, "overshoot_cost": 139.43291964372162, "power_cost": 8.827091369628906, "noise_cost": 38.04369834854608, "n_waypoints_completed": 0, "tot_waypoints": 9}}
{"target": -1672.6935039793318, "params": {"k_pid_pos": [0.17404185235500336, 1.0, 0.0], "k_pid_alt": [1.9659031629562378, 1.0, 0.020928919315338135], "k_pid_att": [99.14791870117188, 9.999999747378752e-05, 0.005341976881027222], "k_pid_yaw": [0.5, 1e-06, 0.1], "k_pid_hsp": [9.999999747378752e-05, 0.019368916749954224, 0.0], "k_pid_vsp": [0.0, 389.42742919921875, 400.0]}, "datetime": {"datetime": "2025-08-20 15:11:13", "elapsed": 11928.191457033157, "delta": 23.935945987701416}, "costs": {"total_cost": 1672.6935039793318, "time_cost": 150, "final_distance_cost": 206.03535902539423, "oscillation_cost": 26.627074962724244, "completition_cost": 1000.0, "overshoot_cost": 224.19105993143705, "power_cost": 37.885086022949224, "noise_cost": 27.95492403682689, "n_waypoints_completed": 0, "tot_waypoints": 9}}
{"target": -2203.143982935465, "params": {"k_pid_pos": [9.999999747378752e-05, 1.0, 0.03766810894012451], "k_pid_alt": [1.9714397192001343, 1.0, 0.0], "k_pid_att": [100.0, 0.01526088546961546, 0.0], "k_pid_yaw": [0.5, 1e-06, 0.1], "k_pid_hsp": [9.999999747378752e-05, 0.0, 0.08417969942092896], "k_pid_vsp": [20.418798446655273, 395.4826965332031, 351.87286376953125]}, "datetime": {"datetime": "2025-08-20 15:11:36", "elapsed": 11951.031118869781, "delta": 22.839661836624146}, "costs": {"total_cost": 2203.143982935465, "time_cost": 150, "final_distance_cost": 225.91674801958456, "oscillation_cost": 407.8402061667925, "completition_cost": 1000.0, "overshoot_cost": 381.91727188028074, "power_cost": 20.635135559082034, "noise_cost": 16.83462130972508, "n_waypoints_completed": 0, "tot_waypoints": 9}}
{"target": -2061.7237573198636, "params": {"k_pid_pos": [9.999999747378752e-05, 1.0, 0.0], "k_pid_alt": [2.0, 0.9008123278617859, 0.005341202020645142], "k_pid_att": [96.99259948730469, 0.06549428403377533, 0.0], "k_pid_yaw": [0.5, 1e-06, 0.1], "k_pid_hsp": [9.999999747378752e-05, 0.047435641288757324, 0.03125196695327759], "k_pid_vsp": [0.0, 388.4354248046875, 400.0]}, "datetime": {"datetime": "2025-08-20 15:11:59", "elapsed": 11974.436745405197, "delta": 23.40562653541565}, "costs": {"total_cost": 2061.7237573198636, "time_cost": 150, "final_distance_cost": 359.2816512373363, "oscillation_cost": 89.26645670862096, "completition_cost": 1000.0, "overshoot_cost": 433.25181966821856, "power_cost": 15.700725061035158, "noise_cost": 14.223104644652492, "n_waypoints_completed": 0, "tot_waypoints": 9}}
{"target": -1456.5734982909669, "params": {"k_pid_pos": [9.999999747378752e-05, 0.9911822080612183, 0.0], "k_pid_alt": [1.9027290344238281, 0.9394213557243347, 0.0], "k_pid_att": [100.0, 9.999999747378752e-05, 0.0], "k_pid_yaw": [0.5, 1e-06, 0.1], "k_pid_hsp": [0.3488873839378357, 0.05024290084838867, 0.044593751430511475], "k_pid_vsp": [0.0, 400.0, 384.62823486328125]}, "datetime": {"datetime": "2025-08-20 15:12:24", "elapsed": 11998.626857280731, "delta": 24.190111875534058}, "costs": {"total_cost": 1456.5734982909669, "time_cost": 150, "final_distance_cost": 9.235792275153281, "oscillation_cost": 109.2248535704849, "completition_cost": 1000.0, "overshoot_cost": 133.76093241525018, "power_cost": 16.340068298339844, "noise_cost": 38.011851731738545, "n_waypoints_completed": 0, "tot_waypoints": 9}}
{"target": -1478.2536589375813, "params": {"k_pid_pos": [0.06012340635061264, 1.0, 0.021201401948928833], "k_pid_alt": [1.9002299308776855, 0.940096378326416, 0.0], "k_pid_att": [100.0, 9.999999747378752e-05, 0.0], "k_pid_yaw": [0.5, 1e-06, 0.1], "k_pid_hsp": [0.24645961821079254, 0.0, 0.01765727996826172], "k_pid_vsp": [2.696526050567627, 400.0, 400.0]}, "datetime": {"datetime": "2025-08-20 15:12:46", "elapsed": 12021.094683885574, "delta": 22.46782660484314}, "costs": {"total_cost": 1478.2536589375813, "time_cost": 150, "final_distance_cost": 17.917500703231838, "oscillation_cost": 83.8265769358842, "completition_cost": 1000.0, "overshoot_cost": 140.0435599929278, "power_cost": 20.509851770019534, "noise_cost": 65.9561695355177, "n_waypoints_completed": 0, "tot_waypoints": 9}}
{"target": -1410.1513925205884, "params": {"k_pid_pos": [0.07877449691295624, 1.0, 0.06290227174758911], "k_pid_alt": [2.0, 0.9805196523666382, 0.0], "k_pid_att": [100.0, 9.999999747378752e-05, 0.0], "k_pid_yaw": [0.5, 1e-06, 0.1], "k_pid_hsp": [0.6000010371208191, 0.07700440287590027, 0.0], "k_pid_vsp": [0.0, 395.63116455078125, 360.3247985839844]}, "datetime": {"datetime": "2025-08-20 15:13:09", "elapsed": 12044.129145383835, "delta": 23.034461498260498}, "costs": {"total_cost": 1410.1513925205884, "time_cost": 150, "final_distance_cost": 12.295300004942588, "oscillation_cost": 72.81260040257769, "completition_cost": 1000.0, "overshoot_cost": 139.11066789490107, "power_cost": 5.5605586181640625, "noise_cost": 30.372265600003008, "n_waypoints_completed": 0, "tot_waypoints": 9}}
{"target": -1500.3161668373593, "params": {"k_pid_pos": [9.999999747378752e-05, 0.944259524345398, 0.0], "k_pid_alt": [2.0, 1.0, 0.0497492253780365], "k_pid_att": [100.0, 0.1278320699930191, 0.04427832365036011], "k_pid_yaw": [0.5, 1e-06, 0.1], "k_pid_hsp": [0.953345775604248, 0.02140745520591736, 0.0], "k_pid_vsp": [16.965734481811523, 400.0, 400.0]}, "datetime": {"datetime": "2025-08-20 15:13:32", "elapsed": 12067.246876239777, "delta": 23.117730855941772}, "costs": {"total_cost": 1500.3161668373593, "time_cost": 150, "final_distance_cost": 11.632202817360525, "oscillation_cost": 64.90124437770524, "completition_cost": 1000.0, "overshoot_cost": 139.51330555819325, "power_cost": 34.31554217529297, "noise_cost": 99.95387190880754, "n_waypoints_completed": 0, "tot_waypoints": 9}}
{"target": -1833.9035004024545, "params": {"k_pid_pos": [9.999999747378752e-05, 0.9289594292640686, 0.0], "k_pid_alt": [2.0, 0.9748156070709229, 0.0], "k_pid_att": [93.41255187988281, 0.5198670029640198, 0.0], "k_pid_yaw": [0.5, 1e-06, 0.1], "k_pid_hsp": [9.999999747378752e-05, 0.01063874363899231, 0.0], "k_pid_vsp": [0.0, 400.0, 375.0893859863281]}, "datetime": {"datetime": "2025-08-20 15:13:55", "elapsed": 12090.297966241837, "delta": 23.051090002059937}, "costs": {"total_cost": 1833.9035004024545, "time_cost": 150, "final_distance_cost": 294.6904712423399, "oscillation_cost": 29.65311316712748, "completition_cost": 1000.0, "overshoot_cost": 333.84843759227647, "power_cost": 12.081746240234375, "noise_cost": 13.629732160476134, "n_waypoints_completed": 0, "tot_waypoints": 9}}
{"target": -1464.6256668093454, "params": {"k_pid_pos": [0.11804471909999847, 1.0, 0.0], "k_pid_alt": [2.0, 1.0, 0.058950960636138916], "k_pid_att": [96.76205444335938, 0.5097533464431763, 0.0], "k_pid_yaw": [0.5, 1e-06, 0.1], "k_pid_hsp": [0.059770211577415466, 0.0432133674621582, 0.0], "k_pid_vsp": [33.034420013427734, 400.0, 400.0]}, "datetime": {"datetime": "2025-08-20 15:14:18", "elapsed": 12113.416105508804, "delta": 23.118139266967773}, "costs": {"total_cost": 1464.6256668093454, "time_cost": 150, "final_distance_cost": 7.0857168050964665, "oscillation_cost": 47.97007222589818, "completition_cost": 1000.0, "overshoot_cost": 143.01146384166637, "power_cost": 29.15386658935547, "noise_cost": 87.40454734732887, "n_waypoints_completed": 0, "tot_waypoints": 9}}
{"target": -1487.153959494555, "params": {"k_pid_pos": [9.999999747378752e-05, 0.9729814529418945, 0.060665637254714966], "k_pid_alt": [1.8184418678283691, 0.9592092037200928, 0.0], "k_pid_att": [96.70683288574219, 0.7011377811431885, 0.037743955850601196], "k_pid_yaw": [0.5, 1e-06, 0.1], "k_pid_hsp": [0.580810010433197, 0.0, 0.05709466338157654], "k_pid_vsp": [0.0, 400.0, 373.7596740722656]}, "datetime": {"datetime": "2025-08-20 15:14:44", "elapsed": 12139.384031057358, "delta": 25.967925548553467}, "costs": {"total_cost": 1487.153959494555, "time_cost": 150, "final_distance_cost": 7.557541792512993, "oscillation_cost": 132.54705387764903, "completition_cost": 1000.0, "overshoot_cost": 133.57315527940432, "power_cost": 21.777744604492188, "noise_cost": 41.69846394049638, "n_waypoints_completed": 0, "tot_waypoints": 9}}
{"target": -1520.6211577162946, "params": {"k_pid_pos": [0.25249525904655457, 1.0, 0.0], "k_pid_alt": [1.9205611944198608, 0.9838844537734985, 0.0], "k_pid_att": [97.67758178710938, 0.0992400124669075, 0.04053094983100891], "k_pid_yaw": [0.5, 1e-06, 0.1], "k_pid_hsp": [0.5518737435340881, 0.0, 0.09371441602706909], "k_pid_vsp": [19.611812591552734, 400.0, 400.0]}, "datetime": {"datetime": "2025-08-20 15:15:08", "elapsed": 12162.822476863861, "delta": 23.438445806503296}, "costs": {"total_cost": 1520.6211577162946, "time_cost": 150, "final_distance_cost": 17.942621125156187, "oscillation_cost": 153.9278861917516, "completition_cost": 1000.0, "overshoot_cost": 132.1516193095258, "power_cost": 24.814205676269534, "noise_cost": 41.7848254135916, "n_waypoints_completed": 0, "tot_waypoints": 9}}
