{"target": -1444.8756330042302, "params": {"k_pid_pos": [0.24167925119400024, 1.0, 0.0], "k_pid_alt": [1.9935168027877808, 1.0, 0.0], "k_pid_att": [100.0, 1.4121530055999756, 0.006126970052719116], "k_pid_yaw": [0.5, 1e-06, 0.1], "k_pid_hsp": [0.10468841344118118, 0.01307457685470581, 0.014903485774993896], "k_pid_vsp": [29.657817840576172, 392.65771484375, 400.0]}, "datetime": {"datetime": "2025-08-20 20:54:23", "elapsed": 32517.971429347992, "delta": 23.53268527984619}, "costs": {"total_cost": 1444.8756330042302, "time_cost": 150, "final_distance_cost": 18.12982904678532, "oscillation_cost": 54.432564025610574, "completition_cost": 1000.0, "overshoot_cost": 140.07690285372087, "power_cost": 19.348034973144532, "noise_cost": 62.888302104969036, "n_waypoints_completed": 0, "tot_waypoints": 9}}
{"target": -1447.106244409954, "params": {"k_pid_pos": [9.999999747378752e-05, 0.9619338512420654, 0.025123894214630127], "k_pid_alt": [2.0, 0.9622583985328674, 0.019875526428222656], "k_pid_att": [93.16499328613281, 9.999999747378752e-05, 0.10985517501831055], "k_pid_yaw": [0.5, 1e-06, 0.1], "k_pid_hsp": [9.999999747378752e-05, 0.10249936580657959, 0.017777830362319946], "k_pid_vsp": [0.0, 400.0, 383.1344299316406]}, "datetime": {"datetime": "2025-08-20 20:54:45", "elapsed": 32540.214072465897, "delta": 22.242643117904663}, "costs": {"total_cost": 1447.106244409954, "time_cost": 150, "final_distance_cost": 22.49780498864163, "oscillation_cost": 56.48129020021428, "completition_cost": 1000.0, "overshoot_cost": 144.56981853034765, "power_cost": 16.42181317138672, "noise_cost": 57.13551751936378, "n_waypoints_completed": 0, "tot_waypoints": 9}}
{"target": -1835.0253005351378, "params": {"k_pid_pos": [9.999999747378752e-05, 0.9464954137802124, 0.024185240268707275], "k_pid_alt": [2.0, 1.0, 0.0], "k_pid_att": [99.24862670898438, 0.1884016990661621, 0.005229175090789795], "k_pid_yaw": [0.5, 1e-06, 0.1], "k_pid_hsp": [9.999999747378752e-05, 0.055399030447006226, 0.03221514821052551], "k_pid_vsp": [0.0, 400.0, 379.00787353515625]}, "datetime": {"datetime": "2025-08-20 20:55:08", "elapsed": 32562.793260335922, "delta": 22.579187870025635}, "costs": {"total_cost": 1835.0253005351378, "time_cost": 150, "final_distance_cost": 257.98397665506803, "oscillation_cost": 80.51476083383734, "completition_cost": 1000.0, "overshoot_cost": 291.18595128125156, "power_cost": 31.882277465820312, "noise_cost": 23.458334299160395, "n_waypoints_completed": 0, "tot_waypoints": 9}}
{"target": -1431.7014337062612, "params": {"k_pid_pos": [9.999999747378752e-05, 0.9788941144943237, 0.0], "k_pid_alt": [1.9885979890823364, 0.9995249509811401, 0.0], "k_pid_att": [100.0, 9.999999747378752e-05, 0.04387137293815613], "k_pid_yaw": [0.5, 1e-06, 0.1], "k_pid_hsp": [0.12293917685747147, 0.11271324753761292, 0.0], "k_pid_vsp": [7.23879337310791, 380.38397216796875, 398.1392822265625]}, "datetime": {"datetime": "2025-08-20 20:55:32", "elapsed": 32586.80859017372, "delta": 24.015329837799072}, "costs": {"total_cost": 1431.7014337062612, "time_cost": 150, "final_distance_cost": 9.482898199052356, "oscillation_cost": 56.5719554026078, "completition_cost": 1000.0, "overshoot_cost": 142.63757202738896, "power_cost": 16.3572154296875, "noise_cost": 56.65179264752458, "n_waypoints_completed": 0, "tot_waypoints": 9}}
{"target": -1416.2345208856477, "params": {"k_pid_pos": [9.999999747378752e-05, 1.0, 0.0], "k_pid_alt": [2.0, 1.0, 0.0], "k_pid_att": [98.98403930664062, 9.999999747378752e-05, 0.0], "k_pid_yaw": [0.5, 1e-06, 0.1], "k_pid_hsp": [0.1762988120317459, 0.0, 0.0], "k_pid_vsp": [12.817657470703125, 399.6869201660156, 400.0]}, "datetime": {"datetime": "2025-08-20 20:55:55", "elapsed": 32609.861525774002, "delta": 23.05293560028076}, "costs": {"total_cost": 1416.2345208856477, "time_cost": 150, "final_distance_cost": 17.398568308295943, "oscillation_cost": 56.786523101854954, "completition_cost": 1000.0, "overshoot_cost": 140.54927203156151, "power_cost": 10.074890991210937, "noise_cost": 41.425266452724365, "n_waypoints_completed": 0, "tot_waypoints": 9}}
{"target": -1455.12433932944, "params": {"k_pid_pos": [9.999999747378752e-05, 0.9619554281234741, 0.02217763662338257], "k_pid_alt": [1.9809985160827637, 0.9916337728500366, 0.0], "k_pid_att": [100.0, 9.999999747378752e-05, 0.0], "k_pid_yaw": [0.5, 1e-06, 0.1], "k_pid_hsp": [0.3776737451553345, 0.030230194330215454, 0.009545177221298218], "k_pid_vsp": [16.60904884338379, 383.7881164550781, 349.578369140625]}, "datetime": {"datetime": "2025-08-20 20:56:18", "elapsed": 32633.17873930931, "delta": 23.317213535308838}, "costs": {"total_cost": 1455.12433932944, "time_cost": 150, "final_distance_cost": 22.02188703039747, "oscillation_cost": 81.05466792036151, "completition_cost": 1000.0, "overshoot_cost": 146.02941531593947, "power_cost": 11.34242362060547, "noise_cost": 44.67594544213618, "n_waypoints_completed": 0, "tot_waypoints": 9}}
{"target": -1474.1726160877301, "params": {"k_pid_pos": [9.999999747378752e-05, 0.9909707307815552, 0.0], "k_pid_alt": [2.0, 1.0, 0.025266706943511963], "k_pid_att": [100.0, 0.20448705554008484, 0.07904472947120667], "k_pid_yaw": [0.5, 1e-06, 0.1], "k_pid_hsp": [0.18095000088214874, 0.06790077686309814, 0.007409453392028809], "k_pid_vsp": [0.0, 400.0, 389.7793884277344]}, "datetime": {"datetime": "2025-08-20 20:56:41", "elapsed": 32655.725625038147, "delta": 22.54688572883606}, "costs": {"total_cost": 1474.1726160877301, "time_cost": 150, "final_distance_cost": 16.629683066810816, "oscillation_cost": 76.47839734831109, "completition_cost": 1000.0, "overshoot_cost": 149.10706546303632, "power_cost": 19.055325415039064, "noise_cost": 62.90214479453267, "n_waypoints_completed": 0, "tot_waypoints": 9}}
{"target": -1406.1563450243175, "params": {"k_pid_pos": [9.999999747378752e-05, 1.0, 0.0070386528968811035], "k_pid_alt": [1.8788206577301025, 1.0, 0.058284640312194824], "k_pid_att": [99.35301971435547, 0.017600642517209053, 0.07097744941711426], "k_pid_yaw": [0.5, 1e-06, 0.1], "k_pid_hsp": [0.3427031636238098, 0.0, 0.0], "k_pid_vsp": [21.802270889282227, 400.0, 393.5072326660156]}, "datetime": {"datetime": "2025-08-20 20:57:08", "elapsed": 32682.78757596016, "delta": 27.06195092201233}, "costs": {"total_cost": 1406.1563450243175, "time_cost": 150, "final_distance_cost": 10.36549613212687, "oscillation_cost": 63.68265143585596, "completition_cost": 1000.0, "overshoot_cost": 140.11121125081738, "power_cost": 7.307586059570313, "noise_cost": 34.689400145947005, "n_waypoints_completed": 0, "tot_waypoints": 9}}
{"target": -4066.5664700720017, "params": {"k_pid_pos": [9.999999747378752e-05, 1.0, 0.0], "k_pid_alt": [2.0, 0.9726677536964417, 0.0], "k_pid_att": [100.0, 9.999999747378752e-05, 0.025375843048095703], "k_pid_yaw": [0.5, 1e-06, 0.1], "k_pid_hsp": [9.999999747378752e-05, 0.0, 0.03352433443069458], "k_pid_vsp": [16.65048599243164, 400.0, 392.9019775390625]}, "datetime": {"datetime": "2025-08-20 20:57:37", "elapsed": 32711.982840299606, "delta": 29.19526433944702}, "costs": {"total_cost": 4066.5664700720017, "time_cost": 150, "final_distance_cost": 1083.5827713947058, "oscillation_cost": 86.41488537503858, "completition_cost": 1000.0, "overshoot_cost": 1706.7549330286072, "power_cost": 22.58492164306641, "noise_cost": 17.228958630583815, "n_waypoints_completed": 0, "tot_waypoints": 9}}
{"target": -1942.4099126921626, "params": {"k_pid_pos": [9.999999747378752e-05, 1.0, 0.031855612993240356], "k_pid_alt": [1.986109733581543, 0.9388134479522705, 0.0], "k_pid_att": [96.2352066040039, 0.4907870292663574, 0.0], "k_pid_yaw": [0.5, 1e-06, 0.1], "k_pid_hsp": [9.999999747378752e-05, 0.0, 0.0], "k_pid_vsp": [7.514333724975586, 399.9114685058594, 400.0]}, "datetime": {"datetime": "2025-08-20 20:58:00", "elapsed": 32735.436665058136, "delta": 23.453824758529663}, "costs": {"total_cost": 1942.4099126921626, "time_cost": 150, "final_distance_cost": 331.87928013658933, "oscillation_cost": 24.78787170662954, "completition_cost": 1000.0, "overshoot_cost": 369.7919373532885, "power_cost": 37.85073123779297, "noise_cost": 28.10009225786224, "n_waypoints_completed": 0, "tot_waypoints": 9}}
{"target": -1477.045532449737, "params": {"k_pid_pos": [0.0035083808470517397, 0.9738805294036865, 0.0], "k_pid_alt": [1.9968255758285522, 0.9168304204940796, 0.09784010052680969], "k_pid_att": [96.2024917602539, 0.5067248940467834, 0.0], "k_pid_yaw": [0.5, 1e-06, 0.1], "k_pid_hsp": [0.6981611847877502, 0.0, 0.05078032612800598], "k_pid_vsp": [21.678054809570312, 389.7486572265625, 400.0]}, "datetime": {"datetime": "2025-08-20 20:58:23", "elapsed": 32757.850637197495, "delta": 22.41397213935852}, "costs": {"total_cost": 1477.045532449737, "time_cost": 150, "final_distance_cost": 8.967934374829234, "oscillation_cost": 110.3181575726598, "completition_cost": 1000.0, "overshoot_cost": 136.33632320552002, "power_cost": 22.422766931152346, "noise_cost": 49.00035036557563, "n_waypoints_completed": 0, "tot_waypoints": 9}}
{"target": -3492.9576739944596, "params": {"k_pid_pos": [9.999999747378752e-05, 0.979184627532959, 0.06180867552757263], "k_pid_alt": [1.9848110675811768, 0.9819225072860718, 0.031701624393463135], "k_pid_att": [100.0, 9.999999747378752e-05, 0.0], "k_pid_yaw": [0.5, 1e-06, 0.1], "k_pid_hsp": [9.999999747378752e-05, 0.0, 0.02741539478302002], "k_pid_vsp": [0.08075237274169922, 369.9430847167969, 400.0]}, "datetime": {"datetime": "2025-08-20 20:58:46", "elapsed": 32780.583721637726, "delta": 22.733084440231323}, "costs": {"total_cost": 3492.9576739944596, "time_cost": 150, "final_distance_cost": 866.6703554980651, "oscillation_cost": 108.26195129933734, "completition_cost": 1000.0, "overshoot_cost": 1307.5187710886064, "power_cost": 36.10602850341797, "noise_cost": 24.400567605033338, "n_waypoints_completed": 0, "tot_waypoints": 9}}
{"target": -1397.3115774417333, "params": {"k_pid_pos": [9.999999747378752e-05, 1.0, 0.024849802255630493], "k_pid_alt": [1.9818780422210693, 1.0, 0.0771065354347229], "k_pid_att": [100.0, 0.24077250063419342, 0.0026549994945526123], "k_pid_yaw": [0.5, 1e-06, 0.1], "k_pid_hsp": [0.15783824026584625, 0.0, 0.05991294980049133], "k_pid_vsp": [0.0, 400.0, 374.8670654296875]}, "datetime": {"datetime": "2025-08-20 20:59:10", "elapsed": 32804.59518933296, "delta": 24.011467695236206}, "costs": {"total_cost": 1397.3115774417333, "time_cost": 150, "final_distance_cost": 58.49334327924377, "oscillation_cost": 155.64155730802378, "completition_cost": 888.8888888888888, "overshoot_cost": 100.41885409903858, "power_cost": 20.435817309570314, "noise_cost": 23.43311655696825, "n_waypoints_completed": 1, "tot_waypoints": 9}}
{"target": -1404.516782083886, "params": {"k_pid_pos": [9.999999747378752e-05, 0.9475732445716858, 0.0], "k_pid_alt": [1.9902422428131104, 0.97332763671875, 0.0], "k_pid_att": [93.54383850097656, 9.999999747378752e-05, 0.0], "k_pid_yaw": [0.5, 1e-06, 0.1], "k_pid_hsp": [9.999999747378752e-05, 0.03123551607131958, 0.017761707305908203], "k_pid_vsp": [0.0, 369.0278015136719, 400.0]}, "datetime": {"datetime": "2025-08-20 20:59:32", "elapsed": 32827.30322909355, "delta": 22.7080397605896}, "costs": {"total_cost": 1404.516782083886, "time_cost": 150, "final_distance_cost": 64.07467197476332, "oscillation_cost": 26.745683258926135, "completition_cost": 1000.0, "overshoot_cost": 97.5045817409268, "power_cost": 36.92389228515625, "noise_cost": 29.26795282411358, "n_waypoints_completed": 0, "tot_waypoints": 9}}
{"target": -1396.5625312894217, "params": {"k_pid_pos": [9.999999747378752e-05, 0.9885202050209045, 0.0], "k_pid_alt": [1.7636582851409912, 1.0, 0.007156193256378174], "k_pid_att": [98.98414611816406, 9.999999747378752e-05, 0.0], "k_pid_yaw": [0.5, 1e-06, 0.1], "k_pid_hsp": [0.27365604043006897, 0.019674867391586304, 0.0], "k_pid_vsp": [0.0, 400.0, 388.1551818847656]}, "datetime": {"datetime": "2025-08-20 20:59:55", "elapsed": 32849.877848386765, "delta": 22.57461929321289}, "costs": {"total_cost": 1396.5625312894217, "time_cost": 150, "final_distance_cost": 13.162273403473202, "oscillation_cost": 62.27652714921548, "completition_cost": 1000.0, "overshoot_cost": 140.22179664148968, "power_cost": 4.080725952148438, "noise_cost": 26.821208143094932, "n_waypoints_completed": 0, "tot_waypoints": 9}}
{"target": -1928.7196547317985, "params": {"k_pid_pos": [0.14932790398597717, 0.9903063774108887, 0.016762644052505493], "k_pid_alt": [2.0, 0.9200013279914856, 0.0], "k_pid_att": [100.0, 0.21413575112819672, 0.01698574423789978], "k_pid_yaw": [0.5, 1e-06, 0.1], "k_pid_hsp": [9.999999747378752e-05, 0.0, 0.0], "k_pid_vsp": [27.80349349975586, 373.3311767578125, 400.0]}, "datetime": {"datetime": "2025-08-20 21:00:20", "elapsed": 32874.763493299484, "delta": 24.885644912719727}, "costs": {"total_cost": 1928.7196547317985, "time_cost": 150, "final_distance_cost": 339.14124049626406, "oscillation_cost": 31.262841391962965, "completition_cost": 1000.0, "overshoot_cost": 383.49711364401946, "power_cost": 11.42280203857422, "noise_cost": 13.395657160977914, "n_waypoints_completed": 0, "tot_waypoints": 9}}
{"target": -1476.6104440393658, "params": {"k_pid_pos": [9.999999747378752e-05, 0.9253461360931396, 0.011309504508972168], "k_pid_alt": [1.8274266719818115, 1.0, 0.014783620834350586], "k_pid_att": [92.94781494140625, 9.999999747378752e-05, 0.0], "k_pid_yaw": [0.5, 1e-06, 0.1], "k_pid_hsp": [0.7508374452590942, 0.0, 0.0], "k_pid_vsp": [0.0, 376.3067321777344, 371.1031494140625]}, "datetime": {"datetime": "2025-08-20 21:00:46", "elapsed": 32900.88285446167, "delta": 26.11936116218567}, "costs": {"total_cost": 1476.6104440393658, "time_cost": 150, "final_distance_cost": 11.178806798807821, "oscillation_cost": 64.65643301508717, "completition_cost": 1000.0, "overshoot_cost": 139.3781447904864, "power_cost": 27.663492590332034, "noise_cost": 83.73356684465243, "n_waypoints_completed": 0, "tot_waypoints": 9}}
{"target": -2322.9714664392664, "params": {"k_pid_pos": [0.019841978326439857, 1.0, 0.0], "k_pid_alt": [1.9594581127166748, 1.0, 0.0], "k_pid_att": [100.0, 9.999999747378752e-05, 0.0681799054145813], "k_pid_yaw": [0.5, 1e-06, 0.1], "k_pid_hsp": [9.999999747378752e-05, 0.06485408544540405, 0.06939387321472168], "k_pid_vsp": [40.369869232177734, 400.0, 383.1546325683594]}, "datetime": {"datetime": "2025-08-20 21:01:10", "elapsed": 32925.13603115082, "delta": 24.25317668914795}, "costs": {"total_cost": 2322.9714664392664, "time_cost": 150, "final_distance_cost": 294.2486142922312, "oscillation_cost": 319.8206905580001, "completition_cost": 1000.0, "overshoot_cost": 520.4729528748073, "power_cost": 21.162124243164065, "noise_cost": 17.267084471063836, "n_waypoints_completed": 0, "tot_waypoints": 9}}
{"target": -1440.00971099296, "params": {"k_pid_pos": [9.999999747378752e-05, 0.9833670854568481, 0.030889123678207397], "k_pid_alt": [2.0, 1.0, 0.013887852430343628], "k_pid_att": [99.0824966430664, 9.999999747378752e-05, 0.005597710609436035], "k_pid_yaw": [0.5, 1e-06, 0.1], "k_pid_hsp": [9.999999747378752e-05, 0.042754948139190674, 0.005256563425064087], "k_pid_vsp": [0.0, 400.0, 399.22003173828125]}, "datetime": {"datetime": "2025-08-20 21:01:32", "elapsed": 32946.94911170006, "delta": 21.813080549240112}, "costs": {"total_cost": 1440.00971099296, "time_cost": 150, "final_distance_cost": 35.66916990784392, "oscillation_cost": 35.64831540946007, "completition_cost": 1000.0, "overshoot_cost": 153.99191318022153, "power_cost": 14.251168212890626, "noise_cost": 50.44914428254385, "n_waypoints_completed": 0, "tot_waypoints": 9}}
{"target": -1397.8426095259283, "params": {"k_pid_pos": [9.999999747378752e-05, 0.9975035190582275, 0.02328479290008545], "k_pid_alt": [2.0, 0.9993736743927002, 0.0], "k_pid_att": [100.0, 9.999999747378752e-05, 0.0], "k_pid_yaw": [0.5, 1e-06, 0.1], "k_pid_hsp": [0.25336146354675293, 0.0, 0.0], "k_pid_vsp": [11.186944961547852, 357.0512390136719, 400.0]}, "datetime": {"datetime": "2025-08-20 21:01:55", "elapsed": 32969.84282398224, "delta": 22.893712282180786}, "costs": {"total_cost": 1397.8426095259283, "time_cost": 150, "final_distance_cost": 4.752903826068309, "oscillation_cost": 60.802514230954365, "completition_cost": 1000.0, "overshoot_cost": 140.18913087440862, "power_cost": 7.313367700195313, "noise_cost": 34.78469289430148, "n_waypoints_completed": 0, "tot_waypoints": 9}}
{"target": -1478.4732825556569, "params": {"k_pid_pos": [0.12056759744882584, 1.0, 0.07244986295700073], "k_pid_alt": [2.0, 1.0, 0.0], "k_pid_att": [96.851806640625, 0.7772741913795471, 0.0], "k_pid_yaw": [0.5, 1e-06, 0.1], "k_pid_hsp": [0.17586250603199005, 0.0, 0.0], "k_pid_vsp": [5.475115776062012, 397.6341857910156, 391.5201110839844]}, "datetime": {"datetime": "2025-08-20 21:02:20", "elapsed": 32995.500207185745, "delta": 25.65738320350647}, "costs": {"total_cost": 1478.4732825556569, "time_cost": 150, "final_distance_cost": 16.05444598704452, "oscillation_cost": 56.27624580963399, "completition_cost": 1000.0, "overshoot_cost": 139.52210626523186, "power_cost": 29.191629431152347, "noise_cost": 87.428855062594, "n_waypoints_completed": 0, "tot_waypoints": 9}}
{"target": -1508.259739311396, "params": {"k_pid_pos": [9.999999747378752e-05, 0.8906853795051575, 0.09089693427085876], "k_pid_alt": [2.0, 1.0, 0.013939142227172852], "k_pid_att": [95.85938262939453, 9.999999747378752e-05, 0.0], "k_pid_yaw": [0.5, 1e-06, 0.1], "k_pid_hsp": [0.9367374181747437, 0.0, 0.07094460725784302], "k_pid_vsp": [4.490053653717041, 380.02374267578125, 363.2048645019531]}, "datetime": {"datetime": "2025-08-20 21:02:43", "elapsed": 33017.695224285126, "delta": 22.195017099380493}, "costs": {"total_cost": 1508.259739311396, "time_cost": 150, "final_distance_cost": 14.613305424021341, "oscillation_cost": 132.88753452767395, "completition_cost": 1000.0, "overshoot_cost": 135.37713871531332, "power_cost": 22.983017590332032, "noise_cost": 52.398743054055345, "n_waypoints_completed": 0, "tot_waypoints": 9}}
{"target": -1824.1449264261303, "params": {"k_pid_pos": [9.999999747378752e-05, 1.0, 0.0], "k_pid_alt": [1.910413146018982, 1.0, 0.0], "k_pid_att": [93.99994659423828, 0.397122859954834, 0.0], "k_pid_yaw": [0.5, 1e-06, 0.1], "k_pid_hsp": [9.999999747378752e-05, 0.013690739870071411, 0.0], "k_pid_vsp": [15.93029499053955, 400.0, 400.0]}, "datetime": {"datetime": "2025-08-20 21:03:07", "elapsed": 33041.87194490433, "delta": 24.17672061920166}, "costs": {"total_cost": 1824.1449264261303, "time_cost": 150, "final_distance_cost": 272.54789419759993, "oscillation_cost": 25.538558868985774, "completition_cost": 1000.0, "overshoot_cost": 310.3351383700147, "power_cost": 37.98928796386719, "noise_cost": 27.734047025662573, "n_waypoints_completed": 0, "tot_waypoints": 9}}
{"target": -3120.3790358818937, "params": {"k_pid_pos": [9.999999747378752e-05, 0.991812527179718, 0.08424857258796692], "k_pid_alt": [1.988556146621704, 1.0, 0.00929039716720581], "k_pid_att": [96.5147705078125, 9.999999747378752e-05, 0.0], "k_pid_yaw": [0.5, 1e-06, 0.1], "k_pid_hsp": [9.999999747378752e-05, 0.0, 0.07103943824768066], "k_pid_vsp": [0.0, 390.4398498535156, 400.0]}, "datetime": {"datetime": "2025-08-20 21:03:31", "elapsed": 33065.67197346687, "delta": 23.800028562545776}, "costs": {"total_cost": 3120.3790358818937, "time_cost": 150, "final_distance_cost": 596.9791656660842, "oscillation_cost": 323.12642290430574, "completition_cost": 1000.0, "overshoot_cost": 1010.4991348011696, "power_cost": 22.131163830566408, "noise_cost": 17.643148679767666, "n_waypoints_completed": 0, "tot_waypoints": 9}}
{"target": -4541.953777661857, "params": {"k_pid_pos": [9.999999747378752e-05, 0.9807234406471252, 0.11853110790252686], "k_pid_alt": [2.0, 1.0, 0.0], "k_pid_att": [94.21598052978516, 0.0010477043688297272, 0.0], "k_pid_yaw": [0.5, 1e-06, 0.1], "k_pid_hsp": [9.999999747378752e-05, 0.0, 0.03807014226913452], "k_pid_vsp": [0.0, 393.8302001953125, 368.7311096191406]}, "datetime": {"datetime": "2025-08-20 21:03:54", "elapsed": 33089.02848315239, "delta": 23.356509685516357}, "costs": {"total_cost": 4541.953777661857, "time_cost": 150, "final_distance_cost": 1223.141895059476, "oscillation_cost": 104.46487139544843, "completition_cost": 1000.0, "overshoot_cost": 2024.733185776852, "power_cost": 21.936313122558595, "noise_cost": 17.67751230752256, "n_waypoints_completed": 0, "tot_waypoints": 9}}
{"target": -1427.1432542861114, "params": {"k_pid_pos": [9.999999747378752e-05, 1.0, 0.03510141372680664], "k_pid_alt": [2.0, 1.0, 0.0], "k_pid_att": [97.8841781616211, 0.2141929715871811, 0.0], "k_pid_yaw": [0.5, 1e-06, 0.1], "k_pid_hsp": [0.03834553435444832, 0.0, 0.0023410022258758545], "k_pid_vsp": [2.3768067359924316, 400.0, 400.0]}, "datetime": {"datetime": "2025-08-20 21:04:16", "elapsed": 33110.92193198204, "delta": 21.89344882965088}, "costs": {"total_cost": 1427.1432542861114, "time_cost": 150, "final_distance_cost": 14.853578239900145, "oscillation_cost": 45.134866213620725, "completition_cost": 1000.0, "overshoot_cost": 140.0279297833389, "power_cost": 19.11250750732422, "noise_cost": 58.01437254192738, "n_waypoints_completed": 0, "tot_waypoints": 9}}
{"target": -1477.0342987361748, "params": {"k_pid_pos": [9.999999747378752e-05, 0.8749083876609802, 0.0], "k_pid_alt": [1.8980988264083862, 0.9604122042655945, 0.08781957626342773], "k_pid_att": [98.11019134521484, 0.039234232157468796, 0.023540347814559937], "k_pid_yaw": [0.5, 1e-06, 0.1], "k_pid_hsp": [0.6278722286224365, 0.11914145946502686, 0.047773659229278564], "k_pid_vsp": [0.0, 400.0, 372.9033508300781]}, "datetime": {"datetime": "2025-08-20 21:04:42", "elapsed": 33137.017478227615, "delta": 26.09554624557495}, "costs": {"total_cost": 1477.0342987361748, "time_cost": 150, "final_distance_cost": 18.955232080573182, "oscillation_cost": 103.56736008765358, "completition_cost": 1000.0, "overshoot_cost": 136.97568196611388, "power_cost": 19.111399938964844, "noise_cost": 48.42462466286936, "n_waypoints_completed": 0, "tot_waypoints": 9}}
