{"target": -1915.6683273042977, "params": {"k_pid_pos": [9.999999747378752e-05, 1.0, 0.06281992793083191], "k_pid_alt": [2.0, 0.9445774555206299, 0.04672995209693909], "k_pid_att": [100.0, 0.190360888838768, 0.030580878257751465], "k_pid_yaw": [0.5, 1e-06, 0.1], "k_pid_hsp": [9.999999747378752e-05, 0.0, 0.0], "k_pid_vsp": [0.0, 393.4666748046875, 377.764892578125]}, "datetime": {"datetime": "2025-08-21 00:56:42", "elapsed": 47057.21605229378, "delta": 23.451096296310425}, "costs": {"total_cost": 1915.6683273042977, "time_cost": 150, "final_distance_cost": 334.5857338394243, "oscillation_cost": 31.049999949780265, "completition_cost": 1000.0, "overshoot_cost": 374.6743693874367, "power_cost": 11.665408557128908, "noise_cost": 13.692815570527465, "n_waypoints_completed": 0, "tot_waypoints": 9}}
{"target": -1532.0019389779238, "params": {"k_pid_pos": [0.18139956891536713, 0.9976099729537964, 0.003147602081298828], "k_pid_alt": [2.0, 0.9807791113853455, 0.0], "k_pid_att": [100.0, 9.999999747378752e-05, 0.050492286682128906], "k_pid_yaw": [0.5, 1e-06, 0.1], "k_pid_hsp": [0.5356736779212952, 0.010240674018859863, 0.13786077499389648], "k_pid_vsp": [5.063748359680176, 400.0, 400.0]}, "datetime": {"datetime": "2025-08-21 00:57:07", "elapsed": 47081.90819978714, "delta": 24.692147493362427}, "costs": {"total_cost": 1532.0019389779238, "time_cost": 150, "final_distance_cost": 21.57626910843606, "oscillation_cost": 173.6024390202387, "completition_cost": 1000.0, "overshoot_cost": 131.90136437751605, "power_cost": 19.382397607421876, "noise_cost": 35.53946886431108, "n_waypoints_completed": 0, "tot_waypoints": 9}}
{"target": -1478.2208140600344, "params": {"k_pid_pos": [0.07786700129508972, 0.9816526174545288, 0.00269162654876709], "k_pid_alt": [1.9855730533599854, 1.0, 0.0], "k_pid_att": [95.34208679199219, 0.3052709102630615, 0.010122746229171753], "k_pid_yaw": [0.5, 1e-06, 0.1], "k_pid_hsp": [0.4340883791446686, 0.0, 0.023749560117721558], "k_pid_vsp": [3.4459710121154785, 384.4468994140625, 367.00433349609375]}, "datetime": {"datetime": "2025-08-21 00:57:29", "elapsed": 47103.89902091026, "delta": 21.99082112312317}, "costs": {"total_cost": 1478.2208140600344, "time_cost": 150, "final_distance_cost": 14.455187290672521, "oscillation_cost": 100.27056741236562, "completition_cost": 1000.0, "overshoot_cost": 139.81910483833394, "power_cost": 16.810665539550783, "noise_cost": 56.8652889791114, "n_waypoints_completed": 0, "tot_waypoints": 9}}
{"target": -2027.1218921083982, "params": {"k_pid_pos": [9.999999747378752e-05, 0.9563979506492615, 0.014554023742675781], "k_pid_alt": [2.0, 0.997050404548645, 0.0], "k_pid_att": [100.0, 9.999999747378752e-05, 0.04090777039527893], "k_pid_yaw": [0.5, 1e-06, 0.1], "k_pid_hsp": [9.999999747378752e-05, 0.0, 0.018860459327697754], "k_pid_vsp": [0.0, 395.46142578125, 400.0]}, "datetime": {"datetime": "2025-08-21 00:57:54", "elapsed": 47128.54825282097, "delta": 24.649231910705566}, "costs": {"total_cost": 2027.1218921083982, "time_cost": 150, "final_distance_cost": 379.1468456991607, "oscillation_cost": 22.906358271689406, "completition_cost": 1000.0, "overshoot_cost": 452.27632013726617, "power_cost": 10.853794372558594, "noise_cost": 11.938573627723358, "n_waypoints_completed": 0, "tot_waypoints": 9}}
{"target": -1936.152591750545, "params": {"k_pid_pos": [0.1894298791885376, 0.9163082838058472, 0.12247967720031738], "k_pid_alt": [2.0, 1.0, 0.025002777576446533], "k_pid_att": [96.99424743652344, 0.9619925022125244, 0.0], "k_pid_yaw": [0.5, 1e-06, 0.1], "k_pid_hsp": [9.999999747378752e-05, 0.0, 0.0], "k_pid_vsp": [25.04607391357422, 400.0, 400.0]}, "datetime": {"datetime": "2025-08-21 00:58:16", "elapsed": 47150.805804252625, "delta": 22.257551431655884}, "costs": {"total_cost": 1936.152591750545, "time_cost": 150, "final_distance_cost": 341.64085588687084, "oscillation_cost": 30.317652204588537, "completition_cost": 1000.0, "overshoot_cost": 389.37327742984667, "power_cost": 11.514646020507813, "noise_cost": 13.306160208731157, "n_waypoints_completed": 0, "tot_waypoints": 9}}
{"target": -1479.7919488825924, "params": {"k_pid_pos": [0.10224193334579468, 1.0, 0.0], "k_pid_alt": [2.0, 0.9590043425559998, 0.0], "k_pid_att": [95.54497528076172, 1.2232179641723633, 0.050996214151382446], "k_pid_yaw": [0.5, 1e-06, 0.1], "k_pid_hsp": [0.7634487748146057, 0.08757099509239197, 0.00635954737663269], "k_pid_vsp": [0.0, 387.2059326171875, 400.0]}, "datetime": {"datetime": "2025-08-21 00:58:41", "elapsed": 47176.04481077194, "delta": 25.239006519317627}, "costs": {"total_cost": 1479.7919488825924, "time_cost": 150, "final_distance_cost": 12.655751485916365, "oscillation_cost": 76.2684036497684, "completition_cost": 1000.0, "overshoot_cost": 140.63817495528548, "power_cost": 24.453265661621096, "noise_cost": 75.7763531300011, "n_waypoints_completed": 0, "tot_waypoints": 9}}
{"target": -4263.5031354843295, "params": {"k_pid_pos": [9.999999747378752e-05, 1.0, 0.0], "k_pid_alt": [1.8737136125564575, 0.9411964416503906, 0.035726577043533325], "k_pid_att": [94.141845703125, 9.999999747378752e-05, 0.09274044632911682], "k_pid_yaw": [0.5, 1e-06, 0.1], "k_pid_hsp": [9.999999747378752e-05, 0.017900913953781128, 0.047024041414260864], "k_pid_vsp": [0.0, 400.0, 382.7283020019531]}, "datetime": {"datetime": "2025-08-21 00:59:05", "elapsed": 47200.45728087425, "delta": 24.41247010231018}, "costs": {"total_cost": 4263.5031354843295, "time_cost": 150, "final_distance_cost": 1142.679891580067, "oscillation_cost": 124.41512754470372, "completition_cost": 1000.0, "overshoot_cost": 1806.0061040244095, "power_cost": 22.34168983154297, "noise_cost": 18.060322503606542, "n_waypoints_completed": 0, "tot_waypoints": 9}}
{"target": -2782.317576900005, "params": {"k_pid_pos": [9.999999747378752e-05, 0.9744653701782227, 0.0], "k_pid_alt": [1.927398681640625, 1.0, 0.0], "k_pid_att": [96.60944366455078, 0.3892172574996948, 0.0], "k_pid_yaw": [0.5, 1e-06, 0.1], "k_pid_hsp": [9.999999747378752e-05, 0.045691102743148804, 0.04076847434043884], "k_pid_vsp": [17.249488830566406, 382.6602783203125, 372.673095703125]}, "datetime": {"datetime": "2025-08-21 00:59:29", "elapsed": 47223.877256155014, "delta": 23.41997528076172}, "costs": {"total_cost": 2782.317576900005, "time_cost": 150, "final_distance_cost": 540.8310513427302, "oscillation_cost": 128.18884778752656, "completition_cost": 1000.0, "overshoot_cost": 924.3825968185884, "power_cost": 21.397946191406252, "noise_cost": 17.517134759753354, "n_waypoints_completed": 0, "tot_waypoints": 9}}
{"target": -1424.9050979910255, "params": {"k_pid_pos": [9.999999747378752e-05, 1.0, 0.0], "k_pid_alt": [2.0, 1.0, 0.0], "k_pid_att": [99.7149887084961, 9.999999747378752e-05, 0.0], "k_pid_yaw": [0.5, 1e-06, 0.1], "k_pid_hsp": [0.017809852957725525, 0.0, 0.0], "k_pid_vsp": [0.0, 390.622314453125, 400.0]}, "datetime": {"datetime": "2025-08-21 00:59:51", "elapsed": 47246.396275281906, "delta": 22.51901912689209}, "costs": {"total_cost": 1424.9050979910255, "time_cost": 150, "final_distance_cost": 97.95150017561039, "oscillation_cost": 29.053864908170734, "completition_cost": 1000.0, "overshoot_cost": 81.48088055776947, "power_cost": 37.72646513671875, "noise_cost": 28.692387212756056, "n_waypoints_completed": 0, "tot_waypoints": 9}}
{"target": -3548.9901744466347, "params": {"k_pid_pos": [9.999999747378752e-05, 0.9505177736282349, 0.0008674263954162598], "k_pid_alt": [2.0, 1.0, 0.01394614577293396], "k_pid_att": [100.0, 0.5135698318481445, 0.0], "k_pid_yaw": [0.5, 1e-06, 0.1], "k_pid_hsp": [9.999999747378752e-05, 0.0, 0.029320597648620605], "k_pid_vsp": [0.0, 400.0, 400.0]}, "datetime": {"datetime": "2025-08-21 01:00:16", "elapsed": 47270.53954124451, "delta": 24.143265962600708}, "costs": {"total_cost": 3548.9901744466347, "time_cost": 150, "final_distance_cost": 883.8512421819121, "oscillation_cost": 116.8174732021693, "completition_cost": 1000.0, "overshoot_cost": 1337.5589146780544, "power_cost": 36.13693176269531, "noise_cost": 24.62561262180383, "n_waypoints_completed": 0, "tot_waypoints": 9}}
{"target": -1476.3249068493253, "params": {"k_pid_pos": [9.999999747378752e-05, 1.0, 0.0496029257774353], "k_pid_alt": [2.0, 1.0, 0.0], "k_pid_att": [100.0, 0.1902512162923813, 0.0], "k_pid_yaw": [0.5, 1e-06, 0.1], "k_pid_hsp": [0.42618846893310547, 0.0, 0.0], "k_pid_vsp": [0.0, 400.0, 394.3583984375]}, "datetime": {"datetime": "2025-08-21 01:00:40", "elapsed": 47295.282319784164, "delta": 24.742778539657593}, "costs": {"total_cost": 1476.3249068493253, "time_cost": 150, "final_distance_cost": 15.398001048963897, "oscillation_cost": 61.87094785908705, "completition_cost": 1000.0, "overshoot_cost": 139.76378456874616, "power_cost": 27.024935107421875, "noise_cost": 82.26723826510623, "n_waypoints_completed": 0, "tot_waypoints": 9}}
{"target": -1850.7904737164072, "params": {"k_pid_pos": [0.16465167701244354, 0.9679132103919983, 0.014251291751861572], "k_pid_alt": [1.9935699701309204, 0.9308503866195679, 0.0], "k_pid_att": [97.92649841308594, 9.999999747378752e-05, 0.01731574535369873], "k_pid_yaw": [0.5, 1e-06, 0.1], "k_pid_hsp": [9.999999747378752e-05, 0.0, 0.011803954839706421], "k_pid_vsp": [9.889507293701172, 394.0360107421875, 360.84490966796875]}, "datetime": {"datetime": "2025-08-21 01:01:02", "elapsed": 47317.28783988953, "delta": 22.00552010536194}, "costs": {"total_cost": 1850.7904737164072, "time_cost": 150, "final_distance_cost": 336.0946406787302, "oscillation_cost": 29.256456214288175, "completition_cost": 888.8888888888888, "overshoot_cost": 381.9852506875567, "power_cost": 37.88092113037109, "noise_cost": 26.68431611657204, "n_waypoints_completed": 1, "tot_waypoints": 9}}
{"target": -1461.1807782145345, "params": {"k_pid_pos": [9.999999747378752e-05, 1.0, 0.04496997594833374], "k_pid_alt": [1.9266645908355713, 0.9970840215682983, 0.00955653190612793], "k_pid_att": [91.88667297363281, 0.10315688699483871, 0.0], "k_pid_yaw": [0.5, 1e-06, 0.1], "k_pid_hsp": [9.999999747378752e-05, 0.08550149202346802, 0.0], "k_pid_vsp": [0.0, 397.7466125488281, 400.0]}, "datetime": {"datetime": "2025-08-21 01:01:28", "elapsed": 47342.93630671501, "delta": 25.64846682548523}, "costs": {"total_cost": 1461.1807782145345, "time_cost": 150, "final_distance_cost": 11.707575088041445, "oscillation_cost": 48.117104223662466, "completition_cost": 1000.0, "overshoot_cost": 145.3902870201492, "power_cost": 26.0984087890625, "noise_cost": 79.86740309361893, "n_waypoints_completed": 0, "tot_waypoints": 9}}
{"target": -1455.6121705919431, "params": {"k_pid_pos": [9.999999747378752e-05, 0.9677065014839172, 0.05804029107093811], "k_pid_alt": [2.0, 1.0, 0.0], "k_pid_att": [98.04021453857422, 9.999999747378752e-05, 0.012305676937103271], "k_pid_yaw": [0.5, 1e-06, 0.1], "k_pid_hsp": [9.999999747378752e-05, 0.02681487798690796, 0.0], "k_pid_vsp": [0.0, 400.0, 400.0]}, "datetime": {"datetime": "2025-08-21 01:01:49", "elapsed": 47364.50555920601, "delta": 21.569252490997314}, "costs": {"total_cost": 1455.6121705919431, "time_cost": 150, "final_distance_cost": 93.42452680407837, "oscillation_cost": 27.225565195257104, "completition_cost": 1000.0, "overshoot_cost": 118.06169793869107, "power_cost": 37.87298089599609, "noise_cost": 29.027399757920456, "n_waypoints_completed": 0, "tot_waypoints": 9}}
{"target": -5022.5925731433845, "params": {"k_pid_pos": [9.999999747378752e-05, 1.0, 0.0], "k_pid_alt": [1.8296571969985962, 1.0, 0.0], "k_pid_att": [100.0, 9.999999747378752e-05, 0.02463454008102417], "k_pid_yaw": [0.5, 1e-06, 0.1], "k_pid_hsp": [9.999999747378752e-05, 0.0, 0.04601481556892395], "k_pid_vsp": [0.0, 396.67626953125, 400.0]}, "datetime": {"datetime": "2025-08-21 01:02:15", "elapsed": 47390.125880241394, "delta": 25.620321035385132}, "costs": {"total_cost": 5022.5925731433845, "time_cost": 150, "final_distance_cost": 1398.5413406380999, "oscillation_cost": 116.83480692140822, "completition_cost": 1000.0, "overshoot_cost": 2308.464311648962, "power_cost": 28.170400061035156, "noise_cost": 20.581713873879153, "n_waypoints_completed": 0, "tot_waypoints": 9}}
{"target": -1418.4988424539572, "params": {"k_pid_pos": [0.09072093665599823, 0.967314600944519, 0.0], "k_pid_alt": [2.0, 0.9730582237243652, 0.0], "k_pid_att": [97.4609146118164, 9.999999747378752e-05, 0.03899961709976196], "k_pid_yaw": [0.5, 1e-06, 0.1], "k_pid_hsp": [1.1398098468780518, 0.021358758211135864, 0.0], "k_pid_vsp": [0.0, 372.9708251953125, 400.0]}, "datetime": {"datetime": "2025-08-21 01:02:37", "elapsed": 47411.807301044464, "delta": 21.68142080307007}, "costs": {"total_cost": 1418.4988424539572, "time_cost": 150, "final_distance_cost": 11.921757158255973, "oscillation_cost": 68.50694731048421, "completition_cost": 1000.0, "overshoot_cost": 139.12676607293213, "power_cost": 9.402757800292969, "noise_cost": 39.5406141119917, "n_waypoints_completed": 0, "tot_waypoints": 9}}
{"target": -1485.7886817280967, "params": {"k_pid_pos": [0.030254865065217018, 0.9295279383659363, 0.0020816028118133545], "k_pid_alt": [2.0, 0.9728348255157471, 0.04195031523704529], "k_pid_att": [100.0, 0.41821345686912537, 0.010602414608001709], "k_pid_yaw": [0.5, 1e-06, 0.1], "k_pid_hsp": [0.5564257502555847, 0.00819939374923706, 0.013098567724227905], "k_pid_vsp": [0.0, 400.0, 400.0]}, "datetime": {"datetime": "2025-08-21 01:03:02", "elapsed": 47436.8477563858, "delta": 25.04045534133911}, "costs": {"total_cost": 1485.7886817280967, "time_cost": 150, "final_distance_cost": 10.179069866673412, "oscillation_cost": 84.8000594618647, "completition_cost": 1000.0, "overshoot_cost": 142.9895799210448, "power_cost": 23.617265332031252, "noise_cost": 74.20270714648242, "n_waypoints_completed": 0, "tot_waypoints": 9}}
{"target": -1480.0459497906133, "params": {"k_pid_pos": [9.999999747378752e-05, 0.9789837598800659, 0.0], "k_pid_alt": [1.8805478811264038, 0.9786410927772522, 0.0], "k_pid_att": [100.0, 0.6309188604354858, 0.0], "k_pid_yaw": [0.5, 1e-06, 0.1], "k_pid_hsp": [9.999999747378752e-05, 0.06249365210533142, 0.029503345489501953], "k_pid_vsp": [1.8014907836914062, 397.18017578125, 400.0]}, "datetime": {"datetime": "2025-08-21 01:03:25", "elapsed": 47459.8409576416, "delta": 22.99320125579834}, "costs": {"total_cost": 1480.0459497906133, "time_cost": 150, "final_distance_cost": 27.71295158797858, "oscillation_cost": 79.84369552348856, "completition_cost": 1000.0, "overshoot_cost": 145.7637335667439, "power_cost": 19.638197094726564, "noise_cost": 57.08737201767584, "n_waypoints_completed": 0, "tot_waypoints": 9}}
{"target": -1938.3112023225829, "params": {"k_pid_pos": [0.1269465833902359, 0.8788081407546997, 0.04283034801483154], "k_pid_alt": [2.0, 1.0, 0.0], "k_pid_att": [100.0, 0.03468882665038109, 0.035161495208740234], "k_pid_yaw": [0.5, 1e-06, 0.1], "k_pid_hsp": [9.999999747378752e-05, 0.0007263123989105225, 0.006172358989715576], "k_pid_vsp": [39.92432403564453, 400.0, 400.0]}, "datetime": {"datetime": "2025-08-21 01:03:48", "elapsed": 47483.36265659332, "delta": 23.52169895172119}, "costs": {"total_cost": 1938.3112023225829, "time_cost": 150, "final_distance_cost": 341.26239685228524, "oscillation_cost": 32.88947797962876, "completition_cost": 1000.0, "overshoot_cost": 390.915052561355, "power_cost": 11.035810021972656, "noise_cost": 12.208464907341298, "n_waypoints_completed": 0, "tot_waypoints": 9}}
{"target": -1483.595426520424, "params": {"k_pid_pos": [9.999999747378752e-05, 0.9741884469985962, 0.0], "k_pid_alt": [1.9505336284637451, 1.0, 0.0011727511882781982], "k_pid_att": [93.65401458740234, 0.08519551157951355, 0.0], "k_pid_yaw": [0.5, 1e-06, 0.1], "k_pid_hsp": [0.8179486393928528, 0.11223885416984558, 0.0], "k_pid_vsp": [4.544055461883545, 400.0, 391.1773681640625]}, "datetime": {"datetime": "2025-08-21 01:04:14", "elapsed": 47509.05243849754, "delta": 25.68978190422058}, "costs": {"total_cost": 1483.595426520424, "time_cost": 150, "final_distance_cost": 14.210567486564928, "oscillation_cost": 61.837177831298035, "completition_cost": 1000.0, "overshoot_cost": 139.86002568688778, "power_cost": 29.466289709472658, "noise_cost": 88.22136580620051, "n_waypoints_completed": 0, "tot_waypoints": 9}}
{"target": -1443.3824239167527, "params": {"k_pid_pos": [0.004127164836972952, 1.0, 0.0], "k_pid_alt": [1.9811733961105347, 1.0, 0.10910496115684509], "k_pid_att": [100.0, 9.999999747378752e-05, 0.0117054283618927], "k_pid_yaw": [0.5, 1e-06, 0.1], "k_pid_hsp": [9.999999747378752e-05, 0.09425130486488342, 0.0], "k_pid_vsp": [44.13733673095703, 400.0, 400.0]}, "datetime": {"datetime": "2025-08-21 01:04:36", "elapsed": 47531.307260513306, "delta": 22.25482201576233}, "costs": {"total_cost": 1443.3824239167527, "time_cost": 150, "final_distance_cost": 9.849155974391318, "oscillation_cost": 54.18808072966707, "completition_cost": 1000.0, "overshoot_cost": 145.13243489634166, "power_cost": 19.643030322265627, "noise_cost": 64.56972199408709, "n_waypoints_completed": 0, "tot_waypoints": 9}}
{"target": -2638.9042163377812, "params": {"k_pid_pos": [9.999999747378752e-05, 1.0, 0.0], "k_pid_alt": [1.9582769870758057, 1.0, 0.07318207621574402], "k_pid_att": [100.0, 0.7585576772689819, 0.0], "k_pid_yaw": [0.5, 1e-06, 0.1], "k_pid_hsp": [0.011995775625109673, 0.023278146982192993, 0.15242516994476318], "k_pid_vsp": [0.0, 393.5174865722656, 400.0]}, "datetime": {"datetime": "2025-08-21 01:05:02", "elapsed": 47557.1773686409, "delta": 25.870108127593994}, "costs": {"total_cost": 2638.9042163377812, "time_cost": 150, "final_distance_cost": 417.92827712663427, "oscillation_cost": 417.25510407386366, "completition_cost": 1000.0, "overshoot_cost": 617.6845333990962, "power_cost": 19.942057531738282, "noise_cost": 16.094244206449282, "n_waypoints_completed": 0, "tot_waypoints": 9}}
{"target": -2860.8280925979834, "params": {"k_pid_pos": [9.999999747378752e-05, 0.9928587675094604, 0.0], "k_pid_alt": [1.8679088354110718, 1.0, 0.006207793951034546], "k_pid_att": [96.28160095214844, 9.999999747378752e-05, 0.0], "k_pid_yaw": [0.5, 1e-06, 0.1], "k_pid_hsp": [9.999999747378752e-05, 0.0, 0.05932077765464783], "k_pid_vsp": [7.776808738708496, 400.0, 389.4320068359375]}, "datetime": {"datetime": "2025-08-21 01:05:25", "elapsed": 47579.57921624184, "delta": 22.40184760093689}, "costs": {"total_cost": 2860.8280925979834, "time_cost": 150, "final_distance_cost": 588.4056241129762, "oscillation_cost": 231.74187016261888, "completition_cost": 888.8888888888888, "overshoot_cost": 962.79777080322, "power_cost": 21.570130505371093, "noise_cost": 17.423808124908117, "n_waypoints_completed": 1, "tot_waypoints": 9}}
{"target": -1416.2988859870338, "params": {"k_pid_pos": [9.999999747378752e-05, 0.9623771905899048, 0.0], "k_pid_alt": [2.0, 0.938147246837616, 0.0], "k_pid_att": [100.0, 0.25891804695129395, 0.0], "k_pid_yaw": [0.5, 1e-06, 0.1], "k_pid_hsp": [0.408730149269104, 0.0, 0.0], "k_pid_vsp": [0.0, 400.0, 380.6058349609375]}, "datetime": {"datetime": "2025-08-21 01:05:48", "elapsed": 47602.9829788208, "delta": 23.403762578964233}, "costs": {"total_cost": 1416.2988859870338, "time_cost": 150, "final_distance_cost": 16.32144034186886, "oscillation_cost": 63.826760720307135, "completition_cost": 1000.0, "overshoot_cost": 139.84963603827515, "power_cost": 8.585428955078125, "noise_cost": 37.71561993150453, "n_waypoints_completed": 0, "tot_waypoints": 9}}
{"target": -1446.0649621603548, "params": {"k_pid_pos": [9.999999747378752e-05, 0.9823983907699585, 0.0], "k_pid_alt": [1.8556205034255981, 0.9948258399963379, 0.0], "k_pid_att": [97.11808013916016, 9.999999747378752e-05, 0.008711576461791992], "k_pid_yaw": [0.5, 1e-06, 0.1], "k_pid_hsp": [9.999999747378752e-05, 0.06889772415161133, 0.0], "k_pid_vsp": [9.073424339294434, 388.3103942871094, 400.0]}, "datetime": {"datetime": "2025-08-21 01:06:12", "elapsed": 47627.118397951126, "delta": 24.135419130325317}, "costs": {"total_cost": 1446.0649621603548, "time_cost": 150, "final_distance_cost": 9.569013856728622, "oscillation_cost": 40.96494840120447, "completition_cost": 1000.0, "overshoot_cost": 147.40603164073258, "power_cost": 23.807646655273437, "noise_cost": 74.3173216064155, "n_waypoints_completed": 0, "tot_waypoints": 9}}
{"target": -1929.3453550377922, "params": {"k_pid_pos": [0.047732699662446976, 1.0, 0.0], "k_pid_alt": [2.0, 1.0, 0.09471079707145691], "k_pid_att": [100.0, 9.999999747378752e-05, 0.03753352165222168], "k_pid_yaw": [0.5, 1e-06, 0.1], "k_pid_hsp": [9.999999747378752e-05, 0.0, 0.0], "k_pid_vsp": [50.19365692138672, 400.0, 388.549560546875]}, "datetime": {"datetime": "2025-08-21 01:06:34", "elapsed": 47648.642397880554, "delta": 21.5239999294281}, "costs": {"total_cost": 1929.3453550377922, "time_cost": 150, "final_distance_cost": 339.05026415051196, "oscillation_cost": 31.14237171846681, "completition_cost": 1000.0, "overshoot_cost": 384.15866295749714, "power_cost": 11.50596522216797, "noise_cost": 13.488090989148105, "n_waypoints_completed": 0, "tot_waypoints": 9}}
{"target": -1437.255048071823, "params": {"k_pid_pos": [0.07166610658168793, 0.9672503471374512, 0.0], "k_pid_alt": [2.0, 0.9571256637573242, 0.0], "k_pid_att": [96.47736358642578, 9.999999747378752e-05, 0.0], "k_pid_yaw": [0.5, 1e-06, 0.1], "k_pid_hsp": [0.6702259182929993, 0.0, 0.0], "k_pid_vsp": [0.0, 397.76617431640625, 400.0]}, "datetime": {"datetime": "2025-08-21 01:06:59", "elapsed": 47673.673872709274, "delta": 25.031474828720093}, "costs": {"total_cost": 1437.255048071823, "time_cost": 150, "final_distance_cost": 10.011026164008817, "oscillation_cost": 66.00862755208566, "completition_cost": 1000.0, "overshoot_cost": 139.34939730595408, "power_cost": 16.148695727539064, "noise_cost": 55.73730132223539, "n_waypoints_completed": 0, "tot_waypoints": 9}}
