{"target": -1889.745279890514, "params": {"k_pid_pos": [0.027224300429224968, 1.0, 0.0], "k_pid_alt": [2.0, 0.8882583379745483, 0.013729661703109741], "k_pid_att": [97.6072769165039, 9.999999747378752e-05, 0.05259975790977478], "k_pid_yaw": [0.5, 1e-06, 0.1], "k_pid_hsp": [9.999999747378752e-05, 0.0, 0.0], "k_pid_vsp": [7.1628570556640625, 400.0, 400.0]}, "datetime": {"datetime": "2025-08-20 12:52:01", "elapsed": 3575.812252521515, "delta": 21.836233139038086}, "costs": {"total_cost": 1889.745279890514, "time_cost": 150, "final_distance_cost": 325.6544821689775, "oscillation_cost": 30.338855355079797, "completition_cost": 1000.0, "overshoot_cost": 357.942941511521, "power_cost": 11.767351586914064, "noise_cost": 14.041649268021592, "n_waypoints_completed": 0, "tot_waypoints": 9}}
{"target": -1486.1465463654358, "params": {"k_pid_pos": [0.12582267820835114, 0.9904242753982544, 0.09147018194198608], "k_pid_alt": [2.0, 0.9909464120864868, 0.0], "k_pid_att": [91.93335723876953, 9.999999747378752e-05, 0.0], "k_pid_yaw": [0.5, 1e-06, 0.1], "k_pid_hsp": [0.8390052318572998, 0.03469109535217285, 0.050877273082733154], "k_pid_vsp": [5.09411096572876, 400.0, 386.4638671875]}, "datetime": {"datetime": "2025-08-20 12:52:22", "elapsed": 3597.232085943222, "delta": 21.419833421707153}, "costs": {"total_cost": 1486.1465463654358, "time_cost": 150, "final_distance_cost": 8.28882297603693, "oscillation_cost": 118.32659274278937, "completition_cost": 1000.0, "overshoot_cost": 135.42378905702395, "power_cost": 22.730364807128908, "noise_cost": 51.37697678245699, "n_waypoints_completed": 0, "tot_waypoints": 9}}
{"target": -4503.872715211839, "params": {"k_pid_pos": [9.999999747378752e-05, 0.9448566436767578, 0.0486830472946167], "k_pid_alt": [2.0, 0.9496073722839355, 0.0], "k_pid_att": [100.0, 0.4782475233078003, 0.0], "k_pid_yaw": [0.5, 1e-06, 0.1], "k_pid_hsp": [9.999999747378752e-05, 0.016795456409454346, 0.033591002225875854], "k_pid_vsp": [0.0, 400.0, 370.4419250488281]}, "datetime": {"datetime": "2025-08-20 12:52:44", "elapsed": 3619.389809846878, "delta": 22.157723903656006}, "costs": {"total_cost": 4503.872715211839, "time_cost": 150, "final_distance_cost": 1240.15115336605, "oscillation_cost": 63.885132926009994, "completition_cost": 1000.0, "overshoot_cost": 2009.8639909343733, "power_cost": 22.51499737548828, "noise_cost": 17.457440609917185, "n_waypoints_completed": 0, "tot_waypoints": 9}}
{"target": -1457.8589278749826, "params": {"k_pid_pos": [0.22992247343063354, 0.9818719625473022, 0.016853272914886475], "k_pid_alt": [2.0, 1.0, 0.01013040542602539], "k_pid_att": [96.82347106933594, 9.999999747378752e-05, 0.0], "k_pid_yaw": [0.5, 1e-06, 0.1], "k_pid_hsp": [0.3686961829662323, 0.0, 0.0], "k_pid_vsp": [3.6737442016601562, 400.0, 400.0]}, "datetime": {"datetime": "2025-08-20 12:53:06", "elapsed": 3641.0723793506622, "delta": 21.68256950378418}, "costs": {"total_cost": 1457.8589278749826, "time_cost": 150, "final_distance_cost": 11.875045778146035, "oscillation_cost": 63.60483549939789, "completition_cost": 1000.0, "overshoot_cost": 138.9828328257438, "power_cost": 22.40662830810547, "noise_cost": 70.98958546358956, "n_waypoints_completed": 0, "tot_waypoints": 9}}
{"target": -1420.4574916608099, "params": {"k_pid_pos": [9.999999747378752e-05, 1.0, 0.0], "k_pid_alt": [1.9420074224472046, 1.0, 0.0], "k_pid_att": [98.66712188720703, 9.999999747378752e-05, 0.0], "k_pid_yaw": [0.5, 1e-06, 0.1], "k_pid_hsp": [0.05680669844150543, 0.0, 0.0], "k_pid_vsp": [0.0, 393.0132751464844, 393.20819091796875]}, "datetime": {"datetime": "2025-08-20 12:53:27", "elapsed": 3662.4330949783325, "delta": 21.360715627670288}, "costs": {"total_cost": 1420.4574916608099, "time_cost": 150, "final_distance_cost": 14.545434076051862, "oscillation_cost": 46.29990754580535, "completition_cost": 1000.0, "overshoot_cost": 140.80443838949228, "power_cost": 15.444760705566408, "noise_cost": 53.36295094389391, "n_waypoints_completed": 0, "tot_waypoints": 9}}
{"target": -1476.430703759684, "params": {"k_pid_pos": [0.13986578583717346, 1.0, 0.0], "k_pid_alt": [2.0, 1.0, 0.0], "k_pid_att": [100.0, 0.6839148998260498, 0.03140941262245178], "k_pid_yaw": [0.5, 1e-06, 0.1], "k_pid_hsp": [9.999999747378752e-05, 0.04017046093940735, 0.0], "k_pid_vsp": [9.00585651397705, 400.0, 376.96453857421875]}, "datetime": {"datetime": "2025-08-20 12:53:49", "elapsed": 3684.0116646289825, "delta": 21.578569650650024}, "costs": {"total_cost": 1476.430703759684, "time_cost": 150, "final_distance_cost": 13.77507269848293, "oscillation_cost": 31.19243293903099, "completition_cost": 1000.0, "overshoot_cost": 155.36082084859802, "power_cost": 33.21133697509766, "noise_cost": 92.89104029847428, "n_waypoints_completed": 0, "tot_waypoints": 9}}
{"target": -2364.4183412664424, "params": {"k_pid_pos": [0.035656627267599106, 1.0, 0.022913485765457153], "k_pid_alt": [2.0, 0.9497052431106567, 0.02712586522102356], "k_pid_att": [99.78563690185547, 0.11026258766651154, 0.031893908977508545], "k_pid_yaw": [0.5, 1e-06, 0.1], "k_pid_hsp": [9.999999747378752e-05, 0.0, 0.08719629049301147], "k_pid_vsp": [30.429195404052734, 373.677734375, 400.0]}, "datetime": {"datetime": "2025-08-20 12:54:11", "elapsed": 3705.7201952934265, "delta": 21.70853066444397}, "costs": {"total_cost": 2364.4183412664424, "time_cost": 150, "final_distance_cost": 292.9012730837399, "oscillation_cost": 409.3711289185964, "completition_cost": 1000.0, "overshoot_cost": 473.2842397197137, "power_cost": 21.53892663574219, "noise_cost": 17.32277290865049, "n_waypoints_completed": 0, "tot_waypoints": 9}}
{"target": -4393.449502923907, "params": {"k_pid_pos": [9.999999747378752e-05, 1.0, 0.061382293701171875], "k_pid_alt": [2.0, 0.972190260887146, 0.02837863564491272], "k_pid_att": [99.02359008789062, 0.47047874331474304, 0.02485993504524231], "k_pid_yaw": [0.5, 1e-06, 0.1], "k_pid_hsp": [9.999999747378752e-05, 0.030936449766159058, 0.04076272249221802], "k_pid_vsp": [0.0, 376.0724182128906, 400.0]}, "datetime": {"datetime": "2025-08-20 12:54:32", "elapsed": 3727.2833411693573, "delta": 21.563145875930786}, "costs": {"total_cost": 4393.449502923907, "time_cost": 150, "final_distance_cost": 1178.0815539539292, "oscillation_cost": 130.39704062123326, "completition_cost": 1000.0, "overshoot_cost": 1894.3020715534979, "power_cost": 22.778039221191406, "noise_cost": 17.89079757405446, "n_waypoints_completed": 0, "tot_waypoints": 9}}
{"target": -4481.13985422413, "params": {"k_pid_pos": [9.999999747378752e-05, 1.0, 0.0], "k_pid_alt": [2.0, 1.0, 0.023749202489852905], "k_pid_att": [95.68640899658203, 9.999999747378752e-05, 0.11749696731567383], "k_pid_yaw": [0.5, 1e-06, 0.1], "k_pid_hsp": [9.999999747378752e-05, 0.0, 0.04080602526664734], "k_pid_vsp": [0.0, 400.0, 383.2342529296875]}, "datetime": {"datetime": "2025-08-20 12:54:54", "elapsed": 3748.9817385673523, "delta": 21.698397397994995}, "costs": {"total_cost": 4481.13985422413, "time_cost": 150, "final_distance_cost": 1215.5547773566568, "oscillation_cost": 109.49170053876894, "completition_cost": 1000.0, "overshoot_cost": 1958.0636403137914, "power_cost": 27.97682478027344, "noise_cost": 20.052911234640167, "n_waypoints_completed": 0, "tot_waypoints": 9}}
{"target": -1454.3313086294327, "params": {"k_pid_pos": [9.999999747378752e-05, 1.0, 0.008983224630355835], "k_pid_alt": [2.0, 0.9469285011291504, 0.013325631618499756], "k_pid_att": [100.0, 0.016566213220357895, 0.017462581396102905], "k_pid_yaw": [0.5, 1e-06, 0.1], "k_pid_hsp": [9.999999747378752e-05, 0.04238012433052063, 0.0245092511177063], "k_pid_vsp": [28.251218795776367, 400.0, 400.0]}, "datetime": {"datetime": "2025-08-20 12:55:16", "elapsed": 3770.859322309494, "delta": 21.877583742141724}, "costs": {"total_cost": 1454.3313086294327, "time_cost": 150, "final_distance_cost": 72.61039488866194, "oscillation_cost": 105.56105827956247, "completition_cost": 1000.0, "overshoot_cost": 87.66304044577755, "power_cost": 19.46522625732422, "noise_cost": 19.031588758106473, "n_waypoints_completed": 0, "tot_waypoints": 9}}
{"target": -1931.6149805985242, "params": {"k_pid_pos": [0.14583370089530945, 0.8916220664978027, 0.0], "k_pid_alt": [2.0, 1.0, 0.009996563196182251], "k_pid_att": [97.06796264648438, 9.999999747378752e-05, 0.01337665319442749], "k_pid_yaw": [0.5, 1e-06, 0.1], "k_pid_hsp": [9.999999747378752e-05, 0.0, 0.0], "k_pid_vsp": [0.0, 400.0, 400.0]}, "datetime": {"datetime": "2025-08-20 12:55:38", "elapsed": 3792.7064306735992, "delta": 21.847108364105225}, "costs": {"total_cost": 1931.6149805985242, "time_cost": 150, "final_distance_cost": 339.84163933182685, "oscillation_cost": 30.39807240142659, "completition_cost": 1000.0, "overshoot_cost": 386.0203411767517, "power_cost": 11.608291442871094, "noise_cost": 13.746636245648045, "n_waypoints_completed": 0, "tot_waypoints": 9}}
{"target": -1518.6683840711914, "params": {"k_pid_pos": [9.999999747378752e-05, 1.0, 0.01058429479598999], "k_pid_alt": [2.0, 0.9274733066558838, 0.02660733461380005], "k_pid_att": [98.56473541259766, 9.999999747378752e-05, 0.0], "k_pid_yaw": [0.5, 1e-06, 0.1], "k_pid_hsp": [1.417173147201538, 0.0, 0.1455453634262085], "k_pid_vsp": [0.0, 400.0, 382.0736389160156]}, "datetime": {"datetime": "2025-08-20 12:56:00", "elapsed": 3814.586368083954, "delta": 21.879937410354614}, "costs": {"total_cost": 1518.6683840711914, "time_cost": 150, "final_distance_cost": 16.810291245832936, "oscillation_cost": 156.36452913179906, "completition_cost": 1000.0, "overshoot_cost": 134.92552754484018, "power_cost": 19.64832136230469, "noise_cost": 40.91971478641467, "n_waypoints_completed": 0, "tot_waypoints": 9}}
{"target": -1485.4101512395791, "params": {"k_pid_pos": [9.999999747378752e-05, 1.0, 0.039467573165893555], "k_pid_alt": [2.0, 0.9620646238327026, 0.0], "k_pid_att": [99.8073501586914, 0.13818559050559998, 0.0058113932609558105], "k_pid_yaw": [0.5, 1e-06, 0.1], "k_pid_hsp": [9.999999747378752e-05, 0.024001777172088623, 0.0], "k_pid_vsp": [9.06832218170166, 396.9671325683594, 385.9734802246094]}, "datetime": {"datetime": "2025-08-20 12:56:21", "elapsed": 3836.371782064438, "delta": 21.78541398048401}, "costs": {"total_cost": 1485.4101512395791, "time_cost": 150, "final_distance_cost": 132.20632426182624, "oscillation_cost": 31.687082290920635, "completition_cost": 1000.0, "overshoot_cost": 139.85598392490792, "power_cost": 15.522443005371095, "noise_cost": 16.13831775655327, "n_waypoints_completed": 0, "tot_waypoints": 9}}
{"target": -1972.3450815191754, "params": {"k_pid_pos": [9.999999747378752e-05, 0.9774046540260315, 0.0015397965908050537], "k_pid_alt": [2.0, 0.9560726881027222, 0.0], "k_pid_att": [99.07718658447266, 9.999999747378752e-05, 0.0], "k_pid_yaw": [0.5, 1e-06, 0.1], "k_pid_hsp": [9.999999747378752e-05, 0.0, 0.0], "k_pid_vsp": [3.6375999450683594, 400.0, 400.0]}, "datetime": {"datetime": "2025-08-20 12:56:43", "elapsed": 3858.037577867508, "delta": 21.66579580307007}, "costs": {"total_cost": 1972.3450815191754, "time_cost": 150, "final_distance_cost": 342.12419916644774, "oscillation_cost": 25.28471811175816, "completition_cost": 1000.0, "overshoot_cost": 389.44739531364473, "power_cost": 37.87652381591797, "noise_cost": 27.61224511140655, "n_waypoints_completed": 0, "tot_waypoints": 9}}
{"target": -1923.2907977172365, "params": {"k_pid_pos": [9.999999747378752e-05, 0.9270831942558289, 0.009026318788528442], "k_pid_alt": [2.0, 0.9159703254699707, 0.0], "k_pid_att": [100.0, 0.15882974863052368, 0.0], "k_pid_yaw": [0.5, 1e-06, 0.1], "k_pid_hsp": [9.999999747378752e-05, 0.0, 0.0], "k_pid_vsp": [0.0, 379.7518615722656, 400.0]}, "datetime": {"datetime": "2025-08-20 12:57:05", "elapsed": 3880.3345115184784, "delta": 22.29693365097046}, "costs": {"total_cost": 1923.2907977172365, "time_cost": 150, "final_distance_cost": 337.6495311329876, "oscillation_cost": 31.22062828378097, "completition_cost": 1000.0, "overshoot_cost": 379.88482857862977, "power_cost": 11.348885009765626, "noise_cost": 13.186924712072356, "n_waypoints_completed": 0, "tot_waypoints": 9}}
{"target": -1380.1743263575697, "params": {"k_pid_pos": [9.999999747378752e-05, 1.0, 0.0], "k_pid_alt": [1.9685629606246948, 0.9939867258071899, 0.0], "k_pid_att": [100.0, 9.999999747378752e-05, 0.10655802488327026], "k_pid_yaw": [0.5, 1e-06, 0.1], "k_pid_hsp": [0.13873574137687683, 0.04531991481781006, 0.08344125747680664], "k_pid_vsp": [36.165225982666016, 374.62152099609375, 400.0]}, "datetime": {"datetime": "2025-08-20 12:57:27", "elapsed": 3901.8966059684753, "delta": 21.56209444999695}, "costs": {"total_cost": 1380.1743263575697, "time_cost": 150, "final_distance_cost": 50.53805903322382, "oscillation_cost": 146.92219326488637, "completition_cost": 888.8888888888888, "overshoot_cost": 97.79417485150536, "power_cost": 18.355656286621095, "noise_cost": 27.675354032444258, "n_waypoints_completed": 1, "tot_waypoints": 9}}
{"target": -1409.6715321158845, "params": {"k_pid_pos": [9.999999747378752e-05, 0.9825600385665894, 0.0], "k_pid_alt": [1.9621551036834717, 1.0, 0.0], "k_pid_att": [95.70425415039062, 0.6965548396110535, 0.0], "k_pid_yaw": [0.5, 1e-06, 0.1], "k_pid_hsp": [0.6428050994873047, 0.0, 0.0], "k_pid_vsp": [0.0, 400.0, 400.0]}, "datetime": {"datetime": "2025-08-20 12:57:48", "elapsed": 3923.505375623703, "delta": 21.60876965522766}, "costs": {"total_cost": 1409.6715321158845, "time_cost": 150, "final_distance_cost": 16.265914209499506, "oscillation_cost": 66.28611652782335, "completition_cost": 1000.0, "overshoot_cost": 139.7837618128975, "power_cost": 6.011922497558594, "noise_cost": 31.323817068105683, "n_waypoints_completed": 0, "tot_waypoints": 9}}
{"target": -1527.958215329808, "params": {"k_pid_pos": [9.999999747378752e-05, 0.9863263368606567, 0.0], "k_pid_alt": [2.0, 0.9953302145004272, 0.03600376844406128], "k_pid_att": [97.24565887451172, 9.999999747378752e-05, 0.0], "k_pid_yaw": [0.5, 1e-06, 0.1], "k_pid_hsp": [0.14406195282936096, 0.07863262295722961, 0.10622751712799072], "k_pid_vsp": [0.0, 400.0, 365.04449462890625]}, "datetime": {"datetime": "2025-08-20 12:58:10", "elapsed": 3945.303386926651, "delta": 21.798011302947998}, "costs": {"total_cost": 1527.958215329808, "time_cost": 150, "final_distance_cost": 49.860156133635044, "oscillation_cost": 191.5324628695556, "completition_cost": 1000.0, "overshoot_cost": 87.29012099930516, "power_cost": 27.057650012207034, "noise_cost": 22.21782531510496, "n_waypoints_completed": 0, "tot_waypoints": 9}}
{"target": -1474.8676766327083, "params": {"k_pid_pos": [9.999999747378752e-05, 0.9664007425308228, 0.0], "k_pid_alt": [2.0, 1.0, 0.006530255079269409], "k_pid_att": [93.28294372558594, 9.999999747378752e-05, 0.0], "k_pid_yaw": [0.5, 1e-06, 0.1], "k_pid_hsp": [0.1183803603053093, 0.052382469177246094, 0.006098568439483643], "k_pid_vsp": [0.0, 400.0, 400.0]}, "datetime": {"datetime": "2025-08-20 12:58:32", "elapsed": 3967.3037555217743, "delta": 22.00036859512329}, "costs": {"total_cost": 1474.8676766327083, "time_cost": 150, "final_distance_cost": 17.889802603325112, "oscillation_cost": 74.04357378310517, "completition_cost": 1000.0, "overshoot_cost": 146.02327877060853, "power_cost": 20.535014892578126, "noise_cost": 66.37600658309131, "n_waypoints_completed": 0, "tot_waypoints": 9}}
{"target": -1521.9657498894294, "params": {"k_pid_pos": [0.003445918206125498, 0.9981715083122253, 0.0], "k_pid_alt": [1.9539704322814941, 0.9489759206771851, 0.0443652868270874], "k_pid_att": [100.0, 0.10236147791147232, 0.0], "k_pid_yaw": [0.5, 1e-06, 0.1], "k_pid_hsp": [0.34681078791618347, 0.02919924259185791, 0.08223578333854675], "k_pid_vsp": [19.665050506591797, 400.0, 386.27923583984375]}, "datetime": {"datetime": "2025-08-20 12:58:54", "elapsed": 3988.9619743824005, "delta": 21.65821886062622}, "costs": {"total_cost": 1521.9657498894294, "time_cost": 150, "final_distance_cost": 21.43400114816477, "oscillation_cost": 166.32298174884735, "completition_cost": 1000.0, "overshoot_cost": 125.54768378117186, "power_cost": 25.609832263183595, "noise_cost": 33.05125094806184, "n_waypoints_completed": 0, "tot_waypoints": 9}}
{"target": -1952.0606865364894, "params": {"k_pid_pos": [9.999999747378752e-05, 1.0, 0.004370659589767456], "k_pid_alt": [2.0, 1.0, 0.03275683522224426], "k_pid_att": [97.84727478027344, 0.2783302068710327, 0.003490656614303589], "k_pid_yaw": [0.5, 1e-06, 0.1], "k_pid_hsp": [9.999999747378752e-05, 0.0, 0.0], "k_pid_vsp": [46.28633117675781, 392.2177429199219, 400.0]}, "datetime": {"datetime": "2025-08-20 12:59:17", "elapsed": 4011.8688383102417, "delta": 22.906863927841187}, "costs": {"total_cost": 1952.0606865364894, "time_cost": 150, "final_distance_cost": 335.15601336219817, "oscillation_cost": 24.910867912006893, "completition_cost": 1000.0, "overshoot_cost": 375.75774580362474, "power_cost": 37.92097927246094, "noise_cost": 28.315080186198415, "n_waypoints_completed": 0, "tot_waypoints": 9}}
{"target": -1473.3140976309435, "params": {"k_pid_pos": [0.16096030175685883, 0.9534556269645691, 0.02449321746826172], "k_pid_alt": [1.9895603656768799, 1.0, 0.003799527883529663], "k_pid_att": [95.60332489013672, 0.6069175004959106, 0.0], "k_pid_yaw": [0.5, 1e-06, 0.1], "k_pid_hsp": [0.5175617933273315, 0.12221032381057739, 0.0], "k_pid_vsp": [35.38330841064453, 391.8080749511719, 400.0]}, "datetime": {"datetime": "2025-08-20 12:59:38", "elapsed": 4033.366392850876, "delta": 21.497554540634155}, "costs": {"total_cost": 1473.3140976309435, "time_cost": 150, "final_distance_cost": 12.594067502629052, "oscillation_cost": 65.72624343273696, "completition_cost": 1000.0, "overshoot_cost": 139.1145911000584, "power_cost": 26.06380270996094, "noise_cost": 79.81539288555817, "n_waypoints_completed": 0, "tot_waypoints": 9}}
{"target": -2842.9781693110685, "params": {"k_pid_pos": [9.999999747378752e-05, 1.0, 0.1310306191444397], "k_pid_alt": [1.965257167816162, 1.0, 0.0], "k_pid_att": [97.73875427246094, 0.4644179046154022, 0.08457773923873901], "k_pid_yaw": [0.5, 1e-06, 0.1], "k_pid_hsp": [9.999999747378752e-05, 0.06576472520828247, 0.0805162787437439], "k_pid_vsp": [6.422829627990723, 400.0, 400.0]}, "datetime": {"datetime": "2025-08-20 13:00:00", "elapsed": 4055.0108387470245, "delta": 21.64444589614868}, "costs": {"total_cost": 2842.9781693110685, "time_cost": 150, "final_distance_cost": 487.519260215776, "oscillation_cost": 329.5531774586235, "completition_cost": 1000.0, "overshoot_cost": 837.0801222607552, "power_cost": 21.497171044921878, "noise_cost": 17.32843833099189, "n_waypoints_completed": 0, "tot_waypoints": 9}}
{"target": -1530.217446383252, "params": {"k_pid_pos": [9.999999747378752e-05, 0.9633026123046875, 0.022958815097808838], "k_pid_alt": [1.924400806427002, 0.9842058420181274, 0.0], "k_pid_att": [99.4384536743164, 9.999999747378752e-05, 0.0], "k_pid_yaw": [0.5, 1e-06, 0.1], "k_pid_hsp": [0.3665274977684021, 0.10512000322341919, 0.09469950199127197], "k_pid_vsp": [17.031024932861328, 400.0, 400.0]}, "datetime": {"datetime": "2025-08-20 13:00:22", "elapsed": 4076.702354669571, "delta": 21.691515922546387}, "costs": {"total_cost": 1530.217446383252, "time_cost": 150, "final_distance_cost": 23.630880871714265, "oscillation_cost": 159.74158822245894, "completition_cost": 1000.0, "overshoot_cost": 134.6613697714272, "power_cost": 22.35170457763672, "noise_cost": 39.83190294001512, "n_waypoints_completed": 0, "tot_waypoints": 9}}
{"target": -1503.4507262085415, "params": {"k_pid_pos": [0.04207244887948036, 1.0, 0.0], "k_pid_alt": [2.0, 1.0, 0.14320090413093567], "k_pid_att": [99.6805648803711, 9.999999747378752e-05, 0.01661166548728943], "k_pid_yaw": [0.5, 1e-06, 0.1], "k_pid_hsp": [0.5548757314682007, 0.045619577169418335, 0.035009533166885376], "k_pid_vsp": [0.0, 400.0, 381.9449462890625]}, "datetime": {"datetime": "2025-08-20 13:00:43", "elapsed": 4098.129801273346, "delta": 21.427446603775024}, "costs": {"total_cost": 1503.4507262085415, "time_cost": 150, "final_distance_cost": 18.21544282780601, "oscillation_cost": 91.97583276538221, "completition_cost": 1000.0, "overshoot_cost": 139.06796646315564, "power_cost": 29.04679686279297, "noise_cost": 75.1446872894045, "n_waypoints_completed": 0, "tot_waypoints": 9}}
{"target": -1457.896000928493, "params": {"k_pid_pos": [0.11826840788125992, 1.0, 0.022753536701202393], "k_pid_alt": [1.7462692260742188, 0.9752554893493652, 0.05309376120567322], "k_pid_att": [100.0, 0.8606262803077698, 0.058431148529052734], "k_pid_yaw": [0.5, 1e-06, 0.1], "k_pid_hsp": [0.20188651978969574, 0.041883617639541626, 0.015965372323989868], "k_pid_vsp": [0.0, 388.7239074707031, 400.0]}, "datetime": {"datetime": "2025-08-20 13:01:05", "elapsed": 4119.861502170563, "delta": 21.731700897216797}, "costs": {"total_cost": 1457.896000928493, "time_cost": 150, "final_distance_cost": 9.15761301565475, "oscillation_cost": 75.83735909957865, "completition_cost": 1000.0, "overshoot_cost": 140.8796331233325, "power_cost": 19.093203442382812, "noise_cost": 62.928192247544196, "n_waypoints_completed": 0, "tot_waypoints": 9}}
{"target": -1402.6951917239683, "params": {"k_pid_pos": [0.08299531042575836, 0.9663529396057129, 0.0], "k_pid_alt": [1.9421217441558838, 0.9938205480575562, 0.033614903688430786], "k_pid_att": [98.2511978149414, 0.5644540786743164, 0.030587613582611084], "k_pid_yaw": [0.5, 1e-06, 0.1], "k_pid_hsp": [9.999999747378752e-05, 0.03887808322906494, 0.0], "k_pid_vsp": [0.0, 400.0, 400.0]}, "datetime": {"datetime": "2025-08-20 13:01:26", "elapsed": 4141.178556442261, "delta": 21.317054271697998}, "costs": {"total_cost": 1402.6951917239683, "time_cost": 150, "final_distance_cost": 17.65318774436609, "oscillation_cost": 34.34296543998648, "completition_cost": 1000.0, "overshoot_cost": 156.4837899977249, "power_cost": 8.600222326660157, "noise_cost": 35.61502621523081, "n_waypoints_completed": 0, "tot_waypoints": 9}}
