{"target": -1395.0621835311715, "params": {"k_pid_pos": [0.10532471537590027, 0.9486958384513855, 0.007961571216583252], "k_pid_alt": [2.0, 0.9713952541351318, 0.02404901385307312], "k_pid_att": [94.28382873535156, 9.999999747378752e-05, 0.04554358124732971], "k_pid_yaw": [0.5, 1e-06, 0.1], "k_pid_hsp": [0.10388823598623276, 0.0, 0.0], "k_pid_vsp": [0.0, 400.0, 400.0]}, "datetime": {"datetime": "2025-08-20 13:46:17", "elapsed": 6831.843185424805, "delta": 25.98021101951599}, "costs": {"total_cost": 1395.0621835311715, "time_cost": 150, "final_distance_cost": 15.542194744254923, "oscillation_cost": 53.800834461845184, "completition_cost": 1000.0, "overshoot_cost": 139.95268649276053, "power_cost": 5.576845471191406, "noise_cost": 30.189622361119493, "n_waypoints_completed": 0, "tot_waypoints": 9}}
{"target": -1932.3650720529317, "params": {"k_pid_pos": [9.999999747378752e-05, 0.922187089920044, 0.0], "k_pid_alt": [2.0, 0.9550434947013855, 0.0], "k_pid_att": [100.0, 0.033391546458005905, 0.0], "k_pid_yaw": [0.5, 1e-06, 0.1], "k_pid_hsp": [9.999999747378752e-05, 0.0, 0.0], "k_pid_vsp": [0.0, 400.0, 400.0]}, "datetime": {"datetime": "2025-08-20 13:46:43", "elapsed": 6857.882783174515, "delta": 26.039597749710083}, "costs": {"total_cost": 1932.3650720529317, "time_cost": 150, "final_distance_cost": 340.33720103865045, "oscillation_cost": 31.216270032664845, "completition_cost": 1000.0, "overshoot_cost": 385.5655160526984, "power_cost": 11.523469738769531, "noise_cost": 13.72261519014854, "n_waypoints_completed": 0, "tot_waypoints": 9}}
{"target": -1986.6569453500315, "params": {"k_pid_pos": [0.171406090259552, 0.9363932609558105, 0.007500380277633667], "k_pid_alt": [2.0, 0.9731876850128174, 0.01686406135559082], "k_pid_att": [98.3377456665039, 0.184995636343956, 0.02116084098815918], "k_pid_yaw": [0.5, 1e-06, 0.1], "k_pid_hsp": [9.999999747378752e-05, 0.0, 0.001120239496231079], "k_pid_vsp": [0.0, 400.0, 395.90692138671875]}, "datetime": {"datetime": "2025-08-20 13:47:10", "elapsed": 6884.616823911667, "delta": 26.7340407371521}, "costs": {"total_cost": 1986.6569453500315, "time_cost": 150, "final_distance_cost": 346.9524525454195, "oscillation_cost": 25.46098756299444, "completition_cost": 1000.0, "overshoot_cost": 399.39341795423826, "power_cost": 37.98062547607422, "noise_cost": 26.86946181130525, "n_waypoints_completed": 0, "tot_waypoints": 9}}
{"target": -1490.6660959882422, "params": {"k_pid_pos": [0.04347827285528183, 1.0, 0.0], "k_pid_alt": [2.0, 0.9888699054718018, 0.103766530752182], "k_pid_att": [93.75406646728516, 9.999999747378752e-05, 0.006615549325942993], "k_pid_yaw": [0.5, 1e-06, 0.1], "k_pid_hsp": [0.22748616337776184, 0.0, 0.0], "k_pid_vsp": [0.36127567291259766, 391.4667663574219, 399.63226318359375]}, "datetime": {"datetime": "2025-08-20 13:47:34", "elapsed": 6909.201843500137, "delta": 24.58501958847046}, "costs": {"total_cost": 1490.6660959882422, "time_cost": 150, "final_distance_cost": 9.464123382199274, "oscillation_cost": 55.21131077237231, "completition_cost": 1000.0, "overshoot_cost": 140.16018156627365, "power_cost": 34.78990194091797, "noise_cost": 101.04057832647884, "n_waypoints_completed": 0, "tot_waypoints": 9}}
{"target": -1471.3749244868973, "params": {"k_pid_pos": [0.0986592173576355, 0.9544866681098938, 0.0], "k_pid_alt": [2.0, 0.9226722717285156, 0.0], "k_pid_att": [99.19168090820312, 9.999999747378752e-05, 0.0], "k_pid_yaw": [0.5, 1e-06, 0.1], "k_pid_hsp": [0.9059244990348816, 0.0, 0.0049589574337005615], "k_pid_vsp": [0.2685427665710449, 392.2210998535156, 373.8260192871094]}, "datetime": {"datetime": "2025-08-20 13:47:59", "elapsed": 6933.986330986023, "delta": 24.78448748588562}, "costs": {"total_cost": 1471.3749244868973, "time_cost": 150, "final_distance_cost": 12.111050892829295, "oscillation_cost": 74.4115530925462, "completition_cost": 1000.0, "overshoot_cost": 139.08109591624046, "power_cost": 23.07660701904297, "noise_cost": 72.6946175662383, "n_waypoints_completed": 0, "tot_waypoints": 9}}
{"target": -1473.207907195129, "params": {"k_pid_pos": [9.999999747378752e-05, 0.9660494923591614, 0.018117398023605347], "k_pid_alt": [2.0, 0.8978123664855957, 0.0], "k_pid_att": [95.84722900390625, 0.8804300427436829, 0.0], "k_pid_yaw": [0.5, 1e-06, 0.1], "k_pid_hsp": [0.12127711623907089, 0.05574849247932434, 0.028612464666366577], "k_pid_vsp": [0.0, 397.0638427734375, 400.0]}, "datetime": {"datetime": "2025-08-20 13:48:23", "elapsed": 6957.796735525131, "delta": 23.810404539108276}, "costs": {"total_cost": 1473.207907195129, "time_cost": 150, "final_distance_cost": 20.115917447395038, "oscillation_cost": 74.45839919203492, "completition_cost": 1000.0, "overshoot_cost": 141.49040159806216, "power_cost": 21.638035009765627, "noise_cost": 65.50515394787125, "n_waypoints_completed": 0, "tot_waypoints": 9}}
{"target": -3045.4797608382096, "params": {"k_pid_pos": [0.028829075396060944, 1.0, 0.0], "k_pid_alt": [2.0, 1.0, 0.0], "k_pid_att": [98.64680480957031, 0.42935940623283386, 0.0008931159973144531], "k_pid_yaw": [0.5, 1e-06, 0.1], "k_pid_hsp": [9.999999747378752e-05, 0.0, 0.0886998176574707], "k_pid_vsp": [5.893838405609131, 370.0091247558594, 400.0]}, "datetime": {"datetime": "2025-08-20 13:48:47", "elapsed": 6982.0919713974, "delta": 24.295235872268677}, "costs": {"total_cost": 3045.4797608382096, "time_cost": 150, "final_distance_cost": 583.2961953213819, "oscillation_cost": 338.1478798340409, "completition_cost": 1000.0, "overshoot_cost": 934.3706650221861, "power_cost": 22.016404943847657, "noise_cost": 17.648615716752644, "n_waypoints_completed": 0, "tot_waypoints": 9}}
{"target": -3956.115973922177, "params": {"k_pid_pos": [0.00533189345151186, 1.0, 0.03436240553855896], "k_pid_alt": [2.0, 1.0, 0.005846351385116577], "k_pid_att": [96.3237533569336, 0.26293179392814636, 0.0], "k_pid_yaw": [0.5, 1e-06, 0.1], "k_pid_hsp": [9.999999747378752e-05, 0.01939275860786438, 0.04773414134979248], "k_pid_vsp": [0.0, 374.576171875, 400.0]}, "datetime": {"datetime": "2025-08-20 13:49:12", "elapsed": 7007.2399072647095, "delta": 25.14793586730957}, "costs": {"total_cost": 3956.115973922177, "time_cost": 150, "final_distance_cost": 1042.532339506791, "oscillation_cost": 133.35150028915146, "completition_cost": 1000.0, "overshoot_cost": 1590.145163474937, "power_cost": 22.225834521484376, "noise_cost": 17.861136129812927, "n_waypoints_completed": 0, "tot_waypoints": 9}}
{"target": -1952.756962578969, "params": {"k_pid_pos": [0.0439411960542202, 1.0, 0.026952266693115234], "k_pid_alt": [2.0, 1.0, 0.12285977602005005], "k_pid_att": [95.68528747558594, 0.09739138931035995, 0.005699574947357178], "k_pid_yaw": [0.5, 1e-06, 0.1], "k_pid_hsp": [9.999999747378752e-05, 0.0, 0.0], "k_pid_vsp": [9.121953964233398, 375.2734680175781, 387.8061218261719]}, "datetime": {"datetime": "2025-08-20 13:49:35", "elapsed": 7030.174459218979, "delta": 22.93455195426941}, "costs": {"total_cost": 1952.756962578969, "time_cost": 150, "final_distance_cost": 335.1522488957743, "oscillation_cost": 24.854461692767806, "completition_cost": 1000.0, "overshoot_cost": 377.0221801806523, "power_cost": 37.86168310546875, "noise_cost": 27.866388704305955, "n_waypoints_completed": 0, "tot_waypoints": 9}}
{"target": -1444.5909753023302, "params": {"k_pid_pos": [0.005393700208514929, 1.0, 0.05035090446472168], "k_pid_alt": [1.898172378540039, 0.9563037157058716, 0.029065102338790894], "k_pid_att": [100.0, 0.02644469030201435, 0.007795572280883789], "k_pid_yaw": [0.5, 1e-06, 0.1], "k_pid_hsp": [9.999999747378752e-05, 0.040922731161117554, 0.0], "k_pid_vsp": [0.0, 400.0, 400.0]}, "datetime": {"datetime": "2025-08-20 13:49:58", "elapsed": 7052.755957126617, "delta": 22.58149790763855}, "costs": {"total_cost": 1444.5909753023302, "time_cost": 150, "final_distance_cost": 21.705209756637576, "oscillation_cost": 33.51796055492131, "completition_cost": 1000.0, "overshoot_cost": 155.091179715589, "power_cost": 20.518269177246093, "noise_cost": 63.75835609793599, "n_waypoints_completed": 0, "tot_waypoints": 9}}
{"target": -3897.156032270277, "params": {"k_pid_pos": [9.999999747378752e-05, 1.0, 0.01477465033531189], "k_pid_alt": [1.9998112916946411, 0.9097339510917664, 0.0], "k_pid_att": [100.0, 0.052250564098358154, 0.0], "k_pid_yaw": [0.5, 1e-06, 0.1], "k_pid_hsp": [9.999999747378752e-05, 0.00445556640625, 0.034832388162612915], "k_pid_vsp": [24.279033660888672, 398.7944641113281, 400.0]}, "datetime": {"datetime": "2025-08-20 13:50:20", "elapsed": 7075.226744890213, "delta": 22.47078776359558}, "costs": {"total_cost": 3897.156032270277, "time_cost": 150, "final_distance_cost": 968.9452342572296, "oscillation_cost": 85.23118099957074, "completition_cost": 1000.0, "overshoot_cost": 1655.809555891558, "power_cost": 20.214815185546875, "noise_cost": 16.95524593637212, "n_waypoints_completed": 0, "tot_waypoints": 9}}
{"target": -3218.886422703873, "params": {"k_pid_pos": [9.999999747378752e-05, 0.9924277067184448, 0.09148067235946655], "k_pid_alt": [2.0, 0.9356992840766907, 0.025820404291152954], "k_pid_att": [98.17040252685547, 0.2234131246805191, 0.10367906093597412], "k_pid_yaw": [0.5, 1e-06, 0.1], "k_pid_hsp": [9.999999747378752e-05, 0.020682424306869507, 0.028461962938308716], "k_pid_vsp": [0.0, 400.0, 400.0]}, "datetime": {"datetime": "2025-08-20 13:50:43", "elapsed": 7098.194129705429, "delta": 22.967384815216064}, "costs": {"total_cost": 3218.886422703873, "time_cost": 150, "final_distance_cost": 792.6168039780567, "oscillation_cost": 88.4355480653446, "completition_cost": 1000.0, "overshoot_cost": 1168.0799477619835, "power_cost": 9.272991076660157, "noise_cost": 10.481131821828036, "n_waypoints_completed": 0, "tot_waypoints": 9}}
{"target": -1466.6547842554012, "params": {"k_pid_pos": [9.999999747378752e-05, 1.0, 0.0], "k_pid_alt": [2.0, 0.9311461448669434, 0.05846831202507019], "k_pid_att": [93.06867980957031, 9.999999747378752e-05, 0.03838011622428894], "k_pid_yaw": [0.5, 1e-06, 0.1], "k_pid_hsp": [0.4212169051170349, 0.17083799839019775, 0.005730360746383667], "k_pid_vsp": [31.544876098632812, 400.0, 355.59014892578125]}, "datetime": {"datetime": "2025-08-20 13:51:06", "elapsed": 7121.495829343796, "delta": 23.3016996383667}, "costs": {"total_cost": 1466.6547842554012, "time_cost": 150, "final_distance_cost": 21.283061488863247, "oscillation_cost": 74.65826855673515, "completition_cost": 1000.0, "overshoot_cost": 144.4442303443485, "power_cost": 17.409132775878906, "noise_cost": 58.86009108957515, "n_waypoints_completed": 0, "tot_waypoints": 9}}
{"target": -1939.1406845657561, "params": {"k_pid_pos": [0.07444443553686142, 1.0, 0.0], "k_pid_alt": [2.0, 1.0, 0.04739445447921753], "k_pid_att": [100.0, 0.02954171784222126, 6.0111284255981445e-05], "k_pid_yaw": [0.5, 1e-06, 0.1], "k_pid_hsp": [0.0025345273315906525, 0.0, 0.0], "k_pid_vsp": [0.0, 398.8898620605469, 400.0]}, "datetime": {"datetime": "2025-08-20 13:51:30", "elapsed": 7144.769385814667, "delta": 23.27355647087097}, "costs": {"total_cost": 1939.1406845657561, "time_cost": 150, "final_distance_cost": 341.0627078350176, "oscillation_cost": 31.295353756678292, "completition_cost": 1000.0, "overshoot_cost": 392.54623105614564, "power_cost": 11.329281079101563, "noise_cost": 12.907110838813264, "n_waypoints_completed": 0, "tot_waypoints": 9}}
{"target": -1889.3404984673246, "params": {"k_pid_pos": [0.0654795691370964, 1.0, 0.0], "k_pid_alt": [1.9997460842132568, 0.9864850044250488, 0.0053216516971588135], "k_pid_att": [100.0, 0.3011940121650696, 0.0], "k_pid_yaw": [0.5, 1e-06, 0.1], "k_pid_hsp": [9.999999747378752e-05, 0.009389549493789673, 0.0], "k_pid_vsp": [0.0, 400.0, 394.0879211425781]}, "datetime": {"datetime": "2025-08-20 13:51:53", "elapsed": 7168.065257310867, "delta": 23.29587149620056}, "costs": {"total_cost": 1889.3404984673246, "time_cost": 150, "final_distance_cost": 317.1824028795078, "oscillation_cost": 31.652902242488285, "completition_cost": 1000.0, "overshoot_cost": 365.8454732414455, "power_cost": 11.602788012695314, "noise_cost": 13.056932091187715, "n_waypoints_completed": 0, "tot_waypoints": 9}}
{"target": -1797.4378822938547, "params": {"k_pid_pos": [9.999999747378752e-05, 0.9216125011444092, 0.048183172941207886], "k_pid_alt": [1.8300803899765015, 0.9833686947822571, 0.0497128963470459], "k_pid_att": [100.0, 0.41580840945243835, 0.01281997561454773], "k_pid_yaw": [0.5, 1e-06, 0.1], "k_pid_hsp": [9.999999747378752e-05, 0.03387901186943054, 0.02384200692176819], "k_pid_vsp": [42.064414978027344, 400.0, 400.0]}, "datetime": {"datetime": "2025-08-20 13:52:17", "elapsed": 7191.966364622116, "delta": 23.90110731124878}, "costs": {"total_cost": 1797.4378822938547, "time_cost": 150, "final_distance_cost": 245.54559059196555, "oscillation_cost": 89.7370547791517, "completition_cost": 1000.0, "overshoot_cost": 272.4156157837587, "power_cost": 21.40100255126953, "noise_cost": 18.33861858770921, "n_waypoints_completed": 0, "tot_waypoints": 9}}
{"target": -1927.035134684064, "params": {"k_pid_pos": [9.999999747378752e-05, 0.9749266505241394, 0.06223300099372864], "k_pid_alt": [1.9957195520401, 0.9942275881767273, 0.0038833320140838623], "k_pid_att": [97.30374908447266, 9.999999747378752e-05, 0.06222033500671387], "k_pid_yaw": [0.5, 1e-06, 0.1], "k_pid_hsp": [9.999999747378752e-05, 0.0, 0.0], "k_pid_vsp": [1.2169718742370605, 400.0, 376.83642578125]}, "datetime": {"datetime": "2025-08-20 13:52:45", "elapsed": 7220.178042888641, "delta": 28.21167826652527}, "costs": {"total_cost": 1927.035134684064, "time_cost": 150, "final_distance_cost": 337.9746200570012, "oscillation_cost": 30.360835247418922, "completition_cost": 1000.0, "overshoot_cost": 383.60449239402016, "power_cost": 11.621097448730469, "noise_cost": 13.474089536893153, "n_waypoints_completed": 0, "tot_waypoints": 9}}
{"target": -1947.598193263721, "params": {"k_pid_pos": [0.0782332569360733, 1.0, 0.005345821380615234], "k_pid_alt": [1.9779210090637207, 1.0, 0.016804039478302002], "k_pid_att": [98.32233428955078, 9.999999747378752e-05, 0.0], "k_pid_yaw": [0.5, 1e-06, 0.1], "k_pid_hsp": [9.999999747378752e-05, 0.0, 0.0], "k_pid_vsp": [0.0, 362.54931640625, 400.0]}, "datetime": {"datetime": "2025-08-20 13:53:13", "elapsed": 7247.770626306534, "delta": 27.592583417892456}, "costs": {"total_cost": 1947.598193263721, "time_cost": 150, "final_distance_cost": 345.55699084145823, "oscillation_cost": 30.81365984522365, "completition_cost": 1000.0, "overshoot_cost": 396.9368792458736, "power_cost": 11.343040209960938, "noise_cost": 12.947623121204558, "n_waypoints_completed": 0, "tot_waypoints": 9}}
{"target": -1924.159201769132, "params": {"k_pid_pos": [0.0021005894523113966, 1.0, 0.0], "k_pid_alt": [2.0, 1.0, 0.06788581609725952], "k_pid_att": [98.60110473632812, 9.999999747378752e-05, 0.0], "k_pid_yaw": [0.5, 1e-06, 0.1], "k_pid_hsp": [9.999999747378752e-05, 0.0, 0.0], "k_pid_vsp": [8.905326843261719, 400.0, 395.81719970703125]}, "datetime": {"datetime": "2025-08-20 13:53:41", "elapsed": 7275.893253087997, "delta": 28.122626781463623}, "costs": {"total_cost": 1924.159201769132, "time_cost": 150, "final_distance_cost": 337.4944650943492, "oscillation_cost": 30.509632187184977, "completition_cost": 1000.0, "overshoot_cost": 380.13874340275055, "power_cost": 11.829262548828126, "noise_cost": 14.187098536019155, "n_waypoints_completed": 0, "tot_waypoints": 9}}
{"target": -3160.795840851142, "params": {"k_pid_pos": [9.999999747378752e-05, 0.9787625074386597, 0.0], "k_pid_alt": [1.940711498260498, 1.0, 0.04066687822341919], "k_pid_att": [85.6845474243164, 9.999999747378752e-05, 0.037159472703933716], "k_pid_yaw": [0.5, 1e-06, 0.1], "k_pid_hsp": [0.019726121798157692, 0.0, 0.07085323333740234], "k_pid_vsp": [0.0, 400.0, 400.0]}, "datetime": {"datetime": "2025-08-20 13:54:09", "elapsed": 7304.017543792725, "delta": 28.124290704727173}, "costs": {"total_cost": 3160.795840851142, "time_cost": 150, "final_distance_cost": 644.8197416691648, "oscillation_cost": 281.1519131614361, "completition_cost": 1000.0, "overshoot_cost": 1045.1722084076198, "power_cost": 22.01260076904297, "noise_cost": 17.639376843878743, "n_waypoints_completed": 0, "tot_waypoints": 9}}
{"target": -1924.6937144104627, "params": {"k_pid_pos": [0.06547688692808151, 1.0, 0.0], "k_pid_alt": [1.9336868524551392, 0.9907526969909668, 0.0], "k_pid_att": [93.73078155517578, 0.14963077008724213, 0.0028435885906219482], "k_pid_yaw": [0.5, 1e-06, 0.1], "k_pid_hsp": [9.999999747378752e-05, 0.0, 0.0], "k_pid_vsp": [5.218160152435303, 400.0, 375.5945129394531]}, "datetime": {"datetime": "2025-08-20 13:54:39", "elapsed": 7333.948104858398, "delta": 29.930561065673828}, "costs": {"total_cost": 1924.6937144104627, "time_cost": 150, "final_distance_cost": 337.3008248048048, "oscillation_cost": 29.52897810850121, "completition_cost": 1000.0, "overshoot_cost": 382.98712682763573, "power_cost": 11.5512298828125, "noise_cost": 13.325554786708274, "n_waypoints_completed": 0, "tot_waypoints": 9}}
{"target": -1963.2465840431453, "params": {"k_pid_pos": [0.042099207639694214, 0.9623516201972961, 0.0], "k_pid_alt": [1.7885947227478027, 1.0, 0.045481204986572266], "k_pid_att": [96.92804718017578, 9.999999747378752e-05, 0.0], "k_pid_yaw": [0.5, 1e-06, 0.1], "k_pid_hsp": [9.999999747378752e-05, 0.0, 0.0], "k_pid_vsp": [0.5109786987304688, 400.0, 370.1311950683594]}, "datetime": {"datetime": "2025-08-20 13:55:04", "elapsed": 7358.916877269745, "delta": 24.968772411346436}, "costs": {"total_cost": 1963.2465840431453, "time_cost": 150, "final_distance_cost": 338.69696496230995, "oscillation_cost": 25.012937758400692, "completition_cost": 1000.0, "overshoot_cost": 383.6394260265943, "power_cost": 37.86821174316407, "noise_cost": 28.029043552676427, "n_waypoints_completed": 0, "tot_waypoints": 9}}
{"target": -1902.2402145658266, "params": {"k_pid_pos": [9.999999747378752e-05, 1.0, 0.0794479250907898], "k_pid_alt": [1.9743399620056152, 0.978598952293396, 0.0], "k_pid_att": [87.71749877929688, 9.999999747378752e-05, 0.0], "k_pid_yaw": [0.5, 1e-06, 0.1], "k_pid_hsp": [9.999999747378752e-05, 0.0, 0.0015897750854492188], "k_pid_vsp": [0.48760175704956055, 393.38507080078125, 400.0]}, "datetime": {"datetime": "2025-08-20 13:55:30", "elapsed": 7385.343151092529, "delta": 26.426273822784424}, "costs": {"total_cost": 1902.2402145658266, "time_cost": 150, "final_distance_cost": 329.0841614491358, "oscillation_cost": 28.26969091771762, "completition_cost": 1000.0, "overshoot_cost": 371.43579813777666, "power_cost": 11.258180676269532, "noise_cost": 12.192383384926774, "n_waypoints_completed": 0, "tot_waypoints": 9}}
{"target": -1390.6193622886103, "params": {"k_pid_pos": [0.16487988829612732, 1.0, 0.0], "k_pid_alt": [2.0, 0.9479881525039673, 0.040571898221969604], "k_pid_att": [99.308349609375, 9.999999747378752e-05, 0.0], "k_pid_yaw": [0.5, 1e-06, 0.1], "k_pid_hsp": [0.6615720391273499, 0.0, 0.0], "k_pid_vsp": [20.355558395385742, 400.0, 400.0]}, "datetime": {"datetime": "2025-08-20 13:55:57", "elapsed": 7412.491374731064, "delta": 27.148223638534546}, "costs": {"total_cost": 1390.6193622886103, "time_cost": 150, "final_distance_cost": 10.428182513421701, "oscillation_cost": 67.89010406878386, "completition_cost": 1000.0, "overshoot_cost": 139.02843278093303, "power_cost": 1.87085478515625, "noise_cost": 21.40178814031543, "n_waypoints_completed": 0, "tot_waypoints": 9}}
{"target": -1512.150999901124, "params": {"k_pid_pos": [9.999999747378752e-05, 1.0, 0.0], "k_pid_alt": [1.7647020816802979, 0.9972167015075684, 0.0], "k_pid_att": [92.10357666015625, 0.34504351019859314, 0.0], "k_pid_yaw": [0.5, 1e-06, 0.1], "k_pid_hsp": [0.24181796610355377, 0.0719003677368164, 0.0], "k_pid_vsp": [1.701498031616211, 389.376220703125, 378.0726623535156]}, "datetime": {"datetime": "2025-08-20 13:56:24", "elapsed": 7439.2586834430695, "delta": 26.767308712005615}, "costs": {"total_cost": 1512.150999901124, "time_cost": 150, "final_distance_cost": 18.41903960841784, "oscillation_cost": 54.971328209526675, "completition_cost": 1000.0, "overshoot_cost": 141.63188950871384, "power_cost": 38.096367102050785, "noise_cost": 109.03237547241478, "n_waypoints_completed": 0, "tot_waypoints": 9}}
{"target": -1399.756659850483, "params": {"k_pid_pos": [0.04893974959850311, 0.9085153341293335, 0.0], "k_pid_alt": [2.0, 1.0, 0.0], "k_pid_att": [95.50846862792969, 9.999999747378752e-05, 0.04281175136566162], "k_pid_yaw": [0.5, 1e-06, 0.1], "k_pid_hsp": [0.11488935351371765, 0.0, 0.04006728529930115], "k_pid_vsp": [0.0, 400.0, 378.8621520996094]}, "datetime": {"datetime": "2025-08-20 13:56:50", "elapsed": 7464.613824605942, "delta": 25.355141162872314}, "costs": {"total_cost": 1399.756659850483, "time_cost": 150, "final_distance_cost": 38.2126910636382, "oscillation_cost": 85.37640243601167, "completition_cost": 1000.0, "overshoot_cost": 90.80777786352644, "power_cost": 19.039856506347657, "noise_cost": 16.319931980959154, "n_waypoints_completed": 0, "tot_waypoints": 9}}
{"target": -1491.7891385498228, "params": {"k_pid_pos": [9.999999747378752e-05, 0.9282499551773071, 0.0], "k_pid_alt": [1.9384982585906982, 1.0, 0.0], "k_pid_att": [100.0, 9.999999747378752e-05, 0.018962860107421875], "k_pid_yaw": [0.5, 1e-06, 0.1], "k_pid_hsp": [0.25925421714782715, 0.0, 0.0], "k_pid_vsp": [0.0, 400.0, 400.0]}, "datetime": {"datetime": "2025-08-20 13:57:15", "elapsed": 7490.134075164795, "delta": 25.52025055885315}, "costs": {"total_cost": 1491.7891385498228, "time_cost": 150, "final_distance_cost": 11.350615432724126, "oscillation_cost": 57.52377481400247, "completition_cost": 1000.0, "overshoot_cost": 139.90536128951007, "power_cost": 33.99319654541016, "noise_cost": 99.01619046817618, "n_waypoints_completed": 0, "tot_waypoints": 9}}
