{"target": -1752.194051792553, "params": {"k_pid_pos": [0.08028194308280945, 1.0, 0.0], "k_pid_alt": [1.7684242725372314, 0.9713503122329712, 0.0], "k_pid_att": [99.92874145507812, 9.999999747378752e-05, 0.013306140899658203], "k_pid_yaw": [0.5, 1e-06, 0.1], "k_pid_hsp": [9.999999747378752e-05, 0.017156988382339478, 0.0], "k_pid_vsp": [0.0, 400.0, 400.0]}, "datetime": {"datetime": "2025-08-20 20:12:54", "elapsed": 30029.061859607697, "delta": 23.131346225738525}, "costs": {"total_cost": 1752.194051792553, "time_cost": 150, "final_distance_cost": 243.00033321487368, "oscillation_cost": 26.415739458985204, "completition_cost": 1000.0, "overshoot_cost": 267.13517772869403, "power_cost": 37.874122021484375, "noise_cost": 27.768679368515393, "n_waypoints_completed": 0, "tot_waypoints": 9}}
{"target": -4013.280267076706, "params": {"k_pid_pos": [9.999999747378752e-05, 1.0, 0.0], "k_pid_alt": [2.0, 1.0, 0.0], "k_pid_att": [97.231689453125, 0.395214319229126, 0.008022218942642212], "k_pid_yaw": [0.5, 1e-06, 0.1], "k_pid_hsp": [9.999999747378752e-05, 0.0, 0.037121355533599854], "k_pid_vsp": [13.14229965209961, 397.1871032714844, 369.6103820800781]}, "datetime": {"datetime": "2025-08-20 20:13:18", "elapsed": 30052.56342291832, "delta": 23.50156331062317}, "costs": {"total_cost": 4013.280267076706, "time_cost": 150, "final_distance_cost": 1021.8540898324933, "oscillation_cost": 87.61260647471934, "completition_cost": 1000.0, "overshoot_cost": 1714.8971294460441, "power_cost": 21.508200122070313, "noise_cost": 17.408241201379155, "n_waypoints_completed": 0, "tot_waypoints": 9}}
{"target": -1947.7327574464673, "params": {"k_pid_pos": [9.999999747378752e-05, 1.0, 0.0], "k_pid_alt": [2.0, 0.9287546277046204, 0.0], "k_pid_att": [100.0, 0.8231076598167419, 0.017887473106384277], "k_pid_yaw": [0.5, 1e-06, 0.1], "k_pid_hsp": [9.999999747378752e-05, 0.0, 0.0], "k_pid_vsp": [26.5869140625, 400.0, 383.0807189941406]}, "datetime": {"datetime": "2025-08-20 20:13:40", "elapsed": 30075.4740588665, "delta": 22.910635948181152}, "costs": {"total_cost": 1947.7327574464673, "time_cost": 150, "final_distance_cost": 333.7915004867565, "oscillation_cost": 25.136026953041778, "completition_cost": 1000.0, "overshoot_cost": 372.6639284464954, "power_cost": 37.84806707763672, "noise_cost": 28.293234482536928, "n_waypoints_completed": 0, "tot_waypoints": 9}}
{"target": -1778.4970959783595, "params": {"k_pid_pos": [9.999999747378752e-05, 0.9843201637268066, 0.004654258489608765], "k_pid_alt": [1.8342180252075195, 0.9413109421730042, 0.0], "k_pid_att": [98.41880798339844, 0.8687464594841003, 0.0], "k_pid_yaw": [0.5, 1e-06, 0.1], "k_pid_hsp": [9.999999747378752e-05, 0.012816816568374634, 0.0], "k_pid_vsp": [17.476058959960938, 362.64215087890625, 394.2386474609375]}, "datetime": {"datetime": "2025-08-20 20:14:04", "elapsed": 30098.987800359726, "delta": 23.513741493225098}, "costs": {"total_cost": 1778.4970959783595, "time_cost": 150, "final_distance_cost": 297.3155772277229, "oscillation_cost": 26.013853896373817, "completition_cost": 888.8888888888888, "overshoot_cost": 351.04655934064164, "power_cost": 37.89216719970703, "noise_cost": 27.34004942502552, "n_waypoints_completed": 1, "tot_waypoints": 9}}
{"target": -1401.4828593620493, "params": {"k_pid_pos": [0.04655526578426361, 0.9877889752388, 0.0], "k_pid_alt": [2.0, 1.0, 0.0], "k_pid_att": [97.99378967285156, 0.45716437697410583, 0.0], "k_pid_yaw": [0.5, 1e-06, 0.1], "k_pid_hsp": [0.1385345757007599, 0.0, 0.0], "k_pid_vsp": [0.0, 399.58428955078125, 379.0116882324219]}, "datetime": {"datetime": "2025-08-20 20:14:28", "elapsed": 30122.790080308914, "delta": 23.802279949188232}, "costs": {"total_cost": 1401.4828593620493, "time_cost": 150, "final_distance_cost": 17.23479303849333, "oscillation_cost": 55.94829684342727, "completition_cost": 1000.0, "overshoot_cost": 140.33478196201762, "power_cost": 6.158470422363282, "noise_cost": 31.80651709574789, "n_waypoints_completed": 0, "tot_waypoints": 9}}
{"target": -1965.40927201128, "params": {"k_pid_pos": [0.14804312586784363, 1.0, 0.0], "k_pid_alt": [2.0, 1.0, 0.0], "k_pid_att": [98.19503021240234, 0.5799392461776733, 0.0], "k_pid_yaw": [0.5, 1e-06, 0.1], "k_pid_hsp": [9.999999747378752e-05, 0.0, 0.0], "k_pid_vsp": [0.0, 384.30328369140625, 386.75347900390625]}, "datetime": {"datetime": "2025-08-20 20:14:51", "elapsed": 30146.268595933914, "delta": 23.478515625}, "costs": {"total_cost": 1965.40927201128, "time_cost": 150, "final_distance_cost": 339.55869775867507, "oscillation_cost": 25.206214094320153, "completition_cost": 1000.0, "overshoot_cost": 384.57236780590864, "power_cost": 37.877152734375, "noise_cost": 28.194839618001097, "n_waypoints_completed": 0, "tot_waypoints": 9}}
{"target": -1529.3534571983362, "params": {"k_pid_pos": [9.999999747378752e-05, 0.9701584577560425, 0.0], "k_pid_alt": [2.0, 0.9986457824707031, 0.006793975830078125], "k_pid_att": [100.0, 0.3410482406616211, 0.0], "k_pid_yaw": [0.5, 1e-06, 0.1], "k_pid_hsp": [0.5339177250862122, 0.0, 0.11666998267173767], "k_pid_vsp": [0.0, 387.3328552246094, 396.2751159667969]}, "datetime": {"datetime": "2025-08-20 20:15:14", "elapsed": 30169.41290998459, "delta": 23.14431405067444}, "costs": {"total_cost": 1529.3534571983362, "time_cost": 150, "final_distance_cost": 18.952181772940943, "oscillation_cost": 183.6111463569814, "completition_cost": 1000.0, "overshoot_cost": 124.81359963004199, "power_cost": 21.980634680175783, "noise_cost": 29.99589475819592, "n_waypoints_completed": 0, "tot_waypoints": 9}}
{"target": -4476.388298276725, "params": {"k_pid_pos": [0.14704713225364685, 0.9972012042999268, 0.0], "k_pid_alt": [2.0, 0.8954389095306396, 0.040559619665145874], "k_pid_att": [100.0, 9.999999747378752e-05, 0.01912704110145569], "k_pid_yaw": [0.5, 1e-06, 0.1], "k_pid_hsp": [9.999999747378752e-05, 0.0, 0.03544643521308899], "k_pid_vsp": [0.0, 400.0, 341.16107177734375]}, "datetime": {"datetime": "2025-08-20 20:15:37", "elapsed": 30191.664942502975, "delta": 22.25203251838684}, "costs": {"total_cost": 4476.388298276725, "time_cost": 150, "final_distance_cost": 1233.52367374223, "oscillation_cost": 68.1072859309988, "completition_cost": 1000.0, "overshoot_cost": 1983.6356207742072, "power_cost": 23.265430871582033, "noise_cost": 17.85628695770725, "n_waypoints_completed": 0, "tot_waypoints": 9}}
{"target": -1885.0798173176186, "params": {"k_pid_pos": [9.999999747378752e-05, 1.0, 0.02709004282951355], "k_pid_alt": [2.0, 0.9670760631561279, 0.0], "k_pid_att": [91.006591796875, 9.999999747378752e-05, 0.04163175821304321], "k_pid_yaw": [0.5, 1e-06, 0.1], "k_pid_hsp": [9.999999747378752e-05, 0.0, 0.0], "k_pid_vsp": [0.0, 383.99609375, 385.1758117675781]}, "datetime": {"datetime": "2025-08-20 20:15:59", "elapsed": 30214.429744958878, "delta": 22.7648024559021}, "costs": {"total_cost": 1885.0798173176186, "time_cost": 150, "final_distance_cost": 322.9200893368456, "oscillation_cost": 28.591131431110593, "completition_cost": 1000.0, "overshoot_cost": 357.34808404090177, "power_cost": 11.988573095703126, "noise_cost": 14.231939413057436, "n_waypoints_completed": 0, "tot_waypoints": 9}}
{"target": -1946.6450832144887, "params": {"k_pid_pos": [9.999999747378752e-05, 1.0, 0.002649664878845215], "k_pid_alt": [2.0, 1.0, 0.0], "k_pid_att": [97.09793090820312, 0.6378529071807861, 0.0], "k_pid_yaw": [0.5, 1e-06, 0.1], "k_pid_hsp": [9.999999747378752e-05, 0.013029903173446655, 0.014532506465911865], "k_pid_vsp": [0.0, 395.5278015136719, 388.5307922363281]}, "datetime": {"datetime": "2025-08-20 20:16:23", "elapsed": 30237.69493842125, "delta": 23.265193462371826}, "costs": {"total_cost": 1946.6450832144887, "time_cost": 150, "final_distance_cost": 322.5604509266031, "oscillation_cost": 34.73079293316361, "completition_cost": 1000.0, "overshoot_cost": 374.41720825206414, "power_cost": 38.06594155273438, "noise_cost": 26.87068954992355, "n_waypoints_completed": 0, "tot_waypoints": 9}}
{"target": -1936.1685269295378, "params": {"k_pid_pos": [9.999999747378752e-05, 0.9185763001441956, 0.025905072689056396], "k_pid_alt": [2.0, 1.0, 0.01901867985725403], "k_pid_att": [97.26280212402344, 9.999999747378752e-05, 0.0], "k_pid_yaw": [0.5, 1e-06, 0.1], "k_pid_hsp": [9.999999747378752e-05, 0.0, 0.0], "k_pid_vsp": [0.0, 400.0, 400.0]}, "datetime": {"datetime": "2025-08-20 20:16:46", "elapsed": 30260.81499505043, "delta": 23.120056629180908}, "costs": {"total_cost": 1936.1685269295378, "time_cost": 150, "final_distance_cost": 341.63913340505104, "oscillation_cost": 30.41828377799086, "completition_cost": 1000.0, "overshoot_cost": 389.25523752228975, "power_cost": 11.511831408691407, "noise_cost": 13.344040815514665, "n_waypoints_completed": 0, "tot_waypoints": 9}}
{"target": -1498.9583924015428, "params": {"k_pid_pos": [9.999999747378752e-05, 1.0, 0.0], "k_pid_alt": [2.0, 1.0, 0.0435967743396759], "k_pid_att": [100.0, 9.999999747378752e-05, 0.018397212028503418], "k_pid_yaw": [0.5, 1e-06, 0.1], "k_pid_hsp": [0.3153592050075531, 0.01947861909866333, 0.0], "k_pid_vsp": [17.75025177001953, 385.83453369140625, 400.0]}, "datetime": {"datetime": "2025-08-20 20:17:09", "elapsed": 30283.896326303482, "delta": 23.081331253051758}, "costs": {"total_cost": 1498.9583924015428, "time_cost": 150, "final_distance_cost": 13.883369259312925, "oscillation_cost": 59.06752706373928, "completition_cost": 1000.0, "overshoot_cost": 140.0953973709498, "power_cost": 34.77179899902344, "noise_cost": 101.14029970851733, "n_waypoints_completed": 0, "tot_waypoints": 9}}
{"target": -1455.3991389261234, "params": {"k_pid_pos": [0.17892096936702728, 0.9872395992279053, 0.030544698238372803], "k_pid_alt": [1.8204212188720703, 1.0, 0.0], "k_pid_att": [99.24571228027344, 9.999999747378752e-05, 0.0], "k_pid_yaw": [0.5, 1e-06, 0.1], "k_pid_hsp": [0.3384012281894684, 0.004989117383956909, 0.02113524079322815], "k_pid_vsp": [20.141674041748047, 400.0, 388.4295654296875]}, "datetime": {"datetime": "2025-08-20 20:17:31", "elapsed": 30305.92413663864, "delta": 22.0278103351593}, "costs": {"total_cost": 1455.3991389261234, "time_cost": 150, "final_distance_cost": 9.574822323136525, "oscillation_cost": 84.49136211131369, "completition_cost": 1000.0, "overshoot_cost": 139.3682952473991, "power_cost": 16.179014697265625, "noise_cost": 55.78564454700865, "n_waypoints_completed": 0, "tot_waypoints": 9}}
{"target": -1446.1743818128386, "params": {"k_pid_pos": [9.999999747378752e-05, 1.0, 0.0], "k_pid_alt": [1.8117144107818604, 0.9982539415359497, 0.004668176174163818], "k_pid_att": [99.34447479248047, 0.5074440240859985, 0.04981064796447754], "k_pid_yaw": [0.5, 1e-06, 0.1], "k_pid_hsp": [0.5585079789161682, 0.0, 0.0], "k_pid_vsp": [59.96973419189453, 400.0, 400.0]}, "datetime": {"datetime": "2025-08-20 20:17:56", "elapsed": 30330.88998579979, "delta": 24.96584916114807}, "costs": {"total_cost": 1446.1743818128386, "time_cost": 150, "final_distance_cost": 17.172710585092975, "oscillation_cost": 64.94577792803992, "completition_cost": 1000.0, "overshoot_cost": 139.93145777849978, "power_cost": 16.701172399902344, "noise_cost": 57.42326312130357, "n_waypoints_completed": 0, "tot_waypoints": 9}}
{"target": -1503.0044396335052, "params": {"k_pid_pos": [9.999999747378752e-05, 1.0, 0.04808896780014038], "k_pid_alt": [2.0, 0.9899833798408508, 0.00023320317268371582], "k_pid_att": [100.0, 9.999999747378752e-05, 0.0], "k_pid_yaw": [0.5, 1e-06, 0.1], "k_pid_hsp": [0.2704213261604309, 0.05188947916030884, 0.0], "k_pid_vsp": [0.0, 399.3781433105469, 373.3780822753906]}, "datetime": {"datetime": "2025-08-20 20:18:19", "elapsed": 30354.383188009262, "delta": 23.493202209472656}, "costs": {"total_cost": 1503.0044396335052, "time_cost": 150, "final_distance_cost": 15.095452919042607, "oscillation_cost": 57.12466910266376, "completition_cost": 1000.0, "overshoot_cost": 140.6798537152827, "power_cost": 35.984715368652346, "noise_cost": 104.11974852786373, "n_waypoints_completed": 0, "tot_waypoints": 9}}
{"target": -1332.5173060908198, "params": {"k_pid_pos": [9.999999747378752e-05, 1.0, 0.05276310443878174], "k_pid_alt": [2.0, 1.0, 0.0], "k_pid_att": [96.25103759765625, 0.908752977848053, 0.03710883855819702], "k_pid_yaw": [0.5, 1e-06, 0.1], "k_pid_hsp": [9.999999747378752e-05, 0.030477851629257202, 0.0], "k_pid_vsp": [0.0, 400.0, 400.0]}, "datetime": {"datetime": "2025-08-20 20:18:42", "elapsed": 30377.060522556305, "delta": 22.677334547042847}, "costs": {"total_cost": 1332.5173060908198, "time_cost": 150, "final_distance_cost": 67.27945982465917, "oscillation_cost": 27.552349865069665, "completition_cost": 888.8888888888888, "overshoot_cost": 129.66731779148125, "power_cost": 37.9127379272461, "noise_cost": 31.21655179347476, "n_waypoints_completed": 1, "tot_waypoints": 9}}
{"target": -1900.7406642290111, "params": {"k_pid_pos": [9.999999747378752e-05, 0.9409415125846863, 0.0], "k_pid_alt": [1.8936607837677002, 0.9446580410003662, 0.07366850972175598], "k_pid_att": [96.19454193115234, 0.01569182239472866, 0.003817260265350342], "k_pid_yaw": [0.5, 1e-06, 0.1], "k_pid_hsp": [9.999999747378752e-05, 0.0, 0.0], "k_pid_vsp": [0.0, 389.77960205078125, 382.43359375]}, "datetime": {"datetime": "2025-08-20 20:19:04", "elapsed": 30398.752013206482, "delta": 21.691490650177002}, "costs": {"total_cost": 1900.7406642290111, "time_cost": 150, "final_distance_cost": 329.5290935190373, "oscillation_cost": 29.880483689732053, "completition_cost": 1000.0, "overshoot_cost": 365.3506318608874, "power_cost": 11.853881311035156, "noise_cost": 14.126573848319051, "n_waypoints_completed": 0, "tot_waypoints": 9}}
{"target": -3905.6720194224786, "params": {"k_pid_pos": [0.08704178035259247, 1.0, 0.007123798131942749], "k_pid_alt": [1.943286657333374, 1.0, 0.16694527864456177], "k_pid_att": [100.0, 0.5587601065635681, 0.0641627311706543], "k_pid_yaw": [0.5, 1e-06, 0.1], "k_pid_hsp": [9.999999747378752e-05, 0.0, 0.04950454831123352], "k_pid_vsp": [0.0, 392.05804443359375, 353.36517333984375]}, "datetime": {"datetime": "2025-08-20 20:19:26", "elapsed": 30421.377264261246, "delta": 22.625251054763794}, "costs": {"total_cost": 3905.6720194224786, "time_cost": 150, "final_distance_cost": 991.0028071464787, "oscillation_cost": 111.54462287833812, "completition_cost": 1000.0, "overshoot_cost": 1613.6331985787886, "power_cost": 21.872049670410156, "noise_cost": 17.619341148463484, "n_waypoints_completed": 0, "tot_waypoints": 9}}
{"target": -1834.780578338659, "params": {"k_pid_pos": [9.999999747378752e-05, 0.9888322353363037, 0.04357260465621948], "k_pid_alt": [2.0, 1.0, 0.03355160355567932], "k_pid_att": [94.3359146118164, 0.034655746072530746, 0.05813249945640564], "k_pid_yaw": [0.5, 1e-06, 0.1], "k_pid_hsp": [0.00861920602619648, 0.0, 0.009720027446746826], "k_pid_vsp": [0.0, 400.0, 400.0]}, "datetime": {"datetime": "2025-08-20 20:19:49", "elapsed": 30444.057092905045, "delta": 22.679828643798828}, "costs": {"total_cost": 1834.780578338659, "time_cost": 150, "final_distance_cost": 298.6680371577109, "oscillation_cost": 32.209856380214234, "completition_cost": 1000.0, "overshoot_cost": 329.5208171716985, "power_cost": 11.687975402832032, "noise_cost": 12.693892226203282, "n_waypoints_completed": 0, "tot_waypoints": 9}}
{"target": -1495.4289868325636, "params": {"k_pid_pos": [9.999999747378752e-05, 1.0, 0.0034731030464172363], "k_pid_alt": [2.0, 0.9717878103256226, 0.06272056698799133], "k_pid_att": [100.0, 0.04789142310619354, 0.0], "k_pid_yaw": [0.5, 1e-06, 0.1], "k_pid_hsp": [0.6354749798774719, 0.0, 0.0], "k_pid_vsp": [0.0, 358.47491455078125, 400.0]}, "datetime": {"datetime": "2025-08-20 20:20:12", "elapsed": 30467.14231276512, "delta": 23.085219860076904}, "costs": {"total_cost": 1495.4289868325636, "time_cost": 150, "final_distance_cost": 16.32315688295947, "oscillation_cost": 63.393417178716746, "completition_cost": 1000.0, "overshoot_cost": 139.86718235827212, "power_cost": 31.83506950683594, "noise_cost": 94.01016090577919, "n_waypoints_completed": 0, "tot_waypoints": 9}}
{"target": -1438.2006121651207, "params": {"k_pid_pos": [0.011179412715137005, 0.8902460336685181, 0.0], "k_pid_alt": [1.9648648500442505, 0.9893018007278442, 0.0], "k_pid_att": [96.16700744628906, 9.999999747378752e-05, 0.0], "k_pid_yaw": [0.5, 1e-06, 0.1], "k_pid_hsp": [0.014623122289776802, 0.050091296434402466, 0.0], "k_pid_vsp": [0.011515617370605469, 351.9021911621094, 355.0708923339844]}, "datetime": {"datetime": "2025-08-20 20:20:35", "elapsed": 30490.18730044365, "delta": 23.044987678527832}, "costs": {"total_cost": 1438.2006121651207, "time_cost": 150, "final_distance_cost": 25.039832516079308, "oscillation_cost": 41.78861175937334, "completition_cost": 1000.0, "overshoot_cost": 145.9053226798421, "power_cost": 17.20485216064453, "noise_cost": 58.261993049181335, "n_waypoints_completed": 0, "tot_waypoints": 9}}
{"target": -1479.713030725395, "params": {"k_pid_pos": [9.999999747378752e-05, 0.9058164358139038, 0.0], "k_pid_alt": [2.0, 0.9680401086807251, 0.0], "k_pid_att": [100.0, 0.3175031542778015, 0.023109108209609985], "k_pid_yaw": [0.5, 1e-06, 0.1], "k_pid_hsp": [1.4850949048995972, 0.0, 0.06158256530761719], "k_pid_vsp": [22.141111373901367, 383.0709533691406, 400.0]}, "datetime": {"datetime": "2025-08-20 20:20:57", "elapsed": 30512.120654582977, "delta": 21.933354139328003}, "costs": {"total_cost": 1479.713030725395, "time_cost": 150, "final_distance_cost": 15.423466800980357, "oscillation_cost": 111.12044314413724, "completition_cost": 1000.0, "overshoot_cost": 137.3119422169526, "power_cost": 18.675242211914064, "noise_cost": 47.181936351410805, "n_waypoints_completed": 0, "tot_waypoints": 9}}
{"target": -3836.675837579471, "params": {"k_pid_pos": [0.06818196922540665, 0.9697186946868896, 0.035738587379455566], "k_pid_alt": [1.8744572401046753, 0.8979015946388245, 0.10104700922966003], "k_pid_att": [100.0, 9.999999747378752e-05, 0.0], "k_pid_yaw": [0.5, 1e-06, 0.1], "k_pid_hsp": [9.999999747378752e-05, 0.0, 0.04860904812812805], "k_pid_vsp": [0.0, 388.5545349121094, 400.0]}, "datetime": {"datetime": "2025-08-20 20:21:20", "elapsed": 30535.455245256424, "delta": 23.334590673446655}, "costs": {"total_cost": 3836.675837579471, "time_cost": 150, "final_distance_cost": 1010.9987574741489, "oscillation_cost": 148.213884820479, "completition_cost": 888.8888888888888, "overshoot_cost": 1598.6959508263749, "power_cost": 22.091049780273437, "noise_cost": 17.787305789306068, "n_waypoints_completed": 1, "tot_waypoints": 9}}
{"target": -1433.7473096660383, "params": {"k_pid_pos": [0.04607958719134331, 0.9989268779754639, 0.04664108157157898], "k_pid_alt": [2.0, 0.9748326539993286, 0.0], "k_pid_att": [100.0, 0.49480316042900085, 0.028172284364700317], "k_pid_yaw": [0.5, 1e-06, 0.1], "k_pid_hsp": [0.24950240552425385, 0.0, 0.0], "k_pid_vsp": [20.23876953125, 400.0, 400.0]}, "datetime": {"datetime": "2025-08-20 20:21:45", "elapsed": 30560.430237293243, "delta": 24.974992036819458}, "costs": {"total_cost": 1433.7473096660383, "time_cost": 150, "final_distance_cost": 16.90151147750494, "oscillation_cost": 60.43672132364982, "completition_cost": 1000.0, "overshoot_cost": 139.7553824280992, "power_cost": 14.594614526367188, "noise_cost": 52.059079910417026, "n_waypoints_completed": 0, "tot_waypoints": 9}}
{"target": -1415.8503677789972, "params": {"k_pid_pos": [9.999999747378752e-05, 1.0, 0.06885680556297302], "k_pid_alt": [2.0, 0.9747686386108398, 0.0], "k_pid_att": [100.0, 0.8829766511917114, 0.014913231134414673], "k_pid_yaw": [0.5, 1e-06, 0.1], "k_pid_hsp": [0.3867052495479584, 0.0, 0.0], "k_pid_vsp": [0.0, 378.29595947265625, 400.0]}, "datetime": {"datetime": "2025-08-20 20:22:22", "elapsed": 30596.768639564514, "delta": 36.33840227127075}, "costs": {"total_cost": 1415.8503677789972, "time_cost": 150, "final_distance_cost": 14.194023442110526, "oscillation_cost": 63.73766073055166, "completition_cost": 1000.0, "overshoot_cost": 139.70990625355103, "power_cost": 9.1283083984375, "noise_cost": 39.08046895434656, "n_waypoints_completed": 0, "tot_waypoints": 9}}
{"target": -1440.841584723568, "params": {"k_pid_pos": [9.999999747378752e-05, 0.9607008695602417, 0.0], "k_pid_alt": [1.9671766757965088, 0.971182644367218, 0.0], "k_pid_att": [100.0, 9.999999747378752e-05, 0.0], "k_pid_yaw": [0.5, 1e-06, 0.1], "k_pid_hsp": [0.016326904296875, 0.0, 0.0], "k_pid_vsp": [20.67045021057129, 400.0, 400.0]}, "datetime": {"datetime": "2025-08-20 20:22:47", "elapsed": 30621.928999185562, "delta": 25.160359621047974}, "costs": {"total_cost": 1440.841584723568, "time_cost": 150, "final_distance_cost": 126.12884810669114, "oscillation_cost": 31.67488773531274, "completition_cost": 1000.0, "overshoot_cost": 101.95285598433757, "power_cost": 15.245305993652345, "noise_cost": 15.839686903574336, "n_waypoints_completed": 0, "tot_waypoints": 9}}
{"target": -1498.7225448328818, "params": {"k_pid_pos": [0.08366099745035172, 1.0, 0.0], "k_pid_alt": [1.972792387008667, 0.9496652483940125, 0.02233898639678955], "k_pid_att": [100.0, 0.6010512709617615, 0.013018906116485596], "k_pid_yaw": [0.5, 1e-06, 0.1], "k_pid_hsp": [0.17739403247833252, 0.0013144612312316895, 0.0], "k_pid_vsp": [49.153541564941406, 400.0, 400.0]}, "datetime": {"datetime": "2025-08-20 20:23:10", "elapsed": 30644.62761950493, "delta": 22.698620319366455}, "costs": {"total_cost": 1498.7225448328818, "time_cost": 150, "final_distance_cost": 9.846728597618345, "oscillation_cost": 55.493405426788854, "completition_cost": 1000.0, "overshoot_cost": 140.0617206381169, "power_cost": 36.952036145019534, "noise_cost": 106.36865402533829, "n_waypoints_completed": 0, "tot_waypoints": 9}}
