{"target": -1484.9667028238273, "params": {"k_pid_pos": [9.999999747378752e-05, 0.9502378702163696, 0.0], "k_pid_alt": [1.8374756574630737, 0.9042829871177673, 0.039787083864212036], "k_pid_att": [98.63741302490234, 0.5897461771965027, 0.08811455965042114], "k_pid_yaw": [0.5, 1e-06, 0.1], "k_pid_hsp": [0.301750123500824, 0.0, 0.07773131132125854], "k_pid_vsp": [0.0, 400.0, 400.0]}, "datetime": {"datetime": "2025-08-20 20:23:33", "elapsed": 30667.721014738083, "delta": 23.093395233154297}, "costs": {"total_cost": 1484.9667028238273, "time_cost": 150, "final_distance_cost": 22.350638231815307, "oscillation_cost": 161.9468101339265, "completition_cost": 1000.0, "overshoot_cost": 109.42422750871926, "power_cost": 19.272179211425783, "noise_cost": 21.97284773794051, "n_waypoints_completed": 0, "tot_waypoints": 9}}
{"target": -1480.0211236723796, "params": {"k_pid_pos": [9.999999747378752e-05, 1.0, 0.0], "k_pid_alt": [1.8434404134750366, 1.0, 0.024340033531188965], "k_pid_att": [100.0, 9.999999747378752e-05, 0.010555058717727661], "k_pid_yaw": [0.5, 1e-06, 0.1], "k_pid_hsp": [0.6934858560562134, 0.0, 0.0075921714305877686], "k_pid_vsp": [0.0, 381.66314697265625, 396.78460693359375]}, "datetime": {"datetime": "2025-08-20 20:23:56", "elapsed": 30691.2413854599, "delta": 23.520370721817017}, "costs": {"total_cost": 1480.0211236723796, "time_cost": 150, "final_distance_cost": 17.30880234097501, "oscillation_cost": 79.48847674549448, "completition_cost": 1000.0, "overshoot_cost": 141.39561638477426, "power_cost": 21.86822567138672, "noise_cost": 69.96000252974925, "n_waypoints_completed": 0, "tot_waypoints": 9}}
{"target": -1376.7942299298431, "params": {"k_pid_pos": [9.999999747378752e-05, 0.9885947704315186, 0.03456544876098633], "k_pid_alt": [2.0, 0.9547492861747742, 0.054655253887176514], "k_pid_att": [98.83740997314453, 0.23668456077575684, 0.0], "k_pid_yaw": [0.5, 1e-06, 0.1], "k_pid_hsp": [9.999999747378752e-05, 0.04003587365150452, 0.0035095512866973877], "k_pid_vsp": [25.878990173339844, 400.0, 395.28167724609375]}, "datetime": {"datetime": "2025-08-20 20:24:20", "elapsed": 30714.826208114624, "delta": 23.58482265472412}, "costs": {"total_cost": 1376.7942299298431, "time_cost": 150, "final_distance_cost": 6.000507067399526, "oscillation_cost": 36.28333638081894, "completition_cost": 1000.0, "overshoot_cost": 155.44911864546143, "power_cost": 3.780835485839844, "noise_cost": 25.28043235032362, "n_waypoints_completed": 0, "tot_waypoints": 9}}
{"target": -1960.0343580263138, "params": {"k_pid_pos": [9.999999747378752e-05, 1.0, 0.0], "k_pid_alt": [2.0, 1.0, 0.00844910740852356], "k_pid_att": [99.6581802368164, 0.22991324961185455, 0.0], "k_pid_yaw": [0.5, 1e-06, 0.1], "k_pid_hsp": [9.999999747378752e-05, 0.0, 0.0], "k_pid_vsp": [0.0, 400.0, 369.91748046875]}, "datetime": {"datetime": "2025-08-20 20:24:43", "elapsed": 30738.29176402092, "delta": 23.465555906295776}, "costs": {"total_cost": 1960.0343580263138, "time_cost": 150, "final_distance_cost": 337.8867424774795, "oscillation_cost": 25.120380684561464, "completition_cost": 1000.0, "overshoot_cost": 380.6574884848794, "power_cost": 37.93603287353516, "noise_cost": 28.433713505858364, "n_waypoints_completed": 0, "tot_waypoints": 9}}
{"target": -1391.5637742227043, "params": {"k_pid_pos": [9.999999747378752e-05, 1.0, 0.0], "k_pid_alt": [1.9562220573425293, 1.0, 0.0018285810947418213], "k_pid_att": [100.0, 9.999999747378752e-05, 0.025720566511154175], "k_pid_yaw": [0.5, 1e-06, 0.1], "k_pid_hsp": [0.2556627690792084, 0.007810920476913452, 0.0], "k_pid_vsp": [8.980154991149902, 400.0, 400.0]}, "datetime": {"datetime": "2025-08-20 20:25:08", "elapsed": 30762.85289001465, "delta": 24.561125993728638}, "costs": {"total_cost": 1391.5637742227043, "time_cost": 150, "final_distance_cost": 10.028407819012239, "oscillation_cost": 60.49112696904812, "completition_cost": 1000.0, "overshoot_cost": 140.3596211174924, "power_cost": 4.010103198242188, "noise_cost": 26.67451511890931, "n_waypoints_completed": 0, "tot_waypoints": 9}}
{"target": -1937.7123954857702, "params": {"k_pid_pos": [0.02469760738313198, 1.0, 0.0], "k_pid_alt": [1.9957685470581055, 1.0, 0.05827036499977112], "k_pid_att": [100.0, 9.999999747378752e-05, 0.0], "k_pid_yaw": [0.5, 1e-06, 0.1], "k_pid_hsp": [9.999999747378752e-05, 0.0, 0.0], "k_pid_vsp": [0.0, 397.7080383300781, 400.0]}, "datetime": {"datetime": "2025-08-20 20:25:31", "elapsed": 30785.77967453003, "delta": 22.92678451538086}, "costs": {"total_cost": 1937.7123954857702, "time_cost": 150, "final_distance_cost": 342.056579950159, "oscillation_cost": 31.076427896598005, "completition_cost": 1000.0, "overshoot_cost": 389.16454265889496, "power_cost": 11.577675451660157, "noise_cost": 13.837169528458109, "n_waypoints_completed": 0, "tot_waypoints": 9}}
{"target": -1957.9223399934203, "params": {"k_pid_pos": [0.050732389092445374, 1.0, 0.0], "k_pid_alt": [2.0, 0.9319148063659668, 0.05652213096618652], "k_pid_att": [100.0, 0.2947341203689575, 0.0], "k_pid_yaw": [0.5, 1e-06, 0.1], "k_pid_hsp": [9.999999747378752e-05, 0.0, 0.0], "k_pid_vsp": [11.190009117126465, 400.0, 360.6248474121094]}, "datetime": {"datetime": "2025-08-20 20:25:54", "elapsed": 30808.931977033615, "delta": 23.152302503585815}, "costs": {"total_cost": 1957.9223399934203, "time_cost": 150, "final_distance_cost": 337.41357930563436, "oscillation_cost": 25.27640582935312, "completition_cost": 1000.0, "overshoot_cost": 379.47143085919447, "power_cost": 37.85307126464844, "noise_cost": 27.907852734589905, "n_waypoints_completed": 0, "tot_waypoints": 9}}
{"target": -1487.995520419594, "params": {"k_pid_pos": [9.999999747378752e-05, 1.0, 0.030768781900405884], "k_pid_alt": [2.0, 0.9881211519241333, 0.0], "k_pid_att": [100.0, 9.999999747378752e-05, 0.0], "k_pid_yaw": [0.5, 1e-06, 0.1], "k_pid_hsp": [0.09740956872701645, 0.015490084886550903, 0.005723029375076294], "k_pid_vsp": [23.5250244140625, 400.0, 371.22503662109375]}, "datetime": {"datetime": "2025-08-20 20:26:17", "elapsed": 30832.407354593277, "delta": 23.475377559661865}, "costs": {"total_cost": 1487.995520419594, "time_cost": 150, "final_distance_cost": 27.356794211633243, "oscillation_cost": 74.7815654570404, "completition_cost": 1000.0, "overshoot_cost": 143.16422078189814, "power_cost": 22.31536572265625, "noise_cost": 70.37757424636585, "n_waypoints_completed": 0, "tot_waypoints": 9}}
{"target": -2752.7519750565884, "params": {"k_pid_pos": [9.999999747378752e-05, 1.0, 0.0], "k_pid_alt": [2.0, 1.0, 0.0], "k_pid_att": [99.8173599243164, 0.13805177807807922, 0.008524209260940552], "k_pid_yaw": [0.5, 1e-06, 0.1], "k_pid_hsp": [9.999999747378752e-05, 0.004981666803359985, 0.026049286127090454], "k_pid_vsp": [4.476356506347656, 400.0, 338.2804870605469]}, "datetime": {"datetime": "2025-08-20 20:26:40", "elapsed": 30854.968139886856, "delta": 22.5607852935791}, "costs": {"total_cost": 2752.7519750565884, "time_cost": 150, "final_distance_cost": 620.5782061178043, "oscillation_cost": 95.3685157626392, "completition_cost": 1000.0, "overshoot_cost": 867.0143241000935, "power_cost": 9.197721691894532, "noise_cost": 10.593207384156848, "n_waypoints_completed": 0, "tot_waypoints": 9}}
{"target": -1520.042781600906, "params": {"k_pid_pos": [9.999999747378752e-05, 0.9102076292037964, 0.0], "k_pid_alt": [2.0, 1.0, 0.0], "k_pid_att": [100.0, 0.03779628500342369, 0.0], "k_pid_yaw": [0.5, 1e-06, 0.1], "k_pid_hsp": [0.327981561422348, 0.00413888692855835, 0.07833555340766907], "k_pid_vsp": [0.0, 400.0, 400.0]}, "datetime": {"datetime": "2025-08-20 20:27:03", "elapsed": 30878.074623823166, "delta": 23.106483936309814}, "costs": {"total_cost": 1520.042781600906, "time_cost": 150, "final_distance_cost": 10.652274730423652, "oscillation_cost": 176.9656838021232, "completition_cost": 1000.0, "overshoot_cost": 129.08195790225858, "power_cost": 22.167236462402347, "noise_cost": 31.175628703698376, "n_waypoints_completed": 0, "tot_waypoints": 9}}
{"target": -1485.620488321132, "params": {"k_pid_pos": [0.20990805327892303, 0.975936770439148, 0.011752039194107056], "k_pid_alt": [1.9186499118804932, 0.95518958568573, 0.0], "k_pid_att": [96.41046905517578, 9.999999747378752e-05, 0.03597801923751831], "k_pid_yaw": [0.5, 1e-06, 0.1], "k_pid_hsp": [0.25842779874801636, 0.0, 0.07219710946083069], "k_pid_vsp": [1.4595508575439453, 400.0, 385.27008056640625]}, "datetime": {"datetime": "2025-08-20 20:27:27", "elapsed": 30901.902508735657, "delta": 23.827884912490845}, "costs": {"total_cost": 1485.620488321132, "time_cost": 150, "final_distance_cost": 16.330605590950725, "oscillation_cost": 156.24391264530433, "completition_cost": 1000.0, "overshoot_cost": 125.1270284885487, "power_cost": 14.11151591796875, "noise_cost": 23.807425678359504, "n_waypoints_completed": 0, "tot_waypoints": 9}}
{"target": -1439.7856352256672, "params": {"k_pid_pos": [9.999999747378752e-05, 1.0, 0.0], "k_pid_alt": [2.0, 0.8596447706222534, 0.0], "k_pid_att": [100.0, 9.999999747378752e-05, 0.0], "k_pid_yaw": [0.5, 1e-06, 0.1], "k_pid_hsp": [9.999999747378752e-05, 0.047805070877075195, 0.0], "k_pid_vsp": [18.689559936523438, 400.0, 364.0414733886719]}, "datetime": {"datetime": "2025-08-20 20:27:49", "elapsed": 30924.23677611351, "delta": 22.334267377853394}, "costs": {"total_cost": 1439.7856352256672, "time_cost": 150, "final_distance_cost": 20.69854965852836, "oscillation_cost": 35.277820154699725, "completition_cost": 1000.0, "overshoot_cost": 152.46541755829278, "power_cost": 19.1153755859375, "noise_cost": 62.228472268208954, "n_waypoints_completed": 0, "tot_waypoints": 9}}
{"target": -4163.1653533931585, "params": {"k_pid_pos": [9.999999747378752e-05, 1.0, 0.004081636667251587], "k_pid_alt": [2.0, 0.975110650062561, 0.014848560094833374], "k_pid_att": [98.80278015136719, 9.999999747378752e-05, 0.02236083149909973], "k_pid_yaw": [0.5, 1e-06, 0.1], "k_pid_hsp": [9.999999747378752e-05, 0.0, 0.042234957218170166], "k_pid_vsp": [7.519650459289551, 400.0, 378.5503845214844]}, "datetime": {"datetime": "2025-08-20 20:28:12", "elapsed": 30946.737890720367, "delta": 22.5011146068573}, "costs": {"total_cost": 4163.1653533931585, "time_cost": 150, "final_distance_cost": 1084.351662759616, "oscillation_cost": 104.1947772791718, "completition_cost": 1000.0, "overshoot_cost": 1784.8807154493031, "power_cost": 22.063389416503906, "noise_cost": 17.674808488564288, "n_waypoints_completed": 0, "tot_waypoints": 9}}
{"target": -2024.156771502577, "params": {"k_pid_pos": [0.0033996673300862312, 1.0, 0.0], "k_pid_alt": [2.0, 0.9526826739311218, 0.0], "k_pid_att": [94.55438995361328, 9.999999747378752e-05, 0.03310176730155945], "k_pid_yaw": [0.5, 1e-06, 0.1], "k_pid_hsp": [9.999999747378752e-05, 0.009186983108520508, 0.016111016273498535], "k_pid_vsp": [20.9597225189209, 393.3586730957031, 400.0]}, "datetime": {"datetime": "2025-08-20 20:28:35", "elapsed": 30970.204807281494, "delta": 23.46691656112671}, "costs": {"total_cost": 2024.156771502577, "time_cost": 150, "final_distance_cost": 357.27282726507195, "oscillation_cost": 31.201374203270177, "completition_cost": 1000.0, "overshoot_cost": 420.79241914004604, "power_cost": 38.0107973022461, "noise_cost": 26.87935359194266, "n_waypoints_completed": 0, "tot_waypoints": 9}}
{"target": -1516.4781938536748, "params": {"k_pid_pos": [0.03717390447854996, 0.9426336288452148, 0.0], "k_pid_alt": [1.8446705341339111, 1.0, 0.027087002992630005], "k_pid_att": [100.0, 9.999999747378752e-05, 0.0], "k_pid_yaw": [0.5, 1e-06, 0.1], "k_pid_hsp": [9.999999747378752e-05, 0.02338358759880066, 0.0], "k_pid_vsp": [0.0, 400.0, 369.736572265625]}, "datetime": {"datetime": "2025-08-20 20:28:59", "elapsed": 30994.408198833466, "delta": 24.203391551971436}, "costs": {"total_cost": 1516.4781938536748, "time_cost": 150, "final_distance_cost": 147.92063779161222, "oscillation_cost": 31.698633144151664, "completition_cost": 1000.0, "overshoot_cost": 155.21815513779183, "power_cost": 15.344690649414064, "noise_cost": 16.296077130705143, "n_waypoints_completed": 0, "tot_waypoints": 9}}
{"target": -3923.318348631923, "params": {"k_pid_pos": [0.08890588581562042, 0.892975926399231, 0.09951585531234741], "k_pid_alt": [1.8782265186309814, 1.0, 0.05996739864349365], "k_pid_att": [97.23413848876953, 1.0924007892608643, 0.06156158447265625], "k_pid_yaw": [0.5, 1e-06, 0.1], "k_pid_hsp": [9.999999747378752e-05, 0.0, 0.038465142250061035], "k_pid_vsp": [12.141740798950195, 400.0, 400.0]}, "datetime": {"datetime": "2025-08-20 20:29:23", "elapsed": 31017.815309762955, "delta": 23.407110929489136}, "costs": {"total_cost": 3923.318348631923, "time_cost": 150, "final_distance_cost": 990.0198158581547, "oscillation_cost": 102.84274456897671, "completition_cost": 1000.0, "overshoot_cost": 1641.4426581851324, "power_cost": 21.504014587402345, "noise_cost": 17.5091154322567, "n_waypoints_completed": 0, "tot_waypoints": 9}}
{"target": -1400.0030619335016, "params": {"k_pid_pos": [0.11336569488048553, 1.0, 0.0], "k_pid_alt": [1.937138557434082, 1.0, 0.010228574275970459], "k_pid_att": [97.5165786743164, 0.00221504969522357, 0.024705737829208374], "k_pid_yaw": [0.5, 1e-06, 0.1], "k_pid_hsp": [0.24824535846710205, 0.0, 0.0], "k_pid_vsp": [0.0, 400.0, 400.0]}, "datetime": {"datetime": "2025-08-20 20:29:45", "elapsed": 31040.32103586197, "delta": 22.505726099014282}, "costs": {"total_cost": 1400.0030619335016, "time_cost": 150, "final_distance_cost": 14.171126509053536, "oscillation_cost": 61.59289586412256, "completition_cost": 1000.0, "overshoot_cost": 139.76804974111374, "power_cost": 5.130326806640626, "noise_cost": 29.340663012571202, "n_waypoints_completed": 0, "tot_waypoints": 9}}
{"target": -1479.074483956408, "params": {"k_pid_pos": [9.999999747378752e-05, 1.0, 0.040812909603118896], "k_pid_alt": [1.884822130203247, 0.9349567294120789, 0.08783909678459167], "k_pid_att": [93.89008331298828, 9.999999747378752e-05, 0.0], "k_pid_yaw": [0.5, 1e-06, 0.1], "k_pid_hsp": [0.1393118053674698, 0.0, 0.0], "k_pid_vsp": [5.860757827758789, 380.5825500488281, 400.0]}, "datetime": {"datetime": "2025-08-20 20:30:08", "elapsed": 31063.17418527603, "delta": 22.8531494140625}, "costs": {"total_cost": 1479.074483956408, "time_cost": 150, "final_distance_cost": 16.37154108093388, "oscillation_cost": 52.571586226098155, "completition_cost": 1000.0, "overshoot_cost": 140.38695418717083, "power_cost": 30.089842553710938, "noise_cost": 89.654559908494, "n_waypoints_completed": 0, "tot_waypoints": 9}}
{"target": -1470.6179351490407, "params": {"k_pid_pos": [0.010890106670558453, 1.0, 0.0], "k_pid_alt": [1.8987784385681152, 0.9413132667541504, 0.0043770670890808105], "k_pid_att": [100.0, 9.999999747378752e-05, 0.06324529647827148], "k_pid_yaw": [0.5, 1e-06, 0.1], "k_pid_hsp": [9.999999747378752e-05, 0.04309806227684021, 0.0], "k_pid_vsp": [13.103639602661133, 393.4605712890625, 379.1229248046875]}, "datetime": {"datetime": "2025-08-20 20:30:32", "elapsed": 31087.12070798874, "delta": 23.94652271270752}, "costs": {"total_cost": 1470.6179351490407, "time_cost": 150, "final_distance_cost": 36.07266789719784, "oscillation_cost": 32.99192672729845, "completition_cost": 1000.0, "overshoot_cost": 154.52320268942282, "power_cost": 24.16910378417969, "noise_cost": 72.86103405094197, "n_waypoints_completed": 0, "tot_waypoints": 9}}
{"target": -1415.405581646078, "params": {"k_pid_pos": [9.999999747378752e-05, 0.9414626359939575, 0.10842686891555786], "k_pid_alt": [2.0, 1.0, 0.0], "k_pid_att": [100.0, 9.999999747378752e-05, 0.0], "k_pid_yaw": [0.5, 1e-06, 0.1], "k_pid_hsp": [9.999999747378752e-05, 0.0673263669013977, 0.0], "k_pid_vsp": [12.790048599243164, 364.5007019042969, 400.0]}, "datetime": {"datetime": "2025-08-20 20:30:56", "elapsed": 31110.745522260666, "delta": 23.62481427192688}, "costs": {"total_cost": 1415.405581646078, "time_cost": 150, "final_distance_cost": 2.9687600182055434, "oscillation_cost": 42.47161945651833, "completition_cost": 1000.0, "overshoot_cost": 147.17474213505403, "power_cost": 16.326761499023437, "noise_cost": 56.46369853727684, "n_waypoints_completed": 0, "tot_waypoints": 9}}
{"target": -1488.3231707183784, "params": {"k_pid_pos": [0.12811358273029327, 1.0, 0.012490004301071167], "k_pid_alt": [1.9842753410339355, 0.9624639749526978, 0.0531405508518219], "k_pid_att": [96.1142349243164, 1.0399113893508911, 0.0], "k_pid_yaw": [0.5, 1e-06, 0.1], "k_pid_hsp": [0.44908058643341064, 0.0, 0.07673764228820801], "k_pid_vsp": [8.483589172363281, 382.3631896972656, 370.12347412109375]}, "datetime": {"datetime": "2025-08-20 20:31:17", "elapsed": 31132.4047062397, "delta": 21.659183979034424}, "costs": {"total_cost": 1488.3231707183784, "time_cost": 150, "final_distance_cost": 2.1608527340033215, "oscillation_cost": 149.4545597197272, "completition_cost": 1000.0, "overshoot_cost": 132.05748743768223, "power_cost": 20.224117321777346, "noise_cost": 34.4261535051881, "n_waypoints_completed": 0, "tot_waypoints": 9}}
{"target": -1957.4292053264194, "params": {"k_pid_pos": [0.08587418496608734, 0.9383829832077026, 0.021158874034881592], "k_pid_alt": [1.9485642910003662, 0.9385730624198914, 0.10652464628219604], "k_pid_att": [99.48269653320312, 9.999999747378752e-05, 0.0], "k_pid_yaw": [0.5, 1e-06, 0.1], "k_pid_hsp": [0.029971163719892502, 0.0, 0.04418236017227173], "k_pid_vsp": [21.000873565673828, 400.0, 400.0]}, "datetime": {"datetime": "2025-08-20 20:31:41", "elapsed": 31156.326803207397, "delta": 23.922096967697144}, "costs": {"total_cost": 1957.4292053264194, "time_cost": 150, "final_distance_cost": 345.7748718330245, "oscillation_cost": 129.27195887698514, "completition_cost": 888.8888888888888, "overshoot_cost": 405.08152015680184, "power_cost": 21.11547811279297, "noise_cost": 17.29648745792615, "n_waypoints_completed": 1, "tot_waypoints": 9}}
{"target": -1492.1112882796065, "params": {"k_pid_pos": [9.999999747378752e-05, 0.9803212285041809, 0.0], "k_pid_alt": [2.0, 0.9091689586639404, 0.0], "k_pid_att": [100.0, 9.999999747378752e-05, 0.0], "k_pid_yaw": [0.5, 1e-06, 0.1], "k_pid_hsp": [0.49087613821029663, 0.012018859386444092, 0.033268898725509644], "k_pid_vsp": [26.70602798461914, 400.0, 383.2060852050781]}, "datetime": {"datetime": "2025-08-20 20:32:05", "elapsed": 31180.41131567955, "delta": 24.08451247215271}, "costs": {"total_cost": 1492.1112882796065, "time_cost": 150, "final_distance_cost": 16.06002168325923, "oscillation_cost": 92.10658217866352, "completition_cost": 1000.0, "overshoot_cost": 140.41177427702922, "power_cost": 24.71805339355469, "noise_cost": 68.81485674709971, "n_waypoints_completed": 0, "tot_waypoints": 9}}
{"target": -1492.5094289366843, "params": {"k_pid_pos": [0.07963836193084717, 1.0, 0.0], "k_pid_alt": [2.0, 0.9852102994918823, 0.020256400108337402], "k_pid_att": [95.98490142822266, 9.999999747378752e-05, 0.06945657730102539], "k_pid_yaw": [0.5, 1e-06, 0.1], "k_pid_hsp": [0.3950939178466797, 0.07288232445716858, 0.011534392833709717], "k_pid_vsp": [0.0, 382.03533935546875, 374.58148193359375]}, "datetime": {"datetime": "2025-08-20 20:32:28", "elapsed": 31203.05682706833, "delta": 22.645511388778687}, "costs": {"total_cost": 1492.5094289366843, "time_cost": 150, "final_distance_cost": 20.6903173251299, "oscillation_cost": 86.67251890794901, "completition_cost": 1000.0, "overshoot_cost": 142.56969416070876, "power_cost": 22.081218981933596, "noise_cost": 70.49567956096323, "n_waypoints_completed": 0, "tot_waypoints": 9}}
{"target": -1387.7509446148097, "params": {"k_pid_pos": [0.08869656175374985, 1.0, 0.035133928060531616], "k_pid_alt": [1.9947338104248047, 1.0, 0.0567665696144104], "k_pid_att": [100.0, 9.999999747378752e-05, 0.0555073618888855], "k_pid_yaw": [0.5, 1e-06, 0.1], "k_pid_hsp": [0.2860378921031952, 0.016673624515533447, 0.0], "k_pid_vsp": [4.655671119689941, 392.0147705078125, 397.0755920410156]}, "datetime": {"datetime": "2025-08-20 20:32:50", "elapsed": 31224.83351135254, "delta": 21.776684284210205}, "costs": {"total_cost": 1387.7509446148097, "time_cost": 150, "final_distance_cost": 9.99334422782365, "oscillation_cost": 64.38383346349639, "completition_cost": 1000.0, "overshoot_cost": 139.5410621208513, "power_cost": 1.9965933715820314, "noise_cost": 21.836111431056196, "n_waypoints_completed": 0, "tot_waypoints": 9}}
{"target": -1469.6147602916662, "params": {"k_pid_pos": [9.999999747378752e-05, 1.0, 0.01311415433883667], "k_pid_alt": [2.0, 0.9658751487731934, 0.0], "k_pid_att": [100.0, 9.999999747378752e-05, 0.0], "k_pid_yaw": [0.5, 1e-06, 0.1], "k_pid_hsp": [0.3508131802082062, 0.0, 0.035422712564468384], "k_pid_vsp": [0.0, 400.0, 400.0]}, "datetime": {"datetime": "2025-08-20 20:33:15", "elapsed": 31250.02020406723, "delta": 25.186692714691162}, "costs": {"total_cost": 1469.6147602916662, "time_cost": 150, "final_distance_cost": 10.405017434208776, "oscillation_cost": 99.3036844463612, "completition_cost": 1000.0, "overshoot_cost": 136.21070041461684, "power_cost": 22.51465827636719, "noise_cost": 51.18069972011194, "n_waypoints_completed": 0, "tot_waypoints": 9}}
{"target": -1484.1952242200614, "params": {"k_pid_pos": [0.08913463354110718, 1.0, 0.031008481979370117], "k_pid_alt": [2.0, 1.0, 0.0], "k_pid_att": [98.59038543701172, 0.6274961233139038, 0.0], "k_pid_yaw": [0.5, 1e-06, 0.1], "k_pid_hsp": [0.7768662571907043, 0.0, 0.0], "k_pid_vsp": [0.0, 396.53717041015625, 373.1163024902344]}, "datetime": {"datetime": "2025-08-20 20:33:38", "elapsed": 31272.736636400223, "delta": 22.716432332992554}, "costs": {"total_cost": 1484.1952242200614, "time_cost": 150, "final_distance_cost": 12.251533464518436, "oscillation_cost": 64.37081390156558, "completition_cost": 1000.0, "overshoot_cost": 139.24212277728586, "power_cost": 29.66530142822266, "noise_cost": 88.66545264846873, "n_waypoints_completed": 0, "tot_waypoints": 9}}
