{"target": -2734.1020990908023, "params": {"k_pid_pos": [9.999999747378752e-05, 0.9955030679702759, 0.0], "k_pid_alt": [2.0, 1.0, 0.0], "k_pid_att": [89.21000671386719, 0.2494746893644333, 0.0], "k_pid_yaw": [0.5, 1e-06, 0.1], "k_pid_hsp": [0.0205316711217165, 0.03484728932380676, 0.09474167227745056], "k_pid_vsp": [0.0, 400.0, 393.5384521484375]}, "datetime": {"datetime": "2025-08-20 22:18:13", "elapsed": 37547.75857305527, "delta": 23.59222674369812}, "costs": {"total_cost": 2734.1020990908023, "time_cost": 150, "final_distance_cost": 443.08891509528274, "oscillation_cost": 382.31867351709883, "completition_cost": 1000.0, "overshoot_cost": 720.2380388076033, "power_cost": 21.249544665527345, "noise_cost": 17.206927005289945, "n_waypoints_completed": 0, "tot_waypoints": 9}}
{"target": -1406.167485801511, "params": {"k_pid_pos": [9.999999747378752e-05, 1.0, 0.0], "k_pid_alt": [2.0, 1.0, 0.0], "k_pid_att": [100.0, 0.7000917196273804, 0.006411433219909668], "k_pid_yaw": [0.5, 1e-06, 0.1], "k_pid_hsp": [0.11860447376966476, 0.0, 0.08648070693016052], "k_pid_vsp": [39.27760314941406, 394.5948486328125, 398.3942565917969]}, "datetime": {"datetime": "2025-08-20 22:18:36", "elapsed": 37571.06026625633, "delta": 23.301693201065063}, "costs": {"total_cost": 1406.167485801511, "time_cost": 150, "final_distance_cost": 63.51354721988185, "oscillation_cost": 198.61609306499756, "completition_cost": 888.8888888888888, "overshoot_cost": 71.72574846497736, "power_cost": 17.487437316894532, "noise_cost": 15.935770845870776, "n_waypoints_completed": 1, "tot_waypoints": 9}}
{"target": -1495.4556373259845, "params": {"k_pid_pos": [9.999999747378752e-05, 0.9802659153938293, 0.009681642055511475], "k_pid_alt": [2.0, 1.0, 0.0817413330078125], "k_pid_att": [97.62928771972656, 9.999999747378752e-05, 0.06079867482185364], "k_pid_yaw": [0.5, 1e-06, 0.1], "k_pid_hsp": [0.7537943720817566, 0.017340809106826782, 0.026174724102020264], "k_pid_vsp": [3.3916354179382324, 400.0, 400.0]}, "datetime": {"datetime": "2025-08-20 22:18:59", "elapsed": 37594.02910065651, "delta": 22.968834400177002}, "costs": {"total_cost": 1495.4556373259845, "time_cost": 150, "final_distance_cost": 18.825467664288976, "oscillation_cost": 89.26927047097122, "completition_cost": 1000.0, "overshoot_cost": 145.72567686285234, "power_cost": 22.338703393554688, "noise_cost": 69.29651893431709, "n_waypoints_completed": 0, "tot_waypoints": 9}}
{"target": -1475.9027588673382, "params": {"k_pid_pos": [0.02383892610669136, 1.0, 0.03851327300071716], "k_pid_alt": [2.0, 0.9842092990875244, 0.03611785173416138], "k_pid_att": [89.50115203857422, 0.49451586604118347, 0.02278304100036621], "k_pid_yaw": [0.5, 1e-06, 0.1], "k_pid_hsp": [0.7040300965309143, 0.01398894190788269, 0.0], "k_pid_vsp": [0.0, 382.44830322265625, 400.0]}, "datetime": {"datetime": "2025-08-20 22:19:21", "elapsed": 37616.462126255035, "delta": 22.433025598526}, "costs": {"total_cost": 1475.9027588673382, "time_cost": 150, "final_distance_cost": 4.64343828750494, "oscillation_cost": 62.16778912334388, "completition_cost": 1000.0, "overshoot_cost": 139.50026646438275, "power_cost": 30.112122778320312, "noise_cost": 89.47914221378626, "n_waypoints_completed": 0, "tot_waypoints": 9}}
{"target": -1511.1942975928569, "params": {"k_pid_pos": [0.08889217674732208, 0.9670463800430298, 0.0], "k_pid_alt": [2.0, 0.9491991996765137, 0.000759810209274292], "k_pid_att": [100.0, 9.999999747378752e-05, 0.0034720897674560547], "k_pid_yaw": [0.5, 1e-06, 0.1], "k_pid_hsp": [0.3098577558994293, 0.09438613057136536, 0.0], "k_pid_vsp": [0.0, 384.8869934082031, 390.6744689941406]}, "datetime": {"datetime": "2025-08-20 22:19:46", "elapsed": 37640.75127911568, "delta": 24.28915286064148}, "costs": {"total_cost": 1511.1942975928569, "time_cost": 150, "final_distance_cost": 15.967993020541755, "oscillation_cost": 57.3702145339851, "completition_cost": 1000.0, "overshoot_cost": 140.56680198776675, "power_cost": 38.08841868896484, "noise_cost": 109.20086936159848, "n_waypoints_completed": 0, "tot_waypoints": 9}}
{"target": -1419.8333438209029, "params": {"k_pid_pos": [9.999999747378752e-05, 1.0, 0.0], "k_pid_alt": [1.8996222019195557, 1.0, 0.0], "k_pid_att": [100.0, 9.999999747378752e-05, 0.0], "k_pid_yaw": [0.5, 1e-06, 0.1], "k_pid_hsp": [0.48613107204437256, 0.0, 0.002171128988265991], "k_pid_vsp": [0.0, 365.714111328125, 383.4390869140625]}, "datetime": {"datetime": "2025-08-20 22:20:09", "elapsed": 37664.34781742096, "delta": 23.596538305282593}, "costs": {"total_cost": 1419.8333438209029, "time_cost": 150, "final_distance_cost": 9.649916306220724, "oscillation_cost": 67.70163002284013, "completition_cost": 1000.0, "overshoot_cost": 139.8625332580886, "power_cost": 10.42209940185547, "noise_cost": 42.197164831897695, "n_waypoints_completed": 0, "tot_waypoints": 9}}
{"target": -1490.2353290145365, "params": {"k_pid_pos": [9.999999747378752e-05, 1.0, 0.038677871227264404], "k_pid_alt": [2.0, 0.9208654165267944, 0.0], "k_pid_att": [100.0, 9.999999747378752e-05, 0.0], "k_pid_yaw": [0.5, 1e-06, 0.1], "k_pid_hsp": [1.228752851486206, 0.06765088438987732, 0.07597115635871887], "k_pid_vsp": [0.0, 400.0, 400.0]}, "datetime": {"datetime": "2025-08-20 22:20:31", "elapsed": 37686.14105296135, "delta": 21.793235540390015}, "costs": {"total_cost": 1490.2353290145365, "time_cost": 150, "final_distance_cost": 8.134107942462204, "oscillation_cost": 118.30813609451921, "completition_cost": 1000.0, "overshoot_cost": 137.24426608229768, "power_cost": 23.48930567626953, "noise_cost": 53.05951321898785, "n_waypoints_completed": 0, "tot_waypoints": 9}}
{"target": -1509.295902003006, "params": {"k_pid_pos": [0.14038187265396118, 1.0, 0.0], "k_pid_alt": [1.9141390323638916, 0.9912203550338745, 0.010310769081115723], "k_pid_att": [100.0, 9.999999747378752e-05, 0.018873214721679688], "k_pid_yaw": [0.5, 1e-06, 0.1], "k_pid_hsp": [0.28810614347457886, 0.046797215938568115, 0.0], "k_pid_vsp": [0.0, 364.7336730957031, 400.0]}, "datetime": {"datetime": "2025-08-20 22:20:54", "elapsed": 37709.24617743492, "delta": 23.105124473571777}, "costs": {"total_cost": 1509.295902003006, "time_cost": 150, "final_distance_cost": 12.053403152568173, "oscillation_cost": 60.6168433119197, "completition_cost": 1000.0, "overshoot_cost": 139.55778946956696, "power_cost": 38.02998858642578, "noise_cost": 109.03787748252537, "n_waypoints_completed": 0, "tot_waypoints": 9}}
{"target": -1944.9443101986428, "params": {"k_pid_pos": [9.999999747378752e-05, 0.9567604064941406, 0.0], "k_pid_alt": [1.9883885383605957, 0.9652314186096191, 0.0], "k_pid_att": [95.95531463623047, 0.619565486907959, 0.00989028811454773], "k_pid_yaw": [0.5, 1e-06, 0.1], "k_pid_hsp": [9.999999747378752e-05, 0.0, 0.0], "k_pid_vsp": [0.0, 400.0, 400.0]}, "datetime": {"datetime": "2025-08-20 22:21:18", "elapsed": 37732.95174717903, "delta": 23.705569744110107}, "costs": {"total_cost": 1944.9443101986428, "time_cost": 150, "final_distance_cost": 332.48085163179195, "oscillation_cost": 24.729813252856136, "completition_cost": 1000.0, "overshoot_cost": 371.52410183560477, "power_cost": 37.85682310791016, "noise_cost": 28.352720370479656, "n_waypoints_completed": 0, "tot_waypoints": 9}}
{"target": -1475.2608578573781, "params": {"k_pid_pos": [9.999999747378752e-05, 0.9873251914978027, 0.018141984939575195], "k_pid_alt": [1.9493749141693115, 0.8622007369995117, 0.0], "k_pid_att": [96.602783203125, 9.999999747378752e-05, 0.0], "k_pid_yaw": [0.5, 1e-06, 0.1], "k_pid_hsp": [0.5957280397415161, 0.07286897301673889, 0.05172544717788696], "k_pid_vsp": [0.0, 379.3219299316406, 390.53533935546875]}, "datetime": {"datetime": "2025-08-20 22:21:41", "elapsed": 37756.29333305359, "delta": 23.341585874557495}, "costs": {"total_cost": 1475.2608578573781, "time_cost": 150, "final_distance_cost": 16.79624570443021, "oscillation_cost": 113.72470836345906, "completition_cost": 1000.0, "overshoot_cost": 135.7620084658598, "power_cost": 18.643658190917968, "noise_cost": 40.33423713271115, "n_waypoints_completed": 0, "tot_waypoints": 9}}
{"target": -1474.8468372767784, "params": {"k_pid_pos": [0.15534111857414246, 1.0, 0.0], "k_pid_alt": [1.7931054830551147, 1.0, 0.0], "k_pid_att": [100.0, 9.999999747378752e-05, 0.11954259872436523], "k_pid_yaw": [0.5, 1e-06, 0.1], "k_pid_hsp": [0.42731794714927673, 0.0, 0.0574413537979126], "k_pid_vsp": [0.0, 391.7813415527344, 400.0]}, "datetime": {"datetime": "2025-08-20 22:22:03", "elapsed": 37778.022361040115, "delta": 21.72902798652649}, "costs": {"total_cost": 1474.8468372767784, "time_cost": 150, "final_distance_cost": 19.260423072189308, "oscillation_cost": 107.31253214764038, "completition_cost": 1000.0, "overshoot_cost": 131.31095431063164, "power_cost": 26.854614868164063, "noise_cost": 40.10831287815297, "n_waypoints_completed": 0, "tot_waypoints": 9}}
{"target": -1473.7989437804697, "params": {"k_pid_pos": [9.999999747378752e-05, 1.0, 0.0], "k_pid_alt": [1.9372985363006592, 1.0, 0.0], "k_pid_att": [100.0, 0.2628656327724457, 0.0], "k_pid_yaw": [0.5, 1e-06, 0.1], "k_pid_hsp": [0.9000564813613892, 0.0, 0.0], "k_pid_vsp": [1.0738372802734375, 398.7867431640625, 400.0]}, "datetime": {"datetime": "2025-08-20 22:22:28", "elapsed": 37803.20428562164, "delta": 25.18192458152771}, "costs": {"total_cost": 1473.7989437804697, "time_cost": 150, "final_distance_cost": 10.704098420811574, "oscillation_cost": 63.98870296043547, "completition_cost": 1000.0, "overshoot_cost": 139.78488245947668, "power_cost": 26.95945789794922, "noise_cost": 82.3618020417966, "n_waypoints_completed": 0, "tot_waypoints": 9}}
{"target": -3110.309363835792, "params": {"k_pid_pos": [9.999999747378752e-05, 0.9579609632492065, 0.0], "k_pid_alt": [2.0, 0.9927538633346558, 0.0], "k_pid_att": [100.0, 0.14606882631778717, 0.0], "k_pid_yaw": [0.5, 1e-06, 0.1], "k_pid_hsp": [9.999999747378752e-05, 0.0, 0.027345269918441772], "k_pid_vsp": [0.0, 381.41229248046875, 386.3334045410156]}, "datetime": {"datetime": "2025-08-20 22:22:52", "elapsed": 37826.56288313866, "delta": 23.35859751701355}, "costs": {"total_cost": 3110.309363835792, "time_cost": 150, "final_distance_cost": 740.3372440071419, "oscillation_cost": 83.43106077035726, "completition_cost": 1000.0, "overshoot_cost": 1075.8609219830016, "power_cost": 36.06823427734375, "noise_cost": 24.61190279794753, "n_waypoints_completed": 0, "tot_waypoints": 9}}
{"target": -1498.5864856412413, "params": {"k_pid_pos": [9.999999747378752e-05, 1.0, 0.004182875156402588], "k_pid_alt": [2.0, 0.9904699921607971, 0.0], "k_pid_att": [100.0, 9.999999747378752e-05, 0.0], "k_pid_yaw": [0.5, 1e-06, 0.1], "k_pid_hsp": [0.765688955783844, 0.0613628625869751, 0.0], "k_pid_vsp": [3.5208702087402344, 399.0511474609375, 360.65802001953125]}, "datetime": {"datetime": "2025-08-20 22:23:14", "elapsed": 37849.04044032097, "delta": 22.47755718231201}, "costs": {"total_cost": 1498.5864856412413, "time_cost": 150, "final_distance_cost": 10.349102021920464, "oscillation_cost": 67.92823130739666, "completition_cost": 1000.0, "overshoot_cost": 139.63438637589923, "power_cost": 33.26511567382813, "noise_cost": 97.40965026219672, "n_waypoints_completed": 0, "tot_waypoints": 9}}
{"target": -1477.0614302505226, "params": {"k_pid_pos": [9.999999747378752e-05, 1.0, 0.0], "k_pid_alt": [1.915116548538208, 0.9319314956665039, 0.006287276744842529], "k_pid_att": [100.0, 0.23856626451015472, 0.0], "k_pid_yaw": [0.5, 1e-06, 0.1], "k_pid_hsp": [0.06848789751529694, 0.0, 0.0], "k_pid_vsp": [24.201560974121094, 384.2581787109375, 400.0]}, "datetime": {"datetime": "2025-08-20 22:23:37", "elapsed": 37872.46355676651, "delta": 23.423116445541382}, "costs": {"total_cost": 1477.0614302505226, "time_cost": 150, "final_distance_cost": 12.732634856629739, "oscillation_cost": 47.67168614561244, "completition_cost": 1000.0, "overshoot_cost": 140.82751495077864, "power_cost": 31.891223095703126, "noise_cost": 93.93837120179889, "n_waypoints_completed": 0, "tot_waypoints": 9}}
{"target": -1497.6763028854598, "params": {"k_pid_pos": [9.999999747378752e-05, 0.9550976157188416, 0.003062993288040161], "k_pid_alt": [2.0, 0.9979005455970764, 0.0], "k_pid_att": [100.0, 9.999999747378752e-05, 0.0], "k_pid_yaw": [0.5, 1e-06, 0.1], "k_pid_hsp": [0.6572370529174805, 0.0, 0.0010207593441009521], "k_pid_vsp": [0.0, 391.21600341796875, 395.8346252441406]}, "datetime": {"datetime": "2025-08-20 22:24:01", "elapsed": 37896.20505070686, "delta": 23.741493940353394}, "costs": {"total_cost": 1497.6763028854598, "time_cost": 150, "final_distance_cost": 11.197254074147468, "oscillation_cost": 63.15944524959474, "completition_cost": 1000.0, "overshoot_cost": 139.5026192614745, "power_cost": 34.15466550292969, "noise_cost": 99.66231879731319, "n_waypoints_completed": 0, "tot_waypoints": 9}}
{"target": -4838.378583132678, "params": {"k_pid_pos": [9.999999747378752e-05, 1.0, 0.0], "k_pid_alt": [1.9722838401794434, 0.8662204146385193, 0.0], "k_pid_att": [100.0, 0.20724046230316162, 0.0], "k_pid_yaw": [0.5, 1e-06, 0.1], "k_pid_hsp": [9.999999747378752e-05, 0.0, 0.037554144859313965], "k_pid_vsp": [0.0, 397.5574951171875, 371.9585266113281]}, "datetime": {"datetime": "2025-08-20 22:24:25", "elapsed": 37920.326110601425, "delta": 24.121059894561768}, "costs": {"total_cost": 4838.378583132678, "time_cost": 150, "final_distance_cost": 1347.731490872421, "oscillation_cost": 92.53488184404858, "completition_cost": 1000.0, "overshoot_cost": 2207.287742403337, "power_cost": 23.086117517089846, "noise_cost": 17.738350495781564, "n_waypoints_completed": 0, "tot_waypoints": 9}}
{"target": -1996.6780762947776, "params": {"k_pid_pos": [0.07569780200719833, 1.0, 0.09618455171585083], "k_pid_alt": [2.0, 1.0, 0.0], "k_pid_att": [100.0, 9.999999747378752e-05, 0.0], "k_pid_yaw": [0.5, 1e-06, 0.1], "k_pid_hsp": [9.999999747378752e-05, 0.0, 0.004530429840087891], "k_pid_vsp": [2.8763294219970703, 400.0, 400.0]}, "datetime": {"datetime": "2025-08-20 22:24:47", "elapsed": 37942.5137193203, "delta": 22.18760871887207}, "costs": {"total_cost": 1996.6780762947776, "time_cost": 150, "final_distance_cost": 350.1298700845958, "oscillation_cost": 26.427137329457427, "completition_cost": 1000.0, "overshoot_cost": 405.30759886292924, "power_cost": 37.968786071777345, "noise_cost": 26.84468394601779, "n_waypoints_completed": 0, "tot_waypoints": 9}}
{"target": -3061.4995934092462, "params": {"k_pid_pos": [0.04274153709411621, 0.9939448833465576, 0.06543797254562378], "k_pid_alt": [1.8473680019378662, 0.9539759159088135, 0.01317545771598816], "k_pid_att": [96.3852310180664, 9.999999747378752e-05, 0.0], "k_pid_yaw": [0.5, 1e-06, 0.1], "k_pid_hsp": [9.999999747378752e-05, 0.0, 0.0704476535320282], "k_pid_vsp": [0.0, 389.1962890625, 400.0]}, "datetime": {"datetime": "2025-08-20 22:25:11", "elapsed": 37966.17413043976, "delta": 23.66041111946106}, "costs": {"total_cost": 3061.4995934092462, "time_cost": 150, "final_distance_cost": 604.8027172507358, "oscillation_cost": 329.3295011539471, "completition_cost": 1000.0, "overshoot_cost": 938.095161832265, "power_cost": 21.76316767578125, "noise_cost": 17.509045496516617, "n_waypoints_completed": 0, "tot_waypoints": 9}}
{"target": -1420.8257717064673, "params": {"k_pid_pos": [0.12393122166395187, 1.0, 0.006912410259246826], "k_pid_alt": [2.0, 0.9414070844650269, 0.01837068796157837], "k_pid_att": [100.0, 0.01825569011271, 0.0], "k_pid_yaw": [0.5, 1e-06, 0.1], "k_pid_hsp": [9.999999747378752e-05, 0.04067349433898926, 0.0], "k_pid_vsp": [0.0, 394.1868591308594, 391.7840881347656]}, "datetime": {"datetime": "2025-08-20 22:25:35", "elapsed": 37989.67463207245, "delta": 23.50050163269043}, "costs": {"total_cost": 1420.8257717064673, "time_cost": 150, "final_distance_cost": 22.162700962441097, "oscillation_cost": 35.22543675356905, "completition_cost": 1000.0, "overshoot_cost": 155.031374777645, "power_cost": 12.658132397460939, "noise_cost": 45.748126815351284, "n_waypoints_completed": 0, "tot_waypoints": 9}}
{"target": -1407.2563058960432, "params": {"k_pid_pos": [9.999999747378752e-05, 1.0, 0.003951579332351685], "k_pid_alt": [2.0, 1.0, 0.0], "k_pid_att": [98.60022735595703, 0.13068382441997528, 0.0], "k_pid_yaw": [0.5, 1e-06, 0.1], "k_pid_hsp": [0.2679605782032013, 0.0, 0.07952880859375], "k_pid_vsp": [16.911685943603516, 391.3729553222656, 388.5059509277344]}, "datetime": {"datetime": "2025-08-20 22:25:58", "elapsed": 38012.849041461945, "delta": 23.17440938949585}, "costs": {"total_cost": 1407.2563058960432, "time_cost": 150, "final_distance_cost": 50.39392957592346, "oscillation_cost": 174.12453048397754, "completition_cost": 888.8888888888888, "overshoot_cost": 95.81037038555361, "power_cost": 25.066989172363282, "noise_cost": 22.971597389336463, "n_waypoints_completed": 1, "tot_waypoints": 9}}
{"target": -2409.190209040651, "params": {"k_pid_pos": [9.999999747378752e-05, 0.9538230895996094, 0.0], "k_pid_alt": [2.0, 1.0, 0.0028201937675476074], "k_pid_att": [100.0, 0.25398075580596924, 0.0], "k_pid_yaw": [0.5, 1e-06, 0.1], "k_pid_hsp": [9.999999747378752e-05, 0.06661266088485718, 0.062363654375076294], "k_pid_vsp": [0.0, 395.2977294921875, 390.8111267089844]}, "datetime": {"datetime": "2025-08-20 22:26:22", "elapsed": 38037.00775504112, "delta": 24.158713579177856}, "costs": {"total_cost": 2409.190209040651, "time_cost": 150, "final_distance_cost": 401.46946978265254, "oscillation_cost": 161.29541243638616, "completition_cost": 1000.0, "overshoot_cost": 657.1364696163155, "power_cost": 21.793046936035157, "noise_cost": 17.495810269261806, "n_waypoints_completed": 0, "tot_waypoints": 9}}
{"target": -1946.154217442407, "params": {"k_pid_pos": [0.1488502025604248, 1.0, 0.0], "k_pid_alt": [2.0, 1.0, 0.04251593351364136], "k_pid_att": [95.23956298828125, 9.999999747378752e-05, 0.0], "k_pid_yaw": [0.5, 1e-06, 0.1], "k_pid_hsp": [9.999999747378752e-05, 0.0, 0.0], "k_pid_vsp": [30.27574920654297, 397.4287414550781, 379.62066650390625]}, "datetime": {"datetime": "2025-08-20 22:26:45", "elapsed": 38060.33848237991, "delta": 23.330727338790894}, "costs": {"total_cost": 1946.154217442407, "time_cost": 150, "final_distance_cost": 332.83852432084603, "oscillation_cost": 24.643698048072377, "completition_cost": 1000.0, "overshoot_cost": 372.4980246524852, "power_cost": 37.84829890136719, "noise_cost": 28.325671519636302, "n_waypoints_completed": 0, "tot_waypoints": 9}}
{"target": -1490.0559237821694, "params": {"k_pid_pos": [9.999999747378752e-05, 1.0, 0.0], "k_pid_alt": [2.0, 1.0, 0.0], "k_pid_att": [91.52799987792969, 9.999999747378752e-05, 0.0], "k_pid_yaw": [0.5, 1e-06, 0.1], "k_pid_hsp": [0.21443168818950653, 0.022613972425460815, 0.011284828186035156], "k_pid_vsp": [25.704992294311523, 400.0, 393.0453796386719]}, "datetime": {"datetime": "2025-08-20 22:27:09", "elapsed": 38083.5631043911, "delta": 23.224622011184692}, "costs": {"total_cost": 1490.0559237821694, "time_cost": 150, "final_distance_cost": 34.26366173996719, "oscillation_cost": 77.30769762842066, "completition_cost": 1000.0, "overshoot_cost": 146.46602435678642, "power_cost": 19.238731079101562, "noise_cost": 62.779808977893445, "n_waypoints_completed": 0, "tot_waypoints": 9}}
{"target": -1452.7283565988112, "params": {"k_pid_pos": [9.999999747378752e-05, 0.913905143737793, 0.0], "k_pid_alt": [2.0, 1.0, 0.04996615648269653], "k_pid_att": [100.0, 1.0068955421447754, 0.0], "k_pid_yaw": [0.5, 1e-06, 0.1], "k_pid_hsp": [1.064678430557251, 0.015755802392959595, 0.0069106221199035645], "k_pid_vsp": [6.319570541381836, 400.0, 365.964111328125]}, "datetime": {"datetime": "2025-08-20 22:27:31", "elapsed": 38106.19640374184, "delta": 22.633299350738525}, "costs": {"total_cost": 1452.7283565988112, "time_cost": 150, "final_distance_cost": 13.474350335743967, "oscillation_cost": 72.05625323572868, "completition_cost": 1000.0, "overshoot_cost": 139.31823773819627, "power_cost": 17.824427087402345, "noise_cost": 60.055088201739906, "n_waypoints_completed": 0, "tot_waypoints": 9}}
{"target": -1455.3335501156107, "params": {"k_pid_pos": [9.999999747378752e-05, 0.9206171035766602, 0.009138137102127075], "k_pid_alt": [1.816601037979126, 0.9584360122680664, 0.09866100549697876], "k_pid_att": [98.53271484375, 9.999999747378752e-05, 0.0], "k_pid_yaw": [0.5, 1e-06, 0.1], "k_pid_hsp": [0.1432415097951889, 0.04748255014419556, 0.0], "k_pid_vsp": [40.10419845581055, 400.0, 400.0]}, "datetime": {"datetime": "2025-08-20 22:27:54", "elapsed": 38128.84139704704, "delta": 22.6449933052063}, "costs": {"total_cost": 1455.3335501156107, "time_cost": 150, "final_distance_cost": 16.209132824981868, "oscillation_cost": 54.04952524865136, "completition_cost": 1000.0, "overshoot_cost": 141.55711612912782, "power_cost": 22.35862213134766, "noise_cost": 71.15915378150198, "n_waypoints_completed": 0, "tot_waypoints": 9}}
{"target": -1482.132088749519, "params": {"k_pid_pos": [9.999999747378752e-05, 1.0, 0.06835854053497314], "k_pid_alt": [1.870233178138733, 1.0, 0.0], "k_pid_att": [96.24659729003906, 0.04410418123006821, 0.0], "k_pid_yaw": [0.5, 1e-06, 0.1], "k_pid_hsp": [0.31331121921539307, 0.0, 0.013118147850036621], "k_pid_vsp": [13.742542266845703, 383.1933898925781, 400.0]}, "datetime": {"datetime": "2025-08-20 22:28:19", "elapsed": 38154.297473192215, "delta": 25.45607614517212}, "costs": {"total_cost": 1482.132088749519, "time_cost": 150, "final_distance_cost": 20.420681123267094, "oscillation_cost": 85.60050300165211, "completition_cost": 1000.0, "overshoot_cost": 142.2664141588159, "power_cost": 19.695424816894533, "noise_cost": 64.14906564888935, "n_waypoints_completed": 0, "tot_waypoints": 9}}
