{"target": -2060.993433753456, "params": {"k_pid_pos": [9.999999747378752e-05, 0.9663726091384888, 0.04059979319572449], "k_pid_alt": [2.0, 1.0, 0.05231669545173645], "k_pid_att": [100.0, 9.999999747378752e-05, 0.09604635834693909], "k_pid_yaw": [0.5, 1e-06, 0.1], "k_pid_hsp": [9.999999747378752e-05, 0.0, 0.014003157615661621], "k_pid_vsp": [31.361961364746094, 387.40948486328125, 393.11627197265625]}, "datetime": {"datetime": "2025-08-20 16:47:46", "elapsed": 17721.059164762497, "delta": 21.934350967407227}, "costs": {"total_cost": 2060.993433753456, "time_cost": 150, "final_distance_cost": 389.06526985108775, "oscillation_cost": 33.18370877695043, "completition_cost": 1000.0, "overshoot_cost": 466.1752175632655, "power_cost": 10.671534887695312, "noise_cost": 11.897702674456756, "n_waypoints_completed": 0, "tot_waypoints": 9}}
{"target": -1485.8385463131988, "params": {"k_pid_pos": [9.999999747378752e-05, 0.9879943132400513, 0.0], "k_pid_alt": [2.0, 1.0, 0.0], "k_pid_att": [97.19320678710938, 9.999999747378752e-05, 0.032930612564086914], "k_pid_yaw": [0.5, 1e-06, 0.1], "k_pid_hsp": [0.10994280874729156, 0.0, 0.018253177404403687], "k_pid_vsp": [2.417421340942383, 375.86444091796875, 384.5196838378906]}, "datetime": {"datetime": "2025-08-20 16:48:09", "elapsed": 17743.52673959732, "delta": 22.46757483482361}, "costs": {"total_cost": 1485.8385463131988, "time_cost": 150, "final_distance_cost": 17.22469751754922, "oscillation_cost": 64.92882259042607, "completition_cost": 1000.0, "overshoot_cost": 140.2772239314078, "power_cost": 29.09430651855469, "noise_cost": 84.31349575526089, "n_waypoints_completed": 0, "tot_waypoints": 9}}
{"target": -1374.2132498482633, "params": {"k_pid_pos": [9.999999747378752e-05, 1.0, 0.0], "k_pid_alt": [2.0, 1.0, 0.09335851669311523], "k_pid_att": [97.66462707519531, 0.5245545506477356, 0.01801621913909912], "k_pid_yaw": [0.5, 1e-06, 0.1], "k_pid_hsp": [0.152301624417305, 0.013440549373626709, 0.05271860957145691], "k_pid_vsp": [0.0, 382.4444885253906, 391.225341796875]}, "datetime": {"datetime": "2025-08-20 16:48:31", "elapsed": 17765.628114700317, "delta": 22.101375102996826}, "costs": {"total_cost": 1374.2132498482633, "time_cost": 150, "final_distance_cost": 56.55450987951911, "oscillation_cost": 132.04774955713984, "completition_cost": 888.8888888888888, "overshoot_cost": 95.55674722476782, "power_cost": 23.16192342529297, "noise_cost": 28.003430872654615, "n_waypoints_completed": 1, "tot_waypoints": 9}}
{"target": -1501.310905601751, "params": {"k_pid_pos": [9.999999747378752e-05, 0.9357427954673767, 0.018093496561050415], "k_pid_alt": [1.9660789966583252, 0.9854269027709961, 0.004396557807922363], "k_pid_att": [89.53850555419922, 9.999999747378752e-05, 0.0], "k_pid_yaw": [0.5, 1e-06, 0.1], "k_pid_hsp": [0.21209163963794708, 0.09391599893569946, 7.995963096618652e-05], "k_pid_vsp": [8.152961730957031, 400.0, 400.0]}, "datetime": {"datetime": "2025-08-20 16:48:53", "elapsed": 17787.694784879684, "delta": 22.066670179367065}, "costs": {"total_cost": 1501.310905601751, "time_cost": 150, "final_distance_cost": 19.519747343692234, "oscillation_cost": 54.204400524799965, "completition_cost": 1000.0, "overshoot_cost": 141.64941055919246, "power_cost": 34.82138309326172, "noise_cost": 101.11596408080464, "n_waypoints_completed": 0, "tot_waypoints": 9}}
{"target": -1943.1102535565506, "params": {"k_pid_pos": [9.999999747378752e-05, 1.0, 0.04227486252784729], "k_pid_alt": [1.9177782535552979, 1.0, 0.014881134033203125], "k_pid_att": [100.0, 9.999999747378752e-05, 0.0], "k_pid_yaw": [0.5, 1e-06, 0.1], "k_pid_hsp": [9.999999747378752e-05, 0.0, 0.0], "k_pid_vsp": [0.0, 386.3360900878906, 383.5394287109375]}, "datetime": {"datetime": "2025-08-20 16:49:15", "elapsed": 17809.69693493843, "delta": 22.002150058746338}, "costs": {"total_cost": 1943.1102535565506, "time_cost": 150, "final_distance_cost": 343.952905705128, "oscillation_cost": 31.14075296617334, "completition_cost": 1000.0, "overshoot_cost": 393.15216751866376, "power_cost": 11.495257397460938, "noise_cost": 13.369169969124357, "n_waypoints_completed": 0, "tot_waypoints": 9}}
{"target": -1963.129859931006, "params": {"k_pid_pos": [0.04201594367623329, 1.0, 0.0], "k_pid_alt": [2.0, 1.0, 0.0], "k_pid_att": [100.0, 9.999999747378752e-05, 0.0], "k_pid_yaw": [0.5, 1e-06, 0.1], "k_pid_hsp": [9.999999747378752e-05, 0.0, 0.000826418399810791], "k_pid_vsp": [25.316452026367188, 377.1426086425781, 396.814453125]}, "datetime": {"datetime": "2025-08-20 16:49:37", "elapsed": 17831.86457633972, "delta": 22.167641401290894}, "costs": {"total_cost": 1963.129859931006, "time_cost": 150, "final_distance_cost": 350.97216199568203, "oscillation_cost": 31.5915694806137, "completition_cost": 1000.0, "overshoot_cost": 407.11843414326347, "power_cost": 11.074467236328125, "noise_cost": 12.373227075118512, "n_waypoints_completed": 0, "tot_waypoints": 9}}
{"target": -1452.3323625154185, "params": {"k_pid_pos": [0.07719654589891434, 0.9850995540618896, 0.0], "k_pid_alt": [1.8075826168060303, 1.0, 0.08612021803855896], "k_pid_att": [100.0, 9.999999747378752e-05, 0.0], "k_pid_yaw": [0.5, 1e-06, 0.1], "k_pid_hsp": [0.09600917249917984, 0.0, 0.0], "k_pid_vsp": [12.256717681884766, 382.4834289550781, 400.0]}, "datetime": {"datetime": "2025-08-20 16:50:00", "elapsed": 17854.798229694366, "delta": 22.933653354644775}, "costs": {"total_cost": 1452.3323625154185, "time_cost": 150, "final_distance_cost": 10.968599096460022, "oscillation_cost": 51.95523328061509, "completition_cost": 1000.0, "overshoot_cost": 140.26493902163068, "power_cost": 24.047515490722656, "noise_cost": 75.09607562599005, "n_waypoints_completed": 0, "tot_waypoints": 9}}
{"target": -1909.6051243366587, "params": {"k_pid_pos": [9.999999747378752e-05, 1.0, 0.0], "k_pid_alt": [1.9328391551971436, 1.0, 0.0], "k_pid_att": [96.70361328125, 9.999999747378752e-05, 0.05049329996109009], "k_pid_yaw": [0.5, 1e-06, 0.1], "k_pid_hsp": [9.999999747378752e-05, 0.0, 0.0], "k_pid_vsp": [29.57870864868164, 400.0, 378.3760681152344]}, "datetime": {"datetime": "2025-08-20 16:50:22", "elapsed": 17876.733433008194, "delta": 21.935203313827515}, "costs": {"total_cost": 1909.6051243366587, "time_cost": 150, "final_distance_cost": 331.9002515936005, "oscillation_cost": 30.016873665109696, "completition_cost": 1000.0, "overshoot_cost": 371.17338219004836, "power_cost": 12.03026484375, "noise_cost": 14.484352044149926, "n_waypoints_completed": 0, "tot_waypoints": 9}}
{"target": -1479.3952887997668, "params": {"k_pid_pos": [0.20769521594047546, 1.0, 0.0], "k_pid_alt": [2.0, 1.0, 0.0], "k_pid_att": [100.0, 9.999999747378752e-05, 0.0], "k_pid_yaw": [0.5, 1e-06, 0.1], "k_pid_hsp": [0.6991580724716187, 0.0, 0.0065521299839019775], "k_pid_vsp": [0.0, 400.0, 380.61224365234375]}, "datetime": {"datetime": "2025-08-20 16:50:44", "elapsed": 17899.134608983994, "delta": 22.40117597579956}, "costs": {"total_cost": 1479.3952887997668, "time_cost": 150, "final_distance_cost": 11.191336809123248, "oscillation_cost": 85.38464381273504, "completition_cost": 1000.0, "overshoot_cost": 139.11776727862943, "power_cost": 22.45482624511719, "noise_cost": 71.24671465416208, "n_waypoints_completed": 0, "tot_waypoints": 9}}
{"target": -4015.784358339817, "params": {"k_pid_pos": [0.11399639397859573, 0.9893595576286316, 0.04818102717399597], "k_pid_alt": [1.8814890384674072, 1.0, 0.0], "k_pid_att": [99.34272003173828, 9.999999747378752e-05, 0.0], "k_pid_yaw": [0.5, 1e-06, 0.1], "k_pid_hsp": [9.999999747378752e-05, 0.0, 0.03030526638031006], "k_pid_vsp": [0.0, 382.7108459472656, 376.67352294921875]}, "datetime": {"datetime": "2025-08-20 16:51:08", "elapsed": 17923.069196224213, "delta": 23.934587240219116}, "costs": {"total_cost": 4015.784358339817, "time_cost": 150, "final_distance_cost": 1072.7437381899906, "oscillation_cost": 81.05682851825945, "completition_cost": 1000.0, "overshoot_cost": 1683.6887604208573, "power_cost": 15.21080126953125, "noise_cost": 13.084229941178808, "n_waypoints_completed": 0, "tot_waypoints": 9}}
{"target": -1875.8250315596686, "params": {"k_pid_pos": [9.999999747378752e-05, 0.8935692310333252, 0.05855077505111694], "k_pid_alt": [1.9740744829177856, 0.8654145002365112, 0.0], "k_pid_att": [92.68561553955078, 9.999999747378752e-05, 0.026218414306640625], "k_pid_yaw": [0.5, 1e-06, 0.1], "k_pid_hsp": [9.999999747378752e-05, 0.0, 0.0], "k_pid_vsp": [0.0, 400.0, 370.4449768066406]}, "datetime": {"datetime": "2025-08-20 16:51:31", "elapsed": 17946.103250980377, "delta": 23.03405475616455}, "costs": {"total_cost": 1875.8250315596686, "time_cost": 150, "final_distance_cost": 320.83146511070345, "oscillation_cost": 29.037407400776846, "completition_cost": 1000.0, "overshoot_cost": 350.6759589602233, "power_cost": 11.71253778076172, "noise_cost": 13.567662307203168, "n_waypoints_completed": 0, "tot_waypoints": 9}}
{"target": -3173.207819211824, "params": {"k_pid_pos": [9.999999747378752e-05, 0.957497239112854, 0.058053940534591675], "k_pid_alt": [1.8474841117858887, 1.0, 0.0], "k_pid_att": [100.0, 9.999999747378752e-05, 0.011677026748657227], "k_pid_yaw": [0.5, 1e-06, 0.1], "k_pid_hsp": [0.01346769742667675, 0.0, 0.07084006071090698], "k_pid_vsp": [0.0, 400.0, 400.0]}, "datetime": {"datetime": "2025-08-20 16:51:53", "elapsed": 17968.409660100937, "delta": 22.306409120559692}, "costs": {"total_cost": 3173.207819211824, "time_cost": 150, "final_distance_cost": 671.3514898491486, "oscillation_cost": 288.70889253997564, "completition_cost": 1000.0, "overshoot_cost": 1025.295635286171, "power_cost": 21.102466723632812, "noise_cost": 16.749334812895636, "n_waypoints_completed": 0, "tot_waypoints": 9}}
{"target": -1467.176149519439, "params": {"k_pid_pos": [9.999999747378752e-05, 0.9712342023849487, 0.015041500329971313], "k_pid_alt": [2.0, 0.9717738628387451, 0.0], "k_pid_att": [100.0, 0.8074922561645508, 0.018934041261672974], "k_pid_yaw": [0.5, 1e-06, 0.1], "k_pid_hsp": [0.560804545879364, 0.0, 0.012800127267837524], "k_pid_vsp": [0.0, 393.17779541015625, 400.0]}, "datetime": {"datetime": "2025-08-20 16:52:16", "elapsed": 17990.839052438736, "delta": 22.429392337799072}, "costs": {"total_cost": 1467.176149519439, "time_cost": 150, "final_distance_cost": 11.020554305441394, "oscillation_cost": 83.97691911546838, "completition_cost": 1000.0, "overshoot_cost": 144.97246565207442, "power_cost": 17.56629422607422, "noise_cost": 59.6399162203806, "n_waypoints_completed": 0, "tot_waypoints": 9}}
{"target": -1467.7245286433285, "params": {"k_pid_pos": [9.999999747378752e-05, 0.916080892086029, 0.024630248546600342], "k_pid_alt": [2.0, 0.9729167222976685, 0.09186136722564697], "k_pid_att": [97.8902816772461, 0.08318744599819183, 0.03945702314376831], "k_pid_yaw": [0.5, 1e-06, 0.1], "k_pid_hsp": [9.999999747378752e-05, 0.044005751609802246, 0.0], "k_pid_vsp": [16.573810577392578, 400.0, 376.39471435546875]}, "datetime": {"datetime": "2025-08-20 16:52:37", "elapsed": 18012.39130616188, "delta": 21.55225372314453}, "costs": {"total_cost": 1467.7245286433285, "time_cost": 150, "final_distance_cost": 32.02668384851072, "oscillation_cost": 32.66289954291982, "completition_cost": 1000.0, "overshoot_cost": 154.12228214603476, "power_cost": 24.549656494140628, "noise_cost": 74.3630066117227, "n_waypoints_completed": 0, "tot_waypoints": 9}}
{"target": -1922.9773475455409, "params": {"k_pid_pos": [0.03796499967575073, 1.0, 0.0], "k_pid_alt": [2.0, 0.9306080341339111, 0.0], "k_pid_att": [100.0, 9.999999747378752e-05, 0.03169485926628113], "k_pid_yaw": [0.5, 1e-06, 0.1], "k_pid_hsp": [9.999999747378752e-05, 0.060775190591812134, 0.03588041663169861], "k_pid_vsp": [0.0, 400.0, 400.0]}, "datetime": {"datetime": "2025-08-20 16:53:00", "elapsed": 18034.91287136078, "delta": 22.521565198898315}, "costs": {"total_cost": 1922.9773475455409, "time_cost": 150, "final_distance_cost": 287.1738135901014, "oscillation_cost": 74.42630170120921, "completition_cost": 1000.0, "overshoot_cost": 365.89539962054727, "power_cost": 25.40557320556641, "noise_cost": 20.07625942811639, "n_waypoints_completed": 0, "tot_waypoints": 9}}
{"target": -1481.882147431896, "params": {"k_pid_pos": [0.05378947779536247, 1.0, 0.0], "k_pid_alt": [2.0, 1.0, 0.029473185539245605], "k_pid_att": [92.93238067626953, 9.999999747378752e-05, 0.027529656887054443], "k_pid_yaw": [0.5, 1e-06, 0.1], "k_pid_hsp": [0.37002894282341003, 0.0, 0.05480599403381348], "k_pid_vsp": [0.0, 400.0, 400.0]}, "datetime": {"datetime": "2025-08-20 16:53:22", "elapsed": 18057.377844572067, "delta": 22.464973211288452}, "costs": {"total_cost": 1481.882147431896, "time_cost": 150, "final_distance_cost": 15.533174662788054, "oscillation_cost": 128.26302334315488, "completition_cost": 1000.0, "overshoot_cost": 125.95388713710365, "power_cost": 27.364550891113282, "noise_cost": 34.76751139773615, "n_waypoints_completed": 0, "tot_waypoints": 9}}
{"target": -1389.9043764086812, "params": {"k_pid_pos": [9.999999747378752e-05, 0.9760066866874695, 0.0], "k_pid_alt": [1.9953795671463013, 0.9426244497299194, 0.0], "k_pid_att": [93.96513366699219, 0.3082868754863739, 0.0], "k_pid_yaw": [0.5, 1e-06, 0.1], "k_pid_hsp": [0.14804261922836304, 0.05614829063415527, 0.0], "k_pid_vsp": [32.521690368652344, 400.0, 400.0]}, "datetime": {"datetime": "2025-08-20 16:53:45", "elapsed": 18079.943417072296, "delta": 22.565572500228882}, "costs": {"total_cost": 1389.9043764086812, "time_cost": 150, "final_distance_cost": 8.503642937879652, "oscillation_cost": 54.86968405225743, "completition_cost": 1000.0, "overshoot_cost": 142.1366931917854, "power_cost": 5.133196423339844, "noise_cost": 29.261159803419048, "n_waypoints_completed": 0, "tot_waypoints": 9}}
{"target": -1458.0590949881655, "params": {"k_pid_pos": [9.999999747378752e-05, 0.9540550708770752, 0.03441274166107178], "k_pid_alt": [1.9743785858154297, 1.0, 0.05148041248321533], "k_pid_att": [99.9181137084961, 0.7885745763778687, 0.0], "k_pid_yaw": [0.5, 1e-06, 0.1], "k_pid_hsp": [9.999999747378752e-05, 0.04192006587982178, 0.0], "k_pid_vsp": [0.0, 400.0, 400.0]}, "datetime": {"datetime": "2025-08-20 16:54:08", "elapsed": 18102.81077504158, "delta": 22.867357969284058}, "costs": {"total_cost": 1458.0590949881655, "time_cost": 150, "final_distance_cost": 32.763072997786, "oscillation_cost": 33.31570822161358, "completition_cost": 1000.0, "overshoot_cost": 154.57261869981386, "power_cost": 21.37701005859375, "noise_cost": 66.03068501035843, "n_waypoints_completed": 0, "tot_waypoints": 9}}
{"target": -1441.551694095758, "params": {"k_pid_pos": [0.13445603847503662, 0.9768850803375244, 0.0], "k_pid_alt": [2.0, 0.9180901050567627, 0.0], "k_pid_att": [96.61251068115234, 9.999999747378752e-05, 0.0], "k_pid_yaw": [0.5, 1e-06, 0.1], "k_pid_hsp": [9.999999747378752e-05, 0.07301297783851624, 0.013692885637283325], "k_pid_vsp": [0.0, 379.96734619140625, 388.7140197753906]}, "datetime": {"datetime": "2025-08-20 16:54:31", "elapsed": 18125.64542722702, "delta": 22.834652185440063}, "costs": {"total_cost": 1441.551694095758, "time_cost": 150, "final_distance_cost": 21.107258853337854, "oscillation_cost": 42.76068628446013, "completition_cost": 1000.0, "overshoot_cost": 146.08629778712282, "power_cost": 18.81119479980469, "noise_cost": 62.78625637103236, "n_waypoints_completed": 0, "tot_waypoints": 9}}
{"target": -1491.5110790589665, "params": {"k_pid_pos": [9.999999747378752e-05, 1.0, 0.0], "k_pid_alt": [1.9237563610076904, 0.9175272583961487, 0.0], "k_pid_att": [100.0, 0.15788115561008453, 0.0], "k_pid_yaw": [0.5, 1e-06, 0.1], "k_pid_hsp": [0.5814599990844727, 0.07042306661605835, 0.07684636116027832], "k_pid_vsp": [12.557530403137207, 340.8121032714844, 400.0]}, "datetime": {"datetime": "2025-08-20 16:54:53", "elapsed": 18148.44625902176, "delta": 22.80083179473877}, "costs": {"total_cost": 1491.5110790589665, "time_cost": 150, "final_distance_cost": 8.000665651567777, "oscillation_cost": 147.26902029207267, "completition_cost": 1000.0, "overshoot_cost": 135.49595344243468, "power_cost": 14.822402600097657, "noise_cost": 35.92303707279359, "n_waypoints_completed": 0, "tot_waypoints": 9}}
{"target": -1476.5032529661737, "params": {"k_pid_pos": [0.13527871668338776, 0.9456380605697632, 0.0], "k_pid_alt": [2.0, 1.0, 0.04185223579406738], "k_pid_att": [94.90618133544922, 9.999999747378752e-05, 0.05266249179840088], "k_pid_yaw": [0.5, 1e-06, 0.1], "k_pid_hsp": [0.40470805764198303, 0.0, 0.0], "k_pid_vsp": [25.932048797607422, 373.37103271484375, 370.84088134765625]}, "datetime": {"datetime": "2025-08-20 16:55:20", "elapsed": 18174.62877702713, "delta": 26.182518005371094}, "costs": {"total_cost": 1476.5032529661737, "time_cost": 150, "final_distance_cost": 8.599405278842223, "oscillation_cost": 61.64190958230158, "completition_cost": 1000.0, "overshoot_cost": 139.15677807372455, "power_cost": 29.37780665283203, "noise_cost": 87.72735337847331, "n_waypoints_completed": 0, "tot_waypoints": 9}}
{"target": -1493.6197946316622, "params": {"k_pid_pos": [9.999999747378752e-05, 1.0, 0.0], "k_pid_alt": [1.9909234046936035, 1.0, 0.0], "k_pid_att": [97.65523529052734, 0.6505813598632812, 0.0], "k_pid_yaw": [0.5, 1e-06, 0.1], "k_pid_hsp": [0.25269538164138794, 0.0, 0.0], "k_pid_vsp": [46.85386276245117, 367.3769226074219, 392.64349365234375]}, "datetime": {"datetime": "2025-08-20 16:55:43", "elapsed": 18198.275322437286, "delta": 23.64654541015625}, "costs": {"total_cost": 1493.6197946316622, "time_cost": 150, "final_distance_cost": 11.346981037864968, "oscillation_cost": 56.002438150909576, "completition_cost": 1000.0, "overshoot_cost": 140.40285627407633, "power_cost": 34.780999926757815, "noise_cost": 101.08651924205328, "n_waypoints_completed": 0, "tot_waypoints": 9}}
{"target": -1913.351852849392, "params": {"k_pid_pos": [9.999999747378752e-05, 0.9897133708000183, 0.0], "k_pid_alt": [2.0, 1.0, 0.0], "k_pid_att": [100.0, 0.18575945496559143, 0.03373578190803528], "k_pid_yaw": [0.5, 1e-06, 0.1], "k_pid_hsp": [9.999999747378752e-05, 0.0, 0.0], "k_pid_vsp": [0.0, 400.0, 373.1007385253906]}, "datetime": {"datetime": "2025-08-20 16:56:06", "elapsed": 18221.05377149582, "delta": 22.778449058532715}, "costs": {"total_cost": 1913.351852849392, "time_cost": 150, "final_distance_cost": 333.45119674506253, "oscillation_cost": 30.694186151155687, "completition_cost": 1000.0, "overshoot_cost": 372.65342595272875, "power_cost": 11.989642431640625, "noise_cost": 14.5634015688043, "n_waypoints_completed": 0, "tot_waypoints": 9}}
{"target": -2975.876953900744, "params": {"k_pid_pos": [9.999999747378752e-05, 1.0, 0.0], "k_pid_alt": [1.9341955184936523, 1.0, 0.0], "k_pid_att": [100.0, 9.999999747378752e-05, 0.0], "k_pid_yaw": [0.5, 1e-06, 0.1], "k_pid_hsp": [9.999999747378752e-05, 0.05276596546173096, 0.09308230876922607], "k_pid_vsp": [0.0, 400.0, 400.0]}, "datetime": {"datetime": "2025-08-20 16:56:31", "elapsed": 18245.632009983063, "delta": 24.578238487243652}, "costs": {"total_cost": 2975.876953900744, "time_cost": 150, "final_distance_cost": 536.8624029722423, "oscillation_cost": 380.5700239844963, "completition_cost": 1000.0, "overshoot_cost": 868.7189474457291, "power_cost": 22.10657911376953, "noise_cost": 17.61900038450698, "n_waypoints_completed": 0, "tot_waypoints": 9}}
{"target": -1928.7451502490462, "params": {"k_pid_pos": [9.999999747378752e-05, 0.9777365326881409, 0.0], "k_pid_alt": [1.8067355155944824, 0.9881666898727417, 0.007422149181365967], "k_pid_att": [99.82946014404297, 9.999999747378752e-05, 0.0], "k_pid_yaw": [0.5, 1e-06, 0.1], "k_pid_hsp": [9.999999747378752e-05, 0.0, 0.0], "k_pid_vsp": [9.243249893188477, 400.0, 400.0]}, "datetime": {"datetime": "2025-08-20 16:56:54", "elapsed": 18268.799731969833, "delta": 23.16772198677063}, "costs": {"total_cost": 1928.7451502490462, "time_cost": 150, "final_distance_cost": 339.0559059555349, "oscillation_cost": 30.93958568352049, "completition_cost": 1000.0, "overshoot_cost": 383.260954598892, "power_cost": 11.661708276367188, "noise_cost": 13.826995734731668, "n_waypoints_completed": 0, "tot_waypoints": 9}}
{"target": -1475.4720313505775, "params": {"k_pid_pos": [9.999999747378752e-05, 1.0, 0.10546189546585083], "k_pid_alt": [2.0, 0.9609010219573975, 0.09337708353996277], "k_pid_att": [100.0, 0.6266151666641235, 0.0], "k_pid_yaw": [0.5, 1e-06, 0.1], "k_pid_hsp": [0.47634586691856384, 0.0, 0.0], "k_pid_vsp": [0.0, 381.4764099121094, 400.0]}, "datetime": {"datetime": "2025-08-20 16:57:16", "elapsed": 18291.383955717087, "delta": 22.584223747253418}, "costs": {"total_cost": 1475.4720313505775, "time_cost": 150, "final_distance_cost": 11.481975418392306, "oscillation_cost": 63.08933838981125, "completition_cost": 1000.0, "overshoot_cost": 139.39528821786118, "power_cost": 27.65937429199219, "noise_cost": 83.84605503252048, "n_waypoints_completed": 0, "tot_waypoints": 9}}
{"target": -1499.5249594708764, "params": {"k_pid_pos": [9.999999747378752e-05, 0.9460431933403015, 0.09369933605194092], "k_pid_alt": [1.9797130823135376, 0.9379594326019287, 0.0], "k_pid_att": [92.62348175048828, 9.999999747378752e-05, 0.0], "k_pid_yaw": [0.5, 1e-06, 0.1], "k_pid_hsp": [0.3674233555793762, 0.07426121830940247, 0.0], "k_pid_vsp": [0.0, 362.4335632324219, 397.251953125]}, "datetime": {"datetime": "2025-08-20 16:57:38", "elapsed": 18313.451617002487, "delta": 22.06766128540039}, "costs": {"total_cost": 1499.5249594708764, "time_cost": 150, "final_distance_cost": 11.215417359461583, "oscillation_cost": 58.0791674341287, "completition_cost": 1000.0, "overshoot_cost": 139.89598882854682, "power_cost": 36.1052338256836, "noise_cost": 104.22915202305578, "n_waypoints_completed": 0, "tot_waypoints": 9}}
