{"target": -2302.350680924691, "params": {"k_pid_pos": [0.15118557214736938, 1.0, 0.0], "k_pid_alt": [2.0, 0.9556033611297607, 0.0435107946395874], "k_pid_att": [100.0, 9.999999747378752e-05, 0.032497406005859375], "k_pid_yaw": [0.5, 1e-06, 0.1], "k_pid_hsp": [9.999999747378752e-05, 0.03267201781272888, 0.04130604863166809], "k_pid_vsp": [35.514808654785156, 400.0, 358.8260498046875]}, "datetime": {"datetime": "2025-08-21 00:25:07", "elapsed": 45162.13571667671, "delta": 23.12168598175049}, "costs": {"total_cost": 2302.350680924691, "time_cost": 150, "final_distance_cost": 379.49316557680777, "oscillation_cost": 118.91508740473805, "completition_cost": 1000.0, "overshoot_cost": 615.4052895466353, "power_cost": 21.033431372070314, "noise_cost": 17.503707024439166, "n_waypoints_completed": 0, "tot_waypoints": 9}}
{"target": -1996.8006508557264, "params": {"k_pid_pos": [0.009785925969481468, 1.0, 0.023101747035980225], "k_pid_alt": [1.918903112411499, 0.9058539271354675, 0.0], "k_pid_att": [95.32614135742188, 9.999999747378752e-05, 0.0], "k_pid_yaw": [0.5, 1e-06, 0.1], "k_pid_hsp": [9.999999747378752e-05, 0.0, 0.01396876573562622], "k_pid_vsp": [9.34861946105957, 400.0, 377.5556945800781]}, "datetime": {"datetime": "2025-08-21 00:25:29", "elapsed": 45183.828901052475, "delta": 21.69318437576294}, "costs": {"total_cost": 1996.8006508557264, "time_cost": 150, "final_distance_cost": 364.84830544759683, "oscillation_cost": 34.11526329815887, "completition_cost": 1000.0, "overshoot_cost": 425.08608412306774, "power_cost": 10.894463452148438, "noise_cost": 11.856534534754482, "n_waypoints_completed": 0, "tot_waypoints": 9}}
{"target": -1497.7960770188788, "params": {"k_pid_pos": [9.999999747378752e-05, 0.9727479219436646, 0.06226515769958496], "k_pid_alt": [1.912557601928711, 1.0, 0.007972627878189087], "k_pid_att": [100.0, 9.999999747378752e-05, 0.0], "k_pid_yaw": [0.5, 1e-06, 0.1], "k_pid_hsp": [0.3844727873802185, 0.046361714601516724, 0.0], "k_pid_vsp": [0.0, 400.0, 400.0]}, "datetime": {"datetime": "2025-08-21 00:25:52", "elapsed": 45207.12743830681, "delta": 23.298537254333496}, "costs": {"total_cost": 1497.7960770188788, "time_cost": 150, "final_distance_cost": 12.047841397800305, "oscillation_cost": 59.375721210554374, "completition_cost": 1000.0, "overshoot_cost": 139.87507968054302, "power_cost": 34.946609997558596, "noise_cost": 101.55082473242263, "n_waypoints_completed": 0, "tot_waypoints": 9}}
{"target": -1912.1900897031226, "params": {"k_pid_pos": [9.999999747378752e-05, 1.0, 0.0], "k_pid_alt": [1.9842431545257568, 1.0, 0.04529142379760742], "k_pid_att": [99.17832946777344, 9.999999747378752e-05, 0.07821580767631531], "k_pid_yaw": [0.5, 1e-06, 0.1], "k_pid_hsp": [9.999999747378752e-05, 0.0, 0.0], "k_pid_vsp": [13.780986785888672, 400.0, 400.0]}, "datetime": {"datetime": "2025-08-21 00:26:16", "elapsed": 45230.79791903496, "delta": 23.670480728149414}, "costs": {"total_cost": 1912.1900897031226, "time_cost": 150, "final_distance_cost": 332.64975650474844, "oscillation_cost": 30.619781607035872, "completition_cost": 1000.0, "overshoot_cost": 372.83478823388333, "power_cost": 11.864899548339844, "noise_cost": 14.22086380911527, "n_waypoints_completed": 0, "tot_waypoints": 9}}
{"target": -1528.3004132311753, "params": {"k_pid_pos": [9.999999747378752e-05, 0.9205102920532227, 0.05922237038612366], "k_pid_alt": [1.9224514961242676, 1.0, 0.030878573656082153], "k_pid_att": [99.57646942138672, 0.3215884268283844, 0.0015349388122558594], "k_pid_yaw": [0.5, 1e-06, 0.1], "k_pid_hsp": [0.6173413395881653, 0.0, 0.06866264343261719], "k_pid_vsp": [30.552600860595703, 400.0, 400.0]}, "datetime": {"datetime": "2025-08-21 00:26:39", "elapsed": 45253.5572206974, "delta": 22.75930166244507}, "costs": {"total_cost": 1528.3004132311753, "time_cost": 150, "final_distance_cost": 11.119208610336429, "oscillation_cost": 159.11267471895744, "completition_cost": 1000.0, "overshoot_cost": 134.3805244661616, "power_cost": 25.506014123535156, "noise_cost": 48.18199131218465, "n_waypoints_completed": 0, "tot_waypoints": 9}}
{"target": -1383.4933032524864, "params": {"k_pid_pos": [0.03406877815723419, 0.9462811350822449, 0.04867976903915405], "k_pid_alt": [1.883666753768921, 1.0, 0.058734238147735596], "k_pid_att": [100.0, 9.999999747378752e-05, 0.0], "k_pid_yaw": [0.5, 1e-06, 0.1], "k_pid_hsp": [0.027714258059859276, 0.0, 0.017084091901779175], "k_pid_vsp": [0.0, 400.0, 369.95953369140625]}, "datetime": {"datetime": "2025-08-21 00:27:02", "elapsed": 45276.804805994034, "delta": 23.24758529663086}, "costs": {"total_cost": 1383.4933032524864, "time_cost": 150, "final_distance_cost": 26.3712413051344, "oscillation_cost": 33.46024751526208, "completition_cost": 1000.0, "overshoot_cost": 104.4436544010741, "power_cost": 37.30623751220703, "noise_cost": 31.91192251880881, "n_waypoints_completed": 0, "tot_waypoints": 9}}
{"target": -1775.9394713300926, "params": {"k_pid_pos": [9.999999747378752e-05, 0.9852163791656494, 0.0829412043094635], "k_pid_alt": [2.0, 1.0, 0.0], "k_pid_att": [100.0, 9.999999747378752e-05, 0.04158926010131836], "k_pid_yaw": [0.5, 1e-06, 0.1], "k_pid_hsp": [9.999999747378752e-05, 0.0, 0.019630074501037598], "k_pid_vsp": [0.0, 400.0, 400.0]}, "datetime": {"datetime": "2025-08-21 00:27:25", "elapsed": 45299.78715920448, "delta": 22.98235321044922}, "costs": {"total_cost": 1775.9394713300926, "time_cost": 150, "final_distance_cost": 302.71621995536685, "oscillation_cost": 22.432775232386035, "completition_cost": 888.8888888888888, "overshoot_cost": 349.2394696040409, "power_cost": 36.43536253662109, "noise_cost": 26.22675511278883, "n_waypoints_completed": 1, "tot_waypoints": 9}}
{"target": -1495.4084719347304, "params": {"k_pid_pos": [9.999999747378752e-05, 1.0, 0.056671082973480225], "k_pid_alt": [1.945875644683838, 1.0, 0.0], "k_pid_att": [99.61622619628906, 0.07550597935914993, 0.0], "k_pid_yaw": [0.5, 1e-06, 0.1], "k_pid_hsp": [0.5101637244224548, 0.0, 0.05913802981376648], "k_pid_vsp": [10.280537605285645, 400.0, 398.9350891113281]}, "datetime": {"datetime": "2025-08-21 00:27:49", "elapsed": 45324.14970755577, "delta": 24.362548351287842}, "costs": {"total_cost": 1495.4084719347304, "time_cost": 150, "final_distance_cost": 16.553290495314464, "oscillation_cost": 140.15588449445903, "completition_cost": 1000.0, "overshoot_cost": 131.97670311908544, "power_cost": 20.955909179687502, "noise_cost": 35.76668464618385, "n_waypoints_completed": 0, "tot_waypoints": 9}}
{"target": -3967.915692454574, "params": {"k_pid_pos": [0.10883864760398865, 1.0, 0.0], "k_pid_alt": [1.8733253479003906, 1.0, 0.0], "k_pid_att": [100.0, 9.999999747378752e-05, 0.026031434535980225], "k_pid_yaw": [0.5, 1e-06, 0.1], "k_pid_hsp": [9.999999747378752e-05, 0.0, 0.03723931312561035], "k_pid_vsp": [20.960617065429688, 400.0, 400.0]}, "datetime": {"datetime": "2025-08-21 00:28:11", "elapsed": 45346.14353489876, "delta": 21.99382734298706}, "costs": {"total_cost": 3967.915692454574, "time_cost": 150, "final_distance_cost": 1003.6129606265953, "oscillation_cost": 94.6498877833851, "completition_cost": 1000.0, "overshoot_cost": 1681.172358025955, "power_cost": 20.999511926269534, "noise_cost": 17.480974092369078, "n_waypoints_completed": 0, "tot_waypoints": 9}}
{"target": -1394.428075974041, "params": {"k_pid_pos": [9.999999747378752e-05, 1.0, 0.019528687000274658], "k_pid_alt": [2.0, 1.0, 0.0], "k_pid_att": [100.0, 9.999999747378752e-05, 0.010769456624984741], "k_pid_yaw": [0.5, 1e-06, 0.1], "k_pid_hsp": [0.12943542003631592, 0.0, 0.0], "k_pid_vsp": [14.461862564086914, 400.0, 392.1274108886719]}, "datetime": {"datetime": "2025-08-21 00:28:34", "elapsed": 45369.49212241173, "delta": 23.34858751296997}, "costs": {"total_cost": 1394.428075974041, "time_cost": 150, "final_distance_cost": 10.742714594758354, "oscillation_cost": 55.046496997692486, "completition_cost": 1000.0, "overshoot_cost": 140.56409394326258, "power_cost": 6.144839916992188, "noise_cost": 31.929930521335276, "n_waypoints_completed": 0, "tot_waypoints": 9}}
{"target": -1421.038312293542, "params": {"k_pid_pos": [9.999999747378752e-05, 0.9786237478256226, 0.0], "k_pid_alt": [1.9853098392486572, 1.0, 0.0], "k_pid_att": [100.0, 0.24521389603614807, 0.054760098457336426], "k_pid_yaw": [0.5, 1e-06, 0.1], "k_pid_hsp": [0.4876461923122406, 0.0, 0.0], "k_pid_vsp": [0.0, 400.0, 377.3305358886719]}, "datetime": {"datetime": "2025-08-21 00:28:58", "elapsed": 45393.50649237633, "delta": 24.01436996459961}, "costs": {"total_cost": 1421.038312293542, "time_cost": 150, "final_distance_cost": 17.53498446886111, "oscillation_cost": 65.22873145398567, "completition_cost": 1000.0, "overshoot_cost": 139.84770333322828, "power_cost": 9.230004040527344, "noise_cost": 39.196888996939634, "n_waypoints_completed": 0, "tot_waypoints": 9}}
{"target": -4078.004014590098, "params": {"k_pid_pos": [9.999999747378752e-05, 1.0, 0.02200371026992798], "k_pid_alt": [1.9146451950073242, 0.7978973984718323, 0.0], "k_pid_att": [97.24877166748047, 0.5927561521530151, 0.002281755208969116], "k_pid_yaw": [0.5, 1e-06, 0.1], "k_pid_hsp": [9.999999747378752e-05, 0.002528280019760132, 0.03155133128166199], "k_pid_vsp": [0.0, 370.7074279785156, 400.0]}, "datetime": {"datetime": "2025-08-21 00:29:21", "elapsed": 45415.59895634651, "delta": 22.092463970184326}, "costs": {"total_cost": 4078.004014590098, "time_cost": 150, "final_distance_cost": 1094.7004576213942, "oscillation_cost": 78.69436270894882, "completition_cost": 1000.0, "overshoot_cost": 1720.5477180771993, "power_cost": 18.840336035156252, "noise_cost": 15.221140147399558, "n_waypoints_completed": 0, "tot_waypoints": 9}}
{"target": -1474.1696709541125, "params": {"k_pid_pos": [9.999999747378752e-05, 0.9818247556686401, 0.06473135948181152], "k_pid_alt": [2.0, 1.0, 0.011452943086624146], "k_pid_att": [97.4488754272461, 0.5811679363250732, 0.015482783317565918], "k_pid_yaw": [0.5, 1e-06, 0.1], "k_pid_hsp": [9.999999747378752e-05, 0.036456912755966187, 0.0], "k_pid_vsp": [29.844688415527344, 381.48822021484375, 400.0]}, "datetime": {"datetime": "2025-08-21 00:29:45", "elapsed": 45439.73426628113, "delta": 24.13530993461609}, "costs": {"total_cost": 1474.1696709541125, "time_cost": 150, "final_distance_cost": 39.676152750451955, "oscillation_cost": 31.193606484011777, "completition_cost": 1000.0, "overshoot_cost": 157.17265409713127, "power_cost": 25.628770910644533, "noise_cost": 70.49848671187276, "n_waypoints_completed": 0, "tot_waypoints": 9}}
{"target": -1511.2612127022494, "params": {"k_pid_pos": [0.007653974462300539, 1.0, 6.949901580810547e-05], "k_pid_alt": [2.0, 0.9208997488021851, 0.0], "k_pid_att": [96.72804260253906, 9.999999747378752e-05, 0.0], "k_pid_yaw": [0.5, 1e-06, 0.1], "k_pid_hsp": [0.759727954864502, 0.04283410310745239, 0.09223902225494385], "k_pid_vsp": [23.035192489624023, 400.0, 400.0]}, "datetime": {"datetime": "2025-08-21 00:30:06", "elapsed": 45461.37132143974, "delta": 21.637055158615112}, "costs": {"total_cost": 1511.2612127022494, "time_cost": 150, "final_distance_cost": 2.3221595006742253, "oscillation_cost": 157.3878187554734, "completition_cost": 1000.0, "overshoot_cost": 135.53261248411232, "power_cost": 22.056713244628906, "noise_cost": 43.96190871736023, "n_waypoints_completed": 0, "tot_waypoints": 9}}
{"target": -1422.677025171884, "params": {"k_pid_pos": [0.042666081339120865, 0.9732998609542847, 0.013520300388336182], "k_pid_alt": [1.891444206237793, 0.9973418116569519, 0.09307414293289185], "k_pid_att": [98.50489807128906, 0.21867519617080688, 0.0], "k_pid_yaw": [0.5, 1e-06, 0.1], "k_pid_hsp": [1.5666898488998413, 0.16694676876068115, 0.0], "k_pid_vsp": [0.0, 400.0, 365.3081970214844]}, "datetime": {"datetime": "2025-08-21 00:30:29", "elapsed": 45484.0340487957, "delta": 22.66272735595703}, "costs": {"total_cost": 1422.677025171884, "time_cost": 150, "final_distance_cost": 10.871930075118392, "oscillation_cost": 70.23781886513885, "completition_cost": 1000.0, "overshoot_cost": 139.09996345853259, "power_cost": 10.331941357421876, "noise_cost": 42.13537141567242, "n_waypoints_completed": 0, "tot_waypoints": 9}}
{"target": -1452.9933068255812, "params": {"k_pid_pos": [0.052461136132478714, 0.9577848315238953, 0.0], "k_pid_alt": [1.9198558330535889, 1.0, 0.0], "k_pid_att": [100.0, 9.999999747378752e-05, 0.0], "k_pid_yaw": [0.5, 1e-06, 0.1], "k_pid_hsp": [0.2681879699230194, 0.0, 0.0240919291973114], "k_pid_vsp": [0.0, 363.3150939941406, 382.4400329589844]}, "datetime": {"datetime": "2025-08-21 00:30:52", "elapsed": 45507.09685707092, "delta": 23.06280827522278}, "costs": {"total_cost": 1452.9933068255812, "time_cost": 150, "final_distance_cost": 5.764586483263873, "oscillation_cost": 85.73588618255603, "completition_cost": 1000.0, "overshoot_cost": 139.67261750356798, "power_cost": 16.460704248046877, "noise_cost": 55.35951240814639, "n_waypoints_completed": 0, "tot_waypoints": 9}}
{"target": -3246.222720721739, "params": {"k_pid_pos": [9.999999747378752e-05, 0.9489216804504395, 0.01223677396774292], "k_pid_alt": [2.0, 0.9247974157333374, 0.08806735277175903], "k_pid_att": [98.83413696289062, 1.0331370830535889, 0.07621952891349792], "k_pid_yaw": [0.5, 1e-06, 0.1], "k_pid_hsp": [9.999999747378752e-05, 0.04468366503715515, 0.06079453229904175], "k_pid_vsp": [0.0, 400.0, 400.0]}, "datetime": {"datetime": "2025-08-21 00:31:15", "elapsed": 45530.24325942993, "delta": 23.14640235900879}, "costs": {"total_cost": 3246.222720721739, "time_cost": 150, "final_distance_cost": 728.6323686781969, "oscillation_cost": 151.0054278482, "completition_cost": 1000.0, "overshoot_cost": 1177.0484205545172, "power_cost": 21.88546268310547, "noise_cost": 17.65104095771935, "n_waypoints_completed": 0, "tot_waypoints": 9}}
{"target": -1472.8765093186928, "params": {"k_pid_pos": [9.999999747378752e-05, 1.0, 0.0], "k_pid_alt": [2.0, 0.9537092447280884, 0.0], "k_pid_att": [100.0, 0.10871496796607971, 0.009339094161987305], "k_pid_yaw": [0.5, 1e-06, 0.1], "k_pid_hsp": [0.5185315608978271, 0.0, 0.04550302028656006], "k_pid_vsp": [0.0, 398.18621826171875, 400.0]}, "datetime": {"datetime": "2025-08-21 00:31:38", "elapsed": 45552.884133815765, "delta": 22.64087438583374}, "costs": {"total_cost": 1472.8765093186928, "time_cost": 150, "final_distance_cost": 15.6560323953405, "oscillation_cost": 100.19721311241506, "completition_cost": 1000.0, "overshoot_cost": 134.86615862353798, "power_cost": 24.42035145263672, "noise_cost": 47.736753734762466, "n_waypoints_completed": 0, "tot_waypoints": 9}}
{"target": -1468.3963583783689, "params": {"k_pid_pos": [0.21879829466342926, 0.9779136180877686, 0.0], "k_pid_alt": [1.9308651685714722, 1.0, 0.039901137351989746], "k_pid_att": [96.05742645263672, 0.1587585210800171, 0.0], "k_pid_yaw": [0.5, 1e-06, 0.1], "k_pid_hsp": [0.3182181119918823, 0.0, 0.00301244854927063], "k_pid_vsp": [4.552829265594482, 400.0, 400.0]}, "datetime": {"datetime": "2025-08-21 00:32:00", "elapsed": 45575.03847312927, "delta": 22.15433931350708}, "costs": {"total_cost": 1468.3963583783689, "time_cost": 150, "final_distance_cost": 14.634825378436107, "oscillation_cost": 77.98190488560437, "completition_cost": 1000.0, "overshoot_cost": 139.85445345321324, "power_cost": 20.163397790527345, "noise_cost": 65.76177687058777, "n_waypoints_completed": 0, "tot_waypoints": 9}}
{"target": -3363.7282446579306, "params": {"k_pid_pos": [0.015791509300470352, 0.9243272542953491, 0.0], "k_pid_alt": [2.0, 1.0, 0.0], "k_pid_att": [98.50151824951172, 9.999999747378752e-05, 0.0], "k_pid_yaw": [0.5, 1e-06, 0.1], "k_pid_hsp": [9.999999747378752e-05, 0.0, 0.08895522356033325], "k_pid_vsp": [0.0, 400.0, 400.0]}, "datetime": {"datetime": "2025-08-21 00:32:23", "elapsed": 45598.16631889343, "delta": 23.127845764160156}, "costs": {"total_cost": 3363.7282446579306, "time_cost": 150, "final_distance_cost": 733.8855639350205, "oscillation_cost": 328.30907904672216, "completition_cost": 1000.0, "overshoot_cost": 1112.7386188311007, "power_cost": 21.48564949951172, "noise_cost": 17.30933334557601, "n_waypoints_completed": 0, "tot_waypoints": 9}}
{"target": -1478.8946230147078, "params": {"k_pid_pos": [0.061235811561346054, 0.9803135991096497, 0.0], "k_pid_alt": [1.9109904766082764, 0.8935331106185913, 0.0], "k_pid_att": [100.0, 9.999999747378752e-05, 0.0], "k_pid_yaw": [0.5, 1e-06, 0.1], "k_pid_hsp": [0.5202207565307617, 0.0, 0.0], "k_pid_vsp": [0.0, 391.3769836425781, 400.0]}, "datetime": {"datetime": "2025-08-21 00:32:46", "elapsed": 45621.484342098236, "delta": 23.318023204803467}, "costs": {"total_cost": 1478.8946230147078, "time_cost": 150, "final_distance_cost": 2.7355833375663465, "oscillation_cost": 62.239600756509404, "completition_cost": 1000.0, "overshoot_cost": 139.54362417744716, "power_cost": 31.478800524902343, "noise_cost": 92.89701421828252, "n_waypoints_completed": 0, "tot_waypoints": 9}}
{"target": -1807.4642540067018, "params": {"k_pid_pos": [9.999999747378752e-05, 1.0, 0.08656877279281616], "k_pid_alt": [1.9861726760864258, 0.9177724719047546, 0.046220630407333374], "k_pid_att": [100.0, 9.999999747378752e-05, 0.016811370849609375], "k_pid_yaw": [0.5, 1e-06, 0.1], "k_pid_hsp": [9.999999747378752e-05, 0.0, 0.01005735993385315], "k_pid_vsp": [0.0, 400.0, 400.0]}, "datetime": {"datetime": "2025-08-21 00:33:09", "elapsed": 45643.89886379242, "delta": 22.41452169418335}, "costs": {"total_cost": 1807.4642540067018, "time_cost": 150, "final_distance_cost": 328.0767638441091, "oscillation_cost": 31.728940593465992, "completition_cost": 888.8888888888888, "overshoot_cost": 385.1412943047354, "power_cost": 11.308657727050782, "noise_cost": 12.31970864845159, "n_waypoints_completed": 1, "tot_waypoints": 9}}
{"target": -1911.3731786955423, "params": {"k_pid_pos": [9.999999747378752e-05, 0.9319661855697632, 0.0], "k_pid_alt": [1.851271629333496, 1.0, 0.08629646897315979], "k_pid_att": [100.0, 9.999999747378752e-05, 0.0], "k_pid_yaw": [0.5, 1e-06, 0.1], "k_pid_hsp": [9.999999747378752e-05, 0.009504169225692749, 0.0], "k_pid_vsp": [13.391267776489258, 400.0, 392.718017578125]}, "datetime": {"datetime": "2025-08-21 00:33:33", "elapsed": 45668.04970359802, "delta": 24.150839805603027}, "costs": {"total_cost": 1911.3731786955423, "time_cost": 150, "final_distance_cost": 312.58912968912597, "oscillation_cost": 25.762490649552262, "completition_cost": 1000.0, "overshoot_cost": 357.60696278470795, "power_cost": 37.884508740234374, "noise_cost": 27.530086831921693, "n_waypoints_completed": 0, "tot_waypoints": 9}}
{"target": -1915.322259565903, "params": {"k_pid_pos": [9.999999747378752e-05, 0.9236668348312378, 0.0], "k_pid_alt": [2.0, 0.9559767246246338, 0.0], "k_pid_att": [100.0, 0.4575306475162506, 0.04410320520401001], "k_pid_yaw": [0.5, 1e-06, 0.1], "k_pid_hsp": [9.999999747378752e-05, 0.0, 0.0], "k_pid_vsp": [30.138111114501953, 374.42645263671875, 400.0]}, "datetime": {"datetime": "2025-08-21 00:33:55", "elapsed": 45689.889560461044, "delta": 21.83985686302185}, "costs": {"total_cost": 1915.322259565903, "time_cost": 150, "final_distance_cost": 334.11157255150323, "oscillation_cost": 30.876654279200253, "completition_cost": 1000.0, "overshoot_cost": 374.2497382671223, "power_cost": 11.832476220703125, "noise_cost": 14.251818247374144, "n_waypoints_completed": 0, "tot_waypoints": 9}}
{"target": -1979.0726893859578, "params": {"k_pid_pos": [9.999999747378752e-05, 0.9692283272743225, 0.03706640005111694], "k_pid_alt": [2.0, 1.0, 0.0], "k_pid_att": [99.86040496826172, 0.4305049777030945, 0.0], "k_pid_yaw": [0.5, 1e-06, 0.1], "k_pid_hsp": [9.999999747378752e-05, 0.0, 0.0], "k_pid_vsp": [0.0, 400.0, 400.0]}, "datetime": {"datetime": "2025-08-21 00:34:18", "elapsed": 45713.40364122391, "delta": 23.51408076286316}, "costs": {"total_cost": 1979.0726893859578, "time_cost": 150, "final_distance_cost": 344.29549244717435, "oscillation_cost": 25.309921671918833, "completition_cost": 1000.0, "overshoot_cost": 393.820978624241, "power_cost": 37.954866040039065, "noise_cost": 27.691430602584667, "n_waypoints_completed": 0, "tot_waypoints": 9}}
{"target": -1928.7487513694814, "params": {"k_pid_pos": [0.10331732779741287, 1.0, 0.0], "k_pid_alt": [1.8734467029571533, 0.9633437991142273, 0.0], "k_pid_att": [100.0, 0.2884065508842468, 0.0], "k_pid_yaw": [0.5, 1e-06, 0.1], "k_pid_hsp": [9.999999747378752e-05, 0.0, 0.0], "k_pid_vsp": [0.0, 400.0, 358.9869384765625]}, "datetime": {"datetime": "2025-08-21 00:34:42", "elapsed": 45737.27083110809, "delta": 23.86718988418579}, "costs": {"total_cost": 1928.7487513694814, "time_cost": 150, "final_distance_cost": 339.12383337082804, "oscillation_cost": 31.003142583890853, "completition_cost": 1000.0, "overshoot_cost": 383.20194820313935, "power_cost": 11.65666611328125, "noise_cost": 13.763161098341664, "n_waypoints_completed": 0, "tot_waypoints": 9}}
{"target": -1467.9532999231749, "params": {"k_pid_pos": [9.999999747378752e-05, 1.0, 0.0], "k_pid_alt": [1.9698448181152344, 1.0, 0.05636322498321533], "k_pid_att": [100.0, 1.041081428527832, 0.0], "k_pid_yaw": [0.5, 1e-06, 0.1], "k_pid_hsp": [0.36855044960975647, 0.0, 0.029587090015411377], "k_pid_vsp": [3.4191131591796875, 382.7673034667969, 400.0]}, "datetime": {"datetime": "2025-08-21 00:35:05", "elapsed": 45759.950189352036, "delta": 22.67935824394226}, "costs": {"total_cost": 1467.9532999231749, "time_cost": 150, "final_distance_cost": 7.06861222795396, "oscillation_cost": 94.30419494466813, "completition_cost": 1000.0, "overshoot_cost": 140.3708306616087, "power_cost": 18.91483914794922, "noise_cost": 57.29482294099486, "n_waypoints_completed": 0, "tot_waypoints": 9}}
