{"target": -1935.6316662327993, "params": {"k_pid_pos": [9.999999747378752e-05, 0.9706774950027466, 0.05747482180595398], "k_pid_alt": [1.9174174070358276, 0.9975900650024414, 0.0], "k_pid_att": [99.32746887207031, 0.10003662109375, 0.05433160066604614], "k_pid_yaw": [0.5, 1e-06, 0.1], "k_pid_hsp": [9.999999747378752e-05, 0.0, 0.0], "k_pid_vsp": [13.87594985961914, 393.8338623046875, 378.56109619140625]}, "datetime": {"datetime": "2025-08-20 23:42:40", "elapsed": 42615.43365526199, "delta": 24.279094696044922}, "costs": {"total_cost": 1935.6316662327993, "time_cost": 150, "final_distance_cost": 340.9154551860067, "oscillation_cost": 31.104179438730625, "completition_cost": 1000.0, "overshoot_cost": 388.79382373963773, "power_cost": 11.51837197265625, "noise_cost": 13.299835895768005, "n_waypoints_completed": 0, "tot_waypoints": 9}}
{"target": -1433.5738825201204, "params": {"k_pid_pos": [0.1293972283601761, 1.0, 0.0], "k_pid_alt": [2.0, 1.0, 0.0], "k_pid_att": [100.0, 0.379527747631073, 0.012502700090408325], "k_pid_yaw": [0.5, 1e-06, 0.1], "k_pid_hsp": [9.999999747378752e-05, 0.04728811979293823, 0.0], "k_pid_vsp": [0.0, 400.0, 400.0]}, "datetime": {"datetime": "2025-08-20 23:43:04", "elapsed": 42638.733381032944, "delta": 23.299725770950317}, "costs": {"total_cost": 1433.5738825201204, "time_cost": 150, "final_distance_cost": 20.07885211075513, "oscillation_cost": 35.56824657624508, "completition_cost": 1000.0, "overshoot_cost": 152.37740526398284, "power_cost": 17.378387023925782, "noise_cost": 58.17099154521164, "n_waypoints_completed": 0, "tot_waypoints": 9}}
{"target": -1476.9973288417498, "params": {"k_pid_pos": [0.08965639024972916, 0.9566935300827026, 0.0], "k_pid_alt": [1.7959123849868774, 0.9366351962089539, 0.0], "k_pid_att": [95.33049774169922, 9.999999747378752e-05, 0.0], "k_pid_yaw": [0.5, 1e-06, 0.1], "k_pid_hsp": [0.7483823299407959, 0.065121591091156, 0.014680087566375732], "k_pid_vsp": [18.267953872680664, 400.0, 386.19488525390625]}, "datetime": {"datetime": "2025-08-20 23:43:30", "elapsed": 42664.877658605576, "delta": 26.144277572631836}, "costs": {"total_cost": 1476.9973288417498, "time_cost": 150, "final_distance_cost": 10.341284592781898, "oscillation_cost": 85.39298877162663, "completition_cost": 1000.0, "overshoot_cost": 141.50695565702875, "power_cost": 21.307513427734374, "noise_cost": 68.44858639257794, "n_waypoints_completed": 0, "tot_waypoints": 9}}
{"target": -1981.521958724375, "params": {"k_pid_pos": [0.021164001896977425, 0.9153990745544434, 0.020505398511886597], "k_pid_alt": [1.9814903736114502, 0.9333694577217102, 0.0], "k_pid_att": [99.26640319824219, 0.1954612135887146, 0.02486833930015564], "k_pid_yaw": [0.5, 1e-06, 0.1], "k_pid_hsp": [9.999999747378752e-05, 0.0, 0.0016048550605773926], "k_pid_vsp": [17.568159103393555, 400.0, 397.5787048339844]}, "datetime": {"datetime": "2025-08-20 23:43:52", "elapsed": 42686.93011713028, "delta": 22.05245852470398}, "costs": {"total_cost": 1981.521958724375, "time_cost": 150, "final_distance_cost": 345.47360031312064, "oscillation_cost": 25.63476269307711, "completition_cost": 1000.0, "overshoot_cost": 395.6931151681089, "power_cost": 37.896493688964846, "noise_cost": 26.82398686110336, "n_waypoints_completed": 0, "tot_waypoints": 9}}
{"target": -1487.048128058359, "params": {"k_pid_pos": [9.999999747378752e-05, 0.9539953470230103, 0.05249762535095215], "k_pid_alt": [1.9130648374557495, 1.0, 0.006874710321426392], "k_pid_att": [100.0, 9.999999747378752e-05, 0.039006203413009644], "k_pid_yaw": [0.5, 1e-06, 0.1], "k_pid_hsp": [0.6752744317054749, 0.09709054231643677, 0.0057974159717559814], "k_pid_vsp": [0.48918724060058594, 400.0, 355.7732238769531]}, "datetime": {"datetime": "2025-08-20 23:44:16", "elapsed": 42710.9672896862, "delta": 24.037172555923462}, "costs": {"total_cost": 1487.048128058359, "time_cost": 150, "final_distance_cost": 11.24868417484967, "oscillation_cost": 72.00574052251736, "completition_cost": 1000.0, "overshoot_cost": 140.33638391204752, "power_cost": 28.16690435791016, "noise_cost": 85.29041509103433, "n_waypoints_completed": 0, "tot_waypoints": 9}}
{"target": -3078.738507902221, "params": {"k_pid_pos": [0.00700735580176115, 1.0, 0.03030124306678772], "k_pid_alt": [2.0, 1.0, 0.058775365352630615], "k_pid_att": [100.0, 9.999999747378752e-05, 0.0], "k_pid_yaw": [0.5, 1e-06, 0.1], "k_pid_hsp": [9.999999747378752e-05, 0.0, 0.1020665168762207], "k_pid_vsp": [0.0, 400.0, 400.0]}, "datetime": {"datetime": "2025-08-20 23:44:40", "elapsed": 42735.19442105293, "delta": 24.227131366729736}, "costs": {"total_cost": 3078.738507902221, "time_cost": 150, "final_distance_cost": 563.4333202752618, "oscillation_cost": 408.88052465663895, "completition_cost": 1000.0, "overshoot_cost": 916.13972390798, "power_cost": 22.47138142089844, "noise_cost": 17.81355764144134, "n_waypoints_completed": 0, "tot_waypoints": 9}}
{"target": -1403.0281299534583, "params": {"k_pid_pos": [0.05091262608766556, 1.0, 0.02957940101623535], "k_pid_alt": [1.9111604690551758, 1.0, 0.01731857657432556], "k_pid_att": [93.23963928222656, 0.3010411262512207, 0.009626507759094238], "k_pid_yaw": [0.5, 1e-06, 0.1], "k_pid_hsp": [0.7118360996246338, 0.04908156394958496, 0.0], "k_pid_vsp": [0.0, 400.0, 393.94024658203125]}, "datetime": {"datetime": "2025-08-20 23:45:03", "elapsed": 42757.97437977791, "delta": 22.779958724975586}, "costs": {"total_cost": 1403.0281299534583, "time_cost": 150, "final_distance_cost": 13.56810510631405, "oscillation_cost": 66.91331591396674, "completition_cost": 1000.0, "overshoot_cost": 139.33777801529234, "power_cost": 4.815143884277344, "noise_cost": 28.39378703360791, "n_waypoints_completed": 0, "tot_waypoints": 9}}
{"target": -1472.4616895031527, "params": {"k_pid_pos": [9.999999747378752e-05, 1.0, 0.0], "k_pid_alt": [2.0, 1.0, 0.0], "k_pid_att": [100.0, 9.999999747378752e-05, 0.020892739295959473], "k_pid_yaw": [0.5, 1e-06, 0.1], "k_pid_hsp": [9.999999747378752e-05, 0.09755176305770874, 0.03781294822692871], "k_pid_vsp": [10.768234252929688, 395.92047119140625, 400.0]}, "datetime": {"datetime": "2025-08-20 23:45:29", "elapsed": 42783.52979159355, "delta": 25.55541181564331}, "costs": {"total_cost": 1472.4616895031527, "time_cost": 150, "final_distance_cost": 24.540921874772838, "oscillation_cost": 67.57633272195345, "completition_cost": 1000.0, "overshoot_cost": 143.9252149523522, "power_cost": 21.101087548828126, "noise_cost": 65.31813240524599, "n_waypoints_completed": 0, "tot_waypoints": 9}}
{"target": -1425.555936566892, "params": {"k_pid_pos": [9.999999747378752e-05, 1.0, 0.0], "k_pid_alt": [2.0, 1.0, 0.0], "k_pid_att": [100.0, 9.999999747378752e-05, 0.0], "k_pid_yaw": [0.5, 1e-06, 0.1], "k_pid_hsp": [9.999999747378752e-05, 0.05611947178840637, 0.0], "k_pid_vsp": [0.0, 400.0, 372.39794921875]}, "datetime": {"datetime": "2025-08-20 23:45:51", "elapsed": 42805.54050517082, "delta": 22.010713577270508}, "costs": {"total_cost": 1425.555936566892, "time_cost": 150, "final_distance_cost": 29.410143672469093, "oscillation_cost": 38.74503510807711, "completition_cost": 1000.0, "overshoot_cost": 149.98690036193625, "power_cost": 11.891656030273438, "noise_cost": 45.522201394135834, "n_waypoints_completed": 0, "tot_waypoints": 9}}
{"target": -1493.4293658440772, "params": {"k_pid_pos": [0.07178828865289688, 1.0, 0.03892403841018677], "k_pid_alt": [1.9247093200683594, 0.9076105356216431, 0.021334946155548096], "k_pid_att": [93.88845825195312, 0.21176649630069733, 0.07669055461883545], "k_pid_yaw": [0.5, 1e-06, 0.1], "k_pid_hsp": [0.9532483220100403, 0.038052260875701904, 0.06535506248474121], "k_pid_vsp": [0.0, 393.53936767578125, 382.88726806640625]}, "datetime": {"datetime": "2025-08-20 23:46:15", "elapsed": 42830.33823132515, "delta": 24.797726154327393}, "costs": {"total_cost": 1493.4293658440772, "time_cost": 150, "final_distance_cost": 11.900262273805959, "oscillation_cost": 128.74706210819934, "completition_cost": 1000.0, "overshoot_cost": 135.51027855770502, "power_cost": 20.85699718017578, "noise_cost": 46.41476572419096, "n_waypoints_completed": 0, "tot_waypoints": 9}}
{"target": -1455.0491678052642, "params": {"k_pid_pos": [0.008874616585671902, 1.0, 0.030942082405090332], "k_pid_alt": [1.8464837074279785, 1.0, 0.011698901653289795], "k_pid_att": [100.0, 9.999999747378752e-05, 0.0004839301109313965], "k_pid_yaw": [0.5, 1e-06, 0.1], "k_pid_hsp": [0.21181805431842804, 0.0, 0.08240395784378052], "k_pid_vsp": [0.0, 394.6925354003906, 385.7653503417969]}, "datetime": {"datetime": "2025-08-20 23:46:37", "elapsed": 42852.26497197151, "delta": 21.926740646362305}, "costs": {"total_cost": 1455.0491678052642, "time_cost": 150, "final_distance_cost": 63.61323329269867, "oscillation_cost": 179.6696574305379, "completition_cost": 888.8888888888888, "overshoot_cost": 116.62875583421881, "power_cost": 26.87389764404297, "noise_cost": 29.374734714877196, "n_waypoints_completed": 1, "tot_waypoints": 9}}
{"target": -1469.3259681363622, "params": {"k_pid_pos": [0.06565962731838226, 0.9450932741165161, 0.0325244665145874], "k_pid_alt": [1.7668352127075195, 1.0, 0.028467684984207153], "k_pid_att": [100.0, 9.999999747378752e-05, 0.0], "k_pid_yaw": [0.5, 1e-06, 0.1], "k_pid_hsp": [0.5555436015129089, 0.0, 0.009634792804718018], "k_pid_vsp": [0.0, 384.3916320800781, 396.0632019042969]}, "datetime": {"datetime": "2025-08-20 23:47:01", "elapsed": 42876.12741589546, "delta": 23.862443923950195}, "costs": {"total_cost": 1469.3259681363622, "time_cost": 150, "final_distance_cost": 17.015523291916004, "oscillation_cost": 88.63633481123749, "completition_cost": 1000.0, "overshoot_cost": 141.0579992550756, "power_cost": 16.209044885253906, "noise_cost": 56.40706589287926, "n_waypoints_completed": 0, "tot_waypoints": 9}}
{"target": -1481.8267183103928, "params": {"k_pid_pos": [9.999999747378752e-05, 1.0, 0.046843111515045166], "k_pid_alt": [2.0, 1.0, 0.0], "k_pid_att": [99.14582061767578, 0.7908013463020325, 0.011526733636856079], "k_pid_yaw": [0.5, 1e-06, 0.1], "k_pid_hsp": [0.6654242277145386, 0.00544700026512146, 0.0], "k_pid_vsp": [0.0, 400.0, 388.1251220703125]}, "datetime": {"datetime": "2025-08-20 23:47:24", "elapsed": 42899.30813550949, "delta": 23.18071961402893}, "costs": {"total_cost": 1481.8267183103928, "time_cost": 150, "final_distance_cost": 12.55251842787511, "oscillation_cost": 63.47326259717143, "completition_cost": 1000.0, "overshoot_cost": 139.62603650971025, "power_cost": 29.020416125488282, "noise_cost": 87.15448465014798, "n_waypoints_completed": 0, "tot_waypoints": 9}}
{"target": -1941.0141179376021, "params": {"k_pid_pos": [9.999999747378752e-05, 1.0, 0.004449695348739624], "k_pid_alt": [1.9884061813354492, 1.0, 0.03426235914230347], "k_pid_att": [100.0, 0.1503981649875641, 0.0], "k_pid_yaw": [0.5, 1e-06, 0.1], "k_pid_hsp": [9.999999747378752e-05, 0.0, 0.0], "k_pid_vsp": [10.562920570373535, 390.50799560546875, 384.2069091796875]}, "datetime": {"datetime": "2025-08-20 23:47:46", "elapsed": 42921.50750851631, "delta": 22.19937300682068}, "costs": {"total_cost": 1941.0141179376021, "time_cost": 150, "final_distance_cost": 343.28121009019014, "oscillation_cost": 31.175145333409045, "completition_cost": 1000.0, "overshoot_cost": 391.67203886107643, "power_cost": 11.490714782714845, "noise_cost": 13.39500887021155, "n_waypoints_completed": 0, "tot_waypoints": 9}}
{"target": -1915.3229467398314, "params": {"k_pid_pos": [0.0664559081196785, 1.0, 0.0], "k_pid_alt": [1.9087508916854858, 1.0, 0.0798177719116211], "k_pid_att": [100.0, 0.18198414146900177, 0.01259082555770874], "k_pid_yaw": [0.5, 1e-06, 0.1], "k_pid_hsp": [9.999999747378752e-05, 0.007139742374420166, 0.0], "k_pid_vsp": [5.304598808288574, 394.1809997558594, 372.2625732421875]}, "datetime": {"datetime": "2025-08-20 23:48:11", "elapsed": 42946.511758089066, "delta": 25.004249572753906}, "costs": {"total_cost": 1915.3229467398314, "time_cost": 150, "final_distance_cost": 329.2579897725035, "oscillation_cost": 31.437116349865445, "completition_cost": 1000.0, "overshoot_cost": 380.31515913105113, "power_cost": 11.42773662109375, "noise_cost": 12.884944865317475, "n_waypoints_completed": 0, "tot_waypoints": 9}}
{"target": -1963.9179015039956, "params": {"k_pid_pos": [0.06383337080478668, 1.0, 0.10357719659805298], "k_pid_alt": [1.9623278379440308, 1.0, 0.0], "k_pid_att": [98.70003509521484, 1.0800907611846924, 0.06047847867012024], "k_pid_yaw": [0.5, 1e-06, 0.1], "k_pid_hsp": [9.999999747378752e-05, 0.0, 0.0], "k_pid_vsp": [0.0, 381.15435791015625, 400.0]}, "datetime": {"datetime": "2025-08-20 23:48:35", "elapsed": 42969.72745466232, "delta": 23.215696573257446}, "costs": {"total_cost": 1963.9179015039956, "time_cost": 150, "final_distance_cost": 338.73188197894723, "oscillation_cost": 24.973561944510138, "completition_cost": 1000.0, "overshoot_cost": 384.634177934031, "power_cost": 37.859465783691405, "noise_cost": 27.718813862815903, "n_waypoints_completed": 0, "tot_waypoints": 9}}
{"target": -1456.0937120322062, "params": {"k_pid_pos": [0.0049937134608626366, 1.0, 0.024051427841186523], "k_pid_alt": [2.0, 0.8491647839546204, 0.013809829950332642], "k_pid_att": [98.80229949951172, 9.999999747378752e-05, 0.06955301761627197], "k_pid_yaw": [0.5, 1e-06, 0.1], "k_pid_hsp": [0.07973041385412216, 0.014093101024627686, 0.03250381350517273], "k_pid_vsp": [9.358882904052734, 390.80975341796875, 400.0]}, "datetime": {"datetime": "2025-08-20 23:48:57", "elapsed": 42991.739243745804, "delta": 22.011789083480835}, "costs": {"total_cost": 1456.0937120322062, "time_cost": 150, "final_distance_cost": 17.92033623483235, "oscillation_cost": 71.46434937574793, "completition_cost": 1000.0, "overshoot_cost": 137.34004894300398, "power_cost": 23.279830029296875, "noise_cost": 56.0891474493252, "n_waypoints_completed": 0, "tot_waypoints": 9}}
{"target": -1494.1286920040789, "params": {"k_pid_pos": [0.03065062128007412, 1.0, 0.010396093130111694], "k_pid_alt": [2.0, 1.0, 0.0], "k_pid_att": [95.10787963867188, 0.5304622054100037, 0.0], "k_pid_yaw": [0.5, 1e-06, 0.1], "k_pid_hsp": [0.39409348368644714, 0.01869860291481018, 0.027338385581970215], "k_pid_vsp": [36.499820709228516, 388.22332763671875, 398.37847900390625]}, "datetime": {"datetime": "2025-08-20 23:49:21", "elapsed": 43015.63783168793, "delta": 23.898587942123413}, "costs": {"total_cost": 1494.1286920040789, "time_cost": 150, "final_distance_cost": 16.285012910311117, "oscillation_cost": 93.68879465367105, "completition_cost": 1000.0, "overshoot_cost": 140.30356577510315, "power_cost": 23.60874517822266, "noise_cost": 70.24257348677087, "n_waypoints_completed": 0, "tot_waypoints": 9}}
{"target": -1523.2481355376472, "params": {"k_pid_pos": [0.01763617992401123, 1.0, 0.0], "k_pid_alt": [1.993326187133789, 1.0, 0.03061586618423462], "k_pid_att": [99.46881866455078, 0.1657480001449585, 0.022760361433029175], "k_pid_yaw": [0.5, 1e-06, 0.1], "k_pid_hsp": [0.387999564409256, 0.0, 0.07289624214172363], "k_pid_vsp": [0.0, 378.627685546875, 395.66796875]}, "datetime": {"datetime": "2025-08-20 23:49:45", "elapsed": 43039.62177872658, "delta": 23.983947038650513}, "costs": {"total_cost": 1523.2481355376472, "time_cost": 150, "final_distance_cost": 19.149628931916755, "oscillation_cost": 166.1107881491662, "completition_cost": 1000.0, "overshoot_cost": 123.61667745795732, "power_cost": 29.637557165527344, "noise_cost": 34.733483833079504, "n_waypoints_completed": 0, "tot_waypoints": 9}}
{"target": -1431.5126946488585, "params": {"k_pid_pos": [9.999999747378752e-05, 1.0, 0.012305200099945068], "k_pid_alt": [1.9688093662261963, 1.0, 0.026628166437149048], "k_pid_att": [100.0, 9.999999747378752e-05, 0.044649362564086914], "k_pid_yaw": [0.5, 1e-06, 0.1], "k_pid_hsp": [0.0582088828086853, 0.0, 0.014512956142425537], "k_pid_vsp": [0.0, 400.0, 379.4303283691406]}, "datetime": {"datetime": "2025-08-20 23:50:08", "elapsed": 43062.72375178337, "delta": 23.101973056793213}, "costs": {"total_cost": 1431.5126946488585, "time_cost": 150, "final_distance_cost": 16.664806915541458, "oscillation_cost": 48.4079263857791, "completition_cost": 1000.0, "overshoot_cost": 139.64797935231942, "power_cost": 18.759977099609376, "noise_cost": 58.03200489560918, "n_waypoints_completed": 0, "tot_waypoints": 9}}
{"target": -3367.3682154634635, "params": {"k_pid_pos": [0.12776724994182587, 0.9466454982757568, 0.0], "k_pid_alt": [2.0, 0.9711102843284607, 0.0], "k_pid_att": [100.0, 0.0019435530994087458, 0.0], "k_pid_yaw": [0.5, 1e-06, 0.1], "k_pid_hsp": [9.999999747378752e-05, 0.03848499059677124, 0.051788508892059326], "k_pid_vsp": [0.6195902824401855, 400.0, 397.751953125]}, "datetime": {"datetime": "2025-08-20 23:50:32", "elapsed": 43087.37116622925, "delta": 24.647414445877075}, "costs": {"total_cost": 3367.3682154634635, "time_cost": 150, "final_distance_cost": 792.9821252710766, "oscillation_cost": 132.91737143753284, "completition_cost": 1000.0, "overshoot_cost": 1252.6039291308914, "power_cost": 21.4381251953125, "noise_cost": 17.42666442865059, "n_waypoints_completed": 0, "tot_waypoints": 9}}
{"target": -1401.772260979922, "params": {"k_pid_pos": [0.11296916007995605, 1.0, 0.0], "k_pid_alt": [2.0, 0.954379677772522, 0.07977229356765747], "k_pid_att": [100.0, 0.710139811038971, 0.0011989474296569824], "k_pid_yaw": [0.5, 1e-06, 0.1], "k_pid_hsp": [0.09267790615558624, 0.0, 0.0565209686756134], "k_pid_vsp": [0.0, 383.33868408203125, 394.6475830078125]}, "datetime": {"datetime": "2025-08-20 23:50:55", "elapsed": 43109.577892541885, "delta": 22.20672631263733}, "costs": {"total_cost": 1401.772260979922, "time_cost": 150, "final_distance_cost": 84.48683660842572, "oscillation_cost": 156.63366061877286, "completition_cost": 888.8888888888888, "overshoot_cost": 78.16501482687299, "power_cost": 24.487760571289062, "noise_cost": 19.110099465672654, "n_waypoints_completed": 1, "tot_waypoints": 9}}
{"target": -1509.1406477152223, "params": {"k_pid_pos": [9.999999747378752e-05, 0.9757518768310547, 0.0], "k_pid_alt": [1.967248558998108, 0.9900243282318115, 0.0], "k_pid_att": [98.87672424316406, 9.999999747378752e-05, 0.10599768161773682], "k_pid_yaw": [0.5, 1e-06, 0.1], "k_pid_hsp": [0.5454293489456177, 0.0, 0.07233744859695435], "k_pid_vsp": [36.922420501708984, 400.0, 391.3197326660156]}, "datetime": {"datetime": "2025-08-20 23:51:20", "elapsed": 43134.9076063633, "delta": 25.329713821411133}, "costs": {"total_cost": 1509.1406477152223, "time_cost": 150, "final_distance_cost": 21.060817137374613, "oscillation_cost": 144.85840076854723, "completition_cost": 1000.0, "overshoot_cost": 131.25612711738125, "power_cost": 23.367107434082033, "noise_cost": 38.59819525783693, "n_waypoints_completed": 0, "tot_waypoints": 9}}
{"target": -1413.1099381420063, "params": {"k_pid_pos": [0.09896533191204071, 0.9016573429107666, 0.04869002103805542], "k_pid_alt": [2.0, 0.940032958984375, 0.0], "k_pid_att": [93.18284606933594, 9.999999747378752e-05, 0.0], "k_pid_yaw": [0.5, 1e-06, 0.1], "k_pid_hsp": [9.999999747378752e-05, 0.028038203716278076, 0.0], "k_pid_vsp": [0.0, 400.0, 386.0003967285156]}, "datetime": {"datetime": "2025-08-20 23:51:42", "elapsed": 43156.808101177216, "delta": 21.900494813919067}, "costs": {"total_cost": 1413.1099381420063, "time_cost": 150, "final_distance_cost": 83.00794019456484, "oscillation_cost": 30.0581459298832, "completition_cost": 1000.0, "overshoot_cost": 110.18921131864289, "power_cost": 20.091879833984375, "noise_cost": 19.76276086493081, "n_waypoints_completed": 0, "tot_waypoints": 9}}
{"target": -1512.6894727877643, "params": {"k_pid_pos": [9.999999747378752e-05, 1.0, 0.0], "k_pid_alt": [2.0, 0.9331308603286743, 0.0], "k_pid_att": [100.0, 9.999999747378752e-05, 0.0], "k_pid_yaw": [0.5, 1e-06, 0.1], "k_pid_hsp": [0.7674225568771362, 0.034340471029281616, 0.09261095523834229], "k_pid_vsp": [0.0, 400.0, 400.0]}, "datetime": {"datetime": "2025-08-20 23:52:06", "elapsed": 43180.74099445343, "delta": 23.9328932762146}, "costs": {"total_cost": 1512.6894727877643, "time_cost": 150, "final_distance_cost": 2.4899547476074373, "oscillation_cost": 153.72147536768531, "completition_cost": 1000.0, "overshoot_cost": 135.0535788598255, "power_cost": 24.32564627685547, "noise_cost": 47.098817535790594, "n_waypoints_completed": 0, "tot_waypoints": 9}}
{"target": -1389.1736903241929, "params": {"k_pid_pos": [9.999999747378752e-05, 1.0, 0.03139913082122803], "k_pid_alt": [1.9108750820159912, 0.9777920246124268, 0.0], "k_pid_att": [100.0, 9.999999747378752e-05, 0.0], "k_pid_yaw": [0.5, 1e-06, 0.1], "k_pid_hsp": [0.3982362449169159, 0.034305185079574585, 0.0], "k_pid_vsp": [0.0, 391.94537353515625, 400.0]}, "datetime": {"datetime": "2025-08-20 23:52:28", "elapsed": 43203.4510974884, "delta": 22.710103034973145}, "costs": {"total_cost": 1389.1736903241929, "time_cost": 150, "final_distance_cost": 11.5542768019994, "oscillation_cost": 64.10530711750981, "completition_cost": 1000.0, "overshoot_cost": 139.9485517983978, "power_cost": 1.888035400390625, "noise_cost": 21.6775192058952, "n_waypoints_completed": 0, "tot_waypoints": 9}}
{"target": -1477.022296355208, "params": {"k_pid_pos": [9.999999747378752e-05, 0.972529947757721, 0.0], "k_pid_alt": [1.875072956085205, 1.0, 0.03720659017562866], "k_pid_att": [100.0, 0.0016058961628004909, 0.02738049626350403], "k_pid_yaw": [0.5, 1e-06, 0.1], "k_pid_hsp": [0.12389850616455078, 0.0, 0.0], "k_pid_vsp": [0.0, 400.0, 400.0]}, "datetime": {"datetime": "2025-08-20 23:52:51", "elapsed": 43225.77286863327, "delta": 22.321771144866943}, "costs": {"total_cost": 1477.022296355208, "time_cost": 150, "final_distance_cost": 9.33834638832531, "oscillation_cost": 52.487785615814815, "completition_cost": 1000.0, "overshoot_cost": 140.59719459219795, "power_cost": 31.469320239257815, "noise_cost": 93.12964951961227, "n_waypoints_completed": 0, "tot_waypoints": 9}}
