{"target": -1594.7419318871903, "params": {"k_pid_pos": [2.0, 1.0, 0.9568883180618286], "k_pid_alt": [1.9892690181732178, 1.0, 0.8961106538772583], "k_pid_att": [1.1130064725875854, 0.3965798616409302, 0.020133137702941895], "k_pid_yaw": [0.5, 1e-06, 0.1], "k_pid_hsp": [9.48617172241211, 0.0, 0.020486891269683838], "k_pid_vsp": [397.2069396972656, 400.0, 400.0]}, "datetime": {"datetime": "2025-08-12 10:39:59", "elapsed": 65679.12435531616, "delta": 27.946208953857422}, "costs": {"total_cost": 1594.7419318871903, "time_cost": 150, "final_distance_cost": 31.53416800433021, "oscillation_cost": 266.99512327294286, "completition_cost": 1000.0, "overshoot_cost": 88.54058112663948, "power_cost": 31.09882623291016, "noise_cost": 26.5732332503679, "n_waypoints_completed": 0, "tot_waypoints": 9}}
{"target": -4904.130834473087, "params": {"k_pid_pos": [1.9807602167129517, 0.9287968873977661, 0.9971191883087158], "k_pid_alt": [1.8463462591171265, 0.9818617701530457, 1.0], "k_pid_att": [0.0, 9.999999747378752e-05, 0.03250390291213989], "k_pid_yaw": [0.5, 1e-06, 0.1], "k_pid_hsp": [10.0, 0.0, 0.05074116587638855], "k_pid_vsp": [400.0, 400.0, 389.8780212402344]}, "datetime": {"datetime": "2025-08-12 10:40:27", "elapsed": 65706.7403512001, "delta": 27.61599588394165}, "costs": {"total_cost": 4904.130834473087, "time_cost": 150, "final_distance_cost": 797.2723860303846, "oscillation_cost": 5.786627576916005, "completition_cost": 1000.0, "overshoot_cost": 2866.969104241935, "power_cost": 31.642343225097658, "noise_cost": 52.46037339875449, "n_waypoints_completed": 0, "tot_waypoints": 9}}
{"target": -1395.97759673321, "params": {"k_pid_pos": [2.0, 1.0, 0.9688715934753418], "k_pid_alt": [1.8441271781921387, 0.9492509365081787, 1.0], "k_pid_att": [5.127441883087158, 9.999999747378752e-05, 0.04521602392196655], "k_pid_yaw": [0.5, 1e-06, 0.1], "k_pid_hsp": [10.0, 0.0, 0.06022554636001587], "k_pid_vsp": [400.0, 376.74005126953125, 397.56640625]}, "datetime": {"datetime": "2025-08-12 10:40:57", "elapsed": 65736.98601579666, "delta": 30.245664596557617}, "costs": {"total_cost": 1395.97759673321, "time_cost": 150, "final_distance_cost": 51.405331237957895, "oscillation_cost": 392.75591646890143, "completition_cost": 666.6666666666667, "overshoot_cost": 72.73439980637153, "power_cost": 32.840727099609374, "noise_cost": 29.57455545370302, "n_waypoints_completed": 3, "tot_waypoints": 9}}
{"target": -3693.9317786134284, "params": {"k_pid_pos": [1.8741244077682495, 0.9598910808563232, 1.0], "k_pid_alt": [1.8870422840118408, 0.9469385743141174, 0.8776222467422485], "k_pid_att": [0.0, 0.21766133606433868, 0.0], "k_pid_yaw": [0.5, 1e-06, 0.1], "k_pid_hsp": [9.718082427978516, 0.0, 0.03200244903564453], "k_pid_vsp": [380.22119140625, 400.0, 400.0]}, "datetime": {"datetime": "2025-08-12 10:41:26", "elapsed": 65766.15172886848, "delta": 29.16571307182312}, "costs": {"total_cost": 3693.9317786134284, "time_cost": 150, "final_distance_cost": 255.30614680779644, "oscillation_cost": 1214.290214808817, "completition_cost": 1000.0, "overshoot_cost": 845.9732722635687, "power_cost": 57.453195166015625, "noise_cost": 170.9089495672305, "n_waypoints_completed": 0, "tot_waypoints": 9}}
{"target": -1367.2336646819317, "params": {"k_pid_pos": [2.0, 1.0, 1.0], "k_pid_alt": [1.9882878065109253, 1.0, 0.9981343150138855], "k_pid_att": [2.657151222229004, 9.999999747378752e-05, 0.0], "k_pid_yaw": [0.5, 1e-06, 0.1], "k_pid_hsp": [9.900605201721191, 0.0, 0.021026134490966797], "k_pid_vsp": [399.2795104980469, 398.036865234375, 400.0]}, "datetime": {"datetime": "2025-08-12 10:41:53", "elapsed": 65793.3594751358, "delta": 27.207746267318726}, "costs": {"total_cost": 1367.2336646819317, "time_cost": 150, "final_distance_cost": 54.208531785908924, "oscillation_cost": 362.06788478604375, "completition_cost": 666.6666666666667, "overshoot_cost": 74.33340539863237, "power_cost": 32.55502841796875, "noise_cost": 27.402147626711226, "n_waypoints_completed": 3, "tot_waypoints": 9}}
{"target": -1067.6086432610723, "params": {"k_pid_pos": [1.974105715751648, 1.0, 1.0], "k_pid_alt": [2.0, 0.9895119071006775, 0.951718807220459], "k_pid_att": [4.084819793701172, 9.999999747378752e-05, 0.0], "k_pid_yaw": [0.5, 1e-06, 0.1], "k_pid_hsp": [9.848068237304688, 0.0, 0.10603958368301392], "k_pid_vsp": [400.0, 400.0, 400.0]}, "datetime": {"datetime": "2025-08-12 10:42:22", "elapsed": 65822.36553883553, "delta": 29.00606369972229}, "costs": {"total_cost": 1067.6086432610723, "time_cost": 150, "final_distance_cost": 63.98489956002483, "oscillation_cost": 389.3484273623623, "completition_cost": 333.33333333333337, "overshoot_cost": 68.24475678314535, "power_cost": 33.32648325195313, "noise_cost": 29.37074297025341, "n_waypoints_completed": 6, "tot_waypoints": 9}}
{"target": -1254.8640581986122, "params": {"k_pid_pos": [1.9367691278457642, 1.0, 1.0], "k_pid_alt": [1.8625662326812744, 0.9888514280319214, 0.9169146418571472], "k_pid_att": [0.4695475101470947, 0.7020783424377441, 0.0], "k_pid_yaw": [0.5, 1e-06, 0.1], "k_pid_hsp": [10.0, 0.0, 0.02193981409072876], "k_pid_vsp": [363.576416015625, 380.6626892089844, 385.183349609375]}, "datetime": {"datetime": "2025-08-12 10:42:52", "elapsed": 65851.69774770737, "delta": 29.33220887184143}, "costs": {"total_cost": 1254.8640581986122, "time_cost": 150, "final_distance_cost": 48.1638615019851, "oscillation_cost": 245.80855577399288, "completition_cost": 666.6666666666667, "overshoot_cost": 64.32406335544974, "power_cost": 44.51818985595703, "noise_cost": 35.38272104456076, "n_waypoints_completed": 3, "tot_waypoints": 9}}
{"target": -1102.0423104514946, "params": {"k_pid_pos": [2.0, 0.975835919380188, 1.0], "k_pid_alt": [2.0, 1.0, 1.0], "k_pid_att": [0.2527087926864624, 9.999999747378752e-05, 0.011794865131378174], "k_pid_yaw": [0.5, 1e-06, 0.1], "k_pid_hsp": [10.0, 0.017866015434265137, 0.0], "k_pid_vsp": [400.0, 399.14642333984375, 400.0]}, "datetime": {"datetime": "2025-08-12 10:43:20", "elapsed": 65879.52704286575, "delta": 27.82929515838623}, "costs": {"total_cost": 1102.0423104514946, "time_cost": 150, "final_distance_cost": 51.651735206766546, "oscillation_cost": 90.63334396859726, "completition_cost": 666.6666666666667, "overshoot_cost": 79.8413710690861, "power_cost": 32.49548786621094, "noise_cost": 30.753705674167012, "n_waypoints_completed": 3, "tot_waypoints": 9}}
{"target": -1751.3004374415489, "params": {"k_pid_pos": [2.0, 1.0, 1.0], "k_pid_alt": [1.9877526760101318, 0.9574306011199951, 0.9435260891914368], "k_pid_att": [2.597874402999878, 9.999999747378752e-05, 0.0], "k_pid_yaw": [0.5, 1e-06, 0.1], "k_pid_hsp": [9.757645606994629, 0.0, 0.0], "k_pid_vsp": [375.1765441894531, 367.7452697753906, 400.0]}, "datetime": {"datetime": "2025-08-12 10:43:48", "elapsed": 65907.91274499893, "delta": 28.38570213317871}, "costs": {"total_cost": 1751.3004374415489, "time_cost": 150, "final_distance_cost": 20.66343783321221, "oscillation_cost": 408.3129311558353, "completition_cost": 1000.0, "overshoot_cost": 114.17151532183685, "power_cost": 31.380893310546877, "noise_cost": 26.77165982011776, "n_waypoints_completed": 0, "tot_waypoints": 9}}
{"target": -950.2946428137315, "params": {"k_pid_pos": [2.0, 0.9898096323013306, 0.9632501006126404], "k_pid_alt": [1.8834435939788818, 0.9325118064880371, 0.9995006918907166], "k_pid_att": [1.4222323894500732, 0.4340156614780426, 0.0], "k_pid_yaw": [0.5, 1e-06, 0.1], "k_pid_hsp": [10.0, 0.0, 0.007661700248718262], "k_pid_vsp": [379.60986328125, 400.0, 392.0626220703125]}, "datetime": {"datetime": "2025-08-12 10:44:17", "elapsed": 65936.6051018238, "delta": 28.692356824874878}, "costs": {"total_cost": 950.2946428137315, "time_cost": 150, "final_distance_cost": 63.07393280990022, "oscillation_cost": 270.7646439386178, "completition_cost": 333.33333333333337, "overshoot_cost": 69.95088144994104, "power_cost": 34.01134818115234, "noise_cost": 29.160503100786705, "n_waypoints_completed": 6, "tot_waypoints": 9}}
{"target": -1152.433546012637, "params": {"k_pid_pos": [1.9612789154052734, 1.0, 0.9835121035575867], "k_pid_alt": [2.0, 0.9748731851577759, 1.0], "k_pid_att": [12.64849853515625, 0.7700761556625366, 0.0], "k_pid_yaw": [0.5, 1e-06, 0.1], "k_pid_hsp": [9.871581077575684, 0.0, 0.0], "k_pid_vsp": [398.20867919921875, 400.0, 377.1119079589844]}, "datetime": {"datetime": "2025-08-12 10:44:48", "elapsed": 65967.71433782578, "delta": 31.109236001968384}, "costs": {"total_cost": 1152.433546012637, "time_cost": 150, "final_distance_cost": 68.57037097561647, "oscillation_cost": 478.0767838219462, "completition_cost": 333.33333333333337, "overshoot_cost": 59.20679827765996, "power_cost": 32.62703953857422, "noise_cost": 30.619220065506532, "n_waypoints_completed": 6, "tot_waypoints": 9}}
{"target": -1357.0915475821416, "params": {"k_pid_pos": [2.0, 0.9363716244697571, 1.0], "k_pid_alt": [2.0, 0.999893069267273, 0.9478397965431213], "k_pid_att": [0.9327948093414307, 9.999999747378752e-05, 0.0], "k_pid_yaw": [0.5, 1e-06, 0.1], "k_pid_hsp": [10.0, 0.05680224299430847, 0.0], "k_pid_vsp": [400.0, 400.0, 392.921630859375]}, "datetime": {"datetime": "2025-08-12 10:45:22", "elapsed": 66001.75026154518, "delta": 34.03592371940613}, "costs": {"total_cost": 1357.0915475821416, "time_cost": 150, "final_distance_cost": 78.5259783963898, "oscillation_cost": 235.97744151460142, "completition_cost": 777.7777777777778, "overshoot_cost": 55.15398637454356, "power_cost": 31.879557507324222, "noise_cost": 27.776806011504824, "n_waypoints_completed": 2, "tot_waypoints": 9}}
{"target": -1392.0253720623045, "params": {"k_pid_pos": [2.0, 1.0, 1.0], "k_pid_alt": [2.0, 1.0, 1.0], "k_pid_att": [2.3842990398406982, 9.999999747378752e-05, 0.0], "k_pid_yaw": [0.5, 1e-06, 0.1], "k_pid_hsp": [9.934591293334961, 0.007946431636810303, 0.03499886393547058], "k_pid_vsp": [385.728515625, 384.5662536621094, 400.0]}, "datetime": {"datetime": "2025-08-12 10:45:51", "elapsed": 66031.28028345108, "delta": 29.530021905899048}, "costs": {"total_cost": 1392.0253720623045, "time_cost": 150, "final_distance_cost": 86.09133914583326, "oscillation_cost": 357.34234750493806, "completition_cost": 666.6666666666667, "overshoot_cost": 72.79201660317165, "power_cost": 32.0851171875, "noise_cost": 27.047884954194757, "n_waypoints_completed": 3, "tot_waypoints": 9}}
{"target": -1662.1403179071094, "params": {"k_pid_pos": [2.0, 1.0, 1.0], "k_pid_alt": [1.9525530338287354, 1.0, 1.0], "k_pid_att": [2.1126508712768555, 9.999999747378752e-05, 0.020634829998016357], "k_pid_yaw": [0.5, 1e-06, 0.1], "k_pid_hsp": [9.65444564819336, 0.0, 0.0], "k_pid_vsp": [394.5987548828125, 400.0, 372.25506591796875]}, "datetime": {"datetime": "2025-08-12 10:46:21", "elapsed": 66060.55044102669, "delta": 29.2701575756073}, "costs": {"total_cost": 1662.1403179071094, "time_cost": 150, "final_distance_cost": 32.15025941424957, "oscillation_cost": 329.7468594359721, "completition_cost": 1000.0, "overshoot_cost": 92.80670062011279, "power_cost": 30.8475556640625, "noise_cost": 26.588942772712144, "n_waypoints_completed": 0, "tot_waypoints": 9}}
{"target": -6534.598187769203, "params": {"k_pid_pos": [2.0, 0.9749926328659058, 0.9617937207221985], "k_pid_alt": [1.8858568668365479, 0.9728769063949585, 1.0], "k_pid_att": [0.0, 9.999999747378752e-05, 0.07027116417884827], "k_pid_yaw": [0.5, 1e-06, 0.1], "k_pid_hsp": [9.187253952026367, 0.08750838041305542, 0.08830797672271729], "k_pid_vsp": [395.49676513671875, 391.9245910644531, 400.0]}, "datetime": {"datetime": "2025-08-12 10:46:49", "elapsed": 66088.96397781372, "delta": 28.41353678703308}, "costs": {"total_cost": 6534.598187769203, "time_cost": 150, "final_distance_cost": 1798.8064099633575, "oscillation_cost": 4.559681913776352, "completition_cost": 1000.0, "overshoot_cost": 3456.99257777112, "power_cost": 29.951671911621094, "noise_cost": 94.28784620932721, "n_waypoints_completed": 0, "tot_waypoints": 9}}
{"target": -6616.647781543684, "params": {"k_pid_pos": [1.8001172542572021, 1.0, 0.9246536493301392], "k_pid_alt": [1.9527993202209473, 0.9870200157165527, 1.0], "k_pid_att": [0.0, 9.999999747378752e-05, 0.03463262319564819], "k_pid_yaw": [0.5, 1e-06, 0.1], "k_pid_hsp": [9.913330078125, 0.061033397912979126, 0.11329659819602966], "k_pid_vsp": [375.46881103515625, 388.25341796875, 400.0]}, "datetime": {"datetime": "2025-08-12 10:47:18", "elapsed": 66117.67915701866, "delta": 28.715179204940796}, "costs": {"total_cost": 6616.647781543684, "time_cost": 150, "final_distance_cost": 471.94539917021154, "oscillation_cost": 5.706497774529891, "completition_cost": 1000.0, "overshoot_cost": 4899.139575374884, "power_cost": 32.52460897216797, "noise_cost": 57.33170025189034, "n_waypoints_completed": 0, "tot_waypoints": 9}}
{"target": -1271.1635447314104, "params": {"k_pid_pos": [1.9591163396835327, 0.9908971786499023, 1.0], "k_pid_alt": [2.0, 0.9158754944801331, 1.0], "k_pid_att": [10.826253890991211, 9.999999747378752e-05, 0.0], "k_pid_yaw": [0.5, 1e-06, 0.1], "k_pid_hsp": [9.374401092529297, 0.0, 0.09171700477600098], "k_pid_vsp": [381.76080322265625, 394.0909729003906, 400.0]}, "datetime": {"datetime": "2025-08-12 10:47:48", "elapsed": 66147.76006245613, "delta": 30.080905437469482}, "costs": {"total_cost": 1271.1635447314104, "time_cost": 150, "final_distance_cost": 48.173198184088356, "oscillation_cost": 507.117699351577, "completition_cost": 444.4444444444444, "overshoot_cost": 57.80635724847923, "power_cost": 32.90870655517578, "noise_cost": 30.71313894764557, "n_waypoints_completed": 5, "tot_waypoints": 9}}
{"target": -8101.975848809488, "params": {"k_pid_pos": [1.921531081199646, 1.0, 0.9858410954475403], "k_pid_alt": [2.0, 1.0, 1.0], "k_pid_att": [0.0, 9.999999747378752e-05, 0.0], "k_pid_yaw": [0.5, 1e-06, 0.1], "k_pid_hsp": [9.752614974975586, 0.0, 0.0], "k_pid_vsp": [400.0, 400.0, 377.6668701171875]}, "datetime": {"datetime": "2025-08-12 10:48:23", "elapsed": 66182.84116864204, "delta": 35.081106185913086}, "costs": {"total_cost": 8101.975848809488, "time_cost": 150, "final_distance_cost": 1216.8184466397095, "oscillation_cost": 15.188580941399195, "completition_cost": 1000.0, "overshoot_cost": 5594.901566515532, "power_cost": 45.05976729736329, "noise_cost": 80.00748741548311, "n_waypoints_completed": 0, "tot_waypoints": 9}}
{"target": -4666.97466783627, "params": {"k_pid_pos": [2.0, 1.0, 1.0], "k_pid_alt": [2.0, 0.9801366329193115, 0.8914139866828918], "k_pid_att": [0.0, 0.45443809032440186, 0.0], "k_pid_yaw": [0.5, 1e-06, 0.1], "k_pid_hsp": [10.0, 0.08621439337730408, 0.0], "k_pid_vsp": [366.6509704589844, 391.88848876953125, 400.0]}, "datetime": {"datetime": "2025-08-12 10:48:52", "elapsed": 66212.0290260315, "delta": 29.187857389450073}, "costs": {"total_cost": 4666.97466783627, "time_cost": 150, "final_distance_cost": 407.2302182768323, "oscillation_cost": 1866.790169466594, "completition_cost": 1000.0, "overshoot_cost": 1010.8095078975437, "power_cost": 57.50897094726563, "noise_cost": 174.63580124803454, "n_waypoints_completed": 0, "tot_waypoints": 9}}
{"target": -1200.8936600571008, "params": {"k_pid_pos": [2.0, 0.9014478325843811, 0.9632112979888916], "k_pid_alt": [2.0, 1.0, 0.9464780688285828], "k_pid_att": [0.40873587131500244, 0.004925841465592384, 0.10121333599090576], "k_pid_yaw": [0.5, 1e-06, 0.1], "k_pid_hsp": [10.0, 0.0, 0.0], "k_pid_vsp": [376.4631652832031, 381.1012878417969, 400.0]}, "datetime": {"datetime": "2025-08-12 10:49:22", "elapsed": 66242.08671164513, "delta": 30.057685613632202}, "costs": {"total_cost": 1200.8936600571008, "time_cost": 150, "final_distance_cost": 85.952026185904, "oscillation_cost": 38.33609341873444, "completition_cost": 777.7777777777778, "overshoot_cost": 86.92749860592612, "power_cost": 32.11529400634766, "noise_cost": 29.78497006241064, "n_waypoints_completed": 2, "tot_waypoints": 9}}
{"target": -5524.619348473308, "params": {"k_pid_pos": [1.9609404802322388, 0.9937105178833008, 0.9798023700714111], "k_pid_alt": [2.0, 1.0, 1.0], "k_pid_att": [0.0, 0.05595257133245468, 0.003980845212936401], "k_pid_yaw": [0.5, 1e-06, 0.1], "k_pid_hsp": [10.0, 0.014071941375732422, 0.010507911443710327], "k_pid_vsp": [400.0, 400.0, 389.65155029296875]}, "datetime": {"datetime": "2025-08-12 10:49:51", "elapsed": 66270.91693472862, "delta": 28.830223083496094}, "costs": {"total_cost": 5524.619348473308, "time_cost": 150, "final_distance_cost": 977.4947653207398, "oscillation_cost": 522.2701951448047, "completition_cost": 1000.0, "overshoot_cost": 2657.5216595098627, "power_cost": 56.61962979736328, "noise_cost": 160.71309870053733, "n_waypoints_completed": 0, "tot_waypoints": 9}}
{"target": -1023.3378903114603, "params": {"k_pid_pos": [2.0, 1.0, 1.0], "k_pid_alt": [1.7826967239379883, 0.9661370515823364, 1.0], "k_pid_att": [0.47920942306518555, 9.999999747378752e-05, 0.0], "k_pid_yaw": [0.5, 1e-06, 0.1], "k_pid_hsp": [10.0, 0.00031134486198425293, 0.0], "k_pid_vsp": [400.0, 400.0, 400.0]}, "datetime": {"datetime": "2025-08-12 10:50:20", "elapsed": 66299.61851334572, "delta": 28.701578617095947}, "costs": {"total_cost": 1023.3378903114603, "time_cost": 150, "final_distance_cost": 52.505639848127494, "oscillation_cost": 129.8213693522299, "completition_cost": 555.5555555555555, "overshoot_cost": 72.2354070129615, "power_cost": 33.54442880859375, "noise_cost": 29.675489733992165, "n_waypoints_completed": 4, "tot_waypoints": 9}}
{"target": -1206.378094435177, "params": {"k_pid_pos": [1.9337995052337646, 1.0, 1.0], "k_pid_alt": [2.0, 0.8794414401054382, 1.0], "k_pid_att": [2.139604091644287, 9.999999747378752e-05, 0.0], "k_pid_yaw": [0.5, 1e-06, 0.1], "k_pid_hsp": [10.0, 0.00025016069412231445, 0.0], "k_pid_vsp": [391.725341796875, 400.0, 382.6375427246094]}, "datetime": {"datetime": "2025-08-12 10:50:50", "elapsed": 66329.64833927155, "delta": 30.029825925827026}, "costs": {"total_cost": 1206.378094435177, "time_cost": 150, "final_distance_cost": 40.04266782441858, "oscillation_cost": 323.9301437346382, "completition_cost": 555.5555555555555, "overshoot_cost": 77.64299567334402, "power_cost": 32.20550421142578, "noise_cost": 27.001227435795098, "n_waypoints_completed": 4, "tot_waypoints": 9}}
{"target": -4811.420659158465, "params": {"k_pid_pos": [1.9604988098144531, 1.0, 1.0], "k_pid_alt": [2.0, 0.9152572751045227, 0.9700272679328918], "k_pid_att": [0.0, 0.7511086463928223, 0.005408257246017456], "k_pid_yaw": [0.5, 1e-06, 0.1], "k_pid_hsp": [9.506829261779785, 0.0, 0.0], "k_pid_vsp": [400.0, 386.3924560546875, 400.0]}, "datetime": {"datetime": "2025-08-12 10:51:23", "elapsed": 66362.42047691345, "delta": 32.77213764190674}, "costs": {"total_cost": 4811.420659158465, "time_cost": 150, "final_distance_cost": 545.9311618535718, "oscillation_cost": 2038.4043793723831, "completition_cost": 1000.0, "overshoot_cost": 845.6129781990603, "power_cost": 57.0931144897461, "noise_cost": 174.37902524370386, "n_waypoints_completed": 0, "tot_waypoints": 9}}
{"target": -1293.438653055039, "params": {"k_pid_pos": [2.0, 0.9610030651092529, 1.0], "k_pid_alt": [1.977980136871338, 1.0, 0.9835564494132996], "k_pid_att": [1.645556092262268, 0.17893509566783905, 0.0035064518451690674], "k_pid_yaw": [0.5, 1e-06, 0.1], "k_pid_hsp": [10.0, 0.0, 0.0], "k_pid_vsp": [380.65106201171875, 400.0, 366.86444091796875]}, "datetime": {"datetime": "2025-08-12 10:51:52", "elapsed": 66391.42188954353, "delta": 29.001412630081177}, "costs": {"total_cost": 1293.438653055039, "time_cost": 150, "final_distance_cost": 51.91464001421579, "oscillation_cost": 295.29091171890883, "completition_cost": 666.6666666666667, "overshoot_cost": 68.23061359933166, "power_cost": 32.55282868652344, "noise_cost": 28.782992369392325, "n_waypoints_completed": 3, "tot_waypoints": 9}}
{"target": -1258.613318274971, "params": {"k_pid_pos": [1.9776908159255981, 1.0, 0.9987297058105469], "k_pid_alt": [1.9563469886779785, 1.0, 0.9698284864425659], "k_pid_att": [6.781303882598877, 0.9110182523727417, 0.001205533742904663], "k_pid_yaw": [0.5, 1e-06, 0.1], "k_pid_hsp": [9.935349464416504, 0.01379460096359253, 0.0], "k_pid_vsp": [400.0, 400.0, 400.0]}, "datetime": {"datetime": "2025-08-12 10:52:21", "elapsed": 66421.07684350014, "delta": 29.654953956604004}, "costs": {"total_cost": 1258.613318274971, "time_cost": 150, "final_distance_cost": 46.41606650986362, "oscillation_cost": 482.7524527176278, "completition_cost": 444.4444444444444, "overshoot_cost": 70.76913529813982, "power_cost": 33.80476932373047, "noise_cost": 30.426449981165018, "n_waypoints_completed": 5, "tot_waypoints": 9}}
{"target": -1029.4307597824084, "params": {"k_pid_pos": [2.0, 1.0, 1.0], "k_pid_alt": [2.0, 1.0, 0.9616824984550476], "k_pid_att": [2.3054986000061035, 1.363649845123291, 0.0], "k_pid_yaw": [0.5, 1e-06, 0.1], "k_pid_hsp": [9.488020896911621, 0.03207993507385254, 0.08463650941848755], "k_pid_vsp": [400.0, 390.9226989746094, 400.0]}, "datetime": {"datetime": "2025-08-12 10:52:52", "elapsed": 66452.29240179062, "delta": 31.215558290481567}, "costs": {"total_cost": 1029.4307597824084, "time_cost": 150, "final_distance_cost": 68.03405828183288, "oscillation_cost": 351.1884563879071, "completition_cost": 333.33333333333337, "overshoot_cost": 63.26083806153816, "power_cost": 34.097801281738285, "noise_cost": 29.516272436058586, "n_waypoints_completed": 6, "tot_waypoints": 9}}
