{"target": -4569.032602047132, "params": {"k_pid_pos": [2.0, 1.0, 0.8686491250991821], "k_pid_alt": [2.0, 0.9985788464546204, 0.9330355525016785], "k_pid_att": [0.0, 9.999999747378752e-05, 0.03808039426803589], "k_pid_yaw": [0.5, 1e-06, 0.1], "k_pid_hsp": [10.0, 0.0, 0.0], "k_pid_vsp": [400.0, 390.81866455078125, 400.0]}, "datetime": {"datetime": "2025-08-12 03:48:40", "elapsed": 40999.54698395729, "delta": 30.991405248641968}, "costs": {"total_cost": 4569.032602047132, "time_cost": 150, "final_distance_cost": 1153.9607888930811, "oscillation_cost": 4.921034635154804, "completition_cost": 1000.0, "overshoot_cost": 2147.64207116526, "power_cost": 30.367750610351564, "noise_cost": 82.140956743285, "n_waypoints_completed": 0, "tot_waypoints": 9}}
{"target": -1624.83063907167, "params": {"k_pid_pos": [2.0, 0.9907646775245667, 1.0], "k_pid_alt": [2.0, 0.9930697679519653, 1.0], "k_pid_att": [1.1799752712249756, 0.2788839042186737, 0.002411395311355591], "k_pid_yaw": [0.5, 1e-06, 0.1], "k_pid_hsp": [9.695985794067383, 0.031186193227767944, 0.0], "k_pid_vsp": [400.0, 367.52386474609375, 400.0]}, "datetime": {"datetime": "2025-08-12 03:49:10", "elapsed": 41029.80653643608, "delta": 30.259552478790283}, "costs": {"total_cost": 1624.83063907167, "time_cost": 150, "final_distance_cost": 33.63988722054867, "oscillation_cost": 297.37222814559806, "completition_cost": 1000.0, "overshoot_cost": 85.18941411678674, "power_cost": 31.613288330078127, "noise_cost": 27.015821258658352, "n_waypoints_completed": 0, "tot_waypoints": 9}}
{"target": -1290.4210820864312, "params": {"k_pid_pos": [1.8620617389678955, 1.0, 1.0], "k_pid_alt": [1.9680732488632202, 1.0, 0.9769917726516724], "k_pid_att": [0.1054525375366211, 0.08203887939453125, 0.043025314807891846], "k_pid_yaw": [0.5, 1e-06, 0.1], "k_pid_hsp": [10.0, 0.0032567977905273438, 0.0], "k_pid_vsp": [400.0, 400.0, 400.0]}, "datetime": {"datetime": "2025-08-12 03:49:41", "elapsed": 41060.504375457764, "delta": 30.69783902168274}, "costs": {"total_cost": 1290.4210820864312, "time_cost": 150, "final_distance_cost": 78.07719276776277, "oscillation_cost": 120.64689079034832, "completition_cost": 777.7777777777778, "overshoot_cost": 79.8680394507521, "power_cost": 48.80710705566406, "noise_cost": 35.244074244126004, "n_waypoints_completed": 2, "tot_waypoints": 9}}
{"target": -5375.783240541273, "params": {"k_pid_pos": [1.7727465629577637, 1.0, 0.985299825668335], "k_pid_alt": [2.0, 1.0, 1.0], "k_pid_att": [0.0, 0.47321754693984985, 0.054235994815826416], "k_pid_yaw": [0.5, 1e-06, 0.1], "k_pid_hsp": [10.0, 0.0, 0.0], "k_pid_vsp": [396.3611145019531, 400.0, 391.6271667480469]}, "datetime": {"datetime": "2025-08-12 03:50:12", "elapsed": 41091.43296337128, "delta": 30.928587913513184}, "costs": {"total_cost": 5375.783240541273, "time_cost": 150, "final_distance_cost": 501.3371398166242, "oscillation_cost": 1731.0441729812715, "completition_cost": 1000.0, "overshoot_cost": 1763.1350185775245, "power_cost": 57.709538574218755, "noise_cost": 172.55737059163368, "n_waypoints_completed": 0, "tot_waypoints": 9}}
{"target": -1081.2061961883633, "params": {"k_pid_pos": [1.938086986541748, 1.0, 1.0], "k_pid_alt": [1.965463638305664, 0.908738374710083, 0.9473913908004761], "k_pid_att": [7.605552673339844, 0.002559561049565673, 0.03371155261993408], "k_pid_yaw": [0.5, 1e-06, 0.1], "k_pid_hsp": [9.861173629760742, 0.01563069224357605, 0.06784480810165405], "k_pid_vsp": [400.0, 395.0139465332031, 400.0]}, "datetime": {"datetime": "2025-08-12 03:50:43", "elapsed": 41123.238156080246, "delta": 31.805192708969116}, "costs": {"total_cost": 1081.2061961883633, "time_cost": 150, "final_distance_cost": 52.35505725365936, "oscillation_cost": 419.6265931448176, "completition_cost": 333.33333333333337, "overshoot_cost": 62.49806605360037, "power_cost": 33.193623388671874, "noise_cost": 30.19952301428072, "n_waypoints_completed": 6, "tot_waypoints": 9}}
{"target": -4781.33193217159, "params": {"k_pid_pos": [1.910308837890625, 0.9582157135009766, 0.9974793195724487], "k_pid_alt": [1.9989614486694336, 1.0, 1.0], "k_pid_att": [0.0, 0.6613434553146362, 0.0], "k_pid_yaw": [0.5, 1e-06, 0.1], "k_pid_hsp": [9.659379959106445, 0.0, 0.010413408279418945], "k_pid_vsp": [391.3538513183594, 377.8105773925781, 400.0]}, "datetime": {"datetime": "2025-08-12 03:51:14", "elapsed": 41154.3673658371, "delta": 31.129209756851196}, "costs": {"total_cost": 4781.33193217159, "time_cost": 150, "final_distance_cost": 494.88362943997834, "oscillation_cost": 2145.776383622001, "completition_cost": 1000.0, "overshoot_cost": 760.9190244155124, "power_cost": 56.56116651611328, "noise_cost": 173.19172817798508, "n_waypoints_completed": 0, "tot_waypoints": 9}}
{"target": -1162.9312965921579, "params": {"k_pid_pos": [1.9744694232940674, 0.9707460999488831, 1.0], "k_pid_alt": [2.0, 0.9852617383003235, 0.9962353110313416], "k_pid_att": [0.7693111896514893, 9.999999747378752e-05, 0.0], "k_pid_yaw": [0.5, 1e-06, 0.1], "k_pid_hsp": [9.920698165893555, 0.04740488529205322, 0.023724853992462158], "k_pid_vsp": [391.0865783691406, 380.4827575683594, 400.0]}, "datetime": {"datetime": "2025-08-12 03:51:46", "elapsed": 41186.09267640114, "delta": 31.725310564041138}, "costs": {"total_cost": 1162.9312965921579, "time_cost": 150, "final_distance_cost": 57.09169918249475, "oscillation_cost": 160.06978745617977, "completition_cost": 666.6666666666667, "overshoot_cost": 64.99030683813383, "power_cost": 34.37833134765625, "noise_cost": 29.734505101026407, "n_waypoints_completed": 3, "tot_waypoints": 9}}
{"target": -8176.624562040482, "params": {"k_pid_pos": [1.972266674041748, 0.9487646222114563, 1.0], "k_pid_alt": [2.0, 1.0, 1.0], "k_pid_att": [0.0, 9.999999747378752e-05, 0.0], "k_pid_yaw": [0.5, 1e-06, 0.1], "k_pid_hsp": [9.976515769958496, 0.0, 0.0], "k_pid_vsp": [382.7683410644531, 400.0, 385.101806640625]}, "datetime": {"datetime": "2025-08-12 03:52:17", "elapsed": 41216.93480467796, "delta": 30.84212827682495}, "costs": {"total_cost": 8176.624562040482, "time_cost": 150, "final_distance_cost": 1034.6140006835826, "oscillation_cost": 14.876962693237813, "completition_cost": 1000.0, "overshoot_cost": 5840.331253264697, "power_cost": 44.68391669921875, "noise_cost": 92.11842869974632, "n_waypoints_completed": 0, "tot_waypoints": 9}}
{"target": -9711.212042924413, "params": {"k_pid_pos": [1.955069661140442, 0.9875692129135132, 0.9989314079284668], "k_pid_alt": [1.939706802368164, 0.9610507488250732, 1.0], "k_pid_att": [0.0, 0.4071318507194519, 0.038276225328445435], "k_pid_yaw": [0.5, 1e-06, 0.1], "k_pid_hsp": [9.639974594116211, 0.0, 0.0015546083450317383], "k_pid_vsp": [391.6912841796875, 400.0, 372.5818786621094]}, "datetime": {"datetime": "2025-08-12 03:52:53", "elapsed": 41253.02680015564, "delta": 36.09199547767639}, "costs": {"total_cost": 9711.212042924413, "time_cost": 150, "final_distance_cost": 2890.527636530222, "oscillation_cost": 1628.609731161993, "completition_cost": 1000.0, "overshoot_cost": 3814.63698466008, "power_cost": 57.99235235595703, "noise_cost": 169.4453382161602, "n_waypoints_completed": 0, "tot_waypoints": 9}}
{"target": -1739.858486086951, "params": {"k_pid_pos": [1.9674460887908936, 0.9737894535064697, 0.9938983917236328], "k_pid_alt": [2.0, 0.9832459688186646, 1.0], "k_pid_att": [2.4248270988464355, 0.37693554162979126, 0.05243465304374695], "k_pid_yaw": [0.5, 1e-06, 0.1], "k_pid_hsp": [9.740601539611816, 0.0, 0.0], "k_pid_vsp": [368.0736083984375, 389.4302673339844, 400.0]}, "datetime": {"datetime": "2025-08-12 03:53:24", "elapsed": 41283.71411204338, "delta": 30.68731188774109}, "costs": {"total_cost": 1739.858486086951, "time_cost": 150, "final_distance_cost": 0.9985422933780543, "oscillation_cost": 292.6056122297968, "completition_cost": 1000.0, "overshoot_cost": 160.68430306228788, "power_cost": 29.42093192138672, "noise_cost": 106.14909658010153, "n_waypoints_completed": 0, "tot_waypoints": 9}}
{"target": -1231.3765613039095, "params": {"k_pid_pos": [1.9521232843399048, 1.0, 0.9516817331314087], "k_pid_alt": [1.914579153060913, 1.0, 1.0], "k_pid_att": [2.2261977195739746, 0.44510617852211, 0.0], "k_pid_yaw": [0.5, 1e-06, 0.1], "k_pid_hsp": [10.0, 0.00810280442237854, 0.0], "k_pid_vsp": [399.31597900390625, 400.0, 400.0]}, "datetime": {"datetime": "2025-08-12 03:53:55", "elapsed": 41315.07883810997, "delta": 31.364726066589355}, "costs": {"total_cost": 1231.3765613039095, "time_cost": 150, "final_distance_cost": 38.97707683750189, "oscillation_cost": 351.4688066255991, "completition_cost": 555.5555555555555, "overshoot_cost": 75.31811996112866, "power_cost": 32.679587512207036, "noise_cost": 27.377414811917248, "n_waypoints_completed": 4, "tot_waypoints": 9}}
{"target": -5933.27826716894, "params": {"k_pid_pos": [2.0, 1.0, 1.0], "k_pid_alt": [1.9640984535217285, 1.0, 1.0], "k_pid_att": [0.0, 1.3360111713409424, 0.03470951318740845], "k_pid_yaw": [0.5, 1e-06, 0.1], "k_pid_hsp": [10.0, 0.0, 0.0], "k_pid_vsp": [400.0, 400.0, 400.0]}, "datetime": {"datetime": "2025-08-12 03:54:27", "elapsed": 41346.96177434921, "delta": 31.882936239242554}, "costs": {"total_cost": 5933.27826716894, "time_cost": 150, "final_distance_cost": 768.0907495167298, "oscillation_cost": 2167.3772779160568, "completition_cost": 1000.0, "overshoot_cost": 1619.4501615594284, "power_cost": 57.03713846435547, "noise_cost": 171.32293971236916, "n_waypoints_completed": 0, "tot_waypoints": 9}}
{"target": -3287.0398825450284, "params": {"k_pid_pos": [2.0, 1.0, 0.9994326233863831], "k_pid_alt": [1.9745674133300781, 1.0, 0.9586718082427979], "k_pid_att": [0.0, 9.999999747378752e-05, 0.07822838425636292], "k_pid_yaw": [0.5, 1e-06, 0.1], "k_pid_hsp": [9.996891975402832, 0.0, 0.061335206031799316], "k_pid_vsp": [390.2412109375, 398.2613220214844, 371.84344482421875]}, "datetime": {"datetime": "2025-08-12 03:54:58", "elapsed": 41377.845210790634, "delta": 30.88343644142151}, "costs": {"total_cost": 3287.0398825450284, "time_cost": 150, "final_distance_cost": 298.88751563739123, "oscillation_cost": 3.8275447585546973, "completition_cost": 1000.0, "overshoot_cost": 1697.7508835315289, "power_cost": 29.587575415039066, "noise_cost": 106.98636320251457, "n_waypoints_completed": 0, "tot_waypoints": 9}}
{"target": -1043.6755669583408, "params": {"k_pid_pos": [1.8802138566970825, 0.984050989151001, 1.0], "k_pid_alt": [2.0, 0.9397265911102295, 0.9930118322372437], "k_pid_att": [0.7646828889846802, 0.04691540449857712, 0.008234411478042603], "k_pid_yaw": [0.5, 1e-06, 0.1], "k_pid_hsp": [10.0, 0.0, 0.005275249481201172], "k_pid_vsp": [400.0, 400.0, 382.9781494140625]}, "datetime": {"datetime": "2025-08-12 03:55:30", "elapsed": 41409.81763458252, "delta": 31.972423791885376}, "costs": {"total_cost": 1043.6755669583408, "time_cost": 150, "final_distance_cost": 41.77128849090786, "oscillation_cost": 170.48795141995458, "completition_cost": 555.5555555555555, "overshoot_cost": 63.52555928105722, "power_cost": 32.876998779296876, "noise_cost": 29.458213431568783, "n_waypoints_completed": 4, "tot_waypoints": 9}}
{"target": -5198.562333803714, "params": {"k_pid_pos": [2.0, 0.8680729269981384, 1.0], "k_pid_alt": [2.0, 0.9284989237785339, 0.9917794466018677], "k_pid_att": [0.0, 0.5698398947715759, 0.0], "k_pid_yaw": [0.5, 1e-06, 0.1], "k_pid_hsp": [9.463017463684082, 0.0, 0.0255545973777771], "k_pid_vsp": [400.0, 383.9606628417969, 400.0]}, "datetime": {"datetime": "2025-08-12 03:56:00", "elapsed": 41440.28575372696, "delta": 30.468119144439697}, "costs": {"total_cost": 5198.562333803714, "time_cost": 150, "final_distance_cost": 699.6838650203596, "oscillation_cost": 1956.8653185312326, "completition_cost": 1000.0, "overshoot_cost": 1161.517478993584, "power_cost": 57.01936458740234, "noise_cost": 173.47630667113555, "n_waypoints_completed": 0, "tot_waypoints": 9}}
{"target": -1650.1649733086979, "params": {"k_pid_pos": [1.850634217262268, 0.9658563137054443, 1.0], "k_pid_alt": [1.9600322246551514, 1.0, 1.0], "k_pid_att": [1.0083585977554321, 0.09541551768779755, 0.0], "k_pid_yaw": [0.5, 1e-06, 0.1], "k_pid_hsp": [10.0, 0.0, 0.09302765130996704], "k_pid_vsp": [361.3092956542969, 400.0, 400.0]}, "datetime": {"datetime": "2025-08-12 03:56:32", "elapsed": 41471.847215652466, "delta": 31.561461925506592}, "costs": {"total_cost": 1650.1649733086979, "time_cost": 150, "final_distance_cost": 0.8480538691162349, "oscillation_cost": 273.25138168201937, "completition_cost": 1000.0, "overshoot_cost": 144.4664113135645, "power_cost": 32.06953743896484, "noise_cost": 49.5295890050328, "n_waypoints_completed": 0, "tot_waypoints": 9}}
{"target": -1656.5865456263482, "params": {"k_pid_pos": [2.0, 1.0, 0.9636523127555847], "k_pid_alt": [2.0, 0.9772123098373413, 1.0], "k_pid_att": [7.155576229095459, 0.573119044303894, 0.0], "k_pid_yaw": [0.5, 1e-06, 0.1], "k_pid_hsp": [9.904317855834961, 0.0, 0.0], "k_pid_vsp": [371.2808532714844, 400.0, 400.0]}, "datetime": {"datetime": "2025-08-12 03:57:03", "elapsed": 41502.808436870575, "delta": 30.96122121810913}, "costs": {"total_cost": 1656.5865456263482, "time_cost": 150, "final_distance_cost": 66.36446068298473, "oscillation_cost": 528.0605591229397, "completition_cost": 777.7777777777778, "overshoot_cost": 75.09735988140163, "power_cost": 31.221648010253908, "noise_cost": 28.064740150990467, "n_waypoints_completed": 2, "tot_waypoints": 9}}
{"target": -4527.12530363879, "params": {"k_pid_pos": [2.0, 1.0, 1.0], "k_pid_alt": [2.0, 0.9599165916442871, 0.9611722230911255], "k_pid_att": [0.0, 9.999999747378752e-05, 0.03222128748893738], "k_pid_yaw": [0.5, 1e-06, 0.1], "k_pid_hsp": [10.0, 0.017418473958969116, 0.013151824474334717], "k_pid_vsp": [391.8279724121094, 400.0, 400.0]}, "datetime": {"datetime": "2025-08-12 03:57:34", "elapsed": 41533.63765287399, "delta": 30.82921600341797}, "costs": {"total_cost": 4527.12530363879, "time_cost": 150, "final_distance_cost": 1066.2209008824634, "oscillation_cost": 5.439293687142359, "completition_cost": 1000.0, "overshoot_cost": 2192.3900543270393, "power_cost": 30.727921142578126, "noise_cost": 82.34713359956596, "n_waypoints_completed": 0, "tot_waypoints": 9}}
{"target": -1521.5570554626197, "params": {"k_pid_pos": [2.0, 0.9471445679664612, 1.0], "k_pid_alt": [2.0, 1.0, 0.9940369129180908], "k_pid_att": [1.1977404356002808, 9.999999747378752e-05, 0.0], "k_pid_yaw": [0.5, 1e-06, 0.1], "k_pid_hsp": [9.67491340637207, 0.05817127227783203, 0.0], "k_pid_vsp": [390.82183837890625, 400.0, 390.4180908203125]}, "datetime": {"datetime": "2025-08-12 03:58:05", "elapsed": 41565.02518105507, "delta": 31.38752818107605}, "costs": {"total_cost": 1521.5570554626197, "time_cost": 150, "final_distance_cost": 64.93843522656003, "oscillation_cost": 289.5522413337766, "completition_cost": 888.8888888888888, "overshoot_cost": 71.856060413018, "power_cost": 30.12702653808594, "noise_cost": 26.194403062290395, "n_waypoints_completed": 1, "tot_waypoints": 9}}
{"target": -1230.0800206493395, "params": {"k_pid_pos": [2.0, 0.9657495021820068, 0.9652596712112427], "k_pid_alt": [1.9700767993927002, 1.0, 1.0], "k_pid_att": [5.490720272064209, 0.9239332675933838, 0.0], "k_pid_yaw": [0.5, 1e-06, 0.1], "k_pid_hsp": [9.387547492980957, 0.017014682292938232, 0.0], "k_pid_vsp": [400.0, 400.0, 400.0]}, "datetime": {"datetime": "2025-08-12 03:58:36", "elapsed": 41595.759913921356, "delta": 30.73473286628723}, "costs": {"total_cost": 1230.0800206493395, "time_cost": 150, "final_distance_cost": 54.0735069724852, "oscillation_cost": 452.3666783469374, "completition_cost": 444.4444444444444, "overshoot_cost": 66.9324615902091, "power_cost": 32.56176431884766, "noise_cost": 29.701164976415658, "n_waypoints_completed": 5, "tot_waypoints": 9}}
{"target": -1468.9122078650148, "params": {"k_pid_pos": [2.0, 0.9828386306762695, 0.9308367967605591], "k_pid_alt": [2.0, 1.0, 0.9794631004333496], "k_pid_att": [4.899186134338379, 9.999999747378752e-05, 0.0], "k_pid_yaw": [0.5, 1e-06, 0.1], "k_pid_hsp": [10.0, 0.0, 0.0], "k_pid_vsp": [374.79888916015625, 400.0, 400.0]}, "datetime": {"datetime": "2025-08-12 03:59:08", "elapsed": 41627.415068387985, "delta": 31.65515446662903}, "costs": {"total_cost": 1468.9122078650148, "time_cost": 150, "final_distance_cost": 59.79987327879426, "oscillation_cost": 458.5725981408847, "completition_cost": 666.6666666666667, "overshoot_cost": 74.26536767042796, "power_cost": 31.855890454101566, "noise_cost": 27.751811654139402, "n_waypoints_completed": 3, "tot_waypoints": 9}}
{"target": -4472.3340080188655, "params": {"k_pid_pos": [2.0, 1.0, 1.0], "k_pid_alt": [1.990386724472046, 0.9654837846755981, 0.969578206539154], "k_pid_att": [0.0, 0.44788792729377747, 0.0], "k_pid_yaw": [0.5, 1e-06, 0.1], "k_pid_hsp": [10.0, 0.09208184480667114, 0.0], "k_pid_vsp": [384.7763671875, 399.7275390625, 400.0]}, "datetime": {"datetime": "2025-08-12 03:59:40", "elapsed": 41659.505722522736, "delta": 32.090654134750366}, "costs": {"total_cost": 4472.3340080188655, "time_cost": 150, "final_distance_cost": 326.6125715911327, "oscillation_cost": 1756.1615008722997, "completition_cost": 1000.0, "overshoot_cost": 1007.1123061606074, "power_cost": 57.84926424560547, "noise_cost": 174.59836514921983, "n_waypoints_completed": 0, "tot_waypoints": 9}}
{"target": -936.1396716908347, "params": {"k_pid_pos": [1.8366328477859497, 0.9812095165252686, 0.9371130466461182], "k_pid_alt": [2.0, 1.0, 0.9333385825157166], "k_pid_att": [1.497960090637207, 9.999999747378752e-05, 0.0], "k_pid_yaw": [0.5, 1e-06, 0.1], "k_pid_hsp": [10.0, 0.1326724886894226, 0.0074624717235565186], "k_pid_vsp": [400.0, 400.0, 356.309326171875]}, "datetime": {"datetime": "2025-08-12 04:00:11", "elapsed": 41690.89920806885, "delta": 31.39348554611206}, "costs": {"total_cost": 936.1396716908347, "time_cost": 150, "final_distance_cost": 67.25412976015464, "oscillation_cost": 260.41554974112364, "completition_cost": 333.33333333333337, "overshoot_cost": 63.73081825360495, "power_cost": 32.57469714355469, "noise_cost": 28.831143459063448, "n_waypoints_completed": 6, "tot_waypoints": 9}}
{"target": -1316.7100886454873, "params": {"k_pid_pos": [1.844868540763855, 1.0, 1.0], "k_pid_alt": [2.0, 0.900335967540741, 1.0], "k_pid_att": [6.107819080352783, 0.017540739849209785, 0.03674030303955078], "k_pid_yaw": [0.5, 1e-06, 0.1], "k_pid_hsp": [9.252848625183105, 0.0, 0.08813843131065369], "k_pid_vsp": [393.2278747558594, 400.0, 400.0]}, "datetime": {"datetime": "2025-08-12 04:00:42", "elapsed": 41722.25045514107, "delta": 31.35124707221985}, "costs": {"total_cost": 1316.7100886454873, "time_cost": 150, "final_distance_cost": 44.869444582967574, "oscillation_cost": 433.3019600495869, "completition_cost": 555.5555555555555, "overshoot_cost": 67.68452904782681, "power_cost": 33.176309765625, "noise_cost": 32.12228964392548, "n_waypoints_completed": 4, "tot_waypoints": 9}}
{"target": -9319.428249585255, "params": {"k_pid_pos": [2.0, 1.0, 0.9978345632553101], "k_pid_alt": [2.0, 1.0, 1.0], "k_pid_att": [0.0, 0.005814537871629, 0.0], "k_pid_yaw": [0.5, 1e-06, 0.1], "k_pid_hsp": [9.671795845031738, 0.041203439235687256, 0.0], "k_pid_vsp": [400.0, 389.18194580078125, 384.6346130371094]}, "datetime": {"datetime": "2025-08-12 04:01:14", "elapsed": 41754.30687189102, "delta": 32.056416749954224}, "costs": {"total_cost": 9319.428249585255, "time_cost": 150, "final_distance_cost": 2231.3240498509535, "oscillation_cost": 168.11747058880036, "completition_cost": 1000.0, "overshoot_cost": 5562.04756131691, "power_cost": 56.894490747070314, "noise_cost": 151.04467708152197, "n_waypoints_completed": 0, "tot_waypoints": 9}}
{"target": -1505.564270292091, "params": {"k_pid_pos": [2.0, 0.9537488222122192, 1.0], "k_pid_alt": [1.9750653505325317, 0.9607065320014954, 0.9504622220993042], "k_pid_att": [2.3498921394348145, 9.999999747378752e-05, 0.0], "k_pid_yaw": [0.5, 1e-06, 0.1], "k_pid_hsp": [9.166581153869629, 0.057630568742752075, 0.01808774471282959], "k_pid_vsp": [381.9827880859375, 396.4283447265625, 400.0]}, "datetime": {"datetime": "2025-08-12 04:01:45", "elapsed": 41784.75867986679, "delta": 30.451807975769043}, "costs": {"total_cost": 1505.564270292091, "time_cost": 150, "final_distance_cost": 84.50135544364467, "oscillation_cost": 361.73522357851874, "completition_cost": 777.7777777777778, "overshoot_cost": 72.24521258461343, "power_cost": 32.193384521484376, "noise_cost": 27.111316386051804, "n_waypoints_completed": 2, "tot_waypoints": 9}}
{"target": -1696.2778216454367, "params": {"k_pid_pos": [1.9624639749526978, 0.9142832159996033, 1.0], "k_pid_alt": [2.0, 1.0, 1.0], "k_pid_att": [2.7252554893493652, 0.32748058438301086, 0.06246957182884216], "k_pid_yaw": [0.5, 1e-06, 0.1], "k_pid_hsp": [10.0, 0.019933044910430908, 0.0149136483669281], "k_pid_vsp": [400.0, 400.0, 400.0]}, "datetime": {"datetime": "2025-08-12 04:02:15", "elapsed": 41815.26582503319, "delta": 30.507145166397095}, "costs": {"total_cost": 1696.2778216454367, "time_cost": 150, "final_distance_cost": 0.9984724288692378, "oscillation_cost": 254.44033108386913, "completition_cost": 1000.0, "overshoot_cost": 159.5297439449898, "power_cost": 29.39932332763672, "noise_cost": 101.90995086007179, "n_waypoints_completed": 0, "tot_waypoints": 9}}
{"target": -1507.7695083445226, "params": {"k_pid_pos": [1.9714293479919434, 1.0, 1.0], "k_pid_alt": [2.0, 0.962151288986206, 1.0], "k_pid_att": [2.2290587425231934, 0.1012340635061264, 0.0], "k_pid_yaw": [0.5, 1e-06, 0.1], "k_pid_hsp": [9.845966339111328, 0.07730495929718018, 0.05919185280799866], "k_pid_vsp": [378.37530517578125, 383.6427307128906, 400.0]}, "datetime": {"datetime": "2025-08-12 04:02:47", "elapsed": 41847.02194046974, "delta": 31.756115436553955}, "costs": {"total_cost": 1507.7695083445226, "time_cost": 150, "final_distance_cost": 87.74380717742005, "oscillation_cost": 361.1035287311954, "completition_cost": 777.7777777777778, "overshoot_cost": 71.70546401615908, "power_cost": 32.17885975341797, "noise_cost": 27.260070888552086, "n_waypoints_completed": 2, "tot_waypoints": 9}}
