{"target": -6770.919484444622, "params": {"k_pid_pos": [1.8731703758239746, 0.9831501841545105, 1.0], "k_pid_alt": [2.0, 1.0, 0.9468109607696533], "k_pid_att": [0.0, 0.11921928822994232, 0.0], "k_pid_yaw": [0.5, 1e-06, 0.1], "k_pid_hsp": [9.861259460449219, 0.013411998748779297, 0.0], "k_pid_vsp": [400.0, 400.0, 368.6641845703125]}, "datetime": {"datetime": "2025-08-11 18:22:46", "elapsed": 7046.069957733154, "delta": 29.963064193725586}, "costs": {"total_cost": 6770.919484444622, "time_cost": 150, "final_distance_cost": 1780.8124447420487, "oscillation_cost": 910.484153421779, "completition_cost": 1000.0, "overshoot_cost": 2702.9663849047643, "power_cost": 58.16712893066406, "noise_cost": 168.48937244536566, "n_waypoints_completed": 0, "tot_waypoints": 9}}
{"target": -13829.74966015182, "params": {"k_pid_pos": [1.9475089311599731, 1.0, 1.0], "k_pid_alt": [1.9925596714019775, 0.9958118200302124, 1.0], "k_pid_att": [0.0, 0.7748051285743713, 0.017834901809692383], "k_pid_yaw": [0.5, 1e-06, 0.1], "k_pid_hsp": [9.515124320983887, 0.0, 0.0], "k_pid_vsp": [378.7799377441406, 390.4814147949219, 380.212646484375]}, "datetime": {"datetime": "2025-08-11 18:23:17", "elapsed": 7076.521648645401, "delta": 30.451690912246704}, "costs": {"total_cost": 13829.74966015182, "time_cost": 150, "final_distance_cost": 4648.540537177877, "oscillation_cost": 2191.475917505584, "completition_cost": 1000.0, "overshoot_cost": 5607.890487784648, "power_cost": 57.08779409179688, "noise_cost": 174.7549235919133, "n_waypoints_completed": 0, "tot_waypoints": 9}}
{"target": -8131.585143945061, "params": {"k_pid_pos": [1.9207031726837158, 1.0, 0.96312415599823], "k_pid_alt": [2.0, 1.0, 1.0], "k_pid_att": [0.0, 9.999999747378752e-05, 0.0], "k_pid_yaw": [0.5, 1e-06, 0.1], "k_pid_hsp": [10.0, 0.005220293998718262, 0.043750882148742676], "k_pid_vsp": [381.4554138183594, 400.0, 387.64794921875]}, "datetime": {"datetime": "2025-08-11 18:23:47", "elapsed": 7106.776243448257, "delta": 30.254594802856445}, "costs": {"total_cost": 8131.585143945061, "time_cost": 150, "final_distance_cost": 866.0310357923548, "oscillation_cost": 14.796919591901826, "completition_cost": 1000.0, "overshoot_cost": 5962.241608397503, "power_cost": 44.880668981933596, "noise_cost": 93.63491118136686, "n_waypoints_completed": 0, "tot_waypoints": 9}}
{"target": -4165.849379156466, "params": {"k_pid_pos": [2.0, 0.9982073903083801, 1.0], "k_pid_alt": [1.9360578060150146, 0.9523901343345642, 0.9243897795677185], "k_pid_att": [0.0, 0.9820951819419861, 0.0], "k_pid_yaw": [0.5, 1e-06, 0.1], "k_pid_hsp": [9.516361236572266, 0.028927326202392578, 0.017180442810058594], "k_pid_vsp": [400.0, 392.1212158203125, 400.0]}, "datetime": {"datetime": "2025-08-11 18:24:17", "elapsed": 7137.017883777618, "delta": 30.241640329360962}, "costs": {"total_cost": 4165.849379156466, "time_cost": 150, "final_distance_cost": 191.08605954659978, "oscillation_cost": 2044.8604939691525, "completition_cost": 1000.0, "overshoot_cost": 548.3503706575651, "power_cost": 57.200697094726564, "noise_cost": 174.35175788842167, "n_waypoints_completed": 0, "tot_waypoints": 9}}
{"target": -1047.0731092887895, "params": {"k_pid_pos": [2.0, 0.9621037244796753, 1.0], "k_pid_alt": [1.9913417100906372, 1.0, 1.0], "k_pid_att": [1.3885855674743652, 0.2655045986175537, 0.0], "k_pid_yaw": [0.5, 1e-06, 0.1], "k_pid_hsp": [10.0, 0.03374069929122925, 0.01863044500350952], "k_pid_vsp": [388.0087890625, 391.32269287109375, 400.0]}, "datetime": {"datetime": "2025-08-11 18:24:46", "elapsed": 7166.341678380966, "delta": 29.32379460334778}, "costs": {"total_cost": 1047.0731092887895, "time_cost": 150, "final_distance_cost": 54.95413578191668, "oscillation_cost": 264.762053709897, "completition_cost": 444.4444444444444, "overshoot_cost": 71.32912540932718, "power_cost": 32.92126010742188, "noise_cost": 28.662089835782307, "n_waypoints_completed": 5, "tot_waypoints": 9}}
{"target": -1064.6734478064989, "params": {"k_pid_pos": [1.9698066711425781, 1.0, 1.0], "k_pid_alt": [1.7569352388381958, 1.0, 1.0], "k_pid_att": [0.7055193185806274, 1.1764315366744995, 0.0], "k_pid_yaw": [0.5, 1e-06, 0.1], "k_pid_hsp": [10.0, 0.0, 0.04913023114204407], "k_pid_vsp": [363.7138977050781, 376.4060363769531, 400.0]}, "datetime": {"datetime": "2025-08-11 18:25:17", "elapsed": 7196.380737781525, "delta": 30.03905940055847}, "costs": {"total_cost": 1064.6734478064989, "time_cost": 150, "final_distance_cost": 47.04073008866995, "oscillation_cost": 285.51759387523, "completition_cost": 444.4444444444444, "overshoot_cost": 62.64604740204004, "power_cost": 41.712415954589844, "noise_cost": 33.31221604152459, "n_waypoints_completed": 5, "tot_waypoints": 9}}
{"target": -1051.9004059799074, "params": {"k_pid_pos": [2.0, 0.9897342920303345, 1.0], "k_pid_alt": [1.8937785625457764, 0.9294866323471069, 1.0], "k_pid_att": [6.97861909866333, 0.31085196137428284, 0.05664601922035217], "k_pid_yaw": [0.5, 1e-06, 0.1], "k_pid_hsp": [10.0, 0.0, 0.07873222231864929], "k_pid_vsp": [400.0, 400.0, 397.57537841796875]}, "datetime": {"datetime": "2025-08-11 18:25:46", "elapsed": 7226.127558469772, "delta": 29.74682068824768}, "costs": {"total_cost": 1051.9004059799074, "time_cost": 150, "final_distance_cost": 53.70423129291054, "oscillation_cost": 388.3675413888762, "completition_cost": 333.33333333333337, "overshoot_cost": 63.850588637019165, "power_cost": 32.67253533935547, "noise_cost": 29.97217598841263, "n_waypoints_completed": 6, "tot_waypoints": 9}}
{"target": -8305.818046910437, "params": {"k_pid_pos": [1.9310258626937866, 1.0, 1.0], "k_pid_alt": [2.0, 0.9756428599357605, 0.9518570899963379], "k_pid_att": [0.0, 9.999999747378752e-05, 0.0], "k_pid_yaw": [0.5, 1e-06, 0.1], "k_pid_hsp": [10.0, 0.051449090242385864, 0.017416775226593018], "k_pid_vsp": [392.7115783691406, 393.7026672363281, 400.0]}, "datetime": {"datetime": "2025-08-11 18:26:17", "elapsed": 7256.850226640701, "delta": 30.722668170928955}, "costs": {"total_cost": 8305.818046910437, "time_cost": 150, "final_distance_cost": 892.2651628979006, "oscillation_cost": 14.74091268340752, "completition_cost": 1000.0, "overshoot_cost": 6108.1258301196, "power_cost": 44.794162072753906, "noise_cost": 95.89197913677489, "n_waypoints_completed": 0, "tot_waypoints": 9}}
{"target": -8569.202007899898, "params": {"k_pid_pos": [1.8306044340133667, 0.9185858368873596, 1.0], "k_pid_alt": [2.0, 0.9966831207275391, 0.9745122194290161], "k_pid_att": [0.0, 9.999999747378752e-05, 0.0], "k_pid_yaw": [0.5, 1e-06, 0.1], "k_pid_hsp": [9.169937133789062, 0.0199776291847229, 0.0], "k_pid_vsp": [367.4626159667969, 390.81689453125, 400.0]}, "datetime": {"datetime": "2025-08-11 18:26:47", "elapsed": 7286.647854804993, "delta": 29.797628164291382}, "costs": {"total_cost": 8569.202007899898, "time_cost": 150, "final_distance_cost": 520.3298129087545, "oscillation_cost": 14.225460326155792, "completition_cost": 1000.0, "overshoot_cost": 6738.983487854641, "power_cost": 43.52069899902344, "noise_cost": 102.14254781132301, "n_waypoints_completed": 0, "tot_waypoints": 9}}
{"target": -785.4049451769973, "params": {"k_pid_pos": [2.0, 1.0, 0.9694629907608032], "k_pid_alt": [2.0, 0.9630756974220276, 0.9766769409179688], "k_pid_att": [0.5246073007583618, 0.5255746841430664, 0.0004424154758453369], "k_pid_yaw": [0.5, 1e-06, 0.1], "k_pid_hsp": [10.0, 0.05839037895202637, 0.0], "k_pid_vsp": [376.63970947265625, 345.0525817871094, 374.6505126953125]}, "datetime": {"datetime": "2025-08-11 18:27:17", "elapsed": 7317.255742311478, "delta": 30.607887506484985}, "costs": {"total_cost": 785.4049451769973, "time_cost": 150, "final_distance_cost": 66.50635562405601, "oscillation_cost": 211.64982171626085, "completition_cost": 222.2222222222222, "overshoot_cost": 60.287552320208654, "power_cost": 41.54341751708984, "noise_cost": 33.19557577715977, "n_waypoints_completed": 7, "tot_waypoints": 9}}
{"target": -1607.8080229821478, "params": {"k_pid_pos": [2.0, 0.9896581768989563, 0.9904194474220276], "k_pid_alt": [2.0, 1.0, 1.0], "k_pid_att": [1.068452000617981, 9.999999747378752e-05, 0.0], "k_pid_yaw": [0.5, 1e-06, 0.1], "k_pid_hsp": [9.950572967529297, 0.0, 0.0], "k_pid_vsp": [380.44024658203125, 400.0, 400.0]}, "datetime": {"datetime": "2025-08-11 18:27:48", "elapsed": 7348.038879871368, "delta": 30.783137559890747}, "costs": {"total_cost": 1607.8080229821478, "time_cost": 150, "final_distance_cost": 18.5190659112875, "oscillation_cost": 274.3833789260563, "completition_cost": 1000.0, "overshoot_cost": 106.28505187305552, "power_cost": 31.540075988769534, "noise_cost": 27.080450282978703, "n_waypoints_completed": 0, "tot_waypoints": 9}}
{"target": -1230.248630854491, "params": {"k_pid_pos": [2.0, 0.9483150243759155, 1.0], "k_pid_alt": [1.9869730472564697, 1.0, 0.9967561960220337], "k_pid_att": [5.9328107833862305, 0.06282313168048859, 0.0], "k_pid_yaw": [0.5, 1e-06, 0.1], "k_pid_hsp": [10.0, 0.0, 0.005508452653884888], "k_pid_vsp": [374.99981689453125, 400.0, 387.4009094238281]}, "datetime": {"datetime": "2025-08-11 18:28:19", "elapsed": 7378.965313673019, "delta": 30.926433801651}, "costs": {"total_cost": 1230.248630854491, "time_cost": 150, "final_distance_cost": 52.86825654561545, "oscillation_cost": 455.08195635768607, "completition_cost": 444.4444444444444, "overshoot_cost": 65.39880646794161, "power_cost": 32.68748385009766, "noise_cost": 29.767683188706105, "n_waypoints_completed": 5, "tot_waypoints": 9}}
{"target": -9622.855803691005, "params": {"k_pid_pos": [2.0, 0.9863009452819824, 0.9691086411476135], "k_pid_alt": [1.8697550296783447, 1.0, 0.9096218347549438], "k_pid_att": [0.0, 0.806149423122406, 0.0009860992431640625], "k_pid_yaw": [0.5, 1e-06, 0.1], "k_pid_hsp": [10.0, 0.0, 0.0], "k_pid_vsp": [384.37176513671875, 400.0, 373.8470458984375]}, "datetime": {"datetime": "2025-08-11 18:28:49", "elapsed": 7409.003899812698, "delta": 30.038586139678955}, "costs": {"total_cost": 9622.855803691005, "time_cost": 150, "final_distance_cost": 2217.453983165447, "oscillation_cost": 2383.1032765175596, "completition_cost": 1000.0, "overshoot_cost": 3648.6440391177853, "power_cost": 54.08160128173829, "noise_cost": 169.57290360847537, "n_waypoints_completed": 0, "tot_waypoints": 9}}
{"target": -8091.676348096675, "params": {"k_pid_pos": [1.9062780141830444, 0.988025963306427, 1.0], "k_pid_alt": [2.0, 1.0, 0.9473785161972046], "k_pid_att": [0.0, 9.999999747378752e-05, 0.0], "k_pid_yaw": [0.5, 1e-06, 0.1], "k_pid_hsp": [10.0, 0.011745214462280273, 0.022923797369003296], "k_pid_vsp": [400.0, 375.1744384765625, 400.0]}, "datetime": {"datetime": "2025-08-11 18:29:20", "elapsed": 7439.492411851883, "delta": 30.48851203918457}, "costs": {"total_cost": 8091.676348096675, "time_cost": 150, "final_distance_cost": 790.7067463120616, "oscillation_cost": 14.664308350835565, "completition_cost": 1000.0, "overshoot_cost": 5995.224331462706, "power_cost": 44.429639794921876, "noise_cost": 96.65132217615002, "n_waypoints_completed": 0, "tot_waypoints": 9}}
{"target": -1398.4635479178962, "params": {"k_pid_pos": [2.0, 1.0, 1.0], "k_pid_alt": [2.0, 1.0, 1.0], "k_pid_att": [3.5309672355651855, 9.999999747378752e-05, 0.0038868486881256104], "k_pid_yaw": [0.5, 1e-06, 0.1], "k_pid_hsp": [9.926612854003906, 0.0, 0.016874045133590698], "k_pid_vsp": [385.8746032714844, 400.0, 396.2500305175781]}, "datetime": {"datetime": "2025-08-11 18:29:50", "elapsed": 7469.476658582687, "delta": 29.984246730804443}, "costs": {"total_cost": 1398.4635479178962, "time_cost": 150, "final_distance_cost": 51.91425102188962, "oscillation_cost": 396.82105078150033, "completition_cost": 666.6666666666667, "overshoot_cost": 72.243262988059, "power_cost": 32.09998671875, "noise_cost": 28.718329741030715, "n_waypoints_completed": 3, "tot_waypoints": 9}}
{"target": -8075.275707471602, "params": {"k_pid_pos": [2.0, 1.0, 0.9697456955909729], "k_pid_alt": [2.0, 1.0, 1.0], "k_pid_att": [0.0, 9.999999747378752e-05, 0.0], "k_pid_yaw": [0.5, 1e-06, 0.1], "k_pid_hsp": [9.58723258972168, 0.0, 0.0], "k_pid_vsp": [398.434814453125, 361.87115478515625, 386.5934753417969]}, "datetime": {"datetime": "2025-08-11 18:30:20", "elapsed": 7499.934828042984, "delta": 30.45816946029663}, "costs": {"total_cost": 8075.275707471602, "time_cost": 150, "final_distance_cost": 964.2695357256941, "oscillation_cost": 14.849727824148708, "completition_cost": 1000.0, "overshoot_cost": 5809.928515929646, "power_cost": 44.41106778564453, "noise_cost": 91.81686020646893, "n_waypoints_completed": 0, "tot_waypoints": 9}}
{"target": -1676.949879916632, "params": {"k_pid_pos": [2.0, 0.9772675633430481, 1.0], "k_pid_alt": [1.9903852939605713, 0.9546589255332947, 1.0], "k_pid_att": [2.473172664642334, 0.23775921761989594, 0.06284791231155396], "k_pid_yaw": [0.5, 1e-06, 0.1], "k_pid_hsp": [9.478042602539062, 0.0, 0.0], "k_pid_vsp": [391.0436706542969, 400.0, 400.0]}, "datetime": {"datetime": "2025-08-11 18:30:50", "elapsed": 7529.596514463425, "delta": 29.661686420440674}, "costs": {"total_cost": 1676.949879916632, "time_cost": 150, "final_distance_cost": 0.9989045248719066, "oscillation_cost": 233.8710147134778, "completition_cost": 1000.0, "overshoot_cost": 159.4718947824308, "power_cost": 29.3699853515625, "noise_cost": 103.23808054428899, "n_waypoints_completed": 0, "tot_waypoints": 9}}
{"target": -1713.3059085766236, "params": {"k_pid_pos": [2.0, 1.0, 0.9894595146179199], "k_pid_alt": [1.899836540222168, 1.0, 0.9759877920150757], "k_pid_att": [5.212754249572754, 9.999999747378752e-05, 0.06550085544586182], "k_pid_yaw": [0.5, 1e-06, 0.1], "k_pid_hsp": [10.0, 0.0, 0.010249733924865723], "k_pid_vsp": [400.0, 400.0, 400.0]}, "datetime": {"datetime": "2025-08-11 18:31:21", "elapsed": 7560.950844526291, "delta": 31.35433006286621}, "costs": {"total_cost": 1713.3059085766236, "time_cost": 150, "final_distance_cost": 5.934575928803539, "oscillation_cost": 364.2237063828915, "completition_cost": 1000.0, "overshoot_cost": 135.05826452812693, "power_cost": 30.645794689941408, "noise_cost": 27.44356704686022, "n_waypoints_completed": 0, "tot_waypoints": 9}}
{"target": -1708.9356097896646, "params": {"k_pid_pos": [2.0, 1.0, 1.0], "k_pid_alt": [2.0, 0.8636136054992676, 0.9688212871551514], "k_pid_att": [3.00750732421875, 1.0624957084655762, 0.03908565640449524], "k_pid_yaw": [0.5, 1e-06, 0.1], "k_pid_hsp": [9.448431015014648, 0.06196969747543335, 0.07995307445526123], "k_pid_vsp": [400.0, 400.0, 400.0]}, "datetime": {"datetime": "2025-08-11 18:31:51", "elapsed": 7590.680216312408, "delta": 29.729371786117554}, "costs": {"total_cost": 1708.9356097896646, "time_cost": 150, "final_distance_cost": 43.792522782949405, "oscillation_cost": 392.0085392083046, "completition_cost": 1000.0, "overshoot_cost": 66.81472333761154, "power_cost": 30.231298059082032, "noise_cost": 26.08852640171706, "n_waypoints_completed": 0, "tot_waypoints": 9}}
{"target": -4306.333112020631, "params": {"k_pid_pos": [2.0, 0.9879540205001831, 1.0], "k_pid_alt": [1.9415278434753418, 0.9895213842391968, 1.0], "k_pid_att": [0.0, 0.49767816066741943, 0.0], "k_pid_yaw": [0.5, 1e-06, 0.1], "k_pid_hsp": [9.9827241897583, 0.01930713653564453, 0.014557421207427979], "k_pid_vsp": [363.5615539550781, 400.0, 376.37744140625]}, "datetime": {"datetime": "2025-08-11 18:32:22", "elapsed": 7621.636066198349, "delta": 30.95584988594055}, "costs": {"total_cost": 4306.333112020631, "time_cost": 150, "final_distance_cost": 306.09448259066704, "oscillation_cost": 1871.5150403506927, "completition_cost": 1000.0, "overshoot_cost": 747.623605179132, "power_cost": 57.32775615234375, "noise_cost": 173.77222774779491, "n_waypoints_completed": 0, "tot_waypoints": 9}}
{"target": -14443.804651647884, "params": {"k_pid_pos": [1.9519109725952148, 1.0, 1.0], "k_pid_alt": [2.0, 0.947388768196106, 1.0], "k_pid_att": [0.0, 9.999999747378752e-05, 0.0], "k_pid_yaw": [0.5, 1e-06, 0.1], "k_pid_hsp": [10.0, 0.0, 0.10880720615386963], "k_pid_vsp": [400.0, 400.0, 370.4348449707031]}, "datetime": {"datetime": "2025-08-11 18:32:53", "elapsed": 7653.062996387482, "delta": 31.42693018913269}, "costs": {"total_cost": 14443.804651647884, "time_cost": 150, "final_distance_cost": 2905.401138886228, "oscillation_cost": 15.116012543355673, "completition_cost": 1000.0, "overshoot_cost": 10234.433287917642, "power_cost": 47.95299869384766, "noise_cost": 90.9012136068124, "n_waypoints_completed": 0, "tot_waypoints": 9}}
{"target": -5496.353250376816, "params": {"k_pid_pos": [2.0, 1.0, 0.9824683666229248], "k_pid_alt": [1.9916621446609497, 0.9611879587173462, 0.975631833076477], "k_pid_att": [0.0, 0.2541506290435791, 0.08433151245117188], "k_pid_yaw": [0.5, 1e-06, 0.1], "k_pid_hsp": [10.0, 0.02137303352355957, 0.0], "k_pid_vsp": [400.0, 400.0, 400.0]}, "datetime": {"datetime": "2025-08-11 18:33:24", "elapsed": 7683.600765705109, "delta": 30.537769317626953}, "costs": {"total_cost": 5496.353250376816, "time_cost": 150, "final_distance_cost": 851.5661849096443, "oscillation_cost": 872.9136896233151, "completition_cost": 1000.0, "overshoot_cost": 2397.764640381876, "power_cost": 57.27451774902344, "noise_cost": 166.83421771295687, "n_waypoints_completed": 0, "tot_waypoints": 9}}
{"target": -1607.498016494806, "params": {"k_pid_pos": [2.0, 0.9650275707244873, 1.0], "k_pid_alt": [2.0, 0.9981323480606079, 1.0], "k_pid_att": [1.0384619235992432, 0.16903038322925568, 0.0], "k_pid_yaw": [0.5, 1e-06, 0.1], "k_pid_hsp": [10.0, 0.0, 0.10428580641746521], "k_pid_vsp": [369.07794189453125, 400.0, 400.0]}, "datetime": {"datetime": "2025-08-11 18:33:54", "elapsed": 7713.869464874268, "delta": 30.268699169158936}, "costs": {"total_cost": 1607.498016494806, "time_cost": 150, "final_distance_cost": 28.916105117583648, "oscillation_cost": 277.2963959934976, "completition_cost": 1000.0, "overshoot_cost": 92.60076505978752, "power_cost": 31.962801879882814, "noise_cost": 26.721948444054544, "n_waypoints_completed": 0, "tot_waypoints": 9}}
{"target": -3939.1955670731304, "params": {"k_pid_pos": [1.9973329305648804, 1.0, 1.0], "k_pid_alt": [1.921347975730896, 0.9371039271354675, 0.9098111987113953], "k_pid_att": [0.0, 0.15504877269268036, 0.0], "k_pid_yaw": [0.5, 1e-06, 0.1], "k_pid_hsp": [10.0, 0.0, 0.0], "k_pid_vsp": [400.0, 378.8638000488281, 392.9607849121094]}, "datetime": {"datetime": "2025-08-11 18:34:24", "elapsed": 7743.814168453217, "delta": 29.944703578948975}, "costs": {"total_cost": 3939.1955670731304, "time_cost": 150, "final_distance_cost": 379.97761617979404, "oscillation_cost": 938.4593686677907, "completition_cost": 1000.0, "overshoot_cost": 1245.1317669100172, "power_cost": 57.61094764404297, "noise_cost": 168.01586767148535, "n_waypoints_completed": 0, "tot_waypoints": 9}}
{"target": -5084.9900721296535, "params": {"k_pid_pos": [2.0, 1.0, 1.0], "k_pid_alt": [1.9708240032196045, 0.933613657951355, 1.0], "k_pid_att": [0.0, 0.5967955589294434, 0.01608261466026306], "k_pid_yaw": [0.5, 1e-06, 0.1], "k_pid_hsp": [9.999423027038574, 0.0, 0.0], "k_pid_vsp": [389.1636962890625, 400.0, 400.0]}, "datetime": {"datetime": "2025-08-11 18:34:54", "elapsed": 7773.939515590668, "delta": 30.125347137451172}, "costs": {"total_cost": 5084.9900721296535, "time_cost": 150, "final_distance_cost": 620.359375568033, "oscillation_cost": 1998.180637181982, "completition_cost": 1000.0, "overshoot_cost": 1090.1625122611626, "power_cost": 55.69378342285157, "noise_cost": 170.59376369562338, "n_waypoints_completed": 0, "tot_waypoints": 9}}
{"target": -3791.452707727684, "params": {"k_pid_pos": [2.0, 0.9386498928070068, 1.0], "k_pid_alt": [2.0, 0.949946403503418, 1.0], "k_pid_att": [0.0, 9.999999747378752e-05, 0.057229071855545044], "k_pid_yaw": [0.5, 1e-06, 0.1], "k_pid_hsp": [9.55848503112793, 0.0, 0.0], "k_pid_vsp": [383.26434326171875, 380.15130615234375, 394.79791259765625]}, "datetime": {"datetime": "2025-08-11 18:35:24", "elapsed": 7804.251675367355, "delta": 30.312159776687622}, "costs": {"total_cost": 3791.452707727684, "time_cost": 150, "final_distance_cost": 644.393743178371, "oscillation_cost": 3.7736134597595488, "completition_cost": 1000.0, "overshoot_cost": 1852.6260666331161, "power_cost": 29.515800683593753, "noise_cost": 111.14348377284338, "n_waypoints_completed": 0, "tot_waypoints": 9}}
{"target": -1691.1188426661874, "params": {"k_pid_pos": [1.847895622253418, 0.9717142581939697, 1.0], "k_pid_alt": [2.0, 0.9849822521209717, 0.9575603008270264], "k_pid_att": [1.2279808521270752, 0.2622344195842743, 0.02837619185447693], "k_pid_yaw": [0.5, 1e-06, 0.1], "k_pid_hsp": [9.535637855529785, 0.05169597268104553, 0.0], "k_pid_vsp": [388.25836181640625, 396.3565673828125, 379.33099365234375]}, "datetime": {"datetime": "2025-08-11 18:35:55", "elapsed": 7834.528956413269, "delta": 30.277281045913696}, "costs": {"total_cost": 1691.1188426661874, "time_cost": 150, "final_distance_cost": 1.0005518579141066, "oscillation_cost": 260.8153673862296, "completition_cost": 1000.0, "overshoot_cost": 155.878704906091, "power_cost": 29.53259110107422, "noise_cost": 93.89162741487847, "n_waypoints_completed": 0, "tot_waypoints": 9}}
{"target": -1164.9555295939076, "params": {"k_pid_pos": [2.0, 0.9614655375480652, 0.9639220237731934], "k_pid_alt": [2.0, 1.0, 1.0], "k_pid_att": [8.161619186401367, 9.999999747378752e-05, 0.0], "k_pid_yaw": [0.5, 1e-06, 0.1], "k_pid_hsp": [10.0, 0.0, 0.017256498336791992], "k_pid_vsp": [384.0323791503906, 399.33441162109375, 397.3235168457031]}, "datetime": {"datetime": "2025-08-11 18:36:26", "elapsed": 7865.416688919067, "delta": 30.88773250579834}, "costs": {"total_cost": 1164.9555295939076, "time_cost": 150, "final_distance_cost": 65.85338367264167, "oscillation_cost": 484.44882257881375, "completition_cost": 333.33333333333337, "overshoot_cost": 68.60433812986979, "power_cost": 32.682171655273436, "noise_cost": 30.03348022397594, "n_waypoints_completed": 6, "tot_waypoints": 9}}
