{"target": -1443.9953767119564, "params": {"k_pid_pos": [2.0, 0.9202179908752441, 0.9711387157440186], "k_pid_alt": [2.0, 1.0, 1.0], "k_pid_att": [4.894530773162842, 0.10171804577112198, 0.0144481360912323], "k_pid_yaw": [0.5, 1e-06, 0.1], "k_pid_hsp": [10.0, 0.02131432294845581, 0.0], "k_pid_vsp": [400.0, 394.02911376953125, 400.0]}, "datetime": {"datetime": "2025-08-11 21:25:36", "elapsed": 18016.127677440643, "delta": 30.83341097831726}, "costs": {"total_cost": 1443.9953767119564, "time_cost": 150, "final_distance_cost": 52.38172350256842, "oscillation_cost": 441.0099868733782, "completition_cost": 666.6666666666667, "overshoot_cost": 74.72541635694478, "power_cost": 31.44166463623047, "noise_cost": 27.76991867616797, "n_waypoints_completed": 3, "tot_waypoints": 9}}
{"target": -8244.1045259302, "params": {"k_pid_pos": [2.0, 0.9764052033424377, 1.0], "k_pid_alt": [1.9945244789123535, 0.8957979679107666, 0.9685361385345459], "k_pid_att": [0.0, 9.999999747378752e-05, 0.0], "k_pid_yaw": [0.5, 1e-06, 0.1], "k_pid_hsp": [10.0, 0.046920955181121826, 0.0], "k_pid_vsp": [400.0, 400.0, 393.0931091308594]}, "datetime": {"datetime": "2025-08-11 21:26:07", "elapsed": 18046.800775527954, "delta": 30.67309808731079}, "costs": {"total_cost": 8244.1045259302, "time_cost": 150, "final_distance_cost": 1046.2168094854649, "oscillation_cost": 14.927744950448469, "completition_cost": 1000.0, "overshoot_cost": 5898.545864900071, "power_cost": 44.66677147216797, "noise_cost": 89.74733512204936, "n_waypoints_completed": 0, "tot_waypoints": 9}}
{"target": -5254.459578682378, "params": {"k_pid_pos": [2.0, 1.0, 1.0], "k_pid_alt": [1.9449834823608398, 1.0, 1.0], "k_pid_att": [0.0, 0.10988320410251617, 0.09235426783561707], "k_pid_yaw": [0.5, 1e-06, 0.1], "k_pid_hsp": [9.65260124206543, 0.0, 0.017232447862625122], "k_pid_vsp": [400.0, 400.0, 384.1309814453125]}, "datetime": {"datetime": "2025-08-11 21:26:37", "elapsed": 18077.19079208374, "delta": 30.390016555786133}, "costs": {"total_cost": 5254.459578682378, "time_cost": 150, "final_distance_cost": 818.2106152350524, "oscillation_cost": 624.1095599752724, "completition_cost": 1000.0, "overshoot_cost": 2439.428265492895, "power_cost": 57.51880388183594, "noise_cost": 165.19233409732163, "n_waypoints_completed": 0, "tot_waypoints": 9}}
{"target": -1099.7411277383928, "params": {"k_pid_pos": [1.9785023927688599, 1.0, 0.9696893692016602], "k_pid_alt": [2.0, 0.950912356376648, 1.0], "k_pid_att": [6.133216857910156, 9.999999747378752e-05, 0.020093560218811035], "k_pid_yaw": [0.5, 1e-06, 0.1], "k_pid_hsp": [10.0, 0.013408422470092773, 0.007465571165084839], "k_pid_vsp": [400.0, 400.0, 377.5966796875]}, "datetime": {"datetime": "2025-08-11 21:27:08", "elapsed": 18107.66716337204, "delta": 30.47637128829956}, "costs": {"total_cost": 1099.7411277383928, "time_cost": 150, "final_distance_cost": 63.679141278306034, "oscillation_cost": 425.87880641861454, "completition_cost": 333.33333333333337, "overshoot_cost": 65.16189726383085, "power_cost": 32.07536690673828, "noise_cost": 29.612582537569747, "n_waypoints_completed": 6, "tot_waypoints": 9}}
{"target": -1356.7414751594613, "params": {"k_pid_pos": [1.9477704763412476, 1.0, 0.9873784780502319], "k_pid_alt": [2.0, 1.0, 1.0], "k_pid_att": [6.353616714477539, 0.8543654680252075, 0.0], "k_pid_yaw": [0.5, 1e-06, 0.1], "k_pid_hsp": [9.785245895385742, 0.0, 0.0], "k_pid_vsp": [400.0, 400.0, 400.0]}, "datetime": {"datetime": "2025-08-11 21:27:38", "elapsed": 18138.270075798035, "delta": 30.602912425994873}, "costs": {"total_cost": 1356.7414751594613, "time_cost": 150, "final_distance_cost": 42.973017036648045, "oscillation_cost": 477.377477277596, "completition_cost": 555.5555555555555, "overshoot_cost": 68.10619927442352, "power_cost": 33.02319283447266, "noise_cost": 29.70603318076574, "n_waypoints_completed": 4, "tot_waypoints": 9}}
{"target": -1130.1981420369827, "params": {"k_pid_pos": [2.0, 1.0, 1.0], "k_pid_alt": [2.0, 0.9199510812759399, 0.9241459369659424], "k_pid_att": [0.47215521335601807, 9.999999747378752e-05, 0.013824373483657837], "k_pid_yaw": [0.5, 1e-06, 0.1], "k_pid_hsp": [10.0, 0.0, 0.0], "k_pid_vsp": [400.0, 400.0, 400.0]}, "datetime": {"datetime": "2025-08-11 21:28:09", "elapsed": 18168.91685938835, "delta": 30.646783590316772}, "costs": {"total_cost": 1130.1981420369827, "time_cost": 150, "final_distance_cost": 53.695210081542115, "oscillation_cost": 118.59650231480491, "completition_cost": 666.6666666666667, "overshoot_cost": 77.92230232183911, "power_cost": 32.72839445800781, "noise_cost": 30.58906619412194, "n_waypoints_completed": 3, "tot_waypoints": 9}}
{"target": -5130.371133250946, "params": {"k_pid_pos": [2.0, 1.0, 0.9744691252708435], "k_pid_alt": [1.8011858463287354, 1.0, 0.9269460439682007], "k_pid_att": [0.0, 1.1244964599609375, 0.0], "k_pid_yaw": [0.5, 1e-06, 0.1], "k_pid_hsp": [9.51302433013916, 0.007343113422393799, 0.020614534616470337], "k_pid_vsp": [400.0, 366.4266662597656, 400.0]}, "datetime": {"datetime": "2025-08-11 21:28:39", "elapsed": 18199.29604244232, "delta": 30.379183053970337}, "costs": {"total_cost": 5130.371133250946, "time_cost": 150, "final_distance_cost": 594.9629541256821, "oscillation_cost": 2274.117342336939, "completition_cost": 1000.0, "overshoot_cost": 884.1814445288827, "power_cost": 55.618569482421876, "noise_cost": 171.49082277702004, "n_waypoints_completed": 0, "tot_waypoints": 9}}
{"target": -6228.708166198644, "params": {"k_pid_pos": [2.0, 1.0, 0.9195646047592163], "k_pid_alt": [1.9170668125152588, 0.9337772130966187, 0.9966827630996704], "k_pid_att": [0.0, 9.999999747378752e-05, 0.02298566699028015], "k_pid_yaw": [0.5, 1e-06, 0.1], "k_pid_hsp": [10.0, 0.043564170598983765, 0.013736963272094727], "k_pid_vsp": [399.2428894042969, 400.0, 399.8302001953125]}, "datetime": {"datetime": "2025-08-11 21:29:10", "elapsed": 18229.501974105835, "delta": 30.205931663513184}, "costs": {"total_cost": 6228.708166198644, "time_cost": 150, "final_distance_cost": 2013.9911035903317, "oscillation_cost": 6.710798666403115, "completition_cost": 1000.0, "overshoot_cost": 2949.9874992099963, "power_cost": 31.998365942382815, "noise_cost": 76.02039878953117, "n_waypoints_completed": 0, "tot_waypoints": 9}}
{"target": -8148.326850632305, "params": {"k_pid_pos": [1.7858822345733643, 1.0, 0.9597029685974121], "k_pid_alt": [1.9318774938583374, 1.0, 1.0], "k_pid_att": [0.0, 9.999999747378752e-05, 0.0], "k_pid_yaw": [0.5, 1e-06, 0.1], "k_pid_hsp": [10.0, 0.0, 0.0], "k_pid_vsp": [400.0, 384.9697265625, 400.0]}, "datetime": {"datetime": "2025-08-11 21:29:40", "elapsed": 18260.053690195084, "delta": 30.551716089248657}, "costs": {"total_cost": 8148.326850632305, "time_cost": 150, "final_distance_cost": 945.9543446960386, "oscillation_cost": 14.787172744720191, "completition_cost": 1000.0, "overshoot_cost": 5898.907998171863, "power_cost": 44.296426037597655, "noise_cost": 94.3809089820853, "n_waypoints_completed": 0, "tot_waypoints": 9}}
{"target": -1044.1963938695362, "params": {"k_pid_pos": [2.0, 1.0, 0.9655683040618896], "k_pid_alt": [2.0, 1.0, 0.959718644618988], "k_pid_att": [0.8403420448303223, 9.999999747378752e-05, 0.0], "k_pid_yaw": [0.5, 1e-06, 0.1], "k_pid_hsp": [10.0, 0.0, 0.020803332328796387], "k_pid_vsp": [377.0052490234375, 400.0, 393.2981872558594]}, "datetime": {"datetime": "2025-08-11 21:30:12", "elapsed": 18291.382048130035, "delta": 31.328357934951782}, "costs": {"total_cost": 1044.1963938695362, "time_cost": 150, "final_distance_cost": 47.059162495992034, "oscillation_cost": 163.2651020592248, "completition_cost": 555.5555555555555, "overshoot_cost": 64.4665302158751, "power_cost": 34.010440002441406, "noise_cost": 29.839603540447374, "n_waypoints_completed": 4, "tot_waypoints": 9}}
{"target": -3919.9110692370123, "params": {"k_pid_pos": [1.9765093326568604, 1.0, 0.9458843469619751], "k_pid_alt": [2.0, 1.0, 0.897104024887085], "k_pid_att": [0.0, 0.18501143157482147, 0.0], "k_pid_yaw": [0.5, 1e-06, 0.1], "k_pid_hsp": [10.0, 0.0, 0.0], "k_pid_vsp": [400.0, 400.0, 400.0]}, "datetime": {"datetime": "2025-08-11 21:30:42", "elapsed": 18321.70492863655, "delta": 30.322880506515503}, "costs": {"total_cost": 3919.9110692370123, "time_cost": 150, "final_distance_cost": 386.3476612725582, "oscillation_cost": 974.6922485772276, "completition_cost": 1000.0, "overshoot_cost": 1182.789110541384, "power_cost": 57.37724370117188, "noise_cost": 168.70480514467138, "n_waypoints_completed": 0, "tot_waypoints": 9}}
{"target": -1110.587994490447, "params": {"k_pid_pos": [2.0, 1.0, 0.9999603629112244], "k_pid_alt": [2.0, 0.9864659309387207, 0.9598872661590576], "k_pid_att": [6.108790397644043, 0.4163531959056854, 0.001422792673110962], "k_pid_yaw": [0.5, 1e-06, 0.1], "k_pid_hsp": [10.0, 0.0, 0.07276028394699097], "k_pid_vsp": [400.0, 398.097412109375, 386.4444274902344]}, "datetime": {"datetime": "2025-08-11 21:31:13", "elapsed": 18353.036470651627, "delta": 31.331542015075684}, "costs": {"total_cost": 1110.587994490447, "time_cost": 150, "final_distance_cost": 64.32642605234115, "oscillation_cost": 442.15646644404563, "completition_cost": 333.33333333333337, "overshoot_cost": 58.09929277739426, "power_cost": 32.95381157226563, "noise_cost": 29.71866431106712, "n_waypoints_completed": 6, "tot_waypoints": 9}}
{"target": -6448.680771733305, "params": {"k_pid_pos": [2.0, 1.0, 1.0], "k_pid_alt": [1.8519937992095947, 0.9537224769592285, 0.9726566076278687], "k_pid_att": [0.0, 0.10557681322097778, 0.0], "k_pid_yaw": [0.5, 1e-06, 0.1], "k_pid_hsp": [9.420209884643555, 0.0, 0.0606103241443634], "k_pid_vsp": [383.0074462890625, 381.2545471191406, 400.0]}, "datetime": {"datetime": "2025-08-11 21:31:44", "elapsed": 18383.45918750763, "delta": 30.422716856002808}, "costs": {"total_cost": 6448.680771733305, "time_cost": 150, "final_distance_cost": 2125.3629263950806, "oscillation_cost": 837.8555612260892, "completition_cost": 1000.0, "overshoot_cost": 2107.7969132157928, "power_cost": 57.878325244140626, "noise_cost": 169.78704565220184, "n_waypoints_completed": 0, "tot_waypoints": 9}}
{"target": -6567.027539910723, "params": {"k_pid_pos": [1.9022234678268433, 1.0, 1.0], "k_pid_alt": [2.0, 1.0, 0.9734596014022827], "k_pid_att": [0.0, 0.45186707377433777, 0.0], "k_pid_yaw": [0.5, 1e-06, 0.1], "k_pid_hsp": [9.805119514465332, 0.049364835023880005, 0.0], "k_pid_vsp": [396.6571960449219, 385.1654968261719, 392.3908996582031]}, "datetime": {"datetime": "2025-08-11 21:32:14", "elapsed": 18413.5621509552, "delta": 30.1029634475708}, "costs": {"total_cost": 6567.027539910723, "time_cost": 150, "final_distance_cost": 1225.8331725215694, "oscillation_cost": 1816.195124891422, "completition_cost": 1000.0, "overshoot_cost": 2141.8421987222955, "power_cost": 57.88954644775391, "noise_cost": 175.26749732768297, "n_waypoints_completed": 0, "tot_waypoints": 9}}
{"target": -3650.049287476834, "params": {"k_pid_pos": [2.0, 0.9972735643386841, 0.8773361444473267], "k_pid_alt": [2.0, 1.0, 1.0], "k_pid_att": [0.0, 9.999999747378752e-05, 0.10286194086074829], "k_pid_yaw": [0.5, 1e-06, 0.1], "k_pid_hsp": [9.638789176940918, 0.04007905721664429, 0.0], "k_pid_vsp": [400.0, 400.0, 399.4873046875]}, "datetime": {"datetime": "2025-08-11 21:32:45", "elapsed": 18444.452872753143, "delta": 30.890721797943115}, "costs": {"total_cost": 3650.049287476834, "time_cost": 150, "final_distance_cost": 657.9005410764222, "oscillation_cost": 3.083040085623916, "completition_cost": 1000.0, "overshoot_cost": 1695.9485214343404, "power_cost": 29.21145438232422, "noise_cost": 113.90573049812355, "n_waypoints_completed": 0, "tot_waypoints": 9}}
{"target": -7986.0639798751445, "params": {"k_pid_pos": [1.8492234945297241, 1.0, 1.0], "k_pid_alt": [2.0, 1.0, 1.0], "k_pid_att": [0.0, 9.999999747378752e-05, 0.0], "k_pid_yaw": [0.5, 1e-06, 0.1], "k_pid_hsp": [10.0, 0.021685808897018433, 0.0], "k_pid_vsp": [400.0, 400.0, 370.4443359375]}, "datetime": {"datetime": "2025-08-11 21:33:15", "elapsed": 18475.09165596962, "delta": 30.63878321647644}, "costs": {"total_cost": 7986.0639798751445, "time_cost": 150, "final_distance_cost": 1144.445677510961, "oscillation_cost": 15.289405004947447, "completition_cost": 1000.0, "overshoot_cost": 5552.5144352995985, "power_cost": 45.09739661865235, "noise_cost": 78.71706544098525, "n_waypoints_completed": 0, "tot_waypoints": 9}}
{"target": -1013.0454098732106, "params": {"k_pid_pos": [1.8835278749465942, 1.0, 1.0], "k_pid_alt": [2.0, 1.0, 1.0], "k_pid_att": [0.5257129669189453, 9.999999747378752e-05, 0.0], "k_pid_yaw": [0.5, 1e-06, 0.1], "k_pid_hsp": [9.783796310424805, 0.0, 0.05718642473220825], "k_pid_vsp": [400.0, 364.28326416015625, 352.9274597167969]}, "datetime": {"datetime": "2025-08-11 21:33:46", "elapsed": 18505.886729240417, "delta": 30.79507327079773}, "costs": {"total_cost": 1013.0454098732106, "time_cost": 150, "final_distance_cost": 44.800764916049076, "oscillation_cost": 126.01940084282299, "completition_cost": 555.5555555555555, "overshoot_cost": 71.81446578443298, "power_cost": 35.02708331298828, "noise_cost": 29.828139461361765, "n_waypoints_completed": 4, "tot_waypoints": 9}}
{"target": -1662.2884314459416, "params": {"k_pid_pos": [2.0, 1.0, 0.9909332990646362], "k_pid_alt": [1.97887122631073, 0.9659715890884399, 1.0], "k_pid_att": [1.8044888973236084, 0.4859802722930908, 0.028632640838623047], "k_pid_yaw": [0.5, 1e-06, 0.1], "k_pid_hsp": [10.0, 0.028131544589996338, 0.05407840013504028], "k_pid_vsp": [399.2403564453125, 400.0, 400.0]}, "datetime": {"datetime": "2025-08-11 21:34:17", "elapsed": 18536.83910036087, "delta": 30.95237112045288}, "costs": {"total_cost": 1662.2884314459416, "time_cost": 150, "final_distance_cost": 30.164131737342345, "oscillation_cost": 330.5042888767849, "completition_cost": 1000.0, "overshoot_cost": 94.23351102929283, "power_cost": 31.203619873046875, "noise_cost": 26.182879929474772, "n_waypoints_completed": 0, "tot_waypoints": 9}}
{"target": -1323.1184552515826, "params": {"k_pid_pos": [2.0, 1.0, 0.9626950025558472], "k_pid_alt": [2.0, 1.0, 0.9913567304611206], "k_pid_att": [0.020062923431396484, 9.999999747378752e-05, 0.02432352304458618], "k_pid_yaw": [0.5, 1e-06, 0.1], "k_pid_hsp": [9.533984184265137, 0.0, 0.0], "k_pid_vsp": [398.2028503417969, 400.0, 380.87457275390625]}, "datetime": {"datetime": "2025-08-11 21:34:47", "elapsed": 18566.869825601578, "delta": 30.030725240707397}, "costs": {"total_cost": 1323.1184552515826, "time_cost": 150, "final_distance_cost": 76.61273131958242, "oscillation_cost": 29.898585750907642, "completition_cost": 888.8888888888888, "overshoot_cost": 113.63981617135128, "power_cost": 31.871436572265626, "noise_cost": 32.206996548586986, "n_waypoints_completed": 1, "tot_waypoints": 9}}
{"target": -4748.514294195639, "params": {"k_pid_pos": [2.0, 1.0, 1.0], "k_pid_alt": [1.9270570278167725, 0.9853299856185913, 0.9372905492782593], "k_pid_att": [0.0, 0.08962796628475189, 0.04119837284088135], "k_pid_yaw": [0.5, 1e-06, 0.1], "k_pid_hsp": [10.0, 0.0, 0.05004990100860596], "k_pid_vsp": [399.86004638671875, 400.0, 385.0257263183594]}, "datetime": {"datetime": "2025-08-11 21:35:17", "elapsed": 18597.330728292465, "delta": 30.46090269088745}, "costs": {"total_cost": 4748.514294195639, "time_cost": 150, "final_distance_cost": 636.2236267195498, "oscillation_cost": 674.1074470239677, "completition_cost": 1000.0, "overshoot_cost": 2069.0527879527426, "power_cost": 57.01126232910156, "noise_cost": 162.11917017027707, "n_waypoints_completed": 0, "tot_waypoints": 9}}
{"target": -7979.526700403696, "params": {"k_pid_pos": [1.974943995475769, 0.9988440871238708, 1.0], "k_pid_alt": [1.860190987586975, 0.9682082533836365, 0.9463400840759277], "k_pid_att": [0.0, 0.9396713972091675, 0.0], "k_pid_yaw": [0.5, 1e-06, 0.1], "k_pid_hsp": [9.596567153930664, 0.06202578544616699, 0.10702440142631531], "k_pid_vsp": [400.0, 372.4877624511719, 400.0]}, "datetime": {"datetime": "2025-08-11 21:35:48", "elapsed": 18627.773799419403, "delta": 30.443071126937866}, "costs": {"total_cost": 7979.526700403696, "time_cost": 150, "final_distance_cost": 1701.0087354861298, "oscillation_cost": 2303.5728170213993, "completition_cost": 1000.0, "overshoot_cost": 2591.8579087069365, "power_cost": 57.27372576904297, "noise_cost": 175.8135134201871, "n_waypoints_completed": 0, "tot_waypoints": 9}}
{"target": -1367.452368223022, "params": {"k_pid_pos": [2.0, 0.9706264734268188, 1.0], "k_pid_alt": [1.8753960132598877, 1.0, 1.0], "k_pid_att": [6.884285926818848, 9.999999747378752e-05, 0.0], "k_pid_yaw": [0.5, 1e-06, 0.1], "k_pid_hsp": [9.914898872375488, 0.0, 0.0], "k_pid_vsp": [400.0, 400.0, 400.0]}, "datetime": {"datetime": "2025-08-11 21:36:18", "elapsed": 18658.0550031662, "delta": 30.281203746795654}, "costs": {"total_cost": 1367.452368223022, "time_cost": 150, "final_distance_cost": 45.47940768863252, "oscillation_cost": 483.53176115669714, "completition_cost": 555.5555555555555, "overshoot_cost": 70.43982720132219, "power_cost": 32.45474666748047, "noise_cost": 29.991069953334193, "n_waypoints_completed": 4, "tot_waypoints": 9}}
{"target": -1498.1727526526354, "params": {"k_pid_pos": [1.9881645441055298, 1.0, 1.0], "k_pid_alt": [1.9414186477661133, 0.9667701721191406, 0.9629932641983032], "k_pid_att": [7.046008110046387, 0.18486927449703217, 0.0], "k_pid_yaw": [0.5, 1e-06, 0.1], "k_pid_hsp": [10.0, 0.0, 0.0], "k_pid_vsp": [388.076416015625, 400.0, 391.8351745605469]}, "datetime": {"datetime": "2025-08-11 21:36:49", "elapsed": 18688.828493833542, "delta": 30.77349066734314}, "costs": {"total_cost": 1498.1727526526354, "time_cost": 150, "final_distance_cost": 52.616035047966655, "oscillation_cost": 495.2976345167568, "completition_cost": 666.6666666666667, "overshoot_cost": 69.44487193451944, "power_cost": 33.6315889038086, "noise_cost": 30.51595558291733, "n_waypoints_completed": 3, "tot_waypoints": 9}}
{"target": -11342.722539569628, "params": {"k_pid_pos": [2.0, 1.0, 1.0], "k_pid_alt": [2.0, 0.9586262702941895, 0.885046124458313], "k_pid_att": [0.0, 0.4956006705760956, 0.0], "k_pid_yaw": [0.5, 1e-06, 0.1], "k_pid_hsp": [10.0, 0.036675721406936646, 0.0], "k_pid_vsp": [400.0, 400.0, 398.1715087890625]}, "datetime": {"datetime": "2025-08-11 21:37:19", "elapsed": 18718.89757514, "delta": 30.06908130645752}, "costs": {"total_cost": 11342.722539569628, "time_cost": 150, "final_distance_cost": 3116.270492487068, "oscillation_cost": 2019.6677098916196, "completition_cost": 1000.0, "overshoot_cost": 4822.508566539006, "power_cost": 58.200538757324225, "noise_cost": 176.07523189461088, "n_waypoints_completed": 0, "tot_waypoints": 9}}
{"target": -8172.427401801887, "params": {"k_pid_pos": [2.0, 1.0, 1.0], "k_pid_alt": [1.918884038925171, 0.9760833978652954, 1.0], "k_pid_att": [0.0, 9.999999747378752e-05, 0.0], "k_pid_yaw": [0.5, 1e-06, 0.1], "k_pid_hsp": [9.600677490234375, 0.0, 0.0], "k_pid_vsp": [399.284423828125, 399.4562072753906, 393.912841796875]}, "datetime": {"datetime": "2025-08-11 21:37:50", "elapsed": 18749.90069246292, "delta": 31.003117322921753}, "costs": {"total_cost": 8172.427401801887, "time_cost": 150, "final_distance_cost": 984.4001680055027, "oscillation_cost": 14.908078323537035, "completition_cost": 1000.0, "overshoot_cost": 5887.319083413479, "power_cost": 44.640885192871096, "noise_cost": 91.15918686649766, "n_waypoints_completed": 0, "tot_waypoints": 9}}
{"target": -786.5736673339185, "params": {"k_pid_pos": [2.0, 1.0, 0.9682928919792175], "k_pid_alt": [1.9728200435638428, 1.0, 0.9594563245773315], "k_pid_att": [0.8184522390365601, 0.3358585238456726, 0.0], "k_pid_yaw": [0.5, 1e-06, 0.1], "k_pid_hsp": [10.0, 0.0, 0.0], "k_pid_vsp": [394.39556884765625, 400.0, 391.13189697265625]}, "datetime": {"datetime": "2025-08-11 21:38:21", "elapsed": 18780.718119621277, "delta": 30.817427158355713}, "costs": {"total_cost": 786.5736673339185, "time_cost": 150, "final_distance_cost": 71.90343491701348, "oscillation_cost": 215.64459651140217, "completition_cost": 222.2222222222222, "overshoot_cost": 62.697034559035146, "power_cost": 34.640978845214846, "noise_cost": 29.465400279030646, "n_waypoints_completed": 7, "tot_waypoints": 9}}
{"target": -8278.09517523122, "params": {"k_pid_pos": [2.0, 1.0, 1.0], "k_pid_alt": [1.9265329837799072, 1.0, 1.0], "k_pid_att": [0.0, 9.999999747378752e-05, 0.0], "k_pid_yaw": [0.5, 1e-06, 0.1], "k_pid_hsp": [10.0, 0.0209810733795166, 0.03880307078361511], "k_pid_vsp": [390.0290832519531, 356.3072814941406, 400.0]}, "datetime": {"datetime": "2025-08-11 21:38:51", "elapsed": 18811.2481842041, "delta": 30.530064582824707}, "costs": {"total_cost": 8278.09517523122, "time_cost": 150, "final_distance_cost": 585.4676093269593, "oscillation_cost": 14.642241251454907, "completition_cost": 1000.0, "overshoot_cost": 6381.8211004047025, "power_cost": 44.448153833007815, "noise_cost": 101.7160704150954, "n_waypoints_completed": 0, "tot_waypoints": 9}}
{"target": -856.7606203061445, "params": {"k_pid_pos": [1.9411895275115967, 1.0, 1.0], "k_pid_alt": [2.0, 0.9543312788009644, 1.0], "k_pid_att": [0.6638288497924805, 0.7721166610717773, 0.1375025510787964], "k_pid_yaw": [0.5, 1e-06, 0.1], "k_pid_hsp": [9.488404273986816, 0.03407323360443115, 0.025267690420150757], "k_pid_vsp": [400.0, 387.1347351074219, 373.4765625]}, "datetime": {"datetime": "2025-08-11 21:39:22", "elapsed": 18841.959948301315, "delta": 30.711764097213745}, "costs": {"total_cost": 856.7606203061445, "time_cost": 150, "final_distance_cost": 77.70111528721934, "oscillation_cost": 173.7948641689516, "completition_cost": 333.33333333333337, "overshoot_cost": 54.294786946445925, "power_cost": 36.625286364746096, "noise_cost": 31.01123420544805, "n_waypoints_completed": 6, "tot_waypoints": 9}}
