{"target": -1447.0679502794205, "params": {"k_pid_pos": [1.953282117843628, 0.8915942907333374, 1.0], "k_pid_alt": [1.8240729570388794, 0.9829434156417847, 1.0], "k_pid_att": [6.51528263092041, 9.999999747378752e-05, 0.09637770056724548], "k_pid_yaw": [0.5, 1e-06, 0.1], "k_pid_hsp": [8.693232536315918, 0.0, 0.01019597053527832], "k_pid_vsp": [400.0, 382.9093322753906, 400.0]}, "datetime": {"datetime": "2025-08-12 08:25:37", "elapsed": 57617.191324949265, "delta": 30.6677463054657}, "costs": {"total_cost": 1447.0679502794205, "time_cost": 150, "final_distance_cost": 84.66846937889134, "oscillation_cost": 324.7414607452821, "completition_cost": 777.7777777777778, "overshoot_cost": 51.22444443137366, "power_cost": 30.836239306640625, "noise_cost": 27.819558639454645, "n_waypoints_completed": 2, "tot_waypoints": 9}}
{"target": -1129.3744131589647, "params": {"k_pid_pos": [2.0, 1.0, 0.9506433010101318], "k_pid_alt": [2.0, 0.9659973382949829, 0.9749482870101929], "k_pid_att": [6.489655494689941, 9.999999747378752e-05, 0.0], "k_pid_yaw": [0.5, 1e-06, 0.1], "k_pid_hsp": [10.0, 0.027634739875793457, 0.013491332530975342], "k_pid_vsp": [372.1492004394531, 393.5423889160156, 383.57061767578125]}, "datetime": {"datetime": "2025-08-12 08:26:08", "elapsed": 57647.407898664474, "delta": 30.21657371520996}, "costs": {"total_cost": 1129.3744131589647, "time_cost": 150, "final_distance_cost": 64.65243453350249, "oscillation_cost": 450.28174468837454, "completition_cost": 333.33333333333337, "overshoot_cost": 67.90740860914286, "power_cost": 33.202740161132816, "noise_cost": 29.996751833478662, "n_waypoints_completed": 6, "tot_waypoints": 9}}
{"target": -3759.0348724871774, "params": {"k_pid_pos": [1.999442458152771, 1.0, 0.9970518946647644], "k_pid_alt": [2.0, 1.0, 0.9989514350891113], "k_pid_att": [0.0, 9.999999747378752e-05, 0.08140575885772705], "k_pid_yaw": [0.5, 1e-06, 0.1], "k_pid_hsp": [9.518876075744629, 0.022229492664337158, 0.0], "k_pid_vsp": [400.0, 379.66094970703125, 400.0]}, "datetime": {"datetime": "2025-08-12 08:26:38", "elapsed": 57678.129719018936, "delta": 30.72182035446167}, "costs": {"total_cost": 3759.0348724871774, "time_cost": 150, "final_distance_cost": 605.5456597217678, "oscillation_cost": 3.3836383929976375, "completition_cost": 1000.0, "overshoot_cost": 1856.9774879365682, "power_cost": 29.212409301757813, "noise_cost": 113.91567713408581, "n_waypoints_completed": 0, "tot_waypoints": 9}}
{"target": -8236.006023323891, "params": {"k_pid_pos": [2.0, 0.995026171207428, 0.9856897592544556], "k_pid_alt": [1.9191009998321533, 1.0, 0.9273207187652588], "k_pid_att": [0.0, 9.999999747378752e-05, 0.0], "k_pid_yaw": [0.5, 1e-06, 0.1], "k_pid_hsp": [9.897740364074707, 0.0, 0.0], "k_pid_vsp": [380.3610534667969, 400.0, 388.51605224609375]}, "datetime": {"datetime": "2025-08-12 08:27:11", "elapsed": 57710.519901275635, "delta": 32.39018225669861}, "costs": {"total_cost": 8236.006023323891, "time_cost": 150, "final_distance_cost": 917.4036905910093, "oscillation_cost": 14.697072963605448, "completition_cost": 1000.0, "overshoot_cost": 6015.820498191816, "power_cost": 44.285922570800786, "noise_cost": 93.79883900665989, "n_waypoints_completed": 0, "tot_waypoints": 9}}
{"target": -1649.2962058562562, "params": {"k_pid_pos": [1.9625658988952637, 0.9547734260559082, 0.9424952864646912], "k_pid_alt": [1.8450851440429688, 0.9926239848136902, 1.0], "k_pid_att": [1.0873645544052124, 0.19382239878177643, 0.01502344012260437], "k_pid_yaw": [0.5, 1e-06, 0.1], "k_pid_hsp": [9.701007843017578, 0.0020669102668762207, 0.0], "k_pid_vsp": [389.4399719238281, 386.785400390625, 400.0]}, "datetime": {"datetime": "2025-08-12 08:27:44", "elapsed": 57743.56666469574, "delta": 33.04676342010498}, "costs": {"total_cost": 1649.2962058562562, "time_cost": 150, "final_distance_cost": 1.002976565936777, "oscillation_cost": 267.2809996390637, "completition_cost": 1000.0, "overshoot_cost": 145.02377787524458, "power_cost": 30.728169946289064, "noise_cost": 55.260281829722175, "n_waypoints_completed": 0, "tot_waypoints": 9}}
{"target": -8057.702283520922, "params": {"k_pid_pos": [1.9462394714355469, 1.0, 1.0], "k_pid_alt": [1.810631513595581, 0.9843319058418274, 0.971114993095398], "k_pid_att": [0.0, 9.999999747378752e-05, 0.0], "k_pid_yaw": [0.5, 1e-06, 0.1], "k_pid_hsp": [9.772244453430176, 0.010959267616271973, 0.03485861420631409], "k_pid_vsp": [400.0, 393.5777282714844, 373.5302429199219]}, "datetime": {"datetime": "2025-08-12 08:28:14", "elapsed": 57773.392800331116, "delta": 29.826135635375977}, "costs": {"total_cost": 8057.702283520922, "time_cost": 150, "final_distance_cost": 1172.618501392356, "oscillation_cost": 15.144154347945376, "completition_cost": 1000.0, "overshoot_cost": 5593.527140855626, "power_cost": 45.47448140869141, "noise_cost": 80.93800551630257, "n_waypoints_completed": 0, "tot_waypoints": 9}}
{"target": -5260.662220775435, "params": {"k_pid_pos": [1.957050085067749, 1.0, 0.9596397876739502], "k_pid_alt": [2.0, 1.0, 0.9491572380065918], "k_pid_att": [0.0, 9.999999747378752e-05, 0.06551972031593323], "k_pid_yaw": [0.5, 1e-06, 0.1], "k_pid_hsp": [10.0, 0.09944078326225281, 0.0], "k_pid_vsp": [400.0, 400.0, 397.5521240234375]}, "datetime": {"datetime": "2025-08-12 08:28:46", "elapsed": 57805.54541063309, "delta": 32.152610301971436}, "costs": {"total_cost": 5260.662220775435, "time_cost": 150, "final_distance_cost": 958.0041812892309, "oscillation_cost": 3.748977485764815, "completition_cost": 1000.0, "overshoot_cost": 3020.1123005396425, "power_cost": 29.84210369873047, "noise_cost": 98.95465776206643, "n_waypoints_completed": 0, "tot_waypoints": 9}}
{"target": -5565.638408107913, "params": {"k_pid_pos": [1.9231311082839966, 1.0, 1.0], "k_pid_alt": [1.9565693140029907, 1.0, 1.0], "k_pid_att": [0.0, 0.06621191650629044, 0.0004177689552307129], "k_pid_yaw": [0.5, 1e-06, 0.1], "k_pid_hsp": [10.0, 0.0, 0.0], "k_pid_vsp": [378.75872802734375, 400.0, 378.3046875]}, "datetime": {"datetime": "2025-08-12 08:29:16", "elapsed": 57835.98446726799, "delta": 30.439056634902954}, "costs": {"total_cost": 5565.638408107913, "time_cost": 150, "final_distance_cost": 985.8914483172244, "oscillation_cost": 557.2406412355595, "completition_cost": 1000.0, "overshoot_cost": 2654.1635844579996, "power_cost": 56.72645034179688, "noise_cost": 161.61628375533215, "n_waypoints_completed": 0, "tot_waypoints": 9}}
{"target": -6568.273308343886, "params": {"k_pid_pos": [2.0, 0.9294480085372925, 1.0], "k_pid_alt": [2.0, 1.0, 1.0], "k_pid_att": [0.0, 0.10893997550010681, 0.045053303241729736], "k_pid_yaw": [0.5, 1e-06, 0.1], "k_pid_hsp": [10.0, 0.0, 0.017735600471496582], "k_pid_vsp": [362.6961669921875, 400.0, 369.3089904785156]}, "datetime": {"datetime": "2025-08-12 08:29:49", "elapsed": 57868.393553972244, "delta": 32.40908670425415}, "costs": {"total_cost": 6568.273308343886, "time_cost": 150, "final_distance_cost": 1767.810956125099, "oscillation_cost": 767.6254009599685, "completition_cost": 1000.0, "overshoot_cost": 2658.046748299918, "power_cost": 57.68098146972657, "noise_cost": 167.1092214891749, "n_waypoints_completed": 0, "tot_waypoints": 9}}
{"target": -1521.145595412374, "params": {"k_pid_pos": [1.9361323118209839, 0.998236894607544, 0.9739891290664673], "k_pid_alt": [1.8834437131881714, 0.9817891716957092, 1.0], "k_pid_att": [6.814026832580566, 0.19662706553936005, 0.06733304262161255], "k_pid_yaw": [0.5, 1e-06, 0.1], "k_pid_hsp": [9.357173919677734, 0.0, 0.003932952880859375], "k_pid_vsp": [400.0, 400.0, 376.627197265625]}, "datetime": {"datetime": "2025-08-12 08:30:18", "elapsed": 57897.67784333229, "delta": 29.284289360046387}, "costs": {"total_cost": 1521.145595412374, "time_cost": 150, "final_distance_cost": 91.36612840840132, "oscillation_cost": 381.1229718116259, "completition_cost": 777.7777777777778, "overshoot_cost": 62.43963781482755, "power_cost": 30.749607727050783, "noise_cost": 27.689471872690557, "n_waypoints_completed": 2, "tot_waypoints": 9}}
{"target": -1777.0133260916907, "params": {"k_pid_pos": [1.9113051891326904, 0.8881803750991821, 1.0], "k_pid_alt": [2.0, 1.0, 0.9751946926116943], "k_pid_att": [3.467082977294922, 9.999999747378752e-05, 0.06604784727096558], "k_pid_yaw": [0.5, 1e-06, 0.1], "k_pid_hsp": [9.536683082580566, 0.03454434871673584, 0.0557631254196167], "k_pid_vsp": [390.12890625, 392.17529296875, 400.0]}, "datetime": {"datetime": "2025-08-12 08:30:48", "elapsed": 57927.81364059448, "delta": 30.135797262191772}, "costs": {"total_cost": 1777.0133260916907, "time_cost": 150, "final_distance_cost": 0.9995901654136208, "oscillation_cost": 338.3774099205435, "completition_cost": 1000.0, "overshoot_cost": 158.62779839708293, "power_cost": 30.32303406982422, "noise_cost": 98.68549353882642, "n_waypoints_completed": 0, "tot_waypoints": 9}}
{"target": -1816.8062167866171, "params": {"k_pid_pos": [1.8939028978347778, 1.0, 1.0], "k_pid_alt": [1.939548373222351, 0.9574292898178101, 0.9722700119018555], "k_pid_att": [8.446955680847168, 1.1293421983718872, 0.03661736845970154], "k_pid_yaw": [0.5, 1e-06, 0.1], "k_pid_hsp": [9.854009628295898, 0.0, 0.0], "k_pid_vsp": [400.0, 400.0, 400.0]}, "datetime": {"datetime": "2025-08-12 08:31:22", "elapsed": 57962.03194975853, "delta": 34.21830916404724}, "costs": {"total_cost": 1816.8062167866171, "time_cost": 150, "final_distance_cost": 13.260297132071125, "oscillation_cost": 502.37323682252975, "completition_cost": 1000.0, "overshoot_cost": 92.28792779202524, "power_cost": 31.004443859863283, "noise_cost": 27.880311180127777, "n_waypoints_completed": 0, "tot_waypoints": 9}}
{"target": -4583.814133697411, "params": {"k_pid_pos": [1.9605003595352173, 1.0, 1.0], "k_pid_alt": [1.986861228942871, 0.9805561304092407, 0.9277738332748413], "k_pid_att": [0.0, 0.24443040788173676, 0.05558145046234131], "k_pid_yaw": [0.5, 1e-06, 0.1], "k_pid_hsp": [9.549592018127441, 0.0, 0.02544635534286499], "k_pid_vsp": [400.0, 400.0, 377.2449951171875]}, "datetime": {"datetime": "2025-08-12 08:31:53", "elapsed": 57993.08785486221, "delta": 31.05590510368347}, "costs": {"total_cost": 4583.814133697411, "time_cost": 150, "final_distance_cost": 588.2790580719119, "oscillation_cost": 948.3874032840606, "completition_cost": 1000.0, "overshoot_cost": 1671.9859967039333, "power_cost": 57.497684082031256, "noise_cost": 167.66399155547506, "n_waypoints_completed": 0, "tot_waypoints": 9}}
{"target": -11210.734651581326, "params": {"k_pid_pos": [2.0, 1.0, 1.0], "k_pid_alt": [2.0, 1.0, 0.9174954295158386], "k_pid_att": [0.0, 0.6596950888633728, 0.0], "k_pid_yaw": [0.5, 1e-06, 0.1], "k_pid_hsp": [10.0, 0.019756734371185303, 0.0], "k_pid_vsp": [400.0, 400.0, 400.0]}, "datetime": {"datetime": "2025-08-12 08:32:23", "elapsed": 58022.5756316185, "delta": 29.48777675628662}, "costs": {"total_cost": 11210.734651581326, "time_cost": 150, "final_distance_cost": 3545.777750619419, "oscillation_cost": 2301.7181045729194, "completition_cost": 1000.0, "overshoot_cost": 3980.630868142136, "power_cost": 57.454430700683595, "noise_cost": 175.1534975461698, "n_waypoints_completed": 0, "tot_waypoints": 9}}
{"target": -8002.206802324565, "params": {"k_pid_pos": [2.0, 0.9447958469390869, 0.9751859903335571], "k_pid_alt": [2.0, 1.0, 0.9970313310623169], "k_pid_att": [0.0, 9.999999747378752e-05, 0.0], "k_pid_yaw": [0.5, 1e-06, 0.1], "k_pid_hsp": [9.88566780090332, 0.15733331441879272, 0.0], "k_pid_vsp": [385.4104309082031, 400.0, 382.0164794921875]}, "datetime": {"datetime": "2025-08-12 08:32:54", "elapsed": 58053.43804240227, "delta": 30.8624107837677}, "costs": {"total_cost": 8002.206802324565, "time_cost": 150, "final_distance_cost": 1087.0130062001317, "oscillation_cost": 14.990033757186529, "completition_cost": 1000.0, "overshoot_cost": 5615.997763165664, "power_cost": 44.64029932861328, "noise_cost": 89.5656998729704, "n_waypoints_completed": 0, "tot_waypoints": 9}}
{"target": -1732.2831412117048, "params": {"k_pid_pos": [1.9453085660934448, 1.0, 0.9704291224479675], "k_pid_alt": [2.0, 1.0, 0.9652587175369263], "k_pid_att": [3.588250160217285, 9.999999747378752e-05, 0.09312671422958374], "k_pid_yaw": [0.5, 1e-06, 0.1], "k_pid_hsp": [10.0, 0.0, 0.08311063051223755], "k_pid_vsp": [348.67364501953125, 400.0, 389.75537109375]}, "datetime": {"datetime": "2025-08-12 08:33:25", "elapsed": 58084.50170445442, "delta": 31.06366205215454}, "costs": {"total_cost": 1732.2831412117048, "time_cost": 150, "final_distance_cost": 0.9955149068864725, "oscillation_cost": 298.84013719706957, "completition_cost": 1000.0, "overshoot_cost": 156.4700413910244, "power_cost": 29.856787353515628, "noise_cost": 96.120660363209, "n_waypoints_completed": 0, "tot_waypoints": 9}}
{"target": -1881.4793044348974, "params": {"k_pid_pos": [2.0, 0.9865695238113403, 0.9557234048843384], "k_pid_alt": [2.0, 0.9586376547813416, 1.0], "k_pid_att": [9.93705940246582, 0.03324074670672417, 0.0], "k_pid_yaw": [0.5, 1e-06, 0.1], "k_pid_hsp": [10.0, 0.0, 0.0], "k_pid_vsp": [400.0, 393.3037414550781, 400.0]}, "datetime": {"datetime": "2025-08-12 08:33:56", "elapsed": 58115.40696835518, "delta": 30.905263900756836}, "costs": {"total_cost": 1881.4793044348974, "time_cost": 150, "final_distance_cost": 28.958260097634604, "oscillation_cost": 563.8547310044402, "completition_cost": 1000.0, "overshoot_cost": 79.00057293128316, "power_cost": 31.308532836914065, "noise_cost": 28.35720756462557, "n_waypoints_completed": 0, "tot_waypoints": 9}}
{"target": -1477.6233464863253, "params": {"k_pid_pos": [1.929843783378601, 0.9613351821899414, 0.9009774923324585], "k_pid_alt": [1.7479281425476074, 0.9800782203674316, 1.0], "k_pid_att": [1.3382881879806519, 9.999999747378752e-05, 0.08186784386634827], "k_pid_yaw": [0.5, 1e-06, 0.1], "k_pid_hsp": [9.631792068481445, 0.0, 0.04066723585128784], "k_pid_vsp": [385.50140380859375, 398.9408874511719, 400.0]}, "datetime": {"datetime": "2025-08-12 08:34:26", "elapsed": 58146.01534509659, "delta": 30.6083767414093}, "costs": {"total_cost": 1477.6233464863253, "time_cost": 150, "final_distance_cost": 0.9988014305481112, "oscillation_cost": 62.904219334790376, "completition_cost": 1000.0, "overshoot_cost": 148.52994970339552, "power_cost": 29.72119425048828, "noise_cost": 85.46918176710328, "n_waypoints_completed": 0, "tot_waypoints": 9}}
{"target": -1477.76438998, "params": {"k_pid_pos": [1.9521511793136597, 1.0, 0.9643415212631226], "k_pid_alt": [1.9454206228256226, 0.9833025932312012, 1.0], "k_pid_att": [1.1687427759170532, 0.33063066005706787, 0.0692911148071289], "k_pid_yaw": [0.5, 1e-06, 0.1], "k_pid_hsp": [10.0, 0.019631564617156982, 0.0352112352848053], "k_pid_vsp": [382.4175720214844, 400.0, 400.0]}, "datetime": {"datetime": "2025-08-12 08:34:59", "elapsed": 58178.440482616425, "delta": 32.425137519836426}, "costs": {"total_cost": 1477.76438998, "time_cost": 150, "final_distance_cost": 0.998252729822513, "oscillation_cost": 46.08807192922396, "completition_cost": 1000.0, "overshoot_cost": 155.43814979544462, "power_cost": 29.508647485351563, "noise_cost": 95.73126804015742, "n_waypoints_completed": 0, "tot_waypoints": 9}}
{"target": -2794.1717474859074, "params": {"k_pid_pos": [1.9083762168884277, 0.9947350025177002, 1.0], "k_pid_alt": [1.8976690769195557, 1.0, 1.0], "k_pid_att": [0.0, 9.999999747378752e-05, 0.10005688667297363], "k_pid_yaw": [0.5, 1e-06, 0.1], "k_pid_hsp": [9.108536720275879, 0.05484309792518616, 0.0], "k_pid_vsp": [400.0, 400.0, 400.0]}, "datetime": {"datetime": "2025-08-12 08:35:28", "elapsed": 58207.918157339096, "delta": 29.47767472267151}, "costs": {"total_cost": 2794.1717474859074, "time_cost": 150, "final_distance_cost": 379.21405566232716, "oscillation_cost": 3.313504622957838, "completition_cost": 1000.0, "overshoot_cost": 1118.5852596175853, "power_cost": 29.207479431152347, "noise_cost": 113.85144815188521, "n_waypoints_completed": 0, "tot_waypoints": 9}}
{"target": -1092.9018172628607, "params": {"k_pid_pos": [2.0, 1.0, 0.9939299821853638], "k_pid_alt": [2.0, 1.0, 1.0], "k_pid_att": [6.178030490875244, 9.999999747378752e-05, 0.024423539638519287], "k_pid_yaw": [0.5, 1e-06, 0.1], "k_pid_hsp": [9.734195709228516, 0.0, 0.055343061685562134], "k_pid_vsp": [381.823974609375, 389.02093505859375, 379.14801025390625]}, "datetime": {"datetime": "2025-08-12 08:36:00", "elapsed": 58239.42330765724, "delta": 31.505150318145752}, "costs": {"total_cost": 1092.9018172628607, "time_cost": 150, "final_distance_cost": 63.50565289510557, "oscillation_cost": 415.82006884067044, "completition_cost": 333.33333333333337, "overshoot_cost": 67.78277431725438, "power_cost": 32.77271625976562, "noise_cost": 29.68727161673123, "n_waypoints_completed": 6, "tot_waypoints": 9}}
{"target": -8195.428286184308, "params": {"k_pid_pos": [2.0, 1.0, 0.911526083946228], "k_pid_alt": [1.9873692989349365, 0.9322447776794434, 1.0], "k_pid_att": [0.0, 9.999999747378752e-05, 0.0], "k_pid_yaw": [0.5, 1e-06, 0.1], "k_pid_hsp": [9.694619178771973, 0.0, 0.008730411529541016], "k_pid_vsp": [400.0, 377.1715087890625, 400.0]}, "datetime": {"datetime": "2025-08-12 08:36:31", "elapsed": 58270.645521879196, "delta": 31.222214221954346}, "costs": {"total_cost": 8195.428286184308, "time_cost": 150, "final_distance_cost": 871.2711926616506, "oscillation_cost": 14.725454545634205, "completition_cost": 1000.0, "overshoot_cost": 6019.523841091742, "power_cost": 44.33705948486328, "noise_cost": 95.57073840041771, "n_waypoints_completed": 0, "tot_waypoints": 9}}
{"target": -1041.0729123670665, "params": {"k_pid_pos": [2.0, 0.9657432436943054, 0.9879130125045776], "k_pid_alt": [2.0, 1.0, 0.970003604888916], "k_pid_att": [12.078100204467773, 0.5592873096466064, 0.0], "k_pid_yaw": [0.5, 1e-06, 0.1], "k_pid_hsp": [10.0, 0.06887489557266235, 0.051162540912628174], "k_pid_vsp": [395.1007080078125, 400.0, 371.93450927734375]}, "datetime": {"datetime": "2025-08-12 08:36:59", "elapsed": 58299.22679924965, "delta": 28.58127737045288}, "costs": {"total_cost": 1041.0729123670665, "time_cost": 150, "final_distance_cost": 75.0869692413183, "oscillation_cost": 474.242134652008, "completition_cost": 222.2222222222222, "overshoot_cost": 57.35360250814883, "power_cost": 32.18751046142578, "noise_cost": 29.980473281943322, "n_waypoints_completed": 7, "tot_waypoints": 9}}
{"target": -8227.437333739183, "params": {"k_pid_pos": [1.9972447156906128, 0.9719151258468628, 0.9375574588775635], "k_pid_alt": [1.8297159671783447, 0.9643456935882568, 1.0], "k_pid_att": [0.0, 9.999999747378752e-05, 0.0], "k_pid_yaw": [0.5, 1e-06, 0.1], "k_pid_hsp": [9.573193550109863, 0.01196792721748352, 0.0], "k_pid_vsp": [381.64129638671875, 383.1822814941406, 386.9801025390625]}, "datetime": {"datetime": "2025-08-12 08:37:30", "elapsed": 58329.714432001114, "delta": 30.487632751464844}, "costs": {"total_cost": 8227.437333739183, "time_cost": 150, "final_distance_cost": 940.9169909699508, "oscillation_cost": 14.631440209398422, "completition_cost": 1000.0, "overshoot_cost": 5986.053653569422, "power_cost": 43.39721905517578, "noise_cost": 92.43802993523593, "n_waypoints_completed": 0, "tot_waypoints": 9}}
{"target": -1238.5338478247434, "params": {"k_pid_pos": [2.0, 0.9809823632240295, 0.9785962104797363], "k_pid_alt": [2.0, 0.9417546987533569, 1.0], "k_pid_att": [6.175202369689941, 9.999999747378752e-05, 0.0], "k_pid_yaw": [0.5, 1e-06, 0.1], "k_pid_hsp": [10.0, 0.0, 0.007141381502151489], "k_pid_vsp": [397.6773681640625, 365.85699462890625, 400.0]}, "datetime": {"datetime": "2025-08-12 08:38:01", "elapsed": 58360.93745946884, "delta": 31.22302746772766}, "costs": {"total_cost": 1238.5338478247434, "time_cost": 150, "final_distance_cost": 55.20184108335226, "oscillation_cost": 457.8117431695469, "completition_cost": 444.4444444444444, "overshoot_cost": 67.63228402248853, "power_cost": 33.21200338134766, "noise_cost": 30.23153172356359, "n_waypoints_completed": 5, "tot_waypoints": 9}}
{"target": -4697.885681153466, "params": {"k_pid_pos": [1.8200045824050903, 0.9979811310768127, 1.0], "k_pid_alt": [2.0, 1.0, 1.0], "k_pid_att": [0.0, 0.23021483421325684, 0.05808538198471069], "k_pid_yaw": [0.5, 1e-06, 0.1], "k_pid_hsp": [9.852425575256348, 0.009084701538085938, 0.03843766450881958], "k_pid_vsp": [400.0, 400.0, 385.32183837890625]}, "datetime": {"datetime": "2025-08-12 08:38:36", "elapsed": 58395.3712720871, "delta": 34.433812618255615}, "costs": {"total_cost": 4697.885681153466, "time_cost": 150, "final_distance_cost": 622.829805423002, "oscillation_cost": 929.7163282331393, "completition_cost": 1000.0, "overshoot_cost": 1769.749789121071, "power_cost": 57.71783253173828, "noise_cost": 167.87192584451657, "n_waypoints_completed": 0, "tot_waypoints": 9}}
{"target": -8163.543147289405, "params": {"k_pid_pos": [2.0, 0.9476727247238159, 0.9742705225944519], "k_pid_alt": [2.0, 0.9648752212524414, 1.0], "k_pid_att": [0.0, 9.999999747378752e-05, 0.0], "k_pid_yaw": [0.5, 1e-06, 0.1], "k_pid_hsp": [9.490606307983398, 0.0, 0.0], "k_pid_vsp": [399.67950439453125, 400.0, 400.0]}, "datetime": {"datetime": "2025-08-12 08:39:09", "elapsed": 58428.79534697533, "delta": 33.42407488822937}, "costs": {"total_cost": 8163.543147289405, "time_cost": 150, "final_distance_cost": 974.1184104903163, "oscillation_cost": 14.804192327987474, "completition_cost": 1000.0, "overshoot_cost": 5887.441041594865, "power_cost": 44.27416256103516, "noise_cost": 92.90534031520129, "n_waypoints_completed": 0, "tot_waypoints": 9}}
