{"target": -8648.273770274074, "params": {"k_pid_pos": [2.0, 0.9616463780403137, 1.0], "k_pid_alt": [2.0, 0.9628213047981262, 0.8964772820472717], "k_pid_att": [0.0, 9.999999747378752e-05, 0.009514480829238892], "k_pid_yaw": [0.5, 1e-06, 0.1], "k_pid_hsp": [10.0, 0.025380373001098633, 0.0], "k_pid_vsp": [394.6454162597656, 400.0, 400.0]}, "datetime": {"datetime": "2025-08-11 19:19:23", "elapsed": 10442.833990812302, "delta": 30.19389033317566}, "costs": {"total_cost": 8648.273770274074, "time_cost": 150, "final_distance_cost": 2322.935528679691, "oscillation_cost": 9.728208031698992, "completition_cost": 1000.0, "overshoot_cost": 5048.118196302425, "power_cost": 39.625907653808596, "noise_cost": 77.86592960645139, "n_waypoints_completed": 0, "tot_waypoints": 9}}
{"target": -4847.343691708005, "params": {"k_pid_pos": [2.0, 1.0, 1.0], "k_pid_alt": [2.0, 1.0, 0.961872935295105], "k_pid_att": [0.0, 1.097313404083252, 0.06262737512588501], "k_pid_yaw": [0.5, 1e-06, 0.1], "k_pid_hsp": [10.0, 0.04103606939315796, 0.052139729261398315], "k_pid_vsp": [400.0, 383.909912109375, 397.1630554199219]}, "datetime": {"datetime": "2025-08-11 19:19:54", "elapsed": 10473.960881948471, "delta": 31.126891136169434}, "costs": {"total_cost": 4847.343691708005, "time_cost": 150, "final_distance_cost": 389.3952536437054, "oscillation_cost": 2012.8835359587533, "completition_cost": 1000.0, "overshoot_cost": 1063.2709824479314, "power_cost": 57.56539418945313, "noise_cost": 174.22852546816148, "n_waypoints_completed": 0, "tot_waypoints": 9}}
{"target": -6024.113166785482, "params": {"k_pid_pos": [2.0, 0.9912781119346619, 0.9904067516326904], "k_pid_alt": [2.0, 1.0, 1.0], "k_pid_att": [0.0, 0.13364674150943756, 0.07116562128067017], "k_pid_yaw": [0.5, 1e-06, 0.1], "k_pid_hsp": [9.784893035888672, 0.0, 0.026712417602539062], "k_pid_vsp": [400.0, 399.3341064453125, 394.6387939453125]}, "datetime": {"datetime": "2025-08-11 19:20:24", "elapsed": 10503.806919574738, "delta": 29.84603762626648}, "costs": {"total_cost": 6024.113166785482, "time_cost": 150, "final_distance_cost": 1356.1551055025284, "oscillation_cost": 795.3699880001966, "completition_cost": 1000.0, "overshoot_cost": 2498.2411055931416, "power_cost": 57.86378709716797, "noise_cost": 166.48318059244647, "n_waypoints_completed": 0, "tot_waypoints": 9}}
{"target": -1454.9028577690594, "params": {"k_pid_pos": [1.90420401096344, 1.0, 1.0], "k_pid_alt": [2.0, 0.9624698162078857, 0.9077137112617493], "k_pid_att": [1.3192594051361084, 0.5824944376945496, 0.0], "k_pid_yaw": [0.5, 1e-06, 0.1], "k_pid_hsp": [10.0, 0.06664282083511353, 0.0], "k_pid_vsp": [390.932373046875, 399.2681579589844, 400.0]}, "datetime": {"datetime": "2025-08-11 19:20:54", "elapsed": 10533.931467056274, "delta": 30.124547481536865}, "costs": {"total_cost": 1454.9028577690594, "time_cost": 150, "final_distance_cost": 84.9423172675839, "oscillation_cost": 312.99059997291283, "completition_cost": 777.7777777777778, "overshoot_cost": 69.5954776925963, "power_cost": 32.303399719238286, "noise_cost": 27.293285338950188, "n_waypoints_completed": 2, "tot_waypoints": 9}}
{"target": -8000.171655435262, "params": {"k_pid_pos": [1.9799621105194092, 1.0, 0.9676684141159058], "k_pid_alt": [1.7997946739196777, 0.9920854568481445, 0.9852114319801331], "k_pid_att": [0.0, 0.5189139246940613, 0.00942462682723999], "k_pid_yaw": [0.5, 1e-06, 0.1], "k_pid_hsp": [9.971436500549316, 0.0, 0.0], "k_pid_vsp": [400.0, 396.3279113769531, 381.9678649902344]}, "datetime": {"datetime": "2025-08-11 19:21:25", "elapsed": 10564.701949834824, "delta": 30.770482778549194}, "costs": {"total_cost": 8000.171655435262, "time_cost": 150, "final_distance_cost": 1987.6122134394468, "oscillation_cost": 1999.9916467064631, "completition_cost": 1000.0, "overshoot_cost": 2628.6432169284403, "power_cost": 58.28306042480469, "noise_cost": 175.64151793610822, "n_waypoints_completed": 0, "tot_waypoints": 9}}
{"target": -1223.2887031284636, "params": {"k_pid_pos": [2.0, 0.9190278053283691, 1.0], "k_pid_alt": [2.0, 1.0, 0.9477601051330566], "k_pid_att": [2.149766683578491, 0.43306708335876465, 0.0], "k_pid_yaw": [0.5, 1e-06, 0.1], "k_pid_hsp": [10.0, 0.0, 0.0], "k_pid_vsp": [398.0986022949219, 400.0, 400.0]}, "datetime": {"datetime": "2025-08-11 19:21:54", "elapsed": 10594.360456705093, "delta": 29.658506870269775}, "costs": {"total_cost": 1223.2887031284636, "time_cost": 150, "final_distance_cost": 39.42470614604218, "oscillation_cost": 343.25047553809037, "completition_cost": 555.5555555555555, "overshoot_cost": 75.95636832008047, "power_cost": 32.1166189819336, "noise_cost": 26.98497858676139, "n_waypoints_completed": 4, "tot_waypoints": 9}}
{"target": -4304.298909968502, "params": {"k_pid_pos": [1.9195735454559326, 0.8943251371383667, 1.0], "k_pid_alt": [2.0, 1.0, 0.9535373449325562], "k_pid_att": [0.0, 0.1415499448776245, 0.0], "k_pid_yaw": [0.5, 1e-06, 0.1], "k_pid_hsp": [9.372875213623047, 0.054717689752578735, 0.0023348331451416016], "k_pid_vsp": [400.0, 400.0, 400.0]}, "datetime": {"datetime": "2025-08-11 19:22:24", "elapsed": 10623.785648584366, "delta": 29.42519187927246}, "costs": {"total_cost": 4304.298909968502, "time_cost": 150, "final_distance_cost": 509.0964194507497, "oscillation_cost": 982.6752974661141, "completition_cost": 1000.0, "overshoot_cost": 1437.8491170139127, "power_cost": 57.329629931640625, "noise_cost": 167.3484461060854, "n_waypoints_completed": 0, "tot_waypoints": 9}}
{"target": -4205.937359786027, "params": {"k_pid_pos": [1.8120590448379517, 0.9941351413726807, 1.0], "k_pid_alt": [1.9474635124206543, 1.0, 0.9763065576553345], "k_pid_att": [0.0, 0.2772221565246582, 0.0], "k_pid_yaw": [0.5, 1e-06, 0.1], "k_pid_hsp": [9.163416862487793, 0.12146449089050293, 0.0], "k_pid_vsp": [387.39398193359375, 382.888427734375, 400.0]}, "datetime": {"datetime": "2025-08-11 19:22:54", "elapsed": 10653.721807956696, "delta": 29.936159372329712}, "costs": {"total_cost": 4205.937359786027, "time_cost": 150, "final_distance_cost": 405.6973835279613, "oscillation_cost": 1221.5654897602267, "completition_cost": 1000.0, "overshoot_cost": 1198.8364861036907, "power_cost": 57.70193255615234, "noise_cost": 172.13606783799537, "n_waypoints_completed": 0, "tot_waypoints": 9}}
{"target": -4491.528740810133, "params": {"k_pid_pos": [1.8302425146102905, 0.9138273000717163, 0.9718762636184692], "k_pid_alt": [2.0, 1.0, 0.9830848574638367], "k_pid_att": [0.0, 0.3024379312992096, 0.0], "k_pid_yaw": [0.5, 1e-06, 0.1], "k_pid_hsp": [9.767799377441406, 0.017881006002426147, 0.06484514474868774], "k_pid_vsp": [368.6485595703125, 393.37176513671875, 400.0]}, "datetime": {"datetime": "2025-08-11 19:23:24", "elapsed": 10683.450814247131, "delta": 29.72900629043579}, "costs": {"total_cost": 4491.528740810133, "time_cost": 150, "final_distance_cost": 595.7755681532262, "oscillation_cost": 1295.71353930157, "completition_cost": 1000.0, "overshoot_cost": 1220.9270067135342, "power_cost": 57.24578184814453, "noise_cost": 171.86684479365775, "n_waypoints_completed": 0, "tot_waypoints": 9}}
{"target": -4556.848853174932, "params": {"k_pid_pos": [1.9044594764709473, 1.0, 1.0], "k_pid_alt": [2.0, 1.0, 0.9859606623649597], "k_pid_att": [0.0, 9.999999747378752e-05, 0.046659380197525024], "k_pid_yaw": [0.5, 1e-06, 0.1], "k_pid_hsp": [10.0, 0.0, 0.0], "k_pid_vsp": [400.0, 397.9386901855469, 400.0]}, "datetime": {"datetime": "2025-08-11 19:23:55", "elapsed": 10714.46303987503, "delta": 31.01222562789917}, "costs": {"total_cost": 4556.848853174932, "time_cost": 150, "final_distance_cost": 804.2719821461561, "oscillation_cost": 4.304552289480803, "completition_cost": 1000.0, "overshoot_cost": 2479.0308768021, "power_cost": 30.037769262695313, "noise_cost": 89.20367267449909, "n_waypoints_completed": 0, "tot_waypoints": 9}}
{"target": -1866.7079636566648, "params": {"k_pid_pos": [1.966754674911499, 0.9637901782989502, 0.9684829711914062], "k_pid_alt": [1.9709745645523071, 0.9602711200714111, 1.0], "k_pid_att": [7.0662078857421875, 0.38685843348503113, 0.011687606573104858], "k_pid_yaw": [0.5, 1e-06, 0.1], "k_pid_hsp": [10.0, 0.0063447654247283936, 0.0], "k_pid_vsp": [400.0, 342.840087890625, 400.0]}, "datetime": {"datetime": "2025-08-11 19:24:25", "elapsed": 10745.071918487549, "delta": 30.60887861251831}, "costs": {"total_cost": 1866.7079636566648, "time_cost": 150, "final_distance_cost": 26.202054957584313, "oscillation_cost": 538.5283519685129, "completition_cost": 1000.0, "overshoot_cost": 92.68532320337438, "power_cost": 31.345974743652345, "noise_cost": 27.946258783540944, "n_waypoints_completed": 0, "tot_waypoints": 9}}
{"target": -5014.686866473931, "params": {"k_pid_pos": [2.0, 1.0, 1.0], "k_pid_alt": [1.9593114852905273, 1.0, 1.0], "k_pid_att": [0.0, 9.999999747378752e-05, 0.03307047486305237], "k_pid_yaw": [0.5, 1e-06, 0.1], "k_pid_hsp": [9.601385116577148, 0.05672621726989746, 0.0], "k_pid_vsp": [375.2403259277344, 380.45501708984375, 400.0]}, "datetime": {"datetime": "2025-08-11 19:24:56", "elapsed": 10775.400926351547, "delta": 30.329007863998413}, "costs": {"total_cost": 5014.686866473931, "time_cost": 150, "final_distance_cost": 1166.1112459079357, "oscillation_cost": 5.3819502654293006, "completition_cost": 1000.0, "overshoot_cost": 2577.6710227466733, "power_cost": 30.59856375732422, "noise_cost": 84.92408379656938, "n_waypoints_completed": 0, "tot_waypoints": 9}}
{"target": -1803.4891587113664, "params": {"k_pid_pos": [1.9164576530456543, 1.0, 0.9708961248397827], "k_pid_alt": [1.991884469985962, 1.0, 1.0], "k_pid_att": [5.14860725402832, 9.999999747378752e-05, 0.06686359643936157], "k_pid_yaw": [0.5, 1e-06, 0.1], "k_pid_hsp": [9.972023963928223, 0.0, 0.014618158340454102], "k_pid_vsp": [400.0, 359.8447265625, 400.0]}, "datetime": {"datetime": "2025-08-11 19:25:26", "elapsed": 10805.612727880478, "delta": 30.211801528930664}, "costs": {"total_cost": 1803.4891587113664, "time_cost": 150, "final_distance_cost": 0.9989683207824083, "oscillation_cost": 398.8452989942106, "completition_cost": 1000.0, "overshoot_cost": 151.72077415642556, "power_cost": 30.30632677001953, "noise_cost": 71.61779046992852, "n_waypoints_completed": 0, "tot_waypoints": 9}}
{"target": -8097.729678699561, "params": {"k_pid_pos": [2.0, 0.9776390790939331, 1.0], "k_pid_alt": [1.9098691940307617, 0.9879821538925171, 1.0], "k_pid_att": [0.0, 9.999999747378752e-05, 0.0], "k_pid_yaw": [0.5, 1e-06, 0.1], "k_pid_hsp": [10.0, 0.06355202198028564, 0.0], "k_pid_vsp": [400.0, 400.0, 361.4727478027344]}, "datetime": {"datetime": "2025-08-11 19:25:56", "elapsed": 10835.624331474304, "delta": 30.011603593826294}, "costs": {"total_cost": 8097.729678699561, "time_cost": 150, "final_distance_cost": 1212.6135203274484, "oscillation_cost": 15.321682823427398, "completition_cost": 1000.0, "overshoot_cost": 5595.9260578785315, "power_cost": 45.36032993164063, "noise_cost": 78.50808773851267, "n_waypoints_completed": 0, "tot_waypoints": 9}}
{"target": -1115.9806472595305, "params": {"k_pid_pos": [1.9976623058319092, 1.0, 0.9652408361434937], "k_pid_alt": [1.7775659561157227, 0.9185705184936523, 0.8931447267532349], "k_pid_att": [9.847396850585938, 0.8735317587852478, 0.02620011568069458], "k_pid_yaw": [0.5, 1e-06, 0.1], "k_pid_hsp": [10.0, 0.06814968585968018, 0.032587289810180664], "k_pid_vsp": [400.0, 379.6298522949219, 367.5981140136719]}, "datetime": {"datetime": "2025-08-11 19:26:26", "elapsed": 10866.145280599594, "delta": 30.520949125289917}, "costs": {"total_cost": 1115.9806472595305, "time_cost": 150, "final_distance_cost": 62.99029084498221, "oscillation_cost": 450.41218548969476, "completition_cost": 333.33333333333337, "overshoot_cost": 56.92601006763715, "power_cost": 32.32881895751953, "noise_cost": 29.99000856636359, "n_waypoints_completed": 6, "tot_waypoints": 9}}
{"target": -16282.603837649849, "params": {"k_pid_pos": [2.0, 0.9913740158081055, 1.0], "k_pid_alt": [2.0, 0.9025999903678894, 1.0], "k_pid_att": [0.0, 0.44775262475013733, 0.0], "k_pid_yaw": [0.5, 1e-06, 0.1], "k_pid_hsp": [9.574931144714355, 0.0, 0.0], "k_pid_vsp": [400.0, 400.0, 382.33526611328125]}, "datetime": {"datetime": "2025-08-11 19:26:56", "elapsed": 10896.031094312668, "delta": 29.88581371307373}, "costs": {"total_cost": 16282.603837649849, "time_cost": 150, "final_distance_cost": 5512.731338406531, "oscillation_cost": 1890.3036618030885, "completition_cost": 1000.0, "overshoot_cost": 7496.107720146666, "power_cost": 58.14910451660157, "noise_cost": 175.31201277696184, "n_waypoints_completed": 0, "tot_waypoints": 9}}
{"target": -1611.790706814317, "params": {"k_pid_pos": [2.0, 1.0, 1.0], "k_pid_alt": [1.8936216831207275, 1.0, 1.0], "k_pid_att": [1.205354928970337, 9.999999747378752e-05, 0.0], "k_pid_yaw": [0.5, 1e-06, 0.1], "k_pid_hsp": [9.556866645812988, 0.0, 0.0], "k_pid_vsp": [398.4792785644531, 400.0, 398.8533020019531]}, "datetime": {"datetime": "2025-08-11 19:27:26", "elapsed": 10926.151008367538, "delta": 30.119914054870605}, "costs": {"total_cost": 1611.790706814317, "time_cost": 150, "final_distance_cost": 33.40045822434791, "oscillation_cost": 289.33928046674, "completition_cost": 1000.0, "overshoot_cost": 81.72382183701264, "power_cost": 30.63690496826172, "noise_cost": 26.69024131795482, "n_waypoints_completed": 0, "tot_waypoints": 9}}
{"target": -6274.098660632102, "params": {"k_pid_pos": [1.8422096967697144, 1.0, 1.0], "k_pid_alt": [2.0, 0.9842435717582703, 1.0], "k_pid_att": [0.0, 0.9813262820243835, 0.03088882565498352], "k_pid_yaw": [0.5, 1e-06, 0.1], "k_pid_hsp": [10.0, 0.0, 0.00400206446647644], "k_pid_vsp": [400.0, 400.0, 397.7730407714844]}, "datetime": {"datetime": "2025-08-11 19:27:57", "elapsed": 10957.024977684021, "delta": 30.873969316482544}, "costs": {"total_cost": 6274.098660632102, "time_cost": 150, "final_distance_cost": 1406.6195307107603, "oscillation_cost": 2118.0450532713394, "completition_cost": 1000.0, "overshoot_cost": 1369.669108143408, "power_cost": 56.95821450195313, "noise_cost": 172.8067540046411, "n_waypoints_completed": 0, "tot_waypoints": 9}}
{"target": -1682.6795351202002, "params": {"k_pid_pos": [1.9669742584228516, 0.9647054672241211, 1.0], "k_pid_alt": [1.921370506286621, 1.0, 0.9654918909072876], "k_pid_att": [1.730981469154358, 9.999999747378752e-05, 0.0], "k_pid_yaw": [0.5, 1e-06, 0.1], "k_pid_hsp": [9.433500289916992, 0.04247415065765381, 0.0], "k_pid_vsp": [387.7657775878906, 384.8221130371094, 400.0]}, "datetime": {"datetime": "2025-08-11 19:28:28", "elapsed": 10988.014683246613, "delta": 30.989705562591553}, "costs": {"total_cost": 1682.6795351202002, "time_cost": 150, "final_distance_cost": 23.149976582826508, "oscillation_cost": 340.33111292660993, "completition_cost": 1000.0, "overshoot_cost": 110.53129392949896, "power_cost": 31.906315637207033, "noise_cost": 26.76083604405775, "n_waypoints_completed": 0, "tot_waypoints": 9}}
{"target": -1029.2561071677571, "params": {"k_pid_pos": [2.0, 1.0, 0.993813693523407], "k_pid_alt": [2.0, 1.0, 1.0], "k_pid_att": [14.091264724731445, 0.45215168595314026, 0.0040115416049957275], "k_pid_yaw": [0.5, 1e-06, 0.1], "k_pid_hsp": [10.0, 0.012619376182556152, 0.0], "k_pid_vsp": [375.2510681152344, 380.4051818847656, 400.0]}, "datetime": {"datetime": "2025-08-11 19:28:59", "elapsed": 11018.504913568497, "delta": 30.490230321884155}, "costs": {"total_cost": 1029.2561071677571, "time_cost": 150, "final_distance_cost": 80.48631240661234, "oscillation_cost": 449.6666495767067, "completition_cost": 222.2222222222222, "overshoot_cost": 63.833658633221944, "power_cost": 32.52092056884766, "noise_cost": 30.526343760146432, "n_waypoints_completed": 7, "tot_waypoints": 9}}
{"target": -8765.497936001993, "params": {"k_pid_pos": [1.9973307847976685, 1.0, 1.0], "k_pid_alt": [2.0, 0.9921252727508545, 0.9863334894180298], "k_pid_att": [0.0, 9.999999747378752e-05, 0.0005497932434082031], "k_pid_yaw": [0.5, 1e-06, 0.1], "k_pid_hsp": [10.0, 0.08377549052238464, 0.0], "k_pid_vsp": [400.0, 378.9462585449219, 400.0]}, "datetime": {"datetime": "2025-08-11 19:29:29", "elapsed": 11048.743262052536, "delta": 30.238348484039307}, "costs": {"total_cost": 8765.497936001993, "time_cost": 150, "final_distance_cost": 1382.2529156550804, "oscillation_cost": 14.213156943662327, "completition_cost": 1000.0, "overshoot_cost": 6080.975967001564, "power_cost": 45.826170373535156, "noise_cost": 92.229726028152, "n_waypoints_completed": 0, "tot_waypoints": 9}}
{"target": -8281.200488878378, "params": {"k_pid_pos": [1.8047311305999756, 1.0, 1.0], "k_pid_alt": [1.9273996353149414, 0.9277887344360352, 1.0], "k_pid_att": [0.0, 9.999999747378752e-05, 0.0], "k_pid_yaw": [0.5, 1e-06, 0.1], "k_pid_hsp": [9.91689395904541, 0.0, 0.04753658175468445], "k_pid_vsp": [376.0780334472656, 388.63104248046875, 400.0]}, "datetime": {"datetime": "2025-08-11 19:30:00", "elapsed": 11079.644573450089, "delta": 30.90131139755249}, "costs": {"total_cost": 8281.200488878378, "time_cost": 150, "final_distance_cost": 562.7200601945121, "oscillation_cost": 14.556961421455014, "completition_cost": 1000.0, "overshoot_cost": 6408.134306817374, "power_cost": 44.3323564453125, "noise_cost": 101.45680399972443, "n_waypoints_completed": 0, "tot_waypoints": 9}}
{"target": -5412.833278382428, "params": {"k_pid_pos": [1.8526201248168945, 0.9959828853607178, 1.0], "k_pid_alt": [2.0, 1.0, 1.0], "k_pid_att": [0.0, 0.8356128931045532, 0.0233629047870636], "k_pid_yaw": [0.5, 1e-06, 0.1], "k_pid_hsp": [10.0, 0.09494811296463013, 0.10077798366546631], "k_pid_vsp": [368.8419494628906, 395.79339599609375, 400.0]}, "datetime": {"datetime": "2025-08-11 19:30:30", "elapsed": 11109.690438270569, "delta": 30.045864820480347}, "costs": {"total_cost": 5412.833278382428, "time_cost": 150, "final_distance_cost": 406.2432029299276, "oscillation_cost": 2261.9023175585935, "completition_cost": 1000.0, "overshoot_cost": 1363.4895606652115, "power_cost": 56.882597766113285, "noise_cost": 174.31559946258216, "n_waypoints_completed": 0, "tot_waypoints": 9}}
{"target": -4483.335752387243, "params": {"k_pid_pos": [2.0, 0.9768235683441162, 0.9983696937561035], "k_pid_alt": [1.9712995290756226, 1.0, 0.9698178172111511], "k_pid_att": [0.0, 0.36080580949783325, 0.042835503816604614], "k_pid_yaw": [0.5, 1e-06, 0.1], "k_pid_hsp": [10.0, 0.050455302000045776, 0.0], "k_pid_vsp": [400.0, 400.0, 394.0277099609375]}, "datetime": {"datetime": "2025-08-11 19:31:01", "elapsed": 11140.389182806015, "delta": 30.698744535446167}, "costs": {"total_cost": 4483.335752387243, "time_cost": 150, "final_distance_cost": 198.43585487715373, "oscillation_cost": 1376.43109418192, "completition_cost": 1000.0, "overshoot_cost": 1531.354571453985, "power_cost": 57.45113251953125, "noise_cost": 169.66309935465287, "n_waypoints_completed": 0, "tot_waypoints": 9}}
{"target": -4641.1412090551585, "params": {"k_pid_pos": [1.9084553718566895, 0.9774612188339233, 0.9708311557769775], "k_pid_alt": [1.9047012329101562, 0.9563746452331543, 1.0], "k_pid_att": [0.0, 9.999999747378752e-05, 0.034080326557159424], "k_pid_yaw": [0.5, 1e-06, 0.1], "k_pid_hsp": [10.0, 0.027326256036758423, 0.027477234601974487], "k_pid_vsp": [388.10357666015625, 392.4958190917969, 400.0]}, "datetime": {"datetime": "2025-08-11 19:31:32", "elapsed": 11171.501730918884, "delta": 31.112548112869263}, "costs": {"total_cost": 4641.1412090551585, "time_cost": 150, "final_distance_cost": 1336.3640725394766, "oscillation_cost": 5.347731175327766, "completition_cost": 1000.0, "overshoot_cost": 2035.8117746273294, "power_cost": 30.638987512207034, "noise_cost": 82.97864320081807, "n_waypoints_completed": 0, "tot_waypoints": 9}}
{"target": -8149.368204618351, "params": {"k_pid_pos": [1.9203284978866577, 0.8799381852149963, 0.925804078578949], "k_pid_alt": [1.9212156534194946, 1.0, 1.0], "k_pid_att": [0.0, 9.999999747378752e-05, 0.0], "k_pid_yaw": [0.5, 1e-06, 0.1], "k_pid_hsp": [9.916729927062988, 0.0, 0.028490722179412842], "k_pid_vsp": [400.0, 400.0, 381.54168701171875]}, "datetime": {"datetime": "2025-08-11 19:32:02", "elapsed": 11201.95795083046, "delta": 30.456219911575317}, "costs": {"total_cost": 8149.368204618351, "time_cost": 150, "final_distance_cost": 1098.5105466555754, "oscillation_cost": 15.098962470517485, "completition_cost": 1000.0, "overshoot_cost": 5752.563356128541, "power_cost": 45.78166796875, "noise_cost": 87.41367139496673, "n_waypoints_completed": 0, "tot_waypoints": 9}}
{"target": -3536.606521895637, "params": {"k_pid_pos": [2.0, 1.0, 0.9447346925735474], "k_pid_alt": [1.979816198348999, 0.9805922508239746, 0.9706782102584839], "k_pid_att": [0.0, 9.999999747378752e-05, 0.05096006393432617], "k_pid_yaw": [0.5, 1e-06, 0.1], "k_pid_hsp": [9.432347297668457, 0.04615071415901184, 0.012928396463394165], "k_pid_vsp": [399.36944580078125, 400.0, 400.0]}, "datetime": {"datetime": "2025-08-11 19:32:32", "elapsed": 11231.487135887146, "delta": 29.5291850566864}, "costs": {"total_cost": 3536.606521895637, "time_cost": 150, "final_distance_cost": 165.0096058770769, "oscillation_cost": 3.943268016659344, "completition_cost": 1000.0, "overshoot_cost": 2092.0558406415826, "power_cost": 29.716874853515627, "noise_cost": 95.88093250680255, "n_waypoints_completed": 0, "tot_waypoints": 9}}
{"target": -1425.3137953274054, "params": {"k_pid_pos": [1.832490086555481, 0.957439661026001, 1.0], "k_pid_alt": [2.0, 1.0, 0.9488993287086487], "k_pid_att": [3.308713436126709, 1.4226198196411133, 0.0], "k_pid_yaw": [0.5, 1e-06, 0.1], "k_pid_hsp": [10.0, 0.0, 0.0], "k_pid_vsp": [390.2413024902344, 400.0, 400.0]}, "datetime": {"datetime": "2025-08-11 19:33:02", "elapsed": 11261.6292822361, "delta": 30.142146348953247}, "costs": {"total_cost": 1425.3137953274054, "time_cost": 150, "final_distance_cost": 52.44946700111083, "oscillation_cost": 425.6048147988766, "completition_cost": 666.6666666666667, "overshoot_cost": 69.34426398325837, "power_cost": 32.293997216796875, "noise_cost": 28.954585660696072, "n_waypoints_completed": 3, "tot_waypoints": 9}}
