{"target": -8358.173225686523, "params": {"k_pid_pos": [1.7966176271438599, 1.0, 1.0], "k_pid_alt": [1.9039299488067627, 1.0, 1.0], "k_pid_att": [0.0, 9.999999747378752e-05, 0.0], "k_pid_yaw": [0.5, 1e-06, 0.1], "k_pid_hsp": [10.0, 0.049343764781951904, 0.0], "k_pid_vsp": [374.3899841308594, 390.987060546875, 400.0]}, "datetime": {"datetime": "2025-08-12 07:27:00", "elapsed": 54099.71604537964, "delta": 32.62055730819702}, "costs": {"total_cost": 8358.173225686523, "time_cost": 150, "final_distance_cost": 529.9997606535027, "oscillation_cost": 14.437605133010933, "completition_cost": 1000.0, "overshoot_cost": 6518.230010626063, "power_cost": 43.75783039550782, "noise_cost": 101.74801887843967, "n_waypoints_completed": 0, "tot_waypoints": 9}}
{"target": -3630.5526718847696, "params": {"k_pid_pos": [2.0, 0.9596524238586426, 0.9680895805358887], "k_pid_alt": [2.0, 1.0, 0.9979116320610046], "k_pid_att": [0.0, 0.05029882863163948, 0.0], "k_pid_yaw": [0.5, 1e-06, 0.1], "k_pid_hsp": [9.812094688415527, 0.13437718152999878, 0.03761449456214905], "k_pid_vsp": [389.96466064453125, 380.1285400390625, 400.0]}, "datetime": {"datetime": "2025-08-12 07:27:32", "elapsed": 54131.95816874504, "delta": 32.24212336540222}, "costs": {"total_cost": 3630.5526718847696, "time_cost": 150, "final_distance_cost": 322.36264950580215, "oscillation_cost": 545.6782815008945, "completition_cost": 1000.0, "overshoot_cost": 1390.8283756973706, "power_cost": 57.47627902832031, "noise_cost": 164.20708615238232, "n_waypoints_completed": 0, "tot_waypoints": 9}}
{"target": -1644.1361125009282, "params": {"k_pid_pos": [1.8075320720672607, 0.9851683378219604, 1.0], "k_pid_alt": [2.0, 1.0, 0.9890450239181519], "k_pid_att": [1.2861460447311401, 0.7241455316543579, 0.004218727350234985], "k_pid_yaw": [0.5, 1e-06, 0.1], "k_pid_hsp": [9.78975772857666, 0.01315683126449585, 0.0], "k_pid_vsp": [389.5561828613281, 387.2433166503906, 400.0]}, "datetime": {"datetime": "2025-08-12 07:28:03", "elapsed": 54162.74256181717, "delta": 30.784393072128296}, "costs": {"total_cost": 1644.1361125009282, "time_cost": 150, "final_distance_cost": 41.23149953231305, "oscillation_cost": 321.6782013095802, "completition_cost": 1000.0, "overshoot_cost": 72.35087547513588, "power_cost": 31.7015576171875, "noise_cost": 27.173978566711654, "n_waypoints_completed": 0, "tot_waypoints": 9}}
{"target": -1174.3132184440008, "params": {"k_pid_pos": [1.9983242750167847, 0.8915693759918213, 1.0], "k_pid_alt": [2.0, 1.0, 0.9951083660125732], "k_pid_att": [3.4663290977478027, 0.6874086260795593, 0.0], "k_pid_yaw": [0.5, 1e-06, 0.1], "k_pid_hsp": [9.778263092041016, 0.0, 0.0], "k_pid_vsp": [389.1996154785156, 400.0, 381.56884765625]}, "datetime": {"datetime": "2025-08-12 07:28:35", "elapsed": 54194.64567446709, "delta": 31.903112649917603}, "costs": {"total_cost": 1174.3132184440008, "time_cost": 150, "final_distance_cost": 58.09647467949416, "oscillation_cost": 394.0492973715812, "completition_cost": 444.4444444444444, "overshoot_cost": 66.0908281242835, "power_cost": 32.63339926757813, "noise_cost": 28.998774556619264, "n_waypoints_completed": 5, "tot_waypoints": 9}}
{"target": -6519.648477152791, "params": {"k_pid_pos": [2.0, 0.9572180509567261, 1.0], "k_pid_alt": [2.0, 0.9805624485015869, 0.9517663717269897], "k_pid_att": [0.0, 9.999999747378752e-05, 0.02345222234725952], "k_pid_yaw": [0.5, 1e-06, 0.1], "k_pid_hsp": [9.960098266601562, 0.0, 0.0], "k_pid_vsp": [400.0, 384.5913391113281, 400.0]}, "datetime": {"datetime": "2025-08-12 07:29:07", "elapsed": 54226.9126830101, "delta": 32.267008543014526}, "costs": {"total_cost": 6519.648477152791, "time_cost": 150, "final_distance_cost": 2104.204523313945, "oscillation_cost": 6.644565469042187, "completition_cost": 1000.0, "overshoot_cost": 3150.4611714330863, "power_cost": 32.469977648925784, "noise_cost": 75.86823928779111, "n_waypoints_completed": 0, "tot_waypoints": 9}}
{"target": -3845.812290243857, "params": {"k_pid_pos": [2.0, 1.0, 1.0], "k_pid_alt": [2.0, 0.9936119318008423, 0.969159722328186], "k_pid_att": [0.0, 0.26256850361824036, 0.0], "k_pid_yaw": [0.5, 1e-06, 0.1], "k_pid_hsp": [9.194384574890137, 0.03982698917388916, 0.017262816429138184], "k_pid_vsp": [400.0, 337.7378845214844, 396.28082275390625]}, "datetime": {"datetime": "2025-08-12 07:29:38", "elapsed": 54258.099128484726, "delta": 31.186445474624634}, "costs": {"total_cost": 3845.812290243857, "time_cost": 150, "final_distance_cost": 283.5448229823691, "oscillation_cost": 1307.0433619795745, "completition_cost": 1000.0, "overshoot_cost": 875.0365633829869, "power_cost": 57.63966246337891, "noise_cost": 172.54787943554783, "n_waypoints_completed": 0, "tot_waypoints": 9}}
{"target": -1347.349505195012, "params": {"k_pid_pos": [1.9561688899993896, 1.0, 0.9778474569320679], "k_pid_alt": [2.0, 1.0, 1.0], "k_pid_att": [3.626152992248535, 0.466008722782135, 0.053330808877944946], "k_pid_yaw": [0.5, 1e-06, 0.1], "k_pid_hsp": [9.522470474243164, 0.0, 0.04227396845817566], "k_pid_vsp": [400.0, 400.0, 372.5048522949219]}, "datetime": {"datetime": "2025-08-12 07:30:09", "elapsed": 54289.1415541172, "delta": 31.042425632476807}, "costs": {"total_cost": 1347.349505195012, "time_cost": 150, "final_distance_cost": 55.82107243108679, "oscillation_cost": 339.8816202118114, "completition_cost": 666.6666666666667, "overshoot_cost": 75.82875514444815, "power_cost": 31.956008459472656, "noise_cost": 27.195382281525944, "n_waypoints_completed": 3, "tot_waypoints": 9}}
{"target": -1365.1940058356042, "params": {"k_pid_pos": [1.9023867845535278, 0.953721284866333, 0.9990730881690979], "k_pid_alt": [2.0, 1.0, 0.9861289262771606], "k_pid_att": [5.914971351623535, 0.04490824043750763, 0.0], "k_pid_yaw": [0.5, 1e-06, 0.1], "k_pid_hsp": [10.0, 0.0, 0.0], "k_pid_vsp": [400.0, 400.0, 400.0]}, "datetime": {"datetime": "2025-08-12 07:30:41", "elapsed": 54320.469361782074, "delta": 31.327807664871216}, "costs": {"total_cost": 1365.1940058356042, "time_cost": 150, "final_distance_cost": 51.8122739224045, "oscillation_cost": 473.7545434091311, "completition_cost": 555.5555555555555, "overshoot_cost": 72.17043864889817, "power_cost": 32.30454060058594, "noise_cost": 29.59665369902891, "n_waypoints_completed": 4, "tot_waypoints": 9}}
{"target": -8161.275310511311, "params": {"k_pid_pos": [1.970451831817627, 0.9677681922912598, 1.0], "k_pid_alt": [1.9248874187469482, 1.0, 0.9244559407234192], "k_pid_att": [0.0, 9.999999747378752e-05, 0.0], "k_pid_yaw": [0.5, 1e-06, 0.1], "k_pid_hsp": [9.849900245666504, 0.0, 0.0], "k_pid_vsp": [400.0, 400.0, 400.0]}, "datetime": {"datetime": "2025-08-12 07:31:13", "elapsed": 54352.75720882416, "delta": 32.28784704208374}, "costs": {"total_cost": 8161.275310511311, "time_cost": 150, "final_distance_cost": 1005.240907368081, "oscillation_cost": 14.806157613648395, "completition_cost": 1000.0, "overshoot_cost": 5853.665228529766, "power_cost": 44.44679035644531, "noise_cost": 93.11622664337025, "n_waypoints_completed": 0, "tot_waypoints": 9}}
{"target": -4399.77120611775, "params": {"k_pid_pos": [1.8745877742767334, 0.9639730453491211, 0.933335542678833], "k_pid_alt": [1.9875173568725586, 1.0, 1.0], "k_pid_att": [0.0, 0.1651403307914734, 0.025099992752075195], "k_pid_yaw": [0.5, 1e-06, 0.1], "k_pid_hsp": [9.717669486999512, 0.06073683500289917, 0.05976289510726929], "k_pid_vsp": [400.0, 385.5347595214844, 400.0]}, "datetime": {"datetime": "2025-08-12 07:31:45", "elapsed": 54384.57760977745, "delta": 31.820400953292847}, "costs": {"total_cost": 4399.77120611775, "time_cost": 150, "final_distance_cost": 569.1764319946469, "oscillation_cost": 926.8054378844978, "completition_cost": 1000.0, "overshoot_cost": 1527.5623585141302, "power_cost": 57.58424051513672, "noise_cost": 168.6427372093378, "n_waypoints_completed": 0, "tot_waypoints": 9}}
{"target": -3838.7898329412515, "params": {"k_pid_pos": [2.0, 1.0, 0.9996769428253174], "k_pid_alt": [2.0, 0.9539281129837036, 1.0], "k_pid_att": [0.0, 0.20681816339492798, 0.0], "k_pid_yaw": [0.5, 1e-06, 0.1], "k_pid_hsp": [10.0, 0.0, 0.010797977447509766], "k_pid_vsp": [388.2789611816406, 400.0, 400.0]}, "datetime": {"datetime": "2025-08-12 07:32:17", "elapsed": 54416.37580657005, "delta": 31.79819679260254}, "costs": {"total_cost": 3838.7898329412515, "time_cost": 150, "final_distance_cost": 330.8146713351544, "oscillation_cost": 1054.6641889664647, "completition_cost": 1000.0, "overshoot_cost": 1075.0493688303332, "power_cost": 57.5217691772461, "noise_cost": 170.7398346320535, "n_waypoints_completed": 0, "tot_waypoints": 9}}
{"target": -1760.7276280632573, "params": {"k_pid_pos": [1.8329193592071533, 0.947159469127655, 0.9777282476425171], "k_pid_alt": [2.0, 1.0, 1.0], "k_pid_att": [2.6966543197631836, 0.16821441054344177, 0.047628551721572876], "k_pid_yaw": [0.5, 1e-06, 0.1], "k_pid_hsp": [10.0, 0.0, 0.0], "k_pid_vsp": [400.0, 400.0, 400.0]}, "datetime": {"datetime": "2025-08-12 07:32:48", "elapsed": 54448.23197007179, "delta": 31.856163501739502}, "costs": {"total_cost": 1760.7276280632573, "time_cost": 150, "final_distance_cost": 0.9995955963290895, "oscillation_cost": 316.3426256280446, "completition_cost": 1000.0, "overshoot_cost": 159.73126248577057, "power_cost": 29.616046899414062, "noise_cost": 104.03809745369931, "n_waypoints_completed": 0, "tot_waypoints": 9}}
{"target": -3113.839219599667, "params": {"k_pid_pos": [2.0, 1.0, 1.0], "k_pid_alt": [1.9644728899002075, 0.9749977588653564, 0.9436837434768677], "k_pid_att": [0.0, 9.999999747378752e-05, 0.06626307964324951], "k_pid_yaw": [0.5, 1e-06, 0.1], "k_pid_hsp": [10.0, 0.0, 0.0], "k_pid_vsp": [382.8387145996094, 400.0, 396.41339111328125]}, "datetime": {"datetime": "2025-08-12 07:33:21", "elapsed": 54480.45948815346, "delta": 32.22751808166504}, "costs": {"total_cost": 3113.839219599667, "time_cost": 150, "final_distance_cost": 741.2309781889649, "oscillation_cost": 3.3375589123180065, "completition_cost": 1000.0, "overshoot_cost": 1076.4224573679876, "power_cost": 29.2124671875, "noise_cost": 113.63575794289669, "n_waypoints_completed": 0, "tot_waypoints": 9}}
{"target": -3645.559839142028, "params": {"k_pid_pos": [1.9884299039840698, 0.9740907549858093, 0.9689396619796753], "k_pid_alt": [2.0, 0.9666972756385803, 1.0], "k_pid_att": [0.0, 0.21109385788440704, 0.0], "k_pid_yaw": [0.5, 1e-06, 0.1], "k_pid_hsp": [10.0, 0.029078960418701172, 0.021608412265777588], "k_pid_vsp": [400.0, 400.0, 366.33416748046875]}, "datetime": {"datetime": "2025-08-12 07:33:53", "elapsed": 54512.63030076027, "delta": 32.17081260681152}, "costs": {"total_cost": 3645.559839142028, "time_cost": 150, "final_distance_cost": 284.92143439809985, "oscillation_cost": 1038.9716152042768, "completition_cost": 1000.0, "overshoot_cost": 942.5222350009757, "power_cost": 58.35755393066407, "noise_cost": 170.78700060801145, "n_waypoints_completed": 0, "tot_waypoints": 9}}
{"target": -1773.164881067501, "params": {"k_pid_pos": [1.9216889142990112, 1.0, 0.9436111450195312], "k_pid_alt": [2.0, 0.9168736934661865, 1.0], "k_pid_att": [5.2736968994140625, 0.6337131261825562, 0.06733456254005432], "k_pid_yaw": [0.5, 1e-06, 0.1], "k_pid_hsp": [9.44936752319336, 0.0, 0.03720185160636902], "k_pid_vsp": [383.78533935546875, 394.6676330566406, 400.0]}, "datetime": {"datetime": "2025-08-12 07:34:26", "elapsed": 54545.665274620056, "delta": 33.03497385978699}, "costs": {"total_cost": 1773.164881067501, "time_cost": 150, "final_distance_cost": 28.962896063463894, "oscillation_cost": 439.2741360782213, "completition_cost": 1000.0, "overshoot_cost": 96.53402749441724, "power_cost": 31.137051867675783, "noise_cost": 27.256769563722816, "n_waypoints_completed": 0, "tot_waypoints": 9}}
{"target": -1139.1366370846038, "params": {"k_pid_pos": [2.0, 0.9737749099731445, 0.9863904714584351], "k_pid_alt": [1.8811084032058716, 0.9961193203926086, 0.930546760559082], "k_pid_att": [6.602126121520996, 9.999999747378752e-05, 0.0], "k_pid_yaw": [0.5, 1e-06, 0.1], "k_pid_hsp": [9.850536346435547, 0.17779147624969482, 0.031129837036132812], "k_pid_vsp": [390.04425048828125, 400.0, 400.0]}, "datetime": {"datetime": "2025-08-12 07:34:59", "elapsed": 54578.427780389786, "delta": 32.762505769729614}, "costs": {"total_cost": 1139.1366370846038, "time_cost": 150, "final_distance_cost": 65.82257033496782, "oscillation_cost": 458.9815578062887, "completition_cost": 333.33333333333337, "overshoot_cost": 68.17180993368082, "power_cost": 32.74001179199219, "noise_cost": 30.08735388434102, "n_waypoints_completed": 6, "tot_waypoints": 9}}
{"target": -8017.356315710395, "params": {"k_pid_pos": [2.0, 0.9770780801773071, 0.9238295555114746], "k_pid_alt": [1.8886651992797852, 1.0, 0.9531459808349609], "k_pid_att": [0.0, 9.999999747378752e-05, 0.0], "k_pid_yaw": [0.5, 1e-06, 0.1], "k_pid_hsp": [10.0, 0.0, 0.0], "k_pid_vsp": [400.0, 400.0, 400.0]}, "datetime": {"datetime": "2025-08-12 07:35:31", "elapsed": 54610.37770986557, "delta": 31.9499294757843}, "costs": {"total_cost": 8017.356315710395, "time_cost": 150, "final_distance_cost": 919.8092944290283, "oscillation_cost": 14.811840453842024, "completition_cost": 1000.0, "overshoot_cost": 5796.692609354343, "power_cost": 44.200435351562504, "noise_cost": 91.84213612161936, "n_waypoints_completed": 0, "tot_waypoints": 9}}
{"target": -8049.563712060448, "params": {"k_pid_pos": [1.9757119417190552, 0.9811627864837646, 0.9927319288253784], "k_pid_alt": [1.952714443206787, 0.9419159293174744, 1.0], "k_pid_att": [0.0, 9.999999747378752e-05, 0.0], "k_pid_yaw": [0.5, 1e-06, 0.1], "k_pid_hsp": [9.904746055603027, 0.0, 0.02612125873565674], "k_pid_vsp": [388.65472412109375, 400.0, 371.8578796386719]}, "datetime": {"datetime": "2025-08-12 07:36:02", "elapsed": 54642.001383543015, "delta": 31.623673677444458}, "costs": {"total_cost": 8049.563712060448, "time_cost": 150, "final_distance_cost": 1148.1006959362971, "oscillation_cost": 15.144239366639601, "completition_cost": 1000.0, "overshoot_cost": 5606.315441914123, "power_cost": 45.415643884277344, "noise_cost": 84.5876909591108, "n_waypoints_completed": 0, "tot_waypoints": 9}}
{"target": -1280.46502343613, "params": {"k_pid_pos": [1.8906571865081787, 1.0, 0.9816878437995911], "k_pid_alt": [1.976936936378479, 0.9896399974822998, 1.0], "k_pid_att": [1.4567822217941284, 9.999999747378752e-05, 0.01600143313407898], "k_pid_yaw": [0.5, 1e-06, 0.1], "k_pid_hsp": [9.168743133544922, 0.0, 0.06259152293205261], "k_pid_vsp": [400.0, 400.0, 386.7903137207031]}, "datetime": {"datetime": "2025-08-12 07:36:34", "elapsed": 54673.83375287056, "delta": 31.832369327545166}, "costs": {"total_cost": 1280.46502343613, "time_cost": 150, "final_distance_cost": 58.80634489942065, "oscillation_cost": 272.0405625939263, "completition_cost": 666.6666666666667, "overshoot_cost": 74.40945665234214, "power_cost": 31.694109924316408, "noise_cost": 26.847882699457614, "n_waypoints_completed": 3, "tot_waypoints": 9}}
{"target": -1604.7890560009482, "params": {"k_pid_pos": [1.9674630165100098, 1.0, 1.0], "k_pid_alt": [2.0, 1.0, 0.9462230801582336], "k_pid_att": [2.08624005317688, 0.02120072767138481, 0.0], "k_pid_yaw": [0.5, 1e-06, 0.1], "k_pid_hsp": [9.868033409118652, 0.014453738927841187, 0.0], "k_pid_vsp": [400.0, 378.1883850097656, 398.6896057128906]}, "datetime": {"datetime": "2025-08-12 07:37:06", "elapsed": 54706.26271367073, "delta": 32.4289608001709}, "costs": {"total_cost": 1604.7890560009482, "time_cost": 150, "final_distance_cost": 70.48650753992352, "oscillation_cost": 363.8891777889856, "completition_cost": 888.8888888888888, "overshoot_cost": 73.01126185075334, "power_cost": 31.504683178710938, "noise_cost": 27.008536753685956, "n_waypoints_completed": 1, "tot_waypoints": 9}}
{"target": -4177.353358817417, "params": {"k_pid_pos": [2.0, 1.0, 1.0], "k_pid_alt": [1.893455147743225, 0.9990633726119995, 0.9803763628005981], "k_pid_att": [0.0, 0.1876259595155716, 0.14300715923309326], "k_pid_yaw": [0.5, 1e-06, 0.1], "k_pid_hsp": [9.594195365905762, 0.05653420090675354, 0.0], "k_pid_vsp": [400.0, 400.0, 400.0]}, "datetime": {"datetime": "2025-08-12 07:37:39", "elapsed": 54739.33085727692, "delta": 33.06814360618591}, "costs": {"total_cost": 4177.353358817417, "time_cost": 150, "final_distance_cost": 548.4153399381116, "oscillation_cost": 729.0021447417245, "completition_cost": 1000.0, "overshoot_cost": 1526.5049407013357, "power_cost": 57.50416717529297, "noise_cost": 165.9267662609526, "n_waypoints_completed": 0, "tot_waypoints": 9}}
{"target": -1597.1011561685089, "params": {"k_pid_pos": [1.98387610912323, 0.9477519989013672, 1.0], "k_pid_alt": [2.0, 1.0, 0.9756407737731934], "k_pid_att": [3.7357687950134277, 0.541390597820282, 0.06846550107002258], "k_pid_yaw": [0.5, 1e-06, 0.1], "k_pid_hsp": [9.34886646270752, 0.05243632197380066, 0.0], "k_pid_vsp": [400.0, 400.0, 358.8385314941406]}, "datetime": {"datetime": "2025-08-12 07:38:11", "elapsed": 54771.185113191605, "delta": 31.85425591468811}, "costs": {"total_cost": 1597.1011561685089, "time_cost": 150, "final_distance_cost": 12.956631539818616, "oscillation_cost": 254.0504921415744, "completition_cost": 1000.0, "overshoot_cost": 119.81158244130944, "power_cost": 31.12104030761719, "noise_cost": 29.161409738189057, "n_waypoints_completed": 0, "tot_waypoints": 9}}
{"target": -4136.657724411672, "params": {"k_pid_pos": [1.9860942363739014, 0.997187614440918, 1.0], "k_pid_alt": [2.0, 1.0, 1.0], "k_pid_att": [0.0, 0.12167765945196152, 0.0], "k_pid_yaw": [0.5, 1e-06, 0.1], "k_pid_hsp": [9.75473403930664, 0.0, 0.0], "k_pid_vsp": [387.9268798828125, 400.0, 400.0]}, "datetime": {"datetime": "2025-08-12 07:38:42", "elapsed": 54802.24128818512, "delta": 31.056174993515015}, "costs": {"total_cost": 4136.657724411672, "time_cost": 150, "final_distance_cost": 408.6914407910401, "oscillation_cost": 846.0957745768081, "completition_cost": 1000.0, "overshoot_cost": 1506.5233090575318, "power_cost": 57.53403345947266, "noise_cost": 167.81316652681878, "n_waypoints_completed": 0, "tot_waypoints": 9}}
{"target": -1274.8012766287554, "params": {"k_pid_pos": [2.0, 0.9644296169281006, 0.9562265276908875], "k_pid_alt": [2.0, 1.0, 0.9811992645263672], "k_pid_att": [3.4638137817382812, 0.5904912352561951, 0.007450729608535767], "k_pid_yaw": [0.5, 1e-06, 0.1], "k_pid_hsp": [9.630374908447266, 0.0, 0.022769451141357422], "k_pid_vsp": [400.0, 400.0, 400.0]}, "datetime": {"datetime": "2025-08-12 07:39:14", "elapsed": 54833.9473836422, "delta": 31.706095457077026}, "costs": {"total_cost": 1274.8012766287554, "time_cost": 150, "final_distance_cost": 43.21296272637038, "oscillation_cost": 395.74835978453666, "completition_cost": 555.5555555555555, "overshoot_cost": 69.7864221397434, "power_cost": 31.860383752441408, "noise_cost": 28.637592670108305, "n_waypoints_completed": 4, "tot_waypoints": 9}}
{"target": -1595.3148556038268, "params": {"k_pid_pos": [2.0, 1.0, 0.8966934680938721], "k_pid_alt": [2.0, 1.0, 1.0], "k_pid_att": [1.6740888357162476, 9.999999747378752e-05, 0.037398576736450195], "k_pid_yaw": [0.5, 1e-06, 0.1], "k_pid_hsp": [9.522017478942871, 0.06380161643028259, 0.02397647500038147], "k_pid_vsp": [380.720703125, 400.0, 364.2667236328125]}, "datetime": {"datetime": "2025-08-12 07:39:47", "elapsed": 54867.18325591087, "delta": 33.23587226867676}, "costs": {"total_cost": 1595.3148556038268, "time_cost": 150, "final_distance_cost": 10.94701962465424, "oscillation_cost": 260.1124503768546, "completition_cost": 1000.0, "overshoot_cost": 118.16266676526577, "power_cost": 30.24677801513672, "noise_cost": 25.845940821915406, "n_waypoints_completed": 0, "tot_waypoints": 9}}
{"target": -1689.588042888137, "params": {"k_pid_pos": [1.8646970987319946, 0.9722670316696167, 0.9978405237197876], "k_pid_alt": [1.9889500141143799, 0.9416321516036987, 1.0], "k_pid_att": [3.9811758995056152, 9.999999747378752e-05, 0.01037973165512085], "k_pid_yaw": [0.5, 1e-06, 0.1], "k_pid_hsp": [9.2328519821167, 0.03552129864692688, 0.0014066994190216064], "k_pid_vsp": [372.2151184082031, 400.0, 392.0028076171875]}, "datetime": {"datetime": "2025-08-12 07:40:20", "elapsed": 54899.4233546257, "delta": 32.24009871482849}, "costs": {"total_cost": 1689.588042888137, "time_cost": 150, "final_distance_cost": 59.19818082293499, "oscillation_cost": 453.64606972828375, "completition_cost": 888.8888888888888, "overshoot_cost": 79.27612211824493, "power_cost": 31.339506469726565, "noise_cost": 27.239274860057687, "n_waypoints_completed": 1, "tot_waypoints": 9}}
{"target": -1430.9708275007874, "params": {"k_pid_pos": [1.9903087615966797, 1.0, 0.9722096920013428], "k_pid_alt": [1.9427697658538818, 1.0, 1.0], "k_pid_att": [3.6791563034057617, 9.999999747378752e-05, 0.02156689763069153], "k_pid_yaw": [0.5, 1e-06, 0.1], "k_pid_hsp": [9.871109008789062, 0.030797302722930908, 0.0431692898273468], "k_pid_vsp": [400.0, 400.0, 400.0]}, "datetime": {"datetime": "2025-08-12 07:40:52", "elapsed": 54931.605736255646, "delta": 32.18238162994385}, "costs": {"total_cost": 1430.9708275007874, "time_cost": 150, "final_distance_cost": 87.91826305368163, "oscillation_cost": 405.02379845350174, "completition_cost": 666.6666666666667, "overshoot_cost": 63.18997049724257, "power_cost": 31.17389853515625, "noise_cost": 26.998230294538562, "n_waypoints_completed": 3, "tot_waypoints": 9}}
