{"target": -4229.923148995394, "params": {"k_pid_pos": [1.9623204469680786, 0.9514616131782532, 0.9855026006698608], "k_pid_alt": [1.8093562126159668, 0.9614560008049011, 1.0], "k_pid_att": [0.0, 9.999999747378752e-05, 0.043808162212371826], "k_pid_yaw": [0.5, 1e-06, 0.1], "k_pid_hsp": [9.818436622619629, 0.0551755428314209, 0.0], "k_pid_vsp": [396.6241760253906, 400.0, 392.42669677734375]}, "datetime": {"datetime": "2025-08-12 05:29:09", "elapsed": 47028.759368658066, "delta": 31.334287405014038}, "costs": {"total_cost": 4229.923148995394, "time_cost": 150, "final_distance_cost": 981.7932147873264, "oscillation_cost": 4.509977253585179, "completition_cost": 1000.0, "overshoot_cost": 1977.8329394414297, "power_cost": 30.244167578125, "noise_cost": 85.54284993492712, "n_waypoints_completed": 0, "tot_waypoints": 9}}
{"target": -1640.2722381482579, "params": {"k_pid_pos": [2.0, 1.0, 1.0], "k_pid_alt": [1.8687721490859985, 1.0, 1.0], "k_pid_att": [7.713332653045654, 9.999999747378752e-05, 0.07542106509208679], "k_pid_yaw": [0.5, 1e-06, 0.1], "k_pid_hsp": [10.0, 0.0, 0.0011692345142364502], "k_pid_vsp": [395.3246154785156, 369.2158508300781, 400.0]}, "datetime": {"datetime": "2025-08-12 05:29:40", "elapsed": 47060.1917052269, "delta": 31.432336568832397}, "costs": {"total_cost": 1640.2722381482579, "time_cost": 150, "final_distance_cost": 73.0590094190153, "oscillation_cost": 418.57279705291336, "completition_cost": 888.8888888888888, "overshoot_cost": 51.06737721908192, "power_cost": 30.718694873046875, "noise_cost": 27.965470695311485, "n_waypoints_completed": 1, "tot_waypoints": 9}}
{"target": -7664.2403021700775, "params": {"k_pid_pos": [2.0, 1.0, 1.0], "k_pid_alt": [2.0, 1.0, 0.964240312576294], "k_pid_att": [0.0, 0.1167534664273262, 0.0], "k_pid_yaw": [0.5, 1e-06, 0.1], "k_pid_hsp": [10.0, 0.0, 0.0], "k_pid_vsp": [400.0, 400.0, 387.5489807128906]}, "datetime": {"datetime": "2025-08-12 05:30:13", "elapsed": 47092.73834109306, "delta": 32.54663586616516}, "costs": {"total_cost": 7664.2403021700775, "time_cost": 150, "final_distance_cost": 2385.310454916021, "oscillation_cost": 904.207908379844, "completition_cost": 1000.0, "overshoot_cost": 2998.332872215839, "power_cost": 57.83899074707031, "noise_cost": 168.5500759113037, "n_waypoints_completed": 0, "tot_waypoints": 9}}
{"target": -1678.693470837546, "params": {"k_pid_pos": [2.0, 1.0, 0.9929208159446716], "k_pid_alt": [1.9710464477539062, 1.0, 1.0], "k_pid_att": [2.5279669761657715, 9.999999747378752e-05, 0.027941763401031494], "k_pid_yaw": [0.5, 1e-06, 0.1], "k_pid_hsp": [8.963885307312012, 0.0, 0.0], "k_pid_vsp": [400.0, 399.84393310546875, 372.200927734375]}, "datetime": {"datetime": "2025-08-12 05:30:45", "elapsed": 47124.454184532166, "delta": 31.715843439102173}, "costs": {"total_cost": 1678.693470837546, "time_cost": 150, "final_distance_cost": 3.8697314114563985, "oscillation_cost": 331.71895367427965, "completition_cost": 1000.0, "overshoot_cost": 134.93317596003612, "power_cost": 30.200044555664064, "noise_cost": 27.97156523610982, "n_waypoints_completed": 0, "tot_waypoints": 9}}
{"target": -1132.681766151795, "params": {"k_pid_pos": [1.8485658168792725, 1.0, 0.9448882341384888], "k_pid_alt": [2.0, 1.0, 1.0], "k_pid_att": [6.834035873413086, 9.999999747378752e-05, 0.0], "k_pid_yaw": [0.5, 1e-06, 0.1], "k_pid_hsp": [10.0, 0.0, 0.04293176531791687], "k_pid_vsp": [400.0, 396.34637451171875, 400.0]}, "datetime": {"datetime": "2025-08-12 05:31:16", "elapsed": 47156.143132686615, "delta": 31.688948154449463}, "costs": {"total_cost": 1132.681766151795, "time_cost": 150, "final_distance_cost": 66.74582370657374, "oscillation_cost": 453.4954280686226, "completition_cost": 333.33333333333337, "overshoot_cost": 66.62467082316434, "power_cost": 32.81379721679688, "noise_cost": 29.66871300330396, "n_waypoints_completed": 6, "tot_waypoints": 9}}
{"target": -4044.284797102863, "params": {"k_pid_pos": [1.9625790119171143, 1.0, 1.0], "k_pid_alt": [2.0, 1.0, 1.0], "k_pid_att": [0.0, 0.2451086938381195, 0.0], "k_pid_yaw": [0.5, 1e-06, 0.1], "k_pid_hsp": [10.0, 0.043986380100250244, 0.0013585686683654785], "k_pid_vsp": [400.0, 400.0, 375.82891845703125]}, "datetime": {"datetime": "2025-08-12 05:31:48", "elapsed": 47187.94664812088, "delta": 31.803515434265137}, "costs": {"total_cost": 4044.284797102863, "time_cost": 150, "final_distance_cost": 358.8708870950585, "oscillation_cost": 1135.0351924729232, "completition_cost": 1000.0, "overshoot_cost": 1172.3153063201453, "power_cost": 57.84417806396485, "noise_cost": 170.2192331507713, "n_waypoints_completed": 0, "tot_waypoints": 9}}
{"target": -3911.5615108295124, "params": {"k_pid_pos": [1.8888317346572876, 1.0, 1.0], "k_pid_alt": [1.9885742664337158, 1.0, 0.9878408312797546], "k_pid_att": [0.0, 9.999999747378752e-05, 0.04343917965888977], "k_pid_yaw": [0.5, 1e-06, 0.1], "k_pid_hsp": [10.0, 0.0, 0.0], "k_pid_vsp": [395.2183837890625, 400.0, 400.0]}, "datetime": {"datetime": "2025-08-12 05:32:21", "elapsed": 47220.89626336098, "delta": 32.949615240097046}, "costs": {"total_cost": 3911.5615108295124, "time_cost": 150, "final_distance_cost": 271.1962145645173, "oscillation_cost": 4.30198518337988, "completition_cost": 1000.0, "overshoot_cost": 2361.7731841714117, "power_cost": 30.181185742187502, "noise_cost": 94.10894116801607, "n_waypoints_completed": 0, "tot_waypoints": 9}}
{"target": -1234.6047667807234, "params": {"k_pid_pos": [1.9449323415756226, 1.0, 1.0], "k_pid_alt": [2.0, 0.9697814583778381, 0.9464914798736572], "k_pid_att": [5.444929122924805, 9.999999747378752e-05, 0.0], "k_pid_yaw": [0.5, 1e-06, 0.1], "k_pid_hsp": [9.55457878112793, 0.018805742263793945, 0.014835655689239502], "k_pid_vsp": [382.3969421386719, 400.0, 400.0]}, "datetime": {"datetime": "2025-08-12 05:32:53", "elapsed": 47252.598252773285, "delta": 31.70198941230774}, "costs": {"total_cost": 1234.6047667807234, "time_cost": 150, "final_distance_cost": 52.36754428476638, "oscillation_cost": 457.39964381886244, "completition_cost": 444.4444444444444, "overshoot_cost": 70.0193282661599, "power_cost": 32.34867204589844, "noise_cost": 28.025133920592065, "n_waypoints_completed": 5, "tot_waypoints": 9}}
{"target": -8076.429212246561, "params": {"k_pid_pos": [2.0, 1.0, 0.983841061592102], "k_pid_alt": [1.9436016082763672, 1.0, 0.9327396750450134], "k_pid_att": [0.0, 9.999999747378752e-05, 0.0], "k_pid_yaw": [0.5, 1e-06, 0.1], "k_pid_hsp": [10.0, 0.038043975830078125, 0.056783199310302734], "k_pid_vsp": [400.0, 400.0, 400.0]}, "datetime": {"datetime": "2025-08-12 05:33:25", "elapsed": 47284.37694478035, "delta": 31.77869200706482}, "costs": {"total_cost": 8076.429212246561, "time_cost": 150, "final_distance_cost": 869.0072266474067, "oscillation_cost": 14.694545356597628, "completition_cost": 1000.0, "overshoot_cost": 5903.878805169093, "power_cost": 44.62891860351563, "noise_cost": 94.21971646994812, "n_waypoints_completed": 0, "tot_waypoints": 9}}
{"target": -3671.45199867849, "params": {"k_pid_pos": [2.0, 1.0, 0.9636461734771729], "k_pid_alt": [2.0, 0.9804184436798096, 0.9656113386154175], "k_pid_att": [0.0, 0.18746264278888702, 0.0], "k_pid_yaw": [0.5, 1e-06, 0.1], "k_pid_hsp": [9.606096267700195, 0.0, 0.021970242261886597], "k_pid_vsp": [400.0, 400.0, 400.0]}, "datetime": {"datetime": "2025-08-12 05:33:56", "elapsed": 47315.4941880703, "delta": 31.11724328994751}, "costs": {"total_cost": 3671.45199867849, "time_cost": 150, "final_distance_cost": 354.2329510718906, "oscillation_cost": 901.6493304556662, "completition_cost": 1000.0, "overshoot_cost": 1036.9713430537915, "power_cost": 57.606368591308595, "noise_cost": 170.9920055058328, "n_waypoints_completed": 0, "tot_waypoints": 9}}
{"target": -1639.824203564964, "params": {"k_pid_pos": [1.9706870317459106, 1.0, 1.0], "k_pid_alt": [2.0, 1.0, 0.9528557658195496], "k_pid_att": [1.280832290649414, 9.999999747378752e-05, 0.0], "k_pid_yaw": [0.5, 1e-06, 0.1], "k_pid_hsp": [10.0, 0.0, 0.0], "k_pid_vsp": [363.164794921875, 397.9013366699219, 394.07537841796875]}, "datetime": {"datetime": "2025-08-12 05:34:29", "elapsed": 47348.46499609947, "delta": 32.970808029174805}, "costs": {"total_cost": 1639.824203564964, "time_cost": 150, "final_distance_cost": 6.1261322037579715, "oscillation_cost": 301.9354603801827, "completition_cost": 1000.0, "overshoot_cost": 122.12903630212804, "power_cost": 32.38235567626953, "noise_cost": 27.25121900262574, "n_waypoints_completed": 0, "tot_waypoints": 9}}
{"target": -1920.1643859605515, "params": {"k_pid_pos": [2.0, 1.0, 1.0], "k_pid_alt": [2.0, 0.9885209798812866, 0.9673532247543335], "k_pid_att": [7.13980770111084, 9.999999747378752e-05, 0.03041723370552063], "k_pid_yaw": [0.5, 1e-06, 0.1], "k_pid_hsp": [9.323864936828613, 0.07689547538757324, 0.0], "k_pid_vsp": [400.0, 388.5623779296875, 400.0]}, "datetime": {"datetime": "2025-08-12 05:35:00", "elapsed": 47379.60124754906, "delta": 31.13625144958496}, "costs": {"total_cost": 1920.1643859605515, "time_cost": 150, "final_distance_cost": 0.9988384742182232, "oscillation_cost": 496.12750049599555, "completition_cost": 1000.0, "overshoot_cost": 153.42015341949838, "power_cost": 30.567422277832033, "noise_cost": 89.05047129300736, "n_waypoints_completed": 0, "tot_waypoints": 9}}
{"target": -4088.717574108035, "params": {"k_pid_pos": [2.0, 0.9835254549980164, 0.9688889980316162], "k_pid_alt": [2.0, 1.0, 0.9959532618522644], "k_pid_att": [0.0, 0.2618323862552643, 0.0], "k_pid_yaw": [0.5, 1e-06, 0.1], "k_pid_hsp": [10.0, 0.0, 0.0], "k_pid_vsp": [373.45928955078125, 400.0, 388.5799255371094]}, "datetime": {"datetime": "2025-08-12 05:35:33", "elapsed": 47413.040303230286, "delta": 33.43905568122864}, "costs": {"total_cost": 4088.717574108035, "time_cost": 150, "final_distance_cost": 362.15587022220814, "oscillation_cost": 1167.522264451416, "completition_cost": 1000.0, "overshoot_cost": 1181.5134558376901, "power_cost": 57.15955517578125, "noise_cost": 170.3664284209388, "n_waypoints_completed": 0, "tot_waypoints": 9}}
{"target": -1332.085542482189, "params": {"k_pid_pos": [2.0, 0.9968723654747009, 0.9048360586166382], "k_pid_alt": [2.0, 1.0, 1.0], "k_pid_att": [2.1995842456817627, 9.999999747378752e-05, 0.0], "k_pid_yaw": [0.5, 1e-06, 0.1], "k_pid_hsp": [10.0, 0.002482980489730835, 0.0654306709766388], "k_pid_vsp": [384.47265625, 400.0, 399.4347839355469]}, "datetime": {"datetime": "2025-08-12 05:36:04", "elapsed": 47443.55656123161, "delta": 30.516258001327515}, "costs": {"total_cost": 1332.085542482189, "time_cost": 150, "final_distance_cost": 51.388793586320155, "oscillation_cost": 332.4612610222677, "completition_cost": 666.6666666666667, "overshoot_cost": 70.00800414923319, "power_cost": 33.0020943359375, "noise_cost": 28.558722721763925, "n_waypoints_completed": 3, "tot_waypoints": 9}}
{"target": -1524.1755470720059, "params": {"k_pid_pos": [1.8434510231018066, 1.0, 1.0], "k_pid_alt": [1.9092875719070435, 1.0, 1.0], "k_pid_att": [3.3838601112365723, 9.999999747378752e-05, 0.07321751117706299], "k_pid_yaw": [0.5, 1e-06, 0.1], "k_pid_hsp": [10.0, 0.0, 0.0], "k_pid_vsp": [400.0, 400.0, 363.04852294921875]}, "datetime": {"datetime": "2025-08-12 05:36:36", "elapsed": 47475.97438287735, "delta": 32.417821645736694}, "costs": {"total_cost": 1524.1755470720059, "time_cost": 150, "final_distance_cost": 0.9947676195003108, "oscillation_cost": 152.27814032807402, "completition_cost": 1000.0, "overshoot_cost": 142.72101912617254, "power_cost": 29.74856970214844, "noise_cost": 48.43305029611064, "n_waypoints_completed": 0, "tot_waypoints": 9}}
{"target": -1226.426004781878, "params": {"k_pid_pos": [1.9595733880996704, 1.0, 1.0], "k_pid_alt": [2.0, 1.0, 0.8909438848495483], "k_pid_att": [5.742537975311279, 9.999999747378752e-05, 0.0], "k_pid_yaw": [0.5, 1e-06, 0.1], "k_pid_hsp": [9.692399978637695, 0.0, 0.0], "k_pid_vsp": [400.0, 395.1382751464844, 400.0]}, "datetime": {"datetime": "2025-08-12 05:37:09", "elapsed": 47508.68826842308, "delta": 32.71388554573059}, "costs": {"total_cost": 1226.426004781878, "time_cost": 150, "final_distance_cost": 56.05477089089292, "oscillation_cost": 446.36281980139785, "completition_cost": 444.4444444444444, "overshoot_cost": 65.8128631390439, "power_cost": 33.579719873046876, "noise_cost": 30.17138663305222, "n_waypoints_completed": 5, "tot_waypoints": 9}}
{"target": -3832.8859274555716, "params": {"k_pid_pos": [2.0, 0.995317816734314, 0.9866453409194946], "k_pid_alt": [1.9687546491622925, 1.0, 0.9193880558013916], "k_pid_att": [0.0, 0.5203658938407898, 0.08002030849456787], "k_pid_yaw": [0.5, 1e-06, 0.1], "k_pid_hsp": [10.0, 0.0, 0.0], "k_pid_vsp": [400.0, 394.7621765136719, 400.0]}, "datetime": {"datetime": "2025-08-12 05:37:43", "elapsed": 47543.20186638832, "delta": 34.51359796524048}, "costs": {"total_cost": 3832.8859274555716, "time_cost": 150, "final_distance_cost": 207.73027033301005, "oscillation_cost": 1636.413414053327, "completition_cost": 1000.0, "overshoot_cost": 609.4452591759659, "power_cost": 57.650236816406256, "noise_cost": 171.64674707686274, "n_waypoints_completed": 0, "tot_waypoints": 9}}
{"target": -1513.0126377512224, "params": {"k_pid_pos": [2.0, 0.9979896545410156, 0.948093593120575], "k_pid_alt": [1.9873058795928955, 1.0, 0.9829862713813782], "k_pid_att": [8.15553092956543, 9.999999747378752e-05, 0.0], "k_pid_yaw": [0.5, 1e-06, 0.1], "k_pid_hsp": [10.0, 0.10929715633392334, 0.0], "k_pid_vsp": [378.568359375, 397.7644958496094, 372.94097900390625]}, "datetime": {"datetime": "2025-08-12 05:38:14", "elapsed": 47573.608250141144, "delta": 30.406383752822876}, "costs": {"total_cost": 1513.0126377512224, "time_cost": 150, "final_distance_cost": 58.863234449532314, "oscillation_cost": 508.13768899728126, "completition_cost": 666.6666666666667, "overshoot_cost": 69.11116110124806, "power_cost": 31.83858338623047, "noise_cost": 28.39530315026361, "n_waypoints_completed": 3, "tot_waypoints": 9}}
{"target": -1159.0160057339808, "params": {"k_pid_pos": [1.9872785806655884, 0.9419131278991699, 0.992985188961029], "k_pid_alt": [1.9861276149749756, 1.0, 0.9947209358215332], "k_pid_att": [8.729940414428711, 9.999999747378752e-05, 0.0], "k_pid_yaw": [0.5, 1e-06, 0.1], "k_pid_hsp": [10.0, 0.020664334297180176, 0.002684265375137329], "k_pid_vsp": [400.0, 400.0, 398.3595886230469]}, "datetime": {"datetime": "2025-08-12 05:38:45", "elapsed": 47605.20731830597, "delta": 31.59906816482544}, "costs": {"total_cost": 1159.0160057339808, "time_cost": 150, "final_distance_cost": 65.66933663276671, "oscillation_cost": 477.48870132678405, "completition_cost": 333.33333333333337, "overshoot_cost": 71.02012265106657, "power_cost": 32.802643115234375, "noise_cost": 28.701868674795552, "n_waypoints_completed": 6, "tot_waypoints": 9}}
{"target": -8079.22843220389, "params": {"k_pid_pos": [2.0, 1.0, 0.9527418613433838], "k_pid_alt": [1.9373466968536377, 0.9700758457183838, 0.9488908648490906], "k_pid_att": [0.0, 9.999999747378752e-05, 0.0], "k_pid_yaw": [0.5, 1e-06, 0.1], "k_pid_hsp": [10.0, 0.03441798686981201, 0.0], "k_pid_vsp": [400.0, 400.0, 395.9625549316406]}, "datetime": {"datetime": "2025-08-12 05:39:17", "elapsed": 47637.15303993225, "delta": 31.94572162628174}, "costs": {"total_cost": 8079.22843220389, "time_cost": 150, "final_distance_cost": 981.4619853397023, "oscillation_cost": 14.883393495530493, "completition_cost": 1000.0, "overshoot_cost": 5797.866514871361, "power_cost": 44.34782801513672, "noise_cost": 90.66871048215998, "n_waypoints_completed": 0, "tot_waypoints": 9}}
{"target": -4064.6273388738637, "params": {"k_pid_pos": [2.0, 0.9773052334785461, 0.9403146505355835], "k_pid_alt": [2.0, 0.9408186078071594, 1.0], "k_pid_att": [0.0, 0.2259605973958969, 0.0029826462268829346], "k_pid_yaw": [0.5, 1e-06, 0.1], "k_pid_hsp": [9.487530708312988, 0.011827409267425537, 0.048688918352127075], "k_pid_vsp": [388.4224853515625, 400.0, 400.0]}, "datetime": {"datetime": "2025-08-12 05:39:48", "elapsed": 47667.96584510803, "delta": 30.81280517578125}, "costs": {"total_cost": 4064.6273388738637, "time_cost": 150, "final_distance_cost": 440.6472365599662, "oscillation_cost": 1166.083910869682, "completition_cost": 1000.0, "overshoot_cost": 1079.9042351604535, "power_cost": 57.51875771484375, "noise_cost": 170.47319856891812, "n_waypoints_completed": 0, "tot_waypoints": 9}}
{"target": -8126.183402706015, "params": {"k_pid_pos": [1.9506709575653076, 0.92027747631073, 0.993047833442688], "k_pid_alt": [1.982243299484253, 1.0, 1.0], "k_pid_att": [0.0, 9.999999747378752e-05, 0.0], "k_pid_yaw": [0.5, 1e-06, 0.1], "k_pid_hsp": [9.23863697052002, 0.0, 0.042755305767059326], "k_pid_vsp": [400.0, 400.0, 400.0]}, "datetime": {"datetime": "2025-08-12 05:40:18", "elapsed": 47698.08045864105, "delta": 30.11461353302002}, "costs": {"total_cost": 8126.183402706015, "time_cost": 150, "final_distance_cost": 827.1363014173495, "oscillation_cost": 14.876918845746616, "completition_cost": 1000.0, "overshoot_cost": 5993.887305956146, "power_cost": 45.512825512695315, "noise_cost": 94.77005097407745, "n_waypoints_completed": 0, "tot_waypoints": 9}}
{"target": -13473.113920790038, "params": {"k_pid_pos": [2.0, 1.0, 0.9521975517272949], "k_pid_alt": [1.9252293109893799, 1.0, 0.9470463991165161], "k_pid_att": [0.0, 0.7941892743110657, 0.04500389099121094], "k_pid_yaw": [0.5, 1e-06, 0.1], "k_pid_hsp": [10.0, 0.0, 0.023812085390090942], "k_pid_vsp": [389.7802734375, 379.4244689941406, 396.453857421875]}, "datetime": {"datetime": "2025-08-12 05:40:48", "elapsed": 47727.752247810364, "delta": 29.671789169311523}, "costs": {"total_cost": 13473.113920790038, "time_cost": 150, "final_distance_cost": 4485.302697518512, "oscillation_cost": 2182.9178425743094, "completition_cost": 1000.0, "overshoot_cost": 5423.866361969702, "power_cost": 56.79789467773438, "noise_cost": 174.22912404977922, "n_waypoints_completed": 0, "tot_waypoints": 9}}
{"target": -1474.4664696490822, "params": {"k_pid_pos": [1.9843581914901733, 1.0, 0.9477418065071106], "k_pid_alt": [1.9731183052062988, 1.0, 1.0], "k_pid_att": [4.635125160217285, 0.02806234546005726, 0.0], "k_pid_yaw": [0.5, 1e-06, 0.1], "k_pid_hsp": [9.43448257446289, 0.06112542748451233, 0.0], "k_pid_vsp": [375.2071533203125, 400.0, 400.0]}, "datetime": {"datetime": "2025-08-12 05:41:19", "elapsed": 47759.10413765907, "delta": 31.351889848709106}, "costs": {"total_cost": 1474.4664696490822, "time_cost": 150, "final_distance_cost": 74.83221566371031, "oscillation_cost": 455.1691515273468, "completition_cost": 666.6666666666667, "overshoot_cost": 67.51878645721328, "power_cost": 32.42774362792969, "noise_cost": 27.851905706215337, "n_waypoints_completed": 3, "tot_waypoints": 9}}
{"target": -4731.129393497342, "params": {"k_pid_pos": [1.923734426498413, 0.9125750064849854, 0.8841415643692017], "k_pid_alt": [2.0, 0.9786227941513062, 1.0], "k_pid_att": [0.0, 9.999999747378752e-05, 0.03189530968666077], "k_pid_yaw": [0.5, 1e-06, 0.1], "k_pid_hsp": [9.279233932495117, 0.0, 0.0], "k_pid_vsp": [379.9067687988281, 392.02545166015625, 400.0]}, "datetime": {"datetime": "2025-08-12 05:41:51", "elapsed": 47790.84747624397, "delta": 31.743338584899902}, "costs": {"total_cost": 4731.129393497342, "time_cost": 150, "final_distance_cost": 1082.038060852838, "oscillation_cost": 5.60125782871582, "completition_cost": 1000.0, "overshoot_cost": 2378.7014799932986, "power_cost": 30.691427551269534, "noise_cost": 84.09716727121912, "n_waypoints_completed": 0, "tot_waypoints": 9}}
{"target": -8174.887615661021, "params": {"k_pid_pos": [1.9770333766937256, 0.9422125816345215, 0.9031221866607666], "k_pid_alt": [2.0, 1.0, 0.9680758118629456], "k_pid_att": [0.0, 9.999999747378752e-05, 0.0], "k_pid_yaw": [0.5, 1e-06, 0.1], "k_pid_hsp": [10.0, 0.0, 0.06435006856918335], "k_pid_vsp": [390.6654357910156, 400.0, 400.0]}, "datetime": {"datetime": "2025-08-12 05:42:22", "elapsed": 47821.87380003929, "delta": 31.026323795318604}, "costs": {"total_cost": 8174.887615661021, "time_cost": 150, "final_distance_cost": 716.9799043443073, "oscillation_cost": 14.632033625376039, "completition_cost": 1000.0, "overshoot_cost": 6152.515823731129, "power_cost": 44.66428077392578, "noise_cost": 96.09557318628296, "n_waypoints_completed": 0, "tot_waypoints": 9}}
{"target": -1711.9544440620612, "params": {"k_pid_pos": [2.0, 0.9321999549865723, 1.0], "k_pid_alt": [2.0, 0.9659749269485474, 0.9929260015487671], "k_pid_att": [0.05575716495513916, 0.04807589575648308, 0.027932077646255493], "k_pid_yaw": [0.5, 1e-06, 0.1], "k_pid_hsp": [10.0, 0.0, 0.0], "k_pid_vsp": [387.8994140625, 400.0, 397.7317199707031]}, "datetime": {"datetime": "2025-08-12 05:42:53", "elapsed": 47852.65515637398, "delta": 30.78135633468628}, "costs": {"total_cost": 1711.9544440620612, "time_cost": 150, "final_distance_cost": 34.543890373676206, "oscillation_cost": 124.19557914344502, "completition_cost": 1000.0, "overshoot_cost": 188.5521767693777, "power_cost": 58.195723291015625, "noise_cost": 156.46707448454663, "n_waypoints_completed": 0, "tot_waypoints": 9}}
{"target": -22617.928957545013, "params": {"k_pid_pos": [1.9759198427200317, 0.9995906949043274, 1.0], "k_pid_alt": [2.0, 0.9817370176315308, 0.9496992826461792], "k_pid_att": [0.0, 1.1219161748886108, 0.004651755094528198], "k_pid_yaw": [0.5, 1e-06, 0.1], "k_pid_hsp": [9.600884437561035, 0.0, 0.0], "k_pid_vsp": [388.82769775390625, 400.0, 396.7820739746094]}, "datetime": {"datetime": "2025-08-12 05:43:25", "elapsed": 47884.51721262932, "delta": 31.862056255340576}, "costs": {"total_cost": 22617.928957545013, "time_cost": 150, "final_distance_cost": 7155.107820534832, "oscillation_cost": 2339.9223739845715, "completition_cost": 1000.0, "overshoot_cost": 11740.166954886805, "power_cost": 57.52949689941406, "noise_cost": 175.20231123939055, "n_waypoints_completed": 0, "tot_waypoints": 9}}
