{"target": -9949.731235906547, "params": {"k_pid_pos": [2.0, 0.9507817029953003, 1.0], "k_pid_alt": [1.810529112815857, 0.9776849746704102, 0.9010874629020691], "k_pid_att": [0.0, 0.42408445477485657, 0.05034971237182617], "k_pid_yaw": [0.5, 1e-06, 0.1], "k_pid_hsp": [9.574597358703613, 0.030604898929595947, 0.0], "k_pid_vsp": [400.0, 397.768310546875, 390.98291015625]}, "datetime": {"datetime": "2025-08-12 13:08:29", "elapsed": 74588.96219348907, "delta": 30.58451533317566}, "costs": {"total_cost": 9949.731235906547, "time_cost": 150, "final_distance_cost": 2818.167819677129, "oscillation_cost": 1634.4275056370864, "completition_cost": 1000.0, "overshoot_cost": 4120.238226659916, "power_cost": 57.195319274902346, "noise_cost": 169.70236465751515, "n_waypoints_completed": 0, "tot_waypoints": 9}}
{"target": -8210.45274343351, "params": {"k_pid_pos": [1.8504140377044678, 1.0, 0.9724061489105225], "k_pid_alt": [1.956953525543213, 0.9820641279220581, 0.9780600070953369], "k_pid_att": [0.0, 9.999999747378752e-05, 0.0], "k_pid_yaw": [0.5, 1e-06, 0.1], "k_pid_hsp": [9.803646087646484, 0.043974339962005615, 0.023182421922683716], "k_pid_vsp": [367.1449279785156, 400.0, 391.4366760253906]}, "datetime": {"datetime": "2025-08-12 13:09:00", "elapsed": 74619.77253508568, "delta": 30.810341596603394}, "costs": {"total_cost": 8210.45274343351, "time_cost": 150, "final_distance_cost": 778.0451925784374, "oscillation_cost": 14.611324236940852, "completition_cost": 1000.0, "overshoot_cost": 6124.4872445945, "power_cost": 44.45051510009766, "noise_cost": 98.85846692353411, "n_waypoints_completed": 0, "tot_waypoints": 9}}
{"target": -1499.286099472371, "params": {"k_pid_pos": [2.0, 0.9751011729240417, 1.0], "k_pid_alt": [1.9769002199172974, 0.9617574214935303, 0.9846291542053223], "k_pid_att": [6.604543209075928, 0.5552780628204346, 0.0], "k_pid_yaw": [0.5, 1e-06, 0.1], "k_pid_hsp": [10.0, 0.0, 0.0], "k_pid_vsp": [400.0, 385.8338928222656, 400.0]}, "datetime": {"datetime": "2025-08-12 13:09:31", "elapsed": 74650.66487669945, "delta": 30.89234161376953}, "costs": {"total_cost": 1499.286099472371, "time_cost": 150, "final_distance_cost": 52.282456785347456, "oscillation_cost": 494.45559368823484, "completition_cost": 666.6666666666667, "overshoot_cost": 75.22063128734098, "power_cost": 31.472360778808596, "noise_cost": 29.18839026597246, "n_waypoints_completed": 3, "tot_waypoints": 9}}
{"target": -4193.822172293306, "params": {"k_pid_pos": [1.8542026281356812, 0.9752619862556458, 0.9360929727554321], "k_pid_alt": [2.0, 0.9502556920051575, 0.9792912602424622], "k_pid_att": [0.0, 0.49756163358688354, 0.0025574862957000732], "k_pid_yaw": [0.5, 1e-06, 0.1], "k_pid_hsp": [10.0, 0.0, 0.016697227954864502], "k_pid_vsp": [400.0, 400.0, 400.0]}, "datetime": {"datetime": "2025-08-12 13:09:59", "elapsed": 74678.91613197327, "delta": 28.25125527381897}, "costs": {"total_cost": 4193.822172293306, "time_cost": 150, "final_distance_cost": 225.58857397960813, "oscillation_cost": 1890.1490092664424, "completition_cost": 1000.0, "overshoot_cost": 697.2536544698896, "power_cost": 57.32640395507813, "noise_cost": 173.50453062228817, "n_waypoints_completed": 0, "tot_waypoints": 9}}
{"target": -1407.754044009225, "params": {"k_pid_pos": [2.0, 0.9753437042236328, 1.0], "k_pid_alt": [2.0, 0.9817330241203308, 1.0], "k_pid_att": [4.038479804992676, 1.1234440803527832, 0.026314198970794678], "k_pid_yaw": [0.5, 1e-06, 0.1], "k_pid_hsp": [9.013823509216309, 0.06013128161430359, 0.022183269262313843], "k_pid_vsp": [400.0, 400.0, 400.0]}, "datetime": {"datetime": "2025-08-12 13:10:28", "elapsed": 74708.2190592289, "delta": 29.302927255630493}, "costs": {"total_cost": 1407.754044009225, "time_cost": 150, "final_distance_cost": 52.48017529652629, "oscillation_cost": 406.2810374851158, "completition_cost": 666.6666666666667, "overshoot_cost": 71.03481276872714, "power_cost": 32.235658837890625, "noise_cost": 29.055692954298422, "n_waypoints_completed": 3, "tot_waypoints": 9}}
{"target": -4866.703309439757, "params": {"k_pid_pos": [2.0, 0.9701849222183228, 1.0], "k_pid_alt": [1.8887768983840942, 1.0, 0.9397890567779541], "k_pid_att": [0.0, 0.6503575444221497, 0.0], "k_pid_yaw": [0.5, 1e-06, 0.1], "k_pid_hsp": [10.0, 0.0, 0.07633763551712036], "k_pid_vsp": [386.93658447265625, 400.0, 360.5659484863281]}, "datetime": {"datetime": "2025-08-12 13:10:59", "elapsed": 74738.74273753166, "delta": 30.523678302764893}, "costs": {"total_cost": 4866.703309439757, "time_cost": 150, "final_distance_cost": 538.0221248835418, "oscillation_cost": 1852.06944709985, "completition_cost": 1000.0, "overshoot_cost": 1094.9967477675611, "power_cost": 57.77780031738281, "noise_cost": 173.8371893714211, "n_waypoints_completed": 0, "tot_waypoints": 9}}
{"target": -1684.964700797372, "params": {"k_pid_pos": [1.908050775527954, 1.0, 0.984593391418457], "k_pid_alt": [2.0, 1.0, 1.0], "k_pid_att": [2.286109447479248, 0.469841867685318, 0.05909770727157593], "k_pid_yaw": [0.5, 1e-06, 0.1], "k_pid_hsp": [10.0, 0.02549457550048828, 0.09693953394889832], "k_pid_vsp": [400.0, 400.0, 400.0]}, "datetime": {"datetime": "2025-08-12 13:11:29", "elapsed": 74769.10671973228, "delta": 30.36398220062256}, "costs": {"total_cost": 1684.964700797372, "time_cost": 150, "final_distance_cost": 0.9989094041879472, "oscillation_cost": 260.41579642350365, "completition_cost": 1000.0, "overshoot_cost": 154.49159726890045, "power_cost": 29.659526611328126, "noise_cost": 89.39887108945167, "n_waypoints_completed": 0, "tot_waypoints": 9}}
{"target": -1055.673687303155, "params": {"k_pid_pos": [1.975064992904663, 1.0, 1.0], "k_pid_alt": [1.8004307746887207, 1.0, 1.0], "k_pid_att": [0.9115278720855713, 9.999999747378752e-05, 0.004130363464355469], "k_pid_yaw": [0.5, 1e-06, 0.1], "k_pid_hsp": [10.0, 0.0, 0.0], "k_pid_vsp": [388.54205322265625, 398.1288146972656, 370.5174560546875]}, "datetime": {"datetime": "2025-08-12 13:12:03", "elapsed": 74803.12900233269, "delta": 34.02228260040283}, "costs": {"total_cost": 1055.673687303155, "time_cost": 150, "final_distance_cost": 46.47876076991215, "oscillation_cost": 179.07074073117866, "completition_cost": 555.5555555555555, "overshoot_cost": 61.00922201526555, "power_cost": 33.50240032958985, "noise_cost": 30.057007901653073, "n_waypoints_completed": 4, "tot_waypoints": 9}}
{"target": -3699.6165988509647, "params": {"k_pid_pos": [1.9269887208938599, 1.0, 1.0], "k_pid_alt": [2.0, 0.9219574928283691, 1.0], "k_pid_att": [0.0, 0.23336997628211975, 0.0], "k_pid_yaw": [0.5, 1e-06, 0.1], "k_pid_hsp": [9.827255249023438, 0.0, 0.032511621713638306], "k_pid_vsp": [394.0130615234375, 392.9986267089844, 400.0]}, "datetime": {"datetime": "2025-08-12 13:12:33", "elapsed": 74833.2805018425, "delta": 30.1514995098114}, "costs": {"total_cost": 3699.6165988509647, "time_cost": 150, "final_distance_cost": 268.34434435253985, "oscillation_cost": 1240.3487027067056, "completition_cost": 1000.0, "overshoot_cost": 812.222291653477, "power_cost": 57.539311938476565, "noise_cost": 171.1619481997657, "n_waypoints_completed": 0, "tot_waypoints": 9}}
{"target": -4518.000262752459, "params": {"k_pid_pos": [2.0, 1.0, 0.9086692333221436], "k_pid_alt": [1.9277777671813965, 1.0, 0.9908745288848877], "k_pid_att": [0.0, 9.999999747378752e-05, 0.045248448848724365], "k_pid_yaw": [0.5, 1e-06, 0.1], "k_pid_hsp": [10.0, 0.0, 0.0], "k_pid_vsp": [374.0975036621094, 353.2104187011719, 400.0]}, "datetime": {"datetime": "2025-08-12 13:13:05", "elapsed": 74864.84972667694, "delta": 31.56922483444214}, "costs": {"total_cost": 4518.000262752459, "time_cost": 150, "final_distance_cost": 846.2079269012889, "oscillation_cost": 4.416013412238246, "completition_cost": 1000.0, "overshoot_cost": 2392.606054371592, "power_cost": 30.02134559326172, "noise_cost": 94.74892247407729, "n_waypoints_completed": 0, "tot_waypoints": 9}}
{"target": -1070.6394390746166, "params": {"k_pid_pos": [2.0, 0.8968610763549805, 1.0], "k_pid_alt": [2.0, 1.0, 0.9119434356689453], "k_pid_att": [3.940880298614502, 0.527475118637085, 0.0], "k_pid_yaw": [0.5, 1e-06, 0.1], "k_pid_hsp": [9.438743591308594, 0.0, 0.07174688577651978], "k_pid_vsp": [400.0, 400.0, 395.78204345703125]}, "datetime": {"datetime": "2025-08-12 13:13:36", "elapsed": 74896.24750828743, "delta": 31.39778161048889}, "costs": {"total_cost": 1070.6394390746166, "time_cost": 150, "final_distance_cost": 64.21911171397895, "oscillation_cost": 392.5540004840224, "completition_cost": 333.33333333333337, "overshoot_cost": 68.78555272699332, "power_cost": 32.7487185546875, "noise_cost": 28.998722261600978, "n_waypoints_completed": 6, "tot_waypoints": 9}}
{"target": -1481.4755376810733, "params": {"k_pid_pos": [1.9765431880950928, 1.0, 1.0], "k_pid_alt": [2.0, 1.0, 1.0], "k_pid_att": [3.1057028770446777, 0.16765084862709045, 0.06684055924415588], "k_pid_yaw": [0.5, 1e-06, 0.1], "k_pid_hsp": [10.0, 0.10119986534118652, 0.016706526279449463], "k_pid_vsp": [396.8808288574219, 385.0061950683594, 354.3078918457031]}, "datetime": {"datetime": "2025-08-12 13:14:07", "elapsed": 74927.22648262978, "delta": 30.97897434234619}, "costs": {"total_cost": 1481.4755376810733, "time_cost": 150, "final_distance_cost": 9.769052782687892, "oscillation_cost": 143.09484774655496, "completition_cost": 1000.0, "overshoot_cost": 122.65437684035518, "power_cost": 29.928614453125, "noise_cost": 26.028645858350366, "n_waypoints_completed": 0, "tot_waypoints": 9}}
{"target": -1078.4712122849398, "params": {"k_pid_pos": [1.8256756067276, 0.9984785318374634, 0.9433477520942688], "k_pid_alt": [2.0, 1.0, 0.994991660118103], "k_pid_att": [7.8619537353515625, 0.2783665657043457, 0.044951289892196655], "k_pid_yaw": [0.5, 1e-06, 0.1], "k_pid_hsp": [9.344529151916504, 0.038513630628585815, 0.02331361174583435], "k_pid_vsp": [400.0, 391.483154296875, 375.92266845703125]}, "datetime": {"datetime": "2025-08-12 13:14:39", "elapsed": 74958.93570923805, "delta": 31.709226608276367}, "costs": {"total_cost": 1078.4712122849398, "time_cost": 150, "final_distance_cost": 65.79333088563679, "oscillation_cost": 403.6931295070389, "completition_cost": 333.33333333333337, "overshoot_cost": 64.53382213391299, "power_cost": 31.797151745605472, "noise_cost": 29.320444679412354, "n_waypoints_completed": 6, "tot_waypoints": 9}}
{"target": -2612.3424413700245, "params": {"k_pid_pos": [1.8361198902130127, 0.9669095873832703, 0.9021386504173279], "k_pid_alt": [1.9175024032592773, 1.0, 1.0], "k_pid_att": [0.0, 9.999999747378752e-05, 0.11367809772491455], "k_pid_yaw": [0.5, 1e-06, 0.1], "k_pid_hsp": [9.364261627197266, 0.15107494592666626, 0.0], "k_pid_vsp": [400.0, 400.0, 400.0]}, "datetime": {"datetime": "2025-08-12 13:15:13", "elapsed": 74993.06482362747, "delta": 34.129114389419556}, "costs": {"total_cost": 2612.3424413700245, "time_cost": 150, "final_distance_cost": 336.36273735043784, "oscillation_cost": 3.197054115759852, "completition_cost": 1000.0, "overshoot_cost": 979.8262734525675, "power_cost": 29.208289453125, "noise_cost": 113.74808699813471, "n_waypoints_completed": 0, "tot_waypoints": 9}}
{"target": -995.3027880129208, "params": {"k_pid_pos": [2.0, 0.902212381362915, 0.9531585574150085], "k_pid_alt": [2.0, 0.9861133098602295, 1.0], "k_pid_att": [0.11206269264221191, 0.025986336171627045, 0.0], "k_pid_yaw": [0.5, 1e-06, 0.1], "k_pid_hsp": [10.0, 0.03321024775505066, 0.0172404944896698], "k_pid_vsp": [400.0, 400.0, 400.0]}, "datetime": {"datetime": "2025-08-12 13:15:46", "elapsed": 75025.92881917953, "delta": 32.86399555206299}, "costs": {"total_cost": 995.3027880129208, "time_cost": 150, "final_distance_cost": 47.56504931616994, "oscillation_cost": 81.74588088693274, "completition_cost": 555.5555555555555, "overshoot_cost": 92.29960946607514, "power_cost": 37.019738024902345, "noise_cost": 31.11695476328508, "n_waypoints_completed": 4, "tot_waypoints": 9}}
{"target": -17039.623318277452, "params": {"k_pid_pos": [1.8390814065933228, 1.0, 0.9942997097969055], "k_pid_alt": [2.0, 0.9827618598937988, 1.0], "k_pid_att": [0.0, 9.999999747378752e-05, 0.0], "k_pid_yaw": [0.5, 1e-06, 0.1], "k_pid_hsp": [9.916251182556152, 0.0, 0.11221390962600708], "k_pid_vsp": [360.6023864746094, 400.0, 400.0]}, "datetime": {"datetime": "2025-08-12 13:16:15", "elapsed": 75054.955016613, "delta": 29.02619743347168}, "costs": {"total_cost": 17039.623318277452, "time_cost": 150, "final_distance_cost": 3966.891545888363, "oscillation_cost": 14.640148827731975, "completition_cost": 1000.0, "overshoot_cost": 11748.741797095116, "power_cost": 48.47786563720703, "noise_cost": 110.87196082903439, "n_waypoints_completed": 0, "tot_waypoints": 9}}
{"target": -1214.7364076059912, "params": {"k_pid_pos": [1.9714276790618896, 0.9653596878051758, 0.9415217638015747], "k_pid_alt": [2.0, 1.0, 1.0], "k_pid_att": [5.218916893005371, 0.27405598759651184, 0.0], "k_pid_yaw": [0.5, 1e-06, 0.1], "k_pid_hsp": [10.0, 0.0, 0.0], "k_pid_vsp": [400.0, 400.0, 393.60540771484375]}, "datetime": {"datetime": "2025-08-12 13:16:49", "elapsed": 75088.91043186188, "delta": 33.95541524887085}, "costs": {"total_cost": 1214.7364076059912, "time_cost": 150, "final_distance_cost": 56.02206110565734, "oscillation_cost": 435.0096281341818, "completition_cost": 444.4444444444444, "overshoot_cost": 66.52606074281759, "power_cost": 32.912791027832036, "noise_cost": 29.821422151058034, "n_waypoints_completed": 5, "tot_waypoints": 9}}
{"target": -1780.6322335977522, "params": {"k_pid_pos": [1.9894503355026245, 1.0, 1.0], "k_pid_alt": [2.0, 1.0, 0.9631564617156982], "k_pid_att": [2.2104711532592773, 0.5485976338386536, 0.03102627396583557], "k_pid_yaw": [0.5, 1e-06, 0.1], "k_pid_hsp": [10.0, 0.0, 0.0], "k_pid_vsp": [349.8846435546875, 400.0, 367.8309326171875]}, "datetime": {"datetime": "2025-08-12 13:17:17", "elapsed": 75116.52906894684, "delta": 27.618637084960938}, "costs": {"total_cost": 1780.6322335977522, "time_cost": 150, "final_distance_cost": 0.9996969309479197, "oscillation_cost": 339.1838573016419, "completition_cost": 1000.0, "overshoot_cost": 159.24539869863136, "power_cost": 29.552857189941406, "noise_cost": 101.65042347658967, "n_waypoints_completed": 0, "tot_waypoints": 9}}
{"target": -16769.181066537953, "params": {"k_pid_pos": [1.9896695613861084, 1.0, 1.0], "k_pid_alt": [2.0, 0.9597533941268921, 1.0], "k_pid_att": [0.0, 9.999999747378752e-05, 0.0], "k_pid_yaw": [0.5, 1e-06, 0.1], "k_pid_hsp": [9.369263648986816, 0.062331318855285645, 0.11273732781410217], "k_pid_vsp": [379.7629089355469, 400.0, 394.0668640136719]}, "datetime": {"datetime": "2025-08-12 13:17:48", "elapsed": 75147.86259365082, "delta": 31.333524703979492}, "costs": {"total_cost": 16769.181066537953, "time_cost": 150, "final_distance_cost": 3878.4466095115727, "oscillation_cost": 14.577392964095873, "completition_cost": 1000.0, "overshoot_cost": 11573.031302323328, "power_cost": 47.32870297851563, "noise_cost": 105.79705876044129, "n_waypoints_completed": 0, "tot_waypoints": 9}}
{"target": -7627.518385477949, "params": {"k_pid_pos": [1.9693180322647095, 1.0, 0.9707955718040466], "k_pid_alt": [1.7988133430480957, 1.0, 0.9763641357421875], "k_pid_att": [0.0, 9.999999747378752e-05, 0.0006501674652099609], "k_pid_yaw": [0.5, 1e-06, 0.1], "k_pid_hsp": [9.9450101852417, 0.0, 0.0], "k_pid_vsp": [374.84368896484375, 389.3277282714844, 400.0]}, "datetime": {"datetime": "2025-08-12 13:18:17", "elapsed": 75176.43030500412, "delta": 28.567711353302002}, "costs": {"total_cost": 7627.518385477949, "time_cost": 150, "final_distance_cost": 1308.4825904772758, "oscillation_cost": 13.545398451501553, "completition_cost": 1000.0, "overshoot_cost": 5026.611460205953, "power_cost": 44.15457706298828, "noise_cost": 84.72435928022959, "n_waypoints_completed": 0, "tot_waypoints": 9}}
{"target": -1361.3951860623633, "params": {"k_pid_pos": [1.9313536882400513, 1.0, 1.0], "k_pid_alt": [1.8801968097686768, 0.9857721328735352, 1.0], "k_pid_att": [3.2094061374664307, 0.350675493478775, 0.019678860902786255], "k_pid_yaw": [0.5, 1e-06, 0.1], "k_pid_hsp": [9.708403587341309, 0.005521535873413086, 0.0], "k_pid_vsp": [400.0, 395.1746520996094, 360.3946228027344]}, "datetime": {"datetime": "2025-08-12 13:18:46", "elapsed": 75205.58981490135, "delta": 29.159509897232056}, "costs": {"total_cost": 1361.3951860623633, "time_cost": 150, "final_distance_cost": 51.762421539399845, "oscillation_cost": 369.419978185682, "completition_cost": 666.6666666666667, "overshoot_cost": 65.17173321535108, "power_cost": 31.114078723144534, "noise_cost": 27.260307732118818, "n_waypoints_completed": 3, "tot_waypoints": 9}}
{"target": -1682.7270476836097, "params": {"k_pid_pos": [1.9465571641921997, 0.9459789991378784, 1.0], "k_pid_alt": [2.0, 1.0, 0.8893351554870605], "k_pid_att": [3.9481043815612793, 0.39030981063842773, 0.07928645610809326], "k_pid_yaw": [0.5, 1e-06, 0.1], "k_pid_hsp": [8.849764823913574, 0.015772074460983276, 0.0], "k_pid_vsp": [386.2915344238281, 400.0, 400.0]}, "datetime": {"datetime": "2025-08-12 13:19:16", "elapsed": 75236.06641864777, "delta": 30.476603746414185}, "costs": {"total_cost": 1682.7270476836097, "time_cost": 150, "final_distance_cost": 0.9983978575589951, "oscillation_cost": 238.57364420882487, "completition_cost": 1000.0, "overshoot_cost": 158.92984587113946, "power_cost": 29.702028979492187, "noise_cost": 104.52313076659429, "n_waypoints_completed": 0, "tot_waypoints": 9}}
{"target": -1268.037938403674, "params": {"k_pid_pos": [2.0, 0.9548524618148804, 0.8648557662963867], "k_pid_alt": [2.0, 1.0, 0.9993739128112793], "k_pid_att": [5.239126205444336, 9.999999747378752e-05, 0.03950315713882446], "k_pid_yaw": [0.5, 1e-06, 0.1], "k_pid_hsp": [10.0, 0.0, 0.0066183507442474365], "k_pid_vsp": [400.0, 400.0, 375.49322509765625]}, "datetime": {"datetime": "2025-08-12 13:19:45", "elapsed": 75264.43003582954, "delta": 28.363617181777954}, "costs": {"total_cost": 1268.037938403674, "time_cost": 150, "final_distance_cost": 45.68292055561909, "oscillation_cost": 384.4268719013684, "completition_cost": 555.5555555555555, "overshoot_cost": 70.8473627107047, "power_cost": 32.008294018554686, "noise_cost": 29.516933661871995, "n_waypoints_completed": 4, "tot_waypoints": 9}}
{"target": -4577.4489314516595, "params": {"k_pid_pos": [2.0, 0.9719430208206177, 1.0], "k_pid_alt": [1.9752285480499268, 0.9826444983482361, 0.8570312857627869], "k_pid_att": [0.0, 0.6593267321586609, 0.01399683952331543], "k_pid_yaw": [0.5, 1e-06, 0.1], "k_pid_hsp": [9.678889274597168, 0.0, 0.041511356830596924], "k_pid_vsp": [346.43658447265625, 373.8857727050781, 400.0]}, "datetime": {"datetime": "2025-08-12 13:20:14", "elapsed": 75293.44673609734, "delta": 29.016700267791748}, "costs": {"total_cost": 4577.4489314516595, "time_cost": 150, "final_distance_cost": 288.1510709479081, "oscillation_cost": 1946.7486449745625, "completition_cost": 1000.0, "overshoot_cost": 962.2674938253007, "power_cost": 56.740934765625006, "noise_cost": 173.5407869382636, "n_waypoints_completed": 0, "tot_waypoints": 9}}
{"target": -822.4235124599942, "params": {"k_pid_pos": [1.7575923204421997, 0.9691551923751831, 0.9552426338195801], "k_pid_alt": [2.0, 1.0, 0.971337080001831], "k_pid_att": [0.2350151538848877, 0.15400809049606323, 0.0], "k_pid_yaw": [0.5, 1e-06, 0.1], "k_pid_hsp": [9.836419105529785, 0.011024564504623413, 0.05779382586479187], "k_pid_vsp": [390.7849426269531, 400.0, 365.0522155761719]}, "datetime": {"datetime": "2025-08-12 13:20:45", "elapsed": 75325.10386753082, "delta": 31.65713143348694}, "costs": {"total_cost": 822.4235124599942, "time_cost": 150, "final_distance_cost": 62.91241456469596, "oscillation_cost": 140.4480699947645, "completition_cost": 333.33333333333337, "overshoot_cost": 66.28796860125752, "power_cost": 38.340430981445316, "noise_cost": 31.101294984497475, "n_waypoints_completed": 6, "tot_waypoints": 9}}
{"target": -1352.232810615415, "params": {"k_pid_pos": [2.0, 0.9915851950645447, 1.0], "k_pid_alt": [2.0, 1.0, 0.9899382591247559], "k_pid_att": [7.163110256195068, 9.999999747378752e-05, 0.0], "k_pid_yaw": [0.5, 1e-06, 0.1], "k_pid_hsp": [10.0, 0.0, 0.0], "k_pid_vsp": [400.0, 400.0, 389.06903076171875]}, "datetime": {"datetime": "2025-08-12 13:21:16", "elapsed": 75355.56355047226, "delta": 30.459682941436768}, "costs": {"total_cost": 1352.232810615415, "time_cost": 150, "final_distance_cost": 43.315275430820066, "oscillation_cost": 474.29693119071334, "completition_cost": 555.5555555555555, "overshoot_cost": 65.96522763456254, "power_cost": 33.10346241455078, "noise_cost": 29.996358389212702, "n_waypoints_completed": 4, "tot_waypoints": 9}}
{"target": -5451.658298135993, "params": {"k_pid_pos": [2.0, 1.0, 1.0], "k_pid_alt": [1.993835210800171, 0.9584043025970459, 0.9697203636169434], "k_pid_att": [0.0, 0.42779091000556946, 0.0], "k_pid_yaw": [0.5, 1e-06, 0.1], "k_pid_hsp": [10.0, 0.10383009910583496, 0.035590410232543945], "k_pid_vsp": [400.0, 400.0, 397.5415344238281]}, "datetime": {"datetime": "2025-08-12 13:21:45", "elapsed": 75385.29406571388, "delta": 29.730515241622925}, "costs": {"total_cost": 5451.658298135993, "time_cost": 150, "final_distance_cost": 915.3462670331851, "oscillation_cost": 1745.4833727829557, "completition_cost": 1000.0, "overshoot_cost": 1409.419843731011, "power_cost": 57.590913049316406, "noise_cost": 173.8179015395256, "n_waypoints_completed": 0, "tot_waypoints": 9}}
