{"target": -998.0990114429964, "params": {"k_pid_pos": [2.0, 1.0, 0.9979673624038696], "k_pid_alt": [2.0, 1.0, 1.0], "k_pid_att": [0.2771317958831787, 9.999999747378752e-05, 0.0], "k_pid_yaw": [0.5, 1e-06, 0.1], "k_pid_hsp": [10.0, 0.008516579866409302, 0.0], "k_pid_vsp": [400.0, 386.140380859375, 400.0]}, "datetime": {"datetime": "2025-08-12 12:54:17", "elapsed": 73736.4403860569, "delta": 27.2801833152771}, "costs": {"total_cost": 998.0990114429964, "time_cost": 150, "final_distance_cost": 48.0588837035504, "oscillation_cost": 96.60408149440279, "completition_cost": 555.5555555555555, "overshoot_cost": 84.15208231432358, "power_cost": 33.57294516601563, "noise_cost": 30.155463209148373, "n_waypoints_completed": 4, "tot_waypoints": 9}}
{"target": -1826.3438463218763, "params": {"k_pid_pos": [2.0, 0.9122193455696106, 1.0], "k_pid_alt": [2.0, 0.9516552686691284, 1.0], "k_pid_att": [3.3057541847229004, 0.1314518302679062, 0.03965374827384949], "k_pid_yaw": [0.5, 1e-06, 0.1], "k_pid_hsp": [9.48537540435791, 0.020882487297058105, 0.0], "k_pid_vsp": [400.0, 400.0, 400.0]}, "datetime": {"datetime": "2025-08-12 12:54:44", "elapsed": 73763.9489710331, "delta": 27.50858497619629}, "costs": {"total_cost": 1826.3438463218763, "time_cost": 150, "final_distance_cost": 1.0001256485126488, "oscillation_cost": 383.14660334146157, "completition_cost": 1000.0, "overshoot_cost": 159.49137540911892, "power_cost": 29.56130494384766, "noise_cost": 103.14443697893537, "n_waypoints_completed": 0, "tot_waypoints": 9}}
{"target": -8142.282097897245, "params": {"k_pid_pos": [2.0, 1.0, 1.0], "k_pid_alt": [1.991150140762329, 1.0, 0.9990535378456116], "k_pid_att": [0.0, 9.999999747378752e-05, 0.0], "k_pid_yaw": [0.5, 1e-06, 0.1], "k_pid_hsp": [8.780402183532715, 0.030867427587509155, 0.0], "k_pid_vsp": [375.95025634765625, 400.0, 400.0]}, "datetime": {"datetime": "2025-08-12 12:55:13", "elapsed": 73793.30684161186, "delta": 29.35787057876587}, "costs": {"total_cost": 8142.282097897245, "time_cost": 150, "final_distance_cost": 719.211918930792, "oscillation_cost": 14.729155765249864, "completition_cost": 1000.0, "overshoot_cost": 6114.8374200874405, "power_cost": 44.172741015625, "noise_cost": 99.33086209813682, "n_waypoints_completed": 0, "tot_waypoints": 9}}
{"target": -4137.351916665682, "params": {"k_pid_pos": [1.9208474159240723, 0.9872626066207886, 1.0], "k_pid_alt": [1.9567872285842896, 1.0, 0.9630937576293945], "k_pid_att": [0.0, 9.999999747378752e-05, 0.045602500438690186], "k_pid_yaw": [0.5, 1e-06, 0.1], "k_pid_hsp": [9.227255821228027, 0.046630650758743286, 0.0], "k_pid_vsp": [399.2097473144531, 400.0, 393.8447570800781]}, "datetime": {"datetime": "2025-08-12 12:55:41", "elapsed": 73821.15386986732, "delta": 27.847028255462646}, "costs": {"total_cost": 4137.351916665682, "time_cost": 150, "final_distance_cost": 767.1166272665315, "oscillation_cost": 4.390897041624602, "completition_cost": 1000.0, "overshoot_cost": 2098.288729763411, "power_cost": 30.056458740234376, "noise_cost": 87.49920385388032, "n_waypoints_completed": 0, "tot_waypoints": 9}}
{"target": -4315.637621649125, "params": {"k_pid_pos": [1.8679739236831665, 0.9928677082061768, 0.9030566215515137], "k_pid_alt": [1.9917612075805664, 1.0, 0.850610613822937], "k_pid_att": [0.0, 9.999999747378752e-05, 0.03870105743408203], "k_pid_yaw": [0.5, 1e-06, 0.1], "k_pid_hsp": [10.0, 0.0, 0.02514439821243286], "k_pid_vsp": [392.820556640625, 400.0, 400.0]}, "datetime": {"datetime": "2025-08-12 12:56:14", "elapsed": 73853.58745384216, "delta": 32.43358397483826}, "costs": {"total_cost": 4315.637621649125, "time_cost": 150, "final_distance_cost": 916.7720020928106, "oscillation_cost": 5.105644538844197, "completition_cost": 1000.0, "overshoot_cost": 2128.5454804857013, "power_cost": 30.545862976074222, "noise_cost": 84.6686315556957, "n_waypoints_completed": 0, "tot_waypoints": 9}}
{"target": -1138.2603994394046, "params": {"k_pid_pos": [2.0, 0.9834259152412415, 1.0], "k_pid_alt": [1.8227473497390747, 0.9808274507522583, 1.0], "k_pid_att": [7.210308074951172, 0.06148025020956993, 0.0], "k_pid_yaw": [0.5, 1e-06, 0.1], "k_pid_hsp": [9.465978622436523, 0.0, 0.06770661473274231], "k_pid_vsp": [383.91021728515625, 400.0, 400.0]}, "datetime": {"datetime": "2025-08-12 12:56:42", "elapsed": 73881.85388422012, "delta": 28.266430377960205}, "costs": {"total_cost": 1138.2603994394046, "time_cost": 150, "final_distance_cost": 66.91032220313618, "oscillation_cost": 458.3029017500516, "completition_cost": 333.33333333333337, "overshoot_cost": 66.55400829911216, "power_cost": 33.257032910156255, "noise_cost": 29.902800943615063, "n_waypoints_completed": 6, "tot_waypoints": 9}}
{"target": -1727.335072888505, "params": {"k_pid_pos": [2.0, 1.0, 1.0], "k_pid_alt": [2.0, 1.0, 1.0], "k_pid_att": [6.978785991668701, 0.11384151130914688, 0.07466799020767212], "k_pid_yaw": [0.5, 1e-06, 0.1], "k_pid_hsp": [10.0, 0.03145280480384827, 0.0], "k_pid_vsp": [371.08367919921875, 400.0, 387.6272277832031]}, "datetime": {"datetime": "2025-08-12 12:57:12", "elapsed": 73911.75888037682, "delta": 29.904996156692505}, "costs": {"total_cost": 1727.335072888505, "time_cost": 150, "final_distance_cost": 12.811321830818827, "oscillation_cost": 393.8524134221161, "completition_cost": 1000.0, "overshoot_cost": 113.26599313709987, "power_cost": 30.331980786132814, "noise_cost": 27.073363712337322, "n_waypoints_completed": 0, "tot_waypoints": 9}}
{"target": -1276.3845039643443, "params": {"k_pid_pos": [2.0, 1.0, 0.9906331300735474], "k_pid_alt": [1.8605021238327026, 0.9777897596359253, 0.9538208246231079], "k_pid_att": [3.4473299980163574, 9.999999747378752e-05, 0.0], "k_pid_yaw": [0.5, 1e-06, 0.1], "k_pid_hsp": [10.0, 0.05678299069404602, 0.0041696131229400635], "k_pid_vsp": [400.0, 400.0, 389.0438232421875]}, "datetime": {"datetime": "2025-08-12 12:57:39", "elapsed": 73938.82773375511, "delta": 27.0688533782959}, "costs": {"total_cost": 1276.3845039643443, "time_cost": 150, "final_distance_cost": 44.06880205029195, "oscillation_cost": 397.33775408226506, "completition_cost": 555.5555555555555, "overshoot_cost": 70.06858024993397, "power_cost": 31.972160168457034, "noise_cost": 27.381651857840538, "n_waypoints_completed": 4, "tot_waypoints": 9}}
{"target": -1885.7564037083514, "params": {"k_pid_pos": [2.0, 1.0, 0.9907301664352417], "k_pid_alt": [1.9551975727081299, 0.9416850805282593, 0.9804211854934692], "k_pid_att": [6.523900985717773, 0.09294820576906204, 0.05348318815231323], "k_pid_yaw": [0.5, 1e-06, 0.1], "k_pid_hsp": [10.0, 0.0025687217712402344, 0.0], "k_pid_vsp": [399.982177734375, 374.92889404296875, 400.0]}, "datetime": {"datetime": "2025-08-12 12:58:10", "elapsed": 73969.53208947182, "delta": 30.704355716705322}, "costs": {"total_cost": 1885.7564037083514, "time_cost": 150, "final_distance_cost": 0.9972025388787772, "oscillation_cost": 446.9344989569552, "completition_cost": 1000.0, "overshoot_cost": 157.2881794482066, "power_cost": 30.178124975585938, "noise_cost": 100.35839778872486, "n_waypoints_completed": 0, "tot_waypoints": 9}}
{"target": -7288.745294462438, "params": {"k_pid_pos": [1.9464417695999146, 1.0, 1.0], "k_pid_alt": [2.0, 0.9378427267074585, 0.9552463293075562], "k_pid_att": [0.0, 1.2233455181121826, 0.0], "k_pid_yaw": [0.5, 1e-06, 0.1], "k_pid_hsp": [9.998446464538574, 0.0, 0.12013322114944458], "k_pid_vsp": [373.3122863769531, 400.0, 388.8230285644531]}, "datetime": {"datetime": "2025-08-12 12:58:37", "elapsed": 73996.60981106758, "delta": 27.07772159576416}, "costs": {"total_cost": 7288.745294462438, "time_cost": 150, "final_distance_cost": 1287.233099181104, "oscillation_cost": 2311.0356600132773, "completition_cost": 1000.0, "overshoot_cost": 2316.941473416108, "power_cost": 54.83900172119141, "noise_cost": 168.6960601307579, "n_waypoints_completed": 0, "tot_waypoints": 9}}
{"target": -4181.861901572229, "params": {"k_pid_pos": [1.9940447807312012, 0.9717891216278076, 0.9342086911201477], "k_pid_alt": [1.9686005115509033, 1.0, 1.0], "k_pid_att": [0.0, 0.21283012628555298, 0.0], "k_pid_yaw": [0.5, 1e-06, 0.1], "k_pid_hsp": [10.0, 0.06006091833114624, 0.0], "k_pid_vsp": [372.5417785644531, 400.0, 400.0]}, "datetime": {"datetime": "2025-08-12 12:59:05", "elapsed": 74024.93461894989, "delta": 28.32480788230896}, "costs": {"total_cost": 4181.861901572229, "time_cost": 150, "final_distance_cost": 470.1558048746618, "oscillation_cost": 1117.421741401914, "completition_cost": 1000.0, "overshoot_cost": 1215.7066897370512, "power_cost": 57.464718872070314, "noise_cost": 171.11294668653048, "n_waypoints_completed": 0, "tot_waypoints": 9}}
{"target": -8087.991581224556, "params": {"k_pid_pos": [2.0, 1.0, 0.9447342157363892], "k_pid_alt": [1.86760675907135, 0.9585980772972107, 1.0], "k_pid_att": [0.0, 9.999999747378752e-05, 0.0], "k_pid_yaw": [0.5, 1e-06, 0.1], "k_pid_hsp": [9.970744132995605, 0.0, 0.04541057348251343], "k_pid_vsp": [400.0, 391.4127197265625, 392.6029357910156]}, "datetime": {"datetime": "2025-08-12 12:59:34", "elapsed": 74053.3859000206, "delta": 28.45128107070923}, "costs": {"total_cost": 8087.991581224556, "time_cost": 150, "final_distance_cost": 960.4322451046289, "oscillation_cost": 14.807593685617483, "completition_cost": 1000.0, "overshoot_cost": 5826.426027456929, "power_cost": 44.797804614257814, "noise_cost": 91.52791036312308, "n_waypoints_completed": 0, "tot_waypoints": 9}}
{"target": -1105.7848918258533, "params": {"k_pid_pos": [1.9755001068115234, 1.0, 1.0], "k_pid_alt": [2.0, 1.0, 0.9313772320747375], "k_pid_att": [6.917163848876953, 0.053912919014692307, 0.019495755434036255], "k_pid_yaw": [0.5, 1e-06, 0.1], "k_pid_hsp": [9.926236152648926, 0.07180753350257874, 0.12006619572639465], "k_pid_vsp": [400.0, 400.0, 399.95361328125]}, "datetime": {"datetime": "2025-08-12 13:00:00", "elapsed": 74079.64875125885, "delta": 26.262851238250732}, "costs": {"total_cost": 1105.7848918258533, "time_cost": 150, "final_distance_cost": 63.57769620981162, "oscillation_cost": 434.5253922047192, "completition_cost": 333.33333333333337, "overshoot_cost": 61.086535074446815, "power_cost": 33.24747770996094, "noise_cost": 30.014457293581344, "n_waypoints_completed": 6, "tot_waypoints": 9}}
{"target": -904.4960419744643, "params": {"k_pid_pos": [2.0, 0.982855498790741, 1.0], "k_pid_alt": [1.9215642213821411, 0.9644134044647217, 1.0], "k_pid_att": [0.41430890560150146, 0.07063304632902145, 0.0], "k_pid_yaw": [0.5, 1e-06, 0.1], "k_pid_hsp": [10.0, 0.04690489172935486, 0.0], "k_pid_vsp": [378.48211669921875, 388.4775085449219, 398.7369384765625]}, "datetime": {"datetime": "2025-08-12 13:00:43", "elapsed": 74122.86731147766, "delta": 43.218560218811035}, "costs": {"total_cost": 904.4960419744643, "time_cost": 150, "final_distance_cost": 48.12455484081717, "oscillation_cost": 130.84861721881873, "completition_cost": 444.4444444444444, "overshoot_cost": 65.28049519806777, "power_cost": 35.14275981445313, "noise_cost": 30.65517045786308, "n_waypoints_completed": 5, "tot_waypoints": 9}}
{"target": -8311.27625181324, "params": {"k_pid_pos": [1.879960298538208, 1.0, 0.9382418394088745], "k_pid_alt": [1.9807405471801758, 1.0, 1.0], "k_pid_att": [0.0, 9.999999747378752e-05, 0.0], "k_pid_yaw": [0.5, 1e-06, 0.1], "k_pid_hsp": [9.912945747375488, 0.0, 0.002651512622833252], "k_pid_vsp": [385.49658203125, 390.1856384277344, 400.0]}, "datetime": {"datetime": "2025-08-12 13:01:12", "elapsed": 74151.88905286789, "delta": 29.02174139022827}, "costs": {"total_cost": 8311.27625181324, "time_cost": 150, "final_distance_cost": 889.9015357315438, "oscillation_cost": 14.709792587168716, "completition_cost": 1000.0, "overshoot_cost": 6114.161319650069, "power_cost": 44.50407376708985, "noise_cost": 97.99953007736809, "n_waypoints_completed": 0, "tot_waypoints": 9}}
{"target": -8690.24731464747, "params": {"k_pid_pos": [1.9195384979248047, 0.9893166422843933, 0.9389521479606628], "k_pid_alt": [1.964749813079834, 1.0, 0.9280392527580261], "k_pid_att": [0.0, 9.999999747378752e-05, 0.010526001453399658], "k_pid_yaw": [0.5, 1e-06, 0.1], "k_pid_hsp": [9.378111839294434, 0.0, 0.000266343355178833], "k_pid_vsp": [400.0, 400.0, 400.0]}, "datetime": {"datetime": "2025-08-12 13:01:46", "elapsed": 74185.4147529602, "delta": 33.525700092315674}, "costs": {"total_cost": 8690.24731464747, "time_cost": 150, "final_distance_cost": 2347.8678505617654, "oscillation_cost": 9.576826373209395, "completition_cost": 1000.0, "overshoot_cost": 5078.674079351043, "power_cost": 40.38439509277344, "noise_cost": 63.74416326867809, "n_waypoints_completed": 0, "tot_waypoints": 9}}
{"target": -5089.589484130286, "params": {"k_pid_pos": [2.0, 0.98106449842453, 0.9897544384002686], "k_pid_alt": [2.0, 0.9762400388717651, 0.9622436761856079], "k_pid_att": [0.0, 9.999999747378752e-05, 0.03696984052658081], "k_pid_yaw": [0.5, 1e-06, 0.1], "k_pid_hsp": [10.0, 0.0, 0.0], "k_pid_vsp": [400.0, 400.0, 400.0]}, "datetime": {"datetime": "2025-08-12 13:02:13", "elapsed": 74212.56507349014, "delta": 27.150320529937744}, "costs": {"total_cost": 5089.589484130286, "time_cost": 150, "final_distance_cost": 1076.7292701499834, "oscillation_cost": 5.065922960839304, "completition_cost": 1000.0, "overshoot_cost": 2742.487331948552, "power_cost": 30.609717712402347, "noise_cost": 84.69724135850961, "n_waypoints_completed": 0, "tot_waypoints": 9}}
{"target": -8013.695909125988, "params": {"k_pid_pos": [2.0, 1.0, 0.8922318816184998], "k_pid_alt": [2.0, 0.9726053476333618, 1.0], "k_pid_att": [0.0, 9.999999747378752e-05, 0.0], "k_pid_yaw": [0.5, 1e-06, 0.1], "k_pid_hsp": [9.39472770690918, 0.0, 0.03769916296005249], "k_pid_vsp": [400.0, 400.0, 400.0]}, "datetime": {"datetime": "2025-08-12 13:02:43", "elapsed": 74242.95288515091, "delta": 30.3878116607666}, "costs": {"total_cost": 8013.695909125988, "time_cost": 150, "final_distance_cost": 896.1868299026959, "oscillation_cost": 14.762922263979755, "completition_cost": 1000.0, "overshoot_cost": 5815.63876613601, "power_cost": 44.374535327148436, "noise_cost": 92.73285549615302, "n_waypoints_completed": 0, "tot_waypoints": 9}}
{"target": -3241.0596935381, "params": {"k_pid_pos": [1.939035415649414, 1.0, 1.0], "k_pid_alt": [2.0, 0.9678089618682861, 1.0], "k_pid_att": [0.0, 9.999999747378752e-05, 0.059670984745025635], "k_pid_yaw": [0.5, 1e-06, 0.1], "k_pid_hsp": [9.695948600769043, 0.010260850191116333, 0.012268364429473877], "k_pid_vsp": [367.4252014160156, 383.1827087402344, 344.637451171875]}, "datetime": {"datetime": "2025-08-12 13:03:14", "elapsed": 74273.78788518906, "delta": 30.835000038146973}, "costs": {"total_cost": 3241.0596935381, "time_cost": 150, "final_distance_cost": 193.4244417743665, "oscillation_cost": 3.829560729134736, "completition_cost": 1000.0, "overshoot_cost": 1771.82292197983, "power_cost": 29.785623046875003, "noise_cost": 92.19714600789365, "n_waypoints_completed": 0, "tot_waypoints": 9}}
{"target": -8139.171380951502, "params": {"k_pid_pos": [2.0, 0.9817913770675659, 1.0], "k_pid_alt": [1.9148114919662476, 0.9889035224914551, 1.0], "k_pid_att": [0.0, 9.999999747378752e-05, 0.0], "k_pid_yaw": [0.5, 1e-06, 0.1], "k_pid_hsp": [9.139484405517578, 0.0, 0.0], "k_pid_vsp": [400.0, 400.0, 400.0]}, "datetime": {"datetime": "2025-08-12 13:03:44", "elapsed": 74303.66312289238, "delta": 29.875237703323364}, "costs": {"total_cost": 8139.171380951502, "time_cost": 150, "final_distance_cost": 988.0277591713888, "oscillation_cost": 14.848507843930149, "completition_cost": 1000.0, "overshoot_cost": 5849.389532932183, "power_cost": 44.508966174316406, "noise_cost": 92.39661482968344, "n_waypoints_completed": 0, "tot_waypoints": 9}}
{"target": -14047.950517761561, "params": {"k_pid_pos": [2.0, 0.9708959460258484, 0.9738277196884155], "k_pid_alt": [2.0, 0.9516922235488892, 1.0], "k_pid_att": [0.0, 9.999999747378752e-05, 0.0], "k_pid_yaw": [0.5, 1e-06, 0.1], "k_pid_hsp": [9.276436805725098, 0.0, 0.08436024188995361], "k_pid_vsp": [400.0, 400.0, 400.0]}, "datetime": {"datetime": "2025-08-12 13:04:14", "elapsed": 74334.218521595, "delta": 30.55539870262146}, "costs": {"total_cost": 14047.950517761561, "time_cost": 150, "final_distance_cost": 2652.290544014927, "oscillation_cost": 14.868426762982683, "completition_cost": 1000.0, "overshoot_cost": 10067.27636085045, "power_cost": 48.53490267333984, "noise_cost": 114.9802834598605, "n_waypoints_completed": 0, "tot_waypoints": 9}}
{"target": -1370.134187231531, "params": {"k_pid_pos": [2.0, 0.9691766500473022, 0.9764672517776489], "k_pid_alt": [2.0, 1.0, 1.0], "k_pid_att": [2.108895778656006, 0.4249063730239868, 0.0], "k_pid_yaw": [0.5, 1e-06, 0.1], "k_pid_hsp": [9.531003952026367, 0.0086764395236969, 0.0], "k_pid_vsp": [400.0, 379.677978515625, 400.0]}, "datetime": {"datetime": "2025-08-12 13:04:44", "elapsed": 74364.17725419998, "delta": 29.95873260498047}, "costs": {"total_cost": 1370.134187231531, "time_cost": 150, "final_distance_cost": 61.182391059533984, "oscillation_cost": 352.58829526584805, "completition_cost": 666.6666666666667, "overshoot_cost": 80.12582324869388, "power_cost": 32.34977482910156, "noise_cost": 27.22123616168683, "n_waypoints_completed": 3, "tot_waypoints": 9}}
{"target": -1281.6210824745003, "params": {"k_pid_pos": [2.0, 1.0, 0.9515115022659302], "k_pid_alt": [2.0, 1.0, 1.0], "k_pid_att": [7.205477237701416, 0.32714322209358215, 0.06632137298583984], "k_pid_yaw": [0.5, 1e-06, 0.1], "k_pid_hsp": [9.848804473876953, 0.04750710725784302, 0.09617507457733154], "k_pid_vsp": [400.0, 400.0, 400.0]}, "datetime": {"datetime": "2025-08-12 13:05:20", "elapsed": 74399.98230195045, "delta": 35.80504775047302}, "costs": {"total_cost": 1281.6210824745003, "time_cost": 150, "final_distance_cost": 45.79748451097635, "oscillation_cost": 405.1191601526295, "completition_cost": 555.5555555555555, "overshoot_cost": 62.69101807222555, "power_cost": 32.65022790527344, "noise_cost": 29.807636277839872, "n_waypoints_completed": 4, "tot_waypoints": 9}}
{"target": -7985.878727957407, "params": {"k_pid_pos": [1.8757007122039795, 1.0, 1.0], "k_pid_alt": [1.9582240581512451, 1.0, 0.9788616895675659], "k_pid_att": [0.0, 9.999999747378752e-05, 0.0], "k_pid_yaw": [0.5, 1e-06, 0.1], "k_pid_hsp": [10.0, 0.0, 0.08444824814796448], "k_pid_vsp": [388.7325439453125, 400.0, 374.3976135253906]}, "datetime": {"datetime": "2025-08-12 13:05:53", "elapsed": 74433.030159235, "delta": 33.0478572845459}, "costs": {"total_cost": 7985.878727957407, "time_cost": 150, "final_distance_cost": 830.9210964099196, "oscillation_cost": 14.901831711435124, "completition_cost": 1000.0, "overshoot_cost": 5855.402598964388, "power_cost": 46.05259268798828, "noise_cost": 88.6006081836771, "n_waypoints_completed": 0, "tot_waypoints": 9}}
{"target": -5040.100827082307, "params": {"k_pid_pos": [1.8027904033660889, 1.0, 1.0], "k_pid_alt": [2.0, 1.0, 0.9709797501564026], "k_pid_att": [0.0, 0.9828819632530212, 0.011799991130828857], "k_pid_yaw": [0.5, 1e-06, 0.1], "k_pid_hsp": [10.0, 0.0, 0.08781588077545166], "k_pid_vsp": [400.0, 400.0, 400.0]}, "datetime": {"datetime": "2025-08-12 13:06:23", "elapsed": 74462.93335604668, "delta": 29.903196811676025}, "costs": {"total_cost": 5040.100827082307, "time_cost": 150, "final_distance_cost": 407.1643820380956, "oscillation_cost": 1997.999825480946, "completition_cost": 1000.0, "overshoot_cost": 1253.4064597537918, "power_cost": 57.38540997314453, "noise_cost": 174.14474983632857, "n_waypoints_completed": 0, "tot_waypoints": 9}}
{"target": -8039.417857147942, "params": {"k_pid_pos": [1.8321648836135864, 1.0, 1.0], "k_pid_alt": [2.0, 1.0, 0.9418545365333557], "k_pid_att": [0.0, 9.999999747378752e-05, 0.0], "k_pid_yaw": [0.5, 1e-06, 0.1], "k_pid_hsp": [9.661561965942383, 0.0, 0.0], "k_pid_vsp": [399.2193603515625, 399.9654235839844, 389.1068115234375]}, "datetime": {"datetime": "2025-08-12 13:06:58", "elapsed": 74497.8688852787, "delta": 34.93552923202515}, "costs": {"total_cost": 8039.417857147942, "time_cost": 150, "final_distance_cost": 1091.4093360453119, "oscillation_cost": 14.941097347315697, "completition_cost": 1000.0, "overshoot_cost": 5650.978948707173, "power_cost": 44.4252251953125, "noise_cost": 87.66324985282992, "n_waypoints_completed": 0, "tot_waypoints": 9}}
{"target": -1147.129107834568, "params": {"k_pid_pos": [2.0, 0.9643210172653198, 0.9905953407287598], "k_pid_alt": [1.9921475648880005, 1.0, 1.0], "k_pid_att": [2.453979969024658, 1.0548559427261353, 0.0], "k_pid_yaw": [0.5, 1e-06, 0.1], "k_pid_hsp": [8.852225303649902, 0.0, 0.0], "k_pid_vsp": [400.0, 397.7057800292969, 400.0]}, "datetime": {"datetime": "2025-08-12 13:07:27", "elapsed": 74526.91057395935, "delta": 29.041688680648804}, "costs": {"total_cost": 1147.129107834568, "time_cost": 150, "final_distance_cost": 57.034980890417394, "oscillation_cost": 366.9764624443304, "completition_cost": 444.4444444444444, "overshoot_cost": 66.37921841564643, "power_cost": 33.154112927246096, "noise_cost": 29.139888712483238, "n_waypoints_completed": 5, "tot_waypoints": 9}}
{"target": -1664.0605535859474, "params": {"k_pid_pos": [2.0, 1.0, 1.0], "k_pid_alt": [1.9677910804748535, 0.953260064125061, 1.0], "k_pid_att": [1.6988128423690796, 9.999999747378752e-05, 0.009413659572601318], "k_pid_yaw": [0.5, 1e-06, 0.1], "k_pid_hsp": [9.790046691894531, 0.0, 0.0], "k_pid_vsp": [400.0, 382.7884216308594, 400.0]}, "datetime": {"datetime": "2025-08-12 13:07:59", "elapsed": 74558.3776781559, "delta": 31.467104196548462}, "costs": {"total_cost": 1664.0605535859474, "time_cost": 150, "final_distance_cost": 20.740803471199335, "oscillation_cost": 326.06160753430163, "completition_cost": 1000.0, "overshoot_cost": 110.08842958263278, "power_cost": 30.73066822509766, "noise_cost": 26.439044772715963, "n_waypoints_completed": 0, "tot_waypoints": 9}}
